<?xml version="1.0" encoding="UTF-8"?>
<testsuite xmlns:xsi="http://www.w3.org/2001/XMLSchema-instance" xsi:noNamespaceSchemaLocation="https://maven.apache.org/surefire/maven-surefire-plugin/xsd/surefire-test-report.xsd" name="org.apache.hadoop.ozone.client.rpc.Test2WayCommitInRatis" time="33.309" tests="1" errors="1" skipped="0" failures="0">
  <properties>
    <property name="awt.toolkit" value="sun.awt.X11.XToolkit"/>
    <property name="file.encoding.pkg" value="sun.io"/>
    <property name="java.specification.version" value="1.8"/>
    <property name="sun.cpu.isalist" value=""/>
    <property name="sun.jnu.encoding" value="UTF-8"/>
    <property name="java.class.path" value="/workdir/hadoop-ozone/integration-test/target/test-classes:/workdir/hadoop-ozone/integration-test/target/classes:/home/user/.m2/repository/org/apache/hadoop/hadoop-ozone-common/0.5.0-SNAPSHOT/hadoop-ozone-common-0.5.0-SNAPSHOT.jar:/home/user/.m2/repository/org/apache/commons/commons-compress/1.4.1/commons-compress-1.4.1.jar:/home/user/.m2/repository/org/tukaani/xz/1.0/xz-1.0.jar:/home/user/.m2/repository/org/apache/hadoop/hadoop-common/3.2.0/hadoop-common-3.2.0.jar:/home/user/.m2/repository/org/apache/hadoop/hadoop-hdfs/3.2.0/hadoop-hdfs-3.2.0.jar:/home/user/.m2/repository/org/apache/hadoop/hadoop-hdfs-client/3.2.0/hadoop-hdfs-client-3.2.0.jar:/home/user/.m2/repository/com/fasterxml/jackson/core/jackson-annotations/2.9.5/jackson-annotations-2.9.5.jar:/home/user/.m2/repository/org/apache/hadoop/hadoop-hdds-common/0.5.0-SNAPSHOT/hadoop-hdds-common-0.5.0-SNAPSHOT.jar:/home/user/.m2/repository/javax/annotation/javax.annotation-api/1.2/javax.annotation-api-1.2.jar:/home/user/.m2/repository/org/apache/ratis/ratis-server/0.4.0-2337318-SNAPSHOT/ratis-server-0.4.0-2337318-SNAPSHOT.jar:/home/user/.m2/repository/org/apache/ratis/ratis-thirdparty-misc/0.2.0/ratis-thirdparty-misc-0.2.0.jar:/home/user/.m2/repository/org/apache/ratis/ratis-proto/0.4.0-2337318-SNAPSHOT/ratis-proto-0.4.0-2337318-SNAPSHOT.jar:/home/user/.m2/repository/org/apache/ratis/ratis-common/0.4.0-2337318-SNAPSHOT/ratis-common-0.4.0-2337318-SNAPSHOT.jar:/home/user/.m2/repository/org/apache/ratis/ratis-client/0.4.0-2337318-SNAPSHOT/ratis-client-0.4.0-2337318-SNAPSHOT.jar:/home/user/.m2/repository/org/apache/ratis/ratis-metrics/0.4.0-2337318-SNAPSHOT/ratis-metrics-0.4.0-2337318-SNAPSHOT.jar:/home/user/.m2/repository/org/apache/ratis/ratis-netty/0.4.0-2337318-SNAPSHOT/ratis-netty-0.4.0-2337318-SNAPSHOT.jar:/home/user/.m2/repository/org/apache/ratis/ratis-grpc/0.4.0-2337318-SNAPSHOT/ratis-grpc-0.4.0-2337318-SNAPSHOT.jar:/home/user/.m2/repository/org/rocksdb/rocksdbjni/6.0.1/rocksdbjni-6.0.1.jar:/home/user/.m2/repository/org/apache/logging/log4j/log4j-api/2.11.0/log4j-api-2.11.0.jar:/home/user/.m2/repository/org/apache/logging/log4j/log4j-core/2.11.0/log4j-core-2.11.0.jar:/home/user/.m2/repository/com/lmax/disruptor/3.4.2/disruptor-3.4.2.jar:/home/user/.m2/repository/org/apache/commons/commons-pool2/2.6.0/commons-pool2-2.6.0.jar:/home/user/.m2/repository/org/bouncycastle/bcpkix-jdk15on/1.60/bcpkix-jdk15on-1.60.jar:/home/user/.m2/repository/commons-validator/commons-validator/1.6/commons-validator-1.6.jar:/home/user/.m2/repository/commons-digester/commons-digester/1.8.1/commons-digester-1.8.1.jar:/home/user/.m2/repository/io/jaegertracing/jaeger-client/0.33.1/jaeger-client-0.33.1.jar:/home/user/.m2/repository/io/jaegertracing/jaeger-thrift/0.33.1/jaeger-thrift-0.33.1.jar:/home/user/.m2/repository/org/apache/thrift/libthrift/0.11.0/libthrift-0.11.0.jar:/home/user/.m2/repository/com/squareup/okhttp3/okhttp/3.9.0/okhttp-3.9.0.jar:/home/user/.m2/repository/com/squareup/okio/okio/1.13.0/okio-1.13.0.jar:/home/user/.m2/repository/io/jaegertracing/jaeger-core/0.33.1/jaeger-core-0.33.1.jar:/home/user/.m2/repository/io/jaegertracing/jaeger-tracerresolver/0.33.1/jaeger-tracerresolver-0.33.1.jar:/home/user/.m2/repository/io/opentracing/contrib/opentracing-tracerresolver/0.1.5/opentracing-tracerresolver-0.1.5.jar:/home/user/.m2/repository/io/opentracing/opentracing-util/0.31.0/opentracing-util-0.31.0.jar:/home/user/.m2/repository/io/opentracing/opentracing-api/0.31.0/opentracing-api-0.31.0.jar:/home/user/.m2/repository/io/opentracing/opentracing-noop/0.31.0/opentracing-noop-0.31.0.jar:/home/user/.m2/repository/org/apache/hadoop/hadoop-hdds-server-framework/0.5.0-SNAPSHOT/hadoop-hdds-server-framework-0.5.0-SNAPSHOT.jar:/home/user/.m2/repository/org/apache/hadoop/hadoop-hdds-container-service/0.5.0-SNAPSHOT/hadoop-hdds-container-service-0.5.0-SNAPSHOT.jar:/home/user/.m2/repository/org/apache/hadoop/hadoop-hdds-client/0.5.0-SNAPSHOT/hadoop-hdds-client-0.5.0-SNAPSHOT.jar:/home/user/.m2/repository/org/apache/hadoop/hadoop-hdds-tools/0.5.0-SNAPSHOT/hadoop-hdds-tools-0.5.0-SNAPSHOT.jar:/home/user/.m2/repository/org/apache/hadoop/hadoop-hdds-server-scm/0.5.0-SNAPSHOT/hadoop-hdds-server-scm-0.5.0-SNAPSHOT.jar:/home/user/.m2/repository/org/apache/hadoop/hadoop-hdds-docs/0.5.0-SNAPSHOT/hadoop-hdds-docs-0.5.0-SNAPSHOT.jar:/home/user/.m2/repository/com/sun/xml/bind/jaxb-impl/2.3.0.1/jaxb-impl-2.3.0.1.jar:/home/user/.m2/repository/com/sun/xml/bind/jaxb-core/2.3.0.1/jaxb-core-2.3.0.1.jar:/home/user/.m2/repository/javax/xml/bind/jaxb-api/2.3.0/jaxb-api-2.3.0.jar:/home/user/.m2/repository/javax/activation/activation/1.1.1/activation-1.1.1.jar:/home/user/.m2/repository/io/dropwizard/metrics/metrics-core/3.2.4/metrics-core-3.2.4.jar:/home/user/.m2/repository/org/hamcrest/hamcrest-all/1.3/hamcrest-all-1.3.jar:/home/user/.m2/repository/org/bouncycastle/bcprov-jdk15on/1.60/bcprov-jdk15on-1.60.jar:/home/user/.m2/repository/info/picocli/picocli/3.9.6/picocli-3.9.6.jar:/home/user/.m2/repository/com/google/protobuf/protobuf-java/2.5.0/protobuf-java-2.5.0.jar:/home/user/.m2/repository/com/google/guava/guava/11.0.2/guava-11.0.2.jar:/home/user/.m2/repository/org/apache/hadoop/hadoop-ozone-ozone-manager/0.5.0-SNAPSHOT/hadoop-ozone-ozone-manager-0.5.0-SNAPSHOT.jar:/home/user/.m2/repository/org/apache/hadoop/hadoop-minikdc/3.2.0/hadoop-minikdc-3.2.0.jar:/home/user/.m2/repository/commons-io/commons-io/2.5/commons-io-2.5.jar:/home/user/.m2/repository/org/apache/kerby/kerb-simplekdc/1.0.1/kerb-simplekdc-1.0.1.jar:/home/user/.m2/repository/org/apache/kerby/kerb-client/1.0.1/kerb-client-1.0.1.jar:/home/user/.m2/repository/org/apache/kerby/kerby-config/1.0.1/kerby-config-1.0.1.jar:/home/user/.m2/repository/org/apache/kerby/kerb-core/1.0.1/kerb-core-1.0.1.jar:/home/user/.m2/repository/org/apache/kerby/kerby-pkix/1.0.1/kerby-pkix-1.0.1.jar:/home/user/.m2/repository/org/apache/kerby/kerby-asn1/1.0.1/kerby-asn1-1.0.1.jar:/home/user/.m2/repository/org/apache/kerby/kerby-util/1.0.1/kerby-util-1.0.1.jar:/home/user/.m2/repository/org/apache/kerby/kerb-common/1.0.1/kerb-common-1.0.1.jar:/home/user/.m2/repository/org/apache/kerby/kerb-crypto/1.0.1/kerb-crypto-1.0.1.jar:/home/user/.m2/repository/org/apache/kerby/kerb-util/1.0.1/kerb-util-1.0.1.jar:/home/user/.m2/repository/org/apache/kerby/token-provider/1.0.1/token-provider-1.0.1.jar:/home/user/.m2/repository/org/apache/kerby/kerb-admin/1.0.1/kerb-admin-1.0.1.jar:/home/user/.m2/repository/org/apache/kerby/kerb-server/1.0.1/kerb-server-1.0.1.jar:/home/user/.m2/repository/org/apache/kerby/kerb-identity/1.0.1/kerb-identity-1.0.1.jar:/home/user/.m2/repository/org/apache/kerby/kerby-xdr/1.0.1/kerby-xdr-1.0.1.jar:/home/user/.m2/repository/org/slf4j/slf4j-log4j12/1.7.25/slf4j-log4j12-1.7.25.jar:/home/user/.m2/repository/org/apache/hadoop/hadoop-ozone-s3gateway/0.5.0-SNAPSHOT/hadoop-ozone-s3gateway-0.5.0-SNAPSHOT.jar:/home/user/.m2/repository/org/jboss/weld/servlet/weld-servlet/2.4.7.Final/weld-servlet-2.4.7.Final.jar:/home/user/.m2/repository/org/glassfish/jersey/containers/jersey-container-servlet-core/2.27/jersey-container-servlet-core-2.27.jar:/home/user/.m2/repository/org/glassfish/hk2/external/javax.inject/2.5.0-b42/javax.inject-2.5.0-b42.jar:/home/user/.m2/repository/org/glassfish/jersey/core/jersey-common/2.27/jersey-common-2.27.jar:/home/user/.m2/repository/org/glassfish/hk2/osgi-resource-locator/1.0.1/osgi-resource-locator-1.0.1.jar:/home/user/.m2/repository/javax/ws/rs/javax.ws.rs-api/2.1/javax.ws.rs-api-2.1.jar:/home/user/.m2/repository/org/glassfish/jersey/ext/cdi/jersey-cdi1x/2.27/jersey-cdi1x-2.27.jar:/home/user/.m2/repository/org/glassfish/jersey/inject/jersey-hk2/2.27/jersey-hk2-2.27.jar:/home/user/.m2/repository/org/glassfish/hk2/hk2-locator/2.5.0-b42/hk2-locator-2.5.0-b42.jar:/home/user/.m2/repository/org/javassist/javassist/3.22.0-CR2/javassist-3.22.0-CR2.jar:/home/user/.m2/repository/org/glassfish/hk2/hk2-api/2.5.0/hk2-api-2.5.0.jar:/home/user/.m2/repository/org/glassfish/hk2/external/jakarta.inject/2.5.0/jakarta.inject-2.5.0.jar:/home/user/.m2/repository/org/glassfish/hk2/hk2-utils/2.5.0/hk2-utils-2.5.0.jar:/home/user/.m2/repository/jakarta/annotation/jakarta.annotation-api/1.3.4/jakarta.annotation-api-1.3.4.jar:/home/user/.m2/repository/org/glassfish/hk2/external/aopalliance-repackaged/2.5.0/aopalliance-repackaged-2.5.0.jar:/home/user/.m2/repository/com/fasterxml/jackson/dataformat/jackson-dataformat-xml/2.9.0/jackson-dataformat-xml-2.9.0.jar:/home/user/.m2/repository/com/fasterxml/jackson/core/jackson-core/2.9.5/jackson-core-2.9.5.jar:/home/user/.m2/repository/com/fasterxml/jackson/module/jackson-module-jaxb-annotations/2.9.5/jackson-module-jaxb-annotations-2.9.5.jar:/home/user/.m2/repository/javax/enterprise/cdi-api/1.2/cdi-api-1.2.jar:/home/user/.m2/repository/javax/el/javax.el-api/3.0.0/javax.el-api-3.0.0.jar:/home/user/.m2/repository/javax/interceptor/javax.interceptor-api/1.2/javax.interceptor-api-1.2.jar:/home/user/.m2/repository/javax/inject/javax.inject/1/javax.inject-1.jar:/home/user/.m2/repository/org/apache/hadoop/hadoop-ozone-csi/0.5.0-SNAPSHOT/hadoop-ozone-csi-0.5.0-SNAPSHOT.jar:/home/user/.m2/repository/com/google/protobuf/protobuf-java-util/3.5.1/protobuf-java-util-3.5.1.jar:/home/user/.m2/repository/org/apache/hadoop/hadoop-hdds-config/0.5.0-SNAPSHOT/hadoop-hdds-config-0.5.0-SNAPSHOT.jar:/home/user/.m2/repository/io/grpc/grpc-netty/1.17.1/grpc-netty-1.17.1.jar:/home/user/.m2/repository/io/grpc/grpc-core/1.17.1/grpc-core-1.17.1.jar:/home/user/.m2/repository/io/grpc/grpc-context/1.17.1/grpc-context-1.17.1.jar:/home/user/.m2/repository/com/google/errorprone/error_prone_annotations/2.2.0/error_prone_annotations-2.2.0.jar:/home/user/.m2/repository/org/codehaus/mojo/animal-sniffer-annotations/1.17/animal-sniffer-annotations-1.17.jar:/home/user/.m2/repository/io/opencensus/opencensus-api/0.17.0/opencensus-api-0.17.0.jar:/home/user/.m2/repository/io/opencensus/opencensus-contrib-grpc-metrics/0.17.0/opencensus-contrib-grpc-metrics-0.17.0.jar:/home/user/.m2/repository/io/netty/netty-codec-http2/4.1.30.Final/netty-codec-http2-4.1.30.Final.jar:/home/user/.m2/repository/io/netty/netty-codec-http/4.1.30.Final/netty-codec-http-4.1.30.Final.jar:/home/user/.m2/repository/io/netty/netty-codec/4.1.30.Final/netty-codec-4.1.30.Final.jar:/home/user/.m2/repository/io/netty/netty-handler/4.1.30.Final/netty-handler-4.1.30.Final.jar:/home/user/.m2/repository/io/netty/netty-handler-proxy/4.1.30.Final/netty-handler-proxy-4.1.30.Final.jar:/home/user/.m2/repository/io/netty/netty-codec-socks/4.1.30.Final/netty-codec-socks-4.1.30.Final.jar:/home/user/.m2/repository/io/netty/netty-transport-native-epoll/4.1.30.Final/netty-transport-native-epoll-4.1.30.Final.jar:/home/user/.m2/repository/io/netty/netty-common/4.1.30.Final/netty-common-4.1.30.Final.jar:/home/user/.m2/repository/io/netty/netty-buffer/4.1.30.Final/netty-buffer-4.1.30.Final.jar:/home/user/.m2/repository/io/netty/netty-transport/4.1.30.Final/netty-transport-4.1.30.Final.jar:/home/user/.m2/repository/io/netty/netty-resolver/4.1.30.Final/netty-resolver-4.1.30.Final.jar:/home/user/.m2/repository/io/netty/netty-transport-native-unix-common/4.1.30.Final/netty-transport-native-unix-common-4.1.30.Final.jar:/home/user/.m2/repository/io/grpc/grpc-protobuf/1.17.1/grpc-protobuf-1.17.1.jar:/home/user/.m2/repository/com/google/api/grpc/proto-google-common-protos/1.0.0/proto-google-common-protos-1.0.0.jar:/home/user/.m2/repository/io/grpc/grpc-protobuf-lite/1.17.1/grpc-protobuf-lite-1.17.1.jar:/home/user/.m2/repository/io/grpc/grpc-stub/1.17.1/grpc-stub-1.17.1.jar:/home/user/.m2/repository/org/apache/hadoop/hadoop-ozone-recon/0.5.0-SNAPSHOT/hadoop-ozone-recon-0.5.0-SNAPSHOT.jar:/home/user/.m2/repository/org/apache/hadoop/hadoop-ozone-reconcodegen/0.5.0-SNAPSHOT/hadoop-ozone-reconcodegen-0.5.0-SNAPSHOT.jar:/home/user/.m2/repository/com/google/inject/extensions/guice-multibindings/4.0/guice-multibindings-4.0.jar:/home/user/.m2/repository/com/google/inject/guice/4.0/guice-4.0.jar:/home/user/.m2/repository/aopalliance/aopalliance/1.0/aopalliance-1.0.jar:/home/user/.m2/repository/com/google/inject/extensions/guice-servlet/4.0/guice-servlet-4.0.jar:/home/user/.m2/repository/org/glassfish/jersey/containers/jersey-container-servlet/2.27/jersey-container-servlet-2.27.jar:/home/user/.m2/repository/org/glassfish/hk2/guice-bridge/2.5.0/guice-bridge-2.5.0.jar:/home/user/.m2/repository/org/glassfish/jersey/core/jersey-server/2.27/jersey-server-2.27.jar:/home/user/.m2/repository/org/glassfish/jersey/core/jersey-client/2.27/jersey-client-2.27.jar:/home/user/.m2/repository/org/glassfish/jersey/media/jersey-media-jaxb/2.27/jersey-media-jaxb-2.27.jar:/home/user/.m2/repository/javax/validation/validation-api/1.1.0.Final/validation-api-1.1.0.Final.jar:/home/user/.m2/repository/org/glassfish/jersey/media/jersey-media-json-jackson/2.27/jersey-media-json-jackson-2.27.jar:/home/user/.m2/repository/org/glassfish/jersey/ext/jersey-entity-filtering/2.27/jersey-entity-filtering-2.27.jar:/home/user/.m2/repository/com/google/inject/extensions/guice-assistedinject/4.0/guice-assistedinject-4.0.jar:/home/user/.m2/repository/org/jooq/jooq/3.11.10/jooq-3.11.10.jar:/home/user/.m2/repository/org/jooq/jooq-meta/3.11.10/jooq-meta-3.11.10.jar:/home/user/.m2/repository/org/jooq/jooq-codegen/3.11.10/jooq-codegen-3.11.10.jar:/home/user/.m2/repository/com/jolbox/bonecp/0.8.0.RELEASE/bonecp-0.8.0.RELEASE.jar:/home/user/.m2/repository/org/xerial/sqlite-jdbc/3.25.2/sqlite-jdbc-3.25.2.jar:/home/user/.m2/repository/org/springframework/spring-jdbc/5.1.3.RELEASE/spring-jdbc-5.1.3.RELEASE.jar:/home/user/.m2/repository/org/springframework/spring-beans/5.1.3.RELEASE/spring-beans-5.1.3.RELEASE.jar:/home/user/.m2/repository/org/springframework/spring-core/5.1.3.RELEASE/spring-core-5.1.3.RELEASE.jar:/home/user/.m2/repository/org/springframework/spring-jcl/5.1.3.RELEASE/spring-jcl-5.1.3.RELEASE.jar:/home/user/.m2/repository/org/springframework/spring-tx/5.1.3.RELEASE/spring-tx-5.1.3.RELEASE.jar:/home/user/.m2/repository/org/apache/hadoop/hadoop-ozone-client/0.5.0-SNAPSHOT/hadoop-ozone-client-0.5.0-SNAPSHOT.jar:/home/user/.m2/repository/commons-lang/commons-lang/2.6/commons-lang-2.6.jar:/home/user/.m2/repository/org/apache/hadoop/hadoop-ozone-ozone-manager/0.5.0-SNAPSHOT/hadoop-ozone-ozone-manager-0.5.0-SNAPSHOT-tests.jar:/home/user/.m2/repository/junit/junit/4.11/junit-4.11.jar:/home/user/.m2/repository/org/hamcrest/hamcrest-core/1.3/hamcrest-core-1.3.jar:/home/user/.m2/repository/org/openjdk/jmh/jmh-core/1.19/jmh-core-1.19.jar:/home/user/.m2/repository/net/sf/jopt-simple/jopt-simple/4.6/jopt-simple-4.6.jar:/home/user/.m2/repository/org/apache/commons/commons-math3/3.1.1/commons-math3-3.1.1.jar:/home/user/.m2/repository/org/openjdk/jmh/jmh-generator-annprocess/1.19/jmh-generator-annprocess-1.19.jar:/home/user/.m2/repository/org/mockito/mockito-all/1.8.5/mockito-all-1.8.5.jar:/home/user/.m2/repository/org/apache/hadoop/hadoop-kms/3.2.0/hadoop-kms-3.2.0.jar:/home/user/.m2/repository/org/apache/hadoop/hadoop-auth/3.2.0/hadoop-auth-3.2.0.jar:/home/user/.m2/repository/com/nimbusds/nimbus-jose-jwt/4.41.1/nimbus-jose-jwt-4.41.1.jar:/home/user/.m2/repository/com/github/stephenc/jcip/jcip-annotations/1.0-1/jcip-annotations-1.0-1.jar:/home/user/.m2/repository/net/minidev/json-smart/2.3/json-smart-2.3.jar:/home/user/.m2/repository/net/minidev/accessors-smart/1.2/accessors-smart-1.2.jar:/home/user/.m2/repository/org/ow2/asm/asm/5.0.4/asm-5.0.4.jar:/home/user/.m2/repository/org/apache/curator/curator-framework/2.12.0/curator-framework-2.12.0.jar:/home/user/.m2/repository/com/sun/jersey/jersey-core/1.19/jersey-core-1.19.jar:/home/user/.m2/repository/javax/ws/rs/jsr311-api/1.1.1/jsr311-api-1.1.1.jar:/home/user/.m2/repository/com/sun/jersey/jersey-server/1.19/jersey-server-1.19.jar:/home/user/.m2/repository/javax/servlet/javax.servlet-api/3.1.0/javax.servlet-api-3.1.0.jar:/home/user/.m2/repository/org/eclipse/jetty/jetty-server/9.3.24.v20180605/jetty-server-9.3.24.v20180605.jar:/home/user/.m2/repository/org/eclipse/jetty/jetty-http/9.3.24.v20180605/jetty-http-9.3.24.v20180605.jar:/home/user/.m2/repository/org/eclipse/jetty/jetty-io/9.3.24.v20180605/jetty-io-9.3.24.v20180605.jar:/home/user/.m2/repository/org/eclipse/jetty/jetty-webapp/9.3.24.v20180605/jetty-webapp-9.3.24.v20180605.jar:/home/user/.m2/repository/org/eclipse/jetty/jetty-xml/9.3.24.v20180605/jetty-xml-9.3.24.v20180605.jar:/home/user/.m2/repository/log4j/log4j/1.2.17/log4j-1.2.17.jar:/home/user/.m2/repository/org/slf4j/slf4j-api/1.7.25/slf4j-api-1.7.25.jar:/home/user/.m2/repository/org/slf4j/jul-to-slf4j/1.7.25/jul-to-slf4j-1.7.25.jar:/home/user/.m2/repository/org/eclipse/jetty/jetty-util/9.3.24.v20180605/jetty-util-9.3.24.v20180605.jar:/home/user/.m2/repository/com/fasterxml/jackson/core/jackson-databind/2.9.5/jackson-databind-2.9.5.jar:/home/user/.m2/repository/org/apache/hadoop/hadoop-kms/3.2.0/hadoop-kms-3.2.0-tests.jar:/home/user/.m2/repository/org/apache/hadoop/hadoop-hdds-server-scm/0.5.0-SNAPSHOT/hadoop-hdds-server-scm-0.5.0-SNAPSHOT-tests.jar:/home/user/.m2/repository/org/apache/hadoop/hadoop-hdds-container-service/0.5.0-SNAPSHOT/hadoop-hdds-container-service-0.5.0-SNAPSHOT-tests.jar:/home/user/.m2/repository/org/yaml/snakeyaml/1.16/snakeyaml-1.16.jar:/home/user/.m2/repository/org/apache/hadoop/hadoop-common/3.2.0/hadoop-common-3.2.0-tests.jar:/home/user/.m2/repository/org/apache/hadoop/hadoop-annotations/3.2.0/hadoop-annotations-3.2.0.jar:/usr/lib/jvm/java-1.8-openjdk/jre/../lib/tools.jar:/home/user/.m2/repository/commons-cli/commons-cli/1.2/commons-cli-1.2.jar:/home/user/.m2/repository/org/apache/httpcomponents/httpclient/4.5.2/httpclient-4.5.2.jar:/home/user/.m2/repository/org/apache/httpcomponents/httpcore/4.4.4/httpcore-4.4.4.jar:/home/user/.m2/repository/commons-codec/commons-codec/1.11/commons-codec-1.11.jar:/home/user/.m2/repository/commons-net/commons-net/3.6/commons-net-3.6.jar:/home/user/.m2/repository/commons-collections/commons-collections/3.2.2/commons-collections-3.2.2.jar:/home/user/.m2/repository/org/eclipse/jetty/jetty-servlet/9.3.24.v20180605/jetty-servlet-9.3.24.v20180605.jar:/home/user/.m2/repository/org/eclipse/jetty/jetty-security/9.3.24.v20180605/jetty-security-9.3.24.v20180605.jar:/home/user/.m2/repository/javax/servlet/jsp/jsp-api/2.1/jsp-api-2.1.jar:/home/user/.m2/repository/com/sun/jersey/jersey-servlet/1.19/jersey-servlet-1.19.jar:/home/user/.m2/repository/com/sun/jersey/jersey-json/1.19/jersey-json-1.19.jar:/home/user/.m2/repository/org/codehaus/jettison/jettison/1.1/jettison-1.1.jar:/home/user/.m2/repository/org/codehaus/jackson/jackson-core-asl/1.9.13/jackson-core-asl-1.9.13.jar:/home/user/.m2/repository/org/codehaus/jackson/jackson-mapper-asl/1.9.13/jackson-mapper-asl-1.9.13.jar:/home/user/.m2/repository/org/codehaus/jackson/jackson-jaxrs/1.9.13/jackson-jaxrs-1.9.13.jar:/home/user/.m2/repository/org/codehaus/jackson/jackson-xc/1.9.13/jackson-xc-1.9.13.jar:/home/user/.m2/repository/commons-logging/commons-logging/1.1.3/commons-logging-1.1.3.jar:/home/user/.m2/repository/commons-beanutils/commons-beanutils/1.9.3/commons-beanutils-1.9.3.jar:/home/user/.m2/repository/org/apache/commons/commons-configuration2/2.1.1/commons-configuration2-2.1.1.jar:/home/user/.m2/repository/org/apache/commons/commons-lang3/3.7/commons-lang3-3.7.jar:/home/user/.m2/repository/org/apache/commons/commons-text/1.4/commons-text-1.4.jar:/home/user/.m2/repository/org/apache/avro/avro/1.7.7/avro-1.7.7.jar:/home/user/.m2/repository/com/thoughtworks/paranamer/paranamer/2.3/paranamer-2.3.jar:/home/user/.m2/repository/org/xerial/snappy/snappy-java/1.0.5/snappy-java-1.0.5.jar:/home/user/.m2/repository/com/google/re2j/re2j/1.1/re2j-1.1.jar:/home/user/.m2/repository/com/google/code/gson/gson/2.2.4/gson-2.2.4.jar:/home/user/.m2/repository/com/jcraft/jsch/0.1.54/jsch-0.1.54.jar:/home/user/.m2/repository/org/apache/curator/curator-client/2.12.0/curator-client-2.12.0.jar:/home/user/.m2/repository/org/apache/curator/curator-recipes/2.12.0/curator-recipes-2.12.0.jar:/home/user/.m2/repository/com/google/code/findbugs/jsr305/3.0.0/jsr305-3.0.0.jar:/home/user/.m2/repository/org/apache/htrace/htrace-core4/4.1.0-incubating/htrace-core4-4.1.0-incubating.jar:/home/user/.m2/repository/org/apache/zookeeper/zookeeper/3.4.13/zookeeper-3.4.13.jar:/home/user/.m2/repository/org/apache/yetus/audience-annotations/0.5.0/audience-annotations-0.5.0.jar:/home/user/.m2/repository/org/codehaus/woodstox/stax2-api/3.1.4/stax2-api-3.1.4.jar:/home/user/.m2/repository/com/fasterxml/woodstox/woodstox-core/5.0.3/woodstox-core-5.0.3.jar:/home/user/.m2/repository/dnsjava/dnsjava/2.1.7/dnsjava-2.1.7.jar:/home/user/.m2/repository/org/apache/hadoop/hadoop-hdfs/3.2.0/hadoop-hdfs-3.2.0-tests.jar:/home/user/.m2/repository/org/eclipse/jetty/jetty-util-ajax/9.3.24.v20180605/jetty-util-ajax-9.3.24.v20180605.jar:/home/user/.m2/repository/commons-daemon/commons-daemon/1.0.13/commons-daemon-1.0.13.jar:/home/user/.m2/repository/io/netty/netty/3.10.5.Final/netty-3.10.5.Final.jar:/home/user/.m2/repository/io/netty/netty-all/4.0.52.Final/netty-all-4.0.52.Final.jar:/home/user/.m2/repository/org/fusesource/leveldbjni/leveldbjni-all/1.8/leveldbjni-all-1.8.jar:"/>
    <property name="java.vm.vendor" value="IcedTea"/>
    <property name="sun.arch.data.model" value="64"/>
    <property name="test.build.dir" value="/workdir/hadoop-ozone/integration-test/target/test-dir"/>
    <property name="test.cache.data" value=""/>
    <property name="java.vendor.url" value="https://icedtea.classpath.org"/>
    <property name="user.timezone" value=""/>
    <property name="java.vm.specification.version" value="1.8"/>
    <property name="os.name" value="Linux"/>
    <property name="test.build.data" value="/workdir/hadoop-ozone/integration-test/target/test-dir"/>
    <property name="user.country" value="US"/>
    <property name="sun.java.launcher" value="SUN_STANDARD"/>
    <property name="sun.boot.library.path" value="/usr/lib/jvm/java-1.8-openjdk/jre/lib/amd64"/>
    <property name="sun.java.command" value="/workdir/hadoop-ozone/integration-test/target/surefire/surefirebooter2041491725761927198.jar /workdir/hadoop-ozone/integration-test/target/surefire 2019-08-28T22-06-36_103-jvmRun1 surefire1667837757416895274tmp surefire_151034710198329547455tmp"/>
    <property name="test" value="!TestMiniChaosOzoneCluster"/>
    <property name="surefire.test.class.path" value="/workdir/hadoop-ozone/integration-test/target/test-classes:/workdir/hadoop-ozone/integration-test/target/classes:/home/user/.m2/repository/org/apache/hadoop/hadoop-ozone-common/0.5.0-SNAPSHOT/hadoop-ozone-common-0.5.0-SNAPSHOT.jar:/home/user/.m2/repository/org/apache/commons/commons-compress/1.4.1/commons-compress-1.4.1.jar:/home/user/.m2/repository/org/tukaani/xz/1.0/xz-1.0.jar:/home/user/.m2/repository/org/apache/hadoop/hadoop-common/3.2.0/hadoop-common-3.2.0.jar:/home/user/.m2/repository/org/apache/hadoop/hadoop-hdfs/3.2.0/hadoop-hdfs-3.2.0.jar:/home/user/.m2/repository/org/apache/hadoop/hadoop-hdfs-client/3.2.0/hadoop-hdfs-client-3.2.0.jar:/home/user/.m2/repository/com/fasterxml/jackson/core/jackson-annotations/2.9.5/jackson-annotations-2.9.5.jar:/home/user/.m2/repository/org/apache/hadoop/hadoop-hdds-common/0.5.0-SNAPSHOT/hadoop-hdds-common-0.5.0-SNAPSHOT.jar:/home/user/.m2/repository/javax/annotation/javax.annotation-api/1.2/javax.annotation-api-1.2.jar:/home/user/.m2/repository/org/apache/ratis/ratis-server/0.4.0-2337318-SNAPSHOT/ratis-server-0.4.0-2337318-SNAPSHOT.jar:/home/user/.m2/repository/org/apache/ratis/ratis-thirdparty-misc/0.2.0/ratis-thirdparty-misc-0.2.0.jar:/home/user/.m2/repository/org/apache/ratis/ratis-proto/0.4.0-2337318-SNAPSHOT/ratis-proto-0.4.0-2337318-SNAPSHOT.jar:/home/user/.m2/repository/org/apache/ratis/ratis-common/0.4.0-2337318-SNAPSHOT/ratis-common-0.4.0-2337318-SNAPSHOT.jar:/home/user/.m2/repository/org/apache/ratis/ratis-client/0.4.0-2337318-SNAPSHOT/ratis-client-0.4.0-2337318-SNAPSHOT.jar:/home/user/.m2/repository/org/apache/ratis/ratis-metrics/0.4.0-2337318-SNAPSHOT/ratis-metrics-0.4.0-2337318-SNAPSHOT.jar:/home/user/.m2/repository/org/apache/ratis/ratis-netty/0.4.0-2337318-SNAPSHOT/ratis-netty-0.4.0-2337318-SNAPSHOT.jar:/home/user/.m2/repository/org/apache/ratis/ratis-grpc/0.4.0-2337318-SNAPSHOT/ratis-grpc-0.4.0-2337318-SNAPSHOT.jar:/home/user/.m2/repository/org/rocksdb/rocksdbjni/6.0.1/rocksdbjni-6.0.1.jar:/home/user/.m2/repository/org/apache/logging/log4j/log4j-api/2.11.0/log4j-api-2.11.0.jar:/home/user/.m2/repository/org/apache/logging/log4j/log4j-core/2.11.0/log4j-core-2.11.0.jar:/home/user/.m2/repository/com/lmax/disruptor/3.4.2/disruptor-3.4.2.jar:/home/user/.m2/repository/org/apache/commons/commons-pool2/2.6.0/commons-pool2-2.6.0.jar:/home/user/.m2/repository/org/bouncycastle/bcpkix-jdk15on/1.60/bcpkix-jdk15on-1.60.jar:/home/user/.m2/repository/commons-validator/commons-validator/1.6/commons-validator-1.6.jar:/home/user/.m2/repository/commons-digester/commons-digester/1.8.1/commons-digester-1.8.1.jar:/home/user/.m2/repository/io/jaegertracing/jaeger-client/0.33.1/jaeger-client-0.33.1.jar:/home/user/.m2/repository/io/jaegertracing/jaeger-thrift/0.33.1/jaeger-thrift-0.33.1.jar:/home/user/.m2/repository/org/apache/thrift/libthrift/0.11.0/libthrift-0.11.0.jar:/home/user/.m2/repository/com/squareup/okhttp3/okhttp/3.9.0/okhttp-3.9.0.jar:/home/user/.m2/repository/com/squareup/okio/okio/1.13.0/okio-1.13.0.jar:/home/user/.m2/repository/io/jaegertracing/jaeger-core/0.33.1/jaeger-core-0.33.1.jar:/home/user/.m2/repository/io/jaegertracing/jaeger-tracerresolver/0.33.1/jaeger-tracerresolver-0.33.1.jar:/home/user/.m2/repository/io/opentracing/contrib/opentracing-tracerresolver/0.1.5/opentracing-tracerresolver-0.1.5.jar:/home/user/.m2/repository/io/opentracing/opentracing-util/0.31.0/opentracing-util-0.31.0.jar:/home/user/.m2/repository/io/opentracing/opentracing-api/0.31.0/opentracing-api-0.31.0.jar:/home/user/.m2/repository/io/opentracing/opentracing-noop/0.31.0/opentracing-noop-0.31.0.jar:/home/user/.m2/repository/org/apache/hadoop/hadoop-hdds-server-framework/0.5.0-SNAPSHOT/hadoop-hdds-server-framework-0.5.0-SNAPSHOT.jar:/home/user/.m2/repository/org/apache/hadoop/hadoop-hdds-container-service/0.5.0-SNAPSHOT/hadoop-hdds-container-service-0.5.0-SNAPSHOT.jar:/home/user/.m2/repository/org/apache/hadoop/hadoop-hdds-client/0.5.0-SNAPSHOT/hadoop-hdds-client-0.5.0-SNAPSHOT.jar:/home/user/.m2/repository/org/apache/hadoop/hadoop-hdds-tools/0.5.0-SNAPSHOT/hadoop-hdds-tools-0.5.0-SNAPSHOT.jar:/home/user/.m2/repository/org/apache/hadoop/hadoop-hdds-server-scm/0.5.0-SNAPSHOT/hadoop-hdds-server-scm-0.5.0-SNAPSHOT.jar:/home/user/.m2/repository/org/apache/hadoop/hadoop-hdds-docs/0.5.0-SNAPSHOT/hadoop-hdds-docs-0.5.0-SNAPSHOT.jar:/home/user/.m2/repository/com/sun/xml/bind/jaxb-impl/2.3.0.1/jaxb-impl-2.3.0.1.jar:/home/user/.m2/repository/com/sun/xml/bind/jaxb-core/2.3.0.1/jaxb-core-2.3.0.1.jar:/home/user/.m2/repository/javax/xml/bind/jaxb-api/2.3.0/jaxb-api-2.3.0.jar:/home/user/.m2/repository/javax/activation/activation/1.1.1/activation-1.1.1.jar:/home/user/.m2/repository/io/dropwizard/metrics/metrics-core/3.2.4/metrics-core-3.2.4.jar:/home/user/.m2/repository/org/hamcrest/hamcrest-all/1.3/hamcrest-all-1.3.jar:/home/user/.m2/repository/org/bouncycastle/bcprov-jdk15on/1.60/bcprov-jdk15on-1.60.jar:/home/user/.m2/repository/info/picocli/picocli/3.9.6/picocli-3.9.6.jar:/home/user/.m2/repository/com/google/protobuf/protobuf-java/2.5.0/protobuf-java-2.5.0.jar:/home/user/.m2/repository/com/google/guava/guava/11.0.2/guava-11.0.2.jar:/home/user/.m2/repository/org/apache/hadoop/hadoop-ozone-ozone-manager/0.5.0-SNAPSHOT/hadoop-ozone-ozone-manager-0.5.0-SNAPSHOT.jar:/home/user/.m2/repository/org/apache/hadoop/hadoop-minikdc/3.2.0/hadoop-minikdc-3.2.0.jar:/home/user/.m2/repository/commons-io/commons-io/2.5/commons-io-2.5.jar:/home/user/.m2/repository/org/apache/kerby/kerb-simplekdc/1.0.1/kerb-simplekdc-1.0.1.jar:/home/user/.m2/repository/org/apache/kerby/kerb-client/1.0.1/kerb-client-1.0.1.jar:/home/user/.m2/repository/org/apache/kerby/kerby-config/1.0.1/kerby-config-1.0.1.jar:/home/user/.m2/repository/org/apache/kerby/kerb-core/1.0.1/kerb-core-1.0.1.jar:/home/user/.m2/repository/org/apache/kerby/kerby-pkix/1.0.1/kerby-pkix-1.0.1.jar:/home/user/.m2/repository/org/apache/kerby/kerby-asn1/1.0.1/kerby-asn1-1.0.1.jar:/home/user/.m2/repository/org/apache/kerby/kerby-util/1.0.1/kerby-util-1.0.1.jar:/home/user/.m2/repository/org/apache/kerby/kerb-common/1.0.1/kerb-common-1.0.1.jar:/home/user/.m2/repository/org/apache/kerby/kerb-crypto/1.0.1/kerb-crypto-1.0.1.jar:/home/user/.m2/repository/org/apache/kerby/kerb-util/1.0.1/kerb-util-1.0.1.jar:/home/user/.m2/repository/org/apache/kerby/token-provider/1.0.1/token-provider-1.0.1.jar:/home/user/.m2/repository/org/apache/kerby/kerb-admin/1.0.1/kerb-admin-1.0.1.jar:/home/user/.m2/repository/org/apache/kerby/kerb-server/1.0.1/kerb-server-1.0.1.jar:/home/user/.m2/repository/org/apache/kerby/kerb-identity/1.0.1/kerb-identity-1.0.1.jar:/home/user/.m2/repository/org/apache/kerby/kerby-xdr/1.0.1/kerby-xdr-1.0.1.jar:/home/user/.m2/repository/org/slf4j/slf4j-log4j12/1.7.25/slf4j-log4j12-1.7.25.jar:/home/user/.m2/repository/org/apache/hadoop/hadoop-ozone-s3gateway/0.5.0-SNAPSHOT/hadoop-ozone-s3gateway-0.5.0-SNAPSHOT.jar:/home/user/.m2/repository/org/jboss/weld/servlet/weld-servlet/2.4.7.Final/weld-servlet-2.4.7.Final.jar:/home/user/.m2/repository/org/glassfish/jersey/containers/jersey-container-servlet-core/2.27/jersey-container-servlet-core-2.27.jar:/home/user/.m2/repository/org/glassfish/hk2/external/javax.inject/2.5.0-b42/javax.inject-2.5.0-b42.jar:/home/user/.m2/repository/org/glassfish/jersey/core/jersey-common/2.27/jersey-common-2.27.jar:/home/user/.m2/repository/org/glassfish/hk2/osgi-resource-locator/1.0.1/osgi-resource-locator-1.0.1.jar:/home/user/.m2/repository/javax/ws/rs/javax.ws.rs-api/2.1/javax.ws.rs-api-2.1.jar:/home/user/.m2/repository/org/glassfish/jersey/ext/cdi/jersey-cdi1x/2.27/jersey-cdi1x-2.27.jar:/home/user/.m2/repository/org/glassfish/jersey/inject/jersey-hk2/2.27/jersey-hk2-2.27.jar:/home/user/.m2/repository/org/glassfish/hk2/hk2-locator/2.5.0-b42/hk2-locator-2.5.0-b42.jar:/home/user/.m2/repository/org/javassist/javassist/3.22.0-CR2/javassist-3.22.0-CR2.jar:/home/user/.m2/repository/org/glassfish/hk2/hk2-api/2.5.0/hk2-api-2.5.0.jar:/home/user/.m2/repository/org/glassfish/hk2/external/jakarta.inject/2.5.0/jakarta.inject-2.5.0.jar:/home/user/.m2/repository/org/glassfish/hk2/hk2-utils/2.5.0/hk2-utils-2.5.0.jar:/home/user/.m2/repository/jakarta/annotation/jakarta.annotation-api/1.3.4/jakarta.annotation-api-1.3.4.jar:/home/user/.m2/repository/org/glassfish/hk2/external/aopalliance-repackaged/2.5.0/aopalliance-repackaged-2.5.0.jar:/home/user/.m2/repository/com/fasterxml/jackson/dataformat/jackson-dataformat-xml/2.9.0/jackson-dataformat-xml-2.9.0.jar:/home/user/.m2/repository/com/fasterxml/jackson/core/jackson-core/2.9.5/jackson-core-2.9.5.jar:/home/user/.m2/repository/com/fasterxml/jackson/module/jackson-module-jaxb-annotations/2.9.5/jackson-module-jaxb-annotations-2.9.5.jar:/home/user/.m2/repository/javax/enterprise/cdi-api/1.2/cdi-api-1.2.jar:/home/user/.m2/repository/javax/el/javax.el-api/3.0.0/javax.el-api-3.0.0.jar:/home/user/.m2/repository/javax/interceptor/javax.interceptor-api/1.2/javax.interceptor-api-1.2.jar:/home/user/.m2/repository/javax/inject/javax.inject/1/javax.inject-1.jar:/home/user/.m2/repository/org/apache/hadoop/hadoop-ozone-csi/0.5.0-SNAPSHOT/hadoop-ozone-csi-0.5.0-SNAPSHOT.jar:/home/user/.m2/repository/com/google/protobuf/protobuf-java-util/3.5.1/protobuf-java-util-3.5.1.jar:/home/user/.m2/repository/org/apache/hadoop/hadoop-hdds-config/0.5.0-SNAPSHOT/hadoop-hdds-config-0.5.0-SNAPSHOT.jar:/home/user/.m2/repository/io/grpc/grpc-netty/1.17.1/grpc-netty-1.17.1.jar:/home/user/.m2/repository/io/grpc/grpc-core/1.17.1/grpc-core-1.17.1.jar:/home/user/.m2/repository/io/grpc/grpc-context/1.17.1/grpc-context-1.17.1.jar:/home/user/.m2/repository/com/google/errorprone/error_prone_annotations/2.2.0/error_prone_annotations-2.2.0.jar:/home/user/.m2/repository/org/codehaus/mojo/animal-sniffer-annotations/1.17/animal-sniffer-annotations-1.17.jar:/home/user/.m2/repository/io/opencensus/opencensus-api/0.17.0/opencensus-api-0.17.0.jar:/home/user/.m2/repository/io/opencensus/opencensus-contrib-grpc-metrics/0.17.0/opencensus-contrib-grpc-metrics-0.17.0.jar:/home/user/.m2/repository/io/netty/netty-codec-http2/4.1.30.Final/netty-codec-http2-4.1.30.Final.jar:/home/user/.m2/repository/io/netty/netty-codec-http/4.1.30.Final/netty-codec-http-4.1.30.Final.jar:/home/user/.m2/repository/io/netty/netty-codec/4.1.30.Final/netty-codec-4.1.30.Final.jar:/home/user/.m2/repository/io/netty/netty-handler/4.1.30.Final/netty-handler-4.1.30.Final.jar:/home/user/.m2/repository/io/netty/netty-handler-proxy/4.1.30.Final/netty-handler-proxy-4.1.30.Final.jar:/home/user/.m2/repository/io/netty/netty-codec-socks/4.1.30.Final/netty-codec-socks-4.1.30.Final.jar:/home/user/.m2/repository/io/netty/netty-transport-native-epoll/4.1.30.Final/netty-transport-native-epoll-4.1.30.Final.jar:/home/user/.m2/repository/io/netty/netty-common/4.1.30.Final/netty-common-4.1.30.Final.jar:/home/user/.m2/repository/io/netty/netty-buffer/4.1.30.Final/netty-buffer-4.1.30.Final.jar:/home/user/.m2/repository/io/netty/netty-transport/4.1.30.Final/netty-transport-4.1.30.Final.jar:/home/user/.m2/repository/io/netty/netty-resolver/4.1.30.Final/netty-resolver-4.1.30.Final.jar:/home/user/.m2/repository/io/netty/netty-transport-native-unix-common/4.1.30.Final/netty-transport-native-unix-common-4.1.30.Final.jar:/home/user/.m2/repository/io/grpc/grpc-protobuf/1.17.1/grpc-protobuf-1.17.1.jar:/home/user/.m2/repository/com/google/api/grpc/proto-google-common-protos/1.0.0/proto-google-common-protos-1.0.0.jar:/home/user/.m2/repository/io/grpc/grpc-protobuf-lite/1.17.1/grpc-protobuf-lite-1.17.1.jar:/home/user/.m2/repository/io/grpc/grpc-stub/1.17.1/grpc-stub-1.17.1.jar:/home/user/.m2/repository/org/apache/hadoop/hadoop-ozone-recon/0.5.0-SNAPSHOT/hadoop-ozone-recon-0.5.0-SNAPSHOT.jar:/home/user/.m2/repository/org/apache/hadoop/hadoop-ozone-reconcodegen/0.5.0-SNAPSHOT/hadoop-ozone-reconcodegen-0.5.0-SNAPSHOT.jar:/home/user/.m2/repository/com/google/inject/extensions/guice-multibindings/4.0/guice-multibindings-4.0.jar:/home/user/.m2/repository/com/google/inject/guice/4.0/guice-4.0.jar:/home/user/.m2/repository/aopalliance/aopalliance/1.0/aopalliance-1.0.jar:/home/user/.m2/repository/com/google/inject/extensions/guice-servlet/4.0/guice-servlet-4.0.jar:/home/user/.m2/repository/org/glassfish/jersey/containers/jersey-container-servlet/2.27/jersey-container-servlet-2.27.jar:/home/user/.m2/repository/org/glassfish/hk2/guice-bridge/2.5.0/guice-bridge-2.5.0.jar:/home/user/.m2/repository/org/glassfish/jersey/core/jersey-server/2.27/jersey-server-2.27.jar:/home/user/.m2/repository/org/glassfish/jersey/core/jersey-client/2.27/jersey-client-2.27.jar:/home/user/.m2/repository/org/glassfish/jersey/media/jersey-media-jaxb/2.27/jersey-media-jaxb-2.27.jar:/home/user/.m2/repository/javax/validation/validation-api/1.1.0.Final/validation-api-1.1.0.Final.jar:/home/user/.m2/repository/org/glassfish/jersey/media/jersey-media-json-jackson/2.27/jersey-media-json-jackson-2.27.jar:/home/user/.m2/repository/org/glassfish/jersey/ext/jersey-entity-filtering/2.27/jersey-entity-filtering-2.27.jar:/home/user/.m2/repository/com/google/inject/extensions/guice-assistedinject/4.0/guice-assistedinject-4.0.jar:/home/user/.m2/repository/org/jooq/jooq/3.11.10/jooq-3.11.10.jar:/home/user/.m2/repository/org/jooq/jooq-meta/3.11.10/jooq-meta-3.11.10.jar:/home/user/.m2/repository/org/jooq/jooq-codegen/3.11.10/jooq-codegen-3.11.10.jar:/home/user/.m2/repository/com/jolbox/bonecp/0.8.0.RELEASE/bonecp-0.8.0.RELEASE.jar:/home/user/.m2/repository/org/xerial/sqlite-jdbc/3.25.2/sqlite-jdbc-3.25.2.jar:/home/user/.m2/repository/org/springframework/spring-jdbc/5.1.3.RELEASE/spring-jdbc-5.1.3.RELEASE.jar:/home/user/.m2/repository/org/springframework/spring-beans/5.1.3.RELEASE/spring-beans-5.1.3.RELEASE.jar:/home/user/.m2/repository/org/springframework/spring-core/5.1.3.RELEASE/spring-core-5.1.3.RELEASE.jar:/home/user/.m2/repository/org/springframework/spring-jcl/5.1.3.RELEASE/spring-jcl-5.1.3.RELEASE.jar:/home/user/.m2/repository/org/springframework/spring-tx/5.1.3.RELEASE/spring-tx-5.1.3.RELEASE.jar:/home/user/.m2/repository/org/apache/hadoop/hadoop-ozone-client/0.5.0-SNAPSHOT/hadoop-ozone-client-0.5.0-SNAPSHOT.jar:/home/user/.m2/repository/commons-lang/commons-lang/2.6/commons-lang-2.6.jar:/home/user/.m2/repository/org/apache/hadoop/hadoop-ozone-ozone-manager/0.5.0-SNAPSHOT/hadoop-ozone-ozone-manager-0.5.0-SNAPSHOT-tests.jar:/home/user/.m2/repository/junit/junit/4.11/junit-4.11.jar:/home/user/.m2/repository/org/hamcrest/hamcrest-core/1.3/hamcrest-core-1.3.jar:/home/user/.m2/repository/org/openjdk/jmh/jmh-core/1.19/jmh-core-1.19.jar:/home/user/.m2/repository/net/sf/jopt-simple/jopt-simple/4.6/jopt-simple-4.6.jar:/home/user/.m2/repository/org/apache/commons/commons-math3/3.1.1/commons-math3-3.1.1.jar:/home/user/.m2/repository/org/openjdk/jmh/jmh-generator-annprocess/1.19/jmh-generator-annprocess-1.19.jar:/home/user/.m2/repository/org/mockito/mockito-all/1.8.5/mockito-all-1.8.5.jar:/home/user/.m2/repository/org/apache/hadoop/hadoop-kms/3.2.0/hadoop-kms-3.2.0.jar:/home/user/.m2/repository/org/apache/hadoop/hadoop-auth/3.2.0/hadoop-auth-3.2.0.jar:/home/user/.m2/repository/com/nimbusds/nimbus-jose-jwt/4.41.1/nimbus-jose-jwt-4.41.1.jar:/home/user/.m2/repository/com/github/stephenc/jcip/jcip-annotations/1.0-1/jcip-annotations-1.0-1.jar:/home/user/.m2/repository/net/minidev/json-smart/2.3/json-smart-2.3.jar:/home/user/.m2/repository/net/minidev/accessors-smart/1.2/accessors-smart-1.2.jar:/home/user/.m2/repository/org/ow2/asm/asm/5.0.4/asm-5.0.4.jar:/home/user/.m2/repository/org/apache/curator/curator-framework/2.12.0/curator-framework-2.12.0.jar:/home/user/.m2/repository/com/sun/jersey/jersey-core/1.19/jersey-core-1.19.jar:/home/user/.m2/repository/javax/ws/rs/jsr311-api/1.1.1/jsr311-api-1.1.1.jar:/home/user/.m2/repository/com/sun/jersey/jersey-server/1.19/jersey-server-1.19.jar:/home/user/.m2/repository/javax/servlet/javax.servlet-api/3.1.0/javax.servlet-api-3.1.0.jar:/home/user/.m2/repository/org/eclipse/jetty/jetty-server/9.3.24.v20180605/jetty-server-9.3.24.v20180605.jar:/home/user/.m2/repository/org/eclipse/jetty/jetty-http/9.3.24.v20180605/jetty-http-9.3.24.v20180605.jar:/home/user/.m2/repository/org/eclipse/jetty/jetty-io/9.3.24.v20180605/jetty-io-9.3.24.v20180605.jar:/home/user/.m2/repository/org/eclipse/jetty/jetty-webapp/9.3.24.v20180605/jetty-webapp-9.3.24.v20180605.jar:/home/user/.m2/repository/org/eclipse/jetty/jetty-xml/9.3.24.v20180605/jetty-xml-9.3.24.v20180605.jar:/home/user/.m2/repository/log4j/log4j/1.2.17/log4j-1.2.17.jar:/home/user/.m2/repository/org/slf4j/slf4j-api/1.7.25/slf4j-api-1.7.25.jar:/home/user/.m2/repository/org/slf4j/jul-to-slf4j/1.7.25/jul-to-slf4j-1.7.25.jar:/home/user/.m2/repository/org/eclipse/jetty/jetty-util/9.3.24.v20180605/jetty-util-9.3.24.v20180605.jar:/home/user/.m2/repository/com/fasterxml/jackson/core/jackson-databind/2.9.5/jackson-databind-2.9.5.jar:/home/user/.m2/repository/org/apache/hadoop/hadoop-kms/3.2.0/hadoop-kms-3.2.0-tests.jar:/home/user/.m2/repository/org/apache/hadoop/hadoop-hdds-server-scm/0.5.0-SNAPSHOT/hadoop-hdds-server-scm-0.5.0-SNAPSHOT-tests.jar:/home/user/.m2/repository/org/apache/hadoop/hadoop-hdds-container-service/0.5.0-SNAPSHOT/hadoop-hdds-container-service-0.5.0-SNAPSHOT-tests.jar:/home/user/.m2/repository/org/yaml/snakeyaml/1.16/snakeyaml-1.16.jar:/home/user/.m2/repository/org/apache/hadoop/hadoop-common/3.2.0/hadoop-common-3.2.0-tests.jar:/home/user/.m2/repository/org/apache/hadoop/hadoop-annotations/3.2.0/hadoop-annotations-3.2.0.jar:/usr/lib/jvm/java-1.8-openjdk/jre/../lib/tools.jar:/home/user/.m2/repository/commons-cli/commons-cli/1.2/commons-cli-1.2.jar:/home/user/.m2/repository/org/apache/httpcomponents/httpclient/4.5.2/httpclient-4.5.2.jar:/home/user/.m2/repository/org/apache/httpcomponents/httpcore/4.4.4/httpcore-4.4.4.jar:/home/user/.m2/repository/commons-codec/commons-codec/1.11/commons-codec-1.11.jar:/home/user/.m2/repository/commons-net/commons-net/3.6/commons-net-3.6.jar:/home/user/.m2/repository/commons-collections/commons-collections/3.2.2/commons-collections-3.2.2.jar:/home/user/.m2/repository/org/eclipse/jetty/jetty-servlet/9.3.24.v20180605/jetty-servlet-9.3.24.v20180605.jar:/home/user/.m2/repository/org/eclipse/jetty/jetty-security/9.3.24.v20180605/jetty-security-9.3.24.v20180605.jar:/home/user/.m2/repository/javax/servlet/jsp/jsp-api/2.1/jsp-api-2.1.jar:/home/user/.m2/repository/com/sun/jersey/jersey-servlet/1.19/jersey-servlet-1.19.jar:/home/user/.m2/repository/com/sun/jersey/jersey-json/1.19/jersey-json-1.19.jar:/home/user/.m2/repository/org/codehaus/jettison/jettison/1.1/jettison-1.1.jar:/home/user/.m2/repository/org/codehaus/jackson/jackson-core-asl/1.9.13/jackson-core-asl-1.9.13.jar:/home/user/.m2/repository/org/codehaus/jackson/jackson-mapper-asl/1.9.13/jackson-mapper-asl-1.9.13.jar:/home/user/.m2/repository/org/codehaus/jackson/jackson-jaxrs/1.9.13/jackson-jaxrs-1.9.13.jar:/home/user/.m2/repository/org/codehaus/jackson/jackson-xc/1.9.13/jackson-xc-1.9.13.jar:/home/user/.m2/repository/commons-logging/commons-logging/1.1.3/commons-logging-1.1.3.jar:/home/user/.m2/repository/commons-beanutils/commons-beanutils/1.9.3/commons-beanutils-1.9.3.jar:/home/user/.m2/repository/org/apache/commons/commons-configuration2/2.1.1/commons-configuration2-2.1.1.jar:/home/user/.m2/repository/org/apache/commons/commons-lang3/3.7/commons-lang3-3.7.jar:/home/user/.m2/repository/org/apache/commons/commons-text/1.4/commons-text-1.4.jar:/home/user/.m2/repository/org/apache/avro/avro/1.7.7/avro-1.7.7.jar:/home/user/.m2/repository/com/thoughtworks/paranamer/paranamer/2.3/paranamer-2.3.jar:/home/user/.m2/repository/org/xerial/snappy/snappy-java/1.0.5/snappy-java-1.0.5.jar:/home/user/.m2/repository/com/google/re2j/re2j/1.1/re2j-1.1.jar:/home/user/.m2/repository/com/google/code/gson/gson/2.2.4/gson-2.2.4.jar:/home/user/.m2/repository/com/jcraft/jsch/0.1.54/jsch-0.1.54.jar:/home/user/.m2/repository/org/apache/curator/curator-client/2.12.0/curator-client-2.12.0.jar:/home/user/.m2/repository/org/apache/curator/curator-recipes/2.12.0/curator-recipes-2.12.0.jar:/home/user/.m2/repository/com/google/code/findbugs/jsr305/3.0.0/jsr305-3.0.0.jar:/home/user/.m2/repository/org/apache/htrace/htrace-core4/4.1.0-incubating/htrace-core4-4.1.0-incubating.jar:/home/user/.m2/repository/org/apache/zookeeper/zookeeper/3.4.13/zookeeper-3.4.13.jar:/home/user/.m2/repository/org/apache/yetus/audience-annotations/0.5.0/audience-annotations-0.5.0.jar:/home/user/.m2/repository/org/codehaus/woodstox/stax2-api/3.1.4/stax2-api-3.1.4.jar:/home/user/.m2/repository/com/fasterxml/woodstox/woodstox-core/5.0.3/woodstox-core-5.0.3.jar:/home/user/.m2/repository/dnsjava/dnsjava/2.1.7/dnsjava-2.1.7.jar:/home/user/.m2/repository/org/apache/hadoop/hadoop-hdfs/3.2.0/hadoop-hdfs-3.2.0-tests.jar:/home/user/.m2/repository/org/eclipse/jetty/jetty-util-ajax/9.3.24.v20180605/jetty-util-ajax-9.3.24.v20180605.jar:/home/user/.m2/repository/commons-daemon/commons-daemon/1.0.13/commons-daemon-1.0.13.jar:/home/user/.m2/repository/io/netty/netty/3.10.5.Final/netty-3.10.5.Final.jar:/home/user/.m2/repository/io/netty/netty-all/4.0.52.Final/netty-all-4.0.52.Final.jar:/home/user/.m2/repository/org/fusesource/leveldbjni/leveldbjni-all/1.8/leveldbjni-all-1.8.jar:"/>
    <property name="sun.cpu.endian" value="little"/>
    <property name="user.home" value="/home/user"/>
    <property name="user.language" value="en"/>
    <property name="java.specification.vendor" value="Oracle Corporation"/>
    <property name="java.home" value="/usr/lib/jvm/java-1.8-openjdk/jre"/>
    <property name="java.security.krb5.conf" value="/workdir/hadoop-ozone/integration-test/target/test-classes/krb5.conf"/>
    <property name="basedir" value="/workdir/hadoop-ozone/integration-test"/>
    <property name="file.separator" value="/"/>
    <property name="line.separator" value="&#10;"/>
    <property name="java.vm.specification.vendor" value="Oracle Corporation"/>
    <property name="java.specification.name" value="Java Platform API Specification"/>
    <property name="java.awt.graphicsenv" value="sun.awt.X11GraphicsEnvironment"/>
    <property name="surefire.real.class.path" value="/workdir/hadoop-ozone/integration-test/target/surefire/surefirebooter2041491725761927198.jar"/>
    <property name="hadoop.log.dir" value="/workdir/hadoop-ozone/integration-test/target/log"/>
    <property name="sun.boot.class.path" value="/usr/lib/jvm/java-1.8-openjdk/jre/lib/resources.jar:/usr/lib/jvm/java-1.8-openjdk/jre/lib/rt.jar:/usr/lib/jvm/java-1.8-openjdk/jre/lib/sunrsasign.jar:/usr/lib/jvm/java-1.8-openjdk/jre/lib/jsse.jar:/usr/lib/jvm/java-1.8-openjdk/jre/lib/jce.jar:/usr/lib/jvm/java-1.8-openjdk/jre/lib/charsets.jar:/usr/lib/jvm/java-1.8-openjdk/jre/lib/jfr.jar:/usr/lib/jvm/java-1.8-openjdk/jre/classes"/>
    <property name="sun.management.compiler" value="HotSpot 64-Bit Tiered Compilers"/>
    <property name="java.runtime.version" value="1.8.0_212-b04"/>
    <property name="java.net.preferIPv4Stack" value="true"/>
    <property name="user.name" value="jenkins1000"/>
    <property name="path.separator" value=":"/>
    <property name="java.security.egd" value="file:///dev/urandom"/>
    <property name="os.version" value="3.10.0-957.12.2.el7.x86_64"/>
    <property name="java.endorsed.dirs" value="/usr/lib/jvm/java-1.8-openjdk/jre/lib/endorsed"/>
    <property name="java.runtime.name" value="OpenJDK Runtime Environment"/>
    <property name="file.encoding" value="UTF-8"/>
    <property name="java.vm.name" value="OpenJDK 64-Bit Server VM"/>
    <property name="test.build.webapps" value=""/>
    <property name="localRepository" value="/home/user/.m2/repository"/>
    <property name="java.vendor.url.bug" value="https://icedtea.classpath.org/bugzilla"/>
    <property name="java.io.tmpdir" value="/tmp"/>
    <property name="require.test.libhadoop" value=""/>
    <property name="java.version" value="1.8.0_212"/>
    <property name="user.dir" value="/workdir/hadoop-ozone/integration-test"/>
    <property name="os.arch" value="amd64"/>
    <property name="java.vm.specification.name" value="Java Virtual Machine Specification"/>
    <property name="test.build.classes" value="/workdir/hadoop-ozone/integration-test/target/test-classes"/>
    <property name="java.awt.printerjob" value="sun.print.PSPrinterJob"/>
    <property name="sun.os.patch.level" value="unknown"/>
    <property name="hadoop.tmp.dir" value="/workdir/hadoop-ozone/integration-test/target/tmp"/>
    <property name="java.library.path" value="/usr/lib/jvm/java-1.8-openjdk/jre/lib/amd64/server:/usr/lib/jvm/java-1.8-openjdk/jre/lib/amd64:/usr/lib/jvm/java-1.8-openjdk/jre/../lib/amd64:/workdir/hadoop-ozone/integration-test/target/native/target/usr/local/lib:/workdir/hadoop-ozone/integration-test/../../hadoop-common-project/hadoop-common/target/native/target/usr/local/lib:/usr/java/packages/lib/amd64:/usr/lib64:/lib64:/lib:/usr/lib"/>
    <property name="java.vm.info" value="mixed mode"/>
    <property name="java.vendor" value="IcedTea"/>
    <property name="java.vm.version" value="25.212-b04"/>
    <property name="java.ext.dirs" value="/usr/lib/jvm/java-1.8-openjdk/jre/lib/ext:/usr/java/packages/lib/ext"/>
    <property name="sun.io.unicode.encoding" value="UnicodeLittle"/>
    <property name="java.class.version" value="52.0"/>
  </properties>
  <testcase name="test2WayCommitForRetryfailure" classname="org.apache.hadoop.ozone.client.rpc.Test2WayCommitInRatis" time="33.223">
    <error message="org.apache.ratis.protocol.RaftRetryFailureException: Failed RaftClientRequest:client-AFDB05DADC48-&gt;f6c73153-780a-4b23-b246-cb985c17e814@group-568C93497CF9, cid=13, seq=1*, RW, org.apache.hadoop.hdds.scm.XceiverClientRatis$$Lambda$323/1505474932@2e8140a4 for 20 attempts with RetryLimited(maxAttempts=20, sleepTime=1000ms)" type="java.util.concurrent.ExecutionException">java.util.concurrent.ExecutionException: org.apache.ratis.protocol.RaftRetryFailureException: Failed RaftClientRequest:client-AFDB05DADC48->f6c73153-780a-4b23-b246-cb985c17e814@group-568C93497CF9, cid=13, seq=1*, RW, org.apache.hadoop.hdds.scm.XceiverClientRatis$$Lambda$323/1505474932@2e8140a4 for 20 attempts with RetryLimited(maxAttempts=20, sleepTime=1000ms)
	at java.util.concurrent.CompletableFuture.reportGet(CompletableFuture.java:357)
	at java.util.concurrent.CompletableFuture.get(CompletableFuture.java:1895)
	at org.apache.hadoop.ozone.client.rpc.Test2WayCommitInRatis.test2WayCommitForRetryfailure(Test2WayCommitInRatis.java:138)
	at sun.reflect.NativeMethodAccessorImpl.invoke0(Native Method)
	at sun.reflect.NativeMethodAccessorImpl.invoke(NativeMethodAccessorImpl.java:62)
	at sun.reflect.DelegatingMethodAccessorImpl.invoke(DelegatingMethodAccessorImpl.java:43)
	at java.lang.reflect.Method.invoke(Method.java:498)
	at org.junit.runners.model.FrameworkMethod$1.runReflectiveCall(FrameworkMethod.java:47)
	at org.junit.internal.runners.model.ReflectiveCallable.run(ReflectiveCallable.java:12)
	at org.junit.runners.model.FrameworkMethod.invokeExplosively(FrameworkMethod.java:44)
	at org.junit.internal.runners.statements.InvokeMethod.evaluate(InvokeMethod.java:17)
	at org.junit.runners.ParentRunner.runLeaf(ParentRunner.java:271)
	at org.junit.runners.BlockJUnit4ClassRunner.runChild(BlockJUnit4ClassRunner.java:70)
	at org.junit.runners.BlockJUnit4ClassRunner.runChild(BlockJUnit4ClassRunner.java:50)
	at org.junit.runners.ParentRunner$3.run(ParentRunner.java:238)
	at org.junit.runners.ParentRunner$1.schedule(ParentRunner.java:63)
	at org.junit.runners.ParentRunner.runChildren(ParentRunner.java:236)
	at org.junit.runners.ParentRunner.access$000(ParentRunner.java:53)
	at org.junit.runners.ParentRunner$2.evaluate(ParentRunner.java:229)
	at org.junit.runners.ParentRunner.run(ParentRunner.java:309)
	at org.apache.maven.surefire.junit4.JUnit4Provider.execute(JUnit4Provider.java:365)
	at org.apache.maven.surefire.junit4.JUnit4Provider.executeWithRerun(JUnit4Provider.java:273)
	at org.apache.maven.surefire.junit4.JUnit4Provider.executeTestSet(JUnit4Provider.java:238)
	at org.apache.maven.surefire.junit4.JUnit4Provider.invoke(JUnit4Provider.java:159)
	at org.apache.maven.surefire.booter.ForkedBooter.invokeProviderInSameClassLoader(ForkedBooter.java:384)
	at org.apache.maven.surefire.booter.ForkedBooter.runSuitesInProcess(ForkedBooter.java:345)
	at org.apache.maven.surefire.booter.ForkedBooter.execute(ForkedBooter.java:126)
	at org.apache.maven.surefire.booter.ForkedBooter.main(ForkedBooter.java:418)
Caused by: org.apache.ratis.protocol.RaftRetryFailureException: Failed RaftClientRequest:client-AFDB05DADC48->f6c73153-780a-4b23-b246-cb985c17e814@group-568C93497CF9, cid=13, seq=1*, RW, org.apache.hadoop.hdds.scm.XceiverClientRatis$$Lambda$323/1505474932@2e8140a4 for 20 attempts with RetryLimited(maxAttempts=20, sleepTime=1000ms)
	at org.apache.ratis.client.impl.RaftClientImpl.noMoreRetries(RaftClientImpl.java:272)
	at org.apache.ratis.client.impl.OrderedAsync.handleAsyncRetryFailure(OrderedAsync.java:138)
	at org.apache.ratis.client.impl.OrderedAsync.lambda$sendRequest$10(OrderedAsync.java:230)
	at java.util.concurrent.CompletableFuture.uniExceptionally(CompletableFuture.java:870)
	at java.util.concurrent.CompletableFuture$UniExceptionally.tryFire(CompletableFuture.java:852)
	at java.util.concurrent.CompletableFuture.postComplete(CompletableFuture.java:474)
	at java.util.concurrent.CompletableFuture.completeExceptionally(CompletableFuture.java:1977)
	at org.apache.ratis.grpc.client.GrpcClientProtocolClient$AsyncStreamObservers.completeReplyExceptionally(GrpcClientProtocolClient.java:330)
	at org.apache.ratis.grpc.client.GrpcClientProtocolClient$AsyncStreamObservers.access$000(GrpcClientProtocolClient.java:246)
	at org.apache.ratis.grpc.client.GrpcClientProtocolClient$AsyncStreamObservers$1.onNext(GrpcClientProtocolClient.java:258)
	at org.apache.ratis.grpc.client.GrpcClientProtocolClient$AsyncStreamObservers$1.onNext(GrpcClientProtocolClient.java:249)
	at org.apache.ratis.thirdparty.io.grpc.stub.ClientCalls$StreamObserverToCallListenerAdapter.onMessage(ClientCalls.java:421)
	at org.apache.ratis.thirdparty.io.grpc.ForwardingClientCallListener.onMessage(ForwardingClientCallListener.java:33)
	at org.apache.ratis.thirdparty.io.grpc.ForwardingClientCallListener.onMessage(ForwardingClientCallListener.java:33)
	at org.apache.ratis.thirdparty.io.grpc.internal.ClientCallImpl$ClientStreamListenerImpl$1MessagesAvailable.runInContext(ClientCallImpl.java:519)
	at org.apache.ratis.thirdparty.io.grpc.internal.ContextRunnable.run(ContextRunnable.java:37)
	at org.apache.ratis.thirdparty.io.grpc.internal.SerializingExecutor.run(SerializingExecutor.java:123)
	at java.util.concurrent.ThreadPoolExecutor.runWorker(ThreadPoolExecutor.java:1149)
	at java.util.concurrent.ThreadPoolExecutor$Worker.run(ThreadPoolExecutor.java:624)
	at java.lang.Thread.run(Thread.java:748)
Caused by: org.apache.ratis.protocol.NotLeaderException: Server f6c73153-780a-4b23-b246-cb985c17e814 is not the leader (null). Request must be sent to leader.
	at org.apache.ratis.client.impl.ClientProtoUtils.toRaftClientReply(ClientProtoUtils.java:242)
	at org.apache.ratis.grpc.client.GrpcClientProtocolClient$AsyncStreamObservers$1.onNext(GrpcClientProtocolClient.java:254)
	... 10 more
</error>
    <system-out><![CDATA[2019-08-28 22:18:13,348 [main] WARN  server.ServerUtils (ServerUtils.java:getScmDbDir(155)) - ozone.scm.db.dirs is not configured. We recommend adding this setting. Falling back to ozone.metadata.dirs instead.
2019-08-28 22:18:13,488 [main] WARN  server.ServerUtils (ServerUtils.java:getScmDbDir(155)) - ozone.scm.db.dirs is not configured. We recommend adding this setting. Falling back to ozone.metadata.dirs instead.
2019-08-28 22:18:13,491 [main] WARN  server.ServerUtils (ServerUtils.java:getScmDbDir(155)) - ozone.scm.db.dirs is not configured. We recommend adding this setting. Falling back to ozone.metadata.dirs instead.
2019-08-28 22:18:13,510 [main] INFO  util.log (Log.java:initialized(192)) - Logging initialized @1012ms
2019-08-28 22:18:13,615 [main] INFO  db.DBStoreBuilder (DBStoreBuilder.java:addTable(110)) - using custom profile for table: deletedBlocks
2019-08-28 22:18:13,615 [main] INFO  db.DBStoreBuilder (DBStoreBuilder.java:processTables(161)) - Using default column profile:DBProfile.DISK for Table:deletedBlocks
2019-08-28 22:18:13,616 [main] INFO  db.DBStoreBuilder (DBStoreBuilder.java:addTable(110)) - using custom profile for table: validCerts
2019-08-28 22:18:13,616 [main] INFO  db.DBStoreBuilder (DBStoreBuilder.java:processTables(161)) - Using default column profile:DBProfile.DISK for Table:validCerts
2019-08-28 22:18:13,616 [main] INFO  db.DBStoreBuilder (DBStoreBuilder.java:addTable(110)) - using custom profile for table: revokedCerts
2019-08-28 22:18:13,617 [main] INFO  db.DBStoreBuilder (DBStoreBuilder.java:processTables(161)) - Using default column profile:DBProfile.DISK for Table:revokedCerts
2019-08-28 22:18:13,629 [main] INFO  db.DBStoreBuilder (DBStoreBuilder.java:addTable(110)) - using custom profile for table: default
2019-08-28 22:18:13,629 [main] INFO  db.DBStoreBuilder (DBStoreBuilder.java:processTables(167)) - Using default column profile:DBProfile.DISK for Table:default
2019-08-28 22:18:13,631 [main] INFO  db.DBStoreBuilder (DBStoreBuilder.java:getDbProfile(198)) - Using default options. DBProfile.DISK
2019-08-28 22:18:14,142 [main] INFO  net.NodeSchemaLoader (NodeSchemaLoader.java:loadSchemaFromFile(125)) - Loading file from sun.misc.CompoundEnumeration@393671df
2019-08-28 22:18:14,145 [main] INFO  net.NodeSchemaLoader (NodeSchemaLoader.java:loadSchema(171)) - Loading network topology layer schema file
2019-08-28 22:18:14,219 [main] WARN  server.ServerUtils (ServerUtils.java:sanitizeUserArgs(70)) - ozone.scm.stale.node.interval value = 300000 is larger than max = 100000 based on the key value of ozone.scm.heartbeat.thread.interval, reset to the max value 100000.
2019-08-28 22:18:14,221 [main] WARN  server.ServerUtils (ServerUtils.java:sanitizeUserArgs(70)) - ozone.scm.stale.node.interval value = 300000 is larger than max = 100000 based on the key value of ozone.scm.heartbeat.thread.interval, reset to the max value 100000.
2019-08-28 22:18:14,223 [main] INFO  node.SCMNodeManager (SCMNodeManager.java:<init>(121)) - Entering startup safe mode.
2019-08-28 22:18:14,295 [main] INFO  algorithms.ContainerPlacementPolicyFactory (ContainerPlacementPolicyFactory.java:getPolicy(55)) - Create container placement policy of type org.apache.hadoop.hdds.scm.container.placement.algorithms.SCMContainerPlacementRandom
2019-08-28 22:18:14,311 [main] WARN  server.ServerUtils (ServerUtils.java:getScmDbDir(155)) - ozone.scm.db.dirs is not configured. We recommend adding this setting. Falling back to ozone.metadata.dirs instead.
2019-08-28 22:18:14,498 [main] INFO  pipeline.SCMPipelineManager (SCMPipelineManager.java:initializePipelineState(126)) - No pipeline exists in current db
2019-08-28 22:18:14,502 [main] WARN  server.ServerUtils (ServerUtils.java:getScmDbDir(155)) - ozone.scm.db.dirs is not configured. We recommend adding this setting. Falling back to ozone.metadata.dirs instead.
2019-08-28 22:18:14,770 [main] WARN  events.EventQueue (EventQueue.java:fireEvent(175)) - No event handler registered for event TypedEvent{payloadType=SafeModeStatus, name='SafeModeStatus'}
2019-08-28 22:18:15,331 [main] INFO  ipc.CallQueueManager (CallQueueManager.java:<init>(84)) - Using callQueue: class java.util.concurrent.LinkedBlockingQueue, queueCapacity: 2000, scheduler: class org.apache.hadoop.ipc.DefaultRpcScheduler, ipcBackoff: false.
2019-08-28 22:18:15,614 [Socket Reader #1 for port 42680] INFO  ipc.Server (Server.java:run(1074)) - Starting Socket Reader #1 for port 42680
2019-08-28 22:18:15,647 [main] INFO  ipc.CallQueueManager (CallQueueManager.java:<init>(84)) - Using callQueue: class java.util.concurrent.LinkedBlockingQueue, queueCapacity: 2000, scheduler: class org.apache.hadoop.ipc.DefaultRpcScheduler, ipcBackoff: false.
2019-08-28 22:18:15,648 [Socket Reader #1 for port 42305] INFO  ipc.Server (Server.java:run(1074)) - Starting Socket Reader #1 for port 42305
2019-08-28 22:18:15,658 [main] INFO  ipc.CallQueueManager (CallQueueManager.java:<init>(84)) - Using callQueue: class java.util.concurrent.LinkedBlockingQueue, queueCapacity: 2000, scheduler: class org.apache.hadoop.ipc.DefaultRpcScheduler, ipcBackoff: false.
2019-08-28 22:18:15,659 [Socket Reader #1 for port 34448] INFO  ipc.Server (Server.java:run(1074)) - Starting Socket Reader #1 for port 34448
2019-08-28 22:18:15,684 [main] INFO  hdfs.DFSUtil (DFSUtil.java:httpServerTemplateForNNAndJN(1641)) - Starting Web-server for scm at: http://0.0.0.0:0
2019-08-28 22:18:15,845 [main] INFO  server.AuthenticationFilter (AuthenticationFilter.java:constructSecretProvider(240)) - Unable to initialize FileSignerSecretProvider, falling back to use random secrets.
2019-08-28 22:18:15,856 [main] WARN  http.HttpRequestLog (HttpRequestLog.java:getRequestLog(97)) - Jetty request log can only be enabled using Log4j
2019-08-28 22:18:15,864 [main] INFO  http.HttpServer2 (HttpServer2.java:addGlobalFilter(975)) - Added global filter 'safety' (class=org.apache.hadoop.http.HttpServer2$QuotingInputFilter)
2019-08-28 22:18:15,867 [main] INFO  http.HttpServer2 (HttpServer2.java:addFilter(948)) - Added filter static_user_filter (class=org.apache.hadoop.http.lib.StaticUserWebFilter$StaticUserFilter) to context scm
2019-08-28 22:18:15,867 [main] INFO  http.HttpServer2 (HttpServer2.java:addFilter(958)) - Added filter static_user_filter (class=org.apache.hadoop.http.lib.StaticUserWebFilter$StaticUserFilter) to context logs
2019-08-28 22:18:15,867 [main] INFO  http.HttpServer2 (HttpServer2.java:addFilter(958)) - Added filter static_user_filter (class=org.apache.hadoop.http.lib.StaticUserWebFilter$StaticUserFilter) to context static
2019-08-28 22:18:15,911 [main] INFO  server.StorageContainerManager (StorageContainerManager.java:start(759)) - StorageContainerLocationProtocol RPC server is listening at /0.0.0.0:34448
2019-08-28 22:18:16,004 [main] WARN  impl.MetricsConfig (MetricsConfig.java:loadFirst(134)) - Cannot locate configuration: tried hadoop-metrics2-storagecontainermanager.properties,hadoop-metrics2.properties
2019-08-28 22:18:16,018 [main] INFO  impl.MetricsSystemImpl (MetricsSystemImpl.java:startTimer(374)) - Scheduled Metric snapshot period at 10 second(s).
2019-08-28 22:18:16,018 [main] INFO  impl.MetricsSystemImpl (MetricsSystemImpl.java:start(191)) - StorageContainerManager metrics system started
2019-08-28 22:18:16,278 [main] INFO  server.SCMClientProtocolServer (SCMClientProtocolServer.java:start(151)) - RPC server for Client  is listening at /0.0.0.0:34448
2019-08-28 22:18:16,278 [IPC Server Responder] INFO  ipc.Server (Server.java:run(1314)) - IPC Server Responder: starting
2019-08-28 22:18:16,278 [IPC Server listener on 34448] INFO  ipc.Server (Server.java:run(1153)) - IPC Server listener on 34448: starting
2019-08-28 22:18:16,281 [main] INFO  server.StorageContainerManager (StorageContainerManager.java:start(769)) - ScmBlockLocationProtocol RPC server is listening at /127.0.0.1:42305
2019-08-28 22:18:16,281 [main] INFO  server.SCMBlockProtocolServer (SCMBlockProtocolServer.java:start(141)) - RPC server for Block Protocol is listening at /127.0.0.1:42305
2019-08-28 22:18:16,282 [IPC Server Responder] INFO  ipc.Server (Server.java:run(1314)) - IPC Server Responder: starting
2019-08-28 22:18:16,282 [IPC Server listener on 42305] INFO  ipc.Server (Server.java:run(1153)) - IPC Server listener on 42305: starting
2019-08-28 22:18:16,284 [main] INFO  server.StorageContainerManager (StorageContainerManager.java:start(773)) - ScmDatanodeProtocl RPC server is listening at /0.0.0.0:42680
2019-08-28 22:18:16,284 [main] INFO  server.SCMDatanodeProtocolServer (SCMDatanodeProtocolServer.java:start(191)) - RPC server for DataNodes is listening at /0.0.0.0:42680
2019-08-28 22:18:16,285 [IPC Server Responder] INFO  ipc.Server (Server.java:run(1314)) - IPC Server Responder: starting
2019-08-28 22:18:16,285 [IPC Server listener on 42680] INFO  ipc.Server (Server.java:run(1153)) - IPC Server listener on 42680: starting
2019-08-28 22:18:16,289 [main] INFO  http.HttpServer2 (HttpServer2.java:bindListener(1191)) - Jetty bound to port 37637
2019-08-28 22:18:16,291 [main] INFO  server.Server (Server.java:doStart(351)) - jetty-9.3.24.v20180605, build timestamp: 2018-06-05T17:11:56Z, git hash: 84205aa28f11a4f31f2a3b86d1bba2cc8ab69827
2019-08-28 22:18:16,333 [main] INFO  handler.ContextHandler (ContextHandler.java:doStart(781)) - Started o.e.j.s.ServletContextHandler@54d18072{/logs,file:///workdir/hadoop-ozone/integration-test/target/log,AVAILABLE}
2019-08-28 22:18:16,334 [main] INFO  handler.ContextHandler (ContextHandler.java:doStart(781)) - Started o.e.j.s.ServletContextHandler@47a5b70d{/static,file:///workdir/hadoop-ozone/integration-test/target/test-classes/webapps/static,AVAILABLE}
2019-08-28 22:18:16,372 [main] INFO  handler.ContextHandler (ContextHandler.java:doStart(781)) - Started o.e.j.w.WebAppContext@48f5bde6{/,file:///workdir/hadoop-ozone/integration-test/target/test-classes/webapps/scm/,AVAILABLE}{/scm}
2019-08-28 22:18:16,378 [main] INFO  server.AbstractConnector (AbstractConnector.java:doStart(278)) - Started ServerConnector@6d511b5f{HTTP/1.1,[http/1.1]}{0.0.0.0:37637}
2019-08-28 22:18:16,378 [main] INFO  server.Server (Server.java:doStart(419)) - Started @3880ms
2019-08-28 22:18:16,379 [main] INFO  server.BaseHttpServer (BaseHttpServer.java:updateConnectorAddress(226)) - HTTP server of SCM is listening at http://0.0.0.0:37637
2019-08-28 22:18:16,385 [org.apache.hadoop.util.JvmPauseMonitor$Monitor@3b1bb3ab] INFO  util.JvmPauseMonitor (JvmPauseMonitor.java:run(188)) - Starting JVM pause monitor
2019-08-28 22:18:16,387 [main] WARN  server.ServerUtils (ServerUtils.java:getDBPath(232)) - ozone.om.db.dirs is not configured. We recommend adding this setting. Falling back to ozone.metadata.dirs instead.
2019-08-28 22:18:16,537 [main] WARN  server.ServerUtils (ServerUtils.java:getDBPath(232)) - ozone.om.db.dirs is not configured. We recommend adding this setting. Falling back to ozone.metadata.dirs instead.
2019-08-28 22:18:16,538 [main] WARN  server.ServerUtils (ServerUtils.java:getDBPath(232)) - ozone.om.db.dirs is not configured. We recommend adding this setting. Falling back to ozone.metadata.dirs instead.
2019-08-28 22:18:16,539 [main] INFO  om.OzoneManager (OzoneManager.java:setOMNodeDetails(645)) - OM Service ID is not set. Setting it to the default ID: omServiceIdDefault
2019-08-28 22:18:16,539 [main] INFO  om.OzoneManager (OzoneManager.java:setOMNodeDetails(651)) - OM Node ID is not set. Setting it to the OmStorage's OmID: f1020e26-3b3a-47f3-a954-c1273c9fce48
2019-08-28 22:18:16,540 [main] INFO  om.OzoneManager (OzoneManager.java:loadOMHAConfigs(602)) - Found matching OM address with OMServiceId: null, OMNodeId: null, RPC Address: localhost:0 and Ratis port: 9872
2019-08-28 22:18:16,827 | INFO  | SCMAudit | user=jenkins1000 | ip=127.0.0.1 | op=GET_SCM_INFO null | ret=SUCCESS |  
2019-08-28 22:18:17,335 [main] WARN  server.ServerUtils (ServerUtils.java:getDBPath(232)) - ozone.om.db.dirs is not configured. We recommend adding this setting. Falling back to ozone.metadata.dirs instead.
2019-08-28 22:18:17,343 [main] INFO  db.DBStoreBuilder (DBStoreBuilder.java:addTable(110)) - using custom profile for table: userTable
2019-08-28 22:18:17,343 [main] INFO  db.DBStoreBuilder (DBStoreBuilder.java:processTables(161)) - Using default column profile:DBProfile.DISK for Table:userTable
2019-08-28 22:18:17,343 [main] INFO  db.DBStoreBuilder (DBStoreBuilder.java:addTable(110)) - using custom profile for table: volumeTable
2019-08-28 22:18:17,344 [main] INFO  db.DBStoreBuilder (DBStoreBuilder.java:processTables(161)) - Using default column profile:DBProfile.DISK for Table:volumeTable
2019-08-28 22:18:17,344 [main] INFO  db.DBStoreBuilder (DBStoreBuilder.java:addTable(110)) - using custom profile for table: bucketTable
2019-08-28 22:18:17,344 [main] INFO  db.DBStoreBuilder (DBStoreBuilder.java:processTables(161)) - Using default column profile:DBProfile.DISK for Table:bucketTable
2019-08-28 22:18:17,344 [main] INFO  db.DBStoreBuilder (DBStoreBuilder.java:addTable(110)) - using custom profile for table: keyTable
2019-08-28 22:18:17,345 [main] INFO  db.DBStoreBuilder (DBStoreBuilder.java:processTables(161)) - Using default column profile:DBProfile.DISK for Table:keyTable
2019-08-28 22:18:17,345 [main] INFO  db.DBStoreBuilder (DBStoreBuilder.java:addTable(110)) - using custom profile for table: deletedTable
2019-08-28 22:18:17,345 [main] INFO  db.DBStoreBuilder (DBStoreBuilder.java:processTables(161)) - Using default column profile:DBProfile.DISK for Table:deletedTable
2019-08-28 22:18:17,345 [main] INFO  db.DBStoreBuilder (DBStoreBuilder.java:addTable(110)) - using custom profile for table: openKeyTable
2019-08-28 22:18:17,346 [main] INFO  db.DBStoreBuilder (DBStoreBuilder.java:processTables(161)) - Using default column profile:DBProfile.DISK for Table:openKeyTable
2019-08-28 22:18:17,346 [main] INFO  db.DBStoreBuilder (DBStoreBuilder.java:addTable(110)) - using custom profile for table: s3Table
2019-08-28 22:18:17,346 [main] INFO  db.DBStoreBuilder (DBStoreBuilder.java:processTables(161)) - Using default column profile:DBProfile.DISK for Table:s3Table
2019-08-28 22:18:17,346 [main] INFO  db.DBStoreBuilder (DBStoreBuilder.java:addTable(110)) - using custom profile for table: multipartInfoTable
2019-08-28 22:18:17,347 [main] INFO  db.DBStoreBuilder (DBStoreBuilder.java:processTables(161)) - Using default column profile:DBProfile.DISK for Table:multipartInfoTable
2019-08-28 22:18:17,347 [main] INFO  db.DBStoreBuilder (DBStoreBuilder.java:addTable(110)) - using custom profile for table: dTokenTable
2019-08-28 22:18:17,347 [main] INFO  db.DBStoreBuilder (DBStoreBuilder.java:processTables(161)) - Using default column profile:DBProfile.DISK for Table:dTokenTable
2019-08-28 22:18:17,347 [main] INFO  db.DBStoreBuilder (DBStoreBuilder.java:addTable(110)) - using custom profile for table: s3SecretTable
2019-08-28 22:18:17,348 [main] INFO  db.DBStoreBuilder (DBStoreBuilder.java:processTables(161)) - Using default column profile:DBProfile.DISK for Table:s3SecretTable
2019-08-28 22:18:17,348 [main] INFO  db.DBStoreBuilder (DBStoreBuilder.java:addTable(110)) - using custom profile for table: prefixTable
2019-08-28 22:18:17,348 [main] INFO  db.DBStoreBuilder (DBStoreBuilder.java:processTables(161)) - Using default column profile:DBProfile.DISK for Table:prefixTable
2019-08-28 22:18:17,348 [main] INFO  db.DBStoreBuilder (DBStoreBuilder.java:addTable(110)) - using custom profile for table: default
2019-08-28 22:18:17,349 [main] INFO  db.DBStoreBuilder (DBStoreBuilder.java:processTables(167)) - Using default column profile:DBProfile.DISK for Table:default
2019-08-28 22:18:17,349 [main] INFO  db.DBStoreBuilder (DBStoreBuilder.java:getDbProfile(198)) - Using default options. DBProfile.DISK
2019-08-28 22:18:18,370 [main] INFO  ipc.CallQueueManager (CallQueueManager.java:<init>(84)) - Using callQueue: class java.util.concurrent.LinkedBlockingQueue, queueCapacity: 2000, scheduler: class org.apache.hadoop.ipc.DefaultRpcScheduler, ipcBackoff: false.
2019-08-28 22:18:18,371 [Socket Reader #1 for port 45546] INFO  ipc.Server (Server.java:run(1074)) - Starting Socket Reader #1 for port 45546
2019-08-28 22:18:18,392 [main] INFO  om.OzoneManager (OzoneManager.java:start(1256)) - OzoneManager RPC server is listening at localhost/127.0.0.1:45546
2019-08-28 22:18:18,392 [main] INFO  impl.MetricsSystemImpl (MetricsSystemImpl.java:init(158)) - OzoneManager metrics system started (again)
2019-08-28 22:18:18,393 [IPC Server listener on 45546] INFO  ipc.Server (Server.java:run(1153)) - IPC Server listener on 45546: starting
2019-08-28 22:18:18,393 [IPC Server Responder] INFO  ipc.Server (Server.java:run(1314)) - IPC Server Responder: starting
2019-08-28 22:18:18,399 [main] INFO  hdfs.DFSUtil (DFSUtil.java:httpServerTemplateForNNAndJN(1641)) - Starting Web-server for ozoneManager at: http://0.0.0.0:0
2019-08-28 22:18:18,401 [main] INFO  server.AuthenticationFilter (AuthenticationFilter.java:constructSecretProvider(240)) - Unable to initialize FileSignerSecretProvider, falling back to use random secrets.
2019-08-28 22:18:18,402 [main] WARN  http.HttpRequestLog (HttpRequestLog.java:getRequestLog(97)) - Jetty request log can only be enabled using Log4j
2019-08-28 22:18:18,587 [main] INFO  http.HttpServer2 (HttpServer2.java:addGlobalFilter(975)) - Added global filter 'safety' (class=org.apache.hadoop.http.HttpServer2$QuotingInputFilter)
2019-08-28 22:18:18,591 [main] INFO  http.HttpServer2 (HttpServer2.java:addFilter(948)) - Added filter static_user_filter (class=org.apache.hadoop.http.lib.StaticUserWebFilter$StaticUserFilter) to context ozoneManager
2019-08-28 22:18:18,592 [main] INFO  http.HttpServer2 (HttpServer2.java:addFilter(958)) - Added filter static_user_filter (class=org.apache.hadoop.http.lib.StaticUserWebFilter$StaticUserFilter) to context logs
2019-08-28 22:18:18,592 [main] INFO  http.HttpServer2 (HttpServer2.java:addFilter(958)) - Added filter static_user_filter (class=org.apache.hadoop.http.lib.StaticUserWebFilter$StaticUserFilter) to context static
2019-08-28 22:18:18,595 [main] INFO  http.HttpServer2 (HttpServer2.java:bindListener(1191)) - Jetty bound to port 40576
2019-08-28 22:18:18,595 [main] INFO  server.Server (Server.java:doStart(351)) - jetty-9.3.24.v20180605, build timestamp: 2018-06-05T17:11:56Z, git hash: 84205aa28f11a4f31f2a3b86d1bba2cc8ab69827
2019-08-28 22:18:18,598 [main] INFO  handler.ContextHandler (ContextHandler.java:doStart(781)) - Started o.e.j.s.ServletContextHandler@a64e035{/logs,file:///workdir/hadoop-ozone/integration-test/target/log,AVAILABLE}
2019-08-28 22:18:18,599 [main] INFO  handler.ContextHandler (ContextHandler.java:doStart(781)) - Started o.e.j.s.ServletContextHandler@41c204a0{/static,file:///workdir/hadoop-ozone/integration-test/target/test-classes/webapps/static,AVAILABLE}
2019-08-28 22:18:18,606 [main] INFO  handler.ContextHandler (ContextHandler.java:doStart(781)) - Started o.e.j.w.WebAppContext@7d755813{/,file:///workdir/hadoop-ozone/integration-test/target/test-classes/webapps/ozoneManager/,AVAILABLE}{/ozoneManager}
2019-08-28 22:18:18,607 [main] INFO  server.AbstractConnector (AbstractConnector.java:doStart(278)) - Started ServerConnector@69c93ca4{HTTP/1.1,[http/1.1]}{0.0.0.0:40576}
2019-08-28 22:18:18,608 [main] INFO  server.Server (Server.java:doStart(419)) - Started @6110ms
2019-08-28 22:18:18,610 [main] INFO  server.BaseHttpServer (BaseHttpServer.java:updateConnectorAddress(226)) - HTTP server of OZONEMANAGER is listening at http://0.0.0.0:40576
2019-08-28 22:18:18,786 [main] INFO  impl.MetricsSystemImpl (MetricsSystemImpl.java:init(158)) - HddsDatanode metrics system started (again)
2019-08-28 22:18:18,887 [main] INFO  ozone.HddsDatanodeService (HddsDatanodeService.java:start(190)) - HddsDatanodeService host:pr-hdds-1909-jt4r9-1943541209 ip:192.168.36.111
2019-08-28 22:18:18,930 [main] INFO  volume.HddsVolume (HddsVolume.java:<init>(176)) - Creating Volume: /workdir/hadoop-ozone/integration-test/target/test-dir/MiniOzoneClusterImpl-53b3dfef-8820-4046-84bd-1701a2883846/datanode-0/data/containers/hdds of  storage type : DISK and capacity : 1482555576320
2019-08-28 22:18:18,932 [main] INFO  volume.VolumeSet (VolumeSet.java:initializeVolumeSet(170)) - Added Volume : /workdir/hadoop-ozone/integration-test/target/test-dir/MiniOzoneClusterImpl-53b3dfef-8820-4046-84bd-1701a2883846/datanode-0/data/containers/hdds to VolumeSet
2019-08-28 22:18:18,935 [main] INFO  volume.ThrottledAsyncChecker (ThrottledAsyncChecker.java:schedule(140)) - Scheduling a check for org.apache.hadoop.ozone.container.common.volume.HddsVolume@58b67519
2019-08-28 22:18:18,953 [main] INFO  volume.HddsVolumeChecker (HddsVolumeChecker.java:checkAllVolumes(203)) - Scheduled health check for volume org.apache.hadoop.ozone.container.common.volume.HddsVolume@58b67519
2019-08-28 22:18:19,058 [main] INFO  impl.RaftServerProxy (ConfUtils.java:logGet(43)) - raft.rpc.type = GRPC (default)
2019-08-28 22:18:19,126 [main] INFO  grpc.GrpcFactory (GrpcFactory.java:checkPooledByteBufAllocatorUseCacheForAllThreads(45)) - PERFORMANCE WARNING: useCacheForAllThreads is true that may cause Netty to create a lot garbage objects and, as a result, trigger GC.
	It is recommended to disable useCacheForAllThreads by setting -Dorg.apache.ratis.thirdparty.io.netty.allocator.useCacheForAllThreads=false in command line.
2019-08-28 22:18:19,131 [main] INFO  grpc.GrpcConfigKeys$Server (ConfUtils.java:logGet(43)) - raft.grpc.server.port = 0 (default)
2019-08-28 22:18:19,132 [main] INFO  server.GrpcService (ConfUtils.java:logGet(43)) - raft.grpc.message.size.max = 33570816 (custom)
2019-08-28 22:18:19,133 [main] INFO  server.RaftServerConfigKeys (ConfUtils.java:logGet(43)) - raft.server.log.appender.buffer.byte-limit = 33554432 (custom)
2019-08-28 22:18:19,134 [main] INFO  server.GrpcService (ConfUtils.java:logGet(43)) - raft.grpc.flow.control.window = 1MB (=1048576) (default)
2019-08-28 22:18:19,135 [main] INFO  server.RaftServerConfigKeys (ConfUtils.java:logGet(43)) - raft.server.rpc.request.timeout = 3000ms (default)
2019-08-28 22:18:19,294 [main] INFO  server.RaftServerConfigKeys (ConfUtils.java:logGet(43)) - raft.server.storage.dir = [/workdir/hadoop-ozone/integration-test/target/test-dir/MiniOzoneClusterImpl-53b3dfef-8820-4046-84bd-1701a2883846/datanode-0/data/ratis] (custom)
2019-08-28 22:18:19,334 [main] INFO  replication.SimpleContainerDownloader (SimpleContainerDownloader.java:<init>(72)) - Starting container downloader service to copy containers to replicate.
2019-08-28 22:18:19,346 [main] INFO  hdfs.DFSUtil (DFSUtil.java:httpServerTemplateForNNAndJN(1641)) - Starting Web-server for hddsDatanode at: http://0.0.0.0:0
2019-08-28 22:18:19,349 [main] INFO  server.AuthenticationFilter (AuthenticationFilter.java:constructSecretProvider(240)) - Unable to initialize FileSignerSecretProvider, falling back to use random secrets.
2019-08-28 22:18:19,350 [main] WARN  http.HttpRequestLog (HttpRequestLog.java:getRequestLog(97)) - Jetty request log can only be enabled using Log4j
2019-08-28 22:18:19,353 [main] INFO  http.HttpServer2 (HttpServer2.java:addGlobalFilter(975)) - Added global filter 'safety' (class=org.apache.hadoop.http.HttpServer2$QuotingInputFilter)
2019-08-28 22:18:19,355 [main] INFO  http.HttpServer2 (HttpServer2.java:addFilter(948)) - Added filter static_user_filter (class=org.apache.hadoop.http.lib.StaticUserWebFilter$StaticUserFilter) to context hddsDatanode
2019-08-28 22:18:19,355 [main] INFO  http.HttpServer2 (HttpServer2.java:addFilter(958)) - Added filter static_user_filter (class=org.apache.hadoop.http.lib.StaticUserWebFilter$StaticUserFilter) to context static
2019-08-28 22:18:19,356 [main] INFO  http.HttpServer2 (HttpServer2.java:addFilter(958)) - Added filter static_user_filter (class=org.apache.hadoop.http.lib.StaticUserWebFilter$StaticUserFilter) to context logs
2019-08-28 22:18:19,357 [main] INFO  http.HttpServer2 (HttpServer2.java:bindListener(1191)) - Jetty bound to port 46282
2019-08-28 22:18:19,357 [main] INFO  server.Server (Server.java:doStart(351)) - jetty-9.3.24.v20180605, build timestamp: 2018-06-05T17:11:56Z, git hash: 84205aa28f11a4f31f2a3b86d1bba2cc8ab69827
2019-08-28 22:18:19,360 [main] INFO  handler.ContextHandler (ContextHandler.java:doStart(781)) - Started o.e.j.s.ServletContextHandler@17fa1336{/logs,file:///workdir/hadoop-ozone/integration-test/target/log,AVAILABLE}
2019-08-28 22:18:19,361 [main] INFO  handler.ContextHandler (ContextHandler.java:doStart(781)) - Started o.e.j.s.ServletContextHandler@68b9834c{/static,jar:file:/home/user/.m2/repository/org/apache/hadoop/hadoop-hdds-container-service/0.5.0-SNAPSHOT/hadoop-hdds-container-service-0.5.0-SNAPSHOT.jar!/webapps/static,AVAILABLE}
2019-08-28 22:18:19,410 [main] INFO  handler.ContextHandler (ContextHandler.java:doStart(781)) - Started o.e.j.w.WebAppContext@934b52f{/,file:///tmp/jetty-0.0.0.0-46282-hddsDatanode-_-any-8602122381248452483.dir/webapp/,AVAILABLE}{/hddsDatanode}
2019-08-28 22:18:19,411 [main] INFO  server.AbstractConnector (AbstractConnector.java:doStart(278)) - Started ServerConnector@2630dbc4{HTTP/1.1,[http/1.1]}{0.0.0.0:46282}
2019-08-28 22:18:19,411 [main] INFO  server.Server (Server.java:doStart(419)) - Started @6913ms
2019-08-28 22:18:19,413 [main] INFO  server.BaseHttpServer (BaseHttpServer.java:updateConnectorAddress(226)) - HTTP server of HDDSDATANODE is listening at http://0.0.0.0:46282
2019-08-28 22:18:19,414 [main] INFO  impl.MetricsSystemImpl (MetricsSystemImpl.java:init(158)) - HddsDatanode metrics system started (again)
2019-08-28 22:18:19,417 [main] INFO  ozone.HddsDatanodeService (HddsDatanodeService.java:start(190)) - HddsDatanodeService host:pr-hdds-1909-jt4r9-1943541209 ip:192.168.36.111
2019-08-28 22:18:19,420 [org.apache.hadoop.util.JvmPauseMonitor$Monitor@42e89b11] INFO  util.JvmPauseMonitor (JvmPauseMonitor.java:run(188)) - Starting JVM pause monitor
2019-08-28 22:18:19,426 [main] INFO  volume.HddsVolume (HddsVolume.java:<init>(176)) - Creating Volume: /workdir/hadoop-ozone/integration-test/target/test-dir/MiniOzoneClusterImpl-53b3dfef-8820-4046-84bd-1701a2883846/datanode-1/data/containers/hdds of  storage type : DISK and capacity : 1482555576320
2019-08-28 22:18:19,426 [main] INFO  volume.VolumeSet (VolumeSet.java:initializeVolumeSet(170)) - Added Volume : /workdir/hadoop-ozone/integration-test/target/test-dir/MiniOzoneClusterImpl-53b3dfef-8820-4046-84bd-1701a2883846/datanode-1/data/containers/hdds to VolumeSet
2019-08-28 22:18:19,426 [main] INFO  volume.ThrottledAsyncChecker (ThrottledAsyncChecker.java:schedule(140)) - Scheduling a check for org.apache.hadoop.ozone.container.common.volume.HddsVolume@32130e61
2019-08-28 22:18:19,427 [main] INFO  volume.HddsVolumeChecker (HddsVolumeChecker.java:checkAllVolumes(203)) - Scheduled health check for volume org.apache.hadoop.ozone.container.common.volume.HddsVolume@32130e61
2019-08-28 22:18:19,444 [main] INFO  impl.RaftServerProxy (ConfUtils.java:logGet(43)) - raft.rpc.type = GRPC (default)
2019-08-28 22:18:19,444 [main] INFO  grpc.GrpcFactory (GrpcFactory.java:checkPooledByteBufAllocatorUseCacheForAllThreads(45)) - PERFORMANCE WARNING: useCacheForAllThreads is true that may cause Netty to create a lot garbage objects and, as a result, trigger GC.
	It is recommended to disable useCacheForAllThreads by setting -Dorg.apache.ratis.thirdparty.io.netty.allocator.useCacheForAllThreads=false in command line.
2019-08-28 22:18:19,444 [main] INFO  grpc.GrpcConfigKeys$Server (ConfUtils.java:logGet(43)) - raft.grpc.server.port = 0 (default)
2019-08-28 22:18:19,445 [main] INFO  server.GrpcService (ConfUtils.java:logGet(43)) - raft.grpc.message.size.max = 33570816 (custom)
2019-08-28 22:18:19,445 [main] INFO  server.RaftServerConfigKeys (ConfUtils.java:logGet(43)) - raft.server.log.appender.buffer.byte-limit = 33554432 (custom)
2019-08-28 22:18:19,445 [main] INFO  server.GrpcService (ConfUtils.java:logGet(43)) - raft.grpc.flow.control.window = 1MB (=1048576) (default)
2019-08-28 22:18:19,446 [main] INFO  server.RaftServerConfigKeys (ConfUtils.java:logGet(43)) - raft.server.rpc.request.timeout = 3000ms (default)
2019-08-28 22:18:19,446 [main] INFO  server.RaftServerConfigKeys (ConfUtils.java:logGet(43)) - raft.server.storage.dir = [/workdir/hadoop-ozone/integration-test/target/test-dir/MiniOzoneClusterImpl-53b3dfef-8820-4046-84bd-1701a2883846/datanode-1/data/ratis] (custom)
2019-08-28 22:18:19,447 [main] INFO  replication.SimpleContainerDownloader (SimpleContainerDownloader.java:<init>(72)) - Starting container downloader service to copy containers to replicate.
2019-08-28 22:18:19,448 [main] INFO  hdfs.DFSUtil (DFSUtil.java:httpServerTemplateForNNAndJN(1641)) - Starting Web-server for hddsDatanode at: http://0.0.0.0:0
2019-08-28 22:18:19,449 [main] INFO  server.AuthenticationFilter (AuthenticationFilter.java:constructSecretProvider(240)) - Unable to initialize FileSignerSecretProvider, falling back to use random secrets.
2019-08-28 22:18:19,450 [main] WARN  http.HttpRequestLog (HttpRequestLog.java:getRequestLog(97)) - Jetty request log can only be enabled using Log4j
2019-08-28 22:18:19,452 [main] INFO  http.HttpServer2 (HttpServer2.java:addGlobalFilter(975)) - Added global filter 'safety' (class=org.apache.hadoop.http.HttpServer2$QuotingInputFilter)
2019-08-28 22:18:19,453 [main] INFO  http.HttpServer2 (HttpServer2.java:addFilter(948)) - Added filter static_user_filter (class=org.apache.hadoop.http.lib.StaticUserWebFilter$StaticUserFilter) to context hddsDatanode
2019-08-28 22:18:19,453 [main] INFO  http.HttpServer2 (HttpServer2.java:addFilter(958)) - Added filter static_user_filter (class=org.apache.hadoop.http.lib.StaticUserWebFilter$StaticUserFilter) to context logs
2019-08-28 22:18:19,453 [main] INFO  http.HttpServer2 (HttpServer2.java:addFilter(958)) - Added filter static_user_filter (class=org.apache.hadoop.http.lib.StaticUserWebFilter$StaticUserFilter) to context static
2019-08-28 22:18:19,454 [main] INFO  http.HttpServer2 (HttpServer2.java:bindListener(1191)) - Jetty bound to port 37638
2019-08-28 22:18:19,454 [main] INFO  server.Server (Server.java:doStart(351)) - jetty-9.3.24.v20180605, build timestamp: 2018-06-05T17:11:56Z, git hash: 84205aa28f11a4f31f2a3b86d1bba2cc8ab69827
2019-08-28 22:18:19,459 [main] INFO  handler.ContextHandler (ContextHandler.java:doStart(781)) - Started o.e.j.s.ServletContextHandler@4f9a6c2d{/logs,file:///workdir/hadoop-ozone/integration-test/target/log,AVAILABLE}
2019-08-28 22:18:19,459 [main] INFO  handler.ContextHandler (ContextHandler.java:doStart(781)) - Started o.e.j.s.ServletContextHandler@75de6341{/static,jar:file:/home/user/.m2/repository/org/apache/hadoop/hadoop-hdds-container-service/0.5.0-SNAPSHOT/hadoop-hdds-container-service-0.5.0-SNAPSHOT.jar!/webapps/static,AVAILABLE}
2019-08-28 22:18:19,491 [main] INFO  handler.ContextHandler (ContextHandler.java:doStart(781)) - Started o.e.j.w.WebAppContext@64d4f7c7{/,file:///tmp/jetty-0.0.0.0-37638-hddsDatanode-_-any-7821761647897656739.dir/webapp/,AVAILABLE}{/hddsDatanode}
2019-08-28 22:18:19,491 [main] INFO  server.AbstractConnector (AbstractConnector.java:doStart(278)) - Started ServerConnector@54e02f6a{HTTP/1.1,[http/1.1]}{0.0.0.0:37638}
2019-08-28 22:18:19,492 [main] INFO  server.Server (Server.java:doStart(419)) - Started @6994ms
2019-08-28 22:18:19,494 [main] INFO  server.BaseHttpServer (BaseHttpServer.java:updateConnectorAddress(226)) - HTTP server of HDDSDATANODE is listening at http://0.0.0.0:37638
2019-08-28 22:18:19,494 [main] INFO  impl.MetricsSystemImpl (MetricsSystemImpl.java:init(158)) - HddsDatanode metrics system started (again)
2019-08-28 22:18:19,497 [main] INFO  ozone.HddsDatanodeService (HddsDatanodeService.java:start(190)) - HddsDatanodeService host:pr-hdds-1909-jt4r9-1943541209 ip:192.168.36.111
2019-08-28 22:18:19,497 [org.apache.hadoop.util.JvmPauseMonitor$Monitor@2fe80c40] INFO  util.JvmPauseMonitor (JvmPauseMonitor.java:run(188)) - Starting JVM pause monitor
2019-08-28 22:18:19,507 [main] INFO  volume.HddsVolume (HddsVolume.java:<init>(176)) - Creating Volume: /workdir/hadoop-ozone/integration-test/target/test-dir/MiniOzoneClusterImpl-53b3dfef-8820-4046-84bd-1701a2883846/datanode-2/data/containers/hdds of  storage type : DISK and capacity : 1482555576320
2019-08-28 22:18:19,508 [main] INFO  volume.VolumeSet (VolumeSet.java:initializeVolumeSet(170)) - Added Volume : /workdir/hadoop-ozone/integration-test/target/test-dir/MiniOzoneClusterImpl-53b3dfef-8820-4046-84bd-1701a2883846/datanode-2/data/containers/hdds to VolumeSet
2019-08-28 22:18:19,508 [main] INFO  volume.ThrottledAsyncChecker (ThrottledAsyncChecker.java:schedule(140)) - Scheduling a check for org.apache.hadoop.ozone.container.common.volume.HddsVolume@4acb7ecc
2019-08-28 22:18:19,509 [main] INFO  volume.HddsVolumeChecker (HddsVolumeChecker.java:checkAllVolumes(203)) - Scheduled health check for volume org.apache.hadoop.ozone.container.common.volume.HddsVolume@4acb7ecc
2019-08-28 22:18:19,524 [main] INFO  impl.RaftServerProxy (ConfUtils.java:logGet(43)) - raft.rpc.type = GRPC (default)
2019-08-28 22:18:19,524 [main] INFO  grpc.GrpcFactory (GrpcFactory.java:checkPooledByteBufAllocatorUseCacheForAllThreads(45)) - PERFORMANCE WARNING: useCacheForAllThreads is true that may cause Netty to create a lot garbage objects and, as a result, trigger GC.
	It is recommended to disable useCacheForAllThreads by setting -Dorg.apache.ratis.thirdparty.io.netty.allocator.useCacheForAllThreads=false in command line.
2019-08-28 22:18:19,525 [main] INFO  grpc.GrpcConfigKeys$Server (ConfUtils.java:logGet(43)) - raft.grpc.server.port = 0 (default)
2019-08-28 22:18:19,525 [main] INFO  server.GrpcService (ConfUtils.java:logGet(43)) - raft.grpc.message.size.max = 33570816 (custom)
2019-08-28 22:18:19,525 [main] INFO  server.RaftServerConfigKeys (ConfUtils.java:logGet(43)) - raft.server.log.appender.buffer.byte-limit = 33554432 (custom)
2019-08-28 22:18:19,526 [main] INFO  server.GrpcService (ConfUtils.java:logGet(43)) - raft.grpc.flow.control.window = 1MB (=1048576) (default)
2019-08-28 22:18:19,526 [main] INFO  server.RaftServerConfigKeys (ConfUtils.java:logGet(43)) - raft.server.rpc.request.timeout = 3000ms (default)
2019-08-28 22:18:19,527 [main] INFO  server.RaftServerConfigKeys (ConfUtils.java:logGet(43)) - raft.server.storage.dir = [/workdir/hadoop-ozone/integration-test/target/test-dir/MiniOzoneClusterImpl-53b3dfef-8820-4046-84bd-1701a2883846/datanode-2/data/ratis] (custom)
2019-08-28 22:18:19,528 [main] INFO  replication.SimpleContainerDownloader (SimpleContainerDownloader.java:<init>(72)) - Starting container downloader service to copy containers to replicate.
2019-08-28 22:18:19,529 [main] INFO  hdfs.DFSUtil (DFSUtil.java:httpServerTemplateForNNAndJN(1641)) - Starting Web-server for hddsDatanode at: http://0.0.0.0:0
2019-08-28 22:18:19,530 [main] INFO  server.AuthenticationFilter (AuthenticationFilter.java:constructSecretProvider(240)) - Unable to initialize FileSignerSecretProvider, falling back to use random secrets.
2019-08-28 22:18:19,531 [main] WARN  http.HttpRequestLog (HttpRequestLog.java:getRequestLog(97)) - Jetty request log can only be enabled using Log4j
2019-08-28 22:18:19,533 [main] INFO  http.HttpServer2 (HttpServer2.java:addGlobalFilter(975)) - Added global filter 'safety' (class=org.apache.hadoop.http.HttpServer2$QuotingInputFilter)
2019-08-28 22:18:19,533 [main] INFO  http.HttpServer2 (HttpServer2.java:addFilter(948)) - Added filter static_user_filter (class=org.apache.hadoop.http.lib.StaticUserWebFilter$StaticUserFilter) to context hddsDatanode
2019-08-28 22:18:19,533 [main] INFO  http.HttpServer2 (HttpServer2.java:addFilter(958)) - Added filter static_user_filter (class=org.apache.hadoop.http.lib.StaticUserWebFilter$StaticUserFilter) to context logs
2019-08-28 22:18:19,534 [main] INFO  http.HttpServer2 (HttpServer2.java:addFilter(958)) - Added filter static_user_filter (class=org.apache.hadoop.http.lib.StaticUserWebFilter$StaticUserFilter) to context static
2019-08-28 22:18:19,534 [main] INFO  http.HttpServer2 (HttpServer2.java:bindListener(1191)) - Jetty bound to port 33813
2019-08-28 22:18:19,535 [main] INFO  server.Server (Server.java:doStart(351)) - jetty-9.3.24.v20180605, build timestamp: 2018-06-05T17:11:56Z, git hash: 84205aa28f11a4f31f2a3b86d1bba2cc8ab69827
2019-08-28 22:18:19,537 [main] INFO  handler.ContextHandler (ContextHandler.java:doStart(781)) - Started o.e.j.s.ServletContextHandler@4437ac07{/logs,file:///workdir/hadoop-ozone/integration-test/target/log,AVAILABLE}
2019-08-28 22:18:19,538 [main] INFO  handler.ContextHandler (ContextHandler.java:doStart(781)) - Started o.e.j.s.ServletContextHandler@753aca85{/static,jar:file:/home/user/.m2/repository/org/apache/hadoop/hadoop-hdds-container-service/0.5.0-SNAPSHOT/hadoop-hdds-container-service-0.5.0-SNAPSHOT.jar!/webapps/static,AVAILABLE}
2019-08-28 22:18:19,561 [Datanode State Machine Thread - 0] INFO  datanode.InitDatanodeState (InitDatanodeState.java:persistContainerDatanodeDetails(140)) - DatanodeDetails is persisted to /workdir/hadoop-ozone/integration-test/target/test-dir/MiniOzoneClusterImpl-53b3dfef-8820-4046-84bd-1701a2883846/datanode-0/meta/datanode.id
2019-08-28 22:18:19,567 [Datanode State Machine Thread - 0] INFO  datanode.InitDatanodeState (InitDatanodeState.java:persistContainerDatanodeDetails(140)) - DatanodeDetails is persisted to /workdir/hadoop-ozone/integration-test/target/test-dir/MiniOzoneClusterImpl-53b3dfef-8820-4046-84bd-1701a2883846/datanode-1/meta/datanode.id
2019-08-28 22:18:19,574 [main] INFO  handler.ContextHandler (ContextHandler.java:doStart(781)) - Started o.e.j.w.WebAppContext@648d0e6d{/,file:///tmp/jetty-0.0.0.0-33813-hddsDatanode-_-any-8705704807285953762.dir/webapp/,AVAILABLE}{/hddsDatanode}
2019-08-28 22:18:19,575 [main] INFO  server.AbstractConnector (AbstractConnector.java:doStart(278)) - Started ServerConnector@79e66b2f{HTTP/1.1,[http/1.1]}{0.0.0.0:33813}
2019-08-28 22:18:19,576 [main] INFO  server.Server (Server.java:doStart(419)) - Started @7078ms
2019-08-28 22:18:19,577 [main] INFO  server.BaseHttpServer (BaseHttpServer.java:updateConnectorAddress(226)) - HTTP server of HDDSDATANODE is listening at http://0.0.0.0:33813
2019-08-28 22:18:19,577 [main] INFO  impl.MetricsSystemImpl (MetricsSystemImpl.java:init(158)) - HddsDatanode metrics system started (again)
2019-08-28 22:18:19,581 [main] INFO  ozone.HddsDatanodeService (HddsDatanodeService.java:start(190)) - HddsDatanodeService host:pr-hdds-1909-jt4r9-1943541209 ip:192.168.36.111
2019-08-28 22:18:19,581 [org.apache.hadoop.util.JvmPauseMonitor$Monitor@771d6823] INFO  util.JvmPauseMonitor (JvmPauseMonitor.java:run(188)) - Starting JVM pause monitor
2019-08-28 22:18:19,584 [Datanode State Machine Thread - 0] INFO  datanode.InitDatanodeState (InitDatanodeState.java:persistContainerDatanodeDetails(140)) - DatanodeDetails is persisted to /workdir/hadoop-ozone/integration-test/target/test-dir/MiniOzoneClusterImpl-53b3dfef-8820-4046-84bd-1701a2883846/datanode-2/meta/datanode.id
2019-08-28 22:18:19,589 [main] INFO  volume.HddsVolume (HddsVolume.java:<init>(176)) - Creating Volume: /workdir/hadoop-ozone/integration-test/target/test-dir/MiniOzoneClusterImpl-53b3dfef-8820-4046-84bd-1701a2883846/datanode-3/data/containers/hdds of  storage type : DISK and capacity : 1482555576320
2019-08-28 22:18:19,590 [main] INFO  volume.VolumeSet (VolumeSet.java:initializeVolumeSet(170)) - Added Volume : /workdir/hadoop-ozone/integration-test/target/test-dir/MiniOzoneClusterImpl-53b3dfef-8820-4046-84bd-1701a2883846/datanode-3/data/containers/hdds to VolumeSet
2019-08-28 22:18:19,590 [main] INFO  volume.ThrottledAsyncChecker (ThrottledAsyncChecker.java:schedule(140)) - Scheduling a check for org.apache.hadoop.ozone.container.common.volume.HddsVolume@7b122839
2019-08-28 22:18:19,590 [main] INFO  volume.HddsVolumeChecker (HddsVolumeChecker.java:checkAllVolumes(203)) - Scheduled health check for volume org.apache.hadoop.ozone.container.common.volume.HddsVolume@7b122839
2019-08-28 22:18:19,606 [main] INFO  impl.RaftServerProxy (ConfUtils.java:logGet(43)) - raft.rpc.type = GRPC (default)
2019-08-28 22:18:19,606 [main] INFO  grpc.GrpcFactory (GrpcFactory.java:checkPooledByteBufAllocatorUseCacheForAllThreads(45)) - PERFORMANCE WARNING: useCacheForAllThreads is true that may cause Netty to create a lot garbage objects and, as a result, trigger GC.
	It is recommended to disable useCacheForAllThreads by setting -Dorg.apache.ratis.thirdparty.io.netty.allocator.useCacheForAllThreads=false in command line.
2019-08-28 22:18:19,607 [main] INFO  grpc.GrpcConfigKeys$Server (ConfUtils.java:logGet(43)) - raft.grpc.server.port = 0 (default)
2019-08-28 22:18:19,607 [main] INFO  server.GrpcService (ConfUtils.java:logGet(43)) - raft.grpc.message.size.max = 33570816 (custom)
2019-08-28 22:18:19,607 [main] INFO  server.RaftServerConfigKeys (ConfUtils.java:logGet(43)) - raft.server.log.appender.buffer.byte-limit = 33554432 (custom)
2019-08-28 22:18:19,608 [main] INFO  server.GrpcService (ConfUtils.java:logGet(43)) - raft.grpc.flow.control.window = 1MB (=1048576) (default)
2019-08-28 22:18:19,608 [main] INFO  server.RaftServerConfigKeys (ConfUtils.java:logGet(43)) - raft.server.rpc.request.timeout = 3000ms (default)
2019-08-28 22:18:19,608 [main] INFO  server.RaftServerConfigKeys (ConfUtils.java:logGet(43)) - raft.server.storage.dir = [/workdir/hadoop-ozone/integration-test/target/test-dir/MiniOzoneClusterImpl-53b3dfef-8820-4046-84bd-1701a2883846/datanode-3/data/ratis] (custom)
2019-08-28 22:18:19,609 [main] INFO  replication.SimpleContainerDownloader (SimpleContainerDownloader.java:<init>(72)) - Starting container downloader service to copy containers to replicate.
2019-08-28 22:18:19,610 [main] INFO  hdfs.DFSUtil (DFSUtil.java:httpServerTemplateForNNAndJN(1641)) - Starting Web-server for hddsDatanode at: http://0.0.0.0:0
2019-08-28 22:18:19,612 [main] INFO  server.AuthenticationFilter (AuthenticationFilter.java:constructSecretProvider(240)) - Unable to initialize FileSignerSecretProvider, falling back to use random secrets.
2019-08-28 22:18:19,612 [main] WARN  http.HttpRequestLog (HttpRequestLog.java:getRequestLog(97)) - Jetty request log can only be enabled using Log4j
2019-08-28 22:18:19,614 [main] INFO  http.HttpServer2 (HttpServer2.java:addGlobalFilter(975)) - Added global filter 'safety' (class=org.apache.hadoop.http.HttpServer2$QuotingInputFilter)
2019-08-28 22:18:19,615 [main] INFO  http.HttpServer2 (HttpServer2.java:addFilter(948)) - Added filter static_user_filter (class=org.apache.hadoop.http.lib.StaticUserWebFilter$StaticUserFilter) to context hddsDatanode
2019-08-28 22:18:19,615 [main] INFO  http.HttpServer2 (HttpServer2.java:addFilter(958)) - Added filter static_user_filter (class=org.apache.hadoop.http.lib.StaticUserWebFilter$StaticUserFilter) to context logs
2019-08-28 22:18:19,615 [main] INFO  http.HttpServer2 (HttpServer2.java:addFilter(958)) - Added filter static_user_filter (class=org.apache.hadoop.http.lib.StaticUserWebFilter$StaticUserFilter) to context static
2019-08-28 22:18:19,616 [main] INFO  http.HttpServer2 (HttpServer2.java:bindListener(1191)) - Jetty bound to port 43484
2019-08-28 22:18:19,616 [main] INFO  server.Server (Server.java:doStart(351)) - jetty-9.3.24.v20180605, build timestamp: 2018-06-05T17:11:56Z, git hash: 84205aa28f11a4f31f2a3b86d1bba2cc8ab69827
2019-08-28 22:18:19,620 [main] INFO  handler.ContextHandler (ContextHandler.java:doStart(781)) - Started o.e.j.s.ServletContextHandler@55d58825{/logs,file:///workdir/hadoop-ozone/integration-test/target/log,AVAILABLE}
2019-08-28 22:18:19,621 [main] INFO  handler.ContextHandler (ContextHandler.java:doStart(781)) - Started o.e.j.s.ServletContextHandler@29a98d9f{/static,jar:file:/home/user/.m2/repository/org/apache/hadoop/hadoop-hdds-container-service/0.5.0-SNAPSHOT/hadoop-hdds-container-service-0.5.0-SNAPSHOT.jar!/webapps/static,AVAILABLE}
2019-08-28 22:18:19,649 [main] INFO  handler.ContextHandler (ContextHandler.java:doStart(781)) - Started o.e.j.w.WebAppContext@4acc5dff{/,file:///tmp/jetty-0.0.0.0-43484-hddsDatanode-_-any-6846564140039338849.dir/webapp/,AVAILABLE}{/hddsDatanode}
2019-08-28 22:18:19,650 [main] INFO  server.AbstractConnector (AbstractConnector.java:doStart(278)) - Started ServerConnector@10c72a6f{HTTP/1.1,[http/1.1]}{0.0.0.0:43484}
2019-08-28 22:18:19,651 [main] INFO  server.Server (Server.java:doStart(419)) - Started @7153ms
2019-08-28 22:18:19,651 [main] INFO  server.BaseHttpServer (BaseHttpServer.java:updateConnectorAddress(226)) - HTTP server of HDDSDATANODE is listening at http://0.0.0.0:43484
2019-08-28 22:18:19,651 [main] INFO  impl.MetricsSystemImpl (MetricsSystemImpl.java:init(158)) - HddsDatanode metrics system started (again)
2019-08-28 22:18:19,655 [main] INFO  ozone.HddsDatanodeService (HddsDatanodeService.java:start(190)) - HddsDatanodeService host:pr-hdds-1909-jt4r9-1943541209 ip:192.168.36.111
2019-08-28 22:18:19,655 [org.apache.hadoop.util.JvmPauseMonitor$Monitor@7dfdf3d3] INFO  util.JvmPauseMonitor (JvmPauseMonitor.java:run(188)) - Starting JVM pause monitor
2019-08-28 22:18:19,659 [Datanode State Machine Thread - 0] INFO  datanode.InitDatanodeState (InitDatanodeState.java:persistContainerDatanodeDetails(140)) - DatanodeDetails is persisted to /workdir/hadoop-ozone/integration-test/target/test-dir/MiniOzoneClusterImpl-53b3dfef-8820-4046-84bd-1701a2883846/datanode-3/meta/datanode.id
2019-08-28 22:18:19,664 [main] INFO  volume.HddsVolume (HddsVolume.java:<init>(176)) - Creating Volume: /workdir/hadoop-ozone/integration-test/target/test-dir/MiniOzoneClusterImpl-53b3dfef-8820-4046-84bd-1701a2883846/datanode-4/data/containers/hdds of  storage type : DISK and capacity : 1482555576320
2019-08-28 22:18:19,664 [main] INFO  volume.VolumeSet (VolumeSet.java:initializeVolumeSet(170)) - Added Volume : /workdir/hadoop-ozone/integration-test/target/test-dir/MiniOzoneClusterImpl-53b3dfef-8820-4046-84bd-1701a2883846/datanode-4/data/containers/hdds to VolumeSet
2019-08-28 22:18:19,664 [main] INFO  volume.ThrottledAsyncChecker (ThrottledAsyncChecker.java:schedule(140)) - Scheduling a check for org.apache.hadoop.ozone.container.common.volume.HddsVolume@71e4b308
2019-08-28 22:18:19,665 [main] INFO  volume.HddsVolumeChecker (HddsVolumeChecker.java:checkAllVolumes(203)) - Scheduled health check for volume org.apache.hadoop.ozone.container.common.volume.HddsVolume@71e4b308
2019-08-28 22:18:19,679 [main] INFO  impl.RaftServerProxy (ConfUtils.java:logGet(43)) - raft.rpc.type = GRPC (default)
2019-08-28 22:18:19,679 [main] INFO  grpc.GrpcFactory (GrpcFactory.java:checkPooledByteBufAllocatorUseCacheForAllThreads(45)) - PERFORMANCE WARNING: useCacheForAllThreads is true that may cause Netty to create a lot garbage objects and, as a result, trigger GC.
	It is recommended to disable useCacheForAllThreads by setting -Dorg.apache.ratis.thirdparty.io.netty.allocator.useCacheForAllThreads=false in command line.
2019-08-28 22:18:19,679 [main] INFO  grpc.GrpcConfigKeys$Server (ConfUtils.java:logGet(43)) - raft.grpc.server.port = 0 (default)
2019-08-28 22:18:19,680 [main] INFO  server.GrpcService (ConfUtils.java:logGet(43)) - raft.grpc.message.size.max = 33570816 (custom)
2019-08-28 22:18:19,680 [main] INFO  server.RaftServerConfigKeys (ConfUtils.java:logGet(43)) - raft.server.log.appender.buffer.byte-limit = 33554432 (custom)
2019-08-28 22:18:19,680 [main] INFO  server.GrpcService (ConfUtils.java:logGet(43)) - raft.grpc.flow.control.window = 1MB (=1048576) (default)
2019-08-28 22:18:19,680 [main] INFO  server.RaftServerConfigKeys (ConfUtils.java:logGet(43)) - raft.server.rpc.request.timeout = 3000ms (default)
2019-08-28 22:18:19,681 [main] INFO  server.RaftServerConfigKeys (ConfUtils.java:logGet(43)) - raft.server.storage.dir = [/workdir/hadoop-ozone/integration-test/target/test-dir/MiniOzoneClusterImpl-53b3dfef-8820-4046-84bd-1701a2883846/datanode-4/data/ratis] (custom)
2019-08-28 22:18:19,682 [main] INFO  replication.SimpleContainerDownloader (SimpleContainerDownloader.java:<init>(72)) - Starting container downloader service to copy containers to replicate.
2019-08-28 22:18:19,683 [main] INFO  hdfs.DFSUtil (DFSUtil.java:httpServerTemplateForNNAndJN(1641)) - Starting Web-server for hddsDatanode at: http://0.0.0.0:0
2019-08-28 22:18:19,684 [main] INFO  server.AuthenticationFilter (AuthenticationFilter.java:constructSecretProvider(240)) - Unable to initialize FileSignerSecretProvider, falling back to use random secrets.
2019-08-28 22:18:19,684 [main] WARN  http.HttpRequestLog (HttpRequestLog.java:getRequestLog(97)) - Jetty request log can only be enabled using Log4j
2019-08-28 22:18:19,686 [main] INFO  http.HttpServer2 (HttpServer2.java:addGlobalFilter(975)) - Added global filter 'safety' (class=org.apache.hadoop.http.HttpServer2$QuotingInputFilter)
2019-08-28 22:18:19,686 [main] INFO  http.HttpServer2 (HttpServer2.java:addFilter(948)) - Added filter static_user_filter (class=org.apache.hadoop.http.lib.StaticUserWebFilter$StaticUserFilter) to context hddsDatanode
2019-08-28 22:18:19,687 [main] INFO  http.HttpServer2 (HttpServer2.java:addFilter(958)) - Added filter static_user_filter (class=org.apache.hadoop.http.lib.StaticUserWebFilter$StaticUserFilter) to context static
2019-08-28 22:18:19,687 [main] INFO  http.HttpServer2 (HttpServer2.java:addFilter(958)) - Added filter static_user_filter (class=org.apache.hadoop.http.lib.StaticUserWebFilter$StaticUserFilter) to context logs
2019-08-28 22:18:19,687 [main] INFO  http.HttpServer2 (HttpServer2.java:bindListener(1191)) - Jetty bound to port 35642
2019-08-28 22:18:19,688 [main] INFO  server.Server (Server.java:doStart(351)) - jetty-9.3.24.v20180605, build timestamp: 2018-06-05T17:11:56Z, git hash: 84205aa28f11a4f31f2a3b86d1bba2cc8ab69827
2019-08-28 22:18:19,690 [main] INFO  handler.ContextHandler (ContextHandler.java:doStart(781)) - Started o.e.j.s.ServletContextHandler@4cb2918c{/logs,file:///workdir/hadoop-ozone/integration-test/target/log,AVAILABLE}
2019-08-28 22:18:19,691 [main] INFO  handler.ContextHandler (ContextHandler.java:doStart(781)) - Started o.e.j.s.ServletContextHandler@c2584d3{/static,jar:file:/home/user/.m2/repository/org/apache/hadoop/hadoop-hdds-container-service/0.5.0-SNAPSHOT/hadoop-hdds-container-service-0.5.0-SNAPSHOT.jar!/webapps/static,AVAILABLE}
2019-08-28 22:18:19,719 [main] INFO  handler.ContextHandler (ContextHandler.java:doStart(781)) - Started o.e.j.w.WebAppContext@2373ad99{/,file:///tmp/jetty-0.0.0.0-35642-hddsDatanode-_-any-5183165617908636508.dir/webapp/,AVAILABLE}{/hddsDatanode}
2019-08-28 22:18:19,719 [main] INFO  server.AbstractConnector (AbstractConnector.java:doStart(278)) - Started ServerConnector@33634f04{HTTP/1.1,[http/1.1]}{0.0.0.0:35642}
2019-08-28 22:18:19,720 [main] INFO  server.Server (Server.java:doStart(419)) - Started @7222ms
2019-08-28 22:18:19,721 [main] INFO  server.BaseHttpServer (BaseHttpServer.java:updateConnectorAddress(226)) - HTTP server of HDDSDATANODE is listening at http://0.0.0.0:35642
2019-08-28 22:18:19,721 [main] INFO  impl.MetricsSystemImpl (MetricsSystemImpl.java:init(158)) - HddsDatanode metrics system started (again)
2019-08-28 22:18:19,725 [org.apache.hadoop.util.JvmPauseMonitor$Monitor@5e679b25] INFO  util.JvmPauseMonitor (JvmPauseMonitor.java:run(188)) - Starting JVM pause monitor
2019-08-28 22:18:19,725 [main] INFO  ozone.HddsDatanodeService (HddsDatanodeService.java:start(190)) - HddsDatanodeService host:pr-hdds-1909-jt4r9-1943541209 ip:192.168.36.111
2019-08-28 22:18:19,728 [Datanode State Machine Thread - 0] INFO  datanode.InitDatanodeState (InitDatanodeState.java:persistContainerDatanodeDetails(140)) - DatanodeDetails is persisted to /workdir/hadoop-ozone/integration-test/target/test-dir/MiniOzoneClusterImpl-53b3dfef-8820-4046-84bd-1701a2883846/datanode-4/meta/datanode.id
2019-08-28 22:18:19,735 [main] INFO  volume.HddsVolume (HddsVolume.java:<init>(176)) - Creating Volume: /workdir/hadoop-ozone/integration-test/target/test-dir/MiniOzoneClusterImpl-53b3dfef-8820-4046-84bd-1701a2883846/datanode-5/data/containers/hdds of  storage type : DISK and capacity : 1482555576320
2019-08-28 22:18:19,735 [main] INFO  volume.VolumeSet (VolumeSet.java:initializeVolumeSet(170)) - Added Volume : /workdir/hadoop-ozone/integration-test/target/test-dir/MiniOzoneClusterImpl-53b3dfef-8820-4046-84bd-1701a2883846/datanode-5/data/containers/hdds to VolumeSet
2019-08-28 22:18:19,735 [main] INFO  volume.ThrottledAsyncChecker (ThrottledAsyncChecker.java:schedule(140)) - Scheduling a check for org.apache.hadoop.ozone.container.common.volume.HddsVolume@3291b443
2019-08-28 22:18:19,736 [main] INFO  volume.HddsVolumeChecker (HddsVolumeChecker.java:checkAllVolumes(203)) - Scheduled health check for volume org.apache.hadoop.ozone.container.common.volume.HddsVolume@3291b443
2019-08-28 22:18:19,752 [main] INFO  impl.RaftServerProxy (ConfUtils.java:logGet(43)) - raft.rpc.type = GRPC (default)
2019-08-28 22:18:19,752 [main] INFO  grpc.GrpcFactory (GrpcFactory.java:checkPooledByteBufAllocatorUseCacheForAllThreads(45)) - PERFORMANCE WARNING: useCacheForAllThreads is true that may cause Netty to create a lot garbage objects and, as a result, trigger GC.
	It is recommended to disable useCacheForAllThreads by setting -Dorg.apache.ratis.thirdparty.io.netty.allocator.useCacheForAllThreads=false in command line.
2019-08-28 22:18:19,752 [main] INFO  grpc.GrpcConfigKeys$Server (ConfUtils.java:logGet(43)) - raft.grpc.server.port = 0 (default)
2019-08-28 22:18:19,753 [main] INFO  server.GrpcService (ConfUtils.java:logGet(43)) - raft.grpc.message.size.max = 33570816 (custom)
2019-08-28 22:18:19,753 [main] INFO  server.RaftServerConfigKeys (ConfUtils.java:logGet(43)) - raft.server.log.appender.buffer.byte-limit = 33554432 (custom)
2019-08-28 22:18:19,753 [main] INFO  server.GrpcService (ConfUtils.java:logGet(43)) - raft.grpc.flow.control.window = 1MB (=1048576) (default)
2019-08-28 22:18:19,753 [main] INFO  server.RaftServerConfigKeys (ConfUtils.java:logGet(43)) - raft.server.rpc.request.timeout = 3000ms (default)
2019-08-28 22:18:19,754 [main] INFO  server.RaftServerConfigKeys (ConfUtils.java:logGet(43)) - raft.server.storage.dir = [/workdir/hadoop-ozone/integration-test/target/test-dir/MiniOzoneClusterImpl-53b3dfef-8820-4046-84bd-1701a2883846/datanode-5/data/ratis] (custom)
2019-08-28 22:18:19,755 [main] INFO  replication.SimpleContainerDownloader (SimpleContainerDownloader.java:<init>(72)) - Starting container downloader service to copy containers to replicate.
2019-08-28 22:18:19,756 [main] INFO  hdfs.DFSUtil (DFSUtil.java:httpServerTemplateForNNAndJN(1641)) - Starting Web-server for hddsDatanode at: http://0.0.0.0:0
2019-08-28 22:18:19,757 [main] INFO  server.AuthenticationFilter (AuthenticationFilter.java:constructSecretProvider(240)) - Unable to initialize FileSignerSecretProvider, falling back to use random secrets.
2019-08-28 22:18:19,757 [main] WARN  http.HttpRequestLog (HttpRequestLog.java:getRequestLog(97)) - Jetty request log can only be enabled using Log4j
2019-08-28 22:18:19,759 [main] INFO  http.HttpServer2 (HttpServer2.java:addGlobalFilter(975)) - Added global filter 'safety' (class=org.apache.hadoop.http.HttpServer2$QuotingInputFilter)
2019-08-28 22:18:19,759 [main] INFO  http.HttpServer2 (HttpServer2.java:addFilter(948)) - Added filter static_user_filter (class=org.apache.hadoop.http.lib.StaticUserWebFilter$StaticUserFilter) to context hddsDatanode
2019-08-28 22:18:19,760 [main] INFO  http.HttpServer2 (HttpServer2.java:addFilter(958)) - Added filter static_user_filter (class=org.apache.hadoop.http.lib.StaticUserWebFilter$StaticUserFilter) to context static
2019-08-28 22:18:19,760 [main] INFO  http.HttpServer2 (HttpServer2.java:addFilter(958)) - Added filter static_user_filter (class=org.apache.hadoop.http.lib.StaticUserWebFilter$StaticUserFilter) to context logs
2019-08-28 22:18:19,760 [main] INFO  http.HttpServer2 (HttpServer2.java:bindListener(1191)) - Jetty bound to port 32962
2019-08-28 22:18:19,761 [main] INFO  server.Server (Server.java:doStart(351)) - jetty-9.3.24.v20180605, build timestamp: 2018-06-05T17:11:56Z, git hash: 84205aa28f11a4f31f2a3b86d1bba2cc8ab69827
2019-08-28 22:18:19,762 [main] INFO  handler.ContextHandler (ContextHandler.java:doStart(781)) - Started o.e.j.s.ServletContextHandler@3ad85136{/logs,file:///workdir/hadoop-ozone/integration-test/target/log,AVAILABLE}
2019-08-28 22:18:19,763 [main] INFO  handler.ContextHandler (ContextHandler.java:doStart(781)) - Started o.e.j.s.ServletContextHandler@12e5da86{/static,jar:file:/home/user/.m2/repository/org/apache/hadoop/hadoop-hdds-container-service/0.5.0-SNAPSHOT/hadoop-hdds-container-service-0.5.0-SNAPSHOT.jar!/webapps/static,AVAILABLE}
2019-08-28 22:18:19,791 [main] INFO  handler.ContextHandler (ContextHandler.java:doStart(781)) - Started o.e.j.w.WebAppContext@47c40b56{/,file:///tmp/jetty-0.0.0.0-32962-hddsDatanode-_-any-1402919029021479589.dir/webapp/,AVAILABLE}{/hddsDatanode}
2019-08-28 22:18:19,792 [main] INFO  server.AbstractConnector (AbstractConnector.java:doStart(278)) - Started ServerConnector@4b039c6d{HTTP/1.1,[http/1.1]}{0.0.0.0:32962}
2019-08-28 22:18:19,793 [main] INFO  server.Server (Server.java:doStart(419)) - Started @7295ms
2019-08-28 22:18:19,793 [main] INFO  server.BaseHttpServer (BaseHttpServer.java:updateConnectorAddress(226)) - HTTP server of HDDSDATANODE is listening at http://0.0.0.0:32962
2019-08-28 22:18:19,794 [main] INFO  impl.MetricsSystemImpl (MetricsSystemImpl.java:init(158)) - HddsDatanode metrics system started (again)
2019-08-28 22:18:19,798 [org.apache.hadoop.util.JvmPauseMonitor$Monitor@77c1147] INFO  util.JvmPauseMonitor (JvmPauseMonitor.java:run(188)) - Starting JVM pause monitor
2019-08-28 22:18:19,798 [main] INFO  ozone.HddsDatanodeService (HddsDatanodeService.java:start(190)) - HddsDatanodeService host:pr-hdds-1909-jt4r9-1943541209 ip:192.168.36.111
2019-08-28 22:18:19,801 [Datanode State Machine Thread - 0] INFO  datanode.InitDatanodeState (InitDatanodeState.java:persistContainerDatanodeDetails(140)) - DatanodeDetails is persisted to /workdir/hadoop-ozone/integration-test/target/test-dir/MiniOzoneClusterImpl-53b3dfef-8820-4046-84bd-1701a2883846/datanode-5/meta/datanode.id
2019-08-28 22:18:19,807 [main] INFO  volume.HddsVolume (HddsVolume.java:<init>(176)) - Creating Volume: /workdir/hadoop-ozone/integration-test/target/test-dir/MiniOzoneClusterImpl-53b3dfef-8820-4046-84bd-1701a2883846/datanode-6/data/containers/hdds of  storage type : DISK and capacity : 1482555576320
2019-08-28 22:18:19,807 [main] INFO  volume.VolumeSet (VolumeSet.java:initializeVolumeSet(170)) - Added Volume : /workdir/hadoop-ozone/integration-test/target/test-dir/MiniOzoneClusterImpl-53b3dfef-8820-4046-84bd-1701a2883846/datanode-6/data/containers/hdds to VolumeSet
2019-08-28 22:18:19,808 [main] INFO  volume.ThrottledAsyncChecker (ThrottledAsyncChecker.java:schedule(140)) - Scheduling a check for org.apache.hadoop.ozone.container.common.volume.HddsVolume@2da66a44
2019-08-28 22:18:19,808 [main] INFO  volume.HddsVolumeChecker (HddsVolumeChecker.java:checkAllVolumes(203)) - Scheduled health check for volume org.apache.hadoop.ozone.container.common.volume.HddsVolume@2da66a44
2019-08-28 22:18:19,822 [main] INFO  impl.RaftServerProxy (ConfUtils.java:logGet(43)) - raft.rpc.type = GRPC (default)
2019-08-28 22:18:19,822 [main] INFO  grpc.GrpcFactory (GrpcFactory.java:checkPooledByteBufAllocatorUseCacheForAllThreads(45)) - PERFORMANCE WARNING: useCacheForAllThreads is true that may cause Netty to create a lot garbage objects and, as a result, trigger GC.
	It is recommended to disable useCacheForAllThreads by setting -Dorg.apache.ratis.thirdparty.io.netty.allocator.useCacheForAllThreads=false in command line.
2019-08-28 22:18:19,822 [main] INFO  grpc.GrpcConfigKeys$Server (ConfUtils.java:logGet(43)) - raft.grpc.server.port = 0 (default)
2019-08-28 22:18:19,823 [main] INFO  server.GrpcService (ConfUtils.java:logGet(43)) - raft.grpc.message.size.max = 33570816 (custom)
2019-08-28 22:18:19,823 [main] INFO  server.RaftServerConfigKeys (ConfUtils.java:logGet(43)) - raft.server.log.appender.buffer.byte-limit = 33554432 (custom)
2019-08-28 22:18:19,823 [main] INFO  server.GrpcService (ConfUtils.java:logGet(43)) - raft.grpc.flow.control.window = 1MB (=1048576) (default)
2019-08-28 22:18:19,825 [main] INFO  server.RaftServerConfigKeys (ConfUtils.java:logGet(43)) - raft.server.rpc.request.timeout = 3000ms (default)
2019-08-28 22:18:19,826 [main] INFO  server.RaftServerConfigKeys (ConfUtils.java:logGet(43)) - raft.server.storage.dir = [/workdir/hadoop-ozone/integration-test/target/test-dir/MiniOzoneClusterImpl-53b3dfef-8820-4046-84bd-1701a2883846/datanode-6/data/ratis] (custom)
2019-08-28 22:18:19,827 [main] INFO  replication.SimpleContainerDownloader (SimpleContainerDownloader.java:<init>(72)) - Starting container downloader service to copy containers to replicate.
2019-08-28 22:18:19,828 [main] INFO  hdfs.DFSUtil (DFSUtil.java:httpServerTemplateForNNAndJN(1641)) - Starting Web-server for hddsDatanode at: http://0.0.0.0:0
2019-08-28 22:18:19,829 [main] INFO  server.AuthenticationFilter (AuthenticationFilter.java:constructSecretProvider(240)) - Unable to initialize FileSignerSecretProvider, falling back to use random secrets.
2019-08-28 22:18:19,830 [main] WARN  http.HttpRequestLog (HttpRequestLog.java:getRequestLog(97)) - Jetty request log can only be enabled using Log4j
2019-08-28 22:18:19,831 [main] INFO  http.HttpServer2 (HttpServer2.java:addGlobalFilter(975)) - Added global filter 'safety' (class=org.apache.hadoop.http.HttpServer2$QuotingInputFilter)
2019-08-28 22:18:19,832 [main] INFO  http.HttpServer2 (HttpServer2.java:addFilter(948)) - Added filter static_user_filter (class=org.apache.hadoop.http.lib.StaticUserWebFilter$StaticUserFilter) to context hddsDatanode
2019-08-28 22:18:19,832 [main] INFO  http.HttpServer2 (HttpServer2.java:addFilter(958)) - Added filter static_user_filter (class=org.apache.hadoop.http.lib.StaticUserWebFilter$StaticUserFilter) to context static
2019-08-28 22:18:19,832 [main] INFO  http.HttpServer2 (HttpServer2.java:addFilter(958)) - Added filter static_user_filter (class=org.apache.hadoop.http.lib.StaticUserWebFilter$StaticUserFilter) to context logs
2019-08-28 22:18:19,833 [main] INFO  http.HttpServer2 (HttpServer2.java:bindListener(1191)) - Jetty bound to port 38110
2019-08-28 22:18:19,833 [main] INFO  server.Server (Server.java:doStart(351)) - jetty-9.3.24.v20180605, build timestamp: 2018-06-05T17:11:56Z, git hash: 84205aa28f11a4f31f2a3b86d1bba2cc8ab69827
2019-08-28 22:18:19,835 [main] INFO  handler.ContextHandler (ContextHandler.java:doStart(781)) - Started o.e.j.s.ServletContextHandler@d613308{/logs,file:///workdir/hadoop-ozone/integration-test/target/log,AVAILABLE}
2019-08-28 22:18:19,835 [main] INFO  handler.ContextHandler (ContextHandler.java:doStart(781)) - Started o.e.j.s.ServletContextHandler@7b27e8f4{/static,jar:file:/home/user/.m2/repository/org/apache/hadoop/hadoop-hdds-container-service/0.5.0-SNAPSHOT/hadoop-hdds-container-service-0.5.0-SNAPSHOT.jar!/webapps/static,AVAILABLE}
2019-08-28 22:18:19,863 [main] INFO  handler.ContextHandler (ContextHandler.java:doStart(781)) - Started o.e.j.w.WebAppContext@574b7f4a{/,file:///tmp/jetty-0.0.0.0-38110-hddsDatanode-_-any-6443474035000108839.dir/webapp/,AVAILABLE}{/hddsDatanode}
2019-08-28 22:18:19,865 [main] INFO  server.AbstractConnector (AbstractConnector.java:doStart(278)) - Started ServerConnector@44ed0a8f{HTTP/1.1,[http/1.1]}{0.0.0.0:38110}
2019-08-28 22:18:19,865 [main] INFO  server.Server (Server.java:doStart(419)) - Started @7367ms
2019-08-28 22:18:19,866 [main] INFO  server.BaseHttpServer (BaseHttpServer.java:updateConnectorAddress(226)) - HTTP server of HDDSDATANODE is listening at http://0.0.0.0:38110
2019-08-28 22:18:19,868 [main] INFO  ozone.MiniOzoneClusterImpl (MiniOzoneClusterImpl.java:lambda$waitForClusterToBeReady$0(140)) - Waiting for cluster to be ready. Got 0 of 7 DN Heartbeats.
2019-08-28 22:18:19,869 [org.apache.hadoop.util.JvmPauseMonitor$Monitor@3e42c7a4] INFO  util.JvmPauseMonitor (JvmPauseMonitor.java:run(188)) - Starting JVM pause monitor
2019-08-28 22:18:19,872 [Datanode State Machine Thread - 0] INFO  datanode.InitDatanodeState (InitDatanodeState.java:persistContainerDatanodeDetails(140)) - DatanodeDetails is persisted to /workdir/hadoop-ozone/integration-test/target/test-dir/MiniOzoneClusterImpl-53b3dfef-8820-4046-84bd-1701a2883846/datanode-6/meta/datanode.id
2019-08-28 22:18:20,868 [main] INFO  ozone.MiniOzoneClusterImpl (MiniOzoneClusterImpl.java:lambda$waitForClusterToBeReady$0(140)) - Waiting for cluster to be ready. Got 0 of 7 DN Heartbeats.
2019-08-28 22:18:21,456 | INFO  | SCMAudit | user=jenkins1000 | ip=192.168.36.111 | op=GET_VERSION null | ret=SUCCESS |  
2019-08-28 22:18:21,499 | INFO  | SCMAudit | user=jenkins1000 | ip=192.168.36.111 | op=GET_VERSION null | ret=SUCCESS |  
2019-08-28 22:18:21,506 [Datanode State Machine Thread - 0] INFO  ozoneimpl.OzoneContainer (OzoneContainer.java:start(201)) - Attempting to start container services.
2019-08-28 22:18:21,508 [Datanode State Machine Thread - 0] INFO  ozoneimpl.OzoneContainer (OzoneContainer.java:startContainerScrub(175)) - Background container scrubber has been disabled by hdds.containerscrub.enabled
2019-08-28 22:18:21,508 [Datanode State Machine Thread - 0] INFO  ratis.XceiverServerRatis (XceiverServerRatis.java:start(393)) - Starting XceiverServerRatis cf4fda1a-cbd6-44d3-863d-d573685ab69e at port 0
2019-08-28 22:18:21,518 [Datanode State Machine Thread - 0] INFO  ozoneimpl.OzoneContainer (OzoneContainer.java:start(201)) - Attempting to start container services.
2019-08-28 22:18:21,523 [Datanode State Machine Thread - 0] INFO  ozoneimpl.OzoneContainer (OzoneContainer.java:startContainerScrub(175)) - Background container scrubber has been disabled by hdds.containerscrub.enabled
2019-08-28 22:18:21,523 [Datanode State Machine Thread - 0] INFO  ratis.XceiverServerRatis (XceiverServerRatis.java:start(393)) - Starting XceiverServerRatis d216143f-01b4-413e-a32a-a64bf495efe0 at port 0
2019-08-28 22:18:21,538 [Datanode State Machine Thread - 0] INFO  impl.RaftServerProxy (RaftServerProxy.java:lambda$start$3(299)) - cf4fda1a-cbd6-44d3-863d-d573685ab69e: start RPC server
2019-08-28 22:18:21,539 [Datanode State Machine Thread - 0] INFO  impl.RaftServerProxy (RaftServerProxy.java:lambda$start$3(299)) - d216143f-01b4-413e-a32a-a64bf495efe0: start RPC server
2019-08-28 22:18:21,584 | INFO  | SCMAudit | user=jenkins1000 | ip=192.168.36.111 | op=GET_VERSION null | ret=SUCCESS |  
2019-08-28 22:18:21,600 [Datanode State Machine Thread - 0] INFO  ozoneimpl.OzoneContainer (OzoneContainer.java:start(201)) - Attempting to start container services.
2019-08-28 22:18:21,606 [Datanode State Machine Thread - 0] INFO  ozoneimpl.OzoneContainer (OzoneContainer.java:startContainerScrub(175)) - Background container scrubber has been disabled by hdds.containerscrub.enabled
2019-08-28 22:18:21,606 [Datanode State Machine Thread - 0] INFO  ratis.XceiverServerRatis (XceiverServerRatis.java:start(393)) - Starting XceiverServerRatis 6ea65cec-b0cc-42dc-8080-3b19ced056c0 at port 0
2019-08-28 22:18:21,616 [Datanode State Machine Thread - 0] INFO  impl.RaftServerProxy (RaftServerProxy.java:lambda$start$3(299)) - 6ea65cec-b0cc-42dc-8080-3b19ced056c0: start RPC server
2019-08-28 22:18:21,660 | INFO  | SCMAudit | user=jenkins1000 | ip=192.168.36.111 | op=GET_VERSION null | ret=SUCCESS |  
2019-08-28 22:18:21,685 [Datanode State Machine Thread - 0] INFO  ozoneimpl.OzoneContainer (OzoneContainer.java:start(201)) - Attempting to start container services.
2019-08-28 22:18:21,686 [Datanode State Machine Thread - 0] INFO  ozoneimpl.OzoneContainer (OzoneContainer.java:startContainerScrub(175)) - Background container scrubber has been disabled by hdds.containerscrub.enabled
2019-08-28 22:18:21,686 [Datanode State Machine Thread - 0] INFO  ratis.XceiverServerRatis (XceiverServerRatis.java:start(393)) - Starting XceiverServerRatis f6c73153-780a-4b23-b246-cb985c17e814 at port 0
2019-08-28 22:18:21,699 [Datanode State Machine Thread - 0] INFO  impl.RaftServerProxy (RaftServerProxy.java:lambda$start$3(299)) - f6c73153-780a-4b23-b246-cb985c17e814: start RPC server
2019-08-28 22:18:21,727 | INFO  | SCMAudit | user=jenkins1000 | ip=192.168.36.111 | op=GET_VERSION null | ret=SUCCESS |  
2019-08-28 22:18:21,740 [Datanode State Machine Thread - 0] INFO  server.GrpcService (GrpcService.java:startImpl(149)) - d216143f-01b4-413e-a32a-a64bf495efe0: GrpcService started, listening on 0.0.0.0/0.0.0.0:43748
2019-08-28 22:18:21,740 [Datanode State Machine Thread - 0] INFO  server.GrpcService (GrpcService.java:startImpl(149)) - 6ea65cec-b0cc-42dc-8080-3b19ced056c0: GrpcService started, listening on 0.0.0.0/0.0.0.0:46707
2019-08-28 22:18:21,740 [Datanode State Machine Thread - 0] INFO  server.GrpcService (GrpcService.java:startImpl(149)) - f6c73153-780a-4b23-b246-cb985c17e814: GrpcService started, listening on 0.0.0.0/0.0.0.0:43582
2019-08-28 22:18:21,740 [Datanode State Machine Thread - 0] INFO  server.GrpcService (GrpcService.java:startImpl(149)) - cf4fda1a-cbd6-44d3-863d-d573685ab69e: GrpcService started, listening on 0.0.0.0/0.0.0.0:39070
2019-08-28 22:18:21,742 [Datanode State Machine Thread - 0] INFO  ratis.XceiverServerRatis (XceiverServerRatis.java:start(403)) - XceiverServerRatis f6c73153-780a-4b23-b246-cb985c17e814 is started using port 43582
2019-08-28 22:18:21,742 [Datanode State Machine Thread - 0] INFO  ratis.XceiverServerRatis (XceiverServerRatis.java:start(403)) - XceiverServerRatis 6ea65cec-b0cc-42dc-8080-3b19ced056c0 is started using port 46707
2019-08-28 22:18:21,741 [Datanode State Machine Thread - 0] INFO  ratis.XceiverServerRatis (XceiverServerRatis.java:start(403)) - XceiverServerRatis d216143f-01b4-413e-a32a-a64bf495efe0 is started using port 43748
2019-08-28 22:18:21,742 [Datanode State Machine Thread - 0] INFO  ratis.XceiverServerRatis (XceiverServerRatis.java:start(403)) - XceiverServerRatis cf4fda1a-cbd6-44d3-863d-d573685ab69e is started using port 39070
2019-08-28 22:18:21,751 [Datanode State Machine Thread - 0] INFO  server.XceiverServerGrpc (XceiverServerGrpc.java:start(163)) - XceiverServerGrpc cf4fda1a-cbd6-44d3-863d-d573685ab69e is started using port 41626
2019-08-28 22:18:21,751 [Datanode State Machine Thread - 0] INFO  server.XceiverServerGrpc (XceiverServerGrpc.java:start(163)) - XceiverServerGrpc d216143f-01b4-413e-a32a-a64bf495efe0 is started using port 39679
2019-08-28 22:18:21,751 [Datanode State Machine Thread - 0] INFO  server.XceiverServerGrpc (XceiverServerGrpc.java:start(163)) - XceiverServerGrpc f6c73153-780a-4b23-b246-cb985c17e814 is started using port 38389
2019-08-28 22:18:21,751 [Datanode State Machine Thread - 0] INFO  server.XceiverServerGrpc (XceiverServerGrpc.java:start(163)) - XceiverServerGrpc 6ea65cec-b0cc-42dc-8080-3b19ced056c0 is started using port 39694
2019-08-28 22:18:21,780 [Datanode State Machine Thread - 0] INFO  ozoneimpl.OzoneContainer (OzoneContainer.java:start(201)) - Attempting to start container services.
2019-08-28 22:18:21,781 [Datanode State Machine Thread - 0] INFO  ozoneimpl.OzoneContainer (OzoneContainer.java:startContainerScrub(175)) - Background container scrubber has been disabled by hdds.containerscrub.enabled
2019-08-28 22:18:21,781 [Datanode State Machine Thread - 0] INFO  ratis.XceiverServerRatis (XceiverServerRatis.java:start(393)) - Starting XceiverServerRatis affc808b-d81b-4a0f-bca8-432d1690fbd7 at port 0
2019-08-28 22:18:21,790 [Datanode State Machine Thread - 0] INFO  impl.RaftServerProxy (RaftServerProxy.java:lambda$start$3(299)) - affc808b-d81b-4a0f-bca8-432d1690fbd7: start RPC server
2019-08-28 22:18:21,793 [Datanode State Machine Thread - 0] INFO  server.GrpcService (GrpcService.java:startImpl(149)) - affc808b-d81b-4a0f-bca8-432d1690fbd7: GrpcService started, listening on 0.0.0.0/0.0.0.0:36225
2019-08-28 22:18:21,793 [Datanode State Machine Thread - 0] INFO  ratis.XceiverServerRatis (XceiverServerRatis.java:start(403)) - XceiverServerRatis affc808b-d81b-4a0f-bca8-432d1690fbd7 is started using port 36225
2019-08-28 22:18:21,797 [Datanode State Machine Thread - 0] INFO  server.XceiverServerGrpc (XceiverServerGrpc.java:start(163)) - XceiverServerGrpc affc808b-d81b-4a0f-bca8-432d1690fbd7 is started using port 36481
2019-08-28 22:18:21,802 | INFO  | SCMAudit | user=jenkins1000 | ip=192.168.36.111 | op=GET_VERSION null | ret=SUCCESS |  
2019-08-28 22:18:21,819 [Datanode State Machine Thread - 0] INFO  ozoneimpl.OzoneContainer (OzoneContainer.java:start(201)) - Attempting to start container services.
2019-08-28 22:18:21,819 [Datanode State Machine Thread - 0] INFO  ozoneimpl.OzoneContainer (OzoneContainer.java:startContainerScrub(175)) - Background container scrubber has been disabled by hdds.containerscrub.enabled
2019-08-28 22:18:21,819 [Datanode State Machine Thread - 0] INFO  ratis.XceiverServerRatis (XceiverServerRatis.java:start(393)) - Starting XceiverServerRatis d7d32888-ebc1-46a2-947e-41b56036304e at port 0
2019-08-28 22:18:21,829 [Datanode State Machine Thread - 0] INFO  impl.RaftServerProxy (RaftServerProxy.java:lambda$start$3(299)) - d7d32888-ebc1-46a2-947e-41b56036304e: start RPC server
2019-08-28 22:18:21,833 [Datanode State Machine Thread - 0] INFO  server.GrpcService (GrpcService.java:startImpl(149)) - d7d32888-ebc1-46a2-947e-41b56036304e: GrpcService started, listening on 0.0.0.0/0.0.0.0:36687
2019-08-28 22:18:21,833 [Datanode State Machine Thread - 0] INFO  ratis.XceiverServerRatis (XceiverServerRatis.java:start(403)) - XceiverServerRatis d7d32888-ebc1-46a2-947e-41b56036304e is started using port 36687
2019-08-28 22:18:21,837 [Datanode State Machine Thread - 0] INFO  server.XceiverServerGrpc (XceiverServerGrpc.java:start(163)) - XceiverServerGrpc d7d32888-ebc1-46a2-947e-41b56036304e is started using port 43109
2019-08-28 22:18:21,869 [main] INFO  ozone.MiniOzoneClusterImpl (MiniOzoneClusterImpl.java:lambda$waitForClusterToBeReady$0(140)) - Waiting for cluster to be ready. Got 0 of 7 DN Heartbeats.
2019-08-28 22:18:21,872 | INFO  | SCMAudit | user=jenkins1000 | ip=192.168.36.111 | op=GET_VERSION null | ret=SUCCESS |  
2019-08-28 22:18:21,889 [Datanode State Machine Thread - 0] INFO  ozoneimpl.OzoneContainer (OzoneContainer.java:start(201)) - Attempting to start container services.
2019-08-28 22:18:21,889 [Datanode State Machine Thread - 0] INFO  ozoneimpl.OzoneContainer (OzoneContainer.java:startContainerScrub(175)) - Background container scrubber has been disabled by hdds.containerscrub.enabled
2019-08-28 22:18:21,889 [Datanode State Machine Thread - 0] INFO  ratis.XceiverServerRatis (XceiverServerRatis.java:start(393)) - Starting XceiverServerRatis 4e32af64-76da-4015-b3ad-89d433cc2e7d at port 0
2019-08-28 22:18:21,899 [Datanode State Machine Thread - 0] INFO  impl.RaftServerProxy (RaftServerProxy.java:lambda$start$3(299)) - 4e32af64-76da-4015-b3ad-89d433cc2e7d: start RPC server
2019-08-28 22:18:21,903 [Datanode State Machine Thread - 0] INFO  server.GrpcService (GrpcService.java:startImpl(149)) - 4e32af64-76da-4015-b3ad-89d433cc2e7d: GrpcService started, listening on 0.0.0.0/0.0.0.0:35068
2019-08-28 22:18:21,903 [Datanode State Machine Thread - 0] INFO  ratis.XceiverServerRatis (XceiverServerRatis.java:start(403)) - XceiverServerRatis 4e32af64-76da-4015-b3ad-89d433cc2e7d is started using port 35068
2019-08-28 22:18:21,907 [Datanode State Machine Thread - 0] INFO  server.XceiverServerGrpc (XceiverServerGrpc.java:start(163)) - XceiverServerGrpc 4e32af64-76da-4015-b3ad-89d433cc2e7d is started using port 46702
2019-08-28 22:18:22,870 [main] INFO  ozone.MiniOzoneClusterImpl (MiniOzoneClusterImpl.java:lambda$waitForClusterToBeReady$0(140)) - Waiting for cluster to be ready. Got 0 of 7 DN Heartbeats.
2019-08-28 22:18:23,455 [IPC Server handler 0 on 42680] INFO  net.NetworkTopology (NetworkTopologyImpl.java:add(110)) - Added a new node: /default-rack/cf4fda1a-cbd6-44d3-863d-d573685ab69e
2019-08-28 22:18:23,455 [IPC Server handler 0 on 42680] INFO  node.SCMNodeManager (SCMNodeManager.java:register(273)) - Registered Data node : cf4fda1a-cbd6-44d3-863d-d573685ab69e{ip: 192.168.36.111, host: pr-hdds-1909-jt4r9-1943541209, networkLocation: /default-rack, certSerialId: null}
2019-08-28 22:18:23,462 [EventQueue-NodeRegistrationContainerReportForDataNodeSafeModeRule] INFO  safemode.SCMSafeModeManager (DataNodeSafeModeRule.java:process(71)) - SCM in safe mode. 1 DataNodes registered, 1 required.
2019-08-28 22:18:23,462 [EventQueue-NodeRegistrationContainerReportForDataNodeSafeModeRule] INFO  safemode.SCMSafeModeManager (SCMSafeModeManager.java:validateSafeModeExitRules(177)) - ScmSafeModeManager, all rules are successfully validated
2019-08-28 22:18:23,462 [EventQueue-NodeRegistrationContainerReportForDataNodeSafeModeRule] INFO  safemode.SCMSafeModeManager (SCMSafeModeManager.java:exitSafeMode(193)) - SCM exiting safe mode.
2019-08-28 22:18:23,474 | INFO  | SCMAudit | user=jenkins1000 | ip=192.168.36.111 | op=REGISTER {datanodeDetails=cf4fda1a-cbd6-44d3-863d-d573685ab69e{ip: 192.168.36.111, host: pr-hdds-1909-jt4r9-1943541209, networkLocation: /default-rack, certSerialId: null}} | ret=SUCCESS |  
2019-08-28 22:18:23,503 [IPC Server handler 2 on 42680] INFO  net.NetworkTopology (NetworkTopologyImpl.java:add(110)) - Added a new node: /default-rack/d216143f-01b4-413e-a32a-a64bf495efe0
2019-08-28 22:18:23,503 [IPC Server handler 2 on 42680] INFO  node.SCMNodeManager (SCMNodeManager.java:register(273)) - Registered Data node : d216143f-01b4-413e-a32a-a64bf495efe0{ip: 192.168.36.111, host: pr-hdds-1909-jt4r9-1943541209, networkLocation: /default-rack, certSerialId: null}
2019-08-28 22:18:23,505 | INFO  | SCMAudit | user=jenkins1000 | ip=192.168.36.111 | op=REGISTER {datanodeDetails=d216143f-01b4-413e-a32a-a64bf495efe0{ip: 192.168.36.111, host: pr-hdds-1909-jt4r9-1943541209, networkLocation: /default-rack, certSerialId: null}} | ret=SUCCESS |  
2019-08-28 22:18:23,585 [IPC Server handler 3 on 42680] INFO  net.NetworkTopology (NetworkTopologyImpl.java:add(110)) - Added a new node: /default-rack/6ea65cec-b0cc-42dc-8080-3b19ced056c0
2019-08-28 22:18:23,585 [IPC Server handler 3 on 42680] INFO  node.SCMNodeManager (SCMNodeManager.java:register(273)) - Registered Data node : 6ea65cec-b0cc-42dc-8080-3b19ced056c0{ip: 192.168.36.111, host: pr-hdds-1909-jt4r9-1943541209, networkLocation: /default-rack, certSerialId: null}
2019-08-28 22:18:23,586 | INFO  | SCMAudit | user=jenkins1000 | ip=192.168.36.111 | op=REGISTER {datanodeDetails=6ea65cec-b0cc-42dc-8080-3b19ced056c0{ip: 192.168.36.111, host: pr-hdds-1909-jt4r9-1943541209, networkLocation: /default-rack, certSerialId: null}} | ret=SUCCESS |  
2019-08-28 22:18:23,659 [IPC Server handler 4 on 42680] INFO  net.NetworkTopology (NetworkTopologyImpl.java:add(110)) - Added a new node: /default-rack/f6c73153-780a-4b23-b246-cb985c17e814
2019-08-28 22:18:23,660 [IPC Server handler 4 on 42680] INFO  node.SCMNodeManager (SCMNodeManager.java:register(273)) - Registered Data node : f6c73153-780a-4b23-b246-cb985c17e814{ip: 192.168.36.111, host: pr-hdds-1909-jt4r9-1943541209, networkLocation: /default-rack, certSerialId: null}
2019-08-28 22:18:23,660 | INFO  | SCMAudit | user=jenkins1000 | ip=192.168.36.111 | op=REGISTER {datanodeDetails=f6c73153-780a-4b23-b246-cb985c17e814{ip: 192.168.36.111, host: pr-hdds-1909-jt4r9-1943541209, networkLocation: /default-rack, certSerialId: null}} | ret=SUCCESS |  
2019-08-28 22:18:23,729 [IPC Server handler 5 on 42680] INFO  net.NetworkTopology (NetworkTopologyImpl.java:add(110)) - Added a new node: /default-rack/affc808b-d81b-4a0f-bca8-432d1690fbd7
2019-08-28 22:18:23,729 [IPC Server handler 5 on 42680] INFO  node.SCMNodeManager (SCMNodeManager.java:register(273)) - Registered Data node : affc808b-d81b-4a0f-bca8-432d1690fbd7{ip: 192.168.36.111, host: pr-hdds-1909-jt4r9-1943541209, networkLocation: /default-rack, certSerialId: null}
2019-08-28 22:18:23,730 | INFO  | SCMAudit | user=jenkins1000 | ip=192.168.36.111 | op=REGISTER {datanodeDetails=affc808b-d81b-4a0f-bca8-432d1690fbd7{ip: 192.168.36.111, host: pr-hdds-1909-jt4r9-1943541209, networkLocation: /default-rack, certSerialId: null}} | ret=SUCCESS |  
2019-08-28 22:18:23,802 [IPC Server handler 6 on 42680] INFO  net.NetworkTopology (NetworkTopologyImpl.java:add(110)) - Added a new node: /default-rack/d7d32888-ebc1-46a2-947e-41b56036304e
2019-08-28 22:18:23,803 [IPC Server handler 6 on 42680] INFO  node.SCMNodeManager (SCMNodeManager.java:register(273)) - Registered Data node : d7d32888-ebc1-46a2-947e-41b56036304e{ip: 192.168.36.111, host: pr-hdds-1909-jt4r9-1943541209, networkLocation: /default-rack, certSerialId: null}
2019-08-28 22:18:23,803 | INFO  | SCMAudit | user=jenkins1000 | ip=192.168.36.111 | op=REGISTER {datanodeDetails=d7d32888-ebc1-46a2-947e-41b56036304e{ip: 192.168.36.111, host: pr-hdds-1909-jt4r9-1943541209, networkLocation: /default-rack, certSerialId: null}} | ret=SUCCESS |  
2019-08-28 22:18:23,875 [main] INFO  ozone.MiniOzoneClusterImpl (MiniOzoneClusterImpl.java:lambda$waitForClusterToBeReady$0(140)) - Waiting for cluster to be ready. Got 6 of 7 DN Heartbeats.
2019-08-28 22:18:23,879 [IPC Server handler 7 on 42680] INFO  net.NetworkTopology (NetworkTopologyImpl.java:add(110)) - Added a new node: /default-rack/4e32af64-76da-4015-b3ad-89d433cc2e7d
2019-08-28 22:18:23,879 [IPC Server handler 7 on 42680] INFO  node.SCMNodeManager (SCMNodeManager.java:register(273)) - Registered Data node : 4e32af64-76da-4015-b3ad-89d433cc2e7d{ip: 192.168.36.111, host: pr-hdds-1909-jt4r9-1943541209, networkLocation: /default-rack, certSerialId: null}
2019-08-28 22:18:23,880 | INFO  | SCMAudit | user=jenkins1000 | ip=192.168.36.111 | op=REGISTER {datanodeDetails=4e32af64-76da-4015-b3ad-89d433cc2e7d{ip: 192.168.36.111, host: pr-hdds-1909-jt4r9-1943541209, networkLocation: /default-rack, certSerialId: null}} | ret=SUCCESS |  
2019-08-28 22:18:24,038 [grpc-default-executor-0] INFO  impl.RaftServerProxy (RaftServerProxy.java:addNew(89)) - cf4fda1a-cbd6-44d3-863d-d573685ab69e: addNew group-E19776BE1E1B:[cf4fda1a-cbd6-44d3-863d-d573685ab69e:192.168.36.111:39070] returns group-E19776BE1E1B:java.util.concurrent.CompletableFuture@4ddda37b[Not completed]
2019-08-28 22:18:24,065 [pool-27-thread-1] INFO  impl.RaftServerImpl (RaftServerImpl.java:<init>(93)) - cf4fda1a-cbd6-44d3-863d-d573685ab69e: new RaftServerImpl for group-E19776BE1E1B:[cf4fda1a-cbd6-44d3-863d-d573685ab69e:192.168.36.111:39070] with ContainerStateMachine:uninitialized
2019-08-28 22:18:24,067 [pool-27-thread-1] INFO  server.RaftServerConfigKeys (ConfUtils.java:logGet(43)) - raft.server.rpc.timeout.min = 5s (custom)
2019-08-28 22:18:24,069 [pool-27-thread-1] INFO  server.RaftServerConfigKeys (ConfUtils.java:logGet(43)) - raft.server.rpc.timeout.max = 5200ms (custom)
2019-08-28 22:18:24,069 [pool-27-thread-1] INFO  server.RaftServerConfigKeys (ConfUtils.java:logGet(43)) - raft.server.rpcslowness.timeout = 120s (custom)
2019-08-28 22:18:24,070 [pool-27-thread-1] INFO  server.RaftServerConfigKeys (ConfUtils.java:logGet(43)) - raft.server.sleep.deviation.threshold = 300 (default)
2019-08-28 22:18:24,071 [pool-27-thread-1] INFO  server.RaftServerConfigKeys (ConfUtils.java:logGet(43)) - raft.server.log.appender.install.snapshot.enabled = false (custom)
2019-08-28 22:18:24,078 [pool-27-thread-1] INFO  impl.RaftServerImpl (ServerState.java:<init>(105)) - cf4fda1a-cbd6-44d3-863d-d573685ab69e:group-E19776BE1E1B ConfigurationManager, init=-1: [cf4fda1a-cbd6-44d3-863d-d573685ab69e:192.168.36.111:39070], old=null, confs=<EMPTY_MAP>
2019-08-28 22:18:24,079 [pool-27-thread-1] INFO  server.RaftServerConfigKeys (ConfUtils.java:logGet(43)) - raft.server.storage.dir = [/workdir/hadoop-ozone/integration-test/target/test-dir/MiniOzoneClusterImpl-53b3dfef-8820-4046-84bd-1701a2883846/datanode-0/data/ratis] (custom)
2019-08-28 22:18:24,087 [pool-27-thread-1] INFO  storage.RaftStorageDirectory (RaftStorageDirectory.java:analyzeStorage(246)) - The storage directory /workdir/hadoop-ozone/integration-test/target/test-dir/MiniOzoneClusterImpl-53b3dfef-8820-4046-84bd-1701a2883846/datanode-0/data/ratis/3733bc19-ba4e-4df1-9a97-e19776be1e1b does not exist. Creating ...
2019-08-28 22:18:24,121 [pool-27-thread-1] INFO  storage.RaftStorageDirectory (RaftStorageDirectory.java:tryLock(328)) - Lock on /workdir/hadoop-ozone/integration-test/target/test-dir/MiniOzoneClusterImpl-53b3dfef-8820-4046-84bd-1701a2883846/datanode-0/data/ratis/3733bc19-ba4e-4df1-9a97-e19776be1e1b/in_use.lock acquired by nodename 21818@pr-hdds-1909-jt4r9-1943541209
2019-08-28 22:18:24,146 [pool-27-thread-1] INFO  storage.RaftStorage (RaftStorage.java:format(72)) - Storage directory /workdir/hadoop-ozone/integration-test/target/test-dir/MiniOzoneClusterImpl-53b3dfef-8820-4046-84bd-1701a2883846/datanode-0/data/ratis/3733bc19-ba4e-4df1-9a97-e19776be1e1b has been successfully formatted.
2019-08-28 22:18:24,149 [pool-27-thread-1] INFO  ratis.ContainerStateMachine (ContainerStateMachine.java:loadSnapshot(227)) - group-E19776BE1E1B: The snapshot info is null. Setting the last applied indexto:(t:0, i:~)
2019-08-28 22:18:24,149 [pool-27-thread-1] INFO  server.RaftServerConfigKeys (ConfUtils.java:logGet(43)) - raft.server.leader.election.timeout = 120s (custom)
2019-08-28 22:18:24,152 [pool-27-thread-1] INFO  server.RaftServerConfigKeys (ConfUtils.java:logGet(43)) - raft.server.log.use.memory = false (default)
2019-08-28 22:18:24,158 [pool-27-thread-1] INFO  server.RaftServerConfigKeys (ConfUtils.java:logGet(43)) - raft.server.log.purge.gap = 1000000 (custom)
2019-08-28 22:18:24,159 [pool-27-thread-1] INFO  server.RaftServerConfigKeys (ConfUtils.java:logGet(43)) - raft.server.log.appender.buffer.byte-limit = 33554432 (custom)
2019-08-28 22:18:24,161 [pool-27-thread-1] INFO  server.RaftServerConfigKeys (ConfUtils.java:logGet(43)) - raft.server.log.segment.size.max = 1048576 (custom)
2019-08-28 22:18:24,167 [pool-27-thread-1] INFO  server.RaftServerConfigKeys (ConfUtils.java:logGet(43)) - raft.server.log.segment.cache.num.max = 2 (custom)
2019-08-28 22:18:24,176 [pool-27-thread-1] INFO  segmented.SegmentedRaftLogWorker (SegmentedRaftLogWorker.java:<init>(172)) - new cf4fda1a-cbd6-44d3-863d-d573685ab69e-SegmentedRaftLogWorker:Storage Directory /workdir/hadoop-ozone/integration-test/target/test-dir/MiniOzoneClusterImpl-53b3dfef-8820-4046-84bd-1701a2883846/datanode-0/data/ratis/3733bc19-ba4e-4df1-9a97-e19776be1e1b for RaftStorage:Storage Directory /workdir/hadoop-ozone/integration-test/target/test-dir/MiniOzoneClusterImpl-53b3dfef-8820-4046-84bd-1701a2883846/datanode-0/data/ratis/3733bc19-ba4e-4df1-9a97-e19776be1e1b
2019-08-28 22:18:24,194 [pool-27-thread-1] INFO  server.RaftServerConfigKeys (ConfUtils.java:logGet(43)) - raft.server.log.queue.byte-limit = 2147483647 (custom)
2019-08-28 22:18:24,195 [pool-27-thread-1] INFO  server.RaftServerConfigKeys (ConfUtils.java:logGet(43)) - raft.server.log.queue.element-limit = 1024 (custom)
2019-08-28 22:18:24,202 [pool-27-thread-1] INFO  server.RaftServerConfigKeys (ConfUtils.java:logGet(43)) - raft.server.log.segment.size.max = 1048576 (custom)
2019-08-28 22:18:24,203 [pool-27-thread-1] INFO  server.RaftServerConfigKeys (ConfUtils.java:logGet(43)) - raft.server.log.preallocated.size = 16384 (custom)
2019-08-28 22:18:24,203 [pool-27-thread-1] INFO  server.RaftServerConfigKeys (ConfUtils.java:logGet(43)) - raft.server.log.write.buffer.size = 33554432 (custom)
2019-08-28 22:18:24,204 [pool-27-thread-1] INFO  server.RaftServerConfigKeys (ConfUtils.java:logGet(43)) - raft.server.log.force.sync.num = 128 (default)
2019-08-28 22:18:24,205 [pool-27-thread-1] INFO  server.RaftServerConfigKeys (ConfUtils.java:logGet(43)) - raft.server.log.statemachine.data.sync = true (default)
2019-08-28 22:18:24,206 [pool-27-thread-1] INFO  server.RaftServerConfigKeys (ConfUtils.java:logGet(43)) - raft.server.log.statemachine.data.sync.timeout = 10s (default)
2019-08-28 22:18:24,206 [pool-27-thread-1] INFO  server.RaftServerConfigKeys (ConfUtils.java:logGet(43)) - raft.server.log.statemachine.data.sync.timeout.retry = -1 (default)
2019-08-28 22:18:24,219 [pool-27-thread-1] INFO  server.RaftServerConfigKeys (ConfUtils.java:logGet(43)) - raft.server.log.statemachine.data.caching.enabled = true (custom)
2019-08-28 22:18:24,225 [pool-27-thread-1] INFO  segmented.SegmentedRaftLogWorker (SegmentedRaftLogWorker.java:lambda$new$0(132)) - cf4fda1a-cbd6-44d3-863d-d573685ab69e-SegmentedRaftLogWorker:Storage Directory /workdir/hadoop-ozone/integration-test/target/test-dir/MiniOzoneClusterImpl-53b3dfef-8820-4046-84bd-1701a2883846/datanode-0/data/ratis/3733bc19-ba4e-4df1-9a97-e19776be1e1b: flushIndex: setUnconditionally 0 -> -1
2019-08-28 22:18:24,230 [pool-27-thread-1] INFO  server.RaftServerConfigKeys (ConfUtils.java:logGet(43)) - raft.server.snapshot.auto.trigger.enabled = true (custom)
2019-08-28 22:18:24,231 [pool-27-thread-1] INFO  server.RaftServerConfigKeys (ConfUtils.java:logGet(43)) - raft.server.snapshot.auto.trigger.threshold = 10000 (custom)
2019-08-28 22:18:24,231 [pool-27-thread-1] INFO  server.RaftServerConfigKeys (ConfUtils.java:logGet(43)) - raft.server.retrycache.expirytime = 600000ms (custom)
2019-08-28 22:18:24,256 [pool-27-thread-1] INFO  impl.RaftServerImpl (RaftServerImpl.java:start(180)) - cf4fda1a-cbd6-44d3-863d-d573685ab69e: start group-E19776BE1E1B
2019-08-28 22:18:24,257 [pool-27-thread-1] INFO  impl.RaftServerImpl (RaftServerImpl.java:setRole(171)) - cf4fda1a-cbd6-44d3-863d-d573685ab69e:group-E19776BE1E1B changes role from null to FOLLOWER at term 0 for startAsFollower
2019-08-28 22:18:24,258 [pool-27-thread-1] INFO  impl.RoleInfo (RoleInfo.java:updateAndGet(143)) - cf4fda1a-cbd6-44d3-863d-d573685ab69e: start FollowerState
2019-08-28 22:18:24,260 [pool-27-thread-1] INFO  util.JmxRegister (JmxRegister.java:tryRegister(44)) - Successfully registered JMX Bean with object name Ratis:service=RaftServer,group=group-E19776BE1E1B,id=cf4fda1a-cbd6-44d3-863d-d573685ab69e
2019-08-28 22:18:24,351 [RatisPipelineUtilsThread] INFO  pipeline.PipelineStateManager (PipelineStateManager.java:addPipeline(56)) - Created pipeline Pipeline[ Id: 3733bc19-ba4e-4df1-9a97-e19776be1e1b, Nodes: cf4fda1a-cbd6-44d3-863d-d573685ab69e{ip: 192.168.36.111, host: pr-hdds-1909-jt4r9-1943541209, networkLocation: /default-rack, certSerialId: null}, Type:RATIS, Factor:ONE, State:OPEN]
2019-08-28 22:18:24,389 [grpc-default-executor-0] INFO  impl.RaftServerProxy (RaftServerProxy.java:addNew(89)) - f6c73153-780a-4b23-b246-cb985c17e814: addNew group-226200A275C9:[f6c73153-780a-4b23-b246-cb985c17e814:192.168.36.111:43582] returns group-226200A275C9:java.util.concurrent.CompletableFuture@12cff3a3[Not completed]
2019-08-28 22:18:24,453 [pool-60-thread-1] INFO  impl.RaftServerImpl (RaftServerImpl.java:<init>(93)) - f6c73153-780a-4b23-b246-cb985c17e814: new RaftServerImpl for group-226200A275C9:[f6c73153-780a-4b23-b246-cb985c17e814:192.168.36.111:43582] with ContainerStateMachine:uninitialized
2019-08-28 22:18:24,455 [pool-60-thread-1] INFO  server.RaftServerConfigKeys (ConfUtils.java:logGet(43)) - raft.server.rpc.timeout.min = 5s (custom)
2019-08-28 22:18:24,455 [pool-60-thread-1] INFO  server.RaftServerConfigKeys (ConfUtils.java:logGet(43)) - raft.server.rpc.timeout.max = 5200ms (custom)
2019-08-28 22:18:24,455 [pool-60-thread-1] INFO  server.RaftServerConfigKeys (ConfUtils.java:logGet(43)) - raft.server.rpcslowness.timeout = 120s (custom)
2019-08-28 22:18:24,455 [pool-60-thread-1] INFO  server.RaftServerConfigKeys (ConfUtils.java:logGet(43)) - raft.server.sleep.deviation.threshold = 300 (default)
2019-08-28 22:18:24,456 [pool-60-thread-1] INFO  server.RaftServerConfigKeys (ConfUtils.java:logGet(43)) - raft.server.log.appender.install.snapshot.enabled = false (custom)
2019-08-28 22:18:24,456 [pool-60-thread-1] INFO  impl.RaftServerImpl (ServerState.java:<init>(105)) - f6c73153-780a-4b23-b246-cb985c17e814:group-226200A275C9 ConfigurationManager, init=-1: [f6c73153-780a-4b23-b246-cb985c17e814:192.168.36.111:43582], old=null, confs=<EMPTY_MAP>
2019-08-28 22:18:24,456 [pool-60-thread-1] INFO  server.RaftServerConfigKeys (ConfUtils.java:logGet(43)) - raft.server.storage.dir = [/workdir/hadoop-ozone/integration-test/target/test-dir/MiniOzoneClusterImpl-53b3dfef-8820-4046-84bd-1701a2883846/datanode-3/data/ratis] (custom)
2019-08-28 22:18:24,457 [pool-60-thread-1] INFO  storage.RaftStorageDirectory (RaftStorageDirectory.java:analyzeStorage(246)) - The storage directory /workdir/hadoop-ozone/integration-test/target/test-dir/MiniOzoneClusterImpl-53b3dfef-8820-4046-84bd-1701a2883846/datanode-3/data/ratis/a8644e72-5775-403b-bdc2-226200a275c9 does not exist. Creating ...
2019-08-28 22:18:24,480 [pool-60-thread-1] INFO  storage.RaftStorageDirectory (RaftStorageDirectory.java:tryLock(328)) - Lock on /workdir/hadoop-ozone/integration-test/target/test-dir/MiniOzoneClusterImpl-53b3dfef-8820-4046-84bd-1701a2883846/datanode-3/data/ratis/a8644e72-5775-403b-bdc2-226200a275c9/in_use.lock acquired by nodename 21818@pr-hdds-1909-jt4r9-1943541209
2019-08-28 22:18:24,505 [pool-60-thread-1] INFO  storage.RaftStorage (RaftStorage.java:format(72)) - Storage directory /workdir/hadoop-ozone/integration-test/target/test-dir/MiniOzoneClusterImpl-53b3dfef-8820-4046-84bd-1701a2883846/datanode-3/data/ratis/a8644e72-5775-403b-bdc2-226200a275c9 has been successfully formatted.
2019-08-28 22:18:24,508 [pool-60-thread-1] INFO  ratis.ContainerStateMachine (ContainerStateMachine.java:loadSnapshot(227)) - group-226200A275C9: The snapshot info is null. Setting the last applied indexto:(t:0, i:~)
2019-08-28 22:18:24,510 [pool-60-thread-1] INFO  server.RaftServerConfigKeys (ConfUtils.java:logGet(43)) - raft.server.leader.election.timeout = 120s (custom)
2019-08-28 22:18:24,510 [pool-60-thread-1] INFO  server.RaftServerConfigKeys (ConfUtils.java:logGet(43)) - raft.server.log.use.memory = false (default)
2019-08-28 22:18:24,510 [pool-60-thread-1] INFO  server.RaftServerConfigKeys (ConfUtils.java:logGet(43)) - raft.server.log.purge.gap = 1000000 (custom)
2019-08-28 22:18:24,510 [pool-60-thread-1] INFO  server.RaftServerConfigKeys (ConfUtils.java:logGet(43)) - raft.server.log.appender.buffer.byte-limit = 33554432 (custom)
2019-08-28 22:18:24,511 [pool-60-thread-1] INFO  server.RaftServerConfigKeys (ConfUtils.java:logGet(43)) - raft.server.log.segment.size.max = 1048576 (custom)
2019-08-28 22:18:24,511 [pool-60-thread-1] INFO  server.RaftServerConfigKeys (ConfUtils.java:logGet(43)) - raft.server.log.segment.cache.num.max = 2 (custom)
2019-08-28 22:18:24,511 [pool-60-thread-1] INFO  segmented.SegmentedRaftLogWorker (SegmentedRaftLogWorker.java:<init>(172)) - new f6c73153-780a-4b23-b246-cb985c17e814-SegmentedRaftLogWorker:Storage Directory /workdir/hadoop-ozone/integration-test/target/test-dir/MiniOzoneClusterImpl-53b3dfef-8820-4046-84bd-1701a2883846/datanode-3/data/ratis/a8644e72-5775-403b-bdc2-226200a275c9 for RaftStorage:Storage Directory /workdir/hadoop-ozone/integration-test/target/test-dir/MiniOzoneClusterImpl-53b3dfef-8820-4046-84bd-1701a2883846/datanode-3/data/ratis/a8644e72-5775-403b-bdc2-226200a275c9
2019-08-28 22:18:24,513 [pool-60-thread-1] INFO  server.RaftServerConfigKeys (ConfUtils.java:logGet(43)) - raft.server.log.queue.byte-limit = 2147483647 (custom)
2019-08-28 22:18:24,514 [pool-60-thread-1] INFO  server.RaftServerConfigKeys (ConfUtils.java:logGet(43)) - raft.server.log.queue.element-limit = 1024 (custom)
2019-08-28 22:18:24,514 [pool-60-thread-1] INFO  server.RaftServerConfigKeys (ConfUtils.java:logGet(43)) - raft.server.log.segment.size.max = 1048576 (custom)
2019-08-28 22:18:24,514 [pool-60-thread-1] INFO  server.RaftServerConfigKeys (ConfUtils.java:logGet(43)) - raft.server.log.preallocated.size = 16384 (custom)
2019-08-28 22:18:24,515 [pool-60-thread-1] INFO  server.RaftServerConfigKeys (ConfUtils.java:logGet(43)) - raft.server.log.write.buffer.size = 33554432 (custom)
2019-08-28 22:18:24,515 [pool-60-thread-1] INFO  server.RaftServerConfigKeys (ConfUtils.java:logGet(43)) - raft.server.log.force.sync.num = 128 (default)
2019-08-28 22:18:24,515 [pool-60-thread-1] INFO  server.RaftServerConfigKeys (ConfUtils.java:logGet(43)) - raft.server.log.statemachine.data.sync = true (default)
2019-08-28 22:18:24,515 [pool-60-thread-1] INFO  server.RaftServerConfigKeys (ConfUtils.java:logGet(43)) - raft.server.log.statemachine.data.sync.timeout = 10s (default)
2019-08-28 22:18:24,516 [pool-60-thread-1] INFO  server.RaftServerConfigKeys (ConfUtils.java:logGet(43)) - raft.server.log.statemachine.data.sync.timeout.retry = -1 (default)
2019-08-28 22:18:24,516 [pool-60-thread-1] INFO  server.RaftServerConfigKeys (ConfUtils.java:logGet(43)) - raft.server.log.statemachine.data.caching.enabled = true (custom)
2019-08-28 22:18:24,517 [pool-60-thread-1] INFO  segmented.SegmentedRaftLogWorker (SegmentedRaftLogWorker.java:lambda$new$0(132)) - f6c73153-780a-4b23-b246-cb985c17e814-SegmentedRaftLogWorker:Storage Directory /workdir/hadoop-ozone/integration-test/target/test-dir/MiniOzoneClusterImpl-53b3dfef-8820-4046-84bd-1701a2883846/datanode-3/data/ratis/a8644e72-5775-403b-bdc2-226200a275c9: flushIndex: setUnconditionally 0 -> -1
2019-08-28 22:18:24,517 [pool-60-thread-1] INFO  server.RaftServerConfigKeys (ConfUtils.java:logGet(43)) - raft.server.snapshot.auto.trigger.enabled = true (custom)
2019-08-28 22:18:24,517 [pool-60-thread-1] INFO  server.RaftServerConfigKeys (ConfUtils.java:logGet(43)) - raft.server.snapshot.auto.trigger.threshold = 10000 (custom)
2019-08-28 22:18:24,518 [pool-60-thread-1] INFO  server.RaftServerConfigKeys (ConfUtils.java:logGet(43)) - raft.server.retrycache.expirytime = 600000ms (custom)
2019-08-28 22:18:24,518 [pool-60-thread-1] INFO  impl.RaftServerImpl (RaftServerImpl.java:start(180)) - f6c73153-780a-4b23-b246-cb985c17e814: start group-226200A275C9
2019-08-28 22:18:24,518 [pool-60-thread-1] INFO  impl.RaftServerImpl (RaftServerImpl.java:setRole(171)) - f6c73153-780a-4b23-b246-cb985c17e814:group-226200A275C9 changes role from null to FOLLOWER at term 0 for startAsFollower
2019-08-28 22:18:24,518 [pool-60-thread-1] INFO  impl.RoleInfo (RoleInfo.java:updateAndGet(143)) - f6c73153-780a-4b23-b246-cb985c17e814: start FollowerState
2019-08-28 22:18:24,521 [pool-60-thread-1] INFO  util.JmxRegister (JmxRegister.java:tryRegister(44)) - Successfully registered JMX Bean with object name Ratis:service=RaftServer,group=group-226200A275C9,id=f6c73153-780a-4b23-b246-cb985c17e814
2019-08-28 22:18:24,541 [RatisPipelineUtilsThread] INFO  pipeline.PipelineStateManager (PipelineStateManager.java:addPipeline(56)) - Created pipeline Pipeline[ Id: a8644e72-5775-403b-bdc2-226200a275c9, Nodes: f6c73153-780a-4b23-b246-cb985c17e814{ip: 192.168.36.111, host: pr-hdds-1909-jt4r9-1943541209, networkLocation: /default-rack, certSerialId: null}, Type:RATIS, Factor:ONE, State:OPEN]
2019-08-28 22:18:24,572 [grpc-default-executor-0] INFO  impl.RaftServerProxy (RaftServerProxy.java:addNew(89)) - affc808b-d81b-4a0f-bca8-432d1690fbd7: addNew group-C112FE9826DE:[affc808b-d81b-4a0f-bca8-432d1690fbd7:192.168.36.111:36225] returns group-C112FE9826DE:java.util.concurrent.CompletableFuture@73892f00[Not completed]
2019-08-28 22:18:24,590 [pool-71-thread-1] INFO  impl.RaftServerImpl (RaftServerImpl.java:<init>(93)) - affc808b-d81b-4a0f-bca8-432d1690fbd7: new RaftServerImpl for group-C112FE9826DE:[affc808b-d81b-4a0f-bca8-432d1690fbd7:192.168.36.111:36225] with ContainerStateMachine:uninitialized
2019-08-28 22:18:24,591 [pool-71-thread-1] INFO  server.RaftServerConfigKeys (ConfUtils.java:logGet(43)) - raft.server.rpc.timeout.min = 5s (custom)
2019-08-28 22:18:24,591 [pool-71-thread-1] INFO  server.RaftServerConfigKeys (ConfUtils.java:logGet(43)) - raft.server.rpc.timeout.max = 5200ms (custom)
2019-08-28 22:18:24,591 [pool-71-thread-1] INFO  server.RaftServerConfigKeys (ConfUtils.java:logGet(43)) - raft.server.rpcslowness.timeout = 120s (custom)
2019-08-28 22:18:24,591 [pool-71-thread-1] INFO  server.RaftServerConfigKeys (ConfUtils.java:logGet(43)) - raft.server.sleep.deviation.threshold = 300 (default)
2019-08-28 22:18:24,591 [pool-71-thread-1] INFO  server.RaftServerConfigKeys (ConfUtils.java:logGet(43)) - raft.server.log.appender.install.snapshot.enabled = false (custom)
2019-08-28 22:18:24,592 [pool-71-thread-1] INFO  impl.RaftServerImpl (ServerState.java:<init>(105)) - affc808b-d81b-4a0f-bca8-432d1690fbd7:group-C112FE9826DE ConfigurationManager, init=-1: [affc808b-d81b-4a0f-bca8-432d1690fbd7:192.168.36.111:36225], old=null, confs=<EMPTY_MAP>
2019-08-28 22:18:24,592 [pool-71-thread-1] INFO  server.RaftServerConfigKeys (ConfUtils.java:logGet(43)) - raft.server.storage.dir = [/workdir/hadoop-ozone/integration-test/target/test-dir/MiniOzoneClusterImpl-53b3dfef-8820-4046-84bd-1701a2883846/datanode-4/data/ratis] (custom)
2019-08-28 22:18:24,592 [pool-71-thread-1] INFO  storage.RaftStorageDirectory (RaftStorageDirectory.java:analyzeStorage(246)) - The storage directory /workdir/hadoop-ozone/integration-test/target/test-dir/MiniOzoneClusterImpl-53b3dfef-8820-4046-84bd-1701a2883846/datanode-4/data/ratis/ac153788-a938-48f6-829d-c112fe9826de does not exist. Creating ...
2019-08-28 22:18:24,614 [pool-71-thread-1] INFO  storage.RaftStorageDirectory (RaftStorageDirectory.java:tryLock(328)) - Lock on /workdir/hadoop-ozone/integration-test/target/test-dir/MiniOzoneClusterImpl-53b3dfef-8820-4046-84bd-1701a2883846/datanode-4/data/ratis/ac153788-a938-48f6-829d-c112fe9826de/in_use.lock acquired by nodename 21818@pr-hdds-1909-jt4r9-1943541209
2019-08-28 22:18:24,631 [pool-71-thread-1] INFO  storage.RaftStorage (RaftStorage.java:format(72)) - Storage directory /workdir/hadoop-ozone/integration-test/target/test-dir/MiniOzoneClusterImpl-53b3dfef-8820-4046-84bd-1701a2883846/datanode-4/data/ratis/ac153788-a938-48f6-829d-c112fe9826de has been successfully formatted.
2019-08-28 22:18:24,632 [pool-71-thread-1] INFO  ratis.ContainerStateMachine (ContainerStateMachine.java:loadSnapshot(227)) - group-C112FE9826DE: The snapshot info is null. Setting the last applied indexto:(t:0, i:~)
2019-08-28 22:18:24,632 [pool-71-thread-1] INFO  server.RaftServerConfigKeys (ConfUtils.java:logGet(43)) - raft.server.leader.election.timeout = 120s (custom)
2019-08-28 22:18:24,632 [pool-71-thread-1] INFO  server.RaftServerConfigKeys (ConfUtils.java:logGet(43)) - raft.server.log.use.memory = false (default)
2019-08-28 22:18:24,632 [pool-71-thread-1] INFO  server.RaftServerConfigKeys (ConfUtils.java:logGet(43)) - raft.server.log.purge.gap = 1000000 (custom)
2019-08-28 22:18:24,633 [pool-71-thread-1] INFO  server.RaftServerConfigKeys (ConfUtils.java:logGet(43)) - raft.server.log.appender.buffer.byte-limit = 33554432 (custom)
2019-08-28 22:18:24,633 [pool-71-thread-1] INFO  server.RaftServerConfigKeys (ConfUtils.java:logGet(43)) - raft.server.log.segment.size.max = 1048576 (custom)
2019-08-28 22:18:24,633 [pool-71-thread-1] INFO  server.RaftServerConfigKeys (ConfUtils.java:logGet(43)) - raft.server.log.segment.cache.num.max = 2 (custom)
2019-08-28 22:18:24,633 [pool-71-thread-1] INFO  segmented.SegmentedRaftLogWorker (SegmentedRaftLogWorker.java:<init>(172)) - new affc808b-d81b-4a0f-bca8-432d1690fbd7-SegmentedRaftLogWorker:Storage Directory /workdir/hadoop-ozone/integration-test/target/test-dir/MiniOzoneClusterImpl-53b3dfef-8820-4046-84bd-1701a2883846/datanode-4/data/ratis/ac153788-a938-48f6-829d-c112fe9826de for RaftStorage:Storage Directory /workdir/hadoop-ozone/integration-test/target/test-dir/MiniOzoneClusterImpl-53b3dfef-8820-4046-84bd-1701a2883846/datanode-4/data/ratis/ac153788-a938-48f6-829d-c112fe9826de
2019-08-28 22:18:24,633 [pool-71-thread-1] INFO  server.RaftServerConfigKeys (ConfUtils.java:logGet(43)) - raft.server.log.queue.byte-limit = 2147483647 (custom)
2019-08-28 22:18:24,634 [pool-71-thread-1] INFO  server.RaftServerConfigKeys (ConfUtils.java:logGet(43)) - raft.server.log.queue.element-limit = 1024 (custom)
2019-08-28 22:18:24,634 [pool-71-thread-1] INFO  server.RaftServerConfigKeys (ConfUtils.java:logGet(43)) - raft.server.log.segment.size.max = 1048576 (custom)
2019-08-28 22:18:24,634 [pool-71-thread-1] INFO  server.RaftServerConfigKeys (ConfUtils.java:logGet(43)) - raft.server.log.preallocated.size = 16384 (custom)
2019-08-28 22:18:24,634 [pool-71-thread-1] INFO  server.RaftServerConfigKeys (ConfUtils.java:logGet(43)) - raft.server.log.write.buffer.size = 33554432 (custom)
2019-08-28 22:18:24,635 [pool-71-thread-1] INFO  server.RaftServerConfigKeys (ConfUtils.java:logGet(43)) - raft.server.log.force.sync.num = 128 (default)
2019-08-28 22:18:24,635 [pool-71-thread-1] INFO  server.RaftServerConfigKeys (ConfUtils.java:logGet(43)) - raft.server.log.statemachine.data.sync = true (default)
2019-08-28 22:18:24,635 [pool-71-thread-1] INFO  server.RaftServerConfigKeys (ConfUtils.java:logGet(43)) - raft.server.log.statemachine.data.sync.timeout = 10s (default)
2019-08-28 22:18:24,635 [pool-71-thread-1] INFO  server.RaftServerConfigKeys (ConfUtils.java:logGet(43)) - raft.server.log.statemachine.data.sync.timeout.retry = -1 (default)
2019-08-28 22:18:24,636 [pool-71-thread-1] INFO  server.RaftServerConfigKeys (ConfUtils.java:logGet(43)) - raft.server.log.statemachine.data.caching.enabled = true (custom)
2019-08-28 22:18:24,636 [pool-71-thread-1] INFO  segmented.SegmentedRaftLogWorker (SegmentedRaftLogWorker.java:lambda$new$0(132)) - affc808b-d81b-4a0f-bca8-432d1690fbd7-SegmentedRaftLogWorker:Storage Directory /workdir/hadoop-ozone/integration-test/target/test-dir/MiniOzoneClusterImpl-53b3dfef-8820-4046-84bd-1701a2883846/datanode-4/data/ratis/ac153788-a938-48f6-829d-c112fe9826de: flushIndex: setUnconditionally 0 -> -1
2019-08-28 22:18:24,637 [pool-71-thread-1] INFO  server.RaftServerConfigKeys (ConfUtils.java:logGet(43)) - raft.server.snapshot.auto.trigger.enabled = true (custom)
2019-08-28 22:18:24,637 [pool-71-thread-1] INFO  server.RaftServerConfigKeys (ConfUtils.java:logGet(43)) - raft.server.snapshot.auto.trigger.threshold = 10000 (custom)
2019-08-28 22:18:24,637 [pool-71-thread-1] INFO  server.RaftServerConfigKeys (ConfUtils.java:logGet(43)) - raft.server.retrycache.expirytime = 600000ms (custom)
2019-08-28 22:18:24,638 [pool-71-thread-1] INFO  impl.RaftServerImpl (RaftServerImpl.java:start(180)) - affc808b-d81b-4a0f-bca8-432d1690fbd7: start group-C112FE9826DE
2019-08-28 22:18:24,638 [pool-71-thread-1] INFO  impl.RaftServerImpl (RaftServerImpl.java:setRole(171)) - affc808b-d81b-4a0f-bca8-432d1690fbd7:group-C112FE9826DE changes role from null to FOLLOWER at term 0 for startAsFollower
2019-08-28 22:18:24,638 [pool-71-thread-1] INFO  impl.RoleInfo (RoleInfo.java:updateAndGet(143)) - affc808b-d81b-4a0f-bca8-432d1690fbd7: start FollowerState
2019-08-28 22:18:24,638 [pool-71-thread-1] INFO  util.JmxRegister (JmxRegister.java:tryRegister(44)) - Successfully registered JMX Bean with object name Ratis:service=RaftServer,group=group-C112FE9826DE,id=affc808b-d81b-4a0f-bca8-432d1690fbd7
2019-08-28 22:18:24,653 [RatisPipelineUtilsThread] INFO  pipeline.PipelineStateManager (PipelineStateManager.java:addPipeline(56)) - Created pipeline Pipeline[ Id: ac153788-a938-48f6-829d-c112fe9826de, Nodes: affc808b-d81b-4a0f-bca8-432d1690fbd7{ip: 192.168.36.111, host: pr-hdds-1909-jt4r9-1943541209, networkLocation: /default-rack, certSerialId: null}, Type:RATIS, Factor:ONE, State:OPEN]
2019-08-28 22:18:24,676 [grpc-default-executor-0] INFO  impl.RaftServerProxy (RaftServerProxy.java:addNew(89)) - 4e32af64-76da-4015-b3ad-89d433cc2e7d: addNew group-500690158DF8:[4e32af64-76da-4015-b3ad-89d433cc2e7d:192.168.36.111:35068] returns group-500690158DF8:java.util.concurrent.CompletableFuture@4de0c7f3[Not completed]
2019-08-28 22:18:24,680 [pool-93-thread-1] INFO  impl.RaftServerImpl (RaftServerImpl.java:<init>(93)) - 4e32af64-76da-4015-b3ad-89d433cc2e7d: new RaftServerImpl for group-500690158DF8:[4e32af64-76da-4015-b3ad-89d433cc2e7d:192.168.36.111:35068] with ContainerStateMachine:uninitialized
2019-08-28 22:18:24,680 [pool-93-thread-1] INFO  server.RaftServerConfigKeys (ConfUtils.java:logGet(43)) - raft.server.rpc.timeout.min = 5s (custom)
2019-08-28 22:18:24,680 [pool-93-thread-1] INFO  server.RaftServerConfigKeys (ConfUtils.java:logGet(43)) - raft.server.rpc.timeout.max = 5200ms (custom)
2019-08-28 22:18:24,680 [pool-93-thread-1] INFO  server.RaftServerConfigKeys (ConfUtils.java:logGet(43)) - raft.server.rpcslowness.timeout = 120s (custom)
2019-08-28 22:18:24,681 [pool-93-thread-1] INFO  server.RaftServerConfigKeys (ConfUtils.java:logGet(43)) - raft.server.sleep.deviation.threshold = 300 (default)
2019-08-28 22:18:24,681 [pool-93-thread-1] INFO  server.RaftServerConfigKeys (ConfUtils.java:logGet(43)) - raft.server.log.appender.install.snapshot.enabled = false (custom)
2019-08-28 22:18:24,681 [pool-93-thread-1] INFO  impl.RaftServerImpl (ServerState.java:<init>(105)) - 4e32af64-76da-4015-b3ad-89d433cc2e7d:group-500690158DF8 ConfigurationManager, init=-1: [4e32af64-76da-4015-b3ad-89d433cc2e7d:192.168.36.111:35068], old=null, confs=<EMPTY_MAP>
2019-08-28 22:18:24,681 [pool-93-thread-1] INFO  server.RaftServerConfigKeys (ConfUtils.java:logGet(43)) - raft.server.storage.dir = [/workdir/hadoop-ozone/integration-test/target/test-dir/MiniOzoneClusterImpl-53b3dfef-8820-4046-84bd-1701a2883846/datanode-6/data/ratis] (custom)
2019-08-28 22:18:24,681 [pool-93-thread-1] INFO  storage.RaftStorageDirectory (RaftStorageDirectory.java:analyzeStorage(246)) - The storage directory /workdir/hadoop-ozone/integration-test/target/test-dir/MiniOzoneClusterImpl-53b3dfef-8820-4046-84bd-1701a2883846/datanode-6/data/ratis/b09e1bb1-47e0-4675-b7ee-500690158df8 does not exist. Creating ...
2019-08-28 22:18:24,698 [pool-93-thread-1] INFO  storage.RaftStorageDirectory (RaftStorageDirectory.java:tryLock(328)) - Lock on /workdir/hadoop-ozone/integration-test/target/test-dir/MiniOzoneClusterImpl-53b3dfef-8820-4046-84bd-1701a2883846/datanode-6/data/ratis/b09e1bb1-47e0-4675-b7ee-500690158df8/in_use.lock acquired by nodename 21818@pr-hdds-1909-jt4r9-1943541209
2019-08-28 22:18:24,715 [pool-93-thread-1] INFO  storage.RaftStorage (RaftStorage.java:format(72)) - Storage directory /workdir/hadoop-ozone/integration-test/target/test-dir/MiniOzoneClusterImpl-53b3dfef-8820-4046-84bd-1701a2883846/datanode-6/data/ratis/b09e1bb1-47e0-4675-b7ee-500690158df8 has been successfully formatted.
2019-08-28 22:18:24,715 [pool-93-thread-1] INFO  ratis.ContainerStateMachine (ContainerStateMachine.java:loadSnapshot(227)) - group-500690158DF8: The snapshot info is null. Setting the last applied indexto:(t:0, i:~)
2019-08-28 22:18:24,715 [pool-93-thread-1] INFO  server.RaftServerConfigKeys (ConfUtils.java:logGet(43)) - raft.server.leader.election.timeout = 120s (custom)
2019-08-28 22:18:24,715 [pool-93-thread-1] INFO  server.RaftServerConfigKeys (ConfUtils.java:logGet(43)) - raft.server.log.use.memory = false (default)
2019-08-28 22:18:24,716 [pool-93-thread-1] INFO  server.RaftServerConfigKeys (ConfUtils.java:logGet(43)) - raft.server.log.purge.gap = 1000000 (custom)
2019-08-28 22:18:24,716 [pool-93-thread-1] INFO  server.RaftServerConfigKeys (ConfUtils.java:logGet(43)) - raft.server.log.appender.buffer.byte-limit = 33554432 (custom)
2019-08-28 22:18:24,716 [pool-93-thread-1] INFO  server.RaftServerConfigKeys (ConfUtils.java:logGet(43)) - raft.server.log.segment.size.max = 1048576 (custom)
2019-08-28 22:18:24,716 [pool-93-thread-1] INFO  server.RaftServerConfigKeys (ConfUtils.java:logGet(43)) - raft.server.log.segment.cache.num.max = 2 (custom)
2019-08-28 22:18:24,716 [pool-93-thread-1] INFO  segmented.SegmentedRaftLogWorker (SegmentedRaftLogWorker.java:<init>(172)) - new 4e32af64-76da-4015-b3ad-89d433cc2e7d-SegmentedRaftLogWorker:Storage Directory /workdir/hadoop-ozone/integration-test/target/test-dir/MiniOzoneClusterImpl-53b3dfef-8820-4046-84bd-1701a2883846/datanode-6/data/ratis/b09e1bb1-47e0-4675-b7ee-500690158df8 for RaftStorage:Storage Directory /workdir/hadoop-ozone/integration-test/target/test-dir/MiniOzoneClusterImpl-53b3dfef-8820-4046-84bd-1701a2883846/datanode-6/data/ratis/b09e1bb1-47e0-4675-b7ee-500690158df8
2019-08-28 22:18:24,716 [pool-93-thread-1] INFO  server.RaftServerConfigKeys (ConfUtils.java:logGet(43)) - raft.server.log.queue.byte-limit = 2147483647 (custom)
2019-08-28 22:18:24,717 [pool-93-thread-1] INFO  server.RaftServerConfigKeys (ConfUtils.java:logGet(43)) - raft.server.log.queue.element-limit = 1024 (custom)
2019-08-28 22:18:24,717 [pool-93-thread-1] INFO  server.RaftServerConfigKeys (ConfUtils.java:logGet(43)) - raft.server.log.segment.size.max = 1048576 (custom)
2019-08-28 22:18:24,717 [pool-93-thread-1] INFO  server.RaftServerConfigKeys (ConfUtils.java:logGet(43)) - raft.server.log.preallocated.size = 16384 (custom)
2019-08-28 22:18:24,717 [pool-93-thread-1] INFO  server.RaftServerConfigKeys (ConfUtils.java:logGet(43)) - raft.server.log.write.buffer.size = 33554432 (custom)
2019-08-28 22:18:24,717 [pool-93-thread-1] INFO  server.RaftServerConfigKeys (ConfUtils.java:logGet(43)) - raft.server.log.force.sync.num = 128 (default)
2019-08-28 22:18:24,717 [pool-93-thread-1] INFO  server.RaftServerConfigKeys (ConfUtils.java:logGet(43)) - raft.server.log.statemachine.data.sync = true (default)
2019-08-28 22:18:24,717 [pool-93-thread-1] INFO  server.RaftServerConfigKeys (ConfUtils.java:logGet(43)) - raft.server.log.statemachine.data.sync.timeout = 10s (default)
2019-08-28 22:18:24,718 [pool-93-thread-1] INFO  server.RaftServerConfigKeys (ConfUtils.java:logGet(43)) - raft.server.log.statemachine.data.sync.timeout.retry = -1 (default)
2019-08-28 22:18:24,718 [pool-93-thread-1] INFO  server.RaftServerConfigKeys (ConfUtils.java:logGet(43)) - raft.server.log.statemachine.data.caching.enabled = true (custom)
2019-08-28 22:18:24,718 [pool-93-thread-1] INFO  segmented.SegmentedRaftLogWorker (SegmentedRaftLogWorker.java:lambda$new$0(132)) - 4e32af64-76da-4015-b3ad-89d433cc2e7d-SegmentedRaftLogWorker:Storage Directory /workdir/hadoop-ozone/integration-test/target/test-dir/MiniOzoneClusterImpl-53b3dfef-8820-4046-84bd-1701a2883846/datanode-6/data/ratis/b09e1bb1-47e0-4675-b7ee-500690158df8: flushIndex: setUnconditionally 0 -> -1
2019-08-28 22:18:24,718 [pool-93-thread-1] INFO  server.RaftServerConfigKeys (ConfUtils.java:logGet(43)) - raft.server.snapshot.auto.trigger.enabled = true (custom)
2019-08-28 22:18:24,719 [pool-93-thread-1] INFO  server.RaftServerConfigKeys (ConfUtils.java:logGet(43)) - raft.server.snapshot.auto.trigger.threshold = 10000 (custom)
2019-08-28 22:18:24,719 [pool-93-thread-1] INFO  server.RaftServerConfigKeys (ConfUtils.java:logGet(43)) - raft.server.retrycache.expirytime = 600000ms (custom)
2019-08-28 22:18:24,719 [pool-93-thread-1] INFO  impl.RaftServerImpl (RaftServerImpl.java:start(180)) - 4e32af64-76da-4015-b3ad-89d433cc2e7d: start group-500690158DF8
2019-08-28 22:18:24,719 [pool-93-thread-1] INFO  impl.RaftServerImpl (RaftServerImpl.java:setRole(171)) - 4e32af64-76da-4015-b3ad-89d433cc2e7d:group-500690158DF8 changes role from null to FOLLOWER at term 0 for startAsFollower
2019-08-28 22:18:24,719 [pool-93-thread-1] INFO  impl.RoleInfo (RoleInfo.java:updateAndGet(143)) - 4e32af64-76da-4015-b3ad-89d433cc2e7d: start FollowerState
2019-08-28 22:18:24,720 [pool-93-thread-1] INFO  util.JmxRegister (JmxRegister.java:tryRegister(44)) - Successfully registered JMX Bean with object name Ratis:service=RaftServer,group=group-500690158DF8,id=4e32af64-76da-4015-b3ad-89d433cc2e7d
2019-08-28 22:18:24,734 [RatisPipelineUtilsThread] INFO  pipeline.PipelineStateManager (PipelineStateManager.java:addPipeline(56)) - Created pipeline Pipeline[ Id: b09e1bb1-47e0-4675-b7ee-500690158df8, Nodes: 4e32af64-76da-4015-b3ad-89d433cc2e7d{ip: 192.168.36.111, host: pr-hdds-1909-jt4r9-1943541209, networkLocation: /default-rack, certSerialId: null}, Type:RATIS, Factor:ONE, State:OPEN]
2019-08-28 22:18:24,757 [grpc-default-executor-0] INFO  impl.RaftServerProxy (RaftServerProxy.java:addNew(89)) - 6ea65cec-b0cc-42dc-8080-3b19ced056c0: addNew group-21B605533A84:[6ea65cec-b0cc-42dc-8080-3b19ced056c0:192.168.36.111:46707] returns group-21B605533A84:java.util.concurrent.CompletableFuture@1bc8603[Not completed]
2019-08-28 22:18:24,760 [pool-49-thread-1] INFO  impl.RaftServerImpl (RaftServerImpl.java:<init>(93)) - 6ea65cec-b0cc-42dc-8080-3b19ced056c0: new RaftServerImpl for group-21B605533A84:[6ea65cec-b0cc-42dc-8080-3b19ced056c0:192.168.36.111:46707] with ContainerStateMachine:uninitialized
2019-08-28 22:18:24,760 [pool-49-thread-1] INFO  server.RaftServerConfigKeys (ConfUtils.java:logGet(43)) - raft.server.rpc.timeout.min = 5s (custom)
2019-08-28 22:18:24,761 [pool-49-thread-1] INFO  server.RaftServerConfigKeys (ConfUtils.java:logGet(43)) - raft.server.rpc.timeout.max = 5200ms (custom)
2019-08-28 22:18:24,761 [pool-49-thread-1] INFO  server.RaftServerConfigKeys (ConfUtils.java:logGet(43)) - raft.server.rpcslowness.timeout = 120s (custom)
2019-08-28 22:18:24,761 [pool-49-thread-1] INFO  server.RaftServerConfigKeys (ConfUtils.java:logGet(43)) - raft.server.sleep.deviation.threshold = 300 (default)
2019-08-28 22:18:24,761 [pool-49-thread-1] INFO  server.RaftServerConfigKeys (ConfUtils.java:logGet(43)) - raft.server.log.appender.install.snapshot.enabled = false (custom)
2019-08-28 22:18:24,761 [pool-49-thread-1] INFO  impl.RaftServerImpl (ServerState.java:<init>(105)) - 6ea65cec-b0cc-42dc-8080-3b19ced056c0:group-21B605533A84 ConfigurationManager, init=-1: [6ea65cec-b0cc-42dc-8080-3b19ced056c0:192.168.36.111:46707], old=null, confs=<EMPTY_MAP>
2019-08-28 22:18:24,761 [pool-49-thread-1] INFO  server.RaftServerConfigKeys (ConfUtils.java:logGet(43)) - raft.server.storage.dir = [/workdir/hadoop-ozone/integration-test/target/test-dir/MiniOzoneClusterImpl-53b3dfef-8820-4046-84bd-1701a2883846/datanode-2/data/ratis] (custom)
2019-08-28 22:18:24,762 [pool-49-thread-1] INFO  storage.RaftStorageDirectory (RaftStorageDirectory.java:analyzeStorage(246)) - The storage directory /workdir/hadoop-ozone/integration-test/target/test-dir/MiniOzoneClusterImpl-53b3dfef-8820-4046-84bd-1701a2883846/datanode-2/data/ratis/88bdf24e-5e37-48c1-ba2b-21b605533a84 does not exist. Creating ...
2019-08-28 22:18:24,782 [pool-49-thread-1] INFO  storage.RaftStorageDirectory (RaftStorageDirectory.java:tryLock(328)) - Lock on /workdir/hadoop-ozone/integration-test/target/test-dir/MiniOzoneClusterImpl-53b3dfef-8820-4046-84bd-1701a2883846/datanode-2/data/ratis/88bdf24e-5e37-48c1-ba2b-21b605533a84/in_use.lock acquired by nodename 21818@pr-hdds-1909-jt4r9-1943541209
2019-08-28 22:18:24,799 [pool-49-thread-1] INFO  storage.RaftStorage (RaftStorage.java:format(72)) - Storage directory /workdir/hadoop-ozone/integration-test/target/test-dir/MiniOzoneClusterImpl-53b3dfef-8820-4046-84bd-1701a2883846/datanode-2/data/ratis/88bdf24e-5e37-48c1-ba2b-21b605533a84 has been successfully formatted.
2019-08-28 22:18:24,799 [pool-49-thread-1] INFO  ratis.ContainerStateMachine (ContainerStateMachine.java:loadSnapshot(227)) - group-21B605533A84: The snapshot info is null. Setting the last applied indexto:(t:0, i:~)
2019-08-28 22:18:24,799 [pool-49-thread-1] INFO  server.RaftServerConfigKeys (ConfUtils.java:logGet(43)) - raft.server.leader.election.timeout = 120s (custom)
2019-08-28 22:18:24,800 [pool-49-thread-1] INFO  server.RaftServerConfigKeys (ConfUtils.java:logGet(43)) - raft.server.log.use.memory = false (default)
2019-08-28 22:18:24,800 [pool-49-thread-1] INFO  server.RaftServerConfigKeys (ConfUtils.java:logGet(43)) - raft.server.log.purge.gap = 1000000 (custom)
2019-08-28 22:18:24,800 [pool-49-thread-1] INFO  server.RaftServerConfigKeys (ConfUtils.java:logGet(43)) - raft.server.log.appender.buffer.byte-limit = 33554432 (custom)
2019-08-28 22:18:24,800 [pool-49-thread-1] INFO  server.RaftServerConfigKeys (ConfUtils.java:logGet(43)) - raft.server.log.segment.size.max = 1048576 (custom)
2019-08-28 22:18:24,800 [pool-49-thread-1] INFO  server.RaftServerConfigKeys (ConfUtils.java:logGet(43)) - raft.server.log.segment.cache.num.max = 2 (custom)
2019-08-28 22:18:24,800 [pool-49-thread-1] INFO  segmented.SegmentedRaftLogWorker (SegmentedRaftLogWorker.java:<init>(172)) - new 6ea65cec-b0cc-42dc-8080-3b19ced056c0-SegmentedRaftLogWorker:Storage Directory /workdir/hadoop-ozone/integration-test/target/test-dir/MiniOzoneClusterImpl-53b3dfef-8820-4046-84bd-1701a2883846/datanode-2/data/ratis/88bdf24e-5e37-48c1-ba2b-21b605533a84 for RaftStorage:Storage Directory /workdir/hadoop-ozone/integration-test/target/test-dir/MiniOzoneClusterImpl-53b3dfef-8820-4046-84bd-1701a2883846/datanode-2/data/ratis/88bdf24e-5e37-48c1-ba2b-21b605533a84
2019-08-28 22:18:24,800 [pool-49-thread-1] INFO  server.RaftServerConfigKeys (ConfUtils.java:logGet(43)) - raft.server.log.queue.byte-limit = 2147483647 (custom)
2019-08-28 22:18:24,801 [pool-49-thread-1] INFO  server.RaftServerConfigKeys (ConfUtils.java:logGet(43)) - raft.server.log.queue.element-limit = 1024 (custom)
2019-08-28 22:18:24,801 [pool-49-thread-1] INFO  server.RaftServerConfigKeys (ConfUtils.java:logGet(43)) - raft.server.log.segment.size.max = 1048576 (custom)
2019-08-28 22:18:24,801 [pool-49-thread-1] INFO  server.RaftServerConfigKeys (ConfUtils.java:logGet(43)) - raft.server.log.preallocated.size = 16384 (custom)
2019-08-28 22:18:24,801 [pool-49-thread-1] INFO  server.RaftServerConfigKeys (ConfUtils.java:logGet(43)) - raft.server.log.write.buffer.size = 33554432 (custom)
2019-08-28 22:18:24,801 [pool-49-thread-1] INFO  server.RaftServerConfigKeys (ConfUtils.java:logGet(43)) - raft.server.log.force.sync.num = 128 (default)
2019-08-28 22:18:24,801 [pool-49-thread-1] INFO  server.RaftServerConfigKeys (ConfUtils.java:logGet(43)) - raft.server.log.statemachine.data.sync = true (default)
2019-08-28 22:18:24,802 [pool-49-thread-1] INFO  server.RaftServerConfigKeys (ConfUtils.java:logGet(43)) - raft.server.log.statemachine.data.sync.timeout = 10s (default)
2019-08-28 22:18:24,802 [pool-49-thread-1] INFO  server.RaftServerConfigKeys (ConfUtils.java:logGet(43)) - raft.server.log.statemachine.data.sync.timeout.retry = -1 (default)
2019-08-28 22:18:24,802 [pool-49-thread-1] INFO  server.RaftServerConfigKeys (ConfUtils.java:logGet(43)) - raft.server.log.statemachine.data.caching.enabled = true (custom)
2019-08-28 22:18:24,802 [pool-49-thread-1] INFO  segmented.SegmentedRaftLogWorker (SegmentedRaftLogWorker.java:lambda$new$0(132)) - 6ea65cec-b0cc-42dc-8080-3b19ced056c0-SegmentedRaftLogWorker:Storage Directory /workdir/hadoop-ozone/integration-test/target/test-dir/MiniOzoneClusterImpl-53b3dfef-8820-4046-84bd-1701a2883846/datanode-2/data/ratis/88bdf24e-5e37-48c1-ba2b-21b605533a84: flushIndex: setUnconditionally 0 -> -1
2019-08-28 22:18:24,803 [pool-49-thread-1] INFO  server.RaftServerConfigKeys (ConfUtils.java:logGet(43)) - raft.server.snapshot.auto.trigger.enabled = true (custom)
2019-08-28 22:18:24,803 [pool-49-thread-1] INFO  server.RaftServerConfigKeys (ConfUtils.java:logGet(43)) - raft.server.snapshot.auto.trigger.threshold = 10000 (custom)
2019-08-28 22:18:24,803 [pool-49-thread-1] INFO  server.RaftServerConfigKeys (ConfUtils.java:logGet(43)) - raft.server.retrycache.expirytime = 600000ms (custom)
2019-08-28 22:18:24,803 [pool-49-thread-1] INFO  impl.RaftServerImpl (RaftServerImpl.java:start(180)) - 6ea65cec-b0cc-42dc-8080-3b19ced056c0: start group-21B605533A84
2019-08-28 22:18:24,803 [pool-49-thread-1] INFO  impl.RaftServerImpl (RaftServerImpl.java:setRole(171)) - 6ea65cec-b0cc-42dc-8080-3b19ced056c0:group-21B605533A84 changes role from null to FOLLOWER at term 0 for startAsFollower
2019-08-28 22:18:24,804 [pool-49-thread-1] INFO  impl.RoleInfo (RoleInfo.java:updateAndGet(143)) - 6ea65cec-b0cc-42dc-8080-3b19ced056c0: start FollowerState
2019-08-28 22:18:24,804 [pool-49-thread-1] INFO  util.JmxRegister (JmxRegister.java:tryRegister(44)) - Successfully registered JMX Bean with object name Ratis:service=RaftServer,group=group-21B605533A84,id=6ea65cec-b0cc-42dc-8080-3b19ced056c0
2019-08-28 22:18:24,816 [RatisPipelineUtilsThread] INFO  pipeline.PipelineStateManager (PipelineStateManager.java:addPipeline(56)) - Created pipeline Pipeline[ Id: 88bdf24e-5e37-48c1-ba2b-21b605533a84, Nodes: 6ea65cec-b0cc-42dc-8080-3b19ced056c0{ip: 192.168.36.111, host: pr-hdds-1909-jt4r9-1943541209, networkLocation: /default-rack, certSerialId: null}, Type:RATIS, Factor:ONE, State:OPEN]
2019-08-28 22:18:24,841 [grpc-default-executor-0] INFO  impl.RaftServerProxy (RaftServerProxy.java:addNew(89)) - d216143f-01b4-413e-a32a-a64bf495efe0: addNew group-356FDE15761B:[d216143f-01b4-413e-a32a-a64bf495efe0:192.168.36.111:43748] returns group-356FDE15761B:java.util.concurrent.CompletableFuture@9fa4bbd[Not completed]
2019-08-28 22:18:24,844 [pool-38-thread-1] INFO  impl.RaftServerImpl (RaftServerImpl.java:<init>(93)) - d216143f-01b4-413e-a32a-a64bf495efe0: new RaftServerImpl for group-356FDE15761B:[d216143f-01b4-413e-a32a-a64bf495efe0:192.168.36.111:43748] with ContainerStateMachine:uninitialized
2019-08-28 22:18:24,844 [pool-38-thread-1] INFO  server.RaftServerConfigKeys (ConfUtils.java:logGet(43)) - raft.server.rpc.timeout.min = 5s (custom)
2019-08-28 22:18:24,844 [pool-38-thread-1] INFO  server.RaftServerConfigKeys (ConfUtils.java:logGet(43)) - raft.server.rpc.timeout.max = 5200ms (custom)
2019-08-28 22:18:24,844 [pool-38-thread-1] INFO  server.RaftServerConfigKeys (ConfUtils.java:logGet(43)) - raft.server.rpcslowness.timeout = 120s (custom)
2019-08-28 22:18:24,844 [pool-38-thread-1] INFO  server.RaftServerConfigKeys (ConfUtils.java:logGet(43)) - raft.server.sleep.deviation.threshold = 300 (default)
2019-08-28 22:18:24,845 [pool-38-thread-1] INFO  server.RaftServerConfigKeys (ConfUtils.java:logGet(43)) - raft.server.log.appender.install.snapshot.enabled = false (custom)
2019-08-28 22:18:24,845 [pool-38-thread-1] INFO  impl.RaftServerImpl (ServerState.java:<init>(105)) - d216143f-01b4-413e-a32a-a64bf495efe0:group-356FDE15761B ConfigurationManager, init=-1: [d216143f-01b4-413e-a32a-a64bf495efe0:192.168.36.111:43748], old=null, confs=<EMPTY_MAP>
2019-08-28 22:18:24,845 [pool-38-thread-1] INFO  server.RaftServerConfigKeys (ConfUtils.java:logGet(43)) - raft.server.storage.dir = [/workdir/hadoop-ozone/integration-test/target/test-dir/MiniOzoneClusterImpl-53b3dfef-8820-4046-84bd-1701a2883846/datanode-1/data/ratis] (custom)
2019-08-28 22:18:24,846 [pool-38-thread-1] INFO  storage.RaftStorageDirectory (RaftStorageDirectory.java:analyzeStorage(246)) - The storage directory /workdir/hadoop-ozone/integration-test/target/test-dir/MiniOzoneClusterImpl-53b3dfef-8820-4046-84bd-1701a2883846/datanode-1/data/ratis/f180342c-fc68-4c27-b6ee-356fde15761b does not exist. Creating ...
2019-08-28 22:18:24,874 [pool-38-thread-1] INFO  storage.RaftStorageDirectory (RaftStorageDirectory.java:tryLock(328)) - Lock on /workdir/hadoop-ozone/integration-test/target/test-dir/MiniOzoneClusterImpl-53b3dfef-8820-4046-84bd-1701a2883846/datanode-1/data/ratis/f180342c-fc68-4c27-b6ee-356fde15761b/in_use.lock acquired by nodename 21818@pr-hdds-1909-jt4r9-1943541209
2019-08-28 22:18:24,876 [main] INFO  ozone.MiniOzoneClusterImpl (MiniOzoneClusterImpl.java:lambda$waitForClusterToBeReady$0(140)) - Cluster is ready. Got 7 of 7 DN Heartbeats.
2019-08-28 22:18:24,894 [pool-38-thread-1] INFO  storage.RaftStorage (RaftStorage.java:format(72)) - Storage directory /workdir/hadoop-ozone/integration-test/target/test-dir/MiniOzoneClusterImpl-53b3dfef-8820-4046-84bd-1701a2883846/datanode-1/data/ratis/f180342c-fc68-4c27-b6ee-356fde15761b has been successfully formatted.
2019-08-28 22:18:24,894 [pool-38-thread-1] INFO  ratis.ContainerStateMachine (ContainerStateMachine.java:loadSnapshot(227)) - group-356FDE15761B: The snapshot info is null. Setting the last applied indexto:(t:0, i:~)
2019-08-28 22:18:24,894 [pool-38-thread-1] INFO  server.RaftServerConfigKeys (ConfUtils.java:logGet(43)) - raft.server.leader.election.timeout = 120s (custom)
2019-08-28 22:18:24,895 [pool-38-thread-1] INFO  server.RaftServerConfigKeys (ConfUtils.java:logGet(43)) - raft.server.log.use.memory = false (default)
2019-08-28 22:18:24,895 [pool-38-thread-1] INFO  server.RaftServerConfigKeys (ConfUtils.java:logGet(43)) - raft.server.log.purge.gap = 1000000 (custom)
2019-08-28 22:18:24,895 [pool-38-thread-1] INFO  server.RaftServerConfigKeys (ConfUtils.java:logGet(43)) - raft.server.log.appender.buffer.byte-limit = 33554432 (custom)
2019-08-28 22:18:24,895 [pool-38-thread-1] INFO  server.RaftServerConfigKeys (ConfUtils.java:logGet(43)) - raft.server.log.segment.size.max = 1048576 (custom)
2019-08-28 22:18:24,895 [pool-38-thread-1] INFO  server.RaftServerConfigKeys (ConfUtils.java:logGet(43)) - raft.server.log.segment.cache.num.max = 2 (custom)
2019-08-28 22:18:24,896 [pool-38-thread-1] INFO  segmented.SegmentedRaftLogWorker (SegmentedRaftLogWorker.java:<init>(172)) - new d216143f-01b4-413e-a32a-a64bf495efe0-SegmentedRaftLogWorker:Storage Directory /workdir/hadoop-ozone/integration-test/target/test-dir/MiniOzoneClusterImpl-53b3dfef-8820-4046-84bd-1701a2883846/datanode-1/data/ratis/f180342c-fc68-4c27-b6ee-356fde15761b for RaftStorage:Storage Directory /workdir/hadoop-ozone/integration-test/target/test-dir/MiniOzoneClusterImpl-53b3dfef-8820-4046-84bd-1701a2883846/datanode-1/data/ratis/f180342c-fc68-4c27-b6ee-356fde15761b
2019-08-28 22:18:24,896 [pool-38-thread-1] INFO  server.RaftServerConfigKeys (ConfUtils.java:logGet(43)) - raft.server.log.queue.byte-limit = 2147483647 (custom)
2019-08-28 22:18:24,896 [pool-38-thread-1] INFO  server.RaftServerConfigKeys (ConfUtils.java:logGet(43)) - raft.server.log.queue.element-limit = 1024 (custom)
2019-08-28 22:18:24,897 [pool-38-thread-1] INFO  server.RaftServerConfigKeys (ConfUtils.java:logGet(43)) - raft.server.log.segment.size.max = 1048576 (custom)
2019-08-28 22:18:24,897 [pool-38-thread-1] INFO  server.RaftServerConfigKeys (ConfUtils.java:logGet(43)) - raft.server.log.preallocated.size = 16384 (custom)
2019-08-28 22:18:24,897 [pool-38-thread-1] INFO  server.RaftServerConfigKeys (ConfUtils.java:logGet(43)) - raft.server.log.write.buffer.size = 33554432 (custom)
2019-08-28 22:18:24,897 [pool-38-thread-1] INFO  server.RaftServerConfigKeys (ConfUtils.java:logGet(43)) - raft.server.log.force.sync.num = 128 (default)
2019-08-28 22:18:24,897 [pool-38-thread-1] INFO  server.RaftServerConfigKeys (ConfUtils.java:logGet(43)) - raft.server.log.statemachine.data.sync = true (default)
2019-08-28 22:18:24,898 [pool-38-thread-1] INFO  server.RaftServerConfigKeys (ConfUtils.java:logGet(43)) - raft.server.log.statemachine.data.sync.timeout = 10s (default)
2019-08-28 22:18:24,898 [pool-38-thread-1] INFO  server.RaftServerConfigKeys (ConfUtils.java:logGet(43)) - raft.server.log.statemachine.data.sync.timeout.retry = -1 (default)
2019-08-28 22:18:24,898 [pool-38-thread-1] INFO  server.RaftServerConfigKeys (ConfUtils.java:logGet(43)) - raft.server.log.statemachine.data.caching.enabled = true (custom)
2019-08-28 22:18:24,899 [pool-38-thread-1] INFO  segmented.SegmentedRaftLogWorker (SegmentedRaftLogWorker.java:lambda$new$0(132)) - d216143f-01b4-413e-a32a-a64bf495efe0-SegmentedRaftLogWorker:Storage Directory /workdir/hadoop-ozone/integration-test/target/test-dir/MiniOzoneClusterImpl-53b3dfef-8820-4046-84bd-1701a2883846/datanode-1/data/ratis/f180342c-fc68-4c27-b6ee-356fde15761b: flushIndex: setUnconditionally 0 -> -1
2019-08-28 22:18:24,899 [pool-38-thread-1] INFO  server.RaftServerConfigKeys (ConfUtils.java:logGet(43)) - raft.server.snapshot.auto.trigger.enabled = true (custom)
2019-08-28 22:18:24,899 [pool-38-thread-1] INFO  server.RaftServerConfigKeys (ConfUtils.java:logGet(43)) - raft.server.snapshot.auto.trigger.threshold = 10000 (custom)
2019-08-28 22:18:24,900 [pool-38-thread-1] INFO  server.RaftServerConfigKeys (ConfUtils.java:logGet(43)) - raft.server.retrycache.expirytime = 600000ms (custom)
2019-08-28 22:18:24,900 [pool-38-thread-1] INFO  impl.RaftServerImpl (RaftServerImpl.java:start(180)) - d216143f-01b4-413e-a32a-a64bf495efe0: start group-356FDE15761B
2019-08-28 22:18:24,900 [pool-38-thread-1] INFO  impl.RaftServerImpl (RaftServerImpl.java:setRole(171)) - d216143f-01b4-413e-a32a-a64bf495efe0:group-356FDE15761B changes role from null to FOLLOWER at term 0 for startAsFollower
2019-08-28 22:18:24,900 [pool-38-thread-1] INFO  impl.RoleInfo (RoleInfo.java:updateAndGet(143)) - d216143f-01b4-413e-a32a-a64bf495efe0: start FollowerState
2019-08-28 22:18:24,901 [pool-38-thread-1] INFO  util.JmxRegister (JmxRegister.java:tryRegister(44)) - Successfully registered JMX Bean with object name Ratis:service=RaftServer,group=group-356FDE15761B,id=d216143f-01b4-413e-a32a-a64bf495efe0
2019-08-28 22:18:24,914 [RatisPipelineUtilsThread] INFO  pipeline.PipelineStateManager (PipelineStateManager.java:addPipeline(56)) - Created pipeline Pipeline[ Id: f180342c-fc68-4c27-b6ee-356fde15761b, Nodes: d216143f-01b4-413e-a32a-a64bf495efe0{ip: 192.168.36.111, host: pr-hdds-1909-jt4r9-1943541209, networkLocation: /default-rack, certSerialId: null}, Type:RATIS, Factor:ONE, State:OPEN]
2019-08-28 22:18:24,931 [grpc-default-executor-0] INFO  impl.RaftServerProxy (RaftServerProxy.java:addNew(89)) - d7d32888-ebc1-46a2-947e-41b56036304e: addNew group-074A2B47A7E1:[d7d32888-ebc1-46a2-947e-41b56036304e:192.168.36.111:36687] returns group-074A2B47A7E1:java.util.concurrent.CompletableFuture@7a0b5ee1[Not completed]
2019-08-28 22:18:24,936 [pool-82-thread-1] INFO  impl.RaftServerImpl (RaftServerImpl.java:<init>(93)) - d7d32888-ebc1-46a2-947e-41b56036304e: new RaftServerImpl for group-074A2B47A7E1:[d7d32888-ebc1-46a2-947e-41b56036304e:192.168.36.111:36687] with ContainerStateMachine:uninitialized
2019-08-28 22:18:24,936 [pool-82-thread-1] INFO  server.RaftServerConfigKeys (ConfUtils.java:logGet(43)) - raft.server.rpc.timeout.min = 5s (custom)
2019-08-28 22:18:24,936 [pool-82-thread-1] INFO  server.RaftServerConfigKeys (ConfUtils.java:logGet(43)) - raft.server.rpc.timeout.max = 5200ms (custom)
2019-08-28 22:18:24,936 [pool-82-thread-1] INFO  server.RaftServerConfigKeys (ConfUtils.java:logGet(43)) - raft.server.rpcslowness.timeout = 120s (custom)
2019-08-28 22:18:24,936 [pool-82-thread-1] INFO  server.RaftServerConfigKeys (ConfUtils.java:logGet(43)) - raft.server.sleep.deviation.threshold = 300 (default)
2019-08-28 22:18:24,937 [pool-82-thread-1] INFO  server.RaftServerConfigKeys (ConfUtils.java:logGet(43)) - raft.server.log.appender.install.snapshot.enabled = false (custom)
2019-08-28 22:18:24,937 [pool-82-thread-1] INFO  impl.RaftServerImpl (ServerState.java:<init>(105)) - d7d32888-ebc1-46a2-947e-41b56036304e:group-074A2B47A7E1 ConfigurationManager, init=-1: [d7d32888-ebc1-46a2-947e-41b56036304e:192.168.36.111:36687], old=null, confs=<EMPTY_MAP>
2019-08-28 22:18:24,937 [pool-82-thread-1] INFO  server.RaftServerConfigKeys (ConfUtils.java:logGet(43)) - raft.server.storage.dir = [/workdir/hadoop-ozone/integration-test/target/test-dir/MiniOzoneClusterImpl-53b3dfef-8820-4046-84bd-1701a2883846/datanode-5/data/ratis] (custom)
2019-08-28 22:18:24,937 [pool-82-thread-1] INFO  storage.RaftStorageDirectory (RaftStorageDirectory.java:analyzeStorage(246)) - The storage directory /workdir/hadoop-ozone/integration-test/target/test-dir/MiniOzoneClusterImpl-53b3dfef-8820-4046-84bd-1701a2883846/datanode-5/data/ratis/dc40e4f2-757f-49dd-b896-074a2b47a7e1 does not exist. Creating ...
2019-08-28 22:18:24,962 [pool-82-thread-1] INFO  storage.RaftStorageDirectory (RaftStorageDirectory.java:tryLock(328)) - Lock on /workdir/hadoop-ozone/integration-test/target/test-dir/MiniOzoneClusterImpl-53b3dfef-8820-4046-84bd-1701a2883846/datanode-5/data/ratis/dc40e4f2-757f-49dd-b896-074a2b47a7e1/in_use.lock acquired by nodename 21818@pr-hdds-1909-jt4r9-1943541209
2019-08-28 22:18:24,990 [pool-82-thread-1] INFO  storage.RaftStorage (RaftStorage.java:format(72)) - Storage directory /workdir/hadoop-ozone/integration-test/target/test-dir/MiniOzoneClusterImpl-53b3dfef-8820-4046-84bd-1701a2883846/datanode-5/data/ratis/dc40e4f2-757f-49dd-b896-074a2b47a7e1 has been successfully formatted.
2019-08-28 22:18:24,991 [pool-82-thread-1] INFO  ratis.ContainerStateMachine (ContainerStateMachine.java:loadSnapshot(227)) - group-074A2B47A7E1: The snapshot info is null. Setting the last applied indexto:(t:0, i:~)
2019-08-28 22:18:24,991 [pool-82-thread-1] INFO  server.RaftServerConfigKeys (ConfUtils.java:logGet(43)) - raft.server.leader.election.timeout = 120s (custom)
2019-08-28 22:18:24,991 [pool-82-thread-1] INFO  server.RaftServerConfigKeys (ConfUtils.java:logGet(43)) - raft.server.log.use.memory = false (default)
2019-08-28 22:18:24,991 [pool-82-thread-1] INFO  server.RaftServerConfigKeys (ConfUtils.java:logGet(43)) - raft.server.log.purge.gap = 1000000 (custom)
2019-08-28 22:18:24,991 [pool-82-thread-1] INFO  server.RaftServerConfigKeys (ConfUtils.java:logGet(43)) - raft.server.log.appender.buffer.byte-limit = 33554432 (custom)
2019-08-28 22:18:24,991 [pool-82-thread-1] INFO  server.RaftServerConfigKeys (ConfUtils.java:logGet(43)) - raft.server.log.segment.size.max = 1048576 (custom)
2019-08-28 22:18:24,992 [pool-82-thread-1] INFO  server.RaftServerConfigKeys (ConfUtils.java:logGet(43)) - raft.server.log.segment.cache.num.max = 2 (custom)
2019-08-28 22:18:24,992 [pool-82-thread-1] INFO  segmented.SegmentedRaftLogWorker (SegmentedRaftLogWorker.java:<init>(172)) - new d7d32888-ebc1-46a2-947e-41b56036304e-SegmentedRaftLogWorker:Storage Directory /workdir/hadoop-ozone/integration-test/target/test-dir/MiniOzoneClusterImpl-53b3dfef-8820-4046-84bd-1701a2883846/datanode-5/data/ratis/dc40e4f2-757f-49dd-b896-074a2b47a7e1 for RaftStorage:Storage Directory /workdir/hadoop-ozone/integration-test/target/test-dir/MiniOzoneClusterImpl-53b3dfef-8820-4046-84bd-1701a2883846/datanode-5/data/ratis/dc40e4f2-757f-49dd-b896-074a2b47a7e1
2019-08-28 22:18:24,992 [pool-82-thread-1] INFO  server.RaftServerConfigKeys (ConfUtils.java:logGet(43)) - raft.server.log.queue.byte-limit = 2147483647 (custom)
2019-08-28 22:18:24,992 [pool-82-thread-1] INFO  server.RaftServerConfigKeys (ConfUtils.java:logGet(43)) - raft.server.log.queue.element-limit = 1024 (custom)
2019-08-28 22:18:24,992 [pool-82-thread-1] INFO  server.RaftServerConfigKeys (ConfUtils.java:logGet(43)) - raft.server.log.segment.size.max = 1048576 (custom)
2019-08-28 22:18:24,993 [pool-82-thread-1] INFO  server.RaftServerConfigKeys (ConfUtils.java:logGet(43)) - raft.server.log.preallocated.size = 16384 (custom)
2019-08-28 22:18:24,993 [pool-82-thread-1] INFO  server.RaftServerConfigKeys (ConfUtils.java:logGet(43)) - raft.server.log.write.buffer.size = 33554432 (custom)
2019-08-28 22:18:24,993 [pool-82-thread-1] INFO  server.RaftServerConfigKeys (ConfUtils.java:logGet(43)) - raft.server.log.force.sync.num = 128 (default)
2019-08-28 22:18:24,993 [pool-82-thread-1] INFO  server.RaftServerConfigKeys (ConfUtils.java:logGet(43)) - raft.server.log.statemachine.data.sync = true (default)
2019-08-28 22:18:24,993 [pool-82-thread-1] INFO  server.RaftServerConfigKeys (ConfUtils.java:logGet(43)) - raft.server.log.statemachine.data.sync.timeout = 10s (default)
2019-08-28 22:18:24,993 [pool-82-thread-1] INFO  server.RaftServerConfigKeys (ConfUtils.java:logGet(43)) - raft.server.log.statemachine.data.sync.timeout.retry = -1 (default)
2019-08-28 22:18:24,994 [pool-82-thread-1] INFO  server.RaftServerConfigKeys (ConfUtils.java:logGet(43)) - raft.server.log.statemachine.data.caching.enabled = true (custom)
2019-08-28 22:18:24,994 [pool-82-thread-1] INFO  segmented.SegmentedRaftLogWorker (SegmentedRaftLogWorker.java:lambda$new$0(132)) - d7d32888-ebc1-46a2-947e-41b56036304e-SegmentedRaftLogWorker:Storage Directory /workdir/hadoop-ozone/integration-test/target/test-dir/MiniOzoneClusterImpl-53b3dfef-8820-4046-84bd-1701a2883846/datanode-5/data/ratis/dc40e4f2-757f-49dd-b896-074a2b47a7e1: flushIndex: setUnconditionally 0 -> -1
2019-08-28 22:18:24,994 [pool-82-thread-1] INFO  server.RaftServerConfigKeys (ConfUtils.java:logGet(43)) - raft.server.snapshot.auto.trigger.enabled = true (custom)
2019-08-28 22:18:24,994 [pool-82-thread-1] INFO  server.RaftServerConfigKeys (ConfUtils.java:logGet(43)) - raft.server.snapshot.auto.trigger.threshold = 10000 (custom)
2019-08-28 22:18:24,995 [pool-82-thread-1] INFO  server.RaftServerConfigKeys (ConfUtils.java:logGet(43)) - raft.server.retrycache.expirytime = 600000ms (custom)
2019-08-28 22:18:24,995 [pool-82-thread-1] INFO  impl.RaftServerImpl (RaftServerImpl.java:start(180)) - d7d32888-ebc1-46a2-947e-41b56036304e: start group-074A2B47A7E1
2019-08-28 22:18:24,995 [pool-82-thread-1] INFO  impl.RaftServerImpl (RaftServerImpl.java:setRole(171)) - d7d32888-ebc1-46a2-947e-41b56036304e:group-074A2B47A7E1 changes role from null to FOLLOWER at term 0 for startAsFollower
2019-08-28 22:18:24,995 [pool-82-thread-1] INFO  impl.RoleInfo (RoleInfo.java:updateAndGet(143)) - d7d32888-ebc1-46a2-947e-41b56036304e: start FollowerState
2019-08-28 22:18:24,996 [pool-82-thread-1] INFO  util.JmxRegister (JmxRegister.java:tryRegister(44)) - Successfully registered JMX Bean with object name Ratis:service=RaftServer,group=group-074A2B47A7E1,id=d7d32888-ebc1-46a2-947e-41b56036304e
2019-08-28 22:18:25,019 [RatisPipelineUtilsThread] INFO  pipeline.PipelineStateManager (PipelineStateManager.java:addPipeline(56)) - Created pipeline Pipeline[ Id: dc40e4f2-757f-49dd-b896-074a2b47a7e1, Nodes: d7d32888-ebc1-46a2-947e-41b56036304e{ip: 192.168.36.111, host: pr-hdds-1909-jt4r9-1943541209, networkLocation: /default-rack, certSerialId: null}, Type:RATIS, Factor:ONE, State:OPEN]
2019-08-28 22:18:25,063 [grpc-default-executor-0] INFO  impl.RaftServerProxy (RaftServerProxy.java:addNew(89)) - affc808b-d81b-4a0f-bca8-432d1690fbd7: addNew group-568C93497CF9:[affc808b-d81b-4a0f-bca8-432d1690fbd7:192.168.36.111:36225, 4e32af64-76da-4015-b3ad-89d433cc2e7d:192.168.36.111:35068, f6c73153-780a-4b23-b246-cb985c17e814:192.168.36.111:43582] returns group-568C93497CF9:java.util.concurrent.CompletableFuture@1de3d411[Not completed]
2019-08-28 22:18:25,063 [grpc-default-executor-2] INFO  impl.RaftServerProxy (RaftServerProxy.java:addNew(89)) - f6c73153-780a-4b23-b246-cb985c17e814: addNew group-568C93497CF9:[affc808b-d81b-4a0f-bca8-432d1690fbd7:192.168.36.111:36225, 4e32af64-76da-4015-b3ad-89d433cc2e7d:192.168.36.111:35068, f6c73153-780a-4b23-b246-cb985c17e814:192.168.36.111:43582] returns group-568C93497CF9:java.util.concurrent.CompletableFuture@7ad55d3e[Not completed]
2019-08-28 22:18:25,063 [grpc-default-executor-1] INFO  impl.RaftServerProxy (RaftServerProxy.java:addNew(89)) - 4e32af64-76da-4015-b3ad-89d433cc2e7d: addNew group-568C93497CF9:[affc808b-d81b-4a0f-bca8-432d1690fbd7:192.168.36.111:36225, 4e32af64-76da-4015-b3ad-89d433cc2e7d:192.168.36.111:35068, f6c73153-780a-4b23-b246-cb985c17e814:192.168.36.111:43582] returns group-568C93497CF9:java.util.concurrent.CompletableFuture@1f8da53[Not completed]
2019-08-28 22:18:25,065 [pool-93-thread-1] INFO  impl.RaftServerImpl (RaftServerImpl.java:<init>(93)) - 4e32af64-76da-4015-b3ad-89d433cc2e7d: new RaftServerImpl for group-568C93497CF9:[affc808b-d81b-4a0f-bca8-432d1690fbd7:192.168.36.111:36225, 4e32af64-76da-4015-b3ad-89d433cc2e7d:192.168.36.111:35068, f6c73153-780a-4b23-b246-cb985c17e814:192.168.36.111:43582] with ContainerStateMachine:uninitialized
2019-08-28 22:18:25,065 [pool-93-thread-1] INFO  server.RaftServerConfigKeys (ConfUtils.java:logGet(43)) - raft.server.rpc.timeout.min = 5s (custom)
2019-08-28 22:18:25,065 [pool-93-thread-1] INFO  server.RaftServerConfigKeys (ConfUtils.java:logGet(43)) - raft.server.rpc.timeout.max = 5200ms (custom)
2019-08-28 22:18:25,066 [pool-93-thread-1] INFO  server.RaftServerConfigKeys (ConfUtils.java:logGet(43)) - raft.server.rpcslowness.timeout = 120s (custom)
2019-08-28 22:18:25,066 [pool-93-thread-1] INFO  server.RaftServerConfigKeys (ConfUtils.java:logGet(43)) - raft.server.sleep.deviation.threshold = 300 (default)
2019-08-28 22:18:25,066 [pool-93-thread-1] INFO  server.RaftServerConfigKeys (ConfUtils.java:logGet(43)) - raft.server.log.appender.install.snapshot.enabled = false (custom)
2019-08-28 22:18:25,066 [pool-93-thread-1] INFO  impl.RaftServerImpl (ServerState.java:<init>(105)) - 4e32af64-76da-4015-b3ad-89d433cc2e7d:group-568C93497CF9 ConfigurationManager, init=-1: [affc808b-d81b-4a0f-bca8-432d1690fbd7:192.168.36.111:36225, 4e32af64-76da-4015-b3ad-89d433cc2e7d:192.168.36.111:35068, f6c73153-780a-4b23-b246-cb985c17e814:192.168.36.111:43582], old=null, confs=<EMPTY_MAP>
2019-08-28 22:18:25,066 [pool-93-thread-1] INFO  server.RaftServerConfigKeys (ConfUtils.java:logGet(43)) - raft.server.storage.dir = [/workdir/hadoop-ozone/integration-test/target/test-dir/MiniOzoneClusterImpl-53b3dfef-8820-4046-84bd-1701a2883846/datanode-6/data/ratis] (custom)
2019-08-28 22:18:25,067 [pool-93-thread-1] INFO  storage.RaftStorageDirectory (RaftStorageDirectory.java:analyzeStorage(246)) - The storage directory /workdir/hadoop-ozone/integration-test/target/test-dir/MiniOzoneClusterImpl-53b3dfef-8820-4046-84bd-1701a2883846/datanode-6/data/ratis/a5709ac5-ab95-4199-9182-568c93497cf9 does not exist. Creating ...
2019-08-28 22:18:25,067 [pool-60-thread-1] INFO  impl.RaftServerImpl (RaftServerImpl.java:<init>(93)) - f6c73153-780a-4b23-b246-cb985c17e814: new RaftServerImpl for group-568C93497CF9:[affc808b-d81b-4a0f-bca8-432d1690fbd7:192.168.36.111:36225, 4e32af64-76da-4015-b3ad-89d433cc2e7d:192.168.36.111:35068, f6c73153-780a-4b23-b246-cb985c17e814:192.168.36.111:43582] with ContainerStateMachine:uninitialized
2019-08-28 22:18:25,067 [pool-60-thread-1] INFO  server.RaftServerConfigKeys (ConfUtils.java:logGet(43)) - raft.server.rpc.timeout.min = 5s (custom)
2019-08-28 22:18:25,067 [pool-60-thread-1] INFO  server.RaftServerConfigKeys (ConfUtils.java:logGet(43)) - raft.server.rpc.timeout.max = 5200ms (custom)
2019-08-28 22:18:25,068 [pool-60-thread-1] INFO  server.RaftServerConfigKeys (ConfUtils.java:logGet(43)) - raft.server.rpcslowness.timeout = 120s (custom)
2019-08-28 22:18:25,068 [pool-60-thread-1] INFO  server.RaftServerConfigKeys (ConfUtils.java:logGet(43)) - raft.server.sleep.deviation.threshold = 300 (default)
2019-08-28 22:18:25,068 [pool-60-thread-1] INFO  server.RaftServerConfigKeys (ConfUtils.java:logGet(43)) - raft.server.log.appender.install.snapshot.enabled = false (custom)
2019-08-28 22:18:25,068 [pool-71-thread-1] INFO  impl.RaftServerImpl (RaftServerImpl.java:<init>(93)) - affc808b-d81b-4a0f-bca8-432d1690fbd7: new RaftServerImpl for group-568C93497CF9:[affc808b-d81b-4a0f-bca8-432d1690fbd7:192.168.36.111:36225, 4e32af64-76da-4015-b3ad-89d433cc2e7d:192.168.36.111:35068, f6c73153-780a-4b23-b246-cb985c17e814:192.168.36.111:43582] with ContainerStateMachine:uninitialized
2019-08-28 22:18:25,068 [pool-60-thread-1] INFO  impl.RaftServerImpl (ServerState.java:<init>(105)) - f6c73153-780a-4b23-b246-cb985c17e814:group-568C93497CF9 ConfigurationManager, init=-1: [affc808b-d81b-4a0f-bca8-432d1690fbd7:192.168.36.111:36225, 4e32af64-76da-4015-b3ad-89d433cc2e7d:192.168.36.111:35068, f6c73153-780a-4b23-b246-cb985c17e814:192.168.36.111:43582], old=null, confs=<EMPTY_MAP>
2019-08-28 22:18:25,068 [pool-71-thread-1] INFO  server.RaftServerConfigKeys (ConfUtils.java:logGet(43)) - raft.server.rpc.timeout.min = 5s (custom)
2019-08-28 22:18:25,069 [pool-60-thread-1] INFO  server.RaftServerConfigKeys (ConfUtils.java:logGet(43)) - raft.server.storage.dir = [/workdir/hadoop-ozone/integration-test/target/test-dir/MiniOzoneClusterImpl-53b3dfef-8820-4046-84bd-1701a2883846/datanode-3/data/ratis] (custom)
2019-08-28 22:18:25,069 [pool-71-thread-1] INFO  server.RaftServerConfigKeys (ConfUtils.java:logGet(43)) - raft.server.rpc.timeout.max = 5200ms (custom)
2019-08-28 22:18:25,069 [pool-71-thread-1] INFO  server.RaftServerConfigKeys (ConfUtils.java:logGet(43)) - raft.server.rpcslowness.timeout = 120s (custom)
2019-08-28 22:18:25,069 [pool-60-thread-1] INFO  storage.RaftStorageDirectory (RaftStorageDirectory.java:analyzeStorage(246)) - The storage directory /workdir/hadoop-ozone/integration-test/target/test-dir/MiniOzoneClusterImpl-53b3dfef-8820-4046-84bd-1701a2883846/datanode-3/data/ratis/a5709ac5-ab95-4199-9182-568c93497cf9 does not exist. Creating ...
2019-08-28 22:18:25,069 [pool-71-thread-1] INFO  server.RaftServerConfigKeys (ConfUtils.java:logGet(43)) - raft.server.sleep.deviation.threshold = 300 (default)
2019-08-28 22:18:25,069 [pool-71-thread-1] INFO  server.RaftServerConfigKeys (ConfUtils.java:logGet(43)) - raft.server.log.appender.install.snapshot.enabled = false (custom)
2019-08-28 22:18:25,075 [pool-71-thread-1] INFO  impl.RaftServerImpl (ServerState.java:<init>(105)) - affc808b-d81b-4a0f-bca8-432d1690fbd7:group-568C93497CF9 ConfigurationManager, init=-1: [affc808b-d81b-4a0f-bca8-432d1690fbd7:192.168.36.111:36225, 4e32af64-76da-4015-b3ad-89d433cc2e7d:192.168.36.111:35068, f6c73153-780a-4b23-b246-cb985c17e814:192.168.36.111:43582], old=null, confs=<EMPTY_MAP>
2019-08-28 22:18:25,075 [pool-71-thread-1] INFO  server.RaftServerConfigKeys (ConfUtils.java:logGet(43)) - raft.server.storage.dir = [/workdir/hadoop-ozone/integration-test/target/test-dir/MiniOzoneClusterImpl-53b3dfef-8820-4046-84bd-1701a2883846/datanode-4/data/ratis] (custom)
2019-08-28 22:18:25,076 [pool-71-thread-1] INFO  storage.RaftStorageDirectory (RaftStorageDirectory.java:analyzeStorage(246)) - The storage directory /workdir/hadoop-ozone/integration-test/target/test-dir/MiniOzoneClusterImpl-53b3dfef-8820-4046-84bd-1701a2883846/datanode-4/data/ratis/a5709ac5-ab95-4199-9182-568c93497cf9 does not exist. Creating ...
2019-08-28 22:18:25,093 [pool-60-thread-1] INFO  storage.RaftStorageDirectory (RaftStorageDirectory.java:tryLock(328)) - Lock on /workdir/hadoop-ozone/integration-test/target/test-dir/MiniOzoneClusterImpl-53b3dfef-8820-4046-84bd-1701a2883846/datanode-3/data/ratis/a5709ac5-ab95-4199-9182-568c93497cf9/in_use.lock acquired by nodename 21818@pr-hdds-1909-jt4r9-1943541209
2019-08-28 22:18:25,093 [pool-93-thread-1] INFO  storage.RaftStorageDirectory (RaftStorageDirectory.java:tryLock(328)) - Lock on /workdir/hadoop-ozone/integration-test/target/test-dir/MiniOzoneClusterImpl-53b3dfef-8820-4046-84bd-1701a2883846/datanode-6/data/ratis/a5709ac5-ab95-4199-9182-568c93497cf9/in_use.lock acquired by nodename 21818@pr-hdds-1909-jt4r9-1943541209
2019-08-28 22:18:25,093 [pool-71-thread-1] INFO  storage.RaftStorageDirectory (RaftStorageDirectory.java:tryLock(328)) - Lock on /workdir/hadoop-ozone/integration-test/target/test-dir/MiniOzoneClusterImpl-53b3dfef-8820-4046-84bd-1701a2883846/datanode-4/data/ratis/a5709ac5-ab95-4199-9182-568c93497cf9/in_use.lock acquired by nodename 21818@pr-hdds-1909-jt4r9-1943541209
2019-08-28 22:18:25,124 [pool-93-thread-1] INFO  storage.RaftStorage (RaftStorage.java:format(72)) - Storage directory /workdir/hadoop-ozone/integration-test/target/test-dir/MiniOzoneClusterImpl-53b3dfef-8820-4046-84bd-1701a2883846/datanode-6/data/ratis/a5709ac5-ab95-4199-9182-568c93497cf9 has been successfully formatted.
2019-08-28 22:18:25,124 [pool-60-thread-1] INFO  storage.RaftStorage (RaftStorage.java:format(72)) - Storage directory /workdir/hadoop-ozone/integration-test/target/test-dir/MiniOzoneClusterImpl-53b3dfef-8820-4046-84bd-1701a2883846/datanode-3/data/ratis/a5709ac5-ab95-4199-9182-568c93497cf9 has been successfully formatted.
2019-08-28 22:18:25,124 [pool-71-thread-1] INFO  storage.RaftStorage (RaftStorage.java:format(72)) - Storage directory /workdir/hadoop-ozone/integration-test/target/test-dir/MiniOzoneClusterImpl-53b3dfef-8820-4046-84bd-1701a2883846/datanode-4/data/ratis/a5709ac5-ab95-4199-9182-568c93497cf9 has been successfully formatted.
2019-08-28 22:18:25,125 [pool-93-thread-1] INFO  ratis.ContainerStateMachine (ContainerStateMachine.java:loadSnapshot(227)) - group-568C93497CF9: The snapshot info is null. Setting the last applied indexto:(t:0, i:~)
2019-08-28 22:18:25,125 [pool-93-thread-1] INFO  server.RaftServerConfigKeys (ConfUtils.java:logGet(43)) - raft.server.leader.election.timeout = 120s (custom)
2019-08-28 22:18:25,125 [pool-60-thread-1] INFO  ratis.ContainerStateMachine (ContainerStateMachine.java:loadSnapshot(227)) - group-568C93497CF9: The snapshot info is null. Setting the last applied indexto:(t:0, i:~)
2019-08-28 22:18:25,125 [pool-71-thread-1] INFO  ratis.ContainerStateMachine (ContainerStateMachine.java:loadSnapshot(227)) - group-568C93497CF9: The snapshot info is null. Setting the last applied indexto:(t:0, i:~)
2019-08-28 22:18:25,125 [pool-60-thread-1] INFO  server.RaftServerConfigKeys (ConfUtils.java:logGet(43)) - raft.server.leader.election.timeout = 120s (custom)
2019-08-28 22:18:25,125 [pool-93-thread-1] INFO  server.RaftServerConfigKeys (ConfUtils.java:logGet(43)) - raft.server.log.use.memory = false (default)
2019-08-28 22:18:25,126 [pool-60-thread-1] INFO  server.RaftServerConfigKeys (ConfUtils.java:logGet(43)) - raft.server.log.use.memory = false (default)
2019-08-28 22:18:25,125 [pool-71-thread-1] INFO  server.RaftServerConfigKeys (ConfUtils.java:logGet(43)) - raft.server.leader.election.timeout = 120s (custom)
2019-08-28 22:18:25,126 [pool-60-thread-1] INFO  server.RaftServerConfigKeys (ConfUtils.java:logGet(43)) - raft.server.log.purge.gap = 1000000 (custom)
2019-08-28 22:18:25,126 [pool-93-thread-1] INFO  server.RaftServerConfigKeys (ConfUtils.java:logGet(43)) - raft.server.log.purge.gap = 1000000 (custom)
2019-08-28 22:18:25,126 [pool-60-thread-1] INFO  server.RaftServerConfigKeys (ConfUtils.java:logGet(43)) - raft.server.log.appender.buffer.byte-limit = 33554432 (custom)
2019-08-28 22:18:25,126 [pool-71-thread-1] INFO  server.RaftServerConfigKeys (ConfUtils.java:logGet(43)) - raft.server.log.use.memory = false (default)
2019-08-28 22:18:25,127 [pool-60-thread-1] INFO  server.RaftServerConfigKeys (ConfUtils.java:logGet(43)) - raft.server.log.segment.size.max = 1048576 (custom)
2019-08-28 22:18:25,126 [pool-93-thread-1] INFO  server.RaftServerConfigKeys (ConfUtils.java:logGet(43)) - raft.server.log.appender.buffer.byte-limit = 33554432 (custom)
2019-08-28 22:18:25,127 [pool-60-thread-1] INFO  server.RaftServerConfigKeys (ConfUtils.java:logGet(43)) - raft.server.log.segment.cache.num.max = 2 (custom)
2019-08-28 22:18:25,127 [pool-71-thread-1] INFO  server.RaftServerConfigKeys (ConfUtils.java:logGet(43)) - raft.server.log.purge.gap = 1000000 (custom)
2019-08-28 22:18:25,127 [pool-60-thread-1] INFO  segmented.SegmentedRaftLogWorker (SegmentedRaftLogWorker.java:<init>(172)) - new f6c73153-780a-4b23-b246-cb985c17e814-SegmentedRaftLogWorker:Storage Directory /workdir/hadoop-ozone/integration-test/target/test-dir/MiniOzoneClusterImpl-53b3dfef-8820-4046-84bd-1701a2883846/datanode-3/data/ratis/a5709ac5-ab95-4199-9182-568c93497cf9 for RaftStorage:Storage Directory /workdir/hadoop-ozone/integration-test/target/test-dir/MiniOzoneClusterImpl-53b3dfef-8820-4046-84bd-1701a2883846/datanode-3/data/ratis/a5709ac5-ab95-4199-9182-568c93497cf9
2019-08-28 22:18:25,127 [pool-93-thread-1] INFO  server.RaftServerConfigKeys (ConfUtils.java:logGet(43)) - raft.server.log.segment.size.max = 1048576 (custom)
2019-08-28 22:18:25,127 [pool-71-thread-1] INFO  server.RaftServerConfigKeys (ConfUtils.java:logGet(43)) - raft.server.log.appender.buffer.byte-limit = 33554432 (custom)
2019-08-28 22:18:25,128 [pool-93-thread-1] INFO  server.RaftServerConfigKeys (ConfUtils.java:logGet(43)) - raft.server.log.segment.cache.num.max = 2 (custom)
2019-08-28 22:18:25,128 [pool-60-thread-1] INFO  server.RaftServerConfigKeys (ConfUtils.java:logGet(43)) - raft.server.log.queue.byte-limit = 2147483647 (custom)
2019-08-28 22:18:25,131 [pool-93-thread-1] INFO  segmented.SegmentedRaftLogWorker (SegmentedRaftLogWorker.java:<init>(172)) - new 4e32af64-76da-4015-b3ad-89d433cc2e7d-SegmentedRaftLogWorker:Storage Directory /workdir/hadoop-ozone/integration-test/target/test-dir/MiniOzoneClusterImpl-53b3dfef-8820-4046-84bd-1701a2883846/datanode-6/data/ratis/a5709ac5-ab95-4199-9182-568c93497cf9 for RaftStorage:Storage Directory /workdir/hadoop-ozone/integration-test/target/test-dir/MiniOzoneClusterImpl-53b3dfef-8820-4046-84bd-1701a2883846/datanode-6/data/ratis/a5709ac5-ab95-4199-9182-568c93497cf9
2019-08-28 22:18:25,131 [pool-71-thread-1] INFO  server.RaftServerConfigKeys (ConfUtils.java:logGet(43)) - raft.server.log.segment.size.max = 1048576 (custom)
2019-08-28 22:18:25,131 [pool-93-thread-1] INFO  server.RaftServerConfigKeys (ConfUtils.java:logGet(43)) - raft.server.log.queue.byte-limit = 2147483647 (custom)
2019-08-28 22:18:25,131 [pool-60-thread-1] INFO  server.RaftServerConfigKeys (ConfUtils.java:logGet(43)) - raft.server.log.queue.element-limit = 1024 (custom)
2019-08-28 22:18:25,143 [pool-93-thread-1] INFO  server.RaftServerConfigKeys (ConfUtils.java:logGet(43)) - raft.server.log.queue.element-limit = 1024 (custom)
2019-08-28 22:18:25,143 [pool-60-thread-1] INFO  server.RaftServerConfigKeys (ConfUtils.java:logGet(43)) - raft.server.log.segment.size.max = 1048576 (custom)
2019-08-28 22:18:25,131 [pool-71-thread-1] INFO  server.RaftServerConfigKeys (ConfUtils.java:logGet(43)) - raft.server.log.segment.cache.num.max = 2 (custom)
2019-08-28 22:18:25,143 [pool-60-thread-1] INFO  server.RaftServerConfigKeys (ConfUtils.java:logGet(43)) - raft.server.log.preallocated.size = 16384 (custom)
2019-08-28 22:18:25,143 [pool-93-thread-1] INFO  server.RaftServerConfigKeys (ConfUtils.java:logGet(43)) - raft.server.log.segment.size.max = 1048576 (custom)
2019-08-28 22:18:25,143 [pool-60-thread-1] INFO  server.RaftServerConfigKeys (ConfUtils.java:logGet(43)) - raft.server.log.write.buffer.size = 33554432 (custom)
2019-08-28 22:18:25,143 [pool-71-thread-1] INFO  segmented.SegmentedRaftLogWorker (SegmentedRaftLogWorker.java:<init>(172)) - new affc808b-d81b-4a0f-bca8-432d1690fbd7-SegmentedRaftLogWorker:Storage Directory /workdir/hadoop-ozone/integration-test/target/test-dir/MiniOzoneClusterImpl-53b3dfef-8820-4046-84bd-1701a2883846/datanode-4/data/ratis/a5709ac5-ab95-4199-9182-568c93497cf9 for RaftStorage:Storage Directory /workdir/hadoop-ozone/integration-test/target/test-dir/MiniOzoneClusterImpl-53b3dfef-8820-4046-84bd-1701a2883846/datanode-4/data/ratis/a5709ac5-ab95-4199-9182-568c93497cf9
2019-08-28 22:18:25,144 [pool-60-thread-1] INFO  server.RaftServerConfigKeys (ConfUtils.java:logGet(43)) - raft.server.log.force.sync.num = 128 (default)
2019-08-28 22:18:25,144 [pool-93-thread-1] INFO  server.RaftServerConfigKeys (ConfUtils.java:logGet(43)) - raft.server.log.preallocated.size = 16384 (custom)
2019-08-28 22:18:25,144 [pool-60-thread-1] INFO  server.RaftServerConfigKeys (ConfUtils.java:logGet(43)) - raft.server.log.statemachine.data.sync = true (default)
2019-08-28 22:18:25,144 [pool-71-thread-1] INFO  server.RaftServerConfigKeys (ConfUtils.java:logGet(43)) - raft.server.log.queue.byte-limit = 2147483647 (custom)
2019-08-28 22:18:25,148 [pool-60-thread-1] INFO  server.RaftServerConfigKeys (ConfUtils.java:logGet(43)) - raft.server.log.statemachine.data.sync.timeout = 10s (default)
2019-08-28 22:18:25,148 [pool-93-thread-1] INFO  server.RaftServerConfigKeys (ConfUtils.java:logGet(43)) - raft.server.log.write.buffer.size = 33554432 (custom)
2019-08-28 22:18:25,149 [pool-60-thread-1] INFO  server.RaftServerConfigKeys (ConfUtils.java:logGet(43)) - raft.server.log.statemachine.data.sync.timeout.retry = -1 (default)
2019-08-28 22:18:25,148 [pool-71-thread-1] INFO  server.RaftServerConfigKeys (ConfUtils.java:logGet(43)) - raft.server.log.queue.element-limit = 1024 (custom)
2019-08-28 22:18:25,149 [pool-60-thread-1] INFO  server.RaftServerConfigKeys (ConfUtils.java:logGet(43)) - raft.server.log.statemachine.data.caching.enabled = true (custom)
2019-08-28 22:18:25,149 [pool-93-thread-1] INFO  server.RaftServerConfigKeys (ConfUtils.java:logGet(43)) - raft.server.log.force.sync.num = 128 (default)
2019-08-28 22:18:25,149 [pool-71-thread-1] INFO  server.RaftServerConfigKeys (ConfUtils.java:logGet(43)) - raft.server.log.segment.size.max = 1048576 (custom)
2019-08-28 22:18:25,150 [pool-60-thread-1] INFO  segmented.SegmentedRaftLogWorker (SegmentedRaftLogWorker.java:lambda$new$0(132)) - f6c73153-780a-4b23-b246-cb985c17e814-SegmentedRaftLogWorker:Storage Directory /workdir/hadoop-ozone/integration-test/target/test-dir/MiniOzoneClusterImpl-53b3dfef-8820-4046-84bd-1701a2883846/datanode-3/data/ratis/a5709ac5-ab95-4199-9182-568c93497cf9: flushIndex: setUnconditionally 0 -> -1
2019-08-28 22:18:25,150 [pool-93-thread-1] INFO  server.RaftServerConfigKeys (ConfUtils.java:logGet(43)) - raft.server.log.statemachine.data.sync = true (default)
2019-08-28 22:18:25,150 [pool-71-thread-1] INFO  server.RaftServerConfigKeys (ConfUtils.java:logGet(43)) - raft.server.log.preallocated.size = 16384 (custom)
2019-08-28 22:18:25,151 [pool-93-thread-1] INFO  server.RaftServerConfigKeys (ConfUtils.java:logGet(43)) - raft.server.log.statemachine.data.sync.timeout = 10s (default)
2019-08-28 22:18:25,153 [pool-60-thread-1] INFO  server.RaftServerConfigKeys (ConfUtils.java:logGet(43)) - raft.server.snapshot.auto.trigger.enabled = true (custom)
2019-08-28 22:18:25,153 [pool-93-thread-1] INFO  server.RaftServerConfigKeys (ConfUtils.java:logGet(43)) - raft.server.log.statemachine.data.sync.timeout.retry = -1 (default)
2019-08-28 22:18:25,153 [pool-71-thread-1] INFO  server.RaftServerConfigKeys (ConfUtils.java:logGet(43)) - raft.server.log.write.buffer.size = 33554432 (custom)
2019-08-28 22:18:25,154 [pool-93-thread-1] INFO  server.RaftServerConfigKeys (ConfUtils.java:logGet(43)) - raft.server.log.statemachine.data.caching.enabled = true (custom)
2019-08-28 22:18:25,154 [pool-60-thread-1] INFO  server.RaftServerConfigKeys (ConfUtils.java:logGet(43)) - raft.server.snapshot.auto.trigger.threshold = 10000 (custom)
2019-08-28 22:18:25,154 [pool-71-thread-1] INFO  server.RaftServerConfigKeys (ConfUtils.java:logGet(43)) - raft.server.log.force.sync.num = 128 (default)
2019-08-28 22:18:25,155 [pool-60-thread-1] INFO  server.RaftServerConfigKeys (ConfUtils.java:logGet(43)) - raft.server.retrycache.expirytime = 600000ms (custom)
2019-08-28 22:18:25,155 [pool-93-thread-1] INFO  segmented.SegmentedRaftLogWorker (SegmentedRaftLogWorker.java:lambda$new$0(132)) - 4e32af64-76da-4015-b3ad-89d433cc2e7d-SegmentedRaftLogWorker:Storage Directory /workdir/hadoop-ozone/integration-test/target/test-dir/MiniOzoneClusterImpl-53b3dfef-8820-4046-84bd-1701a2883846/datanode-6/data/ratis/a5709ac5-ab95-4199-9182-568c93497cf9: flushIndex: setUnconditionally 0 -> -1
2019-08-28 22:18:25,155 [pool-60-thread-1] INFO  impl.RaftServerImpl (RaftServerImpl.java:start(180)) - f6c73153-780a-4b23-b246-cb985c17e814: start group-568C93497CF9
2019-08-28 22:18:25,155 [pool-93-thread-1] INFO  server.RaftServerConfigKeys (ConfUtils.java:logGet(43)) - raft.server.snapshot.auto.trigger.enabled = true (custom)
2019-08-28 22:18:25,155 [pool-71-thread-1] INFO  server.RaftServerConfigKeys (ConfUtils.java:logGet(43)) - raft.server.log.statemachine.data.sync = true (default)
2019-08-28 22:18:25,155 [pool-93-thread-1] INFO  server.RaftServerConfigKeys (ConfUtils.java:logGet(43)) - raft.server.snapshot.auto.trigger.threshold = 10000 (custom)
2019-08-28 22:18:25,155 [pool-60-thread-1] INFO  impl.RaftServerImpl (RaftServerImpl.java:setRole(171)) - f6c73153-780a-4b23-b246-cb985c17e814:group-568C93497CF9 changes role from null to FOLLOWER at term 0 for startAsFollower
2019-08-28 22:18:25,156 [pool-93-thread-1] INFO  server.RaftServerConfigKeys (ConfUtils.java:logGet(43)) - raft.server.retrycache.expirytime = 600000ms (custom)
2019-08-28 22:18:25,156 [pool-60-thread-1] INFO  impl.RoleInfo (RoleInfo.java:updateAndGet(143)) - f6c73153-780a-4b23-b246-cb985c17e814: start FollowerState
2019-08-28 22:18:25,156 [pool-71-thread-1] INFO  server.RaftServerConfigKeys (ConfUtils.java:logGet(43)) - raft.server.log.statemachine.data.sync.timeout = 10s (default)
2019-08-28 22:18:25,156 [pool-93-thread-1] INFO  impl.RaftServerImpl (RaftServerImpl.java:start(180)) - 4e32af64-76da-4015-b3ad-89d433cc2e7d: start group-568C93497CF9
2019-08-28 22:18:25,157 [pool-71-thread-1] INFO  server.RaftServerConfigKeys (ConfUtils.java:logGet(43)) - raft.server.log.statemachine.data.sync.timeout.retry = -1 (default)
2019-08-28 22:18:25,157 [pool-60-thread-1] INFO  util.JmxRegister (JmxRegister.java:tryRegister(44)) - Successfully registered JMX Bean with object name Ratis:service=RaftServer,group=group-568C93497CF9,id=f6c73153-780a-4b23-b246-cb985c17e814
2019-08-28 22:18:25,157 [pool-93-thread-1] INFO  impl.RaftServerImpl (RaftServerImpl.java:setRole(171)) - 4e32af64-76da-4015-b3ad-89d433cc2e7d:group-568C93497CF9 changes role from null to FOLLOWER at term 0 for startAsFollower
2019-08-28 22:18:25,157 [pool-71-thread-1] INFO  server.RaftServerConfigKeys (ConfUtils.java:logGet(43)) - raft.server.log.statemachine.data.caching.enabled = true (custom)
2019-08-28 22:18:25,157 [pool-93-thread-1] INFO  impl.RoleInfo (RoleInfo.java:updateAndGet(143)) - 4e32af64-76da-4015-b3ad-89d433cc2e7d: start FollowerState
2019-08-28 22:18:25,158 [pool-71-thread-1] INFO  segmented.SegmentedRaftLogWorker (SegmentedRaftLogWorker.java:lambda$new$0(132)) - affc808b-d81b-4a0f-bca8-432d1690fbd7-SegmentedRaftLogWorker:Storage Directory /workdir/hadoop-ozone/integration-test/target/test-dir/MiniOzoneClusterImpl-53b3dfef-8820-4046-84bd-1701a2883846/datanode-4/data/ratis/a5709ac5-ab95-4199-9182-568c93497cf9: flushIndex: setUnconditionally 0 -> -1
2019-08-28 22:18:25,158 [pool-93-thread-1] INFO  util.JmxRegister (JmxRegister.java:tryRegister(44)) - Successfully registered JMX Bean with object name Ratis:service=RaftServer,group=group-568C93497CF9,id=4e32af64-76da-4015-b3ad-89d433cc2e7d
2019-08-28 22:18:25,158 [pool-71-thread-1] INFO  server.RaftServerConfigKeys (ConfUtils.java:logGet(43)) - raft.server.snapshot.auto.trigger.enabled = true (custom)
2019-08-28 22:18:25,159 [pool-71-thread-1] INFO  server.RaftServerConfigKeys (ConfUtils.java:logGet(43)) - raft.server.snapshot.auto.trigger.threshold = 10000 (custom)
2019-08-28 22:18:25,159 [pool-71-thread-1] INFO  server.RaftServerConfigKeys (ConfUtils.java:logGet(43)) - raft.server.retrycache.expirytime = 600000ms (custom)
2019-08-28 22:18:25,159 [pool-71-thread-1] INFO  impl.RaftServerImpl (RaftServerImpl.java:start(180)) - affc808b-d81b-4a0f-bca8-432d1690fbd7: start group-568C93497CF9
2019-08-28 22:18:25,159 [pool-71-thread-1] INFO  impl.RaftServerImpl (RaftServerImpl.java:setRole(171)) - affc808b-d81b-4a0f-bca8-432d1690fbd7:group-568C93497CF9 changes role from null to FOLLOWER at term 0 for startAsFollower
2019-08-28 22:18:25,160 [pool-71-thread-1] INFO  impl.RoleInfo (RoleInfo.java:updateAndGet(143)) - affc808b-d81b-4a0f-bca8-432d1690fbd7: start FollowerState
2019-08-28 22:18:25,163 [pool-71-thread-1] INFO  util.JmxRegister (JmxRegister.java:tryRegister(44)) - Successfully registered JMX Bean with object name Ratis:service=RaftServer,group=group-568C93497CF9,id=affc808b-d81b-4a0f-bca8-432d1690fbd7
2019-08-28 22:18:25,188 [RatisPipelineUtilsThread] INFO  pipeline.PipelineStateManager (PipelineStateManager.java:addPipeline(56)) - Created pipeline Pipeline[ Id: a5709ac5-ab95-4199-9182-568c93497cf9, Nodes: f6c73153-780a-4b23-b246-cb985c17e814{ip: 192.168.36.111, host: pr-hdds-1909-jt4r9-1943541209, networkLocation: /default-rack, certSerialId: null}affc808b-d81b-4a0f-bca8-432d1690fbd7{ip: 192.168.36.111, host: pr-hdds-1909-jt4r9-1943541209, networkLocation: /default-rack, certSerialId: null}4e32af64-76da-4015-b3ad-89d433cc2e7d{ip: 192.168.36.111, host: pr-hdds-1909-jt4r9-1943541209, networkLocation: /default-rack, certSerialId: null}, Type:RATIS, Factor:THREE, State:OPEN]
2019-08-28 22:18:25,220 [grpc-default-executor-0] INFO  impl.RaftServerProxy (RaftServerProxy.java:addNew(89)) - 6ea65cec-b0cc-42dc-8080-3b19ced056c0: addNew group-39D119B0EFE5:[6ea65cec-b0cc-42dc-8080-3b19ced056c0:192.168.36.111:46707, d216143f-01b4-413e-a32a-a64bf495efe0:192.168.36.111:43748, cf4fda1a-cbd6-44d3-863d-d573685ab69e:192.168.36.111:39070] returns group-39D119B0EFE5:java.util.concurrent.CompletableFuture@267e85a6[Not completed]
2019-08-28 22:18:25,222 [grpc-default-executor-0] INFO  impl.RaftServerProxy (RaftServerProxy.java:addNew(89)) - cf4fda1a-cbd6-44d3-863d-d573685ab69e: addNew group-39D119B0EFE5:[6ea65cec-b0cc-42dc-8080-3b19ced056c0:192.168.36.111:46707, d216143f-01b4-413e-a32a-a64bf495efe0:192.168.36.111:43748, cf4fda1a-cbd6-44d3-863d-d573685ab69e:192.168.36.111:39070] returns group-39D119B0EFE5:java.util.concurrent.CompletableFuture@60fb180c[Not completed]
2019-08-28 22:18:25,224 [grpc-default-executor-0] INFO  impl.RaftServerProxy (RaftServerProxy.java:addNew(89)) - d216143f-01b4-413e-a32a-a64bf495efe0: addNew group-39D119B0EFE5:[6ea65cec-b0cc-42dc-8080-3b19ced056c0:192.168.36.111:46707, d216143f-01b4-413e-a32a-a64bf495efe0:192.168.36.111:43748, cf4fda1a-cbd6-44d3-863d-d573685ab69e:192.168.36.111:39070] returns group-39D119B0EFE5:java.util.concurrent.CompletableFuture@633b1b5e[Not completed]
2019-08-28 22:18:25,225 [pool-49-thread-1] INFO  impl.RaftServerImpl (RaftServerImpl.java:<init>(93)) - 6ea65cec-b0cc-42dc-8080-3b19ced056c0: new RaftServerImpl for group-39D119B0EFE5:[6ea65cec-b0cc-42dc-8080-3b19ced056c0:192.168.36.111:46707, d216143f-01b4-413e-a32a-a64bf495efe0:192.168.36.111:43748, cf4fda1a-cbd6-44d3-863d-d573685ab69e:192.168.36.111:39070] with ContainerStateMachine:uninitialized
2019-08-28 22:18:25,227 [pool-49-thread-1] INFO  server.RaftServerConfigKeys (ConfUtils.java:logGet(43)) - raft.server.rpc.timeout.min = 5s (custom)
2019-08-28 22:18:25,227 [pool-49-thread-1] INFO  server.RaftServerConfigKeys (ConfUtils.java:logGet(43)) - raft.server.rpc.timeout.max = 5200ms (custom)
2019-08-28 22:18:25,227 [pool-49-thread-1] INFO  server.RaftServerConfigKeys (ConfUtils.java:logGet(43)) - raft.server.rpcslowness.timeout = 120s (custom)
2019-08-28 22:18:25,227 [pool-49-thread-1] INFO  server.RaftServerConfigKeys (ConfUtils.java:logGet(43)) - raft.server.sleep.deviation.threshold = 300 (default)
2019-08-28 22:18:25,228 [pool-49-thread-1] INFO  server.RaftServerConfigKeys (ConfUtils.java:logGet(43)) - raft.server.log.appender.install.snapshot.enabled = false (custom)
2019-08-28 22:18:25,228 [pool-38-thread-1] INFO  impl.RaftServerImpl (RaftServerImpl.java:<init>(93)) - d216143f-01b4-413e-a32a-a64bf495efe0: new RaftServerImpl for group-39D119B0EFE5:[6ea65cec-b0cc-42dc-8080-3b19ced056c0:192.168.36.111:46707, d216143f-01b4-413e-a32a-a64bf495efe0:192.168.36.111:43748, cf4fda1a-cbd6-44d3-863d-d573685ab69e:192.168.36.111:39070] with ContainerStateMachine:uninitialized
2019-08-28 22:18:25,228 [pool-49-thread-1] INFO  impl.RaftServerImpl (ServerState.java:<init>(105)) - 6ea65cec-b0cc-42dc-8080-3b19ced056c0:group-39D119B0EFE5 ConfigurationManager, init=-1: [6ea65cec-b0cc-42dc-8080-3b19ced056c0:192.168.36.111:46707, d216143f-01b4-413e-a32a-a64bf495efe0:192.168.36.111:43748, cf4fda1a-cbd6-44d3-863d-d573685ab69e:192.168.36.111:39070], old=null, confs=<EMPTY_MAP>
2019-08-28 22:18:25,228 [pool-38-thread-1] INFO  server.RaftServerConfigKeys (ConfUtils.java:logGet(43)) - raft.server.rpc.timeout.min = 5s (custom)
2019-08-28 22:18:25,228 [pool-38-thread-1] INFO  server.RaftServerConfigKeys (ConfUtils.java:logGet(43)) - raft.server.rpc.timeout.max = 5200ms (custom)
2019-08-28 22:18:25,228 [pool-49-thread-1] INFO  server.RaftServerConfigKeys (ConfUtils.java:logGet(43)) - raft.server.storage.dir = [/workdir/hadoop-ozone/integration-test/target/test-dir/MiniOzoneClusterImpl-53b3dfef-8820-4046-84bd-1701a2883846/datanode-2/data/ratis] (custom)
2019-08-28 22:18:25,228 [pool-38-thread-1] INFO  server.RaftServerConfigKeys (ConfUtils.java:logGet(43)) - raft.server.rpcslowness.timeout = 120s (custom)
2019-08-28 22:18:25,229 [pool-38-thread-1] INFO  server.RaftServerConfigKeys (ConfUtils.java:logGet(43)) - raft.server.sleep.deviation.threshold = 300 (default)
2019-08-28 22:18:25,229 [pool-38-thread-1] INFO  server.RaftServerConfigKeys (ConfUtils.java:logGet(43)) - raft.server.log.appender.install.snapshot.enabled = false (custom)
2019-08-28 22:18:25,229 [pool-49-thread-1] INFO  storage.RaftStorageDirectory (RaftStorageDirectory.java:analyzeStorage(246)) - The storage directory /workdir/hadoop-ozone/integration-test/target/test-dir/MiniOzoneClusterImpl-53b3dfef-8820-4046-84bd-1701a2883846/datanode-2/data/ratis/5d840c38-32e8-4771-bc62-39d119b0efe5 does not exist. Creating ...
2019-08-28 22:18:25,229 [pool-27-thread-1] INFO  impl.RaftServerImpl (RaftServerImpl.java:<init>(93)) - cf4fda1a-cbd6-44d3-863d-d573685ab69e: new RaftServerImpl for group-39D119B0EFE5:[6ea65cec-b0cc-42dc-8080-3b19ced056c0:192.168.36.111:46707, d216143f-01b4-413e-a32a-a64bf495efe0:192.168.36.111:43748, cf4fda1a-cbd6-44d3-863d-d573685ab69e:192.168.36.111:39070] with ContainerStateMachine:uninitialized
2019-08-28 22:18:25,229 [pool-38-thread-1] INFO  impl.RaftServerImpl (ServerState.java:<init>(105)) - d216143f-01b4-413e-a32a-a64bf495efe0:group-39D119B0EFE5 ConfigurationManager, init=-1: [6ea65cec-b0cc-42dc-8080-3b19ced056c0:192.168.36.111:46707, d216143f-01b4-413e-a32a-a64bf495efe0:192.168.36.111:43748, cf4fda1a-cbd6-44d3-863d-d573685ab69e:192.168.36.111:39070], old=null, confs=<EMPTY_MAP>
2019-08-28 22:18:25,229 [pool-27-thread-1] INFO  server.RaftServerConfigKeys (ConfUtils.java:logGet(43)) - raft.server.rpc.timeout.min = 5s (custom)
2019-08-28 22:18:25,230 [pool-38-thread-1] INFO  server.RaftServerConfigKeys (ConfUtils.java:logGet(43)) - raft.server.storage.dir = [/workdir/hadoop-ozone/integration-test/target/test-dir/MiniOzoneClusterImpl-53b3dfef-8820-4046-84bd-1701a2883846/datanode-1/data/ratis] (custom)
2019-08-28 22:18:25,230 [pool-27-thread-1] INFO  server.RaftServerConfigKeys (ConfUtils.java:logGet(43)) - raft.server.rpc.timeout.max = 5200ms (custom)
2019-08-28 22:18:25,230 [pool-27-thread-1] INFO  server.RaftServerConfigKeys (ConfUtils.java:logGet(43)) - raft.server.rpcslowness.timeout = 120s (custom)
2019-08-28 22:18:25,230 [pool-38-thread-1] INFO  storage.RaftStorageDirectory (RaftStorageDirectory.java:analyzeStorage(246)) - The storage directory /workdir/hadoop-ozone/integration-test/target/test-dir/MiniOzoneClusterImpl-53b3dfef-8820-4046-84bd-1701a2883846/datanode-1/data/ratis/5d840c38-32e8-4771-bc62-39d119b0efe5 does not exist. Creating ...
2019-08-28 22:18:25,230 [pool-27-thread-1] INFO  server.RaftServerConfigKeys (ConfUtils.java:logGet(43)) - raft.server.sleep.deviation.threshold = 300 (default)
2019-08-28 22:18:25,230 [pool-27-thread-1] INFO  server.RaftServerConfigKeys (ConfUtils.java:logGet(43)) - raft.server.log.appender.install.snapshot.enabled = false (custom)
2019-08-28 22:18:25,231 [pool-27-thread-1] INFO  impl.RaftServerImpl (ServerState.java:<init>(105)) - cf4fda1a-cbd6-44d3-863d-d573685ab69e:group-39D119B0EFE5 ConfigurationManager, init=-1: [6ea65cec-b0cc-42dc-8080-3b19ced056c0:192.168.36.111:46707, d216143f-01b4-413e-a32a-a64bf495efe0:192.168.36.111:43748, cf4fda1a-cbd6-44d3-863d-d573685ab69e:192.168.36.111:39070], old=null, confs=<EMPTY_MAP>
2019-08-28 22:18:25,231 [pool-27-thread-1] INFO  server.RaftServerConfigKeys (ConfUtils.java:logGet(43)) - raft.server.storage.dir = [/workdir/hadoop-ozone/integration-test/target/test-dir/MiniOzoneClusterImpl-53b3dfef-8820-4046-84bd-1701a2883846/datanode-0/data/ratis] (custom)
2019-08-28 22:18:25,231 [pool-27-thread-1] INFO  storage.RaftStorageDirectory (RaftStorageDirectory.java:analyzeStorage(246)) - The storage directory /workdir/hadoop-ozone/integration-test/target/test-dir/MiniOzoneClusterImpl-53b3dfef-8820-4046-84bd-1701a2883846/datanode-0/data/ratis/5d840c38-32e8-4771-bc62-39d119b0efe5 does not exist. Creating ...
2019-08-28 22:18:25,281 [pool-27-thread-1] INFO  storage.RaftStorageDirectory (RaftStorageDirectory.java:tryLock(328)) - Lock on /workdir/hadoop-ozone/integration-test/target/test-dir/MiniOzoneClusterImpl-53b3dfef-8820-4046-84bd-1701a2883846/datanode-0/data/ratis/5d840c38-32e8-4771-bc62-39d119b0efe5/in_use.lock acquired by nodename 21818@pr-hdds-1909-jt4r9-1943541209
2019-08-28 22:18:25,281 [pool-49-thread-1] INFO  storage.RaftStorageDirectory (RaftStorageDirectory.java:tryLock(328)) - Lock on /workdir/hadoop-ozone/integration-test/target/test-dir/MiniOzoneClusterImpl-53b3dfef-8820-4046-84bd-1701a2883846/datanode-2/data/ratis/5d840c38-32e8-4771-bc62-39d119b0efe5/in_use.lock acquired by nodename 21818@pr-hdds-1909-jt4r9-1943541209
2019-08-28 22:18:25,281 [pool-38-thread-1] INFO  storage.RaftStorageDirectory (RaftStorageDirectory.java:tryLock(328)) - Lock on /workdir/hadoop-ozone/integration-test/target/test-dir/MiniOzoneClusterImpl-53b3dfef-8820-4046-84bd-1701a2883846/datanode-1/data/ratis/5d840c38-32e8-4771-bc62-39d119b0efe5/in_use.lock acquired by nodename 21818@pr-hdds-1909-jt4r9-1943541209
2019-08-28 22:18:25,308 [pool-38-thread-1] INFO  storage.RaftStorage (RaftStorage.java:format(72)) - Storage directory /workdir/hadoop-ozone/integration-test/target/test-dir/MiniOzoneClusterImpl-53b3dfef-8820-4046-84bd-1701a2883846/datanode-1/data/ratis/5d840c38-32e8-4771-bc62-39d119b0efe5 has been successfully formatted.
2019-08-28 22:18:25,308 [pool-49-thread-1] INFO  storage.RaftStorage (RaftStorage.java:format(72)) - Storage directory /workdir/hadoop-ozone/integration-test/target/test-dir/MiniOzoneClusterImpl-53b3dfef-8820-4046-84bd-1701a2883846/datanode-2/data/ratis/5d840c38-32e8-4771-bc62-39d119b0efe5 has been successfully formatted.
2019-08-28 22:18:25,308 [pool-27-thread-1] INFO  storage.RaftStorage (RaftStorage.java:format(72)) - Storage directory /workdir/hadoop-ozone/integration-test/target/test-dir/MiniOzoneClusterImpl-53b3dfef-8820-4046-84bd-1701a2883846/datanode-0/data/ratis/5d840c38-32e8-4771-bc62-39d119b0efe5 has been successfully formatted.
2019-08-28 22:18:25,309 [pool-38-thread-1] INFO  ratis.ContainerStateMachine (ContainerStateMachine.java:loadSnapshot(227)) - group-39D119B0EFE5: The snapshot info is null. Setting the last applied indexto:(t:0, i:~)
2019-08-28 22:18:25,309 [pool-49-thread-1] INFO  ratis.ContainerStateMachine (ContainerStateMachine.java:loadSnapshot(227)) - group-39D119B0EFE5: The snapshot info is null. Setting the last applied indexto:(t:0, i:~)
2019-08-28 22:18:25,309 [pool-38-thread-1] INFO  server.RaftServerConfigKeys (ConfUtils.java:logGet(43)) - raft.server.leader.election.timeout = 120s (custom)
2019-08-28 22:18:25,309 [pool-27-thread-1] INFO  ratis.ContainerStateMachine (ContainerStateMachine.java:loadSnapshot(227)) - group-39D119B0EFE5: The snapshot info is null. Setting the last applied indexto:(t:0, i:~)
2019-08-28 22:18:25,310 [pool-38-thread-1] INFO  server.RaftServerConfigKeys (ConfUtils.java:logGet(43)) - raft.server.log.use.memory = false (default)
2019-08-28 22:18:25,309 [pool-49-thread-1] INFO  server.RaftServerConfigKeys (ConfUtils.java:logGet(43)) - raft.server.leader.election.timeout = 120s (custom)
2019-08-28 22:18:25,310 [pool-38-thread-1] INFO  server.RaftServerConfigKeys (ConfUtils.java:logGet(43)) - raft.server.log.purge.gap = 1000000 (custom)
2019-08-28 22:18:25,310 [pool-27-thread-1] INFO  server.RaftServerConfigKeys (ConfUtils.java:logGet(43)) - raft.server.leader.election.timeout = 120s (custom)
2019-08-28 22:18:25,310 [pool-38-thread-1] INFO  server.RaftServerConfigKeys (ConfUtils.java:logGet(43)) - raft.server.log.appender.buffer.byte-limit = 33554432 (custom)
2019-08-28 22:18:25,310 [pool-49-thread-1] INFO  server.RaftServerConfigKeys (ConfUtils.java:logGet(43)) - raft.server.log.use.memory = false (default)
2019-08-28 22:18:25,311 [pool-38-thread-1] INFO  server.RaftServerConfigKeys (ConfUtils.java:logGet(43)) - raft.server.log.segment.size.max = 1048576 (custom)
2019-08-28 22:18:25,310 [pool-27-thread-1] INFO  server.RaftServerConfigKeys (ConfUtils.java:logGet(43)) - raft.server.log.use.memory = false (default)
2019-08-28 22:18:25,311 [pool-38-thread-1] INFO  server.RaftServerConfigKeys (ConfUtils.java:logGet(43)) - raft.server.log.segment.cache.num.max = 2 (custom)
2019-08-28 22:18:25,311 [pool-49-thread-1] INFO  server.RaftServerConfigKeys (ConfUtils.java:logGet(43)) - raft.server.log.purge.gap = 1000000 (custom)
2019-08-28 22:18:25,311 [pool-38-thread-1] INFO  segmented.SegmentedRaftLogWorker (SegmentedRaftLogWorker.java:<init>(172)) - new d216143f-01b4-413e-a32a-a64bf495efe0-SegmentedRaftLogWorker:Storage Directory /workdir/hadoop-ozone/integration-test/target/test-dir/MiniOzoneClusterImpl-53b3dfef-8820-4046-84bd-1701a2883846/datanode-1/data/ratis/5d840c38-32e8-4771-bc62-39d119b0efe5 for RaftStorage:Storage Directory /workdir/hadoop-ozone/integration-test/target/test-dir/MiniOzoneClusterImpl-53b3dfef-8820-4046-84bd-1701a2883846/datanode-1/data/ratis/5d840c38-32e8-4771-bc62-39d119b0efe5
2019-08-28 22:18:25,311 [pool-27-thread-1] INFO  server.RaftServerConfigKeys (ConfUtils.java:logGet(43)) - raft.server.log.purge.gap = 1000000 (custom)
2019-08-28 22:18:25,311 [pool-38-thread-1] INFO  server.RaftServerConfigKeys (ConfUtils.java:logGet(43)) - raft.server.log.queue.byte-limit = 2147483647 (custom)
2019-08-28 22:18:25,311 [pool-49-thread-1] INFO  server.RaftServerConfigKeys (ConfUtils.java:logGet(43)) - raft.server.log.appender.buffer.byte-limit = 33554432 (custom)
2019-08-28 22:18:25,314 [pool-38-thread-1] INFO  server.RaftServerConfigKeys (ConfUtils.java:logGet(43)) - raft.server.log.queue.element-limit = 1024 (custom)
2019-08-28 22:18:25,312 [pool-27-thread-1] INFO  server.RaftServerConfigKeys (ConfUtils.java:logGet(43)) - raft.server.log.appender.buffer.byte-limit = 33554432 (custom)
2019-08-28 22:18:25,314 [pool-38-thread-1] INFO  server.RaftServerConfigKeys (ConfUtils.java:logGet(43)) - raft.server.log.segment.size.max = 1048576 (custom)
2019-08-28 22:18:25,314 [pool-49-thread-1] INFO  server.RaftServerConfigKeys (ConfUtils.java:logGet(43)) - raft.server.log.segment.size.max = 1048576 (custom)
2019-08-28 22:18:25,315 [pool-38-thread-1] INFO  server.RaftServerConfigKeys (ConfUtils.java:logGet(43)) - raft.server.log.preallocated.size = 16384 (custom)
2019-08-28 22:18:25,315 [pool-27-thread-1] INFO  server.RaftServerConfigKeys (ConfUtils.java:logGet(43)) - raft.server.log.segment.size.max = 1048576 (custom)
2019-08-28 22:18:25,315 [pool-38-thread-1] INFO  server.RaftServerConfigKeys (ConfUtils.java:logGet(43)) - raft.server.log.write.buffer.size = 33554432 (custom)
2019-08-28 22:18:25,315 [pool-49-thread-1] INFO  server.RaftServerConfigKeys (ConfUtils.java:logGet(43)) - raft.server.log.segment.cache.num.max = 2 (custom)
2019-08-28 22:18:25,315 [pool-38-thread-1] INFO  server.RaftServerConfigKeys (ConfUtils.java:logGet(43)) - raft.server.log.force.sync.num = 128 (default)
2019-08-28 22:18:25,315 [pool-27-thread-1] INFO  server.RaftServerConfigKeys (ConfUtils.java:logGet(43)) - raft.server.log.segment.cache.num.max = 2 (custom)
2019-08-28 22:18:25,316 [pool-38-thread-1] INFO  server.RaftServerConfigKeys (ConfUtils.java:logGet(43)) - raft.server.log.statemachine.data.sync = true (default)
2019-08-28 22:18:25,316 [pool-49-thread-1] INFO  segmented.SegmentedRaftLogWorker (SegmentedRaftLogWorker.java:<init>(172)) - new 6ea65cec-b0cc-42dc-8080-3b19ced056c0-SegmentedRaftLogWorker:Storage Directory /workdir/hadoop-ozone/integration-test/target/test-dir/MiniOzoneClusterImpl-53b3dfef-8820-4046-84bd-1701a2883846/datanode-2/data/ratis/5d840c38-32e8-4771-bc62-39d119b0efe5 for RaftStorage:Storage Directory /workdir/hadoop-ozone/integration-test/target/test-dir/MiniOzoneClusterImpl-53b3dfef-8820-4046-84bd-1701a2883846/datanode-2/data/ratis/5d840c38-32e8-4771-bc62-39d119b0efe5
2019-08-28 22:18:25,316 [pool-38-thread-1] INFO  server.RaftServerConfigKeys (ConfUtils.java:logGet(43)) - raft.server.log.statemachine.data.sync.timeout = 10s (default)
2019-08-28 22:18:25,316 [pool-27-thread-1] INFO  segmented.SegmentedRaftLogWorker (SegmentedRaftLogWorker.java:<init>(172)) - new cf4fda1a-cbd6-44d3-863d-d573685ab69e-SegmentedRaftLogWorker:Storage Directory /workdir/hadoop-ozone/integration-test/target/test-dir/MiniOzoneClusterImpl-53b3dfef-8820-4046-84bd-1701a2883846/datanode-0/data/ratis/5d840c38-32e8-4771-bc62-39d119b0efe5 for RaftStorage:Storage Directory /workdir/hadoop-ozone/integration-test/target/test-dir/MiniOzoneClusterImpl-53b3dfef-8820-4046-84bd-1701a2883846/datanode-0/data/ratis/5d840c38-32e8-4771-bc62-39d119b0efe5
2019-08-28 22:18:25,316 [pool-38-thread-1] INFO  server.RaftServerConfigKeys (ConfUtils.java:logGet(43)) - raft.server.log.statemachine.data.sync.timeout.retry = -1 (default)
2019-08-28 22:18:25,316 [pool-49-thread-1] INFO  server.RaftServerConfigKeys (ConfUtils.java:logGet(43)) - raft.server.log.queue.byte-limit = 2147483647 (custom)
2019-08-28 22:18:25,322 [pool-38-thread-1] INFO  server.RaftServerConfigKeys (ConfUtils.java:logGet(43)) - raft.server.log.statemachine.data.caching.enabled = true (custom)
2019-08-28 22:18:25,319 [pool-27-thread-1] INFO  server.RaftServerConfigKeys (ConfUtils.java:logGet(43)) - raft.server.log.queue.byte-limit = 2147483647 (custom)
2019-08-28 22:18:25,322 [pool-38-thread-1] INFO  segmented.SegmentedRaftLogWorker (SegmentedRaftLogWorker.java:lambda$new$0(132)) - d216143f-01b4-413e-a32a-a64bf495efe0-SegmentedRaftLogWorker:Storage Directory /workdir/hadoop-ozone/integration-test/target/test-dir/MiniOzoneClusterImpl-53b3dfef-8820-4046-84bd-1701a2883846/datanode-1/data/ratis/5d840c38-32e8-4771-bc62-39d119b0efe5: flushIndex: setUnconditionally 0 -> -1
2019-08-28 22:18:25,322 [pool-49-thread-1] INFO  server.RaftServerConfigKeys (ConfUtils.java:logGet(43)) - raft.server.log.queue.element-limit = 1024 (custom)
2019-08-28 22:18:25,322 [pool-27-thread-1] INFO  server.RaftServerConfigKeys (ConfUtils.java:logGet(43)) - raft.server.log.queue.element-limit = 1024 (custom)
2019-08-28 22:18:25,323 [pool-49-thread-1] INFO  server.RaftServerConfigKeys (ConfUtils.java:logGet(43)) - raft.server.log.segment.size.max = 1048576 (custom)
2019-08-28 22:18:25,323 [pool-38-thread-1] INFO  server.RaftServerConfigKeys (ConfUtils.java:logGet(43)) - raft.server.snapshot.auto.trigger.enabled = true (custom)
2019-08-28 22:18:25,323 [pool-49-thread-1] INFO  server.RaftServerConfigKeys (ConfUtils.java:logGet(43)) - raft.server.log.preallocated.size = 16384 (custom)
2019-08-28 22:18:25,323 [pool-27-thread-1] INFO  server.RaftServerConfigKeys (ConfUtils.java:logGet(43)) - raft.server.log.segment.size.max = 1048576 (custom)
2019-08-28 22:18:25,323 [pool-49-thread-1] INFO  server.RaftServerConfigKeys (ConfUtils.java:logGet(43)) - raft.server.log.write.buffer.size = 33554432 (custom)
2019-08-28 22:18:25,323 [pool-38-thread-1] INFO  server.RaftServerConfigKeys (ConfUtils.java:logGet(43)) - raft.server.snapshot.auto.trigger.threshold = 10000 (custom)
2019-08-28 22:18:25,324 [pool-49-thread-1] INFO  server.RaftServerConfigKeys (ConfUtils.java:logGet(43)) - raft.server.log.force.sync.num = 128 (default)
2019-08-28 22:18:25,324 [pool-27-thread-1] INFO  server.RaftServerConfigKeys (ConfUtils.java:logGet(43)) - raft.server.log.preallocated.size = 16384 (custom)
2019-08-28 22:18:25,324 [pool-49-thread-1] INFO  server.RaftServerConfigKeys (ConfUtils.java:logGet(43)) - raft.server.log.statemachine.data.sync = true (default)
2019-08-28 22:18:25,324 [pool-38-thread-1] INFO  server.RaftServerConfigKeys (ConfUtils.java:logGet(43)) - raft.server.retrycache.expirytime = 600000ms (custom)
2019-08-28 22:18:25,324 [pool-49-thread-1] INFO  server.RaftServerConfigKeys (ConfUtils.java:logGet(43)) - raft.server.log.statemachine.data.sync.timeout = 10s (default)
2019-08-28 22:18:25,324 [pool-27-thread-1] INFO  server.RaftServerConfigKeys (ConfUtils.java:logGet(43)) - raft.server.log.write.buffer.size = 33554432 (custom)
2019-08-28 22:18:25,325 [pool-49-thread-1] INFO  server.RaftServerConfigKeys (ConfUtils.java:logGet(43)) - raft.server.log.statemachine.data.sync.timeout.retry = -1 (default)
2019-08-28 22:18:25,325 [pool-38-thread-1] INFO  impl.RaftServerImpl (RaftServerImpl.java:start(180)) - d216143f-01b4-413e-a32a-a64bf495efe0: start group-39D119B0EFE5
2019-08-28 22:18:25,325 [pool-27-thread-1] INFO  server.RaftServerConfigKeys (ConfUtils.java:logGet(43)) - raft.server.log.force.sync.num = 128 (default)
2019-08-28 22:18:25,325 [pool-38-thread-1] INFO  impl.RaftServerImpl (RaftServerImpl.java:setRole(171)) - d216143f-01b4-413e-a32a-a64bf495efe0:group-39D119B0EFE5 changes role from null to FOLLOWER at term 0 for startAsFollower
2019-08-28 22:18:25,325 [pool-49-thread-1] INFO  server.RaftServerConfigKeys (ConfUtils.java:logGet(43)) - raft.server.log.statemachine.data.caching.enabled = true (custom)
2019-08-28 22:18:25,326 [pool-38-thread-1] INFO  impl.RoleInfo (RoleInfo.java:updateAndGet(143)) - d216143f-01b4-413e-a32a-a64bf495efe0: start FollowerState
2019-08-28 22:18:25,325 [pool-27-thread-1] INFO  server.RaftServerConfigKeys (ConfUtils.java:logGet(43)) - raft.server.log.statemachine.data.sync = true (default)
2019-08-28 22:18:25,326 [pool-49-thread-1] INFO  segmented.SegmentedRaftLogWorker (SegmentedRaftLogWorker.java:lambda$new$0(132)) - 6ea65cec-b0cc-42dc-8080-3b19ced056c0-SegmentedRaftLogWorker:Storage Directory /workdir/hadoop-ozone/integration-test/target/test-dir/MiniOzoneClusterImpl-53b3dfef-8820-4046-84bd-1701a2883846/datanode-2/data/ratis/5d840c38-32e8-4771-bc62-39d119b0efe5: flushIndex: setUnconditionally 0 -> -1
2019-08-28 22:18:25,326 [pool-27-thread-1] INFO  server.RaftServerConfigKeys (ConfUtils.java:logGet(43)) - raft.server.log.statemachine.data.sync.timeout = 10s (default)
2019-08-28 22:18:25,326 [pool-38-thread-1] INFO  util.JmxRegister (JmxRegister.java:tryRegister(44)) - Successfully registered JMX Bean with object name Ratis:service=RaftServer,group=group-39D119B0EFE5,id=d216143f-01b4-413e-a32a-a64bf495efe0
2019-08-28 22:18:25,326 [pool-27-thread-1] INFO  server.RaftServerConfigKeys (ConfUtils.java:logGet(43)) - raft.server.log.statemachine.data.sync.timeout.retry = -1 (default)
2019-08-28 22:18:25,326 [pool-49-thread-1] INFO  server.RaftServerConfigKeys (ConfUtils.java:logGet(43)) - raft.server.snapshot.auto.trigger.enabled = true (custom)
2019-08-28 22:18:25,327 [pool-27-thread-1] INFO  server.RaftServerConfigKeys (ConfUtils.java:logGet(43)) - raft.server.log.statemachine.data.caching.enabled = true (custom)
2019-08-28 22:18:25,327 [pool-49-thread-1] INFO  server.RaftServerConfigKeys (ConfUtils.java:logGet(43)) - raft.server.snapshot.auto.trigger.threshold = 10000 (custom)
2019-08-28 22:18:25,327 [pool-27-thread-1] INFO  segmented.SegmentedRaftLogWorker (SegmentedRaftLogWorker.java:lambda$new$0(132)) - cf4fda1a-cbd6-44d3-863d-d573685ab69e-SegmentedRaftLogWorker:Storage Directory /workdir/hadoop-ozone/integration-test/target/test-dir/MiniOzoneClusterImpl-53b3dfef-8820-4046-84bd-1701a2883846/datanode-0/data/ratis/5d840c38-32e8-4771-bc62-39d119b0efe5: flushIndex: setUnconditionally 0 -> -1
2019-08-28 22:18:25,327 [pool-49-thread-1] INFO  server.RaftServerConfigKeys (ConfUtils.java:logGet(43)) - raft.server.retrycache.expirytime = 600000ms (custom)
2019-08-28 22:18:25,328 [pool-27-thread-1] INFO  server.RaftServerConfigKeys (ConfUtils.java:logGet(43)) - raft.server.snapshot.auto.trigger.enabled = true (custom)
2019-08-28 22:18:25,328 [pool-49-thread-1] INFO  impl.RaftServerImpl (RaftServerImpl.java:start(180)) - 6ea65cec-b0cc-42dc-8080-3b19ced056c0: start group-39D119B0EFE5
2019-08-28 22:18:25,328 [pool-27-thread-1] INFO  server.RaftServerConfigKeys (ConfUtils.java:logGet(43)) - raft.server.snapshot.auto.trigger.threshold = 10000 (custom)
2019-08-28 22:18:25,328 [pool-49-thread-1] INFO  impl.RaftServerImpl (RaftServerImpl.java:setRole(171)) - 6ea65cec-b0cc-42dc-8080-3b19ced056c0:group-39D119B0EFE5 changes role from null to FOLLOWER at term 0 for startAsFollower
2019-08-28 22:18:25,328 [pool-27-thread-1] INFO  server.RaftServerConfigKeys (ConfUtils.java:logGet(43)) - raft.server.retrycache.expirytime = 600000ms (custom)
2019-08-28 22:18:25,328 [pool-49-thread-1] INFO  impl.RoleInfo (RoleInfo.java:updateAndGet(143)) - 6ea65cec-b0cc-42dc-8080-3b19ced056c0: start FollowerState
2019-08-28 22:18:25,328 [pool-27-thread-1] INFO  impl.RaftServerImpl (RaftServerImpl.java:start(180)) - cf4fda1a-cbd6-44d3-863d-d573685ab69e: start group-39D119B0EFE5
2019-08-28 22:18:25,329 [pool-27-thread-1] INFO  impl.RaftServerImpl (RaftServerImpl.java:setRole(171)) - cf4fda1a-cbd6-44d3-863d-d573685ab69e:group-39D119B0EFE5 changes role from null to FOLLOWER at term 0 for startAsFollower
2019-08-28 22:18:25,329 [pool-49-thread-1] INFO  util.JmxRegister (JmxRegister.java:tryRegister(44)) - Successfully registered JMX Bean with object name Ratis:service=RaftServer,group=group-39D119B0EFE5,id=6ea65cec-b0cc-42dc-8080-3b19ced056c0
2019-08-28 22:18:25,329 [pool-27-thread-1] INFO  impl.RoleInfo (RoleInfo.java:updateAndGet(143)) - cf4fda1a-cbd6-44d3-863d-d573685ab69e: start FollowerState
2019-08-28 22:18:25,330 [pool-27-thread-1] INFO  util.JmxRegister (JmxRegister.java:tryRegister(44)) - Successfully registered JMX Bean with object name Ratis:service=RaftServer,group=group-39D119B0EFE5,id=cf4fda1a-cbd6-44d3-863d-d573685ab69e
2019-08-28 22:18:25,351 [RatisPipelineUtilsThread] INFO  pipeline.PipelineStateManager (PipelineStateManager.java:addPipeline(56)) - Created pipeline Pipeline[ Id: 5d840c38-32e8-4771-bc62-39d119b0efe5, Nodes: 6ea65cec-b0cc-42dc-8080-3b19ced056c0{ip: 192.168.36.111, host: pr-hdds-1909-jt4r9-1943541209, networkLocation: /default-rack, certSerialId: null}d216143f-01b4-413e-a32a-a64bf495efe0{ip: 192.168.36.111, host: pr-hdds-1909-jt4r9-1943541209, networkLocation: /default-rack, certSerialId: null}cf4fda1a-cbd6-44d3-863d-d573685ab69e{ip: 192.168.36.111, host: pr-hdds-1909-jt4r9-1943541209, networkLocation: /default-rack, certSerialId: null}, Type:RATIS, Factor:THREE, State:OPEN]
2019-08-28 22:18:25,454 | INFO  | SCMAudit | user=jenkins1000 | ip=192.168.36.111 | op=SEND_HEARTBEAT {datanodeUUID=cf4fda1a-cbd6-44d3-863d-d573685ab69e, command=[]} | ret=SUCCESS |  
2019-08-28 22:18:25,501 | INFO  | SCMAudit | user=jenkins1000 | ip=192.168.36.111 | op=SEND_HEARTBEAT {datanodeUUID=d216143f-01b4-413e-a32a-a64bf495efe0, command=[]} | ret=SUCCESS |  
2019-08-28 22:18:25,541 [main] INFO  rpc.RpcClient (RpcClient.java:createVolume(293)) - Creating Volume: watchforcommithandlingtest, with jenkins1000 as owner.
2019-08-28 22:18:25,591 | INFO  | SCMAudit | user=jenkins1000 | ip=192.168.36.111 | op=SEND_HEARTBEAT {datanodeUUID=6ea65cec-b0cc-42dc-8080-3b19ced056c0, command=[]} | ret=SUCCESS |  
2019-08-28 22:18:25,592 | INFO  | OMAudit | user=jenkins1000 | ip=127.0.0.1 | op=CREATE_VOLUME {admin=jenkins1000, owner=jenkins1000, volume=watchforcommithandlingtest, creationTime=1567030705564, quotaInBytes=1152921504606846976} | ret=SUCCESS |  
2019-08-28 22:18:25,594 [IPC Server handler 1 on 45546] INFO  volume.OMVolumeCreateRequest (OMVolumeCreateRequest.java:validateAndUpdateCache(189)) - created volume:watchforcommithandlingtest for user:jenkins1000
2019-08-28 22:18:25,659 | INFO  | SCMAudit | user=jenkins1000 | ip=192.168.36.111 | op=SEND_HEARTBEAT {datanodeUUID=f6c73153-780a-4b23-b246-cb985c17e814, command=[]} | ret=SUCCESS |  
2019-08-28 22:18:25,735 | INFO  | SCMAudit | user=jenkins1000 | ip=192.168.36.111 | op=SEND_HEARTBEAT {datanodeUUID=affc808b-d81b-4a0f-bca8-432d1690fbd7, command=[]} | ret=SUCCESS |  
2019-08-28 22:18:25,749 | INFO  | OMAudit | user=jenkins1000 | ip=127.0.0.1 | op=READ_VOLUME {volume=watchforcommithandlingtest} | ret=SUCCESS |  
2019-08-28 22:18:25,758 [main] INFO  rpc.RpcClient (RpcClient.java:createBucket(432)) - Creating Bucket: watchforcommithandlingtest/watchforcommithandlingtest, with Versioning false and Storage Type set to DISK and Encryption set to false 
2019-08-28 22:18:25,785 | INFO  | OMAudit | user=jenkins1000 | ip=127.0.0.1 | op=CREATE_BUCKET {volume=watchforcommithandlingtest, bucket=watchforcommithandlingtest, acls=[user:jenkins1000:a[ACCESS], group:default:a[ACCESS]], isVersionEnabled=false, storageType=DISK, creationTime=1567030705773} | ret=SUCCESS |  
2019-08-28 22:18:25,786 [main] INFO  ozone.MiniOzoneClusterImpl (MiniOzoneClusterImpl.java:getStorageContainerLocationClient(227)) - Creating StorageContainerLocationProtocol RPC client with address /0.0.0.0:34448
2019-08-28 22:18:25,802 | INFO  | SCMAudit | user=jenkins1000 | ip=192.168.36.111 | op=SEND_HEARTBEAT {datanodeUUID=d7d32888-ebc1-46a2-947e-41b56036304e, command=[]} | ret=SUCCESS |  
2019-08-28 22:18:25,842 [main] INFO  impl.MetricsSystemImpl (MetricsSystemImpl.java:init(158)) - XceiverClientMetrics metrics system started (again)
2019-08-28 22:18:26,402 | INFO  | SCMAudit | user=jenkins1000 | ip=192.168.36.111 | op=SEND_HEARTBEAT {datanodeUUID=4e32af64-76da-4015-b3ad-89d433cc2e7d, command=[]} | ret=SUCCESS |  
2019-08-28 22:18:26,439 | INFO  | SCMAudit | user=jenkins1000 | ip=192.168.36.111 | op=SEND_HEARTBEAT {datanodeUUID=cf4fda1a-cbd6-44d3-863d-d573685ab69e, command=[]} | ret=SUCCESS |  
2019-08-28 22:18:26,464 [Thread-237] INFO  container.ReplicationManager (ReplicationManager.java:start(152)) - Starting Replication Monitor Thread.
2019-08-28 22:18:26,470 [ReplicationMonitor] INFO  container.ReplicationManager (ReplicationManager.java:run(215)) - Replication Monitor Thread took 4 milliseconds for processing 1 containers.
2019-08-28 22:18:26,492 [grpc-default-executor-0] INFO  client.GrpcClientProtocolClient (GrpcClientProtocolClient.java:onNext(255)) - client-AFDB05DADC48->f6c73153-780a-4b23-b246-cb985c17e814: receive RaftClientReply:client-AFDB05DADC48->f6c73153-780a-4b23-b246-cb985c17e814@group-568C93497CF9, cid=13, FAILED org.apache.ratis.protocol.NotLeaderException: Server f6c73153-780a-4b23-b246-cb985c17e814 is not the leader (null). Request must be sent to leader., logIndex=0, commits[f6c73153-780a-4b23-b246-cb985c17e814:c-1]
2019-08-28 22:18:26,512 | INFO  | SCMAudit | user=jenkins1000 | ip=192.168.36.111 | op=SEND_HEARTBEAT {datanodeUUID=d216143f-01b4-413e-a32a-a64bf495efe0, command=[]} | ret=SUCCESS |  
2019-08-28 22:18:26,593 | INFO  | SCMAudit | user=jenkins1000 | ip=192.168.36.111 | op=SEND_HEARTBEAT {datanodeUUID=6ea65cec-b0cc-42dc-8080-3b19ced056c0, command=[]} | ret=SUCCESS |  
2019-08-28 22:18:26,661 | INFO  | SCMAudit | user=jenkins1000 | ip=192.168.36.111 | op=SEND_HEARTBEAT {datanodeUUID=f6c73153-780a-4b23-b246-cb985c17e814, command=[]} | ret=SUCCESS |  
2019-08-28 22:18:26,732 | INFO  | SCMAudit | user=jenkins1000 | ip=192.168.36.111 | op=SEND_HEARTBEAT {datanodeUUID=affc808b-d81b-4a0f-bca8-432d1690fbd7, command=[]} | ret=SUCCESS |  
2019-08-28 22:18:26,802 | INFO  | SCMAudit | user=jenkins1000 | ip=192.168.36.111 | op=SEND_HEARTBEAT {datanodeUUID=d7d32888-ebc1-46a2-947e-41b56036304e, command=[]} | ret=SUCCESS |  
2019-08-28 22:18:27,386 | INFO  | SCMAudit | user=jenkins1000 | ip=192.168.36.111 | op=SEND_HEARTBEAT {datanodeUUID=4e32af64-76da-4015-b3ad-89d433cc2e7d, command=[]} | ret=SUCCESS |  
2019-08-28 22:18:27,431 | INFO  | SCMAudit | user=jenkins1000 | ip=192.168.36.111 | op=SEND_HEARTBEAT {datanodeUUID=cf4fda1a-cbd6-44d3-863d-d573685ab69e, command=[]} | ret=SUCCESS |  
2019-08-28 22:18:27,502 | INFO  | SCMAudit | user=jenkins1000 | ip=192.168.36.111 | op=SEND_HEARTBEAT {datanodeUUID=d216143f-01b4-413e-a32a-a64bf495efe0, command=[]} | ret=SUCCESS |  
2019-08-28 22:18:27,539 [grpc-default-executor-2] INFO  client.GrpcClientProtocolClient (GrpcClientProtocolClient.java:onNext(255)) - client-AFDB05DADC48->affc808b-d81b-4a0f-bca8-432d1690fbd7: receive RaftClientReply:client-AFDB05DADC48->affc808b-d81b-4a0f-bca8-432d1690fbd7@group-568C93497CF9, cid=13, FAILED org.apache.ratis.protocol.NotLeaderException: Server affc808b-d81b-4a0f-bca8-432d1690fbd7 is not the leader (null). Request must be sent to leader., logIndex=0, commits[affc808b-d81b-4a0f-bca8-432d1690fbd7:c-1]
2019-08-28 22:18:27,586 | INFO  | SCMAudit | user=jenkins1000 | ip=192.168.36.111 | op=SEND_HEARTBEAT {datanodeUUID=6ea65cec-b0cc-42dc-8080-3b19ced056c0, command=[]} | ret=SUCCESS |  
2019-08-28 22:18:27,661 | INFO  | SCMAudit | user=jenkins1000 | ip=192.168.36.111 | op=SEND_HEARTBEAT {datanodeUUID=f6c73153-780a-4b23-b246-cb985c17e814, command=[]} | ret=SUCCESS |  
2019-08-28 22:18:27,749 | INFO  | SCMAudit | user=jenkins1000 | ip=192.168.36.111 | op=SEND_HEARTBEAT {datanodeUUID=affc808b-d81b-4a0f-bca8-432d1690fbd7, command=[]} | ret=SUCCESS |  
2019-08-28 22:18:27,801 | INFO  | SCMAudit | user=jenkins1000 | ip=192.168.36.111 | op=SEND_HEARTBEAT {datanodeUUID=d7d32888-ebc1-46a2-947e-41b56036304e, command=[]} | ret=SUCCESS |  
2019-08-28 22:18:28,383 | INFO  | SCMAudit | user=jenkins1000 | ip=192.168.36.111 | op=SEND_HEARTBEAT {datanodeUUID=4e32af64-76da-4015-b3ad-89d433cc2e7d, command=[]} | ret=SUCCESS |  
2019-08-28 22:18:28,443 | INFO  | SCMAudit | user=jenkins1000 | ip=192.168.36.111 | op=SEND_HEARTBEAT {datanodeUUID=cf4fda1a-cbd6-44d3-863d-d573685ab69e, command=[]} | ret=SUCCESS |  
2019-08-28 22:18:28,499 | INFO  | SCMAudit | user=jenkins1000 | ip=192.168.36.111 | op=SEND_HEARTBEAT {datanodeUUID=d216143f-01b4-413e-a32a-a64bf495efe0, command=[]} | ret=SUCCESS |  
2019-08-28 22:18:28,566 [grpc-default-executor-0] INFO  client.GrpcClientProtocolClient (GrpcClientProtocolClient.java:onNext(255)) - client-AFDB05DADC48->4e32af64-76da-4015-b3ad-89d433cc2e7d: receive RaftClientReply:client-AFDB05DADC48->4e32af64-76da-4015-b3ad-89d433cc2e7d@group-568C93497CF9, cid=13, FAILED org.apache.ratis.protocol.NotLeaderException: Server 4e32af64-76da-4015-b3ad-89d433cc2e7d is not the leader (null). Request must be sent to leader., logIndex=0, commits[4e32af64-76da-4015-b3ad-89d433cc2e7d:c-1]
2019-08-28 22:18:28,585 | INFO  | SCMAudit | user=jenkins1000 | ip=192.168.36.111 | op=SEND_HEARTBEAT {datanodeUUID=6ea65cec-b0cc-42dc-8080-3b19ced056c0, command=[]} | ret=SUCCESS |  
2019-08-28 22:18:28,657 | INFO  | SCMAudit | user=jenkins1000 | ip=192.168.36.111 | op=SEND_HEARTBEAT {datanodeUUID=f6c73153-780a-4b23-b246-cb985c17e814, command=[]} | ret=SUCCESS |  
2019-08-28 22:18:28,729 | INFO  | SCMAudit | user=jenkins1000 | ip=192.168.36.111 | op=SEND_HEARTBEAT {datanodeUUID=affc808b-d81b-4a0f-bca8-432d1690fbd7, command=[]} | ret=SUCCESS |  
2019-08-28 22:18:28,802 | INFO  | SCMAudit | user=jenkins1000 | ip=192.168.36.111 | op=SEND_HEARTBEAT {datanodeUUID=d7d32888-ebc1-46a2-947e-41b56036304e, command=[]} | ret=SUCCESS |  
2019-08-28 22:18:29,345 [Thread-239] INFO  impl.FollowerState (FollowerState.java:run(106)) - cf4fda1a-cbd6-44d3-863d-d573685ab69e:group-E19776BE1E1B changes to CANDIDATE, lastRpcTime:5087, electionTimeout:5086ms
2019-08-28 22:18:29,349 [Thread-239] INFO  impl.RoleInfo (RoleInfo.java:shutdownFollowerState(121)) - cf4fda1a-cbd6-44d3-863d-d573685ab69e: shutdown FollowerState
2019-08-28 22:18:29,349 [Thread-239] INFO  impl.RaftServerImpl (RaftServerImpl.java:setRole(171)) - cf4fda1a-cbd6-44d3-863d-d573685ab69e:group-E19776BE1E1B changes role from FOLLOWER to CANDIDATE at term 0 for changeToCandidate
2019-08-28 22:18:29,359 [Thread-239] INFO  impl.RoleInfo (RoleInfo.java:updateAndGet(143)) - cf4fda1a-cbd6-44d3-863d-d573685ab69e: start LeaderElection
2019-08-28 22:18:29,384 | INFO  | SCMAudit | user=jenkins1000 | ip=192.168.36.111 | op=SEND_HEARTBEAT {datanodeUUID=4e32af64-76da-4015-b3ad-89d433cc2e7d, command=[]} | ret=SUCCESS |  
2019-08-28 22:18:29,402 [cf4fda1a-cbd6-44d3-863d-d573685ab69e:group-E19776BE1E1B:LeaderElection1] INFO  impl.LeaderElection (LeaderElection.java:askForVotes(181)) - cf4fda1a-cbd6-44d3-863d-d573685ab69e:group-E19776BE1E1B:LeaderElection1: begin an election at term 1 for -1: [cf4fda1a-cbd6-44d3-863d-d573685ab69e:192.168.36.111:39070], old=null
2019-08-28 22:18:29,406 [cf4fda1a-cbd6-44d3-863d-d573685ab69e:group-E19776BE1E1B:LeaderElection1] INFO  impl.RoleInfo (RoleInfo.java:shutdownLeaderElection(134)) - cf4fda1a-cbd6-44d3-863d-d573685ab69e: shutdown LeaderElection
2019-08-28 22:18:29,407 [cf4fda1a-cbd6-44d3-863d-d573685ab69e:group-E19776BE1E1B:LeaderElection1] INFO  impl.RaftServerImpl (RaftServerImpl.java:setRole(171)) - cf4fda1a-cbd6-44d3-863d-d573685ab69e:group-E19776BE1E1B changes role from CANDIDATE to LEADER at term 1 for changeToLeader
2019-08-28 22:18:29,408 [cf4fda1a-cbd6-44d3-863d-d573685ab69e:group-E19776BE1E1B:LeaderElection1] INFO  impl.RaftServerImpl (ServerState.java:setLeader(263)) - cf4fda1a-cbd6-44d3-863d-d573685ab69e:group-E19776BE1E1B change Leader from null to cf4fda1a-cbd6-44d3-863d-d573685ab69e at term 1 for becomeLeader, leader elected after 5258ms
2019-08-28 22:18:29,420 [cf4fda1a-cbd6-44d3-863d-d573685ab69e:group-E19776BE1E1B:LeaderElection1] INFO  server.RaftServerConfigKeys (ConfUtils.java:logGet(43)) - raft.server.staging.catchup.gap = 1000 (default)
2019-08-28 22:18:29,420 [cf4fda1a-cbd6-44d3-863d-d573685ab69e:group-E19776BE1E1B:LeaderElection1] INFO  server.RaftServerConfigKeys (ConfUtils.java:logGet(43)) - raft.server.rpc.sleep.time = 25ms (default)
2019-08-28 22:18:29,424 [cf4fda1a-cbd6-44d3-863d-d573685ab69e:group-E19776BE1E1B:LeaderElection1] INFO  server.RaftServerConfigKeys (ConfUtils.java:logGet(43)) - raft.server.write.element-limit = 4096 (default)
2019-08-28 22:18:29,428 [cf4fda1a-cbd6-44d3-863d-d573685ab69e:group-E19776BE1E1B:LeaderElection1] INFO  server.RaftServerConfigKeys (ConfUtils.java:logGet(43)) - raft.server.watch.timeout = 10s (default)
2019-08-28 22:18:29,428 [cf4fda1a-cbd6-44d3-863d-d573685ab69e:group-E19776BE1E1B:LeaderElection1] INFO  server.RaftServerConfigKeys (ConfUtils.java:logGet(43)) - raft.server.watch.timeout.denomination = 1s (default)
2019-08-28 22:18:29,429 | INFO  | SCMAudit | user=jenkins1000 | ip=192.168.36.111 | op=SEND_HEARTBEAT {datanodeUUID=cf4fda1a-cbd6-44d3-863d-d573685ab69e, command=[]} | ret=SUCCESS |  
2019-08-28 22:18:29,429 [cf4fda1a-cbd6-44d3-863d-d573685ab69e:group-E19776BE1E1B:LeaderElection1] INFO  server.RaftServerConfigKeys (ConfUtils.java:logGet(43)) - raft.server.watch.element-limit = 65536 (default)
2019-08-28 22:18:29,441 [cf4fda1a-cbd6-44d3-863d-d573685ab69e:group-E19776BE1E1B:LeaderElection1] INFO  impl.RoleInfo (RoleInfo.java:updateAndGet(143)) - cf4fda1a-cbd6-44d3-863d-d573685ab69e: start LeaderState
2019-08-28 22:18:29,474 [cf4fda1a-cbd6-44d3-863d-d573685ab69e:group-E19776BE1E1B:LeaderElection1] INFO  segmented.SegmentedRaftLogWorker (SegmentedRaftLogWorker.java:startLogSegment(380)) - cf4fda1a-cbd6-44d3-863d-d573685ab69e-SegmentedRaftLogWorker:Storage Directory /workdir/hadoop-ozone/integration-test/target/test-dir/MiniOzoneClusterImpl-53b3dfef-8820-4046-84bd-1701a2883846/datanode-0/data/ratis/3733bc19-ba4e-4df1-9a97-e19776be1e1b: Starting segment from index:0
2019-08-28 22:18:29,486 [cf4fda1a-cbd6-44d3-863d-d573685ab69e:group-E19776BE1E1B:LeaderElection1] INFO  impl.RaftServerImpl (ServerState.java:setRaftConf(361)) - cf4fda1a-cbd6-44d3-863d-d573685ab69e:group-E19776BE1E1B set configuration 0: [cf4fda1a-cbd6-44d3-863d-d573685ab69e:192.168.36.111:39070], old=null at 0
2019-08-28 22:18:29,500 | INFO  | SCMAudit | user=jenkins1000 | ip=192.168.36.111 | op=SEND_HEARTBEAT {datanodeUUID=d216143f-01b4-413e-a32a-a64bf495efe0, command=[]} | ret=SUCCESS |  
2019-08-28 22:18:29,530 [Thread-242] INFO  impl.FollowerState (FollowerState.java:run(106)) - f6c73153-780a-4b23-b246-cb985c17e814:group-226200A275C9 changes to CANDIDATE, lastRpcTime:5011, electionTimeout:5009ms
2019-08-28 22:18:29,538 [Thread-242] INFO  impl.RoleInfo (RoleInfo.java:shutdownFollowerState(121)) - f6c73153-780a-4b23-b246-cb985c17e814: shutdown FollowerState
2019-08-28 22:18:29,538 [Thread-242] INFO  impl.RaftServerImpl (RaftServerImpl.java:setRole(171)) - f6c73153-780a-4b23-b246-cb985c17e814:group-226200A275C9 changes role from FOLLOWER to CANDIDATE at term 0 for changeToCandidate
2019-08-28 22:18:29,539 [Thread-242] INFO  impl.RoleInfo (RoleInfo.java:updateAndGet(143)) - f6c73153-780a-4b23-b246-cb985c17e814: start LeaderElection
2019-08-28 22:18:29,569 [f6c73153-780a-4b23-b246-cb985c17e814:group-226200A275C9:LeaderElection2] INFO  impl.LeaderElection (LeaderElection.java:askForVotes(181)) - f6c73153-780a-4b23-b246-cb985c17e814:group-226200A275C9:LeaderElection2: begin an election at term 1 for -1: [f6c73153-780a-4b23-b246-cb985c17e814:192.168.36.111:43582], old=null
2019-08-28 22:18:29,569 [f6c73153-780a-4b23-b246-cb985c17e814:group-226200A275C9:LeaderElection2] INFO  impl.RoleInfo (RoleInfo.java:shutdownLeaderElection(134)) - f6c73153-780a-4b23-b246-cb985c17e814: shutdown LeaderElection
2019-08-28 22:18:29,569 [f6c73153-780a-4b23-b246-cb985c17e814:group-226200A275C9:LeaderElection2] INFO  impl.RaftServerImpl (RaftServerImpl.java:setRole(171)) - f6c73153-780a-4b23-b246-cb985c17e814:group-226200A275C9 changes role from CANDIDATE to LEADER at term 1 for changeToLeader
2019-08-28 22:18:29,570 [f6c73153-780a-4b23-b246-cb985c17e814:group-226200A275C9:LeaderElection2] INFO  impl.RaftServerImpl (ServerState.java:setLeader(263)) - f6c73153-780a-4b23-b246-cb985c17e814:group-226200A275C9 change Leader from null to f6c73153-780a-4b23-b246-cb985c17e814 at term 1 for becomeLeader, leader elected after 5059ms
2019-08-28 22:18:29,571 [f6c73153-780a-4b23-b246-cb985c17e814:group-226200A275C9:LeaderElection2] INFO  server.RaftServerConfigKeys (ConfUtils.java:logGet(43)) - raft.server.staging.catchup.gap = 1000 (default)
2019-08-28 22:18:29,572 [f6c73153-780a-4b23-b246-cb985c17e814:group-226200A275C9:LeaderElection2] INFO  server.RaftServerConfigKeys (ConfUtils.java:logGet(43)) - raft.server.rpc.sleep.time = 25ms (default)
2019-08-28 22:18:29,572 [f6c73153-780a-4b23-b246-cb985c17e814:group-226200A275C9:LeaderElection2] INFO  server.RaftServerConfigKeys (ConfUtils.java:logGet(43)) - raft.server.write.element-limit = 4096 (default)
2019-08-28 22:18:29,572 [f6c73153-780a-4b23-b246-cb985c17e814:group-226200A275C9:LeaderElection2] INFO  server.RaftServerConfigKeys (ConfUtils.java:logGet(43)) - raft.server.watch.timeout = 10s (default)
2019-08-28 22:18:29,572 [f6c73153-780a-4b23-b246-cb985c17e814:group-226200A275C9:LeaderElection2] INFO  server.RaftServerConfigKeys (ConfUtils.java:logGet(43)) - raft.server.watch.timeout.denomination = 1s (default)
2019-08-28 22:18:29,572 [f6c73153-780a-4b23-b246-cb985c17e814:group-226200A275C9:LeaderElection2] INFO  server.RaftServerConfigKeys (ConfUtils.java:logGet(43)) - raft.server.watch.element-limit = 65536 (default)
2019-08-28 22:18:29,573 [f6c73153-780a-4b23-b246-cb985c17e814:group-226200A275C9:LeaderElection2] INFO  impl.RoleInfo (RoleInfo.java:updateAndGet(143)) - f6c73153-780a-4b23-b246-cb985c17e814: start LeaderState
2019-08-28 22:18:29,573 [f6c73153-780a-4b23-b246-cb985c17e814:group-226200A275C9:LeaderElection2] INFO  segmented.SegmentedRaftLogWorker (SegmentedRaftLogWorker.java:startLogSegment(380)) - f6c73153-780a-4b23-b246-cb985c17e814-SegmentedRaftLogWorker:Storage Directory /workdir/hadoop-ozone/integration-test/target/test-dir/MiniOzoneClusterImpl-53b3dfef-8820-4046-84bd-1701a2883846/datanode-3/data/ratis/a8644e72-5775-403b-bdc2-226200a275c9: Starting segment from index:0
2019-08-28 22:18:29,575 [f6c73153-780a-4b23-b246-cb985c17e814:group-226200A275C9:LeaderElection2] INFO  impl.RaftServerImpl (ServerState.java:setRaftConf(361)) - f6c73153-780a-4b23-b246-cb985c17e814:group-226200A275C9 set configuration 0: [f6c73153-780a-4b23-b246-cb985c17e814:192.168.36.111:43582], old=null at 0
2019-08-28 22:18:29,587 | INFO  | SCMAudit | user=jenkins1000 | ip=192.168.36.111 | op=SEND_HEARTBEAT {datanodeUUID=6ea65cec-b0cc-42dc-8080-3b19ced056c0, command=[]} | ret=SUCCESS |  
2019-08-28 22:18:29,587 [grpc-default-executor-0] INFO  client.GrpcClientProtocolClient (GrpcClientProtocolClient.java:onNext(255)) - client-AFDB05DADC48->affc808b-d81b-4a0f-bca8-432d1690fbd7: receive RaftClientReply:client-AFDB05DADC48->affc808b-d81b-4a0f-bca8-432d1690fbd7@group-568C93497CF9, cid=13, FAILED org.apache.ratis.protocol.NotLeaderException: Server affc808b-d81b-4a0f-bca8-432d1690fbd7 is not the leader (null). Request must be sent to leader., logIndex=0, commits[affc808b-d81b-4a0f-bca8-432d1690fbd7:c-1]
2019-08-28 22:18:29,658 | INFO  | SCMAudit | user=jenkins1000 | ip=192.168.36.111 | op=SEND_HEARTBEAT {datanodeUUID=f6c73153-780a-4b23-b246-cb985c17e814, command=[]} | ret=SUCCESS |  
2019-08-28 22:18:29,703 [cf4fda1a-cbd6-44d3-863d-d573685ab69e-SegmentedRaftLogWorker:Storage Directory /workdir/hadoop-ozone/integration-test/target/test-dir/MiniOzoneClusterImpl-53b3dfef-8820-4046-84bd-1701a2883846/datanode-0/data/ratis/3733bc19-ba4e-4df1-9a97-e19776be1e1b] INFO  segmented.SegmentedRaftLogWorker (SegmentedRaftLogWorker.java:execute(569)) - cf4fda1a-cbd6-44d3-863d-d573685ab69e-SegmentedRaftLogWorker:Storage Directory /workdir/hadoop-ozone/integration-test/target/test-dir/MiniOzoneClusterImpl-53b3dfef-8820-4046-84bd-1701a2883846/datanode-0/data/ratis/3733bc19-ba4e-4df1-9a97-e19776be1e1b: created new log segment /workdir/hadoop-ozone/integration-test/target/test-dir/MiniOzoneClusterImpl-53b3dfef-8820-4046-84bd-1701a2883846/datanode-0/data/ratis/3733bc19-ba4e-4df1-9a97-e19776be1e1b/current/log_inprogress_0
2019-08-28 22:18:29,703 [f6c73153-780a-4b23-b246-cb985c17e814-SegmentedRaftLogWorker:Storage Directory /workdir/hadoop-ozone/integration-test/target/test-dir/MiniOzoneClusterImpl-53b3dfef-8820-4046-84bd-1701a2883846/datanode-3/data/ratis/a8644e72-5775-403b-bdc2-226200a275c9] INFO  segmented.SegmentedRaftLogWorker (SegmentedRaftLogWorker.java:execute(569)) - f6c73153-780a-4b23-b246-cb985c17e814-SegmentedRaftLogWorker:Storage Directory /workdir/hadoop-ozone/integration-test/target/test-dir/MiniOzoneClusterImpl-53b3dfef-8820-4046-84bd-1701a2883846/datanode-3/data/ratis/a8644e72-5775-403b-bdc2-226200a275c9: created new log segment /workdir/hadoop-ozone/integration-test/target/test-dir/MiniOzoneClusterImpl-53b3dfef-8820-4046-84bd-1701a2883846/datanode-3/data/ratis/a8644e72-5775-403b-bdc2-226200a275c9/current/log_inprogress_0
2019-08-28 22:18:29,708 [Thread-245] INFO  impl.FollowerState (FollowerState.java:run(106)) - affc808b-d81b-4a0f-bca8-432d1690fbd7:group-C112FE9826DE changes to CANDIDATE, lastRpcTime:5069, electionTimeout:5069ms
2019-08-28 22:18:29,715 [Thread-245] INFO  impl.RoleInfo (RoleInfo.java:shutdownFollowerState(121)) - affc808b-d81b-4a0f-bca8-432d1690fbd7: shutdown FollowerState
2019-08-28 22:18:29,715 [Thread-245] INFO  impl.RaftServerImpl (RaftServerImpl.java:setRole(171)) - affc808b-d81b-4a0f-bca8-432d1690fbd7:group-C112FE9826DE changes role from FOLLOWER to CANDIDATE at term 0 for changeToCandidate
2019-08-28 22:18:29,716 [Thread-245] INFO  impl.RoleInfo (RoleInfo.java:updateAndGet(143)) - affc808b-d81b-4a0f-bca8-432d1690fbd7: start LeaderElection
2019-08-28 22:18:29,729 | INFO  | SCMAudit | user=jenkins1000 | ip=192.168.36.111 | op=SEND_HEARTBEAT {datanodeUUID=affc808b-d81b-4a0f-bca8-432d1690fbd7, command=[]} | ret=SUCCESS |  
2019-08-28 22:18:29,745 [affc808b-d81b-4a0f-bca8-432d1690fbd7:group-C112FE9826DE:LeaderElection3] INFO  impl.LeaderElection (LeaderElection.java:askForVotes(181)) - affc808b-d81b-4a0f-bca8-432d1690fbd7:group-C112FE9826DE:LeaderElection3: begin an election at term 1 for -1: [affc808b-d81b-4a0f-bca8-432d1690fbd7:192.168.36.111:36225], old=null
2019-08-28 22:18:29,747 [affc808b-d81b-4a0f-bca8-432d1690fbd7:group-C112FE9826DE:LeaderElection3] INFO  impl.RoleInfo (RoleInfo.java:shutdownLeaderElection(134)) - affc808b-d81b-4a0f-bca8-432d1690fbd7: shutdown LeaderElection
2019-08-28 22:18:29,747 [affc808b-d81b-4a0f-bca8-432d1690fbd7:group-C112FE9826DE:LeaderElection3] INFO  impl.RaftServerImpl (RaftServerImpl.java:setRole(171)) - affc808b-d81b-4a0f-bca8-432d1690fbd7:group-C112FE9826DE changes role from CANDIDATE to LEADER at term 1 for changeToLeader
2019-08-28 22:18:29,747 [affc808b-d81b-4a0f-bca8-432d1690fbd7:group-C112FE9826DE:LeaderElection3] INFO  impl.RaftServerImpl (ServerState.java:setLeader(263)) - affc808b-d81b-4a0f-bca8-432d1690fbd7:group-C112FE9826DE change Leader from null to affc808b-d81b-4a0f-bca8-432d1690fbd7 at term 1 for becomeLeader, leader elected after 5115ms
2019-08-28 22:18:29,749 [affc808b-d81b-4a0f-bca8-432d1690fbd7:group-C112FE9826DE:LeaderElection3] INFO  server.RaftServerConfigKeys (ConfUtils.java:logGet(43)) - raft.server.staging.catchup.gap = 1000 (default)
2019-08-28 22:18:29,749 [affc808b-d81b-4a0f-bca8-432d1690fbd7:group-C112FE9826DE:LeaderElection3] INFO  server.RaftServerConfigKeys (ConfUtils.java:logGet(43)) - raft.server.rpc.sleep.time = 25ms (default)
2019-08-28 22:18:29,750 [affc808b-d81b-4a0f-bca8-432d1690fbd7:group-C112FE9826DE:LeaderElection3] INFO  server.RaftServerConfigKeys (ConfUtils.java:logGet(43)) - raft.server.write.element-limit = 4096 (default)
2019-08-28 22:18:29,750 [affc808b-d81b-4a0f-bca8-432d1690fbd7:group-C112FE9826DE:LeaderElection3] INFO  server.RaftServerConfigKeys (ConfUtils.java:logGet(43)) - raft.server.watch.timeout = 10s (default)
2019-08-28 22:18:29,750 [affc808b-d81b-4a0f-bca8-432d1690fbd7:group-C112FE9826DE:LeaderElection3] INFO  server.RaftServerConfigKeys (ConfUtils.java:logGet(43)) - raft.server.watch.timeout.denomination = 1s (default)
2019-08-28 22:18:29,750 [affc808b-d81b-4a0f-bca8-432d1690fbd7:group-C112FE9826DE:LeaderElection3] INFO  server.RaftServerConfigKeys (ConfUtils.java:logGet(43)) - raft.server.watch.element-limit = 65536 (default)
2019-08-28 22:18:29,750 [affc808b-d81b-4a0f-bca8-432d1690fbd7:group-C112FE9826DE:LeaderElection3] INFO  impl.RoleInfo (RoleInfo.java:updateAndGet(143)) - affc808b-d81b-4a0f-bca8-432d1690fbd7: start LeaderState
2019-08-28 22:18:29,751 [affc808b-d81b-4a0f-bca8-432d1690fbd7:group-C112FE9826DE:LeaderElection3] INFO  segmented.SegmentedRaftLogWorker (SegmentedRaftLogWorker.java:startLogSegment(380)) - affc808b-d81b-4a0f-bca8-432d1690fbd7-SegmentedRaftLogWorker:Storage Directory /workdir/hadoop-ozone/integration-test/target/test-dir/MiniOzoneClusterImpl-53b3dfef-8820-4046-84bd-1701a2883846/datanode-4/data/ratis/ac153788-a938-48f6-829d-c112fe9826de: Starting segment from index:0
2019-08-28 22:18:29,751 [affc808b-d81b-4a0f-bca8-432d1690fbd7:group-C112FE9826DE:LeaderElection3] INFO  impl.RaftServerImpl (ServerState.java:setRaftConf(361)) - affc808b-d81b-4a0f-bca8-432d1690fbd7:group-C112FE9826DE set configuration 0: [affc808b-d81b-4a0f-bca8-432d1690fbd7:192.168.36.111:36225], old=null at 0
2019-08-28 22:18:29,789 [Thread-248] INFO  impl.FollowerState (FollowerState.java:run(106)) - 4e32af64-76da-4015-b3ad-89d433cc2e7d:group-500690158DF8 changes to CANDIDATE, lastRpcTime:5069, electionTimeout:5069ms
2019-08-28 22:18:29,789 [Thread-248] INFO  impl.RoleInfo (RoleInfo.java:shutdownFollowerState(121)) - 4e32af64-76da-4015-b3ad-89d433cc2e7d: shutdown FollowerState
2019-08-28 22:18:29,789 [Thread-248] INFO  impl.RaftServerImpl (RaftServerImpl.java:setRole(171)) - 4e32af64-76da-4015-b3ad-89d433cc2e7d:group-500690158DF8 changes role from FOLLOWER to CANDIDATE at term 0 for changeToCandidate
2019-08-28 22:18:29,789 [Thread-248] INFO  impl.RoleInfo (RoleInfo.java:updateAndGet(143)) - 4e32af64-76da-4015-b3ad-89d433cc2e7d: start LeaderElection
2019-08-28 22:18:29,803 | INFO  | SCMAudit | user=jenkins1000 | ip=192.168.36.111 | op=SEND_HEARTBEAT {datanodeUUID=d7d32888-ebc1-46a2-947e-41b56036304e, command=[]} | ret=SUCCESS |  
2019-08-28 22:18:29,806 [affc808b-d81b-4a0f-bca8-432d1690fbd7-SegmentedRaftLogWorker:Storage Directory /workdir/hadoop-ozone/integration-test/target/test-dir/MiniOzoneClusterImpl-53b3dfef-8820-4046-84bd-1701a2883846/datanode-4/data/ratis/ac153788-a938-48f6-829d-c112fe9826de] INFO  segmented.SegmentedRaftLogWorker (SegmentedRaftLogWorker.java:execute(569)) - affc808b-d81b-4a0f-bca8-432d1690fbd7-SegmentedRaftLogWorker:Storage Directory /workdir/hadoop-ozone/integration-test/target/test-dir/MiniOzoneClusterImpl-53b3dfef-8820-4046-84bd-1701a2883846/datanode-4/data/ratis/ac153788-a938-48f6-829d-c112fe9826de: created new log segment /workdir/hadoop-ozone/integration-test/target/test-dir/MiniOzoneClusterImpl-53b3dfef-8820-4046-84bd-1701a2883846/datanode-4/data/ratis/ac153788-a938-48f6-829d-c112fe9826de/current/log_inprogress_0
2019-08-28 22:18:29,829 [4e32af64-76da-4015-b3ad-89d433cc2e7d:group-500690158DF8:LeaderElection4] INFO  impl.LeaderElection (LeaderElection.java:askForVotes(181)) - 4e32af64-76da-4015-b3ad-89d433cc2e7d:group-500690158DF8:LeaderElection4: begin an election at term 1 for -1: [4e32af64-76da-4015-b3ad-89d433cc2e7d:192.168.36.111:35068], old=null
2019-08-28 22:18:29,830 [4e32af64-76da-4015-b3ad-89d433cc2e7d:group-500690158DF8:LeaderElection4] INFO  impl.RoleInfo (RoleInfo.java:shutdownLeaderElection(134)) - 4e32af64-76da-4015-b3ad-89d433cc2e7d: shutdown LeaderElection
2019-08-28 22:18:29,830 [4e32af64-76da-4015-b3ad-89d433cc2e7d:group-500690158DF8:LeaderElection4] INFO  impl.RaftServerImpl (RaftServerImpl.java:setRole(171)) - 4e32af64-76da-4015-b3ad-89d433cc2e7d:group-500690158DF8 changes role from CANDIDATE to LEADER at term 1 for changeToLeader
2019-08-28 22:18:29,830 [4e32af64-76da-4015-b3ad-89d433cc2e7d:group-500690158DF8:LeaderElection4] INFO  impl.RaftServerImpl (ServerState.java:setLeader(263)) - 4e32af64-76da-4015-b3ad-89d433cc2e7d:group-500690158DF8 change Leader from null to 4e32af64-76da-4015-b3ad-89d433cc2e7d at term 1 for becomeLeader, leader elected after 5114ms
2019-08-28 22:18:29,832 [4e32af64-76da-4015-b3ad-89d433cc2e7d:group-500690158DF8:LeaderElection4] INFO  server.RaftServerConfigKeys (ConfUtils.java:logGet(43)) - raft.server.staging.catchup.gap = 1000 (default)
2019-08-28 22:18:29,832 [4e32af64-76da-4015-b3ad-89d433cc2e7d:group-500690158DF8:LeaderElection4] INFO  server.RaftServerConfigKeys (ConfUtils.java:logGet(43)) - raft.server.rpc.sleep.time = 25ms (default)
2019-08-28 22:18:29,833 [4e32af64-76da-4015-b3ad-89d433cc2e7d:group-500690158DF8:LeaderElection4] INFO  server.RaftServerConfigKeys (ConfUtils.java:logGet(43)) - raft.server.write.element-limit = 4096 (default)
2019-08-28 22:18:29,833 [4e32af64-76da-4015-b3ad-89d433cc2e7d:group-500690158DF8:LeaderElection4] INFO  server.RaftServerConfigKeys (ConfUtils.java:logGet(43)) - raft.server.watch.timeout = 10s (default)
2019-08-28 22:18:29,833 [4e32af64-76da-4015-b3ad-89d433cc2e7d:group-500690158DF8:LeaderElection4] INFO  server.RaftServerConfigKeys (ConfUtils.java:logGet(43)) - raft.server.watch.timeout.denomination = 1s (default)
2019-08-28 22:18:29,833 [4e32af64-76da-4015-b3ad-89d433cc2e7d:group-500690158DF8:LeaderElection4] INFO  server.RaftServerConfigKeys (ConfUtils.java:logGet(43)) - raft.server.watch.element-limit = 65536 (default)
2019-08-28 22:18:29,833 [4e32af64-76da-4015-b3ad-89d433cc2e7d:group-500690158DF8:LeaderElection4] INFO  impl.RoleInfo (RoleInfo.java:updateAndGet(143)) - 4e32af64-76da-4015-b3ad-89d433cc2e7d: start LeaderState
2019-08-28 22:18:29,834 [4e32af64-76da-4015-b3ad-89d433cc2e7d:group-500690158DF8:LeaderElection4] INFO  segmented.SegmentedRaftLogWorker (SegmentedRaftLogWorker.java:startLogSegment(380)) - 4e32af64-76da-4015-b3ad-89d433cc2e7d-SegmentedRaftLogWorker:Storage Directory /workdir/hadoop-ozone/integration-test/target/test-dir/MiniOzoneClusterImpl-53b3dfef-8820-4046-84bd-1701a2883846/datanode-6/data/ratis/b09e1bb1-47e0-4675-b7ee-500690158df8: Starting segment from index:0
2019-08-28 22:18:29,835 [4e32af64-76da-4015-b3ad-89d433cc2e7d:group-500690158DF8:LeaderElection4] INFO  impl.RaftServerImpl (ServerState.java:setRaftConf(361)) - 4e32af64-76da-4015-b3ad-89d433cc2e7d:group-500690158DF8 set configuration 0: [4e32af64-76da-4015-b3ad-89d433cc2e7d:192.168.36.111:35068], old=null at 0
2019-08-28 22:18:29,907 [4e32af64-76da-4015-b3ad-89d433cc2e7d-SegmentedRaftLogWorker:Storage Directory /workdir/hadoop-ozone/integration-test/target/test-dir/MiniOzoneClusterImpl-53b3dfef-8820-4046-84bd-1701a2883846/datanode-6/data/ratis/b09e1bb1-47e0-4675-b7ee-500690158df8] INFO  segmented.SegmentedRaftLogWorker (SegmentedRaftLogWorker.java:execute(569)) - 4e32af64-76da-4015-b3ad-89d433cc2e7d-SegmentedRaftLogWorker:Storage Directory /workdir/hadoop-ozone/integration-test/target/test-dir/MiniOzoneClusterImpl-53b3dfef-8820-4046-84bd-1701a2883846/datanode-6/data/ratis/b09e1bb1-47e0-4675-b7ee-500690158df8: created new log segment /workdir/hadoop-ozone/integration-test/target/test-dir/MiniOzoneClusterImpl-53b3dfef-8820-4046-84bd-1701a2883846/datanode-6/data/ratis/b09e1bb1-47e0-4675-b7ee-500690158df8/current/log_inprogress_0
2019-08-28 22:18:29,911 [Thread-254] INFO  impl.FollowerState (FollowerState.java:run(106)) - d216143f-01b4-413e-a32a-a64bf495efe0:group-356FDE15761B changes to CANDIDATE, lastRpcTime:5010, electionTimeout:5010ms
2019-08-28 22:18:29,911 [Thread-254] INFO  impl.RoleInfo (RoleInfo.java:shutdownFollowerState(121)) - d216143f-01b4-413e-a32a-a64bf495efe0: shutdown FollowerState
2019-08-28 22:18:29,911 [Thread-254] INFO  impl.RaftServerImpl (RaftServerImpl.java:setRole(171)) - d216143f-01b4-413e-a32a-a64bf495efe0:group-356FDE15761B changes role from FOLLOWER to CANDIDATE at term 0 for changeToCandidate
2019-08-28 22:18:29,911 [Thread-254] INFO  impl.RoleInfo (RoleInfo.java:updateAndGet(143)) - d216143f-01b4-413e-a32a-a64bf495efe0: start LeaderElection
2019-08-28 22:18:29,918 [Thread-251] INFO  impl.FollowerState (FollowerState.java:run(106)) - 6ea65cec-b0cc-42dc-8080-3b19ced056c0:group-21B605533A84 changes to CANDIDATE, lastRpcTime:5114, electionTimeout:5112ms
2019-08-28 22:18:29,920 [Thread-251] INFO  impl.RoleInfo (RoleInfo.java:shutdownFollowerState(121)) - 6ea65cec-b0cc-42dc-8080-3b19ced056c0: shutdown FollowerState
2019-08-28 22:18:29,920 [Thread-251] INFO  impl.RaftServerImpl (RaftServerImpl.java:setRole(171)) - 6ea65cec-b0cc-42dc-8080-3b19ced056c0:group-21B605533A84 changes role from FOLLOWER to CANDIDATE at term 0 for changeToCandidate
2019-08-28 22:18:29,920 [Thread-251] INFO  impl.RoleInfo (RoleInfo.java:updateAndGet(143)) - 6ea65cec-b0cc-42dc-8080-3b19ced056c0: start LeaderElection
2019-08-28 22:18:29,950 [6ea65cec-b0cc-42dc-8080-3b19ced056c0:group-21B605533A84:LeaderElection6] INFO  impl.LeaderElection (LeaderElection.java:askForVotes(181)) - 6ea65cec-b0cc-42dc-8080-3b19ced056c0:group-21B605533A84:LeaderElection6: begin an election at term 1 for -1: [6ea65cec-b0cc-42dc-8080-3b19ced056c0:192.168.36.111:46707], old=null
2019-08-28 22:18:29,950 [d216143f-01b4-413e-a32a-a64bf495efe0:group-356FDE15761B:LeaderElection5] INFO  impl.LeaderElection (LeaderElection.java:askForVotes(181)) - d216143f-01b4-413e-a32a-a64bf495efe0:group-356FDE15761B:LeaderElection5: begin an election at term 1 for -1: [d216143f-01b4-413e-a32a-a64bf495efe0:192.168.36.111:43748], old=null
2019-08-28 22:18:29,950 [6ea65cec-b0cc-42dc-8080-3b19ced056c0:group-21B605533A84:LeaderElection6] INFO  impl.RoleInfo (RoleInfo.java:shutdownLeaderElection(134)) - 6ea65cec-b0cc-42dc-8080-3b19ced056c0: shutdown LeaderElection
2019-08-28 22:18:29,950 [d216143f-01b4-413e-a32a-a64bf495efe0:group-356FDE15761B:LeaderElection5] INFO  impl.RoleInfo (RoleInfo.java:shutdownLeaderElection(134)) - d216143f-01b4-413e-a32a-a64bf495efe0: shutdown LeaderElection
2019-08-28 22:18:29,950 [6ea65cec-b0cc-42dc-8080-3b19ced056c0:group-21B605533A84:LeaderElection6] INFO  impl.RaftServerImpl (RaftServerImpl.java:setRole(171)) - 6ea65cec-b0cc-42dc-8080-3b19ced056c0:group-21B605533A84 changes role from CANDIDATE to LEADER at term 1 for changeToLeader
2019-08-28 22:18:29,950 [d216143f-01b4-413e-a32a-a64bf495efe0:group-356FDE15761B:LeaderElection5] INFO  impl.RaftServerImpl (RaftServerImpl.java:setRole(171)) - d216143f-01b4-413e-a32a-a64bf495efe0:group-356FDE15761B changes role from CANDIDATE to LEADER at term 1 for changeToLeader
2019-08-28 22:18:29,950 [6ea65cec-b0cc-42dc-8080-3b19ced056c0:group-21B605533A84:LeaderElection6] INFO  impl.RaftServerImpl (ServerState.java:setLeader(263)) - 6ea65cec-b0cc-42dc-8080-3b19ced056c0:group-21B605533A84 change Leader from null to 6ea65cec-b0cc-42dc-8080-3b19ced056c0 at term 1 for becomeLeader, leader elected after 5151ms
2019-08-28 22:18:29,951 [d216143f-01b4-413e-a32a-a64bf495efe0:group-356FDE15761B:LeaderElection5] INFO  impl.RaftServerImpl (ServerState.java:setLeader(263)) - d216143f-01b4-413e-a32a-a64bf495efe0:group-356FDE15761B change Leader from null to d216143f-01b4-413e-a32a-a64bf495efe0 at term 1 for becomeLeader, leader elected after 5056ms
2019-08-28 22:18:29,952 [6ea65cec-b0cc-42dc-8080-3b19ced056c0:group-21B605533A84:LeaderElection6] INFO  server.RaftServerConfigKeys (ConfUtils.java:logGet(43)) - raft.server.staging.catchup.gap = 1000 (default)
2019-08-28 22:18:29,953 [6ea65cec-b0cc-42dc-8080-3b19ced056c0:group-21B605533A84:LeaderElection6] INFO  server.RaftServerConfigKeys (ConfUtils.java:logGet(43)) - raft.server.rpc.sleep.time = 25ms (default)
2019-08-28 22:18:29,953 [d216143f-01b4-413e-a32a-a64bf495efe0:group-356FDE15761B:LeaderElection5] INFO  server.RaftServerConfigKeys (ConfUtils.java:logGet(43)) - raft.server.staging.catchup.gap = 1000 (default)
2019-08-28 22:18:29,954 [6ea65cec-b0cc-42dc-8080-3b19ced056c0:group-21B605533A84:LeaderElection6] INFO  server.RaftServerConfigKeys (ConfUtils.java:logGet(43)) - raft.server.write.element-limit = 4096 (default)
2019-08-28 22:18:29,954 [d216143f-01b4-413e-a32a-a64bf495efe0:group-356FDE15761B:LeaderElection5] INFO  server.RaftServerConfigKeys (ConfUtils.java:logGet(43)) - raft.server.rpc.sleep.time = 25ms (default)
2019-08-28 22:18:29,954 [6ea65cec-b0cc-42dc-8080-3b19ced056c0:group-21B605533A84:LeaderElection6] INFO  server.RaftServerConfigKeys (ConfUtils.java:logGet(43)) - raft.server.watch.timeout = 10s (default)
2019-08-28 22:18:29,954 [6ea65cec-b0cc-42dc-8080-3b19ced056c0:group-21B605533A84:LeaderElection6] INFO  server.RaftServerConfigKeys (ConfUtils.java:logGet(43)) - raft.server.watch.timeout.denomination = 1s (default)
2019-08-28 22:18:29,954 [d216143f-01b4-413e-a32a-a64bf495efe0:group-356FDE15761B:LeaderElection5] INFO  server.RaftServerConfigKeys (ConfUtils.java:logGet(43)) - raft.server.write.element-limit = 4096 (default)
2019-08-28 22:18:29,954 [6ea65cec-b0cc-42dc-8080-3b19ced056c0:group-21B605533A84:LeaderElection6] INFO  server.RaftServerConfigKeys (ConfUtils.java:logGet(43)) - raft.server.watch.element-limit = 65536 (default)
2019-08-28 22:18:29,955 [d216143f-01b4-413e-a32a-a64bf495efe0:group-356FDE15761B:LeaderElection5] INFO  server.RaftServerConfigKeys (ConfUtils.java:logGet(43)) - raft.server.watch.timeout = 10s (default)
2019-08-28 22:18:29,955 [6ea65cec-b0cc-42dc-8080-3b19ced056c0:group-21B605533A84:LeaderElection6] INFO  impl.RoleInfo (RoleInfo.java:updateAndGet(143)) - 6ea65cec-b0cc-42dc-8080-3b19ced056c0: start LeaderState
2019-08-28 22:18:29,955 [d216143f-01b4-413e-a32a-a64bf495efe0:group-356FDE15761B:LeaderElection5] INFO  server.RaftServerConfigKeys (ConfUtils.java:logGet(43)) - raft.server.watch.timeout.denomination = 1s (default)
2019-08-28 22:18:29,955 [6ea65cec-b0cc-42dc-8080-3b19ced056c0:group-21B605533A84:LeaderElection6] INFO  segmented.SegmentedRaftLogWorker (SegmentedRaftLogWorker.java:startLogSegment(380)) - 6ea65cec-b0cc-42dc-8080-3b19ced056c0-SegmentedRaftLogWorker:Storage Directory /workdir/hadoop-ozone/integration-test/target/test-dir/MiniOzoneClusterImpl-53b3dfef-8820-4046-84bd-1701a2883846/datanode-2/data/ratis/88bdf24e-5e37-48c1-ba2b-21b605533a84: Starting segment from index:0
2019-08-28 22:18:29,955 [d216143f-01b4-413e-a32a-a64bf495efe0:group-356FDE15761B:LeaderElection5] INFO  server.RaftServerConfigKeys (ConfUtils.java:logGet(43)) - raft.server.watch.element-limit = 65536 (default)
2019-08-28 22:18:29,956 [d216143f-01b4-413e-a32a-a64bf495efe0:group-356FDE15761B:LeaderElection5] INFO  impl.RoleInfo (RoleInfo.java:updateAndGet(143)) - d216143f-01b4-413e-a32a-a64bf495efe0: start LeaderState
2019-08-28 22:18:29,956 [6ea65cec-b0cc-42dc-8080-3b19ced056c0:group-21B605533A84:LeaderElection6] INFO  impl.RaftServerImpl (ServerState.java:setRaftConf(361)) - 6ea65cec-b0cc-42dc-8080-3b19ced056c0:group-21B605533A84 set configuration 0: [6ea65cec-b0cc-42dc-8080-3b19ced056c0:192.168.36.111:46707], old=null at 0
2019-08-28 22:18:29,987 [d216143f-01b4-413e-a32a-a64bf495efe0:group-356FDE15761B:LeaderElection5] INFO  segmented.SegmentedRaftLogWorker (SegmentedRaftLogWorker.java:startLogSegment(380)) - d216143f-01b4-413e-a32a-a64bf495efe0-SegmentedRaftLogWorker:Storage Directory /workdir/hadoop-ozone/integration-test/target/test-dir/MiniOzoneClusterImpl-53b3dfef-8820-4046-84bd-1701a2883846/datanode-1/data/ratis/f180342c-fc68-4c27-b6ee-356fde15761b: Starting segment from index:0
2019-08-28 22:18:29,988 [d216143f-01b4-413e-a32a-a64bf495efe0:group-356FDE15761B:LeaderElection5] INFO  impl.RaftServerImpl (ServerState.java:setRaftConf(361)) - d216143f-01b4-413e-a32a-a64bf495efe0:group-356FDE15761B set configuration 0: [d216143f-01b4-413e-a32a-a64bf495efe0:192.168.36.111:43748], old=null at 0
2019-08-28 22:18:30,029 [6ea65cec-b0cc-42dc-8080-3b19ced056c0-SegmentedRaftLogWorker:Storage Directory /workdir/hadoop-ozone/integration-test/target/test-dir/MiniOzoneClusterImpl-53b3dfef-8820-4046-84bd-1701a2883846/datanode-2/data/ratis/88bdf24e-5e37-48c1-ba2b-21b605533a84] INFO  segmented.SegmentedRaftLogWorker (SegmentedRaftLogWorker.java:execute(569)) - 6ea65cec-b0cc-42dc-8080-3b19ced056c0-SegmentedRaftLogWorker:Storage Directory /workdir/hadoop-ozone/integration-test/target/test-dir/MiniOzoneClusterImpl-53b3dfef-8820-4046-84bd-1701a2883846/datanode-2/data/ratis/88bdf24e-5e37-48c1-ba2b-21b605533a84: created new log segment /workdir/hadoop-ozone/integration-test/target/test-dir/MiniOzoneClusterImpl-53b3dfef-8820-4046-84bd-1701a2883846/datanode-2/data/ratis/88bdf24e-5e37-48c1-ba2b-21b605533a84/current/log_inprogress_0
2019-08-28 22:18:30,075 [d216143f-01b4-413e-a32a-a64bf495efe0-SegmentedRaftLogWorker:Storage Directory /workdir/hadoop-ozone/integration-test/target/test-dir/MiniOzoneClusterImpl-53b3dfef-8820-4046-84bd-1701a2883846/datanode-1/data/ratis/f180342c-fc68-4c27-b6ee-356fde15761b] INFO  segmented.SegmentedRaftLogWorker (SegmentedRaftLogWorker.java:execute(569)) - d216143f-01b4-413e-a32a-a64bf495efe0-SegmentedRaftLogWorker:Storage Directory /workdir/hadoop-ozone/integration-test/target/test-dir/MiniOzoneClusterImpl-53b3dfef-8820-4046-84bd-1701a2883846/datanode-1/data/ratis/f180342c-fc68-4c27-b6ee-356fde15761b: created new log segment /workdir/hadoop-ozone/integration-test/target/test-dir/MiniOzoneClusterImpl-53b3dfef-8820-4046-84bd-1701a2883846/datanode-1/data/ratis/f180342c-fc68-4c27-b6ee-356fde15761b/current/log_inprogress_0
2019-08-28 22:18:30,140 [Thread-257] INFO  impl.FollowerState (FollowerState.java:run(106)) - d7d32888-ebc1-46a2-947e-41b56036304e:group-074A2B47A7E1 changes to CANDIDATE, lastRpcTime:5144, electionTimeout:5144ms
2019-08-28 22:18:30,142 [Thread-257] INFO  impl.RoleInfo (RoleInfo.java:shutdownFollowerState(121)) - d7d32888-ebc1-46a2-947e-41b56036304e: shutdown FollowerState
2019-08-28 22:18:30,143 [Thread-257] INFO  impl.RaftServerImpl (RaftServerImpl.java:setRole(171)) - d7d32888-ebc1-46a2-947e-41b56036304e:group-074A2B47A7E1 changes role from FOLLOWER to CANDIDATE at term 0 for changeToCandidate
2019-08-28 22:18:30,143 [Thread-257] INFO  impl.RoleInfo (RoleInfo.java:updateAndGet(143)) - d7d32888-ebc1-46a2-947e-41b56036304e: start LeaderElection
2019-08-28 22:18:30,275 [Thread-261] INFO  impl.FollowerState (FollowerState.java:run(106)) - f6c73153-780a-4b23-b246-cb985c17e814:group-568C93497CF9 changes to CANDIDATE, lastRpcTime:5118, electionTimeout:5118ms
2019-08-28 22:18:30,277 [Thread-261] INFO  impl.RoleInfo (RoleInfo.java:shutdownFollowerState(121)) - f6c73153-780a-4b23-b246-cb985c17e814: shutdown FollowerState
2019-08-28 22:18:30,277 [Thread-261] INFO  impl.RaftServerImpl (RaftServerImpl.java:setRole(171)) - f6c73153-780a-4b23-b246-cb985c17e814:group-568C93497CF9 changes role from FOLLOWER to CANDIDATE at term 0 for changeToCandidate
2019-08-28 22:18:30,278 [Thread-261] INFO  impl.RoleInfo (RoleInfo.java:updateAndGet(143)) - f6c73153-780a-4b23-b246-cb985c17e814: start LeaderElection
2019-08-28 22:18:30,297 [Thread-262] INFO  impl.FollowerState (FollowerState.java:run(106)) - 4e32af64-76da-4015-b3ad-89d433cc2e7d:group-568C93497CF9 changes to CANDIDATE, lastRpcTime:5139, electionTimeout:5139ms
2019-08-28 22:18:30,298 [Thread-262] INFO  impl.RoleInfo (RoleInfo.java:shutdownFollowerState(121)) - 4e32af64-76da-4015-b3ad-89d433cc2e7d: shutdown FollowerState
2019-08-28 22:18:30,298 [Thread-262] INFO  impl.RaftServerImpl (RaftServerImpl.java:setRole(171)) - 4e32af64-76da-4015-b3ad-89d433cc2e7d:group-568C93497CF9 changes role from FOLLOWER to CANDIDATE at term 0 for changeToCandidate
2019-08-28 22:18:30,298 [Thread-262] INFO  impl.RoleInfo (RoleInfo.java:updateAndGet(143)) - 4e32af64-76da-4015-b3ad-89d433cc2e7d: start LeaderElection
2019-08-28 22:18:30,306 [Thread-266] INFO  impl.FollowerState (FollowerState.java:run(106)) - affc808b-d81b-4a0f-bca8-432d1690fbd7:group-568C93497CF9 changes to CANDIDATE, lastRpcTime:5146, electionTimeout:5143ms
2019-08-28 22:18:30,306 [Thread-266] INFO  impl.RoleInfo (RoleInfo.java:shutdownFollowerState(121)) - affc808b-d81b-4a0f-bca8-432d1690fbd7: shutdown FollowerState
2019-08-28 22:18:30,306 [Thread-266] INFO  impl.RaftServerImpl (RaftServerImpl.java:setRole(171)) - affc808b-d81b-4a0f-bca8-432d1690fbd7:group-568C93497CF9 changes role from FOLLOWER to CANDIDATE at term 0 for changeToCandidate
2019-08-28 22:18:30,306 [Thread-266] INFO  impl.RoleInfo (RoleInfo.java:updateAndGet(143)) - affc808b-d81b-4a0f-bca8-432d1690fbd7: start LeaderElection
2019-08-28 22:18:30,337 [Thread-275] INFO  impl.FollowerState (FollowerState.java:run(106)) - cf4fda1a-cbd6-44d3-863d-d573685ab69e:group-39D119B0EFE5 changes to CANDIDATE, lastRpcTime:5007, electionTimeout:5007ms
2019-08-28 22:18:30,337 [Thread-275] INFO  impl.RoleInfo (RoleInfo.java:shutdownFollowerState(121)) - cf4fda1a-cbd6-44d3-863d-d573685ab69e: shutdown FollowerState
2019-08-28 22:18:30,338 [Thread-275] INFO  impl.RaftServerImpl (RaftServerImpl.java:setRole(171)) - cf4fda1a-cbd6-44d3-863d-d573685ab69e:group-39D119B0EFE5 changes role from FOLLOWER to CANDIDATE at term 0 for changeToCandidate
2019-08-28 22:18:30,338 [Thread-275] INFO  impl.RoleInfo (RoleInfo.java:updateAndGet(143)) - cf4fda1a-cbd6-44d3-863d-d573685ab69e: start LeaderElection
2019-08-28 22:18:30,387 | INFO  | SCMAudit | user=jenkins1000 | ip=192.168.36.111 | op=SEND_HEARTBEAT {datanodeUUID=4e32af64-76da-4015-b3ad-89d433cc2e7d, command=[]} | ret=SUCCESS |  
2019-08-28 22:18:30,430 | INFO  | SCMAudit | user=jenkins1000 | ip=192.168.36.111 | op=SEND_HEARTBEAT {datanodeUUID=cf4fda1a-cbd6-44d3-863d-d573685ab69e, command=[]} | ret=SUCCESS |  
2019-08-28 22:18:30,492 [d7d32888-ebc1-46a2-947e-41b56036304e:group-074A2B47A7E1:LeaderElection7] INFO  impl.LeaderElection (LeaderElection.java:askForVotes(181)) - d7d32888-ebc1-46a2-947e-41b56036304e:group-074A2B47A7E1:LeaderElection7: begin an election at term 1 for -1: [d7d32888-ebc1-46a2-947e-41b56036304e:192.168.36.111:36687], old=null
2019-08-28 22:18:30,492 [cf4fda1a-cbd6-44d3-863d-d573685ab69e:group-39D119B0EFE5:LeaderElection11] INFO  impl.LeaderElection (LeaderElection.java:askForVotes(181)) - cf4fda1a-cbd6-44d3-863d-d573685ab69e:group-39D119B0EFE5:LeaderElection11: begin an election at term 1 for -1: [6ea65cec-b0cc-42dc-8080-3b19ced056c0:192.168.36.111:46707, d216143f-01b4-413e-a32a-a64bf495efe0:192.168.36.111:43748, cf4fda1a-cbd6-44d3-863d-d573685ab69e:192.168.36.111:39070], old=null
2019-08-28 22:18:30,493 [d7d32888-ebc1-46a2-947e-41b56036304e:group-074A2B47A7E1:LeaderElection7] INFO  impl.RoleInfo (RoleInfo.java:shutdownLeaderElection(134)) - d7d32888-ebc1-46a2-947e-41b56036304e: shutdown LeaderElection
2019-08-28 22:18:30,492 [affc808b-d81b-4a0f-bca8-432d1690fbd7:group-568C93497CF9:LeaderElection10] INFO  impl.LeaderElection (LeaderElection.java:askForVotes(181)) - affc808b-d81b-4a0f-bca8-432d1690fbd7:group-568C93497CF9:LeaderElection10: begin an election at term 1 for -1: [affc808b-d81b-4a0f-bca8-432d1690fbd7:192.168.36.111:36225, 4e32af64-76da-4015-b3ad-89d433cc2e7d:192.168.36.111:35068, f6c73153-780a-4b23-b246-cb985c17e814:192.168.36.111:43582], old=null
2019-08-28 22:18:30,492 [f6c73153-780a-4b23-b246-cb985c17e814:group-568C93497CF9:LeaderElection8] INFO  impl.LeaderElection (LeaderElection.java:askForVotes(181)) - f6c73153-780a-4b23-b246-cb985c17e814:group-568C93497CF9:LeaderElection8: begin an election at term 1 for -1: [affc808b-d81b-4a0f-bca8-432d1690fbd7:192.168.36.111:36225, 4e32af64-76da-4015-b3ad-89d433cc2e7d:192.168.36.111:35068, f6c73153-780a-4b23-b246-cb985c17e814:192.168.36.111:43582], old=null
2019-08-28 22:18:30,492 [4e32af64-76da-4015-b3ad-89d433cc2e7d:group-568C93497CF9:LeaderElection9] INFO  impl.LeaderElection (LeaderElection.java:askForVotes(181)) - 4e32af64-76da-4015-b3ad-89d433cc2e7d:group-568C93497CF9:LeaderElection9: begin an election at term 1 for -1: [affc808b-d81b-4a0f-bca8-432d1690fbd7:192.168.36.111:36225, 4e32af64-76da-4015-b3ad-89d433cc2e7d:192.168.36.111:35068, f6c73153-780a-4b23-b246-cb985c17e814:192.168.36.111:43582], old=null
2019-08-28 22:18:30,493 [d7d32888-ebc1-46a2-947e-41b56036304e:group-074A2B47A7E1:LeaderElection7] INFO  impl.RaftServerImpl (RaftServerImpl.java:setRole(171)) - d7d32888-ebc1-46a2-947e-41b56036304e:group-074A2B47A7E1 changes role from CANDIDATE to LEADER at term 1 for changeToLeader
2019-08-28 22:18:30,493 [d7d32888-ebc1-46a2-947e-41b56036304e:group-074A2B47A7E1:LeaderElection7] INFO  impl.RaftServerImpl (ServerState.java:setLeader(263)) - d7d32888-ebc1-46a2-947e-41b56036304e:group-074A2B47A7E1 change Leader from null to d7d32888-ebc1-46a2-947e-41b56036304e at term 1 for becomeLeader, leader elected after 5502ms
2019-08-28 22:18:30,495 [d7d32888-ebc1-46a2-947e-41b56036304e:group-074A2B47A7E1:LeaderElection7] INFO  server.RaftServerConfigKeys (ConfUtils.java:logGet(43)) - raft.server.staging.catchup.gap = 1000 (default)
2019-08-28 22:18:30,496 [d7d32888-ebc1-46a2-947e-41b56036304e:group-074A2B47A7E1:LeaderElection7] INFO  server.RaftServerConfigKeys (ConfUtils.java:logGet(43)) - raft.server.rpc.sleep.time = 25ms (default)
2019-08-28 22:18:30,496 [d7d32888-ebc1-46a2-947e-41b56036304e:group-074A2B47A7E1:LeaderElection7] INFO  server.RaftServerConfigKeys (ConfUtils.java:logGet(43)) - raft.server.write.element-limit = 4096 (default)
2019-08-28 22:18:30,497 [d7d32888-ebc1-46a2-947e-41b56036304e:group-074A2B47A7E1:LeaderElection7] INFO  server.RaftServerConfigKeys (ConfUtils.java:logGet(43)) - raft.server.watch.timeout = 10s (default)
2019-08-28 22:18:30,497 [d7d32888-ebc1-46a2-947e-41b56036304e:group-074A2B47A7E1:LeaderElection7] INFO  server.RaftServerConfigKeys (ConfUtils.java:logGet(43)) - raft.server.watch.timeout.denomination = 1s (default)
2019-08-28 22:18:30,497 [d7d32888-ebc1-46a2-947e-41b56036304e:group-074A2B47A7E1:LeaderElection7] INFO  server.RaftServerConfigKeys (ConfUtils.java:logGet(43)) - raft.server.watch.element-limit = 65536 (default)
2019-08-28 22:18:30,497 [Thread-270] INFO  impl.FollowerState (FollowerState.java:run(106)) - d216143f-01b4-413e-a32a-a64bf495efe0:group-39D119B0EFE5 changes to CANDIDATE, lastRpcTime:5171, electionTimeout:5171ms
2019-08-28 22:18:30,498 [Thread-270] INFO  impl.RoleInfo (RoleInfo.java:shutdownFollowerState(121)) - d216143f-01b4-413e-a32a-a64bf495efe0: shutdown FollowerState
2019-08-28 22:18:30,498 [d7d32888-ebc1-46a2-947e-41b56036304e:group-074A2B47A7E1:LeaderElection7] INFO  impl.RoleInfo (RoleInfo.java:updateAndGet(143)) - d7d32888-ebc1-46a2-947e-41b56036304e: start LeaderState
2019-08-28 22:18:30,498 [Thread-270] INFO  impl.RaftServerImpl (RaftServerImpl.java:setRole(171)) - d216143f-01b4-413e-a32a-a64bf495efe0:group-39D119B0EFE5 changes role from FOLLOWER to CANDIDATE at term 0 for changeToCandidate
2019-08-28 22:18:30,498 [d7d32888-ebc1-46a2-947e-41b56036304e:group-074A2B47A7E1:LeaderElection7] INFO  segmented.SegmentedRaftLogWorker (SegmentedRaftLogWorker.java:startLogSegment(380)) - d7d32888-ebc1-46a2-947e-41b56036304e-SegmentedRaftLogWorker:Storage Directory /workdir/hadoop-ozone/integration-test/target/test-dir/MiniOzoneClusterImpl-53b3dfef-8820-4046-84bd-1701a2883846/datanode-5/data/ratis/dc40e4f2-757f-49dd-b896-074a2b47a7e1: Starting segment from index:0
2019-08-28 22:18:30,498 [Thread-270] INFO  impl.RoleInfo (RoleInfo.java:updateAndGet(143)) - d216143f-01b4-413e-a32a-a64bf495efe0: start LeaderElection
2019-08-28 22:18:30,499 | INFO  | SCMAudit | user=jenkins1000 | ip=192.168.36.111 | op=SEND_HEARTBEAT {datanodeUUID=d216143f-01b4-413e-a32a-a64bf495efe0, command=[]} | ret=SUCCESS |  
2019-08-28 22:18:30,504 [d7d32888-ebc1-46a2-947e-41b56036304e:group-074A2B47A7E1:LeaderElection7] INFO  impl.RaftServerImpl (ServerState.java:setRaftConf(361)) - d7d32888-ebc1-46a2-947e-41b56036304e:group-074A2B47A7E1 set configuration 0: [d7d32888-ebc1-46a2-947e-41b56036304e:192.168.36.111:36687], old=null at 0
2019-08-28 22:18:30,545 [Thread-274] INFO  impl.FollowerState (FollowerState.java:run(106)) - 6ea65cec-b0cc-42dc-8080-3b19ced056c0:group-39D119B0EFE5 changes to CANDIDATE, lastRpcTime:5216, electionTimeout:5183ms
2019-08-28 22:18:30,547 [Thread-274] INFO  impl.RoleInfo (RoleInfo.java:shutdownFollowerState(121)) - 6ea65cec-b0cc-42dc-8080-3b19ced056c0: shutdown FollowerState
2019-08-28 22:18:30,548 [Thread-274] INFO  impl.RaftServerImpl (RaftServerImpl.java:setRole(171)) - 6ea65cec-b0cc-42dc-8080-3b19ced056c0:group-39D119B0EFE5 changes role from FOLLOWER to CANDIDATE at term 0 for changeToCandidate
2019-08-28 22:18:30,548 [Thread-274] INFO  impl.RoleInfo (RoleInfo.java:updateAndGet(143)) - 6ea65cec-b0cc-42dc-8080-3b19ced056c0: start LeaderElection
2019-08-28 22:18:30,587 | INFO  | SCMAudit | user=jenkins1000 | ip=192.168.36.111 | op=SEND_HEARTBEAT {datanodeUUID=6ea65cec-b0cc-42dc-8080-3b19ced056c0, command=[]} | ret=SUCCESS |  
2019-08-28 22:18:30,590 [d7d32888-ebc1-46a2-947e-41b56036304e-SegmentedRaftLogWorker:Storage Directory /workdir/hadoop-ozone/integration-test/target/test-dir/MiniOzoneClusterImpl-53b3dfef-8820-4046-84bd-1701a2883846/datanode-5/data/ratis/dc40e4f2-757f-49dd-b896-074a2b47a7e1] INFO  segmented.SegmentedRaftLogWorker (SegmentedRaftLogWorker.java:execute(569)) - d7d32888-ebc1-46a2-947e-41b56036304e-SegmentedRaftLogWorker:Storage Directory /workdir/hadoop-ozone/integration-test/target/test-dir/MiniOzoneClusterImpl-53b3dfef-8820-4046-84bd-1701a2883846/datanode-5/data/ratis/dc40e4f2-757f-49dd-b896-074a2b47a7e1: created new log segment /workdir/hadoop-ozone/integration-test/target/test-dir/MiniOzoneClusterImpl-53b3dfef-8820-4046-84bd-1701a2883846/datanode-5/data/ratis/dc40e4f2-757f-49dd-b896-074a2b47a7e1/current/log_inprogress_0
2019-08-28 22:18:30,591 [6ea65cec-b0cc-42dc-8080-3b19ced056c0:group-39D119B0EFE5:LeaderElection13] INFO  impl.LeaderElection (LeaderElection.java:askForVotes(181)) - 6ea65cec-b0cc-42dc-8080-3b19ced056c0:group-39D119B0EFE5:LeaderElection13: begin an election at term 1 for -1: [6ea65cec-b0cc-42dc-8080-3b19ced056c0:192.168.36.111:46707, d216143f-01b4-413e-a32a-a64bf495efe0:192.168.36.111:43748, cf4fda1a-cbd6-44d3-863d-d573685ab69e:192.168.36.111:39070], old=null
2019-08-28 22:18:30,591 [d216143f-01b4-413e-a32a-a64bf495efe0:group-39D119B0EFE5:LeaderElection12] INFO  impl.LeaderElection (LeaderElection.java:askForVotes(181)) - d216143f-01b4-413e-a32a-a64bf495efe0:group-39D119B0EFE5:LeaderElection12: begin an election at term 1 for -1: [6ea65cec-b0cc-42dc-8080-3b19ced056c0:192.168.36.111:46707, d216143f-01b4-413e-a32a-a64bf495efe0:192.168.36.111:43748, cf4fda1a-cbd6-44d3-863d-d573685ab69e:192.168.36.111:39070], old=null
2019-08-28 22:18:30,658 | INFO  | SCMAudit | user=jenkins1000 | ip=192.168.36.111 | op=SEND_HEARTBEAT {datanodeUUID=f6c73153-780a-4b23-b246-cb985c17e814, command=[]} | ret=SUCCESS |  
2019-08-28 22:18:30,658 [f6c73153-780a-4b23-b246-cb985c17e814:group-568C93497CF9:LeaderElection8] INFO  impl.LeaderElection (LeaderElection.java:logAndReturn(56)) - f6c73153-780a-4b23-b246-cb985c17e814:group-568C93497CF9:LeaderElection8: Election REJECTED; received 2 response(s) [f6c73153-780a-4b23-b246-cb985c17e814<-affc808b-d81b-4a0f-bca8-432d1690fbd7#0:FAIL-t1, f6c73153-780a-4b23-b246-cb985c17e814<-4e32af64-76da-4015-b3ad-89d433cc2e7d#0:FAIL-t1] and 0 exception(s); f6c73153-780a-4b23-b246-cb985c17e814:t1, leader=null, voted=f6c73153-780a-4b23-b246-cb985c17e814, raftlog=f6c73153-780a-4b23-b246-cb985c17e814-SegmentedRaftLog:OPENED:c-1,f-1,i0, conf=-1: [affc808b-d81b-4a0f-bca8-432d1690fbd7:192.168.36.111:36225, 4e32af64-76da-4015-b3ad-89d433cc2e7d:192.168.36.111:35068, f6c73153-780a-4b23-b246-cb985c17e814:192.168.36.111:43582], old=null
2019-08-28 22:18:30,659 [6ea65cec-b0cc-42dc-8080-3b19ced056c0:group-39D119B0EFE5:LeaderElection13] INFO  impl.LeaderElection (LeaderElection.java:logAndReturn(56)) - 6ea65cec-b0cc-42dc-8080-3b19ced056c0:group-39D119B0EFE5:LeaderElection13: Election REJECTED; received 2 response(s) [6ea65cec-b0cc-42dc-8080-3b19ced056c0<-d216143f-01b4-413e-a32a-a64bf495efe0#0:FAIL-t1, 6ea65cec-b0cc-42dc-8080-3b19ced056c0<-cf4fda1a-cbd6-44d3-863d-d573685ab69e#0:FAIL-t1] and 0 exception(s); 6ea65cec-b0cc-42dc-8080-3b19ced056c0:t1, leader=null, voted=6ea65cec-b0cc-42dc-8080-3b19ced056c0, raftlog=6ea65cec-b0cc-42dc-8080-3b19ced056c0-SegmentedRaftLog:OPENED:c-1,f-1,i0, conf=-1: [6ea65cec-b0cc-42dc-8080-3b19ced056c0:192.168.36.111:46707, d216143f-01b4-413e-a32a-a64bf495efe0:192.168.36.111:43748, cf4fda1a-cbd6-44d3-863d-d573685ab69e:192.168.36.111:39070], old=null
2019-08-28 22:18:30,659 [4e32af64-76da-4015-b3ad-89d433cc2e7d:group-568C93497CF9:LeaderElection9] INFO  impl.LeaderElection (LeaderElection.java:logAndReturn(56)) - 4e32af64-76da-4015-b3ad-89d433cc2e7d:group-568C93497CF9:LeaderElection9: Election REJECTED; received 2 response(s) [4e32af64-76da-4015-b3ad-89d433cc2e7d<-affc808b-d81b-4a0f-bca8-432d1690fbd7#0:FAIL-t1, 4e32af64-76da-4015-b3ad-89d433cc2e7d<-f6c73153-780a-4b23-b246-cb985c17e814#0:FAIL-t1] and 0 exception(s); 4e32af64-76da-4015-b3ad-89d433cc2e7d:t1, leader=null, voted=4e32af64-76da-4015-b3ad-89d433cc2e7d, raftlog=4e32af64-76da-4015-b3ad-89d433cc2e7d-SegmentedRaftLog:OPENED:c-1,f-1,i0, conf=-1: [affc808b-d81b-4a0f-bca8-432d1690fbd7:192.168.36.111:36225, 4e32af64-76da-4015-b3ad-89d433cc2e7d:192.168.36.111:35068, f6c73153-780a-4b23-b246-cb985c17e814:192.168.36.111:43582], old=null
2019-08-28 22:18:30,664 [4e32af64-76da-4015-b3ad-89d433cc2e7d:group-568C93497CF9:LeaderElection9] INFO  impl.RaftServerImpl (RaftServerImpl.java:setRole(171)) - 4e32af64-76da-4015-b3ad-89d433cc2e7d:group-568C93497CF9 changes role from CANDIDATE to FOLLOWER at term 1 for DISCOVERED_A_NEW_TERM
2019-08-28 22:18:30,664 [6ea65cec-b0cc-42dc-8080-3b19ced056c0:group-39D119B0EFE5:LeaderElection13] INFO  impl.RaftServerImpl (RaftServerImpl.java:setRole(171)) - 6ea65cec-b0cc-42dc-8080-3b19ced056c0:group-39D119B0EFE5 changes role from CANDIDATE to FOLLOWER at term 1 for DISCOVERED_A_NEW_TERM
2019-08-28 22:18:30,664 [f6c73153-780a-4b23-b246-cb985c17e814:group-568C93497CF9:LeaderElection8] INFO  impl.RaftServerImpl (RaftServerImpl.java:setRole(171)) - f6c73153-780a-4b23-b246-cb985c17e814:group-568C93497CF9 changes role from CANDIDATE to FOLLOWER at term 1 for DISCOVERED_A_NEW_TERM
2019-08-28 22:18:30,670 [f6c73153-780a-4b23-b246-cb985c17e814:group-568C93497CF9:LeaderElection8] INFO  impl.RoleInfo (RoleInfo.java:shutdownLeaderElection(134)) - f6c73153-780a-4b23-b246-cb985c17e814: shutdown LeaderElection
2019-08-28 22:18:30,668 [6ea65cec-b0cc-42dc-8080-3b19ced056c0:group-39D119B0EFE5:LeaderElection13] INFO  impl.RoleInfo (RoleInfo.java:shutdownLeaderElection(134)) - 6ea65cec-b0cc-42dc-8080-3b19ced056c0: shutdown LeaderElection
2019-08-28 22:18:30,668 [4e32af64-76da-4015-b3ad-89d433cc2e7d:group-568C93497CF9:LeaderElection9] INFO  impl.RoleInfo (RoleInfo.java:shutdownLeaderElection(134)) - 4e32af64-76da-4015-b3ad-89d433cc2e7d: shutdown LeaderElection
2019-08-28 22:18:30,673 [6ea65cec-b0cc-42dc-8080-3b19ced056c0:group-39D119B0EFE5:LeaderElection13] INFO  impl.RoleInfo (RoleInfo.java:updateAndGet(143)) - 6ea65cec-b0cc-42dc-8080-3b19ced056c0: start FollowerState
2019-08-28 22:18:30,673 [4e32af64-76da-4015-b3ad-89d433cc2e7d:group-568C93497CF9:LeaderElection9] INFO  impl.RoleInfo (RoleInfo.java:updateAndGet(143)) - 4e32af64-76da-4015-b3ad-89d433cc2e7d: start FollowerState
2019-08-28 22:18:30,672 [f6c73153-780a-4b23-b246-cb985c17e814:group-568C93497CF9:LeaderElection8] INFO  impl.RoleInfo (RoleInfo.java:updateAndGet(143)) - f6c73153-780a-4b23-b246-cb985c17e814: start FollowerState
2019-08-28 22:18:30,677 [affc808b-d81b-4a0f-bca8-432d1690fbd7:group-568C93497CF9:LeaderElection10] INFO  impl.LeaderElection (LeaderElection.java:logAndReturn(56)) - affc808b-d81b-4a0f-bca8-432d1690fbd7:group-568C93497CF9:LeaderElection10: Election REJECTED; received 2 response(s) [affc808b-d81b-4a0f-bca8-432d1690fbd7<-4e32af64-76da-4015-b3ad-89d433cc2e7d#0:FAIL-t1, affc808b-d81b-4a0f-bca8-432d1690fbd7<-f6c73153-780a-4b23-b246-cb985c17e814#0:FAIL-t1] and 0 exception(s); affc808b-d81b-4a0f-bca8-432d1690fbd7:t1, leader=null, voted=affc808b-d81b-4a0f-bca8-432d1690fbd7, raftlog=affc808b-d81b-4a0f-bca8-432d1690fbd7-SegmentedRaftLog:OPENED:c-1,f-1,i0, conf=-1: [affc808b-d81b-4a0f-bca8-432d1690fbd7:192.168.36.111:36225, 4e32af64-76da-4015-b3ad-89d433cc2e7d:192.168.36.111:35068, f6c73153-780a-4b23-b246-cb985c17e814:192.168.36.111:43582], old=null
2019-08-28 22:18:30,680 [affc808b-d81b-4a0f-bca8-432d1690fbd7:group-568C93497CF9:LeaderElection10] INFO  impl.RaftServerImpl (RaftServerImpl.java:setRole(171)) - affc808b-d81b-4a0f-bca8-432d1690fbd7:group-568C93497CF9 changes role from CANDIDATE to FOLLOWER at term 1 for DISCOVERED_A_NEW_TERM
2019-08-28 22:18:30,682 [affc808b-d81b-4a0f-bca8-432d1690fbd7:group-568C93497CF9:LeaderElection10] INFO  impl.RoleInfo (RoleInfo.java:shutdownLeaderElection(134)) - affc808b-d81b-4a0f-bca8-432d1690fbd7: shutdown LeaderElection
2019-08-28 22:18:30,686 [affc808b-d81b-4a0f-bca8-432d1690fbd7:group-568C93497CF9:LeaderElection10] INFO  impl.RoleInfo (RoleInfo.java:updateAndGet(143)) - affc808b-d81b-4a0f-bca8-432d1690fbd7: start FollowerState
2019-08-28 22:18:30,686 [cf4fda1a-cbd6-44d3-863d-d573685ab69e:group-39D119B0EFE5:LeaderElection11] INFO  impl.LeaderElection (LeaderElection.java:logAndReturn(56)) - cf4fda1a-cbd6-44d3-863d-d573685ab69e:group-39D119B0EFE5:LeaderElection11: Election REJECTED; received 2 response(s) [cf4fda1a-cbd6-44d3-863d-d573685ab69e<-6ea65cec-b0cc-42dc-8080-3b19ced056c0#0:FAIL-t1, cf4fda1a-cbd6-44d3-863d-d573685ab69e<-d216143f-01b4-413e-a32a-a64bf495efe0#0:FAIL-t1] and 0 exception(s); cf4fda1a-cbd6-44d3-863d-d573685ab69e:t1, leader=null, voted=cf4fda1a-cbd6-44d3-863d-d573685ab69e, raftlog=cf4fda1a-cbd6-44d3-863d-d573685ab69e-SegmentedRaftLog:OPENED:c-1,f-1,i0, conf=-1: [6ea65cec-b0cc-42dc-8080-3b19ced056c0:192.168.36.111:46707, d216143f-01b4-413e-a32a-a64bf495efe0:192.168.36.111:43748, cf4fda1a-cbd6-44d3-863d-d573685ab69e:192.168.36.111:39070], old=null
2019-08-28 22:18:30,690 [cf4fda1a-cbd6-44d3-863d-d573685ab69e:group-39D119B0EFE5:LeaderElection11] INFO  impl.RaftServerImpl (RaftServerImpl.java:setRole(171)) - cf4fda1a-cbd6-44d3-863d-d573685ab69e:group-39D119B0EFE5 changes role from CANDIDATE to FOLLOWER at term 1 for DISCOVERED_A_NEW_TERM
2019-08-28 22:18:30,697 [cf4fda1a-cbd6-44d3-863d-d573685ab69e:group-39D119B0EFE5:LeaderElection11] INFO  impl.RoleInfo (RoleInfo.java:shutdownLeaderElection(134)) - cf4fda1a-cbd6-44d3-863d-d573685ab69e: shutdown LeaderElection
2019-08-28 22:18:30,697 [cf4fda1a-cbd6-44d3-863d-d573685ab69e:group-39D119B0EFE5:LeaderElection11] INFO  impl.RoleInfo (RoleInfo.java:updateAndGet(143)) - cf4fda1a-cbd6-44d3-863d-d573685ab69e: start FollowerState
2019-08-28 22:18:30,702 [d216143f-01b4-413e-a32a-a64bf495efe0:group-39D119B0EFE5:LeaderElection12] INFO  impl.LeaderElection (LeaderElection.java:logAndReturn(56)) - d216143f-01b4-413e-a32a-a64bf495efe0:group-39D119B0EFE5:LeaderElection12: Election REJECTED; received 2 response(s) [d216143f-01b4-413e-a32a-a64bf495efe0<-6ea65cec-b0cc-42dc-8080-3b19ced056c0#0:FAIL-t1, d216143f-01b4-413e-a32a-a64bf495efe0<-cf4fda1a-cbd6-44d3-863d-d573685ab69e#0:FAIL-t1] and 0 exception(s); d216143f-01b4-413e-a32a-a64bf495efe0:t1, leader=null, voted=d216143f-01b4-413e-a32a-a64bf495efe0, raftlog=d216143f-01b4-413e-a32a-a64bf495efe0-SegmentedRaftLog:OPENED:c-1,f-1,i0, conf=-1: [6ea65cec-b0cc-42dc-8080-3b19ced056c0:192.168.36.111:46707, d216143f-01b4-413e-a32a-a64bf495efe0:192.168.36.111:43748, cf4fda1a-cbd6-44d3-863d-d573685ab69e:192.168.36.111:39070], old=null
2019-08-28 22:18:30,704 [d216143f-01b4-413e-a32a-a64bf495efe0:group-39D119B0EFE5:LeaderElection12] INFO  impl.RaftServerImpl (RaftServerImpl.java:setRole(171)) - d216143f-01b4-413e-a32a-a64bf495efe0:group-39D119B0EFE5 changes role from CANDIDATE to FOLLOWER at term 1 for DISCOVERED_A_NEW_TERM
2019-08-28 22:18:30,704 [d216143f-01b4-413e-a32a-a64bf495efe0:group-39D119B0EFE5:LeaderElection12] INFO  impl.RoleInfo (RoleInfo.java:shutdownLeaderElection(134)) - d216143f-01b4-413e-a32a-a64bf495efe0: shutdown LeaderElection
2019-08-28 22:18:30,706 [d216143f-01b4-413e-a32a-a64bf495efe0:group-39D119B0EFE5:LeaderElection12] INFO  impl.RoleInfo (RoleInfo.java:updateAndGet(143)) - d216143f-01b4-413e-a32a-a64bf495efe0: start FollowerState
2019-08-28 22:18:30,706 [grpc-default-executor-1] INFO  client.GrpcClientProtocolClient (GrpcClientProtocolClient.java:onNext(255)) - client-AFDB05DADC48->4e32af64-76da-4015-b3ad-89d433cc2e7d: receive RaftClientReply:client-AFDB05DADC48->4e32af64-76da-4015-b3ad-89d433cc2e7d@group-568C93497CF9, cid=13, FAILED org.apache.ratis.protocol.NotLeaderException: Server 4e32af64-76da-4015-b3ad-89d433cc2e7d is not the leader (null). Request must be sent to leader., logIndex=0, commits[4e32af64-76da-4015-b3ad-89d433cc2e7d:c-1]
2019-08-28 22:18:30,729 | INFO  | SCMAudit | user=jenkins1000 | ip=192.168.36.111 | op=SEND_HEARTBEAT {datanodeUUID=affc808b-d81b-4a0f-bca8-432d1690fbd7, command=[]} | ret=SUCCESS |  
2019-08-28 22:18:30,803 | INFO  | SCMAudit | user=jenkins1000 | ip=192.168.36.111 | op=SEND_HEARTBEAT {datanodeUUID=d7d32888-ebc1-46a2-947e-41b56036304e, command=[]} | ret=SUCCESS |  
2019-08-28 22:18:31,384 | INFO  | SCMAudit | user=jenkins1000 | ip=192.168.36.111 | op=SEND_HEARTBEAT {datanodeUUID=4e32af64-76da-4015-b3ad-89d433cc2e7d, command=[]} | ret=SUCCESS |  
2019-08-28 22:18:31,429 | INFO  | SCMAudit | user=jenkins1000 | ip=192.168.36.111 | op=SEND_HEARTBEAT {datanodeUUID=cf4fda1a-cbd6-44d3-863d-d573685ab69e, command=[]} | ret=SUCCESS |  
2019-08-28 22:18:31,499 | INFO  | SCMAudit | user=jenkins1000 | ip=192.168.36.111 | op=SEND_HEARTBEAT {datanodeUUID=d216143f-01b4-413e-a32a-a64bf495efe0, command=[]} | ret=SUCCESS |  
2019-08-28 22:18:31,588 | INFO  | SCMAudit | user=jenkins1000 | ip=192.168.36.111 | op=SEND_HEARTBEAT {datanodeUUID=6ea65cec-b0cc-42dc-8080-3b19ced056c0, command=[]} | ret=SUCCESS |  
2019-08-28 22:18:31,658 | INFO  | SCMAudit | user=jenkins1000 | ip=192.168.36.111 | op=SEND_HEARTBEAT {datanodeUUID=f6c73153-780a-4b23-b246-cb985c17e814, command=[]} | ret=SUCCESS |  
2019-08-28 22:18:31,731 | INFO  | SCMAudit | user=jenkins1000 | ip=192.168.36.111 | op=SEND_HEARTBEAT {datanodeUUID=affc808b-d81b-4a0f-bca8-432d1690fbd7, command=[]} | ret=SUCCESS |  
2019-08-28 22:18:31,734 [grpc-default-executor-4] INFO  client.GrpcClientProtocolClient (GrpcClientProtocolClient.java:onNext(255)) - client-AFDB05DADC48->affc808b-d81b-4a0f-bca8-432d1690fbd7: receive RaftClientReply:client-AFDB05DADC48->affc808b-d81b-4a0f-bca8-432d1690fbd7@group-568C93497CF9, cid=13, FAILED org.apache.ratis.protocol.NotLeaderException: Server affc808b-d81b-4a0f-bca8-432d1690fbd7 is not the leader (null). Request must be sent to leader., logIndex=0, commits[affc808b-d81b-4a0f-bca8-432d1690fbd7:c-1]
2019-08-28 22:18:31,804 | INFO  | SCMAudit | user=jenkins1000 | ip=192.168.36.111 | op=SEND_HEARTBEAT {datanodeUUID=d7d32888-ebc1-46a2-947e-41b56036304e, command=[]} | ret=SUCCESS |  
2019-08-28 22:18:32,384 | INFO  | SCMAudit | user=jenkins1000 | ip=192.168.36.111 | op=SEND_HEARTBEAT {datanodeUUID=4e32af64-76da-4015-b3ad-89d433cc2e7d, command=[]} | ret=SUCCESS |  
2019-08-28 22:18:32,429 | INFO  | SCMAudit | user=jenkins1000 | ip=192.168.36.111 | op=SEND_HEARTBEAT {datanodeUUID=cf4fda1a-cbd6-44d3-863d-d573685ab69e, command=[]} | ret=SUCCESS |  
2019-08-28 22:18:32,503 | INFO  | SCMAudit | user=jenkins1000 | ip=192.168.36.111 | op=SEND_HEARTBEAT {datanodeUUID=d216143f-01b4-413e-a32a-a64bf495efe0, command=[]} | ret=SUCCESS |  
2019-08-28 22:18:32,586 | INFO  | SCMAudit | user=jenkins1000 | ip=192.168.36.111 | op=SEND_HEARTBEAT {datanodeUUID=6ea65cec-b0cc-42dc-8080-3b19ced056c0, command=[]} | ret=SUCCESS |  
2019-08-28 22:18:32,658 | INFO  | SCMAudit | user=jenkins1000 | ip=192.168.36.111 | op=SEND_HEARTBEAT {datanodeUUID=f6c73153-780a-4b23-b246-cb985c17e814, command=[]} | ret=SUCCESS |  
2019-08-28 22:18:32,731 | INFO  | SCMAudit | user=jenkins1000 | ip=192.168.36.111 | op=SEND_HEARTBEAT {datanodeUUID=affc808b-d81b-4a0f-bca8-432d1690fbd7, command=[]} | ret=SUCCESS |  
2019-08-28 22:18:32,757 [grpc-default-executor-1] INFO  client.GrpcClientProtocolClient (GrpcClientProtocolClient.java:onNext(255)) - client-AFDB05DADC48->4e32af64-76da-4015-b3ad-89d433cc2e7d: receive RaftClientReply:client-AFDB05DADC48->4e32af64-76da-4015-b3ad-89d433cc2e7d@group-568C93497CF9, cid=13, FAILED org.apache.ratis.protocol.NotLeaderException: Server 4e32af64-76da-4015-b3ad-89d433cc2e7d is not the leader (null). Request must be sent to leader., logIndex=0, commits[4e32af64-76da-4015-b3ad-89d433cc2e7d:c-1]
2019-08-28 22:18:32,804 | INFO  | SCMAudit | user=jenkins1000 | ip=192.168.36.111 | op=SEND_HEARTBEAT {datanodeUUID=d7d32888-ebc1-46a2-947e-41b56036304e, command=[]} | ret=SUCCESS |  
2019-08-28 22:18:33,384 | INFO  | SCMAudit | user=jenkins1000 | ip=192.168.36.111 | op=SEND_HEARTBEAT {datanodeUUID=4e32af64-76da-4015-b3ad-89d433cc2e7d, command=[]} | ret=SUCCESS |  
2019-08-28 22:18:33,430 | INFO  | SCMAudit | user=jenkins1000 | ip=192.168.36.111 | op=SEND_HEARTBEAT {datanodeUUID=cf4fda1a-cbd6-44d3-863d-d573685ab69e, command=[]} | ret=SUCCESS |  
2019-08-28 22:18:33,500 | INFO  | SCMAudit | user=jenkins1000 | ip=192.168.36.111 | op=SEND_HEARTBEAT {datanodeUUID=d216143f-01b4-413e-a32a-a64bf495efe0, command=[]} | ret=SUCCESS |  
2019-08-28 22:18:33,586 | INFO  | SCMAudit | user=jenkins1000 | ip=192.168.36.111 | op=SEND_HEARTBEAT {datanodeUUID=6ea65cec-b0cc-42dc-8080-3b19ced056c0, command=[]} | ret=SUCCESS |  
2019-08-28 22:18:33,658 | INFO  | SCMAudit | user=jenkins1000 | ip=192.168.36.111 | op=SEND_HEARTBEAT {datanodeUUID=f6c73153-780a-4b23-b246-cb985c17e814, command=[]} | ret=SUCCESS |  
2019-08-28 22:18:33,731 | INFO  | SCMAudit | user=jenkins1000 | ip=192.168.36.111 | op=SEND_HEARTBEAT {datanodeUUID=affc808b-d81b-4a0f-bca8-432d1690fbd7, command=[]} | ret=SUCCESS |  
2019-08-28 22:18:33,784 [grpc-default-executor-4] INFO  client.GrpcClientProtocolClient (GrpcClientProtocolClient.java:onNext(255)) - client-AFDB05DADC48->f6c73153-780a-4b23-b246-cb985c17e814: receive RaftClientReply:client-AFDB05DADC48->f6c73153-780a-4b23-b246-cb985c17e814@group-568C93497CF9, cid=13, FAILED org.apache.ratis.protocol.NotLeaderException: Server f6c73153-780a-4b23-b246-cb985c17e814 is not the leader (null). Request must be sent to leader., logIndex=0, commits[f6c73153-780a-4b23-b246-cb985c17e814:c-1]
2019-08-28 22:18:33,805 | INFO  | SCMAudit | user=jenkins1000 | ip=192.168.36.111 | op=SEND_HEARTBEAT {datanodeUUID=d7d32888-ebc1-46a2-947e-41b56036304e, command=[]} | ret=SUCCESS |  
2019-08-28 22:18:34,385 | INFO  | SCMAudit | user=jenkins1000 | ip=192.168.36.111 | op=SEND_HEARTBEAT {datanodeUUID=4e32af64-76da-4015-b3ad-89d433cc2e7d, command=[]} | ret=SUCCESS |  
2019-08-28 22:18:34,430 | INFO  | SCMAudit | user=jenkins1000 | ip=192.168.36.111 | op=SEND_HEARTBEAT {datanodeUUID=cf4fda1a-cbd6-44d3-863d-d573685ab69e, command=[]} | ret=SUCCESS |  
2019-08-28 22:18:34,501 | INFO  | SCMAudit | user=jenkins1000 | ip=192.168.36.111 | op=SEND_HEARTBEAT {datanodeUUID=d216143f-01b4-413e-a32a-a64bf495efe0, command=[]} | ret=SUCCESS |  
2019-08-28 22:18:34,587 | INFO  | SCMAudit | user=jenkins1000 | ip=192.168.36.111 | op=SEND_HEARTBEAT {datanodeUUID=6ea65cec-b0cc-42dc-8080-3b19ced056c0, command=[]} | ret=SUCCESS |  
2019-08-28 22:18:34,659 | INFO  | SCMAudit | user=jenkins1000 | ip=192.168.36.111 | op=SEND_HEARTBEAT {datanodeUUID=f6c73153-780a-4b23-b246-cb985c17e814, command=[]} | ret=SUCCESS |  
2019-08-28 22:18:34,731 | INFO  | SCMAudit | user=jenkins1000 | ip=192.168.36.111 | op=SEND_HEARTBEAT {datanodeUUID=affc808b-d81b-4a0f-bca8-432d1690fbd7, command=[]} | ret=SUCCESS |  
2019-08-28 22:18:34,804 | INFO  | SCMAudit | user=jenkins1000 | ip=192.168.36.111 | op=SEND_HEARTBEAT {datanodeUUID=d7d32888-ebc1-46a2-947e-41b56036304e, command=[]} | ret=SUCCESS |  
2019-08-28 22:18:34,811 [grpc-default-executor-4] INFO  client.GrpcClientProtocolClient (GrpcClientProtocolClient.java:onNext(255)) - client-AFDB05DADC48->affc808b-d81b-4a0f-bca8-432d1690fbd7: receive RaftClientReply:client-AFDB05DADC48->affc808b-d81b-4a0f-bca8-432d1690fbd7@group-568C93497CF9, cid=13, FAILED org.apache.ratis.protocol.NotLeaderException: Server affc808b-d81b-4a0f-bca8-432d1690fbd7 is not the leader (null). Request must be sent to leader., logIndex=0, commits[affc808b-d81b-4a0f-bca8-432d1690fbd7:c-1]
2019-08-28 22:18:35,385 | INFO  | SCMAudit | user=jenkins1000 | ip=192.168.36.111 | op=SEND_HEARTBEAT {datanodeUUID=4e32af64-76da-4015-b3ad-89d433cc2e7d, command=[]} | ret=SUCCESS |  
2019-08-28 22:18:35,429 | INFO  | SCMAudit | user=jenkins1000 | ip=192.168.36.111 | op=SEND_HEARTBEAT {datanodeUUID=cf4fda1a-cbd6-44d3-863d-d573685ab69e, command=[]} | ret=SUCCESS |  
2019-08-28 22:18:35,501 | INFO  | SCMAudit | user=jenkins1000 | ip=192.168.36.111 | op=SEND_HEARTBEAT {datanodeUUID=d216143f-01b4-413e-a32a-a64bf495efe0, command=[]} | ret=SUCCESS |  
2019-08-28 22:18:35,586 | INFO  | SCMAudit | user=jenkins1000 | ip=192.168.36.111 | op=SEND_HEARTBEAT {datanodeUUID=6ea65cec-b0cc-42dc-8080-3b19ced056c0, command=[]} | ret=SUCCESS |  
2019-08-28 22:18:35,658 | INFO  | SCMAudit | user=jenkins1000 | ip=192.168.36.111 | op=SEND_HEARTBEAT {datanodeUUID=f6c73153-780a-4b23-b246-cb985c17e814, command=[]} | ret=SUCCESS |  
2019-08-28 22:18:35,729 [Thread-328] INFO  impl.FollowerState (FollowerState.java:run(106)) - 6ea65cec-b0cc-42dc-8080-3b19ced056c0:group-39D119B0EFE5 changes to CANDIDATE, lastRpcTime:5055, electionTimeout:5051ms
2019-08-28 22:18:35,732 [Thread-328] INFO  impl.RoleInfo (RoleInfo.java:shutdownFollowerState(121)) - 6ea65cec-b0cc-42dc-8080-3b19ced056c0: shutdown FollowerState
2019-08-28 22:18:35,732 [Thread-328] INFO  impl.RaftServerImpl (RaftServerImpl.java:setRole(171)) - 6ea65cec-b0cc-42dc-8080-3b19ced056c0:group-39D119B0EFE5 changes role from FOLLOWER to CANDIDATE at term 1 for changeToCandidate
2019-08-28 22:18:35,732 [Thread-328] INFO  impl.RoleInfo (RoleInfo.java:updateAndGet(143)) - 6ea65cec-b0cc-42dc-8080-3b19ced056c0: start LeaderElection
2019-08-28 22:18:35,735 | INFO  | SCMAudit | user=jenkins1000 | ip=192.168.36.111 | op=SEND_HEARTBEAT {datanodeUUID=affc808b-d81b-4a0f-bca8-432d1690fbd7, command=[]} | ret=SUCCESS |  
2019-08-28 22:18:35,763 [6ea65cec-b0cc-42dc-8080-3b19ced056c0:group-39D119B0EFE5:LeaderElection14] INFO  impl.LeaderElection (LeaderElection.java:askForVotes(181)) - 6ea65cec-b0cc-42dc-8080-3b19ced056c0:group-39D119B0EFE5:LeaderElection14: begin an election at term 2 for -1: [6ea65cec-b0cc-42dc-8080-3b19ced056c0:192.168.36.111:46707, d216143f-01b4-413e-a32a-a64bf495efe0:192.168.36.111:43748, cf4fda1a-cbd6-44d3-863d-d573685ab69e:192.168.36.111:39070], old=null
2019-08-28 22:18:35,775 [Thread-330] INFO  impl.FollowerState (FollowerState.java:run(106)) - affc808b-d81b-4a0f-bca8-432d1690fbd7:group-568C93497CF9 changes to CANDIDATE, lastRpcTime:5089, electionTimeout:5083ms
2019-08-28 22:18:35,775 [Thread-330] INFO  impl.RoleInfo (RoleInfo.java:shutdownFollowerState(121)) - affc808b-d81b-4a0f-bca8-432d1690fbd7: shutdown FollowerState
2019-08-28 22:18:35,779 [Thread-327] INFO  impl.FollowerState (FollowerState.java:run(106)) - f6c73153-780a-4b23-b246-cb985c17e814:group-568C93497CF9 changes to CANDIDATE, lastRpcTime:5106, electionTimeout:5099ms
2019-08-28 22:18:35,779 [grpc-default-executor-4] INFO  impl.RaftServerImpl (RaftServerImpl.java:setRole(171)) - cf4fda1a-cbd6-44d3-863d-d573685ab69e:group-39D119B0EFE5 changes role from FOLLOWER to FOLLOWER at term 2 for recognizeCandidate:6ea65cec-b0cc-42dc-8080-3b19ced056c0
2019-08-28 22:18:35,780 [grpc-default-executor-4] INFO  impl.RoleInfo (RoleInfo.java:shutdownFollowerState(121)) - cf4fda1a-cbd6-44d3-863d-d573685ab69e: shutdown FollowerState
2019-08-28 22:18:35,780 [grpc-default-executor-1] INFO  impl.RaftServerImpl (RaftServerImpl.java:setRole(171)) - d216143f-01b4-413e-a32a-a64bf495efe0:group-39D119B0EFE5 changes role from FOLLOWER to FOLLOWER at term 2 for recognizeCandidate:6ea65cec-b0cc-42dc-8080-3b19ced056c0
2019-08-28 22:18:35,780 [grpc-default-executor-4] INFO  impl.RoleInfo (RoleInfo.java:updateAndGet(143)) - cf4fda1a-cbd6-44d3-863d-d573685ab69e: start FollowerState
2019-08-28 22:18:35,779 [Thread-330] INFO  impl.RaftServerImpl (RaftServerImpl.java:setRole(171)) - affc808b-d81b-4a0f-bca8-432d1690fbd7:group-568C93497CF9 changes role from FOLLOWER to CANDIDATE at term 1 for changeToCandidate
2019-08-28 22:18:35,779 [Thread-327] INFO  impl.RoleInfo (RoleInfo.java:shutdownFollowerState(121)) - f6c73153-780a-4b23-b246-cb985c17e814: shutdown FollowerState
2019-08-28 22:18:35,781 [Thread-330] INFO  impl.RoleInfo (RoleInfo.java:updateAndGet(143)) - affc808b-d81b-4a0f-bca8-432d1690fbd7: start LeaderElection
2019-08-28 22:18:35,780 [grpc-default-executor-1] INFO  impl.RoleInfo (RoleInfo.java:shutdownFollowerState(121)) - d216143f-01b4-413e-a32a-a64bf495efe0: shutdown FollowerState
2019-08-28 22:18:35,780 [Thread-332] INFO  impl.FollowerState (FollowerState.java:run(114)) - cf4fda1a-cbd6-44d3-863d-d573685ab69e: FollowerState was interrupted: java.lang.InterruptedException: sleep interrupted
2019-08-28 22:18:35,781 [Thread-327] INFO  impl.RaftServerImpl (RaftServerImpl.java:setRole(171)) - f6c73153-780a-4b23-b246-cb985c17e814:group-568C93497CF9 changes role from FOLLOWER to CANDIDATE at term 1 for changeToCandidate
2019-08-28 22:18:35,785 [Thread-333] INFO  impl.FollowerState (FollowerState.java:run(114)) - d216143f-01b4-413e-a32a-a64bf495efe0: FollowerState was interrupted: java.lang.InterruptedException: sleep interrupted
2019-08-28 22:18:35,788 [Thread-327] INFO  impl.RoleInfo (RoleInfo.java:updateAndGet(143)) - f6c73153-780a-4b23-b246-cb985c17e814: start LeaderElection
2019-08-28 22:18:35,785 [grpc-default-executor-1] INFO  impl.RoleInfo (RoleInfo.java:updateAndGet(143)) - d216143f-01b4-413e-a32a-a64bf495efe0: start FollowerState
2019-08-28 22:18:35,790 [Thread-329] INFO  impl.FollowerState (FollowerState.java:run(106)) - 4e32af64-76da-4015-b3ad-89d433cc2e7d:group-568C93497CF9 changes to CANDIDATE, lastRpcTime:5117, electionTimeout:5112ms
2019-08-28 22:18:35,796 [Thread-329] INFO  impl.RoleInfo (RoleInfo.java:shutdownFollowerState(121)) - 4e32af64-76da-4015-b3ad-89d433cc2e7d: shutdown FollowerState
2019-08-28 22:18:35,797 [Thread-329] INFO  impl.RaftServerImpl (RaftServerImpl.java:setRole(171)) - 4e32af64-76da-4015-b3ad-89d433cc2e7d:group-568C93497CF9 changes role from FOLLOWER to CANDIDATE at term 1 for changeToCandidate
2019-08-28 22:18:35,797 [Thread-329] INFO  impl.RoleInfo (RoleInfo.java:updateAndGet(143)) - 4e32af64-76da-4015-b3ad-89d433cc2e7d: start LeaderElection
2019-08-28 22:18:35,804 | INFO  | SCMAudit | user=jenkins1000 | ip=192.168.36.111 | op=SEND_HEARTBEAT {datanodeUUID=d7d32888-ebc1-46a2-947e-41b56036304e, command=[]} | ret=SUCCESS |  
2019-08-28 22:18:35,819 [affc808b-d81b-4a0f-bca8-432d1690fbd7:group-568C93497CF9:LeaderElection15] INFO  impl.LeaderElection (LeaderElection.java:askForVotes(181)) - affc808b-d81b-4a0f-bca8-432d1690fbd7:group-568C93497CF9:LeaderElection15: begin an election at term 2 for -1: [affc808b-d81b-4a0f-bca8-432d1690fbd7:192.168.36.111:36225, 4e32af64-76da-4015-b3ad-89d433cc2e7d:192.168.36.111:35068, f6c73153-780a-4b23-b246-cb985c17e814:192.168.36.111:43582], old=null
2019-08-28 22:18:35,819 [4e32af64-76da-4015-b3ad-89d433cc2e7d:group-568C93497CF9:LeaderElection17] INFO  impl.LeaderElection (LeaderElection.java:askForVotes(181)) - 4e32af64-76da-4015-b3ad-89d433cc2e7d:group-568C93497CF9:LeaderElection17: begin an election at term 2 for -1: [affc808b-d81b-4a0f-bca8-432d1690fbd7:192.168.36.111:36225, 4e32af64-76da-4015-b3ad-89d433cc2e7d:192.168.36.111:35068, f6c73153-780a-4b23-b246-cb985c17e814:192.168.36.111:43582], old=null
2019-08-28 22:18:35,819 [f6c73153-780a-4b23-b246-cb985c17e814:group-568C93497CF9:LeaderElection16] INFO  impl.LeaderElection (LeaderElection.java:askForVotes(181)) - f6c73153-780a-4b23-b246-cb985c17e814:group-568C93497CF9:LeaderElection16: begin an election at term 2 for -1: [affc808b-d81b-4a0f-bca8-432d1690fbd7:192.168.36.111:36225, 4e32af64-76da-4015-b3ad-89d433cc2e7d:192.168.36.111:35068, f6c73153-780a-4b23-b246-cb985c17e814:192.168.36.111:43582], old=null
2019-08-28 22:18:35,825 [6ea65cec-b0cc-42dc-8080-3b19ced056c0:group-39D119B0EFE5:LeaderElection14] INFO  impl.LeaderElection (LeaderElection.java:logAndReturn(56)) - 6ea65cec-b0cc-42dc-8080-3b19ced056c0:group-39D119B0EFE5:LeaderElection14: Election PASSED; received 1 response(s) [6ea65cec-b0cc-42dc-8080-3b19ced056c0<-d216143f-01b4-413e-a32a-a64bf495efe0#0:OK-t2] and 0 exception(s); 6ea65cec-b0cc-42dc-8080-3b19ced056c0:t2, leader=null, voted=6ea65cec-b0cc-42dc-8080-3b19ced056c0, raftlog=6ea65cec-b0cc-42dc-8080-3b19ced056c0-SegmentedRaftLog:OPENED:c-1,f-1,i0, conf=-1: [6ea65cec-b0cc-42dc-8080-3b19ced056c0:192.168.36.111:46707, d216143f-01b4-413e-a32a-a64bf495efe0:192.168.36.111:43748, cf4fda1a-cbd6-44d3-863d-d573685ab69e:192.168.36.111:39070], old=null
2019-08-28 22:18:35,826 [6ea65cec-b0cc-42dc-8080-3b19ced056c0:group-39D119B0EFE5:LeaderElection14] INFO  impl.RoleInfo (RoleInfo.java:shutdownLeaderElection(134)) - 6ea65cec-b0cc-42dc-8080-3b19ced056c0: shutdown LeaderElection
2019-08-28 22:18:35,828 [6ea65cec-b0cc-42dc-8080-3b19ced056c0:group-39D119B0EFE5:LeaderElection14] INFO  impl.RaftServerImpl (RaftServerImpl.java:setRole(171)) - 6ea65cec-b0cc-42dc-8080-3b19ced056c0:group-39D119B0EFE5 changes role from CANDIDATE to LEADER at term 2 for changeToLeader
2019-08-28 22:18:35,830 [6ea65cec-b0cc-42dc-8080-3b19ced056c0:group-39D119B0EFE5:LeaderElection14] INFO  impl.RaftServerImpl (ServerState.java:setLeader(263)) - 6ea65cec-b0cc-42dc-8080-3b19ced056c0:group-39D119B0EFE5 change Leader from null to 6ea65cec-b0cc-42dc-8080-3b19ced056c0 at term 2 for becomeLeader, leader elected after 10521ms
2019-08-28 22:18:35,831 [6ea65cec-b0cc-42dc-8080-3b19ced056c0:group-39D119B0EFE5:LeaderElection14] INFO  server.RaftServerConfigKeys (ConfUtils.java:logGet(43)) - raft.server.staging.catchup.gap = 1000 (default)
2019-08-28 22:18:35,831 [6ea65cec-b0cc-42dc-8080-3b19ced056c0:group-39D119B0EFE5:LeaderElection14] INFO  server.RaftServerConfigKeys (ConfUtils.java:logGet(43)) - raft.server.rpc.sleep.time = 25ms (default)
2019-08-28 22:18:35,831 [6ea65cec-b0cc-42dc-8080-3b19ced056c0:group-39D119B0EFE5:LeaderElection14] INFO  server.RaftServerConfigKeys (ConfUtils.java:logGet(43)) - raft.server.write.element-limit = 4096 (default)
2019-08-28 22:18:35,833 [6ea65cec-b0cc-42dc-8080-3b19ced056c0:group-39D119B0EFE5:LeaderElection14] INFO  server.RaftServerConfigKeys (ConfUtils.java:logGet(43)) - raft.server.watch.timeout = 10s (default)
2019-08-28 22:18:35,833 [6ea65cec-b0cc-42dc-8080-3b19ced056c0:group-39D119B0EFE5:LeaderElection14] INFO  server.RaftServerConfigKeys (ConfUtils.java:logGet(43)) - raft.server.watch.timeout.denomination = 1s (default)
2019-08-28 22:18:35,833 [6ea65cec-b0cc-42dc-8080-3b19ced056c0:group-39D119B0EFE5:LeaderElection14] INFO  server.RaftServerConfigKeys (ConfUtils.java:logGet(43)) - raft.server.watch.element-limit = 65536 (default)
2019-08-28 22:18:35,841 [6ea65cec-b0cc-42dc-8080-3b19ced056c0:group-39D119B0EFE5:LeaderElection14] INFO  server.RaftServerConfigKeys (ConfUtils.java:logGet(43)) - raft.server.log.appender.snapshot.chunk.size.max = 16MB (=16777216) (default)
2019-08-28 22:18:35,851 [6ea65cec-b0cc-42dc-8080-3b19ced056c0:group-39D119B0EFE5:LeaderElection14] INFO  server.RaftServerConfigKeys (ConfUtils.java:logGet(43)) - raft.server.log.appender.buffer.byte-limit = 33554432 (custom)
2019-08-28 22:18:35,852 [6ea65cec-b0cc-42dc-8080-3b19ced056c0:group-39D119B0EFE5:LeaderElection14] INFO  server.RaftServerConfigKeys (ConfUtils.java:logGet(43)) - raft.server.log.appender.buffer.element-limit = 1 (custom)
2019-08-28 22:18:35,853 [affc808b-d81b-4a0f-bca8-432d1690fbd7:group-568C93497CF9:LeaderElection15] INFO  impl.LeaderElection (LeaderElection.java:logAndReturn(56)) - affc808b-d81b-4a0f-bca8-432d1690fbd7:group-568C93497CF9:LeaderElection15: Election REJECTED; received 2 response(s) [affc808b-d81b-4a0f-bca8-432d1690fbd7<-4e32af64-76da-4015-b3ad-89d433cc2e7d#0:FAIL-t2, affc808b-d81b-4a0f-bca8-432d1690fbd7<-f6c73153-780a-4b23-b246-cb985c17e814#0:FAIL-t2] and 0 exception(s); affc808b-d81b-4a0f-bca8-432d1690fbd7:t2, leader=null, voted=affc808b-d81b-4a0f-bca8-432d1690fbd7, raftlog=affc808b-d81b-4a0f-bca8-432d1690fbd7-SegmentedRaftLog:OPENED:c-1,f-1,i0, conf=-1: [affc808b-d81b-4a0f-bca8-432d1690fbd7:192.168.36.111:36225, 4e32af64-76da-4015-b3ad-89d433cc2e7d:192.168.36.111:35068, f6c73153-780a-4b23-b246-cb985c17e814:192.168.36.111:43582], old=null
2019-08-28 22:18:35,855 [affc808b-d81b-4a0f-bca8-432d1690fbd7:group-568C93497CF9:LeaderElection15] INFO  impl.RaftServerImpl (RaftServerImpl.java:setRole(171)) - affc808b-d81b-4a0f-bca8-432d1690fbd7:group-568C93497CF9 changes role from CANDIDATE to FOLLOWER at term 2 for DISCOVERED_A_NEW_TERM
2019-08-28 22:18:35,857 [affc808b-d81b-4a0f-bca8-432d1690fbd7:group-568C93497CF9:LeaderElection15] INFO  impl.RoleInfo (RoleInfo.java:shutdownLeaderElection(134)) - affc808b-d81b-4a0f-bca8-432d1690fbd7: shutdown LeaderElection
2019-08-28 22:18:35,858 [affc808b-d81b-4a0f-bca8-432d1690fbd7:group-568C93497CF9:LeaderElection15] INFO  impl.RoleInfo (RoleInfo.java:updateAndGet(143)) - affc808b-d81b-4a0f-bca8-432d1690fbd7: start FollowerState
2019-08-28 22:18:35,858 [f6c73153-780a-4b23-b246-cb985c17e814:group-568C93497CF9:LeaderElection16] INFO  impl.LeaderElection (LeaderElection.java:logAndReturn(56)) - f6c73153-780a-4b23-b246-cb985c17e814:group-568C93497CF9:LeaderElection16: Election REJECTED; received 2 response(s) [f6c73153-780a-4b23-b246-cb985c17e814<-affc808b-d81b-4a0f-bca8-432d1690fbd7#0:FAIL-t2, f6c73153-780a-4b23-b246-cb985c17e814<-4e32af64-76da-4015-b3ad-89d433cc2e7d#0:FAIL-t2] and 0 exception(s); f6c73153-780a-4b23-b246-cb985c17e814:t2, leader=null, voted=f6c73153-780a-4b23-b246-cb985c17e814, raftlog=f6c73153-780a-4b23-b246-cb985c17e814-SegmentedRaftLog:OPENED:c-1,f-1,i0, conf=-1: [affc808b-d81b-4a0f-bca8-432d1690fbd7:192.168.36.111:36225, 4e32af64-76da-4015-b3ad-89d433cc2e7d:192.168.36.111:35068, f6c73153-780a-4b23-b246-cb985c17e814:192.168.36.111:43582], old=null
2019-08-28 22:18:35,863 [f6c73153-780a-4b23-b246-cb985c17e814:group-568C93497CF9:LeaderElection16] INFO  impl.RaftServerImpl (RaftServerImpl.java:setRole(171)) - f6c73153-780a-4b23-b246-cb985c17e814:group-568C93497CF9 changes role from CANDIDATE to FOLLOWER at term 2 for DISCOVERED_A_NEW_TERM
2019-08-28 22:18:35,865 [f6c73153-780a-4b23-b246-cb985c17e814:group-568C93497CF9:LeaderElection16] INFO  impl.RoleInfo (RoleInfo.java:shutdownLeaderElection(134)) - f6c73153-780a-4b23-b246-cb985c17e814: shutdown LeaderElection
2019-08-28 22:18:35,865 [f6c73153-780a-4b23-b246-cb985c17e814:group-568C93497CF9:LeaderElection16] INFO  impl.RoleInfo (RoleInfo.java:updateAndGet(143)) - f6c73153-780a-4b23-b246-cb985c17e814: start FollowerState
2019-08-28 22:18:35,865 [4e32af64-76da-4015-b3ad-89d433cc2e7d:group-568C93497CF9:LeaderElection17] INFO  impl.LeaderElection (LeaderElection.java:logAndReturn(56)) - 4e32af64-76da-4015-b3ad-89d433cc2e7d:group-568C93497CF9:LeaderElection17: Election REJECTED; received 2 response(s) [4e32af64-76da-4015-b3ad-89d433cc2e7d<-affc808b-d81b-4a0f-bca8-432d1690fbd7#0:FAIL-t2, 4e32af64-76da-4015-b3ad-89d433cc2e7d<-f6c73153-780a-4b23-b246-cb985c17e814#0:FAIL-t2] and 0 exception(s); 4e32af64-76da-4015-b3ad-89d433cc2e7d:t2, leader=null, voted=4e32af64-76da-4015-b3ad-89d433cc2e7d, raftlog=4e32af64-76da-4015-b3ad-89d433cc2e7d-SegmentedRaftLog:OPENED:c-1,f-1,i0, conf=-1: [affc808b-d81b-4a0f-bca8-432d1690fbd7:192.168.36.111:36225, 4e32af64-76da-4015-b3ad-89d433cc2e7d:192.168.36.111:35068, f6c73153-780a-4b23-b246-cb985c17e814:192.168.36.111:43582], old=null
2019-08-28 22:18:35,865 [6ea65cec-b0cc-42dc-8080-3b19ced056c0:group-39D119B0EFE5:LeaderElection14] INFO  grpc.GrpcConfigKeys$Server (ConfUtils.java:logGet(43)) - raft.grpc.server.leader.outstanding.appends.max = 128 (default)
2019-08-28 22:18:35,871 [4e32af64-76da-4015-b3ad-89d433cc2e7d:group-568C93497CF9:LeaderElection17] INFO  impl.RaftServerImpl (RaftServerImpl.java:setRole(171)) - 4e32af64-76da-4015-b3ad-89d433cc2e7d:group-568C93497CF9 changes role from CANDIDATE to FOLLOWER at term 2 for DISCOVERED_A_NEW_TERM
2019-08-28 22:18:35,875 [6ea65cec-b0cc-42dc-8080-3b19ced056c0:group-39D119B0EFE5:LeaderElection14] INFO  server.RaftServerConfigKeys (ConfUtils.java:logGet(43)) - raft.server.rpc.request.timeout = 3000ms (default)
2019-08-28 22:18:35,875 [4e32af64-76da-4015-b3ad-89d433cc2e7d:group-568C93497CF9:LeaderElection17] INFO  impl.RoleInfo (RoleInfo.java:shutdownLeaderElection(134)) - 4e32af64-76da-4015-b3ad-89d433cc2e7d: shutdown LeaderElection
2019-08-28 22:18:35,875 [6ea65cec-b0cc-42dc-8080-3b19ced056c0:group-39D119B0EFE5:LeaderElection14] INFO  server.RaftServerConfigKeys (ConfUtils.java:logGet(43)) - raft.server.log.appender.install.snapshot.enabled = false (custom)
2019-08-28 22:18:35,875 [4e32af64-76da-4015-b3ad-89d433cc2e7d:group-568C93497CF9:LeaderElection17] INFO  impl.RoleInfo (RoleInfo.java:updateAndGet(143)) - 4e32af64-76da-4015-b3ad-89d433cc2e7d: start FollowerState
2019-08-28 22:18:35,876 [6ea65cec-b0cc-42dc-8080-3b19ced056c0:group-39D119B0EFE5:LeaderElection14] INFO  server.RaftServerConfigKeys (ConfUtils.java:logGet(43)) - raft.server.log.appender.snapshot.chunk.size.max = 16MB (=16777216) (default)
2019-08-28 22:18:35,876 [6ea65cec-b0cc-42dc-8080-3b19ced056c0:group-39D119B0EFE5:LeaderElection14] INFO  server.RaftServerConfigKeys (ConfUtils.java:logGet(43)) - raft.server.log.appender.buffer.byte-limit = 33554432 (custom)
2019-08-28 22:18:35,878 [6ea65cec-b0cc-42dc-8080-3b19ced056c0:group-39D119B0EFE5:LeaderElection14] INFO  server.RaftServerConfigKeys (ConfUtils.java:logGet(43)) - raft.server.log.appender.buffer.element-limit = 1 (custom)
2019-08-28 22:18:35,878 [grpc-default-executor-1] INFO  client.GrpcClientProtocolClient (GrpcClientProtocolClient.java:onNext(255)) - client-AFDB05DADC48->4e32af64-76da-4015-b3ad-89d433cc2e7d: receive RaftClientReply:client-AFDB05DADC48->4e32af64-76da-4015-b3ad-89d433cc2e7d@group-568C93497CF9, cid=13, FAILED org.apache.ratis.protocol.NotLeaderException: Server 4e32af64-76da-4015-b3ad-89d433cc2e7d is not the leader (null). Request must be sent to leader., logIndex=0, commits[4e32af64-76da-4015-b3ad-89d433cc2e7d:c-1]
2019-08-28 22:18:35,878 [6ea65cec-b0cc-42dc-8080-3b19ced056c0:group-39D119B0EFE5:LeaderElection14] INFO  grpc.GrpcConfigKeys$Server (ConfUtils.java:logGet(43)) - raft.grpc.server.leader.outstanding.appends.max = 128 (default)
2019-08-28 22:18:35,883 [6ea65cec-b0cc-42dc-8080-3b19ced056c0:group-39D119B0EFE5:LeaderElection14] INFO  server.RaftServerConfigKeys (ConfUtils.java:logGet(43)) - raft.server.rpc.request.timeout = 3000ms (default)
2019-08-28 22:18:35,883 [6ea65cec-b0cc-42dc-8080-3b19ced056c0:group-39D119B0EFE5:LeaderElection14] INFO  server.RaftServerConfigKeys (ConfUtils.java:logGet(43)) - raft.server.log.appender.install.snapshot.enabled = false (custom)
2019-08-28 22:18:35,887 [6ea65cec-b0cc-42dc-8080-3b19ced056c0:group-39D119B0EFE5:LeaderElection14] INFO  impl.RoleInfo (RoleInfo.java:updateAndGet(143)) - 6ea65cec-b0cc-42dc-8080-3b19ced056c0: start LeaderState
2019-08-28 22:18:35,887 [6ea65cec-b0cc-42dc-8080-3b19ced056c0:group-39D119B0EFE5:LeaderElection14] INFO  segmented.SegmentedRaftLogWorker (SegmentedRaftLogWorker.java:startLogSegment(380)) - 6ea65cec-b0cc-42dc-8080-3b19ced056c0-SegmentedRaftLogWorker:Storage Directory /workdir/hadoop-ozone/integration-test/target/test-dir/MiniOzoneClusterImpl-53b3dfef-8820-4046-84bd-1701a2883846/datanode-2/data/ratis/5d840c38-32e8-4771-bc62-39d119b0efe5: Starting segment from index:0
2019-08-28 22:18:35,888 [6ea65cec-b0cc-42dc-8080-3b19ced056c0:group-39D119B0EFE5:LeaderElection14] INFO  impl.RaftServerImpl (ServerState.java:setRaftConf(361)) - 6ea65cec-b0cc-42dc-8080-3b19ced056c0:group-39D119B0EFE5 set configuration 0: [6ea65cec-b0cc-42dc-8080-3b19ced056c0:192.168.36.111:46707, d216143f-01b4-413e-a32a-a64bf495efe0:192.168.36.111:43748, cf4fda1a-cbd6-44d3-863d-d573685ab69e:192.168.36.111:39070], old=null at 0
2019-08-28 22:18:35,948 [grpc-default-executor-1] INFO  impl.RaftServerImpl (ServerState.java:setLeader(263)) - d216143f-01b4-413e-a32a-a64bf495efe0:group-39D119B0EFE5 change Leader from null to 6ea65cec-b0cc-42dc-8080-3b19ced056c0 at term 2 for appendEntries, leader elected after 10638ms
2019-08-28 22:18:35,955 [6ea65cec-b0cc-42dc-8080-3b19ced056c0-SegmentedRaftLogWorker:Storage Directory /workdir/hadoop-ozone/integration-test/target/test-dir/MiniOzoneClusterImpl-53b3dfef-8820-4046-84bd-1701a2883846/datanode-2/data/ratis/5d840c38-32e8-4771-bc62-39d119b0efe5] INFO  segmented.SegmentedRaftLogWorker (SegmentedRaftLogWorker.java:execute(569)) - 6ea65cec-b0cc-42dc-8080-3b19ced056c0-SegmentedRaftLogWorker:Storage Directory /workdir/hadoop-ozone/integration-test/target/test-dir/MiniOzoneClusterImpl-53b3dfef-8820-4046-84bd-1701a2883846/datanode-2/data/ratis/5d840c38-32e8-4771-bc62-39d119b0efe5: created new log segment /workdir/hadoop-ozone/integration-test/target/test-dir/MiniOzoneClusterImpl-53b3dfef-8820-4046-84bd-1701a2883846/datanode-2/data/ratis/5d840c38-32e8-4771-bc62-39d119b0efe5/current/log_inprogress_0
2019-08-28 22:18:35,948 [grpc-default-executor-3] INFO  impl.RaftServerImpl (ServerState.java:setLeader(263)) - cf4fda1a-cbd6-44d3-863d-d573685ab69e:group-39D119B0EFE5 change Leader from null to 6ea65cec-b0cc-42dc-8080-3b19ced056c0 at term 2 for appendEntries, leader elected after 10637ms
2019-08-28 22:18:35,988 [grpc-default-executor-1] INFO  impl.RaftServerImpl (ServerState.java:setRaftConf(361)) - cf4fda1a-cbd6-44d3-863d-d573685ab69e:group-39D119B0EFE5 set configuration 0: [6ea65cec-b0cc-42dc-8080-3b19ced056c0:192.168.36.111:46707, d216143f-01b4-413e-a32a-a64bf495efe0:192.168.36.111:43748, cf4fda1a-cbd6-44d3-863d-d573685ab69e:192.168.36.111:39070], old=null at 0
2019-08-28 22:18:35,988 [grpc-default-executor-3] INFO  impl.RaftServerImpl (ServerState.java:setRaftConf(361)) - d216143f-01b4-413e-a32a-a64bf495efe0:group-39D119B0EFE5 set configuration 0: [6ea65cec-b0cc-42dc-8080-3b19ced056c0:192.168.36.111:46707, d216143f-01b4-413e-a32a-a64bf495efe0:192.168.36.111:43748, cf4fda1a-cbd6-44d3-863d-d573685ab69e:192.168.36.111:39070], old=null at 0
2019-08-28 22:18:35,988 [grpc-default-executor-1] INFO  segmented.SegmentedRaftLogWorker (SegmentedRaftLogWorker.java:startLogSegment(380)) - cf4fda1a-cbd6-44d3-863d-d573685ab69e-SegmentedRaftLogWorker:Storage Directory /workdir/hadoop-ozone/integration-test/target/test-dir/MiniOzoneClusterImpl-53b3dfef-8820-4046-84bd-1701a2883846/datanode-0/data/ratis/5d840c38-32e8-4771-bc62-39d119b0efe5: Starting segment from index:0
2019-08-28 22:18:35,988 [grpc-default-executor-3] INFO  segmented.SegmentedRaftLogWorker (SegmentedRaftLogWorker.java:startLogSegment(380)) - d216143f-01b4-413e-a32a-a64bf495efe0-SegmentedRaftLogWorker:Storage Directory /workdir/hadoop-ozone/integration-test/target/test-dir/MiniOzoneClusterImpl-53b3dfef-8820-4046-84bd-1701a2883846/datanode-1/data/ratis/5d840c38-32e8-4771-bc62-39d119b0efe5: Starting segment from index:0
2019-08-28 22:18:36,045 [d216143f-01b4-413e-a32a-a64bf495efe0-SegmentedRaftLogWorker:Storage Directory /workdir/hadoop-ozone/integration-test/target/test-dir/MiniOzoneClusterImpl-53b3dfef-8820-4046-84bd-1701a2883846/datanode-1/data/ratis/5d840c38-32e8-4771-bc62-39d119b0efe5] INFO  segmented.SegmentedRaftLogWorker (SegmentedRaftLogWorker.java:execute(569)) - d216143f-01b4-413e-a32a-a64bf495efe0-SegmentedRaftLogWorker:Storage Directory /workdir/hadoop-ozone/integration-test/target/test-dir/MiniOzoneClusterImpl-53b3dfef-8820-4046-84bd-1701a2883846/datanode-1/data/ratis/5d840c38-32e8-4771-bc62-39d119b0efe5: created new log segment /workdir/hadoop-ozone/integration-test/target/test-dir/MiniOzoneClusterImpl-53b3dfef-8820-4046-84bd-1701a2883846/datanode-1/data/ratis/5d840c38-32e8-4771-bc62-39d119b0efe5/current/log_inprogress_0
2019-08-28 22:18:36,045 [cf4fda1a-cbd6-44d3-863d-d573685ab69e-SegmentedRaftLogWorker:Storage Directory /workdir/hadoop-ozone/integration-test/target/test-dir/MiniOzoneClusterImpl-53b3dfef-8820-4046-84bd-1701a2883846/datanode-0/data/ratis/5d840c38-32e8-4771-bc62-39d119b0efe5] INFO  segmented.SegmentedRaftLogWorker (SegmentedRaftLogWorker.java:execute(569)) - cf4fda1a-cbd6-44d3-863d-d573685ab69e-SegmentedRaftLogWorker:Storage Directory /workdir/hadoop-ozone/integration-test/target/test-dir/MiniOzoneClusterImpl-53b3dfef-8820-4046-84bd-1701a2883846/datanode-0/data/ratis/5d840c38-32e8-4771-bc62-39d119b0efe5: created new log segment /workdir/hadoop-ozone/integration-test/target/test-dir/MiniOzoneClusterImpl-53b3dfef-8820-4046-84bd-1701a2883846/datanode-0/data/ratis/5d840c38-32e8-4771-bc62-39d119b0efe5/current/log_inprogress_0
2019-08-28 22:18:36,386 | INFO  | SCMAudit | user=jenkins1000 | ip=192.168.36.111 | op=SEND_HEARTBEAT {datanodeUUID=4e32af64-76da-4015-b3ad-89d433cc2e7d, command=[]} | ret=SUCCESS |  
2019-08-28 22:18:36,430 | INFO  | SCMAudit | user=jenkins1000 | ip=192.168.36.111 | op=SEND_HEARTBEAT {datanodeUUID=cf4fda1a-cbd6-44d3-863d-d573685ab69e, command=[]} | ret=SUCCESS |  
2019-08-28 22:18:36,501 | INFO  | SCMAudit | user=jenkins1000 | ip=192.168.36.111 | op=SEND_HEARTBEAT {datanodeUUID=d216143f-01b4-413e-a32a-a64bf495efe0, command=[]} | ret=SUCCESS |  
2019-08-28 22:18:36,586 | INFO  | SCMAudit | user=jenkins1000 | ip=192.168.36.111 | op=SEND_HEARTBEAT {datanodeUUID=6ea65cec-b0cc-42dc-8080-3b19ced056c0, command=[]} | ret=SUCCESS |  
2019-08-28 22:18:36,658 | INFO  | SCMAudit | user=jenkins1000 | ip=192.168.36.111 | op=SEND_HEARTBEAT {datanodeUUID=f6c73153-780a-4b23-b246-cb985c17e814, command=[]} | ret=SUCCESS |  
2019-08-28 22:18:36,733 | INFO  | SCMAudit | user=jenkins1000 | ip=192.168.36.111 | op=SEND_HEARTBEAT {datanodeUUID=affc808b-d81b-4a0f-bca8-432d1690fbd7, command=[]} | ret=SUCCESS |  
2019-08-28 22:18:36,804 | INFO  | SCMAudit | user=jenkins1000 | ip=192.168.36.111 | op=SEND_HEARTBEAT {datanodeUUID=d7d32888-ebc1-46a2-947e-41b56036304e, command=[]} | ret=SUCCESS |  
2019-08-28 22:18:36,901 [grpc-default-executor-3] INFO  client.GrpcClientProtocolClient (GrpcClientProtocolClient.java:onNext(255)) - client-AFDB05DADC48->affc808b-d81b-4a0f-bca8-432d1690fbd7: receive RaftClientReply:client-AFDB05DADC48->affc808b-d81b-4a0f-bca8-432d1690fbd7@group-568C93497CF9, cid=13, FAILED org.apache.ratis.protocol.NotLeaderException: Server affc808b-d81b-4a0f-bca8-432d1690fbd7 is not the leader (null). Request must be sent to leader., logIndex=0, commits[affc808b-d81b-4a0f-bca8-432d1690fbd7:c-1]
2019-08-28 22:18:37,386 | INFO  | SCMAudit | user=jenkins1000 | ip=192.168.36.111 | op=SEND_HEARTBEAT {datanodeUUID=4e32af64-76da-4015-b3ad-89d433cc2e7d, command=[]} | ret=SUCCESS |  
2019-08-28 22:18:37,429 | INFO  | SCMAudit | user=jenkins1000 | ip=192.168.36.111 | op=SEND_HEARTBEAT {datanodeUUID=cf4fda1a-cbd6-44d3-863d-d573685ab69e, command=[]} | ret=SUCCESS |  
2019-08-28 22:18:37,501 | INFO  | SCMAudit | user=jenkins1000 | ip=192.168.36.111 | op=SEND_HEARTBEAT {datanodeUUID=d216143f-01b4-413e-a32a-a64bf495efe0, command=[]} | ret=SUCCESS |  
2019-08-28 22:18:37,586 | INFO  | SCMAudit | user=jenkins1000 | ip=192.168.36.111 | op=SEND_HEARTBEAT {datanodeUUID=6ea65cec-b0cc-42dc-8080-3b19ced056c0, command=[]} | ret=SUCCESS |  
2019-08-28 22:18:37,658 | INFO  | SCMAudit | user=jenkins1000 | ip=192.168.36.111 | op=SEND_HEARTBEAT {datanodeUUID=f6c73153-780a-4b23-b246-cb985c17e814, command=[]} | ret=SUCCESS |  
2019-08-28 22:18:37,733 | INFO  | SCMAudit | user=jenkins1000 | ip=192.168.36.111 | op=SEND_HEARTBEAT {datanodeUUID=affc808b-d81b-4a0f-bca8-432d1690fbd7, command=[]} | ret=SUCCESS |  
2019-08-28 22:18:37,805 | INFO  | SCMAudit | user=jenkins1000 | ip=192.168.36.111 | op=SEND_HEARTBEAT {datanodeUUID=d7d32888-ebc1-46a2-947e-41b56036304e, command=[]} | ret=SUCCESS |  
2019-08-28 22:18:37,928 [grpc-default-executor-1] INFO  client.GrpcClientProtocolClient (GrpcClientProtocolClient.java:onNext(255)) - client-AFDB05DADC48->f6c73153-780a-4b23-b246-cb985c17e814: receive RaftClientReply:client-AFDB05DADC48->f6c73153-780a-4b23-b246-cb985c17e814@group-568C93497CF9, cid=13, FAILED org.apache.ratis.protocol.NotLeaderException: Server f6c73153-780a-4b23-b246-cb985c17e814 is not the leader (null). Request must be sent to leader., logIndex=0, commits[f6c73153-780a-4b23-b246-cb985c17e814:c-1]
2019-08-28 22:18:38,386 | INFO  | SCMAudit | user=jenkins1000 | ip=192.168.36.111 | op=SEND_HEARTBEAT {datanodeUUID=4e32af64-76da-4015-b3ad-89d433cc2e7d, command=[]} | ret=SUCCESS |  
2019-08-28 22:18:38,430 | INFO  | SCMAudit | user=jenkins1000 | ip=192.168.36.111 | op=SEND_HEARTBEAT {datanodeUUID=cf4fda1a-cbd6-44d3-863d-d573685ab69e, command=[]} | ret=SUCCESS |  
2019-08-28 22:18:38,501 | INFO  | SCMAudit | user=jenkins1000 | ip=192.168.36.111 | op=SEND_HEARTBEAT {datanodeUUID=d216143f-01b4-413e-a32a-a64bf495efe0, command=[]} | ret=SUCCESS |  
2019-08-28 22:18:38,587 | INFO  | SCMAudit | user=jenkins1000 | ip=192.168.36.111 | op=SEND_HEARTBEAT {datanodeUUID=6ea65cec-b0cc-42dc-8080-3b19ced056c0, command=[]} | ret=SUCCESS |  
2019-08-28 22:18:38,658 | INFO  | SCMAudit | user=jenkins1000 | ip=192.168.36.111 | op=SEND_HEARTBEAT {datanodeUUID=f6c73153-780a-4b23-b246-cb985c17e814, command=[]} | ret=SUCCESS |  
2019-08-28 22:18:38,734 | INFO  | SCMAudit | user=jenkins1000 | ip=192.168.36.111 | op=SEND_HEARTBEAT {datanodeUUID=affc808b-d81b-4a0f-bca8-432d1690fbd7, command=[]} | ret=SUCCESS |  
2019-08-28 22:18:38,804 | INFO  | SCMAudit | user=jenkins1000 | ip=192.168.36.111 | op=SEND_HEARTBEAT {datanodeUUID=d7d32888-ebc1-46a2-947e-41b56036304e, command=[]} | ret=SUCCESS |  
2019-08-28 22:18:38,957 [grpc-default-executor-3] INFO  client.GrpcClientProtocolClient (GrpcClientProtocolClient.java:onNext(255)) - client-AFDB05DADC48->affc808b-d81b-4a0f-bca8-432d1690fbd7: receive RaftClientReply:client-AFDB05DADC48->affc808b-d81b-4a0f-bca8-432d1690fbd7@group-568C93497CF9, cid=13, FAILED org.apache.ratis.protocol.NotLeaderException: Server affc808b-d81b-4a0f-bca8-432d1690fbd7 is not the leader (null). Request must be sent to leader., logIndex=0, commits[affc808b-d81b-4a0f-bca8-432d1690fbd7:c-1]
2019-08-28 22:18:39,387 | INFO  | SCMAudit | user=jenkins1000 | ip=192.168.36.111 | op=SEND_HEARTBEAT {datanodeUUID=4e32af64-76da-4015-b3ad-89d433cc2e7d, command=[]} | ret=SUCCESS |  
2019-08-28 22:18:39,429 | INFO  | SCMAudit | user=jenkins1000 | ip=192.168.36.111 | op=SEND_HEARTBEAT {datanodeUUID=cf4fda1a-cbd6-44d3-863d-d573685ab69e, command=[]} | ret=SUCCESS |  
2019-08-28 22:18:39,501 | INFO  | SCMAudit | user=jenkins1000 | ip=192.168.36.111 | op=SEND_HEARTBEAT {datanodeUUID=d216143f-01b4-413e-a32a-a64bf495efe0, command=[]} | ret=SUCCESS |  
2019-08-28 22:18:39,587 | INFO  | SCMAudit | user=jenkins1000 | ip=192.168.36.111 | op=SEND_HEARTBEAT {datanodeUUID=6ea65cec-b0cc-42dc-8080-3b19ced056c0, command=[]} | ret=SUCCESS |  
2019-08-28 22:18:39,658 | INFO  | SCMAudit | user=jenkins1000 | ip=192.168.36.111 | op=SEND_HEARTBEAT {datanodeUUID=f6c73153-780a-4b23-b246-cb985c17e814, command=[]} | ret=SUCCESS |  
2019-08-28 22:18:39,733 | INFO  | SCMAudit | user=jenkins1000 | ip=192.168.36.111 | op=SEND_HEARTBEAT {datanodeUUID=affc808b-d81b-4a0f-bca8-432d1690fbd7, command=[]} | ret=SUCCESS |  
2019-08-28 22:18:39,804 | INFO  | SCMAudit | user=jenkins1000 | ip=192.168.36.111 | op=SEND_HEARTBEAT {datanodeUUID=d7d32888-ebc1-46a2-947e-41b56036304e, command=[]} | ret=SUCCESS |  
2019-08-28 22:18:39,981 [grpc-default-executor-1] INFO  client.GrpcClientProtocolClient (GrpcClientProtocolClient.java:onNext(255)) - client-AFDB05DADC48->4e32af64-76da-4015-b3ad-89d433cc2e7d: receive RaftClientReply:client-AFDB05DADC48->4e32af64-76da-4015-b3ad-89d433cc2e7d@group-568C93497CF9, cid=13, FAILED org.apache.ratis.protocol.NotLeaderException: Server 4e32af64-76da-4015-b3ad-89d433cc2e7d is not the leader (null). Request must be sent to leader., logIndex=0, commits[4e32af64-76da-4015-b3ad-89d433cc2e7d:c-1]
2019-08-28 22:18:40,387 | INFO  | SCMAudit | user=jenkins1000 | ip=192.168.36.111 | op=SEND_HEARTBEAT {datanodeUUID=4e32af64-76da-4015-b3ad-89d433cc2e7d, command=[]} | ret=SUCCESS |  
2019-08-28 22:18:40,430 | INFO  | SCMAudit | user=jenkins1000 | ip=192.168.36.111 | op=SEND_HEARTBEAT {datanodeUUID=cf4fda1a-cbd6-44d3-863d-d573685ab69e, command=[]} | ret=SUCCESS |  
2019-08-28 22:18:40,502 | INFO  | SCMAudit | user=jenkins1000 | ip=192.168.36.111 | op=SEND_HEARTBEAT {datanodeUUID=d216143f-01b4-413e-a32a-a64bf495efe0, command=[]} | ret=SUCCESS |  
2019-08-28 22:18:40,587 | INFO  | SCMAudit | user=jenkins1000 | ip=192.168.36.111 | op=SEND_HEARTBEAT {datanodeUUID=6ea65cec-b0cc-42dc-8080-3b19ced056c0, command=[]} | ret=SUCCESS |  
2019-08-28 22:18:40,660 | INFO  | SCMAudit | user=jenkins1000 | ip=192.168.36.111 | op=SEND_HEARTBEAT {datanodeUUID=f6c73153-780a-4b23-b246-cb985c17e814, command=[]} | ret=SUCCESS |  
2019-08-28 22:18:40,733 | INFO  | SCMAudit | user=jenkins1000 | ip=192.168.36.111 | op=SEND_HEARTBEAT {datanodeUUID=affc808b-d81b-4a0f-bca8-432d1690fbd7, command=[]} | ret=SUCCESS |  
2019-08-28 22:18:40,804 | INFO  | SCMAudit | user=jenkins1000 | ip=192.168.36.111 | op=SEND_HEARTBEAT {datanodeUUID=d7d32888-ebc1-46a2-947e-41b56036304e, command=[]} | ret=SUCCESS |  
2019-08-28 22:18:40,907 [Thread-366] INFO  impl.FollowerState (FollowerState.java:run(106)) - f6c73153-780a-4b23-b246-cb985c17e814:group-568C93497CF9 changes to CANDIDATE, lastRpcTime:5042, electionTimeout:5036ms
2019-08-28 22:18:40,908 [Thread-366] INFO  impl.RoleInfo (RoleInfo.java:shutdownFollowerState(121)) - f6c73153-780a-4b23-b246-cb985c17e814: shutdown FollowerState
2019-08-28 22:18:40,908 [Thread-366] INFO  impl.RaftServerImpl (RaftServerImpl.java:setRole(171)) - f6c73153-780a-4b23-b246-cb985c17e814:group-568C93497CF9 changes role from FOLLOWER to CANDIDATE at term 2 for changeToCandidate
2019-08-28 22:18:40,908 [Thread-366] INFO  impl.RoleInfo (RoleInfo.java:updateAndGet(143)) - f6c73153-780a-4b23-b246-cb985c17e814: start LeaderElection
2019-08-28 22:18:40,950 [Thread-367] INFO  impl.FollowerState (FollowerState.java:run(106)) - 4e32af64-76da-4015-b3ad-89d433cc2e7d:group-568C93497CF9 changes to CANDIDATE, lastRpcTime:5074, electionTimeout:5072ms
2019-08-28 22:18:40,950 [Thread-367] INFO  impl.RoleInfo (RoleInfo.java:shutdownFollowerState(121)) - 4e32af64-76da-4015-b3ad-89d433cc2e7d: shutdown FollowerState
2019-08-28 22:18:40,950 [Thread-367] INFO  impl.RaftServerImpl (RaftServerImpl.java:setRole(171)) - 4e32af64-76da-4015-b3ad-89d433cc2e7d:group-568C93497CF9 changes role from FOLLOWER to CANDIDATE at term 2 for changeToCandidate
2019-08-28 22:18:40,951 [Thread-367] INFO  impl.RoleInfo (RoleInfo.java:updateAndGet(143)) - 4e32af64-76da-4015-b3ad-89d433cc2e7d: start LeaderElection
2019-08-28 22:18:40,956 [Thread-363] INFO  impl.FollowerState (FollowerState.java:run(106)) - affc808b-d81b-4a0f-bca8-432d1690fbd7:group-568C93497CF9 changes to CANDIDATE, lastRpcTime:5097, electionTimeout:5093ms
2019-08-28 22:18:40,956 [Thread-363] INFO  impl.RoleInfo (RoleInfo.java:shutdownFollowerState(121)) - affc808b-d81b-4a0f-bca8-432d1690fbd7: shutdown FollowerState
2019-08-28 22:18:40,956 [Thread-363] INFO  impl.RaftServerImpl (RaftServerImpl.java:setRole(171)) - affc808b-d81b-4a0f-bca8-432d1690fbd7:group-568C93497CF9 changes role from FOLLOWER to CANDIDATE at term 2 for changeToCandidate
2019-08-28 22:18:40,956 [Thread-363] INFO  impl.RoleInfo (RoleInfo.java:updateAndGet(143)) - affc808b-d81b-4a0f-bca8-432d1690fbd7: start LeaderElection
2019-08-28 22:18:40,969 [f6c73153-780a-4b23-b246-cb985c17e814:group-568C93497CF9:LeaderElection18] INFO  impl.LeaderElection (LeaderElection.java:askForVotes(181)) - f6c73153-780a-4b23-b246-cb985c17e814:group-568C93497CF9:LeaderElection18: begin an election at term 3 for -1: [affc808b-d81b-4a0f-bca8-432d1690fbd7:192.168.36.111:36225, 4e32af64-76da-4015-b3ad-89d433cc2e7d:192.168.36.111:35068, f6c73153-780a-4b23-b246-cb985c17e814:192.168.36.111:43582], old=null
2019-08-28 22:18:40,969 [4e32af64-76da-4015-b3ad-89d433cc2e7d:group-568C93497CF9:LeaderElection19] INFO  impl.LeaderElection (LeaderElection.java:askForVotes(181)) - 4e32af64-76da-4015-b3ad-89d433cc2e7d:group-568C93497CF9:LeaderElection19: begin an election at term 3 for -1: [affc808b-d81b-4a0f-bca8-432d1690fbd7:192.168.36.111:36225, 4e32af64-76da-4015-b3ad-89d433cc2e7d:192.168.36.111:35068, f6c73153-780a-4b23-b246-cb985c17e814:192.168.36.111:43582], old=null
2019-08-28 22:18:41,004 [affc808b-d81b-4a0f-bca8-432d1690fbd7:group-568C93497CF9:LeaderElection20] INFO  impl.LeaderElection (LeaderElection.java:askForVotes(181)) - affc808b-d81b-4a0f-bca8-432d1690fbd7:group-568C93497CF9:LeaderElection20: begin an election at term 3 for -1: [affc808b-d81b-4a0f-bca8-432d1690fbd7:192.168.36.111:36225, 4e32af64-76da-4015-b3ad-89d433cc2e7d:192.168.36.111:35068, f6c73153-780a-4b23-b246-cb985c17e814:192.168.36.111:43582], old=null
2019-08-28 22:18:41,007 [f6c73153-780a-4b23-b246-cb985c17e814:group-568C93497CF9:LeaderElection18] INFO  impl.LeaderElection (LeaderElection.java:logAndReturn(56)) - f6c73153-780a-4b23-b246-cb985c17e814:group-568C93497CF9:LeaderElection18: Election REJECTED; received 2 response(s) [f6c73153-780a-4b23-b246-cb985c17e814<-4e32af64-76da-4015-b3ad-89d433cc2e7d#0:FAIL-t3, f6c73153-780a-4b23-b246-cb985c17e814<-affc808b-d81b-4a0f-bca8-432d1690fbd7#0:FAIL-t3] and 0 exception(s); f6c73153-780a-4b23-b246-cb985c17e814:t3, leader=null, voted=f6c73153-780a-4b23-b246-cb985c17e814, raftlog=f6c73153-780a-4b23-b246-cb985c17e814-SegmentedRaftLog:OPENED:c-1,f-1,i0, conf=-1: [affc808b-d81b-4a0f-bca8-432d1690fbd7:192.168.36.111:36225, 4e32af64-76da-4015-b3ad-89d433cc2e7d:192.168.36.111:35068, f6c73153-780a-4b23-b246-cb985c17e814:192.168.36.111:43582], old=null
2019-08-28 22:18:41,007 [f6c73153-780a-4b23-b246-cb985c17e814:group-568C93497CF9:LeaderElection18] INFO  impl.RaftServerImpl (RaftServerImpl.java:setRole(171)) - f6c73153-780a-4b23-b246-cb985c17e814:group-568C93497CF9 changes role from CANDIDATE to FOLLOWER at term 3 for DISCOVERED_A_NEW_TERM
2019-08-28 22:18:41,011 [f6c73153-780a-4b23-b246-cb985c17e814:group-568C93497CF9:LeaderElection18] INFO  impl.RoleInfo (RoleInfo.java:shutdownLeaderElection(134)) - f6c73153-780a-4b23-b246-cb985c17e814: shutdown LeaderElection
2019-08-28 22:18:41,011 [f6c73153-780a-4b23-b246-cb985c17e814:group-568C93497CF9:LeaderElection18] INFO  impl.RoleInfo (RoleInfo.java:updateAndGet(143)) - f6c73153-780a-4b23-b246-cb985c17e814: start FollowerState
2019-08-28 22:18:41,011 [4e32af64-76da-4015-b3ad-89d433cc2e7d:group-568C93497CF9:LeaderElection19] INFO  impl.LeaderElection (LeaderElection.java:logAndReturn(56)) - 4e32af64-76da-4015-b3ad-89d433cc2e7d:group-568C93497CF9:LeaderElection19: Election REJECTED; received 2 response(s) [4e32af64-76da-4015-b3ad-89d433cc2e7d<-affc808b-d81b-4a0f-bca8-432d1690fbd7#0:FAIL-t3, 4e32af64-76da-4015-b3ad-89d433cc2e7d<-f6c73153-780a-4b23-b246-cb985c17e814#0:FAIL-t3] and 0 exception(s); 4e32af64-76da-4015-b3ad-89d433cc2e7d:t3, leader=null, voted=4e32af64-76da-4015-b3ad-89d433cc2e7d, raftlog=4e32af64-76da-4015-b3ad-89d433cc2e7d-SegmentedRaftLog:OPENED:c-1,f-1,i0, conf=-1: [affc808b-d81b-4a0f-bca8-432d1690fbd7:192.168.36.111:36225, 4e32af64-76da-4015-b3ad-89d433cc2e7d:192.168.36.111:35068, f6c73153-780a-4b23-b246-cb985c17e814:192.168.36.111:43582], old=null
2019-08-28 22:18:41,014 [4e32af64-76da-4015-b3ad-89d433cc2e7d:group-568C93497CF9:LeaderElection19] INFO  impl.RaftServerImpl (RaftServerImpl.java:setRole(171)) - 4e32af64-76da-4015-b3ad-89d433cc2e7d:group-568C93497CF9 changes role from CANDIDATE to FOLLOWER at term 3 for DISCOVERED_A_NEW_TERM
2019-08-28 22:18:41,016 [4e32af64-76da-4015-b3ad-89d433cc2e7d:group-568C93497CF9:LeaderElection19] INFO  impl.RoleInfo (RoleInfo.java:shutdownLeaderElection(134)) - 4e32af64-76da-4015-b3ad-89d433cc2e7d: shutdown LeaderElection
2019-08-28 22:18:41,016 [4e32af64-76da-4015-b3ad-89d433cc2e7d:group-568C93497CF9:LeaderElection19] INFO  impl.RoleInfo (RoleInfo.java:updateAndGet(143)) - 4e32af64-76da-4015-b3ad-89d433cc2e7d: start FollowerState
2019-08-28 22:18:41,024 [affc808b-d81b-4a0f-bca8-432d1690fbd7:group-568C93497CF9:LeaderElection20] INFO  impl.LeaderElection (LeaderElection.java:logAndReturn(56)) - affc808b-d81b-4a0f-bca8-432d1690fbd7:group-568C93497CF9:LeaderElection20: Election REJECTED; received 2 response(s) [affc808b-d81b-4a0f-bca8-432d1690fbd7<-4e32af64-76da-4015-b3ad-89d433cc2e7d#0:FAIL-t3, affc808b-d81b-4a0f-bca8-432d1690fbd7<-f6c73153-780a-4b23-b246-cb985c17e814#0:FAIL-t3] and 0 exception(s); affc808b-d81b-4a0f-bca8-432d1690fbd7:t3, leader=null, voted=affc808b-d81b-4a0f-bca8-432d1690fbd7, raftlog=affc808b-d81b-4a0f-bca8-432d1690fbd7-SegmentedRaftLog:OPENED:c-1,f-1,i0, conf=-1: [affc808b-d81b-4a0f-bca8-432d1690fbd7:192.168.36.111:36225, 4e32af64-76da-4015-b3ad-89d433cc2e7d:192.168.36.111:35068, f6c73153-780a-4b23-b246-cb985c17e814:192.168.36.111:43582], old=null
2019-08-28 22:18:41,026 [affc808b-d81b-4a0f-bca8-432d1690fbd7:group-568C93497CF9:LeaderElection20] INFO  impl.RaftServerImpl (RaftServerImpl.java:setRole(171)) - affc808b-d81b-4a0f-bca8-432d1690fbd7:group-568C93497CF9 changes role from CANDIDATE to FOLLOWER at term 3 for DISCOVERED_A_NEW_TERM
2019-08-28 22:18:41,033 [affc808b-d81b-4a0f-bca8-432d1690fbd7:group-568C93497CF9:LeaderElection20] INFO  impl.RoleInfo (RoleInfo.java:shutdownLeaderElection(134)) - affc808b-d81b-4a0f-bca8-432d1690fbd7: shutdown LeaderElection
2019-08-28 22:18:41,033 [grpc-default-executor-1] INFO  client.GrpcClientProtocolClient (GrpcClientProtocolClient.java:onNext(255)) - client-AFDB05DADC48->f6c73153-780a-4b23-b246-cb985c17e814: receive RaftClientReply:client-AFDB05DADC48->f6c73153-780a-4b23-b246-cb985c17e814@group-568C93497CF9, cid=13, FAILED org.apache.ratis.protocol.NotLeaderException: Server f6c73153-780a-4b23-b246-cb985c17e814 is not the leader (null). Request must be sent to leader., logIndex=0, commits[f6c73153-780a-4b23-b246-cb985c17e814:c-1]
2019-08-28 22:18:41,034 [affc808b-d81b-4a0f-bca8-432d1690fbd7:group-568C93497CF9:LeaderElection20] INFO  impl.RoleInfo (RoleInfo.java:updateAndGet(143)) - affc808b-d81b-4a0f-bca8-432d1690fbd7: start FollowerState
2019-08-28 22:18:41,387 | INFO  | SCMAudit | user=jenkins1000 | ip=192.168.36.111 | op=SEND_HEARTBEAT {datanodeUUID=4e32af64-76da-4015-b3ad-89d433cc2e7d, command=[]} | ret=SUCCESS |  
2019-08-28 22:18:41,430 | INFO  | SCMAudit | user=jenkins1000 | ip=192.168.36.111 | op=SEND_HEARTBEAT {datanodeUUID=cf4fda1a-cbd6-44d3-863d-d573685ab69e, command=[]} | ret=SUCCESS |  
2019-08-28 22:18:41,501 | INFO  | SCMAudit | user=jenkins1000 | ip=192.168.36.111 | op=SEND_HEARTBEAT {datanodeUUID=d216143f-01b4-413e-a32a-a64bf495efe0, command=[]} | ret=SUCCESS |  
2019-08-28 22:18:41,587 | INFO  | SCMAudit | user=jenkins1000 | ip=192.168.36.111 | op=SEND_HEARTBEAT {datanodeUUID=6ea65cec-b0cc-42dc-8080-3b19ced056c0, command=[]} | ret=SUCCESS |  
2019-08-28 22:18:41,659 | INFO  | SCMAudit | user=jenkins1000 | ip=192.168.36.111 | op=SEND_HEARTBEAT {datanodeUUID=f6c73153-780a-4b23-b246-cb985c17e814, command=[]} | ret=SUCCESS |  
2019-08-28 22:18:41,734 | INFO  | SCMAudit | user=jenkins1000 | ip=192.168.36.111 | op=SEND_HEARTBEAT {datanodeUUID=affc808b-d81b-4a0f-bca8-432d1690fbd7, command=[]} | ret=SUCCESS |  
2019-08-28 22:18:41,804 | INFO  | SCMAudit | user=jenkins1000 | ip=192.168.36.111 | op=SEND_HEARTBEAT {datanodeUUID=d7d32888-ebc1-46a2-947e-41b56036304e, command=[]} | ret=SUCCESS |  
2019-08-28 22:18:42,055 [grpc-default-executor-1] INFO  client.GrpcClientProtocolClient (GrpcClientProtocolClient.java:onNext(255)) - client-AFDB05DADC48->4e32af64-76da-4015-b3ad-89d433cc2e7d: receive RaftClientReply:client-AFDB05DADC48->4e32af64-76da-4015-b3ad-89d433cc2e7d@group-568C93497CF9, cid=13, FAILED org.apache.ratis.protocol.NotLeaderException: Server 4e32af64-76da-4015-b3ad-89d433cc2e7d is not the leader (null). Request must be sent to leader., logIndex=0, commits[4e32af64-76da-4015-b3ad-89d433cc2e7d:c-1]
2019-08-28 22:18:42,386 | INFO  | SCMAudit | user=jenkins1000 | ip=192.168.36.111 | op=SEND_HEARTBEAT {datanodeUUID=4e32af64-76da-4015-b3ad-89d433cc2e7d, command=[]} | ret=SUCCESS |  
2019-08-28 22:18:42,430 | INFO  | SCMAudit | user=jenkins1000 | ip=192.168.36.111 | op=SEND_HEARTBEAT {datanodeUUID=cf4fda1a-cbd6-44d3-863d-d573685ab69e, command=[]} | ret=SUCCESS |  
2019-08-28 22:18:42,502 | INFO  | SCMAudit | user=jenkins1000 | ip=192.168.36.111 | op=SEND_HEARTBEAT {datanodeUUID=d216143f-01b4-413e-a32a-a64bf495efe0, command=[]} | ret=SUCCESS |  
2019-08-28 22:18:42,587 | INFO  | SCMAudit | user=jenkins1000 | ip=192.168.36.111 | op=SEND_HEARTBEAT {datanodeUUID=6ea65cec-b0cc-42dc-8080-3b19ced056c0, command=[]} | ret=SUCCESS |  
2019-08-28 22:18:42,659 | INFO  | SCMAudit | user=jenkins1000 | ip=192.168.36.111 | op=SEND_HEARTBEAT {datanodeUUID=f6c73153-780a-4b23-b246-cb985c17e814, command=[]} | ret=SUCCESS |  
2019-08-28 22:18:42,733 | INFO  | SCMAudit | user=jenkins1000 | ip=192.168.36.111 | op=SEND_HEARTBEAT {datanodeUUID=affc808b-d81b-4a0f-bca8-432d1690fbd7, command=[]} | ret=SUCCESS |  
2019-08-28 22:18:42,804 | INFO  | SCMAudit | user=jenkins1000 | ip=192.168.36.111 | op=SEND_HEARTBEAT {datanodeUUID=d7d32888-ebc1-46a2-947e-41b56036304e, command=[]} | ret=SUCCESS |  
2019-08-28 22:18:43,077 [grpc-default-executor-3] INFO  client.GrpcClientProtocolClient (GrpcClientProtocolClient.java:onNext(255)) - client-AFDB05DADC48->affc808b-d81b-4a0f-bca8-432d1690fbd7: receive RaftClientReply:client-AFDB05DADC48->affc808b-d81b-4a0f-bca8-432d1690fbd7@group-568C93497CF9, cid=13, FAILED org.apache.ratis.protocol.NotLeaderException: Server affc808b-d81b-4a0f-bca8-432d1690fbd7 is not the leader (null). Request must be sent to leader., logIndex=0, commits[affc808b-d81b-4a0f-bca8-432d1690fbd7:c-1]
2019-08-28 22:18:43,387 | INFO  | SCMAudit | user=jenkins1000 | ip=192.168.36.111 | op=SEND_HEARTBEAT {datanodeUUID=4e32af64-76da-4015-b3ad-89d433cc2e7d, command=[]} | ret=SUCCESS |  
2019-08-28 22:18:43,431 | INFO  | SCMAudit | user=jenkins1000 | ip=192.168.36.111 | op=SEND_HEARTBEAT {datanodeUUID=cf4fda1a-cbd6-44d3-863d-d573685ab69e, command=[]} | ret=SUCCESS |  
2019-08-28 22:18:43,503 | INFO  | SCMAudit | user=jenkins1000 | ip=192.168.36.111 | op=SEND_HEARTBEAT {datanodeUUID=d216143f-01b4-413e-a32a-a64bf495efe0, command=[]} | ret=SUCCESS |  
2019-08-28 22:18:43,588 | INFO  | SCMAudit | user=jenkins1000 | ip=192.168.36.111 | op=SEND_HEARTBEAT {datanodeUUID=6ea65cec-b0cc-42dc-8080-3b19ced056c0, command=[]} | ret=SUCCESS |  
2019-08-28 22:18:43,661 | INFO  | SCMAudit | user=jenkins1000 | ip=192.168.36.111 | op=SEND_HEARTBEAT {datanodeUUID=f6c73153-780a-4b23-b246-cb985c17e814, command=[]} | ret=SUCCESS |  
2019-08-28 22:18:43,733 | INFO  | SCMAudit | user=jenkins1000 | ip=192.168.36.111 | op=SEND_HEARTBEAT {datanodeUUID=affc808b-d81b-4a0f-bca8-432d1690fbd7, command=[]} | ret=SUCCESS |  
2019-08-28 22:18:43,804 | INFO  | SCMAudit | user=jenkins1000 | ip=192.168.36.111 | op=SEND_HEARTBEAT {datanodeUUID=d7d32888-ebc1-46a2-947e-41b56036304e, command=[]} | ret=SUCCESS |  
2019-08-28 22:18:44,102 [grpc-default-executor-1] INFO  client.GrpcClientProtocolClient (GrpcClientProtocolClient.java:onNext(255)) - client-AFDB05DADC48->f6c73153-780a-4b23-b246-cb985c17e814: receive RaftClientReply:client-AFDB05DADC48->f6c73153-780a-4b23-b246-cb985c17e814@group-568C93497CF9, cid=13, FAILED org.apache.ratis.protocol.NotLeaderException: Server f6c73153-780a-4b23-b246-cb985c17e814 is not the leader (null). Request must be sent to leader., logIndex=0, commits[f6c73153-780a-4b23-b246-cb985c17e814:c-1]
2019-08-28 22:18:44,387 | INFO  | SCMAudit | user=jenkins1000 | ip=192.168.36.111 | op=SEND_HEARTBEAT {datanodeUUID=4e32af64-76da-4015-b3ad-89d433cc2e7d, command=[]} | ret=SUCCESS |  
2019-08-28 22:18:44,430 | INFO  | SCMAudit | user=jenkins1000 | ip=192.168.36.111 | op=SEND_HEARTBEAT {datanodeUUID=cf4fda1a-cbd6-44d3-863d-d573685ab69e, command=[]} | ret=SUCCESS |  
2019-08-28 22:18:44,502 | INFO  | SCMAudit | user=jenkins1000 | ip=192.168.36.111 | op=SEND_HEARTBEAT {datanodeUUID=d216143f-01b4-413e-a32a-a64bf495efe0, command=[]} | ret=SUCCESS |  
2019-08-28 22:18:44,588 | INFO  | SCMAudit | user=jenkins1000 | ip=192.168.36.111 | op=SEND_HEARTBEAT {datanodeUUID=6ea65cec-b0cc-42dc-8080-3b19ced056c0, command=[]} | ret=SUCCESS |  
2019-08-28 22:18:44,661 | INFO  | SCMAudit | user=jenkins1000 | ip=192.168.36.111 | op=SEND_HEARTBEAT {datanodeUUID=f6c73153-780a-4b23-b246-cb985c17e814, command=[]} | ret=SUCCESS |  
2019-08-28 22:18:44,733 | INFO  | SCMAudit | user=jenkins1000 | ip=192.168.36.111 | op=SEND_HEARTBEAT {datanodeUUID=affc808b-d81b-4a0f-bca8-432d1690fbd7, command=[]} | ret=SUCCESS |  
2019-08-28 22:18:44,804 | INFO  | SCMAudit | user=jenkins1000 | ip=192.168.36.111 | op=SEND_HEARTBEAT {datanodeUUID=d7d32888-ebc1-46a2-947e-41b56036304e, command=[]} | ret=SUCCESS |  
2019-08-28 22:18:45,123 [grpc-default-executor-3] INFO  client.GrpcClientProtocolClient (GrpcClientProtocolClient.java:onNext(255)) - client-AFDB05DADC48->affc808b-d81b-4a0f-bca8-432d1690fbd7: receive RaftClientReply:client-AFDB05DADC48->affc808b-d81b-4a0f-bca8-432d1690fbd7@group-568C93497CF9, cid=13, FAILED org.apache.ratis.protocol.NotLeaderException: Server affc808b-d81b-4a0f-bca8-432d1690fbd7 is not the leader (null). Request must be sent to leader., logIndex=0, commits[affc808b-d81b-4a0f-bca8-432d1690fbd7:c-1]
2019-08-28 22:18:45,386 | INFO  | SCMAudit | user=jenkins1000 | ip=192.168.36.111 | op=SEND_HEARTBEAT {datanodeUUID=4e32af64-76da-4015-b3ad-89d433cc2e7d, command=[]} | ret=SUCCESS |  
2019-08-28 22:18:45,430 | INFO  | SCMAudit | user=jenkins1000 | ip=192.168.36.111 | op=SEND_HEARTBEAT {datanodeUUID=cf4fda1a-cbd6-44d3-863d-d573685ab69e, command=[]} | ret=SUCCESS |  
2019-08-28 22:18:45,502 | INFO  | SCMAudit | user=jenkins1000 | ip=192.168.36.111 | op=SEND_HEARTBEAT {datanodeUUID=d216143f-01b4-413e-a32a-a64bf495efe0, command=[]} | ret=SUCCESS |  
2019-08-28 22:18:45,588 | INFO  | SCMAudit | user=jenkins1000 | ip=192.168.36.111 | op=SEND_HEARTBEAT {datanodeUUID=6ea65cec-b0cc-42dc-8080-3b19ced056c0, command=[]} | ret=SUCCESS |  
2019-08-28 22:18:45,661 | INFO  | SCMAudit | user=jenkins1000 | ip=192.168.36.111 | op=SEND_HEARTBEAT {datanodeUUID=f6c73153-780a-4b23-b246-cb985c17e814, command=[]} | ret=SUCCESS |  
2019-08-28 22:18:45,735 | INFO  | SCMAudit | user=jenkins1000 | ip=192.168.36.111 | op=SEND_HEARTBEAT {datanodeUUID=affc808b-d81b-4a0f-bca8-432d1690fbd7, command=[]} | ret=SUCCESS |  
2019-08-28 22:18:45,804 | INFO  | SCMAudit | user=jenkins1000 | ip=192.168.36.111 | op=SEND_HEARTBEAT {datanodeUUID=d7d32888-ebc1-46a2-947e-41b56036304e, command=[]} | ret=SUCCESS |  
2019-08-28 22:18:46,150 [grpc-default-executor-1] INFO  client.GrpcClientProtocolClient (GrpcClientProtocolClient.java:onNext(255)) - client-AFDB05DADC48->f6c73153-780a-4b23-b246-cb985c17e814: receive RaftClientReply:client-AFDB05DADC48->f6c73153-780a-4b23-b246-cb985c17e814@group-568C93497CF9, cid=13, FAILED org.apache.ratis.protocol.NotLeaderException: Server f6c73153-780a-4b23-b246-cb985c17e814 is not the leader (null). Request must be sent to leader., logIndex=0, commits[f6c73153-780a-4b23-b246-cb985c17e814:c-1]
2019-08-28 22:18:46,158 [Thread-400] INFO  impl.FollowerState (FollowerState.java:run(106)) - f6c73153-780a-4b23-b246-cb985c17e814:group-568C93497CF9 changes to CANDIDATE, lastRpcTime:5147, electionTimeout:5144ms
2019-08-28 22:18:46,158 [Thread-400] INFO  impl.RoleInfo (RoleInfo.java:shutdownFollowerState(121)) - f6c73153-780a-4b23-b246-cb985c17e814: shutdown FollowerState
2019-08-28 22:18:46,158 [Thread-400] INFO  impl.RaftServerImpl (RaftServerImpl.java:setRole(171)) - f6c73153-780a-4b23-b246-cb985c17e814:group-568C93497CF9 changes role from FOLLOWER to CANDIDATE at term 3 for changeToCandidate
2019-08-28 22:18:46,159 [Thread-400] INFO  impl.RoleInfo (RoleInfo.java:updateAndGet(143)) - f6c73153-780a-4b23-b246-cb985c17e814: start LeaderElection
]]></system-out>
  </testcase>
</testsuite>