<?xml version="1.0" encoding="UTF-8"?>
<testsuite xmlns:xsi="http://www.w3.org/2001/XMLSchema-instance" xsi:noNamespaceSchemaLocation="https://maven.apache.org/surefire/maven-surefire-plugin/xsd/surefire-test-report.xsd" name="org.apache.hadoop.ozone.freon.TestDataValidateWithUnsafeByteOperations" time="58.832" tests="3" errors="3" skipped="0" failures="0">
  <properties>
    <property name="awt.toolkit" value="sun.awt.X11.XToolkit"/>
    <property name="file.encoding.pkg" value="sun.io"/>
    <property name="java.specification.version" value="1.8"/>
    <property name="sun.cpu.isalist" value=""/>
    <property name="sun.jnu.encoding" value="UTF-8"/>
    <property name="java.class.path" value="/workdir/hadoop-ozone/tools/target/test-classes:/workdir/hadoop-ozone/tools/target/classes:/workdir/hadoop-ozone/ozone-manager/target/classes:/workdir/hadoop-hdds/docs/target/classes:/home/user/.m2/repository/org/bouncycastle/bcprov-jdk15on/1.60/bcprov-jdk15on-1.60.jar:/workdir/hadoop-ozone/common/target/classes:/home/user/.m2/repository/org/apache/commons/commons-compress/1.4.1/commons-compress-1.4.1.jar:/home/user/.m2/repository/org/tukaani/xz/1.0/xz-1.0.jar:/home/user/.m2/repository/org/apache/hadoop/hadoop-hdfs-client/3.2.0/hadoop-hdfs-client-3.2.0.jar:/home/user/.m2/repository/com/fasterxml/jackson/core/jackson-annotations/2.9.5/jackson-annotations-2.9.5.jar:/workdir/hadoop-hdds/common/target/classes:/workdir/hadoop-hdds/config/target/classes:/home/user/.m2/repository/javax/annotation/javax.annotation-api/1.2/javax.annotation-api-1.2.jar:/home/user/.m2/repository/org/apache/ratis/ratis-server/0.4.0-2337318-SNAPSHOT/ratis-server-0.4.0-2337318-SNAPSHOT.jar:/home/user/.m2/repository/org/apache/ratis/ratis-thirdparty-misc/0.2.0/ratis-thirdparty-misc-0.2.0.jar:/home/user/.m2/repository/org/apache/ratis/ratis-proto/0.4.0-2337318-SNAPSHOT/ratis-proto-0.4.0-2337318-SNAPSHOT.jar:/home/user/.m2/repository/org/apache/ratis/ratis-common/0.4.0-2337318-SNAPSHOT/ratis-common-0.4.0-2337318-SNAPSHOT.jar:/home/user/.m2/repository/org/apache/ratis/ratis-client/0.4.0-2337318-SNAPSHOT/ratis-client-0.4.0-2337318-SNAPSHOT.jar:/home/user/.m2/repository/org/apache/ratis/ratis-metrics/0.4.0-2337318-SNAPSHOT/ratis-metrics-0.4.0-2337318-SNAPSHOT.jar:/home/user/.m2/repository/org/apache/ratis/ratis-netty/0.4.0-2337318-SNAPSHOT/ratis-netty-0.4.0-2337318-SNAPSHOT.jar:/home/user/.m2/repository/org/apache/ratis/ratis-grpc/0.4.0-2337318-SNAPSHOT/ratis-grpc-0.4.0-2337318-SNAPSHOT.jar:/home/user/.m2/repository/org/rocksdb/rocksdbjni/6.0.1/rocksdbjni-6.0.1.jar:/home/user/.m2/repository/org/apache/logging/log4j/log4j-api/2.11.0/log4j-api-2.11.0.jar:/home/user/.m2/repository/org/apache/logging/log4j/log4j-core/2.11.0/log4j-core-2.11.0.jar:/home/user/.m2/repository/com/lmax/disruptor/3.4.2/disruptor-3.4.2.jar:/home/user/.m2/repository/org/apache/commons/commons-pool2/2.6.0/commons-pool2-2.6.0.jar:/home/user/.m2/repository/org/bouncycastle/bcpkix-jdk15on/1.60/bcpkix-jdk15on-1.60.jar:/home/user/.m2/repository/commons-validator/commons-validator/1.6/commons-validator-1.6.jar:/home/user/.m2/repository/commons-digester/commons-digester/1.8.1/commons-digester-1.8.1.jar:/home/user/.m2/repository/io/jaegertracing/jaeger-client/0.33.1/jaeger-client-0.33.1.jar:/home/user/.m2/repository/io/jaegertracing/jaeger-thrift/0.33.1/jaeger-thrift-0.33.1.jar:/home/user/.m2/repository/org/apache/thrift/libthrift/0.11.0/libthrift-0.11.0.jar:/home/user/.m2/repository/com/squareup/okhttp3/okhttp/3.9.0/okhttp-3.9.0.jar:/home/user/.m2/repository/com/squareup/okio/okio/1.13.0/okio-1.13.0.jar:/home/user/.m2/repository/io/jaegertracing/jaeger-core/0.33.1/jaeger-core-0.33.1.jar:/home/user/.m2/repository/io/jaegertracing/jaeger-tracerresolver/0.33.1/jaeger-tracerresolver-0.33.1.jar:/home/user/.m2/repository/io/opentracing/contrib/opentracing-tracerresolver/0.1.5/opentracing-tracerresolver-0.1.5.jar:/home/user/.m2/repository/io/opentracing/opentracing-util/0.31.0/opentracing-util-0.31.0.jar:/home/user/.m2/repository/io/opentracing/opentracing-api/0.31.0/opentracing-api-0.31.0.jar:/home/user/.m2/repository/io/opentracing/opentracing-noop/0.31.0/opentracing-noop-0.31.0.jar:/home/user/.m2/repository/org/yaml/snakeyaml/1.16/snakeyaml-1.16.jar:/workdir/hadoop-hdds/container-service/target/classes:/workdir/hadoop-hdds/client/target/classes:/workdir/hadoop-hdds/tools/target/classes:/home/user/.m2/repository/org/xerial/sqlite-jdbc/3.25.2/sqlite-jdbc-3.25.2.jar:/workdir/hadoop-hdds/server-scm/target/classes:/home/user/.m2/repository/org/hamcrest/hamcrest-all/1.3/hamcrest-all-1.3.jar:/home/user/.m2/repository/info/picocli/picocli/3.9.6/picocli-3.9.6.jar:/home/user/.m2/repository/com/google/protobuf/protobuf-java/2.5.0/protobuf-java-2.5.0.jar:/home/user/.m2/repository/com/google/guava/guava/11.0.2/guava-11.0.2.jar:/workdir/hadoop-ozone/client/target/classes:/home/user/.m2/repository/org/apache/hadoop/hadoop-ozone-filesystem/0.4.1-SNAPSHOT/hadoop-ozone-filesystem-0.4.1-SNAPSHOT.jar:/workdir/hadoop-hdds/framework/target/classes:/home/user/.m2/repository/org/apache/hadoop/hadoop-common/3.2.0/hadoop-common-3.2.0.jar:/home/user/.m2/repository/org/apache/hadoop/hadoop-annotations/3.2.0/hadoop-annotations-3.2.0.jar:/usr/lib/jvm/java-1.8-openjdk/jre/../lib/tools.jar:/home/user/.m2/repository/commons-cli/commons-cli/1.2/commons-cli-1.2.jar:/home/user/.m2/repository/org/apache/commons/commons-math3/3.1.1/commons-math3-3.1.1.jar:/home/user/.m2/repository/org/apache/httpcomponents/httpclient/4.5.2/httpclient-4.5.2.jar:/home/user/.m2/repository/org/apache/httpcomponents/httpcore/4.4.4/httpcore-4.4.4.jar:/home/user/.m2/repository/commons-codec/commons-codec/1.11/commons-codec-1.11.jar:/home/user/.m2/repository/commons-io/commons-io/2.5/commons-io-2.5.jar:/home/user/.m2/repository/commons-net/commons-net/3.6/commons-net-3.6.jar:/home/user/.m2/repository/commons-collections/commons-collections/3.2.2/commons-collections-3.2.2.jar:/home/user/.m2/repository/javax/servlet/javax.servlet-api/3.1.0/javax.servlet-api-3.1.0.jar:/home/user/.m2/repository/org/eclipse/jetty/jetty-server/9.3.24.v20180605/jetty-server-9.3.24.v20180605.jar:/home/user/.m2/repository/org/eclipse/jetty/jetty-http/9.3.24.v20180605/jetty-http-9.3.24.v20180605.jar:/home/user/.m2/repository/org/eclipse/jetty/jetty-io/9.3.24.v20180605/jetty-io-9.3.24.v20180605.jar:/home/user/.m2/repository/org/eclipse/jetty/jetty-util/9.3.24.v20180605/jetty-util-9.3.24.v20180605.jar:/home/user/.m2/repository/org/eclipse/jetty/jetty-servlet/9.3.24.v20180605/jetty-servlet-9.3.24.v20180605.jar:/home/user/.m2/repository/org/eclipse/jetty/jetty-security/9.3.24.v20180605/jetty-security-9.3.24.v20180605.jar:/home/user/.m2/repository/org/eclipse/jetty/jetty-webapp/9.3.24.v20180605/jetty-webapp-9.3.24.v20180605.jar:/home/user/.m2/repository/org/eclipse/jetty/jetty-xml/9.3.24.v20180605/jetty-xml-9.3.24.v20180605.jar:/home/user/.m2/repository/javax/servlet/jsp/jsp-api/2.1/jsp-api-2.1.jar:/home/user/.m2/repository/com/sun/jersey/jersey-core/1.19/jersey-core-1.19.jar:/home/user/.m2/repository/javax/ws/rs/jsr311-api/1.1.1/jsr311-api-1.1.1.jar:/home/user/.m2/repository/com/sun/jersey/jersey-servlet/1.19/jersey-servlet-1.19.jar:/home/user/.m2/repository/com/sun/jersey/jersey-json/1.19/jersey-json-1.19.jar:/home/user/.m2/repository/org/codehaus/jettison/jettison/1.1/jettison-1.1.jar:/home/user/.m2/repository/com/sun/xml/bind/jaxb-impl/2.3.0.1/jaxb-impl-2.3.0.1.jar:/home/user/.m2/repository/org/codehaus/jackson/jackson-core-asl/1.9.13/jackson-core-asl-1.9.13.jar:/home/user/.m2/repository/org/codehaus/jackson/jackson-mapper-asl/1.9.13/jackson-mapper-asl-1.9.13.jar:/home/user/.m2/repository/org/codehaus/jackson/jackson-jaxrs/1.9.13/jackson-jaxrs-1.9.13.jar:/home/user/.m2/repository/org/codehaus/jackson/jackson-xc/1.9.13/jackson-xc-1.9.13.jar:/home/user/.m2/repository/com/sun/jersey/jersey-server/1.19/jersey-server-1.19.jar:/home/user/.m2/repository/commons-logging/commons-logging/1.1.3/commons-logging-1.1.3.jar:/home/user/.m2/repository/log4j/log4j/1.2.17/log4j-1.2.17.jar:/home/user/.m2/repository/commons-beanutils/commons-beanutils/1.9.3/commons-beanutils-1.9.3.jar:/home/user/.m2/repository/org/apache/commons/commons-configuration2/2.1.1/commons-configuration2-2.1.1.jar:/home/user/.m2/repository/org/apache/commons/commons-lang3/3.7/commons-lang3-3.7.jar:/home/user/.m2/repository/org/apache/commons/commons-text/1.4/commons-text-1.4.jar:/home/user/.m2/repository/org/slf4j/slf4j-api/1.7.25/slf4j-api-1.7.25.jar:/home/user/.m2/repository/org/slf4j/slf4j-log4j12/1.7.25/slf4j-log4j12-1.7.25.jar:/home/user/.m2/repository/org/apache/avro/avro/1.7.7/avro-1.7.7.jar:/home/user/.m2/repository/com/thoughtworks/paranamer/paranamer/2.3/paranamer-2.3.jar:/home/user/.m2/repository/org/xerial/snappy/snappy-java/1.0.5/snappy-java-1.0.5.jar:/home/user/.m2/repository/com/google/re2j/re2j/1.1/re2j-1.1.jar:/home/user/.m2/repository/com/google/code/gson/gson/2.2.4/gson-2.2.4.jar:/home/user/.m2/repository/org/apache/hadoop/hadoop-auth/3.2.0/hadoop-auth-3.2.0.jar:/home/user/.m2/repository/com/nimbusds/nimbus-jose-jwt/4.41.1/nimbus-jose-jwt-4.41.1.jar:/home/user/.m2/repository/com/github/stephenc/jcip/jcip-annotations/1.0-1/jcip-annotations-1.0-1.jar:/home/user/.m2/repository/net/minidev/json-smart/2.3/json-smart-2.3.jar:/home/user/.m2/repository/net/minidev/accessors-smart/1.2/accessors-smart-1.2.jar:/home/user/.m2/repository/org/apache/curator/curator-framework/2.12.0/curator-framework-2.12.0.jar:/home/user/.m2/repository/com/jcraft/jsch/0.1.54/jsch-0.1.54.jar:/home/user/.m2/repository/org/apache/curator/curator-client/2.12.0/curator-client-2.12.0.jar:/home/user/.m2/repository/org/apache/curator/curator-recipes/2.12.0/curator-recipes-2.12.0.jar:/home/user/.m2/repository/com/google/code/findbugs/jsr305/3.0.0/jsr305-3.0.0.jar:/home/user/.m2/repository/org/apache/htrace/htrace-core4/4.1.0-incubating/htrace-core4-4.1.0-incubating.jar:/home/user/.m2/repository/org/apache/zookeeper/zookeeper/3.4.13/zookeeper-3.4.13.jar:/home/user/.m2/repository/org/apache/yetus/audience-annotations/0.5.0/audience-annotations-0.5.0.jar:/home/user/.m2/repository/org/apache/kerby/kerb-simplekdc/1.0.1/kerb-simplekdc-1.0.1.jar:/home/user/.m2/repository/org/apache/kerby/kerb-client/1.0.1/kerb-client-1.0.1.jar:/home/user/.m2/repository/org/apache/kerby/kerby-config/1.0.1/kerby-config-1.0.1.jar:/home/user/.m2/repository/org/apache/kerby/kerb-core/1.0.1/kerb-core-1.0.1.jar:/home/user/.m2/repository/org/apache/kerby/kerby-pkix/1.0.1/kerby-pkix-1.0.1.jar:/home/user/.m2/repository/org/apache/kerby/kerby-asn1/1.0.1/kerby-asn1-1.0.1.jar:/home/user/.m2/repository/org/apache/kerby/kerby-util/1.0.1/kerby-util-1.0.1.jar:/home/user/.m2/repository/org/apache/kerby/kerb-common/1.0.1/kerb-common-1.0.1.jar:/home/user/.m2/repository/org/apache/kerby/kerb-crypto/1.0.1/kerb-crypto-1.0.1.jar:/home/user/.m2/repository/org/apache/kerby/kerb-util/1.0.1/kerb-util-1.0.1.jar:/home/user/.m2/repository/org/apache/kerby/token-provider/1.0.1/token-provider-1.0.1.jar:/home/user/.m2/repository/org/apache/kerby/kerb-admin/1.0.1/kerb-admin-1.0.1.jar:/home/user/.m2/repository/org/apache/kerby/kerb-server/1.0.1/kerb-server-1.0.1.jar:/home/user/.m2/repository/org/apache/kerby/kerb-identity/1.0.1/kerb-identity-1.0.1.jar:/home/user/.m2/repository/org/apache/kerby/kerby-xdr/1.0.1/kerby-xdr-1.0.1.jar:/home/user/.m2/repository/com/fasterxml/jackson/core/jackson-databind/2.9.5/jackson-databind-2.9.5.jar:/home/user/.m2/repository/com/fasterxml/jackson/core/jackson-core/2.9.5/jackson-core-2.9.5.jar:/home/user/.m2/repository/org/codehaus/woodstox/stax2-api/3.1.4/stax2-api-3.1.4.jar:/home/user/.m2/repository/com/fasterxml/woodstox/woodstox-core/5.0.3/woodstox-core-5.0.3.jar:/home/user/.m2/repository/dnsjava/dnsjava/2.1.7/dnsjava-2.1.7.jar:/home/user/.m2/repository/org/apache/hadoop/hadoop-hdfs/3.2.0/hadoop-hdfs-3.2.0.jar:/home/user/.m2/repository/org/eclipse/jetty/jetty-util-ajax/9.3.24.v20180605/jetty-util-ajax-9.3.24.v20180605.jar:/home/user/.m2/repository/commons-daemon/commons-daemon/1.0.13/commons-daemon-1.0.13.jar:/home/user/.m2/repository/io/netty/netty/3.10.5.Final/netty-3.10.5.Final.jar:/home/user/.m2/repository/io/netty/netty-all/4.0.52.Final/netty-all-4.0.52.Final.jar:/home/user/.m2/repository/org/fusesource/leveldbjni/leveldbjni-all/1.8/leveldbjni-all-1.8.jar:/home/user/.m2/repository/com/sun/xml/bind/jaxb-core/2.3.0.1/jaxb-core-2.3.0.1.jar:/home/user/.m2/repository/javax/xml/bind/jaxb-api/2.3.0/jaxb-api-2.3.0.jar:/home/user/.m2/repository/javax/activation/activation/1.1.1/activation-1.1.1.jar:/home/user/.m2/repository/io/dropwizard/metrics/metrics-core/3.2.4/metrics-core-3.2.4.jar:/home/user/.m2/repository/org/openjdk/jmh/jmh-core/1.19/jmh-core-1.19.jar:/home/user/.m2/repository/net/sf/jopt-simple/jopt-simple/4.6/jopt-simple-4.6.jar:/home/user/.m2/repository/org/openjdk/jmh/jmh-generator-annprocess/1.19/jmh-generator-annprocess-1.19.jar:/home/user/.m2/repository/com/google/code/findbugs/findbugs/3.0.1/findbugs-3.0.1.jar:/home/user/.m2/repository/net/jcip/jcip-annotations/1.0/jcip-annotations-1.0.jar:/home/user/.m2/repository/com/google/code/findbugs/bcel-findbugs/6.0/bcel-findbugs-6.0.jar:/home/user/.m2/repository/com/google/code/findbugs/jFormatString/2.0.1/jFormatString-2.0.1.jar:/home/user/.m2/repository/dom4j/dom4j/1.6.1/dom4j-1.6.1.jar:/home/user/.m2/repository/xml-apis/xml-apis/1.0.b2/xml-apis-1.0.b2.jar:/home/user/.m2/repository/org/ow2/asm/asm-debug-all/5.0.2/asm-debug-all-5.0.2.jar:/home/user/.m2/repository/org/ow2/asm/asm-commons/5.0.2/asm-commons-5.0.2.jar:/home/user/.m2/repository/org/ow2/asm/asm-tree/5.0.2/asm-tree-5.0.2.jar:/home/user/.m2/repository/org/ow2/asm/asm/5.0.4/asm-5.0.4.jar:/home/user/.m2/repository/commons-lang/commons-lang/2.6/commons-lang-2.6.jar:/home/user/.m2/repository/com/apple/AppleJavaExtensions/1.4/AppleJavaExtensions-1.4.jar:/home/user/.m2/repository/jaxen/jaxen/1.1.6/jaxen-1.1.6.jar:/home/user/.m2/repository/junit/junit/4.11/junit-4.11.jar:/home/user/.m2/repository/org/hamcrest/hamcrest-core/1.3/hamcrest-core-1.3.jar:/home/user/.m2/repository/org/apache/hadoop/hadoop-common/3.2.0/hadoop-common-3.2.0-tests.jar:/home/user/.m2/repository/org/apache/hadoop/hadoop-ozone-integration-test/0.4.1-SNAPSHOT/hadoop-ozone-integration-test-0.4.1-SNAPSHOT-tests.jar:/workdir/hadoop-ozone/objectstore-service/target/classes:/workdir/hadoop-ozone/s3gateway/target/classes:/home/user/.m2/repository/org/jboss/weld/servlet/weld-servlet/2.4.7.Final/weld-servlet-2.4.7.Final.jar:/home/user/.m2/repository/org/glassfish/jersey/containers/jersey-container-servlet-core/2.27/jersey-container-servlet-core-2.27.jar:/home/user/.m2/repository/org/glassfish/hk2/external/javax.inject/2.5.0-b42/javax.inject-2.5.0-b42.jar:/home/user/.m2/repository/org/glassfish/jersey/core/jersey-common/2.27/jersey-common-2.27.jar:/home/user/.m2/repository/org/glassfish/hk2/osgi-resource-locator/1.0.1/osgi-resource-locator-1.0.1.jar:/home/user/.m2/repository/javax/ws/rs/javax.ws.rs-api/2.1/javax.ws.rs-api-2.1.jar:/home/user/.m2/repository/org/glassfish/jersey/ext/cdi/jersey-cdi1x/2.27/jersey-cdi1x-2.27.jar:/home/user/.m2/repository/org/glassfish/jersey/inject/jersey-hk2/2.27/jersey-hk2-2.27.jar:/home/user/.m2/repository/org/glassfish/hk2/hk2-locator/2.5.0-b42/hk2-locator-2.5.0-b42.jar:/home/user/.m2/repository/org/javassist/javassist/3.22.0-CR2/javassist-3.22.0-CR2.jar:/home/user/.m2/repository/org/glassfish/hk2/hk2-api/2.5.0/hk2-api-2.5.0.jar:/home/user/.m2/repository/org/glassfish/hk2/external/jakarta.inject/2.5.0/jakarta.inject-2.5.0.jar:/home/user/.m2/repository/org/glassfish/hk2/hk2-utils/2.5.0/hk2-utils-2.5.0.jar:/home/user/.m2/repository/jakarta/annotation/jakarta.annotation-api/1.3.4/jakarta.annotation-api-1.3.4.jar:/home/user/.m2/repository/org/glassfish/hk2/external/aopalliance-repackaged/2.5.0/aopalliance-repackaged-2.5.0.jar:/home/user/.m2/repository/com/fasterxml/jackson/dataformat/jackson-dataformat-xml/2.9.0/jackson-dataformat-xml-2.9.0.jar:/home/user/.m2/repository/com/fasterxml/jackson/module/jackson-module-jaxb-annotations/2.9.5/jackson-module-jaxb-annotations-2.9.5.jar:/home/user/.m2/repository/javax/enterprise/cdi-api/1.2/cdi-api-1.2.jar:/home/user/.m2/repository/javax/el/javax.el-api/3.0.0/javax.el-api-3.0.0.jar:/home/user/.m2/repository/javax/interceptor/javax.interceptor-api/1.2/javax.interceptor-api-1.2.jar:/home/user/.m2/repository/javax/inject/javax.inject/1/javax.inject-1.jar:/workdir/hadoop-ozone/csi/target/classes:/home/user/.m2/repository/com/google/protobuf/protobuf-java-util/3.5.1/protobuf-java-util-3.5.1.jar:/home/user/.m2/repository/io/grpc/grpc-netty/1.17.1/grpc-netty-1.17.1.jar:/home/user/.m2/repository/io/grpc/grpc-core/1.17.1/grpc-core-1.17.1.jar:/home/user/.m2/repository/io/grpc/grpc-context/1.17.1/grpc-context-1.17.1.jar:/home/user/.m2/repository/com/google/errorprone/error_prone_annotations/2.2.0/error_prone_annotations-2.2.0.jar:/home/user/.m2/repository/org/codehaus/mojo/animal-sniffer-annotations/1.17/animal-sniffer-annotations-1.17.jar:/home/user/.m2/repository/io/opencensus/opencensus-api/0.17.0/opencensus-api-0.17.0.jar:/home/user/.m2/repository/io/opencensus/opencensus-contrib-grpc-metrics/0.17.0/opencensus-contrib-grpc-metrics-0.17.0.jar:/home/user/.m2/repository/io/netty/netty-codec-http2/4.1.30.Final/netty-codec-http2-4.1.30.Final.jar:/home/user/.m2/repository/io/netty/netty-codec-http/4.1.30.Final/netty-codec-http-4.1.30.Final.jar:/home/user/.m2/repository/io/netty/netty-codec/4.1.30.Final/netty-codec-4.1.30.Final.jar:/home/user/.m2/repository/io/netty/netty-handler/4.1.30.Final/netty-handler-4.1.30.Final.jar:/home/user/.m2/repository/io/netty/netty-handler-proxy/4.1.30.Final/netty-handler-proxy-4.1.30.Final.jar:/home/user/.m2/repository/io/netty/netty-codec-socks/4.1.30.Final/netty-codec-socks-4.1.30.Final.jar:/home/user/.m2/repository/io/netty/netty-transport-native-epoll/4.1.30.Final/netty-transport-native-epoll-4.1.30.Final.jar:/home/user/.m2/repository/io/netty/netty-common/4.1.30.Final/netty-common-4.1.30.Final.jar:/home/user/.m2/repository/io/netty/netty-buffer/4.1.30.Final/netty-buffer-4.1.30.Final.jar:/home/user/.m2/repository/io/netty/netty-transport/4.1.30.Final/netty-transport-4.1.30.Final.jar:/home/user/.m2/repository/io/netty/netty-resolver/4.1.30.Final/netty-resolver-4.1.30.Final.jar:/home/user/.m2/repository/io/netty/netty-transport-native-unix-common/4.1.30.Final/netty-transport-native-unix-common-4.1.30.Final.jar:/home/user/.m2/repository/io/grpc/grpc-protobuf/1.17.1/grpc-protobuf-1.17.1.jar:/home/user/.m2/repository/com/google/api/grpc/proto-google-common-protos/1.0.0/proto-google-common-protos-1.0.0.jar:/home/user/.m2/repository/io/grpc/grpc-protobuf-lite/1.17.1/grpc-protobuf-lite-1.17.1.jar:/home/user/.m2/repository/io/grpc/grpc-stub/1.17.1/grpc-stub-1.17.1.jar:/workdir/hadoop-ozone/ozone-recon/target/classes:/workdir/hadoop-ozone/ozone-recon-codegen/target/classes:/home/user/.m2/repository/com/google/inject/extensions/guice-multibindings/4.0/guice-multibindings-4.0.jar:/home/user/.m2/repository/com/google/inject/guice/4.0/guice-4.0.jar:/home/user/.m2/repository/aopalliance/aopalliance/1.0/aopalliance-1.0.jar:/home/user/.m2/repository/com/google/inject/extensions/guice-servlet/4.0/guice-servlet-4.0.jar:/home/user/.m2/repository/org/glassfish/jersey/containers/jersey-container-servlet/2.27/jersey-container-servlet-2.27.jar:/home/user/.m2/repository/org/glassfish/hk2/guice-bridge/2.5.0/guice-bridge-2.5.0.jar:/home/user/.m2/repository/org/glassfish/jersey/core/jersey-server/2.27/jersey-server-2.27.jar:/home/user/.m2/repository/org/glassfish/jersey/core/jersey-client/2.27/jersey-client-2.27.jar:/home/user/.m2/repository/org/glassfish/jersey/media/jersey-media-jaxb/2.27/jersey-media-jaxb-2.27.jar:/home/user/.m2/repository/javax/validation/validation-api/1.1.0.Final/validation-api-1.1.0.Final.jar:/home/user/.m2/repository/org/glassfish/jersey/media/jersey-media-json-jackson/2.27/jersey-media-json-jackson-2.27.jar:/home/user/.m2/repository/org/glassfish/jersey/ext/jersey-entity-filtering/2.27/jersey-entity-filtering-2.27.jar:/home/user/.m2/repository/com/google/inject/extensions/guice-assistedinject/4.0/guice-assistedinject-4.0.jar:/home/user/.m2/repository/org/jooq/jooq/3.11.10/jooq-3.11.10.jar:/home/user/.m2/repository/org/jooq/jooq-meta/3.11.10/jooq-meta-3.11.10.jar:/home/user/.m2/repository/org/jooq/jooq-codegen/3.11.10/jooq-codegen-3.11.10.jar:/home/user/.m2/repository/com/jolbox/bonecp/0.8.0.RELEASE/bonecp-0.8.0.RELEASE.jar:/home/user/.m2/repository/org/springframework/spring-jdbc/5.1.3.RELEASE/spring-jdbc-5.1.3.RELEASE.jar:/home/user/.m2/repository/org/springframework/spring-beans/5.1.3.RELEASE/spring-beans-5.1.3.RELEASE.jar:/home/user/.m2/repository/org/springframework/spring-core/5.1.3.RELEASE/spring-core-5.1.3.RELEASE.jar:/home/user/.m2/repository/org/springframework/spring-jcl/5.1.3.RELEASE/spring-jcl-5.1.3.RELEASE.jar:/home/user/.m2/repository/org/springframework/spring-tx/5.1.3.RELEASE/spring-tx-5.1.3.RELEASE.jar:/home/user/.m2/repository/org/mockito/mockito-core/2.15.0/mockito-core-2.15.0.jar:/home/user/.m2/repository/net/bytebuddy/byte-buddy/1.7.9/byte-buddy-1.7.9.jar:/home/user/.m2/repository/net/bytebuddy/byte-buddy-agent/1.7.9/byte-buddy-agent-1.7.9.jar:/home/user/.m2/repository/org/objenesis/objenesis/1.0/objenesis-1.0.jar:"/>
    <property name="java.vm.vendor" value="IcedTea"/>
    <property name="sun.arch.data.model" value="64"/>
    <property name="test.build.dir" value="/workdir/hadoop-ozone/tools/target/test-dir"/>
    <property name="test.cache.data" value=""/>
    <property name="java.vendor.url" value="https://icedtea.classpath.org"/>
    <property name="user.timezone" value=""/>
    <property name="java.vm.specification.version" value="1.8"/>
    <property name="os.name" value="Linux"/>
    <property name="test.build.data" value="/workdir/hadoop-ozone/tools/target/test-dir"/>
    <property name="user.country" value="US"/>
    <property name="sun.java.launcher" value="SUN_STANDARD"/>
    <property name="sun.boot.library.path" value="/usr/lib/jvm/java-1.8-openjdk/jre/lib/amd64"/>
    <property name="sun.java.command" value="/workdir/hadoop-ozone/tools/target/surefire/surefirebooter8047267568593694021.jar /workdir/hadoop-ozone/tools/target/surefire 2019-07-30T18-42-43_071-jvmRun1 surefire6181749279004812311tmp surefire_1148749074919585219946tmp"/>
    <property name="surefire.test.class.path" value="/workdir/hadoop-ozone/tools/target/test-classes:/workdir/hadoop-ozone/tools/target/classes:/workdir/hadoop-ozone/ozone-manager/target/classes:/workdir/hadoop-hdds/docs/target/classes:/home/user/.m2/repository/org/bouncycastle/bcprov-jdk15on/1.60/bcprov-jdk15on-1.60.jar:/workdir/hadoop-ozone/common/target/classes:/home/user/.m2/repository/org/apache/commons/commons-compress/1.4.1/commons-compress-1.4.1.jar:/home/user/.m2/repository/org/tukaani/xz/1.0/xz-1.0.jar:/home/user/.m2/repository/org/apache/hadoop/hadoop-hdfs-client/3.2.0/hadoop-hdfs-client-3.2.0.jar:/home/user/.m2/repository/com/fasterxml/jackson/core/jackson-annotations/2.9.5/jackson-annotations-2.9.5.jar:/workdir/hadoop-hdds/common/target/classes:/workdir/hadoop-hdds/config/target/classes:/home/user/.m2/repository/javax/annotation/javax.annotation-api/1.2/javax.annotation-api-1.2.jar:/home/user/.m2/repository/org/apache/ratis/ratis-server/0.4.0-2337318-SNAPSHOT/ratis-server-0.4.0-2337318-SNAPSHOT.jar:/home/user/.m2/repository/org/apache/ratis/ratis-thirdparty-misc/0.2.0/ratis-thirdparty-misc-0.2.0.jar:/home/user/.m2/repository/org/apache/ratis/ratis-proto/0.4.0-2337318-SNAPSHOT/ratis-proto-0.4.0-2337318-SNAPSHOT.jar:/home/user/.m2/repository/org/apache/ratis/ratis-common/0.4.0-2337318-SNAPSHOT/ratis-common-0.4.0-2337318-SNAPSHOT.jar:/home/user/.m2/repository/org/apache/ratis/ratis-client/0.4.0-2337318-SNAPSHOT/ratis-client-0.4.0-2337318-SNAPSHOT.jar:/home/user/.m2/repository/org/apache/ratis/ratis-metrics/0.4.0-2337318-SNAPSHOT/ratis-metrics-0.4.0-2337318-SNAPSHOT.jar:/home/user/.m2/repository/org/apache/ratis/ratis-netty/0.4.0-2337318-SNAPSHOT/ratis-netty-0.4.0-2337318-SNAPSHOT.jar:/home/user/.m2/repository/org/apache/ratis/ratis-grpc/0.4.0-2337318-SNAPSHOT/ratis-grpc-0.4.0-2337318-SNAPSHOT.jar:/home/user/.m2/repository/org/rocksdb/rocksdbjni/6.0.1/rocksdbjni-6.0.1.jar:/home/user/.m2/repository/org/apache/logging/log4j/log4j-api/2.11.0/log4j-api-2.11.0.jar:/home/user/.m2/repository/org/apache/logging/log4j/log4j-core/2.11.0/log4j-core-2.11.0.jar:/home/user/.m2/repository/com/lmax/disruptor/3.4.2/disruptor-3.4.2.jar:/home/user/.m2/repository/org/apache/commons/commons-pool2/2.6.0/commons-pool2-2.6.0.jar:/home/user/.m2/repository/org/bouncycastle/bcpkix-jdk15on/1.60/bcpkix-jdk15on-1.60.jar:/home/user/.m2/repository/commons-validator/commons-validator/1.6/commons-validator-1.6.jar:/home/user/.m2/repository/commons-digester/commons-digester/1.8.1/commons-digester-1.8.1.jar:/home/user/.m2/repository/io/jaegertracing/jaeger-client/0.33.1/jaeger-client-0.33.1.jar:/home/user/.m2/repository/io/jaegertracing/jaeger-thrift/0.33.1/jaeger-thrift-0.33.1.jar:/home/user/.m2/repository/org/apache/thrift/libthrift/0.11.0/libthrift-0.11.0.jar:/home/user/.m2/repository/com/squareup/okhttp3/okhttp/3.9.0/okhttp-3.9.0.jar:/home/user/.m2/repository/com/squareup/okio/okio/1.13.0/okio-1.13.0.jar:/home/user/.m2/repository/io/jaegertracing/jaeger-core/0.33.1/jaeger-core-0.33.1.jar:/home/user/.m2/repository/io/jaegertracing/jaeger-tracerresolver/0.33.1/jaeger-tracerresolver-0.33.1.jar:/home/user/.m2/repository/io/opentracing/contrib/opentracing-tracerresolver/0.1.5/opentracing-tracerresolver-0.1.5.jar:/home/user/.m2/repository/io/opentracing/opentracing-util/0.31.0/opentracing-util-0.31.0.jar:/home/user/.m2/repository/io/opentracing/opentracing-api/0.31.0/opentracing-api-0.31.0.jar:/home/user/.m2/repository/io/opentracing/opentracing-noop/0.31.0/opentracing-noop-0.31.0.jar:/home/user/.m2/repository/org/yaml/snakeyaml/1.16/snakeyaml-1.16.jar:/workdir/hadoop-hdds/container-service/target/classes:/workdir/hadoop-hdds/client/target/classes:/workdir/hadoop-hdds/tools/target/classes:/home/user/.m2/repository/org/xerial/sqlite-jdbc/3.25.2/sqlite-jdbc-3.25.2.jar:/workdir/hadoop-hdds/server-scm/target/classes:/home/user/.m2/repository/org/hamcrest/hamcrest-all/1.3/hamcrest-all-1.3.jar:/home/user/.m2/repository/info/picocli/picocli/3.9.6/picocli-3.9.6.jar:/home/user/.m2/repository/com/google/protobuf/protobuf-java/2.5.0/protobuf-java-2.5.0.jar:/home/user/.m2/repository/com/google/guava/guava/11.0.2/guava-11.0.2.jar:/workdir/hadoop-ozone/client/target/classes:/home/user/.m2/repository/org/apache/hadoop/hadoop-ozone-filesystem/0.4.1-SNAPSHOT/hadoop-ozone-filesystem-0.4.1-SNAPSHOT.jar:/workdir/hadoop-hdds/framework/target/classes:/home/user/.m2/repository/org/apache/hadoop/hadoop-common/3.2.0/hadoop-common-3.2.0.jar:/home/user/.m2/repository/org/apache/hadoop/hadoop-annotations/3.2.0/hadoop-annotations-3.2.0.jar:/usr/lib/jvm/java-1.8-openjdk/jre/../lib/tools.jar:/home/user/.m2/repository/commons-cli/commons-cli/1.2/commons-cli-1.2.jar:/home/user/.m2/repository/org/apache/commons/commons-math3/3.1.1/commons-math3-3.1.1.jar:/home/user/.m2/repository/org/apache/httpcomponents/httpclient/4.5.2/httpclient-4.5.2.jar:/home/user/.m2/repository/org/apache/httpcomponents/httpcore/4.4.4/httpcore-4.4.4.jar:/home/user/.m2/repository/commons-codec/commons-codec/1.11/commons-codec-1.11.jar:/home/user/.m2/repository/commons-io/commons-io/2.5/commons-io-2.5.jar:/home/user/.m2/repository/commons-net/commons-net/3.6/commons-net-3.6.jar:/home/user/.m2/repository/commons-collections/commons-collections/3.2.2/commons-collections-3.2.2.jar:/home/user/.m2/repository/javax/servlet/javax.servlet-api/3.1.0/javax.servlet-api-3.1.0.jar:/home/user/.m2/repository/org/eclipse/jetty/jetty-server/9.3.24.v20180605/jetty-server-9.3.24.v20180605.jar:/home/user/.m2/repository/org/eclipse/jetty/jetty-http/9.3.24.v20180605/jetty-http-9.3.24.v20180605.jar:/home/user/.m2/repository/org/eclipse/jetty/jetty-io/9.3.24.v20180605/jetty-io-9.3.24.v20180605.jar:/home/user/.m2/repository/org/eclipse/jetty/jetty-util/9.3.24.v20180605/jetty-util-9.3.24.v20180605.jar:/home/user/.m2/repository/org/eclipse/jetty/jetty-servlet/9.3.24.v20180605/jetty-servlet-9.3.24.v20180605.jar:/home/user/.m2/repository/org/eclipse/jetty/jetty-security/9.3.24.v20180605/jetty-security-9.3.24.v20180605.jar:/home/user/.m2/repository/org/eclipse/jetty/jetty-webapp/9.3.24.v20180605/jetty-webapp-9.3.24.v20180605.jar:/home/user/.m2/repository/org/eclipse/jetty/jetty-xml/9.3.24.v20180605/jetty-xml-9.3.24.v20180605.jar:/home/user/.m2/repository/javax/servlet/jsp/jsp-api/2.1/jsp-api-2.1.jar:/home/user/.m2/repository/com/sun/jersey/jersey-core/1.19/jersey-core-1.19.jar:/home/user/.m2/repository/javax/ws/rs/jsr311-api/1.1.1/jsr311-api-1.1.1.jar:/home/user/.m2/repository/com/sun/jersey/jersey-servlet/1.19/jersey-servlet-1.19.jar:/home/user/.m2/repository/com/sun/jersey/jersey-json/1.19/jersey-json-1.19.jar:/home/user/.m2/repository/org/codehaus/jettison/jettison/1.1/jettison-1.1.jar:/home/user/.m2/repository/com/sun/xml/bind/jaxb-impl/2.3.0.1/jaxb-impl-2.3.0.1.jar:/home/user/.m2/repository/org/codehaus/jackson/jackson-core-asl/1.9.13/jackson-core-asl-1.9.13.jar:/home/user/.m2/repository/org/codehaus/jackson/jackson-mapper-asl/1.9.13/jackson-mapper-asl-1.9.13.jar:/home/user/.m2/repository/org/codehaus/jackson/jackson-jaxrs/1.9.13/jackson-jaxrs-1.9.13.jar:/home/user/.m2/repository/org/codehaus/jackson/jackson-xc/1.9.13/jackson-xc-1.9.13.jar:/home/user/.m2/repository/com/sun/jersey/jersey-server/1.19/jersey-server-1.19.jar:/home/user/.m2/repository/commons-logging/commons-logging/1.1.3/commons-logging-1.1.3.jar:/home/user/.m2/repository/log4j/log4j/1.2.17/log4j-1.2.17.jar:/home/user/.m2/repository/commons-beanutils/commons-beanutils/1.9.3/commons-beanutils-1.9.3.jar:/home/user/.m2/repository/org/apache/commons/commons-configuration2/2.1.1/commons-configuration2-2.1.1.jar:/home/user/.m2/repository/org/apache/commons/commons-lang3/3.7/commons-lang3-3.7.jar:/home/user/.m2/repository/org/apache/commons/commons-text/1.4/commons-text-1.4.jar:/home/user/.m2/repository/org/slf4j/slf4j-api/1.7.25/slf4j-api-1.7.25.jar:/home/user/.m2/repository/org/slf4j/slf4j-log4j12/1.7.25/slf4j-log4j12-1.7.25.jar:/home/user/.m2/repository/org/apache/avro/avro/1.7.7/avro-1.7.7.jar:/home/user/.m2/repository/com/thoughtworks/paranamer/paranamer/2.3/paranamer-2.3.jar:/home/user/.m2/repository/org/xerial/snappy/snappy-java/1.0.5/snappy-java-1.0.5.jar:/home/user/.m2/repository/com/google/re2j/re2j/1.1/re2j-1.1.jar:/home/user/.m2/repository/com/google/code/gson/gson/2.2.4/gson-2.2.4.jar:/home/user/.m2/repository/org/apache/hadoop/hadoop-auth/3.2.0/hadoop-auth-3.2.0.jar:/home/user/.m2/repository/com/nimbusds/nimbus-jose-jwt/4.41.1/nimbus-jose-jwt-4.41.1.jar:/home/user/.m2/repository/com/github/stephenc/jcip/jcip-annotations/1.0-1/jcip-annotations-1.0-1.jar:/home/user/.m2/repository/net/minidev/json-smart/2.3/json-smart-2.3.jar:/home/user/.m2/repository/net/minidev/accessors-smart/1.2/accessors-smart-1.2.jar:/home/user/.m2/repository/org/apache/curator/curator-framework/2.12.0/curator-framework-2.12.0.jar:/home/user/.m2/repository/com/jcraft/jsch/0.1.54/jsch-0.1.54.jar:/home/user/.m2/repository/org/apache/curator/curator-client/2.12.0/curator-client-2.12.0.jar:/home/user/.m2/repository/org/apache/curator/curator-recipes/2.12.0/curator-recipes-2.12.0.jar:/home/user/.m2/repository/com/google/code/findbugs/jsr305/3.0.0/jsr305-3.0.0.jar:/home/user/.m2/repository/org/apache/htrace/htrace-core4/4.1.0-incubating/htrace-core4-4.1.0-incubating.jar:/home/user/.m2/repository/org/apache/zookeeper/zookeeper/3.4.13/zookeeper-3.4.13.jar:/home/user/.m2/repository/org/apache/yetus/audience-annotations/0.5.0/audience-annotations-0.5.0.jar:/home/user/.m2/repository/org/apache/kerby/kerb-simplekdc/1.0.1/kerb-simplekdc-1.0.1.jar:/home/user/.m2/repository/org/apache/kerby/kerb-client/1.0.1/kerb-client-1.0.1.jar:/home/user/.m2/repository/org/apache/kerby/kerby-config/1.0.1/kerby-config-1.0.1.jar:/home/user/.m2/repository/org/apache/kerby/kerb-core/1.0.1/kerb-core-1.0.1.jar:/home/user/.m2/repository/org/apache/kerby/kerby-pkix/1.0.1/kerby-pkix-1.0.1.jar:/home/user/.m2/repository/org/apache/kerby/kerby-asn1/1.0.1/kerby-asn1-1.0.1.jar:/home/user/.m2/repository/org/apache/kerby/kerby-util/1.0.1/kerby-util-1.0.1.jar:/home/user/.m2/repository/org/apache/kerby/kerb-common/1.0.1/kerb-common-1.0.1.jar:/home/user/.m2/repository/org/apache/kerby/kerb-crypto/1.0.1/kerb-crypto-1.0.1.jar:/home/user/.m2/repository/org/apache/kerby/kerb-util/1.0.1/kerb-util-1.0.1.jar:/home/user/.m2/repository/org/apache/kerby/token-provider/1.0.1/token-provider-1.0.1.jar:/home/user/.m2/repository/org/apache/kerby/kerb-admin/1.0.1/kerb-admin-1.0.1.jar:/home/user/.m2/repository/org/apache/kerby/kerb-server/1.0.1/kerb-server-1.0.1.jar:/home/user/.m2/repository/org/apache/kerby/kerb-identity/1.0.1/kerb-identity-1.0.1.jar:/home/user/.m2/repository/org/apache/kerby/kerby-xdr/1.0.1/kerby-xdr-1.0.1.jar:/home/user/.m2/repository/com/fasterxml/jackson/core/jackson-databind/2.9.5/jackson-databind-2.9.5.jar:/home/user/.m2/repository/com/fasterxml/jackson/core/jackson-core/2.9.5/jackson-core-2.9.5.jar:/home/user/.m2/repository/org/codehaus/woodstox/stax2-api/3.1.4/stax2-api-3.1.4.jar:/home/user/.m2/repository/com/fasterxml/woodstox/woodstox-core/5.0.3/woodstox-core-5.0.3.jar:/home/user/.m2/repository/dnsjava/dnsjava/2.1.7/dnsjava-2.1.7.jar:/home/user/.m2/repository/org/apache/hadoop/hadoop-hdfs/3.2.0/hadoop-hdfs-3.2.0.jar:/home/user/.m2/repository/org/eclipse/jetty/jetty-util-ajax/9.3.24.v20180605/jetty-util-ajax-9.3.24.v20180605.jar:/home/user/.m2/repository/commons-daemon/commons-daemon/1.0.13/commons-daemon-1.0.13.jar:/home/user/.m2/repository/io/netty/netty/3.10.5.Final/netty-3.10.5.Final.jar:/home/user/.m2/repository/io/netty/netty-all/4.0.52.Final/netty-all-4.0.52.Final.jar:/home/user/.m2/repository/org/fusesource/leveldbjni/leveldbjni-all/1.8/leveldbjni-all-1.8.jar:/home/user/.m2/repository/com/sun/xml/bind/jaxb-core/2.3.0.1/jaxb-core-2.3.0.1.jar:/home/user/.m2/repository/javax/xml/bind/jaxb-api/2.3.0/jaxb-api-2.3.0.jar:/home/user/.m2/repository/javax/activation/activation/1.1.1/activation-1.1.1.jar:/home/user/.m2/repository/io/dropwizard/metrics/metrics-core/3.2.4/metrics-core-3.2.4.jar:/home/user/.m2/repository/org/openjdk/jmh/jmh-core/1.19/jmh-core-1.19.jar:/home/user/.m2/repository/net/sf/jopt-simple/jopt-simple/4.6/jopt-simple-4.6.jar:/home/user/.m2/repository/org/openjdk/jmh/jmh-generator-annprocess/1.19/jmh-generator-annprocess-1.19.jar:/home/user/.m2/repository/com/google/code/findbugs/findbugs/3.0.1/findbugs-3.0.1.jar:/home/user/.m2/repository/net/jcip/jcip-annotations/1.0/jcip-annotations-1.0.jar:/home/user/.m2/repository/com/google/code/findbugs/bcel-findbugs/6.0/bcel-findbugs-6.0.jar:/home/user/.m2/repository/com/google/code/findbugs/jFormatString/2.0.1/jFormatString-2.0.1.jar:/home/user/.m2/repository/dom4j/dom4j/1.6.1/dom4j-1.6.1.jar:/home/user/.m2/repository/xml-apis/xml-apis/1.0.b2/xml-apis-1.0.b2.jar:/home/user/.m2/repository/org/ow2/asm/asm-debug-all/5.0.2/asm-debug-all-5.0.2.jar:/home/user/.m2/repository/org/ow2/asm/asm-commons/5.0.2/asm-commons-5.0.2.jar:/home/user/.m2/repository/org/ow2/asm/asm-tree/5.0.2/asm-tree-5.0.2.jar:/home/user/.m2/repository/org/ow2/asm/asm/5.0.4/asm-5.0.4.jar:/home/user/.m2/repository/commons-lang/commons-lang/2.6/commons-lang-2.6.jar:/home/user/.m2/repository/com/apple/AppleJavaExtensions/1.4/AppleJavaExtensions-1.4.jar:/home/user/.m2/repository/jaxen/jaxen/1.1.6/jaxen-1.1.6.jar:/home/user/.m2/repository/junit/junit/4.11/junit-4.11.jar:/home/user/.m2/repository/org/hamcrest/hamcrest-core/1.3/hamcrest-core-1.3.jar:/home/user/.m2/repository/org/apache/hadoop/hadoop-common/3.2.0/hadoop-common-3.2.0-tests.jar:/home/user/.m2/repository/org/apache/hadoop/hadoop-ozone-integration-test/0.4.1-SNAPSHOT/hadoop-ozone-integration-test-0.4.1-SNAPSHOT-tests.jar:/workdir/hadoop-ozone/objectstore-service/target/classes:/workdir/hadoop-ozone/s3gateway/target/classes:/home/user/.m2/repository/org/jboss/weld/servlet/weld-servlet/2.4.7.Final/weld-servlet-2.4.7.Final.jar:/home/user/.m2/repository/org/glassfish/jersey/containers/jersey-container-servlet-core/2.27/jersey-container-servlet-core-2.27.jar:/home/user/.m2/repository/org/glassfish/hk2/external/javax.inject/2.5.0-b42/javax.inject-2.5.0-b42.jar:/home/user/.m2/repository/org/glassfish/jersey/core/jersey-common/2.27/jersey-common-2.27.jar:/home/user/.m2/repository/org/glassfish/hk2/osgi-resource-locator/1.0.1/osgi-resource-locator-1.0.1.jar:/home/user/.m2/repository/javax/ws/rs/javax.ws.rs-api/2.1/javax.ws.rs-api-2.1.jar:/home/user/.m2/repository/org/glassfish/jersey/ext/cdi/jersey-cdi1x/2.27/jersey-cdi1x-2.27.jar:/home/user/.m2/repository/org/glassfish/jersey/inject/jersey-hk2/2.27/jersey-hk2-2.27.jar:/home/user/.m2/repository/org/glassfish/hk2/hk2-locator/2.5.0-b42/hk2-locator-2.5.0-b42.jar:/home/user/.m2/repository/org/javassist/javassist/3.22.0-CR2/javassist-3.22.0-CR2.jar:/home/user/.m2/repository/org/glassfish/hk2/hk2-api/2.5.0/hk2-api-2.5.0.jar:/home/user/.m2/repository/org/glassfish/hk2/external/jakarta.inject/2.5.0/jakarta.inject-2.5.0.jar:/home/user/.m2/repository/org/glassfish/hk2/hk2-utils/2.5.0/hk2-utils-2.5.0.jar:/home/user/.m2/repository/jakarta/annotation/jakarta.annotation-api/1.3.4/jakarta.annotation-api-1.3.4.jar:/home/user/.m2/repository/org/glassfish/hk2/external/aopalliance-repackaged/2.5.0/aopalliance-repackaged-2.5.0.jar:/home/user/.m2/repository/com/fasterxml/jackson/dataformat/jackson-dataformat-xml/2.9.0/jackson-dataformat-xml-2.9.0.jar:/home/user/.m2/repository/com/fasterxml/jackson/module/jackson-module-jaxb-annotations/2.9.5/jackson-module-jaxb-annotations-2.9.5.jar:/home/user/.m2/repository/javax/enterprise/cdi-api/1.2/cdi-api-1.2.jar:/home/user/.m2/repository/javax/el/javax.el-api/3.0.0/javax.el-api-3.0.0.jar:/home/user/.m2/repository/javax/interceptor/javax.interceptor-api/1.2/javax.interceptor-api-1.2.jar:/home/user/.m2/repository/javax/inject/javax.inject/1/javax.inject-1.jar:/workdir/hadoop-ozone/csi/target/classes:/home/user/.m2/repository/com/google/protobuf/protobuf-java-util/3.5.1/protobuf-java-util-3.5.1.jar:/home/user/.m2/repository/io/grpc/grpc-netty/1.17.1/grpc-netty-1.17.1.jar:/home/user/.m2/repository/io/grpc/grpc-core/1.17.1/grpc-core-1.17.1.jar:/home/user/.m2/repository/io/grpc/grpc-context/1.17.1/grpc-context-1.17.1.jar:/home/user/.m2/repository/com/google/errorprone/error_prone_annotations/2.2.0/error_prone_annotations-2.2.0.jar:/home/user/.m2/repository/org/codehaus/mojo/animal-sniffer-annotations/1.17/animal-sniffer-annotations-1.17.jar:/home/user/.m2/repository/io/opencensus/opencensus-api/0.17.0/opencensus-api-0.17.0.jar:/home/user/.m2/repository/io/opencensus/opencensus-contrib-grpc-metrics/0.17.0/opencensus-contrib-grpc-metrics-0.17.0.jar:/home/user/.m2/repository/io/netty/netty-codec-http2/4.1.30.Final/netty-codec-http2-4.1.30.Final.jar:/home/user/.m2/repository/io/netty/netty-codec-http/4.1.30.Final/netty-codec-http-4.1.30.Final.jar:/home/user/.m2/repository/io/netty/netty-codec/4.1.30.Final/netty-codec-4.1.30.Final.jar:/home/user/.m2/repository/io/netty/netty-handler/4.1.30.Final/netty-handler-4.1.30.Final.jar:/home/user/.m2/repository/io/netty/netty-handler-proxy/4.1.30.Final/netty-handler-proxy-4.1.30.Final.jar:/home/user/.m2/repository/io/netty/netty-codec-socks/4.1.30.Final/netty-codec-socks-4.1.30.Final.jar:/home/user/.m2/repository/io/netty/netty-transport-native-epoll/4.1.30.Final/netty-transport-native-epoll-4.1.30.Final.jar:/home/user/.m2/repository/io/netty/netty-common/4.1.30.Final/netty-common-4.1.30.Final.jar:/home/user/.m2/repository/io/netty/netty-buffer/4.1.30.Final/netty-buffer-4.1.30.Final.jar:/home/user/.m2/repository/io/netty/netty-transport/4.1.30.Final/netty-transport-4.1.30.Final.jar:/home/user/.m2/repository/io/netty/netty-resolver/4.1.30.Final/netty-resolver-4.1.30.Final.jar:/home/user/.m2/repository/io/netty/netty-transport-native-unix-common/4.1.30.Final/netty-transport-native-unix-common-4.1.30.Final.jar:/home/user/.m2/repository/io/grpc/grpc-protobuf/1.17.1/grpc-protobuf-1.17.1.jar:/home/user/.m2/repository/com/google/api/grpc/proto-google-common-protos/1.0.0/proto-google-common-protos-1.0.0.jar:/home/user/.m2/repository/io/grpc/grpc-protobuf-lite/1.17.1/grpc-protobuf-lite-1.17.1.jar:/home/user/.m2/repository/io/grpc/grpc-stub/1.17.1/grpc-stub-1.17.1.jar:/workdir/hadoop-ozone/ozone-recon/target/classes:/workdir/hadoop-ozone/ozone-recon-codegen/target/classes:/home/user/.m2/repository/com/google/inject/extensions/guice-multibindings/4.0/guice-multibindings-4.0.jar:/home/user/.m2/repository/com/google/inject/guice/4.0/guice-4.0.jar:/home/user/.m2/repository/aopalliance/aopalliance/1.0/aopalliance-1.0.jar:/home/user/.m2/repository/com/google/inject/extensions/guice-servlet/4.0/guice-servlet-4.0.jar:/home/user/.m2/repository/org/glassfish/jersey/containers/jersey-container-servlet/2.27/jersey-container-servlet-2.27.jar:/home/user/.m2/repository/org/glassfish/hk2/guice-bridge/2.5.0/guice-bridge-2.5.0.jar:/home/user/.m2/repository/org/glassfish/jersey/core/jersey-server/2.27/jersey-server-2.27.jar:/home/user/.m2/repository/org/glassfish/jersey/core/jersey-client/2.27/jersey-client-2.27.jar:/home/user/.m2/repository/org/glassfish/jersey/media/jersey-media-jaxb/2.27/jersey-media-jaxb-2.27.jar:/home/user/.m2/repository/javax/validation/validation-api/1.1.0.Final/validation-api-1.1.0.Final.jar:/home/user/.m2/repository/org/glassfish/jersey/media/jersey-media-json-jackson/2.27/jersey-media-json-jackson-2.27.jar:/home/user/.m2/repository/org/glassfish/jersey/ext/jersey-entity-filtering/2.27/jersey-entity-filtering-2.27.jar:/home/user/.m2/repository/com/google/inject/extensions/guice-assistedinject/4.0/guice-assistedinject-4.0.jar:/home/user/.m2/repository/org/jooq/jooq/3.11.10/jooq-3.11.10.jar:/home/user/.m2/repository/org/jooq/jooq-meta/3.11.10/jooq-meta-3.11.10.jar:/home/user/.m2/repository/org/jooq/jooq-codegen/3.11.10/jooq-codegen-3.11.10.jar:/home/user/.m2/repository/com/jolbox/bonecp/0.8.0.RELEASE/bonecp-0.8.0.RELEASE.jar:/home/user/.m2/repository/org/springframework/spring-jdbc/5.1.3.RELEASE/spring-jdbc-5.1.3.RELEASE.jar:/home/user/.m2/repository/org/springframework/spring-beans/5.1.3.RELEASE/spring-beans-5.1.3.RELEASE.jar:/home/user/.m2/repository/org/springframework/spring-core/5.1.3.RELEASE/spring-core-5.1.3.RELEASE.jar:/home/user/.m2/repository/org/springframework/spring-jcl/5.1.3.RELEASE/spring-jcl-5.1.3.RELEASE.jar:/home/user/.m2/repository/org/springframework/spring-tx/5.1.3.RELEASE/spring-tx-5.1.3.RELEASE.jar:/home/user/.m2/repository/org/mockito/mockito-core/2.15.0/mockito-core-2.15.0.jar:/home/user/.m2/repository/net/bytebuddy/byte-buddy/1.7.9/byte-buddy-1.7.9.jar:/home/user/.m2/repository/net/bytebuddy/byte-buddy-agent/1.7.9/byte-buddy-agent-1.7.9.jar:/home/user/.m2/repository/org/objenesis/objenesis/1.0/objenesis-1.0.jar:"/>
    <property name="sun.cpu.endian" value="little"/>
    <property name="user.home" value="/home/user"/>
    <property name="user.language" value="en"/>
    <property name="java.specification.vendor" value="Oracle Corporation"/>
    <property name="java.home" value="/usr/lib/jvm/java-1.8-openjdk/jre"/>
    <property name="java.security.krb5.conf" value="/workdir/hadoop-ozone/tools/target/test-classes/krb5.conf"/>
    <property name="basedir" value="/workdir/hadoop-ozone/tools"/>
    <property name="file.separator" value="/"/>
    <property name="line.separator" value="&#10;"/>
    <property name="java.vm.specification.vendor" value="Oracle Corporation"/>
    <property name="java.specification.name" value="Java Platform API Specification"/>
    <property name="java.awt.graphicsenv" value="sun.awt.X11GraphicsEnvironment"/>
    <property name="surefire.real.class.path" value="/workdir/hadoop-ozone/tools/target/surefire/surefirebooter8047267568593694021.jar"/>
    <property name="hadoop.log.dir" value="/workdir/hadoop-ozone/tools/target/log"/>
    <property name="sun.boot.class.path" value="/usr/lib/jvm/java-1.8-openjdk/jre/lib/resources.jar:/usr/lib/jvm/java-1.8-openjdk/jre/lib/rt.jar:/usr/lib/jvm/java-1.8-openjdk/jre/lib/sunrsasign.jar:/usr/lib/jvm/java-1.8-openjdk/jre/lib/jsse.jar:/usr/lib/jvm/java-1.8-openjdk/jre/lib/jce.jar:/usr/lib/jvm/java-1.8-openjdk/jre/lib/charsets.jar:/usr/lib/jvm/java-1.8-openjdk/jre/lib/jfr.jar:/usr/lib/jvm/java-1.8-openjdk/jre/classes"/>
    <property name="sun.management.compiler" value="HotSpot 64-Bit Tiered Compilers"/>
    <property name="java.runtime.version" value="1.8.0_212-b04"/>
    <property name="java.net.preferIPv4Stack" value="true"/>
    <property name="user.name" value="jenkins1000"/>
    <property name="path.separator" value=":"/>
    <property name="java.security.egd" value="file:///dev/urandom"/>
    <property name="os.version" value="3.10.0-957.12.2.el7.x86_64"/>
    <property name="java.endorsed.dirs" value="/usr/lib/jvm/java-1.8-openjdk/jre/lib/endorsed"/>
    <property name="java.runtime.name" value="OpenJDK Runtime Environment"/>
    <property name="file.encoding" value="UTF-8"/>
    <property name="java.vm.name" value="OpenJDK 64-Bit Server VM"/>
    <property name="test.build.webapps" value=""/>
    <property name="localRepository" value="/home/user/.m2/repository"/>
    <property name="java.vendor.url.bug" value="https://icedtea.classpath.org/bugzilla"/>
    <property name="java.io.tmpdir" value="/tmp"/>
    <property name="require.test.libhadoop" value=""/>
    <property name="java.version" value="1.8.0_212"/>
    <property name="user.dir" value="/workdir/hadoop-ozone/tools"/>
    <property name="os.arch" value="amd64"/>
    <property name="java.vm.specification.name" value="Java Virtual Machine Specification"/>
    <property name="test.build.classes" value="/workdir/hadoop-ozone/tools/target/test-classes"/>
    <property name="java.awt.printerjob" value="sun.print.PSPrinterJob"/>
    <property name="sun.os.patch.level" value="unknown"/>
    <property name="hadoop.tmp.dir" value="/workdir/hadoop-ozone/tools/target/tmp"/>
    <property name="java.library.path" value="/usr/lib/jvm/java-1.8-openjdk/jre/lib/amd64/server:/usr/lib/jvm/java-1.8-openjdk/jre/lib/amd64:/usr/lib/jvm/java-1.8-openjdk/jre/../lib/amd64:/workdir/hadoop-ozone/tools/target/native/target/usr/local/lib:/workdir/hadoop-ozone/tools/../../hadoop-common-project/hadoop-common/target/native/target/usr/local/lib:/usr/java/packages/lib/amd64:/usr/lib64:/lib64:/lib:/usr/lib"/>
    <property name="java.vm.info" value="mixed mode"/>
    <property name="java.vendor" value="IcedTea"/>
    <property name="java.vm.version" value="25.212-b04"/>
    <property name="java.ext.dirs" value="/usr/lib/jvm/java-1.8-openjdk/jre/lib/ext:/usr/java/packages/lib/ext"/>
    <property name="sun.io.unicode.encoding" value="UnicodeLittle"/>
    <property name="java.class.version" value="52.0"/>
  </properties>
  <testcase name="ratisTestLargeKey" classname="org.apache.hadoop.ozone.freon.TestDataValidateWithUnsafeByteOperations" time="15.462">
    <error message="Unexpected Storage Container Exception: org.apache.hadoop.hdds.scm.container.common.helpers.StorageContainerException: ContainerID 3 does not exist" type="java.io.IOException">java.io.IOException: Unexpected Storage Container Exception: org.apache.hadoop.hdds.scm.container.common.helpers.StorageContainerException: ContainerID 3 does not exist
	at org.apache.hadoop.hdds.scm.storage.BlockOutputStream.setIoException(BlockOutputStream.java:541)
	at org.apache.hadoop.hdds.scm.storage.BlockOutputStream.validateResponse(BlockOutputStream.java:532)
	at org.apache.hadoop.hdds.scm.storage.BlockOutputStream.lambda$writeChunkToContainer$2(BlockOutputStream.java:606)
	at java.util.concurrent.CompletableFuture.uniApply(CompletableFuture.java:602)
	at java.util.concurrent.CompletableFuture$UniApply.tryFire(CompletableFuture.java:577)
	at java.util.concurrent.CompletableFuture$Completion.run(CompletableFuture.java:442)
	at java.util.concurrent.ThreadPoolExecutor.runWorker(ThreadPoolExecutor.java:1149)
	at java.util.concurrent.ThreadPoolExecutor$Worker.run(ThreadPoolExecutor.java:624)
	at java.lang.Thread.run(Thread.java:748)
Caused by: org.apache.hadoop.hdds.scm.container.common.helpers.StorageContainerException: ContainerID 3 does not exist
	at org.apache.hadoop.hdds.scm.storage.ContainerProtocolCalls.validateContainerResponse(ContainerProtocolCalls.java:536)
	at org.apache.hadoop.hdds.scm.storage.BlockOutputStream.validateResponse(BlockOutputStream.java:529)
	... 7 more
</error>
    <system-out><![CDATA[2019-07-30 18:56:02,496 WARN  server.ServerUtils (ServerUtils.java:getScmDbDir(145)) - ozone.scm.db.dirs is not configured. We recommend adding this setting. Falling back to ozone.metadata.dirs instead.
2019-07-30 18:56:02,637 WARN  server.ServerUtils (ServerUtils.java:getScmDbDir(145)) - ozone.scm.db.dirs is not configured. We recommend adding this setting. Falling back to ozone.metadata.dirs instead.
2019-07-30 18:56:02,641 WARN  server.ServerUtils (ServerUtils.java:getScmDbDir(145)) - ozone.scm.db.dirs is not configured. We recommend adding this setting. Falling back to ozone.metadata.dirs instead.
2019-07-30 18:56:02,660 INFO  util.log (Log.java:initialized(192)) - Logging initialized @907ms
2019-07-30 18:56:02,748 INFO  db.DBStoreBuilder (DBStoreBuilder.java:addTable(110)) - using custom profile for table: deletedBlocks
2019-07-30 18:56:02,748 INFO  db.DBStoreBuilder (DBStoreBuilder.java:processTables(161)) - Using default column profile:DBProfile.DISK for Table:deletedBlocks
2019-07-30 18:56:02,748 INFO  db.DBStoreBuilder (DBStoreBuilder.java:addTable(110)) - using custom profile for table: validCerts
2019-07-30 18:56:02,748 INFO  db.DBStoreBuilder (DBStoreBuilder.java:processTables(161)) - Using default column profile:DBProfile.DISK for Table:validCerts
2019-07-30 18:56:02,749 INFO  db.DBStoreBuilder (DBStoreBuilder.java:addTable(110)) - using custom profile for table: revokedCerts
2019-07-30 18:56:02,749 INFO  db.DBStoreBuilder (DBStoreBuilder.java:processTables(161)) - Using default column profile:DBProfile.DISK for Table:revokedCerts
2019-07-30 18:56:02,758 INFO  db.DBStoreBuilder (DBStoreBuilder.java:addTable(110)) - using custom profile for table: default
2019-07-30 18:56:02,758 INFO  db.DBStoreBuilder (DBStoreBuilder.java:processTables(167)) - Using default column profile:DBProfile.DISK for Table:default
2019-07-30 18:56:02,759 INFO  db.DBStoreBuilder (DBStoreBuilder.java:getDbProfile(198)) - Using default options. DBProfile.DISK
2019-07-30 18:56:02,930 INFO  net.NodeSchemaLoader (NodeSchemaLoader.java:loadSchemaFromFile(125)) - Loading file from sun.misc.CompoundEnumeration@769e7ee8
2019-07-30 18:56:02,931 INFO  net.NodeSchemaLoader (NodeSchemaLoader.java:loadSchema(171)) - Loading network topology layer schema file
2019-07-30 18:56:02,986 WARN  server.ServerUtils (ServerUtils.java:sanitizeUserArgs(70)) - ozone.scm.stale.node.interval value = 300000 is larger than max = 100000 based on the key value of ozone.scm.heartbeat.thread.interval, reset to the max value 100000.
2019-07-30 18:56:02,988 WARN  server.ServerUtils (ServerUtils.java:sanitizeUserArgs(70)) - ozone.scm.stale.node.interval value = 300000 is larger than max = 100000 based on the key value of ozone.scm.heartbeat.thread.interval, reset to the max value 100000.
2019-07-30 18:56:02,989 INFO  node.SCMNodeManager (SCMNodeManager.java:<init>(121)) - Entering startup safe mode.
2019-07-30 18:56:03,052 WARN  server.ServerUtils (ServerUtils.java:getScmDbDir(145)) - ozone.scm.db.dirs is not configured. We recommend adding this setting. Falling back to ozone.metadata.dirs instead.
2019-07-30 18:56:03,127 INFO  pipeline.SCMPipelineManager (SCMPipelineManager.java:initializePipelineState(126)) - No pipeline exists in current db
2019-07-30 18:56:03,131 WARN  server.ServerUtils (ServerUtils.java:getScmDbDir(145)) - ozone.scm.db.dirs is not configured. We recommend adding this setting. Falling back to ozone.metadata.dirs instead.
2019-07-30 18:56:03,266 WARN  events.EventQueue (EventQueue.java:fireEvent(175)) - No event handler registered for event TypedEvent{payloadType=SafeModeStatus, name='SafeModeStatus'}
2019-07-30 18:56:03,646 INFO  ipc.CallQueueManager (CallQueueManager.java:<init>(84)) - Using callQueue: class java.util.concurrent.LinkedBlockingQueue, queueCapacity: 2000, scheduler: class org.apache.hadoop.ipc.DefaultRpcScheduler, ipcBackoff: false.
2019-07-30 18:56:03,675 INFO  ipc.Server (Server.java:run(1074)) - Starting Socket Reader #1 for port 33085
2019-07-30 18:56:03,699 INFO  ipc.CallQueueManager (CallQueueManager.java:<init>(84)) - Using callQueue: class java.util.concurrent.LinkedBlockingQueue, queueCapacity: 2000, scheduler: class org.apache.hadoop.ipc.DefaultRpcScheduler, ipcBackoff: false.
2019-07-30 18:56:03,701 INFO  ipc.Server (Server.java:run(1074)) - Starting Socket Reader #1 for port 43626
2019-07-30 18:56:03,706 INFO  ipc.CallQueueManager (CallQueueManager.java:<init>(84)) - Using callQueue: class java.util.concurrent.LinkedBlockingQueue, queueCapacity: 2000, scheduler: class org.apache.hadoop.ipc.DefaultRpcScheduler, ipcBackoff: false.
2019-07-30 18:56:03,707 INFO  ipc.Server (Server.java:run(1074)) - Starting Socket Reader #1 for port 41781
2019-07-30 18:56:03,835 INFO  hdfs.DFSUtil (DFSUtil.java:httpServerTemplateForNNAndJN(1641)) - Starting Web-server for scm at: http://0.0.0.0:0
2019-07-30 18:56:03,995 INFO  server.AuthenticationFilter (AuthenticationFilter.java:constructSecretProvider(240)) - Unable to initialize FileSignerSecretProvider, falling back to use random secrets.
2019-07-30 18:56:04,012 WARN  http.HttpRequestLog (HttpRequestLog.java:getRequestLog(97)) - Jetty request log can only be enabled using Log4j
2019-07-30 18:56:04,020 INFO  http.HttpServer2 (HttpServer2.java:addGlobalFilter(975)) - Added global filter 'safety' (class=org.apache.hadoop.http.HttpServer2$QuotingInputFilter)
2019-07-30 18:56:04,023 INFO  http.HttpServer2 (HttpServer2.java:addFilter(948)) - Added filter static_user_filter (class=org.apache.hadoop.http.lib.StaticUserWebFilter$StaticUserFilter) to context scm
2019-07-30 18:56:04,023 INFO  http.HttpServer2 (HttpServer2.java:addFilter(958)) - Added filter static_user_filter (class=org.apache.hadoop.http.lib.StaticUserWebFilter$StaticUserFilter) to context logs
2019-07-30 18:56:04,024 INFO  http.HttpServer2 (HttpServer2.java:addFilter(958)) - Added filter static_user_filter (class=org.apache.hadoop.http.lib.StaticUserWebFilter$StaticUserFilter) to context static
2019-07-30 18:56:04,050 INFO  server.StorageContainerManager (StorageContainerManager.java:start(758)) - StorageContainerLocationProtocol RPC server is listening at /0.0.0.0:41781
2019-07-30 18:56:04,107 WARN  impl.MetricsConfig (MetricsConfig.java:loadFirst(134)) - Cannot locate configuration: tried hadoop-metrics2-storagecontainermanager.properties,hadoop-metrics2.properties
2019-07-30 18:56:04,121 INFO  impl.MetricsSystemImpl (MetricsSystemImpl.java:startTimer(374)) - Scheduled Metric snapshot period at 10 second(s).
2019-07-30 18:56:04,121 INFO  impl.MetricsSystemImpl (MetricsSystemImpl.java:start(191)) - StorageContainerManager metrics system started
2019-07-30 18:56:04,349 INFO  server.SCMClientProtocolServer (SCMClientProtocolServer.java:start(151)) - RPC server for Client  is listening at /0.0.0.0:41781
2019-07-30 18:56:04,350 INFO  ipc.Server (Server.java:run(1314)) - IPC Server Responder: starting
2019-07-30 18:56:04,351 INFO  ipc.Server (Server.java:run(1153)) - IPC Server listener on 41781: starting
2019-07-30 18:56:04,355 INFO  server.StorageContainerManager (StorageContainerManager.java:start(768)) - ScmBlockLocationProtocol RPC server is listening at /0.0.0.0:43626
2019-07-30 18:56:04,355 INFO  server.SCMBlockProtocolServer (SCMBlockProtocolServer.java:start(140)) - RPC server for Block Protocol is listening at /0.0.0.0:43626
2019-07-30 18:56:04,357 INFO  ipc.Server (Server.java:run(1314)) - IPC Server Responder: starting
2019-07-30 18:56:04,357 INFO  ipc.Server (Server.java:run(1153)) - IPC Server listener on 43626: starting
2019-07-30 18:56:04,366 INFO  server.StorageContainerManager (StorageContainerManager.java:start(772)) - ScmDatanodeProtocl RPC server is listening at /0.0.0.0:33085
2019-07-30 18:56:04,366 INFO  server.SCMDatanodeProtocolServer (SCMDatanodeProtocolServer.java:start(191)) - RPC server for DataNodes is listening at /0.0.0.0:33085
2019-07-30 18:56:04,368 INFO  ipc.Server (Server.java:run(1153)) - IPC Server listener on 33085: starting
2019-07-30 18:56:04,368 INFO  ipc.Server (Server.java:run(1314)) - IPC Server Responder: starting
2019-07-30 18:56:04,382 INFO  http.HttpServer2 (HttpServer2.java:bindListener(1191)) - Jetty bound to port 36924
2019-07-30 18:56:04,385 INFO  server.Server (Server.java:doStart(351)) - jetty-9.3.24.v20180605, build timestamp: 2018-06-05T17:11:56Z, git hash: 84205aa28f11a4f31f2a3b86d1bba2cc8ab69827
2019-07-30 18:56:04,436 INFO  handler.ContextHandler (ContextHandler.java:doStart(781)) - Started o.e.j.s.ServletContextHandler@413f69cc{/logs,file:///workdir/hadoop-ozone/tools/target/log,AVAILABLE}
2019-07-30 18:56:04,437 INFO  handler.ContextHandler (ContextHandler.java:doStart(781)) - Started o.e.j.s.ServletContextHandler@1b75c2e3{/static,file:///workdir/hadoop-hdds/server-scm/target/classes/webapps/static/,AVAILABLE}
2019-07-30 18:56:04,471 INFO  handler.ContextHandler (ContextHandler.java:doStart(781)) - Started o.e.j.w.WebAppContext@30f5a68a{/,file:///workdir/hadoop-hdds/server-scm/target/classes/webapps/scm/,AVAILABLE}{/scm}
2019-07-30 18:56:04,477 INFO  server.AbstractConnector (AbstractConnector.java:doStart(278)) - Started ServerConnector@7a8fa663{HTTP/1.1,[http/1.1]}{0.0.0.0:36924}
2019-07-30 18:56:04,477 INFO  server.Server (Server.java:doStart(419)) - Started @2725ms
2019-07-30 18:56:04,478 INFO  server.BaseHttpServer (BaseHttpServer.java:updateConnectorAddress(207)) - HTTP server of SCM is listening at http://0.0.0.0:36924
2019-07-30 18:56:04,489 INFO  util.JvmPauseMonitor (JvmPauseMonitor.java:run(188)) - Starting JVM pause monitor
2019-07-30 18:56:04,493 WARN  server.ServerUtils (ServerUtils.java:getDBPath(222)) - ozone.om.db.dirs is not configured. We recommend adding this setting. Falling back to ozone.metadata.dirs instead.
2019-07-30 18:56:04,622 WARN  server.ServerUtils (ServerUtils.java:getDBPath(222)) - ozone.om.db.dirs is not configured. We recommend adding this setting. Falling back to ozone.metadata.dirs instead.
2019-07-30 18:56:04,623 WARN  server.ServerUtils (ServerUtils.java:getDBPath(222)) - ozone.om.db.dirs is not configured. We recommend adding this setting. Falling back to ozone.metadata.dirs instead.
2019-07-30 18:56:04,624 INFO  om.OzoneManager (OzoneManager.java:setOMNodeDetails(644)) - OM Service ID is not set. Setting it to the default ID: omServiceIdDefault
2019-07-30 18:56:04,624 INFO  om.OzoneManager (OzoneManager.java:setOMNodeDetails(650)) - OM Node ID is not set. Setting it to the OmStorage's OmID: 3aabde00-c012-4d20-af1a-5dee3305ee9c
2019-07-30 18:56:04,625 INFO  om.OzoneManager (OzoneManager.java:loadOMHAConfigs(601)) - Found matching OM address with OMServiceId: null, OMNodeId: null, RPC Address: localhost:0 and Ratis port: 9872
2019-07-30 18:56:05,326 WARN  server.ServerUtils (ServerUtils.java:getDBPath(222)) - ozone.om.db.dirs is not configured. We recommend adding this setting. Falling back to ozone.metadata.dirs instead.
2019-07-30 18:56:05,333 INFO  db.DBStoreBuilder (DBStoreBuilder.java:addTable(110)) - using custom profile for table: userTable
2019-07-30 18:56:05,333 INFO  db.DBStoreBuilder (DBStoreBuilder.java:processTables(161)) - Using default column profile:DBProfile.DISK for Table:userTable
2019-07-30 18:56:05,333 INFO  db.DBStoreBuilder (DBStoreBuilder.java:addTable(110)) - using custom profile for table: volumeTable
2019-07-30 18:56:05,333 INFO  db.DBStoreBuilder (DBStoreBuilder.java:processTables(161)) - Using default column profile:DBProfile.DISK for Table:volumeTable
2019-07-30 18:56:05,333 INFO  db.DBStoreBuilder (DBStoreBuilder.java:addTable(110)) - using custom profile for table: bucketTable
2019-07-30 18:56:05,334 INFO  db.DBStoreBuilder (DBStoreBuilder.java:processTables(161)) - Using default column profile:DBProfile.DISK for Table:bucketTable
2019-07-30 18:56:05,334 INFO  db.DBStoreBuilder (DBStoreBuilder.java:addTable(110)) - using custom profile for table: keyTable
2019-07-30 18:56:05,334 INFO  db.DBStoreBuilder (DBStoreBuilder.java:processTables(161)) - Using default column profile:DBProfile.DISK for Table:keyTable
2019-07-30 18:56:05,334 INFO  db.DBStoreBuilder (DBStoreBuilder.java:addTable(110)) - using custom profile for table: deletedTable
2019-07-30 18:56:05,335 INFO  db.DBStoreBuilder (DBStoreBuilder.java:processTables(161)) - Using default column profile:DBProfile.DISK for Table:deletedTable
2019-07-30 18:56:05,335 INFO  db.DBStoreBuilder (DBStoreBuilder.java:addTable(110)) - using custom profile for table: openKeyTable
2019-07-30 18:56:05,335 INFO  db.DBStoreBuilder (DBStoreBuilder.java:processTables(161)) - Using default column profile:DBProfile.DISK for Table:openKeyTable
2019-07-30 18:56:05,335 INFO  db.DBStoreBuilder (DBStoreBuilder.java:addTable(110)) - using custom profile for table: s3Table
2019-07-30 18:56:05,335 INFO  db.DBStoreBuilder (DBStoreBuilder.java:processTables(161)) - Using default column profile:DBProfile.DISK for Table:s3Table
2019-07-30 18:56:05,336 INFO  db.DBStoreBuilder (DBStoreBuilder.java:addTable(110)) - using custom profile for table: multipartInfoTable
2019-07-30 18:56:05,336 INFO  db.DBStoreBuilder (DBStoreBuilder.java:processTables(161)) - Using default column profile:DBProfile.DISK for Table:multipartInfoTable
2019-07-30 18:56:05,336 INFO  db.DBStoreBuilder (DBStoreBuilder.java:addTable(110)) - using custom profile for table: dTokenTable
2019-07-30 18:56:05,336 INFO  db.DBStoreBuilder (DBStoreBuilder.java:processTables(161)) - Using default column profile:DBProfile.DISK for Table:dTokenTable
2019-07-30 18:56:05,337 INFO  db.DBStoreBuilder (DBStoreBuilder.java:addTable(110)) - using custom profile for table: s3SecretTable
2019-07-30 18:56:05,337 INFO  db.DBStoreBuilder (DBStoreBuilder.java:processTables(161)) - Using default column profile:DBProfile.DISK for Table:s3SecretTable
2019-07-30 18:56:05,337 INFO  db.DBStoreBuilder (DBStoreBuilder.java:addTable(110)) - using custom profile for table: prefixTable
2019-07-30 18:56:05,337 INFO  db.DBStoreBuilder (DBStoreBuilder.java:processTables(161)) - Using default column profile:DBProfile.DISK for Table:prefixTable
2019-07-30 18:56:05,338 INFO  db.DBStoreBuilder (DBStoreBuilder.java:addTable(110)) - using custom profile for table: default
2019-07-30 18:56:05,338 INFO  db.DBStoreBuilder (DBStoreBuilder.java:processTables(167)) - Using default column profile:DBProfile.DISK for Table:default
2019-07-30 18:56:05,338 INFO  db.DBStoreBuilder (DBStoreBuilder.java:getDbProfile(198)) - Using default options. DBProfile.DISK
2019-07-30 18:56:05,863 INFO  ipc.CallQueueManager (CallQueueManager.java:<init>(84)) - Using callQueue: class java.util.concurrent.LinkedBlockingQueue, queueCapacity: 2000, scheduler: class org.apache.hadoop.ipc.DefaultRpcScheduler, ipcBackoff: false.
2019-07-30 18:56:05,864 INFO  ipc.Server (Server.java:run(1074)) - Starting Socket Reader #1 for port 39101
2019-07-30 18:56:05,886 INFO  om.OzoneManager (OzoneManager.java:start(1255)) - OzoneManager RPC server is listening at localhost/127.0.0.1:39101
2019-07-30 18:56:05,886 INFO  impl.MetricsSystemImpl (MetricsSystemImpl.java:init(158)) - OzoneManager metrics system started (again)
2019-07-30 18:56:05,888 INFO  ipc.Server (Server.java:run(1314)) - IPC Server Responder: starting
2019-07-30 18:56:05,889 INFO  ipc.Server (Server.java:run(1153)) - IPC Server listener on 39101: starting
2019-07-30 18:56:05,902 INFO  hdfs.DFSUtil (DFSUtil.java:httpServerTemplateForNNAndJN(1641)) - Starting Web-server for ozoneManager at: http://0.0.0.0:0
2019-07-30 18:56:05,905 INFO  server.AuthenticationFilter (AuthenticationFilter.java:constructSecretProvider(240)) - Unable to initialize FileSignerSecretProvider, falling back to use random secrets.
2019-07-30 18:56:05,906 WARN  http.HttpRequestLog (HttpRequestLog.java:getRequestLog(97)) - Jetty request log can only be enabled using Log4j
2019-07-30 18:56:05,910 INFO  http.HttpServer2 (HttpServer2.java:addGlobalFilter(975)) - Added global filter 'safety' (class=org.apache.hadoop.http.HttpServer2$QuotingInputFilter)
2019-07-30 18:56:05,911 INFO  http.HttpServer2 (HttpServer2.java:addFilter(948)) - Added filter static_user_filter (class=org.apache.hadoop.http.lib.StaticUserWebFilter$StaticUserFilter) to context ozoneManager
2019-07-30 18:56:05,912 INFO  http.HttpServer2 (HttpServer2.java:addFilter(958)) - Added filter static_user_filter (class=org.apache.hadoop.http.lib.StaticUserWebFilter$StaticUserFilter) to context logs
2019-07-30 18:56:05,912 INFO  http.HttpServer2 (HttpServer2.java:addFilter(958)) - Added filter static_user_filter (class=org.apache.hadoop.http.lib.StaticUserWebFilter$StaticUserFilter) to context static
2019-07-30 18:56:05,915 INFO  http.HttpServer2 (HttpServer2.java:bindListener(1191)) - Jetty bound to port 33718
2019-07-30 18:56:05,915 INFO  server.Server (Server.java:doStart(351)) - jetty-9.3.24.v20180605, build timestamp: 2018-06-05T17:11:56Z, git hash: 84205aa28f11a4f31f2a3b86d1bba2cc8ab69827
2019-07-30 18:56:05,918 INFO  handler.ContextHandler (ContextHandler.java:doStart(781)) - Started o.e.j.s.ServletContextHandler@126be319{/logs,file:///workdir/hadoop-ozone/tools/target/log,AVAILABLE}
2019-07-30 18:56:05,919 INFO  handler.ContextHandler (ContextHandler.java:doStart(781)) - Started o.e.j.s.ServletContextHandler@5c371e13{/static,file:///workdir/hadoop-ozone/ozone-manager/target/classes/webapps/static/,AVAILABLE}
2019-07-30 18:56:05,937 INFO  handler.ContextHandler (ContextHandler.java:doStart(781)) - Started o.e.j.w.WebAppContext@27f0ad19{/,file:///workdir/hadoop-ozone/ozone-manager/target/classes/webapps/ozoneManager/,AVAILABLE}{/ozoneManager}
2019-07-30 18:56:05,938 INFO  server.AbstractConnector (AbstractConnector.java:doStart(278)) - Started ServerConnector@54e81b21{HTTP/1.1,[http/1.1]}{0.0.0.0:33718}
2019-07-30 18:56:05,939 INFO  server.Server (Server.java:doStart(419)) - Started @4186ms
2019-07-30 18:56:05,940 INFO  server.BaseHttpServer (BaseHttpServer.java:updateConnectorAddress(207)) - HTTP server of OZONEMANAGER is listening at http://0.0.0.0:33718
2019-07-30 18:56:06,286 INFO  impl.MetricsSystemImpl (MetricsSystemImpl.java:init(158)) - HddsDatanode metrics system started (again)
2019-07-30 18:56:06,375 INFO  ozone.HddsDatanodeService (HddsDatanodeService.java:start(184)) - HddsDatanodeService host:byscane-nightly-d7s94-2126464438 ip:192.168.69.76
2019-07-30 18:56:06,409 INFO  volume.HddsVolume (HddsVolume.java:<init>(176)) - Creating Volume: /workdir/hadoop-ozone/tools/target/test-dir/MiniOzoneClusterImpl-b7ce9aa7-7a71-4292-bfb2-70259e217b18/datanode-0/data/containers/hdds of  storage type : DISK and capacity : 52710309888
2019-07-30 18:56:06,411 INFO  volume.VolumeSet (VolumeSet.java:initializeVolumeSet(170)) - Added Volume : /workdir/hadoop-ozone/tools/target/test-dir/MiniOzoneClusterImpl-b7ce9aa7-7a71-4292-bfb2-70259e217b18/datanode-0/data/containers/hdds to VolumeSet
2019-07-30 18:56:06,414 INFO  volume.ThrottledAsyncChecker (ThrottledAsyncChecker.java:schedule(140)) - Scheduling a check for org.apache.hadoop.ozone.container.common.volume.HddsVolume@1517f633
2019-07-30 18:56:06,432 INFO  volume.HddsVolumeChecker (HddsVolumeChecker.java:checkAllVolumes(203)) - Scheduled health check for volume org.apache.hadoop.ozone.container.common.volume.HddsVolume@1517f633
2019-07-30 18:56:06,539 INFO  impl.RaftServerProxy (ConfUtils.java:logGet(43)) - raft.rpc.type = GRPC (default)
2019-07-30 18:56:06,608 INFO  grpc.GrpcFactory (GrpcFactory.java:checkPooledByteBufAllocatorUseCacheForAllThreads(45)) - PERFORMANCE WARNING: useCacheForAllThreads is true that may cause Netty to create a lot garbage objects and, as a result, trigger GC.
	It is recommended to disable useCacheForAllThreads by setting -Dorg.apache.ratis.thirdparty.io.netty.allocator.useCacheForAllThreads=false in command line.
2019-07-30 18:56:06,613 INFO  grpc.GrpcConfigKeys$Server (ConfUtils.java:logGet(43)) - raft.grpc.server.port = 0 (default)
2019-07-30 18:56:06,614 INFO  server.GrpcService (ConfUtils.java:logGet(43)) - raft.grpc.message.size.max = 33570816 (custom)
2019-07-30 18:56:06,615 INFO  server.RaftServerConfigKeys (ConfUtils.java:logGet(43)) - raft.server.log.appender.buffer.byte-limit = 33554432 (custom)
2019-07-30 18:56:06,616 INFO  server.GrpcService (ConfUtils.java:logGet(43)) - raft.grpc.flow.control.window = 1MB (=1048576) (default)
2019-07-30 18:56:06,617 INFO  server.RaftServerConfigKeys (ConfUtils.java:logGet(43)) - raft.server.rpc.request.timeout = 3000ms (default)
2019-07-30 18:56:06,789 INFO  server.RaftServerConfigKeys (ConfUtils.java:logGet(43)) - raft.server.storage.dir = [/workdir/hadoop-ozone/tools/target/test-dir/MiniOzoneClusterImpl-b7ce9aa7-7a71-4292-bfb2-70259e217b18/datanode-0/data/ratis] (custom)
2019-07-30 18:56:06,847 INFO  replication.SimpleContainerDownloader (SimpleContainerDownloader.java:<init>(72)) - Starting container downloader service to copy containers to replicate.
2019-07-30 18:56:06,869 INFO  hdfs.DFSUtil (DFSUtil.java:httpServerTemplateForNNAndJN(1641)) - Starting Web-server for hddsDatanode at: http://0.0.0.0:0
2019-07-30 18:56:06,872 INFO  server.AuthenticationFilter (AuthenticationFilter.java:constructSecretProvider(240)) - Unable to initialize FileSignerSecretProvider, falling back to use random secrets.
2019-07-30 18:56:06,875 WARN  http.HttpRequestLog (HttpRequestLog.java:getRequestLog(97)) - Jetty request log can only be enabled using Log4j
2019-07-30 18:56:06,878 INFO  http.HttpServer2 (HttpServer2.java:addGlobalFilter(975)) - Added global filter 'safety' (class=org.apache.hadoop.http.HttpServer2$QuotingInputFilter)
2019-07-30 18:56:06,880 INFO  http.HttpServer2 (HttpServer2.java:addFilter(948)) - Added filter static_user_filter (class=org.apache.hadoop.http.lib.StaticUserWebFilter$StaticUserFilter) to context hddsDatanode
2019-07-30 18:56:06,880 INFO  http.HttpServer2 (HttpServer2.java:addFilter(958)) - Added filter static_user_filter (class=org.apache.hadoop.http.lib.StaticUserWebFilter$StaticUserFilter) to context logs
2019-07-30 18:56:06,880 INFO  http.HttpServer2 (HttpServer2.java:addFilter(958)) - Added filter static_user_filter (class=org.apache.hadoop.http.lib.StaticUserWebFilter$StaticUserFilter) to context static
2019-07-30 18:56:06,883 INFO  http.HttpServer2 (HttpServer2.java:bindListener(1191)) - Jetty bound to port 45359
2019-07-30 18:56:06,883 INFO  server.Server (Server.java:doStart(351)) - jetty-9.3.24.v20180605, build timestamp: 2018-06-05T17:11:56Z, git hash: 84205aa28f11a4f31f2a3b86d1bba2cc8ab69827
2019-07-30 18:56:06,887 INFO  handler.ContextHandler (ContextHandler.java:doStart(781)) - Started o.e.j.s.ServletContextHandler@70f31322{/logs,file:///workdir/hadoop-ozone/tools/target/log,AVAILABLE}
2019-07-30 18:56:06,888 INFO  handler.ContextHandler (ContextHandler.java:doStart(781)) - Started o.e.j.s.ServletContextHandler@3be4fcc0{/static,file:///workdir/hadoop-hdds/container-service/target/classes/webapps/static,AVAILABLE}
2019-07-30 18:56:06,898 INFO  handler.ContextHandler (ContextHandler.java:doStart(781)) - Started o.e.j.w.WebAppContext@226eba67{/,file:///workdir/hadoop-hdds/container-service/target/classes/webapps/hddsDatanode/,AVAILABLE}{/hddsDatanode}
2019-07-30 18:56:06,903 INFO  server.AbstractConnector (AbstractConnector.java:doStart(278)) - Started ServerConnector@1cb7936c{HTTP/1.1,[http/1.1]}{0.0.0.0:45359}
2019-07-30 18:56:06,904 INFO  server.Server (Server.java:doStart(419)) - Started @5152ms
2019-07-30 18:56:06,906 INFO  server.BaseHttpServer (BaseHttpServer.java:updateConnectorAddress(207)) - HTTP server of HDDSDATANODE is listening at http://0.0.0.0:45359
2019-07-30 18:56:08,051 INFO  ozone.HddsDatanodeService (HddsDatanodeService.java:startPlugins(395)) - Started plug-in org.apache.hadoop.ozone.web.OzoneHddsDatanodeService@49a6f486
2019-07-30 18:56:08,055 INFO  impl.MetricsSystemImpl (MetricsSystemImpl.java:init(158)) - HddsDatanode metrics system started (again)
2019-07-30 18:56:08,062 INFO  util.JvmPauseMonitor (JvmPauseMonitor.java:run(188)) - Starting JVM pause monitor
2019-07-30 18:56:08,065 INFO  ozone.HddsDatanodeService (HddsDatanodeService.java:start(184)) - HddsDatanodeService host:byscane-nightly-d7s94-2126464438 ip:192.168.69.76
2019-07-30 18:56:08,078 INFO  volume.HddsVolume (HddsVolume.java:<init>(176)) - Creating Volume: /workdir/hadoop-ozone/tools/target/test-dir/MiniOzoneClusterImpl-b7ce9aa7-7a71-4292-bfb2-70259e217b18/datanode-1/data/containers/hdds of  storage type : DISK and capacity : 52710309888
2019-07-30 18:56:08,078 INFO  volume.VolumeSet (VolumeSet.java:initializeVolumeSet(170)) - Added Volume : /workdir/hadoop-ozone/tools/target/test-dir/MiniOzoneClusterImpl-b7ce9aa7-7a71-4292-bfb2-70259e217b18/datanode-1/data/containers/hdds to VolumeSet
2019-07-30 18:56:08,079 INFO  volume.ThrottledAsyncChecker (ThrottledAsyncChecker.java:schedule(140)) - Scheduling a check for org.apache.hadoop.ozone.container.common.volume.HddsVolume@5cbd94b2
2019-07-30 18:56:08,079 INFO  volume.HddsVolumeChecker (HddsVolumeChecker.java:checkAllVolumes(203)) - Scheduled health check for volume org.apache.hadoop.ozone.container.common.volume.HddsVolume@5cbd94b2
2019-07-30 18:56:08,098 INFO  impl.RaftServerProxy (ConfUtils.java:logGet(43)) - raft.rpc.type = GRPC (default)
2019-07-30 18:56:08,098 INFO  grpc.GrpcFactory (GrpcFactory.java:checkPooledByteBufAllocatorUseCacheForAllThreads(45)) - PERFORMANCE WARNING: useCacheForAllThreads is true that may cause Netty to create a lot garbage objects and, as a result, trigger GC.
	It is recommended to disable useCacheForAllThreads by setting -Dorg.apache.ratis.thirdparty.io.netty.allocator.useCacheForAllThreads=false in command line.
2019-07-30 18:56:08,098 INFO  grpc.GrpcConfigKeys$Server (ConfUtils.java:logGet(43)) - raft.grpc.server.port = 0 (default)
2019-07-30 18:56:08,099 INFO  server.GrpcService (ConfUtils.java:logGet(43)) - raft.grpc.message.size.max = 33570816 (custom)
2019-07-30 18:56:08,099 INFO  server.RaftServerConfigKeys (ConfUtils.java:logGet(43)) - raft.server.log.appender.buffer.byte-limit = 33554432 (custom)
2019-07-30 18:56:08,099 INFO  server.GrpcService (ConfUtils.java:logGet(43)) - raft.grpc.flow.control.window = 1MB (=1048576) (default)
2019-07-30 18:56:08,099 INFO  server.RaftServerConfigKeys (ConfUtils.java:logGet(43)) - raft.server.rpc.request.timeout = 3000ms (default)
2019-07-30 18:56:08,100 INFO  server.RaftServerConfigKeys (ConfUtils.java:logGet(43)) - raft.server.storage.dir = [/workdir/hadoop-ozone/tools/target/test-dir/MiniOzoneClusterImpl-b7ce9aa7-7a71-4292-bfb2-70259e217b18/datanode-1/data/ratis] (custom)
2019-07-30 18:56:08,101 INFO  replication.SimpleContainerDownloader (SimpleContainerDownloader.java:<init>(72)) - Starting container downloader service to copy containers to replicate.
2019-07-30 18:56:08,104 INFO  hdfs.DFSUtil (DFSUtil.java:httpServerTemplateForNNAndJN(1641)) - Starting Web-server for hddsDatanode at: http://0.0.0.0:0
2019-07-30 18:56:08,106 INFO  server.AuthenticationFilter (AuthenticationFilter.java:constructSecretProvider(240)) - Unable to initialize FileSignerSecretProvider, falling back to use random secrets.
2019-07-30 18:56:08,108 WARN  http.HttpRequestLog (HttpRequestLog.java:getRequestLog(97)) - Jetty request log can only be enabled using Log4j
2019-07-30 18:56:08,110 INFO  http.HttpServer2 (HttpServer2.java:addGlobalFilter(975)) - Added global filter 'safety' (class=org.apache.hadoop.http.HttpServer2$QuotingInputFilter)
2019-07-30 18:56:08,111 INFO  http.HttpServer2 (HttpServer2.java:addFilter(948)) - Added filter static_user_filter (class=org.apache.hadoop.http.lib.StaticUserWebFilter$StaticUserFilter) to context hddsDatanode
2019-07-30 18:56:08,111 INFO  http.HttpServer2 (HttpServer2.java:addFilter(958)) - Added filter static_user_filter (class=org.apache.hadoop.http.lib.StaticUserWebFilter$StaticUserFilter) to context logs
2019-07-30 18:56:08,112 INFO  http.HttpServer2 (HttpServer2.java:addFilter(958)) - Added filter static_user_filter (class=org.apache.hadoop.http.lib.StaticUserWebFilter$StaticUserFilter) to context static
2019-07-30 18:56:08,112 INFO  http.HttpServer2 (HttpServer2.java:bindListener(1191)) - Jetty bound to port 45069
2019-07-30 18:56:08,113 INFO  server.Server (Server.java:doStart(351)) - jetty-9.3.24.v20180605, build timestamp: 2018-06-05T17:11:56Z, git hash: 84205aa28f11a4f31f2a3b86d1bba2cc8ab69827
2019-07-30 18:56:08,117 INFO  handler.ContextHandler (ContextHandler.java:doStart(781)) - Started o.e.j.s.ServletContextHandler@3e8b3b79{/logs,file:///workdir/hadoop-ozone/tools/target/log,AVAILABLE}
2019-07-30 18:56:08,117 INFO  handler.ContextHandler (ContextHandler.java:doStart(781)) - Started o.e.j.s.ServletContextHandler@518ddd3b{/static,file:///workdir/hadoop-hdds/container-service/target/classes/webapps/static,AVAILABLE}
2019-07-30 18:56:08,122 INFO  handler.ContextHandler (ContextHandler.java:doStart(781)) - Started o.e.j.w.WebAppContext@64dae3b7{/,file:///workdir/hadoop-hdds/container-service/target/classes/webapps/hddsDatanode/,AVAILABLE}{/hddsDatanode}
2019-07-30 18:56:08,123 INFO  server.AbstractConnector (AbstractConnector.java:doStart(278)) - Started ServerConnector@1fedf0a4{HTTP/1.1,[http/1.1]}{0.0.0.0:45069}
2019-07-30 18:56:08,125 INFO  server.Server (Server.java:doStart(419)) - Started @6373ms
2019-07-30 18:56:08,126 INFO  server.BaseHttpServer (BaseHttpServer.java:updateConnectorAddress(207)) - HTTP server of HDDSDATANODE is listening at http://0.0.0.0:45069
2019-07-30 18:56:08,202 INFO  datanode.InitDatanodeState (InitDatanodeState.java:persistContainerDatanodeDetails(140)) - DatanodeDetails is persisted to /workdir/hadoop-ozone/tools/target/test-dir/MiniOzoneClusterImpl-b7ce9aa7-7a71-4292-bfb2-70259e217b18/datanode-0/meta/datanode.id
2019-07-30 18:56:08,298 INFO  ozone.HddsDatanodeService (HddsDatanodeService.java:startPlugins(395)) - Started plug-in org.apache.hadoop.ozone.web.OzoneHddsDatanodeService@6870c3c2
2019-07-30 18:56:08,298 INFO  impl.MetricsSystemImpl (MetricsSystemImpl.java:init(158)) - HddsDatanode metrics system started (again)
2019-07-30 18:56:08,301 INFO  util.JvmPauseMonitor (JvmPauseMonitor.java:run(188)) - Starting JVM pause monitor
2019-07-30 18:56:08,301 INFO  ozone.HddsDatanodeService (HddsDatanodeService.java:start(184)) - HddsDatanodeService host:byscane-nightly-d7s94-2126464438 ip:192.168.69.76
2019-07-30 18:56:08,307 INFO  datanode.InitDatanodeState (InitDatanodeState.java:persistContainerDatanodeDetails(140)) - DatanodeDetails is persisted to /workdir/hadoop-ozone/tools/target/test-dir/MiniOzoneClusterImpl-b7ce9aa7-7a71-4292-bfb2-70259e217b18/datanode-1/meta/datanode.id
2019-07-30 18:56:08,311 INFO  volume.HddsVolume (HddsVolume.java:<init>(176)) - Creating Volume: /workdir/hadoop-ozone/tools/target/test-dir/MiniOzoneClusterImpl-b7ce9aa7-7a71-4292-bfb2-70259e217b18/datanode-2/data/containers/hdds of  storage type : DISK and capacity : 52710309888
2019-07-30 18:56:08,312 INFO  volume.VolumeSet (VolumeSet.java:initializeVolumeSet(170)) - Added Volume : /workdir/hadoop-ozone/tools/target/test-dir/MiniOzoneClusterImpl-b7ce9aa7-7a71-4292-bfb2-70259e217b18/datanode-2/data/containers/hdds to VolumeSet
2019-07-30 18:56:08,312 INFO  volume.ThrottledAsyncChecker (ThrottledAsyncChecker.java:schedule(140)) - Scheduling a check for org.apache.hadoop.ozone.container.common.volume.HddsVolume@233db8e9
2019-07-30 18:56:08,312 INFO  volume.HddsVolumeChecker (HddsVolumeChecker.java:checkAllVolumes(203)) - Scheduled health check for volume org.apache.hadoop.ozone.container.common.volume.HddsVolume@233db8e9
2019-07-30 18:56:08,328 INFO  impl.RaftServerProxy (ConfUtils.java:logGet(43)) - raft.rpc.type = GRPC (default)
2019-07-30 18:56:08,329 INFO  grpc.GrpcFactory (GrpcFactory.java:checkPooledByteBufAllocatorUseCacheForAllThreads(45)) - PERFORMANCE WARNING: useCacheForAllThreads is true that may cause Netty to create a lot garbage objects and, as a result, trigger GC.
	It is recommended to disable useCacheForAllThreads by setting -Dorg.apache.ratis.thirdparty.io.netty.allocator.useCacheForAllThreads=false in command line.
2019-07-30 18:56:08,329 INFO  grpc.GrpcConfigKeys$Server (ConfUtils.java:logGet(43)) - raft.grpc.server.port = 0 (default)
2019-07-30 18:56:08,329 INFO  server.GrpcService (ConfUtils.java:logGet(43)) - raft.grpc.message.size.max = 33570816 (custom)
2019-07-30 18:56:08,329 INFO  server.RaftServerConfigKeys (ConfUtils.java:logGet(43)) - raft.server.log.appender.buffer.byte-limit = 33554432 (custom)
2019-07-30 18:56:08,330 INFO  server.GrpcService (ConfUtils.java:logGet(43)) - raft.grpc.flow.control.window = 1MB (=1048576) (default)
2019-07-30 18:56:08,330 INFO  server.RaftServerConfigKeys (ConfUtils.java:logGet(43)) - raft.server.rpc.request.timeout = 3000ms (default)
2019-07-30 18:56:08,331 INFO  server.RaftServerConfigKeys (ConfUtils.java:logGet(43)) - raft.server.storage.dir = [/workdir/hadoop-ozone/tools/target/test-dir/MiniOzoneClusterImpl-b7ce9aa7-7a71-4292-bfb2-70259e217b18/datanode-2/data/ratis] (custom)
2019-07-30 18:56:08,331 INFO  replication.SimpleContainerDownloader (SimpleContainerDownloader.java:<init>(72)) - Starting container downloader service to copy containers to replicate.
2019-07-30 18:56:08,333 INFO  hdfs.DFSUtil (DFSUtil.java:httpServerTemplateForNNAndJN(1641)) - Starting Web-server for hddsDatanode at: http://0.0.0.0:0
2019-07-30 18:56:08,335 INFO  server.AuthenticationFilter (AuthenticationFilter.java:constructSecretProvider(240)) - Unable to initialize FileSignerSecretProvider, falling back to use random secrets.
2019-07-30 18:56:08,336 WARN  http.HttpRequestLog (HttpRequestLog.java:getRequestLog(97)) - Jetty request log can only be enabled using Log4j
2019-07-30 18:56:08,339 INFO  http.HttpServer2 (HttpServer2.java:addGlobalFilter(975)) - Added global filter 'safety' (class=org.apache.hadoop.http.HttpServer2$QuotingInputFilter)
2019-07-30 18:56:08,340 INFO  http.HttpServer2 (HttpServer2.java:addFilter(948)) - Added filter static_user_filter (class=org.apache.hadoop.http.lib.StaticUserWebFilter$StaticUserFilter) to context hddsDatanode
2019-07-30 18:56:08,341 INFO  http.HttpServer2 (HttpServer2.java:addFilter(958)) - Added filter static_user_filter (class=org.apache.hadoop.http.lib.StaticUserWebFilter$StaticUserFilter) to context static
2019-07-30 18:56:08,341 INFO  http.HttpServer2 (HttpServer2.java:addFilter(958)) - Added filter static_user_filter (class=org.apache.hadoop.http.lib.StaticUserWebFilter$StaticUserFilter) to context logs
2019-07-30 18:56:08,342 INFO  http.HttpServer2 (HttpServer2.java:bindListener(1191)) - Jetty bound to port 36306
2019-07-30 18:56:08,343 INFO  server.Server (Server.java:doStart(351)) - jetty-9.3.24.v20180605, build timestamp: 2018-06-05T17:11:56Z, git hash: 84205aa28f11a4f31f2a3b86d1bba2cc8ab69827
2019-07-30 18:56:08,346 INFO  handler.ContextHandler (ContextHandler.java:doStart(781)) - Started o.e.j.s.ServletContextHandler@7980cf2c{/logs,file:///workdir/hadoop-ozone/tools/target/log,AVAILABLE}
2019-07-30 18:56:08,347 INFO  handler.ContextHandler (ContextHandler.java:doStart(781)) - Started o.e.j.s.ServletContextHandler@759de304{/static,file:///workdir/hadoop-hdds/container-service/target/classes/webapps/static,AVAILABLE}
2019-07-30 18:56:08,354 INFO  handler.ContextHandler (ContextHandler.java:doStart(781)) - Started o.e.j.w.WebAppContext@7bcecef6{/,file:///workdir/hadoop-hdds/container-service/target/classes/webapps/hddsDatanode/,AVAILABLE}{/hddsDatanode}
2019-07-30 18:56:08,355 INFO  server.AbstractConnector (AbstractConnector.java:doStart(278)) - Started ServerConnector@46046c06{HTTP/1.1,[http/1.1]}{0.0.0.0:36306}
2019-07-30 18:56:08,356 INFO  server.Server (Server.java:doStart(419)) - Started @6603ms
2019-07-30 18:56:08,357 INFO  server.BaseHttpServer (BaseHttpServer.java:updateConnectorAddress(207)) - HTTP server of HDDSDATANODE is listening at http://0.0.0.0:36306
2019-07-30 18:56:08,516 INFO  ozone.HddsDatanodeService (HddsDatanodeService.java:startPlugins(395)) - Started plug-in org.apache.hadoop.ozone.web.OzoneHddsDatanodeService@2e43c38d
2019-07-30 18:56:08,516 INFO  impl.MetricsSystemImpl (MetricsSystemImpl.java:init(158)) - HddsDatanode metrics system started (again)
2019-07-30 18:56:08,520 INFO  ozone.HddsDatanodeService (HddsDatanodeService.java:start(184)) - HddsDatanodeService host:byscane-nightly-d7s94-2126464438 ip:192.168.69.76
2019-07-30 18:56:08,521 INFO  util.JvmPauseMonitor (JvmPauseMonitor.java:run(188)) - Starting JVM pause monitor
2019-07-30 18:56:08,524 INFO  datanode.InitDatanodeState (InitDatanodeState.java:persistContainerDatanodeDetails(140)) - DatanodeDetails is persisted to /workdir/hadoop-ozone/tools/target/test-dir/MiniOzoneClusterImpl-b7ce9aa7-7a71-4292-bfb2-70259e217b18/datanode-2/meta/datanode.id
2019-07-30 18:56:08,527 INFO  volume.HddsVolume (HddsVolume.java:<init>(176)) - Creating Volume: /workdir/hadoop-ozone/tools/target/test-dir/MiniOzoneClusterImpl-b7ce9aa7-7a71-4292-bfb2-70259e217b18/datanode-3/data/containers/hdds of  storage type : DISK and capacity : 52710309888
2019-07-30 18:56:08,527 INFO  volume.VolumeSet (VolumeSet.java:initializeVolumeSet(170)) - Added Volume : /workdir/hadoop-ozone/tools/target/test-dir/MiniOzoneClusterImpl-b7ce9aa7-7a71-4292-bfb2-70259e217b18/datanode-3/data/containers/hdds to VolumeSet
2019-07-30 18:56:08,528 INFO  volume.ThrottledAsyncChecker (ThrottledAsyncChecker.java:schedule(140)) - Scheduling a check for org.apache.hadoop.ozone.container.common.volume.HddsVolume@2bbb44da
2019-07-30 18:56:08,528 INFO  volume.HddsVolumeChecker (HddsVolumeChecker.java:checkAllVolumes(203)) - Scheduled health check for volume org.apache.hadoop.ozone.container.common.volume.HddsVolume@2bbb44da
2019-07-30 18:56:08,545 INFO  impl.RaftServerProxy (ConfUtils.java:logGet(43)) - raft.rpc.type = GRPC (default)
2019-07-30 18:56:08,545 INFO  grpc.GrpcFactory (GrpcFactory.java:checkPooledByteBufAllocatorUseCacheForAllThreads(45)) - PERFORMANCE WARNING: useCacheForAllThreads is true that may cause Netty to create a lot garbage objects and, as a result, trigger GC.
	It is recommended to disable useCacheForAllThreads by setting -Dorg.apache.ratis.thirdparty.io.netty.allocator.useCacheForAllThreads=false in command line.
2019-07-30 18:56:08,545 INFO  grpc.GrpcConfigKeys$Server (ConfUtils.java:logGet(43)) - raft.grpc.server.port = 0 (default)
2019-07-30 18:56:08,545 INFO  server.GrpcService (ConfUtils.java:logGet(43)) - raft.grpc.message.size.max = 33570816 (custom)
2019-07-30 18:56:08,546 INFO  server.RaftServerConfigKeys (ConfUtils.java:logGet(43)) - raft.server.log.appender.buffer.byte-limit = 33554432 (custom)
2019-07-30 18:56:08,546 INFO  server.GrpcService (ConfUtils.java:logGet(43)) - raft.grpc.flow.control.window = 1MB (=1048576) (default)
2019-07-30 18:56:08,546 INFO  server.RaftServerConfigKeys (ConfUtils.java:logGet(43)) - raft.server.rpc.request.timeout = 3000ms (default)
2019-07-30 18:56:08,547 INFO  server.RaftServerConfigKeys (ConfUtils.java:logGet(43)) - raft.server.storage.dir = [/workdir/hadoop-ozone/tools/target/test-dir/MiniOzoneClusterImpl-b7ce9aa7-7a71-4292-bfb2-70259e217b18/datanode-3/data/ratis] (custom)
2019-07-30 18:56:08,547 INFO  replication.SimpleContainerDownloader (SimpleContainerDownloader.java:<init>(72)) - Starting container downloader service to copy containers to replicate.
2019-07-30 18:56:08,548 INFO  hdfs.DFSUtil (DFSUtil.java:httpServerTemplateForNNAndJN(1641)) - Starting Web-server for hddsDatanode at: http://0.0.0.0:0
2019-07-30 18:56:08,550 INFO  server.AuthenticationFilter (AuthenticationFilter.java:constructSecretProvider(240)) - Unable to initialize FileSignerSecretProvider, falling back to use random secrets.
2019-07-30 18:56:08,550 WARN  http.HttpRequestLog (HttpRequestLog.java:getRequestLog(97)) - Jetty request log can only be enabled using Log4j
2019-07-30 18:56:08,552 INFO  http.HttpServer2 (HttpServer2.java:addGlobalFilter(975)) - Added global filter 'safety' (class=org.apache.hadoop.http.HttpServer2$QuotingInputFilter)
2019-07-30 18:56:08,552 INFO  http.HttpServer2 (HttpServer2.java:addFilter(948)) - Added filter static_user_filter (class=org.apache.hadoop.http.lib.StaticUserWebFilter$StaticUserFilter) to context hddsDatanode
2019-07-30 18:56:08,553 INFO  http.HttpServer2 (HttpServer2.java:addFilter(958)) - Added filter static_user_filter (class=org.apache.hadoop.http.lib.StaticUserWebFilter$StaticUserFilter) to context static
2019-07-30 18:56:08,553 INFO  http.HttpServer2 (HttpServer2.java:addFilter(958)) - Added filter static_user_filter (class=org.apache.hadoop.http.lib.StaticUserWebFilter$StaticUserFilter) to context logs
2019-07-30 18:56:08,554 INFO  http.HttpServer2 (HttpServer2.java:bindListener(1191)) - Jetty bound to port 37401
2019-07-30 18:56:08,554 INFO  server.Server (Server.java:doStart(351)) - jetty-9.3.24.v20180605, build timestamp: 2018-06-05T17:11:56Z, git hash: 84205aa28f11a4f31f2a3b86d1bba2cc8ab69827
2019-07-30 18:56:08,558 INFO  handler.ContextHandler (ContextHandler.java:doStart(781)) - Started o.e.j.s.ServletContextHandler@1d0cac30{/logs,file:///workdir/hadoop-ozone/tools/target/log,AVAILABLE}
2019-07-30 18:56:08,558 INFO  handler.ContextHandler (ContextHandler.java:doStart(781)) - Started o.e.j.s.ServletContextHandler@5dfe23e8{/static,file:///workdir/hadoop-hdds/container-service/target/classes/webapps/static,AVAILABLE}
2019-07-30 18:56:08,563 INFO  handler.ContextHandler (ContextHandler.java:doStart(781)) - Started o.e.j.w.WebAppContext@7f323b3a{/,file:///workdir/hadoop-hdds/container-service/target/classes/webapps/hddsDatanode/,AVAILABLE}{/hddsDatanode}
2019-07-30 18:56:08,563 INFO  server.AbstractConnector (AbstractConnector.java:doStart(278)) - Started ServerConnector@4f169009{HTTP/1.1,[http/1.1]}{0.0.0.0:37401}
2019-07-30 18:56:08,564 INFO  server.Server (Server.java:doStart(419)) - Started @6811ms
2019-07-30 18:56:08,564 INFO  server.BaseHttpServer (BaseHttpServer.java:updateConnectorAddress(207)) - HTTP server of HDDSDATANODE is listening at http://0.0.0.0:37401
2019-07-30 18:56:08,740 INFO  ozone.HddsDatanodeService (HddsDatanodeService.java:startPlugins(395)) - Started plug-in org.apache.hadoop.ozone.web.OzoneHddsDatanodeService@5a90265a
2019-07-30 18:56:08,740 INFO  impl.MetricsSystemImpl (MetricsSystemImpl.java:init(158)) - HddsDatanode metrics system started (again)
2019-07-30 18:56:08,744 INFO  ozone.HddsDatanodeService (HddsDatanodeService.java:start(184)) - HddsDatanodeService host:byscane-nightly-d7s94-2126464438 ip:192.168.69.76
2019-07-30 18:56:08,746 INFO  util.JvmPauseMonitor (JvmPauseMonitor.java:run(188)) - Starting JVM pause monitor
2019-07-30 18:56:08,749 INFO  datanode.InitDatanodeState (InitDatanodeState.java:persistContainerDatanodeDetails(140)) - DatanodeDetails is persisted to /workdir/hadoop-ozone/tools/target/test-dir/MiniOzoneClusterImpl-b7ce9aa7-7a71-4292-bfb2-70259e217b18/datanode-3/meta/datanode.id
2019-07-30 18:56:08,754 INFO  volume.HddsVolume (HddsVolume.java:<init>(176)) - Creating Volume: /workdir/hadoop-ozone/tools/target/test-dir/MiniOzoneClusterImpl-b7ce9aa7-7a71-4292-bfb2-70259e217b18/datanode-4/data/containers/hdds of  storage type : DISK and capacity : 52710309888
2019-07-30 18:56:08,754 INFO  volume.VolumeSet (VolumeSet.java:initializeVolumeSet(170)) - Added Volume : /workdir/hadoop-ozone/tools/target/test-dir/MiniOzoneClusterImpl-b7ce9aa7-7a71-4292-bfb2-70259e217b18/datanode-4/data/containers/hdds to VolumeSet
2019-07-30 18:56:08,754 INFO  volume.ThrottledAsyncChecker (ThrottledAsyncChecker.java:schedule(140)) - Scheduling a check for org.apache.hadoop.ozone.container.common.volume.HddsVolume@72543547
2019-07-30 18:56:08,755 INFO  volume.HddsVolumeChecker (HddsVolumeChecker.java:checkAllVolumes(203)) - Scheduled health check for volume org.apache.hadoop.ozone.container.common.volume.HddsVolume@72543547
2019-07-30 18:56:08,769 INFO  impl.RaftServerProxy (ConfUtils.java:logGet(43)) - raft.rpc.type = GRPC (default)
2019-07-30 18:56:08,769 INFO  grpc.GrpcFactory (GrpcFactory.java:checkPooledByteBufAllocatorUseCacheForAllThreads(45)) - PERFORMANCE WARNING: useCacheForAllThreads is true that may cause Netty to create a lot garbage objects and, as a result, trigger GC.
	It is recommended to disable useCacheForAllThreads by setting -Dorg.apache.ratis.thirdparty.io.netty.allocator.useCacheForAllThreads=false in command line.
2019-07-30 18:56:08,770 INFO  grpc.GrpcConfigKeys$Server (ConfUtils.java:logGet(43)) - raft.grpc.server.port = 0 (default)
2019-07-30 18:56:08,770 INFO  server.GrpcService (ConfUtils.java:logGet(43)) - raft.grpc.message.size.max = 33570816 (custom)
2019-07-30 18:56:08,771 INFO  server.RaftServerConfigKeys (ConfUtils.java:logGet(43)) - raft.server.log.appender.buffer.byte-limit = 33554432 (custom)
2019-07-30 18:56:08,771 INFO  server.GrpcService (ConfUtils.java:logGet(43)) - raft.grpc.flow.control.window = 1MB (=1048576) (default)
2019-07-30 18:56:08,771 INFO  server.RaftServerConfigKeys (ConfUtils.java:logGet(43)) - raft.server.rpc.request.timeout = 3000ms (default)
2019-07-30 18:56:08,771 INFO  server.RaftServerConfigKeys (ConfUtils.java:logGet(43)) - raft.server.storage.dir = [/workdir/hadoop-ozone/tools/target/test-dir/MiniOzoneClusterImpl-b7ce9aa7-7a71-4292-bfb2-70259e217b18/datanode-4/data/ratis] (custom)
2019-07-30 18:56:08,772 INFO  replication.SimpleContainerDownloader (SimpleContainerDownloader.java:<init>(72)) - Starting container downloader service to copy containers to replicate.
2019-07-30 18:56:08,773 INFO  hdfs.DFSUtil (DFSUtil.java:httpServerTemplateForNNAndJN(1641)) - Starting Web-server for hddsDatanode at: http://0.0.0.0:0
2019-07-30 18:56:08,776 INFO  server.AuthenticationFilter (AuthenticationFilter.java:constructSecretProvider(240)) - Unable to initialize FileSignerSecretProvider, falling back to use random secrets.
2019-07-30 18:56:08,777 WARN  http.HttpRequestLog (HttpRequestLog.java:getRequestLog(97)) - Jetty request log can only be enabled using Log4j
2019-07-30 18:56:08,779 INFO  http.HttpServer2 (HttpServer2.java:addGlobalFilter(975)) - Added global filter 'safety' (class=org.apache.hadoop.http.HttpServer2$QuotingInputFilter)
2019-07-30 18:56:08,780 INFO  http.HttpServer2 (HttpServer2.java:addFilter(948)) - Added filter static_user_filter (class=org.apache.hadoop.http.lib.StaticUserWebFilter$StaticUserFilter) to context hddsDatanode
2019-07-30 18:56:08,781 INFO  http.HttpServer2 (HttpServer2.java:addFilter(958)) - Added filter static_user_filter (class=org.apache.hadoop.http.lib.StaticUserWebFilter$StaticUserFilter) to context static
2019-07-30 18:56:08,781 INFO  http.HttpServer2 (HttpServer2.java:addFilter(958)) - Added filter static_user_filter (class=org.apache.hadoop.http.lib.StaticUserWebFilter$StaticUserFilter) to context logs
2019-07-30 18:56:08,782 INFO  http.HttpServer2 (HttpServer2.java:bindListener(1191)) - Jetty bound to port 38530
2019-07-30 18:56:08,782 INFO  server.Server (Server.java:doStart(351)) - jetty-9.3.24.v20180605, build timestamp: 2018-06-05T17:11:56Z, git hash: 84205aa28f11a4f31f2a3b86d1bba2cc8ab69827
2019-07-30 18:56:08,785 INFO  handler.ContextHandler (ContextHandler.java:doStart(781)) - Started o.e.j.s.ServletContextHandler@39dec536{/logs,file:///workdir/hadoop-ozone/tools/target/log,AVAILABLE}
2019-07-30 18:56:08,786 INFO  handler.ContextHandler (ContextHandler.java:doStart(781)) - Started o.e.j.s.ServletContextHandler@4cb957b8{/static,file:///workdir/hadoop-hdds/container-service/target/classes/webapps/static,AVAILABLE}
2019-07-30 18:56:08,792 INFO  handler.ContextHandler (ContextHandler.java:doStart(781)) - Started o.e.j.w.WebAppContext@5c134052{/,file:///workdir/hadoop-hdds/container-service/target/classes/webapps/hddsDatanode/,AVAILABLE}{/hddsDatanode}
2019-07-30 18:56:08,793 INFO  server.AbstractConnector (AbstractConnector.java:doStart(278)) - Started ServerConnector@69de5bed{HTTP/1.1,[http/1.1]}{0.0.0.0:38530}
2019-07-30 18:56:08,794 INFO  server.Server (Server.java:doStart(419)) - Started @7041ms
2019-07-30 18:56:08,795 INFO  server.BaseHttpServer (BaseHttpServer.java:updateConnectorAddress(207)) - HTTP server of HDDSDATANODE is listening at http://0.0.0.0:38530
2019-07-30 18:56:08,943 INFO  ozone.HddsDatanodeService (HddsDatanodeService.java:startPlugins(395)) - Started plug-in org.apache.hadoop.ozone.web.OzoneHddsDatanodeService@4a9a878
2019-07-30 18:56:08,946 INFO  ozone.MiniOzoneClusterImpl (MiniOzoneClusterImpl.java:lambda$waitForClusterToBeReady$0(142)) - Waiting for cluster to be ready. Got 0 of 5 DN Heartbeats.
2019-07-30 18:56:08,946 INFO  util.JvmPauseMonitor (JvmPauseMonitor.java:run(188)) - Starting JVM pause monitor
2019-07-30 18:56:08,949 INFO  datanode.InitDatanodeState (InitDatanodeState.java:persistContainerDatanodeDetails(140)) - DatanodeDetails is persisted to /workdir/hadoop-ozone/tools/target/test-dir/MiniOzoneClusterImpl-b7ce9aa7-7a71-4292-bfb2-70259e217b18/datanode-4/meta/datanode.id
2019-07-30 18:56:09,946 INFO  ozone.MiniOzoneClusterImpl (MiniOzoneClusterImpl.java:lambda$waitForClusterToBeReady$0(142)) - Waiting for cluster to be ready. Got 0 of 5 DN Heartbeats.
2019-07-30 18:56:10,215 INFO  ozoneimpl.OzoneContainer (OzoneContainer.java:start(186)) - Attempting to start container services.
2019-07-30 18:56:10,217 INFO  ozoneimpl.OzoneContainer (OzoneContainer.java:startContainerScrub(160)) - Background container scrubber has been disabled by hdds.containerscrub.enabled
2019-07-30 18:56:10,217 INFO  ratis.XceiverServerRatis (XceiverServerRatis.java:start(404)) - Starting XceiverServerRatis dee37eed-b08c-4bdc-b9df-d4cef787bd4b at port 0
2019-07-30 18:56:10,241 INFO  impl.RaftServerProxy (RaftServerProxy.java:lambda$start$3(299)) - dee37eed-b08c-4bdc-b9df-d4cef787bd4b: start RPC server
2019-07-30 18:56:10,318 INFO  ozoneimpl.OzoneContainer (OzoneContainer.java:start(186)) - Attempting to start container services.
2019-07-30 18:56:10,321 INFO  ozoneimpl.OzoneContainer (OzoneContainer.java:startContainerScrub(160)) - Background container scrubber has been disabled by hdds.containerscrub.enabled
2019-07-30 18:56:10,321 INFO  ratis.XceiverServerRatis (XceiverServerRatis.java:start(404)) - Starting XceiverServerRatis 9eae76c3-8e2b-4799-80ab-333cba2ee46d at port 0
2019-07-30 18:56:10,333 INFO  impl.RaftServerProxy (RaftServerProxy.java:lambda$start$3(299)) - 9eae76c3-8e2b-4799-80ab-333cba2ee46d: start RPC server
2019-07-30 18:56:10,422 INFO  server.GrpcService (GrpcService.java:startImpl(149)) - dee37eed-b08c-4bdc-b9df-d4cef787bd4b: GrpcService started, listening on 0.0.0.0/0.0.0.0:38960
2019-07-30 18:56:10,422 INFO  server.GrpcService (GrpcService.java:startImpl(149)) - 9eae76c3-8e2b-4799-80ab-333cba2ee46d: GrpcService started, listening on 0.0.0.0/0.0.0.0:45226
2019-07-30 18:56:10,423 INFO  ratis.XceiverServerRatis (XceiverServerRatis.java:start(414)) - XceiverServerRatis dee37eed-b08c-4bdc-b9df-d4cef787bd4b is started using port 38960
2019-07-30 18:56:10,423 INFO  ratis.XceiverServerRatis (XceiverServerRatis.java:start(414)) - XceiverServerRatis 9eae76c3-8e2b-4799-80ab-333cba2ee46d is started using port 45226
2019-07-30 18:56:10,426 INFO  server.XceiverServerGrpc (XceiverServerGrpc.java:start(161)) - XceiverServerGrpc dee37eed-b08c-4bdc-b9df-d4cef787bd4b is started using port 39276
2019-07-30 18:56:10,430 INFO  server.XceiverServerGrpc (XceiverServerGrpc.java:start(161)) - XceiverServerGrpc 9eae76c3-8e2b-4799-80ab-333cba2ee46d is started using port 40865
2019-07-30 18:56:10,537 INFO  ozoneimpl.OzoneContainer (OzoneContainer.java:start(186)) - Attempting to start container services.
2019-07-30 18:56:10,539 INFO  ozoneimpl.OzoneContainer (OzoneContainer.java:startContainerScrub(160)) - Background container scrubber has been disabled by hdds.containerscrub.enabled
2019-07-30 18:56:10,540 INFO  ratis.XceiverServerRatis (XceiverServerRatis.java:start(404)) - Starting XceiverServerRatis e7c18ed1-d699-403d-a564-75580f46a889 at port 0
2019-07-30 18:56:10,550 INFO  impl.RaftServerProxy (RaftServerProxy.java:lambda$start$3(299)) - e7c18ed1-d699-403d-a564-75580f46a889: start RPC server
2019-07-30 18:56:10,553 INFO  server.GrpcService (GrpcService.java:startImpl(149)) - e7c18ed1-d699-403d-a564-75580f46a889: GrpcService started, listening on 0.0.0.0/0.0.0.0:37597
2019-07-30 18:56:10,553 INFO  ratis.XceiverServerRatis (XceiverServerRatis.java:start(414)) - XceiverServerRatis e7c18ed1-d699-403d-a564-75580f46a889 is started using port 37597
2019-07-30 18:56:10,556 INFO  server.XceiverServerGrpc (XceiverServerGrpc.java:start(161)) - XceiverServerGrpc e7c18ed1-d699-403d-a564-75580f46a889 is started using port 38708
2019-07-30 18:56:10,766 INFO  ozoneimpl.OzoneContainer (OzoneContainer.java:start(186)) - Attempting to start container services.
2019-07-30 18:56:10,768 INFO  ozoneimpl.OzoneContainer (OzoneContainer.java:startContainerScrub(160)) - Background container scrubber has been disabled by hdds.containerscrub.enabled
2019-07-30 18:56:10,768 INFO  ratis.XceiverServerRatis (XceiverServerRatis.java:start(404)) - Starting XceiverServerRatis 1d968ac4-0521-4d6b-9797-d78c30b18beb at port 0
2019-07-30 18:56:10,780 INFO  impl.RaftServerProxy (RaftServerProxy.java:lambda$start$3(299)) - 1d968ac4-0521-4d6b-9797-d78c30b18beb: start RPC server
2019-07-30 18:56:10,784 INFO  server.GrpcService (GrpcService.java:startImpl(149)) - 1d968ac4-0521-4d6b-9797-d78c30b18beb: GrpcService started, listening on 0.0.0.0/0.0.0.0:44979
2019-07-30 18:56:10,784 INFO  ratis.XceiverServerRatis (XceiverServerRatis.java:start(414)) - XceiverServerRatis 1d968ac4-0521-4d6b-9797-d78c30b18beb is started using port 44979
2019-07-30 18:56:10,787 INFO  server.XceiverServerGrpc (XceiverServerGrpc.java:start(161)) - XceiverServerGrpc 1d968ac4-0521-4d6b-9797-d78c30b18beb is started using port 42205
2019-07-30 18:56:10,947 INFO  ozone.MiniOzoneClusterImpl (MiniOzoneClusterImpl.java:lambda$waitForClusterToBeReady$0(142)) - Waiting for cluster to be ready. Got 0 of 5 DN Heartbeats.
2019-07-30 18:56:10,973 INFO  ozoneimpl.OzoneContainer (OzoneContainer.java:start(186)) - Attempting to start container services.
2019-07-30 18:56:10,980 INFO  ozoneimpl.OzoneContainer (OzoneContainer.java:startContainerScrub(160)) - Background container scrubber has been disabled by hdds.containerscrub.enabled
2019-07-30 18:56:10,980 INFO  ratis.XceiverServerRatis (XceiverServerRatis.java:start(404)) - Starting XceiverServerRatis a8e08a43-06d6-4ff3-a2b7-a01daa83b6fa at port 0
2019-07-30 18:56:10,992 INFO  impl.RaftServerProxy (RaftServerProxy.java:lambda$start$3(299)) - a8e08a43-06d6-4ff3-a2b7-a01daa83b6fa: start RPC server
2019-07-30 18:56:10,996 INFO  server.GrpcService (GrpcService.java:startImpl(149)) - a8e08a43-06d6-4ff3-a2b7-a01daa83b6fa: GrpcService started, listening on 0.0.0.0/0.0.0.0:45984
2019-07-30 18:56:10,996 INFO  ratis.XceiverServerRatis (XceiverServerRatis.java:start(414)) - XceiverServerRatis a8e08a43-06d6-4ff3-a2b7-a01daa83b6fa is started using port 45984
2019-07-30 18:56:10,999 INFO  server.XceiverServerGrpc (XceiverServerGrpc.java:start(161)) - XceiverServerGrpc a8e08a43-06d6-4ff3-a2b7-a01daa83b6fa is started using port 39936
2019-07-30 18:56:11,948 INFO  ozone.MiniOzoneClusterImpl (MiniOzoneClusterImpl.java:lambda$waitForClusterToBeReady$0(142)) - Waiting for cluster to be ready. Got 0 of 5 DN Heartbeats.
2019-07-30 18:56:12,109 INFO  net.NetworkTopology (NetworkTopologyImpl.java:add(110)) - Added a new node: /default-rack/dee37eed-b08c-4bdc-b9df-d4cef787bd4b
2019-07-30 18:56:12,109 INFO  node.SCMNodeManager (SCMNodeManager.java:register(273)) - Registered Data node : dee37eed-b08c-4bdc-b9df-d4cef787bd4b{ip: 192.168.69.76, host: byscane-nightly-d7s94-2126464438, networkLocation: /default-rack, certSerialId: null}
2019-07-30 18:56:12,115 INFO  safemode.SCMSafeModeManager (DataNodeSafeModeRule.java:process(71)) - SCM in safe mode. 1 DataNodes registered, 1 required.
2019-07-30 18:56:12,116 INFO  safemode.SCMSafeModeManager (SCMSafeModeManager.java:validateSafeModeExitRules(177)) - ScmSafeModeManager, all rules are successfully validated
2019-07-30 18:56:12,116 INFO  safemode.SCMSafeModeManager (SCMSafeModeManager.java:exitSafeMode(193)) - SCM exiting safe mode.
2019-07-30 18:56:12,306 INFO  net.NetworkTopology (NetworkTopologyImpl.java:add(110)) - Added a new node: /default-rack/9eae76c3-8e2b-4799-80ab-333cba2ee46d
2019-07-30 18:56:12,306 INFO  node.SCMNodeManager (SCMNodeManager.java:register(273)) - Registered Data node : 9eae76c3-8e2b-4799-80ab-333cba2ee46d{ip: 192.168.69.76, host: byscane-nightly-d7s94-2126464438, networkLocation: /default-rack, certSerialId: null}
2019-07-30 18:56:12,525 INFO  net.NetworkTopology (NetworkTopologyImpl.java:add(110)) - Added a new node: /default-rack/e7c18ed1-d699-403d-a564-75580f46a889
2019-07-30 18:56:12,525 INFO  node.SCMNodeManager (SCMNodeManager.java:register(273)) - Registered Data node : e7c18ed1-d699-403d-a564-75580f46a889{ip: 192.168.69.76, host: byscane-nightly-d7s94-2126464438, networkLocation: /default-rack, certSerialId: null}
2019-07-30 18:56:12,733 INFO  impl.RaftServerProxy (RaftServerProxy.java:addNew(89)) - dee37eed-b08c-4bdc-b9df-d4cef787bd4b: addNew group-84D11C2989C8:[dee37eed-b08c-4bdc-b9df-d4cef787bd4b:192.168.69.76:38960] returns group-84D11C2989C8:java.util.concurrent.CompletableFuture@1bffd943[Not completed]
2019-07-30 18:56:12,758 INFO  net.NetworkTopology (NetworkTopologyImpl.java:add(110)) - Added a new node: /default-rack/1d968ac4-0521-4d6b-9797-d78c30b18beb
2019-07-30 18:56:12,759 INFO  node.SCMNodeManager (SCMNodeManager.java:register(273)) - Registered Data node : 1d968ac4-0521-4d6b-9797-d78c30b18beb{ip: 192.168.69.76, host: byscane-nightly-d7s94-2126464438, networkLocation: /default-rack, certSerialId: null}
2019-07-30 18:56:12,765 INFO  impl.RaftServerImpl (RaftServerImpl.java:<init>(93)) - dee37eed-b08c-4bdc-b9df-d4cef787bd4b: new RaftServerImpl for group-84D11C2989C8:[dee37eed-b08c-4bdc-b9df-d4cef787bd4b:192.168.69.76:38960] with ContainerStateMachine:uninitialized
2019-07-30 18:56:12,768 INFO  server.RaftServerConfigKeys (ConfUtils.java:logGet(43)) - raft.server.rpc.timeout.min = 5s (custom)
2019-07-30 18:56:12,769 INFO  server.RaftServerConfigKeys (ConfUtils.java:logGet(43)) - raft.server.rpc.timeout.max = 5200ms (custom)
2019-07-30 18:56:12,769 INFO  server.RaftServerConfigKeys (ConfUtils.java:logGet(43)) - raft.server.rpcslowness.timeout = 120s (custom)
2019-07-30 18:56:12,770 INFO  server.RaftServerConfigKeys (ConfUtils.java:logGet(43)) - raft.server.sleep.deviation.threshold = 300 (default)
2019-07-30 18:56:12,771 INFO  server.RaftServerConfigKeys (ConfUtils.java:logGet(43)) - raft.server.log.appender.install.snapshot.enabled = false (custom)
2019-07-30 18:56:12,781 INFO  impl.RaftServerImpl (ServerState.java:<init>(105)) - dee37eed-b08c-4bdc-b9df-d4cef787bd4b:group-84D11C2989C8 ConfigurationManager, init=-1: [dee37eed-b08c-4bdc-b9df-d4cef787bd4b:192.168.69.76:38960], old=null, confs=<EMPTY_MAP>
2019-07-30 18:56:12,782 INFO  server.RaftServerConfigKeys (ConfUtils.java:logGet(43)) - raft.server.storage.dir = [/workdir/hadoop-ozone/tools/target/test-dir/MiniOzoneClusterImpl-b7ce9aa7-7a71-4292-bfb2-70259e217b18/datanode-0/data/ratis] (custom)
2019-07-30 18:56:12,791 INFO  storage.RaftStorageDirectory (RaftStorageDirectory.java:analyzeStorage(246)) - The storage directory /workdir/hadoop-ozone/tools/target/test-dir/MiniOzoneClusterImpl-b7ce9aa7-7a71-4292-bfb2-70259e217b18/datanode-0/data/ratis/f86a8e9d-c8dd-4fb4-8d0b-84d11c2989c8 does not exist. Creating ...
2019-07-30 18:56:12,810 INFO  storage.RaftStorageDirectory (RaftStorageDirectory.java:tryLock(328)) - Lock on /workdir/hadoop-ozone/tools/target/test-dir/MiniOzoneClusterImpl-b7ce9aa7-7a71-4292-bfb2-70259e217b18/datanode-0/data/ratis/f86a8e9d-c8dd-4fb4-8d0b-84d11c2989c8/in_use.lock acquired by nodename 25960@byscane-nightly-d7s94-2126464438
2019-07-30 18:56:12,826 INFO  storage.RaftStorage (RaftStorage.java:format(72)) - Storage directory /workdir/hadoop-ozone/tools/target/test-dir/MiniOzoneClusterImpl-b7ce9aa7-7a71-4292-bfb2-70259e217b18/datanode-0/data/ratis/f86a8e9d-c8dd-4fb4-8d0b-84d11c2989c8 has been successfully formatted.
2019-07-30 18:56:12,829 INFO  ratis.ContainerStateMachine (ContainerStateMachine.java:loadSnapshot(213)) - group-84D11C2989C8: The snapshot info is null. Setting the last applied indexto:(t:0, i:~)
2019-07-30 18:56:12,829 INFO  server.RaftServerConfigKeys (ConfUtils.java:logGet(43)) - raft.server.leader.election.timeout = 120s (custom)
2019-07-30 18:56:12,831 INFO  server.RaftServerConfigKeys (ConfUtils.java:logGet(43)) - raft.server.log.use.memory = false (default)
2019-07-30 18:56:12,838 INFO  server.RaftServerConfigKeys (ConfUtils.java:logGet(43)) - raft.server.log.purge.gap = 1000000000 (custom)
2019-07-30 18:56:12,838 INFO  server.RaftServerConfigKeys (ConfUtils.java:logGet(43)) - raft.server.log.appender.buffer.byte-limit = 33554432 (custom)
2019-07-30 18:56:12,840 INFO  server.RaftServerConfigKeys (ConfUtils.java:logGet(43)) - raft.server.log.segment.size.max = 1048576 (custom)
2019-07-30 18:56:12,845 INFO  server.RaftServerConfigKeys (ConfUtils.java:logGet(43)) - raft.server.log.segment.cache.num.max = 2 (custom)
2019-07-30 18:56:12,852 INFO  segmented.SegmentedRaftLogWorker (SegmentedRaftLogWorker.java:<init>(172)) - new dee37eed-b08c-4bdc-b9df-d4cef787bd4b-SegmentedRaftLogWorker:Storage Directory /workdir/hadoop-ozone/tools/target/test-dir/MiniOzoneClusterImpl-b7ce9aa7-7a71-4292-bfb2-70259e217b18/datanode-0/data/ratis/f86a8e9d-c8dd-4fb4-8d0b-84d11c2989c8 for RaftStorage:Storage Directory /workdir/hadoop-ozone/tools/target/test-dir/MiniOzoneClusterImpl-b7ce9aa7-7a71-4292-bfb2-70259e217b18/datanode-0/data/ratis/f86a8e9d-c8dd-4fb4-8d0b-84d11c2989c8
2019-07-30 18:56:13,195 INFO  ozone.MiniOzoneClusterImpl (MiniOzoneClusterImpl.java:lambda$waitForClusterToBeReady$0(142)) - Waiting for cluster to be ready. Got 4 of 5 DN Heartbeats.
2019-07-30 18:56:13,200 INFO  net.NetworkTopology (NetworkTopologyImpl.java:add(110)) - Added a new node: /default-rack/a8e08a43-06d6-4ff3-a2b7-a01daa83b6fa
2019-07-30 18:56:13,202 INFO  node.SCMNodeManager (SCMNodeManager.java:register(273)) - Registered Data node : a8e08a43-06d6-4ff3-a2b7-a01daa83b6fa{ip: 192.168.69.76, host: byscane-nightly-d7s94-2126464438, networkLocation: /default-rack, certSerialId: null}
2019-07-30 18:56:13,204 INFO  server.RaftServerConfigKeys (ConfUtils.java:logGet(43)) - raft.server.log.queue.byte-limit = 2147483647 (custom)
2019-07-30 18:56:13,205 INFO  server.RaftServerConfigKeys (ConfUtils.java:logGet(43)) - raft.server.log.queue.element-limit = 1024 (custom)
2019-07-30 18:56:13,211 INFO  server.RaftServerConfigKeys (ConfUtils.java:logGet(43)) - raft.server.log.segment.size.max = 1048576 (custom)
2019-07-30 18:56:13,211 INFO  server.RaftServerConfigKeys (ConfUtils.java:logGet(43)) - raft.server.log.preallocated.size = 16384 (custom)
2019-07-30 18:56:13,212 INFO  server.RaftServerConfigKeys (ConfUtils.java:logGet(43)) - raft.server.log.write.buffer.size = 33554432 (custom)
2019-07-30 18:56:13,212 INFO  server.RaftServerConfigKeys (ConfUtils.java:logGet(43)) - raft.server.log.force.sync.num = 128 (default)
2019-07-30 18:56:13,213 INFO  server.RaftServerConfigKeys (ConfUtils.java:logGet(43)) - raft.server.log.statemachine.data.sync = true (default)
2019-07-30 18:56:13,213 INFO  server.RaftServerConfigKeys (ConfUtils.java:logGet(43)) - raft.server.log.statemachine.data.sync.timeout = 10s (default)
2019-07-30 18:56:13,214 INFO  server.RaftServerConfigKeys (ConfUtils.java:logGet(43)) - raft.server.log.statemachine.data.sync.timeout.retry = -1 (default)
2019-07-30 18:56:13,228 INFO  server.RaftServerConfigKeys (ConfUtils.java:logGet(43)) - raft.server.log.statemachine.data.caching.enabled = true (custom)
2019-07-30 18:56:13,236 INFO  segmented.SegmentedRaftLogWorker (SegmentedRaftLogWorker.java:lambda$new$0(132)) - dee37eed-b08c-4bdc-b9df-d4cef787bd4b-SegmentedRaftLogWorker:Storage Directory /workdir/hadoop-ozone/tools/target/test-dir/MiniOzoneClusterImpl-b7ce9aa7-7a71-4292-bfb2-70259e217b18/datanode-0/data/ratis/f86a8e9d-c8dd-4fb4-8d0b-84d11c2989c8: flushIndex: setUnconditionally 0 -> -1
2019-07-30 18:56:13,242 INFO  server.RaftServerConfigKeys (ConfUtils.java:logGet(43)) - raft.server.snapshot.auto.trigger.enabled = true (custom)
2019-07-30 18:56:13,244 INFO  server.RaftServerConfigKeys (ConfUtils.java:logGet(43)) - raft.server.snapshot.auto.trigger.threshold = 10000 (custom)
2019-07-30 18:56:13,250 INFO  server.RaftServerConfigKeys (ConfUtils.java:logGet(43)) - raft.server.retrycache.expirytime = 600000ms (custom)
2019-07-30 18:56:13,281 INFO  impl.RaftServerImpl (RaftServerImpl.java:start(180)) - dee37eed-b08c-4bdc-b9df-d4cef787bd4b: start group-84D11C2989C8
2019-07-30 18:56:13,282 INFO  impl.RaftServerImpl (RaftServerImpl.java:setRole(171)) - dee37eed-b08c-4bdc-b9df-d4cef787bd4b:group-84D11C2989C8 changes role from null to FOLLOWER at term 0 for startAsFollower
2019-07-30 18:56:13,284 INFO  impl.RoleInfo (RoleInfo.java:updateAndGet(143)) - dee37eed-b08c-4bdc-b9df-d4cef787bd4b: start FollowerState
2019-07-30 18:56:13,286 INFO  util.JmxRegister (JmxRegister.java:tryRegister(44)) - Successfully registered JMX Bean with object name Ratis:service=RaftServer,group=group-84D11C2989C8,id=dee37eed-b08c-4bdc-b9df-d4cef787bd4b
2019-07-30 18:56:13,358 INFO  pipeline.PipelineStateManager (PipelineStateManager.java:addPipeline(56)) - Created pipeline Pipeline[ Id: f86a8e9d-c8dd-4fb4-8d0b-84d11c2989c8, Nodes: dee37eed-b08c-4bdc-b9df-d4cef787bd4b{ip: 192.168.69.76, host: byscane-nightly-d7s94-2126464438, networkLocation: /default-rack, certSerialId: null}, Type:RATIS, Factor:ONE, State:OPEN]
2019-07-30 18:56:13,384 INFO  impl.RaftServerProxy (RaftServerProxy.java:addNew(89)) - a8e08a43-06d6-4ff3-a2b7-a01daa83b6fa: addNew group-7A31B7232CD5:[a8e08a43-06d6-4ff3-a2b7-a01daa83b6fa:192.168.69.76:45984] returns group-7A31B7232CD5:java.util.concurrent.CompletableFuture@37d3183b[Not completed]
2019-07-30 18:56:13,427 INFO  impl.RaftServerImpl (RaftServerImpl.java:<init>(93)) - a8e08a43-06d6-4ff3-a2b7-a01daa83b6fa: new RaftServerImpl for group-7A31B7232CD5:[a8e08a43-06d6-4ff3-a2b7-a01daa83b6fa:192.168.69.76:45984] with ContainerStateMachine:uninitialized
2019-07-30 18:56:13,428 INFO  server.RaftServerConfigKeys (ConfUtils.java:logGet(43)) - raft.server.rpc.timeout.min = 5s (custom)
2019-07-30 18:56:13,429 INFO  server.RaftServerConfigKeys (ConfUtils.java:logGet(43)) - raft.server.rpc.timeout.max = 5200ms (custom)
2019-07-30 18:56:13,429 INFO  server.RaftServerConfigKeys (ConfUtils.java:logGet(43)) - raft.server.rpcslowness.timeout = 120s (custom)
2019-07-30 18:56:13,429 INFO  server.RaftServerConfigKeys (ConfUtils.java:logGet(43)) - raft.server.sleep.deviation.threshold = 300 (default)
2019-07-30 18:56:13,429 INFO  server.RaftServerConfigKeys (ConfUtils.java:logGet(43)) - raft.server.log.appender.install.snapshot.enabled = false (custom)
2019-07-30 18:56:13,429 INFO  impl.RaftServerImpl (ServerState.java:<init>(105)) - a8e08a43-06d6-4ff3-a2b7-a01daa83b6fa:group-7A31B7232CD5 ConfigurationManager, init=-1: [a8e08a43-06d6-4ff3-a2b7-a01daa83b6fa:192.168.69.76:45984], old=null, confs=<EMPTY_MAP>
2019-07-30 18:56:13,429 INFO  server.RaftServerConfigKeys (ConfUtils.java:logGet(43)) - raft.server.storage.dir = [/workdir/hadoop-ozone/tools/target/test-dir/MiniOzoneClusterImpl-b7ce9aa7-7a71-4292-bfb2-70259e217b18/datanode-4/data/ratis] (custom)
2019-07-30 18:56:13,430 INFO  storage.RaftStorageDirectory (RaftStorageDirectory.java:analyzeStorage(246)) - The storage directory /workdir/hadoop-ozone/tools/target/test-dir/MiniOzoneClusterImpl-b7ce9aa7-7a71-4292-bfb2-70259e217b18/datanode-4/data/ratis/fd20768f-37d8-40e2-9e60-7a31b7232cd5 does not exist. Creating ...
2019-07-30 18:56:13,444 INFO  storage.RaftStorageDirectory (RaftStorageDirectory.java:tryLock(328)) - Lock on /workdir/hadoop-ozone/tools/target/test-dir/MiniOzoneClusterImpl-b7ce9aa7-7a71-4292-bfb2-70259e217b18/datanode-4/data/ratis/fd20768f-37d8-40e2-9e60-7a31b7232cd5/in_use.lock acquired by nodename 25960@byscane-nightly-d7s94-2126464438
2019-07-30 18:56:13,459 INFO  storage.RaftStorage (RaftStorage.java:format(72)) - Storage directory /workdir/hadoop-ozone/tools/target/test-dir/MiniOzoneClusterImpl-b7ce9aa7-7a71-4292-bfb2-70259e217b18/datanode-4/data/ratis/fd20768f-37d8-40e2-9e60-7a31b7232cd5 has been successfully formatted.
2019-07-30 18:56:13,460 INFO  ratis.ContainerStateMachine (ContainerStateMachine.java:loadSnapshot(213)) - group-7A31B7232CD5: The snapshot info is null. Setting the last applied indexto:(t:0, i:~)
2019-07-30 18:56:13,461 INFO  server.RaftServerConfigKeys (ConfUtils.java:logGet(43)) - raft.server.leader.election.timeout = 120s (custom)
2019-07-30 18:56:13,461 INFO  server.RaftServerConfigKeys (ConfUtils.java:logGet(43)) - raft.server.log.use.memory = false (default)
2019-07-30 18:56:13,462 INFO  server.RaftServerConfigKeys (ConfUtils.java:logGet(43)) - raft.server.log.purge.gap = 1000000000 (custom)
2019-07-30 18:56:13,462 INFO  server.RaftServerConfigKeys (ConfUtils.java:logGet(43)) - raft.server.log.appender.buffer.byte-limit = 33554432 (custom)
2019-07-30 18:56:13,462 INFO  server.RaftServerConfigKeys (ConfUtils.java:logGet(43)) - raft.server.log.segment.size.max = 1048576 (custom)
2019-07-30 18:56:13,462 INFO  server.RaftServerConfigKeys (ConfUtils.java:logGet(43)) - raft.server.log.segment.cache.num.max = 2 (custom)
2019-07-30 18:56:13,463 INFO  segmented.SegmentedRaftLogWorker (SegmentedRaftLogWorker.java:<init>(172)) - new a8e08a43-06d6-4ff3-a2b7-a01daa83b6fa-SegmentedRaftLogWorker:Storage Directory /workdir/hadoop-ozone/tools/target/test-dir/MiniOzoneClusterImpl-b7ce9aa7-7a71-4292-bfb2-70259e217b18/datanode-4/data/ratis/fd20768f-37d8-40e2-9e60-7a31b7232cd5 for RaftStorage:Storage Directory /workdir/hadoop-ozone/tools/target/test-dir/MiniOzoneClusterImpl-b7ce9aa7-7a71-4292-bfb2-70259e217b18/datanode-4/data/ratis/fd20768f-37d8-40e2-9e60-7a31b7232cd5
2019-07-30 18:56:13,464 INFO  server.RaftServerConfigKeys (ConfUtils.java:logGet(43)) - raft.server.log.queue.byte-limit = 2147483647 (custom)
2019-07-30 18:56:13,464 INFO  server.RaftServerConfigKeys (ConfUtils.java:logGet(43)) - raft.server.log.queue.element-limit = 1024 (custom)
2019-07-30 18:56:13,464 INFO  server.RaftServerConfigKeys (ConfUtils.java:logGet(43)) - raft.server.log.segment.size.max = 1048576 (custom)
2019-07-30 18:56:13,464 INFO  server.RaftServerConfigKeys (ConfUtils.java:logGet(43)) - raft.server.log.preallocated.size = 16384 (custom)
2019-07-30 18:56:13,465 INFO  server.RaftServerConfigKeys (ConfUtils.java:logGet(43)) - raft.server.log.write.buffer.size = 33554432 (custom)
2019-07-30 18:56:13,465 INFO  server.RaftServerConfigKeys (ConfUtils.java:logGet(43)) - raft.server.log.force.sync.num = 128 (default)
2019-07-30 18:56:13,465 INFO  server.RaftServerConfigKeys (ConfUtils.java:logGet(43)) - raft.server.log.statemachine.data.sync = true (default)
2019-07-30 18:56:13,465 INFO  server.RaftServerConfigKeys (ConfUtils.java:logGet(43)) - raft.server.log.statemachine.data.sync.timeout = 10s (default)
2019-07-30 18:56:13,465 INFO  server.RaftServerConfigKeys (ConfUtils.java:logGet(43)) - raft.server.log.statemachine.data.sync.timeout.retry = -1 (default)
2019-07-30 18:56:13,466 INFO  server.RaftServerConfigKeys (ConfUtils.java:logGet(43)) - raft.server.log.statemachine.data.caching.enabled = true (custom)
2019-07-30 18:56:13,466 INFO  segmented.SegmentedRaftLogWorker (SegmentedRaftLogWorker.java:lambda$new$0(132)) - a8e08a43-06d6-4ff3-a2b7-a01daa83b6fa-SegmentedRaftLogWorker:Storage Directory /workdir/hadoop-ozone/tools/target/test-dir/MiniOzoneClusterImpl-b7ce9aa7-7a71-4292-bfb2-70259e217b18/datanode-4/data/ratis/fd20768f-37d8-40e2-9e60-7a31b7232cd5: flushIndex: setUnconditionally 0 -> -1
2019-07-30 18:56:13,467 INFO  server.RaftServerConfigKeys (ConfUtils.java:logGet(43)) - raft.server.snapshot.auto.trigger.enabled = true (custom)
2019-07-30 18:56:13,467 INFO  server.RaftServerConfigKeys (ConfUtils.java:logGet(43)) - raft.server.snapshot.auto.trigger.threshold = 10000 (custom)
2019-07-30 18:56:13,467 INFO  server.RaftServerConfigKeys (ConfUtils.java:logGet(43)) - raft.server.retrycache.expirytime = 600000ms (custom)
2019-07-30 18:56:13,467 INFO  impl.RaftServerImpl (RaftServerImpl.java:start(180)) - a8e08a43-06d6-4ff3-a2b7-a01daa83b6fa: start group-7A31B7232CD5
2019-07-30 18:56:13,467 INFO  impl.RaftServerImpl (RaftServerImpl.java:setRole(171)) - a8e08a43-06d6-4ff3-a2b7-a01daa83b6fa:group-7A31B7232CD5 changes role from null to FOLLOWER at term 0 for startAsFollower
2019-07-30 18:56:13,468 INFO  impl.RoleInfo (RoleInfo.java:updateAndGet(143)) - a8e08a43-06d6-4ff3-a2b7-a01daa83b6fa: start FollowerState
2019-07-30 18:56:13,469 INFO  util.JmxRegister (JmxRegister.java:tryRegister(44)) - Successfully registered JMX Bean with object name Ratis:service=RaftServer,group=group-7A31B7232CD5,id=a8e08a43-06d6-4ff3-a2b7-a01daa83b6fa
2019-07-30 18:56:13,490 INFO  pipeline.PipelineStateManager (PipelineStateManager.java:addPipeline(56)) - Created pipeline Pipeline[ Id: fd20768f-37d8-40e2-9e60-7a31b7232cd5, Nodes: a8e08a43-06d6-4ff3-a2b7-a01daa83b6fa{ip: 192.168.69.76, host: byscane-nightly-d7s94-2126464438, networkLocation: /default-rack, certSerialId: null}, Type:RATIS, Factor:ONE, State:OPEN]
2019-07-30 18:56:13,513 INFO  impl.RaftServerProxy (RaftServerProxy.java:addNew(89)) - e7c18ed1-d699-403d-a564-75580f46a889: addNew group-9AFF00AD4955:[e7c18ed1-d699-403d-a564-75580f46a889:192.168.69.76:37597] returns group-9AFF00AD4955:java.util.concurrent.CompletableFuture@780bc57d[Not completed]
2019-07-30 18:56:13,524 INFO  impl.RaftServerImpl (RaftServerImpl.java:<init>(93)) - e7c18ed1-d699-403d-a564-75580f46a889: new RaftServerImpl for group-9AFF00AD4955:[e7c18ed1-d699-403d-a564-75580f46a889:192.168.69.76:37597] with ContainerStateMachine:uninitialized
2019-07-30 18:56:13,524 INFO  server.RaftServerConfigKeys (ConfUtils.java:logGet(43)) - raft.server.rpc.timeout.min = 5s (custom)
2019-07-30 18:56:13,524 INFO  server.RaftServerConfigKeys (ConfUtils.java:logGet(43)) - raft.server.rpc.timeout.max = 5200ms (custom)
2019-07-30 18:56:13,525 INFO  server.RaftServerConfigKeys (ConfUtils.java:logGet(43)) - raft.server.rpcslowness.timeout = 120s (custom)
2019-07-30 18:56:13,525 INFO  server.RaftServerConfigKeys (ConfUtils.java:logGet(43)) - raft.server.sleep.deviation.threshold = 300 (default)
2019-07-30 18:56:13,525 INFO  server.RaftServerConfigKeys (ConfUtils.java:logGet(43)) - raft.server.log.appender.install.snapshot.enabled = false (custom)
2019-07-30 18:56:13,525 INFO  impl.RaftServerImpl (ServerState.java:<init>(105)) - e7c18ed1-d699-403d-a564-75580f46a889:group-9AFF00AD4955 ConfigurationManager, init=-1: [e7c18ed1-d699-403d-a564-75580f46a889:192.168.69.76:37597], old=null, confs=<EMPTY_MAP>
2019-07-30 18:56:13,525 INFO  server.RaftServerConfigKeys (ConfUtils.java:logGet(43)) - raft.server.storage.dir = [/workdir/hadoop-ozone/tools/target/test-dir/MiniOzoneClusterImpl-b7ce9aa7-7a71-4292-bfb2-70259e217b18/datanode-2/data/ratis] (custom)
2019-07-30 18:56:13,526 INFO  storage.RaftStorageDirectory (RaftStorageDirectory.java:analyzeStorage(246)) - The storage directory /workdir/hadoop-ozone/tools/target/test-dir/MiniOzoneClusterImpl-b7ce9aa7-7a71-4292-bfb2-70259e217b18/datanode-2/data/ratis/d6d5b6a2-574d-4c10-87e4-9aff00ad4955 does not exist. Creating ...
2019-07-30 18:56:13,540 INFO  storage.RaftStorageDirectory (RaftStorageDirectory.java:tryLock(328)) - Lock on /workdir/hadoop-ozone/tools/target/test-dir/MiniOzoneClusterImpl-b7ce9aa7-7a71-4292-bfb2-70259e217b18/datanode-2/data/ratis/d6d5b6a2-574d-4c10-87e4-9aff00ad4955/in_use.lock acquired by nodename 25960@byscane-nightly-d7s94-2126464438
2019-07-30 18:56:13,553 INFO  storage.RaftStorage (RaftStorage.java:format(72)) - Storage directory /workdir/hadoop-ozone/tools/target/test-dir/MiniOzoneClusterImpl-b7ce9aa7-7a71-4292-bfb2-70259e217b18/datanode-2/data/ratis/d6d5b6a2-574d-4c10-87e4-9aff00ad4955 has been successfully formatted.
2019-07-30 18:56:13,554 INFO  ratis.ContainerStateMachine (ContainerStateMachine.java:loadSnapshot(213)) - group-9AFF00AD4955: The snapshot info is null. Setting the last applied indexto:(t:0, i:~)
2019-07-30 18:56:13,554 INFO  server.RaftServerConfigKeys (ConfUtils.java:logGet(43)) - raft.server.leader.election.timeout = 120s (custom)
2019-07-30 18:56:13,554 INFO  server.RaftServerConfigKeys (ConfUtils.java:logGet(43)) - raft.server.log.use.memory = false (default)
2019-07-30 18:56:13,554 INFO  server.RaftServerConfigKeys (ConfUtils.java:logGet(43)) - raft.server.log.purge.gap = 1000000000 (custom)
2019-07-30 18:56:13,555 INFO  server.RaftServerConfigKeys (ConfUtils.java:logGet(43)) - raft.server.log.appender.buffer.byte-limit = 33554432 (custom)
2019-07-30 18:56:13,555 INFO  server.RaftServerConfigKeys (ConfUtils.java:logGet(43)) - raft.server.log.segment.size.max = 1048576 (custom)
2019-07-30 18:56:13,555 INFO  server.RaftServerConfigKeys (ConfUtils.java:logGet(43)) - raft.server.log.segment.cache.num.max = 2 (custom)
2019-07-30 18:56:13,555 INFO  segmented.SegmentedRaftLogWorker (SegmentedRaftLogWorker.java:<init>(172)) - new e7c18ed1-d699-403d-a564-75580f46a889-SegmentedRaftLogWorker:Storage Directory /workdir/hadoop-ozone/tools/target/test-dir/MiniOzoneClusterImpl-b7ce9aa7-7a71-4292-bfb2-70259e217b18/datanode-2/data/ratis/d6d5b6a2-574d-4c10-87e4-9aff00ad4955 for RaftStorage:Storage Directory /workdir/hadoop-ozone/tools/target/test-dir/MiniOzoneClusterImpl-b7ce9aa7-7a71-4292-bfb2-70259e217b18/datanode-2/data/ratis/d6d5b6a2-574d-4c10-87e4-9aff00ad4955
2019-07-30 18:56:13,555 INFO  server.RaftServerConfigKeys (ConfUtils.java:logGet(43)) - raft.server.log.queue.byte-limit = 2147483647 (custom)
2019-07-30 18:56:13,556 INFO  server.RaftServerConfigKeys (ConfUtils.java:logGet(43)) - raft.server.log.queue.element-limit = 1024 (custom)
2019-07-30 18:56:13,556 INFO  server.RaftServerConfigKeys (ConfUtils.java:logGet(43)) - raft.server.log.segment.size.max = 1048576 (custom)
2019-07-30 18:56:13,556 INFO  server.RaftServerConfigKeys (ConfUtils.java:logGet(43)) - raft.server.log.preallocated.size = 16384 (custom)
2019-07-30 18:56:13,556 INFO  server.RaftServerConfigKeys (ConfUtils.java:logGet(43)) - raft.server.log.write.buffer.size = 33554432 (custom)
2019-07-30 18:56:13,556 INFO  server.RaftServerConfigKeys (ConfUtils.java:logGet(43)) - raft.server.log.force.sync.num = 128 (default)
2019-07-30 18:56:13,557 INFO  server.RaftServerConfigKeys (ConfUtils.java:logGet(43)) - raft.server.log.statemachine.data.sync = true (default)
2019-07-30 18:56:13,557 INFO  server.RaftServerConfigKeys (ConfUtils.java:logGet(43)) - raft.server.log.statemachine.data.sync.timeout = 10s (default)
2019-07-30 18:56:13,557 INFO  server.RaftServerConfigKeys (ConfUtils.java:logGet(43)) - raft.server.log.statemachine.data.sync.timeout.retry = -1 (default)
2019-07-30 18:56:13,557 INFO  server.RaftServerConfigKeys (ConfUtils.java:logGet(43)) - raft.server.log.statemachine.data.caching.enabled = true (custom)
2019-07-30 18:56:13,558 INFO  segmented.SegmentedRaftLogWorker (SegmentedRaftLogWorker.java:lambda$new$0(132)) - e7c18ed1-d699-403d-a564-75580f46a889-SegmentedRaftLogWorker:Storage Directory /workdir/hadoop-ozone/tools/target/test-dir/MiniOzoneClusterImpl-b7ce9aa7-7a71-4292-bfb2-70259e217b18/datanode-2/data/ratis/d6d5b6a2-574d-4c10-87e4-9aff00ad4955: flushIndex: setUnconditionally 0 -> -1
2019-07-30 18:56:13,558 INFO  server.RaftServerConfigKeys (ConfUtils.java:logGet(43)) - raft.server.snapshot.auto.trigger.enabled = true (custom)
2019-07-30 18:56:13,558 INFO  server.RaftServerConfigKeys (ConfUtils.java:logGet(43)) - raft.server.snapshot.auto.trigger.threshold = 10000 (custom)
2019-07-30 18:56:13,559 INFO  server.RaftServerConfigKeys (ConfUtils.java:logGet(43)) - raft.server.retrycache.expirytime = 600000ms (custom)
2019-07-30 18:56:13,559 INFO  impl.RaftServerImpl (RaftServerImpl.java:start(180)) - e7c18ed1-d699-403d-a564-75580f46a889: start group-9AFF00AD4955
2019-07-30 18:56:13,559 INFO  impl.RaftServerImpl (RaftServerImpl.java:setRole(171)) - e7c18ed1-d699-403d-a564-75580f46a889:group-9AFF00AD4955 changes role from null to FOLLOWER at term 0 for startAsFollower
2019-07-30 18:56:13,559 INFO  impl.RoleInfo (RoleInfo.java:updateAndGet(143)) - e7c18ed1-d699-403d-a564-75580f46a889: start FollowerState
2019-07-30 18:56:13,560 INFO  util.JmxRegister (JmxRegister.java:tryRegister(44)) - Successfully registered JMX Bean with object name Ratis:service=RaftServer,group=group-9AFF00AD4955,id=e7c18ed1-d699-403d-a564-75580f46a889
2019-07-30 18:56:13,573 INFO  pipeline.PipelineStateManager (PipelineStateManager.java:addPipeline(56)) - Created pipeline Pipeline[ Id: d6d5b6a2-574d-4c10-87e4-9aff00ad4955, Nodes: e7c18ed1-d699-403d-a564-75580f46a889{ip: 192.168.69.76, host: byscane-nightly-d7s94-2126464438, networkLocation: /default-rack, certSerialId: null}, Type:RATIS, Factor:ONE, State:OPEN]
2019-07-30 18:56:13,596 INFO  impl.RaftServerProxy (RaftServerProxy.java:addNew(89)) - 1d968ac4-0521-4d6b-9797-d78c30b18beb: addNew group-7902D4A26299:[1d968ac4-0521-4d6b-9797-d78c30b18beb:192.168.69.76:44979] returns group-7902D4A26299:java.util.concurrent.CompletableFuture@7875b095[Not completed]
2019-07-30 18:56:13,598 INFO  impl.RaftServerImpl (RaftServerImpl.java:<init>(93)) - 1d968ac4-0521-4d6b-9797-d78c30b18beb: new RaftServerImpl for group-7902D4A26299:[1d968ac4-0521-4d6b-9797-d78c30b18beb:192.168.69.76:44979] with ContainerStateMachine:uninitialized
2019-07-30 18:56:13,598 INFO  server.RaftServerConfigKeys (ConfUtils.java:logGet(43)) - raft.server.rpc.timeout.min = 5s (custom)
2019-07-30 18:56:13,598 INFO  server.RaftServerConfigKeys (ConfUtils.java:logGet(43)) - raft.server.rpc.timeout.max = 5200ms (custom)
2019-07-30 18:56:13,598 INFO  server.RaftServerConfigKeys (ConfUtils.java:logGet(43)) - raft.server.rpcslowness.timeout = 120s (custom)
2019-07-30 18:56:13,598 INFO  server.RaftServerConfigKeys (ConfUtils.java:logGet(43)) - raft.server.sleep.deviation.threshold = 300 (default)
2019-07-30 18:56:13,599 INFO  server.RaftServerConfigKeys (ConfUtils.java:logGet(43)) - raft.server.log.appender.install.snapshot.enabled = false (custom)
2019-07-30 18:56:13,599 INFO  impl.RaftServerImpl (ServerState.java:<init>(105)) - 1d968ac4-0521-4d6b-9797-d78c30b18beb:group-7902D4A26299 ConfigurationManager, init=-1: [1d968ac4-0521-4d6b-9797-d78c30b18beb:192.168.69.76:44979], old=null, confs=<EMPTY_MAP>
2019-07-30 18:56:13,599 INFO  server.RaftServerConfigKeys (ConfUtils.java:logGet(43)) - raft.server.storage.dir = [/workdir/hadoop-ozone/tools/target/test-dir/MiniOzoneClusterImpl-b7ce9aa7-7a71-4292-bfb2-70259e217b18/datanode-3/data/ratis] (custom)
2019-07-30 18:56:13,599 INFO  storage.RaftStorageDirectory (RaftStorageDirectory.java:analyzeStorage(246)) - The storage directory /workdir/hadoop-ozone/tools/target/test-dir/MiniOzoneClusterImpl-b7ce9aa7-7a71-4292-bfb2-70259e217b18/datanode-3/data/ratis/d8d9f595-12b2-4fa2-94a8-7902d4a26299 does not exist. Creating ...
2019-07-30 18:56:13,612 INFO  storage.RaftStorageDirectory (RaftStorageDirectory.java:tryLock(328)) - Lock on /workdir/hadoop-ozone/tools/target/test-dir/MiniOzoneClusterImpl-b7ce9aa7-7a71-4292-bfb2-70259e217b18/datanode-3/data/ratis/d8d9f595-12b2-4fa2-94a8-7902d4a26299/in_use.lock acquired by nodename 25960@byscane-nightly-d7s94-2126464438
2019-07-30 18:56:13,626 INFO  storage.RaftStorage (RaftStorage.java:format(72)) - Storage directory /workdir/hadoop-ozone/tools/target/test-dir/MiniOzoneClusterImpl-b7ce9aa7-7a71-4292-bfb2-70259e217b18/datanode-3/data/ratis/d8d9f595-12b2-4fa2-94a8-7902d4a26299 has been successfully formatted.
2019-07-30 18:56:13,626 INFO  ratis.ContainerStateMachine (ContainerStateMachine.java:loadSnapshot(213)) - group-7902D4A26299: The snapshot info is null. Setting the last applied indexto:(t:0, i:~)
2019-07-30 18:56:13,626 INFO  server.RaftServerConfigKeys (ConfUtils.java:logGet(43)) - raft.server.leader.election.timeout = 120s (custom)
2019-07-30 18:56:13,626 INFO  server.RaftServerConfigKeys (ConfUtils.java:logGet(43)) - raft.server.log.use.memory = false (default)
2019-07-30 18:56:13,626 INFO  server.RaftServerConfigKeys (ConfUtils.java:logGet(43)) - raft.server.log.purge.gap = 1000000000 (custom)
2019-07-30 18:56:13,627 INFO  server.RaftServerConfigKeys (ConfUtils.java:logGet(43)) - raft.server.log.appender.buffer.byte-limit = 33554432 (custom)
2019-07-30 18:56:13,627 INFO  server.RaftServerConfigKeys (ConfUtils.java:logGet(43)) - raft.server.log.segment.size.max = 1048576 (custom)
2019-07-30 18:56:13,627 INFO  server.RaftServerConfigKeys (ConfUtils.java:logGet(43)) - raft.server.log.segment.cache.num.max = 2 (custom)
2019-07-30 18:56:13,627 INFO  segmented.SegmentedRaftLogWorker (SegmentedRaftLogWorker.java:<init>(172)) - new 1d968ac4-0521-4d6b-9797-d78c30b18beb-SegmentedRaftLogWorker:Storage Directory /workdir/hadoop-ozone/tools/target/test-dir/MiniOzoneClusterImpl-b7ce9aa7-7a71-4292-bfb2-70259e217b18/datanode-3/data/ratis/d8d9f595-12b2-4fa2-94a8-7902d4a26299 for RaftStorage:Storage Directory /workdir/hadoop-ozone/tools/target/test-dir/MiniOzoneClusterImpl-b7ce9aa7-7a71-4292-bfb2-70259e217b18/datanode-3/data/ratis/d8d9f595-12b2-4fa2-94a8-7902d4a26299
2019-07-30 18:56:13,627 INFO  server.RaftServerConfigKeys (ConfUtils.java:logGet(43)) - raft.server.log.queue.byte-limit = 2147483647 (custom)
2019-07-30 18:56:13,627 INFO  server.RaftServerConfigKeys (ConfUtils.java:logGet(43)) - raft.server.log.queue.element-limit = 1024 (custom)
2019-07-30 18:56:13,628 INFO  server.RaftServerConfigKeys (ConfUtils.java:logGet(43)) - raft.server.log.segment.size.max = 1048576 (custom)
2019-07-30 18:56:13,628 INFO  server.RaftServerConfigKeys (ConfUtils.java:logGet(43)) - raft.server.log.preallocated.size = 16384 (custom)
2019-07-30 18:56:13,628 INFO  server.RaftServerConfigKeys (ConfUtils.java:logGet(43)) - raft.server.log.write.buffer.size = 33554432 (custom)
2019-07-30 18:56:13,628 INFO  server.RaftServerConfigKeys (ConfUtils.java:logGet(43)) - raft.server.log.force.sync.num = 128 (default)
2019-07-30 18:56:13,629 INFO  server.RaftServerConfigKeys (ConfUtils.java:logGet(43)) - raft.server.log.statemachine.data.sync = true (default)
2019-07-30 18:56:13,629 INFO  server.RaftServerConfigKeys (ConfUtils.java:logGet(43)) - raft.server.log.statemachine.data.sync.timeout = 10s (default)
2019-07-30 18:56:13,629 INFO  server.RaftServerConfigKeys (ConfUtils.java:logGet(43)) - raft.server.log.statemachine.data.sync.timeout.retry = -1 (default)
2019-07-30 18:56:13,629 INFO  server.RaftServerConfigKeys (ConfUtils.java:logGet(43)) - raft.server.log.statemachine.data.caching.enabled = true (custom)
2019-07-30 18:56:13,630 INFO  segmented.SegmentedRaftLogWorker (SegmentedRaftLogWorker.java:lambda$new$0(132)) - 1d968ac4-0521-4d6b-9797-d78c30b18beb-SegmentedRaftLogWorker:Storage Directory /workdir/hadoop-ozone/tools/target/test-dir/MiniOzoneClusterImpl-b7ce9aa7-7a71-4292-bfb2-70259e217b18/datanode-3/data/ratis/d8d9f595-12b2-4fa2-94a8-7902d4a26299: flushIndex: setUnconditionally 0 -> -1
2019-07-30 18:56:13,630 INFO  server.RaftServerConfigKeys (ConfUtils.java:logGet(43)) - raft.server.snapshot.auto.trigger.enabled = true (custom)
2019-07-30 18:56:13,630 INFO  server.RaftServerConfigKeys (ConfUtils.java:logGet(43)) - raft.server.snapshot.auto.trigger.threshold = 10000 (custom)
2019-07-30 18:56:13,630 INFO  server.RaftServerConfigKeys (ConfUtils.java:logGet(43)) - raft.server.retrycache.expirytime = 600000ms (custom)
2019-07-30 18:56:13,631 INFO  impl.RaftServerImpl (RaftServerImpl.java:start(180)) - 1d968ac4-0521-4d6b-9797-d78c30b18beb: start group-7902D4A26299
2019-07-30 18:56:13,631 INFO  impl.RaftServerImpl (RaftServerImpl.java:setRole(171)) - 1d968ac4-0521-4d6b-9797-d78c30b18beb:group-7902D4A26299 changes role from null to FOLLOWER at term 0 for startAsFollower
2019-07-30 18:56:13,631 INFO  impl.RoleInfo (RoleInfo.java:updateAndGet(143)) - 1d968ac4-0521-4d6b-9797-d78c30b18beb: start FollowerState
2019-07-30 18:56:13,631 INFO  util.JmxRegister (JmxRegister.java:tryRegister(44)) - Successfully registered JMX Bean with object name Ratis:service=RaftServer,group=group-7902D4A26299,id=1d968ac4-0521-4d6b-9797-d78c30b18beb
2019-07-30 18:56:13,644 INFO  pipeline.PipelineStateManager (PipelineStateManager.java:addPipeline(56)) - Created pipeline Pipeline[ Id: d8d9f595-12b2-4fa2-94a8-7902d4a26299, Nodes: 1d968ac4-0521-4d6b-9797-d78c30b18beb{ip: 192.168.69.76, host: byscane-nightly-d7s94-2126464438, networkLocation: /default-rack, certSerialId: null}, Type:RATIS, Factor:ONE, State:OPEN]
2019-07-30 18:56:13,671 INFO  impl.RaftServerProxy (RaftServerProxy.java:addNew(89)) - 9eae76c3-8e2b-4799-80ab-333cba2ee46d: addNew group-447CD824921D:[9eae76c3-8e2b-4799-80ab-333cba2ee46d:192.168.69.76:45226] returns group-447CD824921D:java.util.concurrent.CompletableFuture@4864fbcf[Not completed]
2019-07-30 18:56:13,673 INFO  impl.RaftServerImpl (RaftServerImpl.java:<init>(93)) - 9eae76c3-8e2b-4799-80ab-333cba2ee46d: new RaftServerImpl for group-447CD824921D:[9eae76c3-8e2b-4799-80ab-333cba2ee46d:192.168.69.76:45226] with ContainerStateMachine:uninitialized
2019-07-30 18:56:13,673 INFO  server.RaftServerConfigKeys (ConfUtils.java:logGet(43)) - raft.server.rpc.timeout.min = 5s (custom)
2019-07-30 18:56:13,673 INFO  server.RaftServerConfigKeys (ConfUtils.java:logGet(43)) - raft.server.rpc.timeout.max = 5200ms (custom)
2019-07-30 18:56:13,673 INFO  server.RaftServerConfigKeys (ConfUtils.java:logGet(43)) - raft.server.rpcslowness.timeout = 120s (custom)
2019-07-30 18:56:13,673 INFO  server.RaftServerConfigKeys (ConfUtils.java:logGet(43)) - raft.server.sleep.deviation.threshold = 300 (default)
2019-07-30 18:56:13,673 INFO  server.RaftServerConfigKeys (ConfUtils.java:logGet(43)) - raft.server.log.appender.install.snapshot.enabled = false (custom)
2019-07-30 18:56:13,674 INFO  impl.RaftServerImpl (ServerState.java:<init>(105)) - 9eae76c3-8e2b-4799-80ab-333cba2ee46d:group-447CD824921D ConfigurationManager, init=-1: [9eae76c3-8e2b-4799-80ab-333cba2ee46d:192.168.69.76:45226], old=null, confs=<EMPTY_MAP>
2019-07-30 18:56:13,674 INFO  server.RaftServerConfigKeys (ConfUtils.java:logGet(43)) - raft.server.storage.dir = [/workdir/hadoop-ozone/tools/target/test-dir/MiniOzoneClusterImpl-b7ce9aa7-7a71-4292-bfb2-70259e217b18/datanode-1/data/ratis] (custom)
2019-07-30 18:56:13,674 INFO  storage.RaftStorageDirectory (RaftStorageDirectory.java:analyzeStorage(246)) - The storage directory /workdir/hadoop-ozone/tools/target/test-dir/MiniOzoneClusterImpl-b7ce9aa7-7a71-4292-bfb2-70259e217b18/datanode-1/data/ratis/58c5a686-98b6-42f2-8886-447cd824921d does not exist. Creating ...
2019-07-30 18:56:13,687 INFO  storage.RaftStorageDirectory (RaftStorageDirectory.java:tryLock(328)) - Lock on /workdir/hadoop-ozone/tools/target/test-dir/MiniOzoneClusterImpl-b7ce9aa7-7a71-4292-bfb2-70259e217b18/datanode-1/data/ratis/58c5a686-98b6-42f2-8886-447cd824921d/in_use.lock acquired by nodename 25960@byscane-nightly-d7s94-2126464438
2019-07-30 18:56:13,700 INFO  storage.RaftStorage (RaftStorage.java:format(72)) - Storage directory /workdir/hadoop-ozone/tools/target/test-dir/MiniOzoneClusterImpl-b7ce9aa7-7a71-4292-bfb2-70259e217b18/datanode-1/data/ratis/58c5a686-98b6-42f2-8886-447cd824921d has been successfully formatted.
2019-07-30 18:56:13,701 INFO  ratis.ContainerStateMachine (ContainerStateMachine.java:loadSnapshot(213)) - group-447CD824921D: The snapshot info is null. Setting the last applied indexto:(t:0, i:~)
2019-07-30 18:56:13,701 INFO  server.RaftServerConfigKeys (ConfUtils.java:logGet(43)) - raft.server.leader.election.timeout = 120s (custom)
2019-07-30 18:56:13,701 INFO  server.RaftServerConfigKeys (ConfUtils.java:logGet(43)) - raft.server.log.use.memory = false (default)
2019-07-30 18:56:13,701 INFO  server.RaftServerConfigKeys (ConfUtils.java:logGet(43)) - raft.server.log.purge.gap = 1000000000 (custom)
2019-07-30 18:56:13,701 INFO  server.RaftServerConfigKeys (ConfUtils.java:logGet(43)) - raft.server.log.appender.buffer.byte-limit = 33554432 (custom)
2019-07-30 18:56:13,701 INFO  server.RaftServerConfigKeys (ConfUtils.java:logGet(43)) - raft.server.log.segment.size.max = 1048576 (custom)
2019-07-30 18:56:13,702 INFO  server.RaftServerConfigKeys (ConfUtils.java:logGet(43)) - raft.server.log.segment.cache.num.max = 2 (custom)
2019-07-30 18:56:13,702 INFO  segmented.SegmentedRaftLogWorker (SegmentedRaftLogWorker.java:<init>(172)) - new 9eae76c3-8e2b-4799-80ab-333cba2ee46d-SegmentedRaftLogWorker:Storage Directory /workdir/hadoop-ozone/tools/target/test-dir/MiniOzoneClusterImpl-b7ce9aa7-7a71-4292-bfb2-70259e217b18/datanode-1/data/ratis/58c5a686-98b6-42f2-8886-447cd824921d for RaftStorage:Storage Directory /workdir/hadoop-ozone/tools/target/test-dir/MiniOzoneClusterImpl-b7ce9aa7-7a71-4292-bfb2-70259e217b18/datanode-1/data/ratis/58c5a686-98b6-42f2-8886-447cd824921d
2019-07-30 18:56:13,702 INFO  server.RaftServerConfigKeys (ConfUtils.java:logGet(43)) - raft.server.log.queue.byte-limit = 2147483647 (custom)
2019-07-30 18:56:13,702 INFO  server.RaftServerConfigKeys (ConfUtils.java:logGet(43)) - raft.server.log.queue.element-limit = 1024 (custom)
2019-07-30 18:56:13,702 INFO  server.RaftServerConfigKeys (ConfUtils.java:logGet(43)) - raft.server.log.segment.size.max = 1048576 (custom)
2019-07-30 18:56:13,703 INFO  server.RaftServerConfigKeys (ConfUtils.java:logGet(43)) - raft.server.log.preallocated.size = 16384 (custom)
2019-07-30 18:56:13,703 INFO  server.RaftServerConfigKeys (ConfUtils.java:logGet(43)) - raft.server.log.write.buffer.size = 33554432 (custom)
2019-07-30 18:56:13,703 INFO  server.RaftServerConfigKeys (ConfUtils.java:logGet(43)) - raft.server.log.force.sync.num = 128 (default)
2019-07-30 18:56:13,703 INFO  server.RaftServerConfigKeys (ConfUtils.java:logGet(43)) - raft.server.log.statemachine.data.sync = true (default)
2019-07-30 18:56:13,703 INFO  server.RaftServerConfigKeys (ConfUtils.java:logGet(43)) - raft.server.log.statemachine.data.sync.timeout = 10s (default)
2019-07-30 18:56:13,703 INFO  server.RaftServerConfigKeys (ConfUtils.java:logGet(43)) - raft.server.log.statemachine.data.sync.timeout.retry = -1 (default)
2019-07-30 18:56:13,704 INFO  server.RaftServerConfigKeys (ConfUtils.java:logGet(43)) - raft.server.log.statemachine.data.caching.enabled = true (custom)
2019-07-30 18:56:13,704 INFO  segmented.SegmentedRaftLogWorker (SegmentedRaftLogWorker.java:lambda$new$0(132)) - 9eae76c3-8e2b-4799-80ab-333cba2ee46d-SegmentedRaftLogWorker:Storage Directory /workdir/hadoop-ozone/tools/target/test-dir/MiniOzoneClusterImpl-b7ce9aa7-7a71-4292-bfb2-70259e217b18/datanode-1/data/ratis/58c5a686-98b6-42f2-8886-447cd824921d: flushIndex: setUnconditionally 0 -> -1
2019-07-30 18:56:13,704 INFO  server.RaftServerConfigKeys (ConfUtils.java:logGet(43)) - raft.server.snapshot.auto.trigger.enabled = true (custom)
2019-07-30 18:56:13,704 INFO  server.RaftServerConfigKeys (ConfUtils.java:logGet(43)) - raft.server.snapshot.auto.trigger.threshold = 10000 (custom)
2019-07-30 18:56:13,705 INFO  server.RaftServerConfigKeys (ConfUtils.java:logGet(43)) - raft.server.retrycache.expirytime = 600000ms (custom)
2019-07-30 18:56:13,705 INFO  impl.RaftServerImpl (RaftServerImpl.java:start(180)) - 9eae76c3-8e2b-4799-80ab-333cba2ee46d: start group-447CD824921D
2019-07-30 18:56:13,705 INFO  impl.RaftServerImpl (RaftServerImpl.java:setRole(171)) - 9eae76c3-8e2b-4799-80ab-333cba2ee46d:group-447CD824921D changes role from null to FOLLOWER at term 0 for startAsFollower
2019-07-30 18:56:13,705 INFO  impl.RoleInfo (RoleInfo.java:updateAndGet(143)) - 9eae76c3-8e2b-4799-80ab-333cba2ee46d: start FollowerState
2019-07-30 18:56:13,705 INFO  util.JmxRegister (JmxRegister.java:tryRegister(44)) - Successfully registered JMX Bean with object name Ratis:service=RaftServer,group=group-447CD824921D,id=9eae76c3-8e2b-4799-80ab-333cba2ee46d
2019-07-30 18:56:13,718 INFO  pipeline.PipelineStateManager (PipelineStateManager.java:addPipeline(56)) - Created pipeline Pipeline[ Id: 58c5a686-98b6-42f2-8886-447cd824921d, Nodes: 9eae76c3-8e2b-4799-80ab-333cba2ee46d{ip: 192.168.69.76, host: byscane-nightly-d7s94-2126464438, networkLocation: /default-rack, certSerialId: null}, Type:RATIS, Factor:ONE, State:OPEN]
2019-07-30 18:56:13,771 INFO  impl.RaftServerProxy (RaftServerProxy.java:addNew(89)) - a8e08a43-06d6-4ff3-a2b7-a01daa83b6fa: addNew group-26BEC2E87304:[a8e08a43-06d6-4ff3-a2b7-a01daa83b6fa:192.168.69.76:45984, e7c18ed1-d699-403d-a564-75580f46a889:192.168.69.76:37597, dee37eed-b08c-4bdc-b9df-d4cef787bd4b:192.168.69.76:38960] returns group-26BEC2E87304:java.util.concurrent.CompletableFuture@157f3e05[Not completed]
2019-07-30 18:56:13,774 INFO  impl.RaftServerProxy (RaftServerProxy.java:addNew(89)) - e7c18ed1-d699-403d-a564-75580f46a889: addNew group-26BEC2E87304:[a8e08a43-06d6-4ff3-a2b7-a01daa83b6fa:192.168.69.76:45984, e7c18ed1-d699-403d-a564-75580f46a889:192.168.69.76:37597, dee37eed-b08c-4bdc-b9df-d4cef787bd4b:192.168.69.76:38960] returns group-26BEC2E87304:java.util.concurrent.CompletableFuture@507da2ce[Not completed]
2019-07-30 18:56:13,774 INFO  impl.RaftServerProxy (RaftServerProxy.java:addNew(89)) - dee37eed-b08c-4bdc-b9df-d4cef787bd4b: addNew group-26BEC2E87304:[a8e08a43-06d6-4ff3-a2b7-a01daa83b6fa:192.168.69.76:45984, e7c18ed1-d699-403d-a564-75580f46a889:192.168.69.76:37597, dee37eed-b08c-4bdc-b9df-d4cef787bd4b:192.168.69.76:38960] returns group-26BEC2E87304:java.util.concurrent.CompletableFuture@253732c0[Not completed]
2019-07-30 18:56:13,775 INFO  impl.RaftServerImpl (RaftServerImpl.java:<init>(93)) - a8e08a43-06d6-4ff3-a2b7-a01daa83b6fa: new RaftServerImpl for group-26BEC2E87304:[a8e08a43-06d6-4ff3-a2b7-a01daa83b6fa:192.168.69.76:45984, e7c18ed1-d699-403d-a564-75580f46a889:192.168.69.76:37597, dee37eed-b08c-4bdc-b9df-d4cef787bd4b:192.168.69.76:38960] with ContainerStateMachine:uninitialized
2019-07-30 18:56:13,775 INFO  server.RaftServerConfigKeys (ConfUtils.java:logGet(43)) - raft.server.rpc.timeout.min = 5s (custom)
2019-07-30 18:56:13,776 INFO  server.RaftServerConfigKeys (ConfUtils.java:logGet(43)) - raft.server.rpc.timeout.max = 5200ms (custom)
2019-07-30 18:56:13,776 INFO  impl.RaftServerImpl (RaftServerImpl.java:<init>(93)) - e7c18ed1-d699-403d-a564-75580f46a889: new RaftServerImpl for group-26BEC2E87304:[a8e08a43-06d6-4ff3-a2b7-a01daa83b6fa:192.168.69.76:45984, e7c18ed1-d699-403d-a564-75580f46a889:192.168.69.76:37597, dee37eed-b08c-4bdc-b9df-d4cef787bd4b:192.168.69.76:38960] with ContainerStateMachine:uninitialized
2019-07-30 18:56:13,776 INFO  server.RaftServerConfigKeys (ConfUtils.java:logGet(43)) - raft.server.rpcslowness.timeout = 120s (custom)
2019-07-30 18:56:13,776 INFO  server.RaftServerConfigKeys (ConfUtils.java:logGet(43)) - raft.server.rpc.timeout.min = 5s (custom)
2019-07-30 18:56:13,776 INFO  server.RaftServerConfigKeys (ConfUtils.java:logGet(43)) - raft.server.sleep.deviation.threshold = 300 (default)
2019-07-30 18:56:13,776 INFO  server.RaftServerConfigKeys (ConfUtils.java:logGet(43)) - raft.server.rpc.timeout.max = 5200ms (custom)
2019-07-30 18:56:13,776 INFO  server.RaftServerConfigKeys (ConfUtils.java:logGet(43)) - raft.server.log.appender.install.snapshot.enabled = false (custom)
2019-07-30 18:56:13,776 INFO  server.RaftServerConfigKeys (ConfUtils.java:logGet(43)) - raft.server.rpcslowness.timeout = 120s (custom)
2019-07-30 18:56:13,777 INFO  impl.RaftServerImpl (ServerState.java:<init>(105)) - a8e08a43-06d6-4ff3-a2b7-a01daa83b6fa:group-26BEC2E87304 ConfigurationManager, init=-1: [a8e08a43-06d6-4ff3-a2b7-a01daa83b6fa:192.168.69.76:45984, e7c18ed1-d699-403d-a564-75580f46a889:192.168.69.76:37597, dee37eed-b08c-4bdc-b9df-d4cef787bd4b:192.168.69.76:38960], old=null, confs=<EMPTY_MAP>
2019-07-30 18:56:13,777 INFO  impl.RaftServerImpl (RaftServerImpl.java:<init>(93)) - dee37eed-b08c-4bdc-b9df-d4cef787bd4b: new RaftServerImpl for group-26BEC2E87304:[a8e08a43-06d6-4ff3-a2b7-a01daa83b6fa:192.168.69.76:45984, e7c18ed1-d699-403d-a564-75580f46a889:192.168.69.76:37597, dee37eed-b08c-4bdc-b9df-d4cef787bd4b:192.168.69.76:38960] with ContainerStateMachine:uninitialized
2019-07-30 18:56:13,777 INFO  server.RaftServerConfigKeys (ConfUtils.java:logGet(43)) - raft.server.sleep.deviation.threshold = 300 (default)
2019-07-30 18:56:13,777 INFO  server.RaftServerConfigKeys (ConfUtils.java:logGet(43)) - raft.server.rpc.timeout.min = 5s (custom)
2019-07-30 18:56:13,777 INFO  server.RaftServerConfigKeys (ConfUtils.java:logGet(43)) - raft.server.storage.dir = [/workdir/hadoop-ozone/tools/target/test-dir/MiniOzoneClusterImpl-b7ce9aa7-7a71-4292-bfb2-70259e217b18/datanode-4/data/ratis] (custom)
2019-07-30 18:56:13,777 INFO  server.RaftServerConfigKeys (ConfUtils.java:logGet(43)) - raft.server.rpc.timeout.max = 5200ms (custom)
2019-07-30 18:56:13,777 INFO  server.RaftServerConfigKeys (ConfUtils.java:logGet(43)) - raft.server.log.appender.install.snapshot.enabled = false (custom)
2019-07-30 18:56:13,778 INFO  server.RaftServerConfigKeys (ConfUtils.java:logGet(43)) - raft.server.rpcslowness.timeout = 120s (custom)
2019-07-30 18:56:13,778 INFO  storage.RaftStorageDirectory (RaftStorageDirectory.java:analyzeStorage(246)) - The storage directory /workdir/hadoop-ozone/tools/target/test-dir/MiniOzoneClusterImpl-b7ce9aa7-7a71-4292-bfb2-70259e217b18/datanode-4/data/ratis/bed69acd-d031-4673-bbad-26bec2e87304 does not exist. Creating ...
2019-07-30 18:56:13,778 INFO  impl.RaftServerImpl (ServerState.java:<init>(105)) - e7c18ed1-d699-403d-a564-75580f46a889:group-26BEC2E87304 ConfigurationManager, init=-1: [a8e08a43-06d6-4ff3-a2b7-a01daa83b6fa:192.168.69.76:45984, e7c18ed1-d699-403d-a564-75580f46a889:192.168.69.76:37597, dee37eed-b08c-4bdc-b9df-d4cef787bd4b:192.168.69.76:38960], old=null, confs=<EMPTY_MAP>
2019-07-30 18:56:13,778 INFO  server.RaftServerConfigKeys (ConfUtils.java:logGet(43)) - raft.server.sleep.deviation.threshold = 300 (default)
2019-07-30 18:56:13,778 INFO  server.RaftServerConfigKeys (ConfUtils.java:logGet(43)) - raft.server.storage.dir = [/workdir/hadoop-ozone/tools/target/test-dir/MiniOzoneClusterImpl-b7ce9aa7-7a71-4292-bfb2-70259e217b18/datanode-2/data/ratis] (custom)
2019-07-30 18:56:13,778 INFO  server.RaftServerConfigKeys (ConfUtils.java:logGet(43)) - raft.server.log.appender.install.snapshot.enabled = false (custom)
2019-07-30 18:56:13,779 INFO  impl.RaftServerImpl (ServerState.java:<init>(105)) - dee37eed-b08c-4bdc-b9df-d4cef787bd4b:group-26BEC2E87304 ConfigurationManager, init=-1: [a8e08a43-06d6-4ff3-a2b7-a01daa83b6fa:192.168.69.76:45984, e7c18ed1-d699-403d-a564-75580f46a889:192.168.69.76:37597, dee37eed-b08c-4bdc-b9df-d4cef787bd4b:192.168.69.76:38960], old=null, confs=<EMPTY_MAP>
2019-07-30 18:56:13,779 INFO  storage.RaftStorageDirectory (RaftStorageDirectory.java:analyzeStorage(246)) - The storage directory /workdir/hadoop-ozone/tools/target/test-dir/MiniOzoneClusterImpl-b7ce9aa7-7a71-4292-bfb2-70259e217b18/datanode-2/data/ratis/bed69acd-d031-4673-bbad-26bec2e87304 does not exist. Creating ...
2019-07-30 18:56:13,779 INFO  server.RaftServerConfigKeys (ConfUtils.java:logGet(43)) - raft.server.storage.dir = [/workdir/hadoop-ozone/tools/target/test-dir/MiniOzoneClusterImpl-b7ce9aa7-7a71-4292-bfb2-70259e217b18/datanode-0/data/ratis] (custom)
2019-07-30 18:56:13,779 INFO  storage.RaftStorageDirectory (RaftStorageDirectory.java:analyzeStorage(246)) - The storage directory /workdir/hadoop-ozone/tools/target/test-dir/MiniOzoneClusterImpl-b7ce9aa7-7a71-4292-bfb2-70259e217b18/datanode-0/data/ratis/bed69acd-d031-4673-bbad-26bec2e87304 does not exist. Creating ...
2019-07-30 18:56:13,792 INFO  storage.RaftStorageDirectory (RaftStorageDirectory.java:tryLock(328)) - Lock on /workdir/hadoop-ozone/tools/target/test-dir/MiniOzoneClusterImpl-b7ce9aa7-7a71-4292-bfb2-70259e217b18/datanode-4/data/ratis/bed69acd-d031-4673-bbad-26bec2e87304/in_use.lock acquired by nodename 25960@byscane-nightly-d7s94-2126464438
2019-07-30 18:56:13,792 INFO  storage.RaftStorageDirectory (RaftStorageDirectory.java:tryLock(328)) - Lock on /workdir/hadoop-ozone/tools/target/test-dir/MiniOzoneClusterImpl-b7ce9aa7-7a71-4292-bfb2-70259e217b18/datanode-2/data/ratis/bed69acd-d031-4673-bbad-26bec2e87304/in_use.lock acquired by nodename 25960@byscane-nightly-d7s94-2126464438
2019-07-30 18:56:13,792 INFO  storage.RaftStorageDirectory (RaftStorageDirectory.java:tryLock(328)) - Lock on /workdir/hadoop-ozone/tools/target/test-dir/MiniOzoneClusterImpl-b7ce9aa7-7a71-4292-bfb2-70259e217b18/datanode-0/data/ratis/bed69acd-d031-4673-bbad-26bec2e87304/in_use.lock acquired by nodename 25960@byscane-nightly-d7s94-2126464438
2019-07-30 18:56:13,806 INFO  storage.RaftStorage (RaftStorage.java:format(72)) - Storage directory /workdir/hadoop-ozone/tools/target/test-dir/MiniOzoneClusterImpl-b7ce9aa7-7a71-4292-bfb2-70259e217b18/datanode-4/data/ratis/bed69acd-d031-4673-bbad-26bec2e87304 has been successfully formatted.
2019-07-30 18:56:13,806 INFO  storage.RaftStorage (RaftStorage.java:format(72)) - Storage directory /workdir/hadoop-ozone/tools/target/test-dir/MiniOzoneClusterImpl-b7ce9aa7-7a71-4292-bfb2-70259e217b18/datanode-2/data/ratis/bed69acd-d031-4673-bbad-26bec2e87304 has been successfully formatted.
2019-07-30 18:56:13,806 INFO  storage.RaftStorage (RaftStorage.java:format(72)) - Storage directory /workdir/hadoop-ozone/tools/target/test-dir/MiniOzoneClusterImpl-b7ce9aa7-7a71-4292-bfb2-70259e217b18/datanode-0/data/ratis/bed69acd-d031-4673-bbad-26bec2e87304 has been successfully formatted.
2019-07-30 18:56:13,807 INFO  ratis.ContainerStateMachine (ContainerStateMachine.java:loadSnapshot(213)) - group-26BEC2E87304: The snapshot info is null. Setting the last applied indexto:(t:0, i:~)
2019-07-30 18:56:13,807 INFO  ratis.ContainerStateMachine (ContainerStateMachine.java:loadSnapshot(213)) - group-26BEC2E87304: The snapshot info is null. Setting the last applied indexto:(t:0, i:~)
2019-07-30 18:56:13,807 INFO  ratis.ContainerStateMachine (ContainerStateMachine.java:loadSnapshot(213)) - group-26BEC2E87304: The snapshot info is null. Setting the last applied indexto:(t:0, i:~)
2019-07-30 18:56:13,807 INFO  server.RaftServerConfigKeys (ConfUtils.java:logGet(43)) - raft.server.leader.election.timeout = 120s (custom)
2019-07-30 18:56:13,807 INFO  server.RaftServerConfigKeys (ConfUtils.java:logGet(43)) - raft.server.leader.election.timeout = 120s (custom)
2019-07-30 18:56:13,807 INFO  server.RaftServerConfigKeys (ConfUtils.java:logGet(43)) - raft.server.leader.election.timeout = 120s (custom)
2019-07-30 18:56:13,807 INFO  server.RaftServerConfigKeys (ConfUtils.java:logGet(43)) - raft.server.log.use.memory = false (default)
2019-07-30 18:56:13,807 INFO  server.RaftServerConfigKeys (ConfUtils.java:logGet(43)) - raft.server.log.use.memory = false (default)
2019-07-30 18:56:13,808 INFO  server.RaftServerConfigKeys (ConfUtils.java:logGet(43)) - raft.server.log.purge.gap = 1000000000 (custom)
2019-07-30 18:56:13,808 INFO  server.RaftServerConfigKeys (ConfUtils.java:logGet(43)) - raft.server.log.use.memory = false (default)
2019-07-30 18:56:13,808 INFO  server.RaftServerConfigKeys (ConfUtils.java:logGet(43)) - raft.server.log.appender.buffer.byte-limit = 33554432 (custom)
2019-07-30 18:56:13,808 INFO  server.RaftServerConfigKeys (ConfUtils.java:logGet(43)) - raft.server.log.purge.gap = 1000000000 (custom)
2019-07-30 18:56:13,808 INFO  server.RaftServerConfigKeys (ConfUtils.java:logGet(43)) - raft.server.log.segment.size.max = 1048576 (custom)
2019-07-30 18:56:13,808 INFO  server.RaftServerConfigKeys (ConfUtils.java:logGet(43)) - raft.server.log.purge.gap = 1000000000 (custom)
2019-07-30 18:56:13,809 INFO  server.RaftServerConfigKeys (ConfUtils.java:logGet(43)) - raft.server.log.segment.cache.num.max = 2 (custom)
2019-07-30 18:56:13,809 INFO  server.RaftServerConfigKeys (ConfUtils.java:logGet(43)) - raft.server.log.appender.buffer.byte-limit = 33554432 (custom)
2019-07-30 18:56:13,809 INFO  segmented.SegmentedRaftLogWorker (SegmentedRaftLogWorker.java:<init>(172)) - new dee37eed-b08c-4bdc-b9df-d4cef787bd4b-SegmentedRaftLogWorker:Storage Directory /workdir/hadoop-ozone/tools/target/test-dir/MiniOzoneClusterImpl-b7ce9aa7-7a71-4292-bfb2-70259e217b18/datanode-0/data/ratis/bed69acd-d031-4673-bbad-26bec2e87304 for RaftStorage:Storage Directory /workdir/hadoop-ozone/tools/target/test-dir/MiniOzoneClusterImpl-b7ce9aa7-7a71-4292-bfb2-70259e217b18/datanode-0/data/ratis/bed69acd-d031-4673-bbad-26bec2e87304
2019-07-30 18:56:13,809 INFO  server.RaftServerConfigKeys (ConfUtils.java:logGet(43)) - raft.server.log.appender.buffer.byte-limit = 33554432 (custom)
2019-07-30 18:56:13,809 INFO  server.RaftServerConfigKeys (ConfUtils.java:logGet(43)) - raft.server.log.queue.byte-limit = 2147483647 (custom)
2019-07-30 18:56:13,809 INFO  server.RaftServerConfigKeys (ConfUtils.java:logGet(43)) - raft.server.log.segment.size.max = 1048576 (custom)
2019-07-30 18:56:13,811 INFO  server.RaftServerConfigKeys (ConfUtils.java:logGet(43)) - raft.server.log.queue.element-limit = 1024 (custom)
2019-07-30 18:56:13,811 INFO  server.RaftServerConfigKeys (ConfUtils.java:logGet(43)) - raft.server.log.segment.size.max = 1048576 (custom)
2019-07-30 18:56:13,811 INFO  server.RaftServerConfigKeys (ConfUtils.java:logGet(43)) - raft.server.log.segment.size.max = 1048576 (custom)
2019-07-30 18:56:13,812 INFO  server.RaftServerConfigKeys (ConfUtils.java:logGet(43)) - raft.server.log.preallocated.size = 16384 (custom)
2019-07-30 18:56:13,811 INFO  server.RaftServerConfigKeys (ConfUtils.java:logGet(43)) - raft.server.log.segment.cache.num.max = 2 (custom)
2019-07-30 18:56:13,812 INFO  server.RaftServerConfigKeys (ConfUtils.java:logGet(43)) - raft.server.log.write.buffer.size = 33554432 (custom)
2019-07-30 18:56:13,812 INFO  server.RaftServerConfigKeys (ConfUtils.java:logGet(43)) - raft.server.log.segment.cache.num.max = 2 (custom)
2019-07-30 18:56:13,812 INFO  server.RaftServerConfigKeys (ConfUtils.java:logGet(43)) - raft.server.log.force.sync.num = 128 (default)
2019-07-30 18:56:13,812 INFO  segmented.SegmentedRaftLogWorker (SegmentedRaftLogWorker.java:<init>(172)) - new e7c18ed1-d699-403d-a564-75580f46a889-SegmentedRaftLogWorker:Storage Directory /workdir/hadoop-ozone/tools/target/test-dir/MiniOzoneClusterImpl-b7ce9aa7-7a71-4292-bfb2-70259e217b18/datanode-2/data/ratis/bed69acd-d031-4673-bbad-26bec2e87304 for RaftStorage:Storage Directory /workdir/hadoop-ozone/tools/target/test-dir/MiniOzoneClusterImpl-b7ce9aa7-7a71-4292-bfb2-70259e217b18/datanode-2/data/ratis/bed69acd-d031-4673-bbad-26bec2e87304
2019-07-30 18:56:13,813 INFO  server.RaftServerConfigKeys (ConfUtils.java:logGet(43)) - raft.server.log.statemachine.data.sync = true (default)
2019-07-30 18:56:13,812 INFO  segmented.SegmentedRaftLogWorker (SegmentedRaftLogWorker.java:<init>(172)) - new a8e08a43-06d6-4ff3-a2b7-a01daa83b6fa-SegmentedRaftLogWorker:Storage Directory /workdir/hadoop-ozone/tools/target/test-dir/MiniOzoneClusterImpl-b7ce9aa7-7a71-4292-bfb2-70259e217b18/datanode-4/data/ratis/bed69acd-d031-4673-bbad-26bec2e87304 for RaftStorage:Storage Directory /workdir/hadoop-ozone/tools/target/test-dir/MiniOzoneClusterImpl-b7ce9aa7-7a71-4292-bfb2-70259e217b18/datanode-4/data/ratis/bed69acd-d031-4673-bbad-26bec2e87304
2019-07-30 18:56:13,814 INFO  server.RaftServerConfigKeys (ConfUtils.java:logGet(43)) - raft.server.log.statemachine.data.sync.timeout = 10s (default)
2019-07-30 18:56:13,813 INFO  server.RaftServerConfigKeys (ConfUtils.java:logGet(43)) - raft.server.log.queue.byte-limit = 2147483647 (custom)
2019-07-30 18:56:13,814 INFO  server.RaftServerConfigKeys (ConfUtils.java:logGet(43)) - raft.server.log.statemachine.data.sync.timeout.retry = -1 (default)
2019-07-30 18:56:13,814 INFO  server.RaftServerConfigKeys (ConfUtils.java:logGet(43)) - raft.server.log.queue.byte-limit = 2147483647 (custom)
2019-07-30 18:56:13,816 INFO  server.RaftServerConfigKeys (ConfUtils.java:logGet(43)) - raft.server.log.queue.element-limit = 1024 (custom)
2019-07-30 18:56:13,816 INFO  server.RaftServerConfigKeys (ConfUtils.java:logGet(43)) - raft.server.log.queue.element-limit = 1024 (custom)
2019-07-30 18:56:13,816 INFO  server.RaftServerConfigKeys (ConfUtils.java:logGet(43)) - raft.server.log.statemachine.data.caching.enabled = true (custom)
2019-07-30 18:56:13,816 INFO  server.RaftServerConfigKeys (ConfUtils.java:logGet(43)) - raft.server.log.segment.size.max = 1048576 (custom)
2019-07-30 18:56:13,816 INFO  server.RaftServerConfigKeys (ConfUtils.java:logGet(43)) - raft.server.log.segment.size.max = 1048576 (custom)
2019-07-30 18:56:13,817 INFO  segmented.SegmentedRaftLogWorker (SegmentedRaftLogWorker.java:lambda$new$0(132)) - dee37eed-b08c-4bdc-b9df-d4cef787bd4b-SegmentedRaftLogWorker:Storage Directory /workdir/hadoop-ozone/tools/target/test-dir/MiniOzoneClusterImpl-b7ce9aa7-7a71-4292-bfb2-70259e217b18/datanode-0/data/ratis/bed69acd-d031-4673-bbad-26bec2e87304: flushIndex: setUnconditionally 0 -> -1
2019-07-30 18:56:13,817 INFO  server.RaftServerConfigKeys (ConfUtils.java:logGet(43)) - raft.server.log.preallocated.size = 16384 (custom)
2019-07-30 18:56:13,817 INFO  server.RaftServerConfigKeys (ConfUtils.java:logGet(43)) - raft.server.log.preallocated.size = 16384 (custom)
2019-07-30 18:56:13,817 INFO  server.RaftServerConfigKeys (ConfUtils.java:logGet(43)) - raft.server.snapshot.auto.trigger.enabled = true (custom)
2019-07-30 18:56:13,817 INFO  server.RaftServerConfigKeys (ConfUtils.java:logGet(43)) - raft.server.log.write.buffer.size = 33554432 (custom)
2019-07-30 18:56:13,818 INFO  server.RaftServerConfigKeys (ConfUtils.java:logGet(43)) - raft.server.snapshot.auto.trigger.threshold = 10000 (custom)
2019-07-30 18:56:13,818 INFO  server.RaftServerConfigKeys (ConfUtils.java:logGet(43)) - raft.server.log.write.buffer.size = 33554432 (custom)
2019-07-30 18:56:13,818 INFO  server.RaftServerConfigKeys (ConfUtils.java:logGet(43)) - raft.server.retrycache.expirytime = 600000ms (custom)
2019-07-30 18:56:13,818 INFO  server.RaftServerConfigKeys (ConfUtils.java:logGet(43)) - raft.server.log.force.sync.num = 128 (default)
2019-07-30 18:56:13,818 INFO  impl.RaftServerImpl (RaftServerImpl.java:start(180)) - dee37eed-b08c-4bdc-b9df-d4cef787bd4b: start group-26BEC2E87304
2019-07-30 18:56:13,819 INFO  impl.RaftServerImpl (RaftServerImpl.java:setRole(171)) - dee37eed-b08c-4bdc-b9df-d4cef787bd4b:group-26BEC2E87304 changes role from null to FOLLOWER at term 0 for startAsFollower
2019-07-30 18:56:13,818 INFO  server.RaftServerConfigKeys (ConfUtils.java:logGet(43)) - raft.server.log.force.sync.num = 128 (default)
2019-07-30 18:56:13,819 INFO  impl.RoleInfo (RoleInfo.java:updateAndGet(143)) - dee37eed-b08c-4bdc-b9df-d4cef787bd4b: start FollowerState
2019-07-30 18:56:13,818 INFO  server.RaftServerConfigKeys (ConfUtils.java:logGet(43)) - raft.server.log.statemachine.data.sync = true (default)
2019-07-30 18:56:13,819 INFO  server.RaftServerConfigKeys (ConfUtils.java:logGet(43)) - raft.server.log.statemachine.data.sync = true (default)
2019-07-30 18:56:13,819 INFO  server.RaftServerConfigKeys (ConfUtils.java:logGet(43)) - raft.server.log.statemachine.data.sync.timeout = 10s (default)
2019-07-30 18:56:13,819 INFO  server.RaftServerConfigKeys (ConfUtils.java:logGet(43)) - raft.server.log.statemachine.data.sync.timeout = 10s (default)
2019-07-30 18:56:13,819 INFO  util.JmxRegister (JmxRegister.java:tryRegister(44)) - Successfully registered JMX Bean with object name Ratis:service=RaftServer,group=group-26BEC2E87304,id=dee37eed-b08c-4bdc-b9df-d4cef787bd4b
2019-07-30 18:56:13,820 INFO  server.RaftServerConfigKeys (ConfUtils.java:logGet(43)) - raft.server.log.statemachine.data.sync.timeout.retry = -1 (default)
2019-07-30 18:56:13,820 INFO  server.RaftServerConfigKeys (ConfUtils.java:logGet(43)) - raft.server.log.statemachine.data.sync.timeout.retry = -1 (default)
2019-07-30 18:56:13,820 INFO  server.RaftServerConfigKeys (ConfUtils.java:logGet(43)) - raft.server.log.statemachine.data.caching.enabled = true (custom)
2019-07-30 18:56:13,820 INFO  server.RaftServerConfigKeys (ConfUtils.java:logGet(43)) - raft.server.log.statemachine.data.caching.enabled = true (custom)
2019-07-30 18:56:13,821 INFO  segmented.SegmentedRaftLogWorker (SegmentedRaftLogWorker.java:lambda$new$0(132)) - e7c18ed1-d699-403d-a564-75580f46a889-SegmentedRaftLogWorker:Storage Directory /workdir/hadoop-ozone/tools/target/test-dir/MiniOzoneClusterImpl-b7ce9aa7-7a71-4292-bfb2-70259e217b18/datanode-2/data/ratis/bed69acd-d031-4673-bbad-26bec2e87304: flushIndex: setUnconditionally 0 -> -1
2019-07-30 18:56:13,821 INFO  segmented.SegmentedRaftLogWorker (SegmentedRaftLogWorker.java:lambda$new$0(132)) - a8e08a43-06d6-4ff3-a2b7-a01daa83b6fa-SegmentedRaftLogWorker:Storage Directory /workdir/hadoop-ozone/tools/target/test-dir/MiniOzoneClusterImpl-b7ce9aa7-7a71-4292-bfb2-70259e217b18/datanode-4/data/ratis/bed69acd-d031-4673-bbad-26bec2e87304: flushIndex: setUnconditionally 0 -> -1
2019-07-30 18:56:13,821 INFO  server.RaftServerConfigKeys (ConfUtils.java:logGet(43)) - raft.server.snapshot.auto.trigger.enabled = true (custom)
2019-07-30 18:56:13,823 INFO  server.RaftServerConfigKeys (ConfUtils.java:logGet(43)) - raft.server.snapshot.auto.trigger.threshold = 10000 (custom)
2019-07-30 18:56:13,823 INFO  server.RaftServerConfigKeys (ConfUtils.java:logGet(43)) - raft.server.snapshot.auto.trigger.enabled = true (custom)
2019-07-30 18:56:13,823 INFO  server.RaftServerConfigKeys (ConfUtils.java:logGet(43)) - raft.server.retrycache.expirytime = 600000ms (custom)
2019-07-30 18:56:13,823 INFO  server.RaftServerConfigKeys (ConfUtils.java:logGet(43)) - raft.server.snapshot.auto.trigger.threshold = 10000 (custom)
2019-07-30 18:56:13,823 INFO  impl.RaftServerImpl (RaftServerImpl.java:start(180)) - e7c18ed1-d699-403d-a564-75580f46a889: start group-26BEC2E87304
2019-07-30 18:56:13,823 INFO  server.RaftServerConfigKeys (ConfUtils.java:logGet(43)) - raft.server.retrycache.expirytime = 600000ms (custom)
2019-07-30 18:56:13,823 INFO  impl.RaftServerImpl (RaftServerImpl.java:setRole(171)) - e7c18ed1-d699-403d-a564-75580f46a889:group-26BEC2E87304 changes role from null to FOLLOWER at term 0 for startAsFollower
2019-07-30 18:56:13,824 INFO  impl.RaftServerImpl (RaftServerImpl.java:start(180)) - a8e08a43-06d6-4ff3-a2b7-a01daa83b6fa: start group-26BEC2E87304
2019-07-30 18:56:13,824 INFO  impl.RoleInfo (RoleInfo.java:updateAndGet(143)) - e7c18ed1-d699-403d-a564-75580f46a889: start FollowerState
2019-07-30 18:56:13,824 INFO  impl.RaftServerImpl (RaftServerImpl.java:setRole(171)) - a8e08a43-06d6-4ff3-a2b7-a01daa83b6fa:group-26BEC2E87304 changes role from null to FOLLOWER at term 0 for startAsFollower
2019-07-30 18:56:13,827 INFO  impl.RoleInfo (RoleInfo.java:updateAndGet(143)) - a8e08a43-06d6-4ff3-a2b7-a01daa83b6fa: start FollowerState
2019-07-30 18:56:13,827 INFO  util.JmxRegister (JmxRegister.java:tryRegister(44)) - Successfully registered JMX Bean with object name Ratis:service=RaftServer,group=group-26BEC2E87304,id=e7c18ed1-d699-403d-a564-75580f46a889
2019-07-30 18:56:13,827 INFO  util.JmxRegister (JmxRegister.java:tryRegister(44)) - Successfully registered JMX Bean with object name Ratis:service=RaftServer,group=group-26BEC2E87304,id=a8e08a43-06d6-4ff3-a2b7-a01daa83b6fa
2019-07-30 18:56:13,852 INFO  pipeline.PipelineStateManager (PipelineStateManager.java:addPipeline(56)) - Created pipeline Pipeline[ Id: bed69acd-d031-4673-bbad-26bec2e87304, Nodes: dee37eed-b08c-4bdc-b9df-d4cef787bd4b{ip: 192.168.69.76, host: byscane-nightly-d7s94-2126464438, networkLocation: /default-rack, certSerialId: null}a8e08a43-06d6-4ff3-a2b7-a01daa83b6fa{ip: 192.168.69.76, host: byscane-nightly-d7s94-2126464438, networkLocation: /default-rack, certSerialId: null}e7c18ed1-d699-403d-a564-75580f46a889{ip: 192.168.69.76, host: byscane-nightly-d7s94-2126464438, networkLocation: /default-rack, certSerialId: null}, Type:RATIS, Factor:THREE, State:OPEN]
2019-07-30 18:56:14,197 INFO  ozone.MiniOzoneClusterImpl (MiniOzoneClusterImpl.java:lambda$waitForClusterToBeReady$0(142)) - Cluster is ready. Got 5 of 5 DN Heartbeats.
2019-07-30 18:56:14,637 INFO  freon.RandomKeyGenerator (RandomKeyGenerator.java:call(278)) - Number of Threads: 10
2019-07-30 18:56:14,638 INFO  freon.RandomKeyGenerator (RandomKeyGenerator.java:call(283)) - Number of Volumes: 1.
2019-07-30 18:56:14,638 INFO  freon.RandomKeyGenerator (RandomKeyGenerator.java:call(284)) - Number of Buckets per Volume: 1.
2019-07-30 18:56:14,638 INFO  freon.RandomKeyGenerator (RandomKeyGenerator.java:call(285)) - Number of Keys per Bucket: 1.
2019-07-30 18:56:14,639 INFO  freon.RandomKeyGenerator (RandomKeyGenerator.java:call(286)) - Key size: 20971520 bytes
2019-07-30 18:56:14,639 INFO  freon.RandomKeyGenerator (RandomKeyGenerator.java:call(287)) - Buffer size: 4096 bytes
2019-07-30 18:56:14,641 INFO  freon.RandomKeyGenerator (RandomKeyGenerator.java:call(301)) - Data validation is enabled.
2019-07-30 18:56:14,642 INFO  freon.RandomKeyGenerator (RandomKeyGenerator.java:call(307)) - Starting progress bar Thread.

 0.00% |█                                                                                                    |  0/1 Time: 0:00:002019-07-30 18:56:14,679 INFO  rpc.RpcClient (RpcClient.java:createVolume(288)) - Creating Volume: vol-0-90255, with jenkins1000 as owner.
2019-07-30 18:56:14,740 INFO  rpc.RpcClient (RpcClient.java:createBucket(425)) - Creating Bucket: vol-0-90255/bucket-0-55060, with Versioning false and Storage Type set to DISK and Encryption set to false 
2019-07-30 18:56:14,927 INFO  impl.MetricsSystemImpl (MetricsSystemImpl.java:init(158)) - XceiverClientMetrics metrics system started (again)
2019-07-30 18:56:15,069 INFO  client.GrpcClientProtocolClient (GrpcClientProtocolClient.java:onNext(255)) - client-EC3774DE79C8->dee37eed-b08c-4bdc-b9df-d4cef787bd4b: receive RaftClientReply:client-EC3774DE79C8->dee37eed-b08c-4bdc-b9df-d4cef787bd4b@group-26BEC2E87304, cid=8, FAILED org.apache.ratis.protocol.NotLeaderException: Server dee37eed-b08c-4bdc-b9df-d4cef787bd4b is not the leader (null). Request must be sent to leader., logIndex=0, commits[dee37eed-b08c-4bdc-b9df-d4cef787bd4b:c-1]
2019-07-30 18:56:15,118 INFO  container.ReplicationManager (ReplicationManager.java:start(155)) - Starting Replication Monitor Thread.
2019-07-30 18:56:15,120 INFO  container.ReplicationManager (ReplicationManager.java:run(207)) - Replication Monitor Thread took 1 milliseconds for processing 3 containers.
 0.00% |█                                                                                                    |  0/1 Time: 0:00:012019-07-30 18:56:16,121 INFO  client.GrpcClientProtocolClient (GrpcClientProtocolClient.java:onNext(255)) - client-EC3774DE79C8->e7c18ed1-d699-403d-a564-75580f46a889: receive RaftClientReply:client-EC3774DE79C8->e7c18ed1-d699-403d-a564-75580f46a889@group-26BEC2E87304, cid=8, FAILED org.apache.ratis.protocol.NotLeaderException: Server e7c18ed1-d699-403d-a564-75580f46a889 is not the leader (null). Request must be sent to leader., logIndex=0, commits[e7c18ed1-d699-403d-a564-75580f46a889:c-1]
 0.00% |█                                                                                                    |  0/1 Time: 0:00:022019-07-30 18:56:17,162 INFO  client.GrpcClientProtocolClient (GrpcClientProtocolClient.java:onNext(255)) - client-EC3774DE79C8->a8e08a43-06d6-4ff3-a2b7-a01daa83b6fa: receive RaftClientReply:client-EC3774DE79C8->a8e08a43-06d6-4ff3-a2b7-a01daa83b6fa@group-26BEC2E87304, cid=8, FAILED org.apache.ratis.protocol.NotLeaderException: Server a8e08a43-06d6-4ff3-a2b7-a01daa83b6fa is not the leader (null). Request must be sent to leader., logIndex=0, commits[a8e08a43-06d6-4ff3-a2b7-a01daa83b6fa:c-1]
 0.00% |█                                                                                                    |  0/1 Time: 0:00:032019-07-30 18:56:18,201 INFO  client.GrpcClientProtocolClient (GrpcClientProtocolClient.java:onNext(255)) - client-EC3774DE79C8->e7c18ed1-d699-403d-a564-75580f46a889: receive RaftClientReply:client-EC3774DE79C8->e7c18ed1-d699-403d-a564-75580f46a889@group-26BEC2E87304, cid=8, FAILED org.apache.ratis.protocol.NotLeaderException: Server e7c18ed1-d699-403d-a564-75580f46a889 is not the leader (null). Request must be sent to leader., logIndex=0, commits[e7c18ed1-d699-403d-a564-75580f46a889:c-1]
2019-07-30 18:56:18,324 INFO  impl.FollowerState (FollowerState.java:run(106)) - dee37eed-b08c-4bdc-b9df-d4cef787bd4b:group-84D11C2989C8 changes to CANDIDATE, lastRpcTime:5040, electionTimeout:5038ms
2019-07-30 18:56:18,324 INFO  impl.RoleInfo (RoleInfo.java:shutdownFollowerState(121)) - dee37eed-b08c-4bdc-b9df-d4cef787bd4b: shutdown FollowerState
2019-07-30 18:56:18,325 INFO  impl.RaftServerImpl (RaftServerImpl.java:setRole(171)) - dee37eed-b08c-4bdc-b9df-d4cef787bd4b:group-84D11C2989C8 changes role from FOLLOWER to CANDIDATE at term 0 for changeToCandidate
2019-07-30 18:56:18,327 INFO  impl.RoleInfo (RoleInfo.java:updateAndGet(143)) - dee37eed-b08c-4bdc-b9df-d4cef787bd4b: start LeaderElection
2019-07-30 18:56:18,348 INFO  impl.LeaderElection (LeaderElection.java:askForVotes(181)) - dee37eed-b08c-4bdc-b9df-d4cef787bd4b:group-84D11C2989C8:LeaderElection1: begin an election at term 1 for -1: [dee37eed-b08c-4bdc-b9df-d4cef787bd4b:192.168.69.76:38960], old=null
2019-07-30 18:56:18,350 INFO  impl.RoleInfo (RoleInfo.java:shutdownLeaderElection(134)) - dee37eed-b08c-4bdc-b9df-d4cef787bd4b: shutdown LeaderElection
2019-07-30 18:56:18,350 INFO  impl.RaftServerImpl (RaftServerImpl.java:setRole(171)) - dee37eed-b08c-4bdc-b9df-d4cef787bd4b:group-84D11C2989C8 changes role from CANDIDATE to LEADER at term 1 for changeToLeader
2019-07-30 18:56:18,350 INFO  impl.RaftServerImpl (ServerState.java:setLeader(263)) - dee37eed-b08c-4bdc-b9df-d4cef787bd4b:group-84D11C2989C8 change Leader from null to dee37eed-b08c-4bdc-b9df-d4cef787bd4b at term 1 for becomeLeader, leader elected after 5521ms
2019-07-30 18:56:18,359 INFO  server.RaftServerConfigKeys (ConfUtils.java:logGet(43)) - raft.server.staging.catchup.gap = 1000 (default)
2019-07-30 18:56:18,359 INFO  server.RaftServerConfigKeys (ConfUtils.java:logGet(43)) - raft.server.rpc.sleep.time = 25ms (default)
2019-07-30 18:56:18,362 INFO  server.RaftServerConfigKeys (ConfUtils.java:logGet(43)) - raft.server.write.element-limit = 4096 (default)
2019-07-30 18:56:18,365 INFO  server.RaftServerConfigKeys (ConfUtils.java:logGet(43)) - raft.server.watch.timeout = 10s (default)
2019-07-30 18:56:18,365 INFO  server.RaftServerConfigKeys (ConfUtils.java:logGet(43)) - raft.server.watch.timeout.denomination = 1s (default)
2019-07-30 18:56:18,366 INFO  server.RaftServerConfigKeys (ConfUtils.java:logGet(43)) - raft.server.watch.element-limit = 65536 (default)
2019-07-30 18:56:18,375 INFO  impl.RoleInfo (RoleInfo.java:updateAndGet(143)) - dee37eed-b08c-4bdc-b9df-d4cef787bd4b: start LeaderState
2019-07-30 18:56:18,399 INFO  segmented.SegmentedRaftLogWorker (SegmentedRaftLogWorker.java:startLogSegment(380)) - dee37eed-b08c-4bdc-b9df-d4cef787bd4b-SegmentedRaftLogWorker:Storage Directory /workdir/hadoop-ozone/tools/target/test-dir/MiniOzoneClusterImpl-b7ce9aa7-7a71-4292-bfb2-70259e217b18/datanode-0/data/ratis/f86a8e9d-c8dd-4fb4-8d0b-84d11c2989c8: Starting segment from index:0
2019-07-30 18:56:18,407 INFO  impl.RaftServerImpl (ServerState.java:setRaftConf(361)) - dee37eed-b08c-4bdc-b9df-d4cef787bd4b:group-84D11C2989C8 set configuration 0: [dee37eed-b08c-4bdc-b9df-d4cef787bd4b:192.168.69.76:38960], old=null at 0
2019-07-30 18:56:18,570 INFO  segmented.SegmentedRaftLogWorker (SegmentedRaftLogWorker.java:execute(569)) - dee37eed-b08c-4bdc-b9df-d4cef787bd4b-SegmentedRaftLogWorker:Storage Directory /workdir/hadoop-ozone/tools/target/test-dir/MiniOzoneClusterImpl-b7ce9aa7-7a71-4292-bfb2-70259e217b18/datanode-0/data/ratis/f86a8e9d-c8dd-4fb4-8d0b-84d11c2989c8: created new log segment /workdir/hadoop-ozone/tools/target/test-dir/MiniOzoneClusterImpl-b7ce9aa7-7a71-4292-bfb2-70259e217b18/datanode-0/data/ratis/f86a8e9d-c8dd-4fb4-8d0b-84d11c2989c8/current/log_inprogress_0
2019-07-30 18:56:18,581 INFO  impl.FollowerState (FollowerState.java:run(106)) - a8e08a43-06d6-4ff3-a2b7-a01daa83b6fa:group-7A31B7232CD5 changes to CANDIDATE, lastRpcTime:5113, electionTimeout:5112ms
2019-07-30 18:56:18,583 INFO  impl.RoleInfo (RoleInfo.java:shutdownFollowerState(121)) - a8e08a43-06d6-4ff3-a2b7-a01daa83b6fa: shutdown FollowerState
2019-07-30 18:56:18,583 INFO  impl.RaftServerImpl (RaftServerImpl.java:setRole(171)) - a8e08a43-06d6-4ff3-a2b7-a01daa83b6fa:group-7A31B7232CD5 changes role from FOLLOWER to CANDIDATE at term 0 for changeToCandidate
2019-07-30 18:56:18,584 INFO  impl.RoleInfo (RoleInfo.java:updateAndGet(143)) - a8e08a43-06d6-4ff3-a2b7-a01daa83b6fa: start LeaderElection
2019-07-30 18:56:18,605 INFO  impl.LeaderElection (LeaderElection.java:askForVotes(181)) - a8e08a43-06d6-4ff3-a2b7-a01daa83b6fa:group-7A31B7232CD5:LeaderElection2: begin an election at term 1 for -1: [a8e08a43-06d6-4ff3-a2b7-a01daa83b6fa:192.168.69.76:45984], old=null
2019-07-30 18:56:18,608 INFO  impl.RoleInfo (RoleInfo.java:shutdownLeaderElection(134)) - a8e08a43-06d6-4ff3-a2b7-a01daa83b6fa: shutdown LeaderElection
2019-07-30 18:56:18,608 INFO  impl.RaftServerImpl (RaftServerImpl.java:setRole(171)) - a8e08a43-06d6-4ff3-a2b7-a01daa83b6fa:group-7A31B7232CD5 changes role from CANDIDATE to LEADER at term 1 for changeToLeader
2019-07-30 18:56:18,608 INFO  impl.RaftServerImpl (ServerState.java:setLeader(263)) - a8e08a43-06d6-4ff3-a2b7-a01daa83b6fa:group-7A31B7232CD5 change Leader from null to a8e08a43-06d6-4ff3-a2b7-a01daa83b6fa at term 1 for becomeLeader, leader elected after 5146ms
2019-07-30 18:56:18,609 INFO  server.RaftServerConfigKeys (ConfUtils.java:logGet(43)) - raft.server.staging.catchup.gap = 1000 (default)
2019-07-30 18:56:18,610 INFO  server.RaftServerConfigKeys (ConfUtils.java:logGet(43)) - raft.server.rpc.sleep.time = 25ms (default)
2019-07-30 18:56:18,610 INFO  server.RaftServerConfigKeys (ConfUtils.java:logGet(43)) - raft.server.write.element-limit = 4096 (default)
2019-07-30 18:56:18,610 INFO  server.RaftServerConfigKeys (ConfUtils.java:logGet(43)) - raft.server.watch.timeout = 10s (default)
2019-07-30 18:56:18,610 INFO  server.RaftServerConfigKeys (ConfUtils.java:logGet(43)) - raft.server.watch.timeout.denomination = 1s (default)
2019-07-30 18:56:18,610 INFO  server.RaftServerConfigKeys (ConfUtils.java:logGet(43)) - raft.server.watch.element-limit = 65536 (default)
2019-07-30 18:56:18,611 INFO  impl.RoleInfo (RoleInfo.java:updateAndGet(143)) - a8e08a43-06d6-4ff3-a2b7-a01daa83b6fa: start LeaderState
2019-07-30 18:56:18,611 INFO  segmented.SegmentedRaftLogWorker (SegmentedRaftLogWorker.java:startLogSegment(380)) - a8e08a43-06d6-4ff3-a2b7-a01daa83b6fa-SegmentedRaftLogWorker:Storage Directory /workdir/hadoop-ozone/tools/target/test-dir/MiniOzoneClusterImpl-b7ce9aa7-7a71-4292-bfb2-70259e217b18/datanode-4/data/ratis/fd20768f-37d8-40e2-9e60-7a31b7232cd5: Starting segment from index:0
2019-07-30 18:56:18,612 INFO  impl.RaftServerImpl (ServerState.java:setRaftConf(361)) - a8e08a43-06d6-4ff3-a2b7-a01daa83b6fa:group-7A31B7232CD5 set configuration 0: [a8e08a43-06d6-4ff3-a2b7-a01daa83b6fa:192.168.69.76:45984], old=null at 0
2019-07-30 18:56:18,640 INFO  segmented.SegmentedRaftLogWorker (SegmentedRaftLogWorker.java:execute(569)) - a8e08a43-06d6-4ff3-a2b7-a01daa83b6fa-SegmentedRaftLogWorker:Storage Directory /workdir/hadoop-ozone/tools/target/test-dir/MiniOzoneClusterImpl-b7ce9aa7-7a71-4292-bfb2-70259e217b18/datanode-4/data/ratis/fd20768f-37d8-40e2-9e60-7a31b7232cd5: created new log segment /workdir/hadoop-ozone/tools/target/test-dir/MiniOzoneClusterImpl-b7ce9aa7-7a71-4292-bfb2-70259e217b18/datanode-4/data/ratis/fd20768f-37d8-40e2-9e60-7a31b7232cd5/current/log_inprogress_0
 0.00% |█                                                                                                    |  0/1 Time: 0:00:042019-07-30 18:56:18,684 INFO  impl.FollowerState (FollowerState.java:run(106)) - e7c18ed1-d699-403d-a564-75580f46a889:group-9AFF00AD4955 changes to CANDIDATE, lastRpcTime:5124, electionTimeout:5124ms
2019-07-30 18:56:18,684 INFO  impl.RoleInfo (RoleInfo.java:shutdownFollowerState(121)) - e7c18ed1-d699-403d-a564-75580f46a889: shutdown FollowerState
2019-07-30 18:56:18,684 INFO  impl.RaftServerImpl (RaftServerImpl.java:setRole(171)) - e7c18ed1-d699-403d-a564-75580f46a889:group-9AFF00AD4955 changes role from FOLLOWER to CANDIDATE at term 0 for changeToCandidate
2019-07-30 18:56:18,685 INFO  impl.RoleInfo (RoleInfo.java:updateAndGet(143)) - e7c18ed1-d699-403d-a564-75580f46a889: start LeaderElection
2019-07-30 18:56:18,704 INFO  impl.LeaderElection (LeaderElection.java:askForVotes(181)) - e7c18ed1-d699-403d-a564-75580f46a889:group-9AFF00AD4955:LeaderElection3: begin an election at term 1 for -1: [e7c18ed1-d699-403d-a564-75580f46a889:192.168.69.76:37597], old=null
2019-07-30 18:56:18,706 INFO  impl.RoleInfo (RoleInfo.java:shutdownLeaderElection(134)) - e7c18ed1-d699-403d-a564-75580f46a889: shutdown LeaderElection
2019-07-30 18:56:18,706 INFO  impl.RaftServerImpl (RaftServerImpl.java:setRole(171)) - e7c18ed1-d699-403d-a564-75580f46a889:group-9AFF00AD4955 changes role from CANDIDATE to LEADER at term 1 for changeToLeader
2019-07-30 18:56:18,706 INFO  impl.RaftServerImpl (ServerState.java:setLeader(263)) - e7c18ed1-d699-403d-a564-75580f46a889:group-9AFF00AD4955 change Leader from null to e7c18ed1-d699-403d-a564-75580f46a889 at term 1 for becomeLeader, leader elected after 5152ms
2019-07-30 18:56:18,708 INFO  server.RaftServerConfigKeys (ConfUtils.java:logGet(43)) - raft.server.staging.catchup.gap = 1000 (default)
2019-07-30 18:56:18,708 INFO  server.RaftServerConfigKeys (ConfUtils.java:logGet(43)) - raft.server.rpc.sleep.time = 25ms (default)
2019-07-30 18:56:18,708 INFO  server.RaftServerConfigKeys (ConfUtils.java:logGet(43)) - raft.server.write.element-limit = 4096 (default)
2019-07-30 18:56:18,708 INFO  server.RaftServerConfigKeys (ConfUtils.java:logGet(43)) - raft.server.watch.timeout = 10s (default)
2019-07-30 18:56:18,709 INFO  server.RaftServerConfigKeys (ConfUtils.java:logGet(43)) - raft.server.watch.timeout.denomination = 1s (default)
2019-07-30 18:56:18,709 INFO  server.RaftServerConfigKeys (ConfUtils.java:logGet(43)) - raft.server.watch.element-limit = 65536 (default)
2019-07-30 18:56:18,709 INFO  impl.RoleInfo (RoleInfo.java:updateAndGet(143)) - e7c18ed1-d699-403d-a564-75580f46a889: start LeaderState
2019-07-30 18:56:18,709 INFO  segmented.SegmentedRaftLogWorker (SegmentedRaftLogWorker.java:startLogSegment(380)) - e7c18ed1-d699-403d-a564-75580f46a889-SegmentedRaftLogWorker:Storage Directory /workdir/hadoop-ozone/tools/target/test-dir/MiniOzoneClusterImpl-b7ce9aa7-7a71-4292-bfb2-70259e217b18/datanode-2/data/ratis/d6d5b6a2-574d-4c10-87e4-9aff00ad4955: Starting segment from index:0
2019-07-30 18:56:18,710 INFO  impl.RaftServerImpl (ServerState.java:setRaftConf(361)) - e7c18ed1-d699-403d-a564-75580f46a889:group-9AFF00AD4955 set configuration 0: [e7c18ed1-d699-403d-a564-75580f46a889:192.168.69.76:37597], old=null at 0
2019-07-30 18:56:18,739 INFO  segmented.SegmentedRaftLogWorker (SegmentedRaftLogWorker.java:execute(569)) - e7c18ed1-d699-403d-a564-75580f46a889-SegmentedRaftLogWorker:Storage Directory /workdir/hadoop-ozone/tools/target/test-dir/MiniOzoneClusterImpl-b7ce9aa7-7a71-4292-bfb2-70259e217b18/datanode-2/data/ratis/d6d5b6a2-574d-4c10-87e4-9aff00ad4955: created new log segment /workdir/hadoop-ozone/tools/target/test-dir/MiniOzoneClusterImpl-b7ce9aa7-7a71-4292-bfb2-70259e217b18/datanode-2/data/ratis/d6d5b6a2-574d-4c10-87e4-9aff00ad4955/current/log_inprogress_0
2019-07-30 18:56:18,749 INFO  impl.FollowerState (FollowerState.java:run(106)) - 1d968ac4-0521-4d6b-9797-d78c30b18beb:group-7902D4A26299 changes to CANDIDATE, lastRpcTime:5117, electionTimeout:5117ms
2019-07-30 18:56:18,749 INFO  impl.RoleInfo (RoleInfo.java:shutdownFollowerState(121)) - 1d968ac4-0521-4d6b-9797-d78c30b18beb: shutdown FollowerState
2019-07-30 18:56:18,749 INFO  impl.RaftServerImpl (RaftServerImpl.java:setRole(171)) - 1d968ac4-0521-4d6b-9797-d78c30b18beb:group-7902D4A26299 changes role from FOLLOWER to CANDIDATE at term 0 for changeToCandidate
2019-07-30 18:56:18,749 INFO  impl.RoleInfo (RoleInfo.java:updateAndGet(143)) - 1d968ac4-0521-4d6b-9797-d78c30b18beb: start LeaderElection
2019-07-30 18:56:18,767 INFO  impl.LeaderElection (LeaderElection.java:askForVotes(181)) - 1d968ac4-0521-4d6b-9797-d78c30b18beb:group-7902D4A26299:LeaderElection4: begin an election at term 1 for -1: [1d968ac4-0521-4d6b-9797-d78c30b18beb:192.168.69.76:44979], old=null
2019-07-30 18:56:18,768 INFO  impl.RoleInfo (RoleInfo.java:shutdownLeaderElection(134)) - 1d968ac4-0521-4d6b-9797-d78c30b18beb: shutdown LeaderElection
2019-07-30 18:56:18,768 INFO  impl.RaftServerImpl (RaftServerImpl.java:setRole(171)) - 1d968ac4-0521-4d6b-9797-d78c30b18beb:group-7902D4A26299 changes role from CANDIDATE to LEADER at term 1 for changeToLeader
2019-07-30 18:56:18,769 INFO  impl.RaftServerImpl (ServerState.java:setLeader(263)) - 1d968ac4-0521-4d6b-9797-d78c30b18beb:group-7902D4A26299 change Leader from null to 1d968ac4-0521-4d6b-9797-d78c30b18beb at term 1 for becomeLeader, leader elected after 5142ms
2019-07-30 18:56:18,770 INFO  server.RaftServerConfigKeys (ConfUtils.java:logGet(43)) - raft.server.staging.catchup.gap = 1000 (default)
2019-07-30 18:56:18,770 INFO  server.RaftServerConfigKeys (ConfUtils.java:logGet(43)) - raft.server.rpc.sleep.time = 25ms (default)
2019-07-30 18:56:18,770 INFO  server.RaftServerConfigKeys (ConfUtils.java:logGet(43)) - raft.server.write.element-limit = 4096 (default)
2019-07-30 18:56:18,770 INFO  server.RaftServerConfigKeys (ConfUtils.java:logGet(43)) - raft.server.watch.timeout = 10s (default)
2019-07-30 18:56:18,771 INFO  server.RaftServerConfigKeys (ConfUtils.java:logGet(43)) - raft.server.watch.timeout.denomination = 1s (default)
2019-07-30 18:56:18,771 INFO  server.RaftServerConfigKeys (ConfUtils.java:logGet(43)) - raft.server.watch.element-limit = 65536 (default)
2019-07-30 18:56:18,771 INFO  impl.RoleInfo (RoleInfo.java:updateAndGet(143)) - 1d968ac4-0521-4d6b-9797-d78c30b18beb: start LeaderState
2019-07-30 18:56:18,771 INFO  segmented.SegmentedRaftLogWorker (SegmentedRaftLogWorker.java:startLogSegment(380)) - 1d968ac4-0521-4d6b-9797-d78c30b18beb-SegmentedRaftLogWorker:Storage Directory /workdir/hadoop-ozone/tools/target/test-dir/MiniOzoneClusterImpl-b7ce9aa7-7a71-4292-bfb2-70259e217b18/datanode-3/data/ratis/d8d9f595-12b2-4fa2-94a8-7902d4a26299: Starting segment from index:0
2019-07-30 18:56:18,772 INFO  impl.RaftServerImpl (ServerState.java:setRaftConf(361)) - 1d968ac4-0521-4d6b-9797-d78c30b18beb:group-7902D4A26299 set configuration 0: [1d968ac4-0521-4d6b-9797-d78c30b18beb:192.168.69.76:44979], old=null at 0
2019-07-30 18:56:18,801 INFO  segmented.SegmentedRaftLogWorker (SegmentedRaftLogWorker.java:execute(569)) - 1d968ac4-0521-4d6b-9797-d78c30b18beb-SegmentedRaftLogWorker:Storage Directory /workdir/hadoop-ozone/tools/target/test-dir/MiniOzoneClusterImpl-b7ce9aa7-7a71-4292-bfb2-70259e217b18/datanode-3/data/ratis/d8d9f595-12b2-4fa2-94a8-7902d4a26299: created new log segment /workdir/hadoop-ozone/tools/target/test-dir/MiniOzoneClusterImpl-b7ce9aa7-7a71-4292-bfb2-70259e217b18/datanode-3/data/ratis/d8d9f595-12b2-4fa2-94a8-7902d4a26299/current/log_inprogress_0
2019-07-30 18:56:18,848 INFO  impl.FollowerState (FollowerState.java:run(106)) - 9eae76c3-8e2b-4799-80ab-333cba2ee46d:group-447CD824921D changes to CANDIDATE, lastRpcTime:5142, electionTimeout:5142ms
2019-07-30 18:56:18,848 INFO  impl.RoleInfo (RoleInfo.java:shutdownFollowerState(121)) - 9eae76c3-8e2b-4799-80ab-333cba2ee46d: shutdown FollowerState
2019-07-30 18:56:18,848 INFO  impl.RaftServerImpl (RaftServerImpl.java:setRole(171)) - 9eae76c3-8e2b-4799-80ab-333cba2ee46d:group-447CD824921D changes role from FOLLOWER to CANDIDATE at term 0 for changeToCandidate
2019-07-30 18:56:18,848 INFO  impl.RoleInfo (RoleInfo.java:updateAndGet(143)) - 9eae76c3-8e2b-4799-80ab-333cba2ee46d: start LeaderElection
2019-07-30 18:56:18,867 INFO  impl.LeaderElection (LeaderElection.java:askForVotes(181)) - 9eae76c3-8e2b-4799-80ab-333cba2ee46d:group-447CD824921D:LeaderElection5: begin an election at term 1 for -1: [9eae76c3-8e2b-4799-80ab-333cba2ee46d:192.168.69.76:45226], old=null
2019-07-30 18:56:18,868 INFO  impl.RoleInfo (RoleInfo.java:shutdownLeaderElection(134)) - 9eae76c3-8e2b-4799-80ab-333cba2ee46d: shutdown LeaderElection
2019-07-30 18:56:18,868 INFO  impl.RaftServerImpl (RaftServerImpl.java:setRole(171)) - 9eae76c3-8e2b-4799-80ab-333cba2ee46d:group-447CD824921D changes role from CANDIDATE to LEADER at term 1 for changeToLeader
2019-07-30 18:56:18,868 INFO  impl.RaftServerImpl (ServerState.java:setLeader(263)) - 9eae76c3-8e2b-4799-80ab-333cba2ee46d:group-447CD824921D change Leader from null to 9eae76c3-8e2b-4799-80ab-333cba2ee46d at term 1 for becomeLeader, leader elected after 5167ms
2019-07-30 18:56:18,869 INFO  server.RaftServerConfigKeys (ConfUtils.java:logGet(43)) - raft.server.staging.catchup.gap = 1000 (default)
2019-07-30 18:56:18,869 INFO  server.RaftServerConfigKeys (ConfUtils.java:logGet(43)) - raft.server.rpc.sleep.time = 25ms (default)
2019-07-30 18:56:18,869 INFO  server.RaftServerConfigKeys (ConfUtils.java:logGet(43)) - raft.server.write.element-limit = 4096 (default)
2019-07-30 18:56:18,870 INFO  server.RaftServerConfigKeys (ConfUtils.java:logGet(43)) - raft.server.watch.timeout = 10s (default)
2019-07-30 18:56:18,870 INFO  server.RaftServerConfigKeys (ConfUtils.java:logGet(43)) - raft.server.watch.timeout.denomination = 1s (default)
2019-07-30 18:56:18,870 INFO  server.RaftServerConfigKeys (ConfUtils.java:logGet(43)) - raft.server.watch.element-limit = 65536 (default)
2019-07-30 18:56:18,870 INFO  impl.RoleInfo (RoleInfo.java:updateAndGet(143)) - 9eae76c3-8e2b-4799-80ab-333cba2ee46d: start LeaderState
2019-07-30 18:56:18,870 INFO  segmented.SegmentedRaftLogWorker (SegmentedRaftLogWorker.java:startLogSegment(380)) - 9eae76c3-8e2b-4799-80ab-333cba2ee46d-SegmentedRaftLogWorker:Storage Directory /workdir/hadoop-ozone/tools/target/test-dir/MiniOzoneClusterImpl-b7ce9aa7-7a71-4292-bfb2-70259e217b18/datanode-1/data/ratis/58c5a686-98b6-42f2-8886-447cd824921d: Starting segment from index:0
2019-07-30 18:56:18,871 INFO  impl.RaftServerImpl (ServerState.java:setRaftConf(361)) - 9eae76c3-8e2b-4799-80ab-333cba2ee46d:group-447CD824921D set configuration 0: [9eae76c3-8e2b-4799-80ab-333cba2ee46d:192.168.69.76:45226], old=null at 0
2019-07-30 18:56:18,885 INFO  impl.FollowerState (FollowerState.java:run(106)) - e7c18ed1-d699-403d-a564-75580f46a889:group-26BEC2E87304 changes to CANDIDATE, lastRpcTime:5061, electionTimeout:5051ms
2019-07-30 18:56:18,886 INFO  impl.RoleInfo (RoleInfo.java:shutdownFollowerState(121)) - e7c18ed1-d699-403d-a564-75580f46a889: shutdown FollowerState
2019-07-30 18:56:18,886 INFO  impl.RaftServerImpl (RaftServerImpl.java:setRole(171)) - e7c18ed1-d699-403d-a564-75580f46a889:group-26BEC2E87304 changes role from FOLLOWER to CANDIDATE at term 0 for changeToCandidate
2019-07-30 18:56:18,886 INFO  impl.RoleInfo (RoleInfo.java:updateAndGet(143)) - e7c18ed1-d699-403d-a564-75580f46a889: start LeaderElection
2019-07-30 18:56:18,893 INFO  segmented.SegmentedRaftLogWorker (SegmentedRaftLogWorker.java:execute(569)) - 9eae76c3-8e2b-4799-80ab-333cba2ee46d-SegmentedRaftLogWorker:Storage Directory /workdir/hadoop-ozone/tools/target/test-dir/MiniOzoneClusterImpl-b7ce9aa7-7a71-4292-bfb2-70259e217b18/datanode-1/data/ratis/58c5a686-98b6-42f2-8886-447cd824921d: created new log segment /workdir/hadoop-ozone/tools/target/test-dir/MiniOzoneClusterImpl-b7ce9aa7-7a71-4292-bfb2-70259e217b18/datanode-1/data/ratis/58c5a686-98b6-42f2-8886-447cd824921d/current/log_inprogress_0
2019-07-30 18:56:18,893 INFO  impl.LeaderElection (LeaderElection.java:askForVotes(181)) - e7c18ed1-d699-403d-a564-75580f46a889:group-26BEC2E87304:LeaderElection6: begin an election at term 1 for -1: [a8e08a43-06d6-4ff3-a2b7-a01daa83b6fa:192.168.69.76:45984, e7c18ed1-d699-403d-a564-75580f46a889:192.168.69.76:37597, dee37eed-b08c-4bdc-b9df-d4cef787bd4b:192.168.69.76:38960], old=null
2019-07-30 18:56:18,916 INFO  impl.RaftServerImpl (RaftServerImpl.java:setRole(171)) - a8e08a43-06d6-4ff3-a2b7-a01daa83b6fa:group-26BEC2E87304 changes role from FOLLOWER to FOLLOWER at term 1 for recognizeCandidate:e7c18ed1-d699-403d-a564-75580f46a889
2019-07-30 18:56:18,916 INFO  impl.RaftServerImpl (RaftServerImpl.java:setRole(171)) - dee37eed-b08c-4bdc-b9df-d4cef787bd4b:group-26BEC2E87304 changes role from FOLLOWER to FOLLOWER at term 1 for recognizeCandidate:e7c18ed1-d699-403d-a564-75580f46a889
2019-07-30 18:56:18,917 INFO  impl.RoleInfo (RoleInfo.java:shutdownFollowerState(121)) - a8e08a43-06d6-4ff3-a2b7-a01daa83b6fa: shutdown FollowerState
2019-07-30 18:56:18,917 INFO  impl.RoleInfo (RoleInfo.java:shutdownFollowerState(121)) - dee37eed-b08c-4bdc-b9df-d4cef787bd4b: shutdown FollowerState
2019-07-30 18:56:18,917 INFO  impl.RoleInfo (RoleInfo.java:updateAndGet(143)) - a8e08a43-06d6-4ff3-a2b7-a01daa83b6fa: start FollowerState
2019-07-30 18:56:18,917 INFO  impl.FollowerState (FollowerState.java:run(114)) - dee37eed-b08c-4bdc-b9df-d4cef787bd4b: FollowerState was interrupted: java.lang.InterruptedException: sleep interrupted
2019-07-30 18:56:18,917 INFO  impl.RoleInfo (RoleInfo.java:updateAndGet(143)) - dee37eed-b08c-4bdc-b9df-d4cef787bd4b: start FollowerState
2019-07-30 18:56:18,917 INFO  impl.FollowerState (FollowerState.java:run(114)) - a8e08a43-06d6-4ff3-a2b7-a01daa83b6fa: FollowerState was interrupted: java.lang.InterruptedException: sleep interrupted
2019-07-30 18:56:18,944 INFO  impl.LeaderElection (LeaderElection.java:logAndReturn(56)) - e7c18ed1-d699-403d-a564-75580f46a889:group-26BEC2E87304:LeaderElection6: Election PASSED; received 1 response(s) [e7c18ed1-d699-403d-a564-75580f46a889<-a8e08a43-06d6-4ff3-a2b7-a01daa83b6fa#0:OK-t1] and 0 exception(s); e7c18ed1-d699-403d-a564-75580f46a889:t1, leader=null, voted=e7c18ed1-d699-403d-a564-75580f46a889, raftlog=e7c18ed1-d699-403d-a564-75580f46a889-SegmentedRaftLog:OPENED:c-1,f-1,i0, conf=-1: [a8e08a43-06d6-4ff3-a2b7-a01daa83b6fa:192.168.69.76:45984, e7c18ed1-d699-403d-a564-75580f46a889:192.168.69.76:37597, dee37eed-b08c-4bdc-b9df-d4cef787bd4b:192.168.69.76:38960], old=null
2019-07-30 18:56:18,944 INFO  impl.RoleInfo (RoleInfo.java:shutdownLeaderElection(134)) - e7c18ed1-d699-403d-a564-75580f46a889: shutdown LeaderElection
2019-07-30 18:56:18,944 INFO  impl.RaftServerImpl (RaftServerImpl.java:setRole(171)) - e7c18ed1-d699-403d-a564-75580f46a889:group-26BEC2E87304 changes role from CANDIDATE to LEADER at term 1 for changeToLeader
2019-07-30 18:56:18,944 INFO  impl.RaftServerImpl (ServerState.java:setLeader(263)) - e7c18ed1-d699-403d-a564-75580f46a889:group-26BEC2E87304 change Leader from null to e7c18ed1-d699-403d-a564-75580f46a889 at term 1 for becomeLeader, leader elected after 5137ms
2019-07-30 18:56:18,945 INFO  server.RaftServerConfigKeys (ConfUtils.java:logGet(43)) - raft.server.staging.catchup.gap = 1000 (default)
2019-07-30 18:56:18,946 INFO  server.RaftServerConfigKeys (ConfUtils.java:logGet(43)) - raft.server.rpc.sleep.time = 25ms (default)
2019-07-30 18:56:18,947 INFO  server.RaftServerConfigKeys (ConfUtils.java:logGet(43)) - raft.server.write.element-limit = 4096 (default)
2019-07-30 18:56:18,947 INFO  server.RaftServerConfigKeys (ConfUtils.java:logGet(43)) - raft.server.watch.timeout = 10s (default)
2019-07-30 18:56:18,947 INFO  server.RaftServerConfigKeys (ConfUtils.java:logGet(43)) - raft.server.watch.timeout.denomination = 1s (default)
2019-07-30 18:56:18,947 INFO  server.RaftServerConfigKeys (ConfUtils.java:logGet(43)) - raft.server.watch.element-limit = 65536 (default)
2019-07-30 18:56:18,949 INFO  server.RaftServerConfigKeys (ConfUtils.java:logGet(43)) - raft.server.log.appender.snapshot.chunk.size.max = 16MB (=16777216) (default)
2019-07-30 18:56:18,949 INFO  server.RaftServerConfigKeys (ConfUtils.java:logGet(43)) - raft.server.log.appender.buffer.byte-limit = 33554432 (custom)
2019-07-30 18:56:18,949 INFO  server.RaftServerConfigKeys (ConfUtils.java:logGet(43)) - raft.server.log.appender.buffer.element-limit = 1 (custom)
2019-07-30 18:56:18,952 INFO  grpc.GrpcConfigKeys$Server (ConfUtils.java:logGet(43)) - raft.grpc.server.leader.outstanding.appends.max = 128 (default)
2019-07-30 18:56:18,956 INFO  server.RaftServerConfigKeys (ConfUtils.java:logGet(43)) - raft.server.rpc.request.timeout = 3000ms (default)
2019-07-30 18:56:18,956 INFO  server.RaftServerConfigKeys (ConfUtils.java:logGet(43)) - raft.server.log.appender.install.snapshot.enabled = false (custom)
2019-07-30 18:56:18,956 INFO  server.RaftServerConfigKeys (ConfUtils.java:logGet(43)) - raft.server.log.appender.snapshot.chunk.size.max = 16MB (=16777216) (default)
2019-07-30 18:56:18,957 INFO  server.RaftServerConfigKeys (ConfUtils.java:logGet(43)) - raft.server.log.appender.buffer.byte-limit = 33554432 (custom)
2019-07-30 18:56:18,957 INFO  server.RaftServerConfigKeys (ConfUtils.java:logGet(43)) - raft.server.log.appender.buffer.element-limit = 1 (custom)
2019-07-30 18:56:18,957 INFO  grpc.GrpcConfigKeys$Server (ConfUtils.java:logGet(43)) - raft.grpc.server.leader.outstanding.appends.max = 128 (default)
2019-07-30 18:56:18,957 INFO  server.RaftServerConfigKeys (ConfUtils.java:logGet(43)) - raft.server.rpc.request.timeout = 3000ms (default)
2019-07-30 18:56:18,957 INFO  server.RaftServerConfigKeys (ConfUtils.java:logGet(43)) - raft.server.log.appender.install.snapshot.enabled = false (custom)
2019-07-30 18:56:18,958 INFO  impl.RoleInfo (RoleInfo.java:updateAndGet(143)) - e7c18ed1-d699-403d-a564-75580f46a889: start LeaderState
2019-07-30 18:56:18,958 INFO  segmented.SegmentedRaftLogWorker (SegmentedRaftLogWorker.java:startLogSegment(380)) - e7c18ed1-d699-403d-a564-75580f46a889-SegmentedRaftLogWorker:Storage Directory /workdir/hadoop-ozone/tools/target/test-dir/MiniOzoneClusterImpl-b7ce9aa7-7a71-4292-bfb2-70259e217b18/datanode-2/data/ratis/bed69acd-d031-4673-bbad-26bec2e87304: Starting segment from index:0
2019-07-30 18:56:18,959 INFO  impl.RaftServerImpl (ServerState.java:setRaftConf(361)) - e7c18ed1-d699-403d-a564-75580f46a889:group-26BEC2E87304 set configuration 0: [a8e08a43-06d6-4ff3-a2b7-a01daa83b6fa:192.168.69.76:45984, e7c18ed1-d699-403d-a564-75580f46a889:192.168.69.76:37597, dee37eed-b08c-4bdc-b9df-d4cef787bd4b:192.168.69.76:38960], old=null at 0
2019-07-30 18:56:18,988 INFO  segmented.SegmentedRaftLogWorker (SegmentedRaftLogWorker.java:execute(569)) - e7c18ed1-d699-403d-a564-75580f46a889-SegmentedRaftLogWorker:Storage Directory /workdir/hadoop-ozone/tools/target/test-dir/MiniOzoneClusterImpl-b7ce9aa7-7a71-4292-bfb2-70259e217b18/datanode-2/data/ratis/bed69acd-d031-4673-bbad-26bec2e87304: created new log segment /workdir/hadoop-ozone/tools/target/test-dir/MiniOzoneClusterImpl-b7ce9aa7-7a71-4292-bfb2-70259e217b18/datanode-2/data/ratis/bed69acd-d031-4673-bbad-26bec2e87304/current/log_inprogress_0
2019-07-30 18:56:18,992 INFO  impl.RaftServerImpl (ServerState.java:setLeader(263)) - a8e08a43-06d6-4ff3-a2b7-a01daa83b6fa:group-26BEC2E87304 change Leader from null to e7c18ed1-d699-403d-a564-75580f46a889 at term 1 for appendEntries, leader elected after 5185ms
2019-07-30 18:56:18,992 INFO  impl.RaftServerImpl (ServerState.java:setLeader(263)) - dee37eed-b08c-4bdc-b9df-d4cef787bd4b:group-26BEC2E87304 change Leader from null to e7c18ed1-d699-403d-a564-75580f46a889 at term 1 for appendEntries, leader elected after 5185ms
2019-07-30 18:56:19,017 INFO  impl.RaftServerImpl (ServerState.java:setRaftConf(361)) - dee37eed-b08c-4bdc-b9df-d4cef787bd4b:group-26BEC2E87304 set configuration 0: [a8e08a43-06d6-4ff3-a2b7-a01daa83b6fa:192.168.69.76:45984, e7c18ed1-d699-403d-a564-75580f46a889:192.168.69.76:37597, dee37eed-b08c-4bdc-b9df-d4cef787bd4b:192.168.69.76:38960], old=null at 0
2019-07-30 18:56:19,017 INFO  impl.RaftServerImpl (ServerState.java:setRaftConf(361)) - a8e08a43-06d6-4ff3-a2b7-a01daa83b6fa:group-26BEC2E87304 set configuration 0: [a8e08a43-06d6-4ff3-a2b7-a01daa83b6fa:192.168.69.76:45984, e7c18ed1-d699-403d-a564-75580f46a889:192.168.69.76:37597, dee37eed-b08c-4bdc-b9df-d4cef787bd4b:192.168.69.76:38960], old=null at 0
2019-07-30 18:56:19,017 INFO  segmented.SegmentedRaftLogWorker (SegmentedRaftLogWorker.java:startLogSegment(380)) - dee37eed-b08c-4bdc-b9df-d4cef787bd4b-SegmentedRaftLogWorker:Storage Directory /workdir/hadoop-ozone/tools/target/test-dir/MiniOzoneClusterImpl-b7ce9aa7-7a71-4292-bfb2-70259e217b18/datanode-0/data/ratis/bed69acd-d031-4673-bbad-26bec2e87304: Starting segment from index:0
2019-07-30 18:56:19,018 INFO  segmented.SegmentedRaftLogWorker (SegmentedRaftLogWorker.java:startLogSegment(380)) - a8e08a43-06d6-4ff3-a2b7-a01daa83b6fa-SegmentedRaftLogWorker:Storage Directory /workdir/hadoop-ozone/tools/target/test-dir/MiniOzoneClusterImpl-b7ce9aa7-7a71-4292-bfb2-70259e217b18/datanode-4/data/ratis/bed69acd-d031-4673-bbad-26bec2e87304: Starting segment from index:0
2019-07-30 18:56:19,043 INFO  segmented.SegmentedRaftLogWorker (SegmentedRaftLogWorker.java:execute(569)) - dee37eed-b08c-4bdc-b9df-d4cef787bd4b-SegmentedRaftLogWorker:Storage Directory /workdir/hadoop-ozone/tools/target/test-dir/MiniOzoneClusterImpl-b7ce9aa7-7a71-4292-bfb2-70259e217b18/datanode-0/data/ratis/bed69acd-d031-4673-bbad-26bec2e87304: created new log segment /workdir/hadoop-ozone/tools/target/test-dir/MiniOzoneClusterImpl-b7ce9aa7-7a71-4292-bfb2-70259e217b18/datanode-0/data/ratis/bed69acd-d031-4673-bbad-26bec2e87304/current/log_inprogress_0
2019-07-30 18:56:19,043 INFO  segmented.SegmentedRaftLogWorker (SegmentedRaftLogWorker.java:execute(569)) - a8e08a43-06d6-4ff3-a2b7-a01daa83b6fa-SegmentedRaftLogWorker:Storage Directory /workdir/hadoop-ozone/tools/target/test-dir/MiniOzoneClusterImpl-b7ce9aa7-7a71-4292-bfb2-70259e217b18/datanode-4/data/ratis/bed69acd-d031-4673-bbad-26bec2e87304: created new log segment /workdir/hadoop-ozone/tools/target/test-dir/MiniOzoneClusterImpl-b7ce9aa7-7a71-4292-bfb2-70259e217b18/datanode-4/data/ratis/bed69acd-d031-4673-bbad-26bec2e87304/current/log_inprogress_0
2019-07-30 18:56:19,244 INFO  client.GrpcClientProtocolClient (GrpcClientProtocolClient.java:onNext(255)) - client-EC3774DE79C8->dee37eed-b08c-4bdc-b9df-d4cef787bd4b: receive RaftClientReply:client-EC3774DE79C8->dee37eed-b08c-4bdc-b9df-d4cef787bd4b@group-26BEC2E87304, cid=8, FAILED org.apache.ratis.protocol.NotLeaderException: Server dee37eed-b08c-4bdc-b9df-d4cef787bd4b is not the leader (e7c18ed1-d699-403d-a564-75580f46a889:192.168.69.76:37597). Request must be sent to leader., logIndex=0, commits[dee37eed-b08c-4bdc-b9df-d4cef787bd4b:c0, a8e08a43-06d6-4ff3-a2b7-a01daa83b6fa:c-1, e7c18ed1-d699-403d-a564-75580f46a889:c0]
2019-07-30 18:56:19,554 INFO  client.GrpcClientProtocolClient (GrpcClientProtocolClient.java:onNext(255)) - client-EC3774DE79C8->e7c18ed1-d699-403d-a564-75580f46a889: receive RaftClientReply:client-EC3774DE79C8->e7c18ed1-d699-403d-a564-75580f46a889@group-26BEC2E87304, cid=8, SUCCESS, logIndex=1, commits[e7c18ed1-d699-403d-a564-75580f46a889:c1, a8e08a43-06d6-4ff3-a2b7-a01daa83b6fa:c0, dee37eed-b08c-4bdc-b9df-d4cef787bd4b:c0]
 0.00% |█                                                                                                    |  0/1 Time: 0:00:052019-07-30 18:56:19,673 INFO  client.GrpcClientProtocolClient (GrpcClientProtocolClient.java:onNext(255)) - client-EC3774DE79C8->e7c18ed1-d699-403d-a564-75580f46a889: receive RaftClientReply:client-EC3774DE79C8->e7c18ed1-d699-403d-a564-75580f46a889@group-26BEC2E87304, cid=9, SUCCESS, logIndex=3, commits[e7c18ed1-d699-403d-a564-75580f46a889:c8, a8e08a43-06d6-4ff3-a2b7-a01daa83b6fa:c5, dee37eed-b08c-4bdc-b9df-d4cef787bd4b:c6]
2019-07-30 18:56:19,686 INFO  client.GrpcClientProtocolClient (GrpcClientProtocolClient.java:onNext(255)) - client-EC3774DE79C8->e7c18ed1-d699-403d-a564-75580f46a889: receive RaftClientReply:client-EC3774DE79C8->e7c18ed1-d699-403d-a564-75580f46a889@group-26BEC2E87304, cid=10, SUCCESS, logIndex=4, commits[e7c18ed1-d699-403d-a564-75580f46a889:c8, a8e08a43-06d6-4ff3-a2b7-a01daa83b6fa:c5, dee37eed-b08c-4bdc-b9df-d4cef787bd4b:c6]
2019-07-30 18:56:19,753 INFO  client.GrpcClientProtocolClient (GrpcClientProtocolClient.java:onNext(255)) - client-EC3774DE79C8->e7c18ed1-d699-403d-a564-75580f46a889: receive RaftClientReply:client-EC3774DE79C8->e7c18ed1-d699-403d-a564-75580f46a889@group-26BEC2E87304, cid=11, SUCCESS, logIndex=5, commits[e7c18ed1-d699-403d-a564-75580f46a889:c8, a8e08a43-06d6-4ff3-a2b7-a01daa83b6fa:c5, dee37eed-b08c-4bdc-b9df-d4cef787bd4b:c6]
2019-07-30 18:56:19,801 INFO  client.GrpcClientProtocolClient (GrpcClientProtocolClient.java:onNext(255)) - client-EC3774DE79C8->e7c18ed1-d699-403d-a564-75580f46a889: receive RaftClientReply:client-EC3774DE79C8->e7c18ed1-d699-403d-a564-75580f46a889@group-26BEC2E87304, cid=12, SUCCESS, logIndex=9, commits[e7c18ed1-d699-403d-a564-75580f46a889:c9, a8e08a43-06d6-4ff3-a2b7-a01daa83b6fa:c5, dee37eed-b08c-4bdc-b9df-d4cef787bd4b:c8]
2019-07-30 18:56:19,802 INFO  client.GrpcClientProtocolClient (GrpcClientProtocolClient.java:onNext(255)) - client-EC3774DE79C8->e7c18ed1-d699-403d-a564-75580f46a889: receive RaftClientReply:client-EC3774DE79C8->e7c18ed1-d699-403d-a564-75580f46a889@group-26BEC2E87304, cid=13, SUCCESS, logIndex=10, commits[e7c18ed1-d699-403d-a564-75580f46a889:c10, a8e08a43-06d6-4ff3-a2b7-a01daa83b6fa:c5, dee37eed-b08c-4bdc-b9df-d4cef787bd4b:c8]
2019-07-30 18:56:19,827 INFO  client.GrpcClientProtocolClient (GrpcClientProtocolClient.java:onNext(255)) - client-EC3774DE79C8->e7c18ed1-d699-403d-a564-75580f46a889: receive RaftClientReply:client-EC3774DE79C8->e7c18ed1-d699-403d-a564-75580f46a889@group-26BEC2E87304, cid=14, SUCCESS, logIndex=11, commits[e7c18ed1-d699-403d-a564-75580f46a889:c13, a8e08a43-06d6-4ff3-a2b7-a01daa83b6fa:c9, dee37eed-b08c-4bdc-b9df-d4cef787bd4b:c10]
2019-07-30 18:56:19,828 INFO  client.GrpcClientProtocolClient (GrpcClientProtocolClient.java:onNext(255)) - client-EC3774DE79C8->e7c18ed1-d699-403d-a564-75580f46a889: receive RaftClientReply:client-EC3774DE79C8->e7c18ed1-d699-403d-a564-75580f46a889@group-26BEC2E87304, cid=15, SUCCESS, logIndex=13, commits[e7c18ed1-d699-403d-a564-75580f46a889:c14, a8e08a43-06d6-4ff3-a2b7-a01daa83b6fa:c10, dee37eed-b08c-4bdc-b9df-d4cef787bd4b:c10]
2019-07-30 18:56:19,847 INFO  client.GrpcClientProtocolClient (GrpcClientProtocolClient.java:onNext(255)) - client-EC3774DE79C8->e7c18ed1-d699-403d-a564-75580f46a889: receive RaftClientReply:client-EC3774DE79C8->e7c18ed1-d699-403d-a564-75580f46a889@group-26BEC2E87304, cid=16, SUCCESS, logIndex=0, commits[e7c18ed1-d699-403d-a564-75580f46a889:c16, a8e08a43-06d6-4ff3-a2b7-a01daa83b6fa:c14, dee37eed-b08c-4bdc-b9df-d4cef787bd4b:c14]
2019-07-30 18:56:20,022 INFO  client.GrpcClientProtocolClient (GrpcClientProtocolClient.java:onNext(255)) - client-EC3774DE79C8->e7c18ed1-d699-403d-a564-75580f46a889: receive RaftClientReply:client-EC3774DE79C8->e7c18ed1-d699-403d-a564-75580f46a889@group-26BEC2E87304, cid=17, SUCCESS, logIndex=17, commits[e7c18ed1-d699-403d-a564-75580f46a889:c20, a8e08a43-06d6-4ff3-a2b7-a01daa83b6fa:c16, dee37eed-b08c-4bdc-b9df-d4cef787bd4b:c16]
2019-07-30 18:56:20,068 INFO  client.GrpcClientProtocolClient (GrpcClientProtocolClient.java:onNext(255)) - client-EC3774DE79C8->e7c18ed1-d699-403d-a564-75580f46a889: receive RaftClientReply:client-EC3774DE79C8->e7c18ed1-d699-403d-a564-75580f46a889@group-26BEC2E87304, cid=18, SUCCESS, logIndex=18, commits[e7c18ed1-d699-403d-a564-75580f46a889:c23, a8e08a43-06d6-4ff3-a2b7-a01daa83b6fa:c20, dee37eed-b08c-4bdc-b9df-d4cef787bd4b:c20]
2019-07-30 18:56:20,069 INFO  client.GrpcClientProtocolClient (GrpcClientProtocolClient.java:onNext(255)) - client-EC3774DE79C8->e7c18ed1-d699-403d-a564-75580f46a889: receive RaftClientReply:client-EC3774DE79C8->e7c18ed1-d699-403d-a564-75580f46a889@group-26BEC2E87304, cid=19, SUCCESS, logIndex=19, commits[e7c18ed1-d699-403d-a564-75580f46a889:c23, a8e08a43-06d6-4ff3-a2b7-a01daa83b6fa:c20, dee37eed-b08c-4bdc-b9df-d4cef787bd4b:c20]
2019-07-30 18:56:20,158 INFO  client.GrpcClientProtocolClient (GrpcClientProtocolClient.java:onNext(255)) - client-EC3774DE79C8->e7c18ed1-d699-403d-a564-75580f46a889: receive RaftClientReply:client-EC3774DE79C8->e7c18ed1-d699-403d-a564-75580f46a889@group-26BEC2E87304, cid=20, SUCCESS, logIndex=20, commits[e7c18ed1-d699-403d-a564-75580f46a889:c23, a8e08a43-06d6-4ff3-a2b7-a01daa83b6fa:c20, dee37eed-b08c-4bdc-b9df-d4cef787bd4b:c20]
2019-07-30 18:56:20,198 INFO  client.GrpcClientProtocolClient (GrpcClientProtocolClient.java:onNext(255)) - client-EC3774DE79C8->e7c18ed1-d699-403d-a564-75580f46a889: receive RaftClientReply:client-EC3774DE79C8->e7c18ed1-d699-403d-a564-75580f46a889@group-26BEC2E87304, cid=21, SUCCESS, logIndex=24, commits[e7c18ed1-d699-403d-a564-75580f46a889:c25, a8e08a43-06d6-4ff3-a2b7-a01daa83b6fa:c23, dee37eed-b08c-4bdc-b9df-d4cef787bd4b:c23]
2019-07-30 18:56:20,199 INFO  client.GrpcClientProtocolClient (GrpcClientProtocolClient.java:onNext(255)) - client-EC3774DE79C8->e7c18ed1-d699-403d-a564-75580f46a889: receive RaftClientReply:client-EC3774DE79C8->e7c18ed1-d699-403d-a564-75580f46a889@group-26BEC2E87304, cid=22, SUCCESS, logIndex=25, commits[e7c18ed1-d699-403d-a564-75580f46a889:c25, a8e08a43-06d6-4ff3-a2b7-a01daa83b6fa:c23, dee37eed-b08c-4bdc-b9df-d4cef787bd4b:c23]
2019-07-30 18:56:20,207 INFO  client.GrpcClientProtocolClient (GrpcClientProtocolClient.java:onNext(255)) - client-EC3774DE79C8->e7c18ed1-d699-403d-a564-75580f46a889: receive RaftClientReply:client-EC3774DE79C8->e7c18ed1-d699-403d-a564-75580f46a889@group-26BEC2E87304, cid=23, SUCCESS, logIndex=26, commits[e7c18ed1-d699-403d-a564-75580f46a889:c27, a8e08a43-06d6-4ff3-a2b7-a01daa83b6fa:c24, dee37eed-b08c-4bdc-b9df-d4cef787bd4b:c24]
2019-07-30 18:56:20,207 INFO  client.GrpcClientProtocolClient (GrpcClientProtocolClient.java:onNext(255)) - client-EC3774DE79C8->e7c18ed1-d699-403d-a564-75580f46a889: receive RaftClientReply:client-EC3774DE79C8->e7c18ed1-d699-403d-a564-75580f46a889@group-26BEC2E87304, cid=24, SUCCESS, logIndex=27, commits[e7c18ed1-d699-403d-a564-75580f46a889:c29, a8e08a43-06d6-4ff3-a2b7-a01daa83b6fa:c25, dee37eed-b08c-4bdc-b9df-d4cef787bd4b:c25]
2019-07-30 18:56:20,220 INFO  client.GrpcClientProtocolClient (GrpcClientProtocolClient.java:onNext(255)) - client-EC3774DE79C8->e7c18ed1-d699-403d-a564-75580f46a889: receive RaftClientReply:client-EC3774DE79C8->e7c18ed1-d699-403d-a564-75580f46a889@group-26BEC2E87304, cid=25, SUCCESS, logIndex=0, commits[e7c18ed1-d699-403d-a564-75580f46a889:c31, a8e08a43-06d6-4ff3-a2b7-a01daa83b6fa:c27, dee37eed-b08c-4bdc-b9df-d4cef787bd4b:c28]
2019-07-30 18:56:20,231 INFO  keyvalue.KeyValueHandler (ContainerUtils.java:logAndReturnError(146)) - Operation: CreateContainer : Trace ID: e5f4f3ac770f550d:f5b5a41cffb920da:5aeb3130f2227953:0 : Message: Container creation failed, due to disk out of space : Result: DISK_OUT_OF_SPACE
2019-07-30 18:56:20,236 INFO  keyvalue.KeyValueHandler (ContainerUtils.java:logAndReturnError(146)) - Operation: CreateContainer : Trace ID: e5f4f3ac770f550d:35c9ac34efe6fda5:5aeb3130f2227953:0 : Message: Container creation failed, due to disk out of space : Result: DISK_OUT_OF_SPACE
2019-07-30 18:56:20,240 INFO  keyvalue.KeyValueHandler (ContainerUtils.java:logAndReturnError(146)) - Operation: CreateContainer : Trace ID: e5f4f3ac770f550d:f5b5a41cffb920da:5aeb3130f2227953:0 : Message: Container creation failed, due to disk out of space : Result: DISK_OUT_OF_SPACE
2019-07-30 18:56:20,240 INFO  keyvalue.KeyValueHandler (ContainerUtils.java:logAndReturnError(146)) - Operation: CreateContainer : Trace ID: e5f4f3ac770f550d:f5b5a41cffb920da:5aeb3130f2227953:0 : Message: Container creation failed, due to disk out of space : Result: DISK_OUT_OF_SPACE
18:56:20.234 [pool-48-thread-25] ERROR DNAudit - user=null | ip=null | op=WRITE_CHUNK {blockData=conID: 3 locID: 102531922320031747 bcsId: 0} | ret=FAILURE
org.apache.hadoop.hdds.scm.container.common.helpers.StorageContainerException: ContainerID 3 creation failed
	at org.apache.hadoop.ozone.container.common.impl.HddsDispatcher.dispatchRequest(HddsDispatcher.java:227) ~[classes/:?]
	at org.apache.hadoop.ozone.container.common.impl.HddsDispatcher.dispatch(HddsDispatcher.java:148) ~[classes/:?]
	at org.apache.hadoop.ozone.container.common.transport.server.ratis.ContainerStateMachine.dispatchCommand(ContainerStateMachine.java:374) ~[classes/:?]
	at org.apache.hadoop.ozone.container.common.transport.server.ratis.ContainerStateMachine.runCommand(ContainerStateMachine.java:381) ~[classes/:?]
	at org.apache.hadoop.ozone.container.common.transport.server.ratis.ContainerStateMachine.lambda$handleWriteChunk$1(ContainerStateMachine.java:412) ~[classes/:?]
	at java.util.concurrent.CompletableFuture$AsyncSupply.run(CompletableFuture.java:1590) [?:1.8.0_212]
	at java.util.concurrent.ThreadPoolExecutor.runWorker(ThreadPoolExecutor.java:1149) [?:1.8.0_212]
	at java.util.concurrent.ThreadPoolExecutor$Worker.run(ThreadPoolExecutor.java:624) [?:1.8.0_212]
	at java.lang.Thread.run(Thread.java:748) [?:1.8.0_212]
18:56:20.240 [pool-70-thread-9] ERROR DNAudit - user=null | ip=null | op=WRITE_CHUNK {blockData=conID: 3 locID: 102531922320031747 bcsId: 0} | ret=FAILURE
org.apache.hadoop.hdds.scm.container.common.helpers.StorageContainerException: ContainerID 3 creation failed
	at org.apache.hadoop.ozone.container.common.impl.HddsDispatcher.dispatchRequest(HddsDispatcher.java:227) ~[classes/:?]
	at org.apache.hadoop.ozone.container.common.impl.HddsDispatcher.dispatch(HddsDispatcher.java:148) ~[classes/:?]
	at org.apache.hadoop.ozone.container.common.transport.server.ratis.ContainerStateMachine.dispatchCommand(ContainerStateMachine.java:374) ~[classes/:?]
	at org.apache.hadoop.ozone.container.common.transport.server.ratis.ContainerStateMachine.runCommand(ContainerStateMachine.java:381) ~[classes/:?]
	at org.apache.hadoop.ozone.container.common.transport.server.ratis.ContainerStateMachine.lambda$handleWriteChunk$1(ContainerStateMachine.java:412) ~[classes/:?]
	at java.util.concurrent.CompletableFuture$AsyncSupply.run(CompletableFuture.java:1590) [?:1.8.0_212]
	at java.util.concurrent.ThreadPoolExecutor.runWorker(ThreadPoolExecutor.java:1149) [?:1.8.0_212]
	at java.util.concurrent.ThreadPoolExecutor$Worker.run(ThreadPoolExecutor.java:624) [?:1.8.0_212]
	at java.lang.Thread.run(Thread.java:748) [?:1.8.0_212]
18:56:20.241 [pool-26-thread-9] ERROR DNAudit - user=null | ip=null | op=WRITE_CHUNK {blockData=conID: 3 locID: 102531922320031747 bcsId: 0} | ret=FAILURE
org.apache.hadoop.hdds.scm.container.common.helpers.StorageContainerException: ContainerID 3 creation failed
	at org.apache.hadoop.ozone.container.common.impl.HddsDispatcher.dispatchRequest(HddsDispatcher.java:227) ~[classes/:?]
	at org.apache.hadoop.ozone.container.common.impl.HddsDispatcher.dispatch(HddsDispatcher.java:148) ~[classes/:?]
	at org.apache.hadoop.ozone.container.common.transport.server.ratis.ContainerStateMachine.dispatchCommand(ContainerStateMachine.java:374) ~[classes/:?]
	at org.apache.hadoop.ozone.container.common.transport.server.ratis.ContainerStateMachine.runCommand(ContainerStateMachine.java:381) ~[classes/:?]
	at org.apache.hadoop.ozone.container.common.transport.server.ratis.ContainerStateMachine.lambda$handleWriteChunk$1(ContainerStateMachine.java:412) ~[classes/:?]
	at java.util.concurrent.CompletableFuture$AsyncSupply.run(CompletableFuture.java:1590) [?:1.8.0_212]
	at java.util.concurrent.ThreadPoolExecutor.runWorker(ThreadPoolExecutor.java:1149) [?:1.8.0_212]
	at java.util.concurrent.ThreadPoolExecutor$Worker.run(ThreadPoolExecutor.java:624) [?:1.8.0_212]
	at java.lang.Thread.run(Thread.java:748) [?:1.8.0_212]
18:56:20.239 [pool-48-thread-28] ERROR DNAudit - user=null | ip=null | op=WRITE_CHUNK {blockData=conID: 3 locID: 102531922320031747 bcsId: 0} | ret=FAILURE
org.apache.hadoop.hdds.scm.container.common.helpers.StorageContainerException: ContainerID 3 creation failed
	at org.apache.hadoop.ozone.container.common.impl.HddsDispatcher.dispatchRequest(HddsDispatcher.java:227) ~[classes/:?]
	at org.apache.hadoop.ozone.container.common.impl.HddsDispatcher.dispatch(HddsDispatcher.java:148) ~[classes/:?]
	at org.apache.hadoop.ozone.container.common.transport.server.ratis.ContainerStateMachine.dispatchCommand(ContainerStateMachine.java:374) ~[classes/:?]
	at org.apache.hadoop.ozone.container.common.transport.server.ratis.ContainerStateMachine.runCommand(ContainerStateMachine.java:381) ~[classes/:?]
	at org.apache.hadoop.ozone.container.common.transport.server.ratis.ContainerStateMachine.lambda$handleWriteChunk$1(ContainerStateMachine.java:412) ~[classes/:?]
	at java.util.concurrent.CompletableFuture$AsyncSupply.run(CompletableFuture.java:1590) [?:1.8.0_212]
	at java.util.concurrent.ThreadPoolExecutor.runWorker(ThreadPoolExecutor.java:1149) [?:1.8.0_212]
	at java.util.concurrent.ThreadPoolExecutor$Worker.run(ThreadPoolExecutor.java:624) [?:1.8.0_212]
	at java.lang.Thread.run(Thread.java:748) [?:1.8.0_212]
2019-07-30 18:56:20,245 INFO  keyvalue.KeyValueHandler (ContainerUtils.java:logAndReturnError(146)) - Operation: CreateContainer : Trace ID: e5f4f3ac770f550d:35c9ac34efe6fda5:5aeb3130f2227953:0 : Message: Container creation failed, due to disk out of space : Result: DISK_OUT_OF_SPACE
18:56:20.245 [pool-26-thread-10] ERROR DNAudit - user=null | ip=null | op=WRITE_CHUNK {blockData=conID: 3 locID: 102531922320031747 bcsId: 0} | ret=FAILURE
org.apache.hadoop.hdds.scm.container.common.helpers.StorageContainerException: ContainerID 3 creation failed
	at org.apache.hadoop.ozone.container.common.impl.HddsDispatcher.dispatchRequest(HddsDispatcher.java:227) ~[classes/:?]
	at org.apache.hadoop.ozone.container.common.impl.HddsDispatcher.dispatch(HddsDispatcher.java:148) ~[classes/:?]
	at org.apache.hadoop.ozone.container.common.transport.server.ratis.ContainerStateMachine.dispatchCommand(ContainerStateMachine.java:374) ~[classes/:?]
	at org.apache.hadoop.ozone.container.common.transport.server.ratis.ContainerStateMachine.runCommand(ContainerStateMachine.java:381) ~[classes/:?]
	at org.apache.hadoop.ozone.container.common.transport.server.ratis.ContainerStateMachine.lambda$handleWriteChunk$1(ContainerStateMachine.java:412) ~[classes/:?]
	at java.util.concurrent.CompletableFuture$AsyncSupply.run(CompletableFuture.java:1590) [?:1.8.0_212]
	at java.util.concurrent.ThreadPoolExecutor.runWorker(ThreadPoolExecutor.java:1149) [?:1.8.0_212]
	at java.util.concurrent.ThreadPoolExecutor$Worker.run(ThreadPoolExecutor.java:624) [?:1.8.0_212]
	at java.lang.Thread.run(Thread.java:748) [?:1.8.0_212]
2019-07-30 18:56:20,245 INFO  keyvalue.KeyValueHandler (ContainerUtils.java:logAndReturnError(146)) - Operation: CreateContainer : Trace ID: e5f4f3ac770f550d:35c9ac34efe6fda5:5aeb3130f2227953:0 : Message: Container creation failed, due to disk out of space : Result: DISK_OUT_OF_SPACE
18:56:20.246 [pool-70-thread-10] ERROR DNAudit - user=null | ip=null | op=WRITE_CHUNK {blockData=conID: 3 locID: 102531922320031747 bcsId: 0} | ret=FAILURE
org.apache.hadoop.hdds.scm.container.common.helpers.StorageContainerException: ContainerID 3 creation failed
	at org.apache.hadoop.ozone.container.common.impl.HddsDispatcher.dispatchRequest(HddsDispatcher.java:227) ~[classes/:?]
	at org.apache.hadoop.ozone.container.common.impl.HddsDispatcher.dispatch(HddsDispatcher.java:148) ~[classes/:?]
	at org.apache.hadoop.ozone.container.common.transport.server.ratis.ContainerStateMachine.dispatchCommand(ContainerStateMachine.java:374) ~[classes/:?]
	at org.apache.hadoop.ozone.container.common.transport.server.ratis.ContainerStateMachine.runCommand(ContainerStateMachine.java:381) ~[classes/:?]
	at org.apache.hadoop.ozone.container.common.transport.server.ratis.ContainerStateMachine.lambda$handleWriteChunk$1(ContainerStateMachine.java:412) ~[classes/:?]
	at java.util.concurrent.CompletableFuture$AsyncSupply.run(CompletableFuture.java:1590) [?:1.8.0_212]
	at java.util.concurrent.ThreadPoolExecutor.runWorker(ThreadPoolExecutor.java:1149) [?:1.8.0_212]
	at java.util.concurrent.ThreadPoolExecutor$Worker.run(ThreadPoolExecutor.java:624) [?:1.8.0_212]
	at java.lang.Thread.run(Thread.java:748) [?:1.8.0_212]
2019-07-30 18:56:20,247 INFO  impl.HddsDispatcher (ContainerUtils.java:logAndReturnError(146)) - Operation: WriteChunk : Trace ID: e5f4f3ac770f550d:f5b5a41cffb920da:5aeb3130f2227953:0 : Message: ContainerID 3 creation failed : Result: DISK_OUT_OF_SPACE
2019-07-30 18:56:20,247 INFO  impl.HddsDispatcher (ContainerUtils.java:logAndReturnError(146)) - Operation: WriteChunk : Trace ID: e5f4f3ac770f550d:35c9ac34efe6fda5:5aeb3130f2227953:0 : Message: ContainerID 3 creation failed : Result: DISK_OUT_OF_SPACE
2019-07-30 18:56:20,249 INFO  impl.HddsDispatcher (ContainerUtils.java:logAndReturnError(146)) - Operation: WriteChunk : Trace ID: e5f4f3ac770f550d:35c9ac34efe6fda5:5aeb3130f2227953:0 : Message: ContainerID 3 creation failed : Result: DISK_OUT_OF_SPACE
2019-07-30 18:56:20,249 INFO  impl.HddsDispatcher (ContainerUtils.java:logAndReturnError(146)) - Operation: WriteChunk : Trace ID: e5f4f3ac770f550d:35c9ac34efe6fda5:5aeb3130f2227953:0 : Message: ContainerID 3 creation failed : Result: DISK_OUT_OF_SPACE
2019-07-30 18:56:20,249 INFO  impl.HddsDispatcher (ContainerUtils.java:logAndReturnError(146)) - Operation: WriteChunk : Trace ID: e5f4f3ac770f550d:f5b5a41cffb920da:5aeb3130f2227953:0 : Message: ContainerID 3 creation failed : Result: DISK_OUT_OF_SPACE
2019-07-30 18:56:20,249 INFO  impl.HddsDispatcher (ContainerUtils.java:logAndReturnError(146)) - Operation: WriteChunk : Trace ID: e5f4f3ac770f550d:f5b5a41cffb920da:5aeb3130f2227953:0 : Message: ContainerID 3 creation failed : Result: DISK_OUT_OF_SPACE
18:56:20.263 [RatisApplyTransactionExecutor 3] ERROR DNAudit - user=null | ip=null | op=WRITE_CHUNK {blockData=conID: 3 locID: 102531922320031747 bcsId: 0} | ret=FAILURE
org.apache.hadoop.hdds.scm.container.common.helpers.StorageContainerException: ContainerID 3 does not exist
	at org.apache.hadoop.ozone.container.common.impl.HddsDispatcher.dispatchRequest(HddsDispatcher.java:242) ~[classes/:?]
	at org.apache.hadoop.ozone.container.common.impl.HddsDispatcher.dispatch(HddsDispatcher.java:148) ~[classes/:?]
	at org.apache.hadoop.ozone.container.common.transport.server.ratis.ContainerStateMachine.dispatchCommand(ContainerStateMachine.java:374) ~[classes/:?]
	at org.apache.hadoop.ozone.container.common.transport.server.ratis.ContainerStateMachine.runCommand(ContainerStateMachine.java:381) ~[classes/:?]
	at org.apache.hadoop.ozone.container.common.transport.server.ratis.ContainerStateMachine.lambda$applyTransaction$6(ContainerStateMachine.java:647) ~[classes/:?]
	at java.util.concurrent.CompletableFuture$AsyncSupply.run(CompletableFuture.java:1590) [?:1.8.0_212]
	at java.util.concurrent.ThreadPoolExecutor.runWorker(ThreadPoolExecutor.java:1149) [?:1.8.0_212]
	at java.util.concurrent.ThreadPoolExecutor$Worker.run(ThreadPoolExecutor.java:624) [?:1.8.0_212]
	at java.lang.Thread.run(Thread.java:748) [?:1.8.0_212]
2019-07-30 18:56:20,263 INFO  impl.HddsDispatcher (ContainerUtils.java:logAndReturnError(146)) - Operation: WriteChunk : Trace ID: e5f4f3ac770f550d:f5b5a41cffb920da:5aeb3130f2227953:0 : Message: ContainerID 3 does not exist : Result: CONTAINER_NOT_FOUND
18:56:20.264 [RatisApplyTransactionExecutor 3] ERROR DNAudit - user=null | ip=null | op=PUT_BLOCK {blockData=[blockId=conID: 3 locID: 102531922320031747 bcsId: 0,size=1048576]} | ret=FAILURE
org.apache.hadoop.hdds.scm.container.common.helpers.StorageContainerException: ContainerID 3 does not exist
	at org.apache.hadoop.ozone.container.common.impl.HddsDispatcher.dispatchRequest(HddsDispatcher.java:242) ~[classes/:?]
	at org.apache.hadoop.ozone.container.common.impl.HddsDispatcher.dispatch(HddsDispatcher.java:148) ~[classes/:?]
	at org.apache.hadoop.ozone.container.common.transport.server.ratis.ContainerStateMachine.dispatchCommand(ContainerStateMachine.java:374) ~[classes/:?]
	at org.apache.hadoop.ozone.container.common.transport.server.ratis.ContainerStateMachine.runCommand(ContainerStateMachine.java:381) ~[classes/:?]
	at org.apache.hadoop.ozone.container.common.transport.server.ratis.ContainerStateMachine.lambda$applyTransaction$6(ContainerStateMachine.java:647) ~[classes/:?]
	at java.util.concurrent.CompletableFuture$AsyncSupply.run(CompletableFuture.java:1590) [?:1.8.0_212]
	at java.util.concurrent.ThreadPoolExecutor.runWorker(ThreadPoolExecutor.java:1149) [?:1.8.0_212]
	at java.util.concurrent.ThreadPoolExecutor$Worker.run(ThreadPoolExecutor.java:624) [?:1.8.0_212]
	at java.lang.Thread.run(Thread.java:748) [?:1.8.0_212]
2019-07-30 18:56:20,265 INFO  impl.HddsDispatcher (ContainerUtils.java:logAndReturnError(146)) - Operation: PutBlock : Trace ID: e5f4f3ac770f550d:c0a9c9a2a4b6f047:5aeb3130f2227953:0 : Message: ContainerID 3 does not exist : Result: CONTAINER_NOT_FOUND
2019-07-30 18:56:20,265 INFO  client.GrpcClientProtocolClient (GrpcClientProtocolClient.java:onNext(255)) - client-EC3774DE79C8->e7c18ed1-d699-403d-a564-75580f46a889: receive RaftClientReply:client-EC3774DE79C8->e7c18ed1-d699-403d-a564-75580f46a889@group-26BEC2E87304, cid=26, SUCCESS, logIndex=32, commits[e7c18ed1-d699-403d-a564-75580f46a889:c35, a8e08a43-06d6-4ff3-a2b7-a01daa83b6fa:c31, dee37eed-b08c-4bdc-b9df-d4cef787bd4b:c31]
18:56:20.265 [RatisApplyTransactionExecutor 3] ERROR DNAudit - user=null | ip=null | op=WRITE_CHUNK {blockData=conID: 3 locID: 102531922320031747 bcsId: 0} | ret=FAILURE
org.apache.hadoop.hdds.scm.container.common.helpers.StorageContainerException: ContainerID 3 does not exist
	at org.apache.hadoop.ozone.container.common.impl.HddsDispatcher.dispatchRequest(HddsDispatcher.java:242) ~[classes/:?]
	at org.apache.hadoop.ozone.container.common.impl.HddsDispatcher.dispatch(HddsDispatcher.java:148) ~[classes/:?]
	at org.apache.hadoop.ozone.container.common.transport.server.ratis.ContainerStateMachine.dispatchCommand(ContainerStateMachine.java:374) ~[classes/:?]
	at org.apache.hadoop.ozone.container.common.transport.server.ratis.ContainerStateMachine.runCommand(ContainerStateMachine.java:381) ~[classes/:?]
	at org.apache.hadoop.ozone.container.common.transport.server.ratis.ContainerStateMachine.lambda$applyTransaction$6(ContainerStateMachine.java:647) ~[classes/:?]
	at java.util.concurrent.CompletableFuture$AsyncSupply.run(CompletableFuture.java:1590) [?:1.8.0_212]
	at java.util.concurrent.ThreadPoolExecutor.runWorker(ThreadPoolExecutor.java:1149) [?:1.8.0_212]
	at java.util.concurrent.ThreadPoolExecutor$Worker.run(ThreadPoolExecutor.java:624) [?:1.8.0_212]
	at java.lang.Thread.run(Thread.java:748) [?:1.8.0_212]
2019-07-30 18:56:20,266 INFO  impl.HddsDispatcher (ContainerUtils.java:logAndReturnError(146)) - Operation: WriteChunk : Trace ID: e5f4f3ac770f550d:35c9ac34efe6fda5:5aeb3130f2227953:0 : Message: ContainerID 3 does not exist : Result: CONTAINER_NOT_FOUND
2019-07-30 18:56:20,266 INFO  client.GrpcClientProtocolClient (GrpcClientProtocolClient.java:onNext(255)) - client-EC3774DE79C8->e7c18ed1-d699-403d-a564-75580f46a889: receive RaftClientReply:client-EC3774DE79C8->e7c18ed1-d699-403d-a564-75580f46a889@group-26BEC2E87304, cid=27, SUCCESS, logIndex=33, commits[e7c18ed1-d699-403d-a564-75580f46a889:c35, a8e08a43-06d6-4ff3-a2b7-a01daa83b6fa:c31, dee37eed-b08c-4bdc-b9df-d4cef787bd4b:c31]
18:56:20.266 [RatisApplyTransactionExecutor 3] ERROR DNAudit - user=null | ip=null | op=PUT_BLOCK {blockData=[blockId=conID: 3 locID: 102531922320031747 bcsId: 0,size=2097152]} | ret=FAILURE
org.apache.hadoop.hdds.scm.container.common.helpers.StorageContainerException: ContainerID 3 does not exist
	at org.apache.hadoop.ozone.container.common.impl.HddsDispatcher.dispatchRequest(HddsDispatcher.java:242) ~[classes/:?]
	at org.apache.hadoop.ozone.container.common.impl.HddsDispatcher.dispatch(HddsDispatcher.java:148) ~[classes/:?]
	at org.apache.hadoop.ozone.container.common.transport.server.ratis.ContainerStateMachine.dispatchCommand(ContainerStateMachine.java:374) ~[classes/:?]
	at org.apache.hadoop.ozone.container.common.transport.server.ratis.ContainerStateMachine.runCommand(ContainerStateMachine.java:381) ~[classes/:?]
	at org.apache.hadoop.ozone.container.common.transport.server.ratis.ContainerStateMachine.lambda$applyTransaction$6(ContainerStateMachine.java:647) ~[classes/:?]
	at java.util.concurrent.CompletableFuture$AsyncSupply.run(CompletableFuture.java:1590) [?:1.8.0_212]
	at java.util.concurrent.ThreadPoolExecutor.runWorker(ThreadPoolExecutor.java:1149) [?:1.8.0_212]
	at java.util.concurrent.ThreadPoolExecutor$Worker.run(ThreadPoolExecutor.java:624) [?:1.8.0_212]
	at java.lang.Thread.run(Thread.java:748) [?:1.8.0_212]
2019-07-30 18:56:20,266 INFO  impl.HddsDispatcher (ContainerUtils.java:logAndReturnError(146)) - Operation: PutBlock : Trace ID: e5f4f3ac770f550d:33400f3298e23e59:5aeb3130f2227953:0 : Message: ContainerID 3 does not exist : Result: CONTAINER_NOT_FOUND
2019-07-30 18:56:20,266 ERROR storage.BlockOutputStream (BlockOutputStream.java:validateResponse(531)) - Unexpected Storage Container Exception: 
org.apache.hadoop.hdds.scm.container.common.helpers.StorageContainerException: ContainerID 3 does not exist
	at org.apache.hadoop.hdds.scm.storage.ContainerProtocolCalls.validateContainerResponse(ContainerProtocolCalls.java:536)
	at org.apache.hadoop.hdds.scm.storage.BlockOutputStream.validateResponse(BlockOutputStream.java:529)
	at org.apache.hadoop.hdds.scm.storage.BlockOutputStream.lambda$writeChunkToContainer$2(BlockOutputStream.java:606)
	at java.util.concurrent.CompletableFuture.uniApply(CompletableFuture.java:602)
	at java.util.concurrent.CompletableFuture$UniApply.tryFire(CompletableFuture.java:577)
	at java.util.concurrent.CompletableFuture$Completion.run(CompletableFuture.java:442)
	at java.util.concurrent.ThreadPoolExecutor.runWorker(ThreadPoolExecutor.java:1149)
	at java.util.concurrent.ThreadPoolExecutor$Worker.run(ThreadPoolExecutor.java:624)
	at java.lang.Thread.run(Thread.java:748)
2019-07-30 18:56:20,267 INFO  client.GrpcClientProtocolClient (GrpcClientProtocolClient.java:onNext(255)) - client-EC3774DE79C8->e7c18ed1-d699-403d-a564-75580f46a889: receive RaftClientReply:client-EC3774DE79C8->e7c18ed1-d699-403d-a564-75580f46a889@group-26BEC2E87304, cid=28, SUCCESS, logIndex=34, commits[e7c18ed1-d699-403d-a564-75580f46a889:c35, a8e08a43-06d6-4ff3-a2b7-a01daa83b6fa:c31, dee37eed-b08c-4bdc-b9df-d4cef787bd4b:c31]
2019-07-30 18:56:20,269 INFO  client.GrpcClientProtocolClient (GrpcClientProtocolClient.java:onNext(255)) - client-EC3774DE79C8->e7c18ed1-d699-403d-a564-75580f46a889: receive RaftClientReply:client-EC3774DE79C8->e7c18ed1-d699-403d-a564-75580f46a889@group-26BEC2E87304, cid=29, SUCCESS, logIndex=35, commits[e7c18ed1-d699-403d-a564-75580f46a889:c35, a8e08a43-06d6-4ff3-a2b7-a01daa83b6fa:c31, dee37eed-b08c-4bdc-b9df-d4cef787bd4b:c31]
2019-07-30 18:56:20,273 ERROR freon.RandomKeyGenerator (RandomKeyGenerator.java:createKey(730)) - Exception while adding key: key-0-78607 in bucket: bucket-0-55060 of volume: vol-0-90255.
java.io.IOException: Unexpected Storage Container Exception: org.apache.hadoop.hdds.scm.container.common.helpers.StorageContainerException: ContainerID 3 does not exist
	at org.apache.hadoop.hdds.scm.storage.BlockOutputStream.setIoException(BlockOutputStream.java:541)
	at org.apache.hadoop.hdds.scm.storage.BlockOutputStream.validateResponse(BlockOutputStream.java:532)
	at org.apache.hadoop.hdds.scm.storage.BlockOutputStream.lambda$writeChunkToContainer$2(BlockOutputStream.java:606)
	at java.util.concurrent.CompletableFuture.uniApply(CompletableFuture.java:602)
	at java.util.concurrent.CompletableFuture$UniApply.tryFire(CompletableFuture.java:577)
	at java.util.concurrent.CompletableFuture$Completion.run(CompletableFuture.java:442)
	at java.util.concurrent.ThreadPoolExecutor.runWorker(ThreadPoolExecutor.java:1149)
	at java.util.concurrent.ThreadPoolExecutor$Worker.run(ThreadPoolExecutor.java:624)
	at java.lang.Thread.run(Thread.java:748)
Caused by: org.apache.hadoop.hdds.scm.container.common.helpers.StorageContainerException: ContainerID 3 does not exist
	at org.apache.hadoop.hdds.scm.storage.ContainerProtocolCalls.validateContainerResponse(ContainerProtocolCalls.java:536)
	at org.apache.hadoop.hdds.scm.storage.BlockOutputStream.validateResponse(BlockOutputStream.java:529)
	... 7 more
18:56:20.275 [RatisApplyTransactionExecutor 3] ERROR DNAudit - user=null | ip=null | op=WRITE_CHUNK {blockData=conID: 3 locID: 102531922320031747 bcsId: 0} | ret=FAILURE
org.apache.hadoop.hdds.scm.container.common.helpers.StorageContainerException: ContainerID 3 does not exist
	at org.apache.hadoop.ozone.container.common.impl.HddsDispatcher.dispatchRequest(HddsDispatcher.java:242) ~[classes/:?]
	at org.apache.hadoop.ozone.container.common.impl.HddsDispatcher.dispatch(HddsDispatcher.java:148) ~[classes/:?]
	at org.apache.hadoop.ozone.container.common.transport.server.ratis.ContainerStateMachine.dispatchCommand(ContainerStateMachine.java:374) ~[classes/:?]
	at org.apache.hadoop.ozone.container.common.transport.server.ratis.ContainerStateMachine.runCommand(ContainerStateMachine.java:381) ~[classes/:?]
	at org.apache.hadoop.ozone.container.common.transport.server.ratis.ContainerStateMachine.lambda$applyTransaction$6(ContainerStateMachine.java:647) ~[classes/:?]
	at java.util.concurrent.CompletableFuture$AsyncSupply.run(CompletableFuture.java:1590) [?:1.8.0_212]
	at java.util.concurrent.ThreadPoolExecutor.runWorker(ThreadPoolExecutor.java:1149) [?:1.8.0_212]
	at java.util.concurrent.ThreadPoolExecutor$Worker.run(ThreadPoolExecutor.java:624) [?:1.8.0_212]
	at java.lang.Thread.run(Thread.java:748) [?:1.8.0_212]
2019-07-30 18:56:20,275 INFO  impl.HddsDispatcher (ContainerUtils.java:logAndReturnError(146)) - Operation: WriteChunk : Trace ID: e5f4f3ac770f550d:f5b5a41cffb920da:5aeb3130f2227953:0 : Message: ContainerID 3 does not exist : Result: CONTAINER_NOT_FOUND
18:56:20.275 [RatisApplyTransactionExecutor 3] ERROR DNAudit - user=null | ip=null | op=WRITE_CHUNK {blockData=conID: 3 locID: 102531922320031747 bcsId: 0} | ret=FAILURE
org.apache.hadoop.hdds.scm.container.common.helpers.StorageContainerException: ContainerID 3 does not exist
	at org.apache.hadoop.ozone.container.common.impl.HddsDispatcher.dispatchRequest(HddsDispatcher.java:242) ~[classes/:?]
	at org.apache.hadoop.ozone.container.common.impl.HddsDispatcher.dispatch(HddsDispatcher.java:148) ~[classes/:?]
	at org.apache.hadoop.ozone.container.common.transport.server.ratis.ContainerStateMachine.dispatchCommand(ContainerStateMachine.java:374) ~[classes/:?]
	at org.apache.hadoop.ozone.container.common.transport.server.ratis.ContainerStateMachine.runCommand(ContainerStateMachine.java:381) ~[classes/:?]
	at org.apache.hadoop.ozone.container.common.transport.server.ratis.ContainerStateMachine.lambda$applyTransaction$6(ContainerStateMachine.java:647) ~[classes/:?]
	at java.util.concurrent.CompletableFuture$AsyncSupply.run(CompletableFuture.java:1590) [?:1.8.0_212]
	at java.util.concurrent.ThreadPoolExecutor.runWorker(ThreadPoolExecutor.java:1149) [?:1.8.0_212]
	at java.util.concurrent.ThreadPoolExecutor$Worker.run(ThreadPoolExecutor.java:624) [?:1.8.0_212]
	at java.lang.Thread.run(Thread.java:748) [?:1.8.0_212]
2019-07-30 18:56:20,275 INFO  impl.HddsDispatcher (ContainerUtils.java:logAndReturnError(146)) - Operation: WriteChunk : Trace ID: e5f4f3ac770f550d:f5b5a41cffb920da:5aeb3130f2227953:0 : Message: ContainerID 3 does not exist : Result: CONTAINER_NOT_FOUND
18:56:20.275 [RatisApplyTransactionExecutor 3] ERROR DNAudit - user=null | ip=null | op=PUT_BLOCK {blockData=[blockId=conID: 3 locID: 102531922320031747 bcsId: 0,size=1048576]} | ret=FAILURE
org.apache.hadoop.hdds.scm.container.common.helpers.StorageContainerException: ContainerID 3 does not exist
	at org.apache.hadoop.ozone.container.common.impl.HddsDispatcher.dispatchRequest(HddsDispatcher.java:242) ~[classes/:?]
	at org.apache.hadoop.ozone.container.common.impl.HddsDispatcher.dispatch(HddsDispatcher.java:148) ~[classes/:?]
	at org.apache.hadoop.ozone.container.common.transport.server.ratis.ContainerStateMachine.dispatchCommand(ContainerStateMachine.java:374) ~[classes/:?]
	at org.apache.hadoop.ozone.container.common.transport.server.ratis.ContainerStateMachine.runCommand(ContainerStateMachine.java:381) ~[classes/:?]
	at org.apache.hadoop.ozone.container.common.transport.server.ratis.ContainerStateMachine.lambda$applyTransaction$6(ContainerStateMachine.java:647) ~[classes/:?]
	at java.util.concurrent.CompletableFuture$AsyncSupply.run(CompletableFuture.java:1590) [?:1.8.0_212]
	at java.util.concurrent.ThreadPoolExecutor.runWorker(ThreadPoolExecutor.java:1149) [?:1.8.0_212]
	at java.util.concurrent.ThreadPoolExecutor$Worker.run(ThreadPoolExecutor.java:624) [?:1.8.0_212]
	at java.lang.Thread.run(Thread.java:748) [?:1.8.0_212]
2019-07-30 18:56:20,276 INFO  impl.HddsDispatcher (ContainerUtils.java:logAndReturnError(146)) - Operation: PutBlock : Trace ID: e5f4f3ac770f550d:c0a9c9a2a4b6f047:5aeb3130f2227953:0 : Message: ContainerID 3 does not exist : Result: CONTAINER_NOT_FOUND
18:56:20.276 [RatisApplyTransactionExecutor 3] ERROR DNAudit - user=null | ip=null | op=PUT_BLOCK {blockData=[blockId=conID: 3 locID: 102531922320031747 bcsId: 0,size=1048576]} | ret=FAILURE
org.apache.hadoop.hdds.scm.container.common.helpers.StorageContainerException: ContainerID 3 does not exist
	at org.apache.hadoop.ozone.container.common.impl.HddsDispatcher.dispatchRequest(HddsDispatcher.java:242) ~[classes/:?]
	at org.apache.hadoop.ozone.container.common.impl.HddsDispatcher.dispatch(HddsDispatcher.java:148) ~[classes/:?]
	at org.apache.hadoop.ozone.container.common.transport.server.ratis.ContainerStateMachine.dispatchCommand(ContainerStateMachine.java:374) ~[classes/:?]
	at org.apache.hadoop.ozone.container.common.transport.server.ratis.ContainerStateMachine.runCommand(ContainerStateMachine.java:381) ~[classes/:?]
	at org.apache.hadoop.ozone.container.common.transport.server.ratis.ContainerStateMachine.lambda$applyTransaction$6(ContainerStateMachine.java:647) ~[classes/:?]
	at java.util.concurrent.CompletableFuture$AsyncSupply.run(CompletableFuture.java:1590) [?:1.8.0_212]
	at java.util.concurrent.ThreadPoolExecutor.runWorker(ThreadPoolExecutor.java:1149) [?:1.8.0_212]
	at java.util.concurrent.ThreadPoolExecutor$Worker.run(ThreadPoolExecutor.java:624) [?:1.8.0_212]
	at java.lang.Thread.run(Thread.java:748) [?:1.8.0_212]
18:56:20.276 [RatisApplyTransactionExecutor 3] ERROR DNAudit - user=null | ip=null | op=WRITE_CHUNK {blockData=conID: 3 locID: 102531922320031747 bcsId: 0} | ret=FAILURE
org.apache.hadoop.hdds.scm.container.common.helpers.StorageContainerException: ContainerID 3 does not exist
	at org.apache.hadoop.ozone.container.common.impl.HddsDispatcher.dispatchRequest(HddsDispatcher.java:242) ~[classes/:?]
	at org.apache.hadoop.ozone.container.common.impl.HddsDispatcher.dispatch(HddsDispatcher.java:148) ~[classes/:?]
	at org.apache.hadoop.ozone.container.common.transport.server.ratis.ContainerStateMachine.dispatchCommand(ContainerStateMachine.java:374) ~[classes/:?]
	at org.apache.hadoop.ozone.container.common.transport.server.ratis.ContainerStateMachine.runCommand(ContainerStateMachine.java:381) ~[classes/:?]
	at org.apache.hadoop.ozone.container.common.transport.server.ratis.ContainerStateMachine.lambda$applyTransaction$6(ContainerStateMachine.java:647) ~[classes/:?]
	at java.util.concurrent.CompletableFuture$AsyncSupply.run(CompletableFuture.java:1590) [?:1.8.0_212]
	at java.util.concurrent.ThreadPoolExecutor.runWorker(ThreadPoolExecutor.java:1149) [?:1.8.0_212]
	at java.util.concurrent.ThreadPoolExecutor$Worker.run(ThreadPoolExecutor.java:624) [?:1.8.0_212]
	at java.lang.Thread.run(Thread.java:748) [?:1.8.0_212]
2019-07-30 18:56:20,276 INFO  impl.HddsDispatcher (ContainerUtils.java:logAndReturnError(146)) - Operation: PutBlock : Trace ID: e5f4f3ac770f550d:c0a9c9a2a4b6f047:5aeb3130f2227953:0 : Message: ContainerID 3 does not exist : Result: CONTAINER_NOT_FOUND
2019-07-30 18:56:20,277 INFO  impl.HddsDispatcher (ContainerUtils.java:logAndReturnError(146)) - Operation: WriteChunk : Trace ID: e5f4f3ac770f550d:35c9ac34efe6fda5:5aeb3130f2227953:0 : Message: ContainerID 3 does not exist : Result: CONTAINER_NOT_FOUND
18:56:20.277 [RatisApplyTransactionExecutor 3] ERROR DNAudit - user=null | ip=null | op=WRITE_CHUNK {blockData=conID: 3 locID: 102531922320031747 bcsId: 0} | ret=FAILURE
org.apache.hadoop.hdds.scm.container.common.helpers.StorageContainerException: ContainerID 3 does not exist
	at org.apache.hadoop.ozone.container.common.impl.HddsDispatcher.dispatchRequest(HddsDispatcher.java:242) ~[classes/:?]
	at org.apache.hadoop.ozone.container.common.impl.HddsDispatcher.dispatch(HddsDispatcher.java:148) ~[classes/:?]
	at org.apache.hadoop.ozone.container.common.transport.server.ratis.ContainerStateMachine.dispatchCommand(ContainerStateMachine.java:374) ~[classes/:?]
	at org.apache.hadoop.ozone.container.common.transport.server.ratis.ContainerStateMachine.runCommand(ContainerStateMachine.java:381) ~[classes/:?]
	at org.apache.hadoop.ozone.container.common.transport.server.ratis.ContainerStateMachine.lambda$applyTransaction$6(ContainerStateMachine.java:647) ~[classes/:?]
	at java.util.concurrent.CompletableFuture$AsyncSupply.run(CompletableFuture.java:1590) [?:1.8.0_212]
	at java.util.concurrent.ThreadPoolExecutor.runWorker(ThreadPoolExecutor.java:1149) [?:1.8.0_212]
	at java.util.concurrent.ThreadPoolExecutor$Worker.run(ThreadPoolExecutor.java:624) [?:1.8.0_212]
	at java.lang.Thread.run(Thread.java:748) [?:1.8.0_212]
18:56:20.277 [RatisApplyTransactionExecutor 3] ERROR DNAudit - user=null | ip=null | op=PUT_BLOCK {blockData=[blockId=conID: 3 locID: 102531922320031747 bcsId: 0,size=2097152]} | ret=FAILURE
org.apache.hadoop.hdds.scm.container.common.helpers.StorageContainerException: ContainerID 3 does not exist
	at org.apache.hadoop.ozone.container.common.impl.HddsDispatcher.dispatchRequest(HddsDispatcher.java:242) ~[classes/:?]
	at org.apache.hadoop.ozone.container.common.impl.HddsDispatcher.dispatch(HddsDispatcher.java:148) ~[classes/:?]
	at org.apache.hadoop.ozone.container.common.transport.server.ratis.ContainerStateMachine.dispatchCommand(ContainerStateMachine.java:374) ~[classes/:?]
	at org.apache.hadoop.ozone.container.common.transport.server.ratis.ContainerStateMachine.runCommand(ContainerStateMachine.java:381) ~[classes/:?]
	at org.apache.hadoop.ozone.container.common.transport.server.ratis.ContainerStateMachine.lambda$applyTransaction$6(ContainerStateMachine.java:647) ~[classes/:?]
	at java.util.concurrent.CompletableFuture$AsyncSupply.run(CompletableFuture.java:1590) [?:1.8.0_212]
	at java.util.concurrent.ThreadPoolExecutor.runWorker(ThreadPoolExecutor.java:1149) [?:1.8.0_212]
	at java.util.concurrent.ThreadPoolExecutor$Worker.run(ThreadPoolExecutor.java:624) [?:1.8.0_212]
	at java.lang.Thread.run(Thread.java:748) [?:1.8.0_212]
2019-07-30 18:56:20,277 INFO  impl.HddsDispatcher (ContainerUtils.java:logAndReturnError(146)) - Operation: WriteChunk : Trace ID: e5f4f3ac770f550d:35c9ac34efe6fda5:5aeb3130f2227953:0 : Message: ContainerID 3 does not exist : Result: CONTAINER_NOT_FOUND
2019-07-30 18:56:20,277 INFO  impl.HddsDispatcher (ContainerUtils.java:logAndReturnError(146)) - Operation: PutBlock : Trace ID: e5f4f3ac770f550d:33400f3298e23e59:5aeb3130f2227953:0 : Message: ContainerID 3 does not exist : Result: CONTAINER_NOT_FOUND
18:56:20.279 [RatisApplyTransactionExecutor 3] ERROR DNAudit - user=null | ip=null | op=PUT_BLOCK {blockData=[blockId=conID: 3 locID: 102531922320031747 bcsId: 0,size=2097152]} | ret=FAILURE
org.apache.hadoop.hdds.scm.container.common.helpers.StorageContainerException: ContainerID 3 does not exist
	at org.apache.hadoop.ozone.container.common.impl.HddsDispatcher.dispatchRequest(HddsDispatcher.java:242) ~[classes/:?]
	at org.apache.hadoop.ozone.container.common.impl.HddsDispatcher.dispatch(HddsDispatcher.java:148) ~[classes/:?]
	at org.apache.hadoop.ozone.container.common.transport.server.ratis.ContainerStateMachine.dispatchCommand(ContainerStateMachine.java:374) ~[classes/:?]
	at org.apache.hadoop.ozone.container.common.transport.server.ratis.ContainerStateMachine.runCommand(ContainerStateMachine.java:381) ~[classes/:?]
	at org.apache.hadoop.ozone.container.common.transport.server.ratis.ContainerStateMachine.lambda$applyTransaction$6(ContainerStateMachine.java:647) ~[classes/:?]
	at java.util.concurrent.CompletableFuture$AsyncSupply.run(CompletableFuture.java:1590) [?:1.8.0_212]
	at java.util.concurrent.ThreadPoolExecutor.runWorker(ThreadPoolExecutor.java:1149) [?:1.8.0_212]
	at java.util.concurrent.ThreadPoolExecutor$Worker.run(ThreadPoolExecutor.java:624) [?:1.8.0_212]
	at java.lang.Thread.run(Thread.java:748) [?:1.8.0_212]
2019-07-30 18:56:20,279 INFO  impl.HddsDispatcher (ContainerUtils.java:logAndReturnError(146)) - Operation: PutBlock : Trace ID: e5f4f3ac770f550d:33400f3298e23e59:5aeb3130f2227953:0 : Message: ContainerID 3 does not exist : Result: CONTAINER_NOT_FOUND
 0.00% |█                                                                                                    |  0/1 Time: 0:00:06 0.00% |█                                                                                                    |  0/1 Time: 0:00:07 0.00% |█                                                                                                    |  0/1 Time: 0:00:08 0.00% |█                                                                                                    |  0/1 Time: 0:00:09 100.00% |█████████████████████████████████████████████████████████████████████████████████████████████████████|  1/1 Time: 0:00:10
]]></system-out>
    <system-err><![CDATA[ERROR StatusLogger No Log4j 2 configuration file found. Using default configuration (logging only errors to the console), or user programmatically provided configurations. Set system property 'log4j2.debug' to show Log4j 2 internal initialization logging. See https://logging.apache.org/log4j/2.x/manual/configuration.html for instructions on how to configure Log4j 2
Jul 30, 2019 6:56:07 PM com.sun.jersey.server.impl.application.WebApplicationImpl _initiate
INFO: Initiating Jersey application, version 'Jersey: 1.19 02/11/2015 03:25 AM'
Jul 30, 2019 6:56:08 PM com.sun.jersey.server.impl.application.WebApplicationImpl _initiate
INFO: Initiating Jersey application, version 'Jersey: 1.19 02/11/2015 03:25 AM'
Jul 30, 2019 6:56:08 PM com.sun.jersey.server.impl.application.WebApplicationImpl _initiate
INFO: Initiating Jersey application, version 'Jersey: 1.19 02/11/2015 03:25 AM'
Jul 30, 2019 6:56:08 PM com.sun.jersey.server.impl.application.WebApplicationImpl _initiate
INFO: Initiating Jersey application, version 'Jersey: 1.19 02/11/2015 03:25 AM'
Jul 30, 2019 6:56:08 PM com.sun.jersey.server.impl.application.WebApplicationImpl _initiate
INFO: Initiating Jersey application, version 'Jersey: 1.19 02/11/2015 03:25 AM'
]]></system-err>
  </testcase>
  <testcase name="standaloneTestLargeKey" classname="org.apache.hadoop.ozone.freon.TestDataValidateWithUnsafeByteOperations" time="10.144">
    <error message="Unexpected Storage Container Exception: org.apache.hadoop.hdds.scm.container.common.helpers.StorageContainerException: ContainerID 3 does not exist" type="java.io.IOException">java.io.IOException: Unexpected Storage Container Exception: org.apache.hadoop.hdds.scm.container.common.helpers.StorageContainerException: ContainerID 3 does not exist
	at org.apache.hadoop.hdds.scm.storage.BlockOutputStream.setIoException(BlockOutputStream.java:541)
	at org.apache.hadoop.hdds.scm.storage.BlockOutputStream.validateResponse(BlockOutputStream.java:532)
	at org.apache.hadoop.hdds.scm.storage.BlockOutputStream.lambda$writeChunkToContainer$2(BlockOutputStream.java:606)
	at java.util.concurrent.CompletableFuture.uniApply(CompletableFuture.java:602)
	at java.util.concurrent.CompletableFuture$UniApply.tryFire(CompletableFuture.java:577)
	at java.util.concurrent.CompletableFuture$Completion.run(CompletableFuture.java:442)
	at java.util.concurrent.ThreadPoolExecutor.runWorker(ThreadPoolExecutor.java:1149)
	at java.util.concurrent.ThreadPoolExecutor$Worker.run(ThreadPoolExecutor.java:624)
	at java.lang.Thread.run(Thread.java:748)
Caused by: org.apache.hadoop.hdds.scm.container.common.helpers.StorageContainerException: ContainerID 3 does not exist
	at org.apache.hadoop.hdds.scm.storage.ContainerProtocolCalls.validateContainerResponse(ContainerProtocolCalls.java:536)
	at org.apache.hadoop.hdds.scm.storage.BlockOutputStream.validateResponse(BlockOutputStream.java:529)
	... 7 more
</error>
    <system-out><![CDATA[2019-07-30 18:56:29,800 INFO  freon.RandomKeyGenerator (RandomKeyGenerator.java:call(278)) - Number of Threads: 10
2019-07-30 18:56:29,802 INFO  freon.RandomKeyGenerator (RandomKeyGenerator.java:call(283)) - Number of Volumes: 1.
2019-07-30 18:56:29,802 INFO  freon.RandomKeyGenerator (RandomKeyGenerator.java:call(284)) - Number of Buckets per Volume: 1.
2019-07-30 18:56:29,802 INFO  freon.RandomKeyGenerator (RandomKeyGenerator.java:call(285)) - Number of Keys per Bucket: 1.
2019-07-30 18:56:29,802 INFO  freon.RandomKeyGenerator (RandomKeyGenerator.java:call(286)) - Key size: 20971520 bytes
2019-07-30 18:56:29,803 INFO  freon.RandomKeyGenerator (RandomKeyGenerator.java:call(287)) - Buffer size: 4096 bytes
2019-07-30 18:56:29,804 INFO  rpc.RpcClient (RpcClient.java:createVolume(288)) - Creating Volume: vol-0-56861, with jenkins1000 as owner.
2019-07-30 18:56:29,805 INFO  freon.RandomKeyGenerator (RandomKeyGenerator.java:call(301)) - Data validation is enabled.
2019-07-30 18:56:29,805 INFO  freon.RandomKeyGenerator (RandomKeyGenerator.java:call(307)) - Starting progress bar Thread.

 0.00% |█                                                                                                    |  0/1 Time: 0:00:002019-07-30 18:56:29,824 INFO  rpc.RpcClient (RpcClient.java:createBucket(425)) - Creating Bucket: vol-0-56861/bucket-0-12263, with Versioning false and Storage Type set to DISK and Encryption set to false 
2019-07-30 18:56:29,873 INFO  client.GrpcClientProtocolClient (GrpcClientProtocolClient.java:onNext(255)) - client-D1F7147E49AE->dee37eed-b08c-4bdc-b9df-d4cef787bd4b: receive RaftClientReply:client-D1F7147E49AE->dee37eed-b08c-4bdc-b9df-d4cef787bd4b@group-26BEC2E87304, cid=30, FAILED org.apache.ratis.protocol.NotLeaderException: Server dee37eed-b08c-4bdc-b9df-d4cef787bd4b is not the leader (e7c18ed1-d699-403d-a564-75580f46a889:192.168.69.76:37597). Request must be sent to leader., logIndex=0, commits[dee37eed-b08c-4bdc-b9df-d4cef787bd4b:c39, a8e08a43-06d6-4ff3-a2b7-a01daa83b6fa:c39, e7c18ed1-d699-403d-a564-75580f46a889:c39]
2019-07-30 18:56:29,901 INFO  keyvalue.KeyValueHandler (ContainerUtils.java:logAndReturnError(146)) - Operation: CreateContainer : Trace ID: 4c8cdde4a465ba12:c692b1cd528d0ae:c7eb58b58fce5632:0 : Message: Container creation failed, due to disk out of space : Result: DISK_OUT_OF_SPACE
18:56:29.902 [pool-48-thread-31] ERROR DNAudit - user=null | ip=null | op=WRITE_CHUNK {blockData=conID: 3 locID: 102531923302285319 bcsId: 0} | ret=FAILURE
org.apache.hadoop.hdds.scm.container.common.helpers.StorageContainerException: ContainerID 3 creation failed
	at org.apache.hadoop.ozone.container.common.impl.HddsDispatcher.dispatchRequest(HddsDispatcher.java:227) ~[classes/:?]
	at org.apache.hadoop.ozone.container.common.impl.HddsDispatcher.dispatch(HddsDispatcher.java:148) ~[classes/:?]
	at org.apache.hadoop.ozone.container.common.transport.server.ratis.ContainerStateMachine.dispatchCommand(ContainerStateMachine.java:374) ~[classes/:?]
	at org.apache.hadoop.ozone.container.common.transport.server.ratis.ContainerStateMachine.runCommand(ContainerStateMachine.java:381) ~[classes/:?]
	at org.apache.hadoop.ozone.container.common.transport.server.ratis.ContainerStateMachine.lambda$handleWriteChunk$1(ContainerStateMachine.java:412) ~[classes/:?]
	at java.util.concurrent.CompletableFuture$AsyncSupply.run(CompletableFuture.java:1590) [?:1.8.0_212]
	at java.util.concurrent.ThreadPoolExecutor.runWorker(ThreadPoolExecutor.java:1149) [?:1.8.0_212]
	at java.util.concurrent.ThreadPoolExecutor$Worker.run(ThreadPoolExecutor.java:624) [?:1.8.0_212]
	at java.lang.Thread.run(Thread.java:748) [?:1.8.0_212]
2019-07-30 18:56:29,903 INFO  impl.HddsDispatcher (ContainerUtils.java:logAndReturnError(146)) - Operation: WriteChunk : Trace ID: 4c8cdde4a465ba12:c692b1cd528d0ae:c7eb58b58fce5632:0 : Message: ContainerID 3 creation failed : Result: DISK_OUT_OF_SPACE
2019-07-30 18:56:29,908 INFO  keyvalue.KeyValueHandler (ContainerUtils.java:logAndReturnError(146)) - Operation: CreateContainer : Trace ID: 4c8cdde4a465ba12:c692b1cd528d0ae:c7eb58b58fce5632:0 : Message: Container creation failed, due to disk out of space : Result: DISK_OUT_OF_SPACE
2019-07-30 18:56:29,908 INFO  keyvalue.KeyValueHandler (ContainerUtils.java:logAndReturnError(146)) - Operation: CreateContainer : Trace ID: 4c8cdde4a465ba12:c692b1cd528d0ae:c7eb58b58fce5632:0 : Message: Container creation failed, due to disk out of space : Result: DISK_OUT_OF_SPACE
18:56:29.922 [pool-26-thread-11] ERROR DNAudit - user=null | ip=null | op=WRITE_CHUNK {blockData=conID: 3 locID: 102531923302285319 bcsId: 0} | ret=FAILURE
org.apache.hadoop.hdds.scm.container.common.helpers.StorageContainerException: ContainerID 3 creation failed
	at org.apache.hadoop.ozone.container.common.impl.HddsDispatcher.dispatchRequest(HddsDispatcher.java:227) ~[classes/:?]
	at org.apache.hadoop.ozone.container.common.impl.HddsDispatcher.dispatch(HddsDispatcher.java:148) ~[classes/:?]
	at org.apache.hadoop.ozone.container.common.transport.server.ratis.ContainerStateMachine.dispatchCommand(ContainerStateMachine.java:374) ~[classes/:?]
	at org.apache.hadoop.ozone.container.common.transport.server.ratis.ContainerStateMachine.runCommand(ContainerStateMachine.java:381) ~[classes/:?]
	at org.apache.hadoop.ozone.container.common.transport.server.ratis.ContainerStateMachine.lambda$handleWriteChunk$1(ContainerStateMachine.java:412) ~[classes/:?]
	at java.util.concurrent.CompletableFuture$AsyncSupply.run(CompletableFuture.java:1590) [?:1.8.0_212]
	at java.util.concurrent.ThreadPoolExecutor.runWorker(ThreadPoolExecutor.java:1149) [?:1.8.0_212]
	at java.util.concurrent.ThreadPoolExecutor$Worker.run(ThreadPoolExecutor.java:624) [?:1.8.0_212]
	at java.lang.Thread.run(Thread.java:748) [?:1.8.0_212]
18:56:29.922 [pool-70-thread-11] ERROR DNAudit - user=null | ip=null | op=WRITE_CHUNK {blockData=conID: 3 locID: 102531923302285319 bcsId: 0} | ret=FAILURE
org.apache.hadoop.hdds.scm.container.common.helpers.StorageContainerException: ContainerID 3 creation failed
	at org.apache.hadoop.ozone.container.common.impl.HddsDispatcher.dispatchRequest(HddsDispatcher.java:227) ~[classes/:?]
	at org.apache.hadoop.ozone.container.common.impl.HddsDispatcher.dispatch(HddsDispatcher.java:148) ~[classes/:?]
	at org.apache.hadoop.ozone.container.common.transport.server.ratis.ContainerStateMachine.dispatchCommand(ContainerStateMachine.java:374) ~[classes/:?]
	at org.apache.hadoop.ozone.container.common.transport.server.ratis.ContainerStateMachine.runCommand(ContainerStateMachine.java:381) ~[classes/:?]
	at org.apache.hadoop.ozone.container.common.transport.server.ratis.ContainerStateMachine.lambda$handleWriteChunk$1(ContainerStateMachine.java:412) ~[classes/:?]
	at java.util.concurrent.CompletableFuture$AsyncSupply.run(CompletableFuture.java:1590) [?:1.8.0_212]
	at java.util.concurrent.ThreadPoolExecutor.runWorker(ThreadPoolExecutor.java:1149) [?:1.8.0_212]
	at java.util.concurrent.ThreadPoolExecutor$Worker.run(ThreadPoolExecutor.java:624) [?:1.8.0_212]
	at java.lang.Thread.run(Thread.java:748) [?:1.8.0_212]
2019-07-30 18:56:29,922 INFO  impl.HddsDispatcher (ContainerUtils.java:logAndReturnError(146)) - Operation: WriteChunk : Trace ID: 4c8cdde4a465ba12:c692b1cd528d0ae:c7eb58b58fce5632:0 : Message: ContainerID 3 creation failed : Result: DISK_OUT_OF_SPACE
2019-07-30 18:56:29,922 INFO  impl.HddsDispatcher (ContainerUtils.java:logAndReturnError(146)) - Operation: WriteChunk : Trace ID: 4c8cdde4a465ba12:c692b1cd528d0ae:c7eb58b58fce5632:0 : Message: ContainerID 3 creation failed : Result: DISK_OUT_OF_SPACE
18:56:29.937 [RatisApplyTransactionExecutor 3] ERROR DNAudit - user=null | ip=null | op=WRITE_CHUNK {blockData=conID: 3 locID: 102531923302285319 bcsId: 0} | ret=FAILURE
org.apache.hadoop.hdds.scm.container.common.helpers.StorageContainerException: ContainerID 3 does not exist
	at org.apache.hadoop.ozone.container.common.impl.HddsDispatcher.dispatchRequest(HddsDispatcher.java:242) ~[classes/:?]
	at org.apache.hadoop.ozone.container.common.impl.HddsDispatcher.dispatch(HddsDispatcher.java:148) ~[classes/:?]
	at org.apache.hadoop.ozone.container.common.transport.server.ratis.ContainerStateMachine.dispatchCommand(ContainerStateMachine.java:374) ~[classes/:?]
	at org.apache.hadoop.ozone.container.common.transport.server.ratis.ContainerStateMachine.runCommand(ContainerStateMachine.java:381) ~[classes/:?]
	at org.apache.hadoop.ozone.container.common.transport.server.ratis.ContainerStateMachine.lambda$applyTransaction$6(ContainerStateMachine.java:647) ~[classes/:?]
	at java.util.concurrent.CompletableFuture$AsyncSupply.run(CompletableFuture.java:1590) [?:1.8.0_212]
	at java.util.concurrent.ThreadPoolExecutor.runWorker(ThreadPoolExecutor.java:1149) [?:1.8.0_212]
	at java.util.concurrent.ThreadPoolExecutor$Worker.run(ThreadPoolExecutor.java:624) [?:1.8.0_212]
	at java.lang.Thread.run(Thread.java:748) [?:1.8.0_212]
2019-07-30 18:56:29,937 INFO  impl.HddsDispatcher (ContainerUtils.java:logAndReturnError(146)) - Operation: WriteChunk : Trace ID: 4c8cdde4a465ba12:c692b1cd528d0ae:c7eb58b58fce5632:0 : Message: ContainerID 3 does not exist : Result: CONTAINER_NOT_FOUND
2019-07-30 18:56:29,941 INFO  client.GrpcClientProtocolClient (GrpcClientProtocolClient.java:onNext(255)) - client-D1F7147E49AE->e7c18ed1-d699-403d-a564-75580f46a889: receive RaftClientReply:client-D1F7147E49AE->e7c18ed1-d699-403d-a564-75580f46a889@group-26BEC2E87304, cid=30, SUCCESS, logIndex=40, commits[e7c18ed1-d699-403d-a564-75580f46a889:c40, a8e08a43-06d6-4ff3-a2b7-a01daa83b6fa:c39, dee37eed-b08c-4bdc-b9df-d4cef787bd4b:c39]
2019-07-30 18:56:29,943 ERROR storage.BlockOutputStream (BlockOutputStream.java:validateResponse(531)) - Unexpected Storage Container Exception: 
org.apache.hadoop.hdds.scm.container.common.helpers.StorageContainerException: ContainerID 3 does not exist
	at org.apache.hadoop.hdds.scm.storage.ContainerProtocolCalls.validateContainerResponse(ContainerProtocolCalls.java:536)
	at org.apache.hadoop.hdds.scm.storage.BlockOutputStream.validateResponse(BlockOutputStream.java:529)
	at org.apache.hadoop.hdds.scm.storage.BlockOutputStream.lambda$writeChunkToContainer$2(BlockOutputStream.java:606)
	at java.util.concurrent.CompletableFuture.uniApply(CompletableFuture.java:602)
	at java.util.concurrent.CompletableFuture$UniApply.tryFire(CompletableFuture.java:577)
	at java.util.concurrent.CompletableFuture$Completion.run(CompletableFuture.java:442)
	at java.util.concurrent.ThreadPoolExecutor.runWorker(ThreadPoolExecutor.java:1149)
	at java.util.concurrent.ThreadPoolExecutor$Worker.run(ThreadPoolExecutor.java:624)
	at java.lang.Thread.run(Thread.java:748)
18:56:29.949 [RatisApplyTransactionExecutor 3] ERROR DNAudit - user=null | ip=null | op=WRITE_CHUNK {blockData=conID: 3 locID: 102531923302285319 bcsId: 0} | ret=FAILURE
org.apache.hadoop.hdds.scm.container.common.helpers.StorageContainerException: ContainerID 3 does not exist
	at org.apache.hadoop.ozone.container.common.impl.HddsDispatcher.dispatchRequest(HddsDispatcher.java:242) ~[classes/:?]
	at org.apache.hadoop.ozone.container.common.impl.HddsDispatcher.dispatch(HddsDispatcher.java:148) ~[classes/:?]
	at org.apache.hadoop.ozone.container.common.transport.server.ratis.ContainerStateMachine.dispatchCommand(ContainerStateMachine.java:374) ~[classes/:?]
	at org.apache.hadoop.ozone.container.common.transport.server.ratis.ContainerStateMachine.runCommand(ContainerStateMachine.java:381) ~[classes/:?]
	at org.apache.hadoop.ozone.container.common.transport.server.ratis.ContainerStateMachine.lambda$applyTransaction$6(ContainerStateMachine.java:647) ~[classes/:?]
	at java.util.concurrent.CompletableFuture$AsyncSupply.run(CompletableFuture.java:1590) [?:1.8.0_212]
	at java.util.concurrent.ThreadPoolExecutor.runWorker(ThreadPoolExecutor.java:1149) [?:1.8.0_212]
	at java.util.concurrent.ThreadPoolExecutor$Worker.run(ThreadPoolExecutor.java:624) [?:1.8.0_212]
	at java.lang.Thread.run(Thread.java:748) [?:1.8.0_212]
18:56:29.949 [RatisApplyTransactionExecutor 3] ERROR DNAudit - user=null | ip=null | op=WRITE_CHUNK {blockData=conID: 3 locID: 102531923302285319 bcsId: 0} | ret=FAILURE
org.apache.hadoop.hdds.scm.container.common.helpers.StorageContainerException: ContainerID 3 does not exist
	at org.apache.hadoop.ozone.container.common.impl.HddsDispatcher.dispatchRequest(HddsDispatcher.java:242) ~[classes/:?]
	at org.apache.hadoop.ozone.container.common.impl.HddsDispatcher.dispatch(HddsDispatcher.java:148) ~[classes/:?]
	at org.apache.hadoop.ozone.container.common.transport.server.ratis.ContainerStateMachine.dispatchCommand(ContainerStateMachine.java:374) ~[classes/:?]
	at org.apache.hadoop.ozone.container.common.transport.server.ratis.ContainerStateMachine.runCommand(ContainerStateMachine.java:381) ~[classes/:?]
	at org.apache.hadoop.ozone.container.common.transport.server.ratis.ContainerStateMachine.lambda$applyTransaction$6(ContainerStateMachine.java:647) ~[classes/:?]
	at java.util.concurrent.CompletableFuture$AsyncSupply.run(CompletableFuture.java:1590) [?:1.8.0_212]
	at java.util.concurrent.ThreadPoolExecutor.runWorker(ThreadPoolExecutor.java:1149) [?:1.8.0_212]
	at java.util.concurrent.ThreadPoolExecutor$Worker.run(ThreadPoolExecutor.java:624) [?:1.8.0_212]
	at java.lang.Thread.run(Thread.java:748) [?:1.8.0_212]
2019-07-30 18:56:29,949 INFO  impl.HddsDispatcher (ContainerUtils.java:logAndReturnError(146)) - Operation: WriteChunk : Trace ID: 4c8cdde4a465ba12:c692b1cd528d0ae:c7eb58b58fce5632:0 : Message: ContainerID 3 does not exist : Result: CONTAINER_NOT_FOUND
2019-07-30 18:56:29,949 INFO  impl.HddsDispatcher (ContainerUtils.java:logAndReturnError(146)) - Operation: WriteChunk : Trace ID: 4c8cdde4a465ba12:c692b1cd528d0ae:c7eb58b58fce5632:0 : Message: ContainerID 3 does not exist : Result: CONTAINER_NOT_FOUND
2019-07-30 18:56:29,955 INFO  keyvalue.KeyValueHandler (ContainerUtils.java:logAndReturnError(146)) - Operation: CreateContainer : Trace ID: 4c8cdde4a465ba12:f6ec2156e7c3607b:c7eb58b58fce5632:0 : Message: Container creation failed, due to disk out of space : Result: DISK_OUT_OF_SPACE
18:56:29.955 [pool-48-thread-34] ERROR DNAudit - user=null | ip=null | op=WRITE_CHUNK {blockData=conID: 3 locID: 102531923302285319 bcsId: 0} | ret=FAILURE
org.apache.hadoop.hdds.scm.container.common.helpers.StorageContainerException: ContainerID 3 creation failed
	at org.apache.hadoop.ozone.container.common.impl.HddsDispatcher.dispatchRequest(HddsDispatcher.java:227) ~[classes/:?]
	at org.apache.hadoop.ozone.container.common.impl.HddsDispatcher.dispatch(HddsDispatcher.java:148) ~[classes/:?]
	at org.apache.hadoop.ozone.container.common.transport.server.ratis.ContainerStateMachine.dispatchCommand(ContainerStateMachine.java:374) ~[classes/:?]
	at org.apache.hadoop.ozone.container.common.transport.server.ratis.ContainerStateMachine.runCommand(ContainerStateMachine.java:381) ~[classes/:?]
	at org.apache.hadoop.ozone.container.common.transport.server.ratis.ContainerStateMachine.lambda$handleWriteChunk$1(ContainerStateMachine.java:412) ~[classes/:?]
	at java.util.concurrent.CompletableFuture$AsyncSupply.run(CompletableFuture.java:1590) [?:1.8.0_212]
	at java.util.concurrent.ThreadPoolExecutor.runWorker(ThreadPoolExecutor.java:1149) [?:1.8.0_212]
	at java.util.concurrent.ThreadPoolExecutor$Worker.run(ThreadPoolExecutor.java:624) [?:1.8.0_212]
	at java.lang.Thread.run(Thread.java:748) [?:1.8.0_212]
2019-07-30 18:56:29,956 INFO  impl.HddsDispatcher (ContainerUtils.java:logAndReturnError(146)) - Operation: WriteChunk : Trace ID: 4c8cdde4a465ba12:f6ec2156e7c3607b:c7eb58b58fce5632:0 : Message: ContainerID 3 creation failed : Result: DISK_OUT_OF_SPACE
2019-07-30 18:56:29,960 INFO  keyvalue.KeyValueHandler (ContainerUtils.java:logAndReturnError(146)) - Operation: CreateContainer : Trace ID: 4c8cdde4a465ba12:f6ec2156e7c3607b:c7eb58b58fce5632:0 : Message: Container creation failed, due to disk out of space : Result: DISK_OUT_OF_SPACE
18:56:29.961 [pool-70-thread-12] ERROR DNAudit - user=null | ip=null | op=WRITE_CHUNK {blockData=conID: 3 locID: 102531923302285319 bcsId: 0} | ret=FAILURE
org.apache.hadoop.hdds.scm.container.common.helpers.StorageContainerException: ContainerID 3 creation failed
	at org.apache.hadoop.ozone.container.common.impl.HddsDispatcher.dispatchRequest(HddsDispatcher.java:227) ~[classes/:?]
	at org.apache.hadoop.ozone.container.common.impl.HddsDispatcher.dispatch(HddsDispatcher.java:148) ~[classes/:?]
	at org.apache.hadoop.ozone.container.common.transport.server.ratis.ContainerStateMachine.dispatchCommand(ContainerStateMachine.java:374) ~[classes/:?]
	at org.apache.hadoop.ozone.container.common.transport.server.ratis.ContainerStateMachine.runCommand(ContainerStateMachine.java:381) ~[classes/:?]
	at org.apache.hadoop.ozone.container.common.transport.server.ratis.ContainerStateMachine.lambda$handleWriteChunk$1(ContainerStateMachine.java:412) ~[classes/:?]
	at java.util.concurrent.CompletableFuture$AsyncSupply.run(CompletableFuture.java:1590) [?:1.8.0_212]
	at java.util.concurrent.ThreadPoolExecutor.runWorker(ThreadPoolExecutor.java:1149) [?:1.8.0_212]
	at java.util.concurrent.ThreadPoolExecutor$Worker.run(ThreadPoolExecutor.java:624) [?:1.8.0_212]
	at java.lang.Thread.run(Thread.java:748) [?:1.8.0_212]
2019-07-30 18:56:29,961 INFO  keyvalue.KeyValueHandler (ContainerUtils.java:logAndReturnError(146)) - Operation: CreateContainer : Trace ID: 4c8cdde4a465ba12:f6ec2156e7c3607b:c7eb58b58fce5632:0 : Message: Container creation failed, due to disk out of space : Result: DISK_OUT_OF_SPACE
2019-07-30 18:56:29,961 INFO  impl.HddsDispatcher (ContainerUtils.java:logAndReturnError(146)) - Operation: WriteChunk : Trace ID: 4c8cdde4a465ba12:f6ec2156e7c3607b:c7eb58b58fce5632:0 : Message: ContainerID 3 creation failed : Result: DISK_OUT_OF_SPACE
18:56:29.961 [pool-26-thread-12] ERROR DNAudit - user=null | ip=null | op=WRITE_CHUNK {blockData=conID: 3 locID: 102531923302285319 bcsId: 0} | ret=FAILURE
org.apache.hadoop.hdds.scm.container.common.helpers.StorageContainerException: ContainerID 3 creation failed
	at org.apache.hadoop.ozone.container.common.impl.HddsDispatcher.dispatchRequest(HddsDispatcher.java:227) ~[classes/:?]
	at org.apache.hadoop.ozone.container.common.impl.HddsDispatcher.dispatch(HddsDispatcher.java:148) ~[classes/:?]
	at org.apache.hadoop.ozone.container.common.transport.server.ratis.ContainerStateMachine.dispatchCommand(ContainerStateMachine.java:374) ~[classes/:?]
	at org.apache.hadoop.ozone.container.common.transport.server.ratis.ContainerStateMachine.runCommand(ContainerStateMachine.java:381) ~[classes/:?]
	at org.apache.hadoop.ozone.container.common.transport.server.ratis.ContainerStateMachine.lambda$handleWriteChunk$1(ContainerStateMachine.java:412) ~[classes/:?]
	at java.util.concurrent.CompletableFuture$AsyncSupply.run(CompletableFuture.java:1590) [?:1.8.0_212]
	at java.util.concurrent.ThreadPoolExecutor.runWorker(ThreadPoolExecutor.java:1149) [?:1.8.0_212]
	at java.util.concurrent.ThreadPoolExecutor$Worker.run(ThreadPoolExecutor.java:624) [?:1.8.0_212]
	at java.lang.Thread.run(Thread.java:748) [?:1.8.0_212]
18:56:29.962 [RatisApplyTransactionExecutor 3] ERROR DNAudit - user=null | ip=null | op=PUT_BLOCK {blockData=[blockId=conID: 3 locID: 102531923302285319 bcsId: 0,size=1048576]} | ret=FAILURE
org.apache.hadoop.hdds.scm.container.common.helpers.StorageContainerException: ContainerID 3 does not exist
	at org.apache.hadoop.ozone.container.common.impl.HddsDispatcher.dispatchRequest(HddsDispatcher.java:242) ~[classes/:?]
	at org.apache.hadoop.ozone.container.common.impl.HddsDispatcher.dispatch(HddsDispatcher.java:148) ~[classes/:?]
	at org.apache.hadoop.ozone.container.common.transport.server.ratis.ContainerStateMachine.dispatchCommand(ContainerStateMachine.java:374) ~[classes/:?]
	at org.apache.hadoop.ozone.container.common.transport.server.ratis.ContainerStateMachine.runCommand(ContainerStateMachine.java:381) ~[classes/:?]
	at org.apache.hadoop.ozone.container.common.transport.server.ratis.ContainerStateMachine.lambda$applyTransaction$6(ContainerStateMachine.java:647) ~[classes/:?]
	at java.util.concurrent.CompletableFuture$AsyncSupply.run(CompletableFuture.java:1590) [?:1.8.0_212]
	at java.util.concurrent.ThreadPoolExecutor.runWorker(ThreadPoolExecutor.java:1149) [?:1.8.0_212]
	at java.util.concurrent.ThreadPoolExecutor$Worker.run(ThreadPoolExecutor.java:624) [?:1.8.0_212]
	at java.lang.Thread.run(Thread.java:748) [?:1.8.0_212]
2019-07-30 18:56:29,962 INFO  impl.HddsDispatcher (ContainerUtils.java:logAndReturnError(146)) - Operation: WriteChunk : Trace ID: 4c8cdde4a465ba12:f6ec2156e7c3607b:c7eb58b58fce5632:0 : Message: ContainerID 3 creation failed : Result: DISK_OUT_OF_SPACE
2019-07-30 18:56:29,962 INFO  impl.HddsDispatcher (ContainerUtils.java:logAndReturnError(146)) - Operation: PutBlock : Trace ID: 4c8cdde4a465ba12:92fa868f337334e6:c7eb58b58fce5632:0 : Message: ContainerID 3 does not exist : Result: CONTAINER_NOT_FOUND
2019-07-30 18:56:29,967 INFO  client.GrpcClientProtocolClient (GrpcClientProtocolClient.java:onNext(255)) - client-D1F7147E49AE->e7c18ed1-d699-403d-a564-75580f46a889: receive RaftClientReply:client-D1F7147E49AE->e7c18ed1-d699-403d-a564-75580f46a889@group-26BEC2E87304, cid=31, SUCCESS, logIndex=42, commits[e7c18ed1-d699-403d-a564-75580f46a889:c42, a8e08a43-06d6-4ff3-a2b7-a01daa83b6fa:c40, dee37eed-b08c-4bdc-b9df-d4cef787bd4b:c40]
18:56:29.974 [RatisApplyTransactionExecutor 3] ERROR DNAudit - user=null | ip=null | op=PUT_BLOCK {blockData=[blockId=conID: 3 locID: 102531923302285319 bcsId: 0,size=1048576]} | ret=FAILURE
org.apache.hadoop.hdds.scm.container.common.helpers.StorageContainerException: ContainerID 3 does not exist
	at org.apache.hadoop.ozone.container.common.impl.HddsDispatcher.dispatchRequest(HddsDispatcher.java:242) ~[classes/:?]
	at org.apache.hadoop.ozone.container.common.impl.HddsDispatcher.dispatch(HddsDispatcher.java:148) ~[classes/:?]
	at org.apache.hadoop.ozone.container.common.transport.server.ratis.ContainerStateMachine.dispatchCommand(ContainerStateMachine.java:374) ~[classes/:?]
	at org.apache.hadoop.ozone.container.common.transport.server.ratis.ContainerStateMachine.runCommand(ContainerStateMachine.java:381) ~[classes/:?]
	at org.apache.hadoop.ozone.container.common.transport.server.ratis.ContainerStateMachine.lambda$applyTransaction$6(ContainerStateMachine.java:647) ~[classes/:?]
	at java.util.concurrent.CompletableFuture$AsyncSupply.run(CompletableFuture.java:1590) [?:1.8.0_212]
	at java.util.concurrent.ThreadPoolExecutor.runWorker(ThreadPoolExecutor.java:1149) [?:1.8.0_212]
	at java.util.concurrent.ThreadPoolExecutor$Worker.run(ThreadPoolExecutor.java:624) [?:1.8.0_212]
	at java.lang.Thread.run(Thread.java:748) [?:1.8.0_212]
2019-07-30 18:56:29,975 INFO  impl.HddsDispatcher (ContainerUtils.java:logAndReturnError(146)) - Operation: PutBlock : Trace ID: 4c8cdde4a465ba12:92fa868f337334e6:c7eb58b58fce5632:0 : Message: ContainerID 3 does not exist : Result: CONTAINER_NOT_FOUND
18:56:29.975 [RatisApplyTransactionExecutor 3] ERROR DNAudit - user=null | ip=null | op=WRITE_CHUNK {blockData=conID: 3 locID: 102531923302285319 bcsId: 0} | ret=FAILURE
org.apache.hadoop.hdds.scm.container.common.helpers.StorageContainerException: ContainerID 3 does not exist
	at org.apache.hadoop.ozone.container.common.impl.HddsDispatcher.dispatchRequest(HddsDispatcher.java:242) ~[classes/:?]
	at org.apache.hadoop.ozone.container.common.impl.HddsDispatcher.dispatch(HddsDispatcher.java:148) ~[classes/:?]
	at org.apache.hadoop.ozone.container.common.transport.server.ratis.ContainerStateMachine.dispatchCommand(ContainerStateMachine.java:374) ~[classes/:?]
	at org.apache.hadoop.ozone.container.common.transport.server.ratis.ContainerStateMachine.runCommand(ContainerStateMachine.java:381) ~[classes/:?]
	at org.apache.hadoop.ozone.container.common.transport.server.ratis.ContainerStateMachine.lambda$applyTransaction$6(ContainerStateMachine.java:647) ~[classes/:?]
	at java.util.concurrent.CompletableFuture$AsyncSupply.run(CompletableFuture.java:1590) [?:1.8.0_212]
	at java.util.concurrent.ThreadPoolExecutor.runWorker(ThreadPoolExecutor.java:1149) [?:1.8.0_212]
	at java.util.concurrent.ThreadPoolExecutor$Worker.run(ThreadPoolExecutor.java:624) [?:1.8.0_212]
	at java.lang.Thread.run(Thread.java:748) [?:1.8.0_212]
2019-07-30 18:56:29,975 INFO  impl.HddsDispatcher (ContainerUtils.java:logAndReturnError(146)) - Operation: WriteChunk : Trace ID: 4c8cdde4a465ba12:f6ec2156e7c3607b:c7eb58b58fce5632:0 : Message: ContainerID 3 does not exist : Result: CONTAINER_NOT_FOUND
18:56:29.976 [RatisApplyTransactionExecutor 3] ERROR DNAudit - user=null | ip=null | op=PUT_BLOCK {blockData=[blockId=conID: 3 locID: 102531923302285319 bcsId: 0,size=2097152]} | ret=FAILURE
org.apache.hadoop.hdds.scm.container.common.helpers.StorageContainerException: ContainerID 3 does not exist
	at org.apache.hadoop.ozone.container.common.impl.HddsDispatcher.dispatchRequest(HddsDispatcher.java:242) ~[classes/:?]
	at org.apache.hadoop.ozone.container.common.impl.HddsDispatcher.dispatch(HddsDispatcher.java:148) ~[classes/:?]
	at org.apache.hadoop.ozone.container.common.transport.server.ratis.ContainerStateMachine.dispatchCommand(ContainerStateMachine.java:374) ~[classes/:?]
	at org.apache.hadoop.ozone.container.common.transport.server.ratis.ContainerStateMachine.runCommand(ContainerStateMachine.java:381) ~[classes/:?]
	at org.apache.hadoop.ozone.container.common.transport.server.ratis.ContainerStateMachine.lambda$applyTransaction$6(ContainerStateMachine.java:647) ~[classes/:?]
	at java.util.concurrent.CompletableFuture$AsyncSupply.run(CompletableFuture.java:1590) [?:1.8.0_212]
	at java.util.concurrent.ThreadPoolExecutor.runWorker(ThreadPoolExecutor.java:1149) [?:1.8.0_212]
	at java.util.concurrent.ThreadPoolExecutor$Worker.run(ThreadPoolExecutor.java:624) [?:1.8.0_212]
	at java.lang.Thread.run(Thread.java:748) [?:1.8.0_212]
2019-07-30 18:56:29,977 INFO  client.GrpcClientProtocolClient (GrpcClientProtocolClient.java:onNext(255)) - client-D1F7147E49AE->e7c18ed1-d699-403d-a564-75580f46a889: receive RaftClientReply:client-D1F7147E49AE->e7c18ed1-d699-403d-a564-75580f46a889@group-26BEC2E87304, cid=32, SUCCESS, logIndex=43, commits[e7c18ed1-d699-403d-a564-75580f46a889:c45, a8e08a43-06d6-4ff3-a2b7-a01daa83b6fa:c41, dee37eed-b08c-4bdc-b9df-d4cef787bd4b:c42]
2019-07-30 18:56:29,977 INFO  impl.HddsDispatcher (ContainerUtils.java:logAndReturnError(146)) - Operation: PutBlock : Trace ID: 4c8cdde4a465ba12:1fca40cf616937a7:c7eb58b58fce5632:0 : Message: ContainerID 3 does not exist : Result: CONTAINER_NOT_FOUND
2019-07-30 18:56:29,983 INFO  client.GrpcClientProtocolClient (GrpcClientProtocolClient.java:onNext(255)) - client-D1F7147E49AE->e7c18ed1-d699-403d-a564-75580f46a889: receive RaftClientReply:client-D1F7147E49AE->e7c18ed1-d699-403d-a564-75580f46a889@group-26BEC2E87304, cid=33, SUCCESS, logIndex=44, commits[e7c18ed1-d699-403d-a564-75580f46a889:c45, a8e08a43-06d6-4ff3-a2b7-a01daa83b6fa:c41, dee37eed-b08c-4bdc-b9df-d4cef787bd4b:c42]
2019-07-30 18:56:29,985 ERROR freon.RandomKeyGenerator (RandomKeyGenerator.java:createKey(730)) - Exception while adding key: key-0-54366 in bucket: bucket-0-12263 of volume: vol-0-56861.
java.io.IOException: Unexpected Storage Container Exception: org.apache.hadoop.hdds.scm.container.common.helpers.StorageContainerException: ContainerID 3 does not exist
	at org.apache.hadoop.hdds.scm.storage.BlockOutputStream.setIoException(BlockOutputStream.java:541)
	at org.apache.hadoop.hdds.scm.storage.BlockOutputStream.validateResponse(BlockOutputStream.java:532)
	at org.apache.hadoop.hdds.scm.storage.BlockOutputStream.lambda$writeChunkToContainer$2(BlockOutputStream.java:606)
	at java.util.concurrent.CompletableFuture.uniApply(CompletableFuture.java:602)
	at java.util.concurrent.CompletableFuture$UniApply.tryFire(CompletableFuture.java:577)
	at java.util.concurrent.CompletableFuture$Completion.run(CompletableFuture.java:442)
	at java.util.concurrent.ThreadPoolExecutor.runWorker(ThreadPoolExecutor.java:1149)
	at java.util.concurrent.ThreadPoolExecutor$Worker.run(ThreadPoolExecutor.java:624)
	at java.lang.Thread.run(Thread.java:748)
Caused by: org.apache.hadoop.hdds.scm.container.common.helpers.StorageContainerException: ContainerID 3 does not exist
	at org.apache.hadoop.hdds.scm.storage.ContainerProtocolCalls.validateContainerResponse(ContainerProtocolCalls.java:536)
	at org.apache.hadoop.hdds.scm.storage.BlockOutputStream.validateResponse(BlockOutputStream.java:529)
	... 7 more
18:56:29.986 [RatisApplyTransactionExecutor 3] ERROR DNAudit - user=null | ip=null | op=PUT_BLOCK {blockData=[blockId=conID: 3 locID: 102531923302285319 bcsId: 0,size=1048576]} | ret=FAILURE
org.apache.hadoop.hdds.scm.container.common.helpers.StorageContainerException: ContainerID 3 does not exist
	at org.apache.hadoop.ozone.container.common.impl.HddsDispatcher.dispatchRequest(HddsDispatcher.java:242) ~[classes/:?]
	at org.apache.hadoop.ozone.container.common.impl.HddsDispatcher.dispatch(HddsDispatcher.java:148) ~[classes/:?]
	at org.apache.hadoop.ozone.container.common.transport.server.ratis.ContainerStateMachine.dispatchCommand(ContainerStateMachine.java:374) ~[classes/:?]
	at org.apache.hadoop.ozone.container.common.transport.server.ratis.ContainerStateMachine.runCommand(ContainerStateMachine.java:381) ~[classes/:?]
	at org.apache.hadoop.ozone.container.common.transport.server.ratis.ContainerStateMachine.lambda$applyTransaction$6(ContainerStateMachine.java:647) ~[classes/:?]
	at java.util.concurrent.CompletableFuture$AsyncSupply.run(CompletableFuture.java:1590) [?:1.8.0_212]
	at java.util.concurrent.ThreadPoolExecutor.runWorker(ThreadPoolExecutor.java:1149) [?:1.8.0_212]
	at java.util.concurrent.ThreadPoolExecutor$Worker.run(ThreadPoolExecutor.java:624) [?:1.8.0_212]
	at java.lang.Thread.run(Thread.java:748) [?:1.8.0_212]
18:56:29.986 [RatisApplyTransactionExecutor 3] ERROR DNAudit - user=null | ip=null | op=WRITE_CHUNK {blockData=conID: 3 locID: 102531923302285319 bcsId: 0} | ret=FAILURE
org.apache.hadoop.hdds.scm.container.common.helpers.StorageContainerException: ContainerID 3 does not exist
	at org.apache.hadoop.ozone.container.common.impl.HddsDispatcher.dispatchRequest(HddsDispatcher.java:242) ~[classes/:?]
	at org.apache.hadoop.ozone.container.common.impl.HddsDispatcher.dispatch(HddsDispatcher.java:148) ~[classes/:?]
	at org.apache.hadoop.ozone.container.common.transport.server.ratis.ContainerStateMachine.dispatchCommand(ContainerStateMachine.java:374) ~[classes/:?]
	at org.apache.hadoop.ozone.container.common.transport.server.ratis.ContainerStateMachine.runCommand(ContainerStateMachine.java:381) ~[classes/:?]
	at org.apache.hadoop.ozone.container.common.transport.server.ratis.ContainerStateMachine.lambda$applyTransaction$6(ContainerStateMachine.java:647) ~[classes/:?]
	at java.util.concurrent.CompletableFuture$AsyncSupply.run(CompletableFuture.java:1590) [?:1.8.0_212]
	at java.util.concurrent.ThreadPoolExecutor.runWorker(ThreadPoolExecutor.java:1149) [?:1.8.0_212]
	at java.util.concurrent.ThreadPoolExecutor$Worker.run(ThreadPoolExecutor.java:624) [?:1.8.0_212]
	at java.lang.Thread.run(Thread.java:748) [?:1.8.0_212]
2019-07-30 18:56:29,987 INFO  impl.HddsDispatcher (ContainerUtils.java:logAndReturnError(146)) - Operation: PutBlock : Trace ID: 4c8cdde4a465ba12:92fa868f337334e6:c7eb58b58fce5632:0 : Message: ContainerID 3 does not exist : Result: CONTAINER_NOT_FOUND
2019-07-30 18:56:29,987 INFO  impl.HddsDispatcher (ContainerUtils.java:logAndReturnError(146)) - Operation: WriteChunk : Trace ID: 4c8cdde4a465ba12:f6ec2156e7c3607b:c7eb58b58fce5632:0 : Message: ContainerID 3 does not exist : Result: CONTAINER_NOT_FOUND
18:56:29.987 [RatisApplyTransactionExecutor 3] ERROR DNAudit - user=null | ip=null | op=PUT_BLOCK {blockData=[blockId=conID: 3 locID: 102531923302285319 bcsId: 0,size=2097152]} | ret=FAILURE
org.apache.hadoop.hdds.scm.container.common.helpers.StorageContainerException: ContainerID 3 does not exist
	at org.apache.hadoop.ozone.container.common.impl.HddsDispatcher.dispatchRequest(HddsDispatcher.java:242) ~[classes/:?]
	at org.apache.hadoop.ozone.container.common.impl.HddsDispatcher.dispatch(HddsDispatcher.java:148) ~[classes/:?]
	at org.apache.hadoop.ozone.container.common.transport.server.ratis.ContainerStateMachine.dispatchCommand(ContainerStateMachine.java:374) ~[classes/:?]
	at org.apache.hadoop.ozone.container.common.transport.server.ratis.ContainerStateMachine.runCommand(ContainerStateMachine.java:381) ~[classes/:?]
	at org.apache.hadoop.ozone.container.common.transport.server.ratis.ContainerStateMachine.lambda$applyTransaction$6(ContainerStateMachine.java:647) ~[classes/:?]
	at java.util.concurrent.CompletableFuture$AsyncSupply.run(CompletableFuture.java:1590) [?:1.8.0_212]
	at java.util.concurrent.ThreadPoolExecutor.runWorker(ThreadPoolExecutor.java:1149) [?:1.8.0_212]
	at java.util.concurrent.ThreadPoolExecutor$Worker.run(ThreadPoolExecutor.java:624) [?:1.8.0_212]
	at java.lang.Thread.run(Thread.java:748) [?:1.8.0_212]
2019-07-30 18:56:29,988 INFO  impl.HddsDispatcher (ContainerUtils.java:logAndReturnError(146)) - Operation: PutBlock : Trace ID: 4c8cdde4a465ba12:1fca40cf616937a7:c7eb58b58fce5632:0 : Message: ContainerID 3 does not exist : Result: CONTAINER_NOT_FOUND
18:56:29.998 [RatisApplyTransactionExecutor 3] ERROR DNAudit - user=null | ip=null | op=WRITE_CHUNK {blockData=conID: 3 locID: 102531923302285319 bcsId: 0} | ret=FAILURE
org.apache.hadoop.hdds.scm.container.common.helpers.StorageContainerException: ContainerID 3 does not exist
	at org.apache.hadoop.ozone.container.common.impl.HddsDispatcher.dispatchRequest(HddsDispatcher.java:242) ~[classes/:?]
	at org.apache.hadoop.ozone.container.common.impl.HddsDispatcher.dispatch(HddsDispatcher.java:148) ~[classes/:?]
	at org.apache.hadoop.ozone.container.common.transport.server.ratis.ContainerStateMachine.dispatchCommand(ContainerStateMachine.java:374) ~[classes/:?]
	at org.apache.hadoop.ozone.container.common.transport.server.ratis.ContainerStateMachine.runCommand(ContainerStateMachine.java:381) ~[classes/:?]
	at org.apache.hadoop.ozone.container.common.transport.server.ratis.ContainerStateMachine.lambda$applyTransaction$6(ContainerStateMachine.java:647) ~[classes/:?]
	at java.util.concurrent.CompletableFuture$AsyncSupply.run(CompletableFuture.java:1590) [?:1.8.0_212]
	at java.util.concurrent.ThreadPoolExecutor.runWorker(ThreadPoolExecutor.java:1149) [?:1.8.0_212]
	at java.util.concurrent.ThreadPoolExecutor$Worker.run(ThreadPoolExecutor.java:624) [?:1.8.0_212]
	at java.lang.Thread.run(Thread.java:748) [?:1.8.0_212]
2019-07-30 18:56:29,998 INFO  impl.HddsDispatcher (ContainerUtils.java:logAndReturnError(146)) - Operation: WriteChunk : Trace ID: 4c8cdde4a465ba12:f6ec2156e7c3607b:c7eb58b58fce5632:0 : Message: ContainerID 3 does not exist : Result: CONTAINER_NOT_FOUND
18:56:30.000 [RatisApplyTransactionExecutor 3] ERROR DNAudit - user=null | ip=null | op=PUT_BLOCK {blockData=[blockId=conID: 3 locID: 102531923302285319 bcsId: 0,size=2097152]} | ret=FAILURE
org.apache.hadoop.hdds.scm.container.common.helpers.StorageContainerException: ContainerID 3 does not exist
	at org.apache.hadoop.ozone.container.common.impl.HddsDispatcher.dispatchRequest(HddsDispatcher.java:242) ~[classes/:?]
	at org.apache.hadoop.ozone.container.common.impl.HddsDispatcher.dispatch(HddsDispatcher.java:148) ~[classes/:?]
	at org.apache.hadoop.ozone.container.common.transport.server.ratis.ContainerStateMachine.dispatchCommand(ContainerStateMachine.java:374) ~[classes/:?]
	at org.apache.hadoop.ozone.container.common.transport.server.ratis.ContainerStateMachine.runCommand(ContainerStateMachine.java:381) ~[classes/:?]
	at org.apache.hadoop.ozone.container.common.transport.server.ratis.ContainerStateMachine.lambda$applyTransaction$6(ContainerStateMachine.java:647) ~[classes/:?]
	at java.util.concurrent.CompletableFuture$AsyncSupply.run(CompletableFuture.java:1590) [?:1.8.0_212]
	at java.util.concurrent.ThreadPoolExecutor.runWorker(ThreadPoolExecutor.java:1149) [?:1.8.0_212]
	at java.util.concurrent.ThreadPoolExecutor$Worker.run(ThreadPoolExecutor.java:624) [?:1.8.0_212]
	at java.lang.Thread.run(Thread.java:748) [?:1.8.0_212]
2019-07-30 18:56:30,001 INFO  impl.HddsDispatcher (ContainerUtils.java:logAndReturnError(146)) - Operation: PutBlock : Trace ID: 4c8cdde4a465ba12:1fca40cf616937a7:c7eb58b58fce5632:0 : Message: ContainerID 3 does not exist : Result: CONTAINER_NOT_FOUND
 0.00% |█                                                                                                    |  0/1 Time: 0:00:01 0.00% |█                                                                                                    |  0/1 Time: 0:00:02 0.00% |█                                                                                                    |  0/1 Time: 0:00:03 0.00% |█                                                                                                    |  0/1 Time: 0:00:04 100.00% |█████████████████████████████████████████████████████████████████████████████████████████████████████|  1/1 Time: 0:00:05
]]></system-out>
  </testcase>
  <testcase name="validateWriteTest" classname="org.apache.hadoop.ozone.freon.TestDataValidateWithUnsafeByteOperations" time="5.671">
    <error message="Unexpected Storage Container Exception: org.apache.hadoop.hdds.scm.container.common.helpers.StorageContainerException: ContainerID 3 does not exist" type="java.io.IOException">java.io.IOException: Unexpected Storage Container Exception: org.apache.hadoop.hdds.scm.container.common.helpers.StorageContainerException: ContainerID 3 does not exist
	at org.apache.hadoop.hdds.scm.storage.BlockOutputStream.setIoException(BlockOutputStream.java:541)
	at org.apache.hadoop.hdds.scm.storage.BlockOutputStream.validateResponse(BlockOutputStream.java:532)
	at org.apache.hadoop.hdds.scm.storage.BlockOutputStream.lambda$writeChunkToContainer$2(BlockOutputStream.java:606)
	at java.util.concurrent.CompletableFuture.uniApply(CompletableFuture.java:602)
	at java.util.concurrent.CompletableFuture$UniApply.tryFire(CompletableFuture.java:577)
	at java.util.concurrent.CompletableFuture$Completion.run(CompletableFuture.java:442)
	at java.util.concurrent.ThreadPoolExecutor.runWorker(ThreadPoolExecutor.java:1149)
	at java.util.concurrent.ThreadPoolExecutor$Worker.run(ThreadPoolExecutor.java:624)
	at java.lang.Thread.run(Thread.java:748)
Caused by: org.apache.hadoop.hdds.scm.container.common.helpers.StorageContainerException: ContainerID 3 does not exist
	at org.apache.hadoop.hdds.scm.storage.ContainerProtocolCalls.validateContainerResponse(ContainerProtocolCalls.java:536)
	at org.apache.hadoop.hdds.scm.storage.BlockOutputStream.validateResponse(BlockOutputStream.java:529)
	... 7 more
</error>
    <system-out><![CDATA[2019-07-30 18:56:39,828 INFO  freon.RandomKeyGenerator (RandomKeyGenerator.java:call(278)) - Number of Threads: 10
2019-07-30 18:56:39,828 INFO  freon.RandomKeyGenerator (RandomKeyGenerator.java:call(283)) - Number of Volumes: 2.
2019-07-30 18:56:39,829 INFO  freon.RandomKeyGenerator (RandomKeyGenerator.java:call(284)) - Number of Buckets per Volume: 5.
2019-07-30 18:56:39,829 INFO  freon.RandomKeyGenerator (RandomKeyGenerator.java:call(285)) - Number of Keys per Bucket: 10.
2019-07-30 18:56:39,829 INFO  freon.RandomKeyGenerator (RandomKeyGenerator.java:call(286)) - Key size: 10240 bytes
2019-07-30 18:56:39,830 INFO  freon.RandomKeyGenerator (RandomKeyGenerator.java:call(287)) - Buffer size: 4096 bytes
2019-07-30 18:56:39,831 INFO  rpc.RpcClient (RpcClient.java:createVolume(288)) - Creating Volume: vol-0-68344, with jenkins1000 as owner.
2019-07-30 18:56:39,831 INFO  rpc.RpcClient (RpcClient.java:createVolume(288)) - Creating Volume: vol-1-01715, with jenkins1000 as owner.
2019-07-30 18:56:39,834 INFO  freon.RandomKeyGenerator (RandomKeyGenerator.java:call(301)) - Data validation is enabled.
2019-07-30 18:56:39,834 INFO  freon.RandomKeyGenerator (RandomKeyGenerator.java:call(307)) - Starting progress bar Thread.

 0.00% |█                                                                                                    |  0/100 Time: 0:00:002019-07-30 18:56:39,844 INFO  rpc.RpcClient (RpcClient.java:createBucket(425)) - Creating Bucket: vol-0-68344/bucket-1-83608, with Versioning false and Storage Type set to DISK and Encryption set to false 
2019-07-30 18:56:39,845 INFO  rpc.RpcClient (RpcClient.java:createBucket(425)) - Creating Bucket: vol-1-01715/bucket-3-08603, with Versioning false and Storage Type set to DISK and Encryption set to false 
2019-07-30 18:56:39,845 INFO  rpc.RpcClient (RpcClient.java:createBucket(425)) - Creating Bucket: vol-0-68344/bucket-2-42074, with Versioning false and Storage Type set to DISK and Encryption set to false 
2019-07-30 18:56:39,845 INFO  rpc.RpcClient (RpcClient.java:createBucket(425)) - Creating Bucket: vol-0-68344/bucket-3-12641, with Versioning false and Storage Type set to DISK and Encryption set to false 
2019-07-30 18:56:39,845 INFO  rpc.RpcClient (RpcClient.java:createBucket(425)) - Creating Bucket: vol-1-01715/bucket-4-61468, with Versioning false and Storage Type set to DISK and Encryption set to false 
2019-07-30 18:56:39,844 INFO  rpc.RpcClient (RpcClient.java:createBucket(425)) - Creating Bucket: vol-0-68344/bucket-4-83587, with Versioning false and Storage Type set to DISK and Encryption set to false 
2019-07-30 18:56:39,851 INFO  rpc.RpcClient (RpcClient.java:createBucket(425)) - Creating Bucket: vol-0-68344/bucket-0-70540, with Versioning false and Storage Type set to DISK and Encryption set to false 
2019-07-30 18:56:39,851 INFO  rpc.RpcClient (RpcClient.java:createBucket(425)) - Creating Bucket: vol-1-01715/bucket-0-71074, with Versioning false and Storage Type set to DISK and Encryption set to false 
2019-07-30 18:56:39,853 INFO  rpc.RpcClient (RpcClient.java:createBucket(425)) - Creating Bucket: vol-1-01715/bucket-2-54961, with Versioning false and Storage Type set to DISK and Encryption set to false 
2019-07-30 18:56:39,856 INFO  rpc.RpcClient (RpcClient.java:createBucket(425)) - Creating Bucket: vol-1-01715/bucket-1-14552, with Versioning false and Storage Type set to DISK and Encryption set to false 
2019-07-30 18:56:39,894 INFO  client.GrpcClientProtocolClient (GrpcClientProtocolClient.java:onNext(255)) - client-E5BBE3B31844->dee37eed-b08c-4bdc-b9df-d4cef787bd4b: receive RaftClientReply:client-E5BBE3B31844->dee37eed-b08c-4bdc-b9df-d4cef787bd4b@group-26BEC2E87304, cid=36, FAILED org.apache.ratis.protocol.NotLeaderException: Server dee37eed-b08c-4bdc-b9df-d4cef787bd4b is not the leader (e7c18ed1-d699-403d-a564-75580f46a889:192.168.69.76:37597). Request must be sent to leader., logIndex=0, commits[dee37eed-b08c-4bdc-b9df-d4cef787bd4b:c47, a8e08a43-06d6-4ff3-a2b7-a01daa83b6fa:c47, e7c18ed1-d699-403d-a564-75580f46a889:c47]
2019-07-30 18:56:39,920 INFO  keyvalue.KeyValueHandler (ContainerUtils.java:logAndReturnError(146)) - Operation: CreateContainer : Trace ID: f8d3e070283a5be9:759764428cf6b1b9:dc3123635a897e81:0 : Message: Container creation failed, due to disk out of space : Result: DISK_OUT_OF_SPACE
18:56:39.920 [pool-48-thread-37] ERROR DNAudit - user=null | ip=null | op=WRITE_CHUNK {blockData=conID: 3 locID: 102531923959349268 bcsId: 0} | ret=FAILURE
org.apache.hadoop.hdds.scm.container.common.helpers.StorageContainerException: ContainerID 3 creation failed
	at org.apache.hadoop.ozone.container.common.impl.HddsDispatcher.dispatchRequest(HddsDispatcher.java:227) ~[classes/:?]
	at org.apache.hadoop.ozone.container.common.impl.HddsDispatcher.dispatch(HddsDispatcher.java:148) ~[classes/:?]
	at org.apache.hadoop.ozone.container.common.transport.server.ratis.ContainerStateMachine.dispatchCommand(ContainerStateMachine.java:374) ~[classes/:?]
	at org.apache.hadoop.ozone.container.common.transport.server.ratis.ContainerStateMachine.runCommand(ContainerStateMachine.java:381) ~[classes/:?]
	at org.apache.hadoop.ozone.container.common.transport.server.ratis.ContainerStateMachine.lambda$handleWriteChunk$1(ContainerStateMachine.java:412) ~[classes/:?]
	at java.util.concurrent.CompletableFuture$AsyncSupply.run(CompletableFuture.java:1590) [?:1.8.0_212]
	at java.util.concurrent.ThreadPoolExecutor.runWorker(ThreadPoolExecutor.java:1149) [?:1.8.0_212]
	at java.util.concurrent.ThreadPoolExecutor$Worker.run(ThreadPoolExecutor.java:624) [?:1.8.0_212]
	at java.lang.Thread.run(Thread.java:748) [?:1.8.0_212]
2019-07-30 18:56:39,921 INFO  impl.HddsDispatcher (ContainerUtils.java:logAndReturnError(146)) - Operation: WriteChunk : Trace ID: f8d3e070283a5be9:759764428cf6b1b9:dc3123635a897e81:0 : Message: ContainerID 3 creation failed : Result: DISK_OUT_OF_SPACE
2019-07-30 18:56:39,922 INFO  keyvalue.KeyValueHandler (ContainerUtils.java:logAndReturnError(146)) - Operation: CreateContainer : Trace ID: f8d3e070283a5be9:759764428cf6b1b9:dc3123635a897e81:0 : Message: Container creation failed, due to disk out of space : Result: DISK_OUT_OF_SPACE
18:56:39.924 [pool-70-thread-13] ERROR DNAudit - user=null | ip=null | op=WRITE_CHUNK {blockData=conID: 3 locID: 102531923959349268 bcsId: 0} | ret=FAILURE
org.apache.hadoop.hdds.scm.container.common.helpers.StorageContainerException: ContainerID 3 creation failed
	at org.apache.hadoop.ozone.container.common.impl.HddsDispatcher.dispatchRequest(HddsDispatcher.java:227) ~[classes/:?]
	at org.apache.hadoop.ozone.container.common.impl.HddsDispatcher.dispatch(HddsDispatcher.java:148) ~[classes/:?]
	at org.apache.hadoop.ozone.container.common.transport.server.ratis.ContainerStateMachine.dispatchCommand(ContainerStateMachine.java:374) ~[classes/:?]
	at org.apache.hadoop.ozone.container.common.transport.server.ratis.ContainerStateMachine.runCommand(ContainerStateMachine.java:381) ~[classes/:?]
	at org.apache.hadoop.ozone.container.common.transport.server.ratis.ContainerStateMachine.lambda$handleWriteChunk$1(ContainerStateMachine.java:412) ~[classes/:?]
	at java.util.concurrent.CompletableFuture$AsyncSupply.run(CompletableFuture.java:1590) [?:1.8.0_212]
	at java.util.concurrent.ThreadPoolExecutor.runWorker(ThreadPoolExecutor.java:1149) [?:1.8.0_212]
	at java.util.concurrent.ThreadPoolExecutor$Worker.run(ThreadPoolExecutor.java:624) [?:1.8.0_212]
	at java.lang.Thread.run(Thread.java:748) [?:1.8.0_212]
2019-07-30 18:56:39,925 INFO  impl.HddsDispatcher (ContainerUtils.java:logAndReturnError(146)) - Operation: WriteChunk : Trace ID: f8d3e070283a5be9:759764428cf6b1b9:dc3123635a897e81:0 : Message: ContainerID 3 creation failed : Result: DISK_OUT_OF_SPACE
2019-07-30 18:56:39,925 INFO  keyvalue.KeyValueHandler (ContainerUtils.java:logAndReturnError(146)) - Operation: CreateContainer : Trace ID: f8d3e070283a5be9:759764428cf6b1b9:dc3123635a897e81:0 : Message: Container creation failed, due to disk out of space : Result: DISK_OUT_OF_SPACE
18:56:39.926 [pool-26-thread-13] ERROR DNAudit - user=null | ip=null | op=WRITE_CHUNK {blockData=conID: 3 locID: 102531923959349268 bcsId: 0} | ret=FAILURE
org.apache.hadoop.hdds.scm.container.common.helpers.StorageContainerException: ContainerID 3 creation failed
	at org.apache.hadoop.ozone.container.common.impl.HddsDispatcher.dispatchRequest(HddsDispatcher.java:227) ~[classes/:?]
	at org.apache.hadoop.ozone.container.common.impl.HddsDispatcher.dispatch(HddsDispatcher.java:148) ~[classes/:?]
	at org.apache.hadoop.ozone.container.common.transport.server.ratis.ContainerStateMachine.dispatchCommand(ContainerStateMachine.java:374) ~[classes/:?]
	at org.apache.hadoop.ozone.container.common.transport.server.ratis.ContainerStateMachine.runCommand(ContainerStateMachine.java:381) ~[classes/:?]
	at org.apache.hadoop.ozone.container.common.transport.server.ratis.ContainerStateMachine.lambda$handleWriteChunk$1(ContainerStateMachine.java:412) ~[classes/:?]
	at java.util.concurrent.CompletableFuture$AsyncSupply.run(CompletableFuture.java:1590) [?:1.8.0_212]
	at java.util.concurrent.ThreadPoolExecutor.runWorker(ThreadPoolExecutor.java:1149) [?:1.8.0_212]
	at java.util.concurrent.ThreadPoolExecutor$Worker.run(ThreadPoolExecutor.java:624) [?:1.8.0_212]
	at java.lang.Thread.run(Thread.java:748) [?:1.8.0_212]
2019-07-30 18:56:39,926 INFO  impl.HddsDispatcher (ContainerUtils.java:logAndReturnError(146)) - Operation: WriteChunk : Trace ID: f8d3e070283a5be9:759764428cf6b1b9:dc3123635a897e81:0 : Message: ContainerID 3 creation failed : Result: DISK_OUT_OF_SPACE
18:56:39.935 [RatisApplyTransactionExecutor 3] ERROR DNAudit - user=null | ip=null | op=WRITE_CHUNK {blockData=conID: 3 locID: 102531923959349268 bcsId: 0} | ret=FAILURE
org.apache.hadoop.hdds.scm.container.common.helpers.StorageContainerException: ContainerID 3 does not exist
	at org.apache.hadoop.ozone.container.common.impl.HddsDispatcher.dispatchRequest(HddsDispatcher.java:242) ~[classes/:?]
	at org.apache.hadoop.ozone.container.common.impl.HddsDispatcher.dispatch(HddsDispatcher.java:148) ~[classes/:?]
	at org.apache.hadoop.ozone.container.common.transport.server.ratis.ContainerStateMachine.dispatchCommand(ContainerStateMachine.java:374) ~[classes/:?]
	at org.apache.hadoop.ozone.container.common.transport.server.ratis.ContainerStateMachine.runCommand(ContainerStateMachine.java:381) ~[classes/:?]
	at org.apache.hadoop.ozone.container.common.transport.server.ratis.ContainerStateMachine.lambda$applyTransaction$6(ContainerStateMachine.java:647) ~[classes/:?]
	at java.util.concurrent.CompletableFuture$AsyncSupply.run(CompletableFuture.java:1590) [?:1.8.0_212]
	at java.util.concurrent.ThreadPoolExecutor.runWorker(ThreadPoolExecutor.java:1149) [?:1.8.0_212]
	at java.util.concurrent.ThreadPoolExecutor$Worker.run(ThreadPoolExecutor.java:624) [?:1.8.0_212]
	at java.lang.Thread.run(Thread.java:748) [?:1.8.0_212]
2019-07-30 18:56:39,936 INFO  impl.HddsDispatcher (ContainerUtils.java:logAndReturnError(146)) - Operation: WriteChunk : Trace ID: f8d3e070283a5be9:759764428cf6b1b9:dc3123635a897e81:0 : Message: ContainerID 3 does not exist : Result: CONTAINER_NOT_FOUND
2019-07-30 18:56:39,945 INFO  client.GrpcClientProtocolClient (GrpcClientProtocolClient.java:onNext(255)) - client-E5BBE3B31844->e7c18ed1-d699-403d-a564-75580f46a889: receive RaftClientReply:client-E5BBE3B31844->e7c18ed1-d699-403d-a564-75580f46a889@group-26BEC2E87304, cid=36, SUCCESS, logIndex=48, commits[e7c18ed1-d699-403d-a564-75580f46a889:c48, a8e08a43-06d6-4ff3-a2b7-a01daa83b6fa:c47, dee37eed-b08c-4bdc-b9df-d4cef787bd4b:c47]
2019-07-30 18:56:39,948 ERROR storage.BlockOutputStream (BlockOutputStream.java:validateResponse(531)) - Unexpected Storage Container Exception: 
org.apache.hadoop.hdds.scm.container.common.helpers.StorageContainerException: ContainerID 3 does not exist
	at org.apache.hadoop.hdds.scm.storage.ContainerProtocolCalls.validateContainerResponse(ContainerProtocolCalls.java:536)
	at org.apache.hadoop.hdds.scm.storage.BlockOutputStream.validateResponse(BlockOutputStream.java:529)
	at org.apache.hadoop.hdds.scm.storage.BlockOutputStream.lambda$writeChunkToContainer$2(BlockOutputStream.java:606)
	at java.util.concurrent.CompletableFuture.uniApply(CompletableFuture.java:602)
	at java.util.concurrent.CompletableFuture$UniApply.tryFire(CompletableFuture.java:577)
	at java.util.concurrent.CompletableFuture$Completion.run(CompletableFuture.java:442)
	at java.util.concurrent.ThreadPoolExecutor.runWorker(ThreadPoolExecutor.java:1149)
	at java.util.concurrent.ThreadPoolExecutor$Worker.run(ThreadPoolExecutor.java:624)
	at java.lang.Thread.run(Thread.java:748)
18:56:39.952 [RatisApplyTransactionExecutor 3] ERROR DNAudit - user=null | ip=null | op=WRITE_CHUNK {blockData=conID: 3 locID: 102531923959349268 bcsId: 0} | ret=FAILURE
org.apache.hadoop.hdds.scm.container.common.helpers.StorageContainerException: ContainerID 3 does not exist
	at org.apache.hadoop.ozone.container.common.impl.HddsDispatcher.dispatchRequest(HddsDispatcher.java:242) ~[classes/:?]
	at org.apache.hadoop.ozone.container.common.impl.HddsDispatcher.dispatch(HddsDispatcher.java:148) ~[classes/:?]
	at org.apache.hadoop.ozone.container.common.transport.server.ratis.ContainerStateMachine.dispatchCommand(ContainerStateMachine.java:374) ~[classes/:?]
	at org.apache.hadoop.ozone.container.common.transport.server.ratis.ContainerStateMachine.runCommand(ContainerStateMachine.java:381) ~[classes/:?]
	at org.apache.hadoop.ozone.container.common.transport.server.ratis.ContainerStateMachine.lambda$applyTransaction$6(ContainerStateMachine.java:647) ~[classes/:?]
	at java.util.concurrent.CompletableFuture$AsyncSupply.run(CompletableFuture.java:1590) [?:1.8.0_212]
	at java.util.concurrent.ThreadPoolExecutor.runWorker(ThreadPoolExecutor.java:1149) [?:1.8.0_212]
	at java.util.concurrent.ThreadPoolExecutor$Worker.run(ThreadPoolExecutor.java:624) [?:1.8.0_212]
	at java.lang.Thread.run(Thread.java:748) [?:1.8.0_212]
18:56:39.952 [RatisApplyTransactionExecutor 3] ERROR DNAudit - user=null | ip=null | op=WRITE_CHUNK {blockData=conID: 3 locID: 102531923959349268 bcsId: 0} | ret=FAILURE
org.apache.hadoop.hdds.scm.container.common.helpers.StorageContainerException: ContainerID 3 does not exist
	at org.apache.hadoop.ozone.container.common.impl.HddsDispatcher.dispatchRequest(HddsDispatcher.java:242) ~[classes/:?]
	at org.apache.hadoop.ozone.container.common.impl.HddsDispatcher.dispatch(HddsDispatcher.java:148) ~[classes/:?]
	at org.apache.hadoop.ozone.container.common.transport.server.ratis.ContainerStateMachine.dispatchCommand(ContainerStateMachine.java:374) ~[classes/:?]
	at org.apache.hadoop.ozone.container.common.transport.server.ratis.ContainerStateMachine.runCommand(ContainerStateMachine.java:381) ~[classes/:?]
	at org.apache.hadoop.ozone.container.common.transport.server.ratis.ContainerStateMachine.lambda$applyTransaction$6(ContainerStateMachine.java:647) ~[classes/:?]
	at java.util.concurrent.CompletableFuture$AsyncSupply.run(CompletableFuture.java:1590) [?:1.8.0_212]
	at java.util.concurrent.ThreadPoolExecutor.runWorker(ThreadPoolExecutor.java:1149) [?:1.8.0_212]
	at java.util.concurrent.ThreadPoolExecutor$Worker.run(ThreadPoolExecutor.java:624) [?:1.8.0_212]
	at java.lang.Thread.run(Thread.java:748) [?:1.8.0_212]
2019-07-30 18:56:39,953 INFO  impl.HddsDispatcher (ContainerUtils.java:logAndReturnError(146)) - Operation: WriteChunk : Trace ID: f8d3e070283a5be9:759764428cf6b1b9:dc3123635a897e81:0 : Message: ContainerID 3 does not exist : Result: CONTAINER_NOT_FOUND
2019-07-30 18:56:39,953 INFO  impl.HddsDispatcher (ContainerUtils.java:logAndReturnError(146)) - Operation: WriteChunk : Trace ID: f8d3e070283a5be9:759764428cf6b1b9:dc3123635a897e81:0 : Message: ContainerID 3 does not exist : Result: CONTAINER_NOT_FOUND
2019-07-30 18:56:39,954 INFO  keyvalue.KeyValueHandler (ContainerUtils.java:logAndReturnError(146)) - Operation: CreateContainer : Trace ID: 8a15c9f0e89b0c2a:cc6e3edf9e86b29:477b59e02e0d87e5:0 : Message: Container creation failed, due to disk out of space : Result: DISK_OUT_OF_SPACE
18:56:39.954 [pool-48-thread-40] ERROR DNAudit - user=null | ip=null | op=WRITE_CHUNK {blockData=conID: 3 locID: 102531923959414808 bcsId: 0} | ret=FAILURE
org.apache.hadoop.hdds.scm.container.common.helpers.StorageContainerException: ContainerID 3 creation failed
	at org.apache.hadoop.ozone.container.common.impl.HddsDispatcher.dispatchRequest(HddsDispatcher.java:227) ~[classes/:?]
	at org.apache.hadoop.ozone.container.common.impl.HddsDispatcher.dispatch(HddsDispatcher.java:148) ~[classes/:?]
	at org.apache.hadoop.ozone.container.common.transport.server.ratis.ContainerStateMachine.dispatchCommand(ContainerStateMachine.java:374) ~[classes/:?]
	at org.apache.hadoop.ozone.container.common.transport.server.ratis.ContainerStateMachine.runCommand(ContainerStateMachine.java:381) ~[classes/:?]
	at org.apache.hadoop.ozone.container.common.transport.server.ratis.ContainerStateMachine.lambda$handleWriteChunk$1(ContainerStateMachine.java:412) ~[classes/:?]
	at java.util.concurrent.CompletableFuture$AsyncSupply.run(CompletableFuture.java:1590) [?:1.8.0_212]
	at java.util.concurrent.ThreadPoolExecutor.runWorker(ThreadPoolExecutor.java:1149) [?:1.8.0_212]
	at java.util.concurrent.ThreadPoolExecutor$Worker.run(ThreadPoolExecutor.java:624) [?:1.8.0_212]
	at java.lang.Thread.run(Thread.java:748) [?:1.8.0_212]
2019-07-30 18:56:39,955 INFO  impl.HddsDispatcher (ContainerUtils.java:logAndReturnError(146)) - Operation: WriteChunk : Trace ID: 8a15c9f0e89b0c2a:cc6e3edf9e86b29:477b59e02e0d87e5:0 : Message: ContainerID 3 creation failed : Result: DISK_OUT_OF_SPACE
2019-07-30 18:56:39,956 INFO  keyvalue.KeyValueHandler (ContainerUtils.java:logAndReturnError(146)) - Operation: CreateContainer : Trace ID: 8a15c9f0e89b0c2a:cc6e3edf9e86b29:477b59e02e0d87e5:0 : Message: Container creation failed, due to disk out of space : Result: DISK_OUT_OF_SPACE
2019-07-30 18:56:39,956 INFO  keyvalue.KeyValueHandler (ContainerUtils.java:logAndReturnError(146)) - Operation: CreateContainer : Trace ID: 8a15c9f0e89b0c2a:cc6e3edf9e86b29:477b59e02e0d87e5:0 : Message: Container creation failed, due to disk out of space : Result: DISK_OUT_OF_SPACE
18:56:39.956 [pool-70-thread-14] ERROR DNAudit - user=null | ip=null | op=WRITE_CHUNK {blockData=conID: 3 locID: 102531923959414808 bcsId: 0} | ret=FAILURE
org.apache.hadoop.hdds.scm.container.common.helpers.StorageContainerException: ContainerID 3 creation failed
	at org.apache.hadoop.ozone.container.common.impl.HddsDispatcher.dispatchRequest(HddsDispatcher.java:227) ~[classes/:?]
	at org.apache.hadoop.ozone.container.common.impl.HddsDispatcher.dispatch(HddsDispatcher.java:148) ~[classes/:?]
	at org.apache.hadoop.ozone.container.common.transport.server.ratis.ContainerStateMachine.dispatchCommand(ContainerStateMachine.java:374) ~[classes/:?]
	at org.apache.hadoop.ozone.container.common.transport.server.ratis.ContainerStateMachine.runCommand(ContainerStateMachine.java:381) ~[classes/:?]
	at org.apache.hadoop.ozone.container.common.transport.server.ratis.ContainerStateMachine.lambda$handleWriteChunk$1(ContainerStateMachine.java:412) ~[classes/:?]
	at java.util.concurrent.CompletableFuture$AsyncSupply.run(CompletableFuture.java:1590) [?:1.8.0_212]
	at java.util.concurrent.ThreadPoolExecutor.runWorker(ThreadPoolExecutor.java:1149) [?:1.8.0_212]
	at java.util.concurrent.ThreadPoolExecutor$Worker.run(ThreadPoolExecutor.java:624) [?:1.8.0_212]
	at java.lang.Thread.run(Thread.java:748) [?:1.8.0_212]
2019-07-30 18:56:39,957 INFO  impl.HddsDispatcher (ContainerUtils.java:logAndReturnError(146)) - Operation: WriteChunk : Trace ID: 8a15c9f0e89b0c2a:cc6e3edf9e86b29:477b59e02e0d87e5:0 : Message: ContainerID 3 creation failed : Result: DISK_OUT_OF_SPACE
18:56:39.957 [pool-26-thread-14] ERROR DNAudit - user=null | ip=null | op=WRITE_CHUNK {blockData=conID: 3 locID: 102531923959414808 bcsId: 0} | ret=FAILURE
org.apache.hadoop.hdds.scm.container.common.helpers.StorageContainerException: ContainerID 3 creation failed
	at org.apache.hadoop.ozone.container.common.impl.HddsDispatcher.dispatchRequest(HddsDispatcher.java:227) ~[classes/:?]
	at org.apache.hadoop.ozone.container.common.impl.HddsDispatcher.dispatch(HddsDispatcher.java:148) ~[classes/:?]
	at org.apache.hadoop.ozone.container.common.transport.server.ratis.ContainerStateMachine.dispatchCommand(ContainerStateMachine.java:374) ~[classes/:?]
	at org.apache.hadoop.ozone.container.common.transport.server.ratis.ContainerStateMachine.runCommand(ContainerStateMachine.java:381) ~[classes/:?]
	at org.apache.hadoop.ozone.container.common.transport.server.ratis.ContainerStateMachine.lambda$handleWriteChunk$1(ContainerStateMachine.java:412) ~[classes/:?]
	at java.util.concurrent.CompletableFuture$AsyncSupply.run(CompletableFuture.java:1590) [?:1.8.0_212]
	at java.util.concurrent.ThreadPoolExecutor.runWorker(ThreadPoolExecutor.java:1149) [?:1.8.0_212]
	at java.util.concurrent.ThreadPoolExecutor$Worker.run(ThreadPoolExecutor.java:624) [?:1.8.0_212]
	at java.lang.Thread.run(Thread.java:748) [?:1.8.0_212]
2019-07-30 18:56:39,957 INFO  impl.HddsDispatcher (ContainerUtils.java:logAndReturnError(146)) - Operation: WriteChunk : Trace ID: 8a15c9f0e89b0c2a:cc6e3edf9e86b29:477b59e02e0d87e5:0 : Message: ContainerID 3 creation failed : Result: DISK_OUT_OF_SPACE
18:56:39.969 [RatisApplyTransactionExecutor 3] ERROR DNAudit - user=null | ip=null | op=WRITE_CHUNK {blockData=conID: 3 locID: 102531923959414808 bcsId: 0} | ret=FAILURE
org.apache.hadoop.hdds.scm.container.common.helpers.StorageContainerException: ContainerID 3 does not exist
	at org.apache.hadoop.ozone.container.common.impl.HddsDispatcher.dispatchRequest(HddsDispatcher.java:242) ~[classes/:?]
	at org.apache.hadoop.ozone.container.common.impl.HddsDispatcher.dispatch(HddsDispatcher.java:148) ~[classes/:?]
	at org.apache.hadoop.ozone.container.common.transport.server.ratis.ContainerStateMachine.dispatchCommand(ContainerStateMachine.java:374) ~[classes/:?]
	at org.apache.hadoop.ozone.container.common.transport.server.ratis.ContainerStateMachine.runCommand(ContainerStateMachine.java:381) ~[classes/:?]
	at org.apache.hadoop.ozone.container.common.transport.server.ratis.ContainerStateMachine.lambda$applyTransaction$6(ContainerStateMachine.java:647) ~[classes/:?]
	at java.util.concurrent.CompletableFuture$AsyncSupply.run(CompletableFuture.java:1590) [?:1.8.0_212]
	at java.util.concurrent.ThreadPoolExecutor.runWorker(ThreadPoolExecutor.java:1149) [?:1.8.0_212]
	at java.util.concurrent.ThreadPoolExecutor$Worker.run(ThreadPoolExecutor.java:624) [?:1.8.0_212]
	at java.lang.Thread.run(Thread.java:748) [?:1.8.0_212]
2019-07-30 18:56:39,970 INFO  impl.HddsDispatcher (ContainerUtils.java:logAndReturnError(146)) - Operation: WriteChunk : Trace ID: 8a15c9f0e89b0c2a:cc6e3edf9e86b29:477b59e02e0d87e5:0 : Message: ContainerID 3 does not exist : Result: CONTAINER_NOT_FOUND
18:56:39.974 [RatisApplyTransactionExecutor 3] ERROR DNAudit - user=null | ip=null | op=PUT_BLOCK {blockData=[blockId=conID: 3 locID: 102531923959349268 bcsId: 0,size=10240]} | ret=FAILURE
org.apache.hadoop.hdds.scm.container.common.helpers.StorageContainerException: ContainerID 3 does not exist
	at org.apache.hadoop.ozone.container.common.impl.HddsDispatcher.dispatchRequest(HddsDispatcher.java:242) ~[classes/:?]
	at org.apache.hadoop.ozone.container.common.impl.HddsDispatcher.dispatch(HddsDispatcher.java:148) ~[classes/:?]
	at org.apache.hadoop.ozone.container.common.transport.server.ratis.ContainerStateMachine.dispatchCommand(ContainerStateMachine.java:374) ~[classes/:?]
	at org.apache.hadoop.ozone.container.common.transport.server.ratis.ContainerStateMachine.runCommand(ContainerStateMachine.java:381) ~[classes/:?]
	at org.apache.hadoop.ozone.container.common.transport.server.ratis.ContainerStateMachine.lambda$applyTransaction$6(ContainerStateMachine.java:647) ~[classes/:?]
	at java.util.concurrent.CompletableFuture$AsyncSupply.run(CompletableFuture.java:1590) [?:1.8.0_212]
	at java.util.concurrent.ThreadPoolExecutor.runWorker(ThreadPoolExecutor.java:1149) [?:1.8.0_212]
	at java.util.concurrent.ThreadPoolExecutor$Worker.run(ThreadPoolExecutor.java:624) [?:1.8.0_212]
	at java.lang.Thread.run(Thread.java:748) [?:1.8.0_212]
2019-07-30 18:56:39,974 INFO  impl.HddsDispatcher (ContainerUtils.java:logAndReturnError(146)) - Operation: PutBlock : Trace ID: f8d3e070283a5be9:50652492eef7d7fc:dc3123635a897e81:0 : Message: ContainerID 3 does not exist : Result: CONTAINER_NOT_FOUND
2019-07-30 18:56:39,975 INFO  keyvalue.KeyValueHandler (ContainerUtils.java:logAndReturnError(146)) - Operation: CreateContainer : Trace ID: 1ba6cc40cc4e14e4:27349cbc0b80a22:12633bb676e0f5a:0 : Message: Container creation failed, due to disk out of space : Result: DISK_OUT_OF_SPACE
18:56:39.977 [pool-48-thread-2] ERROR DNAudit - user=null | ip=null | op=WRITE_CHUNK {blockData=conID: 3 locID: 102531923960397854 bcsId: 0} | ret=FAILURE
org.apache.hadoop.hdds.scm.container.common.helpers.StorageContainerException: ContainerID 3 creation failed
	at org.apache.hadoop.ozone.container.common.impl.HddsDispatcher.dispatchRequest(HddsDispatcher.java:227) ~[classes/:?]
	at org.apache.hadoop.ozone.container.common.impl.HddsDispatcher.dispatch(HddsDispatcher.java:148) ~[classes/:?]
	at org.apache.hadoop.ozone.container.common.transport.server.ratis.ContainerStateMachine.dispatchCommand(ContainerStateMachine.java:374) ~[classes/:?]
	at org.apache.hadoop.ozone.container.common.transport.server.ratis.ContainerStateMachine.runCommand(ContainerStateMachine.java:381) ~[classes/:?]
	at org.apache.hadoop.ozone.container.common.transport.server.ratis.ContainerStateMachine.lambda$handleWriteChunk$1(ContainerStateMachine.java:412) ~[classes/:?]
	at java.util.concurrent.CompletableFuture$AsyncSupply.run(CompletableFuture.java:1590) [?:1.8.0_212]
	at java.util.concurrent.ThreadPoolExecutor.runWorker(ThreadPoolExecutor.java:1149) [?:1.8.0_212]
	at java.util.concurrent.ThreadPoolExecutor$Worker.run(ThreadPoolExecutor.java:624) [?:1.8.0_212]
	at java.lang.Thread.run(Thread.java:748) [?:1.8.0_212]
2019-07-30 18:56:39,978 INFO  client.GrpcClientProtocolClient (GrpcClientProtocolClient.java:onNext(255)) - client-E5BBE3B31844->e7c18ed1-d699-403d-a564-75580f46a889: receive RaftClientReply:client-E5BBE3B31844->e7c18ed1-d699-403d-a564-75580f46a889@group-26BEC2E87304, cid=39, SUCCESS, logIndex=50, commits[e7c18ed1-d699-403d-a564-75580f46a889:c51, a8e08a43-06d6-4ff3-a2b7-a01daa83b6fa:c49, dee37eed-b08c-4bdc-b9df-d4cef787bd4b:c49]
18:56:39.977 [RatisApplyTransactionExecutor 3] ERROR DNAudit - user=null | ip=null | op=PUT_BLOCK {blockData=[blockId=conID: 3 locID: 102531923959414808 bcsId: 0,size=10240]} | ret=FAILURE
org.apache.hadoop.hdds.scm.container.common.helpers.StorageContainerException: ContainerID 3 does not exist
	at org.apache.hadoop.ozone.container.common.impl.HddsDispatcher.dispatchRequest(HddsDispatcher.java:242) ~[classes/:?]
	at org.apache.hadoop.ozone.container.common.impl.HddsDispatcher.dispatch(HddsDispatcher.java:148) ~[classes/:?]
	at org.apache.hadoop.ozone.container.common.transport.server.ratis.ContainerStateMachine.dispatchCommand(ContainerStateMachine.java:374) ~[classes/:?]
	at org.apache.hadoop.ozone.container.common.transport.server.ratis.ContainerStateMachine.runCommand(ContainerStateMachine.java:381) ~[classes/:?]
	at org.apache.hadoop.ozone.container.common.transport.server.ratis.ContainerStateMachine.lambda$applyTransaction$6(ContainerStateMachine.java:647) ~[classes/:?]
	at java.util.concurrent.CompletableFuture$AsyncSupply.run(CompletableFuture.java:1590) [?:1.8.0_212]
	at java.util.concurrent.ThreadPoolExecutor.runWorker(ThreadPoolExecutor.java:1149) [?:1.8.0_212]
	at java.util.concurrent.ThreadPoolExecutor$Worker.run(ThreadPoolExecutor.java:624) [?:1.8.0_212]
	at java.lang.Thread.run(Thread.java:748) [?:1.8.0_212]
2019-07-30 18:56:39,978 INFO  impl.HddsDispatcher (ContainerUtils.java:logAndReturnError(146)) - Operation: WriteChunk : Trace ID: 1ba6cc40cc4e14e4:27349cbc0b80a22:12633bb676e0f5a:0 : Message: ContainerID 3 creation failed : Result: DISK_OUT_OF_SPACE
2019-07-30 18:56:39,978 INFO  impl.HddsDispatcher (ContainerUtils.java:logAndReturnError(146)) - Operation: PutBlock : Trace ID: 8a15c9f0e89b0c2a:366cb963be5e6fc4:477b59e02e0d87e5:0 : Message: ContainerID 3 does not exist : Result: CONTAINER_NOT_FOUND
2019-07-30 18:56:39,979 INFO  client.GrpcClientProtocolClient (GrpcClientProtocolClient.java:onNext(255)) - client-E5BBE3B31844->e7c18ed1-d699-403d-a564-75580f46a889: receive RaftClientReply:client-E5BBE3B31844->e7c18ed1-d699-403d-a564-75580f46a889@group-26BEC2E87304, cid=38, SUCCESS, logIndex=51, commits[e7c18ed1-d699-403d-a564-75580f46a889:c51, a8e08a43-06d6-4ff3-a2b7-a01daa83b6fa:c49, dee37eed-b08c-4bdc-b9df-d4cef787bd4b:c49]
2019-07-30 18:56:39,979 ERROR storage.BlockOutputStream (BlockOutputStream.java:validateResponse(531)) - Unexpected Storage Container Exception: 
org.apache.hadoop.hdds.scm.container.common.helpers.StorageContainerException: ContainerID 3 does not exist
	at org.apache.hadoop.hdds.scm.storage.ContainerProtocolCalls.validateContainerResponse(ContainerProtocolCalls.java:536)
	at org.apache.hadoop.hdds.scm.storage.BlockOutputStream.validateResponse(BlockOutputStream.java:529)
	at org.apache.hadoop.hdds.scm.storage.BlockOutputStream.lambda$writeChunkToContainer$2(BlockOutputStream.java:606)
	at java.util.concurrent.CompletableFuture.uniApply(CompletableFuture.java:602)
	at java.util.concurrent.CompletableFuture$UniApply.tryFire(CompletableFuture.java:577)
	at java.util.concurrent.CompletableFuture$Completion.run(CompletableFuture.java:442)
	at java.util.concurrent.ThreadPoolExecutor.runWorker(ThreadPoolExecutor.java:1149)
	at java.util.concurrent.ThreadPoolExecutor$Worker.run(ThreadPoolExecutor.java:624)
	at java.lang.Thread.run(Thread.java:748)
2019-07-30 18:56:39,979 INFO  keyvalue.KeyValueHandler (ContainerUtils.java:logAndReturnError(146)) - Operation: CreateContainer : Trace ID: 1ba6cc40cc4e14e4:27349cbc0b80a22:12633bb676e0f5a:0 : Message: Container creation failed, due to disk out of space : Result: DISK_OUT_OF_SPACE
2019-07-30 18:56:39,980 INFO  client.GrpcClientProtocolClient (GrpcClientProtocolClient.java:onNext(255)) - client-E5BBE3B31844->e7c18ed1-d699-403d-a564-75580f46a889: receive RaftClientReply:client-E5BBE3B31844->e7c18ed1-d699-403d-a564-75580f46a889@group-26BEC2E87304, cid=34, SUCCESS, logIndex=52, commits[e7c18ed1-d699-403d-a564-75580f46a889:c53, a8e08a43-06d6-4ff3-a2b7-a01daa83b6fa:c49, dee37eed-b08c-4bdc-b9df-d4cef787bd4b:c49]
2019-07-30 18:56:39,980 INFO  keyvalue.KeyValueHandler (ContainerUtils.java:logAndReturnError(146)) - Operation: CreateContainer : Trace ID: 1ba6cc40cc4e14e4:27349cbc0b80a22:12633bb676e0f5a:0 : Message: Container creation failed, due to disk out of space : Result: DISK_OUT_OF_SPACE
18:56:39.980 [pool-70-thread-21] ERROR DNAudit - user=null | ip=null | op=WRITE_CHUNK {blockData=conID: 3 locID: 102531923960397854 bcsId: 0} | ret=FAILURE
org.apache.hadoop.hdds.scm.container.common.helpers.StorageContainerException: ContainerID 3 creation failed
	at org.apache.hadoop.ozone.container.common.impl.HddsDispatcher.dispatchRequest(HddsDispatcher.java:227) ~[classes/:?]
	at org.apache.hadoop.ozone.container.common.impl.HddsDispatcher.dispatch(HddsDispatcher.java:148) ~[classes/:?]
	at org.apache.hadoop.ozone.container.common.transport.server.ratis.ContainerStateMachine.dispatchCommand(ContainerStateMachine.java:374) ~[classes/:?]
	at org.apache.hadoop.ozone.container.common.transport.server.ratis.ContainerStateMachine.runCommand(ContainerStateMachine.java:381) ~[classes/:?]
	at org.apache.hadoop.ozone.container.common.transport.server.ratis.ContainerStateMachine.lambda$handleWriteChunk$1(ContainerStateMachine.java:412) ~[classes/:?]
	at java.util.concurrent.CompletableFuture$AsyncSupply.run(CompletableFuture.java:1590) [?:1.8.0_212]
	at java.util.concurrent.ThreadPoolExecutor.runWorker(ThreadPoolExecutor.java:1149) [?:1.8.0_212]
	at java.util.concurrent.ThreadPoolExecutor$Worker.run(ThreadPoolExecutor.java:624) [?:1.8.0_212]
	at java.lang.Thread.run(Thread.java:748) [?:1.8.0_212]
2019-07-30 18:56:39,980 INFO  impl.HddsDispatcher (ContainerUtils.java:logAndReturnError(146)) - Operation: WriteChunk : Trace ID: 1ba6cc40cc4e14e4:27349cbc0b80a22:12633bb676e0f5a:0 : Message: ContainerID 3 creation failed : Result: DISK_OUT_OF_SPACE
18:56:39.980 [pool-26-thread-21] ERROR DNAudit - user=null | ip=null | op=WRITE_CHUNK {blockData=conID: 3 locID: 102531923960397854 bcsId: 0} | ret=FAILURE
org.apache.hadoop.hdds.scm.container.common.helpers.StorageContainerException: ContainerID 3 creation failed
	at org.apache.hadoop.ozone.container.common.impl.HddsDispatcher.dispatchRequest(HddsDispatcher.java:227) ~[classes/:?]
	at org.apache.hadoop.ozone.container.common.impl.HddsDispatcher.dispatch(HddsDispatcher.java:148) ~[classes/:?]
	at org.apache.hadoop.ozone.container.common.transport.server.ratis.ContainerStateMachine.dispatchCommand(ContainerStateMachine.java:374) ~[classes/:?]
	at org.apache.hadoop.ozone.container.common.transport.server.ratis.ContainerStateMachine.runCommand(ContainerStateMachine.java:381) ~[classes/:?]
	at org.apache.hadoop.ozone.container.common.transport.server.ratis.ContainerStateMachine.lambda$handleWriteChunk$1(ContainerStateMachine.java:412) ~[classes/:?]
	at java.util.concurrent.CompletableFuture$AsyncSupply.run(CompletableFuture.java:1590) [?:1.8.0_212]
	at java.util.concurrent.ThreadPoolExecutor.runWorker(ThreadPoolExecutor.java:1149) [?:1.8.0_212]
	at java.util.concurrent.ThreadPoolExecutor$Worker.run(ThreadPoolExecutor.java:624) [?:1.8.0_212]
	at java.lang.Thread.run(Thread.java:748) [?:1.8.0_212]
2019-07-30 18:56:39,980 INFO  impl.HddsDispatcher (ContainerUtils.java:logAndReturnError(146)) - Operation: WriteChunk : Trace ID: 1ba6cc40cc4e14e4:27349cbc0b80a22:12633bb676e0f5a:0 : Message: ContainerID 3 creation failed : Result: DISK_OUT_OF_SPACE
2019-07-30 18:56:39,981 INFO  client.GrpcClientProtocolClient (GrpcClientProtocolClient.java:onNext(255)) - client-E5BBE3B31844->e7c18ed1-d699-403d-a564-75580f46a889: receive RaftClientReply:client-E5BBE3B31844->e7c18ed1-d699-403d-a564-75580f46a889@group-26BEC2E87304, cid=37, SUCCESS, logIndex=53, commits[e7c18ed1-d699-403d-a564-75580f46a889:c57, a8e08a43-06d6-4ff3-a2b7-a01daa83b6fa:c49, dee37eed-b08c-4bdc-b9df-d4cef787bd4b:c49]
2019-07-30 18:56:39,982 INFO  client.GrpcClientProtocolClient (GrpcClientProtocolClient.java:onNext(255)) - client-E5BBE3B31844->e7c18ed1-d699-403d-a564-75580f46a889: receive RaftClientReply:client-E5BBE3B31844->e7c18ed1-d699-403d-a564-75580f46a889@group-26BEC2E87304, cid=40, SUCCESS, logIndex=54, commits[e7c18ed1-d699-403d-a564-75580f46a889:c57, a8e08a43-06d6-4ff3-a2b7-a01daa83b6fa:c49, dee37eed-b08c-4bdc-b9df-d4cef787bd4b:c49]
2019-07-30 18:56:39,984 INFO  client.GrpcClientProtocolClient (GrpcClientProtocolClient.java:onNext(255)) - client-E5BBE3B31844->e7c18ed1-d699-403d-a564-75580f46a889: receive RaftClientReply:client-E5BBE3B31844->e7c18ed1-d699-403d-a564-75580f46a889@group-26BEC2E87304, cid=35, SUCCESS, logIndex=55, commits[e7c18ed1-d699-403d-a564-75580f46a889:c62, a8e08a43-06d6-4ff3-a2b7-a01daa83b6fa:c49, dee37eed-b08c-4bdc-b9df-d4cef787bd4b:c49]
2019-07-30 18:56:39,986 ERROR freon.RandomKeyGenerator (RandomKeyGenerator.java:createKey(730)) - Exception while adding key: key-0-87111 in bucket: bucket-3-12641 of volume: vol-0-68344.
java.io.IOException: Unexpected Storage Container Exception: org.apache.hadoop.hdds.scm.container.common.helpers.StorageContainerException: ContainerID 3 does not exist
	at org.apache.hadoop.hdds.scm.storage.BlockOutputStream.setIoException(BlockOutputStream.java:541)
	at org.apache.hadoop.hdds.scm.storage.BlockOutputStream.validateResponse(BlockOutputStream.java:532)
	at org.apache.hadoop.hdds.scm.storage.BlockOutputStream.lambda$writeChunkToContainer$2(BlockOutputStream.java:606)
	at java.util.concurrent.CompletableFuture.uniApply(CompletableFuture.java:602)
	at java.util.concurrent.CompletableFuture$UniApply.tryFire(CompletableFuture.java:577)
	at java.util.concurrent.CompletableFuture$Completion.run(CompletableFuture.java:442)
	at java.util.concurrent.ThreadPoolExecutor.runWorker(ThreadPoolExecutor.java:1149)
	at java.util.concurrent.ThreadPoolExecutor$Worker.run(ThreadPoolExecutor.java:624)
	at java.lang.Thread.run(Thread.java:748)
Caused by: org.apache.hadoop.hdds.scm.container.common.helpers.StorageContainerException: ContainerID 3 does not exist
	at org.apache.hadoop.hdds.scm.storage.ContainerProtocolCalls.validateContainerResponse(ContainerProtocolCalls.java:536)
	at org.apache.hadoop.hdds.scm.storage.BlockOutputStream.validateResponse(BlockOutputStream.java:529)
	... 7 more
18:56:39.987 [RatisApplyTransactionExecutor 3] ERROR DNAudit - user=null | ip=null | op=WRITE_CHUNK {blockData=conID: 3 locID: 102531923959414808 bcsId: 0} | ret=FAILURE
org.apache.hadoop.hdds.scm.container.common.helpers.StorageContainerException: ContainerID 3 does not exist
	at org.apache.hadoop.ozone.container.common.impl.HddsDispatcher.dispatchRequest(HddsDispatcher.java:242) ~[classes/:?]
	at org.apache.hadoop.ozone.container.common.impl.HddsDispatcher.dispatch(HddsDispatcher.java:148) ~[classes/:?]
	at org.apache.hadoop.ozone.container.common.transport.server.ratis.ContainerStateMachine.dispatchCommand(ContainerStateMachine.java:374) ~[classes/:?]
	at org.apache.hadoop.ozone.container.common.transport.server.ratis.ContainerStateMachine.runCommand(ContainerStateMachine.java:381) ~[classes/:?]
	at org.apache.hadoop.ozone.container.common.transport.server.ratis.ContainerStateMachine.lambda$applyTransaction$6(ContainerStateMachine.java:647) ~[classes/:?]
	at java.util.concurrent.CompletableFuture$AsyncSupply.run(CompletableFuture.java:1590) [?:1.8.0_212]
	at java.util.concurrent.ThreadPoolExecutor.runWorker(ThreadPoolExecutor.java:1149) [?:1.8.0_212]
	at java.util.concurrent.ThreadPoolExecutor$Worker.run(ThreadPoolExecutor.java:624) [?:1.8.0_212]
	at java.lang.Thread.run(Thread.java:748) [?:1.8.0_212]
2019-07-30 18:56:39,987 INFO  impl.HddsDispatcher (ContainerUtils.java:logAndReturnError(146)) - Operation: WriteChunk : Trace ID: 8a15c9f0e89b0c2a:cc6e3edf9e86b29:477b59e02e0d87e5:0 : Message: ContainerID 3 does not exist : Result: CONTAINER_NOT_FOUND
2019-07-30 18:56:39,987 INFO  client.GrpcClientProtocolClient (GrpcClientProtocolClient.java:onNext(255)) - client-E5BBE3B31844->e7c18ed1-d699-403d-a564-75580f46a889: receive RaftClientReply:client-E5BBE3B31844->e7c18ed1-d699-403d-a564-75580f46a889@group-26BEC2E87304, cid=41, SUCCESS, logIndex=56, commits[e7c18ed1-d699-403d-a564-75580f46a889:c62, a8e08a43-06d6-4ff3-a2b7-a01daa83b6fa:c49, dee37eed-b08c-4bdc-b9df-d4cef787bd4b:c49]
2019-07-30 18:56:39,993 ERROR freon.RandomKeyGenerator (RandomKeyGenerator.java:createKey(730)) - Exception while adding key: key-0-46640 in bucket: bucket-0-70540 of volume: vol-0-68344.
java.io.IOException: Unexpected Storage Container Exception: org.apache.hadoop.hdds.scm.container.common.helpers.StorageContainerException: ContainerID 3 does not exist
	at org.apache.hadoop.hdds.scm.storage.BlockOutputStream.setIoException(BlockOutputStream.java:541)
	at org.apache.hadoop.hdds.scm.storage.BlockOutputStream.validateResponse(BlockOutputStream.java:532)
	at org.apache.hadoop.hdds.scm.storage.BlockOutputStream.lambda$writeChunkToContainer$2(BlockOutputStream.java:606)
	at java.util.concurrent.CompletableFuture.uniApply(CompletableFuture.java:602)
	at java.util.concurrent.CompletableFuture$UniApply.tryFire(CompletableFuture.java:577)
	at java.util.concurrent.CompletableFuture$Completion.run(CompletableFuture.java:442)
	at java.util.concurrent.ThreadPoolExecutor.runWorker(ThreadPoolExecutor.java:1149)
	at java.util.concurrent.ThreadPoolExecutor$Worker.run(ThreadPoolExecutor.java:624)
	at java.lang.Thread.run(Thread.java:748)
Caused by: org.apache.hadoop.hdds.scm.container.common.helpers.StorageContainerException: ContainerID 3 does not exist
	at org.apache.hadoop.hdds.scm.storage.ContainerProtocolCalls.validateContainerResponse(ContainerProtocolCalls.java:536)
	at org.apache.hadoop.hdds.scm.storage.BlockOutputStream.validateResponse(BlockOutputStream.java:529)
	... 7 more
2019-07-30 18:56:39,994 INFO  client.GrpcClientProtocolClient (GrpcClientProtocolClient.java:onNext(255)) - client-E5BBE3B31844->e7c18ed1-d699-403d-a564-75580f46a889: receive RaftClientReply:client-E5BBE3B31844->e7c18ed1-d699-403d-a564-75580f46a889@group-26BEC2E87304, cid=42, SUCCESS, logIndex=57, commits[e7c18ed1-d699-403d-a564-75580f46a889:c57, a8e08a43-06d6-4ff3-a2b7-a01daa83b6fa:c49, dee37eed-b08c-4bdc-b9df-d4cef787bd4b:c49]
18:56:39.994 [RatisApplyTransactionExecutor 3] ERROR DNAudit - user=null | ip=null | op=WRITE_CHUNK {blockData=conID: 3 locID: 102531923959414808 bcsId: 0} | ret=FAILURE
org.apache.hadoop.hdds.scm.container.common.helpers.StorageContainerException: ContainerID 3 does not exist
	at org.apache.hadoop.ozone.container.common.impl.HddsDispatcher.dispatchRequest(HddsDispatcher.java:242) ~[classes/:?]
	at org.apache.hadoop.ozone.container.common.impl.HddsDispatcher.dispatch(HddsDispatcher.java:148) ~[classes/:?]
	at org.apache.hadoop.ozone.container.common.transport.server.ratis.ContainerStateMachine.dispatchCommand(ContainerStateMachine.java:374) ~[classes/:?]
	at org.apache.hadoop.ozone.container.common.transport.server.ratis.ContainerStateMachine.runCommand(ContainerStateMachine.java:381) ~[classes/:?]
	at org.apache.hadoop.ozone.container.common.transport.server.ratis.ContainerStateMachine.lambda$applyTransaction$6(ContainerStateMachine.java:647) ~[classes/:?]
	at java.util.concurrent.CompletableFuture$AsyncSupply.run(CompletableFuture.java:1590) [?:1.8.0_212]
	at java.util.concurrent.ThreadPoolExecutor.runWorker(ThreadPoolExecutor.java:1149) [?:1.8.0_212]
	at java.util.concurrent.ThreadPoolExecutor$Worker.run(ThreadPoolExecutor.java:624) [?:1.8.0_212]
	at java.lang.Thread.run(Thread.java:748) [?:1.8.0_212]
2019-07-30 18:56:39,995 INFO  impl.HddsDispatcher (ContainerUtils.java:logAndReturnError(146)) - Operation: WriteChunk : Trace ID: 8a15c9f0e89b0c2a:cc6e3edf9e86b29:477b59e02e0d87e5:0 : Message: ContainerID 3 does not exist : Result: CONTAINER_NOT_FOUND
2019-07-30 18:56:39,995 INFO  client.GrpcClientProtocolClient (GrpcClientProtocolClient.java:onNext(255)) - client-E5BBE3B31844->e7c18ed1-d699-403d-a564-75580f46a889: receive RaftClientReply:client-E5BBE3B31844->e7c18ed1-d699-403d-a564-75580f46a889@group-26BEC2E87304, cid=44, SUCCESS, logIndex=58, commits[e7c18ed1-d699-403d-a564-75580f46a889:c62, a8e08a43-06d6-4ff3-a2b7-a01daa83b6fa:c49, dee37eed-b08c-4bdc-b9df-d4cef787bd4b:c49]
2019-07-30 18:56:39,996 INFO  client.GrpcClientProtocolClient (GrpcClientProtocolClient.java:onNext(255)) - client-E5BBE3B31844->e7c18ed1-d699-403d-a564-75580f46a889: receive RaftClientReply:client-E5BBE3B31844->e7c18ed1-d699-403d-a564-75580f46a889@group-26BEC2E87304, cid=45, SUCCESS, logIndex=59, commits[e7c18ed1-d699-403d-a564-75580f46a889:c62, a8e08a43-06d6-4ff3-a2b7-a01daa83b6fa:c49, dee37eed-b08c-4bdc-b9df-d4cef787bd4b:c49]
2019-07-30 18:56:40,001 INFO  client.GrpcClientProtocolClient (GrpcClientProtocolClient.java:onNext(255)) - client-E5BBE3B31844->e7c18ed1-d699-403d-a564-75580f46a889: receive RaftClientReply:client-E5BBE3B31844->e7c18ed1-d699-403d-a564-75580f46a889@group-26BEC2E87304, cid=43, SUCCESS, logIndex=60, commits[e7c18ed1-d699-403d-a564-75580f46a889:c62, a8e08a43-06d6-4ff3-a2b7-a01daa83b6fa:c49, dee37eed-b08c-4bdc-b9df-d4cef787bd4b:c49]
2019-07-30 18:56:40,001 INFO  client.GrpcClientProtocolClient (GrpcClientProtocolClient.java:onNext(255)) - client-E5BBE3B31844->e7c18ed1-d699-403d-a564-75580f46a889: receive RaftClientReply:client-E5BBE3B31844->e7c18ed1-d699-403d-a564-75580f46a889@group-26BEC2E87304, cid=46, SUCCESS, logIndex=61, commits[e7c18ed1-d699-403d-a564-75580f46a889:c62, a8e08a43-06d6-4ff3-a2b7-a01daa83b6fa:c49, dee37eed-b08c-4bdc-b9df-d4cef787bd4b:c49]
2019-07-30 18:56:40,007 INFO  client.GrpcClientProtocolClient (GrpcClientProtocolClient.java:onNext(255)) - client-E5BBE3B31844->e7c18ed1-d699-403d-a564-75580f46a889: receive RaftClientReply:client-E5BBE3B31844->e7c18ed1-d699-403d-a564-75580f46a889@group-26BEC2E87304, cid=47, SUCCESS, logIndex=62, commits[e7c18ed1-d699-403d-a564-75580f46a889:c62, a8e08a43-06d6-4ff3-a2b7-a01daa83b6fa:c49, dee37eed-b08c-4bdc-b9df-d4cef787bd4b:c49]
18:56:40.007 [RatisApplyTransactionExecutor 3] ERROR DNAudit - user=null | ip=null | op=PUT_BLOCK {blockData=[blockId=conID: 3 locID: 102531923959349268 bcsId: 0,size=10240]} | ret=FAILURE
org.apache.hadoop.hdds.scm.container.common.helpers.StorageContainerException: ContainerID 3 does not exist
	at org.apache.hadoop.ozone.container.common.impl.HddsDispatcher.dispatchRequest(HddsDispatcher.java:242) ~[classes/:?]
	at org.apache.hadoop.ozone.container.common.impl.HddsDispatcher.dispatch(HddsDispatcher.java:148) ~[classes/:?]
	at org.apache.hadoop.ozone.container.common.transport.server.ratis.ContainerStateMachine.dispatchCommand(ContainerStateMachine.java:374) ~[classes/:?]
	at org.apache.hadoop.ozone.container.common.transport.server.ratis.ContainerStateMachine.runCommand(ContainerStateMachine.java:381) ~[classes/:?]
	at org.apache.hadoop.ozone.container.common.transport.server.ratis.ContainerStateMachine.lambda$applyTransaction$6(ContainerStateMachine.java:647) ~[classes/:?]
	at java.util.concurrent.CompletableFuture$AsyncSupply.run(CompletableFuture.java:1590) [?:1.8.0_212]
	at java.util.concurrent.ThreadPoolExecutor.runWorker(ThreadPoolExecutor.java:1149) [?:1.8.0_212]
	at java.util.concurrent.ThreadPoolExecutor$Worker.run(ThreadPoolExecutor.java:624) [?:1.8.0_212]
	at java.lang.Thread.run(Thread.java:748) [?:1.8.0_212]
18:56:40.007 [RatisApplyTransactionExecutor 3] ERROR DNAudit - user=null | ip=null | op=PUT_BLOCK {blockData=[blockId=conID: 3 locID: 102531923959349268 bcsId: 0,size=10240]} | ret=FAILURE
org.apache.hadoop.hdds.scm.container.common.helpers.StorageContainerException: ContainerID 3 does not exist
	at org.apache.hadoop.ozone.container.common.impl.HddsDispatcher.dispatchRequest(HddsDispatcher.java:242) ~[classes/:?]
	at org.apache.hadoop.ozone.container.common.impl.HddsDispatcher.dispatch(HddsDispatcher.java:148) ~[classes/:?]
	at org.apache.hadoop.ozone.container.common.transport.server.ratis.ContainerStateMachine.dispatchCommand(ContainerStateMachine.java:374) ~[classes/:?]
	at org.apache.hadoop.ozone.container.common.transport.server.ratis.ContainerStateMachine.runCommand(ContainerStateMachine.java:381) ~[classes/:?]
	at org.apache.hadoop.ozone.container.common.transport.server.ratis.ContainerStateMachine.lambda$applyTransaction$6(ContainerStateMachine.java:647) ~[classes/:?]
	at java.util.concurrent.CompletableFuture$AsyncSupply.run(CompletableFuture.java:1590) [?:1.8.0_212]
	at java.util.concurrent.ThreadPoolExecutor.runWorker(ThreadPoolExecutor.java:1149) [?:1.8.0_212]
	at java.util.concurrent.ThreadPoolExecutor$Worker.run(ThreadPoolExecutor.java:624) [?:1.8.0_212]
	at java.lang.Thread.run(Thread.java:748) [?:1.8.0_212]
2019-07-30 18:56:40,007 INFO  impl.HddsDispatcher (ContainerUtils.java:logAndReturnError(146)) - Operation: PutBlock : Trace ID: f8d3e070283a5be9:50652492eef7d7fc:dc3123635a897e81:0 : Message: ContainerID 3 does not exist : Result: CONTAINER_NOT_FOUND
2019-07-30 18:56:40,008 INFO  impl.HddsDispatcher (ContainerUtils.java:logAndReturnError(146)) - Operation: PutBlock : Trace ID: f8d3e070283a5be9:50652492eef7d7fc:dc3123635a897e81:0 : Message: ContainerID 3 does not exist : Result: CONTAINER_NOT_FOUND
2019-07-30 18:56:40,008 INFO  client.GrpcClientProtocolClient (GrpcClientProtocolClient.java:onNext(255)) - client-E5BBE3B31844->e7c18ed1-d699-403d-a564-75580f46a889: receive RaftClientReply:client-E5BBE3B31844->e7c18ed1-d699-403d-a564-75580f46a889@group-26BEC2E87304, cid=48, SUCCESS, logIndex=63, commits[e7c18ed1-d699-403d-a564-75580f46a889:c64, a8e08a43-06d6-4ff3-a2b7-a01daa83b6fa:c49, dee37eed-b08c-4bdc-b9df-d4cef787bd4b:c52]
18:56:40.010 [RatisApplyTransactionExecutor 3] ERROR DNAudit - user=null | ip=null | op=PUT_BLOCK {blockData=[blockId=conID: 3 locID: 102531923959414808 bcsId: 0,size=10240]} | ret=FAILURE
org.apache.hadoop.hdds.scm.container.common.helpers.StorageContainerException: ContainerID 3 does not exist
	at org.apache.hadoop.ozone.container.common.impl.HddsDispatcher.dispatchRequest(HddsDispatcher.java:242) ~[classes/:?]
	at org.apache.hadoop.ozone.container.common.impl.HddsDispatcher.dispatch(HddsDispatcher.java:148) ~[classes/:?]
	at org.apache.hadoop.ozone.container.common.transport.server.ratis.ContainerStateMachine.dispatchCommand(ContainerStateMachine.java:374) ~[classes/:?]
	at org.apache.hadoop.ozone.container.common.transport.server.ratis.ContainerStateMachine.runCommand(ContainerStateMachine.java:381) ~[classes/:?]
	at org.apache.hadoop.ozone.container.common.transport.server.ratis.ContainerStateMachine.lambda$applyTransaction$6(ContainerStateMachine.java:647) ~[classes/:?]
	at java.util.concurrent.CompletableFuture$AsyncSupply.run(CompletableFuture.java:1590) [?:1.8.0_212]
	at java.util.concurrent.ThreadPoolExecutor.runWorker(ThreadPoolExecutor.java:1149) [?:1.8.0_212]
	at java.util.concurrent.ThreadPoolExecutor$Worker.run(ThreadPoolExecutor.java:624) [?:1.8.0_212]
	at java.lang.Thread.run(Thread.java:748) [?:1.8.0_212]
2019-07-30 18:56:40,010 INFO  impl.HddsDispatcher (ContainerUtils.java:logAndReturnError(146)) - Operation: PutBlock : Trace ID: 8a15c9f0e89b0c2a:366cb963be5e6fc4:477b59e02e0d87e5:0 : Message: ContainerID 3 does not exist : Result: CONTAINER_NOT_FOUND
2019-07-30 18:56:40,010 INFO  client.GrpcClientProtocolClient (GrpcClientProtocolClient.java:onNext(255)) - client-E5BBE3B31844->e7c18ed1-d699-403d-a564-75580f46a889: receive RaftClientReply:client-E5BBE3B31844->e7c18ed1-d699-403d-a564-75580f46a889@group-26BEC2E87304, cid=49, SUCCESS, logIndex=66, commits[e7c18ed1-d699-403d-a564-75580f46a889:c66, a8e08a43-06d6-4ff3-a2b7-a01daa83b6fa:c52, dee37eed-b08c-4bdc-b9df-d4cef787bd4b:c53]
18:56:40.010 [RatisApplyTransactionExecutor 3] ERROR DNAudit - user=null | ip=null | op=WRITE_CHUNK {blockData=conID: 3 locID: 102531923960397854 bcsId: 0} | ret=FAILURE
org.apache.hadoop.hdds.scm.container.common.helpers.StorageContainerException: ContainerID 3 does not exist
	at org.apache.hadoop.ozone.container.common.impl.HddsDispatcher.dispatchRequest(HddsDispatcher.java:242) ~[classes/:?]
	at org.apache.hadoop.ozone.container.common.impl.HddsDispatcher.dispatch(HddsDispatcher.java:148) ~[classes/:?]
	at org.apache.hadoop.ozone.container.common.transport.server.ratis.ContainerStateMachine.dispatchCommand(ContainerStateMachine.java:374) ~[classes/:?]
	at org.apache.hadoop.ozone.container.common.transport.server.ratis.ContainerStateMachine.runCommand(ContainerStateMachine.java:381) ~[classes/:?]
	at org.apache.hadoop.ozone.container.common.transport.server.ratis.ContainerStateMachine.lambda$applyTransaction$6(ContainerStateMachine.java:647) ~[classes/:?]
	at java.util.concurrent.CompletableFuture$AsyncSupply.run(CompletableFuture.java:1590) [?:1.8.0_212]
	at java.util.concurrent.ThreadPoolExecutor.runWorker(ThreadPoolExecutor.java:1149) [?:1.8.0_212]
	at java.util.concurrent.ThreadPoolExecutor$Worker.run(ThreadPoolExecutor.java:624) [?:1.8.0_212]
	at java.lang.Thread.run(Thread.java:748) [?:1.8.0_212]
18:56:40.010 [RatisApplyTransactionExecutor 3] ERROR DNAudit - user=null | ip=null | op=PUT_BLOCK {blockData=[blockId=conID: 3 locID: 102531923959414808 bcsId: 0,size=10240]} | ret=FAILURE
org.apache.hadoop.hdds.scm.container.common.helpers.StorageContainerException: ContainerID 3 does not exist
	at org.apache.hadoop.ozone.container.common.impl.HddsDispatcher.dispatchRequest(HddsDispatcher.java:242) ~[classes/:?]
	at org.apache.hadoop.ozone.container.common.impl.HddsDispatcher.dispatch(HddsDispatcher.java:148) ~[classes/:?]
	at org.apache.hadoop.ozone.container.common.transport.server.ratis.ContainerStateMachine.dispatchCommand(ContainerStateMachine.java:374) ~[classes/:?]
	at org.apache.hadoop.ozone.container.common.transport.server.ratis.ContainerStateMachine.runCommand(ContainerStateMachine.java:381) ~[classes/:?]
	at org.apache.hadoop.ozone.container.common.transport.server.ratis.ContainerStateMachine.lambda$applyTransaction$6(ContainerStateMachine.java:647) ~[classes/:?]
	at java.util.concurrent.CompletableFuture$AsyncSupply.run(CompletableFuture.java:1590) [?:1.8.0_212]
	at java.util.concurrent.ThreadPoolExecutor.runWorker(ThreadPoolExecutor.java:1149) [?:1.8.0_212]
	at java.util.concurrent.ThreadPoolExecutor$Worker.run(ThreadPoolExecutor.java:624) [?:1.8.0_212]
	at java.lang.Thread.run(Thread.java:748) [?:1.8.0_212]
2019-07-30 18:56:40,011 INFO  impl.HddsDispatcher (ContainerUtils.java:logAndReturnError(146)) - Operation: WriteChunk : Trace ID: 1ba6cc40cc4e14e4:27349cbc0b80a22:12633bb676e0f5a:0 : Message: ContainerID 3 does not exist : Result: CONTAINER_NOT_FOUND
2019-07-30 18:56:40,011 INFO  impl.HddsDispatcher (ContainerUtils.java:logAndReturnError(146)) - Operation: PutBlock : Trace ID: 8a15c9f0e89b0c2a:366cb963be5e6fc4:477b59e02e0d87e5:0 : Message: ContainerID 3 does not exist : Result: CONTAINER_NOT_FOUND
2019-07-30 18:56:40,011 INFO  client.GrpcClientProtocolClient (GrpcClientProtocolClient.java:onNext(255)) - client-E5BBE3B31844->e7c18ed1-d699-403d-a564-75580f46a889: receive RaftClientReply:client-E5BBE3B31844->e7c18ed1-d699-403d-a564-75580f46a889@group-26BEC2E87304, cid=54, SUCCESS, logIndex=0, commits[e7c18ed1-d699-403d-a564-75580f46a889:c69, a8e08a43-06d6-4ff3-a2b7-a01daa83b6fa:c57, dee37eed-b08c-4bdc-b9df-d4cef787bd4b:c57]
18:56:40.019 [RatisApplyTransactionExecutor 3] ERROR DNAudit - user=null | ip=null | op=PUT_BLOCK {blockData=[blockId=conID: 3 locID: 102531923960397854 bcsId: 0,size=10240]} | ret=FAILURE
org.apache.hadoop.hdds.scm.container.common.helpers.StorageContainerException: ContainerID 3 does not exist
	at org.apache.hadoop.ozone.container.common.impl.HddsDispatcher.dispatchRequest(HddsDispatcher.java:242) ~[classes/:?]
	at org.apache.hadoop.ozone.container.common.impl.HddsDispatcher.dispatch(HddsDispatcher.java:148) ~[classes/:?]
	at org.apache.hadoop.ozone.container.common.transport.server.ratis.ContainerStateMachine.dispatchCommand(ContainerStateMachine.java:374) ~[classes/:?]
	at org.apache.hadoop.ozone.container.common.transport.server.ratis.ContainerStateMachine.runCommand(ContainerStateMachine.java:381) ~[classes/:?]
	at org.apache.hadoop.ozone.container.common.transport.server.ratis.ContainerStateMachine.lambda$applyTransaction$6(ContainerStateMachine.java:647) ~[classes/:?]
	at java.util.concurrent.CompletableFuture$AsyncSupply.run(CompletableFuture.java:1590) [?:1.8.0_212]
	at java.util.concurrent.ThreadPoolExecutor.runWorker(ThreadPoolExecutor.java:1149) [?:1.8.0_212]
	at java.util.concurrent.ThreadPoolExecutor$Worker.run(ThreadPoolExecutor.java:624) [?:1.8.0_212]
	at java.lang.Thread.run(Thread.java:748) [?:1.8.0_212]
2019-07-30 18:56:40,019 INFO  impl.HddsDispatcher (ContainerUtils.java:logAndReturnError(146)) - Operation: PutBlock : Trace ID: 1ba6cc40cc4e14e4:1ec369f6b7716512:12633bb676e0f5a:0 : Message: ContainerID 3 does not exist : Result: CONTAINER_NOT_FOUND
2019-07-30 18:56:40,020 INFO  client.GrpcClientProtocolClient (GrpcClientProtocolClient.java:onNext(255)) - client-E5BBE3B31844->e7c18ed1-d699-403d-a564-75580f46a889: receive RaftClientReply:client-E5BBE3B31844->e7c18ed1-d699-403d-a564-75580f46a889@group-26BEC2E87304, cid=50, SUCCESS, logIndex=70, commits[e7c18ed1-d699-403d-a564-75580f46a889:c73, a8e08a43-06d6-4ff3-a2b7-a01daa83b6fa:c62, dee37eed-b08c-4bdc-b9df-d4cef787bd4b:c57]
2019-07-30 18:56:40,021 INFO  client.GrpcClientProtocolClient (GrpcClientProtocolClient.java:onNext(255)) - client-E5BBE3B31844->e7c18ed1-d699-403d-a564-75580f46a889: receive RaftClientReply:client-E5BBE3B31844->e7c18ed1-d699-403d-a564-75580f46a889@group-26BEC2E87304, cid=51, SUCCESS, logIndex=72, commits[e7c18ed1-d699-403d-a564-75580f46a889:c73, a8e08a43-06d6-4ff3-a2b7-a01daa83b6fa:c62, dee37eed-b08c-4bdc-b9df-d4cef787bd4b:c62]
2019-07-30 18:56:40,021 ERROR storage.BlockOutputStream (BlockOutputStream.java:validateResponse(531)) - Unexpected Storage Container Exception: 
org.apache.hadoop.hdds.scm.container.common.helpers.StorageContainerException: ContainerID 3 does not exist
	at org.apache.hadoop.hdds.scm.storage.ContainerProtocolCalls.validateContainerResponse(ContainerProtocolCalls.java:536)
	at org.apache.hadoop.hdds.scm.storage.BlockOutputStream.validateResponse(BlockOutputStream.java:529)
	at org.apache.hadoop.hdds.scm.storage.BlockOutputStream.lambda$writeChunkToContainer$2(BlockOutputStream.java:606)
	at java.util.concurrent.CompletableFuture.uniApply(CompletableFuture.java:602)
	at java.util.concurrent.CompletableFuture$UniApply.tryFire(CompletableFuture.java:577)
	at java.util.concurrent.CompletableFuture$Completion.run(CompletableFuture.java:442)
	at java.util.concurrent.ThreadPoolExecutor.runWorker(ThreadPoolExecutor.java:1149)
	at java.util.concurrent.ThreadPoolExecutor$Worker.run(ThreadPoolExecutor.java:624)
	at java.lang.Thread.run(Thread.java:748)
2019-07-30 18:56:40,021 INFO  client.GrpcClientProtocolClient (GrpcClientProtocolClient.java:onNext(255)) - client-E5BBE3B31844->e7c18ed1-d699-403d-a564-75580f46a889: receive RaftClientReply:client-E5BBE3B31844->e7c18ed1-d699-403d-a564-75580f46a889@group-26BEC2E87304, cid=55, SUCCESS, logIndex=0, commits[e7c18ed1-d699-403d-a564-75580f46a889:c73, a8e08a43-06d6-4ff3-a2b7-a01daa83b6fa:c62, dee37eed-b08c-4bdc-b9df-d4cef787bd4b:c62]
2019-07-30 18:56:40,025 ERROR freon.RandomKeyGenerator (RandomKeyGenerator.java:createKey(730)) - Exception while adding key: key-0-79071 in bucket: bucket-1-14552 of volume: vol-1-01715.
java.io.IOException: Unexpected Storage Container Exception: org.apache.hadoop.hdds.scm.container.common.helpers.StorageContainerException: ContainerID 3 does not exist
	at org.apache.hadoop.hdds.scm.storage.BlockOutputStream.setIoException(BlockOutputStream.java:541)
	at org.apache.hadoop.hdds.scm.storage.BlockOutputStream.validateResponse(BlockOutputStream.java:532)
	at org.apache.hadoop.hdds.scm.storage.BlockOutputStream.lambda$writeChunkToContainer$2(BlockOutputStream.java:606)
	at java.util.concurrent.CompletableFuture.uniApply(CompletableFuture.java:602)
	at java.util.concurrent.CompletableFuture$UniApply.tryFire(CompletableFuture.java:577)
	at java.util.concurrent.CompletableFuture$Completion.run(CompletableFuture.java:442)
	at java.util.concurrent.ThreadPoolExecutor.runWorker(ThreadPoolExecutor.java:1149)
	at java.util.concurrent.ThreadPoolExecutor$Worker.run(ThreadPoolExecutor.java:624)
	at java.lang.Thread.run(Thread.java:748)
Caused by: org.apache.hadoop.hdds.scm.container.common.helpers.StorageContainerException: ContainerID 3 does not exist
	at org.apache.hadoop.hdds.scm.storage.ContainerProtocolCalls.validateContainerResponse(ContainerProtocolCalls.java:536)
	at org.apache.hadoop.hdds.scm.storage.BlockOutputStream.validateResponse(BlockOutputStream.java:529)
	... 7 more
2019-07-30 18:56:40,022 INFO  client.GrpcClientProtocolClient (GrpcClientProtocolClient.java:onNext(255)) - client-E5BBE3B31844->e7c18ed1-d699-403d-a564-75580f46a889: receive RaftClientReply:client-E5BBE3B31844->e7c18ed1-d699-403d-a564-75580f46a889@group-26BEC2E87304, cid=52, SUCCESS, logIndex=73, commits[e7c18ed1-d699-403d-a564-75580f46a889:c73, a8e08a43-06d6-4ff3-a2b7-a01daa83b6fa:c62, dee37eed-b08c-4bdc-b9df-d4cef787bd4b:c57]
2019-07-30 18:56:40,026 INFO  client.GrpcClientProtocolClient (GrpcClientProtocolClient.java:onNext(255)) - client-E5BBE3B31844->e7c18ed1-d699-403d-a564-75580f46a889: receive RaftClientReply:client-E5BBE3B31844->e7c18ed1-d699-403d-a564-75580f46a889@group-26BEC2E87304, cid=56, SUCCESS, logIndex=0, commits[e7c18ed1-d699-403d-a564-75580f46a889:c73, a8e08a43-06d6-4ff3-a2b7-a01daa83b6fa:c62, dee37eed-b08c-4bdc-b9df-d4cef787bd4b:c62]
2019-07-30 18:56:40,026 INFO  client.GrpcClientProtocolClient (GrpcClientProtocolClient.java:onNext(255)) - client-E5BBE3B31844->e7c18ed1-d699-403d-a564-75580f46a889: receive RaftClientReply:client-E5BBE3B31844->e7c18ed1-d699-403d-a564-75580f46a889@group-26BEC2E87304, cid=57, SUCCESS, logIndex=0, commits[e7c18ed1-d699-403d-a564-75580f46a889:c74, a8e08a43-06d6-4ff3-a2b7-a01daa83b6fa:c62, dee37eed-b08c-4bdc-b9df-d4cef787bd4b:c62]
2019-07-30 18:56:40,027 INFO  client.GrpcClientProtocolClient (GrpcClientProtocolClient.java:onNext(255)) - client-E5BBE3B31844->e7c18ed1-d699-403d-a564-75580f46a889: receive RaftClientReply:client-E5BBE3B31844->e7c18ed1-d699-403d-a564-75580f46a889@group-26BEC2E87304, cid=53, SUCCESS, logIndex=74, commits[e7c18ed1-d699-403d-a564-75580f46a889:c75, a8e08a43-06d6-4ff3-a2b7-a01daa83b6fa:c63, dee37eed-b08c-4bdc-b9df-d4cef787bd4b:c62]
2019-07-30 18:56:40,027 INFO  client.GrpcClientProtocolClient (GrpcClientProtocolClient.java:onNext(255)) - client-E5BBE3B31844->e7c18ed1-d699-403d-a564-75580f46a889: receive RaftClientReply:client-E5BBE3B31844->e7c18ed1-d699-403d-a564-75580f46a889@group-26BEC2E87304, cid=58, SUCCESS, logIndex=0, commits[e7c18ed1-d699-403d-a564-75580f46a889:c74, a8e08a43-06d6-4ff3-a2b7-a01daa83b6fa:c62, dee37eed-b08c-4bdc-b9df-d4cef787bd4b:c62]
2019-07-30 18:56:40,028 INFO  client.GrpcClientProtocolClient (GrpcClientProtocolClient.java:onNext(255)) - client-E5BBE3B31844->e7c18ed1-d699-403d-a564-75580f46a889: receive RaftClientReply:client-E5BBE3B31844->e7c18ed1-d699-403d-a564-75580f46a889@group-26BEC2E87304, cid=59, SUCCESS, logIndex=0, commits[e7c18ed1-d699-403d-a564-75580f46a889:c76, a8e08a43-06d6-4ff3-a2b7-a01daa83b6fa:c66, dee37eed-b08c-4bdc-b9df-d4cef787bd4b:c66]
18:56:40.030 [RatisApplyTransactionExecutor 3] ERROR DNAudit - user=null | ip=null | op=WRITE_CHUNK {blockData=conID: 3 locID: 102531923960397854 bcsId: 0} | ret=FAILURE
org.apache.hadoop.hdds.scm.container.common.helpers.StorageContainerException: ContainerID 3 does not exist
	at org.apache.hadoop.ozone.container.common.impl.HddsDispatcher.dispatchRequest(HddsDispatcher.java:242) ~[classes/:?]
	at org.apache.hadoop.ozone.container.common.impl.HddsDispatcher.dispatch(HddsDispatcher.java:148) ~[classes/:?]
	at org.apache.hadoop.ozone.container.common.transport.server.ratis.ContainerStateMachine.dispatchCommand(ContainerStateMachine.java:374) ~[classes/:?]
	at org.apache.hadoop.ozone.container.common.transport.server.ratis.ContainerStateMachine.runCommand(ContainerStateMachine.java:381) ~[classes/:?]
	at org.apache.hadoop.ozone.container.common.transport.server.ratis.ContainerStateMachine.lambda$applyTransaction$6(ContainerStateMachine.java:647) ~[classes/:?]
	at java.util.concurrent.CompletableFuture$AsyncSupply.run(CompletableFuture.java:1590) [?:1.8.0_212]
	at java.util.concurrent.ThreadPoolExecutor.runWorker(ThreadPoolExecutor.java:1149) [?:1.8.0_212]
	at java.util.concurrent.ThreadPoolExecutor$Worker.run(ThreadPoolExecutor.java:624) [?:1.8.0_212]
	at java.lang.Thread.run(Thread.java:748) [?:1.8.0_212]
2019-07-30 18:56:40,031 INFO  impl.HddsDispatcher (ContainerUtils.java:logAndReturnError(146)) - Operation: WriteChunk : Trace ID: 1ba6cc40cc4e14e4:27349cbc0b80a22:12633bb676e0f5a:0 : Message: ContainerID 3 does not exist : Result: CONTAINER_NOT_FOUND
18:56:40.031 [RatisApplyTransactionExecutor 3] ERROR DNAudit - user=null | ip=null | op=WRITE_CHUNK {blockData=conID: 3 locID: 102531923960397854 bcsId: 0} | ret=FAILURE
org.apache.hadoop.hdds.scm.container.common.helpers.StorageContainerException: ContainerID 3 does not exist
	at org.apache.hadoop.ozone.container.common.impl.HddsDispatcher.dispatchRequest(HddsDispatcher.java:242) ~[classes/:?]
	at org.apache.hadoop.ozone.container.common.impl.HddsDispatcher.dispatch(HddsDispatcher.java:148) ~[classes/:?]
	at org.apache.hadoop.ozone.container.common.transport.server.ratis.ContainerStateMachine.dispatchCommand(ContainerStateMachine.java:374) ~[classes/:?]
	at org.apache.hadoop.ozone.container.common.transport.server.ratis.ContainerStateMachine.runCommand(ContainerStateMachine.java:381) ~[classes/:?]
	at org.apache.hadoop.ozone.container.common.transport.server.ratis.ContainerStateMachine.lambda$applyTransaction$6(ContainerStateMachine.java:647) ~[classes/:?]
	at java.util.concurrent.CompletableFuture$AsyncSupply.run(CompletableFuture.java:1590) [?:1.8.0_212]
	at java.util.concurrent.ThreadPoolExecutor.runWorker(ThreadPoolExecutor.java:1149) [?:1.8.0_212]
	at java.util.concurrent.ThreadPoolExecutor$Worker.run(ThreadPoolExecutor.java:624) [?:1.8.0_212]
	at java.lang.Thread.run(Thread.java:748) [?:1.8.0_212]
2019-07-30 18:56:40,031 INFO  impl.HddsDispatcher (ContainerUtils.java:logAndReturnError(146)) - Operation: WriteChunk : Trace ID: 1ba6cc40cc4e14e4:27349cbc0b80a22:12633bb676e0f5a:0 : Message: ContainerID 3 does not exist : Result: CONTAINER_NOT_FOUND
18:56:40.031 [RatisApplyTransactionExecutor 3] ERROR DNAudit - user=null | ip=null | op=PUT_BLOCK {blockData=[blockId=conID: 3 locID: 102531923960397854 bcsId: 0,size=10240]} | ret=FAILURE
org.apache.hadoop.hdds.scm.container.common.helpers.StorageContainerException: ContainerID 3 does not exist
	at org.apache.hadoop.ozone.container.common.impl.HddsDispatcher.dispatchRequest(HddsDispatcher.java:242) ~[classes/:?]
	at org.apache.hadoop.ozone.container.common.impl.HddsDispatcher.dispatch(HddsDispatcher.java:148) ~[classes/:?]
	at org.apache.hadoop.ozone.container.common.transport.server.ratis.ContainerStateMachine.dispatchCommand(ContainerStateMachine.java:374) ~[classes/:?]
	at org.apache.hadoop.ozone.container.common.transport.server.ratis.ContainerStateMachine.runCommand(ContainerStateMachine.java:381) ~[classes/:?]
	at org.apache.hadoop.ozone.container.common.transport.server.ratis.ContainerStateMachine.lambda$applyTransaction$6(ContainerStateMachine.java:647) ~[classes/:?]
	at java.util.concurrent.CompletableFuture$AsyncSupply.run(CompletableFuture.java:1590) [?:1.8.0_212]
	at java.util.concurrent.ThreadPoolExecutor.runWorker(ThreadPoolExecutor.java:1149) [?:1.8.0_212]
	at java.util.concurrent.ThreadPoolExecutor$Worker.run(ThreadPoolExecutor.java:624) [?:1.8.0_212]
	at java.lang.Thread.run(Thread.java:748) [?:1.8.0_212]
2019-07-30 18:56:40,032 INFO  impl.HddsDispatcher (ContainerUtils.java:logAndReturnError(146)) - Operation: PutBlock : Trace ID: 1ba6cc40cc4e14e4:1ec369f6b7716512:12633bb676e0f5a:0 : Message: ContainerID 3 does not exist : Result: CONTAINER_NOT_FOUND
18:56:40.032 [RatisApplyTransactionExecutor 3] ERROR DNAudit - user=null | ip=null | op=PUT_BLOCK {blockData=[blockId=conID: 3 locID: 102531923960397854 bcsId: 0,size=10240]} | ret=FAILURE
org.apache.hadoop.hdds.scm.container.common.helpers.StorageContainerException: ContainerID 3 does not exist
	at org.apache.hadoop.ozone.container.common.impl.HddsDispatcher.dispatchRequest(HddsDispatcher.java:242) ~[classes/:?]
	at org.apache.hadoop.ozone.container.common.impl.HddsDispatcher.dispatch(HddsDispatcher.java:148) ~[classes/:?]
	at org.apache.hadoop.ozone.container.common.transport.server.ratis.ContainerStateMachine.dispatchCommand(ContainerStateMachine.java:374) ~[classes/:?]
	at org.apache.hadoop.ozone.container.common.transport.server.ratis.ContainerStateMachine.runCommand(ContainerStateMachine.java:381) ~[classes/:?]
	at org.apache.hadoop.ozone.container.common.transport.server.ratis.ContainerStateMachine.lambda$applyTransaction$6(ContainerStateMachine.java:647) ~[classes/:?]
	at java.util.concurrent.CompletableFuture$AsyncSupply.run(CompletableFuture.java:1590) [?:1.8.0_212]
	at java.util.concurrent.ThreadPoolExecutor.runWorker(ThreadPoolExecutor.java:1149) [?:1.8.0_212]
	at java.util.concurrent.ThreadPoolExecutor$Worker.run(ThreadPoolExecutor.java:624) [?:1.8.0_212]
	at java.lang.Thread.run(Thread.java:748) [?:1.8.0_212]
2019-07-30 18:56:40,034 INFO  impl.HddsDispatcher (ContainerUtils.java:logAndReturnError(146)) - Operation: PutBlock : Trace ID: 1ba6cc40cc4e14e4:1ec369f6b7716512:12633bb676e0f5a:0 : Message: ContainerID 3 does not exist : Result: CONTAINER_NOT_FOUND
2019-07-30 18:56:40,036 INFO  client.GrpcClientProtocolClient (GrpcClientProtocolClient.java:onNext(255)) - client-E5BBE3B31844->e7c18ed1-d699-403d-a564-75580f46a889: receive RaftClientReply:client-E5BBE3B31844->e7c18ed1-d699-403d-a564-75580f46a889@group-26BEC2E87304, cid=60, SUCCESS, logIndex=0, commits[e7c18ed1-d699-403d-a564-75580f46a889:c80, a8e08a43-06d6-4ff3-a2b7-a01daa83b6fa:c74, dee37eed-b08c-4bdc-b9df-d4cef787bd4b:c74]
2019-07-30 18:56:40,050 INFO  keyvalue.KeyValueHandler (ContainerUtils.java:logAndReturnError(146)) - Operation: CreateContainer : Trace ID: b6b09b6de8a04fb5:c19b694ae9551136:dbc758d7be3e6073:0 : Message: Container creation failed, due to disk out of space : Result: DISK_OUT_OF_SPACE
18:56:40.050 [pool-48-thread-18] ERROR DNAudit - user=null | ip=null | op=WRITE_CHUNK {blockData=conID: 3 locID: 102531923970752551 bcsId: 0} | ret=FAILURE
org.apache.hadoop.hdds.scm.container.common.helpers.StorageContainerException: ContainerID 3 creation failed
	at org.apache.hadoop.ozone.container.common.impl.HddsDispatcher.dispatchRequest(HddsDispatcher.java:227) ~[classes/:?]
	at org.apache.hadoop.ozone.container.common.impl.HddsDispatcher.dispatch(HddsDispatcher.java:148) ~[classes/:?]
	at org.apache.hadoop.ozone.container.common.transport.server.ratis.ContainerStateMachine.dispatchCommand(ContainerStateMachine.java:374) ~[classes/:?]
	at org.apache.hadoop.ozone.container.common.transport.server.ratis.ContainerStateMachine.runCommand(ContainerStateMachine.java:381) ~[classes/:?]
	at org.apache.hadoop.ozone.container.common.transport.server.ratis.ContainerStateMachine.lambda$handleWriteChunk$1(ContainerStateMachine.java:412) ~[classes/:?]
	at java.util.concurrent.CompletableFuture$AsyncSupply.run(CompletableFuture.java:1590) [?:1.8.0_212]
	at java.util.concurrent.ThreadPoolExecutor.runWorker(ThreadPoolExecutor.java:1149) [?:1.8.0_212]
	at java.util.concurrent.ThreadPoolExecutor$Worker.run(ThreadPoolExecutor.java:624) [?:1.8.0_212]
	at java.lang.Thread.run(Thread.java:748) [?:1.8.0_212]
2019-07-30 18:56:40,051 INFO  impl.HddsDispatcher (ContainerUtils.java:logAndReturnError(146)) - Operation: WriteChunk : Trace ID: b6b09b6de8a04fb5:c19b694ae9551136:dbc758d7be3e6073:0 : Message: ContainerID 3 creation failed : Result: DISK_OUT_OF_SPACE
2019-07-30 18:56:40,051 INFO  keyvalue.KeyValueHandler (ContainerUtils.java:logAndReturnError(146)) - Operation: CreateContainer : Trace ID: b6b09b6de8a04fb5:c19b694ae9551136:dbc758d7be3e6073:0 : Message: Container creation failed, due to disk out of space : Result: DISK_OUT_OF_SPACE
2019-07-30 18:56:40,051 INFO  keyvalue.KeyValueHandler (ContainerUtils.java:logAndReturnError(146)) - Operation: CreateContainer : Trace ID: b6b09b6de8a04fb5:c19b694ae9551136:dbc758d7be3e6073:0 : Message: Container creation failed, due to disk out of space : Result: DISK_OUT_OF_SPACE
18:56:40.051 [pool-26-thread-26] ERROR DNAudit - user=null | ip=null | op=WRITE_CHUNK {blockData=conID: 3 locID: 102531923970752551 bcsId: 0} | ret=FAILURE
org.apache.hadoop.hdds.scm.container.common.helpers.StorageContainerException: ContainerID 3 creation failed
	at org.apache.hadoop.ozone.container.common.impl.HddsDispatcher.dispatchRequest(HddsDispatcher.java:227) ~[classes/:?]
	at org.apache.hadoop.ozone.container.common.impl.HddsDispatcher.dispatch(HddsDispatcher.java:148) ~[classes/:?]
	at org.apache.hadoop.ozone.container.common.transport.server.ratis.ContainerStateMachine.dispatchCommand(ContainerStateMachine.java:374) ~[classes/:?]
	at org.apache.hadoop.ozone.container.common.transport.server.ratis.ContainerStateMachine.runCommand(ContainerStateMachine.java:381) ~[classes/:?]
	at org.apache.hadoop.ozone.container.common.transport.server.ratis.ContainerStateMachine.lambda$handleWriteChunk$1(ContainerStateMachine.java:412) ~[classes/:?]
	at java.util.concurrent.CompletableFuture$AsyncSupply.run(CompletableFuture.java:1590) [?:1.8.0_212]
	at java.util.concurrent.ThreadPoolExecutor.runWorker(ThreadPoolExecutor.java:1149) [?:1.8.0_212]
	at java.util.concurrent.ThreadPoolExecutor$Worker.run(ThreadPoolExecutor.java:624) [?:1.8.0_212]
	at java.lang.Thread.run(Thread.java:748) [?:1.8.0_212]
2019-07-30 18:56:40,052 INFO  impl.HddsDispatcher (ContainerUtils.java:logAndReturnError(146)) - Operation: WriteChunk : Trace ID: b6b09b6de8a04fb5:c19b694ae9551136:dbc758d7be3e6073:0 : Message: ContainerID 3 creation failed : Result: DISK_OUT_OF_SPACE
18:56:40.052 [pool-70-thread-26] ERROR DNAudit - user=null | ip=null | op=WRITE_CHUNK {blockData=conID: 3 locID: 102531923970752551 bcsId: 0} | ret=FAILURE
org.apache.hadoop.hdds.scm.container.common.helpers.StorageContainerException: ContainerID 3 creation failed
	at org.apache.hadoop.ozone.container.common.impl.HddsDispatcher.dispatchRequest(HddsDispatcher.java:227) ~[classes/:?]
	at org.apache.hadoop.ozone.container.common.impl.HddsDispatcher.dispatch(HddsDispatcher.java:148) ~[classes/:?]
	at org.apache.hadoop.ozone.container.common.transport.server.ratis.ContainerStateMachine.dispatchCommand(ContainerStateMachine.java:374) ~[classes/:?]
	at org.apache.hadoop.ozone.container.common.transport.server.ratis.ContainerStateMachine.runCommand(ContainerStateMachine.java:381) ~[classes/:?]
	at org.apache.hadoop.ozone.container.common.transport.server.ratis.ContainerStateMachine.lambda$handleWriteChunk$1(ContainerStateMachine.java:412) ~[classes/:?]
	at java.util.concurrent.CompletableFuture$AsyncSupply.run(CompletableFuture.java:1590) [?:1.8.0_212]
	at java.util.concurrent.ThreadPoolExecutor.runWorker(ThreadPoolExecutor.java:1149) [?:1.8.0_212]
	at java.util.concurrent.ThreadPoolExecutor$Worker.run(ThreadPoolExecutor.java:624) [?:1.8.0_212]
	at java.lang.Thread.run(Thread.java:748) [?:1.8.0_212]
2019-07-30 18:56:40,052 INFO  impl.HddsDispatcher (ContainerUtils.java:logAndReturnError(146)) - Operation: WriteChunk : Trace ID: b6b09b6de8a04fb5:c19b694ae9551136:dbc758d7be3e6073:0 : Message: ContainerID 3 creation failed : Result: DISK_OUT_OF_SPACE
2019-07-30 18:56:40,056 INFO  keyvalue.KeyValueHandler (ContainerUtils.java:logAndReturnError(146)) - Operation: CreateContainer : Trace ID: de0b5e9b4c1b0bf8:8e3bbdf3a5ea7fc4:ab7b6433cafb077f:0 : Message: Container creation failed, due to disk out of space : Result: DISK_OUT_OF_SPACE
18:56:40.057 [pool-48-thread-26] ERROR DNAudit - user=null | ip=null | op=WRITE_CHUNK {blockData=conID: 3 locID: 102531923970752554 bcsId: 0} | ret=FAILURE
org.apache.hadoop.hdds.scm.container.common.helpers.StorageContainerException: ContainerID 3 creation failed
	at org.apache.hadoop.ozone.container.common.impl.HddsDispatcher.dispatchRequest(HddsDispatcher.java:227) ~[classes/:?]
	at org.apache.hadoop.ozone.container.common.impl.HddsDispatcher.dispatch(HddsDispatcher.java:148) ~[classes/:?]
	at org.apache.hadoop.ozone.container.common.transport.server.ratis.ContainerStateMachine.dispatchCommand(ContainerStateMachine.java:374) ~[classes/:?]
	at org.apache.hadoop.ozone.container.common.transport.server.ratis.ContainerStateMachine.runCommand(ContainerStateMachine.java:381) ~[classes/:?]
	at org.apache.hadoop.ozone.container.common.transport.server.ratis.ContainerStateMachine.lambda$handleWriteChunk$1(ContainerStateMachine.java:412) ~[classes/:?]
	at java.util.concurrent.CompletableFuture$AsyncSupply.run(CompletableFuture.java:1590) [?:1.8.0_212]
	at java.util.concurrent.ThreadPoolExecutor.runWorker(ThreadPoolExecutor.java:1149) [?:1.8.0_212]
	at java.util.concurrent.ThreadPoolExecutor$Worker.run(ThreadPoolExecutor.java:624) [?:1.8.0_212]
	at java.lang.Thread.run(Thread.java:748) [?:1.8.0_212]
2019-07-30 18:56:40,057 INFO  impl.HddsDispatcher (ContainerUtils.java:logAndReturnError(146)) - Operation: WriteChunk : Trace ID: de0b5e9b4c1b0bf8:8e3bbdf3a5ea7fc4:ab7b6433cafb077f:0 : Message: ContainerID 3 creation failed : Result: DISK_OUT_OF_SPACE
2019-07-30 18:56:40,058 INFO  keyvalue.KeyValueHandler (ContainerUtils.java:logAndReturnError(146)) - Operation: CreateContainer : Trace ID: de0b5e9b4c1b0bf8:8e3bbdf3a5ea7fc4:ab7b6433cafb077f:0 : Message: Container creation failed, due to disk out of space : Result: DISK_OUT_OF_SPACE
18:56:40.058 [pool-26-thread-29] ERROR DNAudit - user=null | ip=null | op=WRITE_CHUNK {blockData=conID: 3 locID: 102531923970752554 bcsId: 0} | ret=FAILURE
org.apache.hadoop.hdds.scm.container.common.helpers.StorageContainerException: ContainerID 3 creation failed
	at org.apache.hadoop.ozone.container.common.impl.HddsDispatcher.dispatchRequest(HddsDispatcher.java:227) ~[classes/:?]
	at org.apache.hadoop.ozone.container.common.impl.HddsDispatcher.dispatch(HddsDispatcher.java:148) ~[classes/:?]
	at org.apache.hadoop.ozone.container.common.transport.server.ratis.ContainerStateMachine.dispatchCommand(ContainerStateMachine.java:374) ~[classes/:?]
	at org.apache.hadoop.ozone.container.common.transport.server.ratis.ContainerStateMachine.runCommand(ContainerStateMachine.java:381) ~[classes/:?]
	at org.apache.hadoop.ozone.container.common.transport.server.ratis.ContainerStateMachine.lambda$handleWriteChunk$1(ContainerStateMachine.java:412) ~[classes/:?]
	at java.util.concurrent.CompletableFuture$AsyncSupply.run(CompletableFuture.java:1590) [?:1.8.0_212]
	at java.util.concurrent.ThreadPoolExecutor.runWorker(ThreadPoolExecutor.java:1149) [?:1.8.0_212]
	at java.util.concurrent.ThreadPoolExecutor$Worker.run(ThreadPoolExecutor.java:624) [?:1.8.0_212]
	at java.lang.Thread.run(Thread.java:748) [?:1.8.0_212]
2019-07-30 18:56:40,058 INFO  impl.HddsDispatcher (ContainerUtils.java:logAndReturnError(146)) - Operation: WriteChunk : Trace ID: de0b5e9b4c1b0bf8:8e3bbdf3a5ea7fc4:ab7b6433cafb077f:0 : Message: ContainerID 3 creation failed : Result: DISK_OUT_OF_SPACE
2019-07-30 18:56:40,058 INFO  keyvalue.KeyValueHandler (ContainerUtils.java:logAndReturnError(146)) - Operation: CreateContainer : Trace ID: de0b5e9b4c1b0bf8:8e3bbdf3a5ea7fc4:ab7b6433cafb077f:0 : Message: Container creation failed, due to disk out of space : Result: DISK_OUT_OF_SPACE
18:56:40.058 [pool-70-thread-29] ERROR DNAudit - user=null | ip=null | op=WRITE_CHUNK {blockData=conID: 3 locID: 102531923970752554 bcsId: 0} | ret=FAILURE
org.apache.hadoop.hdds.scm.container.common.helpers.StorageContainerException: ContainerID 3 creation failed
	at org.apache.hadoop.ozone.container.common.impl.HddsDispatcher.dispatchRequest(HddsDispatcher.java:227) ~[classes/:?]
	at org.apache.hadoop.ozone.container.common.impl.HddsDispatcher.dispatch(HddsDispatcher.java:148) ~[classes/:?]
	at org.apache.hadoop.ozone.container.common.transport.server.ratis.ContainerStateMachine.dispatchCommand(ContainerStateMachine.java:374) ~[classes/:?]
	at org.apache.hadoop.ozone.container.common.transport.server.ratis.ContainerStateMachine.runCommand(ContainerStateMachine.java:381) ~[classes/:?]
	at org.apache.hadoop.ozone.container.common.transport.server.ratis.ContainerStateMachine.lambda$handleWriteChunk$1(ContainerStateMachine.java:412) ~[classes/:?]
	at java.util.concurrent.CompletableFuture$AsyncSupply.run(CompletableFuture.java:1590) [?:1.8.0_212]
	at java.util.concurrent.ThreadPoolExecutor.runWorker(ThreadPoolExecutor.java:1149) [?:1.8.0_212]
	at java.util.concurrent.ThreadPoolExecutor$Worker.run(ThreadPoolExecutor.java:624) [?:1.8.0_212]
	at java.lang.Thread.run(Thread.java:748) [?:1.8.0_212]
2019-07-30 18:56:40,059 INFO  impl.HddsDispatcher (ContainerUtils.java:logAndReturnError(146)) - Operation: WriteChunk : Trace ID: de0b5e9b4c1b0bf8:8e3bbdf3a5ea7fc4:ab7b6433cafb077f:0 : Message: ContainerID 3 creation failed : Result: DISK_OUT_OF_SPACE
2019-07-30 18:56:40,060 WARN  node.SCMNodeManager (SCMNodeManager.java:getNodeByAddress(599)) - Cannot find node for address 127.0.0.1
18:56:40.061 [RatisApplyTransactionExecutor 3] ERROR DNAudit - user=null | ip=null | op=WRITE_CHUNK {blockData=conID: 3 locID: 102531923970752551 bcsId: 0} | ret=FAILURE
org.apache.hadoop.hdds.scm.container.common.helpers.StorageContainerException: ContainerID 3 does not exist
	at org.apache.hadoop.ozone.container.common.impl.HddsDispatcher.dispatchRequest(HddsDispatcher.java:242) ~[classes/:?]
	at org.apache.hadoop.ozone.container.common.impl.HddsDispatcher.dispatch(HddsDispatcher.java:148) ~[classes/:?]
	at org.apache.hadoop.ozone.container.common.transport.server.ratis.ContainerStateMachine.dispatchCommand(ContainerStateMachine.java:374) ~[classes/:?]
	at org.apache.hadoop.ozone.container.common.transport.server.ratis.ContainerStateMachine.runCommand(ContainerStateMachine.java:381) ~[classes/:?]
	at org.apache.hadoop.ozone.container.common.transport.server.ratis.ContainerStateMachine.lambda$applyTransaction$6(ContainerStateMachine.java:647) ~[classes/:?]
	at java.util.concurrent.CompletableFuture$AsyncSupply.run(CompletableFuture.java:1590) [?:1.8.0_212]
	at java.util.concurrent.ThreadPoolExecutor.runWorker(ThreadPoolExecutor.java:1149) [?:1.8.0_212]
	at java.util.concurrent.ThreadPoolExecutor$Worker.run(ThreadPoolExecutor.java:624) [?:1.8.0_212]
	at java.lang.Thread.run(Thread.java:748) [?:1.8.0_212]
2019-07-30 18:56:40,062 INFO  impl.HddsDispatcher (ContainerUtils.java:logAndReturnError(146)) - Operation: WriteChunk : Trace ID: b6b09b6de8a04fb5:c19b694ae9551136:dbc758d7be3e6073:0 : Message: ContainerID 3 does not exist : Result: CONTAINER_NOT_FOUND
2019-07-30 18:56:40,062 INFO  client.GrpcClientProtocolClient (GrpcClientProtocolClient.java:onNext(255)) - client-E5BBE3B31844->e7c18ed1-d699-403d-a564-75580f46a889: receive RaftClientReply:client-E5BBE3B31844->e7c18ed1-d699-403d-a564-75580f46a889@group-26BEC2E87304, cid=62, SUCCESS, logIndex=81, commits[e7c18ed1-d699-403d-a564-75580f46a889:c81, a8e08a43-06d6-4ff3-a2b7-a01daa83b6fa:c80, dee37eed-b08c-4bdc-b9df-d4cef787bd4b:c80]
2019-07-30 18:56:40,063 INFO  client.GrpcClientProtocolClient (GrpcClientProtocolClient.java:onNext(255)) - client-E5BBE3B31844->e7c18ed1-d699-403d-a564-75580f46a889: receive RaftClientReply:client-E5BBE3B31844->e7c18ed1-d699-403d-a564-75580f46a889@group-26BEC2E87304, cid=64, SUCCESS, logIndex=82, commits[e7c18ed1-d699-403d-a564-75580f46a889:c85, a8e08a43-06d6-4ff3-a2b7-a01daa83b6fa:c80, dee37eed-b08c-4bdc-b9df-d4cef787bd4b:c80]
18:56:40.065 [RatisApplyTransactionExecutor 3] ERROR DNAudit - user=null | ip=null | op=WRITE_CHUNK {blockData=conID: 3 locID: 102531923970752554 bcsId: 0} | ret=FAILURE
org.apache.hadoop.hdds.scm.container.common.helpers.StorageContainerException: ContainerID 3 does not exist
	at org.apache.hadoop.ozone.container.common.impl.HddsDispatcher.dispatchRequest(HddsDispatcher.java:242) ~[classes/:?]
	at org.apache.hadoop.ozone.container.common.impl.HddsDispatcher.dispatch(HddsDispatcher.java:148) ~[classes/:?]
	at org.apache.hadoop.ozone.container.common.transport.server.ratis.ContainerStateMachine.dispatchCommand(ContainerStateMachine.java:374) ~[classes/:?]
	at org.apache.hadoop.ozone.container.common.transport.server.ratis.ContainerStateMachine.runCommand(ContainerStateMachine.java:381) ~[classes/:?]
	at org.apache.hadoop.ozone.container.common.transport.server.ratis.ContainerStateMachine.lambda$applyTransaction$6(ContainerStateMachine.java:647) ~[classes/:?]
	at java.util.concurrent.CompletableFuture$AsyncSupply.run(CompletableFuture.java:1590) [?:1.8.0_212]
	at java.util.concurrent.ThreadPoolExecutor.runWorker(ThreadPoolExecutor.java:1149) [?:1.8.0_212]
	at java.util.concurrent.ThreadPoolExecutor$Worker.run(ThreadPoolExecutor.java:624) [?:1.8.0_212]
	at java.lang.Thread.run(Thread.java:748) [?:1.8.0_212]
2019-07-30 18:56:40,065 INFO  impl.HddsDispatcher (ContainerUtils.java:logAndReturnError(146)) - Operation: WriteChunk : Trace ID: de0b5e9b4c1b0bf8:8e3bbdf3a5ea7fc4:ab7b6433cafb077f:0 : Message: ContainerID 3 does not exist : Result: CONTAINER_NOT_FOUND
2019-07-30 18:56:40,065 INFO  client.GrpcClientProtocolClient (GrpcClientProtocolClient.java:onNext(255)) - client-E5BBE3B31844->e7c18ed1-d699-403d-a564-75580f46a889: receive RaftClientReply:client-E5BBE3B31844->e7c18ed1-d699-403d-a564-75580f46a889@group-26BEC2E87304, cid=63, SUCCESS, logIndex=83, commits[e7c18ed1-d699-403d-a564-75580f46a889:c87, a8e08a43-06d6-4ff3-a2b7-a01daa83b6fa:c80, dee37eed-b08c-4bdc-b9df-d4cef787bd4b:c80]
18:56:40.068 [RatisApplyTransactionExecutor 3] ERROR DNAudit - user=null | ip=null | op=PUT_BLOCK {blockData=[blockId=conID: 3 locID: 102531923970752551 bcsId: 0,size=10240]} | ret=FAILURE
org.apache.hadoop.hdds.scm.container.common.helpers.StorageContainerException: ContainerID 3 does not exist
	at org.apache.hadoop.ozone.container.common.impl.HddsDispatcher.dispatchRequest(HddsDispatcher.java:242) ~[classes/:?]
	at org.apache.hadoop.ozone.container.common.impl.HddsDispatcher.dispatch(HddsDispatcher.java:148) ~[classes/:?]
	at org.apache.hadoop.ozone.container.common.transport.server.ratis.ContainerStateMachine.dispatchCommand(ContainerStateMachine.java:374) ~[classes/:?]
	at org.apache.hadoop.ozone.container.common.transport.server.ratis.ContainerStateMachine.runCommand(ContainerStateMachine.java:381) ~[classes/:?]
	at org.apache.hadoop.ozone.container.common.transport.server.ratis.ContainerStateMachine.lambda$applyTransaction$6(ContainerStateMachine.java:647) ~[classes/:?]
	at java.util.concurrent.CompletableFuture$AsyncSupply.run(CompletableFuture.java:1590) [?:1.8.0_212]
	at java.util.concurrent.ThreadPoolExecutor.runWorker(ThreadPoolExecutor.java:1149) [?:1.8.0_212]
	at java.util.concurrent.ThreadPoolExecutor$Worker.run(ThreadPoolExecutor.java:624) [?:1.8.0_212]
	at java.lang.Thread.run(Thread.java:748) [?:1.8.0_212]
2019-07-30 18:56:40,069 INFO  impl.HddsDispatcher (ContainerUtils.java:logAndReturnError(146)) - Operation: PutBlock : Trace ID: b6b09b6de8a04fb5:98be2f940f7b5153:dbc758d7be3e6073:0 : Message: ContainerID 3 does not exist : Result: CONTAINER_NOT_FOUND
2019-07-30 18:56:40,069 INFO  client.GrpcClientProtocolClient (GrpcClientProtocolClient.java:onNext(255)) - client-E5BBE3B31844->e7c18ed1-d699-403d-a564-75580f46a889: receive RaftClientReply:client-E5BBE3B31844->e7c18ed1-d699-403d-a564-75580f46a889@group-26BEC2E87304, cid=61, SUCCESS, logIndex=84, commits[e7c18ed1-d699-403d-a564-75580f46a889:c85, a8e08a43-06d6-4ff3-a2b7-a01daa83b6fa:c80, dee37eed-b08c-4bdc-b9df-d4cef787bd4b:c80]
18:56:40.069 [RatisApplyTransactionExecutor 3] ERROR DNAudit - user=null | ip=null | op=WRITE_CHUNK {blockData=conID: 3 locID: 102531923970752551 bcsId: 0} | ret=FAILURE
org.apache.hadoop.hdds.scm.container.common.helpers.StorageContainerException: ContainerID 3 does not exist
	at org.apache.hadoop.ozone.container.common.impl.HddsDispatcher.dispatchRequest(HddsDispatcher.java:242) ~[classes/:?]
	at org.apache.hadoop.ozone.container.common.impl.HddsDispatcher.dispatch(HddsDispatcher.java:148) ~[classes/:?]
	at org.apache.hadoop.ozone.container.common.transport.server.ratis.ContainerStateMachine.dispatchCommand(ContainerStateMachine.java:374) ~[classes/:?]
	at org.apache.hadoop.ozone.container.common.transport.server.ratis.ContainerStateMachine.runCommand(ContainerStateMachine.java:381) ~[classes/:?]
	at org.apache.hadoop.ozone.container.common.transport.server.ratis.ContainerStateMachine.lambda$applyTransaction$6(ContainerStateMachine.java:647) ~[classes/:?]
	at java.util.concurrent.CompletableFuture$AsyncSupply.run(CompletableFuture.java:1590) [?:1.8.0_212]
	at java.util.concurrent.ThreadPoolExecutor.runWorker(ThreadPoolExecutor.java:1149) [?:1.8.0_212]
	at java.util.concurrent.ThreadPoolExecutor$Worker.run(ThreadPoolExecutor.java:624) [?:1.8.0_212]
	at java.lang.Thread.run(Thread.java:748) [?:1.8.0_212]
2019-07-30 18:56:40,072 INFO  impl.HddsDispatcher (ContainerUtils.java:logAndReturnError(146)) - Operation: WriteChunk : Trace ID: b6b09b6de8a04fb5:c19b694ae9551136:dbc758d7be3e6073:0 : Message: ContainerID 3 does not exist : Result: CONTAINER_NOT_FOUND
2019-07-30 18:56:40,072 INFO  client.GrpcClientProtocolClient (GrpcClientProtocolClient.java:onNext(255)) - client-E5BBE3B31844->e7c18ed1-d699-403d-a564-75580f46a889: receive RaftClientReply:client-E5BBE3B31844->e7c18ed1-d699-403d-a564-75580f46a889@group-26BEC2E87304, cid=67, SUCCESS, logIndex=85, commits[e7c18ed1-d699-403d-a564-75580f46a889:c85, a8e08a43-06d6-4ff3-a2b7-a01daa83b6fa:c80, dee37eed-b08c-4bdc-b9df-d4cef787bd4b:c80]
18:56:40.072 [RatisApplyTransactionExecutor 3] ERROR DNAudit - user=null | ip=null | op=WRITE_CHUNK {blockData=conID: 3 locID: 102531923970752551 bcsId: 0} | ret=FAILURE
org.apache.hadoop.hdds.scm.container.common.helpers.StorageContainerException: ContainerID 3 does not exist
	at org.apache.hadoop.ozone.container.common.impl.HddsDispatcher.dispatchRequest(HddsDispatcher.java:242) ~[classes/:?]
	at org.apache.hadoop.ozone.container.common.impl.HddsDispatcher.dispatch(HddsDispatcher.java:148) ~[classes/:?]
	at org.apache.hadoop.ozone.container.common.transport.server.ratis.ContainerStateMachine.dispatchCommand(ContainerStateMachine.java:374) ~[classes/:?]
	at org.apache.hadoop.ozone.container.common.transport.server.ratis.ContainerStateMachine.runCommand(ContainerStateMachine.java:381) ~[classes/:?]
	at org.apache.hadoop.ozone.container.common.transport.server.ratis.ContainerStateMachine.lambda$applyTransaction$6(ContainerStateMachine.java:647) ~[classes/:?]
	at java.util.concurrent.CompletableFuture$AsyncSupply.run(CompletableFuture.java:1590) [?:1.8.0_212]
	at java.util.concurrent.ThreadPoolExecutor.runWorker(ThreadPoolExecutor.java:1149) [?:1.8.0_212]
	at java.util.concurrent.ThreadPoolExecutor$Worker.run(ThreadPoolExecutor.java:624) [?:1.8.0_212]
	at java.lang.Thread.run(Thread.java:748) [?:1.8.0_212]
18:56:40.072 [RatisApplyTransactionExecutor 3] ERROR DNAudit - user=null | ip=null | op=PUT_BLOCK {blockData=[blockId=conID: 3 locID: 102531923970752554 bcsId: 0,size=10240]} | ret=FAILURE
org.apache.hadoop.hdds.scm.container.common.helpers.StorageContainerException: ContainerID 3 does not exist
	at org.apache.hadoop.ozone.container.common.impl.HddsDispatcher.dispatchRequest(HddsDispatcher.java:242) ~[classes/:?]
	at org.apache.hadoop.ozone.container.common.impl.HddsDispatcher.dispatch(HddsDispatcher.java:148) ~[classes/:?]
	at org.apache.hadoop.ozone.container.common.transport.server.ratis.ContainerStateMachine.dispatchCommand(ContainerStateMachine.java:374) ~[classes/:?]
	at org.apache.hadoop.ozone.container.common.transport.server.ratis.ContainerStateMachine.runCommand(ContainerStateMachine.java:381) ~[classes/:?]
	at org.apache.hadoop.ozone.container.common.transport.server.ratis.ContainerStateMachine.lambda$applyTransaction$6(ContainerStateMachine.java:647) ~[classes/:?]
	at java.util.concurrent.CompletableFuture$AsyncSupply.run(CompletableFuture.java:1590) [?:1.8.0_212]
	at java.util.concurrent.ThreadPoolExecutor.runWorker(ThreadPoolExecutor.java:1149) [?:1.8.0_212]
	at java.util.concurrent.ThreadPoolExecutor$Worker.run(ThreadPoolExecutor.java:624) [?:1.8.0_212]
	at java.lang.Thread.run(Thread.java:748) [?:1.8.0_212]
2019-07-30 18:56:40,072 ERROR storage.BlockOutputStream (BlockOutputStream.java:validateResponse(531)) - Unexpected Storage Container Exception: 
org.apache.hadoop.hdds.scm.container.common.helpers.StorageContainerException: ContainerID 3 does not exist
	at org.apache.hadoop.hdds.scm.storage.ContainerProtocolCalls.validateContainerResponse(ContainerProtocolCalls.java:536)
	at org.apache.hadoop.hdds.scm.storage.BlockOutputStream.validateResponse(BlockOutputStream.java:529)
	at org.apache.hadoop.hdds.scm.storage.BlockOutputStream.lambda$writeChunkToContainer$2(BlockOutputStream.java:606)
	at java.util.concurrent.CompletableFuture.uniApply(CompletableFuture.java:602)
	at java.util.concurrent.CompletableFuture$UniApply.tryFire(CompletableFuture.java:577)
	at java.util.concurrent.CompletableFuture$Completion.run(CompletableFuture.java:442)
	at java.util.concurrent.ThreadPoolExecutor.runWorker(ThreadPoolExecutor.java:1149)
	at java.util.concurrent.ThreadPoolExecutor$Worker.run(ThreadPoolExecutor.java:624)
	at java.lang.Thread.run(Thread.java:748)
2019-07-30 18:56:40,073 INFO  impl.HddsDispatcher (ContainerUtils.java:logAndReturnError(146)) - Operation: WriteChunk : Trace ID: b6b09b6de8a04fb5:c19b694ae9551136:dbc758d7be3e6073:0 : Message: ContainerID 3 does not exist : Result: CONTAINER_NOT_FOUND
2019-07-30 18:56:40,073 INFO  impl.HddsDispatcher (ContainerUtils.java:logAndReturnError(146)) - Operation: PutBlock : Trace ID: de0b5e9b4c1b0bf8:12e1758263036650:ab7b6433cafb077f:0 : Message: ContainerID 3 does not exist : Result: CONTAINER_NOT_FOUND
2019-07-30 18:56:40,073 INFO  client.GrpcClientProtocolClient (GrpcClientProtocolClient.java:onNext(255)) - client-E5BBE3B31844->e7c18ed1-d699-403d-a564-75580f46a889: receive RaftClientReply:client-E5BBE3B31844->e7c18ed1-d699-403d-a564-75580f46a889@group-26BEC2E87304, cid=70, SUCCESS, logIndex=86, commits[e7c18ed1-d699-403d-a564-75580f46a889:c91, a8e08a43-06d6-4ff3-a2b7-a01daa83b6fa:c80, dee37eed-b08c-4bdc-b9df-d4cef787bd4b:c80]
2019-07-30 18:56:40,075 INFO  client.GrpcClientProtocolClient (GrpcClientProtocolClient.java:onNext(255)) - client-E5BBE3B31844->e7c18ed1-d699-403d-a564-75580f46a889: receive RaftClientReply:client-E5BBE3B31844->e7c18ed1-d699-403d-a564-75580f46a889@group-26BEC2E87304, cid=66, SUCCESS, logIndex=87, commits[e7c18ed1-d699-403d-a564-75580f46a889:c87, a8e08a43-06d6-4ff3-a2b7-a01daa83b6fa:c80, dee37eed-b08c-4bdc-b9df-d4cef787bd4b:c80]
2019-07-30 18:56:40,075 INFO  client.GrpcClientProtocolClient (GrpcClientProtocolClient.java:onNext(255)) - client-E5BBE3B31844->e7c18ed1-d699-403d-a564-75580f46a889: receive RaftClientReply:client-E5BBE3B31844->e7c18ed1-d699-403d-a564-75580f46a889@group-26BEC2E87304, cid=72, SUCCESS, logIndex=88, commits[e7c18ed1-d699-403d-a564-75580f46a889:c92, a8e08a43-06d6-4ff3-a2b7-a01daa83b6fa:c80, dee37eed-b08c-4bdc-b9df-d4cef787bd4b:c81]
2019-07-30 18:56:40,076 INFO  client.GrpcClientProtocolClient (GrpcClientProtocolClient.java:onNext(255)) - client-E5BBE3B31844->e7c18ed1-d699-403d-a564-75580f46a889: receive RaftClientReply:client-E5BBE3B31844->e7c18ed1-d699-403d-a564-75580f46a889@group-26BEC2E87304, cid=75, SUCCESS, logIndex=0, commits[e7c18ed1-d699-403d-a564-75580f46a889:c100, a8e08a43-06d6-4ff3-a2b7-a01daa83b6fa:c87, dee37eed-b08c-4bdc-b9df-d4cef787bd4b:c85]
2019-07-30 18:56:40,076 INFO  client.GrpcClientProtocolClient (GrpcClientProtocolClient.java:onNext(255)) - client-E5BBE3B31844->e7c18ed1-d699-403d-a564-75580f46a889: receive RaftClientReply:client-E5BBE3B31844->e7c18ed1-d699-403d-a564-75580f46a889@group-26BEC2E87304, cid=65, SUCCESS, logIndex=89, commits[e7c18ed1-d699-403d-a564-75580f46a889:c91, a8e08a43-06d6-4ff3-a2b7-a01daa83b6fa:c80, dee37eed-b08c-4bdc-b9df-d4cef787bd4b:c80]
2019-07-30 18:56:40,076 INFO  client.GrpcClientProtocolClient (GrpcClientProtocolClient.java:onNext(255)) - client-E5BBE3B31844->e7c18ed1-d699-403d-a564-75580f46a889: receive RaftClientReply:client-E5BBE3B31844->e7c18ed1-d699-403d-a564-75580f46a889@group-26BEC2E87304, cid=73, SUCCESS, logIndex=90, commits[e7c18ed1-d699-403d-a564-75580f46a889:c92, a8e08a43-06d6-4ff3-a2b7-a01daa83b6fa:c80, dee37eed-b08c-4bdc-b9df-d4cef787bd4b:c81]
2019-07-30 18:56:40,076 ERROR storage.BlockOutputStream (BlockOutputStream.java:validateResponse(531)) - Unexpected Storage Container Exception: 
org.apache.hadoop.hdds.scm.container.common.helpers.StorageContainerException: ContainerID 3 does not exist
	at org.apache.hadoop.hdds.scm.storage.ContainerProtocolCalls.validateContainerResponse(ContainerProtocolCalls.java:536)
	at org.apache.hadoop.hdds.scm.storage.BlockOutputStream.validateResponse(BlockOutputStream.java:529)
	at org.apache.hadoop.hdds.scm.storage.BlockOutputStream.lambda$writeChunkToContainer$2(BlockOutputStream.java:606)
	at java.util.concurrent.CompletableFuture.uniApply(CompletableFuture.java:602)
	at java.util.concurrent.CompletableFuture$UniApply.tryFire(CompletableFuture.java:577)
	at java.util.concurrent.CompletableFuture$Completion.run(CompletableFuture.java:442)
	at java.util.concurrent.ThreadPoolExecutor.runWorker(ThreadPoolExecutor.java:1149)
	at java.util.concurrent.ThreadPoolExecutor$Worker.run(ThreadPoolExecutor.java:624)
	at java.lang.Thread.run(Thread.java:748)
2019-07-30 18:56:40,077 INFO  client.GrpcClientProtocolClient (GrpcClientProtocolClient.java:onNext(255)) - client-E5BBE3B31844->e7c18ed1-d699-403d-a564-75580f46a889: receive RaftClientReply:client-E5BBE3B31844->e7c18ed1-d699-403d-a564-75580f46a889@group-26BEC2E87304, cid=71, SUCCESS, logIndex=91, commits[e7c18ed1-d699-403d-a564-75580f46a889:c92, a8e08a43-06d6-4ff3-a2b7-a01daa83b6fa:c80, dee37eed-b08c-4bdc-b9df-d4cef787bd4b:c81]
2019-07-30 18:56:40,078 INFO  client.GrpcClientProtocolClient (GrpcClientProtocolClient.java:onNext(255)) - client-E5BBE3B31844->e7c18ed1-d699-403d-a564-75580f46a889: receive RaftClientReply:client-E5BBE3B31844->e7c18ed1-d699-403d-a564-75580f46a889@group-26BEC2E87304, cid=69, SUCCESS, logIndex=92, commits[e7c18ed1-d699-403d-a564-75580f46a889:c100, a8e08a43-06d6-4ff3-a2b7-a01daa83b6fa:c87, dee37eed-b08c-4bdc-b9df-d4cef787bd4b:c85]
2019-07-30 18:56:40,079 ERROR freon.RandomKeyGenerator (RandomKeyGenerator.java:createKey(730)) - Exception while adding key: key-1-97069 in bucket: bucket-2-42074 of volume: vol-0-68344.
java.io.IOException: Unexpected Storage Container Exception: org.apache.hadoop.hdds.scm.container.common.helpers.StorageContainerException: ContainerID 3 does not exist
	at org.apache.hadoop.hdds.scm.storage.BlockOutputStream.setIoException(BlockOutputStream.java:541)
	at org.apache.hadoop.hdds.scm.storage.BlockOutputStream.validateResponse(BlockOutputStream.java:532)
	at org.apache.hadoop.hdds.scm.storage.BlockOutputStream.lambda$writeChunkToContainer$2(BlockOutputStream.java:606)
	at java.util.concurrent.CompletableFuture.uniApply(CompletableFuture.java:602)
	at java.util.concurrent.CompletableFuture$UniApply.tryFire(CompletableFuture.java:577)
	at java.util.concurrent.CompletableFuture$Completion.run(CompletableFuture.java:442)
	at java.util.concurrent.ThreadPoolExecutor.runWorker(ThreadPoolExecutor.java:1149)
	at java.util.concurrent.ThreadPoolExecutor$Worker.run(ThreadPoolExecutor.java:624)
	at java.lang.Thread.run(Thread.java:748)
Caused by: org.apache.hadoop.hdds.scm.container.common.helpers.StorageContainerException: ContainerID 3 does not exist
	at org.apache.hadoop.hdds.scm.storage.ContainerProtocolCalls.validateContainerResponse(ContainerProtocolCalls.java:536)
	at org.apache.hadoop.hdds.scm.storage.BlockOutputStream.validateResponse(BlockOutputStream.java:529)
	... 7 more
2019-07-30 18:56:40,080 INFO  client.GrpcClientProtocolClient (GrpcClientProtocolClient.java:onNext(255)) - client-E5BBE3B31844->e7c18ed1-d699-403d-a564-75580f46a889: receive RaftClientReply:client-E5BBE3B31844->e7c18ed1-d699-403d-a564-75580f46a889@group-26BEC2E87304, cid=68, SUCCESS, logIndex=93, commits[e7c18ed1-d699-403d-a564-75580f46a889:c100, a8e08a43-06d6-4ff3-a2b7-a01daa83b6fa:c87, dee37eed-b08c-4bdc-b9df-d4cef787bd4b:c85]
2019-07-30 18:56:40,081 INFO  client.GrpcClientProtocolClient (GrpcClientProtocolClient.java:onNext(255)) - client-E5BBE3B31844->e7c18ed1-d699-403d-a564-75580f46a889: receive RaftClientReply:client-E5BBE3B31844->e7c18ed1-d699-403d-a564-75580f46a889@group-26BEC2E87304, cid=74, SUCCESS, logIndex=95, commits[e7c18ed1-d699-403d-a564-75580f46a889:c100, a8e08a43-06d6-4ff3-a2b7-a01daa83b6fa:c87, dee37eed-b08c-4bdc-b9df-d4cef787bd4b:c85]
2019-07-30 18:56:40,084 ERROR freon.RandomKeyGenerator (RandomKeyGenerator.java:createKey(730)) - Exception while adding key: key-1-01600 in bucket: bucket-0-71074 of volume: vol-1-01715.
java.io.IOException: Unexpected Storage Container Exception: org.apache.hadoop.hdds.scm.container.common.helpers.StorageContainerException: ContainerID 3 does not exist
	at org.apache.hadoop.hdds.scm.storage.BlockOutputStream.setIoException(BlockOutputStream.java:541)
	at org.apache.hadoop.hdds.scm.storage.BlockOutputStream.validateResponse(BlockOutputStream.java:532)
	at org.apache.hadoop.hdds.scm.storage.BlockOutputStream.lambda$writeChunkToContainer$2(BlockOutputStream.java:606)
	at java.util.concurrent.CompletableFuture.uniApply(CompletableFuture.java:602)
	at java.util.concurrent.CompletableFuture$UniApply.tryFire(CompletableFuture.java:577)
	at java.util.concurrent.CompletableFuture$Completion.run(CompletableFuture.java:442)
	at java.util.concurrent.ThreadPoolExecutor.runWorker(ThreadPoolExecutor.java:1149)
	at java.util.concurrent.ThreadPoolExecutor$Worker.run(ThreadPoolExecutor.java:624)
	at java.lang.Thread.run(Thread.java:748)
Caused by: org.apache.hadoop.hdds.scm.container.common.helpers.StorageContainerException: ContainerID 3 does not exist
	at org.apache.hadoop.hdds.scm.storage.ContainerProtocolCalls.validateContainerResponse(ContainerProtocolCalls.java:536)
	at org.apache.hadoop.hdds.scm.storage.BlockOutputStream.validateResponse(BlockOutputStream.java:529)
	... 7 more
18:56:40.081 [RatisApplyTransactionExecutor 3] ERROR DNAudit - user=null | ip=null | op=WRITE_CHUNK {blockData=conID: 3 locID: 102531923970752554 bcsId: 0} | ret=FAILURE
org.apache.hadoop.hdds.scm.container.common.helpers.StorageContainerException: ContainerID 3 does not exist
	at org.apache.hadoop.ozone.container.common.impl.HddsDispatcher.dispatchRequest(HddsDispatcher.java:242) ~[classes/:?]
	at org.apache.hadoop.ozone.container.common.impl.HddsDispatcher.dispatch(HddsDispatcher.java:148) ~[classes/:?]
	at org.apache.hadoop.ozone.container.common.transport.server.ratis.ContainerStateMachine.dispatchCommand(ContainerStateMachine.java:374) ~[classes/:?]
	at org.apache.hadoop.ozone.container.common.transport.server.ratis.ContainerStateMachine.runCommand(ContainerStateMachine.java:381) ~[classes/:?]
	at org.apache.hadoop.ozone.container.common.transport.server.ratis.ContainerStateMachine.lambda$applyTransaction$6(ContainerStateMachine.java:647) ~[classes/:?]
	at java.util.concurrent.CompletableFuture$AsyncSupply.run(CompletableFuture.java:1590) [?:1.8.0_212]
	at java.util.concurrent.ThreadPoolExecutor.runWorker(ThreadPoolExecutor.java:1149) [?:1.8.0_212]
	at java.util.concurrent.ThreadPoolExecutor$Worker.run(ThreadPoolExecutor.java:624) [?:1.8.0_212]
	at java.lang.Thread.run(Thread.java:748) [?:1.8.0_212]
18:56:40.081 [RatisApplyTransactionExecutor 3] ERROR DNAudit - user=null | ip=null | op=WRITE_CHUNK {blockData=conID: 3 locID: 102531923970752554 bcsId: 0} | ret=FAILURE
org.apache.hadoop.hdds.scm.container.common.helpers.StorageContainerException: ContainerID 3 does not exist
	at org.apache.hadoop.ozone.container.common.impl.HddsDispatcher.dispatchRequest(HddsDispatcher.java:242) ~[classes/:?]
	at org.apache.hadoop.ozone.container.common.impl.HddsDispatcher.dispatch(HddsDispatcher.java:148) ~[classes/:?]
	at org.apache.hadoop.ozone.container.common.transport.server.ratis.ContainerStateMachine.dispatchCommand(ContainerStateMachine.java:374) ~[classes/:?]
	at org.apache.hadoop.ozone.container.common.transport.server.ratis.ContainerStateMachine.runCommand(ContainerStateMachine.java:381) ~[classes/:?]
	at org.apache.hadoop.ozone.container.common.transport.server.ratis.ContainerStateMachine.lambda$applyTransaction$6(ContainerStateMachine.java:647) ~[classes/:?]
	at java.util.concurrent.CompletableFuture$AsyncSupply.run(CompletableFuture.java:1590) [?:1.8.0_212]
	at java.util.concurrent.ThreadPoolExecutor.runWorker(ThreadPoolExecutor.java:1149) [?:1.8.0_212]
	at java.util.concurrent.ThreadPoolExecutor$Worker.run(ThreadPoolExecutor.java:624) [?:1.8.0_212]
	at java.lang.Thread.run(Thread.java:748) [?:1.8.0_212]
2019-07-30 18:56:40,084 INFO  impl.HddsDispatcher (ContainerUtils.java:logAndReturnError(146)) - Operation: WriteChunk : Trace ID: de0b5e9b4c1b0bf8:8e3bbdf3a5ea7fc4:ab7b6433cafb077f:0 : Message: ContainerID 3 does not exist : Result: CONTAINER_NOT_FOUND
2019-07-30 18:56:40,084 INFO  impl.HddsDispatcher (ContainerUtils.java:logAndReturnError(146)) - Operation: WriteChunk : Trace ID: de0b5e9b4c1b0bf8:8e3bbdf3a5ea7fc4:ab7b6433cafb077f:0 : Message: ContainerID 3 does not exist : Result: CONTAINER_NOT_FOUND
2019-07-30 18:56:40,085 INFO  client.GrpcClientProtocolClient (GrpcClientProtocolClient.java:onNext(255)) - client-E5BBE3B31844->e7c18ed1-d699-403d-a564-75580f46a889: receive RaftClientReply:client-E5BBE3B31844->e7c18ed1-d699-403d-a564-75580f46a889@group-26BEC2E87304, cid=76, SUCCESS, logIndex=0, commits[e7c18ed1-d699-403d-a564-75580f46a889:c101, a8e08a43-06d6-4ff3-a2b7-a01daa83b6fa:c91, dee37eed-b08c-4bdc-b9df-d4cef787bd4b:c91]
18:56:40.085 [RatisApplyTransactionExecutor 3] ERROR DNAudit - user=null | ip=null | op=PUT_BLOCK {blockData=[blockId=conID: 3 locID: 102531923970752551 bcsId: 0,size=10240]} | ret=FAILURE
org.apache.hadoop.hdds.scm.container.common.helpers.StorageContainerException: ContainerID 3 does not exist
	at org.apache.hadoop.ozone.container.common.impl.HddsDispatcher.dispatchRequest(HddsDispatcher.java:242) ~[classes/:?]
	at org.apache.hadoop.ozone.container.common.impl.HddsDispatcher.dispatch(HddsDispatcher.java:148) ~[classes/:?]
	at org.apache.hadoop.ozone.container.common.transport.server.ratis.ContainerStateMachine.dispatchCommand(ContainerStateMachine.java:374) ~[classes/:?]
	at org.apache.hadoop.ozone.container.common.transport.server.ratis.ContainerStateMachine.runCommand(ContainerStateMachine.java:381) ~[classes/:?]
	at org.apache.hadoop.ozone.container.common.transport.server.ratis.ContainerStateMachine.lambda$applyTransaction$6(ContainerStateMachine.java:647) ~[classes/:?]
	at java.util.concurrent.CompletableFuture$AsyncSupply.run(CompletableFuture.java:1590) [?:1.8.0_212]
	at java.util.concurrent.ThreadPoolExecutor.runWorker(ThreadPoolExecutor.java:1149) [?:1.8.0_212]
	at java.util.concurrent.ThreadPoolExecutor$Worker.run(ThreadPoolExecutor.java:624) [?:1.8.0_212]
	at java.lang.Thread.run(Thread.java:748) [?:1.8.0_212]
2019-07-30 18:56:40,085 INFO  impl.HddsDispatcher (ContainerUtils.java:logAndReturnError(146)) - Operation: PutBlock : Trace ID: b6b09b6de8a04fb5:98be2f940f7b5153:dbc758d7be3e6073:0 : Message: ContainerID 3 does not exist : Result: CONTAINER_NOT_FOUND
18:56:40.085 [RatisApplyTransactionExecutor 3] ERROR DNAudit - user=null | ip=null | op=PUT_BLOCK {blockData=[blockId=conID: 3 locID: 102531923970752551 bcsId: 0,size=10240]} | ret=FAILURE
org.apache.hadoop.hdds.scm.container.common.helpers.StorageContainerException: ContainerID 3 does not exist
	at org.apache.hadoop.ozone.container.common.impl.HddsDispatcher.dispatchRequest(HddsDispatcher.java:242) ~[classes/:?]
	at org.apache.hadoop.ozone.container.common.impl.HddsDispatcher.dispatch(HddsDispatcher.java:148) ~[classes/:?]
	at org.apache.hadoop.ozone.container.common.transport.server.ratis.ContainerStateMachine.dispatchCommand(ContainerStateMachine.java:374) ~[classes/:?]
	at org.apache.hadoop.ozone.container.common.transport.server.ratis.ContainerStateMachine.runCommand(ContainerStateMachine.java:381) ~[classes/:?]
	at org.apache.hadoop.ozone.container.common.transport.server.ratis.ContainerStateMachine.lambda$applyTransaction$6(ContainerStateMachine.java:647) ~[classes/:?]
	at java.util.concurrent.CompletableFuture$AsyncSupply.run(CompletableFuture.java:1590) [?:1.8.0_212]
	at java.util.concurrent.ThreadPoolExecutor.runWorker(ThreadPoolExecutor.java:1149) [?:1.8.0_212]
	at java.util.concurrent.ThreadPoolExecutor$Worker.run(ThreadPoolExecutor.java:624) [?:1.8.0_212]
	at java.lang.Thread.run(Thread.java:748) [?:1.8.0_212]
2019-07-30 18:56:40,085 INFO  impl.HddsDispatcher (ContainerUtils.java:logAndReturnError(146)) - Operation: PutBlock : Trace ID: b6b09b6de8a04fb5:98be2f940f7b5153:dbc758d7be3e6073:0 : Message: ContainerID 3 does not exist : Result: CONTAINER_NOT_FOUND
2019-07-30 18:56:40,085 INFO  client.GrpcClientProtocolClient (GrpcClientProtocolClient.java:onNext(255)) - client-E5BBE3B31844->e7c18ed1-d699-403d-a564-75580f46a889: receive RaftClientReply:client-E5BBE3B31844->e7c18ed1-d699-403d-a564-75580f46a889@group-26BEC2E87304, cid=77, SUCCESS, logIndex=0, commits[e7c18ed1-d699-403d-a564-75580f46a889:c102, a8e08a43-06d6-4ff3-a2b7-a01daa83b6fa:c91, dee37eed-b08c-4bdc-b9df-d4cef787bd4b:c92]
18:56:40.085 [RatisApplyTransactionExecutor 3] ERROR DNAudit - user=null | ip=null | op=PUT_BLOCK {blockData=[blockId=conID: 3 locID: 102531923970752554 bcsId: 0,size=10240]} | ret=FAILURE
org.apache.hadoop.hdds.scm.container.common.helpers.StorageContainerException: ContainerID 3 does not exist
	at org.apache.hadoop.ozone.container.common.impl.HddsDispatcher.dispatchRequest(HddsDispatcher.java:242) ~[classes/:?]
	at org.apache.hadoop.ozone.container.common.impl.HddsDispatcher.dispatch(HddsDispatcher.java:148) ~[classes/:?]
	at org.apache.hadoop.ozone.container.common.transport.server.ratis.ContainerStateMachine.dispatchCommand(ContainerStateMachine.java:374) ~[classes/:?]
	at org.apache.hadoop.ozone.container.common.transport.server.ratis.ContainerStateMachine.runCommand(ContainerStateMachine.java:381) ~[classes/:?]
	at org.apache.hadoop.ozone.container.common.transport.server.ratis.ContainerStateMachine.lambda$applyTransaction$6(ContainerStateMachine.java:647) ~[classes/:?]
	at java.util.concurrent.CompletableFuture$AsyncSupply.run(CompletableFuture.java:1590) [?:1.8.0_212]
	at java.util.concurrent.ThreadPoolExecutor.runWorker(ThreadPoolExecutor.java:1149) [?:1.8.0_212]
	at java.util.concurrent.ThreadPoolExecutor$Worker.run(ThreadPoolExecutor.java:624) [?:1.8.0_212]
	at java.lang.Thread.run(Thread.java:748) [?:1.8.0_212]
2019-07-30 18:56:40,086 INFO  impl.HddsDispatcher (ContainerUtils.java:logAndReturnError(146)) - Operation: PutBlock : Trace ID: de0b5e9b4c1b0bf8:12e1758263036650:ab7b6433cafb077f:0 : Message: ContainerID 3 does not exist : Result: CONTAINER_NOT_FOUND
2019-07-30 18:56:40,086 INFO  client.GrpcClientProtocolClient (GrpcClientProtocolClient.java:onNext(255)) - client-E5BBE3B31844->e7c18ed1-d699-403d-a564-75580f46a889: receive RaftClientReply:client-E5BBE3B31844->e7c18ed1-d699-403d-a564-75580f46a889@group-26BEC2E87304, cid=78, SUCCESS, logIndex=0, commits[e7c18ed1-d699-403d-a564-75580f46a889:c102, a8e08a43-06d6-4ff3-a2b7-a01daa83b6fa:c92, dee37eed-b08c-4bdc-b9df-d4cef787bd4b:c92]
18:56:40.086 [RatisApplyTransactionExecutor 3] ERROR DNAudit - user=null | ip=null | op=PUT_BLOCK {blockData=[blockId=conID: 3 locID: 102531923970752554 bcsId: 0,size=10240]} | ret=FAILURE
org.apache.hadoop.hdds.scm.container.common.helpers.StorageContainerException: ContainerID 3 does not exist
	at org.apache.hadoop.ozone.container.common.impl.HddsDispatcher.dispatchRequest(HddsDispatcher.java:242) ~[classes/:?]
	at org.apache.hadoop.ozone.container.common.impl.HddsDispatcher.dispatch(HddsDispatcher.java:148) ~[classes/:?]
	at org.apache.hadoop.ozone.container.common.transport.server.ratis.ContainerStateMachine.dispatchCommand(ContainerStateMachine.java:374) ~[classes/:?]
	at org.apache.hadoop.ozone.container.common.transport.server.ratis.ContainerStateMachine.runCommand(ContainerStateMachine.java:381) ~[classes/:?]
	at org.apache.hadoop.ozone.container.common.transport.server.ratis.ContainerStateMachine.lambda$applyTransaction$6(ContainerStateMachine.java:647) ~[classes/:?]
	at java.util.concurrent.CompletableFuture$AsyncSupply.run(CompletableFuture.java:1590) [?:1.8.0_212]
	at java.util.concurrent.ThreadPoolExecutor.runWorker(ThreadPoolExecutor.java:1149) [?:1.8.0_212]
	at java.util.concurrent.ThreadPoolExecutor$Worker.run(ThreadPoolExecutor.java:624) [?:1.8.0_212]
	at java.lang.Thread.run(Thread.java:748) [?:1.8.0_212]
2019-07-30 18:56:40,086 INFO  impl.HddsDispatcher (ContainerUtils.java:logAndReturnError(146)) - Operation: PutBlock : Trace ID: de0b5e9b4c1b0bf8:12e1758263036650:ab7b6433cafb077f:0 : Message: ContainerID 3 does not exist : Result: CONTAINER_NOT_FOUND
2019-07-30 18:56:40,086 INFO  client.GrpcClientProtocolClient (GrpcClientProtocolClient.java:onNext(255)) - client-E5BBE3B31844->e7c18ed1-d699-403d-a564-75580f46a889: receive RaftClientReply:client-E5BBE3B31844->e7c18ed1-d699-403d-a564-75580f46a889@group-26BEC2E87304, cid=79, SUCCESS, logIndex=0, commits[e7c18ed1-d699-403d-a564-75580f46a889:c103, a8e08a43-06d6-4ff3-a2b7-a01daa83b6fa:c95, dee37eed-b08c-4bdc-b9df-d4cef787bd4b:c95]
2019-07-30 18:56:40,090 INFO  keyvalue.KeyValueHandler (ContainerUtils.java:logAndReturnError(146)) - Operation: CreateContainer : Trace ID: 62d72fb3f4e80495:e79c084a78fc682d:335081898f0f0dc8:0 : Message: Container creation failed, due to disk out of space : Result: DISK_OUT_OF_SPACE
18:56:40.090 [pool-48-thread-30] ERROR DNAudit - user=null | ip=null | op=WRITE_CHUNK {blockData=conID: 3 locID: 102531923973636143 bcsId: 0} | ret=FAILURE
org.apache.hadoop.hdds.scm.container.common.helpers.StorageContainerException: ContainerID 3 creation failed
	at org.apache.hadoop.ozone.container.common.impl.HddsDispatcher.dispatchRequest(HddsDispatcher.java:227) ~[classes/:?]
	at org.apache.hadoop.ozone.container.common.impl.HddsDispatcher.dispatch(HddsDispatcher.java:148) ~[classes/:?]
	at org.apache.hadoop.ozone.container.common.transport.server.ratis.ContainerStateMachine.dispatchCommand(ContainerStateMachine.java:374) ~[classes/:?]
	at org.apache.hadoop.ozone.container.common.transport.server.ratis.ContainerStateMachine.runCommand(ContainerStateMachine.java:381) ~[classes/:?]
	at org.apache.hadoop.ozone.container.common.transport.server.ratis.ContainerStateMachine.lambda$handleWriteChunk$1(ContainerStateMachine.java:412) ~[classes/:?]
	at java.util.concurrent.CompletableFuture$AsyncSupply.run(CompletableFuture.java:1590) [?:1.8.0_212]
	at java.util.concurrent.ThreadPoolExecutor.runWorker(ThreadPoolExecutor.java:1149) [?:1.8.0_212]
	at java.util.concurrent.ThreadPoolExecutor$Worker.run(ThreadPoolExecutor.java:624) [?:1.8.0_212]
	at java.lang.Thread.run(Thread.java:748) [?:1.8.0_212]
2019-07-30 18:56:40,090 INFO  impl.HddsDispatcher (ContainerUtils.java:logAndReturnError(146)) - Operation: WriteChunk : Trace ID: 62d72fb3f4e80495:e79c084a78fc682d:335081898f0f0dc8:0 : Message: ContainerID 3 creation failed : Result: DISK_OUT_OF_SPACE
2019-07-30 18:56:40,091 INFO  keyvalue.KeyValueHandler (ContainerUtils.java:logAndReturnError(146)) - Operation: CreateContainer : Trace ID: 62d72fb3f4e80495:e79c084a78fc682d:335081898f0f0dc8:0 : Message: Container creation failed, due to disk out of space : Result: DISK_OUT_OF_SPACE
2019-07-30 18:56:40,092 INFO  keyvalue.KeyValueHandler (ContainerUtils.java:logAndReturnError(146)) - Operation: CreateContainer : Trace ID: 62d72fb3f4e80495:e79c084a78fc682d:335081898f0f0dc8:0 : Message: Container creation failed, due to disk out of space : Result: DISK_OUT_OF_SPACE
18:56:40.092 [pool-26-thread-30] ERROR DNAudit - user=null | ip=null | op=WRITE_CHUNK {blockData=conID: 3 locID: 102531923973636143 bcsId: 0} | ret=FAILURE
org.apache.hadoop.hdds.scm.container.common.helpers.StorageContainerException: ContainerID 3 creation failed
	at org.apache.hadoop.ozone.container.common.impl.HddsDispatcher.dispatchRequest(HddsDispatcher.java:227) ~[classes/:?]
	at org.apache.hadoop.ozone.container.common.impl.HddsDispatcher.dispatch(HddsDispatcher.java:148) ~[classes/:?]
	at org.apache.hadoop.ozone.container.common.transport.server.ratis.ContainerStateMachine.dispatchCommand(ContainerStateMachine.java:374) ~[classes/:?]
	at org.apache.hadoop.ozone.container.common.transport.server.ratis.ContainerStateMachine.runCommand(ContainerStateMachine.java:381) ~[classes/:?]
	at org.apache.hadoop.ozone.container.common.transport.server.ratis.ContainerStateMachine.lambda$handleWriteChunk$1(ContainerStateMachine.java:412) ~[classes/:?]
	at java.util.concurrent.CompletableFuture$AsyncSupply.run(CompletableFuture.java:1590) [?:1.8.0_212]
	at java.util.concurrent.ThreadPoolExecutor.runWorker(ThreadPoolExecutor.java:1149) [?:1.8.0_212]
	at java.util.concurrent.ThreadPoolExecutor$Worker.run(ThreadPoolExecutor.java:624) [?:1.8.0_212]
	at java.lang.Thread.run(Thread.java:748) [?:1.8.0_212]
2019-07-30 18:56:40,092 INFO  impl.HddsDispatcher (ContainerUtils.java:logAndReturnError(146)) - Operation: WriteChunk : Trace ID: 62d72fb3f4e80495:e79c084a78fc682d:335081898f0f0dc8:0 : Message: ContainerID 3 creation failed : Result: DISK_OUT_OF_SPACE
18:56:40.092 [pool-70-thread-30] ERROR DNAudit - user=null | ip=null | op=WRITE_CHUNK {blockData=conID: 3 locID: 102531923973636143 bcsId: 0} | ret=FAILURE
org.apache.hadoop.hdds.scm.container.common.helpers.StorageContainerException: ContainerID 3 creation failed
	at org.apache.hadoop.ozone.container.common.impl.HddsDispatcher.dispatchRequest(HddsDispatcher.java:227) ~[classes/:?]
	at org.apache.hadoop.ozone.container.common.impl.HddsDispatcher.dispatch(HddsDispatcher.java:148) ~[classes/:?]
	at org.apache.hadoop.ozone.container.common.transport.server.ratis.ContainerStateMachine.dispatchCommand(ContainerStateMachine.java:374) ~[classes/:?]
	at org.apache.hadoop.ozone.container.common.transport.server.ratis.ContainerStateMachine.runCommand(ContainerStateMachine.java:381) ~[classes/:?]
	at org.apache.hadoop.ozone.container.common.transport.server.ratis.ContainerStateMachine.lambda$handleWriteChunk$1(ContainerStateMachine.java:412) ~[classes/:?]
	at java.util.concurrent.CompletableFuture$AsyncSupply.run(CompletableFuture.java:1590) [?:1.8.0_212]
	at java.util.concurrent.ThreadPoolExecutor.runWorker(ThreadPoolExecutor.java:1149) [?:1.8.0_212]
	at java.util.concurrent.ThreadPoolExecutor$Worker.run(ThreadPoolExecutor.java:624) [?:1.8.0_212]
	at java.lang.Thread.run(Thread.java:748) [?:1.8.0_212]
2019-07-30 18:56:40,092 INFO  impl.HddsDispatcher (ContainerUtils.java:logAndReturnError(146)) - Operation: WriteChunk : Trace ID: 62d72fb3f4e80495:e79c084a78fc682d:335081898f0f0dc8:0 : Message: ContainerID 3 creation failed : Result: DISK_OUT_OF_SPACE
2019-07-30 18:56:40,095 INFO  keyvalue.KeyValueHandler (ContainerUtils.java:logAndReturnError(146)) - Operation: CreateContainer : Trace ID: 3a4876cbed1d516d:e83d9a0556b1f4b6:b3768e4cf26f6783:0 : Message: Container creation failed, due to disk out of space : Result: DISK_OUT_OF_SPACE
18:56:40.095 [pool-48-thread-38] ERROR DNAudit - user=null | ip=null | op=WRITE_CHUNK {blockData=conID: 3 locID: 102531923973898295 bcsId: 0} | ret=FAILURE
org.apache.hadoop.hdds.scm.container.common.helpers.StorageContainerException: ContainerID 3 creation failed
	at org.apache.hadoop.ozone.container.common.impl.HddsDispatcher.dispatchRequest(HddsDispatcher.java:227) ~[classes/:?]
	at org.apache.hadoop.ozone.container.common.impl.HddsDispatcher.dispatch(HddsDispatcher.java:148) ~[classes/:?]
	at org.apache.hadoop.ozone.container.common.transport.server.ratis.ContainerStateMachine.dispatchCommand(ContainerStateMachine.java:374) ~[classes/:?]
	at org.apache.hadoop.ozone.container.common.transport.server.ratis.ContainerStateMachine.runCommand(ContainerStateMachine.java:381) ~[classes/:?]
	at org.apache.hadoop.ozone.container.common.transport.server.ratis.ContainerStateMachine.lambda$handleWriteChunk$1(ContainerStateMachine.java:412) ~[classes/:?]
	at java.util.concurrent.CompletableFuture$AsyncSupply.run(CompletableFuture.java:1590) [?:1.8.0_212]
	at java.util.concurrent.ThreadPoolExecutor.runWorker(ThreadPoolExecutor.java:1149) [?:1.8.0_212]
	at java.util.concurrent.ThreadPoolExecutor$Worker.run(ThreadPoolExecutor.java:624) [?:1.8.0_212]
	at java.lang.Thread.run(Thread.java:748) [?:1.8.0_212]
2019-07-30 18:56:40,095 INFO  impl.HddsDispatcher (ContainerUtils.java:logAndReturnError(146)) - Operation: WriteChunk : Trace ID: 3a4876cbed1d516d:e83d9a0556b1f4b6:b3768e4cf26f6783:0 : Message: ContainerID 3 creation failed : Result: DISK_OUT_OF_SPACE
2019-07-30 18:56:40,095 INFO  keyvalue.KeyValueHandler (ContainerUtils.java:logAndReturnError(146)) - Operation: CreateContainer : Trace ID: 3a4876cbed1d516d:e83d9a0556b1f4b6:b3768e4cf26f6783:0 : Message: Container creation failed, due to disk out of space : Result: DISK_OUT_OF_SPACE
2019-07-30 18:56:40,096 INFO  keyvalue.KeyValueHandler (ContainerUtils.java:logAndReturnError(146)) - Operation: CreateContainer : Trace ID: 3a4876cbed1d516d:e83d9a0556b1f4b6:b3768e4cf26f6783:0 : Message: Container creation failed, due to disk out of space : Result: DISK_OUT_OF_SPACE
18:56:40.096 [pool-70-thread-33] ERROR DNAudit - user=null | ip=null | op=WRITE_CHUNK {blockData=conID: 3 locID: 102531923973898295 bcsId: 0} | ret=FAILURE
org.apache.hadoop.hdds.scm.container.common.helpers.StorageContainerException: ContainerID 3 creation failed
	at org.apache.hadoop.ozone.container.common.impl.HddsDispatcher.dispatchRequest(HddsDispatcher.java:227) ~[classes/:?]
	at org.apache.hadoop.ozone.container.common.impl.HddsDispatcher.dispatch(HddsDispatcher.java:148) ~[classes/:?]
	at org.apache.hadoop.ozone.container.common.transport.server.ratis.ContainerStateMachine.dispatchCommand(ContainerStateMachine.java:374) ~[classes/:?]
	at org.apache.hadoop.ozone.container.common.transport.server.ratis.ContainerStateMachine.runCommand(ContainerStateMachine.java:381) ~[classes/:?]
	at org.apache.hadoop.ozone.container.common.transport.server.ratis.ContainerStateMachine.lambda$handleWriteChunk$1(ContainerStateMachine.java:412) ~[classes/:?]
	at java.util.concurrent.CompletableFuture$AsyncSupply.run(CompletableFuture.java:1590) [?:1.8.0_212]
	at java.util.concurrent.ThreadPoolExecutor.runWorker(ThreadPoolExecutor.java:1149) [?:1.8.0_212]
	at java.util.concurrent.ThreadPoolExecutor$Worker.run(ThreadPoolExecutor.java:624) [?:1.8.0_212]
	at java.lang.Thread.run(Thread.java:748) [?:1.8.0_212]
2019-07-30 18:56:40,096 INFO  impl.HddsDispatcher (ContainerUtils.java:logAndReturnError(146)) - Operation: WriteChunk : Trace ID: 3a4876cbed1d516d:e83d9a0556b1f4b6:b3768e4cf26f6783:0 : Message: ContainerID 3 creation failed : Result: DISK_OUT_OF_SPACE
18:56:40.096 [pool-26-thread-33] ERROR DNAudit - user=null | ip=null | op=WRITE_CHUNK {blockData=conID: 3 locID: 102531923973898295 bcsId: 0} | ret=FAILURE
org.apache.hadoop.hdds.scm.container.common.helpers.StorageContainerException: ContainerID 3 creation failed
	at org.apache.hadoop.ozone.container.common.impl.HddsDispatcher.dispatchRequest(HddsDispatcher.java:227) ~[classes/:?]
	at org.apache.hadoop.ozone.container.common.impl.HddsDispatcher.dispatch(HddsDispatcher.java:148) ~[classes/:?]
	at org.apache.hadoop.ozone.container.common.transport.server.ratis.ContainerStateMachine.dispatchCommand(ContainerStateMachine.java:374) ~[classes/:?]
	at org.apache.hadoop.ozone.container.common.transport.server.ratis.ContainerStateMachine.runCommand(ContainerStateMachine.java:381) ~[classes/:?]
	at org.apache.hadoop.ozone.container.common.transport.server.ratis.ContainerStateMachine.lambda$handleWriteChunk$1(ContainerStateMachine.java:412) ~[classes/:?]
	at java.util.concurrent.CompletableFuture$AsyncSupply.run(CompletableFuture.java:1590) [?:1.8.0_212]
	at java.util.concurrent.ThreadPoolExecutor.runWorker(ThreadPoolExecutor.java:1149) [?:1.8.0_212]
	at java.util.concurrent.ThreadPoolExecutor$Worker.run(ThreadPoolExecutor.java:624) [?:1.8.0_212]
	at java.lang.Thread.run(Thread.java:748) [?:1.8.0_212]
2019-07-30 18:56:40,096 INFO  impl.HddsDispatcher (ContainerUtils.java:logAndReturnError(146)) - Operation: WriteChunk : Trace ID: 3a4876cbed1d516d:e83d9a0556b1f4b6:b3768e4cf26f6783:0 : Message: ContainerID 3 creation failed : Result: DISK_OUT_OF_SPACE
18:56:40.103 [RatisApplyTransactionExecutor 3] ERROR DNAudit - user=null | ip=null | op=WRITE_CHUNK {blockData=conID: 3 locID: 102531923973636143 bcsId: 0} | ret=FAILURE
org.apache.hadoop.hdds.scm.container.common.helpers.StorageContainerException: ContainerID 3 does not exist
	at org.apache.hadoop.ozone.container.common.impl.HddsDispatcher.dispatchRequest(HddsDispatcher.java:242) ~[classes/:?]
	at org.apache.hadoop.ozone.container.common.impl.HddsDispatcher.dispatch(HddsDispatcher.java:148) ~[classes/:?]
	at org.apache.hadoop.ozone.container.common.transport.server.ratis.ContainerStateMachine.dispatchCommand(ContainerStateMachine.java:374) ~[classes/:?]
	at org.apache.hadoop.ozone.container.common.transport.server.ratis.ContainerStateMachine.runCommand(ContainerStateMachine.java:381) ~[classes/:?]
	at org.apache.hadoop.ozone.container.common.transport.server.ratis.ContainerStateMachine.lambda$applyTransaction$6(ContainerStateMachine.java:647) ~[classes/:?]
	at java.util.concurrent.CompletableFuture$AsyncSupply.run(CompletableFuture.java:1590) [?:1.8.0_212]
	at java.util.concurrent.ThreadPoolExecutor.runWorker(ThreadPoolExecutor.java:1149) [?:1.8.0_212]
	at java.util.concurrent.ThreadPoolExecutor$Worker.run(ThreadPoolExecutor.java:624) [?:1.8.0_212]
	at java.lang.Thread.run(Thread.java:748) [?:1.8.0_212]
2019-07-30 18:56:40,104 INFO  impl.HddsDispatcher (ContainerUtils.java:logAndReturnError(146)) - Operation: WriteChunk : Trace ID: 62d72fb3f4e80495:e79c084a78fc682d:335081898f0f0dc8:0 : Message: ContainerID 3 does not exist : Result: CONTAINER_NOT_FOUND
18:56:40.104 [RatisApplyTransactionExecutor 3] ERROR DNAudit - user=null | ip=null | op=PUT_BLOCK {blockData=[blockId=conID: 3 locID: 102531923973636143 bcsId: 0,size=10240]} | ret=FAILURE
org.apache.hadoop.hdds.scm.container.common.helpers.StorageContainerException: ContainerID 3 does not exist
	at org.apache.hadoop.ozone.container.common.impl.HddsDispatcher.dispatchRequest(HddsDispatcher.java:242) ~[classes/:?]
	at org.apache.hadoop.ozone.container.common.impl.HddsDispatcher.dispatch(HddsDispatcher.java:148) ~[classes/:?]
	at org.apache.hadoop.ozone.container.common.transport.server.ratis.ContainerStateMachine.dispatchCommand(ContainerStateMachine.java:374) ~[classes/:?]
	at org.apache.hadoop.ozone.container.common.transport.server.ratis.ContainerStateMachine.runCommand(ContainerStateMachine.java:381) ~[classes/:?]
	at org.apache.hadoop.ozone.container.common.transport.server.ratis.ContainerStateMachine.lambda$applyTransaction$6(ContainerStateMachine.java:647) ~[classes/:?]
	at java.util.concurrent.CompletableFuture$AsyncSupply.run(CompletableFuture.java:1590) [?:1.8.0_212]
	at java.util.concurrent.ThreadPoolExecutor.runWorker(ThreadPoolExecutor.java:1149) [?:1.8.0_212]
	at java.util.concurrent.ThreadPoolExecutor$Worker.run(ThreadPoolExecutor.java:624) [?:1.8.0_212]
	at java.lang.Thread.run(Thread.java:748) [?:1.8.0_212]
2019-07-30 18:56:40,104 INFO  impl.HddsDispatcher (ContainerUtils.java:logAndReturnError(146)) - Operation: PutBlock : Trace ID: 62d72fb3f4e80495:8018da416391a27d:335081898f0f0dc8:0 : Message: ContainerID 3 does not exist : Result: CONTAINER_NOT_FOUND
2019-07-30 18:56:40,105 INFO  client.GrpcClientProtocolClient (GrpcClientProtocolClient.java:onNext(255)) - client-E5BBE3B31844->e7c18ed1-d699-403d-a564-75580f46a889: receive RaftClientReply:client-E5BBE3B31844->e7c18ed1-d699-403d-a564-75580f46a889@group-26BEC2E87304, cid=80, SUCCESS, logIndex=104, commits[e7c18ed1-d699-403d-a564-75580f46a889:c105, a8e08a43-06d6-4ff3-a2b7-a01daa83b6fa:c103, dee37eed-b08c-4bdc-b9df-d4cef787bd4b:c103]
2019-07-30 18:56:40,105 ERROR storage.BlockOutputStream (BlockOutputStream.java:validateResponse(531)) - Unexpected Storage Container Exception: 
org.apache.hadoop.hdds.scm.container.common.helpers.StorageContainerException: ContainerID 3 does not exist
	at org.apache.hadoop.hdds.scm.storage.ContainerProtocolCalls.validateContainerResponse(ContainerProtocolCalls.java:536)
	at org.apache.hadoop.hdds.scm.storage.BlockOutputStream.validateResponse(BlockOutputStream.java:529)
	at org.apache.hadoop.hdds.scm.storage.BlockOutputStream.lambda$writeChunkToContainer$2(BlockOutputStream.java:606)
	at java.util.concurrent.CompletableFuture.uniApply(CompletableFuture.java:602)
	at java.util.concurrent.CompletableFuture$UniApply.tryFire(CompletableFuture.java:577)
	at java.util.concurrent.CompletableFuture$Completion.run(CompletableFuture.java:442)
	at java.util.concurrent.ThreadPoolExecutor.runWorker(ThreadPoolExecutor.java:1149)
	at java.util.concurrent.ThreadPoolExecutor$Worker.run(ThreadPoolExecutor.java:624)
	at java.lang.Thread.run(Thread.java:748)
2019-07-30 18:56:40,108 INFO  client.GrpcClientProtocolClient (GrpcClientProtocolClient.java:onNext(255)) - client-E5BBE3B31844->e7c18ed1-d699-403d-a564-75580f46a889: receive RaftClientReply:client-E5BBE3B31844->e7c18ed1-d699-403d-a564-75580f46a889@group-26BEC2E87304, cid=81, SUCCESS, logIndex=105, commits[e7c18ed1-d699-403d-a564-75580f46a889:c105, a8e08a43-06d6-4ff3-a2b7-a01daa83b6fa:c103, dee37eed-b08c-4bdc-b9df-d4cef787bd4b:c103]
2019-07-30 18:56:40,111 ERROR freon.RandomKeyGenerator (RandomKeyGenerator.java:createKey(730)) - Exception while adding key: key-1-63428 in bucket: bucket-3-08603 of volume: vol-1-01715.
java.io.IOException: Unexpected Storage Container Exception: org.apache.hadoop.hdds.scm.container.common.helpers.StorageContainerException: ContainerID 3 does not exist
	at org.apache.hadoop.hdds.scm.storage.BlockOutputStream.setIoException(BlockOutputStream.java:541)
	at org.apache.hadoop.hdds.scm.storage.BlockOutputStream.validateResponse(BlockOutputStream.java:532)
	at org.apache.hadoop.hdds.scm.storage.BlockOutputStream.lambda$writeChunkToContainer$2(BlockOutputStream.java:606)
	at java.util.concurrent.CompletableFuture.uniApply(CompletableFuture.java:602)
	at java.util.concurrent.CompletableFuture$UniApply.tryFire(CompletableFuture.java:577)
	at java.util.concurrent.CompletableFuture$Completion.run(CompletableFuture.java:442)
	at java.util.concurrent.ThreadPoolExecutor.runWorker(ThreadPoolExecutor.java:1149)
	at java.util.concurrent.ThreadPoolExecutor$Worker.run(ThreadPoolExecutor.java:624)
	at java.lang.Thread.run(Thread.java:748)
Caused by: org.apache.hadoop.hdds.scm.container.common.helpers.StorageContainerException: ContainerID 3 does not exist
	at org.apache.hadoop.hdds.scm.storage.ContainerProtocolCalls.validateContainerResponse(ContainerProtocolCalls.java:536)
	at org.apache.hadoop.hdds.scm.storage.BlockOutputStream.validateResponse(BlockOutputStream.java:529)
	... 7 more
18:56:40.112 [RatisApplyTransactionExecutor 3] ERROR DNAudit - user=null | ip=null | op=WRITE_CHUNK {blockData=conID: 3 locID: 102531923973898295 bcsId: 0} | ret=FAILURE
org.apache.hadoop.hdds.scm.container.common.helpers.StorageContainerException: ContainerID 3 does not exist
	at org.apache.hadoop.ozone.container.common.impl.HddsDispatcher.dispatchRequest(HddsDispatcher.java:242) ~[classes/:?]
	at org.apache.hadoop.ozone.container.common.impl.HddsDispatcher.dispatch(HddsDispatcher.java:148) ~[classes/:?]
	at org.apache.hadoop.ozone.container.common.transport.server.ratis.ContainerStateMachine.dispatchCommand(ContainerStateMachine.java:374) ~[classes/:?]
	at org.apache.hadoop.ozone.container.common.transport.server.ratis.ContainerStateMachine.runCommand(ContainerStateMachine.java:381) ~[classes/:?]
	at org.apache.hadoop.ozone.container.common.transport.server.ratis.ContainerStateMachine.lambda$applyTransaction$6(ContainerStateMachine.java:647) ~[classes/:?]
	at java.util.concurrent.CompletableFuture$AsyncSupply.run(CompletableFuture.java:1590) [?:1.8.0_212]
	at java.util.concurrent.ThreadPoolExecutor.runWorker(ThreadPoolExecutor.java:1149) [?:1.8.0_212]
	at java.util.concurrent.ThreadPoolExecutor$Worker.run(ThreadPoolExecutor.java:624) [?:1.8.0_212]
	at java.lang.Thread.run(Thread.java:748) [?:1.8.0_212]
2019-07-30 18:56:40,112 INFO  impl.HddsDispatcher (ContainerUtils.java:logAndReturnError(146)) - Operation: WriteChunk : Trace ID: 3a4876cbed1d516d:e83d9a0556b1f4b6:b3768e4cf26f6783:0 : Message: ContainerID 3 does not exist : Result: CONTAINER_NOT_FOUND
2019-07-30 18:56:40,113 INFO  client.GrpcClientProtocolClient (GrpcClientProtocolClient.java:onNext(255)) - client-E5BBE3B31844->e7c18ed1-d699-403d-a564-75580f46a889: receive RaftClientReply:client-E5BBE3B31844->e7c18ed1-d699-403d-a564-75580f46a889@group-26BEC2E87304, cid=82, SUCCESS, logIndex=106, commits[e7c18ed1-d699-403d-a564-75580f46a889:c108, a8e08a43-06d6-4ff3-a2b7-a01daa83b6fa:c103, dee37eed-b08c-4bdc-b9df-d4cef787bd4b:c103]
18:56:40.113 [RatisApplyTransactionExecutor 3] ERROR DNAudit - user=null | ip=null | op=WRITE_CHUNK {blockData=conID: 3 locID: 102531923973636143 bcsId: 0} | ret=FAILURE
org.apache.hadoop.hdds.scm.container.common.helpers.StorageContainerException: ContainerID 3 does not exist
	at org.apache.hadoop.ozone.container.common.impl.HddsDispatcher.dispatchRequest(HddsDispatcher.java:242) ~[classes/:?]
	at org.apache.hadoop.ozone.container.common.impl.HddsDispatcher.dispatch(HddsDispatcher.java:148) ~[classes/:?]
	at org.apache.hadoop.ozone.container.common.transport.server.ratis.ContainerStateMachine.dispatchCommand(ContainerStateMachine.java:374) ~[classes/:?]
	at org.apache.hadoop.ozone.container.common.transport.server.ratis.ContainerStateMachine.runCommand(ContainerStateMachine.java:381) ~[classes/:?]
	at org.apache.hadoop.ozone.container.common.transport.server.ratis.ContainerStateMachine.lambda$applyTransaction$6(ContainerStateMachine.java:647) ~[classes/:?]
	at java.util.concurrent.CompletableFuture$AsyncSupply.run(CompletableFuture.java:1590) [?:1.8.0_212]
	at java.util.concurrent.ThreadPoolExecutor.runWorker(ThreadPoolExecutor.java:1149) [?:1.8.0_212]
	at java.util.concurrent.ThreadPoolExecutor$Worker.run(ThreadPoolExecutor.java:624) [?:1.8.0_212]
	at java.lang.Thread.run(Thread.java:748) [?:1.8.0_212]
2019-07-30 18:56:40,115 INFO  impl.HddsDispatcher (ContainerUtils.java:logAndReturnError(146)) - Operation: WriteChunk : Trace ID: 62d72fb3f4e80495:e79c084a78fc682d:335081898f0f0dc8:0 : Message: ContainerID 3 does not exist : Result: CONTAINER_NOT_FOUND
18:56:40.114 [RatisApplyTransactionExecutor 3] ERROR DNAudit - user=null | ip=null | op=WRITE_CHUNK {blockData=conID: 3 locID: 102531923973636143 bcsId: 0} | ret=FAILURE
org.apache.hadoop.hdds.scm.container.common.helpers.StorageContainerException: ContainerID 3 does not exist
	at org.apache.hadoop.ozone.container.common.impl.HddsDispatcher.dispatchRequest(HddsDispatcher.java:242) ~[classes/:?]
	at org.apache.hadoop.ozone.container.common.impl.HddsDispatcher.dispatch(HddsDispatcher.java:148) ~[classes/:?]
	at org.apache.hadoop.ozone.container.common.transport.server.ratis.ContainerStateMachine.dispatchCommand(ContainerStateMachine.java:374) ~[classes/:?]
	at org.apache.hadoop.ozone.container.common.transport.server.ratis.ContainerStateMachine.runCommand(ContainerStateMachine.java:381) ~[classes/:?]
	at org.apache.hadoop.ozone.container.common.transport.server.ratis.ContainerStateMachine.lambda$applyTransaction$6(ContainerStateMachine.java:647) ~[classes/:?]
	at java.util.concurrent.CompletableFuture$AsyncSupply.run(CompletableFuture.java:1590) [?:1.8.0_212]
	at java.util.concurrent.ThreadPoolExecutor.runWorker(ThreadPoolExecutor.java:1149) [?:1.8.0_212]
	at java.util.concurrent.ThreadPoolExecutor$Worker.run(ThreadPoolExecutor.java:624) [?:1.8.0_212]
	at java.lang.Thread.run(Thread.java:748) [?:1.8.0_212]
2019-07-30 18:56:40,115 INFO  impl.HddsDispatcher (ContainerUtils.java:logAndReturnError(146)) - Operation: WriteChunk : Trace ID: 62d72fb3f4e80495:e79c084a78fc682d:335081898f0f0dc8:0 : Message: ContainerID 3 does not exist : Result: CONTAINER_NOT_FOUND
2019-07-30 18:56:40,116 INFO  client.GrpcClientProtocolClient (GrpcClientProtocolClient.java:onNext(255)) - client-E5BBE3B31844->e7c18ed1-d699-403d-a564-75580f46a889: receive RaftClientReply:client-E5BBE3B31844->e7c18ed1-d699-403d-a564-75580f46a889@group-26BEC2E87304, cid=83, SUCCESS, logIndex=107, commits[e7c18ed1-d699-403d-a564-75580f46a889:c108, a8e08a43-06d6-4ff3-a2b7-a01daa83b6fa:c103, dee37eed-b08c-4bdc-b9df-d4cef787bd4b:c103]
18:56:40.116 [RatisApplyTransactionExecutor 3] ERROR DNAudit - user=null | ip=null | op=PUT_BLOCK {blockData=[blockId=conID: 3 locID: 102531923973636143 bcsId: 0,size=10240]} | ret=FAILURE
org.apache.hadoop.hdds.scm.container.common.helpers.StorageContainerException: ContainerID 3 does not exist
	at org.apache.hadoop.ozone.container.common.impl.HddsDispatcher.dispatchRequest(HddsDispatcher.java:242) ~[classes/:?]
	at org.apache.hadoop.ozone.container.common.impl.HddsDispatcher.dispatch(HddsDispatcher.java:148) ~[classes/:?]
	at org.apache.hadoop.ozone.container.common.transport.server.ratis.ContainerStateMachine.dispatchCommand(ContainerStateMachine.java:374) ~[classes/:?]
	at org.apache.hadoop.ozone.container.common.transport.server.ratis.ContainerStateMachine.runCommand(ContainerStateMachine.java:381) ~[classes/:?]
	at org.apache.hadoop.ozone.container.common.transport.server.ratis.ContainerStateMachine.lambda$applyTransaction$6(ContainerStateMachine.java:647) ~[classes/:?]
	at java.util.concurrent.CompletableFuture$AsyncSupply.run(CompletableFuture.java:1590) [?:1.8.0_212]
	at java.util.concurrent.ThreadPoolExecutor.runWorker(ThreadPoolExecutor.java:1149) [?:1.8.0_212]
	at java.util.concurrent.ThreadPoolExecutor$Worker.run(ThreadPoolExecutor.java:624) [?:1.8.0_212]
	at java.lang.Thread.run(Thread.java:748) [?:1.8.0_212]
18:56:40.116 [RatisApplyTransactionExecutor 3] ERROR DNAudit - user=null | ip=null | op=PUT_BLOCK {blockData=[blockId=conID: 3 locID: 102531923973898295 bcsId: 0,size=10240]} | ret=FAILURE
org.apache.hadoop.hdds.scm.container.common.helpers.StorageContainerException: ContainerID 3 does not exist
	at org.apache.hadoop.ozone.container.common.impl.HddsDispatcher.dispatchRequest(HddsDispatcher.java:242) ~[classes/:?]
	at org.apache.hadoop.ozone.container.common.impl.HddsDispatcher.dispatch(HddsDispatcher.java:148) ~[classes/:?]
	at org.apache.hadoop.ozone.container.common.transport.server.ratis.ContainerStateMachine.dispatchCommand(ContainerStateMachine.java:374) ~[classes/:?]
	at org.apache.hadoop.ozone.container.common.transport.server.ratis.ContainerStateMachine.runCommand(ContainerStateMachine.java:381) ~[classes/:?]
	at org.apache.hadoop.ozone.container.common.transport.server.ratis.ContainerStateMachine.lambda$applyTransaction$6(ContainerStateMachine.java:647) ~[classes/:?]
	at java.util.concurrent.CompletableFuture$AsyncSupply.run(CompletableFuture.java:1590) [?:1.8.0_212]
	at java.util.concurrent.ThreadPoolExecutor.runWorker(ThreadPoolExecutor.java:1149) [?:1.8.0_212]
	at java.util.concurrent.ThreadPoolExecutor$Worker.run(ThreadPoolExecutor.java:624) [?:1.8.0_212]
	at java.lang.Thread.run(Thread.java:748) [?:1.8.0_212]
18:56:40.116 [RatisApplyTransactionExecutor 3] ERROR DNAudit - user=null | ip=null | op=PUT_BLOCK {blockData=[blockId=conID: 3 locID: 102531923973636143 bcsId: 0,size=10240]} | ret=FAILURE
org.apache.hadoop.hdds.scm.container.common.helpers.StorageContainerException: ContainerID 3 does not exist
	at org.apache.hadoop.ozone.container.common.impl.HddsDispatcher.dispatchRequest(HddsDispatcher.java:242) ~[classes/:?]
	at org.apache.hadoop.ozone.container.common.impl.HddsDispatcher.dispatch(HddsDispatcher.java:148) ~[classes/:?]
	at org.apache.hadoop.ozone.container.common.transport.server.ratis.ContainerStateMachine.dispatchCommand(ContainerStateMachine.java:374) ~[classes/:?]
	at org.apache.hadoop.ozone.container.common.transport.server.ratis.ContainerStateMachine.runCommand(ContainerStateMachine.java:381) ~[classes/:?]
	at org.apache.hadoop.ozone.container.common.transport.server.ratis.ContainerStateMachine.lambda$applyTransaction$6(ContainerStateMachine.java:647) ~[classes/:?]
	at java.util.concurrent.CompletableFuture$AsyncSupply.run(CompletableFuture.java:1590) [?:1.8.0_212]
	at java.util.concurrent.ThreadPoolExecutor.runWorker(ThreadPoolExecutor.java:1149) [?:1.8.0_212]
	at java.util.concurrent.ThreadPoolExecutor$Worker.run(ThreadPoolExecutor.java:624) [?:1.8.0_212]
	at java.lang.Thread.run(Thread.java:748) [?:1.8.0_212]
2019-07-30 18:56:40,116 INFO  impl.HddsDispatcher (ContainerUtils.java:logAndReturnError(146)) - Operation: PutBlock : Trace ID: 62d72fb3f4e80495:8018da416391a27d:335081898f0f0dc8:0 : Message: ContainerID 3 does not exist : Result: CONTAINER_NOT_FOUND
2019-07-30 18:56:40,116 INFO  impl.HddsDispatcher (ContainerUtils.java:logAndReturnError(146)) - Operation: PutBlock : Trace ID: 62d72fb3f4e80495:8018da416391a27d:335081898f0f0dc8:0 : Message: ContainerID 3 does not exist : Result: CONTAINER_NOT_FOUND
2019-07-30 18:56:40,116 INFO  impl.HddsDispatcher (ContainerUtils.java:logAndReturnError(146)) - Operation: PutBlock : Trace ID: 3a4876cbed1d516d:8e0ec64f406bc558:b3768e4cf26f6783:0 : Message: ContainerID 3 does not exist : Result: CONTAINER_NOT_FOUND
2019-07-30 18:56:40,116 INFO  client.GrpcClientProtocolClient (GrpcClientProtocolClient.java:onNext(255)) - client-E5BBE3B31844->e7c18ed1-d699-403d-a564-75580f46a889: receive RaftClientReply:client-E5BBE3B31844->e7c18ed1-d699-403d-a564-75580f46a889@group-26BEC2E87304, cid=85, SUCCESS, logIndex=108, commits[e7c18ed1-d699-403d-a564-75580f46a889:c110, a8e08a43-06d6-4ff3-a2b7-a01daa83b6fa:c103, dee37eed-b08c-4bdc-b9df-d4cef787bd4b:c103]
2019-07-30 18:56:40,117 INFO  client.GrpcClientProtocolClient (GrpcClientProtocolClient.java:onNext(255)) - client-E5BBE3B31844->e7c18ed1-d699-403d-a564-75580f46a889: receive RaftClientReply:client-E5BBE3B31844->e7c18ed1-d699-403d-a564-75580f46a889@group-26BEC2E87304, cid=86, SUCCESS, logIndex=109, commits[e7c18ed1-d699-403d-a564-75580f46a889:c110, a8e08a43-06d6-4ff3-a2b7-a01daa83b6fa:c103, dee37eed-b08c-4bdc-b9df-d4cef787bd4b:c103]
2019-07-30 18:56:40,118 ERROR storage.BlockOutputStream (BlockOutputStream.java:validateResponse(531)) - Unexpected Storage Container Exception: 
org.apache.hadoop.hdds.scm.container.common.helpers.StorageContainerException: ContainerID 3 does not exist
	at org.apache.hadoop.hdds.scm.storage.ContainerProtocolCalls.validateContainerResponse(ContainerProtocolCalls.java:536)
	at org.apache.hadoop.hdds.scm.storage.BlockOutputStream.validateResponse(BlockOutputStream.java:529)
	at org.apache.hadoop.hdds.scm.storage.BlockOutputStream.lambda$writeChunkToContainer$2(BlockOutputStream.java:606)
	at java.util.concurrent.CompletableFuture.uniApply(CompletableFuture.java:602)
	at java.util.concurrent.CompletableFuture$UniApply.tryFire(CompletableFuture.java:577)
	at java.util.concurrent.CompletableFuture$Completion.run(CompletableFuture.java:442)
	at java.util.concurrent.ThreadPoolExecutor.runWorker(ThreadPoolExecutor.java:1149)
	at java.util.concurrent.ThreadPoolExecutor$Worker.run(ThreadPoolExecutor.java:624)
	at java.lang.Thread.run(Thread.java:748)
2019-07-30 18:56:40,118 INFO  client.GrpcClientProtocolClient (GrpcClientProtocolClient.java:onNext(255)) - client-E5BBE3B31844->e7c18ed1-d699-403d-a564-75580f46a889: receive RaftClientReply:client-E5BBE3B31844->e7c18ed1-d699-403d-a564-75580f46a889@group-26BEC2E87304, cid=87, SUCCESS, logIndex=110, commits[e7c18ed1-d699-403d-a564-75580f46a889:c110, a8e08a43-06d6-4ff3-a2b7-a01daa83b6fa:c103, dee37eed-b08c-4bdc-b9df-d4cef787bd4b:c103]
2019-07-30 18:56:40,118 INFO  client.GrpcClientProtocolClient (GrpcClientProtocolClient.java:onNext(255)) - client-E5BBE3B31844->e7c18ed1-d699-403d-a564-75580f46a889: receive RaftClientReply:client-E5BBE3B31844->e7c18ed1-d699-403d-a564-75580f46a889@group-26BEC2E87304, cid=88, SUCCESS, logIndex=111, commits[e7c18ed1-d699-403d-a564-75580f46a889:c115, a8e08a43-06d6-4ff3-a2b7-a01daa83b6fa:c105, dee37eed-b08c-4bdc-b9df-d4cef787bd4b:c105]
2019-07-30 18:56:40,120 INFO  client.GrpcClientProtocolClient (GrpcClientProtocolClient.java:onNext(255)) - client-E5BBE3B31844->e7c18ed1-d699-403d-a564-75580f46a889: receive RaftClientReply:client-E5BBE3B31844->e7c18ed1-d699-403d-a564-75580f46a889@group-26BEC2E87304, cid=84, SUCCESS, logIndex=112, commits[e7c18ed1-d699-403d-a564-75580f46a889:c115, a8e08a43-06d6-4ff3-a2b7-a01daa83b6fa:c105, dee37eed-b08c-4bdc-b9df-d4cef787bd4b:c105]
2019-07-30 18:56:40,121 ERROR freon.RandomKeyGenerator (RandomKeyGenerator.java:createKey(730)) - Exception while adding key: key-2-12519 in bucket: bucket-0-71074 of volume: vol-1-01715.
java.io.IOException: Unexpected Storage Container Exception: org.apache.hadoop.hdds.scm.container.common.helpers.StorageContainerException: ContainerID 3 does not exist
	at org.apache.hadoop.hdds.scm.storage.BlockOutputStream.setIoException(BlockOutputStream.java:541)
	at org.apache.hadoop.hdds.scm.storage.BlockOutputStream.validateResponse(BlockOutputStream.java:532)
	at org.apache.hadoop.hdds.scm.storage.BlockOutputStream.lambda$writeChunkToContainer$2(BlockOutputStream.java:606)
	at java.util.concurrent.CompletableFuture.uniApply(CompletableFuture.java:602)
	at java.util.concurrent.CompletableFuture$UniApply.tryFire(CompletableFuture.java:577)
	at java.util.concurrent.CompletableFuture$Completion.run(CompletableFuture.java:442)
	at java.util.concurrent.ThreadPoolExecutor.runWorker(ThreadPoolExecutor.java:1149)
	at java.util.concurrent.ThreadPoolExecutor$Worker.run(ThreadPoolExecutor.java:624)
	at java.lang.Thread.run(Thread.java:748)
Caused by: org.apache.hadoop.hdds.scm.container.common.helpers.StorageContainerException: ContainerID 3 does not exist
	at org.apache.hadoop.hdds.scm.storage.ContainerProtocolCalls.validateContainerResponse(ContainerProtocolCalls.java:536)
	at org.apache.hadoop.hdds.scm.storage.BlockOutputStream.validateResponse(BlockOutputStream.java:529)
	... 7 more
2019-07-30 18:56:40,121 INFO  client.GrpcClientProtocolClient (GrpcClientProtocolClient.java:onNext(255)) - client-E5BBE3B31844->e7c18ed1-d699-403d-a564-75580f46a889: receive RaftClientReply:client-E5BBE3B31844->e7c18ed1-d699-403d-a564-75580f46a889@group-26BEC2E87304, cid=89, SUCCESS, logIndex=113, commits[e7c18ed1-d699-403d-a564-75580f46a889:c115, a8e08a43-06d6-4ff3-a2b7-a01daa83b6fa:c105, dee37eed-b08c-4bdc-b9df-d4cef787bd4b:c105]
18:56:40.123 [RatisApplyTransactionExecutor 3] ERROR DNAudit - user=null | ip=null | op=WRITE_CHUNK {blockData=conID: 3 locID: 102531923973898295 bcsId: 0} | ret=FAILURE
org.apache.hadoop.hdds.scm.container.common.helpers.StorageContainerException: ContainerID 3 does not exist
	at org.apache.hadoop.ozone.container.common.impl.HddsDispatcher.dispatchRequest(HddsDispatcher.java:242) ~[classes/:?]
	at org.apache.hadoop.ozone.container.common.impl.HddsDispatcher.dispatch(HddsDispatcher.java:148) ~[classes/:?]
	at org.apache.hadoop.ozone.container.common.transport.server.ratis.ContainerStateMachine.dispatchCommand(ContainerStateMachine.java:374) ~[classes/:?]
	at org.apache.hadoop.ozone.container.common.transport.server.ratis.ContainerStateMachine.runCommand(ContainerStateMachine.java:381) ~[classes/:?]
	at org.apache.hadoop.ozone.container.common.transport.server.ratis.ContainerStateMachine.lambda$applyTransaction$6(ContainerStateMachine.java:647) ~[classes/:?]
	at java.util.concurrent.CompletableFuture$AsyncSupply.run(CompletableFuture.java:1590) [?:1.8.0_212]
	at java.util.concurrent.ThreadPoolExecutor.runWorker(ThreadPoolExecutor.java:1149) [?:1.8.0_212]
	at java.util.concurrent.ThreadPoolExecutor$Worker.run(ThreadPoolExecutor.java:624) [?:1.8.0_212]
	at java.lang.Thread.run(Thread.java:748) [?:1.8.0_212]
18:56:40.124 [RatisApplyTransactionExecutor 3] ERROR DNAudit - user=null | ip=null | op=WRITE_CHUNK {blockData=conID: 3 locID: 102531923973898295 bcsId: 0} | ret=FAILURE
org.apache.hadoop.hdds.scm.container.common.helpers.StorageContainerException: ContainerID 3 does not exist
	at org.apache.hadoop.ozone.container.common.impl.HddsDispatcher.dispatchRequest(HddsDispatcher.java:242) ~[classes/:?]
	at org.apache.hadoop.ozone.container.common.impl.HddsDispatcher.dispatch(HddsDispatcher.java:148) ~[classes/:?]
	at org.apache.hadoop.ozone.container.common.transport.server.ratis.ContainerStateMachine.dispatchCommand(ContainerStateMachine.java:374) ~[classes/:?]
	at org.apache.hadoop.ozone.container.common.transport.server.ratis.ContainerStateMachine.runCommand(ContainerStateMachine.java:381) ~[classes/:?]
	at org.apache.hadoop.ozone.container.common.transport.server.ratis.ContainerStateMachine.lambda$applyTransaction$6(ContainerStateMachine.java:647) ~[classes/:?]
	at java.util.concurrent.CompletableFuture$AsyncSupply.run(CompletableFuture.java:1590) [?:1.8.0_212]
	at java.util.concurrent.ThreadPoolExecutor.runWorker(ThreadPoolExecutor.java:1149) [?:1.8.0_212]
	at java.util.concurrent.ThreadPoolExecutor$Worker.run(ThreadPoolExecutor.java:624) [?:1.8.0_212]
	at java.lang.Thread.run(Thread.java:748) [?:1.8.0_212]
2019-07-30 18:56:40,124 INFO  impl.HddsDispatcher (ContainerUtils.java:logAndReturnError(146)) - Operation: WriteChunk : Trace ID: 3a4876cbed1d516d:e83d9a0556b1f4b6:b3768e4cf26f6783:0 : Message: ContainerID 3 does not exist : Result: CONTAINER_NOT_FOUND
2019-07-30 18:56:40,124 INFO  impl.HddsDispatcher (ContainerUtils.java:logAndReturnError(146)) - Operation: WriteChunk : Trace ID: 3a4876cbed1d516d:e83d9a0556b1f4b6:b3768e4cf26f6783:0 : Message: ContainerID 3 does not exist : Result: CONTAINER_NOT_FOUND
2019-07-30 18:56:40,124 INFO  client.GrpcClientProtocolClient (GrpcClientProtocolClient.java:onNext(255)) - client-E5BBE3B31844->e7c18ed1-d699-403d-a564-75580f46a889: receive RaftClientReply:client-E5BBE3B31844->e7c18ed1-d699-403d-a564-75580f46a889@group-26BEC2E87304, cid=90, SUCCESS, logIndex=0, commits[e7c18ed1-d699-403d-a564-75580f46a889:c118, a8e08a43-06d6-4ff3-a2b7-a01daa83b6fa:c108, dee37eed-b08c-4bdc-b9df-d4cef787bd4b:c108]
2019-07-30 18:56:40,125 INFO  client.GrpcClientProtocolClient (GrpcClientProtocolClient.java:onNext(255)) - client-E5BBE3B31844->e7c18ed1-d699-403d-a564-75580f46a889: receive RaftClientReply:client-E5BBE3B31844->e7c18ed1-d699-403d-a564-75580f46a889@group-26BEC2E87304, cid=91, SUCCESS, logIndex=0, commits[e7c18ed1-d699-403d-a564-75580f46a889:c120, a8e08a43-06d6-4ff3-a2b7-a01daa83b6fa:c110, dee37eed-b08c-4bdc-b9df-d4cef787bd4b:c110]
18:56:40.151 [RatisApplyTransactionExecutor 3] ERROR DNAudit - user=null | ip=null | op=PUT_BLOCK {blockData=[blockId=conID: 3 locID: 102531923973898295 bcsId: 0,size=10240]} | ret=FAILURE
org.apache.hadoop.hdds.scm.container.common.helpers.StorageContainerException: ContainerID 3 does not exist
	at org.apache.hadoop.ozone.container.common.impl.HddsDispatcher.dispatchRequest(HddsDispatcher.java:242) ~[classes/:?]
	at org.apache.hadoop.ozone.container.common.impl.HddsDispatcher.dispatch(HddsDispatcher.java:148) ~[classes/:?]
	at org.apache.hadoop.ozone.container.common.transport.server.ratis.ContainerStateMachine.dispatchCommand(ContainerStateMachine.java:374) ~[classes/:?]
	at org.apache.hadoop.ozone.container.common.transport.server.ratis.ContainerStateMachine.runCommand(ContainerStateMachine.java:381) ~[classes/:?]
	at org.apache.hadoop.ozone.container.common.transport.server.ratis.ContainerStateMachine.lambda$applyTransaction$6(ContainerStateMachine.java:647) ~[classes/:?]
	at java.util.concurrent.CompletableFuture$AsyncSupply.run(CompletableFuture.java:1590) [?:1.8.0_212]
	at java.util.concurrent.ThreadPoolExecutor.runWorker(ThreadPoolExecutor.java:1149) [?:1.8.0_212]
	at java.util.concurrent.ThreadPoolExecutor$Worker.run(ThreadPoolExecutor.java:624) [?:1.8.0_212]
	at java.lang.Thread.run(Thread.java:748) [?:1.8.0_212]
2019-07-30 18:56:40,152 INFO  impl.HddsDispatcher (ContainerUtils.java:logAndReturnError(146)) - Operation: PutBlock : Trace ID: 3a4876cbed1d516d:8e0ec64f406bc558:b3768e4cf26f6783:0 : Message: ContainerID 3 does not exist : Result: CONTAINER_NOT_FOUND
18:56:40.152 [RatisApplyTransactionExecutor 3] ERROR DNAudit - user=null | ip=null | op=PUT_BLOCK {blockData=[blockId=conID: 3 locID: 102531923973898295 bcsId: 0,size=10240]} | ret=FAILURE
org.apache.hadoop.hdds.scm.container.common.helpers.StorageContainerException: ContainerID 3 does not exist
	at org.apache.hadoop.ozone.container.common.impl.HddsDispatcher.dispatchRequest(HddsDispatcher.java:242) ~[classes/:?]
	at org.apache.hadoop.ozone.container.common.impl.HddsDispatcher.dispatch(HddsDispatcher.java:148) ~[classes/:?]
	at org.apache.hadoop.ozone.container.common.transport.server.ratis.ContainerStateMachine.dispatchCommand(ContainerStateMachine.java:374) ~[classes/:?]
	at org.apache.hadoop.ozone.container.common.transport.server.ratis.ContainerStateMachine.runCommand(ContainerStateMachine.java:381) ~[classes/:?]
	at org.apache.hadoop.ozone.container.common.transport.server.ratis.ContainerStateMachine.lambda$applyTransaction$6(ContainerStateMachine.java:647) ~[classes/:?]
	at java.util.concurrent.CompletableFuture$AsyncSupply.run(CompletableFuture.java:1590) [?:1.8.0_212]
	at java.util.concurrent.ThreadPoolExecutor.runWorker(ThreadPoolExecutor.java:1149) [?:1.8.0_212]
	at java.util.concurrent.ThreadPoolExecutor$Worker.run(ThreadPoolExecutor.java:624) [?:1.8.0_212]
	at java.lang.Thread.run(Thread.java:748) [?:1.8.0_212]
2019-07-30 18:56:40,152 INFO  impl.HddsDispatcher (ContainerUtils.java:logAndReturnError(146)) - Operation: PutBlock : Trace ID: 3a4876cbed1d516d:8e0ec64f406bc558:b3768e4cf26f6783:0 : Message: ContainerID 3 does not exist : Result: CONTAINER_NOT_FOUND
2019-07-30 18:56:40,153 INFO  client.GrpcClientProtocolClient (GrpcClientProtocolClient.java:onNext(255)) - client-E5BBE3B31844->e7c18ed1-d699-403d-a564-75580f46a889: receive RaftClientReply:client-E5BBE3B31844->e7c18ed1-d699-403d-a564-75580f46a889@group-26BEC2E87304, cid=92, SUCCESS, logIndex=0, commits[e7c18ed1-d699-403d-a564-75580f46a889:c121, a8e08a43-06d6-4ff3-a2b7-a01daa83b6fa:c120, dee37eed-b08c-4bdc-b9df-d4cef787bd4b:c120]
2019-07-30 18:56:40,153 INFO  client.GrpcClientProtocolClient (GrpcClientProtocolClient.java:onNext(255)) - client-E5BBE3B31844->e7c18ed1-d699-403d-a564-75580f46a889: receive RaftClientReply:client-E5BBE3B31844->e7c18ed1-d699-403d-a564-75580f46a889@group-26BEC2E87304, cid=93, SUCCESS, logIndex=121, commits[e7c18ed1-d699-403d-a564-75580f46a889:c123, a8e08a43-06d6-4ff3-a2b7-a01daa83b6fa:c120, dee37eed-b08c-4bdc-b9df-d4cef787bd4b:c120]
2019-07-30 18:56:40,154 INFO  client.GrpcClientProtocolClient (GrpcClientProtocolClient.java:onNext(255)) - client-E5BBE3B31844->e7c18ed1-d699-403d-a564-75580f46a889: receive RaftClientReply:client-E5BBE3B31844->e7c18ed1-d699-403d-a564-75580f46a889@group-26BEC2E87304, cid=94, SUCCESS, logIndex=122, commits[e7c18ed1-d699-403d-a564-75580f46a889:c123, a8e08a43-06d6-4ff3-a2b7-a01daa83b6fa:c120, dee37eed-b08c-4bdc-b9df-d4cef787bd4b:c120]
2019-07-30 18:56:40,154 WARN  node.SCMNodeManager (SCMNodeManager.java:getNodeByAddress(599)) - Cannot find node for address 127.0.0.1
2019-07-30 18:56:40,154 INFO  client.GrpcClientProtocolClient (GrpcClientProtocolClient.java:onNext(255)) - client-E5BBE3B31844->e7c18ed1-d699-403d-a564-75580f46a889: receive RaftClientReply:client-E5BBE3B31844->e7c18ed1-d699-403d-a564-75580f46a889@group-26BEC2E87304, cid=95, SUCCESS, logIndex=123, commits[e7c18ed1-d699-403d-a564-75580f46a889:c123, a8e08a43-06d6-4ff3-a2b7-a01daa83b6fa:c120, dee37eed-b08c-4bdc-b9df-d4cef787bd4b:c120]
2019-07-30 18:56:40,155 INFO  client.GrpcClientProtocolClient (GrpcClientProtocolClient.java:onNext(255)) - client-E5BBE3B31844->e7c18ed1-d699-403d-a564-75580f46a889: receive RaftClientReply:client-E5BBE3B31844->e7c18ed1-d699-403d-a564-75580f46a889@group-26BEC2E87304, cid=96, SUCCESS, logIndex=124, commits[e7c18ed1-d699-403d-a564-75580f46a889:c124, a8e08a43-06d6-4ff3-a2b7-a01daa83b6fa:c120, dee37eed-b08c-4bdc-b9df-d4cef787bd4b:c120]
2019-07-30 18:56:40,158 INFO  client.GrpcClientProtocolClient (GrpcClientProtocolClient.java:onNext(255)) - client-E5BBE3B31844->e7c18ed1-d699-403d-a564-75580f46a889: receive RaftClientReply:client-E5BBE3B31844->e7c18ed1-d699-403d-a564-75580f46a889@group-26BEC2E87304, cid=97, SUCCESS, logIndex=0, commits[e7c18ed1-d699-403d-a564-75580f46a889:c125, a8e08a43-06d6-4ff3-a2b7-a01daa83b6fa:c123, dee37eed-b08c-4bdc-b9df-d4cef787bd4b:c123]
2019-07-30 18:56:40,159 INFO  client.GrpcClientProtocolClient (GrpcClientProtocolClient.java:onNext(255)) - client-E5BBE3B31844->e7c18ed1-d699-403d-a564-75580f46a889: receive RaftClientReply:client-E5BBE3B31844->e7c18ed1-d699-403d-a564-75580f46a889@group-26BEC2E87304, cid=98, SUCCESS, logIndex=0, commits[e7c18ed1-d699-403d-a564-75580f46a889:c127, a8e08a43-06d6-4ff3-a2b7-a01daa83b6fa:c124, dee37eed-b08c-4bdc-b9df-d4cef787bd4b:c124]
2019-07-30 18:56:40,175 INFO  client.GrpcClientProtocolClient (GrpcClientProtocolClient.java:onNext(255)) - client-E5BBE3B31844->e7c18ed1-d699-403d-a564-75580f46a889: receive RaftClientReply:client-E5BBE3B31844->e7c18ed1-d699-403d-a564-75580f46a889@group-26BEC2E87304, cid=99, SUCCESS, logIndex=128, commits[e7c18ed1-d699-403d-a564-75580f46a889:c129, a8e08a43-06d6-4ff3-a2b7-a01daa83b6fa:c127, dee37eed-b08c-4bdc-b9df-d4cef787bd4b:c124]
2019-07-30 18:56:40,175 INFO  keyvalue.KeyValueHandler (ContainerUtils.java:logAndReturnError(146)) - Operation: CreateContainer : Trace ID: 107a8a597aab99e9:b65c7a2540b1e0df:d013834458186deb:0 : Message: Container creation failed, due to disk out of space : Result: DISK_OUT_OF_SPACE
2019-07-30 18:56:40,175 WARN  node.SCMNodeManager (SCMNodeManager.java:getNodeByAddress(599)) - Cannot find node for address 127.0.0.1
18:56:40.175 [pool-48-thread-52] ERROR DNAudit - user=null | ip=null | op=WRITE_CHUNK {blockData=conID: 3 locID: 102531923978879040 bcsId: 0} | ret=FAILURE
org.apache.hadoop.hdds.scm.container.common.helpers.StorageContainerException: ContainerID 3 creation failed
	at org.apache.hadoop.ozone.container.common.impl.HddsDispatcher.dispatchRequest(HddsDispatcher.java:227) ~[classes/:?]
	at org.apache.hadoop.ozone.container.common.impl.HddsDispatcher.dispatch(HddsDispatcher.java:148) ~[classes/:?]
	at org.apache.hadoop.ozone.container.common.transport.server.ratis.ContainerStateMachine.dispatchCommand(ContainerStateMachine.java:374) ~[classes/:?]
	at org.apache.hadoop.ozone.container.common.transport.server.ratis.ContainerStateMachine.runCommand(ContainerStateMachine.java:381) ~[classes/:?]
	at org.apache.hadoop.ozone.container.common.transport.server.ratis.ContainerStateMachine.lambda$handleWriteChunk$1(ContainerStateMachine.java:412) ~[classes/:?]
	at java.util.concurrent.CompletableFuture$AsyncSupply.run(CompletableFuture.java:1590) [?:1.8.0_212]
	at java.util.concurrent.ThreadPoolExecutor.runWorker(ThreadPoolExecutor.java:1149) [?:1.8.0_212]
	at java.util.concurrent.ThreadPoolExecutor$Worker.run(ThreadPoolExecutor.java:624) [?:1.8.0_212]
	at java.lang.Thread.run(Thread.java:748) [?:1.8.0_212]
2019-07-30 18:56:40,177 INFO  impl.HddsDispatcher (ContainerUtils.java:logAndReturnError(146)) - Operation: WriteChunk : Trace ID: 107a8a597aab99e9:b65c7a2540b1e0df:d013834458186deb:0 : Message: ContainerID 3 creation failed : Result: DISK_OUT_OF_SPACE
2019-07-30 18:56:40,177 INFO  client.GrpcClientProtocolClient (GrpcClientProtocolClient.java:onNext(255)) - client-E5BBE3B31844->e7c18ed1-d699-403d-a564-75580f46a889: receive RaftClientReply:client-E5BBE3B31844->e7c18ed1-d699-403d-a564-75580f46a889@group-26BEC2E87304, cid=100, SUCCESS, logIndex=129, commits[e7c18ed1-d699-403d-a564-75580f46a889:c129, a8e08a43-06d6-4ff3-a2b7-a01daa83b6fa:c127, dee37eed-b08c-4bdc-b9df-d4cef787bd4b:c127]
2019-07-30 18:56:40,178 INFO  keyvalue.KeyValueHandler (ContainerUtils.java:logAndReturnError(146)) - Operation: CreateContainer : Trace ID: 107a8a597aab99e9:b65c7a2540b1e0df:d013834458186deb:0 : Message: Container creation failed, due to disk out of space : Result: DISK_OUT_OF_SPACE
2019-07-30 18:56:40,178 INFO  keyvalue.KeyValueHandler (ContainerUtils.java:logAndReturnError(146)) - Operation: CreateContainer : Trace ID: 107a8a597aab99e9:b65c7a2540b1e0df:d013834458186deb:0 : Message: Container creation failed, due to disk out of space : Result: DISK_OUT_OF_SPACE
18:56:40.178 [pool-70-thread-38] ERROR DNAudit - user=null | ip=null | op=WRITE_CHUNK {blockData=conID: 3 locID: 102531923978879040 bcsId: 0} | ret=FAILURE
org.apache.hadoop.hdds.scm.container.common.helpers.StorageContainerException: ContainerID 3 creation failed
	at org.apache.hadoop.ozone.container.common.impl.HddsDispatcher.dispatchRequest(HddsDispatcher.java:227) ~[classes/:?]
	at org.apache.hadoop.ozone.container.common.impl.HddsDispatcher.dispatch(HddsDispatcher.java:148) ~[classes/:?]
	at org.apache.hadoop.ozone.container.common.transport.server.ratis.ContainerStateMachine.dispatchCommand(ContainerStateMachine.java:374) ~[classes/:?]
	at org.apache.hadoop.ozone.container.common.transport.server.ratis.ContainerStateMachine.runCommand(ContainerStateMachine.java:381) ~[classes/:?]
	at org.apache.hadoop.ozone.container.common.transport.server.ratis.ContainerStateMachine.lambda$handleWriteChunk$1(ContainerStateMachine.java:412) ~[classes/:?]
	at java.util.concurrent.CompletableFuture$AsyncSupply.run(CompletableFuture.java:1590) [?:1.8.0_212]
	at java.util.concurrent.ThreadPoolExecutor.runWorker(ThreadPoolExecutor.java:1149) [?:1.8.0_212]
	at java.util.concurrent.ThreadPoolExecutor$Worker.run(ThreadPoolExecutor.java:624) [?:1.8.0_212]
	at java.lang.Thread.run(Thread.java:748) [?:1.8.0_212]
2019-07-30 18:56:40,178 INFO  impl.HddsDispatcher (ContainerUtils.java:logAndReturnError(146)) - Operation: WriteChunk : Trace ID: 107a8a597aab99e9:b65c7a2540b1e0df:d013834458186deb:0 : Message: ContainerID 3 creation failed : Result: DISK_OUT_OF_SPACE
18:56:40.178 [pool-26-thread-38] ERROR DNAudit - user=null | ip=null | op=WRITE_CHUNK {blockData=conID: 3 locID: 102531923978879040 bcsId: 0} | ret=FAILURE
org.apache.hadoop.hdds.scm.container.common.helpers.StorageContainerException: ContainerID 3 creation failed
	at org.apache.hadoop.ozone.container.common.impl.HddsDispatcher.dispatchRequest(HddsDispatcher.java:227) ~[classes/:?]
	at org.apache.hadoop.ozone.container.common.impl.HddsDispatcher.dispatch(HddsDispatcher.java:148) ~[classes/:?]
	at org.apache.hadoop.ozone.container.common.transport.server.ratis.ContainerStateMachine.dispatchCommand(ContainerStateMachine.java:374) ~[classes/:?]
	at org.apache.hadoop.ozone.container.common.transport.server.ratis.ContainerStateMachine.runCommand(ContainerStateMachine.java:381) ~[classes/:?]
	at org.apache.hadoop.ozone.container.common.transport.server.ratis.ContainerStateMachine.lambda$handleWriteChunk$1(ContainerStateMachine.java:412) ~[classes/:?]
	at java.util.concurrent.CompletableFuture$AsyncSupply.run(CompletableFuture.java:1590) [?:1.8.0_212]
	at java.util.concurrent.ThreadPoolExecutor.runWorker(ThreadPoolExecutor.java:1149) [?:1.8.0_212]
	at java.util.concurrent.ThreadPoolExecutor$Worker.run(ThreadPoolExecutor.java:624) [?:1.8.0_212]
	at java.lang.Thread.run(Thread.java:748) [?:1.8.0_212]
2019-07-30 18:56:40,179 INFO  impl.HddsDispatcher (ContainerUtils.java:logAndReturnError(146)) - Operation: WriteChunk : Trace ID: 107a8a597aab99e9:b65c7a2540b1e0df:d013834458186deb:0 : Message: ContainerID 3 creation failed : Result: DISK_OUT_OF_SPACE
2019-07-30 18:56:40,179 INFO  client.GrpcClientProtocolClient (GrpcClientProtocolClient.java:onNext(255)) - client-E5BBE3B31844->e7c18ed1-d699-403d-a564-75580f46a889: receive RaftClientReply:client-E5BBE3B31844->e7c18ed1-d699-403d-a564-75580f46a889@group-26BEC2E87304, cid=105, SUCCESS, logIndex=0, commits[e7c18ed1-d699-403d-a564-75580f46a889:c130, a8e08a43-06d6-4ff3-a2b7-a01daa83b6fa:c129, dee37eed-b08c-4bdc-b9df-d4cef787bd4b:c129]
2019-07-30 18:56:40,192 WARN  node.SCMNodeManager (SCMNodeManager.java:getNodeByAddress(599)) - Cannot find node for address 127.0.0.1
18:56:40.192 [RatisApplyTransactionExecutor 3] ERROR DNAudit - user=null | ip=null | op=WRITE_CHUNK {blockData=conID: 3 locID: 102531923978879040 bcsId: 0} | ret=FAILURE
org.apache.hadoop.hdds.scm.container.common.helpers.StorageContainerException: ContainerID 3 does not exist
	at org.apache.hadoop.ozone.container.common.impl.HddsDispatcher.dispatchRequest(HddsDispatcher.java:242) ~[classes/:?]
	at org.apache.hadoop.ozone.container.common.impl.HddsDispatcher.dispatch(HddsDispatcher.java:148) ~[classes/:?]
	at org.apache.hadoop.ozone.container.common.transport.server.ratis.ContainerStateMachine.dispatchCommand(ContainerStateMachine.java:374) ~[classes/:?]
	at org.apache.hadoop.ozone.container.common.transport.server.ratis.ContainerStateMachine.runCommand(ContainerStateMachine.java:381) ~[classes/:?]
	at org.apache.hadoop.ozone.container.common.transport.server.ratis.ContainerStateMachine.lambda$applyTransaction$6(ContainerStateMachine.java:647) ~[classes/:?]
	at java.util.concurrent.CompletableFuture$AsyncSupply.run(CompletableFuture.java:1590) [?:1.8.0_212]
	at java.util.concurrent.ThreadPoolExecutor.runWorker(ThreadPoolExecutor.java:1149) [?:1.8.0_212]
	at java.util.concurrent.ThreadPoolExecutor$Worker.run(ThreadPoolExecutor.java:624) [?:1.8.0_212]
	at java.lang.Thread.run(Thread.java:748) [?:1.8.0_212]
2019-07-30 18:56:40,193 INFO  impl.HddsDispatcher (ContainerUtils.java:logAndReturnError(146)) - Operation: WriteChunk : Trace ID: 107a8a597aab99e9:b65c7a2540b1e0df:d013834458186deb:0 : Message: ContainerID 3 does not exist : Result: CONTAINER_NOT_FOUND
18:56:40.193 [RatisApplyTransactionExecutor 3] ERROR DNAudit - user=null | ip=null | op=PUT_BLOCK {blockData=[blockId=conID: 3 locID: 102531923978879040 bcsId: 0,size=10240]} | ret=FAILURE
org.apache.hadoop.hdds.scm.container.common.helpers.StorageContainerException: ContainerID 3 does not exist
	at org.apache.hadoop.ozone.container.common.impl.HddsDispatcher.dispatchRequest(HddsDispatcher.java:242) ~[classes/:?]
	at org.apache.hadoop.ozone.container.common.impl.HddsDispatcher.dispatch(HddsDispatcher.java:148) ~[classes/:?]
	at org.apache.hadoop.ozone.container.common.transport.server.ratis.ContainerStateMachine.dispatchCommand(ContainerStateMachine.java:374) ~[classes/:?]
	at org.apache.hadoop.ozone.container.common.transport.server.ratis.ContainerStateMachine.runCommand(ContainerStateMachine.java:381) ~[classes/:?]
	at org.apache.hadoop.ozone.container.common.transport.server.ratis.ContainerStateMachine.lambda$applyTransaction$6(ContainerStateMachine.java:647) ~[classes/:?]
	at java.util.concurrent.CompletableFuture$AsyncSupply.run(CompletableFuture.java:1590) [?:1.8.0_212]
	at java.util.concurrent.ThreadPoolExecutor.runWorker(ThreadPoolExecutor.java:1149) [?:1.8.0_212]
	at java.util.concurrent.ThreadPoolExecutor$Worker.run(ThreadPoolExecutor.java:624) [?:1.8.0_212]
	at java.lang.Thread.run(Thread.java:748) [?:1.8.0_212]
2019-07-30 18:56:40,193 INFO  impl.HddsDispatcher (ContainerUtils.java:logAndReturnError(146)) - Operation: PutBlock : Trace ID: 107a8a597aab99e9:605315e7e7935f58:d013834458186deb:0 : Message: ContainerID 3 does not exist : Result: CONTAINER_NOT_FOUND
2019-07-30 18:56:40,194 INFO  client.GrpcClientProtocolClient (GrpcClientProtocolClient.java:onNext(255)) - client-E5BBE3B31844->e7c18ed1-d699-403d-a564-75580f46a889: receive RaftClientReply:client-E5BBE3B31844->e7c18ed1-d699-403d-a564-75580f46a889@group-26BEC2E87304, cid=101, SUCCESS, logIndex=132, commits[e7c18ed1-d699-403d-a564-75580f46a889:c135, a8e08a43-06d6-4ff3-a2b7-a01daa83b6fa:c129, dee37eed-b08c-4bdc-b9df-d4cef787bd4b:c130]
2019-07-30 18:56:40,194 ERROR storage.BlockOutputStream (BlockOutputStream.java:validateResponse(531)) - Unexpected Storage Container Exception: 
org.apache.hadoop.hdds.scm.container.common.helpers.StorageContainerException: ContainerID 3 does not exist
	at org.apache.hadoop.hdds.scm.storage.ContainerProtocolCalls.validateContainerResponse(ContainerProtocolCalls.java:536)
	at org.apache.hadoop.hdds.scm.storage.BlockOutputStream.validateResponse(BlockOutputStream.java:529)
	at org.apache.hadoop.hdds.scm.storage.BlockOutputStream.lambda$writeChunkToContainer$2(BlockOutputStream.java:606)
	at java.util.concurrent.CompletableFuture.uniApply(CompletableFuture.java:602)
	at java.util.concurrent.CompletableFuture$UniApply.tryFire(CompletableFuture.java:577)
	at java.util.concurrent.CompletableFuture$Completion.run(CompletableFuture.java:442)
	at java.util.concurrent.ThreadPoolExecutor.runWorker(ThreadPoolExecutor.java:1149)
	at java.util.concurrent.ThreadPoolExecutor$Worker.run(ThreadPoolExecutor.java:624)
	at java.lang.Thread.run(Thread.java:748)
2019-07-30 18:56:40,194 INFO  client.GrpcClientProtocolClient (GrpcClientProtocolClient.java:onNext(255)) - client-E5BBE3B31844->e7c18ed1-d699-403d-a564-75580f46a889: receive RaftClientReply:client-E5BBE3B31844->e7c18ed1-d699-403d-a564-75580f46a889@group-26BEC2E87304, cid=102, SUCCESS, logIndex=133, commits[e7c18ed1-d699-403d-a564-75580f46a889:c135, a8e08a43-06d6-4ff3-a2b7-a01daa83b6fa:c129, dee37eed-b08c-4bdc-b9df-d4cef787bd4b:c130]
2019-07-30 18:56:40,195 INFO  client.GrpcClientProtocolClient (GrpcClientProtocolClient.java:onNext(255)) - client-E5BBE3B31844->e7c18ed1-d699-403d-a564-75580f46a889: receive RaftClientReply:client-E5BBE3B31844->e7c18ed1-d699-403d-a564-75580f46a889@group-26BEC2E87304, cid=103, SUCCESS, logIndex=134, commits[e7c18ed1-d699-403d-a564-75580f46a889:c135, a8e08a43-06d6-4ff3-a2b7-a01daa83b6fa:c130, dee37eed-b08c-4bdc-b9df-d4cef787bd4b:c130]
2019-07-30 18:56:40,198 ERROR freon.RandomKeyGenerator (RandomKeyGenerator.java:createKey(730)) - Exception while adding key: key-2-27402 in bucket: bucket-2-54961 of volume: vol-1-01715.
java.io.IOException: Unexpected Storage Container Exception: org.apache.hadoop.hdds.scm.container.common.helpers.StorageContainerException: ContainerID 3 does not exist
	at org.apache.hadoop.hdds.scm.storage.BlockOutputStream.setIoException(BlockOutputStream.java:541)
	at org.apache.hadoop.hdds.scm.storage.BlockOutputStream.validateResponse(BlockOutputStream.java:532)
	at org.apache.hadoop.hdds.scm.storage.BlockOutputStream.lambda$writeChunkToContainer$2(BlockOutputStream.java:606)
	at java.util.concurrent.CompletableFuture.uniApply(CompletableFuture.java:602)
	at java.util.concurrent.CompletableFuture$UniApply.tryFire(CompletableFuture.java:577)
	at java.util.concurrent.CompletableFuture$Completion.run(CompletableFuture.java:442)
	at java.util.concurrent.ThreadPoolExecutor.runWorker(ThreadPoolExecutor.java:1149)
	at java.util.concurrent.ThreadPoolExecutor$Worker.run(ThreadPoolExecutor.java:624)
	at java.lang.Thread.run(Thread.java:748)
Caused by: org.apache.hadoop.hdds.scm.container.common.helpers.StorageContainerException: ContainerID 3 does not exist
	at org.apache.hadoop.hdds.scm.storage.ContainerProtocolCalls.validateContainerResponse(ContainerProtocolCalls.java:536)
	at org.apache.hadoop.hdds.scm.storage.BlockOutputStream.validateResponse(BlockOutputStream.java:529)
	... 7 more
2019-07-30 18:56:40,198 INFO  client.GrpcClientProtocolClient (GrpcClientProtocolClient.java:onNext(255)) - client-E5BBE3B31844->e7c18ed1-d699-403d-a564-75580f46a889: receive RaftClientReply:client-E5BBE3B31844->e7c18ed1-d699-403d-a564-75580f46a889@group-26BEC2E87304, cid=104, SUCCESS, logIndex=135, commits[e7c18ed1-d699-403d-a564-75580f46a889:c135, a8e08a43-06d6-4ff3-a2b7-a01daa83b6fa:c130, dee37eed-b08c-4bdc-b9df-d4cef787bd4b:c130]
2019-07-30 18:56:40,213 WARN  node.SCMNodeManager (SCMNodeManager.java:getNodeByAddress(599)) - Cannot find node for address 127.0.0.1
18:56:40.213 [RatisApplyTransactionExecutor 3] ERROR DNAudit - user=null | ip=null | op=WRITE_CHUNK {blockData=conID: 3 locID: 102531923978879040 bcsId: 0} | ret=FAILURE
org.apache.hadoop.hdds.scm.container.common.helpers.StorageContainerException: ContainerID 3 does not exist
	at org.apache.hadoop.ozone.container.common.impl.HddsDispatcher.dispatchRequest(HddsDispatcher.java:242) ~[classes/:?]
	at org.apache.hadoop.ozone.container.common.impl.HddsDispatcher.dispatch(HddsDispatcher.java:148) ~[classes/:?]
	at org.apache.hadoop.ozone.container.common.transport.server.ratis.ContainerStateMachine.dispatchCommand(ContainerStateMachine.java:374) ~[classes/:?]
	at org.apache.hadoop.ozone.container.common.transport.server.ratis.ContainerStateMachine.runCommand(ContainerStateMachine.java:381) ~[classes/:?]
	at org.apache.hadoop.ozone.container.common.transport.server.ratis.ContainerStateMachine.lambda$applyTransaction$6(ContainerStateMachine.java:647) ~[classes/:?]
	at java.util.concurrent.CompletableFuture$AsyncSupply.run(CompletableFuture.java:1590) [?:1.8.0_212]
	at java.util.concurrent.ThreadPoolExecutor.runWorker(ThreadPoolExecutor.java:1149) [?:1.8.0_212]
	at java.util.concurrent.ThreadPoolExecutor$Worker.run(ThreadPoolExecutor.java:624) [?:1.8.0_212]
	at java.lang.Thread.run(Thread.java:748) [?:1.8.0_212]
18:56:40.213 [RatisApplyTransactionExecutor 3] ERROR DNAudit - user=null | ip=null | op=WRITE_CHUNK {blockData=conID: 3 locID: 102531923978879040 bcsId: 0} | ret=FAILURE
org.apache.hadoop.hdds.scm.container.common.helpers.StorageContainerException: ContainerID 3 does not exist
	at org.apache.hadoop.ozone.container.common.impl.HddsDispatcher.dispatchRequest(HddsDispatcher.java:242) ~[classes/:?]
	at org.apache.hadoop.ozone.container.common.impl.HddsDispatcher.dispatch(HddsDispatcher.java:148) ~[classes/:?]
	at org.apache.hadoop.ozone.container.common.transport.server.ratis.ContainerStateMachine.dispatchCommand(ContainerStateMachine.java:374) ~[classes/:?]
	at org.apache.hadoop.ozone.container.common.transport.server.ratis.ContainerStateMachine.runCommand(ContainerStateMachine.java:381) ~[classes/:?]
	at org.apache.hadoop.ozone.container.common.transport.server.ratis.ContainerStateMachine.lambda$applyTransaction$6(ContainerStateMachine.java:647) ~[classes/:?]
	at java.util.concurrent.CompletableFuture$AsyncSupply.run(CompletableFuture.java:1590) [?:1.8.0_212]
	at java.util.concurrent.ThreadPoolExecutor.runWorker(ThreadPoolExecutor.java:1149) [?:1.8.0_212]
	at java.util.concurrent.ThreadPoolExecutor$Worker.run(ThreadPoolExecutor.java:624) [?:1.8.0_212]
	at java.lang.Thread.run(Thread.java:748) [?:1.8.0_212]
2019-07-30 18:56:40,214 INFO  impl.HddsDispatcher (ContainerUtils.java:logAndReturnError(146)) - Operation: WriteChunk : Trace ID: 107a8a597aab99e9:b65c7a2540b1e0df:d013834458186deb:0 : Message: ContainerID 3 does not exist : Result: CONTAINER_NOT_FOUND
2019-07-30 18:56:40,214 INFO  impl.HddsDispatcher (ContainerUtils.java:logAndReturnError(146)) - Operation: WriteChunk : Trace ID: 107a8a597aab99e9:b65c7a2540b1e0df:d013834458186deb:0 : Message: ContainerID 3 does not exist : Result: CONTAINER_NOT_FOUND
18:56:40.215 [RatisApplyTransactionExecutor 3] ERROR DNAudit - user=null | ip=null | op=PUT_BLOCK {blockData=[blockId=conID: 3 locID: 102531923978879040 bcsId: 0,size=10240]} | ret=FAILURE
org.apache.hadoop.hdds.scm.container.common.helpers.StorageContainerException: ContainerID 3 does not exist
	at org.apache.hadoop.ozone.container.common.impl.HddsDispatcher.dispatchRequest(HddsDispatcher.java:242) ~[classes/:?]
	at org.apache.hadoop.ozone.container.common.impl.HddsDispatcher.dispatch(HddsDispatcher.java:148) ~[classes/:?]
	at org.apache.hadoop.ozone.container.common.transport.server.ratis.ContainerStateMachine.dispatchCommand(ContainerStateMachine.java:374) ~[classes/:?]
	at org.apache.hadoop.ozone.container.common.transport.server.ratis.ContainerStateMachine.runCommand(ContainerStateMachine.java:381) ~[classes/:?]
	at org.apache.hadoop.ozone.container.common.transport.server.ratis.ContainerStateMachine.lambda$applyTransaction$6(ContainerStateMachine.java:647) ~[classes/:?]
	at java.util.concurrent.CompletableFuture$AsyncSupply.run(CompletableFuture.java:1590) [?:1.8.0_212]
	at java.util.concurrent.ThreadPoolExecutor.runWorker(ThreadPoolExecutor.java:1149) [?:1.8.0_212]
	at java.util.concurrent.ThreadPoolExecutor$Worker.run(ThreadPoolExecutor.java:624) [?:1.8.0_212]
	at java.lang.Thread.run(Thread.java:748) [?:1.8.0_212]
2019-07-30 18:56:40,215 INFO  impl.HddsDispatcher (ContainerUtils.java:logAndReturnError(146)) - Operation: PutBlock : Trace ID: 107a8a597aab99e9:605315e7e7935f58:d013834458186deb:0 : Message: ContainerID 3 does not exist : Result: CONTAINER_NOT_FOUND
18:56:40.215 [RatisApplyTransactionExecutor 3] ERROR DNAudit - user=null | ip=null | op=PUT_BLOCK {blockData=[blockId=conID: 3 locID: 102531923978879040 bcsId: 0,size=10240]} | ret=FAILURE
org.apache.hadoop.hdds.scm.container.common.helpers.StorageContainerException: ContainerID 3 does not exist
	at org.apache.hadoop.ozone.container.common.impl.HddsDispatcher.dispatchRequest(HddsDispatcher.java:242) ~[classes/:?]
	at org.apache.hadoop.ozone.container.common.impl.HddsDispatcher.dispatch(HddsDispatcher.java:148) ~[classes/:?]
	at org.apache.hadoop.ozone.container.common.transport.server.ratis.ContainerStateMachine.dispatchCommand(ContainerStateMachine.java:374) ~[classes/:?]
	at org.apache.hadoop.ozone.container.common.transport.server.ratis.ContainerStateMachine.runCommand(ContainerStateMachine.java:381) ~[classes/:?]
	at org.apache.hadoop.ozone.container.common.transport.server.ratis.ContainerStateMachine.lambda$applyTransaction$6(ContainerStateMachine.java:647) ~[classes/:?]
	at java.util.concurrent.CompletableFuture$AsyncSupply.run(CompletableFuture.java:1590) [?:1.8.0_212]
	at java.util.concurrent.ThreadPoolExecutor.runWorker(ThreadPoolExecutor.java:1149) [?:1.8.0_212]
	at java.util.concurrent.ThreadPoolExecutor$Worker.run(ThreadPoolExecutor.java:624) [?:1.8.0_212]
	at java.lang.Thread.run(Thread.java:748) [?:1.8.0_212]
2019-07-30 18:56:40,216 INFO  impl.HddsDispatcher (ContainerUtils.java:logAndReturnError(146)) - Operation: PutBlock : Trace ID: 107a8a597aab99e9:605315e7e7935f58:d013834458186deb:0 : Message: ContainerID 3 does not exist : Result: CONTAINER_NOT_FOUND
2019-07-30 18:56:40,218 INFO  client.GrpcClientProtocolClient (GrpcClientProtocolClient.java:onNext(255)) - client-E5BBE3B31844->e7c18ed1-d699-403d-a564-75580f46a889: receive RaftClientReply:client-E5BBE3B31844->e7c18ed1-d699-403d-a564-75580f46a889@group-26BEC2E87304, cid=108, SUCCESS, logIndex=0, commits[e7c18ed1-d699-403d-a564-75580f46a889:c139, a8e08a43-06d6-4ff3-a2b7-a01daa83b6fa:c135, dee37eed-b08c-4bdc-b9df-d4cef787bd4b:c135]
2019-07-30 18:56:40,219 INFO  client.GrpcClientProtocolClient (GrpcClientProtocolClient.java:onNext(255)) - client-E5BBE3B31844->e7c18ed1-d699-403d-a564-75580f46a889: receive RaftClientReply:client-E5BBE3B31844->e7c18ed1-d699-403d-a564-75580f46a889@group-26BEC2E87304, cid=106, SUCCESS, logIndex=140, commits[e7c18ed1-d699-403d-a564-75580f46a889:c141, a8e08a43-06d6-4ff3-a2b7-a01daa83b6fa:c135, dee37eed-b08c-4bdc-b9df-d4cef787bd4b:c135]
2019-07-30 18:56:40,219 INFO  client.GrpcClientProtocolClient (GrpcClientProtocolClient.java:onNext(255)) - client-E5BBE3B31844->e7c18ed1-d699-403d-a564-75580f46a889: receive RaftClientReply:client-E5BBE3B31844->e7c18ed1-d699-403d-a564-75580f46a889@group-26BEC2E87304, cid=107, SUCCESS, logIndex=141, commits[e7c18ed1-d699-403d-a564-75580f46a889:c141, a8e08a43-06d6-4ff3-a2b7-a01daa83b6fa:c135, dee37eed-b08c-4bdc-b9df-d4cef787bd4b:c135]
2019-07-30 18:56:40,224 INFO  client.GrpcClientProtocolClient (GrpcClientProtocolClient.java:onNext(255)) - client-E5BBE3B31844->e7c18ed1-d699-403d-a564-75580f46a889: receive RaftClientReply:client-E5BBE3B31844->e7c18ed1-d699-403d-a564-75580f46a889@group-26BEC2E87304, cid=109, SUCCESS, logIndex=0, commits[e7c18ed1-d699-403d-a564-75580f46a889:c142, a8e08a43-06d6-4ff3-a2b7-a01daa83b6fa:c141, dee37eed-b08c-4bdc-b9df-d4cef787bd4b:c141]
2019-07-30 18:56:40,226 WARN  node.SCMNodeManager (SCMNodeManager.java:getNodeByAddress(599)) - Cannot find node for address 127.0.0.1
2019-07-30 18:56:40,229 INFO  keyvalue.KeyValueHandler (ContainerUtils.java:logAndReturnError(146)) - Operation: CreateContainer : Trace ID: 6fa78c4c0515cc5a:a4dae0e4d7dd611f:5b8ee63246f13c93:0 : Message: Container creation failed, due to disk out of space : Result: DISK_OUT_OF_SPACE
18:56:40.229 [pool-48-thread-3] ERROR DNAudit - user=null | ip=null | op=WRITE_CHUNK {blockData=conID: 3 locID: 102531923982811205 bcsId: 0} | ret=FAILURE
org.apache.hadoop.hdds.scm.container.common.helpers.StorageContainerException: ContainerID 3 creation failed
	at org.apache.hadoop.ozone.container.common.impl.HddsDispatcher.dispatchRequest(HddsDispatcher.java:227) ~[classes/:?]
	at org.apache.hadoop.ozone.container.common.impl.HddsDispatcher.dispatch(HddsDispatcher.java:148) ~[classes/:?]
	at org.apache.hadoop.ozone.container.common.transport.server.ratis.ContainerStateMachine.dispatchCommand(ContainerStateMachine.java:374) ~[classes/:?]
	at org.apache.hadoop.ozone.container.common.transport.server.ratis.ContainerStateMachine.runCommand(ContainerStateMachine.java:381) ~[classes/:?]
	at org.apache.hadoop.ozone.container.common.transport.server.ratis.ContainerStateMachine.lambda$handleWriteChunk$1(ContainerStateMachine.java:412) ~[classes/:?]
	at java.util.concurrent.CompletableFuture$AsyncSupply.run(CompletableFuture.java:1590) [?:1.8.0_212]
	at java.util.concurrent.ThreadPoolExecutor.runWorker(ThreadPoolExecutor.java:1149) [?:1.8.0_212]
	at java.util.concurrent.ThreadPoolExecutor$Worker.run(ThreadPoolExecutor.java:624) [?:1.8.0_212]
	at java.lang.Thread.run(Thread.java:748) [?:1.8.0_212]
2019-07-30 18:56:40,231 INFO  impl.HddsDispatcher (ContainerUtils.java:logAndReturnError(146)) - Operation: WriteChunk : Trace ID: 6fa78c4c0515cc5a:a4dae0e4d7dd611f:5b8ee63246f13c93:0 : Message: ContainerID 3 creation failed : Result: DISK_OUT_OF_SPACE
2019-07-30 18:56:40,232 INFO  keyvalue.KeyValueHandler (ContainerUtils.java:logAndReturnError(146)) - Operation: CreateContainer : Trace ID: 6fa78c4c0515cc5a:a4dae0e4d7dd611f:5b8ee63246f13c93:0 : Message: Container creation failed, due to disk out of space : Result: DISK_OUT_OF_SPACE
18:56:40.233 [pool-70-thread-41] ERROR DNAudit - user=null | ip=null | op=WRITE_CHUNK {blockData=conID: 3 locID: 102531923982811205 bcsId: 0} | ret=FAILURE
org.apache.hadoop.hdds.scm.container.common.helpers.StorageContainerException: ContainerID 3 creation failed
	at org.apache.hadoop.ozone.container.common.impl.HddsDispatcher.dispatchRequest(HddsDispatcher.java:227) ~[classes/:?]
	at org.apache.hadoop.ozone.container.common.impl.HddsDispatcher.dispatch(HddsDispatcher.java:148) ~[classes/:?]
	at org.apache.hadoop.ozone.container.common.transport.server.ratis.ContainerStateMachine.dispatchCommand(ContainerStateMachine.java:374) ~[classes/:?]
	at org.apache.hadoop.ozone.container.common.transport.server.ratis.ContainerStateMachine.runCommand(ContainerStateMachine.java:381) ~[classes/:?]
	at org.apache.hadoop.ozone.container.common.transport.server.ratis.ContainerStateMachine.lambda$handleWriteChunk$1(ContainerStateMachine.java:412) ~[classes/:?]
	at java.util.concurrent.CompletableFuture$AsyncSupply.run(CompletableFuture.java:1590) [?:1.8.0_212]
	at java.util.concurrent.ThreadPoolExecutor.runWorker(ThreadPoolExecutor.java:1149) [?:1.8.0_212]
	at java.util.concurrent.ThreadPoolExecutor$Worker.run(ThreadPoolExecutor.java:624) [?:1.8.0_212]
	at java.lang.Thread.run(Thread.java:748) [?:1.8.0_212]
2019-07-30 18:56:40,233 INFO  impl.HddsDispatcher (ContainerUtils.java:logAndReturnError(146)) - Operation: WriteChunk : Trace ID: 6fa78c4c0515cc5a:a4dae0e4d7dd611f:5b8ee63246f13c93:0 : Message: ContainerID 3 creation failed : Result: DISK_OUT_OF_SPACE
2019-07-30 18:56:40,233 INFO  keyvalue.KeyValueHandler (ContainerUtils.java:logAndReturnError(146)) - Operation: CreateContainer : Trace ID: 6fa78c4c0515cc5a:a4dae0e4d7dd611f:5b8ee63246f13c93:0 : Message: Container creation failed, due to disk out of space : Result: DISK_OUT_OF_SPACE
18:56:40.233 [pool-26-thread-41] ERROR DNAudit - user=null | ip=null | op=WRITE_CHUNK {blockData=conID: 3 locID: 102531923982811205 bcsId: 0} | ret=FAILURE
org.apache.hadoop.hdds.scm.container.common.helpers.StorageContainerException: ContainerID 3 creation failed
	at org.apache.hadoop.ozone.container.common.impl.HddsDispatcher.dispatchRequest(HddsDispatcher.java:227) ~[classes/:?]
	at org.apache.hadoop.ozone.container.common.impl.HddsDispatcher.dispatch(HddsDispatcher.java:148) ~[classes/:?]
	at org.apache.hadoop.ozone.container.common.transport.server.ratis.ContainerStateMachine.dispatchCommand(ContainerStateMachine.java:374) ~[classes/:?]
	at org.apache.hadoop.ozone.container.common.transport.server.ratis.ContainerStateMachine.runCommand(ContainerStateMachine.java:381) ~[classes/:?]
	at org.apache.hadoop.ozone.container.common.transport.server.ratis.ContainerStateMachine.lambda$handleWriteChunk$1(ContainerStateMachine.java:412) ~[classes/:?]
	at java.util.concurrent.CompletableFuture$AsyncSupply.run(CompletableFuture.java:1590) [?:1.8.0_212]
	at java.util.concurrent.ThreadPoolExecutor.runWorker(ThreadPoolExecutor.java:1149) [?:1.8.0_212]
	at java.util.concurrent.ThreadPoolExecutor$Worker.run(ThreadPoolExecutor.java:624) [?:1.8.0_212]
	at java.lang.Thread.run(Thread.java:748) [?:1.8.0_212]
2019-07-30 18:56:40,234 INFO  impl.HddsDispatcher (ContainerUtils.java:logAndReturnError(146)) - Operation: WriteChunk : Trace ID: 6fa78c4c0515cc5a:a4dae0e4d7dd611f:5b8ee63246f13c93:0 : Message: ContainerID 3 creation failed : Result: DISK_OUT_OF_SPACE
18:56:40.244 [RatisApplyTransactionExecutor 3] ERROR DNAudit - user=null | ip=null | op=WRITE_CHUNK {blockData=conID: 3 locID: 102531923982811205 bcsId: 0} | ret=FAILURE
org.apache.hadoop.hdds.scm.container.common.helpers.StorageContainerException: ContainerID 3 does not exist
	at org.apache.hadoop.ozone.container.common.impl.HddsDispatcher.dispatchRequest(HddsDispatcher.java:242) ~[classes/:?]
	at org.apache.hadoop.ozone.container.common.impl.HddsDispatcher.dispatch(HddsDispatcher.java:148) ~[classes/:?]
	at org.apache.hadoop.ozone.container.common.transport.server.ratis.ContainerStateMachine.dispatchCommand(ContainerStateMachine.java:374) ~[classes/:?]
	at org.apache.hadoop.ozone.container.common.transport.server.ratis.ContainerStateMachine.runCommand(ContainerStateMachine.java:381) ~[classes/:?]
	at org.apache.hadoop.ozone.container.common.transport.server.ratis.ContainerStateMachine.lambda$applyTransaction$6(ContainerStateMachine.java:647) ~[classes/:?]
	at java.util.concurrent.CompletableFuture$AsyncSupply.run(CompletableFuture.java:1590) [?:1.8.0_212]
	at java.util.concurrent.ThreadPoolExecutor.runWorker(ThreadPoolExecutor.java:1149) [?:1.8.0_212]
	at java.util.concurrent.ThreadPoolExecutor$Worker.run(ThreadPoolExecutor.java:624) [?:1.8.0_212]
	at java.lang.Thread.run(Thread.java:748) [?:1.8.0_212]
2019-07-30 18:56:40,245 INFO  impl.HddsDispatcher (ContainerUtils.java:logAndReturnError(146)) - Operation: WriteChunk : Trace ID: 6fa78c4c0515cc5a:a4dae0e4d7dd611f:5b8ee63246f13c93:0 : Message: ContainerID 3 does not exist : Result: CONTAINER_NOT_FOUND
18:56:40.245 [RatisApplyTransactionExecutor 3] ERROR DNAudit - user=null | ip=null | op=PUT_BLOCK {blockData=[blockId=conID: 3 locID: 102531923982811205 bcsId: 0,size=10240]} | ret=FAILURE
org.apache.hadoop.hdds.scm.container.common.helpers.StorageContainerException: ContainerID 3 does not exist
	at org.apache.hadoop.ozone.container.common.impl.HddsDispatcher.dispatchRequest(HddsDispatcher.java:242) ~[classes/:?]
	at org.apache.hadoop.ozone.container.common.impl.HddsDispatcher.dispatch(HddsDispatcher.java:148) ~[classes/:?]
	at org.apache.hadoop.ozone.container.common.transport.server.ratis.ContainerStateMachine.dispatchCommand(ContainerStateMachine.java:374) ~[classes/:?]
	at org.apache.hadoop.ozone.container.common.transport.server.ratis.ContainerStateMachine.runCommand(ContainerStateMachine.java:381) ~[classes/:?]
	at org.apache.hadoop.ozone.container.common.transport.server.ratis.ContainerStateMachine.lambda$applyTransaction$6(ContainerStateMachine.java:647) ~[classes/:?]
	at java.util.concurrent.CompletableFuture$AsyncSupply.run(CompletableFuture.java:1590) [?:1.8.0_212]
	at java.util.concurrent.ThreadPoolExecutor.runWorker(ThreadPoolExecutor.java:1149) [?:1.8.0_212]
	at java.util.concurrent.ThreadPoolExecutor$Worker.run(ThreadPoolExecutor.java:624) [?:1.8.0_212]
	at java.lang.Thread.run(Thread.java:748) [?:1.8.0_212]
2019-07-30 18:56:40,246 INFO  impl.HddsDispatcher (ContainerUtils.java:logAndReturnError(146)) - Operation: PutBlock : Trace ID: 6fa78c4c0515cc5a:d5990e736bcf29e8:5b8ee63246f13c93:0 : Message: ContainerID 3 does not exist : Result: CONTAINER_NOT_FOUND
2019-07-30 18:56:40,246 INFO  client.GrpcClientProtocolClient (GrpcClientProtocolClient.java:onNext(255)) - client-E5BBE3B31844->e7c18ed1-d699-403d-a564-75580f46a889: receive RaftClientReply:client-E5BBE3B31844->e7c18ed1-d699-403d-a564-75580f46a889@group-26BEC2E87304, cid=110, SUCCESS, logIndex=144, commits[e7c18ed1-d699-403d-a564-75580f46a889:c145, a8e08a43-06d6-4ff3-a2b7-a01daa83b6fa:c142, dee37eed-b08c-4bdc-b9df-d4cef787bd4b:c141]
2019-07-30 18:56:40,246 ERROR storage.BlockOutputStream (BlockOutputStream.java:validateResponse(531)) - Unexpected Storage Container Exception: 
org.apache.hadoop.hdds.scm.container.common.helpers.StorageContainerException: ContainerID 3 does not exist
	at org.apache.hadoop.hdds.scm.storage.ContainerProtocolCalls.validateContainerResponse(ContainerProtocolCalls.java:536)
	at org.apache.hadoop.hdds.scm.storage.BlockOutputStream.validateResponse(BlockOutputStream.java:529)
	at org.apache.hadoop.hdds.scm.storage.BlockOutputStream.lambda$writeChunkToContainer$2(BlockOutputStream.java:606)
	at java.util.concurrent.CompletableFuture.uniApply(CompletableFuture.java:602)
	at java.util.concurrent.CompletableFuture$UniApply.tryFire(CompletableFuture.java:577)
	at java.util.concurrent.CompletableFuture$Completion.run(CompletableFuture.java:442)
	at java.util.concurrent.ThreadPoolExecutor.runWorker(ThreadPoolExecutor.java:1149)
	at java.util.concurrent.ThreadPoolExecutor$Worker.run(ThreadPoolExecutor.java:624)
	at java.lang.Thread.run(Thread.java:748)
2019-07-30 18:56:40,247 INFO  client.GrpcClientProtocolClient (GrpcClientProtocolClient.java:onNext(255)) - client-E5BBE3B31844->e7c18ed1-d699-403d-a564-75580f46a889: receive RaftClientReply:client-E5BBE3B31844->e7c18ed1-d699-403d-a564-75580f46a889@group-26BEC2E87304, cid=111, SUCCESS, logIndex=145, commits[e7c18ed1-d699-403d-a564-75580f46a889:c145, a8e08a43-06d6-4ff3-a2b7-a01daa83b6fa:c142, dee37eed-b08c-4bdc-b9df-d4cef787bd4b:c141]
2019-07-30 18:56:40,247 WARN  node.SCMNodeManager (SCMNodeManager.java:getNodeByAddress(599)) - Cannot find node for address 127.0.0.1
2019-07-30 18:56:40,249 ERROR freon.RandomKeyGenerator (RandomKeyGenerator.java:createKey(730)) - Exception while adding key: key-2-04214 in bucket: bucket-4-83587 of volume: vol-0-68344.
java.io.IOException: Unexpected Storage Container Exception: org.apache.hadoop.hdds.scm.container.common.helpers.StorageContainerException: ContainerID 3 does not exist
	at org.apache.hadoop.hdds.scm.storage.BlockOutputStream.setIoException(BlockOutputStream.java:541)
	at org.apache.hadoop.hdds.scm.storage.BlockOutputStream.validateResponse(BlockOutputStream.java:532)
	at org.apache.hadoop.hdds.scm.storage.BlockOutputStream.lambda$writeChunkToContainer$2(BlockOutputStream.java:606)
	at java.util.concurrent.CompletableFuture.uniApply(CompletableFuture.java:602)
	at java.util.concurrent.CompletableFuture$UniApply.tryFire(CompletableFuture.java:577)
	at java.util.concurrent.CompletableFuture$Completion.run(CompletableFuture.java:442)
	at java.util.concurrent.ThreadPoolExecutor.runWorker(ThreadPoolExecutor.java:1149)
	at java.util.concurrent.ThreadPoolExecutor$Worker.run(ThreadPoolExecutor.java:624)
	at java.lang.Thread.run(Thread.java:748)
Caused by: org.apache.hadoop.hdds.scm.container.common.helpers.StorageContainerException: ContainerID 3 does not exist
	at org.apache.hadoop.hdds.scm.storage.ContainerProtocolCalls.validateContainerResponse(ContainerProtocolCalls.java:536)
	at org.apache.hadoop.hdds.scm.storage.BlockOutputStream.validateResponse(BlockOutputStream.java:529)
	... 7 more
18:56:40.251 [RatisApplyTransactionExecutor 3] ERROR DNAudit - user=null | ip=null | op=WRITE_CHUNK {blockData=conID: 3 locID: 102531923982811205 bcsId: 0} | ret=FAILURE
org.apache.hadoop.hdds.scm.container.common.helpers.StorageContainerException: ContainerID 3 does not exist
	at org.apache.hadoop.ozone.container.common.impl.HddsDispatcher.dispatchRequest(HddsDispatcher.java:242) ~[classes/:?]
	at org.apache.hadoop.ozone.container.common.impl.HddsDispatcher.dispatch(HddsDispatcher.java:148) ~[classes/:?]
	at org.apache.hadoop.ozone.container.common.transport.server.ratis.ContainerStateMachine.dispatchCommand(ContainerStateMachine.java:374) ~[classes/:?]
	at org.apache.hadoop.ozone.container.common.transport.server.ratis.ContainerStateMachine.runCommand(ContainerStateMachine.java:381) ~[classes/:?]
	at org.apache.hadoop.ozone.container.common.transport.server.ratis.ContainerStateMachine.lambda$applyTransaction$6(ContainerStateMachine.java:647) ~[classes/:?]
	at java.util.concurrent.CompletableFuture$AsyncSupply.run(CompletableFuture.java:1590) [?:1.8.0_212]
	at java.util.concurrent.ThreadPoolExecutor.runWorker(ThreadPoolExecutor.java:1149) [?:1.8.0_212]
	at java.util.concurrent.ThreadPoolExecutor$Worker.run(ThreadPoolExecutor.java:624) [?:1.8.0_212]
	at java.lang.Thread.run(Thread.java:748) [?:1.8.0_212]
2019-07-30 18:56:40,252 INFO  impl.HddsDispatcher (ContainerUtils.java:logAndReturnError(146)) - Operation: WriteChunk : Trace ID: 6fa78c4c0515cc5a:a4dae0e4d7dd611f:5b8ee63246f13c93:0 : Message: ContainerID 3 does not exist : Result: CONTAINER_NOT_FOUND
18:56:40.252 [RatisApplyTransactionExecutor 3] ERROR DNAudit - user=null | ip=null | op=WRITE_CHUNK {blockData=conID: 3 locID: 102531923982811205 bcsId: 0} | ret=FAILURE
org.apache.hadoop.hdds.scm.container.common.helpers.StorageContainerException: ContainerID 3 does not exist
	at org.apache.hadoop.ozone.container.common.impl.HddsDispatcher.dispatchRequest(HddsDispatcher.java:242) ~[classes/:?]
	at org.apache.hadoop.ozone.container.common.impl.HddsDispatcher.dispatch(HddsDispatcher.java:148) ~[classes/:?]
	at org.apache.hadoop.ozone.container.common.transport.server.ratis.ContainerStateMachine.dispatchCommand(ContainerStateMachine.java:374) ~[classes/:?]
	at org.apache.hadoop.ozone.container.common.transport.server.ratis.ContainerStateMachine.runCommand(ContainerStateMachine.java:381) ~[classes/:?]
	at org.apache.hadoop.ozone.container.common.transport.server.ratis.ContainerStateMachine.lambda$applyTransaction$6(ContainerStateMachine.java:647) ~[classes/:?]
	at java.util.concurrent.CompletableFuture$AsyncSupply.run(CompletableFuture.java:1590) [?:1.8.0_212]
	at java.util.concurrent.ThreadPoolExecutor.runWorker(ThreadPoolExecutor.java:1149) [?:1.8.0_212]
	at java.util.concurrent.ThreadPoolExecutor$Worker.run(ThreadPoolExecutor.java:624) [?:1.8.0_212]
	at java.lang.Thread.run(Thread.java:748) [?:1.8.0_212]
2019-07-30 18:56:40,252 INFO  impl.HddsDispatcher (ContainerUtils.java:logAndReturnError(146)) - Operation: WriteChunk : Trace ID: 6fa78c4c0515cc5a:a4dae0e4d7dd611f:5b8ee63246f13c93:0 : Message: ContainerID 3 does not exist : Result: CONTAINER_NOT_FOUND
2019-07-30 18:56:40,252 INFO  client.GrpcClientProtocolClient (GrpcClientProtocolClient.java:onNext(255)) - client-E5BBE3B31844->e7c18ed1-d699-403d-a564-75580f46a889: receive RaftClientReply:client-E5BBE3B31844->e7c18ed1-d699-403d-a564-75580f46a889@group-26BEC2E87304, cid=112, SUCCESS, logIndex=146, commits[e7c18ed1-d699-403d-a564-75580f46a889:c147, a8e08a43-06d6-4ff3-a2b7-a01daa83b6fa:c142, dee37eed-b08c-4bdc-b9df-d4cef787bd4b:c142]
18:56:40.252 [RatisApplyTransactionExecutor 3] ERROR DNAudit - user=null | ip=null | op=PUT_BLOCK {blockData=[blockId=conID: 3 locID: 102531923982811205 bcsId: 0,size=10240]} | ret=FAILURE
org.apache.hadoop.hdds.scm.container.common.helpers.StorageContainerException: ContainerID 3 does not exist
	at org.apache.hadoop.ozone.container.common.impl.HddsDispatcher.dispatchRequest(HddsDispatcher.java:242) ~[classes/:?]
	at org.apache.hadoop.ozone.container.common.impl.HddsDispatcher.dispatch(HddsDispatcher.java:148) ~[classes/:?]
	at org.apache.hadoop.ozone.container.common.transport.server.ratis.ContainerStateMachine.dispatchCommand(ContainerStateMachine.java:374) ~[classes/:?]
	at org.apache.hadoop.ozone.container.common.transport.server.ratis.ContainerStateMachine.runCommand(ContainerStateMachine.java:381) ~[classes/:?]
	at org.apache.hadoop.ozone.container.common.transport.server.ratis.ContainerStateMachine.lambda$applyTransaction$6(ContainerStateMachine.java:647) ~[classes/:?]
	at java.util.concurrent.CompletableFuture$AsyncSupply.run(CompletableFuture.java:1590) [?:1.8.0_212]
	at java.util.concurrent.ThreadPoolExecutor.runWorker(ThreadPoolExecutor.java:1149) [?:1.8.0_212]
	at java.util.concurrent.ThreadPoolExecutor$Worker.run(ThreadPoolExecutor.java:624) [?:1.8.0_212]
	at java.lang.Thread.run(Thread.java:748) [?:1.8.0_212]
2019-07-30 18:56:40,252 INFO  impl.HddsDispatcher (ContainerUtils.java:logAndReturnError(146)) - Operation: PutBlock : Trace ID: 6fa78c4c0515cc5a:d5990e736bcf29e8:5b8ee63246f13c93:0 : Message: ContainerID 3 does not exist : Result: CONTAINER_NOT_FOUND
18:56:40.252 [RatisApplyTransactionExecutor 3] ERROR DNAudit - user=null | ip=null | op=PUT_BLOCK {blockData=[blockId=conID: 3 locID: 102531923982811205 bcsId: 0,size=10240]} | ret=FAILURE
org.apache.hadoop.hdds.scm.container.common.helpers.StorageContainerException: ContainerID 3 does not exist
	at org.apache.hadoop.ozone.container.common.impl.HddsDispatcher.dispatchRequest(HddsDispatcher.java:242) ~[classes/:?]
	at org.apache.hadoop.ozone.container.common.impl.HddsDispatcher.dispatch(HddsDispatcher.java:148) ~[classes/:?]
	at org.apache.hadoop.ozone.container.common.transport.server.ratis.ContainerStateMachine.dispatchCommand(ContainerStateMachine.java:374) ~[classes/:?]
	at org.apache.hadoop.ozone.container.common.transport.server.ratis.ContainerStateMachine.runCommand(ContainerStateMachine.java:381) ~[classes/:?]
	at org.apache.hadoop.ozone.container.common.transport.server.ratis.ContainerStateMachine.lambda$applyTransaction$6(ContainerStateMachine.java:647) ~[classes/:?]
	at java.util.concurrent.CompletableFuture$AsyncSupply.run(CompletableFuture.java:1590) [?:1.8.0_212]
	at java.util.concurrent.ThreadPoolExecutor.runWorker(ThreadPoolExecutor.java:1149) [?:1.8.0_212]
	at java.util.concurrent.ThreadPoolExecutor$Worker.run(ThreadPoolExecutor.java:624) [?:1.8.0_212]
	at java.lang.Thread.run(Thread.java:748) [?:1.8.0_212]
2019-07-30 18:56:40,253 INFO  impl.HddsDispatcher (ContainerUtils.java:logAndReturnError(146)) - Operation: PutBlock : Trace ID: 6fa78c4c0515cc5a:d5990e736bcf29e8:5b8ee63246f13c93:0 : Message: ContainerID 3 does not exist : Result: CONTAINER_NOT_FOUND
2019-07-30 18:56:40,253 INFO  client.GrpcClientProtocolClient (GrpcClientProtocolClient.java:onNext(255)) - client-E5BBE3B31844->e7c18ed1-d699-403d-a564-75580f46a889: receive RaftClientReply:client-E5BBE3B31844->e7c18ed1-d699-403d-a564-75580f46a889@group-26BEC2E87304, cid=113, SUCCESS, logIndex=147, commits[e7c18ed1-d699-403d-a564-75580f46a889:c147, a8e08a43-06d6-4ff3-a2b7-a01daa83b6fa:c142, dee37eed-b08c-4bdc-b9df-d4cef787bd4b:c142]
2019-07-30 18:56:40,256 INFO  client.GrpcClientProtocolClient (GrpcClientProtocolClient.java:onNext(255)) - client-E5BBE3B31844->e7c18ed1-d699-403d-a564-75580f46a889: receive RaftClientReply:client-E5BBE3B31844->e7c18ed1-d699-403d-a564-75580f46a889@group-26BEC2E87304, cid=114, SUCCESS, logIndex=0, commits[e7c18ed1-d699-403d-a564-75580f46a889:c151, a8e08a43-06d6-4ff3-a2b7-a01daa83b6fa:c147, dee37eed-b08c-4bdc-b9df-d4cef787bd4b:c147]
2019-07-30 18:56:40,263 WARN  node.SCMNodeManager (SCMNodeManager.java:getNodeByAddress(599)) - Cannot find node for address 127.0.0.1
2019-07-30 18:56:40,282 INFO  client.GrpcClientProtocolClient (GrpcClientProtocolClient.java:onNext(255)) - client-E5BBE3B31844->e7c18ed1-d699-403d-a564-75580f46a889: receive RaftClientReply:client-E5BBE3B31844->e7c18ed1-d699-403d-a564-75580f46a889@group-26BEC2E87304, cid=115, SUCCESS, logIndex=152, commits[e7c18ed1-d699-403d-a564-75580f46a889:c153, a8e08a43-06d6-4ff3-a2b7-a01daa83b6fa:c151, dee37eed-b08c-4bdc-b9df-d4cef787bd4b:c151]
2019-07-30 18:56:40,282 WARN  node.SCMNodeManager (SCMNodeManager.java:getNodeByAddress(599)) - Cannot find node for address 127.0.0.1
2019-07-30 18:56:40,282 INFO  client.GrpcClientProtocolClient (GrpcClientProtocolClient.java:onNext(255)) - client-E5BBE3B31844->e7c18ed1-d699-403d-a564-75580f46a889: receive RaftClientReply:client-E5BBE3B31844->e7c18ed1-d699-403d-a564-75580f46a889@group-26BEC2E87304, cid=116, SUCCESS, logIndex=153, commits[e7c18ed1-d699-403d-a564-75580f46a889:c153, a8e08a43-06d6-4ff3-a2b7-a01daa83b6fa:c151, dee37eed-b08c-4bdc-b9df-d4cef787bd4b:c151]
2019-07-30 18:56:40,294 WARN  node.SCMNodeManager (SCMNodeManager.java:getNodeByAddress(599)) - Cannot find node for address 127.0.0.1
2019-07-30 18:56:40,294 INFO  client.GrpcClientProtocolClient (GrpcClientProtocolClient.java:onNext(255)) - client-E5BBE3B31844->e7c18ed1-d699-403d-a564-75580f46a889: receive RaftClientReply:client-E5BBE3B31844->e7c18ed1-d699-403d-a564-75580f46a889@group-26BEC2E87304, cid=117, SUCCESS, logIndex=0, commits[e7c18ed1-d699-403d-a564-75580f46a889:c154, a8e08a43-06d6-4ff3-a2b7-a01daa83b6fa:c153, dee37eed-b08c-4bdc-b9df-d4cef787bd4b:c153]
2019-07-30 18:56:40,309 INFO  keyvalue.KeyValueHandler (ContainerUtils.java:logAndReturnError(146)) - Operation: CreateContainer : Trace ID: 49104c1af34ceb1a:be4bdf9105a52e9b:3ab5f32b0111135d:0 : Message: Container creation failed, due to disk out of space : Result: DISK_OUT_OF_SPACE
2019-07-30 18:56:40,310 WARN  node.SCMNodeManager (SCMNodeManager.java:getNodeByAddress(599)) - Cannot find node for address 127.0.0.1
18:56:40.309 [pool-48-thread-12] ERROR DNAudit - user=null | ip=null | op=WRITE_CHUNK {blockData=conID: 3 locID: 102531923987595339 bcsId: 0} | ret=FAILURE
org.apache.hadoop.hdds.scm.container.common.helpers.StorageContainerException: ContainerID 3 creation failed
	at org.apache.hadoop.ozone.container.common.impl.HddsDispatcher.dispatchRequest(HddsDispatcher.java:227) ~[classes/:?]
	at org.apache.hadoop.ozone.container.common.impl.HddsDispatcher.dispatch(HddsDispatcher.java:148) ~[classes/:?]
	at org.apache.hadoop.ozone.container.common.transport.server.ratis.ContainerStateMachine.dispatchCommand(ContainerStateMachine.java:374) ~[classes/:?]
	at org.apache.hadoop.ozone.container.common.transport.server.ratis.ContainerStateMachine.runCommand(ContainerStateMachine.java:381) ~[classes/:?]
	at org.apache.hadoop.ozone.container.common.transport.server.ratis.ContainerStateMachine.lambda$handleWriteChunk$1(ContainerStateMachine.java:412) ~[classes/:?]
	at java.util.concurrent.CompletableFuture$AsyncSupply.run(CompletableFuture.java:1590) [?:1.8.0_212]
	at java.util.concurrent.ThreadPoolExecutor.runWorker(ThreadPoolExecutor.java:1149) [?:1.8.0_212]
	at java.util.concurrent.ThreadPoolExecutor$Worker.run(ThreadPoolExecutor.java:624) [?:1.8.0_212]
	at java.lang.Thread.run(Thread.java:748) [?:1.8.0_212]
2019-07-30 18:56:40,310 INFO  impl.HddsDispatcher (ContainerUtils.java:logAndReturnError(146)) - Operation: WriteChunk : Trace ID: 49104c1af34ceb1a:be4bdf9105a52e9b:3ab5f32b0111135d:0 : Message: ContainerID 3 creation failed : Result: DISK_OUT_OF_SPACE
2019-07-30 18:56:40,310 INFO  keyvalue.KeyValueHandler (ContainerUtils.java:logAndReturnError(146)) - Operation: CreateContainer : Trace ID: 49104c1af34ceb1a:be4bdf9105a52e9b:3ab5f32b0111135d:0 : Message: Container creation failed, due to disk out of space : Result: DISK_OUT_OF_SPACE
2019-07-30 18:56:40,310 INFO  keyvalue.KeyValueHandler (ContainerUtils.java:logAndReturnError(146)) - Operation: CreateContainer : Trace ID: 49104c1af34ceb1a:be4bdf9105a52e9b:3ab5f32b0111135d:0 : Message: Container creation failed, due to disk out of space : Result: DISK_OUT_OF_SPACE
18:56:40.311 [pool-70-thread-44] ERROR DNAudit - user=null | ip=null | op=WRITE_CHUNK {blockData=conID: 3 locID: 102531923987595339 bcsId: 0} | ret=FAILURE
org.apache.hadoop.hdds.scm.container.common.helpers.StorageContainerException: ContainerID 3 creation failed
	at org.apache.hadoop.ozone.container.common.impl.HddsDispatcher.dispatchRequest(HddsDispatcher.java:227) ~[classes/:?]
	at org.apache.hadoop.ozone.container.common.impl.HddsDispatcher.dispatch(HddsDispatcher.java:148) ~[classes/:?]
	at org.apache.hadoop.ozone.container.common.transport.server.ratis.ContainerStateMachine.dispatchCommand(ContainerStateMachine.java:374) ~[classes/:?]
	at org.apache.hadoop.ozone.container.common.transport.server.ratis.ContainerStateMachine.runCommand(ContainerStateMachine.java:381) ~[classes/:?]
	at org.apache.hadoop.ozone.container.common.transport.server.ratis.ContainerStateMachine.lambda$handleWriteChunk$1(ContainerStateMachine.java:412) ~[classes/:?]
	at java.util.concurrent.CompletableFuture$AsyncSupply.run(CompletableFuture.java:1590) [?:1.8.0_212]
	at java.util.concurrent.ThreadPoolExecutor.runWorker(ThreadPoolExecutor.java:1149) [?:1.8.0_212]
	at java.util.concurrent.ThreadPoolExecutor$Worker.run(ThreadPoolExecutor.java:624) [?:1.8.0_212]
	at java.lang.Thread.run(Thread.java:748) [?:1.8.0_212]
18:56:40.311 [pool-26-thread-44] ERROR DNAudit - user=null | ip=null | op=WRITE_CHUNK {blockData=conID: 3 locID: 102531923987595339 bcsId: 0} | ret=FAILURE
org.apache.hadoop.hdds.scm.container.common.helpers.StorageContainerException: ContainerID 3 creation failed
	at org.apache.hadoop.ozone.container.common.impl.HddsDispatcher.dispatchRequest(HddsDispatcher.java:227) ~[classes/:?]
	at org.apache.hadoop.ozone.container.common.impl.HddsDispatcher.dispatch(HddsDispatcher.java:148) ~[classes/:?]
	at org.apache.hadoop.ozone.container.common.transport.server.ratis.ContainerStateMachine.dispatchCommand(ContainerStateMachine.java:374) ~[classes/:?]
	at org.apache.hadoop.ozone.container.common.transport.server.ratis.ContainerStateMachine.runCommand(ContainerStateMachine.java:381) ~[classes/:?]
	at org.apache.hadoop.ozone.container.common.transport.server.ratis.ContainerStateMachine.lambda$handleWriteChunk$1(ContainerStateMachine.java:412) ~[classes/:?]
	at java.util.concurrent.CompletableFuture$AsyncSupply.run(CompletableFuture.java:1590) [?:1.8.0_212]
	at java.util.concurrent.ThreadPoolExecutor.runWorker(ThreadPoolExecutor.java:1149) [?:1.8.0_212]
	at java.util.concurrent.ThreadPoolExecutor$Worker.run(ThreadPoolExecutor.java:624) [?:1.8.0_212]
	at java.lang.Thread.run(Thread.java:748) [?:1.8.0_212]
2019-07-30 18:56:40,311 INFO  impl.HddsDispatcher (ContainerUtils.java:logAndReturnError(146)) - Operation: WriteChunk : Trace ID: 49104c1af34ceb1a:be4bdf9105a52e9b:3ab5f32b0111135d:0 : Message: ContainerID 3 creation failed : Result: DISK_OUT_OF_SPACE
2019-07-30 18:56:40,311 INFO  impl.HddsDispatcher (ContainerUtils.java:logAndReturnError(146)) - Operation: WriteChunk : Trace ID: 49104c1af34ceb1a:be4bdf9105a52e9b:3ab5f32b0111135d:0 : Message: ContainerID 3 creation failed : Result: DISK_OUT_OF_SPACE
2019-07-30 18:56:40,322 WARN  node.SCMNodeManager (SCMNodeManager.java:getNodeByAddress(599)) - Cannot find node for address 127.0.0.1
18:56:40.323 [RatisApplyTransactionExecutor 3] ERROR DNAudit - user=null | ip=null | op=WRITE_CHUNK {blockData=conID: 3 locID: 102531923987595339 bcsId: 0} | ret=FAILURE
org.apache.hadoop.hdds.scm.container.common.helpers.StorageContainerException: ContainerID 3 does not exist
	at org.apache.hadoop.ozone.container.common.impl.HddsDispatcher.dispatchRequest(HddsDispatcher.java:242) ~[classes/:?]
	at org.apache.hadoop.ozone.container.common.impl.HddsDispatcher.dispatch(HddsDispatcher.java:148) ~[classes/:?]
	at org.apache.hadoop.ozone.container.common.transport.server.ratis.ContainerStateMachine.dispatchCommand(ContainerStateMachine.java:374) ~[classes/:?]
	at org.apache.hadoop.ozone.container.common.transport.server.ratis.ContainerStateMachine.runCommand(ContainerStateMachine.java:381) ~[classes/:?]
	at org.apache.hadoop.ozone.container.common.transport.server.ratis.ContainerStateMachine.lambda$applyTransaction$6(ContainerStateMachine.java:647) ~[classes/:?]
	at java.util.concurrent.CompletableFuture$AsyncSupply.run(CompletableFuture.java:1590) [?:1.8.0_212]
	at java.util.concurrent.ThreadPoolExecutor.runWorker(ThreadPoolExecutor.java:1149) [?:1.8.0_212]
	at java.util.concurrent.ThreadPoolExecutor$Worker.run(ThreadPoolExecutor.java:624) [?:1.8.0_212]
	at java.lang.Thread.run(Thread.java:748) [?:1.8.0_212]
2019-07-30 18:56:40,324 INFO  impl.HddsDispatcher (ContainerUtils.java:logAndReturnError(146)) - Operation: WriteChunk : Trace ID: 49104c1af34ceb1a:be4bdf9105a52e9b:3ab5f32b0111135d:0 : Message: ContainerID 3 does not exist : Result: CONTAINER_NOT_FOUND
18:56:40.324 [RatisApplyTransactionExecutor 3] ERROR DNAudit - user=null | ip=null | op=PUT_BLOCK {blockData=[blockId=conID: 3 locID: 102531923987595339 bcsId: 0,size=10240]} | ret=FAILURE
org.apache.hadoop.hdds.scm.container.common.helpers.StorageContainerException: ContainerID 3 does not exist
	at org.apache.hadoop.ozone.container.common.impl.HddsDispatcher.dispatchRequest(HddsDispatcher.java:242) ~[classes/:?]
	at org.apache.hadoop.ozone.container.common.impl.HddsDispatcher.dispatch(HddsDispatcher.java:148) ~[classes/:?]
	at org.apache.hadoop.ozone.container.common.transport.server.ratis.ContainerStateMachine.dispatchCommand(ContainerStateMachine.java:374) ~[classes/:?]
	at org.apache.hadoop.ozone.container.common.transport.server.ratis.ContainerStateMachine.runCommand(ContainerStateMachine.java:381) ~[classes/:?]
	at org.apache.hadoop.ozone.container.common.transport.server.ratis.ContainerStateMachine.lambda$applyTransaction$6(ContainerStateMachine.java:647) ~[classes/:?]
	at java.util.concurrent.CompletableFuture$AsyncSupply.run(CompletableFuture.java:1590) [?:1.8.0_212]
	at java.util.concurrent.ThreadPoolExecutor.runWorker(ThreadPoolExecutor.java:1149) [?:1.8.0_212]
	at java.util.concurrent.ThreadPoolExecutor$Worker.run(ThreadPoolExecutor.java:624) [?:1.8.0_212]
	at java.lang.Thread.run(Thread.java:748) [?:1.8.0_212]
2019-07-30 18:56:40,324 INFO  impl.HddsDispatcher (ContainerUtils.java:logAndReturnError(146)) - Operation: PutBlock : Trace ID: 49104c1af34ceb1a:207af0acfb680886:3ab5f32b0111135d:0 : Message: ContainerID 3 does not exist : Result: CONTAINER_NOT_FOUND
2019-07-30 18:56:40,325 INFO  client.GrpcClientProtocolClient (GrpcClientProtocolClient.java:onNext(255)) - client-E5BBE3B31844->e7c18ed1-d699-403d-a564-75580f46a889: receive RaftClientReply:client-E5BBE3B31844->e7c18ed1-d699-403d-a564-75580f46a889@group-26BEC2E87304, cid=118, SUCCESS, logIndex=156, commits[e7c18ed1-d699-403d-a564-75580f46a889:c157, a8e08a43-06d6-4ff3-a2b7-a01daa83b6fa:c155, dee37eed-b08c-4bdc-b9df-d4cef787bd4b:c155]
2019-07-30 18:56:40,326 ERROR storage.BlockOutputStream (BlockOutputStream.java:validateResponse(531)) - Unexpected Storage Container Exception: 
org.apache.hadoop.hdds.scm.container.common.helpers.StorageContainerException: ContainerID 3 does not exist
	at org.apache.hadoop.hdds.scm.storage.ContainerProtocolCalls.validateContainerResponse(ContainerProtocolCalls.java:536)
	at org.apache.hadoop.hdds.scm.storage.BlockOutputStream.validateResponse(BlockOutputStream.java:529)
	at org.apache.hadoop.hdds.scm.storage.BlockOutputStream.lambda$writeChunkToContainer$2(BlockOutputStream.java:606)
	at java.util.concurrent.CompletableFuture.uniApply(CompletableFuture.java:602)
	at java.util.concurrent.CompletableFuture$UniApply.tryFire(CompletableFuture.java:577)
	at java.util.concurrent.CompletableFuture$Completion.run(CompletableFuture.java:442)
	at java.util.concurrent.ThreadPoolExecutor.runWorker(ThreadPoolExecutor.java:1149)
	at java.util.concurrent.ThreadPoolExecutor$Worker.run(ThreadPoolExecutor.java:624)
	at java.lang.Thread.run(Thread.java:748)
2019-07-30 18:56:40,326 INFO  client.GrpcClientProtocolClient (GrpcClientProtocolClient.java:onNext(255)) - client-E5BBE3B31844->e7c18ed1-d699-403d-a564-75580f46a889: receive RaftClientReply:client-E5BBE3B31844->e7c18ed1-d699-403d-a564-75580f46a889@group-26BEC2E87304, cid=119, SUCCESS, logIndex=157, commits[e7c18ed1-d699-403d-a564-75580f46a889:c157, a8e08a43-06d6-4ff3-a2b7-a01daa83b6fa:c155, dee37eed-b08c-4bdc-b9df-d4cef787bd4b:c155]
2019-07-30 18:56:40,330 ERROR freon.RandomKeyGenerator (RandomKeyGenerator.java:createKey(730)) - Exception while adding key: key-3-20199 in bucket: bucket-0-71074 of volume: vol-1-01715.
java.io.IOException: Unexpected Storage Container Exception: org.apache.hadoop.hdds.scm.container.common.helpers.StorageContainerException: ContainerID 3 does not exist
	at org.apache.hadoop.hdds.scm.storage.BlockOutputStream.setIoException(BlockOutputStream.java:541)
	at org.apache.hadoop.hdds.scm.storage.BlockOutputStream.validateResponse(BlockOutputStream.java:532)
	at org.apache.hadoop.hdds.scm.storage.BlockOutputStream.lambda$writeChunkToContainer$2(BlockOutputStream.java:606)
	at java.util.concurrent.CompletableFuture.uniApply(CompletableFuture.java:602)
	at java.util.concurrent.CompletableFuture$UniApply.tryFire(CompletableFuture.java:577)
	at java.util.concurrent.CompletableFuture$Completion.run(CompletableFuture.java:442)
	at java.util.concurrent.ThreadPoolExecutor.runWorker(ThreadPoolExecutor.java:1149)
	at java.util.concurrent.ThreadPoolExecutor$Worker.run(ThreadPoolExecutor.java:624)
	at java.lang.Thread.run(Thread.java:748)
Caused by: org.apache.hadoop.hdds.scm.container.common.helpers.StorageContainerException: ContainerID 3 does not exist
	at org.apache.hadoop.hdds.scm.storage.ContainerProtocolCalls.validateContainerResponse(ContainerProtocolCalls.java:536)
	at org.apache.hadoop.hdds.scm.storage.BlockOutputStream.validateResponse(BlockOutputStream.java:529)
	... 7 more
18:56:40.335 [RatisApplyTransactionExecutor 3] ERROR DNAudit - user=null | ip=null | op=WRITE_CHUNK {blockData=conID: 3 locID: 102531923987595339 bcsId: 0} | ret=FAILURE
org.apache.hadoop.hdds.scm.container.common.helpers.StorageContainerException: ContainerID 3 does not exist
	at org.apache.hadoop.ozone.container.common.impl.HddsDispatcher.dispatchRequest(HddsDispatcher.java:242) ~[classes/:?]
	at org.apache.hadoop.ozone.container.common.impl.HddsDispatcher.dispatch(HddsDispatcher.java:148) ~[classes/:?]
	at org.apache.hadoop.ozone.container.common.transport.server.ratis.ContainerStateMachine.dispatchCommand(ContainerStateMachine.java:374) ~[classes/:?]
	at org.apache.hadoop.ozone.container.common.transport.server.ratis.ContainerStateMachine.runCommand(ContainerStateMachine.java:381) ~[classes/:?]
	at org.apache.hadoop.ozone.container.common.transport.server.ratis.ContainerStateMachine.lambda$applyTransaction$6(ContainerStateMachine.java:647) ~[classes/:?]
	at java.util.concurrent.CompletableFuture$AsyncSupply.run(CompletableFuture.java:1590) [?:1.8.0_212]
	at java.util.concurrent.ThreadPoolExecutor.runWorker(ThreadPoolExecutor.java:1149) [?:1.8.0_212]
	at java.util.concurrent.ThreadPoolExecutor$Worker.run(ThreadPoolExecutor.java:624) [?:1.8.0_212]
	at java.lang.Thread.run(Thread.java:748) [?:1.8.0_212]
18:56:40.335 [RatisApplyTransactionExecutor 3] ERROR DNAudit - user=null | ip=null | op=WRITE_CHUNK {blockData=conID: 3 locID: 102531923987595339 bcsId: 0} | ret=FAILURE
org.apache.hadoop.hdds.scm.container.common.helpers.StorageContainerException: ContainerID 3 does not exist
	at org.apache.hadoop.ozone.container.common.impl.HddsDispatcher.dispatchRequest(HddsDispatcher.java:242) ~[classes/:?]
	at org.apache.hadoop.ozone.container.common.impl.HddsDispatcher.dispatch(HddsDispatcher.java:148) ~[classes/:?]
	at org.apache.hadoop.ozone.container.common.transport.server.ratis.ContainerStateMachine.dispatchCommand(ContainerStateMachine.java:374) ~[classes/:?]
	at org.apache.hadoop.ozone.container.common.transport.server.ratis.ContainerStateMachine.runCommand(ContainerStateMachine.java:381) ~[classes/:?]
	at org.apache.hadoop.ozone.container.common.transport.server.ratis.ContainerStateMachine.lambda$applyTransaction$6(ContainerStateMachine.java:647) ~[classes/:?]
	at java.util.concurrent.CompletableFuture$AsyncSupply.run(CompletableFuture.java:1590) [?:1.8.0_212]
	at java.util.concurrent.ThreadPoolExecutor.runWorker(ThreadPoolExecutor.java:1149) [?:1.8.0_212]
	at java.util.concurrent.ThreadPoolExecutor$Worker.run(ThreadPoolExecutor.java:624) [?:1.8.0_212]
	at java.lang.Thread.run(Thread.java:748) [?:1.8.0_212]
2019-07-30 18:56:40,335 INFO  impl.HddsDispatcher (ContainerUtils.java:logAndReturnError(146)) - Operation: WriteChunk : Trace ID: 49104c1af34ceb1a:be4bdf9105a52e9b:3ab5f32b0111135d:0 : Message: ContainerID 3 does not exist : Result: CONTAINER_NOT_FOUND
2019-07-30 18:56:40,335 INFO  impl.HddsDispatcher (ContainerUtils.java:logAndReturnError(146)) - Operation: WriteChunk : Trace ID: 49104c1af34ceb1a:be4bdf9105a52e9b:3ab5f32b0111135d:0 : Message: ContainerID 3 does not exist : Result: CONTAINER_NOT_FOUND
18:56:40.336 [RatisApplyTransactionExecutor 3] ERROR DNAudit - user=null | ip=null | op=PUT_BLOCK {blockData=[blockId=conID: 3 locID: 102531923987595339 bcsId: 0,size=10240]} | ret=FAILURE
org.apache.hadoop.hdds.scm.container.common.helpers.StorageContainerException: ContainerID 3 does not exist
	at org.apache.hadoop.ozone.container.common.impl.HddsDispatcher.dispatchRequest(HddsDispatcher.java:242) ~[classes/:?]
	at org.apache.hadoop.ozone.container.common.impl.HddsDispatcher.dispatch(HddsDispatcher.java:148) ~[classes/:?]
	at org.apache.hadoop.ozone.container.common.transport.server.ratis.ContainerStateMachine.dispatchCommand(ContainerStateMachine.java:374) ~[classes/:?]
	at org.apache.hadoop.ozone.container.common.transport.server.ratis.ContainerStateMachine.runCommand(ContainerStateMachine.java:381) ~[classes/:?]
	at org.apache.hadoop.ozone.container.common.transport.server.ratis.ContainerStateMachine.lambda$applyTransaction$6(ContainerStateMachine.java:647) ~[classes/:?]
	at java.util.concurrent.CompletableFuture$AsyncSupply.run(CompletableFuture.java:1590) [?:1.8.0_212]
	at java.util.concurrent.ThreadPoolExecutor.runWorker(ThreadPoolExecutor.java:1149) [?:1.8.0_212]
	at java.util.concurrent.ThreadPoolExecutor$Worker.run(ThreadPoolExecutor.java:624) [?:1.8.0_212]
	at java.lang.Thread.run(Thread.java:748) [?:1.8.0_212]
18:56:40.336 [RatisApplyTransactionExecutor 3] ERROR DNAudit - user=null | ip=null | op=PUT_BLOCK {blockData=[blockId=conID: 3 locID: 102531923987595339 bcsId: 0,size=10240]} | ret=FAILURE
org.apache.hadoop.hdds.scm.container.common.helpers.StorageContainerException: ContainerID 3 does not exist
	at org.apache.hadoop.ozone.container.common.impl.HddsDispatcher.dispatchRequest(HddsDispatcher.java:242) ~[classes/:?]
	at org.apache.hadoop.ozone.container.common.impl.HddsDispatcher.dispatch(HddsDispatcher.java:148) ~[classes/:?]
	at org.apache.hadoop.ozone.container.common.transport.server.ratis.ContainerStateMachine.dispatchCommand(ContainerStateMachine.java:374) ~[classes/:?]
	at org.apache.hadoop.ozone.container.common.transport.server.ratis.ContainerStateMachine.runCommand(ContainerStateMachine.java:381) ~[classes/:?]
	at org.apache.hadoop.ozone.container.common.transport.server.ratis.ContainerStateMachine.lambda$applyTransaction$6(ContainerStateMachine.java:647) ~[classes/:?]
	at java.util.concurrent.CompletableFuture$AsyncSupply.run(CompletableFuture.java:1590) [?:1.8.0_212]
	at java.util.concurrent.ThreadPoolExecutor.runWorker(ThreadPoolExecutor.java:1149) [?:1.8.0_212]
	at java.util.concurrent.ThreadPoolExecutor$Worker.run(ThreadPoolExecutor.java:624) [?:1.8.0_212]
	at java.lang.Thread.run(Thread.java:748) [?:1.8.0_212]
2019-07-30 18:56:40,336 INFO  impl.HddsDispatcher (ContainerUtils.java:logAndReturnError(146)) - Operation: PutBlock : Trace ID: 49104c1af34ceb1a:207af0acfb680886:3ab5f32b0111135d:0 : Message: ContainerID 3 does not exist : Result: CONTAINER_NOT_FOUND
2019-07-30 18:56:40,336 INFO  impl.HddsDispatcher (ContainerUtils.java:logAndReturnError(146)) - Operation: PutBlock : Trace ID: 49104c1af34ceb1a:207af0acfb680886:3ab5f32b0111135d:0 : Message: ContainerID 3 does not exist : Result: CONTAINER_NOT_FOUND
2019-07-30 18:56:40,337 WARN  node.SCMNodeManager (SCMNodeManager.java:getNodeByAddress(599)) - Cannot find node for address 127.0.0.1
2019-07-30 18:56:40,349 WARN  node.SCMNodeManager (SCMNodeManager.java:getNodeByAddress(599)) - Cannot find node for address 127.0.0.1
2019-07-30 18:56:40,360 WARN  node.SCMNodeManager (SCMNodeManager.java:getNodeByAddress(599)) - Cannot find node for address 127.0.0.1
2019-07-30 18:56:40,373 WARN  node.SCMNodeManager (SCMNodeManager.java:getNodeByAddress(599)) - Cannot find node for address 127.0.0.1
2019-07-30 18:56:40,389 WARN  node.SCMNodeManager (SCMNodeManager.java:getNodeByAddress(599)) - Cannot find node for address 127.0.0.1
2019-07-30 18:56:40,401 WARN  node.SCMNodeManager (SCMNodeManager.java:getNodeByAddress(599)) - Cannot find node for address 127.0.0.1
2019-07-30 18:56:40,413 WARN  node.SCMNodeManager (SCMNodeManager.java:getNodeByAddress(599)) - Cannot find node for address 127.0.0.1
2019-07-30 18:56:40,426 WARN  node.SCMNodeManager (SCMNodeManager.java:getNodeByAddress(599)) - Cannot find node for address 127.0.0.1
2019-07-30 18:56:40,444 WARN  node.SCMNodeManager (SCMNodeManager.java:getNodeByAddress(599)) - Cannot find node for address 127.0.0.1
2019-07-30 18:56:40,455 WARN  node.SCMNodeManager (SCMNodeManager.java:getNodeByAddress(599)) - Cannot find node for address 127.0.0.1
 22.00% |███████████████████████                                                                              |  22/100 Time: 0:00:01 22.00% |███████████████████████                                                                              |  22/100 Time: 0:00:02 22.00% |███████████████████████                                                                              |  22/100 Time: 0:00:03 22.00% |███████████████████████                                                                              |  22/100 Time: 0:00:04 100.00% |█████████████████████████████████████████████████████████████████████████████████████████████████████|  100/100 Time: 0:00:05
]]></system-out>
  </testcase>
</testsuite>