<?xml version="1.0" encoding="UTF-8"?>
<testsuite xmlns:xsi="http://www.w3.org/2001/XMLSchema-instance" xsi:noNamespaceSchemaLocation="https://maven.apache.org/surefire/maven-surefire-plugin/xsd/surefire-test-report.xsd" name="org.apache.ratis.netty.TestRetryCacheWithNettyRpc" time="116.548" tests="2" errors="1" skipped="0" failures="0">
  <properties>
    <property name="awt.toolkit" value="sun.awt.X11.XToolkit"/>
    <property name="file.encoding.pkg" value="sun.io"/>
    <property name="java.specification.version" value="1.8"/>
    <property name="sun.cpu.isalist" value=""/>
    <property name="sun.jnu.encoding" value="UTF-8"/>
    <property name="java.class.path" value="/workdir/ratis-test/target/test-classes:/workdir/ratis-test/target/classes:/workdir/ratis-common/target/classes:/home/user/.m2/repository/org/apache/ratis/ratis-thirdparty-misc/0.2.0/ratis-thirdparty-misc-0.2.0.jar:/workdir/ratis-proto/target/ratis-proto-0.5.0-SNAPSHOT.jar:/home/user/.m2/repository/org/slf4j/slf4j-log4j12/1.7.10/slf4j-log4j12-1.7.10.jar:/home/user/.m2/repository/log4j/log4j/1.2.17/log4j-1.2.17.jar:/workdir/ratis-common/target/test-classes:/workdir/ratis-client/target/classes:/workdir/ratis-server/target/classes:/workdir/ratis-metrics/target/classes:/home/user/.m2/repository/io/dropwizard/metrics/metrics-core/3.2.5/metrics-core-3.2.5.jar:/home/user/.m2/repository/com/github/joshelser/dropwizard-metrics-hadoop-metrics2-reporter/0.1.2/dropwizard-metrics-hadoop-metrics2-reporter-0.1.2.jar:/home/user/.m2/repository/org/apache/hadoop/hadoop-common/2.6.0/hadoop-common-2.6.0.jar:/home/user/.m2/repository/org/apache/hadoop/hadoop-annotations/2.6.0/hadoop-annotations-2.6.0.jar:/usr/lib/jvm/java-1.8-openjdk/jre/../lib/tools.jar:/home/user/.m2/repository/com/google/guava/guava/11.0.2/guava-11.0.2.jar:/home/user/.m2/repository/commons-cli/commons-cli/1.2/commons-cli-1.2.jar:/home/user/.m2/repository/org/apache/commons/commons-math3/3.1.1/commons-math3-3.1.1.jar:/home/user/.m2/repository/xmlenc/xmlenc/0.52/xmlenc-0.52.jar:/home/user/.m2/repository/commons-httpclient/commons-httpclient/3.1/commons-httpclient-3.1.jar:/home/user/.m2/repository/commons-codec/commons-codec/1.4/commons-codec-1.4.jar:/home/user/.m2/repository/commons-io/commons-io/2.4/commons-io-2.4.jar:/home/user/.m2/repository/commons-net/commons-net/3.1/commons-net-3.1.jar:/home/user/.m2/repository/commons-collections/commons-collections/3.2.1/commons-collections-3.2.1.jar:/home/user/.m2/repository/javax/servlet/servlet-api/2.5/servlet-api-2.5.jar:/home/user/.m2/repository/org/mortbay/jetty/jetty/6.1.26/jetty-6.1.26.jar:/home/user/.m2/repository/org/mortbay/jetty/jetty-util/6.1.26/jetty-util-6.1.26.jar:/home/user/.m2/repository/com/sun/jersey/jersey-core/1.9/jersey-core-1.9.jar:/home/user/.m2/repository/com/sun/jersey/jersey-json/1.9/jersey-json-1.9.jar:/home/user/.m2/repository/org/codehaus/jettison/jettison/1.1/jettison-1.1.jar:/home/user/.m2/repository/com/sun/xml/bind/jaxb-impl/2.2.3-1/jaxb-impl-2.2.3-1.jar:/home/user/.m2/repository/javax/xml/bind/jaxb-api/2.2.2/jaxb-api-2.2.2.jar:/home/user/.m2/repository/javax/xml/stream/stax-api/1.0-2/stax-api-1.0-2.jar:/home/user/.m2/repository/javax/activation/activation/1.1/activation-1.1.jar:/home/user/.m2/repository/org/codehaus/jackson/jackson-jaxrs/1.8.3/jackson-jaxrs-1.8.3.jar:/home/user/.m2/repository/org/codehaus/jackson/jackson-xc/1.8.3/jackson-xc-1.8.3.jar:/home/user/.m2/repository/com/sun/jersey/jersey-server/1.9/jersey-server-1.9.jar:/home/user/.m2/repository/asm/asm/3.1/asm-3.1.jar:/home/user/.m2/repository/tomcat/jasper-compiler/5.5.23/jasper-compiler-5.5.23.jar:/home/user/.m2/repository/tomcat/jasper-runtime/5.5.23/jasper-runtime-5.5.23.jar:/home/user/.m2/repository/javax/servlet/jsp/jsp-api/2.1/jsp-api-2.1.jar:/home/user/.m2/repository/commons-el/commons-el/1.0/commons-el-1.0.jar:/home/user/.m2/repository/commons-logging/commons-logging/1.1.3/commons-logging-1.1.3.jar:/home/user/.m2/repository/net/java/dev/jets3t/jets3t/0.9.0/jets3t-0.9.0.jar:/home/user/.m2/repository/org/apache/httpcomponents/httpclient/4.1.2/httpclient-4.1.2.jar:/home/user/.m2/repository/org/apache/httpcomponents/httpcore/4.1.2/httpcore-4.1.2.jar:/home/user/.m2/repository/com/jamesmurty/utils/java-xmlbuilder/0.4/java-xmlbuilder-0.4.jar:/home/user/.m2/repository/commons-lang/commons-lang/2.6/commons-lang-2.6.jar:/home/user/.m2/repository/commons-configuration/commons-configuration/1.6/commons-configuration-1.6.jar:/home/user/.m2/repository/commons-digester/commons-digester/1.8/commons-digester-1.8.jar:/home/user/.m2/repository/commons-beanutils/commons-beanutils/1.7.0/commons-beanutils-1.7.0.jar:/home/user/.m2/repository/commons-beanutils/commons-beanutils-core/1.8.0/commons-beanutils-core-1.8.0.jar:/home/user/.m2/repository/org/codehaus/jackson/jackson-core-asl/1.9.13/jackson-core-asl-1.9.13.jar:/home/user/.m2/repository/org/codehaus/jackson/jackson-mapper-asl/1.9.13/jackson-mapper-asl-1.9.13.jar:/home/user/.m2/repository/org/apache/avro/avro/1.7.4/avro-1.7.4.jar:/home/user/.m2/repository/com/thoughtworks/paranamer/paranamer/2.3/paranamer-2.3.jar:/home/user/.m2/repository/org/xerial/snappy/snappy-java/1.0.4.1/snappy-java-1.0.4.1.jar:/home/user/.m2/repository/com/google/protobuf/protobuf-java/2.5.0/protobuf-java-2.5.0.jar:/home/user/.m2/repository/com/google/code/gson/gson/2.2.4/gson-2.2.4.jar:/home/user/.m2/repository/org/apache/hadoop/hadoop-auth/2.6.0/hadoop-auth-2.6.0.jar:/home/user/.m2/repository/org/apache/directory/server/apacheds-kerberos-codec/2.0.0-M15/apacheds-kerberos-codec-2.0.0-M15.jar:/home/user/.m2/repository/org/apache/directory/server/apacheds-i18n/2.0.0-M15/apacheds-i18n-2.0.0-M15.jar:/home/user/.m2/repository/org/apache/directory/api/api-asn1-api/1.0.0-M20/api-asn1-api-1.0.0-M20.jar:/home/user/.m2/repository/org/apache/directory/api/api-util/1.0.0-M20/api-util-1.0.0-M20.jar:/home/user/.m2/repository/org/apache/curator/curator-framework/2.6.0/curator-framework-2.6.0.jar:/home/user/.m2/repository/com/jcraft/jsch/0.1.42/jsch-0.1.42.jar:/home/user/.m2/repository/org/apache/curator/curator-client/2.6.0/curator-client-2.6.0.jar:/home/user/.m2/repository/org/apache/curator/curator-recipes/2.6.0/curator-recipes-2.6.0.jar:/home/user/.m2/repository/com/google/code/findbugs/jsr305/1.3.9/jsr305-1.3.9.jar:/home/user/.m2/repository/org/htrace/htrace-core/3.0.4/htrace-core-3.0.4.jar:/home/user/.m2/repository/org/apache/zookeeper/zookeeper/3.4.6/zookeeper-3.4.6.jar:/home/user/.m2/repository/io/netty/netty/3.7.0.Final/netty-3.7.0.Final.jar:/home/user/.m2/repository/org/apache/commons/commons-compress/1.4.1/commons-compress-1.4.1.jar:/home/user/.m2/repository/org/tukaani/xz/1.0/xz-1.0.jar:/home/user/.m2/repository/io/dropwizard/metrics/metrics-jvm/3.2.5/metrics-jvm-3.2.5.jar:/home/user/.m2/repository/io/dropwizard/metrics/metrics-ganglia/3.2.5/metrics-ganglia-3.2.5.jar:/home/user/.m2/repository/info/ganglia/gmetric4j/gmetric4j/1.0.7/gmetric4j-1.0.7.jar:/workdir/ratis-server/target/test-classes:/workdir/ratis-netty/target/classes:/workdir/ratis-netty/target/test-classes:/workdir/ratis-grpc/target/classes:/workdir/ratis-grpc/target/test-classes:/home/user/.m2/repository/org/slf4j/slf4j-api/1.7.10/slf4j-api-1.7.10.jar:/home/user/.m2/repository/junit/junit/4.12/junit-4.12.jar:/home/user/.m2/repository/org/hamcrest/hamcrest-core/1.3/hamcrest-core-1.3.jar:/home/user/.m2/repository/org/mockito/mockito-all/1.8.5/mockito-all-1.8.5.jar:"/>
    <property name="java.vm.vendor" value="IcedTea"/>
    <property name="sun.arch.data.model" value="64"/>
    <property name="java.vendor.url" value="https://icedtea.classpath.org"/>
    <property name="user.timezone" value=""/>
    <property name="java.vm.specification.version" value="1.8"/>
    <property name="os.name" value="Linux"/>
    <property name="user.country" value="US"/>
    <property name="sun.java.launcher" value="SUN_STANDARD"/>
    <property name="sun.boot.library.path" value="/usr/lib/jvm/java-1.8-openjdk/jre/lib/amd64"/>
    <property name="sun.java.command" value="/workdir/ratis-test/target/surefire/surefirebooter5269986295068527549.jar /workdir/ratis-test/target/surefire 2019-09-24T16-02-41_483-jvmRun1 surefire3812794126376294343tmp surefire_308664501311371793668tmp"/>
    <property name="surefire.test.class.path" value="/workdir/ratis-test/target/test-classes:/workdir/ratis-test/target/classes:/workdir/ratis-common/target/classes:/home/user/.m2/repository/org/apache/ratis/ratis-thirdparty-misc/0.2.0/ratis-thirdparty-misc-0.2.0.jar:/workdir/ratis-proto/target/ratis-proto-0.5.0-SNAPSHOT.jar:/home/user/.m2/repository/org/slf4j/slf4j-log4j12/1.7.10/slf4j-log4j12-1.7.10.jar:/home/user/.m2/repository/log4j/log4j/1.2.17/log4j-1.2.17.jar:/workdir/ratis-common/target/test-classes:/workdir/ratis-client/target/classes:/workdir/ratis-server/target/classes:/workdir/ratis-metrics/target/classes:/home/user/.m2/repository/io/dropwizard/metrics/metrics-core/3.2.5/metrics-core-3.2.5.jar:/home/user/.m2/repository/com/github/joshelser/dropwizard-metrics-hadoop-metrics2-reporter/0.1.2/dropwizard-metrics-hadoop-metrics2-reporter-0.1.2.jar:/home/user/.m2/repository/org/apache/hadoop/hadoop-common/2.6.0/hadoop-common-2.6.0.jar:/home/user/.m2/repository/org/apache/hadoop/hadoop-annotations/2.6.0/hadoop-annotations-2.6.0.jar:/usr/lib/jvm/java-1.8-openjdk/jre/../lib/tools.jar:/home/user/.m2/repository/com/google/guava/guava/11.0.2/guava-11.0.2.jar:/home/user/.m2/repository/commons-cli/commons-cli/1.2/commons-cli-1.2.jar:/home/user/.m2/repository/org/apache/commons/commons-math3/3.1.1/commons-math3-3.1.1.jar:/home/user/.m2/repository/xmlenc/xmlenc/0.52/xmlenc-0.52.jar:/home/user/.m2/repository/commons-httpclient/commons-httpclient/3.1/commons-httpclient-3.1.jar:/home/user/.m2/repository/commons-codec/commons-codec/1.4/commons-codec-1.4.jar:/home/user/.m2/repository/commons-io/commons-io/2.4/commons-io-2.4.jar:/home/user/.m2/repository/commons-net/commons-net/3.1/commons-net-3.1.jar:/home/user/.m2/repository/commons-collections/commons-collections/3.2.1/commons-collections-3.2.1.jar:/home/user/.m2/repository/javax/servlet/servlet-api/2.5/servlet-api-2.5.jar:/home/user/.m2/repository/org/mortbay/jetty/jetty/6.1.26/jetty-6.1.26.jar:/home/user/.m2/repository/org/mortbay/jetty/jetty-util/6.1.26/jetty-util-6.1.26.jar:/home/user/.m2/repository/com/sun/jersey/jersey-core/1.9/jersey-core-1.9.jar:/home/user/.m2/repository/com/sun/jersey/jersey-json/1.9/jersey-json-1.9.jar:/home/user/.m2/repository/org/codehaus/jettison/jettison/1.1/jettison-1.1.jar:/home/user/.m2/repository/com/sun/xml/bind/jaxb-impl/2.2.3-1/jaxb-impl-2.2.3-1.jar:/home/user/.m2/repository/javax/xml/bind/jaxb-api/2.2.2/jaxb-api-2.2.2.jar:/home/user/.m2/repository/javax/xml/stream/stax-api/1.0-2/stax-api-1.0-2.jar:/home/user/.m2/repository/javax/activation/activation/1.1/activation-1.1.jar:/home/user/.m2/repository/org/codehaus/jackson/jackson-jaxrs/1.8.3/jackson-jaxrs-1.8.3.jar:/home/user/.m2/repository/org/codehaus/jackson/jackson-xc/1.8.3/jackson-xc-1.8.3.jar:/home/user/.m2/repository/com/sun/jersey/jersey-server/1.9/jersey-server-1.9.jar:/home/user/.m2/repository/asm/asm/3.1/asm-3.1.jar:/home/user/.m2/repository/tomcat/jasper-compiler/5.5.23/jasper-compiler-5.5.23.jar:/home/user/.m2/repository/tomcat/jasper-runtime/5.5.23/jasper-runtime-5.5.23.jar:/home/user/.m2/repository/javax/servlet/jsp/jsp-api/2.1/jsp-api-2.1.jar:/home/user/.m2/repository/commons-el/commons-el/1.0/commons-el-1.0.jar:/home/user/.m2/repository/commons-logging/commons-logging/1.1.3/commons-logging-1.1.3.jar:/home/user/.m2/repository/net/java/dev/jets3t/jets3t/0.9.0/jets3t-0.9.0.jar:/home/user/.m2/repository/org/apache/httpcomponents/httpclient/4.1.2/httpclient-4.1.2.jar:/home/user/.m2/repository/org/apache/httpcomponents/httpcore/4.1.2/httpcore-4.1.2.jar:/home/user/.m2/repository/com/jamesmurty/utils/java-xmlbuilder/0.4/java-xmlbuilder-0.4.jar:/home/user/.m2/repository/commons-lang/commons-lang/2.6/commons-lang-2.6.jar:/home/user/.m2/repository/commons-configuration/commons-configuration/1.6/commons-configuration-1.6.jar:/home/user/.m2/repository/commons-digester/commons-digester/1.8/commons-digester-1.8.jar:/home/user/.m2/repository/commons-beanutils/commons-beanutils/1.7.0/commons-beanutils-1.7.0.jar:/home/user/.m2/repository/commons-beanutils/commons-beanutils-core/1.8.0/commons-beanutils-core-1.8.0.jar:/home/user/.m2/repository/org/codehaus/jackson/jackson-core-asl/1.9.13/jackson-core-asl-1.9.13.jar:/home/user/.m2/repository/org/codehaus/jackson/jackson-mapper-asl/1.9.13/jackson-mapper-asl-1.9.13.jar:/home/user/.m2/repository/org/apache/avro/avro/1.7.4/avro-1.7.4.jar:/home/user/.m2/repository/com/thoughtworks/paranamer/paranamer/2.3/paranamer-2.3.jar:/home/user/.m2/repository/org/xerial/snappy/snappy-java/1.0.4.1/snappy-java-1.0.4.1.jar:/home/user/.m2/repository/com/google/protobuf/protobuf-java/2.5.0/protobuf-java-2.5.0.jar:/home/user/.m2/repository/com/google/code/gson/gson/2.2.4/gson-2.2.4.jar:/home/user/.m2/repository/org/apache/hadoop/hadoop-auth/2.6.0/hadoop-auth-2.6.0.jar:/home/user/.m2/repository/org/apache/directory/server/apacheds-kerberos-codec/2.0.0-M15/apacheds-kerberos-codec-2.0.0-M15.jar:/home/user/.m2/repository/org/apache/directory/server/apacheds-i18n/2.0.0-M15/apacheds-i18n-2.0.0-M15.jar:/home/user/.m2/repository/org/apache/directory/api/api-asn1-api/1.0.0-M20/api-asn1-api-1.0.0-M20.jar:/home/user/.m2/repository/org/apache/directory/api/api-util/1.0.0-M20/api-util-1.0.0-M20.jar:/home/user/.m2/repository/org/apache/curator/curator-framework/2.6.0/curator-framework-2.6.0.jar:/home/user/.m2/repository/com/jcraft/jsch/0.1.42/jsch-0.1.42.jar:/home/user/.m2/repository/org/apache/curator/curator-client/2.6.0/curator-client-2.6.0.jar:/home/user/.m2/repository/org/apache/curator/curator-recipes/2.6.0/curator-recipes-2.6.0.jar:/home/user/.m2/repository/com/google/code/findbugs/jsr305/1.3.9/jsr305-1.3.9.jar:/home/user/.m2/repository/org/htrace/htrace-core/3.0.4/htrace-core-3.0.4.jar:/home/user/.m2/repository/org/apache/zookeeper/zookeeper/3.4.6/zookeeper-3.4.6.jar:/home/user/.m2/repository/io/netty/netty/3.7.0.Final/netty-3.7.0.Final.jar:/home/user/.m2/repository/org/apache/commons/commons-compress/1.4.1/commons-compress-1.4.1.jar:/home/user/.m2/repository/org/tukaani/xz/1.0/xz-1.0.jar:/home/user/.m2/repository/io/dropwizard/metrics/metrics-jvm/3.2.5/metrics-jvm-3.2.5.jar:/home/user/.m2/repository/io/dropwizard/metrics/metrics-ganglia/3.2.5/metrics-ganglia-3.2.5.jar:/home/user/.m2/repository/info/ganglia/gmetric4j/gmetric4j/1.0.7/gmetric4j-1.0.7.jar:/workdir/ratis-server/target/test-classes:/workdir/ratis-netty/target/classes:/workdir/ratis-netty/target/test-classes:/workdir/ratis-grpc/target/classes:/workdir/ratis-grpc/target/test-classes:/home/user/.m2/repository/org/slf4j/slf4j-api/1.7.10/slf4j-api-1.7.10.jar:/home/user/.m2/repository/junit/junit/4.12/junit-4.12.jar:/home/user/.m2/repository/org/hamcrest/hamcrest-core/1.3/hamcrest-core-1.3.jar:/home/user/.m2/repository/org/mockito/mockito-all/1.8.5/mockito-all-1.8.5.jar:"/>
    <property name="sun.cpu.endian" value="little"/>
    <property name="user.home" value="/home/user"/>
    <property name="user.language" value="en"/>
    <property name="java.specification.vendor" value="Oracle Corporation"/>
    <property name="java.home" value="/usr/lib/jvm/java-1.8-openjdk/jre"/>
    <property name="basedir" value="/workdir/ratis-test"/>
    <property name="file.separator" value="/"/>
    <property name="line.separator" value="&#10;"/>
    <property name="java.vm.specification.vendor" value="Oracle Corporation"/>
    <property name="java.specification.name" value="Java Platform API Specification"/>
    <property name="java.awt.graphicsenv" value="sun.awt.X11GraphicsEnvironment"/>
    <property name="surefire.real.class.path" value="/workdir/ratis-test/target/surefire/surefirebooter5269986295068527549.jar"/>
    <property name="sun.boot.class.path" value="/usr/lib/jvm/java-1.8-openjdk/jre/lib/resources.jar:/usr/lib/jvm/java-1.8-openjdk/jre/lib/rt.jar:/usr/lib/jvm/java-1.8-openjdk/jre/lib/sunrsasign.jar:/usr/lib/jvm/java-1.8-openjdk/jre/lib/jsse.jar:/usr/lib/jvm/java-1.8-openjdk/jre/lib/jce.jar:/usr/lib/jvm/java-1.8-openjdk/jre/lib/charsets.jar:/usr/lib/jvm/java-1.8-openjdk/jre/lib/jfr.jar:/usr/lib/jvm/java-1.8-openjdk/jre/classes"/>
    <property name="sun.management.compiler" value="HotSpot 64-Bit Tiered Compilers"/>
    <property name="java.runtime.version" value="1.8.0_212-b04"/>
    <property name="java.net.preferIPv4Stack" value="true"/>
    <property name="user.name" value="jenkins1000"/>
    <property name="path.separator" value=":"/>
    <property name="os.version" value="3.10.0-957.12.2.el7.x86_64"/>
    <property name="java.endorsed.dirs" value="/usr/lib/jvm/java-1.8-openjdk/jre/lib/endorsed"/>
    <property name="java.runtime.name" value="OpenJDK Runtime Environment"/>
    <property name="file.encoding" value="UTF-8"/>
    <property name="java.vm.name" value="OpenJDK 64-Bit Server VM"/>
    <property name="localRepository" value="/home/user/.m2/repository"/>
    <property name="java.vendor.url.bug" value="https://icedtea.classpath.org/bugzilla"/>
    <property name="java.io.tmpdir" value="/tmp"/>
    <property name="java.version" value="1.8.0_212"/>
    <property name="user.dir" value="/workdir/ratis-test"/>
    <property name="os.arch" value="amd64"/>
    <property name="ratis.tmp.dir" value="/workdir/ratis-test/target/tmp"/>
    <property name="java.vm.specification.name" value="Java Virtual Machine Specification"/>
    <property name="java.awt.printerjob" value="sun.print.PSPrinterJob"/>
    <property name="ratis.log.dir" value="/workdir/ratis-test/target/log"/>
    <property name="sun.os.patch.level" value="unknown"/>
    <property name="java.library.path" value="/usr/lib/jvm/java-1.8-openjdk/jre/lib/amd64/server:/usr/lib/jvm/java-1.8-openjdk/jre/lib/amd64:/usr/lib/jvm/java-1.8-openjdk/jre/../lib/amd64:/usr/java/packages/lib/amd64:/usr/lib64:/lib64:/lib:/usr/lib"/>
    <property name="java.vm.info" value="mixed mode"/>
    <property name="java.vendor" value="IcedTea"/>
    <property name="java.vm.version" value="25.212-b04"/>
    <property name="java.ext.dirs" value="/usr/lib/jvm/java-1.8-openjdk/jre/lib/ext:/usr/java/packages/lib/ext"/>
    <property name="sun.io.unicode.encoding" value="UnicodeLittle"/>
    <property name="java.class.version" value="52.0"/>
  </properties>
  <testcase name="testBasicRetry" classname="org.apache.ratis.netty.TestRetryCacheWithNettyRpc" time="54.75">
    <error message="No leader yet : printing ALL groups&#10;  s0:  RUNNING CANDIDATE s0@group-31A0E89A70DD:t10, leader=null, voted=s0, raftlog=s0@group-31A0E89A70DD-SegmentedRaftLog:OPENED:c-1,f-1,i0, conf=-1: [s0:0.0.0.0:43926, s1:0.0.0.0:41045, s2:0.0.0.0:43384], old=null RUNNING&#10;  s1:  RUNNING CANDIDATE s1@group-31A0E89A70DD:t10, leader=null, voted=s1, raftlog=s1@group-31A0E89A70DD-SegmentedRaftLog:OPENED:c-1,f-1,i0, conf=-1: [s0:0.0.0.0:43926, s1:0.0.0.0:41045, s2:0.0.0.0:43384], old=null RUNNING&#10;  s2:  RUNNING CANDIDATE s2@group-31A0E89A70DD:t10, leader=null, voted=s2, raftlog=s2@group-31A0E89A70DD-SegmentedRaftLog:OPENED:c-1,f-1,i0, conf=-1: [s0:0.0.0.0:43926, s1:0.0.0.0:41045, s2:0.0.0.0:43384], old=null RUNNING" type="java.lang.IllegalStateException">java.lang.IllegalStateException: 
No leader yet : printing ALL groups
  s0:  RUNNING CANDIDATE s0@group-31A0E89A70DD:t10, leader=null, voted=s0, raftlog=s0@group-31A0E89A70DD-SegmentedRaftLog:OPENED:c-1,f-1,i0, conf=-1: [s0:0.0.0.0:43926, s1:0.0.0.0:41045, s2:0.0.0.0:43384], old=null RUNNING
  s1:  RUNNING CANDIDATE s1@group-31A0E89A70DD:t10, leader=null, voted=s1, raftlog=s1@group-31A0E89A70DD-SegmentedRaftLog:OPENED:c-1,f-1,i0, conf=-1: [s0:0.0.0.0:43926, s1:0.0.0.0:41045, s2:0.0.0.0:43384], old=null RUNNING
  s2:  RUNNING CANDIDATE s2@group-31A0E89A70DD:t10, leader=null, voted=s2, raftlog=s2@group-31A0E89A70DD-SegmentedRaftLog:OPENED:c-1,f-1,i0, conf=-1: [s0:0.0.0.0:43926, s1:0.0.0.0:41045, s2:0.0.0.0:43384], old=null RUNNING
</error>
    <system-out><![CDATA[2019-09-24 16:35:41,809 INFO  util.LogUtils (LogUtils.java:setLogLevel(41)) - Set org.apache.ratis.server.impl.RaftServerImpl log level to DEBUG
2019-09-24 16:35:41,814 INFO  util.LogUtils (LogUtils.java:setLogLevel(41)) - Set org.apache.ratis.conf.ConfUtils log level to WARN
2019-09-24 16:35:41,815 INFO  util.LogUtils (LogUtils.java:setLogLevel(41)) - Set org.apache.ratis.util.FileUtils log level to TRACE
2019-09-24 16:35:41,827 INFO  ratis.MiniRaftCluster (MiniRaftCluster.java:runWithNewCluster(119)) - Running runWithNewCluster
2019-09-24 16:35:41,887 INFO  ratis.MiniRaftCluster (MiniRaftCluster.java:<init>(253)) - new MiniRaftClusterWithNetty with group-31A0E89A70DD:[s0:0.0.0.0:43926, s1:0.0.0.0:41045, s2:0.0.0.0:43384]
2019-09-24 16:35:41,887 INFO  ratis.MiniRaftCluster (MiniRaftCluster.java:start(287)) - .............................................................. 
2019-09-24 16:35:41,888 INFO  ratis.MiniRaftCluster (MiniRaftCluster.java:start(288)) - ... 
2019-09-24 16:35:41,888 INFO  ratis.MiniRaftCluster (MiniRaftCluster.java:start(289)) - ...     Starting MiniRaftClusterWithNetty
2019-09-24 16:35:41,888 INFO  ratis.MiniRaftCluster (MiniRaftCluster.java:start(290)) - ... 
2019-09-24 16:35:41,888 INFO  ratis.MiniRaftCluster (MiniRaftCluster.java:start(291)) - .............................................................. 
2019-09-24 16:35:41,888 INFO  ratis.MiniRaftCluster (MiniRaftCluster.java:initServers(265)) - servers = {}
2019-09-24 16:35:41,898 INFO  ratis.MiniRaftCluster (MiniRaftCluster.java:newRaftServer(330)) - newRaftServer: s0, group-31A0E89A70DD:[s0:0.0.0.0:43926, s1:0.0.0.0:41045, s2:0.0.0.0:43384], format? true
2019-09-24 16:35:41,900 TRACE util.FileUtils (FileUtils.java:deleteFully(88)) - deleteFully target/test/data/e389e5ae/MiniRaftClusterWithNettyea484769/s0
2019-09-24 16:35:41,907 TRACE util.FileUtils (FileUtils.java:deleteFully(104)) - deleteFully: target/test/data/e389e5ae/MiniRaftClusterWithNettyea484769/s0 does not exist.
2019-09-24 16:35:41,908 INFO  ratis.MiniRaftCluster (MiniRaftCluster.java:newRaftServer(335)) - Formatted directory target/test/data/e389e5ae/MiniRaftClusterWithNettyea484769/s0
2019-09-24 16:35:41,920 INFO  impl.RaftServerProxy (ConfUtils.java:logGet(43)) - raft.rpc.type = NETTY (custom)
2019-09-24 16:35:42,014 INFO  netty.NettyConfigKeys$Server (ConfUtils.java:logGet(43)) - raft.netty.server.port = 43926 (custom)
2019-09-24 16:35:42,120 INFO  server.RaftServerConfigKeys (ConfUtils.java:logGet(43)) - raft.server.storage.dir = [/workdir/ratis-test/target/test/data/e389e5ae/MiniRaftClusterWithNettyea484769/s0] (custom)
2019-09-24 16:35:42,122 INFO  logging.LoggingHandler (AbstractInternalLogger.java:log(150)) - [id: 0x09ea98f3] REGISTERED
2019-09-24 16:35:42,123 INFO  logging.LoggingHandler (AbstractInternalLogger.java:log(150)) - [id: 0x09ea98f3] BIND: 0.0.0.0/0.0.0.0:43926
2019-09-24 16:35:42,127 INFO  logging.LoggingHandler (AbstractInternalLogger.java:log(150)) - [id: 0x09ea98f3, L:/0.0.0.0:43926] ACTIVE
2019-09-24 16:35:42,129 INFO  impl.RaftServerProxy (RaftServerProxy.java:addNew(89)) - s0: addNew group-31A0E89A70DD:[s0:0.0.0.0:43926, s1:0.0.0.0:41045, s2:0.0.0.0:43384] returns group-31A0E89A70DD:java.util.concurrent.CompletableFuture@101ae0a1[Not completed]
2019-09-24 16:35:42,131 INFO  ratis.MiniRaftCluster (MiniRaftCluster.java:newRaftServer(330)) - newRaftServer: s1, group-31A0E89A70DD:[s0:0.0.0.0:43926, s1:0.0.0.0:41045, s2:0.0.0.0:43384], format? true
2019-09-24 16:35:42,132 TRACE util.FileUtils (FileUtils.java:deleteFully(88)) - deleteFully target/test/data/e389e5ae/MiniRaftClusterWithNettyea484769/s1
2019-09-24 16:35:42,132 TRACE util.FileUtils (FileUtils.java:deleteFully(104)) - deleteFully: target/test/data/e389e5ae/MiniRaftClusterWithNettyea484769/s1 does not exist.
2019-09-24 16:35:42,133 INFO  ratis.MiniRaftCluster (MiniRaftCluster.java:newRaftServer(335)) - Formatted directory target/test/data/e389e5ae/MiniRaftClusterWithNettyea484769/s1
2019-09-24 16:35:42,134 INFO  impl.RaftServerProxy (ConfUtils.java:logGet(43)) - raft.rpc.type = NETTY (custom)
2019-09-24 16:35:42,136 INFO  netty.NettyConfigKeys$Server (ConfUtils.java:logGet(43)) - raft.netty.server.port = 41045 (custom)
2019-09-24 16:35:42,136 INFO  impl.RaftServerImpl (RaftServerImpl.java:<init>(95)) - s0: new RaftServerImpl for group-31A0E89A70DD:[s0:0.0.0.0:43926, s1:0.0.0.0:41045, s2:0.0.0.0:43384] with BaseStateMachine:uninitialized
2019-09-24 16:35:42,138 INFO  logging.LoggingHandler (AbstractInternalLogger.java:log(150)) - [id: 0xbaa175c5] REGISTERED
2019-09-24 16:35:42,138 INFO  server.RaftServerConfigKeys (ConfUtils.java:logGet(43)) - raft.server.storage.dir = [/workdir/ratis-test/target/test/data/e389e5ae/MiniRaftClusterWithNettyea484769/s1] (custom)
2019-09-24 16:35:42,138 INFO  logging.LoggingHandler (AbstractInternalLogger.java:log(150)) - [id: 0xbaa175c5] BIND: 0.0.0.0/0.0.0.0:41045
2019-09-24 16:35:42,138 INFO  logging.LoggingHandler (AbstractInternalLogger.java:log(150)) - [id: 0xbaa175c5, L:/0.0.0.0:41045] ACTIVE
2019-09-24 16:35:42,139 INFO  impl.RaftServerProxy (RaftServerProxy.java:addNew(89)) - s1: addNew group-31A0E89A70DD:[s0:0.0.0.0:43926, s1:0.0.0.0:41045, s2:0.0.0.0:43384] returns group-31A0E89A70DD:java.util.concurrent.CompletableFuture@47af6933[Not completed]
2019-09-24 16:35:42,139 INFO  impl.RaftServerImpl (RaftServerImpl.java:<init>(95)) - s1: new RaftServerImpl for group-31A0E89A70DD:[s0:0.0.0.0:43926, s1:0.0.0.0:41045, s2:0.0.0.0:43384] with BaseStateMachine:uninitialized
2019-09-24 16:35:42,140 INFO  ratis.MiniRaftCluster (MiniRaftCluster.java:newRaftServer(330)) - newRaftServer: s2, group-31A0E89A70DD:[s0:0.0.0.0:43926, s1:0.0.0.0:41045, s2:0.0.0.0:43384], format? true
2019-09-24 16:35:42,140 TRACE util.FileUtils (FileUtils.java:deleteFully(88)) - deleteFully target/test/data/e389e5ae/MiniRaftClusterWithNettyea484769/s2
2019-09-24 16:35:42,141 TRACE util.FileUtils (FileUtils.java:deleteFully(104)) - deleteFully: target/test/data/e389e5ae/MiniRaftClusterWithNettyea484769/s2 does not exist.
2019-09-24 16:35:42,141 INFO  ratis.MiniRaftCluster (MiniRaftCluster.java:newRaftServer(335)) - Formatted directory target/test/data/e389e5ae/MiniRaftClusterWithNettyea484769/s2
2019-09-24 16:35:42,142 INFO  impl.RaftServerProxy (ConfUtils.java:logGet(43)) - raft.rpc.type = NETTY (custom)
2019-09-24 16:35:42,144 INFO  server.RaftServerConfigKeys (ConfUtils.java:logGet(43)) - raft.server.rpc.timeout.min = 150ms (default)
2019-09-24 16:35:42,144 INFO  server.RaftServerConfigKeys (ConfUtils.java:logGet(43)) - raft.server.rpc.timeout.min = 150ms (default)
2019-09-24 16:35:42,144 INFO  netty.NettyConfigKeys$Server (ConfUtils.java:logGet(43)) - raft.netty.server.port = 43384 (custom)
2019-09-24 16:35:42,145 INFO  server.RaftServerConfigKeys (ConfUtils.java:logGet(43)) - raft.server.rpc.timeout.max = 300ms (default)
2019-09-24 16:35:42,145 INFO  server.RaftServerConfigKeys (ConfUtils.java:logGet(43)) - raft.server.rpc.timeout.max = 300ms (default)
2019-09-24 16:35:42,145 INFO  server.RaftServerConfigKeys (ConfUtils.java:logGet(43)) - raft.server.rpcslowness.timeout = 60s (default)
2019-09-24 16:35:42,145 INFO  server.RaftServerConfigKeys (ConfUtils.java:logGet(43)) - raft.server.rpcslowness.timeout = 60s (default)
2019-09-24 16:35:42,146 INFO  logging.LoggingHandler (AbstractInternalLogger.java:log(150)) - [id: 0xd1d5cf78] REGISTERED
2019-09-24 16:35:42,146 INFO  server.RaftServerConfigKeys (ConfUtils.java:logGet(43)) - raft.server.storage.dir = [/workdir/ratis-test/target/test/data/e389e5ae/MiniRaftClusterWithNettyea484769/s2] (custom)
2019-09-24 16:35:42,146 INFO  server.RaftServerConfigKeys (ConfUtils.java:logGet(43)) - raft.server.sleep.deviation.threshold = 300 (default)
2019-09-24 16:35:42,146 INFO  logging.LoggingHandler (AbstractInternalLogger.java:log(150)) - [id: 0xd1d5cf78] BIND: 0.0.0.0/0.0.0.0:43384
2019-09-24 16:35:42,147 INFO  impl.RaftServerProxy (RaftServerProxy.java:addNew(89)) - s2: addNew group-31A0E89A70DD:[s0:0.0.0.0:43926, s1:0.0.0.0:41045, s2:0.0.0.0:43384] returns group-31A0E89A70DD:java.util.concurrent.CompletableFuture@1fab48da[Not completed]
2019-09-24 16:35:42,146 INFO  server.RaftServerConfigKeys (ConfUtils.java:logGet(43)) - raft.server.sleep.deviation.threshold = 300 (default)
2019-09-24 16:35:42,147 INFO  logging.LoggingHandler (AbstractInternalLogger.java:log(150)) - [id: 0xd1d5cf78, L:/0.0.0.0:43384] ACTIVE
2019-09-24 16:35:42,148 INFO  impl.RaftServerImpl (RaftServerImpl.java:<init>(95)) - s2: new RaftServerImpl for group-31A0E89A70DD:[s0:0.0.0.0:43926, s1:0.0.0.0:41045, s2:0.0.0.0:43384] with BaseStateMachine:uninitialized
2019-09-24 16:35:42,148 INFO  server.RaftServerConfigKeys (ConfUtils.java:logGet(43)) - raft.server.rpc.timeout.min = 150ms (default)
2019-09-24 16:35:42,149 INFO  server.RaftServerConfigKeys (ConfUtils.java:logGet(43)) - raft.server.rpc.timeout.max = 300ms (default)
2019-09-24 16:35:42,149 INFO  server.RaftServerConfigKeys (ConfUtils.java:logGet(43)) - raft.server.log.appender.install.snapshot.enabled = true (default)
2019-09-24 16:35:42,149 INFO  server.RaftServerConfigKeys (ConfUtils.java:logGet(43)) - raft.server.log.appender.install.snapshot.enabled = true (default)
2019-09-24 16:35:42,149 INFO  server.RaftServerConfigKeys (ConfUtils.java:logGet(43)) - raft.server.rpcslowness.timeout = 60s (default)
2019-09-24 16:35:42,150 INFO  server.RaftServerConfigKeys (ConfUtils.java:logGet(43)) - raft.server.sleep.deviation.threshold = 300 (default)
2019-09-24 16:35:42,150 INFO  server.RaftServerConfigKeys (ConfUtils.java:logGet(43)) - raft.server.log.appender.install.snapshot.enabled = true (default)
2019-09-24 16:35:42,154 INFO  impl.RaftServerImpl (ServerState.java:<init>(103)) - s1@group-31A0E89A70DD: ConfigurationManager, init=-1: [s0:0.0.0.0:43926, s1:0.0.0.0:41045, s2:0.0.0.0:43384], old=null, confs=<EMPTY_MAP>
2019-09-24 16:35:42,154 INFO  impl.RaftServerImpl (ServerState.java:<init>(103)) - s2@group-31A0E89A70DD: ConfigurationManager, init=-1: [s0:0.0.0.0:43926, s1:0.0.0.0:41045, s2:0.0.0.0:43384], old=null, confs=<EMPTY_MAP>
2019-09-24 16:35:42,154 INFO  impl.RaftServerImpl (ServerState.java:<init>(103)) - s0@group-31A0E89A70DD: ConfigurationManager, init=-1: [s0:0.0.0.0:43926, s1:0.0.0.0:41045, s2:0.0.0.0:43384], old=null, confs=<EMPTY_MAP>
2019-09-24 16:35:42,155 INFO  server.RaftServerConfigKeys (ConfUtils.java:logGet(43)) - raft.server.storage.dir = [/workdir/ratis-test/target/test/data/e389e5ae/MiniRaftClusterWithNettyea484769/s1] (custom)
2019-09-24 16:35:42,155 INFO  server.RaftServerConfigKeys (ConfUtils.java:logGet(43)) - raft.server.storage.dir = [/workdir/ratis-test/target/test/data/e389e5ae/MiniRaftClusterWithNettyea484769/s2] (custom)
2019-09-24 16:35:42,155 INFO  server.RaftServerConfigKeys (ConfUtils.java:logGet(43)) - raft.server.storage.dir = [/workdir/ratis-test/target/test/data/e389e5ae/MiniRaftClusterWithNettyea484769/s0] (custom)
2019-09-24 16:35:42,165 INFO  server.RaftServerConfigKeys (ConfUtils.java:logGet(43)) - raft.server.log.corruption.policy = EXCEPTION (default)
2019-09-24 16:35:42,165 INFO  server.RaftServerConfigKeys (ConfUtils.java:logGet(43)) - raft.server.log.corruption.policy = EXCEPTION (default)
2019-09-24 16:35:42,165 INFO  server.RaftServerConfigKeys (ConfUtils.java:logGet(43)) - raft.server.log.corruption.policy = EXCEPTION (default)
2019-09-24 16:35:42,167 INFO  storage.RaftStorageDirectory (RaftStorageDirectory.java:analyzeStorage(246)) - The storage directory /workdir/ratis-test/target/test/data/e389e5ae/MiniRaftClusterWithNettyea484769/s1/0383f4db-a3d1-4286-8644-31a0e89a70dd does not exist. Creating ...
2019-09-24 16:35:42,167 INFO  storage.RaftStorageDirectory (RaftStorageDirectory.java:analyzeStorage(246)) - The storage directory /workdir/ratis-test/target/test/data/e389e5ae/MiniRaftClusterWithNettyea484769/s0/0383f4db-a3d1-4286-8644-31a0e89a70dd does not exist. Creating ...
2019-09-24 16:35:42,167 INFO  storage.RaftStorageDirectory (RaftStorageDirectory.java:analyzeStorage(246)) - The storage directory /workdir/ratis-test/target/test/data/e389e5ae/MiniRaftClusterWithNettyea484769/s2/0383f4db-a3d1-4286-8644-31a0e89a70dd does not exist. Creating ...
2019-09-24 16:35:42,169 TRACE util.FileUtils (LogUtils.java:runAndLog(61)) - Successfully ran Files.createDirectories /workdir/ratis-test/target/test/data/e389e5ae/MiniRaftClusterWithNettyea484769/s1/0383f4db-a3d1-4286-8644-31a0e89a70dd
2019-09-24 16:35:42,170 TRACE util.FileUtils (LogUtils.java:runAndLog(61)) - Successfully ran Files.createDirectories /workdir/ratis-test/target/test/data/e389e5ae/MiniRaftClusterWithNettyea484769/s2/0383f4db-a3d1-4286-8644-31a0e89a70dd
2019-09-24 16:35:42,170 TRACE util.FileUtils (LogUtils.java:runAndLog(61)) - Successfully ran Files.createDirectories /workdir/ratis-test/target/test/data/e389e5ae/MiniRaftClusterWithNettyea484769/s0/0383f4db-a3d1-4286-8644-31a0e89a70dd
2019-09-24 16:35:46,055 INFO  storage.RaftStorageDirectory (RaftStorageDirectory.java:tryLock(328)) - Lock on /workdir/ratis-test/target/test/data/e389e5ae/MiniRaftClusterWithNettyea484769/s2/0383f4db-a3d1-4286-8644-31a0e89a70dd/in_use.lock acquired by nodename 9528@ratis-test-vphbd-3564017154
2019-09-24 16:35:46,055 INFO  storage.RaftStorageDirectory (RaftStorageDirectory.java:tryLock(328)) - Lock on /workdir/ratis-test/target/test/data/e389e5ae/MiniRaftClusterWithNettyea484769/s1/0383f4db-a3d1-4286-8644-31a0e89a70dd/in_use.lock acquired by nodename 9528@ratis-test-vphbd-3564017154
2019-09-24 16:35:46,055 INFO  storage.RaftStorageDirectory (RaftStorageDirectory.java:tryLock(328)) - Lock on /workdir/ratis-test/target/test/data/e389e5ae/MiniRaftClusterWithNettyea484769/s0/0383f4db-a3d1-4286-8644-31a0e89a70dd/in_use.lock acquired by nodename 9528@ratis-test-vphbd-3564017154
2019-09-24 16:35:46,058 TRACE util.FileUtils (LogUtils.java:runAndLog(61)) - Successfully ran Files.createDirectories /workdir/ratis-test/target/test/data/e389e5ae/MiniRaftClusterWithNettyea484769/s0/0383f4db-a3d1-4286-8644-31a0e89a70dd/current
2019-09-24 16:35:46,058 TRACE util.FileUtils (LogUtils.java:runAndLog(61)) - Successfully ran Files.createDirectories /workdir/ratis-test/target/test/data/e389e5ae/MiniRaftClusterWithNettyea484769/s2/0383f4db-a3d1-4286-8644-31a0e89a70dd/current
2019-09-24 16:35:46,058 TRACE util.FileUtils (LogUtils.java:runAndLog(61)) - Successfully ran Files.createDirectories /workdir/ratis-test/target/test/data/e389e5ae/MiniRaftClusterWithNettyea484769/s1/0383f4db-a3d1-4286-8644-31a0e89a70dd/current
2019-09-24 16:35:46,059 TRACE util.FileUtils (LogUtils.java:runAndLog(61)) - Successfully ran Files.createDirectories /workdir/ratis-test/target/test/data/e389e5ae/MiniRaftClusterWithNettyea484769/s2/0383f4db-a3d1-4286-8644-31a0e89a70dd/sm
2019-09-24 16:35:46,058 TRACE util.FileUtils (LogUtils.java:runAndLog(61)) - Successfully ran Files.createDirectories /workdir/ratis-test/target/test/data/e389e5ae/MiniRaftClusterWithNettyea484769/s0/0383f4db-a3d1-4286-8644-31a0e89a70dd/sm
2019-09-24 16:35:46,059 TRACE util.FileUtils (LogUtils.java:runAndLog(61)) - Successfully ran Files.createDirectories /workdir/ratis-test/target/test/data/e389e5ae/MiniRaftClusterWithNettyea484769/s1/0383f4db-a3d1-4286-8644-31a0e89a70dd/sm
2019-09-24 16:35:51,356 INFO  storage.RaftStorage (RaftStorage.java:format(84)) - Storage directory /workdir/ratis-test/target/test/data/e389e5ae/MiniRaftClusterWithNettyea484769/s2/0383f4db-a3d1-4286-8644-31a0e89a70dd has been successfully formatted.
2019-09-24 16:35:51,356 INFO  storage.RaftStorage (RaftStorage.java:format(84)) - Storage directory /workdir/ratis-test/target/test/data/e389e5ae/MiniRaftClusterWithNettyea484769/s1/0383f4db-a3d1-4286-8644-31a0e89a70dd has been successfully formatted.
2019-09-24 16:35:51,356 INFO  storage.RaftStorage (RaftStorage.java:format(84)) - Storage directory /workdir/ratis-test/target/test/data/e389e5ae/MiniRaftClusterWithNettyea484769/s0/0383f4db-a3d1-4286-8644-31a0e89a70dd has been successfully formatted.
2019-09-24 16:35:51,360 INFO  server.RaftServerConfigKeys (ConfUtils.java:logGet(43)) - raft.server.notification.no-leader.timeout = 60s (default)
2019-09-24 16:35:51,360 INFO  server.RaftServerConfigKeys (ConfUtils.java:logGet(43)) - raft.server.notification.no-leader.timeout = 60s (default)
2019-09-24 16:35:51,360 INFO  server.RaftServerConfigKeys (ConfUtils.java:logGet(43)) - raft.server.notification.no-leader.timeout = 60s (default)
2019-09-24 16:35:51,365 INFO  server.RaftServerConfigKeys (ConfUtils.java:logGet(43)) - raft.server.log.use.memory = false (default)
2019-09-24 16:35:51,365 INFO  server.RaftServerConfigKeys (ConfUtils.java:logGet(43)) - raft.server.log.use.memory = false (default)
2019-09-24 16:35:51,365 INFO  server.RaftServerConfigKeys (ConfUtils.java:logGet(43)) - raft.server.log.use.memory = false (default)
2019-09-24 16:35:51,377 INFO  server.RaftServerConfigKeys (ConfUtils.java:logGet(43)) - raft.server.log.purge.gap = 1024 (default)
2019-09-24 16:35:51,377 INFO  server.RaftServerConfigKeys (ConfUtils.java:logGet(43)) - raft.server.log.purge.gap = 1024 (default)
2019-09-24 16:35:51,377 INFO  server.RaftServerConfigKeys (ConfUtils.java:logGet(43)) - raft.server.log.purge.gap = 1024 (default)
2019-09-24 16:35:51,378 INFO  server.RaftServerConfigKeys (ConfUtils.java:logGet(43)) - raft.server.log.appender.buffer.byte-limit = 4MB (=4194304) (default)
2019-09-24 16:35:51,378 INFO  server.RaftServerConfigKeys (ConfUtils.java:logGet(43)) - raft.server.log.appender.buffer.byte-limit = 4MB (=4194304) (default)
2019-09-24 16:35:51,378 INFO  server.RaftServerConfigKeys (ConfUtils.java:logGet(43)) - raft.server.log.appender.buffer.byte-limit = 4MB (=4194304) (default)
2019-09-24 16:35:51,385 INFO  server.RaftServerConfigKeys (ConfUtils.java:logGet(43)) - raft.server.log.segment.size.max = 8MB (=8388608) (default)
2019-09-24 16:35:51,385 INFO  server.RaftServerConfigKeys (ConfUtils.java:logGet(43)) - raft.server.log.segment.size.max = 8MB (=8388608) (default)
2019-09-24 16:35:51,385 INFO  server.RaftServerConfigKeys (ConfUtils.java:logGet(43)) - raft.server.log.segment.size.max = 8MB (=8388608) (default)
2019-09-24 16:35:51,392 INFO  server.RaftServerConfigKeys (ConfUtils.java:logGet(43)) - raft.server.log.segment.cache.num.max = 6 (default)
2019-09-24 16:35:51,392 INFO  server.RaftServerConfigKeys (ConfUtils.java:logGet(43)) - raft.server.log.segment.cache.num.max = 6 (default)
2019-09-24 16:35:51,392 INFO  server.RaftServerConfigKeys (ConfUtils.java:logGet(43)) - raft.server.log.segment.cache.num.max = 6 (default)
2019-09-24 16:35:51,401 INFO  segmented.SegmentedRaftLogWorker (SegmentedRaftLogWorker.java:<init>(172)) - new s2@group-31A0E89A70DD-SegmentedRaftLogWorker for RaftStorage:Storage Directory /workdir/ratis-test/target/test/data/e389e5ae/MiniRaftClusterWithNettyea484769/s2/0383f4db-a3d1-4286-8644-31a0e89a70dd
2019-09-24 16:35:51,401 INFO  segmented.SegmentedRaftLogWorker (SegmentedRaftLogWorker.java:<init>(172)) - new s1@group-31A0E89A70DD-SegmentedRaftLogWorker for RaftStorage:Storage Directory /workdir/ratis-test/target/test/data/e389e5ae/MiniRaftClusterWithNettyea484769/s1/0383f4db-a3d1-4286-8644-31a0e89a70dd
2019-09-24 16:35:51,401 INFO  segmented.SegmentedRaftLogWorker (SegmentedRaftLogWorker.java:<init>(172)) - new s0@group-31A0E89A70DD-SegmentedRaftLogWorker for RaftStorage:Storage Directory /workdir/ratis-test/target/test/data/e389e5ae/MiniRaftClusterWithNettyea484769/s0/0383f4db-a3d1-4286-8644-31a0e89a70dd
2019-09-24 16:35:51,486 WARN  impl.MetricsConfig (MetricsConfig.java:loadFirst(124)) - Cannot locate configuration: tried hadoop-metrics2-ratis.properties,hadoop-metrics2.properties
2019-09-24 16:35:51,586 INFO  impl.MetricsSystemImpl (MetricsSystemImpl.java:startTimer(376)) - Scheduled snapshot period at 10 second(s).
2019-09-24 16:35:51,586 INFO  impl.MetricsSystemImpl (MetricsSystemImpl.java:start(191)) - ratis metrics system started
2019-09-24 16:35:51,593 INFO  metrics.MetricRegistries (MetricRegistriesLoader.java:load(64)) - Loaded MetricRegistries class org.apache.ratis.metrics.impl.MetricRegistriesImpl
2019-09-24 16:35:51,654 INFO  server.RaftServerConfigKeys (ConfUtils.java:logGet(43)) - raft.server.log.queue.byte-limit = 64MB (=67108864) (default)
2019-09-24 16:35:51,654 INFO  server.RaftServerConfigKeys (ConfUtils.java:logGet(43)) - raft.server.log.queue.byte-limit = 64MB (=67108864) (default)
2019-09-24 16:35:51,654 INFO  server.RaftServerConfigKeys (ConfUtils.java:logGet(43)) - raft.server.log.queue.byte-limit = 64MB (=67108864) (default)
2019-09-24 16:35:51,655 INFO  server.RaftServerConfigKeys (ConfUtils.java:logGet(43)) - raft.server.log.queue.element-limit = 4096 (default)
2019-09-24 16:35:51,655 INFO  server.RaftServerConfigKeys (ConfUtils.java:logGet(43)) - raft.server.log.queue.element-limit = 4096 (default)
2019-09-24 16:35:51,655 INFO  server.RaftServerConfigKeys (ConfUtils.java:logGet(43)) - raft.server.log.queue.element-limit = 4096 (default)
2019-09-24 16:35:51,661 INFO  server.RaftServerConfigKeys (ConfUtils.java:logGet(43)) - raft.server.log.segment.size.max = 8MB (=8388608) (default)
2019-09-24 16:35:51,661 INFO  server.RaftServerConfigKeys (ConfUtils.java:logGet(43)) - raft.server.log.segment.size.max = 8MB (=8388608) (default)
2019-09-24 16:35:51,661 INFO  server.RaftServerConfigKeys (ConfUtils.java:logGet(43)) - raft.server.log.segment.size.max = 8MB (=8388608) (default)
2019-09-24 16:35:51,662 INFO  server.RaftServerConfigKeys (ConfUtils.java:logGet(43)) - raft.server.log.preallocated.size = 4MB (=4194304) (default)
2019-09-24 16:35:51,662 INFO  server.RaftServerConfigKeys (ConfUtils.java:logGet(43)) - raft.server.log.preallocated.size = 4MB (=4194304) (default)
2019-09-24 16:35:51,662 INFO  server.RaftServerConfigKeys (ConfUtils.java:logGet(43)) - raft.server.log.preallocated.size = 4MB (=4194304) (default)
2019-09-24 16:35:51,662 INFO  server.RaftServerConfigKeys (ConfUtils.java:logGet(43)) - raft.server.log.write.buffer.size = 64KB (=65536) (default)
2019-09-24 16:35:51,662 INFO  server.RaftServerConfigKeys (ConfUtils.java:logGet(43)) - raft.server.log.write.buffer.size = 64KB (=65536) (default)
2019-09-24 16:35:51,662 INFO  server.RaftServerConfigKeys (ConfUtils.java:logGet(43)) - raft.server.log.write.buffer.size = 64KB (=65536) (default)
2019-09-24 16:35:51,663 INFO  server.RaftServerConfigKeys (ConfUtils.java:logGet(43)) - raft.server.log.force.sync.num = 128 (default)
2019-09-24 16:35:51,663 INFO  server.RaftServerConfigKeys (ConfUtils.java:logGet(43)) - raft.server.log.force.sync.num = 128 (default)
2019-09-24 16:35:51,663 INFO  server.RaftServerConfigKeys (ConfUtils.java:logGet(43)) - raft.server.log.force.sync.num = 128 (default)
2019-09-24 16:35:51,665 INFO  server.RaftServerConfigKeys (ConfUtils.java:logGet(43)) - raft.server.log.statemachine.data.sync = true (default)
2019-09-24 16:35:51,665 INFO  server.RaftServerConfigKeys (ConfUtils.java:logGet(43)) - raft.server.log.statemachine.data.sync = true (default)
2019-09-24 16:35:51,665 INFO  server.RaftServerConfigKeys (ConfUtils.java:logGet(43)) - raft.server.log.statemachine.data.sync = true (default)
2019-09-24 16:35:51,666 INFO  server.RaftServerConfigKeys (ConfUtils.java:logGet(43)) - raft.server.log.statemachine.data.sync.timeout = 10s (default)
2019-09-24 16:35:51,665 INFO  server.RaftServerConfigKeys (ConfUtils.java:logGet(43)) - raft.server.log.statemachine.data.sync.timeout = 10s (default)
2019-09-24 16:35:51,666 INFO  server.RaftServerConfigKeys (ConfUtils.java:logGet(43)) - raft.server.log.statemachine.data.sync.timeout = 10s (default)
2019-09-24 16:35:51,666 INFO  server.RaftServerConfigKeys (ConfUtils.java:logGet(43)) - raft.server.log.statemachine.data.sync.timeout.retry = -1 (default)
2019-09-24 16:35:51,667 INFO  server.RaftServerConfigKeys (ConfUtils.java:logGet(43)) - raft.server.log.statemachine.data.sync.timeout.retry = -1 (default)
2019-09-24 16:35:51,667 INFO  server.RaftServerConfigKeys (ConfUtils.java:logGet(43)) - raft.server.log.statemachine.data.sync.timeout.retry = -1 (default)
2019-09-24 16:35:51,682 INFO  server.RaftServerConfigKeys (ConfUtils.java:logGet(43)) - raft.server.log.statemachine.data.caching.enabled = false (default)
2019-09-24 16:35:51,682 INFO  server.RaftServerConfigKeys (ConfUtils.java:logGet(43)) - raft.server.log.statemachine.data.caching.enabled = false (default)
2019-09-24 16:35:51,682 INFO  server.RaftServerConfigKeys (ConfUtils.java:logGet(43)) - raft.server.log.statemachine.data.caching.enabled = false (default)
2019-09-24 16:35:51,690 INFO  segmented.SegmentedRaftLogWorker (SegmentedRaftLogWorker.java:lambda$new$0(132)) - s1@group-31A0E89A70DD-SegmentedRaftLogWorker: flushIndex: setUnconditionally 0 -> -1
2019-09-24 16:35:51,690 INFO  segmented.SegmentedRaftLogWorker (SegmentedRaftLogWorker.java:lambda$new$0(132)) - s2@group-31A0E89A70DD-SegmentedRaftLogWorker: flushIndex: setUnconditionally 0 -> -1
2019-09-24 16:35:51,690 INFO  segmented.SegmentedRaftLogWorker (SegmentedRaftLogWorker.java:lambda$new$0(132)) - s0@group-31A0E89A70DD-SegmentedRaftLogWorker: flushIndex: setUnconditionally 0 -> -1
2019-09-24 16:35:51,695 INFO  server.RaftServerConfigKeys (ConfUtils.java:logGet(43)) - raft.server.snapshot.auto.trigger.enabled = false (default)
2019-09-24 16:35:51,695 INFO  server.RaftServerConfigKeys (ConfUtils.java:logGet(43)) - raft.server.snapshot.auto.trigger.enabled = false (default)
2019-09-24 16:35:51,695 INFO  server.RaftServerConfigKeys (ConfUtils.java:logGet(43)) - raft.server.snapshot.auto.trigger.enabled = false (default)
2019-09-24 16:35:51,696 INFO  server.RaftServerConfigKeys (ConfUtils.java:logGet(43)) - raft.server.snapshot.retention.file.num = -1 (default)
2019-09-24 16:35:51,696 INFO  server.RaftServerConfigKeys (ConfUtils.java:logGet(43)) - raft.server.snapshot.retention.file.num = -1 (default)
2019-09-24 16:35:51,696 INFO  server.RaftServerConfigKeys (ConfUtils.java:logGet(43)) - raft.server.snapshot.retention.file.num = -1 (default)
2019-09-24 16:35:51,698 INFO  server.RaftServerConfigKeys (ConfUtils.java:logGet(43)) - raft.server.retrycache.expirytime = 60s (default)
2019-09-24 16:35:51,698 INFO  server.RaftServerConfigKeys (ConfUtils.java:logGet(43)) - raft.server.retrycache.expirytime = 60s (default)
2019-09-24 16:35:51,698 INFO  server.RaftServerConfigKeys (ConfUtils.java:logGet(43)) - raft.server.retrycache.expirytime = 60s (default)
2019-09-24 16:35:51,732 INFO  impl.RaftServerImpl (RaftServerImpl.java:start(181)) - s0@group-31A0E89A70DD: start as a follower, conf=-1: [s0:0.0.0.0:43926, s1:0.0.0.0:41045, s2:0.0.0.0:43384], old=null
2019-09-24 16:35:51,734 INFO  impl.RaftServerImpl (RaftServerImpl.java:setRole(170)) - s0@group-31A0E89A70DD: changes role from      null to FOLLOWER at term 0 for startAsFollower
2019-09-24 16:35:51,736 INFO  impl.RoleInfo (RoleInfo.java:updateAndGet(143)) - s0: start FollowerState
2019-09-24 16:35:51,740 INFO  util.JmxRegister (JmxRegister.java:tryRegister(44)) - Successfully registered JMX Bean with object name Ratis:service=RaftServer,group=group-31A0E89A70DD,id=s0
2019-09-24 16:35:51,749 INFO  impl.RaftServerProxy (RaftServerProxy.java:lambda$start$3(299)) - s0: start RPC server
2019-09-24 16:35:51,750 INFO  impl.RaftServerImpl (RaftServerImpl.java:start(181)) - s1@group-31A0E89A70DD: start as a follower, conf=-1: [s0:0.0.0.0:43926, s1:0.0.0.0:41045, s2:0.0.0.0:43384], old=null
2019-09-24 16:35:51,750 INFO  impl.RaftServerImpl (RaftServerImpl.java:setRole(170)) - s1@group-31A0E89A70DD: changes role from      null to FOLLOWER at term 0 for startAsFollower
2019-09-24 16:35:51,751 INFO  impl.RoleInfo (RoleInfo.java:updateAndGet(143)) - s1: start FollowerState
2019-09-24 16:35:51,751 INFO  util.JmxRegister (JmxRegister.java:tryRegister(44)) - Successfully registered JMX Bean with object name Ratis:service=RaftServer,group=group-31A0E89A70DD,id=s1
2019-09-24 16:35:51,758 INFO  impl.RaftServerProxy (RaftServerProxy.java:lambda$start$3(299)) - s1: start RPC server
2019-09-24 16:35:51,758 INFO  impl.RaftServerImpl (RaftServerImpl.java:start(181)) - s2@group-31A0E89A70DD: start as a follower, conf=-1: [s0:0.0.0.0:43926, s1:0.0.0.0:41045, s2:0.0.0.0:43384], old=null
2019-09-24 16:35:51,758 INFO  impl.RaftServerImpl (RaftServerImpl.java:setRole(170)) - s2@group-31A0E89A70DD: changes role from      null to FOLLOWER at term 0 for startAsFollower
2019-09-24 16:35:51,759 INFO  impl.RoleInfo (RoleInfo.java:updateAndGet(143)) - s2: start FollowerState
2019-09-24 16:35:51,759 INFO  util.JmxRegister (JmxRegister.java:tryRegister(44)) - Successfully registered JMX Bean with object name Ratis:service=RaftServer,group=group-31A0E89A70DD,id=s2
2019-09-24 16:35:51,765 INFO  impl.RaftServerProxy (RaftServerProxy.java:lambda$start$3(299)) - s2: start RPC server
2019-09-24 16:35:51,768 INFO  server.RaftServerConfigKeys (ConfUtils.java:logGet(43)) - raft.server.rpc.timeout.max = 300ms (default)
2019-09-24 16:35:51,772 INFO  ratis.RaftTestUtil (RaftTestUtil.java:waitForLeader(86)) - printing ALL groups
  s0:  RUNNING  FOLLOWER s0@group-31A0E89A70DD:t0, leader=null, voted=null, raftlog=s0@group-31A0E89A70DD-SegmentedRaftLog:OPENED:c-1,f-1,i0, conf=-1: [s0:0.0.0.0:43926, s1:0.0.0.0:41045, s2:0.0.0.0:43384], old=null RUNNING
  s1:  RUNNING  FOLLOWER s1@group-31A0E89A70DD:t0, leader=null, voted=null, raftlog=s1@group-31A0E89A70DD-SegmentedRaftLog:OPENED:c-1,f-1,i0, conf=-1: [s0:0.0.0.0:43926, s1:0.0.0.0:41045, s2:0.0.0.0:43384], old=null RUNNING
  s2:  RUNNING  FOLLOWER s2@group-31A0E89A70DD:t0, leader=null, voted=null, raftlog=s2@group-31A0E89A70DD-SegmentedRaftLog:OPENED:c-1,f-1,i0, conf=-1: [s0:0.0.0.0:43926, s1:0.0.0.0:41045, s2:0.0.0.0:43384], old=null RUNNING
2019-09-24 16:35:51,778 WARN  ratis.RaftTestUtil (JavaUtils.java:attempt(158)) - FAILED "waitForLeader-null-(expectLeader? true)", attempt #1/100: java.lang.IllegalStateException: No leader yet : printing ALL groups
  s0:  RUNNING  FOLLOWER s0@group-31A0E89A70DD:t0, leader=null, voted=null, raftlog=s0@group-31A0E89A70DD-SegmentedRaftLog:OPENED:c-1,f-1,i0, conf=-1: [s0:0.0.0.0:43926, s1:0.0.0.0:41045, s2:0.0.0.0:43384], old=null RUNNING
  s1:  RUNNING  FOLLOWER s1@group-31A0E89A70DD:t0, leader=null, voted=null, raftlog=s1@group-31A0E89A70DD-SegmentedRaftLog:OPENED:c-1,f-1,i0, conf=-1: [s0:0.0.0.0:43926, s1:0.0.0.0:41045, s2:0.0.0.0:43384], old=null RUNNING
  s2:  RUNNING  FOLLOWER s2@group-31A0E89A70DD:t0, leader=null, voted=null, raftlog=s2@group-31A0E89A70DD-SegmentedRaftLog:OPENED:c-1,f-1,i0, conf=-1: [s0:0.0.0.0:43926, s1:0.0.0.0:41045, s2:0.0.0.0:43384], old=null RUNNING, sleep 450ms and then retry.
java.lang.IllegalStateException: No leader yet : printing ALL groups
  s0:  RUNNING  FOLLOWER s0@group-31A0E89A70DD:t0, leader=null, voted=null, raftlog=s0@group-31A0E89A70DD-SegmentedRaftLog:OPENED:c-1,f-1,i0, conf=-1: [s0:0.0.0.0:43926, s1:0.0.0.0:41045, s2:0.0.0.0:43384], old=null RUNNING
  s1:  RUNNING  FOLLOWER s1@group-31A0E89A70DD:t0, leader=null, voted=null, raftlog=s1@group-31A0E89A70DD-SegmentedRaftLog:OPENED:c-1,f-1,i0, conf=-1: [s0:0.0.0.0:43926, s1:0.0.0.0:41045, s2:0.0.0.0:43384], old=null RUNNING
  s2:  RUNNING  FOLLOWER s2@group-31A0E89A70DD:t0, leader=null, voted=null, raftlog=s2@group-31A0E89A70DD-SegmentedRaftLog:OPENED:c-1,f-1,i0, conf=-1: [s0:0.0.0.0:43926, s1:0.0.0.0:41045, s2:0.0.0.0:43384], old=null RUNNING
	at org.apache.ratis.MiniRaftCluster.newIllegalStateExceptionForNoLeaders(MiniRaftCluster.java:506)
	at org.apache.ratis.RaftTestUtil.lambda$waitForLeader$1(RaftTestUtil.java:90)
	at org.apache.ratis.MiniRaftCluster.getLeader(MiniRaftCluster.java:539)
	at org.apache.ratis.MiniRaftCluster.getLeader(MiniRaftCluster.java:532)
	at org.apache.ratis.RaftTestUtil.lambda$waitForLeader$3(RaftTestUtil.java:98)
	at org.apache.ratis.util.JavaUtils.attempt(JavaUtils.java:152)
	at org.apache.ratis.RaftTestUtil.waitForLeader(RaftTestUtil.java:97)
	at org.apache.ratis.RaftTestUtil.waitForLeader(RaftTestUtil.java:77)
	at org.apache.ratis.RaftTestUtil.waitForLeader(RaftTestUtil.java:72)
	at org.apache.ratis.RetryCacheTests.runTestBasicRetry(RetryCacheTests.java:64)
	at org.apache.ratis.MiniRaftCluster$Factory$Get.runWithNewCluster(MiniRaftCluster.java:125)
	at org.apache.ratis.MiniRaftCluster$Factory$Get.runWithNewCluster(MiniRaftCluster.java:113)
	at org.apache.ratis.RetryCacheTests.testBasicRetry(RetryCacheTests.java:60)
	at sun.reflect.NativeMethodAccessorImpl.invoke0(Native Method)
	at sun.reflect.NativeMethodAccessorImpl.invoke(NativeMethodAccessorImpl.java:62)
	at sun.reflect.DelegatingMethodAccessorImpl.invoke(DelegatingMethodAccessorImpl.java:43)
	at java.lang.reflect.Method.invoke(Method.java:498)
	at org.junit.runners.model.FrameworkMethod$1.runReflectiveCall(FrameworkMethod.java:50)
	at org.junit.internal.runners.model.ReflectiveCallable.run(ReflectiveCallable.java:12)
	at org.junit.runners.model.FrameworkMethod.invokeExplosively(FrameworkMethod.java:47)
	at org.junit.internal.runners.statements.InvokeMethod.evaluate(InvokeMethod.java:17)
	at org.junit.internal.runners.statements.RunAfters.evaluate(RunAfters.java:27)
	at org.junit.internal.runners.statements.FailOnTimeout$CallableStatement.call(FailOnTimeout.java:298)
	at org.junit.internal.runners.statements.FailOnTimeout$CallableStatement.call(FailOnTimeout.java:292)
	at java.util.concurrent.FutureTask.run(FutureTask.java:266)
	at java.lang.Thread.run(Thread.java:748)
2019-09-24 16:35:51,902 INFO  impl.FollowerState (FollowerState.java:run(108)) - s0@group-31A0E89A70DD-FollowerState: change to CANDIDATE, lastRpcTime:166ms, electionTimeout:165ms
2019-09-24 16:35:51,904 INFO  impl.RoleInfo (RoleInfo.java:shutdownFollowerState(121)) - s0: shutdown FollowerState
2019-09-24 16:35:51,904 INFO  impl.RaftServerImpl (RaftServerImpl.java:setRole(170)) - s0@group-31A0E89A70DD: changes role from  FOLLOWER to CANDIDATE at term 0 for changeToCandidate
2019-09-24 16:35:51,908 INFO  impl.RoleInfo (RoleInfo.java:updateAndGet(143)) - s0: start LeaderElection
2019-09-24 16:35:51,940 INFO  impl.FollowerState (FollowerState.java:run(108)) - s1@group-31A0E89A70DD-FollowerState: change to CANDIDATE, lastRpcTime:189ms, electionTimeout:189ms
2019-09-24 16:35:51,941 INFO  impl.RoleInfo (RoleInfo.java:shutdownFollowerState(121)) - s1: shutdown FollowerState
2019-09-24 16:35:51,941 INFO  impl.RaftServerImpl (RaftServerImpl.java:setRole(170)) - s1@group-31A0E89A70DD: changes role from  FOLLOWER to CANDIDATE at term 0 for changeToCandidate
2019-09-24 16:35:51,942 INFO  impl.RoleInfo (RoleInfo.java:updateAndGet(143)) - s1: start LeaderElection
2019-09-24 16:35:51,965 INFO  impl.FollowerState (FollowerState.java:run(108)) - s2@group-31A0E89A70DD-FollowerState: change to CANDIDATE, lastRpcTime:206ms, electionTimeout:206ms
2019-09-24 16:35:51,966 INFO  impl.RoleInfo (RoleInfo.java:shutdownFollowerState(121)) - s2: shutdown FollowerState
2019-09-24 16:35:51,966 INFO  impl.RaftServerImpl (RaftServerImpl.java:setRole(170)) - s2@group-31A0E89A70DD: changes role from  FOLLOWER to CANDIDATE at term 0 for changeToCandidate
2019-09-24 16:35:51,966 INFO  impl.RoleInfo (RoleInfo.java:updateAndGet(143)) - s2: start LeaderElection
2019-09-24 16:35:52,231 WARN  ratis.RaftTestUtil (JavaUtils.java:attempt(158)) - FAILED "waitForLeader-null-(expectLeader? true)", attempt #2/100: java.lang.IllegalStateException: No leader yet : printing ALL groups
  s0:  RUNNING CANDIDATE s0@group-31A0E89A70DD:t1, leader=null, voted=s0, raftlog=s0@group-31A0E89A70DD-SegmentedRaftLog:OPENED:c-1,f-1,i0, conf=-1: [s0:0.0.0.0:43926, s1:0.0.0.0:41045, s2:0.0.0.0:43384], old=null RUNNING
  s1:  RUNNING CANDIDATE s1@group-31A0E89A70DD:t1, leader=null, voted=s1, raftlog=s1@group-31A0E89A70DD-SegmentedRaftLog:OPENED:c-1,f-1,i0, conf=-1: [s0:0.0.0.0:43926, s1:0.0.0.0:41045, s2:0.0.0.0:43384], old=null RUNNING
  s2:  RUNNING CANDIDATE s2@group-31A0E89A70DD:t1, leader=null, voted=s2, raftlog=s2@group-31A0E89A70DD-SegmentedRaftLog:OPENED:c-1,f-1,i0, conf=-1: [s0:0.0.0.0:43926, s1:0.0.0.0:41045, s2:0.0.0.0:43384], old=null RUNNING, sleep 450ms and then retry.
java.lang.IllegalStateException: No leader yet : printing ALL groups
  s0:  RUNNING CANDIDATE s0@group-31A0E89A70DD:t1, leader=null, voted=s0, raftlog=s0@group-31A0E89A70DD-SegmentedRaftLog:OPENED:c-1,f-1,i0, conf=-1: [s0:0.0.0.0:43926, s1:0.0.0.0:41045, s2:0.0.0.0:43384], old=null RUNNING
  s1:  RUNNING CANDIDATE s1@group-31A0E89A70DD:t1, leader=null, voted=s1, raftlog=s1@group-31A0E89A70DD-SegmentedRaftLog:OPENED:c-1,f-1,i0, conf=-1: [s0:0.0.0.0:43926, s1:0.0.0.0:41045, s2:0.0.0.0:43384], old=null RUNNING
  s2:  RUNNING CANDIDATE s2@group-31A0E89A70DD:t1, leader=null, voted=s2, raftlog=s2@group-31A0E89A70DD-SegmentedRaftLog:OPENED:c-1,f-1,i0, conf=-1: [s0:0.0.0.0:43926, s1:0.0.0.0:41045, s2:0.0.0.0:43384], old=null RUNNING
	at org.apache.ratis.MiniRaftCluster.newIllegalStateExceptionForNoLeaders(MiniRaftCluster.java:506)
	at org.apache.ratis.RaftTestUtil.lambda$waitForLeader$1(RaftTestUtil.java:90)
	at org.apache.ratis.MiniRaftCluster.getLeader(MiniRaftCluster.java:539)
	at org.apache.ratis.MiniRaftCluster.getLeader(MiniRaftCluster.java:532)
	at org.apache.ratis.RaftTestUtil.lambda$waitForLeader$3(RaftTestUtil.java:98)
	at org.apache.ratis.util.JavaUtils.attempt(JavaUtils.java:152)
	at org.apache.ratis.RaftTestUtil.waitForLeader(RaftTestUtil.java:97)
	at org.apache.ratis.RaftTestUtil.waitForLeader(RaftTestUtil.java:77)
	at org.apache.ratis.RaftTestUtil.waitForLeader(RaftTestUtil.java:72)
	at org.apache.ratis.RetryCacheTests.runTestBasicRetry(RetryCacheTests.java:64)
	at org.apache.ratis.MiniRaftCluster$Factory$Get.runWithNewCluster(MiniRaftCluster.java:125)
	at org.apache.ratis.MiniRaftCluster$Factory$Get.runWithNewCluster(MiniRaftCluster.java:113)
	at org.apache.ratis.RetryCacheTests.testBasicRetry(RetryCacheTests.java:60)
	at sun.reflect.NativeMethodAccessorImpl.invoke0(Native Method)
	at sun.reflect.NativeMethodAccessorImpl.invoke(NativeMethodAccessorImpl.java:62)
	at sun.reflect.DelegatingMethodAccessorImpl.invoke(DelegatingMethodAccessorImpl.java:43)
	at java.lang.reflect.Method.invoke(Method.java:498)
	at org.junit.runners.model.FrameworkMethod$1.runReflectiveCall(FrameworkMethod.java:50)
	at org.junit.internal.runners.model.ReflectiveCallable.run(ReflectiveCallable.java:12)
	at org.junit.runners.model.FrameworkMethod.invokeExplosively(FrameworkMethod.java:47)
	at org.junit.internal.runners.statements.InvokeMethod.evaluate(InvokeMethod.java:17)
	at org.junit.internal.runners.statements.RunAfters.evaluate(RunAfters.java:27)
	at org.junit.internal.runners.statements.FailOnTimeout$CallableStatement.call(FailOnTimeout.java:298)
	at org.junit.internal.runners.statements.FailOnTimeout$CallableStatement.call(FailOnTimeout.java:292)
	at java.util.concurrent.FutureTask.run(FutureTask.java:266)
	at java.lang.Thread.run(Thread.java:748)
2019-09-24 16:35:52,684 WARN  ratis.RaftTestUtil (JavaUtils.java:attempt(158)) - FAILED "waitForLeader-null-(expectLeader? true)", attempt #3/100: java.lang.IllegalStateException: No leader yet : printing ALL groups
  s0:  RUNNING CANDIDATE s0@group-31A0E89A70DD:t1, leader=null, voted=s0, raftlog=s0@group-31A0E89A70DD-SegmentedRaftLog:OPENED:c-1,f-1,i0, conf=-1: [s0:0.0.0.0:43926, s1:0.0.0.0:41045, s2:0.0.0.0:43384], old=null RUNNING
  s1:  RUNNING CANDIDATE s1@group-31A0E89A70DD:t1, leader=null, voted=s1, raftlog=s1@group-31A0E89A70DD-SegmentedRaftLog:OPENED:c-1,f-1,i0, conf=-1: [s0:0.0.0.0:43926, s1:0.0.0.0:41045, s2:0.0.0.0:43384], old=null RUNNING
  s2:  RUNNING CANDIDATE s2@group-31A0E89A70DD:t1, leader=null, voted=s2, raftlog=s2@group-31A0E89A70DD-SegmentedRaftLog:OPENED:c-1,f-1,i0, conf=-1: [s0:0.0.0.0:43926, s1:0.0.0.0:41045, s2:0.0.0.0:43384], old=null RUNNING, sleep 450ms and then retry.
java.lang.IllegalStateException: No leader yet : printing ALL groups
  s0:  RUNNING CANDIDATE s0@group-31A0E89A70DD:t1, leader=null, voted=s0, raftlog=s0@group-31A0E89A70DD-SegmentedRaftLog:OPENED:c-1,f-1,i0, conf=-1: [s0:0.0.0.0:43926, s1:0.0.0.0:41045, s2:0.0.0.0:43384], old=null RUNNING
  s1:  RUNNING CANDIDATE s1@group-31A0E89A70DD:t1, leader=null, voted=s1, raftlog=s1@group-31A0E89A70DD-SegmentedRaftLog:OPENED:c-1,f-1,i0, conf=-1: [s0:0.0.0.0:43926, s1:0.0.0.0:41045, s2:0.0.0.0:43384], old=null RUNNING
  s2:  RUNNING CANDIDATE s2@group-31A0E89A70DD:t1, leader=null, voted=s2, raftlog=s2@group-31A0E89A70DD-SegmentedRaftLog:OPENED:c-1,f-1,i0, conf=-1: [s0:0.0.0.0:43926, s1:0.0.0.0:41045, s2:0.0.0.0:43384], old=null RUNNING
	at org.apache.ratis.MiniRaftCluster.newIllegalStateExceptionForNoLeaders(MiniRaftCluster.java:506)
	at org.apache.ratis.RaftTestUtil.lambda$waitForLeader$1(RaftTestUtil.java:90)
	at org.apache.ratis.MiniRaftCluster.getLeader(MiniRaftCluster.java:539)
	at org.apache.ratis.MiniRaftCluster.getLeader(MiniRaftCluster.java:532)
	at org.apache.ratis.RaftTestUtil.lambda$waitForLeader$3(RaftTestUtil.java:98)
	at org.apache.ratis.util.JavaUtils.attempt(JavaUtils.java:152)
	at org.apache.ratis.RaftTestUtil.waitForLeader(RaftTestUtil.java:97)
	at org.apache.ratis.RaftTestUtil.waitForLeader(RaftTestUtil.java:77)
	at org.apache.ratis.RaftTestUtil.waitForLeader(RaftTestUtil.java:72)
	at org.apache.ratis.RetryCacheTests.runTestBasicRetry(RetryCacheTests.java:64)
	at org.apache.ratis.MiniRaftCluster$Factory$Get.runWithNewCluster(MiniRaftCluster.java:125)
	at org.apache.ratis.MiniRaftCluster$Factory$Get.runWithNewCluster(MiniRaftCluster.java:113)
	at org.apache.ratis.RetryCacheTests.testBasicRetry(RetryCacheTests.java:60)
	at sun.reflect.NativeMethodAccessorImpl.invoke0(Native Method)
	at sun.reflect.NativeMethodAccessorImpl.invoke(NativeMethodAccessorImpl.java:62)
	at sun.reflect.DelegatingMethodAccessorImpl.invoke(DelegatingMethodAccessorImpl.java:43)
	at java.lang.reflect.Method.invoke(Method.java:498)
	at org.junit.runners.model.FrameworkMethod$1.runReflectiveCall(FrameworkMethod.java:50)
	at org.junit.internal.runners.model.ReflectiveCallable.run(ReflectiveCallable.java:12)
	at org.junit.runners.model.FrameworkMethod.invokeExplosively(FrameworkMethod.java:47)
	at org.junit.internal.runners.statements.InvokeMethod.evaluate(InvokeMethod.java:17)
	at org.junit.internal.runners.statements.RunAfters.evaluate(RunAfters.java:27)
	at org.junit.internal.runners.statements.FailOnTimeout$CallableStatement.call(FailOnTimeout.java:298)
	at org.junit.internal.runners.statements.FailOnTimeout$CallableStatement.call(FailOnTimeout.java:292)
	at java.util.concurrent.FutureTask.run(FutureTask.java:266)
	at java.lang.Thread.run(Thread.java:748)
2019-09-24 16:35:53,137 WARN  ratis.RaftTestUtil (JavaUtils.java:attempt(158)) - FAILED "waitForLeader-null-(expectLeader? true)", attempt #4/100: java.lang.IllegalStateException: No leader yet : printing ALL groups
  s0:  RUNNING CANDIDATE s0@group-31A0E89A70DD:t1, leader=null, voted=s0, raftlog=s0@group-31A0E89A70DD-SegmentedRaftLog:OPENED:c-1,f-1,i0, conf=-1: [s0:0.0.0.0:43926, s1:0.0.0.0:41045, s2:0.0.0.0:43384], old=null RUNNING
  s1:  RUNNING CANDIDATE s1@group-31A0E89A70DD:t1, leader=null, voted=s1, raftlog=s1@group-31A0E89A70DD-SegmentedRaftLog:OPENED:c-1,f-1,i0, conf=-1: [s0:0.0.0.0:43926, s1:0.0.0.0:41045, s2:0.0.0.0:43384], old=null RUNNING
  s2:  RUNNING CANDIDATE s2@group-31A0E89A70DD:t1, leader=null, voted=s2, raftlog=s2@group-31A0E89A70DD-SegmentedRaftLog:OPENED:c-1,f-1,i0, conf=-1: [s0:0.0.0.0:43926, s1:0.0.0.0:41045, s2:0.0.0.0:43384], old=null RUNNING, sleep 450ms and then retry.
java.lang.IllegalStateException: No leader yet : printing ALL groups
  s0:  RUNNING CANDIDATE s0@group-31A0E89A70DD:t1, leader=null, voted=s0, raftlog=s0@group-31A0E89A70DD-SegmentedRaftLog:OPENED:c-1,f-1,i0, conf=-1: [s0:0.0.0.0:43926, s1:0.0.0.0:41045, s2:0.0.0.0:43384], old=null RUNNING
  s1:  RUNNING CANDIDATE s1@group-31A0E89A70DD:t1, leader=null, voted=s1, raftlog=s1@group-31A0E89A70DD-SegmentedRaftLog:OPENED:c-1,f-1,i0, conf=-1: [s0:0.0.0.0:43926, s1:0.0.0.0:41045, s2:0.0.0.0:43384], old=null RUNNING
  s2:  RUNNING CANDIDATE s2@group-31A0E89A70DD:t1, leader=null, voted=s2, raftlog=s2@group-31A0E89A70DD-SegmentedRaftLog:OPENED:c-1,f-1,i0, conf=-1: [s0:0.0.0.0:43926, s1:0.0.0.0:41045, s2:0.0.0.0:43384], old=null RUNNING
	at org.apache.ratis.MiniRaftCluster.newIllegalStateExceptionForNoLeaders(MiniRaftCluster.java:506)
	at org.apache.ratis.RaftTestUtil.lambda$waitForLeader$1(RaftTestUtil.java:90)
	at org.apache.ratis.MiniRaftCluster.getLeader(MiniRaftCluster.java:539)
	at org.apache.ratis.MiniRaftCluster.getLeader(MiniRaftCluster.java:532)
	at org.apache.ratis.RaftTestUtil.lambda$waitForLeader$3(RaftTestUtil.java:98)
	at org.apache.ratis.util.JavaUtils.attempt(JavaUtils.java:152)
	at org.apache.ratis.RaftTestUtil.waitForLeader(RaftTestUtil.java:97)
	at org.apache.ratis.RaftTestUtil.waitForLeader(RaftTestUtil.java:77)
	at org.apache.ratis.RaftTestUtil.waitForLeader(RaftTestUtil.java:72)
	at org.apache.ratis.RetryCacheTests.runTestBasicRetry(RetryCacheTests.java:64)
	at org.apache.ratis.MiniRaftCluster$Factory$Get.runWithNewCluster(MiniRaftCluster.java:125)
	at org.apache.ratis.MiniRaftCluster$Factory$Get.runWithNewCluster(MiniRaftCluster.java:113)
	at org.apache.ratis.RetryCacheTests.testBasicRetry(RetryCacheTests.java:60)
	at sun.reflect.NativeMethodAccessorImpl.invoke0(Native Method)
	at sun.reflect.NativeMethodAccessorImpl.invoke(NativeMethodAccessorImpl.java:62)
	at sun.reflect.DelegatingMethodAccessorImpl.invoke(DelegatingMethodAccessorImpl.java:43)
	at java.lang.reflect.Method.invoke(Method.java:498)
	at org.junit.runners.model.FrameworkMethod$1.runReflectiveCall(FrameworkMethod.java:50)
	at org.junit.internal.runners.model.ReflectiveCallable.run(ReflectiveCallable.java:12)
	at org.junit.runners.model.FrameworkMethod.invokeExplosively(FrameworkMethod.java:47)
	at org.junit.internal.runners.statements.InvokeMethod.evaluate(InvokeMethod.java:17)
	at org.junit.internal.runners.statements.RunAfters.evaluate(RunAfters.java:27)
	at org.junit.internal.runners.statements.FailOnTimeout$CallableStatement.call(FailOnTimeout.java:298)
	at org.junit.internal.runners.statements.FailOnTimeout$CallableStatement.call(FailOnTimeout.java:292)
	at java.util.concurrent.FutureTask.run(FutureTask.java:266)
	at java.lang.Thread.run(Thread.java:748)
2019-09-24 16:35:53,590 WARN  ratis.RaftTestUtil (JavaUtils.java:attempt(158)) - FAILED "waitForLeader-null-(expectLeader? true)", attempt #5/100: java.lang.IllegalStateException: No leader yet : printing ALL groups
  s0:  RUNNING CANDIDATE s0@group-31A0E89A70DD:t1, leader=null, voted=s0, raftlog=s0@group-31A0E89A70DD-SegmentedRaftLog:OPENED:c-1,f-1,i0, conf=-1: [s0:0.0.0.0:43926, s1:0.0.0.0:41045, s2:0.0.0.0:43384], old=null RUNNING
  s1:  RUNNING CANDIDATE s1@group-31A0E89A70DD:t1, leader=null, voted=s1, raftlog=s1@group-31A0E89A70DD-SegmentedRaftLog:OPENED:c-1,f-1,i0, conf=-1: [s0:0.0.0.0:43926, s1:0.0.0.0:41045, s2:0.0.0.0:43384], old=null RUNNING
  s2:  RUNNING CANDIDATE s2@group-31A0E89A70DD:t1, leader=null, voted=s2, raftlog=s2@group-31A0E89A70DD-SegmentedRaftLog:OPENED:c-1,f-1,i0, conf=-1: [s0:0.0.0.0:43926, s1:0.0.0.0:41045, s2:0.0.0.0:43384], old=null RUNNING, sleep 450ms and then retry.
java.lang.IllegalStateException: No leader yet : printing ALL groups
  s0:  RUNNING CANDIDATE s0@group-31A0E89A70DD:t1, leader=null, voted=s0, raftlog=s0@group-31A0E89A70DD-SegmentedRaftLog:OPENED:c-1,f-1,i0, conf=-1: [s0:0.0.0.0:43926, s1:0.0.0.0:41045, s2:0.0.0.0:43384], old=null RUNNING
  s1:  RUNNING CANDIDATE s1@group-31A0E89A70DD:t1, leader=null, voted=s1, raftlog=s1@group-31A0E89A70DD-SegmentedRaftLog:OPENED:c-1,f-1,i0, conf=-1: [s0:0.0.0.0:43926, s1:0.0.0.0:41045, s2:0.0.0.0:43384], old=null RUNNING
  s2:  RUNNING CANDIDATE s2@group-31A0E89A70DD:t1, leader=null, voted=s2, raftlog=s2@group-31A0E89A70DD-SegmentedRaftLog:OPENED:c-1,f-1,i0, conf=-1: [s0:0.0.0.0:43926, s1:0.0.0.0:41045, s2:0.0.0.0:43384], old=null RUNNING
	at org.apache.ratis.MiniRaftCluster.newIllegalStateExceptionForNoLeaders(MiniRaftCluster.java:506)
	at org.apache.ratis.RaftTestUtil.lambda$waitForLeader$1(RaftTestUtil.java:90)
	at org.apache.ratis.MiniRaftCluster.getLeader(MiniRaftCluster.java:539)
	at org.apache.ratis.MiniRaftCluster.getLeader(MiniRaftCluster.java:532)
	at org.apache.ratis.RaftTestUtil.lambda$waitForLeader$3(RaftTestUtil.java:98)
	at org.apache.ratis.util.JavaUtils.attempt(JavaUtils.java:152)
	at org.apache.ratis.RaftTestUtil.waitForLeader(RaftTestUtil.java:97)
	at org.apache.ratis.RaftTestUtil.waitForLeader(RaftTestUtil.java:77)
	at org.apache.ratis.RaftTestUtil.waitForLeader(RaftTestUtil.java:72)
	at org.apache.ratis.RetryCacheTests.runTestBasicRetry(RetryCacheTests.java:64)
	at org.apache.ratis.MiniRaftCluster$Factory$Get.runWithNewCluster(MiniRaftCluster.java:125)
	at org.apache.ratis.MiniRaftCluster$Factory$Get.runWithNewCluster(MiniRaftCluster.java:113)
	at org.apache.ratis.RetryCacheTests.testBasicRetry(RetryCacheTests.java:60)
	at sun.reflect.NativeMethodAccessorImpl.invoke0(Native Method)
	at sun.reflect.NativeMethodAccessorImpl.invoke(NativeMethodAccessorImpl.java:62)
	at sun.reflect.DelegatingMethodAccessorImpl.invoke(DelegatingMethodAccessorImpl.java:43)
	at java.lang.reflect.Method.invoke(Method.java:498)
	at org.junit.runners.model.FrameworkMethod$1.runReflectiveCall(FrameworkMethod.java:50)
	at org.junit.internal.runners.model.ReflectiveCallable.run(ReflectiveCallable.java:12)
	at org.junit.runners.model.FrameworkMethod.invokeExplosively(FrameworkMethod.java:47)
	at org.junit.internal.runners.statements.InvokeMethod.evaluate(InvokeMethod.java:17)
	at org.junit.internal.runners.statements.RunAfters.evaluate(RunAfters.java:27)
	at org.junit.internal.runners.statements.FailOnTimeout$CallableStatement.call(FailOnTimeout.java:298)
	at org.junit.internal.runners.statements.FailOnTimeout$CallableStatement.call(FailOnTimeout.java:292)
	at java.util.concurrent.FutureTask.run(FutureTask.java:266)
	at java.lang.Thread.run(Thread.java:748)
2019-09-24 16:35:54,042 WARN  ratis.RaftTestUtil (JavaUtils.java:attempt(158)) - FAILED "waitForLeader-null-(expectLeader? true)", attempt #6/100: java.lang.IllegalStateException: No leader yet : printing ALL groups
  s0:  RUNNING CANDIDATE s0@group-31A0E89A70DD:t1, leader=null, voted=s0, raftlog=s0@group-31A0E89A70DD-SegmentedRaftLog:OPENED:c-1,f-1,i0, conf=-1: [s0:0.0.0.0:43926, s1:0.0.0.0:41045, s2:0.0.0.0:43384], old=null RUNNING
  s1:  RUNNING CANDIDATE s1@group-31A0E89A70DD:t1, leader=null, voted=s1, raftlog=s1@group-31A0E89A70DD-SegmentedRaftLog:OPENED:c-1,f-1,i0, conf=-1: [s0:0.0.0.0:43926, s1:0.0.0.0:41045, s2:0.0.0.0:43384], old=null RUNNING
  s2:  RUNNING CANDIDATE s2@group-31A0E89A70DD:t1, leader=null, voted=s2, raftlog=s2@group-31A0E89A70DD-SegmentedRaftLog:OPENED:c-1,f-1,i0, conf=-1: [s0:0.0.0.0:43926, s1:0.0.0.0:41045, s2:0.0.0.0:43384], old=null RUNNING, sleep 450ms and then retry.
java.lang.IllegalStateException: No leader yet : printing ALL groups
  s0:  RUNNING CANDIDATE s0@group-31A0E89A70DD:t1, leader=null, voted=s0, raftlog=s0@group-31A0E89A70DD-SegmentedRaftLog:OPENED:c-1,f-1,i0, conf=-1: [s0:0.0.0.0:43926, s1:0.0.0.0:41045, s2:0.0.0.0:43384], old=null RUNNING
  s1:  RUNNING CANDIDATE s1@group-31A0E89A70DD:t1, leader=null, voted=s1, raftlog=s1@group-31A0E89A70DD-SegmentedRaftLog:OPENED:c-1,f-1,i0, conf=-1: [s0:0.0.0.0:43926, s1:0.0.0.0:41045, s2:0.0.0.0:43384], old=null RUNNING
  s2:  RUNNING CANDIDATE s2@group-31A0E89A70DD:t1, leader=null, voted=s2, raftlog=s2@group-31A0E89A70DD-SegmentedRaftLog:OPENED:c-1,f-1,i0, conf=-1: [s0:0.0.0.0:43926, s1:0.0.0.0:41045, s2:0.0.0.0:43384], old=null RUNNING
	at org.apache.ratis.MiniRaftCluster.newIllegalStateExceptionForNoLeaders(MiniRaftCluster.java:506)
	at org.apache.ratis.RaftTestUtil.lambda$waitForLeader$1(RaftTestUtil.java:90)
	at org.apache.ratis.MiniRaftCluster.getLeader(MiniRaftCluster.java:539)
	at org.apache.ratis.MiniRaftCluster.getLeader(MiniRaftCluster.java:532)
	at org.apache.ratis.RaftTestUtil.lambda$waitForLeader$3(RaftTestUtil.java:98)
	at org.apache.ratis.util.JavaUtils.attempt(JavaUtils.java:152)
	at org.apache.ratis.RaftTestUtil.waitForLeader(RaftTestUtil.java:97)
	at org.apache.ratis.RaftTestUtil.waitForLeader(RaftTestUtil.java:77)
	at org.apache.ratis.RaftTestUtil.waitForLeader(RaftTestUtil.java:72)
	at org.apache.ratis.RetryCacheTests.runTestBasicRetry(RetryCacheTests.java:64)
	at org.apache.ratis.MiniRaftCluster$Factory$Get.runWithNewCluster(MiniRaftCluster.java:125)
	at org.apache.ratis.MiniRaftCluster$Factory$Get.runWithNewCluster(MiniRaftCluster.java:113)
	at org.apache.ratis.RetryCacheTests.testBasicRetry(RetryCacheTests.java:60)
	at sun.reflect.NativeMethodAccessorImpl.invoke0(Native Method)
	at sun.reflect.NativeMethodAccessorImpl.invoke(NativeMethodAccessorImpl.java:62)
	at sun.reflect.DelegatingMethodAccessorImpl.invoke(DelegatingMethodAccessorImpl.java:43)
	at java.lang.reflect.Method.invoke(Method.java:498)
	at org.junit.runners.model.FrameworkMethod$1.runReflectiveCall(FrameworkMethod.java:50)
	at org.junit.internal.runners.model.ReflectiveCallable.run(ReflectiveCallable.java:12)
	at org.junit.runners.model.FrameworkMethod.invokeExplosively(FrameworkMethod.java:47)
	at org.junit.internal.runners.statements.InvokeMethod.evaluate(InvokeMethod.java:17)
	at org.junit.internal.runners.statements.RunAfters.evaluate(RunAfters.java:27)
	at org.junit.internal.runners.statements.FailOnTimeout$CallableStatement.call(FailOnTimeout.java:298)
	at org.junit.internal.runners.statements.FailOnTimeout$CallableStatement.call(FailOnTimeout.java:292)
	at java.util.concurrent.FutureTask.run(FutureTask.java:266)
	at java.lang.Thread.run(Thread.java:748)
2019-09-24 16:35:54,495 WARN  ratis.RaftTestUtil (JavaUtils.java:attempt(158)) - FAILED "waitForLeader-null-(expectLeader? true)", attempt #7/100: java.lang.IllegalStateException: No leader yet : printing ALL groups
  s0:  RUNNING CANDIDATE s0@group-31A0E89A70DD:t1, leader=null, voted=s0, raftlog=s0@group-31A0E89A70DD-SegmentedRaftLog:OPENED:c-1,f-1,i0, conf=-1: [s0:0.0.0.0:43926, s1:0.0.0.0:41045, s2:0.0.0.0:43384], old=null RUNNING
  s1:  RUNNING CANDIDATE s1@group-31A0E89A70DD:t1, leader=null, voted=s1, raftlog=s1@group-31A0E89A70DD-SegmentedRaftLog:OPENED:c-1,f-1,i0, conf=-1: [s0:0.0.0.0:43926, s1:0.0.0.0:41045, s2:0.0.0.0:43384], old=null RUNNING
  s2:  RUNNING CANDIDATE s2@group-31A0E89A70DD:t1, leader=null, voted=s2, raftlog=s2@group-31A0E89A70DD-SegmentedRaftLog:OPENED:c-1,f-1,i0, conf=-1: [s0:0.0.0.0:43926, s1:0.0.0.0:41045, s2:0.0.0.0:43384], old=null RUNNING, sleep 450ms and then retry.
java.lang.IllegalStateException: No leader yet : printing ALL groups
  s0:  RUNNING CANDIDATE s0@group-31A0E89A70DD:t1, leader=null, voted=s0, raftlog=s0@group-31A0E89A70DD-SegmentedRaftLog:OPENED:c-1,f-1,i0, conf=-1: [s0:0.0.0.0:43926, s1:0.0.0.0:41045, s2:0.0.0.0:43384], old=null RUNNING
  s1:  RUNNING CANDIDATE s1@group-31A0E89A70DD:t1, leader=null, voted=s1, raftlog=s1@group-31A0E89A70DD-SegmentedRaftLog:OPENED:c-1,f-1,i0, conf=-1: [s0:0.0.0.0:43926, s1:0.0.0.0:41045, s2:0.0.0.0:43384], old=null RUNNING
  s2:  RUNNING CANDIDATE s2@group-31A0E89A70DD:t1, leader=null, voted=s2, raftlog=s2@group-31A0E89A70DD-SegmentedRaftLog:OPENED:c-1,f-1,i0, conf=-1: [s0:0.0.0.0:43926, s1:0.0.0.0:41045, s2:0.0.0.0:43384], old=null RUNNING
	at org.apache.ratis.MiniRaftCluster.newIllegalStateExceptionForNoLeaders(MiniRaftCluster.java:506)
	at org.apache.ratis.RaftTestUtil.lambda$waitForLeader$1(RaftTestUtil.java:90)
	at org.apache.ratis.MiniRaftCluster.getLeader(MiniRaftCluster.java:539)
	at org.apache.ratis.MiniRaftCluster.getLeader(MiniRaftCluster.java:532)
	at org.apache.ratis.RaftTestUtil.lambda$waitForLeader$3(RaftTestUtil.java:98)
	at org.apache.ratis.util.JavaUtils.attempt(JavaUtils.java:152)
	at org.apache.ratis.RaftTestUtil.waitForLeader(RaftTestUtil.java:97)
	at org.apache.ratis.RaftTestUtil.waitForLeader(RaftTestUtil.java:77)
	at org.apache.ratis.RaftTestUtil.waitForLeader(RaftTestUtil.java:72)
	at org.apache.ratis.RetryCacheTests.runTestBasicRetry(RetryCacheTests.java:64)
	at org.apache.ratis.MiniRaftCluster$Factory$Get.runWithNewCluster(MiniRaftCluster.java:125)
	at org.apache.ratis.MiniRaftCluster$Factory$Get.runWithNewCluster(MiniRaftCluster.java:113)
	at org.apache.ratis.RetryCacheTests.testBasicRetry(RetryCacheTests.java:60)
	at sun.reflect.NativeMethodAccessorImpl.invoke0(Native Method)
	at sun.reflect.NativeMethodAccessorImpl.invoke(NativeMethodAccessorImpl.java:62)
	at sun.reflect.DelegatingMethodAccessorImpl.invoke(DelegatingMethodAccessorImpl.java:43)
	at java.lang.reflect.Method.invoke(Method.java:498)
	at org.junit.runners.model.FrameworkMethod$1.runReflectiveCall(FrameworkMethod.java:50)
	at org.junit.internal.runners.model.ReflectiveCallable.run(ReflectiveCallable.java:12)
	at org.junit.runners.model.FrameworkMethod.invokeExplosively(FrameworkMethod.java:47)
	at org.junit.internal.runners.statements.InvokeMethod.evaluate(InvokeMethod.java:17)
	at org.junit.internal.runners.statements.RunAfters.evaluate(RunAfters.java:27)
	at org.junit.internal.runners.statements.FailOnTimeout$CallableStatement.call(FailOnTimeout.java:298)
	at org.junit.internal.runners.statements.FailOnTimeout$CallableStatement.call(FailOnTimeout.java:292)
	at java.util.concurrent.FutureTask.run(FutureTask.java:266)
	at java.lang.Thread.run(Thread.java:748)
2019-09-24 16:35:54,948 WARN  ratis.RaftTestUtil (JavaUtils.java:attempt(158)) - FAILED "waitForLeader-null-(expectLeader? true)", attempt #8/100: java.lang.IllegalStateException: No leader yet : printing ALL groups
  s0:  RUNNING CANDIDATE s0@group-31A0E89A70DD:t1, leader=null, voted=s0, raftlog=s0@group-31A0E89A70DD-SegmentedRaftLog:OPENED:c-1,f-1,i0, conf=-1: [s0:0.0.0.0:43926, s1:0.0.0.0:41045, s2:0.0.0.0:43384], old=null RUNNING
  s1:  RUNNING CANDIDATE s1@group-31A0E89A70DD:t1, leader=null, voted=s1, raftlog=s1@group-31A0E89A70DD-SegmentedRaftLog:OPENED:c-1,f-1,i0, conf=-1: [s0:0.0.0.0:43926, s1:0.0.0.0:41045, s2:0.0.0.0:43384], old=null RUNNING
  s2:  RUNNING CANDIDATE s2@group-31A0E89A70DD:t1, leader=null, voted=s2, raftlog=s2@group-31A0E89A70DD-SegmentedRaftLog:OPENED:c-1,f-1,i0, conf=-1: [s0:0.0.0.0:43926, s1:0.0.0.0:41045, s2:0.0.0.0:43384], old=null RUNNING, sleep 450ms and then retry.
java.lang.IllegalStateException: No leader yet : printing ALL groups
  s0:  RUNNING CANDIDATE s0@group-31A0E89A70DD:t1, leader=null, voted=s0, raftlog=s0@group-31A0E89A70DD-SegmentedRaftLog:OPENED:c-1,f-1,i0, conf=-1: [s0:0.0.0.0:43926, s1:0.0.0.0:41045, s2:0.0.0.0:43384], old=null RUNNING
  s1:  RUNNING CANDIDATE s1@group-31A0E89A70DD:t1, leader=null, voted=s1, raftlog=s1@group-31A0E89A70DD-SegmentedRaftLog:OPENED:c-1,f-1,i0, conf=-1: [s0:0.0.0.0:43926, s1:0.0.0.0:41045, s2:0.0.0.0:43384], old=null RUNNING
  s2:  RUNNING CANDIDATE s2@group-31A0E89A70DD:t1, leader=null, voted=s2, raftlog=s2@group-31A0E89A70DD-SegmentedRaftLog:OPENED:c-1,f-1,i0, conf=-1: [s0:0.0.0.0:43926, s1:0.0.0.0:41045, s2:0.0.0.0:43384], old=null RUNNING
	at org.apache.ratis.MiniRaftCluster.newIllegalStateExceptionForNoLeaders(MiniRaftCluster.java:506)
	at org.apache.ratis.RaftTestUtil.lambda$waitForLeader$1(RaftTestUtil.java:90)
	at org.apache.ratis.MiniRaftCluster.getLeader(MiniRaftCluster.java:539)
	at org.apache.ratis.MiniRaftCluster.getLeader(MiniRaftCluster.java:532)
	at org.apache.ratis.RaftTestUtil.lambda$waitForLeader$3(RaftTestUtil.java:98)
	at org.apache.ratis.util.JavaUtils.attempt(JavaUtils.java:152)
	at org.apache.ratis.RaftTestUtil.waitForLeader(RaftTestUtil.java:97)
	at org.apache.ratis.RaftTestUtil.waitForLeader(RaftTestUtil.java:77)
	at org.apache.ratis.RaftTestUtil.waitForLeader(RaftTestUtil.java:72)
	at org.apache.ratis.RetryCacheTests.runTestBasicRetry(RetryCacheTests.java:64)
	at org.apache.ratis.MiniRaftCluster$Factory$Get.runWithNewCluster(MiniRaftCluster.java:125)
	at org.apache.ratis.MiniRaftCluster$Factory$Get.runWithNewCluster(MiniRaftCluster.java:113)
	at org.apache.ratis.RetryCacheTests.testBasicRetry(RetryCacheTests.java:60)
	at sun.reflect.NativeMethodAccessorImpl.invoke0(Native Method)
	at sun.reflect.NativeMethodAccessorImpl.invoke(NativeMethodAccessorImpl.java:62)
	at sun.reflect.DelegatingMethodAccessorImpl.invoke(DelegatingMethodAccessorImpl.java:43)
	at java.lang.reflect.Method.invoke(Method.java:498)
	at org.junit.runners.model.FrameworkMethod$1.runReflectiveCall(FrameworkMethod.java:50)
	at org.junit.internal.runners.model.ReflectiveCallable.run(ReflectiveCallable.java:12)
	at org.junit.runners.model.FrameworkMethod.invokeExplosively(FrameworkMethod.java:47)
	at org.junit.internal.runners.statements.InvokeMethod.evaluate(InvokeMethod.java:17)
	at org.junit.internal.runners.statements.RunAfters.evaluate(RunAfters.java:27)
	at org.junit.internal.runners.statements.FailOnTimeout$CallableStatement.call(FailOnTimeout.java:298)
	at org.junit.internal.runners.statements.FailOnTimeout$CallableStatement.call(FailOnTimeout.java:292)
	at java.util.concurrent.FutureTask.run(FutureTask.java:266)
	at java.lang.Thread.run(Thread.java:748)
2019-09-24 16:35:55,400 WARN  ratis.RaftTestUtil (JavaUtils.java:attempt(158)) - FAILED "waitForLeader-null-(expectLeader? true)", attempt #9/100: java.lang.IllegalStateException: No leader yet : printing ALL groups
  s0:  RUNNING CANDIDATE s0@group-31A0E89A70DD:t1, leader=null, voted=s0, raftlog=s0@group-31A0E89A70DD-SegmentedRaftLog:OPENED:c-1,f-1,i0, conf=-1: [s0:0.0.0.0:43926, s1:0.0.0.0:41045, s2:0.0.0.0:43384], old=null RUNNING
  s1:  RUNNING CANDIDATE s1@group-31A0E89A70DD:t1, leader=null, voted=s1, raftlog=s1@group-31A0E89A70DD-SegmentedRaftLog:OPENED:c-1,f-1,i0, conf=-1: [s0:0.0.0.0:43926, s1:0.0.0.0:41045, s2:0.0.0.0:43384], old=null RUNNING
  s2:  RUNNING CANDIDATE s2@group-31A0E89A70DD:t1, leader=null, voted=s2, raftlog=s2@group-31A0E89A70DD-SegmentedRaftLog:OPENED:c-1,f-1,i0, conf=-1: [s0:0.0.0.0:43926, s1:0.0.0.0:41045, s2:0.0.0.0:43384], old=null RUNNING, sleep 450ms and then retry.
java.lang.IllegalStateException: No leader yet : printing ALL groups
  s0:  RUNNING CANDIDATE s0@group-31A0E89A70DD:t1, leader=null, voted=s0, raftlog=s0@group-31A0E89A70DD-SegmentedRaftLog:OPENED:c-1,f-1,i0, conf=-1: [s0:0.0.0.0:43926, s1:0.0.0.0:41045, s2:0.0.0.0:43384], old=null RUNNING
  s1:  RUNNING CANDIDATE s1@group-31A0E89A70DD:t1, leader=null, voted=s1, raftlog=s1@group-31A0E89A70DD-SegmentedRaftLog:OPENED:c-1,f-1,i0, conf=-1: [s0:0.0.0.0:43926, s1:0.0.0.0:41045, s2:0.0.0.0:43384], old=null RUNNING
  s2:  RUNNING CANDIDATE s2@group-31A0E89A70DD:t1, leader=null, voted=s2, raftlog=s2@group-31A0E89A70DD-SegmentedRaftLog:OPENED:c-1,f-1,i0, conf=-1: [s0:0.0.0.0:43926, s1:0.0.0.0:41045, s2:0.0.0.0:43384], old=null RUNNING
	at org.apache.ratis.MiniRaftCluster.newIllegalStateExceptionForNoLeaders(MiniRaftCluster.java:506)
	at org.apache.ratis.RaftTestUtil.lambda$waitForLeader$1(RaftTestUtil.java:90)
	at org.apache.ratis.MiniRaftCluster.getLeader(MiniRaftCluster.java:539)
	at org.apache.ratis.MiniRaftCluster.getLeader(MiniRaftCluster.java:532)
	at org.apache.ratis.RaftTestUtil.lambda$waitForLeader$3(RaftTestUtil.java:98)
	at org.apache.ratis.util.JavaUtils.attempt(JavaUtils.java:152)
	at org.apache.ratis.RaftTestUtil.waitForLeader(RaftTestUtil.java:97)
	at org.apache.ratis.RaftTestUtil.waitForLeader(RaftTestUtil.java:77)
	at org.apache.ratis.RaftTestUtil.waitForLeader(RaftTestUtil.java:72)
	at org.apache.ratis.RetryCacheTests.runTestBasicRetry(RetryCacheTests.java:64)
	at org.apache.ratis.MiniRaftCluster$Factory$Get.runWithNewCluster(MiniRaftCluster.java:125)
	at org.apache.ratis.MiniRaftCluster$Factory$Get.runWithNewCluster(MiniRaftCluster.java:113)
	at org.apache.ratis.RetryCacheTests.testBasicRetry(RetryCacheTests.java:60)
	at sun.reflect.NativeMethodAccessorImpl.invoke0(Native Method)
	at sun.reflect.NativeMethodAccessorImpl.invoke(NativeMethodAccessorImpl.java:62)
	at sun.reflect.DelegatingMethodAccessorImpl.invoke(DelegatingMethodAccessorImpl.java:43)
	at java.lang.reflect.Method.invoke(Method.java:498)
	at org.junit.runners.model.FrameworkMethod$1.runReflectiveCall(FrameworkMethod.java:50)
	at org.junit.internal.runners.model.ReflectiveCallable.run(ReflectiveCallable.java:12)
	at org.junit.runners.model.FrameworkMethod.invokeExplosively(FrameworkMethod.java:47)
	at org.junit.internal.runners.statements.InvokeMethod.evaluate(InvokeMethod.java:17)
	at org.junit.internal.runners.statements.RunAfters.evaluate(RunAfters.java:27)
	at org.junit.internal.runners.statements.FailOnTimeout$CallableStatement.call(FailOnTimeout.java:298)
	at org.junit.internal.runners.statements.FailOnTimeout$CallableStatement.call(FailOnTimeout.java:292)
	at java.util.concurrent.FutureTask.run(FutureTask.java:266)
	at java.lang.Thread.run(Thread.java:748)
2019-09-24 16:35:55,853 WARN  ratis.RaftTestUtil (JavaUtils.java:attempt(158)) - FAILED "waitForLeader-null-(expectLeader? true)", attempt #10/100: java.lang.IllegalStateException: No leader yet : printing ALL groups
  s0:  RUNNING CANDIDATE s0@group-31A0E89A70DD:t1, leader=null, voted=s0, raftlog=s0@group-31A0E89A70DD-SegmentedRaftLog:OPENED:c-1,f-1,i0, conf=-1: [s0:0.0.0.0:43926, s1:0.0.0.0:41045, s2:0.0.0.0:43384], old=null RUNNING
  s1:  RUNNING CANDIDATE s1@group-31A0E89A70DD:t1, leader=null, voted=s1, raftlog=s1@group-31A0E89A70DD-SegmentedRaftLog:OPENED:c-1,f-1,i0, conf=-1: [s0:0.0.0.0:43926, s1:0.0.0.0:41045, s2:0.0.0.0:43384], old=null RUNNING
  s2:  RUNNING CANDIDATE s2@group-31A0E89A70DD:t1, leader=null, voted=s2, raftlog=s2@group-31A0E89A70DD-SegmentedRaftLog:OPENED:c-1,f-1,i0, conf=-1: [s0:0.0.0.0:43926, s1:0.0.0.0:41045, s2:0.0.0.0:43384], old=null RUNNING, sleep 450ms and then retry.
java.lang.IllegalStateException: No leader yet : printing ALL groups
  s0:  RUNNING CANDIDATE s0@group-31A0E89A70DD:t1, leader=null, voted=s0, raftlog=s0@group-31A0E89A70DD-SegmentedRaftLog:OPENED:c-1,f-1,i0, conf=-1: [s0:0.0.0.0:43926, s1:0.0.0.0:41045, s2:0.0.0.0:43384], old=null RUNNING
  s1:  RUNNING CANDIDATE s1@group-31A0E89A70DD:t1, leader=null, voted=s1, raftlog=s1@group-31A0E89A70DD-SegmentedRaftLog:OPENED:c-1,f-1,i0, conf=-1: [s0:0.0.0.0:43926, s1:0.0.0.0:41045, s2:0.0.0.0:43384], old=null RUNNING
  s2:  RUNNING CANDIDATE s2@group-31A0E89A70DD:t1, leader=null, voted=s2, raftlog=s2@group-31A0E89A70DD-SegmentedRaftLog:OPENED:c-1,f-1,i0, conf=-1: [s0:0.0.0.0:43926, s1:0.0.0.0:41045, s2:0.0.0.0:43384], old=null RUNNING
	at org.apache.ratis.MiniRaftCluster.newIllegalStateExceptionForNoLeaders(MiniRaftCluster.java:506)
	at org.apache.ratis.RaftTestUtil.lambda$waitForLeader$1(RaftTestUtil.java:90)
	at org.apache.ratis.MiniRaftCluster.getLeader(MiniRaftCluster.java:539)
	at org.apache.ratis.MiniRaftCluster.getLeader(MiniRaftCluster.java:532)
	at org.apache.ratis.RaftTestUtil.lambda$waitForLeader$3(RaftTestUtil.java:98)
	at org.apache.ratis.util.JavaUtils.attempt(JavaUtils.java:152)
	at org.apache.ratis.RaftTestUtil.waitForLeader(RaftTestUtil.java:97)
	at org.apache.ratis.RaftTestUtil.waitForLeader(RaftTestUtil.java:77)
	at org.apache.ratis.RaftTestUtil.waitForLeader(RaftTestUtil.java:72)
	at org.apache.ratis.RetryCacheTests.runTestBasicRetry(RetryCacheTests.java:64)
	at org.apache.ratis.MiniRaftCluster$Factory$Get.runWithNewCluster(MiniRaftCluster.java:125)
	at org.apache.ratis.MiniRaftCluster$Factory$Get.runWithNewCluster(MiniRaftCluster.java:113)
	at org.apache.ratis.RetryCacheTests.testBasicRetry(RetryCacheTests.java:60)
	at sun.reflect.NativeMethodAccessorImpl.invoke0(Native Method)
	at sun.reflect.NativeMethodAccessorImpl.invoke(NativeMethodAccessorImpl.java:62)
	at sun.reflect.DelegatingMethodAccessorImpl.invoke(DelegatingMethodAccessorImpl.java:43)
	at java.lang.reflect.Method.invoke(Method.java:498)
	at org.junit.runners.model.FrameworkMethod$1.runReflectiveCall(FrameworkMethod.java:50)
	at org.junit.internal.runners.model.ReflectiveCallable.run(ReflectiveCallable.java:12)
	at org.junit.runners.model.FrameworkMethod.invokeExplosively(FrameworkMethod.java:47)
	at org.junit.internal.runners.statements.InvokeMethod.evaluate(InvokeMethod.java:17)
	at org.junit.internal.runners.statements.RunAfters.evaluate(RunAfters.java:27)
	at org.junit.internal.runners.statements.FailOnTimeout$CallableStatement.call(FailOnTimeout.java:298)
	at org.junit.internal.runners.statements.FailOnTimeout$CallableStatement.call(FailOnTimeout.java:292)
	at java.util.concurrent.FutureTask.run(FutureTask.java:266)
	at java.lang.Thread.run(Thread.java:748)
2019-09-24 16:35:56,306 WARN  ratis.RaftTestUtil (JavaUtils.java:attempt(158)) - FAILED "waitForLeader-null-(expectLeader? true)", attempt #11/100: java.lang.IllegalStateException: No leader yet : printing ALL groups
  s0:  RUNNING CANDIDATE s0@group-31A0E89A70DD:t1, leader=null, voted=s0, raftlog=s0@group-31A0E89A70DD-SegmentedRaftLog:OPENED:c-1,f-1,i0, conf=-1: [s0:0.0.0.0:43926, s1:0.0.0.0:41045, s2:0.0.0.0:43384], old=null RUNNING
  s1:  RUNNING CANDIDATE s1@group-31A0E89A70DD:t1, leader=null, voted=s1, raftlog=s1@group-31A0E89A70DD-SegmentedRaftLog:OPENED:c-1,f-1,i0, conf=-1: [s0:0.0.0.0:43926, s1:0.0.0.0:41045, s2:0.0.0.0:43384], old=null RUNNING
  s2:  RUNNING CANDIDATE s2@group-31A0E89A70DD:t1, leader=null, voted=s2, raftlog=s2@group-31A0E89A70DD-SegmentedRaftLog:OPENED:c-1,f-1,i0, conf=-1: [s0:0.0.0.0:43926, s1:0.0.0.0:41045, s2:0.0.0.0:43384], old=null RUNNING, sleep 450ms and then retry.
java.lang.IllegalStateException: No leader yet : printing ALL groups
  s0:  RUNNING CANDIDATE s0@group-31A0E89A70DD:t1, leader=null, voted=s0, raftlog=s0@group-31A0E89A70DD-SegmentedRaftLog:OPENED:c-1,f-1,i0, conf=-1: [s0:0.0.0.0:43926, s1:0.0.0.0:41045, s2:0.0.0.0:43384], old=null RUNNING
  s1:  RUNNING CANDIDATE s1@group-31A0E89A70DD:t1, leader=null, voted=s1, raftlog=s1@group-31A0E89A70DD-SegmentedRaftLog:OPENED:c-1,f-1,i0, conf=-1: [s0:0.0.0.0:43926, s1:0.0.0.0:41045, s2:0.0.0.0:43384], old=null RUNNING
  s2:  RUNNING CANDIDATE s2@group-31A0E89A70DD:t1, leader=null, voted=s2, raftlog=s2@group-31A0E89A70DD-SegmentedRaftLog:OPENED:c-1,f-1,i0, conf=-1: [s0:0.0.0.0:43926, s1:0.0.0.0:41045, s2:0.0.0.0:43384], old=null RUNNING
	at org.apache.ratis.MiniRaftCluster.newIllegalStateExceptionForNoLeaders(MiniRaftCluster.java:506)
	at org.apache.ratis.RaftTestUtil.lambda$waitForLeader$1(RaftTestUtil.java:90)
	at org.apache.ratis.MiniRaftCluster.getLeader(MiniRaftCluster.java:539)
	at org.apache.ratis.MiniRaftCluster.getLeader(MiniRaftCluster.java:532)
	at org.apache.ratis.RaftTestUtil.lambda$waitForLeader$3(RaftTestUtil.java:98)
	at org.apache.ratis.util.JavaUtils.attempt(JavaUtils.java:152)
	at org.apache.ratis.RaftTestUtil.waitForLeader(RaftTestUtil.java:97)
	at org.apache.ratis.RaftTestUtil.waitForLeader(RaftTestUtil.java:77)
	at org.apache.ratis.RaftTestUtil.waitForLeader(RaftTestUtil.java:72)
	at org.apache.ratis.RetryCacheTests.runTestBasicRetry(RetryCacheTests.java:64)
	at org.apache.ratis.MiniRaftCluster$Factory$Get.runWithNewCluster(MiniRaftCluster.java:125)
	at org.apache.ratis.MiniRaftCluster$Factory$Get.runWithNewCluster(MiniRaftCluster.java:113)
	at org.apache.ratis.RetryCacheTests.testBasicRetry(RetryCacheTests.java:60)
	at sun.reflect.NativeMethodAccessorImpl.invoke0(Native Method)
	at sun.reflect.NativeMethodAccessorImpl.invoke(NativeMethodAccessorImpl.java:62)
	at sun.reflect.DelegatingMethodAccessorImpl.invoke(DelegatingMethodAccessorImpl.java:43)
	at java.lang.reflect.Method.invoke(Method.java:498)
	at org.junit.runners.model.FrameworkMethod$1.runReflectiveCall(FrameworkMethod.java:50)
	at org.junit.internal.runners.model.ReflectiveCallable.run(ReflectiveCallable.java:12)
	at org.junit.runners.model.FrameworkMethod.invokeExplosively(FrameworkMethod.java:47)
	at org.junit.internal.runners.statements.InvokeMethod.evaluate(InvokeMethod.java:17)
	at org.junit.internal.runners.statements.RunAfters.evaluate(RunAfters.java:27)
	at org.junit.internal.runners.statements.FailOnTimeout$CallableStatement.call(FailOnTimeout.java:298)
	at org.junit.internal.runners.statements.FailOnTimeout$CallableStatement.call(FailOnTimeout.java:292)
	at java.util.concurrent.FutureTask.run(FutureTask.java:266)
	at java.lang.Thread.run(Thread.java:748)
2019-09-24 16:35:56,758 WARN  ratis.RaftTestUtil (JavaUtils.java:attempt(158)) - FAILED "waitForLeader-null-(expectLeader? true)", attempt #12/100: java.lang.IllegalStateException: No leader yet : printing ALL groups
  s0:  RUNNING CANDIDATE s0@group-31A0E89A70DD:t1, leader=null, voted=s0, raftlog=s0@group-31A0E89A70DD-SegmentedRaftLog:OPENED:c-1,f-1,i0, conf=-1: [s0:0.0.0.0:43926, s1:0.0.0.0:41045, s2:0.0.0.0:43384], old=null RUNNING
  s1:  RUNNING CANDIDATE s1@group-31A0E89A70DD:t1, leader=null, voted=s1, raftlog=s1@group-31A0E89A70DD-SegmentedRaftLog:OPENED:c-1,f-1,i0, conf=-1: [s0:0.0.0.0:43926, s1:0.0.0.0:41045, s2:0.0.0.0:43384], old=null RUNNING
  s2:  RUNNING CANDIDATE s2@group-31A0E89A70DD:t1, leader=null, voted=s2, raftlog=s2@group-31A0E89A70DD-SegmentedRaftLog:OPENED:c-1,f-1,i0, conf=-1: [s0:0.0.0.0:43926, s1:0.0.0.0:41045, s2:0.0.0.0:43384], old=null RUNNING, sleep 450ms and then retry.
java.lang.IllegalStateException: No leader yet : printing ALL groups
  s0:  RUNNING CANDIDATE s0@group-31A0E89A70DD:t1, leader=null, voted=s0, raftlog=s0@group-31A0E89A70DD-SegmentedRaftLog:OPENED:c-1,f-1,i0, conf=-1: [s0:0.0.0.0:43926, s1:0.0.0.0:41045, s2:0.0.0.0:43384], old=null RUNNING
  s1:  RUNNING CANDIDATE s1@group-31A0E89A70DD:t1, leader=null, voted=s1, raftlog=s1@group-31A0E89A70DD-SegmentedRaftLog:OPENED:c-1,f-1,i0, conf=-1: [s0:0.0.0.0:43926, s1:0.0.0.0:41045, s2:0.0.0.0:43384], old=null RUNNING
  s2:  RUNNING CANDIDATE s2@group-31A0E89A70DD:t1, leader=null, voted=s2, raftlog=s2@group-31A0E89A70DD-SegmentedRaftLog:OPENED:c-1,f-1,i0, conf=-1: [s0:0.0.0.0:43926, s1:0.0.0.0:41045, s2:0.0.0.0:43384], old=null RUNNING
	at org.apache.ratis.MiniRaftCluster.newIllegalStateExceptionForNoLeaders(MiniRaftCluster.java:506)
	at org.apache.ratis.RaftTestUtil.lambda$waitForLeader$1(RaftTestUtil.java:90)
	at org.apache.ratis.MiniRaftCluster.getLeader(MiniRaftCluster.java:539)
	at org.apache.ratis.MiniRaftCluster.getLeader(MiniRaftCluster.java:532)
	at org.apache.ratis.RaftTestUtil.lambda$waitForLeader$3(RaftTestUtil.java:98)
	at org.apache.ratis.util.JavaUtils.attempt(JavaUtils.java:152)
	at org.apache.ratis.RaftTestUtil.waitForLeader(RaftTestUtil.java:97)
	at org.apache.ratis.RaftTestUtil.waitForLeader(RaftTestUtil.java:77)
	at org.apache.ratis.RaftTestUtil.waitForLeader(RaftTestUtil.java:72)
	at org.apache.ratis.RetryCacheTests.runTestBasicRetry(RetryCacheTests.java:64)
	at org.apache.ratis.MiniRaftCluster$Factory$Get.runWithNewCluster(MiniRaftCluster.java:125)
	at org.apache.ratis.MiniRaftCluster$Factory$Get.runWithNewCluster(MiniRaftCluster.java:113)
	at org.apache.ratis.RetryCacheTests.testBasicRetry(RetryCacheTests.java:60)
	at sun.reflect.NativeMethodAccessorImpl.invoke0(Native Method)
	at sun.reflect.NativeMethodAccessorImpl.invoke(NativeMethodAccessorImpl.java:62)
	at sun.reflect.DelegatingMethodAccessorImpl.invoke(DelegatingMethodAccessorImpl.java:43)
	at java.lang.reflect.Method.invoke(Method.java:498)
	at org.junit.runners.model.FrameworkMethod$1.runReflectiveCall(FrameworkMethod.java:50)
	at org.junit.internal.runners.model.ReflectiveCallable.run(ReflectiveCallable.java:12)
	at org.junit.runners.model.FrameworkMethod.invokeExplosively(FrameworkMethod.java:47)
	at org.junit.internal.runners.statements.InvokeMethod.evaluate(InvokeMethod.java:17)
	at org.junit.internal.runners.statements.RunAfters.evaluate(RunAfters.java:27)
	at org.junit.internal.runners.statements.FailOnTimeout$CallableStatement.call(FailOnTimeout.java:298)
	at org.junit.internal.runners.statements.FailOnTimeout$CallableStatement.call(FailOnTimeout.java:292)
	at java.util.concurrent.FutureTask.run(FutureTask.java:266)
	at java.lang.Thread.run(Thread.java:748)
2019-09-24 16:35:57,211 WARN  ratis.RaftTestUtil (JavaUtils.java:attempt(158)) - FAILED "waitForLeader-null-(expectLeader? true)", attempt #13/100: java.lang.IllegalStateException: No leader yet : printing ALL groups
  s0:  RUNNING CANDIDATE s0@group-31A0E89A70DD:t1, leader=null, voted=s0, raftlog=s0@group-31A0E89A70DD-SegmentedRaftLog:OPENED:c-1,f-1,i0, conf=-1: [s0:0.0.0.0:43926, s1:0.0.0.0:41045, s2:0.0.0.0:43384], old=null RUNNING
  s1:  RUNNING CANDIDATE s1@group-31A0E89A70DD:t1, leader=null, voted=s1, raftlog=s1@group-31A0E89A70DD-SegmentedRaftLog:OPENED:c-1,f-1,i0, conf=-1: [s0:0.0.0.0:43926, s1:0.0.0.0:41045, s2:0.0.0.0:43384], old=null RUNNING
  s2:  RUNNING CANDIDATE s2@group-31A0E89A70DD:t1, leader=null, voted=s2, raftlog=s2@group-31A0E89A70DD-SegmentedRaftLog:OPENED:c-1,f-1,i0, conf=-1: [s0:0.0.0.0:43926, s1:0.0.0.0:41045, s2:0.0.0.0:43384], old=null RUNNING, sleep 450ms and then retry.
java.lang.IllegalStateException: No leader yet : printing ALL groups
  s0:  RUNNING CANDIDATE s0@group-31A0E89A70DD:t1, leader=null, voted=s0, raftlog=s0@group-31A0E89A70DD-SegmentedRaftLog:OPENED:c-1,f-1,i0, conf=-1: [s0:0.0.0.0:43926, s1:0.0.0.0:41045, s2:0.0.0.0:43384], old=null RUNNING
  s1:  RUNNING CANDIDATE s1@group-31A0E89A70DD:t1, leader=null, voted=s1, raftlog=s1@group-31A0E89A70DD-SegmentedRaftLog:OPENED:c-1,f-1,i0, conf=-1: [s0:0.0.0.0:43926, s1:0.0.0.0:41045, s2:0.0.0.0:43384], old=null RUNNING
  s2:  RUNNING CANDIDATE s2@group-31A0E89A70DD:t1, leader=null, voted=s2, raftlog=s2@group-31A0E89A70DD-SegmentedRaftLog:OPENED:c-1,f-1,i0, conf=-1: [s0:0.0.0.0:43926, s1:0.0.0.0:41045, s2:0.0.0.0:43384], old=null RUNNING
	at org.apache.ratis.MiniRaftCluster.newIllegalStateExceptionForNoLeaders(MiniRaftCluster.java:506)
	at org.apache.ratis.RaftTestUtil.lambda$waitForLeader$1(RaftTestUtil.java:90)
	at org.apache.ratis.MiniRaftCluster.getLeader(MiniRaftCluster.java:539)
	at org.apache.ratis.MiniRaftCluster.getLeader(MiniRaftCluster.java:532)
	at org.apache.ratis.RaftTestUtil.lambda$waitForLeader$3(RaftTestUtil.java:98)
	at org.apache.ratis.util.JavaUtils.attempt(JavaUtils.java:152)
	at org.apache.ratis.RaftTestUtil.waitForLeader(RaftTestUtil.java:97)
	at org.apache.ratis.RaftTestUtil.waitForLeader(RaftTestUtil.java:77)
	at org.apache.ratis.RaftTestUtil.waitForLeader(RaftTestUtil.java:72)
	at org.apache.ratis.RetryCacheTests.runTestBasicRetry(RetryCacheTests.java:64)
	at org.apache.ratis.MiniRaftCluster$Factory$Get.runWithNewCluster(MiniRaftCluster.java:125)
	at org.apache.ratis.MiniRaftCluster$Factory$Get.runWithNewCluster(MiniRaftCluster.java:113)
	at org.apache.ratis.RetryCacheTests.testBasicRetry(RetryCacheTests.java:60)
	at sun.reflect.NativeMethodAccessorImpl.invoke0(Native Method)
	at sun.reflect.NativeMethodAccessorImpl.invoke(NativeMethodAccessorImpl.java:62)
	at sun.reflect.DelegatingMethodAccessorImpl.invoke(DelegatingMethodAccessorImpl.java:43)
	at java.lang.reflect.Method.invoke(Method.java:498)
	at org.junit.runners.model.FrameworkMethod$1.runReflectiveCall(FrameworkMethod.java:50)
	at org.junit.internal.runners.model.ReflectiveCallable.run(ReflectiveCallable.java:12)
	at org.junit.runners.model.FrameworkMethod.invokeExplosively(FrameworkMethod.java:47)
	at org.junit.internal.runners.statements.InvokeMethod.evaluate(InvokeMethod.java:17)
	at org.junit.internal.runners.statements.RunAfters.evaluate(RunAfters.java:27)
	at org.junit.internal.runners.statements.FailOnTimeout$CallableStatement.call(FailOnTimeout.java:298)
	at org.junit.internal.runners.statements.FailOnTimeout$CallableStatement.call(FailOnTimeout.java:292)
	at java.util.concurrent.FutureTask.run(FutureTask.java:266)
	at java.lang.Thread.run(Thread.java:748)
2019-09-24 16:35:57,663 WARN  ratis.RaftTestUtil (JavaUtils.java:attempt(158)) - FAILED "waitForLeader-null-(expectLeader? true)", attempt #14/100: java.lang.IllegalStateException: No leader yet : printing ALL groups
  s0:  RUNNING CANDIDATE s0@group-31A0E89A70DD:t1, leader=null, voted=s0, raftlog=s0@group-31A0E89A70DD-SegmentedRaftLog:OPENED:c-1,f-1,i0, conf=-1: [s0:0.0.0.0:43926, s1:0.0.0.0:41045, s2:0.0.0.0:43384], old=null RUNNING
  s1:  RUNNING CANDIDATE s1@group-31A0E89A70DD:t1, leader=null, voted=s1, raftlog=s1@group-31A0E89A70DD-SegmentedRaftLog:OPENED:c-1,f-1,i0, conf=-1: [s0:0.0.0.0:43926, s1:0.0.0.0:41045, s2:0.0.0.0:43384], old=null RUNNING
  s2:  RUNNING CANDIDATE s2@group-31A0E89A70DD:t1, leader=null, voted=s2, raftlog=s2@group-31A0E89A70DD-SegmentedRaftLog:OPENED:c-1,f-1,i0, conf=-1: [s0:0.0.0.0:43926, s1:0.0.0.0:41045, s2:0.0.0.0:43384], old=null RUNNING, sleep 450ms and then retry.
java.lang.IllegalStateException: No leader yet : printing ALL groups
  s0:  RUNNING CANDIDATE s0@group-31A0E89A70DD:t1, leader=null, voted=s0, raftlog=s0@group-31A0E89A70DD-SegmentedRaftLog:OPENED:c-1,f-1,i0, conf=-1: [s0:0.0.0.0:43926, s1:0.0.0.0:41045, s2:0.0.0.0:43384], old=null RUNNING
  s1:  RUNNING CANDIDATE s1@group-31A0E89A70DD:t1, leader=null, voted=s1, raftlog=s1@group-31A0E89A70DD-SegmentedRaftLog:OPENED:c-1,f-1,i0, conf=-1: [s0:0.0.0.0:43926, s1:0.0.0.0:41045, s2:0.0.0.0:43384], old=null RUNNING
  s2:  RUNNING CANDIDATE s2@group-31A0E89A70DD:t1, leader=null, voted=s2, raftlog=s2@group-31A0E89A70DD-SegmentedRaftLog:OPENED:c-1,f-1,i0, conf=-1: [s0:0.0.0.0:43926, s1:0.0.0.0:41045, s2:0.0.0.0:43384], old=null RUNNING
	at org.apache.ratis.MiniRaftCluster.newIllegalStateExceptionForNoLeaders(MiniRaftCluster.java:506)
	at org.apache.ratis.RaftTestUtil.lambda$waitForLeader$1(RaftTestUtil.java:90)
	at org.apache.ratis.MiniRaftCluster.getLeader(MiniRaftCluster.java:539)
	at org.apache.ratis.MiniRaftCluster.getLeader(MiniRaftCluster.java:532)
	at org.apache.ratis.RaftTestUtil.lambda$waitForLeader$3(RaftTestUtil.java:98)
	at org.apache.ratis.util.JavaUtils.attempt(JavaUtils.java:152)
	at org.apache.ratis.RaftTestUtil.waitForLeader(RaftTestUtil.java:97)
	at org.apache.ratis.RaftTestUtil.waitForLeader(RaftTestUtil.java:77)
	at org.apache.ratis.RaftTestUtil.waitForLeader(RaftTestUtil.java:72)
	at org.apache.ratis.RetryCacheTests.runTestBasicRetry(RetryCacheTests.java:64)
	at org.apache.ratis.MiniRaftCluster$Factory$Get.runWithNewCluster(MiniRaftCluster.java:125)
	at org.apache.ratis.MiniRaftCluster$Factory$Get.runWithNewCluster(MiniRaftCluster.java:113)
	at org.apache.ratis.RetryCacheTests.testBasicRetry(RetryCacheTests.java:60)
	at sun.reflect.NativeMethodAccessorImpl.invoke0(Native Method)
	at sun.reflect.NativeMethodAccessorImpl.invoke(NativeMethodAccessorImpl.java:62)
	at sun.reflect.DelegatingMethodAccessorImpl.invoke(DelegatingMethodAccessorImpl.java:43)
	at java.lang.reflect.Method.invoke(Method.java:498)
	at org.junit.runners.model.FrameworkMethod$1.runReflectiveCall(FrameworkMethod.java:50)
	at org.junit.internal.runners.model.ReflectiveCallable.run(ReflectiveCallable.java:12)
	at org.junit.runners.model.FrameworkMethod.invokeExplosively(FrameworkMethod.java:47)
	at org.junit.internal.runners.statements.InvokeMethod.evaluate(InvokeMethod.java:17)
	at org.junit.internal.runners.statements.RunAfters.evaluate(RunAfters.java:27)
	at org.junit.internal.runners.statements.FailOnTimeout$CallableStatement.call(FailOnTimeout.java:298)
	at org.junit.internal.runners.statements.FailOnTimeout$CallableStatement.call(FailOnTimeout.java:292)
	at java.util.concurrent.FutureTask.run(FutureTask.java:266)
	at java.lang.Thread.run(Thread.java:748)
2019-09-24 16:35:58,116 WARN  ratis.RaftTestUtil (JavaUtils.java:attempt(158)) - FAILED "waitForLeader-null-(expectLeader? true)", attempt #15/100: java.lang.IllegalStateException: No leader yet : printing ALL groups
  s0:  RUNNING CANDIDATE s0@group-31A0E89A70DD:t1, leader=null, voted=s0, raftlog=s0@group-31A0E89A70DD-SegmentedRaftLog:OPENED:c-1,f-1,i0, conf=-1: [s0:0.0.0.0:43926, s1:0.0.0.0:41045, s2:0.0.0.0:43384], old=null RUNNING
  s1:  RUNNING CANDIDATE s1@group-31A0E89A70DD:t1, leader=null, voted=s1, raftlog=s1@group-31A0E89A70DD-SegmentedRaftLog:OPENED:c-1,f-1,i0, conf=-1: [s0:0.0.0.0:43926, s1:0.0.0.0:41045, s2:0.0.0.0:43384], old=null RUNNING
  s2:  RUNNING CANDIDATE s2@group-31A0E89A70DD:t1, leader=null, voted=s2, raftlog=s2@group-31A0E89A70DD-SegmentedRaftLog:OPENED:c-1,f-1,i0, conf=-1: [s0:0.0.0.0:43926, s1:0.0.0.0:41045, s2:0.0.0.0:43384], old=null RUNNING, sleep 450ms and then retry.
java.lang.IllegalStateException: No leader yet : printing ALL groups
  s0:  RUNNING CANDIDATE s0@group-31A0E89A70DD:t1, leader=null, voted=s0, raftlog=s0@group-31A0E89A70DD-SegmentedRaftLog:OPENED:c-1,f-1,i0, conf=-1: [s0:0.0.0.0:43926, s1:0.0.0.0:41045, s2:0.0.0.0:43384], old=null RUNNING
  s1:  RUNNING CANDIDATE s1@group-31A0E89A70DD:t1, leader=null, voted=s1, raftlog=s1@group-31A0E89A70DD-SegmentedRaftLog:OPENED:c-1,f-1,i0, conf=-1: [s0:0.0.0.0:43926, s1:0.0.0.0:41045, s2:0.0.0.0:43384], old=null RUNNING
  s2:  RUNNING CANDIDATE s2@group-31A0E89A70DD:t1, leader=null, voted=s2, raftlog=s2@group-31A0E89A70DD-SegmentedRaftLog:OPENED:c-1,f-1,i0, conf=-1: [s0:0.0.0.0:43926, s1:0.0.0.0:41045, s2:0.0.0.0:43384], old=null RUNNING
	at org.apache.ratis.MiniRaftCluster.newIllegalStateExceptionForNoLeaders(MiniRaftCluster.java:506)
	at org.apache.ratis.RaftTestUtil.lambda$waitForLeader$1(RaftTestUtil.java:90)
	at org.apache.ratis.MiniRaftCluster.getLeader(MiniRaftCluster.java:539)
	at org.apache.ratis.MiniRaftCluster.getLeader(MiniRaftCluster.java:532)
	at org.apache.ratis.RaftTestUtil.lambda$waitForLeader$3(RaftTestUtil.java:98)
	at org.apache.ratis.util.JavaUtils.attempt(JavaUtils.java:152)
	at org.apache.ratis.RaftTestUtil.waitForLeader(RaftTestUtil.java:97)
	at org.apache.ratis.RaftTestUtil.waitForLeader(RaftTestUtil.java:77)
	at org.apache.ratis.RaftTestUtil.waitForLeader(RaftTestUtil.java:72)
	at org.apache.ratis.RetryCacheTests.runTestBasicRetry(RetryCacheTests.java:64)
	at org.apache.ratis.MiniRaftCluster$Factory$Get.runWithNewCluster(MiniRaftCluster.java:125)
	at org.apache.ratis.MiniRaftCluster$Factory$Get.runWithNewCluster(MiniRaftCluster.java:113)
	at org.apache.ratis.RetryCacheTests.testBasicRetry(RetryCacheTests.java:60)
	at sun.reflect.NativeMethodAccessorImpl.invoke0(Native Method)
	at sun.reflect.NativeMethodAccessorImpl.invoke(NativeMethodAccessorImpl.java:62)
	at sun.reflect.DelegatingMethodAccessorImpl.invoke(DelegatingMethodAccessorImpl.java:43)
	at java.lang.reflect.Method.invoke(Method.java:498)
	at org.junit.runners.model.FrameworkMethod$1.runReflectiveCall(FrameworkMethod.java:50)
	at org.junit.internal.runners.model.ReflectiveCallable.run(ReflectiveCallable.java:12)
	at org.junit.runners.model.FrameworkMethod.invokeExplosively(FrameworkMethod.java:47)
	at org.junit.internal.runners.statements.InvokeMethod.evaluate(InvokeMethod.java:17)
	at org.junit.internal.runners.statements.RunAfters.evaluate(RunAfters.java:27)
	at org.junit.internal.runners.statements.FailOnTimeout$CallableStatement.call(FailOnTimeout.java:298)
	at org.junit.internal.runners.statements.FailOnTimeout$CallableStatement.call(FailOnTimeout.java:292)
	at java.util.concurrent.FutureTask.run(FutureTask.java:266)
	at java.lang.Thread.run(Thread.java:748)
2019-09-24 16:35:58,568 WARN  ratis.RaftTestUtil (JavaUtils.java:attempt(158)) - FAILED "waitForLeader-null-(expectLeader? true)", attempt #16/100: java.lang.IllegalStateException: No leader yet : printing ALL groups
  s0:  RUNNING CANDIDATE s0@group-31A0E89A70DD:t1, leader=null, voted=s0, raftlog=s0@group-31A0E89A70DD-SegmentedRaftLog:OPENED:c-1,f-1,i0, conf=-1: [s0:0.0.0.0:43926, s1:0.0.0.0:41045, s2:0.0.0.0:43384], old=null RUNNING
  s1:  RUNNING CANDIDATE s1@group-31A0E89A70DD:t1, leader=null, voted=s1, raftlog=s1@group-31A0E89A70DD-SegmentedRaftLog:OPENED:c-1,f-1,i0, conf=-1: [s0:0.0.0.0:43926, s1:0.0.0.0:41045, s2:0.0.0.0:43384], old=null RUNNING
  s2:  RUNNING CANDIDATE s2@group-31A0E89A70DD:t1, leader=null, voted=s2, raftlog=s2@group-31A0E89A70DD-SegmentedRaftLog:OPENED:c-1,f-1,i0, conf=-1: [s0:0.0.0.0:43926, s1:0.0.0.0:41045, s2:0.0.0.0:43384], old=null RUNNING, sleep 450ms and then retry.
java.lang.IllegalStateException: No leader yet : printing ALL groups
  s0:  RUNNING CANDIDATE s0@group-31A0E89A70DD:t1, leader=null, voted=s0, raftlog=s0@group-31A0E89A70DD-SegmentedRaftLog:OPENED:c-1,f-1,i0, conf=-1: [s0:0.0.0.0:43926, s1:0.0.0.0:41045, s2:0.0.0.0:43384], old=null RUNNING
  s1:  RUNNING CANDIDATE s1@group-31A0E89A70DD:t1, leader=null, voted=s1, raftlog=s1@group-31A0E89A70DD-SegmentedRaftLog:OPENED:c-1,f-1,i0, conf=-1: [s0:0.0.0.0:43926, s1:0.0.0.0:41045, s2:0.0.0.0:43384], old=null RUNNING
  s2:  RUNNING CANDIDATE s2@group-31A0E89A70DD:t1, leader=null, voted=s2, raftlog=s2@group-31A0E89A70DD-SegmentedRaftLog:OPENED:c-1,f-1,i0, conf=-1: [s0:0.0.0.0:43926, s1:0.0.0.0:41045, s2:0.0.0.0:43384], old=null RUNNING
	at org.apache.ratis.MiniRaftCluster.newIllegalStateExceptionForNoLeaders(MiniRaftCluster.java:506)
	at org.apache.ratis.RaftTestUtil.lambda$waitForLeader$1(RaftTestUtil.java:90)
	at org.apache.ratis.MiniRaftCluster.getLeader(MiniRaftCluster.java:539)
	at org.apache.ratis.MiniRaftCluster.getLeader(MiniRaftCluster.java:532)
	at org.apache.ratis.RaftTestUtil.lambda$waitForLeader$3(RaftTestUtil.java:98)
	at org.apache.ratis.util.JavaUtils.attempt(JavaUtils.java:152)
	at org.apache.ratis.RaftTestUtil.waitForLeader(RaftTestUtil.java:97)
	at org.apache.ratis.RaftTestUtil.waitForLeader(RaftTestUtil.java:77)
	at org.apache.ratis.RaftTestUtil.waitForLeader(RaftTestUtil.java:72)
	at org.apache.ratis.RetryCacheTests.runTestBasicRetry(RetryCacheTests.java:64)
	at org.apache.ratis.MiniRaftCluster$Factory$Get.runWithNewCluster(MiniRaftCluster.java:125)
	at org.apache.ratis.MiniRaftCluster$Factory$Get.runWithNewCluster(MiniRaftCluster.java:113)
	at org.apache.ratis.RetryCacheTests.testBasicRetry(RetryCacheTests.java:60)
	at sun.reflect.NativeMethodAccessorImpl.invoke0(Native Method)
	at sun.reflect.NativeMethodAccessorImpl.invoke(NativeMethodAccessorImpl.java:62)
	at sun.reflect.DelegatingMethodAccessorImpl.invoke(DelegatingMethodAccessorImpl.java:43)
	at java.lang.reflect.Method.invoke(Method.java:498)
	at org.junit.runners.model.FrameworkMethod$1.runReflectiveCall(FrameworkMethod.java:50)
	at org.junit.internal.runners.model.ReflectiveCallable.run(ReflectiveCallable.java:12)
	at org.junit.runners.model.FrameworkMethod.invokeExplosively(FrameworkMethod.java:47)
	at org.junit.internal.runners.statements.InvokeMethod.evaluate(InvokeMethod.java:17)
	at org.junit.internal.runners.statements.RunAfters.evaluate(RunAfters.java:27)
	at org.junit.internal.runners.statements.FailOnTimeout$CallableStatement.call(FailOnTimeout.java:298)
	at org.junit.internal.runners.statements.FailOnTimeout$CallableStatement.call(FailOnTimeout.java:292)
	at java.util.concurrent.FutureTask.run(FutureTask.java:266)
	at java.lang.Thread.run(Thread.java:748)
2019-09-24 16:35:59,020 WARN  ratis.RaftTestUtil (JavaUtils.java:attempt(158)) - FAILED "waitForLeader-null-(expectLeader? true)", attempt #17/100: java.lang.IllegalStateException: No leader yet : printing ALL groups
  s0:  RUNNING CANDIDATE s0@group-31A0E89A70DD:t1, leader=null, voted=s0, raftlog=s0@group-31A0E89A70DD-SegmentedRaftLog:OPENED:c-1,f-1,i0, conf=-1: [s0:0.0.0.0:43926, s1:0.0.0.0:41045, s2:0.0.0.0:43384], old=null RUNNING
  s1:  RUNNING CANDIDATE s1@group-31A0E89A70DD:t1, leader=null, voted=s1, raftlog=s1@group-31A0E89A70DD-SegmentedRaftLog:OPENED:c-1,f-1,i0, conf=-1: [s0:0.0.0.0:43926, s1:0.0.0.0:41045, s2:0.0.0.0:43384], old=null RUNNING
  s2:  RUNNING CANDIDATE s2@group-31A0E89A70DD:t1, leader=null, voted=s2, raftlog=s2@group-31A0E89A70DD-SegmentedRaftLog:OPENED:c-1,f-1,i0, conf=-1: [s0:0.0.0.0:43926, s1:0.0.0.0:41045, s2:0.0.0.0:43384], old=null RUNNING, sleep 450ms and then retry.
java.lang.IllegalStateException: No leader yet : printing ALL groups
  s0:  RUNNING CANDIDATE s0@group-31A0E89A70DD:t1, leader=null, voted=s0, raftlog=s0@group-31A0E89A70DD-SegmentedRaftLog:OPENED:c-1,f-1,i0, conf=-1: [s0:0.0.0.0:43926, s1:0.0.0.0:41045, s2:0.0.0.0:43384], old=null RUNNING
  s1:  RUNNING CANDIDATE s1@group-31A0E89A70DD:t1, leader=null, voted=s1, raftlog=s1@group-31A0E89A70DD-SegmentedRaftLog:OPENED:c-1,f-1,i0, conf=-1: [s0:0.0.0.0:43926, s1:0.0.0.0:41045, s2:0.0.0.0:43384], old=null RUNNING
  s2:  RUNNING CANDIDATE s2@group-31A0E89A70DD:t1, leader=null, voted=s2, raftlog=s2@group-31A0E89A70DD-SegmentedRaftLog:OPENED:c-1,f-1,i0, conf=-1: [s0:0.0.0.0:43926, s1:0.0.0.0:41045, s2:0.0.0.0:43384], old=null RUNNING
	at org.apache.ratis.MiniRaftCluster.newIllegalStateExceptionForNoLeaders(MiniRaftCluster.java:506)
	at org.apache.ratis.RaftTestUtil.lambda$waitForLeader$1(RaftTestUtil.java:90)
	at org.apache.ratis.MiniRaftCluster.getLeader(MiniRaftCluster.java:539)
	at org.apache.ratis.MiniRaftCluster.getLeader(MiniRaftCluster.java:532)
	at org.apache.ratis.RaftTestUtil.lambda$waitForLeader$3(RaftTestUtil.java:98)
	at org.apache.ratis.util.JavaUtils.attempt(JavaUtils.java:152)
	at org.apache.ratis.RaftTestUtil.waitForLeader(RaftTestUtil.java:97)
	at org.apache.ratis.RaftTestUtil.waitForLeader(RaftTestUtil.java:77)
	at org.apache.ratis.RaftTestUtil.waitForLeader(RaftTestUtil.java:72)
	at org.apache.ratis.RetryCacheTests.runTestBasicRetry(RetryCacheTests.java:64)
	at org.apache.ratis.MiniRaftCluster$Factory$Get.runWithNewCluster(MiniRaftCluster.java:125)
	at org.apache.ratis.MiniRaftCluster$Factory$Get.runWithNewCluster(MiniRaftCluster.java:113)
	at org.apache.ratis.RetryCacheTests.testBasicRetry(RetryCacheTests.java:60)
	at sun.reflect.NativeMethodAccessorImpl.invoke0(Native Method)
	at sun.reflect.NativeMethodAccessorImpl.invoke(NativeMethodAccessorImpl.java:62)
	at sun.reflect.DelegatingMethodAccessorImpl.invoke(DelegatingMethodAccessorImpl.java:43)
	at java.lang.reflect.Method.invoke(Method.java:498)
	at org.junit.runners.model.FrameworkMethod$1.runReflectiveCall(FrameworkMethod.java:50)
	at org.junit.internal.runners.model.ReflectiveCallable.run(ReflectiveCallable.java:12)
	at org.junit.runners.model.FrameworkMethod.invokeExplosively(FrameworkMethod.java:47)
	at org.junit.internal.runners.statements.InvokeMethod.evaluate(InvokeMethod.java:17)
	at org.junit.internal.runners.statements.RunAfters.evaluate(RunAfters.java:27)
	at org.junit.internal.runners.statements.FailOnTimeout$CallableStatement.call(FailOnTimeout.java:298)
	at org.junit.internal.runners.statements.FailOnTimeout$CallableStatement.call(FailOnTimeout.java:292)
	at java.util.concurrent.FutureTask.run(FutureTask.java:266)
	at java.lang.Thread.run(Thread.java:748)
2019-09-24 16:35:59,473 WARN  ratis.RaftTestUtil (JavaUtils.java:attempt(158)) - FAILED "waitForLeader-null-(expectLeader? true)", attempt #18/100: java.lang.IllegalStateException: No leader yet : printing ALL groups
  s0:  RUNNING CANDIDATE s0@group-31A0E89A70DD:t1, leader=null, voted=s0, raftlog=s0@group-31A0E89A70DD-SegmentedRaftLog:OPENED:c-1,f-1,i0, conf=-1: [s0:0.0.0.0:43926, s1:0.0.0.0:41045, s2:0.0.0.0:43384], old=null RUNNING
  s1:  RUNNING CANDIDATE s1@group-31A0E89A70DD:t1, leader=null, voted=s1, raftlog=s1@group-31A0E89A70DD-SegmentedRaftLog:OPENED:c-1,f-1,i0, conf=-1: [s0:0.0.0.0:43926, s1:0.0.0.0:41045, s2:0.0.0.0:43384], old=null RUNNING
  s2:  RUNNING CANDIDATE s2@group-31A0E89A70DD:t1, leader=null, voted=s2, raftlog=s2@group-31A0E89A70DD-SegmentedRaftLog:OPENED:c-1,f-1,i0, conf=-1: [s0:0.0.0.0:43926, s1:0.0.0.0:41045, s2:0.0.0.0:43384], old=null RUNNING, sleep 450ms and then retry.
java.lang.IllegalStateException: No leader yet : printing ALL groups
  s0:  RUNNING CANDIDATE s0@group-31A0E89A70DD:t1, leader=null, voted=s0, raftlog=s0@group-31A0E89A70DD-SegmentedRaftLog:OPENED:c-1,f-1,i0, conf=-1: [s0:0.0.0.0:43926, s1:0.0.0.0:41045, s2:0.0.0.0:43384], old=null RUNNING
  s1:  RUNNING CANDIDATE s1@group-31A0E89A70DD:t1, leader=null, voted=s1, raftlog=s1@group-31A0E89A70DD-SegmentedRaftLog:OPENED:c-1,f-1,i0, conf=-1: [s0:0.0.0.0:43926, s1:0.0.0.0:41045, s2:0.0.0.0:43384], old=null RUNNING
  s2:  RUNNING CANDIDATE s2@group-31A0E89A70DD:t1, leader=null, voted=s2, raftlog=s2@group-31A0E89A70DD-SegmentedRaftLog:OPENED:c-1,f-1,i0, conf=-1: [s0:0.0.0.0:43926, s1:0.0.0.0:41045, s2:0.0.0.0:43384], old=null RUNNING
	at org.apache.ratis.MiniRaftCluster.newIllegalStateExceptionForNoLeaders(MiniRaftCluster.java:506)
	at org.apache.ratis.RaftTestUtil.lambda$waitForLeader$1(RaftTestUtil.java:90)
	at org.apache.ratis.MiniRaftCluster.getLeader(MiniRaftCluster.java:539)
	at org.apache.ratis.MiniRaftCluster.getLeader(MiniRaftCluster.java:532)
	at org.apache.ratis.RaftTestUtil.lambda$waitForLeader$3(RaftTestUtil.java:98)
	at org.apache.ratis.util.JavaUtils.attempt(JavaUtils.java:152)
	at org.apache.ratis.RaftTestUtil.waitForLeader(RaftTestUtil.java:97)
	at org.apache.ratis.RaftTestUtil.waitForLeader(RaftTestUtil.java:77)
	at org.apache.ratis.RaftTestUtil.waitForLeader(RaftTestUtil.java:72)
	at org.apache.ratis.RetryCacheTests.runTestBasicRetry(RetryCacheTests.java:64)
	at org.apache.ratis.MiniRaftCluster$Factory$Get.runWithNewCluster(MiniRaftCluster.java:125)
	at org.apache.ratis.MiniRaftCluster$Factory$Get.runWithNewCluster(MiniRaftCluster.java:113)
	at org.apache.ratis.RetryCacheTests.testBasicRetry(RetryCacheTests.java:60)
	at sun.reflect.NativeMethodAccessorImpl.invoke0(Native Method)
	at sun.reflect.NativeMethodAccessorImpl.invoke(NativeMethodAccessorImpl.java:62)
	at sun.reflect.DelegatingMethodAccessorImpl.invoke(DelegatingMethodAccessorImpl.java:43)
	at java.lang.reflect.Method.invoke(Method.java:498)
	at org.junit.runners.model.FrameworkMethod$1.runReflectiveCall(FrameworkMethod.java:50)
	at org.junit.internal.runners.model.ReflectiveCallable.run(ReflectiveCallable.java:12)
	at org.junit.runners.model.FrameworkMethod.invokeExplosively(FrameworkMethod.java:47)
	at org.junit.internal.runners.statements.InvokeMethod.evaluate(InvokeMethod.java:17)
	at org.junit.internal.runners.statements.RunAfters.evaluate(RunAfters.java:27)
	at org.junit.internal.runners.statements.FailOnTimeout$CallableStatement.call(FailOnTimeout.java:298)
	at org.junit.internal.runners.statements.FailOnTimeout$CallableStatement.call(FailOnTimeout.java:292)
	at java.util.concurrent.FutureTask.run(FutureTask.java:266)
	at java.lang.Thread.run(Thread.java:748)
2019-09-24 16:35:59,925 WARN  ratis.RaftTestUtil (JavaUtils.java:attempt(158)) - FAILED "waitForLeader-null-(expectLeader? true)", attempt #19/100: java.lang.IllegalStateException: No leader yet : printing ALL groups
  s0:  RUNNING CANDIDATE s0@group-31A0E89A70DD:t1, leader=null, voted=s0, raftlog=s0@group-31A0E89A70DD-SegmentedRaftLog:OPENED:c-1,f-1,i0, conf=-1: [s0:0.0.0.0:43926, s1:0.0.0.0:41045, s2:0.0.0.0:43384], old=null RUNNING
  s1:  RUNNING CANDIDATE s1@group-31A0E89A70DD:t1, leader=null, voted=s1, raftlog=s1@group-31A0E89A70DD-SegmentedRaftLog:OPENED:c-1,f-1,i0, conf=-1: [s0:0.0.0.0:43926, s1:0.0.0.0:41045, s2:0.0.0.0:43384], old=null RUNNING
  s2:  RUNNING CANDIDATE s2@group-31A0E89A70DD:t1, leader=null, voted=s2, raftlog=s2@group-31A0E89A70DD-SegmentedRaftLog:OPENED:c-1,f-1,i0, conf=-1: [s0:0.0.0.0:43926, s1:0.0.0.0:41045, s2:0.0.0.0:43384], old=null RUNNING, sleep 450ms and then retry.
java.lang.IllegalStateException: No leader yet : printing ALL groups
  s0:  RUNNING CANDIDATE s0@group-31A0E89A70DD:t1, leader=null, voted=s0, raftlog=s0@group-31A0E89A70DD-SegmentedRaftLog:OPENED:c-1,f-1,i0, conf=-1: [s0:0.0.0.0:43926, s1:0.0.0.0:41045, s2:0.0.0.0:43384], old=null RUNNING
  s1:  RUNNING CANDIDATE s1@group-31A0E89A70DD:t1, leader=null, voted=s1, raftlog=s1@group-31A0E89A70DD-SegmentedRaftLog:OPENED:c-1,f-1,i0, conf=-1: [s0:0.0.0.0:43926, s1:0.0.0.0:41045, s2:0.0.0.0:43384], old=null RUNNING
  s2:  RUNNING CANDIDATE s2@group-31A0E89A70DD:t1, leader=null, voted=s2, raftlog=s2@group-31A0E89A70DD-SegmentedRaftLog:OPENED:c-1,f-1,i0, conf=-1: [s0:0.0.0.0:43926, s1:0.0.0.0:41045, s2:0.0.0.0:43384], old=null RUNNING
	at org.apache.ratis.MiniRaftCluster.newIllegalStateExceptionForNoLeaders(MiniRaftCluster.java:506)
	at org.apache.ratis.RaftTestUtil.lambda$waitForLeader$1(RaftTestUtil.java:90)
	at org.apache.ratis.MiniRaftCluster.getLeader(MiniRaftCluster.java:539)
	at org.apache.ratis.MiniRaftCluster.getLeader(MiniRaftCluster.java:532)
	at org.apache.ratis.RaftTestUtil.lambda$waitForLeader$3(RaftTestUtil.java:98)
	at org.apache.ratis.util.JavaUtils.attempt(JavaUtils.java:152)
	at org.apache.ratis.RaftTestUtil.waitForLeader(RaftTestUtil.java:97)
	at org.apache.ratis.RaftTestUtil.waitForLeader(RaftTestUtil.java:77)
	at org.apache.ratis.RaftTestUtil.waitForLeader(RaftTestUtil.java:72)
	at org.apache.ratis.RetryCacheTests.runTestBasicRetry(RetryCacheTests.java:64)
	at org.apache.ratis.MiniRaftCluster$Factory$Get.runWithNewCluster(MiniRaftCluster.java:125)
	at org.apache.ratis.MiniRaftCluster$Factory$Get.runWithNewCluster(MiniRaftCluster.java:113)
	at org.apache.ratis.RetryCacheTests.testBasicRetry(RetryCacheTests.java:60)
	at sun.reflect.NativeMethodAccessorImpl.invoke0(Native Method)
	at sun.reflect.NativeMethodAccessorImpl.invoke(NativeMethodAccessorImpl.java:62)
	at sun.reflect.DelegatingMethodAccessorImpl.invoke(DelegatingMethodAccessorImpl.java:43)
	at java.lang.reflect.Method.invoke(Method.java:498)
	at org.junit.runners.model.FrameworkMethod$1.runReflectiveCall(FrameworkMethod.java:50)
	at org.junit.internal.runners.model.ReflectiveCallable.run(ReflectiveCallable.java:12)
	at org.junit.runners.model.FrameworkMethod.invokeExplosively(FrameworkMethod.java:47)
	at org.junit.internal.runners.statements.InvokeMethod.evaluate(InvokeMethod.java:17)
	at org.junit.internal.runners.statements.RunAfters.evaluate(RunAfters.java:27)
	at org.junit.internal.runners.statements.FailOnTimeout$CallableStatement.call(FailOnTimeout.java:298)
	at org.junit.internal.runners.statements.FailOnTimeout$CallableStatement.call(FailOnTimeout.java:292)
	at java.util.concurrent.FutureTask.run(FutureTask.java:266)
	at java.lang.Thread.run(Thread.java:748)
2019-09-24 16:36:00,377 WARN  ratis.RaftTestUtil (JavaUtils.java:attempt(158)) - FAILED "waitForLeader-null-(expectLeader? true)", attempt #20/100: java.lang.IllegalStateException: No leader yet : printing ALL groups
  s0:  RUNNING CANDIDATE s0@group-31A0E89A70DD:t1, leader=null, voted=s0, raftlog=s0@group-31A0E89A70DD-SegmentedRaftLog:OPENED:c-1,f-1,i0, conf=-1: [s0:0.0.0.0:43926, s1:0.0.0.0:41045, s2:0.0.0.0:43384], old=null RUNNING
  s1:  RUNNING CANDIDATE s1@group-31A0E89A70DD:t1, leader=null, voted=s1, raftlog=s1@group-31A0E89A70DD-SegmentedRaftLog:OPENED:c-1,f-1,i0, conf=-1: [s0:0.0.0.0:43926, s1:0.0.0.0:41045, s2:0.0.0.0:43384], old=null RUNNING
  s2:  RUNNING CANDIDATE s2@group-31A0E89A70DD:t1, leader=null, voted=s2, raftlog=s2@group-31A0E89A70DD-SegmentedRaftLog:OPENED:c-1,f-1,i0, conf=-1: [s0:0.0.0.0:43926, s1:0.0.0.0:41045, s2:0.0.0.0:43384], old=null RUNNING, sleep 450ms and then retry.
java.lang.IllegalStateException: No leader yet : printing ALL groups
  s0:  RUNNING CANDIDATE s0@group-31A0E89A70DD:t1, leader=null, voted=s0, raftlog=s0@group-31A0E89A70DD-SegmentedRaftLog:OPENED:c-1,f-1,i0, conf=-1: [s0:0.0.0.0:43926, s1:0.0.0.0:41045, s2:0.0.0.0:43384], old=null RUNNING
  s1:  RUNNING CANDIDATE s1@group-31A0E89A70DD:t1, leader=null, voted=s1, raftlog=s1@group-31A0E89A70DD-SegmentedRaftLog:OPENED:c-1,f-1,i0, conf=-1: [s0:0.0.0.0:43926, s1:0.0.0.0:41045, s2:0.0.0.0:43384], old=null RUNNING
  s2:  RUNNING CANDIDATE s2@group-31A0E89A70DD:t1, leader=null, voted=s2, raftlog=s2@group-31A0E89A70DD-SegmentedRaftLog:OPENED:c-1,f-1,i0, conf=-1: [s0:0.0.0.0:43926, s1:0.0.0.0:41045, s2:0.0.0.0:43384], old=null RUNNING
	at org.apache.ratis.MiniRaftCluster.newIllegalStateExceptionForNoLeaders(MiniRaftCluster.java:506)
	at org.apache.ratis.RaftTestUtil.lambda$waitForLeader$1(RaftTestUtil.java:90)
	at org.apache.ratis.MiniRaftCluster.getLeader(MiniRaftCluster.java:539)
	at org.apache.ratis.MiniRaftCluster.getLeader(MiniRaftCluster.java:532)
	at org.apache.ratis.RaftTestUtil.lambda$waitForLeader$3(RaftTestUtil.java:98)
	at org.apache.ratis.util.JavaUtils.attempt(JavaUtils.java:152)
	at org.apache.ratis.RaftTestUtil.waitForLeader(RaftTestUtil.java:97)
	at org.apache.ratis.RaftTestUtil.waitForLeader(RaftTestUtil.java:77)
	at org.apache.ratis.RaftTestUtil.waitForLeader(RaftTestUtil.java:72)
	at org.apache.ratis.RetryCacheTests.runTestBasicRetry(RetryCacheTests.java:64)
	at org.apache.ratis.MiniRaftCluster$Factory$Get.runWithNewCluster(MiniRaftCluster.java:125)
	at org.apache.ratis.MiniRaftCluster$Factory$Get.runWithNewCluster(MiniRaftCluster.java:113)
	at org.apache.ratis.RetryCacheTests.testBasicRetry(RetryCacheTests.java:60)
	at sun.reflect.NativeMethodAccessorImpl.invoke0(Native Method)
	at sun.reflect.NativeMethodAccessorImpl.invoke(NativeMethodAccessorImpl.java:62)
	at sun.reflect.DelegatingMethodAccessorImpl.invoke(DelegatingMethodAccessorImpl.java:43)
	at java.lang.reflect.Method.invoke(Method.java:498)
	at org.junit.runners.model.FrameworkMethod$1.runReflectiveCall(FrameworkMethod.java:50)
	at org.junit.internal.runners.model.ReflectiveCallable.run(ReflectiveCallable.java:12)
	at org.junit.runners.model.FrameworkMethod.invokeExplosively(FrameworkMethod.java:47)
	at org.junit.internal.runners.statements.InvokeMethod.evaluate(InvokeMethod.java:17)
	at org.junit.internal.runners.statements.RunAfters.evaluate(RunAfters.java:27)
	at org.junit.internal.runners.statements.FailOnTimeout$CallableStatement.call(FailOnTimeout.java:298)
	at org.junit.internal.runners.statements.FailOnTimeout$CallableStatement.call(FailOnTimeout.java:292)
	at java.util.concurrent.FutureTask.run(FutureTask.java:266)
	at java.lang.Thread.run(Thread.java:748)
2019-09-24 16:36:00,830 WARN  ratis.RaftTestUtil (JavaUtils.java:attempt(158)) - FAILED "waitForLeader-null-(expectLeader? true)", attempt #21/100: java.lang.IllegalStateException: No leader yet : printing ALL groups
  s0:  RUNNING CANDIDATE s0@group-31A0E89A70DD:t1, leader=null, voted=s0, raftlog=s0@group-31A0E89A70DD-SegmentedRaftLog:OPENED:c-1,f-1,i0, conf=-1: [s0:0.0.0.0:43926, s1:0.0.0.0:41045, s2:0.0.0.0:43384], old=null RUNNING
  s1:  RUNNING CANDIDATE s1@group-31A0E89A70DD:t1, leader=null, voted=s1, raftlog=s1@group-31A0E89A70DD-SegmentedRaftLog:OPENED:c-1,f-1,i0, conf=-1: [s0:0.0.0.0:43926, s1:0.0.0.0:41045, s2:0.0.0.0:43384], old=null RUNNING
  s2:  RUNNING CANDIDATE s2@group-31A0E89A70DD:t1, leader=null, voted=s2, raftlog=s2@group-31A0E89A70DD-SegmentedRaftLog:OPENED:c-1,f-1,i0, conf=-1: [s0:0.0.0.0:43926, s1:0.0.0.0:41045, s2:0.0.0.0:43384], old=null RUNNING, sleep 450ms and then retry.
java.lang.IllegalStateException: No leader yet : printing ALL groups
  s0:  RUNNING CANDIDATE s0@group-31A0E89A70DD:t1, leader=null, voted=s0, raftlog=s0@group-31A0E89A70DD-SegmentedRaftLog:OPENED:c-1,f-1,i0, conf=-1: [s0:0.0.0.0:43926, s1:0.0.0.0:41045, s2:0.0.0.0:43384], old=null RUNNING
  s1:  RUNNING CANDIDATE s1@group-31A0E89A70DD:t1, leader=null, voted=s1, raftlog=s1@group-31A0E89A70DD-SegmentedRaftLog:OPENED:c-1,f-1,i0, conf=-1: [s0:0.0.0.0:43926, s1:0.0.0.0:41045, s2:0.0.0.0:43384], old=null RUNNING
  s2:  RUNNING CANDIDATE s2@group-31A0E89A70DD:t1, leader=null, voted=s2, raftlog=s2@group-31A0E89A70DD-SegmentedRaftLog:OPENED:c-1,f-1,i0, conf=-1: [s0:0.0.0.0:43926, s1:0.0.0.0:41045, s2:0.0.0.0:43384], old=null RUNNING
	at org.apache.ratis.MiniRaftCluster.newIllegalStateExceptionForNoLeaders(MiniRaftCluster.java:506)
	at org.apache.ratis.RaftTestUtil.lambda$waitForLeader$1(RaftTestUtil.java:90)
	at org.apache.ratis.MiniRaftCluster.getLeader(MiniRaftCluster.java:539)
	at org.apache.ratis.MiniRaftCluster.getLeader(MiniRaftCluster.java:532)
	at org.apache.ratis.RaftTestUtil.lambda$waitForLeader$3(RaftTestUtil.java:98)
	at org.apache.ratis.util.JavaUtils.attempt(JavaUtils.java:152)
	at org.apache.ratis.RaftTestUtil.waitForLeader(RaftTestUtil.java:97)
	at org.apache.ratis.RaftTestUtil.waitForLeader(RaftTestUtil.java:77)
	at org.apache.ratis.RaftTestUtil.waitForLeader(RaftTestUtil.java:72)
	at org.apache.ratis.RetryCacheTests.runTestBasicRetry(RetryCacheTests.java:64)
	at org.apache.ratis.MiniRaftCluster$Factory$Get.runWithNewCluster(MiniRaftCluster.java:125)
	at org.apache.ratis.MiniRaftCluster$Factory$Get.runWithNewCluster(MiniRaftCluster.java:113)
	at org.apache.ratis.RetryCacheTests.testBasicRetry(RetryCacheTests.java:60)
	at sun.reflect.NativeMethodAccessorImpl.invoke0(Native Method)
	at sun.reflect.NativeMethodAccessorImpl.invoke(NativeMethodAccessorImpl.java:62)
	at sun.reflect.DelegatingMethodAccessorImpl.invoke(DelegatingMethodAccessorImpl.java:43)
	at java.lang.reflect.Method.invoke(Method.java:498)
	at org.junit.runners.model.FrameworkMethod$1.runReflectiveCall(FrameworkMethod.java:50)
	at org.junit.internal.runners.model.ReflectiveCallable.run(ReflectiveCallable.java:12)
	at org.junit.runners.model.FrameworkMethod.invokeExplosively(FrameworkMethod.java:47)
	at org.junit.internal.runners.statements.InvokeMethod.evaluate(InvokeMethod.java:17)
	at org.junit.internal.runners.statements.RunAfters.evaluate(RunAfters.java:27)
	at org.junit.internal.runners.statements.FailOnTimeout$CallableStatement.call(FailOnTimeout.java:298)
	at org.junit.internal.runners.statements.FailOnTimeout$CallableStatement.call(FailOnTimeout.java:292)
	at java.util.concurrent.FutureTask.run(FutureTask.java:266)
	at java.lang.Thread.run(Thread.java:748)
2019-09-24 16:36:01,283 WARN  ratis.RaftTestUtil (JavaUtils.java:attempt(158)) - FAILED "waitForLeader-null-(expectLeader? true)", attempt #22/100: java.lang.IllegalStateException: No leader yet : printing ALL groups
  s0:  RUNNING CANDIDATE s0@group-31A0E89A70DD:t1, leader=null, voted=s0, raftlog=s0@group-31A0E89A70DD-SegmentedRaftLog:OPENED:c-1,f-1,i0, conf=-1: [s0:0.0.0.0:43926, s1:0.0.0.0:41045, s2:0.0.0.0:43384], old=null RUNNING
  s1:  RUNNING CANDIDATE s1@group-31A0E89A70DD:t1, leader=null, voted=s1, raftlog=s1@group-31A0E89A70DD-SegmentedRaftLog:OPENED:c-1,f-1,i0, conf=-1: [s0:0.0.0.0:43926, s1:0.0.0.0:41045, s2:0.0.0.0:43384], old=null RUNNING
  s2:  RUNNING CANDIDATE s2@group-31A0E89A70DD:t1, leader=null, voted=s2, raftlog=s2@group-31A0E89A70DD-SegmentedRaftLog:OPENED:c-1,f-1,i0, conf=-1: [s0:0.0.0.0:43926, s1:0.0.0.0:41045, s2:0.0.0.0:43384], old=null RUNNING, sleep 450ms and then retry.
java.lang.IllegalStateException: No leader yet : printing ALL groups
  s0:  RUNNING CANDIDATE s0@group-31A0E89A70DD:t1, leader=null, voted=s0, raftlog=s0@group-31A0E89A70DD-SegmentedRaftLog:OPENED:c-1,f-1,i0, conf=-1: [s0:0.0.0.0:43926, s1:0.0.0.0:41045, s2:0.0.0.0:43384], old=null RUNNING
  s1:  RUNNING CANDIDATE s1@group-31A0E89A70DD:t1, leader=null, voted=s1, raftlog=s1@group-31A0E89A70DD-SegmentedRaftLog:OPENED:c-1,f-1,i0, conf=-1: [s0:0.0.0.0:43926, s1:0.0.0.0:41045, s2:0.0.0.0:43384], old=null RUNNING
  s2:  RUNNING CANDIDATE s2@group-31A0E89A70DD:t1, leader=null, voted=s2, raftlog=s2@group-31A0E89A70DD-SegmentedRaftLog:OPENED:c-1,f-1,i0, conf=-1: [s0:0.0.0.0:43926, s1:0.0.0.0:41045, s2:0.0.0.0:43384], old=null RUNNING
	at org.apache.ratis.MiniRaftCluster.newIllegalStateExceptionForNoLeaders(MiniRaftCluster.java:506)
	at org.apache.ratis.RaftTestUtil.lambda$waitForLeader$1(RaftTestUtil.java:90)
	at org.apache.ratis.MiniRaftCluster.getLeader(MiniRaftCluster.java:539)
	at org.apache.ratis.MiniRaftCluster.getLeader(MiniRaftCluster.java:532)
	at org.apache.ratis.RaftTestUtil.lambda$waitForLeader$3(RaftTestUtil.java:98)
	at org.apache.ratis.util.JavaUtils.attempt(JavaUtils.java:152)
	at org.apache.ratis.RaftTestUtil.waitForLeader(RaftTestUtil.java:97)
	at org.apache.ratis.RaftTestUtil.waitForLeader(RaftTestUtil.java:77)
	at org.apache.ratis.RaftTestUtil.waitForLeader(RaftTestUtil.java:72)
	at org.apache.ratis.RetryCacheTests.runTestBasicRetry(RetryCacheTests.java:64)
	at org.apache.ratis.MiniRaftCluster$Factory$Get.runWithNewCluster(MiniRaftCluster.java:125)
	at org.apache.ratis.MiniRaftCluster$Factory$Get.runWithNewCluster(MiniRaftCluster.java:113)
	at org.apache.ratis.RetryCacheTests.testBasicRetry(RetryCacheTests.java:60)
	at sun.reflect.NativeMethodAccessorImpl.invoke0(Native Method)
	at sun.reflect.NativeMethodAccessorImpl.invoke(NativeMethodAccessorImpl.java:62)
	at sun.reflect.DelegatingMethodAccessorImpl.invoke(DelegatingMethodAccessorImpl.java:43)
	at java.lang.reflect.Method.invoke(Method.java:498)
	at org.junit.runners.model.FrameworkMethod$1.runReflectiveCall(FrameworkMethod.java:50)
	at org.junit.internal.runners.model.ReflectiveCallable.run(ReflectiveCallable.java:12)
	at org.junit.runners.model.FrameworkMethod.invokeExplosively(FrameworkMethod.java:47)
	at org.junit.internal.runners.statements.InvokeMethod.evaluate(InvokeMethod.java:17)
	at org.junit.internal.runners.statements.RunAfters.evaluate(RunAfters.java:27)
	at org.junit.internal.runners.statements.FailOnTimeout$CallableStatement.call(FailOnTimeout.java:298)
	at org.junit.internal.runners.statements.FailOnTimeout$CallableStatement.call(FailOnTimeout.java:292)
	at java.util.concurrent.FutureTask.run(FutureTask.java:266)
	at java.lang.Thread.run(Thread.java:748)
2019-09-24 16:36:01,736 WARN  ratis.RaftTestUtil (JavaUtils.java:attempt(158)) - FAILED "waitForLeader-null-(expectLeader? true)", attempt #23/100: java.lang.IllegalStateException: No leader yet : printing ALL groups
  s0:  RUNNING CANDIDATE s0@group-31A0E89A70DD:t1, leader=null, voted=s0, raftlog=s0@group-31A0E89A70DD-SegmentedRaftLog:OPENED:c-1,f-1,i0, conf=-1: [s0:0.0.0.0:43926, s1:0.0.0.0:41045, s2:0.0.0.0:43384], old=null RUNNING
  s1:  RUNNING CANDIDATE s1@group-31A0E89A70DD:t1, leader=null, voted=s1, raftlog=s1@group-31A0E89A70DD-SegmentedRaftLog:OPENED:c-1,f-1,i0, conf=-1: [s0:0.0.0.0:43926, s1:0.0.0.0:41045, s2:0.0.0.0:43384], old=null RUNNING
  s2:  RUNNING CANDIDATE s2@group-31A0E89A70DD:t1, leader=null, voted=s2, raftlog=s2@group-31A0E89A70DD-SegmentedRaftLog:OPENED:c-1,f-1,i0, conf=-1: [s0:0.0.0.0:43926, s1:0.0.0.0:41045, s2:0.0.0.0:43384], old=null RUNNING, sleep 450ms and then retry.
java.lang.IllegalStateException: No leader yet : printing ALL groups
  s0:  RUNNING CANDIDATE s0@group-31A0E89A70DD:t1, leader=null, voted=s0, raftlog=s0@group-31A0E89A70DD-SegmentedRaftLog:OPENED:c-1,f-1,i0, conf=-1: [s0:0.0.0.0:43926, s1:0.0.0.0:41045, s2:0.0.0.0:43384], old=null RUNNING
  s1:  RUNNING CANDIDATE s1@group-31A0E89A70DD:t1, leader=null, voted=s1, raftlog=s1@group-31A0E89A70DD-SegmentedRaftLog:OPENED:c-1,f-1,i0, conf=-1: [s0:0.0.0.0:43926, s1:0.0.0.0:41045, s2:0.0.0.0:43384], old=null RUNNING
  s2:  RUNNING CANDIDATE s2@group-31A0E89A70DD:t1, leader=null, voted=s2, raftlog=s2@group-31A0E89A70DD-SegmentedRaftLog:OPENED:c-1,f-1,i0, conf=-1: [s0:0.0.0.0:43926, s1:0.0.0.0:41045, s2:0.0.0.0:43384], old=null RUNNING
	at org.apache.ratis.MiniRaftCluster.newIllegalStateExceptionForNoLeaders(MiniRaftCluster.java:506)
	at org.apache.ratis.RaftTestUtil.lambda$waitForLeader$1(RaftTestUtil.java:90)
	at org.apache.ratis.MiniRaftCluster.getLeader(MiniRaftCluster.java:539)
	at org.apache.ratis.MiniRaftCluster.getLeader(MiniRaftCluster.java:532)
	at org.apache.ratis.RaftTestUtil.lambda$waitForLeader$3(RaftTestUtil.java:98)
	at org.apache.ratis.util.JavaUtils.attempt(JavaUtils.java:152)
	at org.apache.ratis.RaftTestUtil.waitForLeader(RaftTestUtil.java:97)
	at org.apache.ratis.RaftTestUtil.waitForLeader(RaftTestUtil.java:77)
	at org.apache.ratis.RaftTestUtil.waitForLeader(RaftTestUtil.java:72)
	at org.apache.ratis.RetryCacheTests.runTestBasicRetry(RetryCacheTests.java:64)
	at org.apache.ratis.MiniRaftCluster$Factory$Get.runWithNewCluster(MiniRaftCluster.java:125)
	at org.apache.ratis.MiniRaftCluster$Factory$Get.runWithNewCluster(MiniRaftCluster.java:113)
	at org.apache.ratis.RetryCacheTests.testBasicRetry(RetryCacheTests.java:60)
	at sun.reflect.NativeMethodAccessorImpl.invoke0(Native Method)
	at sun.reflect.NativeMethodAccessorImpl.invoke(NativeMethodAccessorImpl.java:62)
	at sun.reflect.DelegatingMethodAccessorImpl.invoke(DelegatingMethodAccessorImpl.java:43)
	at java.lang.reflect.Method.invoke(Method.java:498)
	at org.junit.runners.model.FrameworkMethod$1.runReflectiveCall(FrameworkMethod.java:50)
	at org.junit.internal.runners.model.ReflectiveCallable.run(ReflectiveCallable.java:12)
	at org.junit.runners.model.FrameworkMethod.invokeExplosively(FrameworkMethod.java:47)
	at org.junit.internal.runners.statements.InvokeMethod.evaluate(InvokeMethod.java:17)
	at org.junit.internal.runners.statements.RunAfters.evaluate(RunAfters.java:27)
	at org.junit.internal.runners.statements.FailOnTimeout$CallableStatement.call(FailOnTimeout.java:298)
	at org.junit.internal.runners.statements.FailOnTimeout$CallableStatement.call(FailOnTimeout.java:292)
	at java.util.concurrent.FutureTask.run(FutureTask.java:266)
	at java.lang.Thread.run(Thread.java:748)
2019-09-24 16:36:01,767 INFO  ratis.MiniRaftCluster (MiniRaftCluster.java:lambda$null$5(297)) - TIMED-PRINT: printing ALL groups
  s0:  RUNNING CANDIDATE s0@group-31A0E89A70DD:t1, leader=null, voted=s0, raftlog=s0@group-31A0E89A70DD-SegmentedRaftLog:OPENED:c-1,f-1,i0, conf=-1: [s0:0.0.0.0:43926, s1:0.0.0.0:41045, s2:0.0.0.0:43384], old=null RUNNING
  s1:  RUNNING CANDIDATE s1@group-31A0E89A70DD:t1, leader=null, voted=s1, raftlog=s1@group-31A0E89A70DD-SegmentedRaftLog:OPENED:c-1,f-1,i0, conf=-1: [s0:0.0.0.0:43926, s1:0.0.0.0:41045, s2:0.0.0.0:43384], old=null RUNNING
  s2:  RUNNING CANDIDATE s2@group-31A0E89A70DD:t1, leader=null, voted=s2, raftlog=s2@group-31A0E89A70DD-SegmentedRaftLog:OPENED:c-1,f-1,i0, conf=-1: [s0:0.0.0.0:43926, s1:0.0.0.0:41045, s2:0.0.0.0:43384], old=null RUNNING
2019-09-24 16:36:02,188 WARN  ratis.RaftTestUtil (JavaUtils.java:attempt(158)) - FAILED "waitForLeader-null-(expectLeader? true)", attempt #24/100: java.lang.IllegalStateException: No leader yet : printing ALL groups
  s0:  RUNNING CANDIDATE s0@group-31A0E89A70DD:t1, leader=null, voted=s0, raftlog=s0@group-31A0E89A70DD-SegmentedRaftLog:OPENED:c-1,f-1,i0, conf=-1: [s0:0.0.0.0:43926, s1:0.0.0.0:41045, s2:0.0.0.0:43384], old=null RUNNING
  s1:  RUNNING CANDIDATE s1@group-31A0E89A70DD:t1, leader=null, voted=s1, raftlog=s1@group-31A0E89A70DD-SegmentedRaftLog:OPENED:c-1,f-1,i0, conf=-1: [s0:0.0.0.0:43926, s1:0.0.0.0:41045, s2:0.0.0.0:43384], old=null RUNNING
  s2:  RUNNING CANDIDATE s2@group-31A0E89A70DD:t1, leader=null, voted=s2, raftlog=s2@group-31A0E89A70DD-SegmentedRaftLog:OPENED:c-1,f-1,i0, conf=-1: [s0:0.0.0.0:43926, s1:0.0.0.0:41045, s2:0.0.0.0:43384], old=null RUNNING, sleep 450ms and then retry.
java.lang.IllegalStateException: No leader yet : printing ALL groups
  s0:  RUNNING CANDIDATE s0@group-31A0E89A70DD:t1, leader=null, voted=s0, raftlog=s0@group-31A0E89A70DD-SegmentedRaftLog:OPENED:c-1,f-1,i0, conf=-1: [s0:0.0.0.0:43926, s1:0.0.0.0:41045, s2:0.0.0.0:43384], old=null RUNNING
  s1:  RUNNING CANDIDATE s1@group-31A0E89A70DD:t1, leader=null, voted=s1, raftlog=s1@group-31A0E89A70DD-SegmentedRaftLog:OPENED:c-1,f-1,i0, conf=-1: [s0:0.0.0.0:43926, s1:0.0.0.0:41045, s2:0.0.0.0:43384], old=null RUNNING
  s2:  RUNNING CANDIDATE s2@group-31A0E89A70DD:t1, leader=null, voted=s2, raftlog=s2@group-31A0E89A70DD-SegmentedRaftLog:OPENED:c-1,f-1,i0, conf=-1: [s0:0.0.0.0:43926, s1:0.0.0.0:41045, s2:0.0.0.0:43384], old=null RUNNING
	at org.apache.ratis.MiniRaftCluster.newIllegalStateExceptionForNoLeaders(MiniRaftCluster.java:506)
	at org.apache.ratis.RaftTestUtil.lambda$waitForLeader$1(RaftTestUtil.java:90)
	at org.apache.ratis.MiniRaftCluster.getLeader(MiniRaftCluster.java:539)
	at org.apache.ratis.MiniRaftCluster.getLeader(MiniRaftCluster.java:532)
	at org.apache.ratis.RaftTestUtil.lambda$waitForLeader$3(RaftTestUtil.java:98)
	at org.apache.ratis.util.JavaUtils.attempt(JavaUtils.java:152)
	at org.apache.ratis.RaftTestUtil.waitForLeader(RaftTestUtil.java:97)
	at org.apache.ratis.RaftTestUtil.waitForLeader(RaftTestUtil.java:77)
	at org.apache.ratis.RaftTestUtil.waitForLeader(RaftTestUtil.java:72)
	at org.apache.ratis.RetryCacheTests.runTestBasicRetry(RetryCacheTests.java:64)
	at org.apache.ratis.MiniRaftCluster$Factory$Get.runWithNewCluster(MiniRaftCluster.java:125)
	at org.apache.ratis.MiniRaftCluster$Factory$Get.runWithNewCluster(MiniRaftCluster.java:113)
	at org.apache.ratis.RetryCacheTests.testBasicRetry(RetryCacheTests.java:60)
	at sun.reflect.NativeMethodAccessorImpl.invoke0(Native Method)
	at sun.reflect.NativeMethodAccessorImpl.invoke(NativeMethodAccessorImpl.java:62)
	at sun.reflect.DelegatingMethodAccessorImpl.invoke(DelegatingMethodAccessorImpl.java:43)
	at java.lang.reflect.Method.invoke(Method.java:498)
	at org.junit.runners.model.FrameworkMethod$1.runReflectiveCall(FrameworkMethod.java:50)
	at org.junit.internal.runners.model.ReflectiveCallable.run(ReflectiveCallable.java:12)
	at org.junit.runners.model.FrameworkMethod.invokeExplosively(FrameworkMethod.java:47)
	at org.junit.internal.runners.statements.InvokeMethod.evaluate(InvokeMethod.java:17)
	at org.junit.internal.runners.statements.RunAfters.evaluate(RunAfters.java:27)
	at org.junit.internal.runners.statements.FailOnTimeout$CallableStatement.call(FailOnTimeout.java:298)
	at org.junit.internal.runners.statements.FailOnTimeout$CallableStatement.call(FailOnTimeout.java:292)
	at java.util.concurrent.FutureTask.run(FutureTask.java:266)
	at java.lang.Thread.run(Thread.java:748)
2019-09-24 16:36:02,198 INFO  impl.LeaderElection (LeaderElection.java:askForVotes(178)) - s1@group-31A0E89A70DD-LeaderElection2: begin an election at term 1 for -1: [s0:0.0.0.0:43926, s1:0.0.0.0:41045, s2:0.0.0.0:43384], old=null
2019-09-24 16:36:02,198 INFO  impl.LeaderElection (LeaderElection.java:askForVotes(178)) - s2@group-31A0E89A70DD-LeaderElection3: begin an election at term 1 for -1: [s0:0.0.0.0:43926, s1:0.0.0.0:41045, s2:0.0.0.0:43384], old=null
2019-09-24 16:36:02,198 INFO  impl.LeaderElection (LeaderElection.java:askForVotes(178)) - s0@group-31A0E89A70DD-LeaderElection1: begin an election at term 1 for -1: [s0:0.0.0.0:43926, s1:0.0.0.0:41045, s2:0.0.0.0:43384], old=null
2019-09-24 16:36:02,331 INFO  logging.LoggingHandler (AbstractInternalLogger.java:log(150)) - [id: 0xbaa175c5, L:/0.0.0.0:41045] READ: [id: 0x21114f72, L:/192.168.5.142:41045 - R:/192.168.5.142:60354]
2019-09-24 16:36:02,331 INFO  logging.LoggingHandler (AbstractInternalLogger.java:log(150)) - [id: 0x09ea98f3, L:/0.0.0.0:43926] READ: [id: 0x4c0b986a, L:/192.168.5.142:43926 - R:/192.168.5.142:58450]
2019-09-24 16:36:02,331 INFO  logging.LoggingHandler (AbstractInternalLogger.java:log(150)) - [id: 0xd1d5cf78, L:/0.0.0.0:43384] READ: [id: 0x1e951903, L:/192.168.5.142:43384 - R:/192.168.5.142:56592]
2019-09-24 16:36:02,391 INFO  logging.LoggingHandler (AbstractInternalLogger.java:log(150)) - [id: 0x09ea98f3, L:/0.0.0.0:43926] READ COMPLETE
2019-09-24 16:36:02,391 INFO  logging.LoggingHandler (AbstractInternalLogger.java:log(150)) - [id: 0xbaa175c5, L:/0.0.0.0:41045] READ COMPLETE
2019-09-24 16:36:02,391 INFO  logging.LoggingHandler (AbstractInternalLogger.java:log(150)) - [id: 0xd1d5cf78, L:/0.0.0.0:43384] READ COMPLETE
2019-09-24 16:36:02,391 INFO  logging.LoggingHandler (AbstractInternalLogger.java:log(150)) - [id: 0x09ea98f3, L:/0.0.0.0:43926] READ: [id: 0xe76c6202, L:/192.168.5.142:43926 - R:/192.168.5.142:58454]
2019-09-24 16:36:02,391 INFO  logging.LoggingHandler (AbstractInternalLogger.java:log(150)) - [id: 0xbaa175c5, L:/0.0.0.0:41045] READ: [id: 0x0c9c2c7f, L:/192.168.5.142:41045 - R:/192.168.5.142:60358]
2019-09-24 16:36:02,392 INFO  logging.LoggingHandler (AbstractInternalLogger.java:log(150)) - [id: 0xd1d5cf78, L:/0.0.0.0:43384] READ: [id: 0x1281f35d, L:/192.168.5.142:43384 - R:/192.168.5.142:56596]
2019-09-24 16:36:02,392 INFO  logging.LoggingHandler (AbstractInternalLogger.java:log(150)) - [id: 0x09ea98f3, L:/0.0.0.0:43926] READ COMPLETE
2019-09-24 16:36:02,392 INFO  logging.LoggingHandler (AbstractInternalLogger.java:log(150)) - [id: 0xbaa175c5, L:/0.0.0.0:41045] READ COMPLETE
2019-09-24 16:36:02,393 INFO  logging.LoggingHandler (AbstractInternalLogger.java:log(150)) - [id: 0xd1d5cf78, L:/0.0.0.0:43384] READ COMPLETE
2019-09-24 16:36:02,440 INFO  impl.LeaderElection (LeaderElection.java:logAndReturn(56)) - s0@group-31A0E89A70DD-LeaderElection1: Election TIMEOUT; received 0 response(s) [] and 0 exception(s); s0@group-31A0E89A70DD:t1, leader=null, voted=s0, raftlog=s0@group-31A0E89A70DD-SegmentedRaftLog:OPENED:c-1,f-1,i0, conf=-1: [s0:0.0.0.0:43926, s1:0.0.0.0:41045, s2:0.0.0.0:43384], old=null
2019-09-24 16:36:02,440 INFO  impl.LeaderElection (LeaderElection.java:logAndReturn(56)) - s2@group-31A0E89A70DD-LeaderElection3: Election TIMEOUT; received 0 response(s) [] and 0 exception(s); s2@group-31A0E89A70DD:t1, leader=null, voted=s2, raftlog=s2@group-31A0E89A70DD-SegmentedRaftLog:OPENED:c-1,f-1,i0, conf=-1: [s0:0.0.0.0:43926, s1:0.0.0.0:41045, s2:0.0.0.0:43384], old=null
2019-09-24 16:36:02,534 INFO  impl.LeaderElection (LeaderElection.java:logAndReturn(56)) - s1@group-31A0E89A70DD-LeaderElection2: Election TIMEOUT; received 0 response(s) [] and 0 exception(s); s1@group-31A0E89A70DD:t1, leader=null, voted=s1, raftlog=s1@group-31A0E89A70DD-SegmentedRaftLog:OPENED:c-1,f-1,i0, conf=-1: [s0:0.0.0.0:43926, s1:0.0.0.0:41045, s2:0.0.0.0:43384], old=null
2019-09-24 16:36:02,544 DEBUG impl.RaftServerImpl (RaftServerImpl.java:requestVote(743)) - s2@group-31A0E89A70DD: receive requestVote(s1, group-31A0E89A70DD, 1, (t:0, i:0))
2019-09-24 16:36:02,544 DEBUG impl.RaftServerImpl (RaftServerImpl.java:requestVote(743)) - s1@group-31A0E89A70DD: receive requestVote(s2, group-31A0E89A70DD, 1, (t:0, i:0))
2019-09-24 16:36:02,544 DEBUG impl.RaftServerImpl (RaftServerImpl.java:requestVote(743)) - s0@group-31A0E89A70DD: receive requestVote(s1, group-31A0E89A70DD, 1, (t:0, i:0))
2019-09-24 16:36:02,544 DEBUG impl.RaftServerImpl (RaftServerImpl.java:requestVote(743)) - s2@group-31A0E89A70DD: receive requestVote(s0, group-31A0E89A70DD, 1, (t:0, i:0))
2019-09-24 16:36:02,544 DEBUG impl.RaftServerImpl (RaftServerImpl.java:requestVote(743)) - s1@group-31A0E89A70DD: receive requestVote(s0, group-31A0E89A70DD, 1, (t:0, i:0))
2019-09-24 16:36:02,544 DEBUG impl.RaftServerImpl (RaftServerImpl.java:requestVote(743)) - s0@group-31A0E89A70DD: receive requestVote(s2, group-31A0E89A70DD, 1, (t:0, i:0))
2019-09-24 16:36:02,640 WARN  ratis.RaftTestUtil (JavaUtils.java:attempt(158)) - FAILED "waitForLeader-null-(expectLeader? true)", attempt #25/100: java.lang.IllegalStateException: No leader yet : printing ALL groups
  s0:  RUNNING CANDIDATE s0@group-31A0E89A70DD:t2, leader=null, voted=s0, raftlog=s0@group-31A0E89A70DD-SegmentedRaftLog:OPENED:c-1,f-1,i0, conf=-1: [s0:0.0.0.0:43926, s1:0.0.0.0:41045, s2:0.0.0.0:43384], old=null RUNNING
  s1:  RUNNING CANDIDATE s1@group-31A0E89A70DD:t2, leader=null, voted=s1, raftlog=s1@group-31A0E89A70DD-SegmentedRaftLog:OPENED:c-1,f-1,i0, conf=-1: [s0:0.0.0.0:43926, s1:0.0.0.0:41045, s2:0.0.0.0:43384], old=null RUNNING
  s2:  RUNNING CANDIDATE s2@group-31A0E89A70DD:t2, leader=null, voted=s2, raftlog=s2@group-31A0E89A70DD-SegmentedRaftLog:OPENED:c-1,f-1,i0, conf=-1: [s0:0.0.0.0:43926, s1:0.0.0.0:41045, s2:0.0.0.0:43384], old=null RUNNING, sleep 450ms and then retry.
java.lang.IllegalStateException: No leader yet : printing ALL groups
  s0:  RUNNING CANDIDATE s0@group-31A0E89A70DD:t2, leader=null, voted=s0, raftlog=s0@group-31A0E89A70DD-SegmentedRaftLog:OPENED:c-1,f-1,i0, conf=-1: [s0:0.0.0.0:43926, s1:0.0.0.0:41045, s2:0.0.0.0:43384], old=null RUNNING
  s1:  RUNNING CANDIDATE s1@group-31A0E89A70DD:t2, leader=null, voted=s1, raftlog=s1@group-31A0E89A70DD-SegmentedRaftLog:OPENED:c-1,f-1,i0, conf=-1: [s0:0.0.0.0:43926, s1:0.0.0.0:41045, s2:0.0.0.0:43384], old=null RUNNING
  s2:  RUNNING CANDIDATE s2@group-31A0E89A70DD:t2, leader=null, voted=s2, raftlog=s2@group-31A0E89A70DD-SegmentedRaftLog:OPENED:c-1,f-1,i0, conf=-1: [s0:0.0.0.0:43926, s1:0.0.0.0:41045, s2:0.0.0.0:43384], old=null RUNNING
	at org.apache.ratis.MiniRaftCluster.newIllegalStateExceptionForNoLeaders(MiniRaftCluster.java:506)
	at org.apache.ratis.RaftTestUtil.lambda$waitForLeader$1(RaftTestUtil.java:90)
	at org.apache.ratis.MiniRaftCluster.getLeader(MiniRaftCluster.java:539)
	at org.apache.ratis.MiniRaftCluster.getLeader(MiniRaftCluster.java:532)
	at org.apache.ratis.RaftTestUtil.lambda$waitForLeader$3(RaftTestUtil.java:98)
	at org.apache.ratis.util.JavaUtils.attempt(JavaUtils.java:152)
	at org.apache.ratis.RaftTestUtil.waitForLeader(RaftTestUtil.java:97)
	at org.apache.ratis.RaftTestUtil.waitForLeader(RaftTestUtil.java:77)
	at org.apache.ratis.RaftTestUtil.waitForLeader(RaftTestUtil.java:72)
	at org.apache.ratis.RetryCacheTests.runTestBasicRetry(RetryCacheTests.java:64)
	at org.apache.ratis.MiniRaftCluster$Factory$Get.runWithNewCluster(MiniRaftCluster.java:125)
	at org.apache.ratis.MiniRaftCluster$Factory$Get.runWithNewCluster(MiniRaftCluster.java:113)
	at org.apache.ratis.RetryCacheTests.testBasicRetry(RetryCacheTests.java:60)
	at sun.reflect.NativeMethodAccessorImpl.invoke0(Native Method)
	at sun.reflect.NativeMethodAccessorImpl.invoke(NativeMethodAccessorImpl.java:62)
	at sun.reflect.DelegatingMethodAccessorImpl.invoke(DelegatingMethodAccessorImpl.java:43)
	at java.lang.reflect.Method.invoke(Method.java:498)
	at org.junit.runners.model.FrameworkMethod$1.runReflectiveCall(FrameworkMethod.java:50)
	at org.junit.internal.runners.model.ReflectiveCallable.run(ReflectiveCallable.java:12)
	at org.junit.runners.model.FrameworkMethod.invokeExplosively(FrameworkMethod.java:47)
	at org.junit.internal.runners.statements.InvokeMethod.evaluate(InvokeMethod.java:17)
	at org.junit.internal.runners.statements.RunAfters.evaluate(RunAfters.java:27)
	at org.junit.internal.runners.statements.FailOnTimeout$CallableStatement.call(FailOnTimeout.java:298)
	at org.junit.internal.runners.statements.FailOnTimeout$CallableStatement.call(FailOnTimeout.java:292)
	at java.util.concurrent.FutureTask.run(FutureTask.java:266)
	at java.lang.Thread.run(Thread.java:748)
2019-09-24 16:36:03,092 WARN  ratis.RaftTestUtil (JavaUtils.java:attempt(158)) - FAILED "waitForLeader-null-(expectLeader? true)", attempt #26/100: java.lang.IllegalStateException: No leader yet : printing ALL groups
  s0:  RUNNING CANDIDATE s0@group-31A0E89A70DD:t2, leader=null, voted=s0, raftlog=s0@group-31A0E89A70DD-SegmentedRaftLog:OPENED:c-1,f-1,i0, conf=-1: [s0:0.0.0.0:43926, s1:0.0.0.0:41045, s2:0.0.0.0:43384], old=null RUNNING
  s1:  RUNNING CANDIDATE s1@group-31A0E89A70DD:t2, leader=null, voted=s1, raftlog=s1@group-31A0E89A70DD-SegmentedRaftLog:OPENED:c-1,f-1,i0, conf=-1: [s0:0.0.0.0:43926, s1:0.0.0.0:41045, s2:0.0.0.0:43384], old=null RUNNING
  s2:  RUNNING CANDIDATE s2@group-31A0E89A70DD:t2, leader=null, voted=s2, raftlog=s2@group-31A0E89A70DD-SegmentedRaftLog:OPENED:c-1,f-1,i0, conf=-1: [s0:0.0.0.0:43926, s1:0.0.0.0:41045, s2:0.0.0.0:43384], old=null RUNNING, sleep 450ms and then retry.
java.lang.IllegalStateException: No leader yet : printing ALL groups
  s0:  RUNNING CANDIDATE s0@group-31A0E89A70DD:t2, leader=null, voted=s0, raftlog=s0@group-31A0E89A70DD-SegmentedRaftLog:OPENED:c-1,f-1,i0, conf=-1: [s0:0.0.0.0:43926, s1:0.0.0.0:41045, s2:0.0.0.0:43384], old=null RUNNING
  s1:  RUNNING CANDIDATE s1@group-31A0E89A70DD:t2, leader=null, voted=s1, raftlog=s1@group-31A0E89A70DD-SegmentedRaftLog:OPENED:c-1,f-1,i0, conf=-1: [s0:0.0.0.0:43926, s1:0.0.0.0:41045, s2:0.0.0.0:43384], old=null RUNNING
  s2:  RUNNING CANDIDATE s2@group-31A0E89A70DD:t2, leader=null, voted=s2, raftlog=s2@group-31A0E89A70DD-SegmentedRaftLog:OPENED:c-1,f-1,i0, conf=-1: [s0:0.0.0.0:43926, s1:0.0.0.0:41045, s2:0.0.0.0:43384], old=null RUNNING
	at org.apache.ratis.MiniRaftCluster.newIllegalStateExceptionForNoLeaders(MiniRaftCluster.java:506)
	at org.apache.ratis.RaftTestUtil.lambda$waitForLeader$1(RaftTestUtil.java:90)
	at org.apache.ratis.MiniRaftCluster.getLeader(MiniRaftCluster.java:539)
	at org.apache.ratis.MiniRaftCluster.getLeader(MiniRaftCluster.java:532)
	at org.apache.ratis.RaftTestUtil.lambda$waitForLeader$3(RaftTestUtil.java:98)
	at org.apache.ratis.util.JavaUtils.attempt(JavaUtils.java:152)
	at org.apache.ratis.RaftTestUtil.waitForLeader(RaftTestUtil.java:97)
	at org.apache.ratis.RaftTestUtil.waitForLeader(RaftTestUtil.java:77)
	at org.apache.ratis.RaftTestUtil.waitForLeader(RaftTestUtil.java:72)
	at org.apache.ratis.RetryCacheTests.runTestBasicRetry(RetryCacheTests.java:64)
	at org.apache.ratis.MiniRaftCluster$Factory$Get.runWithNewCluster(MiniRaftCluster.java:125)
	at org.apache.ratis.MiniRaftCluster$Factory$Get.runWithNewCluster(MiniRaftCluster.java:113)
	at org.apache.ratis.RetryCacheTests.testBasicRetry(RetryCacheTests.java:60)
	at sun.reflect.NativeMethodAccessorImpl.invoke0(Native Method)
	at sun.reflect.NativeMethodAccessorImpl.invoke(NativeMethodAccessorImpl.java:62)
	at sun.reflect.DelegatingMethodAccessorImpl.invoke(DelegatingMethodAccessorImpl.java:43)
	at java.lang.reflect.Method.invoke(Method.java:498)
	at org.junit.runners.model.FrameworkMethod$1.runReflectiveCall(FrameworkMethod.java:50)
	at org.junit.internal.runners.model.ReflectiveCallable.run(ReflectiveCallable.java:12)
	at org.junit.runners.model.FrameworkMethod.invokeExplosively(FrameworkMethod.java:47)
	at org.junit.internal.runners.statements.InvokeMethod.evaluate(InvokeMethod.java:17)
	at org.junit.internal.runners.statements.RunAfters.evaluate(RunAfters.java:27)
	at org.junit.internal.runners.statements.FailOnTimeout$CallableStatement.call(FailOnTimeout.java:298)
	at org.junit.internal.runners.statements.FailOnTimeout$CallableStatement.call(FailOnTimeout.java:292)
	at java.util.concurrent.FutureTask.run(FutureTask.java:266)
	at java.lang.Thread.run(Thread.java:748)
2019-09-24 16:36:03,544 WARN  ratis.RaftTestUtil (JavaUtils.java:attempt(158)) - FAILED "waitForLeader-null-(expectLeader? true)", attempt #27/100: java.lang.IllegalStateException: No leader yet : printing ALL groups
  s0:  RUNNING CANDIDATE s0@group-31A0E89A70DD:t2, leader=null, voted=s0, raftlog=s0@group-31A0E89A70DD-SegmentedRaftLog:OPENED:c-1,f-1,i0, conf=-1: [s0:0.0.0.0:43926, s1:0.0.0.0:41045, s2:0.0.0.0:43384], old=null RUNNING
  s1:  RUNNING CANDIDATE s1@group-31A0E89A70DD:t2, leader=null, voted=s1, raftlog=s1@group-31A0E89A70DD-SegmentedRaftLog:OPENED:c-1,f-1,i0, conf=-1: [s0:0.0.0.0:43926, s1:0.0.0.0:41045, s2:0.0.0.0:43384], old=null RUNNING
  s2:  RUNNING CANDIDATE s2@group-31A0E89A70DD:t2, leader=null, voted=s2, raftlog=s2@group-31A0E89A70DD-SegmentedRaftLog:OPENED:c-1,f-1,i0, conf=-1: [s0:0.0.0.0:43926, s1:0.0.0.0:41045, s2:0.0.0.0:43384], old=null RUNNING, sleep 450ms and then retry.
java.lang.IllegalStateException: No leader yet : printing ALL groups
  s0:  RUNNING CANDIDATE s0@group-31A0E89A70DD:t2, leader=null, voted=s0, raftlog=s0@group-31A0E89A70DD-SegmentedRaftLog:OPENED:c-1,f-1,i0, conf=-1: [s0:0.0.0.0:43926, s1:0.0.0.0:41045, s2:0.0.0.0:43384], old=null RUNNING
  s1:  RUNNING CANDIDATE s1@group-31A0E89A70DD:t2, leader=null, voted=s1, raftlog=s1@group-31A0E89A70DD-SegmentedRaftLog:OPENED:c-1,f-1,i0, conf=-1: [s0:0.0.0.0:43926, s1:0.0.0.0:41045, s2:0.0.0.0:43384], old=null RUNNING
  s2:  RUNNING CANDIDATE s2@group-31A0E89A70DD:t2, leader=null, voted=s2, raftlog=s2@group-31A0E89A70DD-SegmentedRaftLog:OPENED:c-1,f-1,i0, conf=-1: [s0:0.0.0.0:43926, s1:0.0.0.0:41045, s2:0.0.0.0:43384], old=null RUNNING
	at org.apache.ratis.MiniRaftCluster.newIllegalStateExceptionForNoLeaders(MiniRaftCluster.java:506)
	at org.apache.ratis.RaftTestUtil.lambda$waitForLeader$1(RaftTestUtil.java:90)
	at org.apache.ratis.MiniRaftCluster.getLeader(MiniRaftCluster.java:539)
	at org.apache.ratis.MiniRaftCluster.getLeader(MiniRaftCluster.java:532)
	at org.apache.ratis.RaftTestUtil.lambda$waitForLeader$3(RaftTestUtil.java:98)
	at org.apache.ratis.util.JavaUtils.attempt(JavaUtils.java:152)
	at org.apache.ratis.RaftTestUtil.waitForLeader(RaftTestUtil.java:97)
	at org.apache.ratis.RaftTestUtil.waitForLeader(RaftTestUtil.java:77)
	at org.apache.ratis.RaftTestUtil.waitForLeader(RaftTestUtil.java:72)
	at org.apache.ratis.RetryCacheTests.runTestBasicRetry(RetryCacheTests.java:64)
	at org.apache.ratis.MiniRaftCluster$Factory$Get.runWithNewCluster(MiniRaftCluster.java:125)
	at org.apache.ratis.MiniRaftCluster$Factory$Get.runWithNewCluster(MiniRaftCluster.java:113)
	at org.apache.ratis.RetryCacheTests.testBasicRetry(RetryCacheTests.java:60)
	at sun.reflect.NativeMethodAccessorImpl.invoke0(Native Method)
	at sun.reflect.NativeMethodAccessorImpl.invoke(NativeMethodAccessorImpl.java:62)
	at sun.reflect.DelegatingMethodAccessorImpl.invoke(DelegatingMethodAccessorImpl.java:43)
	at java.lang.reflect.Method.invoke(Method.java:498)
	at org.junit.runners.model.FrameworkMethod$1.runReflectiveCall(FrameworkMethod.java:50)
	at org.junit.internal.runners.model.ReflectiveCallable.run(ReflectiveCallable.java:12)
	at org.junit.runners.model.FrameworkMethod.invokeExplosively(FrameworkMethod.java:47)
	at org.junit.internal.runners.statements.InvokeMethod.evaluate(InvokeMethod.java:17)
	at org.junit.internal.runners.statements.RunAfters.evaluate(RunAfters.java:27)
	at org.junit.internal.runners.statements.FailOnTimeout$CallableStatement.call(FailOnTimeout.java:298)
	at org.junit.internal.runners.statements.FailOnTimeout$CallableStatement.call(FailOnTimeout.java:292)
	at java.util.concurrent.FutureTask.run(FutureTask.java:266)
	at java.lang.Thread.run(Thread.java:748)
2019-09-24 16:36:03,996 WARN  ratis.RaftTestUtil (JavaUtils.java:attempt(158)) - FAILED "waitForLeader-null-(expectLeader? true)", attempt #28/100: java.lang.IllegalStateException: No leader yet : printing ALL groups
  s0:  RUNNING CANDIDATE s0@group-31A0E89A70DD:t2, leader=null, voted=s0, raftlog=s0@group-31A0E89A70DD-SegmentedRaftLog:OPENED:c-1,f-1,i0, conf=-1: [s0:0.0.0.0:43926, s1:0.0.0.0:41045, s2:0.0.0.0:43384], old=null RUNNING
  s1:  RUNNING CANDIDATE s1@group-31A0E89A70DD:t2, leader=null, voted=s1, raftlog=s1@group-31A0E89A70DD-SegmentedRaftLog:OPENED:c-1,f-1,i0, conf=-1: [s0:0.0.0.0:43926, s1:0.0.0.0:41045, s2:0.0.0.0:43384], old=null RUNNING
  s2:  RUNNING CANDIDATE s2@group-31A0E89A70DD:t2, leader=null, voted=s2, raftlog=s2@group-31A0E89A70DD-SegmentedRaftLog:OPENED:c-1,f-1,i0, conf=-1: [s0:0.0.0.0:43926, s1:0.0.0.0:41045, s2:0.0.0.0:43384], old=null RUNNING, sleep 450ms and then retry.
java.lang.IllegalStateException: No leader yet : printing ALL groups
  s0:  RUNNING CANDIDATE s0@group-31A0E89A70DD:t2, leader=null, voted=s0, raftlog=s0@group-31A0E89A70DD-SegmentedRaftLog:OPENED:c-1,f-1,i0, conf=-1: [s0:0.0.0.0:43926, s1:0.0.0.0:41045, s2:0.0.0.0:43384], old=null RUNNING
  s1:  RUNNING CANDIDATE s1@group-31A0E89A70DD:t2, leader=null, voted=s1, raftlog=s1@group-31A0E89A70DD-SegmentedRaftLog:OPENED:c-1,f-1,i0, conf=-1: [s0:0.0.0.0:43926, s1:0.0.0.0:41045, s2:0.0.0.0:43384], old=null RUNNING
  s2:  RUNNING CANDIDATE s2@group-31A0E89A70DD:t2, leader=null, voted=s2, raftlog=s2@group-31A0E89A70DD-SegmentedRaftLog:OPENED:c-1,f-1,i0, conf=-1: [s0:0.0.0.0:43926, s1:0.0.0.0:41045, s2:0.0.0.0:43384], old=null RUNNING
	at org.apache.ratis.MiniRaftCluster.newIllegalStateExceptionForNoLeaders(MiniRaftCluster.java:506)
	at org.apache.ratis.RaftTestUtil.lambda$waitForLeader$1(RaftTestUtil.java:90)
	at org.apache.ratis.MiniRaftCluster.getLeader(MiniRaftCluster.java:539)
	at org.apache.ratis.MiniRaftCluster.getLeader(MiniRaftCluster.java:532)
	at org.apache.ratis.RaftTestUtil.lambda$waitForLeader$3(RaftTestUtil.java:98)
	at org.apache.ratis.util.JavaUtils.attempt(JavaUtils.java:152)
	at org.apache.ratis.RaftTestUtil.waitForLeader(RaftTestUtil.java:97)
	at org.apache.ratis.RaftTestUtil.waitForLeader(RaftTestUtil.java:77)
	at org.apache.ratis.RaftTestUtil.waitForLeader(RaftTestUtil.java:72)
	at org.apache.ratis.RetryCacheTests.runTestBasicRetry(RetryCacheTests.java:64)
	at org.apache.ratis.MiniRaftCluster$Factory$Get.runWithNewCluster(MiniRaftCluster.java:125)
	at org.apache.ratis.MiniRaftCluster$Factory$Get.runWithNewCluster(MiniRaftCluster.java:113)
	at org.apache.ratis.RetryCacheTests.testBasicRetry(RetryCacheTests.java:60)
	at sun.reflect.NativeMethodAccessorImpl.invoke0(Native Method)
	at sun.reflect.NativeMethodAccessorImpl.invoke(NativeMethodAccessorImpl.java:62)
	at sun.reflect.DelegatingMethodAccessorImpl.invoke(DelegatingMethodAccessorImpl.java:43)
	at java.lang.reflect.Method.invoke(Method.java:498)
	at org.junit.runners.model.FrameworkMethod$1.runReflectiveCall(FrameworkMethod.java:50)
	at org.junit.internal.runners.model.ReflectiveCallable.run(ReflectiveCallable.java:12)
	at org.junit.runners.model.FrameworkMethod.invokeExplosively(FrameworkMethod.java:47)
	at org.junit.internal.runners.statements.InvokeMethod.evaluate(InvokeMethod.java:17)
	at org.junit.internal.runners.statements.RunAfters.evaluate(RunAfters.java:27)
	at org.junit.internal.runners.statements.FailOnTimeout$CallableStatement.call(FailOnTimeout.java:298)
	at org.junit.internal.runners.statements.FailOnTimeout$CallableStatement.call(FailOnTimeout.java:292)
	at java.util.concurrent.FutureTask.run(FutureTask.java:266)
	at java.lang.Thread.run(Thread.java:748)
2019-09-24 16:36:04,448 WARN  ratis.RaftTestUtil (JavaUtils.java:attempt(158)) - FAILED "waitForLeader-null-(expectLeader? true)", attempt #29/100: java.lang.IllegalStateException: No leader yet : printing ALL groups
  s0:  RUNNING CANDIDATE s0@group-31A0E89A70DD:t2, leader=null, voted=s0, raftlog=s0@group-31A0E89A70DD-SegmentedRaftLog:OPENED:c-1,f-1,i0, conf=-1: [s0:0.0.0.0:43926, s1:0.0.0.0:41045, s2:0.0.0.0:43384], old=null RUNNING
  s1:  RUNNING CANDIDATE s1@group-31A0E89A70DD:t2, leader=null, voted=s1, raftlog=s1@group-31A0E89A70DD-SegmentedRaftLog:OPENED:c-1,f-1,i0, conf=-1: [s0:0.0.0.0:43926, s1:0.0.0.0:41045, s2:0.0.0.0:43384], old=null RUNNING
  s2:  RUNNING CANDIDATE s2@group-31A0E89A70DD:t2, leader=null, voted=s2, raftlog=s2@group-31A0E89A70DD-SegmentedRaftLog:OPENED:c-1,f-1,i0, conf=-1: [s0:0.0.0.0:43926, s1:0.0.0.0:41045, s2:0.0.0.0:43384], old=null RUNNING, sleep 450ms and then retry.
java.lang.IllegalStateException: No leader yet : printing ALL groups
  s0:  RUNNING CANDIDATE s0@group-31A0E89A70DD:t2, leader=null, voted=s0, raftlog=s0@group-31A0E89A70DD-SegmentedRaftLog:OPENED:c-1,f-1,i0, conf=-1: [s0:0.0.0.0:43926, s1:0.0.0.0:41045, s2:0.0.0.0:43384], old=null RUNNING
  s1:  RUNNING CANDIDATE s1@group-31A0E89A70DD:t2, leader=null, voted=s1, raftlog=s1@group-31A0E89A70DD-SegmentedRaftLog:OPENED:c-1,f-1,i0, conf=-1: [s0:0.0.0.0:43926, s1:0.0.0.0:41045, s2:0.0.0.0:43384], old=null RUNNING
  s2:  RUNNING CANDIDATE s2@group-31A0E89A70DD:t2, leader=null, voted=s2, raftlog=s2@group-31A0E89A70DD-SegmentedRaftLog:OPENED:c-1,f-1,i0, conf=-1: [s0:0.0.0.0:43926, s1:0.0.0.0:41045, s2:0.0.0.0:43384], old=null RUNNING
	at org.apache.ratis.MiniRaftCluster.newIllegalStateExceptionForNoLeaders(MiniRaftCluster.java:506)
	at org.apache.ratis.RaftTestUtil.lambda$waitForLeader$1(RaftTestUtil.java:90)
	at org.apache.ratis.MiniRaftCluster.getLeader(MiniRaftCluster.java:539)
	at org.apache.ratis.MiniRaftCluster.getLeader(MiniRaftCluster.java:532)
	at org.apache.ratis.RaftTestUtil.lambda$waitForLeader$3(RaftTestUtil.java:98)
	at org.apache.ratis.util.JavaUtils.attempt(JavaUtils.java:152)
	at org.apache.ratis.RaftTestUtil.waitForLeader(RaftTestUtil.java:97)
	at org.apache.ratis.RaftTestUtil.waitForLeader(RaftTestUtil.java:77)
	at org.apache.ratis.RaftTestUtil.waitForLeader(RaftTestUtil.java:72)
	at org.apache.ratis.RetryCacheTests.runTestBasicRetry(RetryCacheTests.java:64)
	at org.apache.ratis.MiniRaftCluster$Factory$Get.runWithNewCluster(MiniRaftCluster.java:125)
	at org.apache.ratis.MiniRaftCluster$Factory$Get.runWithNewCluster(MiniRaftCluster.java:113)
	at org.apache.ratis.RetryCacheTests.testBasicRetry(RetryCacheTests.java:60)
	at sun.reflect.NativeMethodAccessorImpl.invoke0(Native Method)
	at sun.reflect.NativeMethodAccessorImpl.invoke(NativeMethodAccessorImpl.java:62)
	at sun.reflect.DelegatingMethodAccessorImpl.invoke(DelegatingMethodAccessorImpl.java:43)
	at java.lang.reflect.Method.invoke(Method.java:498)
	at org.junit.runners.model.FrameworkMethod$1.runReflectiveCall(FrameworkMethod.java:50)
	at org.junit.internal.runners.model.ReflectiveCallable.run(ReflectiveCallable.java:12)
	at org.junit.runners.model.FrameworkMethod.invokeExplosively(FrameworkMethod.java:47)
	at org.junit.internal.runners.statements.InvokeMethod.evaluate(InvokeMethod.java:17)
	at org.junit.internal.runners.statements.RunAfters.evaluate(RunAfters.java:27)
	at org.junit.internal.runners.statements.FailOnTimeout$CallableStatement.call(FailOnTimeout.java:298)
	at org.junit.internal.runners.statements.FailOnTimeout$CallableStatement.call(FailOnTimeout.java:292)
	at java.util.concurrent.FutureTask.run(FutureTask.java:266)
	at java.lang.Thread.run(Thread.java:748)
2019-09-24 16:36:04,900 WARN  ratis.RaftTestUtil (JavaUtils.java:attempt(158)) - FAILED "waitForLeader-null-(expectLeader? true)", attempt #30/100: java.lang.IllegalStateException: No leader yet : printing ALL groups
  s0:  RUNNING CANDIDATE s0@group-31A0E89A70DD:t2, leader=null, voted=s0, raftlog=s0@group-31A0E89A70DD-SegmentedRaftLog:OPENED:c-1,f-1,i0, conf=-1: [s0:0.0.0.0:43926, s1:0.0.0.0:41045, s2:0.0.0.0:43384], old=null RUNNING
  s1:  RUNNING CANDIDATE s1@group-31A0E89A70DD:t2, leader=null, voted=s1, raftlog=s1@group-31A0E89A70DD-SegmentedRaftLog:OPENED:c-1,f-1,i0, conf=-1: [s0:0.0.0.0:43926, s1:0.0.0.0:41045, s2:0.0.0.0:43384], old=null RUNNING
  s2:  RUNNING CANDIDATE s2@group-31A0E89A70DD:t2, leader=null, voted=s2, raftlog=s2@group-31A0E89A70DD-SegmentedRaftLog:OPENED:c-1,f-1,i0, conf=-1: [s0:0.0.0.0:43926, s1:0.0.0.0:41045, s2:0.0.0.0:43384], old=null RUNNING, sleep 450ms and then retry.
java.lang.IllegalStateException: No leader yet : printing ALL groups
  s0:  RUNNING CANDIDATE s0@group-31A0E89A70DD:t2, leader=null, voted=s0, raftlog=s0@group-31A0E89A70DD-SegmentedRaftLog:OPENED:c-1,f-1,i0, conf=-1: [s0:0.0.0.0:43926, s1:0.0.0.0:41045, s2:0.0.0.0:43384], old=null RUNNING
  s1:  RUNNING CANDIDATE s1@group-31A0E89A70DD:t2, leader=null, voted=s1, raftlog=s1@group-31A0E89A70DD-SegmentedRaftLog:OPENED:c-1,f-1,i0, conf=-1: [s0:0.0.0.0:43926, s1:0.0.0.0:41045, s2:0.0.0.0:43384], old=null RUNNING
  s2:  RUNNING CANDIDATE s2@group-31A0E89A70DD:t2, leader=null, voted=s2, raftlog=s2@group-31A0E89A70DD-SegmentedRaftLog:OPENED:c-1,f-1,i0, conf=-1: [s0:0.0.0.0:43926, s1:0.0.0.0:41045, s2:0.0.0.0:43384], old=null RUNNING
	at org.apache.ratis.MiniRaftCluster.newIllegalStateExceptionForNoLeaders(MiniRaftCluster.java:506)
	at org.apache.ratis.RaftTestUtil.lambda$waitForLeader$1(RaftTestUtil.java:90)
	at org.apache.ratis.MiniRaftCluster.getLeader(MiniRaftCluster.java:539)
	at org.apache.ratis.MiniRaftCluster.getLeader(MiniRaftCluster.java:532)
	at org.apache.ratis.RaftTestUtil.lambda$waitForLeader$3(RaftTestUtil.java:98)
	at org.apache.ratis.util.JavaUtils.attempt(JavaUtils.java:152)
	at org.apache.ratis.RaftTestUtil.waitForLeader(RaftTestUtil.java:97)
	at org.apache.ratis.RaftTestUtil.waitForLeader(RaftTestUtil.java:77)
	at org.apache.ratis.RaftTestUtil.waitForLeader(RaftTestUtil.java:72)
	at org.apache.ratis.RetryCacheTests.runTestBasicRetry(RetryCacheTests.java:64)
	at org.apache.ratis.MiniRaftCluster$Factory$Get.runWithNewCluster(MiniRaftCluster.java:125)
	at org.apache.ratis.MiniRaftCluster$Factory$Get.runWithNewCluster(MiniRaftCluster.java:113)
	at org.apache.ratis.RetryCacheTests.testBasicRetry(RetryCacheTests.java:60)
	at sun.reflect.NativeMethodAccessorImpl.invoke0(Native Method)
	at sun.reflect.NativeMethodAccessorImpl.invoke(NativeMethodAccessorImpl.java:62)
	at sun.reflect.DelegatingMethodAccessorImpl.invoke(DelegatingMethodAccessorImpl.java:43)
	at java.lang.reflect.Method.invoke(Method.java:498)
	at org.junit.runners.model.FrameworkMethod$1.runReflectiveCall(FrameworkMethod.java:50)
	at org.junit.internal.runners.model.ReflectiveCallable.run(ReflectiveCallable.java:12)
	at org.junit.runners.model.FrameworkMethod.invokeExplosively(FrameworkMethod.java:47)
	at org.junit.internal.runners.statements.InvokeMethod.evaluate(InvokeMethod.java:17)
	at org.junit.internal.runners.statements.RunAfters.evaluate(RunAfters.java:27)
	at org.junit.internal.runners.statements.FailOnTimeout$CallableStatement.call(FailOnTimeout.java:298)
	at org.junit.internal.runners.statements.FailOnTimeout$CallableStatement.call(FailOnTimeout.java:292)
	at java.util.concurrent.FutureTask.run(FutureTask.java:266)
	at java.lang.Thread.run(Thread.java:748)
2019-09-24 16:36:05,352 WARN  ratis.RaftTestUtil (JavaUtils.java:attempt(158)) - FAILED "waitForLeader-null-(expectLeader? true)", attempt #31/100: java.lang.IllegalStateException: No leader yet : printing ALL groups
  s0:  RUNNING CANDIDATE s0@group-31A0E89A70DD:t2, leader=null, voted=s0, raftlog=s0@group-31A0E89A70DD-SegmentedRaftLog:OPENED:c-1,f-1,i0, conf=-1: [s0:0.0.0.0:43926, s1:0.0.0.0:41045, s2:0.0.0.0:43384], old=null RUNNING
  s1:  RUNNING CANDIDATE s1@group-31A0E89A70DD:t2, leader=null, voted=s1, raftlog=s1@group-31A0E89A70DD-SegmentedRaftLog:OPENED:c-1,f-1,i0, conf=-1: [s0:0.0.0.0:43926, s1:0.0.0.0:41045, s2:0.0.0.0:43384], old=null RUNNING
  s2:  RUNNING CANDIDATE s2@group-31A0E89A70DD:t2, leader=null, voted=s2, raftlog=s2@group-31A0E89A70DD-SegmentedRaftLog:OPENED:c-1,f-1,i0, conf=-1: [s0:0.0.0.0:43926, s1:0.0.0.0:41045, s2:0.0.0.0:43384], old=null RUNNING, sleep 450ms and then retry.
java.lang.IllegalStateException: No leader yet : printing ALL groups
  s0:  RUNNING CANDIDATE s0@group-31A0E89A70DD:t2, leader=null, voted=s0, raftlog=s0@group-31A0E89A70DD-SegmentedRaftLog:OPENED:c-1,f-1,i0, conf=-1: [s0:0.0.0.0:43926, s1:0.0.0.0:41045, s2:0.0.0.0:43384], old=null RUNNING
  s1:  RUNNING CANDIDATE s1@group-31A0E89A70DD:t2, leader=null, voted=s1, raftlog=s1@group-31A0E89A70DD-SegmentedRaftLog:OPENED:c-1,f-1,i0, conf=-1: [s0:0.0.0.0:43926, s1:0.0.0.0:41045, s2:0.0.0.0:43384], old=null RUNNING
  s2:  RUNNING CANDIDATE s2@group-31A0E89A70DD:t2, leader=null, voted=s2, raftlog=s2@group-31A0E89A70DD-SegmentedRaftLog:OPENED:c-1,f-1,i0, conf=-1: [s0:0.0.0.0:43926, s1:0.0.0.0:41045, s2:0.0.0.0:43384], old=null RUNNING
	at org.apache.ratis.MiniRaftCluster.newIllegalStateExceptionForNoLeaders(MiniRaftCluster.java:506)
	at org.apache.ratis.RaftTestUtil.lambda$waitForLeader$1(RaftTestUtil.java:90)
	at org.apache.ratis.MiniRaftCluster.getLeader(MiniRaftCluster.java:539)
	at org.apache.ratis.MiniRaftCluster.getLeader(MiniRaftCluster.java:532)
	at org.apache.ratis.RaftTestUtil.lambda$waitForLeader$3(RaftTestUtil.java:98)
	at org.apache.ratis.util.JavaUtils.attempt(JavaUtils.java:152)
	at org.apache.ratis.RaftTestUtil.waitForLeader(RaftTestUtil.java:97)
	at org.apache.ratis.RaftTestUtil.waitForLeader(RaftTestUtil.java:77)
	at org.apache.ratis.RaftTestUtil.waitForLeader(RaftTestUtil.java:72)
	at org.apache.ratis.RetryCacheTests.runTestBasicRetry(RetryCacheTests.java:64)
	at org.apache.ratis.MiniRaftCluster$Factory$Get.runWithNewCluster(MiniRaftCluster.java:125)
	at org.apache.ratis.MiniRaftCluster$Factory$Get.runWithNewCluster(MiniRaftCluster.java:113)
	at org.apache.ratis.RetryCacheTests.testBasicRetry(RetryCacheTests.java:60)
	at sun.reflect.NativeMethodAccessorImpl.invoke0(Native Method)
	at sun.reflect.NativeMethodAccessorImpl.invoke(NativeMethodAccessorImpl.java:62)
	at sun.reflect.DelegatingMethodAccessorImpl.invoke(DelegatingMethodAccessorImpl.java:43)
	at java.lang.reflect.Method.invoke(Method.java:498)
	at org.junit.runners.model.FrameworkMethod$1.runReflectiveCall(FrameworkMethod.java:50)
	at org.junit.internal.runners.model.ReflectiveCallable.run(ReflectiveCallable.java:12)
	at org.junit.runners.model.FrameworkMethod.invokeExplosively(FrameworkMethod.java:47)
	at org.junit.internal.runners.statements.InvokeMethod.evaluate(InvokeMethod.java:17)
	at org.junit.internal.runners.statements.RunAfters.evaluate(RunAfters.java:27)
	at org.junit.internal.runners.statements.FailOnTimeout$CallableStatement.call(FailOnTimeout.java:298)
	at org.junit.internal.runners.statements.FailOnTimeout$CallableStatement.call(FailOnTimeout.java:292)
	at java.util.concurrent.FutureTask.run(FutureTask.java:266)
	at java.lang.Thread.run(Thread.java:748)
2019-09-24 16:36:05,804 WARN  ratis.RaftTestUtil (JavaUtils.java:attempt(158)) - FAILED "waitForLeader-null-(expectLeader? true)", attempt #32/100: java.lang.IllegalStateException: No leader yet : printing ALL groups
  s0:  RUNNING CANDIDATE s0@group-31A0E89A70DD:t2, leader=null, voted=s0, raftlog=s0@group-31A0E89A70DD-SegmentedRaftLog:OPENED:c-1,f-1,i0, conf=-1: [s0:0.0.0.0:43926, s1:0.0.0.0:41045, s2:0.0.0.0:43384], old=null RUNNING
  s1:  RUNNING CANDIDATE s1@group-31A0E89A70DD:t2, leader=null, voted=s1, raftlog=s1@group-31A0E89A70DD-SegmentedRaftLog:OPENED:c-1,f-1,i0, conf=-1: [s0:0.0.0.0:43926, s1:0.0.0.0:41045, s2:0.0.0.0:43384], old=null RUNNING
  s2:  RUNNING CANDIDATE s2@group-31A0E89A70DD:t2, leader=null, voted=s2, raftlog=s2@group-31A0E89A70DD-SegmentedRaftLog:OPENED:c-1,f-1,i0, conf=-1: [s0:0.0.0.0:43926, s1:0.0.0.0:41045, s2:0.0.0.0:43384], old=null RUNNING, sleep 450ms and then retry.
java.lang.IllegalStateException: No leader yet : printing ALL groups
  s0:  RUNNING CANDIDATE s0@group-31A0E89A70DD:t2, leader=null, voted=s0, raftlog=s0@group-31A0E89A70DD-SegmentedRaftLog:OPENED:c-1,f-1,i0, conf=-1: [s0:0.0.0.0:43926, s1:0.0.0.0:41045, s2:0.0.0.0:43384], old=null RUNNING
  s1:  RUNNING CANDIDATE s1@group-31A0E89A70DD:t2, leader=null, voted=s1, raftlog=s1@group-31A0E89A70DD-SegmentedRaftLog:OPENED:c-1,f-1,i0, conf=-1: [s0:0.0.0.0:43926, s1:0.0.0.0:41045, s2:0.0.0.0:43384], old=null RUNNING
  s2:  RUNNING CANDIDATE s2@group-31A0E89A70DD:t2, leader=null, voted=s2, raftlog=s2@group-31A0E89A70DD-SegmentedRaftLog:OPENED:c-1,f-1,i0, conf=-1: [s0:0.0.0.0:43926, s1:0.0.0.0:41045, s2:0.0.0.0:43384], old=null RUNNING
	at org.apache.ratis.MiniRaftCluster.newIllegalStateExceptionForNoLeaders(MiniRaftCluster.java:506)
	at org.apache.ratis.RaftTestUtil.lambda$waitForLeader$1(RaftTestUtil.java:90)
	at org.apache.ratis.MiniRaftCluster.getLeader(MiniRaftCluster.java:539)
	at org.apache.ratis.MiniRaftCluster.getLeader(MiniRaftCluster.java:532)
	at org.apache.ratis.RaftTestUtil.lambda$waitForLeader$3(RaftTestUtil.java:98)
	at org.apache.ratis.util.JavaUtils.attempt(JavaUtils.java:152)
	at org.apache.ratis.RaftTestUtil.waitForLeader(RaftTestUtil.java:97)
	at org.apache.ratis.RaftTestUtil.waitForLeader(RaftTestUtil.java:77)
	at org.apache.ratis.RaftTestUtil.waitForLeader(RaftTestUtil.java:72)
	at org.apache.ratis.RetryCacheTests.runTestBasicRetry(RetryCacheTests.java:64)
	at org.apache.ratis.MiniRaftCluster$Factory$Get.runWithNewCluster(MiniRaftCluster.java:125)
	at org.apache.ratis.MiniRaftCluster$Factory$Get.runWithNewCluster(MiniRaftCluster.java:113)
	at org.apache.ratis.RetryCacheTests.testBasicRetry(RetryCacheTests.java:60)
	at sun.reflect.NativeMethodAccessorImpl.invoke0(Native Method)
	at sun.reflect.NativeMethodAccessorImpl.invoke(NativeMethodAccessorImpl.java:62)
	at sun.reflect.DelegatingMethodAccessorImpl.invoke(DelegatingMethodAccessorImpl.java:43)
	at java.lang.reflect.Method.invoke(Method.java:498)
	at org.junit.runners.model.FrameworkMethod$1.runReflectiveCall(FrameworkMethod.java:50)
	at org.junit.internal.runners.model.ReflectiveCallable.run(ReflectiveCallable.java:12)
	at org.junit.runners.model.FrameworkMethod.invokeExplosively(FrameworkMethod.java:47)
	at org.junit.internal.runners.statements.InvokeMethod.evaluate(InvokeMethod.java:17)
	at org.junit.internal.runners.statements.RunAfters.evaluate(RunAfters.java:27)
	at org.junit.internal.runners.statements.FailOnTimeout$CallableStatement.call(FailOnTimeout.java:298)
	at org.junit.internal.runners.statements.FailOnTimeout$CallableStatement.call(FailOnTimeout.java:292)
	at java.util.concurrent.FutureTask.run(FutureTask.java:266)
	at java.lang.Thread.run(Thread.java:748)
2019-09-24 16:36:06,255 WARN  ratis.RaftTestUtil (JavaUtils.java:attempt(158)) - FAILED "waitForLeader-null-(expectLeader? true)", attempt #33/100: java.lang.IllegalStateException: No leader yet : printing ALL groups
  s0:  RUNNING CANDIDATE s0@group-31A0E89A70DD:t2, leader=null, voted=s0, raftlog=s0@group-31A0E89A70DD-SegmentedRaftLog:OPENED:c-1,f-1,i0, conf=-1: [s0:0.0.0.0:43926, s1:0.0.0.0:41045, s2:0.0.0.0:43384], old=null RUNNING
  s1:  RUNNING CANDIDATE s1@group-31A0E89A70DD:t2, leader=null, voted=s1, raftlog=s1@group-31A0E89A70DD-SegmentedRaftLog:OPENED:c-1,f-1,i0, conf=-1: [s0:0.0.0.0:43926, s1:0.0.0.0:41045, s2:0.0.0.0:43384], old=null RUNNING
  s2:  RUNNING CANDIDATE s2@group-31A0E89A70DD:t2, leader=null, voted=s2, raftlog=s2@group-31A0E89A70DD-SegmentedRaftLog:OPENED:c-1,f-1,i0, conf=-1: [s0:0.0.0.0:43926, s1:0.0.0.0:41045, s2:0.0.0.0:43384], old=null RUNNING, sleep 450ms and then retry.
java.lang.IllegalStateException: No leader yet : printing ALL groups
  s0:  RUNNING CANDIDATE s0@group-31A0E89A70DD:t2, leader=null, voted=s0, raftlog=s0@group-31A0E89A70DD-SegmentedRaftLog:OPENED:c-1,f-1,i0, conf=-1: [s0:0.0.0.0:43926, s1:0.0.0.0:41045, s2:0.0.0.0:43384], old=null RUNNING
  s1:  RUNNING CANDIDATE s1@group-31A0E89A70DD:t2, leader=null, voted=s1, raftlog=s1@group-31A0E89A70DD-SegmentedRaftLog:OPENED:c-1,f-1,i0, conf=-1: [s0:0.0.0.0:43926, s1:0.0.0.0:41045, s2:0.0.0.0:43384], old=null RUNNING
  s2:  RUNNING CANDIDATE s2@group-31A0E89A70DD:t2, leader=null, voted=s2, raftlog=s2@group-31A0E89A70DD-SegmentedRaftLog:OPENED:c-1,f-1,i0, conf=-1: [s0:0.0.0.0:43926, s1:0.0.0.0:41045, s2:0.0.0.0:43384], old=null RUNNING
	at org.apache.ratis.MiniRaftCluster.newIllegalStateExceptionForNoLeaders(MiniRaftCluster.java:506)
	at org.apache.ratis.RaftTestUtil.lambda$waitForLeader$1(RaftTestUtil.java:90)
	at org.apache.ratis.MiniRaftCluster.getLeader(MiniRaftCluster.java:539)
	at org.apache.ratis.MiniRaftCluster.getLeader(MiniRaftCluster.java:532)
	at org.apache.ratis.RaftTestUtil.lambda$waitForLeader$3(RaftTestUtil.java:98)
	at org.apache.ratis.util.JavaUtils.attempt(JavaUtils.java:152)
	at org.apache.ratis.RaftTestUtil.waitForLeader(RaftTestUtil.java:97)
	at org.apache.ratis.RaftTestUtil.waitForLeader(RaftTestUtil.java:77)
	at org.apache.ratis.RaftTestUtil.waitForLeader(RaftTestUtil.java:72)
	at org.apache.ratis.RetryCacheTests.runTestBasicRetry(RetryCacheTests.java:64)
	at org.apache.ratis.MiniRaftCluster$Factory$Get.runWithNewCluster(MiniRaftCluster.java:125)
	at org.apache.ratis.MiniRaftCluster$Factory$Get.runWithNewCluster(MiniRaftCluster.java:113)
	at org.apache.ratis.RetryCacheTests.testBasicRetry(RetryCacheTests.java:60)
	at sun.reflect.NativeMethodAccessorImpl.invoke0(Native Method)
	at sun.reflect.NativeMethodAccessorImpl.invoke(NativeMethodAccessorImpl.java:62)
	at sun.reflect.DelegatingMethodAccessorImpl.invoke(DelegatingMethodAccessorImpl.java:43)
	at java.lang.reflect.Method.invoke(Method.java:498)
	at org.junit.runners.model.FrameworkMethod$1.runReflectiveCall(FrameworkMethod.java:50)
	at org.junit.internal.runners.model.ReflectiveCallable.run(ReflectiveCallable.java:12)
	at org.junit.runners.model.FrameworkMethod.invokeExplosively(FrameworkMethod.java:47)
	at org.junit.internal.runners.statements.InvokeMethod.evaluate(InvokeMethod.java:17)
	at org.junit.internal.runners.statements.RunAfters.evaluate(RunAfters.java:27)
	at org.junit.internal.runners.statements.FailOnTimeout$CallableStatement.call(FailOnTimeout.java:298)
	at org.junit.internal.runners.statements.FailOnTimeout$CallableStatement.call(FailOnTimeout.java:292)
	at java.util.concurrent.FutureTask.run(FutureTask.java:266)
	at java.lang.Thread.run(Thread.java:748)
2019-09-24 16:36:06,707 WARN  ratis.RaftTestUtil (JavaUtils.java:attempt(158)) - FAILED "waitForLeader-null-(expectLeader? true)", attempt #34/100: java.lang.IllegalStateException: No leader yet : printing ALL groups
  s0:  RUNNING CANDIDATE s0@group-31A0E89A70DD:t2, leader=null, voted=s0, raftlog=s0@group-31A0E89A70DD-SegmentedRaftLog:OPENED:c-1,f-1,i0, conf=-1: [s0:0.0.0.0:43926, s1:0.0.0.0:41045, s2:0.0.0.0:43384], old=null RUNNING
  s1:  RUNNING CANDIDATE s1@group-31A0E89A70DD:t2, leader=null, voted=s1, raftlog=s1@group-31A0E89A70DD-SegmentedRaftLog:OPENED:c-1,f-1,i0, conf=-1: [s0:0.0.0.0:43926, s1:0.0.0.0:41045, s2:0.0.0.0:43384], old=null RUNNING
  s2:  RUNNING CANDIDATE s2@group-31A0E89A70DD:t2, leader=null, voted=s2, raftlog=s2@group-31A0E89A70DD-SegmentedRaftLog:OPENED:c-1,f-1,i0, conf=-1: [s0:0.0.0.0:43926, s1:0.0.0.0:41045, s2:0.0.0.0:43384], old=null RUNNING, sleep 450ms and then retry.
java.lang.IllegalStateException: No leader yet : printing ALL groups
  s0:  RUNNING CANDIDATE s0@group-31A0E89A70DD:t2, leader=null, voted=s0, raftlog=s0@group-31A0E89A70DD-SegmentedRaftLog:OPENED:c-1,f-1,i0, conf=-1: [s0:0.0.0.0:43926, s1:0.0.0.0:41045, s2:0.0.0.0:43384], old=null RUNNING
  s1:  RUNNING CANDIDATE s1@group-31A0E89A70DD:t2, leader=null, voted=s1, raftlog=s1@group-31A0E89A70DD-SegmentedRaftLog:OPENED:c-1,f-1,i0, conf=-1: [s0:0.0.0.0:43926, s1:0.0.0.0:41045, s2:0.0.0.0:43384], old=null RUNNING
  s2:  RUNNING CANDIDATE s2@group-31A0E89A70DD:t2, leader=null, voted=s2, raftlog=s2@group-31A0E89A70DD-SegmentedRaftLog:OPENED:c-1,f-1,i0, conf=-1: [s0:0.0.0.0:43926, s1:0.0.0.0:41045, s2:0.0.0.0:43384], old=null RUNNING
	at org.apache.ratis.MiniRaftCluster.newIllegalStateExceptionForNoLeaders(MiniRaftCluster.java:506)
	at org.apache.ratis.RaftTestUtil.lambda$waitForLeader$1(RaftTestUtil.java:90)
	at org.apache.ratis.MiniRaftCluster.getLeader(MiniRaftCluster.java:539)
	at org.apache.ratis.MiniRaftCluster.getLeader(MiniRaftCluster.java:532)
	at org.apache.ratis.RaftTestUtil.lambda$waitForLeader$3(RaftTestUtil.java:98)
	at org.apache.ratis.util.JavaUtils.attempt(JavaUtils.java:152)
	at org.apache.ratis.RaftTestUtil.waitForLeader(RaftTestUtil.java:97)
	at org.apache.ratis.RaftTestUtil.waitForLeader(RaftTestUtil.java:77)
	at org.apache.ratis.RaftTestUtil.waitForLeader(RaftTestUtil.java:72)
	at org.apache.ratis.RetryCacheTests.runTestBasicRetry(RetryCacheTests.java:64)
	at org.apache.ratis.MiniRaftCluster$Factory$Get.runWithNewCluster(MiniRaftCluster.java:125)
	at org.apache.ratis.MiniRaftCluster$Factory$Get.runWithNewCluster(MiniRaftCluster.java:113)
	at org.apache.ratis.RetryCacheTests.testBasicRetry(RetryCacheTests.java:60)
	at sun.reflect.NativeMethodAccessorImpl.invoke0(Native Method)
	at sun.reflect.NativeMethodAccessorImpl.invoke(NativeMethodAccessorImpl.java:62)
	at sun.reflect.DelegatingMethodAccessorImpl.invoke(DelegatingMethodAccessorImpl.java:43)
	at java.lang.reflect.Method.invoke(Method.java:498)
	at org.junit.runners.model.FrameworkMethod$1.runReflectiveCall(FrameworkMethod.java:50)
	at org.junit.internal.runners.model.ReflectiveCallable.run(ReflectiveCallable.java:12)
	at org.junit.runners.model.FrameworkMethod.invokeExplosively(FrameworkMethod.java:47)
	at org.junit.internal.runners.statements.InvokeMethod.evaluate(InvokeMethod.java:17)
	at org.junit.internal.runners.statements.RunAfters.evaluate(RunAfters.java:27)
	at org.junit.internal.runners.statements.FailOnTimeout$CallableStatement.call(FailOnTimeout.java:298)
	at org.junit.internal.runners.statements.FailOnTimeout$CallableStatement.call(FailOnTimeout.java:292)
	at java.util.concurrent.FutureTask.run(FutureTask.java:266)
	at java.lang.Thread.run(Thread.java:748)
2019-09-24 16:36:07,159 WARN  ratis.RaftTestUtil (JavaUtils.java:attempt(158)) - FAILED "waitForLeader-null-(expectLeader? true)", attempt #35/100: java.lang.IllegalStateException: No leader yet : printing ALL groups
  s0:  RUNNING CANDIDATE s0@group-31A0E89A70DD:t2, leader=null, voted=s0, raftlog=s0@group-31A0E89A70DD-SegmentedRaftLog:OPENED:c-1,f-1,i0, conf=-1: [s0:0.0.0.0:43926, s1:0.0.0.0:41045, s2:0.0.0.0:43384], old=null RUNNING
  s1:  RUNNING CANDIDATE s1@group-31A0E89A70DD:t2, leader=null, voted=s1, raftlog=s1@group-31A0E89A70DD-SegmentedRaftLog:OPENED:c-1,f-1,i0, conf=-1: [s0:0.0.0.0:43926, s1:0.0.0.0:41045, s2:0.0.0.0:43384], old=null RUNNING
  s2:  RUNNING CANDIDATE s2@group-31A0E89A70DD:t2, leader=null, voted=s2, raftlog=s2@group-31A0E89A70DD-SegmentedRaftLog:OPENED:c-1,f-1,i0, conf=-1: [s0:0.0.0.0:43926, s1:0.0.0.0:41045, s2:0.0.0.0:43384], old=null RUNNING, sleep 450ms and then retry.
java.lang.IllegalStateException: No leader yet : printing ALL groups
  s0:  RUNNING CANDIDATE s0@group-31A0E89A70DD:t2, leader=null, voted=s0, raftlog=s0@group-31A0E89A70DD-SegmentedRaftLog:OPENED:c-1,f-1,i0, conf=-1: [s0:0.0.0.0:43926, s1:0.0.0.0:41045, s2:0.0.0.0:43384], old=null RUNNING
  s1:  RUNNING CANDIDATE s1@group-31A0E89A70DD:t2, leader=null, voted=s1, raftlog=s1@group-31A0E89A70DD-SegmentedRaftLog:OPENED:c-1,f-1,i0, conf=-1: [s0:0.0.0.0:43926, s1:0.0.0.0:41045, s2:0.0.0.0:43384], old=null RUNNING
  s2:  RUNNING CANDIDATE s2@group-31A0E89A70DD:t2, leader=null, voted=s2, raftlog=s2@group-31A0E89A70DD-SegmentedRaftLog:OPENED:c-1,f-1,i0, conf=-1: [s0:0.0.0.0:43926, s1:0.0.0.0:41045, s2:0.0.0.0:43384], old=null RUNNING
	at org.apache.ratis.MiniRaftCluster.newIllegalStateExceptionForNoLeaders(MiniRaftCluster.java:506)
	at org.apache.ratis.RaftTestUtil.lambda$waitForLeader$1(RaftTestUtil.java:90)
	at org.apache.ratis.MiniRaftCluster.getLeader(MiniRaftCluster.java:539)
	at org.apache.ratis.MiniRaftCluster.getLeader(MiniRaftCluster.java:532)
	at org.apache.ratis.RaftTestUtil.lambda$waitForLeader$3(RaftTestUtil.java:98)
	at org.apache.ratis.util.JavaUtils.attempt(JavaUtils.java:152)
	at org.apache.ratis.RaftTestUtil.waitForLeader(RaftTestUtil.java:97)
	at org.apache.ratis.RaftTestUtil.waitForLeader(RaftTestUtil.java:77)
	at org.apache.ratis.RaftTestUtil.waitForLeader(RaftTestUtil.java:72)
	at org.apache.ratis.RetryCacheTests.runTestBasicRetry(RetryCacheTests.java:64)
	at org.apache.ratis.MiniRaftCluster$Factory$Get.runWithNewCluster(MiniRaftCluster.java:125)
	at org.apache.ratis.MiniRaftCluster$Factory$Get.runWithNewCluster(MiniRaftCluster.java:113)
	at org.apache.ratis.RetryCacheTests.testBasicRetry(RetryCacheTests.java:60)
	at sun.reflect.NativeMethodAccessorImpl.invoke0(Native Method)
	at sun.reflect.NativeMethodAccessorImpl.invoke(NativeMethodAccessorImpl.java:62)
	at sun.reflect.DelegatingMethodAccessorImpl.invoke(DelegatingMethodAccessorImpl.java:43)
	at java.lang.reflect.Method.invoke(Method.java:498)
	at org.junit.runners.model.FrameworkMethod$1.runReflectiveCall(FrameworkMethod.java:50)
	at org.junit.internal.runners.model.ReflectiveCallable.run(ReflectiveCallable.java:12)
	at org.junit.runners.model.FrameworkMethod.invokeExplosively(FrameworkMethod.java:47)
	at org.junit.internal.runners.statements.InvokeMethod.evaluate(InvokeMethod.java:17)
	at org.junit.internal.runners.statements.RunAfters.evaluate(RunAfters.java:27)
	at org.junit.internal.runners.statements.FailOnTimeout$CallableStatement.call(FailOnTimeout.java:298)
	at org.junit.internal.runners.statements.FailOnTimeout$CallableStatement.call(FailOnTimeout.java:292)
	at java.util.concurrent.FutureTask.run(FutureTask.java:266)
	at java.lang.Thread.run(Thread.java:748)
2019-09-24 16:36:07,612 WARN  ratis.RaftTestUtil (JavaUtils.java:attempt(158)) - FAILED "waitForLeader-null-(expectLeader? true)", attempt #36/100: java.lang.IllegalStateException: No leader yet : printing ALL groups
  s0:  RUNNING CANDIDATE s0@group-31A0E89A70DD:t2, leader=null, voted=s0, raftlog=s0@group-31A0E89A70DD-SegmentedRaftLog:OPENED:c-1,f-1,i0, conf=-1: [s0:0.0.0.0:43926, s1:0.0.0.0:41045, s2:0.0.0.0:43384], old=null RUNNING
  s1:  RUNNING CANDIDATE s1@group-31A0E89A70DD:t2, leader=null, voted=s1, raftlog=s1@group-31A0E89A70DD-SegmentedRaftLog:OPENED:c-1,f-1,i0, conf=-1: [s0:0.0.0.0:43926, s1:0.0.0.0:41045, s2:0.0.0.0:43384], old=null RUNNING
  s2:  RUNNING CANDIDATE s2@group-31A0E89A70DD:t2, leader=null, voted=s2, raftlog=s2@group-31A0E89A70DD-SegmentedRaftLog:OPENED:c-1,f-1,i0, conf=-1: [s0:0.0.0.0:43926, s1:0.0.0.0:41045, s2:0.0.0.0:43384], old=null RUNNING, sleep 450ms and then retry.
java.lang.IllegalStateException: No leader yet : printing ALL groups
  s0:  RUNNING CANDIDATE s0@group-31A0E89A70DD:t2, leader=null, voted=s0, raftlog=s0@group-31A0E89A70DD-SegmentedRaftLog:OPENED:c-1,f-1,i0, conf=-1: [s0:0.0.0.0:43926, s1:0.0.0.0:41045, s2:0.0.0.0:43384], old=null RUNNING
  s1:  RUNNING CANDIDATE s1@group-31A0E89A70DD:t2, leader=null, voted=s1, raftlog=s1@group-31A0E89A70DD-SegmentedRaftLog:OPENED:c-1,f-1,i0, conf=-1: [s0:0.0.0.0:43926, s1:0.0.0.0:41045, s2:0.0.0.0:43384], old=null RUNNING
  s2:  RUNNING CANDIDATE s2@group-31A0E89A70DD:t2, leader=null, voted=s2, raftlog=s2@group-31A0E89A70DD-SegmentedRaftLog:OPENED:c-1,f-1,i0, conf=-1: [s0:0.0.0.0:43926, s1:0.0.0.0:41045, s2:0.0.0.0:43384], old=null RUNNING
	at org.apache.ratis.MiniRaftCluster.newIllegalStateExceptionForNoLeaders(MiniRaftCluster.java:506)
	at org.apache.ratis.RaftTestUtil.lambda$waitForLeader$1(RaftTestUtil.java:90)
	at org.apache.ratis.MiniRaftCluster.getLeader(MiniRaftCluster.java:539)
	at org.apache.ratis.MiniRaftCluster.getLeader(MiniRaftCluster.java:532)
	at org.apache.ratis.RaftTestUtil.lambda$waitForLeader$3(RaftTestUtil.java:98)
	at org.apache.ratis.util.JavaUtils.attempt(JavaUtils.java:152)
	at org.apache.ratis.RaftTestUtil.waitForLeader(RaftTestUtil.java:97)
	at org.apache.ratis.RaftTestUtil.waitForLeader(RaftTestUtil.java:77)
	at org.apache.ratis.RaftTestUtil.waitForLeader(RaftTestUtil.java:72)
	at org.apache.ratis.RetryCacheTests.runTestBasicRetry(RetryCacheTests.java:64)
	at org.apache.ratis.MiniRaftCluster$Factory$Get.runWithNewCluster(MiniRaftCluster.java:125)
	at org.apache.ratis.MiniRaftCluster$Factory$Get.runWithNewCluster(MiniRaftCluster.java:113)
	at org.apache.ratis.RetryCacheTests.testBasicRetry(RetryCacheTests.java:60)
	at sun.reflect.NativeMethodAccessorImpl.invoke0(Native Method)
	at sun.reflect.NativeMethodAccessorImpl.invoke(NativeMethodAccessorImpl.java:62)
	at sun.reflect.DelegatingMethodAccessorImpl.invoke(DelegatingMethodAccessorImpl.java:43)
	at java.lang.reflect.Method.invoke(Method.java:498)
	at org.junit.runners.model.FrameworkMethod$1.runReflectiveCall(FrameworkMethod.java:50)
	at org.junit.internal.runners.model.ReflectiveCallable.run(ReflectiveCallable.java:12)
	at org.junit.runners.model.FrameworkMethod.invokeExplosively(FrameworkMethod.java:47)
	at org.junit.internal.runners.statements.InvokeMethod.evaluate(InvokeMethod.java:17)
	at org.junit.internal.runners.statements.RunAfters.evaluate(RunAfters.java:27)
	at org.junit.internal.runners.statements.FailOnTimeout$CallableStatement.call(FailOnTimeout.java:298)
	at org.junit.internal.runners.statements.FailOnTimeout$CallableStatement.call(FailOnTimeout.java:292)
	at java.util.concurrent.FutureTask.run(FutureTask.java:266)
	at java.lang.Thread.run(Thread.java:748)
2019-09-24 16:36:07,657 INFO  impl.LeaderElection (LeaderElection.java:askForVotes(178)) - s2@group-31A0E89A70DD-LeaderElection3: begin an election at term 2 for -1: [s0:0.0.0.0:43926, s1:0.0.0.0:41045, s2:0.0.0.0:43384], old=null
2019-09-24 16:36:07,657 INFO  impl.LeaderElection (LeaderElection.java:askForVotes(178)) - s0@group-31A0E89A70DD-LeaderElection1: begin an election at term 2 for -1: [s0:0.0.0.0:43926, s1:0.0.0.0:41045, s2:0.0.0.0:43384], old=null
2019-09-24 16:36:07,669 DEBUG impl.RaftServerImpl (RaftServerImpl.java:requestVote(775)) - s0@group-31A0E89A70DD replies to vote request: s2<-s0#0:FAIL-t2. Peer's state: s0@group-31A0E89A70DD:t2, leader=null, voted=s0, raftlog=s0@group-31A0E89A70DD-SegmentedRaftLog:OPENED:c-1,f-1,i0, conf=-1: [s0:0.0.0.0:43926, s1:0.0.0.0:41045, s2:0.0.0.0:43384], old=null
2019-09-24 16:36:07,669 DEBUG impl.RaftServerImpl (RaftServerImpl.java:requestVote(775)) - s2@group-31A0E89A70DD replies to vote request: s0<-s2#0:FAIL-t2. Peer's state: s2@group-31A0E89A70DD:t2, leader=null, voted=s2, raftlog=s2@group-31A0E89A70DD-SegmentedRaftLog:OPENED:c-1,f-1,i0, conf=-1: [s0:0.0.0.0:43926, s1:0.0.0.0:41045, s2:0.0.0.0:43384], old=null
2019-09-24 16:36:07,670 DEBUG impl.RaftServerImpl (RaftServerImpl.java:requestVote(775)) - s0@group-31A0E89A70DD replies to vote request: s1<-s0#0:FAIL-t2. Peer's state: s0@group-31A0E89A70DD:t2, leader=null, voted=s0, raftlog=s0@group-31A0E89A70DD-SegmentedRaftLog:OPENED:c-1,f-1,i0, conf=-1: [s0:0.0.0.0:43926, s1:0.0.0.0:41045, s2:0.0.0.0:43384], old=null
2019-09-24 16:36:07,670 DEBUG impl.RaftServerImpl (RaftServerImpl.java:requestVote(775)) - s2@group-31A0E89A70DD replies to vote request: s1<-s2#0:FAIL-t2. Peer's state: s2@group-31A0E89A70DD:t2, leader=null, voted=s2, raftlog=s2@group-31A0E89A70DD-SegmentedRaftLog:OPENED:c-1,f-1,i0, conf=-1: [s0:0.0.0.0:43926, s1:0.0.0.0:41045, s2:0.0.0.0:43384], old=null
2019-09-24 16:36:07,685 DEBUG impl.RaftServerImpl (RaftServerImpl.java:requestVote(743)) - s2@group-31A0E89A70DD: receive requestVote(s0, group-31A0E89A70DD, 2, (t:0, i:0))
2019-09-24 16:36:07,685 DEBUG impl.RaftServerImpl (RaftServerImpl.java:requestVote(743)) - s0@group-31A0E89A70DD: receive requestVote(s2, group-31A0E89A70DD, 2, (t:0, i:0))
2019-09-24 16:36:07,686 DEBUG impl.RaftServerImpl (RaftServerImpl.java:requestVote(775)) - s2@group-31A0E89A70DD replies to vote request: s0<-s2#0:FAIL-t2. Peer's state: s2@group-31A0E89A70DD:t2, leader=null, voted=s2, raftlog=s2@group-31A0E89A70DD-SegmentedRaftLog:OPENED:c-1,f-1,i0, conf=-1: [s0:0.0.0.0:43926, s1:0.0.0.0:41045, s2:0.0.0.0:43384], old=null
2019-09-24 16:36:07,687 DEBUG impl.RaftServerImpl (RaftServerImpl.java:requestVote(775)) - s0@group-31A0E89A70DD replies to vote request: s2<-s0#0:FAIL-t2. Peer's state: s0@group-31A0E89A70DD:t2, leader=null, voted=s0, raftlog=s0@group-31A0E89A70DD-SegmentedRaftLog:OPENED:c-1,f-1,i0, conf=-1: [s0:0.0.0.0:43926, s1:0.0.0.0:41045, s2:0.0.0.0:43384], old=null
2019-09-24 16:36:07,936 INFO  impl.LeaderElection (LeaderElection.java:logAndReturn(56)) - s0@group-31A0E89A70DD-LeaderElection1: Election TIMEOUT; received 1 response(s) [s0<-s2#0:FAIL-t2] and 0 exception(s); s0@group-31A0E89A70DD:t2, leader=null, voted=s0, raftlog=s0@group-31A0E89A70DD-SegmentedRaftLog:OPENED:c-1,f-1,i0, conf=-1: [s0:0.0.0.0:43926, s1:0.0.0.0:41045, s2:0.0.0.0:43384], old=null
2019-09-24 16:36:07,957 INFO  impl.LeaderElection (LeaderElection.java:logAndReturn(56)) - s2@group-31A0E89A70DD-LeaderElection3: Election TIMEOUT; received 1 response(s) [s2<-s0#0:FAIL-t2] and 0 exception(s); s2@group-31A0E89A70DD:t2, leader=null, voted=s2, raftlog=s2@group-31A0E89A70DD-SegmentedRaftLog:OPENED:c-1,f-1,i0, conf=-1: [s0:0.0.0.0:43926, s1:0.0.0.0:41045, s2:0.0.0.0:43384], old=null
2019-09-24 16:36:08,064 WARN  ratis.RaftTestUtil (JavaUtils.java:attempt(158)) - FAILED "waitForLeader-null-(expectLeader? true)", attempt #37/100: java.lang.IllegalStateException: No leader yet : printing ALL groups
  s0:  RUNNING CANDIDATE s0@group-31A0E89A70DD:t3, leader=null, voted=s0, raftlog=s0@group-31A0E89A70DD-SegmentedRaftLog:OPENED:c-1,f-1,i0, conf=-1: [s0:0.0.0.0:43926, s1:0.0.0.0:41045, s2:0.0.0.0:43384], old=null RUNNING
  s1:  RUNNING CANDIDATE s1@group-31A0E89A70DD:t2, leader=null, voted=s1, raftlog=s1@group-31A0E89A70DD-SegmentedRaftLog:OPENED:c-1,f-1,i0, conf=-1: [s0:0.0.0.0:43926, s1:0.0.0.0:41045, s2:0.0.0.0:43384], old=null RUNNING
  s2:  RUNNING CANDIDATE s2@group-31A0E89A70DD:t3, leader=null, voted=s2, raftlog=s2@group-31A0E89A70DD-SegmentedRaftLog:OPENED:c-1,f-1,i0, conf=-1: [s0:0.0.0.0:43926, s1:0.0.0.0:41045, s2:0.0.0.0:43384], old=null RUNNING, sleep 450ms and then retry.
java.lang.IllegalStateException: No leader yet : printing ALL groups
  s0:  RUNNING CANDIDATE s0@group-31A0E89A70DD:t3, leader=null, voted=s0, raftlog=s0@group-31A0E89A70DD-SegmentedRaftLog:OPENED:c-1,f-1,i0, conf=-1: [s0:0.0.0.0:43926, s1:0.0.0.0:41045, s2:0.0.0.0:43384], old=null RUNNING
  s1:  RUNNING CANDIDATE s1@group-31A0E89A70DD:t2, leader=null, voted=s1, raftlog=s1@group-31A0E89A70DD-SegmentedRaftLog:OPENED:c-1,f-1,i0, conf=-1: [s0:0.0.0.0:43926, s1:0.0.0.0:41045, s2:0.0.0.0:43384], old=null RUNNING
  s2:  RUNNING CANDIDATE s2@group-31A0E89A70DD:t3, leader=null, voted=s2, raftlog=s2@group-31A0E89A70DD-SegmentedRaftLog:OPENED:c-1,f-1,i0, conf=-1: [s0:0.0.0.0:43926, s1:0.0.0.0:41045, s2:0.0.0.0:43384], old=null RUNNING
	at org.apache.ratis.MiniRaftCluster.newIllegalStateExceptionForNoLeaders(MiniRaftCluster.java:506)
	at org.apache.ratis.RaftTestUtil.lambda$waitForLeader$1(RaftTestUtil.java:90)
	at org.apache.ratis.MiniRaftCluster.getLeader(MiniRaftCluster.java:539)
	at org.apache.ratis.MiniRaftCluster.getLeader(MiniRaftCluster.java:532)
	at org.apache.ratis.RaftTestUtil.lambda$waitForLeader$3(RaftTestUtil.java:98)
	at org.apache.ratis.util.JavaUtils.attempt(JavaUtils.java:152)
	at org.apache.ratis.RaftTestUtil.waitForLeader(RaftTestUtil.java:97)
	at org.apache.ratis.RaftTestUtil.waitForLeader(RaftTestUtil.java:77)
	at org.apache.ratis.RaftTestUtil.waitForLeader(RaftTestUtil.java:72)
	at org.apache.ratis.RetryCacheTests.runTestBasicRetry(RetryCacheTests.java:64)
	at org.apache.ratis.MiniRaftCluster$Factory$Get.runWithNewCluster(MiniRaftCluster.java:125)
	at org.apache.ratis.MiniRaftCluster$Factory$Get.runWithNewCluster(MiniRaftCluster.java:113)
	at org.apache.ratis.RetryCacheTests.testBasicRetry(RetryCacheTests.java:60)
	at sun.reflect.NativeMethodAccessorImpl.invoke0(Native Method)
	at sun.reflect.NativeMethodAccessorImpl.invoke(NativeMethodAccessorImpl.java:62)
	at sun.reflect.DelegatingMethodAccessorImpl.invoke(DelegatingMethodAccessorImpl.java:43)
	at java.lang.reflect.Method.invoke(Method.java:498)
	at org.junit.runners.model.FrameworkMethod$1.runReflectiveCall(FrameworkMethod.java:50)
	at org.junit.internal.runners.model.ReflectiveCallable.run(ReflectiveCallable.java:12)
	at org.junit.runners.model.FrameworkMethod.invokeExplosively(FrameworkMethod.java:47)
	at org.junit.internal.runners.statements.InvokeMethod.evaluate(InvokeMethod.java:17)
	at org.junit.internal.runners.statements.RunAfters.evaluate(RunAfters.java:27)
	at org.junit.internal.runners.statements.FailOnTimeout$CallableStatement.call(FailOnTimeout.java:298)
	at org.junit.internal.runners.statements.FailOnTimeout$CallableStatement.call(FailOnTimeout.java:292)
	at java.util.concurrent.FutureTask.run(FutureTask.java:266)
	at java.lang.Thread.run(Thread.java:748)
2019-09-24 16:36:08,516 WARN  ratis.RaftTestUtil (JavaUtils.java:attempt(158)) - FAILED "waitForLeader-null-(expectLeader? true)", attempt #38/100: java.lang.IllegalStateException: No leader yet : printing ALL groups
  s0:  RUNNING CANDIDATE s0@group-31A0E89A70DD:t3, leader=null, voted=s0, raftlog=s0@group-31A0E89A70DD-SegmentedRaftLog:OPENED:c-1,f-1,i0, conf=-1: [s0:0.0.0.0:43926, s1:0.0.0.0:41045, s2:0.0.0.0:43384], old=null RUNNING
  s1:  RUNNING CANDIDATE s1@group-31A0E89A70DD:t2, leader=null, voted=s1, raftlog=s1@group-31A0E89A70DD-SegmentedRaftLog:OPENED:c-1,f-1,i0, conf=-1: [s0:0.0.0.0:43926, s1:0.0.0.0:41045, s2:0.0.0.0:43384], old=null RUNNING
  s2:  RUNNING CANDIDATE s2@group-31A0E89A70DD:t3, leader=null, voted=s2, raftlog=s2@group-31A0E89A70DD-SegmentedRaftLog:OPENED:c-1,f-1,i0, conf=-1: [s0:0.0.0.0:43926, s1:0.0.0.0:41045, s2:0.0.0.0:43384], old=null RUNNING, sleep 450ms and then retry.
java.lang.IllegalStateException: No leader yet : printing ALL groups
  s0:  RUNNING CANDIDATE s0@group-31A0E89A70DD:t3, leader=null, voted=s0, raftlog=s0@group-31A0E89A70DD-SegmentedRaftLog:OPENED:c-1,f-1,i0, conf=-1: [s0:0.0.0.0:43926, s1:0.0.0.0:41045, s2:0.0.0.0:43384], old=null RUNNING
  s1:  RUNNING CANDIDATE s1@group-31A0E89A70DD:t2, leader=null, voted=s1, raftlog=s1@group-31A0E89A70DD-SegmentedRaftLog:OPENED:c-1,f-1,i0, conf=-1: [s0:0.0.0.0:43926, s1:0.0.0.0:41045, s2:0.0.0.0:43384], old=null RUNNING
  s2:  RUNNING CANDIDATE s2@group-31A0E89A70DD:t3, leader=null, voted=s2, raftlog=s2@group-31A0E89A70DD-SegmentedRaftLog:OPENED:c-1,f-1,i0, conf=-1: [s0:0.0.0.0:43926, s1:0.0.0.0:41045, s2:0.0.0.0:43384], old=null RUNNING
	at org.apache.ratis.MiniRaftCluster.newIllegalStateExceptionForNoLeaders(MiniRaftCluster.java:506)
	at org.apache.ratis.RaftTestUtil.lambda$waitForLeader$1(RaftTestUtil.java:90)
	at org.apache.ratis.MiniRaftCluster.getLeader(MiniRaftCluster.java:539)
	at org.apache.ratis.MiniRaftCluster.getLeader(MiniRaftCluster.java:532)
	at org.apache.ratis.RaftTestUtil.lambda$waitForLeader$3(RaftTestUtil.java:98)
	at org.apache.ratis.util.JavaUtils.attempt(JavaUtils.java:152)
	at org.apache.ratis.RaftTestUtil.waitForLeader(RaftTestUtil.java:97)
	at org.apache.ratis.RaftTestUtil.waitForLeader(RaftTestUtil.java:77)
	at org.apache.ratis.RaftTestUtil.waitForLeader(RaftTestUtil.java:72)
	at org.apache.ratis.RetryCacheTests.runTestBasicRetry(RetryCacheTests.java:64)
	at org.apache.ratis.MiniRaftCluster$Factory$Get.runWithNewCluster(MiniRaftCluster.java:125)
	at org.apache.ratis.MiniRaftCluster$Factory$Get.runWithNewCluster(MiniRaftCluster.java:113)
	at org.apache.ratis.RetryCacheTests.testBasicRetry(RetryCacheTests.java:60)
	at sun.reflect.NativeMethodAccessorImpl.invoke0(Native Method)
	at sun.reflect.NativeMethodAccessorImpl.invoke(NativeMethodAccessorImpl.java:62)
	at sun.reflect.DelegatingMethodAccessorImpl.invoke(DelegatingMethodAccessorImpl.java:43)
	at java.lang.reflect.Method.invoke(Method.java:498)
	at org.junit.runners.model.FrameworkMethod$1.runReflectiveCall(FrameworkMethod.java:50)
	at org.junit.internal.runners.model.ReflectiveCallable.run(ReflectiveCallable.java:12)
	at org.junit.runners.model.FrameworkMethod.invokeExplosively(FrameworkMethod.java:47)
	at org.junit.internal.runners.statements.InvokeMethod.evaluate(InvokeMethod.java:17)
	at org.junit.internal.runners.statements.RunAfters.evaluate(RunAfters.java:27)
	at org.junit.internal.runners.statements.FailOnTimeout$CallableStatement.call(FailOnTimeout.java:298)
	at org.junit.internal.runners.statements.FailOnTimeout$CallableStatement.call(FailOnTimeout.java:292)
	at java.util.concurrent.FutureTask.run(FutureTask.java:266)
	at java.lang.Thread.run(Thread.java:748)
2019-09-24 16:36:08,968 WARN  ratis.RaftTestUtil (JavaUtils.java:attempt(158)) - FAILED "waitForLeader-null-(expectLeader? true)", attempt #39/100: java.lang.IllegalStateException: No leader yet : printing ALL groups
  s0:  RUNNING CANDIDATE s0@group-31A0E89A70DD:t3, leader=null, voted=s0, raftlog=s0@group-31A0E89A70DD-SegmentedRaftLog:OPENED:c-1,f-1,i0, conf=-1: [s0:0.0.0.0:43926, s1:0.0.0.0:41045, s2:0.0.0.0:43384], old=null RUNNING
  s1:  RUNNING CANDIDATE s1@group-31A0E89A70DD:t2, leader=null, voted=s1, raftlog=s1@group-31A0E89A70DD-SegmentedRaftLog:OPENED:c-1,f-1,i0, conf=-1: [s0:0.0.0.0:43926, s1:0.0.0.0:41045, s2:0.0.0.0:43384], old=null RUNNING
  s2:  RUNNING CANDIDATE s2@group-31A0E89A70DD:t3, leader=null, voted=s2, raftlog=s2@group-31A0E89A70DD-SegmentedRaftLog:OPENED:c-1,f-1,i0, conf=-1: [s0:0.0.0.0:43926, s1:0.0.0.0:41045, s2:0.0.0.0:43384], old=null RUNNING, sleep 450ms and then retry.
java.lang.IllegalStateException: No leader yet : printing ALL groups
  s0:  RUNNING CANDIDATE s0@group-31A0E89A70DD:t3, leader=null, voted=s0, raftlog=s0@group-31A0E89A70DD-SegmentedRaftLog:OPENED:c-1,f-1,i0, conf=-1: [s0:0.0.0.0:43926, s1:0.0.0.0:41045, s2:0.0.0.0:43384], old=null RUNNING
  s1:  RUNNING CANDIDATE s1@group-31A0E89A70DD:t2, leader=null, voted=s1, raftlog=s1@group-31A0E89A70DD-SegmentedRaftLog:OPENED:c-1,f-1,i0, conf=-1: [s0:0.0.0.0:43926, s1:0.0.0.0:41045, s2:0.0.0.0:43384], old=null RUNNING
  s2:  RUNNING CANDIDATE s2@group-31A0E89A70DD:t3, leader=null, voted=s2, raftlog=s2@group-31A0E89A70DD-SegmentedRaftLog:OPENED:c-1,f-1,i0, conf=-1: [s0:0.0.0.0:43926, s1:0.0.0.0:41045, s2:0.0.0.0:43384], old=null RUNNING
	at org.apache.ratis.MiniRaftCluster.newIllegalStateExceptionForNoLeaders(MiniRaftCluster.java:506)
	at org.apache.ratis.RaftTestUtil.lambda$waitForLeader$1(RaftTestUtil.java:90)
	at org.apache.ratis.MiniRaftCluster.getLeader(MiniRaftCluster.java:539)
	at org.apache.ratis.MiniRaftCluster.getLeader(MiniRaftCluster.java:532)
	at org.apache.ratis.RaftTestUtil.lambda$waitForLeader$3(RaftTestUtil.java:98)
	at org.apache.ratis.util.JavaUtils.attempt(JavaUtils.java:152)
	at org.apache.ratis.RaftTestUtil.waitForLeader(RaftTestUtil.java:97)
	at org.apache.ratis.RaftTestUtil.waitForLeader(RaftTestUtil.java:77)
	at org.apache.ratis.RaftTestUtil.waitForLeader(RaftTestUtil.java:72)
	at org.apache.ratis.RetryCacheTests.runTestBasicRetry(RetryCacheTests.java:64)
	at org.apache.ratis.MiniRaftCluster$Factory$Get.runWithNewCluster(MiniRaftCluster.java:125)
	at org.apache.ratis.MiniRaftCluster$Factory$Get.runWithNewCluster(MiniRaftCluster.java:113)
	at org.apache.ratis.RetryCacheTests.testBasicRetry(RetryCacheTests.java:60)
	at sun.reflect.NativeMethodAccessorImpl.invoke0(Native Method)
	at sun.reflect.NativeMethodAccessorImpl.invoke(NativeMethodAccessorImpl.java:62)
	at sun.reflect.DelegatingMethodAccessorImpl.invoke(DelegatingMethodAccessorImpl.java:43)
	at java.lang.reflect.Method.invoke(Method.java:498)
	at org.junit.runners.model.FrameworkMethod$1.runReflectiveCall(FrameworkMethod.java:50)
	at org.junit.internal.runners.model.ReflectiveCallable.run(ReflectiveCallable.java:12)
	at org.junit.runners.model.FrameworkMethod.invokeExplosively(FrameworkMethod.java:47)
	at org.junit.internal.runners.statements.InvokeMethod.evaluate(InvokeMethod.java:17)
	at org.junit.internal.runners.statements.RunAfters.evaluate(RunAfters.java:27)
	at org.junit.internal.runners.statements.FailOnTimeout$CallableStatement.call(FailOnTimeout.java:298)
	at org.junit.internal.runners.statements.FailOnTimeout$CallableStatement.call(FailOnTimeout.java:292)
	at java.util.concurrent.FutureTask.run(FutureTask.java:266)
	at java.lang.Thread.run(Thread.java:748)
2019-09-24 16:36:09,420 WARN  ratis.RaftTestUtil (JavaUtils.java:attempt(158)) - FAILED "waitForLeader-null-(expectLeader? true)", attempt #40/100: java.lang.IllegalStateException: No leader yet : printing ALL groups
  s0:  RUNNING CANDIDATE s0@group-31A0E89A70DD:t3, leader=null, voted=s0, raftlog=s0@group-31A0E89A70DD-SegmentedRaftLog:OPENED:c-1,f-1,i0, conf=-1: [s0:0.0.0.0:43926, s1:0.0.0.0:41045, s2:0.0.0.0:43384], old=null RUNNING
  s1:  RUNNING CANDIDATE s1@group-31A0E89A70DD:t2, leader=null, voted=s1, raftlog=s1@group-31A0E89A70DD-SegmentedRaftLog:OPENED:c-1,f-1,i0, conf=-1: [s0:0.0.0.0:43926, s1:0.0.0.0:41045, s2:0.0.0.0:43384], old=null RUNNING
  s2:  RUNNING CANDIDATE s2@group-31A0E89A70DD:t3, leader=null, voted=s2, raftlog=s2@group-31A0E89A70DD-SegmentedRaftLog:OPENED:c-1,f-1,i0, conf=-1: [s0:0.0.0.0:43926, s1:0.0.0.0:41045, s2:0.0.0.0:43384], old=null RUNNING, sleep 450ms and then retry.
java.lang.IllegalStateException: No leader yet : printing ALL groups
  s0:  RUNNING CANDIDATE s0@group-31A0E89A70DD:t3, leader=null, voted=s0, raftlog=s0@group-31A0E89A70DD-SegmentedRaftLog:OPENED:c-1,f-1,i0, conf=-1: [s0:0.0.0.0:43926, s1:0.0.0.0:41045, s2:0.0.0.0:43384], old=null RUNNING
  s1:  RUNNING CANDIDATE s1@group-31A0E89A70DD:t2, leader=null, voted=s1, raftlog=s1@group-31A0E89A70DD-SegmentedRaftLog:OPENED:c-1,f-1,i0, conf=-1: [s0:0.0.0.0:43926, s1:0.0.0.0:41045, s2:0.0.0.0:43384], old=null RUNNING
  s2:  RUNNING CANDIDATE s2@group-31A0E89A70DD:t3, leader=null, voted=s2, raftlog=s2@group-31A0E89A70DD-SegmentedRaftLog:OPENED:c-1,f-1,i0, conf=-1: [s0:0.0.0.0:43926, s1:0.0.0.0:41045, s2:0.0.0.0:43384], old=null RUNNING
	at org.apache.ratis.MiniRaftCluster.newIllegalStateExceptionForNoLeaders(MiniRaftCluster.java:506)
	at org.apache.ratis.RaftTestUtil.lambda$waitForLeader$1(RaftTestUtil.java:90)
	at org.apache.ratis.MiniRaftCluster.getLeader(MiniRaftCluster.java:539)
	at org.apache.ratis.MiniRaftCluster.getLeader(MiniRaftCluster.java:532)
	at org.apache.ratis.RaftTestUtil.lambda$waitForLeader$3(RaftTestUtil.java:98)
	at org.apache.ratis.util.JavaUtils.attempt(JavaUtils.java:152)
	at org.apache.ratis.RaftTestUtil.waitForLeader(RaftTestUtil.java:97)
	at org.apache.ratis.RaftTestUtil.waitForLeader(RaftTestUtil.java:77)
	at org.apache.ratis.RaftTestUtil.waitForLeader(RaftTestUtil.java:72)
	at org.apache.ratis.RetryCacheTests.runTestBasicRetry(RetryCacheTests.java:64)
	at org.apache.ratis.MiniRaftCluster$Factory$Get.runWithNewCluster(MiniRaftCluster.java:125)
	at org.apache.ratis.MiniRaftCluster$Factory$Get.runWithNewCluster(MiniRaftCluster.java:113)
	at org.apache.ratis.RetryCacheTests.testBasicRetry(RetryCacheTests.java:60)
	at sun.reflect.NativeMethodAccessorImpl.invoke0(Native Method)
	at sun.reflect.NativeMethodAccessorImpl.invoke(NativeMethodAccessorImpl.java:62)
	at sun.reflect.DelegatingMethodAccessorImpl.invoke(DelegatingMethodAccessorImpl.java:43)
	at java.lang.reflect.Method.invoke(Method.java:498)
	at org.junit.runners.model.FrameworkMethod$1.runReflectiveCall(FrameworkMethod.java:50)
	at org.junit.internal.runners.model.ReflectiveCallable.run(ReflectiveCallable.java:12)
	at org.junit.runners.model.FrameworkMethod.invokeExplosively(FrameworkMethod.java:47)
	at org.junit.internal.runners.statements.InvokeMethod.evaluate(InvokeMethod.java:17)
	at org.junit.internal.runners.statements.RunAfters.evaluate(RunAfters.java:27)
	at org.junit.internal.runners.statements.FailOnTimeout$CallableStatement.call(FailOnTimeout.java:298)
	at org.junit.internal.runners.statements.FailOnTimeout$CallableStatement.call(FailOnTimeout.java:292)
	at java.util.concurrent.FutureTask.run(FutureTask.java:266)
	at java.lang.Thread.run(Thread.java:748)
2019-09-24 16:36:09,873 WARN  ratis.RaftTestUtil (JavaUtils.java:attempt(158)) - FAILED "waitForLeader-null-(expectLeader? true)", attempt #41/100: java.lang.IllegalStateException: No leader yet : printing ALL groups
  s0:  RUNNING CANDIDATE s0@group-31A0E89A70DD:t3, leader=null, voted=s0, raftlog=s0@group-31A0E89A70DD-SegmentedRaftLog:OPENED:c-1,f-1,i0, conf=-1: [s0:0.0.0.0:43926, s1:0.0.0.0:41045, s2:0.0.0.0:43384], old=null RUNNING
  s1:  RUNNING CANDIDATE s1@group-31A0E89A70DD:t2, leader=null, voted=s1, raftlog=s1@group-31A0E89A70DD-SegmentedRaftLog:OPENED:c-1,f-1,i0, conf=-1: [s0:0.0.0.0:43926, s1:0.0.0.0:41045, s2:0.0.0.0:43384], old=null RUNNING
  s2:  RUNNING CANDIDATE s2@group-31A0E89A70DD:t3, leader=null, voted=s2, raftlog=s2@group-31A0E89A70DD-SegmentedRaftLog:OPENED:c-1,f-1,i0, conf=-1: [s0:0.0.0.0:43926, s1:0.0.0.0:41045, s2:0.0.0.0:43384], old=null RUNNING, sleep 450ms and then retry.
java.lang.IllegalStateException: No leader yet : printing ALL groups
  s0:  RUNNING CANDIDATE s0@group-31A0E89A70DD:t3, leader=null, voted=s0, raftlog=s0@group-31A0E89A70DD-SegmentedRaftLog:OPENED:c-1,f-1,i0, conf=-1: [s0:0.0.0.0:43926, s1:0.0.0.0:41045, s2:0.0.0.0:43384], old=null RUNNING
  s1:  RUNNING CANDIDATE s1@group-31A0E89A70DD:t2, leader=null, voted=s1, raftlog=s1@group-31A0E89A70DD-SegmentedRaftLog:OPENED:c-1,f-1,i0, conf=-1: [s0:0.0.0.0:43926, s1:0.0.0.0:41045, s2:0.0.0.0:43384], old=null RUNNING
  s2:  RUNNING CANDIDATE s2@group-31A0E89A70DD:t3, leader=null, voted=s2, raftlog=s2@group-31A0E89A70DD-SegmentedRaftLog:OPENED:c-1,f-1,i0, conf=-1: [s0:0.0.0.0:43926, s1:0.0.0.0:41045, s2:0.0.0.0:43384], old=null RUNNING
	at org.apache.ratis.MiniRaftCluster.newIllegalStateExceptionForNoLeaders(MiniRaftCluster.java:506)
	at org.apache.ratis.RaftTestUtil.lambda$waitForLeader$1(RaftTestUtil.java:90)
	at org.apache.ratis.MiniRaftCluster.getLeader(MiniRaftCluster.java:539)
	at org.apache.ratis.MiniRaftCluster.getLeader(MiniRaftCluster.java:532)
	at org.apache.ratis.RaftTestUtil.lambda$waitForLeader$3(RaftTestUtil.java:98)
	at org.apache.ratis.util.JavaUtils.attempt(JavaUtils.java:152)
	at org.apache.ratis.RaftTestUtil.waitForLeader(RaftTestUtil.java:97)
	at org.apache.ratis.RaftTestUtil.waitForLeader(RaftTestUtil.java:77)
	at org.apache.ratis.RaftTestUtil.waitForLeader(RaftTestUtil.java:72)
	at org.apache.ratis.RetryCacheTests.runTestBasicRetry(RetryCacheTests.java:64)
	at org.apache.ratis.MiniRaftCluster$Factory$Get.runWithNewCluster(MiniRaftCluster.java:125)
	at org.apache.ratis.MiniRaftCluster$Factory$Get.runWithNewCluster(MiniRaftCluster.java:113)
	at org.apache.ratis.RetryCacheTests.testBasicRetry(RetryCacheTests.java:60)
	at sun.reflect.NativeMethodAccessorImpl.invoke0(Native Method)
	at sun.reflect.NativeMethodAccessorImpl.invoke(NativeMethodAccessorImpl.java:62)
	at sun.reflect.DelegatingMethodAccessorImpl.invoke(DelegatingMethodAccessorImpl.java:43)
	at java.lang.reflect.Method.invoke(Method.java:498)
	at org.junit.runners.model.FrameworkMethod$1.runReflectiveCall(FrameworkMethod.java:50)
	at org.junit.internal.runners.model.ReflectiveCallable.run(ReflectiveCallable.java:12)
	at org.junit.runners.model.FrameworkMethod.invokeExplosively(FrameworkMethod.java:47)
	at org.junit.internal.runners.statements.InvokeMethod.evaluate(InvokeMethod.java:17)
	at org.junit.internal.runners.statements.RunAfters.evaluate(RunAfters.java:27)
	at org.junit.internal.runners.statements.FailOnTimeout$CallableStatement.call(FailOnTimeout.java:298)
	at org.junit.internal.runners.statements.FailOnTimeout$CallableStatement.call(FailOnTimeout.java:292)
	at java.util.concurrent.FutureTask.run(FutureTask.java:266)
	at java.lang.Thread.run(Thread.java:748)
2019-09-24 16:36:10,324 WARN  ratis.RaftTestUtil (JavaUtils.java:attempt(158)) - FAILED "waitForLeader-null-(expectLeader? true)", attempt #42/100: java.lang.IllegalStateException: No leader yet : printing ALL groups
  s0:  RUNNING CANDIDATE s0@group-31A0E89A70DD:t3, leader=null, voted=s0, raftlog=s0@group-31A0E89A70DD-SegmentedRaftLog:OPENED:c-1,f-1,i0, conf=-1: [s0:0.0.0.0:43926, s1:0.0.0.0:41045, s2:0.0.0.0:43384], old=null RUNNING
  s1:  RUNNING CANDIDATE s1@group-31A0E89A70DD:t2, leader=null, voted=s1, raftlog=s1@group-31A0E89A70DD-SegmentedRaftLog:OPENED:c-1,f-1,i0, conf=-1: [s0:0.0.0.0:43926, s1:0.0.0.0:41045, s2:0.0.0.0:43384], old=null RUNNING
  s2:  RUNNING CANDIDATE s2@group-31A0E89A70DD:t3, leader=null, voted=s2, raftlog=s2@group-31A0E89A70DD-SegmentedRaftLog:OPENED:c-1,f-1,i0, conf=-1: [s0:0.0.0.0:43926, s1:0.0.0.0:41045, s2:0.0.0.0:43384], old=null RUNNING, sleep 450ms and then retry.
java.lang.IllegalStateException: No leader yet : printing ALL groups
  s0:  RUNNING CANDIDATE s0@group-31A0E89A70DD:t3, leader=null, voted=s0, raftlog=s0@group-31A0E89A70DD-SegmentedRaftLog:OPENED:c-1,f-1,i0, conf=-1: [s0:0.0.0.0:43926, s1:0.0.0.0:41045, s2:0.0.0.0:43384], old=null RUNNING
  s1:  RUNNING CANDIDATE s1@group-31A0E89A70DD:t2, leader=null, voted=s1, raftlog=s1@group-31A0E89A70DD-SegmentedRaftLog:OPENED:c-1,f-1,i0, conf=-1: [s0:0.0.0.0:43926, s1:0.0.0.0:41045, s2:0.0.0.0:43384], old=null RUNNING
  s2:  RUNNING CANDIDATE s2@group-31A0E89A70DD:t3, leader=null, voted=s2, raftlog=s2@group-31A0E89A70DD-SegmentedRaftLog:OPENED:c-1,f-1,i0, conf=-1: [s0:0.0.0.0:43926, s1:0.0.0.0:41045, s2:0.0.0.0:43384], old=null RUNNING
	at org.apache.ratis.MiniRaftCluster.newIllegalStateExceptionForNoLeaders(MiniRaftCluster.java:506)
	at org.apache.ratis.RaftTestUtil.lambda$waitForLeader$1(RaftTestUtil.java:90)
	at org.apache.ratis.MiniRaftCluster.getLeader(MiniRaftCluster.java:539)
	at org.apache.ratis.MiniRaftCluster.getLeader(MiniRaftCluster.java:532)
	at org.apache.ratis.RaftTestUtil.lambda$waitForLeader$3(RaftTestUtil.java:98)
	at org.apache.ratis.util.JavaUtils.attempt(JavaUtils.java:152)
	at org.apache.ratis.RaftTestUtil.waitForLeader(RaftTestUtil.java:97)
	at org.apache.ratis.RaftTestUtil.waitForLeader(RaftTestUtil.java:77)
	at org.apache.ratis.RaftTestUtil.waitForLeader(RaftTestUtil.java:72)
	at org.apache.ratis.RetryCacheTests.runTestBasicRetry(RetryCacheTests.java:64)
	at org.apache.ratis.MiniRaftCluster$Factory$Get.runWithNewCluster(MiniRaftCluster.java:125)
	at org.apache.ratis.MiniRaftCluster$Factory$Get.runWithNewCluster(MiniRaftCluster.java:113)
	at org.apache.ratis.RetryCacheTests.testBasicRetry(RetryCacheTests.java:60)
	at sun.reflect.NativeMethodAccessorImpl.invoke0(Native Method)
	at sun.reflect.NativeMethodAccessorImpl.invoke(NativeMethodAccessorImpl.java:62)
	at sun.reflect.DelegatingMethodAccessorImpl.invoke(DelegatingMethodAccessorImpl.java:43)
	at java.lang.reflect.Method.invoke(Method.java:498)
	at org.junit.runners.model.FrameworkMethod$1.runReflectiveCall(FrameworkMethod.java:50)
	at org.junit.internal.runners.model.ReflectiveCallable.run(ReflectiveCallable.java:12)
	at org.junit.runners.model.FrameworkMethod.invokeExplosively(FrameworkMethod.java:47)
	at org.junit.internal.runners.statements.InvokeMethod.evaluate(InvokeMethod.java:17)
	at org.junit.internal.runners.statements.RunAfters.evaluate(RunAfters.java:27)
	at org.junit.internal.runners.statements.FailOnTimeout$CallableStatement.call(FailOnTimeout.java:298)
	at org.junit.internal.runners.statements.FailOnTimeout$CallableStatement.call(FailOnTimeout.java:292)
	at java.util.concurrent.FutureTask.run(FutureTask.java:266)
	at java.lang.Thread.run(Thread.java:748)
2019-09-24 16:36:10,776 WARN  ratis.RaftTestUtil (JavaUtils.java:attempt(158)) - FAILED "waitForLeader-null-(expectLeader? true)", attempt #43/100: java.lang.IllegalStateException: No leader yet : printing ALL groups
  s0:  RUNNING CANDIDATE s0@group-31A0E89A70DD:t3, leader=null, voted=s0, raftlog=s0@group-31A0E89A70DD-SegmentedRaftLog:OPENED:c-1,f-1,i0, conf=-1: [s0:0.0.0.0:43926, s1:0.0.0.0:41045, s2:0.0.0.0:43384], old=null RUNNING
  s1:  RUNNING CANDIDATE s1@group-31A0E89A70DD:t2, leader=null, voted=s1, raftlog=s1@group-31A0E89A70DD-SegmentedRaftLog:OPENED:c-1,f-1,i0, conf=-1: [s0:0.0.0.0:43926, s1:0.0.0.0:41045, s2:0.0.0.0:43384], old=null RUNNING
  s2:  RUNNING CANDIDATE s2@group-31A0E89A70DD:t3, leader=null, voted=s2, raftlog=s2@group-31A0E89A70DD-SegmentedRaftLog:OPENED:c-1,f-1,i0, conf=-1: [s0:0.0.0.0:43926, s1:0.0.0.0:41045, s2:0.0.0.0:43384], old=null RUNNING, sleep 450ms and then retry.
java.lang.IllegalStateException: No leader yet : printing ALL groups
  s0:  RUNNING CANDIDATE s0@group-31A0E89A70DD:t3, leader=null, voted=s0, raftlog=s0@group-31A0E89A70DD-SegmentedRaftLog:OPENED:c-1,f-1,i0, conf=-1: [s0:0.0.0.0:43926, s1:0.0.0.0:41045, s2:0.0.0.0:43384], old=null RUNNING
  s1:  RUNNING CANDIDATE s1@group-31A0E89A70DD:t2, leader=null, voted=s1, raftlog=s1@group-31A0E89A70DD-SegmentedRaftLog:OPENED:c-1,f-1,i0, conf=-1: [s0:0.0.0.0:43926, s1:0.0.0.0:41045, s2:0.0.0.0:43384], old=null RUNNING
  s2:  RUNNING CANDIDATE s2@group-31A0E89A70DD:t3, leader=null, voted=s2, raftlog=s2@group-31A0E89A70DD-SegmentedRaftLog:OPENED:c-1,f-1,i0, conf=-1: [s0:0.0.0.0:43926, s1:0.0.0.0:41045, s2:0.0.0.0:43384], old=null RUNNING
	at org.apache.ratis.MiniRaftCluster.newIllegalStateExceptionForNoLeaders(MiniRaftCluster.java:506)
	at org.apache.ratis.RaftTestUtil.lambda$waitForLeader$1(RaftTestUtil.java:90)
	at org.apache.ratis.MiniRaftCluster.getLeader(MiniRaftCluster.java:539)
	at org.apache.ratis.MiniRaftCluster.getLeader(MiniRaftCluster.java:532)
	at org.apache.ratis.RaftTestUtil.lambda$waitForLeader$3(RaftTestUtil.java:98)
	at org.apache.ratis.util.JavaUtils.attempt(JavaUtils.java:152)
	at org.apache.ratis.RaftTestUtil.waitForLeader(RaftTestUtil.java:97)
	at org.apache.ratis.RaftTestUtil.waitForLeader(RaftTestUtil.java:77)
	at org.apache.ratis.RaftTestUtil.waitForLeader(RaftTestUtil.java:72)
	at org.apache.ratis.RetryCacheTests.runTestBasicRetry(RetryCacheTests.java:64)
	at org.apache.ratis.MiniRaftCluster$Factory$Get.runWithNewCluster(MiniRaftCluster.java:125)
	at org.apache.ratis.MiniRaftCluster$Factory$Get.runWithNewCluster(MiniRaftCluster.java:113)
	at org.apache.ratis.RetryCacheTests.testBasicRetry(RetryCacheTests.java:60)
	at sun.reflect.NativeMethodAccessorImpl.invoke0(Native Method)
	at sun.reflect.NativeMethodAccessorImpl.invoke(NativeMethodAccessorImpl.java:62)
	at sun.reflect.DelegatingMethodAccessorImpl.invoke(DelegatingMethodAccessorImpl.java:43)
	at java.lang.reflect.Method.invoke(Method.java:498)
	at org.junit.runners.model.FrameworkMethod$1.runReflectiveCall(FrameworkMethod.java:50)
	at org.junit.internal.runners.model.ReflectiveCallable.run(ReflectiveCallable.java:12)
	at org.junit.runners.model.FrameworkMethod.invokeExplosively(FrameworkMethod.java:47)
	at org.junit.internal.runners.statements.InvokeMethod.evaluate(InvokeMethod.java:17)
	at org.junit.internal.runners.statements.RunAfters.evaluate(RunAfters.java:27)
	at org.junit.internal.runners.statements.FailOnTimeout$CallableStatement.call(FailOnTimeout.java:298)
	at org.junit.internal.runners.statements.FailOnTimeout$CallableStatement.call(FailOnTimeout.java:292)
	at java.util.concurrent.FutureTask.run(FutureTask.java:266)
	at java.lang.Thread.run(Thread.java:748)
2019-09-24 16:36:11,228 WARN  ratis.RaftTestUtil (JavaUtils.java:attempt(158)) - FAILED "waitForLeader-null-(expectLeader? true)", attempt #44/100: java.lang.IllegalStateException: No leader yet : printing ALL groups
  s0:  RUNNING CANDIDATE s0@group-31A0E89A70DD:t3, leader=null, voted=s0, raftlog=s0@group-31A0E89A70DD-SegmentedRaftLog:OPENED:c-1,f-1,i0, conf=-1: [s0:0.0.0.0:43926, s1:0.0.0.0:41045, s2:0.0.0.0:43384], old=null RUNNING
  s1:  RUNNING CANDIDATE s1@group-31A0E89A70DD:t2, leader=null, voted=s1, raftlog=s1@group-31A0E89A70DD-SegmentedRaftLog:OPENED:c-1,f-1,i0, conf=-1: [s0:0.0.0.0:43926, s1:0.0.0.0:41045, s2:0.0.0.0:43384], old=null RUNNING
  s2:  RUNNING CANDIDATE s2@group-31A0E89A70DD:t3, leader=null, voted=s2, raftlog=s2@group-31A0E89A70DD-SegmentedRaftLog:OPENED:c-1,f-1,i0, conf=-1: [s0:0.0.0.0:43926, s1:0.0.0.0:41045, s2:0.0.0.0:43384], old=null RUNNING, sleep 450ms and then retry.
java.lang.IllegalStateException: No leader yet : printing ALL groups
  s0:  RUNNING CANDIDATE s0@group-31A0E89A70DD:t3, leader=null, voted=s0, raftlog=s0@group-31A0E89A70DD-SegmentedRaftLog:OPENED:c-1,f-1,i0, conf=-1: [s0:0.0.0.0:43926, s1:0.0.0.0:41045, s2:0.0.0.0:43384], old=null RUNNING
  s1:  RUNNING CANDIDATE s1@group-31A0E89A70DD:t2, leader=null, voted=s1, raftlog=s1@group-31A0E89A70DD-SegmentedRaftLog:OPENED:c-1,f-1,i0, conf=-1: [s0:0.0.0.0:43926, s1:0.0.0.0:41045, s2:0.0.0.0:43384], old=null RUNNING
  s2:  RUNNING CANDIDATE s2@group-31A0E89A70DD:t3, leader=null, voted=s2, raftlog=s2@group-31A0E89A70DD-SegmentedRaftLog:OPENED:c-1,f-1,i0, conf=-1: [s0:0.0.0.0:43926, s1:0.0.0.0:41045, s2:0.0.0.0:43384], old=null RUNNING
	at org.apache.ratis.MiniRaftCluster.newIllegalStateExceptionForNoLeaders(MiniRaftCluster.java:506)
	at org.apache.ratis.RaftTestUtil.lambda$waitForLeader$1(RaftTestUtil.java:90)
	at org.apache.ratis.MiniRaftCluster.getLeader(MiniRaftCluster.java:539)
	at org.apache.ratis.MiniRaftCluster.getLeader(MiniRaftCluster.java:532)
	at org.apache.ratis.RaftTestUtil.lambda$waitForLeader$3(RaftTestUtil.java:98)
	at org.apache.ratis.util.JavaUtils.attempt(JavaUtils.java:152)
	at org.apache.ratis.RaftTestUtil.waitForLeader(RaftTestUtil.java:97)
	at org.apache.ratis.RaftTestUtil.waitForLeader(RaftTestUtil.java:77)
	at org.apache.ratis.RaftTestUtil.waitForLeader(RaftTestUtil.java:72)
	at org.apache.ratis.RetryCacheTests.runTestBasicRetry(RetryCacheTests.java:64)
	at org.apache.ratis.MiniRaftCluster$Factory$Get.runWithNewCluster(MiniRaftCluster.java:125)
	at org.apache.ratis.MiniRaftCluster$Factory$Get.runWithNewCluster(MiniRaftCluster.java:113)
	at org.apache.ratis.RetryCacheTests.testBasicRetry(RetryCacheTests.java:60)
	at sun.reflect.NativeMethodAccessorImpl.invoke0(Native Method)
	at sun.reflect.NativeMethodAccessorImpl.invoke(NativeMethodAccessorImpl.java:62)
	at sun.reflect.DelegatingMethodAccessorImpl.invoke(DelegatingMethodAccessorImpl.java:43)
	at java.lang.reflect.Method.invoke(Method.java:498)
	at org.junit.runners.model.FrameworkMethod$1.runReflectiveCall(FrameworkMethod.java:50)
	at org.junit.internal.runners.model.ReflectiveCallable.run(ReflectiveCallable.java:12)
	at org.junit.runners.model.FrameworkMethod.invokeExplosively(FrameworkMethod.java:47)
	at org.junit.internal.runners.statements.InvokeMethod.evaluate(InvokeMethod.java:17)
	at org.junit.internal.runners.statements.RunAfters.evaluate(RunAfters.java:27)
	at org.junit.internal.runners.statements.FailOnTimeout$CallableStatement.call(FailOnTimeout.java:298)
	at org.junit.internal.runners.statements.FailOnTimeout$CallableStatement.call(FailOnTimeout.java:292)
	at java.util.concurrent.FutureTask.run(FutureTask.java:266)
	at java.lang.Thread.run(Thread.java:748)
2019-09-24 16:36:11,680 WARN  ratis.RaftTestUtil (JavaUtils.java:attempt(158)) - FAILED "waitForLeader-null-(expectLeader? true)", attempt #45/100: java.lang.IllegalStateException: No leader yet : printing ALL groups
  s0:  RUNNING CANDIDATE s0@group-31A0E89A70DD:t3, leader=null, voted=s0, raftlog=s0@group-31A0E89A70DD-SegmentedRaftLog:OPENED:c-1,f-1,i0, conf=-1: [s0:0.0.0.0:43926, s1:0.0.0.0:41045, s2:0.0.0.0:43384], old=null RUNNING
  s1:  RUNNING CANDIDATE s1@group-31A0E89A70DD:t2, leader=null, voted=s1, raftlog=s1@group-31A0E89A70DD-SegmentedRaftLog:OPENED:c-1,f-1,i0, conf=-1: [s0:0.0.0.0:43926, s1:0.0.0.0:41045, s2:0.0.0.0:43384], old=null RUNNING
  s2:  RUNNING CANDIDATE s2@group-31A0E89A70DD:t3, leader=null, voted=s2, raftlog=s2@group-31A0E89A70DD-SegmentedRaftLog:OPENED:c-1,f-1,i0, conf=-1: [s0:0.0.0.0:43926, s1:0.0.0.0:41045, s2:0.0.0.0:43384], old=null RUNNING, sleep 450ms and then retry.
java.lang.IllegalStateException: No leader yet : printing ALL groups
  s0:  RUNNING CANDIDATE s0@group-31A0E89A70DD:t3, leader=null, voted=s0, raftlog=s0@group-31A0E89A70DD-SegmentedRaftLog:OPENED:c-1,f-1,i0, conf=-1: [s0:0.0.0.0:43926, s1:0.0.0.0:41045, s2:0.0.0.0:43384], old=null RUNNING
  s1:  RUNNING CANDIDATE s1@group-31A0E89A70DD:t2, leader=null, voted=s1, raftlog=s1@group-31A0E89A70DD-SegmentedRaftLog:OPENED:c-1,f-1,i0, conf=-1: [s0:0.0.0.0:43926, s1:0.0.0.0:41045, s2:0.0.0.0:43384], old=null RUNNING
  s2:  RUNNING CANDIDATE s2@group-31A0E89A70DD:t3, leader=null, voted=s2, raftlog=s2@group-31A0E89A70DD-SegmentedRaftLog:OPENED:c-1,f-1,i0, conf=-1: [s0:0.0.0.0:43926, s1:0.0.0.0:41045, s2:0.0.0.0:43384], old=null RUNNING
	at org.apache.ratis.MiniRaftCluster.newIllegalStateExceptionForNoLeaders(MiniRaftCluster.java:506)
	at org.apache.ratis.RaftTestUtil.lambda$waitForLeader$1(RaftTestUtil.java:90)
	at org.apache.ratis.MiniRaftCluster.getLeader(MiniRaftCluster.java:539)
	at org.apache.ratis.MiniRaftCluster.getLeader(MiniRaftCluster.java:532)
	at org.apache.ratis.RaftTestUtil.lambda$waitForLeader$3(RaftTestUtil.java:98)
	at org.apache.ratis.util.JavaUtils.attempt(JavaUtils.java:152)
	at org.apache.ratis.RaftTestUtil.waitForLeader(RaftTestUtil.java:97)
	at org.apache.ratis.RaftTestUtil.waitForLeader(RaftTestUtil.java:77)
	at org.apache.ratis.RaftTestUtil.waitForLeader(RaftTestUtil.java:72)
	at org.apache.ratis.RetryCacheTests.runTestBasicRetry(RetryCacheTests.java:64)
	at org.apache.ratis.MiniRaftCluster$Factory$Get.runWithNewCluster(MiniRaftCluster.java:125)
	at org.apache.ratis.MiniRaftCluster$Factory$Get.runWithNewCluster(MiniRaftCluster.java:113)
	at org.apache.ratis.RetryCacheTests.testBasicRetry(RetryCacheTests.java:60)
	at sun.reflect.NativeMethodAccessorImpl.invoke0(Native Method)
	at sun.reflect.NativeMethodAccessorImpl.invoke(NativeMethodAccessorImpl.java:62)
	at sun.reflect.DelegatingMethodAccessorImpl.invoke(DelegatingMethodAccessorImpl.java:43)
	at java.lang.reflect.Method.invoke(Method.java:498)
	at org.junit.runners.model.FrameworkMethod$1.runReflectiveCall(FrameworkMethod.java:50)
	at org.junit.internal.runners.model.ReflectiveCallable.run(ReflectiveCallable.java:12)
	at org.junit.runners.model.FrameworkMethod.invokeExplosively(FrameworkMethod.java:47)
	at org.junit.internal.runners.statements.InvokeMethod.evaluate(InvokeMethod.java:17)
	at org.junit.internal.runners.statements.RunAfters.evaluate(RunAfters.java:27)
	at org.junit.internal.runners.statements.FailOnTimeout$CallableStatement.call(FailOnTimeout.java:298)
	at org.junit.internal.runners.statements.FailOnTimeout$CallableStatement.call(FailOnTimeout.java:292)
	at java.util.concurrent.FutureTask.run(FutureTask.java:266)
	at java.lang.Thread.run(Thread.java:748)
2019-09-24 16:36:11,767 INFO  ratis.MiniRaftCluster (MiniRaftCluster.java:lambda$null$5(297)) - TIMED-PRINT: printing ALL groups
  s0:  RUNNING CANDIDATE s0@group-31A0E89A70DD:t3, leader=null, voted=s0, raftlog=s0@group-31A0E89A70DD-SegmentedRaftLog:OPENED:c-1,f-1,i0, conf=-1: [s0:0.0.0.0:43926, s1:0.0.0.0:41045, s2:0.0.0.0:43384], old=null RUNNING
  s1:  RUNNING CANDIDATE s1@group-31A0E89A70DD:t2, leader=null, voted=s1, raftlog=s1@group-31A0E89A70DD-SegmentedRaftLog:OPENED:c-1,f-1,i0, conf=-1: [s0:0.0.0.0:43926, s1:0.0.0.0:41045, s2:0.0.0.0:43384], old=null RUNNING
  s2:  RUNNING CANDIDATE s2@group-31A0E89A70DD:t3, leader=null, voted=s2, raftlog=s2@group-31A0E89A70DD-SegmentedRaftLog:OPENED:c-1,f-1,i0, conf=-1: [s0:0.0.0.0:43926, s1:0.0.0.0:41045, s2:0.0.0.0:43384], old=null RUNNING
2019-09-24 16:36:12,131 WARN  ratis.RaftTestUtil (JavaUtils.java:attempt(158)) - FAILED "waitForLeader-null-(expectLeader? true)", attempt #46/100: java.lang.IllegalStateException: No leader yet : printing ALL groups
  s0:  RUNNING CANDIDATE s0@group-31A0E89A70DD:t3, leader=null, voted=s0, raftlog=s0@group-31A0E89A70DD-SegmentedRaftLog:OPENED:c-1,f-1,i0, conf=-1: [s0:0.0.0.0:43926, s1:0.0.0.0:41045, s2:0.0.0.0:43384], old=null RUNNING
  s1:  RUNNING CANDIDATE s1@group-31A0E89A70DD:t2, leader=null, voted=s1, raftlog=s1@group-31A0E89A70DD-SegmentedRaftLog:OPENED:c-1,f-1,i0, conf=-1: [s0:0.0.0.0:43926, s1:0.0.0.0:41045, s2:0.0.0.0:43384], old=null RUNNING
  s2:  RUNNING CANDIDATE s2@group-31A0E89A70DD:t3, leader=null, voted=s2, raftlog=s2@group-31A0E89A70DD-SegmentedRaftLog:OPENED:c-1,f-1,i0, conf=-1: [s0:0.0.0.0:43926, s1:0.0.0.0:41045, s2:0.0.0.0:43384], old=null RUNNING, sleep 450ms and then retry.
java.lang.IllegalStateException: No leader yet : printing ALL groups
  s0:  RUNNING CANDIDATE s0@group-31A0E89A70DD:t3, leader=null, voted=s0, raftlog=s0@group-31A0E89A70DD-SegmentedRaftLog:OPENED:c-1,f-1,i0, conf=-1: [s0:0.0.0.0:43926, s1:0.0.0.0:41045, s2:0.0.0.0:43384], old=null RUNNING
  s1:  RUNNING CANDIDATE s1@group-31A0E89A70DD:t2, leader=null, voted=s1, raftlog=s1@group-31A0E89A70DD-SegmentedRaftLog:OPENED:c-1,f-1,i0, conf=-1: [s0:0.0.0.0:43926, s1:0.0.0.0:41045, s2:0.0.0.0:43384], old=null RUNNING
  s2:  RUNNING CANDIDATE s2@group-31A0E89A70DD:t3, leader=null, voted=s2, raftlog=s2@group-31A0E89A70DD-SegmentedRaftLog:OPENED:c-1,f-1,i0, conf=-1: [s0:0.0.0.0:43926, s1:0.0.0.0:41045, s2:0.0.0.0:43384], old=null RUNNING
	at org.apache.ratis.MiniRaftCluster.newIllegalStateExceptionForNoLeaders(MiniRaftCluster.java:506)
	at org.apache.ratis.RaftTestUtil.lambda$waitForLeader$1(RaftTestUtil.java:90)
	at org.apache.ratis.MiniRaftCluster.getLeader(MiniRaftCluster.java:539)
	at org.apache.ratis.MiniRaftCluster.getLeader(MiniRaftCluster.java:532)
	at org.apache.ratis.RaftTestUtil.lambda$waitForLeader$3(RaftTestUtil.java:98)
	at org.apache.ratis.util.JavaUtils.attempt(JavaUtils.java:152)
	at org.apache.ratis.RaftTestUtil.waitForLeader(RaftTestUtil.java:97)
	at org.apache.ratis.RaftTestUtil.waitForLeader(RaftTestUtil.java:77)
	at org.apache.ratis.RaftTestUtil.waitForLeader(RaftTestUtil.java:72)
	at org.apache.ratis.RetryCacheTests.runTestBasicRetry(RetryCacheTests.java:64)
	at org.apache.ratis.MiniRaftCluster$Factory$Get.runWithNewCluster(MiniRaftCluster.java:125)
	at org.apache.ratis.MiniRaftCluster$Factory$Get.runWithNewCluster(MiniRaftCluster.java:113)
	at org.apache.ratis.RetryCacheTests.testBasicRetry(RetryCacheTests.java:60)
	at sun.reflect.NativeMethodAccessorImpl.invoke0(Native Method)
	at sun.reflect.NativeMethodAccessorImpl.invoke(NativeMethodAccessorImpl.java:62)
	at sun.reflect.DelegatingMethodAccessorImpl.invoke(DelegatingMethodAccessorImpl.java:43)
	at java.lang.reflect.Method.invoke(Method.java:498)
	at org.junit.runners.model.FrameworkMethod$1.runReflectiveCall(FrameworkMethod.java:50)
	at org.junit.internal.runners.model.ReflectiveCallable.run(ReflectiveCallable.java:12)
	at org.junit.runners.model.FrameworkMethod.invokeExplosively(FrameworkMethod.java:47)
	at org.junit.internal.runners.statements.InvokeMethod.evaluate(InvokeMethod.java:17)
	at org.junit.internal.runners.statements.RunAfters.evaluate(RunAfters.java:27)
	at org.junit.internal.runners.statements.FailOnTimeout$CallableStatement.call(FailOnTimeout.java:298)
	at org.junit.internal.runners.statements.FailOnTimeout$CallableStatement.call(FailOnTimeout.java:292)
	at java.util.concurrent.FutureTask.run(FutureTask.java:266)
	at java.lang.Thread.run(Thread.java:748)
2019-09-24 16:36:12,583 WARN  ratis.RaftTestUtil (JavaUtils.java:attempt(158)) - FAILED "waitForLeader-null-(expectLeader? true)", attempt #47/100: java.lang.IllegalStateException: No leader yet : printing ALL groups
  s0:  RUNNING CANDIDATE s0@group-31A0E89A70DD:t3, leader=null, voted=s0, raftlog=s0@group-31A0E89A70DD-SegmentedRaftLog:OPENED:c-1,f-1,i0, conf=-1: [s0:0.0.0.0:43926, s1:0.0.0.0:41045, s2:0.0.0.0:43384], old=null RUNNING
  s1:  RUNNING CANDIDATE s1@group-31A0E89A70DD:t2, leader=null, voted=s1, raftlog=s1@group-31A0E89A70DD-SegmentedRaftLog:OPENED:c-1,f-1,i0, conf=-1: [s0:0.0.0.0:43926, s1:0.0.0.0:41045, s2:0.0.0.0:43384], old=null RUNNING
  s2:  RUNNING CANDIDATE s2@group-31A0E89A70DD:t3, leader=null, voted=s2, raftlog=s2@group-31A0E89A70DD-SegmentedRaftLog:OPENED:c-1,f-1,i0, conf=-1: [s0:0.0.0.0:43926, s1:0.0.0.0:41045, s2:0.0.0.0:43384], old=null RUNNING, sleep 450ms and then retry.
java.lang.IllegalStateException: No leader yet : printing ALL groups
  s0:  RUNNING CANDIDATE s0@group-31A0E89A70DD:t3, leader=null, voted=s0, raftlog=s0@group-31A0E89A70DD-SegmentedRaftLog:OPENED:c-1,f-1,i0, conf=-1: [s0:0.0.0.0:43926, s1:0.0.0.0:41045, s2:0.0.0.0:43384], old=null RUNNING
  s1:  RUNNING CANDIDATE s1@group-31A0E89A70DD:t2, leader=null, voted=s1, raftlog=s1@group-31A0E89A70DD-SegmentedRaftLog:OPENED:c-1,f-1,i0, conf=-1: [s0:0.0.0.0:43926, s1:0.0.0.0:41045, s2:0.0.0.0:43384], old=null RUNNING
  s2:  RUNNING CANDIDATE s2@group-31A0E89A70DD:t3, leader=null, voted=s2, raftlog=s2@group-31A0E89A70DD-SegmentedRaftLog:OPENED:c-1,f-1,i0, conf=-1: [s0:0.0.0.0:43926, s1:0.0.0.0:41045, s2:0.0.0.0:43384], old=null RUNNING
	at org.apache.ratis.MiniRaftCluster.newIllegalStateExceptionForNoLeaders(MiniRaftCluster.java:506)
	at org.apache.ratis.RaftTestUtil.lambda$waitForLeader$1(RaftTestUtil.java:90)
	at org.apache.ratis.MiniRaftCluster.getLeader(MiniRaftCluster.java:539)
	at org.apache.ratis.MiniRaftCluster.getLeader(MiniRaftCluster.java:532)
	at org.apache.ratis.RaftTestUtil.lambda$waitForLeader$3(RaftTestUtil.java:98)
	at org.apache.ratis.util.JavaUtils.attempt(JavaUtils.java:152)
	at org.apache.ratis.RaftTestUtil.waitForLeader(RaftTestUtil.java:97)
	at org.apache.ratis.RaftTestUtil.waitForLeader(RaftTestUtil.java:77)
	at org.apache.ratis.RaftTestUtil.waitForLeader(RaftTestUtil.java:72)
	at org.apache.ratis.RetryCacheTests.runTestBasicRetry(RetryCacheTests.java:64)
	at org.apache.ratis.MiniRaftCluster$Factory$Get.runWithNewCluster(MiniRaftCluster.java:125)
	at org.apache.ratis.MiniRaftCluster$Factory$Get.runWithNewCluster(MiniRaftCluster.java:113)
	at org.apache.ratis.RetryCacheTests.testBasicRetry(RetryCacheTests.java:60)
	at sun.reflect.NativeMethodAccessorImpl.invoke0(Native Method)
	at sun.reflect.NativeMethodAccessorImpl.invoke(NativeMethodAccessorImpl.java:62)
	at sun.reflect.DelegatingMethodAccessorImpl.invoke(DelegatingMethodAccessorImpl.java:43)
	at java.lang.reflect.Method.invoke(Method.java:498)
	at org.junit.runners.model.FrameworkMethod$1.runReflectiveCall(FrameworkMethod.java:50)
	at org.junit.internal.runners.model.ReflectiveCallable.run(ReflectiveCallable.java:12)
	at org.junit.runners.model.FrameworkMethod.invokeExplosively(FrameworkMethod.java:47)
	at org.junit.internal.runners.statements.InvokeMethod.evaluate(InvokeMethod.java:17)
	at org.junit.internal.runners.statements.RunAfters.evaluate(RunAfters.java:27)
	at org.junit.internal.runners.statements.FailOnTimeout$CallableStatement.call(FailOnTimeout.java:298)
	at org.junit.internal.runners.statements.FailOnTimeout$CallableStatement.call(FailOnTimeout.java:292)
	at java.util.concurrent.FutureTask.run(FutureTask.java:266)
	at java.lang.Thread.run(Thread.java:748)
2019-09-24 16:36:12,750 INFO  impl.LeaderElection (LeaderElection.java:askForVotes(178)) - s1@group-31A0E89A70DD-LeaderElection2: begin an election at term 2 for -1: [s0:0.0.0.0:43926, s1:0.0.0.0:41045, s2:0.0.0.0:43384], old=null
2019-09-24 16:36:12,751 DEBUG impl.RaftServerImpl (RaftServerImpl.java:requestVote(775)) - s1@group-31A0E89A70DD replies to vote request: s0<-s1#0:FAIL-t2. Peer's state: s1@group-31A0E89A70DD:t2, leader=null, voted=s1, raftlog=s1@group-31A0E89A70DD-SegmentedRaftLog:OPENED:c-1,f-1,i0, conf=-1: [s0:0.0.0.0:43926, s1:0.0.0.0:41045, s2:0.0.0.0:43384], old=null
2019-09-24 16:36:12,752 INFO  impl.LeaderElection (LeaderElection.java:askForVotes(178)) - s0@group-31A0E89A70DD-LeaderElection1: begin an election at term 3 for -1: [s0:0.0.0.0:43926, s1:0.0.0.0:41045, s2:0.0.0.0:43384], old=null
2019-09-24 16:36:12,751 INFO  impl.LeaderElection (LeaderElection.java:askForVotes(178)) - s2@group-31A0E89A70DD-LeaderElection3: begin an election at term 3 for -1: [s0:0.0.0.0:43926, s1:0.0.0.0:41045, s2:0.0.0.0:43384], old=null
2019-09-24 16:36:12,752 DEBUG impl.RaftServerImpl (RaftServerImpl.java:requestVote(775)) - s1@group-31A0E89A70DD replies to vote request: s2<-s1#0:FAIL-t2. Peer's state: s1@group-31A0E89A70DD:t2, leader=null, voted=s1, raftlog=s1@group-31A0E89A70DD-SegmentedRaftLog:OPENED:c-1,f-1,i0, conf=-1: [s0:0.0.0.0:43926, s1:0.0.0.0:41045, s2:0.0.0.0:43384], old=null
2019-09-24 16:36:12,753 DEBUG impl.RaftServerImpl (RaftServerImpl.java:requestVote(743)) - s1@group-31A0E89A70DD: receive requestVote(s0, group-31A0E89A70DD, 2, (t:0, i:0))
2019-09-24 16:36:12,755 DEBUG impl.RaftServerImpl (RaftServerImpl.java:requestVote(775)) - s1@group-31A0E89A70DD replies to vote request: s0<-s1#0:FAIL-t2. Peer's state: s1@group-31A0E89A70DD:t2, leader=null, voted=s1, raftlog=s1@group-31A0E89A70DD-SegmentedRaftLog:OPENED:c-1,f-1,i0, conf=-1: [s0:0.0.0.0:43926, s1:0.0.0.0:41045, s2:0.0.0.0:43384], old=null
2019-09-24 16:36:12,756 DEBUG impl.RaftServerImpl (RaftServerImpl.java:requestVote(743)) - s1@group-31A0E89A70DD: receive requestVote(s2, group-31A0E89A70DD, 2, (t:0, i:0))
2019-09-24 16:36:12,756 DEBUG impl.RaftServerImpl (RaftServerImpl.java:requestVote(743)) - s0@group-31A0E89A70DD: receive requestVote(s2, group-31A0E89A70DD, 3, (t:0, i:0))
2019-09-24 16:36:12,757 DEBUG impl.RaftServerImpl (RaftServerImpl.java:requestVote(743)) - s0@group-31A0E89A70DD: receive requestVote(s1, group-31A0E89A70DD, 2, (t:0, i:0))
2019-09-24 16:36:12,757 DEBUG impl.RaftServerImpl (RaftServerImpl.java:requestVote(775)) - s1@group-31A0E89A70DD replies to vote request: s2<-s1#0:FAIL-t2. Peer's state: s1@group-31A0E89A70DD:t2, leader=null, voted=s1, raftlog=s1@group-31A0E89A70DD-SegmentedRaftLog:OPENED:c-1,f-1,i0, conf=-1: [s0:0.0.0.0:43926, s1:0.0.0.0:41045, s2:0.0.0.0:43384], old=null
2019-09-24 16:36:12,756 DEBUG impl.RaftServerImpl (RaftServerImpl.java:requestVote(743)) - s2@group-31A0E89A70DD: receive requestVote(s0, group-31A0E89A70DD, 3, (t:0, i:0))
2019-09-24 16:36:12,757 DEBUG impl.RaftServerImpl (RaftServerImpl.java:requestVote(775)) - s0@group-31A0E89A70DD replies to vote request: s2<-s0#0:FAIL-t3. Peer's state: s0@group-31A0E89A70DD:t3, leader=null, voted=s0, raftlog=s0@group-31A0E89A70DD-SegmentedRaftLog:OPENED:c-1,f-1,i0, conf=-1: [s0:0.0.0.0:43926, s1:0.0.0.0:41045, s2:0.0.0.0:43384], old=null
2019-09-24 16:36:12,757 DEBUG impl.RaftServerImpl (RaftServerImpl.java:requestVote(743)) - s1@group-31A0E89A70DD: receive requestVote(s0, group-31A0E89A70DD, 3, (t:0, i:0))
2019-09-24 16:36:12,759 DEBUG impl.RaftServerImpl (RaftServerImpl.java:requestVote(775)) - s0@group-31A0E89A70DD replies to vote request: s1<-s0#0:FAIL-t3. Peer's state: s0@group-31A0E89A70DD:t3, leader=null, voted=s0, raftlog=s0@group-31A0E89A70DD-SegmentedRaftLog:OPENED:c-1,f-1,i0, conf=-1: [s0:0.0.0.0:43926, s1:0.0.0.0:41045, s2:0.0.0.0:43384], old=null
2019-09-24 16:36:12,758 DEBUG impl.RaftServerImpl (RaftServerImpl.java:requestVote(775)) - s2@group-31A0E89A70DD replies to vote request: s0<-s2#0:FAIL-t3. Peer's state: s2@group-31A0E89A70DD:t3, leader=null, voted=s2, raftlog=s2@group-31A0E89A70DD-SegmentedRaftLog:OPENED:c-1,f-1,i0, conf=-1: [s0:0.0.0.0:43926, s1:0.0.0.0:41045, s2:0.0.0.0:43384], old=null
2019-09-24 16:36:12,760 DEBUG impl.RaftServerImpl (RaftServerImpl.java:requestVote(743)) - s1@group-31A0E89A70DD: receive requestVote(s2, group-31A0E89A70DD, 3, (t:0, i:0))
2019-09-24 16:36:12,761 INFO  impl.LeaderElection (LeaderElection.java:logAndReturn(56)) - s1@group-31A0E89A70DD-LeaderElection2: Election DISCOVERED_A_NEW_TERM; received 1 response(s) [s1<-s0#0:FAIL-t3] and 0 exception(s); s1@group-31A0E89A70DD:t3, leader=null, voted=null, raftlog=s1@group-31A0E89A70DD-SegmentedRaftLog:OPENED:c-1,f-1,i0, conf=-1: [s0:0.0.0.0:43926, s1:0.0.0.0:41045, s2:0.0.0.0:43384], old=null
2019-09-24 16:36:12,761 INFO  impl.RaftServerImpl (RaftServerImpl.java:setRole(170)) - s1@group-31A0E89A70DD: changes role from CANDIDATE to FOLLOWER at term 3 for recognizeCandidate:s0
2019-09-24 16:36:12,764 INFO  impl.RoleInfo (RoleInfo.java:shutdownLeaderElection(134)) - s1: shutdown LeaderElection
2019-09-24 16:36:12,764 DEBUG impl.RaftServerImpl (RaftServerImpl.java:requestVote(743)) - s2@group-31A0E89A70DD: receive requestVote(s1, group-31A0E89A70DD, 2, (t:0, i:0))
2019-09-24 16:36:12,765 INFO  impl.RoleInfo (RoleInfo.java:updateAndGet(143)) - s1: start FollowerState
2019-09-24 16:36:12,765 DEBUG impl.RaftServerImpl (RaftServerImpl.java:requestVote(775)) - s2@group-31A0E89A70DD replies to vote request: s1<-s2#0:FAIL-t3. Peer's state: s2@group-31A0E89A70DD:t3, leader=null, voted=s2, raftlog=s2@group-31A0E89A70DD-SegmentedRaftLog:OPENED:c-1,f-1,i0, conf=-1: [s0:0.0.0.0:43926, s1:0.0.0.0:41045, s2:0.0.0.0:43384], old=null
2019-09-24 16:36:12,978 INFO  impl.LeaderElection (LeaderElection.java:logAndReturn(56)) - s2@group-31A0E89A70DD-LeaderElection3: Election TIMEOUT; received 1 response(s) [s2<-s0#0:FAIL-t3] and 0 exception(s); s2@group-31A0E89A70DD:t3, leader=null, voted=s2, raftlog=s2@group-31A0E89A70DD-SegmentedRaftLog:OPENED:c-1,f-1,i0, conf=-1: [s0:0.0.0.0:43926, s1:0.0.0.0:41045, s2:0.0.0.0:43384], old=null
2019-09-24 16:36:13,003 INFO  impl.LeaderElection (LeaderElection.java:logAndReturn(56)) - s0@group-31A0E89A70DD-LeaderElection1: Election TIMEOUT; received 1 response(s) [s0<-s2#0:FAIL-t3] and 0 exception(s); s0@group-31A0E89A70DD:t3, leader=null, voted=s0, raftlog=s0@group-31A0E89A70DD-SegmentedRaftLog:OPENED:c-1,f-1,i0, conf=-1: [s0:0.0.0.0:43926, s1:0.0.0.0:41045, s2:0.0.0.0:43384], old=null
2019-09-24 16:36:13,035 WARN  ratis.RaftTestUtil (JavaUtils.java:attempt(158)) - FAILED "waitForLeader-null-(expectLeader? true)", attempt #48/100: java.lang.IllegalStateException: No leader yet : printing ALL groups
  s0:  RUNNING CANDIDATE s0@group-31A0E89A70DD:t4, leader=null, voted=s0, raftlog=s0@group-31A0E89A70DD-SegmentedRaftLog:OPENED:c-1,f-1,i0, conf=-1: [s0:0.0.0.0:43926, s1:0.0.0.0:41045, s2:0.0.0.0:43384], old=null RUNNING
  s1:  RUNNING  FOLLOWER s1@group-31A0E89A70DD:t3, leader=null, voted=null, raftlog=s1@group-31A0E89A70DD-SegmentedRaftLog:OPENED:c-1,f-1,i0, conf=-1: [s0:0.0.0.0:43926, s1:0.0.0.0:41045, s2:0.0.0.0:43384], old=null RUNNING
  s2:  RUNNING CANDIDATE s2@group-31A0E89A70DD:t4, leader=null, voted=s2, raftlog=s2@group-31A0E89A70DD-SegmentedRaftLog:OPENED:c-1,f-1,i0, conf=-1: [s0:0.0.0.0:43926, s1:0.0.0.0:41045, s2:0.0.0.0:43384], old=null RUNNING, sleep 450ms and then retry.
java.lang.IllegalStateException: No leader yet : printing ALL groups
  s0:  RUNNING CANDIDATE s0@group-31A0E89A70DD:t4, leader=null, voted=s0, raftlog=s0@group-31A0E89A70DD-SegmentedRaftLog:OPENED:c-1,f-1,i0, conf=-1: [s0:0.0.0.0:43926, s1:0.0.0.0:41045, s2:0.0.0.0:43384], old=null RUNNING
  s1:  RUNNING  FOLLOWER s1@group-31A0E89A70DD:t3, leader=null, voted=null, raftlog=s1@group-31A0E89A70DD-SegmentedRaftLog:OPENED:c-1,f-1,i0, conf=-1: [s0:0.0.0.0:43926, s1:0.0.0.0:41045, s2:0.0.0.0:43384], old=null RUNNING
  s2:  RUNNING CANDIDATE s2@group-31A0E89A70DD:t4, leader=null, voted=s2, raftlog=s2@group-31A0E89A70DD-SegmentedRaftLog:OPENED:c-1,f-1,i0, conf=-1: [s0:0.0.0.0:43926, s1:0.0.0.0:41045, s2:0.0.0.0:43384], old=null RUNNING
	at org.apache.ratis.MiniRaftCluster.newIllegalStateExceptionForNoLeaders(MiniRaftCluster.java:506)
	at org.apache.ratis.RaftTestUtil.lambda$waitForLeader$1(RaftTestUtil.java:90)
	at org.apache.ratis.MiniRaftCluster.getLeader(MiniRaftCluster.java:539)
	at org.apache.ratis.MiniRaftCluster.getLeader(MiniRaftCluster.java:532)
	at org.apache.ratis.RaftTestUtil.lambda$waitForLeader$3(RaftTestUtil.java:98)
	at org.apache.ratis.util.JavaUtils.attempt(JavaUtils.java:152)
	at org.apache.ratis.RaftTestUtil.waitForLeader(RaftTestUtil.java:97)
	at org.apache.ratis.RaftTestUtil.waitForLeader(RaftTestUtil.java:77)
	at org.apache.ratis.RaftTestUtil.waitForLeader(RaftTestUtil.java:72)
	at org.apache.ratis.RetryCacheTests.runTestBasicRetry(RetryCacheTests.java:64)
	at org.apache.ratis.MiniRaftCluster$Factory$Get.runWithNewCluster(MiniRaftCluster.java:125)
	at org.apache.ratis.MiniRaftCluster$Factory$Get.runWithNewCluster(MiniRaftCluster.java:113)
	at org.apache.ratis.RetryCacheTests.testBasicRetry(RetryCacheTests.java:60)
	at sun.reflect.NativeMethodAccessorImpl.invoke0(Native Method)
	at sun.reflect.NativeMethodAccessorImpl.invoke(NativeMethodAccessorImpl.java:62)
	at sun.reflect.DelegatingMethodAccessorImpl.invoke(DelegatingMethodAccessorImpl.java:43)
	at java.lang.reflect.Method.invoke(Method.java:498)
	at org.junit.runners.model.FrameworkMethod$1.runReflectiveCall(FrameworkMethod.java:50)
	at org.junit.internal.runners.model.ReflectiveCallable.run(ReflectiveCallable.java:12)
	at org.junit.runners.model.FrameworkMethod.invokeExplosively(FrameworkMethod.java:47)
	at org.junit.internal.runners.statements.InvokeMethod.evaluate(InvokeMethod.java:17)
	at org.junit.internal.runners.statements.RunAfters.evaluate(RunAfters.java:27)
	at org.junit.internal.runners.statements.FailOnTimeout$CallableStatement.call(FailOnTimeout.java:298)
	at org.junit.internal.runners.statements.FailOnTimeout$CallableStatement.call(FailOnTimeout.java:292)
	at java.util.concurrent.FutureTask.run(FutureTask.java:266)
	at java.lang.Thread.run(Thread.java:748)
2019-09-24 16:36:13,486 WARN  ratis.RaftTestUtil (JavaUtils.java:attempt(158)) - FAILED "waitForLeader-null-(expectLeader? true)", attempt #49/100: java.lang.IllegalStateException: No leader yet : printing ALL groups
  s0:  RUNNING CANDIDATE s0@group-31A0E89A70DD:t4, leader=null, voted=s0, raftlog=s0@group-31A0E89A70DD-SegmentedRaftLog:OPENED:c-1,f-1,i0, conf=-1: [s0:0.0.0.0:43926, s1:0.0.0.0:41045, s2:0.0.0.0:43384], old=null RUNNING
  s1:  RUNNING  FOLLOWER s1@group-31A0E89A70DD:t3, leader=null, voted=null, raftlog=s1@group-31A0E89A70DD-SegmentedRaftLog:OPENED:c-1,f-1,i0, conf=-1: [s0:0.0.0.0:43926, s1:0.0.0.0:41045, s2:0.0.0.0:43384], old=null RUNNING
  s2:  RUNNING CANDIDATE s2@group-31A0E89A70DD:t4, leader=null, voted=s2, raftlog=s2@group-31A0E89A70DD-SegmentedRaftLog:OPENED:c-1,f-1,i0, conf=-1: [s0:0.0.0.0:43926, s1:0.0.0.0:41045, s2:0.0.0.0:43384], old=null RUNNING, sleep 450ms and then retry.
java.lang.IllegalStateException: No leader yet : printing ALL groups
  s0:  RUNNING CANDIDATE s0@group-31A0E89A70DD:t4, leader=null, voted=s0, raftlog=s0@group-31A0E89A70DD-SegmentedRaftLog:OPENED:c-1,f-1,i0, conf=-1: [s0:0.0.0.0:43926, s1:0.0.0.0:41045, s2:0.0.0.0:43384], old=null RUNNING
  s1:  RUNNING  FOLLOWER s1@group-31A0E89A70DD:t3, leader=null, voted=null, raftlog=s1@group-31A0E89A70DD-SegmentedRaftLog:OPENED:c-1,f-1,i0, conf=-1: [s0:0.0.0.0:43926, s1:0.0.0.0:41045, s2:0.0.0.0:43384], old=null RUNNING
  s2:  RUNNING CANDIDATE s2@group-31A0E89A70DD:t4, leader=null, voted=s2, raftlog=s2@group-31A0E89A70DD-SegmentedRaftLog:OPENED:c-1,f-1,i0, conf=-1: [s0:0.0.0.0:43926, s1:0.0.0.0:41045, s2:0.0.0.0:43384], old=null RUNNING
	at org.apache.ratis.MiniRaftCluster.newIllegalStateExceptionForNoLeaders(MiniRaftCluster.java:506)
	at org.apache.ratis.RaftTestUtil.lambda$waitForLeader$1(RaftTestUtil.java:90)
	at org.apache.ratis.MiniRaftCluster.getLeader(MiniRaftCluster.java:539)
	at org.apache.ratis.MiniRaftCluster.getLeader(MiniRaftCluster.java:532)
	at org.apache.ratis.RaftTestUtil.lambda$waitForLeader$3(RaftTestUtil.java:98)
	at org.apache.ratis.util.JavaUtils.attempt(JavaUtils.java:152)
	at org.apache.ratis.RaftTestUtil.waitForLeader(RaftTestUtil.java:97)
	at org.apache.ratis.RaftTestUtil.waitForLeader(RaftTestUtil.java:77)
	at org.apache.ratis.RaftTestUtil.waitForLeader(RaftTestUtil.java:72)
	at org.apache.ratis.RetryCacheTests.runTestBasicRetry(RetryCacheTests.java:64)
	at org.apache.ratis.MiniRaftCluster$Factory$Get.runWithNewCluster(MiniRaftCluster.java:125)
	at org.apache.ratis.MiniRaftCluster$Factory$Get.runWithNewCluster(MiniRaftCluster.java:113)
	at org.apache.ratis.RetryCacheTests.testBasicRetry(RetryCacheTests.java:60)
	at sun.reflect.NativeMethodAccessorImpl.invoke0(Native Method)
	at sun.reflect.NativeMethodAccessorImpl.invoke(NativeMethodAccessorImpl.java:62)
	at sun.reflect.DelegatingMethodAccessorImpl.invoke(DelegatingMethodAccessorImpl.java:43)
	at java.lang.reflect.Method.invoke(Method.java:498)
	at org.junit.runners.model.FrameworkMethod$1.runReflectiveCall(FrameworkMethod.java:50)
	at org.junit.internal.runners.model.ReflectiveCallable.run(ReflectiveCallable.java:12)
	at org.junit.runners.model.FrameworkMethod.invokeExplosively(FrameworkMethod.java:47)
	at org.junit.internal.runners.statements.InvokeMethod.evaluate(InvokeMethod.java:17)
	at org.junit.internal.runners.statements.RunAfters.evaluate(RunAfters.java:27)
	at org.junit.internal.runners.statements.FailOnTimeout$CallableStatement.call(FailOnTimeout.java:298)
	at org.junit.internal.runners.statements.FailOnTimeout$CallableStatement.call(FailOnTimeout.java:292)
	at java.util.concurrent.FutureTask.run(FutureTask.java:266)
	at java.lang.Thread.run(Thread.java:748)
2019-09-24 16:36:13,938 WARN  ratis.RaftTestUtil (JavaUtils.java:attempt(158)) - FAILED "waitForLeader-null-(expectLeader? true)", attempt #50/100: java.lang.IllegalStateException: No leader yet : printing ALL groups
  s0:  RUNNING CANDIDATE s0@group-31A0E89A70DD:t4, leader=null, voted=s0, raftlog=s0@group-31A0E89A70DD-SegmentedRaftLog:OPENED:c-1,f-1,i0, conf=-1: [s0:0.0.0.0:43926, s1:0.0.0.0:41045, s2:0.0.0.0:43384], old=null RUNNING
  s1:  RUNNING  FOLLOWER s1@group-31A0E89A70DD:t3, leader=null, voted=null, raftlog=s1@group-31A0E89A70DD-SegmentedRaftLog:OPENED:c-1,f-1,i0, conf=-1: [s0:0.0.0.0:43926, s1:0.0.0.0:41045, s2:0.0.0.0:43384], old=null RUNNING
  s2:  RUNNING CANDIDATE s2@group-31A0E89A70DD:t4, leader=null, voted=s2, raftlog=s2@group-31A0E89A70DD-SegmentedRaftLog:OPENED:c-1,f-1,i0, conf=-1: [s0:0.0.0.0:43926, s1:0.0.0.0:41045, s2:0.0.0.0:43384], old=null RUNNING, sleep 450ms and then retry.
java.lang.IllegalStateException: No leader yet : printing ALL groups
  s0:  RUNNING CANDIDATE s0@group-31A0E89A70DD:t4, leader=null, voted=s0, raftlog=s0@group-31A0E89A70DD-SegmentedRaftLog:OPENED:c-1,f-1,i0, conf=-1: [s0:0.0.0.0:43926, s1:0.0.0.0:41045, s2:0.0.0.0:43384], old=null RUNNING
  s1:  RUNNING  FOLLOWER s1@group-31A0E89A70DD:t3, leader=null, voted=null, raftlog=s1@group-31A0E89A70DD-SegmentedRaftLog:OPENED:c-1,f-1,i0, conf=-1: [s0:0.0.0.0:43926, s1:0.0.0.0:41045, s2:0.0.0.0:43384], old=null RUNNING
  s2:  RUNNING CANDIDATE s2@group-31A0E89A70DD:t4, leader=null, voted=s2, raftlog=s2@group-31A0E89A70DD-SegmentedRaftLog:OPENED:c-1,f-1,i0, conf=-1: [s0:0.0.0.0:43926, s1:0.0.0.0:41045, s2:0.0.0.0:43384], old=null RUNNING
	at org.apache.ratis.MiniRaftCluster.newIllegalStateExceptionForNoLeaders(MiniRaftCluster.java:506)
	at org.apache.ratis.RaftTestUtil.lambda$waitForLeader$1(RaftTestUtil.java:90)
	at org.apache.ratis.MiniRaftCluster.getLeader(MiniRaftCluster.java:539)
	at org.apache.ratis.MiniRaftCluster.getLeader(MiniRaftCluster.java:532)
	at org.apache.ratis.RaftTestUtil.lambda$waitForLeader$3(RaftTestUtil.java:98)
	at org.apache.ratis.util.JavaUtils.attempt(JavaUtils.java:152)
	at org.apache.ratis.RaftTestUtil.waitForLeader(RaftTestUtil.java:97)
	at org.apache.ratis.RaftTestUtil.waitForLeader(RaftTestUtil.java:77)
	at org.apache.ratis.RaftTestUtil.waitForLeader(RaftTestUtil.java:72)
	at org.apache.ratis.RetryCacheTests.runTestBasicRetry(RetryCacheTests.java:64)
	at org.apache.ratis.MiniRaftCluster$Factory$Get.runWithNewCluster(MiniRaftCluster.java:125)
	at org.apache.ratis.MiniRaftCluster$Factory$Get.runWithNewCluster(MiniRaftCluster.java:113)
	at org.apache.ratis.RetryCacheTests.testBasicRetry(RetryCacheTests.java:60)
	at sun.reflect.NativeMethodAccessorImpl.invoke0(Native Method)
	at sun.reflect.NativeMethodAccessorImpl.invoke(NativeMethodAccessorImpl.java:62)
	at sun.reflect.DelegatingMethodAccessorImpl.invoke(DelegatingMethodAccessorImpl.java:43)
	at java.lang.reflect.Method.invoke(Method.java:498)
	at org.junit.runners.model.FrameworkMethod$1.runReflectiveCall(FrameworkMethod.java:50)
	at org.junit.internal.runners.model.ReflectiveCallable.run(ReflectiveCallable.java:12)
	at org.junit.runners.model.FrameworkMethod.invokeExplosively(FrameworkMethod.java:47)
	at org.junit.internal.runners.statements.InvokeMethod.evaluate(InvokeMethod.java:17)
	at org.junit.internal.runners.statements.RunAfters.evaluate(RunAfters.java:27)
	at org.junit.internal.runners.statements.FailOnTimeout$CallableStatement.call(FailOnTimeout.java:298)
	at org.junit.internal.runners.statements.FailOnTimeout$CallableStatement.call(FailOnTimeout.java:292)
	at java.util.concurrent.FutureTask.run(FutureTask.java:266)
	at java.lang.Thread.run(Thread.java:748)
2019-09-24 16:36:14,390 WARN  ratis.RaftTestUtil (JavaUtils.java:attempt(158)) - FAILED "waitForLeader-null-(expectLeader? true)", attempt #51/100: java.lang.IllegalStateException: No leader yet : printing ALL groups
  s0:  RUNNING CANDIDATE s0@group-31A0E89A70DD:t4, leader=null, voted=s0, raftlog=s0@group-31A0E89A70DD-SegmentedRaftLog:OPENED:c-1,f-1,i0, conf=-1: [s0:0.0.0.0:43926, s1:0.0.0.0:41045, s2:0.0.0.0:43384], old=null RUNNING
  s1:  RUNNING  FOLLOWER s1@group-31A0E89A70DD:t3, leader=null, voted=null, raftlog=s1@group-31A0E89A70DD-SegmentedRaftLog:OPENED:c-1,f-1,i0, conf=-1: [s0:0.0.0.0:43926, s1:0.0.0.0:41045, s2:0.0.0.0:43384], old=null RUNNING
  s2:  RUNNING CANDIDATE s2@group-31A0E89A70DD:t4, leader=null, voted=s2, raftlog=s2@group-31A0E89A70DD-SegmentedRaftLog:OPENED:c-1,f-1,i0, conf=-1: [s0:0.0.0.0:43926, s1:0.0.0.0:41045, s2:0.0.0.0:43384], old=null RUNNING, sleep 450ms and then retry.
java.lang.IllegalStateException: No leader yet : printing ALL groups
  s0:  RUNNING CANDIDATE s0@group-31A0E89A70DD:t4, leader=null, voted=s0, raftlog=s0@group-31A0E89A70DD-SegmentedRaftLog:OPENED:c-1,f-1,i0, conf=-1: [s0:0.0.0.0:43926, s1:0.0.0.0:41045, s2:0.0.0.0:43384], old=null RUNNING
  s1:  RUNNING  FOLLOWER s1@group-31A0E89A70DD:t3, leader=null, voted=null, raftlog=s1@group-31A0E89A70DD-SegmentedRaftLog:OPENED:c-1,f-1,i0, conf=-1: [s0:0.0.0.0:43926, s1:0.0.0.0:41045, s2:0.0.0.0:43384], old=null RUNNING
  s2:  RUNNING CANDIDATE s2@group-31A0E89A70DD:t4, leader=null, voted=s2, raftlog=s2@group-31A0E89A70DD-SegmentedRaftLog:OPENED:c-1,f-1,i0, conf=-1: [s0:0.0.0.0:43926, s1:0.0.0.0:41045, s2:0.0.0.0:43384], old=null RUNNING
	at org.apache.ratis.MiniRaftCluster.newIllegalStateExceptionForNoLeaders(MiniRaftCluster.java:506)
	at org.apache.ratis.RaftTestUtil.lambda$waitForLeader$1(RaftTestUtil.java:90)
	at org.apache.ratis.MiniRaftCluster.getLeader(MiniRaftCluster.java:539)
	at org.apache.ratis.MiniRaftCluster.getLeader(MiniRaftCluster.java:532)
	at org.apache.ratis.RaftTestUtil.lambda$waitForLeader$3(RaftTestUtil.java:98)
	at org.apache.ratis.util.JavaUtils.attempt(JavaUtils.java:152)
	at org.apache.ratis.RaftTestUtil.waitForLeader(RaftTestUtil.java:97)
	at org.apache.ratis.RaftTestUtil.waitForLeader(RaftTestUtil.java:77)
	at org.apache.ratis.RaftTestUtil.waitForLeader(RaftTestUtil.java:72)
	at org.apache.ratis.RetryCacheTests.runTestBasicRetry(RetryCacheTests.java:64)
	at org.apache.ratis.MiniRaftCluster$Factory$Get.runWithNewCluster(MiniRaftCluster.java:125)
	at org.apache.ratis.MiniRaftCluster$Factory$Get.runWithNewCluster(MiniRaftCluster.java:113)
	at org.apache.ratis.RetryCacheTests.testBasicRetry(RetryCacheTests.java:60)
	at sun.reflect.NativeMethodAccessorImpl.invoke0(Native Method)
	at sun.reflect.NativeMethodAccessorImpl.invoke(NativeMethodAccessorImpl.java:62)
	at sun.reflect.DelegatingMethodAccessorImpl.invoke(DelegatingMethodAccessorImpl.java:43)
	at java.lang.reflect.Method.invoke(Method.java:498)
	at org.junit.runners.model.FrameworkMethod$1.runReflectiveCall(FrameworkMethod.java:50)
	at org.junit.internal.runners.model.ReflectiveCallable.run(ReflectiveCallable.java:12)
	at org.junit.runners.model.FrameworkMethod.invokeExplosively(FrameworkMethod.java:47)
	at org.junit.internal.runners.statements.InvokeMethod.evaluate(InvokeMethod.java:17)
	at org.junit.internal.runners.statements.RunAfters.evaluate(RunAfters.java:27)
	at org.junit.internal.runners.statements.FailOnTimeout$CallableStatement.call(FailOnTimeout.java:298)
	at org.junit.internal.runners.statements.FailOnTimeout$CallableStatement.call(FailOnTimeout.java:292)
	at java.util.concurrent.FutureTask.run(FutureTask.java:266)
	at java.lang.Thread.run(Thread.java:748)
2019-09-24 16:36:14,842 WARN  ratis.RaftTestUtil (JavaUtils.java:attempt(158)) - FAILED "waitForLeader-null-(expectLeader? true)", attempt #52/100: java.lang.IllegalStateException: No leader yet : printing ALL groups
  s0:  RUNNING CANDIDATE s0@group-31A0E89A70DD:t4, leader=null, voted=s0, raftlog=s0@group-31A0E89A70DD-SegmentedRaftLog:OPENED:c-1,f-1,i0, conf=-1: [s0:0.0.0.0:43926, s1:0.0.0.0:41045, s2:0.0.0.0:43384], old=null RUNNING
  s1:  RUNNING  FOLLOWER s1@group-31A0E89A70DD:t3, leader=null, voted=null, raftlog=s1@group-31A0E89A70DD-SegmentedRaftLog:OPENED:c-1,f-1,i0, conf=-1: [s0:0.0.0.0:43926, s1:0.0.0.0:41045, s2:0.0.0.0:43384], old=null RUNNING
  s2:  RUNNING CANDIDATE s2@group-31A0E89A70DD:t4, leader=null, voted=s2, raftlog=s2@group-31A0E89A70DD-SegmentedRaftLog:OPENED:c-1,f-1,i0, conf=-1: [s0:0.0.0.0:43926, s1:0.0.0.0:41045, s2:0.0.0.0:43384], old=null RUNNING, sleep 450ms and then retry.
java.lang.IllegalStateException: No leader yet : printing ALL groups
  s0:  RUNNING CANDIDATE s0@group-31A0E89A70DD:t4, leader=null, voted=s0, raftlog=s0@group-31A0E89A70DD-SegmentedRaftLog:OPENED:c-1,f-1,i0, conf=-1: [s0:0.0.0.0:43926, s1:0.0.0.0:41045, s2:0.0.0.0:43384], old=null RUNNING
  s1:  RUNNING  FOLLOWER s1@group-31A0E89A70DD:t3, leader=null, voted=null, raftlog=s1@group-31A0E89A70DD-SegmentedRaftLog:OPENED:c-1,f-1,i0, conf=-1: [s0:0.0.0.0:43926, s1:0.0.0.0:41045, s2:0.0.0.0:43384], old=null RUNNING
  s2:  RUNNING CANDIDATE s2@group-31A0E89A70DD:t4, leader=null, voted=s2, raftlog=s2@group-31A0E89A70DD-SegmentedRaftLog:OPENED:c-1,f-1,i0, conf=-1: [s0:0.0.0.0:43926, s1:0.0.0.0:41045, s2:0.0.0.0:43384], old=null RUNNING
	at org.apache.ratis.MiniRaftCluster.newIllegalStateExceptionForNoLeaders(MiniRaftCluster.java:506)
	at org.apache.ratis.RaftTestUtil.lambda$waitForLeader$1(RaftTestUtil.java:90)
	at org.apache.ratis.MiniRaftCluster.getLeader(MiniRaftCluster.java:539)
	at org.apache.ratis.MiniRaftCluster.getLeader(MiniRaftCluster.java:532)
	at org.apache.ratis.RaftTestUtil.lambda$waitForLeader$3(RaftTestUtil.java:98)
	at org.apache.ratis.util.JavaUtils.attempt(JavaUtils.java:152)
	at org.apache.ratis.RaftTestUtil.waitForLeader(RaftTestUtil.java:97)
	at org.apache.ratis.RaftTestUtil.waitForLeader(RaftTestUtil.java:77)
	at org.apache.ratis.RaftTestUtil.waitForLeader(RaftTestUtil.java:72)
	at org.apache.ratis.RetryCacheTests.runTestBasicRetry(RetryCacheTests.java:64)
	at org.apache.ratis.MiniRaftCluster$Factory$Get.runWithNewCluster(MiniRaftCluster.java:125)
	at org.apache.ratis.MiniRaftCluster$Factory$Get.runWithNewCluster(MiniRaftCluster.java:113)
	at org.apache.ratis.RetryCacheTests.testBasicRetry(RetryCacheTests.java:60)
	at sun.reflect.NativeMethodAccessorImpl.invoke0(Native Method)
	at sun.reflect.NativeMethodAccessorImpl.invoke(NativeMethodAccessorImpl.java:62)
	at sun.reflect.DelegatingMethodAccessorImpl.invoke(DelegatingMethodAccessorImpl.java:43)
	at java.lang.reflect.Method.invoke(Method.java:498)
	at org.junit.runners.model.FrameworkMethod$1.runReflectiveCall(FrameworkMethod.java:50)
	at org.junit.internal.runners.model.ReflectiveCallable.run(ReflectiveCallable.java:12)
	at org.junit.runners.model.FrameworkMethod.invokeExplosively(FrameworkMethod.java:47)
	at org.junit.internal.runners.statements.InvokeMethod.evaluate(InvokeMethod.java:17)
	at org.junit.internal.runners.statements.RunAfters.evaluate(RunAfters.java:27)
	at org.junit.internal.runners.statements.FailOnTimeout$CallableStatement.call(FailOnTimeout.java:298)
	at org.junit.internal.runners.statements.FailOnTimeout$CallableStatement.call(FailOnTimeout.java:292)
	at java.util.concurrent.FutureTask.run(FutureTask.java:266)
	at java.lang.Thread.run(Thread.java:748)
2019-09-24 16:36:15,293 WARN  ratis.RaftTestUtil (JavaUtils.java:attempt(158)) - FAILED "waitForLeader-null-(expectLeader? true)", attempt #53/100: java.lang.IllegalStateException: No leader yet : printing ALL groups
  s0:  RUNNING CANDIDATE s0@group-31A0E89A70DD:t4, leader=null, voted=s0, raftlog=s0@group-31A0E89A70DD-SegmentedRaftLog:OPENED:c-1,f-1,i0, conf=-1: [s0:0.0.0.0:43926, s1:0.0.0.0:41045, s2:0.0.0.0:43384], old=null RUNNING
  s1:  RUNNING  FOLLOWER s1@group-31A0E89A70DD:t3, leader=null, voted=null, raftlog=s1@group-31A0E89A70DD-SegmentedRaftLog:OPENED:c-1,f-1,i0, conf=-1: [s0:0.0.0.0:43926, s1:0.0.0.0:41045, s2:0.0.0.0:43384], old=null RUNNING
  s2:  RUNNING CANDIDATE s2@group-31A0E89A70DD:t4, leader=null, voted=s2, raftlog=s2@group-31A0E89A70DD-SegmentedRaftLog:OPENED:c-1,f-1,i0, conf=-1: [s0:0.0.0.0:43926, s1:0.0.0.0:41045, s2:0.0.0.0:43384], old=null RUNNING, sleep 450ms and then retry.
java.lang.IllegalStateException: No leader yet : printing ALL groups
  s0:  RUNNING CANDIDATE s0@group-31A0E89A70DD:t4, leader=null, voted=s0, raftlog=s0@group-31A0E89A70DD-SegmentedRaftLog:OPENED:c-1,f-1,i0, conf=-1: [s0:0.0.0.0:43926, s1:0.0.0.0:41045, s2:0.0.0.0:43384], old=null RUNNING
  s1:  RUNNING  FOLLOWER s1@group-31A0E89A70DD:t3, leader=null, voted=null, raftlog=s1@group-31A0E89A70DD-SegmentedRaftLog:OPENED:c-1,f-1,i0, conf=-1: [s0:0.0.0.0:43926, s1:0.0.0.0:41045, s2:0.0.0.0:43384], old=null RUNNING
  s2:  RUNNING CANDIDATE s2@group-31A0E89A70DD:t4, leader=null, voted=s2, raftlog=s2@group-31A0E89A70DD-SegmentedRaftLog:OPENED:c-1,f-1,i0, conf=-1: [s0:0.0.0.0:43926, s1:0.0.0.0:41045, s2:0.0.0.0:43384], old=null RUNNING
	at org.apache.ratis.MiniRaftCluster.newIllegalStateExceptionForNoLeaders(MiniRaftCluster.java:506)
	at org.apache.ratis.RaftTestUtil.lambda$waitForLeader$1(RaftTestUtil.java:90)
	at org.apache.ratis.MiniRaftCluster.getLeader(MiniRaftCluster.java:539)
	at org.apache.ratis.MiniRaftCluster.getLeader(MiniRaftCluster.java:532)
	at org.apache.ratis.RaftTestUtil.lambda$waitForLeader$3(RaftTestUtil.java:98)
	at org.apache.ratis.util.JavaUtils.attempt(JavaUtils.java:152)
	at org.apache.ratis.RaftTestUtil.waitForLeader(RaftTestUtil.java:97)
	at org.apache.ratis.RaftTestUtil.waitForLeader(RaftTestUtil.java:77)
	at org.apache.ratis.RaftTestUtil.waitForLeader(RaftTestUtil.java:72)
	at org.apache.ratis.RetryCacheTests.runTestBasicRetry(RetryCacheTests.java:64)
	at org.apache.ratis.MiniRaftCluster$Factory$Get.runWithNewCluster(MiniRaftCluster.java:125)
	at org.apache.ratis.MiniRaftCluster$Factory$Get.runWithNewCluster(MiniRaftCluster.java:113)
	at org.apache.ratis.RetryCacheTests.testBasicRetry(RetryCacheTests.java:60)
	at sun.reflect.NativeMethodAccessorImpl.invoke0(Native Method)
	at sun.reflect.NativeMethodAccessorImpl.invoke(NativeMethodAccessorImpl.java:62)
	at sun.reflect.DelegatingMethodAccessorImpl.invoke(DelegatingMethodAccessorImpl.java:43)
	at java.lang.reflect.Method.invoke(Method.java:498)
	at org.junit.runners.model.FrameworkMethod$1.runReflectiveCall(FrameworkMethod.java:50)
	at org.junit.internal.runners.model.ReflectiveCallable.run(ReflectiveCallable.java:12)
	at org.junit.runners.model.FrameworkMethod.invokeExplosively(FrameworkMethod.java:47)
	at org.junit.internal.runners.statements.InvokeMethod.evaluate(InvokeMethod.java:17)
	at org.junit.internal.runners.statements.RunAfters.evaluate(RunAfters.java:27)
	at org.junit.internal.runners.statements.FailOnTimeout$CallableStatement.call(FailOnTimeout.java:298)
	at org.junit.internal.runners.statements.FailOnTimeout$CallableStatement.call(FailOnTimeout.java:292)
	at java.util.concurrent.FutureTask.run(FutureTask.java:266)
	at java.lang.Thread.run(Thread.java:748)
2019-09-24 16:36:15,745 WARN  ratis.RaftTestUtil (JavaUtils.java:attempt(158)) - FAILED "waitForLeader-null-(expectLeader? true)", attempt #54/100: java.lang.IllegalStateException: No leader yet : printing ALL groups
  s0:  RUNNING CANDIDATE s0@group-31A0E89A70DD:t4, leader=null, voted=s0, raftlog=s0@group-31A0E89A70DD-SegmentedRaftLog:OPENED:c-1,f-1,i0, conf=-1: [s0:0.0.0.0:43926, s1:0.0.0.0:41045, s2:0.0.0.0:43384], old=null RUNNING
  s1:  RUNNING  FOLLOWER s1@group-31A0E89A70DD:t3, leader=null, voted=null, raftlog=s1@group-31A0E89A70DD-SegmentedRaftLog:OPENED:c-1,f-1,i0, conf=-1: [s0:0.0.0.0:43926, s1:0.0.0.0:41045, s2:0.0.0.0:43384], old=null RUNNING
  s2:  RUNNING CANDIDATE s2@group-31A0E89A70DD:t4, leader=null, voted=s2, raftlog=s2@group-31A0E89A70DD-SegmentedRaftLog:OPENED:c-1,f-1,i0, conf=-1: [s0:0.0.0.0:43926, s1:0.0.0.0:41045, s2:0.0.0.0:43384], old=null RUNNING, sleep 450ms and then retry.
java.lang.IllegalStateException: No leader yet : printing ALL groups
  s0:  RUNNING CANDIDATE s0@group-31A0E89A70DD:t4, leader=null, voted=s0, raftlog=s0@group-31A0E89A70DD-SegmentedRaftLog:OPENED:c-1,f-1,i0, conf=-1: [s0:0.0.0.0:43926, s1:0.0.0.0:41045, s2:0.0.0.0:43384], old=null RUNNING
  s1:  RUNNING  FOLLOWER s1@group-31A0E89A70DD:t3, leader=null, voted=null, raftlog=s1@group-31A0E89A70DD-SegmentedRaftLog:OPENED:c-1,f-1,i0, conf=-1: [s0:0.0.0.0:43926, s1:0.0.0.0:41045, s2:0.0.0.0:43384], old=null RUNNING
  s2:  RUNNING CANDIDATE s2@group-31A0E89A70DD:t4, leader=null, voted=s2, raftlog=s2@group-31A0E89A70DD-SegmentedRaftLog:OPENED:c-1,f-1,i0, conf=-1: [s0:0.0.0.0:43926, s1:0.0.0.0:41045, s2:0.0.0.0:43384], old=null RUNNING
	at org.apache.ratis.MiniRaftCluster.newIllegalStateExceptionForNoLeaders(MiniRaftCluster.java:506)
	at org.apache.ratis.RaftTestUtil.lambda$waitForLeader$1(RaftTestUtil.java:90)
	at org.apache.ratis.MiniRaftCluster.getLeader(MiniRaftCluster.java:539)
	at org.apache.ratis.MiniRaftCluster.getLeader(MiniRaftCluster.java:532)
	at org.apache.ratis.RaftTestUtil.lambda$waitForLeader$3(RaftTestUtil.java:98)
	at org.apache.ratis.util.JavaUtils.attempt(JavaUtils.java:152)
	at org.apache.ratis.RaftTestUtil.waitForLeader(RaftTestUtil.java:97)
	at org.apache.ratis.RaftTestUtil.waitForLeader(RaftTestUtil.java:77)
	at org.apache.ratis.RaftTestUtil.waitForLeader(RaftTestUtil.java:72)
	at org.apache.ratis.RetryCacheTests.runTestBasicRetry(RetryCacheTests.java:64)
	at org.apache.ratis.MiniRaftCluster$Factory$Get.runWithNewCluster(MiniRaftCluster.java:125)
	at org.apache.ratis.MiniRaftCluster$Factory$Get.runWithNewCluster(MiniRaftCluster.java:113)
	at org.apache.ratis.RetryCacheTests.testBasicRetry(RetryCacheTests.java:60)
	at sun.reflect.NativeMethodAccessorImpl.invoke0(Native Method)
	at sun.reflect.NativeMethodAccessorImpl.invoke(NativeMethodAccessorImpl.java:62)
	at sun.reflect.DelegatingMethodAccessorImpl.invoke(DelegatingMethodAccessorImpl.java:43)
	at java.lang.reflect.Method.invoke(Method.java:498)
	at org.junit.runners.model.FrameworkMethod$1.runReflectiveCall(FrameworkMethod.java:50)
	at org.junit.internal.runners.model.ReflectiveCallable.run(ReflectiveCallable.java:12)
	at org.junit.runners.model.FrameworkMethod.invokeExplosively(FrameworkMethod.java:47)
	at org.junit.internal.runners.statements.InvokeMethod.evaluate(InvokeMethod.java:17)
	at org.junit.internal.runners.statements.RunAfters.evaluate(RunAfters.java:27)
	at org.junit.internal.runners.statements.FailOnTimeout$CallableStatement.call(FailOnTimeout.java:298)
	at org.junit.internal.runners.statements.FailOnTimeout$CallableStatement.call(FailOnTimeout.java:292)
	at java.util.concurrent.FutureTask.run(FutureTask.java:266)
	at java.lang.Thread.run(Thread.java:748)
2019-09-24 16:36:16,197 WARN  ratis.RaftTestUtil (JavaUtils.java:attempt(158)) - FAILED "waitForLeader-null-(expectLeader? true)", attempt #55/100: java.lang.IllegalStateException: No leader yet : printing ALL groups
  s0:  RUNNING CANDIDATE s0@group-31A0E89A70DD:t4, leader=null, voted=s0, raftlog=s0@group-31A0E89A70DD-SegmentedRaftLog:OPENED:c-1,f-1,i0, conf=-1: [s0:0.0.0.0:43926, s1:0.0.0.0:41045, s2:0.0.0.0:43384], old=null RUNNING
  s1:  RUNNING  FOLLOWER s1@group-31A0E89A70DD:t3, leader=null, voted=null, raftlog=s1@group-31A0E89A70DD-SegmentedRaftLog:OPENED:c-1,f-1,i0, conf=-1: [s0:0.0.0.0:43926, s1:0.0.0.0:41045, s2:0.0.0.0:43384], old=null RUNNING
  s2:  RUNNING CANDIDATE s2@group-31A0E89A70DD:t4, leader=null, voted=s2, raftlog=s2@group-31A0E89A70DD-SegmentedRaftLog:OPENED:c-1,f-1,i0, conf=-1: [s0:0.0.0.0:43926, s1:0.0.0.0:41045, s2:0.0.0.0:43384], old=null RUNNING, sleep 450ms and then retry.
java.lang.IllegalStateException: No leader yet : printing ALL groups
  s0:  RUNNING CANDIDATE s0@group-31A0E89A70DD:t4, leader=null, voted=s0, raftlog=s0@group-31A0E89A70DD-SegmentedRaftLog:OPENED:c-1,f-1,i0, conf=-1: [s0:0.0.0.0:43926, s1:0.0.0.0:41045, s2:0.0.0.0:43384], old=null RUNNING
  s1:  RUNNING  FOLLOWER s1@group-31A0E89A70DD:t3, leader=null, voted=null, raftlog=s1@group-31A0E89A70DD-SegmentedRaftLog:OPENED:c-1,f-1,i0, conf=-1: [s0:0.0.0.0:43926, s1:0.0.0.0:41045, s2:0.0.0.0:43384], old=null RUNNING
  s2:  RUNNING CANDIDATE s2@group-31A0E89A70DD:t4, leader=null, voted=s2, raftlog=s2@group-31A0E89A70DD-SegmentedRaftLog:OPENED:c-1,f-1,i0, conf=-1: [s0:0.0.0.0:43926, s1:0.0.0.0:41045, s2:0.0.0.0:43384], old=null RUNNING
	at org.apache.ratis.MiniRaftCluster.newIllegalStateExceptionForNoLeaders(MiniRaftCluster.java:506)
	at org.apache.ratis.RaftTestUtil.lambda$waitForLeader$1(RaftTestUtil.java:90)
	at org.apache.ratis.MiniRaftCluster.getLeader(MiniRaftCluster.java:539)
	at org.apache.ratis.MiniRaftCluster.getLeader(MiniRaftCluster.java:532)
	at org.apache.ratis.RaftTestUtil.lambda$waitForLeader$3(RaftTestUtil.java:98)
	at org.apache.ratis.util.JavaUtils.attempt(JavaUtils.java:152)
	at org.apache.ratis.RaftTestUtil.waitForLeader(RaftTestUtil.java:97)
	at org.apache.ratis.RaftTestUtil.waitForLeader(RaftTestUtil.java:77)
	at org.apache.ratis.RaftTestUtil.waitForLeader(RaftTestUtil.java:72)
	at org.apache.ratis.RetryCacheTests.runTestBasicRetry(RetryCacheTests.java:64)
	at org.apache.ratis.MiniRaftCluster$Factory$Get.runWithNewCluster(MiniRaftCluster.java:125)
	at org.apache.ratis.MiniRaftCluster$Factory$Get.runWithNewCluster(MiniRaftCluster.java:113)
	at org.apache.ratis.RetryCacheTests.testBasicRetry(RetryCacheTests.java:60)
	at sun.reflect.NativeMethodAccessorImpl.invoke0(Native Method)
	at sun.reflect.NativeMethodAccessorImpl.invoke(NativeMethodAccessorImpl.java:62)
	at sun.reflect.DelegatingMethodAccessorImpl.invoke(DelegatingMethodAccessorImpl.java:43)
	at java.lang.reflect.Method.invoke(Method.java:498)
	at org.junit.runners.model.FrameworkMethod$1.runReflectiveCall(FrameworkMethod.java:50)
	at org.junit.internal.runners.model.ReflectiveCallable.run(ReflectiveCallable.java:12)
	at org.junit.runners.model.FrameworkMethod.invokeExplosively(FrameworkMethod.java:47)
	at org.junit.internal.runners.statements.InvokeMethod.evaluate(InvokeMethod.java:17)
	at org.junit.internal.runners.statements.RunAfters.evaluate(RunAfters.java:27)
	at org.junit.internal.runners.statements.FailOnTimeout$CallableStatement.call(FailOnTimeout.java:298)
	at org.junit.internal.runners.statements.FailOnTimeout$CallableStatement.call(FailOnTimeout.java:292)
	at java.util.concurrent.FutureTask.run(FutureTask.java:266)
	at java.lang.Thread.run(Thread.java:748)
2019-09-24 16:36:16,649 WARN  ratis.RaftTestUtil (JavaUtils.java:attempt(158)) - FAILED "waitForLeader-null-(expectLeader? true)", attempt #56/100: java.lang.IllegalStateException: No leader yet : printing ALL groups
  s0:  RUNNING CANDIDATE s0@group-31A0E89A70DD:t4, leader=null, voted=s0, raftlog=s0@group-31A0E89A70DD-SegmentedRaftLog:OPENED:c-1,f-1,i0, conf=-1: [s0:0.0.0.0:43926, s1:0.0.0.0:41045, s2:0.0.0.0:43384], old=null RUNNING
  s1:  RUNNING  FOLLOWER s1@group-31A0E89A70DD:t3, leader=null, voted=null, raftlog=s1@group-31A0E89A70DD-SegmentedRaftLog:OPENED:c-1,f-1,i0, conf=-1: [s0:0.0.0.0:43926, s1:0.0.0.0:41045, s2:0.0.0.0:43384], old=null RUNNING
  s2:  RUNNING CANDIDATE s2@group-31A0E89A70DD:t4, leader=null, voted=s2, raftlog=s2@group-31A0E89A70DD-SegmentedRaftLog:OPENED:c-1,f-1,i0, conf=-1: [s0:0.0.0.0:43926, s1:0.0.0.0:41045, s2:0.0.0.0:43384], old=null RUNNING, sleep 450ms and then retry.
java.lang.IllegalStateException: No leader yet : printing ALL groups
  s0:  RUNNING CANDIDATE s0@group-31A0E89A70DD:t4, leader=null, voted=s0, raftlog=s0@group-31A0E89A70DD-SegmentedRaftLog:OPENED:c-1,f-1,i0, conf=-1: [s0:0.0.0.0:43926, s1:0.0.0.0:41045, s2:0.0.0.0:43384], old=null RUNNING
  s1:  RUNNING  FOLLOWER s1@group-31A0E89A70DD:t3, leader=null, voted=null, raftlog=s1@group-31A0E89A70DD-SegmentedRaftLog:OPENED:c-1,f-1,i0, conf=-1: [s0:0.0.0.0:43926, s1:0.0.0.0:41045, s2:0.0.0.0:43384], old=null RUNNING
  s2:  RUNNING CANDIDATE s2@group-31A0E89A70DD:t4, leader=null, voted=s2, raftlog=s2@group-31A0E89A70DD-SegmentedRaftLog:OPENED:c-1,f-1,i0, conf=-1: [s0:0.0.0.0:43926, s1:0.0.0.0:41045, s2:0.0.0.0:43384], old=null RUNNING
	at org.apache.ratis.MiniRaftCluster.newIllegalStateExceptionForNoLeaders(MiniRaftCluster.java:506)
	at org.apache.ratis.RaftTestUtil.lambda$waitForLeader$1(RaftTestUtil.java:90)
	at org.apache.ratis.MiniRaftCluster.getLeader(MiniRaftCluster.java:539)
	at org.apache.ratis.MiniRaftCluster.getLeader(MiniRaftCluster.java:532)
	at org.apache.ratis.RaftTestUtil.lambda$waitForLeader$3(RaftTestUtil.java:98)
	at org.apache.ratis.util.JavaUtils.attempt(JavaUtils.java:152)
	at org.apache.ratis.RaftTestUtil.waitForLeader(RaftTestUtil.java:97)
	at org.apache.ratis.RaftTestUtil.waitForLeader(RaftTestUtil.java:77)
	at org.apache.ratis.RaftTestUtil.waitForLeader(RaftTestUtil.java:72)
	at org.apache.ratis.RetryCacheTests.runTestBasicRetry(RetryCacheTests.java:64)
	at org.apache.ratis.MiniRaftCluster$Factory$Get.runWithNewCluster(MiniRaftCluster.java:125)
	at org.apache.ratis.MiniRaftCluster$Factory$Get.runWithNewCluster(MiniRaftCluster.java:113)
	at org.apache.ratis.RetryCacheTests.testBasicRetry(RetryCacheTests.java:60)
	at sun.reflect.NativeMethodAccessorImpl.invoke0(Native Method)
	at sun.reflect.NativeMethodAccessorImpl.invoke(NativeMethodAccessorImpl.java:62)
	at sun.reflect.DelegatingMethodAccessorImpl.invoke(DelegatingMethodAccessorImpl.java:43)
	at java.lang.reflect.Method.invoke(Method.java:498)
	at org.junit.runners.model.FrameworkMethod$1.runReflectiveCall(FrameworkMethod.java:50)
	at org.junit.internal.runners.model.ReflectiveCallable.run(ReflectiveCallable.java:12)
	at org.junit.runners.model.FrameworkMethod.invokeExplosively(FrameworkMethod.java:47)
	at org.junit.internal.runners.statements.InvokeMethod.evaluate(InvokeMethod.java:17)
	at org.junit.internal.runners.statements.RunAfters.evaluate(RunAfters.java:27)
	at org.junit.internal.runners.statements.FailOnTimeout$CallableStatement.call(FailOnTimeout.java:298)
	at org.junit.internal.runners.statements.FailOnTimeout$CallableStatement.call(FailOnTimeout.java:292)
	at java.util.concurrent.FutureTask.run(FutureTask.java:266)
	at java.lang.Thread.run(Thread.java:748)
2019-09-24 16:36:17,101 WARN  ratis.RaftTestUtil (JavaUtils.java:attempt(158)) - FAILED "waitForLeader-null-(expectLeader? true)", attempt #57/100: java.lang.IllegalStateException: No leader yet : printing ALL groups
  s0:  RUNNING CANDIDATE s0@group-31A0E89A70DD:t4, leader=null, voted=s0, raftlog=s0@group-31A0E89A70DD-SegmentedRaftLog:OPENED:c-1,f-1,i0, conf=-1: [s0:0.0.0.0:43926, s1:0.0.0.0:41045, s2:0.0.0.0:43384], old=null RUNNING
  s1:  RUNNING  FOLLOWER s1@group-31A0E89A70DD:t3, leader=null, voted=null, raftlog=s1@group-31A0E89A70DD-SegmentedRaftLog:OPENED:c-1,f-1,i0, conf=-1: [s0:0.0.0.0:43926, s1:0.0.0.0:41045, s2:0.0.0.0:43384], old=null RUNNING
  s2:  RUNNING CANDIDATE s2@group-31A0E89A70DD:t4, leader=null, voted=s2, raftlog=s2@group-31A0E89A70DD-SegmentedRaftLog:OPENED:c-1,f-1,i0, conf=-1: [s0:0.0.0.0:43926, s1:0.0.0.0:41045, s2:0.0.0.0:43384], old=null RUNNING, sleep 450ms and then retry.
java.lang.IllegalStateException: No leader yet : printing ALL groups
  s0:  RUNNING CANDIDATE s0@group-31A0E89A70DD:t4, leader=null, voted=s0, raftlog=s0@group-31A0E89A70DD-SegmentedRaftLog:OPENED:c-1,f-1,i0, conf=-1: [s0:0.0.0.0:43926, s1:0.0.0.0:41045, s2:0.0.0.0:43384], old=null RUNNING
  s1:  RUNNING  FOLLOWER s1@group-31A0E89A70DD:t3, leader=null, voted=null, raftlog=s1@group-31A0E89A70DD-SegmentedRaftLog:OPENED:c-1,f-1,i0, conf=-1: [s0:0.0.0.0:43926, s1:0.0.0.0:41045, s2:0.0.0.0:43384], old=null RUNNING
  s2:  RUNNING CANDIDATE s2@group-31A0E89A70DD:t4, leader=null, voted=s2, raftlog=s2@group-31A0E89A70DD-SegmentedRaftLog:OPENED:c-1,f-1,i0, conf=-1: [s0:0.0.0.0:43926, s1:0.0.0.0:41045, s2:0.0.0.0:43384], old=null RUNNING
	at org.apache.ratis.MiniRaftCluster.newIllegalStateExceptionForNoLeaders(MiniRaftCluster.java:506)
	at org.apache.ratis.RaftTestUtil.lambda$waitForLeader$1(RaftTestUtil.java:90)
	at org.apache.ratis.MiniRaftCluster.getLeader(MiniRaftCluster.java:539)
	at org.apache.ratis.MiniRaftCluster.getLeader(MiniRaftCluster.java:532)
	at org.apache.ratis.RaftTestUtil.lambda$waitForLeader$3(RaftTestUtil.java:98)
	at org.apache.ratis.util.JavaUtils.attempt(JavaUtils.java:152)
	at org.apache.ratis.RaftTestUtil.waitForLeader(RaftTestUtil.java:97)
	at org.apache.ratis.RaftTestUtil.waitForLeader(RaftTestUtil.java:77)
	at org.apache.ratis.RaftTestUtil.waitForLeader(RaftTestUtil.java:72)
	at org.apache.ratis.RetryCacheTests.runTestBasicRetry(RetryCacheTests.java:64)
	at org.apache.ratis.MiniRaftCluster$Factory$Get.runWithNewCluster(MiniRaftCluster.java:125)
	at org.apache.ratis.MiniRaftCluster$Factory$Get.runWithNewCluster(MiniRaftCluster.java:113)
	at org.apache.ratis.RetryCacheTests.testBasicRetry(RetryCacheTests.java:60)
	at sun.reflect.NativeMethodAccessorImpl.invoke0(Native Method)
	at sun.reflect.NativeMethodAccessorImpl.invoke(NativeMethodAccessorImpl.java:62)
	at sun.reflect.DelegatingMethodAccessorImpl.invoke(DelegatingMethodAccessorImpl.java:43)
	at java.lang.reflect.Method.invoke(Method.java:498)
	at org.junit.runners.model.FrameworkMethod$1.runReflectiveCall(FrameworkMethod.java:50)
	at org.junit.internal.runners.model.ReflectiveCallable.run(ReflectiveCallable.java:12)
	at org.junit.runners.model.FrameworkMethod.invokeExplosively(FrameworkMethod.java:47)
	at org.junit.internal.runners.statements.InvokeMethod.evaluate(InvokeMethod.java:17)
	at org.junit.internal.runners.statements.RunAfters.evaluate(RunAfters.java:27)
	at org.junit.internal.runners.statements.FailOnTimeout$CallableStatement.call(FailOnTimeout.java:298)
	at org.junit.internal.runners.statements.FailOnTimeout$CallableStatement.call(FailOnTimeout.java:292)
	at java.util.concurrent.FutureTask.run(FutureTask.java:266)
	at java.lang.Thread.run(Thread.java:748)
2019-09-24 16:36:17,553 WARN  ratis.RaftTestUtil (JavaUtils.java:attempt(158)) - FAILED "waitForLeader-null-(expectLeader? true)", attempt #58/100: java.lang.IllegalStateException: No leader yet : printing ALL groups
  s0:  RUNNING CANDIDATE s0@group-31A0E89A70DD:t4, leader=null, voted=s0, raftlog=s0@group-31A0E89A70DD-SegmentedRaftLog:OPENED:c-1,f-1,i0, conf=-1: [s0:0.0.0.0:43926, s1:0.0.0.0:41045, s2:0.0.0.0:43384], old=null RUNNING
  s1:  RUNNING  FOLLOWER s1@group-31A0E89A70DD:t3, leader=null, voted=null, raftlog=s1@group-31A0E89A70DD-SegmentedRaftLog:OPENED:c-1,f-1,i0, conf=-1: [s0:0.0.0.0:43926, s1:0.0.0.0:41045, s2:0.0.0.0:43384], old=null RUNNING
  s2:  RUNNING CANDIDATE s2@group-31A0E89A70DD:t4, leader=null, voted=s2, raftlog=s2@group-31A0E89A70DD-SegmentedRaftLog:OPENED:c-1,f-1,i0, conf=-1: [s0:0.0.0.0:43926, s1:0.0.0.0:41045, s2:0.0.0.0:43384], old=null RUNNING, sleep 450ms and then retry.
java.lang.IllegalStateException: No leader yet : printing ALL groups
  s0:  RUNNING CANDIDATE s0@group-31A0E89A70DD:t4, leader=null, voted=s0, raftlog=s0@group-31A0E89A70DD-SegmentedRaftLog:OPENED:c-1,f-1,i0, conf=-1: [s0:0.0.0.0:43926, s1:0.0.0.0:41045, s2:0.0.0.0:43384], old=null RUNNING
  s1:  RUNNING  FOLLOWER s1@group-31A0E89A70DD:t3, leader=null, voted=null, raftlog=s1@group-31A0E89A70DD-SegmentedRaftLog:OPENED:c-1,f-1,i0, conf=-1: [s0:0.0.0.0:43926, s1:0.0.0.0:41045, s2:0.0.0.0:43384], old=null RUNNING
  s2:  RUNNING CANDIDATE s2@group-31A0E89A70DD:t4, leader=null, voted=s2, raftlog=s2@group-31A0E89A70DD-SegmentedRaftLog:OPENED:c-1,f-1,i0, conf=-1: [s0:0.0.0.0:43926, s1:0.0.0.0:41045, s2:0.0.0.0:43384], old=null RUNNING
	at org.apache.ratis.MiniRaftCluster.newIllegalStateExceptionForNoLeaders(MiniRaftCluster.java:506)
	at org.apache.ratis.RaftTestUtil.lambda$waitForLeader$1(RaftTestUtil.java:90)
	at org.apache.ratis.MiniRaftCluster.getLeader(MiniRaftCluster.java:539)
	at org.apache.ratis.MiniRaftCluster.getLeader(MiniRaftCluster.java:532)
	at org.apache.ratis.RaftTestUtil.lambda$waitForLeader$3(RaftTestUtil.java:98)
	at org.apache.ratis.util.JavaUtils.attempt(JavaUtils.java:152)
	at org.apache.ratis.RaftTestUtil.waitForLeader(RaftTestUtil.java:97)
	at org.apache.ratis.RaftTestUtil.waitForLeader(RaftTestUtil.java:77)
	at org.apache.ratis.RaftTestUtil.waitForLeader(RaftTestUtil.java:72)
	at org.apache.ratis.RetryCacheTests.runTestBasicRetry(RetryCacheTests.java:64)
	at org.apache.ratis.MiniRaftCluster$Factory$Get.runWithNewCluster(MiniRaftCluster.java:125)
	at org.apache.ratis.MiniRaftCluster$Factory$Get.runWithNewCluster(MiniRaftCluster.java:113)
	at org.apache.ratis.RetryCacheTests.testBasicRetry(RetryCacheTests.java:60)
	at sun.reflect.NativeMethodAccessorImpl.invoke0(Native Method)
	at sun.reflect.NativeMethodAccessorImpl.invoke(NativeMethodAccessorImpl.java:62)
	at sun.reflect.DelegatingMethodAccessorImpl.invoke(DelegatingMethodAccessorImpl.java:43)
	at java.lang.reflect.Method.invoke(Method.java:498)
	at org.junit.runners.model.FrameworkMethod$1.runReflectiveCall(FrameworkMethod.java:50)
	at org.junit.internal.runners.model.ReflectiveCallable.run(ReflectiveCallable.java:12)
	at org.junit.runners.model.FrameworkMethod.invokeExplosively(FrameworkMethod.java:47)
	at org.junit.internal.runners.statements.InvokeMethod.evaluate(InvokeMethod.java:17)
	at org.junit.internal.runners.statements.RunAfters.evaluate(RunAfters.java:27)
	at org.junit.internal.runners.statements.FailOnTimeout$CallableStatement.call(FailOnTimeout.java:298)
	at org.junit.internal.runners.statements.FailOnTimeout$CallableStatement.call(FailOnTimeout.java:292)
	at java.util.concurrent.FutureTask.run(FutureTask.java:266)
	at java.lang.Thread.run(Thread.java:748)
2019-09-24 16:36:18,004 WARN  ratis.RaftTestUtil (JavaUtils.java:attempt(158)) - FAILED "waitForLeader-null-(expectLeader? true)", attempt #59/100: java.lang.IllegalStateException: No leader yet : printing ALL groups
  s0:  RUNNING CANDIDATE s0@group-31A0E89A70DD:t4, leader=null, voted=s0, raftlog=s0@group-31A0E89A70DD-SegmentedRaftLog:OPENED:c-1,f-1,i0, conf=-1: [s0:0.0.0.0:43926, s1:0.0.0.0:41045, s2:0.0.0.0:43384], old=null RUNNING
  s1:  RUNNING  FOLLOWER s1@group-31A0E89A70DD:t3, leader=null, voted=null, raftlog=s1@group-31A0E89A70DD-SegmentedRaftLog:OPENED:c-1,f-1,i0, conf=-1: [s0:0.0.0.0:43926, s1:0.0.0.0:41045, s2:0.0.0.0:43384], old=null RUNNING
  s2:  RUNNING CANDIDATE s2@group-31A0E89A70DD:t4, leader=null, voted=s2, raftlog=s2@group-31A0E89A70DD-SegmentedRaftLog:OPENED:c-1,f-1,i0, conf=-1: [s0:0.0.0.0:43926, s1:0.0.0.0:41045, s2:0.0.0.0:43384], old=null RUNNING, sleep 450ms and then retry.
java.lang.IllegalStateException: No leader yet : printing ALL groups
  s0:  RUNNING CANDIDATE s0@group-31A0E89A70DD:t4, leader=null, voted=s0, raftlog=s0@group-31A0E89A70DD-SegmentedRaftLog:OPENED:c-1,f-1,i0, conf=-1: [s0:0.0.0.0:43926, s1:0.0.0.0:41045, s2:0.0.0.0:43384], old=null RUNNING
  s1:  RUNNING  FOLLOWER s1@group-31A0E89A70DD:t3, leader=null, voted=null, raftlog=s1@group-31A0E89A70DD-SegmentedRaftLog:OPENED:c-1,f-1,i0, conf=-1: [s0:0.0.0.0:43926, s1:0.0.0.0:41045, s2:0.0.0.0:43384], old=null RUNNING
  s2:  RUNNING CANDIDATE s2@group-31A0E89A70DD:t4, leader=null, voted=s2, raftlog=s2@group-31A0E89A70DD-SegmentedRaftLog:OPENED:c-1,f-1,i0, conf=-1: [s0:0.0.0.0:43926, s1:0.0.0.0:41045, s2:0.0.0.0:43384], old=null RUNNING
	at org.apache.ratis.MiniRaftCluster.newIllegalStateExceptionForNoLeaders(MiniRaftCluster.java:506)
	at org.apache.ratis.RaftTestUtil.lambda$waitForLeader$1(RaftTestUtil.java:90)
	at org.apache.ratis.MiniRaftCluster.getLeader(MiniRaftCluster.java:539)
	at org.apache.ratis.MiniRaftCluster.getLeader(MiniRaftCluster.java:532)
	at org.apache.ratis.RaftTestUtil.lambda$waitForLeader$3(RaftTestUtil.java:98)
	at org.apache.ratis.util.JavaUtils.attempt(JavaUtils.java:152)
	at org.apache.ratis.RaftTestUtil.waitForLeader(RaftTestUtil.java:97)
	at org.apache.ratis.RaftTestUtil.waitForLeader(RaftTestUtil.java:77)
	at org.apache.ratis.RaftTestUtil.waitForLeader(RaftTestUtil.java:72)
	at org.apache.ratis.RetryCacheTests.runTestBasicRetry(RetryCacheTests.java:64)
	at org.apache.ratis.MiniRaftCluster$Factory$Get.runWithNewCluster(MiniRaftCluster.java:125)
	at org.apache.ratis.MiniRaftCluster$Factory$Get.runWithNewCluster(MiniRaftCluster.java:113)
	at org.apache.ratis.RetryCacheTests.testBasicRetry(RetryCacheTests.java:60)
	at sun.reflect.NativeMethodAccessorImpl.invoke0(Native Method)
	at sun.reflect.NativeMethodAccessorImpl.invoke(NativeMethodAccessorImpl.java:62)
	at sun.reflect.DelegatingMethodAccessorImpl.invoke(DelegatingMethodAccessorImpl.java:43)
	at java.lang.reflect.Method.invoke(Method.java:498)
	at org.junit.runners.model.FrameworkMethod$1.runReflectiveCall(FrameworkMethod.java:50)
	at org.junit.internal.runners.model.ReflectiveCallable.run(ReflectiveCallable.java:12)
	at org.junit.runners.model.FrameworkMethod.invokeExplosively(FrameworkMethod.java:47)
	at org.junit.internal.runners.statements.InvokeMethod.evaluate(InvokeMethod.java:17)
	at org.junit.internal.runners.statements.RunAfters.evaluate(RunAfters.java:27)
	at org.junit.internal.runners.statements.FailOnTimeout$CallableStatement.call(FailOnTimeout.java:298)
	at org.junit.internal.runners.statements.FailOnTimeout$CallableStatement.call(FailOnTimeout.java:292)
	at java.util.concurrent.FutureTask.run(FutureTask.java:266)
	at java.lang.Thread.run(Thread.java:748)
2019-09-24 16:36:18,148 INFO  impl.LeaderElection (LeaderElection.java:askForVotes(178)) - s2@group-31A0E89A70DD-LeaderElection3: begin an election at term 4 for -1: [s0:0.0.0.0:43926, s1:0.0.0.0:41045, s2:0.0.0.0:43384], old=null
2019-09-24 16:36:18,152 DEBUG impl.RaftServerImpl (RaftServerImpl.java:requestVote(743)) - s0@group-31A0E89A70DD: receive requestVote(s2, group-31A0E89A70DD, 4, (t:0, i:0))
2019-09-24 16:36:18,368 INFO  impl.LeaderElection (LeaderElection.java:logAndReturn(56)) - s2@group-31A0E89A70DD-LeaderElection3: Election TIMEOUT; received 0 response(s) [] and 0 exception(s); s2@group-31A0E89A70DD:t4, leader=null, voted=s2, raftlog=s2@group-31A0E89A70DD-SegmentedRaftLog:OPENED:c-1,f-1,i0, conf=-1: [s0:0.0.0.0:43926, s1:0.0.0.0:41045, s2:0.0.0.0:43384], old=null
2019-09-24 16:36:18,456 WARN  ratis.RaftTestUtil (JavaUtils.java:attempt(158)) - FAILED "waitForLeader-null-(expectLeader? true)", attempt #60/100: java.lang.IllegalStateException: No leader yet : printing ALL groups
  s0:  RUNNING CANDIDATE s0@group-31A0E89A70DD:t4, leader=null, voted=s0, raftlog=s0@group-31A0E89A70DD-SegmentedRaftLog:OPENED:c-1,f-1,i0, conf=-1: [s0:0.0.0.0:43926, s1:0.0.0.0:41045, s2:0.0.0.0:43384], old=null RUNNING
  s1:  RUNNING  FOLLOWER s1@group-31A0E89A70DD:t3, leader=null, voted=null, raftlog=s1@group-31A0E89A70DD-SegmentedRaftLog:OPENED:c-1,f-1,i0, conf=-1: [s0:0.0.0.0:43926, s1:0.0.0.0:41045, s2:0.0.0.0:43384], old=null RUNNING
  s2:  RUNNING CANDIDATE s2@group-31A0E89A70DD:t5, leader=null, voted=s2, raftlog=s2@group-31A0E89A70DD-SegmentedRaftLog:OPENED:c-1,f-1,i0, conf=-1: [s0:0.0.0.0:43926, s1:0.0.0.0:41045, s2:0.0.0.0:43384], old=null RUNNING, sleep 450ms and then retry.
java.lang.IllegalStateException: No leader yet : printing ALL groups
  s0:  RUNNING CANDIDATE s0@group-31A0E89A70DD:t4, leader=null, voted=s0, raftlog=s0@group-31A0E89A70DD-SegmentedRaftLog:OPENED:c-1,f-1,i0, conf=-1: [s0:0.0.0.0:43926, s1:0.0.0.0:41045, s2:0.0.0.0:43384], old=null RUNNING
  s1:  RUNNING  FOLLOWER s1@group-31A0E89A70DD:t3, leader=null, voted=null, raftlog=s1@group-31A0E89A70DD-SegmentedRaftLog:OPENED:c-1,f-1,i0, conf=-1: [s0:0.0.0.0:43926, s1:0.0.0.0:41045, s2:0.0.0.0:43384], old=null RUNNING
  s2:  RUNNING CANDIDATE s2@group-31A0E89A70DD:t5, leader=null, voted=s2, raftlog=s2@group-31A0E89A70DD-SegmentedRaftLog:OPENED:c-1,f-1,i0, conf=-1: [s0:0.0.0.0:43926, s1:0.0.0.0:41045, s2:0.0.0.0:43384], old=null RUNNING
	at org.apache.ratis.MiniRaftCluster.newIllegalStateExceptionForNoLeaders(MiniRaftCluster.java:506)
	at org.apache.ratis.RaftTestUtil.lambda$waitForLeader$1(RaftTestUtil.java:90)
	at org.apache.ratis.MiniRaftCluster.getLeader(MiniRaftCluster.java:539)
	at org.apache.ratis.MiniRaftCluster.getLeader(MiniRaftCluster.java:532)
	at org.apache.ratis.RaftTestUtil.lambda$waitForLeader$3(RaftTestUtil.java:98)
	at org.apache.ratis.util.JavaUtils.attempt(JavaUtils.java:152)
	at org.apache.ratis.RaftTestUtil.waitForLeader(RaftTestUtil.java:97)
	at org.apache.ratis.RaftTestUtil.waitForLeader(RaftTestUtil.java:77)
	at org.apache.ratis.RaftTestUtil.waitForLeader(RaftTestUtil.java:72)
	at org.apache.ratis.RetryCacheTests.runTestBasicRetry(RetryCacheTests.java:64)
	at org.apache.ratis.MiniRaftCluster$Factory$Get.runWithNewCluster(MiniRaftCluster.java:125)
	at org.apache.ratis.MiniRaftCluster$Factory$Get.runWithNewCluster(MiniRaftCluster.java:113)
	at org.apache.ratis.RetryCacheTests.testBasicRetry(RetryCacheTests.java:60)
	at sun.reflect.NativeMethodAccessorImpl.invoke0(Native Method)
	at sun.reflect.NativeMethodAccessorImpl.invoke(NativeMethodAccessorImpl.java:62)
	at sun.reflect.DelegatingMethodAccessorImpl.invoke(DelegatingMethodAccessorImpl.java:43)
	at java.lang.reflect.Method.invoke(Method.java:498)
	at org.junit.runners.model.FrameworkMethod$1.runReflectiveCall(FrameworkMethod.java:50)
	at org.junit.internal.runners.model.ReflectiveCallable.run(ReflectiveCallable.java:12)
	at org.junit.runners.model.FrameworkMethod.invokeExplosively(FrameworkMethod.java:47)
	at org.junit.internal.runners.statements.InvokeMethod.evaluate(InvokeMethod.java:17)
	at org.junit.internal.runners.statements.RunAfters.evaluate(RunAfters.java:27)
	at org.junit.internal.runners.statements.FailOnTimeout$CallableStatement.call(FailOnTimeout.java:298)
	at org.junit.internal.runners.statements.FailOnTimeout$CallableStatement.call(FailOnTimeout.java:292)
	at java.util.concurrent.FutureTask.run(FutureTask.java:266)
	at java.lang.Thread.run(Thread.java:748)
2019-09-24 16:36:18,908 WARN  ratis.RaftTestUtil (JavaUtils.java:attempt(158)) - FAILED "waitForLeader-null-(expectLeader? true)", attempt #61/100: java.lang.IllegalStateException: No leader yet : printing ALL groups
  s0:  RUNNING CANDIDATE s0@group-31A0E89A70DD:t4, leader=null, voted=s0, raftlog=s0@group-31A0E89A70DD-SegmentedRaftLog:OPENED:c-1,f-1,i0, conf=-1: [s0:0.0.0.0:43926, s1:0.0.0.0:41045, s2:0.0.0.0:43384], old=null RUNNING
  s1:  RUNNING  FOLLOWER s1@group-31A0E89A70DD:t3, leader=null, voted=null, raftlog=s1@group-31A0E89A70DD-SegmentedRaftLog:OPENED:c-1,f-1,i0, conf=-1: [s0:0.0.0.0:43926, s1:0.0.0.0:41045, s2:0.0.0.0:43384], old=null RUNNING
  s2:  RUNNING CANDIDATE s2@group-31A0E89A70DD:t5, leader=null, voted=s2, raftlog=s2@group-31A0E89A70DD-SegmentedRaftLog:OPENED:c-1,f-1,i0, conf=-1: [s0:0.0.0.0:43926, s1:0.0.0.0:41045, s2:0.0.0.0:43384], old=null RUNNING, sleep 450ms and then retry.
java.lang.IllegalStateException: No leader yet : printing ALL groups
  s0:  RUNNING CANDIDATE s0@group-31A0E89A70DD:t4, leader=null, voted=s0, raftlog=s0@group-31A0E89A70DD-SegmentedRaftLog:OPENED:c-1,f-1,i0, conf=-1: [s0:0.0.0.0:43926, s1:0.0.0.0:41045, s2:0.0.0.0:43384], old=null RUNNING
  s1:  RUNNING  FOLLOWER s1@group-31A0E89A70DD:t3, leader=null, voted=null, raftlog=s1@group-31A0E89A70DD-SegmentedRaftLog:OPENED:c-1,f-1,i0, conf=-1: [s0:0.0.0.0:43926, s1:0.0.0.0:41045, s2:0.0.0.0:43384], old=null RUNNING
  s2:  RUNNING CANDIDATE s2@group-31A0E89A70DD:t5, leader=null, voted=s2, raftlog=s2@group-31A0E89A70DD-SegmentedRaftLog:OPENED:c-1,f-1,i0, conf=-1: [s0:0.0.0.0:43926, s1:0.0.0.0:41045, s2:0.0.0.0:43384], old=null RUNNING
	at org.apache.ratis.MiniRaftCluster.newIllegalStateExceptionForNoLeaders(MiniRaftCluster.java:506)
	at org.apache.ratis.RaftTestUtil.lambda$waitForLeader$1(RaftTestUtil.java:90)
	at org.apache.ratis.MiniRaftCluster.getLeader(MiniRaftCluster.java:539)
	at org.apache.ratis.MiniRaftCluster.getLeader(MiniRaftCluster.java:532)
	at org.apache.ratis.RaftTestUtil.lambda$waitForLeader$3(RaftTestUtil.java:98)
	at org.apache.ratis.util.JavaUtils.attempt(JavaUtils.java:152)
	at org.apache.ratis.RaftTestUtil.waitForLeader(RaftTestUtil.java:97)
	at org.apache.ratis.RaftTestUtil.waitForLeader(RaftTestUtil.java:77)
	at org.apache.ratis.RaftTestUtil.waitForLeader(RaftTestUtil.java:72)
	at org.apache.ratis.RetryCacheTests.runTestBasicRetry(RetryCacheTests.java:64)
	at org.apache.ratis.MiniRaftCluster$Factory$Get.runWithNewCluster(MiniRaftCluster.java:125)
	at org.apache.ratis.MiniRaftCluster$Factory$Get.runWithNewCluster(MiniRaftCluster.java:113)
	at org.apache.ratis.RetryCacheTests.testBasicRetry(RetryCacheTests.java:60)
	at sun.reflect.NativeMethodAccessorImpl.invoke0(Native Method)
	at sun.reflect.NativeMethodAccessorImpl.invoke(NativeMethodAccessorImpl.java:62)
	at sun.reflect.DelegatingMethodAccessorImpl.invoke(DelegatingMethodAccessorImpl.java:43)
	at java.lang.reflect.Method.invoke(Method.java:498)
	at org.junit.runners.model.FrameworkMethod$1.runReflectiveCall(FrameworkMethod.java:50)
	at org.junit.internal.runners.model.ReflectiveCallable.run(ReflectiveCallable.java:12)
	at org.junit.runners.model.FrameworkMethod.invokeExplosively(FrameworkMethod.java:47)
	at org.junit.internal.runners.statements.InvokeMethod.evaluate(InvokeMethod.java:17)
	at org.junit.internal.runners.statements.RunAfters.evaluate(RunAfters.java:27)
	at org.junit.internal.runners.statements.FailOnTimeout$CallableStatement.call(FailOnTimeout.java:298)
	at org.junit.internal.runners.statements.FailOnTimeout$CallableStatement.call(FailOnTimeout.java:292)
	at java.util.concurrent.FutureTask.run(FutureTask.java:266)
	at java.lang.Thread.run(Thread.java:748)
2019-09-24 16:36:19,359 WARN  ratis.RaftTestUtil (JavaUtils.java:attempt(158)) - FAILED "waitForLeader-null-(expectLeader? true)", attempt #62/100: java.lang.IllegalStateException: No leader yet : printing ALL groups
  s0:  RUNNING CANDIDATE s0@group-31A0E89A70DD:t4, leader=null, voted=s0, raftlog=s0@group-31A0E89A70DD-SegmentedRaftLog:OPENED:c-1,f-1,i0, conf=-1: [s0:0.0.0.0:43926, s1:0.0.0.0:41045, s2:0.0.0.0:43384], old=null RUNNING
  s1:  RUNNING  FOLLOWER s1@group-31A0E89A70DD:t3, leader=null, voted=null, raftlog=s1@group-31A0E89A70DD-SegmentedRaftLog:OPENED:c-1,f-1,i0, conf=-1: [s0:0.0.0.0:43926, s1:0.0.0.0:41045, s2:0.0.0.0:43384], old=null RUNNING
  s2:  RUNNING CANDIDATE s2@group-31A0E89A70DD:t5, leader=null, voted=s2, raftlog=s2@group-31A0E89A70DD-SegmentedRaftLog:OPENED:c-1,f-1,i0, conf=-1: [s0:0.0.0.0:43926, s1:0.0.0.0:41045, s2:0.0.0.0:43384], old=null RUNNING, sleep 450ms and then retry.
java.lang.IllegalStateException: No leader yet : printing ALL groups
  s0:  RUNNING CANDIDATE s0@group-31A0E89A70DD:t4, leader=null, voted=s0, raftlog=s0@group-31A0E89A70DD-SegmentedRaftLog:OPENED:c-1,f-1,i0, conf=-1: [s0:0.0.0.0:43926, s1:0.0.0.0:41045, s2:0.0.0.0:43384], old=null RUNNING
  s1:  RUNNING  FOLLOWER s1@group-31A0E89A70DD:t3, leader=null, voted=null, raftlog=s1@group-31A0E89A70DD-SegmentedRaftLog:OPENED:c-1,f-1,i0, conf=-1: [s0:0.0.0.0:43926, s1:0.0.0.0:41045, s2:0.0.0.0:43384], old=null RUNNING
  s2:  RUNNING CANDIDATE s2@group-31A0E89A70DD:t5, leader=null, voted=s2, raftlog=s2@group-31A0E89A70DD-SegmentedRaftLog:OPENED:c-1,f-1,i0, conf=-1: [s0:0.0.0.0:43926, s1:0.0.0.0:41045, s2:0.0.0.0:43384], old=null RUNNING
	at org.apache.ratis.MiniRaftCluster.newIllegalStateExceptionForNoLeaders(MiniRaftCluster.java:506)
	at org.apache.ratis.RaftTestUtil.lambda$waitForLeader$1(RaftTestUtil.java:90)
	at org.apache.ratis.MiniRaftCluster.getLeader(MiniRaftCluster.java:539)
	at org.apache.ratis.MiniRaftCluster.getLeader(MiniRaftCluster.java:532)
	at org.apache.ratis.RaftTestUtil.lambda$waitForLeader$3(RaftTestUtil.java:98)
	at org.apache.ratis.util.JavaUtils.attempt(JavaUtils.java:152)
	at org.apache.ratis.RaftTestUtil.waitForLeader(RaftTestUtil.java:97)
	at org.apache.ratis.RaftTestUtil.waitForLeader(RaftTestUtil.java:77)
	at org.apache.ratis.RaftTestUtil.waitForLeader(RaftTestUtil.java:72)
	at org.apache.ratis.RetryCacheTests.runTestBasicRetry(RetryCacheTests.java:64)
	at org.apache.ratis.MiniRaftCluster$Factory$Get.runWithNewCluster(MiniRaftCluster.java:125)
	at org.apache.ratis.MiniRaftCluster$Factory$Get.runWithNewCluster(MiniRaftCluster.java:113)
	at org.apache.ratis.RetryCacheTests.testBasicRetry(RetryCacheTests.java:60)
	at sun.reflect.NativeMethodAccessorImpl.invoke0(Native Method)
	at sun.reflect.NativeMethodAccessorImpl.invoke(NativeMethodAccessorImpl.java:62)
	at sun.reflect.DelegatingMethodAccessorImpl.invoke(DelegatingMethodAccessorImpl.java:43)
	at java.lang.reflect.Method.invoke(Method.java:498)
	at org.junit.runners.model.FrameworkMethod$1.runReflectiveCall(FrameworkMethod.java:50)
	at org.junit.internal.runners.model.ReflectiveCallable.run(ReflectiveCallable.java:12)
	at org.junit.runners.model.FrameworkMethod.invokeExplosively(FrameworkMethod.java:47)
	at org.junit.internal.runners.statements.InvokeMethod.evaluate(InvokeMethod.java:17)
	at org.junit.internal.runners.statements.RunAfters.evaluate(RunAfters.java:27)
	at org.junit.internal.runners.statements.FailOnTimeout$CallableStatement.call(FailOnTimeout.java:298)
	at org.junit.internal.runners.statements.FailOnTimeout$CallableStatement.call(FailOnTimeout.java:292)
	at java.util.concurrent.FutureTask.run(FutureTask.java:266)
	at java.lang.Thread.run(Thread.java:748)
2019-09-24 16:36:19,812 WARN  ratis.RaftTestUtil (JavaUtils.java:attempt(158)) - FAILED "waitForLeader-null-(expectLeader? true)", attempt #63/100: java.lang.IllegalStateException: No leader yet : printing ALL groups
  s0:  RUNNING CANDIDATE s0@group-31A0E89A70DD:t4, leader=null, voted=s0, raftlog=s0@group-31A0E89A70DD-SegmentedRaftLog:OPENED:c-1,f-1,i0, conf=-1: [s0:0.0.0.0:43926, s1:0.0.0.0:41045, s2:0.0.0.0:43384], old=null RUNNING
  s1:  RUNNING  FOLLOWER s1@group-31A0E89A70DD:t3, leader=null, voted=null, raftlog=s1@group-31A0E89A70DD-SegmentedRaftLog:OPENED:c-1,f-1,i0, conf=-1: [s0:0.0.0.0:43926, s1:0.0.0.0:41045, s2:0.0.0.0:43384], old=null RUNNING
  s2:  RUNNING CANDIDATE s2@group-31A0E89A70DD:t5, leader=null, voted=s2, raftlog=s2@group-31A0E89A70DD-SegmentedRaftLog:OPENED:c-1,f-1,i0, conf=-1: [s0:0.0.0.0:43926, s1:0.0.0.0:41045, s2:0.0.0.0:43384], old=null RUNNING, sleep 450ms and then retry.
java.lang.IllegalStateException: No leader yet : printing ALL groups
  s0:  RUNNING CANDIDATE s0@group-31A0E89A70DD:t4, leader=null, voted=s0, raftlog=s0@group-31A0E89A70DD-SegmentedRaftLog:OPENED:c-1,f-1,i0, conf=-1: [s0:0.0.0.0:43926, s1:0.0.0.0:41045, s2:0.0.0.0:43384], old=null RUNNING
  s1:  RUNNING  FOLLOWER s1@group-31A0E89A70DD:t3, leader=null, voted=null, raftlog=s1@group-31A0E89A70DD-SegmentedRaftLog:OPENED:c-1,f-1,i0, conf=-1: [s0:0.0.0.0:43926, s1:0.0.0.0:41045, s2:0.0.0.0:43384], old=null RUNNING
  s2:  RUNNING CANDIDATE s2@group-31A0E89A70DD:t5, leader=null, voted=s2, raftlog=s2@group-31A0E89A70DD-SegmentedRaftLog:OPENED:c-1,f-1,i0, conf=-1: [s0:0.0.0.0:43926, s1:0.0.0.0:41045, s2:0.0.0.0:43384], old=null RUNNING
	at org.apache.ratis.MiniRaftCluster.newIllegalStateExceptionForNoLeaders(MiniRaftCluster.java:506)
	at org.apache.ratis.RaftTestUtil.lambda$waitForLeader$1(RaftTestUtil.java:90)
	at org.apache.ratis.MiniRaftCluster.getLeader(MiniRaftCluster.java:539)
	at org.apache.ratis.MiniRaftCluster.getLeader(MiniRaftCluster.java:532)
	at org.apache.ratis.RaftTestUtil.lambda$waitForLeader$3(RaftTestUtil.java:98)
	at org.apache.ratis.util.JavaUtils.attempt(JavaUtils.java:152)
	at org.apache.ratis.RaftTestUtil.waitForLeader(RaftTestUtil.java:97)
	at org.apache.ratis.RaftTestUtil.waitForLeader(RaftTestUtil.java:77)
	at org.apache.ratis.RaftTestUtil.waitForLeader(RaftTestUtil.java:72)
	at org.apache.ratis.RetryCacheTests.runTestBasicRetry(RetryCacheTests.java:64)
	at org.apache.ratis.MiniRaftCluster$Factory$Get.runWithNewCluster(MiniRaftCluster.java:125)
	at org.apache.ratis.MiniRaftCluster$Factory$Get.runWithNewCluster(MiniRaftCluster.java:113)
	at org.apache.ratis.RetryCacheTests.testBasicRetry(RetryCacheTests.java:60)
	at sun.reflect.NativeMethodAccessorImpl.invoke0(Native Method)
	at sun.reflect.NativeMethodAccessorImpl.invoke(NativeMethodAccessorImpl.java:62)
	at sun.reflect.DelegatingMethodAccessorImpl.invoke(DelegatingMethodAccessorImpl.java:43)
	at java.lang.reflect.Method.invoke(Method.java:498)
	at org.junit.runners.model.FrameworkMethod$1.runReflectiveCall(FrameworkMethod.java:50)
	at org.junit.internal.runners.model.ReflectiveCallable.run(ReflectiveCallable.java:12)
	at org.junit.runners.model.FrameworkMethod.invokeExplosively(FrameworkMethod.java:47)
	at org.junit.internal.runners.statements.InvokeMethod.evaluate(InvokeMethod.java:17)
	at org.junit.internal.runners.statements.RunAfters.evaluate(RunAfters.java:27)
	at org.junit.internal.runners.statements.FailOnTimeout$CallableStatement.call(FailOnTimeout.java:298)
	at org.junit.internal.runners.statements.FailOnTimeout$CallableStatement.call(FailOnTimeout.java:292)
	at java.util.concurrent.FutureTask.run(FutureTask.java:266)
	at java.lang.Thread.run(Thread.java:748)
2019-09-24 16:36:20,263 WARN  ratis.RaftTestUtil (JavaUtils.java:attempt(158)) - FAILED "waitForLeader-null-(expectLeader? true)", attempt #64/100: java.lang.IllegalStateException: No leader yet : printing ALL groups
  s0:  RUNNING CANDIDATE s0@group-31A0E89A70DD:t4, leader=null, voted=s0, raftlog=s0@group-31A0E89A70DD-SegmentedRaftLog:OPENED:c-1,f-1,i0, conf=-1: [s0:0.0.0.0:43926, s1:0.0.0.0:41045, s2:0.0.0.0:43384], old=null RUNNING
  s1:  RUNNING  FOLLOWER s1@group-31A0E89A70DD:t3, leader=null, voted=null, raftlog=s1@group-31A0E89A70DD-SegmentedRaftLog:OPENED:c-1,f-1,i0, conf=-1: [s0:0.0.0.0:43926, s1:0.0.0.0:41045, s2:0.0.0.0:43384], old=null RUNNING
  s2:  RUNNING CANDIDATE s2@group-31A0E89A70DD:t5, leader=null, voted=s2, raftlog=s2@group-31A0E89A70DD-SegmentedRaftLog:OPENED:c-1,f-1,i0, conf=-1: [s0:0.0.0.0:43926, s1:0.0.0.0:41045, s2:0.0.0.0:43384], old=null RUNNING, sleep 450ms and then retry.
java.lang.IllegalStateException: No leader yet : printing ALL groups
  s0:  RUNNING CANDIDATE s0@group-31A0E89A70DD:t4, leader=null, voted=s0, raftlog=s0@group-31A0E89A70DD-SegmentedRaftLog:OPENED:c-1,f-1,i0, conf=-1: [s0:0.0.0.0:43926, s1:0.0.0.0:41045, s2:0.0.0.0:43384], old=null RUNNING
  s1:  RUNNING  FOLLOWER s1@group-31A0E89A70DD:t3, leader=null, voted=null, raftlog=s1@group-31A0E89A70DD-SegmentedRaftLog:OPENED:c-1,f-1,i0, conf=-1: [s0:0.0.0.0:43926, s1:0.0.0.0:41045, s2:0.0.0.0:43384], old=null RUNNING
  s2:  RUNNING CANDIDATE s2@group-31A0E89A70DD:t5, leader=null, voted=s2, raftlog=s2@group-31A0E89A70DD-SegmentedRaftLog:OPENED:c-1,f-1,i0, conf=-1: [s0:0.0.0.0:43926, s1:0.0.0.0:41045, s2:0.0.0.0:43384], old=null RUNNING
	at org.apache.ratis.MiniRaftCluster.newIllegalStateExceptionForNoLeaders(MiniRaftCluster.java:506)
	at org.apache.ratis.RaftTestUtil.lambda$waitForLeader$1(RaftTestUtil.java:90)
	at org.apache.ratis.MiniRaftCluster.getLeader(MiniRaftCluster.java:539)
	at org.apache.ratis.MiniRaftCluster.getLeader(MiniRaftCluster.java:532)
	at org.apache.ratis.RaftTestUtil.lambda$waitForLeader$3(RaftTestUtil.java:98)
	at org.apache.ratis.util.JavaUtils.attempt(JavaUtils.java:152)
	at org.apache.ratis.RaftTestUtil.waitForLeader(RaftTestUtil.java:97)
	at org.apache.ratis.RaftTestUtil.waitForLeader(RaftTestUtil.java:77)
	at org.apache.ratis.RaftTestUtil.waitForLeader(RaftTestUtil.java:72)
	at org.apache.ratis.RetryCacheTests.runTestBasicRetry(RetryCacheTests.java:64)
	at org.apache.ratis.MiniRaftCluster$Factory$Get.runWithNewCluster(MiniRaftCluster.java:125)
	at org.apache.ratis.MiniRaftCluster$Factory$Get.runWithNewCluster(MiniRaftCluster.java:113)
	at org.apache.ratis.RetryCacheTests.testBasicRetry(RetryCacheTests.java:60)
	at sun.reflect.NativeMethodAccessorImpl.invoke0(Native Method)
	at sun.reflect.NativeMethodAccessorImpl.invoke(NativeMethodAccessorImpl.java:62)
	at sun.reflect.DelegatingMethodAccessorImpl.invoke(DelegatingMethodAccessorImpl.java:43)
	at java.lang.reflect.Method.invoke(Method.java:498)
	at org.junit.runners.model.FrameworkMethod$1.runReflectiveCall(FrameworkMethod.java:50)
	at org.junit.internal.runners.model.ReflectiveCallable.run(ReflectiveCallable.java:12)
	at org.junit.runners.model.FrameworkMethod.invokeExplosively(FrameworkMethod.java:47)
	at org.junit.internal.runners.statements.InvokeMethod.evaluate(InvokeMethod.java:17)
	at org.junit.internal.runners.statements.RunAfters.evaluate(RunAfters.java:27)
	at org.junit.internal.runners.statements.FailOnTimeout$CallableStatement.call(FailOnTimeout.java:298)
	at org.junit.internal.runners.statements.FailOnTimeout$CallableStatement.call(FailOnTimeout.java:292)
	at java.util.concurrent.FutureTask.run(FutureTask.java:266)
	at java.lang.Thread.run(Thread.java:748)
2019-09-24 16:36:20,715 WARN  ratis.RaftTestUtil (JavaUtils.java:attempt(158)) - FAILED "waitForLeader-null-(expectLeader? true)", attempt #65/100: java.lang.IllegalStateException: No leader yet : printing ALL groups
  s0:  RUNNING CANDIDATE s0@group-31A0E89A70DD:t4, leader=null, voted=s0, raftlog=s0@group-31A0E89A70DD-SegmentedRaftLog:OPENED:c-1,f-1,i0, conf=-1: [s0:0.0.0.0:43926, s1:0.0.0.0:41045, s2:0.0.0.0:43384], old=null RUNNING
  s1:  RUNNING  FOLLOWER s1@group-31A0E89A70DD:t3, leader=null, voted=null, raftlog=s1@group-31A0E89A70DD-SegmentedRaftLog:OPENED:c-1,f-1,i0, conf=-1: [s0:0.0.0.0:43926, s1:0.0.0.0:41045, s2:0.0.0.0:43384], old=null RUNNING
  s2:  RUNNING CANDIDATE s2@group-31A0E89A70DD:t5, leader=null, voted=s2, raftlog=s2@group-31A0E89A70DD-SegmentedRaftLog:OPENED:c-1,f-1,i0, conf=-1: [s0:0.0.0.0:43926, s1:0.0.0.0:41045, s2:0.0.0.0:43384], old=null RUNNING, sleep 450ms and then retry.
java.lang.IllegalStateException: No leader yet : printing ALL groups
  s0:  RUNNING CANDIDATE s0@group-31A0E89A70DD:t4, leader=null, voted=s0, raftlog=s0@group-31A0E89A70DD-SegmentedRaftLog:OPENED:c-1,f-1,i0, conf=-1: [s0:0.0.0.0:43926, s1:0.0.0.0:41045, s2:0.0.0.0:43384], old=null RUNNING
  s1:  RUNNING  FOLLOWER s1@group-31A0E89A70DD:t3, leader=null, voted=null, raftlog=s1@group-31A0E89A70DD-SegmentedRaftLog:OPENED:c-1,f-1,i0, conf=-1: [s0:0.0.0.0:43926, s1:0.0.0.0:41045, s2:0.0.0.0:43384], old=null RUNNING
  s2:  RUNNING CANDIDATE s2@group-31A0E89A70DD:t5, leader=null, voted=s2, raftlog=s2@group-31A0E89A70DD-SegmentedRaftLog:OPENED:c-1,f-1,i0, conf=-1: [s0:0.0.0.0:43926, s1:0.0.0.0:41045, s2:0.0.0.0:43384], old=null RUNNING
	at org.apache.ratis.MiniRaftCluster.newIllegalStateExceptionForNoLeaders(MiniRaftCluster.java:506)
	at org.apache.ratis.RaftTestUtil.lambda$waitForLeader$1(RaftTestUtil.java:90)
	at org.apache.ratis.MiniRaftCluster.getLeader(MiniRaftCluster.java:539)
	at org.apache.ratis.MiniRaftCluster.getLeader(MiniRaftCluster.java:532)
	at org.apache.ratis.RaftTestUtil.lambda$waitForLeader$3(RaftTestUtil.java:98)
	at org.apache.ratis.util.JavaUtils.attempt(JavaUtils.java:152)
	at org.apache.ratis.RaftTestUtil.waitForLeader(RaftTestUtil.java:97)
	at org.apache.ratis.RaftTestUtil.waitForLeader(RaftTestUtil.java:77)
	at org.apache.ratis.RaftTestUtil.waitForLeader(RaftTestUtil.java:72)
	at org.apache.ratis.RetryCacheTests.runTestBasicRetry(RetryCacheTests.java:64)
	at org.apache.ratis.MiniRaftCluster$Factory$Get.runWithNewCluster(MiniRaftCluster.java:125)
	at org.apache.ratis.MiniRaftCluster$Factory$Get.runWithNewCluster(MiniRaftCluster.java:113)
	at org.apache.ratis.RetryCacheTests.testBasicRetry(RetryCacheTests.java:60)
	at sun.reflect.NativeMethodAccessorImpl.invoke0(Native Method)
	at sun.reflect.NativeMethodAccessorImpl.invoke(NativeMethodAccessorImpl.java:62)
	at sun.reflect.DelegatingMethodAccessorImpl.invoke(DelegatingMethodAccessorImpl.java:43)
	at java.lang.reflect.Method.invoke(Method.java:498)
	at org.junit.runners.model.FrameworkMethod$1.runReflectiveCall(FrameworkMethod.java:50)
	at org.junit.internal.runners.model.ReflectiveCallable.run(ReflectiveCallable.java:12)
	at org.junit.runners.model.FrameworkMethod.invokeExplosively(FrameworkMethod.java:47)
	at org.junit.internal.runners.statements.InvokeMethod.evaluate(InvokeMethod.java:17)
	at org.junit.internal.runners.statements.RunAfters.evaluate(RunAfters.java:27)
	at org.junit.internal.runners.statements.FailOnTimeout$CallableStatement.call(FailOnTimeout.java:298)
	at org.junit.internal.runners.statements.FailOnTimeout$CallableStatement.call(FailOnTimeout.java:292)
	at java.util.concurrent.FutureTask.run(FutureTask.java:266)
	at java.lang.Thread.run(Thread.java:748)
2019-09-24 16:36:21,167 WARN  ratis.RaftTestUtil (JavaUtils.java:attempt(158)) - FAILED "waitForLeader-null-(expectLeader? true)", attempt #66/100: java.lang.IllegalStateException: No leader yet : printing ALL groups
  s0:  RUNNING CANDIDATE s0@group-31A0E89A70DD:t4, leader=null, voted=s0, raftlog=s0@group-31A0E89A70DD-SegmentedRaftLog:OPENED:c-1,f-1,i0, conf=-1: [s0:0.0.0.0:43926, s1:0.0.0.0:41045, s2:0.0.0.0:43384], old=null RUNNING
  s1:  RUNNING  FOLLOWER s1@group-31A0E89A70DD:t3, leader=null, voted=null, raftlog=s1@group-31A0E89A70DD-SegmentedRaftLog:OPENED:c-1,f-1,i0, conf=-1: [s0:0.0.0.0:43926, s1:0.0.0.0:41045, s2:0.0.0.0:43384], old=null RUNNING
  s2:  RUNNING CANDIDATE s2@group-31A0E89A70DD:t5, leader=null, voted=s2, raftlog=s2@group-31A0E89A70DD-SegmentedRaftLog:OPENED:c-1,f-1,i0, conf=-1: [s0:0.0.0.0:43926, s1:0.0.0.0:41045, s2:0.0.0.0:43384], old=null RUNNING, sleep 450ms and then retry.
java.lang.IllegalStateException: No leader yet : printing ALL groups
  s0:  RUNNING CANDIDATE s0@group-31A0E89A70DD:t4, leader=null, voted=s0, raftlog=s0@group-31A0E89A70DD-SegmentedRaftLog:OPENED:c-1,f-1,i0, conf=-1: [s0:0.0.0.0:43926, s1:0.0.0.0:41045, s2:0.0.0.0:43384], old=null RUNNING
  s1:  RUNNING  FOLLOWER s1@group-31A0E89A70DD:t3, leader=null, voted=null, raftlog=s1@group-31A0E89A70DD-SegmentedRaftLog:OPENED:c-1,f-1,i0, conf=-1: [s0:0.0.0.0:43926, s1:0.0.0.0:41045, s2:0.0.0.0:43384], old=null RUNNING
  s2:  RUNNING CANDIDATE s2@group-31A0E89A70DD:t5, leader=null, voted=s2, raftlog=s2@group-31A0E89A70DD-SegmentedRaftLog:OPENED:c-1,f-1,i0, conf=-1: [s0:0.0.0.0:43926, s1:0.0.0.0:41045, s2:0.0.0.0:43384], old=null RUNNING
	at org.apache.ratis.MiniRaftCluster.newIllegalStateExceptionForNoLeaders(MiniRaftCluster.java:506)
	at org.apache.ratis.RaftTestUtil.lambda$waitForLeader$1(RaftTestUtil.java:90)
	at org.apache.ratis.MiniRaftCluster.getLeader(MiniRaftCluster.java:539)
	at org.apache.ratis.MiniRaftCluster.getLeader(MiniRaftCluster.java:532)
	at org.apache.ratis.RaftTestUtil.lambda$waitForLeader$3(RaftTestUtil.java:98)
	at org.apache.ratis.util.JavaUtils.attempt(JavaUtils.java:152)
	at org.apache.ratis.RaftTestUtil.waitForLeader(RaftTestUtil.java:97)
	at org.apache.ratis.RaftTestUtil.waitForLeader(RaftTestUtil.java:77)
	at org.apache.ratis.RaftTestUtil.waitForLeader(RaftTestUtil.java:72)
	at org.apache.ratis.RetryCacheTests.runTestBasicRetry(RetryCacheTests.java:64)
	at org.apache.ratis.MiniRaftCluster$Factory$Get.runWithNewCluster(MiniRaftCluster.java:125)
	at org.apache.ratis.MiniRaftCluster$Factory$Get.runWithNewCluster(MiniRaftCluster.java:113)
	at org.apache.ratis.RetryCacheTests.testBasicRetry(RetryCacheTests.java:60)
	at sun.reflect.NativeMethodAccessorImpl.invoke0(Native Method)
	at sun.reflect.NativeMethodAccessorImpl.invoke(NativeMethodAccessorImpl.java:62)
	at sun.reflect.DelegatingMethodAccessorImpl.invoke(DelegatingMethodAccessorImpl.java:43)
	at java.lang.reflect.Method.invoke(Method.java:498)
	at org.junit.runners.model.FrameworkMethod$1.runReflectiveCall(FrameworkMethod.java:50)
	at org.junit.internal.runners.model.ReflectiveCallable.run(ReflectiveCallable.java:12)
	at org.junit.runners.model.FrameworkMethod.invokeExplosively(FrameworkMethod.java:47)
	at org.junit.internal.runners.statements.InvokeMethod.evaluate(InvokeMethod.java:17)
	at org.junit.internal.runners.statements.RunAfters.evaluate(RunAfters.java:27)
	at org.junit.internal.runners.statements.FailOnTimeout$CallableStatement.call(FailOnTimeout.java:298)
	at org.junit.internal.runners.statements.FailOnTimeout$CallableStatement.call(FailOnTimeout.java:292)
	at java.util.concurrent.FutureTask.run(FutureTask.java:266)
	at java.lang.Thread.run(Thread.java:748)
2019-09-24 16:36:21,618 WARN  ratis.RaftTestUtil (JavaUtils.java:attempt(158)) - FAILED "waitForLeader-null-(expectLeader? true)", attempt #67/100: java.lang.IllegalStateException: No leader yet : printing ALL groups
  s0:  RUNNING CANDIDATE s0@group-31A0E89A70DD:t4, leader=null, voted=s0, raftlog=s0@group-31A0E89A70DD-SegmentedRaftLog:OPENED:c-1,f-1,i0, conf=-1: [s0:0.0.0.0:43926, s1:0.0.0.0:41045, s2:0.0.0.0:43384], old=null RUNNING
  s1:  RUNNING  FOLLOWER s1@group-31A0E89A70DD:t3, leader=null, voted=null, raftlog=s1@group-31A0E89A70DD-SegmentedRaftLog:OPENED:c-1,f-1,i0, conf=-1: [s0:0.0.0.0:43926, s1:0.0.0.0:41045, s2:0.0.0.0:43384], old=null RUNNING
  s2:  RUNNING CANDIDATE s2@group-31A0E89A70DD:t5, leader=null, voted=s2, raftlog=s2@group-31A0E89A70DD-SegmentedRaftLog:OPENED:c-1,f-1,i0, conf=-1: [s0:0.0.0.0:43926, s1:0.0.0.0:41045, s2:0.0.0.0:43384], old=null RUNNING, sleep 450ms and then retry.
java.lang.IllegalStateException: No leader yet : printing ALL groups
  s0:  RUNNING CANDIDATE s0@group-31A0E89A70DD:t4, leader=null, voted=s0, raftlog=s0@group-31A0E89A70DD-SegmentedRaftLog:OPENED:c-1,f-1,i0, conf=-1: [s0:0.0.0.0:43926, s1:0.0.0.0:41045, s2:0.0.0.0:43384], old=null RUNNING
  s1:  RUNNING  FOLLOWER s1@group-31A0E89A70DD:t3, leader=null, voted=null, raftlog=s1@group-31A0E89A70DD-SegmentedRaftLog:OPENED:c-1,f-1,i0, conf=-1: [s0:0.0.0.0:43926, s1:0.0.0.0:41045, s2:0.0.0.0:43384], old=null RUNNING
  s2:  RUNNING CANDIDATE s2@group-31A0E89A70DD:t5, leader=null, voted=s2, raftlog=s2@group-31A0E89A70DD-SegmentedRaftLog:OPENED:c-1,f-1,i0, conf=-1: [s0:0.0.0.0:43926, s1:0.0.0.0:41045, s2:0.0.0.0:43384], old=null RUNNING
	at org.apache.ratis.MiniRaftCluster.newIllegalStateExceptionForNoLeaders(MiniRaftCluster.java:506)
	at org.apache.ratis.RaftTestUtil.lambda$waitForLeader$1(RaftTestUtil.java:90)
	at org.apache.ratis.MiniRaftCluster.getLeader(MiniRaftCluster.java:539)
	at org.apache.ratis.MiniRaftCluster.getLeader(MiniRaftCluster.java:532)
	at org.apache.ratis.RaftTestUtil.lambda$waitForLeader$3(RaftTestUtil.java:98)
	at org.apache.ratis.util.JavaUtils.attempt(JavaUtils.java:152)
	at org.apache.ratis.RaftTestUtil.waitForLeader(RaftTestUtil.java:97)
	at org.apache.ratis.RaftTestUtil.waitForLeader(RaftTestUtil.java:77)
	at org.apache.ratis.RaftTestUtil.waitForLeader(RaftTestUtil.java:72)
	at org.apache.ratis.RetryCacheTests.runTestBasicRetry(RetryCacheTests.java:64)
	at org.apache.ratis.MiniRaftCluster$Factory$Get.runWithNewCluster(MiniRaftCluster.java:125)
	at org.apache.ratis.MiniRaftCluster$Factory$Get.runWithNewCluster(MiniRaftCluster.java:113)
	at org.apache.ratis.RetryCacheTests.testBasicRetry(RetryCacheTests.java:60)
	at sun.reflect.NativeMethodAccessorImpl.invoke0(Native Method)
	at sun.reflect.NativeMethodAccessorImpl.invoke(NativeMethodAccessorImpl.java:62)
	at sun.reflect.DelegatingMethodAccessorImpl.invoke(DelegatingMethodAccessorImpl.java:43)
	at java.lang.reflect.Method.invoke(Method.java:498)
	at org.junit.runners.model.FrameworkMethod$1.runReflectiveCall(FrameworkMethod.java:50)
	at org.junit.internal.runners.model.ReflectiveCallable.run(ReflectiveCallable.java:12)
	at org.junit.runners.model.FrameworkMethod.invokeExplosively(FrameworkMethod.java:47)
	at org.junit.internal.runners.statements.InvokeMethod.evaluate(InvokeMethod.java:17)
	at org.junit.internal.runners.statements.RunAfters.evaluate(RunAfters.java:27)
	at org.junit.internal.runners.statements.FailOnTimeout$CallableStatement.call(FailOnTimeout.java:298)
	at org.junit.internal.runners.statements.FailOnTimeout$CallableStatement.call(FailOnTimeout.java:292)
	at java.util.concurrent.FutureTask.run(FutureTask.java:266)
	at java.lang.Thread.run(Thread.java:748)
2019-09-24 16:36:21,767 INFO  ratis.MiniRaftCluster (MiniRaftCluster.java:lambda$null$5(297)) - TIMED-PRINT: printing ALL groups
  s0:  RUNNING CANDIDATE s0@group-31A0E89A70DD:t4, leader=null, voted=s0, raftlog=s0@group-31A0E89A70DD-SegmentedRaftLog:OPENED:c-1,f-1,i0, conf=-1: [s0:0.0.0.0:43926, s1:0.0.0.0:41045, s2:0.0.0.0:43384], old=null RUNNING
  s1:  RUNNING  FOLLOWER s1@group-31A0E89A70DD:t3, leader=null, voted=null, raftlog=s1@group-31A0E89A70DD-SegmentedRaftLog:OPENED:c-1,f-1,i0, conf=-1: [s0:0.0.0.0:43926, s1:0.0.0.0:41045, s2:0.0.0.0:43384], old=null RUNNING
  s2:  RUNNING CANDIDATE s2@group-31A0E89A70DD:t5, leader=null, voted=s2, raftlog=s2@group-31A0E89A70DD-SegmentedRaftLog:OPENED:c-1,f-1,i0, conf=-1: [s0:0.0.0.0:43926, s1:0.0.0.0:41045, s2:0.0.0.0:43384], old=null RUNNING
2019-09-24 16:36:22,070 WARN  ratis.RaftTestUtil (JavaUtils.java:attempt(158)) - FAILED "waitForLeader-null-(expectLeader? true)", attempt #68/100: java.lang.IllegalStateException: No leader yet : printing ALL groups
  s0:  RUNNING CANDIDATE s0@group-31A0E89A70DD:t4, leader=null, voted=s0, raftlog=s0@group-31A0E89A70DD-SegmentedRaftLog:OPENED:c-1,f-1,i0, conf=-1: [s0:0.0.0.0:43926, s1:0.0.0.0:41045, s2:0.0.0.0:43384], old=null RUNNING
  s1:  RUNNING  FOLLOWER s1@group-31A0E89A70DD:t3, leader=null, voted=null, raftlog=s1@group-31A0E89A70DD-SegmentedRaftLog:OPENED:c-1,f-1,i0, conf=-1: [s0:0.0.0.0:43926, s1:0.0.0.0:41045, s2:0.0.0.0:43384], old=null RUNNING
  s2:  RUNNING CANDIDATE s2@group-31A0E89A70DD:t5, leader=null, voted=s2, raftlog=s2@group-31A0E89A70DD-SegmentedRaftLog:OPENED:c-1,f-1,i0, conf=-1: [s0:0.0.0.0:43926, s1:0.0.0.0:41045, s2:0.0.0.0:43384], old=null RUNNING, sleep 450ms and then retry.
java.lang.IllegalStateException: No leader yet : printing ALL groups
  s0:  RUNNING CANDIDATE s0@group-31A0E89A70DD:t4, leader=null, voted=s0, raftlog=s0@group-31A0E89A70DD-SegmentedRaftLog:OPENED:c-1,f-1,i0, conf=-1: [s0:0.0.0.0:43926, s1:0.0.0.0:41045, s2:0.0.0.0:43384], old=null RUNNING
  s1:  RUNNING  FOLLOWER s1@group-31A0E89A70DD:t3, leader=null, voted=null, raftlog=s1@group-31A0E89A70DD-SegmentedRaftLog:OPENED:c-1,f-1,i0, conf=-1: [s0:0.0.0.0:43926, s1:0.0.0.0:41045, s2:0.0.0.0:43384], old=null RUNNING
  s2:  RUNNING CANDIDATE s2@group-31A0E89A70DD:t5, leader=null, voted=s2, raftlog=s2@group-31A0E89A70DD-SegmentedRaftLog:OPENED:c-1,f-1,i0, conf=-1: [s0:0.0.0.0:43926, s1:0.0.0.0:41045, s2:0.0.0.0:43384], old=null RUNNING
	at org.apache.ratis.MiniRaftCluster.newIllegalStateExceptionForNoLeaders(MiniRaftCluster.java:506)
	at org.apache.ratis.RaftTestUtil.lambda$waitForLeader$1(RaftTestUtil.java:90)
	at org.apache.ratis.MiniRaftCluster.getLeader(MiniRaftCluster.java:539)
	at org.apache.ratis.MiniRaftCluster.getLeader(MiniRaftCluster.java:532)
	at org.apache.ratis.RaftTestUtil.lambda$waitForLeader$3(RaftTestUtil.java:98)
	at org.apache.ratis.util.JavaUtils.attempt(JavaUtils.java:152)
	at org.apache.ratis.RaftTestUtil.waitForLeader(RaftTestUtil.java:97)
	at org.apache.ratis.RaftTestUtil.waitForLeader(RaftTestUtil.java:77)
	at org.apache.ratis.RaftTestUtil.waitForLeader(RaftTestUtil.java:72)
	at org.apache.ratis.RetryCacheTests.runTestBasicRetry(RetryCacheTests.java:64)
	at org.apache.ratis.MiniRaftCluster$Factory$Get.runWithNewCluster(MiniRaftCluster.java:125)
	at org.apache.ratis.MiniRaftCluster$Factory$Get.runWithNewCluster(MiniRaftCluster.java:113)
	at org.apache.ratis.RetryCacheTests.testBasicRetry(RetryCacheTests.java:60)
	at sun.reflect.NativeMethodAccessorImpl.invoke0(Native Method)
	at sun.reflect.NativeMethodAccessorImpl.invoke(NativeMethodAccessorImpl.java:62)
	at sun.reflect.DelegatingMethodAccessorImpl.invoke(DelegatingMethodAccessorImpl.java:43)
	at java.lang.reflect.Method.invoke(Method.java:498)
	at org.junit.runners.model.FrameworkMethod$1.runReflectiveCall(FrameworkMethod.java:50)
	at org.junit.internal.runners.model.ReflectiveCallable.run(ReflectiveCallable.java:12)
	at org.junit.runners.model.FrameworkMethod.invokeExplosively(FrameworkMethod.java:47)
	at org.junit.internal.runners.statements.InvokeMethod.evaluate(InvokeMethod.java:17)
	at org.junit.internal.runners.statements.RunAfters.evaluate(RunAfters.java:27)
	at org.junit.internal.runners.statements.FailOnTimeout$CallableStatement.call(FailOnTimeout.java:298)
	at org.junit.internal.runners.statements.FailOnTimeout$CallableStatement.call(FailOnTimeout.java:292)
	at java.util.concurrent.FutureTask.run(FutureTask.java:266)
	at java.lang.Thread.run(Thread.java:748)
2019-09-24 16:36:22,522 WARN  ratis.RaftTestUtil (JavaUtils.java:attempt(158)) - FAILED "waitForLeader-null-(expectLeader? true)", attempt #69/100: java.lang.IllegalStateException: No leader yet : printing ALL groups
  s0:  RUNNING CANDIDATE s0@group-31A0E89A70DD:t4, leader=null, voted=s0, raftlog=s0@group-31A0E89A70DD-SegmentedRaftLog:OPENED:c-1,f-1,i0, conf=-1: [s0:0.0.0.0:43926, s1:0.0.0.0:41045, s2:0.0.0.0:43384], old=null RUNNING
  s1:  RUNNING  FOLLOWER s1@group-31A0E89A70DD:t3, leader=null, voted=null, raftlog=s1@group-31A0E89A70DD-SegmentedRaftLog:OPENED:c-1,f-1,i0, conf=-1: [s0:0.0.0.0:43926, s1:0.0.0.0:41045, s2:0.0.0.0:43384], old=null RUNNING
  s2:  RUNNING CANDIDATE s2@group-31A0E89A70DD:t5, leader=null, voted=s2, raftlog=s2@group-31A0E89A70DD-SegmentedRaftLog:OPENED:c-1,f-1,i0, conf=-1: [s0:0.0.0.0:43926, s1:0.0.0.0:41045, s2:0.0.0.0:43384], old=null RUNNING, sleep 450ms and then retry.
java.lang.IllegalStateException: No leader yet : printing ALL groups
  s0:  RUNNING CANDIDATE s0@group-31A0E89A70DD:t4, leader=null, voted=s0, raftlog=s0@group-31A0E89A70DD-SegmentedRaftLog:OPENED:c-1,f-1,i0, conf=-1: [s0:0.0.0.0:43926, s1:0.0.0.0:41045, s2:0.0.0.0:43384], old=null RUNNING
  s1:  RUNNING  FOLLOWER s1@group-31A0E89A70DD:t3, leader=null, voted=null, raftlog=s1@group-31A0E89A70DD-SegmentedRaftLog:OPENED:c-1,f-1,i0, conf=-1: [s0:0.0.0.0:43926, s1:0.0.0.0:41045, s2:0.0.0.0:43384], old=null RUNNING
  s2:  RUNNING CANDIDATE s2@group-31A0E89A70DD:t5, leader=null, voted=s2, raftlog=s2@group-31A0E89A70DD-SegmentedRaftLog:OPENED:c-1,f-1,i0, conf=-1: [s0:0.0.0.0:43926, s1:0.0.0.0:41045, s2:0.0.0.0:43384], old=null RUNNING
	at org.apache.ratis.MiniRaftCluster.newIllegalStateExceptionForNoLeaders(MiniRaftCluster.java:506)
	at org.apache.ratis.RaftTestUtil.lambda$waitForLeader$1(RaftTestUtil.java:90)
	at org.apache.ratis.MiniRaftCluster.getLeader(MiniRaftCluster.java:539)
	at org.apache.ratis.MiniRaftCluster.getLeader(MiniRaftCluster.java:532)
	at org.apache.ratis.RaftTestUtil.lambda$waitForLeader$3(RaftTestUtil.java:98)
	at org.apache.ratis.util.JavaUtils.attempt(JavaUtils.java:152)
	at org.apache.ratis.RaftTestUtil.waitForLeader(RaftTestUtil.java:97)
	at org.apache.ratis.RaftTestUtil.waitForLeader(RaftTestUtil.java:77)
	at org.apache.ratis.RaftTestUtil.waitForLeader(RaftTestUtil.java:72)
	at org.apache.ratis.RetryCacheTests.runTestBasicRetry(RetryCacheTests.java:64)
	at org.apache.ratis.MiniRaftCluster$Factory$Get.runWithNewCluster(MiniRaftCluster.java:125)
	at org.apache.ratis.MiniRaftCluster$Factory$Get.runWithNewCluster(MiniRaftCluster.java:113)
	at org.apache.ratis.RetryCacheTests.testBasicRetry(RetryCacheTests.java:60)
	at sun.reflect.NativeMethodAccessorImpl.invoke0(Native Method)
	at sun.reflect.NativeMethodAccessorImpl.invoke(NativeMethodAccessorImpl.java:62)
	at sun.reflect.DelegatingMethodAccessorImpl.invoke(DelegatingMethodAccessorImpl.java:43)
	at java.lang.reflect.Method.invoke(Method.java:498)
	at org.junit.runners.model.FrameworkMethod$1.runReflectiveCall(FrameworkMethod.java:50)
	at org.junit.internal.runners.model.ReflectiveCallable.run(ReflectiveCallable.java:12)
	at org.junit.runners.model.FrameworkMethod.invokeExplosively(FrameworkMethod.java:47)
	at org.junit.internal.runners.statements.InvokeMethod.evaluate(InvokeMethod.java:17)
	at org.junit.internal.runners.statements.RunAfters.evaluate(RunAfters.java:27)
	at org.junit.internal.runners.statements.FailOnTimeout$CallableStatement.call(FailOnTimeout.java:298)
	at org.junit.internal.runners.statements.FailOnTimeout$CallableStatement.call(FailOnTimeout.java:292)
	at java.util.concurrent.FutureTask.run(FutureTask.java:266)
	at java.lang.Thread.run(Thread.java:748)
2019-09-24 16:36:22,974 WARN  ratis.RaftTestUtil (JavaUtils.java:attempt(158)) - FAILED "waitForLeader-null-(expectLeader? true)", attempt #70/100: java.lang.IllegalStateException: No leader yet : printing ALL groups
  s0:  RUNNING CANDIDATE s0@group-31A0E89A70DD:t4, leader=null, voted=s0, raftlog=s0@group-31A0E89A70DD-SegmentedRaftLog:OPENED:c-1,f-1,i0, conf=-1: [s0:0.0.0.0:43926, s1:0.0.0.0:41045, s2:0.0.0.0:43384], old=null RUNNING
  s1:  RUNNING  FOLLOWER s1@group-31A0E89A70DD:t3, leader=null, voted=null, raftlog=s1@group-31A0E89A70DD-SegmentedRaftLog:OPENED:c-1,f-1,i0, conf=-1: [s0:0.0.0.0:43926, s1:0.0.0.0:41045, s2:0.0.0.0:43384], old=null RUNNING
  s2:  RUNNING CANDIDATE s2@group-31A0E89A70DD:t5, leader=null, voted=s2, raftlog=s2@group-31A0E89A70DD-SegmentedRaftLog:OPENED:c-1,f-1,i0, conf=-1: [s0:0.0.0.0:43926, s1:0.0.0.0:41045, s2:0.0.0.0:43384], old=null RUNNING, sleep 450ms and then retry.
java.lang.IllegalStateException: No leader yet : printing ALL groups
  s0:  RUNNING CANDIDATE s0@group-31A0E89A70DD:t4, leader=null, voted=s0, raftlog=s0@group-31A0E89A70DD-SegmentedRaftLog:OPENED:c-1,f-1,i0, conf=-1: [s0:0.0.0.0:43926, s1:0.0.0.0:41045, s2:0.0.0.0:43384], old=null RUNNING
  s1:  RUNNING  FOLLOWER s1@group-31A0E89A70DD:t3, leader=null, voted=null, raftlog=s1@group-31A0E89A70DD-SegmentedRaftLog:OPENED:c-1,f-1,i0, conf=-1: [s0:0.0.0.0:43926, s1:0.0.0.0:41045, s2:0.0.0.0:43384], old=null RUNNING
  s2:  RUNNING CANDIDATE s2@group-31A0E89A70DD:t5, leader=null, voted=s2, raftlog=s2@group-31A0E89A70DD-SegmentedRaftLog:OPENED:c-1,f-1,i0, conf=-1: [s0:0.0.0.0:43926, s1:0.0.0.0:41045, s2:0.0.0.0:43384], old=null RUNNING
	at org.apache.ratis.MiniRaftCluster.newIllegalStateExceptionForNoLeaders(MiniRaftCluster.java:506)
	at org.apache.ratis.RaftTestUtil.lambda$waitForLeader$1(RaftTestUtil.java:90)
	at org.apache.ratis.MiniRaftCluster.getLeader(MiniRaftCluster.java:539)
	at org.apache.ratis.MiniRaftCluster.getLeader(MiniRaftCluster.java:532)
	at org.apache.ratis.RaftTestUtil.lambda$waitForLeader$3(RaftTestUtil.java:98)
	at org.apache.ratis.util.JavaUtils.attempt(JavaUtils.java:152)
	at org.apache.ratis.RaftTestUtil.waitForLeader(RaftTestUtil.java:97)
	at org.apache.ratis.RaftTestUtil.waitForLeader(RaftTestUtil.java:77)
	at org.apache.ratis.RaftTestUtil.waitForLeader(RaftTestUtil.java:72)
	at org.apache.ratis.RetryCacheTests.runTestBasicRetry(RetryCacheTests.java:64)
	at org.apache.ratis.MiniRaftCluster$Factory$Get.runWithNewCluster(MiniRaftCluster.java:125)
	at org.apache.ratis.MiniRaftCluster$Factory$Get.runWithNewCluster(MiniRaftCluster.java:113)
	at org.apache.ratis.RetryCacheTests.testBasicRetry(RetryCacheTests.java:60)
	at sun.reflect.NativeMethodAccessorImpl.invoke0(Native Method)
	at sun.reflect.NativeMethodAccessorImpl.invoke(NativeMethodAccessorImpl.java:62)
	at sun.reflect.DelegatingMethodAccessorImpl.invoke(DelegatingMethodAccessorImpl.java:43)
	at java.lang.reflect.Method.invoke(Method.java:498)
	at org.junit.runners.model.FrameworkMethod$1.runReflectiveCall(FrameworkMethod.java:50)
	at org.junit.internal.runners.model.ReflectiveCallable.run(ReflectiveCallable.java:12)
	at org.junit.runners.model.FrameworkMethod.invokeExplosively(FrameworkMethod.java:47)
	at org.junit.internal.runners.statements.InvokeMethod.evaluate(InvokeMethod.java:17)
	at org.junit.internal.runners.statements.RunAfters.evaluate(RunAfters.java:27)
	at org.junit.internal.runners.statements.FailOnTimeout$CallableStatement.call(FailOnTimeout.java:298)
	at org.junit.internal.runners.statements.FailOnTimeout$CallableStatement.call(FailOnTimeout.java:292)
	at java.util.concurrent.FutureTask.run(FutureTask.java:266)
	at java.lang.Thread.run(Thread.java:748)
2019-09-24 16:36:23,293 DEBUG impl.RaftServerImpl (RaftServerImpl.java:requestVote(775)) - s1@group-31A0E89A70DD replies to vote request: s0<-s1#0:FAIL-t3. Peer's state: s1@group-31A0E89A70DD:t3, leader=null, voted=null, raftlog=s1@group-31A0E89A70DD-SegmentedRaftLog:OPENED:c-1,f-1,i0, conf=-1: [s0:0.0.0.0:43926, s1:0.0.0.0:41045, s2:0.0.0.0:43384], old=null
2019-09-24 16:36:23,294 INFO  impl.LeaderElection (LeaderElection.java:askForVotes(178)) - s0@group-31A0E89A70DD-LeaderElection1: begin an election at term 4 for -1: [s0:0.0.0.0:43926, s1:0.0.0.0:41045, s2:0.0.0.0:43384], old=null
2019-09-24 16:36:23,295 INFO  impl.LeaderElection (LeaderElection.java:askForVotes(178)) - s2@group-31A0E89A70DD-LeaderElection3: begin an election at term 5 for -1: [s0:0.0.0.0:43926, s1:0.0.0.0:41045, s2:0.0.0.0:43384], old=null
2019-09-24 16:36:23,294 DEBUG impl.RaftServerImpl (RaftServerImpl.java:requestVote(775)) - s0@group-31A0E89A70DD replies to vote request: s2<-s0#0:FAIL-t4. Peer's state: s0@group-31A0E89A70DD:t4, leader=null, voted=s0, raftlog=s0@group-31A0E89A70DD-SegmentedRaftLog:OPENED:c-1,f-1,i0, conf=-1: [s0:0.0.0.0:43926, s1:0.0.0.0:41045, s2:0.0.0.0:43384], old=null
2019-09-24 16:36:23,294 INFO  impl.FollowerState (FollowerState.java:run(108)) - s1@group-31A0E89A70DD-FollowerState: change to CANDIDATE, lastRpcTime:10529ms, electionTimeout:300ms
2019-09-24 16:36:23,296 INFO  impl.RoleInfo (RoleInfo.java:shutdownFollowerState(121)) - s1: shutdown FollowerState
2019-09-24 16:36:23,297 INFO  impl.RaftServerImpl (RaftServerImpl.java:setRole(170)) - s1@group-31A0E89A70DD: changes role from  FOLLOWER to CANDIDATE at term 3 for changeToCandidate
2019-09-24 16:36:23,297 INFO  impl.RoleInfo (RoleInfo.java:updateAndGet(143)) - s1: start LeaderElection
2019-09-24 16:36:23,299 INFO  impl.RaftServerImpl (RaftServerImpl.java:setRole(170)) - s1@group-31A0E89A70DD: changes role from CANDIDATE to FOLLOWER at term 3 for recognizeCandidate:s2
2019-09-24 16:36:23,299 DEBUG impl.RaftServerImpl (RaftServerImpl.java:requestVote(743)) - s0@group-31A0E89A70DD: receive requestVote(s2, group-31A0E89A70DD, 5, (t:0, i:0))
2019-09-24 16:36:23,301 DEBUG impl.RaftServerImpl (RaftServerImpl.java:requestVote(743)) - s1@group-31A0E89A70DD: receive requestVote(s0, group-31A0E89A70DD, 4, (t:0, i:0))
2019-09-24 16:36:23,301 DEBUG impl.RaftServerImpl (RaftServerImpl.java:requestVote(743)) - s2@group-31A0E89A70DD: receive requestVote(s0, group-31A0E89A70DD, 4, (t:0, i:0))
2019-09-24 16:36:23,300 INFO  impl.RoleInfo (RoleInfo.java:shutdownLeaderElection(134)) - s1: shutdown LeaderElection
2019-09-24 16:36:23,302 DEBUG impl.RaftServerImpl (RaftServerImpl.java:requestVote(775)) - s2@group-31A0E89A70DD replies to vote request: s0<-s2#0:FAIL-t5. Peer's state: s2@group-31A0E89A70DD:t5, leader=null, voted=s2, raftlog=s2@group-31A0E89A70DD-SegmentedRaftLog:OPENED:c-1,f-1,i0, conf=-1: [s0:0.0.0.0:43926, s1:0.0.0.0:41045, s2:0.0.0.0:43384], old=null
2019-09-24 16:36:23,301 INFO  impl.RaftServerImpl (RaftServerImpl.java:setRole(170)) - s0@group-31A0E89A70DD: changes role from CANDIDATE to FOLLOWER at term 5 for recognizeCandidate:s2
2019-09-24 16:36:23,302 INFO  impl.RoleInfo (RoleInfo.java:updateAndGet(143)) - s1: start FollowerState
2019-09-24 16:36:23,303 INFO  impl.RoleInfo (RoleInfo.java:shutdownLeaderElection(134)) - s0: shutdown LeaderElection
2019-09-24 16:36:23,303 DEBUG impl.RaftServerImpl (RaftServerImpl.java:requestVote(775)) - s1@group-31A0E89A70DD replies to vote request: s2<-s1#0:FAIL-t3. Peer's state: s1@group-31A0E89A70DD:t3, leader=null, voted=null, raftlog=s1@group-31A0E89A70DD-SegmentedRaftLog:OPENED:c-1,f-1,i0, conf=-1: [s0:0.0.0.0:43926, s1:0.0.0.0:41045, s2:0.0.0.0:43384], old=null
2019-09-24 16:36:23,303 INFO  impl.LeaderElection (LeaderElection.java:logAndReturn(56)) - s0@group-31A0E89A70DD-LeaderElection1: Election DISCOVERED_A_NEW_TERM; received 1 response(s) [s0<-s2#0:FAIL-t5] and 0 exception(s); s0@group-31A0E89A70DD:t5, leader=null, voted=null, raftlog=s0@group-31A0E89A70DD-SegmentedRaftLog:OPENED:c-1,f-1,i0, conf=-1: [s0:0.0.0.0:43926, s1:0.0.0.0:41045, s2:0.0.0.0:43384], old=null
2019-09-24 16:36:23,303 INFO  impl.RoleInfo (RoleInfo.java:updateAndGet(143)) - s0: start FollowerState
2019-09-24 16:36:23,304 INFO  impl.RaftServerImpl (RaftServerImpl.java:setRole(170)) - s1@group-31A0E89A70DD: changes role from  FOLLOWER to FOLLOWER at term 4 for recognizeCandidate:s0
2019-09-24 16:36:23,305 DEBUG impl.RaftServerImpl (RaftServerImpl.java:requestVote(743)) - s1@group-31A0E89A70DD: receive requestVote(s2, group-31A0E89A70DD, 4, (t:0, i:0))
2019-09-24 16:36:23,305 INFO  impl.RoleInfo (RoleInfo.java:shutdownFollowerState(121)) - s1: shutdown FollowerState
2019-09-24 16:36:23,306 INFO  impl.RoleInfo (RoleInfo.java:updateAndGet(143)) - s1: start FollowerState
2019-09-24 16:36:23,306 INFO  impl.FollowerState (FollowerState.java:run(117)) - s1@group-31A0E89A70DD-FollowerState was interrupted: java.lang.InterruptedException: sleep interrupted
2019-09-24 16:36:23,319 DEBUG impl.RaftServerImpl (RaftServerImpl.java:requestVote(775)) - s1@group-31A0E89A70DD replies to vote request: s0<-s1#0:OK-t4. Peer's state: s1@group-31A0E89A70DD:t4, leader=null, voted=s0, raftlog=s1@group-31A0E89A70DD-SegmentedRaftLog:OPENED:c-1,f-1,i0, conf=-1: [s0:0.0.0.0:43926, s1:0.0.0.0:41045, s2:0.0.0.0:43384], old=null
2019-09-24 16:36:23,319 DEBUG impl.RaftServerImpl (RaftServerImpl.java:requestVote(775)) - s0@group-31A0E89A70DD replies to vote request: s2<-s0#0:FAIL-t5. Peer's state: s0@group-31A0E89A70DD:t5, leader=null, voted=null, raftlog=s0@group-31A0E89A70DD-SegmentedRaftLog:OPENED:c-1,f-1,i0, conf=-1: [s0:0.0.0.0:43926, s1:0.0.0.0:41045, s2:0.0.0.0:43384], old=null
2019-09-24 16:36:23,333 INFO  impl.LeaderElection (LeaderElection.java:askForVotes(178)) - s1@group-31A0E89A70DD-LeaderElection4: begin an election at term 5 for -1: [s0:0.0.0.0:43926, s1:0.0.0.0:41045, s2:0.0.0.0:43384], old=null
2019-09-24 16:36:23,333 DEBUG impl.RaftServerImpl (RaftServerImpl.java:requestVote(775)) - s1@group-31A0E89A70DD replies to vote request: s2<-s1#0:FAIL-t5. Peer's state: s1@group-31A0E89A70DD:t5, leader=null, voted=s1, raftlog=s1@group-31A0E89A70DD-SegmentedRaftLog:OPENED:c-1,f-1,i0, conf=-1: [s0:0.0.0.0:43926, s1:0.0.0.0:41045, s2:0.0.0.0:43384], old=null
2019-09-24 16:36:23,334 INFO  impl.LeaderElection (LeaderElection.java:logAndReturn(56)) - s1@group-31A0E89A70DD-LeaderElection4: Election REJECTED; received 0 response(s) [] and 0 exception(s); s1@group-31A0E89A70DD:t5, leader=null, voted=s1, raftlog=s1@group-31A0E89A70DD-SegmentedRaftLog:OPENED:c-1,f-1,i0, conf=-1: [s0:0.0.0.0:43926, s1:0.0.0.0:41045, s2:0.0.0.0:43384], old=null
2019-09-24 16:36:23,334 DEBUG impl.RaftServerImpl (RaftServerImpl.java:requestVote(743)) - s1@group-31A0E89A70DD: receive requestVote(s2, group-31A0E89A70DD, 5, (t:0, i:0))
2019-09-24 16:36:23,335 DEBUG impl.RaftServerImpl (RaftServerImpl.java:requestVote(775)) - s1@group-31A0E89A70DD replies to vote request: s2<-s1#0:FAIL-t5. Peer's state: s1@group-31A0E89A70DD:t5, leader=null, voted=s1, raftlog=s1@group-31A0E89A70DD-SegmentedRaftLog:OPENED:c-1,f-1,i0, conf=-1: [s0:0.0.0.0:43926, s1:0.0.0.0:41045, s2:0.0.0.0:43384], old=null
2019-09-24 16:36:23,335 DEBUG impl.RaftServerImpl (RaftServerImpl.java:requestVote(743)) - s0@group-31A0E89A70DD: receive requestVote(s1, group-31A0E89A70DD, 5, (t:0, i:0))
2019-09-24 16:36:23,335 DEBUG impl.RaftServerImpl (RaftServerImpl.java:requestVote(743)) - s2@group-31A0E89A70DD: receive requestVote(s1, group-31A0E89A70DD, 5, (t:0, i:0))
2019-09-24 16:36:23,335 INFO  impl.RaftServerImpl (RaftServerImpl.java:setRole(170)) - s0@group-31A0E89A70DD: changes role from  FOLLOWER to FOLLOWER at term 5 for recognizeCandidate:s1
2019-09-24 16:36:23,336 DEBUG impl.RaftServerImpl (RaftServerImpl.java:requestVote(775)) - s2@group-31A0E89A70DD replies to vote request: s1<-s2#0:FAIL-t5. Peer's state: s2@group-31A0E89A70DD:t5, leader=null, voted=s2, raftlog=s2@group-31A0E89A70DD-SegmentedRaftLog:OPENED:c-1,f-1,i0, conf=-1: [s0:0.0.0.0:43926, s1:0.0.0.0:41045, s2:0.0.0.0:43384], old=null
2019-09-24 16:36:23,336 INFO  impl.RoleInfo (RoleInfo.java:shutdownFollowerState(121)) - s0: shutdown FollowerState
2019-09-24 16:36:23,336 INFO  impl.LeaderElection (LeaderElection.java:logAndReturn(56)) - s2@group-31A0E89A70DD-LeaderElection3: Election REJECTED; received 2 response(s) [s2<-s0#0:FAIL-t5, s2<-s1#0:FAIL-t5] and 0 exception(s); s2@group-31A0E89A70DD:t5, leader=null, voted=s2, raftlog=s2@group-31A0E89A70DD-SegmentedRaftLog:OPENED:c-1,f-1,i0, conf=-1: [s0:0.0.0.0:43926, s1:0.0.0.0:41045, s2:0.0.0.0:43384], old=null
2019-09-24 16:36:23,337 INFO  impl.FollowerState (FollowerState.java:run(117)) - s0@group-31A0E89A70DD-FollowerState was interrupted: java.lang.InterruptedException: sleep interrupted
2019-09-24 16:36:23,337 INFO  impl.RaftServerImpl (RaftServerImpl.java:setRole(170)) - s2@group-31A0E89A70DD: changes role from CANDIDATE to FOLLOWER at term 5 for DISCOVERED_A_NEW_TERM
2019-09-24 16:36:23,337 INFO  impl.RoleInfo (RoleInfo.java:updateAndGet(143)) - s0: start FollowerState
2019-09-24 16:36:23,338 INFO  impl.RoleInfo (RoleInfo.java:shutdownLeaderElection(134)) - s2: shutdown LeaderElection
2019-09-24 16:36:23,339 INFO  impl.RoleInfo (RoleInfo.java:updateAndGet(143)) - s2: start FollowerState
2019-09-24 16:36:23,426 WARN  ratis.RaftTestUtil (JavaUtils.java:attempt(158)) - FAILED "waitForLeader-null-(expectLeader? true)", attempt #71/100: java.lang.IllegalStateException: No leader yet : printing ALL groups
  s0:  RUNNING  FOLLOWER s0@group-31A0E89A70DD:t5, leader=null, voted=s1, raftlog=s0@group-31A0E89A70DD-SegmentedRaftLog:OPENED:c-1,f-1,i0, conf=-1: [s0:0.0.0.0:43926, s1:0.0.0.0:41045, s2:0.0.0.0:43384], old=null RUNNING
  s1:  RUNNING  FOLLOWER s1@group-31A0E89A70DD:t5, leader=null, voted=s1, raftlog=s1@group-31A0E89A70DD-SegmentedRaftLog:OPENED:c-1,f-1,i0, conf=-1: [s0:0.0.0.0:43926, s1:0.0.0.0:41045, s2:0.0.0.0:43384], old=null RUNNING
  s2:  RUNNING  FOLLOWER s2@group-31A0E89A70DD:t5, leader=null, voted=s2, raftlog=s2@group-31A0E89A70DD-SegmentedRaftLog:OPENED:c-1,f-1,i0, conf=-1: [s0:0.0.0.0:43926, s1:0.0.0.0:41045, s2:0.0.0.0:43384], old=null RUNNING, sleep 450ms and then retry.
java.lang.IllegalStateException: No leader yet : printing ALL groups
  s0:  RUNNING  FOLLOWER s0@group-31A0E89A70DD:t5, leader=null, voted=s1, raftlog=s0@group-31A0E89A70DD-SegmentedRaftLog:OPENED:c-1,f-1,i0, conf=-1: [s0:0.0.0.0:43926, s1:0.0.0.0:41045, s2:0.0.0.0:43384], old=null RUNNING
  s1:  RUNNING  FOLLOWER s1@group-31A0E89A70DD:t5, leader=null, voted=s1, raftlog=s1@group-31A0E89A70DD-SegmentedRaftLog:OPENED:c-1,f-1,i0, conf=-1: [s0:0.0.0.0:43926, s1:0.0.0.0:41045, s2:0.0.0.0:43384], old=null RUNNING
  s2:  RUNNING  FOLLOWER s2@group-31A0E89A70DD:t5, leader=null, voted=s2, raftlog=s2@group-31A0E89A70DD-SegmentedRaftLog:OPENED:c-1,f-1,i0, conf=-1: [s0:0.0.0.0:43926, s1:0.0.0.0:41045, s2:0.0.0.0:43384], old=null RUNNING
	at org.apache.ratis.MiniRaftCluster.newIllegalStateExceptionForNoLeaders(MiniRaftCluster.java:506)
	at org.apache.ratis.RaftTestUtil.lambda$waitForLeader$1(RaftTestUtil.java:90)
	at org.apache.ratis.MiniRaftCluster.getLeader(MiniRaftCluster.java:539)
	at org.apache.ratis.MiniRaftCluster.getLeader(MiniRaftCluster.java:532)
	at org.apache.ratis.RaftTestUtil.lambda$waitForLeader$3(RaftTestUtil.java:98)
	at org.apache.ratis.util.JavaUtils.attempt(JavaUtils.java:152)
	at org.apache.ratis.RaftTestUtil.waitForLeader(RaftTestUtil.java:97)
	at org.apache.ratis.RaftTestUtil.waitForLeader(RaftTestUtil.java:77)
	at org.apache.ratis.RaftTestUtil.waitForLeader(RaftTestUtil.java:72)
	at org.apache.ratis.RetryCacheTests.runTestBasicRetry(RetryCacheTests.java:64)
	at org.apache.ratis.MiniRaftCluster$Factory$Get.runWithNewCluster(MiniRaftCluster.java:125)
	at org.apache.ratis.MiniRaftCluster$Factory$Get.runWithNewCluster(MiniRaftCluster.java:113)
	at org.apache.ratis.RetryCacheTests.testBasicRetry(RetryCacheTests.java:60)
	at sun.reflect.NativeMethodAccessorImpl.invoke0(Native Method)
	at sun.reflect.NativeMethodAccessorImpl.invoke(NativeMethodAccessorImpl.java:62)
	at sun.reflect.DelegatingMethodAccessorImpl.invoke(DelegatingMethodAccessorImpl.java:43)
	at java.lang.reflect.Method.invoke(Method.java:498)
	at org.junit.runners.model.FrameworkMethod$1.runReflectiveCall(FrameworkMethod.java:50)
	at org.junit.internal.runners.model.ReflectiveCallable.run(ReflectiveCallable.java:12)
	at org.junit.runners.model.FrameworkMethod.invokeExplosively(FrameworkMethod.java:47)
	at org.junit.internal.runners.statements.InvokeMethod.evaluate(InvokeMethod.java:17)
	at org.junit.internal.runners.statements.RunAfters.evaluate(RunAfters.java:27)
	at org.junit.internal.runners.statements.FailOnTimeout$CallableStatement.call(FailOnTimeout.java:298)
	at org.junit.internal.runners.statements.FailOnTimeout$CallableStatement.call(FailOnTimeout.java:292)
	at java.util.concurrent.FutureTask.run(FutureTask.java:266)
	at java.lang.Thread.run(Thread.java:748)
2019-09-24 16:36:23,514 INFO  impl.FollowerState (FollowerState.java:run(108)) - s2@group-31A0E89A70DD-FollowerState: change to CANDIDATE, lastRpcTime:174ms, electionTimeout:174ms
2019-09-24 16:36:23,514 INFO  impl.RoleInfo (RoleInfo.java:shutdownFollowerState(121)) - s2: shutdown FollowerState
2019-09-24 16:36:23,514 INFO  impl.RaftServerImpl (RaftServerImpl.java:setRole(170)) - s2@group-31A0E89A70DD: changes role from  FOLLOWER to CANDIDATE at term 5 for changeToCandidate
2019-09-24 16:36:23,515 INFO  impl.RoleInfo (RoleInfo.java:updateAndGet(143)) - s2: start LeaderElection
2019-09-24 16:36:23,579 INFO  impl.FollowerState (FollowerState.java:run(108)) - s1@group-31A0E89A70DD-FollowerState: change to CANDIDATE, lastRpcTime:273ms, electionTimeout:272ms
2019-09-24 16:36:23,579 INFO  impl.RoleInfo (RoleInfo.java:shutdownFollowerState(121)) - s1: shutdown FollowerState
2019-09-24 16:36:23,580 INFO  impl.RaftServerImpl (RaftServerImpl.java:setRole(170)) - s1@group-31A0E89A70DD: changes role from  FOLLOWER to CANDIDATE at term 5 for changeToCandidate
2019-09-24 16:36:23,580 INFO  impl.RoleInfo (RoleInfo.java:updateAndGet(143)) - s1: start LeaderElection
2019-09-24 16:36:23,877 WARN  ratis.RaftTestUtil (JavaUtils.java:attempt(158)) - FAILED "waitForLeader-null-(expectLeader? true)", attempt #72/100: java.lang.IllegalStateException: No leader yet : printing ALL groups
  s0:  RUNNING  FOLLOWER s0@group-31A0E89A70DD:t5, leader=null, voted=s1, raftlog=s0@group-31A0E89A70DD-SegmentedRaftLog:OPENED:c-1,f-1,i0, conf=-1: [s0:0.0.0.0:43926, s1:0.0.0.0:41045, s2:0.0.0.0:43384], old=null RUNNING
  s1:  RUNNING CANDIDATE s1@group-31A0E89A70DD:t6, leader=null, voted=s1, raftlog=s1@group-31A0E89A70DD-SegmentedRaftLog:OPENED:c-1,f-1,i0, conf=-1: [s0:0.0.0.0:43926, s1:0.0.0.0:41045, s2:0.0.0.0:43384], old=null RUNNING
  s2:  RUNNING CANDIDATE s2@group-31A0E89A70DD:t6, leader=null, voted=s2, raftlog=s2@group-31A0E89A70DD-SegmentedRaftLog:OPENED:c-1,f-1,i0, conf=-1: [s0:0.0.0.0:43926, s1:0.0.0.0:41045, s2:0.0.0.0:43384], old=null RUNNING, sleep 450ms and then retry.
java.lang.IllegalStateException: No leader yet : printing ALL groups
  s0:  RUNNING  FOLLOWER s0@group-31A0E89A70DD:t5, leader=null, voted=s1, raftlog=s0@group-31A0E89A70DD-SegmentedRaftLog:OPENED:c-1,f-1,i0, conf=-1: [s0:0.0.0.0:43926, s1:0.0.0.0:41045, s2:0.0.0.0:43384], old=null RUNNING
  s1:  RUNNING CANDIDATE s1@group-31A0E89A70DD:t6, leader=null, voted=s1, raftlog=s1@group-31A0E89A70DD-SegmentedRaftLog:OPENED:c-1,f-1,i0, conf=-1: [s0:0.0.0.0:43926, s1:0.0.0.0:41045, s2:0.0.0.0:43384], old=null RUNNING
  s2:  RUNNING CANDIDATE s2@group-31A0E89A70DD:t6, leader=null, voted=s2, raftlog=s2@group-31A0E89A70DD-SegmentedRaftLog:OPENED:c-1,f-1,i0, conf=-1: [s0:0.0.0.0:43926, s1:0.0.0.0:41045, s2:0.0.0.0:43384], old=null RUNNING
	at org.apache.ratis.MiniRaftCluster.newIllegalStateExceptionForNoLeaders(MiniRaftCluster.java:506)
	at org.apache.ratis.RaftTestUtil.lambda$waitForLeader$1(RaftTestUtil.java:90)
	at org.apache.ratis.MiniRaftCluster.getLeader(MiniRaftCluster.java:539)
	at org.apache.ratis.MiniRaftCluster.getLeader(MiniRaftCluster.java:532)
	at org.apache.ratis.RaftTestUtil.lambda$waitForLeader$3(RaftTestUtil.java:98)
	at org.apache.ratis.util.JavaUtils.attempt(JavaUtils.java:152)
	at org.apache.ratis.RaftTestUtil.waitForLeader(RaftTestUtil.java:97)
	at org.apache.ratis.RaftTestUtil.waitForLeader(RaftTestUtil.java:77)
	at org.apache.ratis.RaftTestUtil.waitForLeader(RaftTestUtil.java:72)
	at org.apache.ratis.RetryCacheTests.runTestBasicRetry(RetryCacheTests.java:64)
	at org.apache.ratis.MiniRaftCluster$Factory$Get.runWithNewCluster(MiniRaftCluster.java:125)
	at org.apache.ratis.MiniRaftCluster$Factory$Get.runWithNewCluster(MiniRaftCluster.java:113)
	at org.apache.ratis.RetryCacheTests.testBasicRetry(RetryCacheTests.java:60)
	at sun.reflect.NativeMethodAccessorImpl.invoke0(Native Method)
	at sun.reflect.NativeMethodAccessorImpl.invoke(NativeMethodAccessorImpl.java:62)
	at sun.reflect.DelegatingMethodAccessorImpl.invoke(DelegatingMethodAccessorImpl.java:43)
	at java.lang.reflect.Method.invoke(Method.java:498)
	at org.junit.runners.model.FrameworkMethod$1.runReflectiveCall(FrameworkMethod.java:50)
	at org.junit.internal.runners.model.ReflectiveCallable.run(ReflectiveCallable.java:12)
	at org.junit.runners.model.FrameworkMethod.invokeExplosively(FrameworkMethod.java:47)
	at org.junit.internal.runners.statements.InvokeMethod.evaluate(InvokeMethod.java:17)
	at org.junit.internal.runners.statements.RunAfters.evaluate(RunAfters.java:27)
	at org.junit.internal.runners.statements.FailOnTimeout$CallableStatement.call(FailOnTimeout.java:298)
	at org.junit.internal.runners.statements.FailOnTimeout$CallableStatement.call(FailOnTimeout.java:292)
	at java.util.concurrent.FutureTask.run(FutureTask.java:266)
	at java.lang.Thread.run(Thread.java:748)
2019-09-24 16:36:24,329 WARN  ratis.RaftTestUtil (JavaUtils.java:attempt(158)) - FAILED "waitForLeader-null-(expectLeader? true)", attempt #73/100: java.lang.IllegalStateException: No leader yet : printing ALL groups
  s0:  RUNNING  FOLLOWER s0@group-31A0E89A70DD:t5, leader=null, voted=s1, raftlog=s0@group-31A0E89A70DD-SegmentedRaftLog:OPENED:c-1,f-1,i0, conf=-1: [s0:0.0.0.0:43926, s1:0.0.0.0:41045, s2:0.0.0.0:43384], old=null RUNNING
  s1:  RUNNING CANDIDATE s1@group-31A0E89A70DD:t6, leader=null, voted=s1, raftlog=s1@group-31A0E89A70DD-SegmentedRaftLog:OPENED:c-1,f-1,i0, conf=-1: [s0:0.0.0.0:43926, s1:0.0.0.0:41045, s2:0.0.0.0:43384], old=null RUNNING
  s2:  RUNNING CANDIDATE s2@group-31A0E89A70DD:t6, leader=null, voted=s2, raftlog=s2@group-31A0E89A70DD-SegmentedRaftLog:OPENED:c-1,f-1,i0, conf=-1: [s0:0.0.0.0:43926, s1:0.0.0.0:41045, s2:0.0.0.0:43384], old=null RUNNING, sleep 450ms and then retry.
java.lang.IllegalStateException: No leader yet : printing ALL groups
  s0:  RUNNING  FOLLOWER s0@group-31A0E89A70DD:t5, leader=null, voted=s1, raftlog=s0@group-31A0E89A70DD-SegmentedRaftLog:OPENED:c-1,f-1,i0, conf=-1: [s0:0.0.0.0:43926, s1:0.0.0.0:41045, s2:0.0.0.0:43384], old=null RUNNING
  s1:  RUNNING CANDIDATE s1@group-31A0E89A70DD:t6, leader=null, voted=s1, raftlog=s1@group-31A0E89A70DD-SegmentedRaftLog:OPENED:c-1,f-1,i0, conf=-1: [s0:0.0.0.0:43926, s1:0.0.0.0:41045, s2:0.0.0.0:43384], old=null RUNNING
  s2:  RUNNING CANDIDATE s2@group-31A0E89A70DD:t6, leader=null, voted=s2, raftlog=s2@group-31A0E89A70DD-SegmentedRaftLog:OPENED:c-1,f-1,i0, conf=-1: [s0:0.0.0.0:43926, s1:0.0.0.0:41045, s2:0.0.0.0:43384], old=null RUNNING
	at org.apache.ratis.MiniRaftCluster.newIllegalStateExceptionForNoLeaders(MiniRaftCluster.java:506)
	at org.apache.ratis.RaftTestUtil.lambda$waitForLeader$1(RaftTestUtil.java:90)
	at org.apache.ratis.MiniRaftCluster.getLeader(MiniRaftCluster.java:539)
	at org.apache.ratis.MiniRaftCluster.getLeader(MiniRaftCluster.java:532)
	at org.apache.ratis.RaftTestUtil.lambda$waitForLeader$3(RaftTestUtil.java:98)
	at org.apache.ratis.util.JavaUtils.attempt(JavaUtils.java:152)
	at org.apache.ratis.RaftTestUtil.waitForLeader(RaftTestUtil.java:97)
	at org.apache.ratis.RaftTestUtil.waitForLeader(RaftTestUtil.java:77)
	at org.apache.ratis.RaftTestUtil.waitForLeader(RaftTestUtil.java:72)
	at org.apache.ratis.RetryCacheTests.runTestBasicRetry(RetryCacheTests.java:64)
	at org.apache.ratis.MiniRaftCluster$Factory$Get.runWithNewCluster(MiniRaftCluster.java:125)
	at org.apache.ratis.MiniRaftCluster$Factory$Get.runWithNewCluster(MiniRaftCluster.java:113)
	at org.apache.ratis.RetryCacheTests.testBasicRetry(RetryCacheTests.java:60)
	at sun.reflect.NativeMethodAccessorImpl.invoke0(Native Method)
	at sun.reflect.NativeMethodAccessorImpl.invoke(NativeMethodAccessorImpl.java:62)
	at sun.reflect.DelegatingMethodAccessorImpl.invoke(DelegatingMethodAccessorImpl.java:43)
	at java.lang.reflect.Method.invoke(Method.java:498)
	at org.junit.runners.model.FrameworkMethod$1.runReflectiveCall(FrameworkMethod.java:50)
	at org.junit.internal.runners.model.ReflectiveCallable.run(ReflectiveCallable.java:12)
	at org.junit.runners.model.FrameworkMethod.invokeExplosively(FrameworkMethod.java:47)
	at org.junit.internal.runners.statements.InvokeMethod.evaluate(InvokeMethod.java:17)
	at org.junit.internal.runners.statements.RunAfters.evaluate(RunAfters.java:27)
	at org.junit.internal.runners.statements.FailOnTimeout$CallableStatement.call(FailOnTimeout.java:298)
	at org.junit.internal.runners.statements.FailOnTimeout$CallableStatement.call(FailOnTimeout.java:292)
	at java.util.concurrent.FutureTask.run(FutureTask.java:266)
	at java.lang.Thread.run(Thread.java:748)
2019-09-24 16:36:24,781 WARN  ratis.RaftTestUtil (JavaUtils.java:attempt(158)) - FAILED "waitForLeader-null-(expectLeader? true)", attempt #74/100: java.lang.IllegalStateException: No leader yet : printing ALL groups
  s0:  RUNNING  FOLLOWER s0@group-31A0E89A70DD:t5, leader=null, voted=s1, raftlog=s0@group-31A0E89A70DD-SegmentedRaftLog:OPENED:c-1,f-1,i0, conf=-1: [s0:0.0.0.0:43926, s1:0.0.0.0:41045, s2:0.0.0.0:43384], old=null RUNNING
  s1:  RUNNING CANDIDATE s1@group-31A0E89A70DD:t6, leader=null, voted=s1, raftlog=s1@group-31A0E89A70DD-SegmentedRaftLog:OPENED:c-1,f-1,i0, conf=-1: [s0:0.0.0.0:43926, s1:0.0.0.0:41045, s2:0.0.0.0:43384], old=null RUNNING
  s2:  RUNNING CANDIDATE s2@group-31A0E89A70DD:t6, leader=null, voted=s2, raftlog=s2@group-31A0E89A70DD-SegmentedRaftLog:OPENED:c-1,f-1,i0, conf=-1: [s0:0.0.0.0:43926, s1:0.0.0.0:41045, s2:0.0.0.0:43384], old=null RUNNING, sleep 450ms and then retry.
java.lang.IllegalStateException: No leader yet : printing ALL groups
  s0:  RUNNING  FOLLOWER s0@group-31A0E89A70DD:t5, leader=null, voted=s1, raftlog=s0@group-31A0E89A70DD-SegmentedRaftLog:OPENED:c-1,f-1,i0, conf=-1: [s0:0.0.0.0:43926, s1:0.0.0.0:41045, s2:0.0.0.0:43384], old=null RUNNING
  s1:  RUNNING CANDIDATE s1@group-31A0E89A70DD:t6, leader=null, voted=s1, raftlog=s1@group-31A0E89A70DD-SegmentedRaftLog:OPENED:c-1,f-1,i0, conf=-1: [s0:0.0.0.0:43926, s1:0.0.0.0:41045, s2:0.0.0.0:43384], old=null RUNNING
  s2:  RUNNING CANDIDATE s2@group-31A0E89A70DD:t6, leader=null, voted=s2, raftlog=s2@group-31A0E89A70DD-SegmentedRaftLog:OPENED:c-1,f-1,i0, conf=-1: [s0:0.0.0.0:43926, s1:0.0.0.0:41045, s2:0.0.0.0:43384], old=null RUNNING
	at org.apache.ratis.MiniRaftCluster.newIllegalStateExceptionForNoLeaders(MiniRaftCluster.java:506)
	at org.apache.ratis.RaftTestUtil.lambda$waitForLeader$1(RaftTestUtil.java:90)
	at org.apache.ratis.MiniRaftCluster.getLeader(MiniRaftCluster.java:539)
	at org.apache.ratis.MiniRaftCluster.getLeader(MiniRaftCluster.java:532)
	at org.apache.ratis.RaftTestUtil.lambda$waitForLeader$3(RaftTestUtil.java:98)
	at org.apache.ratis.util.JavaUtils.attempt(JavaUtils.java:152)
	at org.apache.ratis.RaftTestUtil.waitForLeader(RaftTestUtil.java:97)
	at org.apache.ratis.RaftTestUtil.waitForLeader(RaftTestUtil.java:77)
	at org.apache.ratis.RaftTestUtil.waitForLeader(RaftTestUtil.java:72)
	at org.apache.ratis.RetryCacheTests.runTestBasicRetry(RetryCacheTests.java:64)
	at org.apache.ratis.MiniRaftCluster$Factory$Get.runWithNewCluster(MiniRaftCluster.java:125)
	at org.apache.ratis.MiniRaftCluster$Factory$Get.runWithNewCluster(MiniRaftCluster.java:113)
	at org.apache.ratis.RetryCacheTests.testBasicRetry(RetryCacheTests.java:60)
	at sun.reflect.NativeMethodAccessorImpl.invoke0(Native Method)
	at sun.reflect.NativeMethodAccessorImpl.invoke(NativeMethodAccessorImpl.java:62)
	at sun.reflect.DelegatingMethodAccessorImpl.invoke(DelegatingMethodAccessorImpl.java:43)
	at java.lang.reflect.Method.invoke(Method.java:498)
	at org.junit.runners.model.FrameworkMethod$1.runReflectiveCall(FrameworkMethod.java:50)
	at org.junit.internal.runners.model.ReflectiveCallable.run(ReflectiveCallable.java:12)
	at org.junit.runners.model.FrameworkMethod.invokeExplosively(FrameworkMethod.java:47)
	at org.junit.internal.runners.statements.InvokeMethod.evaluate(InvokeMethod.java:17)
	at org.junit.internal.runners.statements.RunAfters.evaluate(RunAfters.java:27)
	at org.junit.internal.runners.statements.FailOnTimeout$CallableStatement.call(FailOnTimeout.java:298)
	at org.junit.internal.runners.statements.FailOnTimeout$CallableStatement.call(FailOnTimeout.java:292)
	at java.util.concurrent.FutureTask.run(FutureTask.java:266)
	at java.lang.Thread.run(Thread.java:748)
2019-09-24 16:36:25,233 WARN  ratis.RaftTestUtil (JavaUtils.java:attempt(158)) - FAILED "waitForLeader-null-(expectLeader? true)", attempt #75/100: java.lang.IllegalStateException: No leader yet : printing ALL groups
  s0:  RUNNING  FOLLOWER s0@group-31A0E89A70DD:t5, leader=null, voted=s1, raftlog=s0@group-31A0E89A70DD-SegmentedRaftLog:OPENED:c-1,f-1,i0, conf=-1: [s0:0.0.0.0:43926, s1:0.0.0.0:41045, s2:0.0.0.0:43384], old=null RUNNING
  s1:  RUNNING CANDIDATE s1@group-31A0E89A70DD:t6, leader=null, voted=s1, raftlog=s1@group-31A0E89A70DD-SegmentedRaftLog:OPENED:c-1,f-1,i0, conf=-1: [s0:0.0.0.0:43926, s1:0.0.0.0:41045, s2:0.0.0.0:43384], old=null RUNNING
  s2:  RUNNING CANDIDATE s2@group-31A0E89A70DD:t6, leader=null, voted=s2, raftlog=s2@group-31A0E89A70DD-SegmentedRaftLog:OPENED:c-1,f-1,i0, conf=-1: [s0:0.0.0.0:43926, s1:0.0.0.0:41045, s2:0.0.0.0:43384], old=null RUNNING, sleep 450ms and then retry.
java.lang.IllegalStateException: No leader yet : printing ALL groups
  s0:  RUNNING  FOLLOWER s0@group-31A0E89A70DD:t5, leader=null, voted=s1, raftlog=s0@group-31A0E89A70DD-SegmentedRaftLog:OPENED:c-1,f-1,i0, conf=-1: [s0:0.0.0.0:43926, s1:0.0.0.0:41045, s2:0.0.0.0:43384], old=null RUNNING
  s1:  RUNNING CANDIDATE s1@group-31A0E89A70DD:t6, leader=null, voted=s1, raftlog=s1@group-31A0E89A70DD-SegmentedRaftLog:OPENED:c-1,f-1,i0, conf=-1: [s0:0.0.0.0:43926, s1:0.0.0.0:41045, s2:0.0.0.0:43384], old=null RUNNING
  s2:  RUNNING CANDIDATE s2@group-31A0E89A70DD:t6, leader=null, voted=s2, raftlog=s2@group-31A0E89A70DD-SegmentedRaftLog:OPENED:c-1,f-1,i0, conf=-1: [s0:0.0.0.0:43926, s1:0.0.0.0:41045, s2:0.0.0.0:43384], old=null RUNNING
	at org.apache.ratis.MiniRaftCluster.newIllegalStateExceptionForNoLeaders(MiniRaftCluster.java:506)
	at org.apache.ratis.RaftTestUtil.lambda$waitForLeader$1(RaftTestUtil.java:90)
	at org.apache.ratis.MiniRaftCluster.getLeader(MiniRaftCluster.java:539)
	at org.apache.ratis.MiniRaftCluster.getLeader(MiniRaftCluster.java:532)
	at org.apache.ratis.RaftTestUtil.lambda$waitForLeader$3(RaftTestUtil.java:98)
	at org.apache.ratis.util.JavaUtils.attempt(JavaUtils.java:152)
	at org.apache.ratis.RaftTestUtil.waitForLeader(RaftTestUtil.java:97)
	at org.apache.ratis.RaftTestUtil.waitForLeader(RaftTestUtil.java:77)
	at org.apache.ratis.RaftTestUtil.waitForLeader(RaftTestUtil.java:72)
	at org.apache.ratis.RetryCacheTests.runTestBasicRetry(RetryCacheTests.java:64)
	at org.apache.ratis.MiniRaftCluster$Factory$Get.runWithNewCluster(MiniRaftCluster.java:125)
	at org.apache.ratis.MiniRaftCluster$Factory$Get.runWithNewCluster(MiniRaftCluster.java:113)
	at org.apache.ratis.RetryCacheTests.testBasicRetry(RetryCacheTests.java:60)
	at sun.reflect.NativeMethodAccessorImpl.invoke0(Native Method)
	at sun.reflect.NativeMethodAccessorImpl.invoke(NativeMethodAccessorImpl.java:62)
	at sun.reflect.DelegatingMethodAccessorImpl.invoke(DelegatingMethodAccessorImpl.java:43)
	at java.lang.reflect.Method.invoke(Method.java:498)
	at org.junit.runners.model.FrameworkMethod$1.runReflectiveCall(FrameworkMethod.java:50)
	at org.junit.internal.runners.model.ReflectiveCallable.run(ReflectiveCallable.java:12)
	at org.junit.runners.model.FrameworkMethod.invokeExplosively(FrameworkMethod.java:47)
	at org.junit.internal.runners.statements.InvokeMethod.evaluate(InvokeMethod.java:17)
	at org.junit.internal.runners.statements.RunAfters.evaluate(RunAfters.java:27)
	at org.junit.internal.runners.statements.FailOnTimeout$CallableStatement.call(FailOnTimeout.java:298)
	at org.junit.internal.runners.statements.FailOnTimeout$CallableStatement.call(FailOnTimeout.java:292)
	at java.util.concurrent.FutureTask.run(FutureTask.java:266)
	at java.lang.Thread.run(Thread.java:748)
2019-09-24 16:36:25,685 WARN  ratis.RaftTestUtil (JavaUtils.java:attempt(158)) - FAILED "waitForLeader-null-(expectLeader? true)", attempt #76/100: java.lang.IllegalStateException: No leader yet : printing ALL groups
  s0:  RUNNING  FOLLOWER s0@group-31A0E89A70DD:t5, leader=null, voted=s1, raftlog=s0@group-31A0E89A70DD-SegmentedRaftLog:OPENED:c-1,f-1,i0, conf=-1: [s0:0.0.0.0:43926, s1:0.0.0.0:41045, s2:0.0.0.0:43384], old=null RUNNING
  s1:  RUNNING CANDIDATE s1@group-31A0E89A70DD:t6, leader=null, voted=s1, raftlog=s1@group-31A0E89A70DD-SegmentedRaftLog:OPENED:c-1,f-1,i0, conf=-1: [s0:0.0.0.0:43926, s1:0.0.0.0:41045, s2:0.0.0.0:43384], old=null RUNNING
  s2:  RUNNING CANDIDATE s2@group-31A0E89A70DD:t6, leader=null, voted=s2, raftlog=s2@group-31A0E89A70DD-SegmentedRaftLog:OPENED:c-1,f-1,i0, conf=-1: [s0:0.0.0.0:43926, s1:0.0.0.0:41045, s2:0.0.0.0:43384], old=null RUNNING, sleep 450ms and then retry.
java.lang.IllegalStateException: No leader yet : printing ALL groups
  s0:  RUNNING  FOLLOWER s0@group-31A0E89A70DD:t5, leader=null, voted=s1, raftlog=s0@group-31A0E89A70DD-SegmentedRaftLog:OPENED:c-1,f-1,i0, conf=-1: [s0:0.0.0.0:43926, s1:0.0.0.0:41045, s2:0.0.0.0:43384], old=null RUNNING
  s1:  RUNNING CANDIDATE s1@group-31A0E89A70DD:t6, leader=null, voted=s1, raftlog=s1@group-31A0E89A70DD-SegmentedRaftLog:OPENED:c-1,f-1,i0, conf=-1: [s0:0.0.0.0:43926, s1:0.0.0.0:41045, s2:0.0.0.0:43384], old=null RUNNING
  s2:  RUNNING CANDIDATE s2@group-31A0E89A70DD:t6, leader=null, voted=s2, raftlog=s2@group-31A0E89A70DD-SegmentedRaftLog:OPENED:c-1,f-1,i0, conf=-1: [s0:0.0.0.0:43926, s1:0.0.0.0:41045, s2:0.0.0.0:43384], old=null RUNNING
	at org.apache.ratis.MiniRaftCluster.newIllegalStateExceptionForNoLeaders(MiniRaftCluster.java:506)
	at org.apache.ratis.RaftTestUtil.lambda$waitForLeader$1(RaftTestUtil.java:90)
	at org.apache.ratis.MiniRaftCluster.getLeader(MiniRaftCluster.java:539)
	at org.apache.ratis.MiniRaftCluster.getLeader(MiniRaftCluster.java:532)
	at org.apache.ratis.RaftTestUtil.lambda$waitForLeader$3(RaftTestUtil.java:98)
	at org.apache.ratis.util.JavaUtils.attempt(JavaUtils.java:152)
	at org.apache.ratis.RaftTestUtil.waitForLeader(RaftTestUtil.java:97)
	at org.apache.ratis.RaftTestUtil.waitForLeader(RaftTestUtil.java:77)
	at org.apache.ratis.RaftTestUtil.waitForLeader(RaftTestUtil.java:72)
	at org.apache.ratis.RetryCacheTests.runTestBasicRetry(RetryCacheTests.java:64)
	at org.apache.ratis.MiniRaftCluster$Factory$Get.runWithNewCluster(MiniRaftCluster.java:125)
	at org.apache.ratis.MiniRaftCluster$Factory$Get.runWithNewCluster(MiniRaftCluster.java:113)
	at org.apache.ratis.RetryCacheTests.testBasicRetry(RetryCacheTests.java:60)
	at sun.reflect.NativeMethodAccessorImpl.invoke0(Native Method)
	at sun.reflect.NativeMethodAccessorImpl.invoke(NativeMethodAccessorImpl.java:62)
	at sun.reflect.DelegatingMethodAccessorImpl.invoke(DelegatingMethodAccessorImpl.java:43)
	at java.lang.reflect.Method.invoke(Method.java:498)
	at org.junit.runners.model.FrameworkMethod$1.runReflectiveCall(FrameworkMethod.java:50)
	at org.junit.internal.runners.model.ReflectiveCallable.run(ReflectiveCallable.java:12)
	at org.junit.runners.model.FrameworkMethod.invokeExplosively(FrameworkMethod.java:47)
	at org.junit.internal.runners.statements.InvokeMethod.evaluate(InvokeMethod.java:17)
	at org.junit.internal.runners.statements.RunAfters.evaluate(RunAfters.java:27)
	at org.junit.internal.runners.statements.FailOnTimeout$CallableStatement.call(FailOnTimeout.java:298)
	at org.junit.internal.runners.statements.FailOnTimeout$CallableStatement.call(FailOnTimeout.java:292)
	at java.util.concurrent.FutureTask.run(FutureTask.java:266)
	at java.lang.Thread.run(Thread.java:748)
2019-09-24 16:36:26,137 WARN  ratis.RaftTestUtil (JavaUtils.java:attempt(158)) - FAILED "waitForLeader-null-(expectLeader? true)", attempt #77/100: java.lang.IllegalStateException: No leader yet : printing ALL groups
  s0:  RUNNING  FOLLOWER s0@group-31A0E89A70DD:t5, leader=null, voted=s1, raftlog=s0@group-31A0E89A70DD-SegmentedRaftLog:OPENED:c-1,f-1,i0, conf=-1: [s0:0.0.0.0:43926, s1:0.0.0.0:41045, s2:0.0.0.0:43384], old=null RUNNING
  s1:  RUNNING CANDIDATE s1@group-31A0E89A70DD:t6, leader=null, voted=s1, raftlog=s1@group-31A0E89A70DD-SegmentedRaftLog:OPENED:c-1,f-1,i0, conf=-1: [s0:0.0.0.0:43926, s1:0.0.0.0:41045, s2:0.0.0.0:43384], old=null RUNNING
  s2:  RUNNING CANDIDATE s2@group-31A0E89A70DD:t6, leader=null, voted=s2, raftlog=s2@group-31A0E89A70DD-SegmentedRaftLog:OPENED:c-1,f-1,i0, conf=-1: [s0:0.0.0.0:43926, s1:0.0.0.0:41045, s2:0.0.0.0:43384], old=null RUNNING, sleep 450ms and then retry.
java.lang.IllegalStateException: No leader yet : printing ALL groups
  s0:  RUNNING  FOLLOWER s0@group-31A0E89A70DD:t5, leader=null, voted=s1, raftlog=s0@group-31A0E89A70DD-SegmentedRaftLog:OPENED:c-1,f-1,i0, conf=-1: [s0:0.0.0.0:43926, s1:0.0.0.0:41045, s2:0.0.0.0:43384], old=null RUNNING
  s1:  RUNNING CANDIDATE s1@group-31A0E89A70DD:t6, leader=null, voted=s1, raftlog=s1@group-31A0E89A70DD-SegmentedRaftLog:OPENED:c-1,f-1,i0, conf=-1: [s0:0.0.0.0:43926, s1:0.0.0.0:41045, s2:0.0.0.0:43384], old=null RUNNING
  s2:  RUNNING CANDIDATE s2@group-31A0E89A70DD:t6, leader=null, voted=s2, raftlog=s2@group-31A0E89A70DD-SegmentedRaftLog:OPENED:c-1,f-1,i0, conf=-1: [s0:0.0.0.0:43926, s1:0.0.0.0:41045, s2:0.0.0.0:43384], old=null RUNNING
	at org.apache.ratis.MiniRaftCluster.newIllegalStateExceptionForNoLeaders(MiniRaftCluster.java:506)
	at org.apache.ratis.RaftTestUtil.lambda$waitForLeader$1(RaftTestUtil.java:90)
	at org.apache.ratis.MiniRaftCluster.getLeader(MiniRaftCluster.java:539)
	at org.apache.ratis.MiniRaftCluster.getLeader(MiniRaftCluster.java:532)
	at org.apache.ratis.RaftTestUtil.lambda$waitForLeader$3(RaftTestUtil.java:98)
	at org.apache.ratis.util.JavaUtils.attempt(JavaUtils.java:152)
	at org.apache.ratis.RaftTestUtil.waitForLeader(RaftTestUtil.java:97)
	at org.apache.ratis.RaftTestUtil.waitForLeader(RaftTestUtil.java:77)
	at org.apache.ratis.RaftTestUtil.waitForLeader(RaftTestUtil.java:72)
	at org.apache.ratis.RetryCacheTests.runTestBasicRetry(RetryCacheTests.java:64)
	at org.apache.ratis.MiniRaftCluster$Factory$Get.runWithNewCluster(MiniRaftCluster.java:125)
	at org.apache.ratis.MiniRaftCluster$Factory$Get.runWithNewCluster(MiniRaftCluster.java:113)
	at org.apache.ratis.RetryCacheTests.testBasicRetry(RetryCacheTests.java:60)
	at sun.reflect.NativeMethodAccessorImpl.invoke0(Native Method)
	at sun.reflect.NativeMethodAccessorImpl.invoke(NativeMethodAccessorImpl.java:62)
	at sun.reflect.DelegatingMethodAccessorImpl.invoke(DelegatingMethodAccessorImpl.java:43)
	at java.lang.reflect.Method.invoke(Method.java:498)
	at org.junit.runners.model.FrameworkMethod$1.runReflectiveCall(FrameworkMethod.java:50)
	at org.junit.internal.runners.model.ReflectiveCallable.run(ReflectiveCallable.java:12)
	at org.junit.runners.model.FrameworkMethod.invokeExplosively(FrameworkMethod.java:47)
	at org.junit.internal.runners.statements.InvokeMethod.evaluate(InvokeMethod.java:17)
	at org.junit.internal.runners.statements.RunAfters.evaluate(RunAfters.java:27)
	at org.junit.internal.runners.statements.FailOnTimeout$CallableStatement.call(FailOnTimeout.java:298)
	at org.junit.internal.runners.statements.FailOnTimeout$CallableStatement.call(FailOnTimeout.java:292)
	at java.util.concurrent.FutureTask.run(FutureTask.java:266)
	at java.lang.Thread.run(Thread.java:748)
2019-09-24 16:36:26,589 WARN  ratis.RaftTestUtil (JavaUtils.java:attempt(158)) - FAILED "waitForLeader-null-(expectLeader? true)", attempt #78/100: java.lang.IllegalStateException: No leader yet : printing ALL groups
  s0:  RUNNING  FOLLOWER s0@group-31A0E89A70DD:t5, leader=null, voted=s1, raftlog=s0@group-31A0E89A70DD-SegmentedRaftLog:OPENED:c-1,f-1,i0, conf=-1: [s0:0.0.0.0:43926, s1:0.0.0.0:41045, s2:0.0.0.0:43384], old=null RUNNING
  s1:  RUNNING CANDIDATE s1@group-31A0E89A70DD:t6, leader=null, voted=s1, raftlog=s1@group-31A0E89A70DD-SegmentedRaftLog:OPENED:c-1,f-1,i0, conf=-1: [s0:0.0.0.0:43926, s1:0.0.0.0:41045, s2:0.0.0.0:43384], old=null RUNNING
  s2:  RUNNING CANDIDATE s2@group-31A0E89A70DD:t6, leader=null, voted=s2, raftlog=s2@group-31A0E89A70DD-SegmentedRaftLog:OPENED:c-1,f-1,i0, conf=-1: [s0:0.0.0.0:43926, s1:0.0.0.0:41045, s2:0.0.0.0:43384], old=null RUNNING, sleep 450ms and then retry.
java.lang.IllegalStateException: No leader yet : printing ALL groups
  s0:  RUNNING  FOLLOWER s0@group-31A0E89A70DD:t5, leader=null, voted=s1, raftlog=s0@group-31A0E89A70DD-SegmentedRaftLog:OPENED:c-1,f-1,i0, conf=-1: [s0:0.0.0.0:43926, s1:0.0.0.0:41045, s2:0.0.0.0:43384], old=null RUNNING
  s1:  RUNNING CANDIDATE s1@group-31A0E89A70DD:t6, leader=null, voted=s1, raftlog=s1@group-31A0E89A70DD-SegmentedRaftLog:OPENED:c-1,f-1,i0, conf=-1: [s0:0.0.0.0:43926, s1:0.0.0.0:41045, s2:0.0.0.0:43384], old=null RUNNING
  s2:  RUNNING CANDIDATE s2@group-31A0E89A70DD:t6, leader=null, voted=s2, raftlog=s2@group-31A0E89A70DD-SegmentedRaftLog:OPENED:c-1,f-1,i0, conf=-1: [s0:0.0.0.0:43926, s1:0.0.0.0:41045, s2:0.0.0.0:43384], old=null RUNNING
	at org.apache.ratis.MiniRaftCluster.newIllegalStateExceptionForNoLeaders(MiniRaftCluster.java:506)
	at org.apache.ratis.RaftTestUtil.lambda$waitForLeader$1(RaftTestUtil.java:90)
	at org.apache.ratis.MiniRaftCluster.getLeader(MiniRaftCluster.java:539)
	at org.apache.ratis.MiniRaftCluster.getLeader(MiniRaftCluster.java:532)
	at org.apache.ratis.RaftTestUtil.lambda$waitForLeader$3(RaftTestUtil.java:98)
	at org.apache.ratis.util.JavaUtils.attempt(JavaUtils.java:152)
	at org.apache.ratis.RaftTestUtil.waitForLeader(RaftTestUtil.java:97)
	at org.apache.ratis.RaftTestUtil.waitForLeader(RaftTestUtil.java:77)
	at org.apache.ratis.RaftTestUtil.waitForLeader(RaftTestUtil.java:72)
	at org.apache.ratis.RetryCacheTests.runTestBasicRetry(RetryCacheTests.java:64)
	at org.apache.ratis.MiniRaftCluster$Factory$Get.runWithNewCluster(MiniRaftCluster.java:125)
	at org.apache.ratis.MiniRaftCluster$Factory$Get.runWithNewCluster(MiniRaftCluster.java:113)
	at org.apache.ratis.RetryCacheTests.testBasicRetry(RetryCacheTests.java:60)
	at sun.reflect.NativeMethodAccessorImpl.invoke0(Native Method)
	at sun.reflect.NativeMethodAccessorImpl.invoke(NativeMethodAccessorImpl.java:62)
	at sun.reflect.DelegatingMethodAccessorImpl.invoke(DelegatingMethodAccessorImpl.java:43)
	at java.lang.reflect.Method.invoke(Method.java:498)
	at org.junit.runners.model.FrameworkMethod$1.runReflectiveCall(FrameworkMethod.java:50)
	at org.junit.internal.runners.model.ReflectiveCallable.run(ReflectiveCallable.java:12)
	at org.junit.runners.model.FrameworkMethod.invokeExplosively(FrameworkMethod.java:47)
	at org.junit.internal.runners.statements.InvokeMethod.evaluate(InvokeMethod.java:17)
	at org.junit.internal.runners.statements.RunAfters.evaluate(RunAfters.java:27)
	at org.junit.internal.runners.statements.FailOnTimeout$CallableStatement.call(FailOnTimeout.java:298)
	at org.junit.internal.runners.statements.FailOnTimeout$CallableStatement.call(FailOnTimeout.java:292)
	at java.util.concurrent.FutureTask.run(FutureTask.java:266)
	at java.lang.Thread.run(Thread.java:748)
2019-09-24 16:36:27,040 WARN  ratis.RaftTestUtil (JavaUtils.java:attempt(158)) - FAILED "waitForLeader-null-(expectLeader? true)", attempt #79/100: java.lang.IllegalStateException: No leader yet : printing ALL groups
  s0:  RUNNING  FOLLOWER s0@group-31A0E89A70DD:t5, leader=null, voted=s1, raftlog=s0@group-31A0E89A70DD-SegmentedRaftLog:OPENED:c-1,f-1,i0, conf=-1: [s0:0.0.0.0:43926, s1:0.0.0.0:41045, s2:0.0.0.0:43384], old=null RUNNING
  s1:  RUNNING CANDIDATE s1@group-31A0E89A70DD:t6, leader=null, voted=s1, raftlog=s1@group-31A0E89A70DD-SegmentedRaftLog:OPENED:c-1,f-1,i0, conf=-1: [s0:0.0.0.0:43926, s1:0.0.0.0:41045, s2:0.0.0.0:43384], old=null RUNNING
  s2:  RUNNING CANDIDATE s2@group-31A0E89A70DD:t6, leader=null, voted=s2, raftlog=s2@group-31A0E89A70DD-SegmentedRaftLog:OPENED:c-1,f-1,i0, conf=-1: [s0:0.0.0.0:43926, s1:0.0.0.0:41045, s2:0.0.0.0:43384], old=null RUNNING, sleep 450ms and then retry.
java.lang.IllegalStateException: No leader yet : printing ALL groups
  s0:  RUNNING  FOLLOWER s0@group-31A0E89A70DD:t5, leader=null, voted=s1, raftlog=s0@group-31A0E89A70DD-SegmentedRaftLog:OPENED:c-1,f-1,i0, conf=-1: [s0:0.0.0.0:43926, s1:0.0.0.0:41045, s2:0.0.0.0:43384], old=null RUNNING
  s1:  RUNNING CANDIDATE s1@group-31A0E89A70DD:t6, leader=null, voted=s1, raftlog=s1@group-31A0E89A70DD-SegmentedRaftLog:OPENED:c-1,f-1,i0, conf=-1: [s0:0.0.0.0:43926, s1:0.0.0.0:41045, s2:0.0.0.0:43384], old=null RUNNING
  s2:  RUNNING CANDIDATE s2@group-31A0E89A70DD:t6, leader=null, voted=s2, raftlog=s2@group-31A0E89A70DD-SegmentedRaftLog:OPENED:c-1,f-1,i0, conf=-1: [s0:0.0.0.0:43926, s1:0.0.0.0:41045, s2:0.0.0.0:43384], old=null RUNNING
	at org.apache.ratis.MiniRaftCluster.newIllegalStateExceptionForNoLeaders(MiniRaftCluster.java:506)
	at org.apache.ratis.RaftTestUtil.lambda$waitForLeader$1(RaftTestUtil.java:90)
	at org.apache.ratis.MiniRaftCluster.getLeader(MiniRaftCluster.java:539)
	at org.apache.ratis.MiniRaftCluster.getLeader(MiniRaftCluster.java:532)
	at org.apache.ratis.RaftTestUtil.lambda$waitForLeader$3(RaftTestUtil.java:98)
	at org.apache.ratis.util.JavaUtils.attempt(JavaUtils.java:152)
	at org.apache.ratis.RaftTestUtil.waitForLeader(RaftTestUtil.java:97)
	at org.apache.ratis.RaftTestUtil.waitForLeader(RaftTestUtil.java:77)
	at org.apache.ratis.RaftTestUtil.waitForLeader(RaftTestUtil.java:72)
	at org.apache.ratis.RetryCacheTests.runTestBasicRetry(RetryCacheTests.java:64)
	at org.apache.ratis.MiniRaftCluster$Factory$Get.runWithNewCluster(MiniRaftCluster.java:125)
	at org.apache.ratis.MiniRaftCluster$Factory$Get.runWithNewCluster(MiniRaftCluster.java:113)
	at org.apache.ratis.RetryCacheTests.testBasicRetry(RetryCacheTests.java:60)
	at sun.reflect.NativeMethodAccessorImpl.invoke0(Native Method)
	at sun.reflect.NativeMethodAccessorImpl.invoke(NativeMethodAccessorImpl.java:62)
	at sun.reflect.DelegatingMethodAccessorImpl.invoke(DelegatingMethodAccessorImpl.java:43)
	at java.lang.reflect.Method.invoke(Method.java:498)
	at org.junit.runners.model.FrameworkMethod$1.runReflectiveCall(FrameworkMethod.java:50)
	at org.junit.internal.runners.model.ReflectiveCallable.run(ReflectiveCallable.java:12)
	at org.junit.runners.model.FrameworkMethod.invokeExplosively(FrameworkMethod.java:47)
	at org.junit.internal.runners.statements.InvokeMethod.evaluate(InvokeMethod.java:17)
	at org.junit.internal.runners.statements.RunAfters.evaluate(RunAfters.java:27)
	at org.junit.internal.runners.statements.FailOnTimeout$CallableStatement.call(FailOnTimeout.java:298)
	at org.junit.internal.runners.statements.FailOnTimeout$CallableStatement.call(FailOnTimeout.java:292)
	at java.util.concurrent.FutureTask.run(FutureTask.java:266)
	at java.lang.Thread.run(Thread.java:748)
2019-09-24 16:36:27,492 WARN  ratis.RaftTestUtil (JavaUtils.java:attempt(158)) - FAILED "waitForLeader-null-(expectLeader? true)", attempt #80/100: java.lang.IllegalStateException: No leader yet : printing ALL groups
  s0:  RUNNING  FOLLOWER s0@group-31A0E89A70DD:t5, leader=null, voted=s1, raftlog=s0@group-31A0E89A70DD-SegmentedRaftLog:OPENED:c-1,f-1,i0, conf=-1: [s0:0.0.0.0:43926, s1:0.0.0.0:41045, s2:0.0.0.0:43384], old=null RUNNING
  s1:  RUNNING CANDIDATE s1@group-31A0E89A70DD:t6, leader=null, voted=s1, raftlog=s1@group-31A0E89A70DD-SegmentedRaftLog:OPENED:c-1,f-1,i0, conf=-1: [s0:0.0.0.0:43926, s1:0.0.0.0:41045, s2:0.0.0.0:43384], old=null RUNNING
  s2:  RUNNING CANDIDATE s2@group-31A0E89A70DD:t6, leader=null, voted=s2, raftlog=s2@group-31A0E89A70DD-SegmentedRaftLog:OPENED:c-1,f-1,i0, conf=-1: [s0:0.0.0.0:43926, s1:0.0.0.0:41045, s2:0.0.0.0:43384], old=null RUNNING, sleep 450ms and then retry.
java.lang.IllegalStateException: No leader yet : printing ALL groups
  s0:  RUNNING  FOLLOWER s0@group-31A0E89A70DD:t5, leader=null, voted=s1, raftlog=s0@group-31A0E89A70DD-SegmentedRaftLog:OPENED:c-1,f-1,i0, conf=-1: [s0:0.0.0.0:43926, s1:0.0.0.0:41045, s2:0.0.0.0:43384], old=null RUNNING
  s1:  RUNNING CANDIDATE s1@group-31A0E89A70DD:t6, leader=null, voted=s1, raftlog=s1@group-31A0E89A70DD-SegmentedRaftLog:OPENED:c-1,f-1,i0, conf=-1: [s0:0.0.0.0:43926, s1:0.0.0.0:41045, s2:0.0.0.0:43384], old=null RUNNING
  s2:  RUNNING CANDIDATE s2@group-31A0E89A70DD:t6, leader=null, voted=s2, raftlog=s2@group-31A0E89A70DD-SegmentedRaftLog:OPENED:c-1,f-1,i0, conf=-1: [s0:0.0.0.0:43926, s1:0.0.0.0:41045, s2:0.0.0.0:43384], old=null RUNNING
	at org.apache.ratis.MiniRaftCluster.newIllegalStateExceptionForNoLeaders(MiniRaftCluster.java:506)
	at org.apache.ratis.RaftTestUtil.lambda$waitForLeader$1(RaftTestUtil.java:90)
	at org.apache.ratis.MiniRaftCluster.getLeader(MiniRaftCluster.java:539)
	at org.apache.ratis.MiniRaftCluster.getLeader(MiniRaftCluster.java:532)
	at org.apache.ratis.RaftTestUtil.lambda$waitForLeader$3(RaftTestUtil.java:98)
	at org.apache.ratis.util.JavaUtils.attempt(JavaUtils.java:152)
	at org.apache.ratis.RaftTestUtil.waitForLeader(RaftTestUtil.java:97)
	at org.apache.ratis.RaftTestUtil.waitForLeader(RaftTestUtil.java:77)
	at org.apache.ratis.RaftTestUtil.waitForLeader(RaftTestUtil.java:72)
	at org.apache.ratis.RetryCacheTests.runTestBasicRetry(RetryCacheTests.java:64)
	at org.apache.ratis.MiniRaftCluster$Factory$Get.runWithNewCluster(MiniRaftCluster.java:125)
	at org.apache.ratis.MiniRaftCluster$Factory$Get.runWithNewCluster(MiniRaftCluster.java:113)
	at org.apache.ratis.RetryCacheTests.testBasicRetry(RetryCacheTests.java:60)
	at sun.reflect.NativeMethodAccessorImpl.invoke0(Native Method)
	at sun.reflect.NativeMethodAccessorImpl.invoke(NativeMethodAccessorImpl.java:62)
	at sun.reflect.DelegatingMethodAccessorImpl.invoke(DelegatingMethodAccessorImpl.java:43)
	at java.lang.reflect.Method.invoke(Method.java:498)
	at org.junit.runners.model.FrameworkMethod$1.runReflectiveCall(FrameworkMethod.java:50)
	at org.junit.internal.runners.model.ReflectiveCallable.run(ReflectiveCallable.java:12)
	at org.junit.runners.model.FrameworkMethod.invokeExplosively(FrameworkMethod.java:47)
	at org.junit.internal.runners.statements.InvokeMethod.evaluate(InvokeMethod.java:17)
	at org.junit.internal.runners.statements.RunAfters.evaluate(RunAfters.java:27)
	at org.junit.internal.runners.statements.FailOnTimeout$CallableStatement.call(FailOnTimeout.java:298)
	at org.junit.internal.runners.statements.FailOnTimeout$CallableStatement.call(FailOnTimeout.java:292)
	at java.util.concurrent.FutureTask.run(FutureTask.java:266)
	at java.lang.Thread.run(Thread.java:748)
2019-09-24 16:36:27,944 WARN  ratis.RaftTestUtil (JavaUtils.java:attempt(158)) - FAILED "waitForLeader-null-(expectLeader? true)", attempt #81/100: java.lang.IllegalStateException: No leader yet : printing ALL groups
  s0:  RUNNING  FOLLOWER s0@group-31A0E89A70DD:t5, leader=null, voted=s1, raftlog=s0@group-31A0E89A70DD-SegmentedRaftLog:OPENED:c-1,f-1,i0, conf=-1: [s0:0.0.0.0:43926, s1:0.0.0.0:41045, s2:0.0.0.0:43384], old=null RUNNING
  s1:  RUNNING CANDIDATE s1@group-31A0E89A70DD:t6, leader=null, voted=s1, raftlog=s1@group-31A0E89A70DD-SegmentedRaftLog:OPENED:c-1,f-1,i0, conf=-1: [s0:0.0.0.0:43926, s1:0.0.0.0:41045, s2:0.0.0.0:43384], old=null RUNNING
  s2:  RUNNING CANDIDATE s2@group-31A0E89A70DD:t6, leader=null, voted=s2, raftlog=s2@group-31A0E89A70DD-SegmentedRaftLog:OPENED:c-1,f-1,i0, conf=-1: [s0:0.0.0.0:43926, s1:0.0.0.0:41045, s2:0.0.0.0:43384], old=null RUNNING, sleep 450ms and then retry.
java.lang.IllegalStateException: No leader yet : printing ALL groups
  s0:  RUNNING  FOLLOWER s0@group-31A0E89A70DD:t5, leader=null, voted=s1, raftlog=s0@group-31A0E89A70DD-SegmentedRaftLog:OPENED:c-1,f-1,i0, conf=-1: [s0:0.0.0.0:43926, s1:0.0.0.0:41045, s2:0.0.0.0:43384], old=null RUNNING
  s1:  RUNNING CANDIDATE s1@group-31A0E89A70DD:t6, leader=null, voted=s1, raftlog=s1@group-31A0E89A70DD-SegmentedRaftLog:OPENED:c-1,f-1,i0, conf=-1: [s0:0.0.0.0:43926, s1:0.0.0.0:41045, s2:0.0.0.0:43384], old=null RUNNING
  s2:  RUNNING CANDIDATE s2@group-31A0E89A70DD:t6, leader=null, voted=s2, raftlog=s2@group-31A0E89A70DD-SegmentedRaftLog:OPENED:c-1,f-1,i0, conf=-1: [s0:0.0.0.0:43926, s1:0.0.0.0:41045, s2:0.0.0.0:43384], old=null RUNNING
	at org.apache.ratis.MiniRaftCluster.newIllegalStateExceptionForNoLeaders(MiniRaftCluster.java:506)
	at org.apache.ratis.RaftTestUtil.lambda$waitForLeader$1(RaftTestUtil.java:90)
	at org.apache.ratis.MiniRaftCluster.getLeader(MiniRaftCluster.java:539)
	at org.apache.ratis.MiniRaftCluster.getLeader(MiniRaftCluster.java:532)
	at org.apache.ratis.RaftTestUtil.lambda$waitForLeader$3(RaftTestUtil.java:98)
	at org.apache.ratis.util.JavaUtils.attempt(JavaUtils.java:152)
	at org.apache.ratis.RaftTestUtil.waitForLeader(RaftTestUtil.java:97)
	at org.apache.ratis.RaftTestUtil.waitForLeader(RaftTestUtil.java:77)
	at org.apache.ratis.RaftTestUtil.waitForLeader(RaftTestUtil.java:72)
	at org.apache.ratis.RetryCacheTests.runTestBasicRetry(RetryCacheTests.java:64)
	at org.apache.ratis.MiniRaftCluster$Factory$Get.runWithNewCluster(MiniRaftCluster.java:125)
	at org.apache.ratis.MiniRaftCluster$Factory$Get.runWithNewCluster(MiniRaftCluster.java:113)
	at org.apache.ratis.RetryCacheTests.testBasicRetry(RetryCacheTests.java:60)
	at sun.reflect.NativeMethodAccessorImpl.invoke0(Native Method)
	at sun.reflect.NativeMethodAccessorImpl.invoke(NativeMethodAccessorImpl.java:62)
	at sun.reflect.DelegatingMethodAccessorImpl.invoke(DelegatingMethodAccessorImpl.java:43)
	at java.lang.reflect.Method.invoke(Method.java:498)
	at org.junit.runners.model.FrameworkMethod$1.runReflectiveCall(FrameworkMethod.java:50)
	at org.junit.internal.runners.model.ReflectiveCallable.run(ReflectiveCallable.java:12)
	at org.junit.runners.model.FrameworkMethod.invokeExplosively(FrameworkMethod.java:47)
	at org.junit.internal.runners.statements.InvokeMethod.evaluate(InvokeMethod.java:17)
	at org.junit.internal.runners.statements.RunAfters.evaluate(RunAfters.java:27)
	at org.junit.internal.runners.statements.FailOnTimeout$CallableStatement.call(FailOnTimeout.java:298)
	at org.junit.internal.runners.statements.FailOnTimeout$CallableStatement.call(FailOnTimeout.java:292)
	at java.util.concurrent.FutureTask.run(FutureTask.java:266)
	at java.lang.Thread.run(Thread.java:748)
2019-09-24 16:36:28,395 WARN  ratis.RaftTestUtil (JavaUtils.java:attempt(158)) - FAILED "waitForLeader-null-(expectLeader? true)", attempt #82/100: java.lang.IllegalStateException: No leader yet : printing ALL groups
  s0:  RUNNING  FOLLOWER s0@group-31A0E89A70DD:t5, leader=null, voted=s1, raftlog=s0@group-31A0E89A70DD-SegmentedRaftLog:OPENED:c-1,f-1,i0, conf=-1: [s0:0.0.0.0:43926, s1:0.0.0.0:41045, s2:0.0.0.0:43384], old=null RUNNING
  s1:  RUNNING CANDIDATE s1@group-31A0E89A70DD:t6, leader=null, voted=s1, raftlog=s1@group-31A0E89A70DD-SegmentedRaftLog:OPENED:c-1,f-1,i0, conf=-1: [s0:0.0.0.0:43926, s1:0.0.0.0:41045, s2:0.0.0.0:43384], old=null RUNNING
  s2:  RUNNING CANDIDATE s2@group-31A0E89A70DD:t6, leader=null, voted=s2, raftlog=s2@group-31A0E89A70DD-SegmentedRaftLog:OPENED:c-1,f-1,i0, conf=-1: [s0:0.0.0.0:43926, s1:0.0.0.0:41045, s2:0.0.0.0:43384], old=null RUNNING, sleep 450ms and then retry.
java.lang.IllegalStateException: No leader yet : printing ALL groups
  s0:  RUNNING  FOLLOWER s0@group-31A0E89A70DD:t5, leader=null, voted=s1, raftlog=s0@group-31A0E89A70DD-SegmentedRaftLog:OPENED:c-1,f-1,i0, conf=-1: [s0:0.0.0.0:43926, s1:0.0.0.0:41045, s2:0.0.0.0:43384], old=null RUNNING
  s1:  RUNNING CANDIDATE s1@group-31A0E89A70DD:t6, leader=null, voted=s1, raftlog=s1@group-31A0E89A70DD-SegmentedRaftLog:OPENED:c-1,f-1,i0, conf=-1: [s0:0.0.0.0:43926, s1:0.0.0.0:41045, s2:0.0.0.0:43384], old=null RUNNING
  s2:  RUNNING CANDIDATE s2@group-31A0E89A70DD:t6, leader=null, voted=s2, raftlog=s2@group-31A0E89A70DD-SegmentedRaftLog:OPENED:c-1,f-1,i0, conf=-1: [s0:0.0.0.0:43926, s1:0.0.0.0:41045, s2:0.0.0.0:43384], old=null RUNNING
	at org.apache.ratis.MiniRaftCluster.newIllegalStateExceptionForNoLeaders(MiniRaftCluster.java:506)
	at org.apache.ratis.RaftTestUtil.lambda$waitForLeader$1(RaftTestUtil.java:90)
	at org.apache.ratis.MiniRaftCluster.getLeader(MiniRaftCluster.java:539)
	at org.apache.ratis.MiniRaftCluster.getLeader(MiniRaftCluster.java:532)
	at org.apache.ratis.RaftTestUtil.lambda$waitForLeader$3(RaftTestUtil.java:98)
	at org.apache.ratis.util.JavaUtils.attempt(JavaUtils.java:152)
	at org.apache.ratis.RaftTestUtil.waitForLeader(RaftTestUtil.java:97)
	at org.apache.ratis.RaftTestUtil.waitForLeader(RaftTestUtil.java:77)
	at org.apache.ratis.RaftTestUtil.waitForLeader(RaftTestUtil.java:72)
	at org.apache.ratis.RetryCacheTests.runTestBasicRetry(RetryCacheTests.java:64)
	at org.apache.ratis.MiniRaftCluster$Factory$Get.runWithNewCluster(MiniRaftCluster.java:125)
	at org.apache.ratis.MiniRaftCluster$Factory$Get.runWithNewCluster(MiniRaftCluster.java:113)
	at org.apache.ratis.RetryCacheTests.testBasicRetry(RetryCacheTests.java:60)
	at sun.reflect.NativeMethodAccessorImpl.invoke0(Native Method)
	at sun.reflect.NativeMethodAccessorImpl.invoke(NativeMethodAccessorImpl.java:62)
	at sun.reflect.DelegatingMethodAccessorImpl.invoke(DelegatingMethodAccessorImpl.java:43)
	at java.lang.reflect.Method.invoke(Method.java:498)
	at org.junit.runners.model.FrameworkMethod$1.runReflectiveCall(FrameworkMethod.java:50)
	at org.junit.internal.runners.model.ReflectiveCallable.run(ReflectiveCallable.java:12)
	at org.junit.runners.model.FrameworkMethod.invokeExplosively(FrameworkMethod.java:47)
	at org.junit.internal.runners.statements.InvokeMethod.evaluate(InvokeMethod.java:17)
	at org.junit.internal.runners.statements.RunAfters.evaluate(RunAfters.java:27)
	at org.junit.internal.runners.statements.FailOnTimeout$CallableStatement.call(FailOnTimeout.java:298)
	at org.junit.internal.runners.statements.FailOnTimeout$CallableStatement.call(FailOnTimeout.java:292)
	at java.util.concurrent.FutureTask.run(FutureTask.java:266)
	at java.lang.Thread.run(Thread.java:748)
2019-09-24 16:36:28,848 WARN  ratis.RaftTestUtil (JavaUtils.java:attempt(158)) - FAILED "waitForLeader-null-(expectLeader? true)", attempt #83/100: java.lang.IllegalStateException: No leader yet : printing ALL groups
  s0:  RUNNING  FOLLOWER s0@group-31A0E89A70DD:t5, leader=null, voted=s1, raftlog=s0@group-31A0E89A70DD-SegmentedRaftLog:OPENED:c-1,f-1,i0, conf=-1: [s0:0.0.0.0:43926, s1:0.0.0.0:41045, s2:0.0.0.0:43384], old=null RUNNING
  s1:  RUNNING CANDIDATE s1@group-31A0E89A70DD:t6, leader=null, voted=s1, raftlog=s1@group-31A0E89A70DD-SegmentedRaftLog:OPENED:c-1,f-1,i0, conf=-1: [s0:0.0.0.0:43926, s1:0.0.0.0:41045, s2:0.0.0.0:43384], old=null RUNNING
  s2:  RUNNING CANDIDATE s2@group-31A0E89A70DD:t6, leader=null, voted=s2, raftlog=s2@group-31A0E89A70DD-SegmentedRaftLog:OPENED:c-1,f-1,i0, conf=-1: [s0:0.0.0.0:43926, s1:0.0.0.0:41045, s2:0.0.0.0:43384], old=null RUNNING, sleep 450ms and then retry.
java.lang.IllegalStateException: No leader yet : printing ALL groups
  s0:  RUNNING  FOLLOWER s0@group-31A0E89A70DD:t5, leader=null, voted=s1, raftlog=s0@group-31A0E89A70DD-SegmentedRaftLog:OPENED:c-1,f-1,i0, conf=-1: [s0:0.0.0.0:43926, s1:0.0.0.0:41045, s2:0.0.0.0:43384], old=null RUNNING
  s1:  RUNNING CANDIDATE s1@group-31A0E89A70DD:t6, leader=null, voted=s1, raftlog=s1@group-31A0E89A70DD-SegmentedRaftLog:OPENED:c-1,f-1,i0, conf=-1: [s0:0.0.0.0:43926, s1:0.0.0.0:41045, s2:0.0.0.0:43384], old=null RUNNING
  s2:  RUNNING CANDIDATE s2@group-31A0E89A70DD:t6, leader=null, voted=s2, raftlog=s2@group-31A0E89A70DD-SegmentedRaftLog:OPENED:c-1,f-1,i0, conf=-1: [s0:0.0.0.0:43926, s1:0.0.0.0:41045, s2:0.0.0.0:43384], old=null RUNNING
	at org.apache.ratis.MiniRaftCluster.newIllegalStateExceptionForNoLeaders(MiniRaftCluster.java:506)
	at org.apache.ratis.RaftTestUtil.lambda$waitForLeader$1(RaftTestUtil.java:90)
	at org.apache.ratis.MiniRaftCluster.getLeader(MiniRaftCluster.java:539)
	at org.apache.ratis.MiniRaftCluster.getLeader(MiniRaftCluster.java:532)
	at org.apache.ratis.RaftTestUtil.lambda$waitForLeader$3(RaftTestUtil.java:98)
	at org.apache.ratis.util.JavaUtils.attempt(JavaUtils.java:152)
	at org.apache.ratis.RaftTestUtil.waitForLeader(RaftTestUtil.java:97)
	at org.apache.ratis.RaftTestUtil.waitForLeader(RaftTestUtil.java:77)
	at org.apache.ratis.RaftTestUtil.waitForLeader(RaftTestUtil.java:72)
	at org.apache.ratis.RetryCacheTests.runTestBasicRetry(RetryCacheTests.java:64)
	at org.apache.ratis.MiniRaftCluster$Factory$Get.runWithNewCluster(MiniRaftCluster.java:125)
	at org.apache.ratis.MiniRaftCluster$Factory$Get.runWithNewCluster(MiniRaftCluster.java:113)
	at org.apache.ratis.RetryCacheTests.testBasicRetry(RetryCacheTests.java:60)
	at sun.reflect.NativeMethodAccessorImpl.invoke0(Native Method)
	at sun.reflect.NativeMethodAccessorImpl.invoke(NativeMethodAccessorImpl.java:62)
	at sun.reflect.DelegatingMethodAccessorImpl.invoke(DelegatingMethodAccessorImpl.java:43)
	at java.lang.reflect.Method.invoke(Method.java:498)
	at org.junit.runners.model.FrameworkMethod$1.runReflectiveCall(FrameworkMethod.java:50)
	at org.junit.internal.runners.model.ReflectiveCallable.run(ReflectiveCallable.java:12)
	at org.junit.runners.model.FrameworkMethod.invokeExplosively(FrameworkMethod.java:47)
	at org.junit.internal.runners.statements.InvokeMethod.evaluate(InvokeMethod.java:17)
	at org.junit.internal.runners.statements.RunAfters.evaluate(RunAfters.java:27)
	at org.junit.internal.runners.statements.FailOnTimeout$CallableStatement.call(FailOnTimeout.java:298)
	at org.junit.internal.runners.statements.FailOnTimeout$CallableStatement.call(FailOnTimeout.java:292)
	at java.util.concurrent.FutureTask.run(FutureTask.java:266)
	at java.lang.Thread.run(Thread.java:748)
2019-09-24 16:36:29,300 WARN  ratis.RaftTestUtil (JavaUtils.java:attempt(158)) - FAILED "waitForLeader-null-(expectLeader? true)", attempt #84/100: java.lang.IllegalStateException: No leader yet : printing ALL groups
  s0:  RUNNING  FOLLOWER s0@group-31A0E89A70DD:t5, leader=null, voted=s1, raftlog=s0@group-31A0E89A70DD-SegmentedRaftLog:OPENED:c-1,f-1,i0, conf=-1: [s0:0.0.0.0:43926, s1:0.0.0.0:41045, s2:0.0.0.0:43384], old=null RUNNING
  s1:  RUNNING CANDIDATE s1@group-31A0E89A70DD:t6, leader=null, voted=s1, raftlog=s1@group-31A0E89A70DD-SegmentedRaftLog:OPENED:c-1,f-1,i0, conf=-1: [s0:0.0.0.0:43926, s1:0.0.0.0:41045, s2:0.0.0.0:43384], old=null RUNNING
  s2:  RUNNING CANDIDATE s2@group-31A0E89A70DD:t6, leader=null, voted=s2, raftlog=s2@group-31A0E89A70DD-SegmentedRaftLog:OPENED:c-1,f-1,i0, conf=-1: [s0:0.0.0.0:43926, s1:0.0.0.0:41045, s2:0.0.0.0:43384], old=null RUNNING, sleep 450ms and then retry.
java.lang.IllegalStateException: No leader yet : printing ALL groups
  s0:  RUNNING  FOLLOWER s0@group-31A0E89A70DD:t5, leader=null, voted=s1, raftlog=s0@group-31A0E89A70DD-SegmentedRaftLog:OPENED:c-1,f-1,i0, conf=-1: [s0:0.0.0.0:43926, s1:0.0.0.0:41045, s2:0.0.0.0:43384], old=null RUNNING
  s1:  RUNNING CANDIDATE s1@group-31A0E89A70DD:t6, leader=null, voted=s1, raftlog=s1@group-31A0E89A70DD-SegmentedRaftLog:OPENED:c-1,f-1,i0, conf=-1: [s0:0.0.0.0:43926, s1:0.0.0.0:41045, s2:0.0.0.0:43384], old=null RUNNING
  s2:  RUNNING CANDIDATE s2@group-31A0E89A70DD:t6, leader=null, voted=s2, raftlog=s2@group-31A0E89A70DD-SegmentedRaftLog:OPENED:c-1,f-1,i0, conf=-1: [s0:0.0.0.0:43926, s1:0.0.0.0:41045, s2:0.0.0.0:43384], old=null RUNNING
	at org.apache.ratis.MiniRaftCluster.newIllegalStateExceptionForNoLeaders(MiniRaftCluster.java:506)
	at org.apache.ratis.RaftTestUtil.lambda$waitForLeader$1(RaftTestUtil.java:90)
	at org.apache.ratis.MiniRaftCluster.getLeader(MiniRaftCluster.java:539)
	at org.apache.ratis.MiniRaftCluster.getLeader(MiniRaftCluster.java:532)
	at org.apache.ratis.RaftTestUtil.lambda$waitForLeader$3(RaftTestUtil.java:98)
	at org.apache.ratis.util.JavaUtils.attempt(JavaUtils.java:152)
	at org.apache.ratis.RaftTestUtil.waitForLeader(RaftTestUtil.java:97)
	at org.apache.ratis.RaftTestUtil.waitForLeader(RaftTestUtil.java:77)
	at org.apache.ratis.RaftTestUtil.waitForLeader(RaftTestUtil.java:72)
	at org.apache.ratis.RetryCacheTests.runTestBasicRetry(RetryCacheTests.java:64)
	at org.apache.ratis.MiniRaftCluster$Factory$Get.runWithNewCluster(MiniRaftCluster.java:125)
	at org.apache.ratis.MiniRaftCluster$Factory$Get.runWithNewCluster(MiniRaftCluster.java:113)
	at org.apache.ratis.RetryCacheTests.testBasicRetry(RetryCacheTests.java:60)
	at sun.reflect.NativeMethodAccessorImpl.invoke0(Native Method)
	at sun.reflect.NativeMethodAccessorImpl.invoke(NativeMethodAccessorImpl.java:62)
	at sun.reflect.DelegatingMethodAccessorImpl.invoke(DelegatingMethodAccessorImpl.java:43)
	at java.lang.reflect.Method.invoke(Method.java:498)
	at org.junit.runners.model.FrameworkMethod$1.runReflectiveCall(FrameworkMethod.java:50)
	at org.junit.internal.runners.model.ReflectiveCallable.run(ReflectiveCallable.java:12)
	at org.junit.runners.model.FrameworkMethod.invokeExplosively(FrameworkMethod.java:47)
	at org.junit.internal.runners.statements.InvokeMethod.evaluate(InvokeMethod.java:17)
	at org.junit.internal.runners.statements.RunAfters.evaluate(RunAfters.java:27)
	at org.junit.internal.runners.statements.FailOnTimeout$CallableStatement.call(FailOnTimeout.java:298)
	at org.junit.internal.runners.statements.FailOnTimeout$CallableStatement.call(FailOnTimeout.java:292)
	at java.util.concurrent.FutureTask.run(FutureTask.java:266)
	at java.lang.Thread.run(Thread.java:748)
2019-09-24 16:36:29,752 WARN  ratis.RaftTestUtil (JavaUtils.java:attempt(158)) - FAILED "waitForLeader-null-(expectLeader? true)", attempt #85/100: java.lang.IllegalStateException: No leader yet : printing ALL groups
  s0:  RUNNING  FOLLOWER s0@group-31A0E89A70DD:t5, leader=null, voted=s1, raftlog=s0@group-31A0E89A70DD-SegmentedRaftLog:OPENED:c-1,f-1,i0, conf=-1: [s0:0.0.0.0:43926, s1:0.0.0.0:41045, s2:0.0.0.0:43384], old=null RUNNING
  s1:  RUNNING CANDIDATE s1@group-31A0E89A70DD:t6, leader=null, voted=s1, raftlog=s1@group-31A0E89A70DD-SegmentedRaftLog:OPENED:c-1,f-1,i0, conf=-1: [s0:0.0.0.0:43926, s1:0.0.0.0:41045, s2:0.0.0.0:43384], old=null RUNNING
  s2:  RUNNING CANDIDATE s2@group-31A0E89A70DD:t6, leader=null, voted=s2, raftlog=s2@group-31A0E89A70DD-SegmentedRaftLog:OPENED:c-1,f-1,i0, conf=-1: [s0:0.0.0.0:43926, s1:0.0.0.0:41045, s2:0.0.0.0:43384], old=null RUNNING, sleep 450ms and then retry.
java.lang.IllegalStateException: No leader yet : printing ALL groups
  s0:  RUNNING  FOLLOWER s0@group-31A0E89A70DD:t5, leader=null, voted=s1, raftlog=s0@group-31A0E89A70DD-SegmentedRaftLog:OPENED:c-1,f-1,i0, conf=-1: [s0:0.0.0.0:43926, s1:0.0.0.0:41045, s2:0.0.0.0:43384], old=null RUNNING
  s1:  RUNNING CANDIDATE s1@group-31A0E89A70DD:t6, leader=null, voted=s1, raftlog=s1@group-31A0E89A70DD-SegmentedRaftLog:OPENED:c-1,f-1,i0, conf=-1: [s0:0.0.0.0:43926, s1:0.0.0.0:41045, s2:0.0.0.0:43384], old=null RUNNING
  s2:  RUNNING CANDIDATE s2@group-31A0E89A70DD:t6, leader=null, voted=s2, raftlog=s2@group-31A0E89A70DD-SegmentedRaftLog:OPENED:c-1,f-1,i0, conf=-1: [s0:0.0.0.0:43926, s1:0.0.0.0:41045, s2:0.0.0.0:43384], old=null RUNNING
	at org.apache.ratis.MiniRaftCluster.newIllegalStateExceptionForNoLeaders(MiniRaftCluster.java:506)
	at org.apache.ratis.RaftTestUtil.lambda$waitForLeader$1(RaftTestUtil.java:90)
	at org.apache.ratis.MiniRaftCluster.getLeader(MiniRaftCluster.java:539)
	at org.apache.ratis.MiniRaftCluster.getLeader(MiniRaftCluster.java:532)
	at org.apache.ratis.RaftTestUtil.lambda$waitForLeader$3(RaftTestUtil.java:98)
	at org.apache.ratis.util.JavaUtils.attempt(JavaUtils.java:152)
	at org.apache.ratis.RaftTestUtil.waitForLeader(RaftTestUtil.java:97)
	at org.apache.ratis.RaftTestUtil.waitForLeader(RaftTestUtil.java:77)
	at org.apache.ratis.RaftTestUtil.waitForLeader(RaftTestUtil.java:72)
	at org.apache.ratis.RetryCacheTests.runTestBasicRetry(RetryCacheTests.java:64)
	at org.apache.ratis.MiniRaftCluster$Factory$Get.runWithNewCluster(MiniRaftCluster.java:125)
	at org.apache.ratis.MiniRaftCluster$Factory$Get.runWithNewCluster(MiniRaftCluster.java:113)
	at org.apache.ratis.RetryCacheTests.testBasicRetry(RetryCacheTests.java:60)
	at sun.reflect.NativeMethodAccessorImpl.invoke0(Native Method)
	at sun.reflect.NativeMethodAccessorImpl.invoke(NativeMethodAccessorImpl.java:62)
	at sun.reflect.DelegatingMethodAccessorImpl.invoke(DelegatingMethodAccessorImpl.java:43)
	at java.lang.reflect.Method.invoke(Method.java:498)
	at org.junit.runners.model.FrameworkMethod$1.runReflectiveCall(FrameworkMethod.java:50)
	at org.junit.internal.runners.model.ReflectiveCallable.run(ReflectiveCallable.java:12)
	at org.junit.runners.model.FrameworkMethod.invokeExplosively(FrameworkMethod.java:47)
	at org.junit.internal.runners.statements.InvokeMethod.evaluate(InvokeMethod.java:17)
	at org.junit.internal.runners.statements.RunAfters.evaluate(RunAfters.java:27)
	at org.junit.internal.runners.statements.FailOnTimeout$CallableStatement.call(FailOnTimeout.java:298)
	at org.junit.internal.runners.statements.FailOnTimeout$CallableStatement.call(FailOnTimeout.java:292)
	at java.util.concurrent.FutureTask.run(FutureTask.java:266)
	at java.lang.Thread.run(Thread.java:748)
2019-09-24 16:36:30,204 WARN  ratis.RaftTestUtil (JavaUtils.java:attempt(158)) - FAILED "waitForLeader-null-(expectLeader? true)", attempt #86/100: java.lang.IllegalStateException: No leader yet : printing ALL groups
  s0:  RUNNING  FOLLOWER s0@group-31A0E89A70DD:t5, leader=null, voted=s1, raftlog=s0@group-31A0E89A70DD-SegmentedRaftLog:OPENED:c-1,f-1,i0, conf=-1: [s0:0.0.0.0:43926, s1:0.0.0.0:41045, s2:0.0.0.0:43384], old=null RUNNING
  s1:  RUNNING CANDIDATE s1@group-31A0E89A70DD:t6, leader=null, voted=s1, raftlog=s1@group-31A0E89A70DD-SegmentedRaftLog:OPENED:c-1,f-1,i0, conf=-1: [s0:0.0.0.0:43926, s1:0.0.0.0:41045, s2:0.0.0.0:43384], old=null RUNNING
  s2:  RUNNING CANDIDATE s2@group-31A0E89A70DD:t6, leader=null, voted=s2, raftlog=s2@group-31A0E89A70DD-SegmentedRaftLog:OPENED:c-1,f-1,i0, conf=-1: [s0:0.0.0.0:43926, s1:0.0.0.0:41045, s2:0.0.0.0:43384], old=null RUNNING, sleep 450ms and then retry.
java.lang.IllegalStateException: No leader yet : printing ALL groups
  s0:  RUNNING  FOLLOWER s0@group-31A0E89A70DD:t5, leader=null, voted=s1, raftlog=s0@group-31A0E89A70DD-SegmentedRaftLog:OPENED:c-1,f-1,i0, conf=-1: [s0:0.0.0.0:43926, s1:0.0.0.0:41045, s2:0.0.0.0:43384], old=null RUNNING
  s1:  RUNNING CANDIDATE s1@group-31A0E89A70DD:t6, leader=null, voted=s1, raftlog=s1@group-31A0E89A70DD-SegmentedRaftLog:OPENED:c-1,f-1,i0, conf=-1: [s0:0.0.0.0:43926, s1:0.0.0.0:41045, s2:0.0.0.0:43384], old=null RUNNING
  s2:  RUNNING CANDIDATE s2@group-31A0E89A70DD:t6, leader=null, voted=s2, raftlog=s2@group-31A0E89A70DD-SegmentedRaftLog:OPENED:c-1,f-1,i0, conf=-1: [s0:0.0.0.0:43926, s1:0.0.0.0:41045, s2:0.0.0.0:43384], old=null RUNNING
	at org.apache.ratis.MiniRaftCluster.newIllegalStateExceptionForNoLeaders(MiniRaftCluster.java:506)
	at org.apache.ratis.RaftTestUtil.lambda$waitForLeader$1(RaftTestUtil.java:90)
	at org.apache.ratis.MiniRaftCluster.getLeader(MiniRaftCluster.java:539)
	at org.apache.ratis.MiniRaftCluster.getLeader(MiniRaftCluster.java:532)
	at org.apache.ratis.RaftTestUtil.lambda$waitForLeader$3(RaftTestUtil.java:98)
	at org.apache.ratis.util.JavaUtils.attempt(JavaUtils.java:152)
	at org.apache.ratis.RaftTestUtil.waitForLeader(RaftTestUtil.java:97)
	at org.apache.ratis.RaftTestUtil.waitForLeader(RaftTestUtil.java:77)
	at org.apache.ratis.RaftTestUtil.waitForLeader(RaftTestUtil.java:72)
	at org.apache.ratis.RetryCacheTests.runTestBasicRetry(RetryCacheTests.java:64)
	at org.apache.ratis.MiniRaftCluster$Factory$Get.runWithNewCluster(MiniRaftCluster.java:125)
	at org.apache.ratis.MiniRaftCluster$Factory$Get.runWithNewCluster(MiniRaftCluster.java:113)
	at org.apache.ratis.RetryCacheTests.testBasicRetry(RetryCacheTests.java:60)
	at sun.reflect.NativeMethodAccessorImpl.invoke0(Native Method)
	at sun.reflect.NativeMethodAccessorImpl.invoke(NativeMethodAccessorImpl.java:62)
	at sun.reflect.DelegatingMethodAccessorImpl.invoke(DelegatingMethodAccessorImpl.java:43)
	at java.lang.reflect.Method.invoke(Method.java:498)
	at org.junit.runners.model.FrameworkMethod$1.runReflectiveCall(FrameworkMethod.java:50)
	at org.junit.internal.runners.model.ReflectiveCallable.run(ReflectiveCallable.java:12)
	at org.junit.runners.model.FrameworkMethod.invokeExplosively(FrameworkMethod.java:47)
	at org.junit.internal.runners.statements.InvokeMethod.evaluate(InvokeMethod.java:17)
	at org.junit.internal.runners.statements.RunAfters.evaluate(RunAfters.java:27)
	at org.junit.internal.runners.statements.FailOnTimeout$CallableStatement.call(FailOnTimeout.java:298)
	at org.junit.internal.runners.statements.FailOnTimeout$CallableStatement.call(FailOnTimeout.java:292)
	at java.util.concurrent.FutureTask.run(FutureTask.java:266)
	at java.lang.Thread.run(Thread.java:748)
2019-09-24 16:36:30,656 WARN  ratis.RaftTestUtil (JavaUtils.java:attempt(158)) - FAILED "waitForLeader-null-(expectLeader? true)", attempt #87/100: java.lang.IllegalStateException: No leader yet : printing ALL groups
  s0:  RUNNING  FOLLOWER s0@group-31A0E89A70DD:t5, leader=null, voted=s1, raftlog=s0@group-31A0E89A70DD-SegmentedRaftLog:OPENED:c-1,f-1,i0, conf=-1: [s0:0.0.0.0:43926, s1:0.0.0.0:41045, s2:0.0.0.0:43384], old=null RUNNING
  s1:  RUNNING CANDIDATE s1@group-31A0E89A70DD:t6, leader=null, voted=s1, raftlog=s1@group-31A0E89A70DD-SegmentedRaftLog:OPENED:c-1,f-1,i0, conf=-1: [s0:0.0.0.0:43926, s1:0.0.0.0:41045, s2:0.0.0.0:43384], old=null RUNNING
  s2:  RUNNING CANDIDATE s2@group-31A0E89A70DD:t6, leader=null, voted=s2, raftlog=s2@group-31A0E89A70DD-SegmentedRaftLog:OPENED:c-1,f-1,i0, conf=-1: [s0:0.0.0.0:43926, s1:0.0.0.0:41045, s2:0.0.0.0:43384], old=null RUNNING, sleep 450ms and then retry.
java.lang.IllegalStateException: No leader yet : printing ALL groups
  s0:  RUNNING  FOLLOWER s0@group-31A0E89A70DD:t5, leader=null, voted=s1, raftlog=s0@group-31A0E89A70DD-SegmentedRaftLog:OPENED:c-1,f-1,i0, conf=-1: [s0:0.0.0.0:43926, s1:0.0.0.0:41045, s2:0.0.0.0:43384], old=null RUNNING
  s1:  RUNNING CANDIDATE s1@group-31A0E89A70DD:t6, leader=null, voted=s1, raftlog=s1@group-31A0E89A70DD-SegmentedRaftLog:OPENED:c-1,f-1,i0, conf=-1: [s0:0.0.0.0:43926, s1:0.0.0.0:41045, s2:0.0.0.0:43384], old=null RUNNING
  s2:  RUNNING CANDIDATE s2@group-31A0E89A70DD:t6, leader=null, voted=s2, raftlog=s2@group-31A0E89A70DD-SegmentedRaftLog:OPENED:c-1,f-1,i0, conf=-1: [s0:0.0.0.0:43926, s1:0.0.0.0:41045, s2:0.0.0.0:43384], old=null RUNNING
	at org.apache.ratis.MiniRaftCluster.newIllegalStateExceptionForNoLeaders(MiniRaftCluster.java:506)
	at org.apache.ratis.RaftTestUtil.lambda$waitForLeader$1(RaftTestUtil.java:90)
	at org.apache.ratis.MiniRaftCluster.getLeader(MiniRaftCluster.java:539)
	at org.apache.ratis.MiniRaftCluster.getLeader(MiniRaftCluster.java:532)
	at org.apache.ratis.RaftTestUtil.lambda$waitForLeader$3(RaftTestUtil.java:98)
	at org.apache.ratis.util.JavaUtils.attempt(JavaUtils.java:152)
	at org.apache.ratis.RaftTestUtil.waitForLeader(RaftTestUtil.java:97)
	at org.apache.ratis.RaftTestUtil.waitForLeader(RaftTestUtil.java:77)
	at org.apache.ratis.RaftTestUtil.waitForLeader(RaftTestUtil.java:72)
	at org.apache.ratis.RetryCacheTests.runTestBasicRetry(RetryCacheTests.java:64)
	at org.apache.ratis.MiniRaftCluster$Factory$Get.runWithNewCluster(MiniRaftCluster.java:125)
	at org.apache.ratis.MiniRaftCluster$Factory$Get.runWithNewCluster(MiniRaftCluster.java:113)
	at org.apache.ratis.RetryCacheTests.testBasicRetry(RetryCacheTests.java:60)
	at sun.reflect.NativeMethodAccessorImpl.invoke0(Native Method)
	at sun.reflect.NativeMethodAccessorImpl.invoke(NativeMethodAccessorImpl.java:62)
	at sun.reflect.DelegatingMethodAccessorImpl.invoke(DelegatingMethodAccessorImpl.java:43)
	at java.lang.reflect.Method.invoke(Method.java:498)
	at org.junit.runners.model.FrameworkMethod$1.runReflectiveCall(FrameworkMethod.java:50)
	at org.junit.internal.runners.model.ReflectiveCallable.run(ReflectiveCallable.java:12)
	at org.junit.runners.model.FrameworkMethod.invokeExplosively(FrameworkMethod.java:47)
	at org.junit.internal.runners.statements.InvokeMethod.evaluate(InvokeMethod.java:17)
	at org.junit.internal.runners.statements.RunAfters.evaluate(RunAfters.java:27)
	at org.junit.internal.runners.statements.FailOnTimeout$CallableStatement.call(FailOnTimeout.java:298)
	at org.junit.internal.runners.statements.FailOnTimeout$CallableStatement.call(FailOnTimeout.java:292)
	at java.util.concurrent.FutureTask.run(FutureTask.java:266)
	at java.lang.Thread.run(Thread.java:748)
2019-09-24 16:36:31,107 WARN  ratis.RaftTestUtil (JavaUtils.java:attempt(158)) - FAILED "waitForLeader-null-(expectLeader? true)", attempt #88/100: java.lang.IllegalStateException: No leader yet : printing ALL groups
  s0:  RUNNING  FOLLOWER s0@group-31A0E89A70DD:t5, leader=null, voted=s1, raftlog=s0@group-31A0E89A70DD-SegmentedRaftLog:OPENED:c-1,f-1,i0, conf=-1: [s0:0.0.0.0:43926, s1:0.0.0.0:41045, s2:0.0.0.0:43384], old=null RUNNING
  s1:  RUNNING CANDIDATE s1@group-31A0E89A70DD:t6, leader=null, voted=s1, raftlog=s1@group-31A0E89A70DD-SegmentedRaftLog:OPENED:c-1,f-1,i0, conf=-1: [s0:0.0.0.0:43926, s1:0.0.0.0:41045, s2:0.0.0.0:43384], old=null RUNNING
  s2:  RUNNING CANDIDATE s2@group-31A0E89A70DD:t6, leader=null, voted=s2, raftlog=s2@group-31A0E89A70DD-SegmentedRaftLog:OPENED:c-1,f-1,i0, conf=-1: [s0:0.0.0.0:43926, s1:0.0.0.0:41045, s2:0.0.0.0:43384], old=null RUNNING, sleep 450ms and then retry.
java.lang.IllegalStateException: No leader yet : printing ALL groups
  s0:  RUNNING  FOLLOWER s0@group-31A0E89A70DD:t5, leader=null, voted=s1, raftlog=s0@group-31A0E89A70DD-SegmentedRaftLog:OPENED:c-1,f-1,i0, conf=-1: [s0:0.0.0.0:43926, s1:0.0.0.0:41045, s2:0.0.0.0:43384], old=null RUNNING
  s1:  RUNNING CANDIDATE s1@group-31A0E89A70DD:t6, leader=null, voted=s1, raftlog=s1@group-31A0E89A70DD-SegmentedRaftLog:OPENED:c-1,f-1,i0, conf=-1: [s0:0.0.0.0:43926, s1:0.0.0.0:41045, s2:0.0.0.0:43384], old=null RUNNING
  s2:  RUNNING CANDIDATE s2@group-31A0E89A70DD:t6, leader=null, voted=s2, raftlog=s2@group-31A0E89A70DD-SegmentedRaftLog:OPENED:c-1,f-1,i0, conf=-1: [s0:0.0.0.0:43926, s1:0.0.0.0:41045, s2:0.0.0.0:43384], old=null RUNNING
	at org.apache.ratis.MiniRaftCluster.newIllegalStateExceptionForNoLeaders(MiniRaftCluster.java:506)
	at org.apache.ratis.RaftTestUtil.lambda$waitForLeader$1(RaftTestUtil.java:90)
	at org.apache.ratis.MiniRaftCluster.getLeader(MiniRaftCluster.java:539)
	at org.apache.ratis.MiniRaftCluster.getLeader(MiniRaftCluster.java:532)
	at org.apache.ratis.RaftTestUtil.lambda$waitForLeader$3(RaftTestUtil.java:98)
	at org.apache.ratis.util.JavaUtils.attempt(JavaUtils.java:152)
	at org.apache.ratis.RaftTestUtil.waitForLeader(RaftTestUtil.java:97)
	at org.apache.ratis.RaftTestUtil.waitForLeader(RaftTestUtil.java:77)
	at org.apache.ratis.RaftTestUtil.waitForLeader(RaftTestUtil.java:72)
	at org.apache.ratis.RetryCacheTests.runTestBasicRetry(RetryCacheTests.java:64)
	at org.apache.ratis.MiniRaftCluster$Factory$Get.runWithNewCluster(MiniRaftCluster.java:125)
	at org.apache.ratis.MiniRaftCluster$Factory$Get.runWithNewCluster(MiniRaftCluster.java:113)
	at org.apache.ratis.RetryCacheTests.testBasicRetry(RetryCacheTests.java:60)
	at sun.reflect.NativeMethodAccessorImpl.invoke0(Native Method)
	at sun.reflect.NativeMethodAccessorImpl.invoke(NativeMethodAccessorImpl.java:62)
	at sun.reflect.DelegatingMethodAccessorImpl.invoke(DelegatingMethodAccessorImpl.java:43)
	at java.lang.reflect.Method.invoke(Method.java:498)
	at org.junit.runners.model.FrameworkMethod$1.runReflectiveCall(FrameworkMethod.java:50)
	at org.junit.internal.runners.model.ReflectiveCallable.run(ReflectiveCallable.java:12)
	at org.junit.runners.model.FrameworkMethod.invokeExplosively(FrameworkMethod.java:47)
	at org.junit.internal.runners.statements.InvokeMethod.evaluate(InvokeMethod.java:17)
	at org.junit.internal.runners.statements.RunAfters.evaluate(RunAfters.java:27)
	at org.junit.internal.runners.statements.FailOnTimeout$CallableStatement.call(FailOnTimeout.java:298)
	at org.junit.internal.runners.statements.FailOnTimeout$CallableStatement.call(FailOnTimeout.java:292)
	at java.util.concurrent.FutureTask.run(FutureTask.java:266)
	at java.lang.Thread.run(Thread.java:748)
2019-09-24 16:36:31,559 WARN  ratis.RaftTestUtil (JavaUtils.java:attempt(158)) - FAILED "waitForLeader-null-(expectLeader? true)", attempt #89/100: java.lang.IllegalStateException: No leader yet : printing ALL groups
  s0:  RUNNING  FOLLOWER s0@group-31A0E89A70DD:t5, leader=null, voted=s1, raftlog=s0@group-31A0E89A70DD-SegmentedRaftLog:OPENED:c-1,f-1,i0, conf=-1: [s0:0.0.0.0:43926, s1:0.0.0.0:41045, s2:0.0.0.0:43384], old=null RUNNING
  s1:  RUNNING CANDIDATE s1@group-31A0E89A70DD:t6, leader=null, voted=s1, raftlog=s1@group-31A0E89A70DD-SegmentedRaftLog:OPENED:c-1,f-1,i0, conf=-1: [s0:0.0.0.0:43926, s1:0.0.0.0:41045, s2:0.0.0.0:43384], old=null RUNNING
  s2:  RUNNING CANDIDATE s2@group-31A0E89A70DD:t6, leader=null, voted=s2, raftlog=s2@group-31A0E89A70DD-SegmentedRaftLog:OPENED:c-1,f-1,i0, conf=-1: [s0:0.0.0.0:43926, s1:0.0.0.0:41045, s2:0.0.0.0:43384], old=null RUNNING, sleep 450ms and then retry.
java.lang.IllegalStateException: No leader yet : printing ALL groups
  s0:  RUNNING  FOLLOWER s0@group-31A0E89A70DD:t5, leader=null, voted=s1, raftlog=s0@group-31A0E89A70DD-SegmentedRaftLog:OPENED:c-1,f-1,i0, conf=-1: [s0:0.0.0.0:43926, s1:0.0.0.0:41045, s2:0.0.0.0:43384], old=null RUNNING
  s1:  RUNNING CANDIDATE s1@group-31A0E89A70DD:t6, leader=null, voted=s1, raftlog=s1@group-31A0E89A70DD-SegmentedRaftLog:OPENED:c-1,f-1,i0, conf=-1: [s0:0.0.0.0:43926, s1:0.0.0.0:41045, s2:0.0.0.0:43384], old=null RUNNING
  s2:  RUNNING CANDIDATE s2@group-31A0E89A70DD:t6, leader=null, voted=s2, raftlog=s2@group-31A0E89A70DD-SegmentedRaftLog:OPENED:c-1,f-1,i0, conf=-1: [s0:0.0.0.0:43926, s1:0.0.0.0:41045, s2:0.0.0.0:43384], old=null RUNNING
	at org.apache.ratis.MiniRaftCluster.newIllegalStateExceptionForNoLeaders(MiniRaftCluster.java:506)
	at org.apache.ratis.RaftTestUtil.lambda$waitForLeader$1(RaftTestUtil.java:90)
	at org.apache.ratis.MiniRaftCluster.getLeader(MiniRaftCluster.java:539)
	at org.apache.ratis.MiniRaftCluster.getLeader(MiniRaftCluster.java:532)
	at org.apache.ratis.RaftTestUtil.lambda$waitForLeader$3(RaftTestUtil.java:98)
	at org.apache.ratis.util.JavaUtils.attempt(JavaUtils.java:152)
	at org.apache.ratis.RaftTestUtil.waitForLeader(RaftTestUtil.java:97)
	at org.apache.ratis.RaftTestUtil.waitForLeader(RaftTestUtil.java:77)
	at org.apache.ratis.RaftTestUtil.waitForLeader(RaftTestUtil.java:72)
	at org.apache.ratis.RetryCacheTests.runTestBasicRetry(RetryCacheTests.java:64)
	at org.apache.ratis.MiniRaftCluster$Factory$Get.runWithNewCluster(MiniRaftCluster.java:125)
	at org.apache.ratis.MiniRaftCluster$Factory$Get.runWithNewCluster(MiniRaftCluster.java:113)
	at org.apache.ratis.RetryCacheTests.testBasicRetry(RetryCacheTests.java:60)
	at sun.reflect.NativeMethodAccessorImpl.invoke0(Native Method)
	at sun.reflect.NativeMethodAccessorImpl.invoke(NativeMethodAccessorImpl.java:62)
	at sun.reflect.DelegatingMethodAccessorImpl.invoke(DelegatingMethodAccessorImpl.java:43)
	at java.lang.reflect.Method.invoke(Method.java:498)
	at org.junit.runners.model.FrameworkMethod$1.runReflectiveCall(FrameworkMethod.java:50)
	at org.junit.internal.runners.model.ReflectiveCallable.run(ReflectiveCallable.java:12)
	at org.junit.runners.model.FrameworkMethod.invokeExplosively(FrameworkMethod.java:47)
	at org.junit.internal.runners.statements.InvokeMethod.evaluate(InvokeMethod.java:17)
	at org.junit.internal.runners.statements.RunAfters.evaluate(RunAfters.java:27)
	at org.junit.internal.runners.statements.FailOnTimeout$CallableStatement.call(FailOnTimeout.java:298)
	at org.junit.internal.runners.statements.FailOnTimeout$CallableStatement.call(FailOnTimeout.java:292)
	at java.util.concurrent.FutureTask.run(FutureTask.java:266)
	at java.lang.Thread.run(Thread.java:748)
2019-09-24 16:36:31,768 INFO  ratis.MiniRaftCluster (MiniRaftCluster.java:lambda$null$5(297)) - TIMED-PRINT: printing ALL groups
  s0:  RUNNING  FOLLOWER s0@group-31A0E89A70DD:t5, leader=null, voted=s1, raftlog=s0@group-31A0E89A70DD-SegmentedRaftLog:OPENED:c-1,f-1,i0, conf=-1: [s0:0.0.0.0:43926, s1:0.0.0.0:41045, s2:0.0.0.0:43384], old=null RUNNING
  s1:  RUNNING CANDIDATE s1@group-31A0E89A70DD:t6, leader=null, voted=s1, raftlog=s1@group-31A0E89A70DD-SegmentedRaftLog:OPENED:c-1,f-1,i0, conf=-1: [s0:0.0.0.0:43926, s1:0.0.0.0:41045, s2:0.0.0.0:43384], old=null RUNNING
  s2:  RUNNING CANDIDATE s2@group-31A0E89A70DD:t6, leader=null, voted=s2, raftlog=s2@group-31A0E89A70DD-SegmentedRaftLog:OPENED:c-1,f-1,i0, conf=-1: [s0:0.0.0.0:43926, s1:0.0.0.0:41045, s2:0.0.0.0:43384], old=null RUNNING
2019-09-24 16:36:32,010 WARN  ratis.RaftTestUtil (JavaUtils.java:attempt(158)) - FAILED "waitForLeader-null-(expectLeader? true)", attempt #90/100: java.lang.IllegalStateException: No leader yet : printing ALL groups
  s0:  RUNNING  FOLLOWER s0@group-31A0E89A70DD:t5, leader=null, voted=s1, raftlog=s0@group-31A0E89A70DD-SegmentedRaftLog:OPENED:c-1,f-1,i0, conf=-1: [s0:0.0.0.0:43926, s1:0.0.0.0:41045, s2:0.0.0.0:43384], old=null RUNNING
  s1:  RUNNING CANDIDATE s1@group-31A0E89A70DD:t6, leader=null, voted=s1, raftlog=s1@group-31A0E89A70DD-SegmentedRaftLog:OPENED:c-1,f-1,i0, conf=-1: [s0:0.0.0.0:43926, s1:0.0.0.0:41045, s2:0.0.0.0:43384], old=null RUNNING
  s2:  RUNNING CANDIDATE s2@group-31A0E89A70DD:t6, leader=null, voted=s2, raftlog=s2@group-31A0E89A70DD-SegmentedRaftLog:OPENED:c-1,f-1,i0, conf=-1: [s0:0.0.0.0:43926, s1:0.0.0.0:41045, s2:0.0.0.0:43384], old=null RUNNING, sleep 450ms and then retry.
java.lang.IllegalStateException: No leader yet : printing ALL groups
  s0:  RUNNING  FOLLOWER s0@group-31A0E89A70DD:t5, leader=null, voted=s1, raftlog=s0@group-31A0E89A70DD-SegmentedRaftLog:OPENED:c-1,f-1,i0, conf=-1: [s0:0.0.0.0:43926, s1:0.0.0.0:41045, s2:0.0.0.0:43384], old=null RUNNING
  s1:  RUNNING CANDIDATE s1@group-31A0E89A70DD:t6, leader=null, voted=s1, raftlog=s1@group-31A0E89A70DD-SegmentedRaftLog:OPENED:c-1,f-1,i0, conf=-1: [s0:0.0.0.0:43926, s1:0.0.0.0:41045, s2:0.0.0.0:43384], old=null RUNNING
  s2:  RUNNING CANDIDATE s2@group-31A0E89A70DD:t6, leader=null, voted=s2, raftlog=s2@group-31A0E89A70DD-SegmentedRaftLog:OPENED:c-1,f-1,i0, conf=-1: [s0:0.0.0.0:43926, s1:0.0.0.0:41045, s2:0.0.0.0:43384], old=null RUNNING
	at org.apache.ratis.MiniRaftCluster.newIllegalStateExceptionForNoLeaders(MiniRaftCluster.java:506)
	at org.apache.ratis.RaftTestUtil.lambda$waitForLeader$1(RaftTestUtil.java:90)
	at org.apache.ratis.MiniRaftCluster.getLeader(MiniRaftCluster.java:539)
	at org.apache.ratis.MiniRaftCluster.getLeader(MiniRaftCluster.java:532)
	at org.apache.ratis.RaftTestUtil.lambda$waitForLeader$3(RaftTestUtil.java:98)
	at org.apache.ratis.util.JavaUtils.attempt(JavaUtils.java:152)
	at org.apache.ratis.RaftTestUtil.waitForLeader(RaftTestUtil.java:97)
	at org.apache.ratis.RaftTestUtil.waitForLeader(RaftTestUtil.java:77)
	at org.apache.ratis.RaftTestUtil.waitForLeader(RaftTestUtil.java:72)
	at org.apache.ratis.RetryCacheTests.runTestBasicRetry(RetryCacheTests.java:64)
	at org.apache.ratis.MiniRaftCluster$Factory$Get.runWithNewCluster(MiniRaftCluster.java:125)
	at org.apache.ratis.MiniRaftCluster$Factory$Get.runWithNewCluster(MiniRaftCluster.java:113)
	at org.apache.ratis.RetryCacheTests.testBasicRetry(RetryCacheTests.java:60)
	at sun.reflect.NativeMethodAccessorImpl.invoke0(Native Method)
	at sun.reflect.NativeMethodAccessorImpl.invoke(NativeMethodAccessorImpl.java:62)
	at sun.reflect.DelegatingMethodAccessorImpl.invoke(DelegatingMethodAccessorImpl.java:43)
	at java.lang.reflect.Method.invoke(Method.java:498)
	at org.junit.runners.model.FrameworkMethod$1.runReflectiveCall(FrameworkMethod.java:50)
	at org.junit.internal.runners.model.ReflectiveCallable.run(ReflectiveCallable.java:12)
	at org.junit.runners.model.FrameworkMethod.invokeExplosively(FrameworkMethod.java:47)
	at org.junit.internal.runners.statements.InvokeMethod.evaluate(InvokeMethod.java:17)
	at org.junit.internal.runners.statements.RunAfters.evaluate(RunAfters.java:27)
	at org.junit.internal.runners.statements.FailOnTimeout$CallableStatement.call(FailOnTimeout.java:298)
	at org.junit.internal.runners.statements.FailOnTimeout$CallableStatement.call(FailOnTimeout.java:292)
	at java.util.concurrent.FutureTask.run(FutureTask.java:266)
	at java.lang.Thread.run(Thread.java:748)
2019-09-24 16:36:32,462 WARN  ratis.RaftTestUtil (JavaUtils.java:attempt(158)) - FAILED "waitForLeader-null-(expectLeader? true)", attempt #91/100: java.lang.IllegalStateException: No leader yet : printing ALL groups
  s0:  RUNNING  FOLLOWER s0@group-31A0E89A70DD:t5, leader=null, voted=s1, raftlog=s0@group-31A0E89A70DD-SegmentedRaftLog:OPENED:c-1,f-1,i0, conf=-1: [s0:0.0.0.0:43926, s1:0.0.0.0:41045, s2:0.0.0.0:43384], old=null RUNNING
  s1:  RUNNING CANDIDATE s1@group-31A0E89A70DD:t6, leader=null, voted=s1, raftlog=s1@group-31A0E89A70DD-SegmentedRaftLog:OPENED:c-1,f-1,i0, conf=-1: [s0:0.0.0.0:43926, s1:0.0.0.0:41045, s2:0.0.0.0:43384], old=null RUNNING
  s2:  RUNNING CANDIDATE s2@group-31A0E89A70DD:t6, leader=null, voted=s2, raftlog=s2@group-31A0E89A70DD-SegmentedRaftLog:OPENED:c-1,f-1,i0, conf=-1: [s0:0.0.0.0:43926, s1:0.0.0.0:41045, s2:0.0.0.0:43384], old=null RUNNING, sleep 450ms and then retry.
java.lang.IllegalStateException: No leader yet : printing ALL groups
  s0:  RUNNING  FOLLOWER s0@group-31A0E89A70DD:t5, leader=null, voted=s1, raftlog=s0@group-31A0E89A70DD-SegmentedRaftLog:OPENED:c-1,f-1,i0, conf=-1: [s0:0.0.0.0:43926, s1:0.0.0.0:41045, s2:0.0.0.0:43384], old=null RUNNING
  s1:  RUNNING CANDIDATE s1@group-31A0E89A70DD:t6, leader=null, voted=s1, raftlog=s1@group-31A0E89A70DD-SegmentedRaftLog:OPENED:c-1,f-1,i0, conf=-1: [s0:0.0.0.0:43926, s1:0.0.0.0:41045, s2:0.0.0.0:43384], old=null RUNNING
  s2:  RUNNING CANDIDATE s2@group-31A0E89A70DD:t6, leader=null, voted=s2, raftlog=s2@group-31A0E89A70DD-SegmentedRaftLog:OPENED:c-1,f-1,i0, conf=-1: [s0:0.0.0.0:43926, s1:0.0.0.0:41045, s2:0.0.0.0:43384], old=null RUNNING
	at org.apache.ratis.MiniRaftCluster.newIllegalStateExceptionForNoLeaders(MiniRaftCluster.java:506)
	at org.apache.ratis.RaftTestUtil.lambda$waitForLeader$1(RaftTestUtil.java:90)
	at org.apache.ratis.MiniRaftCluster.getLeader(MiniRaftCluster.java:539)
	at org.apache.ratis.MiniRaftCluster.getLeader(MiniRaftCluster.java:532)
	at org.apache.ratis.RaftTestUtil.lambda$waitForLeader$3(RaftTestUtil.java:98)
	at org.apache.ratis.util.JavaUtils.attempt(JavaUtils.java:152)
	at org.apache.ratis.RaftTestUtil.waitForLeader(RaftTestUtil.java:97)
	at org.apache.ratis.RaftTestUtil.waitForLeader(RaftTestUtil.java:77)
	at org.apache.ratis.RaftTestUtil.waitForLeader(RaftTestUtil.java:72)
	at org.apache.ratis.RetryCacheTests.runTestBasicRetry(RetryCacheTests.java:64)
	at org.apache.ratis.MiniRaftCluster$Factory$Get.runWithNewCluster(MiniRaftCluster.java:125)
	at org.apache.ratis.MiniRaftCluster$Factory$Get.runWithNewCluster(MiniRaftCluster.java:113)
	at org.apache.ratis.RetryCacheTests.testBasicRetry(RetryCacheTests.java:60)
	at sun.reflect.NativeMethodAccessorImpl.invoke0(Native Method)
	at sun.reflect.NativeMethodAccessorImpl.invoke(NativeMethodAccessorImpl.java:62)
	at sun.reflect.DelegatingMethodAccessorImpl.invoke(DelegatingMethodAccessorImpl.java:43)
	at java.lang.reflect.Method.invoke(Method.java:498)
	at org.junit.runners.model.FrameworkMethod$1.runReflectiveCall(FrameworkMethod.java:50)
	at org.junit.internal.runners.model.ReflectiveCallable.run(ReflectiveCallable.java:12)
	at org.junit.runners.model.FrameworkMethod.invokeExplosively(FrameworkMethod.java:47)
	at org.junit.internal.runners.statements.InvokeMethod.evaluate(InvokeMethod.java:17)
	at org.junit.internal.runners.statements.RunAfters.evaluate(RunAfters.java:27)
	at org.junit.internal.runners.statements.FailOnTimeout$CallableStatement.call(FailOnTimeout.java:298)
	at org.junit.internal.runners.statements.FailOnTimeout$CallableStatement.call(FailOnTimeout.java:292)
	at java.util.concurrent.FutureTask.run(FutureTask.java:266)
	at java.lang.Thread.run(Thread.java:748)
2019-09-24 16:36:32,914 WARN  ratis.RaftTestUtil (JavaUtils.java:attempt(158)) - FAILED "waitForLeader-null-(expectLeader? true)", attempt #92/100: java.lang.IllegalStateException: No leader yet : printing ALL groups
  s0:  RUNNING  FOLLOWER s0@group-31A0E89A70DD:t5, leader=null, voted=s1, raftlog=s0@group-31A0E89A70DD-SegmentedRaftLog:OPENED:c-1,f-1,i0, conf=-1: [s0:0.0.0.0:43926, s1:0.0.0.0:41045, s2:0.0.0.0:43384], old=null RUNNING
  s1:  RUNNING CANDIDATE s1@group-31A0E89A70DD:t6, leader=null, voted=s1, raftlog=s1@group-31A0E89A70DD-SegmentedRaftLog:OPENED:c-1,f-1,i0, conf=-1: [s0:0.0.0.0:43926, s1:0.0.0.0:41045, s2:0.0.0.0:43384], old=null RUNNING
  s2:  RUNNING CANDIDATE s2@group-31A0E89A70DD:t6, leader=null, voted=s2, raftlog=s2@group-31A0E89A70DD-SegmentedRaftLog:OPENED:c-1,f-1,i0, conf=-1: [s0:0.0.0.0:43926, s1:0.0.0.0:41045, s2:0.0.0.0:43384], old=null RUNNING, sleep 450ms and then retry.
java.lang.IllegalStateException: No leader yet : printing ALL groups
  s0:  RUNNING  FOLLOWER s0@group-31A0E89A70DD:t5, leader=null, voted=s1, raftlog=s0@group-31A0E89A70DD-SegmentedRaftLog:OPENED:c-1,f-1,i0, conf=-1: [s0:0.0.0.0:43926, s1:0.0.0.0:41045, s2:0.0.0.0:43384], old=null RUNNING
  s1:  RUNNING CANDIDATE s1@group-31A0E89A70DD:t6, leader=null, voted=s1, raftlog=s1@group-31A0E89A70DD-SegmentedRaftLog:OPENED:c-1,f-1,i0, conf=-1: [s0:0.0.0.0:43926, s1:0.0.0.0:41045, s2:0.0.0.0:43384], old=null RUNNING
  s2:  RUNNING CANDIDATE s2@group-31A0E89A70DD:t6, leader=null, voted=s2, raftlog=s2@group-31A0E89A70DD-SegmentedRaftLog:OPENED:c-1,f-1,i0, conf=-1: [s0:0.0.0.0:43926, s1:0.0.0.0:41045, s2:0.0.0.0:43384], old=null RUNNING
	at org.apache.ratis.MiniRaftCluster.newIllegalStateExceptionForNoLeaders(MiniRaftCluster.java:506)
	at org.apache.ratis.RaftTestUtil.lambda$waitForLeader$1(RaftTestUtil.java:90)
	at org.apache.ratis.MiniRaftCluster.getLeader(MiniRaftCluster.java:539)
	at org.apache.ratis.MiniRaftCluster.getLeader(MiniRaftCluster.java:532)
	at org.apache.ratis.RaftTestUtil.lambda$waitForLeader$3(RaftTestUtil.java:98)
	at org.apache.ratis.util.JavaUtils.attempt(JavaUtils.java:152)
	at org.apache.ratis.RaftTestUtil.waitForLeader(RaftTestUtil.java:97)
	at org.apache.ratis.RaftTestUtil.waitForLeader(RaftTestUtil.java:77)
	at org.apache.ratis.RaftTestUtil.waitForLeader(RaftTestUtil.java:72)
	at org.apache.ratis.RetryCacheTests.runTestBasicRetry(RetryCacheTests.java:64)
	at org.apache.ratis.MiniRaftCluster$Factory$Get.runWithNewCluster(MiniRaftCluster.java:125)
	at org.apache.ratis.MiniRaftCluster$Factory$Get.runWithNewCluster(MiniRaftCluster.java:113)
	at org.apache.ratis.RetryCacheTests.testBasicRetry(RetryCacheTests.java:60)
	at sun.reflect.NativeMethodAccessorImpl.invoke0(Native Method)
	at sun.reflect.NativeMethodAccessorImpl.invoke(NativeMethodAccessorImpl.java:62)
	at sun.reflect.DelegatingMethodAccessorImpl.invoke(DelegatingMethodAccessorImpl.java:43)
	at java.lang.reflect.Method.invoke(Method.java:498)
	at org.junit.runners.model.FrameworkMethod$1.runReflectiveCall(FrameworkMethod.java:50)
	at org.junit.internal.runners.model.ReflectiveCallable.run(ReflectiveCallable.java:12)
	at org.junit.runners.model.FrameworkMethod.invokeExplosively(FrameworkMethod.java:47)
	at org.junit.internal.runners.statements.InvokeMethod.evaluate(InvokeMethod.java:17)
	at org.junit.internal.runners.statements.RunAfters.evaluate(RunAfters.java:27)
	at org.junit.internal.runners.statements.FailOnTimeout$CallableStatement.call(FailOnTimeout.java:298)
	at org.junit.internal.runners.statements.FailOnTimeout$CallableStatement.call(FailOnTimeout.java:292)
	at java.util.concurrent.FutureTask.run(FutureTask.java:266)
	at java.lang.Thread.run(Thread.java:748)
2019-09-24 16:36:33,365 WARN  ratis.RaftTestUtil (JavaUtils.java:attempt(158)) - FAILED "waitForLeader-null-(expectLeader? true)", attempt #93/100: java.lang.IllegalStateException: No leader yet : printing ALL groups
  s0:  RUNNING  FOLLOWER s0@group-31A0E89A70DD:t5, leader=null, voted=s1, raftlog=s0@group-31A0E89A70DD-SegmentedRaftLog:OPENED:c-1,f-1,i0, conf=-1: [s0:0.0.0.0:43926, s1:0.0.0.0:41045, s2:0.0.0.0:43384], old=null RUNNING
  s1:  RUNNING CANDIDATE s1@group-31A0E89A70DD:t6, leader=null, voted=s1, raftlog=s1@group-31A0E89A70DD-SegmentedRaftLog:OPENED:c-1,f-1,i0, conf=-1: [s0:0.0.0.0:43926, s1:0.0.0.0:41045, s2:0.0.0.0:43384], old=null RUNNING
  s2:  RUNNING CANDIDATE s2@group-31A0E89A70DD:t6, leader=null, voted=s2, raftlog=s2@group-31A0E89A70DD-SegmentedRaftLog:OPENED:c-1,f-1,i0, conf=-1: [s0:0.0.0.0:43926, s1:0.0.0.0:41045, s2:0.0.0.0:43384], old=null RUNNING, sleep 450ms and then retry.
java.lang.IllegalStateException: No leader yet : printing ALL groups
  s0:  RUNNING  FOLLOWER s0@group-31A0E89A70DD:t5, leader=null, voted=s1, raftlog=s0@group-31A0E89A70DD-SegmentedRaftLog:OPENED:c-1,f-1,i0, conf=-1: [s0:0.0.0.0:43926, s1:0.0.0.0:41045, s2:0.0.0.0:43384], old=null RUNNING
  s1:  RUNNING CANDIDATE s1@group-31A0E89A70DD:t6, leader=null, voted=s1, raftlog=s1@group-31A0E89A70DD-SegmentedRaftLog:OPENED:c-1,f-1,i0, conf=-1: [s0:0.0.0.0:43926, s1:0.0.0.0:41045, s2:0.0.0.0:43384], old=null RUNNING
  s2:  RUNNING CANDIDATE s2@group-31A0E89A70DD:t6, leader=null, voted=s2, raftlog=s2@group-31A0E89A70DD-SegmentedRaftLog:OPENED:c-1,f-1,i0, conf=-1: [s0:0.0.0.0:43926, s1:0.0.0.0:41045, s2:0.0.0.0:43384], old=null RUNNING
	at org.apache.ratis.MiniRaftCluster.newIllegalStateExceptionForNoLeaders(MiniRaftCluster.java:506)
	at org.apache.ratis.RaftTestUtil.lambda$waitForLeader$1(RaftTestUtil.java:90)
	at org.apache.ratis.MiniRaftCluster.getLeader(MiniRaftCluster.java:539)
	at org.apache.ratis.MiniRaftCluster.getLeader(MiniRaftCluster.java:532)
	at org.apache.ratis.RaftTestUtil.lambda$waitForLeader$3(RaftTestUtil.java:98)
	at org.apache.ratis.util.JavaUtils.attempt(JavaUtils.java:152)
	at org.apache.ratis.RaftTestUtil.waitForLeader(RaftTestUtil.java:97)
	at org.apache.ratis.RaftTestUtil.waitForLeader(RaftTestUtil.java:77)
	at org.apache.ratis.RaftTestUtil.waitForLeader(RaftTestUtil.java:72)
	at org.apache.ratis.RetryCacheTests.runTestBasicRetry(RetryCacheTests.java:64)
	at org.apache.ratis.MiniRaftCluster$Factory$Get.runWithNewCluster(MiniRaftCluster.java:125)
	at org.apache.ratis.MiniRaftCluster$Factory$Get.runWithNewCluster(MiniRaftCluster.java:113)
	at org.apache.ratis.RetryCacheTests.testBasicRetry(RetryCacheTests.java:60)
	at sun.reflect.NativeMethodAccessorImpl.invoke0(Native Method)
	at sun.reflect.NativeMethodAccessorImpl.invoke(NativeMethodAccessorImpl.java:62)
	at sun.reflect.DelegatingMethodAccessorImpl.invoke(DelegatingMethodAccessorImpl.java:43)
	at java.lang.reflect.Method.invoke(Method.java:498)
	at org.junit.runners.model.FrameworkMethod$1.runReflectiveCall(FrameworkMethod.java:50)
	at org.junit.internal.runners.model.ReflectiveCallable.run(ReflectiveCallable.java:12)
	at org.junit.runners.model.FrameworkMethod.invokeExplosively(FrameworkMethod.java:47)
	at org.junit.internal.runners.statements.InvokeMethod.evaluate(InvokeMethod.java:17)
	at org.junit.internal.runners.statements.RunAfters.evaluate(RunAfters.java:27)
	at org.junit.internal.runners.statements.FailOnTimeout$CallableStatement.call(FailOnTimeout.java:298)
	at org.junit.internal.runners.statements.FailOnTimeout$CallableStatement.call(FailOnTimeout.java:292)
	at java.util.concurrent.FutureTask.run(FutureTask.java:266)
	at java.lang.Thread.run(Thread.java:748)
2019-09-24 16:36:33,817 WARN  ratis.RaftTestUtil (JavaUtils.java:attempt(158)) - FAILED "waitForLeader-null-(expectLeader? true)", attempt #94/100: java.lang.IllegalStateException: No leader yet : printing ALL groups
  s0:  RUNNING  FOLLOWER s0@group-31A0E89A70DD:t5, leader=null, voted=s1, raftlog=s0@group-31A0E89A70DD-SegmentedRaftLog:OPENED:c-1,f-1,i0, conf=-1: [s0:0.0.0.0:43926, s1:0.0.0.0:41045, s2:0.0.0.0:43384], old=null RUNNING
  s1:  RUNNING CANDIDATE s1@group-31A0E89A70DD:t6, leader=null, voted=s1, raftlog=s1@group-31A0E89A70DD-SegmentedRaftLog:OPENED:c-1,f-1,i0, conf=-1: [s0:0.0.0.0:43926, s1:0.0.0.0:41045, s2:0.0.0.0:43384], old=null RUNNING
  s2:  RUNNING CANDIDATE s2@group-31A0E89A70DD:t6, leader=null, voted=s2, raftlog=s2@group-31A0E89A70DD-SegmentedRaftLog:OPENED:c-1,f-1,i0, conf=-1: [s0:0.0.0.0:43926, s1:0.0.0.0:41045, s2:0.0.0.0:43384], old=null RUNNING, sleep 450ms and then retry.
java.lang.IllegalStateException: No leader yet : printing ALL groups
  s0:  RUNNING  FOLLOWER s0@group-31A0E89A70DD:t5, leader=null, voted=s1, raftlog=s0@group-31A0E89A70DD-SegmentedRaftLog:OPENED:c-1,f-1,i0, conf=-1: [s0:0.0.0.0:43926, s1:0.0.0.0:41045, s2:0.0.0.0:43384], old=null RUNNING
  s1:  RUNNING CANDIDATE s1@group-31A0E89A70DD:t6, leader=null, voted=s1, raftlog=s1@group-31A0E89A70DD-SegmentedRaftLog:OPENED:c-1,f-1,i0, conf=-1: [s0:0.0.0.0:43926, s1:0.0.0.0:41045, s2:0.0.0.0:43384], old=null RUNNING
  s2:  RUNNING CANDIDATE s2@group-31A0E89A70DD:t6, leader=null, voted=s2, raftlog=s2@group-31A0E89A70DD-SegmentedRaftLog:OPENED:c-1,f-1,i0, conf=-1: [s0:0.0.0.0:43926, s1:0.0.0.0:41045, s2:0.0.0.0:43384], old=null RUNNING
	at org.apache.ratis.MiniRaftCluster.newIllegalStateExceptionForNoLeaders(MiniRaftCluster.java:506)
	at org.apache.ratis.RaftTestUtil.lambda$waitForLeader$1(RaftTestUtil.java:90)
	at org.apache.ratis.MiniRaftCluster.getLeader(MiniRaftCluster.java:539)
	at org.apache.ratis.MiniRaftCluster.getLeader(MiniRaftCluster.java:532)
	at org.apache.ratis.RaftTestUtil.lambda$waitForLeader$3(RaftTestUtil.java:98)
	at org.apache.ratis.util.JavaUtils.attempt(JavaUtils.java:152)
	at org.apache.ratis.RaftTestUtil.waitForLeader(RaftTestUtil.java:97)
	at org.apache.ratis.RaftTestUtil.waitForLeader(RaftTestUtil.java:77)
	at org.apache.ratis.RaftTestUtil.waitForLeader(RaftTestUtil.java:72)
	at org.apache.ratis.RetryCacheTests.runTestBasicRetry(RetryCacheTests.java:64)
	at org.apache.ratis.MiniRaftCluster$Factory$Get.runWithNewCluster(MiniRaftCluster.java:125)
	at org.apache.ratis.MiniRaftCluster$Factory$Get.runWithNewCluster(MiniRaftCluster.java:113)
	at org.apache.ratis.RetryCacheTests.testBasicRetry(RetryCacheTests.java:60)
	at sun.reflect.NativeMethodAccessorImpl.invoke0(Native Method)
	at sun.reflect.NativeMethodAccessorImpl.invoke(NativeMethodAccessorImpl.java:62)
	at sun.reflect.DelegatingMethodAccessorImpl.invoke(DelegatingMethodAccessorImpl.java:43)
	at java.lang.reflect.Method.invoke(Method.java:498)
	at org.junit.runners.model.FrameworkMethod$1.runReflectiveCall(FrameworkMethod.java:50)
	at org.junit.internal.runners.model.ReflectiveCallable.run(ReflectiveCallable.java:12)
	at org.junit.runners.model.FrameworkMethod.invokeExplosively(FrameworkMethod.java:47)
	at org.junit.internal.runners.statements.InvokeMethod.evaluate(InvokeMethod.java:17)
	at org.junit.internal.runners.statements.RunAfters.evaluate(RunAfters.java:27)
	at org.junit.internal.runners.statements.FailOnTimeout$CallableStatement.call(FailOnTimeout.java:298)
	at org.junit.internal.runners.statements.FailOnTimeout$CallableStatement.call(FailOnTimeout.java:292)
	at java.util.concurrent.FutureTask.run(FutureTask.java:266)
	at java.lang.Thread.run(Thread.java:748)
2019-09-24 16:36:34,008 INFO  impl.LeaderElection (LeaderElection.java:askForVotes(178)) - s1@group-31A0E89A70DD-LeaderElection6: begin an election at term 6 for -1: [s0:0.0.0.0:43926, s1:0.0.0.0:41045, s2:0.0.0.0:43384], old=null
2019-09-24 16:36:34,009 DEBUG impl.RaftServerImpl (RaftServerImpl.java:requestVote(775)) - s0@group-31A0E89A70DD replies to vote request: s1<-s0#0:OK-t5. Peer's state: s0@group-31A0E89A70DD:t5, leader=null, voted=s1, raftlog=s0@group-31A0E89A70DD-SegmentedRaftLog:OPENED:c-1,f-1,i0, conf=-1: [s0:0.0.0.0:43926, s1:0.0.0.0:41045, s2:0.0.0.0:43384], old=null
2019-09-24 16:36:34,010 INFO  impl.FollowerState (FollowerState.java:run(108)) - s0@group-31A0E89A70DD-FollowerState: change to CANDIDATE, lastRpcTime:10673ms, electionTimeout:243ms
2019-09-24 16:36:34,011 INFO  impl.RoleInfo (RoleInfo.java:shutdownFollowerState(121)) - s0: shutdown FollowerState
2019-09-24 16:36:34,011 INFO  impl.RaftServerImpl (RaftServerImpl.java:setRole(170)) - s0@group-31A0E89A70DD: changes role from  FOLLOWER to CANDIDATE at term 5 for changeToCandidate
2019-09-24 16:36:34,011 INFO  impl.RoleInfo (RoleInfo.java:updateAndGet(143)) - s0: start LeaderElection
2019-09-24 16:36:34,013 DEBUG impl.RaftServerImpl (RaftServerImpl.java:requestVote(743)) - s2@group-31A0E89A70DD: receive requestVote(s1, group-31A0E89A70DD, 6, (t:0, i:0))
2019-09-24 16:36:34,013 DEBUG impl.RaftServerImpl (RaftServerImpl.java:requestVote(743)) - s0@group-31A0E89A70DD: receive requestVote(s1, group-31A0E89A70DD, 6, (t:0, i:0))
2019-09-24 16:36:34,193 INFO  impl.LeaderElection (LeaderElection.java:logAndReturn(56)) - s1@group-31A0E89A70DD-LeaderElection6: Election TIMEOUT; received 0 response(s) [] and 0 exception(s); s1@group-31A0E89A70DD:t6, leader=null, voted=s1, raftlog=s1@group-31A0E89A70DD-SegmentedRaftLog:OPENED:c-1,f-1,i0, conf=-1: [s0:0.0.0.0:43926, s1:0.0.0.0:41045, s2:0.0.0.0:43384], old=null
2019-09-24 16:36:34,268 WARN  ratis.RaftTestUtil (JavaUtils.java:attempt(158)) - FAILED "waitForLeader-null-(expectLeader? true)", attempt #95/100: java.lang.IllegalStateException: No leader yet : printing ALL groups
  s0:  RUNNING CANDIDATE s0@group-31A0E89A70DD:t6, leader=null, voted=s0, raftlog=s0@group-31A0E89A70DD-SegmentedRaftLog:OPENED:c-1,f-1,i0, conf=-1: [s0:0.0.0.0:43926, s1:0.0.0.0:41045, s2:0.0.0.0:43384], old=null RUNNING
  s1:  RUNNING CANDIDATE s1@group-31A0E89A70DD:t7, leader=null, voted=s1, raftlog=s1@group-31A0E89A70DD-SegmentedRaftLog:OPENED:c-1,f-1,i0, conf=-1: [s0:0.0.0.0:43926, s1:0.0.0.0:41045, s2:0.0.0.0:43384], old=null RUNNING
  s2:  RUNNING CANDIDATE s2@group-31A0E89A70DD:t6, leader=null, voted=s2, raftlog=s2@group-31A0E89A70DD-SegmentedRaftLog:OPENED:c-1,f-1,i0, conf=-1: [s0:0.0.0.0:43926, s1:0.0.0.0:41045, s2:0.0.0.0:43384], old=null RUNNING, sleep 450ms and then retry.
java.lang.IllegalStateException: No leader yet : printing ALL groups
  s0:  RUNNING CANDIDATE s0@group-31A0E89A70DD:t6, leader=null, voted=s0, raftlog=s0@group-31A0E89A70DD-SegmentedRaftLog:OPENED:c-1,f-1,i0, conf=-1: [s0:0.0.0.0:43926, s1:0.0.0.0:41045, s2:0.0.0.0:43384], old=null RUNNING
  s1:  RUNNING CANDIDATE s1@group-31A0E89A70DD:t7, leader=null, voted=s1, raftlog=s1@group-31A0E89A70DD-SegmentedRaftLog:OPENED:c-1,f-1,i0, conf=-1: [s0:0.0.0.0:43926, s1:0.0.0.0:41045, s2:0.0.0.0:43384], old=null RUNNING
  s2:  RUNNING CANDIDATE s2@group-31A0E89A70DD:t6, leader=null, voted=s2, raftlog=s2@group-31A0E89A70DD-SegmentedRaftLog:OPENED:c-1,f-1,i0, conf=-1: [s0:0.0.0.0:43926, s1:0.0.0.0:41045, s2:0.0.0.0:43384], old=null RUNNING
	at org.apache.ratis.MiniRaftCluster.newIllegalStateExceptionForNoLeaders(MiniRaftCluster.java:506)
	at org.apache.ratis.RaftTestUtil.lambda$waitForLeader$1(RaftTestUtil.java:90)
	at org.apache.ratis.MiniRaftCluster.getLeader(MiniRaftCluster.java:539)
	at org.apache.ratis.MiniRaftCluster.getLeader(MiniRaftCluster.java:532)
	at org.apache.ratis.RaftTestUtil.lambda$waitForLeader$3(RaftTestUtil.java:98)
	at org.apache.ratis.util.JavaUtils.attempt(JavaUtils.java:152)
	at org.apache.ratis.RaftTestUtil.waitForLeader(RaftTestUtil.java:97)
	at org.apache.ratis.RaftTestUtil.waitForLeader(RaftTestUtil.java:77)
	at org.apache.ratis.RaftTestUtil.waitForLeader(RaftTestUtil.java:72)
	at org.apache.ratis.RetryCacheTests.runTestBasicRetry(RetryCacheTests.java:64)
	at org.apache.ratis.MiniRaftCluster$Factory$Get.runWithNewCluster(MiniRaftCluster.java:125)
	at org.apache.ratis.MiniRaftCluster$Factory$Get.runWithNewCluster(MiniRaftCluster.java:113)
	at org.apache.ratis.RetryCacheTests.testBasicRetry(RetryCacheTests.java:60)
	at sun.reflect.NativeMethodAccessorImpl.invoke0(Native Method)
	at sun.reflect.NativeMethodAccessorImpl.invoke(NativeMethodAccessorImpl.java:62)
	at sun.reflect.DelegatingMethodAccessorImpl.invoke(DelegatingMethodAccessorImpl.java:43)
	at java.lang.reflect.Method.invoke(Method.java:498)
	at org.junit.runners.model.FrameworkMethod$1.runReflectiveCall(FrameworkMethod.java:50)
	at org.junit.internal.runners.model.ReflectiveCallable.run(ReflectiveCallable.java:12)
	at org.junit.runners.model.FrameworkMethod.invokeExplosively(FrameworkMethod.java:47)
	at org.junit.internal.runners.statements.InvokeMethod.evaluate(InvokeMethod.java:17)
	at org.junit.internal.runners.statements.RunAfters.evaluate(RunAfters.java:27)
	at org.junit.internal.runners.statements.FailOnTimeout$CallableStatement.call(FailOnTimeout.java:298)
	at org.junit.internal.runners.statements.FailOnTimeout$CallableStatement.call(FailOnTimeout.java:292)
	at java.util.concurrent.FutureTask.run(FutureTask.java:266)
	at java.lang.Thread.run(Thread.java:748)
2019-09-24 16:36:34,512 INFO  impl.LeaderElection (LeaderElection.java:askForVotes(178)) - s2@group-31A0E89A70DD-LeaderElection5: begin an election at term 6 for -1: [s0:0.0.0.0:43926, s1:0.0.0.0:41045, s2:0.0.0.0:43384], old=null
2019-09-24 16:36:34,513 DEBUG impl.RaftServerImpl (RaftServerImpl.java:requestVote(775)) - s2@group-31A0E89A70DD replies to vote request: s1<-s2#0:FAIL-t6. Peer's state: s2@group-31A0E89A70DD:t6, leader=null, voted=s2, raftlog=s2@group-31A0E89A70DD-SegmentedRaftLog:OPENED:c-1,f-1,i0, conf=-1: [s0:0.0.0.0:43926, s1:0.0.0.0:41045, s2:0.0.0.0:43384], old=null
2019-09-24 16:36:34,514 INFO  impl.LeaderElection (LeaderElection.java:askForVotes(178)) - s1@group-31A0E89A70DD-LeaderElection6: begin an election at term 7 for -1: [s0:0.0.0.0:43926, s1:0.0.0.0:41045, s2:0.0.0.0:43384], old=null
2019-09-24 16:36:34,514 DEBUG impl.RaftServerImpl (RaftServerImpl.java:requestVote(775)) - s0@group-31A0E89A70DD replies to vote request: s1<-s0#0:FAIL-t6. Peer's state: s0@group-31A0E89A70DD:t6, leader=null, voted=s0, raftlog=s0@group-31A0E89A70DD-SegmentedRaftLog:OPENED:c-1,f-1,i0, conf=-1: [s0:0.0.0.0:43926, s1:0.0.0.0:41045, s2:0.0.0.0:43384], old=null
2019-09-24 16:36:34,514 INFO  impl.LeaderElection (LeaderElection.java:askForVotes(178)) - s0@group-31A0E89A70DD-LeaderElection7: begin an election at term 6 for -1: [s0:0.0.0.0:43926, s1:0.0.0.0:41045, s2:0.0.0.0:43384], old=null
2019-09-24 16:36:34,518 DEBUG impl.RaftServerImpl (RaftServerImpl.java:requestVote(743)) - s0@group-31A0E89A70DD: receive requestVote(s1, group-31A0E89A70DD, 7, (t:0, i:0))
2019-09-24 16:36:34,518 DEBUG impl.RaftServerImpl (RaftServerImpl.java:requestVote(743)) - s1@group-31A0E89A70DD: receive requestVote(s2, group-31A0E89A70DD, 6, (t:0, i:0))
2019-09-24 16:36:34,518 DEBUG impl.RaftServerImpl (RaftServerImpl.java:requestVote(743)) - s2@group-31A0E89A70DD: receive requestVote(s0, group-31A0E89A70DD, 6, (t:0, i:0))
2019-09-24 16:36:34,518 INFO  impl.RaftServerImpl (RaftServerImpl.java:setRole(170)) - s0@group-31A0E89A70DD: changes role from CANDIDATE to FOLLOWER at term 7 for recognizeCandidate:s1
2019-09-24 16:36:34,518 DEBUG impl.RaftServerImpl (RaftServerImpl.java:requestVote(743)) - s2@group-31A0E89A70DD: receive requestVote(s1, group-31A0E89A70DD, 7, (t:0, i:0))
2019-09-24 16:36:34,518 DEBUG impl.RaftServerImpl (RaftServerImpl.java:requestVote(743)) - s1@group-31A0E89A70DD: receive requestVote(s0, group-31A0E89A70DD, 6, (t:0, i:0))
2019-09-24 16:36:34,518 DEBUG impl.RaftServerImpl (RaftServerImpl.java:requestVote(743)) - s0@group-31A0E89A70DD: receive requestVote(s2, group-31A0E89A70DD, 6, (t:0, i:0))
2019-09-24 16:36:34,519 INFO  impl.RoleInfo (RoleInfo.java:shutdownLeaderElection(134)) - s0: shutdown LeaderElection
2019-09-24 16:36:34,519 DEBUG impl.RaftServerImpl (RaftServerImpl.java:requestVote(775)) - s2@group-31A0E89A70DD replies to vote request: s0<-s2#0:FAIL-t6. Peer's state: s2@group-31A0E89A70DD:t6, leader=null, voted=s2, raftlog=s2@group-31A0E89A70DD-SegmentedRaftLog:OPENED:c-1,f-1,i0, conf=-1: [s0:0.0.0.0:43926, s1:0.0.0.0:41045, s2:0.0.0.0:43384], old=null
2019-09-24 16:36:34,519 DEBUG impl.RaftServerImpl (RaftServerImpl.java:requestVote(775)) - s1@group-31A0E89A70DD replies to vote request: s2<-s1#0:FAIL-t7. Peer's state: s1@group-31A0E89A70DD:t7, leader=null, voted=s1, raftlog=s1@group-31A0E89A70DD-SegmentedRaftLog:OPENED:c-1,f-1,i0, conf=-1: [s0:0.0.0.0:43926, s1:0.0.0.0:41045, s2:0.0.0.0:43384], old=null
2019-09-24 16:36:34,521 INFO  impl.RaftServerImpl (RaftServerImpl.java:setRole(170)) - s2@group-31A0E89A70DD: changes role from CANDIDATE to FOLLOWER at term 7 for recognizeCandidate:s1
2019-09-24 16:36:34,521 INFO  impl.RoleInfo (RoleInfo.java:updateAndGet(143)) - s0: start FollowerState
2019-09-24 16:36:34,522 INFO  impl.LeaderElection (LeaderElection.java:logAndReturn(56)) - s0@group-31A0E89A70DD-LeaderElection7: Election REJECTED; received 1 response(s) [s0<-s2#0:FAIL-t6] and 0 exception(s); s0@group-31A0E89A70DD:t7, leader=null, voted=null, raftlog=s0@group-31A0E89A70DD-SegmentedRaftLog:OPENED:c-1,f-1,i0, conf=-1: [s0:0.0.0.0:43926, s1:0.0.0.0:41045, s2:0.0.0.0:43384], old=null
2019-09-24 16:36:34,522 INFO  impl.RoleInfo (RoleInfo.java:shutdownLeaderElection(134)) - s2: shutdown LeaderElection
2019-09-24 16:36:34,522 DEBUG impl.RaftServerImpl (RaftServerImpl.java:requestVote(775)) - s1@group-31A0E89A70DD replies to vote request: s0<-s1#0:FAIL-t7. Peer's state: s1@group-31A0E89A70DD:t7, leader=null, voted=s1, raftlog=s1@group-31A0E89A70DD-SegmentedRaftLog:OPENED:c-1,f-1,i0, conf=-1: [s0:0.0.0.0:43926, s1:0.0.0.0:41045, s2:0.0.0.0:43384], old=null
2019-09-24 16:36:34,524 INFO  impl.RoleInfo (RoleInfo.java:updateAndGet(143)) - s2: start FollowerState
2019-09-24 16:36:34,523 INFO  impl.LeaderElection (LeaderElection.java:logAndReturn(56)) - s2@group-31A0E89A70DD-LeaderElection5: Election DISCOVERED_A_NEW_TERM; received 1 response(s) [s2<-s1#0:FAIL-t7] and 0 exception(s); s2@group-31A0E89A70DD:t7, leader=null, voted=null, raftlog=s2@group-31A0E89A70DD-SegmentedRaftLog:OPENED:c-1,f-1,i0, conf=-1: [s0:0.0.0.0:43926, s1:0.0.0.0:41045, s2:0.0.0.0:43384], old=null
2019-09-24 16:36:34,535 DEBUG impl.RaftServerImpl (RaftServerImpl.java:requestVote(775)) - s2@group-31A0E89A70DD replies to vote request: s1<-s2#0:FAIL-t7. Peer's state: s2@group-31A0E89A70DD:t7, leader=null, voted=null, raftlog=s2@group-31A0E89A70DD-SegmentedRaftLog:OPENED:c-1,f-1,i0, conf=-1: [s0:0.0.0.0:43926, s1:0.0.0.0:41045, s2:0.0.0.0:43384], old=null
2019-09-24 16:36:34,535 DEBUG impl.RaftServerImpl (RaftServerImpl.java:requestVote(775)) - s0@group-31A0E89A70DD replies to vote request: s1<-s0#0:FAIL-t7. Peer's state: s0@group-31A0E89A70DD:t7, leader=null, voted=null, raftlog=s0@group-31A0E89A70DD-SegmentedRaftLog:OPENED:c-1,f-1,i0, conf=-1: [s0:0.0.0.0:43926, s1:0.0.0.0:41045, s2:0.0.0.0:43384], old=null
2019-09-24 16:36:34,537 DEBUG impl.RaftServerImpl (RaftServerImpl.java:requestVote(775)) - s0@group-31A0E89A70DD replies to vote request: s2<-s0#0:FAIL-t7. Peer's state: s0@group-31A0E89A70DD:t7, leader=null, voted=null, raftlog=s0@group-31A0E89A70DD-SegmentedRaftLog:OPENED:c-1,f-1,i0, conf=-1: [s0:0.0.0.0:43926, s1:0.0.0.0:41045, s2:0.0.0.0:43384], old=null
2019-09-24 16:36:34,538 INFO  impl.LeaderElection (LeaderElection.java:logAndReturn(56)) - s1@group-31A0E89A70DD-LeaderElection6: Election REJECTED; received 2 response(s) [s1<-s0#0:FAIL-t7, s1<-s2#0:FAIL-t7] and 0 exception(s); s1@group-31A0E89A70DD:t7, leader=null, voted=s1, raftlog=s1@group-31A0E89A70DD-SegmentedRaftLog:OPENED:c-1,f-1,i0, conf=-1: [s0:0.0.0.0:43926, s1:0.0.0.0:41045, s2:0.0.0.0:43384], old=null
2019-09-24 16:36:34,538 INFO  impl.RaftServerImpl (RaftServerImpl.java:setRole(170)) - s1@group-31A0E89A70DD: changes role from CANDIDATE to FOLLOWER at term 7 for DISCOVERED_A_NEW_TERM
2019-09-24 16:36:34,539 INFO  impl.RoleInfo (RoleInfo.java:shutdownLeaderElection(134)) - s1: shutdown LeaderElection
2019-09-24 16:36:34,539 INFO  impl.RoleInfo (RoleInfo.java:updateAndGet(143)) - s1: start FollowerState
2019-09-24 16:36:34,720 WARN  ratis.RaftTestUtil (JavaUtils.java:attempt(158)) - FAILED "waitForLeader-null-(expectLeader? true)", attempt #96/100: java.lang.IllegalStateException: No leader yet : printing ALL groups
  s0:  RUNNING  FOLLOWER s0@group-31A0E89A70DD:t7, leader=null, voted=null, raftlog=s0@group-31A0E89A70DD-SegmentedRaftLog:OPENED:c-1,f-1,i0, conf=-1: [s0:0.0.0.0:43926, s1:0.0.0.0:41045, s2:0.0.0.0:43384], old=null RUNNING
  s1:  RUNNING  FOLLOWER s1@group-31A0E89A70DD:t7, leader=null, voted=s1, raftlog=s1@group-31A0E89A70DD-SegmentedRaftLog:OPENED:c-1,f-1,i0, conf=-1: [s0:0.0.0.0:43926, s1:0.0.0.0:41045, s2:0.0.0.0:43384], old=null RUNNING
  s2:  RUNNING  FOLLOWER s2@group-31A0E89A70DD:t7, leader=null, voted=null, raftlog=s2@group-31A0E89A70DD-SegmentedRaftLog:OPENED:c-1,f-1,i0, conf=-1: [s0:0.0.0.0:43926, s1:0.0.0.0:41045, s2:0.0.0.0:43384], old=null RUNNING, sleep 450ms and then retry.
java.lang.IllegalStateException: No leader yet : printing ALL groups
  s0:  RUNNING  FOLLOWER s0@group-31A0E89A70DD:t7, leader=null, voted=null, raftlog=s0@group-31A0E89A70DD-SegmentedRaftLog:OPENED:c-1,f-1,i0, conf=-1: [s0:0.0.0.0:43926, s1:0.0.0.0:41045, s2:0.0.0.0:43384], old=null RUNNING
  s1:  RUNNING  FOLLOWER s1@group-31A0E89A70DD:t7, leader=null, voted=s1, raftlog=s1@group-31A0E89A70DD-SegmentedRaftLog:OPENED:c-1,f-1,i0, conf=-1: [s0:0.0.0.0:43926, s1:0.0.0.0:41045, s2:0.0.0.0:43384], old=null RUNNING
  s2:  RUNNING  FOLLOWER s2@group-31A0E89A70DD:t7, leader=null, voted=null, raftlog=s2@group-31A0E89A70DD-SegmentedRaftLog:OPENED:c-1,f-1,i0, conf=-1: [s0:0.0.0.0:43926, s1:0.0.0.0:41045, s2:0.0.0.0:43384], old=null RUNNING
	at org.apache.ratis.MiniRaftCluster.newIllegalStateExceptionForNoLeaders(MiniRaftCluster.java:506)
	at org.apache.ratis.RaftTestUtil.lambda$waitForLeader$1(RaftTestUtil.java:90)
	at org.apache.ratis.MiniRaftCluster.getLeader(MiniRaftCluster.java:539)
	at org.apache.ratis.MiniRaftCluster.getLeader(MiniRaftCluster.java:532)
	at org.apache.ratis.RaftTestUtil.lambda$waitForLeader$3(RaftTestUtil.java:98)
	at org.apache.ratis.util.JavaUtils.attempt(JavaUtils.java:152)
	at org.apache.ratis.RaftTestUtil.waitForLeader(RaftTestUtil.java:97)
	at org.apache.ratis.RaftTestUtil.waitForLeader(RaftTestUtil.java:77)
	at org.apache.ratis.RaftTestUtil.waitForLeader(RaftTestUtil.java:72)
	at org.apache.ratis.RetryCacheTests.runTestBasicRetry(RetryCacheTests.java:64)
	at org.apache.ratis.MiniRaftCluster$Factory$Get.runWithNewCluster(MiniRaftCluster.java:125)
	at org.apache.ratis.MiniRaftCluster$Factory$Get.runWithNewCluster(MiniRaftCluster.java:113)
	at org.apache.ratis.RetryCacheTests.testBasicRetry(RetryCacheTests.java:60)
	at sun.reflect.NativeMethodAccessorImpl.invoke0(Native Method)
	at sun.reflect.NativeMethodAccessorImpl.invoke(NativeMethodAccessorImpl.java:62)
	at sun.reflect.DelegatingMethodAccessorImpl.invoke(DelegatingMethodAccessorImpl.java:43)
	at java.lang.reflect.Method.invoke(Method.java:498)
	at org.junit.runners.model.FrameworkMethod$1.runReflectiveCall(FrameworkMethod.java:50)
	at org.junit.internal.runners.model.ReflectiveCallable.run(ReflectiveCallable.java:12)
	at org.junit.runners.model.FrameworkMethod.invokeExplosively(FrameworkMethod.java:47)
	at org.junit.internal.runners.statements.InvokeMethod.evaluate(InvokeMethod.java:17)
	at org.junit.internal.runners.statements.RunAfters.evaluate(RunAfters.java:27)
	at org.junit.internal.runners.statements.FailOnTimeout$CallableStatement.call(FailOnTimeout.java:298)
	at org.junit.internal.runners.statements.FailOnTimeout$CallableStatement.call(FailOnTimeout.java:292)
	at java.util.concurrent.FutureTask.run(FutureTask.java:266)
	at java.lang.Thread.run(Thread.java:748)
2019-09-24 16:36:34,760 INFO  impl.FollowerState (FollowerState.java:run(108)) - s2@group-31A0E89A70DD-FollowerState: change to CANDIDATE, lastRpcTime:236ms, electionTimeout:235ms
2019-09-24 16:36:34,760 INFO  impl.RoleInfo (RoleInfo.java:shutdownFollowerState(121)) - s2: shutdown FollowerState
2019-09-24 16:36:34,760 INFO  impl.RaftServerImpl (RaftServerImpl.java:setRole(170)) - s2@group-31A0E89A70DD: changes role from  FOLLOWER to CANDIDATE at term 7 for changeToCandidate
2019-09-24 16:36:34,760 INFO  impl.RoleInfo (RoleInfo.java:updateAndGet(143)) - s2: start LeaderElection
2019-09-24 16:36:34,808 INFO  impl.FollowerState (FollowerState.java:run(108)) - s0@group-31A0E89A70DD-FollowerState: change to CANDIDATE, lastRpcTime:287ms, electionTimeout:285ms
2019-09-24 16:36:34,808 INFO  impl.RoleInfo (RoleInfo.java:shutdownFollowerState(121)) - s0: shutdown FollowerState
2019-09-24 16:36:34,809 INFO  impl.RaftServerImpl (RaftServerImpl.java:setRole(170)) - s0@group-31A0E89A70DD: changes role from  FOLLOWER to CANDIDATE at term 7 for changeToCandidate
2019-09-24 16:36:34,809 INFO  impl.RoleInfo (RoleInfo.java:updateAndGet(143)) - s0: start LeaderElection
2019-09-24 16:36:34,816 INFO  impl.FollowerState (FollowerState.java:run(108)) - s1@group-31A0E89A70DD-FollowerState: change to CANDIDATE, lastRpcTime:276ms, electionTimeout:276ms
2019-09-24 16:36:34,816 INFO  impl.RoleInfo (RoleInfo.java:shutdownFollowerState(121)) - s1: shutdown FollowerState
2019-09-24 16:36:34,817 INFO  impl.RaftServerImpl (RaftServerImpl.java:setRole(170)) - s1@group-31A0E89A70DD: changes role from  FOLLOWER to CANDIDATE at term 7 for changeToCandidate
2019-09-24 16:36:34,817 INFO  impl.RoleInfo (RoleInfo.java:updateAndGet(143)) - s1: start LeaderElection
2019-09-24 16:36:34,917 INFO  impl.LeaderElection (LeaderElection.java:askForVotes(178)) - s2@group-31A0E89A70DD-LeaderElection8: begin an election at term 8 for -1: [s0:0.0.0.0:43926, s1:0.0.0.0:41045, s2:0.0.0.0:43384], old=null
2019-09-24 16:36:34,917 INFO  impl.LeaderElection (LeaderElection.java:askForVotes(178)) - s0@group-31A0E89A70DD-LeaderElection9: begin an election at term 8 for -1: [s0:0.0.0.0:43926, s1:0.0.0.0:41045, s2:0.0.0.0:43384], old=null
2019-09-24 16:36:34,920 INFO  impl.LeaderElection (LeaderElection.java:askForVotes(178)) - s1@group-31A0E89A70DD-LeaderElection10: begin an election at term 8 for -1: [s0:0.0.0.0:43926, s1:0.0.0.0:41045, s2:0.0.0.0:43384], old=null
2019-09-24 16:36:34,920 DEBUG impl.RaftServerImpl (RaftServerImpl.java:requestVote(743)) - s1@group-31A0E89A70DD: receive requestVote(s0, group-31A0E89A70DD, 8, (t:0, i:0))
2019-09-24 16:36:34,920 DEBUG impl.RaftServerImpl (RaftServerImpl.java:requestVote(743)) - s1@group-31A0E89A70DD: receive requestVote(s2, group-31A0E89A70DD, 8, (t:0, i:0))
2019-09-24 16:36:34,920 DEBUG impl.RaftServerImpl (RaftServerImpl.java:requestVote(743)) - s0@group-31A0E89A70DD: receive requestVote(s2, group-31A0E89A70DD, 8, (t:0, i:0))
2019-09-24 16:36:34,920 DEBUG impl.RaftServerImpl (RaftServerImpl.java:requestVote(743)) - s2@group-31A0E89A70DD: receive requestVote(s0, group-31A0E89A70DD, 8, (t:0, i:0))
2019-09-24 16:36:34,921 DEBUG impl.RaftServerImpl (RaftServerImpl.java:requestVote(775)) - s0@group-31A0E89A70DD replies to vote request: s2<-s0#0:FAIL-t8. Peer's state: s0@group-31A0E89A70DD:t8, leader=null, voted=s0, raftlog=s0@group-31A0E89A70DD-SegmentedRaftLog:OPENED:c-1,f-1,i0, conf=-1: [s0:0.0.0.0:43926, s1:0.0.0.0:41045, s2:0.0.0.0:43384], old=null
2019-09-24 16:36:34,920 DEBUG impl.RaftServerImpl (RaftServerImpl.java:requestVote(775)) - s1@group-31A0E89A70DD replies to vote request: s0<-s1#0:FAIL-t8. Peer's state: s1@group-31A0E89A70DD:t8, leader=null, voted=s1, raftlog=s1@group-31A0E89A70DD-SegmentedRaftLog:OPENED:c-1,f-1,i0, conf=-1: [s0:0.0.0.0:43926, s1:0.0.0.0:41045, s2:0.0.0.0:43384], old=null
2019-09-24 16:36:34,922 DEBUG impl.RaftServerImpl (RaftServerImpl.java:requestVote(743)) - s2@group-31A0E89A70DD: receive requestVote(s1, group-31A0E89A70DD, 8, (t:0, i:0))
2019-09-24 16:36:34,921 DEBUG impl.RaftServerImpl (RaftServerImpl.java:requestVote(775)) - s2@group-31A0E89A70DD replies to vote request: s0<-s2#0:FAIL-t8. Peer's state: s2@group-31A0E89A70DD:t8, leader=null, voted=s2, raftlog=s2@group-31A0E89A70DD-SegmentedRaftLog:OPENED:c-1,f-1,i0, conf=-1: [s0:0.0.0.0:43926, s1:0.0.0.0:41045, s2:0.0.0.0:43384], old=null
2019-09-24 16:36:34,921 DEBUG impl.RaftServerImpl (RaftServerImpl.java:requestVote(743)) - s0@group-31A0E89A70DD: receive requestVote(s1, group-31A0E89A70DD, 8, (t:0, i:0))
2019-09-24 16:36:34,923 DEBUG impl.RaftServerImpl (RaftServerImpl.java:requestVote(775)) - s2@group-31A0E89A70DD replies to vote request: s1<-s2#0:FAIL-t8. Peer's state: s2@group-31A0E89A70DD:t8, leader=null, voted=s2, raftlog=s2@group-31A0E89A70DD-SegmentedRaftLog:OPENED:c-1,f-1,i0, conf=-1: [s0:0.0.0.0:43926, s1:0.0.0.0:41045, s2:0.0.0.0:43384], old=null
2019-09-24 16:36:34,922 DEBUG impl.RaftServerImpl (RaftServerImpl.java:requestVote(775)) - s1@group-31A0E89A70DD replies to vote request: s2<-s1#0:FAIL-t8. Peer's state: s1@group-31A0E89A70DD:t8, leader=null, voted=s1, raftlog=s1@group-31A0E89A70DD-SegmentedRaftLog:OPENED:c-1,f-1,i0, conf=-1: [s0:0.0.0.0:43926, s1:0.0.0.0:41045, s2:0.0.0.0:43384], old=null
2019-09-24 16:36:34,924 INFO  impl.LeaderElection (LeaderElection.java:logAndReturn(56)) - s0@group-31A0E89A70DD-LeaderElection9: Election REJECTED; received 2 response(s) [s0<-s1#0:FAIL-t8, s0<-s2#0:FAIL-t8] and 0 exception(s); s0@group-31A0E89A70DD:t8, leader=null, voted=s0, raftlog=s0@group-31A0E89A70DD-SegmentedRaftLog:OPENED:c-1,f-1,i0, conf=-1: [s0:0.0.0.0:43926, s1:0.0.0.0:41045, s2:0.0.0.0:43384], old=null
2019-09-24 16:36:34,923 DEBUG impl.RaftServerImpl (RaftServerImpl.java:requestVote(775)) - s0@group-31A0E89A70DD replies to vote request: s1<-s0#0:FAIL-t8. Peer's state: s0@group-31A0E89A70DD:t8, leader=null, voted=s0, raftlog=s0@group-31A0E89A70DD-SegmentedRaftLog:OPENED:c-1,f-1,i0, conf=-1: [s0:0.0.0.0:43926, s1:0.0.0.0:41045, s2:0.0.0.0:43384], old=null
2019-09-24 16:36:34,925 INFO  impl.RaftServerImpl (RaftServerImpl.java:setRole(170)) - s0@group-31A0E89A70DD: changes role from CANDIDATE to FOLLOWER at term 8 for DISCOVERED_A_NEW_TERM
2019-09-24 16:36:34,925 INFO  impl.RoleInfo (RoleInfo.java:shutdownLeaderElection(134)) - s0: shutdown LeaderElection
2019-09-24 16:36:34,925 INFO  impl.LeaderElection (LeaderElection.java:logAndReturn(56)) - s2@group-31A0E89A70DD-LeaderElection8: Election REJECTED; received 2 response(s) [s2<-s0#0:FAIL-t8, s2<-s1#0:FAIL-t8] and 0 exception(s); s2@group-31A0E89A70DD:t8, leader=null, voted=s2, raftlog=s2@group-31A0E89A70DD-SegmentedRaftLog:OPENED:c-1,f-1,i0, conf=-1: [s0:0.0.0.0:43926, s1:0.0.0.0:41045, s2:0.0.0.0:43384], old=null
2019-09-24 16:36:34,925 INFO  impl.RoleInfo (RoleInfo.java:updateAndGet(143)) - s0: start FollowerState
2019-09-24 16:36:34,925 INFO  impl.RaftServerImpl (RaftServerImpl.java:setRole(170)) - s2@group-31A0E89A70DD: changes role from CANDIDATE to FOLLOWER at term 8 for DISCOVERED_A_NEW_TERM
2019-09-24 16:36:34,926 INFO  impl.LeaderElection (LeaderElection.java:logAndReturn(56)) - s1@group-31A0E89A70DD-LeaderElection10: Election REJECTED; received 2 response(s) [s1<-s0#0:FAIL-t8, s1<-s2#0:FAIL-t8] and 0 exception(s); s1@group-31A0E89A70DD:t8, leader=null, voted=s1, raftlog=s1@group-31A0E89A70DD-SegmentedRaftLog:OPENED:c-1,f-1,i0, conf=-1: [s0:0.0.0.0:43926, s1:0.0.0.0:41045, s2:0.0.0.0:43384], old=null
2019-09-24 16:36:34,927 INFO  impl.RoleInfo (RoleInfo.java:shutdownLeaderElection(134)) - s2: shutdown LeaderElection
2019-09-24 16:36:34,927 INFO  impl.RaftServerImpl (RaftServerImpl.java:setRole(170)) - s1@group-31A0E89A70DD: changes role from CANDIDATE to FOLLOWER at term 8 for DISCOVERED_A_NEW_TERM
2019-09-24 16:36:34,928 INFO  impl.RoleInfo (RoleInfo.java:shutdownLeaderElection(134)) - s1: shutdown LeaderElection
2019-09-24 16:36:34,928 INFO  impl.RoleInfo (RoleInfo.java:updateAndGet(143)) - s2: start FollowerState
2019-09-24 16:36:34,928 INFO  impl.RoleInfo (RoleInfo.java:updateAndGet(143)) - s1: start FollowerState
2019-09-24 16:36:35,141 INFO  impl.FollowerState (FollowerState.java:run(108)) - s1@group-31A0E89A70DD-FollowerState: change to CANDIDATE, lastRpcTime:212ms, electionTimeout:212ms
2019-09-24 16:36:35,141 INFO  impl.RoleInfo (RoleInfo.java:shutdownFollowerState(121)) - s1: shutdown FollowerState
2019-09-24 16:36:35,141 INFO  impl.RaftServerImpl (RaftServerImpl.java:setRole(170)) - s1@group-31A0E89A70DD: changes role from  FOLLOWER to CANDIDATE at term 8 for changeToCandidate
2019-09-24 16:36:35,142 INFO  impl.RoleInfo (RoleInfo.java:updateAndGet(143)) - s1: start LeaderElection
2019-09-24 16:36:35,171 WARN  ratis.RaftTestUtil (JavaUtils.java:attempt(158)) - FAILED "waitForLeader-null-(expectLeader? true)", attempt #97/100: java.lang.IllegalStateException: No leader yet : printing ALL groups
  s0:  RUNNING  FOLLOWER s0@group-31A0E89A70DD:t8, leader=null, voted=s0, raftlog=s0@group-31A0E89A70DD-SegmentedRaftLog:OPENED:c-1,f-1,i0, conf=-1: [s0:0.0.0.0:43926, s1:0.0.0.0:41045, s2:0.0.0.0:43384], old=null RUNNING
  s1:  RUNNING CANDIDATE s1@group-31A0E89A70DD:t9, leader=null, voted=s1, raftlog=s1@group-31A0E89A70DD-SegmentedRaftLog:OPENED:c-1,f-1,i0, conf=-1: [s0:0.0.0.0:43926, s1:0.0.0.0:41045, s2:0.0.0.0:43384], old=null RUNNING
  s2:  RUNNING  FOLLOWER s2@group-31A0E89A70DD:t8, leader=null, voted=s2, raftlog=s2@group-31A0E89A70DD-SegmentedRaftLog:OPENED:c-1,f-1,i0, conf=-1: [s0:0.0.0.0:43926, s1:0.0.0.0:41045, s2:0.0.0.0:43384], old=null RUNNING, sleep 450ms and then retry.
java.lang.IllegalStateException: No leader yet : printing ALL groups
  s0:  RUNNING  FOLLOWER s0@group-31A0E89A70DD:t8, leader=null, voted=s0, raftlog=s0@group-31A0E89A70DD-SegmentedRaftLog:OPENED:c-1,f-1,i0, conf=-1: [s0:0.0.0.0:43926, s1:0.0.0.0:41045, s2:0.0.0.0:43384], old=null RUNNING
  s1:  RUNNING CANDIDATE s1@group-31A0E89A70DD:t9, leader=null, voted=s1, raftlog=s1@group-31A0E89A70DD-SegmentedRaftLog:OPENED:c-1,f-1,i0, conf=-1: [s0:0.0.0.0:43926, s1:0.0.0.0:41045, s2:0.0.0.0:43384], old=null RUNNING
  s2:  RUNNING  FOLLOWER s2@group-31A0E89A70DD:t8, leader=null, voted=s2, raftlog=s2@group-31A0E89A70DD-SegmentedRaftLog:OPENED:c-1,f-1,i0, conf=-1: [s0:0.0.0.0:43926, s1:0.0.0.0:41045, s2:0.0.0.0:43384], old=null RUNNING
	at org.apache.ratis.MiniRaftCluster.newIllegalStateExceptionForNoLeaders(MiniRaftCluster.java:506)
	at org.apache.ratis.RaftTestUtil.lambda$waitForLeader$1(RaftTestUtil.java:90)
	at org.apache.ratis.MiniRaftCluster.getLeader(MiniRaftCluster.java:539)
	at org.apache.ratis.MiniRaftCluster.getLeader(MiniRaftCluster.java:532)
	at org.apache.ratis.RaftTestUtil.lambda$waitForLeader$3(RaftTestUtil.java:98)
	at org.apache.ratis.util.JavaUtils.attempt(JavaUtils.java:152)
	at org.apache.ratis.RaftTestUtil.waitForLeader(RaftTestUtil.java:97)
	at org.apache.ratis.RaftTestUtil.waitForLeader(RaftTestUtil.java:77)
	at org.apache.ratis.RaftTestUtil.waitForLeader(RaftTestUtil.java:72)
	at org.apache.ratis.RetryCacheTests.runTestBasicRetry(RetryCacheTests.java:64)
	at org.apache.ratis.MiniRaftCluster$Factory$Get.runWithNewCluster(MiniRaftCluster.java:125)
	at org.apache.ratis.MiniRaftCluster$Factory$Get.runWithNewCluster(MiniRaftCluster.java:113)
	at org.apache.ratis.RetryCacheTests.testBasicRetry(RetryCacheTests.java:60)
	at sun.reflect.NativeMethodAccessorImpl.invoke0(Native Method)
	at sun.reflect.NativeMethodAccessorImpl.invoke(NativeMethodAccessorImpl.java:62)
	at sun.reflect.DelegatingMethodAccessorImpl.invoke(DelegatingMethodAccessorImpl.java:43)
	at java.lang.reflect.Method.invoke(Method.java:498)
	at org.junit.runners.model.FrameworkMethod$1.runReflectiveCall(FrameworkMethod.java:50)
	at org.junit.internal.runners.model.ReflectiveCallable.run(ReflectiveCallable.java:12)
	at org.junit.runners.model.FrameworkMethod.invokeExplosively(FrameworkMethod.java:47)
	at org.junit.internal.runners.statements.InvokeMethod.evaluate(InvokeMethod.java:17)
	at org.junit.internal.runners.statements.RunAfters.evaluate(RunAfters.java:27)
	at org.junit.internal.runners.statements.FailOnTimeout$CallableStatement.call(FailOnTimeout.java:298)
	at org.junit.internal.runners.statements.FailOnTimeout$CallableStatement.call(FailOnTimeout.java:292)
	at java.util.concurrent.FutureTask.run(FutureTask.java:266)
	at java.lang.Thread.run(Thread.java:748)
2019-09-24 16:36:35,178 INFO  impl.FollowerState (FollowerState.java:run(108)) - s0@group-31A0E89A70DD-FollowerState: change to CANDIDATE, lastRpcTime:252ms, electionTimeout:251ms
2019-09-24 16:36:35,178 INFO  impl.RoleInfo (RoleInfo.java:shutdownFollowerState(121)) - s0: shutdown FollowerState
2019-09-24 16:36:35,178 INFO  impl.RaftServerImpl (RaftServerImpl.java:setRole(170)) - s0@group-31A0E89A70DD: changes role from  FOLLOWER to CANDIDATE at term 8 for changeToCandidate
2019-09-24 16:36:35,179 INFO  impl.RoleInfo (RoleInfo.java:updateAndGet(143)) - s0: start LeaderElection
2019-09-24 16:36:35,182 INFO  impl.FollowerState (FollowerState.java:run(108)) - s2@group-31A0E89A70DD-FollowerState: change to CANDIDATE, lastRpcTime:253ms, electionTimeout:253ms
2019-09-24 16:36:35,182 INFO  impl.RoleInfo (RoleInfo.java:shutdownFollowerState(121)) - s2: shutdown FollowerState
2019-09-24 16:36:35,182 INFO  impl.RaftServerImpl (RaftServerImpl.java:setRole(170)) - s2@group-31A0E89A70DD: changes role from  FOLLOWER to CANDIDATE at term 8 for changeToCandidate
2019-09-24 16:36:35,183 INFO  impl.RoleInfo (RoleInfo.java:updateAndGet(143)) - s2: start LeaderElection
2019-09-24 16:36:35,333 INFO  impl.LeaderElection (LeaderElection.java:askForVotes(178)) - s2@group-31A0E89A70DD-LeaderElection13: begin an election at term 9 for -1: [s0:0.0.0.0:43926, s1:0.0.0.0:41045, s2:0.0.0.0:43384], old=null
2019-09-24 16:36:35,333 INFO  impl.LeaderElection (LeaderElection.java:askForVotes(178)) - s1@group-31A0E89A70DD-LeaderElection11: begin an election at term 9 for -1: [s0:0.0.0.0:43926, s1:0.0.0.0:41045, s2:0.0.0.0:43384], old=null
2019-09-24 16:36:35,333 INFO  impl.LeaderElection (LeaderElection.java:askForVotes(178)) - s0@group-31A0E89A70DD-LeaderElection12: begin an election at term 9 for -1: [s0:0.0.0.0:43926, s1:0.0.0.0:41045, s2:0.0.0.0:43384], old=null
2019-09-24 16:36:35,336 DEBUG impl.RaftServerImpl (RaftServerImpl.java:requestVote(743)) - s0@group-31A0E89A70DD: receive requestVote(s2, group-31A0E89A70DD, 9, (t:0, i:0))
2019-09-24 16:36:35,336 DEBUG impl.RaftServerImpl (RaftServerImpl.java:requestVote(743)) - s0@group-31A0E89A70DD: receive requestVote(s1, group-31A0E89A70DD, 9, (t:0, i:0))
2019-09-24 16:36:35,337 DEBUG impl.RaftServerImpl (RaftServerImpl.java:requestVote(743)) - s2@group-31A0E89A70DD: receive requestVote(s1, group-31A0E89A70DD, 9, (t:0, i:0))
2019-09-24 16:36:35,337 DEBUG impl.RaftServerImpl (RaftServerImpl.java:requestVote(775)) - s0@group-31A0E89A70DD replies to vote request: s2<-s0#0:FAIL-t9. Peer's state: s0@group-31A0E89A70DD:t9, leader=null, voted=s0, raftlog=s0@group-31A0E89A70DD-SegmentedRaftLog:OPENED:c-1,f-1,i0, conf=-1: [s0:0.0.0.0:43926, s1:0.0.0.0:41045, s2:0.0.0.0:43384], old=null
2019-09-24 16:36:35,337 DEBUG impl.RaftServerImpl (RaftServerImpl.java:requestVote(743)) - s2@group-31A0E89A70DD: receive requestVote(s0, group-31A0E89A70DD, 9, (t:0, i:0))
2019-09-24 16:36:35,336 DEBUG impl.RaftServerImpl (RaftServerImpl.java:requestVote(743)) - s1@group-31A0E89A70DD: receive requestVote(s0, group-31A0E89A70DD, 9, (t:0, i:0))
2019-09-24 16:36:35,336 DEBUG impl.RaftServerImpl (RaftServerImpl.java:requestVote(743)) - s1@group-31A0E89A70DD: receive requestVote(s2, group-31A0E89A70DD, 9, (t:0, i:0))
2019-09-24 16:36:35,338 DEBUG impl.RaftServerImpl (RaftServerImpl.java:requestVote(775)) - s1@group-31A0E89A70DD replies to vote request: s0<-s1#0:FAIL-t9. Peer's state: s1@group-31A0E89A70DD:t9, leader=null, voted=s1, raftlog=s1@group-31A0E89A70DD-SegmentedRaftLog:OPENED:c-1,f-1,i0, conf=-1: [s0:0.0.0.0:43926, s1:0.0.0.0:41045, s2:0.0.0.0:43384], old=null
2019-09-24 16:36:35,338 DEBUG impl.RaftServerImpl (RaftServerImpl.java:requestVote(775)) - s0@group-31A0E89A70DD replies to vote request: s1<-s0#0:FAIL-t9. Peer's state: s0@group-31A0E89A70DD:t9, leader=null, voted=s0, raftlog=s0@group-31A0E89A70DD-SegmentedRaftLog:OPENED:c-1,f-1,i0, conf=-1: [s0:0.0.0.0:43926, s1:0.0.0.0:41045, s2:0.0.0.0:43384], old=null
2019-09-24 16:36:35,337 DEBUG impl.RaftServerImpl (RaftServerImpl.java:requestVote(775)) - s2@group-31A0E89A70DD replies to vote request: s1<-s2#0:FAIL-t9. Peer's state: s2@group-31A0E89A70DD:t9, leader=null, voted=s2, raftlog=s2@group-31A0E89A70DD-SegmentedRaftLog:OPENED:c-1,f-1,i0, conf=-1: [s0:0.0.0.0:43926, s1:0.0.0.0:41045, s2:0.0.0.0:43384], old=null
2019-09-24 16:36:35,339 DEBUG impl.RaftServerImpl (RaftServerImpl.java:requestVote(775)) - s1@group-31A0E89A70DD replies to vote request: s2<-s1#0:FAIL-t9. Peer's state: s1@group-31A0E89A70DD:t9, leader=null, voted=s1, raftlog=s1@group-31A0E89A70DD-SegmentedRaftLog:OPENED:c-1,f-1,i0, conf=-1: [s0:0.0.0.0:43926, s1:0.0.0.0:41045, s2:0.0.0.0:43384], old=null
2019-09-24 16:36:35,340 DEBUG impl.RaftServerImpl (RaftServerImpl.java:requestVote(775)) - s2@group-31A0E89A70DD replies to vote request: s0<-s2#0:FAIL-t9. Peer's state: s2@group-31A0E89A70DD:t9, leader=null, voted=s2, raftlog=s2@group-31A0E89A70DD-SegmentedRaftLog:OPENED:c-1,f-1,i0, conf=-1: [s0:0.0.0.0:43926, s1:0.0.0.0:41045, s2:0.0.0.0:43384], old=null
2019-09-24 16:36:35,340 INFO  impl.LeaderElection (LeaderElection.java:logAndReturn(56)) - s1@group-31A0E89A70DD-LeaderElection11: Election REJECTED; received 2 response(s) [s1<-s0#0:FAIL-t9, s1<-s2#0:FAIL-t9] and 0 exception(s); s1@group-31A0E89A70DD:t9, leader=null, voted=s1, raftlog=s1@group-31A0E89A70DD-SegmentedRaftLog:OPENED:c-1,f-1,i0, conf=-1: [s0:0.0.0.0:43926, s1:0.0.0.0:41045, s2:0.0.0.0:43384], old=null
2019-09-24 16:36:35,341 INFO  impl.RaftServerImpl (RaftServerImpl.java:setRole(170)) - s1@group-31A0E89A70DD: changes role from CANDIDATE to FOLLOWER at term 9 for DISCOVERED_A_NEW_TERM
2019-09-24 16:36:35,341 INFO  impl.LeaderElection (LeaderElection.java:logAndReturn(56)) - s0@group-31A0E89A70DD-LeaderElection12: Election REJECTED; received 2 response(s) [s0<-s1#0:FAIL-t9, s0<-s2#0:FAIL-t9] and 0 exception(s); s0@group-31A0E89A70DD:t9, leader=null, voted=s0, raftlog=s0@group-31A0E89A70DD-SegmentedRaftLog:OPENED:c-1,f-1,i0, conf=-1: [s0:0.0.0.0:43926, s1:0.0.0.0:41045, s2:0.0.0.0:43384], old=null
2019-09-24 16:36:35,341 INFO  impl.LeaderElection (LeaderElection.java:logAndReturn(56)) - s2@group-31A0E89A70DD-LeaderElection13: Election REJECTED; received 2 response(s) [s2<-s0#0:FAIL-t9, s2<-s1#0:FAIL-t9] and 0 exception(s); s2@group-31A0E89A70DD:t9, leader=null, voted=s2, raftlog=s2@group-31A0E89A70DD-SegmentedRaftLog:OPENED:c-1,f-1,i0, conf=-1: [s0:0.0.0.0:43926, s1:0.0.0.0:41045, s2:0.0.0.0:43384], old=null
2019-09-24 16:36:35,341 INFO  impl.RaftServerImpl (RaftServerImpl.java:setRole(170)) - s0@group-31A0E89A70DD: changes role from CANDIDATE to FOLLOWER at term 9 for DISCOVERED_A_NEW_TERM
2019-09-24 16:36:35,341 INFO  impl.RoleInfo (RoleInfo.java:shutdownLeaderElection(134)) - s1: shutdown LeaderElection
2019-09-24 16:36:35,341 INFO  impl.RoleInfo (RoleInfo.java:shutdownLeaderElection(134)) - s0: shutdown LeaderElection
2019-09-24 16:36:35,341 INFO  impl.RaftServerImpl (RaftServerImpl.java:setRole(170)) - s2@group-31A0E89A70DD: changes role from CANDIDATE to FOLLOWER at term 9 for DISCOVERED_A_NEW_TERM
2019-09-24 16:36:35,342 INFO  impl.RoleInfo (RoleInfo.java:updateAndGet(143)) - s0: start FollowerState
2019-09-24 16:36:35,342 INFO  impl.RoleInfo (RoleInfo.java:updateAndGet(143)) - s1: start FollowerState
2019-09-24 16:36:35,342 INFO  impl.RoleInfo (RoleInfo.java:shutdownLeaderElection(134)) - s2: shutdown LeaderElection
2019-09-24 16:36:35,343 INFO  impl.RoleInfo (RoleInfo.java:updateAndGet(143)) - s2: start FollowerState
2019-09-24 16:36:35,536 INFO  impl.FollowerState (FollowerState.java:run(108)) - s2@group-31A0E89A70DD-FollowerState: change to CANDIDATE, lastRpcTime:193ms, electionTimeout:193ms
2019-09-24 16:36:35,536 INFO  impl.RoleInfo (RoleInfo.java:shutdownFollowerState(121)) - s2: shutdown FollowerState
2019-09-24 16:36:35,537 INFO  impl.RaftServerImpl (RaftServerImpl.java:setRole(170)) - s2@group-31A0E89A70DD: changes role from  FOLLOWER to CANDIDATE at term 9 for changeToCandidate
2019-09-24 16:36:35,537 INFO  impl.RoleInfo (RoleInfo.java:updateAndGet(143)) - s2: start LeaderElection
2019-09-24 16:36:35,542 INFO  impl.FollowerState (FollowerState.java:run(108)) - s1@group-31A0E89A70DD-FollowerState: change to CANDIDATE, lastRpcTime:200ms, electionTimeout:199ms
2019-09-24 16:36:35,542 INFO  impl.RoleInfo (RoleInfo.java:shutdownFollowerState(121)) - s1: shutdown FollowerState
2019-09-24 16:36:35,542 INFO  impl.RaftServerImpl (RaftServerImpl.java:setRole(170)) - s1@group-31A0E89A70DD: changes role from  FOLLOWER to CANDIDATE at term 9 for changeToCandidate
2019-09-24 16:36:35,543 INFO  impl.RoleInfo (RoleInfo.java:updateAndGet(143)) - s1: start LeaderElection
2019-09-24 16:36:35,609 INFO  impl.FollowerState (FollowerState.java:run(108)) - s0@group-31A0E89A70DD-FollowerState: change to CANDIDATE, lastRpcTime:266ms, electionTimeout:266ms
2019-09-24 16:36:35,609 INFO  impl.RoleInfo (RoleInfo.java:shutdownFollowerState(121)) - s0: shutdown FollowerState
2019-09-24 16:36:35,609 INFO  impl.RaftServerImpl (RaftServerImpl.java:setRole(170)) - s0@group-31A0E89A70DD: changes role from  FOLLOWER to CANDIDATE at term 9 for changeToCandidate
2019-09-24 16:36:35,609 INFO  impl.RoleInfo (RoleInfo.java:updateAndGet(143)) - s0: start LeaderElection
2019-09-24 16:36:35,622 WARN  ratis.RaftTestUtil (JavaUtils.java:attempt(158)) - FAILED "waitForLeader-null-(expectLeader? true)", attempt #98/100: java.lang.IllegalStateException: No leader yet : printing ALL groups
  s0:  RUNNING CANDIDATE s0@group-31A0E89A70DD:t10, leader=null, voted=s0, raftlog=s0@group-31A0E89A70DD-SegmentedRaftLog:OPENED:c-1,f-1,i0, conf=-1: [s0:0.0.0.0:43926, s1:0.0.0.0:41045, s2:0.0.0.0:43384], old=null RUNNING
  s1:  RUNNING CANDIDATE s1@group-31A0E89A70DD:t10, leader=null, voted=s1, raftlog=s1@group-31A0E89A70DD-SegmentedRaftLog:OPENED:c-1,f-1,i0, conf=-1: [s0:0.0.0.0:43926, s1:0.0.0.0:41045, s2:0.0.0.0:43384], old=null RUNNING
  s2:  RUNNING CANDIDATE s2@group-31A0E89A70DD:t10, leader=null, voted=s2, raftlog=s2@group-31A0E89A70DD-SegmentedRaftLog:OPENED:c-1,f-1,i0, conf=-1: [s0:0.0.0.0:43926, s1:0.0.0.0:41045, s2:0.0.0.0:43384], old=null RUNNING, sleep 450ms and then retry.
java.lang.IllegalStateException: No leader yet : printing ALL groups
  s0:  RUNNING CANDIDATE s0@group-31A0E89A70DD:t10, leader=null, voted=s0, raftlog=s0@group-31A0E89A70DD-SegmentedRaftLog:OPENED:c-1,f-1,i0, conf=-1: [s0:0.0.0.0:43926, s1:0.0.0.0:41045, s2:0.0.0.0:43384], old=null RUNNING
  s1:  RUNNING CANDIDATE s1@group-31A0E89A70DD:t10, leader=null, voted=s1, raftlog=s1@group-31A0E89A70DD-SegmentedRaftLog:OPENED:c-1,f-1,i0, conf=-1: [s0:0.0.0.0:43926, s1:0.0.0.0:41045, s2:0.0.0.0:43384], old=null RUNNING
  s2:  RUNNING CANDIDATE s2@group-31A0E89A70DD:t10, leader=null, voted=s2, raftlog=s2@group-31A0E89A70DD-SegmentedRaftLog:OPENED:c-1,f-1,i0, conf=-1: [s0:0.0.0.0:43926, s1:0.0.0.0:41045, s2:0.0.0.0:43384], old=null RUNNING
	at org.apache.ratis.MiniRaftCluster.newIllegalStateExceptionForNoLeaders(MiniRaftCluster.java:506)
	at org.apache.ratis.RaftTestUtil.lambda$waitForLeader$1(RaftTestUtil.java:90)
	at org.apache.ratis.MiniRaftCluster.getLeader(MiniRaftCluster.java:539)
	at org.apache.ratis.MiniRaftCluster.getLeader(MiniRaftCluster.java:532)
	at org.apache.ratis.RaftTestUtil.lambda$waitForLeader$3(RaftTestUtil.java:98)
	at org.apache.ratis.util.JavaUtils.attempt(JavaUtils.java:152)
	at org.apache.ratis.RaftTestUtil.waitForLeader(RaftTestUtil.java:97)
	at org.apache.ratis.RaftTestUtil.waitForLeader(RaftTestUtil.java:77)
	at org.apache.ratis.RaftTestUtil.waitForLeader(RaftTestUtil.java:72)
	at org.apache.ratis.RetryCacheTests.runTestBasicRetry(RetryCacheTests.java:64)
	at org.apache.ratis.MiniRaftCluster$Factory$Get.runWithNewCluster(MiniRaftCluster.java:125)
	at org.apache.ratis.MiniRaftCluster$Factory$Get.runWithNewCluster(MiniRaftCluster.java:113)
	at org.apache.ratis.RetryCacheTests.testBasicRetry(RetryCacheTests.java:60)
	at sun.reflect.NativeMethodAccessorImpl.invoke0(Native Method)
	at sun.reflect.NativeMethodAccessorImpl.invoke(NativeMethodAccessorImpl.java:62)
	at sun.reflect.DelegatingMethodAccessorImpl.invoke(DelegatingMethodAccessorImpl.java:43)
	at java.lang.reflect.Method.invoke(Method.java:498)
	at org.junit.runners.model.FrameworkMethod$1.runReflectiveCall(FrameworkMethod.java:50)
	at org.junit.internal.runners.model.ReflectiveCallable.run(ReflectiveCallable.java:12)
	at org.junit.runners.model.FrameworkMethod.invokeExplosively(FrameworkMethod.java:47)
	at org.junit.internal.runners.statements.InvokeMethod.evaluate(InvokeMethod.java:17)
	at org.junit.internal.runners.statements.RunAfters.evaluate(RunAfters.java:27)
	at org.junit.internal.runners.statements.FailOnTimeout$CallableStatement.call(FailOnTimeout.java:298)
	at org.junit.internal.runners.statements.FailOnTimeout$CallableStatement.call(FailOnTimeout.java:292)
	at java.util.concurrent.FutureTask.run(FutureTask.java:266)
	at java.lang.Thread.run(Thread.java:748)
2019-09-24 16:36:36,074 WARN  ratis.RaftTestUtil (JavaUtils.java:attempt(158)) - FAILED "waitForLeader-null-(expectLeader? true)", attempt #99/100: java.lang.IllegalStateException: No leader yet : printing ALL groups
  s0:  RUNNING CANDIDATE s0@group-31A0E89A70DD:t10, leader=null, voted=s0, raftlog=s0@group-31A0E89A70DD-SegmentedRaftLog:OPENED:c-1,f-1,i0, conf=-1: [s0:0.0.0.0:43926, s1:0.0.0.0:41045, s2:0.0.0.0:43384], old=null RUNNING
  s1:  RUNNING CANDIDATE s1@group-31A0E89A70DD:t10, leader=null, voted=s1, raftlog=s1@group-31A0E89A70DD-SegmentedRaftLog:OPENED:c-1,f-1,i0, conf=-1: [s0:0.0.0.0:43926, s1:0.0.0.0:41045, s2:0.0.0.0:43384], old=null RUNNING
  s2:  RUNNING CANDIDATE s2@group-31A0E89A70DD:t10, leader=null, voted=s2, raftlog=s2@group-31A0E89A70DD-SegmentedRaftLog:OPENED:c-1,f-1,i0, conf=-1: [s0:0.0.0.0:43926, s1:0.0.0.0:41045, s2:0.0.0.0:43384], old=null RUNNING, sleep 450ms and then retry.
java.lang.IllegalStateException: No leader yet : printing ALL groups
  s0:  RUNNING CANDIDATE s0@group-31A0E89A70DD:t10, leader=null, voted=s0, raftlog=s0@group-31A0E89A70DD-SegmentedRaftLog:OPENED:c-1,f-1,i0, conf=-1: [s0:0.0.0.0:43926, s1:0.0.0.0:41045, s2:0.0.0.0:43384], old=null RUNNING
  s1:  RUNNING CANDIDATE s1@group-31A0E89A70DD:t10, leader=null, voted=s1, raftlog=s1@group-31A0E89A70DD-SegmentedRaftLog:OPENED:c-1,f-1,i0, conf=-1: [s0:0.0.0.0:43926, s1:0.0.0.0:41045, s2:0.0.0.0:43384], old=null RUNNING
  s2:  RUNNING CANDIDATE s2@group-31A0E89A70DD:t10, leader=null, voted=s2, raftlog=s2@group-31A0E89A70DD-SegmentedRaftLog:OPENED:c-1,f-1,i0, conf=-1: [s0:0.0.0.0:43926, s1:0.0.0.0:41045, s2:0.0.0.0:43384], old=null RUNNING
	at org.apache.ratis.MiniRaftCluster.newIllegalStateExceptionForNoLeaders(MiniRaftCluster.java:506)
	at org.apache.ratis.RaftTestUtil.lambda$waitForLeader$1(RaftTestUtil.java:90)
	at org.apache.ratis.MiniRaftCluster.getLeader(MiniRaftCluster.java:539)
	at org.apache.ratis.MiniRaftCluster.getLeader(MiniRaftCluster.java:532)
	at org.apache.ratis.RaftTestUtil.lambda$waitForLeader$3(RaftTestUtil.java:98)
	at org.apache.ratis.util.JavaUtils.attempt(JavaUtils.java:152)
	at org.apache.ratis.RaftTestUtil.waitForLeader(RaftTestUtil.java:97)
	at org.apache.ratis.RaftTestUtil.waitForLeader(RaftTestUtil.java:77)
	at org.apache.ratis.RaftTestUtil.waitForLeader(RaftTestUtil.java:72)
	at org.apache.ratis.RetryCacheTests.runTestBasicRetry(RetryCacheTests.java:64)
	at org.apache.ratis.MiniRaftCluster$Factory$Get.runWithNewCluster(MiniRaftCluster.java:125)
	at org.apache.ratis.MiniRaftCluster$Factory$Get.runWithNewCluster(MiniRaftCluster.java:113)
	at org.apache.ratis.RetryCacheTests.testBasicRetry(RetryCacheTests.java:60)
	at sun.reflect.NativeMethodAccessorImpl.invoke0(Native Method)
	at sun.reflect.NativeMethodAccessorImpl.invoke(NativeMethodAccessorImpl.java:62)
	at sun.reflect.DelegatingMethodAccessorImpl.invoke(DelegatingMethodAccessorImpl.java:43)
	at java.lang.reflect.Method.invoke(Method.java:498)
	at org.junit.runners.model.FrameworkMethod$1.runReflectiveCall(FrameworkMethod.java:50)
	at org.junit.internal.runners.model.ReflectiveCallable.run(ReflectiveCallable.java:12)
	at org.junit.runners.model.FrameworkMethod.invokeExplosively(FrameworkMethod.java:47)
	at org.junit.internal.runners.statements.InvokeMethod.evaluate(InvokeMethod.java:17)
	at org.junit.internal.runners.statements.RunAfters.evaluate(RunAfters.java:27)
	at org.junit.internal.runners.statements.FailOnTimeout$CallableStatement.call(FailOnTimeout.java:298)
	at org.junit.internal.runners.statements.FailOnTimeout$CallableStatement.call(FailOnTimeout.java:292)
	at java.util.concurrent.FutureTask.run(FutureTask.java:266)
	at java.lang.Thread.run(Thread.java:748)
2019-09-24 16:36:36,526 INFO  ratis.MiniRaftCluster (MiniRaftCluster.java:runWithNewCluster(127)) - printing ALL groups
  s0:  RUNNING CANDIDATE s0@group-31A0E89A70DD:t10, leader=null, voted=s0, raftlog=s0@group-31A0E89A70DD-SegmentedRaftLog:OPENED:c-1,f-1,i0, conf=-1: [s0:0.0.0.0:43926, s1:0.0.0.0:41045, s2:0.0.0.0:43384], old=null RUNNING
  s1:  RUNNING CANDIDATE s1@group-31A0E89A70DD:t10, leader=null, voted=s1, raftlog=s1@group-31A0E89A70DD-SegmentedRaftLog:OPENED:c-1,f-1,i0, conf=-1: [s0:0.0.0.0:43926, s1:0.0.0.0:41045, s2:0.0.0.0:43384], old=null RUNNING
  s2:  RUNNING CANDIDATE s2@group-31A0E89A70DD:t10, leader=null, voted=s2, raftlog=s2@group-31A0E89A70DD-SegmentedRaftLog:OPENED:c-1,f-1,i0, conf=-1: [s0:0.0.0.0:43926, s1:0.0.0.0:41045, s2:0.0.0.0:43384], old=null RUNNING
2019-09-24 16:36:36,526 ERROR ratis.MiniRaftCluster (MiniRaftCluster.java:runWithNewCluster(128)) - Failed org.apache.ratis.MiniRaftCluster$Factory$Get.runWithNewCluster(MiniRaftCluster.java:113)
java.lang.IllegalStateException: No leader yet : printing ALL groups
  s0:  RUNNING CANDIDATE s0@group-31A0E89A70DD:t10, leader=null, voted=s0, raftlog=s0@group-31A0E89A70DD-SegmentedRaftLog:OPENED:c-1,f-1,i0, conf=-1: [s0:0.0.0.0:43926, s1:0.0.0.0:41045, s2:0.0.0.0:43384], old=null RUNNING
  s1:  RUNNING CANDIDATE s1@group-31A0E89A70DD:t10, leader=null, voted=s1, raftlog=s1@group-31A0E89A70DD-SegmentedRaftLog:OPENED:c-1,f-1,i0, conf=-1: [s0:0.0.0.0:43926, s1:0.0.0.0:41045, s2:0.0.0.0:43384], old=null RUNNING
  s2:  RUNNING CANDIDATE s2@group-31A0E89A70DD:t10, leader=null, voted=s2, raftlog=s2@group-31A0E89A70DD-SegmentedRaftLog:OPENED:c-1,f-1,i0, conf=-1: [s0:0.0.0.0:43926, s1:0.0.0.0:41045, s2:0.0.0.0:43384], old=null RUNNING
	at org.apache.ratis.MiniRaftCluster.newIllegalStateExceptionForNoLeaders(MiniRaftCluster.java:506)
	at org.apache.ratis.RaftTestUtil.lambda$waitForLeader$1(RaftTestUtil.java:90)
	at org.apache.ratis.MiniRaftCluster.getLeader(MiniRaftCluster.java:539)
	at org.apache.ratis.MiniRaftCluster.getLeader(MiniRaftCluster.java:532)
	at org.apache.ratis.RaftTestUtil.lambda$waitForLeader$3(RaftTestUtil.java:98)
	at org.apache.ratis.util.JavaUtils.attempt(JavaUtils.java:152)
	at org.apache.ratis.RaftTestUtil.waitForLeader(RaftTestUtil.java:97)
	at org.apache.ratis.RaftTestUtil.waitForLeader(RaftTestUtil.java:77)
	at org.apache.ratis.RaftTestUtil.waitForLeader(RaftTestUtil.java:72)
	at org.apache.ratis.RetryCacheTests.runTestBasicRetry(RetryCacheTests.java:64)
	at org.apache.ratis.MiniRaftCluster$Factory$Get.runWithNewCluster(MiniRaftCluster.java:125)
	at org.apache.ratis.MiniRaftCluster$Factory$Get.runWithNewCluster(MiniRaftCluster.java:113)
	at org.apache.ratis.RetryCacheTests.testBasicRetry(RetryCacheTests.java:60)
	at sun.reflect.NativeMethodAccessorImpl.invoke0(Native Method)
	at sun.reflect.NativeMethodAccessorImpl.invoke(NativeMethodAccessorImpl.java:62)
	at sun.reflect.DelegatingMethodAccessorImpl.invoke(DelegatingMethodAccessorImpl.java:43)
	at java.lang.reflect.Method.invoke(Method.java:498)
	at org.junit.runners.model.FrameworkMethod$1.runReflectiveCall(FrameworkMethod.java:50)
	at org.junit.internal.runners.model.ReflectiveCallable.run(ReflectiveCallable.java:12)
	at org.junit.runners.model.FrameworkMethod.invokeExplosively(FrameworkMethod.java:47)
	at org.junit.internal.runners.statements.InvokeMethod.evaluate(InvokeMethod.java:17)
	at org.junit.internal.runners.statements.RunAfters.evaluate(RunAfters.java:27)
	at org.junit.internal.runners.statements.FailOnTimeout$CallableStatement.call(FailOnTimeout.java:298)
	at org.junit.internal.runners.statements.FailOnTimeout$CallableStatement.call(FailOnTimeout.java:292)
	at java.util.concurrent.FutureTask.run(FutureTask.java:266)
	at java.lang.Thread.run(Thread.java:748)
2019-09-24 16:36:36,527 INFO  ratis.MiniRaftCluster (MiniRaftCluster.java:shutdown(700)) - ************************************************************** 
2019-09-24 16:36:36,527 INFO  ratis.MiniRaftCluster (MiniRaftCluster.java:shutdown(701)) - *** 
2019-09-24 16:36:36,527 INFO  ratis.MiniRaftCluster (MiniRaftCluster.java:shutdown(702)) - ***     Stopping MiniRaftClusterWithNetty
2019-09-24 16:36:36,527 INFO  ratis.MiniRaftCluster (MiniRaftCluster.java:shutdown(703)) - *** 
2019-09-24 16:36:36,527 INFO  ratis.MiniRaftCluster (MiniRaftCluster.java:shutdown(704)) - ************************************************************** 
2019-09-24 16:36:36,528 INFO  ratis.MiniRaftCluster (MiniRaftCluster.java:shutdown(705)) - printing ALL groups
  s0:  RUNNING CANDIDATE s0@group-31A0E89A70DD:t10, leader=null, voted=s0, raftlog=s0@group-31A0E89A70DD-SegmentedRaftLog:OPENED:c-1,f-1,i0, conf=-1: [s0:0.0.0.0:43926, s1:0.0.0.0:41045, s2:0.0.0.0:43384], old=null RUNNING
  s1:  RUNNING CANDIDATE s1@group-31A0E89A70DD:t10, leader=null, voted=s1, raftlog=s1@group-31A0E89A70DD-SegmentedRaftLog:OPENED:c-1,f-1,i0, conf=-1: [s0:0.0.0.0:43926, s1:0.0.0.0:41045, s2:0.0.0.0:43384], old=null RUNNING
  s2:  RUNNING CANDIDATE s2@group-31A0E89A70DD:t10, leader=null, voted=s2, raftlog=s2@group-31A0E89A70DD-SegmentedRaftLog:OPENED:c-1,f-1,i0, conf=-1: [s0:0.0.0.0:43926, s1:0.0.0.0:41045, s2:0.0.0.0:43384], old=null RUNNING
2019-09-24 16:36:36,533 INFO  impl.RaftServerProxy (RaftServerProxy.java:lambda$close$4(314)) - s0: close
2019-09-24 16:36:36,533 INFO  impl.RaftServerProxy (RaftServerProxy.java:lambda$close$4(314)) - s2: close
2019-09-24 16:36:36,533 INFO  impl.RaftServerProxy (RaftServerProxy.java:lambda$close$4(314)) - s1: close
2019-09-24 16:36:36,537 INFO  impl.RaftServerImpl (RaftServerImpl.java:lambda$shutdown$3(247)) - s2@group-31A0E89A70DD: shutdown
2019-09-24 16:36:36,537 INFO  impl.RaftServerImpl (RaftServerImpl.java:lambda$shutdown$3(247)) - s1@group-31A0E89A70DD: shutdown
2019-09-24 16:36:36,537 INFO  impl.RaftServerImpl (RaftServerImpl.java:lambda$shutdown$3(247)) - s0@group-31A0E89A70DD: shutdown
2019-09-24 16:36:36,538 INFO  util.JmxRegister (JmxRegister.java:unregister(73)) - Successfully un-registered JMX Bean with object name Ratis:service=RaftServer,group=group-31A0E89A70DD,id=s2
2019-09-24 16:36:36,539 INFO  util.JmxRegister (JmxRegister.java:unregister(73)) - Successfully un-registered JMX Bean with object name Ratis:service=RaftServer,group=group-31A0E89A70DD,id=s0
2019-09-24 16:36:36,539 INFO  impl.RoleInfo (RoleInfo.java:shutdownLeaderElection(134)) - s0: shutdown LeaderElection
2019-09-24 16:36:36,538 INFO  util.JmxRegister (JmxRegister.java:unregister(73)) - Successfully un-registered JMX Bean with object name Ratis:service=RaftServer,group=group-31A0E89A70DD,id=s1
2019-09-24 16:36:36,539 INFO  impl.StateMachineUpdater (StateMachineUpdater.java:stopAndJoin(136)) - s0@group-31A0E89A70DD-StateMachineUpdater: set stopIndex = -1
2019-09-24 16:36:36,539 INFO  impl.RoleInfo (RoleInfo.java:shutdownLeaderElection(134)) - s2: shutdown LeaderElection
2019-09-24 16:36:36,540 INFO  impl.RaftServerImpl (ServerState.java:close(386)) - s0@group-31A0E89A70DD: closes. applyIndex: -1
2019-09-24 16:36:36,540 INFO  impl.RoleInfo (RoleInfo.java:shutdownLeaderElection(134)) - s1: shutdown LeaderElection
2019-09-24 16:36:36,540 INFO  impl.StateMachineUpdater (StateMachineUpdater.java:stopAndJoin(136)) - s2@group-31A0E89A70DD-StateMachineUpdater: set stopIndex = -1
2019-09-24 16:36:36,541 INFO  impl.StateMachineUpdater (StateMachineUpdater.java:stopAndJoin(136)) - s1@group-31A0E89A70DD-StateMachineUpdater: set stopIndex = -1
2019-09-24 16:36:36,542 INFO  impl.RaftServerImpl (ServerState.java:close(386)) - s2@group-31A0E89A70DD: closes. applyIndex: -1
2019-09-24 16:36:36,542 INFO  impl.RaftServerImpl (ServerState.java:close(386)) - s1@group-31A0E89A70DD: closes. applyIndex: -1
2019-09-24 16:36:36,547 INFO  segmented.SegmentedRaftLogWorker (SegmentedRaftLogWorker.java:run(313)) - s2@group-31A0E89A70DD-SegmentedRaftLogWorker was interrupted, exiting. There are 0 tasks remaining in the queue.
2019-09-24 16:36:36,547 INFO  segmented.SegmentedRaftLogWorker (SegmentedRaftLogWorker.java:run(313)) - s1@group-31A0E89A70DD-SegmentedRaftLogWorker was interrupted, exiting. There are 0 tasks remaining in the queue.
2019-09-24 16:36:36,547 INFO  segmented.SegmentedRaftLogWorker (SegmentedRaftLogWorker.java:close(228)) - s2@group-31A0E89A70DD-SegmentedRaftLogWorker close()
2019-09-24 16:36:36,547 INFO  segmented.SegmentedRaftLogWorker (SegmentedRaftLogWorker.java:run(313)) - s0@group-31A0E89A70DD-SegmentedRaftLogWorker was interrupted, exiting. There are 0 tasks remaining in the queue.
2019-09-24 16:36:36,547 INFO  segmented.SegmentedRaftLogWorker (SegmentedRaftLogWorker.java:close(228)) - s1@group-31A0E89A70DD-SegmentedRaftLogWorker close()
2019-09-24 16:36:36,548 INFO  segmented.SegmentedRaftLogWorker (SegmentedRaftLogWorker.java:close(228)) - s0@group-31A0E89A70DD-SegmentedRaftLogWorker close()
2019-09-24 16:36:36,550 INFO  logging.LoggingHandler (AbstractInternalLogger.java:log(150)) - [id: 0x09ea98f3, L:/0.0.0.0:43926] UNREGISTERED
2019-09-24 16:36:36,550 INFO  logging.LoggingHandler (AbstractInternalLogger.java:log(150)) - [id: 0xbaa175c5, L:/0.0.0.0:41045] UNREGISTERED
2019-09-24 16:36:36,550 INFO  logging.LoggingHandler (AbstractInternalLogger.java:log(150)) - [id: 0xd1d5cf78, L:/0.0.0.0:43384] UNREGISTERED
2019-09-24 16:36:36,557 INFO  ratis.MiniRaftCluster (MiniRaftCluster.java:shutdown(722)) - MiniRaftClusterWithNetty shutdown completed
]]></system-out>
  </testcase>
  <testcase name="testRetryOnNewLeader" classname="org.apache.ratis.netty.TestRetryCacheWithNettyRpc" time="61.615"/>
</testsuite>