<?xml version="1.0" encoding="UTF-8"?>
<testsuite xmlns:xsi="http://www.w3.org/2001/XMLSchema-instance" xsi:noNamespaceSchemaLocation="https://maven.apache.org/surefire/maven-surefire-plugin/xsd/surefire-test-report.xsd" name="org.apache.ratis.netty.TestGroupManagementWithNetty" time="146.16" tests="4" errors="1" skipped="0" failures="0">
  <properties>
    <property name="awt.toolkit" value="sun.awt.X11.XToolkit"/>
    <property name="file.encoding.pkg" value="sun.io"/>
    <property name="java.specification.version" value="1.8"/>
    <property name="sun.cpu.isalist" value=""/>
    <property name="sun.jnu.encoding" value="UTF-8"/>
    <property name="java.class.path" value="/workdir/ratis-test/target/test-classes:/workdir/ratis-test/target/classes:/workdir/ratis-common/target/classes:/home/user/.m2/repository/org/apache/ratis/ratis-thirdparty-misc/0.2.0/ratis-thirdparty-misc-0.2.0.jar:/workdir/ratis-proto/target/ratis-proto-0.5.0-SNAPSHOT.jar:/home/user/.m2/repository/org/slf4j/slf4j-log4j12/1.7.10/slf4j-log4j12-1.7.10.jar:/home/user/.m2/repository/log4j/log4j/1.2.17/log4j-1.2.17.jar:/workdir/ratis-common/target/test-classes:/workdir/ratis-client/target/classes:/workdir/ratis-server/target/classes:/workdir/ratis-metrics/target/classes:/home/user/.m2/repository/io/dropwizard/metrics/metrics-core/3.2.5/metrics-core-3.2.5.jar:/home/user/.m2/repository/com/github/joshelser/dropwizard-metrics-hadoop-metrics2-reporter/0.1.2/dropwizard-metrics-hadoop-metrics2-reporter-0.1.2.jar:/home/user/.m2/repository/org/apache/hadoop/hadoop-common/2.6.0/hadoop-common-2.6.0.jar:/home/user/.m2/repository/org/apache/hadoop/hadoop-annotations/2.6.0/hadoop-annotations-2.6.0.jar:/usr/lib/jvm/java-1.8-openjdk/jre/../lib/tools.jar:/home/user/.m2/repository/com/google/guava/guava/11.0.2/guava-11.0.2.jar:/home/user/.m2/repository/commons-cli/commons-cli/1.2/commons-cli-1.2.jar:/home/user/.m2/repository/org/apache/commons/commons-math3/3.1.1/commons-math3-3.1.1.jar:/home/user/.m2/repository/xmlenc/xmlenc/0.52/xmlenc-0.52.jar:/home/user/.m2/repository/commons-httpclient/commons-httpclient/3.1/commons-httpclient-3.1.jar:/home/user/.m2/repository/commons-codec/commons-codec/1.4/commons-codec-1.4.jar:/home/user/.m2/repository/commons-io/commons-io/2.4/commons-io-2.4.jar:/home/user/.m2/repository/commons-net/commons-net/3.1/commons-net-3.1.jar:/home/user/.m2/repository/commons-collections/commons-collections/3.2.1/commons-collections-3.2.1.jar:/home/user/.m2/repository/javax/servlet/servlet-api/2.5/servlet-api-2.5.jar:/home/user/.m2/repository/org/mortbay/jetty/jetty/6.1.26/jetty-6.1.26.jar:/home/user/.m2/repository/org/mortbay/jetty/jetty-util/6.1.26/jetty-util-6.1.26.jar:/home/user/.m2/repository/com/sun/jersey/jersey-core/1.9/jersey-core-1.9.jar:/home/user/.m2/repository/com/sun/jersey/jersey-json/1.9/jersey-json-1.9.jar:/home/user/.m2/repository/org/codehaus/jettison/jettison/1.1/jettison-1.1.jar:/home/user/.m2/repository/com/sun/xml/bind/jaxb-impl/2.2.3-1/jaxb-impl-2.2.3-1.jar:/home/user/.m2/repository/javax/xml/bind/jaxb-api/2.2.2/jaxb-api-2.2.2.jar:/home/user/.m2/repository/javax/xml/stream/stax-api/1.0-2/stax-api-1.0-2.jar:/home/user/.m2/repository/javax/activation/activation/1.1/activation-1.1.jar:/home/user/.m2/repository/org/codehaus/jackson/jackson-jaxrs/1.8.3/jackson-jaxrs-1.8.3.jar:/home/user/.m2/repository/org/codehaus/jackson/jackson-xc/1.8.3/jackson-xc-1.8.3.jar:/home/user/.m2/repository/com/sun/jersey/jersey-server/1.9/jersey-server-1.9.jar:/home/user/.m2/repository/asm/asm/3.1/asm-3.1.jar:/home/user/.m2/repository/tomcat/jasper-compiler/5.5.23/jasper-compiler-5.5.23.jar:/home/user/.m2/repository/tomcat/jasper-runtime/5.5.23/jasper-runtime-5.5.23.jar:/home/user/.m2/repository/javax/servlet/jsp/jsp-api/2.1/jsp-api-2.1.jar:/home/user/.m2/repository/commons-el/commons-el/1.0/commons-el-1.0.jar:/home/user/.m2/repository/commons-logging/commons-logging/1.1.3/commons-logging-1.1.3.jar:/home/user/.m2/repository/net/java/dev/jets3t/jets3t/0.9.0/jets3t-0.9.0.jar:/home/user/.m2/repository/org/apache/httpcomponents/httpclient/4.1.2/httpclient-4.1.2.jar:/home/user/.m2/repository/org/apache/httpcomponents/httpcore/4.1.2/httpcore-4.1.2.jar:/home/user/.m2/repository/com/jamesmurty/utils/java-xmlbuilder/0.4/java-xmlbuilder-0.4.jar:/home/user/.m2/repository/commons-lang/commons-lang/2.6/commons-lang-2.6.jar:/home/user/.m2/repository/commons-configuration/commons-configuration/1.6/commons-configuration-1.6.jar:/home/user/.m2/repository/commons-digester/commons-digester/1.8/commons-digester-1.8.jar:/home/user/.m2/repository/commons-beanutils/commons-beanutils/1.7.0/commons-beanutils-1.7.0.jar:/home/user/.m2/repository/commons-beanutils/commons-beanutils-core/1.8.0/commons-beanutils-core-1.8.0.jar:/home/user/.m2/repository/org/codehaus/jackson/jackson-core-asl/1.9.13/jackson-core-asl-1.9.13.jar:/home/user/.m2/repository/org/codehaus/jackson/jackson-mapper-asl/1.9.13/jackson-mapper-asl-1.9.13.jar:/home/user/.m2/repository/org/apache/avro/avro/1.7.4/avro-1.7.4.jar:/home/user/.m2/repository/com/thoughtworks/paranamer/paranamer/2.3/paranamer-2.3.jar:/home/user/.m2/repository/org/xerial/snappy/snappy-java/1.0.4.1/snappy-java-1.0.4.1.jar:/home/user/.m2/repository/com/google/protobuf/protobuf-java/2.5.0/protobuf-java-2.5.0.jar:/home/user/.m2/repository/com/google/code/gson/gson/2.2.4/gson-2.2.4.jar:/home/user/.m2/repository/org/apache/hadoop/hadoop-auth/2.6.0/hadoop-auth-2.6.0.jar:/home/user/.m2/repository/org/apache/directory/server/apacheds-kerberos-codec/2.0.0-M15/apacheds-kerberos-codec-2.0.0-M15.jar:/home/user/.m2/repository/org/apache/directory/server/apacheds-i18n/2.0.0-M15/apacheds-i18n-2.0.0-M15.jar:/home/user/.m2/repository/org/apache/directory/api/api-asn1-api/1.0.0-M20/api-asn1-api-1.0.0-M20.jar:/home/user/.m2/repository/org/apache/directory/api/api-util/1.0.0-M20/api-util-1.0.0-M20.jar:/home/user/.m2/repository/org/apache/curator/curator-framework/2.6.0/curator-framework-2.6.0.jar:/home/user/.m2/repository/com/jcraft/jsch/0.1.42/jsch-0.1.42.jar:/home/user/.m2/repository/org/apache/curator/curator-client/2.6.0/curator-client-2.6.0.jar:/home/user/.m2/repository/org/apache/curator/curator-recipes/2.6.0/curator-recipes-2.6.0.jar:/home/user/.m2/repository/com/google/code/findbugs/jsr305/1.3.9/jsr305-1.3.9.jar:/home/user/.m2/repository/org/htrace/htrace-core/3.0.4/htrace-core-3.0.4.jar:/home/user/.m2/repository/org/apache/zookeeper/zookeeper/3.4.6/zookeeper-3.4.6.jar:/home/user/.m2/repository/io/netty/netty/3.7.0.Final/netty-3.7.0.Final.jar:/home/user/.m2/repository/org/apache/commons/commons-compress/1.4.1/commons-compress-1.4.1.jar:/home/user/.m2/repository/org/tukaani/xz/1.0/xz-1.0.jar:/home/user/.m2/repository/io/dropwizard/metrics/metrics-jvm/3.2.5/metrics-jvm-3.2.5.jar:/home/user/.m2/repository/io/dropwizard/metrics/metrics-ganglia/3.2.5/metrics-ganglia-3.2.5.jar:/home/user/.m2/repository/info/ganglia/gmetric4j/gmetric4j/1.0.7/gmetric4j-1.0.7.jar:/workdir/ratis-server/target/test-classes:/workdir/ratis-netty/target/classes:/workdir/ratis-netty/target/test-classes:/workdir/ratis-grpc/target/classes:/workdir/ratis-grpc/target/test-classes:/home/user/.m2/repository/org/slf4j/slf4j-api/1.7.10/slf4j-api-1.7.10.jar:/home/user/.m2/repository/junit/junit/4.12/junit-4.12.jar:/home/user/.m2/repository/org/hamcrest/hamcrest-core/1.3/hamcrest-core-1.3.jar:/home/user/.m2/repository/org/mockito/mockito-all/1.8.5/mockito-all-1.8.5.jar:"/>
    <property name="java.vm.vendor" value="IcedTea"/>
    <property name="sun.arch.data.model" value="64"/>
    <property name="java.vendor.url" value="https://icedtea.classpath.org"/>
    <property name="user.timezone" value=""/>
    <property name="java.vm.specification.version" value="1.8"/>
    <property name="os.name" value="Linux"/>
    <property name="user.country" value="US"/>
    <property name="sun.java.launcher" value="SUN_STANDARD"/>
    <property name="sun.boot.library.path" value="/usr/lib/jvm/java-1.8-openjdk/jre/lib/amd64"/>
    <property name="sun.java.command" value="/workdir/ratis-test/target/surefire/surefirebooter5658801967204558177.jar /workdir/ratis-test/target/surefire 2019-09-24T16-02-41_483-jvmRun1 surefire2910212633775001704tmp surefire_36164554761320938231tmp"/>
    <property name="surefire.test.class.path" value="/workdir/ratis-test/target/test-classes:/workdir/ratis-test/target/classes:/workdir/ratis-common/target/classes:/home/user/.m2/repository/org/apache/ratis/ratis-thirdparty-misc/0.2.0/ratis-thirdparty-misc-0.2.0.jar:/workdir/ratis-proto/target/ratis-proto-0.5.0-SNAPSHOT.jar:/home/user/.m2/repository/org/slf4j/slf4j-log4j12/1.7.10/slf4j-log4j12-1.7.10.jar:/home/user/.m2/repository/log4j/log4j/1.2.17/log4j-1.2.17.jar:/workdir/ratis-common/target/test-classes:/workdir/ratis-client/target/classes:/workdir/ratis-server/target/classes:/workdir/ratis-metrics/target/classes:/home/user/.m2/repository/io/dropwizard/metrics/metrics-core/3.2.5/metrics-core-3.2.5.jar:/home/user/.m2/repository/com/github/joshelser/dropwizard-metrics-hadoop-metrics2-reporter/0.1.2/dropwizard-metrics-hadoop-metrics2-reporter-0.1.2.jar:/home/user/.m2/repository/org/apache/hadoop/hadoop-common/2.6.0/hadoop-common-2.6.0.jar:/home/user/.m2/repository/org/apache/hadoop/hadoop-annotations/2.6.0/hadoop-annotations-2.6.0.jar:/usr/lib/jvm/java-1.8-openjdk/jre/../lib/tools.jar:/home/user/.m2/repository/com/google/guava/guava/11.0.2/guava-11.0.2.jar:/home/user/.m2/repository/commons-cli/commons-cli/1.2/commons-cli-1.2.jar:/home/user/.m2/repository/org/apache/commons/commons-math3/3.1.1/commons-math3-3.1.1.jar:/home/user/.m2/repository/xmlenc/xmlenc/0.52/xmlenc-0.52.jar:/home/user/.m2/repository/commons-httpclient/commons-httpclient/3.1/commons-httpclient-3.1.jar:/home/user/.m2/repository/commons-codec/commons-codec/1.4/commons-codec-1.4.jar:/home/user/.m2/repository/commons-io/commons-io/2.4/commons-io-2.4.jar:/home/user/.m2/repository/commons-net/commons-net/3.1/commons-net-3.1.jar:/home/user/.m2/repository/commons-collections/commons-collections/3.2.1/commons-collections-3.2.1.jar:/home/user/.m2/repository/javax/servlet/servlet-api/2.5/servlet-api-2.5.jar:/home/user/.m2/repository/org/mortbay/jetty/jetty/6.1.26/jetty-6.1.26.jar:/home/user/.m2/repository/org/mortbay/jetty/jetty-util/6.1.26/jetty-util-6.1.26.jar:/home/user/.m2/repository/com/sun/jersey/jersey-core/1.9/jersey-core-1.9.jar:/home/user/.m2/repository/com/sun/jersey/jersey-json/1.9/jersey-json-1.9.jar:/home/user/.m2/repository/org/codehaus/jettison/jettison/1.1/jettison-1.1.jar:/home/user/.m2/repository/com/sun/xml/bind/jaxb-impl/2.2.3-1/jaxb-impl-2.2.3-1.jar:/home/user/.m2/repository/javax/xml/bind/jaxb-api/2.2.2/jaxb-api-2.2.2.jar:/home/user/.m2/repository/javax/xml/stream/stax-api/1.0-2/stax-api-1.0-2.jar:/home/user/.m2/repository/javax/activation/activation/1.1/activation-1.1.jar:/home/user/.m2/repository/org/codehaus/jackson/jackson-jaxrs/1.8.3/jackson-jaxrs-1.8.3.jar:/home/user/.m2/repository/org/codehaus/jackson/jackson-xc/1.8.3/jackson-xc-1.8.3.jar:/home/user/.m2/repository/com/sun/jersey/jersey-server/1.9/jersey-server-1.9.jar:/home/user/.m2/repository/asm/asm/3.1/asm-3.1.jar:/home/user/.m2/repository/tomcat/jasper-compiler/5.5.23/jasper-compiler-5.5.23.jar:/home/user/.m2/repository/tomcat/jasper-runtime/5.5.23/jasper-runtime-5.5.23.jar:/home/user/.m2/repository/javax/servlet/jsp/jsp-api/2.1/jsp-api-2.1.jar:/home/user/.m2/repository/commons-el/commons-el/1.0/commons-el-1.0.jar:/home/user/.m2/repository/commons-logging/commons-logging/1.1.3/commons-logging-1.1.3.jar:/home/user/.m2/repository/net/java/dev/jets3t/jets3t/0.9.0/jets3t-0.9.0.jar:/home/user/.m2/repository/org/apache/httpcomponents/httpclient/4.1.2/httpclient-4.1.2.jar:/home/user/.m2/repository/org/apache/httpcomponents/httpcore/4.1.2/httpcore-4.1.2.jar:/home/user/.m2/repository/com/jamesmurty/utils/java-xmlbuilder/0.4/java-xmlbuilder-0.4.jar:/home/user/.m2/repository/commons-lang/commons-lang/2.6/commons-lang-2.6.jar:/home/user/.m2/repository/commons-configuration/commons-configuration/1.6/commons-configuration-1.6.jar:/home/user/.m2/repository/commons-digester/commons-digester/1.8/commons-digester-1.8.jar:/home/user/.m2/repository/commons-beanutils/commons-beanutils/1.7.0/commons-beanutils-1.7.0.jar:/home/user/.m2/repository/commons-beanutils/commons-beanutils-core/1.8.0/commons-beanutils-core-1.8.0.jar:/home/user/.m2/repository/org/codehaus/jackson/jackson-core-asl/1.9.13/jackson-core-asl-1.9.13.jar:/home/user/.m2/repository/org/codehaus/jackson/jackson-mapper-asl/1.9.13/jackson-mapper-asl-1.9.13.jar:/home/user/.m2/repository/org/apache/avro/avro/1.7.4/avro-1.7.4.jar:/home/user/.m2/repository/com/thoughtworks/paranamer/paranamer/2.3/paranamer-2.3.jar:/home/user/.m2/repository/org/xerial/snappy/snappy-java/1.0.4.1/snappy-java-1.0.4.1.jar:/home/user/.m2/repository/com/google/protobuf/protobuf-java/2.5.0/protobuf-java-2.5.0.jar:/home/user/.m2/repository/com/google/code/gson/gson/2.2.4/gson-2.2.4.jar:/home/user/.m2/repository/org/apache/hadoop/hadoop-auth/2.6.0/hadoop-auth-2.6.0.jar:/home/user/.m2/repository/org/apache/directory/server/apacheds-kerberos-codec/2.0.0-M15/apacheds-kerberos-codec-2.0.0-M15.jar:/home/user/.m2/repository/org/apache/directory/server/apacheds-i18n/2.0.0-M15/apacheds-i18n-2.0.0-M15.jar:/home/user/.m2/repository/org/apache/directory/api/api-asn1-api/1.0.0-M20/api-asn1-api-1.0.0-M20.jar:/home/user/.m2/repository/org/apache/directory/api/api-util/1.0.0-M20/api-util-1.0.0-M20.jar:/home/user/.m2/repository/org/apache/curator/curator-framework/2.6.0/curator-framework-2.6.0.jar:/home/user/.m2/repository/com/jcraft/jsch/0.1.42/jsch-0.1.42.jar:/home/user/.m2/repository/org/apache/curator/curator-client/2.6.0/curator-client-2.6.0.jar:/home/user/.m2/repository/org/apache/curator/curator-recipes/2.6.0/curator-recipes-2.6.0.jar:/home/user/.m2/repository/com/google/code/findbugs/jsr305/1.3.9/jsr305-1.3.9.jar:/home/user/.m2/repository/org/htrace/htrace-core/3.0.4/htrace-core-3.0.4.jar:/home/user/.m2/repository/org/apache/zookeeper/zookeeper/3.4.6/zookeeper-3.4.6.jar:/home/user/.m2/repository/io/netty/netty/3.7.0.Final/netty-3.7.0.Final.jar:/home/user/.m2/repository/org/apache/commons/commons-compress/1.4.1/commons-compress-1.4.1.jar:/home/user/.m2/repository/org/tukaani/xz/1.0/xz-1.0.jar:/home/user/.m2/repository/io/dropwizard/metrics/metrics-jvm/3.2.5/metrics-jvm-3.2.5.jar:/home/user/.m2/repository/io/dropwizard/metrics/metrics-ganglia/3.2.5/metrics-ganglia-3.2.5.jar:/home/user/.m2/repository/info/ganglia/gmetric4j/gmetric4j/1.0.7/gmetric4j-1.0.7.jar:/workdir/ratis-server/target/test-classes:/workdir/ratis-netty/target/classes:/workdir/ratis-netty/target/test-classes:/workdir/ratis-grpc/target/classes:/workdir/ratis-grpc/target/test-classes:/home/user/.m2/repository/org/slf4j/slf4j-api/1.7.10/slf4j-api-1.7.10.jar:/home/user/.m2/repository/junit/junit/4.12/junit-4.12.jar:/home/user/.m2/repository/org/hamcrest/hamcrest-core/1.3/hamcrest-core-1.3.jar:/home/user/.m2/repository/org/mockito/mockito-all/1.8.5/mockito-all-1.8.5.jar:"/>
    <property name="sun.cpu.endian" value="little"/>
    <property name="user.home" value="/home/user"/>
    <property name="user.language" value="en"/>
    <property name="java.specification.vendor" value="Oracle Corporation"/>
    <property name="java.home" value="/usr/lib/jvm/java-1.8-openjdk/jre"/>
    <property name="basedir" value="/workdir/ratis-test"/>
    <property name="file.separator" value="/"/>
    <property name="line.separator" value="&#10;"/>
    <property name="java.vm.specification.vendor" value="Oracle Corporation"/>
    <property name="java.specification.name" value="Java Platform API Specification"/>
    <property name="java.awt.graphicsenv" value="sun.awt.X11GraphicsEnvironment"/>
    <property name="surefire.real.class.path" value="/workdir/ratis-test/target/surefire/surefirebooter5658801967204558177.jar"/>
    <property name="sun.boot.class.path" value="/usr/lib/jvm/java-1.8-openjdk/jre/lib/resources.jar:/usr/lib/jvm/java-1.8-openjdk/jre/lib/rt.jar:/usr/lib/jvm/java-1.8-openjdk/jre/lib/sunrsasign.jar:/usr/lib/jvm/java-1.8-openjdk/jre/lib/jsse.jar:/usr/lib/jvm/java-1.8-openjdk/jre/lib/jce.jar:/usr/lib/jvm/java-1.8-openjdk/jre/lib/charsets.jar:/usr/lib/jvm/java-1.8-openjdk/jre/lib/jfr.jar:/usr/lib/jvm/java-1.8-openjdk/jre/classes"/>
    <property name="sun.management.compiler" value="HotSpot 64-Bit Tiered Compilers"/>
    <property name="java.runtime.version" value="1.8.0_212-b04"/>
    <property name="java.net.preferIPv4Stack" value="true"/>
    <property name="user.name" value="jenkins1000"/>
    <property name="path.separator" value=":"/>
    <property name="os.version" value="3.10.0-957.12.2.el7.x86_64"/>
    <property name="java.endorsed.dirs" value="/usr/lib/jvm/java-1.8-openjdk/jre/lib/endorsed"/>
    <property name="java.runtime.name" value="OpenJDK Runtime Environment"/>
    <property name="file.encoding" value="UTF-8"/>
    <property name="java.vm.name" value="OpenJDK 64-Bit Server VM"/>
    <property name="localRepository" value="/home/user/.m2/repository"/>
    <property name="java.vendor.url.bug" value="https://icedtea.classpath.org/bugzilla"/>
    <property name="java.io.tmpdir" value="/tmp"/>
    <property name="java.version" value="1.8.0_212"/>
    <property name="user.dir" value="/workdir/ratis-test"/>
    <property name="os.arch" value="amd64"/>
    <property name="ratis.tmp.dir" value="/workdir/ratis-test/target/tmp"/>
    <property name="java.vm.specification.name" value="Java Virtual Machine Specification"/>
    <property name="java.awt.printerjob" value="sun.print.PSPrinterJob"/>
    <property name="ratis.log.dir" value="/workdir/ratis-test/target/log"/>
    <property name="sun.os.patch.level" value="unknown"/>
    <property name="java.library.path" value="/usr/lib/jvm/java-1.8-openjdk/jre/lib/amd64/server:/usr/lib/jvm/java-1.8-openjdk/jre/lib/amd64:/usr/lib/jvm/java-1.8-openjdk/jre/../lib/amd64:/usr/java/packages/lib/amd64:/usr/lib64:/lib64:/lib:/usr/lib"/>
    <property name="java.vm.info" value="mixed mode"/>
    <property name="java.vendor" value="IcedTea"/>
    <property name="java.vm.version" value="25.212-b04"/>
    <property name="java.ext.dirs" value="/usr/lib/jvm/java-1.8-openjdk/jre/lib/ext:/usr/java/packages/lib/ext"/>
    <property name="sun.io.unicode.encoding" value="UnicodeLittle"/>
    <property name="java.class.version" value="52.0"/>
  </properties>
  <testcase name="testSingleGroupRestart" classname="org.apache.ratis.netty.TestGroupManagementWithNetty" time="4.477"/>
  <testcase name="testMultiGroup5Nodes" classname="org.apache.ratis.netty.TestGroupManagementWithNetty" time="39.415"/>
  <testcase name="testMultiGroup7Nodes" classname="org.apache.ratis.netty.TestGroupManagementWithNetty" time="35.69"/>
  <testcase name="testMultiGroup9Nodes" classname="org.apache.ratis.netty.TestGroupManagementWithNetty" time="66.395">
    <error message="No leader yet  for group-A7C5DBE940E2: printing group-A7C5DBE940E2&#10;  s3:  RUNNING [&#10;   FOLLOWER s3@group-FEE41E240123:t0, leader=null, voted=null, raftlog=s3@group-FEE41E240123-SegmentedRaftLog:OPENED:c-1,f-1,i0, conf=-1: [], old=null STARTING&#10;   FOLLOWER s3@group-A7C5DBE940E2:t12, leader=null, voted=s3, raftlog=s3@group-A7C5DBE940E2-SegmentedRaftLog:OPENED:c-1,f-1,i0, conf=-1: [s3:0.0.0.0:38312, s4:0.0.0.0:41737, s0:0.0.0.0:41019, s1:0.0.0.0:38816, s2:0.0.0.0:40694], old=null RUNNING] size=2&#10;  s4:  RUNNING [&#10;   FOLLOWER s4@group-FEE41E240123:t0, leader=null, voted=null, raftlog=s4@group-FEE41E240123-SegmentedRaftLog:OPENED:c-1,f-1,i0, conf=-1: [], old=null STARTING&#10;   FOLLOWER s4@group-A7C5DBE940E2:t12, leader=null, voted=s4, raftlog=s4@group-A7C5DBE940E2-SegmentedRaftLog:OPENED:c-1,f-1,i0, conf=-1: [s3:0.0.0.0:38312, s4:0.0.0.0:41737, s0:0.0.0.0:41019, s1:0.0.0.0:38816, s2:0.0.0.0:40694], old=null RUNNING] size=2&#10;  s0:  RUNNING [&#10;   FOLLOWER s0@group-FEE41E240123:t0, leader=null, voted=null, raftlog=s0@group-FEE41E240123-SegmentedRaftLog:OPENED:c-1,f-1,i0, conf=-1: [], old=null STARTING&#10;   FOLLOWER s0@group-A7C5DBE940E2:t12, leader=null, voted=s0, raftlog=s0@group-A7C5DBE940E2-SegmentedRaftLog:OPENED:c-1,f-1,i0, conf=-1: [s3:0.0.0.0:38312, s4:0.0.0.0:41737, s0:0.0.0.0:41019, s1:0.0.0.0:38816, s2:0.0.0.0:40694], old=null RUNNING] size=2&#10;  s1:  RUNNING [&#10;   FOLLOWER s1@group-FEE41E240123:t0, leader=null, voted=null, raftlog=s1@group-FEE41E240123-SegmentedRaftLog:OPENED:c-1,f-1,i0, conf=-1: [], old=null STARTING&#10;   FOLLOWER s1@group-A7C5DBE940E2:t12, leader=null, voted=s1, raftlog=s1@group-A7C5DBE940E2-SegmentedRaftLog:OPENED:c-1,f-1,i0, conf=-1: [s3:0.0.0.0:38312, s4:0.0.0.0:41737, s0:0.0.0.0:41019, s1:0.0.0.0:38816, s2:0.0.0.0:40694], old=null RUNNING] size=2&#10;  s2:  RUNNING [&#10;   FOLLOWER s2@group-FEE41E240123:t0, leader=null, voted=null, raftlog=s2@group-FEE41E240123-SegmentedRaftLog:OPENED:c-1,f-1,i0, conf=-1: [], old=null STARTING&#10;   FOLLOWER s2@group-A7C5DBE940E2:t12, leader=null, voted=s2, raftlog=s2@group-A7C5DBE940E2-SegmentedRaftLog:OPENED:c-1,f-1,i0, conf=-1: [s3:0.0.0.0:38312, s4:0.0.0.0:41737, s0:0.0.0.0:41019, s1:0.0.0.0:38816, s2:0.0.0.0:40694], old=null RUNNING] size=2" type="java.lang.IllegalStateException">java.lang.IllegalStateException: 
No leader yet  for group-A7C5DBE940E2: printing group-A7C5DBE940E2
  s3:  RUNNING [
   FOLLOWER s3@group-FEE41E240123:t0, leader=null, voted=null, raftlog=s3@group-FEE41E240123-SegmentedRaftLog:OPENED:c-1,f-1,i0, conf=-1: [], old=null STARTING
   FOLLOWER s3@group-A7C5DBE940E2:t12, leader=null, voted=s3, raftlog=s3@group-A7C5DBE940E2-SegmentedRaftLog:OPENED:c-1,f-1,i0, conf=-1: [s3:0.0.0.0:38312, s4:0.0.0.0:41737, s0:0.0.0.0:41019, s1:0.0.0.0:38816, s2:0.0.0.0:40694], old=null RUNNING] size=2
  s4:  RUNNING [
   FOLLOWER s4@group-FEE41E240123:t0, leader=null, voted=null, raftlog=s4@group-FEE41E240123-SegmentedRaftLog:OPENED:c-1,f-1,i0, conf=-1: [], old=null STARTING
   FOLLOWER s4@group-A7C5DBE940E2:t12, leader=null, voted=s4, raftlog=s4@group-A7C5DBE940E2-SegmentedRaftLog:OPENED:c-1,f-1,i0, conf=-1: [s3:0.0.0.0:38312, s4:0.0.0.0:41737, s0:0.0.0.0:41019, s1:0.0.0.0:38816, s2:0.0.0.0:40694], old=null RUNNING] size=2
  s0:  RUNNING [
   FOLLOWER s0@group-FEE41E240123:t0, leader=null, voted=null, raftlog=s0@group-FEE41E240123-SegmentedRaftLog:OPENED:c-1,f-1,i0, conf=-1: [], old=null STARTING
   FOLLOWER s0@group-A7C5DBE940E2:t12, leader=null, voted=s0, raftlog=s0@group-A7C5DBE940E2-SegmentedRaftLog:OPENED:c-1,f-1,i0, conf=-1: [s3:0.0.0.0:38312, s4:0.0.0.0:41737, s0:0.0.0.0:41019, s1:0.0.0.0:38816, s2:0.0.0.0:40694], old=null RUNNING] size=2
  s1:  RUNNING [
   FOLLOWER s1@group-FEE41E240123:t0, leader=null, voted=null, raftlog=s1@group-FEE41E240123-SegmentedRaftLog:OPENED:c-1,f-1,i0, conf=-1: [], old=null STARTING
   FOLLOWER s1@group-A7C5DBE940E2:t12, leader=null, voted=s1, raftlog=s1@group-A7C5DBE940E2-SegmentedRaftLog:OPENED:c-1,f-1,i0, conf=-1: [s3:0.0.0.0:38312, s4:0.0.0.0:41737, s0:0.0.0.0:41019, s1:0.0.0.0:38816, s2:0.0.0.0:40694], old=null RUNNING] size=2
  s2:  RUNNING [
   FOLLOWER s2@group-FEE41E240123:t0, leader=null, voted=null, raftlog=s2@group-FEE41E240123-SegmentedRaftLog:OPENED:c-1,f-1,i0, conf=-1: [], old=null STARTING
   FOLLOWER s2@group-A7C5DBE940E2:t12, leader=null, voted=s2, raftlog=s2@group-A7C5DBE940E2-SegmentedRaftLog:OPENED:c-1,f-1,i0, conf=-1: [s3:0.0.0.0:38312, s4:0.0.0.0:41737, s0:0.0.0.0:41019, s1:0.0.0.0:38816, s2:0.0.0.0:40694], old=null RUNNING] size=2
</error>
    <system-out><![CDATA[2019-09-24 16:47:23,671 INFO  util.LogUtils (LogUtils.java:setLogLevel(41)) - Set org.apache.ratis.conf.ConfUtils log level to WARN
2019-09-24 16:47:23,671 INFO  util.LogUtils (LogUtils.java:setLogLevel(41)) - Set org.apache.ratis.util.FileUtils log level to TRACE
2019-09-24 16:47:23,671 INFO  util.LogUtils (LogUtils.java:setLogLevel(41)) - Set org.apache.ratis.server.impl.RaftServerProxy log level to DEBUG
2019-09-24 16:47:23,672 INFO  util.LogUtils (LogUtils.java:setLogLevel(41)) - Set org.apache.ratis.server.impl.RaftServerImpl log level to DEBUG
2019-09-24 16:47:23,672 INFO  util.LogUtils (LogUtils.java:setLogLevel(41)) - Set org.apache.ratis.client.RaftClient log level to DEBUG
| null | init | 184 |
2019-09-24 16:47:23,674 INFO  ratis.MiniRaftCluster (MiniRaftCluster.java:<init>(253)) - new MiniRaftClusterWithNetty with group-FEE41E240123:[]
2019-09-24 16:47:23,674 INFO  impl.GroupManagementBaseTest (GroupManagementBaseTest.java:runMultiGroupTest(140)) - 

runMultiGroupTest with MiniRaftClusterWithNetty[5, 8, 9]chosen=2: printing ALL groups
2019-09-24 16:47:23,674 INFO  impl.GroupManagementBaseTest (GroupManagementBaseTest.java:runMultiGroupTest(147)) - ids: [s0, s1, s2, s3, s4, s5, s6, s7, s8]
2019-09-24 16:47:23,674 INFO  ratis.MiniRaftCluster (MiniRaftCluster.java:newRaftServer(330)) - newRaftServer: s0, group-FEE41E240123:[], format? true
2019-09-24 16:47:23,674 TRACE util.FileUtils (FileUtils.java:deleteFully(88)) - deleteFully target/test/data/572499d7/MiniRaftClusterWithNetty2a77427e/s0
2019-09-24 16:47:23,675 TRACE util.FileUtils (FileUtils.java:deleteFully(104)) - deleteFully: target/test/data/572499d7/MiniRaftClusterWithNetty2a77427e/s0 does not exist.
2019-09-24 16:47:23,675 INFO  ratis.MiniRaftCluster (MiniRaftCluster.java:newRaftServer(335)) - Formatted directory target/test/data/572499d7/MiniRaftClusterWithNetty2a77427e/s0
2019-09-24 16:47:23,676 DEBUG impl.RaftServerProxy (ServerImplUtils.java:newRaftServer(39)) - newRaftServer: s0, group-FEE41E240123:[]
2019-09-24 16:47:23,676 INFO  impl.RaftServerProxy (ConfUtils.java:logGet(43)) - raft.rpc.type = NETTY (custom)
2019-09-24 16:47:23,677 INFO  netty.NettyConfigKeys$Server (ConfUtils.java:logGet(43)) - raft.netty.server.port = 41019 (custom)
2019-09-24 16:47:23,678 INFO  server.RaftServerConfigKeys (ConfUtils.java:logGet(43)) - raft.server.storage.dir = [/workdir/ratis-test/target/test/data/572499d7/MiniRaftClusterWithNetty2a77427e/s0] (custom)
2019-09-24 16:47:23,679 INFO  logging.LoggingHandler (AbstractInternalLogger.java:log(150)) - [id: 0x774b134f] REGISTERED
2019-09-24 16:47:23,679 INFO  logging.LoggingHandler (AbstractInternalLogger.java:log(150)) - [id: 0x774b134f] BIND: 0.0.0.0/0.0.0.0:41019
2019-09-24 16:47:23,679 INFO  impl.RaftServerProxy (RaftServerProxy.java:addNew(89)) - s0: addNew group-FEE41E240123:[] returns group-FEE41E240123:java.util.concurrent.CompletableFuture@5facfcf3[Not completed]
2019-09-24 16:47:23,679 INFO  logging.LoggingHandler (AbstractInternalLogger.java:log(150)) - [id: 0x774b134f, L:/0.0.0.0:41019] ACTIVE
2019-09-24 16:47:23,680 INFO  impl.RaftServerImpl (RaftServerImpl.java:<init>(95)) - s0: new RaftServerImpl for group-FEE41E240123:[] with BaseStateMachine:uninitialized
2019-09-24 16:47:23,681 INFO  server.RaftServerConfigKeys (ConfUtils.java:logGet(43)) - raft.server.rpc.timeout.min = 150ms (default)
2019-09-24 16:47:23,681 INFO  server.RaftServerConfigKeys (ConfUtils.java:logGet(43)) - raft.server.rpc.timeout.max = 300ms (default)
2019-09-24 16:47:23,681 INFO  server.RaftServerConfigKeys (ConfUtils.java:logGet(43)) - raft.server.rpcslowness.timeout = 60s (default)
2019-09-24 16:47:23,681 INFO  ratis.MiniRaftCluster (MiniRaftCluster.java:newRaftServer(330)) - newRaftServer: s1, group-FEE41E240123:[], format? true
2019-09-24 16:47:23,681 INFO  server.RaftServerConfigKeys (ConfUtils.java:logGet(43)) - raft.server.sleep.deviation.threshold = 300 (default)
2019-09-24 16:47:23,681 TRACE util.FileUtils (FileUtils.java:deleteFully(88)) - deleteFully target/test/data/572499d7/MiniRaftClusterWithNetty2a77427e/s1
2019-09-24 16:47:23,681 INFO  server.RaftServerConfigKeys (ConfUtils.java:logGet(43)) - raft.server.log.appender.install.snapshot.enabled = true (default)
2019-09-24 16:47:23,682 TRACE util.FileUtils (FileUtils.java:deleteFully(104)) - deleteFully: target/test/data/572499d7/MiniRaftClusterWithNetty2a77427e/s1 does not exist.
2019-09-24 16:47:23,682 INFO  ratis.MiniRaftCluster (MiniRaftCluster.java:newRaftServer(335)) - Formatted directory target/test/data/572499d7/MiniRaftClusterWithNetty2a77427e/s1
2019-09-24 16:47:23,682 INFO  impl.RaftServerImpl (ServerState.java:<init>(103)) - s0@group-FEE41E240123: ConfigurationManager, init=-1: [], old=null, confs=<EMPTY_MAP>
2019-09-24 16:47:23,682 DEBUG impl.RaftServerProxy (ServerImplUtils.java:newRaftServer(39)) - newRaftServer: s1, group-FEE41E240123:[]
2019-09-24 16:47:23,682 INFO  server.RaftServerConfigKeys (ConfUtils.java:logGet(43)) - raft.server.storage.dir = [/workdir/ratis-test/target/test/data/572499d7/MiniRaftClusterWithNetty2a77427e/s0] (custom)
2019-09-24 16:47:23,682 INFO  impl.RaftServerProxy (ConfUtils.java:logGet(43)) - raft.rpc.type = NETTY (custom)
2019-09-24 16:47:23,683 INFO  server.RaftServerConfigKeys (ConfUtils.java:logGet(43)) - raft.server.log.corruption.policy = EXCEPTION (default)
2019-09-24 16:47:23,683 INFO  storage.RaftStorageDirectory (RaftStorageDirectory.java:analyzeStorage(246)) - The storage directory /workdir/ratis-test/target/test/data/572499d7/MiniRaftClusterWithNetty2a77427e/s0/45526206-fa41-40b4-a28e-fee41e240123 does not exist. Creating ...
2019-09-24 16:47:23,684 TRACE util.FileUtils (LogUtils.java:runAndLog(61)) - Successfully ran Files.createDirectories /workdir/ratis-test/target/test/data/572499d7/MiniRaftClusterWithNetty2a77427e/s0/45526206-fa41-40b4-a28e-fee41e240123
2019-09-24 16:47:23,684 INFO  netty.NettyConfigKeys$Server (ConfUtils.java:logGet(43)) - raft.netty.server.port = 38816 (custom)
2019-09-24 16:47:23,684 INFO  server.RaftServerConfigKeys (ConfUtils.java:logGet(43)) - raft.server.storage.dir = [/workdir/ratis-test/target/test/data/572499d7/MiniRaftClusterWithNetty2a77427e/s1] (custom)
2019-09-24 16:47:23,685 INFO  logging.LoggingHandler (AbstractInternalLogger.java:log(150)) - [id: 0xec48d4a4] REGISTERED
2019-09-24 16:47:23,685 INFO  logging.LoggingHandler (AbstractInternalLogger.java:log(150)) - [id: 0xec48d4a4] BIND: 0.0.0.0/0.0.0.0:38816
2019-09-24 16:47:23,685 INFO  impl.RaftServerProxy (RaftServerProxy.java:addNew(89)) - s1: addNew group-FEE41E240123:[] returns group-FEE41E240123:java.util.concurrent.CompletableFuture@17e71322[Not completed]
2019-09-24 16:47:23,685 INFO  logging.LoggingHandler (AbstractInternalLogger.java:log(150)) - [id: 0xec48d4a4, L:/0.0.0.0:38816] ACTIVE
2019-09-24 16:47:23,686 INFO  impl.RaftServerImpl (RaftServerImpl.java:<init>(95)) - s1: new RaftServerImpl for group-FEE41E240123:[] with BaseStateMachine:uninitialized
2019-09-24 16:47:23,686 INFO  ratis.MiniRaftCluster (MiniRaftCluster.java:newRaftServer(330)) - newRaftServer: s2, group-FEE41E240123:[], format? true
2019-09-24 16:47:23,687 TRACE util.FileUtils (FileUtils.java:deleteFully(88)) - deleteFully target/test/data/572499d7/MiniRaftClusterWithNetty2a77427e/s2
2019-09-24 16:47:23,686 INFO  server.RaftServerConfigKeys (ConfUtils.java:logGet(43)) - raft.server.rpc.timeout.min = 150ms (default)
2019-09-24 16:47:23,687 TRACE util.FileUtils (FileUtils.java:deleteFully(104)) - deleteFully: target/test/data/572499d7/MiniRaftClusterWithNetty2a77427e/s2 does not exist.
2019-09-24 16:47:23,687 INFO  server.RaftServerConfigKeys (ConfUtils.java:logGet(43)) - raft.server.rpc.timeout.max = 300ms (default)
2019-09-24 16:47:23,687 INFO  ratis.MiniRaftCluster (MiniRaftCluster.java:newRaftServer(335)) - Formatted directory target/test/data/572499d7/MiniRaftClusterWithNetty2a77427e/s2
2019-09-24 16:47:23,687 INFO  server.RaftServerConfigKeys (ConfUtils.java:logGet(43)) - raft.server.rpcslowness.timeout = 60s (default)
2019-09-24 16:47:23,687 INFO  server.RaftServerConfigKeys (ConfUtils.java:logGet(43)) - raft.server.sleep.deviation.threshold = 300 (default)
2019-09-24 16:47:23,687 DEBUG impl.RaftServerProxy (ServerImplUtils.java:newRaftServer(39)) - newRaftServer: s2, group-FEE41E240123:[]
2019-09-24 16:47:23,687 INFO  server.RaftServerConfigKeys (ConfUtils.java:logGet(43)) - raft.server.log.appender.install.snapshot.enabled = true (default)
2019-09-24 16:47:23,688 INFO  impl.RaftServerProxy (ConfUtils.java:logGet(43)) - raft.rpc.type = NETTY (custom)
2019-09-24 16:47:23,688 INFO  impl.RaftServerImpl (ServerState.java:<init>(103)) - s1@group-FEE41E240123: ConfigurationManager, init=-1: [], old=null, confs=<EMPTY_MAP>
2019-09-24 16:47:23,688 INFO  server.RaftServerConfigKeys (ConfUtils.java:logGet(43)) - raft.server.storage.dir = [/workdir/ratis-test/target/test/data/572499d7/MiniRaftClusterWithNetty2a77427e/s1] (custom)
2019-09-24 16:47:23,688 INFO  server.RaftServerConfigKeys (ConfUtils.java:logGet(43)) - raft.server.log.corruption.policy = EXCEPTION (default)
2019-09-24 16:47:23,689 INFO  storage.RaftStorageDirectory (RaftStorageDirectory.java:analyzeStorage(246)) - The storage directory /workdir/ratis-test/target/test/data/572499d7/MiniRaftClusterWithNetty2a77427e/s1/45526206-fa41-40b4-a28e-fee41e240123 does not exist. Creating ...
2019-09-24 16:47:23,689 TRACE util.FileUtils (LogUtils.java:runAndLog(61)) - Successfully ran Files.createDirectories /workdir/ratis-test/target/test/data/572499d7/MiniRaftClusterWithNetty2a77427e/s1/45526206-fa41-40b4-a28e-fee41e240123
2019-09-24 16:47:23,689 INFO  netty.NettyConfigKeys$Server (ConfUtils.java:logGet(43)) - raft.netty.server.port = 40694 (custom)
2019-09-24 16:47:23,690 INFO  server.RaftServerConfigKeys (ConfUtils.java:logGet(43)) - raft.server.storage.dir = [/workdir/ratis-test/target/test/data/572499d7/MiniRaftClusterWithNetty2a77427e/s2] (custom)
2019-09-24 16:47:23,690 INFO  logging.LoggingHandler (AbstractInternalLogger.java:log(150)) - [id: 0x0fe9f243] REGISTERED
2019-09-24 16:47:23,690 INFO  impl.RaftServerProxy (RaftServerProxy.java:addNew(89)) - s2: addNew group-FEE41E240123:[] returns group-FEE41E240123:java.util.concurrent.CompletableFuture@6f3268c4[Not completed]
2019-09-24 16:47:23,690 INFO  logging.LoggingHandler (AbstractInternalLogger.java:log(150)) - [id: 0x0fe9f243] BIND: 0.0.0.0/0.0.0.0:40694
2019-09-24 16:47:23,693 INFO  logging.LoggingHandler (AbstractInternalLogger.java:log(150)) - [id: 0x0fe9f243, L:/0.0.0.0:40694] ACTIVE
2019-09-24 16:47:23,693 INFO  impl.RaftServerImpl (RaftServerImpl.java:<init>(95)) - s2: new RaftServerImpl for group-FEE41E240123:[] with BaseStateMachine:uninitialized
2019-09-24 16:47:23,694 INFO  server.RaftServerConfigKeys (ConfUtils.java:logGet(43)) - raft.server.rpc.timeout.min = 150ms (default)
2019-09-24 16:47:23,694 INFO  ratis.MiniRaftCluster (MiniRaftCluster.java:newRaftServer(330)) - newRaftServer: s3, group-FEE41E240123:[], format? true
2019-09-24 16:47:23,694 INFO  server.RaftServerConfigKeys (ConfUtils.java:logGet(43)) - raft.server.rpc.timeout.max = 300ms (default)
2019-09-24 16:47:23,694 TRACE util.FileUtils (FileUtils.java:deleteFully(88)) - deleteFully target/test/data/572499d7/MiniRaftClusterWithNetty2a77427e/s3
2019-09-24 16:47:23,694 INFO  server.RaftServerConfigKeys (ConfUtils.java:logGet(43)) - raft.server.rpcslowness.timeout = 60s (default)
2019-09-24 16:47:23,694 TRACE util.FileUtils (FileUtils.java:deleteFully(104)) - deleteFully: target/test/data/572499d7/MiniRaftClusterWithNetty2a77427e/s3 does not exist.
2019-09-24 16:47:23,694 INFO  server.RaftServerConfigKeys (ConfUtils.java:logGet(43)) - raft.server.sleep.deviation.threshold = 300 (default)
2019-09-24 16:47:23,694 INFO  ratis.MiniRaftCluster (MiniRaftCluster.java:newRaftServer(335)) - Formatted directory target/test/data/572499d7/MiniRaftClusterWithNetty2a77427e/s3
2019-09-24 16:47:23,694 INFO  server.RaftServerConfigKeys (ConfUtils.java:logGet(43)) - raft.server.log.appender.install.snapshot.enabled = true (default)
2019-09-24 16:47:23,695 INFO  impl.RaftServerImpl (ServerState.java:<init>(103)) - s2@group-FEE41E240123: ConfigurationManager, init=-1: [], old=null, confs=<EMPTY_MAP>
2019-09-24 16:47:23,695 DEBUG impl.RaftServerProxy (ServerImplUtils.java:newRaftServer(39)) - newRaftServer: s3, group-FEE41E240123:[]
2019-09-24 16:47:23,695 INFO  server.RaftServerConfigKeys (ConfUtils.java:logGet(43)) - raft.server.storage.dir = [/workdir/ratis-test/target/test/data/572499d7/MiniRaftClusterWithNetty2a77427e/s2] (custom)
2019-09-24 16:47:23,695 INFO  impl.RaftServerProxy (ConfUtils.java:logGet(43)) - raft.rpc.type = NETTY (custom)
2019-09-24 16:47:23,695 INFO  server.RaftServerConfigKeys (ConfUtils.java:logGet(43)) - raft.server.log.corruption.policy = EXCEPTION (default)
2019-09-24 16:47:23,695 INFO  storage.RaftStorageDirectory (RaftStorageDirectory.java:analyzeStorage(246)) - The storage directory /workdir/ratis-test/target/test/data/572499d7/MiniRaftClusterWithNetty2a77427e/s2/45526206-fa41-40b4-a28e-fee41e240123 does not exist. Creating ...
2019-09-24 16:47:23,696 TRACE util.FileUtils (LogUtils.java:runAndLog(61)) - Successfully ran Files.createDirectories /workdir/ratis-test/target/test/data/572499d7/MiniRaftClusterWithNetty2a77427e/s2/45526206-fa41-40b4-a28e-fee41e240123
2019-09-24 16:47:23,696 INFO  netty.NettyConfigKeys$Server (ConfUtils.java:logGet(43)) - raft.netty.server.port = 38312 (custom)
2019-09-24 16:47:23,697 INFO  server.RaftServerConfigKeys (ConfUtils.java:logGet(43)) - raft.server.storage.dir = [/workdir/ratis-test/target/test/data/572499d7/MiniRaftClusterWithNetty2a77427e/s3] (custom)
2019-09-24 16:47:23,697 INFO  logging.LoggingHandler (AbstractInternalLogger.java:log(150)) - [id: 0x625ea67e] REGISTERED
2019-09-24 16:47:23,697 INFO  logging.LoggingHandler (AbstractInternalLogger.java:log(150)) - [id: 0x625ea67e] BIND: 0.0.0.0/0.0.0.0:38312
2019-09-24 16:47:23,697 INFO  impl.RaftServerProxy (RaftServerProxy.java:addNew(89)) - s3: addNew group-FEE41E240123:[] returns group-FEE41E240123:java.util.concurrent.CompletableFuture@282071eb[Not completed]
2019-09-24 16:47:23,698 INFO  logging.LoggingHandler (AbstractInternalLogger.java:log(150)) - [id: 0x625ea67e, L:/0.0.0.0:38312] ACTIVE
2019-09-24 16:47:23,698 INFO  impl.RaftServerImpl (RaftServerImpl.java:<init>(95)) - s3: new RaftServerImpl for group-FEE41E240123:[] with BaseStateMachine:uninitialized
2019-09-24 16:47:23,698 INFO  ratis.MiniRaftCluster (MiniRaftCluster.java:newRaftServer(330)) - newRaftServer: s4, group-FEE41E240123:[], format? true
2019-09-24 16:47:23,699 INFO  server.RaftServerConfigKeys (ConfUtils.java:logGet(43)) - raft.server.rpc.timeout.min = 150ms (default)
2019-09-24 16:47:23,699 TRACE util.FileUtils (FileUtils.java:deleteFully(88)) - deleteFully target/test/data/572499d7/MiniRaftClusterWithNetty2a77427e/s4
2019-09-24 16:47:23,699 INFO  server.RaftServerConfigKeys (ConfUtils.java:logGet(43)) - raft.server.rpc.timeout.max = 300ms (default)
2019-09-24 16:47:23,699 TRACE util.FileUtils (FileUtils.java:deleteFully(104)) - deleteFully: target/test/data/572499d7/MiniRaftClusterWithNetty2a77427e/s4 does not exist.
2019-09-24 16:47:23,699 INFO  server.RaftServerConfigKeys (ConfUtils.java:logGet(43)) - raft.server.rpcslowness.timeout = 60s (default)
2019-09-24 16:47:23,699 INFO  ratis.MiniRaftCluster (MiniRaftCluster.java:newRaftServer(335)) - Formatted directory target/test/data/572499d7/MiniRaftClusterWithNetty2a77427e/s4
2019-09-24 16:47:23,700 INFO  server.RaftServerConfigKeys (ConfUtils.java:logGet(43)) - raft.server.sleep.deviation.threshold = 300 (default)
2019-09-24 16:47:23,700 INFO  server.RaftServerConfigKeys (ConfUtils.java:logGet(43)) - raft.server.log.appender.install.snapshot.enabled = true (default)
2019-09-24 16:47:23,700 DEBUG impl.RaftServerProxy (ServerImplUtils.java:newRaftServer(39)) - newRaftServer: s4, group-FEE41E240123:[]
2019-09-24 16:47:23,700 INFO  impl.RaftServerImpl (ServerState.java:<init>(103)) - s3@group-FEE41E240123: ConfigurationManager, init=-1: [], old=null, confs=<EMPTY_MAP>
2019-09-24 16:47:23,700 INFO  impl.RaftServerProxy (ConfUtils.java:logGet(43)) - raft.rpc.type = NETTY (custom)
2019-09-24 16:47:23,700 INFO  server.RaftServerConfigKeys (ConfUtils.java:logGet(43)) - raft.server.storage.dir = [/workdir/ratis-test/target/test/data/572499d7/MiniRaftClusterWithNetty2a77427e/s3] (custom)
2019-09-24 16:47:23,700 INFO  server.RaftServerConfigKeys (ConfUtils.java:logGet(43)) - raft.server.log.corruption.policy = EXCEPTION (default)
2019-09-24 16:47:23,701 INFO  storage.RaftStorageDirectory (RaftStorageDirectory.java:analyzeStorage(246)) - The storage directory /workdir/ratis-test/target/test/data/572499d7/MiniRaftClusterWithNetty2a77427e/s3/45526206-fa41-40b4-a28e-fee41e240123 does not exist. Creating ...
2019-09-24 16:47:23,701 INFO  netty.NettyConfigKeys$Server (ConfUtils.java:logGet(43)) - raft.netty.server.port = 41737 (custom)
2019-09-24 16:47:23,702 TRACE util.FileUtils (LogUtils.java:runAndLog(61)) - Successfully ran Files.createDirectories /workdir/ratis-test/target/test/data/572499d7/MiniRaftClusterWithNetty2a77427e/s3/45526206-fa41-40b4-a28e-fee41e240123
2019-09-24 16:47:23,702 INFO  server.RaftServerConfigKeys (ConfUtils.java:logGet(43)) - raft.server.storage.dir = [/workdir/ratis-test/target/test/data/572499d7/MiniRaftClusterWithNetty2a77427e/s4] (custom)
2019-09-24 16:47:23,702 INFO  logging.LoggingHandler (AbstractInternalLogger.java:log(150)) - [id: 0x7a134672] REGISTERED
2019-09-24 16:47:23,703 INFO  impl.RaftServerProxy (RaftServerProxy.java:addNew(89)) - s4: addNew group-FEE41E240123:[] returns group-FEE41E240123:java.util.concurrent.CompletableFuture@5700e2d1[Not completed]
2019-09-24 16:47:23,703 INFO  logging.LoggingHandler (AbstractInternalLogger.java:log(150)) - [id: 0x7a134672] BIND: 0.0.0.0/0.0.0.0:41737
2019-09-24 16:47:23,703 INFO  logging.LoggingHandler (AbstractInternalLogger.java:log(150)) - [id: 0x7a134672, L:/0.0.0.0:41737] ACTIVE
2019-09-24 16:47:23,703 INFO  impl.RaftServerImpl (RaftServerImpl.java:<init>(95)) - s4: new RaftServerImpl for group-FEE41E240123:[] with BaseStateMachine:uninitialized
2019-09-24 16:47:23,705 INFO  server.RaftServerConfigKeys (ConfUtils.java:logGet(43)) - raft.server.rpc.timeout.min = 150ms (default)
2019-09-24 16:47:23,705 INFO  server.RaftServerConfigKeys (ConfUtils.java:logGet(43)) - raft.server.rpc.timeout.max = 300ms (default)
2019-09-24 16:47:23,705 INFO  ratis.MiniRaftCluster (MiniRaftCluster.java:newRaftServer(330)) - newRaftServer: s5, group-FEE41E240123:[], format? true
2019-09-24 16:47:23,705 INFO  server.RaftServerConfigKeys (ConfUtils.java:logGet(43)) - raft.server.rpcslowness.timeout = 60s (default)
2019-09-24 16:47:23,705 TRACE util.FileUtils (FileUtils.java:deleteFully(88)) - deleteFully target/test/data/572499d7/MiniRaftClusterWithNetty2a77427e/s5
2019-09-24 16:47:23,705 INFO  server.RaftServerConfigKeys (ConfUtils.java:logGet(43)) - raft.server.sleep.deviation.threshold = 300 (default)
2019-09-24 16:47:23,706 TRACE util.FileUtils (FileUtils.java:deleteFully(104)) - deleteFully: target/test/data/572499d7/MiniRaftClusterWithNetty2a77427e/s5 does not exist.
2019-09-24 16:47:23,706 INFO  server.RaftServerConfigKeys (ConfUtils.java:logGet(43)) - raft.server.log.appender.install.snapshot.enabled = true (default)
2019-09-24 16:47:23,706 INFO  ratis.MiniRaftCluster (MiniRaftCluster.java:newRaftServer(335)) - Formatted directory target/test/data/572499d7/MiniRaftClusterWithNetty2a77427e/s5
2019-09-24 16:47:23,706 INFO  impl.RaftServerImpl (ServerState.java:<init>(103)) - s4@group-FEE41E240123: ConfigurationManager, init=-1: [], old=null, confs=<EMPTY_MAP>
2019-09-24 16:47:23,706 DEBUG impl.RaftServerProxy (ServerImplUtils.java:newRaftServer(39)) - newRaftServer: s5, group-FEE41E240123:[]
2019-09-24 16:47:23,706 INFO  server.RaftServerConfigKeys (ConfUtils.java:logGet(43)) - raft.server.storage.dir = [/workdir/ratis-test/target/test/data/572499d7/MiniRaftClusterWithNetty2a77427e/s4] (custom)
2019-09-24 16:47:23,706 INFO  impl.RaftServerProxy (ConfUtils.java:logGet(43)) - raft.rpc.type = NETTY (custom)
2019-09-24 16:47:23,707 INFO  server.RaftServerConfigKeys (ConfUtils.java:logGet(43)) - raft.server.log.corruption.policy = EXCEPTION (default)
2019-09-24 16:47:23,707 INFO  storage.RaftStorageDirectory (RaftStorageDirectory.java:analyzeStorage(246)) - The storage directory /workdir/ratis-test/target/test/data/572499d7/MiniRaftClusterWithNetty2a77427e/s4/45526206-fa41-40b4-a28e-fee41e240123 does not exist. Creating ...
2019-09-24 16:47:23,707 TRACE util.FileUtils (LogUtils.java:runAndLog(61)) - Successfully ran Files.createDirectories /workdir/ratis-test/target/test/data/572499d7/MiniRaftClusterWithNetty2a77427e/s4/45526206-fa41-40b4-a28e-fee41e240123
2019-09-24 16:47:23,708 INFO  netty.NettyConfigKeys$Server (ConfUtils.java:logGet(43)) - raft.netty.server.port = 33667 (custom)
2019-09-24 16:47:23,708 INFO  server.RaftServerConfigKeys (ConfUtils.java:logGet(43)) - raft.server.storage.dir = [/workdir/ratis-test/target/test/data/572499d7/MiniRaftClusterWithNetty2a77427e/s5] (custom)
2019-09-24 16:47:23,709 INFO  logging.LoggingHandler (AbstractInternalLogger.java:log(150)) - [id: 0xe0793055] REGISTERED
2019-09-24 16:47:23,709 INFO  impl.RaftServerProxy (RaftServerProxy.java:addNew(89)) - s5: addNew group-FEE41E240123:[] returns group-FEE41E240123:java.util.concurrent.CompletableFuture@158949fd[Not completed]
2019-09-24 16:47:23,709 INFO  logging.LoggingHandler (AbstractInternalLogger.java:log(150)) - [id: 0xe0793055] BIND: 0.0.0.0/0.0.0.0:33667
2019-09-24 16:47:23,709 INFO  logging.LoggingHandler (AbstractInternalLogger.java:log(150)) - [id: 0xe0793055, L:/0.0.0.0:33667] ACTIVE
2019-09-24 16:47:23,710 INFO  ratis.MiniRaftCluster (MiniRaftCluster.java:newRaftServer(330)) - newRaftServer: s6, group-FEE41E240123:[], format? true
2019-09-24 16:47:23,710 INFO  impl.RaftServerImpl (RaftServerImpl.java:<init>(95)) - s5: new RaftServerImpl for group-FEE41E240123:[] with BaseStateMachine:uninitialized
2019-09-24 16:47:23,710 TRACE util.FileUtils (FileUtils.java:deleteFully(88)) - deleteFully target/test/data/572499d7/MiniRaftClusterWithNetty2a77427e/s6
2019-09-24 16:47:23,711 INFO  server.RaftServerConfigKeys (ConfUtils.java:logGet(43)) - raft.server.rpc.timeout.min = 150ms (default)
2019-09-24 16:47:23,711 TRACE util.FileUtils (FileUtils.java:deleteFully(104)) - deleteFully: target/test/data/572499d7/MiniRaftClusterWithNetty2a77427e/s6 does not exist.
2019-09-24 16:47:23,711 INFO  ratis.MiniRaftCluster (MiniRaftCluster.java:newRaftServer(335)) - Formatted directory target/test/data/572499d7/MiniRaftClusterWithNetty2a77427e/s6
2019-09-24 16:47:23,711 INFO  server.RaftServerConfigKeys (ConfUtils.java:logGet(43)) - raft.server.rpc.timeout.max = 300ms (default)
2019-09-24 16:47:23,711 DEBUG impl.RaftServerProxy (ServerImplUtils.java:newRaftServer(39)) - newRaftServer: s6, group-FEE41E240123:[]
2019-09-24 16:47:23,711 INFO  server.RaftServerConfigKeys (ConfUtils.java:logGet(43)) - raft.server.rpcslowness.timeout = 60s (default)
2019-09-24 16:47:23,711 INFO  impl.RaftServerProxy (ConfUtils.java:logGet(43)) - raft.rpc.type = NETTY (custom)
2019-09-24 16:47:23,712 INFO  server.RaftServerConfigKeys (ConfUtils.java:logGet(43)) - raft.server.sleep.deviation.threshold = 300 (default)
2019-09-24 16:47:23,712 INFO  server.RaftServerConfigKeys (ConfUtils.java:logGet(43)) - raft.server.log.appender.install.snapshot.enabled = true (default)
2019-09-24 16:47:23,712 INFO  impl.RaftServerImpl (ServerState.java:<init>(103)) - s5@group-FEE41E240123: ConfigurationManager, init=-1: [], old=null, confs=<EMPTY_MAP>
2019-09-24 16:47:23,712 INFO  server.RaftServerConfigKeys (ConfUtils.java:logGet(43)) - raft.server.storage.dir = [/workdir/ratis-test/target/test/data/572499d7/MiniRaftClusterWithNetty2a77427e/s5] (custom)
2019-09-24 16:47:23,713 INFO  server.RaftServerConfigKeys (ConfUtils.java:logGet(43)) - raft.server.log.corruption.policy = EXCEPTION (default)
2019-09-24 16:47:23,713 INFO  storage.RaftStorageDirectory (RaftStorageDirectory.java:analyzeStorage(246)) - The storage directory /workdir/ratis-test/target/test/data/572499d7/MiniRaftClusterWithNetty2a77427e/s5/45526206-fa41-40b4-a28e-fee41e240123 does not exist. Creating ...
2019-09-24 16:47:23,713 INFO  netty.NettyConfigKeys$Server (ConfUtils.java:logGet(43)) - raft.netty.server.port = 39560 (custom)
2019-09-24 16:47:23,713 TRACE util.FileUtils (LogUtils.java:runAndLog(61)) - Successfully ran Files.createDirectories /workdir/ratis-test/target/test/data/572499d7/MiniRaftClusterWithNetty2a77427e/s5/45526206-fa41-40b4-a28e-fee41e240123
2019-09-24 16:47:23,714 INFO  server.RaftServerConfigKeys (ConfUtils.java:logGet(43)) - raft.server.storage.dir = [/workdir/ratis-test/target/test/data/572499d7/MiniRaftClusterWithNetty2a77427e/s6] (custom)
2019-09-24 16:47:23,714 INFO  logging.LoggingHandler (AbstractInternalLogger.java:log(150)) - [id: 0x8612ca21] REGISTERED
2019-09-24 16:47:23,714 INFO  impl.RaftServerProxy (RaftServerProxy.java:addNew(89)) - s6: addNew group-FEE41E240123:[] returns group-FEE41E240123:java.util.concurrent.CompletableFuture@614dc3af[Not completed]
2019-09-24 16:47:23,714 INFO  logging.LoggingHandler (AbstractInternalLogger.java:log(150)) - [id: 0x8612ca21] BIND: 0.0.0.0/0.0.0.0:39560
2019-09-24 16:47:23,714 INFO  logging.LoggingHandler (AbstractInternalLogger.java:log(150)) - [id: 0x8612ca21, L:/0.0.0.0:39560] ACTIVE
2019-09-24 16:47:23,715 INFO  impl.RaftServerImpl (RaftServerImpl.java:<init>(95)) - s6: new RaftServerImpl for group-FEE41E240123:[] with BaseStateMachine:uninitialized
2019-09-24 16:47:23,715 INFO  ratis.MiniRaftCluster (MiniRaftCluster.java:newRaftServer(330)) - newRaftServer: s7, group-FEE41E240123:[], format? true
2019-09-24 16:47:23,715 INFO  server.RaftServerConfigKeys (ConfUtils.java:logGet(43)) - raft.server.rpc.timeout.min = 150ms (default)
2019-09-24 16:47:23,715 TRACE util.FileUtils (FileUtils.java:deleteFully(88)) - deleteFully target/test/data/572499d7/MiniRaftClusterWithNetty2a77427e/s7
2019-09-24 16:47:23,716 INFO  server.RaftServerConfigKeys (ConfUtils.java:logGet(43)) - raft.server.rpc.timeout.max = 300ms (default)
2019-09-24 16:47:23,716 TRACE util.FileUtils (FileUtils.java:deleteFully(104)) - deleteFully: target/test/data/572499d7/MiniRaftClusterWithNetty2a77427e/s7 does not exist.
2019-09-24 16:47:23,716 INFO  server.RaftServerConfigKeys (ConfUtils.java:logGet(43)) - raft.server.rpcslowness.timeout = 60s (default)
2019-09-24 16:47:23,716 INFO  ratis.MiniRaftCluster (MiniRaftCluster.java:newRaftServer(335)) - Formatted directory target/test/data/572499d7/MiniRaftClusterWithNetty2a77427e/s7
2019-09-24 16:47:23,716 INFO  server.RaftServerConfigKeys (ConfUtils.java:logGet(43)) - raft.server.sleep.deviation.threshold = 300 (default)
2019-09-24 16:47:23,716 INFO  server.RaftServerConfigKeys (ConfUtils.java:logGet(43)) - raft.server.log.appender.install.snapshot.enabled = true (default)
2019-09-24 16:47:23,716 DEBUG impl.RaftServerProxy (ServerImplUtils.java:newRaftServer(39)) - newRaftServer: s7, group-FEE41E240123:[]
2019-09-24 16:47:23,716 INFO  impl.RaftServerImpl (ServerState.java:<init>(103)) - s6@group-FEE41E240123: ConfigurationManager, init=-1: [], old=null, confs=<EMPTY_MAP>
2019-09-24 16:47:23,717 INFO  impl.RaftServerProxy (ConfUtils.java:logGet(43)) - raft.rpc.type = NETTY (custom)
2019-09-24 16:47:23,717 INFO  server.RaftServerConfigKeys (ConfUtils.java:logGet(43)) - raft.server.storage.dir = [/workdir/ratis-test/target/test/data/572499d7/MiniRaftClusterWithNetty2a77427e/s6] (custom)
2019-09-24 16:47:23,717 INFO  server.RaftServerConfigKeys (ConfUtils.java:logGet(43)) - raft.server.log.corruption.policy = EXCEPTION (default)
2019-09-24 16:47:23,717 INFO  storage.RaftStorageDirectory (RaftStorageDirectory.java:analyzeStorage(246)) - The storage directory /workdir/ratis-test/target/test/data/572499d7/MiniRaftClusterWithNetty2a77427e/s6/45526206-fa41-40b4-a28e-fee41e240123 does not exist. Creating ...
2019-09-24 16:47:23,718 TRACE util.FileUtils (LogUtils.java:runAndLog(61)) - Successfully ran Files.createDirectories /workdir/ratis-test/target/test/data/572499d7/MiniRaftClusterWithNetty2a77427e/s6/45526206-fa41-40b4-a28e-fee41e240123
2019-09-24 16:47:23,718 INFO  netty.NettyConfigKeys$Server (ConfUtils.java:logGet(43)) - raft.netty.server.port = 37649 (custom)
2019-09-24 16:47:23,719 INFO  server.RaftServerConfigKeys (ConfUtils.java:logGet(43)) - raft.server.storage.dir = [/workdir/ratis-test/target/test/data/572499d7/MiniRaftClusterWithNetty2a77427e/s7] (custom)
2019-09-24 16:47:23,719 INFO  logging.LoggingHandler (AbstractInternalLogger.java:log(150)) - [id: 0x9d0273c1] REGISTERED
2019-09-24 16:47:23,719 INFO  impl.RaftServerProxy (RaftServerProxy.java:addNew(89)) - s7: addNew group-FEE41E240123:[] returns group-FEE41E240123:java.util.concurrent.CompletableFuture@60750564[Not completed]
2019-09-24 16:47:23,719 INFO  logging.LoggingHandler (AbstractInternalLogger.java:log(150)) - [id: 0x9d0273c1] BIND: 0.0.0.0/0.0.0.0:37649
2019-09-24 16:47:23,719 INFO  logging.LoggingHandler (AbstractInternalLogger.java:log(150)) - [id: 0x9d0273c1, L:/0.0.0.0:37649] ACTIVE
2019-09-24 16:47:23,720 INFO  impl.RaftServerImpl (RaftServerImpl.java:<init>(95)) - s7: new RaftServerImpl for group-FEE41E240123:[] with BaseStateMachine:uninitialized
2019-09-24 16:47:23,720 INFO  server.RaftServerConfigKeys (ConfUtils.java:logGet(43)) - raft.server.rpc.timeout.min = 150ms (default)
2019-09-24 16:47:23,720 INFO  ratis.MiniRaftCluster (MiniRaftCluster.java:newRaftServer(330)) - newRaftServer: s8, group-FEE41E240123:[], format? true
2019-09-24 16:47:23,720 INFO  server.RaftServerConfigKeys (ConfUtils.java:logGet(43)) - raft.server.rpc.timeout.max = 300ms (default)
2019-09-24 16:47:23,721 TRACE util.FileUtils (FileUtils.java:deleteFully(88)) - deleteFully target/test/data/572499d7/MiniRaftClusterWithNetty2a77427e/s8
2019-09-24 16:47:23,721 INFO  server.RaftServerConfigKeys (ConfUtils.java:logGet(43)) - raft.server.rpcslowness.timeout = 60s (default)
2019-09-24 16:47:23,721 TRACE util.FileUtils (FileUtils.java:deleteFully(104)) - deleteFully: target/test/data/572499d7/MiniRaftClusterWithNetty2a77427e/s8 does not exist.
2019-09-24 16:47:23,721 INFO  server.RaftServerConfigKeys (ConfUtils.java:logGet(43)) - raft.server.sleep.deviation.threshold = 300 (default)
2019-09-24 16:47:23,721 INFO  ratis.MiniRaftCluster (MiniRaftCluster.java:newRaftServer(335)) - Formatted directory target/test/data/572499d7/MiniRaftClusterWithNetty2a77427e/s8
2019-09-24 16:47:23,721 INFO  server.RaftServerConfigKeys (ConfUtils.java:logGet(43)) - raft.server.log.appender.install.snapshot.enabled = true (default)
2019-09-24 16:47:23,721 INFO  impl.RaftServerImpl (ServerState.java:<init>(103)) - s7@group-FEE41E240123: ConfigurationManager, init=-1: [], old=null, confs=<EMPTY_MAP>
2019-09-24 16:47:23,721 DEBUG impl.RaftServerProxy (ServerImplUtils.java:newRaftServer(39)) - newRaftServer: s8, group-FEE41E240123:[]
2019-09-24 16:47:23,722 INFO  server.RaftServerConfigKeys (ConfUtils.java:logGet(43)) - raft.server.storage.dir = [/workdir/ratis-test/target/test/data/572499d7/MiniRaftClusterWithNetty2a77427e/s7] (custom)
2019-09-24 16:47:23,722 INFO  impl.RaftServerProxy (ConfUtils.java:logGet(43)) - raft.rpc.type = NETTY (custom)
2019-09-24 16:47:23,722 INFO  server.RaftServerConfigKeys (ConfUtils.java:logGet(43)) - raft.server.log.corruption.policy = EXCEPTION (default)
2019-09-24 16:47:23,722 INFO  storage.RaftStorageDirectory (RaftStorageDirectory.java:analyzeStorage(246)) - The storage directory /workdir/ratis-test/target/test/data/572499d7/MiniRaftClusterWithNetty2a77427e/s7/45526206-fa41-40b4-a28e-fee41e240123 does not exist. Creating ...
2019-09-24 16:47:23,722 TRACE util.FileUtils (LogUtils.java:runAndLog(61)) - Successfully ran Files.createDirectories /workdir/ratis-test/target/test/data/572499d7/MiniRaftClusterWithNetty2a77427e/s7/45526206-fa41-40b4-a28e-fee41e240123
2019-09-24 16:47:23,723 INFO  netty.NettyConfigKeys$Server (ConfUtils.java:logGet(43)) - raft.netty.server.port = 34836 (custom)
2019-09-24 16:47:23,723 INFO  server.RaftServerConfigKeys (ConfUtils.java:logGet(43)) - raft.server.storage.dir = [/workdir/ratis-test/target/test/data/572499d7/MiniRaftClusterWithNetty2a77427e/s8] (custom)
2019-09-24 16:47:23,724 INFO  logging.LoggingHandler (AbstractInternalLogger.java:log(150)) - [id: 0x334fee26] REGISTERED
2019-09-24 16:47:23,724 INFO  impl.RaftServerProxy (RaftServerProxy.java:addNew(89)) - s8: addNew group-FEE41E240123:[] returns group-FEE41E240123:java.util.concurrent.CompletableFuture@6b3550f7[Not completed]
2019-09-24 16:47:23,724 INFO  logging.LoggingHandler (AbstractInternalLogger.java:log(150)) - [id: 0x334fee26] BIND: 0.0.0.0/0.0.0.0:34836
2019-09-24 16:47:23,724 INFO  logging.LoggingHandler (AbstractInternalLogger.java:log(150)) - [id: 0x334fee26, L:/0.0.0.0:34836] ACTIVE
2019-09-24 16:47:23,724 INFO  impl.RaftServerImpl (RaftServerImpl.java:<init>(95)) - s8: new RaftServerImpl for group-FEE41E240123:[] with BaseStateMachine:uninitialized
2019-09-24 16:47:23,725 INFO  server.RaftServerConfigKeys (ConfUtils.java:logGet(43)) - raft.server.rpc.timeout.min = 150ms (default)
2019-09-24 16:47:23,725 INFO  server.RaftServerConfigKeys (ConfUtils.java:logGet(43)) - raft.server.rpc.timeout.max = 300ms (default)
2019-09-24 16:47:23,725 INFO  impl.GroupManagementBaseTest (GroupManagementBaseTest.java:runMultiGroupTest(149)) - putNewServer: printing ALL groups
  s3:      NEW group-FEE41E240123:java.util.concurrent.CompletableFuture@282071eb[Not completed]
  s4:      NEW group-FEE41E240123:java.util.concurrent.CompletableFuture@5700e2d1[Not completed]
  s5:      NEW group-FEE41E240123:java.util.concurrent.CompletableFuture@158949fd[Not completed]
  s6:      NEW group-FEE41E240123:java.util.concurrent.CompletableFuture@614dc3af[Not completed]
  s7:      NEW group-FEE41E240123:java.util.concurrent.CompletableFuture@60750564[Not completed]
  s8:      NEW group-FEE41E240123:java.util.concurrent.CompletableFuture@6b3550f7[Not completed]
  s0:      NEW group-FEE41E240123:java.util.concurrent.CompletableFuture@5facfcf3[Not completed]
  s1:      NEW group-FEE41E240123:java.util.concurrent.CompletableFuture@17e71322[Not completed]
  s2:      NEW group-FEE41E240123:java.util.concurrent.CompletableFuture@6f3268c4[Not completed]
2019-09-24 16:47:23,725 INFO  server.RaftServerConfigKeys (ConfUtils.java:logGet(43)) - raft.server.rpcslowness.timeout = 60s (default)
2019-09-24 16:47:23,726 INFO  server.RaftServerConfigKeys (ConfUtils.java:logGet(43)) - raft.server.sleep.deviation.threshold = 300 (default)
2019-09-24 16:47:23,726 INFO  server.RaftServerConfigKeys (ConfUtils.java:logGet(43)) - raft.server.log.appender.install.snapshot.enabled = true (default)
2019-09-24 16:47:23,726 INFO  impl.RaftServerImpl (ServerState.java:<init>(103)) - s8@group-FEE41E240123: ConfigurationManager, init=-1: [], old=null, confs=<EMPTY_MAP>
2019-09-24 16:47:23,726 INFO  server.RaftServerConfigKeys (ConfUtils.java:logGet(43)) - raft.server.storage.dir = [/workdir/ratis-test/target/test/data/572499d7/MiniRaftClusterWithNetty2a77427e/s8] (custom)
2019-09-24 16:47:23,726 INFO  server.RaftServerConfigKeys (ConfUtils.java:logGet(43)) - raft.server.log.corruption.policy = EXCEPTION (default)
2019-09-24 16:47:23,726 INFO  storage.RaftStorageDirectory (RaftStorageDirectory.java:analyzeStorage(246)) - The storage directory /workdir/ratis-test/target/test/data/572499d7/MiniRaftClusterWithNetty2a77427e/s8/45526206-fa41-40b4-a28e-fee41e240123 does not exist. Creating ...
2019-09-24 16:47:23,727 TRACE util.FileUtils (LogUtils.java:runAndLog(61)) - Successfully ran Files.createDirectories /workdir/ratis-test/target/test/data/572499d7/MiniRaftClusterWithNetty2a77427e/s8/45526206-fa41-40b4-a28e-fee41e240123
2019-09-24 16:47:24,726 INFO  ratis.MiniRaftCluster (MiniRaftCluster.java:start(287)) - .............................................................. 
2019-09-24 16:47:24,727 INFO  ratis.MiniRaftCluster (MiniRaftCluster.java:start(288)) - ... 
2019-09-24 16:47:24,727 INFO  ratis.MiniRaftCluster (MiniRaftCluster.java:start(289)) - ...     Starting MiniRaftClusterWithNetty
2019-09-24 16:47:24,727 INFO  ratis.MiniRaftCluster (MiniRaftCluster.java:start(290)) - ... 
2019-09-24 16:47:24,728 INFO  ratis.MiniRaftCluster (MiniRaftCluster.java:start(291)) - .............................................................. 
2019-09-24 16:47:24,728 INFO  ratis.MiniRaftCluster (MiniRaftCluster.java:initServers(265)) - servers = {s3=s3:      NEW group-FEE41E240123:java.util.concurrent.CompletableFuture@282071eb[Not completed], s4=s4:      NEW group-FEE41E240123:java.util.concurrent.CompletableFuture@5700e2d1[Not completed], s5=s5:      NEW group-FEE41E240123:java.util.concurrent.CompletableFuture@158949fd[Not completed], s6=s6:      NEW group-FEE41E240123:java.util.concurrent.CompletableFuture@614dc3af[Not completed], s7=s7:      NEW group-FEE41E240123:java.util.concurrent.CompletableFuture@60750564[Not completed], s8=s8:      NEW group-FEE41E240123:java.util.concurrent.CompletableFuture@6b3550f7[Not completed], s0=s0:      NEW group-FEE41E240123:java.util.concurrent.CompletableFuture@5facfcf3[Not completed], s1=s1:      NEW group-FEE41E240123:java.util.concurrent.CompletableFuture@17e71322[Not completed], s2=s2:      NEW group-FEE41E240123:java.util.concurrent.CompletableFuture@6f3268c4[Not completed]}
2019-09-24 16:47:28,872 INFO  storage.RaftStorageDirectory (RaftStorageDirectory.java:tryLock(328)) - Lock on /workdir/ratis-test/target/test/data/572499d7/MiniRaftClusterWithNetty2a77427e/s1/45526206-fa41-40b4-a28e-fee41e240123/in_use.lock acquired by nodename 20948@ratis-test-vphbd-3564017154
2019-09-24 16:47:28,872 INFO  storage.RaftStorageDirectory (RaftStorageDirectory.java:tryLock(328)) - Lock on /workdir/ratis-test/target/test/data/572499d7/MiniRaftClusterWithNetty2a77427e/s2/45526206-fa41-40b4-a28e-fee41e240123/in_use.lock acquired by nodename 20948@ratis-test-vphbd-3564017154
2019-09-24 16:47:28,872 INFO  storage.RaftStorageDirectory (RaftStorageDirectory.java:tryLock(328)) - Lock on /workdir/ratis-test/target/test/data/572499d7/MiniRaftClusterWithNetty2a77427e/s0/45526206-fa41-40b4-a28e-fee41e240123/in_use.lock acquired by nodename 20948@ratis-test-vphbd-3564017154
2019-09-24 16:47:28,874 TRACE util.FileUtils (LogUtils.java:runAndLog(61)) - Successfully ran Files.createDirectories /workdir/ratis-test/target/test/data/572499d7/MiniRaftClusterWithNetty2a77427e/s1/45526206-fa41-40b4-a28e-fee41e240123/current
2019-09-24 16:47:28,874 TRACE util.FileUtils (LogUtils.java:runAndLog(61)) - Successfully ran Files.createDirectories /workdir/ratis-test/target/test/data/572499d7/MiniRaftClusterWithNetty2a77427e/s0/45526206-fa41-40b4-a28e-fee41e240123/current
2019-09-24 16:47:28,874 INFO  storage.RaftStorageDirectory (RaftStorageDirectory.java:tryLock(328)) - Lock on /workdir/ratis-test/target/test/data/572499d7/MiniRaftClusterWithNetty2a77427e/s3/45526206-fa41-40b4-a28e-fee41e240123/in_use.lock acquired by nodename 20948@ratis-test-vphbd-3564017154
2019-09-24 16:47:28,874 INFO  storage.RaftStorageDirectory (RaftStorageDirectory.java:tryLock(328)) - Lock on /workdir/ratis-test/target/test/data/572499d7/MiniRaftClusterWithNetty2a77427e/s7/45526206-fa41-40b4-a28e-fee41e240123/in_use.lock acquired by nodename 20948@ratis-test-vphbd-3564017154
2019-09-24 16:47:28,875 TRACE util.FileUtils (LogUtils.java:runAndLog(61)) - Successfully ran Files.createDirectories /workdir/ratis-test/target/test/data/572499d7/MiniRaftClusterWithNetty2a77427e/s3/45526206-fa41-40b4-a28e-fee41e240123/current
2019-09-24 16:47:28,874 INFO  storage.RaftStorageDirectory (RaftStorageDirectory.java:tryLock(328)) - Lock on /workdir/ratis-test/target/test/data/572499d7/MiniRaftClusterWithNetty2a77427e/s4/45526206-fa41-40b4-a28e-fee41e240123/in_use.lock acquired by nodename 20948@ratis-test-vphbd-3564017154
2019-09-24 16:47:28,874 INFO  storage.RaftStorageDirectory (RaftStorageDirectory.java:tryLock(328)) - Lock on /workdir/ratis-test/target/test/data/572499d7/MiniRaftClusterWithNetty2a77427e/s8/45526206-fa41-40b4-a28e-fee41e240123/in_use.lock acquired by nodename 20948@ratis-test-vphbd-3564017154
2019-09-24 16:47:28,874 INFO  storage.RaftStorageDirectory (RaftStorageDirectory.java:tryLock(328)) - Lock on /workdir/ratis-test/target/test/data/572499d7/MiniRaftClusterWithNetty2a77427e/s6/45526206-fa41-40b4-a28e-fee41e240123/in_use.lock acquired by nodename 20948@ratis-test-vphbd-3564017154
2019-09-24 16:47:28,874 INFO  storage.RaftStorageDirectory (RaftStorageDirectory.java:tryLock(328)) - Lock on /workdir/ratis-test/target/test/data/572499d7/MiniRaftClusterWithNetty2a77427e/s5/45526206-fa41-40b4-a28e-fee41e240123/in_use.lock acquired by nodename 20948@ratis-test-vphbd-3564017154
2019-09-24 16:47:28,874 TRACE util.FileUtils (LogUtils.java:runAndLog(61)) - Successfully ran Files.createDirectories /workdir/ratis-test/target/test/data/572499d7/MiniRaftClusterWithNetty2a77427e/s2/45526206-fa41-40b4-a28e-fee41e240123/current
2019-09-24 16:47:28,876 TRACE util.FileUtils (LogUtils.java:runAndLog(61)) - Successfully ran Files.createDirectories /workdir/ratis-test/target/test/data/572499d7/MiniRaftClusterWithNetty2a77427e/s5/45526206-fa41-40b4-a28e-fee41e240123/current
2019-09-24 16:47:28,876 TRACE util.FileUtils (LogUtils.java:runAndLog(61)) - Successfully ran Files.createDirectories /workdir/ratis-test/target/test/data/572499d7/MiniRaftClusterWithNetty2a77427e/s6/45526206-fa41-40b4-a28e-fee41e240123/current
2019-09-24 16:47:28,875 TRACE util.FileUtils (LogUtils.java:runAndLog(61)) - Successfully ran Files.createDirectories /workdir/ratis-test/target/test/data/572499d7/MiniRaftClusterWithNetty2a77427e/s8/45526206-fa41-40b4-a28e-fee41e240123/current
2019-09-24 16:47:28,875 TRACE util.FileUtils (LogUtils.java:runAndLog(61)) - Successfully ran Files.createDirectories /workdir/ratis-test/target/test/data/572499d7/MiniRaftClusterWithNetty2a77427e/s4/45526206-fa41-40b4-a28e-fee41e240123/current
2019-09-24 16:47:28,875 TRACE util.FileUtils (LogUtils.java:runAndLog(61)) - Successfully ran Files.createDirectories /workdir/ratis-test/target/test/data/572499d7/MiniRaftClusterWithNetty2a77427e/s3/45526206-fa41-40b4-a28e-fee41e240123/sm
2019-09-24 16:47:28,877 TRACE util.FileUtils (LogUtils.java:runAndLog(61)) - Successfully ran Files.createDirectories /workdir/ratis-test/target/test/data/572499d7/MiniRaftClusterWithNetty2a77427e/s4/45526206-fa41-40b4-a28e-fee41e240123/sm
2019-09-24 16:47:28,875 TRACE util.FileUtils (LogUtils.java:runAndLog(61)) - Successfully ran Files.createDirectories /workdir/ratis-test/target/test/data/572499d7/MiniRaftClusterWithNetty2a77427e/s7/45526206-fa41-40b4-a28e-fee41e240123/current
2019-09-24 16:47:28,874 TRACE util.FileUtils (LogUtils.java:runAndLog(61)) - Successfully ran Files.createDirectories /workdir/ratis-test/target/test/data/572499d7/MiniRaftClusterWithNetty2a77427e/s0/45526206-fa41-40b4-a28e-fee41e240123/sm
2019-09-24 16:47:28,877 TRACE util.FileUtils (LogUtils.java:runAndLog(61)) - Successfully ran Files.createDirectories /workdir/ratis-test/target/test/data/572499d7/MiniRaftClusterWithNetty2a77427e/s7/45526206-fa41-40b4-a28e-fee41e240123/sm
2019-09-24 16:47:28,874 TRACE util.FileUtils (LogUtils.java:runAndLog(61)) - Successfully ran Files.createDirectories /workdir/ratis-test/target/test/data/572499d7/MiniRaftClusterWithNetty2a77427e/s1/45526206-fa41-40b4-a28e-fee41e240123/sm
2019-09-24 16:47:28,877 TRACE util.FileUtils (LogUtils.java:runAndLog(61)) - Successfully ran Files.createDirectories /workdir/ratis-test/target/test/data/572499d7/MiniRaftClusterWithNetty2a77427e/s8/45526206-fa41-40b4-a28e-fee41e240123/sm
2019-09-24 16:47:28,876 TRACE util.FileUtils (LogUtils.java:runAndLog(61)) - Successfully ran Files.createDirectories /workdir/ratis-test/target/test/data/572499d7/MiniRaftClusterWithNetty2a77427e/s6/45526206-fa41-40b4-a28e-fee41e240123/sm
2019-09-24 16:47:28,876 TRACE util.FileUtils (LogUtils.java:runAndLog(61)) - Successfully ran Files.createDirectories /workdir/ratis-test/target/test/data/572499d7/MiniRaftClusterWithNetty2a77427e/s5/45526206-fa41-40b4-a28e-fee41e240123/sm
2019-09-24 16:47:28,876 TRACE util.FileUtils (LogUtils.java:runAndLog(61)) - Successfully ran Files.createDirectories /workdir/ratis-test/target/test/data/572499d7/MiniRaftClusterWithNetty2a77427e/s2/45526206-fa41-40b4-a28e-fee41e240123/sm
2019-09-24 16:47:34,036 INFO  storage.RaftStorage (RaftStorage.java:format(84)) - Storage directory /workdir/ratis-test/target/test/data/572499d7/MiniRaftClusterWithNetty2a77427e/s8/45526206-fa41-40b4-a28e-fee41e240123 has been successfully formatted.
2019-09-24 16:47:34,036 INFO  storage.RaftStorage (RaftStorage.java:format(84)) - Storage directory /workdir/ratis-test/target/test/data/572499d7/MiniRaftClusterWithNetty2a77427e/s3/45526206-fa41-40b4-a28e-fee41e240123 has been successfully formatted.
2019-09-24 16:47:34,036 INFO  storage.RaftStorage (RaftStorage.java:format(84)) - Storage directory /workdir/ratis-test/target/test/data/572499d7/MiniRaftClusterWithNetty2a77427e/s7/45526206-fa41-40b4-a28e-fee41e240123 has been successfully formatted.
2019-09-24 16:47:34,036 INFO  storage.RaftStorage (RaftStorage.java:format(84)) - Storage directory /workdir/ratis-test/target/test/data/572499d7/MiniRaftClusterWithNetty2a77427e/s5/45526206-fa41-40b4-a28e-fee41e240123 has been successfully formatted.
2019-09-24 16:47:34,036 INFO  storage.RaftStorage (RaftStorage.java:format(84)) - Storage directory /workdir/ratis-test/target/test/data/572499d7/MiniRaftClusterWithNetty2a77427e/s1/45526206-fa41-40b4-a28e-fee41e240123 has been successfully formatted.
2019-09-24 16:47:34,036 INFO  storage.RaftStorage (RaftStorage.java:format(84)) - Storage directory /workdir/ratis-test/target/test/data/572499d7/MiniRaftClusterWithNetty2a77427e/s4/45526206-fa41-40b4-a28e-fee41e240123 has been successfully formatted.
2019-09-24 16:47:34,036 INFO  storage.RaftStorage (RaftStorage.java:format(84)) - Storage directory /workdir/ratis-test/target/test/data/572499d7/MiniRaftClusterWithNetty2a77427e/s6/45526206-fa41-40b4-a28e-fee41e240123 has been successfully formatted.
2019-09-24 16:47:34,036 INFO  storage.RaftStorage (RaftStorage.java:format(84)) - Storage directory /workdir/ratis-test/target/test/data/572499d7/MiniRaftClusterWithNetty2a77427e/s0/45526206-fa41-40b4-a28e-fee41e240123 has been successfully formatted.
2019-09-24 16:47:34,036 INFO  storage.RaftStorage (RaftStorage.java:format(84)) - Storage directory /workdir/ratis-test/target/test/data/572499d7/MiniRaftClusterWithNetty2a77427e/s2/45526206-fa41-40b4-a28e-fee41e240123 has been successfully formatted.
2019-09-24 16:47:34,038 INFO  server.RaftServerConfigKeys (ConfUtils.java:logGet(43)) - raft.server.notification.no-leader.timeout = 60s (default)
2019-09-24 16:47:34,038 INFO  server.RaftServerConfigKeys (ConfUtils.java:logGet(43)) - raft.server.notification.no-leader.timeout = 60s (default)
2019-09-24 16:47:34,038 INFO  server.RaftServerConfigKeys (ConfUtils.java:logGet(43)) - raft.server.notification.no-leader.timeout = 60s (default)
2019-09-24 16:47:34,038 INFO  server.RaftServerConfigKeys (ConfUtils.java:logGet(43)) - raft.server.notification.no-leader.timeout = 60s (default)
2019-09-24 16:47:34,037 INFO  server.RaftServerConfigKeys (ConfUtils.java:logGet(43)) - raft.server.notification.no-leader.timeout = 60s (default)
2019-09-24 16:47:34,037 INFO  server.RaftServerConfigKeys (ConfUtils.java:logGet(43)) - raft.server.notification.no-leader.timeout = 60s (default)
2019-09-24 16:47:34,037 INFO  server.RaftServerConfigKeys (ConfUtils.java:logGet(43)) - raft.server.notification.no-leader.timeout = 60s (default)
2019-09-24 16:47:34,037 INFO  server.RaftServerConfigKeys (ConfUtils.java:logGet(43)) - raft.server.notification.no-leader.timeout = 60s (default)
2019-09-24 16:47:34,039 INFO  server.RaftServerConfigKeys (ConfUtils.java:logGet(43)) - raft.server.log.use.memory = false (default)
2019-09-24 16:47:34,039 INFO  server.RaftServerConfigKeys (ConfUtils.java:logGet(43)) - raft.server.log.use.memory = false (default)
2019-09-24 16:47:34,039 INFO  server.RaftServerConfigKeys (ConfUtils.java:logGet(43)) - raft.server.log.use.memory = false (default)
2019-09-24 16:47:34,039 INFO  server.RaftServerConfigKeys (ConfUtils.java:logGet(43)) - raft.server.log.use.memory = false (default)
2019-09-24 16:47:34,039 INFO  server.RaftServerConfigKeys (ConfUtils.java:logGet(43)) - raft.server.log.use.memory = false (default)
2019-09-24 16:47:34,039 INFO  server.RaftServerConfigKeys (ConfUtils.java:logGet(43)) - raft.server.log.use.memory = false (default)
2019-09-24 16:47:34,038 INFO  server.RaftServerConfigKeys (ConfUtils.java:logGet(43)) - raft.server.log.use.memory = false (default)
2019-09-24 16:47:34,038 INFO  server.RaftServerConfigKeys (ConfUtils.java:logGet(43)) - raft.server.notification.no-leader.timeout = 60s (default)
2019-09-24 16:47:34,041 INFO  server.RaftServerConfigKeys (ConfUtils.java:logGet(43)) - raft.server.log.purge.gap = 1024 (default)
2019-09-24 16:47:34,041 INFO  server.RaftServerConfigKeys (ConfUtils.java:logGet(43)) - raft.server.log.purge.gap = 1024 (default)
2019-09-24 16:47:34,041 INFO  server.RaftServerConfigKeys (ConfUtils.java:logGet(43)) - raft.server.log.purge.gap = 1024 (default)
2019-09-24 16:47:34,040 INFO  server.RaftServerConfigKeys (ConfUtils.java:logGet(43)) - raft.server.log.purge.gap = 1024 (default)
2019-09-24 16:47:34,040 INFO  server.RaftServerConfigKeys (ConfUtils.java:logGet(43)) - raft.server.log.purge.gap = 1024 (default)
2019-09-24 16:47:34,040 INFO  server.RaftServerConfigKeys (ConfUtils.java:logGet(43)) - raft.server.log.purge.gap = 1024 (default)
2019-09-24 16:47:34,040 INFO  server.RaftServerConfigKeys (ConfUtils.java:logGet(43)) - raft.server.log.purge.gap = 1024 (default)
2019-09-24 16:47:34,040 INFO  server.RaftServerConfigKeys (ConfUtils.java:logGet(43)) - raft.server.log.use.memory = false (default)
2019-09-24 16:47:34,042 INFO  server.RaftServerConfigKeys (ConfUtils.java:logGet(43)) - raft.server.log.appender.buffer.byte-limit = 4MB (=4194304) (default)
2019-09-24 16:47:34,042 INFO  server.RaftServerConfigKeys (ConfUtils.java:logGet(43)) - raft.server.log.appender.buffer.byte-limit = 4MB (=4194304) (default)
2019-09-24 16:47:34,042 INFO  server.RaftServerConfigKeys (ConfUtils.java:logGet(43)) - raft.server.log.appender.buffer.byte-limit = 4MB (=4194304) (default)
2019-09-24 16:47:34,042 INFO  server.RaftServerConfigKeys (ConfUtils.java:logGet(43)) - raft.server.log.appender.buffer.byte-limit = 4MB (=4194304) (default)
2019-09-24 16:47:34,041 INFO  server.RaftServerConfigKeys (ConfUtils.java:logGet(43)) - raft.server.log.appender.buffer.byte-limit = 4MB (=4194304) (default)
2019-09-24 16:47:34,041 INFO  server.RaftServerConfigKeys (ConfUtils.java:logGet(43)) - raft.server.log.appender.buffer.byte-limit = 4MB (=4194304) (default)
2019-09-24 16:47:34,041 INFO  server.RaftServerConfigKeys (ConfUtils.java:logGet(43)) - raft.server.log.appender.buffer.byte-limit = 4MB (=4194304) (default)
2019-09-24 16:47:34,041 INFO  server.RaftServerConfigKeys (ConfUtils.java:logGet(43)) - raft.server.log.use.memory = false (default)
2019-09-24 16:47:34,044 INFO  server.RaftServerConfigKeys (ConfUtils.java:logGet(43)) - raft.server.log.segment.size.max = 8MB (=8388608) (default)
2019-09-24 16:47:34,044 INFO  server.RaftServerConfigKeys (ConfUtils.java:logGet(43)) - raft.server.log.segment.size.max = 8MB (=8388608) (default)
2019-09-24 16:47:34,044 INFO  server.RaftServerConfigKeys (ConfUtils.java:logGet(43)) - raft.server.log.segment.size.max = 8MB (=8388608) (default)
2019-09-24 16:47:34,043 INFO  server.RaftServerConfigKeys (ConfUtils.java:logGet(43)) - raft.server.log.segment.size.max = 8MB (=8388608) (default)
2019-09-24 16:47:34,043 INFO  server.RaftServerConfigKeys (ConfUtils.java:logGet(43)) - raft.server.log.segment.size.max = 8MB (=8388608) (default)
2019-09-24 16:47:34,043 INFO  server.RaftServerConfigKeys (ConfUtils.java:logGet(43)) - raft.server.log.segment.size.max = 8MB (=8388608) (default)
2019-09-24 16:47:34,043 INFO  server.RaftServerConfigKeys (ConfUtils.java:logGet(43)) - raft.server.log.segment.size.max = 8MB (=8388608) (default)
2019-09-24 16:47:34,043 INFO  server.RaftServerConfigKeys (ConfUtils.java:logGet(43)) - raft.server.log.purge.gap = 1024 (default)
2019-09-24 16:47:34,045 INFO  server.RaftServerConfigKeys (ConfUtils.java:logGet(43)) - raft.server.log.segment.cache.num.max = 6 (default)
2019-09-24 16:47:34,045 INFO  server.RaftServerConfigKeys (ConfUtils.java:logGet(43)) - raft.server.log.segment.cache.num.max = 6 (default)
2019-09-24 16:47:34,045 INFO  server.RaftServerConfigKeys (ConfUtils.java:logGet(43)) - raft.server.log.segment.cache.num.max = 6 (default)
2019-09-24 16:47:34,045 INFO  server.RaftServerConfigKeys (ConfUtils.java:logGet(43)) - raft.server.log.segment.cache.num.max = 6 (default)
2019-09-24 16:47:34,045 INFO  server.RaftServerConfigKeys (ConfUtils.java:logGet(43)) - raft.server.log.segment.cache.num.max = 6 (default)
2019-09-24 16:47:34,045 INFO  server.RaftServerConfigKeys (ConfUtils.java:logGet(43)) - raft.server.log.segment.cache.num.max = 6 (default)
2019-09-24 16:47:34,044 INFO  server.RaftServerConfigKeys (ConfUtils.java:logGet(43)) - raft.server.log.segment.cache.num.max = 6 (default)
2019-09-24 16:47:34,044 INFO  server.RaftServerConfigKeys (ConfUtils.java:logGet(43)) - raft.server.log.purge.gap = 1024 (default)
2019-09-24 16:47:34,047 INFO  segmented.SegmentedRaftLogWorker (SegmentedRaftLogWorker.java:<init>(172)) - new s0@group-FEE41E240123-SegmentedRaftLogWorker for RaftStorage:Storage Directory /workdir/ratis-test/target/test/data/572499d7/MiniRaftClusterWithNetty2a77427e/s0/45526206-fa41-40b4-a28e-fee41e240123
2019-09-24 16:47:34,047 INFO  segmented.SegmentedRaftLogWorker (SegmentedRaftLogWorker.java:<init>(172)) - new s6@group-FEE41E240123-SegmentedRaftLogWorker for RaftStorage:Storage Directory /workdir/ratis-test/target/test/data/572499d7/MiniRaftClusterWithNetty2a77427e/s6/45526206-fa41-40b4-a28e-fee41e240123
2019-09-24 16:47:34,047 INFO  segmented.SegmentedRaftLogWorker (SegmentedRaftLogWorker.java:<init>(172)) - new s4@group-FEE41E240123-SegmentedRaftLogWorker for RaftStorage:Storage Directory /workdir/ratis-test/target/test/data/572499d7/MiniRaftClusterWithNetty2a77427e/s4/45526206-fa41-40b4-a28e-fee41e240123
2019-09-24 16:47:34,046 INFO  segmented.SegmentedRaftLogWorker (SegmentedRaftLogWorker.java:<init>(172)) - new s1@group-FEE41E240123-SegmentedRaftLogWorker for RaftStorage:Storage Directory /workdir/ratis-test/target/test/data/572499d7/MiniRaftClusterWithNetty2a77427e/s1/45526206-fa41-40b4-a28e-fee41e240123
2019-09-24 16:47:34,046 INFO  segmented.SegmentedRaftLogWorker (SegmentedRaftLogWorker.java:<init>(172)) - new s5@group-FEE41E240123-SegmentedRaftLogWorker for RaftStorage:Storage Directory /workdir/ratis-test/target/test/data/572499d7/MiniRaftClusterWithNetty2a77427e/s5/45526206-fa41-40b4-a28e-fee41e240123
2019-09-24 16:47:34,046 INFO  segmented.SegmentedRaftLogWorker (SegmentedRaftLogWorker.java:<init>(172)) - new s7@group-FEE41E240123-SegmentedRaftLogWorker for RaftStorage:Storage Directory /workdir/ratis-test/target/test/data/572499d7/MiniRaftClusterWithNetty2a77427e/s7/45526206-fa41-40b4-a28e-fee41e240123
2019-09-24 16:47:34,046 INFO  segmented.SegmentedRaftLogWorker (SegmentedRaftLogWorker.java:<init>(172)) - new s3@group-FEE41E240123-SegmentedRaftLogWorker for RaftStorage:Storage Directory /workdir/ratis-test/target/test/data/572499d7/MiniRaftClusterWithNetty2a77427e/s3/45526206-fa41-40b4-a28e-fee41e240123
2019-09-24 16:47:34,046 INFO  server.RaftServerConfigKeys (ConfUtils.java:logGet(43)) - raft.server.log.appender.buffer.byte-limit = 4MB (=4194304) (default)
2019-09-24 16:47:34,048 INFO  server.RaftServerConfigKeys (ConfUtils.java:logGet(43)) - raft.server.log.queue.byte-limit = 64MB (=67108864) (default)
2019-09-24 16:47:34,048 INFO  server.RaftServerConfigKeys (ConfUtils.java:logGet(43)) - raft.server.log.queue.byte-limit = 64MB (=67108864) (default)
2019-09-24 16:47:34,048 INFO  server.RaftServerConfigKeys (ConfUtils.java:logGet(43)) - raft.server.log.queue.byte-limit = 64MB (=67108864) (default)
2019-09-24 16:47:34,048 INFO  server.RaftServerConfigKeys (ConfUtils.java:logGet(43)) - raft.server.log.queue.byte-limit = 64MB (=67108864) (default)
2019-09-24 16:47:34,048 INFO  server.RaftServerConfigKeys (ConfUtils.java:logGet(43)) - raft.server.log.queue.byte-limit = 64MB (=67108864) (default)
2019-09-24 16:47:34,047 INFO  server.RaftServerConfigKeys (ConfUtils.java:logGet(43)) - raft.server.log.queue.byte-limit = 64MB (=67108864) (default)
2019-09-24 16:47:34,047 INFO  server.RaftServerConfigKeys (ConfUtils.java:logGet(43)) - raft.server.log.appender.buffer.byte-limit = 4MB (=4194304) (default)
2019-09-24 16:47:34,050 INFO  server.RaftServerConfigKeys (ConfUtils.java:logGet(43)) - raft.server.log.queue.element-limit = 4096 (default)
2019-09-24 16:47:34,050 INFO  server.RaftServerConfigKeys (ConfUtils.java:logGet(43)) - raft.server.log.queue.element-limit = 4096 (default)
2019-09-24 16:47:34,049 INFO  server.RaftServerConfigKeys (ConfUtils.java:logGet(43)) - raft.server.log.queue.element-limit = 4096 (default)
2019-09-24 16:47:34,049 INFO  server.RaftServerConfigKeys (ConfUtils.java:logGet(43)) - raft.server.log.queue.element-limit = 4096 (default)
2019-09-24 16:47:34,049 INFO  server.RaftServerConfigKeys (ConfUtils.java:logGet(43)) - raft.server.log.queue.element-limit = 4096 (default)
2019-09-24 16:47:34,049 INFO  server.RaftServerConfigKeys (ConfUtils.java:logGet(43)) - raft.server.log.queue.element-limit = 4096 (default)
2019-09-24 16:47:34,049 INFO  server.RaftServerConfigKeys (ConfUtils.java:logGet(43)) - raft.server.log.segment.size.max = 8MB (=8388608) (default)
2019-09-24 16:47:34,051 INFO  server.RaftServerConfigKeys (ConfUtils.java:logGet(43)) - raft.server.log.segment.size.max = 8MB (=8388608) (default)
2019-09-24 16:47:34,051 INFO  server.RaftServerConfigKeys (ConfUtils.java:logGet(43)) - raft.server.log.segment.size.max = 8MB (=8388608) (default)
2019-09-24 16:47:34,051 INFO  server.RaftServerConfigKeys (ConfUtils.java:logGet(43)) - raft.server.log.segment.size.max = 8MB (=8388608) (default)
2019-09-24 16:47:34,051 INFO  server.RaftServerConfigKeys (ConfUtils.java:logGet(43)) - raft.server.log.segment.size.max = 8MB (=8388608) (default)
2019-09-24 16:47:34,050 INFO  server.RaftServerConfigKeys (ConfUtils.java:logGet(43)) - raft.server.log.segment.size.max = 8MB (=8388608) (default)
2019-09-24 16:47:34,050 INFO  server.RaftServerConfigKeys (ConfUtils.java:logGet(43)) - raft.server.log.segment.size.max = 8MB (=8388608) (default)
2019-09-24 16:47:34,050 INFO  server.RaftServerConfigKeys (ConfUtils.java:logGet(43)) - raft.server.log.segment.size.max = 8MB (=8388608) (default)
2019-09-24 16:47:34,052 INFO  server.RaftServerConfigKeys (ConfUtils.java:logGet(43)) - raft.server.log.preallocated.size = 4MB (=4194304) (default)
2019-09-24 16:47:34,052 INFO  server.RaftServerConfigKeys (ConfUtils.java:logGet(43)) - raft.server.log.preallocated.size = 4MB (=4194304) (default)
2019-09-24 16:47:34,052 INFO  server.RaftServerConfigKeys (ConfUtils.java:logGet(43)) - raft.server.log.preallocated.size = 4MB (=4194304) (default)
2019-09-24 16:47:34,052 INFO  server.RaftServerConfigKeys (ConfUtils.java:logGet(43)) - raft.server.log.queue.byte-limit = 64MB (=67108864) (default)
2019-09-24 16:47:34,052 INFO  server.RaftServerConfigKeys (ConfUtils.java:logGet(43)) - raft.server.log.preallocated.size = 4MB (=4194304) (default)
2019-09-24 16:47:34,052 INFO  server.RaftServerConfigKeys (ConfUtils.java:logGet(43)) - raft.server.log.preallocated.size = 4MB (=4194304) (default)
2019-09-24 16:47:34,051 INFO  server.RaftServerConfigKeys (ConfUtils.java:logGet(43)) - raft.server.log.preallocated.size = 4MB (=4194304) (default)
2019-09-24 16:47:34,054 INFO  server.RaftServerConfigKeys (ConfUtils.java:logGet(43)) - raft.server.log.write.buffer.size = 64KB (=65536) (default)
2019-09-24 16:47:34,054 INFO  server.RaftServerConfigKeys (ConfUtils.java:logGet(43)) - raft.server.log.force.sync.num = 128 (default)
2019-09-24 16:47:34,051 INFO  server.RaftServerConfigKeys (ConfUtils.java:logGet(43)) - raft.server.log.segment.cache.num.max = 6 (default)
2019-09-24 16:47:34,054 INFO  server.RaftServerConfigKeys (ConfUtils.java:logGet(43)) - raft.server.log.statemachine.data.sync = true (default)
2019-09-24 16:47:34,053 INFO  server.RaftServerConfigKeys (ConfUtils.java:logGet(43)) - raft.server.log.write.buffer.size = 64KB (=65536) (default)
2019-09-24 16:47:34,055 INFO  server.RaftServerConfigKeys (ConfUtils.java:logGet(43)) - raft.server.log.force.sync.num = 128 (default)
2019-09-24 16:47:34,053 INFO  server.RaftServerConfigKeys (ConfUtils.java:logGet(43)) - raft.server.log.write.buffer.size = 64KB (=65536) (default)
2019-09-24 16:47:34,055 INFO  server.RaftServerConfigKeys (ConfUtils.java:logGet(43)) - raft.server.log.force.sync.num = 128 (default)
2019-09-24 16:47:34,055 INFO  server.RaftServerConfigKeys (ConfUtils.java:logGet(43)) - raft.server.log.statemachine.data.sync = true (default)
2019-09-24 16:47:34,055 INFO  server.RaftServerConfigKeys (ConfUtils.java:logGet(43)) - raft.server.log.statemachine.data.sync.timeout = 10s (default)
2019-09-24 16:47:34,055 INFO  server.RaftServerConfigKeys (ConfUtils.java:logGet(43)) - raft.server.log.statemachine.data.sync.timeout.retry = -1 (default)
2019-09-24 16:47:34,053 INFO  server.RaftServerConfigKeys (ConfUtils.java:logGet(43)) - raft.server.log.queue.element-limit = 4096 (default)
2019-09-24 16:47:34,053 INFO  server.RaftServerConfigKeys (ConfUtils.java:logGet(43)) - raft.server.log.write.buffer.size = 64KB (=65536) (default)
2019-09-24 16:47:34,053 INFO  server.RaftServerConfigKeys (ConfUtils.java:logGet(43)) - raft.server.log.write.buffer.size = 64KB (=65536) (default)
2019-09-24 16:47:34,053 INFO  server.RaftServerConfigKeys (ConfUtils.java:logGet(43)) - raft.server.log.write.buffer.size = 64KB (=65536) (default)
2019-09-24 16:47:34,052 INFO  server.RaftServerConfigKeys (ConfUtils.java:logGet(43)) - raft.server.log.segment.cache.num.max = 6 (default)
2019-09-24 16:47:34,056 INFO  server.RaftServerConfigKeys (ConfUtils.java:logGet(43)) - raft.server.log.force.sync.num = 128 (default)
2019-09-24 16:47:34,056 INFO  server.RaftServerConfigKeys (ConfUtils.java:logGet(43)) - raft.server.log.force.sync.num = 128 (default)
2019-09-24 16:47:34,056 INFO  server.RaftServerConfigKeys (ConfUtils.java:logGet(43)) - raft.server.log.force.sync.num = 128 (default)
2019-09-24 16:47:34,056 INFO  server.RaftServerConfigKeys (ConfUtils.java:logGet(43)) - raft.server.log.segment.size.max = 8MB (=8388608) (default)
2019-09-24 16:47:34,056 INFO  server.RaftServerConfigKeys (ConfUtils.java:logGet(43)) - raft.server.log.statemachine.data.caching.enabled = false (default)
2019-09-24 16:47:34,055 INFO  server.RaftServerConfigKeys (ConfUtils.java:logGet(43)) - raft.server.log.statemachine.data.sync = true (default)
2019-09-24 16:47:34,054 INFO  server.RaftServerConfigKeys (ConfUtils.java:logGet(43)) - raft.server.log.statemachine.data.sync.timeout = 10s (default)
2019-09-24 16:47:34,058 INFO  segmented.SegmentedRaftLogWorker (SegmentedRaftLogWorker.java:lambda$new$0(132)) - s1@group-FEE41E240123-SegmentedRaftLogWorker: flushIndex: setUnconditionally 0 -> -1
2019-09-24 16:47:34,054 INFO  segmented.SegmentedRaftLogWorker (SegmentedRaftLogWorker.java:<init>(172)) - new s8@group-FEE41E240123-SegmentedRaftLogWorker for RaftStorage:Storage Directory /workdir/ratis-test/target/test/data/572499d7/MiniRaftClusterWithNetty2a77427e/s8/45526206-fa41-40b4-a28e-fee41e240123
2019-09-24 16:47:34,058 INFO  server.RaftServerConfigKeys (ConfUtils.java:logGet(43)) - raft.server.log.statemachine.data.sync.timeout.retry = -1 (default)
2019-09-24 16:47:34,058 INFO  server.RaftServerConfigKeys (ConfUtils.java:logGet(43)) - raft.server.log.statemachine.data.sync.timeout = 10s (default)
2019-09-24 16:47:34,059 INFO  server.RaftServerConfigKeys (ConfUtils.java:logGet(43)) - raft.server.log.statemachine.data.sync.timeout.retry = -1 (default)
2019-09-24 16:47:34,057 INFO  server.RaftServerConfigKeys (ConfUtils.java:logGet(43)) - raft.server.log.preallocated.size = 4MB (=4194304) (default)
2019-09-24 16:47:34,057 INFO  server.RaftServerConfigKeys (ConfUtils.java:logGet(43)) - raft.server.log.statemachine.data.sync = true (default)
2019-09-24 16:47:34,057 INFO  server.RaftServerConfigKeys (ConfUtils.java:logGet(43)) - raft.server.log.statemachine.data.sync = true (default)
2019-09-24 16:47:34,057 INFO  server.RaftServerConfigKeys (ConfUtils.java:logGet(43)) - raft.server.log.statemachine.data.sync = true (default)
2019-09-24 16:47:34,060 INFO  server.RaftServerConfigKeys (ConfUtils.java:logGet(43)) - raft.server.log.statemachine.data.sync.timeout = 10s (default)
2019-09-24 16:47:34,057 INFO  segmented.SegmentedRaftLogWorker (SegmentedRaftLogWorker.java:<init>(172)) - new s2@group-FEE41E240123-SegmentedRaftLogWorker for RaftStorage:Storage Directory /workdir/ratis-test/target/test/data/572499d7/MiniRaftClusterWithNetty2a77427e/s2/45526206-fa41-40b4-a28e-fee41e240123
2019-09-24 16:47:34,060 INFO  server.RaftServerConfigKeys (ConfUtils.java:logGet(43)) - raft.server.log.statemachine.data.sync.timeout.retry = -1 (default)
2019-09-24 16:47:34,059 INFO  server.RaftServerConfigKeys (ConfUtils.java:logGet(43)) - raft.server.log.statemachine.data.sync.timeout = 10s (default)
2019-09-24 16:47:34,059 INFO  server.RaftServerConfigKeys (ConfUtils.java:logGet(43)) - raft.server.log.statemachine.data.sync.timeout = 10s (default)
2019-09-24 16:47:34,060 INFO  server.RaftServerConfigKeys (ConfUtils.java:logGet(43)) - raft.server.log.statemachine.data.sync.timeout.retry = -1 (default)
2019-09-24 16:47:34,059 INFO  server.RaftServerConfigKeys (ConfUtils.java:logGet(43)) - raft.server.log.write.buffer.size = 64KB (=65536) (default)
2019-09-24 16:47:34,059 INFO  server.RaftServerConfigKeys (ConfUtils.java:logGet(43)) - raft.server.log.statemachine.data.caching.enabled = false (default)
2019-09-24 16:47:34,058 INFO  server.RaftServerConfigKeys (ConfUtils.java:logGet(43)) - raft.server.log.statemachine.data.caching.enabled = false (default)
2019-09-24 16:47:34,058 INFO  server.RaftServerConfigKeys (ConfUtils.java:logGet(43)) - raft.server.snapshot.auto.trigger.enabled = false (default)
2019-09-24 16:47:34,061 INFO  segmented.SegmentedRaftLogWorker (SegmentedRaftLogWorker.java:lambda$new$0(132)) - s5@group-FEE41E240123-SegmentedRaftLogWorker: flushIndex: setUnconditionally 0 -> -1
2019-09-24 16:47:34,061 INFO  server.RaftServerConfigKeys (ConfUtils.java:logGet(43)) - raft.server.log.queue.byte-limit = 64MB (=67108864) (default)
2019-09-24 16:47:34,062 INFO  server.RaftServerConfigKeys (ConfUtils.java:logGet(43)) - raft.server.snapshot.auto.trigger.enabled = false (default)
2019-09-24 16:47:34,061 INFO  server.RaftServerConfigKeys (ConfUtils.java:logGet(43)) - raft.server.log.force.sync.num = 128 (default)
2019-09-24 16:47:34,061 INFO  server.RaftServerConfigKeys (ConfUtils.java:logGet(43)) - raft.server.log.statemachine.data.caching.enabled = false (default)
2019-09-24 16:47:34,060 INFO  server.RaftServerConfigKeys (ConfUtils.java:logGet(43)) - raft.server.log.statemachine.data.sync.timeout.retry = -1 (default)
2019-09-24 16:47:34,060 INFO  server.RaftServerConfigKeys (ConfUtils.java:logGet(43)) - raft.server.log.statemachine.data.caching.enabled = false (default)
2019-09-24 16:47:34,060 INFO  server.RaftServerConfigKeys (ConfUtils.java:logGet(43)) - raft.server.log.queue.byte-limit = 64MB (=67108864) (default)
2019-09-24 16:47:34,063 INFO  server.RaftServerConfigKeys (ConfUtils.java:logGet(43)) - raft.server.log.statemachine.data.caching.enabled = false (default)
2019-09-24 16:47:34,063 INFO  segmented.SegmentedRaftLogWorker (SegmentedRaftLogWorker.java:lambda$new$0(132)) - s4@group-FEE41E240123-SegmentedRaftLogWorker: flushIndex: setUnconditionally 0 -> -1
2019-09-24 16:47:34,063 INFO  segmented.SegmentedRaftLogWorker (SegmentedRaftLogWorker.java:lambda$new$0(132)) - s6@group-FEE41E240123-SegmentedRaftLogWorker: flushIndex: setUnconditionally 0 -> -1
2019-09-24 16:47:34,062 INFO  server.RaftServerConfigKeys (ConfUtils.java:logGet(43)) - raft.server.log.statemachine.data.sync = true (default)
2019-09-24 16:47:34,062 INFO  server.RaftServerConfigKeys (ConfUtils.java:logGet(43)) - raft.server.snapshot.retention.file.num = -1 (default)
2019-09-24 16:47:34,062 INFO  server.RaftServerConfigKeys (ConfUtils.java:logGet(43)) - raft.server.log.queue.element-limit = 4096 (default)
2019-09-24 16:47:34,061 INFO  segmented.SegmentedRaftLogWorker (SegmentedRaftLogWorker.java:lambda$new$0(132)) - s3@group-FEE41E240123-SegmentedRaftLogWorker: flushIndex: setUnconditionally 0 -> -1
2019-09-24 16:47:34,061 INFO  server.RaftServerConfigKeys (ConfUtils.java:logGet(43)) - raft.server.snapshot.retention.file.num = -1 (default)
2019-09-24 16:47:34,064 INFO  server.RaftServerConfigKeys (ConfUtils.java:logGet(43)) - raft.server.log.segment.size.max = 8MB (=8388608) (default)
2019-09-24 16:47:34,064 INFO  server.RaftServerConfigKeys (ConfUtils.java:logGet(43)) - raft.server.retrycache.expirytime = 60s (default)
2019-09-24 16:47:34,064 INFO  server.RaftServerConfigKeys (ConfUtils.java:logGet(43)) - raft.server.log.statemachine.data.sync.timeout = 10s (default)
2019-09-24 16:47:34,064 INFO  server.RaftServerConfigKeys (ConfUtils.java:logGet(43)) - raft.server.snapshot.auto.trigger.enabled = false (default)
2019-09-24 16:47:34,065 INFO  server.RaftServerConfigKeys (ConfUtils.java:logGet(43)) - raft.server.snapshot.retention.file.num = -1 (default)
2019-09-24 16:47:34,064 INFO  server.RaftServerConfigKeys (ConfUtils.java:logGet(43)) - raft.server.snapshot.auto.trigger.enabled = false (default)
2019-09-24 16:47:34,063 INFO  server.RaftServerConfigKeys (ConfUtils.java:logGet(43)) - raft.server.log.queue.element-limit = 4096 (default)
2019-09-24 16:47:34,063 INFO  segmented.SegmentedRaftLogWorker (SegmentedRaftLogWorker.java:lambda$new$0(132)) - s0@group-FEE41E240123-SegmentedRaftLogWorker: flushIndex: setUnconditionally 0 -> -1
2019-09-24 16:47:34,066 INFO  server.RaftServerConfigKeys (ConfUtils.java:logGet(43)) - raft.server.log.segment.size.max = 8MB (=8388608) (default)
2019-09-24 16:47:34,066 INFO  server.RaftServerConfigKeys (ConfUtils.java:logGet(43)) - raft.server.snapshot.retention.file.num = -1 (default)
2019-09-24 16:47:34,065 INFO  server.RaftServerConfigKeys (ConfUtils.java:logGet(43)) - raft.server.retrycache.expirytime = 60s (default)
2019-09-24 16:47:34,065 INFO  server.RaftServerConfigKeys (ConfUtils.java:logGet(43)) - raft.server.log.statemachine.data.sync.timeout.retry = -1 (default)
2019-09-24 16:47:34,065 INFO  server.RaftServerConfigKeys (ConfUtils.java:logGet(43)) - raft.server.log.preallocated.size = 4MB (=4194304) (default)
2019-09-24 16:47:34,065 INFO  server.RaftServerConfigKeys (ConfUtils.java:logGet(43)) - raft.server.snapshot.auto.trigger.enabled = false (default)
2019-09-24 16:47:34,065 INFO  server.RaftServerConfigKeys (ConfUtils.java:logGet(43)) - raft.server.retrycache.expirytime = 60s (default)
2019-09-24 16:47:34,067 INFO  server.RaftServerConfigKeys (ConfUtils.java:logGet(43)) - raft.server.snapshot.retention.file.num = -1 (default)
2019-09-24 16:47:34,067 INFO  server.RaftServerConfigKeys (ConfUtils.java:logGet(43)) - raft.server.log.statemachine.data.caching.enabled = false (default)
2019-09-24 16:47:34,067 INFO  server.RaftServerConfigKeys (ConfUtils.java:logGet(43)) - raft.server.log.write.buffer.size = 64KB (=65536) (default)
2019-09-24 16:47:34,068 INFO  segmented.SegmentedRaftLogWorker (SegmentedRaftLogWorker.java:lambda$new$0(132)) - s7@group-FEE41E240123-SegmentedRaftLogWorker: flushIndex: setUnconditionally 0 -> -1
2019-09-24 16:47:34,066 INFO  server.RaftServerConfigKeys (ConfUtils.java:logGet(43)) - raft.server.retrycache.expirytime = 60s (default)
2019-09-24 16:47:34,066 INFO  server.RaftServerConfigKeys (ConfUtils.java:logGet(43)) - raft.server.log.preallocated.size = 4MB (=4194304) (default)
2019-09-24 16:47:34,066 INFO  server.RaftServerConfigKeys (ConfUtils.java:logGet(43)) - raft.server.snapshot.auto.trigger.enabled = false (default)
2019-09-24 16:47:34,068 INFO  server.RaftServerConfigKeys (ConfUtils.java:logGet(43)) - raft.server.log.write.buffer.size = 64KB (=65536) (default)
2019-09-24 16:47:34,068 INFO  server.RaftServerConfigKeys (ConfUtils.java:logGet(43)) - raft.server.snapshot.auto.trigger.enabled = false (default)
2019-09-24 16:47:34,069 INFO  server.RaftServerConfigKeys (ConfUtils.java:logGet(43)) - raft.server.snapshot.retention.file.num = -1 (default)
2019-09-24 16:47:34,068 INFO  server.RaftServerConfigKeys (ConfUtils.java:logGet(43)) - raft.server.log.force.sync.num = 128 (default)
2019-09-24 16:47:34,067 INFO  server.RaftServerConfigKeys (ConfUtils.java:logGet(43)) - raft.server.retrycache.expirytime = 60s (default)
2019-09-24 16:47:34,069 INFO  server.RaftServerConfigKeys (ConfUtils.java:logGet(43)) - raft.server.log.statemachine.data.sync = true (default)
2019-09-24 16:47:34,069 INFO  server.RaftServerConfigKeys (ConfUtils.java:logGet(43)) - raft.server.retrycache.expirytime = 60s (default)
2019-09-24 16:47:34,069 INFO  server.RaftServerConfigKeys (ConfUtils.java:logGet(43)) - raft.server.log.force.sync.num = 128 (default)
2019-09-24 16:47:34,069 INFO  server.RaftServerConfigKeys (ConfUtils.java:logGet(43)) - raft.server.snapshot.retention.file.num = -1 (default)
2019-09-24 16:47:34,070 INFO  server.RaftServerConfigKeys (ConfUtils.java:logGet(43)) - raft.server.log.statemachine.data.sync = true (default)
2019-09-24 16:47:34,070 INFO  server.RaftServerConfigKeys (ConfUtils.java:logGet(43)) - raft.server.log.statemachine.data.sync.timeout = 10s (default)
2019-09-24 16:47:34,070 INFO  server.RaftServerConfigKeys (ConfUtils.java:logGet(43)) - raft.server.log.statemachine.data.sync.timeout = 10s (default)
2019-09-24 16:47:34,071 INFO  server.RaftServerConfigKeys (ConfUtils.java:logGet(43)) - raft.server.log.statemachine.data.sync.timeout.retry = -1 (default)
2019-09-24 16:47:34,070 INFO  server.RaftServerConfigKeys (ConfUtils.java:logGet(43)) - raft.server.retrycache.expirytime = 60s (default)
2019-09-24 16:47:34,071 INFO  server.RaftServerConfigKeys (ConfUtils.java:logGet(43)) - raft.server.log.statemachine.data.caching.enabled = false (default)
2019-09-24 16:47:34,071 INFO  server.RaftServerConfigKeys (ConfUtils.java:logGet(43)) - raft.server.log.statemachine.data.sync.timeout.retry = -1 (default)
2019-09-24 16:47:34,072 INFO  segmented.SegmentedRaftLogWorker (SegmentedRaftLogWorker.java:lambda$new$0(132)) - s2@group-FEE41E240123-SegmentedRaftLogWorker: flushIndex: setUnconditionally 0 -> -1
2019-09-24 16:47:34,072 INFO  server.RaftServerConfigKeys (ConfUtils.java:logGet(43)) - raft.server.snapshot.auto.trigger.enabled = false (default)
2019-09-24 16:47:34,072 INFO  server.RaftServerConfigKeys (ConfUtils.java:logGet(43)) - raft.server.log.statemachine.data.caching.enabled = false (default)
2019-09-24 16:47:34,072 INFO  server.RaftServerConfigKeys (ConfUtils.java:logGet(43)) - raft.server.snapshot.retention.file.num = -1 (default)
2019-09-24 16:47:34,072 INFO  server.RaftServerConfigKeys (ConfUtils.java:logGet(43)) - raft.server.retrycache.expirytime = 60s (default)
2019-09-24 16:47:34,072 INFO  segmented.SegmentedRaftLogWorker (SegmentedRaftLogWorker.java:lambda$new$0(132)) - s8@group-FEE41E240123-SegmentedRaftLogWorker: flushIndex: setUnconditionally 0 -> -1
2019-09-24 16:47:34,074 INFO  server.RaftServerConfigKeys (ConfUtils.java:logGet(43)) - raft.server.snapshot.auto.trigger.enabled = false (default)
2019-09-24 16:47:34,074 INFO  server.RaftServerConfigKeys (ConfUtils.java:logGet(43)) - raft.server.snapshot.retention.file.num = -1 (default)
2019-09-24 16:47:34,074 INFO  server.RaftServerConfigKeys (ConfUtils.java:logGet(43)) - raft.server.retrycache.expirytime = 60s (default)
2019-09-24 16:47:34,087 INFO  impl.RaftServerImpl (RaftServerImpl.java:start(184)) - s3@group-FEE41E240123: start with initializing state, conf=-1: [], old=null
2019-09-24 16:47:34,088 INFO  impl.RaftServerImpl (RaftServerImpl.java:setRole(170)) - s3@group-FEE41E240123: changes role from      null to FOLLOWER at term 0 for startInitializing
2019-09-24 16:47:34,088 INFO  util.JmxRegister (JmxRegister.java:tryRegister(44)) - Successfully registered JMX Bean with object name Ratis:service=RaftServer,group=group-FEE41E240123,id=s3
2019-09-24 16:47:34,093 INFO  impl.RaftServerProxy (RaftServerProxy.java:lambda$start$3(299)) - s3: start RPC server
2019-09-24 16:47:34,093 INFO  impl.RaftServerImpl (RaftServerImpl.java:start(184)) - s4@group-FEE41E240123: start with initializing state, conf=-1: [], old=null
2019-09-24 16:47:34,094 INFO  impl.RaftServerImpl (RaftServerImpl.java:setRole(170)) - s4@group-FEE41E240123: changes role from      null to FOLLOWER at term 0 for startInitializing
2019-09-24 16:47:34,094 INFO  util.JmxRegister (JmxRegister.java:tryRegister(44)) - Successfully registered JMX Bean with object name Ratis:service=RaftServer,group=group-FEE41E240123,id=s4
2019-09-24 16:47:34,097 INFO  impl.RaftServerProxy (RaftServerProxy.java:lambda$start$3(299)) - s4: start RPC server
2019-09-24 16:47:34,098 INFO  impl.RaftServerImpl (RaftServerImpl.java:start(184)) - s5@group-FEE41E240123: start with initializing state, conf=-1: [], old=null
2019-09-24 16:47:34,099 INFO  impl.RaftServerImpl (RaftServerImpl.java:setRole(170)) - s5@group-FEE41E240123: changes role from      null to FOLLOWER at term 0 for startInitializing
2019-09-24 16:47:34,099 INFO  util.JmxRegister (JmxRegister.java:tryRegister(44)) - Successfully registered JMX Bean with object name Ratis:service=RaftServer,group=group-FEE41E240123,id=s5
2019-09-24 16:47:34,103 INFO  impl.RaftServerProxy (RaftServerProxy.java:lambda$start$3(299)) - s5: start RPC server
2019-09-24 16:47:34,104 INFO  impl.RaftServerImpl (RaftServerImpl.java:start(184)) - s6@group-FEE41E240123: start with initializing state, conf=-1: [], old=null
2019-09-24 16:47:34,104 INFO  impl.RaftServerImpl (RaftServerImpl.java:setRole(170)) - s6@group-FEE41E240123: changes role from      null to FOLLOWER at term 0 for startInitializing
2019-09-24 16:47:34,105 INFO  util.JmxRegister (JmxRegister.java:tryRegister(44)) - Successfully registered JMX Bean with object name Ratis:service=RaftServer,group=group-FEE41E240123,id=s6
2019-09-24 16:47:34,109 INFO  impl.RaftServerProxy (RaftServerProxy.java:lambda$start$3(299)) - s6: start RPC server
2019-09-24 16:47:34,109 INFO  impl.RaftServerImpl (RaftServerImpl.java:start(184)) - s7@group-FEE41E240123: start with initializing state, conf=-1: [], old=null
2019-09-24 16:47:34,110 INFO  impl.RaftServerImpl (RaftServerImpl.java:setRole(170)) - s7@group-FEE41E240123: changes role from      null to FOLLOWER at term 0 for startInitializing
2019-09-24 16:47:34,110 INFO  util.JmxRegister (JmxRegister.java:tryRegister(44)) - Successfully registered JMX Bean with object name Ratis:service=RaftServer,group=group-FEE41E240123,id=s7
2019-09-24 16:47:34,114 INFO  impl.RaftServerProxy (RaftServerProxy.java:lambda$start$3(299)) - s7: start RPC server
2019-09-24 16:47:34,115 INFO  impl.RaftServerImpl (RaftServerImpl.java:start(184)) - s8@group-FEE41E240123: start with initializing state, conf=-1: [], old=null
2019-09-24 16:47:34,115 INFO  impl.RaftServerImpl (RaftServerImpl.java:setRole(170)) - s8@group-FEE41E240123: changes role from      null to FOLLOWER at term 0 for startInitializing
2019-09-24 16:47:34,115 INFO  util.JmxRegister (JmxRegister.java:tryRegister(44)) - Successfully registered JMX Bean with object name Ratis:service=RaftServer,group=group-FEE41E240123,id=s8
2019-09-24 16:47:34,119 INFO  impl.RaftServerProxy (RaftServerProxy.java:lambda$start$3(299)) - s8: start RPC server
2019-09-24 16:47:34,120 INFO  impl.RaftServerImpl (RaftServerImpl.java:start(184)) - s0@group-FEE41E240123: start with initializing state, conf=-1: [], old=null
2019-09-24 16:47:34,120 INFO  impl.RaftServerImpl (RaftServerImpl.java:setRole(170)) - s0@group-FEE41E240123: changes role from      null to FOLLOWER at term 0 for startInitializing
2019-09-24 16:47:34,120 INFO  util.JmxRegister (JmxRegister.java:tryRegister(44)) - Successfully registered JMX Bean with object name Ratis:service=RaftServer,group=group-FEE41E240123,id=s0
2019-09-24 16:47:34,127 INFO  impl.RaftServerProxy (RaftServerProxy.java:lambda$start$3(299)) - s0: start RPC server
2019-09-24 16:47:34,127 INFO  impl.RaftServerImpl (RaftServerImpl.java:start(184)) - s1@group-FEE41E240123: start with initializing state, conf=-1: [], old=null
2019-09-24 16:47:34,128 INFO  impl.RaftServerImpl (RaftServerImpl.java:setRole(170)) - s1@group-FEE41E240123: changes role from      null to FOLLOWER at term 0 for startInitializing
2019-09-24 16:47:34,128 INFO  util.JmxRegister (JmxRegister.java:tryRegister(44)) - Successfully registered JMX Bean with object name Ratis:service=RaftServer,group=group-FEE41E240123,id=s1
2019-09-24 16:47:34,131 INFO  impl.RaftServerProxy (RaftServerProxy.java:lambda$start$3(299)) - s1: start RPC server
2019-09-24 16:47:34,131 INFO  impl.RaftServerImpl (RaftServerImpl.java:start(184)) - s2@group-FEE41E240123: start with initializing state, conf=-1: [], old=null
2019-09-24 16:47:34,132 INFO  impl.RaftServerImpl (RaftServerImpl.java:setRole(170)) - s2@group-FEE41E240123: changes role from      null to FOLLOWER at term 0 for startInitializing
2019-09-24 16:47:34,132 INFO  util.JmxRegister (JmxRegister.java:tryRegister(44)) - Successfully registered JMX Bean with object name Ratis:service=RaftServer,group=group-FEE41E240123,id=s2
2019-09-24 16:47:34,135 INFO  impl.RaftServerProxy (RaftServerProxy.java:lambda$start$3(299)) - s2: start RPC server
2019-09-24 16:47:35,136 INFO  impl.GroupManagementBaseTest (GroupManagementBaseTest.java:runMultiGroupTest(156)) - start: printing ALL groups
  s3:  RUNNING  FOLLOWER s3@group-FEE41E240123:t0, leader=null, voted=null, raftlog=s3@group-FEE41E240123-SegmentedRaftLog:OPENED:c-1,f-1,i0, conf=-1: [], old=null STARTING
  s4:  RUNNING  FOLLOWER s4@group-FEE41E240123:t0, leader=null, voted=null, raftlog=s4@group-FEE41E240123-SegmentedRaftLog:OPENED:c-1,f-1,i0, conf=-1: [], old=null STARTING
  s5:  RUNNING  FOLLOWER s5@group-FEE41E240123:t0, leader=null, voted=null, raftlog=s5@group-FEE41E240123-SegmentedRaftLog:OPENED:c-1,f-1,i0, conf=-1: [], old=null STARTING
  s6:  RUNNING  FOLLOWER s6@group-FEE41E240123:t0, leader=null, voted=null, raftlog=s6@group-FEE41E240123-SegmentedRaftLog:OPENED:c-1,f-1,i0, conf=-1: [], old=null STARTING
  s7:  RUNNING  FOLLOWER s7@group-FEE41E240123:t0, leader=null, voted=null, raftlog=s7@group-FEE41E240123-SegmentedRaftLog:OPENED:c-1,f-1,i0, conf=-1: [], old=null STARTING
  s8:  RUNNING  FOLLOWER s8@group-FEE41E240123:t0, leader=null, voted=null, raftlog=s8@group-FEE41E240123-SegmentedRaftLog:OPENED:c-1,f-1,i0, conf=-1: [], old=null STARTING
  s0:  RUNNING  FOLLOWER s0@group-FEE41E240123:t0, leader=null, voted=null, raftlog=s0@group-FEE41E240123-SegmentedRaftLog:OPENED:c-1,f-1,i0, conf=-1: [], old=null STARTING
  s1:  RUNNING  FOLLOWER s1@group-FEE41E240123:t0, leader=null, voted=null, raftlog=s1@group-FEE41E240123-SegmentedRaftLog:OPENED:c-1,f-1,i0, conf=-1: [], old=null STARTING
  s2:  RUNNING  FOLLOWER s2@group-FEE41E240123:t0, leader=null, voted=null, raftlog=s2@group-FEE41E240123-SegmentedRaftLog:OPENED:c-1,f-1,i0, conf=-1: [], old=null STARTING
2019-09-24 16:47:35,138 INFO  impl.GroupManagementBaseTest (GroupManagementBaseTest.java:runMultiGroupTest(169)) - 0) starting group-A7C5DBE940E2:[s3:0.0.0.0:38312, s4:0.0.0.0:41737, s0:0.0.0.0:41019, s1:0.0.0.0:38816, s2:0.0.0.0:40694]
2019-09-24 16:47:35,138 DEBUG client.RaftClient (ConfUtils.java:logGet(43)) - raft.rpc.type = NETTY (custom)
2019-09-24 16:47:35,140 DEBUG client.RaftClient (RaftClientImpl.java:sendRequest(275)) - client-96F82D0EB119: send GroupManagementRequest:client-96F82D0EB119->s0@group-A7C5DBE940E2, cid=25, seq=0, RW, null, Add:group-A7C5DBE940E2:[s3:0.0.0.0:38312, s4:0.0.0.0:41737, s0:0.0.0.0:41019, s1:0.0.0.0:38816, s2:0.0.0.0:40694]
2019-09-24 16:47:35,144 INFO  logging.LoggingHandler (AbstractInternalLogger.java:log(150)) - [id: 0x774b134f, L:/0.0.0.0:41019] READ: [id: 0x3c64b3e2, L:/192.168.5.142:41019 - R:/192.168.5.142:36706]
2019-09-24 16:47:35,146 INFO  logging.LoggingHandler (AbstractInternalLogger.java:log(150)) - [id: 0x774b134f, L:/0.0.0.0:41019] READ COMPLETE
2019-09-24 16:47:35,148 INFO  impl.RaftServerProxy (RaftServerProxy.java:addNew(89)) - s0: addNew group-A7C5DBE940E2:[s3:0.0.0.0:38312, s4:0.0.0.0:41737, s0:0.0.0.0:41019, s1:0.0.0.0:38816, s2:0.0.0.0:40694] returns group-A7C5DBE940E2:java.util.concurrent.CompletableFuture@70350d25[Not completed]
2019-09-24 16:47:35,148 INFO  impl.RaftServerImpl (RaftServerImpl.java:<init>(95)) - s0: new RaftServerImpl for group-A7C5DBE940E2:[s3:0.0.0.0:38312, s4:0.0.0.0:41737, s0:0.0.0.0:41019, s1:0.0.0.0:38816, s2:0.0.0.0:40694] with BaseStateMachine:uninitialized
2019-09-24 16:47:35,149 INFO  server.RaftServerConfigKeys (ConfUtils.java:logGet(43)) - raft.server.rpc.timeout.min = 150ms (default)
2019-09-24 16:47:35,149 INFO  server.RaftServerConfigKeys (ConfUtils.java:logGet(43)) - raft.server.rpc.timeout.max = 300ms (default)
2019-09-24 16:47:35,149 INFO  server.RaftServerConfigKeys (ConfUtils.java:logGet(43)) - raft.server.rpcslowness.timeout = 60s (default)
2019-09-24 16:47:35,149 INFO  server.RaftServerConfigKeys (ConfUtils.java:logGet(43)) - raft.server.sleep.deviation.threshold = 300 (default)
2019-09-24 16:47:35,149 INFO  server.RaftServerConfigKeys (ConfUtils.java:logGet(43)) - raft.server.log.appender.install.snapshot.enabled = true (default)
2019-09-24 16:47:35,150 INFO  impl.RaftServerImpl (ServerState.java:<init>(103)) - s0@group-A7C5DBE940E2: ConfigurationManager, init=-1: [s3:0.0.0.0:38312, s4:0.0.0.0:41737, s0:0.0.0.0:41019, s1:0.0.0.0:38816, s2:0.0.0.0:40694], old=null, confs=<EMPTY_MAP>
2019-09-24 16:47:35,150 INFO  server.RaftServerConfigKeys (ConfUtils.java:logGet(43)) - raft.server.storage.dir = [/workdir/ratis-test/target/test/data/572499d7/MiniRaftClusterWithNetty2a77427e/s0] (custom)
2019-09-24 16:47:35,150 INFO  server.RaftServerConfigKeys (ConfUtils.java:logGet(43)) - raft.server.log.corruption.policy = EXCEPTION (default)
2019-09-24 16:47:35,151 INFO  storage.RaftStorageDirectory (RaftStorageDirectory.java:analyzeStorage(246)) - The storage directory /workdir/ratis-test/target/test/data/572499d7/MiniRaftClusterWithNetty2a77427e/s0/58450987-7c22-46e2-8d20-a7c5dbe940e2 does not exist. Creating ...
2019-09-24 16:47:35,151 TRACE util.FileUtils (LogUtils.java:runAndLog(61)) - Successfully ran Files.createDirectories /workdir/ratis-test/target/test/data/572499d7/MiniRaftClusterWithNetty2a77427e/s0/58450987-7c22-46e2-8d20-a7c5dbe940e2
2019-09-24 16:47:35,184 INFO  storage.RaftStorageDirectory (RaftStorageDirectory.java:tryLock(328)) - Lock on /workdir/ratis-test/target/test/data/572499d7/MiniRaftClusterWithNetty2a77427e/s0/58450987-7c22-46e2-8d20-a7c5dbe940e2/in_use.lock acquired by nodename 20948@ratis-test-vphbd-3564017154
2019-09-24 16:47:35,184 TRACE util.FileUtils (LogUtils.java:runAndLog(61)) - Successfully ran Files.createDirectories /workdir/ratis-test/target/test/data/572499d7/MiniRaftClusterWithNetty2a77427e/s0/58450987-7c22-46e2-8d20-a7c5dbe940e2/current
2019-09-24 16:47:35,184 TRACE util.FileUtils (LogUtils.java:runAndLog(61)) - Successfully ran Files.createDirectories /workdir/ratis-test/target/test/data/572499d7/MiniRaftClusterWithNetty2a77427e/s0/58450987-7c22-46e2-8d20-a7c5dbe940e2/sm
2019-09-24 16:47:40,279 INFO  storage.RaftStorage (RaftStorage.java:format(84)) - Storage directory /workdir/ratis-test/target/test/data/572499d7/MiniRaftClusterWithNetty2a77427e/s0/58450987-7c22-46e2-8d20-a7c5dbe940e2 has been successfully formatted.
2019-09-24 16:47:40,280 INFO  server.RaftServerConfigKeys (ConfUtils.java:logGet(43)) - raft.server.notification.no-leader.timeout = 60s (default)
2019-09-24 16:47:40,280 INFO  server.RaftServerConfigKeys (ConfUtils.java:logGet(43)) - raft.server.log.use.memory = false (default)
2019-09-24 16:47:40,280 INFO  server.RaftServerConfigKeys (ConfUtils.java:logGet(43)) - raft.server.log.purge.gap = 1024 (default)
2019-09-24 16:47:40,280 INFO  server.RaftServerConfigKeys (ConfUtils.java:logGet(43)) - raft.server.log.appender.buffer.byte-limit = 4MB (=4194304) (default)
2019-09-24 16:47:40,281 INFO  server.RaftServerConfigKeys (ConfUtils.java:logGet(43)) - raft.server.log.segment.size.max = 8MB (=8388608) (default)
2019-09-24 16:47:40,281 INFO  server.RaftServerConfigKeys (ConfUtils.java:logGet(43)) - raft.server.log.segment.cache.num.max = 6 (default)
2019-09-24 16:47:40,281 INFO  segmented.SegmentedRaftLogWorker (SegmentedRaftLogWorker.java:<init>(172)) - new s0@group-A7C5DBE940E2-SegmentedRaftLogWorker for RaftStorage:Storage Directory /workdir/ratis-test/target/test/data/572499d7/MiniRaftClusterWithNetty2a77427e/s0/58450987-7c22-46e2-8d20-a7c5dbe940e2
2019-09-24 16:47:40,281 INFO  server.RaftServerConfigKeys (ConfUtils.java:logGet(43)) - raft.server.log.queue.byte-limit = 64MB (=67108864) (default)
2019-09-24 16:47:40,281 INFO  server.RaftServerConfigKeys (ConfUtils.java:logGet(43)) - raft.server.log.queue.element-limit = 4096 (default)
2019-09-24 16:47:40,281 INFO  server.RaftServerConfigKeys (ConfUtils.java:logGet(43)) - raft.server.log.segment.size.max = 8MB (=8388608) (default)
2019-09-24 16:47:40,282 INFO  server.RaftServerConfigKeys (ConfUtils.java:logGet(43)) - raft.server.log.preallocated.size = 4MB (=4194304) (default)
2019-09-24 16:47:40,282 INFO  server.RaftServerConfigKeys (ConfUtils.java:logGet(43)) - raft.server.log.write.buffer.size = 64KB (=65536) (default)
2019-09-24 16:47:40,282 INFO  server.RaftServerConfigKeys (ConfUtils.java:logGet(43)) - raft.server.log.force.sync.num = 128 (default)
2019-09-24 16:47:40,282 INFO  server.RaftServerConfigKeys (ConfUtils.java:logGet(43)) - raft.server.log.statemachine.data.sync = true (default)
2019-09-24 16:47:40,282 INFO  server.RaftServerConfigKeys (ConfUtils.java:logGet(43)) - raft.server.log.statemachine.data.sync.timeout = 10s (default)
2019-09-24 16:47:40,283 INFO  server.RaftServerConfigKeys (ConfUtils.java:logGet(43)) - raft.server.log.statemachine.data.sync.timeout.retry = -1 (default)
2019-09-24 16:47:40,283 INFO  server.RaftServerConfigKeys (ConfUtils.java:logGet(43)) - raft.server.log.statemachine.data.caching.enabled = false (default)
2019-09-24 16:47:40,283 INFO  segmented.SegmentedRaftLogWorker (SegmentedRaftLogWorker.java:lambda$new$0(132)) - s0@group-A7C5DBE940E2-SegmentedRaftLogWorker: flushIndex: setUnconditionally 0 -> -1
2019-09-24 16:47:40,284 INFO  server.RaftServerConfigKeys (ConfUtils.java:logGet(43)) - raft.server.snapshot.auto.trigger.enabled = false (default)
2019-09-24 16:47:40,284 INFO  server.RaftServerConfigKeys (ConfUtils.java:logGet(43)) - raft.server.snapshot.retention.file.num = -1 (default)
2019-09-24 16:47:40,284 INFO  server.RaftServerConfigKeys (ConfUtils.java:logGet(43)) - raft.server.retrycache.expirytime = 60s (default)
2019-09-24 16:47:40,287 DEBUG impl.RaftServerProxy (RaftServerProxy.java:lambda$groupAddAsync$10(380)) - s0: newImpl =      null s0@group-A7C5DBE940E2:t0, leader=null, voted=null, raftlog=s0@group-A7C5DBE940E2-SegmentedRaftLog:OPENED:c-1,f-1,i0, conf=-1: [s3:0.0.0.0:38312, s4:0.0.0.0:41737, s0:0.0.0.0:41019, s1:0.0.0.0:38816, s2:0.0.0.0:40694], old=null NEW
2019-09-24 16:47:40,288 INFO  impl.RaftServerImpl (RaftServerImpl.java:start(181)) - s0@group-A7C5DBE940E2: start as a follower, conf=-1: [s3:0.0.0.0:38312, s4:0.0.0.0:41737, s0:0.0.0.0:41019, s1:0.0.0.0:38816, s2:0.0.0.0:40694], old=null
2019-09-24 16:47:40,288 INFO  impl.RaftServerImpl (RaftServerImpl.java:setRole(170)) - s0@group-A7C5DBE940E2: changes role from      null to FOLLOWER at term 0 for startAsFollower
2019-09-24 16:47:40,288 INFO  impl.RoleInfo (RoleInfo.java:updateAndGet(143)) - s0: start FollowerState
2019-09-24 16:47:40,288 INFO  util.JmxRegister (JmxRegister.java:tryRegister(44)) - Successfully registered JMX Bean with object name Ratis:service=RaftServer,group=group-A7C5DBE940E2,id=s0
2019-09-24 16:47:40,292 DEBUG client.RaftClient (RaftClientImpl.java:sendRequest(285)) - client-96F82D0EB119: receive RaftClientReply:client-96F82D0EB119->s0@group-A7C5DBE940E2, cid=25, SUCCESS, logIndex=0, commits[s0:c-1]
2019-09-24 16:47:40,294 DEBUG client.RaftClient (ConfUtils.java:logGet(43)) - raft.rpc.type = NETTY (custom)
2019-09-24 16:47:40,295 DEBUG client.RaftClient (RaftClientImpl.java:sendRequest(275)) - client-CFB0DCE3BC6C: send GroupManagementRequest:client-CFB0DCE3BC6C->s1@group-A7C5DBE940E2, cid=26, seq=0, RW, null, Add:group-A7C5DBE940E2:[s3:0.0.0.0:38312, s4:0.0.0.0:41737, s0:0.0.0.0:41019, s1:0.0.0.0:38816, s2:0.0.0.0:40694]
2019-09-24 16:47:40,297 INFO  logging.LoggingHandler (AbstractInternalLogger.java:log(150)) - [id: 0xec48d4a4, L:/0.0.0.0:38816] READ: [id: 0xb83a830a, L:/192.168.5.142:38816 - R:/192.168.5.142:45706]
2019-09-24 16:47:40,298 INFO  logging.LoggingHandler (AbstractInternalLogger.java:log(150)) - [id: 0xec48d4a4, L:/0.0.0.0:38816] READ COMPLETE
2019-09-24 16:47:40,300 INFO  impl.RaftServerProxy (RaftServerProxy.java:addNew(89)) - s1: addNew group-A7C5DBE940E2:[s3:0.0.0.0:38312, s4:0.0.0.0:41737, s0:0.0.0.0:41019, s1:0.0.0.0:38816, s2:0.0.0.0:40694] returns group-A7C5DBE940E2:java.util.concurrent.CompletableFuture@5c25d589[Not completed]
2019-09-24 16:47:40,300 INFO  impl.RaftServerImpl (RaftServerImpl.java:<init>(95)) - s1: new RaftServerImpl for group-A7C5DBE940E2:[s3:0.0.0.0:38312, s4:0.0.0.0:41737, s0:0.0.0.0:41019, s1:0.0.0.0:38816, s2:0.0.0.0:40694] with BaseStateMachine:uninitialized
2019-09-24 16:47:40,300 INFO  server.RaftServerConfigKeys (ConfUtils.java:logGet(43)) - raft.server.rpc.timeout.min = 150ms (default)
2019-09-24 16:47:40,300 INFO  server.RaftServerConfigKeys (ConfUtils.java:logGet(43)) - raft.server.rpc.timeout.max = 300ms (default)
2019-09-24 16:47:40,301 INFO  server.RaftServerConfigKeys (ConfUtils.java:logGet(43)) - raft.server.rpcslowness.timeout = 60s (default)
2019-09-24 16:47:40,301 INFO  server.RaftServerConfigKeys (ConfUtils.java:logGet(43)) - raft.server.sleep.deviation.threshold = 300 (default)
2019-09-24 16:47:40,301 INFO  server.RaftServerConfigKeys (ConfUtils.java:logGet(43)) - raft.server.log.appender.install.snapshot.enabled = true (default)
2019-09-24 16:47:40,301 INFO  impl.RaftServerImpl (ServerState.java:<init>(103)) - s1@group-A7C5DBE940E2: ConfigurationManager, init=-1: [s3:0.0.0.0:38312, s4:0.0.0.0:41737, s0:0.0.0.0:41019, s1:0.0.0.0:38816, s2:0.0.0.0:40694], old=null, confs=<EMPTY_MAP>
2019-09-24 16:47:40,301 INFO  server.RaftServerConfigKeys (ConfUtils.java:logGet(43)) - raft.server.storage.dir = [/workdir/ratis-test/target/test/data/572499d7/MiniRaftClusterWithNetty2a77427e/s1] (custom)
2019-09-24 16:47:40,302 INFO  server.RaftServerConfigKeys (ConfUtils.java:logGet(43)) - raft.server.log.corruption.policy = EXCEPTION (default)
2019-09-24 16:47:40,302 INFO  storage.RaftStorageDirectory (RaftStorageDirectory.java:analyzeStorage(246)) - The storage directory /workdir/ratis-test/target/test/data/572499d7/MiniRaftClusterWithNetty2a77427e/s1/58450987-7c22-46e2-8d20-a7c5dbe940e2 does not exist. Creating ...
2019-09-24 16:47:40,303 TRACE util.FileUtils (LogUtils.java:runAndLog(61)) - Successfully ran Files.createDirectories /workdir/ratis-test/target/test/data/572499d7/MiniRaftClusterWithNetty2a77427e/s1/58450987-7c22-46e2-8d20-a7c5dbe940e2
2019-09-24 16:47:40,573 INFO  impl.FollowerState (FollowerState.java:run(108)) - s0@group-A7C5DBE940E2-FollowerState: change to CANDIDATE, lastRpcTime:284ms, electionTimeout:284ms
2019-09-24 16:47:40,573 INFO  impl.RoleInfo (RoleInfo.java:shutdownFollowerState(121)) - s0: shutdown FollowerState
2019-09-24 16:47:40,573 INFO  impl.RaftServerImpl (RaftServerImpl.java:setRole(170)) - s0@group-A7C5DBE940E2: changes role from  FOLLOWER to CANDIDATE at term 0 for changeToCandidate
2019-09-24 16:47:40,574 INFO  impl.RoleInfo (RoleInfo.java:updateAndGet(143)) - s0: start LeaderElection
2019-09-24 16:47:44,139 INFO  ratis.MiniRaftCluster (MiniRaftCluster.java:lambda$null$5(297)) - TIMED-PRINT: printing ALL groups
  s3:  RUNNING  FOLLOWER s3@group-FEE41E240123:t0, leader=null, voted=null, raftlog=s3@group-FEE41E240123-SegmentedRaftLog:OPENED:c-1,f-1,i0, conf=-1: [], old=null STARTING
  s4:  RUNNING  FOLLOWER s4@group-FEE41E240123:t0, leader=null, voted=null, raftlog=s4@group-FEE41E240123-SegmentedRaftLog:OPENED:c-1,f-1,i0, conf=-1: [], old=null STARTING
  s5:  RUNNING  FOLLOWER s5@group-FEE41E240123:t0, leader=null, voted=null, raftlog=s5@group-FEE41E240123-SegmentedRaftLog:OPENED:c-1,f-1,i0, conf=-1: [], old=null STARTING
  s6:  RUNNING  FOLLOWER s6@group-FEE41E240123:t0, leader=null, voted=null, raftlog=s6@group-FEE41E240123-SegmentedRaftLog:OPENED:c-1,f-1,i0, conf=-1: [], old=null STARTING
  s7:  RUNNING  FOLLOWER s7@group-FEE41E240123:t0, leader=null, voted=null, raftlog=s7@group-FEE41E240123-SegmentedRaftLog:OPENED:c-1,f-1,i0, conf=-1: [], old=null STARTING
  s8:  RUNNING  FOLLOWER s8@group-FEE41E240123:t0, leader=null, voted=null, raftlog=s8@group-FEE41E240123-SegmentedRaftLog:OPENED:c-1,f-1,i0, conf=-1: [], old=null STARTING
  s0:  RUNNING [
   FOLLOWER s0@group-FEE41E240123:t0, leader=null, voted=null, raftlog=s0@group-FEE41E240123-SegmentedRaftLog:OPENED:c-1,f-1,i0, conf=-1: [], old=null STARTING
  CANDIDATE s0@group-A7C5DBE940E2:t1, leader=null, voted=s0, raftlog=s0@group-A7C5DBE940E2-SegmentedRaftLog:OPENED:c-1,f-1,i0, conf=-1: [s3:0.0.0.0:38312, s4:0.0.0.0:41737, s0:0.0.0.0:41019, s1:0.0.0.0:38816, s2:0.0.0.0:40694], old=null RUNNING] size=2
  s1:  RUNNING [
   FOLLOWER s1@group-FEE41E240123:t0, leader=null, voted=null, raftlog=s1@group-FEE41E240123-SegmentedRaftLog:OPENED:c-1,f-1,i0, conf=-1: [], old=null STARTING
  group-A7C5DBE940E2:java.util.concurrent.CompletableFuture@5c25d589[Not completed, 1 dependents]] size=2
  s2:  RUNNING  FOLLOWER s2@group-FEE41E240123:t0, leader=null, voted=null, raftlog=s2@group-FEE41E240123-SegmentedRaftLog:OPENED:c-1,f-1,i0, conf=-1: [], old=null STARTING
2019-09-24 16:47:45,100 INFO  storage.RaftStorageDirectory (RaftStorageDirectory.java:tryLock(328)) - Lock on /workdir/ratis-test/target/test/data/572499d7/MiniRaftClusterWithNetty2a77427e/s1/58450987-7c22-46e2-8d20-a7c5dbe940e2/in_use.lock acquired by nodename 20948@ratis-test-vphbd-3564017154
2019-09-24 16:47:45,100 INFO  impl.LeaderElection (LeaderElection.java:askForVotes(178)) - s0@group-A7C5DBE940E2-LeaderElection15: begin an election at term 1 for -1: [s3:0.0.0.0:38312, s4:0.0.0.0:41737, s0:0.0.0.0:41019, s1:0.0.0.0:38816, s2:0.0.0.0:40694], old=null
2019-09-24 16:47:45,102 TRACE util.FileUtils (LogUtils.java:runAndLog(61)) - Successfully ran Files.createDirectories /workdir/ratis-test/target/test/data/572499d7/MiniRaftClusterWithNetty2a77427e/s1/58450987-7c22-46e2-8d20-a7c5dbe940e2/current
2019-09-24 16:47:45,102 TRACE util.FileUtils (LogUtils.java:runAndLog(61)) - Successfully ran Files.createDirectories /workdir/ratis-test/target/test/data/572499d7/MiniRaftClusterWithNetty2a77427e/s1/58450987-7c22-46e2-8d20-a7c5dbe940e2/sm
2019-09-24 16:47:45,105 INFO  logging.LoggingHandler (AbstractInternalLogger.java:log(150)) - [id: 0xec48d4a4, L:/0.0.0.0:38816] READ: [id: 0x2ffeb1e5, L:/192.168.5.142:38816 - R:/192.168.5.142:45734]
2019-09-24 16:47:45,105 INFO  logging.LoggingHandler (AbstractInternalLogger.java:log(150)) - [id: 0x625ea67e, L:/0.0.0.0:38312] READ: [id: 0x1eb4c43d, L:/192.168.5.142:38312 - R:/192.168.5.142:35484]
2019-09-24 16:47:45,105 INFO  logging.LoggingHandler (AbstractInternalLogger.java:log(150)) - [id: 0x0fe9f243, L:/0.0.0.0:40694] READ: [id: 0xad23a5d5, L:/192.168.5.142:40694 - R:/192.168.5.142:40020]
2019-09-24 16:47:45,105 INFO  logging.LoggingHandler (AbstractInternalLogger.java:log(150)) - [id: 0xec48d4a4, L:/0.0.0.0:38816] READ COMPLETE
2019-09-24 16:47:45,105 INFO  logging.LoggingHandler (AbstractInternalLogger.java:log(150)) - [id: 0x7a134672, L:/0.0.0.0:41737] READ: [id: 0xe70bff15, L:/192.168.5.142:41737 - R:/192.168.5.142:55610]
2019-09-24 16:47:45,106 INFO  logging.LoggingHandler (AbstractInternalLogger.java:log(150)) - [id: 0x0fe9f243, L:/0.0.0.0:40694] READ COMPLETE
2019-09-24 16:47:45,105 INFO  logging.LoggingHandler (AbstractInternalLogger.java:log(150)) - [id: 0x625ea67e, L:/0.0.0.0:38312] READ COMPLETE
2019-09-24 16:47:45,106 INFO  logging.LoggingHandler (AbstractInternalLogger.java:log(150)) - [id: 0x7a134672, L:/0.0.0.0:41737] READ COMPLETE
2019-09-24 16:47:45,113 INFO  impl.LeaderElection (LogUtils.java:infoOrTrace(149)) - s0@group-A7C5DBE940E2-LeaderElection15 got exception when requesting votes: java.util.concurrent.ExecutionException: org.apache.ratis.protocol.GroupMismatchException: s4: group-A7C5DBE940E2 not found.
2019-09-24 16:47:45,113 INFO  impl.LeaderElection (LogUtils.java:infoOrTrace(149)) - s0@group-A7C5DBE940E2-LeaderElection15 got exception when requesting votes: java.util.concurrent.ExecutionException: org.apache.ratis.protocol.GroupMismatchException: s3: group-A7C5DBE940E2 not found.
2019-09-24 16:47:45,114 INFO  impl.LeaderElection (LogUtils.java:infoOrTrace(149)) - s0@group-A7C5DBE940E2-LeaderElection15 got exception when requesting votes: java.util.concurrent.ExecutionException: org.apache.ratis.protocol.GroupMismatchException: s2: group-A7C5DBE940E2 not found.
2019-09-24 16:47:45,123 INFO  storage.RaftStorage (RaftStorage.java:format(84)) - Storage directory /workdir/ratis-test/target/test/data/572499d7/MiniRaftClusterWithNetty2a77427e/s1/58450987-7c22-46e2-8d20-a7c5dbe940e2 has been successfully formatted.
2019-09-24 16:47:45,123 INFO  server.RaftServerConfigKeys (ConfUtils.java:logGet(43)) - raft.server.notification.no-leader.timeout = 60s (default)
2019-09-24 16:47:45,124 INFO  server.RaftServerConfigKeys (ConfUtils.java:logGet(43)) - raft.server.log.use.memory = false (default)
2019-09-24 16:47:45,124 INFO  server.RaftServerConfigKeys (ConfUtils.java:logGet(43)) - raft.server.log.purge.gap = 1024 (default)
2019-09-24 16:47:45,124 INFO  server.RaftServerConfigKeys (ConfUtils.java:logGet(43)) - raft.server.log.appender.buffer.byte-limit = 4MB (=4194304) (default)
2019-09-24 16:47:45,124 INFO  server.RaftServerConfigKeys (ConfUtils.java:logGet(43)) - raft.server.log.segment.size.max = 8MB (=8388608) (default)
2019-09-24 16:47:45,124 INFO  server.RaftServerConfigKeys (ConfUtils.java:logGet(43)) - raft.server.log.segment.cache.num.max = 6 (default)
2019-09-24 16:47:45,125 INFO  segmented.SegmentedRaftLogWorker (SegmentedRaftLogWorker.java:<init>(172)) - new s1@group-A7C5DBE940E2-SegmentedRaftLogWorker for RaftStorage:Storage Directory /workdir/ratis-test/target/test/data/572499d7/MiniRaftClusterWithNetty2a77427e/s1/58450987-7c22-46e2-8d20-a7c5dbe940e2
2019-09-24 16:47:45,125 INFO  server.RaftServerConfigKeys (ConfUtils.java:logGet(43)) - raft.server.log.queue.byte-limit = 64MB (=67108864) (default)
2019-09-24 16:47:45,125 INFO  server.RaftServerConfigKeys (ConfUtils.java:logGet(43)) - raft.server.log.queue.element-limit = 4096 (default)
2019-09-24 16:47:45,125 INFO  server.RaftServerConfigKeys (ConfUtils.java:logGet(43)) - raft.server.log.segment.size.max = 8MB (=8388608) (default)
2019-09-24 16:47:45,125 INFO  server.RaftServerConfigKeys (ConfUtils.java:logGet(43)) - raft.server.log.preallocated.size = 4MB (=4194304) (default)
2019-09-24 16:47:45,126 INFO  server.RaftServerConfigKeys (ConfUtils.java:logGet(43)) - raft.server.log.write.buffer.size = 64KB (=65536) (default)
2019-09-24 16:47:45,126 INFO  server.RaftServerConfigKeys (ConfUtils.java:logGet(43)) - raft.server.log.force.sync.num = 128 (default)
2019-09-24 16:47:45,126 INFO  server.RaftServerConfigKeys (ConfUtils.java:logGet(43)) - raft.server.log.statemachine.data.sync = true (default)
2019-09-24 16:47:45,126 INFO  server.RaftServerConfigKeys (ConfUtils.java:logGet(43)) - raft.server.log.statemachine.data.sync.timeout = 10s (default)
2019-09-24 16:47:45,126 INFO  server.RaftServerConfigKeys (ConfUtils.java:logGet(43)) - raft.server.log.statemachine.data.sync.timeout.retry = -1 (default)
2019-09-24 16:47:45,126 INFO  server.RaftServerConfigKeys (ConfUtils.java:logGet(43)) - raft.server.log.statemachine.data.caching.enabled = false (default)
2019-09-24 16:47:45,127 INFO  segmented.SegmentedRaftLogWorker (SegmentedRaftLogWorker.java:lambda$new$0(132)) - s1@group-A7C5DBE940E2-SegmentedRaftLogWorker: flushIndex: setUnconditionally 0 -> -1
2019-09-24 16:47:45,127 INFO  server.RaftServerConfigKeys (ConfUtils.java:logGet(43)) - raft.server.snapshot.auto.trigger.enabled = false (default)
2019-09-24 16:47:45,127 INFO  server.RaftServerConfigKeys (ConfUtils.java:logGet(43)) - raft.server.snapshot.retention.file.num = -1 (default)
2019-09-24 16:47:45,128 INFO  server.RaftServerConfigKeys (ConfUtils.java:logGet(43)) - raft.server.retrycache.expirytime = 60s (default)
2019-09-24 16:47:45,131 DEBUG impl.RaftServerProxy (RaftServerProxy.java:lambda$groupAddAsync$10(380)) - s1: newImpl =      null s1@group-A7C5DBE940E2:t0, leader=null, voted=null, raftlog=s1@group-A7C5DBE940E2-SegmentedRaftLog:OPENED:c-1,f-1,i0, conf=-1: [s3:0.0.0.0:38312, s4:0.0.0.0:41737, s0:0.0.0.0:41019, s1:0.0.0.0:38816, s2:0.0.0.0:40694], old=null NEW
2019-09-24 16:47:45,131 DEBUG impl.RaftServerImpl (RaftServerImpl.java:requestVote(743)) - s1@group-A7C5DBE940E2: receive requestVote(s0, group-A7C5DBE940E2, 1, (t:0, i:0))
2019-09-24 16:47:45,131 INFO  impl.RaftServerImpl (RaftServerImpl.java:start(181)) - s1@group-A7C5DBE940E2: start as a follower, conf=-1: [s3:0.0.0.0:38312, s4:0.0.0.0:41737, s0:0.0.0.0:41019, s1:0.0.0.0:38816, s2:0.0.0.0:40694], old=null
2019-09-24 16:47:45,132 INFO  impl.RaftServerImpl (RaftServerImpl.java:setRole(170)) - s1@group-A7C5DBE940E2: changes role from      null to FOLLOWER at term 0 for startAsFollower
2019-09-24 16:47:45,132 INFO  impl.RoleInfo (RoleInfo.java:updateAndGet(143)) - s1: start FollowerState
2019-09-24 16:47:45,132 INFO  util.JmxRegister (JmxRegister.java:tryRegister(44)) - Successfully registered JMX Bean with object name Ratis:service=RaftServer,group=group-A7C5DBE940E2,id=s1
2019-09-24 16:47:45,135 INFO  impl.LeaderElection (LogUtils.java:infoOrTrace(149)) - s0@group-A7C5DBE940E2-LeaderElection15 got exception when requesting votes: java.util.concurrent.ExecutionException: org.apache.ratis.protocol.ServerNotReadyException: s1@group-A7C5DBE940E2 is not in [RUNNING]: current state is STARTING
2019-09-24 16:47:45,135 INFO  impl.LeaderElection (LeaderElection.java:logAndReturn(56)) - s0@group-A7C5DBE940E2-LeaderElection15: Election REJECTED; received 0 response(s) [] and 4 exception(s); s0@group-A7C5DBE940E2:t1, leader=null, voted=s0, raftlog=s0@group-A7C5DBE940E2-SegmentedRaftLog:OPENED:c-1,f-1,i0, conf=-1: [s3:0.0.0.0:38312, s4:0.0.0.0:41737, s0:0.0.0.0:41019, s1:0.0.0.0:38816, s2:0.0.0.0:40694], old=null
2019-09-24 16:47:45,135 INFO  impl.LeaderElection (LogUtils.java:infoOrTrace(149)) -   Exception 0: java.util.concurrent.ExecutionException: org.apache.ratis.protocol.GroupMismatchException: s4: group-A7C5DBE940E2 not found.
2019-09-24 16:47:45,135 INFO  impl.LeaderElection (LogUtils.java:infoOrTrace(149)) -   Exception 1: java.util.concurrent.ExecutionException: org.apache.ratis.protocol.GroupMismatchException: s3: group-A7C5DBE940E2 not found.
2019-09-24 16:47:45,135 INFO  impl.LeaderElection (LogUtils.java:infoOrTrace(149)) -   Exception 2: java.util.concurrent.ExecutionException: org.apache.ratis.protocol.GroupMismatchException: s2: group-A7C5DBE940E2 not found.
2019-09-24 16:47:45,136 INFO  impl.LeaderElection (LogUtils.java:infoOrTrace(149)) -   Exception 3: java.util.concurrent.ExecutionException: org.apache.ratis.protocol.ServerNotReadyException: s1@group-A7C5DBE940E2 is not in [RUNNING]: current state is STARTING
2019-09-24 16:47:45,136 DEBUG client.RaftClient (RaftClientImpl.java:sendRequest(285)) - client-CFB0DCE3BC6C: receive RaftClientReply:client-CFB0DCE3BC6C->s1@group-A7C5DBE940E2, cid=26, SUCCESS, logIndex=0, commits[s1:c-1]
2019-09-24 16:47:45,136 INFO  impl.RaftServerImpl (RaftServerImpl.java:setRole(170)) - s0@group-A7C5DBE940E2: changes role from CANDIDATE to FOLLOWER at term 1 for DISCOVERED_A_NEW_TERM
2019-09-24 16:47:45,136 INFO  impl.RoleInfo (RoleInfo.java:shutdownLeaderElection(134)) - s0: shutdown LeaderElection
2019-09-24 16:47:45,136 INFO  impl.RoleInfo (RoleInfo.java:updateAndGet(143)) - s0: start FollowerState
2019-09-24 16:47:45,137 DEBUG client.RaftClient (ConfUtils.java:logGet(43)) - raft.rpc.type = NETTY (custom)
2019-09-24 16:47:45,138 DEBUG client.RaftClient (RaftClientImpl.java:sendRequest(275)) - client-B7DC084DF9E8: send GroupManagementRequest:client-B7DC084DF9E8->s2@group-A7C5DBE940E2, cid=27, seq=0, RW, null, Add:group-A7C5DBE940E2:[s3:0.0.0.0:38312, s4:0.0.0.0:41737, s0:0.0.0.0:41019, s1:0.0.0.0:38816, s2:0.0.0.0:40694]
2019-09-24 16:47:45,140 INFO  logging.LoggingHandler (AbstractInternalLogger.java:log(150)) - [id: 0x0fe9f243, L:/0.0.0.0:40694] READ: [id: 0x3bb57519, L:/192.168.5.142:40694 - R:/192.168.5.142:40022]
2019-09-24 16:47:45,141 INFO  logging.LoggingHandler (AbstractInternalLogger.java:log(150)) - [id: 0x0fe9f243, L:/0.0.0.0:40694] READ COMPLETE
2019-09-24 16:47:45,142 INFO  impl.RaftServerProxy (RaftServerProxy.java:addNew(89)) - s2: addNew group-A7C5DBE940E2:[s3:0.0.0.0:38312, s4:0.0.0.0:41737, s0:0.0.0.0:41019, s1:0.0.0.0:38816, s2:0.0.0.0:40694] returns group-A7C5DBE940E2:java.util.concurrent.CompletableFuture@1d769726[Not completed]
2019-09-24 16:47:45,143 INFO  impl.RaftServerImpl (RaftServerImpl.java:<init>(95)) - s2: new RaftServerImpl for group-A7C5DBE940E2:[s3:0.0.0.0:38312, s4:0.0.0.0:41737, s0:0.0.0.0:41019, s1:0.0.0.0:38816, s2:0.0.0.0:40694] with BaseStateMachine:uninitialized
2019-09-24 16:47:45,143 INFO  server.RaftServerConfigKeys (ConfUtils.java:logGet(43)) - raft.server.rpc.timeout.min = 150ms (default)
2019-09-24 16:47:45,143 INFO  server.RaftServerConfigKeys (ConfUtils.java:logGet(43)) - raft.server.rpc.timeout.max = 300ms (default)
2019-09-24 16:47:45,143 INFO  server.RaftServerConfigKeys (ConfUtils.java:logGet(43)) - raft.server.rpcslowness.timeout = 60s (default)
2019-09-24 16:47:45,144 INFO  server.RaftServerConfigKeys (ConfUtils.java:logGet(43)) - raft.server.sleep.deviation.threshold = 300 (default)
2019-09-24 16:47:45,144 INFO  server.RaftServerConfigKeys (ConfUtils.java:logGet(43)) - raft.server.log.appender.install.snapshot.enabled = true (default)
2019-09-24 16:47:45,144 INFO  impl.RaftServerImpl (ServerState.java:<init>(103)) - s2@group-A7C5DBE940E2: ConfigurationManager, init=-1: [s3:0.0.0.0:38312, s4:0.0.0.0:41737, s0:0.0.0.0:41019, s1:0.0.0.0:38816, s2:0.0.0.0:40694], old=null, confs=<EMPTY_MAP>
2019-09-24 16:47:45,144 INFO  server.RaftServerConfigKeys (ConfUtils.java:logGet(43)) - raft.server.storage.dir = [/workdir/ratis-test/target/test/data/572499d7/MiniRaftClusterWithNetty2a77427e/s2] (custom)
2019-09-24 16:47:45,145 INFO  server.RaftServerConfigKeys (ConfUtils.java:logGet(43)) - raft.server.log.corruption.policy = EXCEPTION (default)
2019-09-24 16:47:45,145 INFO  storage.RaftStorageDirectory (RaftStorageDirectory.java:analyzeStorage(246)) - The storage directory /workdir/ratis-test/target/test/data/572499d7/MiniRaftClusterWithNetty2a77427e/s2/58450987-7c22-46e2-8d20-a7c5dbe940e2 does not exist. Creating ...
2019-09-24 16:47:45,146 TRACE util.FileUtils (LogUtils.java:runAndLog(61)) - Successfully ran Files.createDirectories /workdir/ratis-test/target/test/data/572499d7/MiniRaftClusterWithNetty2a77427e/s2/58450987-7c22-46e2-8d20-a7c5dbe940e2
2019-09-24 16:47:45,166 INFO  storage.RaftStorageDirectory (RaftStorageDirectory.java:tryLock(328)) - Lock on /workdir/ratis-test/target/test/data/572499d7/MiniRaftClusterWithNetty2a77427e/s2/58450987-7c22-46e2-8d20-a7c5dbe940e2/in_use.lock acquired by nodename 20948@ratis-test-vphbd-3564017154
2019-09-24 16:47:45,166 TRACE util.FileUtils (LogUtils.java:runAndLog(61)) - Successfully ran Files.createDirectories /workdir/ratis-test/target/test/data/572499d7/MiniRaftClusterWithNetty2a77427e/s2/58450987-7c22-46e2-8d20-a7c5dbe940e2/current
2019-09-24 16:47:45,166 TRACE util.FileUtils (LogUtils.java:runAndLog(61)) - Successfully ran Files.createDirectories /workdir/ratis-test/target/test/data/572499d7/MiniRaftClusterWithNetty2a77427e/s2/58450987-7c22-46e2-8d20-a7c5dbe940e2/sm
2019-09-24 16:47:45,191 INFO  storage.RaftStorage (RaftStorage.java:format(84)) - Storage directory /workdir/ratis-test/target/test/data/572499d7/MiniRaftClusterWithNetty2a77427e/s2/58450987-7c22-46e2-8d20-a7c5dbe940e2 has been successfully formatted.
2019-09-24 16:47:45,191 INFO  server.RaftServerConfigKeys (ConfUtils.java:logGet(43)) - raft.server.notification.no-leader.timeout = 60s (default)
2019-09-24 16:47:45,191 INFO  server.RaftServerConfigKeys (ConfUtils.java:logGet(43)) - raft.server.log.use.memory = false (default)
2019-09-24 16:47:45,191 INFO  server.RaftServerConfigKeys (ConfUtils.java:logGet(43)) - raft.server.log.purge.gap = 1024 (default)
2019-09-24 16:47:45,191 INFO  server.RaftServerConfigKeys (ConfUtils.java:logGet(43)) - raft.server.log.appender.buffer.byte-limit = 4MB (=4194304) (default)
2019-09-24 16:47:45,192 INFO  server.RaftServerConfigKeys (ConfUtils.java:logGet(43)) - raft.server.log.segment.size.max = 8MB (=8388608) (default)
2019-09-24 16:47:45,192 INFO  server.RaftServerConfigKeys (ConfUtils.java:logGet(43)) - raft.server.log.segment.cache.num.max = 6 (default)
2019-09-24 16:47:45,192 INFO  segmented.SegmentedRaftLogWorker (SegmentedRaftLogWorker.java:<init>(172)) - new s2@group-A7C5DBE940E2-SegmentedRaftLogWorker for RaftStorage:Storage Directory /workdir/ratis-test/target/test/data/572499d7/MiniRaftClusterWithNetty2a77427e/s2/58450987-7c22-46e2-8d20-a7c5dbe940e2
2019-09-24 16:47:45,192 INFO  server.RaftServerConfigKeys (ConfUtils.java:logGet(43)) - raft.server.log.queue.byte-limit = 64MB (=67108864) (default)
2019-09-24 16:47:45,192 INFO  server.RaftServerConfigKeys (ConfUtils.java:logGet(43)) - raft.server.log.queue.element-limit = 4096 (default)
2019-09-24 16:47:45,193 INFO  server.RaftServerConfigKeys (ConfUtils.java:logGet(43)) - raft.server.log.segment.size.max = 8MB (=8388608) (default)
2019-09-24 16:47:45,193 INFO  server.RaftServerConfigKeys (ConfUtils.java:logGet(43)) - raft.server.log.preallocated.size = 4MB (=4194304) (default)
2019-09-24 16:47:45,193 INFO  server.RaftServerConfigKeys (ConfUtils.java:logGet(43)) - raft.server.log.write.buffer.size = 64KB (=65536) (default)
2019-09-24 16:47:45,194 INFO  server.RaftServerConfigKeys (ConfUtils.java:logGet(43)) - raft.server.log.force.sync.num = 128 (default)
2019-09-24 16:47:45,194 INFO  server.RaftServerConfigKeys (ConfUtils.java:logGet(43)) - raft.server.log.statemachine.data.sync = true (default)
2019-09-24 16:47:45,194 INFO  server.RaftServerConfigKeys (ConfUtils.java:logGet(43)) - raft.server.log.statemachine.data.sync.timeout = 10s (default)
2019-09-24 16:47:45,195 INFO  server.RaftServerConfigKeys (ConfUtils.java:logGet(43)) - raft.server.log.statemachine.data.sync.timeout.retry = -1 (default)
2019-09-24 16:47:45,195 INFO  server.RaftServerConfigKeys (ConfUtils.java:logGet(43)) - raft.server.log.statemachine.data.caching.enabled = false (default)
2019-09-24 16:47:45,195 INFO  segmented.SegmentedRaftLogWorker (SegmentedRaftLogWorker.java:lambda$new$0(132)) - s2@group-A7C5DBE940E2-SegmentedRaftLogWorker: flushIndex: setUnconditionally 0 -> -1
2019-09-24 16:47:45,196 INFO  server.RaftServerConfigKeys (ConfUtils.java:logGet(43)) - raft.server.snapshot.auto.trigger.enabled = false (default)
2019-09-24 16:47:45,196 INFO  server.RaftServerConfigKeys (ConfUtils.java:logGet(43)) - raft.server.snapshot.retention.file.num = -1 (default)
2019-09-24 16:47:45,196 INFO  server.RaftServerConfigKeys (ConfUtils.java:logGet(43)) - raft.server.retrycache.expirytime = 60s (default)
2019-09-24 16:47:45,199 DEBUG impl.RaftServerProxy (RaftServerProxy.java:lambda$groupAddAsync$10(380)) - s2: newImpl =      null s2@group-A7C5DBE940E2:t0, leader=null, voted=null, raftlog=s2@group-A7C5DBE940E2-SegmentedRaftLog:OPENED:c-1,f-1,i0, conf=-1: [s3:0.0.0.0:38312, s4:0.0.0.0:41737, s0:0.0.0.0:41019, s1:0.0.0.0:38816, s2:0.0.0.0:40694], old=null NEW
2019-09-24 16:47:45,200 INFO  impl.RaftServerImpl (RaftServerImpl.java:start(181)) - s2@group-A7C5DBE940E2: start as a follower, conf=-1: [s3:0.0.0.0:38312, s4:0.0.0.0:41737, s0:0.0.0.0:41019, s1:0.0.0.0:38816, s2:0.0.0.0:40694], old=null
2019-09-24 16:47:45,200 INFO  impl.RaftServerImpl (RaftServerImpl.java:setRole(170)) - s2@group-A7C5DBE940E2: changes role from      null to FOLLOWER at term 0 for startAsFollower
2019-09-24 16:47:45,200 INFO  impl.RoleInfo (RoleInfo.java:updateAndGet(143)) - s2: start FollowerState
2019-09-24 16:47:45,200 INFO  util.JmxRegister (JmxRegister.java:tryRegister(44)) - Successfully registered JMX Bean with object name Ratis:service=RaftServer,group=group-A7C5DBE940E2,id=s2
2019-09-24 16:47:45,204 DEBUG client.RaftClient (RaftClientImpl.java:sendRequest(285)) - client-B7DC084DF9E8: receive RaftClientReply:client-B7DC084DF9E8->s2@group-A7C5DBE940E2, cid=27, SUCCESS, logIndex=0, commits[s2:c-1]
2019-09-24 16:47:45,205 DEBUG client.RaftClient (ConfUtils.java:logGet(43)) - raft.rpc.type = NETTY (custom)
2019-09-24 16:47:45,207 DEBUG client.RaftClient (RaftClientImpl.java:sendRequest(275)) - client-CB1253CDB500: send GroupManagementRequest:client-CB1253CDB500->s3@group-A7C5DBE940E2, cid=28, seq=0, RW, null, Add:group-A7C5DBE940E2:[s3:0.0.0.0:38312, s4:0.0.0.0:41737, s0:0.0.0.0:41019, s1:0.0.0.0:38816, s2:0.0.0.0:40694]
2019-09-24 16:47:45,208 INFO  logging.LoggingHandler (AbstractInternalLogger.java:log(150)) - [id: 0x625ea67e, L:/0.0.0.0:38312] READ: [id: 0x02905d5b, L:/192.168.5.142:38312 - R:/192.168.5.142:35492]
2019-09-24 16:47:45,209 INFO  logging.LoggingHandler (AbstractInternalLogger.java:log(150)) - [id: 0x625ea67e, L:/0.0.0.0:38312] READ COMPLETE
2019-09-24 16:47:45,210 INFO  impl.RaftServerProxy (RaftServerProxy.java:addNew(89)) - s3: addNew group-A7C5DBE940E2:[s3:0.0.0.0:38312, s4:0.0.0.0:41737, s0:0.0.0.0:41019, s1:0.0.0.0:38816, s2:0.0.0.0:40694] returns group-A7C5DBE940E2:java.util.concurrent.CompletableFuture@2adcae56[Not completed]
2019-09-24 16:47:45,210 INFO  impl.RaftServerImpl (RaftServerImpl.java:<init>(95)) - s3: new RaftServerImpl for group-A7C5DBE940E2:[s3:0.0.0.0:38312, s4:0.0.0.0:41737, s0:0.0.0.0:41019, s1:0.0.0.0:38816, s2:0.0.0.0:40694] with BaseStateMachine:uninitialized
2019-09-24 16:47:45,211 INFO  server.RaftServerConfigKeys (ConfUtils.java:logGet(43)) - raft.server.rpc.timeout.min = 150ms (default)
2019-09-24 16:47:45,211 INFO  server.RaftServerConfigKeys (ConfUtils.java:logGet(43)) - raft.server.rpc.timeout.max = 300ms (default)
2019-09-24 16:47:45,211 INFO  server.RaftServerConfigKeys (ConfUtils.java:logGet(43)) - raft.server.rpcslowness.timeout = 60s (default)
2019-09-24 16:47:45,211 INFO  server.RaftServerConfigKeys (ConfUtils.java:logGet(43)) - raft.server.sleep.deviation.threshold = 300 (default)
2019-09-24 16:47:45,211 INFO  server.RaftServerConfigKeys (ConfUtils.java:logGet(43)) - raft.server.log.appender.install.snapshot.enabled = true (default)
2019-09-24 16:47:45,212 INFO  impl.RaftServerImpl (ServerState.java:<init>(103)) - s3@group-A7C5DBE940E2: ConfigurationManager, init=-1: [s3:0.0.0.0:38312, s4:0.0.0.0:41737, s0:0.0.0.0:41019, s1:0.0.0.0:38816, s2:0.0.0.0:40694], old=null, confs=<EMPTY_MAP>
2019-09-24 16:47:45,212 INFO  server.RaftServerConfigKeys (ConfUtils.java:logGet(43)) - raft.server.storage.dir = [/workdir/ratis-test/target/test/data/572499d7/MiniRaftClusterWithNetty2a77427e/s3] (custom)
2019-09-24 16:47:45,212 INFO  server.RaftServerConfigKeys (ConfUtils.java:logGet(43)) - raft.server.log.corruption.policy = EXCEPTION (default)
2019-09-24 16:47:45,213 INFO  storage.RaftStorageDirectory (RaftStorageDirectory.java:analyzeStorage(246)) - The storage directory /workdir/ratis-test/target/test/data/572499d7/MiniRaftClusterWithNetty2a77427e/s3/58450987-7c22-46e2-8d20-a7c5dbe940e2 does not exist. Creating ...
2019-09-24 16:47:45,213 TRACE util.FileUtils (LogUtils.java:runAndLog(61)) - Successfully ran Files.createDirectories /workdir/ratis-test/target/test/data/572499d7/MiniRaftClusterWithNetty2a77427e/s3/58450987-7c22-46e2-8d20-a7c5dbe940e2
2019-09-24 16:47:45,225 INFO  storage.RaftStorageDirectory (RaftStorageDirectory.java:tryLock(328)) - Lock on /workdir/ratis-test/target/test/data/572499d7/MiniRaftClusterWithNetty2a77427e/s3/58450987-7c22-46e2-8d20-a7c5dbe940e2/in_use.lock acquired by nodename 20948@ratis-test-vphbd-3564017154
2019-09-24 16:47:45,225 TRACE util.FileUtils (LogUtils.java:runAndLog(61)) - Successfully ran Files.createDirectories /workdir/ratis-test/target/test/data/572499d7/MiniRaftClusterWithNetty2a77427e/s3/58450987-7c22-46e2-8d20-a7c5dbe940e2/current
2019-09-24 16:47:45,226 TRACE util.FileUtils (LogUtils.java:runAndLog(61)) - Successfully ran Files.createDirectories /workdir/ratis-test/target/test/data/572499d7/MiniRaftClusterWithNetty2a77427e/s3/58450987-7c22-46e2-8d20-a7c5dbe940e2/sm
2019-09-24 16:47:45,238 INFO  storage.RaftStorage (RaftStorage.java:format(84)) - Storage directory /workdir/ratis-test/target/test/data/572499d7/MiniRaftClusterWithNetty2a77427e/s3/58450987-7c22-46e2-8d20-a7c5dbe940e2 has been successfully formatted.
2019-09-24 16:47:45,238 INFO  server.RaftServerConfigKeys (ConfUtils.java:logGet(43)) - raft.server.notification.no-leader.timeout = 60s (default)
2019-09-24 16:47:45,238 INFO  server.RaftServerConfigKeys (ConfUtils.java:logGet(43)) - raft.server.log.use.memory = false (default)
2019-09-24 16:47:45,239 INFO  server.RaftServerConfigKeys (ConfUtils.java:logGet(43)) - raft.server.log.purge.gap = 1024 (default)
2019-09-24 16:47:45,239 INFO  server.RaftServerConfigKeys (ConfUtils.java:logGet(43)) - raft.server.log.appender.buffer.byte-limit = 4MB (=4194304) (default)
2019-09-24 16:47:45,239 INFO  server.RaftServerConfigKeys (ConfUtils.java:logGet(43)) - raft.server.log.segment.size.max = 8MB (=8388608) (default)
2019-09-24 16:47:45,239 INFO  server.RaftServerConfigKeys (ConfUtils.java:logGet(43)) - raft.server.log.segment.cache.num.max = 6 (default)
2019-09-24 16:47:45,239 INFO  segmented.SegmentedRaftLogWorker (SegmentedRaftLogWorker.java:<init>(172)) - new s3@group-A7C5DBE940E2-SegmentedRaftLogWorker for RaftStorage:Storage Directory /workdir/ratis-test/target/test/data/572499d7/MiniRaftClusterWithNetty2a77427e/s3/58450987-7c22-46e2-8d20-a7c5dbe940e2
2019-09-24 16:47:45,240 INFO  server.RaftServerConfigKeys (ConfUtils.java:logGet(43)) - raft.server.log.queue.byte-limit = 64MB (=67108864) (default)
2019-09-24 16:47:45,240 INFO  server.RaftServerConfigKeys (ConfUtils.java:logGet(43)) - raft.server.log.queue.element-limit = 4096 (default)
2019-09-24 16:47:45,240 INFO  server.RaftServerConfigKeys (ConfUtils.java:logGet(43)) - raft.server.log.segment.size.max = 8MB (=8388608) (default)
2019-09-24 16:47:45,240 INFO  server.RaftServerConfigKeys (ConfUtils.java:logGet(43)) - raft.server.log.preallocated.size = 4MB (=4194304) (default)
2019-09-24 16:47:45,240 INFO  server.RaftServerConfigKeys (ConfUtils.java:logGet(43)) - raft.server.log.write.buffer.size = 64KB (=65536) (default)
2019-09-24 16:47:45,240 INFO  server.RaftServerConfigKeys (ConfUtils.java:logGet(43)) - raft.server.log.force.sync.num = 128 (default)
2019-09-24 16:47:45,241 INFO  server.RaftServerConfigKeys (ConfUtils.java:logGet(43)) - raft.server.log.statemachine.data.sync = true (default)
2019-09-24 16:47:45,241 INFO  server.RaftServerConfigKeys (ConfUtils.java:logGet(43)) - raft.server.log.statemachine.data.sync.timeout = 10s (default)
2019-09-24 16:47:45,241 INFO  server.RaftServerConfigKeys (ConfUtils.java:logGet(43)) - raft.server.log.statemachine.data.sync.timeout.retry = -1 (default)
2019-09-24 16:47:45,241 INFO  server.RaftServerConfigKeys (ConfUtils.java:logGet(43)) - raft.server.log.statemachine.data.caching.enabled = false (default)
2019-09-24 16:47:45,241 INFO  segmented.SegmentedRaftLogWorker (SegmentedRaftLogWorker.java:lambda$new$0(132)) - s3@group-A7C5DBE940E2-SegmentedRaftLogWorker: flushIndex: setUnconditionally 0 -> -1
2019-09-24 16:47:45,242 INFO  server.RaftServerConfigKeys (ConfUtils.java:logGet(43)) - raft.server.snapshot.auto.trigger.enabled = false (default)
2019-09-24 16:47:45,242 INFO  server.RaftServerConfigKeys (ConfUtils.java:logGet(43)) - raft.server.snapshot.retention.file.num = -1 (default)
2019-09-24 16:47:45,242 INFO  server.RaftServerConfigKeys (ConfUtils.java:logGet(43)) - raft.server.retrycache.expirytime = 60s (default)
2019-09-24 16:47:45,245 DEBUG impl.RaftServerProxy (RaftServerProxy.java:lambda$groupAddAsync$10(380)) - s3: newImpl =      null s3@group-A7C5DBE940E2:t0, leader=null, voted=null, raftlog=s3@group-A7C5DBE940E2-SegmentedRaftLog:OPENED:c-1,f-1,i0, conf=-1: [s3:0.0.0.0:38312, s4:0.0.0.0:41737, s0:0.0.0.0:41019, s1:0.0.0.0:38816, s2:0.0.0.0:40694], old=null NEW
2019-09-24 16:47:45,245 INFO  impl.RaftServerImpl (RaftServerImpl.java:start(181)) - s3@group-A7C5DBE940E2: start as a follower, conf=-1: [s3:0.0.0.0:38312, s4:0.0.0.0:41737, s0:0.0.0.0:41019, s1:0.0.0.0:38816, s2:0.0.0.0:40694], old=null
2019-09-24 16:47:45,245 INFO  impl.RaftServerImpl (RaftServerImpl.java:setRole(170)) - s3@group-A7C5DBE940E2: changes role from      null to FOLLOWER at term 0 for startAsFollower
2019-09-24 16:47:45,246 INFO  impl.RoleInfo (RoleInfo.java:updateAndGet(143)) - s3: start FollowerState
2019-09-24 16:47:45,246 INFO  util.JmxRegister (JmxRegister.java:tryRegister(44)) - Successfully registered JMX Bean with object name Ratis:service=RaftServer,group=group-A7C5DBE940E2,id=s3
2019-09-24 16:47:45,249 DEBUG client.RaftClient (RaftClientImpl.java:sendRequest(285)) - client-CB1253CDB500: receive RaftClientReply:client-CB1253CDB500->s3@group-A7C5DBE940E2, cid=28, SUCCESS, logIndex=0, commits[s3:c-1]
2019-09-24 16:47:45,250 DEBUG client.RaftClient (ConfUtils.java:logGet(43)) - raft.rpc.type = NETTY (custom)
2019-09-24 16:47:45,251 DEBUG client.RaftClient (RaftClientImpl.java:sendRequest(275)) - client-B6FD8A510EB7: send GroupManagementRequest:client-B6FD8A510EB7->s4@group-A7C5DBE940E2, cid=29, seq=0, RW, null, Add:group-A7C5DBE940E2:[s3:0.0.0.0:38312, s4:0.0.0.0:41737, s0:0.0.0.0:41019, s1:0.0.0.0:38816, s2:0.0.0.0:40694]
2019-09-24 16:47:45,253 INFO  logging.LoggingHandler (AbstractInternalLogger.java:log(150)) - [id: 0x7a134672, L:/0.0.0.0:41737] READ: [id: 0x871af1a9, L:/192.168.5.142:41737 - R:/192.168.5.142:55618]
2019-09-24 16:47:45,253 INFO  logging.LoggingHandler (AbstractInternalLogger.java:log(150)) - [id: 0x7a134672, L:/0.0.0.0:41737] READ COMPLETE
2019-09-24 16:47:45,254 INFO  impl.RaftServerProxy (RaftServerProxy.java:addNew(89)) - s4: addNew group-A7C5DBE940E2:[s3:0.0.0.0:38312, s4:0.0.0.0:41737, s0:0.0.0.0:41019, s1:0.0.0.0:38816, s2:0.0.0.0:40694] returns group-A7C5DBE940E2:java.util.concurrent.CompletableFuture@766d20af[Not completed]
2019-09-24 16:47:45,254 INFO  impl.RaftServerImpl (RaftServerImpl.java:<init>(95)) - s4: new RaftServerImpl for group-A7C5DBE940E2:[s3:0.0.0.0:38312, s4:0.0.0.0:41737, s0:0.0.0.0:41019, s1:0.0.0.0:38816, s2:0.0.0.0:40694] with BaseStateMachine:uninitialized
2019-09-24 16:47:45,255 INFO  server.RaftServerConfigKeys (ConfUtils.java:logGet(43)) - raft.server.rpc.timeout.min = 150ms (default)
2019-09-24 16:47:45,255 INFO  server.RaftServerConfigKeys (ConfUtils.java:logGet(43)) - raft.server.rpc.timeout.max = 300ms (default)
2019-09-24 16:47:45,255 INFO  server.RaftServerConfigKeys (ConfUtils.java:logGet(43)) - raft.server.rpcslowness.timeout = 60s (default)
2019-09-24 16:47:45,255 INFO  server.RaftServerConfigKeys (ConfUtils.java:logGet(43)) - raft.server.sleep.deviation.threshold = 300 (default)
2019-09-24 16:47:45,255 INFO  server.RaftServerConfigKeys (ConfUtils.java:logGet(43)) - raft.server.log.appender.install.snapshot.enabled = true (default)
2019-09-24 16:47:45,256 INFO  impl.RaftServerImpl (ServerState.java:<init>(103)) - s4@group-A7C5DBE940E2: ConfigurationManager, init=-1: [s3:0.0.0.0:38312, s4:0.0.0.0:41737, s0:0.0.0.0:41019, s1:0.0.0.0:38816, s2:0.0.0.0:40694], old=null, confs=<EMPTY_MAP>
2019-09-24 16:47:45,256 INFO  server.RaftServerConfigKeys (ConfUtils.java:logGet(43)) - raft.server.storage.dir = [/workdir/ratis-test/target/test/data/572499d7/MiniRaftClusterWithNetty2a77427e/s4] (custom)
2019-09-24 16:47:45,256 INFO  server.RaftServerConfigKeys (ConfUtils.java:logGet(43)) - raft.server.log.corruption.policy = EXCEPTION (default)
2019-09-24 16:47:45,256 INFO  storage.RaftStorageDirectory (RaftStorageDirectory.java:analyzeStorage(246)) - The storage directory /workdir/ratis-test/target/test/data/572499d7/MiniRaftClusterWithNetty2a77427e/s4/58450987-7c22-46e2-8d20-a7c5dbe940e2 does not exist. Creating ...
2019-09-24 16:47:45,257 TRACE util.FileUtils (LogUtils.java:runAndLog(61)) - Successfully ran Files.createDirectories /workdir/ratis-test/target/test/data/572499d7/MiniRaftClusterWithNetty2a77427e/s4/58450987-7c22-46e2-8d20-a7c5dbe940e2
2019-09-24 16:47:45,271 INFO  storage.RaftStorageDirectory (RaftStorageDirectory.java:tryLock(328)) - Lock on /workdir/ratis-test/target/test/data/572499d7/MiniRaftClusterWithNetty2a77427e/s4/58450987-7c22-46e2-8d20-a7c5dbe940e2/in_use.lock acquired by nodename 20948@ratis-test-vphbd-3564017154
2019-09-24 16:47:45,272 TRACE util.FileUtils (LogUtils.java:runAndLog(61)) - Successfully ran Files.createDirectories /workdir/ratis-test/target/test/data/572499d7/MiniRaftClusterWithNetty2a77427e/s4/58450987-7c22-46e2-8d20-a7c5dbe940e2/current
2019-09-24 16:47:45,272 TRACE util.FileUtils (LogUtils.java:runAndLog(61)) - Successfully ran Files.createDirectories /workdir/ratis-test/target/test/data/572499d7/MiniRaftClusterWithNetty2a77427e/s4/58450987-7c22-46e2-8d20-a7c5dbe940e2/sm
2019-09-24 16:47:45,293 INFO  impl.FollowerState (FollowerState.java:run(108)) - s1@group-A7C5DBE940E2-FollowerState: change to CANDIDATE, lastRpcTime:161ms, electionTimeout:161ms
2019-09-24 16:47:45,294 INFO  impl.RoleInfo (RoleInfo.java:shutdownFollowerState(121)) - s1: shutdown FollowerState
2019-09-24 16:47:45,294 INFO  impl.RaftServerImpl (RaftServerImpl.java:setRole(170)) - s1@group-A7C5DBE940E2: changes role from  FOLLOWER to CANDIDATE at term 0 for changeToCandidate
2019-09-24 16:47:45,294 INFO  impl.RoleInfo (RoleInfo.java:updateAndGet(143)) - s1: start LeaderElection
2019-09-24 16:47:45,297 INFO  storage.RaftStorage (RaftStorage.java:format(84)) - Storage directory /workdir/ratis-test/target/test/data/572499d7/MiniRaftClusterWithNetty2a77427e/s4/58450987-7c22-46e2-8d20-a7c5dbe940e2 has been successfully formatted.
2019-09-24 16:47:45,297 INFO  server.RaftServerConfigKeys (ConfUtils.java:logGet(43)) - raft.server.notification.no-leader.timeout = 60s (default)
2019-09-24 16:47:45,297 INFO  server.RaftServerConfigKeys (ConfUtils.java:logGet(43)) - raft.server.log.use.memory = false (default)
2019-09-24 16:47:45,297 INFO  server.RaftServerConfigKeys (ConfUtils.java:logGet(43)) - raft.server.log.purge.gap = 1024 (default)
2019-09-24 16:47:45,297 INFO  server.RaftServerConfigKeys (ConfUtils.java:logGet(43)) - raft.server.log.appender.buffer.byte-limit = 4MB (=4194304) (default)
2019-09-24 16:47:45,297 INFO  server.RaftServerConfigKeys (ConfUtils.java:logGet(43)) - raft.server.log.segment.size.max = 8MB (=8388608) (default)
2019-09-24 16:47:45,298 INFO  server.RaftServerConfigKeys (ConfUtils.java:logGet(43)) - raft.server.log.segment.cache.num.max = 6 (default)
2019-09-24 16:47:45,298 INFO  segmented.SegmentedRaftLogWorker (SegmentedRaftLogWorker.java:<init>(172)) - new s4@group-A7C5DBE940E2-SegmentedRaftLogWorker for RaftStorage:Storage Directory /workdir/ratis-test/target/test/data/572499d7/MiniRaftClusterWithNetty2a77427e/s4/58450987-7c22-46e2-8d20-a7c5dbe940e2
2019-09-24 16:47:45,298 INFO  server.RaftServerConfigKeys (ConfUtils.java:logGet(43)) - raft.server.log.queue.byte-limit = 64MB (=67108864) (default)
2019-09-24 16:47:45,298 INFO  server.RaftServerConfigKeys (ConfUtils.java:logGet(43)) - raft.server.log.queue.element-limit = 4096 (default)
2019-09-24 16:47:45,298 INFO  server.RaftServerConfigKeys (ConfUtils.java:logGet(43)) - raft.server.log.segment.size.max = 8MB (=8388608) (default)
2019-09-24 16:47:45,299 INFO  server.RaftServerConfigKeys (ConfUtils.java:logGet(43)) - raft.server.log.preallocated.size = 4MB (=4194304) (default)
2019-09-24 16:47:45,299 INFO  server.RaftServerConfigKeys (ConfUtils.java:logGet(43)) - raft.server.log.write.buffer.size = 64KB (=65536) (default)
2019-09-24 16:47:45,299 INFO  server.RaftServerConfigKeys (ConfUtils.java:logGet(43)) - raft.server.log.force.sync.num = 128 (default)
2019-09-24 16:47:45,299 INFO  server.RaftServerConfigKeys (ConfUtils.java:logGet(43)) - raft.server.log.statemachine.data.sync = true (default)
2019-09-24 16:47:45,299 INFO  server.RaftServerConfigKeys (ConfUtils.java:logGet(43)) - raft.server.log.statemachine.data.sync.timeout = 10s (default)
2019-09-24 16:47:45,299 INFO  server.RaftServerConfigKeys (ConfUtils.java:logGet(43)) - raft.server.log.statemachine.data.sync.timeout.retry = -1 (default)
2019-09-24 16:47:45,300 INFO  server.RaftServerConfigKeys (ConfUtils.java:logGet(43)) - raft.server.log.statemachine.data.caching.enabled = false (default)
2019-09-24 16:47:45,300 INFO  segmented.SegmentedRaftLogWorker (SegmentedRaftLogWorker.java:lambda$new$0(132)) - s4@group-A7C5DBE940E2-SegmentedRaftLogWorker: flushIndex: setUnconditionally 0 -> -1
2019-09-24 16:47:45,300 INFO  server.RaftServerConfigKeys (ConfUtils.java:logGet(43)) - raft.server.snapshot.auto.trigger.enabled = false (default)
2019-09-24 16:47:45,301 INFO  server.RaftServerConfigKeys (ConfUtils.java:logGet(43)) - raft.server.snapshot.retention.file.num = -1 (default)
2019-09-24 16:47:45,301 INFO  server.RaftServerConfigKeys (ConfUtils.java:logGet(43)) - raft.server.retrycache.expirytime = 60s (default)
2019-09-24 16:47:45,304 DEBUG impl.RaftServerProxy (RaftServerProxy.java:lambda$groupAddAsync$10(380)) - s4: newImpl =      null s4@group-A7C5DBE940E2:t0, leader=null, voted=null, raftlog=s4@group-A7C5DBE940E2-SegmentedRaftLog:OPENED:c-1,f-1,i0, conf=-1: [s3:0.0.0.0:38312, s4:0.0.0.0:41737, s0:0.0.0.0:41019, s1:0.0.0.0:38816, s2:0.0.0.0:40694], old=null NEW
2019-09-24 16:47:45,304 INFO  impl.RaftServerImpl (RaftServerImpl.java:start(181)) - s4@group-A7C5DBE940E2: start as a follower, conf=-1: [s3:0.0.0.0:38312, s4:0.0.0.0:41737, s0:0.0.0.0:41019, s1:0.0.0.0:38816, s2:0.0.0.0:40694], old=null
2019-09-24 16:47:45,304 INFO  impl.RaftServerImpl (RaftServerImpl.java:setRole(170)) - s4@group-A7C5DBE940E2: changes role from      null to FOLLOWER at term 0 for startAsFollower
2019-09-24 16:47:45,304 INFO  impl.RoleInfo (RoleInfo.java:updateAndGet(143)) - s4: start FollowerState
2019-09-24 16:47:45,305 INFO  util.JmxRegister (JmxRegister.java:tryRegister(44)) - Successfully registered JMX Bean with object name Ratis:service=RaftServer,group=group-A7C5DBE940E2,id=s4
2019-09-24 16:47:45,308 DEBUG client.RaftClient (RaftClientImpl.java:sendRequest(285)) - client-B6FD8A510EB7: receive RaftClientReply:client-B6FD8A510EB7->s4@group-A7C5DBE940E2, cid=29, SUCCESS, logIndex=0, commits[s4:c-1]
2019-09-24 16:47:45,309 INFO  server.RaftServerConfigKeys (ConfUtils.java:logGet(43)) - raft.server.rpc.timeout.max = 300ms (default)
2019-09-24 16:47:45,311 INFO  ratis.RaftTestUtil (RaftTestUtil.java:waitForLeader(86)) - printing group-A7C5DBE940E2
  s3:  RUNNING [
   FOLLOWER s3@group-FEE41E240123:t0, leader=null, voted=null, raftlog=s3@group-FEE41E240123-SegmentedRaftLog:OPENED:c-1,f-1,i0, conf=-1: [], old=null STARTING
   FOLLOWER s3@group-A7C5DBE940E2:t0, leader=null, voted=null, raftlog=s3@group-A7C5DBE940E2-SegmentedRaftLog:OPENED:c-1,f-1,i0, conf=-1: [s3:0.0.0.0:38312, s4:0.0.0.0:41737, s0:0.0.0.0:41019, s1:0.0.0.0:38816, s2:0.0.0.0:40694], old=null RUNNING] size=2
  s4:  RUNNING [
   FOLLOWER s4@group-FEE41E240123:t0, leader=null, voted=null, raftlog=s4@group-FEE41E240123-SegmentedRaftLog:OPENED:c-1,f-1,i0, conf=-1: [], old=null STARTING
   FOLLOWER s4@group-A7C5DBE940E2:t0, leader=null, voted=null, raftlog=s4@group-A7C5DBE940E2-SegmentedRaftLog:OPENED:c-1,f-1,i0, conf=-1: [s3:0.0.0.0:38312, s4:0.0.0.0:41737, s0:0.0.0.0:41019, s1:0.0.0.0:38816, s2:0.0.0.0:40694], old=null RUNNING] size=2
  s0:  RUNNING [
   FOLLOWER s0@group-FEE41E240123:t0, leader=null, voted=null, raftlog=s0@group-FEE41E240123-SegmentedRaftLog:OPENED:c-1,f-1,i0, conf=-1: [], old=null STARTING
   FOLLOWER s0@group-A7C5DBE940E2:t1, leader=null, voted=s0, raftlog=s0@group-A7C5DBE940E2-SegmentedRaftLog:OPENED:c-1,f-1,i0, conf=-1: [s3:0.0.0.0:38312, s4:0.0.0.0:41737, s0:0.0.0.0:41019, s1:0.0.0.0:38816, s2:0.0.0.0:40694], old=null RUNNING] size=2
  s1:  RUNNING [
   FOLLOWER s1@group-FEE41E240123:t0, leader=null, voted=null, raftlog=s1@group-FEE41E240123-SegmentedRaftLog:OPENED:c-1,f-1,i0, conf=-1: [], old=null STARTING
  CANDIDATE s1@group-A7C5DBE940E2:t1, leader=null, voted=s1, raftlog=s1@group-A7C5DBE940E2-SegmentedRaftLog:OPENED:c-1,f-1,i0, conf=-1: [s3:0.0.0.0:38312, s4:0.0.0.0:41737, s0:0.0.0.0:41019, s1:0.0.0.0:38816, s2:0.0.0.0:40694], old=null RUNNING] size=2
  s2:  RUNNING [
   FOLLOWER s2@group-FEE41E240123:t0, leader=null, voted=null, raftlog=s2@group-FEE41E240123-SegmentedRaftLog:OPENED:c-1,f-1,i0, conf=-1: [], old=null STARTING
   FOLLOWER s2@group-A7C5DBE940E2:t0, leader=null, voted=null, raftlog=s2@group-A7C5DBE940E2-SegmentedRaftLog:OPENED:c-1,f-1,i0, conf=-1: [s3:0.0.0.0:38312, s4:0.0.0.0:41737, s0:0.0.0.0:41019, s1:0.0.0.0:38816, s2:0.0.0.0:40694], old=null RUNNING] size=2
2019-09-24 16:47:45,312 WARN  ratis.RaftTestUtil (JavaUtils.java:attempt(158)) - FAILED "waitForLeader-group-A7C5DBE940E2-(expectLeader? true)", attempt #1/100: java.lang.IllegalStateException: No leader yet  for group-A7C5DBE940E2: printing group-A7C5DBE940E2
  s3:  RUNNING [
   FOLLOWER s3@group-FEE41E240123:t0, leader=null, voted=null, raftlog=s3@group-FEE41E240123-SegmentedRaftLog:OPENED:c-1,f-1,i0, conf=-1: [], old=null STARTING
   FOLLOWER s3@group-A7C5DBE940E2:t0, leader=null, voted=null, raftlog=s3@group-A7C5DBE940E2-SegmentedRaftLog:OPENED:c-1,f-1,i0, conf=-1: [s3:0.0.0.0:38312, s4:0.0.0.0:41737, s0:0.0.0.0:41019, s1:0.0.0.0:38816, s2:0.0.0.0:40694], old=null RUNNING] size=2
  s4:  RUNNING [
   FOLLOWER s4@group-FEE41E240123:t0, leader=null, voted=null, raftlog=s4@group-FEE41E240123-SegmentedRaftLog:OPENED:c-1,f-1,i0, conf=-1: [], old=null STARTING
   FOLLOWER s4@group-A7C5DBE940E2:t0, leader=null, voted=null, raftlog=s4@group-A7C5DBE940E2-SegmentedRaftLog:OPENED:c-1,f-1,i0, conf=-1: [s3:0.0.0.0:38312, s4:0.0.0.0:41737, s0:0.0.0.0:41019, s1:0.0.0.0:38816, s2:0.0.0.0:40694], old=null RUNNING] size=2
  s0:  RUNNING [
   FOLLOWER s0@group-FEE41E240123:t0, leader=null, voted=null, raftlog=s0@group-FEE41E240123-SegmentedRaftLog:OPENED:c-1,f-1,i0, conf=-1: [], old=null STARTING
   FOLLOWER s0@group-A7C5DBE940E2:t1, leader=null, voted=s0, raftlog=s0@group-A7C5DBE940E2-SegmentedRaftLog:OPENED:c-1,f-1,i0, conf=-1: [s3:0.0.0.0:38312, s4:0.0.0.0:41737, s0:0.0.0.0:41019, s1:0.0.0.0:38816, s2:0.0.0.0:40694], old=null RUNNING] size=2
  s1:  RUNNING [
   FOLLOWER s1@group-FEE41E240123:t0, leader=null, voted=null, raftlog=s1@group-FEE41E240123-SegmentedRaftLog:OPENED:c-1,f-1,i0, conf=-1: [], old=null STARTING
  CANDIDATE s1@group-A7C5DBE940E2:t1, leader=null, voted=s1, raftlog=s1@group-A7C5DBE940E2-SegmentedRaftLog:OPENED:c-1,f-1,i0, conf=-1: [s3:0.0.0.0:38312, s4:0.0.0.0:41737, s0:0.0.0.0:41019, s1:0.0.0.0:38816, s2:0.0.0.0:40694], old=null RUNNING] size=2
  s2:  RUNNING [
   FOLLOWER s2@group-FEE41E240123:t0, leader=null, voted=null, raftlog=s2@group-FEE41E240123-SegmentedRaftLog:OPENED:c-1,f-1,i0, conf=-1: [], old=null STARTING
   FOLLOWER s2@group-A7C5DBE940E2:t0, leader=null, voted=null, raftlog=s2@group-A7C5DBE940E2-SegmentedRaftLog:OPENED:c-1,f-1,i0, conf=-1: [s3:0.0.0.0:38312, s4:0.0.0.0:41737, s0:0.0.0.0:41019, s1:0.0.0.0:38816, s2:0.0.0.0:40694], old=null RUNNING] size=2, sleep 450ms and then retry.
java.lang.IllegalStateException: No leader yet  for group-A7C5DBE940E2: printing group-A7C5DBE940E2
  s3:  RUNNING [
   FOLLOWER s3@group-FEE41E240123:t0, leader=null, voted=null, raftlog=s3@group-FEE41E240123-SegmentedRaftLog:OPENED:c-1,f-1,i0, conf=-1: [], old=null STARTING
   FOLLOWER s3@group-A7C5DBE940E2:t0, leader=null, voted=null, raftlog=s3@group-A7C5DBE940E2-SegmentedRaftLog:OPENED:c-1,f-1,i0, conf=-1: [s3:0.0.0.0:38312, s4:0.0.0.0:41737, s0:0.0.0.0:41019, s1:0.0.0.0:38816, s2:0.0.0.0:40694], old=null RUNNING] size=2
  s4:  RUNNING [
   FOLLOWER s4@group-FEE41E240123:t0, leader=null, voted=null, raftlog=s4@group-FEE41E240123-SegmentedRaftLog:OPENED:c-1,f-1,i0, conf=-1: [], old=null STARTING
   FOLLOWER s4@group-A7C5DBE940E2:t0, leader=null, voted=null, raftlog=s4@group-A7C5DBE940E2-SegmentedRaftLog:OPENED:c-1,f-1,i0, conf=-1: [s3:0.0.0.0:38312, s4:0.0.0.0:41737, s0:0.0.0.0:41019, s1:0.0.0.0:38816, s2:0.0.0.0:40694], old=null RUNNING] size=2
  s0:  RUNNING [
   FOLLOWER s0@group-FEE41E240123:t0, leader=null, voted=null, raftlog=s0@group-FEE41E240123-SegmentedRaftLog:OPENED:c-1,f-1,i0, conf=-1: [], old=null STARTING
   FOLLOWER s0@group-A7C5DBE940E2:t1, leader=null, voted=s0, raftlog=s0@group-A7C5DBE940E2-SegmentedRaftLog:OPENED:c-1,f-1,i0, conf=-1: [s3:0.0.0.0:38312, s4:0.0.0.0:41737, s0:0.0.0.0:41019, s1:0.0.0.0:38816, s2:0.0.0.0:40694], old=null RUNNING] size=2
  s1:  RUNNING [
   FOLLOWER s1@group-FEE41E240123:t0, leader=null, voted=null, raftlog=s1@group-FEE41E240123-SegmentedRaftLog:OPENED:c-1,f-1,i0, conf=-1: [], old=null STARTING
  CANDIDATE s1@group-A7C5DBE940E2:t1, leader=null, voted=s1, raftlog=s1@group-A7C5DBE940E2-SegmentedRaftLog:OPENED:c-1,f-1,i0, conf=-1: [s3:0.0.0.0:38312, s4:0.0.0.0:41737, s0:0.0.0.0:41019, s1:0.0.0.0:38816, s2:0.0.0.0:40694], old=null RUNNING] size=2
  s2:  RUNNING [
   FOLLOWER s2@group-FEE41E240123:t0, leader=null, voted=null, raftlog=s2@group-FEE41E240123-SegmentedRaftLog:OPENED:c-1,f-1,i0, conf=-1: [], old=null STARTING
   FOLLOWER s2@group-A7C5DBE940E2:t0, leader=null, voted=null, raftlog=s2@group-A7C5DBE940E2-SegmentedRaftLog:OPENED:c-1,f-1,i0, conf=-1: [s3:0.0.0.0:38312, s4:0.0.0.0:41737, s0:0.0.0.0:41019, s1:0.0.0.0:38816, s2:0.0.0.0:40694], old=null RUNNING] size=2
	at org.apache.ratis.MiniRaftCluster.newIllegalStateExceptionForNoLeaders(MiniRaftCluster.java:506)
	at org.apache.ratis.RaftTestUtil.lambda$waitForLeader$1(RaftTestUtil.java:90)
	at org.apache.ratis.MiniRaftCluster.getLeader(MiniRaftCluster.java:539)
	at org.apache.ratis.MiniRaftCluster.getLeader(MiniRaftCluster.java:532)
	at org.apache.ratis.RaftTestUtil.lambda$waitForLeader$3(RaftTestUtil.java:98)
	at org.apache.ratis.util.JavaUtils.attempt(JavaUtils.java:152)
	at org.apache.ratis.RaftTestUtil.waitForLeader(RaftTestUtil.java:97)
	at org.apache.ratis.RaftTestUtil.waitForLeader(RaftTestUtil.java:77)
	at org.apache.ratis.server.impl.GroupManagementBaseTest.runMultiGroupTest(GroupManagementBaseTest.java:175)
	at org.apache.ratis.server.impl.GroupManagementBaseTest.runMultiGroupTest(GroupManagementBaseTest.java:126)
	at org.apache.ratis.server.impl.GroupManagementBaseTest.testMultiGroup9Nodes(GroupManagementBaseTest.java:121)
	at sun.reflect.NativeMethodAccessorImpl.invoke0(Native Method)
	at sun.reflect.NativeMethodAccessorImpl.invoke(NativeMethodAccessorImpl.java:62)
	at sun.reflect.DelegatingMethodAccessorImpl.invoke(DelegatingMethodAccessorImpl.java:43)
	at java.lang.reflect.Method.invoke(Method.java:498)
	at org.junit.runners.model.FrameworkMethod$1.runReflectiveCall(FrameworkMethod.java:50)
	at org.junit.internal.runners.model.ReflectiveCallable.run(ReflectiveCallable.java:12)
	at org.junit.runners.model.FrameworkMethod.invokeExplosively(FrameworkMethod.java:47)
	at org.junit.internal.runners.statements.InvokeMethod.evaluate(InvokeMethod.java:17)
	at org.junit.internal.runners.statements.RunAfters.evaluate(RunAfters.java:27)
	at org.junit.internal.runners.statements.FailOnTimeout$CallableStatement.call(FailOnTimeout.java:298)
	at org.junit.internal.runners.statements.FailOnTimeout$CallableStatement.call(FailOnTimeout.java:292)
	at java.util.concurrent.FutureTask.run(FutureTask.java:266)
	at java.lang.Thread.run(Thread.java:748)
2019-09-24 16:47:45,320 INFO  impl.LeaderElection (LeaderElection.java:askForVotes(178)) - s1@group-A7C5DBE940E2-LeaderElection16: begin an election at term 1 for -1: [s3:0.0.0.0:38312, s4:0.0.0.0:41737, s0:0.0.0.0:41019, s1:0.0.0.0:38816, s2:0.0.0.0:40694], old=null
2019-09-24 16:47:45,323 INFO  logging.LoggingHandler (AbstractInternalLogger.java:log(150)) - [id: 0x625ea67e, L:/0.0.0.0:38312] READ: [id: 0xb8fe1c43, L:/192.168.5.142:38312 - R:/192.168.5.142:35496]
2019-09-24 16:47:45,325 INFO  logging.LoggingHandler (AbstractInternalLogger.java:log(150)) - [id: 0x0fe9f243, L:/0.0.0.0:40694] READ: [id: 0xccf1597b, L:/192.168.5.142:40694 - R:/192.168.5.142:40034]
2019-09-24 16:47:45,326 INFO  logging.LoggingHandler (AbstractInternalLogger.java:log(150)) - [id: 0x625ea67e, L:/0.0.0.0:38312] READ COMPLETE
2019-09-24 16:47:45,325 INFO  logging.LoggingHandler (AbstractInternalLogger.java:log(150)) - [id: 0x774b134f, L:/0.0.0.0:41019] READ: [id: 0xf8a98853, L:/192.168.5.142:41019 - R:/192.168.5.142:36780]
2019-09-24 16:47:45,323 INFO  logging.LoggingHandler (AbstractInternalLogger.java:log(150)) - [id: 0x7a134672, L:/0.0.0.0:41737] READ: [id: 0x509ab3d2, L:/192.168.5.142:41737 - R:/192.168.5.142:55620]
2019-09-24 16:47:45,327 INFO  logging.LoggingHandler (AbstractInternalLogger.java:log(150)) - [id: 0x774b134f, L:/0.0.0.0:41019] READ COMPLETE
2019-09-24 16:47:45,326 INFO  logging.LoggingHandler (AbstractInternalLogger.java:log(150)) - [id: 0x0fe9f243, L:/0.0.0.0:40694] READ COMPLETE
2019-09-24 16:47:45,327 INFO  logging.LoggingHandler (AbstractInternalLogger.java:log(150)) - [id: 0x7a134672, L:/0.0.0.0:41737] READ COMPLETE
2019-09-24 16:47:45,327 DEBUG impl.RaftServerImpl (RaftServerImpl.java:requestVote(743)) - s3@group-A7C5DBE940E2: receive requestVote(s1, group-A7C5DBE940E2, 1, (t:0, i:0))
2019-09-24 16:47:45,328 INFO  impl.RaftServerImpl (RaftServerImpl.java:setRole(170)) - s3@group-A7C5DBE940E2: changes role from  FOLLOWER to FOLLOWER at term 1 for recognizeCandidate:s1
2019-09-24 16:47:45,328 DEBUG impl.RaftServerImpl (RaftServerImpl.java:requestVote(743)) - s2@group-A7C5DBE940E2: receive requestVote(s1, group-A7C5DBE940E2, 1, (t:0, i:0))
2019-09-24 16:47:45,328 DEBUG impl.RaftServerImpl (RaftServerImpl.java:requestVote(743)) - s0@group-A7C5DBE940E2: receive requestVote(s1, group-A7C5DBE940E2, 1, (t:0, i:0))
2019-09-24 16:47:45,328 INFO  impl.RoleInfo (RoleInfo.java:shutdownFollowerState(121)) - s3: shutdown FollowerState
2019-09-24 16:47:45,330 DEBUG impl.RaftServerImpl (RaftServerImpl.java:requestVote(775)) - s0@group-A7C5DBE940E2 replies to vote request: s1<-s0#0:FAIL-t1. Peer's state: s0@group-A7C5DBE940E2:t1, leader=null, voted=s0, raftlog=s0@group-A7C5DBE940E2-SegmentedRaftLog:OPENED:c-1,f-1,i0, conf=-1: [s3:0.0.0.0:38312, s4:0.0.0.0:41737, s0:0.0.0.0:41019, s1:0.0.0.0:38816, s2:0.0.0.0:40694], old=null
2019-09-24 16:47:45,329 DEBUG impl.RaftServerImpl (RaftServerImpl.java:requestVote(743)) - s4@group-A7C5DBE940E2: receive requestVote(s1, group-A7C5DBE940E2, 1, (t:0, i:0))
2019-09-24 16:47:45,329 INFO  impl.RaftServerImpl (RaftServerImpl.java:setRole(170)) - s2@group-A7C5DBE940E2: changes role from  FOLLOWER to FOLLOWER at term 1 for recognizeCandidate:s1
2019-09-24 16:47:45,330 INFO  impl.RaftServerImpl (RaftServerImpl.java:setRole(170)) - s4@group-A7C5DBE940E2: changes role from  FOLLOWER to FOLLOWER at term 1 for recognizeCandidate:s1
2019-09-24 16:47:45,330 INFO  impl.FollowerState (FollowerState.java:run(117)) - s3@group-A7C5DBE940E2-FollowerState was interrupted: java.lang.InterruptedException: sleep interrupted
2019-09-24 16:47:45,330 INFO  impl.RoleInfo (RoleInfo.java:updateAndGet(143)) - s3: start FollowerState
2019-09-24 16:47:45,331 INFO  impl.RoleInfo (RoleInfo.java:shutdownFollowerState(121)) - s4: shutdown FollowerState
2019-09-24 16:47:45,330 INFO  impl.RoleInfo (RoleInfo.java:shutdownFollowerState(121)) - s2: shutdown FollowerState
2019-09-24 16:47:45,332 INFO  impl.FollowerState (FollowerState.java:run(117)) - s4@group-A7C5DBE940E2-FollowerState was interrupted: java.lang.InterruptedException: sleep interrupted
2019-09-24 16:47:45,332 INFO  impl.FollowerState (FollowerState.java:run(117)) - s2@group-A7C5DBE940E2-FollowerState was interrupted: java.lang.InterruptedException: sleep interrupted
2019-09-24 16:47:45,332 INFO  impl.RoleInfo (RoleInfo.java:updateAndGet(143)) - s4: start FollowerState
2019-09-24 16:47:45,332 INFO  impl.RoleInfo (RoleInfo.java:updateAndGet(143)) - s2: start FollowerState
2019-09-24 16:47:45,393 INFO  impl.FollowerState (FollowerState.java:run(108)) - s0@group-A7C5DBE940E2-FollowerState: change to CANDIDATE, lastRpcTime:256ms, electionTimeout:256ms
2019-09-24 16:47:45,393 INFO  impl.RoleInfo (RoleInfo.java:shutdownFollowerState(121)) - s0: shutdown FollowerState
2019-09-24 16:47:45,393 INFO  impl.RaftServerImpl (RaftServerImpl.java:setRole(170)) - s0@group-A7C5DBE940E2: changes role from  FOLLOWER to CANDIDATE at term 1 for changeToCandidate
2019-09-24 16:47:45,394 INFO  impl.RoleInfo (RoleInfo.java:updateAndGet(143)) - s0: start LeaderElection
2019-09-24 16:47:45,527 INFO  impl.LeaderElection (LeaderElection.java:logAndReturn(56)) - s1@group-A7C5DBE940E2-LeaderElection16: Election TIMEOUT; received 1 response(s) [s1<-s0#0:FAIL-t1] and 0 exception(s); s1@group-A7C5DBE940E2:t1, leader=null, voted=s1, raftlog=s1@group-A7C5DBE940E2-SegmentedRaftLog:OPENED:c-1,f-1,i0, conf=-1: [s3:0.0.0.0:38312, s4:0.0.0.0:41737, s0:0.0.0.0:41019, s1:0.0.0.0:38816, s2:0.0.0.0:40694], old=null
2019-09-24 16:47:45,623 DEBUG impl.RaftServerImpl (RaftServerImpl.java:requestVote(775)) - s2@group-A7C5DBE940E2 replies to vote request: s1<-s2#0:OK-t1. Peer's state: s2@group-A7C5DBE940E2:t1, leader=null, voted=s1, raftlog=s2@group-A7C5DBE940E2-SegmentedRaftLog:OPENED:c-1,f-1,i0, conf=-1: [s3:0.0.0.0:38312, s4:0.0.0.0:41737, s0:0.0.0.0:41019, s1:0.0.0.0:38816, s2:0.0.0.0:40694], old=null
2019-09-24 16:47:45,623 DEBUG impl.RaftServerImpl (RaftServerImpl.java:requestVote(775)) - s4@group-A7C5DBE940E2 replies to vote request: s1<-s4#0:OK-t1. Peer's state: s4@group-A7C5DBE940E2:t1, leader=null, voted=s1, raftlog=s4@group-A7C5DBE940E2-SegmentedRaftLog:OPENED:c-1,f-1,i0, conf=-1: [s3:0.0.0.0:38312, s4:0.0.0.0:41737, s0:0.0.0.0:41019, s1:0.0.0.0:38816, s2:0.0.0.0:40694], old=null
2019-09-24 16:47:45,623 DEBUG impl.RaftServerImpl (RaftServerImpl.java:requestVote(775)) - s3@group-A7C5DBE940E2 replies to vote request: s1<-s3#0:OK-t1. Peer's state: s3@group-A7C5DBE940E2:t1, leader=null, voted=s1, raftlog=s3@group-A7C5DBE940E2-SegmentedRaftLog:OPENED:c-1,f-1,i0, conf=-1: [s3:0.0.0.0:38312, s4:0.0.0.0:41737, s0:0.0.0.0:41019, s1:0.0.0.0:38816, s2:0.0.0.0:40694], old=null
2019-09-24 16:47:45,624 INFO  impl.FollowerState (FollowerState.java:run(108)) - s4@group-A7C5DBE940E2-FollowerState: change to CANDIDATE, lastRpcTime:291ms, electionTimeout:252ms
2019-09-24 16:47:45,624 INFO  impl.LeaderElection (LeaderElection.java:askForVotes(178)) - s0@group-A7C5DBE940E2-LeaderElection17: begin an election at term 2 for -1: [s3:0.0.0.0:38312, s4:0.0.0.0:41737, s0:0.0.0.0:41019, s1:0.0.0.0:38816, s2:0.0.0.0:40694], old=null
2019-09-24 16:47:45,624 INFO  impl.LeaderElection (LeaderElection.java:askForVotes(178)) - s1@group-A7C5DBE940E2-LeaderElection16: begin an election at term 2 for -1: [s3:0.0.0.0:38312, s4:0.0.0.0:41737, s0:0.0.0.0:41019, s1:0.0.0.0:38816, s2:0.0.0.0:40694], old=null
2019-09-24 16:47:45,623 INFO  impl.FollowerState (FollowerState.java:run(108)) - s2@group-A7C5DBE940E2-FollowerState: change to CANDIDATE, lastRpcTime:290ms, electionTimeout:206ms
2019-09-24 16:47:45,624 INFO  impl.RoleInfo (RoleInfo.java:shutdownFollowerState(121)) - s4: shutdown FollowerState
2019-09-24 16:47:45,624 INFO  impl.FollowerState (FollowerState.java:run(108)) - s3@group-A7C5DBE940E2-FollowerState: change to CANDIDATE, lastRpcTime:294ms, electionTimeout:234ms
2019-09-24 16:47:45,625 INFO  impl.RaftServerImpl (RaftServerImpl.java:setRole(170)) - s4@group-A7C5DBE940E2: changes role from  FOLLOWER to CANDIDATE at term 1 for changeToCandidate
2019-09-24 16:47:45,625 INFO  impl.RoleInfo (RoleInfo.java:shutdownFollowerState(121)) - s3: shutdown FollowerState
2019-09-24 16:47:45,625 INFO  impl.RoleInfo (RoleInfo.java:shutdownFollowerState(121)) - s2: shutdown FollowerState
2019-09-24 16:47:45,626 INFO  impl.RaftServerImpl (RaftServerImpl.java:setRole(170)) - s3@group-A7C5DBE940E2: changes role from  FOLLOWER to CANDIDATE at term 1 for changeToCandidate
2019-09-24 16:47:45,626 DEBUG impl.RaftServerImpl (RaftServerImpl.java:requestVote(743)) - s3@group-A7C5DBE940E2: receive requestVote(s0, group-A7C5DBE940E2, 2, (t:0, i:0))
2019-09-24 16:47:45,626 INFO  impl.RaftServerImpl (RaftServerImpl.java:setRole(170)) - s2@group-A7C5DBE940E2: changes role from  FOLLOWER to CANDIDATE at term 1 for changeToCandidate
2019-09-24 16:47:45,626 DEBUG impl.RaftServerImpl (RaftServerImpl.java:requestVote(743)) - s4@group-A7C5DBE940E2: receive requestVote(s0, group-A7C5DBE940E2, 2, (t:0, i:0))
2019-09-24 16:47:45,626 DEBUG impl.RaftServerImpl (RaftServerImpl.java:requestVote(743)) - s4@group-A7C5DBE940E2: receive requestVote(s1, group-A7C5DBE940E2, 2, (t:0, i:0))
2019-09-24 16:47:45,626 INFO  impl.RoleInfo (RoleInfo.java:updateAndGet(143)) - s3: start LeaderElection
2019-09-24 16:47:45,626 DEBUG impl.RaftServerImpl (RaftServerImpl.java:requestVote(743)) - s3@group-A7C5DBE940E2: receive requestVote(s1, group-A7C5DBE940E2, 2, (t:0, i:0))
2019-09-24 16:47:45,626 INFO  impl.RoleInfo (RoleInfo.java:updateAndGet(143)) - s4: start LeaderElection
2019-09-24 16:47:45,721 INFO  impl.RaftServerImpl (RaftServerImpl.java:setRole(170)) - s3@group-A7C5DBE940E2: changes role from CANDIDATE to FOLLOWER at term 2 for recognizeCandidate:s0
2019-09-24 16:47:45,719 DEBUG impl.RaftServerImpl (RaftServerImpl.java:requestVote(743)) - s2@group-A7C5DBE940E2: receive requestVote(s1, group-A7C5DBE940E2, 2, (t:0, i:0))
2019-09-24 16:47:45,718 DEBUG impl.RaftServerImpl (RaftServerImpl.java:requestVote(743)) - s2@group-A7C5DBE940E2: receive requestVote(s0, group-A7C5DBE940E2, 2, (t:0, i:0))
2019-09-24 16:47:45,627 DEBUG impl.RaftServerImpl (RaftServerImpl.java:requestVote(743)) - s1@group-A7C5DBE940E2: receive requestVote(s0, group-A7C5DBE940E2, 2, (t:0, i:0))
2019-09-24 16:47:45,718 DEBUG impl.RaftServerImpl (RaftServerImpl.java:requestVote(743)) - s0@group-A7C5DBE940E2: receive requestVote(s1, group-A7C5DBE940E2, 2, (t:0, i:0))
2019-09-24 16:47:45,626 INFO  impl.RoleInfo (RoleInfo.java:updateAndGet(143)) - s2: start LeaderElection
2019-09-24 16:47:45,724 DEBUG impl.RaftServerImpl (RaftServerImpl.java:requestVote(775)) - s0@group-A7C5DBE940E2 replies to vote request: s1<-s0#0:FAIL-t2. Peer's state: s0@group-A7C5DBE940E2:t2, leader=null, voted=s0, raftlog=s0@group-A7C5DBE940E2-SegmentedRaftLog:OPENED:c-1,f-1,i0, conf=-1: [s3:0.0.0.0:38312, s4:0.0.0.0:41737, s0:0.0.0.0:41019, s1:0.0.0.0:38816, s2:0.0.0.0:40694], old=null
2019-09-24 16:47:45,723 DEBUG impl.RaftServerImpl (RaftServerImpl.java:requestVote(775)) - s1@group-A7C5DBE940E2 replies to vote request: s0<-s1#0:FAIL-t2. Peer's state: s1@group-A7C5DBE940E2:t2, leader=null, voted=s1, raftlog=s1@group-A7C5DBE940E2-SegmentedRaftLog:OPENED:c-1,f-1,i0, conf=-1: [s3:0.0.0.0:38312, s4:0.0.0.0:41737, s0:0.0.0.0:41019, s1:0.0.0.0:38816, s2:0.0.0.0:40694], old=null
2019-09-24 16:47:45,722 INFO  impl.RaftServerImpl (RaftServerImpl.java:setRole(170)) - s4@group-A7C5DBE940E2: changes role from CANDIDATE to FOLLOWER at term 2 for recognizeCandidate:s1
2019-09-24 16:47:45,721 INFO  impl.RoleInfo (RoleInfo.java:shutdownLeaderElection(134)) - s3: shutdown LeaderElection
2019-09-24 16:47:45,726 INFO  impl.RoleInfo (RoleInfo.java:shutdownLeaderElection(134)) - s4: shutdown LeaderElection
2019-09-24 16:47:45,726 INFO  impl.RoleInfo (RoleInfo.java:updateAndGet(143)) - s4: start FollowerState
2019-09-24 16:47:45,725 INFO  impl.RaftServerImpl (RaftServerImpl.java:setRole(170)) - s2@group-A7C5DBE940E2: changes role from CANDIDATE to FOLLOWER at term 2 for recognizeCandidate:s0
2019-09-24 16:47:45,727 INFO  impl.RoleInfo (RoleInfo.java:shutdownLeaderElection(134)) - s2: shutdown LeaderElection
2019-09-24 16:47:45,726 INFO  impl.RoleInfo (RoleInfo.java:updateAndGet(143)) - s3: start FollowerState
2019-09-24 16:47:45,727 INFO  impl.RoleInfo (RoleInfo.java:updateAndGet(143)) - s2: start FollowerState
2019-09-24 16:47:45,764 WARN  ratis.RaftTestUtil (JavaUtils.java:attempt(158)) - FAILED "waitForLeader-group-A7C5DBE940E2-(expectLeader? true)", attempt #2/100: java.lang.IllegalStateException: No leader yet  for group-A7C5DBE940E2: printing group-A7C5DBE940E2
  s3:  RUNNING [
   FOLLOWER s3@group-FEE41E240123:t0, leader=null, voted=null, raftlog=s3@group-FEE41E240123-SegmentedRaftLog:OPENED:c-1,f-1,i0, conf=-1: [], old=null STARTING
   FOLLOWER s3@group-A7C5DBE940E2:t2, leader=null, voted=null, raftlog=s3@group-A7C5DBE940E2-SegmentedRaftLog:OPENED:c-1,f-1,i0, conf=-1: [s3:0.0.0.0:38312, s4:0.0.0.0:41737, s0:0.0.0.0:41019, s1:0.0.0.0:38816, s2:0.0.0.0:40694], old=null RUNNING] size=2
  s4:  RUNNING [
   FOLLOWER s4@group-FEE41E240123:t0, leader=null, voted=null, raftlog=s4@group-FEE41E240123-SegmentedRaftLog:OPENED:c-1,f-1,i0, conf=-1: [], old=null STARTING
   FOLLOWER s4@group-A7C5DBE940E2:t2, leader=null, voted=null, raftlog=s4@group-A7C5DBE940E2-SegmentedRaftLog:OPENED:c-1,f-1,i0, conf=-1: [s3:0.0.0.0:38312, s4:0.0.0.0:41737, s0:0.0.0.0:41019, s1:0.0.0.0:38816, s2:0.0.0.0:40694], old=null RUNNING] size=2
  s0:  RUNNING [
   FOLLOWER s0@group-FEE41E240123:t0, leader=null, voted=null, raftlog=s0@group-FEE41E240123-SegmentedRaftLog:OPENED:c-1,f-1,i0, conf=-1: [], old=null STARTING
  CANDIDATE s0@group-A7C5DBE940E2:t2, leader=null, voted=s0, raftlog=s0@group-A7C5DBE940E2-SegmentedRaftLog:OPENED:c-1,f-1,i0, conf=-1: [s3:0.0.0.0:38312, s4:0.0.0.0:41737, s0:0.0.0.0:41019, s1:0.0.0.0:38816, s2:0.0.0.0:40694], old=null RUNNING] size=2
  s1:  RUNNING [
   FOLLOWER s1@group-FEE41E240123:t0, leader=null, voted=null, raftlog=s1@group-FEE41E240123-SegmentedRaftLog:OPENED:c-1,f-1,i0, conf=-1: [], old=null STARTING
  CANDIDATE s1@group-A7C5DBE940E2:t2, leader=null, voted=s1, raftlog=s1@group-A7C5DBE940E2-SegmentedRaftLog:OPENED:c-1,f-1,i0, conf=-1: [s3:0.0.0.0:38312, s4:0.0.0.0:41737, s0:0.0.0.0:41019, s1:0.0.0.0:38816, s2:0.0.0.0:40694], old=null RUNNING] size=2
  s2:  RUNNING [
   FOLLOWER s2@group-FEE41E240123:t0, leader=null, voted=null, raftlog=s2@group-FEE41E240123-SegmentedRaftLog:OPENED:c-1,f-1,i0, conf=-1: [], old=null STARTING
   FOLLOWER s2@group-A7C5DBE940E2:t2, leader=null, voted=null, raftlog=s2@group-A7C5DBE940E2-SegmentedRaftLog:OPENED:c-1,f-1,i0, conf=-1: [s3:0.0.0.0:38312, s4:0.0.0.0:41737, s0:0.0.0.0:41019, s1:0.0.0.0:38816, s2:0.0.0.0:40694], old=null RUNNING] size=2, sleep 450ms and then retry.
java.lang.IllegalStateException: No leader yet  for group-A7C5DBE940E2: printing group-A7C5DBE940E2
  s3:  RUNNING [
   FOLLOWER s3@group-FEE41E240123:t0, leader=null, voted=null, raftlog=s3@group-FEE41E240123-SegmentedRaftLog:OPENED:c-1,f-1,i0, conf=-1: [], old=null STARTING
   FOLLOWER s3@group-A7C5DBE940E2:t2, leader=null, voted=null, raftlog=s3@group-A7C5DBE940E2-SegmentedRaftLog:OPENED:c-1,f-1,i0, conf=-1: [s3:0.0.0.0:38312, s4:0.0.0.0:41737, s0:0.0.0.0:41019, s1:0.0.0.0:38816, s2:0.0.0.0:40694], old=null RUNNING] size=2
  s4:  RUNNING [
   FOLLOWER s4@group-FEE41E240123:t0, leader=null, voted=null, raftlog=s4@group-FEE41E240123-SegmentedRaftLog:OPENED:c-1,f-1,i0, conf=-1: [], old=null STARTING
   FOLLOWER s4@group-A7C5DBE940E2:t2, leader=null, voted=null, raftlog=s4@group-A7C5DBE940E2-SegmentedRaftLog:OPENED:c-1,f-1,i0, conf=-1: [s3:0.0.0.0:38312, s4:0.0.0.0:41737, s0:0.0.0.0:41019, s1:0.0.0.0:38816, s2:0.0.0.0:40694], old=null RUNNING] size=2
  s0:  RUNNING [
   FOLLOWER s0@group-FEE41E240123:t0, leader=null, voted=null, raftlog=s0@group-FEE41E240123-SegmentedRaftLog:OPENED:c-1,f-1,i0, conf=-1: [], old=null STARTING
  CANDIDATE s0@group-A7C5DBE940E2:t2, leader=null, voted=s0, raftlog=s0@group-A7C5DBE940E2-SegmentedRaftLog:OPENED:c-1,f-1,i0, conf=-1: [s3:0.0.0.0:38312, s4:0.0.0.0:41737, s0:0.0.0.0:41019, s1:0.0.0.0:38816, s2:0.0.0.0:40694], old=null RUNNING] size=2
  s1:  RUNNING [
   FOLLOWER s1@group-FEE41E240123:t0, leader=null, voted=null, raftlog=s1@group-FEE41E240123-SegmentedRaftLog:OPENED:c-1,f-1,i0, conf=-1: [], old=null STARTING
  CANDIDATE s1@group-A7C5DBE940E2:t2, leader=null, voted=s1, raftlog=s1@group-A7C5DBE940E2-SegmentedRaftLog:OPENED:c-1,f-1,i0, conf=-1: [s3:0.0.0.0:38312, s4:0.0.0.0:41737, s0:0.0.0.0:41019, s1:0.0.0.0:38816, s2:0.0.0.0:40694], old=null RUNNING] size=2
  s2:  RUNNING [
   FOLLOWER s2@group-FEE41E240123:t0, leader=null, voted=null, raftlog=s2@group-FEE41E240123-SegmentedRaftLog:OPENED:c-1,f-1,i0, conf=-1: [], old=null STARTING
   FOLLOWER s2@group-A7C5DBE940E2:t2, leader=null, voted=null, raftlog=s2@group-A7C5DBE940E2-SegmentedRaftLog:OPENED:c-1,f-1,i0, conf=-1: [s3:0.0.0.0:38312, s4:0.0.0.0:41737, s0:0.0.0.0:41019, s1:0.0.0.0:38816, s2:0.0.0.0:40694], old=null RUNNING] size=2
	at org.apache.ratis.MiniRaftCluster.newIllegalStateExceptionForNoLeaders(MiniRaftCluster.java:506)
	at org.apache.ratis.RaftTestUtil.lambda$waitForLeader$1(RaftTestUtil.java:90)
	at org.apache.ratis.MiniRaftCluster.getLeader(MiniRaftCluster.java:539)
	at org.apache.ratis.MiniRaftCluster.getLeader(MiniRaftCluster.java:532)
	at org.apache.ratis.RaftTestUtil.lambda$waitForLeader$3(RaftTestUtil.java:98)
	at org.apache.ratis.util.JavaUtils.attempt(JavaUtils.java:152)
	at org.apache.ratis.RaftTestUtil.waitForLeader(RaftTestUtil.java:97)
	at org.apache.ratis.RaftTestUtil.waitForLeader(RaftTestUtil.java:77)
	at org.apache.ratis.server.impl.GroupManagementBaseTest.runMultiGroupTest(GroupManagementBaseTest.java:175)
	at org.apache.ratis.server.impl.GroupManagementBaseTest.runMultiGroupTest(GroupManagementBaseTest.java:126)
	at org.apache.ratis.server.impl.GroupManagementBaseTest.testMultiGroup9Nodes(GroupManagementBaseTest.java:121)
	at sun.reflect.NativeMethodAccessorImpl.invoke0(Native Method)
	at sun.reflect.NativeMethodAccessorImpl.invoke(NativeMethodAccessorImpl.java:62)
	at sun.reflect.DelegatingMethodAccessorImpl.invoke(DelegatingMethodAccessorImpl.java:43)
	at java.lang.reflect.Method.invoke(Method.java:498)
	at org.junit.runners.model.FrameworkMethod$1.runReflectiveCall(FrameworkMethod.java:50)
	at org.junit.internal.runners.model.ReflectiveCallable.run(ReflectiveCallable.java:12)
	at org.junit.runners.model.FrameworkMethod.invokeExplosively(FrameworkMethod.java:47)
	at org.junit.internal.runners.statements.InvokeMethod.evaluate(InvokeMethod.java:17)
	at org.junit.internal.runners.statements.RunAfters.evaluate(RunAfters.java:27)
	at org.junit.internal.runners.statements.FailOnTimeout$CallableStatement.call(FailOnTimeout.java:298)
	at org.junit.internal.runners.statements.FailOnTimeout$CallableStatement.call(FailOnTimeout.java:292)
	at java.util.concurrent.FutureTask.run(FutureTask.java:266)
	at java.lang.Thread.run(Thread.java:748)
2019-09-24 16:47:45,862 INFO  impl.LeaderElection (LeaderElection.java:logAndReturn(56)) - s0@group-A7C5DBE940E2-LeaderElection17: Election TIMEOUT; received 1 response(s) [s0<-s1#0:FAIL-t2] and 0 exception(s); s0@group-A7C5DBE940E2:t2, leader=null, voted=s0, raftlog=s0@group-A7C5DBE940E2-SegmentedRaftLog:OPENED:c-1,f-1,i0, conf=-1: [s3:0.0.0.0:38312, s4:0.0.0.0:41737, s0:0.0.0.0:41019, s1:0.0.0.0:38816, s2:0.0.0.0:40694], old=null
2019-09-24 16:47:45,876 INFO  impl.LeaderElection (LeaderElection.java:logAndReturn(56)) - s1@group-A7C5DBE940E2-LeaderElection16: Election TIMEOUT; received 1 response(s) [s1<-s0#0:FAIL-t2] and 0 exception(s); s1@group-A7C5DBE940E2:t2, leader=null, voted=s1, raftlog=s1@group-A7C5DBE940E2-SegmentedRaftLog:OPENED:c-1,f-1,i0, conf=-1: [s3:0.0.0.0:38312, s4:0.0.0.0:41737, s0:0.0.0.0:41019, s1:0.0.0.0:38816, s2:0.0.0.0:40694], old=null
2019-09-24 16:47:46,216 WARN  ratis.RaftTestUtil (JavaUtils.java:attempt(158)) - FAILED "waitForLeader-group-A7C5DBE940E2-(expectLeader? true)", attempt #3/100: java.lang.IllegalStateException: No leader yet  for group-A7C5DBE940E2: printing group-A7C5DBE940E2
  s3:  RUNNING [
   FOLLOWER s3@group-FEE41E240123:t0, leader=null, voted=null, raftlog=s3@group-FEE41E240123-SegmentedRaftLog:OPENED:c-1,f-1,i0, conf=-1: [], old=null STARTING
   FOLLOWER s3@group-A7C5DBE940E2:t2, leader=null, voted=null, raftlog=s3@group-A7C5DBE940E2-SegmentedRaftLog:OPENED:c-1,f-1,i0, conf=-1: [s3:0.0.0.0:38312, s4:0.0.0.0:41737, s0:0.0.0.0:41019, s1:0.0.0.0:38816, s2:0.0.0.0:40694], old=null RUNNING] size=2
  s4:  RUNNING [
   FOLLOWER s4@group-FEE41E240123:t0, leader=null, voted=null, raftlog=s4@group-FEE41E240123-SegmentedRaftLog:OPENED:c-1,f-1,i0, conf=-1: [], old=null STARTING
   FOLLOWER s4@group-A7C5DBE940E2:t2, leader=null, voted=null, raftlog=s4@group-A7C5DBE940E2-SegmentedRaftLog:OPENED:c-1,f-1,i0, conf=-1: [s3:0.0.0.0:38312, s4:0.0.0.0:41737, s0:0.0.0.0:41019, s1:0.0.0.0:38816, s2:0.0.0.0:40694], old=null RUNNING] size=2
  s0:  RUNNING [
   FOLLOWER s0@group-FEE41E240123:t0, leader=null, voted=null, raftlog=s0@group-FEE41E240123-SegmentedRaftLog:OPENED:c-1,f-1,i0, conf=-1: [], old=null STARTING
  CANDIDATE s0@group-A7C5DBE940E2:t3, leader=null, voted=s0, raftlog=s0@group-A7C5DBE940E2-SegmentedRaftLog:OPENED:c-1,f-1,i0, conf=-1: [s3:0.0.0.0:38312, s4:0.0.0.0:41737, s0:0.0.0.0:41019, s1:0.0.0.0:38816, s2:0.0.0.0:40694], old=null RUNNING] size=2
  s1:  RUNNING [
   FOLLOWER s1@group-FEE41E240123:t0, leader=null, voted=null, raftlog=s1@group-FEE41E240123-SegmentedRaftLog:OPENED:c-1,f-1,i0, conf=-1: [], old=null STARTING
  CANDIDATE s1@group-A7C5DBE940E2:t3, leader=null, voted=s1, raftlog=s1@group-A7C5DBE940E2-SegmentedRaftLog:OPENED:c-1,f-1,i0, conf=-1: [s3:0.0.0.0:38312, s4:0.0.0.0:41737, s0:0.0.0.0:41019, s1:0.0.0.0:38816, s2:0.0.0.0:40694], old=null RUNNING] size=2
  s2:  RUNNING [
   FOLLOWER s2@group-FEE41E240123:t0, leader=null, voted=null, raftlog=s2@group-FEE41E240123-SegmentedRaftLog:OPENED:c-1,f-1,i0, conf=-1: [], old=null STARTING
   FOLLOWER s2@group-A7C5DBE940E2:t2, leader=null, voted=null, raftlog=s2@group-A7C5DBE940E2-SegmentedRaftLog:OPENED:c-1,f-1,i0, conf=-1: [s3:0.0.0.0:38312, s4:0.0.0.0:41737, s0:0.0.0.0:41019, s1:0.0.0.0:38816, s2:0.0.0.0:40694], old=null RUNNING] size=2, sleep 450ms and then retry.
java.lang.IllegalStateException: No leader yet  for group-A7C5DBE940E2: printing group-A7C5DBE940E2
  s3:  RUNNING [
   FOLLOWER s3@group-FEE41E240123:t0, leader=null, voted=null, raftlog=s3@group-FEE41E240123-SegmentedRaftLog:OPENED:c-1,f-1,i0, conf=-1: [], old=null STARTING
   FOLLOWER s3@group-A7C5DBE940E2:t2, leader=null, voted=null, raftlog=s3@group-A7C5DBE940E2-SegmentedRaftLog:OPENED:c-1,f-1,i0, conf=-1: [s3:0.0.0.0:38312, s4:0.0.0.0:41737, s0:0.0.0.0:41019, s1:0.0.0.0:38816, s2:0.0.0.0:40694], old=null RUNNING] size=2
  s4:  RUNNING [
   FOLLOWER s4@group-FEE41E240123:t0, leader=null, voted=null, raftlog=s4@group-FEE41E240123-SegmentedRaftLog:OPENED:c-1,f-1,i0, conf=-1: [], old=null STARTING
   FOLLOWER s4@group-A7C5DBE940E2:t2, leader=null, voted=null, raftlog=s4@group-A7C5DBE940E2-SegmentedRaftLog:OPENED:c-1,f-1,i0, conf=-1: [s3:0.0.0.0:38312, s4:0.0.0.0:41737, s0:0.0.0.0:41019, s1:0.0.0.0:38816, s2:0.0.0.0:40694], old=null RUNNING] size=2
  s0:  RUNNING [
   FOLLOWER s0@group-FEE41E240123:t0, leader=null, voted=null, raftlog=s0@group-FEE41E240123-SegmentedRaftLog:OPENED:c-1,f-1,i0, conf=-1: [], old=null STARTING
  CANDIDATE s0@group-A7C5DBE940E2:t3, leader=null, voted=s0, raftlog=s0@group-A7C5DBE940E2-SegmentedRaftLog:OPENED:c-1,f-1,i0, conf=-1: [s3:0.0.0.0:38312, s4:0.0.0.0:41737, s0:0.0.0.0:41019, s1:0.0.0.0:38816, s2:0.0.0.0:40694], old=null RUNNING] size=2
  s1:  RUNNING [
   FOLLOWER s1@group-FEE41E240123:t0, leader=null, voted=null, raftlog=s1@group-FEE41E240123-SegmentedRaftLog:OPENED:c-1,f-1,i0, conf=-1: [], old=null STARTING
  CANDIDATE s1@group-A7C5DBE940E2:t3, leader=null, voted=s1, raftlog=s1@group-A7C5DBE940E2-SegmentedRaftLog:OPENED:c-1,f-1,i0, conf=-1: [s3:0.0.0.0:38312, s4:0.0.0.0:41737, s0:0.0.0.0:41019, s1:0.0.0.0:38816, s2:0.0.0.0:40694], old=null RUNNING] size=2
  s2:  RUNNING [
   FOLLOWER s2@group-FEE41E240123:t0, leader=null, voted=null, raftlog=s2@group-FEE41E240123-SegmentedRaftLog:OPENED:c-1,f-1,i0, conf=-1: [], old=null STARTING
   FOLLOWER s2@group-A7C5DBE940E2:t2, leader=null, voted=null, raftlog=s2@group-A7C5DBE940E2-SegmentedRaftLog:OPENED:c-1,f-1,i0, conf=-1: [s3:0.0.0.0:38312, s4:0.0.0.0:41737, s0:0.0.0.0:41019, s1:0.0.0.0:38816, s2:0.0.0.0:40694], old=null RUNNING] size=2
	at org.apache.ratis.MiniRaftCluster.newIllegalStateExceptionForNoLeaders(MiniRaftCluster.java:506)
	at org.apache.ratis.RaftTestUtil.lambda$waitForLeader$1(RaftTestUtil.java:90)
	at org.apache.ratis.MiniRaftCluster.getLeader(MiniRaftCluster.java:539)
	at org.apache.ratis.MiniRaftCluster.getLeader(MiniRaftCluster.java:532)
	at org.apache.ratis.RaftTestUtil.lambda$waitForLeader$3(RaftTestUtil.java:98)
	at org.apache.ratis.util.JavaUtils.attempt(JavaUtils.java:152)
	at org.apache.ratis.RaftTestUtil.waitForLeader(RaftTestUtil.java:97)
	at org.apache.ratis.RaftTestUtil.waitForLeader(RaftTestUtil.java:77)
	at org.apache.ratis.server.impl.GroupManagementBaseTest.runMultiGroupTest(GroupManagementBaseTest.java:175)
	at org.apache.ratis.server.impl.GroupManagementBaseTest.runMultiGroupTest(GroupManagementBaseTest.java:126)
	at org.apache.ratis.server.impl.GroupManagementBaseTest.testMultiGroup9Nodes(GroupManagementBaseTest.java:121)
	at sun.reflect.NativeMethodAccessorImpl.invoke0(Native Method)
	at sun.reflect.NativeMethodAccessorImpl.invoke(NativeMethodAccessorImpl.java:62)
	at sun.reflect.DelegatingMethodAccessorImpl.invoke(DelegatingMethodAccessorImpl.java:43)
	at java.lang.reflect.Method.invoke(Method.java:498)
	at org.junit.runners.model.FrameworkMethod$1.runReflectiveCall(FrameworkMethod.java:50)
	at org.junit.internal.runners.model.ReflectiveCallable.run(ReflectiveCallable.java:12)
	at org.junit.runners.model.FrameworkMethod.invokeExplosively(FrameworkMethod.java:47)
	at org.junit.internal.runners.statements.InvokeMethod.evaluate(InvokeMethod.java:17)
	at org.junit.internal.runners.statements.RunAfters.evaluate(RunAfters.java:27)
	at org.junit.internal.runners.statements.FailOnTimeout$CallableStatement.call(FailOnTimeout.java:298)
	at org.junit.internal.runners.statements.FailOnTimeout$CallableStatement.call(FailOnTimeout.java:292)
	at java.util.concurrent.FutureTask.run(FutureTask.java:266)
	at java.lang.Thread.run(Thread.java:748)
2019-09-24 16:47:46,667 WARN  ratis.RaftTestUtil (JavaUtils.java:attempt(158)) - FAILED "waitForLeader-group-A7C5DBE940E2-(expectLeader? true)", attempt #4/100: java.lang.IllegalStateException: No leader yet  for group-A7C5DBE940E2: printing group-A7C5DBE940E2
  s3:  RUNNING [
   FOLLOWER s3@group-FEE41E240123:t0, leader=null, voted=null, raftlog=s3@group-FEE41E240123-SegmentedRaftLog:OPENED:c-1,f-1,i0, conf=-1: [], old=null STARTING
   FOLLOWER s3@group-A7C5DBE940E2:t2, leader=null, voted=null, raftlog=s3@group-A7C5DBE940E2-SegmentedRaftLog:OPENED:c-1,f-1,i0, conf=-1: [s3:0.0.0.0:38312, s4:0.0.0.0:41737, s0:0.0.0.0:41019, s1:0.0.0.0:38816, s2:0.0.0.0:40694], old=null RUNNING] size=2
  s4:  RUNNING [
   FOLLOWER s4@group-FEE41E240123:t0, leader=null, voted=null, raftlog=s4@group-FEE41E240123-SegmentedRaftLog:OPENED:c-1,f-1,i0, conf=-1: [], old=null STARTING
   FOLLOWER s4@group-A7C5DBE940E2:t2, leader=null, voted=null, raftlog=s4@group-A7C5DBE940E2-SegmentedRaftLog:OPENED:c-1,f-1,i0, conf=-1: [s3:0.0.0.0:38312, s4:0.0.0.0:41737, s0:0.0.0.0:41019, s1:0.0.0.0:38816, s2:0.0.0.0:40694], old=null RUNNING] size=2
  s0:  RUNNING [
   FOLLOWER s0@group-FEE41E240123:t0, leader=null, voted=null, raftlog=s0@group-FEE41E240123-SegmentedRaftLog:OPENED:c-1,f-1,i0, conf=-1: [], old=null STARTING
  CANDIDATE s0@group-A7C5DBE940E2:t3, leader=null, voted=s0, raftlog=s0@group-A7C5DBE940E2-SegmentedRaftLog:OPENED:c-1,f-1,i0, conf=-1: [s3:0.0.0.0:38312, s4:0.0.0.0:41737, s0:0.0.0.0:41019, s1:0.0.0.0:38816, s2:0.0.0.0:40694], old=null RUNNING] size=2
  s1:  RUNNING [
   FOLLOWER s1@group-FEE41E240123:t0, leader=null, voted=null, raftlog=s1@group-FEE41E240123-SegmentedRaftLog:OPENED:c-1,f-1,i0, conf=-1: [], old=null STARTING
  CANDIDATE s1@group-A7C5DBE940E2:t3, leader=null, voted=s1, raftlog=s1@group-A7C5DBE940E2-SegmentedRaftLog:OPENED:c-1,f-1,i0, conf=-1: [s3:0.0.0.0:38312, s4:0.0.0.0:41737, s0:0.0.0.0:41019, s1:0.0.0.0:38816, s2:0.0.0.0:40694], old=null RUNNING] size=2
  s2:  RUNNING [
   FOLLOWER s2@group-FEE41E240123:t0, leader=null, voted=null, raftlog=s2@group-FEE41E240123-SegmentedRaftLog:OPENED:c-1,f-1,i0, conf=-1: [], old=null STARTING
   FOLLOWER s2@group-A7C5DBE940E2:t2, leader=null, voted=null, raftlog=s2@group-A7C5DBE940E2-SegmentedRaftLog:OPENED:c-1,f-1,i0, conf=-1: [s3:0.0.0.0:38312, s4:0.0.0.0:41737, s0:0.0.0.0:41019, s1:0.0.0.0:38816, s2:0.0.0.0:40694], old=null RUNNING] size=2, sleep 450ms and then retry.
java.lang.IllegalStateException: No leader yet  for group-A7C5DBE940E2: printing group-A7C5DBE940E2
  s3:  RUNNING [
   FOLLOWER s3@group-FEE41E240123:t0, leader=null, voted=null, raftlog=s3@group-FEE41E240123-SegmentedRaftLog:OPENED:c-1,f-1,i0, conf=-1: [], old=null STARTING
   FOLLOWER s3@group-A7C5DBE940E2:t2, leader=null, voted=null, raftlog=s3@group-A7C5DBE940E2-SegmentedRaftLog:OPENED:c-1,f-1,i0, conf=-1: [s3:0.0.0.0:38312, s4:0.0.0.0:41737, s0:0.0.0.0:41019, s1:0.0.0.0:38816, s2:0.0.0.0:40694], old=null RUNNING] size=2
  s4:  RUNNING [
   FOLLOWER s4@group-FEE41E240123:t0, leader=null, voted=null, raftlog=s4@group-FEE41E240123-SegmentedRaftLog:OPENED:c-1,f-1,i0, conf=-1: [], old=null STARTING
   FOLLOWER s4@group-A7C5DBE940E2:t2, leader=null, voted=null, raftlog=s4@group-A7C5DBE940E2-SegmentedRaftLog:OPENED:c-1,f-1,i0, conf=-1: [s3:0.0.0.0:38312, s4:0.0.0.0:41737, s0:0.0.0.0:41019, s1:0.0.0.0:38816, s2:0.0.0.0:40694], old=null RUNNING] size=2
  s0:  RUNNING [
   FOLLOWER s0@group-FEE41E240123:t0, leader=null, voted=null, raftlog=s0@group-FEE41E240123-SegmentedRaftLog:OPENED:c-1,f-1,i0, conf=-1: [], old=null STARTING
  CANDIDATE s0@group-A7C5DBE940E2:t3, leader=null, voted=s0, raftlog=s0@group-A7C5DBE940E2-SegmentedRaftLog:OPENED:c-1,f-1,i0, conf=-1: [s3:0.0.0.0:38312, s4:0.0.0.0:41737, s0:0.0.0.0:41019, s1:0.0.0.0:38816, s2:0.0.0.0:40694], old=null RUNNING] size=2
  s1:  RUNNING [
   FOLLOWER s1@group-FEE41E240123:t0, leader=null, voted=null, raftlog=s1@group-FEE41E240123-SegmentedRaftLog:OPENED:c-1,f-1,i0, conf=-1: [], old=null STARTING
  CANDIDATE s1@group-A7C5DBE940E2:t3, leader=null, voted=s1, raftlog=s1@group-A7C5DBE940E2-SegmentedRaftLog:OPENED:c-1,f-1,i0, conf=-1: [s3:0.0.0.0:38312, s4:0.0.0.0:41737, s0:0.0.0.0:41019, s1:0.0.0.0:38816, s2:0.0.0.0:40694], old=null RUNNING] size=2
  s2:  RUNNING [
   FOLLOWER s2@group-FEE41E240123:t0, leader=null, voted=null, raftlog=s2@group-FEE41E240123-SegmentedRaftLog:OPENED:c-1,f-1,i0, conf=-1: [], old=null STARTING
   FOLLOWER s2@group-A7C5DBE940E2:t2, leader=null, voted=null, raftlog=s2@group-A7C5DBE940E2-SegmentedRaftLog:OPENED:c-1,f-1,i0, conf=-1: [s3:0.0.0.0:38312, s4:0.0.0.0:41737, s0:0.0.0.0:41019, s1:0.0.0.0:38816, s2:0.0.0.0:40694], old=null RUNNING] size=2
	at org.apache.ratis.MiniRaftCluster.newIllegalStateExceptionForNoLeaders(MiniRaftCluster.java:506)
	at org.apache.ratis.RaftTestUtil.lambda$waitForLeader$1(RaftTestUtil.java:90)
	at org.apache.ratis.MiniRaftCluster.getLeader(MiniRaftCluster.java:539)
	at org.apache.ratis.MiniRaftCluster.getLeader(MiniRaftCluster.java:532)
	at org.apache.ratis.RaftTestUtil.lambda$waitForLeader$3(RaftTestUtil.java:98)
	at org.apache.ratis.util.JavaUtils.attempt(JavaUtils.java:152)
	at org.apache.ratis.RaftTestUtil.waitForLeader(RaftTestUtil.java:97)
	at org.apache.ratis.RaftTestUtil.waitForLeader(RaftTestUtil.java:77)
	at org.apache.ratis.server.impl.GroupManagementBaseTest.runMultiGroupTest(GroupManagementBaseTest.java:175)
	at org.apache.ratis.server.impl.GroupManagementBaseTest.runMultiGroupTest(GroupManagementBaseTest.java:126)
	at org.apache.ratis.server.impl.GroupManagementBaseTest.testMultiGroup9Nodes(GroupManagementBaseTest.java:121)
	at sun.reflect.NativeMethodAccessorImpl.invoke0(Native Method)
	at sun.reflect.NativeMethodAccessorImpl.invoke(NativeMethodAccessorImpl.java:62)
	at sun.reflect.DelegatingMethodAccessorImpl.invoke(DelegatingMethodAccessorImpl.java:43)
	at java.lang.reflect.Method.invoke(Method.java:498)
	at org.junit.runners.model.FrameworkMethod$1.runReflectiveCall(FrameworkMethod.java:50)
	at org.junit.internal.runners.model.ReflectiveCallable.run(ReflectiveCallable.java:12)
	at org.junit.runners.model.FrameworkMethod.invokeExplosively(FrameworkMethod.java:47)
	at org.junit.internal.runners.statements.InvokeMethod.evaluate(InvokeMethod.java:17)
	at org.junit.internal.runners.statements.RunAfters.evaluate(RunAfters.java:27)
	at org.junit.internal.runners.statements.FailOnTimeout$CallableStatement.call(FailOnTimeout.java:298)
	at org.junit.internal.runners.statements.FailOnTimeout$CallableStatement.call(FailOnTimeout.java:292)
	at java.util.concurrent.FutureTask.run(FutureTask.java:266)
	at java.lang.Thread.run(Thread.java:748)
2019-09-24 16:47:47,119 WARN  ratis.RaftTestUtil (JavaUtils.java:attempt(158)) - FAILED "waitForLeader-group-A7C5DBE940E2-(expectLeader? true)", attempt #5/100: java.lang.IllegalStateException: No leader yet  for group-A7C5DBE940E2: printing group-A7C5DBE940E2
  s3:  RUNNING [
   FOLLOWER s3@group-FEE41E240123:t0, leader=null, voted=null, raftlog=s3@group-FEE41E240123-SegmentedRaftLog:OPENED:c-1,f-1,i0, conf=-1: [], old=null STARTING
   FOLLOWER s3@group-A7C5DBE940E2:t2, leader=null, voted=null, raftlog=s3@group-A7C5DBE940E2-SegmentedRaftLog:OPENED:c-1,f-1,i0, conf=-1: [s3:0.0.0.0:38312, s4:0.0.0.0:41737, s0:0.0.0.0:41019, s1:0.0.0.0:38816, s2:0.0.0.0:40694], old=null RUNNING] size=2
  s4:  RUNNING [
   FOLLOWER s4@group-FEE41E240123:t0, leader=null, voted=null, raftlog=s4@group-FEE41E240123-SegmentedRaftLog:OPENED:c-1,f-1,i0, conf=-1: [], old=null STARTING
   FOLLOWER s4@group-A7C5DBE940E2:t2, leader=null, voted=null, raftlog=s4@group-A7C5DBE940E2-SegmentedRaftLog:OPENED:c-1,f-1,i0, conf=-1: [s3:0.0.0.0:38312, s4:0.0.0.0:41737, s0:0.0.0.0:41019, s1:0.0.0.0:38816, s2:0.0.0.0:40694], old=null RUNNING] size=2
  s0:  RUNNING [
   FOLLOWER s0@group-FEE41E240123:t0, leader=null, voted=null, raftlog=s0@group-FEE41E240123-SegmentedRaftLog:OPENED:c-1,f-1,i0, conf=-1: [], old=null STARTING
  CANDIDATE s0@group-A7C5DBE940E2:t3, leader=null, voted=s0, raftlog=s0@group-A7C5DBE940E2-SegmentedRaftLog:OPENED:c-1,f-1,i0, conf=-1: [s3:0.0.0.0:38312, s4:0.0.0.0:41737, s0:0.0.0.0:41019, s1:0.0.0.0:38816, s2:0.0.0.0:40694], old=null RUNNING] size=2
  s1:  RUNNING [
   FOLLOWER s1@group-FEE41E240123:t0, leader=null, voted=null, raftlog=s1@group-FEE41E240123-SegmentedRaftLog:OPENED:c-1,f-1,i0, conf=-1: [], old=null STARTING
  CANDIDATE s1@group-A7C5DBE940E2:t3, leader=null, voted=s1, raftlog=s1@group-A7C5DBE940E2-SegmentedRaftLog:OPENED:c-1,f-1,i0, conf=-1: [s3:0.0.0.0:38312, s4:0.0.0.0:41737, s0:0.0.0.0:41019, s1:0.0.0.0:38816, s2:0.0.0.0:40694], old=null RUNNING] size=2
  s2:  RUNNING [
   FOLLOWER s2@group-FEE41E240123:t0, leader=null, voted=null, raftlog=s2@group-FEE41E240123-SegmentedRaftLog:OPENED:c-1,f-1,i0, conf=-1: [], old=null STARTING
   FOLLOWER s2@group-A7C5DBE940E2:t2, leader=null, voted=null, raftlog=s2@group-A7C5DBE940E2-SegmentedRaftLog:OPENED:c-1,f-1,i0, conf=-1: [s3:0.0.0.0:38312, s4:0.0.0.0:41737, s0:0.0.0.0:41019, s1:0.0.0.0:38816, s2:0.0.0.0:40694], old=null RUNNING] size=2, sleep 450ms and then retry.
java.lang.IllegalStateException: No leader yet  for group-A7C5DBE940E2: printing group-A7C5DBE940E2
  s3:  RUNNING [
   FOLLOWER s3@group-FEE41E240123:t0, leader=null, voted=null, raftlog=s3@group-FEE41E240123-SegmentedRaftLog:OPENED:c-1,f-1,i0, conf=-1: [], old=null STARTING
   FOLLOWER s3@group-A7C5DBE940E2:t2, leader=null, voted=null, raftlog=s3@group-A7C5DBE940E2-SegmentedRaftLog:OPENED:c-1,f-1,i0, conf=-1: [s3:0.0.0.0:38312, s4:0.0.0.0:41737, s0:0.0.0.0:41019, s1:0.0.0.0:38816, s2:0.0.0.0:40694], old=null RUNNING] size=2
  s4:  RUNNING [
   FOLLOWER s4@group-FEE41E240123:t0, leader=null, voted=null, raftlog=s4@group-FEE41E240123-SegmentedRaftLog:OPENED:c-1,f-1,i0, conf=-1: [], old=null STARTING
   FOLLOWER s4@group-A7C5DBE940E2:t2, leader=null, voted=null, raftlog=s4@group-A7C5DBE940E2-SegmentedRaftLog:OPENED:c-1,f-1,i0, conf=-1: [s3:0.0.0.0:38312, s4:0.0.0.0:41737, s0:0.0.0.0:41019, s1:0.0.0.0:38816, s2:0.0.0.0:40694], old=null RUNNING] size=2
  s0:  RUNNING [
   FOLLOWER s0@group-FEE41E240123:t0, leader=null, voted=null, raftlog=s0@group-FEE41E240123-SegmentedRaftLog:OPENED:c-1,f-1,i0, conf=-1: [], old=null STARTING
  CANDIDATE s0@group-A7C5DBE940E2:t3, leader=null, voted=s0, raftlog=s0@group-A7C5DBE940E2-SegmentedRaftLog:OPENED:c-1,f-1,i0, conf=-1: [s3:0.0.0.0:38312, s4:0.0.0.0:41737, s0:0.0.0.0:41019, s1:0.0.0.0:38816, s2:0.0.0.0:40694], old=null RUNNING] size=2
  s1:  RUNNING [
   FOLLOWER s1@group-FEE41E240123:t0, leader=null, voted=null, raftlog=s1@group-FEE41E240123-SegmentedRaftLog:OPENED:c-1,f-1,i0, conf=-1: [], old=null STARTING
  CANDIDATE s1@group-A7C5DBE940E2:t3, leader=null, voted=s1, raftlog=s1@group-A7C5DBE940E2-SegmentedRaftLog:OPENED:c-1,f-1,i0, conf=-1: [s3:0.0.0.0:38312, s4:0.0.0.0:41737, s0:0.0.0.0:41019, s1:0.0.0.0:38816, s2:0.0.0.0:40694], old=null RUNNING] size=2
  s2:  RUNNING [
   FOLLOWER s2@group-FEE41E240123:t0, leader=null, voted=null, raftlog=s2@group-FEE41E240123-SegmentedRaftLog:OPENED:c-1,f-1,i0, conf=-1: [], old=null STARTING
   FOLLOWER s2@group-A7C5DBE940E2:t2, leader=null, voted=null, raftlog=s2@group-A7C5DBE940E2-SegmentedRaftLog:OPENED:c-1,f-1,i0, conf=-1: [s3:0.0.0.0:38312, s4:0.0.0.0:41737, s0:0.0.0.0:41019, s1:0.0.0.0:38816, s2:0.0.0.0:40694], old=null RUNNING] size=2
	at org.apache.ratis.MiniRaftCluster.newIllegalStateExceptionForNoLeaders(MiniRaftCluster.java:506)
	at org.apache.ratis.RaftTestUtil.lambda$waitForLeader$1(RaftTestUtil.java:90)
	at org.apache.ratis.MiniRaftCluster.getLeader(MiniRaftCluster.java:539)
	at org.apache.ratis.MiniRaftCluster.getLeader(MiniRaftCluster.java:532)
	at org.apache.ratis.RaftTestUtil.lambda$waitForLeader$3(RaftTestUtil.java:98)
	at org.apache.ratis.util.JavaUtils.attempt(JavaUtils.java:152)
	at org.apache.ratis.RaftTestUtil.waitForLeader(RaftTestUtil.java:97)
	at org.apache.ratis.RaftTestUtil.waitForLeader(RaftTestUtil.java:77)
	at org.apache.ratis.server.impl.GroupManagementBaseTest.runMultiGroupTest(GroupManagementBaseTest.java:175)
	at org.apache.ratis.server.impl.GroupManagementBaseTest.runMultiGroupTest(GroupManagementBaseTest.java:126)
	at org.apache.ratis.server.impl.GroupManagementBaseTest.testMultiGroup9Nodes(GroupManagementBaseTest.java:121)
	at sun.reflect.NativeMethodAccessorImpl.invoke0(Native Method)
	at sun.reflect.NativeMethodAccessorImpl.invoke(NativeMethodAccessorImpl.java:62)
	at sun.reflect.DelegatingMethodAccessorImpl.invoke(DelegatingMethodAccessorImpl.java:43)
	at java.lang.reflect.Method.invoke(Method.java:498)
	at org.junit.runners.model.FrameworkMethod$1.runReflectiveCall(FrameworkMethod.java:50)
	at org.junit.internal.runners.model.ReflectiveCallable.run(ReflectiveCallable.java:12)
	at org.junit.runners.model.FrameworkMethod.invokeExplosively(FrameworkMethod.java:47)
	at org.junit.internal.runners.statements.InvokeMethod.evaluate(InvokeMethod.java:17)
	at org.junit.internal.runners.statements.RunAfters.evaluate(RunAfters.java:27)
	at org.junit.internal.runners.statements.FailOnTimeout$CallableStatement.call(FailOnTimeout.java:298)
	at org.junit.internal.runners.statements.FailOnTimeout$CallableStatement.call(FailOnTimeout.java:292)
	at java.util.concurrent.FutureTask.run(FutureTask.java:266)
	at java.lang.Thread.run(Thread.java:748)
2019-09-24 16:47:47,571 WARN  ratis.RaftTestUtil (JavaUtils.java:attempt(158)) - FAILED "waitForLeader-group-A7C5DBE940E2-(expectLeader? true)", attempt #6/100: java.lang.IllegalStateException: No leader yet  for group-A7C5DBE940E2: printing group-A7C5DBE940E2
  s3:  RUNNING [
   FOLLOWER s3@group-FEE41E240123:t0, leader=null, voted=null, raftlog=s3@group-FEE41E240123-SegmentedRaftLog:OPENED:c-1,f-1,i0, conf=-1: [], old=null STARTING
   FOLLOWER s3@group-A7C5DBE940E2:t2, leader=null, voted=null, raftlog=s3@group-A7C5DBE940E2-SegmentedRaftLog:OPENED:c-1,f-1,i0, conf=-1: [s3:0.0.0.0:38312, s4:0.0.0.0:41737, s0:0.0.0.0:41019, s1:0.0.0.0:38816, s2:0.0.0.0:40694], old=null RUNNING] size=2
  s4:  RUNNING [
   FOLLOWER s4@group-FEE41E240123:t0, leader=null, voted=null, raftlog=s4@group-FEE41E240123-SegmentedRaftLog:OPENED:c-1,f-1,i0, conf=-1: [], old=null STARTING
   FOLLOWER s4@group-A7C5DBE940E2:t2, leader=null, voted=null, raftlog=s4@group-A7C5DBE940E2-SegmentedRaftLog:OPENED:c-1,f-1,i0, conf=-1: [s3:0.0.0.0:38312, s4:0.0.0.0:41737, s0:0.0.0.0:41019, s1:0.0.0.0:38816, s2:0.0.0.0:40694], old=null RUNNING] size=2
  s0:  RUNNING [
   FOLLOWER s0@group-FEE41E240123:t0, leader=null, voted=null, raftlog=s0@group-FEE41E240123-SegmentedRaftLog:OPENED:c-1,f-1,i0, conf=-1: [], old=null STARTING
  CANDIDATE s0@group-A7C5DBE940E2:t3, leader=null, voted=s0, raftlog=s0@group-A7C5DBE940E2-SegmentedRaftLog:OPENED:c-1,f-1,i0, conf=-1: [s3:0.0.0.0:38312, s4:0.0.0.0:41737, s0:0.0.0.0:41019, s1:0.0.0.0:38816, s2:0.0.0.0:40694], old=null RUNNING] size=2
  s1:  RUNNING [
   FOLLOWER s1@group-FEE41E240123:t0, leader=null, voted=null, raftlog=s1@group-FEE41E240123-SegmentedRaftLog:OPENED:c-1,f-1,i0, conf=-1: [], old=null STARTING
  CANDIDATE s1@group-A7C5DBE940E2:t3, leader=null, voted=s1, raftlog=s1@group-A7C5DBE940E2-SegmentedRaftLog:OPENED:c-1,f-1,i0, conf=-1: [s3:0.0.0.0:38312, s4:0.0.0.0:41737, s0:0.0.0.0:41019, s1:0.0.0.0:38816, s2:0.0.0.0:40694], old=null RUNNING] size=2
  s2:  RUNNING [
   FOLLOWER s2@group-FEE41E240123:t0, leader=null, voted=null, raftlog=s2@group-FEE41E240123-SegmentedRaftLog:OPENED:c-1,f-1,i0, conf=-1: [], old=null STARTING
   FOLLOWER s2@group-A7C5DBE940E2:t2, leader=null, voted=null, raftlog=s2@group-A7C5DBE940E2-SegmentedRaftLog:OPENED:c-1,f-1,i0, conf=-1: [s3:0.0.0.0:38312, s4:0.0.0.0:41737, s0:0.0.0.0:41019, s1:0.0.0.0:38816, s2:0.0.0.0:40694], old=null RUNNING] size=2, sleep 450ms and then retry.
java.lang.IllegalStateException: No leader yet  for group-A7C5DBE940E2: printing group-A7C5DBE940E2
  s3:  RUNNING [
   FOLLOWER s3@group-FEE41E240123:t0, leader=null, voted=null, raftlog=s3@group-FEE41E240123-SegmentedRaftLog:OPENED:c-1,f-1,i0, conf=-1: [], old=null STARTING
   FOLLOWER s3@group-A7C5DBE940E2:t2, leader=null, voted=null, raftlog=s3@group-A7C5DBE940E2-SegmentedRaftLog:OPENED:c-1,f-1,i0, conf=-1: [s3:0.0.0.0:38312, s4:0.0.0.0:41737, s0:0.0.0.0:41019, s1:0.0.0.0:38816, s2:0.0.0.0:40694], old=null RUNNING] size=2
  s4:  RUNNING [
   FOLLOWER s4@group-FEE41E240123:t0, leader=null, voted=null, raftlog=s4@group-FEE41E240123-SegmentedRaftLog:OPENED:c-1,f-1,i0, conf=-1: [], old=null STARTING
   FOLLOWER s4@group-A7C5DBE940E2:t2, leader=null, voted=null, raftlog=s4@group-A7C5DBE940E2-SegmentedRaftLog:OPENED:c-1,f-1,i0, conf=-1: [s3:0.0.0.0:38312, s4:0.0.0.0:41737, s0:0.0.0.0:41019, s1:0.0.0.0:38816, s2:0.0.0.0:40694], old=null RUNNING] size=2
  s0:  RUNNING [
   FOLLOWER s0@group-FEE41E240123:t0, leader=null, voted=null, raftlog=s0@group-FEE41E240123-SegmentedRaftLog:OPENED:c-1,f-1,i0, conf=-1: [], old=null STARTING
  CANDIDATE s0@group-A7C5DBE940E2:t3, leader=null, voted=s0, raftlog=s0@group-A7C5DBE940E2-SegmentedRaftLog:OPENED:c-1,f-1,i0, conf=-1: [s3:0.0.0.0:38312, s4:0.0.0.0:41737, s0:0.0.0.0:41019, s1:0.0.0.0:38816, s2:0.0.0.0:40694], old=null RUNNING] size=2
  s1:  RUNNING [
   FOLLOWER s1@group-FEE41E240123:t0, leader=null, voted=null, raftlog=s1@group-FEE41E240123-SegmentedRaftLog:OPENED:c-1,f-1,i0, conf=-1: [], old=null STARTING
  CANDIDATE s1@group-A7C5DBE940E2:t3, leader=null, voted=s1, raftlog=s1@group-A7C5DBE940E2-SegmentedRaftLog:OPENED:c-1,f-1,i0, conf=-1: [s3:0.0.0.0:38312, s4:0.0.0.0:41737, s0:0.0.0.0:41019, s1:0.0.0.0:38816, s2:0.0.0.0:40694], old=null RUNNING] size=2
  s2:  RUNNING [
   FOLLOWER s2@group-FEE41E240123:t0, leader=null, voted=null, raftlog=s2@group-FEE41E240123-SegmentedRaftLog:OPENED:c-1,f-1,i0, conf=-1: [], old=null STARTING
   FOLLOWER s2@group-A7C5DBE940E2:t2, leader=null, voted=null, raftlog=s2@group-A7C5DBE940E2-SegmentedRaftLog:OPENED:c-1,f-1,i0, conf=-1: [s3:0.0.0.0:38312, s4:0.0.0.0:41737, s0:0.0.0.0:41019, s1:0.0.0.0:38816, s2:0.0.0.0:40694], old=null RUNNING] size=2
	at org.apache.ratis.MiniRaftCluster.newIllegalStateExceptionForNoLeaders(MiniRaftCluster.java:506)
	at org.apache.ratis.RaftTestUtil.lambda$waitForLeader$1(RaftTestUtil.java:90)
	at org.apache.ratis.MiniRaftCluster.getLeader(MiniRaftCluster.java:539)
	at org.apache.ratis.MiniRaftCluster.getLeader(MiniRaftCluster.java:532)
	at org.apache.ratis.RaftTestUtil.lambda$waitForLeader$3(RaftTestUtil.java:98)
	at org.apache.ratis.util.JavaUtils.attempt(JavaUtils.java:152)
	at org.apache.ratis.RaftTestUtil.waitForLeader(RaftTestUtil.java:97)
	at org.apache.ratis.RaftTestUtil.waitForLeader(RaftTestUtil.java:77)
	at org.apache.ratis.server.impl.GroupManagementBaseTest.runMultiGroupTest(GroupManagementBaseTest.java:175)
	at org.apache.ratis.server.impl.GroupManagementBaseTest.runMultiGroupTest(GroupManagementBaseTest.java:126)
	at org.apache.ratis.server.impl.GroupManagementBaseTest.testMultiGroup9Nodes(GroupManagementBaseTest.java:121)
	at sun.reflect.NativeMethodAccessorImpl.invoke0(Native Method)
	at sun.reflect.NativeMethodAccessorImpl.invoke(NativeMethodAccessorImpl.java:62)
	at sun.reflect.DelegatingMethodAccessorImpl.invoke(DelegatingMethodAccessorImpl.java:43)
	at java.lang.reflect.Method.invoke(Method.java:498)
	at org.junit.runners.model.FrameworkMethod$1.runReflectiveCall(FrameworkMethod.java:50)
	at org.junit.internal.runners.model.ReflectiveCallable.run(ReflectiveCallable.java:12)
	at org.junit.runners.model.FrameworkMethod.invokeExplosively(FrameworkMethod.java:47)
	at org.junit.internal.runners.statements.InvokeMethod.evaluate(InvokeMethod.java:17)
	at org.junit.internal.runners.statements.RunAfters.evaluate(RunAfters.java:27)
	at org.junit.internal.runners.statements.FailOnTimeout$CallableStatement.call(FailOnTimeout.java:298)
	at org.junit.internal.runners.statements.FailOnTimeout$CallableStatement.call(FailOnTimeout.java:292)
	at java.util.concurrent.FutureTask.run(FutureTask.java:266)
	at java.lang.Thread.run(Thread.java:748)
2019-09-24 16:47:48,022 WARN  ratis.RaftTestUtil (JavaUtils.java:attempt(158)) - FAILED "waitForLeader-group-A7C5DBE940E2-(expectLeader? true)", attempt #7/100: java.lang.IllegalStateException: No leader yet  for group-A7C5DBE940E2: printing group-A7C5DBE940E2
  s3:  RUNNING [
   FOLLOWER s3@group-FEE41E240123:t0, leader=null, voted=null, raftlog=s3@group-FEE41E240123-SegmentedRaftLog:OPENED:c-1,f-1,i0, conf=-1: [], old=null STARTING
   FOLLOWER s3@group-A7C5DBE940E2:t2, leader=null, voted=null, raftlog=s3@group-A7C5DBE940E2-SegmentedRaftLog:OPENED:c-1,f-1,i0, conf=-1: [s3:0.0.0.0:38312, s4:0.0.0.0:41737, s0:0.0.0.0:41019, s1:0.0.0.0:38816, s2:0.0.0.0:40694], old=null RUNNING] size=2
  s4:  RUNNING [
   FOLLOWER s4@group-FEE41E240123:t0, leader=null, voted=null, raftlog=s4@group-FEE41E240123-SegmentedRaftLog:OPENED:c-1,f-1,i0, conf=-1: [], old=null STARTING
   FOLLOWER s4@group-A7C5DBE940E2:t2, leader=null, voted=null, raftlog=s4@group-A7C5DBE940E2-SegmentedRaftLog:OPENED:c-1,f-1,i0, conf=-1: [s3:0.0.0.0:38312, s4:0.0.0.0:41737, s0:0.0.0.0:41019, s1:0.0.0.0:38816, s2:0.0.0.0:40694], old=null RUNNING] size=2
  s0:  RUNNING [
   FOLLOWER s0@group-FEE41E240123:t0, leader=null, voted=null, raftlog=s0@group-FEE41E240123-SegmentedRaftLog:OPENED:c-1,f-1,i0, conf=-1: [], old=null STARTING
  CANDIDATE s0@group-A7C5DBE940E2:t3, leader=null, voted=s0, raftlog=s0@group-A7C5DBE940E2-SegmentedRaftLog:OPENED:c-1,f-1,i0, conf=-1: [s3:0.0.0.0:38312, s4:0.0.0.0:41737, s0:0.0.0.0:41019, s1:0.0.0.0:38816, s2:0.0.0.0:40694], old=null RUNNING] size=2
  s1:  RUNNING [
   FOLLOWER s1@group-FEE41E240123:t0, leader=null, voted=null, raftlog=s1@group-FEE41E240123-SegmentedRaftLog:OPENED:c-1,f-1,i0, conf=-1: [], old=null STARTING
  CANDIDATE s1@group-A7C5DBE940E2:t3, leader=null, voted=s1, raftlog=s1@group-A7C5DBE940E2-SegmentedRaftLog:OPENED:c-1,f-1,i0, conf=-1: [s3:0.0.0.0:38312, s4:0.0.0.0:41737, s0:0.0.0.0:41019, s1:0.0.0.0:38816, s2:0.0.0.0:40694], old=null RUNNING] size=2
  s2:  RUNNING [
   FOLLOWER s2@group-FEE41E240123:t0, leader=null, voted=null, raftlog=s2@group-FEE41E240123-SegmentedRaftLog:OPENED:c-1,f-1,i0, conf=-1: [], old=null STARTING
   FOLLOWER s2@group-A7C5DBE940E2:t2, leader=null, voted=null, raftlog=s2@group-A7C5DBE940E2-SegmentedRaftLog:OPENED:c-1,f-1,i0, conf=-1: [s3:0.0.0.0:38312, s4:0.0.0.0:41737, s0:0.0.0.0:41019, s1:0.0.0.0:38816, s2:0.0.0.0:40694], old=null RUNNING] size=2, sleep 450ms and then retry.
java.lang.IllegalStateException: No leader yet  for group-A7C5DBE940E2: printing group-A7C5DBE940E2
  s3:  RUNNING [
   FOLLOWER s3@group-FEE41E240123:t0, leader=null, voted=null, raftlog=s3@group-FEE41E240123-SegmentedRaftLog:OPENED:c-1,f-1,i0, conf=-1: [], old=null STARTING
   FOLLOWER s3@group-A7C5DBE940E2:t2, leader=null, voted=null, raftlog=s3@group-A7C5DBE940E2-SegmentedRaftLog:OPENED:c-1,f-1,i0, conf=-1: [s3:0.0.0.0:38312, s4:0.0.0.0:41737, s0:0.0.0.0:41019, s1:0.0.0.0:38816, s2:0.0.0.0:40694], old=null RUNNING] size=2
  s4:  RUNNING [
   FOLLOWER s4@group-FEE41E240123:t0, leader=null, voted=null, raftlog=s4@group-FEE41E240123-SegmentedRaftLog:OPENED:c-1,f-1,i0, conf=-1: [], old=null STARTING
   FOLLOWER s4@group-A7C5DBE940E2:t2, leader=null, voted=null, raftlog=s4@group-A7C5DBE940E2-SegmentedRaftLog:OPENED:c-1,f-1,i0, conf=-1: [s3:0.0.0.0:38312, s4:0.0.0.0:41737, s0:0.0.0.0:41019, s1:0.0.0.0:38816, s2:0.0.0.0:40694], old=null RUNNING] size=2
  s0:  RUNNING [
   FOLLOWER s0@group-FEE41E240123:t0, leader=null, voted=null, raftlog=s0@group-FEE41E240123-SegmentedRaftLog:OPENED:c-1,f-1,i0, conf=-1: [], old=null STARTING
  CANDIDATE s0@group-A7C5DBE940E2:t3, leader=null, voted=s0, raftlog=s0@group-A7C5DBE940E2-SegmentedRaftLog:OPENED:c-1,f-1,i0, conf=-1: [s3:0.0.0.0:38312, s4:0.0.0.0:41737, s0:0.0.0.0:41019, s1:0.0.0.0:38816, s2:0.0.0.0:40694], old=null RUNNING] size=2
  s1:  RUNNING [
   FOLLOWER s1@group-FEE41E240123:t0, leader=null, voted=null, raftlog=s1@group-FEE41E240123-SegmentedRaftLog:OPENED:c-1,f-1,i0, conf=-1: [], old=null STARTING
  CANDIDATE s1@group-A7C5DBE940E2:t3, leader=null, voted=s1, raftlog=s1@group-A7C5DBE940E2-SegmentedRaftLog:OPENED:c-1,f-1,i0, conf=-1: [s3:0.0.0.0:38312, s4:0.0.0.0:41737, s0:0.0.0.0:41019, s1:0.0.0.0:38816, s2:0.0.0.0:40694], old=null RUNNING] size=2
  s2:  RUNNING [
   FOLLOWER s2@group-FEE41E240123:t0, leader=null, voted=null, raftlog=s2@group-FEE41E240123-SegmentedRaftLog:OPENED:c-1,f-1,i0, conf=-1: [], old=null STARTING
   FOLLOWER s2@group-A7C5DBE940E2:t2, leader=null, voted=null, raftlog=s2@group-A7C5DBE940E2-SegmentedRaftLog:OPENED:c-1,f-1,i0, conf=-1: [s3:0.0.0.0:38312, s4:0.0.0.0:41737, s0:0.0.0.0:41019, s1:0.0.0.0:38816, s2:0.0.0.0:40694], old=null RUNNING] size=2
	at org.apache.ratis.MiniRaftCluster.newIllegalStateExceptionForNoLeaders(MiniRaftCluster.java:506)
	at org.apache.ratis.RaftTestUtil.lambda$waitForLeader$1(RaftTestUtil.java:90)
	at org.apache.ratis.MiniRaftCluster.getLeader(MiniRaftCluster.java:539)
	at org.apache.ratis.MiniRaftCluster.getLeader(MiniRaftCluster.java:532)
	at org.apache.ratis.RaftTestUtil.lambda$waitForLeader$3(RaftTestUtil.java:98)
	at org.apache.ratis.util.JavaUtils.attempt(JavaUtils.java:152)
	at org.apache.ratis.RaftTestUtil.waitForLeader(RaftTestUtil.java:97)
	at org.apache.ratis.RaftTestUtil.waitForLeader(RaftTestUtil.java:77)
	at org.apache.ratis.server.impl.GroupManagementBaseTest.runMultiGroupTest(GroupManagementBaseTest.java:175)
	at org.apache.ratis.server.impl.GroupManagementBaseTest.runMultiGroupTest(GroupManagementBaseTest.java:126)
	at org.apache.ratis.server.impl.GroupManagementBaseTest.testMultiGroup9Nodes(GroupManagementBaseTest.java:121)
	at sun.reflect.NativeMethodAccessorImpl.invoke0(Native Method)
	at sun.reflect.NativeMethodAccessorImpl.invoke(NativeMethodAccessorImpl.java:62)
	at sun.reflect.DelegatingMethodAccessorImpl.invoke(DelegatingMethodAccessorImpl.java:43)
	at java.lang.reflect.Method.invoke(Method.java:498)
	at org.junit.runners.model.FrameworkMethod$1.runReflectiveCall(FrameworkMethod.java:50)
	at org.junit.internal.runners.model.ReflectiveCallable.run(ReflectiveCallable.java:12)
	at org.junit.runners.model.FrameworkMethod.invokeExplosively(FrameworkMethod.java:47)
	at org.junit.internal.runners.statements.InvokeMethod.evaluate(InvokeMethod.java:17)
	at org.junit.internal.runners.statements.RunAfters.evaluate(RunAfters.java:27)
	at org.junit.internal.runners.statements.FailOnTimeout$CallableStatement.call(FailOnTimeout.java:298)
	at org.junit.internal.runners.statements.FailOnTimeout$CallableStatement.call(FailOnTimeout.java:292)
	at java.util.concurrent.FutureTask.run(FutureTask.java:266)
	at java.lang.Thread.run(Thread.java:748)
2019-09-24 16:47:48,474 WARN  ratis.RaftTestUtil (JavaUtils.java:attempt(158)) - FAILED "waitForLeader-group-A7C5DBE940E2-(expectLeader? true)", attempt #8/100: java.lang.IllegalStateException: No leader yet  for group-A7C5DBE940E2: printing group-A7C5DBE940E2
  s3:  RUNNING [
   FOLLOWER s3@group-FEE41E240123:t0, leader=null, voted=null, raftlog=s3@group-FEE41E240123-SegmentedRaftLog:OPENED:c-1,f-1,i0, conf=-1: [], old=null STARTING
   FOLLOWER s3@group-A7C5DBE940E2:t2, leader=null, voted=null, raftlog=s3@group-A7C5DBE940E2-SegmentedRaftLog:OPENED:c-1,f-1,i0, conf=-1: [s3:0.0.0.0:38312, s4:0.0.0.0:41737, s0:0.0.0.0:41019, s1:0.0.0.0:38816, s2:0.0.0.0:40694], old=null RUNNING] size=2
  s4:  RUNNING [
   FOLLOWER s4@group-FEE41E240123:t0, leader=null, voted=null, raftlog=s4@group-FEE41E240123-SegmentedRaftLog:OPENED:c-1,f-1,i0, conf=-1: [], old=null STARTING
   FOLLOWER s4@group-A7C5DBE940E2:t2, leader=null, voted=null, raftlog=s4@group-A7C5DBE940E2-SegmentedRaftLog:OPENED:c-1,f-1,i0, conf=-1: [s3:0.0.0.0:38312, s4:0.0.0.0:41737, s0:0.0.0.0:41019, s1:0.0.0.0:38816, s2:0.0.0.0:40694], old=null RUNNING] size=2
  s0:  RUNNING [
   FOLLOWER s0@group-FEE41E240123:t0, leader=null, voted=null, raftlog=s0@group-FEE41E240123-SegmentedRaftLog:OPENED:c-1,f-1,i0, conf=-1: [], old=null STARTING
  CANDIDATE s0@group-A7C5DBE940E2:t3, leader=null, voted=s0, raftlog=s0@group-A7C5DBE940E2-SegmentedRaftLog:OPENED:c-1,f-1,i0, conf=-1: [s3:0.0.0.0:38312, s4:0.0.0.0:41737, s0:0.0.0.0:41019, s1:0.0.0.0:38816, s2:0.0.0.0:40694], old=null RUNNING] size=2
  s1:  RUNNING [
   FOLLOWER s1@group-FEE41E240123:t0, leader=null, voted=null, raftlog=s1@group-FEE41E240123-SegmentedRaftLog:OPENED:c-1,f-1,i0, conf=-1: [], old=null STARTING
  CANDIDATE s1@group-A7C5DBE940E2:t3, leader=null, voted=s1, raftlog=s1@group-A7C5DBE940E2-SegmentedRaftLog:OPENED:c-1,f-1,i0, conf=-1: [s3:0.0.0.0:38312, s4:0.0.0.0:41737, s0:0.0.0.0:41019, s1:0.0.0.0:38816, s2:0.0.0.0:40694], old=null RUNNING] size=2
  s2:  RUNNING [
   FOLLOWER s2@group-FEE41E240123:t0, leader=null, voted=null, raftlog=s2@group-FEE41E240123-SegmentedRaftLog:OPENED:c-1,f-1,i0, conf=-1: [], old=null STARTING
   FOLLOWER s2@group-A7C5DBE940E2:t2, leader=null, voted=null, raftlog=s2@group-A7C5DBE940E2-SegmentedRaftLog:OPENED:c-1,f-1,i0, conf=-1: [s3:0.0.0.0:38312, s4:0.0.0.0:41737, s0:0.0.0.0:41019, s1:0.0.0.0:38816, s2:0.0.0.0:40694], old=null RUNNING] size=2, sleep 450ms and then retry.
java.lang.IllegalStateException: No leader yet  for group-A7C5DBE940E2: printing group-A7C5DBE940E2
  s3:  RUNNING [
   FOLLOWER s3@group-FEE41E240123:t0, leader=null, voted=null, raftlog=s3@group-FEE41E240123-SegmentedRaftLog:OPENED:c-1,f-1,i0, conf=-1: [], old=null STARTING
   FOLLOWER s3@group-A7C5DBE940E2:t2, leader=null, voted=null, raftlog=s3@group-A7C5DBE940E2-SegmentedRaftLog:OPENED:c-1,f-1,i0, conf=-1: [s3:0.0.0.0:38312, s4:0.0.0.0:41737, s0:0.0.0.0:41019, s1:0.0.0.0:38816, s2:0.0.0.0:40694], old=null RUNNING] size=2
  s4:  RUNNING [
   FOLLOWER s4@group-FEE41E240123:t0, leader=null, voted=null, raftlog=s4@group-FEE41E240123-SegmentedRaftLog:OPENED:c-1,f-1,i0, conf=-1: [], old=null STARTING
   FOLLOWER s4@group-A7C5DBE940E2:t2, leader=null, voted=null, raftlog=s4@group-A7C5DBE940E2-SegmentedRaftLog:OPENED:c-1,f-1,i0, conf=-1: [s3:0.0.0.0:38312, s4:0.0.0.0:41737, s0:0.0.0.0:41019, s1:0.0.0.0:38816, s2:0.0.0.0:40694], old=null RUNNING] size=2
  s0:  RUNNING [
   FOLLOWER s0@group-FEE41E240123:t0, leader=null, voted=null, raftlog=s0@group-FEE41E240123-SegmentedRaftLog:OPENED:c-1,f-1,i0, conf=-1: [], old=null STARTING
  CANDIDATE s0@group-A7C5DBE940E2:t3, leader=null, voted=s0, raftlog=s0@group-A7C5DBE940E2-SegmentedRaftLog:OPENED:c-1,f-1,i0, conf=-1: [s3:0.0.0.0:38312, s4:0.0.0.0:41737, s0:0.0.0.0:41019, s1:0.0.0.0:38816, s2:0.0.0.0:40694], old=null RUNNING] size=2
  s1:  RUNNING [
   FOLLOWER s1@group-FEE41E240123:t0, leader=null, voted=null, raftlog=s1@group-FEE41E240123-SegmentedRaftLog:OPENED:c-1,f-1,i0, conf=-1: [], old=null STARTING
  CANDIDATE s1@group-A7C5DBE940E2:t3, leader=null, voted=s1, raftlog=s1@group-A7C5DBE940E2-SegmentedRaftLog:OPENED:c-1,f-1,i0, conf=-1: [s3:0.0.0.0:38312, s4:0.0.0.0:41737, s0:0.0.0.0:41019, s1:0.0.0.0:38816, s2:0.0.0.0:40694], old=null RUNNING] size=2
  s2:  RUNNING [
   FOLLOWER s2@group-FEE41E240123:t0, leader=null, voted=null, raftlog=s2@group-FEE41E240123-SegmentedRaftLog:OPENED:c-1,f-1,i0, conf=-1: [], old=null STARTING
   FOLLOWER s2@group-A7C5DBE940E2:t2, leader=null, voted=null, raftlog=s2@group-A7C5DBE940E2-SegmentedRaftLog:OPENED:c-1,f-1,i0, conf=-1: [s3:0.0.0.0:38312, s4:0.0.0.0:41737, s0:0.0.0.0:41019, s1:0.0.0.0:38816, s2:0.0.0.0:40694], old=null RUNNING] size=2
	at org.apache.ratis.MiniRaftCluster.newIllegalStateExceptionForNoLeaders(MiniRaftCluster.java:506)
	at org.apache.ratis.RaftTestUtil.lambda$waitForLeader$1(RaftTestUtil.java:90)
	at org.apache.ratis.MiniRaftCluster.getLeader(MiniRaftCluster.java:539)
	at org.apache.ratis.MiniRaftCluster.getLeader(MiniRaftCluster.java:532)
	at org.apache.ratis.RaftTestUtil.lambda$waitForLeader$3(RaftTestUtil.java:98)
	at org.apache.ratis.util.JavaUtils.attempt(JavaUtils.java:152)
	at org.apache.ratis.RaftTestUtil.waitForLeader(RaftTestUtil.java:97)
	at org.apache.ratis.RaftTestUtil.waitForLeader(RaftTestUtil.java:77)
	at org.apache.ratis.server.impl.GroupManagementBaseTest.runMultiGroupTest(GroupManagementBaseTest.java:175)
	at org.apache.ratis.server.impl.GroupManagementBaseTest.runMultiGroupTest(GroupManagementBaseTest.java:126)
	at org.apache.ratis.server.impl.GroupManagementBaseTest.testMultiGroup9Nodes(GroupManagementBaseTest.java:121)
	at sun.reflect.NativeMethodAccessorImpl.invoke0(Native Method)
	at sun.reflect.NativeMethodAccessorImpl.invoke(NativeMethodAccessorImpl.java:62)
	at sun.reflect.DelegatingMethodAccessorImpl.invoke(DelegatingMethodAccessorImpl.java:43)
	at java.lang.reflect.Method.invoke(Method.java:498)
	at org.junit.runners.model.FrameworkMethod$1.runReflectiveCall(FrameworkMethod.java:50)
	at org.junit.internal.runners.model.ReflectiveCallable.run(ReflectiveCallable.java:12)
	at org.junit.runners.model.FrameworkMethod.invokeExplosively(FrameworkMethod.java:47)
	at org.junit.internal.runners.statements.InvokeMethod.evaluate(InvokeMethod.java:17)
	at org.junit.internal.runners.statements.RunAfters.evaluate(RunAfters.java:27)
	at org.junit.internal.runners.statements.FailOnTimeout$CallableStatement.call(FailOnTimeout.java:298)
	at org.junit.internal.runners.statements.FailOnTimeout$CallableStatement.call(FailOnTimeout.java:292)
	at java.util.concurrent.FutureTask.run(FutureTask.java:266)
	at java.lang.Thread.run(Thread.java:748)
2019-09-24 16:47:48,926 WARN  ratis.RaftTestUtil (JavaUtils.java:attempt(158)) - FAILED "waitForLeader-group-A7C5DBE940E2-(expectLeader? true)", attempt #9/100: java.lang.IllegalStateException: No leader yet  for group-A7C5DBE940E2: printing group-A7C5DBE940E2
  s3:  RUNNING [
   FOLLOWER s3@group-FEE41E240123:t0, leader=null, voted=null, raftlog=s3@group-FEE41E240123-SegmentedRaftLog:OPENED:c-1,f-1,i0, conf=-1: [], old=null STARTING
   FOLLOWER s3@group-A7C5DBE940E2:t2, leader=null, voted=null, raftlog=s3@group-A7C5DBE940E2-SegmentedRaftLog:OPENED:c-1,f-1,i0, conf=-1: [s3:0.0.0.0:38312, s4:0.0.0.0:41737, s0:0.0.0.0:41019, s1:0.0.0.0:38816, s2:0.0.0.0:40694], old=null RUNNING] size=2
  s4:  RUNNING [
   FOLLOWER s4@group-FEE41E240123:t0, leader=null, voted=null, raftlog=s4@group-FEE41E240123-SegmentedRaftLog:OPENED:c-1,f-1,i0, conf=-1: [], old=null STARTING
   FOLLOWER s4@group-A7C5DBE940E2:t2, leader=null, voted=null, raftlog=s4@group-A7C5DBE940E2-SegmentedRaftLog:OPENED:c-1,f-1,i0, conf=-1: [s3:0.0.0.0:38312, s4:0.0.0.0:41737, s0:0.0.0.0:41019, s1:0.0.0.0:38816, s2:0.0.0.0:40694], old=null RUNNING] size=2
  s0:  RUNNING [
   FOLLOWER s0@group-FEE41E240123:t0, leader=null, voted=null, raftlog=s0@group-FEE41E240123-SegmentedRaftLog:OPENED:c-1,f-1,i0, conf=-1: [], old=null STARTING
  CANDIDATE s0@group-A7C5DBE940E2:t3, leader=null, voted=s0, raftlog=s0@group-A7C5DBE940E2-SegmentedRaftLog:OPENED:c-1,f-1,i0, conf=-1: [s3:0.0.0.0:38312, s4:0.0.0.0:41737, s0:0.0.0.0:41019, s1:0.0.0.0:38816, s2:0.0.0.0:40694], old=null RUNNING] size=2
  s1:  RUNNING [
   FOLLOWER s1@group-FEE41E240123:t0, leader=null, voted=null, raftlog=s1@group-FEE41E240123-SegmentedRaftLog:OPENED:c-1,f-1,i0, conf=-1: [], old=null STARTING
  CANDIDATE s1@group-A7C5DBE940E2:t3, leader=null, voted=s1, raftlog=s1@group-A7C5DBE940E2-SegmentedRaftLog:OPENED:c-1,f-1,i0, conf=-1: [s3:0.0.0.0:38312, s4:0.0.0.0:41737, s0:0.0.0.0:41019, s1:0.0.0.0:38816, s2:0.0.0.0:40694], old=null RUNNING] size=2
  s2:  RUNNING [
   FOLLOWER s2@group-FEE41E240123:t0, leader=null, voted=null, raftlog=s2@group-FEE41E240123-SegmentedRaftLog:OPENED:c-1,f-1,i0, conf=-1: [], old=null STARTING
   FOLLOWER s2@group-A7C5DBE940E2:t2, leader=null, voted=null, raftlog=s2@group-A7C5DBE940E2-SegmentedRaftLog:OPENED:c-1,f-1,i0, conf=-1: [s3:0.0.0.0:38312, s4:0.0.0.0:41737, s0:0.0.0.0:41019, s1:0.0.0.0:38816, s2:0.0.0.0:40694], old=null RUNNING] size=2, sleep 450ms and then retry.
java.lang.IllegalStateException: No leader yet  for group-A7C5DBE940E2: printing group-A7C5DBE940E2
  s3:  RUNNING [
   FOLLOWER s3@group-FEE41E240123:t0, leader=null, voted=null, raftlog=s3@group-FEE41E240123-SegmentedRaftLog:OPENED:c-1,f-1,i0, conf=-1: [], old=null STARTING
   FOLLOWER s3@group-A7C5DBE940E2:t2, leader=null, voted=null, raftlog=s3@group-A7C5DBE940E2-SegmentedRaftLog:OPENED:c-1,f-1,i0, conf=-1: [s3:0.0.0.0:38312, s4:0.0.0.0:41737, s0:0.0.0.0:41019, s1:0.0.0.0:38816, s2:0.0.0.0:40694], old=null RUNNING] size=2
  s4:  RUNNING [
   FOLLOWER s4@group-FEE41E240123:t0, leader=null, voted=null, raftlog=s4@group-FEE41E240123-SegmentedRaftLog:OPENED:c-1,f-1,i0, conf=-1: [], old=null STARTING
   FOLLOWER s4@group-A7C5DBE940E2:t2, leader=null, voted=null, raftlog=s4@group-A7C5DBE940E2-SegmentedRaftLog:OPENED:c-1,f-1,i0, conf=-1: [s3:0.0.0.0:38312, s4:0.0.0.0:41737, s0:0.0.0.0:41019, s1:0.0.0.0:38816, s2:0.0.0.0:40694], old=null RUNNING] size=2
  s0:  RUNNING [
   FOLLOWER s0@group-FEE41E240123:t0, leader=null, voted=null, raftlog=s0@group-FEE41E240123-SegmentedRaftLog:OPENED:c-1,f-1,i0, conf=-1: [], old=null STARTING
  CANDIDATE s0@group-A7C5DBE940E2:t3, leader=null, voted=s0, raftlog=s0@group-A7C5DBE940E2-SegmentedRaftLog:OPENED:c-1,f-1,i0, conf=-1: [s3:0.0.0.0:38312, s4:0.0.0.0:41737, s0:0.0.0.0:41019, s1:0.0.0.0:38816, s2:0.0.0.0:40694], old=null RUNNING] size=2
  s1:  RUNNING [
   FOLLOWER s1@group-FEE41E240123:t0, leader=null, voted=null, raftlog=s1@group-FEE41E240123-SegmentedRaftLog:OPENED:c-1,f-1,i0, conf=-1: [], old=null STARTING
  CANDIDATE s1@group-A7C5DBE940E2:t3, leader=null, voted=s1, raftlog=s1@group-A7C5DBE940E2-SegmentedRaftLog:OPENED:c-1,f-1,i0, conf=-1: [s3:0.0.0.0:38312, s4:0.0.0.0:41737, s0:0.0.0.0:41019, s1:0.0.0.0:38816, s2:0.0.0.0:40694], old=null RUNNING] size=2
  s2:  RUNNING [
   FOLLOWER s2@group-FEE41E240123:t0, leader=null, voted=null, raftlog=s2@group-FEE41E240123-SegmentedRaftLog:OPENED:c-1,f-1,i0, conf=-1: [], old=null STARTING
   FOLLOWER s2@group-A7C5DBE940E2:t2, leader=null, voted=null, raftlog=s2@group-A7C5DBE940E2-SegmentedRaftLog:OPENED:c-1,f-1,i0, conf=-1: [s3:0.0.0.0:38312, s4:0.0.0.0:41737, s0:0.0.0.0:41019, s1:0.0.0.0:38816, s2:0.0.0.0:40694], old=null RUNNING] size=2
	at org.apache.ratis.MiniRaftCluster.newIllegalStateExceptionForNoLeaders(MiniRaftCluster.java:506)
	at org.apache.ratis.RaftTestUtil.lambda$waitForLeader$1(RaftTestUtil.java:90)
	at org.apache.ratis.MiniRaftCluster.getLeader(MiniRaftCluster.java:539)
	at org.apache.ratis.MiniRaftCluster.getLeader(MiniRaftCluster.java:532)
	at org.apache.ratis.RaftTestUtil.lambda$waitForLeader$3(RaftTestUtil.java:98)
	at org.apache.ratis.util.JavaUtils.attempt(JavaUtils.java:152)
	at org.apache.ratis.RaftTestUtil.waitForLeader(RaftTestUtil.java:97)
	at org.apache.ratis.RaftTestUtil.waitForLeader(RaftTestUtil.java:77)
	at org.apache.ratis.server.impl.GroupManagementBaseTest.runMultiGroupTest(GroupManagementBaseTest.java:175)
	at org.apache.ratis.server.impl.GroupManagementBaseTest.runMultiGroupTest(GroupManagementBaseTest.java:126)
	at org.apache.ratis.server.impl.GroupManagementBaseTest.testMultiGroup9Nodes(GroupManagementBaseTest.java:121)
	at sun.reflect.NativeMethodAccessorImpl.invoke0(Native Method)
	at sun.reflect.NativeMethodAccessorImpl.invoke(NativeMethodAccessorImpl.java:62)
	at sun.reflect.DelegatingMethodAccessorImpl.invoke(DelegatingMethodAccessorImpl.java:43)
	at java.lang.reflect.Method.invoke(Method.java:498)
	at org.junit.runners.model.FrameworkMethod$1.runReflectiveCall(FrameworkMethod.java:50)
	at org.junit.internal.runners.model.ReflectiveCallable.run(ReflectiveCallable.java:12)
	at org.junit.runners.model.FrameworkMethod.invokeExplosively(FrameworkMethod.java:47)
	at org.junit.internal.runners.statements.InvokeMethod.evaluate(InvokeMethod.java:17)
	at org.junit.internal.runners.statements.RunAfters.evaluate(RunAfters.java:27)
	at org.junit.internal.runners.statements.FailOnTimeout$CallableStatement.call(FailOnTimeout.java:298)
	at org.junit.internal.runners.statements.FailOnTimeout$CallableStatement.call(FailOnTimeout.java:292)
	at java.util.concurrent.FutureTask.run(FutureTask.java:266)
	at java.lang.Thread.run(Thread.java:748)
2019-09-24 16:47:49,378 WARN  ratis.RaftTestUtil (JavaUtils.java:attempt(158)) - FAILED "waitForLeader-group-A7C5DBE940E2-(expectLeader? true)", attempt #10/100: java.lang.IllegalStateException: No leader yet  for group-A7C5DBE940E2: printing group-A7C5DBE940E2
  s3:  RUNNING [
   FOLLOWER s3@group-FEE41E240123:t0, leader=null, voted=null, raftlog=s3@group-FEE41E240123-SegmentedRaftLog:OPENED:c-1,f-1,i0, conf=-1: [], old=null STARTING
   FOLLOWER s3@group-A7C5DBE940E2:t2, leader=null, voted=null, raftlog=s3@group-A7C5DBE940E2-SegmentedRaftLog:OPENED:c-1,f-1,i0, conf=-1: [s3:0.0.0.0:38312, s4:0.0.0.0:41737, s0:0.0.0.0:41019, s1:0.0.0.0:38816, s2:0.0.0.0:40694], old=null RUNNING] size=2
  s4:  RUNNING [
   FOLLOWER s4@group-FEE41E240123:t0, leader=null, voted=null, raftlog=s4@group-FEE41E240123-SegmentedRaftLog:OPENED:c-1,f-1,i0, conf=-1: [], old=null STARTING
   FOLLOWER s4@group-A7C5DBE940E2:t2, leader=null, voted=null, raftlog=s4@group-A7C5DBE940E2-SegmentedRaftLog:OPENED:c-1,f-1,i0, conf=-1: [s3:0.0.0.0:38312, s4:0.0.0.0:41737, s0:0.0.0.0:41019, s1:0.0.0.0:38816, s2:0.0.0.0:40694], old=null RUNNING] size=2
  s0:  RUNNING [
   FOLLOWER s0@group-FEE41E240123:t0, leader=null, voted=null, raftlog=s0@group-FEE41E240123-SegmentedRaftLog:OPENED:c-1,f-1,i0, conf=-1: [], old=null STARTING
  CANDIDATE s0@group-A7C5DBE940E2:t3, leader=null, voted=s0, raftlog=s0@group-A7C5DBE940E2-SegmentedRaftLog:OPENED:c-1,f-1,i0, conf=-1: [s3:0.0.0.0:38312, s4:0.0.0.0:41737, s0:0.0.0.0:41019, s1:0.0.0.0:38816, s2:0.0.0.0:40694], old=null RUNNING] size=2
  s1:  RUNNING [
   FOLLOWER s1@group-FEE41E240123:t0, leader=null, voted=null, raftlog=s1@group-FEE41E240123-SegmentedRaftLog:OPENED:c-1,f-1,i0, conf=-1: [], old=null STARTING
  CANDIDATE s1@group-A7C5DBE940E2:t3, leader=null, voted=s1, raftlog=s1@group-A7C5DBE940E2-SegmentedRaftLog:OPENED:c-1,f-1,i0, conf=-1: [s3:0.0.0.0:38312, s4:0.0.0.0:41737, s0:0.0.0.0:41019, s1:0.0.0.0:38816, s2:0.0.0.0:40694], old=null RUNNING] size=2
  s2:  RUNNING [
   FOLLOWER s2@group-FEE41E240123:t0, leader=null, voted=null, raftlog=s2@group-FEE41E240123-SegmentedRaftLog:OPENED:c-1,f-1,i0, conf=-1: [], old=null STARTING
   FOLLOWER s2@group-A7C5DBE940E2:t2, leader=null, voted=null, raftlog=s2@group-A7C5DBE940E2-SegmentedRaftLog:OPENED:c-1,f-1,i0, conf=-1: [s3:0.0.0.0:38312, s4:0.0.0.0:41737, s0:0.0.0.0:41019, s1:0.0.0.0:38816, s2:0.0.0.0:40694], old=null RUNNING] size=2, sleep 450ms and then retry.
java.lang.IllegalStateException: No leader yet  for group-A7C5DBE940E2: printing group-A7C5DBE940E2
  s3:  RUNNING [
   FOLLOWER s3@group-FEE41E240123:t0, leader=null, voted=null, raftlog=s3@group-FEE41E240123-SegmentedRaftLog:OPENED:c-1,f-1,i0, conf=-1: [], old=null STARTING
   FOLLOWER s3@group-A7C5DBE940E2:t2, leader=null, voted=null, raftlog=s3@group-A7C5DBE940E2-SegmentedRaftLog:OPENED:c-1,f-1,i0, conf=-1: [s3:0.0.0.0:38312, s4:0.0.0.0:41737, s0:0.0.0.0:41019, s1:0.0.0.0:38816, s2:0.0.0.0:40694], old=null RUNNING] size=2
  s4:  RUNNING [
   FOLLOWER s4@group-FEE41E240123:t0, leader=null, voted=null, raftlog=s4@group-FEE41E240123-SegmentedRaftLog:OPENED:c-1,f-1,i0, conf=-1: [], old=null STARTING
   FOLLOWER s4@group-A7C5DBE940E2:t2, leader=null, voted=null, raftlog=s4@group-A7C5DBE940E2-SegmentedRaftLog:OPENED:c-1,f-1,i0, conf=-1: [s3:0.0.0.0:38312, s4:0.0.0.0:41737, s0:0.0.0.0:41019, s1:0.0.0.0:38816, s2:0.0.0.0:40694], old=null RUNNING] size=2
  s0:  RUNNING [
   FOLLOWER s0@group-FEE41E240123:t0, leader=null, voted=null, raftlog=s0@group-FEE41E240123-SegmentedRaftLog:OPENED:c-1,f-1,i0, conf=-1: [], old=null STARTING
  CANDIDATE s0@group-A7C5DBE940E2:t3, leader=null, voted=s0, raftlog=s0@group-A7C5DBE940E2-SegmentedRaftLog:OPENED:c-1,f-1,i0, conf=-1: [s3:0.0.0.0:38312, s4:0.0.0.0:41737, s0:0.0.0.0:41019, s1:0.0.0.0:38816, s2:0.0.0.0:40694], old=null RUNNING] size=2
  s1:  RUNNING [
   FOLLOWER s1@group-FEE41E240123:t0, leader=null, voted=null, raftlog=s1@group-FEE41E240123-SegmentedRaftLog:OPENED:c-1,f-1,i0, conf=-1: [], old=null STARTING
  CANDIDATE s1@group-A7C5DBE940E2:t3, leader=null, voted=s1, raftlog=s1@group-A7C5DBE940E2-SegmentedRaftLog:OPENED:c-1,f-1,i0, conf=-1: [s3:0.0.0.0:38312, s4:0.0.0.0:41737, s0:0.0.0.0:41019, s1:0.0.0.0:38816, s2:0.0.0.0:40694], old=null RUNNING] size=2
  s2:  RUNNING [
   FOLLOWER s2@group-FEE41E240123:t0, leader=null, voted=null, raftlog=s2@group-FEE41E240123-SegmentedRaftLog:OPENED:c-1,f-1,i0, conf=-1: [], old=null STARTING
   FOLLOWER s2@group-A7C5DBE940E2:t2, leader=null, voted=null, raftlog=s2@group-A7C5DBE940E2-SegmentedRaftLog:OPENED:c-1,f-1,i0, conf=-1: [s3:0.0.0.0:38312, s4:0.0.0.0:41737, s0:0.0.0.0:41019, s1:0.0.0.0:38816, s2:0.0.0.0:40694], old=null RUNNING] size=2
	at org.apache.ratis.MiniRaftCluster.newIllegalStateExceptionForNoLeaders(MiniRaftCluster.java:506)
	at org.apache.ratis.RaftTestUtil.lambda$waitForLeader$1(RaftTestUtil.java:90)
	at org.apache.ratis.MiniRaftCluster.getLeader(MiniRaftCluster.java:539)
	at org.apache.ratis.MiniRaftCluster.getLeader(MiniRaftCluster.java:532)
	at org.apache.ratis.RaftTestUtil.lambda$waitForLeader$3(RaftTestUtil.java:98)
	at org.apache.ratis.util.JavaUtils.attempt(JavaUtils.java:152)
	at org.apache.ratis.RaftTestUtil.waitForLeader(RaftTestUtil.java:97)
	at org.apache.ratis.RaftTestUtil.waitForLeader(RaftTestUtil.java:77)
	at org.apache.ratis.server.impl.GroupManagementBaseTest.runMultiGroupTest(GroupManagementBaseTest.java:175)
	at org.apache.ratis.server.impl.GroupManagementBaseTest.runMultiGroupTest(GroupManagementBaseTest.java:126)
	at org.apache.ratis.server.impl.GroupManagementBaseTest.testMultiGroup9Nodes(GroupManagementBaseTest.java:121)
	at sun.reflect.NativeMethodAccessorImpl.invoke0(Native Method)
	at sun.reflect.NativeMethodAccessorImpl.invoke(NativeMethodAccessorImpl.java:62)
	at sun.reflect.DelegatingMethodAccessorImpl.invoke(DelegatingMethodAccessorImpl.java:43)
	at java.lang.reflect.Method.invoke(Method.java:498)
	at org.junit.runners.model.FrameworkMethod$1.runReflectiveCall(FrameworkMethod.java:50)
	at org.junit.internal.runners.model.ReflectiveCallable.run(ReflectiveCallable.java:12)
	at org.junit.runners.model.FrameworkMethod.invokeExplosively(FrameworkMethod.java:47)
	at org.junit.internal.runners.statements.InvokeMethod.evaluate(InvokeMethod.java:17)
	at org.junit.internal.runners.statements.RunAfters.evaluate(RunAfters.java:27)
	at org.junit.internal.runners.statements.FailOnTimeout$CallableStatement.call(FailOnTimeout.java:298)
	at org.junit.internal.runners.statements.FailOnTimeout$CallableStatement.call(FailOnTimeout.java:292)
	at java.util.concurrent.FutureTask.run(FutureTask.java:266)
	at java.lang.Thread.run(Thread.java:748)
2019-09-24 16:47:49,829 WARN  ratis.RaftTestUtil (JavaUtils.java:attempt(158)) - FAILED "waitForLeader-group-A7C5DBE940E2-(expectLeader? true)", attempt #11/100: java.lang.IllegalStateException: No leader yet  for group-A7C5DBE940E2: printing group-A7C5DBE940E2
  s3:  RUNNING [
   FOLLOWER s3@group-FEE41E240123:t0, leader=null, voted=null, raftlog=s3@group-FEE41E240123-SegmentedRaftLog:OPENED:c-1,f-1,i0, conf=-1: [], old=null STARTING
   FOLLOWER s3@group-A7C5DBE940E2:t2, leader=null, voted=null, raftlog=s3@group-A7C5DBE940E2-SegmentedRaftLog:OPENED:c-1,f-1,i0, conf=-1: [s3:0.0.0.0:38312, s4:0.0.0.0:41737, s0:0.0.0.0:41019, s1:0.0.0.0:38816, s2:0.0.0.0:40694], old=null RUNNING] size=2
  s4:  RUNNING [
   FOLLOWER s4@group-FEE41E240123:t0, leader=null, voted=null, raftlog=s4@group-FEE41E240123-SegmentedRaftLog:OPENED:c-1,f-1,i0, conf=-1: [], old=null STARTING
   FOLLOWER s4@group-A7C5DBE940E2:t2, leader=null, voted=null, raftlog=s4@group-A7C5DBE940E2-SegmentedRaftLog:OPENED:c-1,f-1,i0, conf=-1: [s3:0.0.0.0:38312, s4:0.0.0.0:41737, s0:0.0.0.0:41019, s1:0.0.0.0:38816, s2:0.0.0.0:40694], old=null RUNNING] size=2
  s0:  RUNNING [
   FOLLOWER s0@group-FEE41E240123:t0, leader=null, voted=null, raftlog=s0@group-FEE41E240123-SegmentedRaftLog:OPENED:c-1,f-1,i0, conf=-1: [], old=null STARTING
  CANDIDATE s0@group-A7C5DBE940E2:t3, leader=null, voted=s0, raftlog=s0@group-A7C5DBE940E2-SegmentedRaftLog:OPENED:c-1,f-1,i0, conf=-1: [s3:0.0.0.0:38312, s4:0.0.0.0:41737, s0:0.0.0.0:41019, s1:0.0.0.0:38816, s2:0.0.0.0:40694], old=null RUNNING] size=2
  s1:  RUNNING [
   FOLLOWER s1@group-FEE41E240123:t0, leader=null, voted=null, raftlog=s1@group-FEE41E240123-SegmentedRaftLog:OPENED:c-1,f-1,i0, conf=-1: [], old=null STARTING
  CANDIDATE s1@group-A7C5DBE940E2:t3, leader=null, voted=s1, raftlog=s1@group-A7C5DBE940E2-SegmentedRaftLog:OPENED:c-1,f-1,i0, conf=-1: [s3:0.0.0.0:38312, s4:0.0.0.0:41737, s0:0.0.0.0:41019, s1:0.0.0.0:38816, s2:0.0.0.0:40694], old=null RUNNING] size=2
  s2:  RUNNING [
   FOLLOWER s2@group-FEE41E240123:t0, leader=null, voted=null, raftlog=s2@group-FEE41E240123-SegmentedRaftLog:OPENED:c-1,f-1,i0, conf=-1: [], old=null STARTING
   FOLLOWER s2@group-A7C5DBE940E2:t2, leader=null, voted=null, raftlog=s2@group-A7C5DBE940E2-SegmentedRaftLog:OPENED:c-1,f-1,i0, conf=-1: [s3:0.0.0.0:38312, s4:0.0.0.0:41737, s0:0.0.0.0:41019, s1:0.0.0.0:38816, s2:0.0.0.0:40694], old=null RUNNING] size=2, sleep 450ms and then retry.
java.lang.IllegalStateException: No leader yet  for group-A7C5DBE940E2: printing group-A7C5DBE940E2
  s3:  RUNNING [
   FOLLOWER s3@group-FEE41E240123:t0, leader=null, voted=null, raftlog=s3@group-FEE41E240123-SegmentedRaftLog:OPENED:c-1,f-1,i0, conf=-1: [], old=null STARTING
   FOLLOWER s3@group-A7C5DBE940E2:t2, leader=null, voted=null, raftlog=s3@group-A7C5DBE940E2-SegmentedRaftLog:OPENED:c-1,f-1,i0, conf=-1: [s3:0.0.0.0:38312, s4:0.0.0.0:41737, s0:0.0.0.0:41019, s1:0.0.0.0:38816, s2:0.0.0.0:40694], old=null RUNNING] size=2
  s4:  RUNNING [
   FOLLOWER s4@group-FEE41E240123:t0, leader=null, voted=null, raftlog=s4@group-FEE41E240123-SegmentedRaftLog:OPENED:c-1,f-1,i0, conf=-1: [], old=null STARTING
   FOLLOWER s4@group-A7C5DBE940E2:t2, leader=null, voted=null, raftlog=s4@group-A7C5DBE940E2-SegmentedRaftLog:OPENED:c-1,f-1,i0, conf=-1: [s3:0.0.0.0:38312, s4:0.0.0.0:41737, s0:0.0.0.0:41019, s1:0.0.0.0:38816, s2:0.0.0.0:40694], old=null RUNNING] size=2
  s0:  RUNNING [
   FOLLOWER s0@group-FEE41E240123:t0, leader=null, voted=null, raftlog=s0@group-FEE41E240123-SegmentedRaftLog:OPENED:c-1,f-1,i0, conf=-1: [], old=null STARTING
  CANDIDATE s0@group-A7C5DBE940E2:t3, leader=null, voted=s0, raftlog=s0@group-A7C5DBE940E2-SegmentedRaftLog:OPENED:c-1,f-1,i0, conf=-1: [s3:0.0.0.0:38312, s4:0.0.0.0:41737, s0:0.0.0.0:41019, s1:0.0.0.0:38816, s2:0.0.0.0:40694], old=null RUNNING] size=2
  s1:  RUNNING [
   FOLLOWER s1@group-FEE41E240123:t0, leader=null, voted=null, raftlog=s1@group-FEE41E240123-SegmentedRaftLog:OPENED:c-1,f-1,i0, conf=-1: [], old=null STARTING
  CANDIDATE s1@group-A7C5DBE940E2:t3, leader=null, voted=s1, raftlog=s1@group-A7C5DBE940E2-SegmentedRaftLog:OPENED:c-1,f-1,i0, conf=-1: [s3:0.0.0.0:38312, s4:0.0.0.0:41737, s0:0.0.0.0:41019, s1:0.0.0.0:38816, s2:0.0.0.0:40694], old=null RUNNING] size=2
  s2:  RUNNING [
   FOLLOWER s2@group-FEE41E240123:t0, leader=null, voted=null, raftlog=s2@group-FEE41E240123-SegmentedRaftLog:OPENED:c-1,f-1,i0, conf=-1: [], old=null STARTING
   FOLLOWER s2@group-A7C5DBE940E2:t2, leader=null, voted=null, raftlog=s2@group-A7C5DBE940E2-SegmentedRaftLog:OPENED:c-1,f-1,i0, conf=-1: [s3:0.0.0.0:38312, s4:0.0.0.0:41737, s0:0.0.0.0:41019, s1:0.0.0.0:38816, s2:0.0.0.0:40694], old=null RUNNING] size=2
	at org.apache.ratis.MiniRaftCluster.newIllegalStateExceptionForNoLeaders(MiniRaftCluster.java:506)
	at org.apache.ratis.RaftTestUtil.lambda$waitForLeader$1(RaftTestUtil.java:90)
	at org.apache.ratis.MiniRaftCluster.getLeader(MiniRaftCluster.java:539)
	at org.apache.ratis.MiniRaftCluster.getLeader(MiniRaftCluster.java:532)
	at org.apache.ratis.RaftTestUtil.lambda$waitForLeader$3(RaftTestUtil.java:98)
	at org.apache.ratis.util.JavaUtils.attempt(JavaUtils.java:152)
	at org.apache.ratis.RaftTestUtil.waitForLeader(RaftTestUtil.java:97)
	at org.apache.ratis.RaftTestUtil.waitForLeader(RaftTestUtil.java:77)
	at org.apache.ratis.server.impl.GroupManagementBaseTest.runMultiGroupTest(GroupManagementBaseTest.java:175)
	at org.apache.ratis.server.impl.GroupManagementBaseTest.runMultiGroupTest(GroupManagementBaseTest.java:126)
	at org.apache.ratis.server.impl.GroupManagementBaseTest.testMultiGroup9Nodes(GroupManagementBaseTest.java:121)
	at sun.reflect.NativeMethodAccessorImpl.invoke0(Native Method)
	at sun.reflect.NativeMethodAccessorImpl.invoke(NativeMethodAccessorImpl.java:62)
	at sun.reflect.DelegatingMethodAccessorImpl.invoke(DelegatingMethodAccessorImpl.java:43)
	at java.lang.reflect.Method.invoke(Method.java:498)
	at org.junit.runners.model.FrameworkMethod$1.runReflectiveCall(FrameworkMethod.java:50)
	at org.junit.internal.runners.model.ReflectiveCallable.run(ReflectiveCallable.java:12)
	at org.junit.runners.model.FrameworkMethod.invokeExplosively(FrameworkMethod.java:47)
	at org.junit.internal.runners.statements.InvokeMethod.evaluate(InvokeMethod.java:17)
	at org.junit.internal.runners.statements.RunAfters.evaluate(RunAfters.java:27)
	at org.junit.internal.runners.statements.FailOnTimeout$CallableStatement.call(FailOnTimeout.java:298)
	at org.junit.internal.runners.statements.FailOnTimeout$CallableStatement.call(FailOnTimeout.java:292)
	at java.util.concurrent.FutureTask.run(FutureTask.java:266)
	at java.lang.Thread.run(Thread.java:748)
2019-09-24 16:47:50,281 WARN  ratis.RaftTestUtil (JavaUtils.java:attempt(158)) - FAILED "waitForLeader-group-A7C5DBE940E2-(expectLeader? true)", attempt #12/100: java.lang.IllegalStateException: No leader yet  for group-A7C5DBE940E2: printing group-A7C5DBE940E2
  s3:  RUNNING [
   FOLLOWER s3@group-FEE41E240123:t0, leader=null, voted=null, raftlog=s3@group-FEE41E240123-SegmentedRaftLog:OPENED:c-1,f-1,i0, conf=-1: [], old=null STARTING
   FOLLOWER s3@group-A7C5DBE940E2:t2, leader=null, voted=null, raftlog=s3@group-A7C5DBE940E2-SegmentedRaftLog:OPENED:c-1,f-1,i0, conf=-1: [s3:0.0.0.0:38312, s4:0.0.0.0:41737, s0:0.0.0.0:41019, s1:0.0.0.0:38816, s2:0.0.0.0:40694], old=null RUNNING] size=2
  s4:  RUNNING [
   FOLLOWER s4@group-FEE41E240123:t0, leader=null, voted=null, raftlog=s4@group-FEE41E240123-SegmentedRaftLog:OPENED:c-1,f-1,i0, conf=-1: [], old=null STARTING
   FOLLOWER s4@group-A7C5DBE940E2:t2, leader=null, voted=null, raftlog=s4@group-A7C5DBE940E2-SegmentedRaftLog:OPENED:c-1,f-1,i0, conf=-1: [s3:0.0.0.0:38312, s4:0.0.0.0:41737, s0:0.0.0.0:41019, s1:0.0.0.0:38816, s2:0.0.0.0:40694], old=null RUNNING] size=2
  s0:  RUNNING [
   FOLLOWER s0@group-FEE41E240123:t0, leader=null, voted=null, raftlog=s0@group-FEE41E240123-SegmentedRaftLog:OPENED:c-1,f-1,i0, conf=-1: [], old=null STARTING
  CANDIDATE s0@group-A7C5DBE940E2:t3, leader=null, voted=s0, raftlog=s0@group-A7C5DBE940E2-SegmentedRaftLog:OPENED:c-1,f-1,i0, conf=-1: [s3:0.0.0.0:38312, s4:0.0.0.0:41737, s0:0.0.0.0:41019, s1:0.0.0.0:38816, s2:0.0.0.0:40694], old=null RUNNING] size=2
  s1:  RUNNING [
   FOLLOWER s1@group-FEE41E240123:t0, leader=null, voted=null, raftlog=s1@group-FEE41E240123-SegmentedRaftLog:OPENED:c-1,f-1,i0, conf=-1: [], old=null STARTING
  CANDIDATE s1@group-A7C5DBE940E2:t3, leader=null, voted=s1, raftlog=s1@group-A7C5DBE940E2-SegmentedRaftLog:OPENED:c-1,f-1,i0, conf=-1: [s3:0.0.0.0:38312, s4:0.0.0.0:41737, s0:0.0.0.0:41019, s1:0.0.0.0:38816, s2:0.0.0.0:40694], old=null RUNNING] size=2
  s2:  RUNNING [
   FOLLOWER s2@group-FEE41E240123:t0, leader=null, voted=null, raftlog=s2@group-FEE41E240123-SegmentedRaftLog:OPENED:c-1,f-1,i0, conf=-1: [], old=null STARTING
   FOLLOWER s2@group-A7C5DBE940E2:t2, leader=null, voted=null, raftlog=s2@group-A7C5DBE940E2-SegmentedRaftLog:OPENED:c-1,f-1,i0, conf=-1: [s3:0.0.0.0:38312, s4:0.0.0.0:41737, s0:0.0.0.0:41019, s1:0.0.0.0:38816, s2:0.0.0.0:40694], old=null RUNNING] size=2, sleep 450ms and then retry.
java.lang.IllegalStateException: No leader yet  for group-A7C5DBE940E2: printing group-A7C5DBE940E2
  s3:  RUNNING [
   FOLLOWER s3@group-FEE41E240123:t0, leader=null, voted=null, raftlog=s3@group-FEE41E240123-SegmentedRaftLog:OPENED:c-1,f-1,i0, conf=-1: [], old=null STARTING
   FOLLOWER s3@group-A7C5DBE940E2:t2, leader=null, voted=null, raftlog=s3@group-A7C5DBE940E2-SegmentedRaftLog:OPENED:c-1,f-1,i0, conf=-1: [s3:0.0.0.0:38312, s4:0.0.0.0:41737, s0:0.0.0.0:41019, s1:0.0.0.0:38816, s2:0.0.0.0:40694], old=null RUNNING] size=2
  s4:  RUNNING [
   FOLLOWER s4@group-FEE41E240123:t0, leader=null, voted=null, raftlog=s4@group-FEE41E240123-SegmentedRaftLog:OPENED:c-1,f-1,i0, conf=-1: [], old=null STARTING
   FOLLOWER s4@group-A7C5DBE940E2:t2, leader=null, voted=null, raftlog=s4@group-A7C5DBE940E2-SegmentedRaftLog:OPENED:c-1,f-1,i0, conf=-1: [s3:0.0.0.0:38312, s4:0.0.0.0:41737, s0:0.0.0.0:41019, s1:0.0.0.0:38816, s2:0.0.0.0:40694], old=null RUNNING] size=2
  s0:  RUNNING [
   FOLLOWER s0@group-FEE41E240123:t0, leader=null, voted=null, raftlog=s0@group-FEE41E240123-SegmentedRaftLog:OPENED:c-1,f-1,i0, conf=-1: [], old=null STARTING
  CANDIDATE s0@group-A7C5DBE940E2:t3, leader=null, voted=s0, raftlog=s0@group-A7C5DBE940E2-SegmentedRaftLog:OPENED:c-1,f-1,i0, conf=-1: [s3:0.0.0.0:38312, s4:0.0.0.0:41737, s0:0.0.0.0:41019, s1:0.0.0.0:38816, s2:0.0.0.0:40694], old=null RUNNING] size=2
  s1:  RUNNING [
   FOLLOWER s1@group-FEE41E240123:t0, leader=null, voted=null, raftlog=s1@group-FEE41E240123-SegmentedRaftLog:OPENED:c-1,f-1,i0, conf=-1: [], old=null STARTING
  CANDIDATE s1@group-A7C5DBE940E2:t3, leader=null, voted=s1, raftlog=s1@group-A7C5DBE940E2-SegmentedRaftLog:OPENED:c-1,f-1,i0, conf=-1: [s3:0.0.0.0:38312, s4:0.0.0.0:41737, s0:0.0.0.0:41019, s1:0.0.0.0:38816, s2:0.0.0.0:40694], old=null RUNNING] size=2
  s2:  RUNNING [
   FOLLOWER s2@group-FEE41E240123:t0, leader=null, voted=null, raftlog=s2@group-FEE41E240123-SegmentedRaftLog:OPENED:c-1,f-1,i0, conf=-1: [], old=null STARTING
   FOLLOWER s2@group-A7C5DBE940E2:t2, leader=null, voted=null, raftlog=s2@group-A7C5DBE940E2-SegmentedRaftLog:OPENED:c-1,f-1,i0, conf=-1: [s3:0.0.0.0:38312, s4:0.0.0.0:41737, s0:0.0.0.0:41019, s1:0.0.0.0:38816, s2:0.0.0.0:40694], old=null RUNNING] size=2
	at org.apache.ratis.MiniRaftCluster.newIllegalStateExceptionForNoLeaders(MiniRaftCluster.java:506)
	at org.apache.ratis.RaftTestUtil.lambda$waitForLeader$1(RaftTestUtil.java:90)
	at org.apache.ratis.MiniRaftCluster.getLeader(MiniRaftCluster.java:539)
	at org.apache.ratis.MiniRaftCluster.getLeader(MiniRaftCluster.java:532)
	at org.apache.ratis.RaftTestUtil.lambda$waitForLeader$3(RaftTestUtil.java:98)
	at org.apache.ratis.util.JavaUtils.attempt(JavaUtils.java:152)
	at org.apache.ratis.RaftTestUtil.waitForLeader(RaftTestUtil.java:97)
	at org.apache.ratis.RaftTestUtil.waitForLeader(RaftTestUtil.java:77)
	at org.apache.ratis.server.impl.GroupManagementBaseTest.runMultiGroupTest(GroupManagementBaseTest.java:175)
	at org.apache.ratis.server.impl.GroupManagementBaseTest.runMultiGroupTest(GroupManagementBaseTest.java:126)
	at org.apache.ratis.server.impl.GroupManagementBaseTest.testMultiGroup9Nodes(GroupManagementBaseTest.java:121)
	at sun.reflect.NativeMethodAccessorImpl.invoke0(Native Method)
	at sun.reflect.NativeMethodAccessorImpl.invoke(NativeMethodAccessorImpl.java:62)
	at sun.reflect.DelegatingMethodAccessorImpl.invoke(DelegatingMethodAccessorImpl.java:43)
	at java.lang.reflect.Method.invoke(Method.java:498)
	at org.junit.runners.model.FrameworkMethod$1.runReflectiveCall(FrameworkMethod.java:50)
	at org.junit.internal.runners.model.ReflectiveCallable.run(ReflectiveCallable.java:12)
	at org.junit.runners.model.FrameworkMethod.invokeExplosively(FrameworkMethod.java:47)
	at org.junit.internal.runners.statements.InvokeMethod.evaluate(InvokeMethod.java:17)
	at org.junit.internal.runners.statements.RunAfters.evaluate(RunAfters.java:27)
	at org.junit.internal.runners.statements.FailOnTimeout$CallableStatement.call(FailOnTimeout.java:298)
	at org.junit.internal.runners.statements.FailOnTimeout$CallableStatement.call(FailOnTimeout.java:292)
	at java.util.concurrent.FutureTask.run(FutureTask.java:266)
	at java.lang.Thread.run(Thread.java:748)
2019-09-24 16:47:50,732 WARN  ratis.RaftTestUtil (JavaUtils.java:attempt(158)) - FAILED "waitForLeader-group-A7C5DBE940E2-(expectLeader? true)", attempt #13/100: java.lang.IllegalStateException: No leader yet  for group-A7C5DBE940E2: printing group-A7C5DBE940E2
  s3:  RUNNING [
   FOLLOWER s3@group-FEE41E240123:t0, leader=null, voted=null, raftlog=s3@group-FEE41E240123-SegmentedRaftLog:OPENED:c-1,f-1,i0, conf=-1: [], old=null STARTING
   FOLLOWER s3@group-A7C5DBE940E2:t2, leader=null, voted=null, raftlog=s3@group-A7C5DBE940E2-SegmentedRaftLog:OPENED:c-1,f-1,i0, conf=-1: [s3:0.0.0.0:38312, s4:0.0.0.0:41737, s0:0.0.0.0:41019, s1:0.0.0.0:38816, s2:0.0.0.0:40694], old=null RUNNING] size=2
  s4:  RUNNING [
   FOLLOWER s4@group-FEE41E240123:t0, leader=null, voted=null, raftlog=s4@group-FEE41E240123-SegmentedRaftLog:OPENED:c-1,f-1,i0, conf=-1: [], old=null STARTING
   FOLLOWER s4@group-A7C5DBE940E2:t2, leader=null, voted=null, raftlog=s4@group-A7C5DBE940E2-SegmentedRaftLog:OPENED:c-1,f-1,i0, conf=-1: [s3:0.0.0.0:38312, s4:0.0.0.0:41737, s0:0.0.0.0:41019, s1:0.0.0.0:38816, s2:0.0.0.0:40694], old=null RUNNING] size=2
  s0:  RUNNING [
   FOLLOWER s0@group-FEE41E240123:t0, leader=null, voted=null, raftlog=s0@group-FEE41E240123-SegmentedRaftLog:OPENED:c-1,f-1,i0, conf=-1: [], old=null STARTING
  CANDIDATE s0@group-A7C5DBE940E2:t3, leader=null, voted=s0, raftlog=s0@group-A7C5DBE940E2-SegmentedRaftLog:OPENED:c-1,f-1,i0, conf=-1: [s3:0.0.0.0:38312, s4:0.0.0.0:41737, s0:0.0.0.0:41019, s1:0.0.0.0:38816, s2:0.0.0.0:40694], old=null RUNNING] size=2
  s1:  RUNNING [
   FOLLOWER s1@group-FEE41E240123:t0, leader=null, voted=null, raftlog=s1@group-FEE41E240123-SegmentedRaftLog:OPENED:c-1,f-1,i0, conf=-1: [], old=null STARTING
  CANDIDATE s1@group-A7C5DBE940E2:t3, leader=null, voted=s1, raftlog=s1@group-A7C5DBE940E2-SegmentedRaftLog:OPENED:c-1,f-1,i0, conf=-1: [s3:0.0.0.0:38312, s4:0.0.0.0:41737, s0:0.0.0.0:41019, s1:0.0.0.0:38816, s2:0.0.0.0:40694], old=null RUNNING] size=2
  s2:  RUNNING [
   FOLLOWER s2@group-FEE41E240123:t0, leader=null, voted=null, raftlog=s2@group-FEE41E240123-SegmentedRaftLog:OPENED:c-1,f-1,i0, conf=-1: [], old=null STARTING
   FOLLOWER s2@group-A7C5DBE940E2:t2, leader=null, voted=null, raftlog=s2@group-A7C5DBE940E2-SegmentedRaftLog:OPENED:c-1,f-1,i0, conf=-1: [s3:0.0.0.0:38312, s4:0.0.0.0:41737, s0:0.0.0.0:41019, s1:0.0.0.0:38816, s2:0.0.0.0:40694], old=null RUNNING] size=2, sleep 450ms and then retry.
java.lang.IllegalStateException: No leader yet  for group-A7C5DBE940E2: printing group-A7C5DBE940E2
  s3:  RUNNING [
   FOLLOWER s3@group-FEE41E240123:t0, leader=null, voted=null, raftlog=s3@group-FEE41E240123-SegmentedRaftLog:OPENED:c-1,f-1,i0, conf=-1: [], old=null STARTING
   FOLLOWER s3@group-A7C5DBE940E2:t2, leader=null, voted=null, raftlog=s3@group-A7C5DBE940E2-SegmentedRaftLog:OPENED:c-1,f-1,i0, conf=-1: [s3:0.0.0.0:38312, s4:0.0.0.0:41737, s0:0.0.0.0:41019, s1:0.0.0.0:38816, s2:0.0.0.0:40694], old=null RUNNING] size=2
  s4:  RUNNING [
   FOLLOWER s4@group-FEE41E240123:t0, leader=null, voted=null, raftlog=s4@group-FEE41E240123-SegmentedRaftLog:OPENED:c-1,f-1,i0, conf=-1: [], old=null STARTING
   FOLLOWER s4@group-A7C5DBE940E2:t2, leader=null, voted=null, raftlog=s4@group-A7C5DBE940E2-SegmentedRaftLog:OPENED:c-1,f-1,i0, conf=-1: [s3:0.0.0.0:38312, s4:0.0.0.0:41737, s0:0.0.0.0:41019, s1:0.0.0.0:38816, s2:0.0.0.0:40694], old=null RUNNING] size=2
  s0:  RUNNING [
   FOLLOWER s0@group-FEE41E240123:t0, leader=null, voted=null, raftlog=s0@group-FEE41E240123-SegmentedRaftLog:OPENED:c-1,f-1,i0, conf=-1: [], old=null STARTING
  CANDIDATE s0@group-A7C5DBE940E2:t3, leader=null, voted=s0, raftlog=s0@group-A7C5DBE940E2-SegmentedRaftLog:OPENED:c-1,f-1,i0, conf=-1: [s3:0.0.0.0:38312, s4:0.0.0.0:41737, s0:0.0.0.0:41019, s1:0.0.0.0:38816, s2:0.0.0.0:40694], old=null RUNNING] size=2
  s1:  RUNNING [
   FOLLOWER s1@group-FEE41E240123:t0, leader=null, voted=null, raftlog=s1@group-FEE41E240123-SegmentedRaftLog:OPENED:c-1,f-1,i0, conf=-1: [], old=null STARTING
  CANDIDATE s1@group-A7C5DBE940E2:t3, leader=null, voted=s1, raftlog=s1@group-A7C5DBE940E2-SegmentedRaftLog:OPENED:c-1,f-1,i0, conf=-1: [s3:0.0.0.0:38312, s4:0.0.0.0:41737, s0:0.0.0.0:41019, s1:0.0.0.0:38816, s2:0.0.0.0:40694], old=null RUNNING] size=2
  s2:  RUNNING [
   FOLLOWER s2@group-FEE41E240123:t0, leader=null, voted=null, raftlog=s2@group-FEE41E240123-SegmentedRaftLog:OPENED:c-1,f-1,i0, conf=-1: [], old=null STARTING
   FOLLOWER s2@group-A7C5DBE940E2:t2, leader=null, voted=null, raftlog=s2@group-A7C5DBE940E2-SegmentedRaftLog:OPENED:c-1,f-1,i0, conf=-1: [s3:0.0.0.0:38312, s4:0.0.0.0:41737, s0:0.0.0.0:41019, s1:0.0.0.0:38816, s2:0.0.0.0:40694], old=null RUNNING] size=2
	at org.apache.ratis.MiniRaftCluster.newIllegalStateExceptionForNoLeaders(MiniRaftCluster.java:506)
	at org.apache.ratis.RaftTestUtil.lambda$waitForLeader$1(RaftTestUtil.java:90)
	at org.apache.ratis.MiniRaftCluster.getLeader(MiniRaftCluster.java:539)
	at org.apache.ratis.MiniRaftCluster.getLeader(MiniRaftCluster.java:532)
	at org.apache.ratis.RaftTestUtil.lambda$waitForLeader$3(RaftTestUtil.java:98)
	at org.apache.ratis.util.JavaUtils.attempt(JavaUtils.java:152)
	at org.apache.ratis.RaftTestUtil.waitForLeader(RaftTestUtil.java:97)
	at org.apache.ratis.RaftTestUtil.waitForLeader(RaftTestUtil.java:77)
	at org.apache.ratis.server.impl.GroupManagementBaseTest.runMultiGroupTest(GroupManagementBaseTest.java:175)
	at org.apache.ratis.server.impl.GroupManagementBaseTest.runMultiGroupTest(GroupManagementBaseTest.java:126)
	at org.apache.ratis.server.impl.GroupManagementBaseTest.testMultiGroup9Nodes(GroupManagementBaseTest.java:121)
	at sun.reflect.NativeMethodAccessorImpl.invoke0(Native Method)
	at sun.reflect.NativeMethodAccessorImpl.invoke(NativeMethodAccessorImpl.java:62)
	at sun.reflect.DelegatingMethodAccessorImpl.invoke(DelegatingMethodAccessorImpl.java:43)
	at java.lang.reflect.Method.invoke(Method.java:498)
	at org.junit.runners.model.FrameworkMethod$1.runReflectiveCall(FrameworkMethod.java:50)
	at org.junit.internal.runners.model.ReflectiveCallable.run(ReflectiveCallable.java:12)
	at org.junit.runners.model.FrameworkMethod.invokeExplosively(FrameworkMethod.java:47)
	at org.junit.internal.runners.statements.InvokeMethod.evaluate(InvokeMethod.java:17)
	at org.junit.internal.runners.statements.RunAfters.evaluate(RunAfters.java:27)
	at org.junit.internal.runners.statements.FailOnTimeout$CallableStatement.call(FailOnTimeout.java:298)
	at org.junit.internal.runners.statements.FailOnTimeout$CallableStatement.call(FailOnTimeout.java:292)
	at java.util.concurrent.FutureTask.run(FutureTask.java:266)
	at java.lang.Thread.run(Thread.java:748)
2019-09-24 16:47:50,923 DEBUG impl.RaftServerImpl (RaftServerImpl.java:requestVote(775)) - s4@group-A7C5DBE940E2 replies to vote request: s1<-s4#0:FAIL-t2. Peer's state: s4@group-A7C5DBE940E2:t2, leader=null, voted=null, raftlog=s4@group-A7C5DBE940E2-SegmentedRaftLog:OPENED:c-1,f-1,i0, conf=-1: [s3:0.0.0.0:38312, s4:0.0.0.0:41737, s0:0.0.0.0:41019, s1:0.0.0.0:38816, s2:0.0.0.0:40694], old=null
2019-09-24 16:47:50,923 DEBUG impl.RaftServerImpl (RaftServerImpl.java:requestVote(775)) - s2@group-A7C5DBE940E2 replies to vote request: s0<-s2#0:FAIL-t2. Peer's state: s2@group-A7C5DBE940E2:t2, leader=null, voted=null, raftlog=s2@group-A7C5DBE940E2-SegmentedRaftLog:OPENED:c-1,f-1,i0, conf=-1: [s3:0.0.0.0:38312, s4:0.0.0.0:41737, s0:0.0.0.0:41019, s1:0.0.0.0:38816, s2:0.0.0.0:40694], old=null
2019-09-24 16:47:50,923 DEBUG impl.RaftServerImpl (RaftServerImpl.java:requestVote(775)) - s3@group-A7C5DBE940E2 replies to vote request: s0<-s3#0:FAIL-t2. Peer's state: s3@group-A7C5DBE940E2:t2, leader=null, voted=null, raftlog=s3@group-A7C5DBE940E2-SegmentedRaftLog:OPENED:c-1,f-1,i0, conf=-1: [s3:0.0.0.0:38312, s4:0.0.0.0:41737, s0:0.0.0.0:41019, s1:0.0.0.0:38816, s2:0.0.0.0:40694], old=null
2019-09-24 16:47:50,925 INFO  impl.RaftServerImpl (RaftServerImpl.java:setRole(170)) - s2@group-A7C5DBE940E2: changes role from  FOLLOWER to FOLLOWER at term 2 for recognizeCandidate:s1
2019-09-24 16:47:50,926 INFO  impl.RoleInfo (RoleInfo.java:shutdownFollowerState(121)) - s2: shutdown FollowerState
2019-09-24 16:47:50,925 INFO  impl.RaftServerImpl (RaftServerImpl.java:setRole(170)) - s4@group-A7C5DBE940E2: changes role from  FOLLOWER to FOLLOWER at term 2 for recognizeCandidate:s0
2019-09-24 16:47:50,927 INFO  impl.RoleInfo (RoleInfo.java:updateAndGet(143)) - s2: start FollowerState
2019-09-24 16:47:50,926 INFO  impl.FollowerState (FollowerState.java:run(108)) - s3@group-A7C5DBE940E2-FollowerState: change to CANDIDATE, lastRpcTime:5199ms, electionTimeout:242ms
2019-09-24 16:47:50,927 INFO  impl.RoleInfo (RoleInfo.java:shutdownFollowerState(121)) - s4: shutdown FollowerState
2019-09-24 16:47:50,927 INFO  impl.RoleInfo (RoleInfo.java:shutdownFollowerState(121)) - s3: shutdown FollowerState
2019-09-24 16:47:50,928 INFO  impl.RoleInfo (RoleInfo.java:updateAndGet(143)) - s4: start FollowerState
2019-09-24 16:47:50,928 INFO  impl.RaftServerImpl (RaftServerImpl.java:setRole(170)) - s3@group-A7C5DBE940E2: changes role from  FOLLOWER to CANDIDATE at term 2 for changeToCandidate
2019-09-24 16:47:50,928 INFO  impl.RoleInfo (RoleInfo.java:updateAndGet(143)) - s3: start LeaderElection
2019-09-24 16:47:50,930 INFO  impl.RaftServerImpl (RaftServerImpl.java:setRole(170)) - s3@group-A7C5DBE940E2: changes role from CANDIDATE to FOLLOWER at term 2 for recognizeCandidate:s1
2019-09-24 16:47:50,930 INFO  impl.RoleInfo (RoleInfo.java:shutdownLeaderElection(134)) - s3: shutdown LeaderElection
2019-09-24 16:47:50,930 INFO  impl.RoleInfo (RoleInfo.java:updateAndGet(143)) - s3: start FollowerState
2019-09-24 16:47:50,931 DEBUG impl.RaftServerImpl (RaftServerImpl.java:requestVote(775)) - s3@group-A7C5DBE940E2 replies to vote request: s1<-s3#0:FAIL-t2. Peer's state: s3@group-A7C5DBE940E2:t2, leader=null, voted=null, raftlog=s3@group-A7C5DBE940E2-SegmentedRaftLog:OPENED:c-1,f-1,i0, conf=-1: [s3:0.0.0.0:38312, s4:0.0.0.0:41737, s0:0.0.0.0:41019, s1:0.0.0.0:38816, s2:0.0.0.0:40694], old=null
2019-09-24 16:47:51,184 WARN  ratis.RaftTestUtil (JavaUtils.java:attempt(158)) - FAILED "waitForLeader-group-A7C5DBE940E2-(expectLeader? true)", attempt #14/100: java.lang.IllegalStateException: No leader yet  for group-A7C5DBE940E2: printing group-A7C5DBE940E2
  s3:  RUNNING [
   FOLLOWER s3@group-FEE41E240123:t0, leader=null, voted=null, raftlog=s3@group-FEE41E240123-SegmentedRaftLog:OPENED:c-1,f-1,i0, conf=-1: [], old=null STARTING
   FOLLOWER s3@group-A7C5DBE940E2:t3, leader=null, voted=s3, raftlog=s3@group-A7C5DBE940E2-SegmentedRaftLog:OPENED:c-1,f-1,i0, conf=-1: [s3:0.0.0.0:38312, s4:0.0.0.0:41737, s0:0.0.0.0:41019, s1:0.0.0.0:38816, s2:0.0.0.0:40694], old=null RUNNING] size=2
  s4:  RUNNING [
   FOLLOWER s4@group-FEE41E240123:t0, leader=null, voted=null, raftlog=s4@group-FEE41E240123-SegmentedRaftLog:OPENED:c-1,f-1,i0, conf=-1: [], old=null STARTING
   FOLLOWER s4@group-A7C5DBE940E2:t2, leader=null, voted=s0, raftlog=s4@group-A7C5DBE940E2-SegmentedRaftLog:OPENED:c-1,f-1,i0, conf=-1: [s3:0.0.0.0:38312, s4:0.0.0.0:41737, s0:0.0.0.0:41019, s1:0.0.0.0:38816, s2:0.0.0.0:40694], old=null RUNNING] size=2
  s0:  RUNNING [
   FOLLOWER s0@group-FEE41E240123:t0, leader=null, voted=null, raftlog=s0@group-FEE41E240123-SegmentedRaftLog:OPENED:c-1,f-1,i0, conf=-1: [], old=null STARTING
  CANDIDATE s0@group-A7C5DBE940E2:t3, leader=null, voted=s0, raftlog=s0@group-A7C5DBE940E2-SegmentedRaftLog:OPENED:c-1,f-1,i0, conf=-1: [s3:0.0.0.0:38312, s4:0.0.0.0:41737, s0:0.0.0.0:41019, s1:0.0.0.0:38816, s2:0.0.0.0:40694], old=null RUNNING] size=2
  s1:  RUNNING [
   FOLLOWER s1@group-FEE41E240123:t0, leader=null, voted=null, raftlog=s1@group-FEE41E240123-SegmentedRaftLog:OPENED:c-1,f-1,i0, conf=-1: [], old=null STARTING
  CANDIDATE s1@group-A7C5DBE940E2:t3, leader=null, voted=s1, raftlog=s1@group-A7C5DBE940E2-SegmentedRaftLog:OPENED:c-1,f-1,i0, conf=-1: [s3:0.0.0.0:38312, s4:0.0.0.0:41737, s0:0.0.0.0:41019, s1:0.0.0.0:38816, s2:0.0.0.0:40694], old=null RUNNING] size=2
  s2:  RUNNING [
   FOLLOWER s2@group-FEE41E240123:t0, leader=null, voted=null, raftlog=s2@group-FEE41E240123-SegmentedRaftLog:OPENED:c-1,f-1,i0, conf=-1: [], old=null STARTING
   FOLLOWER s2@group-A7C5DBE940E2:t2, leader=null, voted=s1, raftlog=s2@group-A7C5DBE940E2-SegmentedRaftLog:OPENED:c-1,f-1,i0, conf=-1: [s3:0.0.0.0:38312, s4:0.0.0.0:41737, s0:0.0.0.0:41019, s1:0.0.0.0:38816, s2:0.0.0.0:40694], old=null RUNNING] size=2, sleep 450ms and then retry.
java.lang.IllegalStateException: No leader yet  for group-A7C5DBE940E2: printing group-A7C5DBE940E2
  s3:  RUNNING [
   FOLLOWER s3@group-FEE41E240123:t0, leader=null, voted=null, raftlog=s3@group-FEE41E240123-SegmentedRaftLog:OPENED:c-1,f-1,i0, conf=-1: [], old=null STARTING
   FOLLOWER s3@group-A7C5DBE940E2:t3, leader=null, voted=s3, raftlog=s3@group-A7C5DBE940E2-SegmentedRaftLog:OPENED:c-1,f-1,i0, conf=-1: [s3:0.0.0.0:38312, s4:0.0.0.0:41737, s0:0.0.0.0:41019, s1:0.0.0.0:38816, s2:0.0.0.0:40694], old=null RUNNING] size=2
  s4:  RUNNING [
   FOLLOWER s4@group-FEE41E240123:t0, leader=null, voted=null, raftlog=s4@group-FEE41E240123-SegmentedRaftLog:OPENED:c-1,f-1,i0, conf=-1: [], old=null STARTING
   FOLLOWER s4@group-A7C5DBE940E2:t2, leader=null, voted=s0, raftlog=s4@group-A7C5DBE940E2-SegmentedRaftLog:OPENED:c-1,f-1,i0, conf=-1: [s3:0.0.0.0:38312, s4:0.0.0.0:41737, s0:0.0.0.0:41019, s1:0.0.0.0:38816, s2:0.0.0.0:40694], old=null RUNNING] size=2
  s0:  RUNNING [
   FOLLOWER s0@group-FEE41E240123:t0, leader=null, voted=null, raftlog=s0@group-FEE41E240123-SegmentedRaftLog:OPENED:c-1,f-1,i0, conf=-1: [], old=null STARTING
  CANDIDATE s0@group-A7C5DBE940E2:t3, leader=null, voted=s0, raftlog=s0@group-A7C5DBE940E2-SegmentedRaftLog:OPENED:c-1,f-1,i0, conf=-1: [s3:0.0.0.0:38312, s4:0.0.0.0:41737, s0:0.0.0.0:41019, s1:0.0.0.0:38816, s2:0.0.0.0:40694], old=null RUNNING] size=2
  s1:  RUNNING [
   FOLLOWER s1@group-FEE41E240123:t0, leader=null, voted=null, raftlog=s1@group-FEE41E240123-SegmentedRaftLog:OPENED:c-1,f-1,i0, conf=-1: [], old=null STARTING
  CANDIDATE s1@group-A7C5DBE940E2:t3, leader=null, voted=s1, raftlog=s1@group-A7C5DBE940E2-SegmentedRaftLog:OPENED:c-1,f-1,i0, conf=-1: [s3:0.0.0.0:38312, s4:0.0.0.0:41737, s0:0.0.0.0:41019, s1:0.0.0.0:38816, s2:0.0.0.0:40694], old=null RUNNING] size=2
  s2:  RUNNING [
   FOLLOWER s2@group-FEE41E240123:t0, leader=null, voted=null, raftlog=s2@group-FEE41E240123-SegmentedRaftLog:OPENED:c-1,f-1,i0, conf=-1: [], old=null STARTING
   FOLLOWER s2@group-A7C5DBE940E2:t2, leader=null, voted=s1, raftlog=s2@group-A7C5DBE940E2-SegmentedRaftLog:OPENED:c-1,f-1,i0, conf=-1: [s3:0.0.0.0:38312, s4:0.0.0.0:41737, s0:0.0.0.0:41019, s1:0.0.0.0:38816, s2:0.0.0.0:40694], old=null RUNNING] size=2
	at org.apache.ratis.MiniRaftCluster.newIllegalStateExceptionForNoLeaders(MiniRaftCluster.java:506)
	at org.apache.ratis.RaftTestUtil.lambda$waitForLeader$1(RaftTestUtil.java:90)
	at org.apache.ratis.MiniRaftCluster.getLeader(MiniRaftCluster.java:539)
	at org.apache.ratis.MiniRaftCluster.getLeader(MiniRaftCluster.java:532)
	at org.apache.ratis.RaftTestUtil.lambda$waitForLeader$3(RaftTestUtil.java:98)
	at org.apache.ratis.util.JavaUtils.attempt(JavaUtils.java:152)
	at org.apache.ratis.RaftTestUtil.waitForLeader(RaftTestUtil.java:97)
	at org.apache.ratis.RaftTestUtil.waitForLeader(RaftTestUtil.java:77)
	at org.apache.ratis.server.impl.GroupManagementBaseTest.runMultiGroupTest(GroupManagementBaseTest.java:175)
	at org.apache.ratis.server.impl.GroupManagementBaseTest.runMultiGroupTest(GroupManagementBaseTest.java:126)
	at org.apache.ratis.server.impl.GroupManagementBaseTest.testMultiGroup9Nodes(GroupManagementBaseTest.java:121)
	at sun.reflect.NativeMethodAccessorImpl.invoke0(Native Method)
	at sun.reflect.NativeMethodAccessorImpl.invoke(NativeMethodAccessorImpl.java:62)
	at sun.reflect.DelegatingMethodAccessorImpl.invoke(DelegatingMethodAccessorImpl.java:43)
	at java.lang.reflect.Method.invoke(Method.java:498)
	at org.junit.runners.model.FrameworkMethod$1.runReflectiveCall(FrameworkMethod.java:50)
	at org.junit.internal.runners.model.ReflectiveCallable.run(ReflectiveCallable.java:12)
	at org.junit.runners.model.FrameworkMethod.invokeExplosively(FrameworkMethod.java:47)
	at org.junit.internal.runners.statements.InvokeMethod.evaluate(InvokeMethod.java:17)
	at org.junit.internal.runners.statements.RunAfters.evaluate(RunAfters.java:27)
	at org.junit.internal.runners.statements.FailOnTimeout$CallableStatement.call(FailOnTimeout.java:298)
	at org.junit.internal.runners.statements.FailOnTimeout$CallableStatement.call(FailOnTimeout.java:292)
	at java.util.concurrent.FutureTask.run(FutureTask.java:266)
	at java.lang.Thread.run(Thread.java:748)
2019-09-24 16:47:51,636 WARN  ratis.RaftTestUtil (JavaUtils.java:attempt(158)) - FAILED "waitForLeader-group-A7C5DBE940E2-(expectLeader? true)", attempt #15/100: java.lang.IllegalStateException: No leader yet  for group-A7C5DBE940E2: printing group-A7C5DBE940E2
  s3:  RUNNING [
   FOLLOWER s3@group-FEE41E240123:t0, leader=null, voted=null, raftlog=s3@group-FEE41E240123-SegmentedRaftLog:OPENED:c-1,f-1,i0, conf=-1: [], old=null STARTING
   FOLLOWER s3@group-A7C5DBE940E2:t3, leader=null, voted=s3, raftlog=s3@group-A7C5DBE940E2-SegmentedRaftLog:OPENED:c-1,f-1,i0, conf=-1: [s3:0.0.0.0:38312, s4:0.0.0.0:41737, s0:0.0.0.0:41019, s1:0.0.0.0:38816, s2:0.0.0.0:40694], old=null RUNNING] size=2
  s4:  RUNNING [
   FOLLOWER s4@group-FEE41E240123:t0, leader=null, voted=null, raftlog=s4@group-FEE41E240123-SegmentedRaftLog:OPENED:c-1,f-1,i0, conf=-1: [], old=null STARTING
   FOLLOWER s4@group-A7C5DBE940E2:t2, leader=null, voted=s0, raftlog=s4@group-A7C5DBE940E2-SegmentedRaftLog:OPENED:c-1,f-1,i0, conf=-1: [s3:0.0.0.0:38312, s4:0.0.0.0:41737, s0:0.0.0.0:41019, s1:0.0.0.0:38816, s2:0.0.0.0:40694], old=null RUNNING] size=2
  s0:  RUNNING [
   FOLLOWER s0@group-FEE41E240123:t0, leader=null, voted=null, raftlog=s0@group-FEE41E240123-SegmentedRaftLog:OPENED:c-1,f-1,i0, conf=-1: [], old=null STARTING
  CANDIDATE s0@group-A7C5DBE940E2:t3, leader=null, voted=s0, raftlog=s0@group-A7C5DBE940E2-SegmentedRaftLog:OPENED:c-1,f-1,i0, conf=-1: [s3:0.0.0.0:38312, s4:0.0.0.0:41737, s0:0.0.0.0:41019, s1:0.0.0.0:38816, s2:0.0.0.0:40694], old=null RUNNING] size=2
  s1:  RUNNING [
   FOLLOWER s1@group-FEE41E240123:t0, leader=null, voted=null, raftlog=s1@group-FEE41E240123-SegmentedRaftLog:OPENED:c-1,f-1,i0, conf=-1: [], old=null STARTING
  CANDIDATE s1@group-A7C5DBE940E2:t3, leader=null, voted=s1, raftlog=s1@group-A7C5DBE940E2-SegmentedRaftLog:OPENED:c-1,f-1,i0, conf=-1: [s3:0.0.0.0:38312, s4:0.0.0.0:41737, s0:0.0.0.0:41019, s1:0.0.0.0:38816, s2:0.0.0.0:40694], old=null RUNNING] size=2
  s2:  RUNNING [
   FOLLOWER s2@group-FEE41E240123:t0, leader=null, voted=null, raftlog=s2@group-FEE41E240123-SegmentedRaftLog:OPENED:c-1,f-1,i0, conf=-1: [], old=null STARTING
   FOLLOWER s2@group-A7C5DBE940E2:t2, leader=null, voted=s1, raftlog=s2@group-A7C5DBE940E2-SegmentedRaftLog:OPENED:c-1,f-1,i0, conf=-1: [s3:0.0.0.0:38312, s4:0.0.0.0:41737, s0:0.0.0.0:41019, s1:0.0.0.0:38816, s2:0.0.0.0:40694], old=null RUNNING] size=2, sleep 450ms and then retry.
java.lang.IllegalStateException: No leader yet  for group-A7C5DBE940E2: printing group-A7C5DBE940E2
  s3:  RUNNING [
   FOLLOWER s3@group-FEE41E240123:t0, leader=null, voted=null, raftlog=s3@group-FEE41E240123-SegmentedRaftLog:OPENED:c-1,f-1,i0, conf=-1: [], old=null STARTING
   FOLLOWER s3@group-A7C5DBE940E2:t3, leader=null, voted=s3, raftlog=s3@group-A7C5DBE940E2-SegmentedRaftLog:OPENED:c-1,f-1,i0, conf=-1: [s3:0.0.0.0:38312, s4:0.0.0.0:41737, s0:0.0.0.0:41019, s1:0.0.0.0:38816, s2:0.0.0.0:40694], old=null RUNNING] size=2
  s4:  RUNNING [
   FOLLOWER s4@group-FEE41E240123:t0, leader=null, voted=null, raftlog=s4@group-FEE41E240123-SegmentedRaftLog:OPENED:c-1,f-1,i0, conf=-1: [], old=null STARTING
   FOLLOWER s4@group-A7C5DBE940E2:t2, leader=null, voted=s0, raftlog=s4@group-A7C5DBE940E2-SegmentedRaftLog:OPENED:c-1,f-1,i0, conf=-1: [s3:0.0.0.0:38312, s4:0.0.0.0:41737, s0:0.0.0.0:41019, s1:0.0.0.0:38816, s2:0.0.0.0:40694], old=null RUNNING] size=2
  s0:  RUNNING [
   FOLLOWER s0@group-FEE41E240123:t0, leader=null, voted=null, raftlog=s0@group-FEE41E240123-SegmentedRaftLog:OPENED:c-1,f-1,i0, conf=-1: [], old=null STARTING
  CANDIDATE s0@group-A7C5DBE940E2:t3, leader=null, voted=s0, raftlog=s0@group-A7C5DBE940E2-SegmentedRaftLog:OPENED:c-1,f-1,i0, conf=-1: [s3:0.0.0.0:38312, s4:0.0.0.0:41737, s0:0.0.0.0:41019, s1:0.0.0.0:38816, s2:0.0.0.0:40694], old=null RUNNING] size=2
  s1:  RUNNING [
   FOLLOWER s1@group-FEE41E240123:t0, leader=null, voted=null, raftlog=s1@group-FEE41E240123-SegmentedRaftLog:OPENED:c-1,f-1,i0, conf=-1: [], old=null STARTING
  CANDIDATE s1@group-A7C5DBE940E2:t3, leader=null, voted=s1, raftlog=s1@group-A7C5DBE940E2-SegmentedRaftLog:OPENED:c-1,f-1,i0, conf=-1: [s3:0.0.0.0:38312, s4:0.0.0.0:41737, s0:0.0.0.0:41019, s1:0.0.0.0:38816, s2:0.0.0.0:40694], old=null RUNNING] size=2
  s2:  RUNNING [
   FOLLOWER s2@group-FEE41E240123:t0, leader=null, voted=null, raftlog=s2@group-FEE41E240123-SegmentedRaftLog:OPENED:c-1,f-1,i0, conf=-1: [], old=null STARTING
   FOLLOWER s2@group-A7C5DBE940E2:t2, leader=null, voted=s1, raftlog=s2@group-A7C5DBE940E2-SegmentedRaftLog:OPENED:c-1,f-1,i0, conf=-1: [s3:0.0.0.0:38312, s4:0.0.0.0:41737, s0:0.0.0.0:41019, s1:0.0.0.0:38816, s2:0.0.0.0:40694], old=null RUNNING] size=2
	at org.apache.ratis.MiniRaftCluster.newIllegalStateExceptionForNoLeaders(MiniRaftCluster.java:506)
	at org.apache.ratis.RaftTestUtil.lambda$waitForLeader$1(RaftTestUtil.java:90)
	at org.apache.ratis.MiniRaftCluster.getLeader(MiniRaftCluster.java:539)
	at org.apache.ratis.MiniRaftCluster.getLeader(MiniRaftCluster.java:532)
	at org.apache.ratis.RaftTestUtil.lambda$waitForLeader$3(RaftTestUtil.java:98)
	at org.apache.ratis.util.JavaUtils.attempt(JavaUtils.java:152)
	at org.apache.ratis.RaftTestUtil.waitForLeader(RaftTestUtil.java:97)
	at org.apache.ratis.RaftTestUtil.waitForLeader(RaftTestUtil.java:77)
	at org.apache.ratis.server.impl.GroupManagementBaseTest.runMultiGroupTest(GroupManagementBaseTest.java:175)
	at org.apache.ratis.server.impl.GroupManagementBaseTest.runMultiGroupTest(GroupManagementBaseTest.java:126)
	at org.apache.ratis.server.impl.GroupManagementBaseTest.testMultiGroup9Nodes(GroupManagementBaseTest.java:121)
	at sun.reflect.NativeMethodAccessorImpl.invoke0(Native Method)
	at sun.reflect.NativeMethodAccessorImpl.invoke(NativeMethodAccessorImpl.java:62)
	at sun.reflect.DelegatingMethodAccessorImpl.invoke(DelegatingMethodAccessorImpl.java:43)
	at java.lang.reflect.Method.invoke(Method.java:498)
	at org.junit.runners.model.FrameworkMethod$1.runReflectiveCall(FrameworkMethod.java:50)
	at org.junit.internal.runners.model.ReflectiveCallable.run(ReflectiveCallable.java:12)
	at org.junit.runners.model.FrameworkMethod.invokeExplosively(FrameworkMethod.java:47)
	at org.junit.internal.runners.statements.InvokeMethod.evaluate(InvokeMethod.java:17)
	at org.junit.internal.runners.statements.RunAfters.evaluate(RunAfters.java:27)
	at org.junit.internal.runners.statements.FailOnTimeout$CallableStatement.call(FailOnTimeout.java:298)
	at org.junit.internal.runners.statements.FailOnTimeout$CallableStatement.call(FailOnTimeout.java:292)
	at java.util.concurrent.FutureTask.run(FutureTask.java:266)
	at java.lang.Thread.run(Thread.java:748)
2019-09-24 16:47:52,087 WARN  ratis.RaftTestUtil (JavaUtils.java:attempt(158)) - FAILED "waitForLeader-group-A7C5DBE940E2-(expectLeader? true)", attempt #16/100: java.lang.IllegalStateException: No leader yet  for group-A7C5DBE940E2: printing group-A7C5DBE940E2
  s3:  RUNNING [
   FOLLOWER s3@group-FEE41E240123:t0, leader=null, voted=null, raftlog=s3@group-FEE41E240123-SegmentedRaftLog:OPENED:c-1,f-1,i0, conf=-1: [], old=null STARTING
   FOLLOWER s3@group-A7C5DBE940E2:t3, leader=null, voted=s3, raftlog=s3@group-A7C5DBE940E2-SegmentedRaftLog:OPENED:c-1,f-1,i0, conf=-1: [s3:0.0.0.0:38312, s4:0.0.0.0:41737, s0:0.0.0.0:41019, s1:0.0.0.0:38816, s2:0.0.0.0:40694], old=null RUNNING] size=2
  s4:  RUNNING [
   FOLLOWER s4@group-FEE41E240123:t0, leader=null, voted=null, raftlog=s4@group-FEE41E240123-SegmentedRaftLog:OPENED:c-1,f-1,i0, conf=-1: [], old=null STARTING
   FOLLOWER s4@group-A7C5DBE940E2:t2, leader=null, voted=s0, raftlog=s4@group-A7C5DBE940E2-SegmentedRaftLog:OPENED:c-1,f-1,i0, conf=-1: [s3:0.0.0.0:38312, s4:0.0.0.0:41737, s0:0.0.0.0:41019, s1:0.0.0.0:38816, s2:0.0.0.0:40694], old=null RUNNING] size=2
  s0:  RUNNING [
   FOLLOWER s0@group-FEE41E240123:t0, leader=null, voted=null, raftlog=s0@group-FEE41E240123-SegmentedRaftLog:OPENED:c-1,f-1,i0, conf=-1: [], old=null STARTING
  CANDIDATE s0@group-A7C5DBE940E2:t3, leader=null, voted=s0, raftlog=s0@group-A7C5DBE940E2-SegmentedRaftLog:OPENED:c-1,f-1,i0, conf=-1: [s3:0.0.0.0:38312, s4:0.0.0.0:41737, s0:0.0.0.0:41019, s1:0.0.0.0:38816, s2:0.0.0.0:40694], old=null RUNNING] size=2
  s1:  RUNNING [
   FOLLOWER s1@group-FEE41E240123:t0, leader=null, voted=null, raftlog=s1@group-FEE41E240123-SegmentedRaftLog:OPENED:c-1,f-1,i0, conf=-1: [], old=null STARTING
  CANDIDATE s1@group-A7C5DBE940E2:t3, leader=null, voted=s1, raftlog=s1@group-A7C5DBE940E2-SegmentedRaftLog:OPENED:c-1,f-1,i0, conf=-1: [s3:0.0.0.0:38312, s4:0.0.0.0:41737, s0:0.0.0.0:41019, s1:0.0.0.0:38816, s2:0.0.0.0:40694], old=null RUNNING] size=2
  s2:  RUNNING [
   FOLLOWER s2@group-FEE41E240123:t0, leader=null, voted=null, raftlog=s2@group-FEE41E240123-SegmentedRaftLog:OPENED:c-1,f-1,i0, conf=-1: [], old=null STARTING
   FOLLOWER s2@group-A7C5DBE940E2:t2, leader=null, voted=s1, raftlog=s2@group-A7C5DBE940E2-SegmentedRaftLog:OPENED:c-1,f-1,i0, conf=-1: [s3:0.0.0.0:38312, s4:0.0.0.0:41737, s0:0.0.0.0:41019, s1:0.0.0.0:38816, s2:0.0.0.0:40694], old=null RUNNING] size=2, sleep 450ms and then retry.
java.lang.IllegalStateException: No leader yet  for group-A7C5DBE940E2: printing group-A7C5DBE940E2
  s3:  RUNNING [
   FOLLOWER s3@group-FEE41E240123:t0, leader=null, voted=null, raftlog=s3@group-FEE41E240123-SegmentedRaftLog:OPENED:c-1,f-1,i0, conf=-1: [], old=null STARTING
   FOLLOWER s3@group-A7C5DBE940E2:t3, leader=null, voted=s3, raftlog=s3@group-A7C5DBE940E2-SegmentedRaftLog:OPENED:c-1,f-1,i0, conf=-1: [s3:0.0.0.0:38312, s4:0.0.0.0:41737, s0:0.0.0.0:41019, s1:0.0.0.0:38816, s2:0.0.0.0:40694], old=null RUNNING] size=2
  s4:  RUNNING [
   FOLLOWER s4@group-FEE41E240123:t0, leader=null, voted=null, raftlog=s4@group-FEE41E240123-SegmentedRaftLog:OPENED:c-1,f-1,i0, conf=-1: [], old=null STARTING
   FOLLOWER s4@group-A7C5DBE940E2:t2, leader=null, voted=s0, raftlog=s4@group-A7C5DBE940E2-SegmentedRaftLog:OPENED:c-1,f-1,i0, conf=-1: [s3:0.0.0.0:38312, s4:0.0.0.0:41737, s0:0.0.0.0:41019, s1:0.0.0.0:38816, s2:0.0.0.0:40694], old=null RUNNING] size=2
  s0:  RUNNING [
   FOLLOWER s0@group-FEE41E240123:t0, leader=null, voted=null, raftlog=s0@group-FEE41E240123-SegmentedRaftLog:OPENED:c-1,f-1,i0, conf=-1: [], old=null STARTING
  CANDIDATE s0@group-A7C5DBE940E2:t3, leader=null, voted=s0, raftlog=s0@group-A7C5DBE940E2-SegmentedRaftLog:OPENED:c-1,f-1,i0, conf=-1: [s3:0.0.0.0:38312, s4:0.0.0.0:41737, s0:0.0.0.0:41019, s1:0.0.0.0:38816, s2:0.0.0.0:40694], old=null RUNNING] size=2
  s1:  RUNNING [
   FOLLOWER s1@group-FEE41E240123:t0, leader=null, voted=null, raftlog=s1@group-FEE41E240123-SegmentedRaftLog:OPENED:c-1,f-1,i0, conf=-1: [], old=null STARTING
  CANDIDATE s1@group-A7C5DBE940E2:t3, leader=null, voted=s1, raftlog=s1@group-A7C5DBE940E2-SegmentedRaftLog:OPENED:c-1,f-1,i0, conf=-1: [s3:0.0.0.0:38312, s4:0.0.0.0:41737, s0:0.0.0.0:41019, s1:0.0.0.0:38816, s2:0.0.0.0:40694], old=null RUNNING] size=2
  s2:  RUNNING [
   FOLLOWER s2@group-FEE41E240123:t0, leader=null, voted=null, raftlog=s2@group-FEE41E240123-SegmentedRaftLog:OPENED:c-1,f-1,i0, conf=-1: [], old=null STARTING
   FOLLOWER s2@group-A7C5DBE940E2:t2, leader=null, voted=s1, raftlog=s2@group-A7C5DBE940E2-SegmentedRaftLog:OPENED:c-1,f-1,i0, conf=-1: [s3:0.0.0.0:38312, s4:0.0.0.0:41737, s0:0.0.0.0:41019, s1:0.0.0.0:38816, s2:0.0.0.0:40694], old=null RUNNING] size=2
	at org.apache.ratis.MiniRaftCluster.newIllegalStateExceptionForNoLeaders(MiniRaftCluster.java:506)
	at org.apache.ratis.RaftTestUtil.lambda$waitForLeader$1(RaftTestUtil.java:90)
	at org.apache.ratis.MiniRaftCluster.getLeader(MiniRaftCluster.java:539)
	at org.apache.ratis.MiniRaftCluster.getLeader(MiniRaftCluster.java:532)
	at org.apache.ratis.RaftTestUtil.lambda$waitForLeader$3(RaftTestUtil.java:98)
	at org.apache.ratis.util.JavaUtils.attempt(JavaUtils.java:152)
	at org.apache.ratis.RaftTestUtil.waitForLeader(RaftTestUtil.java:97)
	at org.apache.ratis.RaftTestUtil.waitForLeader(RaftTestUtil.java:77)
	at org.apache.ratis.server.impl.GroupManagementBaseTest.runMultiGroupTest(GroupManagementBaseTest.java:175)
	at org.apache.ratis.server.impl.GroupManagementBaseTest.runMultiGroupTest(GroupManagementBaseTest.java:126)
	at org.apache.ratis.server.impl.GroupManagementBaseTest.testMultiGroup9Nodes(GroupManagementBaseTest.java:121)
	at sun.reflect.NativeMethodAccessorImpl.invoke0(Native Method)
	at sun.reflect.NativeMethodAccessorImpl.invoke(NativeMethodAccessorImpl.java:62)
	at sun.reflect.DelegatingMethodAccessorImpl.invoke(DelegatingMethodAccessorImpl.java:43)
	at java.lang.reflect.Method.invoke(Method.java:498)
	at org.junit.runners.model.FrameworkMethod$1.runReflectiveCall(FrameworkMethod.java:50)
	at org.junit.internal.runners.model.ReflectiveCallable.run(ReflectiveCallable.java:12)
	at org.junit.runners.model.FrameworkMethod.invokeExplosively(FrameworkMethod.java:47)
	at org.junit.internal.runners.statements.InvokeMethod.evaluate(InvokeMethod.java:17)
	at org.junit.internal.runners.statements.RunAfters.evaluate(RunAfters.java:27)
	at org.junit.internal.runners.statements.FailOnTimeout$CallableStatement.call(FailOnTimeout.java:298)
	at org.junit.internal.runners.statements.FailOnTimeout$CallableStatement.call(FailOnTimeout.java:292)
	at java.util.concurrent.FutureTask.run(FutureTask.java:266)
	at java.lang.Thread.run(Thread.java:748)
2019-09-24 16:47:52,539 WARN  ratis.RaftTestUtil (JavaUtils.java:attempt(158)) - FAILED "waitForLeader-group-A7C5DBE940E2-(expectLeader? true)", attempt #17/100: java.lang.IllegalStateException: No leader yet  for group-A7C5DBE940E2: printing group-A7C5DBE940E2
  s3:  RUNNING [
   FOLLOWER s3@group-FEE41E240123:t0, leader=null, voted=null, raftlog=s3@group-FEE41E240123-SegmentedRaftLog:OPENED:c-1,f-1,i0, conf=-1: [], old=null STARTING
   FOLLOWER s3@group-A7C5DBE940E2:t3, leader=null, voted=s3, raftlog=s3@group-A7C5DBE940E2-SegmentedRaftLog:OPENED:c-1,f-1,i0, conf=-1: [s3:0.0.0.0:38312, s4:0.0.0.0:41737, s0:0.0.0.0:41019, s1:0.0.0.0:38816, s2:0.0.0.0:40694], old=null RUNNING] size=2
  s4:  RUNNING [
   FOLLOWER s4@group-FEE41E240123:t0, leader=null, voted=null, raftlog=s4@group-FEE41E240123-SegmentedRaftLog:OPENED:c-1,f-1,i0, conf=-1: [], old=null STARTING
   FOLLOWER s4@group-A7C5DBE940E2:t2, leader=null, voted=s0, raftlog=s4@group-A7C5DBE940E2-SegmentedRaftLog:OPENED:c-1,f-1,i0, conf=-1: [s3:0.0.0.0:38312, s4:0.0.0.0:41737, s0:0.0.0.0:41019, s1:0.0.0.0:38816, s2:0.0.0.0:40694], old=null RUNNING] size=2
  s0:  RUNNING [
   FOLLOWER s0@group-FEE41E240123:t0, leader=null, voted=null, raftlog=s0@group-FEE41E240123-SegmentedRaftLog:OPENED:c-1,f-1,i0, conf=-1: [], old=null STARTING
  CANDIDATE s0@group-A7C5DBE940E2:t3, leader=null, voted=s0, raftlog=s0@group-A7C5DBE940E2-SegmentedRaftLog:OPENED:c-1,f-1,i0, conf=-1: [s3:0.0.0.0:38312, s4:0.0.0.0:41737, s0:0.0.0.0:41019, s1:0.0.0.0:38816, s2:0.0.0.0:40694], old=null RUNNING] size=2
  s1:  RUNNING [
   FOLLOWER s1@group-FEE41E240123:t0, leader=null, voted=null, raftlog=s1@group-FEE41E240123-SegmentedRaftLog:OPENED:c-1,f-1,i0, conf=-1: [], old=null STARTING
  CANDIDATE s1@group-A7C5DBE940E2:t3, leader=null, voted=s1, raftlog=s1@group-A7C5DBE940E2-SegmentedRaftLog:OPENED:c-1,f-1,i0, conf=-1: [s3:0.0.0.0:38312, s4:0.0.0.0:41737, s0:0.0.0.0:41019, s1:0.0.0.0:38816, s2:0.0.0.0:40694], old=null RUNNING] size=2
  s2:  RUNNING [
   FOLLOWER s2@group-FEE41E240123:t0, leader=null, voted=null, raftlog=s2@group-FEE41E240123-SegmentedRaftLog:OPENED:c-1,f-1,i0, conf=-1: [], old=null STARTING
   FOLLOWER s2@group-A7C5DBE940E2:t2, leader=null, voted=s1, raftlog=s2@group-A7C5DBE940E2-SegmentedRaftLog:OPENED:c-1,f-1,i0, conf=-1: [s3:0.0.0.0:38312, s4:0.0.0.0:41737, s0:0.0.0.0:41019, s1:0.0.0.0:38816, s2:0.0.0.0:40694], old=null RUNNING] size=2, sleep 450ms and then retry.
java.lang.IllegalStateException: No leader yet  for group-A7C5DBE940E2: printing group-A7C5DBE940E2
  s3:  RUNNING [
   FOLLOWER s3@group-FEE41E240123:t0, leader=null, voted=null, raftlog=s3@group-FEE41E240123-SegmentedRaftLog:OPENED:c-1,f-1,i0, conf=-1: [], old=null STARTING
   FOLLOWER s3@group-A7C5DBE940E2:t3, leader=null, voted=s3, raftlog=s3@group-A7C5DBE940E2-SegmentedRaftLog:OPENED:c-1,f-1,i0, conf=-1: [s3:0.0.0.0:38312, s4:0.0.0.0:41737, s0:0.0.0.0:41019, s1:0.0.0.0:38816, s2:0.0.0.0:40694], old=null RUNNING] size=2
  s4:  RUNNING [
   FOLLOWER s4@group-FEE41E240123:t0, leader=null, voted=null, raftlog=s4@group-FEE41E240123-SegmentedRaftLog:OPENED:c-1,f-1,i0, conf=-1: [], old=null STARTING
   FOLLOWER s4@group-A7C5DBE940E2:t2, leader=null, voted=s0, raftlog=s4@group-A7C5DBE940E2-SegmentedRaftLog:OPENED:c-1,f-1,i0, conf=-1: [s3:0.0.0.0:38312, s4:0.0.0.0:41737, s0:0.0.0.0:41019, s1:0.0.0.0:38816, s2:0.0.0.0:40694], old=null RUNNING] size=2
  s0:  RUNNING [
   FOLLOWER s0@group-FEE41E240123:t0, leader=null, voted=null, raftlog=s0@group-FEE41E240123-SegmentedRaftLog:OPENED:c-1,f-1,i0, conf=-1: [], old=null STARTING
  CANDIDATE s0@group-A7C5DBE940E2:t3, leader=null, voted=s0, raftlog=s0@group-A7C5DBE940E2-SegmentedRaftLog:OPENED:c-1,f-1,i0, conf=-1: [s3:0.0.0.0:38312, s4:0.0.0.0:41737, s0:0.0.0.0:41019, s1:0.0.0.0:38816, s2:0.0.0.0:40694], old=null RUNNING] size=2
  s1:  RUNNING [
   FOLLOWER s1@group-FEE41E240123:t0, leader=null, voted=null, raftlog=s1@group-FEE41E240123-SegmentedRaftLog:OPENED:c-1,f-1,i0, conf=-1: [], old=null STARTING
  CANDIDATE s1@group-A7C5DBE940E2:t3, leader=null, voted=s1, raftlog=s1@group-A7C5DBE940E2-SegmentedRaftLog:OPENED:c-1,f-1,i0, conf=-1: [s3:0.0.0.0:38312, s4:0.0.0.0:41737, s0:0.0.0.0:41019, s1:0.0.0.0:38816, s2:0.0.0.0:40694], old=null RUNNING] size=2
  s2:  RUNNING [
   FOLLOWER s2@group-FEE41E240123:t0, leader=null, voted=null, raftlog=s2@group-FEE41E240123-SegmentedRaftLog:OPENED:c-1,f-1,i0, conf=-1: [], old=null STARTING
   FOLLOWER s2@group-A7C5DBE940E2:t2, leader=null, voted=s1, raftlog=s2@group-A7C5DBE940E2-SegmentedRaftLog:OPENED:c-1,f-1,i0, conf=-1: [s3:0.0.0.0:38312, s4:0.0.0.0:41737, s0:0.0.0.0:41019, s1:0.0.0.0:38816, s2:0.0.0.0:40694], old=null RUNNING] size=2
	at org.apache.ratis.MiniRaftCluster.newIllegalStateExceptionForNoLeaders(MiniRaftCluster.java:506)
	at org.apache.ratis.RaftTestUtil.lambda$waitForLeader$1(RaftTestUtil.java:90)
	at org.apache.ratis.MiniRaftCluster.getLeader(MiniRaftCluster.java:539)
	at org.apache.ratis.MiniRaftCluster.getLeader(MiniRaftCluster.java:532)
	at org.apache.ratis.RaftTestUtil.lambda$waitForLeader$3(RaftTestUtil.java:98)
	at org.apache.ratis.util.JavaUtils.attempt(JavaUtils.java:152)
	at org.apache.ratis.RaftTestUtil.waitForLeader(RaftTestUtil.java:97)
	at org.apache.ratis.RaftTestUtil.waitForLeader(RaftTestUtil.java:77)
	at org.apache.ratis.server.impl.GroupManagementBaseTest.runMultiGroupTest(GroupManagementBaseTest.java:175)
	at org.apache.ratis.server.impl.GroupManagementBaseTest.runMultiGroupTest(GroupManagementBaseTest.java:126)
	at org.apache.ratis.server.impl.GroupManagementBaseTest.testMultiGroup9Nodes(GroupManagementBaseTest.java:121)
	at sun.reflect.NativeMethodAccessorImpl.invoke0(Native Method)
	at sun.reflect.NativeMethodAccessorImpl.invoke(NativeMethodAccessorImpl.java:62)
	at sun.reflect.DelegatingMethodAccessorImpl.invoke(DelegatingMethodAccessorImpl.java:43)
	at java.lang.reflect.Method.invoke(Method.java:498)
	at org.junit.runners.model.FrameworkMethod$1.runReflectiveCall(FrameworkMethod.java:50)
	at org.junit.internal.runners.model.ReflectiveCallable.run(ReflectiveCallable.java:12)
	at org.junit.runners.model.FrameworkMethod.invokeExplosively(FrameworkMethod.java:47)
	at org.junit.internal.runners.statements.InvokeMethod.evaluate(InvokeMethod.java:17)
	at org.junit.internal.runners.statements.RunAfters.evaluate(RunAfters.java:27)
	at org.junit.internal.runners.statements.FailOnTimeout$CallableStatement.call(FailOnTimeout.java:298)
	at org.junit.internal.runners.statements.FailOnTimeout$CallableStatement.call(FailOnTimeout.java:292)
	at java.util.concurrent.FutureTask.run(FutureTask.java:266)
	at java.lang.Thread.run(Thread.java:748)
2019-09-24 16:47:52,991 WARN  ratis.RaftTestUtil (JavaUtils.java:attempt(158)) - FAILED "waitForLeader-group-A7C5DBE940E2-(expectLeader? true)", attempt #18/100: java.lang.IllegalStateException: No leader yet  for group-A7C5DBE940E2: printing group-A7C5DBE940E2
  s3:  RUNNING [
   FOLLOWER s3@group-FEE41E240123:t0, leader=null, voted=null, raftlog=s3@group-FEE41E240123-SegmentedRaftLog:OPENED:c-1,f-1,i0, conf=-1: [], old=null STARTING
   FOLLOWER s3@group-A7C5DBE940E2:t3, leader=null, voted=s3, raftlog=s3@group-A7C5DBE940E2-SegmentedRaftLog:OPENED:c-1,f-1,i0, conf=-1: [s3:0.0.0.0:38312, s4:0.0.0.0:41737, s0:0.0.0.0:41019, s1:0.0.0.0:38816, s2:0.0.0.0:40694], old=null RUNNING] size=2
  s4:  RUNNING [
   FOLLOWER s4@group-FEE41E240123:t0, leader=null, voted=null, raftlog=s4@group-FEE41E240123-SegmentedRaftLog:OPENED:c-1,f-1,i0, conf=-1: [], old=null STARTING
   FOLLOWER s4@group-A7C5DBE940E2:t2, leader=null, voted=s0, raftlog=s4@group-A7C5DBE940E2-SegmentedRaftLog:OPENED:c-1,f-1,i0, conf=-1: [s3:0.0.0.0:38312, s4:0.0.0.0:41737, s0:0.0.0.0:41019, s1:0.0.0.0:38816, s2:0.0.0.0:40694], old=null RUNNING] size=2
  s0:  RUNNING [
   FOLLOWER s0@group-FEE41E240123:t0, leader=null, voted=null, raftlog=s0@group-FEE41E240123-SegmentedRaftLog:OPENED:c-1,f-1,i0, conf=-1: [], old=null STARTING
  CANDIDATE s0@group-A7C5DBE940E2:t3, leader=null, voted=s0, raftlog=s0@group-A7C5DBE940E2-SegmentedRaftLog:OPENED:c-1,f-1,i0, conf=-1: [s3:0.0.0.0:38312, s4:0.0.0.0:41737, s0:0.0.0.0:41019, s1:0.0.0.0:38816, s2:0.0.0.0:40694], old=null RUNNING] size=2
  s1:  RUNNING [
   FOLLOWER s1@group-FEE41E240123:t0, leader=null, voted=null, raftlog=s1@group-FEE41E240123-SegmentedRaftLog:OPENED:c-1,f-1,i0, conf=-1: [], old=null STARTING
  CANDIDATE s1@group-A7C5DBE940E2:t3, leader=null, voted=s1, raftlog=s1@group-A7C5DBE940E2-SegmentedRaftLog:OPENED:c-1,f-1,i0, conf=-1: [s3:0.0.0.0:38312, s4:0.0.0.0:41737, s0:0.0.0.0:41019, s1:0.0.0.0:38816, s2:0.0.0.0:40694], old=null RUNNING] size=2
  s2:  RUNNING [
   FOLLOWER s2@group-FEE41E240123:t0, leader=null, voted=null, raftlog=s2@group-FEE41E240123-SegmentedRaftLog:OPENED:c-1,f-1,i0, conf=-1: [], old=null STARTING
   FOLLOWER s2@group-A7C5DBE940E2:t2, leader=null, voted=s1, raftlog=s2@group-A7C5DBE940E2-SegmentedRaftLog:OPENED:c-1,f-1,i0, conf=-1: [s3:0.0.0.0:38312, s4:0.0.0.0:41737, s0:0.0.0.0:41019, s1:0.0.0.0:38816, s2:0.0.0.0:40694], old=null RUNNING] size=2, sleep 450ms and then retry.
java.lang.IllegalStateException: No leader yet  for group-A7C5DBE940E2: printing group-A7C5DBE940E2
  s3:  RUNNING [
   FOLLOWER s3@group-FEE41E240123:t0, leader=null, voted=null, raftlog=s3@group-FEE41E240123-SegmentedRaftLog:OPENED:c-1,f-1,i0, conf=-1: [], old=null STARTING
   FOLLOWER s3@group-A7C5DBE940E2:t3, leader=null, voted=s3, raftlog=s3@group-A7C5DBE940E2-SegmentedRaftLog:OPENED:c-1,f-1,i0, conf=-1: [s3:0.0.0.0:38312, s4:0.0.0.0:41737, s0:0.0.0.0:41019, s1:0.0.0.0:38816, s2:0.0.0.0:40694], old=null RUNNING] size=2
  s4:  RUNNING [
   FOLLOWER s4@group-FEE41E240123:t0, leader=null, voted=null, raftlog=s4@group-FEE41E240123-SegmentedRaftLog:OPENED:c-1,f-1,i0, conf=-1: [], old=null STARTING
   FOLLOWER s4@group-A7C5DBE940E2:t2, leader=null, voted=s0, raftlog=s4@group-A7C5DBE940E2-SegmentedRaftLog:OPENED:c-1,f-1,i0, conf=-1: [s3:0.0.0.0:38312, s4:0.0.0.0:41737, s0:0.0.0.0:41019, s1:0.0.0.0:38816, s2:0.0.0.0:40694], old=null RUNNING] size=2
  s0:  RUNNING [
   FOLLOWER s0@group-FEE41E240123:t0, leader=null, voted=null, raftlog=s0@group-FEE41E240123-SegmentedRaftLog:OPENED:c-1,f-1,i0, conf=-1: [], old=null STARTING
  CANDIDATE s0@group-A7C5DBE940E2:t3, leader=null, voted=s0, raftlog=s0@group-A7C5DBE940E2-SegmentedRaftLog:OPENED:c-1,f-1,i0, conf=-1: [s3:0.0.0.0:38312, s4:0.0.0.0:41737, s0:0.0.0.0:41019, s1:0.0.0.0:38816, s2:0.0.0.0:40694], old=null RUNNING] size=2
  s1:  RUNNING [
   FOLLOWER s1@group-FEE41E240123:t0, leader=null, voted=null, raftlog=s1@group-FEE41E240123-SegmentedRaftLog:OPENED:c-1,f-1,i0, conf=-1: [], old=null STARTING
  CANDIDATE s1@group-A7C5DBE940E2:t3, leader=null, voted=s1, raftlog=s1@group-A7C5DBE940E2-SegmentedRaftLog:OPENED:c-1,f-1,i0, conf=-1: [s3:0.0.0.0:38312, s4:0.0.0.0:41737, s0:0.0.0.0:41019, s1:0.0.0.0:38816, s2:0.0.0.0:40694], old=null RUNNING] size=2
  s2:  RUNNING [
   FOLLOWER s2@group-FEE41E240123:t0, leader=null, voted=null, raftlog=s2@group-FEE41E240123-SegmentedRaftLog:OPENED:c-1,f-1,i0, conf=-1: [], old=null STARTING
   FOLLOWER s2@group-A7C5DBE940E2:t2, leader=null, voted=s1, raftlog=s2@group-A7C5DBE940E2-SegmentedRaftLog:OPENED:c-1,f-1,i0, conf=-1: [s3:0.0.0.0:38312, s4:0.0.0.0:41737, s0:0.0.0.0:41019, s1:0.0.0.0:38816, s2:0.0.0.0:40694], old=null RUNNING] size=2
	at org.apache.ratis.MiniRaftCluster.newIllegalStateExceptionForNoLeaders(MiniRaftCluster.java:506)
	at org.apache.ratis.RaftTestUtil.lambda$waitForLeader$1(RaftTestUtil.java:90)
	at org.apache.ratis.MiniRaftCluster.getLeader(MiniRaftCluster.java:539)
	at org.apache.ratis.MiniRaftCluster.getLeader(MiniRaftCluster.java:532)
	at org.apache.ratis.RaftTestUtil.lambda$waitForLeader$3(RaftTestUtil.java:98)
	at org.apache.ratis.util.JavaUtils.attempt(JavaUtils.java:152)
	at org.apache.ratis.RaftTestUtil.waitForLeader(RaftTestUtil.java:97)
	at org.apache.ratis.RaftTestUtil.waitForLeader(RaftTestUtil.java:77)
	at org.apache.ratis.server.impl.GroupManagementBaseTest.runMultiGroupTest(GroupManagementBaseTest.java:175)
	at org.apache.ratis.server.impl.GroupManagementBaseTest.runMultiGroupTest(GroupManagementBaseTest.java:126)
	at org.apache.ratis.server.impl.GroupManagementBaseTest.testMultiGroup9Nodes(GroupManagementBaseTest.java:121)
	at sun.reflect.NativeMethodAccessorImpl.invoke0(Native Method)
	at sun.reflect.NativeMethodAccessorImpl.invoke(NativeMethodAccessorImpl.java:62)
	at sun.reflect.DelegatingMethodAccessorImpl.invoke(DelegatingMethodAccessorImpl.java:43)
	at java.lang.reflect.Method.invoke(Method.java:498)
	at org.junit.runners.model.FrameworkMethod$1.runReflectiveCall(FrameworkMethod.java:50)
	at org.junit.internal.runners.model.ReflectiveCallable.run(ReflectiveCallable.java:12)
	at org.junit.runners.model.FrameworkMethod.invokeExplosively(FrameworkMethod.java:47)
	at org.junit.internal.runners.statements.InvokeMethod.evaluate(InvokeMethod.java:17)
	at org.junit.internal.runners.statements.RunAfters.evaluate(RunAfters.java:27)
	at org.junit.internal.runners.statements.FailOnTimeout$CallableStatement.call(FailOnTimeout.java:298)
	at org.junit.internal.runners.statements.FailOnTimeout$CallableStatement.call(FailOnTimeout.java:292)
	at java.util.concurrent.FutureTask.run(FutureTask.java:266)
	at java.lang.Thread.run(Thread.java:748)
2019-09-24 16:47:53,442 WARN  ratis.RaftTestUtil (JavaUtils.java:attempt(158)) - FAILED "waitForLeader-group-A7C5DBE940E2-(expectLeader? true)", attempt #19/100: java.lang.IllegalStateException: No leader yet  for group-A7C5DBE940E2: printing group-A7C5DBE940E2
  s3:  RUNNING [
   FOLLOWER s3@group-FEE41E240123:t0, leader=null, voted=null, raftlog=s3@group-FEE41E240123-SegmentedRaftLog:OPENED:c-1,f-1,i0, conf=-1: [], old=null STARTING
   FOLLOWER s3@group-A7C5DBE940E2:t3, leader=null, voted=s3, raftlog=s3@group-A7C5DBE940E2-SegmentedRaftLog:OPENED:c-1,f-1,i0, conf=-1: [s3:0.0.0.0:38312, s4:0.0.0.0:41737, s0:0.0.0.0:41019, s1:0.0.0.0:38816, s2:0.0.0.0:40694], old=null RUNNING] size=2
  s4:  RUNNING [
   FOLLOWER s4@group-FEE41E240123:t0, leader=null, voted=null, raftlog=s4@group-FEE41E240123-SegmentedRaftLog:OPENED:c-1,f-1,i0, conf=-1: [], old=null STARTING
   FOLLOWER s4@group-A7C5DBE940E2:t2, leader=null, voted=s0, raftlog=s4@group-A7C5DBE940E2-SegmentedRaftLog:OPENED:c-1,f-1,i0, conf=-1: [s3:0.0.0.0:38312, s4:0.0.0.0:41737, s0:0.0.0.0:41019, s1:0.0.0.0:38816, s2:0.0.0.0:40694], old=null RUNNING] size=2
  s0:  RUNNING [
   FOLLOWER s0@group-FEE41E240123:t0, leader=null, voted=null, raftlog=s0@group-FEE41E240123-SegmentedRaftLog:OPENED:c-1,f-1,i0, conf=-1: [], old=null STARTING
  CANDIDATE s0@group-A7C5DBE940E2:t3, leader=null, voted=s0, raftlog=s0@group-A7C5DBE940E2-SegmentedRaftLog:OPENED:c-1,f-1,i0, conf=-1: [s3:0.0.0.0:38312, s4:0.0.0.0:41737, s0:0.0.0.0:41019, s1:0.0.0.0:38816, s2:0.0.0.0:40694], old=null RUNNING] size=2
  s1:  RUNNING [
   FOLLOWER s1@group-FEE41E240123:t0, leader=null, voted=null, raftlog=s1@group-FEE41E240123-SegmentedRaftLog:OPENED:c-1,f-1,i0, conf=-1: [], old=null STARTING
  CANDIDATE s1@group-A7C5DBE940E2:t3, leader=null, voted=s1, raftlog=s1@group-A7C5DBE940E2-SegmentedRaftLog:OPENED:c-1,f-1,i0, conf=-1: [s3:0.0.0.0:38312, s4:0.0.0.0:41737, s0:0.0.0.0:41019, s1:0.0.0.0:38816, s2:0.0.0.0:40694], old=null RUNNING] size=2
  s2:  RUNNING [
   FOLLOWER s2@group-FEE41E240123:t0, leader=null, voted=null, raftlog=s2@group-FEE41E240123-SegmentedRaftLog:OPENED:c-1,f-1,i0, conf=-1: [], old=null STARTING
   FOLLOWER s2@group-A7C5DBE940E2:t2, leader=null, voted=s1, raftlog=s2@group-A7C5DBE940E2-SegmentedRaftLog:OPENED:c-1,f-1,i0, conf=-1: [s3:0.0.0.0:38312, s4:0.0.0.0:41737, s0:0.0.0.0:41019, s1:0.0.0.0:38816, s2:0.0.0.0:40694], old=null RUNNING] size=2, sleep 450ms and then retry.
java.lang.IllegalStateException: No leader yet  for group-A7C5DBE940E2: printing group-A7C5DBE940E2
  s3:  RUNNING [
   FOLLOWER s3@group-FEE41E240123:t0, leader=null, voted=null, raftlog=s3@group-FEE41E240123-SegmentedRaftLog:OPENED:c-1,f-1,i0, conf=-1: [], old=null STARTING
   FOLLOWER s3@group-A7C5DBE940E2:t3, leader=null, voted=s3, raftlog=s3@group-A7C5DBE940E2-SegmentedRaftLog:OPENED:c-1,f-1,i0, conf=-1: [s3:0.0.0.0:38312, s4:0.0.0.0:41737, s0:0.0.0.0:41019, s1:0.0.0.0:38816, s2:0.0.0.0:40694], old=null RUNNING] size=2
  s4:  RUNNING [
   FOLLOWER s4@group-FEE41E240123:t0, leader=null, voted=null, raftlog=s4@group-FEE41E240123-SegmentedRaftLog:OPENED:c-1,f-1,i0, conf=-1: [], old=null STARTING
   FOLLOWER s4@group-A7C5DBE940E2:t2, leader=null, voted=s0, raftlog=s4@group-A7C5DBE940E2-SegmentedRaftLog:OPENED:c-1,f-1,i0, conf=-1: [s3:0.0.0.0:38312, s4:0.0.0.0:41737, s0:0.0.0.0:41019, s1:0.0.0.0:38816, s2:0.0.0.0:40694], old=null RUNNING] size=2
  s0:  RUNNING [
   FOLLOWER s0@group-FEE41E240123:t0, leader=null, voted=null, raftlog=s0@group-FEE41E240123-SegmentedRaftLog:OPENED:c-1,f-1,i0, conf=-1: [], old=null STARTING
  CANDIDATE s0@group-A7C5DBE940E2:t3, leader=null, voted=s0, raftlog=s0@group-A7C5DBE940E2-SegmentedRaftLog:OPENED:c-1,f-1,i0, conf=-1: [s3:0.0.0.0:38312, s4:0.0.0.0:41737, s0:0.0.0.0:41019, s1:0.0.0.0:38816, s2:0.0.0.0:40694], old=null RUNNING] size=2
  s1:  RUNNING [
   FOLLOWER s1@group-FEE41E240123:t0, leader=null, voted=null, raftlog=s1@group-FEE41E240123-SegmentedRaftLog:OPENED:c-1,f-1,i0, conf=-1: [], old=null STARTING
  CANDIDATE s1@group-A7C5DBE940E2:t3, leader=null, voted=s1, raftlog=s1@group-A7C5DBE940E2-SegmentedRaftLog:OPENED:c-1,f-1,i0, conf=-1: [s3:0.0.0.0:38312, s4:0.0.0.0:41737, s0:0.0.0.0:41019, s1:0.0.0.0:38816, s2:0.0.0.0:40694], old=null RUNNING] size=2
  s2:  RUNNING [
   FOLLOWER s2@group-FEE41E240123:t0, leader=null, voted=null, raftlog=s2@group-FEE41E240123-SegmentedRaftLog:OPENED:c-1,f-1,i0, conf=-1: [], old=null STARTING
   FOLLOWER s2@group-A7C5DBE940E2:t2, leader=null, voted=s1, raftlog=s2@group-A7C5DBE940E2-SegmentedRaftLog:OPENED:c-1,f-1,i0, conf=-1: [s3:0.0.0.0:38312, s4:0.0.0.0:41737, s0:0.0.0.0:41019, s1:0.0.0.0:38816, s2:0.0.0.0:40694], old=null RUNNING] size=2
	at org.apache.ratis.MiniRaftCluster.newIllegalStateExceptionForNoLeaders(MiniRaftCluster.java:506)
	at org.apache.ratis.RaftTestUtil.lambda$waitForLeader$1(RaftTestUtil.java:90)
	at org.apache.ratis.MiniRaftCluster.getLeader(MiniRaftCluster.java:539)
	at org.apache.ratis.MiniRaftCluster.getLeader(MiniRaftCluster.java:532)
	at org.apache.ratis.RaftTestUtil.lambda$waitForLeader$3(RaftTestUtil.java:98)
	at org.apache.ratis.util.JavaUtils.attempt(JavaUtils.java:152)
	at org.apache.ratis.RaftTestUtil.waitForLeader(RaftTestUtil.java:97)
	at org.apache.ratis.RaftTestUtil.waitForLeader(RaftTestUtil.java:77)
	at org.apache.ratis.server.impl.GroupManagementBaseTest.runMultiGroupTest(GroupManagementBaseTest.java:175)
	at org.apache.ratis.server.impl.GroupManagementBaseTest.runMultiGroupTest(GroupManagementBaseTest.java:126)
	at org.apache.ratis.server.impl.GroupManagementBaseTest.testMultiGroup9Nodes(GroupManagementBaseTest.java:121)
	at sun.reflect.NativeMethodAccessorImpl.invoke0(Native Method)
	at sun.reflect.NativeMethodAccessorImpl.invoke(NativeMethodAccessorImpl.java:62)
	at sun.reflect.DelegatingMethodAccessorImpl.invoke(DelegatingMethodAccessorImpl.java:43)
	at java.lang.reflect.Method.invoke(Method.java:498)
	at org.junit.runners.model.FrameworkMethod$1.runReflectiveCall(FrameworkMethod.java:50)
	at org.junit.internal.runners.model.ReflectiveCallable.run(ReflectiveCallable.java:12)
	at org.junit.runners.model.FrameworkMethod.invokeExplosively(FrameworkMethod.java:47)
	at org.junit.internal.runners.statements.InvokeMethod.evaluate(InvokeMethod.java:17)
	at org.junit.internal.runners.statements.RunAfters.evaluate(RunAfters.java:27)
	at org.junit.internal.runners.statements.FailOnTimeout$CallableStatement.call(FailOnTimeout.java:298)
	at org.junit.internal.runners.statements.FailOnTimeout$CallableStatement.call(FailOnTimeout.java:292)
	at java.util.concurrent.FutureTask.run(FutureTask.java:266)
	at java.lang.Thread.run(Thread.java:748)
2019-09-24 16:47:53,894 WARN  ratis.RaftTestUtil (JavaUtils.java:attempt(158)) - FAILED "waitForLeader-group-A7C5DBE940E2-(expectLeader? true)", attempt #20/100: java.lang.IllegalStateException: No leader yet  for group-A7C5DBE940E2: printing group-A7C5DBE940E2
  s3:  RUNNING [
   FOLLOWER s3@group-FEE41E240123:t0, leader=null, voted=null, raftlog=s3@group-FEE41E240123-SegmentedRaftLog:OPENED:c-1,f-1,i0, conf=-1: [], old=null STARTING
   FOLLOWER s3@group-A7C5DBE940E2:t3, leader=null, voted=s3, raftlog=s3@group-A7C5DBE940E2-SegmentedRaftLog:OPENED:c-1,f-1,i0, conf=-1: [s3:0.0.0.0:38312, s4:0.0.0.0:41737, s0:0.0.0.0:41019, s1:0.0.0.0:38816, s2:0.0.0.0:40694], old=null RUNNING] size=2
  s4:  RUNNING [
   FOLLOWER s4@group-FEE41E240123:t0, leader=null, voted=null, raftlog=s4@group-FEE41E240123-SegmentedRaftLog:OPENED:c-1,f-1,i0, conf=-1: [], old=null STARTING
   FOLLOWER s4@group-A7C5DBE940E2:t2, leader=null, voted=s0, raftlog=s4@group-A7C5DBE940E2-SegmentedRaftLog:OPENED:c-1,f-1,i0, conf=-1: [s3:0.0.0.0:38312, s4:0.0.0.0:41737, s0:0.0.0.0:41019, s1:0.0.0.0:38816, s2:0.0.0.0:40694], old=null RUNNING] size=2
  s0:  RUNNING [
   FOLLOWER s0@group-FEE41E240123:t0, leader=null, voted=null, raftlog=s0@group-FEE41E240123-SegmentedRaftLog:OPENED:c-1,f-1,i0, conf=-1: [], old=null STARTING
  CANDIDATE s0@group-A7C5DBE940E2:t3, leader=null, voted=s0, raftlog=s0@group-A7C5DBE940E2-SegmentedRaftLog:OPENED:c-1,f-1,i0, conf=-1: [s3:0.0.0.0:38312, s4:0.0.0.0:41737, s0:0.0.0.0:41019, s1:0.0.0.0:38816, s2:0.0.0.0:40694], old=null RUNNING] size=2
  s1:  RUNNING [
   FOLLOWER s1@group-FEE41E240123:t0, leader=null, voted=null, raftlog=s1@group-FEE41E240123-SegmentedRaftLog:OPENED:c-1,f-1,i0, conf=-1: [], old=null STARTING
  CANDIDATE s1@group-A7C5DBE940E2:t3, leader=null, voted=s1, raftlog=s1@group-A7C5DBE940E2-SegmentedRaftLog:OPENED:c-1,f-1,i0, conf=-1: [s3:0.0.0.0:38312, s4:0.0.0.0:41737, s0:0.0.0.0:41019, s1:0.0.0.0:38816, s2:0.0.0.0:40694], old=null RUNNING] size=2
  s2:  RUNNING [
   FOLLOWER s2@group-FEE41E240123:t0, leader=null, voted=null, raftlog=s2@group-FEE41E240123-SegmentedRaftLog:OPENED:c-1,f-1,i0, conf=-1: [], old=null STARTING
   FOLLOWER s2@group-A7C5DBE940E2:t2, leader=null, voted=s1, raftlog=s2@group-A7C5DBE940E2-SegmentedRaftLog:OPENED:c-1,f-1,i0, conf=-1: [s3:0.0.0.0:38312, s4:0.0.0.0:41737, s0:0.0.0.0:41019, s1:0.0.0.0:38816, s2:0.0.0.0:40694], old=null RUNNING] size=2, sleep 450ms and then retry.
java.lang.IllegalStateException: No leader yet  for group-A7C5DBE940E2: printing group-A7C5DBE940E2
  s3:  RUNNING [
   FOLLOWER s3@group-FEE41E240123:t0, leader=null, voted=null, raftlog=s3@group-FEE41E240123-SegmentedRaftLog:OPENED:c-1,f-1,i0, conf=-1: [], old=null STARTING
   FOLLOWER s3@group-A7C5DBE940E2:t3, leader=null, voted=s3, raftlog=s3@group-A7C5DBE940E2-SegmentedRaftLog:OPENED:c-1,f-1,i0, conf=-1: [s3:0.0.0.0:38312, s4:0.0.0.0:41737, s0:0.0.0.0:41019, s1:0.0.0.0:38816, s2:0.0.0.0:40694], old=null RUNNING] size=2
  s4:  RUNNING [
   FOLLOWER s4@group-FEE41E240123:t0, leader=null, voted=null, raftlog=s4@group-FEE41E240123-SegmentedRaftLog:OPENED:c-1,f-1,i0, conf=-1: [], old=null STARTING
   FOLLOWER s4@group-A7C5DBE940E2:t2, leader=null, voted=s0, raftlog=s4@group-A7C5DBE940E2-SegmentedRaftLog:OPENED:c-1,f-1,i0, conf=-1: [s3:0.0.0.0:38312, s4:0.0.0.0:41737, s0:0.0.0.0:41019, s1:0.0.0.0:38816, s2:0.0.0.0:40694], old=null RUNNING] size=2
  s0:  RUNNING [
   FOLLOWER s0@group-FEE41E240123:t0, leader=null, voted=null, raftlog=s0@group-FEE41E240123-SegmentedRaftLog:OPENED:c-1,f-1,i0, conf=-1: [], old=null STARTING
  CANDIDATE s0@group-A7C5DBE940E2:t3, leader=null, voted=s0, raftlog=s0@group-A7C5DBE940E2-SegmentedRaftLog:OPENED:c-1,f-1,i0, conf=-1: [s3:0.0.0.0:38312, s4:0.0.0.0:41737, s0:0.0.0.0:41019, s1:0.0.0.0:38816, s2:0.0.0.0:40694], old=null RUNNING] size=2
  s1:  RUNNING [
   FOLLOWER s1@group-FEE41E240123:t0, leader=null, voted=null, raftlog=s1@group-FEE41E240123-SegmentedRaftLog:OPENED:c-1,f-1,i0, conf=-1: [], old=null STARTING
  CANDIDATE s1@group-A7C5DBE940E2:t3, leader=null, voted=s1, raftlog=s1@group-A7C5DBE940E2-SegmentedRaftLog:OPENED:c-1,f-1,i0, conf=-1: [s3:0.0.0.0:38312, s4:0.0.0.0:41737, s0:0.0.0.0:41019, s1:0.0.0.0:38816, s2:0.0.0.0:40694], old=null RUNNING] size=2
  s2:  RUNNING [
   FOLLOWER s2@group-FEE41E240123:t0, leader=null, voted=null, raftlog=s2@group-FEE41E240123-SegmentedRaftLog:OPENED:c-1,f-1,i0, conf=-1: [], old=null STARTING
   FOLLOWER s2@group-A7C5DBE940E2:t2, leader=null, voted=s1, raftlog=s2@group-A7C5DBE940E2-SegmentedRaftLog:OPENED:c-1,f-1,i0, conf=-1: [s3:0.0.0.0:38312, s4:0.0.0.0:41737, s0:0.0.0.0:41019, s1:0.0.0.0:38816, s2:0.0.0.0:40694], old=null RUNNING] size=2
	at org.apache.ratis.MiniRaftCluster.newIllegalStateExceptionForNoLeaders(MiniRaftCluster.java:506)
	at org.apache.ratis.RaftTestUtil.lambda$waitForLeader$1(RaftTestUtil.java:90)
	at org.apache.ratis.MiniRaftCluster.getLeader(MiniRaftCluster.java:539)
	at org.apache.ratis.MiniRaftCluster.getLeader(MiniRaftCluster.java:532)
	at org.apache.ratis.RaftTestUtil.lambda$waitForLeader$3(RaftTestUtil.java:98)
	at org.apache.ratis.util.JavaUtils.attempt(JavaUtils.java:152)
	at org.apache.ratis.RaftTestUtil.waitForLeader(RaftTestUtil.java:97)
	at org.apache.ratis.RaftTestUtil.waitForLeader(RaftTestUtil.java:77)
	at org.apache.ratis.server.impl.GroupManagementBaseTest.runMultiGroupTest(GroupManagementBaseTest.java:175)
	at org.apache.ratis.server.impl.GroupManagementBaseTest.runMultiGroupTest(GroupManagementBaseTest.java:126)
	at org.apache.ratis.server.impl.GroupManagementBaseTest.testMultiGroup9Nodes(GroupManagementBaseTest.java:121)
	at sun.reflect.NativeMethodAccessorImpl.invoke0(Native Method)
	at sun.reflect.NativeMethodAccessorImpl.invoke(NativeMethodAccessorImpl.java:62)
	at sun.reflect.DelegatingMethodAccessorImpl.invoke(DelegatingMethodAccessorImpl.java:43)
	at java.lang.reflect.Method.invoke(Method.java:498)
	at org.junit.runners.model.FrameworkMethod$1.runReflectiveCall(FrameworkMethod.java:50)
	at org.junit.internal.runners.model.ReflectiveCallable.run(ReflectiveCallable.java:12)
	at org.junit.runners.model.FrameworkMethod.invokeExplosively(FrameworkMethod.java:47)
	at org.junit.internal.runners.statements.InvokeMethod.evaluate(InvokeMethod.java:17)
	at org.junit.internal.runners.statements.RunAfters.evaluate(RunAfters.java:27)
	at org.junit.internal.runners.statements.FailOnTimeout$CallableStatement.call(FailOnTimeout.java:298)
	at org.junit.internal.runners.statements.FailOnTimeout$CallableStatement.call(FailOnTimeout.java:292)
	at java.util.concurrent.FutureTask.run(FutureTask.java:266)
	at java.lang.Thread.run(Thread.java:748)
2019-09-24 16:47:54,137 INFO  ratis.MiniRaftCluster (MiniRaftCluster.java:lambda$null$5(297)) - TIMED-PRINT: printing ALL groups
  s3:  RUNNING [
   FOLLOWER s3@group-FEE41E240123:t0, leader=null, voted=null, raftlog=s3@group-FEE41E240123-SegmentedRaftLog:OPENED:c-1,f-1,i0, conf=-1: [], old=null STARTING
   FOLLOWER s3@group-A7C5DBE940E2:t3, leader=null, voted=s3, raftlog=s3@group-A7C5DBE940E2-SegmentedRaftLog:OPENED:c-1,f-1,i0, conf=-1: [s3:0.0.0.0:38312, s4:0.0.0.0:41737, s0:0.0.0.0:41019, s1:0.0.0.0:38816, s2:0.0.0.0:40694], old=null RUNNING] size=2
  s4:  RUNNING [
   FOLLOWER s4@group-FEE41E240123:t0, leader=null, voted=null, raftlog=s4@group-FEE41E240123-SegmentedRaftLog:OPENED:c-1,f-1,i0, conf=-1: [], old=null STARTING
   FOLLOWER s4@group-A7C5DBE940E2:t2, leader=null, voted=s0, raftlog=s4@group-A7C5DBE940E2-SegmentedRaftLog:OPENED:c-1,f-1,i0, conf=-1: [s3:0.0.0.0:38312, s4:0.0.0.0:41737, s0:0.0.0.0:41019, s1:0.0.0.0:38816, s2:0.0.0.0:40694], old=null RUNNING] size=2
  s5:  RUNNING  FOLLOWER s5@group-FEE41E240123:t0, leader=null, voted=null, raftlog=s5@group-FEE41E240123-SegmentedRaftLog:OPENED:c-1,f-1,i0, conf=-1: [], old=null STARTING
  s6:  RUNNING  FOLLOWER s6@group-FEE41E240123:t0, leader=null, voted=null, raftlog=s6@group-FEE41E240123-SegmentedRaftLog:OPENED:c-1,f-1,i0, conf=-1: [], old=null STARTING
  s7:  RUNNING  FOLLOWER s7@group-FEE41E240123:t0, leader=null, voted=null, raftlog=s7@group-FEE41E240123-SegmentedRaftLog:OPENED:c-1,f-1,i0, conf=-1: [], old=null STARTING
  s8:  RUNNING  FOLLOWER s8@group-FEE41E240123:t0, leader=null, voted=null, raftlog=s8@group-FEE41E240123-SegmentedRaftLog:OPENED:c-1,f-1,i0, conf=-1: [], old=null STARTING
  s0:  RUNNING [
   FOLLOWER s0@group-FEE41E240123:t0, leader=null, voted=null, raftlog=s0@group-FEE41E240123-SegmentedRaftLog:OPENED:c-1,f-1,i0, conf=-1: [], old=null STARTING
  CANDIDATE s0@group-A7C5DBE940E2:t3, leader=null, voted=s0, raftlog=s0@group-A7C5DBE940E2-SegmentedRaftLog:OPENED:c-1,f-1,i0, conf=-1: [s3:0.0.0.0:38312, s4:0.0.0.0:41737, s0:0.0.0.0:41019, s1:0.0.0.0:38816, s2:0.0.0.0:40694], old=null RUNNING] size=2
  s1:  RUNNING [
   FOLLOWER s1@group-FEE41E240123:t0, leader=null, voted=null, raftlog=s1@group-FEE41E240123-SegmentedRaftLog:OPENED:c-1,f-1,i0, conf=-1: [], old=null STARTING
  CANDIDATE s1@group-A7C5DBE940E2:t3, leader=null, voted=s1, raftlog=s1@group-A7C5DBE940E2-SegmentedRaftLog:OPENED:c-1,f-1,i0, conf=-1: [s3:0.0.0.0:38312, s4:0.0.0.0:41737, s0:0.0.0.0:41019, s1:0.0.0.0:38816, s2:0.0.0.0:40694], old=null RUNNING] size=2
  s2:  RUNNING [
   FOLLOWER s2@group-FEE41E240123:t0, leader=null, voted=null, raftlog=s2@group-FEE41E240123-SegmentedRaftLog:OPENED:c-1,f-1,i0, conf=-1: [], old=null STARTING
   FOLLOWER s2@group-A7C5DBE940E2:t2, leader=null, voted=s1, raftlog=s2@group-A7C5DBE940E2-SegmentedRaftLog:OPENED:c-1,f-1,i0, conf=-1: [s3:0.0.0.0:38312, s4:0.0.0.0:41737, s0:0.0.0.0:41019, s1:0.0.0.0:38816, s2:0.0.0.0:40694], old=null RUNNING] size=2
2019-09-24 16:47:54,346 WARN  ratis.RaftTestUtil (JavaUtils.java:attempt(158)) - FAILED "waitForLeader-group-A7C5DBE940E2-(expectLeader? true)", attempt #21/100: java.lang.IllegalStateException: No leader yet  for group-A7C5DBE940E2: printing group-A7C5DBE940E2
  s3:  RUNNING [
   FOLLOWER s3@group-FEE41E240123:t0, leader=null, voted=null, raftlog=s3@group-FEE41E240123-SegmentedRaftLog:OPENED:c-1,f-1,i0, conf=-1: [], old=null STARTING
   FOLLOWER s3@group-A7C5DBE940E2:t3, leader=null, voted=s3, raftlog=s3@group-A7C5DBE940E2-SegmentedRaftLog:OPENED:c-1,f-1,i0, conf=-1: [s3:0.0.0.0:38312, s4:0.0.0.0:41737, s0:0.0.0.0:41019, s1:0.0.0.0:38816, s2:0.0.0.0:40694], old=null RUNNING] size=2
  s4:  RUNNING [
   FOLLOWER s4@group-FEE41E240123:t0, leader=null, voted=null, raftlog=s4@group-FEE41E240123-SegmentedRaftLog:OPENED:c-1,f-1,i0, conf=-1: [], old=null STARTING
   FOLLOWER s4@group-A7C5DBE940E2:t2, leader=null, voted=s0, raftlog=s4@group-A7C5DBE940E2-SegmentedRaftLog:OPENED:c-1,f-1,i0, conf=-1: [s3:0.0.0.0:38312, s4:0.0.0.0:41737, s0:0.0.0.0:41019, s1:0.0.0.0:38816, s2:0.0.0.0:40694], old=null RUNNING] size=2
  s0:  RUNNING [
   FOLLOWER s0@group-FEE41E240123:t0, leader=null, voted=null, raftlog=s0@group-FEE41E240123-SegmentedRaftLog:OPENED:c-1,f-1,i0, conf=-1: [], old=null STARTING
  CANDIDATE s0@group-A7C5DBE940E2:t3, leader=null, voted=s0, raftlog=s0@group-A7C5DBE940E2-SegmentedRaftLog:OPENED:c-1,f-1,i0, conf=-1: [s3:0.0.0.0:38312, s4:0.0.0.0:41737, s0:0.0.0.0:41019, s1:0.0.0.0:38816, s2:0.0.0.0:40694], old=null RUNNING] size=2
  s1:  RUNNING [
   FOLLOWER s1@group-FEE41E240123:t0, leader=null, voted=null, raftlog=s1@group-FEE41E240123-SegmentedRaftLog:OPENED:c-1,f-1,i0, conf=-1: [], old=null STARTING
  CANDIDATE s1@group-A7C5DBE940E2:t3, leader=null, voted=s1, raftlog=s1@group-A7C5DBE940E2-SegmentedRaftLog:OPENED:c-1,f-1,i0, conf=-1: [s3:0.0.0.0:38312, s4:0.0.0.0:41737, s0:0.0.0.0:41019, s1:0.0.0.0:38816, s2:0.0.0.0:40694], old=null RUNNING] size=2
  s2:  RUNNING [
   FOLLOWER s2@group-FEE41E240123:t0, leader=null, voted=null, raftlog=s2@group-FEE41E240123-SegmentedRaftLog:OPENED:c-1,f-1,i0, conf=-1: [], old=null STARTING
   FOLLOWER s2@group-A7C5DBE940E2:t2, leader=null, voted=s1, raftlog=s2@group-A7C5DBE940E2-SegmentedRaftLog:OPENED:c-1,f-1,i0, conf=-1: [s3:0.0.0.0:38312, s4:0.0.0.0:41737, s0:0.0.0.0:41019, s1:0.0.0.0:38816, s2:0.0.0.0:40694], old=null RUNNING] size=2, sleep 450ms and then retry.
java.lang.IllegalStateException: No leader yet  for group-A7C5DBE940E2: printing group-A7C5DBE940E2
  s3:  RUNNING [
   FOLLOWER s3@group-FEE41E240123:t0, leader=null, voted=null, raftlog=s3@group-FEE41E240123-SegmentedRaftLog:OPENED:c-1,f-1,i0, conf=-1: [], old=null STARTING
   FOLLOWER s3@group-A7C5DBE940E2:t3, leader=null, voted=s3, raftlog=s3@group-A7C5DBE940E2-SegmentedRaftLog:OPENED:c-1,f-1,i0, conf=-1: [s3:0.0.0.0:38312, s4:0.0.0.0:41737, s0:0.0.0.0:41019, s1:0.0.0.0:38816, s2:0.0.0.0:40694], old=null RUNNING] size=2
  s4:  RUNNING [
   FOLLOWER s4@group-FEE41E240123:t0, leader=null, voted=null, raftlog=s4@group-FEE41E240123-SegmentedRaftLog:OPENED:c-1,f-1,i0, conf=-1: [], old=null STARTING
   FOLLOWER s4@group-A7C5DBE940E2:t2, leader=null, voted=s0, raftlog=s4@group-A7C5DBE940E2-SegmentedRaftLog:OPENED:c-1,f-1,i0, conf=-1: [s3:0.0.0.0:38312, s4:0.0.0.0:41737, s0:0.0.0.0:41019, s1:0.0.0.0:38816, s2:0.0.0.0:40694], old=null RUNNING] size=2
  s0:  RUNNING [
   FOLLOWER s0@group-FEE41E240123:t0, leader=null, voted=null, raftlog=s0@group-FEE41E240123-SegmentedRaftLog:OPENED:c-1,f-1,i0, conf=-1: [], old=null STARTING
  CANDIDATE s0@group-A7C5DBE940E2:t3, leader=null, voted=s0, raftlog=s0@group-A7C5DBE940E2-SegmentedRaftLog:OPENED:c-1,f-1,i0, conf=-1: [s3:0.0.0.0:38312, s4:0.0.0.0:41737, s0:0.0.0.0:41019, s1:0.0.0.0:38816, s2:0.0.0.0:40694], old=null RUNNING] size=2
  s1:  RUNNING [
   FOLLOWER s1@group-FEE41E240123:t0, leader=null, voted=null, raftlog=s1@group-FEE41E240123-SegmentedRaftLog:OPENED:c-1,f-1,i0, conf=-1: [], old=null STARTING
  CANDIDATE s1@group-A7C5DBE940E2:t3, leader=null, voted=s1, raftlog=s1@group-A7C5DBE940E2-SegmentedRaftLog:OPENED:c-1,f-1,i0, conf=-1: [s3:0.0.0.0:38312, s4:0.0.0.0:41737, s0:0.0.0.0:41019, s1:0.0.0.0:38816, s2:0.0.0.0:40694], old=null RUNNING] size=2
  s2:  RUNNING [
   FOLLOWER s2@group-FEE41E240123:t0, leader=null, voted=null, raftlog=s2@group-FEE41E240123-SegmentedRaftLog:OPENED:c-1,f-1,i0, conf=-1: [], old=null STARTING
   FOLLOWER s2@group-A7C5DBE940E2:t2, leader=null, voted=s1, raftlog=s2@group-A7C5DBE940E2-SegmentedRaftLog:OPENED:c-1,f-1,i0, conf=-1: [s3:0.0.0.0:38312, s4:0.0.0.0:41737, s0:0.0.0.0:41019, s1:0.0.0.0:38816, s2:0.0.0.0:40694], old=null RUNNING] size=2
	at org.apache.ratis.MiniRaftCluster.newIllegalStateExceptionForNoLeaders(MiniRaftCluster.java:506)
	at org.apache.ratis.RaftTestUtil.lambda$waitForLeader$1(RaftTestUtil.java:90)
	at org.apache.ratis.MiniRaftCluster.getLeader(MiniRaftCluster.java:539)
	at org.apache.ratis.MiniRaftCluster.getLeader(MiniRaftCluster.java:532)
	at org.apache.ratis.RaftTestUtil.lambda$waitForLeader$3(RaftTestUtil.java:98)
	at org.apache.ratis.util.JavaUtils.attempt(JavaUtils.java:152)
	at org.apache.ratis.RaftTestUtil.waitForLeader(RaftTestUtil.java:97)
	at org.apache.ratis.RaftTestUtil.waitForLeader(RaftTestUtil.java:77)
	at org.apache.ratis.server.impl.GroupManagementBaseTest.runMultiGroupTest(GroupManagementBaseTest.java:175)
	at org.apache.ratis.server.impl.GroupManagementBaseTest.runMultiGroupTest(GroupManagementBaseTest.java:126)
	at org.apache.ratis.server.impl.GroupManagementBaseTest.testMultiGroup9Nodes(GroupManagementBaseTest.java:121)
	at sun.reflect.NativeMethodAccessorImpl.invoke0(Native Method)
	at sun.reflect.NativeMethodAccessorImpl.invoke(NativeMethodAccessorImpl.java:62)
	at sun.reflect.DelegatingMethodAccessorImpl.invoke(DelegatingMethodAccessorImpl.java:43)
	at java.lang.reflect.Method.invoke(Method.java:498)
	at org.junit.runners.model.FrameworkMethod$1.runReflectiveCall(FrameworkMethod.java:50)
	at org.junit.internal.runners.model.ReflectiveCallable.run(ReflectiveCallable.java:12)
	at org.junit.runners.model.FrameworkMethod.invokeExplosively(FrameworkMethod.java:47)
	at org.junit.internal.runners.statements.InvokeMethod.evaluate(InvokeMethod.java:17)
	at org.junit.internal.runners.statements.RunAfters.evaluate(RunAfters.java:27)
	at org.junit.internal.runners.statements.FailOnTimeout$CallableStatement.call(FailOnTimeout.java:298)
	at org.junit.internal.runners.statements.FailOnTimeout$CallableStatement.call(FailOnTimeout.java:292)
	at java.util.concurrent.FutureTask.run(FutureTask.java:266)
	at java.lang.Thread.run(Thread.java:748)
2019-09-24 16:47:54,799 WARN  ratis.RaftTestUtil (JavaUtils.java:attempt(158)) - FAILED "waitForLeader-group-A7C5DBE940E2-(expectLeader? true)", attempt #22/100: java.lang.IllegalStateException: No leader yet  for group-A7C5DBE940E2: printing group-A7C5DBE940E2
  s3:  RUNNING [
   FOLLOWER s3@group-FEE41E240123:t0, leader=null, voted=null, raftlog=s3@group-FEE41E240123-SegmentedRaftLog:OPENED:c-1,f-1,i0, conf=-1: [], old=null STARTING
   FOLLOWER s3@group-A7C5DBE940E2:t3, leader=null, voted=s3, raftlog=s3@group-A7C5DBE940E2-SegmentedRaftLog:OPENED:c-1,f-1,i0, conf=-1: [s3:0.0.0.0:38312, s4:0.0.0.0:41737, s0:0.0.0.0:41019, s1:0.0.0.0:38816, s2:0.0.0.0:40694], old=null RUNNING] size=2
  s4:  RUNNING [
   FOLLOWER s4@group-FEE41E240123:t0, leader=null, voted=null, raftlog=s4@group-FEE41E240123-SegmentedRaftLog:OPENED:c-1,f-1,i0, conf=-1: [], old=null STARTING
   FOLLOWER s4@group-A7C5DBE940E2:t2, leader=null, voted=s0, raftlog=s4@group-A7C5DBE940E2-SegmentedRaftLog:OPENED:c-1,f-1,i0, conf=-1: [s3:0.0.0.0:38312, s4:0.0.0.0:41737, s0:0.0.0.0:41019, s1:0.0.0.0:38816, s2:0.0.0.0:40694], old=null RUNNING] size=2
  s0:  RUNNING [
   FOLLOWER s0@group-FEE41E240123:t0, leader=null, voted=null, raftlog=s0@group-FEE41E240123-SegmentedRaftLog:OPENED:c-1,f-1,i0, conf=-1: [], old=null STARTING
  CANDIDATE s0@group-A7C5DBE940E2:t3, leader=null, voted=s0, raftlog=s0@group-A7C5DBE940E2-SegmentedRaftLog:OPENED:c-1,f-1,i0, conf=-1: [s3:0.0.0.0:38312, s4:0.0.0.0:41737, s0:0.0.0.0:41019, s1:0.0.0.0:38816, s2:0.0.0.0:40694], old=null RUNNING] size=2
  s1:  RUNNING [
   FOLLOWER s1@group-FEE41E240123:t0, leader=null, voted=null, raftlog=s1@group-FEE41E240123-SegmentedRaftLog:OPENED:c-1,f-1,i0, conf=-1: [], old=null STARTING
  CANDIDATE s1@group-A7C5DBE940E2:t3, leader=null, voted=s1, raftlog=s1@group-A7C5DBE940E2-SegmentedRaftLog:OPENED:c-1,f-1,i0, conf=-1: [s3:0.0.0.0:38312, s4:0.0.0.0:41737, s0:0.0.0.0:41019, s1:0.0.0.0:38816, s2:0.0.0.0:40694], old=null RUNNING] size=2
  s2:  RUNNING [
   FOLLOWER s2@group-FEE41E240123:t0, leader=null, voted=null, raftlog=s2@group-FEE41E240123-SegmentedRaftLog:OPENED:c-1,f-1,i0, conf=-1: [], old=null STARTING
   FOLLOWER s2@group-A7C5DBE940E2:t2, leader=null, voted=s1, raftlog=s2@group-A7C5DBE940E2-SegmentedRaftLog:OPENED:c-1,f-1,i0, conf=-1: [s3:0.0.0.0:38312, s4:0.0.0.0:41737, s0:0.0.0.0:41019, s1:0.0.0.0:38816, s2:0.0.0.0:40694], old=null RUNNING] size=2, sleep 450ms and then retry.
java.lang.IllegalStateException: No leader yet  for group-A7C5DBE940E2: printing group-A7C5DBE940E2
  s3:  RUNNING [
   FOLLOWER s3@group-FEE41E240123:t0, leader=null, voted=null, raftlog=s3@group-FEE41E240123-SegmentedRaftLog:OPENED:c-1,f-1,i0, conf=-1: [], old=null STARTING
   FOLLOWER s3@group-A7C5DBE940E2:t3, leader=null, voted=s3, raftlog=s3@group-A7C5DBE940E2-SegmentedRaftLog:OPENED:c-1,f-1,i0, conf=-1: [s3:0.0.0.0:38312, s4:0.0.0.0:41737, s0:0.0.0.0:41019, s1:0.0.0.0:38816, s2:0.0.0.0:40694], old=null RUNNING] size=2
  s4:  RUNNING [
   FOLLOWER s4@group-FEE41E240123:t0, leader=null, voted=null, raftlog=s4@group-FEE41E240123-SegmentedRaftLog:OPENED:c-1,f-1,i0, conf=-1: [], old=null STARTING
   FOLLOWER s4@group-A7C5DBE940E2:t2, leader=null, voted=s0, raftlog=s4@group-A7C5DBE940E2-SegmentedRaftLog:OPENED:c-1,f-1,i0, conf=-1: [s3:0.0.0.0:38312, s4:0.0.0.0:41737, s0:0.0.0.0:41019, s1:0.0.0.0:38816, s2:0.0.0.0:40694], old=null RUNNING] size=2
  s0:  RUNNING [
   FOLLOWER s0@group-FEE41E240123:t0, leader=null, voted=null, raftlog=s0@group-FEE41E240123-SegmentedRaftLog:OPENED:c-1,f-1,i0, conf=-1: [], old=null STARTING
  CANDIDATE s0@group-A7C5DBE940E2:t3, leader=null, voted=s0, raftlog=s0@group-A7C5DBE940E2-SegmentedRaftLog:OPENED:c-1,f-1,i0, conf=-1: [s3:0.0.0.0:38312, s4:0.0.0.0:41737, s0:0.0.0.0:41019, s1:0.0.0.0:38816, s2:0.0.0.0:40694], old=null RUNNING] size=2
  s1:  RUNNING [
   FOLLOWER s1@group-FEE41E240123:t0, leader=null, voted=null, raftlog=s1@group-FEE41E240123-SegmentedRaftLog:OPENED:c-1,f-1,i0, conf=-1: [], old=null STARTING
  CANDIDATE s1@group-A7C5DBE940E2:t3, leader=null, voted=s1, raftlog=s1@group-A7C5DBE940E2-SegmentedRaftLog:OPENED:c-1,f-1,i0, conf=-1: [s3:0.0.0.0:38312, s4:0.0.0.0:41737, s0:0.0.0.0:41019, s1:0.0.0.0:38816, s2:0.0.0.0:40694], old=null RUNNING] size=2
  s2:  RUNNING [
   FOLLOWER s2@group-FEE41E240123:t0, leader=null, voted=null, raftlog=s2@group-FEE41E240123-SegmentedRaftLog:OPENED:c-1,f-1,i0, conf=-1: [], old=null STARTING
   FOLLOWER s2@group-A7C5DBE940E2:t2, leader=null, voted=s1, raftlog=s2@group-A7C5DBE940E2-SegmentedRaftLog:OPENED:c-1,f-1,i0, conf=-1: [s3:0.0.0.0:38312, s4:0.0.0.0:41737, s0:0.0.0.0:41019, s1:0.0.0.0:38816, s2:0.0.0.0:40694], old=null RUNNING] size=2
	at org.apache.ratis.MiniRaftCluster.newIllegalStateExceptionForNoLeaders(MiniRaftCluster.java:506)
	at org.apache.ratis.RaftTestUtil.lambda$waitForLeader$1(RaftTestUtil.java:90)
	at org.apache.ratis.MiniRaftCluster.getLeader(MiniRaftCluster.java:539)
	at org.apache.ratis.MiniRaftCluster.getLeader(MiniRaftCluster.java:532)
	at org.apache.ratis.RaftTestUtil.lambda$waitForLeader$3(RaftTestUtil.java:98)
	at org.apache.ratis.util.JavaUtils.attempt(JavaUtils.java:152)
	at org.apache.ratis.RaftTestUtil.waitForLeader(RaftTestUtil.java:97)
	at org.apache.ratis.RaftTestUtil.waitForLeader(RaftTestUtil.java:77)
	at org.apache.ratis.server.impl.GroupManagementBaseTest.runMultiGroupTest(GroupManagementBaseTest.java:175)
	at org.apache.ratis.server.impl.GroupManagementBaseTest.runMultiGroupTest(GroupManagementBaseTest.java:126)
	at org.apache.ratis.server.impl.GroupManagementBaseTest.testMultiGroup9Nodes(GroupManagementBaseTest.java:121)
	at sun.reflect.NativeMethodAccessorImpl.invoke0(Native Method)
	at sun.reflect.NativeMethodAccessorImpl.invoke(NativeMethodAccessorImpl.java:62)
	at sun.reflect.DelegatingMethodAccessorImpl.invoke(DelegatingMethodAccessorImpl.java:43)
	at java.lang.reflect.Method.invoke(Method.java:498)
	at org.junit.runners.model.FrameworkMethod$1.runReflectiveCall(FrameworkMethod.java:50)
	at org.junit.internal.runners.model.ReflectiveCallable.run(ReflectiveCallable.java:12)
	at org.junit.runners.model.FrameworkMethod.invokeExplosively(FrameworkMethod.java:47)
	at org.junit.internal.runners.statements.InvokeMethod.evaluate(InvokeMethod.java:17)
	at org.junit.internal.runners.statements.RunAfters.evaluate(RunAfters.java:27)
	at org.junit.internal.runners.statements.FailOnTimeout$CallableStatement.call(FailOnTimeout.java:298)
	at org.junit.internal.runners.statements.FailOnTimeout$CallableStatement.call(FailOnTimeout.java:292)
	at java.util.concurrent.FutureTask.run(FutureTask.java:266)
	at java.lang.Thread.run(Thread.java:748)
2019-09-24 16:47:55,251 WARN  ratis.RaftTestUtil (JavaUtils.java:attempt(158)) - FAILED "waitForLeader-group-A7C5DBE940E2-(expectLeader? true)", attempt #23/100: java.lang.IllegalStateException: No leader yet  for group-A7C5DBE940E2: printing group-A7C5DBE940E2
  s3:  RUNNING [
   FOLLOWER s3@group-FEE41E240123:t0, leader=null, voted=null, raftlog=s3@group-FEE41E240123-SegmentedRaftLog:OPENED:c-1,f-1,i0, conf=-1: [], old=null STARTING
   FOLLOWER s3@group-A7C5DBE940E2:t3, leader=null, voted=s3, raftlog=s3@group-A7C5DBE940E2-SegmentedRaftLog:OPENED:c-1,f-1,i0, conf=-1: [s3:0.0.0.0:38312, s4:0.0.0.0:41737, s0:0.0.0.0:41019, s1:0.0.0.0:38816, s2:0.0.0.0:40694], old=null RUNNING] size=2
  s4:  RUNNING [
   FOLLOWER s4@group-FEE41E240123:t0, leader=null, voted=null, raftlog=s4@group-FEE41E240123-SegmentedRaftLog:OPENED:c-1,f-1,i0, conf=-1: [], old=null STARTING
   FOLLOWER s4@group-A7C5DBE940E2:t2, leader=null, voted=s0, raftlog=s4@group-A7C5DBE940E2-SegmentedRaftLog:OPENED:c-1,f-1,i0, conf=-1: [s3:0.0.0.0:38312, s4:0.0.0.0:41737, s0:0.0.0.0:41019, s1:0.0.0.0:38816, s2:0.0.0.0:40694], old=null RUNNING] size=2
  s0:  RUNNING [
   FOLLOWER s0@group-FEE41E240123:t0, leader=null, voted=null, raftlog=s0@group-FEE41E240123-SegmentedRaftLog:OPENED:c-1,f-1,i0, conf=-1: [], old=null STARTING
  CANDIDATE s0@group-A7C5DBE940E2:t3, leader=null, voted=s0, raftlog=s0@group-A7C5DBE940E2-SegmentedRaftLog:OPENED:c-1,f-1,i0, conf=-1: [s3:0.0.0.0:38312, s4:0.0.0.0:41737, s0:0.0.0.0:41019, s1:0.0.0.0:38816, s2:0.0.0.0:40694], old=null RUNNING] size=2
  s1:  RUNNING [
   FOLLOWER s1@group-FEE41E240123:t0, leader=null, voted=null, raftlog=s1@group-FEE41E240123-SegmentedRaftLog:OPENED:c-1,f-1,i0, conf=-1: [], old=null STARTING
  CANDIDATE s1@group-A7C5DBE940E2:t3, leader=null, voted=s1, raftlog=s1@group-A7C5DBE940E2-SegmentedRaftLog:OPENED:c-1,f-1,i0, conf=-1: [s3:0.0.0.0:38312, s4:0.0.0.0:41737, s0:0.0.0.0:41019, s1:0.0.0.0:38816, s2:0.0.0.0:40694], old=null RUNNING] size=2
  s2:  RUNNING [
   FOLLOWER s2@group-FEE41E240123:t0, leader=null, voted=null, raftlog=s2@group-FEE41E240123-SegmentedRaftLog:OPENED:c-1,f-1,i0, conf=-1: [], old=null STARTING
   FOLLOWER s2@group-A7C5DBE940E2:t2, leader=null, voted=s1, raftlog=s2@group-A7C5DBE940E2-SegmentedRaftLog:OPENED:c-1,f-1,i0, conf=-1: [s3:0.0.0.0:38312, s4:0.0.0.0:41737, s0:0.0.0.0:41019, s1:0.0.0.0:38816, s2:0.0.0.0:40694], old=null RUNNING] size=2, sleep 450ms and then retry.
java.lang.IllegalStateException: No leader yet  for group-A7C5DBE940E2: printing group-A7C5DBE940E2
  s3:  RUNNING [
   FOLLOWER s3@group-FEE41E240123:t0, leader=null, voted=null, raftlog=s3@group-FEE41E240123-SegmentedRaftLog:OPENED:c-1,f-1,i0, conf=-1: [], old=null STARTING
   FOLLOWER s3@group-A7C5DBE940E2:t3, leader=null, voted=s3, raftlog=s3@group-A7C5DBE940E2-SegmentedRaftLog:OPENED:c-1,f-1,i0, conf=-1: [s3:0.0.0.0:38312, s4:0.0.0.0:41737, s0:0.0.0.0:41019, s1:0.0.0.0:38816, s2:0.0.0.0:40694], old=null RUNNING] size=2
  s4:  RUNNING [
   FOLLOWER s4@group-FEE41E240123:t0, leader=null, voted=null, raftlog=s4@group-FEE41E240123-SegmentedRaftLog:OPENED:c-1,f-1,i0, conf=-1: [], old=null STARTING
   FOLLOWER s4@group-A7C5DBE940E2:t2, leader=null, voted=s0, raftlog=s4@group-A7C5DBE940E2-SegmentedRaftLog:OPENED:c-1,f-1,i0, conf=-1: [s3:0.0.0.0:38312, s4:0.0.0.0:41737, s0:0.0.0.0:41019, s1:0.0.0.0:38816, s2:0.0.0.0:40694], old=null RUNNING] size=2
  s0:  RUNNING [
   FOLLOWER s0@group-FEE41E240123:t0, leader=null, voted=null, raftlog=s0@group-FEE41E240123-SegmentedRaftLog:OPENED:c-1,f-1,i0, conf=-1: [], old=null STARTING
  CANDIDATE s0@group-A7C5DBE940E2:t3, leader=null, voted=s0, raftlog=s0@group-A7C5DBE940E2-SegmentedRaftLog:OPENED:c-1,f-1,i0, conf=-1: [s3:0.0.0.0:38312, s4:0.0.0.0:41737, s0:0.0.0.0:41019, s1:0.0.0.0:38816, s2:0.0.0.0:40694], old=null RUNNING] size=2
  s1:  RUNNING [
   FOLLOWER s1@group-FEE41E240123:t0, leader=null, voted=null, raftlog=s1@group-FEE41E240123-SegmentedRaftLog:OPENED:c-1,f-1,i0, conf=-1: [], old=null STARTING
  CANDIDATE s1@group-A7C5DBE940E2:t3, leader=null, voted=s1, raftlog=s1@group-A7C5DBE940E2-SegmentedRaftLog:OPENED:c-1,f-1,i0, conf=-1: [s3:0.0.0.0:38312, s4:0.0.0.0:41737, s0:0.0.0.0:41019, s1:0.0.0.0:38816, s2:0.0.0.0:40694], old=null RUNNING] size=2
  s2:  RUNNING [
   FOLLOWER s2@group-FEE41E240123:t0, leader=null, voted=null, raftlog=s2@group-FEE41E240123-SegmentedRaftLog:OPENED:c-1,f-1,i0, conf=-1: [], old=null STARTING
   FOLLOWER s2@group-A7C5DBE940E2:t2, leader=null, voted=s1, raftlog=s2@group-A7C5DBE940E2-SegmentedRaftLog:OPENED:c-1,f-1,i0, conf=-1: [s3:0.0.0.0:38312, s4:0.0.0.0:41737, s0:0.0.0.0:41019, s1:0.0.0.0:38816, s2:0.0.0.0:40694], old=null RUNNING] size=2
	at org.apache.ratis.MiniRaftCluster.newIllegalStateExceptionForNoLeaders(MiniRaftCluster.java:506)
	at org.apache.ratis.RaftTestUtil.lambda$waitForLeader$1(RaftTestUtil.java:90)
	at org.apache.ratis.MiniRaftCluster.getLeader(MiniRaftCluster.java:539)
	at org.apache.ratis.MiniRaftCluster.getLeader(MiniRaftCluster.java:532)
	at org.apache.ratis.RaftTestUtil.lambda$waitForLeader$3(RaftTestUtil.java:98)
	at org.apache.ratis.util.JavaUtils.attempt(JavaUtils.java:152)
	at org.apache.ratis.RaftTestUtil.waitForLeader(RaftTestUtil.java:97)
	at org.apache.ratis.RaftTestUtil.waitForLeader(RaftTestUtil.java:77)
	at org.apache.ratis.server.impl.GroupManagementBaseTest.runMultiGroupTest(GroupManagementBaseTest.java:175)
	at org.apache.ratis.server.impl.GroupManagementBaseTest.runMultiGroupTest(GroupManagementBaseTest.java:126)
	at org.apache.ratis.server.impl.GroupManagementBaseTest.testMultiGroup9Nodes(GroupManagementBaseTest.java:121)
	at sun.reflect.NativeMethodAccessorImpl.invoke0(Native Method)
	at sun.reflect.NativeMethodAccessorImpl.invoke(NativeMethodAccessorImpl.java:62)
	at sun.reflect.DelegatingMethodAccessorImpl.invoke(DelegatingMethodAccessorImpl.java:43)
	at java.lang.reflect.Method.invoke(Method.java:498)
	at org.junit.runners.model.FrameworkMethod$1.runReflectiveCall(FrameworkMethod.java:50)
	at org.junit.internal.runners.model.ReflectiveCallable.run(ReflectiveCallable.java:12)
	at org.junit.runners.model.FrameworkMethod.invokeExplosively(FrameworkMethod.java:47)
	at org.junit.internal.runners.statements.InvokeMethod.evaluate(InvokeMethod.java:17)
	at org.junit.internal.runners.statements.RunAfters.evaluate(RunAfters.java:27)
	at org.junit.internal.runners.statements.FailOnTimeout$CallableStatement.call(FailOnTimeout.java:298)
	at org.junit.internal.runners.statements.FailOnTimeout$CallableStatement.call(FailOnTimeout.java:292)
	at java.util.concurrent.FutureTask.run(FutureTask.java:266)
	at java.lang.Thread.run(Thread.java:748)
2019-09-24 16:47:55,703 WARN  ratis.RaftTestUtil (JavaUtils.java:attempt(158)) - FAILED "waitForLeader-group-A7C5DBE940E2-(expectLeader? true)", attempt #24/100: java.lang.IllegalStateException: No leader yet  for group-A7C5DBE940E2: printing group-A7C5DBE940E2
  s3:  RUNNING [
   FOLLOWER s3@group-FEE41E240123:t0, leader=null, voted=null, raftlog=s3@group-FEE41E240123-SegmentedRaftLog:OPENED:c-1,f-1,i0, conf=-1: [], old=null STARTING
   FOLLOWER s3@group-A7C5DBE940E2:t3, leader=null, voted=s3, raftlog=s3@group-A7C5DBE940E2-SegmentedRaftLog:OPENED:c-1,f-1,i0, conf=-1: [s3:0.0.0.0:38312, s4:0.0.0.0:41737, s0:0.0.0.0:41019, s1:0.0.0.0:38816, s2:0.0.0.0:40694], old=null RUNNING] size=2
  s4:  RUNNING [
   FOLLOWER s4@group-FEE41E240123:t0, leader=null, voted=null, raftlog=s4@group-FEE41E240123-SegmentedRaftLog:OPENED:c-1,f-1,i0, conf=-1: [], old=null STARTING
   FOLLOWER s4@group-A7C5DBE940E2:t2, leader=null, voted=s0, raftlog=s4@group-A7C5DBE940E2-SegmentedRaftLog:OPENED:c-1,f-1,i0, conf=-1: [s3:0.0.0.0:38312, s4:0.0.0.0:41737, s0:0.0.0.0:41019, s1:0.0.0.0:38816, s2:0.0.0.0:40694], old=null RUNNING] size=2
  s0:  RUNNING [
   FOLLOWER s0@group-FEE41E240123:t0, leader=null, voted=null, raftlog=s0@group-FEE41E240123-SegmentedRaftLog:OPENED:c-1,f-1,i0, conf=-1: [], old=null STARTING
  CANDIDATE s0@group-A7C5DBE940E2:t3, leader=null, voted=s0, raftlog=s0@group-A7C5DBE940E2-SegmentedRaftLog:OPENED:c-1,f-1,i0, conf=-1: [s3:0.0.0.0:38312, s4:0.0.0.0:41737, s0:0.0.0.0:41019, s1:0.0.0.0:38816, s2:0.0.0.0:40694], old=null RUNNING] size=2
  s1:  RUNNING [
   FOLLOWER s1@group-FEE41E240123:t0, leader=null, voted=null, raftlog=s1@group-FEE41E240123-SegmentedRaftLog:OPENED:c-1,f-1,i0, conf=-1: [], old=null STARTING
  CANDIDATE s1@group-A7C5DBE940E2:t3, leader=null, voted=s1, raftlog=s1@group-A7C5DBE940E2-SegmentedRaftLog:OPENED:c-1,f-1,i0, conf=-1: [s3:0.0.0.0:38312, s4:0.0.0.0:41737, s0:0.0.0.0:41019, s1:0.0.0.0:38816, s2:0.0.0.0:40694], old=null RUNNING] size=2
  s2:  RUNNING [
   FOLLOWER s2@group-FEE41E240123:t0, leader=null, voted=null, raftlog=s2@group-FEE41E240123-SegmentedRaftLog:OPENED:c-1,f-1,i0, conf=-1: [], old=null STARTING
   FOLLOWER s2@group-A7C5DBE940E2:t2, leader=null, voted=s1, raftlog=s2@group-A7C5DBE940E2-SegmentedRaftLog:OPENED:c-1,f-1,i0, conf=-1: [s3:0.0.0.0:38312, s4:0.0.0.0:41737, s0:0.0.0.0:41019, s1:0.0.0.0:38816, s2:0.0.0.0:40694], old=null RUNNING] size=2, sleep 450ms and then retry.
java.lang.IllegalStateException: No leader yet  for group-A7C5DBE940E2: printing group-A7C5DBE940E2
  s3:  RUNNING [
   FOLLOWER s3@group-FEE41E240123:t0, leader=null, voted=null, raftlog=s3@group-FEE41E240123-SegmentedRaftLog:OPENED:c-1,f-1,i0, conf=-1: [], old=null STARTING
   FOLLOWER s3@group-A7C5DBE940E2:t3, leader=null, voted=s3, raftlog=s3@group-A7C5DBE940E2-SegmentedRaftLog:OPENED:c-1,f-1,i0, conf=-1: [s3:0.0.0.0:38312, s4:0.0.0.0:41737, s0:0.0.0.0:41019, s1:0.0.0.0:38816, s2:0.0.0.0:40694], old=null RUNNING] size=2
  s4:  RUNNING [
   FOLLOWER s4@group-FEE41E240123:t0, leader=null, voted=null, raftlog=s4@group-FEE41E240123-SegmentedRaftLog:OPENED:c-1,f-1,i0, conf=-1: [], old=null STARTING
   FOLLOWER s4@group-A7C5DBE940E2:t2, leader=null, voted=s0, raftlog=s4@group-A7C5DBE940E2-SegmentedRaftLog:OPENED:c-1,f-1,i0, conf=-1: [s3:0.0.0.0:38312, s4:0.0.0.0:41737, s0:0.0.0.0:41019, s1:0.0.0.0:38816, s2:0.0.0.0:40694], old=null RUNNING] size=2
  s0:  RUNNING [
   FOLLOWER s0@group-FEE41E240123:t0, leader=null, voted=null, raftlog=s0@group-FEE41E240123-SegmentedRaftLog:OPENED:c-1,f-1,i0, conf=-1: [], old=null STARTING
  CANDIDATE s0@group-A7C5DBE940E2:t3, leader=null, voted=s0, raftlog=s0@group-A7C5DBE940E2-SegmentedRaftLog:OPENED:c-1,f-1,i0, conf=-1: [s3:0.0.0.0:38312, s4:0.0.0.0:41737, s0:0.0.0.0:41019, s1:0.0.0.0:38816, s2:0.0.0.0:40694], old=null RUNNING] size=2
  s1:  RUNNING [
   FOLLOWER s1@group-FEE41E240123:t0, leader=null, voted=null, raftlog=s1@group-FEE41E240123-SegmentedRaftLog:OPENED:c-1,f-1,i0, conf=-1: [], old=null STARTING
  CANDIDATE s1@group-A7C5DBE940E2:t3, leader=null, voted=s1, raftlog=s1@group-A7C5DBE940E2-SegmentedRaftLog:OPENED:c-1,f-1,i0, conf=-1: [s3:0.0.0.0:38312, s4:0.0.0.0:41737, s0:0.0.0.0:41019, s1:0.0.0.0:38816, s2:0.0.0.0:40694], old=null RUNNING] size=2
  s2:  RUNNING [
   FOLLOWER s2@group-FEE41E240123:t0, leader=null, voted=null, raftlog=s2@group-FEE41E240123-SegmentedRaftLog:OPENED:c-1,f-1,i0, conf=-1: [], old=null STARTING
   FOLLOWER s2@group-A7C5DBE940E2:t2, leader=null, voted=s1, raftlog=s2@group-A7C5DBE940E2-SegmentedRaftLog:OPENED:c-1,f-1,i0, conf=-1: [s3:0.0.0.0:38312, s4:0.0.0.0:41737, s0:0.0.0.0:41019, s1:0.0.0.0:38816, s2:0.0.0.0:40694], old=null RUNNING] size=2
	at org.apache.ratis.MiniRaftCluster.newIllegalStateExceptionForNoLeaders(MiniRaftCluster.java:506)
	at org.apache.ratis.RaftTestUtil.lambda$waitForLeader$1(RaftTestUtil.java:90)
	at org.apache.ratis.MiniRaftCluster.getLeader(MiniRaftCluster.java:539)
	at org.apache.ratis.MiniRaftCluster.getLeader(MiniRaftCluster.java:532)
	at org.apache.ratis.RaftTestUtil.lambda$waitForLeader$3(RaftTestUtil.java:98)
	at org.apache.ratis.util.JavaUtils.attempt(JavaUtils.java:152)
	at org.apache.ratis.RaftTestUtil.waitForLeader(RaftTestUtil.java:97)
	at org.apache.ratis.RaftTestUtil.waitForLeader(RaftTestUtil.java:77)
	at org.apache.ratis.server.impl.GroupManagementBaseTest.runMultiGroupTest(GroupManagementBaseTest.java:175)
	at org.apache.ratis.server.impl.GroupManagementBaseTest.runMultiGroupTest(GroupManagementBaseTest.java:126)
	at org.apache.ratis.server.impl.GroupManagementBaseTest.testMultiGroup9Nodes(GroupManagementBaseTest.java:121)
	at sun.reflect.NativeMethodAccessorImpl.invoke0(Native Method)
	at sun.reflect.NativeMethodAccessorImpl.invoke(NativeMethodAccessorImpl.java:62)
	at sun.reflect.DelegatingMethodAccessorImpl.invoke(DelegatingMethodAccessorImpl.java:43)
	at java.lang.reflect.Method.invoke(Method.java:498)
	at org.junit.runners.model.FrameworkMethod$1.runReflectiveCall(FrameworkMethod.java:50)
	at org.junit.internal.runners.model.ReflectiveCallable.run(ReflectiveCallable.java:12)
	at org.junit.runners.model.FrameworkMethod.invokeExplosively(FrameworkMethod.java:47)
	at org.junit.internal.runners.statements.InvokeMethod.evaluate(InvokeMethod.java:17)
	at org.junit.internal.runners.statements.RunAfters.evaluate(RunAfters.java:27)
	at org.junit.internal.runners.statements.FailOnTimeout$CallableStatement.call(FailOnTimeout.java:298)
	at org.junit.internal.runners.statements.FailOnTimeout$CallableStatement.call(FailOnTimeout.java:292)
	at java.util.concurrent.FutureTask.run(FutureTask.java:266)
	at java.lang.Thread.run(Thread.java:748)
2019-09-24 16:47:56,088 INFO  impl.LeaderElection (LeaderElection.java:askForVotes(178)) - s0@group-A7C5DBE940E2-LeaderElection17: begin an election at term 3 for -1: [s3:0.0.0.0:38312, s4:0.0.0.0:41737, s0:0.0.0.0:41019, s1:0.0.0.0:38816, s2:0.0.0.0:40694], old=null
2019-09-24 16:47:56,089 INFO  impl.LeaderElection (LeaderElection.java:askForVotes(178)) - s3@group-A7C5DBE940E2-LeaderElection19: begin an election at term 3 for -1: [s3:0.0.0.0:38312, s4:0.0.0.0:41737, s0:0.0.0.0:41019, s1:0.0.0.0:38816, s2:0.0.0.0:40694], old=null
2019-09-24 16:47:56,089 DEBUG impl.RaftServerImpl (RaftServerImpl.java:requestVote(775)) - s2@group-A7C5DBE940E2 replies to vote request: s1<-s2#0:OK-t2. Peer's state: s2@group-A7C5DBE940E2:t2, leader=null, voted=s1, raftlog=s2@group-A7C5DBE940E2-SegmentedRaftLog:OPENED:c-1,f-1,i0, conf=-1: [s3:0.0.0.0:38312, s4:0.0.0.0:41737, s0:0.0.0.0:41019, s1:0.0.0.0:38816, s2:0.0.0.0:40694], old=null
2019-09-24 16:47:56,089 INFO  impl.FollowerState (FollowerState.java:run(108)) - s3@group-A7C5DBE940E2-FollowerState: change to CANDIDATE, lastRpcTime:5159ms, electionTimeout:250ms
2019-09-24 16:47:56,088 INFO  impl.LeaderElection (LeaderElection.java:askForVotes(178)) - s1@group-A7C5DBE940E2-LeaderElection16: begin an election at term 3 for -1: [s3:0.0.0.0:38312, s4:0.0.0.0:41737, s0:0.0.0.0:41019, s1:0.0.0.0:38816, s2:0.0.0.0:40694], old=null
2019-09-24 16:47:56,091 INFO  impl.RoleInfo (RoleInfo.java:shutdownFollowerState(121)) - s3: shutdown FollowerState
2019-09-24 16:47:56,091 INFO  impl.FollowerState (FollowerState.java:run(108)) - s2@group-A7C5DBE940E2-FollowerState: change to CANDIDATE, lastRpcTime:5164ms, electionTimeout:231ms
2019-09-24 16:47:56,090 DEBUG impl.RaftServerImpl (RaftServerImpl.java:requestVote(775)) - s4@group-A7C5DBE940E2 replies to vote request: s0<-s4#0:OK-t2. Peer's state: s4@group-A7C5DBE940E2:t2, leader=null, voted=s0, raftlog=s4@group-A7C5DBE940E2-SegmentedRaftLog:OPENED:c-1,f-1,i0, conf=-1: [s3:0.0.0.0:38312, s4:0.0.0.0:41737, s0:0.0.0.0:41019, s1:0.0.0.0:38816, s2:0.0.0.0:40694], old=null
2019-09-24 16:47:56,092 DEBUG impl.RaftServerImpl (RaftServerImpl.java:requestVote(743)) - s1@group-A7C5DBE940E2: receive requestVote(s0, group-A7C5DBE940E2, 3, (t:0, i:0))
2019-09-24 16:47:56,092 INFO  impl.RoleInfo (RoleInfo.java:shutdownFollowerState(121)) - s2: shutdown FollowerState
2019-09-24 16:47:56,093 DEBUG impl.RaftServerImpl (RaftServerImpl.java:requestVote(743)) - s3@group-A7C5DBE940E2: receive requestVote(s1, group-A7C5DBE940E2, 3, (t:0, i:0))
2019-09-24 16:47:56,092 INFO  impl.RaftServerImpl (RaftServerImpl.java:setRole(170)) - s3@group-A7C5DBE940E2: changes role from  FOLLOWER to CANDIDATE at term 3 for changeToCandidate
2019-09-24 16:47:56,092 DEBUG impl.RaftServerImpl (RaftServerImpl.java:requestVote(743)) - s3@group-A7C5DBE940E2: receive requestVote(s0, group-A7C5DBE940E2, 3, (t:0, i:0))
2019-09-24 16:47:56,093 DEBUG impl.RaftServerImpl (RaftServerImpl.java:requestVote(743)) - s0@group-A7C5DBE940E2: receive requestVote(s1, group-A7C5DBE940E2, 3, (t:0, i:0))
2019-09-24 16:47:56,093 INFO  impl.RoleInfo (RoleInfo.java:updateAndGet(143)) - s3: start LeaderElection
2019-09-24 16:47:56,093 DEBUG impl.RaftServerImpl (RaftServerImpl.java:requestVote(743)) - s2@group-A7C5DBE940E2: receive requestVote(s1, group-A7C5DBE940E2, 3, (t:0, i:0))
2019-09-24 16:47:56,093 DEBUG impl.RaftServerImpl (RaftServerImpl.java:requestVote(743)) - s4@group-A7C5DBE940E2: receive requestVote(s1, group-A7C5DBE940E2, 3, (t:0, i:0))
2019-09-24 16:47:56,093 INFO  impl.RaftServerImpl (RaftServerImpl.java:setRole(170)) - s2@group-A7C5DBE940E2: changes role from  FOLLOWER to CANDIDATE at term 2 for changeToCandidate
2019-09-24 16:47:56,093 DEBUG impl.RaftServerImpl (RaftServerImpl.java:requestVote(775)) - s1@group-A7C5DBE940E2 replies to vote request: s0<-s1#0:FAIL-t3. Peer's state: s1@group-A7C5DBE940E2:t3, leader=null, voted=s1, raftlog=s1@group-A7C5DBE940E2-SegmentedRaftLog:OPENED:c-1,f-1,i0, conf=-1: [s3:0.0.0.0:38312, s4:0.0.0.0:41737, s0:0.0.0.0:41019, s1:0.0.0.0:38816, s2:0.0.0.0:40694], old=null
2019-09-24 16:47:56,093 DEBUG impl.RaftServerImpl (RaftServerImpl.java:requestVote(743)) - s4@group-A7C5DBE940E2: receive requestVote(s0, group-A7C5DBE940E2, 3, (t:0, i:0))
2019-09-24 16:47:56,092 INFO  impl.FollowerState (FollowerState.java:run(108)) - s4@group-A7C5DBE940E2-FollowerState: change to CANDIDATE, lastRpcTime:5164ms, electionTimeout:159ms
2019-09-24 16:47:56,092 DEBUG impl.RaftServerImpl (RaftServerImpl.java:requestVote(743)) - s2@group-A7C5DBE940E2: receive requestVote(s0, group-A7C5DBE940E2, 3, (t:0, i:0))
2019-09-24 16:47:56,097 INFO  impl.RoleInfo (RoleInfo.java:shutdownFollowerState(121)) - s4: shutdown FollowerState
2019-09-24 16:47:56,096 INFO  impl.RoleInfo (RoleInfo.java:updateAndGet(143)) - s2: start LeaderElection
2019-09-24 16:47:56,094 DEBUG impl.RaftServerImpl (RaftServerImpl.java:requestVote(775)) - s0@group-A7C5DBE940E2 replies to vote request: s1<-s0#0:FAIL-t3. Peer's state: s0@group-A7C5DBE940E2:t3, leader=null, voted=s0, raftlog=s0@group-A7C5DBE940E2-SegmentedRaftLog:OPENED:c-1,f-1,i0, conf=-1: [s3:0.0.0.0:38312, s4:0.0.0.0:41737, s0:0.0.0.0:41019, s1:0.0.0.0:38816, s2:0.0.0.0:40694], old=null
2019-09-24 16:47:56,099 INFO  impl.FollowerState (FollowerState.java:run(108)) - s2@group-A7C5DBE940E2-FollowerState: change to CANDIDATE, lastRpcTime:5171ms, electionTimeout:168ms
2019-09-24 16:47:56,097 INFO  impl.RaftServerImpl (RaftServerImpl.java:setRole(170)) - s4@group-A7C5DBE940E2: changes role from  FOLLOWER to CANDIDATE at term 2 for changeToCandidate
2019-09-24 16:47:56,099 WARN  impl.FollowerState (FollowerState.java:run(121)) - s2@group-A7C5DBE940E2-FollowerState caught an exception
java.lang.IllegalStateException
	at org.apache.ratis.util.Preconditions.assertTrue(Preconditions.java:36)
	at org.apache.ratis.server.impl.RaftServerImpl.changeToCandidate(RaftServerImpl.java:406)
	at org.apache.ratis.server.impl.FollowerState.run(FollowerState.java:112)
2019-09-24 16:47:56,099 INFO  impl.RoleInfo (RoleInfo.java:updateAndGet(143)) - s4: start LeaderElection
2019-09-24 16:47:56,101 INFO  impl.FollowerState (FollowerState.java:run(108)) - s4@group-A7C5DBE940E2-FollowerState: change to CANDIDATE, lastRpcTime:5173ms, electionTimeout:243ms
2019-09-24 16:47:56,102 WARN  impl.FollowerState (FollowerState.java:run(121)) - s4@group-A7C5DBE940E2-FollowerState caught an exception
java.lang.IllegalStateException
	at org.apache.ratis.util.Preconditions.assertTrue(Preconditions.java:36)
	at org.apache.ratis.server.impl.RaftServerImpl.changeToCandidate(RaftServerImpl.java:406)
	at org.apache.ratis.server.impl.FollowerState.run(FollowerState.java:112)
2019-09-24 16:47:56,154 WARN  ratis.RaftTestUtil (JavaUtils.java:attempt(158)) - FAILED "waitForLeader-group-A7C5DBE940E2-(expectLeader? true)", attempt #25/100: java.lang.IllegalStateException: No leader yet  for group-A7C5DBE940E2: printing group-A7C5DBE940E2
  s3:  RUNNING [
   FOLLOWER s3@group-FEE41E240123:t0, leader=null, voted=null, raftlog=s3@group-FEE41E240123-SegmentedRaftLog:OPENED:c-1,f-1,i0, conf=-1: [], old=null STARTING
  CANDIDATE s3@group-A7C5DBE940E2:t4, leader=null, voted=s3, raftlog=s3@group-A7C5DBE940E2-SegmentedRaftLog:OPENED:c-1,f-1,i0, conf=-1: [s3:0.0.0.0:38312, s4:0.0.0.0:41737, s0:0.0.0.0:41019, s1:0.0.0.0:38816, s2:0.0.0.0:40694], old=null RUNNING] size=2
  s4:  RUNNING [
   FOLLOWER s4@group-FEE41E240123:t0, leader=null, voted=null, raftlog=s4@group-FEE41E240123-SegmentedRaftLog:OPENED:c-1,f-1,i0, conf=-1: [], old=null STARTING
  CANDIDATE s4@group-A7C5DBE940E2:t3, leader=null, voted=s4, raftlog=s4@group-A7C5DBE940E2-SegmentedRaftLog:OPENED:c-1,f-1,i0, conf=-1: [s3:0.0.0.0:38312, s4:0.0.0.0:41737, s0:0.0.0.0:41019, s1:0.0.0.0:38816, s2:0.0.0.0:40694], old=null RUNNING] size=2
  s0:  RUNNING [
   FOLLOWER s0@group-FEE41E240123:t0, leader=null, voted=null, raftlog=s0@group-FEE41E240123-SegmentedRaftLog:OPENED:c-1,f-1,i0, conf=-1: [], old=null STARTING
  CANDIDATE s0@group-A7C5DBE940E2:t3, leader=null, voted=s0, raftlog=s0@group-A7C5DBE940E2-SegmentedRaftLog:OPENED:c-1,f-1,i0, conf=-1: [s3:0.0.0.0:38312, s4:0.0.0.0:41737, s0:0.0.0.0:41019, s1:0.0.0.0:38816, s2:0.0.0.0:40694], old=null RUNNING] size=2
  s1:  RUNNING [
   FOLLOWER s1@group-FEE41E240123:t0, leader=null, voted=null, raftlog=s1@group-FEE41E240123-SegmentedRaftLog:OPENED:c-1,f-1,i0, conf=-1: [], old=null STARTING
  CANDIDATE s1@group-A7C5DBE940E2:t3, leader=null, voted=s1, raftlog=s1@group-A7C5DBE940E2-SegmentedRaftLog:OPENED:c-1,f-1,i0, conf=-1: [s3:0.0.0.0:38312, s4:0.0.0.0:41737, s0:0.0.0.0:41019, s1:0.0.0.0:38816, s2:0.0.0.0:40694], old=null RUNNING] size=2
  s2:  RUNNING [
   FOLLOWER s2@group-FEE41E240123:t0, leader=null, voted=null, raftlog=s2@group-FEE41E240123-SegmentedRaftLog:OPENED:c-1,f-1,i0, conf=-1: [], old=null STARTING
  CANDIDATE s2@group-A7C5DBE940E2:t3, leader=null, voted=s2, raftlog=s2@group-A7C5DBE940E2-SegmentedRaftLog:OPENED:c-1,f-1,i0, conf=-1: [s3:0.0.0.0:38312, s4:0.0.0.0:41737, s0:0.0.0.0:41019, s1:0.0.0.0:38816, s2:0.0.0.0:40694], old=null RUNNING] size=2, sleep 450ms and then retry.
java.lang.IllegalStateException: No leader yet  for group-A7C5DBE940E2: printing group-A7C5DBE940E2
  s3:  RUNNING [
   FOLLOWER s3@group-FEE41E240123:t0, leader=null, voted=null, raftlog=s3@group-FEE41E240123-SegmentedRaftLog:OPENED:c-1,f-1,i0, conf=-1: [], old=null STARTING
  CANDIDATE s3@group-A7C5DBE940E2:t4, leader=null, voted=s3, raftlog=s3@group-A7C5DBE940E2-SegmentedRaftLog:OPENED:c-1,f-1,i0, conf=-1: [s3:0.0.0.0:38312, s4:0.0.0.0:41737, s0:0.0.0.0:41019, s1:0.0.0.0:38816, s2:0.0.0.0:40694], old=null RUNNING] size=2
  s4:  RUNNING [
   FOLLOWER s4@group-FEE41E240123:t0, leader=null, voted=null, raftlog=s4@group-FEE41E240123-SegmentedRaftLog:OPENED:c-1,f-1,i0, conf=-1: [], old=null STARTING
  CANDIDATE s4@group-A7C5DBE940E2:t3, leader=null, voted=s4, raftlog=s4@group-A7C5DBE940E2-SegmentedRaftLog:OPENED:c-1,f-1,i0, conf=-1: [s3:0.0.0.0:38312, s4:0.0.0.0:41737, s0:0.0.0.0:41019, s1:0.0.0.0:38816, s2:0.0.0.0:40694], old=null RUNNING] size=2
  s0:  RUNNING [
   FOLLOWER s0@group-FEE41E240123:t0, leader=null, voted=null, raftlog=s0@group-FEE41E240123-SegmentedRaftLog:OPENED:c-1,f-1,i0, conf=-1: [], old=null STARTING
  CANDIDATE s0@group-A7C5DBE940E2:t3, leader=null, voted=s0, raftlog=s0@group-A7C5DBE940E2-SegmentedRaftLog:OPENED:c-1,f-1,i0, conf=-1: [s3:0.0.0.0:38312, s4:0.0.0.0:41737, s0:0.0.0.0:41019, s1:0.0.0.0:38816, s2:0.0.0.0:40694], old=null RUNNING] size=2
  s1:  RUNNING [
   FOLLOWER s1@group-FEE41E240123:t0, leader=null, voted=null, raftlog=s1@group-FEE41E240123-SegmentedRaftLog:OPENED:c-1,f-1,i0, conf=-1: [], old=null STARTING
  CANDIDATE s1@group-A7C5DBE940E2:t3, leader=null, voted=s1, raftlog=s1@group-A7C5DBE940E2-SegmentedRaftLog:OPENED:c-1,f-1,i0, conf=-1: [s3:0.0.0.0:38312, s4:0.0.0.0:41737, s0:0.0.0.0:41019, s1:0.0.0.0:38816, s2:0.0.0.0:40694], old=null RUNNING] size=2
  s2:  RUNNING [
   FOLLOWER s2@group-FEE41E240123:t0, leader=null, voted=null, raftlog=s2@group-FEE41E240123-SegmentedRaftLog:OPENED:c-1,f-1,i0, conf=-1: [], old=null STARTING
  CANDIDATE s2@group-A7C5DBE940E2:t3, leader=null, voted=s2, raftlog=s2@group-A7C5DBE940E2-SegmentedRaftLog:OPENED:c-1,f-1,i0, conf=-1: [s3:0.0.0.0:38312, s4:0.0.0.0:41737, s0:0.0.0.0:41019, s1:0.0.0.0:38816, s2:0.0.0.0:40694], old=null RUNNING] size=2
	at org.apache.ratis.MiniRaftCluster.newIllegalStateExceptionForNoLeaders(MiniRaftCluster.java:506)
	at org.apache.ratis.RaftTestUtil.lambda$waitForLeader$1(RaftTestUtil.java:90)
	at org.apache.ratis.MiniRaftCluster.getLeader(MiniRaftCluster.java:539)
	at org.apache.ratis.MiniRaftCluster.getLeader(MiniRaftCluster.java:532)
	at org.apache.ratis.RaftTestUtil.lambda$waitForLeader$3(RaftTestUtil.java:98)
	at org.apache.ratis.util.JavaUtils.attempt(JavaUtils.java:152)
	at org.apache.ratis.RaftTestUtil.waitForLeader(RaftTestUtil.java:97)
	at org.apache.ratis.RaftTestUtil.waitForLeader(RaftTestUtil.java:77)
	at org.apache.ratis.server.impl.GroupManagementBaseTest.runMultiGroupTest(GroupManagementBaseTest.java:175)
	at org.apache.ratis.server.impl.GroupManagementBaseTest.runMultiGroupTest(GroupManagementBaseTest.java:126)
	at org.apache.ratis.server.impl.GroupManagementBaseTest.testMultiGroup9Nodes(GroupManagementBaseTest.java:121)
	at sun.reflect.NativeMethodAccessorImpl.invoke0(Native Method)
	at sun.reflect.NativeMethodAccessorImpl.invoke(NativeMethodAccessorImpl.java:62)
	at sun.reflect.DelegatingMethodAccessorImpl.invoke(DelegatingMethodAccessorImpl.java:43)
	at java.lang.reflect.Method.invoke(Method.java:498)
	at org.junit.runners.model.FrameworkMethod$1.runReflectiveCall(FrameworkMethod.java:50)
	at org.junit.internal.runners.model.ReflectiveCallable.run(ReflectiveCallable.java:12)
	at org.junit.runners.model.FrameworkMethod.invokeExplosively(FrameworkMethod.java:47)
	at org.junit.internal.runners.statements.InvokeMethod.evaluate(InvokeMethod.java:17)
	at org.junit.internal.runners.statements.RunAfters.evaluate(RunAfters.java:27)
	at org.junit.internal.runners.statements.FailOnTimeout$CallableStatement.call(FailOnTimeout.java:298)
	at org.junit.internal.runners.statements.FailOnTimeout$CallableStatement.call(FailOnTimeout.java:292)
	at java.util.concurrent.FutureTask.run(FutureTask.java:266)
	at java.lang.Thread.run(Thread.java:748)
2019-09-24 16:47:56,253 INFO  impl.LeaderElection (LeaderElection.java:logAndReturn(56)) - s1@group-A7C5DBE940E2-LeaderElection16: Election TIMEOUT; received 1 response(s) [s1<-s0#0:FAIL-t3] and 0 exception(s); s1@group-A7C5DBE940E2:t3, leader=null, voted=s1, raftlog=s1@group-A7C5DBE940E2-SegmentedRaftLog:OPENED:c-1,f-1,i0, conf=-1: [s3:0.0.0.0:38312, s4:0.0.0.0:41737, s0:0.0.0.0:41019, s1:0.0.0.0:38816, s2:0.0.0.0:40694], old=null
2019-09-24 16:47:56,260 INFO  impl.LeaderElection (LeaderElection.java:logAndReturn(56)) - s0@group-A7C5DBE940E2-LeaderElection17: Election TIMEOUT; received 1 response(s) [s0<-s1#0:FAIL-t3] and 0 exception(s); s0@group-A7C5DBE940E2:t3, leader=null, voted=s0, raftlog=s0@group-A7C5DBE940E2-SegmentedRaftLog:OPENED:c-1,f-1,i0, conf=-1: [s3:0.0.0.0:38312, s4:0.0.0.0:41737, s0:0.0.0.0:41019, s1:0.0.0.0:38816, s2:0.0.0.0:40694], old=null
2019-09-24 16:47:56,606 WARN  ratis.RaftTestUtil (JavaUtils.java:attempt(158)) - FAILED "waitForLeader-group-A7C5DBE940E2-(expectLeader? true)", attempt #26/100: java.lang.IllegalStateException: No leader yet  for group-A7C5DBE940E2: printing group-A7C5DBE940E2
  s3:  RUNNING [
   FOLLOWER s3@group-FEE41E240123:t0, leader=null, voted=null, raftlog=s3@group-FEE41E240123-SegmentedRaftLog:OPENED:c-1,f-1,i0, conf=-1: [], old=null STARTING
  CANDIDATE s3@group-A7C5DBE940E2:t4, leader=null, voted=s3, raftlog=s3@group-A7C5DBE940E2-SegmentedRaftLog:OPENED:c-1,f-1,i0, conf=-1: [s3:0.0.0.0:38312, s4:0.0.0.0:41737, s0:0.0.0.0:41019, s1:0.0.0.0:38816, s2:0.0.0.0:40694], old=null RUNNING] size=2
  s4:  RUNNING [
   FOLLOWER s4@group-FEE41E240123:t0, leader=null, voted=null, raftlog=s4@group-FEE41E240123-SegmentedRaftLog:OPENED:c-1,f-1,i0, conf=-1: [], old=null STARTING
  CANDIDATE s4@group-A7C5DBE940E2:t3, leader=null, voted=s4, raftlog=s4@group-A7C5DBE940E2-SegmentedRaftLog:OPENED:c-1,f-1,i0, conf=-1: [s3:0.0.0.0:38312, s4:0.0.0.0:41737, s0:0.0.0.0:41019, s1:0.0.0.0:38816, s2:0.0.0.0:40694], old=null RUNNING] size=2
  s0:  RUNNING [
   FOLLOWER s0@group-FEE41E240123:t0, leader=null, voted=null, raftlog=s0@group-FEE41E240123-SegmentedRaftLog:OPENED:c-1,f-1,i0, conf=-1: [], old=null STARTING
  CANDIDATE s0@group-A7C5DBE940E2:t4, leader=null, voted=s0, raftlog=s0@group-A7C5DBE940E2-SegmentedRaftLog:OPENED:c-1,f-1,i0, conf=-1: [s3:0.0.0.0:38312, s4:0.0.0.0:41737, s0:0.0.0.0:41019, s1:0.0.0.0:38816, s2:0.0.0.0:40694], old=null RUNNING] size=2
  s1:  RUNNING [
   FOLLOWER s1@group-FEE41E240123:t0, leader=null, voted=null, raftlog=s1@group-FEE41E240123-SegmentedRaftLog:OPENED:c-1,f-1,i0, conf=-1: [], old=null STARTING
  CANDIDATE s1@group-A7C5DBE940E2:t4, leader=null, voted=s1, raftlog=s1@group-A7C5DBE940E2-SegmentedRaftLog:OPENED:c-1,f-1,i0, conf=-1: [s3:0.0.0.0:38312, s4:0.0.0.0:41737, s0:0.0.0.0:41019, s1:0.0.0.0:38816, s2:0.0.0.0:40694], old=null RUNNING] size=2
  s2:  RUNNING [
   FOLLOWER s2@group-FEE41E240123:t0, leader=null, voted=null, raftlog=s2@group-FEE41E240123-SegmentedRaftLog:OPENED:c-1,f-1,i0, conf=-1: [], old=null STARTING
  CANDIDATE s2@group-A7C5DBE940E2:t3, leader=null, voted=s2, raftlog=s2@group-A7C5DBE940E2-SegmentedRaftLog:OPENED:c-1,f-1,i0, conf=-1: [s3:0.0.0.0:38312, s4:0.0.0.0:41737, s0:0.0.0.0:41019, s1:0.0.0.0:38816, s2:0.0.0.0:40694], old=null RUNNING] size=2, sleep 450ms and then retry.
java.lang.IllegalStateException: No leader yet  for group-A7C5DBE940E2: printing group-A7C5DBE940E2
  s3:  RUNNING [
   FOLLOWER s3@group-FEE41E240123:t0, leader=null, voted=null, raftlog=s3@group-FEE41E240123-SegmentedRaftLog:OPENED:c-1,f-1,i0, conf=-1: [], old=null STARTING
  CANDIDATE s3@group-A7C5DBE940E2:t4, leader=null, voted=s3, raftlog=s3@group-A7C5DBE940E2-SegmentedRaftLog:OPENED:c-1,f-1,i0, conf=-1: [s3:0.0.0.0:38312, s4:0.0.0.0:41737, s0:0.0.0.0:41019, s1:0.0.0.0:38816, s2:0.0.0.0:40694], old=null RUNNING] size=2
  s4:  RUNNING [
   FOLLOWER s4@group-FEE41E240123:t0, leader=null, voted=null, raftlog=s4@group-FEE41E240123-SegmentedRaftLog:OPENED:c-1,f-1,i0, conf=-1: [], old=null STARTING
  CANDIDATE s4@group-A7C5DBE940E2:t3, leader=null, voted=s4, raftlog=s4@group-A7C5DBE940E2-SegmentedRaftLog:OPENED:c-1,f-1,i0, conf=-1: [s3:0.0.0.0:38312, s4:0.0.0.0:41737, s0:0.0.0.0:41019, s1:0.0.0.0:38816, s2:0.0.0.0:40694], old=null RUNNING] size=2
  s0:  RUNNING [
   FOLLOWER s0@group-FEE41E240123:t0, leader=null, voted=null, raftlog=s0@group-FEE41E240123-SegmentedRaftLog:OPENED:c-1,f-1,i0, conf=-1: [], old=null STARTING
  CANDIDATE s0@group-A7C5DBE940E2:t4, leader=null, voted=s0, raftlog=s0@group-A7C5DBE940E2-SegmentedRaftLog:OPENED:c-1,f-1,i0, conf=-1: [s3:0.0.0.0:38312, s4:0.0.0.0:41737, s0:0.0.0.0:41019, s1:0.0.0.0:38816, s2:0.0.0.0:40694], old=null RUNNING] size=2
  s1:  RUNNING [
   FOLLOWER s1@group-FEE41E240123:t0, leader=null, voted=null, raftlog=s1@group-FEE41E240123-SegmentedRaftLog:OPENED:c-1,f-1,i0, conf=-1: [], old=null STARTING
  CANDIDATE s1@group-A7C5DBE940E2:t4, leader=null, voted=s1, raftlog=s1@group-A7C5DBE940E2-SegmentedRaftLog:OPENED:c-1,f-1,i0, conf=-1: [s3:0.0.0.0:38312, s4:0.0.0.0:41737, s0:0.0.0.0:41019, s1:0.0.0.0:38816, s2:0.0.0.0:40694], old=null RUNNING] size=2
  s2:  RUNNING [
   FOLLOWER s2@group-FEE41E240123:t0, leader=null, voted=null, raftlog=s2@group-FEE41E240123-SegmentedRaftLog:OPENED:c-1,f-1,i0, conf=-1: [], old=null STARTING
  CANDIDATE s2@group-A7C5DBE940E2:t3, leader=null, voted=s2, raftlog=s2@group-A7C5DBE940E2-SegmentedRaftLog:OPENED:c-1,f-1,i0, conf=-1: [s3:0.0.0.0:38312, s4:0.0.0.0:41737, s0:0.0.0.0:41019, s1:0.0.0.0:38816, s2:0.0.0.0:40694], old=null RUNNING] size=2
	at org.apache.ratis.MiniRaftCluster.newIllegalStateExceptionForNoLeaders(MiniRaftCluster.java:506)
	at org.apache.ratis.RaftTestUtil.lambda$waitForLeader$1(RaftTestUtil.java:90)
	at org.apache.ratis.MiniRaftCluster.getLeader(MiniRaftCluster.java:539)
	at org.apache.ratis.MiniRaftCluster.getLeader(MiniRaftCluster.java:532)
	at org.apache.ratis.RaftTestUtil.lambda$waitForLeader$3(RaftTestUtil.java:98)
	at org.apache.ratis.util.JavaUtils.attempt(JavaUtils.java:152)
	at org.apache.ratis.RaftTestUtil.waitForLeader(RaftTestUtil.java:97)
	at org.apache.ratis.RaftTestUtil.waitForLeader(RaftTestUtil.java:77)
	at org.apache.ratis.server.impl.GroupManagementBaseTest.runMultiGroupTest(GroupManagementBaseTest.java:175)
	at org.apache.ratis.server.impl.GroupManagementBaseTest.runMultiGroupTest(GroupManagementBaseTest.java:126)
	at org.apache.ratis.server.impl.GroupManagementBaseTest.testMultiGroup9Nodes(GroupManagementBaseTest.java:121)
	at sun.reflect.NativeMethodAccessorImpl.invoke0(Native Method)
	at sun.reflect.NativeMethodAccessorImpl.invoke(NativeMethodAccessorImpl.java:62)
	at sun.reflect.DelegatingMethodAccessorImpl.invoke(DelegatingMethodAccessorImpl.java:43)
	at java.lang.reflect.Method.invoke(Method.java:498)
	at org.junit.runners.model.FrameworkMethod$1.runReflectiveCall(FrameworkMethod.java:50)
	at org.junit.internal.runners.model.ReflectiveCallable.run(ReflectiveCallable.java:12)
	at org.junit.runners.model.FrameworkMethod.invokeExplosively(FrameworkMethod.java:47)
	at org.junit.internal.runners.statements.InvokeMethod.evaluate(InvokeMethod.java:17)
	at org.junit.internal.runners.statements.RunAfters.evaluate(RunAfters.java:27)
	at org.junit.internal.runners.statements.FailOnTimeout$CallableStatement.call(FailOnTimeout.java:298)
	at org.junit.internal.runners.statements.FailOnTimeout$CallableStatement.call(FailOnTimeout.java:292)
	at java.util.concurrent.FutureTask.run(FutureTask.java:266)
	at java.lang.Thread.run(Thread.java:748)
2019-09-24 16:47:57,058 WARN  ratis.RaftTestUtil (JavaUtils.java:attempt(158)) - FAILED "waitForLeader-group-A7C5DBE940E2-(expectLeader? true)", attempt #27/100: java.lang.IllegalStateException: No leader yet  for group-A7C5DBE940E2: printing group-A7C5DBE940E2
  s3:  RUNNING [
   FOLLOWER s3@group-FEE41E240123:t0, leader=null, voted=null, raftlog=s3@group-FEE41E240123-SegmentedRaftLog:OPENED:c-1,f-1,i0, conf=-1: [], old=null STARTING
  CANDIDATE s3@group-A7C5DBE940E2:t4, leader=null, voted=s3, raftlog=s3@group-A7C5DBE940E2-SegmentedRaftLog:OPENED:c-1,f-1,i0, conf=-1: [s3:0.0.0.0:38312, s4:0.0.0.0:41737, s0:0.0.0.0:41019, s1:0.0.0.0:38816, s2:0.0.0.0:40694], old=null RUNNING] size=2
  s4:  RUNNING [
   FOLLOWER s4@group-FEE41E240123:t0, leader=null, voted=null, raftlog=s4@group-FEE41E240123-SegmentedRaftLog:OPENED:c-1,f-1,i0, conf=-1: [], old=null STARTING
  CANDIDATE s4@group-A7C5DBE940E2:t3, leader=null, voted=s4, raftlog=s4@group-A7C5DBE940E2-SegmentedRaftLog:OPENED:c-1,f-1,i0, conf=-1: [s3:0.0.0.0:38312, s4:0.0.0.0:41737, s0:0.0.0.0:41019, s1:0.0.0.0:38816, s2:0.0.0.0:40694], old=null RUNNING] size=2
  s0:  RUNNING [
   FOLLOWER s0@group-FEE41E240123:t0, leader=null, voted=null, raftlog=s0@group-FEE41E240123-SegmentedRaftLog:OPENED:c-1,f-1,i0, conf=-1: [], old=null STARTING
  CANDIDATE s0@group-A7C5DBE940E2:t4, leader=null, voted=s0, raftlog=s0@group-A7C5DBE940E2-SegmentedRaftLog:OPENED:c-1,f-1,i0, conf=-1: [s3:0.0.0.0:38312, s4:0.0.0.0:41737, s0:0.0.0.0:41019, s1:0.0.0.0:38816, s2:0.0.0.0:40694], old=null RUNNING] size=2
  s1:  RUNNING [
   FOLLOWER s1@group-FEE41E240123:t0, leader=null, voted=null, raftlog=s1@group-FEE41E240123-SegmentedRaftLog:OPENED:c-1,f-1,i0, conf=-1: [], old=null STARTING
  CANDIDATE s1@group-A7C5DBE940E2:t4, leader=null, voted=s1, raftlog=s1@group-A7C5DBE940E2-SegmentedRaftLog:OPENED:c-1,f-1,i0, conf=-1: [s3:0.0.0.0:38312, s4:0.0.0.0:41737, s0:0.0.0.0:41019, s1:0.0.0.0:38816, s2:0.0.0.0:40694], old=null RUNNING] size=2
  s2:  RUNNING [
   FOLLOWER s2@group-FEE41E240123:t0, leader=null, voted=null, raftlog=s2@group-FEE41E240123-SegmentedRaftLog:OPENED:c-1,f-1,i0, conf=-1: [], old=null STARTING
  CANDIDATE s2@group-A7C5DBE940E2:t3, leader=null, voted=s2, raftlog=s2@group-A7C5DBE940E2-SegmentedRaftLog:OPENED:c-1,f-1,i0, conf=-1: [s3:0.0.0.0:38312, s4:0.0.0.0:41737, s0:0.0.0.0:41019, s1:0.0.0.0:38816, s2:0.0.0.0:40694], old=null RUNNING] size=2, sleep 450ms and then retry.
java.lang.IllegalStateException: No leader yet  for group-A7C5DBE940E2: printing group-A7C5DBE940E2
  s3:  RUNNING [
   FOLLOWER s3@group-FEE41E240123:t0, leader=null, voted=null, raftlog=s3@group-FEE41E240123-SegmentedRaftLog:OPENED:c-1,f-1,i0, conf=-1: [], old=null STARTING
  CANDIDATE s3@group-A7C5DBE940E2:t4, leader=null, voted=s3, raftlog=s3@group-A7C5DBE940E2-SegmentedRaftLog:OPENED:c-1,f-1,i0, conf=-1: [s3:0.0.0.0:38312, s4:0.0.0.0:41737, s0:0.0.0.0:41019, s1:0.0.0.0:38816, s2:0.0.0.0:40694], old=null RUNNING] size=2
  s4:  RUNNING [
   FOLLOWER s4@group-FEE41E240123:t0, leader=null, voted=null, raftlog=s4@group-FEE41E240123-SegmentedRaftLog:OPENED:c-1,f-1,i0, conf=-1: [], old=null STARTING
  CANDIDATE s4@group-A7C5DBE940E2:t3, leader=null, voted=s4, raftlog=s4@group-A7C5DBE940E2-SegmentedRaftLog:OPENED:c-1,f-1,i0, conf=-1: [s3:0.0.0.0:38312, s4:0.0.0.0:41737, s0:0.0.0.0:41019, s1:0.0.0.0:38816, s2:0.0.0.0:40694], old=null RUNNING] size=2
  s0:  RUNNING [
   FOLLOWER s0@group-FEE41E240123:t0, leader=null, voted=null, raftlog=s0@group-FEE41E240123-SegmentedRaftLog:OPENED:c-1,f-1,i0, conf=-1: [], old=null STARTING
  CANDIDATE s0@group-A7C5DBE940E2:t4, leader=null, voted=s0, raftlog=s0@group-A7C5DBE940E2-SegmentedRaftLog:OPENED:c-1,f-1,i0, conf=-1: [s3:0.0.0.0:38312, s4:0.0.0.0:41737, s0:0.0.0.0:41019, s1:0.0.0.0:38816, s2:0.0.0.0:40694], old=null RUNNING] size=2
  s1:  RUNNING [
   FOLLOWER s1@group-FEE41E240123:t0, leader=null, voted=null, raftlog=s1@group-FEE41E240123-SegmentedRaftLog:OPENED:c-1,f-1,i0, conf=-1: [], old=null STARTING
  CANDIDATE s1@group-A7C5DBE940E2:t4, leader=null, voted=s1, raftlog=s1@group-A7C5DBE940E2-SegmentedRaftLog:OPENED:c-1,f-1,i0, conf=-1: [s3:0.0.0.0:38312, s4:0.0.0.0:41737, s0:0.0.0.0:41019, s1:0.0.0.0:38816, s2:0.0.0.0:40694], old=null RUNNING] size=2
  s2:  RUNNING [
   FOLLOWER s2@group-FEE41E240123:t0, leader=null, voted=null, raftlog=s2@group-FEE41E240123-SegmentedRaftLog:OPENED:c-1,f-1,i0, conf=-1: [], old=null STARTING
  CANDIDATE s2@group-A7C5DBE940E2:t3, leader=null, voted=s2, raftlog=s2@group-A7C5DBE940E2-SegmentedRaftLog:OPENED:c-1,f-1,i0, conf=-1: [s3:0.0.0.0:38312, s4:0.0.0.0:41737, s0:0.0.0.0:41019, s1:0.0.0.0:38816, s2:0.0.0.0:40694], old=null RUNNING] size=2
	at org.apache.ratis.MiniRaftCluster.newIllegalStateExceptionForNoLeaders(MiniRaftCluster.java:506)
	at org.apache.ratis.RaftTestUtil.lambda$waitForLeader$1(RaftTestUtil.java:90)
	at org.apache.ratis.MiniRaftCluster.getLeader(MiniRaftCluster.java:539)
	at org.apache.ratis.MiniRaftCluster.getLeader(MiniRaftCluster.java:532)
	at org.apache.ratis.RaftTestUtil.lambda$waitForLeader$3(RaftTestUtil.java:98)
	at org.apache.ratis.util.JavaUtils.attempt(JavaUtils.java:152)
	at org.apache.ratis.RaftTestUtil.waitForLeader(RaftTestUtil.java:97)
	at org.apache.ratis.RaftTestUtil.waitForLeader(RaftTestUtil.java:77)
	at org.apache.ratis.server.impl.GroupManagementBaseTest.runMultiGroupTest(GroupManagementBaseTest.java:175)
	at org.apache.ratis.server.impl.GroupManagementBaseTest.runMultiGroupTest(GroupManagementBaseTest.java:126)
	at org.apache.ratis.server.impl.GroupManagementBaseTest.testMultiGroup9Nodes(GroupManagementBaseTest.java:121)
	at sun.reflect.NativeMethodAccessorImpl.invoke0(Native Method)
	at sun.reflect.NativeMethodAccessorImpl.invoke(NativeMethodAccessorImpl.java:62)
	at sun.reflect.DelegatingMethodAccessorImpl.invoke(DelegatingMethodAccessorImpl.java:43)
	at java.lang.reflect.Method.invoke(Method.java:498)
	at org.junit.runners.model.FrameworkMethod$1.runReflectiveCall(FrameworkMethod.java:50)
	at org.junit.internal.runners.model.ReflectiveCallable.run(ReflectiveCallable.java:12)
	at org.junit.runners.model.FrameworkMethod.invokeExplosively(FrameworkMethod.java:47)
	at org.junit.internal.runners.statements.InvokeMethod.evaluate(InvokeMethod.java:17)
	at org.junit.internal.runners.statements.RunAfters.evaluate(RunAfters.java:27)
	at org.junit.internal.runners.statements.FailOnTimeout$CallableStatement.call(FailOnTimeout.java:298)
	at org.junit.internal.runners.statements.FailOnTimeout$CallableStatement.call(FailOnTimeout.java:292)
	at java.util.concurrent.FutureTask.run(FutureTask.java:266)
	at java.lang.Thread.run(Thread.java:748)
2019-09-24 16:47:57,510 WARN  ratis.RaftTestUtil (JavaUtils.java:attempt(158)) - FAILED "waitForLeader-group-A7C5DBE940E2-(expectLeader? true)", attempt #28/100: java.lang.IllegalStateException: No leader yet  for group-A7C5DBE940E2: printing group-A7C5DBE940E2
  s3:  RUNNING [
   FOLLOWER s3@group-FEE41E240123:t0, leader=null, voted=null, raftlog=s3@group-FEE41E240123-SegmentedRaftLog:OPENED:c-1,f-1,i0, conf=-1: [], old=null STARTING
  CANDIDATE s3@group-A7C5DBE940E2:t4, leader=null, voted=s3, raftlog=s3@group-A7C5DBE940E2-SegmentedRaftLog:OPENED:c-1,f-1,i0, conf=-1: [s3:0.0.0.0:38312, s4:0.0.0.0:41737, s0:0.0.0.0:41019, s1:0.0.0.0:38816, s2:0.0.0.0:40694], old=null RUNNING] size=2
  s4:  RUNNING [
   FOLLOWER s4@group-FEE41E240123:t0, leader=null, voted=null, raftlog=s4@group-FEE41E240123-SegmentedRaftLog:OPENED:c-1,f-1,i0, conf=-1: [], old=null STARTING
  CANDIDATE s4@group-A7C5DBE940E2:t3, leader=null, voted=s4, raftlog=s4@group-A7C5DBE940E2-SegmentedRaftLog:OPENED:c-1,f-1,i0, conf=-1: [s3:0.0.0.0:38312, s4:0.0.0.0:41737, s0:0.0.0.0:41019, s1:0.0.0.0:38816, s2:0.0.0.0:40694], old=null RUNNING] size=2
  s0:  RUNNING [
   FOLLOWER s0@group-FEE41E240123:t0, leader=null, voted=null, raftlog=s0@group-FEE41E240123-SegmentedRaftLog:OPENED:c-1,f-1,i0, conf=-1: [], old=null STARTING
  CANDIDATE s0@group-A7C5DBE940E2:t4, leader=null, voted=s0, raftlog=s0@group-A7C5DBE940E2-SegmentedRaftLog:OPENED:c-1,f-1,i0, conf=-1: [s3:0.0.0.0:38312, s4:0.0.0.0:41737, s0:0.0.0.0:41019, s1:0.0.0.0:38816, s2:0.0.0.0:40694], old=null RUNNING] size=2
  s1:  RUNNING [
   FOLLOWER s1@group-FEE41E240123:t0, leader=null, voted=null, raftlog=s1@group-FEE41E240123-SegmentedRaftLog:OPENED:c-1,f-1,i0, conf=-1: [], old=null STARTING
  CANDIDATE s1@group-A7C5DBE940E2:t4, leader=null, voted=s1, raftlog=s1@group-A7C5DBE940E2-SegmentedRaftLog:OPENED:c-1,f-1,i0, conf=-1: [s3:0.0.0.0:38312, s4:0.0.0.0:41737, s0:0.0.0.0:41019, s1:0.0.0.0:38816, s2:0.0.0.0:40694], old=null RUNNING] size=2
  s2:  RUNNING [
   FOLLOWER s2@group-FEE41E240123:t0, leader=null, voted=null, raftlog=s2@group-FEE41E240123-SegmentedRaftLog:OPENED:c-1,f-1,i0, conf=-1: [], old=null STARTING
  CANDIDATE s2@group-A7C5DBE940E2:t3, leader=null, voted=s2, raftlog=s2@group-A7C5DBE940E2-SegmentedRaftLog:OPENED:c-1,f-1,i0, conf=-1: [s3:0.0.0.0:38312, s4:0.0.0.0:41737, s0:0.0.0.0:41019, s1:0.0.0.0:38816, s2:0.0.0.0:40694], old=null RUNNING] size=2, sleep 450ms and then retry.
java.lang.IllegalStateException: No leader yet  for group-A7C5DBE940E2: printing group-A7C5DBE940E2
  s3:  RUNNING [
   FOLLOWER s3@group-FEE41E240123:t0, leader=null, voted=null, raftlog=s3@group-FEE41E240123-SegmentedRaftLog:OPENED:c-1,f-1,i0, conf=-1: [], old=null STARTING
  CANDIDATE s3@group-A7C5DBE940E2:t4, leader=null, voted=s3, raftlog=s3@group-A7C5DBE940E2-SegmentedRaftLog:OPENED:c-1,f-1,i0, conf=-1: [s3:0.0.0.0:38312, s4:0.0.0.0:41737, s0:0.0.0.0:41019, s1:0.0.0.0:38816, s2:0.0.0.0:40694], old=null RUNNING] size=2
  s4:  RUNNING [
   FOLLOWER s4@group-FEE41E240123:t0, leader=null, voted=null, raftlog=s4@group-FEE41E240123-SegmentedRaftLog:OPENED:c-1,f-1,i0, conf=-1: [], old=null STARTING
  CANDIDATE s4@group-A7C5DBE940E2:t3, leader=null, voted=s4, raftlog=s4@group-A7C5DBE940E2-SegmentedRaftLog:OPENED:c-1,f-1,i0, conf=-1: [s3:0.0.0.0:38312, s4:0.0.0.0:41737, s0:0.0.0.0:41019, s1:0.0.0.0:38816, s2:0.0.0.0:40694], old=null RUNNING] size=2
  s0:  RUNNING [
   FOLLOWER s0@group-FEE41E240123:t0, leader=null, voted=null, raftlog=s0@group-FEE41E240123-SegmentedRaftLog:OPENED:c-1,f-1,i0, conf=-1: [], old=null STARTING
  CANDIDATE s0@group-A7C5DBE940E2:t4, leader=null, voted=s0, raftlog=s0@group-A7C5DBE940E2-SegmentedRaftLog:OPENED:c-1,f-1,i0, conf=-1: [s3:0.0.0.0:38312, s4:0.0.0.0:41737, s0:0.0.0.0:41019, s1:0.0.0.0:38816, s2:0.0.0.0:40694], old=null RUNNING] size=2
  s1:  RUNNING [
   FOLLOWER s1@group-FEE41E240123:t0, leader=null, voted=null, raftlog=s1@group-FEE41E240123-SegmentedRaftLog:OPENED:c-1,f-1,i0, conf=-1: [], old=null STARTING
  CANDIDATE s1@group-A7C5DBE940E2:t4, leader=null, voted=s1, raftlog=s1@group-A7C5DBE940E2-SegmentedRaftLog:OPENED:c-1,f-1,i0, conf=-1: [s3:0.0.0.0:38312, s4:0.0.0.0:41737, s0:0.0.0.0:41019, s1:0.0.0.0:38816, s2:0.0.0.0:40694], old=null RUNNING] size=2
  s2:  RUNNING [
   FOLLOWER s2@group-FEE41E240123:t0, leader=null, voted=null, raftlog=s2@group-FEE41E240123-SegmentedRaftLog:OPENED:c-1,f-1,i0, conf=-1: [], old=null STARTING
  CANDIDATE s2@group-A7C5DBE940E2:t3, leader=null, voted=s2, raftlog=s2@group-A7C5DBE940E2-SegmentedRaftLog:OPENED:c-1,f-1,i0, conf=-1: [s3:0.0.0.0:38312, s4:0.0.0.0:41737, s0:0.0.0.0:41019, s1:0.0.0.0:38816, s2:0.0.0.0:40694], old=null RUNNING] size=2
	at org.apache.ratis.MiniRaftCluster.newIllegalStateExceptionForNoLeaders(MiniRaftCluster.java:506)
	at org.apache.ratis.RaftTestUtil.lambda$waitForLeader$1(RaftTestUtil.java:90)
	at org.apache.ratis.MiniRaftCluster.getLeader(MiniRaftCluster.java:539)
	at org.apache.ratis.MiniRaftCluster.getLeader(MiniRaftCluster.java:532)
	at org.apache.ratis.RaftTestUtil.lambda$waitForLeader$3(RaftTestUtil.java:98)
	at org.apache.ratis.util.JavaUtils.attempt(JavaUtils.java:152)
	at org.apache.ratis.RaftTestUtil.waitForLeader(RaftTestUtil.java:97)
	at org.apache.ratis.RaftTestUtil.waitForLeader(RaftTestUtil.java:77)
	at org.apache.ratis.server.impl.GroupManagementBaseTest.runMultiGroupTest(GroupManagementBaseTest.java:175)
	at org.apache.ratis.server.impl.GroupManagementBaseTest.runMultiGroupTest(GroupManagementBaseTest.java:126)
	at org.apache.ratis.server.impl.GroupManagementBaseTest.testMultiGroup9Nodes(GroupManagementBaseTest.java:121)
	at sun.reflect.NativeMethodAccessorImpl.invoke0(Native Method)
	at sun.reflect.NativeMethodAccessorImpl.invoke(NativeMethodAccessorImpl.java:62)
	at sun.reflect.DelegatingMethodAccessorImpl.invoke(DelegatingMethodAccessorImpl.java:43)
	at java.lang.reflect.Method.invoke(Method.java:498)
	at org.junit.runners.model.FrameworkMethod$1.runReflectiveCall(FrameworkMethod.java:50)
	at org.junit.internal.runners.model.ReflectiveCallable.run(ReflectiveCallable.java:12)
	at org.junit.runners.model.FrameworkMethod.invokeExplosively(FrameworkMethod.java:47)
	at org.junit.internal.runners.statements.InvokeMethod.evaluate(InvokeMethod.java:17)
	at org.junit.internal.runners.statements.RunAfters.evaluate(RunAfters.java:27)
	at org.junit.internal.runners.statements.FailOnTimeout$CallableStatement.call(FailOnTimeout.java:298)
	at org.junit.internal.runners.statements.FailOnTimeout$CallableStatement.call(FailOnTimeout.java:292)
	at java.util.concurrent.FutureTask.run(FutureTask.java:266)
	at java.lang.Thread.run(Thread.java:748)
2019-09-24 16:47:57,961 WARN  ratis.RaftTestUtil (JavaUtils.java:attempt(158)) - FAILED "waitForLeader-group-A7C5DBE940E2-(expectLeader? true)", attempt #29/100: java.lang.IllegalStateException: No leader yet  for group-A7C5DBE940E2: printing group-A7C5DBE940E2
  s3:  RUNNING [
   FOLLOWER s3@group-FEE41E240123:t0, leader=null, voted=null, raftlog=s3@group-FEE41E240123-SegmentedRaftLog:OPENED:c-1,f-1,i0, conf=-1: [], old=null STARTING
  CANDIDATE s3@group-A7C5DBE940E2:t4, leader=null, voted=s3, raftlog=s3@group-A7C5DBE940E2-SegmentedRaftLog:OPENED:c-1,f-1,i0, conf=-1: [s3:0.0.0.0:38312, s4:0.0.0.0:41737, s0:0.0.0.0:41019, s1:0.0.0.0:38816, s2:0.0.0.0:40694], old=null RUNNING] size=2
  s4:  RUNNING [
   FOLLOWER s4@group-FEE41E240123:t0, leader=null, voted=null, raftlog=s4@group-FEE41E240123-SegmentedRaftLog:OPENED:c-1,f-1,i0, conf=-1: [], old=null STARTING
  CANDIDATE s4@group-A7C5DBE940E2:t3, leader=null, voted=s4, raftlog=s4@group-A7C5DBE940E2-SegmentedRaftLog:OPENED:c-1,f-1,i0, conf=-1: [s3:0.0.0.0:38312, s4:0.0.0.0:41737, s0:0.0.0.0:41019, s1:0.0.0.0:38816, s2:0.0.0.0:40694], old=null RUNNING] size=2
  s0:  RUNNING [
   FOLLOWER s0@group-FEE41E240123:t0, leader=null, voted=null, raftlog=s0@group-FEE41E240123-SegmentedRaftLog:OPENED:c-1,f-1,i0, conf=-1: [], old=null STARTING
  CANDIDATE s0@group-A7C5DBE940E2:t4, leader=null, voted=s0, raftlog=s0@group-A7C5DBE940E2-SegmentedRaftLog:OPENED:c-1,f-1,i0, conf=-1: [s3:0.0.0.0:38312, s4:0.0.0.0:41737, s0:0.0.0.0:41019, s1:0.0.0.0:38816, s2:0.0.0.0:40694], old=null RUNNING] size=2
  s1:  RUNNING [
   FOLLOWER s1@group-FEE41E240123:t0, leader=null, voted=null, raftlog=s1@group-FEE41E240123-SegmentedRaftLog:OPENED:c-1,f-1,i0, conf=-1: [], old=null STARTING
  CANDIDATE s1@group-A7C5DBE940E2:t4, leader=null, voted=s1, raftlog=s1@group-A7C5DBE940E2-SegmentedRaftLog:OPENED:c-1,f-1,i0, conf=-1: [s3:0.0.0.0:38312, s4:0.0.0.0:41737, s0:0.0.0.0:41019, s1:0.0.0.0:38816, s2:0.0.0.0:40694], old=null RUNNING] size=2
  s2:  RUNNING [
   FOLLOWER s2@group-FEE41E240123:t0, leader=null, voted=null, raftlog=s2@group-FEE41E240123-SegmentedRaftLog:OPENED:c-1,f-1,i0, conf=-1: [], old=null STARTING
  CANDIDATE s2@group-A7C5DBE940E2:t3, leader=null, voted=s2, raftlog=s2@group-A7C5DBE940E2-SegmentedRaftLog:OPENED:c-1,f-1,i0, conf=-1: [s3:0.0.0.0:38312, s4:0.0.0.0:41737, s0:0.0.0.0:41019, s1:0.0.0.0:38816, s2:0.0.0.0:40694], old=null RUNNING] size=2, sleep 450ms and then retry.
java.lang.IllegalStateException: No leader yet  for group-A7C5DBE940E2: printing group-A7C5DBE940E2
  s3:  RUNNING [
   FOLLOWER s3@group-FEE41E240123:t0, leader=null, voted=null, raftlog=s3@group-FEE41E240123-SegmentedRaftLog:OPENED:c-1,f-1,i0, conf=-1: [], old=null STARTING
  CANDIDATE s3@group-A7C5DBE940E2:t4, leader=null, voted=s3, raftlog=s3@group-A7C5DBE940E2-SegmentedRaftLog:OPENED:c-1,f-1,i0, conf=-1: [s3:0.0.0.0:38312, s4:0.0.0.0:41737, s0:0.0.0.0:41019, s1:0.0.0.0:38816, s2:0.0.0.0:40694], old=null RUNNING] size=2
  s4:  RUNNING [
   FOLLOWER s4@group-FEE41E240123:t0, leader=null, voted=null, raftlog=s4@group-FEE41E240123-SegmentedRaftLog:OPENED:c-1,f-1,i0, conf=-1: [], old=null STARTING
  CANDIDATE s4@group-A7C5DBE940E2:t3, leader=null, voted=s4, raftlog=s4@group-A7C5DBE940E2-SegmentedRaftLog:OPENED:c-1,f-1,i0, conf=-1: [s3:0.0.0.0:38312, s4:0.0.0.0:41737, s0:0.0.0.0:41019, s1:0.0.0.0:38816, s2:0.0.0.0:40694], old=null RUNNING] size=2
  s0:  RUNNING [
   FOLLOWER s0@group-FEE41E240123:t0, leader=null, voted=null, raftlog=s0@group-FEE41E240123-SegmentedRaftLog:OPENED:c-1,f-1,i0, conf=-1: [], old=null STARTING
  CANDIDATE s0@group-A7C5DBE940E2:t4, leader=null, voted=s0, raftlog=s0@group-A7C5DBE940E2-SegmentedRaftLog:OPENED:c-1,f-1,i0, conf=-1: [s3:0.0.0.0:38312, s4:0.0.0.0:41737, s0:0.0.0.0:41019, s1:0.0.0.0:38816, s2:0.0.0.0:40694], old=null RUNNING] size=2
  s1:  RUNNING [
   FOLLOWER s1@group-FEE41E240123:t0, leader=null, voted=null, raftlog=s1@group-FEE41E240123-SegmentedRaftLog:OPENED:c-1,f-1,i0, conf=-1: [], old=null STARTING
  CANDIDATE s1@group-A7C5DBE940E2:t4, leader=null, voted=s1, raftlog=s1@group-A7C5DBE940E2-SegmentedRaftLog:OPENED:c-1,f-1,i0, conf=-1: [s3:0.0.0.0:38312, s4:0.0.0.0:41737, s0:0.0.0.0:41019, s1:0.0.0.0:38816, s2:0.0.0.0:40694], old=null RUNNING] size=2
  s2:  RUNNING [
   FOLLOWER s2@group-FEE41E240123:t0, leader=null, voted=null, raftlog=s2@group-FEE41E240123-SegmentedRaftLog:OPENED:c-1,f-1,i0, conf=-1: [], old=null STARTING
  CANDIDATE s2@group-A7C5DBE940E2:t3, leader=null, voted=s2, raftlog=s2@group-A7C5DBE940E2-SegmentedRaftLog:OPENED:c-1,f-1,i0, conf=-1: [s3:0.0.0.0:38312, s4:0.0.0.0:41737, s0:0.0.0.0:41019, s1:0.0.0.0:38816, s2:0.0.0.0:40694], old=null RUNNING] size=2
	at org.apache.ratis.MiniRaftCluster.newIllegalStateExceptionForNoLeaders(MiniRaftCluster.java:506)
	at org.apache.ratis.RaftTestUtil.lambda$waitForLeader$1(RaftTestUtil.java:90)
	at org.apache.ratis.MiniRaftCluster.getLeader(MiniRaftCluster.java:539)
	at org.apache.ratis.MiniRaftCluster.getLeader(MiniRaftCluster.java:532)
	at org.apache.ratis.RaftTestUtil.lambda$waitForLeader$3(RaftTestUtil.java:98)
	at org.apache.ratis.util.JavaUtils.attempt(JavaUtils.java:152)
	at org.apache.ratis.RaftTestUtil.waitForLeader(RaftTestUtil.java:97)
	at org.apache.ratis.RaftTestUtil.waitForLeader(RaftTestUtil.java:77)
	at org.apache.ratis.server.impl.GroupManagementBaseTest.runMultiGroupTest(GroupManagementBaseTest.java:175)
	at org.apache.ratis.server.impl.GroupManagementBaseTest.runMultiGroupTest(GroupManagementBaseTest.java:126)
	at org.apache.ratis.server.impl.GroupManagementBaseTest.testMultiGroup9Nodes(GroupManagementBaseTest.java:121)
	at sun.reflect.NativeMethodAccessorImpl.invoke0(Native Method)
	at sun.reflect.NativeMethodAccessorImpl.invoke(NativeMethodAccessorImpl.java:62)
	at sun.reflect.DelegatingMethodAccessorImpl.invoke(DelegatingMethodAccessorImpl.java:43)
	at java.lang.reflect.Method.invoke(Method.java:498)
	at org.junit.runners.model.FrameworkMethod$1.runReflectiveCall(FrameworkMethod.java:50)
	at org.junit.internal.runners.model.ReflectiveCallable.run(ReflectiveCallable.java:12)
	at org.junit.runners.model.FrameworkMethod.invokeExplosively(FrameworkMethod.java:47)
	at org.junit.internal.runners.statements.InvokeMethod.evaluate(InvokeMethod.java:17)
	at org.junit.internal.runners.statements.RunAfters.evaluate(RunAfters.java:27)
	at org.junit.internal.runners.statements.FailOnTimeout$CallableStatement.call(FailOnTimeout.java:298)
	at org.junit.internal.runners.statements.FailOnTimeout$CallableStatement.call(FailOnTimeout.java:292)
	at java.util.concurrent.FutureTask.run(FutureTask.java:266)
	at java.lang.Thread.run(Thread.java:748)
2019-09-24 16:47:58,413 WARN  ratis.RaftTestUtil (JavaUtils.java:attempt(158)) - FAILED "waitForLeader-group-A7C5DBE940E2-(expectLeader? true)", attempt #30/100: java.lang.IllegalStateException: No leader yet  for group-A7C5DBE940E2: printing group-A7C5DBE940E2
  s3:  RUNNING [
   FOLLOWER s3@group-FEE41E240123:t0, leader=null, voted=null, raftlog=s3@group-FEE41E240123-SegmentedRaftLog:OPENED:c-1,f-1,i0, conf=-1: [], old=null STARTING
  CANDIDATE s3@group-A7C5DBE940E2:t4, leader=null, voted=s3, raftlog=s3@group-A7C5DBE940E2-SegmentedRaftLog:OPENED:c-1,f-1,i0, conf=-1: [s3:0.0.0.0:38312, s4:0.0.0.0:41737, s0:0.0.0.0:41019, s1:0.0.0.0:38816, s2:0.0.0.0:40694], old=null RUNNING] size=2
  s4:  RUNNING [
   FOLLOWER s4@group-FEE41E240123:t0, leader=null, voted=null, raftlog=s4@group-FEE41E240123-SegmentedRaftLog:OPENED:c-1,f-1,i0, conf=-1: [], old=null STARTING
  CANDIDATE s4@group-A7C5DBE940E2:t3, leader=null, voted=s4, raftlog=s4@group-A7C5DBE940E2-SegmentedRaftLog:OPENED:c-1,f-1,i0, conf=-1: [s3:0.0.0.0:38312, s4:0.0.0.0:41737, s0:0.0.0.0:41019, s1:0.0.0.0:38816, s2:0.0.0.0:40694], old=null RUNNING] size=2
  s0:  RUNNING [
   FOLLOWER s0@group-FEE41E240123:t0, leader=null, voted=null, raftlog=s0@group-FEE41E240123-SegmentedRaftLog:OPENED:c-1,f-1,i0, conf=-1: [], old=null STARTING
  CANDIDATE s0@group-A7C5DBE940E2:t4, leader=null, voted=s0, raftlog=s0@group-A7C5DBE940E2-SegmentedRaftLog:OPENED:c-1,f-1,i0, conf=-1: [s3:0.0.0.0:38312, s4:0.0.0.0:41737, s0:0.0.0.0:41019, s1:0.0.0.0:38816, s2:0.0.0.0:40694], old=null RUNNING] size=2
  s1:  RUNNING [
   FOLLOWER s1@group-FEE41E240123:t0, leader=null, voted=null, raftlog=s1@group-FEE41E240123-SegmentedRaftLog:OPENED:c-1,f-1,i0, conf=-1: [], old=null STARTING
  CANDIDATE s1@group-A7C5DBE940E2:t4, leader=null, voted=s1, raftlog=s1@group-A7C5DBE940E2-SegmentedRaftLog:OPENED:c-1,f-1,i0, conf=-1: [s3:0.0.0.0:38312, s4:0.0.0.0:41737, s0:0.0.0.0:41019, s1:0.0.0.0:38816, s2:0.0.0.0:40694], old=null RUNNING] size=2
  s2:  RUNNING [
   FOLLOWER s2@group-FEE41E240123:t0, leader=null, voted=null, raftlog=s2@group-FEE41E240123-SegmentedRaftLog:OPENED:c-1,f-1,i0, conf=-1: [], old=null STARTING
  CANDIDATE s2@group-A7C5DBE940E2:t3, leader=null, voted=s2, raftlog=s2@group-A7C5DBE940E2-SegmentedRaftLog:OPENED:c-1,f-1,i0, conf=-1: [s3:0.0.0.0:38312, s4:0.0.0.0:41737, s0:0.0.0.0:41019, s1:0.0.0.0:38816, s2:0.0.0.0:40694], old=null RUNNING] size=2, sleep 450ms and then retry.
java.lang.IllegalStateException: No leader yet  for group-A7C5DBE940E2: printing group-A7C5DBE940E2
  s3:  RUNNING [
   FOLLOWER s3@group-FEE41E240123:t0, leader=null, voted=null, raftlog=s3@group-FEE41E240123-SegmentedRaftLog:OPENED:c-1,f-1,i0, conf=-1: [], old=null STARTING
  CANDIDATE s3@group-A7C5DBE940E2:t4, leader=null, voted=s3, raftlog=s3@group-A7C5DBE940E2-SegmentedRaftLog:OPENED:c-1,f-1,i0, conf=-1: [s3:0.0.0.0:38312, s4:0.0.0.0:41737, s0:0.0.0.0:41019, s1:0.0.0.0:38816, s2:0.0.0.0:40694], old=null RUNNING] size=2
  s4:  RUNNING [
   FOLLOWER s4@group-FEE41E240123:t0, leader=null, voted=null, raftlog=s4@group-FEE41E240123-SegmentedRaftLog:OPENED:c-1,f-1,i0, conf=-1: [], old=null STARTING
  CANDIDATE s4@group-A7C5DBE940E2:t3, leader=null, voted=s4, raftlog=s4@group-A7C5DBE940E2-SegmentedRaftLog:OPENED:c-1,f-1,i0, conf=-1: [s3:0.0.0.0:38312, s4:0.0.0.0:41737, s0:0.0.0.0:41019, s1:0.0.0.0:38816, s2:0.0.0.0:40694], old=null RUNNING] size=2
  s0:  RUNNING [
   FOLLOWER s0@group-FEE41E240123:t0, leader=null, voted=null, raftlog=s0@group-FEE41E240123-SegmentedRaftLog:OPENED:c-1,f-1,i0, conf=-1: [], old=null STARTING
  CANDIDATE s0@group-A7C5DBE940E2:t4, leader=null, voted=s0, raftlog=s0@group-A7C5DBE940E2-SegmentedRaftLog:OPENED:c-1,f-1,i0, conf=-1: [s3:0.0.0.0:38312, s4:0.0.0.0:41737, s0:0.0.0.0:41019, s1:0.0.0.0:38816, s2:0.0.0.0:40694], old=null RUNNING] size=2
  s1:  RUNNING [
   FOLLOWER s1@group-FEE41E240123:t0, leader=null, voted=null, raftlog=s1@group-FEE41E240123-SegmentedRaftLog:OPENED:c-1,f-1,i0, conf=-1: [], old=null STARTING
  CANDIDATE s1@group-A7C5DBE940E2:t4, leader=null, voted=s1, raftlog=s1@group-A7C5DBE940E2-SegmentedRaftLog:OPENED:c-1,f-1,i0, conf=-1: [s3:0.0.0.0:38312, s4:0.0.0.0:41737, s0:0.0.0.0:41019, s1:0.0.0.0:38816, s2:0.0.0.0:40694], old=null RUNNING] size=2
  s2:  RUNNING [
   FOLLOWER s2@group-FEE41E240123:t0, leader=null, voted=null, raftlog=s2@group-FEE41E240123-SegmentedRaftLog:OPENED:c-1,f-1,i0, conf=-1: [], old=null STARTING
  CANDIDATE s2@group-A7C5DBE940E2:t3, leader=null, voted=s2, raftlog=s2@group-A7C5DBE940E2-SegmentedRaftLog:OPENED:c-1,f-1,i0, conf=-1: [s3:0.0.0.0:38312, s4:0.0.0.0:41737, s0:0.0.0.0:41019, s1:0.0.0.0:38816, s2:0.0.0.0:40694], old=null RUNNING] size=2
	at org.apache.ratis.MiniRaftCluster.newIllegalStateExceptionForNoLeaders(MiniRaftCluster.java:506)
	at org.apache.ratis.RaftTestUtil.lambda$waitForLeader$1(RaftTestUtil.java:90)
	at org.apache.ratis.MiniRaftCluster.getLeader(MiniRaftCluster.java:539)
	at org.apache.ratis.MiniRaftCluster.getLeader(MiniRaftCluster.java:532)
	at org.apache.ratis.RaftTestUtil.lambda$waitForLeader$3(RaftTestUtil.java:98)
	at org.apache.ratis.util.JavaUtils.attempt(JavaUtils.java:152)
	at org.apache.ratis.RaftTestUtil.waitForLeader(RaftTestUtil.java:97)
	at org.apache.ratis.RaftTestUtil.waitForLeader(RaftTestUtil.java:77)
	at org.apache.ratis.server.impl.GroupManagementBaseTest.runMultiGroupTest(GroupManagementBaseTest.java:175)
	at org.apache.ratis.server.impl.GroupManagementBaseTest.runMultiGroupTest(GroupManagementBaseTest.java:126)
	at org.apache.ratis.server.impl.GroupManagementBaseTest.testMultiGroup9Nodes(GroupManagementBaseTest.java:121)
	at sun.reflect.NativeMethodAccessorImpl.invoke0(Native Method)
	at sun.reflect.NativeMethodAccessorImpl.invoke(NativeMethodAccessorImpl.java:62)
	at sun.reflect.DelegatingMethodAccessorImpl.invoke(DelegatingMethodAccessorImpl.java:43)
	at java.lang.reflect.Method.invoke(Method.java:498)
	at org.junit.runners.model.FrameworkMethod$1.runReflectiveCall(FrameworkMethod.java:50)
	at org.junit.internal.runners.model.ReflectiveCallable.run(ReflectiveCallable.java:12)
	at org.junit.runners.model.FrameworkMethod.invokeExplosively(FrameworkMethod.java:47)
	at org.junit.internal.runners.statements.InvokeMethod.evaluate(InvokeMethod.java:17)
	at org.junit.internal.runners.statements.RunAfters.evaluate(RunAfters.java:27)
	at org.junit.internal.runners.statements.FailOnTimeout$CallableStatement.call(FailOnTimeout.java:298)
	at org.junit.internal.runners.statements.FailOnTimeout$CallableStatement.call(FailOnTimeout.java:292)
	at java.util.concurrent.FutureTask.run(FutureTask.java:266)
	at java.lang.Thread.run(Thread.java:748)
2019-09-24 16:47:58,865 WARN  ratis.RaftTestUtil (JavaUtils.java:attempt(158)) - FAILED "waitForLeader-group-A7C5DBE940E2-(expectLeader? true)", attempt #31/100: java.lang.IllegalStateException: No leader yet  for group-A7C5DBE940E2: printing group-A7C5DBE940E2
  s3:  RUNNING [
   FOLLOWER s3@group-FEE41E240123:t0, leader=null, voted=null, raftlog=s3@group-FEE41E240123-SegmentedRaftLog:OPENED:c-1,f-1,i0, conf=-1: [], old=null STARTING
  CANDIDATE s3@group-A7C5DBE940E2:t4, leader=null, voted=s3, raftlog=s3@group-A7C5DBE940E2-SegmentedRaftLog:OPENED:c-1,f-1,i0, conf=-1: [s3:0.0.0.0:38312, s4:0.0.0.0:41737, s0:0.0.0.0:41019, s1:0.0.0.0:38816, s2:0.0.0.0:40694], old=null RUNNING] size=2
  s4:  RUNNING [
   FOLLOWER s4@group-FEE41E240123:t0, leader=null, voted=null, raftlog=s4@group-FEE41E240123-SegmentedRaftLog:OPENED:c-1,f-1,i0, conf=-1: [], old=null STARTING
  CANDIDATE s4@group-A7C5DBE940E2:t3, leader=null, voted=s4, raftlog=s4@group-A7C5DBE940E2-SegmentedRaftLog:OPENED:c-1,f-1,i0, conf=-1: [s3:0.0.0.0:38312, s4:0.0.0.0:41737, s0:0.0.0.0:41019, s1:0.0.0.0:38816, s2:0.0.0.0:40694], old=null RUNNING] size=2
  s0:  RUNNING [
   FOLLOWER s0@group-FEE41E240123:t0, leader=null, voted=null, raftlog=s0@group-FEE41E240123-SegmentedRaftLog:OPENED:c-1,f-1,i0, conf=-1: [], old=null STARTING
  CANDIDATE s0@group-A7C5DBE940E2:t4, leader=null, voted=s0, raftlog=s0@group-A7C5DBE940E2-SegmentedRaftLog:OPENED:c-1,f-1,i0, conf=-1: [s3:0.0.0.0:38312, s4:0.0.0.0:41737, s0:0.0.0.0:41019, s1:0.0.0.0:38816, s2:0.0.0.0:40694], old=null RUNNING] size=2
  s1:  RUNNING [
   FOLLOWER s1@group-FEE41E240123:t0, leader=null, voted=null, raftlog=s1@group-FEE41E240123-SegmentedRaftLog:OPENED:c-1,f-1,i0, conf=-1: [], old=null STARTING
  CANDIDATE s1@group-A7C5DBE940E2:t4, leader=null, voted=s1, raftlog=s1@group-A7C5DBE940E2-SegmentedRaftLog:OPENED:c-1,f-1,i0, conf=-1: [s3:0.0.0.0:38312, s4:0.0.0.0:41737, s0:0.0.0.0:41019, s1:0.0.0.0:38816, s2:0.0.0.0:40694], old=null RUNNING] size=2
  s2:  RUNNING [
   FOLLOWER s2@group-FEE41E240123:t0, leader=null, voted=null, raftlog=s2@group-FEE41E240123-SegmentedRaftLog:OPENED:c-1,f-1,i0, conf=-1: [], old=null STARTING
  CANDIDATE s2@group-A7C5DBE940E2:t3, leader=null, voted=s2, raftlog=s2@group-A7C5DBE940E2-SegmentedRaftLog:OPENED:c-1,f-1,i0, conf=-1: [s3:0.0.0.0:38312, s4:0.0.0.0:41737, s0:0.0.0.0:41019, s1:0.0.0.0:38816, s2:0.0.0.0:40694], old=null RUNNING] size=2, sleep 450ms and then retry.
java.lang.IllegalStateException: No leader yet  for group-A7C5DBE940E2: printing group-A7C5DBE940E2
  s3:  RUNNING [
   FOLLOWER s3@group-FEE41E240123:t0, leader=null, voted=null, raftlog=s3@group-FEE41E240123-SegmentedRaftLog:OPENED:c-1,f-1,i0, conf=-1: [], old=null STARTING
  CANDIDATE s3@group-A7C5DBE940E2:t4, leader=null, voted=s3, raftlog=s3@group-A7C5DBE940E2-SegmentedRaftLog:OPENED:c-1,f-1,i0, conf=-1: [s3:0.0.0.0:38312, s4:0.0.0.0:41737, s0:0.0.0.0:41019, s1:0.0.0.0:38816, s2:0.0.0.0:40694], old=null RUNNING] size=2
  s4:  RUNNING [
   FOLLOWER s4@group-FEE41E240123:t0, leader=null, voted=null, raftlog=s4@group-FEE41E240123-SegmentedRaftLog:OPENED:c-1,f-1,i0, conf=-1: [], old=null STARTING
  CANDIDATE s4@group-A7C5DBE940E2:t3, leader=null, voted=s4, raftlog=s4@group-A7C5DBE940E2-SegmentedRaftLog:OPENED:c-1,f-1,i0, conf=-1: [s3:0.0.0.0:38312, s4:0.0.0.0:41737, s0:0.0.0.0:41019, s1:0.0.0.0:38816, s2:0.0.0.0:40694], old=null RUNNING] size=2
  s0:  RUNNING [
   FOLLOWER s0@group-FEE41E240123:t0, leader=null, voted=null, raftlog=s0@group-FEE41E240123-SegmentedRaftLog:OPENED:c-1,f-1,i0, conf=-1: [], old=null STARTING
  CANDIDATE s0@group-A7C5DBE940E2:t4, leader=null, voted=s0, raftlog=s0@group-A7C5DBE940E2-SegmentedRaftLog:OPENED:c-1,f-1,i0, conf=-1: [s3:0.0.0.0:38312, s4:0.0.0.0:41737, s0:0.0.0.0:41019, s1:0.0.0.0:38816, s2:0.0.0.0:40694], old=null RUNNING] size=2
  s1:  RUNNING [
   FOLLOWER s1@group-FEE41E240123:t0, leader=null, voted=null, raftlog=s1@group-FEE41E240123-SegmentedRaftLog:OPENED:c-1,f-1,i0, conf=-1: [], old=null STARTING
  CANDIDATE s1@group-A7C5DBE940E2:t4, leader=null, voted=s1, raftlog=s1@group-A7C5DBE940E2-SegmentedRaftLog:OPENED:c-1,f-1,i0, conf=-1: [s3:0.0.0.0:38312, s4:0.0.0.0:41737, s0:0.0.0.0:41019, s1:0.0.0.0:38816, s2:0.0.0.0:40694], old=null RUNNING] size=2
  s2:  RUNNING [
   FOLLOWER s2@group-FEE41E240123:t0, leader=null, voted=null, raftlog=s2@group-FEE41E240123-SegmentedRaftLog:OPENED:c-1,f-1,i0, conf=-1: [], old=null STARTING
  CANDIDATE s2@group-A7C5DBE940E2:t3, leader=null, voted=s2, raftlog=s2@group-A7C5DBE940E2-SegmentedRaftLog:OPENED:c-1,f-1,i0, conf=-1: [s3:0.0.0.0:38312, s4:0.0.0.0:41737, s0:0.0.0.0:41019, s1:0.0.0.0:38816, s2:0.0.0.0:40694], old=null RUNNING] size=2
	at org.apache.ratis.MiniRaftCluster.newIllegalStateExceptionForNoLeaders(MiniRaftCluster.java:506)
	at org.apache.ratis.RaftTestUtil.lambda$waitForLeader$1(RaftTestUtil.java:90)
	at org.apache.ratis.MiniRaftCluster.getLeader(MiniRaftCluster.java:539)
	at org.apache.ratis.MiniRaftCluster.getLeader(MiniRaftCluster.java:532)
	at org.apache.ratis.RaftTestUtil.lambda$waitForLeader$3(RaftTestUtil.java:98)
	at org.apache.ratis.util.JavaUtils.attempt(JavaUtils.java:152)
	at org.apache.ratis.RaftTestUtil.waitForLeader(RaftTestUtil.java:97)
	at org.apache.ratis.RaftTestUtil.waitForLeader(RaftTestUtil.java:77)
	at org.apache.ratis.server.impl.GroupManagementBaseTest.runMultiGroupTest(GroupManagementBaseTest.java:175)
	at org.apache.ratis.server.impl.GroupManagementBaseTest.runMultiGroupTest(GroupManagementBaseTest.java:126)
	at org.apache.ratis.server.impl.GroupManagementBaseTest.testMultiGroup9Nodes(GroupManagementBaseTest.java:121)
	at sun.reflect.NativeMethodAccessorImpl.invoke0(Native Method)
	at sun.reflect.NativeMethodAccessorImpl.invoke(NativeMethodAccessorImpl.java:62)
	at sun.reflect.DelegatingMethodAccessorImpl.invoke(DelegatingMethodAccessorImpl.java:43)
	at java.lang.reflect.Method.invoke(Method.java:498)
	at org.junit.runners.model.FrameworkMethod$1.runReflectiveCall(FrameworkMethod.java:50)
	at org.junit.internal.runners.model.ReflectiveCallable.run(ReflectiveCallable.java:12)
	at org.junit.runners.model.FrameworkMethod.invokeExplosively(FrameworkMethod.java:47)
	at org.junit.internal.runners.statements.InvokeMethod.evaluate(InvokeMethod.java:17)
	at org.junit.internal.runners.statements.RunAfters.evaluate(RunAfters.java:27)
	at org.junit.internal.runners.statements.FailOnTimeout$CallableStatement.call(FailOnTimeout.java:298)
	at org.junit.internal.runners.statements.FailOnTimeout$CallableStatement.call(FailOnTimeout.java:292)
	at java.util.concurrent.FutureTask.run(FutureTask.java:266)
	at java.lang.Thread.run(Thread.java:748)
2019-09-24 16:47:59,317 WARN  ratis.RaftTestUtil (JavaUtils.java:attempt(158)) - FAILED "waitForLeader-group-A7C5DBE940E2-(expectLeader? true)", attempt #32/100: java.lang.IllegalStateException: No leader yet  for group-A7C5DBE940E2: printing group-A7C5DBE940E2
  s3:  RUNNING [
   FOLLOWER s3@group-FEE41E240123:t0, leader=null, voted=null, raftlog=s3@group-FEE41E240123-SegmentedRaftLog:OPENED:c-1,f-1,i0, conf=-1: [], old=null STARTING
  CANDIDATE s3@group-A7C5DBE940E2:t4, leader=null, voted=s3, raftlog=s3@group-A7C5DBE940E2-SegmentedRaftLog:OPENED:c-1,f-1,i0, conf=-1: [s3:0.0.0.0:38312, s4:0.0.0.0:41737, s0:0.0.0.0:41019, s1:0.0.0.0:38816, s2:0.0.0.0:40694], old=null RUNNING] size=2
  s4:  RUNNING [
   FOLLOWER s4@group-FEE41E240123:t0, leader=null, voted=null, raftlog=s4@group-FEE41E240123-SegmentedRaftLog:OPENED:c-1,f-1,i0, conf=-1: [], old=null STARTING
  CANDIDATE s4@group-A7C5DBE940E2:t3, leader=null, voted=s4, raftlog=s4@group-A7C5DBE940E2-SegmentedRaftLog:OPENED:c-1,f-1,i0, conf=-1: [s3:0.0.0.0:38312, s4:0.0.0.0:41737, s0:0.0.0.0:41019, s1:0.0.0.0:38816, s2:0.0.0.0:40694], old=null RUNNING] size=2
  s0:  RUNNING [
   FOLLOWER s0@group-FEE41E240123:t0, leader=null, voted=null, raftlog=s0@group-FEE41E240123-SegmentedRaftLog:OPENED:c-1,f-1,i0, conf=-1: [], old=null STARTING
  CANDIDATE s0@group-A7C5DBE940E2:t4, leader=null, voted=s0, raftlog=s0@group-A7C5DBE940E2-SegmentedRaftLog:OPENED:c-1,f-1,i0, conf=-1: [s3:0.0.0.0:38312, s4:0.0.0.0:41737, s0:0.0.0.0:41019, s1:0.0.0.0:38816, s2:0.0.0.0:40694], old=null RUNNING] size=2
  s1:  RUNNING [
   FOLLOWER s1@group-FEE41E240123:t0, leader=null, voted=null, raftlog=s1@group-FEE41E240123-SegmentedRaftLog:OPENED:c-1,f-1,i0, conf=-1: [], old=null STARTING
  CANDIDATE s1@group-A7C5DBE940E2:t4, leader=null, voted=s1, raftlog=s1@group-A7C5DBE940E2-SegmentedRaftLog:OPENED:c-1,f-1,i0, conf=-1: [s3:0.0.0.0:38312, s4:0.0.0.0:41737, s0:0.0.0.0:41019, s1:0.0.0.0:38816, s2:0.0.0.0:40694], old=null RUNNING] size=2
  s2:  RUNNING [
   FOLLOWER s2@group-FEE41E240123:t0, leader=null, voted=null, raftlog=s2@group-FEE41E240123-SegmentedRaftLog:OPENED:c-1,f-1,i0, conf=-1: [], old=null STARTING
  CANDIDATE s2@group-A7C5DBE940E2:t3, leader=null, voted=s2, raftlog=s2@group-A7C5DBE940E2-SegmentedRaftLog:OPENED:c-1,f-1,i0, conf=-1: [s3:0.0.0.0:38312, s4:0.0.0.0:41737, s0:0.0.0.0:41019, s1:0.0.0.0:38816, s2:0.0.0.0:40694], old=null RUNNING] size=2, sleep 450ms and then retry.
java.lang.IllegalStateException: No leader yet  for group-A7C5DBE940E2: printing group-A7C5DBE940E2
  s3:  RUNNING [
   FOLLOWER s3@group-FEE41E240123:t0, leader=null, voted=null, raftlog=s3@group-FEE41E240123-SegmentedRaftLog:OPENED:c-1,f-1,i0, conf=-1: [], old=null STARTING
  CANDIDATE s3@group-A7C5DBE940E2:t4, leader=null, voted=s3, raftlog=s3@group-A7C5DBE940E2-SegmentedRaftLog:OPENED:c-1,f-1,i0, conf=-1: [s3:0.0.0.0:38312, s4:0.0.0.0:41737, s0:0.0.0.0:41019, s1:0.0.0.0:38816, s2:0.0.0.0:40694], old=null RUNNING] size=2
  s4:  RUNNING [
   FOLLOWER s4@group-FEE41E240123:t0, leader=null, voted=null, raftlog=s4@group-FEE41E240123-SegmentedRaftLog:OPENED:c-1,f-1,i0, conf=-1: [], old=null STARTING
  CANDIDATE s4@group-A7C5DBE940E2:t3, leader=null, voted=s4, raftlog=s4@group-A7C5DBE940E2-SegmentedRaftLog:OPENED:c-1,f-1,i0, conf=-1: [s3:0.0.0.0:38312, s4:0.0.0.0:41737, s0:0.0.0.0:41019, s1:0.0.0.0:38816, s2:0.0.0.0:40694], old=null RUNNING] size=2
  s0:  RUNNING [
   FOLLOWER s0@group-FEE41E240123:t0, leader=null, voted=null, raftlog=s0@group-FEE41E240123-SegmentedRaftLog:OPENED:c-1,f-1,i0, conf=-1: [], old=null STARTING
  CANDIDATE s0@group-A7C5DBE940E2:t4, leader=null, voted=s0, raftlog=s0@group-A7C5DBE940E2-SegmentedRaftLog:OPENED:c-1,f-1,i0, conf=-1: [s3:0.0.0.0:38312, s4:0.0.0.0:41737, s0:0.0.0.0:41019, s1:0.0.0.0:38816, s2:0.0.0.0:40694], old=null RUNNING] size=2
  s1:  RUNNING [
   FOLLOWER s1@group-FEE41E240123:t0, leader=null, voted=null, raftlog=s1@group-FEE41E240123-SegmentedRaftLog:OPENED:c-1,f-1,i0, conf=-1: [], old=null STARTING
  CANDIDATE s1@group-A7C5DBE940E2:t4, leader=null, voted=s1, raftlog=s1@group-A7C5DBE940E2-SegmentedRaftLog:OPENED:c-1,f-1,i0, conf=-1: [s3:0.0.0.0:38312, s4:0.0.0.0:41737, s0:0.0.0.0:41019, s1:0.0.0.0:38816, s2:0.0.0.0:40694], old=null RUNNING] size=2
  s2:  RUNNING [
   FOLLOWER s2@group-FEE41E240123:t0, leader=null, voted=null, raftlog=s2@group-FEE41E240123-SegmentedRaftLog:OPENED:c-1,f-1,i0, conf=-1: [], old=null STARTING
  CANDIDATE s2@group-A7C5DBE940E2:t3, leader=null, voted=s2, raftlog=s2@group-A7C5DBE940E2-SegmentedRaftLog:OPENED:c-1,f-1,i0, conf=-1: [s3:0.0.0.0:38312, s4:0.0.0.0:41737, s0:0.0.0.0:41019, s1:0.0.0.0:38816, s2:0.0.0.0:40694], old=null RUNNING] size=2
	at org.apache.ratis.MiniRaftCluster.newIllegalStateExceptionForNoLeaders(MiniRaftCluster.java:506)
	at org.apache.ratis.RaftTestUtil.lambda$waitForLeader$1(RaftTestUtil.java:90)
	at org.apache.ratis.MiniRaftCluster.getLeader(MiniRaftCluster.java:539)
	at org.apache.ratis.MiniRaftCluster.getLeader(MiniRaftCluster.java:532)
	at org.apache.ratis.RaftTestUtil.lambda$waitForLeader$3(RaftTestUtil.java:98)
	at org.apache.ratis.util.JavaUtils.attempt(JavaUtils.java:152)
	at org.apache.ratis.RaftTestUtil.waitForLeader(RaftTestUtil.java:97)
	at org.apache.ratis.RaftTestUtil.waitForLeader(RaftTestUtil.java:77)
	at org.apache.ratis.server.impl.GroupManagementBaseTest.runMultiGroupTest(GroupManagementBaseTest.java:175)
	at org.apache.ratis.server.impl.GroupManagementBaseTest.runMultiGroupTest(GroupManagementBaseTest.java:126)
	at org.apache.ratis.server.impl.GroupManagementBaseTest.testMultiGroup9Nodes(GroupManagementBaseTest.java:121)
	at sun.reflect.NativeMethodAccessorImpl.invoke0(Native Method)
	at sun.reflect.NativeMethodAccessorImpl.invoke(NativeMethodAccessorImpl.java:62)
	at sun.reflect.DelegatingMethodAccessorImpl.invoke(DelegatingMethodAccessorImpl.java:43)
	at java.lang.reflect.Method.invoke(Method.java:498)
	at org.junit.runners.model.FrameworkMethod$1.runReflectiveCall(FrameworkMethod.java:50)
	at org.junit.internal.runners.model.ReflectiveCallable.run(ReflectiveCallable.java:12)
	at org.junit.runners.model.FrameworkMethod.invokeExplosively(FrameworkMethod.java:47)
	at org.junit.internal.runners.statements.InvokeMethod.evaluate(InvokeMethod.java:17)
	at org.junit.internal.runners.statements.RunAfters.evaluate(RunAfters.java:27)
	at org.junit.internal.runners.statements.FailOnTimeout$CallableStatement.call(FailOnTimeout.java:298)
	at org.junit.internal.runners.statements.FailOnTimeout$CallableStatement.call(FailOnTimeout.java:292)
	at java.util.concurrent.FutureTask.run(FutureTask.java:266)
	at java.lang.Thread.run(Thread.java:748)
2019-09-24 16:47:59,769 WARN  ratis.RaftTestUtil (JavaUtils.java:attempt(158)) - FAILED "waitForLeader-group-A7C5DBE940E2-(expectLeader? true)", attempt #33/100: java.lang.IllegalStateException: No leader yet  for group-A7C5DBE940E2: printing group-A7C5DBE940E2
  s3:  RUNNING [
   FOLLOWER s3@group-FEE41E240123:t0, leader=null, voted=null, raftlog=s3@group-FEE41E240123-SegmentedRaftLog:OPENED:c-1,f-1,i0, conf=-1: [], old=null STARTING
  CANDIDATE s3@group-A7C5DBE940E2:t4, leader=null, voted=s3, raftlog=s3@group-A7C5DBE940E2-SegmentedRaftLog:OPENED:c-1,f-1,i0, conf=-1: [s3:0.0.0.0:38312, s4:0.0.0.0:41737, s0:0.0.0.0:41019, s1:0.0.0.0:38816, s2:0.0.0.0:40694], old=null RUNNING] size=2
  s4:  RUNNING [
   FOLLOWER s4@group-FEE41E240123:t0, leader=null, voted=null, raftlog=s4@group-FEE41E240123-SegmentedRaftLog:OPENED:c-1,f-1,i0, conf=-1: [], old=null STARTING
  CANDIDATE s4@group-A7C5DBE940E2:t3, leader=null, voted=s4, raftlog=s4@group-A7C5DBE940E2-SegmentedRaftLog:OPENED:c-1,f-1,i0, conf=-1: [s3:0.0.0.0:38312, s4:0.0.0.0:41737, s0:0.0.0.0:41019, s1:0.0.0.0:38816, s2:0.0.0.0:40694], old=null RUNNING] size=2
  s0:  RUNNING [
   FOLLOWER s0@group-FEE41E240123:t0, leader=null, voted=null, raftlog=s0@group-FEE41E240123-SegmentedRaftLog:OPENED:c-1,f-1,i0, conf=-1: [], old=null STARTING
  CANDIDATE s0@group-A7C5DBE940E2:t4, leader=null, voted=s0, raftlog=s0@group-A7C5DBE940E2-SegmentedRaftLog:OPENED:c-1,f-1,i0, conf=-1: [s3:0.0.0.0:38312, s4:0.0.0.0:41737, s0:0.0.0.0:41019, s1:0.0.0.0:38816, s2:0.0.0.0:40694], old=null RUNNING] size=2
  s1:  RUNNING [
   FOLLOWER s1@group-FEE41E240123:t0, leader=null, voted=null, raftlog=s1@group-FEE41E240123-SegmentedRaftLog:OPENED:c-1,f-1,i0, conf=-1: [], old=null STARTING
  CANDIDATE s1@group-A7C5DBE940E2:t4, leader=null, voted=s1, raftlog=s1@group-A7C5DBE940E2-SegmentedRaftLog:OPENED:c-1,f-1,i0, conf=-1: [s3:0.0.0.0:38312, s4:0.0.0.0:41737, s0:0.0.0.0:41019, s1:0.0.0.0:38816, s2:0.0.0.0:40694], old=null RUNNING] size=2
  s2:  RUNNING [
   FOLLOWER s2@group-FEE41E240123:t0, leader=null, voted=null, raftlog=s2@group-FEE41E240123-SegmentedRaftLog:OPENED:c-1,f-1,i0, conf=-1: [], old=null STARTING
  CANDIDATE s2@group-A7C5DBE940E2:t3, leader=null, voted=s2, raftlog=s2@group-A7C5DBE940E2-SegmentedRaftLog:OPENED:c-1,f-1,i0, conf=-1: [s3:0.0.0.0:38312, s4:0.0.0.0:41737, s0:0.0.0.0:41019, s1:0.0.0.0:38816, s2:0.0.0.0:40694], old=null RUNNING] size=2, sleep 450ms and then retry.
java.lang.IllegalStateException: No leader yet  for group-A7C5DBE940E2: printing group-A7C5DBE940E2
  s3:  RUNNING [
   FOLLOWER s3@group-FEE41E240123:t0, leader=null, voted=null, raftlog=s3@group-FEE41E240123-SegmentedRaftLog:OPENED:c-1,f-1,i0, conf=-1: [], old=null STARTING
  CANDIDATE s3@group-A7C5DBE940E2:t4, leader=null, voted=s3, raftlog=s3@group-A7C5DBE940E2-SegmentedRaftLog:OPENED:c-1,f-1,i0, conf=-1: [s3:0.0.0.0:38312, s4:0.0.0.0:41737, s0:0.0.0.0:41019, s1:0.0.0.0:38816, s2:0.0.0.0:40694], old=null RUNNING] size=2
  s4:  RUNNING [
   FOLLOWER s4@group-FEE41E240123:t0, leader=null, voted=null, raftlog=s4@group-FEE41E240123-SegmentedRaftLog:OPENED:c-1,f-1,i0, conf=-1: [], old=null STARTING
  CANDIDATE s4@group-A7C5DBE940E2:t3, leader=null, voted=s4, raftlog=s4@group-A7C5DBE940E2-SegmentedRaftLog:OPENED:c-1,f-1,i0, conf=-1: [s3:0.0.0.0:38312, s4:0.0.0.0:41737, s0:0.0.0.0:41019, s1:0.0.0.0:38816, s2:0.0.0.0:40694], old=null RUNNING] size=2
  s0:  RUNNING [
   FOLLOWER s0@group-FEE41E240123:t0, leader=null, voted=null, raftlog=s0@group-FEE41E240123-SegmentedRaftLog:OPENED:c-1,f-1,i0, conf=-1: [], old=null STARTING
  CANDIDATE s0@group-A7C5DBE940E2:t4, leader=null, voted=s0, raftlog=s0@group-A7C5DBE940E2-SegmentedRaftLog:OPENED:c-1,f-1,i0, conf=-1: [s3:0.0.0.0:38312, s4:0.0.0.0:41737, s0:0.0.0.0:41019, s1:0.0.0.0:38816, s2:0.0.0.0:40694], old=null RUNNING] size=2
  s1:  RUNNING [
   FOLLOWER s1@group-FEE41E240123:t0, leader=null, voted=null, raftlog=s1@group-FEE41E240123-SegmentedRaftLog:OPENED:c-1,f-1,i0, conf=-1: [], old=null STARTING
  CANDIDATE s1@group-A7C5DBE940E2:t4, leader=null, voted=s1, raftlog=s1@group-A7C5DBE940E2-SegmentedRaftLog:OPENED:c-1,f-1,i0, conf=-1: [s3:0.0.0.0:38312, s4:0.0.0.0:41737, s0:0.0.0.0:41019, s1:0.0.0.0:38816, s2:0.0.0.0:40694], old=null RUNNING] size=2
  s2:  RUNNING [
   FOLLOWER s2@group-FEE41E240123:t0, leader=null, voted=null, raftlog=s2@group-FEE41E240123-SegmentedRaftLog:OPENED:c-1,f-1,i0, conf=-1: [], old=null STARTING
  CANDIDATE s2@group-A7C5DBE940E2:t3, leader=null, voted=s2, raftlog=s2@group-A7C5DBE940E2-SegmentedRaftLog:OPENED:c-1,f-1,i0, conf=-1: [s3:0.0.0.0:38312, s4:0.0.0.0:41737, s0:0.0.0.0:41019, s1:0.0.0.0:38816, s2:0.0.0.0:40694], old=null RUNNING] size=2
	at org.apache.ratis.MiniRaftCluster.newIllegalStateExceptionForNoLeaders(MiniRaftCluster.java:506)
	at org.apache.ratis.RaftTestUtil.lambda$waitForLeader$1(RaftTestUtil.java:90)
	at org.apache.ratis.MiniRaftCluster.getLeader(MiniRaftCluster.java:539)
	at org.apache.ratis.MiniRaftCluster.getLeader(MiniRaftCluster.java:532)
	at org.apache.ratis.RaftTestUtil.lambda$waitForLeader$3(RaftTestUtil.java:98)
	at org.apache.ratis.util.JavaUtils.attempt(JavaUtils.java:152)
	at org.apache.ratis.RaftTestUtil.waitForLeader(RaftTestUtil.java:97)
	at org.apache.ratis.RaftTestUtil.waitForLeader(RaftTestUtil.java:77)
	at org.apache.ratis.server.impl.GroupManagementBaseTest.runMultiGroupTest(GroupManagementBaseTest.java:175)
	at org.apache.ratis.server.impl.GroupManagementBaseTest.runMultiGroupTest(GroupManagementBaseTest.java:126)
	at org.apache.ratis.server.impl.GroupManagementBaseTest.testMultiGroup9Nodes(GroupManagementBaseTest.java:121)
	at sun.reflect.NativeMethodAccessorImpl.invoke0(Native Method)
	at sun.reflect.NativeMethodAccessorImpl.invoke(NativeMethodAccessorImpl.java:62)
	at sun.reflect.DelegatingMethodAccessorImpl.invoke(DelegatingMethodAccessorImpl.java:43)
	at java.lang.reflect.Method.invoke(Method.java:498)
	at org.junit.runners.model.FrameworkMethod$1.runReflectiveCall(FrameworkMethod.java:50)
	at org.junit.internal.runners.model.ReflectiveCallable.run(ReflectiveCallable.java:12)
	at org.junit.runners.model.FrameworkMethod.invokeExplosively(FrameworkMethod.java:47)
	at org.junit.internal.runners.statements.InvokeMethod.evaluate(InvokeMethod.java:17)
	at org.junit.internal.runners.statements.RunAfters.evaluate(RunAfters.java:27)
	at org.junit.internal.runners.statements.FailOnTimeout$CallableStatement.call(FailOnTimeout.java:298)
	at org.junit.internal.runners.statements.FailOnTimeout$CallableStatement.call(FailOnTimeout.java:292)
	at java.util.concurrent.FutureTask.run(FutureTask.java:266)
	at java.lang.Thread.run(Thread.java:748)
2019-09-24 16:48:00,221 WARN  ratis.RaftTestUtil (JavaUtils.java:attempt(158)) - FAILED "waitForLeader-group-A7C5DBE940E2-(expectLeader? true)", attempt #34/100: java.lang.IllegalStateException: No leader yet  for group-A7C5DBE940E2: printing group-A7C5DBE940E2
  s3:  RUNNING [
   FOLLOWER s3@group-FEE41E240123:t0, leader=null, voted=null, raftlog=s3@group-FEE41E240123-SegmentedRaftLog:OPENED:c-1,f-1,i0, conf=-1: [], old=null STARTING
  CANDIDATE s3@group-A7C5DBE940E2:t4, leader=null, voted=s3, raftlog=s3@group-A7C5DBE940E2-SegmentedRaftLog:OPENED:c-1,f-1,i0, conf=-1: [s3:0.0.0.0:38312, s4:0.0.0.0:41737, s0:0.0.0.0:41019, s1:0.0.0.0:38816, s2:0.0.0.0:40694], old=null RUNNING] size=2
  s4:  RUNNING [
   FOLLOWER s4@group-FEE41E240123:t0, leader=null, voted=null, raftlog=s4@group-FEE41E240123-SegmentedRaftLog:OPENED:c-1,f-1,i0, conf=-1: [], old=null STARTING
  CANDIDATE s4@group-A7C5DBE940E2:t3, leader=null, voted=s4, raftlog=s4@group-A7C5DBE940E2-SegmentedRaftLog:OPENED:c-1,f-1,i0, conf=-1: [s3:0.0.0.0:38312, s4:0.0.0.0:41737, s0:0.0.0.0:41019, s1:0.0.0.0:38816, s2:0.0.0.0:40694], old=null RUNNING] size=2
  s0:  RUNNING [
   FOLLOWER s0@group-FEE41E240123:t0, leader=null, voted=null, raftlog=s0@group-FEE41E240123-SegmentedRaftLog:OPENED:c-1,f-1,i0, conf=-1: [], old=null STARTING
  CANDIDATE s0@group-A7C5DBE940E2:t4, leader=null, voted=s0, raftlog=s0@group-A7C5DBE940E2-SegmentedRaftLog:OPENED:c-1,f-1,i0, conf=-1: [s3:0.0.0.0:38312, s4:0.0.0.0:41737, s0:0.0.0.0:41019, s1:0.0.0.0:38816, s2:0.0.0.0:40694], old=null RUNNING] size=2
  s1:  RUNNING [
   FOLLOWER s1@group-FEE41E240123:t0, leader=null, voted=null, raftlog=s1@group-FEE41E240123-SegmentedRaftLog:OPENED:c-1,f-1,i0, conf=-1: [], old=null STARTING
  CANDIDATE s1@group-A7C5DBE940E2:t4, leader=null, voted=s1, raftlog=s1@group-A7C5DBE940E2-SegmentedRaftLog:OPENED:c-1,f-1,i0, conf=-1: [s3:0.0.0.0:38312, s4:0.0.0.0:41737, s0:0.0.0.0:41019, s1:0.0.0.0:38816, s2:0.0.0.0:40694], old=null RUNNING] size=2
  s2:  RUNNING [
   FOLLOWER s2@group-FEE41E240123:t0, leader=null, voted=null, raftlog=s2@group-FEE41E240123-SegmentedRaftLog:OPENED:c-1,f-1,i0, conf=-1: [], old=null STARTING
  CANDIDATE s2@group-A7C5DBE940E2:t3, leader=null, voted=s2, raftlog=s2@group-A7C5DBE940E2-SegmentedRaftLog:OPENED:c-1,f-1,i0, conf=-1: [s3:0.0.0.0:38312, s4:0.0.0.0:41737, s0:0.0.0.0:41019, s1:0.0.0.0:38816, s2:0.0.0.0:40694], old=null RUNNING] size=2, sleep 450ms and then retry.
java.lang.IllegalStateException: No leader yet  for group-A7C5DBE940E2: printing group-A7C5DBE940E2
  s3:  RUNNING [
   FOLLOWER s3@group-FEE41E240123:t0, leader=null, voted=null, raftlog=s3@group-FEE41E240123-SegmentedRaftLog:OPENED:c-1,f-1,i0, conf=-1: [], old=null STARTING
  CANDIDATE s3@group-A7C5DBE940E2:t4, leader=null, voted=s3, raftlog=s3@group-A7C5DBE940E2-SegmentedRaftLog:OPENED:c-1,f-1,i0, conf=-1: [s3:0.0.0.0:38312, s4:0.0.0.0:41737, s0:0.0.0.0:41019, s1:0.0.0.0:38816, s2:0.0.0.0:40694], old=null RUNNING] size=2
  s4:  RUNNING [
   FOLLOWER s4@group-FEE41E240123:t0, leader=null, voted=null, raftlog=s4@group-FEE41E240123-SegmentedRaftLog:OPENED:c-1,f-1,i0, conf=-1: [], old=null STARTING
  CANDIDATE s4@group-A7C5DBE940E2:t3, leader=null, voted=s4, raftlog=s4@group-A7C5DBE940E2-SegmentedRaftLog:OPENED:c-1,f-1,i0, conf=-1: [s3:0.0.0.0:38312, s4:0.0.0.0:41737, s0:0.0.0.0:41019, s1:0.0.0.0:38816, s2:0.0.0.0:40694], old=null RUNNING] size=2
  s0:  RUNNING [
   FOLLOWER s0@group-FEE41E240123:t0, leader=null, voted=null, raftlog=s0@group-FEE41E240123-SegmentedRaftLog:OPENED:c-1,f-1,i0, conf=-1: [], old=null STARTING
  CANDIDATE s0@group-A7C5DBE940E2:t4, leader=null, voted=s0, raftlog=s0@group-A7C5DBE940E2-SegmentedRaftLog:OPENED:c-1,f-1,i0, conf=-1: [s3:0.0.0.0:38312, s4:0.0.0.0:41737, s0:0.0.0.0:41019, s1:0.0.0.0:38816, s2:0.0.0.0:40694], old=null RUNNING] size=2
  s1:  RUNNING [
   FOLLOWER s1@group-FEE41E240123:t0, leader=null, voted=null, raftlog=s1@group-FEE41E240123-SegmentedRaftLog:OPENED:c-1,f-1,i0, conf=-1: [], old=null STARTING
  CANDIDATE s1@group-A7C5DBE940E2:t4, leader=null, voted=s1, raftlog=s1@group-A7C5DBE940E2-SegmentedRaftLog:OPENED:c-1,f-1,i0, conf=-1: [s3:0.0.0.0:38312, s4:0.0.0.0:41737, s0:0.0.0.0:41019, s1:0.0.0.0:38816, s2:0.0.0.0:40694], old=null RUNNING] size=2
  s2:  RUNNING [
   FOLLOWER s2@group-FEE41E240123:t0, leader=null, voted=null, raftlog=s2@group-FEE41E240123-SegmentedRaftLog:OPENED:c-1,f-1,i0, conf=-1: [], old=null STARTING
  CANDIDATE s2@group-A7C5DBE940E2:t3, leader=null, voted=s2, raftlog=s2@group-A7C5DBE940E2-SegmentedRaftLog:OPENED:c-1,f-1,i0, conf=-1: [s3:0.0.0.0:38312, s4:0.0.0.0:41737, s0:0.0.0.0:41019, s1:0.0.0.0:38816, s2:0.0.0.0:40694], old=null RUNNING] size=2
	at org.apache.ratis.MiniRaftCluster.newIllegalStateExceptionForNoLeaders(MiniRaftCluster.java:506)
	at org.apache.ratis.RaftTestUtil.lambda$waitForLeader$1(RaftTestUtil.java:90)
	at org.apache.ratis.MiniRaftCluster.getLeader(MiniRaftCluster.java:539)
	at org.apache.ratis.MiniRaftCluster.getLeader(MiniRaftCluster.java:532)
	at org.apache.ratis.RaftTestUtil.lambda$waitForLeader$3(RaftTestUtil.java:98)
	at org.apache.ratis.util.JavaUtils.attempt(JavaUtils.java:152)
	at org.apache.ratis.RaftTestUtil.waitForLeader(RaftTestUtil.java:97)
	at org.apache.ratis.RaftTestUtil.waitForLeader(RaftTestUtil.java:77)
	at org.apache.ratis.server.impl.GroupManagementBaseTest.runMultiGroupTest(GroupManagementBaseTest.java:175)
	at org.apache.ratis.server.impl.GroupManagementBaseTest.runMultiGroupTest(GroupManagementBaseTest.java:126)
	at org.apache.ratis.server.impl.GroupManagementBaseTest.testMultiGroup9Nodes(GroupManagementBaseTest.java:121)
	at sun.reflect.NativeMethodAccessorImpl.invoke0(Native Method)
	at sun.reflect.NativeMethodAccessorImpl.invoke(NativeMethodAccessorImpl.java:62)
	at sun.reflect.DelegatingMethodAccessorImpl.invoke(DelegatingMethodAccessorImpl.java:43)
	at java.lang.reflect.Method.invoke(Method.java:498)
	at org.junit.runners.model.FrameworkMethod$1.runReflectiveCall(FrameworkMethod.java:50)
	at org.junit.internal.runners.model.ReflectiveCallable.run(ReflectiveCallable.java:12)
	at org.junit.runners.model.FrameworkMethod.invokeExplosively(FrameworkMethod.java:47)
	at org.junit.internal.runners.statements.InvokeMethod.evaluate(InvokeMethod.java:17)
	at org.junit.internal.runners.statements.RunAfters.evaluate(RunAfters.java:27)
	at org.junit.internal.runners.statements.FailOnTimeout$CallableStatement.call(FailOnTimeout.java:298)
	at org.junit.internal.runners.statements.FailOnTimeout$CallableStatement.call(FailOnTimeout.java:292)
	at java.util.concurrent.FutureTask.run(FutureTask.java:266)
	at java.lang.Thread.run(Thread.java:748)
2019-09-24 16:48:00,673 WARN  ratis.RaftTestUtil (JavaUtils.java:attempt(158)) - FAILED "waitForLeader-group-A7C5DBE940E2-(expectLeader? true)", attempt #35/100: java.lang.IllegalStateException: No leader yet  for group-A7C5DBE940E2: printing group-A7C5DBE940E2
  s3:  RUNNING [
   FOLLOWER s3@group-FEE41E240123:t0, leader=null, voted=null, raftlog=s3@group-FEE41E240123-SegmentedRaftLog:OPENED:c-1,f-1,i0, conf=-1: [], old=null STARTING
  CANDIDATE s3@group-A7C5DBE940E2:t4, leader=null, voted=s3, raftlog=s3@group-A7C5DBE940E2-SegmentedRaftLog:OPENED:c-1,f-1,i0, conf=-1: [s3:0.0.0.0:38312, s4:0.0.0.0:41737, s0:0.0.0.0:41019, s1:0.0.0.0:38816, s2:0.0.0.0:40694], old=null RUNNING] size=2
  s4:  RUNNING [
   FOLLOWER s4@group-FEE41E240123:t0, leader=null, voted=null, raftlog=s4@group-FEE41E240123-SegmentedRaftLog:OPENED:c-1,f-1,i0, conf=-1: [], old=null STARTING
  CANDIDATE s4@group-A7C5DBE940E2:t3, leader=null, voted=s4, raftlog=s4@group-A7C5DBE940E2-SegmentedRaftLog:OPENED:c-1,f-1,i0, conf=-1: [s3:0.0.0.0:38312, s4:0.0.0.0:41737, s0:0.0.0.0:41019, s1:0.0.0.0:38816, s2:0.0.0.0:40694], old=null RUNNING] size=2
  s0:  RUNNING [
   FOLLOWER s0@group-FEE41E240123:t0, leader=null, voted=null, raftlog=s0@group-FEE41E240123-SegmentedRaftLog:OPENED:c-1,f-1,i0, conf=-1: [], old=null STARTING
  CANDIDATE s0@group-A7C5DBE940E2:t4, leader=null, voted=s0, raftlog=s0@group-A7C5DBE940E2-SegmentedRaftLog:OPENED:c-1,f-1,i0, conf=-1: [s3:0.0.0.0:38312, s4:0.0.0.0:41737, s0:0.0.0.0:41019, s1:0.0.0.0:38816, s2:0.0.0.0:40694], old=null RUNNING] size=2
  s1:  RUNNING [
   FOLLOWER s1@group-FEE41E240123:t0, leader=null, voted=null, raftlog=s1@group-FEE41E240123-SegmentedRaftLog:OPENED:c-1,f-1,i0, conf=-1: [], old=null STARTING
  CANDIDATE s1@group-A7C5DBE940E2:t4, leader=null, voted=s1, raftlog=s1@group-A7C5DBE940E2-SegmentedRaftLog:OPENED:c-1,f-1,i0, conf=-1: [s3:0.0.0.0:38312, s4:0.0.0.0:41737, s0:0.0.0.0:41019, s1:0.0.0.0:38816, s2:0.0.0.0:40694], old=null RUNNING] size=2
  s2:  RUNNING [
   FOLLOWER s2@group-FEE41E240123:t0, leader=null, voted=null, raftlog=s2@group-FEE41E240123-SegmentedRaftLog:OPENED:c-1,f-1,i0, conf=-1: [], old=null STARTING
  CANDIDATE s2@group-A7C5DBE940E2:t3, leader=null, voted=s2, raftlog=s2@group-A7C5DBE940E2-SegmentedRaftLog:OPENED:c-1,f-1,i0, conf=-1: [s3:0.0.0.0:38312, s4:0.0.0.0:41737, s0:0.0.0.0:41019, s1:0.0.0.0:38816, s2:0.0.0.0:40694], old=null RUNNING] size=2, sleep 450ms and then retry.
java.lang.IllegalStateException: No leader yet  for group-A7C5DBE940E2: printing group-A7C5DBE940E2
  s3:  RUNNING [
   FOLLOWER s3@group-FEE41E240123:t0, leader=null, voted=null, raftlog=s3@group-FEE41E240123-SegmentedRaftLog:OPENED:c-1,f-1,i0, conf=-1: [], old=null STARTING
  CANDIDATE s3@group-A7C5DBE940E2:t4, leader=null, voted=s3, raftlog=s3@group-A7C5DBE940E2-SegmentedRaftLog:OPENED:c-1,f-1,i0, conf=-1: [s3:0.0.0.0:38312, s4:0.0.0.0:41737, s0:0.0.0.0:41019, s1:0.0.0.0:38816, s2:0.0.0.0:40694], old=null RUNNING] size=2
  s4:  RUNNING [
   FOLLOWER s4@group-FEE41E240123:t0, leader=null, voted=null, raftlog=s4@group-FEE41E240123-SegmentedRaftLog:OPENED:c-1,f-1,i0, conf=-1: [], old=null STARTING
  CANDIDATE s4@group-A7C5DBE940E2:t3, leader=null, voted=s4, raftlog=s4@group-A7C5DBE940E2-SegmentedRaftLog:OPENED:c-1,f-1,i0, conf=-1: [s3:0.0.0.0:38312, s4:0.0.0.0:41737, s0:0.0.0.0:41019, s1:0.0.0.0:38816, s2:0.0.0.0:40694], old=null RUNNING] size=2
  s0:  RUNNING [
   FOLLOWER s0@group-FEE41E240123:t0, leader=null, voted=null, raftlog=s0@group-FEE41E240123-SegmentedRaftLog:OPENED:c-1,f-1,i0, conf=-1: [], old=null STARTING
  CANDIDATE s0@group-A7C5DBE940E2:t4, leader=null, voted=s0, raftlog=s0@group-A7C5DBE940E2-SegmentedRaftLog:OPENED:c-1,f-1,i0, conf=-1: [s3:0.0.0.0:38312, s4:0.0.0.0:41737, s0:0.0.0.0:41019, s1:0.0.0.0:38816, s2:0.0.0.0:40694], old=null RUNNING] size=2
  s1:  RUNNING [
   FOLLOWER s1@group-FEE41E240123:t0, leader=null, voted=null, raftlog=s1@group-FEE41E240123-SegmentedRaftLog:OPENED:c-1,f-1,i0, conf=-1: [], old=null STARTING
  CANDIDATE s1@group-A7C5DBE940E2:t4, leader=null, voted=s1, raftlog=s1@group-A7C5DBE940E2-SegmentedRaftLog:OPENED:c-1,f-1,i0, conf=-1: [s3:0.0.0.0:38312, s4:0.0.0.0:41737, s0:0.0.0.0:41019, s1:0.0.0.0:38816, s2:0.0.0.0:40694], old=null RUNNING] size=2
  s2:  RUNNING [
   FOLLOWER s2@group-FEE41E240123:t0, leader=null, voted=null, raftlog=s2@group-FEE41E240123-SegmentedRaftLog:OPENED:c-1,f-1,i0, conf=-1: [], old=null STARTING
  CANDIDATE s2@group-A7C5DBE940E2:t3, leader=null, voted=s2, raftlog=s2@group-A7C5DBE940E2-SegmentedRaftLog:OPENED:c-1,f-1,i0, conf=-1: [s3:0.0.0.0:38312, s4:0.0.0.0:41737, s0:0.0.0.0:41019, s1:0.0.0.0:38816, s2:0.0.0.0:40694], old=null RUNNING] size=2
	at org.apache.ratis.MiniRaftCluster.newIllegalStateExceptionForNoLeaders(MiniRaftCluster.java:506)
	at org.apache.ratis.RaftTestUtil.lambda$waitForLeader$1(RaftTestUtil.java:90)
	at org.apache.ratis.MiniRaftCluster.getLeader(MiniRaftCluster.java:539)
	at org.apache.ratis.MiniRaftCluster.getLeader(MiniRaftCluster.java:532)
	at org.apache.ratis.RaftTestUtil.lambda$waitForLeader$3(RaftTestUtil.java:98)
	at org.apache.ratis.util.JavaUtils.attempt(JavaUtils.java:152)
	at org.apache.ratis.RaftTestUtil.waitForLeader(RaftTestUtil.java:97)
	at org.apache.ratis.RaftTestUtil.waitForLeader(RaftTestUtil.java:77)
	at org.apache.ratis.server.impl.GroupManagementBaseTest.runMultiGroupTest(GroupManagementBaseTest.java:175)
	at org.apache.ratis.server.impl.GroupManagementBaseTest.runMultiGroupTest(GroupManagementBaseTest.java:126)
	at org.apache.ratis.server.impl.GroupManagementBaseTest.testMultiGroup9Nodes(GroupManagementBaseTest.java:121)
	at sun.reflect.NativeMethodAccessorImpl.invoke0(Native Method)
	at sun.reflect.NativeMethodAccessorImpl.invoke(NativeMethodAccessorImpl.java:62)
	at sun.reflect.DelegatingMethodAccessorImpl.invoke(DelegatingMethodAccessorImpl.java:43)
	at java.lang.reflect.Method.invoke(Method.java:498)
	at org.junit.runners.model.FrameworkMethod$1.runReflectiveCall(FrameworkMethod.java:50)
	at org.junit.internal.runners.model.ReflectiveCallable.run(ReflectiveCallable.java:12)
	at org.junit.runners.model.FrameworkMethod.invokeExplosively(FrameworkMethod.java:47)
	at org.junit.internal.runners.statements.InvokeMethod.evaluate(InvokeMethod.java:17)
	at org.junit.internal.runners.statements.RunAfters.evaluate(RunAfters.java:27)
	at org.junit.internal.runners.statements.FailOnTimeout$CallableStatement.call(FailOnTimeout.java:298)
	at org.junit.internal.runners.statements.FailOnTimeout$CallableStatement.call(FailOnTimeout.java:292)
	at java.util.concurrent.FutureTask.run(FutureTask.java:266)
	at java.lang.Thread.run(Thread.java:748)
2019-09-24 16:48:01,124 WARN  ratis.RaftTestUtil (JavaUtils.java:attempt(158)) - FAILED "waitForLeader-group-A7C5DBE940E2-(expectLeader? true)", attempt #36/100: java.lang.IllegalStateException: No leader yet  for group-A7C5DBE940E2: printing group-A7C5DBE940E2
  s3:  RUNNING [
   FOLLOWER s3@group-FEE41E240123:t0, leader=null, voted=null, raftlog=s3@group-FEE41E240123-SegmentedRaftLog:OPENED:c-1,f-1,i0, conf=-1: [], old=null STARTING
  CANDIDATE s3@group-A7C5DBE940E2:t4, leader=null, voted=s3, raftlog=s3@group-A7C5DBE940E2-SegmentedRaftLog:OPENED:c-1,f-1,i0, conf=-1: [s3:0.0.0.0:38312, s4:0.0.0.0:41737, s0:0.0.0.0:41019, s1:0.0.0.0:38816, s2:0.0.0.0:40694], old=null RUNNING] size=2
  s4:  RUNNING [
   FOLLOWER s4@group-FEE41E240123:t0, leader=null, voted=null, raftlog=s4@group-FEE41E240123-SegmentedRaftLog:OPENED:c-1,f-1,i0, conf=-1: [], old=null STARTING
  CANDIDATE s4@group-A7C5DBE940E2:t3, leader=null, voted=s4, raftlog=s4@group-A7C5DBE940E2-SegmentedRaftLog:OPENED:c-1,f-1,i0, conf=-1: [s3:0.0.0.0:38312, s4:0.0.0.0:41737, s0:0.0.0.0:41019, s1:0.0.0.0:38816, s2:0.0.0.0:40694], old=null RUNNING] size=2
  s0:  RUNNING [
   FOLLOWER s0@group-FEE41E240123:t0, leader=null, voted=null, raftlog=s0@group-FEE41E240123-SegmentedRaftLog:OPENED:c-1,f-1,i0, conf=-1: [], old=null STARTING
  CANDIDATE s0@group-A7C5DBE940E2:t4, leader=null, voted=s0, raftlog=s0@group-A7C5DBE940E2-SegmentedRaftLog:OPENED:c-1,f-1,i0, conf=-1: [s3:0.0.0.0:38312, s4:0.0.0.0:41737, s0:0.0.0.0:41019, s1:0.0.0.0:38816, s2:0.0.0.0:40694], old=null RUNNING] size=2
  s1:  RUNNING [
   FOLLOWER s1@group-FEE41E240123:t0, leader=null, voted=null, raftlog=s1@group-FEE41E240123-SegmentedRaftLog:OPENED:c-1,f-1,i0, conf=-1: [], old=null STARTING
  CANDIDATE s1@group-A7C5DBE940E2:t4, leader=null, voted=s1, raftlog=s1@group-A7C5DBE940E2-SegmentedRaftLog:OPENED:c-1,f-1,i0, conf=-1: [s3:0.0.0.0:38312, s4:0.0.0.0:41737, s0:0.0.0.0:41019, s1:0.0.0.0:38816, s2:0.0.0.0:40694], old=null RUNNING] size=2
  s2:  RUNNING [
   FOLLOWER s2@group-FEE41E240123:t0, leader=null, voted=null, raftlog=s2@group-FEE41E240123-SegmentedRaftLog:OPENED:c-1,f-1,i0, conf=-1: [], old=null STARTING
  CANDIDATE s2@group-A7C5DBE940E2:t3, leader=null, voted=s2, raftlog=s2@group-A7C5DBE940E2-SegmentedRaftLog:OPENED:c-1,f-1,i0, conf=-1: [s3:0.0.0.0:38312, s4:0.0.0.0:41737, s0:0.0.0.0:41019, s1:0.0.0.0:38816, s2:0.0.0.0:40694], old=null RUNNING] size=2, sleep 450ms and then retry.
java.lang.IllegalStateException: No leader yet  for group-A7C5DBE940E2: printing group-A7C5DBE940E2
  s3:  RUNNING [
   FOLLOWER s3@group-FEE41E240123:t0, leader=null, voted=null, raftlog=s3@group-FEE41E240123-SegmentedRaftLog:OPENED:c-1,f-1,i0, conf=-1: [], old=null STARTING
  CANDIDATE s3@group-A7C5DBE940E2:t4, leader=null, voted=s3, raftlog=s3@group-A7C5DBE940E2-SegmentedRaftLog:OPENED:c-1,f-1,i0, conf=-1: [s3:0.0.0.0:38312, s4:0.0.0.0:41737, s0:0.0.0.0:41019, s1:0.0.0.0:38816, s2:0.0.0.0:40694], old=null RUNNING] size=2
  s4:  RUNNING [
   FOLLOWER s4@group-FEE41E240123:t0, leader=null, voted=null, raftlog=s4@group-FEE41E240123-SegmentedRaftLog:OPENED:c-1,f-1,i0, conf=-1: [], old=null STARTING
  CANDIDATE s4@group-A7C5DBE940E2:t3, leader=null, voted=s4, raftlog=s4@group-A7C5DBE940E2-SegmentedRaftLog:OPENED:c-1,f-1,i0, conf=-1: [s3:0.0.0.0:38312, s4:0.0.0.0:41737, s0:0.0.0.0:41019, s1:0.0.0.0:38816, s2:0.0.0.0:40694], old=null RUNNING] size=2
  s0:  RUNNING [
   FOLLOWER s0@group-FEE41E240123:t0, leader=null, voted=null, raftlog=s0@group-FEE41E240123-SegmentedRaftLog:OPENED:c-1,f-1,i0, conf=-1: [], old=null STARTING
  CANDIDATE s0@group-A7C5DBE940E2:t4, leader=null, voted=s0, raftlog=s0@group-A7C5DBE940E2-SegmentedRaftLog:OPENED:c-1,f-1,i0, conf=-1: [s3:0.0.0.0:38312, s4:0.0.0.0:41737, s0:0.0.0.0:41019, s1:0.0.0.0:38816, s2:0.0.0.0:40694], old=null RUNNING] size=2
  s1:  RUNNING [
   FOLLOWER s1@group-FEE41E240123:t0, leader=null, voted=null, raftlog=s1@group-FEE41E240123-SegmentedRaftLog:OPENED:c-1,f-1,i0, conf=-1: [], old=null STARTING
  CANDIDATE s1@group-A7C5DBE940E2:t4, leader=null, voted=s1, raftlog=s1@group-A7C5DBE940E2-SegmentedRaftLog:OPENED:c-1,f-1,i0, conf=-1: [s3:0.0.0.0:38312, s4:0.0.0.0:41737, s0:0.0.0.0:41019, s1:0.0.0.0:38816, s2:0.0.0.0:40694], old=null RUNNING] size=2
  s2:  RUNNING [
   FOLLOWER s2@group-FEE41E240123:t0, leader=null, voted=null, raftlog=s2@group-FEE41E240123-SegmentedRaftLog:OPENED:c-1,f-1,i0, conf=-1: [], old=null STARTING
  CANDIDATE s2@group-A7C5DBE940E2:t3, leader=null, voted=s2, raftlog=s2@group-A7C5DBE940E2-SegmentedRaftLog:OPENED:c-1,f-1,i0, conf=-1: [s3:0.0.0.0:38312, s4:0.0.0.0:41737, s0:0.0.0.0:41019, s1:0.0.0.0:38816, s2:0.0.0.0:40694], old=null RUNNING] size=2
	at org.apache.ratis.MiniRaftCluster.newIllegalStateExceptionForNoLeaders(MiniRaftCluster.java:506)
	at org.apache.ratis.RaftTestUtil.lambda$waitForLeader$1(RaftTestUtil.java:90)
	at org.apache.ratis.MiniRaftCluster.getLeader(MiniRaftCluster.java:539)
	at org.apache.ratis.MiniRaftCluster.getLeader(MiniRaftCluster.java:532)
	at org.apache.ratis.RaftTestUtil.lambda$waitForLeader$3(RaftTestUtil.java:98)
	at org.apache.ratis.util.JavaUtils.attempt(JavaUtils.java:152)
	at org.apache.ratis.RaftTestUtil.waitForLeader(RaftTestUtil.java:97)
	at org.apache.ratis.RaftTestUtil.waitForLeader(RaftTestUtil.java:77)
	at org.apache.ratis.server.impl.GroupManagementBaseTest.runMultiGroupTest(GroupManagementBaseTest.java:175)
	at org.apache.ratis.server.impl.GroupManagementBaseTest.runMultiGroupTest(GroupManagementBaseTest.java:126)
	at org.apache.ratis.server.impl.GroupManagementBaseTest.testMultiGroup9Nodes(GroupManagementBaseTest.java:121)
	at sun.reflect.NativeMethodAccessorImpl.invoke0(Native Method)
	at sun.reflect.NativeMethodAccessorImpl.invoke(NativeMethodAccessorImpl.java:62)
	at sun.reflect.DelegatingMethodAccessorImpl.invoke(DelegatingMethodAccessorImpl.java:43)
	at java.lang.reflect.Method.invoke(Method.java:498)
	at org.junit.runners.model.FrameworkMethod$1.runReflectiveCall(FrameworkMethod.java:50)
	at org.junit.internal.runners.model.ReflectiveCallable.run(ReflectiveCallable.java:12)
	at org.junit.runners.model.FrameworkMethod.invokeExplosively(FrameworkMethod.java:47)
	at org.junit.internal.runners.statements.InvokeMethod.evaluate(InvokeMethod.java:17)
	at org.junit.internal.runners.statements.RunAfters.evaluate(RunAfters.java:27)
	at org.junit.internal.runners.statements.FailOnTimeout$CallableStatement.call(FailOnTimeout.java:298)
	at org.junit.internal.runners.statements.FailOnTimeout$CallableStatement.call(FailOnTimeout.java:292)
	at java.util.concurrent.FutureTask.run(FutureTask.java:266)
	at java.lang.Thread.run(Thread.java:748)
2019-09-24 16:48:01,440 INFO  impl.LeaderElection (LeaderElection.java:askForVotes(178)) - s3@group-A7C5DBE940E2-LeaderElection21: begin an election at term 4 for -1: [s3:0.0.0.0:38312, s4:0.0.0.0:41737, s0:0.0.0.0:41019, s1:0.0.0.0:38816, s2:0.0.0.0:40694], old=null
2019-09-24 16:48:01,440 INFO  impl.LeaderElection (LeaderElection.java:askForVotes(178)) - s2@group-A7C5DBE940E2-LeaderElection20: begin an election at term 3 for -1: [s3:0.0.0.0:38312, s4:0.0.0.0:41737, s0:0.0.0.0:41019, s1:0.0.0.0:38816, s2:0.0.0.0:40694], old=null
2019-09-24 16:48:01,440 INFO  impl.LeaderElection (LeaderElection.java:askForVotes(178)) - s4@group-A7C5DBE940E2-LeaderElection18: begin an election at term 3 for -1: [s3:0.0.0.0:38312, s4:0.0.0.0:41737, s0:0.0.0.0:41019, s1:0.0.0.0:38816, s2:0.0.0.0:40694], old=null
2019-09-24 16:48:01,443 INFO  impl.LeaderElection (LeaderElection.java:askForVotes(178)) - s0@group-A7C5DBE940E2-LeaderElection17: begin an election at term 4 for -1: [s3:0.0.0.0:38312, s4:0.0.0.0:41737, s0:0.0.0.0:41019, s1:0.0.0.0:38816, s2:0.0.0.0:40694], old=null
2019-09-24 16:48:01,443 INFO  impl.LeaderElection (LeaderElection.java:askForVotes(178)) - s1@group-A7C5DBE940E2-LeaderElection16: begin an election at term 4 for -1: [s3:0.0.0.0:38312, s4:0.0.0.0:41737, s0:0.0.0.0:41019, s1:0.0.0.0:38816, s2:0.0.0.0:40694], old=null
2019-09-24 16:48:01,445 DEBUG impl.RaftServerImpl (RaftServerImpl.java:requestVote(743)) - s1@group-A7C5DBE940E2: receive requestVote(s0, group-A7C5DBE940E2, 4, (t:0, i:0))
2019-09-24 16:48:01,445 DEBUG impl.RaftServerImpl (RaftServerImpl.java:requestVote(743)) - s0@group-A7C5DBE940E2: receive requestVote(s1, group-A7C5DBE940E2, 4, (t:0, i:0))
2019-09-24 16:48:01,446 DEBUG impl.RaftServerImpl (RaftServerImpl.java:requestVote(775)) - s1@group-A7C5DBE940E2 replies to vote request: s0<-s1#0:FAIL-t4. Peer's state: s1@group-A7C5DBE940E2:t4, leader=null, voted=s1, raftlog=s1@group-A7C5DBE940E2-SegmentedRaftLog:OPENED:c-1,f-1,i0, conf=-1: [s3:0.0.0.0:38312, s4:0.0.0.0:41737, s0:0.0.0.0:41019, s1:0.0.0.0:38816, s2:0.0.0.0:40694], old=null
2019-09-24 16:48:01,446 DEBUG impl.RaftServerImpl (RaftServerImpl.java:requestVote(775)) - s0@group-A7C5DBE940E2 replies to vote request: s1<-s0#0:FAIL-t4. Peer's state: s0@group-A7C5DBE940E2:t4, leader=null, voted=s0, raftlog=s0@group-A7C5DBE940E2-SegmentedRaftLog:OPENED:c-1,f-1,i0, conf=-1: [s3:0.0.0.0:38312, s4:0.0.0.0:41737, s0:0.0.0.0:41019, s1:0.0.0.0:38816, s2:0.0.0.0:40694], old=null
2019-09-24 16:48:01,576 WARN  ratis.RaftTestUtil (JavaUtils.java:attempt(158)) - FAILED "waitForLeader-group-A7C5DBE940E2-(expectLeader? true)", attempt #37/100: java.lang.IllegalStateException: No leader yet  for group-A7C5DBE940E2: printing group-A7C5DBE940E2
  s3:  RUNNING [
   FOLLOWER s3@group-FEE41E240123:t0, leader=null, voted=null, raftlog=s3@group-FEE41E240123-SegmentedRaftLog:OPENED:c-1,f-1,i0, conf=-1: [], old=null STARTING
  CANDIDATE s3@group-A7C5DBE940E2:t5, leader=null, voted=s3, raftlog=s3@group-A7C5DBE940E2-SegmentedRaftLog:OPENED:c-1,f-1,i0, conf=-1: [s3:0.0.0.0:38312, s4:0.0.0.0:41737, s0:0.0.0.0:41019, s1:0.0.0.0:38816, s2:0.0.0.0:40694], old=null RUNNING] size=2
  s4:  RUNNING [
   FOLLOWER s4@group-FEE41E240123:t0, leader=null, voted=null, raftlog=s4@group-FEE41E240123-SegmentedRaftLog:OPENED:c-1,f-1,i0, conf=-1: [], old=null STARTING
  CANDIDATE s4@group-A7C5DBE940E2:t4, leader=null, voted=s4, raftlog=s4@group-A7C5DBE940E2-SegmentedRaftLog:OPENED:c-1,f-1,i0, conf=-1: [s3:0.0.0.0:38312, s4:0.0.0.0:41737, s0:0.0.0.0:41019, s1:0.0.0.0:38816, s2:0.0.0.0:40694], old=null RUNNING] size=2
  s0:  RUNNING [
   FOLLOWER s0@group-FEE41E240123:t0, leader=null, voted=null, raftlog=s0@group-FEE41E240123-SegmentedRaftLog:OPENED:c-1,f-1,i0, conf=-1: [], old=null STARTING
  CANDIDATE s0@group-A7C5DBE940E2:t4, leader=null, voted=s0, raftlog=s0@group-A7C5DBE940E2-SegmentedRaftLog:OPENED:c-1,f-1,i0, conf=-1: [s3:0.0.0.0:38312, s4:0.0.0.0:41737, s0:0.0.0.0:41019, s1:0.0.0.0:38816, s2:0.0.0.0:40694], old=null RUNNING] size=2
  s1:  RUNNING [
   FOLLOWER s1@group-FEE41E240123:t0, leader=null, voted=null, raftlog=s1@group-FEE41E240123-SegmentedRaftLog:OPENED:c-1,f-1,i0, conf=-1: [], old=null STARTING
  CANDIDATE s1@group-A7C5DBE940E2:t4, leader=null, voted=s1, raftlog=s1@group-A7C5DBE940E2-SegmentedRaftLog:OPENED:c-1,f-1,i0, conf=-1: [s3:0.0.0.0:38312, s4:0.0.0.0:41737, s0:0.0.0.0:41019, s1:0.0.0.0:38816, s2:0.0.0.0:40694], old=null RUNNING] size=2
  s2:  RUNNING [
   FOLLOWER s2@group-FEE41E240123:t0, leader=null, voted=null, raftlog=s2@group-FEE41E240123-SegmentedRaftLog:OPENED:c-1,f-1,i0, conf=-1: [], old=null STARTING
  CANDIDATE s2@group-A7C5DBE940E2:t4, leader=null, voted=s2, raftlog=s2@group-A7C5DBE940E2-SegmentedRaftLog:OPENED:c-1,f-1,i0, conf=-1: [s3:0.0.0.0:38312, s4:0.0.0.0:41737, s0:0.0.0.0:41019, s1:0.0.0.0:38816, s2:0.0.0.0:40694], old=null RUNNING] size=2, sleep 450ms and then retry.
java.lang.IllegalStateException: No leader yet  for group-A7C5DBE940E2: printing group-A7C5DBE940E2
  s3:  RUNNING [
   FOLLOWER s3@group-FEE41E240123:t0, leader=null, voted=null, raftlog=s3@group-FEE41E240123-SegmentedRaftLog:OPENED:c-1,f-1,i0, conf=-1: [], old=null STARTING
  CANDIDATE s3@group-A7C5DBE940E2:t5, leader=null, voted=s3, raftlog=s3@group-A7C5DBE940E2-SegmentedRaftLog:OPENED:c-1,f-1,i0, conf=-1: [s3:0.0.0.0:38312, s4:0.0.0.0:41737, s0:0.0.0.0:41019, s1:0.0.0.0:38816, s2:0.0.0.0:40694], old=null RUNNING] size=2
  s4:  RUNNING [
   FOLLOWER s4@group-FEE41E240123:t0, leader=null, voted=null, raftlog=s4@group-FEE41E240123-SegmentedRaftLog:OPENED:c-1,f-1,i0, conf=-1: [], old=null STARTING
  CANDIDATE s4@group-A7C5DBE940E2:t4, leader=null, voted=s4, raftlog=s4@group-A7C5DBE940E2-SegmentedRaftLog:OPENED:c-1,f-1,i0, conf=-1: [s3:0.0.0.0:38312, s4:0.0.0.0:41737, s0:0.0.0.0:41019, s1:0.0.0.0:38816, s2:0.0.0.0:40694], old=null RUNNING] size=2
  s0:  RUNNING [
   FOLLOWER s0@group-FEE41E240123:t0, leader=null, voted=null, raftlog=s0@group-FEE41E240123-SegmentedRaftLog:OPENED:c-1,f-1,i0, conf=-1: [], old=null STARTING
  CANDIDATE s0@group-A7C5DBE940E2:t4, leader=null, voted=s0, raftlog=s0@group-A7C5DBE940E2-SegmentedRaftLog:OPENED:c-1,f-1,i0, conf=-1: [s3:0.0.0.0:38312, s4:0.0.0.0:41737, s0:0.0.0.0:41019, s1:0.0.0.0:38816, s2:0.0.0.0:40694], old=null RUNNING] size=2
  s1:  RUNNING [
   FOLLOWER s1@group-FEE41E240123:t0, leader=null, voted=null, raftlog=s1@group-FEE41E240123-SegmentedRaftLog:OPENED:c-1,f-1,i0, conf=-1: [], old=null STARTING
  CANDIDATE s1@group-A7C5DBE940E2:t4, leader=null, voted=s1, raftlog=s1@group-A7C5DBE940E2-SegmentedRaftLog:OPENED:c-1,f-1,i0, conf=-1: [s3:0.0.0.0:38312, s4:0.0.0.0:41737, s0:0.0.0.0:41019, s1:0.0.0.0:38816, s2:0.0.0.0:40694], old=null RUNNING] size=2
  s2:  RUNNING [
   FOLLOWER s2@group-FEE41E240123:t0, leader=null, voted=null, raftlog=s2@group-FEE41E240123-SegmentedRaftLog:OPENED:c-1,f-1,i0, conf=-1: [], old=null STARTING
  CANDIDATE s2@group-A7C5DBE940E2:t4, leader=null, voted=s2, raftlog=s2@group-A7C5DBE940E2-SegmentedRaftLog:OPENED:c-1,f-1,i0, conf=-1: [s3:0.0.0.0:38312, s4:0.0.0.0:41737, s0:0.0.0.0:41019, s1:0.0.0.0:38816, s2:0.0.0.0:40694], old=null RUNNING] size=2
	at org.apache.ratis.MiniRaftCluster.newIllegalStateExceptionForNoLeaders(MiniRaftCluster.java:506)
	at org.apache.ratis.RaftTestUtil.lambda$waitForLeader$1(RaftTestUtil.java:90)
	at org.apache.ratis.MiniRaftCluster.getLeader(MiniRaftCluster.java:539)
	at org.apache.ratis.MiniRaftCluster.getLeader(MiniRaftCluster.java:532)
	at org.apache.ratis.RaftTestUtil.lambda$waitForLeader$3(RaftTestUtil.java:98)
	at org.apache.ratis.util.JavaUtils.attempt(JavaUtils.java:152)
	at org.apache.ratis.RaftTestUtil.waitForLeader(RaftTestUtil.java:97)
	at org.apache.ratis.RaftTestUtil.waitForLeader(RaftTestUtil.java:77)
	at org.apache.ratis.server.impl.GroupManagementBaseTest.runMultiGroupTest(GroupManagementBaseTest.java:175)
	at org.apache.ratis.server.impl.GroupManagementBaseTest.runMultiGroupTest(GroupManagementBaseTest.java:126)
	at org.apache.ratis.server.impl.GroupManagementBaseTest.testMultiGroup9Nodes(GroupManagementBaseTest.java:121)
	at sun.reflect.NativeMethodAccessorImpl.invoke0(Native Method)
	at sun.reflect.NativeMethodAccessorImpl.invoke(NativeMethodAccessorImpl.java:62)
	at sun.reflect.DelegatingMethodAccessorImpl.invoke(DelegatingMethodAccessorImpl.java:43)
	at java.lang.reflect.Method.invoke(Method.java:498)
	at org.junit.runners.model.FrameworkMethod$1.runReflectiveCall(FrameworkMethod.java:50)
	at org.junit.internal.runners.model.ReflectiveCallable.run(ReflectiveCallable.java:12)
	at org.junit.runners.model.FrameworkMethod.invokeExplosively(FrameworkMethod.java:47)
	at org.junit.internal.runners.statements.InvokeMethod.evaluate(InvokeMethod.java:17)
	at org.junit.internal.runners.statements.RunAfters.evaluate(RunAfters.java:27)
	at org.junit.internal.runners.statements.FailOnTimeout$CallableStatement.call(FailOnTimeout.java:298)
	at org.junit.internal.runners.statements.FailOnTimeout$CallableStatement.call(FailOnTimeout.java:292)
	at java.util.concurrent.FutureTask.run(FutureTask.java:266)
	at java.lang.Thread.run(Thread.java:748)
2019-09-24 16:48:01,702 INFO  impl.LeaderElection (LeaderElection.java:logAndReturn(56)) - s1@group-A7C5DBE940E2-LeaderElection16: Election TIMEOUT; received 1 response(s) [s1<-s0#0:FAIL-t4] and 0 exception(s); s1@group-A7C5DBE940E2:t4, leader=null, voted=s1, raftlog=s1@group-A7C5DBE940E2-SegmentedRaftLog:OPENED:c-1,f-1,i0, conf=-1: [s3:0.0.0.0:38312, s4:0.0.0.0:41737, s0:0.0.0.0:41019, s1:0.0.0.0:38816, s2:0.0.0.0:40694], old=null
2019-09-24 16:48:01,724 INFO  impl.LeaderElection (LeaderElection.java:logAndReturn(56)) - s0@group-A7C5DBE940E2-LeaderElection17: Election TIMEOUT; received 1 response(s) [s0<-s1#0:FAIL-t4] and 0 exception(s); s0@group-A7C5DBE940E2:t4, leader=null, voted=s0, raftlog=s0@group-A7C5DBE940E2-SegmentedRaftLog:OPENED:c-1,f-1,i0, conf=-1: [s3:0.0.0.0:38312, s4:0.0.0.0:41737, s0:0.0.0.0:41019, s1:0.0.0.0:38816, s2:0.0.0.0:40694], old=null
2019-09-24 16:48:02,027 WARN  ratis.RaftTestUtil (JavaUtils.java:attempt(158)) - FAILED "waitForLeader-group-A7C5DBE940E2-(expectLeader? true)", attempt #38/100: java.lang.IllegalStateException: No leader yet  for group-A7C5DBE940E2: printing group-A7C5DBE940E2
  s3:  RUNNING [
   FOLLOWER s3@group-FEE41E240123:t0, leader=null, voted=null, raftlog=s3@group-FEE41E240123-SegmentedRaftLog:OPENED:c-1,f-1,i0, conf=-1: [], old=null STARTING
  CANDIDATE s3@group-A7C5DBE940E2:t5, leader=null, voted=s3, raftlog=s3@group-A7C5DBE940E2-SegmentedRaftLog:OPENED:c-1,f-1,i0, conf=-1: [s3:0.0.0.0:38312, s4:0.0.0.0:41737, s0:0.0.0.0:41019, s1:0.0.0.0:38816, s2:0.0.0.0:40694], old=null RUNNING] size=2
  s4:  RUNNING [
   FOLLOWER s4@group-FEE41E240123:t0, leader=null, voted=null, raftlog=s4@group-FEE41E240123-SegmentedRaftLog:OPENED:c-1,f-1,i0, conf=-1: [], old=null STARTING
  CANDIDATE s4@group-A7C5DBE940E2:t4, leader=null, voted=s4, raftlog=s4@group-A7C5DBE940E2-SegmentedRaftLog:OPENED:c-1,f-1,i0, conf=-1: [s3:0.0.0.0:38312, s4:0.0.0.0:41737, s0:0.0.0.0:41019, s1:0.0.0.0:38816, s2:0.0.0.0:40694], old=null RUNNING] size=2
  s0:  RUNNING [
   FOLLOWER s0@group-FEE41E240123:t0, leader=null, voted=null, raftlog=s0@group-FEE41E240123-SegmentedRaftLog:OPENED:c-1,f-1,i0, conf=-1: [], old=null STARTING
  CANDIDATE s0@group-A7C5DBE940E2:t5, leader=null, voted=s0, raftlog=s0@group-A7C5DBE940E2-SegmentedRaftLog:OPENED:c-1,f-1,i0, conf=-1: [s3:0.0.0.0:38312, s4:0.0.0.0:41737, s0:0.0.0.0:41019, s1:0.0.0.0:38816, s2:0.0.0.0:40694], old=null RUNNING] size=2
  s1:  RUNNING [
   FOLLOWER s1@group-FEE41E240123:t0, leader=null, voted=null, raftlog=s1@group-FEE41E240123-SegmentedRaftLog:OPENED:c-1,f-1,i0, conf=-1: [], old=null STARTING
  CANDIDATE s1@group-A7C5DBE940E2:t5, leader=null, voted=s1, raftlog=s1@group-A7C5DBE940E2-SegmentedRaftLog:OPENED:c-1,f-1,i0, conf=-1: [s3:0.0.0.0:38312, s4:0.0.0.0:41737, s0:0.0.0.0:41019, s1:0.0.0.0:38816, s2:0.0.0.0:40694], old=null RUNNING] size=2
  s2:  RUNNING [
   FOLLOWER s2@group-FEE41E240123:t0, leader=null, voted=null, raftlog=s2@group-FEE41E240123-SegmentedRaftLog:OPENED:c-1,f-1,i0, conf=-1: [], old=null STARTING
  CANDIDATE s2@group-A7C5DBE940E2:t4, leader=null, voted=s2, raftlog=s2@group-A7C5DBE940E2-SegmentedRaftLog:OPENED:c-1,f-1,i0, conf=-1: [s3:0.0.0.0:38312, s4:0.0.0.0:41737, s0:0.0.0.0:41019, s1:0.0.0.0:38816, s2:0.0.0.0:40694], old=null RUNNING] size=2, sleep 450ms and then retry.
java.lang.IllegalStateException: No leader yet  for group-A7C5DBE940E2: printing group-A7C5DBE940E2
  s3:  RUNNING [
   FOLLOWER s3@group-FEE41E240123:t0, leader=null, voted=null, raftlog=s3@group-FEE41E240123-SegmentedRaftLog:OPENED:c-1,f-1,i0, conf=-1: [], old=null STARTING
  CANDIDATE s3@group-A7C5DBE940E2:t5, leader=null, voted=s3, raftlog=s3@group-A7C5DBE940E2-SegmentedRaftLog:OPENED:c-1,f-1,i0, conf=-1: [s3:0.0.0.0:38312, s4:0.0.0.0:41737, s0:0.0.0.0:41019, s1:0.0.0.0:38816, s2:0.0.0.0:40694], old=null RUNNING] size=2
  s4:  RUNNING [
   FOLLOWER s4@group-FEE41E240123:t0, leader=null, voted=null, raftlog=s4@group-FEE41E240123-SegmentedRaftLog:OPENED:c-1,f-1,i0, conf=-1: [], old=null STARTING
  CANDIDATE s4@group-A7C5DBE940E2:t4, leader=null, voted=s4, raftlog=s4@group-A7C5DBE940E2-SegmentedRaftLog:OPENED:c-1,f-1,i0, conf=-1: [s3:0.0.0.0:38312, s4:0.0.0.0:41737, s0:0.0.0.0:41019, s1:0.0.0.0:38816, s2:0.0.0.0:40694], old=null RUNNING] size=2
  s0:  RUNNING [
   FOLLOWER s0@group-FEE41E240123:t0, leader=null, voted=null, raftlog=s0@group-FEE41E240123-SegmentedRaftLog:OPENED:c-1,f-1,i0, conf=-1: [], old=null STARTING
  CANDIDATE s0@group-A7C5DBE940E2:t5, leader=null, voted=s0, raftlog=s0@group-A7C5DBE940E2-SegmentedRaftLog:OPENED:c-1,f-1,i0, conf=-1: [s3:0.0.0.0:38312, s4:0.0.0.0:41737, s0:0.0.0.0:41019, s1:0.0.0.0:38816, s2:0.0.0.0:40694], old=null RUNNING] size=2
  s1:  RUNNING [
   FOLLOWER s1@group-FEE41E240123:t0, leader=null, voted=null, raftlog=s1@group-FEE41E240123-SegmentedRaftLog:OPENED:c-1,f-1,i0, conf=-1: [], old=null STARTING
  CANDIDATE s1@group-A7C5DBE940E2:t5, leader=null, voted=s1, raftlog=s1@group-A7C5DBE940E2-SegmentedRaftLog:OPENED:c-1,f-1,i0, conf=-1: [s3:0.0.0.0:38312, s4:0.0.0.0:41737, s0:0.0.0.0:41019, s1:0.0.0.0:38816, s2:0.0.0.0:40694], old=null RUNNING] size=2
  s2:  RUNNING [
   FOLLOWER s2@group-FEE41E240123:t0, leader=null, voted=null, raftlog=s2@group-FEE41E240123-SegmentedRaftLog:OPENED:c-1,f-1,i0, conf=-1: [], old=null STARTING
  CANDIDATE s2@group-A7C5DBE940E2:t4, leader=null, voted=s2, raftlog=s2@group-A7C5DBE940E2-SegmentedRaftLog:OPENED:c-1,f-1,i0, conf=-1: [s3:0.0.0.0:38312, s4:0.0.0.0:41737, s0:0.0.0.0:41019, s1:0.0.0.0:38816, s2:0.0.0.0:40694], old=null RUNNING] size=2
	at org.apache.ratis.MiniRaftCluster.newIllegalStateExceptionForNoLeaders(MiniRaftCluster.java:506)
	at org.apache.ratis.RaftTestUtil.lambda$waitForLeader$1(RaftTestUtil.java:90)
	at org.apache.ratis.MiniRaftCluster.getLeader(MiniRaftCluster.java:539)
	at org.apache.ratis.MiniRaftCluster.getLeader(MiniRaftCluster.java:532)
	at org.apache.ratis.RaftTestUtil.lambda$waitForLeader$3(RaftTestUtil.java:98)
	at org.apache.ratis.util.JavaUtils.attempt(JavaUtils.java:152)
	at org.apache.ratis.RaftTestUtil.waitForLeader(RaftTestUtil.java:97)
	at org.apache.ratis.RaftTestUtil.waitForLeader(RaftTestUtil.java:77)
	at org.apache.ratis.server.impl.GroupManagementBaseTest.runMultiGroupTest(GroupManagementBaseTest.java:175)
	at org.apache.ratis.server.impl.GroupManagementBaseTest.runMultiGroupTest(GroupManagementBaseTest.java:126)
	at org.apache.ratis.server.impl.GroupManagementBaseTest.testMultiGroup9Nodes(GroupManagementBaseTest.java:121)
	at sun.reflect.NativeMethodAccessorImpl.invoke0(Native Method)
	at sun.reflect.NativeMethodAccessorImpl.invoke(NativeMethodAccessorImpl.java:62)
	at sun.reflect.DelegatingMethodAccessorImpl.invoke(DelegatingMethodAccessorImpl.java:43)
	at java.lang.reflect.Method.invoke(Method.java:498)
	at org.junit.runners.model.FrameworkMethod$1.runReflectiveCall(FrameworkMethod.java:50)
	at org.junit.internal.runners.model.ReflectiveCallable.run(ReflectiveCallable.java:12)
	at org.junit.runners.model.FrameworkMethod.invokeExplosively(FrameworkMethod.java:47)
	at org.junit.internal.runners.statements.InvokeMethod.evaluate(InvokeMethod.java:17)
	at org.junit.internal.runners.statements.RunAfters.evaluate(RunAfters.java:27)
	at org.junit.internal.runners.statements.FailOnTimeout$CallableStatement.call(FailOnTimeout.java:298)
	at org.junit.internal.runners.statements.FailOnTimeout$CallableStatement.call(FailOnTimeout.java:292)
	at java.util.concurrent.FutureTask.run(FutureTask.java:266)
	at java.lang.Thread.run(Thread.java:748)
2019-09-24 16:48:02,480 WARN  ratis.RaftTestUtil (JavaUtils.java:attempt(158)) - FAILED "waitForLeader-group-A7C5DBE940E2-(expectLeader? true)", attempt #39/100: java.lang.IllegalStateException: No leader yet  for group-A7C5DBE940E2: printing group-A7C5DBE940E2
  s3:  RUNNING [
   FOLLOWER s3@group-FEE41E240123:t0, leader=null, voted=null, raftlog=s3@group-FEE41E240123-SegmentedRaftLog:OPENED:c-1,f-1,i0, conf=-1: [], old=null STARTING
  CANDIDATE s3@group-A7C5DBE940E2:t5, leader=null, voted=s3, raftlog=s3@group-A7C5DBE940E2-SegmentedRaftLog:OPENED:c-1,f-1,i0, conf=-1: [s3:0.0.0.0:38312, s4:0.0.0.0:41737, s0:0.0.0.0:41019, s1:0.0.0.0:38816, s2:0.0.0.0:40694], old=null RUNNING] size=2
  s4:  RUNNING [
   FOLLOWER s4@group-FEE41E240123:t0, leader=null, voted=null, raftlog=s4@group-FEE41E240123-SegmentedRaftLog:OPENED:c-1,f-1,i0, conf=-1: [], old=null STARTING
  CANDIDATE s4@group-A7C5DBE940E2:t4, leader=null, voted=s4, raftlog=s4@group-A7C5DBE940E2-SegmentedRaftLog:OPENED:c-1,f-1,i0, conf=-1: [s3:0.0.0.0:38312, s4:0.0.0.0:41737, s0:0.0.0.0:41019, s1:0.0.0.0:38816, s2:0.0.0.0:40694], old=null RUNNING] size=2
  s0:  RUNNING [
   FOLLOWER s0@group-FEE41E240123:t0, leader=null, voted=null, raftlog=s0@group-FEE41E240123-SegmentedRaftLog:OPENED:c-1,f-1,i0, conf=-1: [], old=null STARTING
  CANDIDATE s0@group-A7C5DBE940E2:t5, leader=null, voted=s0, raftlog=s0@group-A7C5DBE940E2-SegmentedRaftLog:OPENED:c-1,f-1,i0, conf=-1: [s3:0.0.0.0:38312, s4:0.0.0.0:41737, s0:0.0.0.0:41019, s1:0.0.0.0:38816, s2:0.0.0.0:40694], old=null RUNNING] size=2
  s1:  RUNNING [
   FOLLOWER s1@group-FEE41E240123:t0, leader=null, voted=null, raftlog=s1@group-FEE41E240123-SegmentedRaftLog:OPENED:c-1,f-1,i0, conf=-1: [], old=null STARTING
  CANDIDATE s1@group-A7C5DBE940E2:t5, leader=null, voted=s1, raftlog=s1@group-A7C5DBE940E2-SegmentedRaftLog:OPENED:c-1,f-1,i0, conf=-1: [s3:0.0.0.0:38312, s4:0.0.0.0:41737, s0:0.0.0.0:41019, s1:0.0.0.0:38816, s2:0.0.0.0:40694], old=null RUNNING] size=2
  s2:  RUNNING [
   FOLLOWER s2@group-FEE41E240123:t0, leader=null, voted=null, raftlog=s2@group-FEE41E240123-SegmentedRaftLog:OPENED:c-1,f-1,i0, conf=-1: [], old=null STARTING
  CANDIDATE s2@group-A7C5DBE940E2:t4, leader=null, voted=s2, raftlog=s2@group-A7C5DBE940E2-SegmentedRaftLog:OPENED:c-1,f-1,i0, conf=-1: [s3:0.0.0.0:38312, s4:0.0.0.0:41737, s0:0.0.0.0:41019, s1:0.0.0.0:38816, s2:0.0.0.0:40694], old=null RUNNING] size=2, sleep 450ms and then retry.
java.lang.IllegalStateException: No leader yet  for group-A7C5DBE940E2: printing group-A7C5DBE940E2
  s3:  RUNNING [
   FOLLOWER s3@group-FEE41E240123:t0, leader=null, voted=null, raftlog=s3@group-FEE41E240123-SegmentedRaftLog:OPENED:c-1,f-1,i0, conf=-1: [], old=null STARTING
  CANDIDATE s3@group-A7C5DBE940E2:t5, leader=null, voted=s3, raftlog=s3@group-A7C5DBE940E2-SegmentedRaftLog:OPENED:c-1,f-1,i0, conf=-1: [s3:0.0.0.0:38312, s4:0.0.0.0:41737, s0:0.0.0.0:41019, s1:0.0.0.0:38816, s2:0.0.0.0:40694], old=null RUNNING] size=2
  s4:  RUNNING [
   FOLLOWER s4@group-FEE41E240123:t0, leader=null, voted=null, raftlog=s4@group-FEE41E240123-SegmentedRaftLog:OPENED:c-1,f-1,i0, conf=-1: [], old=null STARTING
  CANDIDATE s4@group-A7C5DBE940E2:t4, leader=null, voted=s4, raftlog=s4@group-A7C5DBE940E2-SegmentedRaftLog:OPENED:c-1,f-1,i0, conf=-1: [s3:0.0.0.0:38312, s4:0.0.0.0:41737, s0:0.0.0.0:41019, s1:0.0.0.0:38816, s2:0.0.0.0:40694], old=null RUNNING] size=2
  s0:  RUNNING [
   FOLLOWER s0@group-FEE41E240123:t0, leader=null, voted=null, raftlog=s0@group-FEE41E240123-SegmentedRaftLog:OPENED:c-1,f-1,i0, conf=-1: [], old=null STARTING
  CANDIDATE s0@group-A7C5DBE940E2:t5, leader=null, voted=s0, raftlog=s0@group-A7C5DBE940E2-SegmentedRaftLog:OPENED:c-1,f-1,i0, conf=-1: [s3:0.0.0.0:38312, s4:0.0.0.0:41737, s0:0.0.0.0:41019, s1:0.0.0.0:38816, s2:0.0.0.0:40694], old=null RUNNING] size=2
  s1:  RUNNING [
   FOLLOWER s1@group-FEE41E240123:t0, leader=null, voted=null, raftlog=s1@group-FEE41E240123-SegmentedRaftLog:OPENED:c-1,f-1,i0, conf=-1: [], old=null STARTING
  CANDIDATE s1@group-A7C5DBE940E2:t5, leader=null, voted=s1, raftlog=s1@group-A7C5DBE940E2-SegmentedRaftLog:OPENED:c-1,f-1,i0, conf=-1: [s3:0.0.0.0:38312, s4:0.0.0.0:41737, s0:0.0.0.0:41019, s1:0.0.0.0:38816, s2:0.0.0.0:40694], old=null RUNNING] size=2
  s2:  RUNNING [
   FOLLOWER s2@group-FEE41E240123:t0, leader=null, voted=null, raftlog=s2@group-FEE41E240123-SegmentedRaftLog:OPENED:c-1,f-1,i0, conf=-1: [], old=null STARTING
  CANDIDATE s2@group-A7C5DBE940E2:t4, leader=null, voted=s2, raftlog=s2@group-A7C5DBE940E2-SegmentedRaftLog:OPENED:c-1,f-1,i0, conf=-1: [s3:0.0.0.0:38312, s4:0.0.0.0:41737, s0:0.0.0.0:41019, s1:0.0.0.0:38816, s2:0.0.0.0:40694], old=null RUNNING] size=2
	at org.apache.ratis.MiniRaftCluster.newIllegalStateExceptionForNoLeaders(MiniRaftCluster.java:506)
	at org.apache.ratis.RaftTestUtil.lambda$waitForLeader$1(RaftTestUtil.java:90)
	at org.apache.ratis.MiniRaftCluster.getLeader(MiniRaftCluster.java:539)
	at org.apache.ratis.MiniRaftCluster.getLeader(MiniRaftCluster.java:532)
	at org.apache.ratis.RaftTestUtil.lambda$waitForLeader$3(RaftTestUtil.java:98)
	at org.apache.ratis.util.JavaUtils.attempt(JavaUtils.java:152)
	at org.apache.ratis.RaftTestUtil.waitForLeader(RaftTestUtil.java:97)
	at org.apache.ratis.RaftTestUtil.waitForLeader(RaftTestUtil.java:77)
	at org.apache.ratis.server.impl.GroupManagementBaseTest.runMultiGroupTest(GroupManagementBaseTest.java:175)
	at org.apache.ratis.server.impl.GroupManagementBaseTest.runMultiGroupTest(GroupManagementBaseTest.java:126)
	at org.apache.ratis.server.impl.GroupManagementBaseTest.testMultiGroup9Nodes(GroupManagementBaseTest.java:121)
	at sun.reflect.NativeMethodAccessorImpl.invoke0(Native Method)
	at sun.reflect.NativeMethodAccessorImpl.invoke(NativeMethodAccessorImpl.java:62)
	at sun.reflect.DelegatingMethodAccessorImpl.invoke(DelegatingMethodAccessorImpl.java:43)
	at java.lang.reflect.Method.invoke(Method.java:498)
	at org.junit.runners.model.FrameworkMethod$1.runReflectiveCall(FrameworkMethod.java:50)
	at org.junit.internal.runners.model.ReflectiveCallable.run(ReflectiveCallable.java:12)
	at org.junit.runners.model.FrameworkMethod.invokeExplosively(FrameworkMethod.java:47)
	at org.junit.internal.runners.statements.InvokeMethod.evaluate(InvokeMethod.java:17)
	at org.junit.internal.runners.statements.RunAfters.evaluate(RunAfters.java:27)
	at org.junit.internal.runners.statements.FailOnTimeout$CallableStatement.call(FailOnTimeout.java:298)
	at org.junit.internal.runners.statements.FailOnTimeout$CallableStatement.call(FailOnTimeout.java:292)
	at java.util.concurrent.FutureTask.run(FutureTask.java:266)
	at java.lang.Thread.run(Thread.java:748)
2019-09-24 16:48:02,932 WARN  ratis.RaftTestUtil (JavaUtils.java:attempt(158)) - FAILED "waitForLeader-group-A7C5DBE940E2-(expectLeader? true)", attempt #40/100: java.lang.IllegalStateException: No leader yet  for group-A7C5DBE940E2: printing group-A7C5DBE940E2
  s3:  RUNNING [
   FOLLOWER s3@group-FEE41E240123:t0, leader=null, voted=null, raftlog=s3@group-FEE41E240123-SegmentedRaftLog:OPENED:c-1,f-1,i0, conf=-1: [], old=null STARTING
  CANDIDATE s3@group-A7C5DBE940E2:t5, leader=null, voted=s3, raftlog=s3@group-A7C5DBE940E2-SegmentedRaftLog:OPENED:c-1,f-1,i0, conf=-1: [s3:0.0.0.0:38312, s4:0.0.0.0:41737, s0:0.0.0.0:41019, s1:0.0.0.0:38816, s2:0.0.0.0:40694], old=null RUNNING] size=2
  s4:  RUNNING [
   FOLLOWER s4@group-FEE41E240123:t0, leader=null, voted=null, raftlog=s4@group-FEE41E240123-SegmentedRaftLog:OPENED:c-1,f-1,i0, conf=-1: [], old=null STARTING
  CANDIDATE s4@group-A7C5DBE940E2:t4, leader=null, voted=s4, raftlog=s4@group-A7C5DBE940E2-SegmentedRaftLog:OPENED:c-1,f-1,i0, conf=-1: [s3:0.0.0.0:38312, s4:0.0.0.0:41737, s0:0.0.0.0:41019, s1:0.0.0.0:38816, s2:0.0.0.0:40694], old=null RUNNING] size=2
  s0:  RUNNING [
   FOLLOWER s0@group-FEE41E240123:t0, leader=null, voted=null, raftlog=s0@group-FEE41E240123-SegmentedRaftLog:OPENED:c-1,f-1,i0, conf=-1: [], old=null STARTING
  CANDIDATE s0@group-A7C5DBE940E2:t5, leader=null, voted=s0, raftlog=s0@group-A7C5DBE940E2-SegmentedRaftLog:OPENED:c-1,f-1,i0, conf=-1: [s3:0.0.0.0:38312, s4:0.0.0.0:41737, s0:0.0.0.0:41019, s1:0.0.0.0:38816, s2:0.0.0.0:40694], old=null RUNNING] size=2
  s1:  RUNNING [
   FOLLOWER s1@group-FEE41E240123:t0, leader=null, voted=null, raftlog=s1@group-FEE41E240123-SegmentedRaftLog:OPENED:c-1,f-1,i0, conf=-1: [], old=null STARTING
  CANDIDATE s1@group-A7C5DBE940E2:t5, leader=null, voted=s1, raftlog=s1@group-A7C5DBE940E2-SegmentedRaftLog:OPENED:c-1,f-1,i0, conf=-1: [s3:0.0.0.0:38312, s4:0.0.0.0:41737, s0:0.0.0.0:41019, s1:0.0.0.0:38816, s2:0.0.0.0:40694], old=null RUNNING] size=2
  s2:  RUNNING [
   FOLLOWER s2@group-FEE41E240123:t0, leader=null, voted=null, raftlog=s2@group-FEE41E240123-SegmentedRaftLog:OPENED:c-1,f-1,i0, conf=-1: [], old=null STARTING
  CANDIDATE s2@group-A7C5DBE940E2:t4, leader=null, voted=s2, raftlog=s2@group-A7C5DBE940E2-SegmentedRaftLog:OPENED:c-1,f-1,i0, conf=-1: [s3:0.0.0.0:38312, s4:0.0.0.0:41737, s0:0.0.0.0:41019, s1:0.0.0.0:38816, s2:0.0.0.0:40694], old=null RUNNING] size=2, sleep 450ms and then retry.
java.lang.IllegalStateException: No leader yet  for group-A7C5DBE940E2: printing group-A7C5DBE940E2
  s3:  RUNNING [
   FOLLOWER s3@group-FEE41E240123:t0, leader=null, voted=null, raftlog=s3@group-FEE41E240123-SegmentedRaftLog:OPENED:c-1,f-1,i0, conf=-1: [], old=null STARTING
  CANDIDATE s3@group-A7C5DBE940E2:t5, leader=null, voted=s3, raftlog=s3@group-A7C5DBE940E2-SegmentedRaftLog:OPENED:c-1,f-1,i0, conf=-1: [s3:0.0.0.0:38312, s4:0.0.0.0:41737, s0:0.0.0.0:41019, s1:0.0.0.0:38816, s2:0.0.0.0:40694], old=null RUNNING] size=2
  s4:  RUNNING [
   FOLLOWER s4@group-FEE41E240123:t0, leader=null, voted=null, raftlog=s4@group-FEE41E240123-SegmentedRaftLog:OPENED:c-1,f-1,i0, conf=-1: [], old=null STARTING
  CANDIDATE s4@group-A7C5DBE940E2:t4, leader=null, voted=s4, raftlog=s4@group-A7C5DBE940E2-SegmentedRaftLog:OPENED:c-1,f-1,i0, conf=-1: [s3:0.0.0.0:38312, s4:0.0.0.0:41737, s0:0.0.0.0:41019, s1:0.0.0.0:38816, s2:0.0.0.0:40694], old=null RUNNING] size=2
  s0:  RUNNING [
   FOLLOWER s0@group-FEE41E240123:t0, leader=null, voted=null, raftlog=s0@group-FEE41E240123-SegmentedRaftLog:OPENED:c-1,f-1,i0, conf=-1: [], old=null STARTING
  CANDIDATE s0@group-A7C5DBE940E2:t5, leader=null, voted=s0, raftlog=s0@group-A7C5DBE940E2-SegmentedRaftLog:OPENED:c-1,f-1,i0, conf=-1: [s3:0.0.0.0:38312, s4:0.0.0.0:41737, s0:0.0.0.0:41019, s1:0.0.0.0:38816, s2:0.0.0.0:40694], old=null RUNNING] size=2
  s1:  RUNNING [
   FOLLOWER s1@group-FEE41E240123:t0, leader=null, voted=null, raftlog=s1@group-FEE41E240123-SegmentedRaftLog:OPENED:c-1,f-1,i0, conf=-1: [], old=null STARTING
  CANDIDATE s1@group-A7C5DBE940E2:t5, leader=null, voted=s1, raftlog=s1@group-A7C5DBE940E2-SegmentedRaftLog:OPENED:c-1,f-1,i0, conf=-1: [s3:0.0.0.0:38312, s4:0.0.0.0:41737, s0:0.0.0.0:41019, s1:0.0.0.0:38816, s2:0.0.0.0:40694], old=null RUNNING] size=2
  s2:  RUNNING [
   FOLLOWER s2@group-FEE41E240123:t0, leader=null, voted=null, raftlog=s2@group-FEE41E240123-SegmentedRaftLog:OPENED:c-1,f-1,i0, conf=-1: [], old=null STARTING
  CANDIDATE s2@group-A7C5DBE940E2:t4, leader=null, voted=s2, raftlog=s2@group-A7C5DBE940E2-SegmentedRaftLog:OPENED:c-1,f-1,i0, conf=-1: [s3:0.0.0.0:38312, s4:0.0.0.0:41737, s0:0.0.0.0:41019, s1:0.0.0.0:38816, s2:0.0.0.0:40694], old=null RUNNING] size=2
	at org.apache.ratis.MiniRaftCluster.newIllegalStateExceptionForNoLeaders(MiniRaftCluster.java:506)
	at org.apache.ratis.RaftTestUtil.lambda$waitForLeader$1(RaftTestUtil.java:90)
	at org.apache.ratis.MiniRaftCluster.getLeader(MiniRaftCluster.java:539)
	at org.apache.ratis.MiniRaftCluster.getLeader(MiniRaftCluster.java:532)
	at org.apache.ratis.RaftTestUtil.lambda$waitForLeader$3(RaftTestUtil.java:98)
	at org.apache.ratis.util.JavaUtils.attempt(JavaUtils.java:152)
	at org.apache.ratis.RaftTestUtil.waitForLeader(RaftTestUtil.java:97)
	at org.apache.ratis.RaftTestUtil.waitForLeader(RaftTestUtil.java:77)
	at org.apache.ratis.server.impl.GroupManagementBaseTest.runMultiGroupTest(GroupManagementBaseTest.java:175)
	at org.apache.ratis.server.impl.GroupManagementBaseTest.runMultiGroupTest(GroupManagementBaseTest.java:126)
	at org.apache.ratis.server.impl.GroupManagementBaseTest.testMultiGroup9Nodes(GroupManagementBaseTest.java:121)
	at sun.reflect.NativeMethodAccessorImpl.invoke0(Native Method)
	at sun.reflect.NativeMethodAccessorImpl.invoke(NativeMethodAccessorImpl.java:62)
	at sun.reflect.DelegatingMethodAccessorImpl.invoke(DelegatingMethodAccessorImpl.java:43)
	at java.lang.reflect.Method.invoke(Method.java:498)
	at org.junit.runners.model.FrameworkMethod$1.runReflectiveCall(FrameworkMethod.java:50)
	at org.junit.internal.runners.model.ReflectiveCallable.run(ReflectiveCallable.java:12)
	at org.junit.runners.model.FrameworkMethod.invokeExplosively(FrameworkMethod.java:47)
	at org.junit.internal.runners.statements.InvokeMethod.evaluate(InvokeMethod.java:17)
	at org.junit.internal.runners.statements.RunAfters.evaluate(RunAfters.java:27)
	at org.junit.internal.runners.statements.FailOnTimeout$CallableStatement.call(FailOnTimeout.java:298)
	at org.junit.internal.runners.statements.FailOnTimeout$CallableStatement.call(FailOnTimeout.java:292)
	at java.util.concurrent.FutureTask.run(FutureTask.java:266)
	at java.lang.Thread.run(Thread.java:748)
2019-09-24 16:48:03,384 WARN  ratis.RaftTestUtil (JavaUtils.java:attempt(158)) - FAILED "waitForLeader-group-A7C5DBE940E2-(expectLeader? true)", attempt #41/100: java.lang.IllegalStateException: No leader yet  for group-A7C5DBE940E2: printing group-A7C5DBE940E2
  s3:  RUNNING [
   FOLLOWER s3@group-FEE41E240123:t0, leader=null, voted=null, raftlog=s3@group-FEE41E240123-SegmentedRaftLog:OPENED:c-1,f-1,i0, conf=-1: [], old=null STARTING
  CANDIDATE s3@group-A7C5DBE940E2:t5, leader=null, voted=s3, raftlog=s3@group-A7C5DBE940E2-SegmentedRaftLog:OPENED:c-1,f-1,i0, conf=-1: [s3:0.0.0.0:38312, s4:0.0.0.0:41737, s0:0.0.0.0:41019, s1:0.0.0.0:38816, s2:0.0.0.0:40694], old=null RUNNING] size=2
  s4:  RUNNING [
   FOLLOWER s4@group-FEE41E240123:t0, leader=null, voted=null, raftlog=s4@group-FEE41E240123-SegmentedRaftLog:OPENED:c-1,f-1,i0, conf=-1: [], old=null STARTING
  CANDIDATE s4@group-A7C5DBE940E2:t4, leader=null, voted=s4, raftlog=s4@group-A7C5DBE940E2-SegmentedRaftLog:OPENED:c-1,f-1,i0, conf=-1: [s3:0.0.0.0:38312, s4:0.0.0.0:41737, s0:0.0.0.0:41019, s1:0.0.0.0:38816, s2:0.0.0.0:40694], old=null RUNNING] size=2
  s0:  RUNNING [
   FOLLOWER s0@group-FEE41E240123:t0, leader=null, voted=null, raftlog=s0@group-FEE41E240123-SegmentedRaftLog:OPENED:c-1,f-1,i0, conf=-1: [], old=null STARTING
  CANDIDATE s0@group-A7C5DBE940E2:t5, leader=null, voted=s0, raftlog=s0@group-A7C5DBE940E2-SegmentedRaftLog:OPENED:c-1,f-1,i0, conf=-1: [s3:0.0.0.0:38312, s4:0.0.0.0:41737, s0:0.0.0.0:41019, s1:0.0.0.0:38816, s2:0.0.0.0:40694], old=null RUNNING] size=2
  s1:  RUNNING [
   FOLLOWER s1@group-FEE41E240123:t0, leader=null, voted=null, raftlog=s1@group-FEE41E240123-SegmentedRaftLog:OPENED:c-1,f-1,i0, conf=-1: [], old=null STARTING
  CANDIDATE s1@group-A7C5DBE940E2:t5, leader=null, voted=s1, raftlog=s1@group-A7C5DBE940E2-SegmentedRaftLog:OPENED:c-1,f-1,i0, conf=-1: [s3:0.0.0.0:38312, s4:0.0.0.0:41737, s0:0.0.0.0:41019, s1:0.0.0.0:38816, s2:0.0.0.0:40694], old=null RUNNING] size=2
  s2:  RUNNING [
   FOLLOWER s2@group-FEE41E240123:t0, leader=null, voted=null, raftlog=s2@group-FEE41E240123-SegmentedRaftLog:OPENED:c-1,f-1,i0, conf=-1: [], old=null STARTING
  CANDIDATE s2@group-A7C5DBE940E2:t4, leader=null, voted=s2, raftlog=s2@group-A7C5DBE940E2-SegmentedRaftLog:OPENED:c-1,f-1,i0, conf=-1: [s3:0.0.0.0:38312, s4:0.0.0.0:41737, s0:0.0.0.0:41019, s1:0.0.0.0:38816, s2:0.0.0.0:40694], old=null RUNNING] size=2, sleep 450ms and then retry.
java.lang.IllegalStateException: No leader yet  for group-A7C5DBE940E2: printing group-A7C5DBE940E2
  s3:  RUNNING [
   FOLLOWER s3@group-FEE41E240123:t0, leader=null, voted=null, raftlog=s3@group-FEE41E240123-SegmentedRaftLog:OPENED:c-1,f-1,i0, conf=-1: [], old=null STARTING
  CANDIDATE s3@group-A7C5DBE940E2:t5, leader=null, voted=s3, raftlog=s3@group-A7C5DBE940E2-SegmentedRaftLog:OPENED:c-1,f-1,i0, conf=-1: [s3:0.0.0.0:38312, s4:0.0.0.0:41737, s0:0.0.0.0:41019, s1:0.0.0.0:38816, s2:0.0.0.0:40694], old=null RUNNING] size=2
  s4:  RUNNING [
   FOLLOWER s4@group-FEE41E240123:t0, leader=null, voted=null, raftlog=s4@group-FEE41E240123-SegmentedRaftLog:OPENED:c-1,f-1,i0, conf=-1: [], old=null STARTING
  CANDIDATE s4@group-A7C5DBE940E2:t4, leader=null, voted=s4, raftlog=s4@group-A7C5DBE940E2-SegmentedRaftLog:OPENED:c-1,f-1,i0, conf=-1: [s3:0.0.0.0:38312, s4:0.0.0.0:41737, s0:0.0.0.0:41019, s1:0.0.0.0:38816, s2:0.0.0.0:40694], old=null RUNNING] size=2
  s0:  RUNNING [
   FOLLOWER s0@group-FEE41E240123:t0, leader=null, voted=null, raftlog=s0@group-FEE41E240123-SegmentedRaftLog:OPENED:c-1,f-1,i0, conf=-1: [], old=null STARTING
  CANDIDATE s0@group-A7C5DBE940E2:t5, leader=null, voted=s0, raftlog=s0@group-A7C5DBE940E2-SegmentedRaftLog:OPENED:c-1,f-1,i0, conf=-1: [s3:0.0.0.0:38312, s4:0.0.0.0:41737, s0:0.0.0.0:41019, s1:0.0.0.0:38816, s2:0.0.0.0:40694], old=null RUNNING] size=2
  s1:  RUNNING [
   FOLLOWER s1@group-FEE41E240123:t0, leader=null, voted=null, raftlog=s1@group-FEE41E240123-SegmentedRaftLog:OPENED:c-1,f-1,i0, conf=-1: [], old=null STARTING
  CANDIDATE s1@group-A7C5DBE940E2:t5, leader=null, voted=s1, raftlog=s1@group-A7C5DBE940E2-SegmentedRaftLog:OPENED:c-1,f-1,i0, conf=-1: [s3:0.0.0.0:38312, s4:0.0.0.0:41737, s0:0.0.0.0:41019, s1:0.0.0.0:38816, s2:0.0.0.0:40694], old=null RUNNING] size=2
  s2:  RUNNING [
   FOLLOWER s2@group-FEE41E240123:t0, leader=null, voted=null, raftlog=s2@group-FEE41E240123-SegmentedRaftLog:OPENED:c-1,f-1,i0, conf=-1: [], old=null STARTING
  CANDIDATE s2@group-A7C5DBE940E2:t4, leader=null, voted=s2, raftlog=s2@group-A7C5DBE940E2-SegmentedRaftLog:OPENED:c-1,f-1,i0, conf=-1: [s3:0.0.0.0:38312, s4:0.0.0.0:41737, s0:0.0.0.0:41019, s1:0.0.0.0:38816, s2:0.0.0.0:40694], old=null RUNNING] size=2
	at org.apache.ratis.MiniRaftCluster.newIllegalStateExceptionForNoLeaders(MiniRaftCluster.java:506)
	at org.apache.ratis.RaftTestUtil.lambda$waitForLeader$1(RaftTestUtil.java:90)
	at org.apache.ratis.MiniRaftCluster.getLeader(MiniRaftCluster.java:539)
	at org.apache.ratis.MiniRaftCluster.getLeader(MiniRaftCluster.java:532)
	at org.apache.ratis.RaftTestUtil.lambda$waitForLeader$3(RaftTestUtil.java:98)
	at org.apache.ratis.util.JavaUtils.attempt(JavaUtils.java:152)
	at org.apache.ratis.RaftTestUtil.waitForLeader(RaftTestUtil.java:97)
	at org.apache.ratis.RaftTestUtil.waitForLeader(RaftTestUtil.java:77)
	at org.apache.ratis.server.impl.GroupManagementBaseTest.runMultiGroupTest(GroupManagementBaseTest.java:175)
	at org.apache.ratis.server.impl.GroupManagementBaseTest.runMultiGroupTest(GroupManagementBaseTest.java:126)
	at org.apache.ratis.server.impl.GroupManagementBaseTest.testMultiGroup9Nodes(GroupManagementBaseTest.java:121)
	at sun.reflect.NativeMethodAccessorImpl.invoke0(Native Method)
	at sun.reflect.NativeMethodAccessorImpl.invoke(NativeMethodAccessorImpl.java:62)
	at sun.reflect.DelegatingMethodAccessorImpl.invoke(DelegatingMethodAccessorImpl.java:43)
	at java.lang.reflect.Method.invoke(Method.java:498)
	at org.junit.runners.model.FrameworkMethod$1.runReflectiveCall(FrameworkMethod.java:50)
	at org.junit.internal.runners.model.ReflectiveCallable.run(ReflectiveCallable.java:12)
	at org.junit.runners.model.FrameworkMethod.invokeExplosively(FrameworkMethod.java:47)
	at org.junit.internal.runners.statements.InvokeMethod.evaluate(InvokeMethod.java:17)
	at org.junit.internal.runners.statements.RunAfters.evaluate(RunAfters.java:27)
	at org.junit.internal.runners.statements.FailOnTimeout$CallableStatement.call(FailOnTimeout.java:298)
	at org.junit.internal.runners.statements.FailOnTimeout$CallableStatement.call(FailOnTimeout.java:292)
	at java.util.concurrent.FutureTask.run(FutureTask.java:266)
	at java.lang.Thread.run(Thread.java:748)
2019-09-24 16:48:03,836 WARN  ratis.RaftTestUtil (JavaUtils.java:attempt(158)) - FAILED "waitForLeader-group-A7C5DBE940E2-(expectLeader? true)", attempt #42/100: java.lang.IllegalStateException: No leader yet  for group-A7C5DBE940E2: printing group-A7C5DBE940E2
  s3:  RUNNING [
   FOLLOWER s3@group-FEE41E240123:t0, leader=null, voted=null, raftlog=s3@group-FEE41E240123-SegmentedRaftLog:OPENED:c-1,f-1,i0, conf=-1: [], old=null STARTING
  CANDIDATE s3@group-A7C5DBE940E2:t5, leader=null, voted=s3, raftlog=s3@group-A7C5DBE940E2-SegmentedRaftLog:OPENED:c-1,f-1,i0, conf=-1: [s3:0.0.0.0:38312, s4:0.0.0.0:41737, s0:0.0.0.0:41019, s1:0.0.0.0:38816, s2:0.0.0.0:40694], old=null RUNNING] size=2
  s4:  RUNNING [
   FOLLOWER s4@group-FEE41E240123:t0, leader=null, voted=null, raftlog=s4@group-FEE41E240123-SegmentedRaftLog:OPENED:c-1,f-1,i0, conf=-1: [], old=null STARTING
  CANDIDATE s4@group-A7C5DBE940E2:t4, leader=null, voted=s4, raftlog=s4@group-A7C5DBE940E2-SegmentedRaftLog:OPENED:c-1,f-1,i0, conf=-1: [s3:0.0.0.0:38312, s4:0.0.0.0:41737, s0:0.0.0.0:41019, s1:0.0.0.0:38816, s2:0.0.0.0:40694], old=null RUNNING] size=2
  s0:  RUNNING [
   FOLLOWER s0@group-FEE41E240123:t0, leader=null, voted=null, raftlog=s0@group-FEE41E240123-SegmentedRaftLog:OPENED:c-1,f-1,i0, conf=-1: [], old=null STARTING
  CANDIDATE s0@group-A7C5DBE940E2:t5, leader=null, voted=s0, raftlog=s0@group-A7C5DBE940E2-SegmentedRaftLog:OPENED:c-1,f-1,i0, conf=-1: [s3:0.0.0.0:38312, s4:0.0.0.0:41737, s0:0.0.0.0:41019, s1:0.0.0.0:38816, s2:0.0.0.0:40694], old=null RUNNING] size=2
  s1:  RUNNING [
   FOLLOWER s1@group-FEE41E240123:t0, leader=null, voted=null, raftlog=s1@group-FEE41E240123-SegmentedRaftLog:OPENED:c-1,f-1,i0, conf=-1: [], old=null STARTING
  CANDIDATE s1@group-A7C5DBE940E2:t5, leader=null, voted=s1, raftlog=s1@group-A7C5DBE940E2-SegmentedRaftLog:OPENED:c-1,f-1,i0, conf=-1: [s3:0.0.0.0:38312, s4:0.0.0.0:41737, s0:0.0.0.0:41019, s1:0.0.0.0:38816, s2:0.0.0.0:40694], old=null RUNNING] size=2
  s2:  RUNNING [
   FOLLOWER s2@group-FEE41E240123:t0, leader=null, voted=null, raftlog=s2@group-FEE41E240123-SegmentedRaftLog:OPENED:c-1,f-1,i0, conf=-1: [], old=null STARTING
  CANDIDATE s2@group-A7C5DBE940E2:t4, leader=null, voted=s2, raftlog=s2@group-A7C5DBE940E2-SegmentedRaftLog:OPENED:c-1,f-1,i0, conf=-1: [s3:0.0.0.0:38312, s4:0.0.0.0:41737, s0:0.0.0.0:41019, s1:0.0.0.0:38816, s2:0.0.0.0:40694], old=null RUNNING] size=2, sleep 450ms and then retry.
java.lang.IllegalStateException: No leader yet  for group-A7C5DBE940E2: printing group-A7C5DBE940E2
  s3:  RUNNING [
   FOLLOWER s3@group-FEE41E240123:t0, leader=null, voted=null, raftlog=s3@group-FEE41E240123-SegmentedRaftLog:OPENED:c-1,f-1,i0, conf=-1: [], old=null STARTING
  CANDIDATE s3@group-A7C5DBE940E2:t5, leader=null, voted=s3, raftlog=s3@group-A7C5DBE940E2-SegmentedRaftLog:OPENED:c-1,f-1,i0, conf=-1: [s3:0.0.0.0:38312, s4:0.0.0.0:41737, s0:0.0.0.0:41019, s1:0.0.0.0:38816, s2:0.0.0.0:40694], old=null RUNNING] size=2
  s4:  RUNNING [
   FOLLOWER s4@group-FEE41E240123:t0, leader=null, voted=null, raftlog=s4@group-FEE41E240123-SegmentedRaftLog:OPENED:c-1,f-1,i0, conf=-1: [], old=null STARTING
  CANDIDATE s4@group-A7C5DBE940E2:t4, leader=null, voted=s4, raftlog=s4@group-A7C5DBE940E2-SegmentedRaftLog:OPENED:c-1,f-1,i0, conf=-1: [s3:0.0.0.0:38312, s4:0.0.0.0:41737, s0:0.0.0.0:41019, s1:0.0.0.0:38816, s2:0.0.0.0:40694], old=null RUNNING] size=2
  s0:  RUNNING [
   FOLLOWER s0@group-FEE41E240123:t0, leader=null, voted=null, raftlog=s0@group-FEE41E240123-SegmentedRaftLog:OPENED:c-1,f-1,i0, conf=-1: [], old=null STARTING
  CANDIDATE s0@group-A7C5DBE940E2:t5, leader=null, voted=s0, raftlog=s0@group-A7C5DBE940E2-SegmentedRaftLog:OPENED:c-1,f-1,i0, conf=-1: [s3:0.0.0.0:38312, s4:0.0.0.0:41737, s0:0.0.0.0:41019, s1:0.0.0.0:38816, s2:0.0.0.0:40694], old=null RUNNING] size=2
  s1:  RUNNING [
   FOLLOWER s1@group-FEE41E240123:t0, leader=null, voted=null, raftlog=s1@group-FEE41E240123-SegmentedRaftLog:OPENED:c-1,f-1,i0, conf=-1: [], old=null STARTING
  CANDIDATE s1@group-A7C5DBE940E2:t5, leader=null, voted=s1, raftlog=s1@group-A7C5DBE940E2-SegmentedRaftLog:OPENED:c-1,f-1,i0, conf=-1: [s3:0.0.0.0:38312, s4:0.0.0.0:41737, s0:0.0.0.0:41019, s1:0.0.0.0:38816, s2:0.0.0.0:40694], old=null RUNNING] size=2
  s2:  RUNNING [
   FOLLOWER s2@group-FEE41E240123:t0, leader=null, voted=null, raftlog=s2@group-FEE41E240123-SegmentedRaftLog:OPENED:c-1,f-1,i0, conf=-1: [], old=null STARTING
  CANDIDATE s2@group-A7C5DBE940E2:t4, leader=null, voted=s2, raftlog=s2@group-A7C5DBE940E2-SegmentedRaftLog:OPENED:c-1,f-1,i0, conf=-1: [s3:0.0.0.0:38312, s4:0.0.0.0:41737, s0:0.0.0.0:41019, s1:0.0.0.0:38816, s2:0.0.0.0:40694], old=null RUNNING] size=2
	at org.apache.ratis.MiniRaftCluster.newIllegalStateExceptionForNoLeaders(MiniRaftCluster.java:506)
	at org.apache.ratis.RaftTestUtil.lambda$waitForLeader$1(RaftTestUtil.java:90)
	at org.apache.ratis.MiniRaftCluster.getLeader(MiniRaftCluster.java:539)
	at org.apache.ratis.MiniRaftCluster.getLeader(MiniRaftCluster.java:532)
	at org.apache.ratis.RaftTestUtil.lambda$waitForLeader$3(RaftTestUtil.java:98)
	at org.apache.ratis.util.JavaUtils.attempt(JavaUtils.java:152)
	at org.apache.ratis.RaftTestUtil.waitForLeader(RaftTestUtil.java:97)
	at org.apache.ratis.RaftTestUtil.waitForLeader(RaftTestUtil.java:77)
	at org.apache.ratis.server.impl.GroupManagementBaseTest.runMultiGroupTest(GroupManagementBaseTest.java:175)
	at org.apache.ratis.server.impl.GroupManagementBaseTest.runMultiGroupTest(GroupManagementBaseTest.java:126)
	at org.apache.ratis.server.impl.GroupManagementBaseTest.testMultiGroup9Nodes(GroupManagementBaseTest.java:121)
	at sun.reflect.NativeMethodAccessorImpl.invoke0(Native Method)
	at sun.reflect.NativeMethodAccessorImpl.invoke(NativeMethodAccessorImpl.java:62)
	at sun.reflect.DelegatingMethodAccessorImpl.invoke(DelegatingMethodAccessorImpl.java:43)
	at java.lang.reflect.Method.invoke(Method.java:498)
	at org.junit.runners.model.FrameworkMethod$1.runReflectiveCall(FrameworkMethod.java:50)
	at org.junit.internal.runners.model.ReflectiveCallable.run(ReflectiveCallable.java:12)
	at org.junit.runners.model.FrameworkMethod.invokeExplosively(FrameworkMethod.java:47)
	at org.junit.internal.runners.statements.InvokeMethod.evaluate(InvokeMethod.java:17)
	at org.junit.internal.runners.statements.RunAfters.evaluate(RunAfters.java:27)
	at org.junit.internal.runners.statements.FailOnTimeout$CallableStatement.call(FailOnTimeout.java:298)
	at org.junit.internal.runners.statements.FailOnTimeout$CallableStatement.call(FailOnTimeout.java:292)
	at java.util.concurrent.FutureTask.run(FutureTask.java:266)
	at java.lang.Thread.run(Thread.java:748)
2019-09-24 16:48:04,137 INFO  ratis.MiniRaftCluster (MiniRaftCluster.java:lambda$null$5(297)) - TIMED-PRINT: printing ALL groups
  s3:  RUNNING [
   FOLLOWER s3@group-FEE41E240123:t0, leader=null, voted=null, raftlog=s3@group-FEE41E240123-SegmentedRaftLog:OPENED:c-1,f-1,i0, conf=-1: [], old=null STARTING
  CANDIDATE s3@group-A7C5DBE940E2:t5, leader=null, voted=s3, raftlog=s3@group-A7C5DBE940E2-SegmentedRaftLog:OPENED:c-1,f-1,i0, conf=-1: [s3:0.0.0.0:38312, s4:0.0.0.0:41737, s0:0.0.0.0:41019, s1:0.0.0.0:38816, s2:0.0.0.0:40694], old=null RUNNING] size=2
  s4:  RUNNING [
   FOLLOWER s4@group-FEE41E240123:t0, leader=null, voted=null, raftlog=s4@group-FEE41E240123-SegmentedRaftLog:OPENED:c-1,f-1,i0, conf=-1: [], old=null STARTING
  CANDIDATE s4@group-A7C5DBE940E2:t4, leader=null, voted=s4, raftlog=s4@group-A7C5DBE940E2-SegmentedRaftLog:OPENED:c-1,f-1,i0, conf=-1: [s3:0.0.0.0:38312, s4:0.0.0.0:41737, s0:0.0.0.0:41019, s1:0.0.0.0:38816, s2:0.0.0.0:40694], old=null RUNNING] size=2
  s5:  RUNNING  FOLLOWER s5@group-FEE41E240123:t0, leader=null, voted=null, raftlog=s5@group-FEE41E240123-SegmentedRaftLog:OPENED:c-1,f-1,i0, conf=-1: [], old=null STARTING
  s6:  RUNNING  FOLLOWER s6@group-FEE41E240123:t0, leader=null, voted=null, raftlog=s6@group-FEE41E240123-SegmentedRaftLog:OPENED:c-1,f-1,i0, conf=-1: [], old=null STARTING
  s7:  RUNNING  FOLLOWER s7@group-FEE41E240123:t0, leader=null, voted=null, raftlog=s7@group-FEE41E240123-SegmentedRaftLog:OPENED:c-1,f-1,i0, conf=-1: [], old=null STARTING
  s8:  RUNNING  FOLLOWER s8@group-FEE41E240123:t0, leader=null, voted=null, raftlog=s8@group-FEE41E240123-SegmentedRaftLog:OPENED:c-1,f-1,i0, conf=-1: [], old=null STARTING
  s0:  RUNNING [
   FOLLOWER s0@group-FEE41E240123:t0, leader=null, voted=null, raftlog=s0@group-FEE41E240123-SegmentedRaftLog:OPENED:c-1,f-1,i0, conf=-1: [], old=null STARTING
  CANDIDATE s0@group-A7C5DBE940E2:t5, leader=null, voted=s0, raftlog=s0@group-A7C5DBE940E2-SegmentedRaftLog:OPENED:c-1,f-1,i0, conf=-1: [s3:0.0.0.0:38312, s4:0.0.0.0:41737, s0:0.0.0.0:41019, s1:0.0.0.0:38816, s2:0.0.0.0:40694], old=null RUNNING] size=2
  s1:  RUNNING [
   FOLLOWER s1@group-FEE41E240123:t0, leader=null, voted=null, raftlog=s1@group-FEE41E240123-SegmentedRaftLog:OPENED:c-1,f-1,i0, conf=-1: [], old=null STARTING
  CANDIDATE s1@group-A7C5DBE940E2:t5, leader=null, voted=s1, raftlog=s1@group-A7C5DBE940E2-SegmentedRaftLog:OPENED:c-1,f-1,i0, conf=-1: [s3:0.0.0.0:38312, s4:0.0.0.0:41737, s0:0.0.0.0:41019, s1:0.0.0.0:38816, s2:0.0.0.0:40694], old=null RUNNING] size=2
  s2:  RUNNING [
   FOLLOWER s2@group-FEE41E240123:t0, leader=null, voted=null, raftlog=s2@group-FEE41E240123-SegmentedRaftLog:OPENED:c-1,f-1,i0, conf=-1: [], old=null STARTING
  CANDIDATE s2@group-A7C5DBE940E2:t4, leader=null, voted=s2, raftlog=s2@group-A7C5DBE940E2-SegmentedRaftLog:OPENED:c-1,f-1,i0, conf=-1: [s3:0.0.0.0:38312, s4:0.0.0.0:41737, s0:0.0.0.0:41019, s1:0.0.0.0:38816, s2:0.0.0.0:40694], old=null RUNNING] size=2
2019-09-24 16:48:04,288 WARN  ratis.RaftTestUtil (JavaUtils.java:attempt(158)) - FAILED "waitForLeader-group-A7C5DBE940E2-(expectLeader? true)", attempt #43/100: java.lang.IllegalStateException: No leader yet  for group-A7C5DBE940E2: printing group-A7C5DBE940E2
  s3:  RUNNING [
   FOLLOWER s3@group-FEE41E240123:t0, leader=null, voted=null, raftlog=s3@group-FEE41E240123-SegmentedRaftLog:OPENED:c-1,f-1,i0, conf=-1: [], old=null STARTING
  CANDIDATE s3@group-A7C5DBE940E2:t5, leader=null, voted=s3, raftlog=s3@group-A7C5DBE940E2-SegmentedRaftLog:OPENED:c-1,f-1,i0, conf=-1: [s3:0.0.0.0:38312, s4:0.0.0.0:41737, s0:0.0.0.0:41019, s1:0.0.0.0:38816, s2:0.0.0.0:40694], old=null RUNNING] size=2
  s4:  RUNNING [
   FOLLOWER s4@group-FEE41E240123:t0, leader=null, voted=null, raftlog=s4@group-FEE41E240123-SegmentedRaftLog:OPENED:c-1,f-1,i0, conf=-1: [], old=null STARTING
  CANDIDATE s4@group-A7C5DBE940E2:t4, leader=null, voted=s4, raftlog=s4@group-A7C5DBE940E2-SegmentedRaftLog:OPENED:c-1,f-1,i0, conf=-1: [s3:0.0.0.0:38312, s4:0.0.0.0:41737, s0:0.0.0.0:41019, s1:0.0.0.0:38816, s2:0.0.0.0:40694], old=null RUNNING] size=2
  s0:  RUNNING [
   FOLLOWER s0@group-FEE41E240123:t0, leader=null, voted=null, raftlog=s0@group-FEE41E240123-SegmentedRaftLog:OPENED:c-1,f-1,i0, conf=-1: [], old=null STARTING
  CANDIDATE s0@group-A7C5DBE940E2:t5, leader=null, voted=s0, raftlog=s0@group-A7C5DBE940E2-SegmentedRaftLog:OPENED:c-1,f-1,i0, conf=-1: [s3:0.0.0.0:38312, s4:0.0.0.0:41737, s0:0.0.0.0:41019, s1:0.0.0.0:38816, s2:0.0.0.0:40694], old=null RUNNING] size=2
  s1:  RUNNING [
   FOLLOWER s1@group-FEE41E240123:t0, leader=null, voted=null, raftlog=s1@group-FEE41E240123-SegmentedRaftLog:OPENED:c-1,f-1,i0, conf=-1: [], old=null STARTING
  CANDIDATE s1@group-A7C5DBE940E2:t5, leader=null, voted=s1, raftlog=s1@group-A7C5DBE940E2-SegmentedRaftLog:OPENED:c-1,f-1,i0, conf=-1: [s3:0.0.0.0:38312, s4:0.0.0.0:41737, s0:0.0.0.0:41019, s1:0.0.0.0:38816, s2:0.0.0.0:40694], old=null RUNNING] size=2
  s2:  RUNNING [
   FOLLOWER s2@group-FEE41E240123:t0, leader=null, voted=null, raftlog=s2@group-FEE41E240123-SegmentedRaftLog:OPENED:c-1,f-1,i0, conf=-1: [], old=null STARTING
  CANDIDATE s2@group-A7C5DBE940E2:t4, leader=null, voted=s2, raftlog=s2@group-A7C5DBE940E2-SegmentedRaftLog:OPENED:c-1,f-1,i0, conf=-1: [s3:0.0.0.0:38312, s4:0.0.0.0:41737, s0:0.0.0.0:41019, s1:0.0.0.0:38816, s2:0.0.0.0:40694], old=null RUNNING] size=2, sleep 450ms and then retry.
java.lang.IllegalStateException: No leader yet  for group-A7C5DBE940E2: printing group-A7C5DBE940E2
  s3:  RUNNING [
   FOLLOWER s3@group-FEE41E240123:t0, leader=null, voted=null, raftlog=s3@group-FEE41E240123-SegmentedRaftLog:OPENED:c-1,f-1,i0, conf=-1: [], old=null STARTING
  CANDIDATE s3@group-A7C5DBE940E2:t5, leader=null, voted=s3, raftlog=s3@group-A7C5DBE940E2-SegmentedRaftLog:OPENED:c-1,f-1,i0, conf=-1: [s3:0.0.0.0:38312, s4:0.0.0.0:41737, s0:0.0.0.0:41019, s1:0.0.0.0:38816, s2:0.0.0.0:40694], old=null RUNNING] size=2
  s4:  RUNNING [
   FOLLOWER s4@group-FEE41E240123:t0, leader=null, voted=null, raftlog=s4@group-FEE41E240123-SegmentedRaftLog:OPENED:c-1,f-1,i0, conf=-1: [], old=null STARTING
  CANDIDATE s4@group-A7C5DBE940E2:t4, leader=null, voted=s4, raftlog=s4@group-A7C5DBE940E2-SegmentedRaftLog:OPENED:c-1,f-1,i0, conf=-1: [s3:0.0.0.0:38312, s4:0.0.0.0:41737, s0:0.0.0.0:41019, s1:0.0.0.0:38816, s2:0.0.0.0:40694], old=null RUNNING] size=2
  s0:  RUNNING [
   FOLLOWER s0@group-FEE41E240123:t0, leader=null, voted=null, raftlog=s0@group-FEE41E240123-SegmentedRaftLog:OPENED:c-1,f-1,i0, conf=-1: [], old=null STARTING
  CANDIDATE s0@group-A7C5DBE940E2:t5, leader=null, voted=s0, raftlog=s0@group-A7C5DBE940E2-SegmentedRaftLog:OPENED:c-1,f-1,i0, conf=-1: [s3:0.0.0.0:38312, s4:0.0.0.0:41737, s0:0.0.0.0:41019, s1:0.0.0.0:38816, s2:0.0.0.0:40694], old=null RUNNING] size=2
  s1:  RUNNING [
   FOLLOWER s1@group-FEE41E240123:t0, leader=null, voted=null, raftlog=s1@group-FEE41E240123-SegmentedRaftLog:OPENED:c-1,f-1,i0, conf=-1: [], old=null STARTING
  CANDIDATE s1@group-A7C5DBE940E2:t5, leader=null, voted=s1, raftlog=s1@group-A7C5DBE940E2-SegmentedRaftLog:OPENED:c-1,f-1,i0, conf=-1: [s3:0.0.0.0:38312, s4:0.0.0.0:41737, s0:0.0.0.0:41019, s1:0.0.0.0:38816, s2:0.0.0.0:40694], old=null RUNNING] size=2
  s2:  RUNNING [
   FOLLOWER s2@group-FEE41E240123:t0, leader=null, voted=null, raftlog=s2@group-FEE41E240123-SegmentedRaftLog:OPENED:c-1,f-1,i0, conf=-1: [], old=null STARTING
  CANDIDATE s2@group-A7C5DBE940E2:t4, leader=null, voted=s2, raftlog=s2@group-A7C5DBE940E2-SegmentedRaftLog:OPENED:c-1,f-1,i0, conf=-1: [s3:0.0.0.0:38312, s4:0.0.0.0:41737, s0:0.0.0.0:41019, s1:0.0.0.0:38816, s2:0.0.0.0:40694], old=null RUNNING] size=2
	at org.apache.ratis.MiniRaftCluster.newIllegalStateExceptionForNoLeaders(MiniRaftCluster.java:506)
	at org.apache.ratis.RaftTestUtil.lambda$waitForLeader$1(RaftTestUtil.java:90)
	at org.apache.ratis.MiniRaftCluster.getLeader(MiniRaftCluster.java:539)
	at org.apache.ratis.MiniRaftCluster.getLeader(MiniRaftCluster.java:532)
	at org.apache.ratis.RaftTestUtil.lambda$waitForLeader$3(RaftTestUtil.java:98)
	at org.apache.ratis.util.JavaUtils.attempt(JavaUtils.java:152)
	at org.apache.ratis.RaftTestUtil.waitForLeader(RaftTestUtil.java:97)
	at org.apache.ratis.RaftTestUtil.waitForLeader(RaftTestUtil.java:77)
	at org.apache.ratis.server.impl.GroupManagementBaseTest.runMultiGroupTest(GroupManagementBaseTest.java:175)
	at org.apache.ratis.server.impl.GroupManagementBaseTest.runMultiGroupTest(GroupManagementBaseTest.java:126)
	at org.apache.ratis.server.impl.GroupManagementBaseTest.testMultiGroup9Nodes(GroupManagementBaseTest.java:121)
	at sun.reflect.NativeMethodAccessorImpl.invoke0(Native Method)
	at sun.reflect.NativeMethodAccessorImpl.invoke(NativeMethodAccessorImpl.java:62)
	at sun.reflect.DelegatingMethodAccessorImpl.invoke(DelegatingMethodAccessorImpl.java:43)
	at java.lang.reflect.Method.invoke(Method.java:498)
	at org.junit.runners.model.FrameworkMethod$1.runReflectiveCall(FrameworkMethod.java:50)
	at org.junit.internal.runners.model.ReflectiveCallable.run(ReflectiveCallable.java:12)
	at org.junit.runners.model.FrameworkMethod.invokeExplosively(FrameworkMethod.java:47)
	at org.junit.internal.runners.statements.InvokeMethod.evaluate(InvokeMethod.java:17)
	at org.junit.internal.runners.statements.RunAfters.evaluate(RunAfters.java:27)
	at org.junit.internal.runners.statements.FailOnTimeout$CallableStatement.call(FailOnTimeout.java:298)
	at org.junit.internal.runners.statements.FailOnTimeout$CallableStatement.call(FailOnTimeout.java:292)
	at java.util.concurrent.FutureTask.run(FutureTask.java:266)
	at java.lang.Thread.run(Thread.java:748)
2019-09-24 16:48:04,741 WARN  ratis.RaftTestUtil (JavaUtils.java:attempt(158)) - FAILED "waitForLeader-group-A7C5DBE940E2-(expectLeader? true)", attempt #44/100: java.lang.IllegalStateException: No leader yet  for group-A7C5DBE940E2: printing group-A7C5DBE940E2
  s3:  RUNNING [
   FOLLOWER s3@group-FEE41E240123:t0, leader=null, voted=null, raftlog=s3@group-FEE41E240123-SegmentedRaftLog:OPENED:c-1,f-1,i0, conf=-1: [], old=null STARTING
  CANDIDATE s3@group-A7C5DBE940E2:t5, leader=null, voted=s3, raftlog=s3@group-A7C5DBE940E2-SegmentedRaftLog:OPENED:c-1,f-1,i0, conf=-1: [s3:0.0.0.0:38312, s4:0.0.0.0:41737, s0:0.0.0.0:41019, s1:0.0.0.0:38816, s2:0.0.0.0:40694], old=null RUNNING] size=2
  s4:  RUNNING [
   FOLLOWER s4@group-FEE41E240123:t0, leader=null, voted=null, raftlog=s4@group-FEE41E240123-SegmentedRaftLog:OPENED:c-1,f-1,i0, conf=-1: [], old=null STARTING
  CANDIDATE s4@group-A7C5DBE940E2:t4, leader=null, voted=s4, raftlog=s4@group-A7C5DBE940E2-SegmentedRaftLog:OPENED:c-1,f-1,i0, conf=-1: [s3:0.0.0.0:38312, s4:0.0.0.0:41737, s0:0.0.0.0:41019, s1:0.0.0.0:38816, s2:0.0.0.0:40694], old=null RUNNING] size=2
  s0:  RUNNING [
   FOLLOWER s0@group-FEE41E240123:t0, leader=null, voted=null, raftlog=s0@group-FEE41E240123-SegmentedRaftLog:OPENED:c-1,f-1,i0, conf=-1: [], old=null STARTING
  CANDIDATE s0@group-A7C5DBE940E2:t5, leader=null, voted=s0, raftlog=s0@group-A7C5DBE940E2-SegmentedRaftLog:OPENED:c-1,f-1,i0, conf=-1: [s3:0.0.0.0:38312, s4:0.0.0.0:41737, s0:0.0.0.0:41019, s1:0.0.0.0:38816, s2:0.0.0.0:40694], old=null RUNNING] size=2
  s1:  RUNNING [
   FOLLOWER s1@group-FEE41E240123:t0, leader=null, voted=null, raftlog=s1@group-FEE41E240123-SegmentedRaftLog:OPENED:c-1,f-1,i0, conf=-1: [], old=null STARTING
  CANDIDATE s1@group-A7C5DBE940E2:t5, leader=null, voted=s1, raftlog=s1@group-A7C5DBE940E2-SegmentedRaftLog:OPENED:c-1,f-1,i0, conf=-1: [s3:0.0.0.0:38312, s4:0.0.0.0:41737, s0:0.0.0.0:41019, s1:0.0.0.0:38816, s2:0.0.0.0:40694], old=null RUNNING] size=2
  s2:  RUNNING [
   FOLLOWER s2@group-FEE41E240123:t0, leader=null, voted=null, raftlog=s2@group-FEE41E240123-SegmentedRaftLog:OPENED:c-1,f-1,i0, conf=-1: [], old=null STARTING
  CANDIDATE s2@group-A7C5DBE940E2:t4, leader=null, voted=s2, raftlog=s2@group-A7C5DBE940E2-SegmentedRaftLog:OPENED:c-1,f-1,i0, conf=-1: [s3:0.0.0.0:38312, s4:0.0.0.0:41737, s0:0.0.0.0:41019, s1:0.0.0.0:38816, s2:0.0.0.0:40694], old=null RUNNING] size=2, sleep 450ms and then retry.
java.lang.IllegalStateException: No leader yet  for group-A7C5DBE940E2: printing group-A7C5DBE940E2
  s3:  RUNNING [
   FOLLOWER s3@group-FEE41E240123:t0, leader=null, voted=null, raftlog=s3@group-FEE41E240123-SegmentedRaftLog:OPENED:c-1,f-1,i0, conf=-1: [], old=null STARTING
  CANDIDATE s3@group-A7C5DBE940E2:t5, leader=null, voted=s3, raftlog=s3@group-A7C5DBE940E2-SegmentedRaftLog:OPENED:c-1,f-1,i0, conf=-1: [s3:0.0.0.0:38312, s4:0.0.0.0:41737, s0:0.0.0.0:41019, s1:0.0.0.0:38816, s2:0.0.0.0:40694], old=null RUNNING] size=2
  s4:  RUNNING [
   FOLLOWER s4@group-FEE41E240123:t0, leader=null, voted=null, raftlog=s4@group-FEE41E240123-SegmentedRaftLog:OPENED:c-1,f-1,i0, conf=-1: [], old=null STARTING
  CANDIDATE s4@group-A7C5DBE940E2:t4, leader=null, voted=s4, raftlog=s4@group-A7C5DBE940E2-SegmentedRaftLog:OPENED:c-1,f-1,i0, conf=-1: [s3:0.0.0.0:38312, s4:0.0.0.0:41737, s0:0.0.0.0:41019, s1:0.0.0.0:38816, s2:0.0.0.0:40694], old=null RUNNING] size=2
  s0:  RUNNING [
   FOLLOWER s0@group-FEE41E240123:t0, leader=null, voted=null, raftlog=s0@group-FEE41E240123-SegmentedRaftLog:OPENED:c-1,f-1,i0, conf=-1: [], old=null STARTING
  CANDIDATE s0@group-A7C5DBE940E2:t5, leader=null, voted=s0, raftlog=s0@group-A7C5DBE940E2-SegmentedRaftLog:OPENED:c-1,f-1,i0, conf=-1: [s3:0.0.0.0:38312, s4:0.0.0.0:41737, s0:0.0.0.0:41019, s1:0.0.0.0:38816, s2:0.0.0.0:40694], old=null RUNNING] size=2
  s1:  RUNNING [
   FOLLOWER s1@group-FEE41E240123:t0, leader=null, voted=null, raftlog=s1@group-FEE41E240123-SegmentedRaftLog:OPENED:c-1,f-1,i0, conf=-1: [], old=null STARTING
  CANDIDATE s1@group-A7C5DBE940E2:t5, leader=null, voted=s1, raftlog=s1@group-A7C5DBE940E2-SegmentedRaftLog:OPENED:c-1,f-1,i0, conf=-1: [s3:0.0.0.0:38312, s4:0.0.0.0:41737, s0:0.0.0.0:41019, s1:0.0.0.0:38816, s2:0.0.0.0:40694], old=null RUNNING] size=2
  s2:  RUNNING [
   FOLLOWER s2@group-FEE41E240123:t0, leader=null, voted=null, raftlog=s2@group-FEE41E240123-SegmentedRaftLog:OPENED:c-1,f-1,i0, conf=-1: [], old=null STARTING
  CANDIDATE s2@group-A7C5DBE940E2:t4, leader=null, voted=s2, raftlog=s2@group-A7C5DBE940E2-SegmentedRaftLog:OPENED:c-1,f-1,i0, conf=-1: [s3:0.0.0.0:38312, s4:0.0.0.0:41737, s0:0.0.0.0:41019, s1:0.0.0.0:38816, s2:0.0.0.0:40694], old=null RUNNING] size=2
	at org.apache.ratis.MiniRaftCluster.newIllegalStateExceptionForNoLeaders(MiniRaftCluster.java:506)
	at org.apache.ratis.RaftTestUtil.lambda$waitForLeader$1(RaftTestUtil.java:90)
	at org.apache.ratis.MiniRaftCluster.getLeader(MiniRaftCluster.java:539)
	at org.apache.ratis.MiniRaftCluster.getLeader(MiniRaftCluster.java:532)
	at org.apache.ratis.RaftTestUtil.lambda$waitForLeader$3(RaftTestUtil.java:98)
	at org.apache.ratis.util.JavaUtils.attempt(JavaUtils.java:152)
	at org.apache.ratis.RaftTestUtil.waitForLeader(RaftTestUtil.java:97)
	at org.apache.ratis.RaftTestUtil.waitForLeader(RaftTestUtil.java:77)
	at org.apache.ratis.server.impl.GroupManagementBaseTest.runMultiGroupTest(GroupManagementBaseTest.java:175)
	at org.apache.ratis.server.impl.GroupManagementBaseTest.runMultiGroupTest(GroupManagementBaseTest.java:126)
	at org.apache.ratis.server.impl.GroupManagementBaseTest.testMultiGroup9Nodes(GroupManagementBaseTest.java:121)
	at sun.reflect.NativeMethodAccessorImpl.invoke0(Native Method)
	at sun.reflect.NativeMethodAccessorImpl.invoke(NativeMethodAccessorImpl.java:62)
	at sun.reflect.DelegatingMethodAccessorImpl.invoke(DelegatingMethodAccessorImpl.java:43)
	at java.lang.reflect.Method.invoke(Method.java:498)
	at org.junit.runners.model.FrameworkMethod$1.runReflectiveCall(FrameworkMethod.java:50)
	at org.junit.internal.runners.model.ReflectiveCallable.run(ReflectiveCallable.java:12)
	at org.junit.runners.model.FrameworkMethod.invokeExplosively(FrameworkMethod.java:47)
	at org.junit.internal.runners.statements.InvokeMethod.evaluate(InvokeMethod.java:17)
	at org.junit.internal.runners.statements.RunAfters.evaluate(RunAfters.java:27)
	at org.junit.internal.runners.statements.FailOnTimeout$CallableStatement.call(FailOnTimeout.java:298)
	at org.junit.internal.runners.statements.FailOnTimeout$CallableStatement.call(FailOnTimeout.java:292)
	at java.util.concurrent.FutureTask.run(FutureTask.java:266)
	at java.lang.Thread.run(Thread.java:748)
2019-09-24 16:48:05,193 WARN  ratis.RaftTestUtil (JavaUtils.java:attempt(158)) - FAILED "waitForLeader-group-A7C5DBE940E2-(expectLeader? true)", attempt #45/100: java.lang.IllegalStateException: No leader yet  for group-A7C5DBE940E2: printing group-A7C5DBE940E2
  s3:  RUNNING [
   FOLLOWER s3@group-FEE41E240123:t0, leader=null, voted=null, raftlog=s3@group-FEE41E240123-SegmentedRaftLog:OPENED:c-1,f-1,i0, conf=-1: [], old=null STARTING
  CANDIDATE s3@group-A7C5DBE940E2:t5, leader=null, voted=s3, raftlog=s3@group-A7C5DBE940E2-SegmentedRaftLog:OPENED:c-1,f-1,i0, conf=-1: [s3:0.0.0.0:38312, s4:0.0.0.0:41737, s0:0.0.0.0:41019, s1:0.0.0.0:38816, s2:0.0.0.0:40694], old=null RUNNING] size=2
  s4:  RUNNING [
   FOLLOWER s4@group-FEE41E240123:t0, leader=null, voted=null, raftlog=s4@group-FEE41E240123-SegmentedRaftLog:OPENED:c-1,f-1,i0, conf=-1: [], old=null STARTING
  CANDIDATE s4@group-A7C5DBE940E2:t4, leader=null, voted=s4, raftlog=s4@group-A7C5DBE940E2-SegmentedRaftLog:OPENED:c-1,f-1,i0, conf=-1: [s3:0.0.0.0:38312, s4:0.0.0.0:41737, s0:0.0.0.0:41019, s1:0.0.0.0:38816, s2:0.0.0.0:40694], old=null RUNNING] size=2
  s0:  RUNNING [
   FOLLOWER s0@group-FEE41E240123:t0, leader=null, voted=null, raftlog=s0@group-FEE41E240123-SegmentedRaftLog:OPENED:c-1,f-1,i0, conf=-1: [], old=null STARTING
  CANDIDATE s0@group-A7C5DBE940E2:t5, leader=null, voted=s0, raftlog=s0@group-A7C5DBE940E2-SegmentedRaftLog:OPENED:c-1,f-1,i0, conf=-1: [s3:0.0.0.0:38312, s4:0.0.0.0:41737, s0:0.0.0.0:41019, s1:0.0.0.0:38816, s2:0.0.0.0:40694], old=null RUNNING] size=2
  s1:  RUNNING [
   FOLLOWER s1@group-FEE41E240123:t0, leader=null, voted=null, raftlog=s1@group-FEE41E240123-SegmentedRaftLog:OPENED:c-1,f-1,i0, conf=-1: [], old=null STARTING
  CANDIDATE s1@group-A7C5DBE940E2:t5, leader=null, voted=s1, raftlog=s1@group-A7C5DBE940E2-SegmentedRaftLog:OPENED:c-1,f-1,i0, conf=-1: [s3:0.0.0.0:38312, s4:0.0.0.0:41737, s0:0.0.0.0:41019, s1:0.0.0.0:38816, s2:0.0.0.0:40694], old=null RUNNING] size=2
  s2:  RUNNING [
   FOLLOWER s2@group-FEE41E240123:t0, leader=null, voted=null, raftlog=s2@group-FEE41E240123-SegmentedRaftLog:OPENED:c-1,f-1,i0, conf=-1: [], old=null STARTING
  CANDIDATE s2@group-A7C5DBE940E2:t4, leader=null, voted=s2, raftlog=s2@group-A7C5DBE940E2-SegmentedRaftLog:OPENED:c-1,f-1,i0, conf=-1: [s3:0.0.0.0:38312, s4:0.0.0.0:41737, s0:0.0.0.0:41019, s1:0.0.0.0:38816, s2:0.0.0.0:40694], old=null RUNNING] size=2, sleep 450ms and then retry.
java.lang.IllegalStateException: No leader yet  for group-A7C5DBE940E2: printing group-A7C5DBE940E2
  s3:  RUNNING [
   FOLLOWER s3@group-FEE41E240123:t0, leader=null, voted=null, raftlog=s3@group-FEE41E240123-SegmentedRaftLog:OPENED:c-1,f-1,i0, conf=-1: [], old=null STARTING
  CANDIDATE s3@group-A7C5DBE940E2:t5, leader=null, voted=s3, raftlog=s3@group-A7C5DBE940E2-SegmentedRaftLog:OPENED:c-1,f-1,i0, conf=-1: [s3:0.0.0.0:38312, s4:0.0.0.0:41737, s0:0.0.0.0:41019, s1:0.0.0.0:38816, s2:0.0.0.0:40694], old=null RUNNING] size=2
  s4:  RUNNING [
   FOLLOWER s4@group-FEE41E240123:t0, leader=null, voted=null, raftlog=s4@group-FEE41E240123-SegmentedRaftLog:OPENED:c-1,f-1,i0, conf=-1: [], old=null STARTING
  CANDIDATE s4@group-A7C5DBE940E2:t4, leader=null, voted=s4, raftlog=s4@group-A7C5DBE940E2-SegmentedRaftLog:OPENED:c-1,f-1,i0, conf=-1: [s3:0.0.0.0:38312, s4:0.0.0.0:41737, s0:0.0.0.0:41019, s1:0.0.0.0:38816, s2:0.0.0.0:40694], old=null RUNNING] size=2
  s0:  RUNNING [
   FOLLOWER s0@group-FEE41E240123:t0, leader=null, voted=null, raftlog=s0@group-FEE41E240123-SegmentedRaftLog:OPENED:c-1,f-1,i0, conf=-1: [], old=null STARTING
  CANDIDATE s0@group-A7C5DBE940E2:t5, leader=null, voted=s0, raftlog=s0@group-A7C5DBE940E2-SegmentedRaftLog:OPENED:c-1,f-1,i0, conf=-1: [s3:0.0.0.0:38312, s4:0.0.0.0:41737, s0:0.0.0.0:41019, s1:0.0.0.0:38816, s2:0.0.0.0:40694], old=null RUNNING] size=2
  s1:  RUNNING [
   FOLLOWER s1@group-FEE41E240123:t0, leader=null, voted=null, raftlog=s1@group-FEE41E240123-SegmentedRaftLog:OPENED:c-1,f-1,i0, conf=-1: [], old=null STARTING
  CANDIDATE s1@group-A7C5DBE940E2:t5, leader=null, voted=s1, raftlog=s1@group-A7C5DBE940E2-SegmentedRaftLog:OPENED:c-1,f-1,i0, conf=-1: [s3:0.0.0.0:38312, s4:0.0.0.0:41737, s0:0.0.0.0:41019, s1:0.0.0.0:38816, s2:0.0.0.0:40694], old=null RUNNING] size=2
  s2:  RUNNING [
   FOLLOWER s2@group-FEE41E240123:t0, leader=null, voted=null, raftlog=s2@group-FEE41E240123-SegmentedRaftLog:OPENED:c-1,f-1,i0, conf=-1: [], old=null STARTING
  CANDIDATE s2@group-A7C5DBE940E2:t4, leader=null, voted=s2, raftlog=s2@group-A7C5DBE940E2-SegmentedRaftLog:OPENED:c-1,f-1,i0, conf=-1: [s3:0.0.0.0:38312, s4:0.0.0.0:41737, s0:0.0.0.0:41019, s1:0.0.0.0:38816, s2:0.0.0.0:40694], old=null RUNNING] size=2
	at org.apache.ratis.MiniRaftCluster.newIllegalStateExceptionForNoLeaders(MiniRaftCluster.java:506)
	at org.apache.ratis.RaftTestUtil.lambda$waitForLeader$1(RaftTestUtil.java:90)
	at org.apache.ratis.MiniRaftCluster.getLeader(MiniRaftCluster.java:539)
	at org.apache.ratis.MiniRaftCluster.getLeader(MiniRaftCluster.java:532)
	at org.apache.ratis.RaftTestUtil.lambda$waitForLeader$3(RaftTestUtil.java:98)
	at org.apache.ratis.util.JavaUtils.attempt(JavaUtils.java:152)
	at org.apache.ratis.RaftTestUtil.waitForLeader(RaftTestUtil.java:97)
	at org.apache.ratis.RaftTestUtil.waitForLeader(RaftTestUtil.java:77)
	at org.apache.ratis.server.impl.GroupManagementBaseTest.runMultiGroupTest(GroupManagementBaseTest.java:175)
	at org.apache.ratis.server.impl.GroupManagementBaseTest.runMultiGroupTest(GroupManagementBaseTest.java:126)
	at org.apache.ratis.server.impl.GroupManagementBaseTest.testMultiGroup9Nodes(GroupManagementBaseTest.java:121)
	at sun.reflect.NativeMethodAccessorImpl.invoke0(Native Method)
	at sun.reflect.NativeMethodAccessorImpl.invoke(NativeMethodAccessorImpl.java:62)
	at sun.reflect.DelegatingMethodAccessorImpl.invoke(DelegatingMethodAccessorImpl.java:43)
	at java.lang.reflect.Method.invoke(Method.java:498)
	at org.junit.runners.model.FrameworkMethod$1.runReflectiveCall(FrameworkMethod.java:50)
	at org.junit.internal.runners.model.ReflectiveCallable.run(ReflectiveCallable.java:12)
	at org.junit.runners.model.FrameworkMethod.invokeExplosively(FrameworkMethod.java:47)
	at org.junit.internal.runners.statements.InvokeMethod.evaluate(InvokeMethod.java:17)
	at org.junit.internal.runners.statements.RunAfters.evaluate(RunAfters.java:27)
	at org.junit.internal.runners.statements.FailOnTimeout$CallableStatement.call(FailOnTimeout.java:298)
	at org.junit.internal.runners.statements.FailOnTimeout$CallableStatement.call(FailOnTimeout.java:292)
	at java.util.concurrent.FutureTask.run(FutureTask.java:266)
	at java.lang.Thread.run(Thread.java:748)
2019-09-24 16:48:05,646 WARN  ratis.RaftTestUtil (JavaUtils.java:attempt(158)) - FAILED "waitForLeader-group-A7C5DBE940E2-(expectLeader? true)", attempt #46/100: java.lang.IllegalStateException: No leader yet  for group-A7C5DBE940E2: printing group-A7C5DBE940E2
  s3:  RUNNING [
   FOLLOWER s3@group-FEE41E240123:t0, leader=null, voted=null, raftlog=s3@group-FEE41E240123-SegmentedRaftLog:OPENED:c-1,f-1,i0, conf=-1: [], old=null STARTING
  CANDIDATE s3@group-A7C5DBE940E2:t5, leader=null, voted=s3, raftlog=s3@group-A7C5DBE940E2-SegmentedRaftLog:OPENED:c-1,f-1,i0, conf=-1: [s3:0.0.0.0:38312, s4:0.0.0.0:41737, s0:0.0.0.0:41019, s1:0.0.0.0:38816, s2:0.0.0.0:40694], old=null RUNNING] size=2
  s4:  RUNNING [
   FOLLOWER s4@group-FEE41E240123:t0, leader=null, voted=null, raftlog=s4@group-FEE41E240123-SegmentedRaftLog:OPENED:c-1,f-1,i0, conf=-1: [], old=null STARTING
  CANDIDATE s4@group-A7C5DBE940E2:t4, leader=null, voted=s4, raftlog=s4@group-A7C5DBE940E2-SegmentedRaftLog:OPENED:c-1,f-1,i0, conf=-1: [s3:0.0.0.0:38312, s4:0.0.0.0:41737, s0:0.0.0.0:41019, s1:0.0.0.0:38816, s2:0.0.0.0:40694], old=null RUNNING] size=2
  s0:  RUNNING [
   FOLLOWER s0@group-FEE41E240123:t0, leader=null, voted=null, raftlog=s0@group-FEE41E240123-SegmentedRaftLog:OPENED:c-1,f-1,i0, conf=-1: [], old=null STARTING
  CANDIDATE s0@group-A7C5DBE940E2:t5, leader=null, voted=s0, raftlog=s0@group-A7C5DBE940E2-SegmentedRaftLog:OPENED:c-1,f-1,i0, conf=-1: [s3:0.0.0.0:38312, s4:0.0.0.0:41737, s0:0.0.0.0:41019, s1:0.0.0.0:38816, s2:0.0.0.0:40694], old=null RUNNING] size=2
  s1:  RUNNING [
   FOLLOWER s1@group-FEE41E240123:t0, leader=null, voted=null, raftlog=s1@group-FEE41E240123-SegmentedRaftLog:OPENED:c-1,f-1,i0, conf=-1: [], old=null STARTING
  CANDIDATE s1@group-A7C5DBE940E2:t5, leader=null, voted=s1, raftlog=s1@group-A7C5DBE940E2-SegmentedRaftLog:OPENED:c-1,f-1,i0, conf=-1: [s3:0.0.0.0:38312, s4:0.0.0.0:41737, s0:0.0.0.0:41019, s1:0.0.0.0:38816, s2:0.0.0.0:40694], old=null RUNNING] size=2
  s2:  RUNNING [
   FOLLOWER s2@group-FEE41E240123:t0, leader=null, voted=null, raftlog=s2@group-FEE41E240123-SegmentedRaftLog:OPENED:c-1,f-1,i0, conf=-1: [], old=null STARTING
  CANDIDATE s2@group-A7C5DBE940E2:t4, leader=null, voted=s2, raftlog=s2@group-A7C5DBE940E2-SegmentedRaftLog:OPENED:c-1,f-1,i0, conf=-1: [s3:0.0.0.0:38312, s4:0.0.0.0:41737, s0:0.0.0.0:41019, s1:0.0.0.0:38816, s2:0.0.0.0:40694], old=null RUNNING] size=2, sleep 450ms and then retry.
java.lang.IllegalStateException: No leader yet  for group-A7C5DBE940E2: printing group-A7C5DBE940E2
  s3:  RUNNING [
   FOLLOWER s3@group-FEE41E240123:t0, leader=null, voted=null, raftlog=s3@group-FEE41E240123-SegmentedRaftLog:OPENED:c-1,f-1,i0, conf=-1: [], old=null STARTING
  CANDIDATE s3@group-A7C5DBE940E2:t5, leader=null, voted=s3, raftlog=s3@group-A7C5DBE940E2-SegmentedRaftLog:OPENED:c-1,f-1,i0, conf=-1: [s3:0.0.0.0:38312, s4:0.0.0.0:41737, s0:0.0.0.0:41019, s1:0.0.0.0:38816, s2:0.0.0.0:40694], old=null RUNNING] size=2
  s4:  RUNNING [
   FOLLOWER s4@group-FEE41E240123:t0, leader=null, voted=null, raftlog=s4@group-FEE41E240123-SegmentedRaftLog:OPENED:c-1,f-1,i0, conf=-1: [], old=null STARTING
  CANDIDATE s4@group-A7C5DBE940E2:t4, leader=null, voted=s4, raftlog=s4@group-A7C5DBE940E2-SegmentedRaftLog:OPENED:c-1,f-1,i0, conf=-1: [s3:0.0.0.0:38312, s4:0.0.0.0:41737, s0:0.0.0.0:41019, s1:0.0.0.0:38816, s2:0.0.0.0:40694], old=null RUNNING] size=2
  s0:  RUNNING [
   FOLLOWER s0@group-FEE41E240123:t0, leader=null, voted=null, raftlog=s0@group-FEE41E240123-SegmentedRaftLog:OPENED:c-1,f-1,i0, conf=-1: [], old=null STARTING
  CANDIDATE s0@group-A7C5DBE940E2:t5, leader=null, voted=s0, raftlog=s0@group-A7C5DBE940E2-SegmentedRaftLog:OPENED:c-1,f-1,i0, conf=-1: [s3:0.0.0.0:38312, s4:0.0.0.0:41737, s0:0.0.0.0:41019, s1:0.0.0.0:38816, s2:0.0.0.0:40694], old=null RUNNING] size=2
  s1:  RUNNING [
   FOLLOWER s1@group-FEE41E240123:t0, leader=null, voted=null, raftlog=s1@group-FEE41E240123-SegmentedRaftLog:OPENED:c-1,f-1,i0, conf=-1: [], old=null STARTING
  CANDIDATE s1@group-A7C5DBE940E2:t5, leader=null, voted=s1, raftlog=s1@group-A7C5DBE940E2-SegmentedRaftLog:OPENED:c-1,f-1,i0, conf=-1: [s3:0.0.0.0:38312, s4:0.0.0.0:41737, s0:0.0.0.0:41019, s1:0.0.0.0:38816, s2:0.0.0.0:40694], old=null RUNNING] size=2
  s2:  RUNNING [
   FOLLOWER s2@group-FEE41E240123:t0, leader=null, voted=null, raftlog=s2@group-FEE41E240123-SegmentedRaftLog:OPENED:c-1,f-1,i0, conf=-1: [], old=null STARTING
  CANDIDATE s2@group-A7C5DBE940E2:t4, leader=null, voted=s2, raftlog=s2@group-A7C5DBE940E2-SegmentedRaftLog:OPENED:c-1,f-1,i0, conf=-1: [s3:0.0.0.0:38312, s4:0.0.0.0:41737, s0:0.0.0.0:41019, s1:0.0.0.0:38816, s2:0.0.0.0:40694], old=null RUNNING] size=2
	at org.apache.ratis.MiniRaftCluster.newIllegalStateExceptionForNoLeaders(MiniRaftCluster.java:506)
	at org.apache.ratis.RaftTestUtil.lambda$waitForLeader$1(RaftTestUtil.java:90)
	at org.apache.ratis.MiniRaftCluster.getLeader(MiniRaftCluster.java:539)
	at org.apache.ratis.MiniRaftCluster.getLeader(MiniRaftCluster.java:532)
	at org.apache.ratis.RaftTestUtil.lambda$waitForLeader$3(RaftTestUtil.java:98)
	at org.apache.ratis.util.JavaUtils.attempt(JavaUtils.java:152)
	at org.apache.ratis.RaftTestUtil.waitForLeader(RaftTestUtil.java:97)
	at org.apache.ratis.RaftTestUtil.waitForLeader(RaftTestUtil.java:77)
	at org.apache.ratis.server.impl.GroupManagementBaseTest.runMultiGroupTest(GroupManagementBaseTest.java:175)
	at org.apache.ratis.server.impl.GroupManagementBaseTest.runMultiGroupTest(GroupManagementBaseTest.java:126)
	at org.apache.ratis.server.impl.GroupManagementBaseTest.testMultiGroup9Nodes(GroupManagementBaseTest.java:121)
	at sun.reflect.NativeMethodAccessorImpl.invoke0(Native Method)
	at sun.reflect.NativeMethodAccessorImpl.invoke(NativeMethodAccessorImpl.java:62)
	at sun.reflect.DelegatingMethodAccessorImpl.invoke(DelegatingMethodAccessorImpl.java:43)
	at java.lang.reflect.Method.invoke(Method.java:498)
	at org.junit.runners.model.FrameworkMethod$1.runReflectiveCall(FrameworkMethod.java:50)
	at org.junit.internal.runners.model.ReflectiveCallable.run(ReflectiveCallable.java:12)
	at org.junit.runners.model.FrameworkMethod.invokeExplosively(FrameworkMethod.java:47)
	at org.junit.internal.runners.statements.InvokeMethod.evaluate(InvokeMethod.java:17)
	at org.junit.internal.runners.statements.RunAfters.evaluate(RunAfters.java:27)
	at org.junit.internal.runners.statements.FailOnTimeout$CallableStatement.call(FailOnTimeout.java:298)
	at org.junit.internal.runners.statements.FailOnTimeout$CallableStatement.call(FailOnTimeout.java:292)
	at java.util.concurrent.FutureTask.run(FutureTask.java:266)
	at java.lang.Thread.run(Thread.java:748)
2019-09-24 16:48:06,097 WARN  ratis.RaftTestUtil (JavaUtils.java:attempt(158)) - FAILED "waitForLeader-group-A7C5DBE940E2-(expectLeader? true)", attempt #47/100: java.lang.IllegalStateException: No leader yet  for group-A7C5DBE940E2: printing group-A7C5DBE940E2
  s3:  RUNNING [
   FOLLOWER s3@group-FEE41E240123:t0, leader=null, voted=null, raftlog=s3@group-FEE41E240123-SegmentedRaftLog:OPENED:c-1,f-1,i0, conf=-1: [], old=null STARTING
  CANDIDATE s3@group-A7C5DBE940E2:t5, leader=null, voted=s3, raftlog=s3@group-A7C5DBE940E2-SegmentedRaftLog:OPENED:c-1,f-1,i0, conf=-1: [s3:0.0.0.0:38312, s4:0.0.0.0:41737, s0:0.0.0.0:41019, s1:0.0.0.0:38816, s2:0.0.0.0:40694], old=null RUNNING] size=2
  s4:  RUNNING [
   FOLLOWER s4@group-FEE41E240123:t0, leader=null, voted=null, raftlog=s4@group-FEE41E240123-SegmentedRaftLog:OPENED:c-1,f-1,i0, conf=-1: [], old=null STARTING
  CANDIDATE s4@group-A7C5DBE940E2:t4, leader=null, voted=s4, raftlog=s4@group-A7C5DBE940E2-SegmentedRaftLog:OPENED:c-1,f-1,i0, conf=-1: [s3:0.0.0.0:38312, s4:0.0.0.0:41737, s0:0.0.0.0:41019, s1:0.0.0.0:38816, s2:0.0.0.0:40694], old=null RUNNING] size=2
  s0:  RUNNING [
   FOLLOWER s0@group-FEE41E240123:t0, leader=null, voted=null, raftlog=s0@group-FEE41E240123-SegmentedRaftLog:OPENED:c-1,f-1,i0, conf=-1: [], old=null STARTING
  CANDIDATE s0@group-A7C5DBE940E2:t5, leader=null, voted=s0, raftlog=s0@group-A7C5DBE940E2-SegmentedRaftLog:OPENED:c-1,f-1,i0, conf=-1: [s3:0.0.0.0:38312, s4:0.0.0.0:41737, s0:0.0.0.0:41019, s1:0.0.0.0:38816, s2:0.0.0.0:40694], old=null RUNNING] size=2
  s1:  RUNNING [
   FOLLOWER s1@group-FEE41E240123:t0, leader=null, voted=null, raftlog=s1@group-FEE41E240123-SegmentedRaftLog:OPENED:c-1,f-1,i0, conf=-1: [], old=null STARTING
  CANDIDATE s1@group-A7C5DBE940E2:t5, leader=null, voted=s1, raftlog=s1@group-A7C5DBE940E2-SegmentedRaftLog:OPENED:c-1,f-1,i0, conf=-1: [s3:0.0.0.0:38312, s4:0.0.0.0:41737, s0:0.0.0.0:41019, s1:0.0.0.0:38816, s2:0.0.0.0:40694], old=null RUNNING] size=2
  s2:  RUNNING [
   FOLLOWER s2@group-FEE41E240123:t0, leader=null, voted=null, raftlog=s2@group-FEE41E240123-SegmentedRaftLog:OPENED:c-1,f-1,i0, conf=-1: [], old=null STARTING
  CANDIDATE s2@group-A7C5DBE940E2:t4, leader=null, voted=s2, raftlog=s2@group-A7C5DBE940E2-SegmentedRaftLog:OPENED:c-1,f-1,i0, conf=-1: [s3:0.0.0.0:38312, s4:0.0.0.0:41737, s0:0.0.0.0:41019, s1:0.0.0.0:38816, s2:0.0.0.0:40694], old=null RUNNING] size=2, sleep 450ms and then retry.
java.lang.IllegalStateException: No leader yet  for group-A7C5DBE940E2: printing group-A7C5DBE940E2
  s3:  RUNNING [
   FOLLOWER s3@group-FEE41E240123:t0, leader=null, voted=null, raftlog=s3@group-FEE41E240123-SegmentedRaftLog:OPENED:c-1,f-1,i0, conf=-1: [], old=null STARTING
  CANDIDATE s3@group-A7C5DBE940E2:t5, leader=null, voted=s3, raftlog=s3@group-A7C5DBE940E2-SegmentedRaftLog:OPENED:c-1,f-1,i0, conf=-1: [s3:0.0.0.0:38312, s4:0.0.0.0:41737, s0:0.0.0.0:41019, s1:0.0.0.0:38816, s2:0.0.0.0:40694], old=null RUNNING] size=2
  s4:  RUNNING [
   FOLLOWER s4@group-FEE41E240123:t0, leader=null, voted=null, raftlog=s4@group-FEE41E240123-SegmentedRaftLog:OPENED:c-1,f-1,i0, conf=-1: [], old=null STARTING
  CANDIDATE s4@group-A7C5DBE940E2:t4, leader=null, voted=s4, raftlog=s4@group-A7C5DBE940E2-SegmentedRaftLog:OPENED:c-1,f-1,i0, conf=-1: [s3:0.0.0.0:38312, s4:0.0.0.0:41737, s0:0.0.0.0:41019, s1:0.0.0.0:38816, s2:0.0.0.0:40694], old=null RUNNING] size=2
  s0:  RUNNING [
   FOLLOWER s0@group-FEE41E240123:t0, leader=null, voted=null, raftlog=s0@group-FEE41E240123-SegmentedRaftLog:OPENED:c-1,f-1,i0, conf=-1: [], old=null STARTING
  CANDIDATE s0@group-A7C5DBE940E2:t5, leader=null, voted=s0, raftlog=s0@group-A7C5DBE940E2-SegmentedRaftLog:OPENED:c-1,f-1,i0, conf=-1: [s3:0.0.0.0:38312, s4:0.0.0.0:41737, s0:0.0.0.0:41019, s1:0.0.0.0:38816, s2:0.0.0.0:40694], old=null RUNNING] size=2
  s1:  RUNNING [
   FOLLOWER s1@group-FEE41E240123:t0, leader=null, voted=null, raftlog=s1@group-FEE41E240123-SegmentedRaftLog:OPENED:c-1,f-1,i0, conf=-1: [], old=null STARTING
  CANDIDATE s1@group-A7C5DBE940E2:t5, leader=null, voted=s1, raftlog=s1@group-A7C5DBE940E2-SegmentedRaftLog:OPENED:c-1,f-1,i0, conf=-1: [s3:0.0.0.0:38312, s4:0.0.0.0:41737, s0:0.0.0.0:41019, s1:0.0.0.0:38816, s2:0.0.0.0:40694], old=null RUNNING] size=2
  s2:  RUNNING [
   FOLLOWER s2@group-FEE41E240123:t0, leader=null, voted=null, raftlog=s2@group-FEE41E240123-SegmentedRaftLog:OPENED:c-1,f-1,i0, conf=-1: [], old=null STARTING
  CANDIDATE s2@group-A7C5DBE940E2:t4, leader=null, voted=s2, raftlog=s2@group-A7C5DBE940E2-SegmentedRaftLog:OPENED:c-1,f-1,i0, conf=-1: [s3:0.0.0.0:38312, s4:0.0.0.0:41737, s0:0.0.0.0:41019, s1:0.0.0.0:38816, s2:0.0.0.0:40694], old=null RUNNING] size=2
	at org.apache.ratis.MiniRaftCluster.newIllegalStateExceptionForNoLeaders(MiniRaftCluster.java:506)
	at org.apache.ratis.RaftTestUtil.lambda$waitForLeader$1(RaftTestUtil.java:90)
	at org.apache.ratis.MiniRaftCluster.getLeader(MiniRaftCluster.java:539)
	at org.apache.ratis.MiniRaftCluster.getLeader(MiniRaftCluster.java:532)
	at org.apache.ratis.RaftTestUtil.lambda$waitForLeader$3(RaftTestUtil.java:98)
	at org.apache.ratis.util.JavaUtils.attempt(JavaUtils.java:152)
	at org.apache.ratis.RaftTestUtil.waitForLeader(RaftTestUtil.java:97)
	at org.apache.ratis.RaftTestUtil.waitForLeader(RaftTestUtil.java:77)
	at org.apache.ratis.server.impl.GroupManagementBaseTest.runMultiGroupTest(GroupManagementBaseTest.java:175)
	at org.apache.ratis.server.impl.GroupManagementBaseTest.runMultiGroupTest(GroupManagementBaseTest.java:126)
	at org.apache.ratis.server.impl.GroupManagementBaseTest.testMultiGroup9Nodes(GroupManagementBaseTest.java:121)
	at sun.reflect.NativeMethodAccessorImpl.invoke0(Native Method)
	at sun.reflect.NativeMethodAccessorImpl.invoke(NativeMethodAccessorImpl.java:62)
	at sun.reflect.DelegatingMethodAccessorImpl.invoke(DelegatingMethodAccessorImpl.java:43)
	at java.lang.reflect.Method.invoke(Method.java:498)
	at org.junit.runners.model.FrameworkMethod$1.runReflectiveCall(FrameworkMethod.java:50)
	at org.junit.internal.runners.model.ReflectiveCallable.run(ReflectiveCallable.java:12)
	at org.junit.runners.model.FrameworkMethod.invokeExplosively(FrameworkMethod.java:47)
	at org.junit.internal.runners.statements.InvokeMethod.evaluate(InvokeMethod.java:17)
	at org.junit.internal.runners.statements.RunAfters.evaluate(RunAfters.java:27)
	at org.junit.internal.runners.statements.FailOnTimeout$CallableStatement.call(FailOnTimeout.java:298)
	at org.junit.internal.runners.statements.FailOnTimeout$CallableStatement.call(FailOnTimeout.java:292)
	at java.util.concurrent.FutureTask.run(FutureTask.java:266)
	at java.lang.Thread.run(Thread.java:748)
2019-09-24 16:48:06,550 WARN  ratis.RaftTestUtil (JavaUtils.java:attempt(158)) - FAILED "waitForLeader-group-A7C5DBE940E2-(expectLeader? true)", attempt #48/100: java.lang.IllegalStateException: No leader yet  for group-A7C5DBE940E2: printing group-A7C5DBE940E2
  s3:  RUNNING [
   FOLLOWER s3@group-FEE41E240123:t0, leader=null, voted=null, raftlog=s3@group-FEE41E240123-SegmentedRaftLog:OPENED:c-1,f-1,i0, conf=-1: [], old=null STARTING
  CANDIDATE s3@group-A7C5DBE940E2:t5, leader=null, voted=s3, raftlog=s3@group-A7C5DBE940E2-SegmentedRaftLog:OPENED:c-1,f-1,i0, conf=-1: [s3:0.0.0.0:38312, s4:0.0.0.0:41737, s0:0.0.0.0:41019, s1:0.0.0.0:38816, s2:0.0.0.0:40694], old=null RUNNING] size=2
  s4:  RUNNING [
   FOLLOWER s4@group-FEE41E240123:t0, leader=null, voted=null, raftlog=s4@group-FEE41E240123-SegmentedRaftLog:OPENED:c-1,f-1,i0, conf=-1: [], old=null STARTING
  CANDIDATE s4@group-A7C5DBE940E2:t4, leader=null, voted=s4, raftlog=s4@group-A7C5DBE940E2-SegmentedRaftLog:OPENED:c-1,f-1,i0, conf=-1: [s3:0.0.0.0:38312, s4:0.0.0.0:41737, s0:0.0.0.0:41019, s1:0.0.0.0:38816, s2:0.0.0.0:40694], old=null RUNNING] size=2
  s0:  RUNNING [
   FOLLOWER s0@group-FEE41E240123:t0, leader=null, voted=null, raftlog=s0@group-FEE41E240123-SegmentedRaftLog:OPENED:c-1,f-1,i0, conf=-1: [], old=null STARTING
  CANDIDATE s0@group-A7C5DBE940E2:t5, leader=null, voted=s0, raftlog=s0@group-A7C5DBE940E2-SegmentedRaftLog:OPENED:c-1,f-1,i0, conf=-1: [s3:0.0.0.0:38312, s4:0.0.0.0:41737, s0:0.0.0.0:41019, s1:0.0.0.0:38816, s2:0.0.0.0:40694], old=null RUNNING] size=2
  s1:  RUNNING [
   FOLLOWER s1@group-FEE41E240123:t0, leader=null, voted=null, raftlog=s1@group-FEE41E240123-SegmentedRaftLog:OPENED:c-1,f-1,i0, conf=-1: [], old=null STARTING
  CANDIDATE s1@group-A7C5DBE940E2:t5, leader=null, voted=s1, raftlog=s1@group-A7C5DBE940E2-SegmentedRaftLog:OPENED:c-1,f-1,i0, conf=-1: [s3:0.0.0.0:38312, s4:0.0.0.0:41737, s0:0.0.0.0:41019, s1:0.0.0.0:38816, s2:0.0.0.0:40694], old=null RUNNING] size=2
  s2:  RUNNING [
   FOLLOWER s2@group-FEE41E240123:t0, leader=null, voted=null, raftlog=s2@group-FEE41E240123-SegmentedRaftLog:OPENED:c-1,f-1,i0, conf=-1: [], old=null STARTING
  CANDIDATE s2@group-A7C5DBE940E2:t4, leader=null, voted=s2, raftlog=s2@group-A7C5DBE940E2-SegmentedRaftLog:OPENED:c-1,f-1,i0, conf=-1: [s3:0.0.0.0:38312, s4:0.0.0.0:41737, s0:0.0.0.0:41019, s1:0.0.0.0:38816, s2:0.0.0.0:40694], old=null RUNNING] size=2, sleep 450ms and then retry.
java.lang.IllegalStateException: No leader yet  for group-A7C5DBE940E2: printing group-A7C5DBE940E2
  s3:  RUNNING [
   FOLLOWER s3@group-FEE41E240123:t0, leader=null, voted=null, raftlog=s3@group-FEE41E240123-SegmentedRaftLog:OPENED:c-1,f-1,i0, conf=-1: [], old=null STARTING
  CANDIDATE s3@group-A7C5DBE940E2:t5, leader=null, voted=s3, raftlog=s3@group-A7C5DBE940E2-SegmentedRaftLog:OPENED:c-1,f-1,i0, conf=-1: [s3:0.0.0.0:38312, s4:0.0.0.0:41737, s0:0.0.0.0:41019, s1:0.0.0.0:38816, s2:0.0.0.0:40694], old=null RUNNING] size=2
  s4:  RUNNING [
   FOLLOWER s4@group-FEE41E240123:t0, leader=null, voted=null, raftlog=s4@group-FEE41E240123-SegmentedRaftLog:OPENED:c-1,f-1,i0, conf=-1: [], old=null STARTING
  CANDIDATE s4@group-A7C5DBE940E2:t4, leader=null, voted=s4, raftlog=s4@group-A7C5DBE940E2-SegmentedRaftLog:OPENED:c-1,f-1,i0, conf=-1: [s3:0.0.0.0:38312, s4:0.0.0.0:41737, s0:0.0.0.0:41019, s1:0.0.0.0:38816, s2:0.0.0.0:40694], old=null RUNNING] size=2
  s0:  RUNNING [
   FOLLOWER s0@group-FEE41E240123:t0, leader=null, voted=null, raftlog=s0@group-FEE41E240123-SegmentedRaftLog:OPENED:c-1,f-1,i0, conf=-1: [], old=null STARTING
  CANDIDATE s0@group-A7C5DBE940E2:t5, leader=null, voted=s0, raftlog=s0@group-A7C5DBE940E2-SegmentedRaftLog:OPENED:c-1,f-1,i0, conf=-1: [s3:0.0.0.0:38312, s4:0.0.0.0:41737, s0:0.0.0.0:41019, s1:0.0.0.0:38816, s2:0.0.0.0:40694], old=null RUNNING] size=2
  s1:  RUNNING [
   FOLLOWER s1@group-FEE41E240123:t0, leader=null, voted=null, raftlog=s1@group-FEE41E240123-SegmentedRaftLog:OPENED:c-1,f-1,i0, conf=-1: [], old=null STARTING
  CANDIDATE s1@group-A7C5DBE940E2:t5, leader=null, voted=s1, raftlog=s1@group-A7C5DBE940E2-SegmentedRaftLog:OPENED:c-1,f-1,i0, conf=-1: [s3:0.0.0.0:38312, s4:0.0.0.0:41737, s0:0.0.0.0:41019, s1:0.0.0.0:38816, s2:0.0.0.0:40694], old=null RUNNING] size=2
  s2:  RUNNING [
   FOLLOWER s2@group-FEE41E240123:t0, leader=null, voted=null, raftlog=s2@group-FEE41E240123-SegmentedRaftLog:OPENED:c-1,f-1,i0, conf=-1: [], old=null STARTING
  CANDIDATE s2@group-A7C5DBE940E2:t4, leader=null, voted=s2, raftlog=s2@group-A7C5DBE940E2-SegmentedRaftLog:OPENED:c-1,f-1,i0, conf=-1: [s3:0.0.0.0:38312, s4:0.0.0.0:41737, s0:0.0.0.0:41019, s1:0.0.0.0:38816, s2:0.0.0.0:40694], old=null RUNNING] size=2
	at org.apache.ratis.MiniRaftCluster.newIllegalStateExceptionForNoLeaders(MiniRaftCluster.java:506)
	at org.apache.ratis.RaftTestUtil.lambda$waitForLeader$1(RaftTestUtil.java:90)
	at org.apache.ratis.MiniRaftCluster.getLeader(MiniRaftCluster.java:539)
	at org.apache.ratis.MiniRaftCluster.getLeader(MiniRaftCluster.java:532)
	at org.apache.ratis.RaftTestUtil.lambda$waitForLeader$3(RaftTestUtil.java:98)
	at org.apache.ratis.util.JavaUtils.attempt(JavaUtils.java:152)
	at org.apache.ratis.RaftTestUtil.waitForLeader(RaftTestUtil.java:97)
	at org.apache.ratis.RaftTestUtil.waitForLeader(RaftTestUtil.java:77)
	at org.apache.ratis.server.impl.GroupManagementBaseTest.runMultiGroupTest(GroupManagementBaseTest.java:175)
	at org.apache.ratis.server.impl.GroupManagementBaseTest.runMultiGroupTest(GroupManagementBaseTest.java:126)
	at org.apache.ratis.server.impl.GroupManagementBaseTest.testMultiGroup9Nodes(GroupManagementBaseTest.java:121)
	at sun.reflect.NativeMethodAccessorImpl.invoke0(Native Method)
	at sun.reflect.NativeMethodAccessorImpl.invoke(NativeMethodAccessorImpl.java:62)
	at sun.reflect.DelegatingMethodAccessorImpl.invoke(DelegatingMethodAccessorImpl.java:43)
	at java.lang.reflect.Method.invoke(Method.java:498)
	at org.junit.runners.model.FrameworkMethod$1.runReflectiveCall(FrameworkMethod.java:50)
	at org.junit.internal.runners.model.ReflectiveCallable.run(ReflectiveCallable.java:12)
	at org.junit.runners.model.FrameworkMethod.invokeExplosively(FrameworkMethod.java:47)
	at org.junit.internal.runners.statements.InvokeMethod.evaluate(InvokeMethod.java:17)
	at org.junit.internal.runners.statements.RunAfters.evaluate(RunAfters.java:27)
	at org.junit.internal.runners.statements.FailOnTimeout$CallableStatement.call(FailOnTimeout.java:298)
	at org.junit.internal.runners.statements.FailOnTimeout$CallableStatement.call(FailOnTimeout.java:292)
	at java.util.concurrent.FutureTask.run(FutureTask.java:266)
	at java.lang.Thread.run(Thread.java:748)
2019-09-24 16:48:07,002 WARN  ratis.RaftTestUtil (JavaUtils.java:attempt(158)) - FAILED "waitForLeader-group-A7C5DBE940E2-(expectLeader? true)", attempt #49/100: java.lang.IllegalStateException: No leader yet  for group-A7C5DBE940E2: printing group-A7C5DBE940E2
  s3:  RUNNING [
   FOLLOWER s3@group-FEE41E240123:t0, leader=null, voted=null, raftlog=s3@group-FEE41E240123-SegmentedRaftLog:OPENED:c-1,f-1,i0, conf=-1: [], old=null STARTING
  CANDIDATE s3@group-A7C5DBE940E2:t5, leader=null, voted=s3, raftlog=s3@group-A7C5DBE940E2-SegmentedRaftLog:OPENED:c-1,f-1,i0, conf=-1: [s3:0.0.0.0:38312, s4:0.0.0.0:41737, s0:0.0.0.0:41019, s1:0.0.0.0:38816, s2:0.0.0.0:40694], old=null RUNNING] size=2
  s4:  RUNNING [
   FOLLOWER s4@group-FEE41E240123:t0, leader=null, voted=null, raftlog=s4@group-FEE41E240123-SegmentedRaftLog:OPENED:c-1,f-1,i0, conf=-1: [], old=null STARTING
  CANDIDATE s4@group-A7C5DBE940E2:t4, leader=null, voted=s4, raftlog=s4@group-A7C5DBE940E2-SegmentedRaftLog:OPENED:c-1,f-1,i0, conf=-1: [s3:0.0.0.0:38312, s4:0.0.0.0:41737, s0:0.0.0.0:41019, s1:0.0.0.0:38816, s2:0.0.0.0:40694], old=null RUNNING] size=2
  s0:  RUNNING [
   FOLLOWER s0@group-FEE41E240123:t0, leader=null, voted=null, raftlog=s0@group-FEE41E240123-SegmentedRaftLog:OPENED:c-1,f-1,i0, conf=-1: [], old=null STARTING
  CANDIDATE s0@group-A7C5DBE940E2:t5, leader=null, voted=s0, raftlog=s0@group-A7C5DBE940E2-SegmentedRaftLog:OPENED:c-1,f-1,i0, conf=-1: [s3:0.0.0.0:38312, s4:0.0.0.0:41737, s0:0.0.0.0:41019, s1:0.0.0.0:38816, s2:0.0.0.0:40694], old=null RUNNING] size=2
  s1:  RUNNING [
   FOLLOWER s1@group-FEE41E240123:t0, leader=null, voted=null, raftlog=s1@group-FEE41E240123-SegmentedRaftLog:OPENED:c-1,f-1,i0, conf=-1: [], old=null STARTING
  CANDIDATE s1@group-A7C5DBE940E2:t5, leader=null, voted=s1, raftlog=s1@group-A7C5DBE940E2-SegmentedRaftLog:OPENED:c-1,f-1,i0, conf=-1: [s3:0.0.0.0:38312, s4:0.0.0.0:41737, s0:0.0.0.0:41019, s1:0.0.0.0:38816, s2:0.0.0.0:40694], old=null RUNNING] size=2
  s2:  RUNNING [
   FOLLOWER s2@group-FEE41E240123:t0, leader=null, voted=null, raftlog=s2@group-FEE41E240123-SegmentedRaftLog:OPENED:c-1,f-1,i0, conf=-1: [], old=null STARTING
  CANDIDATE s2@group-A7C5DBE940E2:t4, leader=null, voted=s2, raftlog=s2@group-A7C5DBE940E2-SegmentedRaftLog:OPENED:c-1,f-1,i0, conf=-1: [s3:0.0.0.0:38312, s4:0.0.0.0:41737, s0:0.0.0.0:41019, s1:0.0.0.0:38816, s2:0.0.0.0:40694], old=null RUNNING] size=2, sleep 450ms and then retry.
java.lang.IllegalStateException: No leader yet  for group-A7C5DBE940E2: printing group-A7C5DBE940E2
  s3:  RUNNING [
   FOLLOWER s3@group-FEE41E240123:t0, leader=null, voted=null, raftlog=s3@group-FEE41E240123-SegmentedRaftLog:OPENED:c-1,f-1,i0, conf=-1: [], old=null STARTING
  CANDIDATE s3@group-A7C5DBE940E2:t5, leader=null, voted=s3, raftlog=s3@group-A7C5DBE940E2-SegmentedRaftLog:OPENED:c-1,f-1,i0, conf=-1: [s3:0.0.0.0:38312, s4:0.0.0.0:41737, s0:0.0.0.0:41019, s1:0.0.0.0:38816, s2:0.0.0.0:40694], old=null RUNNING] size=2
  s4:  RUNNING [
   FOLLOWER s4@group-FEE41E240123:t0, leader=null, voted=null, raftlog=s4@group-FEE41E240123-SegmentedRaftLog:OPENED:c-1,f-1,i0, conf=-1: [], old=null STARTING
  CANDIDATE s4@group-A7C5DBE940E2:t4, leader=null, voted=s4, raftlog=s4@group-A7C5DBE940E2-SegmentedRaftLog:OPENED:c-1,f-1,i0, conf=-1: [s3:0.0.0.0:38312, s4:0.0.0.0:41737, s0:0.0.0.0:41019, s1:0.0.0.0:38816, s2:0.0.0.0:40694], old=null RUNNING] size=2
  s0:  RUNNING [
   FOLLOWER s0@group-FEE41E240123:t0, leader=null, voted=null, raftlog=s0@group-FEE41E240123-SegmentedRaftLog:OPENED:c-1,f-1,i0, conf=-1: [], old=null STARTING
  CANDIDATE s0@group-A7C5DBE940E2:t5, leader=null, voted=s0, raftlog=s0@group-A7C5DBE940E2-SegmentedRaftLog:OPENED:c-1,f-1,i0, conf=-1: [s3:0.0.0.0:38312, s4:0.0.0.0:41737, s0:0.0.0.0:41019, s1:0.0.0.0:38816, s2:0.0.0.0:40694], old=null RUNNING] size=2
  s1:  RUNNING [
   FOLLOWER s1@group-FEE41E240123:t0, leader=null, voted=null, raftlog=s1@group-FEE41E240123-SegmentedRaftLog:OPENED:c-1,f-1,i0, conf=-1: [], old=null STARTING
  CANDIDATE s1@group-A7C5DBE940E2:t5, leader=null, voted=s1, raftlog=s1@group-A7C5DBE940E2-SegmentedRaftLog:OPENED:c-1,f-1,i0, conf=-1: [s3:0.0.0.0:38312, s4:0.0.0.0:41737, s0:0.0.0.0:41019, s1:0.0.0.0:38816, s2:0.0.0.0:40694], old=null RUNNING] size=2
  s2:  RUNNING [
   FOLLOWER s2@group-FEE41E240123:t0, leader=null, voted=null, raftlog=s2@group-FEE41E240123-SegmentedRaftLog:OPENED:c-1,f-1,i0, conf=-1: [], old=null STARTING
  CANDIDATE s2@group-A7C5DBE940E2:t4, leader=null, voted=s2, raftlog=s2@group-A7C5DBE940E2-SegmentedRaftLog:OPENED:c-1,f-1,i0, conf=-1: [s3:0.0.0.0:38312, s4:0.0.0.0:41737, s0:0.0.0.0:41019, s1:0.0.0.0:38816, s2:0.0.0.0:40694], old=null RUNNING] size=2
	at org.apache.ratis.MiniRaftCluster.newIllegalStateExceptionForNoLeaders(MiniRaftCluster.java:506)
	at org.apache.ratis.RaftTestUtil.lambda$waitForLeader$1(RaftTestUtil.java:90)
	at org.apache.ratis.MiniRaftCluster.getLeader(MiniRaftCluster.java:539)
	at org.apache.ratis.MiniRaftCluster.getLeader(MiniRaftCluster.java:532)
	at org.apache.ratis.RaftTestUtil.lambda$waitForLeader$3(RaftTestUtil.java:98)
	at org.apache.ratis.util.JavaUtils.attempt(JavaUtils.java:152)
	at org.apache.ratis.RaftTestUtil.waitForLeader(RaftTestUtil.java:97)
	at org.apache.ratis.RaftTestUtil.waitForLeader(RaftTestUtil.java:77)
	at org.apache.ratis.server.impl.GroupManagementBaseTest.runMultiGroupTest(GroupManagementBaseTest.java:175)
	at org.apache.ratis.server.impl.GroupManagementBaseTest.runMultiGroupTest(GroupManagementBaseTest.java:126)
	at org.apache.ratis.server.impl.GroupManagementBaseTest.testMultiGroup9Nodes(GroupManagementBaseTest.java:121)
	at sun.reflect.NativeMethodAccessorImpl.invoke0(Native Method)
	at sun.reflect.NativeMethodAccessorImpl.invoke(NativeMethodAccessorImpl.java:62)
	at sun.reflect.DelegatingMethodAccessorImpl.invoke(DelegatingMethodAccessorImpl.java:43)
	at java.lang.reflect.Method.invoke(Method.java:498)
	at org.junit.runners.model.FrameworkMethod$1.runReflectiveCall(FrameworkMethod.java:50)
	at org.junit.internal.runners.model.ReflectiveCallable.run(ReflectiveCallable.java:12)
	at org.junit.runners.model.FrameworkMethod.invokeExplosively(FrameworkMethod.java:47)
	at org.junit.internal.runners.statements.InvokeMethod.evaluate(InvokeMethod.java:17)
	at org.junit.internal.runners.statements.RunAfters.evaluate(RunAfters.java:27)
	at org.junit.internal.runners.statements.FailOnTimeout$CallableStatement.call(FailOnTimeout.java:298)
	at org.junit.internal.runners.statements.FailOnTimeout$CallableStatement.call(FailOnTimeout.java:292)
	at java.util.concurrent.FutureTask.run(FutureTask.java:266)
	at java.lang.Thread.run(Thread.java:748)
2019-09-24 16:48:07,454 WARN  ratis.RaftTestUtil (JavaUtils.java:attempt(158)) - FAILED "waitForLeader-group-A7C5DBE940E2-(expectLeader? true)", attempt #50/100: java.lang.IllegalStateException: No leader yet  for group-A7C5DBE940E2: printing group-A7C5DBE940E2
  s3:  RUNNING [
   FOLLOWER s3@group-FEE41E240123:t0, leader=null, voted=null, raftlog=s3@group-FEE41E240123-SegmentedRaftLog:OPENED:c-1,f-1,i0, conf=-1: [], old=null STARTING
  CANDIDATE s3@group-A7C5DBE940E2:t5, leader=null, voted=s3, raftlog=s3@group-A7C5DBE940E2-SegmentedRaftLog:OPENED:c-1,f-1,i0, conf=-1: [s3:0.0.0.0:38312, s4:0.0.0.0:41737, s0:0.0.0.0:41019, s1:0.0.0.0:38816, s2:0.0.0.0:40694], old=null RUNNING] size=2
  s4:  RUNNING [
   FOLLOWER s4@group-FEE41E240123:t0, leader=null, voted=null, raftlog=s4@group-FEE41E240123-SegmentedRaftLog:OPENED:c-1,f-1,i0, conf=-1: [], old=null STARTING
  CANDIDATE s4@group-A7C5DBE940E2:t4, leader=null, voted=s4, raftlog=s4@group-A7C5DBE940E2-SegmentedRaftLog:OPENED:c-1,f-1,i0, conf=-1: [s3:0.0.0.0:38312, s4:0.0.0.0:41737, s0:0.0.0.0:41019, s1:0.0.0.0:38816, s2:0.0.0.0:40694], old=null RUNNING] size=2
  s0:  RUNNING [
   FOLLOWER s0@group-FEE41E240123:t0, leader=null, voted=null, raftlog=s0@group-FEE41E240123-SegmentedRaftLog:OPENED:c-1,f-1,i0, conf=-1: [], old=null STARTING
  CANDIDATE s0@group-A7C5DBE940E2:t5, leader=null, voted=s0, raftlog=s0@group-A7C5DBE940E2-SegmentedRaftLog:OPENED:c-1,f-1,i0, conf=-1: [s3:0.0.0.0:38312, s4:0.0.0.0:41737, s0:0.0.0.0:41019, s1:0.0.0.0:38816, s2:0.0.0.0:40694], old=null RUNNING] size=2
  s1:  RUNNING [
   FOLLOWER s1@group-FEE41E240123:t0, leader=null, voted=null, raftlog=s1@group-FEE41E240123-SegmentedRaftLog:OPENED:c-1,f-1,i0, conf=-1: [], old=null STARTING
  CANDIDATE s1@group-A7C5DBE940E2:t5, leader=null, voted=s1, raftlog=s1@group-A7C5DBE940E2-SegmentedRaftLog:OPENED:c-1,f-1,i0, conf=-1: [s3:0.0.0.0:38312, s4:0.0.0.0:41737, s0:0.0.0.0:41019, s1:0.0.0.0:38816, s2:0.0.0.0:40694], old=null RUNNING] size=2
  s2:  RUNNING [
   FOLLOWER s2@group-FEE41E240123:t0, leader=null, voted=null, raftlog=s2@group-FEE41E240123-SegmentedRaftLog:OPENED:c-1,f-1,i0, conf=-1: [], old=null STARTING
  CANDIDATE s2@group-A7C5DBE940E2:t4, leader=null, voted=s2, raftlog=s2@group-A7C5DBE940E2-SegmentedRaftLog:OPENED:c-1,f-1,i0, conf=-1: [s3:0.0.0.0:38312, s4:0.0.0.0:41737, s0:0.0.0.0:41019, s1:0.0.0.0:38816, s2:0.0.0.0:40694], old=null RUNNING] size=2, sleep 450ms and then retry.
java.lang.IllegalStateException: No leader yet  for group-A7C5DBE940E2: printing group-A7C5DBE940E2
  s3:  RUNNING [
   FOLLOWER s3@group-FEE41E240123:t0, leader=null, voted=null, raftlog=s3@group-FEE41E240123-SegmentedRaftLog:OPENED:c-1,f-1,i0, conf=-1: [], old=null STARTING
  CANDIDATE s3@group-A7C5DBE940E2:t5, leader=null, voted=s3, raftlog=s3@group-A7C5DBE940E2-SegmentedRaftLog:OPENED:c-1,f-1,i0, conf=-1: [s3:0.0.0.0:38312, s4:0.0.0.0:41737, s0:0.0.0.0:41019, s1:0.0.0.0:38816, s2:0.0.0.0:40694], old=null RUNNING] size=2
  s4:  RUNNING [
   FOLLOWER s4@group-FEE41E240123:t0, leader=null, voted=null, raftlog=s4@group-FEE41E240123-SegmentedRaftLog:OPENED:c-1,f-1,i0, conf=-1: [], old=null STARTING
  CANDIDATE s4@group-A7C5DBE940E2:t4, leader=null, voted=s4, raftlog=s4@group-A7C5DBE940E2-SegmentedRaftLog:OPENED:c-1,f-1,i0, conf=-1: [s3:0.0.0.0:38312, s4:0.0.0.0:41737, s0:0.0.0.0:41019, s1:0.0.0.0:38816, s2:0.0.0.0:40694], old=null RUNNING] size=2
  s0:  RUNNING [
   FOLLOWER s0@group-FEE41E240123:t0, leader=null, voted=null, raftlog=s0@group-FEE41E240123-SegmentedRaftLog:OPENED:c-1,f-1,i0, conf=-1: [], old=null STARTING
  CANDIDATE s0@group-A7C5DBE940E2:t5, leader=null, voted=s0, raftlog=s0@group-A7C5DBE940E2-SegmentedRaftLog:OPENED:c-1,f-1,i0, conf=-1: [s3:0.0.0.0:38312, s4:0.0.0.0:41737, s0:0.0.0.0:41019, s1:0.0.0.0:38816, s2:0.0.0.0:40694], old=null RUNNING] size=2
  s1:  RUNNING [
   FOLLOWER s1@group-FEE41E240123:t0, leader=null, voted=null, raftlog=s1@group-FEE41E240123-SegmentedRaftLog:OPENED:c-1,f-1,i0, conf=-1: [], old=null STARTING
  CANDIDATE s1@group-A7C5DBE940E2:t5, leader=null, voted=s1, raftlog=s1@group-A7C5DBE940E2-SegmentedRaftLog:OPENED:c-1,f-1,i0, conf=-1: [s3:0.0.0.0:38312, s4:0.0.0.0:41737, s0:0.0.0.0:41019, s1:0.0.0.0:38816, s2:0.0.0.0:40694], old=null RUNNING] size=2
  s2:  RUNNING [
   FOLLOWER s2@group-FEE41E240123:t0, leader=null, voted=null, raftlog=s2@group-FEE41E240123-SegmentedRaftLog:OPENED:c-1,f-1,i0, conf=-1: [], old=null STARTING
  CANDIDATE s2@group-A7C5DBE940E2:t4, leader=null, voted=s2, raftlog=s2@group-A7C5DBE940E2-SegmentedRaftLog:OPENED:c-1,f-1,i0, conf=-1: [s3:0.0.0.0:38312, s4:0.0.0.0:41737, s0:0.0.0.0:41019, s1:0.0.0.0:38816, s2:0.0.0.0:40694], old=null RUNNING] size=2
	at org.apache.ratis.MiniRaftCluster.newIllegalStateExceptionForNoLeaders(MiniRaftCluster.java:506)
	at org.apache.ratis.RaftTestUtil.lambda$waitForLeader$1(RaftTestUtil.java:90)
	at org.apache.ratis.MiniRaftCluster.getLeader(MiniRaftCluster.java:539)
	at org.apache.ratis.MiniRaftCluster.getLeader(MiniRaftCluster.java:532)
	at org.apache.ratis.RaftTestUtil.lambda$waitForLeader$3(RaftTestUtil.java:98)
	at org.apache.ratis.util.JavaUtils.attempt(JavaUtils.java:152)
	at org.apache.ratis.RaftTestUtil.waitForLeader(RaftTestUtil.java:97)
	at org.apache.ratis.RaftTestUtil.waitForLeader(RaftTestUtil.java:77)
	at org.apache.ratis.server.impl.GroupManagementBaseTest.runMultiGroupTest(GroupManagementBaseTest.java:175)
	at org.apache.ratis.server.impl.GroupManagementBaseTest.runMultiGroupTest(GroupManagementBaseTest.java:126)
	at org.apache.ratis.server.impl.GroupManagementBaseTest.testMultiGroup9Nodes(GroupManagementBaseTest.java:121)
	at sun.reflect.NativeMethodAccessorImpl.invoke0(Native Method)
	at sun.reflect.NativeMethodAccessorImpl.invoke(NativeMethodAccessorImpl.java:62)
	at sun.reflect.DelegatingMethodAccessorImpl.invoke(DelegatingMethodAccessorImpl.java:43)
	at java.lang.reflect.Method.invoke(Method.java:498)
	at org.junit.runners.model.FrameworkMethod$1.runReflectiveCall(FrameworkMethod.java:50)
	at org.junit.internal.runners.model.ReflectiveCallable.run(ReflectiveCallable.java:12)
	at org.junit.runners.model.FrameworkMethod.invokeExplosively(FrameworkMethod.java:47)
	at org.junit.internal.runners.statements.InvokeMethod.evaluate(InvokeMethod.java:17)
	at org.junit.internal.runners.statements.RunAfters.evaluate(RunAfters.java:27)
	at org.junit.internal.runners.statements.FailOnTimeout$CallableStatement.call(FailOnTimeout.java:298)
	at org.junit.internal.runners.statements.FailOnTimeout$CallableStatement.call(FailOnTimeout.java:292)
	at java.util.concurrent.FutureTask.run(FutureTask.java:266)
	at java.lang.Thread.run(Thread.java:748)
2019-09-24 16:48:07,906 WARN  ratis.RaftTestUtil (JavaUtils.java:attempt(158)) - FAILED "waitForLeader-group-A7C5DBE940E2-(expectLeader? true)", attempt #51/100: java.lang.IllegalStateException: No leader yet  for group-A7C5DBE940E2: printing group-A7C5DBE940E2
  s3:  RUNNING [
   FOLLOWER s3@group-FEE41E240123:t0, leader=null, voted=null, raftlog=s3@group-FEE41E240123-SegmentedRaftLog:OPENED:c-1,f-1,i0, conf=-1: [], old=null STARTING
  CANDIDATE s3@group-A7C5DBE940E2:t5, leader=null, voted=s3, raftlog=s3@group-A7C5DBE940E2-SegmentedRaftLog:OPENED:c-1,f-1,i0, conf=-1: [s3:0.0.0.0:38312, s4:0.0.0.0:41737, s0:0.0.0.0:41019, s1:0.0.0.0:38816, s2:0.0.0.0:40694], old=null RUNNING] size=2
  s4:  RUNNING [
   FOLLOWER s4@group-FEE41E240123:t0, leader=null, voted=null, raftlog=s4@group-FEE41E240123-SegmentedRaftLog:OPENED:c-1,f-1,i0, conf=-1: [], old=null STARTING
  CANDIDATE s4@group-A7C5DBE940E2:t4, leader=null, voted=s4, raftlog=s4@group-A7C5DBE940E2-SegmentedRaftLog:OPENED:c-1,f-1,i0, conf=-1: [s3:0.0.0.0:38312, s4:0.0.0.0:41737, s0:0.0.0.0:41019, s1:0.0.0.0:38816, s2:0.0.0.0:40694], old=null RUNNING] size=2
  s0:  RUNNING [
   FOLLOWER s0@group-FEE41E240123:t0, leader=null, voted=null, raftlog=s0@group-FEE41E240123-SegmentedRaftLog:OPENED:c-1,f-1,i0, conf=-1: [], old=null STARTING
  CANDIDATE s0@group-A7C5DBE940E2:t5, leader=null, voted=s0, raftlog=s0@group-A7C5DBE940E2-SegmentedRaftLog:OPENED:c-1,f-1,i0, conf=-1: [s3:0.0.0.0:38312, s4:0.0.0.0:41737, s0:0.0.0.0:41019, s1:0.0.0.0:38816, s2:0.0.0.0:40694], old=null RUNNING] size=2
  s1:  RUNNING [
   FOLLOWER s1@group-FEE41E240123:t0, leader=null, voted=null, raftlog=s1@group-FEE41E240123-SegmentedRaftLog:OPENED:c-1,f-1,i0, conf=-1: [], old=null STARTING
  CANDIDATE s1@group-A7C5DBE940E2:t5, leader=null, voted=s1, raftlog=s1@group-A7C5DBE940E2-SegmentedRaftLog:OPENED:c-1,f-1,i0, conf=-1: [s3:0.0.0.0:38312, s4:0.0.0.0:41737, s0:0.0.0.0:41019, s1:0.0.0.0:38816, s2:0.0.0.0:40694], old=null RUNNING] size=2
  s2:  RUNNING [
   FOLLOWER s2@group-FEE41E240123:t0, leader=null, voted=null, raftlog=s2@group-FEE41E240123-SegmentedRaftLog:OPENED:c-1,f-1,i0, conf=-1: [], old=null STARTING
  CANDIDATE s2@group-A7C5DBE940E2:t4, leader=null, voted=s2, raftlog=s2@group-A7C5DBE940E2-SegmentedRaftLog:OPENED:c-1,f-1,i0, conf=-1: [s3:0.0.0.0:38312, s4:0.0.0.0:41737, s0:0.0.0.0:41019, s1:0.0.0.0:38816, s2:0.0.0.0:40694], old=null RUNNING] size=2, sleep 450ms and then retry.
java.lang.IllegalStateException: No leader yet  for group-A7C5DBE940E2: printing group-A7C5DBE940E2
  s3:  RUNNING [
   FOLLOWER s3@group-FEE41E240123:t0, leader=null, voted=null, raftlog=s3@group-FEE41E240123-SegmentedRaftLog:OPENED:c-1,f-1,i0, conf=-1: [], old=null STARTING
  CANDIDATE s3@group-A7C5DBE940E2:t5, leader=null, voted=s3, raftlog=s3@group-A7C5DBE940E2-SegmentedRaftLog:OPENED:c-1,f-1,i0, conf=-1: [s3:0.0.0.0:38312, s4:0.0.0.0:41737, s0:0.0.0.0:41019, s1:0.0.0.0:38816, s2:0.0.0.0:40694], old=null RUNNING] size=2
  s4:  RUNNING [
   FOLLOWER s4@group-FEE41E240123:t0, leader=null, voted=null, raftlog=s4@group-FEE41E240123-SegmentedRaftLog:OPENED:c-1,f-1,i0, conf=-1: [], old=null STARTING
  CANDIDATE s4@group-A7C5DBE940E2:t4, leader=null, voted=s4, raftlog=s4@group-A7C5DBE940E2-SegmentedRaftLog:OPENED:c-1,f-1,i0, conf=-1: [s3:0.0.0.0:38312, s4:0.0.0.0:41737, s0:0.0.0.0:41019, s1:0.0.0.0:38816, s2:0.0.0.0:40694], old=null RUNNING] size=2
  s0:  RUNNING [
   FOLLOWER s0@group-FEE41E240123:t0, leader=null, voted=null, raftlog=s0@group-FEE41E240123-SegmentedRaftLog:OPENED:c-1,f-1,i0, conf=-1: [], old=null STARTING
  CANDIDATE s0@group-A7C5DBE940E2:t5, leader=null, voted=s0, raftlog=s0@group-A7C5DBE940E2-SegmentedRaftLog:OPENED:c-1,f-1,i0, conf=-1: [s3:0.0.0.0:38312, s4:0.0.0.0:41737, s0:0.0.0.0:41019, s1:0.0.0.0:38816, s2:0.0.0.0:40694], old=null RUNNING] size=2
  s1:  RUNNING [
   FOLLOWER s1@group-FEE41E240123:t0, leader=null, voted=null, raftlog=s1@group-FEE41E240123-SegmentedRaftLog:OPENED:c-1,f-1,i0, conf=-1: [], old=null STARTING
  CANDIDATE s1@group-A7C5DBE940E2:t5, leader=null, voted=s1, raftlog=s1@group-A7C5DBE940E2-SegmentedRaftLog:OPENED:c-1,f-1,i0, conf=-1: [s3:0.0.0.0:38312, s4:0.0.0.0:41737, s0:0.0.0.0:41019, s1:0.0.0.0:38816, s2:0.0.0.0:40694], old=null RUNNING] size=2
  s2:  RUNNING [
   FOLLOWER s2@group-FEE41E240123:t0, leader=null, voted=null, raftlog=s2@group-FEE41E240123-SegmentedRaftLog:OPENED:c-1,f-1,i0, conf=-1: [], old=null STARTING
  CANDIDATE s2@group-A7C5DBE940E2:t4, leader=null, voted=s2, raftlog=s2@group-A7C5DBE940E2-SegmentedRaftLog:OPENED:c-1,f-1,i0, conf=-1: [s3:0.0.0.0:38312, s4:0.0.0.0:41737, s0:0.0.0.0:41019, s1:0.0.0.0:38816, s2:0.0.0.0:40694], old=null RUNNING] size=2
	at org.apache.ratis.MiniRaftCluster.newIllegalStateExceptionForNoLeaders(MiniRaftCluster.java:506)
	at org.apache.ratis.RaftTestUtil.lambda$waitForLeader$1(RaftTestUtil.java:90)
	at org.apache.ratis.MiniRaftCluster.getLeader(MiniRaftCluster.java:539)
	at org.apache.ratis.MiniRaftCluster.getLeader(MiniRaftCluster.java:532)
	at org.apache.ratis.RaftTestUtil.lambda$waitForLeader$3(RaftTestUtil.java:98)
	at org.apache.ratis.util.JavaUtils.attempt(JavaUtils.java:152)
	at org.apache.ratis.RaftTestUtil.waitForLeader(RaftTestUtil.java:97)
	at org.apache.ratis.RaftTestUtil.waitForLeader(RaftTestUtil.java:77)
	at org.apache.ratis.server.impl.GroupManagementBaseTest.runMultiGroupTest(GroupManagementBaseTest.java:175)
	at org.apache.ratis.server.impl.GroupManagementBaseTest.runMultiGroupTest(GroupManagementBaseTest.java:126)
	at org.apache.ratis.server.impl.GroupManagementBaseTest.testMultiGroup9Nodes(GroupManagementBaseTest.java:121)
	at sun.reflect.NativeMethodAccessorImpl.invoke0(Native Method)
	at sun.reflect.NativeMethodAccessorImpl.invoke(NativeMethodAccessorImpl.java:62)
	at sun.reflect.DelegatingMethodAccessorImpl.invoke(DelegatingMethodAccessorImpl.java:43)
	at java.lang.reflect.Method.invoke(Method.java:498)
	at org.junit.runners.model.FrameworkMethod$1.runReflectiveCall(FrameworkMethod.java:50)
	at org.junit.internal.runners.model.ReflectiveCallable.run(ReflectiveCallable.java:12)
	at org.junit.runners.model.FrameworkMethod.invokeExplosively(FrameworkMethod.java:47)
	at org.junit.internal.runners.statements.InvokeMethod.evaluate(InvokeMethod.java:17)
	at org.junit.internal.runners.statements.RunAfters.evaluate(RunAfters.java:27)
	at org.junit.internal.runners.statements.FailOnTimeout$CallableStatement.call(FailOnTimeout.java:298)
	at org.junit.internal.runners.statements.FailOnTimeout$CallableStatement.call(FailOnTimeout.java:292)
	at java.util.concurrent.FutureTask.run(FutureTask.java:266)
	at java.lang.Thread.run(Thread.java:748)
2019-09-24 16:48:08,358 WARN  ratis.RaftTestUtil (JavaUtils.java:attempt(158)) - FAILED "waitForLeader-group-A7C5DBE940E2-(expectLeader? true)", attempt #52/100: java.lang.IllegalStateException: No leader yet  for group-A7C5DBE940E2: printing group-A7C5DBE940E2
  s3:  RUNNING [
   FOLLOWER s3@group-FEE41E240123:t0, leader=null, voted=null, raftlog=s3@group-FEE41E240123-SegmentedRaftLog:OPENED:c-1,f-1,i0, conf=-1: [], old=null STARTING
  CANDIDATE s3@group-A7C5DBE940E2:t5, leader=null, voted=s3, raftlog=s3@group-A7C5DBE940E2-SegmentedRaftLog:OPENED:c-1,f-1,i0, conf=-1: [s3:0.0.0.0:38312, s4:0.0.0.0:41737, s0:0.0.0.0:41019, s1:0.0.0.0:38816, s2:0.0.0.0:40694], old=null RUNNING] size=2
  s4:  RUNNING [
   FOLLOWER s4@group-FEE41E240123:t0, leader=null, voted=null, raftlog=s4@group-FEE41E240123-SegmentedRaftLog:OPENED:c-1,f-1,i0, conf=-1: [], old=null STARTING
  CANDIDATE s4@group-A7C5DBE940E2:t4, leader=null, voted=s4, raftlog=s4@group-A7C5DBE940E2-SegmentedRaftLog:OPENED:c-1,f-1,i0, conf=-1: [s3:0.0.0.0:38312, s4:0.0.0.0:41737, s0:0.0.0.0:41019, s1:0.0.0.0:38816, s2:0.0.0.0:40694], old=null RUNNING] size=2
  s0:  RUNNING [
   FOLLOWER s0@group-FEE41E240123:t0, leader=null, voted=null, raftlog=s0@group-FEE41E240123-SegmentedRaftLog:OPENED:c-1,f-1,i0, conf=-1: [], old=null STARTING
  CANDIDATE s0@group-A7C5DBE940E2:t5, leader=null, voted=s0, raftlog=s0@group-A7C5DBE940E2-SegmentedRaftLog:OPENED:c-1,f-1,i0, conf=-1: [s3:0.0.0.0:38312, s4:0.0.0.0:41737, s0:0.0.0.0:41019, s1:0.0.0.0:38816, s2:0.0.0.0:40694], old=null RUNNING] size=2
  s1:  RUNNING [
   FOLLOWER s1@group-FEE41E240123:t0, leader=null, voted=null, raftlog=s1@group-FEE41E240123-SegmentedRaftLog:OPENED:c-1,f-1,i0, conf=-1: [], old=null STARTING
  CANDIDATE s1@group-A7C5DBE940E2:t5, leader=null, voted=s1, raftlog=s1@group-A7C5DBE940E2-SegmentedRaftLog:OPENED:c-1,f-1,i0, conf=-1: [s3:0.0.0.0:38312, s4:0.0.0.0:41737, s0:0.0.0.0:41019, s1:0.0.0.0:38816, s2:0.0.0.0:40694], old=null RUNNING] size=2
  s2:  RUNNING [
   FOLLOWER s2@group-FEE41E240123:t0, leader=null, voted=null, raftlog=s2@group-FEE41E240123-SegmentedRaftLog:OPENED:c-1,f-1,i0, conf=-1: [], old=null STARTING
  CANDIDATE s2@group-A7C5DBE940E2:t4, leader=null, voted=s2, raftlog=s2@group-A7C5DBE940E2-SegmentedRaftLog:OPENED:c-1,f-1,i0, conf=-1: [s3:0.0.0.0:38312, s4:0.0.0.0:41737, s0:0.0.0.0:41019, s1:0.0.0.0:38816, s2:0.0.0.0:40694], old=null RUNNING] size=2, sleep 450ms and then retry.
java.lang.IllegalStateException: No leader yet  for group-A7C5DBE940E2: printing group-A7C5DBE940E2
  s3:  RUNNING [
   FOLLOWER s3@group-FEE41E240123:t0, leader=null, voted=null, raftlog=s3@group-FEE41E240123-SegmentedRaftLog:OPENED:c-1,f-1,i0, conf=-1: [], old=null STARTING
  CANDIDATE s3@group-A7C5DBE940E2:t5, leader=null, voted=s3, raftlog=s3@group-A7C5DBE940E2-SegmentedRaftLog:OPENED:c-1,f-1,i0, conf=-1: [s3:0.0.0.0:38312, s4:0.0.0.0:41737, s0:0.0.0.0:41019, s1:0.0.0.0:38816, s2:0.0.0.0:40694], old=null RUNNING] size=2
  s4:  RUNNING [
   FOLLOWER s4@group-FEE41E240123:t0, leader=null, voted=null, raftlog=s4@group-FEE41E240123-SegmentedRaftLog:OPENED:c-1,f-1,i0, conf=-1: [], old=null STARTING
  CANDIDATE s4@group-A7C5DBE940E2:t4, leader=null, voted=s4, raftlog=s4@group-A7C5DBE940E2-SegmentedRaftLog:OPENED:c-1,f-1,i0, conf=-1: [s3:0.0.0.0:38312, s4:0.0.0.0:41737, s0:0.0.0.0:41019, s1:0.0.0.0:38816, s2:0.0.0.0:40694], old=null RUNNING] size=2
  s0:  RUNNING [
   FOLLOWER s0@group-FEE41E240123:t0, leader=null, voted=null, raftlog=s0@group-FEE41E240123-SegmentedRaftLog:OPENED:c-1,f-1,i0, conf=-1: [], old=null STARTING
  CANDIDATE s0@group-A7C5DBE940E2:t5, leader=null, voted=s0, raftlog=s0@group-A7C5DBE940E2-SegmentedRaftLog:OPENED:c-1,f-1,i0, conf=-1: [s3:0.0.0.0:38312, s4:0.0.0.0:41737, s0:0.0.0.0:41019, s1:0.0.0.0:38816, s2:0.0.0.0:40694], old=null RUNNING] size=2
  s1:  RUNNING [
   FOLLOWER s1@group-FEE41E240123:t0, leader=null, voted=null, raftlog=s1@group-FEE41E240123-SegmentedRaftLog:OPENED:c-1,f-1,i0, conf=-1: [], old=null STARTING
  CANDIDATE s1@group-A7C5DBE940E2:t5, leader=null, voted=s1, raftlog=s1@group-A7C5DBE940E2-SegmentedRaftLog:OPENED:c-1,f-1,i0, conf=-1: [s3:0.0.0.0:38312, s4:0.0.0.0:41737, s0:0.0.0.0:41019, s1:0.0.0.0:38816, s2:0.0.0.0:40694], old=null RUNNING] size=2
  s2:  RUNNING [
   FOLLOWER s2@group-FEE41E240123:t0, leader=null, voted=null, raftlog=s2@group-FEE41E240123-SegmentedRaftLog:OPENED:c-1,f-1,i0, conf=-1: [], old=null STARTING
  CANDIDATE s2@group-A7C5DBE940E2:t4, leader=null, voted=s2, raftlog=s2@group-A7C5DBE940E2-SegmentedRaftLog:OPENED:c-1,f-1,i0, conf=-1: [s3:0.0.0.0:38312, s4:0.0.0.0:41737, s0:0.0.0.0:41019, s1:0.0.0.0:38816, s2:0.0.0.0:40694], old=null RUNNING] size=2
	at org.apache.ratis.MiniRaftCluster.newIllegalStateExceptionForNoLeaders(MiniRaftCluster.java:506)
	at org.apache.ratis.RaftTestUtil.lambda$waitForLeader$1(RaftTestUtil.java:90)
	at org.apache.ratis.MiniRaftCluster.getLeader(MiniRaftCluster.java:539)
	at org.apache.ratis.MiniRaftCluster.getLeader(MiniRaftCluster.java:532)
	at org.apache.ratis.RaftTestUtil.lambda$waitForLeader$3(RaftTestUtil.java:98)
	at org.apache.ratis.util.JavaUtils.attempt(JavaUtils.java:152)
	at org.apache.ratis.RaftTestUtil.waitForLeader(RaftTestUtil.java:97)
	at org.apache.ratis.RaftTestUtil.waitForLeader(RaftTestUtil.java:77)
	at org.apache.ratis.server.impl.GroupManagementBaseTest.runMultiGroupTest(GroupManagementBaseTest.java:175)
	at org.apache.ratis.server.impl.GroupManagementBaseTest.runMultiGroupTest(GroupManagementBaseTest.java:126)
	at org.apache.ratis.server.impl.GroupManagementBaseTest.testMultiGroup9Nodes(GroupManagementBaseTest.java:121)
	at sun.reflect.NativeMethodAccessorImpl.invoke0(Native Method)
	at sun.reflect.NativeMethodAccessorImpl.invoke(NativeMethodAccessorImpl.java:62)
	at sun.reflect.DelegatingMethodAccessorImpl.invoke(DelegatingMethodAccessorImpl.java:43)
	at java.lang.reflect.Method.invoke(Method.java:498)
	at org.junit.runners.model.FrameworkMethod$1.runReflectiveCall(FrameworkMethod.java:50)
	at org.junit.internal.runners.model.ReflectiveCallable.run(ReflectiveCallable.java:12)
	at org.junit.runners.model.FrameworkMethod.invokeExplosively(FrameworkMethod.java:47)
	at org.junit.internal.runners.statements.InvokeMethod.evaluate(InvokeMethod.java:17)
	at org.junit.internal.runners.statements.RunAfters.evaluate(RunAfters.java:27)
	at org.junit.internal.runners.statements.FailOnTimeout$CallableStatement.call(FailOnTimeout.java:298)
	at org.junit.internal.runners.statements.FailOnTimeout$CallableStatement.call(FailOnTimeout.java:292)
	at java.util.concurrent.FutureTask.run(FutureTask.java:266)
	at java.lang.Thread.run(Thread.java:748)
2019-09-24 16:48:08,810 WARN  ratis.RaftTestUtil (JavaUtils.java:attempt(158)) - FAILED "waitForLeader-group-A7C5DBE940E2-(expectLeader? true)", attempt #53/100: java.lang.IllegalStateException: No leader yet  for group-A7C5DBE940E2: printing group-A7C5DBE940E2
  s3:  RUNNING [
   FOLLOWER s3@group-FEE41E240123:t0, leader=null, voted=null, raftlog=s3@group-FEE41E240123-SegmentedRaftLog:OPENED:c-1,f-1,i0, conf=-1: [], old=null STARTING
  CANDIDATE s3@group-A7C5DBE940E2:t5, leader=null, voted=s3, raftlog=s3@group-A7C5DBE940E2-SegmentedRaftLog:OPENED:c-1,f-1,i0, conf=-1: [s3:0.0.0.0:38312, s4:0.0.0.0:41737, s0:0.0.0.0:41019, s1:0.0.0.0:38816, s2:0.0.0.0:40694], old=null RUNNING] size=2
  s4:  RUNNING [
   FOLLOWER s4@group-FEE41E240123:t0, leader=null, voted=null, raftlog=s4@group-FEE41E240123-SegmentedRaftLog:OPENED:c-1,f-1,i0, conf=-1: [], old=null STARTING
  CANDIDATE s4@group-A7C5DBE940E2:t4, leader=null, voted=s4, raftlog=s4@group-A7C5DBE940E2-SegmentedRaftLog:OPENED:c-1,f-1,i0, conf=-1: [s3:0.0.0.0:38312, s4:0.0.0.0:41737, s0:0.0.0.0:41019, s1:0.0.0.0:38816, s2:0.0.0.0:40694], old=null RUNNING] size=2
  s0:  RUNNING [
   FOLLOWER s0@group-FEE41E240123:t0, leader=null, voted=null, raftlog=s0@group-FEE41E240123-SegmentedRaftLog:OPENED:c-1,f-1,i0, conf=-1: [], old=null STARTING
  CANDIDATE s0@group-A7C5DBE940E2:t5, leader=null, voted=s0, raftlog=s0@group-A7C5DBE940E2-SegmentedRaftLog:OPENED:c-1,f-1,i0, conf=-1: [s3:0.0.0.0:38312, s4:0.0.0.0:41737, s0:0.0.0.0:41019, s1:0.0.0.0:38816, s2:0.0.0.0:40694], old=null RUNNING] size=2
  s1:  RUNNING [
   FOLLOWER s1@group-FEE41E240123:t0, leader=null, voted=null, raftlog=s1@group-FEE41E240123-SegmentedRaftLog:OPENED:c-1,f-1,i0, conf=-1: [], old=null STARTING
  CANDIDATE s1@group-A7C5DBE940E2:t5, leader=null, voted=s1, raftlog=s1@group-A7C5DBE940E2-SegmentedRaftLog:OPENED:c-1,f-1,i0, conf=-1: [s3:0.0.0.0:38312, s4:0.0.0.0:41737, s0:0.0.0.0:41019, s1:0.0.0.0:38816, s2:0.0.0.0:40694], old=null RUNNING] size=2
  s2:  RUNNING [
   FOLLOWER s2@group-FEE41E240123:t0, leader=null, voted=null, raftlog=s2@group-FEE41E240123-SegmentedRaftLog:OPENED:c-1,f-1,i0, conf=-1: [], old=null STARTING
  CANDIDATE s2@group-A7C5DBE940E2:t4, leader=null, voted=s2, raftlog=s2@group-A7C5DBE940E2-SegmentedRaftLog:OPENED:c-1,f-1,i0, conf=-1: [s3:0.0.0.0:38312, s4:0.0.0.0:41737, s0:0.0.0.0:41019, s1:0.0.0.0:38816, s2:0.0.0.0:40694], old=null RUNNING] size=2, sleep 450ms and then retry.
java.lang.IllegalStateException: No leader yet  for group-A7C5DBE940E2: printing group-A7C5DBE940E2
  s3:  RUNNING [
   FOLLOWER s3@group-FEE41E240123:t0, leader=null, voted=null, raftlog=s3@group-FEE41E240123-SegmentedRaftLog:OPENED:c-1,f-1,i0, conf=-1: [], old=null STARTING
  CANDIDATE s3@group-A7C5DBE940E2:t5, leader=null, voted=s3, raftlog=s3@group-A7C5DBE940E2-SegmentedRaftLog:OPENED:c-1,f-1,i0, conf=-1: [s3:0.0.0.0:38312, s4:0.0.0.0:41737, s0:0.0.0.0:41019, s1:0.0.0.0:38816, s2:0.0.0.0:40694], old=null RUNNING] size=2
  s4:  RUNNING [
   FOLLOWER s4@group-FEE41E240123:t0, leader=null, voted=null, raftlog=s4@group-FEE41E240123-SegmentedRaftLog:OPENED:c-1,f-1,i0, conf=-1: [], old=null STARTING
  CANDIDATE s4@group-A7C5DBE940E2:t4, leader=null, voted=s4, raftlog=s4@group-A7C5DBE940E2-SegmentedRaftLog:OPENED:c-1,f-1,i0, conf=-1: [s3:0.0.0.0:38312, s4:0.0.0.0:41737, s0:0.0.0.0:41019, s1:0.0.0.0:38816, s2:0.0.0.0:40694], old=null RUNNING] size=2
  s0:  RUNNING [
   FOLLOWER s0@group-FEE41E240123:t0, leader=null, voted=null, raftlog=s0@group-FEE41E240123-SegmentedRaftLog:OPENED:c-1,f-1,i0, conf=-1: [], old=null STARTING
  CANDIDATE s0@group-A7C5DBE940E2:t5, leader=null, voted=s0, raftlog=s0@group-A7C5DBE940E2-SegmentedRaftLog:OPENED:c-1,f-1,i0, conf=-1: [s3:0.0.0.0:38312, s4:0.0.0.0:41737, s0:0.0.0.0:41019, s1:0.0.0.0:38816, s2:0.0.0.0:40694], old=null RUNNING] size=2
  s1:  RUNNING [
   FOLLOWER s1@group-FEE41E240123:t0, leader=null, voted=null, raftlog=s1@group-FEE41E240123-SegmentedRaftLog:OPENED:c-1,f-1,i0, conf=-1: [], old=null STARTING
  CANDIDATE s1@group-A7C5DBE940E2:t5, leader=null, voted=s1, raftlog=s1@group-A7C5DBE940E2-SegmentedRaftLog:OPENED:c-1,f-1,i0, conf=-1: [s3:0.0.0.0:38312, s4:0.0.0.0:41737, s0:0.0.0.0:41019, s1:0.0.0.0:38816, s2:0.0.0.0:40694], old=null RUNNING] size=2
  s2:  RUNNING [
   FOLLOWER s2@group-FEE41E240123:t0, leader=null, voted=null, raftlog=s2@group-FEE41E240123-SegmentedRaftLog:OPENED:c-1,f-1,i0, conf=-1: [], old=null STARTING
  CANDIDATE s2@group-A7C5DBE940E2:t4, leader=null, voted=s2, raftlog=s2@group-A7C5DBE940E2-SegmentedRaftLog:OPENED:c-1,f-1,i0, conf=-1: [s3:0.0.0.0:38312, s4:0.0.0.0:41737, s0:0.0.0.0:41019, s1:0.0.0.0:38816, s2:0.0.0.0:40694], old=null RUNNING] size=2
	at org.apache.ratis.MiniRaftCluster.newIllegalStateExceptionForNoLeaders(MiniRaftCluster.java:506)
	at org.apache.ratis.RaftTestUtil.lambda$waitForLeader$1(RaftTestUtil.java:90)
	at org.apache.ratis.MiniRaftCluster.getLeader(MiniRaftCluster.java:539)
	at org.apache.ratis.MiniRaftCluster.getLeader(MiniRaftCluster.java:532)
	at org.apache.ratis.RaftTestUtil.lambda$waitForLeader$3(RaftTestUtil.java:98)
	at org.apache.ratis.util.JavaUtils.attempt(JavaUtils.java:152)
	at org.apache.ratis.RaftTestUtil.waitForLeader(RaftTestUtil.java:97)
	at org.apache.ratis.RaftTestUtil.waitForLeader(RaftTestUtil.java:77)
	at org.apache.ratis.server.impl.GroupManagementBaseTest.runMultiGroupTest(GroupManagementBaseTest.java:175)
	at org.apache.ratis.server.impl.GroupManagementBaseTest.runMultiGroupTest(GroupManagementBaseTest.java:126)
	at org.apache.ratis.server.impl.GroupManagementBaseTest.testMultiGroup9Nodes(GroupManagementBaseTest.java:121)
	at sun.reflect.NativeMethodAccessorImpl.invoke0(Native Method)
	at sun.reflect.NativeMethodAccessorImpl.invoke(NativeMethodAccessorImpl.java:62)
	at sun.reflect.DelegatingMethodAccessorImpl.invoke(DelegatingMethodAccessorImpl.java:43)
	at java.lang.reflect.Method.invoke(Method.java:498)
	at org.junit.runners.model.FrameworkMethod$1.runReflectiveCall(FrameworkMethod.java:50)
	at org.junit.internal.runners.model.ReflectiveCallable.run(ReflectiveCallable.java:12)
	at org.junit.runners.model.FrameworkMethod.invokeExplosively(FrameworkMethod.java:47)
	at org.junit.internal.runners.statements.InvokeMethod.evaluate(InvokeMethod.java:17)
	at org.junit.internal.runners.statements.RunAfters.evaluate(RunAfters.java:27)
	at org.junit.internal.runners.statements.FailOnTimeout$CallableStatement.call(FailOnTimeout.java:298)
	at org.junit.internal.runners.statements.FailOnTimeout$CallableStatement.call(FailOnTimeout.java:292)
	at java.util.concurrent.FutureTask.run(FutureTask.java:266)
	at java.lang.Thread.run(Thread.java:748)
2019-09-24 16:48:09,262 WARN  ratis.RaftTestUtil (JavaUtils.java:attempt(158)) - FAILED "waitForLeader-group-A7C5DBE940E2-(expectLeader? true)", attempt #54/100: java.lang.IllegalStateException: No leader yet  for group-A7C5DBE940E2: printing group-A7C5DBE940E2
  s3:  RUNNING [
   FOLLOWER s3@group-FEE41E240123:t0, leader=null, voted=null, raftlog=s3@group-FEE41E240123-SegmentedRaftLog:OPENED:c-1,f-1,i0, conf=-1: [], old=null STARTING
  CANDIDATE s3@group-A7C5DBE940E2:t5, leader=null, voted=s3, raftlog=s3@group-A7C5DBE940E2-SegmentedRaftLog:OPENED:c-1,f-1,i0, conf=-1: [s3:0.0.0.0:38312, s4:0.0.0.0:41737, s0:0.0.0.0:41019, s1:0.0.0.0:38816, s2:0.0.0.0:40694], old=null RUNNING] size=2
  s4:  RUNNING [
   FOLLOWER s4@group-FEE41E240123:t0, leader=null, voted=null, raftlog=s4@group-FEE41E240123-SegmentedRaftLog:OPENED:c-1,f-1,i0, conf=-1: [], old=null STARTING
  CANDIDATE s4@group-A7C5DBE940E2:t4, leader=null, voted=s4, raftlog=s4@group-A7C5DBE940E2-SegmentedRaftLog:OPENED:c-1,f-1,i0, conf=-1: [s3:0.0.0.0:38312, s4:0.0.0.0:41737, s0:0.0.0.0:41019, s1:0.0.0.0:38816, s2:0.0.0.0:40694], old=null RUNNING] size=2
  s0:  RUNNING [
   FOLLOWER s0@group-FEE41E240123:t0, leader=null, voted=null, raftlog=s0@group-FEE41E240123-SegmentedRaftLog:OPENED:c-1,f-1,i0, conf=-1: [], old=null STARTING
  CANDIDATE s0@group-A7C5DBE940E2:t5, leader=null, voted=s0, raftlog=s0@group-A7C5DBE940E2-SegmentedRaftLog:OPENED:c-1,f-1,i0, conf=-1: [s3:0.0.0.0:38312, s4:0.0.0.0:41737, s0:0.0.0.0:41019, s1:0.0.0.0:38816, s2:0.0.0.0:40694], old=null RUNNING] size=2
  s1:  RUNNING [
   FOLLOWER s1@group-FEE41E240123:t0, leader=null, voted=null, raftlog=s1@group-FEE41E240123-SegmentedRaftLog:OPENED:c-1,f-1,i0, conf=-1: [], old=null STARTING
  CANDIDATE s1@group-A7C5DBE940E2:t5, leader=null, voted=s1, raftlog=s1@group-A7C5DBE940E2-SegmentedRaftLog:OPENED:c-1,f-1,i0, conf=-1: [s3:0.0.0.0:38312, s4:0.0.0.0:41737, s0:0.0.0.0:41019, s1:0.0.0.0:38816, s2:0.0.0.0:40694], old=null RUNNING] size=2
  s2:  RUNNING [
   FOLLOWER s2@group-FEE41E240123:t0, leader=null, voted=null, raftlog=s2@group-FEE41E240123-SegmentedRaftLog:OPENED:c-1,f-1,i0, conf=-1: [], old=null STARTING
  CANDIDATE s2@group-A7C5DBE940E2:t4, leader=null, voted=s2, raftlog=s2@group-A7C5DBE940E2-SegmentedRaftLog:OPENED:c-1,f-1,i0, conf=-1: [s3:0.0.0.0:38312, s4:0.0.0.0:41737, s0:0.0.0.0:41019, s1:0.0.0.0:38816, s2:0.0.0.0:40694], old=null RUNNING] size=2, sleep 450ms and then retry.
java.lang.IllegalStateException: No leader yet  for group-A7C5DBE940E2: printing group-A7C5DBE940E2
  s3:  RUNNING [
   FOLLOWER s3@group-FEE41E240123:t0, leader=null, voted=null, raftlog=s3@group-FEE41E240123-SegmentedRaftLog:OPENED:c-1,f-1,i0, conf=-1: [], old=null STARTING
  CANDIDATE s3@group-A7C5DBE940E2:t5, leader=null, voted=s3, raftlog=s3@group-A7C5DBE940E2-SegmentedRaftLog:OPENED:c-1,f-1,i0, conf=-1: [s3:0.0.0.0:38312, s4:0.0.0.0:41737, s0:0.0.0.0:41019, s1:0.0.0.0:38816, s2:0.0.0.0:40694], old=null RUNNING] size=2
  s4:  RUNNING [
   FOLLOWER s4@group-FEE41E240123:t0, leader=null, voted=null, raftlog=s4@group-FEE41E240123-SegmentedRaftLog:OPENED:c-1,f-1,i0, conf=-1: [], old=null STARTING
  CANDIDATE s4@group-A7C5DBE940E2:t4, leader=null, voted=s4, raftlog=s4@group-A7C5DBE940E2-SegmentedRaftLog:OPENED:c-1,f-1,i0, conf=-1: [s3:0.0.0.0:38312, s4:0.0.0.0:41737, s0:0.0.0.0:41019, s1:0.0.0.0:38816, s2:0.0.0.0:40694], old=null RUNNING] size=2
  s0:  RUNNING [
   FOLLOWER s0@group-FEE41E240123:t0, leader=null, voted=null, raftlog=s0@group-FEE41E240123-SegmentedRaftLog:OPENED:c-1,f-1,i0, conf=-1: [], old=null STARTING
  CANDIDATE s0@group-A7C5DBE940E2:t5, leader=null, voted=s0, raftlog=s0@group-A7C5DBE940E2-SegmentedRaftLog:OPENED:c-1,f-1,i0, conf=-1: [s3:0.0.0.0:38312, s4:0.0.0.0:41737, s0:0.0.0.0:41019, s1:0.0.0.0:38816, s2:0.0.0.0:40694], old=null RUNNING] size=2
  s1:  RUNNING [
   FOLLOWER s1@group-FEE41E240123:t0, leader=null, voted=null, raftlog=s1@group-FEE41E240123-SegmentedRaftLog:OPENED:c-1,f-1,i0, conf=-1: [], old=null STARTING
  CANDIDATE s1@group-A7C5DBE940E2:t5, leader=null, voted=s1, raftlog=s1@group-A7C5DBE940E2-SegmentedRaftLog:OPENED:c-1,f-1,i0, conf=-1: [s3:0.0.0.0:38312, s4:0.0.0.0:41737, s0:0.0.0.0:41019, s1:0.0.0.0:38816, s2:0.0.0.0:40694], old=null RUNNING] size=2
  s2:  RUNNING [
   FOLLOWER s2@group-FEE41E240123:t0, leader=null, voted=null, raftlog=s2@group-FEE41E240123-SegmentedRaftLog:OPENED:c-1,f-1,i0, conf=-1: [], old=null STARTING
  CANDIDATE s2@group-A7C5DBE940E2:t4, leader=null, voted=s2, raftlog=s2@group-A7C5DBE940E2-SegmentedRaftLog:OPENED:c-1,f-1,i0, conf=-1: [s3:0.0.0.0:38312, s4:0.0.0.0:41737, s0:0.0.0.0:41019, s1:0.0.0.0:38816, s2:0.0.0.0:40694], old=null RUNNING] size=2
	at org.apache.ratis.MiniRaftCluster.newIllegalStateExceptionForNoLeaders(MiniRaftCluster.java:506)
	at org.apache.ratis.RaftTestUtil.lambda$waitForLeader$1(RaftTestUtil.java:90)
	at org.apache.ratis.MiniRaftCluster.getLeader(MiniRaftCluster.java:539)
	at org.apache.ratis.MiniRaftCluster.getLeader(MiniRaftCluster.java:532)
	at org.apache.ratis.RaftTestUtil.lambda$waitForLeader$3(RaftTestUtil.java:98)
	at org.apache.ratis.util.JavaUtils.attempt(JavaUtils.java:152)
	at org.apache.ratis.RaftTestUtil.waitForLeader(RaftTestUtil.java:97)
	at org.apache.ratis.RaftTestUtil.waitForLeader(RaftTestUtil.java:77)
	at org.apache.ratis.server.impl.GroupManagementBaseTest.runMultiGroupTest(GroupManagementBaseTest.java:175)
	at org.apache.ratis.server.impl.GroupManagementBaseTest.runMultiGroupTest(GroupManagementBaseTest.java:126)
	at org.apache.ratis.server.impl.GroupManagementBaseTest.testMultiGroup9Nodes(GroupManagementBaseTest.java:121)
	at sun.reflect.NativeMethodAccessorImpl.invoke0(Native Method)
	at sun.reflect.NativeMethodAccessorImpl.invoke(NativeMethodAccessorImpl.java:62)
	at sun.reflect.DelegatingMethodAccessorImpl.invoke(DelegatingMethodAccessorImpl.java:43)
	at java.lang.reflect.Method.invoke(Method.java:498)
	at org.junit.runners.model.FrameworkMethod$1.runReflectiveCall(FrameworkMethod.java:50)
	at org.junit.internal.runners.model.ReflectiveCallable.run(ReflectiveCallable.java:12)
	at org.junit.runners.model.FrameworkMethod.invokeExplosively(FrameworkMethod.java:47)
	at org.junit.internal.runners.statements.InvokeMethod.evaluate(InvokeMethod.java:17)
	at org.junit.internal.runners.statements.RunAfters.evaluate(RunAfters.java:27)
	at org.junit.internal.runners.statements.FailOnTimeout$CallableStatement.call(FailOnTimeout.java:298)
	at org.junit.internal.runners.statements.FailOnTimeout$CallableStatement.call(FailOnTimeout.java:292)
	at java.util.concurrent.FutureTask.run(FutureTask.java:266)
	at java.lang.Thread.run(Thread.java:748)
2019-09-24 16:48:09,714 WARN  ratis.RaftTestUtil (JavaUtils.java:attempt(158)) - FAILED "waitForLeader-group-A7C5DBE940E2-(expectLeader? true)", attempt #55/100: java.lang.IllegalStateException: No leader yet  for group-A7C5DBE940E2: printing group-A7C5DBE940E2
  s3:  RUNNING [
   FOLLOWER s3@group-FEE41E240123:t0, leader=null, voted=null, raftlog=s3@group-FEE41E240123-SegmentedRaftLog:OPENED:c-1,f-1,i0, conf=-1: [], old=null STARTING
  CANDIDATE s3@group-A7C5DBE940E2:t5, leader=null, voted=s3, raftlog=s3@group-A7C5DBE940E2-SegmentedRaftLog:OPENED:c-1,f-1,i0, conf=-1: [s3:0.0.0.0:38312, s4:0.0.0.0:41737, s0:0.0.0.0:41019, s1:0.0.0.0:38816, s2:0.0.0.0:40694], old=null RUNNING] size=2
  s4:  RUNNING [
   FOLLOWER s4@group-FEE41E240123:t0, leader=null, voted=null, raftlog=s4@group-FEE41E240123-SegmentedRaftLog:OPENED:c-1,f-1,i0, conf=-1: [], old=null STARTING
  CANDIDATE s4@group-A7C5DBE940E2:t4, leader=null, voted=s4, raftlog=s4@group-A7C5DBE940E2-SegmentedRaftLog:OPENED:c-1,f-1,i0, conf=-1: [s3:0.0.0.0:38312, s4:0.0.0.0:41737, s0:0.0.0.0:41019, s1:0.0.0.0:38816, s2:0.0.0.0:40694], old=null RUNNING] size=2
  s0:  RUNNING [
   FOLLOWER s0@group-FEE41E240123:t0, leader=null, voted=null, raftlog=s0@group-FEE41E240123-SegmentedRaftLog:OPENED:c-1,f-1,i0, conf=-1: [], old=null STARTING
  CANDIDATE s0@group-A7C5DBE940E2:t5, leader=null, voted=s0, raftlog=s0@group-A7C5DBE940E2-SegmentedRaftLog:OPENED:c-1,f-1,i0, conf=-1: [s3:0.0.0.0:38312, s4:0.0.0.0:41737, s0:0.0.0.0:41019, s1:0.0.0.0:38816, s2:0.0.0.0:40694], old=null RUNNING] size=2
  s1:  RUNNING [
   FOLLOWER s1@group-FEE41E240123:t0, leader=null, voted=null, raftlog=s1@group-FEE41E240123-SegmentedRaftLog:OPENED:c-1,f-1,i0, conf=-1: [], old=null STARTING
  CANDIDATE s1@group-A7C5DBE940E2:t5, leader=null, voted=s1, raftlog=s1@group-A7C5DBE940E2-SegmentedRaftLog:OPENED:c-1,f-1,i0, conf=-1: [s3:0.0.0.0:38312, s4:0.0.0.0:41737, s0:0.0.0.0:41019, s1:0.0.0.0:38816, s2:0.0.0.0:40694], old=null RUNNING] size=2
  s2:  RUNNING [
   FOLLOWER s2@group-FEE41E240123:t0, leader=null, voted=null, raftlog=s2@group-FEE41E240123-SegmentedRaftLog:OPENED:c-1,f-1,i0, conf=-1: [], old=null STARTING
  CANDIDATE s2@group-A7C5DBE940E2:t4, leader=null, voted=s2, raftlog=s2@group-A7C5DBE940E2-SegmentedRaftLog:OPENED:c-1,f-1,i0, conf=-1: [s3:0.0.0.0:38312, s4:0.0.0.0:41737, s0:0.0.0.0:41019, s1:0.0.0.0:38816, s2:0.0.0.0:40694], old=null RUNNING] size=2, sleep 450ms and then retry.
java.lang.IllegalStateException: No leader yet  for group-A7C5DBE940E2: printing group-A7C5DBE940E2
  s3:  RUNNING [
   FOLLOWER s3@group-FEE41E240123:t0, leader=null, voted=null, raftlog=s3@group-FEE41E240123-SegmentedRaftLog:OPENED:c-1,f-1,i0, conf=-1: [], old=null STARTING
  CANDIDATE s3@group-A7C5DBE940E2:t5, leader=null, voted=s3, raftlog=s3@group-A7C5DBE940E2-SegmentedRaftLog:OPENED:c-1,f-1,i0, conf=-1: [s3:0.0.0.0:38312, s4:0.0.0.0:41737, s0:0.0.0.0:41019, s1:0.0.0.0:38816, s2:0.0.0.0:40694], old=null RUNNING] size=2
  s4:  RUNNING [
   FOLLOWER s4@group-FEE41E240123:t0, leader=null, voted=null, raftlog=s4@group-FEE41E240123-SegmentedRaftLog:OPENED:c-1,f-1,i0, conf=-1: [], old=null STARTING
  CANDIDATE s4@group-A7C5DBE940E2:t4, leader=null, voted=s4, raftlog=s4@group-A7C5DBE940E2-SegmentedRaftLog:OPENED:c-1,f-1,i0, conf=-1: [s3:0.0.0.0:38312, s4:0.0.0.0:41737, s0:0.0.0.0:41019, s1:0.0.0.0:38816, s2:0.0.0.0:40694], old=null RUNNING] size=2
  s0:  RUNNING [
   FOLLOWER s0@group-FEE41E240123:t0, leader=null, voted=null, raftlog=s0@group-FEE41E240123-SegmentedRaftLog:OPENED:c-1,f-1,i0, conf=-1: [], old=null STARTING
  CANDIDATE s0@group-A7C5DBE940E2:t5, leader=null, voted=s0, raftlog=s0@group-A7C5DBE940E2-SegmentedRaftLog:OPENED:c-1,f-1,i0, conf=-1: [s3:0.0.0.0:38312, s4:0.0.0.0:41737, s0:0.0.0.0:41019, s1:0.0.0.0:38816, s2:0.0.0.0:40694], old=null RUNNING] size=2
  s1:  RUNNING [
   FOLLOWER s1@group-FEE41E240123:t0, leader=null, voted=null, raftlog=s1@group-FEE41E240123-SegmentedRaftLog:OPENED:c-1,f-1,i0, conf=-1: [], old=null STARTING
  CANDIDATE s1@group-A7C5DBE940E2:t5, leader=null, voted=s1, raftlog=s1@group-A7C5DBE940E2-SegmentedRaftLog:OPENED:c-1,f-1,i0, conf=-1: [s3:0.0.0.0:38312, s4:0.0.0.0:41737, s0:0.0.0.0:41019, s1:0.0.0.0:38816, s2:0.0.0.0:40694], old=null RUNNING] size=2
  s2:  RUNNING [
   FOLLOWER s2@group-FEE41E240123:t0, leader=null, voted=null, raftlog=s2@group-FEE41E240123-SegmentedRaftLog:OPENED:c-1,f-1,i0, conf=-1: [], old=null STARTING
  CANDIDATE s2@group-A7C5DBE940E2:t4, leader=null, voted=s2, raftlog=s2@group-A7C5DBE940E2-SegmentedRaftLog:OPENED:c-1,f-1,i0, conf=-1: [s3:0.0.0.0:38312, s4:0.0.0.0:41737, s0:0.0.0.0:41019, s1:0.0.0.0:38816, s2:0.0.0.0:40694], old=null RUNNING] size=2
	at org.apache.ratis.MiniRaftCluster.newIllegalStateExceptionForNoLeaders(MiniRaftCluster.java:506)
	at org.apache.ratis.RaftTestUtil.lambda$waitForLeader$1(RaftTestUtil.java:90)
	at org.apache.ratis.MiniRaftCluster.getLeader(MiniRaftCluster.java:539)
	at org.apache.ratis.MiniRaftCluster.getLeader(MiniRaftCluster.java:532)
	at org.apache.ratis.RaftTestUtil.lambda$waitForLeader$3(RaftTestUtil.java:98)
	at org.apache.ratis.util.JavaUtils.attempt(JavaUtils.java:152)
	at org.apache.ratis.RaftTestUtil.waitForLeader(RaftTestUtil.java:97)
	at org.apache.ratis.RaftTestUtil.waitForLeader(RaftTestUtil.java:77)
	at org.apache.ratis.server.impl.GroupManagementBaseTest.runMultiGroupTest(GroupManagementBaseTest.java:175)
	at org.apache.ratis.server.impl.GroupManagementBaseTest.runMultiGroupTest(GroupManagementBaseTest.java:126)
	at org.apache.ratis.server.impl.GroupManagementBaseTest.testMultiGroup9Nodes(GroupManagementBaseTest.java:121)
	at sun.reflect.NativeMethodAccessorImpl.invoke0(Native Method)
	at sun.reflect.NativeMethodAccessorImpl.invoke(NativeMethodAccessorImpl.java:62)
	at sun.reflect.DelegatingMethodAccessorImpl.invoke(DelegatingMethodAccessorImpl.java:43)
	at java.lang.reflect.Method.invoke(Method.java:498)
	at org.junit.runners.model.FrameworkMethod$1.runReflectiveCall(FrameworkMethod.java:50)
	at org.junit.internal.runners.model.ReflectiveCallable.run(ReflectiveCallable.java:12)
	at org.junit.runners.model.FrameworkMethod.invokeExplosively(FrameworkMethod.java:47)
	at org.junit.internal.runners.statements.InvokeMethod.evaluate(InvokeMethod.java:17)
	at org.junit.internal.runners.statements.RunAfters.evaluate(RunAfters.java:27)
	at org.junit.internal.runners.statements.FailOnTimeout$CallableStatement.call(FailOnTimeout.java:298)
	at org.junit.internal.runners.statements.FailOnTimeout$CallableStatement.call(FailOnTimeout.java:292)
	at java.util.concurrent.FutureTask.run(FutureTask.java:266)
	at java.lang.Thread.run(Thread.java:748)
2019-09-24 16:48:10,166 WARN  ratis.RaftTestUtil (JavaUtils.java:attempt(158)) - FAILED "waitForLeader-group-A7C5DBE940E2-(expectLeader? true)", attempt #56/100: java.lang.IllegalStateException: No leader yet  for group-A7C5DBE940E2: printing group-A7C5DBE940E2
  s3:  RUNNING [
   FOLLOWER s3@group-FEE41E240123:t0, leader=null, voted=null, raftlog=s3@group-FEE41E240123-SegmentedRaftLog:OPENED:c-1,f-1,i0, conf=-1: [], old=null STARTING
  CANDIDATE s3@group-A7C5DBE940E2:t5, leader=null, voted=s3, raftlog=s3@group-A7C5DBE940E2-SegmentedRaftLog:OPENED:c-1,f-1,i0, conf=-1: [s3:0.0.0.0:38312, s4:0.0.0.0:41737, s0:0.0.0.0:41019, s1:0.0.0.0:38816, s2:0.0.0.0:40694], old=null RUNNING] size=2
  s4:  RUNNING [
   FOLLOWER s4@group-FEE41E240123:t0, leader=null, voted=null, raftlog=s4@group-FEE41E240123-SegmentedRaftLog:OPENED:c-1,f-1,i0, conf=-1: [], old=null STARTING
  CANDIDATE s4@group-A7C5DBE940E2:t4, leader=null, voted=s4, raftlog=s4@group-A7C5DBE940E2-SegmentedRaftLog:OPENED:c-1,f-1,i0, conf=-1: [s3:0.0.0.0:38312, s4:0.0.0.0:41737, s0:0.0.0.0:41019, s1:0.0.0.0:38816, s2:0.0.0.0:40694], old=null RUNNING] size=2
  s0:  RUNNING [
   FOLLOWER s0@group-FEE41E240123:t0, leader=null, voted=null, raftlog=s0@group-FEE41E240123-SegmentedRaftLog:OPENED:c-1,f-1,i0, conf=-1: [], old=null STARTING
  CANDIDATE s0@group-A7C5DBE940E2:t5, leader=null, voted=s0, raftlog=s0@group-A7C5DBE940E2-SegmentedRaftLog:OPENED:c-1,f-1,i0, conf=-1: [s3:0.0.0.0:38312, s4:0.0.0.0:41737, s0:0.0.0.0:41019, s1:0.0.0.0:38816, s2:0.0.0.0:40694], old=null RUNNING] size=2
  s1:  RUNNING [
   FOLLOWER s1@group-FEE41E240123:t0, leader=null, voted=null, raftlog=s1@group-FEE41E240123-SegmentedRaftLog:OPENED:c-1,f-1,i0, conf=-1: [], old=null STARTING
  CANDIDATE s1@group-A7C5DBE940E2:t5, leader=null, voted=s1, raftlog=s1@group-A7C5DBE940E2-SegmentedRaftLog:OPENED:c-1,f-1,i0, conf=-1: [s3:0.0.0.0:38312, s4:0.0.0.0:41737, s0:0.0.0.0:41019, s1:0.0.0.0:38816, s2:0.0.0.0:40694], old=null RUNNING] size=2
  s2:  RUNNING [
   FOLLOWER s2@group-FEE41E240123:t0, leader=null, voted=null, raftlog=s2@group-FEE41E240123-SegmentedRaftLog:OPENED:c-1,f-1,i0, conf=-1: [], old=null STARTING
  CANDIDATE s2@group-A7C5DBE940E2:t4, leader=null, voted=s2, raftlog=s2@group-A7C5DBE940E2-SegmentedRaftLog:OPENED:c-1,f-1,i0, conf=-1: [s3:0.0.0.0:38312, s4:0.0.0.0:41737, s0:0.0.0.0:41019, s1:0.0.0.0:38816, s2:0.0.0.0:40694], old=null RUNNING] size=2, sleep 450ms and then retry.
java.lang.IllegalStateException: No leader yet  for group-A7C5DBE940E2: printing group-A7C5DBE940E2
  s3:  RUNNING [
   FOLLOWER s3@group-FEE41E240123:t0, leader=null, voted=null, raftlog=s3@group-FEE41E240123-SegmentedRaftLog:OPENED:c-1,f-1,i0, conf=-1: [], old=null STARTING
  CANDIDATE s3@group-A7C5DBE940E2:t5, leader=null, voted=s3, raftlog=s3@group-A7C5DBE940E2-SegmentedRaftLog:OPENED:c-1,f-1,i0, conf=-1: [s3:0.0.0.0:38312, s4:0.0.0.0:41737, s0:0.0.0.0:41019, s1:0.0.0.0:38816, s2:0.0.0.0:40694], old=null RUNNING] size=2
  s4:  RUNNING [
   FOLLOWER s4@group-FEE41E240123:t0, leader=null, voted=null, raftlog=s4@group-FEE41E240123-SegmentedRaftLog:OPENED:c-1,f-1,i0, conf=-1: [], old=null STARTING
  CANDIDATE s4@group-A7C5DBE940E2:t4, leader=null, voted=s4, raftlog=s4@group-A7C5DBE940E2-SegmentedRaftLog:OPENED:c-1,f-1,i0, conf=-1: [s3:0.0.0.0:38312, s4:0.0.0.0:41737, s0:0.0.0.0:41019, s1:0.0.0.0:38816, s2:0.0.0.0:40694], old=null RUNNING] size=2
  s0:  RUNNING [
   FOLLOWER s0@group-FEE41E240123:t0, leader=null, voted=null, raftlog=s0@group-FEE41E240123-SegmentedRaftLog:OPENED:c-1,f-1,i0, conf=-1: [], old=null STARTING
  CANDIDATE s0@group-A7C5DBE940E2:t5, leader=null, voted=s0, raftlog=s0@group-A7C5DBE940E2-SegmentedRaftLog:OPENED:c-1,f-1,i0, conf=-1: [s3:0.0.0.0:38312, s4:0.0.0.0:41737, s0:0.0.0.0:41019, s1:0.0.0.0:38816, s2:0.0.0.0:40694], old=null RUNNING] size=2
  s1:  RUNNING [
   FOLLOWER s1@group-FEE41E240123:t0, leader=null, voted=null, raftlog=s1@group-FEE41E240123-SegmentedRaftLog:OPENED:c-1,f-1,i0, conf=-1: [], old=null STARTING
  CANDIDATE s1@group-A7C5DBE940E2:t5, leader=null, voted=s1, raftlog=s1@group-A7C5DBE940E2-SegmentedRaftLog:OPENED:c-1,f-1,i0, conf=-1: [s3:0.0.0.0:38312, s4:0.0.0.0:41737, s0:0.0.0.0:41019, s1:0.0.0.0:38816, s2:0.0.0.0:40694], old=null RUNNING] size=2
  s2:  RUNNING [
   FOLLOWER s2@group-FEE41E240123:t0, leader=null, voted=null, raftlog=s2@group-FEE41E240123-SegmentedRaftLog:OPENED:c-1,f-1,i0, conf=-1: [], old=null STARTING
  CANDIDATE s2@group-A7C5DBE940E2:t4, leader=null, voted=s2, raftlog=s2@group-A7C5DBE940E2-SegmentedRaftLog:OPENED:c-1,f-1,i0, conf=-1: [s3:0.0.0.0:38312, s4:0.0.0.0:41737, s0:0.0.0.0:41019, s1:0.0.0.0:38816, s2:0.0.0.0:40694], old=null RUNNING] size=2
	at org.apache.ratis.MiniRaftCluster.newIllegalStateExceptionForNoLeaders(MiniRaftCluster.java:506)
	at org.apache.ratis.RaftTestUtil.lambda$waitForLeader$1(RaftTestUtil.java:90)
	at org.apache.ratis.MiniRaftCluster.getLeader(MiniRaftCluster.java:539)
	at org.apache.ratis.MiniRaftCluster.getLeader(MiniRaftCluster.java:532)
	at org.apache.ratis.RaftTestUtil.lambda$waitForLeader$3(RaftTestUtil.java:98)
	at org.apache.ratis.util.JavaUtils.attempt(JavaUtils.java:152)
	at org.apache.ratis.RaftTestUtil.waitForLeader(RaftTestUtil.java:97)
	at org.apache.ratis.RaftTestUtil.waitForLeader(RaftTestUtil.java:77)
	at org.apache.ratis.server.impl.GroupManagementBaseTest.runMultiGroupTest(GroupManagementBaseTest.java:175)
	at org.apache.ratis.server.impl.GroupManagementBaseTest.runMultiGroupTest(GroupManagementBaseTest.java:126)
	at org.apache.ratis.server.impl.GroupManagementBaseTest.testMultiGroup9Nodes(GroupManagementBaseTest.java:121)
	at sun.reflect.NativeMethodAccessorImpl.invoke0(Native Method)
	at sun.reflect.NativeMethodAccessorImpl.invoke(NativeMethodAccessorImpl.java:62)
	at sun.reflect.DelegatingMethodAccessorImpl.invoke(DelegatingMethodAccessorImpl.java:43)
	at java.lang.reflect.Method.invoke(Method.java:498)
	at org.junit.runners.model.FrameworkMethod$1.runReflectiveCall(FrameworkMethod.java:50)
	at org.junit.internal.runners.model.ReflectiveCallable.run(ReflectiveCallable.java:12)
	at org.junit.runners.model.FrameworkMethod.invokeExplosively(FrameworkMethod.java:47)
	at org.junit.internal.runners.statements.InvokeMethod.evaluate(InvokeMethod.java:17)
	at org.junit.internal.runners.statements.RunAfters.evaluate(RunAfters.java:27)
	at org.junit.internal.runners.statements.FailOnTimeout$CallableStatement.call(FailOnTimeout.java:298)
	at org.junit.internal.runners.statements.FailOnTimeout$CallableStatement.call(FailOnTimeout.java:292)
	at java.util.concurrent.FutureTask.run(FutureTask.java:266)
	at java.lang.Thread.run(Thread.java:748)
2019-09-24 16:48:10,619 WARN  ratis.RaftTestUtil (JavaUtils.java:attempt(158)) - FAILED "waitForLeader-group-A7C5DBE940E2-(expectLeader? true)", attempt #57/100: java.lang.IllegalStateException: No leader yet  for group-A7C5DBE940E2: printing group-A7C5DBE940E2
  s3:  RUNNING [
   FOLLOWER s3@group-FEE41E240123:t0, leader=null, voted=null, raftlog=s3@group-FEE41E240123-SegmentedRaftLog:OPENED:c-1,f-1,i0, conf=-1: [], old=null STARTING
  CANDIDATE s3@group-A7C5DBE940E2:t5, leader=null, voted=s3, raftlog=s3@group-A7C5DBE940E2-SegmentedRaftLog:OPENED:c-1,f-1,i0, conf=-1: [s3:0.0.0.0:38312, s4:0.0.0.0:41737, s0:0.0.0.0:41019, s1:0.0.0.0:38816, s2:0.0.0.0:40694], old=null RUNNING] size=2
  s4:  RUNNING [
   FOLLOWER s4@group-FEE41E240123:t0, leader=null, voted=null, raftlog=s4@group-FEE41E240123-SegmentedRaftLog:OPENED:c-1,f-1,i0, conf=-1: [], old=null STARTING
  CANDIDATE s4@group-A7C5DBE940E2:t4, leader=null, voted=s4, raftlog=s4@group-A7C5DBE940E2-SegmentedRaftLog:OPENED:c-1,f-1,i0, conf=-1: [s3:0.0.0.0:38312, s4:0.0.0.0:41737, s0:0.0.0.0:41019, s1:0.0.0.0:38816, s2:0.0.0.0:40694], old=null RUNNING] size=2
  s0:  RUNNING [
   FOLLOWER s0@group-FEE41E240123:t0, leader=null, voted=null, raftlog=s0@group-FEE41E240123-SegmentedRaftLog:OPENED:c-1,f-1,i0, conf=-1: [], old=null STARTING
  CANDIDATE s0@group-A7C5DBE940E2:t5, leader=null, voted=s0, raftlog=s0@group-A7C5DBE940E2-SegmentedRaftLog:OPENED:c-1,f-1,i0, conf=-1: [s3:0.0.0.0:38312, s4:0.0.0.0:41737, s0:0.0.0.0:41019, s1:0.0.0.0:38816, s2:0.0.0.0:40694], old=null RUNNING] size=2
  s1:  RUNNING [
   FOLLOWER s1@group-FEE41E240123:t0, leader=null, voted=null, raftlog=s1@group-FEE41E240123-SegmentedRaftLog:OPENED:c-1,f-1,i0, conf=-1: [], old=null STARTING
  CANDIDATE s1@group-A7C5DBE940E2:t5, leader=null, voted=s1, raftlog=s1@group-A7C5DBE940E2-SegmentedRaftLog:OPENED:c-1,f-1,i0, conf=-1: [s3:0.0.0.0:38312, s4:0.0.0.0:41737, s0:0.0.0.0:41019, s1:0.0.0.0:38816, s2:0.0.0.0:40694], old=null RUNNING] size=2
  s2:  RUNNING [
   FOLLOWER s2@group-FEE41E240123:t0, leader=null, voted=null, raftlog=s2@group-FEE41E240123-SegmentedRaftLog:OPENED:c-1,f-1,i0, conf=-1: [], old=null STARTING
  CANDIDATE s2@group-A7C5DBE940E2:t4, leader=null, voted=s2, raftlog=s2@group-A7C5DBE940E2-SegmentedRaftLog:OPENED:c-1,f-1,i0, conf=-1: [s3:0.0.0.0:38312, s4:0.0.0.0:41737, s0:0.0.0.0:41019, s1:0.0.0.0:38816, s2:0.0.0.0:40694], old=null RUNNING] size=2, sleep 450ms and then retry.
java.lang.IllegalStateException: No leader yet  for group-A7C5DBE940E2: printing group-A7C5DBE940E2
  s3:  RUNNING [
   FOLLOWER s3@group-FEE41E240123:t0, leader=null, voted=null, raftlog=s3@group-FEE41E240123-SegmentedRaftLog:OPENED:c-1,f-1,i0, conf=-1: [], old=null STARTING
  CANDIDATE s3@group-A7C5DBE940E2:t5, leader=null, voted=s3, raftlog=s3@group-A7C5DBE940E2-SegmentedRaftLog:OPENED:c-1,f-1,i0, conf=-1: [s3:0.0.0.0:38312, s4:0.0.0.0:41737, s0:0.0.0.0:41019, s1:0.0.0.0:38816, s2:0.0.0.0:40694], old=null RUNNING] size=2
  s4:  RUNNING [
   FOLLOWER s4@group-FEE41E240123:t0, leader=null, voted=null, raftlog=s4@group-FEE41E240123-SegmentedRaftLog:OPENED:c-1,f-1,i0, conf=-1: [], old=null STARTING
  CANDIDATE s4@group-A7C5DBE940E2:t4, leader=null, voted=s4, raftlog=s4@group-A7C5DBE940E2-SegmentedRaftLog:OPENED:c-1,f-1,i0, conf=-1: [s3:0.0.0.0:38312, s4:0.0.0.0:41737, s0:0.0.0.0:41019, s1:0.0.0.0:38816, s2:0.0.0.0:40694], old=null RUNNING] size=2
  s0:  RUNNING [
   FOLLOWER s0@group-FEE41E240123:t0, leader=null, voted=null, raftlog=s0@group-FEE41E240123-SegmentedRaftLog:OPENED:c-1,f-1,i0, conf=-1: [], old=null STARTING
  CANDIDATE s0@group-A7C5DBE940E2:t5, leader=null, voted=s0, raftlog=s0@group-A7C5DBE940E2-SegmentedRaftLog:OPENED:c-1,f-1,i0, conf=-1: [s3:0.0.0.0:38312, s4:0.0.0.0:41737, s0:0.0.0.0:41019, s1:0.0.0.0:38816, s2:0.0.0.0:40694], old=null RUNNING] size=2
  s1:  RUNNING [
   FOLLOWER s1@group-FEE41E240123:t0, leader=null, voted=null, raftlog=s1@group-FEE41E240123-SegmentedRaftLog:OPENED:c-1,f-1,i0, conf=-1: [], old=null STARTING
  CANDIDATE s1@group-A7C5DBE940E2:t5, leader=null, voted=s1, raftlog=s1@group-A7C5DBE940E2-SegmentedRaftLog:OPENED:c-1,f-1,i0, conf=-1: [s3:0.0.0.0:38312, s4:0.0.0.0:41737, s0:0.0.0.0:41019, s1:0.0.0.0:38816, s2:0.0.0.0:40694], old=null RUNNING] size=2
  s2:  RUNNING [
   FOLLOWER s2@group-FEE41E240123:t0, leader=null, voted=null, raftlog=s2@group-FEE41E240123-SegmentedRaftLog:OPENED:c-1,f-1,i0, conf=-1: [], old=null STARTING
  CANDIDATE s2@group-A7C5DBE940E2:t4, leader=null, voted=s2, raftlog=s2@group-A7C5DBE940E2-SegmentedRaftLog:OPENED:c-1,f-1,i0, conf=-1: [s3:0.0.0.0:38312, s4:0.0.0.0:41737, s0:0.0.0.0:41019, s1:0.0.0.0:38816, s2:0.0.0.0:40694], old=null RUNNING] size=2
	at org.apache.ratis.MiniRaftCluster.newIllegalStateExceptionForNoLeaders(MiniRaftCluster.java:506)
	at org.apache.ratis.RaftTestUtil.lambda$waitForLeader$1(RaftTestUtil.java:90)
	at org.apache.ratis.MiniRaftCluster.getLeader(MiniRaftCluster.java:539)
	at org.apache.ratis.MiniRaftCluster.getLeader(MiniRaftCluster.java:532)
	at org.apache.ratis.RaftTestUtil.lambda$waitForLeader$3(RaftTestUtil.java:98)
	at org.apache.ratis.util.JavaUtils.attempt(JavaUtils.java:152)
	at org.apache.ratis.RaftTestUtil.waitForLeader(RaftTestUtil.java:97)
	at org.apache.ratis.RaftTestUtil.waitForLeader(RaftTestUtil.java:77)
	at org.apache.ratis.server.impl.GroupManagementBaseTest.runMultiGroupTest(GroupManagementBaseTest.java:175)
	at org.apache.ratis.server.impl.GroupManagementBaseTest.runMultiGroupTest(GroupManagementBaseTest.java:126)
	at org.apache.ratis.server.impl.GroupManagementBaseTest.testMultiGroup9Nodes(GroupManagementBaseTest.java:121)
	at sun.reflect.NativeMethodAccessorImpl.invoke0(Native Method)
	at sun.reflect.NativeMethodAccessorImpl.invoke(NativeMethodAccessorImpl.java:62)
	at sun.reflect.DelegatingMethodAccessorImpl.invoke(DelegatingMethodAccessorImpl.java:43)
	at java.lang.reflect.Method.invoke(Method.java:498)
	at org.junit.runners.model.FrameworkMethod$1.runReflectiveCall(FrameworkMethod.java:50)
	at org.junit.internal.runners.model.ReflectiveCallable.run(ReflectiveCallable.java:12)
	at org.junit.runners.model.FrameworkMethod.invokeExplosively(FrameworkMethod.java:47)
	at org.junit.internal.runners.statements.InvokeMethod.evaluate(InvokeMethod.java:17)
	at org.junit.internal.runners.statements.RunAfters.evaluate(RunAfters.java:27)
	at org.junit.internal.runners.statements.FailOnTimeout$CallableStatement.call(FailOnTimeout.java:298)
	at org.junit.internal.runners.statements.FailOnTimeout$CallableStatement.call(FailOnTimeout.java:292)
	at java.util.concurrent.FutureTask.run(FutureTask.java:266)
	at java.lang.Thread.run(Thread.java:748)
2019-09-24 16:48:11,071 WARN  ratis.RaftTestUtil (JavaUtils.java:attempt(158)) - FAILED "waitForLeader-group-A7C5DBE940E2-(expectLeader? true)", attempt #58/100: java.lang.IllegalStateException: No leader yet  for group-A7C5DBE940E2: printing group-A7C5DBE940E2
  s3:  RUNNING [
   FOLLOWER s3@group-FEE41E240123:t0, leader=null, voted=null, raftlog=s3@group-FEE41E240123-SegmentedRaftLog:OPENED:c-1,f-1,i0, conf=-1: [], old=null STARTING
  CANDIDATE s3@group-A7C5DBE940E2:t5, leader=null, voted=s3, raftlog=s3@group-A7C5DBE940E2-SegmentedRaftLog:OPENED:c-1,f-1,i0, conf=-1: [s3:0.0.0.0:38312, s4:0.0.0.0:41737, s0:0.0.0.0:41019, s1:0.0.0.0:38816, s2:0.0.0.0:40694], old=null RUNNING] size=2
  s4:  RUNNING [
   FOLLOWER s4@group-FEE41E240123:t0, leader=null, voted=null, raftlog=s4@group-FEE41E240123-SegmentedRaftLog:OPENED:c-1,f-1,i0, conf=-1: [], old=null STARTING
  CANDIDATE s4@group-A7C5DBE940E2:t4, leader=null, voted=s4, raftlog=s4@group-A7C5DBE940E2-SegmentedRaftLog:OPENED:c-1,f-1,i0, conf=-1: [s3:0.0.0.0:38312, s4:0.0.0.0:41737, s0:0.0.0.0:41019, s1:0.0.0.0:38816, s2:0.0.0.0:40694], old=null RUNNING] size=2
  s0:  RUNNING [
   FOLLOWER s0@group-FEE41E240123:t0, leader=null, voted=null, raftlog=s0@group-FEE41E240123-SegmentedRaftLog:OPENED:c-1,f-1,i0, conf=-1: [], old=null STARTING
  CANDIDATE s0@group-A7C5DBE940E2:t5, leader=null, voted=s0, raftlog=s0@group-A7C5DBE940E2-SegmentedRaftLog:OPENED:c-1,f-1,i0, conf=-1: [s3:0.0.0.0:38312, s4:0.0.0.0:41737, s0:0.0.0.0:41019, s1:0.0.0.0:38816, s2:0.0.0.0:40694], old=null RUNNING] size=2
  s1:  RUNNING [
   FOLLOWER s1@group-FEE41E240123:t0, leader=null, voted=null, raftlog=s1@group-FEE41E240123-SegmentedRaftLog:OPENED:c-1,f-1,i0, conf=-1: [], old=null STARTING
  CANDIDATE s1@group-A7C5DBE940E2:t5, leader=null, voted=s1, raftlog=s1@group-A7C5DBE940E2-SegmentedRaftLog:OPENED:c-1,f-1,i0, conf=-1: [s3:0.0.0.0:38312, s4:0.0.0.0:41737, s0:0.0.0.0:41019, s1:0.0.0.0:38816, s2:0.0.0.0:40694], old=null RUNNING] size=2
  s2:  RUNNING [
   FOLLOWER s2@group-FEE41E240123:t0, leader=null, voted=null, raftlog=s2@group-FEE41E240123-SegmentedRaftLog:OPENED:c-1,f-1,i0, conf=-1: [], old=null STARTING
  CANDIDATE s2@group-A7C5DBE940E2:t4, leader=null, voted=s2, raftlog=s2@group-A7C5DBE940E2-SegmentedRaftLog:OPENED:c-1,f-1,i0, conf=-1: [s3:0.0.0.0:38312, s4:0.0.0.0:41737, s0:0.0.0.0:41019, s1:0.0.0.0:38816, s2:0.0.0.0:40694], old=null RUNNING] size=2, sleep 450ms and then retry.
java.lang.IllegalStateException: No leader yet  for group-A7C5DBE940E2: printing group-A7C5DBE940E2
  s3:  RUNNING [
   FOLLOWER s3@group-FEE41E240123:t0, leader=null, voted=null, raftlog=s3@group-FEE41E240123-SegmentedRaftLog:OPENED:c-1,f-1,i0, conf=-1: [], old=null STARTING
  CANDIDATE s3@group-A7C5DBE940E2:t5, leader=null, voted=s3, raftlog=s3@group-A7C5DBE940E2-SegmentedRaftLog:OPENED:c-1,f-1,i0, conf=-1: [s3:0.0.0.0:38312, s4:0.0.0.0:41737, s0:0.0.0.0:41019, s1:0.0.0.0:38816, s2:0.0.0.0:40694], old=null RUNNING] size=2
  s4:  RUNNING [
   FOLLOWER s4@group-FEE41E240123:t0, leader=null, voted=null, raftlog=s4@group-FEE41E240123-SegmentedRaftLog:OPENED:c-1,f-1,i0, conf=-1: [], old=null STARTING
  CANDIDATE s4@group-A7C5DBE940E2:t4, leader=null, voted=s4, raftlog=s4@group-A7C5DBE940E2-SegmentedRaftLog:OPENED:c-1,f-1,i0, conf=-1: [s3:0.0.0.0:38312, s4:0.0.0.0:41737, s0:0.0.0.0:41019, s1:0.0.0.0:38816, s2:0.0.0.0:40694], old=null RUNNING] size=2
  s0:  RUNNING [
   FOLLOWER s0@group-FEE41E240123:t0, leader=null, voted=null, raftlog=s0@group-FEE41E240123-SegmentedRaftLog:OPENED:c-1,f-1,i0, conf=-1: [], old=null STARTING
  CANDIDATE s0@group-A7C5DBE940E2:t5, leader=null, voted=s0, raftlog=s0@group-A7C5DBE940E2-SegmentedRaftLog:OPENED:c-1,f-1,i0, conf=-1: [s3:0.0.0.0:38312, s4:0.0.0.0:41737, s0:0.0.0.0:41019, s1:0.0.0.0:38816, s2:0.0.0.0:40694], old=null RUNNING] size=2
  s1:  RUNNING [
   FOLLOWER s1@group-FEE41E240123:t0, leader=null, voted=null, raftlog=s1@group-FEE41E240123-SegmentedRaftLog:OPENED:c-1,f-1,i0, conf=-1: [], old=null STARTING
  CANDIDATE s1@group-A7C5DBE940E2:t5, leader=null, voted=s1, raftlog=s1@group-A7C5DBE940E2-SegmentedRaftLog:OPENED:c-1,f-1,i0, conf=-1: [s3:0.0.0.0:38312, s4:0.0.0.0:41737, s0:0.0.0.0:41019, s1:0.0.0.0:38816, s2:0.0.0.0:40694], old=null RUNNING] size=2
  s2:  RUNNING [
   FOLLOWER s2@group-FEE41E240123:t0, leader=null, voted=null, raftlog=s2@group-FEE41E240123-SegmentedRaftLog:OPENED:c-1,f-1,i0, conf=-1: [], old=null STARTING
  CANDIDATE s2@group-A7C5DBE940E2:t4, leader=null, voted=s2, raftlog=s2@group-A7C5DBE940E2-SegmentedRaftLog:OPENED:c-1,f-1,i0, conf=-1: [s3:0.0.0.0:38312, s4:0.0.0.0:41737, s0:0.0.0.0:41019, s1:0.0.0.0:38816, s2:0.0.0.0:40694], old=null RUNNING] size=2
	at org.apache.ratis.MiniRaftCluster.newIllegalStateExceptionForNoLeaders(MiniRaftCluster.java:506)
	at org.apache.ratis.RaftTestUtil.lambda$waitForLeader$1(RaftTestUtil.java:90)
	at org.apache.ratis.MiniRaftCluster.getLeader(MiniRaftCluster.java:539)
	at org.apache.ratis.MiniRaftCluster.getLeader(MiniRaftCluster.java:532)
	at org.apache.ratis.RaftTestUtil.lambda$waitForLeader$3(RaftTestUtil.java:98)
	at org.apache.ratis.util.JavaUtils.attempt(JavaUtils.java:152)
	at org.apache.ratis.RaftTestUtil.waitForLeader(RaftTestUtil.java:97)
	at org.apache.ratis.RaftTestUtil.waitForLeader(RaftTestUtil.java:77)
	at org.apache.ratis.server.impl.GroupManagementBaseTest.runMultiGroupTest(GroupManagementBaseTest.java:175)
	at org.apache.ratis.server.impl.GroupManagementBaseTest.runMultiGroupTest(GroupManagementBaseTest.java:126)
	at org.apache.ratis.server.impl.GroupManagementBaseTest.testMultiGroup9Nodes(GroupManagementBaseTest.java:121)
	at sun.reflect.NativeMethodAccessorImpl.invoke0(Native Method)
	at sun.reflect.NativeMethodAccessorImpl.invoke(NativeMethodAccessorImpl.java:62)
	at sun.reflect.DelegatingMethodAccessorImpl.invoke(DelegatingMethodAccessorImpl.java:43)
	at java.lang.reflect.Method.invoke(Method.java:498)
	at org.junit.runners.model.FrameworkMethod$1.runReflectiveCall(FrameworkMethod.java:50)
	at org.junit.internal.runners.model.ReflectiveCallable.run(ReflectiveCallable.java:12)
	at org.junit.runners.model.FrameworkMethod.invokeExplosively(FrameworkMethod.java:47)
	at org.junit.internal.runners.statements.InvokeMethod.evaluate(InvokeMethod.java:17)
	at org.junit.internal.runners.statements.RunAfters.evaluate(RunAfters.java:27)
	at org.junit.internal.runners.statements.FailOnTimeout$CallableStatement.call(FailOnTimeout.java:298)
	at org.junit.internal.runners.statements.FailOnTimeout$CallableStatement.call(FailOnTimeout.java:292)
	at java.util.concurrent.FutureTask.run(FutureTask.java:266)
	at java.lang.Thread.run(Thread.java:748)
2019-09-24 16:48:11,523 WARN  ratis.RaftTestUtil (JavaUtils.java:attempt(158)) - FAILED "waitForLeader-group-A7C5DBE940E2-(expectLeader? true)", attempt #59/100: java.lang.IllegalStateException: No leader yet  for group-A7C5DBE940E2: printing group-A7C5DBE940E2
  s3:  RUNNING [
   FOLLOWER s3@group-FEE41E240123:t0, leader=null, voted=null, raftlog=s3@group-FEE41E240123-SegmentedRaftLog:OPENED:c-1,f-1,i0, conf=-1: [], old=null STARTING
  CANDIDATE s3@group-A7C5DBE940E2:t5, leader=null, voted=s3, raftlog=s3@group-A7C5DBE940E2-SegmentedRaftLog:OPENED:c-1,f-1,i0, conf=-1: [s3:0.0.0.0:38312, s4:0.0.0.0:41737, s0:0.0.0.0:41019, s1:0.0.0.0:38816, s2:0.0.0.0:40694], old=null RUNNING] size=2
  s4:  RUNNING [
   FOLLOWER s4@group-FEE41E240123:t0, leader=null, voted=null, raftlog=s4@group-FEE41E240123-SegmentedRaftLog:OPENED:c-1,f-1,i0, conf=-1: [], old=null STARTING
  CANDIDATE s4@group-A7C5DBE940E2:t4, leader=null, voted=s4, raftlog=s4@group-A7C5DBE940E2-SegmentedRaftLog:OPENED:c-1,f-1,i0, conf=-1: [s3:0.0.0.0:38312, s4:0.0.0.0:41737, s0:0.0.0.0:41019, s1:0.0.0.0:38816, s2:0.0.0.0:40694], old=null RUNNING] size=2
  s0:  RUNNING [
   FOLLOWER s0@group-FEE41E240123:t0, leader=null, voted=null, raftlog=s0@group-FEE41E240123-SegmentedRaftLog:OPENED:c-1,f-1,i0, conf=-1: [], old=null STARTING
  CANDIDATE s0@group-A7C5DBE940E2:t5, leader=null, voted=s0, raftlog=s0@group-A7C5DBE940E2-SegmentedRaftLog:OPENED:c-1,f-1,i0, conf=-1: [s3:0.0.0.0:38312, s4:0.0.0.0:41737, s0:0.0.0.0:41019, s1:0.0.0.0:38816, s2:0.0.0.0:40694], old=null RUNNING] size=2
  s1:  RUNNING [
   FOLLOWER s1@group-FEE41E240123:t0, leader=null, voted=null, raftlog=s1@group-FEE41E240123-SegmentedRaftLog:OPENED:c-1,f-1,i0, conf=-1: [], old=null STARTING
  CANDIDATE s1@group-A7C5DBE940E2:t5, leader=null, voted=s1, raftlog=s1@group-A7C5DBE940E2-SegmentedRaftLog:OPENED:c-1,f-1,i0, conf=-1: [s3:0.0.0.0:38312, s4:0.0.0.0:41737, s0:0.0.0.0:41019, s1:0.0.0.0:38816, s2:0.0.0.0:40694], old=null RUNNING] size=2
  s2:  RUNNING [
   FOLLOWER s2@group-FEE41E240123:t0, leader=null, voted=null, raftlog=s2@group-FEE41E240123-SegmentedRaftLog:OPENED:c-1,f-1,i0, conf=-1: [], old=null STARTING
  CANDIDATE s2@group-A7C5DBE940E2:t4, leader=null, voted=s2, raftlog=s2@group-A7C5DBE940E2-SegmentedRaftLog:OPENED:c-1,f-1,i0, conf=-1: [s3:0.0.0.0:38312, s4:0.0.0.0:41737, s0:0.0.0.0:41019, s1:0.0.0.0:38816, s2:0.0.0.0:40694], old=null RUNNING] size=2, sleep 450ms and then retry.
java.lang.IllegalStateException: No leader yet  for group-A7C5DBE940E2: printing group-A7C5DBE940E2
  s3:  RUNNING [
   FOLLOWER s3@group-FEE41E240123:t0, leader=null, voted=null, raftlog=s3@group-FEE41E240123-SegmentedRaftLog:OPENED:c-1,f-1,i0, conf=-1: [], old=null STARTING
  CANDIDATE s3@group-A7C5DBE940E2:t5, leader=null, voted=s3, raftlog=s3@group-A7C5DBE940E2-SegmentedRaftLog:OPENED:c-1,f-1,i0, conf=-1: [s3:0.0.0.0:38312, s4:0.0.0.0:41737, s0:0.0.0.0:41019, s1:0.0.0.0:38816, s2:0.0.0.0:40694], old=null RUNNING] size=2
  s4:  RUNNING [
   FOLLOWER s4@group-FEE41E240123:t0, leader=null, voted=null, raftlog=s4@group-FEE41E240123-SegmentedRaftLog:OPENED:c-1,f-1,i0, conf=-1: [], old=null STARTING
  CANDIDATE s4@group-A7C5DBE940E2:t4, leader=null, voted=s4, raftlog=s4@group-A7C5DBE940E2-SegmentedRaftLog:OPENED:c-1,f-1,i0, conf=-1: [s3:0.0.0.0:38312, s4:0.0.0.0:41737, s0:0.0.0.0:41019, s1:0.0.0.0:38816, s2:0.0.0.0:40694], old=null RUNNING] size=2
  s0:  RUNNING [
   FOLLOWER s0@group-FEE41E240123:t0, leader=null, voted=null, raftlog=s0@group-FEE41E240123-SegmentedRaftLog:OPENED:c-1,f-1,i0, conf=-1: [], old=null STARTING
  CANDIDATE s0@group-A7C5DBE940E2:t5, leader=null, voted=s0, raftlog=s0@group-A7C5DBE940E2-SegmentedRaftLog:OPENED:c-1,f-1,i0, conf=-1: [s3:0.0.0.0:38312, s4:0.0.0.0:41737, s0:0.0.0.0:41019, s1:0.0.0.0:38816, s2:0.0.0.0:40694], old=null RUNNING] size=2
  s1:  RUNNING [
   FOLLOWER s1@group-FEE41E240123:t0, leader=null, voted=null, raftlog=s1@group-FEE41E240123-SegmentedRaftLog:OPENED:c-1,f-1,i0, conf=-1: [], old=null STARTING
  CANDIDATE s1@group-A7C5DBE940E2:t5, leader=null, voted=s1, raftlog=s1@group-A7C5DBE940E2-SegmentedRaftLog:OPENED:c-1,f-1,i0, conf=-1: [s3:0.0.0.0:38312, s4:0.0.0.0:41737, s0:0.0.0.0:41019, s1:0.0.0.0:38816, s2:0.0.0.0:40694], old=null RUNNING] size=2
  s2:  RUNNING [
   FOLLOWER s2@group-FEE41E240123:t0, leader=null, voted=null, raftlog=s2@group-FEE41E240123-SegmentedRaftLog:OPENED:c-1,f-1,i0, conf=-1: [], old=null STARTING
  CANDIDATE s2@group-A7C5DBE940E2:t4, leader=null, voted=s2, raftlog=s2@group-A7C5DBE940E2-SegmentedRaftLog:OPENED:c-1,f-1,i0, conf=-1: [s3:0.0.0.0:38312, s4:0.0.0.0:41737, s0:0.0.0.0:41019, s1:0.0.0.0:38816, s2:0.0.0.0:40694], old=null RUNNING] size=2
	at org.apache.ratis.MiniRaftCluster.newIllegalStateExceptionForNoLeaders(MiniRaftCluster.java:506)
	at org.apache.ratis.RaftTestUtil.lambda$waitForLeader$1(RaftTestUtil.java:90)
	at org.apache.ratis.MiniRaftCluster.getLeader(MiniRaftCluster.java:539)
	at org.apache.ratis.MiniRaftCluster.getLeader(MiniRaftCluster.java:532)
	at org.apache.ratis.RaftTestUtil.lambda$waitForLeader$3(RaftTestUtil.java:98)
	at org.apache.ratis.util.JavaUtils.attempt(JavaUtils.java:152)
	at org.apache.ratis.RaftTestUtil.waitForLeader(RaftTestUtil.java:97)
	at org.apache.ratis.RaftTestUtil.waitForLeader(RaftTestUtil.java:77)
	at org.apache.ratis.server.impl.GroupManagementBaseTest.runMultiGroupTest(GroupManagementBaseTest.java:175)
	at org.apache.ratis.server.impl.GroupManagementBaseTest.runMultiGroupTest(GroupManagementBaseTest.java:126)
	at org.apache.ratis.server.impl.GroupManagementBaseTest.testMultiGroup9Nodes(GroupManagementBaseTest.java:121)
	at sun.reflect.NativeMethodAccessorImpl.invoke0(Native Method)
	at sun.reflect.NativeMethodAccessorImpl.invoke(NativeMethodAccessorImpl.java:62)
	at sun.reflect.DelegatingMethodAccessorImpl.invoke(DelegatingMethodAccessorImpl.java:43)
	at java.lang.reflect.Method.invoke(Method.java:498)
	at org.junit.runners.model.FrameworkMethod$1.runReflectiveCall(FrameworkMethod.java:50)
	at org.junit.internal.runners.model.ReflectiveCallable.run(ReflectiveCallable.java:12)
	at org.junit.runners.model.FrameworkMethod.invokeExplosively(FrameworkMethod.java:47)
	at org.junit.internal.runners.statements.InvokeMethod.evaluate(InvokeMethod.java:17)
	at org.junit.internal.runners.statements.RunAfters.evaluate(RunAfters.java:27)
	at org.junit.internal.runners.statements.FailOnTimeout$CallableStatement.call(FailOnTimeout.java:298)
	at org.junit.internal.runners.statements.FailOnTimeout$CallableStatement.call(FailOnTimeout.java:292)
	at java.util.concurrent.FutureTask.run(FutureTask.java:266)
	at java.lang.Thread.run(Thread.java:748)
2019-09-24 16:48:11,976 WARN  ratis.RaftTestUtil (JavaUtils.java:attempt(158)) - FAILED "waitForLeader-group-A7C5DBE940E2-(expectLeader? true)", attempt #60/100: java.lang.IllegalStateException: No leader yet  for group-A7C5DBE940E2: printing group-A7C5DBE940E2
  s3:  RUNNING [
   FOLLOWER s3@group-FEE41E240123:t0, leader=null, voted=null, raftlog=s3@group-FEE41E240123-SegmentedRaftLog:OPENED:c-1,f-1,i0, conf=-1: [], old=null STARTING
  CANDIDATE s3@group-A7C5DBE940E2:t5, leader=null, voted=s3, raftlog=s3@group-A7C5DBE940E2-SegmentedRaftLog:OPENED:c-1,f-1,i0, conf=-1: [s3:0.0.0.0:38312, s4:0.0.0.0:41737, s0:0.0.0.0:41019, s1:0.0.0.0:38816, s2:0.0.0.0:40694], old=null RUNNING] size=2
  s4:  RUNNING [
   FOLLOWER s4@group-FEE41E240123:t0, leader=null, voted=null, raftlog=s4@group-FEE41E240123-SegmentedRaftLog:OPENED:c-1,f-1,i0, conf=-1: [], old=null STARTING
  CANDIDATE s4@group-A7C5DBE940E2:t4, leader=null, voted=s4, raftlog=s4@group-A7C5DBE940E2-SegmentedRaftLog:OPENED:c-1,f-1,i0, conf=-1: [s3:0.0.0.0:38312, s4:0.0.0.0:41737, s0:0.0.0.0:41019, s1:0.0.0.0:38816, s2:0.0.0.0:40694], old=null RUNNING] size=2
  s0:  RUNNING [
   FOLLOWER s0@group-FEE41E240123:t0, leader=null, voted=null, raftlog=s0@group-FEE41E240123-SegmentedRaftLog:OPENED:c-1,f-1,i0, conf=-1: [], old=null STARTING
  CANDIDATE s0@group-A7C5DBE940E2:t5, leader=null, voted=s0, raftlog=s0@group-A7C5DBE940E2-SegmentedRaftLog:OPENED:c-1,f-1,i0, conf=-1: [s3:0.0.0.0:38312, s4:0.0.0.0:41737, s0:0.0.0.0:41019, s1:0.0.0.0:38816, s2:0.0.0.0:40694], old=null RUNNING] size=2
  s1:  RUNNING [
   FOLLOWER s1@group-FEE41E240123:t0, leader=null, voted=null, raftlog=s1@group-FEE41E240123-SegmentedRaftLog:OPENED:c-1,f-1,i0, conf=-1: [], old=null STARTING
  CANDIDATE s1@group-A7C5DBE940E2:t5, leader=null, voted=s1, raftlog=s1@group-A7C5DBE940E2-SegmentedRaftLog:OPENED:c-1,f-1,i0, conf=-1: [s3:0.0.0.0:38312, s4:0.0.0.0:41737, s0:0.0.0.0:41019, s1:0.0.0.0:38816, s2:0.0.0.0:40694], old=null RUNNING] size=2
  s2:  RUNNING [
   FOLLOWER s2@group-FEE41E240123:t0, leader=null, voted=null, raftlog=s2@group-FEE41E240123-SegmentedRaftLog:OPENED:c-1,f-1,i0, conf=-1: [], old=null STARTING
  CANDIDATE s2@group-A7C5DBE940E2:t4, leader=null, voted=s2, raftlog=s2@group-A7C5DBE940E2-SegmentedRaftLog:OPENED:c-1,f-1,i0, conf=-1: [s3:0.0.0.0:38312, s4:0.0.0.0:41737, s0:0.0.0.0:41019, s1:0.0.0.0:38816, s2:0.0.0.0:40694], old=null RUNNING] size=2, sleep 450ms and then retry.
java.lang.IllegalStateException: No leader yet  for group-A7C5DBE940E2: printing group-A7C5DBE940E2
  s3:  RUNNING [
   FOLLOWER s3@group-FEE41E240123:t0, leader=null, voted=null, raftlog=s3@group-FEE41E240123-SegmentedRaftLog:OPENED:c-1,f-1,i0, conf=-1: [], old=null STARTING
  CANDIDATE s3@group-A7C5DBE940E2:t5, leader=null, voted=s3, raftlog=s3@group-A7C5DBE940E2-SegmentedRaftLog:OPENED:c-1,f-1,i0, conf=-1: [s3:0.0.0.0:38312, s4:0.0.0.0:41737, s0:0.0.0.0:41019, s1:0.0.0.0:38816, s2:0.0.0.0:40694], old=null RUNNING] size=2
  s4:  RUNNING [
   FOLLOWER s4@group-FEE41E240123:t0, leader=null, voted=null, raftlog=s4@group-FEE41E240123-SegmentedRaftLog:OPENED:c-1,f-1,i0, conf=-1: [], old=null STARTING
  CANDIDATE s4@group-A7C5DBE940E2:t4, leader=null, voted=s4, raftlog=s4@group-A7C5DBE940E2-SegmentedRaftLog:OPENED:c-1,f-1,i0, conf=-1: [s3:0.0.0.0:38312, s4:0.0.0.0:41737, s0:0.0.0.0:41019, s1:0.0.0.0:38816, s2:0.0.0.0:40694], old=null RUNNING] size=2
  s0:  RUNNING [
   FOLLOWER s0@group-FEE41E240123:t0, leader=null, voted=null, raftlog=s0@group-FEE41E240123-SegmentedRaftLog:OPENED:c-1,f-1,i0, conf=-1: [], old=null STARTING
  CANDIDATE s0@group-A7C5DBE940E2:t5, leader=null, voted=s0, raftlog=s0@group-A7C5DBE940E2-SegmentedRaftLog:OPENED:c-1,f-1,i0, conf=-1: [s3:0.0.0.0:38312, s4:0.0.0.0:41737, s0:0.0.0.0:41019, s1:0.0.0.0:38816, s2:0.0.0.0:40694], old=null RUNNING] size=2
  s1:  RUNNING [
   FOLLOWER s1@group-FEE41E240123:t0, leader=null, voted=null, raftlog=s1@group-FEE41E240123-SegmentedRaftLog:OPENED:c-1,f-1,i0, conf=-1: [], old=null STARTING
  CANDIDATE s1@group-A7C5DBE940E2:t5, leader=null, voted=s1, raftlog=s1@group-A7C5DBE940E2-SegmentedRaftLog:OPENED:c-1,f-1,i0, conf=-1: [s3:0.0.0.0:38312, s4:0.0.0.0:41737, s0:0.0.0.0:41019, s1:0.0.0.0:38816, s2:0.0.0.0:40694], old=null RUNNING] size=2
  s2:  RUNNING [
   FOLLOWER s2@group-FEE41E240123:t0, leader=null, voted=null, raftlog=s2@group-FEE41E240123-SegmentedRaftLog:OPENED:c-1,f-1,i0, conf=-1: [], old=null STARTING
  CANDIDATE s2@group-A7C5DBE940E2:t4, leader=null, voted=s2, raftlog=s2@group-A7C5DBE940E2-SegmentedRaftLog:OPENED:c-1,f-1,i0, conf=-1: [s3:0.0.0.0:38312, s4:0.0.0.0:41737, s0:0.0.0.0:41019, s1:0.0.0.0:38816, s2:0.0.0.0:40694], old=null RUNNING] size=2
	at org.apache.ratis.MiniRaftCluster.newIllegalStateExceptionForNoLeaders(MiniRaftCluster.java:506)
	at org.apache.ratis.RaftTestUtil.lambda$waitForLeader$1(RaftTestUtil.java:90)
	at org.apache.ratis.MiniRaftCluster.getLeader(MiniRaftCluster.java:539)
	at org.apache.ratis.MiniRaftCluster.getLeader(MiniRaftCluster.java:532)
	at org.apache.ratis.RaftTestUtil.lambda$waitForLeader$3(RaftTestUtil.java:98)
	at org.apache.ratis.util.JavaUtils.attempt(JavaUtils.java:152)
	at org.apache.ratis.RaftTestUtil.waitForLeader(RaftTestUtil.java:97)
	at org.apache.ratis.RaftTestUtil.waitForLeader(RaftTestUtil.java:77)
	at org.apache.ratis.server.impl.GroupManagementBaseTest.runMultiGroupTest(GroupManagementBaseTest.java:175)
	at org.apache.ratis.server.impl.GroupManagementBaseTest.runMultiGroupTest(GroupManagementBaseTest.java:126)
	at org.apache.ratis.server.impl.GroupManagementBaseTest.testMultiGroup9Nodes(GroupManagementBaseTest.java:121)
	at sun.reflect.NativeMethodAccessorImpl.invoke0(Native Method)
	at sun.reflect.NativeMethodAccessorImpl.invoke(NativeMethodAccessorImpl.java:62)
	at sun.reflect.DelegatingMethodAccessorImpl.invoke(DelegatingMethodAccessorImpl.java:43)
	at java.lang.reflect.Method.invoke(Method.java:498)
	at org.junit.runners.model.FrameworkMethod$1.runReflectiveCall(FrameworkMethod.java:50)
	at org.junit.internal.runners.model.ReflectiveCallable.run(ReflectiveCallable.java:12)
	at org.junit.runners.model.FrameworkMethod.invokeExplosively(FrameworkMethod.java:47)
	at org.junit.internal.runners.statements.InvokeMethod.evaluate(InvokeMethod.java:17)
	at org.junit.internal.runners.statements.RunAfters.evaluate(RunAfters.java:27)
	at org.junit.internal.runners.statements.FailOnTimeout$CallableStatement.call(FailOnTimeout.java:298)
	at org.junit.internal.runners.statements.FailOnTimeout$CallableStatement.call(FailOnTimeout.java:292)
	at java.util.concurrent.FutureTask.run(FutureTask.java:266)
	at java.lang.Thread.run(Thread.java:748)
2019-09-24 16:48:12,428 WARN  ratis.RaftTestUtil (JavaUtils.java:attempt(158)) - FAILED "waitForLeader-group-A7C5DBE940E2-(expectLeader? true)", attempt #61/100: java.lang.IllegalStateException: No leader yet  for group-A7C5DBE940E2: printing group-A7C5DBE940E2
  s3:  RUNNING [
   FOLLOWER s3@group-FEE41E240123:t0, leader=null, voted=null, raftlog=s3@group-FEE41E240123-SegmentedRaftLog:OPENED:c-1,f-1,i0, conf=-1: [], old=null STARTING
  CANDIDATE s3@group-A7C5DBE940E2:t5, leader=null, voted=s3, raftlog=s3@group-A7C5DBE940E2-SegmentedRaftLog:OPENED:c-1,f-1,i0, conf=-1: [s3:0.0.0.0:38312, s4:0.0.0.0:41737, s0:0.0.0.0:41019, s1:0.0.0.0:38816, s2:0.0.0.0:40694], old=null RUNNING] size=2
  s4:  RUNNING [
   FOLLOWER s4@group-FEE41E240123:t0, leader=null, voted=null, raftlog=s4@group-FEE41E240123-SegmentedRaftLog:OPENED:c-1,f-1,i0, conf=-1: [], old=null STARTING
  CANDIDATE s4@group-A7C5DBE940E2:t4, leader=null, voted=s4, raftlog=s4@group-A7C5DBE940E2-SegmentedRaftLog:OPENED:c-1,f-1,i0, conf=-1: [s3:0.0.0.0:38312, s4:0.0.0.0:41737, s0:0.0.0.0:41019, s1:0.0.0.0:38816, s2:0.0.0.0:40694], old=null RUNNING] size=2
  s0:  RUNNING [
   FOLLOWER s0@group-FEE41E240123:t0, leader=null, voted=null, raftlog=s0@group-FEE41E240123-SegmentedRaftLog:OPENED:c-1,f-1,i0, conf=-1: [], old=null STARTING
  CANDIDATE s0@group-A7C5DBE940E2:t5, leader=null, voted=s0, raftlog=s0@group-A7C5DBE940E2-SegmentedRaftLog:OPENED:c-1,f-1,i0, conf=-1: [s3:0.0.0.0:38312, s4:0.0.0.0:41737, s0:0.0.0.0:41019, s1:0.0.0.0:38816, s2:0.0.0.0:40694], old=null RUNNING] size=2
  s1:  RUNNING [
   FOLLOWER s1@group-FEE41E240123:t0, leader=null, voted=null, raftlog=s1@group-FEE41E240123-SegmentedRaftLog:OPENED:c-1,f-1,i0, conf=-1: [], old=null STARTING
  CANDIDATE s1@group-A7C5DBE940E2:t5, leader=null, voted=s1, raftlog=s1@group-A7C5DBE940E2-SegmentedRaftLog:OPENED:c-1,f-1,i0, conf=-1: [s3:0.0.0.0:38312, s4:0.0.0.0:41737, s0:0.0.0.0:41019, s1:0.0.0.0:38816, s2:0.0.0.0:40694], old=null RUNNING] size=2
  s2:  RUNNING [
   FOLLOWER s2@group-FEE41E240123:t0, leader=null, voted=null, raftlog=s2@group-FEE41E240123-SegmentedRaftLog:OPENED:c-1,f-1,i0, conf=-1: [], old=null STARTING
  CANDIDATE s2@group-A7C5DBE940E2:t4, leader=null, voted=s2, raftlog=s2@group-A7C5DBE940E2-SegmentedRaftLog:OPENED:c-1,f-1,i0, conf=-1: [s3:0.0.0.0:38312, s4:0.0.0.0:41737, s0:0.0.0.0:41019, s1:0.0.0.0:38816, s2:0.0.0.0:40694], old=null RUNNING] size=2, sleep 450ms and then retry.
java.lang.IllegalStateException: No leader yet  for group-A7C5DBE940E2: printing group-A7C5DBE940E2
  s3:  RUNNING [
   FOLLOWER s3@group-FEE41E240123:t0, leader=null, voted=null, raftlog=s3@group-FEE41E240123-SegmentedRaftLog:OPENED:c-1,f-1,i0, conf=-1: [], old=null STARTING
  CANDIDATE s3@group-A7C5DBE940E2:t5, leader=null, voted=s3, raftlog=s3@group-A7C5DBE940E2-SegmentedRaftLog:OPENED:c-1,f-1,i0, conf=-1: [s3:0.0.0.0:38312, s4:0.0.0.0:41737, s0:0.0.0.0:41019, s1:0.0.0.0:38816, s2:0.0.0.0:40694], old=null RUNNING] size=2
  s4:  RUNNING [
   FOLLOWER s4@group-FEE41E240123:t0, leader=null, voted=null, raftlog=s4@group-FEE41E240123-SegmentedRaftLog:OPENED:c-1,f-1,i0, conf=-1: [], old=null STARTING
  CANDIDATE s4@group-A7C5DBE940E2:t4, leader=null, voted=s4, raftlog=s4@group-A7C5DBE940E2-SegmentedRaftLog:OPENED:c-1,f-1,i0, conf=-1: [s3:0.0.0.0:38312, s4:0.0.0.0:41737, s0:0.0.0.0:41019, s1:0.0.0.0:38816, s2:0.0.0.0:40694], old=null RUNNING] size=2
  s0:  RUNNING [
   FOLLOWER s0@group-FEE41E240123:t0, leader=null, voted=null, raftlog=s0@group-FEE41E240123-SegmentedRaftLog:OPENED:c-1,f-1,i0, conf=-1: [], old=null STARTING
  CANDIDATE s0@group-A7C5DBE940E2:t5, leader=null, voted=s0, raftlog=s0@group-A7C5DBE940E2-SegmentedRaftLog:OPENED:c-1,f-1,i0, conf=-1: [s3:0.0.0.0:38312, s4:0.0.0.0:41737, s0:0.0.0.0:41019, s1:0.0.0.0:38816, s2:0.0.0.0:40694], old=null RUNNING] size=2
  s1:  RUNNING [
   FOLLOWER s1@group-FEE41E240123:t0, leader=null, voted=null, raftlog=s1@group-FEE41E240123-SegmentedRaftLog:OPENED:c-1,f-1,i0, conf=-1: [], old=null STARTING
  CANDIDATE s1@group-A7C5DBE940E2:t5, leader=null, voted=s1, raftlog=s1@group-A7C5DBE940E2-SegmentedRaftLog:OPENED:c-1,f-1,i0, conf=-1: [s3:0.0.0.0:38312, s4:0.0.0.0:41737, s0:0.0.0.0:41019, s1:0.0.0.0:38816, s2:0.0.0.0:40694], old=null RUNNING] size=2
  s2:  RUNNING [
   FOLLOWER s2@group-FEE41E240123:t0, leader=null, voted=null, raftlog=s2@group-FEE41E240123-SegmentedRaftLog:OPENED:c-1,f-1,i0, conf=-1: [], old=null STARTING
  CANDIDATE s2@group-A7C5DBE940E2:t4, leader=null, voted=s2, raftlog=s2@group-A7C5DBE940E2-SegmentedRaftLog:OPENED:c-1,f-1,i0, conf=-1: [s3:0.0.0.0:38312, s4:0.0.0.0:41737, s0:0.0.0.0:41019, s1:0.0.0.0:38816, s2:0.0.0.0:40694], old=null RUNNING] size=2
	at org.apache.ratis.MiniRaftCluster.newIllegalStateExceptionForNoLeaders(MiniRaftCluster.java:506)
	at org.apache.ratis.RaftTestUtil.lambda$waitForLeader$1(RaftTestUtil.java:90)
	at org.apache.ratis.MiniRaftCluster.getLeader(MiniRaftCluster.java:539)
	at org.apache.ratis.MiniRaftCluster.getLeader(MiniRaftCluster.java:532)
	at org.apache.ratis.RaftTestUtil.lambda$waitForLeader$3(RaftTestUtil.java:98)
	at org.apache.ratis.util.JavaUtils.attempt(JavaUtils.java:152)
	at org.apache.ratis.RaftTestUtil.waitForLeader(RaftTestUtil.java:97)
	at org.apache.ratis.RaftTestUtil.waitForLeader(RaftTestUtil.java:77)
	at org.apache.ratis.server.impl.GroupManagementBaseTest.runMultiGroupTest(GroupManagementBaseTest.java:175)
	at org.apache.ratis.server.impl.GroupManagementBaseTest.runMultiGroupTest(GroupManagementBaseTest.java:126)
	at org.apache.ratis.server.impl.GroupManagementBaseTest.testMultiGroup9Nodes(GroupManagementBaseTest.java:121)
	at sun.reflect.NativeMethodAccessorImpl.invoke0(Native Method)
	at sun.reflect.NativeMethodAccessorImpl.invoke(NativeMethodAccessorImpl.java:62)
	at sun.reflect.DelegatingMethodAccessorImpl.invoke(DelegatingMethodAccessorImpl.java:43)
	at java.lang.reflect.Method.invoke(Method.java:498)
	at org.junit.runners.model.FrameworkMethod$1.runReflectiveCall(FrameworkMethod.java:50)
	at org.junit.internal.runners.model.ReflectiveCallable.run(ReflectiveCallable.java:12)
	at org.junit.runners.model.FrameworkMethod.invokeExplosively(FrameworkMethod.java:47)
	at org.junit.internal.runners.statements.InvokeMethod.evaluate(InvokeMethod.java:17)
	at org.junit.internal.runners.statements.RunAfters.evaluate(RunAfters.java:27)
	at org.junit.internal.runners.statements.FailOnTimeout$CallableStatement.call(FailOnTimeout.java:298)
	at org.junit.internal.runners.statements.FailOnTimeout$CallableStatement.call(FailOnTimeout.java:292)
	at java.util.concurrent.FutureTask.run(FutureTask.java:266)
	at java.lang.Thread.run(Thread.java:748)
2019-09-24 16:48:12,880 WARN  ratis.RaftTestUtil (JavaUtils.java:attempt(158)) - FAILED "waitForLeader-group-A7C5DBE940E2-(expectLeader? true)", attempt #62/100: java.lang.IllegalStateException: No leader yet  for group-A7C5DBE940E2: printing group-A7C5DBE940E2
  s3:  RUNNING [
   FOLLOWER s3@group-FEE41E240123:t0, leader=null, voted=null, raftlog=s3@group-FEE41E240123-SegmentedRaftLog:OPENED:c-1,f-1,i0, conf=-1: [], old=null STARTING
  CANDIDATE s3@group-A7C5DBE940E2:t5, leader=null, voted=s3, raftlog=s3@group-A7C5DBE940E2-SegmentedRaftLog:OPENED:c-1,f-1,i0, conf=-1: [s3:0.0.0.0:38312, s4:0.0.0.0:41737, s0:0.0.0.0:41019, s1:0.0.0.0:38816, s2:0.0.0.0:40694], old=null RUNNING] size=2
  s4:  RUNNING [
   FOLLOWER s4@group-FEE41E240123:t0, leader=null, voted=null, raftlog=s4@group-FEE41E240123-SegmentedRaftLog:OPENED:c-1,f-1,i0, conf=-1: [], old=null STARTING
  CANDIDATE s4@group-A7C5DBE940E2:t4, leader=null, voted=s4, raftlog=s4@group-A7C5DBE940E2-SegmentedRaftLog:OPENED:c-1,f-1,i0, conf=-1: [s3:0.0.0.0:38312, s4:0.0.0.0:41737, s0:0.0.0.0:41019, s1:0.0.0.0:38816, s2:0.0.0.0:40694], old=null RUNNING] size=2
  s0:  RUNNING [
   FOLLOWER s0@group-FEE41E240123:t0, leader=null, voted=null, raftlog=s0@group-FEE41E240123-SegmentedRaftLog:OPENED:c-1,f-1,i0, conf=-1: [], old=null STARTING
  CANDIDATE s0@group-A7C5DBE940E2:t5, leader=null, voted=s0, raftlog=s0@group-A7C5DBE940E2-SegmentedRaftLog:OPENED:c-1,f-1,i0, conf=-1: [s3:0.0.0.0:38312, s4:0.0.0.0:41737, s0:0.0.0.0:41019, s1:0.0.0.0:38816, s2:0.0.0.0:40694], old=null RUNNING] size=2
  s1:  RUNNING [
   FOLLOWER s1@group-FEE41E240123:t0, leader=null, voted=null, raftlog=s1@group-FEE41E240123-SegmentedRaftLog:OPENED:c-1,f-1,i0, conf=-1: [], old=null STARTING
  CANDIDATE s1@group-A7C5DBE940E2:t5, leader=null, voted=s1, raftlog=s1@group-A7C5DBE940E2-SegmentedRaftLog:OPENED:c-1,f-1,i0, conf=-1: [s3:0.0.0.0:38312, s4:0.0.0.0:41737, s0:0.0.0.0:41019, s1:0.0.0.0:38816, s2:0.0.0.0:40694], old=null RUNNING] size=2
  s2:  RUNNING [
   FOLLOWER s2@group-FEE41E240123:t0, leader=null, voted=null, raftlog=s2@group-FEE41E240123-SegmentedRaftLog:OPENED:c-1,f-1,i0, conf=-1: [], old=null STARTING
  CANDIDATE s2@group-A7C5DBE940E2:t4, leader=null, voted=s2, raftlog=s2@group-A7C5DBE940E2-SegmentedRaftLog:OPENED:c-1,f-1,i0, conf=-1: [s3:0.0.0.0:38312, s4:0.0.0.0:41737, s0:0.0.0.0:41019, s1:0.0.0.0:38816, s2:0.0.0.0:40694], old=null RUNNING] size=2, sleep 450ms and then retry.
java.lang.IllegalStateException: No leader yet  for group-A7C5DBE940E2: printing group-A7C5DBE940E2
  s3:  RUNNING [
   FOLLOWER s3@group-FEE41E240123:t0, leader=null, voted=null, raftlog=s3@group-FEE41E240123-SegmentedRaftLog:OPENED:c-1,f-1,i0, conf=-1: [], old=null STARTING
  CANDIDATE s3@group-A7C5DBE940E2:t5, leader=null, voted=s3, raftlog=s3@group-A7C5DBE940E2-SegmentedRaftLog:OPENED:c-1,f-1,i0, conf=-1: [s3:0.0.0.0:38312, s4:0.0.0.0:41737, s0:0.0.0.0:41019, s1:0.0.0.0:38816, s2:0.0.0.0:40694], old=null RUNNING] size=2
  s4:  RUNNING [
   FOLLOWER s4@group-FEE41E240123:t0, leader=null, voted=null, raftlog=s4@group-FEE41E240123-SegmentedRaftLog:OPENED:c-1,f-1,i0, conf=-1: [], old=null STARTING
  CANDIDATE s4@group-A7C5DBE940E2:t4, leader=null, voted=s4, raftlog=s4@group-A7C5DBE940E2-SegmentedRaftLog:OPENED:c-1,f-1,i0, conf=-1: [s3:0.0.0.0:38312, s4:0.0.0.0:41737, s0:0.0.0.0:41019, s1:0.0.0.0:38816, s2:0.0.0.0:40694], old=null RUNNING] size=2
  s0:  RUNNING [
   FOLLOWER s0@group-FEE41E240123:t0, leader=null, voted=null, raftlog=s0@group-FEE41E240123-SegmentedRaftLog:OPENED:c-1,f-1,i0, conf=-1: [], old=null STARTING
  CANDIDATE s0@group-A7C5DBE940E2:t5, leader=null, voted=s0, raftlog=s0@group-A7C5DBE940E2-SegmentedRaftLog:OPENED:c-1,f-1,i0, conf=-1: [s3:0.0.0.0:38312, s4:0.0.0.0:41737, s0:0.0.0.0:41019, s1:0.0.0.0:38816, s2:0.0.0.0:40694], old=null RUNNING] size=2
  s1:  RUNNING [
   FOLLOWER s1@group-FEE41E240123:t0, leader=null, voted=null, raftlog=s1@group-FEE41E240123-SegmentedRaftLog:OPENED:c-1,f-1,i0, conf=-1: [], old=null STARTING
  CANDIDATE s1@group-A7C5DBE940E2:t5, leader=null, voted=s1, raftlog=s1@group-A7C5DBE940E2-SegmentedRaftLog:OPENED:c-1,f-1,i0, conf=-1: [s3:0.0.0.0:38312, s4:0.0.0.0:41737, s0:0.0.0.0:41019, s1:0.0.0.0:38816, s2:0.0.0.0:40694], old=null RUNNING] size=2
  s2:  RUNNING [
   FOLLOWER s2@group-FEE41E240123:t0, leader=null, voted=null, raftlog=s2@group-FEE41E240123-SegmentedRaftLog:OPENED:c-1,f-1,i0, conf=-1: [], old=null STARTING
  CANDIDATE s2@group-A7C5DBE940E2:t4, leader=null, voted=s2, raftlog=s2@group-A7C5DBE940E2-SegmentedRaftLog:OPENED:c-1,f-1,i0, conf=-1: [s3:0.0.0.0:38312, s4:0.0.0.0:41737, s0:0.0.0.0:41019, s1:0.0.0.0:38816, s2:0.0.0.0:40694], old=null RUNNING] size=2
	at org.apache.ratis.MiniRaftCluster.newIllegalStateExceptionForNoLeaders(MiniRaftCluster.java:506)
	at org.apache.ratis.RaftTestUtil.lambda$waitForLeader$1(RaftTestUtil.java:90)
	at org.apache.ratis.MiniRaftCluster.getLeader(MiniRaftCluster.java:539)
	at org.apache.ratis.MiniRaftCluster.getLeader(MiniRaftCluster.java:532)
	at org.apache.ratis.RaftTestUtil.lambda$waitForLeader$3(RaftTestUtil.java:98)
	at org.apache.ratis.util.JavaUtils.attempt(JavaUtils.java:152)
	at org.apache.ratis.RaftTestUtil.waitForLeader(RaftTestUtil.java:97)
	at org.apache.ratis.RaftTestUtil.waitForLeader(RaftTestUtil.java:77)
	at org.apache.ratis.server.impl.GroupManagementBaseTest.runMultiGroupTest(GroupManagementBaseTest.java:175)
	at org.apache.ratis.server.impl.GroupManagementBaseTest.runMultiGroupTest(GroupManagementBaseTest.java:126)
	at org.apache.ratis.server.impl.GroupManagementBaseTest.testMultiGroup9Nodes(GroupManagementBaseTest.java:121)
	at sun.reflect.NativeMethodAccessorImpl.invoke0(Native Method)
	at sun.reflect.NativeMethodAccessorImpl.invoke(NativeMethodAccessorImpl.java:62)
	at sun.reflect.DelegatingMethodAccessorImpl.invoke(DelegatingMethodAccessorImpl.java:43)
	at java.lang.reflect.Method.invoke(Method.java:498)
	at org.junit.runners.model.FrameworkMethod$1.runReflectiveCall(FrameworkMethod.java:50)
	at org.junit.internal.runners.model.ReflectiveCallable.run(ReflectiveCallable.java:12)
	at org.junit.runners.model.FrameworkMethod.invokeExplosively(FrameworkMethod.java:47)
	at org.junit.internal.runners.statements.InvokeMethod.evaluate(InvokeMethod.java:17)
	at org.junit.internal.runners.statements.RunAfters.evaluate(RunAfters.java:27)
	at org.junit.internal.runners.statements.FailOnTimeout$CallableStatement.call(FailOnTimeout.java:298)
	at org.junit.internal.runners.statements.FailOnTimeout$CallableStatement.call(FailOnTimeout.java:292)
	at java.util.concurrent.FutureTask.run(FutureTask.java:266)
	at java.lang.Thread.run(Thread.java:748)
2019-09-24 16:48:13,331 WARN  ratis.RaftTestUtil (JavaUtils.java:attempt(158)) - FAILED "waitForLeader-group-A7C5DBE940E2-(expectLeader? true)", attempt #63/100: java.lang.IllegalStateException: No leader yet  for group-A7C5DBE940E2: printing group-A7C5DBE940E2
  s3:  RUNNING [
   FOLLOWER s3@group-FEE41E240123:t0, leader=null, voted=null, raftlog=s3@group-FEE41E240123-SegmentedRaftLog:OPENED:c-1,f-1,i0, conf=-1: [], old=null STARTING
  CANDIDATE s3@group-A7C5DBE940E2:t5, leader=null, voted=s3, raftlog=s3@group-A7C5DBE940E2-SegmentedRaftLog:OPENED:c-1,f-1,i0, conf=-1: [s3:0.0.0.0:38312, s4:0.0.0.0:41737, s0:0.0.0.0:41019, s1:0.0.0.0:38816, s2:0.0.0.0:40694], old=null RUNNING] size=2
  s4:  RUNNING [
   FOLLOWER s4@group-FEE41E240123:t0, leader=null, voted=null, raftlog=s4@group-FEE41E240123-SegmentedRaftLog:OPENED:c-1,f-1,i0, conf=-1: [], old=null STARTING
  CANDIDATE s4@group-A7C5DBE940E2:t4, leader=null, voted=s4, raftlog=s4@group-A7C5DBE940E2-SegmentedRaftLog:OPENED:c-1,f-1,i0, conf=-1: [s3:0.0.0.0:38312, s4:0.0.0.0:41737, s0:0.0.0.0:41019, s1:0.0.0.0:38816, s2:0.0.0.0:40694], old=null RUNNING] size=2
  s0:  RUNNING [
   FOLLOWER s0@group-FEE41E240123:t0, leader=null, voted=null, raftlog=s0@group-FEE41E240123-SegmentedRaftLog:OPENED:c-1,f-1,i0, conf=-1: [], old=null STARTING
  CANDIDATE s0@group-A7C5DBE940E2:t5, leader=null, voted=s0, raftlog=s0@group-A7C5DBE940E2-SegmentedRaftLog:OPENED:c-1,f-1,i0, conf=-1: [s3:0.0.0.0:38312, s4:0.0.0.0:41737, s0:0.0.0.0:41019, s1:0.0.0.0:38816, s2:0.0.0.0:40694], old=null RUNNING] size=2
  s1:  RUNNING [
   FOLLOWER s1@group-FEE41E240123:t0, leader=null, voted=null, raftlog=s1@group-FEE41E240123-SegmentedRaftLog:OPENED:c-1,f-1,i0, conf=-1: [], old=null STARTING
  CANDIDATE s1@group-A7C5DBE940E2:t5, leader=null, voted=s1, raftlog=s1@group-A7C5DBE940E2-SegmentedRaftLog:OPENED:c-1,f-1,i0, conf=-1: [s3:0.0.0.0:38312, s4:0.0.0.0:41737, s0:0.0.0.0:41019, s1:0.0.0.0:38816, s2:0.0.0.0:40694], old=null RUNNING] size=2
  s2:  RUNNING [
   FOLLOWER s2@group-FEE41E240123:t0, leader=null, voted=null, raftlog=s2@group-FEE41E240123-SegmentedRaftLog:OPENED:c-1,f-1,i0, conf=-1: [], old=null STARTING
  CANDIDATE s2@group-A7C5DBE940E2:t4, leader=null, voted=s2, raftlog=s2@group-A7C5DBE940E2-SegmentedRaftLog:OPENED:c-1,f-1,i0, conf=-1: [s3:0.0.0.0:38312, s4:0.0.0.0:41737, s0:0.0.0.0:41019, s1:0.0.0.0:38816, s2:0.0.0.0:40694], old=null RUNNING] size=2, sleep 450ms and then retry.
java.lang.IllegalStateException: No leader yet  for group-A7C5DBE940E2: printing group-A7C5DBE940E2
  s3:  RUNNING [
   FOLLOWER s3@group-FEE41E240123:t0, leader=null, voted=null, raftlog=s3@group-FEE41E240123-SegmentedRaftLog:OPENED:c-1,f-1,i0, conf=-1: [], old=null STARTING
  CANDIDATE s3@group-A7C5DBE940E2:t5, leader=null, voted=s3, raftlog=s3@group-A7C5DBE940E2-SegmentedRaftLog:OPENED:c-1,f-1,i0, conf=-1: [s3:0.0.0.0:38312, s4:0.0.0.0:41737, s0:0.0.0.0:41019, s1:0.0.0.0:38816, s2:0.0.0.0:40694], old=null RUNNING] size=2
  s4:  RUNNING [
   FOLLOWER s4@group-FEE41E240123:t0, leader=null, voted=null, raftlog=s4@group-FEE41E240123-SegmentedRaftLog:OPENED:c-1,f-1,i0, conf=-1: [], old=null STARTING
  CANDIDATE s4@group-A7C5DBE940E2:t4, leader=null, voted=s4, raftlog=s4@group-A7C5DBE940E2-SegmentedRaftLog:OPENED:c-1,f-1,i0, conf=-1: [s3:0.0.0.0:38312, s4:0.0.0.0:41737, s0:0.0.0.0:41019, s1:0.0.0.0:38816, s2:0.0.0.0:40694], old=null RUNNING] size=2
  s0:  RUNNING [
   FOLLOWER s0@group-FEE41E240123:t0, leader=null, voted=null, raftlog=s0@group-FEE41E240123-SegmentedRaftLog:OPENED:c-1,f-1,i0, conf=-1: [], old=null STARTING
  CANDIDATE s0@group-A7C5DBE940E2:t5, leader=null, voted=s0, raftlog=s0@group-A7C5DBE940E2-SegmentedRaftLog:OPENED:c-1,f-1,i0, conf=-1: [s3:0.0.0.0:38312, s4:0.0.0.0:41737, s0:0.0.0.0:41019, s1:0.0.0.0:38816, s2:0.0.0.0:40694], old=null RUNNING] size=2
  s1:  RUNNING [
   FOLLOWER s1@group-FEE41E240123:t0, leader=null, voted=null, raftlog=s1@group-FEE41E240123-SegmentedRaftLog:OPENED:c-1,f-1,i0, conf=-1: [], old=null STARTING
  CANDIDATE s1@group-A7C5DBE940E2:t5, leader=null, voted=s1, raftlog=s1@group-A7C5DBE940E2-SegmentedRaftLog:OPENED:c-1,f-1,i0, conf=-1: [s3:0.0.0.0:38312, s4:0.0.0.0:41737, s0:0.0.0.0:41019, s1:0.0.0.0:38816, s2:0.0.0.0:40694], old=null RUNNING] size=2
  s2:  RUNNING [
   FOLLOWER s2@group-FEE41E240123:t0, leader=null, voted=null, raftlog=s2@group-FEE41E240123-SegmentedRaftLog:OPENED:c-1,f-1,i0, conf=-1: [], old=null STARTING
  CANDIDATE s2@group-A7C5DBE940E2:t4, leader=null, voted=s2, raftlog=s2@group-A7C5DBE940E2-SegmentedRaftLog:OPENED:c-1,f-1,i0, conf=-1: [s3:0.0.0.0:38312, s4:0.0.0.0:41737, s0:0.0.0.0:41019, s1:0.0.0.0:38816, s2:0.0.0.0:40694], old=null RUNNING] size=2
	at org.apache.ratis.MiniRaftCluster.newIllegalStateExceptionForNoLeaders(MiniRaftCluster.java:506)
	at org.apache.ratis.RaftTestUtil.lambda$waitForLeader$1(RaftTestUtil.java:90)
	at org.apache.ratis.MiniRaftCluster.getLeader(MiniRaftCluster.java:539)
	at org.apache.ratis.MiniRaftCluster.getLeader(MiniRaftCluster.java:532)
	at org.apache.ratis.RaftTestUtil.lambda$waitForLeader$3(RaftTestUtil.java:98)
	at org.apache.ratis.util.JavaUtils.attempt(JavaUtils.java:152)
	at org.apache.ratis.RaftTestUtil.waitForLeader(RaftTestUtil.java:97)
	at org.apache.ratis.RaftTestUtil.waitForLeader(RaftTestUtil.java:77)
	at org.apache.ratis.server.impl.GroupManagementBaseTest.runMultiGroupTest(GroupManagementBaseTest.java:175)
	at org.apache.ratis.server.impl.GroupManagementBaseTest.runMultiGroupTest(GroupManagementBaseTest.java:126)
	at org.apache.ratis.server.impl.GroupManagementBaseTest.testMultiGroup9Nodes(GroupManagementBaseTest.java:121)
	at sun.reflect.NativeMethodAccessorImpl.invoke0(Native Method)
	at sun.reflect.NativeMethodAccessorImpl.invoke(NativeMethodAccessorImpl.java:62)
	at sun.reflect.DelegatingMethodAccessorImpl.invoke(DelegatingMethodAccessorImpl.java:43)
	at java.lang.reflect.Method.invoke(Method.java:498)
	at org.junit.runners.model.FrameworkMethod$1.runReflectiveCall(FrameworkMethod.java:50)
	at org.junit.internal.runners.model.ReflectiveCallable.run(ReflectiveCallable.java:12)
	at org.junit.runners.model.FrameworkMethod.invokeExplosively(FrameworkMethod.java:47)
	at org.junit.internal.runners.statements.InvokeMethod.evaluate(InvokeMethod.java:17)
	at org.junit.internal.runners.statements.RunAfters.evaluate(RunAfters.java:27)
	at org.junit.internal.runners.statements.FailOnTimeout$CallableStatement.call(FailOnTimeout.java:298)
	at org.junit.internal.runners.statements.FailOnTimeout$CallableStatement.call(FailOnTimeout.java:292)
	at java.util.concurrent.FutureTask.run(FutureTask.java:266)
	at java.lang.Thread.run(Thread.java:748)
2019-09-24 16:48:13,783 WARN  ratis.RaftTestUtil (JavaUtils.java:attempt(158)) - FAILED "waitForLeader-group-A7C5DBE940E2-(expectLeader? true)", attempt #64/100: java.lang.IllegalStateException: No leader yet  for group-A7C5DBE940E2: printing group-A7C5DBE940E2
  s3:  RUNNING [
   FOLLOWER s3@group-FEE41E240123:t0, leader=null, voted=null, raftlog=s3@group-FEE41E240123-SegmentedRaftLog:OPENED:c-1,f-1,i0, conf=-1: [], old=null STARTING
  CANDIDATE s3@group-A7C5DBE940E2:t5, leader=null, voted=s3, raftlog=s3@group-A7C5DBE940E2-SegmentedRaftLog:OPENED:c-1,f-1,i0, conf=-1: [s3:0.0.0.0:38312, s4:0.0.0.0:41737, s0:0.0.0.0:41019, s1:0.0.0.0:38816, s2:0.0.0.0:40694], old=null RUNNING] size=2
  s4:  RUNNING [
   FOLLOWER s4@group-FEE41E240123:t0, leader=null, voted=null, raftlog=s4@group-FEE41E240123-SegmentedRaftLog:OPENED:c-1,f-1,i0, conf=-1: [], old=null STARTING
  CANDIDATE s4@group-A7C5DBE940E2:t4, leader=null, voted=s4, raftlog=s4@group-A7C5DBE940E2-SegmentedRaftLog:OPENED:c-1,f-1,i0, conf=-1: [s3:0.0.0.0:38312, s4:0.0.0.0:41737, s0:0.0.0.0:41019, s1:0.0.0.0:38816, s2:0.0.0.0:40694], old=null RUNNING] size=2
  s0:  RUNNING [
   FOLLOWER s0@group-FEE41E240123:t0, leader=null, voted=null, raftlog=s0@group-FEE41E240123-SegmentedRaftLog:OPENED:c-1,f-1,i0, conf=-1: [], old=null STARTING
  CANDIDATE s0@group-A7C5DBE940E2:t5, leader=null, voted=s0, raftlog=s0@group-A7C5DBE940E2-SegmentedRaftLog:OPENED:c-1,f-1,i0, conf=-1: [s3:0.0.0.0:38312, s4:0.0.0.0:41737, s0:0.0.0.0:41019, s1:0.0.0.0:38816, s2:0.0.0.0:40694], old=null RUNNING] size=2
  s1:  RUNNING [
   FOLLOWER s1@group-FEE41E240123:t0, leader=null, voted=null, raftlog=s1@group-FEE41E240123-SegmentedRaftLog:OPENED:c-1,f-1,i0, conf=-1: [], old=null STARTING
  CANDIDATE s1@group-A7C5DBE940E2:t5, leader=null, voted=s1, raftlog=s1@group-A7C5DBE940E2-SegmentedRaftLog:OPENED:c-1,f-1,i0, conf=-1: [s3:0.0.0.0:38312, s4:0.0.0.0:41737, s0:0.0.0.0:41019, s1:0.0.0.0:38816, s2:0.0.0.0:40694], old=null RUNNING] size=2
  s2:  RUNNING [
   FOLLOWER s2@group-FEE41E240123:t0, leader=null, voted=null, raftlog=s2@group-FEE41E240123-SegmentedRaftLog:OPENED:c-1,f-1,i0, conf=-1: [], old=null STARTING
  CANDIDATE s2@group-A7C5DBE940E2:t4, leader=null, voted=s2, raftlog=s2@group-A7C5DBE940E2-SegmentedRaftLog:OPENED:c-1,f-1,i0, conf=-1: [s3:0.0.0.0:38312, s4:0.0.0.0:41737, s0:0.0.0.0:41019, s1:0.0.0.0:38816, s2:0.0.0.0:40694], old=null RUNNING] size=2, sleep 450ms and then retry.
java.lang.IllegalStateException: No leader yet  for group-A7C5DBE940E2: printing group-A7C5DBE940E2
  s3:  RUNNING [
   FOLLOWER s3@group-FEE41E240123:t0, leader=null, voted=null, raftlog=s3@group-FEE41E240123-SegmentedRaftLog:OPENED:c-1,f-1,i0, conf=-1: [], old=null STARTING
  CANDIDATE s3@group-A7C5DBE940E2:t5, leader=null, voted=s3, raftlog=s3@group-A7C5DBE940E2-SegmentedRaftLog:OPENED:c-1,f-1,i0, conf=-1: [s3:0.0.0.0:38312, s4:0.0.0.0:41737, s0:0.0.0.0:41019, s1:0.0.0.0:38816, s2:0.0.0.0:40694], old=null RUNNING] size=2
  s4:  RUNNING [
   FOLLOWER s4@group-FEE41E240123:t0, leader=null, voted=null, raftlog=s4@group-FEE41E240123-SegmentedRaftLog:OPENED:c-1,f-1,i0, conf=-1: [], old=null STARTING
  CANDIDATE s4@group-A7C5DBE940E2:t4, leader=null, voted=s4, raftlog=s4@group-A7C5DBE940E2-SegmentedRaftLog:OPENED:c-1,f-1,i0, conf=-1: [s3:0.0.0.0:38312, s4:0.0.0.0:41737, s0:0.0.0.0:41019, s1:0.0.0.0:38816, s2:0.0.0.0:40694], old=null RUNNING] size=2
  s0:  RUNNING [
   FOLLOWER s0@group-FEE41E240123:t0, leader=null, voted=null, raftlog=s0@group-FEE41E240123-SegmentedRaftLog:OPENED:c-1,f-1,i0, conf=-1: [], old=null STARTING
  CANDIDATE s0@group-A7C5DBE940E2:t5, leader=null, voted=s0, raftlog=s0@group-A7C5DBE940E2-SegmentedRaftLog:OPENED:c-1,f-1,i0, conf=-1: [s3:0.0.0.0:38312, s4:0.0.0.0:41737, s0:0.0.0.0:41019, s1:0.0.0.0:38816, s2:0.0.0.0:40694], old=null RUNNING] size=2
  s1:  RUNNING [
   FOLLOWER s1@group-FEE41E240123:t0, leader=null, voted=null, raftlog=s1@group-FEE41E240123-SegmentedRaftLog:OPENED:c-1,f-1,i0, conf=-1: [], old=null STARTING
  CANDIDATE s1@group-A7C5DBE940E2:t5, leader=null, voted=s1, raftlog=s1@group-A7C5DBE940E2-SegmentedRaftLog:OPENED:c-1,f-1,i0, conf=-1: [s3:0.0.0.0:38312, s4:0.0.0.0:41737, s0:0.0.0.0:41019, s1:0.0.0.0:38816, s2:0.0.0.0:40694], old=null RUNNING] size=2
  s2:  RUNNING [
   FOLLOWER s2@group-FEE41E240123:t0, leader=null, voted=null, raftlog=s2@group-FEE41E240123-SegmentedRaftLog:OPENED:c-1,f-1,i0, conf=-1: [], old=null STARTING
  CANDIDATE s2@group-A7C5DBE940E2:t4, leader=null, voted=s2, raftlog=s2@group-A7C5DBE940E2-SegmentedRaftLog:OPENED:c-1,f-1,i0, conf=-1: [s3:0.0.0.0:38312, s4:0.0.0.0:41737, s0:0.0.0.0:41019, s1:0.0.0.0:38816, s2:0.0.0.0:40694], old=null RUNNING] size=2
	at org.apache.ratis.MiniRaftCluster.newIllegalStateExceptionForNoLeaders(MiniRaftCluster.java:506)
	at org.apache.ratis.RaftTestUtil.lambda$waitForLeader$1(RaftTestUtil.java:90)
	at org.apache.ratis.MiniRaftCluster.getLeader(MiniRaftCluster.java:539)
	at org.apache.ratis.MiniRaftCluster.getLeader(MiniRaftCluster.java:532)
	at org.apache.ratis.RaftTestUtil.lambda$waitForLeader$3(RaftTestUtil.java:98)
	at org.apache.ratis.util.JavaUtils.attempt(JavaUtils.java:152)
	at org.apache.ratis.RaftTestUtil.waitForLeader(RaftTestUtil.java:97)
	at org.apache.ratis.RaftTestUtil.waitForLeader(RaftTestUtil.java:77)
	at org.apache.ratis.server.impl.GroupManagementBaseTest.runMultiGroupTest(GroupManagementBaseTest.java:175)
	at org.apache.ratis.server.impl.GroupManagementBaseTest.runMultiGroupTest(GroupManagementBaseTest.java:126)
	at org.apache.ratis.server.impl.GroupManagementBaseTest.testMultiGroup9Nodes(GroupManagementBaseTest.java:121)
	at sun.reflect.NativeMethodAccessorImpl.invoke0(Native Method)
	at sun.reflect.NativeMethodAccessorImpl.invoke(NativeMethodAccessorImpl.java:62)
	at sun.reflect.DelegatingMethodAccessorImpl.invoke(DelegatingMethodAccessorImpl.java:43)
	at java.lang.reflect.Method.invoke(Method.java:498)
	at org.junit.runners.model.FrameworkMethod$1.runReflectiveCall(FrameworkMethod.java:50)
	at org.junit.internal.runners.model.ReflectiveCallable.run(ReflectiveCallable.java:12)
	at org.junit.runners.model.FrameworkMethod.invokeExplosively(FrameworkMethod.java:47)
	at org.junit.internal.runners.statements.InvokeMethod.evaluate(InvokeMethod.java:17)
	at org.junit.internal.runners.statements.RunAfters.evaluate(RunAfters.java:27)
	at org.junit.internal.runners.statements.FailOnTimeout$CallableStatement.call(FailOnTimeout.java:298)
	at org.junit.internal.runners.statements.FailOnTimeout$CallableStatement.call(FailOnTimeout.java:292)
	at java.util.concurrent.FutureTask.run(FutureTask.java:266)
	at java.lang.Thread.run(Thread.java:748)
2019-09-24 16:48:14,137 INFO  ratis.MiniRaftCluster (MiniRaftCluster.java:lambda$null$5(297)) - TIMED-PRINT: printing ALL groups
  s3:  RUNNING [
   FOLLOWER s3@group-FEE41E240123:t0, leader=null, voted=null, raftlog=s3@group-FEE41E240123-SegmentedRaftLog:OPENED:c-1,f-1,i0, conf=-1: [], old=null STARTING
  CANDIDATE s3@group-A7C5DBE940E2:t5, leader=null, voted=s3, raftlog=s3@group-A7C5DBE940E2-SegmentedRaftLog:OPENED:c-1,f-1,i0, conf=-1: [s3:0.0.0.0:38312, s4:0.0.0.0:41737, s0:0.0.0.0:41019, s1:0.0.0.0:38816, s2:0.0.0.0:40694], old=null RUNNING] size=2
  s4:  RUNNING [
   FOLLOWER s4@group-FEE41E240123:t0, leader=null, voted=null, raftlog=s4@group-FEE41E240123-SegmentedRaftLog:OPENED:c-1,f-1,i0, conf=-1: [], old=null STARTING
  CANDIDATE s4@group-A7C5DBE940E2:t4, leader=null, voted=s4, raftlog=s4@group-A7C5DBE940E2-SegmentedRaftLog:OPENED:c-1,f-1,i0, conf=-1: [s3:0.0.0.0:38312, s4:0.0.0.0:41737, s0:0.0.0.0:41019, s1:0.0.0.0:38816, s2:0.0.0.0:40694], old=null RUNNING] size=2
  s5:  RUNNING  FOLLOWER s5@group-FEE41E240123:t0, leader=null, voted=null, raftlog=s5@group-FEE41E240123-SegmentedRaftLog:OPENED:c-1,f-1,i0, conf=-1: [], old=null STARTING
  s6:  RUNNING  FOLLOWER s6@group-FEE41E240123:t0, leader=null, voted=null, raftlog=s6@group-FEE41E240123-SegmentedRaftLog:OPENED:c-1,f-1,i0, conf=-1: [], old=null STARTING
  s7:  RUNNING  FOLLOWER s7@group-FEE41E240123:t0, leader=null, voted=null, raftlog=s7@group-FEE41E240123-SegmentedRaftLog:OPENED:c-1,f-1,i0, conf=-1: [], old=null STARTING
  s8:  RUNNING  FOLLOWER s8@group-FEE41E240123:t0, leader=null, voted=null, raftlog=s8@group-FEE41E240123-SegmentedRaftLog:OPENED:c-1,f-1,i0, conf=-1: [], old=null STARTING
  s0:  RUNNING [
   FOLLOWER s0@group-FEE41E240123:t0, leader=null, voted=null, raftlog=s0@group-FEE41E240123-SegmentedRaftLog:OPENED:c-1,f-1,i0, conf=-1: [], old=null STARTING
  CANDIDATE s0@group-A7C5DBE940E2:t5, leader=null, voted=s0, raftlog=s0@group-A7C5DBE940E2-SegmentedRaftLog:OPENED:c-1,f-1,i0, conf=-1: [s3:0.0.0.0:38312, s4:0.0.0.0:41737, s0:0.0.0.0:41019, s1:0.0.0.0:38816, s2:0.0.0.0:40694], old=null RUNNING] size=2
  s1:  RUNNING [
   FOLLOWER s1@group-FEE41E240123:t0, leader=null, voted=null, raftlog=s1@group-FEE41E240123-SegmentedRaftLog:OPENED:c-1,f-1,i0, conf=-1: [], old=null STARTING
  CANDIDATE s1@group-A7C5DBE940E2:t5, leader=null, voted=s1, raftlog=s1@group-A7C5DBE940E2-SegmentedRaftLog:OPENED:c-1,f-1,i0, conf=-1: [s3:0.0.0.0:38312, s4:0.0.0.0:41737, s0:0.0.0.0:41019, s1:0.0.0.0:38816, s2:0.0.0.0:40694], old=null RUNNING] size=2
  s2:  RUNNING [
   FOLLOWER s2@group-FEE41E240123:t0, leader=null, voted=null, raftlog=s2@group-FEE41E240123-SegmentedRaftLog:OPENED:c-1,f-1,i0, conf=-1: [], old=null STARTING
  CANDIDATE s2@group-A7C5DBE940E2:t4, leader=null, voted=s2, raftlog=s2@group-A7C5DBE940E2-SegmentedRaftLog:OPENED:c-1,f-1,i0, conf=-1: [s3:0.0.0.0:38312, s4:0.0.0.0:41737, s0:0.0.0.0:41019, s1:0.0.0.0:38816, s2:0.0.0.0:40694], old=null RUNNING] size=2
2019-09-24 16:48:14,234 WARN  ratis.RaftTestUtil (JavaUtils.java:attempt(158)) - FAILED "waitForLeader-group-A7C5DBE940E2-(expectLeader? true)", attempt #65/100: java.lang.IllegalStateException: No leader yet  for group-A7C5DBE940E2: printing group-A7C5DBE940E2
  s3:  RUNNING [
   FOLLOWER s3@group-FEE41E240123:t0, leader=null, voted=null, raftlog=s3@group-FEE41E240123-SegmentedRaftLog:OPENED:c-1,f-1,i0, conf=-1: [], old=null STARTING
  CANDIDATE s3@group-A7C5DBE940E2:t5, leader=null, voted=s3, raftlog=s3@group-A7C5DBE940E2-SegmentedRaftLog:OPENED:c-1,f-1,i0, conf=-1: [s3:0.0.0.0:38312, s4:0.0.0.0:41737, s0:0.0.0.0:41019, s1:0.0.0.0:38816, s2:0.0.0.0:40694], old=null RUNNING] size=2
  s4:  RUNNING [
   FOLLOWER s4@group-FEE41E240123:t0, leader=null, voted=null, raftlog=s4@group-FEE41E240123-SegmentedRaftLog:OPENED:c-1,f-1,i0, conf=-1: [], old=null STARTING
  CANDIDATE s4@group-A7C5DBE940E2:t4, leader=null, voted=s4, raftlog=s4@group-A7C5DBE940E2-SegmentedRaftLog:OPENED:c-1,f-1,i0, conf=-1: [s3:0.0.0.0:38312, s4:0.0.0.0:41737, s0:0.0.0.0:41019, s1:0.0.0.0:38816, s2:0.0.0.0:40694], old=null RUNNING] size=2
  s0:  RUNNING [
   FOLLOWER s0@group-FEE41E240123:t0, leader=null, voted=null, raftlog=s0@group-FEE41E240123-SegmentedRaftLog:OPENED:c-1,f-1,i0, conf=-1: [], old=null STARTING
  CANDIDATE s0@group-A7C5DBE940E2:t5, leader=null, voted=s0, raftlog=s0@group-A7C5DBE940E2-SegmentedRaftLog:OPENED:c-1,f-1,i0, conf=-1: [s3:0.0.0.0:38312, s4:0.0.0.0:41737, s0:0.0.0.0:41019, s1:0.0.0.0:38816, s2:0.0.0.0:40694], old=null RUNNING] size=2
  s1:  RUNNING [
   FOLLOWER s1@group-FEE41E240123:t0, leader=null, voted=null, raftlog=s1@group-FEE41E240123-SegmentedRaftLog:OPENED:c-1,f-1,i0, conf=-1: [], old=null STARTING
  CANDIDATE s1@group-A7C5DBE940E2:t5, leader=null, voted=s1, raftlog=s1@group-A7C5DBE940E2-SegmentedRaftLog:OPENED:c-1,f-1,i0, conf=-1: [s3:0.0.0.0:38312, s4:0.0.0.0:41737, s0:0.0.0.0:41019, s1:0.0.0.0:38816, s2:0.0.0.0:40694], old=null RUNNING] size=2
  s2:  RUNNING [
   FOLLOWER s2@group-FEE41E240123:t0, leader=null, voted=null, raftlog=s2@group-FEE41E240123-SegmentedRaftLog:OPENED:c-1,f-1,i0, conf=-1: [], old=null STARTING
  CANDIDATE s2@group-A7C5DBE940E2:t4, leader=null, voted=s2, raftlog=s2@group-A7C5DBE940E2-SegmentedRaftLog:OPENED:c-1,f-1,i0, conf=-1: [s3:0.0.0.0:38312, s4:0.0.0.0:41737, s0:0.0.0.0:41019, s1:0.0.0.0:38816, s2:0.0.0.0:40694], old=null RUNNING] size=2, sleep 450ms and then retry.
java.lang.IllegalStateException: No leader yet  for group-A7C5DBE940E2: printing group-A7C5DBE940E2
  s3:  RUNNING [
   FOLLOWER s3@group-FEE41E240123:t0, leader=null, voted=null, raftlog=s3@group-FEE41E240123-SegmentedRaftLog:OPENED:c-1,f-1,i0, conf=-1: [], old=null STARTING
  CANDIDATE s3@group-A7C5DBE940E2:t5, leader=null, voted=s3, raftlog=s3@group-A7C5DBE940E2-SegmentedRaftLog:OPENED:c-1,f-1,i0, conf=-1: [s3:0.0.0.0:38312, s4:0.0.0.0:41737, s0:0.0.0.0:41019, s1:0.0.0.0:38816, s2:0.0.0.0:40694], old=null RUNNING] size=2
  s4:  RUNNING [
   FOLLOWER s4@group-FEE41E240123:t0, leader=null, voted=null, raftlog=s4@group-FEE41E240123-SegmentedRaftLog:OPENED:c-1,f-1,i0, conf=-1: [], old=null STARTING
  CANDIDATE s4@group-A7C5DBE940E2:t4, leader=null, voted=s4, raftlog=s4@group-A7C5DBE940E2-SegmentedRaftLog:OPENED:c-1,f-1,i0, conf=-1: [s3:0.0.0.0:38312, s4:0.0.0.0:41737, s0:0.0.0.0:41019, s1:0.0.0.0:38816, s2:0.0.0.0:40694], old=null RUNNING] size=2
  s0:  RUNNING [
   FOLLOWER s0@group-FEE41E240123:t0, leader=null, voted=null, raftlog=s0@group-FEE41E240123-SegmentedRaftLog:OPENED:c-1,f-1,i0, conf=-1: [], old=null STARTING
  CANDIDATE s0@group-A7C5DBE940E2:t5, leader=null, voted=s0, raftlog=s0@group-A7C5DBE940E2-SegmentedRaftLog:OPENED:c-1,f-1,i0, conf=-1: [s3:0.0.0.0:38312, s4:0.0.0.0:41737, s0:0.0.0.0:41019, s1:0.0.0.0:38816, s2:0.0.0.0:40694], old=null RUNNING] size=2
  s1:  RUNNING [
   FOLLOWER s1@group-FEE41E240123:t0, leader=null, voted=null, raftlog=s1@group-FEE41E240123-SegmentedRaftLog:OPENED:c-1,f-1,i0, conf=-1: [], old=null STARTING
  CANDIDATE s1@group-A7C5DBE940E2:t5, leader=null, voted=s1, raftlog=s1@group-A7C5DBE940E2-SegmentedRaftLog:OPENED:c-1,f-1,i0, conf=-1: [s3:0.0.0.0:38312, s4:0.0.0.0:41737, s0:0.0.0.0:41019, s1:0.0.0.0:38816, s2:0.0.0.0:40694], old=null RUNNING] size=2
  s2:  RUNNING [
   FOLLOWER s2@group-FEE41E240123:t0, leader=null, voted=null, raftlog=s2@group-FEE41E240123-SegmentedRaftLog:OPENED:c-1,f-1,i0, conf=-1: [], old=null STARTING
  CANDIDATE s2@group-A7C5DBE940E2:t4, leader=null, voted=s2, raftlog=s2@group-A7C5DBE940E2-SegmentedRaftLog:OPENED:c-1,f-1,i0, conf=-1: [s3:0.0.0.0:38312, s4:0.0.0.0:41737, s0:0.0.0.0:41019, s1:0.0.0.0:38816, s2:0.0.0.0:40694], old=null RUNNING] size=2
	at org.apache.ratis.MiniRaftCluster.newIllegalStateExceptionForNoLeaders(MiniRaftCluster.java:506)
	at org.apache.ratis.RaftTestUtil.lambda$waitForLeader$1(RaftTestUtil.java:90)
	at org.apache.ratis.MiniRaftCluster.getLeader(MiniRaftCluster.java:539)
	at org.apache.ratis.MiniRaftCluster.getLeader(MiniRaftCluster.java:532)
	at org.apache.ratis.RaftTestUtil.lambda$waitForLeader$3(RaftTestUtil.java:98)
	at org.apache.ratis.util.JavaUtils.attempt(JavaUtils.java:152)
	at org.apache.ratis.RaftTestUtil.waitForLeader(RaftTestUtil.java:97)
	at org.apache.ratis.RaftTestUtil.waitForLeader(RaftTestUtil.java:77)
	at org.apache.ratis.server.impl.GroupManagementBaseTest.runMultiGroupTest(GroupManagementBaseTest.java:175)
	at org.apache.ratis.server.impl.GroupManagementBaseTest.runMultiGroupTest(GroupManagementBaseTest.java:126)
	at org.apache.ratis.server.impl.GroupManagementBaseTest.testMultiGroup9Nodes(GroupManagementBaseTest.java:121)
	at sun.reflect.NativeMethodAccessorImpl.invoke0(Native Method)
	at sun.reflect.NativeMethodAccessorImpl.invoke(NativeMethodAccessorImpl.java:62)
	at sun.reflect.DelegatingMethodAccessorImpl.invoke(DelegatingMethodAccessorImpl.java:43)
	at java.lang.reflect.Method.invoke(Method.java:498)
	at org.junit.runners.model.FrameworkMethod$1.runReflectiveCall(FrameworkMethod.java:50)
	at org.junit.internal.runners.model.ReflectiveCallable.run(ReflectiveCallable.java:12)
	at org.junit.runners.model.FrameworkMethod.invokeExplosively(FrameworkMethod.java:47)
	at org.junit.internal.runners.statements.InvokeMethod.evaluate(InvokeMethod.java:17)
	at org.junit.internal.runners.statements.RunAfters.evaluate(RunAfters.java:27)
	at org.junit.internal.runners.statements.FailOnTimeout$CallableStatement.call(FailOnTimeout.java:298)
	at org.junit.internal.runners.statements.FailOnTimeout$CallableStatement.call(FailOnTimeout.java:292)
	at java.util.concurrent.FutureTask.run(FutureTask.java:266)
	at java.lang.Thread.run(Thread.java:748)
2019-09-24 16:48:14,687 WARN  ratis.RaftTestUtil (JavaUtils.java:attempt(158)) - FAILED "waitForLeader-group-A7C5DBE940E2-(expectLeader? true)", attempt #66/100: java.lang.IllegalStateException: No leader yet  for group-A7C5DBE940E2: printing group-A7C5DBE940E2
  s3:  RUNNING [
   FOLLOWER s3@group-FEE41E240123:t0, leader=null, voted=null, raftlog=s3@group-FEE41E240123-SegmentedRaftLog:OPENED:c-1,f-1,i0, conf=-1: [], old=null STARTING
  CANDIDATE s3@group-A7C5DBE940E2:t5, leader=null, voted=s3, raftlog=s3@group-A7C5DBE940E2-SegmentedRaftLog:OPENED:c-1,f-1,i0, conf=-1: [s3:0.0.0.0:38312, s4:0.0.0.0:41737, s0:0.0.0.0:41019, s1:0.0.0.0:38816, s2:0.0.0.0:40694], old=null RUNNING] size=2
  s4:  RUNNING [
   FOLLOWER s4@group-FEE41E240123:t0, leader=null, voted=null, raftlog=s4@group-FEE41E240123-SegmentedRaftLog:OPENED:c-1,f-1,i0, conf=-1: [], old=null STARTING
  CANDIDATE s4@group-A7C5DBE940E2:t4, leader=null, voted=s4, raftlog=s4@group-A7C5DBE940E2-SegmentedRaftLog:OPENED:c-1,f-1,i0, conf=-1: [s3:0.0.0.0:38312, s4:0.0.0.0:41737, s0:0.0.0.0:41019, s1:0.0.0.0:38816, s2:0.0.0.0:40694], old=null RUNNING] size=2
  s0:  RUNNING [
   FOLLOWER s0@group-FEE41E240123:t0, leader=null, voted=null, raftlog=s0@group-FEE41E240123-SegmentedRaftLog:OPENED:c-1,f-1,i0, conf=-1: [], old=null STARTING
  CANDIDATE s0@group-A7C5DBE940E2:t5, leader=null, voted=s0, raftlog=s0@group-A7C5DBE940E2-SegmentedRaftLog:OPENED:c-1,f-1,i0, conf=-1: [s3:0.0.0.0:38312, s4:0.0.0.0:41737, s0:0.0.0.0:41019, s1:0.0.0.0:38816, s2:0.0.0.0:40694], old=null RUNNING] size=2
  s1:  RUNNING [
   FOLLOWER s1@group-FEE41E240123:t0, leader=null, voted=null, raftlog=s1@group-FEE41E240123-SegmentedRaftLog:OPENED:c-1,f-1,i0, conf=-1: [], old=null STARTING
  CANDIDATE s1@group-A7C5DBE940E2:t5, leader=null, voted=s1, raftlog=s1@group-A7C5DBE940E2-SegmentedRaftLog:OPENED:c-1,f-1,i0, conf=-1: [s3:0.0.0.0:38312, s4:0.0.0.0:41737, s0:0.0.0.0:41019, s1:0.0.0.0:38816, s2:0.0.0.0:40694], old=null RUNNING] size=2
  s2:  RUNNING [
   FOLLOWER s2@group-FEE41E240123:t0, leader=null, voted=null, raftlog=s2@group-FEE41E240123-SegmentedRaftLog:OPENED:c-1,f-1,i0, conf=-1: [], old=null STARTING
  CANDIDATE s2@group-A7C5DBE940E2:t4, leader=null, voted=s2, raftlog=s2@group-A7C5DBE940E2-SegmentedRaftLog:OPENED:c-1,f-1,i0, conf=-1: [s3:0.0.0.0:38312, s4:0.0.0.0:41737, s0:0.0.0.0:41019, s1:0.0.0.0:38816, s2:0.0.0.0:40694], old=null RUNNING] size=2, sleep 450ms and then retry.
java.lang.IllegalStateException: No leader yet  for group-A7C5DBE940E2: printing group-A7C5DBE940E2
  s3:  RUNNING [
   FOLLOWER s3@group-FEE41E240123:t0, leader=null, voted=null, raftlog=s3@group-FEE41E240123-SegmentedRaftLog:OPENED:c-1,f-1,i0, conf=-1: [], old=null STARTING
  CANDIDATE s3@group-A7C5DBE940E2:t5, leader=null, voted=s3, raftlog=s3@group-A7C5DBE940E2-SegmentedRaftLog:OPENED:c-1,f-1,i0, conf=-1: [s3:0.0.0.0:38312, s4:0.0.0.0:41737, s0:0.0.0.0:41019, s1:0.0.0.0:38816, s2:0.0.0.0:40694], old=null RUNNING] size=2
  s4:  RUNNING [
   FOLLOWER s4@group-FEE41E240123:t0, leader=null, voted=null, raftlog=s4@group-FEE41E240123-SegmentedRaftLog:OPENED:c-1,f-1,i0, conf=-1: [], old=null STARTING
  CANDIDATE s4@group-A7C5DBE940E2:t4, leader=null, voted=s4, raftlog=s4@group-A7C5DBE940E2-SegmentedRaftLog:OPENED:c-1,f-1,i0, conf=-1: [s3:0.0.0.0:38312, s4:0.0.0.0:41737, s0:0.0.0.0:41019, s1:0.0.0.0:38816, s2:0.0.0.0:40694], old=null RUNNING] size=2
  s0:  RUNNING [
   FOLLOWER s0@group-FEE41E240123:t0, leader=null, voted=null, raftlog=s0@group-FEE41E240123-SegmentedRaftLog:OPENED:c-1,f-1,i0, conf=-1: [], old=null STARTING
  CANDIDATE s0@group-A7C5DBE940E2:t5, leader=null, voted=s0, raftlog=s0@group-A7C5DBE940E2-SegmentedRaftLog:OPENED:c-1,f-1,i0, conf=-1: [s3:0.0.0.0:38312, s4:0.0.0.0:41737, s0:0.0.0.0:41019, s1:0.0.0.0:38816, s2:0.0.0.0:40694], old=null RUNNING] size=2
  s1:  RUNNING [
   FOLLOWER s1@group-FEE41E240123:t0, leader=null, voted=null, raftlog=s1@group-FEE41E240123-SegmentedRaftLog:OPENED:c-1,f-1,i0, conf=-1: [], old=null STARTING
  CANDIDATE s1@group-A7C5DBE940E2:t5, leader=null, voted=s1, raftlog=s1@group-A7C5DBE940E2-SegmentedRaftLog:OPENED:c-1,f-1,i0, conf=-1: [s3:0.0.0.0:38312, s4:0.0.0.0:41737, s0:0.0.0.0:41019, s1:0.0.0.0:38816, s2:0.0.0.0:40694], old=null RUNNING] size=2
  s2:  RUNNING [
   FOLLOWER s2@group-FEE41E240123:t0, leader=null, voted=null, raftlog=s2@group-FEE41E240123-SegmentedRaftLog:OPENED:c-1,f-1,i0, conf=-1: [], old=null STARTING
  CANDIDATE s2@group-A7C5DBE940E2:t4, leader=null, voted=s2, raftlog=s2@group-A7C5DBE940E2-SegmentedRaftLog:OPENED:c-1,f-1,i0, conf=-1: [s3:0.0.0.0:38312, s4:0.0.0.0:41737, s0:0.0.0.0:41019, s1:0.0.0.0:38816, s2:0.0.0.0:40694], old=null RUNNING] size=2
	at org.apache.ratis.MiniRaftCluster.newIllegalStateExceptionForNoLeaders(MiniRaftCluster.java:506)
	at org.apache.ratis.RaftTestUtil.lambda$waitForLeader$1(RaftTestUtil.java:90)
	at org.apache.ratis.MiniRaftCluster.getLeader(MiniRaftCluster.java:539)
	at org.apache.ratis.MiniRaftCluster.getLeader(MiniRaftCluster.java:532)
	at org.apache.ratis.RaftTestUtil.lambda$waitForLeader$3(RaftTestUtil.java:98)
	at org.apache.ratis.util.JavaUtils.attempt(JavaUtils.java:152)
	at org.apache.ratis.RaftTestUtil.waitForLeader(RaftTestUtil.java:97)
	at org.apache.ratis.RaftTestUtil.waitForLeader(RaftTestUtil.java:77)
	at org.apache.ratis.server.impl.GroupManagementBaseTest.runMultiGroupTest(GroupManagementBaseTest.java:175)
	at org.apache.ratis.server.impl.GroupManagementBaseTest.runMultiGroupTest(GroupManagementBaseTest.java:126)
	at org.apache.ratis.server.impl.GroupManagementBaseTest.testMultiGroup9Nodes(GroupManagementBaseTest.java:121)
	at sun.reflect.NativeMethodAccessorImpl.invoke0(Native Method)
	at sun.reflect.NativeMethodAccessorImpl.invoke(NativeMethodAccessorImpl.java:62)
	at sun.reflect.DelegatingMethodAccessorImpl.invoke(DelegatingMethodAccessorImpl.java:43)
	at java.lang.reflect.Method.invoke(Method.java:498)
	at org.junit.runners.model.FrameworkMethod$1.runReflectiveCall(FrameworkMethod.java:50)
	at org.junit.internal.runners.model.ReflectiveCallable.run(ReflectiveCallable.java:12)
	at org.junit.runners.model.FrameworkMethod.invokeExplosively(FrameworkMethod.java:47)
	at org.junit.internal.runners.statements.InvokeMethod.evaluate(InvokeMethod.java:17)
	at org.junit.internal.runners.statements.RunAfters.evaluate(RunAfters.java:27)
	at org.junit.internal.runners.statements.FailOnTimeout$CallableStatement.call(FailOnTimeout.java:298)
	at org.junit.internal.runners.statements.FailOnTimeout$CallableStatement.call(FailOnTimeout.java:292)
	at java.util.concurrent.FutureTask.run(FutureTask.java:266)
	at java.lang.Thread.run(Thread.java:748)
2019-09-24 16:48:15,139 WARN  ratis.RaftTestUtil (JavaUtils.java:attempt(158)) - FAILED "waitForLeader-group-A7C5DBE940E2-(expectLeader? true)", attempt #67/100: java.lang.IllegalStateException: No leader yet  for group-A7C5DBE940E2: printing group-A7C5DBE940E2
  s3:  RUNNING [
   FOLLOWER s3@group-FEE41E240123:t0, leader=null, voted=null, raftlog=s3@group-FEE41E240123-SegmentedRaftLog:OPENED:c-1,f-1,i0, conf=-1: [], old=null STARTING
  CANDIDATE s3@group-A7C5DBE940E2:t5, leader=null, voted=s3, raftlog=s3@group-A7C5DBE940E2-SegmentedRaftLog:OPENED:c-1,f-1,i0, conf=-1: [s3:0.0.0.0:38312, s4:0.0.0.0:41737, s0:0.0.0.0:41019, s1:0.0.0.0:38816, s2:0.0.0.0:40694], old=null RUNNING] size=2
  s4:  RUNNING [
   FOLLOWER s4@group-FEE41E240123:t0, leader=null, voted=null, raftlog=s4@group-FEE41E240123-SegmentedRaftLog:OPENED:c-1,f-1,i0, conf=-1: [], old=null STARTING
  CANDIDATE s4@group-A7C5DBE940E2:t4, leader=null, voted=s4, raftlog=s4@group-A7C5DBE940E2-SegmentedRaftLog:OPENED:c-1,f-1,i0, conf=-1: [s3:0.0.0.0:38312, s4:0.0.0.0:41737, s0:0.0.0.0:41019, s1:0.0.0.0:38816, s2:0.0.0.0:40694], old=null RUNNING] size=2
  s0:  RUNNING [
   FOLLOWER s0@group-FEE41E240123:t0, leader=null, voted=null, raftlog=s0@group-FEE41E240123-SegmentedRaftLog:OPENED:c-1,f-1,i0, conf=-1: [], old=null STARTING
  CANDIDATE s0@group-A7C5DBE940E2:t5, leader=null, voted=s0, raftlog=s0@group-A7C5DBE940E2-SegmentedRaftLog:OPENED:c-1,f-1,i0, conf=-1: [s3:0.0.0.0:38312, s4:0.0.0.0:41737, s0:0.0.0.0:41019, s1:0.0.0.0:38816, s2:0.0.0.0:40694], old=null RUNNING] size=2
  s1:  RUNNING [
   FOLLOWER s1@group-FEE41E240123:t0, leader=null, voted=null, raftlog=s1@group-FEE41E240123-SegmentedRaftLog:OPENED:c-1,f-1,i0, conf=-1: [], old=null STARTING
  CANDIDATE s1@group-A7C5DBE940E2:t5, leader=null, voted=s1, raftlog=s1@group-A7C5DBE940E2-SegmentedRaftLog:OPENED:c-1,f-1,i0, conf=-1: [s3:0.0.0.0:38312, s4:0.0.0.0:41737, s0:0.0.0.0:41019, s1:0.0.0.0:38816, s2:0.0.0.0:40694], old=null RUNNING] size=2
  s2:  RUNNING [
   FOLLOWER s2@group-FEE41E240123:t0, leader=null, voted=null, raftlog=s2@group-FEE41E240123-SegmentedRaftLog:OPENED:c-1,f-1,i0, conf=-1: [], old=null STARTING
  CANDIDATE s2@group-A7C5DBE940E2:t4, leader=null, voted=s2, raftlog=s2@group-A7C5DBE940E2-SegmentedRaftLog:OPENED:c-1,f-1,i0, conf=-1: [s3:0.0.0.0:38312, s4:0.0.0.0:41737, s0:0.0.0.0:41019, s1:0.0.0.0:38816, s2:0.0.0.0:40694], old=null RUNNING] size=2, sleep 450ms and then retry.
java.lang.IllegalStateException: No leader yet  for group-A7C5DBE940E2: printing group-A7C5DBE940E2
  s3:  RUNNING [
   FOLLOWER s3@group-FEE41E240123:t0, leader=null, voted=null, raftlog=s3@group-FEE41E240123-SegmentedRaftLog:OPENED:c-1,f-1,i0, conf=-1: [], old=null STARTING
  CANDIDATE s3@group-A7C5DBE940E2:t5, leader=null, voted=s3, raftlog=s3@group-A7C5DBE940E2-SegmentedRaftLog:OPENED:c-1,f-1,i0, conf=-1: [s3:0.0.0.0:38312, s4:0.0.0.0:41737, s0:0.0.0.0:41019, s1:0.0.0.0:38816, s2:0.0.0.0:40694], old=null RUNNING] size=2
  s4:  RUNNING [
   FOLLOWER s4@group-FEE41E240123:t0, leader=null, voted=null, raftlog=s4@group-FEE41E240123-SegmentedRaftLog:OPENED:c-1,f-1,i0, conf=-1: [], old=null STARTING
  CANDIDATE s4@group-A7C5DBE940E2:t4, leader=null, voted=s4, raftlog=s4@group-A7C5DBE940E2-SegmentedRaftLog:OPENED:c-1,f-1,i0, conf=-1: [s3:0.0.0.0:38312, s4:0.0.0.0:41737, s0:0.0.0.0:41019, s1:0.0.0.0:38816, s2:0.0.0.0:40694], old=null RUNNING] size=2
  s0:  RUNNING [
   FOLLOWER s0@group-FEE41E240123:t0, leader=null, voted=null, raftlog=s0@group-FEE41E240123-SegmentedRaftLog:OPENED:c-1,f-1,i0, conf=-1: [], old=null STARTING
  CANDIDATE s0@group-A7C5DBE940E2:t5, leader=null, voted=s0, raftlog=s0@group-A7C5DBE940E2-SegmentedRaftLog:OPENED:c-1,f-1,i0, conf=-1: [s3:0.0.0.0:38312, s4:0.0.0.0:41737, s0:0.0.0.0:41019, s1:0.0.0.0:38816, s2:0.0.0.0:40694], old=null RUNNING] size=2
  s1:  RUNNING [
   FOLLOWER s1@group-FEE41E240123:t0, leader=null, voted=null, raftlog=s1@group-FEE41E240123-SegmentedRaftLog:OPENED:c-1,f-1,i0, conf=-1: [], old=null STARTING
  CANDIDATE s1@group-A7C5DBE940E2:t5, leader=null, voted=s1, raftlog=s1@group-A7C5DBE940E2-SegmentedRaftLog:OPENED:c-1,f-1,i0, conf=-1: [s3:0.0.0.0:38312, s4:0.0.0.0:41737, s0:0.0.0.0:41019, s1:0.0.0.0:38816, s2:0.0.0.0:40694], old=null RUNNING] size=2
  s2:  RUNNING [
   FOLLOWER s2@group-FEE41E240123:t0, leader=null, voted=null, raftlog=s2@group-FEE41E240123-SegmentedRaftLog:OPENED:c-1,f-1,i0, conf=-1: [], old=null STARTING
  CANDIDATE s2@group-A7C5DBE940E2:t4, leader=null, voted=s2, raftlog=s2@group-A7C5DBE940E2-SegmentedRaftLog:OPENED:c-1,f-1,i0, conf=-1: [s3:0.0.0.0:38312, s4:0.0.0.0:41737, s0:0.0.0.0:41019, s1:0.0.0.0:38816, s2:0.0.0.0:40694], old=null RUNNING] size=2
	at org.apache.ratis.MiniRaftCluster.newIllegalStateExceptionForNoLeaders(MiniRaftCluster.java:506)
	at org.apache.ratis.RaftTestUtil.lambda$waitForLeader$1(RaftTestUtil.java:90)
	at org.apache.ratis.MiniRaftCluster.getLeader(MiniRaftCluster.java:539)
	at org.apache.ratis.MiniRaftCluster.getLeader(MiniRaftCluster.java:532)
	at org.apache.ratis.RaftTestUtil.lambda$waitForLeader$3(RaftTestUtil.java:98)
	at org.apache.ratis.util.JavaUtils.attempt(JavaUtils.java:152)
	at org.apache.ratis.RaftTestUtil.waitForLeader(RaftTestUtil.java:97)
	at org.apache.ratis.RaftTestUtil.waitForLeader(RaftTestUtil.java:77)
	at org.apache.ratis.server.impl.GroupManagementBaseTest.runMultiGroupTest(GroupManagementBaseTest.java:175)
	at org.apache.ratis.server.impl.GroupManagementBaseTest.runMultiGroupTest(GroupManagementBaseTest.java:126)
	at org.apache.ratis.server.impl.GroupManagementBaseTest.testMultiGroup9Nodes(GroupManagementBaseTest.java:121)
	at sun.reflect.NativeMethodAccessorImpl.invoke0(Native Method)
	at sun.reflect.NativeMethodAccessorImpl.invoke(NativeMethodAccessorImpl.java:62)
	at sun.reflect.DelegatingMethodAccessorImpl.invoke(DelegatingMethodAccessorImpl.java:43)
	at java.lang.reflect.Method.invoke(Method.java:498)
	at org.junit.runners.model.FrameworkMethod$1.runReflectiveCall(FrameworkMethod.java:50)
	at org.junit.internal.runners.model.ReflectiveCallable.run(ReflectiveCallable.java:12)
	at org.junit.runners.model.FrameworkMethod.invokeExplosively(FrameworkMethod.java:47)
	at org.junit.internal.runners.statements.InvokeMethod.evaluate(InvokeMethod.java:17)
	at org.junit.internal.runners.statements.RunAfters.evaluate(RunAfters.java:27)
	at org.junit.internal.runners.statements.FailOnTimeout$CallableStatement.call(FailOnTimeout.java:298)
	at org.junit.internal.runners.statements.FailOnTimeout$CallableStatement.call(FailOnTimeout.java:292)
	at java.util.concurrent.FutureTask.run(FutureTask.java:266)
	at java.lang.Thread.run(Thread.java:748)
2019-09-24 16:48:15,590 WARN  ratis.RaftTestUtil (JavaUtils.java:attempt(158)) - FAILED "waitForLeader-group-A7C5DBE940E2-(expectLeader? true)", attempt #68/100: java.lang.IllegalStateException: No leader yet  for group-A7C5DBE940E2: printing group-A7C5DBE940E2
  s3:  RUNNING [
   FOLLOWER s3@group-FEE41E240123:t0, leader=null, voted=null, raftlog=s3@group-FEE41E240123-SegmentedRaftLog:OPENED:c-1,f-1,i0, conf=-1: [], old=null STARTING
  CANDIDATE s3@group-A7C5DBE940E2:t5, leader=null, voted=s3, raftlog=s3@group-A7C5DBE940E2-SegmentedRaftLog:OPENED:c-1,f-1,i0, conf=-1: [s3:0.0.0.0:38312, s4:0.0.0.0:41737, s0:0.0.0.0:41019, s1:0.0.0.0:38816, s2:0.0.0.0:40694], old=null RUNNING] size=2
  s4:  RUNNING [
   FOLLOWER s4@group-FEE41E240123:t0, leader=null, voted=null, raftlog=s4@group-FEE41E240123-SegmentedRaftLog:OPENED:c-1,f-1,i0, conf=-1: [], old=null STARTING
  CANDIDATE s4@group-A7C5DBE940E2:t4, leader=null, voted=s4, raftlog=s4@group-A7C5DBE940E2-SegmentedRaftLog:OPENED:c-1,f-1,i0, conf=-1: [s3:0.0.0.0:38312, s4:0.0.0.0:41737, s0:0.0.0.0:41019, s1:0.0.0.0:38816, s2:0.0.0.0:40694], old=null RUNNING] size=2
  s0:  RUNNING [
   FOLLOWER s0@group-FEE41E240123:t0, leader=null, voted=null, raftlog=s0@group-FEE41E240123-SegmentedRaftLog:OPENED:c-1,f-1,i0, conf=-1: [], old=null STARTING
  CANDIDATE s0@group-A7C5DBE940E2:t5, leader=null, voted=s0, raftlog=s0@group-A7C5DBE940E2-SegmentedRaftLog:OPENED:c-1,f-1,i0, conf=-1: [s3:0.0.0.0:38312, s4:0.0.0.0:41737, s0:0.0.0.0:41019, s1:0.0.0.0:38816, s2:0.0.0.0:40694], old=null RUNNING] size=2
  s1:  RUNNING [
   FOLLOWER s1@group-FEE41E240123:t0, leader=null, voted=null, raftlog=s1@group-FEE41E240123-SegmentedRaftLog:OPENED:c-1,f-1,i0, conf=-1: [], old=null STARTING
  CANDIDATE s1@group-A7C5DBE940E2:t5, leader=null, voted=s1, raftlog=s1@group-A7C5DBE940E2-SegmentedRaftLog:OPENED:c-1,f-1,i0, conf=-1: [s3:0.0.0.0:38312, s4:0.0.0.0:41737, s0:0.0.0.0:41019, s1:0.0.0.0:38816, s2:0.0.0.0:40694], old=null RUNNING] size=2
  s2:  RUNNING [
   FOLLOWER s2@group-FEE41E240123:t0, leader=null, voted=null, raftlog=s2@group-FEE41E240123-SegmentedRaftLog:OPENED:c-1,f-1,i0, conf=-1: [], old=null STARTING
  CANDIDATE s2@group-A7C5DBE940E2:t4, leader=null, voted=s2, raftlog=s2@group-A7C5DBE940E2-SegmentedRaftLog:OPENED:c-1,f-1,i0, conf=-1: [s3:0.0.0.0:38312, s4:0.0.0.0:41737, s0:0.0.0.0:41019, s1:0.0.0.0:38816, s2:0.0.0.0:40694], old=null RUNNING] size=2, sleep 450ms and then retry.
java.lang.IllegalStateException: No leader yet  for group-A7C5DBE940E2: printing group-A7C5DBE940E2
  s3:  RUNNING [
   FOLLOWER s3@group-FEE41E240123:t0, leader=null, voted=null, raftlog=s3@group-FEE41E240123-SegmentedRaftLog:OPENED:c-1,f-1,i0, conf=-1: [], old=null STARTING
  CANDIDATE s3@group-A7C5DBE940E2:t5, leader=null, voted=s3, raftlog=s3@group-A7C5DBE940E2-SegmentedRaftLog:OPENED:c-1,f-1,i0, conf=-1: [s3:0.0.0.0:38312, s4:0.0.0.0:41737, s0:0.0.0.0:41019, s1:0.0.0.0:38816, s2:0.0.0.0:40694], old=null RUNNING] size=2
  s4:  RUNNING [
   FOLLOWER s4@group-FEE41E240123:t0, leader=null, voted=null, raftlog=s4@group-FEE41E240123-SegmentedRaftLog:OPENED:c-1,f-1,i0, conf=-1: [], old=null STARTING
  CANDIDATE s4@group-A7C5DBE940E2:t4, leader=null, voted=s4, raftlog=s4@group-A7C5DBE940E2-SegmentedRaftLog:OPENED:c-1,f-1,i0, conf=-1: [s3:0.0.0.0:38312, s4:0.0.0.0:41737, s0:0.0.0.0:41019, s1:0.0.0.0:38816, s2:0.0.0.0:40694], old=null RUNNING] size=2
  s0:  RUNNING [
   FOLLOWER s0@group-FEE41E240123:t0, leader=null, voted=null, raftlog=s0@group-FEE41E240123-SegmentedRaftLog:OPENED:c-1,f-1,i0, conf=-1: [], old=null STARTING
  CANDIDATE s0@group-A7C5DBE940E2:t5, leader=null, voted=s0, raftlog=s0@group-A7C5DBE940E2-SegmentedRaftLog:OPENED:c-1,f-1,i0, conf=-1: [s3:0.0.0.0:38312, s4:0.0.0.0:41737, s0:0.0.0.0:41019, s1:0.0.0.0:38816, s2:0.0.0.0:40694], old=null RUNNING] size=2
  s1:  RUNNING [
   FOLLOWER s1@group-FEE41E240123:t0, leader=null, voted=null, raftlog=s1@group-FEE41E240123-SegmentedRaftLog:OPENED:c-1,f-1,i0, conf=-1: [], old=null STARTING
  CANDIDATE s1@group-A7C5DBE940E2:t5, leader=null, voted=s1, raftlog=s1@group-A7C5DBE940E2-SegmentedRaftLog:OPENED:c-1,f-1,i0, conf=-1: [s3:0.0.0.0:38312, s4:0.0.0.0:41737, s0:0.0.0.0:41019, s1:0.0.0.0:38816, s2:0.0.0.0:40694], old=null RUNNING] size=2
  s2:  RUNNING [
   FOLLOWER s2@group-FEE41E240123:t0, leader=null, voted=null, raftlog=s2@group-FEE41E240123-SegmentedRaftLog:OPENED:c-1,f-1,i0, conf=-1: [], old=null STARTING
  CANDIDATE s2@group-A7C5DBE940E2:t4, leader=null, voted=s2, raftlog=s2@group-A7C5DBE940E2-SegmentedRaftLog:OPENED:c-1,f-1,i0, conf=-1: [s3:0.0.0.0:38312, s4:0.0.0.0:41737, s0:0.0.0.0:41019, s1:0.0.0.0:38816, s2:0.0.0.0:40694], old=null RUNNING] size=2
	at org.apache.ratis.MiniRaftCluster.newIllegalStateExceptionForNoLeaders(MiniRaftCluster.java:506)
	at org.apache.ratis.RaftTestUtil.lambda$waitForLeader$1(RaftTestUtil.java:90)
	at org.apache.ratis.MiniRaftCluster.getLeader(MiniRaftCluster.java:539)
	at org.apache.ratis.MiniRaftCluster.getLeader(MiniRaftCluster.java:532)
	at org.apache.ratis.RaftTestUtil.lambda$waitForLeader$3(RaftTestUtil.java:98)
	at org.apache.ratis.util.JavaUtils.attempt(JavaUtils.java:152)
	at org.apache.ratis.RaftTestUtil.waitForLeader(RaftTestUtil.java:97)
	at org.apache.ratis.RaftTestUtil.waitForLeader(RaftTestUtil.java:77)
	at org.apache.ratis.server.impl.GroupManagementBaseTest.runMultiGroupTest(GroupManagementBaseTest.java:175)
	at org.apache.ratis.server.impl.GroupManagementBaseTest.runMultiGroupTest(GroupManagementBaseTest.java:126)
	at org.apache.ratis.server.impl.GroupManagementBaseTest.testMultiGroup9Nodes(GroupManagementBaseTest.java:121)
	at sun.reflect.NativeMethodAccessorImpl.invoke0(Native Method)
	at sun.reflect.NativeMethodAccessorImpl.invoke(NativeMethodAccessorImpl.java:62)
	at sun.reflect.DelegatingMethodAccessorImpl.invoke(DelegatingMethodAccessorImpl.java:43)
	at java.lang.reflect.Method.invoke(Method.java:498)
	at org.junit.runners.model.FrameworkMethod$1.runReflectiveCall(FrameworkMethod.java:50)
	at org.junit.internal.runners.model.ReflectiveCallable.run(ReflectiveCallable.java:12)
	at org.junit.runners.model.FrameworkMethod.invokeExplosively(FrameworkMethod.java:47)
	at org.junit.internal.runners.statements.InvokeMethod.evaluate(InvokeMethod.java:17)
	at org.junit.internal.runners.statements.RunAfters.evaluate(RunAfters.java:27)
	at org.junit.internal.runners.statements.FailOnTimeout$CallableStatement.call(FailOnTimeout.java:298)
	at org.junit.internal.runners.statements.FailOnTimeout$CallableStatement.call(FailOnTimeout.java:292)
	at java.util.concurrent.FutureTask.run(FutureTask.java:266)
	at java.lang.Thread.run(Thread.java:748)
2019-09-24 16:48:16,042 WARN  ratis.RaftTestUtil (JavaUtils.java:attempt(158)) - FAILED "waitForLeader-group-A7C5DBE940E2-(expectLeader? true)", attempt #69/100: java.lang.IllegalStateException: No leader yet  for group-A7C5DBE940E2: printing group-A7C5DBE940E2
  s3:  RUNNING [
   FOLLOWER s3@group-FEE41E240123:t0, leader=null, voted=null, raftlog=s3@group-FEE41E240123-SegmentedRaftLog:OPENED:c-1,f-1,i0, conf=-1: [], old=null STARTING
  CANDIDATE s3@group-A7C5DBE940E2:t5, leader=null, voted=s3, raftlog=s3@group-A7C5DBE940E2-SegmentedRaftLog:OPENED:c-1,f-1,i0, conf=-1: [s3:0.0.0.0:38312, s4:0.0.0.0:41737, s0:0.0.0.0:41019, s1:0.0.0.0:38816, s2:0.0.0.0:40694], old=null RUNNING] size=2
  s4:  RUNNING [
   FOLLOWER s4@group-FEE41E240123:t0, leader=null, voted=null, raftlog=s4@group-FEE41E240123-SegmentedRaftLog:OPENED:c-1,f-1,i0, conf=-1: [], old=null STARTING
  CANDIDATE s4@group-A7C5DBE940E2:t4, leader=null, voted=s4, raftlog=s4@group-A7C5DBE940E2-SegmentedRaftLog:OPENED:c-1,f-1,i0, conf=-1: [s3:0.0.0.0:38312, s4:0.0.0.0:41737, s0:0.0.0.0:41019, s1:0.0.0.0:38816, s2:0.0.0.0:40694], old=null RUNNING] size=2
  s0:  RUNNING [
   FOLLOWER s0@group-FEE41E240123:t0, leader=null, voted=null, raftlog=s0@group-FEE41E240123-SegmentedRaftLog:OPENED:c-1,f-1,i0, conf=-1: [], old=null STARTING
  CANDIDATE s0@group-A7C5DBE940E2:t5, leader=null, voted=s0, raftlog=s0@group-A7C5DBE940E2-SegmentedRaftLog:OPENED:c-1,f-1,i0, conf=-1: [s3:0.0.0.0:38312, s4:0.0.0.0:41737, s0:0.0.0.0:41019, s1:0.0.0.0:38816, s2:0.0.0.0:40694], old=null RUNNING] size=2
  s1:  RUNNING [
   FOLLOWER s1@group-FEE41E240123:t0, leader=null, voted=null, raftlog=s1@group-FEE41E240123-SegmentedRaftLog:OPENED:c-1,f-1,i0, conf=-1: [], old=null STARTING
  CANDIDATE s1@group-A7C5DBE940E2:t5, leader=null, voted=s1, raftlog=s1@group-A7C5DBE940E2-SegmentedRaftLog:OPENED:c-1,f-1,i0, conf=-1: [s3:0.0.0.0:38312, s4:0.0.0.0:41737, s0:0.0.0.0:41019, s1:0.0.0.0:38816, s2:0.0.0.0:40694], old=null RUNNING] size=2
  s2:  RUNNING [
   FOLLOWER s2@group-FEE41E240123:t0, leader=null, voted=null, raftlog=s2@group-FEE41E240123-SegmentedRaftLog:OPENED:c-1,f-1,i0, conf=-1: [], old=null STARTING
  CANDIDATE s2@group-A7C5DBE940E2:t4, leader=null, voted=s2, raftlog=s2@group-A7C5DBE940E2-SegmentedRaftLog:OPENED:c-1,f-1,i0, conf=-1: [s3:0.0.0.0:38312, s4:0.0.0.0:41737, s0:0.0.0.0:41019, s1:0.0.0.0:38816, s2:0.0.0.0:40694], old=null RUNNING] size=2, sleep 450ms and then retry.
java.lang.IllegalStateException: No leader yet  for group-A7C5DBE940E2: printing group-A7C5DBE940E2
  s3:  RUNNING [
   FOLLOWER s3@group-FEE41E240123:t0, leader=null, voted=null, raftlog=s3@group-FEE41E240123-SegmentedRaftLog:OPENED:c-1,f-1,i0, conf=-1: [], old=null STARTING
  CANDIDATE s3@group-A7C5DBE940E2:t5, leader=null, voted=s3, raftlog=s3@group-A7C5DBE940E2-SegmentedRaftLog:OPENED:c-1,f-1,i0, conf=-1: [s3:0.0.0.0:38312, s4:0.0.0.0:41737, s0:0.0.0.0:41019, s1:0.0.0.0:38816, s2:0.0.0.0:40694], old=null RUNNING] size=2
  s4:  RUNNING [
   FOLLOWER s4@group-FEE41E240123:t0, leader=null, voted=null, raftlog=s4@group-FEE41E240123-SegmentedRaftLog:OPENED:c-1,f-1,i0, conf=-1: [], old=null STARTING
  CANDIDATE s4@group-A7C5DBE940E2:t4, leader=null, voted=s4, raftlog=s4@group-A7C5DBE940E2-SegmentedRaftLog:OPENED:c-1,f-1,i0, conf=-1: [s3:0.0.0.0:38312, s4:0.0.0.0:41737, s0:0.0.0.0:41019, s1:0.0.0.0:38816, s2:0.0.0.0:40694], old=null RUNNING] size=2
  s0:  RUNNING [
   FOLLOWER s0@group-FEE41E240123:t0, leader=null, voted=null, raftlog=s0@group-FEE41E240123-SegmentedRaftLog:OPENED:c-1,f-1,i0, conf=-1: [], old=null STARTING
  CANDIDATE s0@group-A7C5DBE940E2:t5, leader=null, voted=s0, raftlog=s0@group-A7C5DBE940E2-SegmentedRaftLog:OPENED:c-1,f-1,i0, conf=-1: [s3:0.0.0.0:38312, s4:0.0.0.0:41737, s0:0.0.0.0:41019, s1:0.0.0.0:38816, s2:0.0.0.0:40694], old=null RUNNING] size=2
  s1:  RUNNING [
   FOLLOWER s1@group-FEE41E240123:t0, leader=null, voted=null, raftlog=s1@group-FEE41E240123-SegmentedRaftLog:OPENED:c-1,f-1,i0, conf=-1: [], old=null STARTING
  CANDIDATE s1@group-A7C5DBE940E2:t5, leader=null, voted=s1, raftlog=s1@group-A7C5DBE940E2-SegmentedRaftLog:OPENED:c-1,f-1,i0, conf=-1: [s3:0.0.0.0:38312, s4:0.0.0.0:41737, s0:0.0.0.0:41019, s1:0.0.0.0:38816, s2:0.0.0.0:40694], old=null RUNNING] size=2
  s2:  RUNNING [
   FOLLOWER s2@group-FEE41E240123:t0, leader=null, voted=null, raftlog=s2@group-FEE41E240123-SegmentedRaftLog:OPENED:c-1,f-1,i0, conf=-1: [], old=null STARTING
  CANDIDATE s2@group-A7C5DBE940E2:t4, leader=null, voted=s2, raftlog=s2@group-A7C5DBE940E2-SegmentedRaftLog:OPENED:c-1,f-1,i0, conf=-1: [s3:0.0.0.0:38312, s4:0.0.0.0:41737, s0:0.0.0.0:41019, s1:0.0.0.0:38816, s2:0.0.0.0:40694], old=null RUNNING] size=2
	at org.apache.ratis.MiniRaftCluster.newIllegalStateExceptionForNoLeaders(MiniRaftCluster.java:506)
	at org.apache.ratis.RaftTestUtil.lambda$waitForLeader$1(RaftTestUtil.java:90)
	at org.apache.ratis.MiniRaftCluster.getLeader(MiniRaftCluster.java:539)
	at org.apache.ratis.MiniRaftCluster.getLeader(MiniRaftCluster.java:532)
	at org.apache.ratis.RaftTestUtil.lambda$waitForLeader$3(RaftTestUtil.java:98)
	at org.apache.ratis.util.JavaUtils.attempt(JavaUtils.java:152)
	at org.apache.ratis.RaftTestUtil.waitForLeader(RaftTestUtil.java:97)
	at org.apache.ratis.RaftTestUtil.waitForLeader(RaftTestUtil.java:77)
	at org.apache.ratis.server.impl.GroupManagementBaseTest.runMultiGroupTest(GroupManagementBaseTest.java:175)
	at org.apache.ratis.server.impl.GroupManagementBaseTest.runMultiGroupTest(GroupManagementBaseTest.java:126)
	at org.apache.ratis.server.impl.GroupManagementBaseTest.testMultiGroup9Nodes(GroupManagementBaseTest.java:121)
	at sun.reflect.NativeMethodAccessorImpl.invoke0(Native Method)
	at sun.reflect.NativeMethodAccessorImpl.invoke(NativeMethodAccessorImpl.java:62)
	at sun.reflect.DelegatingMethodAccessorImpl.invoke(DelegatingMethodAccessorImpl.java:43)
	at java.lang.reflect.Method.invoke(Method.java:498)
	at org.junit.runners.model.FrameworkMethod$1.runReflectiveCall(FrameworkMethod.java:50)
	at org.junit.internal.runners.model.ReflectiveCallable.run(ReflectiveCallable.java:12)
	at org.junit.runners.model.FrameworkMethod.invokeExplosively(FrameworkMethod.java:47)
	at org.junit.internal.runners.statements.InvokeMethod.evaluate(InvokeMethod.java:17)
	at org.junit.internal.runners.statements.RunAfters.evaluate(RunAfters.java:27)
	at org.junit.internal.runners.statements.FailOnTimeout$CallableStatement.call(FailOnTimeout.java:298)
	at org.junit.internal.runners.statements.FailOnTimeout$CallableStatement.call(FailOnTimeout.java:292)
	at java.util.concurrent.FutureTask.run(FutureTask.java:266)
	at java.lang.Thread.run(Thread.java:748)
2019-09-24 16:48:16,494 WARN  ratis.RaftTestUtil (JavaUtils.java:attempt(158)) - FAILED "waitForLeader-group-A7C5DBE940E2-(expectLeader? true)", attempt #70/100: java.lang.IllegalStateException: No leader yet  for group-A7C5DBE940E2: printing group-A7C5DBE940E2
  s3:  RUNNING [
   FOLLOWER s3@group-FEE41E240123:t0, leader=null, voted=null, raftlog=s3@group-FEE41E240123-SegmentedRaftLog:OPENED:c-1,f-1,i0, conf=-1: [], old=null STARTING
  CANDIDATE s3@group-A7C5DBE940E2:t5, leader=null, voted=s3, raftlog=s3@group-A7C5DBE940E2-SegmentedRaftLog:OPENED:c-1,f-1,i0, conf=-1: [s3:0.0.0.0:38312, s4:0.0.0.0:41737, s0:0.0.0.0:41019, s1:0.0.0.0:38816, s2:0.0.0.0:40694], old=null RUNNING] size=2
  s4:  RUNNING [
   FOLLOWER s4@group-FEE41E240123:t0, leader=null, voted=null, raftlog=s4@group-FEE41E240123-SegmentedRaftLog:OPENED:c-1,f-1,i0, conf=-1: [], old=null STARTING
  CANDIDATE s4@group-A7C5DBE940E2:t4, leader=null, voted=s4, raftlog=s4@group-A7C5DBE940E2-SegmentedRaftLog:OPENED:c-1,f-1,i0, conf=-1: [s3:0.0.0.0:38312, s4:0.0.0.0:41737, s0:0.0.0.0:41019, s1:0.0.0.0:38816, s2:0.0.0.0:40694], old=null RUNNING] size=2
  s0:  RUNNING [
   FOLLOWER s0@group-FEE41E240123:t0, leader=null, voted=null, raftlog=s0@group-FEE41E240123-SegmentedRaftLog:OPENED:c-1,f-1,i0, conf=-1: [], old=null STARTING
  CANDIDATE s0@group-A7C5DBE940E2:t5, leader=null, voted=s0, raftlog=s0@group-A7C5DBE940E2-SegmentedRaftLog:OPENED:c-1,f-1,i0, conf=-1: [s3:0.0.0.0:38312, s4:0.0.0.0:41737, s0:0.0.0.0:41019, s1:0.0.0.0:38816, s2:0.0.0.0:40694], old=null RUNNING] size=2
  s1:  RUNNING [
   FOLLOWER s1@group-FEE41E240123:t0, leader=null, voted=null, raftlog=s1@group-FEE41E240123-SegmentedRaftLog:OPENED:c-1,f-1,i0, conf=-1: [], old=null STARTING
  CANDIDATE s1@group-A7C5DBE940E2:t5, leader=null, voted=s1, raftlog=s1@group-A7C5DBE940E2-SegmentedRaftLog:OPENED:c-1,f-1,i0, conf=-1: [s3:0.0.0.0:38312, s4:0.0.0.0:41737, s0:0.0.0.0:41019, s1:0.0.0.0:38816, s2:0.0.0.0:40694], old=null RUNNING] size=2
  s2:  RUNNING [
   FOLLOWER s2@group-FEE41E240123:t0, leader=null, voted=null, raftlog=s2@group-FEE41E240123-SegmentedRaftLog:OPENED:c-1,f-1,i0, conf=-1: [], old=null STARTING
  CANDIDATE s2@group-A7C5DBE940E2:t4, leader=null, voted=s2, raftlog=s2@group-A7C5DBE940E2-SegmentedRaftLog:OPENED:c-1,f-1,i0, conf=-1: [s3:0.0.0.0:38312, s4:0.0.0.0:41737, s0:0.0.0.0:41019, s1:0.0.0.0:38816, s2:0.0.0.0:40694], old=null RUNNING] size=2, sleep 450ms and then retry.
java.lang.IllegalStateException: No leader yet  for group-A7C5DBE940E2: printing group-A7C5DBE940E2
  s3:  RUNNING [
   FOLLOWER s3@group-FEE41E240123:t0, leader=null, voted=null, raftlog=s3@group-FEE41E240123-SegmentedRaftLog:OPENED:c-1,f-1,i0, conf=-1: [], old=null STARTING
  CANDIDATE s3@group-A7C5DBE940E2:t5, leader=null, voted=s3, raftlog=s3@group-A7C5DBE940E2-SegmentedRaftLog:OPENED:c-1,f-1,i0, conf=-1: [s3:0.0.0.0:38312, s4:0.0.0.0:41737, s0:0.0.0.0:41019, s1:0.0.0.0:38816, s2:0.0.0.0:40694], old=null RUNNING] size=2
  s4:  RUNNING [
   FOLLOWER s4@group-FEE41E240123:t0, leader=null, voted=null, raftlog=s4@group-FEE41E240123-SegmentedRaftLog:OPENED:c-1,f-1,i0, conf=-1: [], old=null STARTING
  CANDIDATE s4@group-A7C5DBE940E2:t4, leader=null, voted=s4, raftlog=s4@group-A7C5DBE940E2-SegmentedRaftLog:OPENED:c-1,f-1,i0, conf=-1: [s3:0.0.0.0:38312, s4:0.0.0.0:41737, s0:0.0.0.0:41019, s1:0.0.0.0:38816, s2:0.0.0.0:40694], old=null RUNNING] size=2
  s0:  RUNNING [
   FOLLOWER s0@group-FEE41E240123:t0, leader=null, voted=null, raftlog=s0@group-FEE41E240123-SegmentedRaftLog:OPENED:c-1,f-1,i0, conf=-1: [], old=null STARTING
  CANDIDATE s0@group-A7C5DBE940E2:t5, leader=null, voted=s0, raftlog=s0@group-A7C5DBE940E2-SegmentedRaftLog:OPENED:c-1,f-1,i0, conf=-1: [s3:0.0.0.0:38312, s4:0.0.0.0:41737, s0:0.0.0.0:41019, s1:0.0.0.0:38816, s2:0.0.0.0:40694], old=null RUNNING] size=2
  s1:  RUNNING [
   FOLLOWER s1@group-FEE41E240123:t0, leader=null, voted=null, raftlog=s1@group-FEE41E240123-SegmentedRaftLog:OPENED:c-1,f-1,i0, conf=-1: [], old=null STARTING
  CANDIDATE s1@group-A7C5DBE940E2:t5, leader=null, voted=s1, raftlog=s1@group-A7C5DBE940E2-SegmentedRaftLog:OPENED:c-1,f-1,i0, conf=-1: [s3:0.0.0.0:38312, s4:0.0.0.0:41737, s0:0.0.0.0:41019, s1:0.0.0.0:38816, s2:0.0.0.0:40694], old=null RUNNING] size=2
  s2:  RUNNING [
   FOLLOWER s2@group-FEE41E240123:t0, leader=null, voted=null, raftlog=s2@group-FEE41E240123-SegmentedRaftLog:OPENED:c-1,f-1,i0, conf=-1: [], old=null STARTING
  CANDIDATE s2@group-A7C5DBE940E2:t4, leader=null, voted=s2, raftlog=s2@group-A7C5DBE940E2-SegmentedRaftLog:OPENED:c-1,f-1,i0, conf=-1: [s3:0.0.0.0:38312, s4:0.0.0.0:41737, s0:0.0.0.0:41019, s1:0.0.0.0:38816, s2:0.0.0.0:40694], old=null RUNNING] size=2
	at org.apache.ratis.MiniRaftCluster.newIllegalStateExceptionForNoLeaders(MiniRaftCluster.java:506)
	at org.apache.ratis.RaftTestUtil.lambda$waitForLeader$1(RaftTestUtil.java:90)
	at org.apache.ratis.MiniRaftCluster.getLeader(MiniRaftCluster.java:539)
	at org.apache.ratis.MiniRaftCluster.getLeader(MiniRaftCluster.java:532)
	at org.apache.ratis.RaftTestUtil.lambda$waitForLeader$3(RaftTestUtil.java:98)
	at org.apache.ratis.util.JavaUtils.attempt(JavaUtils.java:152)
	at org.apache.ratis.RaftTestUtil.waitForLeader(RaftTestUtil.java:97)
	at org.apache.ratis.RaftTestUtil.waitForLeader(RaftTestUtil.java:77)
	at org.apache.ratis.server.impl.GroupManagementBaseTest.runMultiGroupTest(GroupManagementBaseTest.java:175)
	at org.apache.ratis.server.impl.GroupManagementBaseTest.runMultiGroupTest(GroupManagementBaseTest.java:126)
	at org.apache.ratis.server.impl.GroupManagementBaseTest.testMultiGroup9Nodes(GroupManagementBaseTest.java:121)
	at sun.reflect.NativeMethodAccessorImpl.invoke0(Native Method)
	at sun.reflect.NativeMethodAccessorImpl.invoke(NativeMethodAccessorImpl.java:62)
	at sun.reflect.DelegatingMethodAccessorImpl.invoke(DelegatingMethodAccessorImpl.java:43)
	at java.lang.reflect.Method.invoke(Method.java:498)
	at org.junit.runners.model.FrameworkMethod$1.runReflectiveCall(FrameworkMethod.java:50)
	at org.junit.internal.runners.model.ReflectiveCallable.run(ReflectiveCallable.java:12)
	at org.junit.runners.model.FrameworkMethod.invokeExplosively(FrameworkMethod.java:47)
	at org.junit.internal.runners.statements.InvokeMethod.evaluate(InvokeMethod.java:17)
	at org.junit.internal.runners.statements.RunAfters.evaluate(RunAfters.java:27)
	at org.junit.internal.runners.statements.FailOnTimeout$CallableStatement.call(FailOnTimeout.java:298)
	at org.junit.internal.runners.statements.FailOnTimeout$CallableStatement.call(FailOnTimeout.java:292)
	at java.util.concurrent.FutureTask.run(FutureTask.java:266)
	at java.lang.Thread.run(Thread.java:748)
2019-09-24 16:48:16,945 WARN  ratis.RaftTestUtil (JavaUtils.java:attempt(158)) - FAILED "waitForLeader-group-A7C5DBE940E2-(expectLeader? true)", attempt #71/100: java.lang.IllegalStateException: No leader yet  for group-A7C5DBE940E2: printing group-A7C5DBE940E2
  s3:  RUNNING [
   FOLLOWER s3@group-FEE41E240123:t0, leader=null, voted=null, raftlog=s3@group-FEE41E240123-SegmentedRaftLog:OPENED:c-1,f-1,i0, conf=-1: [], old=null STARTING
  CANDIDATE s3@group-A7C5DBE940E2:t5, leader=null, voted=s3, raftlog=s3@group-A7C5DBE940E2-SegmentedRaftLog:OPENED:c-1,f-1,i0, conf=-1: [s3:0.0.0.0:38312, s4:0.0.0.0:41737, s0:0.0.0.0:41019, s1:0.0.0.0:38816, s2:0.0.0.0:40694], old=null RUNNING] size=2
  s4:  RUNNING [
   FOLLOWER s4@group-FEE41E240123:t0, leader=null, voted=null, raftlog=s4@group-FEE41E240123-SegmentedRaftLog:OPENED:c-1,f-1,i0, conf=-1: [], old=null STARTING
  CANDIDATE s4@group-A7C5DBE940E2:t4, leader=null, voted=s4, raftlog=s4@group-A7C5DBE940E2-SegmentedRaftLog:OPENED:c-1,f-1,i0, conf=-1: [s3:0.0.0.0:38312, s4:0.0.0.0:41737, s0:0.0.0.0:41019, s1:0.0.0.0:38816, s2:0.0.0.0:40694], old=null RUNNING] size=2
  s0:  RUNNING [
   FOLLOWER s0@group-FEE41E240123:t0, leader=null, voted=null, raftlog=s0@group-FEE41E240123-SegmentedRaftLog:OPENED:c-1,f-1,i0, conf=-1: [], old=null STARTING
  CANDIDATE s0@group-A7C5DBE940E2:t5, leader=null, voted=s0, raftlog=s0@group-A7C5DBE940E2-SegmentedRaftLog:OPENED:c-1,f-1,i0, conf=-1: [s3:0.0.0.0:38312, s4:0.0.0.0:41737, s0:0.0.0.0:41019, s1:0.0.0.0:38816, s2:0.0.0.0:40694], old=null RUNNING] size=2
  s1:  RUNNING [
   FOLLOWER s1@group-FEE41E240123:t0, leader=null, voted=null, raftlog=s1@group-FEE41E240123-SegmentedRaftLog:OPENED:c-1,f-1,i0, conf=-1: [], old=null STARTING
  CANDIDATE s1@group-A7C5DBE940E2:t5, leader=null, voted=s1, raftlog=s1@group-A7C5DBE940E2-SegmentedRaftLog:OPENED:c-1,f-1,i0, conf=-1: [s3:0.0.0.0:38312, s4:0.0.0.0:41737, s0:0.0.0.0:41019, s1:0.0.0.0:38816, s2:0.0.0.0:40694], old=null RUNNING] size=2
  s2:  RUNNING [
   FOLLOWER s2@group-FEE41E240123:t0, leader=null, voted=null, raftlog=s2@group-FEE41E240123-SegmentedRaftLog:OPENED:c-1,f-1,i0, conf=-1: [], old=null STARTING
  CANDIDATE s2@group-A7C5DBE940E2:t4, leader=null, voted=s2, raftlog=s2@group-A7C5DBE940E2-SegmentedRaftLog:OPENED:c-1,f-1,i0, conf=-1: [s3:0.0.0.0:38312, s4:0.0.0.0:41737, s0:0.0.0.0:41019, s1:0.0.0.0:38816, s2:0.0.0.0:40694], old=null RUNNING] size=2, sleep 450ms and then retry.
java.lang.IllegalStateException: No leader yet  for group-A7C5DBE940E2: printing group-A7C5DBE940E2
  s3:  RUNNING [
   FOLLOWER s3@group-FEE41E240123:t0, leader=null, voted=null, raftlog=s3@group-FEE41E240123-SegmentedRaftLog:OPENED:c-1,f-1,i0, conf=-1: [], old=null STARTING
  CANDIDATE s3@group-A7C5DBE940E2:t5, leader=null, voted=s3, raftlog=s3@group-A7C5DBE940E2-SegmentedRaftLog:OPENED:c-1,f-1,i0, conf=-1: [s3:0.0.0.0:38312, s4:0.0.0.0:41737, s0:0.0.0.0:41019, s1:0.0.0.0:38816, s2:0.0.0.0:40694], old=null RUNNING] size=2
  s4:  RUNNING [
   FOLLOWER s4@group-FEE41E240123:t0, leader=null, voted=null, raftlog=s4@group-FEE41E240123-SegmentedRaftLog:OPENED:c-1,f-1,i0, conf=-1: [], old=null STARTING
  CANDIDATE s4@group-A7C5DBE940E2:t4, leader=null, voted=s4, raftlog=s4@group-A7C5DBE940E2-SegmentedRaftLog:OPENED:c-1,f-1,i0, conf=-1: [s3:0.0.0.0:38312, s4:0.0.0.0:41737, s0:0.0.0.0:41019, s1:0.0.0.0:38816, s2:0.0.0.0:40694], old=null RUNNING] size=2
  s0:  RUNNING [
   FOLLOWER s0@group-FEE41E240123:t0, leader=null, voted=null, raftlog=s0@group-FEE41E240123-SegmentedRaftLog:OPENED:c-1,f-1,i0, conf=-1: [], old=null STARTING
  CANDIDATE s0@group-A7C5DBE940E2:t5, leader=null, voted=s0, raftlog=s0@group-A7C5DBE940E2-SegmentedRaftLog:OPENED:c-1,f-1,i0, conf=-1: [s3:0.0.0.0:38312, s4:0.0.0.0:41737, s0:0.0.0.0:41019, s1:0.0.0.0:38816, s2:0.0.0.0:40694], old=null RUNNING] size=2
  s1:  RUNNING [
   FOLLOWER s1@group-FEE41E240123:t0, leader=null, voted=null, raftlog=s1@group-FEE41E240123-SegmentedRaftLog:OPENED:c-1,f-1,i0, conf=-1: [], old=null STARTING
  CANDIDATE s1@group-A7C5DBE940E2:t5, leader=null, voted=s1, raftlog=s1@group-A7C5DBE940E2-SegmentedRaftLog:OPENED:c-1,f-1,i0, conf=-1: [s3:0.0.0.0:38312, s4:0.0.0.0:41737, s0:0.0.0.0:41019, s1:0.0.0.0:38816, s2:0.0.0.0:40694], old=null RUNNING] size=2
  s2:  RUNNING [
   FOLLOWER s2@group-FEE41E240123:t0, leader=null, voted=null, raftlog=s2@group-FEE41E240123-SegmentedRaftLog:OPENED:c-1,f-1,i0, conf=-1: [], old=null STARTING
  CANDIDATE s2@group-A7C5DBE940E2:t4, leader=null, voted=s2, raftlog=s2@group-A7C5DBE940E2-SegmentedRaftLog:OPENED:c-1,f-1,i0, conf=-1: [s3:0.0.0.0:38312, s4:0.0.0.0:41737, s0:0.0.0.0:41019, s1:0.0.0.0:38816, s2:0.0.0.0:40694], old=null RUNNING] size=2
	at org.apache.ratis.MiniRaftCluster.newIllegalStateExceptionForNoLeaders(MiniRaftCluster.java:506)
	at org.apache.ratis.RaftTestUtil.lambda$waitForLeader$1(RaftTestUtil.java:90)
	at org.apache.ratis.MiniRaftCluster.getLeader(MiniRaftCluster.java:539)
	at org.apache.ratis.MiniRaftCluster.getLeader(MiniRaftCluster.java:532)
	at org.apache.ratis.RaftTestUtil.lambda$waitForLeader$3(RaftTestUtil.java:98)
	at org.apache.ratis.util.JavaUtils.attempt(JavaUtils.java:152)
	at org.apache.ratis.RaftTestUtil.waitForLeader(RaftTestUtil.java:97)
	at org.apache.ratis.RaftTestUtil.waitForLeader(RaftTestUtil.java:77)
	at org.apache.ratis.server.impl.GroupManagementBaseTest.runMultiGroupTest(GroupManagementBaseTest.java:175)
	at org.apache.ratis.server.impl.GroupManagementBaseTest.runMultiGroupTest(GroupManagementBaseTest.java:126)
	at org.apache.ratis.server.impl.GroupManagementBaseTest.testMultiGroup9Nodes(GroupManagementBaseTest.java:121)
	at sun.reflect.NativeMethodAccessorImpl.invoke0(Native Method)
	at sun.reflect.NativeMethodAccessorImpl.invoke(NativeMethodAccessorImpl.java:62)
	at sun.reflect.DelegatingMethodAccessorImpl.invoke(DelegatingMethodAccessorImpl.java:43)
	at java.lang.reflect.Method.invoke(Method.java:498)
	at org.junit.runners.model.FrameworkMethod$1.runReflectiveCall(FrameworkMethod.java:50)
	at org.junit.internal.runners.model.ReflectiveCallable.run(ReflectiveCallable.java:12)
	at org.junit.runners.model.FrameworkMethod.invokeExplosively(FrameworkMethod.java:47)
	at org.junit.internal.runners.statements.InvokeMethod.evaluate(InvokeMethod.java:17)
	at org.junit.internal.runners.statements.RunAfters.evaluate(RunAfters.java:27)
	at org.junit.internal.runners.statements.FailOnTimeout$CallableStatement.call(FailOnTimeout.java:298)
	at org.junit.internal.runners.statements.FailOnTimeout$CallableStatement.call(FailOnTimeout.java:292)
	at java.util.concurrent.FutureTask.run(FutureTask.java:266)
	at java.lang.Thread.run(Thread.java:748)
2019-09-24 16:48:16,984 INFO  impl.LeaderElection (LeaderElection.java:askForVotes(178)) - s1@group-A7C5DBE940E2-LeaderElection16: begin an election at term 5 for -1: [s3:0.0.0.0:38312, s4:0.0.0.0:41737, s0:0.0.0.0:41019, s1:0.0.0.0:38816, s2:0.0.0.0:40694], old=null
2019-09-24 16:48:16,984 INFO  impl.LeaderElection (LeaderElection.java:askForVotes(178)) - s2@group-A7C5DBE940E2-LeaderElection23: begin an election at term 4 for -1: [s3:0.0.0.0:38312, s4:0.0.0.0:41737, s0:0.0.0.0:41019, s1:0.0.0.0:38816, s2:0.0.0.0:40694], old=null
2019-09-24 16:48:16,986 DEBUG impl.RaftServerImpl (RaftServerImpl.java:requestVote(775)) - s2@group-A7C5DBE940E2 replies to vote request: s0<-s2#0:FAIL-t4. Peer's state: s2@group-A7C5DBE940E2:t4, leader=null, voted=s2, raftlog=s2@group-A7C5DBE940E2-SegmentedRaftLog:OPENED:c-1,f-1,i0, conf=-1: [s3:0.0.0.0:38312, s4:0.0.0.0:41737, s0:0.0.0.0:41019, s1:0.0.0.0:38816, s2:0.0.0.0:40694], old=null
2019-09-24 16:48:16,986 DEBUG impl.RaftServerImpl (RaftServerImpl.java:requestVote(775)) - s4@group-A7C5DBE940E2 replies to vote request: s0<-s4#0:FAIL-t4. Peer's state: s4@group-A7C5DBE940E2:t4, leader=null, voted=s4, raftlog=s4@group-A7C5DBE940E2-SegmentedRaftLog:OPENED:c-1,f-1,i0, conf=-1: [s3:0.0.0.0:38312, s4:0.0.0.0:41737, s0:0.0.0.0:41019, s1:0.0.0.0:38816, s2:0.0.0.0:40694], old=null
2019-09-24 16:48:16,986 DEBUG impl.RaftServerImpl (RaftServerImpl.java:requestVote(775)) - s3@group-A7C5DBE940E2 replies to vote request: s0<-s3#0:FAIL-t5. Peer's state: s3@group-A7C5DBE940E2:t5, leader=null, voted=s3, raftlog=s3@group-A7C5DBE940E2-SegmentedRaftLog:OPENED:c-1,f-1,i0, conf=-1: [s3:0.0.0.0:38312, s4:0.0.0.0:41737, s0:0.0.0.0:41019, s1:0.0.0.0:38816, s2:0.0.0.0:40694], old=null
2019-09-24 16:48:16,984 INFO  impl.LeaderElection (LeaderElection.java:askForVotes(178)) - s4@group-A7C5DBE940E2-LeaderElection24: begin an election at term 4 for -1: [s3:0.0.0.0:38312, s4:0.0.0.0:41737, s0:0.0.0.0:41019, s1:0.0.0.0:38816, s2:0.0.0.0:40694], old=null
2019-09-24 16:48:16,984 INFO  impl.LeaderElection (LeaderElection.java:askForVotes(178)) - s0@group-A7C5DBE940E2-LeaderElection17: begin an election at term 5 for -1: [s3:0.0.0.0:38312, s4:0.0.0.0:41737, s0:0.0.0.0:41019, s1:0.0.0.0:38816, s2:0.0.0.0:40694], old=null
2019-09-24 16:48:16,984 INFO  impl.LeaderElection (LeaderElection.java:askForVotes(178)) - s3@group-A7C5DBE940E2-LeaderElection22: begin an election at term 5 for -1: [s3:0.0.0.0:38312, s4:0.0.0.0:41737, s0:0.0.0.0:41019, s1:0.0.0.0:38816, s2:0.0.0.0:40694], old=null
2019-09-24 16:48:16,988 DEBUG impl.RaftServerImpl (RaftServerImpl.java:requestVote(743)) - s3@group-A7C5DBE940E2: receive requestVote(s0, group-A7C5DBE940E2, 4, (t:0, i:0))
2019-09-24 16:48:16,987 DEBUG impl.RaftServerImpl (RaftServerImpl.java:requestVote(743)) - s0@group-A7C5DBE940E2: receive requestVote(s1, group-A7C5DBE940E2, 5, (t:0, i:0))
2019-09-24 16:48:16,987 DEBUG impl.RaftServerImpl (RaftServerImpl.java:requestVote(775)) - s3@group-A7C5DBE940E2 replies to vote request: s1<-s3#0:FAIL-t5. Peer's state: s3@group-A7C5DBE940E2:t5, leader=null, voted=s3, raftlog=s3@group-A7C5DBE940E2-SegmentedRaftLog:OPENED:c-1,f-1,i0, conf=-1: [s3:0.0.0.0:38312, s4:0.0.0.0:41737, s0:0.0.0.0:41019, s1:0.0.0.0:38816, s2:0.0.0.0:40694], old=null
2019-09-24 16:48:16,987 DEBUG impl.RaftServerImpl (RaftServerImpl.java:requestVote(775)) - s4@group-A7C5DBE940E2 replies to vote request: s1<-s4#0:FAIL-t4. Peer's state: s4@group-A7C5DBE940E2:t4, leader=null, voted=s4, raftlog=s4@group-A7C5DBE940E2-SegmentedRaftLog:OPENED:c-1,f-1,i0, conf=-1: [s3:0.0.0.0:38312, s4:0.0.0.0:41737, s0:0.0.0.0:41019, s1:0.0.0.0:38816, s2:0.0.0.0:40694], old=null
2019-09-24 16:48:16,987 DEBUG impl.RaftServerImpl (RaftServerImpl.java:requestVote(743)) - s4@group-A7C5DBE940E2: receive requestVote(s0, group-A7C5DBE940E2, 4, (t:0, i:0))
2019-09-24 16:48:16,987 DEBUG impl.RaftServerImpl (RaftServerImpl.java:requestVote(743)) - s2@group-A7C5DBE940E2: receive requestVote(s0, group-A7C5DBE940E2, 4, (t:0, i:0))
2019-09-24 16:48:16,986 DEBUG impl.RaftServerImpl (RaftServerImpl.java:requestVote(775)) - s2@group-A7C5DBE940E2 replies to vote request: s1<-s2#0:FAIL-t4. Peer's state: s2@group-A7C5DBE940E2:t4, leader=null, voted=s2, raftlog=s2@group-A7C5DBE940E2-SegmentedRaftLog:OPENED:c-1,f-1,i0, conf=-1: [s3:0.0.0.0:38312, s4:0.0.0.0:41737, s0:0.0.0.0:41019, s1:0.0.0.0:38816, s2:0.0.0.0:40694], old=null
2019-09-24 16:48:16,990 DEBUG impl.RaftServerImpl (RaftServerImpl.java:requestVote(775)) - s4@group-A7C5DBE940E2 replies to vote request: s0<-s4#0:FAIL-t4. Peer's state: s4@group-A7C5DBE940E2:t4, leader=null, voted=s4, raftlog=s4@group-A7C5DBE940E2-SegmentedRaftLog:OPENED:c-1,f-1,i0, conf=-1: [s3:0.0.0.0:38312, s4:0.0.0.0:41737, s0:0.0.0.0:41019, s1:0.0.0.0:38816, s2:0.0.0.0:40694], old=null
2019-09-24 16:48:16,990 DEBUG impl.RaftServerImpl (RaftServerImpl.java:requestVote(743)) - s4@group-A7C5DBE940E2: receive requestVote(s1, group-A7C5DBE940E2, 4, (t:0, i:0))
2019-09-24 16:48:16,992 DEBUG impl.RaftServerImpl (RaftServerImpl.java:requestVote(743)) - s4@group-A7C5DBE940E2: receive requestVote(s0, group-A7C5DBE940E2, 5, (t:0, i:0))
2019-09-24 16:48:16,989 DEBUG impl.RaftServerImpl (RaftServerImpl.java:requestVote(743)) - s3@group-A7C5DBE940E2: receive requestVote(s1, group-A7C5DBE940E2, 4, (t:0, i:0))
2019-09-24 16:48:16,989 DEBUG impl.RaftServerImpl (RaftServerImpl.java:requestVote(775)) - s3@group-A7C5DBE940E2 replies to vote request: s0<-s3#0:FAIL-t5. Peer's state: s3@group-A7C5DBE940E2:t5, leader=null, voted=s3, raftlog=s3@group-A7C5DBE940E2-SegmentedRaftLog:OPENED:c-1,f-1,i0, conf=-1: [s3:0.0.0.0:38312, s4:0.0.0.0:41737, s0:0.0.0.0:41019, s1:0.0.0.0:38816, s2:0.0.0.0:40694], old=null
2019-09-24 16:48:16,989 DEBUG impl.RaftServerImpl (RaftServerImpl.java:requestVote(743)) - s1@group-A7C5DBE940E2: receive requestVote(s0, group-A7C5DBE940E2, 5, (t:0, i:0))
2019-09-24 16:48:16,989 DEBUG impl.RaftServerImpl (RaftServerImpl.java:requestVote(775)) - s0@group-A7C5DBE940E2 replies to vote request: s1<-s0#0:FAIL-t5. Peer's state: s0@group-A7C5DBE940E2:t5, leader=null, voted=s0, raftlog=s0@group-A7C5DBE940E2-SegmentedRaftLog:OPENED:c-1,f-1,i0, conf=-1: [s3:0.0.0.0:38312, s4:0.0.0.0:41737, s0:0.0.0.0:41019, s1:0.0.0.0:38816, s2:0.0.0.0:40694], old=null
2019-09-24 16:48:16,997 DEBUG impl.RaftServerImpl (RaftServerImpl.java:requestVote(775)) - s1@group-A7C5DBE940E2 replies to vote request: s0<-s1#0:FAIL-t5. Peer's state: s1@group-A7C5DBE940E2:t5, leader=null, voted=s1, raftlog=s1@group-A7C5DBE940E2-SegmentedRaftLog:OPENED:c-1,f-1,i0, conf=-1: [s3:0.0.0.0:38312, s4:0.0.0.0:41737, s0:0.0.0.0:41019, s1:0.0.0.0:38816, s2:0.0.0.0:40694], old=null
2019-09-24 16:48:16,996 DEBUG impl.RaftServerImpl (RaftServerImpl.java:requestVote(743)) - s3@group-A7C5DBE940E2: receive requestVote(s0, group-A7C5DBE940E2, 5, (t:0, i:0))
2019-09-24 16:48:16,996 DEBUG impl.RaftServerImpl (RaftServerImpl.java:requestVote(775)) - s3@group-A7C5DBE940E2 replies to vote request: s1<-s3#0:FAIL-t5. Peer's state: s3@group-A7C5DBE940E2:t5, leader=null, voted=s3, raftlog=s3@group-A7C5DBE940E2-SegmentedRaftLog:OPENED:c-1,f-1,i0, conf=-1: [s3:0.0.0.0:38312, s4:0.0.0.0:41737, s0:0.0.0.0:41019, s1:0.0.0.0:38816, s2:0.0.0.0:40694], old=null
2019-09-24 16:48:16,996 INFO  logging.LoggingHandler (AbstractInternalLogger.java:log(150)) - [id: 0x7a134672, L:/0.0.0.0:41737] READ: [id: 0x569f1a20, L:/192.168.5.142:41737 - R:/192.168.5.142:55780]
2019-09-24 16:48:16,996 INFO  logging.LoggingHandler (AbstractInternalLogger.java:log(150)) - [id: 0x774b134f, L:/0.0.0.0:41019] READ: [id: 0x89d694a3, L:/192.168.5.142:41019 - R:/192.168.5.142:36938]
2019-09-24 16:48:16,996 INFO  logging.LoggingHandler (AbstractInternalLogger.java:log(150)) - [id: 0x625ea67e, L:/0.0.0.0:38312] READ: [id: 0x6baf93cd, L:/192.168.5.142:38312 - R:/192.168.5.142:35656]
2019-09-24 16:48:16,998 INFO  logging.LoggingHandler (AbstractInternalLogger.java:log(150)) - [id: 0x774b134f, L:/0.0.0.0:41019] READ COMPLETE
2019-09-24 16:48:16,992 DEBUG impl.RaftServerImpl (RaftServerImpl.java:requestVote(775)) - s4@group-A7C5DBE940E2 replies to vote request: s1<-s4#0:FAIL-t4. Peer's state: s4@group-A7C5DBE940E2:t4, leader=null, voted=s4, raftlog=s4@group-A7C5DBE940E2-SegmentedRaftLog:OPENED:c-1,f-1,i0, conf=-1: [s3:0.0.0.0:38312, s4:0.0.0.0:41737, s0:0.0.0.0:41019, s1:0.0.0.0:38816, s2:0.0.0.0:40694], old=null
2019-09-24 16:48:16,992 DEBUG impl.RaftServerImpl (RaftServerImpl.java:requestVote(775)) - s2@group-A7C5DBE940E2 replies to vote request: s0<-s2#0:FAIL-t4. Peer's state: s2@group-A7C5DBE940E2:t4, leader=null, voted=s2, raftlog=s2@group-A7C5DBE940E2-SegmentedRaftLog:OPENED:c-1,f-1,i0, conf=-1: [s3:0.0.0.0:38312, s4:0.0.0.0:41737, s0:0.0.0.0:41019, s1:0.0.0.0:38816, s2:0.0.0.0:40694], old=null
2019-09-24 16:48:16,992 DEBUG impl.RaftServerImpl (RaftServerImpl.java:requestVote(743)) - s2@group-A7C5DBE940E2: receive requestVote(s1, group-A7C5DBE940E2, 4, (t:0, i:0))
2019-09-24 16:48:16,999 DEBUG impl.RaftServerImpl (RaftServerImpl.java:requestVote(743)) - s2@group-A7C5DBE940E2: receive requestVote(s0, group-A7C5DBE940E2, 5, (t:0, i:0))
2019-09-24 16:48:16,999 DEBUG impl.RaftServerImpl (RaftServerImpl.java:requestVote(743)) - s0@group-A7C5DBE940E2: receive requestVote(s4, group-A7C5DBE940E2, 4, (t:0, i:0))
2019-09-24 16:48:16,999 DEBUG impl.RaftServerImpl (RaftServerImpl.java:requestVote(743)) - s4@group-A7C5DBE940E2: receive requestVote(s1, group-A7C5DBE940E2, 5, (t:0, i:0))
2019-09-24 16:48:16,999 DEBUG impl.RaftServerImpl (RaftServerImpl.java:requestVote(743)) - s4@group-A7C5DBE940E2: receive requestVote(s3, group-A7C5DBE940E2, 3, (t:0, i:0))
2019-09-24 16:48:16,999 INFO  impl.RaftServerImpl (RaftServerImpl.java:setRole(170)) - s4@group-A7C5DBE940E2: changes role from CANDIDATE to FOLLOWER at term 5 for recognizeCandidate:s0
2019-09-24 16:48:16,999 INFO  logging.LoggingHandler (AbstractInternalLogger.java:log(150)) - [id: 0x625ea67e, L:/0.0.0.0:38312] READ COMPLETE
2019-09-24 16:48:16,998 INFO  logging.LoggingHandler (AbstractInternalLogger.java:log(150)) - [id: 0x7a134672, L:/0.0.0.0:41737] READ COMPLETE
2019-09-24 16:48:17,002 INFO  logging.LoggingHandler (AbstractInternalLogger.java:log(150)) - [id: 0x625ea67e, L:/0.0.0.0:38312] READ: [id: 0x33baaaaf, L:/192.168.5.142:38312 - R:/192.168.5.142:35666]
2019-09-24 16:48:16,998 INFO  logging.LoggingHandler (AbstractInternalLogger.java:log(150)) - [id: 0xec48d4a4, L:/0.0.0.0:38816] READ: [id: 0x28f6ccc9, L:/192.168.5.142:38816 - R:/192.168.5.142:45914]
2019-09-24 16:48:16,998 DEBUG impl.RaftServerImpl (RaftServerImpl.java:requestVote(743)) - s3@group-A7C5DBE940E2: receive requestVote(s1, group-A7C5DBE940E2, 5, (t:0, i:0))
2019-09-24 16:48:16,998 DEBUG impl.RaftServerImpl (RaftServerImpl.java:requestVote(775)) - s3@group-A7C5DBE940E2 replies to vote request: s0<-s3#0:FAIL-t5. Peer's state: s3@group-A7C5DBE940E2:t5, leader=null, voted=s3, raftlog=s3@group-A7C5DBE940E2-SegmentedRaftLog:OPENED:c-1,f-1,i0, conf=-1: [s3:0.0.0.0:38312, s4:0.0.0.0:41737, s0:0.0.0.0:41019, s1:0.0.0.0:38816, s2:0.0.0.0:40694], old=null
2019-09-24 16:48:16,998 INFO  logging.LoggingHandler (AbstractInternalLogger.java:log(150)) - [id: 0x0fe9f243, L:/0.0.0.0:40694] READ: [id: 0x1b7046b6, L:/192.168.5.142:40694 - R:/192.168.5.142:40192]
2019-09-24 16:48:17,003 DEBUG impl.RaftServerImpl (RaftServerImpl.java:requestVote(775)) - s3@group-A7C5DBE940E2 replies to vote request: s1<-s3#0:FAIL-t5. Peer's state: s3@group-A7C5DBE940E2:t5, leader=null, voted=s3, raftlog=s3@group-A7C5DBE940E2-SegmentedRaftLog:OPENED:c-1,f-1,i0, conf=-1: [s3:0.0.0.0:38312, s4:0.0.0.0:41737, s0:0.0.0.0:41019, s1:0.0.0.0:38816, s2:0.0.0.0:40694], old=null
2019-09-24 16:48:17,003 INFO  logging.LoggingHandler (AbstractInternalLogger.java:log(150)) - [id: 0xec48d4a4, L:/0.0.0.0:38816] READ COMPLETE
2019-09-24 16:48:17,002 INFO  logging.LoggingHandler (AbstractInternalLogger.java:log(150)) - [id: 0x625ea67e, L:/0.0.0.0:38312] READ COMPLETE
2019-09-24 16:48:17,002 INFO  logging.LoggingHandler (AbstractInternalLogger.java:log(150)) - [id: 0x7a134672, L:/0.0.0.0:41737] READ: [id: 0x1a7adbf2, L:/192.168.5.142:41737 - R:/192.168.5.142:55792]
2019-09-24 16:48:17,002 INFO  impl.RoleInfo (RoleInfo.java:shutdownLeaderElection(134)) - s4: shutdown LeaderElection
2019-09-24 16:48:17,001 DEBUG impl.RaftServerImpl (RaftServerImpl.java:requestVote(775)) - s0@group-A7C5DBE940E2 replies to vote request: s4<-s0#0:FAIL-t5. Peer's state: s0@group-A7C5DBE940E2:t5, leader=null, voted=s0, raftlog=s0@group-A7C5DBE940E2-SegmentedRaftLog:OPENED:c-1,f-1,i0, conf=-1: [s3:0.0.0.0:38312, s4:0.0.0.0:41737, s0:0.0.0.0:41019, s1:0.0.0.0:38816, s2:0.0.0.0:40694], old=null
2019-09-24 16:48:17,000 DEBUG impl.RaftServerImpl (RaftServerImpl.java:requestVote(743)) - s3@group-A7C5DBE940E2: receive requestVote(s4, group-A7C5DBE940E2, 4, (t:0, i:0))
2019-09-24 16:48:17,007 DEBUG impl.RaftServerImpl (RaftServerImpl.java:requestVote(743)) - s0@group-A7C5DBE940E2: receive requestVote(s4, group-A7C5DBE940E2, 3, (t:0, i:0))
2019-09-24 16:48:17,000 INFO  logging.LoggingHandler (AbstractInternalLogger.java:log(150)) - [id: 0x774b134f, L:/0.0.0.0:41019] READ: [id: 0x1917f303, L:/192.168.5.142:41019 - R:/192.168.5.142:36944]
2019-09-24 16:48:16,999 DEBUG impl.RaftServerImpl (RaftServerImpl.java:requestVote(775)) - s2@group-A7C5DBE940E2 replies to vote request: s1<-s2#0:FAIL-t4. Peer's state: s2@group-A7C5DBE940E2:t4, leader=null, voted=s2, raftlog=s2@group-A7C5DBE940E2-SegmentedRaftLog:OPENED:c-1,f-1,i0, conf=-1: [s3:0.0.0.0:38312, s4:0.0.0.0:41737, s0:0.0.0.0:41019, s1:0.0.0.0:38816, s2:0.0.0.0:40694], old=null
2019-09-24 16:48:17,008 INFO  logging.LoggingHandler (AbstractInternalLogger.java:log(150)) - [id: 0x774b134f, L:/0.0.0.0:41019] READ COMPLETE
2019-09-24 16:48:17,008 INFO  logging.LoggingHandler (AbstractInternalLogger.java:log(150)) - [id: 0xec48d4a4, L:/0.0.0.0:38816] READ: [id: 0x3b739e5f, L:/192.168.5.142:38816 - R:/192.168.5.142:45922]
2019-09-24 16:48:17,008 DEBUG impl.RaftServerImpl (RaftServerImpl.java:requestVote(775)) - s0@group-A7C5DBE940E2 replies to vote request: s4<-s0#0:FAIL-t5. Peer's state: s0@group-A7C5DBE940E2:t5, leader=null, voted=s0, raftlog=s0@group-A7C5DBE940E2-SegmentedRaftLog:OPENED:c-1,f-1,i0, conf=-1: [s3:0.0.0.0:38312, s4:0.0.0.0:41737, s0:0.0.0.0:41019, s1:0.0.0.0:38816, s2:0.0.0.0:40694], old=null
2019-09-24 16:48:17,009 INFO  logging.LoggingHandler (AbstractInternalLogger.java:log(150)) - [id: 0xec48d4a4, L:/0.0.0.0:38816] READ COMPLETE
2019-09-24 16:48:17,007 INFO  impl.LeaderElection (LeaderElection.java:logAndReturn(56)) - s4@group-A7C5DBE940E2-LeaderElection24: Election DISCOVERED_A_NEW_TERM; received 1 response(s) [s4<-s0#0:FAIL-t5] and 0 exception(s); s4@group-A7C5DBE940E2:t5, leader=null, voted=null, raftlog=s4@group-A7C5DBE940E2-SegmentedRaftLog:OPENED:c-1,f-1,i0, conf=-1: [s3:0.0.0.0:38312, s4:0.0.0.0:41737, s0:0.0.0.0:41019, s1:0.0.0.0:38816, s2:0.0.0.0:40694], old=null
2019-09-24 16:48:17,007 DEBUG impl.RaftServerImpl (RaftServerImpl.java:requestVote(743)) - s2@group-A7C5DBE940E2: receive requestVote(s4, group-A7C5DBE940E2, 4, (t:0, i:0))
2019-09-24 16:48:17,007 DEBUG impl.RaftServerImpl (RaftServerImpl.java:requestVote(775)) - s3@group-A7C5DBE940E2 replies to vote request: s4<-s3#0:FAIL-t5. Peer's state: s3@group-A7C5DBE940E2:t5, leader=null, voted=s3, raftlog=s3@group-A7C5DBE940E2-SegmentedRaftLog:OPENED:c-1,f-1,i0, conf=-1: [s3:0.0.0.0:38312, s4:0.0.0.0:41737, s0:0.0.0.0:41019, s1:0.0.0.0:38816, s2:0.0.0.0:40694], old=null
2019-09-24 16:48:17,007 INFO  impl.RoleInfo (RoleInfo.java:updateAndGet(143)) - s4: start FollowerState
2019-09-24 16:48:17,006 INFO  impl.LeaderElection (LeaderElection.java:logAndReturn(56)) - s3@group-A7C5DBE940E2-LeaderElection19: Election REJECTED; received 0 response(s) [] and 0 exception(s); s3@group-A7C5DBE940E2:t5, leader=null, voted=s3, raftlog=s3@group-A7C5DBE940E2-SegmentedRaftLog:OPENED:c-1,f-1,i0, conf=-1: [s3:0.0.0.0:38312, s4:0.0.0.0:41737, s0:0.0.0.0:41019, s1:0.0.0.0:38816, s2:0.0.0.0:40694], old=null
2019-09-24 16:48:17,006 INFO  impl.LeaderElection (LeaderElection.java:logAndReturn(56)) - s3@group-A7C5DBE940E2-LeaderElection21: Election REJECTED; received 0 response(s) [] and 0 exception(s); s3@group-A7C5DBE940E2:t5, leader=null, voted=s3, raftlog=s3@group-A7C5DBE940E2-SegmentedRaftLog:OPENED:c-1,f-1,i0, conf=-1: [s3:0.0.0.0:38312, s4:0.0.0.0:41737, s0:0.0.0.0:41019, s1:0.0.0.0:38816, s2:0.0.0.0:40694], old=null
2019-09-24 16:48:17,004 INFO  logging.LoggingHandler (AbstractInternalLogger.java:log(150)) - [id: 0x7a134672, L:/0.0.0.0:41737] READ COMPLETE
2019-09-24 16:48:17,004 DEBUG impl.RaftServerImpl (RaftServerImpl.java:requestVote(743)) - s1@group-A7C5DBE940E2: receive requestVote(s4, group-A7C5DBE940E2, 4, (t:0, i:0))
2019-09-24 16:48:17,004 INFO  logging.LoggingHandler (AbstractInternalLogger.java:log(150)) - [id: 0x0fe9f243, L:/0.0.0.0:40694] READ COMPLETE
2019-09-24 16:48:17,003 DEBUG impl.RaftServerImpl (RaftServerImpl.java:requestVote(743)) - s3@group-A7C5DBE940E2: receive requestVote(s2, group-A7C5DBE940E2, 3, (t:0, i:0))
2019-09-24 16:48:17,011 INFO  logging.LoggingHandler (AbstractInternalLogger.java:log(150)) - [id: 0x0fe9f243, L:/0.0.0.0:40694] READ: [id: 0xd64d9258, L:/192.168.5.142:40694 - R:/192.168.5.142:40204]
2019-09-24 16:48:17,011 DEBUG impl.RaftServerImpl (RaftServerImpl.java:requestVote(775)) - s1@group-A7C5DBE940E2 replies to vote request: s4<-s1#0:FAIL-t5. Peer's state: s1@group-A7C5DBE940E2:t5, leader=null, voted=s1, raftlog=s1@group-A7C5DBE940E2-SegmentedRaftLog:OPENED:c-1,f-1,i0, conf=-1: [s3:0.0.0.0:38312, s4:0.0.0.0:41737, s0:0.0.0.0:41019, s1:0.0.0.0:38816, s2:0.0.0.0:40694], old=null
2019-09-24 16:48:17,010 DEBUG impl.RaftServerImpl (RaftServerImpl.java:requestVote(743)) - s3@group-A7C5DBE940E2: receive requestVote(s4, group-A7C5DBE940E2, 3, (t:0, i:0))
2019-09-24 16:48:17,010 DEBUG impl.RaftServerImpl (RaftServerImpl.java:requestVote(743)) - s1@group-A7C5DBE940E2: receive requestVote(s3, group-A7C5DBE940E2, 3, (t:0, i:0))
2019-09-24 16:48:17,009 DEBUG impl.RaftServerImpl (RaftServerImpl.java:requestVote(743)) - s0@group-A7C5DBE940E2: receive requestVote(s3, group-A7C5DBE940E2, 3, (t:0, i:0))
2019-09-24 16:48:17,008 DEBUG impl.RaftServerImpl (RaftServerImpl.java:requestVote(743)) - s2@group-A7C5DBE940E2: receive requestVote(s1, group-A7C5DBE940E2, 5, (t:0, i:0))
2019-09-24 16:48:17,008 INFO  impl.RaftServerImpl (RaftServerImpl.java:setRole(170)) - s2@group-A7C5DBE940E2: changes role from CANDIDATE to FOLLOWER at term 5 for recognizeCandidate:s0
2019-09-24 16:48:17,013 INFO  impl.RoleInfo (RoleInfo.java:shutdownLeaderElection(134)) - s2: shutdown LeaderElection
2019-09-24 16:48:17,012 DEBUG impl.RaftServerImpl (RaftServerImpl.java:requestVote(775)) - s0@group-A7C5DBE940E2 replies to vote request: s3<-s0#0:FAIL-t5. Peer's state: s0@group-A7C5DBE940E2:t5, leader=null, voted=s0, raftlog=s0@group-A7C5DBE940E2-SegmentedRaftLog:OPENED:c-1,f-1,i0, conf=-1: [s3:0.0.0.0:38312, s4:0.0.0.0:41737, s0:0.0.0.0:41019, s1:0.0.0.0:38816, s2:0.0.0.0:40694], old=null
2019-09-24 16:48:17,012 DEBUG impl.RaftServerImpl (RaftServerImpl.java:requestVote(775)) - s1@group-A7C5DBE940E2 replies to vote request: s3<-s1#0:FAIL-t5. Peer's state: s1@group-A7C5DBE940E2:t5, leader=null, voted=s1, raftlog=s1@group-A7C5DBE940E2-SegmentedRaftLog:OPENED:c-1,f-1,i0, conf=-1: [s3:0.0.0.0:38312, s4:0.0.0.0:41737, s0:0.0.0.0:41019, s1:0.0.0.0:38816, s2:0.0.0.0:40694], old=null
2019-09-24 16:48:17,011 INFO  logging.LoggingHandler (AbstractInternalLogger.java:log(150)) - [id: 0x0fe9f243, L:/0.0.0.0:40694] READ COMPLETE
2019-09-24 16:48:17,011 DEBUG impl.RaftServerImpl (RaftServerImpl.java:requestVote(775)) - s3@group-A7C5DBE940E2 replies to vote request: s2<-s3#0:FAIL-t5. Peer's state: s3@group-A7C5DBE940E2:t5, leader=null, voted=s3, raftlog=s3@group-A7C5DBE940E2-SegmentedRaftLog:OPENED:c-1,f-1,i0, conf=-1: [s3:0.0.0.0:38312, s4:0.0.0.0:41737, s0:0.0.0.0:41019, s1:0.0.0.0:38816, s2:0.0.0.0:40694], old=null
2019-09-24 16:48:17,014 DEBUG impl.RaftServerImpl (RaftServerImpl.java:requestVote(743)) - s1@group-A7C5DBE940E2: receive requestVote(s3, group-A7C5DBE940E2, 5, (t:0, i:0))
2019-09-24 16:48:17,014 DEBUG impl.RaftServerImpl (RaftServerImpl.java:requestVote(743)) - s0@group-A7C5DBE940E2: receive requestVote(s3, group-A7C5DBE940E2, 4, (t:0, i:0))
2019-09-24 16:48:17,013 INFO  impl.RoleInfo (RoleInfo.java:updateAndGet(143)) - s2: start FollowerState
2019-09-24 16:48:17,015 DEBUG impl.RaftServerImpl (RaftServerImpl.java:requestVote(775)) - s0@group-A7C5DBE940E2 replies to vote request: s3<-s0#0:FAIL-t5. Peer's state: s0@group-A7C5DBE940E2:t5, leader=null, voted=s0, raftlog=s0@group-A7C5DBE940E2-SegmentedRaftLog:OPENED:c-1,f-1,i0, conf=-1: [s3:0.0.0.0:38312, s4:0.0.0.0:41737, s0:0.0.0.0:41019, s1:0.0.0.0:38816, s2:0.0.0.0:40694], old=null
2019-09-24 16:48:17,015 DEBUG impl.RaftServerImpl (RaftServerImpl.java:requestVote(775)) - s1@group-A7C5DBE940E2 replies to vote request: s3<-s1#0:FAIL-t5. Peer's state: s1@group-A7C5DBE940E2:t5, leader=null, voted=s1, raftlog=s1@group-A7C5DBE940E2-SegmentedRaftLog:OPENED:c-1,f-1,i0, conf=-1: [s3:0.0.0.0:38312, s4:0.0.0.0:41737, s0:0.0.0.0:41019, s1:0.0.0.0:38816, s2:0.0.0.0:40694], old=null
2019-09-24 16:48:17,014 DEBUG impl.RaftServerImpl (RaftServerImpl.java:requestVote(743)) - s3@group-A7C5DBE940E2: receive requestVote(s2, group-A7C5DBE940E2, 4, (t:0, i:0))
2019-09-24 16:48:17,014 DEBUG impl.RaftServerImpl (RaftServerImpl.java:requestVote(775)) - s3@group-A7C5DBE940E2 replies to vote request: s4<-s3#0:FAIL-t5. Peer's state: s3@group-A7C5DBE940E2:t5, leader=null, voted=s3, raftlog=s3@group-A7C5DBE940E2-SegmentedRaftLog:OPENED:c-1,f-1,i0, conf=-1: [s3:0.0.0.0:38312, s4:0.0.0.0:41737, s0:0.0.0.0:41019, s1:0.0.0.0:38816, s2:0.0.0.0:40694], old=null
2019-09-24 16:48:17,016 DEBUG impl.RaftServerImpl (RaftServerImpl.java:requestVote(743)) - s1@group-A7C5DBE940E2: receive requestVote(s3, group-A7C5DBE940E2, 4, (t:0, i:0))
2019-09-24 16:48:17,015 DEBUG impl.RaftServerImpl (RaftServerImpl.java:requestVote(743)) - s0@group-A7C5DBE940E2: receive requestVote(s3, group-A7C5DBE940E2, 5, (t:0, i:0))
2019-09-24 16:48:17,016 DEBUG impl.RaftServerImpl (RaftServerImpl.java:requestVote(775)) - s1@group-A7C5DBE940E2 replies to vote request: s3<-s1#0:FAIL-t5. Peer's state: s1@group-A7C5DBE940E2:t5, leader=null, voted=s1, raftlog=s1@group-A7C5DBE940E2-SegmentedRaftLog:OPENED:c-1,f-1,i0, conf=-1: [s3:0.0.0.0:38312, s4:0.0.0.0:41737, s0:0.0.0.0:41019, s1:0.0.0.0:38816, s2:0.0.0.0:40694], old=null
2019-09-24 16:48:17,016 DEBUG impl.RaftServerImpl (RaftServerImpl.java:requestVote(775)) - s3@group-A7C5DBE940E2 replies to vote request: s2<-s3#0:FAIL-t5. Peer's state: s3@group-A7C5DBE940E2:t5, leader=null, voted=s3, raftlog=s3@group-A7C5DBE940E2-SegmentedRaftLog:OPENED:c-1,f-1,i0, conf=-1: [s3:0.0.0.0:38312, s4:0.0.0.0:41737, s0:0.0.0.0:41019, s1:0.0.0.0:38816, s2:0.0.0.0:40694], old=null
2019-09-24 16:48:17,017 DEBUG impl.RaftServerImpl (RaftServerImpl.java:requestVote(775)) - s0@group-A7C5DBE940E2 replies to vote request: s3<-s0#0:FAIL-t5. Peer's state: s0@group-A7C5DBE940E2:t5, leader=null, voted=s0, raftlog=s0@group-A7C5DBE940E2-SegmentedRaftLog:OPENED:c-1,f-1,i0, conf=-1: [s3:0.0.0.0:38312, s4:0.0.0.0:41737, s0:0.0.0.0:41019, s1:0.0.0.0:38816, s2:0.0.0.0:40694], old=null
2019-09-24 16:48:17,140 INFO  impl.LeaderElection (LeaderElection.java:logAndReturn(56)) - s0@group-A7C5DBE940E2-LeaderElection17: Election TIMEOUT; received 2 response(s) [s0<-s3#0:FAIL-t5, s0<-s1#0:FAIL-t5] and 0 exception(s); s0@group-A7C5DBE940E2:t5, leader=null, voted=s0, raftlog=s0@group-A7C5DBE940E2-SegmentedRaftLog:OPENED:c-1,f-1,i0, conf=-1: [s3:0.0.0.0:38312, s4:0.0.0.0:41737, s0:0.0.0.0:41019, s1:0.0.0.0:38816, s2:0.0.0.0:40694], old=null
2019-09-24 16:48:17,170 INFO  impl.LeaderElection (LeaderElection.java:logAndReturn(56)) - s3@group-A7C5DBE940E2-LeaderElection22: Election TIMEOUT; received 2 response(s) [s3<-s0#0:FAIL-t5, s3<-s1#0:FAIL-t5] and 0 exception(s); s3@group-A7C5DBE940E2:t5, leader=null, voted=s3, raftlog=s3@group-A7C5DBE940E2-SegmentedRaftLog:OPENED:c-1,f-1,i0, conf=-1: [s3:0.0.0.0:38312, s4:0.0.0.0:41737, s0:0.0.0.0:41019, s1:0.0.0.0:38816, s2:0.0.0.0:40694], old=null
2019-09-24 16:48:17,242 INFO  impl.LeaderElection (LeaderElection.java:logAndReturn(56)) - s1@group-A7C5DBE940E2-LeaderElection16: Election TIMEOUT; received 2 response(s) [s1<-s3#0:FAIL-t5, s1<-s0#0:FAIL-t5] and 0 exception(s); s1@group-A7C5DBE940E2:t5, leader=null, voted=s1, raftlog=s1@group-A7C5DBE940E2-SegmentedRaftLog:OPENED:c-1,f-1,i0, conf=-1: [s3:0.0.0.0:38312, s4:0.0.0.0:41737, s0:0.0.0.0:41019, s1:0.0.0.0:38816, s2:0.0.0.0:40694], old=null
2019-09-24 16:48:17,397 WARN  ratis.RaftTestUtil (JavaUtils.java:attempt(158)) - FAILED "waitForLeader-group-A7C5DBE940E2-(expectLeader? true)", attempt #72/100: java.lang.IllegalStateException: No leader yet  for group-A7C5DBE940E2: printing group-A7C5DBE940E2
  s3:  RUNNING [
   FOLLOWER s3@group-FEE41E240123:t0, leader=null, voted=null, raftlog=s3@group-FEE41E240123-SegmentedRaftLog:OPENED:c-1,f-1,i0, conf=-1: [], old=null STARTING
  CANDIDATE s3@group-A7C5DBE940E2:t6, leader=null, voted=s3, raftlog=s3@group-A7C5DBE940E2-SegmentedRaftLog:OPENED:c-1,f-1,i0, conf=-1: [s3:0.0.0.0:38312, s4:0.0.0.0:41737, s0:0.0.0.0:41019, s1:0.0.0.0:38816, s2:0.0.0.0:40694], old=null RUNNING] size=2
  s4:  RUNNING [
   FOLLOWER s4@group-FEE41E240123:t0, leader=null, voted=null, raftlog=s4@group-FEE41E240123-SegmentedRaftLog:OPENED:c-1,f-1,i0, conf=-1: [], old=null STARTING
   FOLLOWER s4@group-A7C5DBE940E2:t5, leader=null, voted=null, raftlog=s4@group-A7C5DBE940E2-SegmentedRaftLog:OPENED:c-1,f-1,i0, conf=-1: [s3:0.0.0.0:38312, s4:0.0.0.0:41737, s0:0.0.0.0:41019, s1:0.0.0.0:38816, s2:0.0.0.0:40694], old=null RUNNING] size=2
  s0:  RUNNING [
   FOLLOWER s0@group-FEE41E240123:t0, leader=null, voted=null, raftlog=s0@group-FEE41E240123-SegmentedRaftLog:OPENED:c-1,f-1,i0, conf=-1: [], old=null STARTING
  CANDIDATE s0@group-A7C5DBE940E2:t6, leader=null, voted=s0, raftlog=s0@group-A7C5DBE940E2-SegmentedRaftLog:OPENED:c-1,f-1,i0, conf=-1: [s3:0.0.0.0:38312, s4:0.0.0.0:41737, s0:0.0.0.0:41019, s1:0.0.0.0:38816, s2:0.0.0.0:40694], old=null RUNNING] size=2
  s1:  RUNNING [
   FOLLOWER s1@group-FEE41E240123:t0, leader=null, voted=null, raftlog=s1@group-FEE41E240123-SegmentedRaftLog:OPENED:c-1,f-1,i0, conf=-1: [], old=null STARTING
  CANDIDATE s1@group-A7C5DBE940E2:t6, leader=null, voted=s1, raftlog=s1@group-A7C5DBE940E2-SegmentedRaftLog:OPENED:c-1,f-1,i0, conf=-1: [s3:0.0.0.0:38312, s4:0.0.0.0:41737, s0:0.0.0.0:41019, s1:0.0.0.0:38816, s2:0.0.0.0:40694], old=null RUNNING] size=2
  s2:  RUNNING [
   FOLLOWER s2@group-FEE41E240123:t0, leader=null, voted=null, raftlog=s2@group-FEE41E240123-SegmentedRaftLog:OPENED:c-1,f-1,i0, conf=-1: [], old=null STARTING
   FOLLOWER s2@group-A7C5DBE940E2:t5, leader=null, voted=null, raftlog=s2@group-A7C5DBE940E2-SegmentedRaftLog:OPENED:c-1,f-1,i0, conf=-1: [s3:0.0.0.0:38312, s4:0.0.0.0:41737, s0:0.0.0.0:41019, s1:0.0.0.0:38816, s2:0.0.0.0:40694], old=null RUNNING] size=2, sleep 450ms and then retry.
java.lang.IllegalStateException: No leader yet  for group-A7C5DBE940E2: printing group-A7C5DBE940E2
  s3:  RUNNING [
   FOLLOWER s3@group-FEE41E240123:t0, leader=null, voted=null, raftlog=s3@group-FEE41E240123-SegmentedRaftLog:OPENED:c-1,f-1,i0, conf=-1: [], old=null STARTING
  CANDIDATE s3@group-A7C5DBE940E2:t6, leader=null, voted=s3, raftlog=s3@group-A7C5DBE940E2-SegmentedRaftLog:OPENED:c-1,f-1,i0, conf=-1: [s3:0.0.0.0:38312, s4:0.0.0.0:41737, s0:0.0.0.0:41019, s1:0.0.0.0:38816, s2:0.0.0.0:40694], old=null RUNNING] size=2
  s4:  RUNNING [
   FOLLOWER s4@group-FEE41E240123:t0, leader=null, voted=null, raftlog=s4@group-FEE41E240123-SegmentedRaftLog:OPENED:c-1,f-1,i0, conf=-1: [], old=null STARTING
   FOLLOWER s4@group-A7C5DBE940E2:t5, leader=null, voted=null, raftlog=s4@group-A7C5DBE940E2-SegmentedRaftLog:OPENED:c-1,f-1,i0, conf=-1: [s3:0.0.0.0:38312, s4:0.0.0.0:41737, s0:0.0.0.0:41019, s1:0.0.0.0:38816, s2:0.0.0.0:40694], old=null RUNNING] size=2
  s0:  RUNNING [
   FOLLOWER s0@group-FEE41E240123:t0, leader=null, voted=null, raftlog=s0@group-FEE41E240123-SegmentedRaftLog:OPENED:c-1,f-1,i0, conf=-1: [], old=null STARTING
  CANDIDATE s0@group-A7C5DBE940E2:t6, leader=null, voted=s0, raftlog=s0@group-A7C5DBE940E2-SegmentedRaftLog:OPENED:c-1,f-1,i0, conf=-1: [s3:0.0.0.0:38312, s4:0.0.0.0:41737, s0:0.0.0.0:41019, s1:0.0.0.0:38816, s2:0.0.0.0:40694], old=null RUNNING] size=2
  s1:  RUNNING [
   FOLLOWER s1@group-FEE41E240123:t0, leader=null, voted=null, raftlog=s1@group-FEE41E240123-SegmentedRaftLog:OPENED:c-1,f-1,i0, conf=-1: [], old=null STARTING
  CANDIDATE s1@group-A7C5DBE940E2:t6, leader=null, voted=s1, raftlog=s1@group-A7C5DBE940E2-SegmentedRaftLog:OPENED:c-1,f-1,i0, conf=-1: [s3:0.0.0.0:38312, s4:0.0.0.0:41737, s0:0.0.0.0:41019, s1:0.0.0.0:38816, s2:0.0.0.0:40694], old=null RUNNING] size=2
  s2:  RUNNING [
   FOLLOWER s2@group-FEE41E240123:t0, leader=null, voted=null, raftlog=s2@group-FEE41E240123-SegmentedRaftLog:OPENED:c-1,f-1,i0, conf=-1: [], old=null STARTING
   FOLLOWER s2@group-A7C5DBE940E2:t5, leader=null, voted=null, raftlog=s2@group-A7C5DBE940E2-SegmentedRaftLog:OPENED:c-1,f-1,i0, conf=-1: [s3:0.0.0.0:38312, s4:0.0.0.0:41737, s0:0.0.0.0:41019, s1:0.0.0.0:38816, s2:0.0.0.0:40694], old=null RUNNING] size=2
	at org.apache.ratis.MiniRaftCluster.newIllegalStateExceptionForNoLeaders(MiniRaftCluster.java:506)
	at org.apache.ratis.RaftTestUtil.lambda$waitForLeader$1(RaftTestUtil.java:90)
	at org.apache.ratis.MiniRaftCluster.getLeader(MiniRaftCluster.java:539)
	at org.apache.ratis.MiniRaftCluster.getLeader(MiniRaftCluster.java:532)
	at org.apache.ratis.RaftTestUtil.lambda$waitForLeader$3(RaftTestUtil.java:98)
	at org.apache.ratis.util.JavaUtils.attempt(JavaUtils.java:152)
	at org.apache.ratis.RaftTestUtil.waitForLeader(RaftTestUtil.java:97)
	at org.apache.ratis.RaftTestUtil.waitForLeader(RaftTestUtil.java:77)
	at org.apache.ratis.server.impl.GroupManagementBaseTest.runMultiGroupTest(GroupManagementBaseTest.java:175)
	at org.apache.ratis.server.impl.GroupManagementBaseTest.runMultiGroupTest(GroupManagementBaseTest.java:126)
	at org.apache.ratis.server.impl.GroupManagementBaseTest.testMultiGroup9Nodes(GroupManagementBaseTest.java:121)
	at sun.reflect.NativeMethodAccessorImpl.invoke0(Native Method)
	at sun.reflect.NativeMethodAccessorImpl.invoke(NativeMethodAccessorImpl.java:62)
	at sun.reflect.DelegatingMethodAccessorImpl.invoke(DelegatingMethodAccessorImpl.java:43)
	at java.lang.reflect.Method.invoke(Method.java:498)
	at org.junit.runners.model.FrameworkMethod$1.runReflectiveCall(FrameworkMethod.java:50)
	at org.junit.internal.runners.model.ReflectiveCallable.run(ReflectiveCallable.java:12)
	at org.junit.runners.model.FrameworkMethod.invokeExplosively(FrameworkMethod.java:47)
	at org.junit.internal.runners.statements.InvokeMethod.evaluate(InvokeMethod.java:17)
	at org.junit.internal.runners.statements.RunAfters.evaluate(RunAfters.java:27)
	at org.junit.internal.runners.statements.FailOnTimeout$CallableStatement.call(FailOnTimeout.java:298)
	at org.junit.internal.runners.statements.FailOnTimeout$CallableStatement.call(FailOnTimeout.java:292)
	at java.util.concurrent.FutureTask.run(FutureTask.java:266)
	at java.lang.Thread.run(Thread.java:748)
2019-09-24 16:48:17,784 INFO  impl.LeaderElection (LeaderElection.java:askForVotes(178)) - s1@group-A7C5DBE940E2-LeaderElection16: begin an election at term 6 for -1: [s3:0.0.0.0:38312, s4:0.0.0.0:41737, s0:0.0.0.0:41019, s1:0.0.0.0:38816, s2:0.0.0.0:40694], old=null
2019-09-24 16:48:17,784 INFO  impl.LeaderElection (LeaderElection.java:askForVotes(178)) - s3@group-A7C5DBE940E2-LeaderElection22: begin an election at term 6 for -1: [s3:0.0.0.0:38312, s4:0.0.0.0:41737, s0:0.0.0.0:41019, s1:0.0.0.0:38816, s2:0.0.0.0:40694], old=null
2019-09-24 16:48:17,784 INFO  impl.LeaderElection (LeaderElection.java:askForVotes(178)) - s0@group-A7C5DBE940E2-LeaderElection17: begin an election at term 6 for -1: [s3:0.0.0.0:38312, s4:0.0.0.0:41737, s0:0.0.0.0:41019, s1:0.0.0.0:38816, s2:0.0.0.0:40694], old=null
2019-09-24 16:48:17,784 DEBUG impl.RaftServerImpl (RaftServerImpl.java:requestVote(775)) - s2@group-A7C5DBE940E2 replies to vote request: s0<-s2#0:FAIL-t5. Peer's state: s2@group-A7C5DBE940E2:t5, leader=null, voted=null, raftlog=s2@group-A7C5DBE940E2-SegmentedRaftLog:OPENED:c-1,f-1,i0, conf=-1: [s3:0.0.0.0:38312, s4:0.0.0.0:41737, s0:0.0.0.0:41019, s1:0.0.0.0:38816, s2:0.0.0.0:40694], old=null
2019-09-24 16:48:17,784 DEBUG impl.RaftServerImpl (RaftServerImpl.java:requestVote(775)) - s4@group-A7C5DBE940E2 replies to vote request: s0<-s4#0:FAIL-t5. Peer's state: s4@group-A7C5DBE940E2:t5, leader=null, voted=null, raftlog=s4@group-A7C5DBE940E2-SegmentedRaftLog:OPENED:c-1,f-1,i0, conf=-1: [s3:0.0.0.0:38312, s4:0.0.0.0:41737, s0:0.0.0.0:41019, s1:0.0.0.0:38816, s2:0.0.0.0:40694], old=null
2019-09-24 16:48:17,787 INFO  impl.FollowerState (FollowerState.java:run(108)) - s2@group-A7C5DBE940E2-FollowerState: change to CANDIDATE, lastRpcTime:773ms, electionTimeout:228ms
2019-09-24 16:48:17,787 DEBUG impl.RaftServerImpl (RaftServerImpl.java:requestVote(743)) - s2@group-A7C5DBE940E2: receive requestVote(s3, group-A7C5DBE940E2, 4, (t:0, i:0))
2019-09-24 16:48:17,787 INFO  impl.FollowerState (FollowerState.java:run(108)) - s4@group-A7C5DBE940E2-FollowerState: change to CANDIDATE, lastRpcTime:780ms, electionTimeout:233ms
2019-09-24 16:48:17,788 DEBUG impl.RaftServerImpl (RaftServerImpl.java:requestVote(743)) - s3@group-A7C5DBE940E2: receive requestVote(s0, group-A7C5DBE940E2, 6, (t:0, i:0))
2019-09-24 16:48:17,788 DEBUG impl.RaftServerImpl (RaftServerImpl.java:requestVote(743)) - s4@group-A7C5DBE940E2: receive requestVote(s2, group-A7C5DBE940E2, 3, (t:0, i:0))
2019-09-24 16:48:17,789 DEBUG impl.RaftServerImpl (RaftServerImpl.java:requestVote(743)) - s0@group-A7C5DBE940E2: receive requestVote(s1, group-A7C5DBE940E2, 6, (t:0, i:0))
2019-09-24 16:48:17,787 DEBUG impl.RaftServerImpl (RaftServerImpl.java:requestVote(743)) - s3@group-A7C5DBE940E2: receive requestVote(s1, group-A7C5DBE940E2, 6, (t:0, i:0))
2019-09-24 16:48:17,787 INFO  impl.RoleInfo (RoleInfo.java:shutdownFollowerState(121)) - s2: shutdown FollowerState
2019-09-24 16:48:17,790 DEBUG impl.RaftServerImpl (RaftServerImpl.java:requestVote(743)) - s1@group-A7C5DBE940E2: receive requestVote(s0, group-A7C5DBE940E2, 6, (t:0, i:0))
2019-09-24 16:48:17,789 DEBUG impl.RaftServerImpl (RaftServerImpl.java:requestVote(743)) - s1@group-A7C5DBE940E2: receive requestVote(s4, group-A7C5DBE940E2, 3, (t:0, i:0))
2019-09-24 16:48:17,789 DEBUG impl.RaftServerImpl (RaftServerImpl.java:requestVote(775)) - s0@group-A7C5DBE940E2 replies to vote request: s1<-s0#0:FAIL-t6. Peer's state: s0@group-A7C5DBE940E2:t6, leader=null, voted=s0, raftlog=s0@group-A7C5DBE940E2-SegmentedRaftLog:OPENED:c-1,f-1,i0, conf=-1: [s3:0.0.0.0:38312, s4:0.0.0.0:41737, s0:0.0.0.0:41019, s1:0.0.0.0:38816, s2:0.0.0.0:40694], old=null
2019-09-24 16:48:17,789 DEBUG impl.RaftServerImpl (RaftServerImpl.java:requestVote(743)) - s0@group-A7C5DBE940E2: receive requestVote(s3, group-A7C5DBE940E2, 6, (t:0, i:0))
2019-09-24 16:48:17,788 DEBUG impl.RaftServerImpl (RaftServerImpl.java:requestVote(775)) - s3@group-A7C5DBE940E2 replies to vote request: s0<-s3#0:FAIL-t6. Peer's state: s3@group-A7C5DBE940E2:t6, leader=null, voted=s3, raftlog=s3@group-A7C5DBE940E2-SegmentedRaftLog:OPENED:c-1,f-1,i0, conf=-1: [s3:0.0.0.0:38312, s4:0.0.0.0:41737, s0:0.0.0.0:41019, s1:0.0.0.0:38816, s2:0.0.0.0:40694], old=null
2019-09-24 16:48:17,788 INFO  impl.RoleInfo (RoleInfo.java:shutdownFollowerState(121)) - s4: shutdown FollowerState
2019-09-24 16:48:17,792 DEBUG impl.RaftServerImpl (RaftServerImpl.java:requestVote(775)) - s3@group-A7C5DBE940E2 replies to vote request: s1<-s3#0:FAIL-t6. Peer's state: s3@group-A7C5DBE940E2:t6, leader=null, voted=s3, raftlog=s3@group-A7C5DBE940E2-SegmentedRaftLog:OPENED:c-1,f-1,i0, conf=-1: [s3:0.0.0.0:38312, s4:0.0.0.0:41737, s0:0.0.0.0:41019, s1:0.0.0.0:38816, s2:0.0.0.0:40694], old=null
2019-09-24 16:48:17,791 DEBUG impl.RaftServerImpl (RaftServerImpl.java:requestVote(775)) - s0@group-A7C5DBE940E2 replies to vote request: s3<-s0#0:FAIL-t6. Peer's state: s0@group-A7C5DBE940E2:t6, leader=null, voted=s0, raftlog=s0@group-A7C5DBE940E2-SegmentedRaftLog:OPENED:c-1,f-1,i0, conf=-1: [s3:0.0.0.0:38312, s4:0.0.0.0:41737, s0:0.0.0.0:41019, s1:0.0.0.0:38816, s2:0.0.0.0:40694], old=null
2019-09-24 16:48:17,791 INFO  logging.LoggingHandler (AbstractInternalLogger.java:log(150)) - [id: 0x774b134f, L:/0.0.0.0:41019] READ: [id: 0x6d3e2451, L:/192.168.5.142:41019 - R:/192.168.5.142:36958]
2019-09-24 16:48:17,790 DEBUG impl.RaftServerImpl (RaftServerImpl.java:requestVote(775)) - s1@group-A7C5DBE940E2 replies to vote request: s0<-s1#0:FAIL-t6. Peer's state: s1@group-A7C5DBE940E2:t6, leader=null, voted=s1, raftlog=s1@group-A7C5DBE940E2-SegmentedRaftLog:OPENED:c-1,f-1,i0, conf=-1: [s3:0.0.0.0:38312, s4:0.0.0.0:41737, s0:0.0.0.0:41019, s1:0.0.0.0:38816, s2:0.0.0.0:40694], old=null
2019-09-24 16:48:17,790 DEBUG impl.RaftServerImpl (RaftServerImpl.java:requestVote(743)) - s1@group-A7C5DBE940E2: receive requestVote(s3, group-A7C5DBE940E2, 6, (t:0, i:0))
2019-09-24 16:48:17,790 INFO  impl.RaftServerImpl (RaftServerImpl.java:setRole(170)) - s2@group-A7C5DBE940E2: changes role from  FOLLOWER to CANDIDATE at term 5 for changeToCandidate
2019-09-24 16:48:17,793 DEBUG impl.RaftServerImpl (RaftServerImpl.java:requestVote(775)) - s1@group-A7C5DBE940E2 replies to vote request: s4<-s1#0:FAIL-t6. Peer's state: s1@group-A7C5DBE940E2:t6, leader=null, voted=s1, raftlog=s1@group-A7C5DBE940E2-SegmentedRaftLog:OPENED:c-1,f-1,i0, conf=-1: [s3:0.0.0.0:38312, s4:0.0.0.0:41737, s0:0.0.0.0:41019, s1:0.0.0.0:38816, s2:0.0.0.0:40694], old=null
2019-09-24 16:48:17,793 DEBUG impl.RaftServerImpl (RaftServerImpl.java:requestVote(743)) - s0@group-A7C5DBE940E2: receive requestVote(s2, group-A7C5DBE940E2, 3, (t:0, i:0))
2019-09-24 16:48:17,793 INFO  logging.LoggingHandler (AbstractInternalLogger.java:log(150)) - [id: 0x774b134f, L:/0.0.0.0:41019] READ COMPLETE
2019-09-24 16:48:17,792 INFO  impl.RaftServerImpl (RaftServerImpl.java:setRole(170)) - s4@group-A7C5DBE940E2: changes role from  FOLLOWER to CANDIDATE at term 5 for changeToCandidate
2019-09-24 16:48:17,794 DEBUG impl.RaftServerImpl (RaftServerImpl.java:requestVote(775)) - s0@group-A7C5DBE940E2 replies to vote request: s2<-s0#0:FAIL-t6. Peer's state: s0@group-A7C5DBE940E2:t6, leader=null, voted=s0, raftlog=s0@group-A7C5DBE940E2-SegmentedRaftLog:OPENED:c-1,f-1,i0, conf=-1: [s3:0.0.0.0:38312, s4:0.0.0.0:41737, s0:0.0.0.0:41019, s1:0.0.0.0:38816, s2:0.0.0.0:40694], old=null
2019-09-24 16:48:17,794 DEBUG impl.RaftServerImpl (RaftServerImpl.java:requestVote(775)) - s1@group-A7C5DBE940E2 replies to vote request: s3<-s1#0:FAIL-t6. Peer's state: s1@group-A7C5DBE940E2:t6, leader=null, voted=s1, raftlog=s1@group-A7C5DBE940E2-SegmentedRaftLog:OPENED:c-1,f-1,i0, conf=-1: [s3:0.0.0.0:38312, s4:0.0.0.0:41737, s0:0.0.0.0:41019, s1:0.0.0.0:38816, s2:0.0.0.0:40694], old=null
2019-09-24 16:48:17,794 INFO  impl.RoleInfo (RoleInfo.java:updateAndGet(143)) - s2: start LeaderElection
2019-09-24 16:48:17,795 INFO  impl.RoleInfo (RoleInfo.java:updateAndGet(143)) - s4: start LeaderElection
2019-09-24 16:48:17,796 INFO  impl.RaftServerImpl (RaftServerImpl.java:setRole(170)) - s2@group-A7C5DBE940E2: changes role from CANDIDATE to FOLLOWER at term 5 for recognizeCandidate:s1
2019-09-24 16:48:17,798 INFO  impl.RoleInfo (RoleInfo.java:shutdownLeaderElection(134)) - s2: shutdown LeaderElection
2019-09-24 16:48:17,799 INFO  impl.RoleInfo (RoleInfo.java:updateAndGet(143)) - s2: start FollowerState
2019-09-24 16:48:17,799 DEBUG impl.RaftServerImpl (RaftServerImpl.java:requestVote(775)) - s2@group-A7C5DBE940E2 replies to vote request: s1<-s2#0:FAIL-t5. Peer's state: s2@group-A7C5DBE940E2:t5, leader=null, voted=null, raftlog=s2@group-A7C5DBE940E2-SegmentedRaftLog:OPENED:c-1,f-1,i0, conf=-1: [s3:0.0.0.0:38312, s4:0.0.0.0:41737, s0:0.0.0.0:41019, s1:0.0.0.0:38816, s2:0.0.0.0:40694], old=null
2019-09-24 16:48:17,799 DEBUG impl.RaftServerImpl (RaftServerImpl.java:requestVote(775)) - s2@group-A7C5DBE940E2 replies to vote request: s4<-s2#0:FAIL-t5. Peer's state: s2@group-A7C5DBE940E2:t5, leader=null, voted=null, raftlog=s2@group-A7C5DBE940E2-SegmentedRaftLog:OPENED:c-1,f-1,i0, conf=-1: [s3:0.0.0.0:38312, s4:0.0.0.0:41737, s0:0.0.0.0:41019, s1:0.0.0.0:38816, s2:0.0.0.0:40694], old=null
2019-09-24 16:48:17,800 DEBUG impl.RaftServerImpl (RaftServerImpl.java:requestVote(743)) - s2@group-A7C5DBE940E2: receive requestVote(s1, group-A7C5DBE940E2, 6, (t:0, i:0))
2019-09-24 16:48:17,849 WARN  ratis.RaftTestUtil (JavaUtils.java:attempt(158)) - FAILED "waitForLeader-group-A7C5DBE940E2-(expectLeader? true)", attempt #73/100: java.lang.IllegalStateException: No leader yet  for group-A7C5DBE940E2: printing group-A7C5DBE940E2
  s3:  RUNNING [
   FOLLOWER s3@group-FEE41E240123:t0, leader=null, voted=null, raftlog=s3@group-FEE41E240123-SegmentedRaftLog:OPENED:c-1,f-1,i0, conf=-1: [], old=null STARTING
  CANDIDATE s3@group-A7C5DBE940E2:t6, leader=null, voted=s3, raftlog=s3@group-A7C5DBE940E2-SegmentedRaftLog:OPENED:c-1,f-1,i0, conf=-1: [s3:0.0.0.0:38312, s4:0.0.0.0:41737, s0:0.0.0.0:41019, s1:0.0.0.0:38816, s2:0.0.0.0:40694], old=null RUNNING] size=2
  s4:  RUNNING [
   FOLLOWER s4@group-FEE41E240123:t0, leader=null, voted=null, raftlog=s4@group-FEE41E240123-SegmentedRaftLog:OPENED:c-1,f-1,i0, conf=-1: [], old=null STARTING
  CANDIDATE s4@group-A7C5DBE940E2:t6, leader=null, voted=s4, raftlog=s4@group-A7C5DBE940E2-SegmentedRaftLog:OPENED:c-1,f-1,i0, conf=-1: [s3:0.0.0.0:38312, s4:0.0.0.0:41737, s0:0.0.0.0:41019, s1:0.0.0.0:38816, s2:0.0.0.0:40694], old=null RUNNING] size=2
  s0:  RUNNING [
   FOLLOWER s0@group-FEE41E240123:t0, leader=null, voted=null, raftlog=s0@group-FEE41E240123-SegmentedRaftLog:OPENED:c-1,f-1,i0, conf=-1: [], old=null STARTING
  CANDIDATE s0@group-A7C5DBE940E2:t6, leader=null, voted=s0, raftlog=s0@group-A7C5DBE940E2-SegmentedRaftLog:OPENED:c-1,f-1,i0, conf=-1: [s3:0.0.0.0:38312, s4:0.0.0.0:41737, s0:0.0.0.0:41019, s1:0.0.0.0:38816, s2:0.0.0.0:40694], old=null RUNNING] size=2
  s1:  RUNNING [
   FOLLOWER s1@group-FEE41E240123:t0, leader=null, voted=null, raftlog=s1@group-FEE41E240123-SegmentedRaftLog:OPENED:c-1,f-1,i0, conf=-1: [], old=null STARTING
  CANDIDATE s1@group-A7C5DBE940E2:t6, leader=null, voted=s1, raftlog=s1@group-A7C5DBE940E2-SegmentedRaftLog:OPENED:c-1,f-1,i0, conf=-1: [s3:0.0.0.0:38312, s4:0.0.0.0:41737, s0:0.0.0.0:41019, s1:0.0.0.0:38816, s2:0.0.0.0:40694], old=null RUNNING] size=2
  s2:  RUNNING [
   FOLLOWER s2@group-FEE41E240123:t0, leader=null, voted=null, raftlog=s2@group-FEE41E240123-SegmentedRaftLog:OPENED:c-1,f-1,i0, conf=-1: [], old=null STARTING
   FOLLOWER s2@group-A7C5DBE940E2:t6, leader=null, voted=s2, raftlog=s2@group-A7C5DBE940E2-SegmentedRaftLog:OPENED:c-1,f-1,i0, conf=-1: [s3:0.0.0.0:38312, s4:0.0.0.0:41737, s0:0.0.0.0:41019, s1:0.0.0.0:38816, s2:0.0.0.0:40694], old=null RUNNING] size=2, sleep 450ms and then retry.
java.lang.IllegalStateException: No leader yet  for group-A7C5DBE940E2: printing group-A7C5DBE940E2
  s3:  RUNNING [
   FOLLOWER s3@group-FEE41E240123:t0, leader=null, voted=null, raftlog=s3@group-FEE41E240123-SegmentedRaftLog:OPENED:c-1,f-1,i0, conf=-1: [], old=null STARTING
  CANDIDATE s3@group-A7C5DBE940E2:t6, leader=null, voted=s3, raftlog=s3@group-A7C5DBE940E2-SegmentedRaftLog:OPENED:c-1,f-1,i0, conf=-1: [s3:0.0.0.0:38312, s4:0.0.0.0:41737, s0:0.0.0.0:41019, s1:0.0.0.0:38816, s2:0.0.0.0:40694], old=null RUNNING] size=2
  s4:  RUNNING [
   FOLLOWER s4@group-FEE41E240123:t0, leader=null, voted=null, raftlog=s4@group-FEE41E240123-SegmentedRaftLog:OPENED:c-1,f-1,i0, conf=-1: [], old=null STARTING
  CANDIDATE s4@group-A7C5DBE940E2:t6, leader=null, voted=s4, raftlog=s4@group-A7C5DBE940E2-SegmentedRaftLog:OPENED:c-1,f-1,i0, conf=-1: [s3:0.0.0.0:38312, s4:0.0.0.0:41737, s0:0.0.0.0:41019, s1:0.0.0.0:38816, s2:0.0.0.0:40694], old=null RUNNING] size=2
  s0:  RUNNING [
   FOLLOWER s0@group-FEE41E240123:t0, leader=null, voted=null, raftlog=s0@group-FEE41E240123-SegmentedRaftLog:OPENED:c-1,f-1,i0, conf=-1: [], old=null STARTING
  CANDIDATE s0@group-A7C5DBE940E2:t6, leader=null, voted=s0, raftlog=s0@group-A7C5DBE940E2-SegmentedRaftLog:OPENED:c-1,f-1,i0, conf=-1: [s3:0.0.0.0:38312, s4:0.0.0.0:41737, s0:0.0.0.0:41019, s1:0.0.0.0:38816, s2:0.0.0.0:40694], old=null RUNNING] size=2
  s1:  RUNNING [
   FOLLOWER s1@group-FEE41E240123:t0, leader=null, voted=null, raftlog=s1@group-FEE41E240123-SegmentedRaftLog:OPENED:c-1,f-1,i0, conf=-1: [], old=null STARTING
  CANDIDATE s1@group-A7C5DBE940E2:t6, leader=null, voted=s1, raftlog=s1@group-A7C5DBE940E2-SegmentedRaftLog:OPENED:c-1,f-1,i0, conf=-1: [s3:0.0.0.0:38312, s4:0.0.0.0:41737, s0:0.0.0.0:41019, s1:0.0.0.0:38816, s2:0.0.0.0:40694], old=null RUNNING] size=2
  s2:  RUNNING [
   FOLLOWER s2@group-FEE41E240123:t0, leader=null, voted=null, raftlog=s2@group-FEE41E240123-SegmentedRaftLog:OPENED:c-1,f-1,i0, conf=-1: [], old=null STARTING
   FOLLOWER s2@group-A7C5DBE940E2:t6, leader=null, voted=s2, raftlog=s2@group-A7C5DBE940E2-SegmentedRaftLog:OPENED:c-1,f-1,i0, conf=-1: [s3:0.0.0.0:38312, s4:0.0.0.0:41737, s0:0.0.0.0:41019, s1:0.0.0.0:38816, s2:0.0.0.0:40694], old=null RUNNING] size=2
	at org.apache.ratis.MiniRaftCluster.newIllegalStateExceptionForNoLeaders(MiniRaftCluster.java:506)
	at org.apache.ratis.RaftTestUtil.lambda$waitForLeader$1(RaftTestUtil.java:90)
	at org.apache.ratis.MiniRaftCluster.getLeader(MiniRaftCluster.java:539)
	at org.apache.ratis.MiniRaftCluster.getLeader(MiniRaftCluster.java:532)
	at org.apache.ratis.RaftTestUtil.lambda$waitForLeader$3(RaftTestUtil.java:98)
	at org.apache.ratis.util.JavaUtils.attempt(JavaUtils.java:152)
	at org.apache.ratis.RaftTestUtil.waitForLeader(RaftTestUtil.java:97)
	at org.apache.ratis.RaftTestUtil.waitForLeader(RaftTestUtil.java:77)
	at org.apache.ratis.server.impl.GroupManagementBaseTest.runMultiGroupTest(GroupManagementBaseTest.java:175)
	at org.apache.ratis.server.impl.GroupManagementBaseTest.runMultiGroupTest(GroupManagementBaseTest.java:126)
	at org.apache.ratis.server.impl.GroupManagementBaseTest.testMultiGroup9Nodes(GroupManagementBaseTest.java:121)
	at sun.reflect.NativeMethodAccessorImpl.invoke0(Native Method)
	at sun.reflect.NativeMethodAccessorImpl.invoke(NativeMethodAccessorImpl.java:62)
	at sun.reflect.DelegatingMethodAccessorImpl.invoke(DelegatingMethodAccessorImpl.java:43)
	at java.lang.reflect.Method.invoke(Method.java:498)
	at org.junit.runners.model.FrameworkMethod$1.runReflectiveCall(FrameworkMethod.java:50)
	at org.junit.internal.runners.model.ReflectiveCallable.run(ReflectiveCallable.java:12)
	at org.junit.runners.model.FrameworkMethod.invokeExplosively(FrameworkMethod.java:47)
	at org.junit.internal.runners.statements.InvokeMethod.evaluate(InvokeMethod.java:17)
	at org.junit.internal.runners.statements.RunAfters.evaluate(RunAfters.java:27)
	at org.junit.internal.runners.statements.FailOnTimeout$CallableStatement.call(FailOnTimeout.java:298)
	at org.junit.internal.runners.statements.FailOnTimeout$CallableStatement.call(FailOnTimeout.java:292)
	at java.util.concurrent.FutureTask.run(FutureTask.java:266)
	at java.lang.Thread.run(Thread.java:748)
2019-09-24 16:48:17,960 INFO  impl.LeaderElection (LeaderElection.java:logAndReturn(56)) - s0@group-A7C5DBE940E2-LeaderElection17: Election TIMEOUT; received 2 response(s) [s0<-s3#0:FAIL-t6, s0<-s1#0:FAIL-t6] and 0 exception(s); s0@group-A7C5DBE940E2:t6, leader=null, voted=s0, raftlog=s0@group-A7C5DBE940E2-SegmentedRaftLog:OPENED:c-1,f-1,i0, conf=-1: [s3:0.0.0.0:38312, s4:0.0.0.0:41737, s0:0.0.0.0:41019, s1:0.0.0.0:38816, s2:0.0.0.0:40694], old=null
2019-09-24 16:48:17,985 INFO  impl.LeaderElection (LeaderElection.java:askForVotes(178)) - s2@group-A7C5DBE940E2-LeaderElection25: begin an election at term 6 for -1: [s3:0.0.0.0:38312, s4:0.0.0.0:41737, s0:0.0.0.0:41019, s1:0.0.0.0:38816, s2:0.0.0.0:40694], old=null
2019-09-24 16:48:17,987 INFO  impl.LeaderElection (LeaderElection.java:askForVotes(178)) - s0@group-A7C5DBE940E2-LeaderElection17: begin an election at term 7 for -1: [s3:0.0.0.0:38312, s4:0.0.0.0:41737, s0:0.0.0.0:41019, s1:0.0.0.0:38816, s2:0.0.0.0:40694], old=null
2019-09-24 16:48:17,986 DEBUG impl.RaftServerImpl (RaftServerImpl.java:requestVote(775)) - s2@group-A7C5DBE940E2 replies to vote request: s3<-s2#0:FAIL-t6. Peer's state: s2@group-A7C5DBE940E2:t6, leader=null, voted=s2, raftlog=s2@group-A7C5DBE940E2-SegmentedRaftLog:OPENED:c-1,f-1,i0, conf=-1: [s3:0.0.0.0:38312, s4:0.0.0.0:41737, s0:0.0.0.0:41019, s1:0.0.0.0:38816, s2:0.0.0.0:40694], old=null
2019-09-24 16:48:17,986 DEBUG impl.RaftServerImpl (RaftServerImpl.java:requestVote(775)) - s4@group-A7C5DBE940E2 replies to vote request: s3<-s4#0:FAIL-t6. Peer's state: s4@group-A7C5DBE940E2:t6, leader=null, voted=s4, raftlog=s4@group-A7C5DBE940E2-SegmentedRaftLog:OPENED:c-1,f-1,i0, conf=-1: [s3:0.0.0.0:38312, s4:0.0.0.0:41737, s0:0.0.0.0:41019, s1:0.0.0.0:38816, s2:0.0.0.0:40694], old=null
2019-09-24 16:48:17,985 INFO  impl.LeaderElection (LeaderElection.java:askForVotes(178)) - s4@group-A7C5DBE940E2-LeaderElection26: begin an election at term 6 for -1: [s3:0.0.0.0:38312, s4:0.0.0.0:41737, s0:0.0.0.0:41019, s1:0.0.0.0:38816, s2:0.0.0.0:40694], old=null
2019-09-24 16:48:17,988 DEBUG impl.RaftServerImpl (RaftServerImpl.java:requestVote(775)) - s4@group-A7C5DBE940E2 replies to vote request: s1<-s4#0:FAIL-t6. Peer's state: s4@group-A7C5DBE940E2:t6, leader=null, voted=s4, raftlog=s4@group-A7C5DBE940E2-SegmentedRaftLog:OPENED:c-1,f-1,i0, conf=-1: [s3:0.0.0.0:38312, s4:0.0.0.0:41737, s0:0.0.0.0:41019, s1:0.0.0.0:38816, s2:0.0.0.0:40694], old=null
2019-09-24 16:48:17,987 DEBUG impl.RaftServerImpl (RaftServerImpl.java:requestVote(775)) - s2@group-A7C5DBE940E2 replies to vote request: s1<-s2#0:FAIL-t6. Peer's state: s2@group-A7C5DBE940E2:t6, leader=null, voted=s2, raftlog=s2@group-A7C5DBE940E2-SegmentedRaftLog:OPENED:c-1,f-1,i0, conf=-1: [s3:0.0.0.0:38312, s4:0.0.0.0:41737, s0:0.0.0.0:41019, s1:0.0.0.0:38816, s2:0.0.0.0:40694], old=null
2019-09-24 16:48:17,989 DEBUG impl.RaftServerImpl (RaftServerImpl.java:requestVote(775)) - s4@group-A7C5DBE940E2 replies to vote request: s2<-s4#0:FAIL-t6. Peer's state: s4@group-A7C5DBE940E2:t6, leader=null, voted=s4, raftlog=s4@group-A7C5DBE940E2-SegmentedRaftLog:OPENED:c-1,f-1,i0, conf=-1: [s3:0.0.0.0:38312, s4:0.0.0.0:41737, s0:0.0.0.0:41019, s1:0.0.0.0:38816, s2:0.0.0.0:40694], old=null
2019-09-24 16:48:17,987 DEBUG impl.RaftServerImpl (RaftServerImpl.java:requestVote(743)) - s2@group-A7C5DBE940E2: receive requestVote(s3, group-A7C5DBE940E2, 5, (t:0, i:0))
2019-09-24 16:48:17,989 DEBUG impl.RaftServerImpl (RaftServerImpl.java:requestVote(743)) - s4@group-A7C5DBE940E2: receive requestVote(s2, group-A7C5DBE940E2, 4, (t:0, i:0))
2019-09-24 16:48:17,989 DEBUG impl.RaftServerImpl (RaftServerImpl.java:requestVote(743)) - s1@group-A7C5DBE940E2: receive requestVote(s0, group-A7C5DBE940E2, 7, (t:0, i:0))
2019-09-24 16:48:17,989 DEBUG impl.RaftServerImpl (RaftServerImpl.java:requestVote(743)) - s0@group-A7C5DBE940E2: receive requestVote(s2, group-A7C5DBE940E2, 4, (t:0, i:0))
2019-09-24 16:48:17,989 DEBUG impl.RaftServerImpl (RaftServerImpl.java:requestVote(743)) - s4@group-A7C5DBE940E2: receive requestVote(s1, group-A7C5DBE940E2, 6, (t:0, i:0))
2019-09-24 16:48:17,988 DEBUG impl.RaftServerImpl (RaftServerImpl.java:requestVote(743)) - s4@group-A7C5DBE940E2: receive requestVote(s3, group-A7C5DBE940E2, 5, (t:0, i:0))
2019-09-24 16:48:17,988 DEBUG impl.RaftServerImpl (RaftServerImpl.java:requestVote(743)) - s3@group-A7C5DBE940E2: receive requestVote(s0, group-A7C5DBE940E2, 7, (t:0, i:0))
2019-09-24 16:48:17,988 INFO  impl.LeaderElection (LeaderElection.java:logAndReturn(56)) - s2@group-A7C5DBE940E2-LeaderElection20: Election REJECTED; received 0 response(s) [] and 0 exception(s); s2@group-A7C5DBE940E2:t6, leader=null, voted=s2, raftlog=s2@group-A7C5DBE940E2-SegmentedRaftLog:OPENED:c-1,f-1,i0, conf=-1: [s3:0.0.0.0:38312, s4:0.0.0.0:41737, s0:0.0.0.0:41019, s1:0.0.0.0:38816, s2:0.0.0.0:40694], old=null
2019-09-24 16:48:17,993 INFO  impl.RaftServerImpl (RaftServerImpl.java:setRole(170)) - s3@group-A7C5DBE940E2: changes role from CANDIDATE to FOLLOWER at term 7 for recognizeCandidate:s0
2019-09-24 16:48:17,993 INFO  impl.RoleInfo (RoleInfo.java:shutdownLeaderElection(134)) - s3: shutdown LeaderElection
2019-09-24 16:48:17,992 DEBUG impl.RaftServerImpl (RaftServerImpl.java:requestVote(743)) - s2@group-A7C5DBE940E2: receive requestVote(s4, group-A7C5DBE940E2, 3, (t:0, i:0))
2019-09-24 16:48:17,992 DEBUG impl.RaftServerImpl (RaftServerImpl.java:requestVote(743)) - s0@group-A7C5DBE940E2: receive requestVote(s4, group-A7C5DBE940E2, 6, (t:0, i:0))
2019-09-24 16:48:17,992 DEBUG impl.RaftServerImpl (RaftServerImpl.java:requestVote(775)) - s0@group-A7C5DBE940E2 replies to vote request: s2<-s0#0:FAIL-t7. Peer's state: s0@group-A7C5DBE940E2:t7, leader=null, voted=s0, raftlog=s0@group-A7C5DBE940E2-SegmentedRaftLog:OPENED:c-1,f-1,i0, conf=-1: [s3:0.0.0.0:38312, s4:0.0.0.0:41737, s0:0.0.0.0:41019, s1:0.0.0.0:38816, s2:0.0.0.0:40694], old=null
2019-09-24 16:48:17,991 INFO  logging.LoggingHandler (AbstractInternalLogger.java:log(150)) - [id: 0xec48d4a4, L:/0.0.0.0:38816] READ: [id: 0x3c951e90, L:/192.168.5.142:38816 - R:/192.168.5.142:45932]
2019-09-24 16:48:17,991 INFO  impl.LeaderElection (LeaderElection.java:logAndReturn(56)) - s4@group-A7C5DBE940E2-LeaderElection18: Election REJECTED; received 0 response(s) [] and 0 exception(s); s4@group-A7C5DBE940E2:t6, leader=null, voted=s4, raftlog=s4@group-A7C5DBE940E2-SegmentedRaftLog:OPENED:c-1,f-1,i0, conf=-1: [s3:0.0.0.0:38312, s4:0.0.0.0:41737, s0:0.0.0.0:41019, s1:0.0.0.0:38816, s2:0.0.0.0:40694], old=null
2019-09-24 16:48:17,991 INFO  impl.RaftServerImpl (RaftServerImpl.java:setRole(170)) - s1@group-A7C5DBE940E2: changes role from CANDIDATE to FOLLOWER at term 7 for recognizeCandidate:s0
2019-09-24 16:48:17,990 DEBUG impl.RaftServerImpl (RaftServerImpl.java:requestVote(775)) - s4@group-A7C5DBE940E2 replies to vote request: s2<-s4#0:FAIL-t6. Peer's state: s4@group-A7C5DBE940E2:t6, leader=null, voted=s4, raftlog=s4@group-A7C5DBE940E2-SegmentedRaftLog:OPENED:c-1,f-1,i0, conf=-1: [s3:0.0.0.0:38312, s4:0.0.0.0:41737, s0:0.0.0.0:41019, s1:0.0.0.0:38816, s2:0.0.0.0:40694], old=null
2019-09-24 16:48:17,990 INFO  impl.LeaderElection (LeaderElection.java:logAndReturn(56)) - s2@group-A7C5DBE940E2-LeaderElection23: Election REJECTED; received 0 response(s) [] and 0 exception(s); s2@group-A7C5DBE940E2:t6, leader=null, voted=s2, raftlog=s2@group-A7C5DBE940E2-SegmentedRaftLog:OPENED:c-1,f-1,i0, conf=-1: [s3:0.0.0.0:38312, s4:0.0.0.0:41737, s0:0.0.0.0:41019, s1:0.0.0.0:38816, s2:0.0.0.0:40694], old=null
2019-09-24 16:48:17,989 DEBUG impl.RaftServerImpl (RaftServerImpl.java:requestVote(775)) - s2@group-A7C5DBE940E2 replies to vote request: s3<-s2#0:FAIL-t6. Peer's state: s2@group-A7C5DBE940E2:t6, leader=null, voted=s2, raftlog=s2@group-A7C5DBE940E2-SegmentedRaftLog:OPENED:c-1,f-1,i0, conf=-1: [s3:0.0.0.0:38312, s4:0.0.0.0:41737, s0:0.0.0.0:41019, s1:0.0.0.0:38816, s2:0.0.0.0:40694], old=null
2019-09-24 16:48:17,989 DEBUG impl.RaftServerImpl (RaftServerImpl.java:requestVote(743)) - s3@group-A7C5DBE940E2: receive requestVote(s4, group-A7C5DBE940E2, 6, (t:0, i:0))
2019-09-24 16:48:17,997 DEBUG impl.RaftServerImpl (RaftServerImpl.java:requestVote(743)) - s2@group-A7C5DBE940E2: receive requestVote(s3, group-A7C5DBE940E2, 3, (t:0, i:0))
2019-09-24 16:48:17,996 DEBUG impl.RaftServerImpl (RaftServerImpl.java:requestVote(775)) - s2@group-A7C5DBE940E2 replies to vote request: s4<-s2#0:FAIL-t6. Peer's state: s2@group-A7C5DBE940E2:t6, leader=null, voted=s2, raftlog=s2@group-A7C5DBE940E2-SegmentedRaftLog:OPENED:c-1,f-1,i0, conf=-1: [s3:0.0.0.0:38312, s4:0.0.0.0:41737, s0:0.0.0.0:41019, s1:0.0.0.0:38816, s2:0.0.0.0:40694], old=null
2019-09-24 16:48:17,996 DEBUG impl.RaftServerImpl (RaftServerImpl.java:requestVote(743)) - s4@group-A7C5DBE940E2: receive requestVote(s0, group-A7C5DBE940E2, 6, (t:0, i:0))
2019-09-24 16:48:17,996 DEBUG impl.RaftServerImpl (RaftServerImpl.java:requestVote(775)) - s4@group-A7C5DBE940E2 replies to vote request: s3<-s4#0:FAIL-t6. Peer's state: s4@group-A7C5DBE940E2:t6, leader=null, voted=s4, raftlog=s4@group-A7C5DBE940E2-SegmentedRaftLog:OPENED:c-1,f-1,i0, conf=-1: [s3:0.0.0.0:38312, s4:0.0.0.0:41737, s0:0.0.0.0:41019, s1:0.0.0.0:38816, s2:0.0.0.0:40694], old=null
2019-09-24 16:48:17,995 DEBUG impl.RaftServerImpl (RaftServerImpl.java:requestVote(743)) - s1@group-A7C5DBE940E2: receive requestVote(s2, group-A7C5DBE940E2, 3, (t:0, i:0))
2019-09-24 16:48:17,995 INFO  impl.RoleInfo (RoleInfo.java:shutdownLeaderElection(134)) - s1: shutdown LeaderElection
2019-09-24 16:48:17,995 INFO  logging.LoggingHandler (AbstractInternalLogger.java:log(150)) - [id: 0xec48d4a4, L:/0.0.0.0:38816] READ COMPLETE
2019-09-24 16:48:17,995 DEBUG impl.RaftServerImpl (RaftServerImpl.java:requestVote(775)) - s0@group-A7C5DBE940E2 replies to vote request: s4<-s0#0:FAIL-t7. Peer's state: s0@group-A7C5DBE940E2:t7, leader=null, voted=s0, raftlog=s0@group-A7C5DBE940E2-SegmentedRaftLog:OPENED:c-1,f-1,i0, conf=-1: [s3:0.0.0.0:38312, s4:0.0.0.0:41737, s0:0.0.0.0:41019, s1:0.0.0.0:38816, s2:0.0.0.0:40694], old=null
2019-09-24 16:48:17,994 INFO  impl.RoleInfo (RoleInfo.java:updateAndGet(143)) - s3: start FollowerState
2019-09-24 16:48:17,999 INFO  impl.RoleInfo (RoleInfo.java:updateAndGet(143)) - s1: start FollowerState
2019-09-24 16:48:17,998 DEBUG impl.RaftServerImpl (RaftServerImpl.java:requestVote(743)) - s0@group-A7C5DBE940E2: receive requestVote(s2, group-A7C5DBE940E2, 6, (t:0, i:0))
2019-09-24 16:48:17,998 DEBUG impl.RaftServerImpl (RaftServerImpl.java:requestVote(743)) - s4@group-A7C5DBE940E2: receive requestVote(s3, group-A7C5DBE940E2, 4, (t:0, i:0))
2019-09-24 16:48:17,998 DEBUG impl.RaftServerImpl (RaftServerImpl.java:requestVote(775)) - s4@group-A7C5DBE940E2 replies to vote request: s1<-s4#0:FAIL-t6. Peer's state: s4@group-A7C5DBE940E2:t6, leader=null, voted=s4, raftlog=s4@group-A7C5DBE940E2-SegmentedRaftLog:OPENED:c-1,f-1,i0, conf=-1: [s3:0.0.0.0:38312, s4:0.0.0.0:41737, s0:0.0.0.0:41019, s1:0.0.0.0:38816, s2:0.0.0.0:40694], old=null
2019-09-24 16:48:17,997 DEBUG impl.RaftServerImpl (RaftServerImpl.java:requestVote(775)) - s2@group-A7C5DBE940E2 replies to vote request: s3<-s2#0:FAIL-t6. Peer's state: s2@group-A7C5DBE940E2:t6, leader=null, voted=s2, raftlog=s2@group-A7C5DBE940E2-SegmentedRaftLog:OPENED:c-1,f-1,i0, conf=-1: [s3:0.0.0.0:38312, s4:0.0.0.0:41737, s0:0.0.0.0:41019, s1:0.0.0.0:38816, s2:0.0.0.0:40694], old=null
2019-09-24 16:48:18,001 DEBUG impl.RaftServerImpl (RaftServerImpl.java:requestVote(775)) - s4@group-A7C5DBE940E2 replies to vote request: s3<-s4#0:FAIL-t6. Peer's state: s4@group-A7C5DBE940E2:t6, leader=null, voted=s4, raftlog=s4@group-A7C5DBE940E2-SegmentedRaftLog:OPENED:c-1,f-1,i0, conf=-1: [s3:0.0.0.0:38312, s4:0.0.0.0:41737, s0:0.0.0.0:41019, s1:0.0.0.0:38816, s2:0.0.0.0:40694], old=null
2019-09-24 16:48:18,000 DEBUG impl.RaftServerImpl (RaftServerImpl.java:requestVote(775)) - s0@group-A7C5DBE940E2 replies to vote request: s2<-s0#0:FAIL-t7. Peer's state: s0@group-A7C5DBE940E2:t7, leader=null, voted=s0, raftlog=s0@group-A7C5DBE940E2-SegmentedRaftLog:OPENED:c-1,f-1,i0, conf=-1: [s3:0.0.0.0:38312, s4:0.0.0.0:41737, s0:0.0.0.0:41019, s1:0.0.0.0:38816, s2:0.0.0.0:40694], old=null
2019-09-24 16:48:18,002 DEBUG impl.RaftServerImpl (RaftServerImpl.java:requestVote(743)) - s1@group-A7C5DBE940E2: receive requestVote(s4, group-A7C5DBE940E2, 6, (t:0, i:0))
2019-09-24 16:48:18,002 DEBUG impl.RaftServerImpl (RaftServerImpl.java:requestVote(743)) - s4@group-A7C5DBE940E2: receive requestVote(s3, group-A7C5DBE940E2, 6, (t:0, i:0))
2019-09-24 16:48:18,002 DEBUG impl.RaftServerImpl (RaftServerImpl.java:requestVote(775)) - s4@group-A7C5DBE940E2 replies to vote request: s0<-s4#0:FAIL-t6. Peer's state: s4@group-A7C5DBE940E2:t6, leader=null, voted=s4, raftlog=s4@group-A7C5DBE940E2-SegmentedRaftLog:OPENED:c-1,f-1,i0, conf=-1: [s3:0.0.0.0:38312, s4:0.0.0.0:41737, s0:0.0.0.0:41019, s1:0.0.0.0:38816, s2:0.0.0.0:40694], old=null
2019-09-24 16:48:18,002 INFO  impl.LeaderElection (LeaderElection.java:logAndReturn(56)) - s2@group-A7C5DBE940E2-LeaderElection25: Election REJECTED; received 0 response(s) [] and 0 exception(s); s2@group-A7C5DBE940E2:t6, leader=null, voted=s2, raftlog=s2@group-A7C5DBE940E2-SegmentedRaftLog:OPENED:c-1,f-1,i0, conf=-1: [s3:0.0.0.0:38312, s4:0.0.0.0:41737, s0:0.0.0.0:41019, s1:0.0.0.0:38816, s2:0.0.0.0:40694], old=null
2019-09-24 16:48:18,002 DEBUG impl.RaftServerImpl (RaftServerImpl.java:requestVote(743)) - s2@group-A7C5DBE940E2: receive requestVote(s3, group-A7C5DBE940E2, 6, (t:0, i:0))
2019-09-24 16:48:18,002 INFO  impl.LeaderElection (LeaderElection.java:logAndReturn(56)) - s1@group-A7C5DBE940E2-LeaderElection16: Election REJECTED; received 4 response(s) [s1<-s3#0:FAIL-t6, s1<-s4#0:FAIL-t6, s1<-s0#0:FAIL-t6, s1<-s2#0:FAIL-t6] and 0 exception(s); s1@group-A7C5DBE940E2:t7, leader=null, voted=null, raftlog=s1@group-A7C5DBE940E2-SegmentedRaftLog:OPENED:c-1,f-1,i0, conf=-1: [s3:0.0.0.0:38312, s4:0.0.0.0:41737, s0:0.0.0.0:41019, s1:0.0.0.0:38816, s2:0.0.0.0:40694], old=null
2019-09-24 16:48:18,004 DEBUG impl.RaftServerImpl (RaftServerImpl.java:requestVote(775)) - s2@group-A7C5DBE940E2 replies to vote request: s3<-s2#0:FAIL-t6. Peer's state: s2@group-A7C5DBE940E2:t6, leader=null, voted=s2, raftlog=s2@group-A7C5DBE940E2-SegmentedRaftLog:OPENED:c-1,f-1,i0, conf=-1: [s3:0.0.0.0:38312, s4:0.0.0.0:41737, s0:0.0.0.0:41019, s1:0.0.0.0:38816, s2:0.0.0.0:40694], old=null
2019-09-24 16:48:18,003 DEBUG impl.RaftServerImpl (RaftServerImpl.java:requestVote(743)) - s4@group-A7C5DBE940E2: receive requestVote(s0, group-A7C5DBE940E2, 7, (t:0, i:0))
2019-09-24 16:48:18,003 DEBUG impl.RaftServerImpl (RaftServerImpl.java:requestVote(775)) - s4@group-A7C5DBE940E2 replies to vote request: s3<-s4#0:FAIL-t6. Peer's state: s4@group-A7C5DBE940E2:t6, leader=null, voted=s4, raftlog=s4@group-A7C5DBE940E2-SegmentedRaftLog:OPENED:c-1,f-1,i0, conf=-1: [s3:0.0.0.0:38312, s4:0.0.0.0:41737, s0:0.0.0.0:41019, s1:0.0.0.0:38816, s2:0.0.0.0:40694], old=null
2019-09-24 16:48:18,005 INFO  impl.LeaderElection (LeaderElection.java:logAndReturn(56)) - s3@group-A7C5DBE940E2-LeaderElection22: Election REJECTED; received 3 response(s) [s3<-s0#0:FAIL-t6, s3<-s1#0:FAIL-t6, s3<-s2#0:FAIL-t6] and 0 exception(s); s3@group-A7C5DBE940E2:t7, leader=null, voted=null, raftlog=s3@group-A7C5DBE940E2-SegmentedRaftLog:OPENED:c-1,f-1,i0, conf=-1: [s3:0.0.0.0:38312, s4:0.0.0.0:41737, s0:0.0.0.0:41019, s1:0.0.0.0:38816, s2:0.0.0.0:40694], old=null
2019-09-24 16:48:18,005 DEBUG impl.RaftServerImpl (RaftServerImpl.java:requestVote(743)) - s2@group-A7C5DBE940E2: receive requestVote(s0, group-A7C5DBE940E2, 6, (t:0, i:0))
2019-09-24 16:48:18,005 INFO  impl.LeaderElection (LeaderElection.java:logAndReturn(56)) - s4@group-A7C5DBE940E2-LeaderElection26: Election REJECTED; received 0 response(s) [] and 0 exception(s); s4@group-A7C5DBE940E2:t7, leader=null, voted=null, raftlog=s4@group-A7C5DBE940E2-SegmentedRaftLog:OPENED:c-1,f-1,i0, conf=-1: [s3:0.0.0.0:38312, s4:0.0.0.0:41737, s0:0.0.0.0:41019, s1:0.0.0.0:38816, s2:0.0.0.0:40694], old=null
2019-09-24 16:48:18,005 INFO  impl.RaftServerImpl (RaftServerImpl.java:setRole(170)) - s4@group-A7C5DBE940E2: changes role from CANDIDATE to FOLLOWER at term 7 for recognizeCandidate:s0
2019-09-24 16:48:18,006 DEBUG impl.RaftServerImpl (RaftServerImpl.java:requestVote(775)) - s2@group-A7C5DBE940E2 replies to vote request: s0<-s2#0:FAIL-t6. Peer's state: s2@group-A7C5DBE940E2:t6, leader=null, voted=s2, raftlog=s2@group-A7C5DBE940E2-SegmentedRaftLog:OPENED:c-1,f-1,i0, conf=-1: [s3:0.0.0.0:38312, s4:0.0.0.0:41737, s0:0.0.0.0:41019, s1:0.0.0.0:38816, s2:0.0.0.0:40694], old=null
2019-09-24 16:48:18,006 DEBUG impl.RaftServerImpl (RaftServerImpl.java:requestVote(743)) - s2@group-A7C5DBE940E2: receive requestVote(s4, group-A7C5DBE940E2, 6, (t:0, i:0))
2019-09-24 16:48:18,006 INFO  impl.RoleInfo (RoleInfo.java:shutdownLeaderElection(134)) - s4: shutdown LeaderElection
2019-09-24 16:48:18,007 DEBUG impl.RaftServerImpl (RaftServerImpl.java:requestVote(775)) - s2@group-A7C5DBE940E2 replies to vote request: s4<-s2#0:FAIL-t6. Peer's state: s2@group-A7C5DBE940E2:t6, leader=null, voted=s2, raftlog=s2@group-A7C5DBE940E2-SegmentedRaftLog:OPENED:c-1,f-1,i0, conf=-1: [s3:0.0.0.0:38312, s4:0.0.0.0:41737, s0:0.0.0.0:41019, s1:0.0.0.0:38816, s2:0.0.0.0:40694], old=null
2019-09-24 16:48:18,007 DEBUG impl.RaftServerImpl (RaftServerImpl.java:requestVote(743)) - s2@group-A7C5DBE940E2: receive requestVote(s0, group-A7C5DBE940E2, 7, (t:0, i:0))
2019-09-24 16:48:18,007 INFO  impl.RoleInfo (RoleInfo.java:updateAndGet(143)) - s4: start FollowerState
2019-09-24 16:48:18,007 INFO  impl.RaftServerImpl (RaftServerImpl.java:setRole(170)) - s2@group-A7C5DBE940E2: changes role from  FOLLOWER to FOLLOWER at term 7 for recognizeCandidate:s0
2019-09-24 16:48:18,008 INFO  impl.RoleInfo (RoleInfo.java:shutdownFollowerState(121)) - s2: shutdown FollowerState
2019-09-24 16:48:18,008 INFO  impl.RoleInfo (RoleInfo.java:updateAndGet(143)) - s2: start FollowerState
2019-09-24 16:48:18,008 INFO  impl.FollowerState (FollowerState.java:run(117)) - s2@group-A7C5DBE940E2-FollowerState was interrupted: java.lang.InterruptedException: sleep interrupted
2019-09-24 16:48:18,264 DEBUG impl.RaftServerImpl (RaftServerImpl.java:requestVote(775)) - s3@group-A7C5DBE940E2 replies to vote request: s0<-s3#0:FAIL-t7. Peer's state: s3@group-A7C5DBE940E2:t7, leader=null, voted=null, raftlog=s3@group-A7C5DBE940E2-SegmentedRaftLog:OPENED:c-1,f-1,i0, conf=-1: [s3:0.0.0.0:38312, s4:0.0.0.0:41737, s0:0.0.0.0:41019, s1:0.0.0.0:38816, s2:0.0.0.0:40694], old=null
2019-09-24 16:48:18,264 DEBUG impl.RaftServerImpl (RaftServerImpl.java:requestVote(775)) - s4@group-A7C5DBE940E2 replies to vote request: s0<-s4#0:FAIL-t7. Peer's state: s4@group-A7C5DBE940E2:t7, leader=null, voted=null, raftlog=s4@group-A7C5DBE940E2-SegmentedRaftLog:OPENED:c-1,f-1,i0, conf=-1: [s3:0.0.0.0:38312, s4:0.0.0.0:41737, s0:0.0.0.0:41019, s1:0.0.0.0:38816, s2:0.0.0.0:40694], old=null
2019-09-24 16:48:18,264 DEBUG impl.RaftServerImpl (RaftServerImpl.java:requestVote(775)) - s2@group-A7C5DBE940E2 replies to vote request: s0<-s2#0:OK-t7. Peer's state: s2@group-A7C5DBE940E2:t7, leader=null, voted=s0, raftlog=s2@group-A7C5DBE940E2-SegmentedRaftLog:OPENED:c-1,f-1,i0, conf=-1: [s3:0.0.0.0:38312, s4:0.0.0.0:41737, s0:0.0.0.0:41019, s1:0.0.0.0:38816, s2:0.0.0.0:40694], old=null
2019-09-24 16:48:18,264 DEBUG impl.RaftServerImpl (RaftServerImpl.java:requestVote(775)) - s1@group-A7C5DBE940E2 replies to vote request: s0<-s1#0:FAIL-t7. Peer's state: s1@group-A7C5DBE940E2:t7, leader=null, voted=null, raftlog=s1@group-A7C5DBE940E2-SegmentedRaftLog:OPENED:c-1,f-1,i0, conf=-1: [s3:0.0.0.0:38312, s4:0.0.0.0:41737, s0:0.0.0.0:41019, s1:0.0.0.0:38816, s2:0.0.0.0:40694], old=null
2019-09-24 16:48:18,265 INFO  impl.FollowerState (FollowerState.java:run(108)) - s2@group-A7C5DBE940E2-FollowerState: change to CANDIDATE, lastRpcTime:256ms, electionTimeout:209ms
2019-09-24 16:48:18,265 DEBUG impl.RaftServerImpl (RaftServerImpl.java:requestVote(743)) - s4@group-A7C5DBE940E2: receive requestVote(s2, group-A7C5DBE940E2, 6, (t:0, i:0))
2019-09-24 16:48:18,264 DEBUG impl.RaftServerImpl (RaftServerImpl.java:requestVote(743)) - s3@group-A7C5DBE940E2: receive requestVote(s2, group-A7C5DBE940E2, 6, (t:0, i:0))
2019-09-24 16:48:18,264 DEBUG impl.RaftServerImpl (RaftServerImpl.java:requestVote(775)) - s3@group-A7C5DBE940E2 replies to vote request: s4<-s3#0:FAIL-t7. Peer's state: s3@group-A7C5DBE940E2:t7, leader=null, voted=null, raftlog=s3@group-A7C5DBE940E2-SegmentedRaftLog:OPENED:c-1,f-1,i0, conf=-1: [s3:0.0.0.0:38312, s4:0.0.0.0:41737, s0:0.0.0.0:41019, s1:0.0.0.0:38816, s2:0.0.0.0:40694], old=null
2019-09-24 16:48:18,266 DEBUG impl.RaftServerImpl (RaftServerImpl.java:requestVote(775)) - s4@group-A7C5DBE940E2 replies to vote request: s2<-s4#0:FAIL-t7. Peer's state: s4@group-A7C5DBE940E2:t7, leader=null, voted=null, raftlog=s4@group-A7C5DBE940E2-SegmentedRaftLog:OPENED:c-1,f-1,i0, conf=-1: [s3:0.0.0.0:38312, s4:0.0.0.0:41737, s0:0.0.0.0:41019, s1:0.0.0.0:38816, s2:0.0.0.0:40694], old=null
2019-09-24 16:48:18,266 INFO  impl.LeaderElection (LeaderElection.java:logAndReturn(56)) - s0@group-A7C5DBE940E2-LeaderElection17: Election REJECTED; received 4 response(s) [s0<-s3#0:FAIL-t7, s0<-s4#0:FAIL-t7, s0<-s1#0:FAIL-t7, s0<-s2#0:OK-t7] and 0 exception(s); s0@group-A7C5DBE940E2:t7, leader=null, voted=s0, raftlog=s0@group-A7C5DBE940E2-SegmentedRaftLog:OPENED:c-1,f-1,i0, conf=-1: [s3:0.0.0.0:38312, s4:0.0.0.0:41737, s0:0.0.0.0:41019, s1:0.0.0.0:38816, s2:0.0.0.0:40694], old=null
2019-09-24 16:48:18,265 INFO  impl.RoleInfo (RoleInfo.java:shutdownFollowerState(121)) - s2: shutdown FollowerState
2019-09-24 16:48:18,265 INFO  impl.FollowerState (FollowerState.java:run(108)) - s1@group-A7C5DBE940E2-FollowerState: change to CANDIDATE, lastRpcTime:266ms, electionTimeout:195ms
2019-09-24 16:48:18,267 INFO  impl.RaftServerImpl (RaftServerImpl.java:setRole(170)) - s2@group-A7C5DBE940E2: changes role from  FOLLOWER to CANDIDATE at term 7 for changeToCandidate
2019-09-24 16:48:18,267 INFO  impl.RaftServerImpl (RaftServerImpl.java:setRole(170)) - s0@group-A7C5DBE940E2: changes role from CANDIDATE to FOLLOWER at term 7 for DISCOVERED_A_NEW_TERM
2019-09-24 16:48:18,268 INFO  impl.RoleInfo (RoleInfo.java:shutdownLeaderElection(134)) - s0: shutdown LeaderElection
2019-09-24 16:48:18,266 DEBUG impl.RaftServerImpl (RaftServerImpl.java:requestVote(775)) - s3@group-A7C5DBE940E2 replies to vote request: s2<-s3#0:FAIL-t7. Peer's state: s3@group-A7C5DBE940E2:t7, leader=null, voted=null, raftlog=s3@group-A7C5DBE940E2-SegmentedRaftLog:OPENED:c-1,f-1,i0, conf=-1: [s3:0.0.0.0:38312, s4:0.0.0.0:41737, s0:0.0.0.0:41019, s1:0.0.0.0:38816, s2:0.0.0.0:40694], old=null
2019-09-24 16:48:18,268 INFO  impl.RoleInfo (RoleInfo.java:updateAndGet(143)) - s0: start FollowerState
2019-09-24 16:48:18,268 INFO  impl.RoleInfo (RoleInfo.java:updateAndGet(143)) - s2: start LeaderElection
2019-09-24 16:48:18,267 INFO  impl.RoleInfo (RoleInfo.java:shutdownFollowerState(121)) - s1: shutdown FollowerState
2019-09-24 16:48:18,269 INFO  impl.RaftServerImpl (RaftServerImpl.java:setRole(170)) - s1@group-A7C5DBE940E2: changes role from  FOLLOWER to CANDIDATE at term 7 for changeToCandidate
2019-09-24 16:48:18,270 INFO  impl.RoleInfo (RoleInfo.java:updateAndGet(143)) - s1: start LeaderElection
2019-09-24 16:48:18,273 INFO  impl.FollowerState (FollowerState.java:run(108)) - s4@group-A7C5DBE940E2-FollowerState: change to CANDIDATE, lastRpcTime:266ms, electionTimeout:264ms
2019-09-24 16:48:18,273 INFO  impl.RoleInfo (RoleInfo.java:shutdownFollowerState(121)) - s4: shutdown FollowerState
2019-09-24 16:48:18,274 INFO  impl.RaftServerImpl (RaftServerImpl.java:setRole(170)) - s4@group-A7C5DBE940E2: changes role from  FOLLOWER to CANDIDATE at term 7 for changeToCandidate
2019-09-24 16:48:18,274 INFO  impl.RoleInfo (RoleInfo.java:updateAndGet(143)) - s4: start LeaderElection
2019-09-24 16:48:18,288 INFO  impl.FollowerState (FollowerState.java:run(108)) - s3@group-A7C5DBE940E2-FollowerState: change to CANDIDATE, lastRpcTime:294ms, electionTimeout:288ms
2019-09-24 16:48:18,288 INFO  impl.RoleInfo (RoleInfo.java:shutdownFollowerState(121)) - s3: shutdown FollowerState
2019-09-24 16:48:18,288 INFO  impl.RaftServerImpl (RaftServerImpl.java:setRole(170)) - s3@group-A7C5DBE940E2: changes role from  FOLLOWER to CANDIDATE at term 7 for changeToCandidate
2019-09-24 16:48:18,289 INFO  impl.RoleInfo (RoleInfo.java:updateAndGet(143)) - s3: start LeaderElection
2019-09-24 16:48:18,300 WARN  ratis.RaftTestUtil (JavaUtils.java:attempt(158)) - FAILED "waitForLeader-group-A7C5DBE940E2-(expectLeader? true)", attempt #74/100: java.lang.IllegalStateException: No leader yet  for group-A7C5DBE940E2: printing group-A7C5DBE940E2
  s3:  RUNNING [
   FOLLOWER s3@group-FEE41E240123:t0, leader=null, voted=null, raftlog=s3@group-FEE41E240123-SegmentedRaftLog:OPENED:c-1,f-1,i0, conf=-1: [], old=null STARTING
  CANDIDATE s3@group-A7C5DBE940E2:t8, leader=null, voted=s3, raftlog=s3@group-A7C5DBE940E2-SegmentedRaftLog:OPENED:c-1,f-1,i0, conf=-1: [s3:0.0.0.0:38312, s4:0.0.0.0:41737, s0:0.0.0.0:41019, s1:0.0.0.0:38816, s2:0.0.0.0:40694], old=null RUNNING] size=2
  s4:  RUNNING [
   FOLLOWER s4@group-FEE41E240123:t0, leader=null, voted=null, raftlog=s4@group-FEE41E240123-SegmentedRaftLog:OPENED:c-1,f-1,i0, conf=-1: [], old=null STARTING
  CANDIDATE s4@group-A7C5DBE940E2:t8, leader=null, voted=s4, raftlog=s4@group-A7C5DBE940E2-SegmentedRaftLog:OPENED:c-1,f-1,i0, conf=-1: [s3:0.0.0.0:38312, s4:0.0.0.0:41737, s0:0.0.0.0:41019, s1:0.0.0.0:38816, s2:0.0.0.0:40694], old=null RUNNING] size=2
  s0:  RUNNING [
   FOLLOWER s0@group-FEE41E240123:t0, leader=null, voted=null, raftlog=s0@group-FEE41E240123-SegmentedRaftLog:OPENED:c-1,f-1,i0, conf=-1: [], old=null STARTING
   FOLLOWER s0@group-A7C5DBE940E2:t7, leader=null, voted=s0, raftlog=s0@group-A7C5DBE940E2-SegmentedRaftLog:OPENED:c-1,f-1,i0, conf=-1: [s3:0.0.0.0:38312, s4:0.0.0.0:41737, s0:0.0.0.0:41019, s1:0.0.0.0:38816, s2:0.0.0.0:40694], old=null RUNNING] size=2
  s1:  RUNNING [
   FOLLOWER s1@group-FEE41E240123:t0, leader=null, voted=null, raftlog=s1@group-FEE41E240123-SegmentedRaftLog:OPENED:c-1,f-1,i0, conf=-1: [], old=null STARTING
  CANDIDATE s1@group-A7C5DBE940E2:t8, leader=null, voted=s1, raftlog=s1@group-A7C5DBE940E2-SegmentedRaftLog:OPENED:c-1,f-1,i0, conf=-1: [s3:0.0.0.0:38312, s4:0.0.0.0:41737, s0:0.0.0.0:41019, s1:0.0.0.0:38816, s2:0.0.0.0:40694], old=null RUNNING] size=2
  s2:  RUNNING [
   FOLLOWER s2@group-FEE41E240123:t0, leader=null, voted=null, raftlog=s2@group-FEE41E240123-SegmentedRaftLog:OPENED:c-1,f-1,i0, conf=-1: [], old=null STARTING
  CANDIDATE s2@group-A7C5DBE940E2:t8, leader=null, voted=s2, raftlog=s2@group-A7C5DBE940E2-SegmentedRaftLog:OPENED:c-1,f-1,i0, conf=-1: [s3:0.0.0.0:38312, s4:0.0.0.0:41737, s0:0.0.0.0:41019, s1:0.0.0.0:38816, s2:0.0.0.0:40694], old=null RUNNING] size=2, sleep 450ms and then retry.
java.lang.IllegalStateException: No leader yet  for group-A7C5DBE940E2: printing group-A7C5DBE940E2
  s3:  RUNNING [
   FOLLOWER s3@group-FEE41E240123:t0, leader=null, voted=null, raftlog=s3@group-FEE41E240123-SegmentedRaftLog:OPENED:c-1,f-1,i0, conf=-1: [], old=null STARTING
  CANDIDATE s3@group-A7C5DBE940E2:t8, leader=null, voted=s3, raftlog=s3@group-A7C5DBE940E2-SegmentedRaftLog:OPENED:c-1,f-1,i0, conf=-1: [s3:0.0.0.0:38312, s4:0.0.0.0:41737, s0:0.0.0.0:41019, s1:0.0.0.0:38816, s2:0.0.0.0:40694], old=null RUNNING] size=2
  s4:  RUNNING [
   FOLLOWER s4@group-FEE41E240123:t0, leader=null, voted=null, raftlog=s4@group-FEE41E240123-SegmentedRaftLog:OPENED:c-1,f-1,i0, conf=-1: [], old=null STARTING
  CANDIDATE s4@group-A7C5DBE940E2:t8, leader=null, voted=s4, raftlog=s4@group-A7C5DBE940E2-SegmentedRaftLog:OPENED:c-1,f-1,i0, conf=-1: [s3:0.0.0.0:38312, s4:0.0.0.0:41737, s0:0.0.0.0:41019, s1:0.0.0.0:38816, s2:0.0.0.0:40694], old=null RUNNING] size=2
  s0:  RUNNING [
   FOLLOWER s0@group-FEE41E240123:t0, leader=null, voted=null, raftlog=s0@group-FEE41E240123-SegmentedRaftLog:OPENED:c-1,f-1,i0, conf=-1: [], old=null STARTING
   FOLLOWER s0@group-A7C5DBE940E2:t7, leader=null, voted=s0, raftlog=s0@group-A7C5DBE940E2-SegmentedRaftLog:OPENED:c-1,f-1,i0, conf=-1: [s3:0.0.0.0:38312, s4:0.0.0.0:41737, s0:0.0.0.0:41019, s1:0.0.0.0:38816, s2:0.0.0.0:40694], old=null RUNNING] size=2
  s1:  RUNNING [
   FOLLOWER s1@group-FEE41E240123:t0, leader=null, voted=null, raftlog=s1@group-FEE41E240123-SegmentedRaftLog:OPENED:c-1,f-1,i0, conf=-1: [], old=null STARTING
  CANDIDATE s1@group-A7C5DBE940E2:t8, leader=null, voted=s1, raftlog=s1@group-A7C5DBE940E2-SegmentedRaftLog:OPENED:c-1,f-1,i0, conf=-1: [s3:0.0.0.0:38312, s4:0.0.0.0:41737, s0:0.0.0.0:41019, s1:0.0.0.0:38816, s2:0.0.0.0:40694], old=null RUNNING] size=2
  s2:  RUNNING [
   FOLLOWER s2@group-FEE41E240123:t0, leader=null, voted=null, raftlog=s2@group-FEE41E240123-SegmentedRaftLog:OPENED:c-1,f-1,i0, conf=-1: [], old=null STARTING
  CANDIDATE s2@group-A7C5DBE940E2:t8, leader=null, voted=s2, raftlog=s2@group-A7C5DBE940E2-SegmentedRaftLog:OPENED:c-1,f-1,i0, conf=-1: [s3:0.0.0.0:38312, s4:0.0.0.0:41737, s0:0.0.0.0:41019, s1:0.0.0.0:38816, s2:0.0.0.0:40694], old=null RUNNING] size=2
	at org.apache.ratis.MiniRaftCluster.newIllegalStateExceptionForNoLeaders(MiniRaftCluster.java:506)
	at org.apache.ratis.RaftTestUtil.lambda$waitForLeader$1(RaftTestUtil.java:90)
	at org.apache.ratis.MiniRaftCluster.getLeader(MiniRaftCluster.java:539)
	at org.apache.ratis.MiniRaftCluster.getLeader(MiniRaftCluster.java:532)
	at org.apache.ratis.RaftTestUtil.lambda$waitForLeader$3(RaftTestUtil.java:98)
	at org.apache.ratis.util.JavaUtils.attempt(JavaUtils.java:152)
	at org.apache.ratis.RaftTestUtil.waitForLeader(RaftTestUtil.java:97)
	at org.apache.ratis.RaftTestUtil.waitForLeader(RaftTestUtil.java:77)
	at org.apache.ratis.server.impl.GroupManagementBaseTest.runMultiGroupTest(GroupManagementBaseTest.java:175)
	at org.apache.ratis.server.impl.GroupManagementBaseTest.runMultiGroupTest(GroupManagementBaseTest.java:126)
	at org.apache.ratis.server.impl.GroupManagementBaseTest.testMultiGroup9Nodes(GroupManagementBaseTest.java:121)
	at sun.reflect.NativeMethodAccessorImpl.invoke0(Native Method)
	at sun.reflect.NativeMethodAccessorImpl.invoke(NativeMethodAccessorImpl.java:62)
	at sun.reflect.DelegatingMethodAccessorImpl.invoke(DelegatingMethodAccessorImpl.java:43)
	at java.lang.reflect.Method.invoke(Method.java:498)
	at org.junit.runners.model.FrameworkMethod$1.runReflectiveCall(FrameworkMethod.java:50)
	at org.junit.internal.runners.model.ReflectiveCallable.run(ReflectiveCallable.java:12)
	at org.junit.runners.model.FrameworkMethod.invokeExplosively(FrameworkMethod.java:47)
	at org.junit.internal.runners.statements.InvokeMethod.evaluate(InvokeMethod.java:17)
	at org.junit.internal.runners.statements.RunAfters.evaluate(RunAfters.java:27)
	at org.junit.internal.runners.statements.FailOnTimeout$CallableStatement.call(FailOnTimeout.java:298)
	at org.junit.internal.runners.statements.FailOnTimeout$CallableStatement.call(FailOnTimeout.java:292)
	at java.util.concurrent.FutureTask.run(FutureTask.java:266)
	at java.lang.Thread.run(Thread.java:748)
2019-09-24 16:48:18,567 INFO  impl.FollowerState (FollowerState.java:run(108)) - s0@group-A7C5DBE940E2-FollowerState: change to CANDIDATE, lastRpcTime:298ms, electionTimeout:298ms
2019-09-24 16:48:18,567 INFO  impl.RoleInfo (RoleInfo.java:shutdownFollowerState(121)) - s0: shutdown FollowerState
2019-09-24 16:48:18,567 INFO  impl.RaftServerImpl (RaftServerImpl.java:setRole(170)) - s0@group-A7C5DBE940E2: changes role from  FOLLOWER to CANDIDATE at term 7 for changeToCandidate
2019-09-24 16:48:18,567 INFO  impl.RoleInfo (RoleInfo.java:updateAndGet(143)) - s0: start LeaderElection
2019-09-24 16:48:18,752 WARN  ratis.RaftTestUtil (JavaUtils.java:attempt(158)) - FAILED "waitForLeader-group-A7C5DBE940E2-(expectLeader? true)", attempt #75/100: java.lang.IllegalStateException: No leader yet  for group-A7C5DBE940E2: printing group-A7C5DBE940E2
  s3:  RUNNING [
   FOLLOWER s3@group-FEE41E240123:t0, leader=null, voted=null, raftlog=s3@group-FEE41E240123-SegmentedRaftLog:OPENED:c-1,f-1,i0, conf=-1: [], old=null STARTING
  CANDIDATE s3@group-A7C5DBE940E2:t8, leader=null, voted=s3, raftlog=s3@group-A7C5DBE940E2-SegmentedRaftLog:OPENED:c-1,f-1,i0, conf=-1: [s3:0.0.0.0:38312, s4:0.0.0.0:41737, s0:0.0.0.0:41019, s1:0.0.0.0:38816, s2:0.0.0.0:40694], old=null RUNNING] size=2
  s4:  RUNNING [
   FOLLOWER s4@group-FEE41E240123:t0, leader=null, voted=null, raftlog=s4@group-FEE41E240123-SegmentedRaftLog:OPENED:c-1,f-1,i0, conf=-1: [], old=null STARTING
  CANDIDATE s4@group-A7C5DBE940E2:t8, leader=null, voted=s4, raftlog=s4@group-A7C5DBE940E2-SegmentedRaftLog:OPENED:c-1,f-1,i0, conf=-1: [s3:0.0.0.0:38312, s4:0.0.0.0:41737, s0:0.0.0.0:41019, s1:0.0.0.0:38816, s2:0.0.0.0:40694], old=null RUNNING] size=2
  s0:  RUNNING [
   FOLLOWER s0@group-FEE41E240123:t0, leader=null, voted=null, raftlog=s0@group-FEE41E240123-SegmentedRaftLog:OPENED:c-1,f-1,i0, conf=-1: [], old=null STARTING
  CANDIDATE s0@group-A7C5DBE940E2:t8, leader=null, voted=s0, raftlog=s0@group-A7C5DBE940E2-SegmentedRaftLog:OPENED:c-1,f-1,i0, conf=-1: [s3:0.0.0.0:38312, s4:0.0.0.0:41737, s0:0.0.0.0:41019, s1:0.0.0.0:38816, s2:0.0.0.0:40694], old=null RUNNING] size=2
  s1:  RUNNING [
   FOLLOWER s1@group-FEE41E240123:t0, leader=null, voted=null, raftlog=s1@group-FEE41E240123-SegmentedRaftLog:OPENED:c-1,f-1,i0, conf=-1: [], old=null STARTING
  CANDIDATE s1@group-A7C5DBE940E2:t8, leader=null, voted=s1, raftlog=s1@group-A7C5DBE940E2-SegmentedRaftLog:OPENED:c-1,f-1,i0, conf=-1: [s3:0.0.0.0:38312, s4:0.0.0.0:41737, s0:0.0.0.0:41019, s1:0.0.0.0:38816, s2:0.0.0.0:40694], old=null RUNNING] size=2
  s2:  RUNNING [
   FOLLOWER s2@group-FEE41E240123:t0, leader=null, voted=null, raftlog=s2@group-FEE41E240123-SegmentedRaftLog:OPENED:c-1,f-1,i0, conf=-1: [], old=null STARTING
  CANDIDATE s2@group-A7C5DBE940E2:t8, leader=null, voted=s2, raftlog=s2@group-A7C5DBE940E2-SegmentedRaftLog:OPENED:c-1,f-1,i0, conf=-1: [s3:0.0.0.0:38312, s4:0.0.0.0:41737, s0:0.0.0.0:41019, s1:0.0.0.0:38816, s2:0.0.0.0:40694], old=null RUNNING] size=2, sleep 450ms and then retry.
java.lang.IllegalStateException: No leader yet  for group-A7C5DBE940E2: printing group-A7C5DBE940E2
  s3:  RUNNING [
   FOLLOWER s3@group-FEE41E240123:t0, leader=null, voted=null, raftlog=s3@group-FEE41E240123-SegmentedRaftLog:OPENED:c-1,f-1,i0, conf=-1: [], old=null STARTING
  CANDIDATE s3@group-A7C5DBE940E2:t8, leader=null, voted=s3, raftlog=s3@group-A7C5DBE940E2-SegmentedRaftLog:OPENED:c-1,f-1,i0, conf=-1: [s3:0.0.0.0:38312, s4:0.0.0.0:41737, s0:0.0.0.0:41019, s1:0.0.0.0:38816, s2:0.0.0.0:40694], old=null RUNNING] size=2
  s4:  RUNNING [
   FOLLOWER s4@group-FEE41E240123:t0, leader=null, voted=null, raftlog=s4@group-FEE41E240123-SegmentedRaftLog:OPENED:c-1,f-1,i0, conf=-1: [], old=null STARTING
  CANDIDATE s4@group-A7C5DBE940E2:t8, leader=null, voted=s4, raftlog=s4@group-A7C5DBE940E2-SegmentedRaftLog:OPENED:c-1,f-1,i0, conf=-1: [s3:0.0.0.0:38312, s4:0.0.0.0:41737, s0:0.0.0.0:41019, s1:0.0.0.0:38816, s2:0.0.0.0:40694], old=null RUNNING] size=2
  s0:  RUNNING [
   FOLLOWER s0@group-FEE41E240123:t0, leader=null, voted=null, raftlog=s0@group-FEE41E240123-SegmentedRaftLog:OPENED:c-1,f-1,i0, conf=-1: [], old=null STARTING
  CANDIDATE s0@group-A7C5DBE940E2:t8, leader=null, voted=s0, raftlog=s0@group-A7C5DBE940E2-SegmentedRaftLog:OPENED:c-1,f-1,i0, conf=-1: [s3:0.0.0.0:38312, s4:0.0.0.0:41737, s0:0.0.0.0:41019, s1:0.0.0.0:38816, s2:0.0.0.0:40694], old=null RUNNING] size=2
  s1:  RUNNING [
   FOLLOWER s1@group-FEE41E240123:t0, leader=null, voted=null, raftlog=s1@group-FEE41E240123-SegmentedRaftLog:OPENED:c-1,f-1,i0, conf=-1: [], old=null STARTING
  CANDIDATE s1@group-A7C5DBE940E2:t8, leader=null, voted=s1, raftlog=s1@group-A7C5DBE940E2-SegmentedRaftLog:OPENED:c-1,f-1,i0, conf=-1: [s3:0.0.0.0:38312, s4:0.0.0.0:41737, s0:0.0.0.0:41019, s1:0.0.0.0:38816, s2:0.0.0.0:40694], old=null RUNNING] size=2
  s2:  RUNNING [
   FOLLOWER s2@group-FEE41E240123:t0, leader=null, voted=null, raftlog=s2@group-FEE41E240123-SegmentedRaftLog:OPENED:c-1,f-1,i0, conf=-1: [], old=null STARTING
  CANDIDATE s2@group-A7C5DBE940E2:t8, leader=null, voted=s2, raftlog=s2@group-A7C5DBE940E2-SegmentedRaftLog:OPENED:c-1,f-1,i0, conf=-1: [s3:0.0.0.0:38312, s4:0.0.0.0:41737, s0:0.0.0.0:41019, s1:0.0.0.0:38816, s2:0.0.0.0:40694], old=null RUNNING] size=2
	at org.apache.ratis.MiniRaftCluster.newIllegalStateExceptionForNoLeaders(MiniRaftCluster.java:506)
	at org.apache.ratis.RaftTestUtil.lambda$waitForLeader$1(RaftTestUtil.java:90)
	at org.apache.ratis.MiniRaftCluster.getLeader(MiniRaftCluster.java:539)
	at org.apache.ratis.MiniRaftCluster.getLeader(MiniRaftCluster.java:532)
	at org.apache.ratis.RaftTestUtil.lambda$waitForLeader$3(RaftTestUtil.java:98)
	at org.apache.ratis.util.JavaUtils.attempt(JavaUtils.java:152)
	at org.apache.ratis.RaftTestUtil.waitForLeader(RaftTestUtil.java:97)
	at org.apache.ratis.RaftTestUtil.waitForLeader(RaftTestUtil.java:77)
	at org.apache.ratis.server.impl.GroupManagementBaseTest.runMultiGroupTest(GroupManagementBaseTest.java:175)
	at org.apache.ratis.server.impl.GroupManagementBaseTest.runMultiGroupTest(GroupManagementBaseTest.java:126)
	at org.apache.ratis.server.impl.GroupManagementBaseTest.testMultiGroup9Nodes(GroupManagementBaseTest.java:121)
	at sun.reflect.NativeMethodAccessorImpl.invoke0(Native Method)
	at sun.reflect.NativeMethodAccessorImpl.invoke(NativeMethodAccessorImpl.java:62)
	at sun.reflect.DelegatingMethodAccessorImpl.invoke(DelegatingMethodAccessorImpl.java:43)
	at java.lang.reflect.Method.invoke(Method.java:498)
	at org.junit.runners.model.FrameworkMethod$1.runReflectiveCall(FrameworkMethod.java:50)
	at org.junit.internal.runners.model.ReflectiveCallable.run(ReflectiveCallable.java:12)
	at org.junit.runners.model.FrameworkMethod.invokeExplosively(FrameworkMethod.java:47)
	at org.junit.internal.runners.statements.InvokeMethod.evaluate(InvokeMethod.java:17)
	at org.junit.internal.runners.statements.RunAfters.evaluate(RunAfters.java:27)
	at org.junit.internal.runners.statements.FailOnTimeout$CallableStatement.call(FailOnTimeout.java:298)
	at org.junit.internal.runners.statements.FailOnTimeout$CallableStatement.call(FailOnTimeout.java:292)
	at java.util.concurrent.FutureTask.run(FutureTask.java:266)
	at java.lang.Thread.run(Thread.java:748)
2019-09-24 16:48:19,205 WARN  ratis.RaftTestUtil (JavaUtils.java:attempt(158)) - FAILED "waitForLeader-group-A7C5DBE940E2-(expectLeader? true)", attempt #76/100: java.lang.IllegalStateException: No leader yet  for group-A7C5DBE940E2: printing group-A7C5DBE940E2
  s3:  RUNNING [
   FOLLOWER s3@group-FEE41E240123:t0, leader=null, voted=null, raftlog=s3@group-FEE41E240123-SegmentedRaftLog:OPENED:c-1,f-1,i0, conf=-1: [], old=null STARTING
  CANDIDATE s3@group-A7C5DBE940E2:t8, leader=null, voted=s3, raftlog=s3@group-A7C5DBE940E2-SegmentedRaftLog:OPENED:c-1,f-1,i0, conf=-1: [s3:0.0.0.0:38312, s4:0.0.0.0:41737, s0:0.0.0.0:41019, s1:0.0.0.0:38816, s2:0.0.0.0:40694], old=null RUNNING] size=2
  s4:  RUNNING [
   FOLLOWER s4@group-FEE41E240123:t0, leader=null, voted=null, raftlog=s4@group-FEE41E240123-SegmentedRaftLog:OPENED:c-1,f-1,i0, conf=-1: [], old=null STARTING
  CANDIDATE s4@group-A7C5DBE940E2:t8, leader=null, voted=s4, raftlog=s4@group-A7C5DBE940E2-SegmentedRaftLog:OPENED:c-1,f-1,i0, conf=-1: [s3:0.0.0.0:38312, s4:0.0.0.0:41737, s0:0.0.0.0:41019, s1:0.0.0.0:38816, s2:0.0.0.0:40694], old=null RUNNING] size=2
  s0:  RUNNING [
   FOLLOWER s0@group-FEE41E240123:t0, leader=null, voted=null, raftlog=s0@group-FEE41E240123-SegmentedRaftLog:OPENED:c-1,f-1,i0, conf=-1: [], old=null STARTING
  CANDIDATE s0@group-A7C5DBE940E2:t8, leader=null, voted=s0, raftlog=s0@group-A7C5DBE940E2-SegmentedRaftLog:OPENED:c-1,f-1,i0, conf=-1: [s3:0.0.0.0:38312, s4:0.0.0.0:41737, s0:0.0.0.0:41019, s1:0.0.0.0:38816, s2:0.0.0.0:40694], old=null RUNNING] size=2
  s1:  RUNNING [
   FOLLOWER s1@group-FEE41E240123:t0, leader=null, voted=null, raftlog=s1@group-FEE41E240123-SegmentedRaftLog:OPENED:c-1,f-1,i0, conf=-1: [], old=null STARTING
  CANDIDATE s1@group-A7C5DBE940E2:t8, leader=null, voted=s1, raftlog=s1@group-A7C5DBE940E2-SegmentedRaftLog:OPENED:c-1,f-1,i0, conf=-1: [s3:0.0.0.0:38312, s4:0.0.0.0:41737, s0:0.0.0.0:41019, s1:0.0.0.0:38816, s2:0.0.0.0:40694], old=null RUNNING] size=2
  s2:  RUNNING [
   FOLLOWER s2@group-FEE41E240123:t0, leader=null, voted=null, raftlog=s2@group-FEE41E240123-SegmentedRaftLog:OPENED:c-1,f-1,i0, conf=-1: [], old=null STARTING
  CANDIDATE s2@group-A7C5DBE940E2:t8, leader=null, voted=s2, raftlog=s2@group-A7C5DBE940E2-SegmentedRaftLog:OPENED:c-1,f-1,i0, conf=-1: [s3:0.0.0.0:38312, s4:0.0.0.0:41737, s0:0.0.0.0:41019, s1:0.0.0.0:38816, s2:0.0.0.0:40694], old=null RUNNING] size=2, sleep 450ms and then retry.
java.lang.IllegalStateException: No leader yet  for group-A7C5DBE940E2: printing group-A7C5DBE940E2
  s3:  RUNNING [
   FOLLOWER s3@group-FEE41E240123:t0, leader=null, voted=null, raftlog=s3@group-FEE41E240123-SegmentedRaftLog:OPENED:c-1,f-1,i0, conf=-1: [], old=null STARTING
  CANDIDATE s3@group-A7C5DBE940E2:t8, leader=null, voted=s3, raftlog=s3@group-A7C5DBE940E2-SegmentedRaftLog:OPENED:c-1,f-1,i0, conf=-1: [s3:0.0.0.0:38312, s4:0.0.0.0:41737, s0:0.0.0.0:41019, s1:0.0.0.0:38816, s2:0.0.0.0:40694], old=null RUNNING] size=2
  s4:  RUNNING [
   FOLLOWER s4@group-FEE41E240123:t0, leader=null, voted=null, raftlog=s4@group-FEE41E240123-SegmentedRaftLog:OPENED:c-1,f-1,i0, conf=-1: [], old=null STARTING
  CANDIDATE s4@group-A7C5DBE940E2:t8, leader=null, voted=s4, raftlog=s4@group-A7C5DBE940E2-SegmentedRaftLog:OPENED:c-1,f-1,i0, conf=-1: [s3:0.0.0.0:38312, s4:0.0.0.0:41737, s0:0.0.0.0:41019, s1:0.0.0.0:38816, s2:0.0.0.0:40694], old=null RUNNING] size=2
  s0:  RUNNING [
   FOLLOWER s0@group-FEE41E240123:t0, leader=null, voted=null, raftlog=s0@group-FEE41E240123-SegmentedRaftLog:OPENED:c-1,f-1,i0, conf=-1: [], old=null STARTING
  CANDIDATE s0@group-A7C5DBE940E2:t8, leader=null, voted=s0, raftlog=s0@group-A7C5DBE940E2-SegmentedRaftLog:OPENED:c-1,f-1,i0, conf=-1: [s3:0.0.0.0:38312, s4:0.0.0.0:41737, s0:0.0.0.0:41019, s1:0.0.0.0:38816, s2:0.0.0.0:40694], old=null RUNNING] size=2
  s1:  RUNNING [
   FOLLOWER s1@group-FEE41E240123:t0, leader=null, voted=null, raftlog=s1@group-FEE41E240123-SegmentedRaftLog:OPENED:c-1,f-1,i0, conf=-1: [], old=null STARTING
  CANDIDATE s1@group-A7C5DBE940E2:t8, leader=null, voted=s1, raftlog=s1@group-A7C5DBE940E2-SegmentedRaftLog:OPENED:c-1,f-1,i0, conf=-1: [s3:0.0.0.0:38312, s4:0.0.0.0:41737, s0:0.0.0.0:41019, s1:0.0.0.0:38816, s2:0.0.0.0:40694], old=null RUNNING] size=2
  s2:  RUNNING [
   FOLLOWER s2@group-FEE41E240123:t0, leader=null, voted=null, raftlog=s2@group-FEE41E240123-SegmentedRaftLog:OPENED:c-1,f-1,i0, conf=-1: [], old=null STARTING
  CANDIDATE s2@group-A7C5DBE940E2:t8, leader=null, voted=s2, raftlog=s2@group-A7C5DBE940E2-SegmentedRaftLog:OPENED:c-1,f-1,i0, conf=-1: [s3:0.0.0.0:38312, s4:0.0.0.0:41737, s0:0.0.0.0:41019, s1:0.0.0.0:38816, s2:0.0.0.0:40694], old=null RUNNING] size=2
	at org.apache.ratis.MiniRaftCluster.newIllegalStateExceptionForNoLeaders(MiniRaftCluster.java:506)
	at org.apache.ratis.RaftTestUtil.lambda$waitForLeader$1(RaftTestUtil.java:90)
	at org.apache.ratis.MiniRaftCluster.getLeader(MiniRaftCluster.java:539)
	at org.apache.ratis.MiniRaftCluster.getLeader(MiniRaftCluster.java:532)
	at org.apache.ratis.RaftTestUtil.lambda$waitForLeader$3(RaftTestUtil.java:98)
	at org.apache.ratis.util.JavaUtils.attempt(JavaUtils.java:152)
	at org.apache.ratis.RaftTestUtil.waitForLeader(RaftTestUtil.java:97)
	at org.apache.ratis.RaftTestUtil.waitForLeader(RaftTestUtil.java:77)
	at org.apache.ratis.server.impl.GroupManagementBaseTest.runMultiGroupTest(GroupManagementBaseTest.java:175)
	at org.apache.ratis.server.impl.GroupManagementBaseTest.runMultiGroupTest(GroupManagementBaseTest.java:126)
	at org.apache.ratis.server.impl.GroupManagementBaseTest.testMultiGroup9Nodes(GroupManagementBaseTest.java:121)
	at sun.reflect.NativeMethodAccessorImpl.invoke0(Native Method)
	at sun.reflect.NativeMethodAccessorImpl.invoke(NativeMethodAccessorImpl.java:62)
	at sun.reflect.DelegatingMethodAccessorImpl.invoke(DelegatingMethodAccessorImpl.java:43)
	at java.lang.reflect.Method.invoke(Method.java:498)
	at org.junit.runners.model.FrameworkMethod$1.runReflectiveCall(FrameworkMethod.java:50)
	at org.junit.internal.runners.model.ReflectiveCallable.run(ReflectiveCallable.java:12)
	at org.junit.runners.model.FrameworkMethod.invokeExplosively(FrameworkMethod.java:47)
	at org.junit.internal.runners.statements.InvokeMethod.evaluate(InvokeMethod.java:17)
	at org.junit.internal.runners.statements.RunAfters.evaluate(RunAfters.java:27)
	at org.junit.internal.runners.statements.FailOnTimeout$CallableStatement.call(FailOnTimeout.java:298)
	at org.junit.internal.runners.statements.FailOnTimeout$CallableStatement.call(FailOnTimeout.java:292)
	at java.util.concurrent.FutureTask.run(FutureTask.java:266)
	at java.lang.Thread.run(Thread.java:748)
2019-09-24 16:48:19,656 WARN  ratis.RaftTestUtil (JavaUtils.java:attempt(158)) - FAILED "waitForLeader-group-A7C5DBE940E2-(expectLeader? true)", attempt #77/100: java.lang.IllegalStateException: No leader yet  for group-A7C5DBE940E2: printing group-A7C5DBE940E2
  s3:  RUNNING [
   FOLLOWER s3@group-FEE41E240123:t0, leader=null, voted=null, raftlog=s3@group-FEE41E240123-SegmentedRaftLog:OPENED:c-1,f-1,i0, conf=-1: [], old=null STARTING
  CANDIDATE s3@group-A7C5DBE940E2:t8, leader=null, voted=s3, raftlog=s3@group-A7C5DBE940E2-SegmentedRaftLog:OPENED:c-1,f-1,i0, conf=-1: [s3:0.0.0.0:38312, s4:0.0.0.0:41737, s0:0.0.0.0:41019, s1:0.0.0.0:38816, s2:0.0.0.0:40694], old=null RUNNING] size=2
  s4:  RUNNING [
   FOLLOWER s4@group-FEE41E240123:t0, leader=null, voted=null, raftlog=s4@group-FEE41E240123-SegmentedRaftLog:OPENED:c-1,f-1,i0, conf=-1: [], old=null STARTING
  CANDIDATE s4@group-A7C5DBE940E2:t8, leader=null, voted=s4, raftlog=s4@group-A7C5DBE940E2-SegmentedRaftLog:OPENED:c-1,f-1,i0, conf=-1: [s3:0.0.0.0:38312, s4:0.0.0.0:41737, s0:0.0.0.0:41019, s1:0.0.0.0:38816, s2:0.0.0.0:40694], old=null RUNNING] size=2
  s0:  RUNNING [
   FOLLOWER s0@group-FEE41E240123:t0, leader=null, voted=null, raftlog=s0@group-FEE41E240123-SegmentedRaftLog:OPENED:c-1,f-1,i0, conf=-1: [], old=null STARTING
  CANDIDATE s0@group-A7C5DBE940E2:t8, leader=null, voted=s0, raftlog=s0@group-A7C5DBE940E2-SegmentedRaftLog:OPENED:c-1,f-1,i0, conf=-1: [s3:0.0.0.0:38312, s4:0.0.0.0:41737, s0:0.0.0.0:41019, s1:0.0.0.0:38816, s2:0.0.0.0:40694], old=null RUNNING] size=2
  s1:  RUNNING [
   FOLLOWER s1@group-FEE41E240123:t0, leader=null, voted=null, raftlog=s1@group-FEE41E240123-SegmentedRaftLog:OPENED:c-1,f-1,i0, conf=-1: [], old=null STARTING
  CANDIDATE s1@group-A7C5DBE940E2:t8, leader=null, voted=s1, raftlog=s1@group-A7C5DBE940E2-SegmentedRaftLog:OPENED:c-1,f-1,i0, conf=-1: [s3:0.0.0.0:38312, s4:0.0.0.0:41737, s0:0.0.0.0:41019, s1:0.0.0.0:38816, s2:0.0.0.0:40694], old=null RUNNING] size=2
  s2:  RUNNING [
   FOLLOWER s2@group-FEE41E240123:t0, leader=null, voted=null, raftlog=s2@group-FEE41E240123-SegmentedRaftLog:OPENED:c-1,f-1,i0, conf=-1: [], old=null STARTING
  CANDIDATE s2@group-A7C5DBE940E2:t8, leader=null, voted=s2, raftlog=s2@group-A7C5DBE940E2-SegmentedRaftLog:OPENED:c-1,f-1,i0, conf=-1: [s3:0.0.0.0:38312, s4:0.0.0.0:41737, s0:0.0.0.0:41019, s1:0.0.0.0:38816, s2:0.0.0.0:40694], old=null RUNNING] size=2, sleep 450ms and then retry.
java.lang.IllegalStateException: No leader yet  for group-A7C5DBE940E2: printing group-A7C5DBE940E2
  s3:  RUNNING [
   FOLLOWER s3@group-FEE41E240123:t0, leader=null, voted=null, raftlog=s3@group-FEE41E240123-SegmentedRaftLog:OPENED:c-1,f-1,i0, conf=-1: [], old=null STARTING
  CANDIDATE s3@group-A7C5DBE940E2:t8, leader=null, voted=s3, raftlog=s3@group-A7C5DBE940E2-SegmentedRaftLog:OPENED:c-1,f-1,i0, conf=-1: [s3:0.0.0.0:38312, s4:0.0.0.0:41737, s0:0.0.0.0:41019, s1:0.0.0.0:38816, s2:0.0.0.0:40694], old=null RUNNING] size=2
  s4:  RUNNING [
   FOLLOWER s4@group-FEE41E240123:t0, leader=null, voted=null, raftlog=s4@group-FEE41E240123-SegmentedRaftLog:OPENED:c-1,f-1,i0, conf=-1: [], old=null STARTING
  CANDIDATE s4@group-A7C5DBE940E2:t8, leader=null, voted=s4, raftlog=s4@group-A7C5DBE940E2-SegmentedRaftLog:OPENED:c-1,f-1,i0, conf=-1: [s3:0.0.0.0:38312, s4:0.0.0.0:41737, s0:0.0.0.0:41019, s1:0.0.0.0:38816, s2:0.0.0.0:40694], old=null RUNNING] size=2
  s0:  RUNNING [
   FOLLOWER s0@group-FEE41E240123:t0, leader=null, voted=null, raftlog=s0@group-FEE41E240123-SegmentedRaftLog:OPENED:c-1,f-1,i0, conf=-1: [], old=null STARTING
  CANDIDATE s0@group-A7C5DBE940E2:t8, leader=null, voted=s0, raftlog=s0@group-A7C5DBE940E2-SegmentedRaftLog:OPENED:c-1,f-1,i0, conf=-1: [s3:0.0.0.0:38312, s4:0.0.0.0:41737, s0:0.0.0.0:41019, s1:0.0.0.0:38816, s2:0.0.0.0:40694], old=null RUNNING] size=2
  s1:  RUNNING [
   FOLLOWER s1@group-FEE41E240123:t0, leader=null, voted=null, raftlog=s1@group-FEE41E240123-SegmentedRaftLog:OPENED:c-1,f-1,i0, conf=-1: [], old=null STARTING
  CANDIDATE s1@group-A7C5DBE940E2:t8, leader=null, voted=s1, raftlog=s1@group-A7C5DBE940E2-SegmentedRaftLog:OPENED:c-1,f-1,i0, conf=-1: [s3:0.0.0.0:38312, s4:0.0.0.0:41737, s0:0.0.0.0:41019, s1:0.0.0.0:38816, s2:0.0.0.0:40694], old=null RUNNING] size=2
  s2:  RUNNING [
   FOLLOWER s2@group-FEE41E240123:t0, leader=null, voted=null, raftlog=s2@group-FEE41E240123-SegmentedRaftLog:OPENED:c-1,f-1,i0, conf=-1: [], old=null STARTING
  CANDIDATE s2@group-A7C5DBE940E2:t8, leader=null, voted=s2, raftlog=s2@group-A7C5DBE940E2-SegmentedRaftLog:OPENED:c-1,f-1,i0, conf=-1: [s3:0.0.0.0:38312, s4:0.0.0.0:41737, s0:0.0.0.0:41019, s1:0.0.0.0:38816, s2:0.0.0.0:40694], old=null RUNNING] size=2
	at org.apache.ratis.MiniRaftCluster.newIllegalStateExceptionForNoLeaders(MiniRaftCluster.java:506)
	at org.apache.ratis.RaftTestUtil.lambda$waitForLeader$1(RaftTestUtil.java:90)
	at org.apache.ratis.MiniRaftCluster.getLeader(MiniRaftCluster.java:539)
	at org.apache.ratis.MiniRaftCluster.getLeader(MiniRaftCluster.java:532)
	at org.apache.ratis.RaftTestUtil.lambda$waitForLeader$3(RaftTestUtil.java:98)
	at org.apache.ratis.util.JavaUtils.attempt(JavaUtils.java:152)
	at org.apache.ratis.RaftTestUtil.waitForLeader(RaftTestUtil.java:97)
	at org.apache.ratis.RaftTestUtil.waitForLeader(RaftTestUtil.java:77)
	at org.apache.ratis.server.impl.GroupManagementBaseTest.runMultiGroupTest(GroupManagementBaseTest.java:175)
	at org.apache.ratis.server.impl.GroupManagementBaseTest.runMultiGroupTest(GroupManagementBaseTest.java:126)
	at org.apache.ratis.server.impl.GroupManagementBaseTest.testMultiGroup9Nodes(GroupManagementBaseTest.java:121)
	at sun.reflect.NativeMethodAccessorImpl.invoke0(Native Method)
	at sun.reflect.NativeMethodAccessorImpl.invoke(NativeMethodAccessorImpl.java:62)
	at sun.reflect.DelegatingMethodAccessorImpl.invoke(DelegatingMethodAccessorImpl.java:43)
	at java.lang.reflect.Method.invoke(Method.java:498)
	at org.junit.runners.model.FrameworkMethod$1.runReflectiveCall(FrameworkMethod.java:50)
	at org.junit.internal.runners.model.ReflectiveCallable.run(ReflectiveCallable.java:12)
	at org.junit.runners.model.FrameworkMethod.invokeExplosively(FrameworkMethod.java:47)
	at org.junit.internal.runners.statements.InvokeMethod.evaluate(InvokeMethod.java:17)
	at org.junit.internal.runners.statements.RunAfters.evaluate(RunAfters.java:27)
	at org.junit.internal.runners.statements.FailOnTimeout$CallableStatement.call(FailOnTimeout.java:298)
	at org.junit.internal.runners.statements.FailOnTimeout$CallableStatement.call(FailOnTimeout.java:292)
	at java.util.concurrent.FutureTask.run(FutureTask.java:266)
	at java.lang.Thread.run(Thread.java:748)
2019-09-24 16:48:20,108 WARN  ratis.RaftTestUtil (JavaUtils.java:attempt(158)) - FAILED "waitForLeader-group-A7C5DBE940E2-(expectLeader? true)", attempt #78/100: java.lang.IllegalStateException: No leader yet  for group-A7C5DBE940E2: printing group-A7C5DBE940E2
  s3:  RUNNING [
   FOLLOWER s3@group-FEE41E240123:t0, leader=null, voted=null, raftlog=s3@group-FEE41E240123-SegmentedRaftLog:OPENED:c-1,f-1,i0, conf=-1: [], old=null STARTING
  CANDIDATE s3@group-A7C5DBE940E2:t8, leader=null, voted=s3, raftlog=s3@group-A7C5DBE940E2-SegmentedRaftLog:OPENED:c-1,f-1,i0, conf=-1: [s3:0.0.0.0:38312, s4:0.0.0.0:41737, s0:0.0.0.0:41019, s1:0.0.0.0:38816, s2:0.0.0.0:40694], old=null RUNNING] size=2
  s4:  RUNNING [
   FOLLOWER s4@group-FEE41E240123:t0, leader=null, voted=null, raftlog=s4@group-FEE41E240123-SegmentedRaftLog:OPENED:c-1,f-1,i0, conf=-1: [], old=null STARTING
  CANDIDATE s4@group-A7C5DBE940E2:t8, leader=null, voted=s4, raftlog=s4@group-A7C5DBE940E2-SegmentedRaftLog:OPENED:c-1,f-1,i0, conf=-1: [s3:0.0.0.0:38312, s4:0.0.0.0:41737, s0:0.0.0.0:41019, s1:0.0.0.0:38816, s2:0.0.0.0:40694], old=null RUNNING] size=2
  s0:  RUNNING [
   FOLLOWER s0@group-FEE41E240123:t0, leader=null, voted=null, raftlog=s0@group-FEE41E240123-SegmentedRaftLog:OPENED:c-1,f-1,i0, conf=-1: [], old=null STARTING
  CANDIDATE s0@group-A7C5DBE940E2:t8, leader=null, voted=s0, raftlog=s0@group-A7C5DBE940E2-SegmentedRaftLog:OPENED:c-1,f-1,i0, conf=-1: [s3:0.0.0.0:38312, s4:0.0.0.0:41737, s0:0.0.0.0:41019, s1:0.0.0.0:38816, s2:0.0.0.0:40694], old=null RUNNING] size=2
  s1:  RUNNING [
   FOLLOWER s1@group-FEE41E240123:t0, leader=null, voted=null, raftlog=s1@group-FEE41E240123-SegmentedRaftLog:OPENED:c-1,f-1,i0, conf=-1: [], old=null STARTING
  CANDIDATE s1@group-A7C5DBE940E2:t8, leader=null, voted=s1, raftlog=s1@group-A7C5DBE940E2-SegmentedRaftLog:OPENED:c-1,f-1,i0, conf=-1: [s3:0.0.0.0:38312, s4:0.0.0.0:41737, s0:0.0.0.0:41019, s1:0.0.0.0:38816, s2:0.0.0.0:40694], old=null RUNNING] size=2
  s2:  RUNNING [
   FOLLOWER s2@group-FEE41E240123:t0, leader=null, voted=null, raftlog=s2@group-FEE41E240123-SegmentedRaftLog:OPENED:c-1,f-1,i0, conf=-1: [], old=null STARTING
  CANDIDATE s2@group-A7C5DBE940E2:t8, leader=null, voted=s2, raftlog=s2@group-A7C5DBE940E2-SegmentedRaftLog:OPENED:c-1,f-1,i0, conf=-1: [s3:0.0.0.0:38312, s4:0.0.0.0:41737, s0:0.0.0.0:41019, s1:0.0.0.0:38816, s2:0.0.0.0:40694], old=null RUNNING] size=2, sleep 450ms and then retry.
java.lang.IllegalStateException: No leader yet  for group-A7C5DBE940E2: printing group-A7C5DBE940E2
  s3:  RUNNING [
   FOLLOWER s3@group-FEE41E240123:t0, leader=null, voted=null, raftlog=s3@group-FEE41E240123-SegmentedRaftLog:OPENED:c-1,f-1,i0, conf=-1: [], old=null STARTING
  CANDIDATE s3@group-A7C5DBE940E2:t8, leader=null, voted=s3, raftlog=s3@group-A7C5DBE940E2-SegmentedRaftLog:OPENED:c-1,f-1,i0, conf=-1: [s3:0.0.0.0:38312, s4:0.0.0.0:41737, s0:0.0.0.0:41019, s1:0.0.0.0:38816, s2:0.0.0.0:40694], old=null RUNNING] size=2
  s4:  RUNNING [
   FOLLOWER s4@group-FEE41E240123:t0, leader=null, voted=null, raftlog=s4@group-FEE41E240123-SegmentedRaftLog:OPENED:c-1,f-1,i0, conf=-1: [], old=null STARTING
  CANDIDATE s4@group-A7C5DBE940E2:t8, leader=null, voted=s4, raftlog=s4@group-A7C5DBE940E2-SegmentedRaftLog:OPENED:c-1,f-1,i0, conf=-1: [s3:0.0.0.0:38312, s4:0.0.0.0:41737, s0:0.0.0.0:41019, s1:0.0.0.0:38816, s2:0.0.0.0:40694], old=null RUNNING] size=2
  s0:  RUNNING [
   FOLLOWER s0@group-FEE41E240123:t0, leader=null, voted=null, raftlog=s0@group-FEE41E240123-SegmentedRaftLog:OPENED:c-1,f-1,i0, conf=-1: [], old=null STARTING
  CANDIDATE s0@group-A7C5DBE940E2:t8, leader=null, voted=s0, raftlog=s0@group-A7C5DBE940E2-SegmentedRaftLog:OPENED:c-1,f-1,i0, conf=-1: [s3:0.0.0.0:38312, s4:0.0.0.0:41737, s0:0.0.0.0:41019, s1:0.0.0.0:38816, s2:0.0.0.0:40694], old=null RUNNING] size=2
  s1:  RUNNING [
   FOLLOWER s1@group-FEE41E240123:t0, leader=null, voted=null, raftlog=s1@group-FEE41E240123-SegmentedRaftLog:OPENED:c-1,f-1,i0, conf=-1: [], old=null STARTING
  CANDIDATE s1@group-A7C5DBE940E2:t8, leader=null, voted=s1, raftlog=s1@group-A7C5DBE940E2-SegmentedRaftLog:OPENED:c-1,f-1,i0, conf=-1: [s3:0.0.0.0:38312, s4:0.0.0.0:41737, s0:0.0.0.0:41019, s1:0.0.0.0:38816, s2:0.0.0.0:40694], old=null RUNNING] size=2
  s2:  RUNNING [
   FOLLOWER s2@group-FEE41E240123:t0, leader=null, voted=null, raftlog=s2@group-FEE41E240123-SegmentedRaftLog:OPENED:c-1,f-1,i0, conf=-1: [], old=null STARTING
  CANDIDATE s2@group-A7C5DBE940E2:t8, leader=null, voted=s2, raftlog=s2@group-A7C5DBE940E2-SegmentedRaftLog:OPENED:c-1,f-1,i0, conf=-1: [s3:0.0.0.0:38312, s4:0.0.0.0:41737, s0:0.0.0.0:41019, s1:0.0.0.0:38816, s2:0.0.0.0:40694], old=null RUNNING] size=2
	at org.apache.ratis.MiniRaftCluster.newIllegalStateExceptionForNoLeaders(MiniRaftCluster.java:506)
	at org.apache.ratis.RaftTestUtil.lambda$waitForLeader$1(RaftTestUtil.java:90)
	at org.apache.ratis.MiniRaftCluster.getLeader(MiniRaftCluster.java:539)
	at org.apache.ratis.MiniRaftCluster.getLeader(MiniRaftCluster.java:532)
	at org.apache.ratis.RaftTestUtil.lambda$waitForLeader$3(RaftTestUtil.java:98)
	at org.apache.ratis.util.JavaUtils.attempt(JavaUtils.java:152)
	at org.apache.ratis.RaftTestUtil.waitForLeader(RaftTestUtil.java:97)
	at org.apache.ratis.RaftTestUtil.waitForLeader(RaftTestUtil.java:77)
	at org.apache.ratis.server.impl.GroupManagementBaseTest.runMultiGroupTest(GroupManagementBaseTest.java:175)
	at org.apache.ratis.server.impl.GroupManagementBaseTest.runMultiGroupTest(GroupManagementBaseTest.java:126)
	at org.apache.ratis.server.impl.GroupManagementBaseTest.testMultiGroup9Nodes(GroupManagementBaseTest.java:121)
	at sun.reflect.NativeMethodAccessorImpl.invoke0(Native Method)
	at sun.reflect.NativeMethodAccessorImpl.invoke(NativeMethodAccessorImpl.java:62)
	at sun.reflect.DelegatingMethodAccessorImpl.invoke(DelegatingMethodAccessorImpl.java:43)
	at java.lang.reflect.Method.invoke(Method.java:498)
	at org.junit.runners.model.FrameworkMethod$1.runReflectiveCall(FrameworkMethod.java:50)
	at org.junit.internal.runners.model.ReflectiveCallable.run(ReflectiveCallable.java:12)
	at org.junit.runners.model.FrameworkMethod.invokeExplosively(FrameworkMethod.java:47)
	at org.junit.internal.runners.statements.InvokeMethod.evaluate(InvokeMethod.java:17)
	at org.junit.internal.runners.statements.RunAfters.evaluate(RunAfters.java:27)
	at org.junit.internal.runners.statements.FailOnTimeout$CallableStatement.call(FailOnTimeout.java:298)
	at org.junit.internal.runners.statements.FailOnTimeout$CallableStatement.call(FailOnTimeout.java:292)
	at java.util.concurrent.FutureTask.run(FutureTask.java:266)
	at java.lang.Thread.run(Thread.java:748)
2019-09-24 16:48:20,560 WARN  ratis.RaftTestUtil (JavaUtils.java:attempt(158)) - FAILED "waitForLeader-group-A7C5DBE940E2-(expectLeader? true)", attempt #79/100: java.lang.IllegalStateException: No leader yet  for group-A7C5DBE940E2: printing group-A7C5DBE940E2
  s3:  RUNNING [
   FOLLOWER s3@group-FEE41E240123:t0, leader=null, voted=null, raftlog=s3@group-FEE41E240123-SegmentedRaftLog:OPENED:c-1,f-1,i0, conf=-1: [], old=null STARTING
  CANDIDATE s3@group-A7C5DBE940E2:t8, leader=null, voted=s3, raftlog=s3@group-A7C5DBE940E2-SegmentedRaftLog:OPENED:c-1,f-1,i0, conf=-1: [s3:0.0.0.0:38312, s4:0.0.0.0:41737, s0:0.0.0.0:41019, s1:0.0.0.0:38816, s2:0.0.0.0:40694], old=null RUNNING] size=2
  s4:  RUNNING [
   FOLLOWER s4@group-FEE41E240123:t0, leader=null, voted=null, raftlog=s4@group-FEE41E240123-SegmentedRaftLog:OPENED:c-1,f-1,i0, conf=-1: [], old=null STARTING
  CANDIDATE s4@group-A7C5DBE940E2:t8, leader=null, voted=s4, raftlog=s4@group-A7C5DBE940E2-SegmentedRaftLog:OPENED:c-1,f-1,i0, conf=-1: [s3:0.0.0.0:38312, s4:0.0.0.0:41737, s0:0.0.0.0:41019, s1:0.0.0.0:38816, s2:0.0.0.0:40694], old=null RUNNING] size=2
  s0:  RUNNING [
   FOLLOWER s0@group-FEE41E240123:t0, leader=null, voted=null, raftlog=s0@group-FEE41E240123-SegmentedRaftLog:OPENED:c-1,f-1,i0, conf=-1: [], old=null STARTING
  CANDIDATE s0@group-A7C5DBE940E2:t8, leader=null, voted=s0, raftlog=s0@group-A7C5DBE940E2-SegmentedRaftLog:OPENED:c-1,f-1,i0, conf=-1: [s3:0.0.0.0:38312, s4:0.0.0.0:41737, s0:0.0.0.0:41019, s1:0.0.0.0:38816, s2:0.0.0.0:40694], old=null RUNNING] size=2
  s1:  RUNNING [
   FOLLOWER s1@group-FEE41E240123:t0, leader=null, voted=null, raftlog=s1@group-FEE41E240123-SegmentedRaftLog:OPENED:c-1,f-1,i0, conf=-1: [], old=null STARTING
  CANDIDATE s1@group-A7C5DBE940E2:t8, leader=null, voted=s1, raftlog=s1@group-A7C5DBE940E2-SegmentedRaftLog:OPENED:c-1,f-1,i0, conf=-1: [s3:0.0.0.0:38312, s4:0.0.0.0:41737, s0:0.0.0.0:41019, s1:0.0.0.0:38816, s2:0.0.0.0:40694], old=null RUNNING] size=2
  s2:  RUNNING [
   FOLLOWER s2@group-FEE41E240123:t0, leader=null, voted=null, raftlog=s2@group-FEE41E240123-SegmentedRaftLog:OPENED:c-1,f-1,i0, conf=-1: [], old=null STARTING
  CANDIDATE s2@group-A7C5DBE940E2:t8, leader=null, voted=s2, raftlog=s2@group-A7C5DBE940E2-SegmentedRaftLog:OPENED:c-1,f-1,i0, conf=-1: [s3:0.0.0.0:38312, s4:0.0.0.0:41737, s0:0.0.0.0:41019, s1:0.0.0.0:38816, s2:0.0.0.0:40694], old=null RUNNING] size=2, sleep 450ms and then retry.
java.lang.IllegalStateException: No leader yet  for group-A7C5DBE940E2: printing group-A7C5DBE940E2
  s3:  RUNNING [
   FOLLOWER s3@group-FEE41E240123:t0, leader=null, voted=null, raftlog=s3@group-FEE41E240123-SegmentedRaftLog:OPENED:c-1,f-1,i0, conf=-1: [], old=null STARTING
  CANDIDATE s3@group-A7C5DBE940E2:t8, leader=null, voted=s3, raftlog=s3@group-A7C5DBE940E2-SegmentedRaftLog:OPENED:c-1,f-1,i0, conf=-1: [s3:0.0.0.0:38312, s4:0.0.0.0:41737, s0:0.0.0.0:41019, s1:0.0.0.0:38816, s2:0.0.0.0:40694], old=null RUNNING] size=2
  s4:  RUNNING [
   FOLLOWER s4@group-FEE41E240123:t0, leader=null, voted=null, raftlog=s4@group-FEE41E240123-SegmentedRaftLog:OPENED:c-1,f-1,i0, conf=-1: [], old=null STARTING
  CANDIDATE s4@group-A7C5DBE940E2:t8, leader=null, voted=s4, raftlog=s4@group-A7C5DBE940E2-SegmentedRaftLog:OPENED:c-1,f-1,i0, conf=-1: [s3:0.0.0.0:38312, s4:0.0.0.0:41737, s0:0.0.0.0:41019, s1:0.0.0.0:38816, s2:0.0.0.0:40694], old=null RUNNING] size=2
  s0:  RUNNING [
   FOLLOWER s0@group-FEE41E240123:t0, leader=null, voted=null, raftlog=s0@group-FEE41E240123-SegmentedRaftLog:OPENED:c-1,f-1,i0, conf=-1: [], old=null STARTING
  CANDIDATE s0@group-A7C5DBE940E2:t8, leader=null, voted=s0, raftlog=s0@group-A7C5DBE940E2-SegmentedRaftLog:OPENED:c-1,f-1,i0, conf=-1: [s3:0.0.0.0:38312, s4:0.0.0.0:41737, s0:0.0.0.0:41019, s1:0.0.0.0:38816, s2:0.0.0.0:40694], old=null RUNNING] size=2
  s1:  RUNNING [
   FOLLOWER s1@group-FEE41E240123:t0, leader=null, voted=null, raftlog=s1@group-FEE41E240123-SegmentedRaftLog:OPENED:c-1,f-1,i0, conf=-1: [], old=null STARTING
  CANDIDATE s1@group-A7C5DBE940E2:t8, leader=null, voted=s1, raftlog=s1@group-A7C5DBE940E2-SegmentedRaftLog:OPENED:c-1,f-1,i0, conf=-1: [s3:0.0.0.0:38312, s4:0.0.0.0:41737, s0:0.0.0.0:41019, s1:0.0.0.0:38816, s2:0.0.0.0:40694], old=null RUNNING] size=2
  s2:  RUNNING [
   FOLLOWER s2@group-FEE41E240123:t0, leader=null, voted=null, raftlog=s2@group-FEE41E240123-SegmentedRaftLog:OPENED:c-1,f-1,i0, conf=-1: [], old=null STARTING
  CANDIDATE s2@group-A7C5DBE940E2:t8, leader=null, voted=s2, raftlog=s2@group-A7C5DBE940E2-SegmentedRaftLog:OPENED:c-1,f-1,i0, conf=-1: [s3:0.0.0.0:38312, s4:0.0.0.0:41737, s0:0.0.0.0:41019, s1:0.0.0.0:38816, s2:0.0.0.0:40694], old=null RUNNING] size=2
	at org.apache.ratis.MiniRaftCluster.newIllegalStateExceptionForNoLeaders(MiniRaftCluster.java:506)
	at org.apache.ratis.RaftTestUtil.lambda$waitForLeader$1(RaftTestUtil.java:90)
	at org.apache.ratis.MiniRaftCluster.getLeader(MiniRaftCluster.java:539)
	at org.apache.ratis.MiniRaftCluster.getLeader(MiniRaftCluster.java:532)
	at org.apache.ratis.RaftTestUtil.lambda$waitForLeader$3(RaftTestUtil.java:98)
	at org.apache.ratis.util.JavaUtils.attempt(JavaUtils.java:152)
	at org.apache.ratis.RaftTestUtil.waitForLeader(RaftTestUtil.java:97)
	at org.apache.ratis.RaftTestUtil.waitForLeader(RaftTestUtil.java:77)
	at org.apache.ratis.server.impl.GroupManagementBaseTest.runMultiGroupTest(GroupManagementBaseTest.java:175)
	at org.apache.ratis.server.impl.GroupManagementBaseTest.runMultiGroupTest(GroupManagementBaseTest.java:126)
	at org.apache.ratis.server.impl.GroupManagementBaseTest.testMultiGroup9Nodes(GroupManagementBaseTest.java:121)
	at sun.reflect.NativeMethodAccessorImpl.invoke0(Native Method)
	at sun.reflect.NativeMethodAccessorImpl.invoke(NativeMethodAccessorImpl.java:62)
	at sun.reflect.DelegatingMethodAccessorImpl.invoke(DelegatingMethodAccessorImpl.java:43)
	at java.lang.reflect.Method.invoke(Method.java:498)
	at org.junit.runners.model.FrameworkMethod$1.runReflectiveCall(FrameworkMethod.java:50)
	at org.junit.internal.runners.model.ReflectiveCallable.run(ReflectiveCallable.java:12)
	at org.junit.runners.model.FrameworkMethod.invokeExplosively(FrameworkMethod.java:47)
	at org.junit.internal.runners.statements.InvokeMethod.evaluate(InvokeMethod.java:17)
	at org.junit.internal.runners.statements.RunAfters.evaluate(RunAfters.java:27)
	at org.junit.internal.runners.statements.FailOnTimeout$CallableStatement.call(FailOnTimeout.java:298)
	at org.junit.internal.runners.statements.FailOnTimeout$CallableStatement.call(FailOnTimeout.java:292)
	at java.util.concurrent.FutureTask.run(FutureTask.java:266)
	at java.lang.Thread.run(Thread.java:748)
2019-09-24 16:48:21,011 WARN  ratis.RaftTestUtil (JavaUtils.java:attempt(158)) - FAILED "waitForLeader-group-A7C5DBE940E2-(expectLeader? true)", attempt #80/100: java.lang.IllegalStateException: No leader yet  for group-A7C5DBE940E2: printing group-A7C5DBE940E2
  s3:  RUNNING [
   FOLLOWER s3@group-FEE41E240123:t0, leader=null, voted=null, raftlog=s3@group-FEE41E240123-SegmentedRaftLog:OPENED:c-1,f-1,i0, conf=-1: [], old=null STARTING
  CANDIDATE s3@group-A7C5DBE940E2:t8, leader=null, voted=s3, raftlog=s3@group-A7C5DBE940E2-SegmentedRaftLog:OPENED:c-1,f-1,i0, conf=-1: [s3:0.0.0.0:38312, s4:0.0.0.0:41737, s0:0.0.0.0:41019, s1:0.0.0.0:38816, s2:0.0.0.0:40694], old=null RUNNING] size=2
  s4:  RUNNING [
   FOLLOWER s4@group-FEE41E240123:t0, leader=null, voted=null, raftlog=s4@group-FEE41E240123-SegmentedRaftLog:OPENED:c-1,f-1,i0, conf=-1: [], old=null STARTING
  CANDIDATE s4@group-A7C5DBE940E2:t8, leader=null, voted=s4, raftlog=s4@group-A7C5DBE940E2-SegmentedRaftLog:OPENED:c-1,f-1,i0, conf=-1: [s3:0.0.0.0:38312, s4:0.0.0.0:41737, s0:0.0.0.0:41019, s1:0.0.0.0:38816, s2:0.0.0.0:40694], old=null RUNNING] size=2
  s0:  RUNNING [
   FOLLOWER s0@group-FEE41E240123:t0, leader=null, voted=null, raftlog=s0@group-FEE41E240123-SegmentedRaftLog:OPENED:c-1,f-1,i0, conf=-1: [], old=null STARTING
  CANDIDATE s0@group-A7C5DBE940E2:t8, leader=null, voted=s0, raftlog=s0@group-A7C5DBE940E2-SegmentedRaftLog:OPENED:c-1,f-1,i0, conf=-1: [s3:0.0.0.0:38312, s4:0.0.0.0:41737, s0:0.0.0.0:41019, s1:0.0.0.0:38816, s2:0.0.0.0:40694], old=null RUNNING] size=2
  s1:  RUNNING [
   FOLLOWER s1@group-FEE41E240123:t0, leader=null, voted=null, raftlog=s1@group-FEE41E240123-SegmentedRaftLog:OPENED:c-1,f-1,i0, conf=-1: [], old=null STARTING
  CANDIDATE s1@group-A7C5DBE940E2:t8, leader=null, voted=s1, raftlog=s1@group-A7C5DBE940E2-SegmentedRaftLog:OPENED:c-1,f-1,i0, conf=-1: [s3:0.0.0.0:38312, s4:0.0.0.0:41737, s0:0.0.0.0:41019, s1:0.0.0.0:38816, s2:0.0.0.0:40694], old=null RUNNING] size=2
  s2:  RUNNING [
   FOLLOWER s2@group-FEE41E240123:t0, leader=null, voted=null, raftlog=s2@group-FEE41E240123-SegmentedRaftLog:OPENED:c-1,f-1,i0, conf=-1: [], old=null STARTING
  CANDIDATE s2@group-A7C5DBE940E2:t8, leader=null, voted=s2, raftlog=s2@group-A7C5DBE940E2-SegmentedRaftLog:OPENED:c-1,f-1,i0, conf=-1: [s3:0.0.0.0:38312, s4:0.0.0.0:41737, s0:0.0.0.0:41019, s1:0.0.0.0:38816, s2:0.0.0.0:40694], old=null RUNNING] size=2, sleep 450ms and then retry.
java.lang.IllegalStateException: No leader yet  for group-A7C5DBE940E2: printing group-A7C5DBE940E2
  s3:  RUNNING [
   FOLLOWER s3@group-FEE41E240123:t0, leader=null, voted=null, raftlog=s3@group-FEE41E240123-SegmentedRaftLog:OPENED:c-1,f-1,i0, conf=-1: [], old=null STARTING
  CANDIDATE s3@group-A7C5DBE940E2:t8, leader=null, voted=s3, raftlog=s3@group-A7C5DBE940E2-SegmentedRaftLog:OPENED:c-1,f-1,i0, conf=-1: [s3:0.0.0.0:38312, s4:0.0.0.0:41737, s0:0.0.0.0:41019, s1:0.0.0.0:38816, s2:0.0.0.0:40694], old=null RUNNING] size=2
  s4:  RUNNING [
   FOLLOWER s4@group-FEE41E240123:t0, leader=null, voted=null, raftlog=s4@group-FEE41E240123-SegmentedRaftLog:OPENED:c-1,f-1,i0, conf=-1: [], old=null STARTING
  CANDIDATE s4@group-A7C5DBE940E2:t8, leader=null, voted=s4, raftlog=s4@group-A7C5DBE940E2-SegmentedRaftLog:OPENED:c-1,f-1,i0, conf=-1: [s3:0.0.0.0:38312, s4:0.0.0.0:41737, s0:0.0.0.0:41019, s1:0.0.0.0:38816, s2:0.0.0.0:40694], old=null RUNNING] size=2
  s0:  RUNNING [
   FOLLOWER s0@group-FEE41E240123:t0, leader=null, voted=null, raftlog=s0@group-FEE41E240123-SegmentedRaftLog:OPENED:c-1,f-1,i0, conf=-1: [], old=null STARTING
  CANDIDATE s0@group-A7C5DBE940E2:t8, leader=null, voted=s0, raftlog=s0@group-A7C5DBE940E2-SegmentedRaftLog:OPENED:c-1,f-1,i0, conf=-1: [s3:0.0.0.0:38312, s4:0.0.0.0:41737, s0:0.0.0.0:41019, s1:0.0.0.0:38816, s2:0.0.0.0:40694], old=null RUNNING] size=2
  s1:  RUNNING [
   FOLLOWER s1@group-FEE41E240123:t0, leader=null, voted=null, raftlog=s1@group-FEE41E240123-SegmentedRaftLog:OPENED:c-1,f-1,i0, conf=-1: [], old=null STARTING
  CANDIDATE s1@group-A7C5DBE940E2:t8, leader=null, voted=s1, raftlog=s1@group-A7C5DBE940E2-SegmentedRaftLog:OPENED:c-1,f-1,i0, conf=-1: [s3:0.0.0.0:38312, s4:0.0.0.0:41737, s0:0.0.0.0:41019, s1:0.0.0.0:38816, s2:0.0.0.0:40694], old=null RUNNING] size=2
  s2:  RUNNING [
   FOLLOWER s2@group-FEE41E240123:t0, leader=null, voted=null, raftlog=s2@group-FEE41E240123-SegmentedRaftLog:OPENED:c-1,f-1,i0, conf=-1: [], old=null STARTING
  CANDIDATE s2@group-A7C5DBE940E2:t8, leader=null, voted=s2, raftlog=s2@group-A7C5DBE940E2-SegmentedRaftLog:OPENED:c-1,f-1,i0, conf=-1: [s3:0.0.0.0:38312, s4:0.0.0.0:41737, s0:0.0.0.0:41019, s1:0.0.0.0:38816, s2:0.0.0.0:40694], old=null RUNNING] size=2
	at org.apache.ratis.MiniRaftCluster.newIllegalStateExceptionForNoLeaders(MiniRaftCluster.java:506)
	at org.apache.ratis.RaftTestUtil.lambda$waitForLeader$1(RaftTestUtil.java:90)
	at org.apache.ratis.MiniRaftCluster.getLeader(MiniRaftCluster.java:539)
	at org.apache.ratis.MiniRaftCluster.getLeader(MiniRaftCluster.java:532)
	at org.apache.ratis.RaftTestUtil.lambda$waitForLeader$3(RaftTestUtil.java:98)
	at org.apache.ratis.util.JavaUtils.attempt(JavaUtils.java:152)
	at org.apache.ratis.RaftTestUtil.waitForLeader(RaftTestUtil.java:97)
	at org.apache.ratis.RaftTestUtil.waitForLeader(RaftTestUtil.java:77)
	at org.apache.ratis.server.impl.GroupManagementBaseTest.runMultiGroupTest(GroupManagementBaseTest.java:175)
	at org.apache.ratis.server.impl.GroupManagementBaseTest.runMultiGroupTest(GroupManagementBaseTest.java:126)
	at org.apache.ratis.server.impl.GroupManagementBaseTest.testMultiGroup9Nodes(GroupManagementBaseTest.java:121)
	at sun.reflect.NativeMethodAccessorImpl.invoke0(Native Method)
	at sun.reflect.NativeMethodAccessorImpl.invoke(NativeMethodAccessorImpl.java:62)
	at sun.reflect.DelegatingMethodAccessorImpl.invoke(DelegatingMethodAccessorImpl.java:43)
	at java.lang.reflect.Method.invoke(Method.java:498)
	at org.junit.runners.model.FrameworkMethod$1.runReflectiveCall(FrameworkMethod.java:50)
	at org.junit.internal.runners.model.ReflectiveCallable.run(ReflectiveCallable.java:12)
	at org.junit.runners.model.FrameworkMethod.invokeExplosively(FrameworkMethod.java:47)
	at org.junit.internal.runners.statements.InvokeMethod.evaluate(InvokeMethod.java:17)
	at org.junit.internal.runners.statements.RunAfters.evaluate(RunAfters.java:27)
	at org.junit.internal.runners.statements.FailOnTimeout$CallableStatement.call(FailOnTimeout.java:298)
	at org.junit.internal.runners.statements.FailOnTimeout$CallableStatement.call(FailOnTimeout.java:292)
	at java.util.concurrent.FutureTask.run(FutureTask.java:266)
	at java.lang.Thread.run(Thread.java:748)
2019-09-24 16:48:21,463 WARN  ratis.RaftTestUtil (JavaUtils.java:attempt(158)) - FAILED "waitForLeader-group-A7C5DBE940E2-(expectLeader? true)", attempt #81/100: java.lang.IllegalStateException: No leader yet  for group-A7C5DBE940E2: printing group-A7C5DBE940E2
  s3:  RUNNING [
   FOLLOWER s3@group-FEE41E240123:t0, leader=null, voted=null, raftlog=s3@group-FEE41E240123-SegmentedRaftLog:OPENED:c-1,f-1,i0, conf=-1: [], old=null STARTING
  CANDIDATE s3@group-A7C5DBE940E2:t8, leader=null, voted=s3, raftlog=s3@group-A7C5DBE940E2-SegmentedRaftLog:OPENED:c-1,f-1,i0, conf=-1: [s3:0.0.0.0:38312, s4:0.0.0.0:41737, s0:0.0.0.0:41019, s1:0.0.0.0:38816, s2:0.0.0.0:40694], old=null RUNNING] size=2
  s4:  RUNNING [
   FOLLOWER s4@group-FEE41E240123:t0, leader=null, voted=null, raftlog=s4@group-FEE41E240123-SegmentedRaftLog:OPENED:c-1,f-1,i0, conf=-1: [], old=null STARTING
  CANDIDATE s4@group-A7C5DBE940E2:t8, leader=null, voted=s4, raftlog=s4@group-A7C5DBE940E2-SegmentedRaftLog:OPENED:c-1,f-1,i0, conf=-1: [s3:0.0.0.0:38312, s4:0.0.0.0:41737, s0:0.0.0.0:41019, s1:0.0.0.0:38816, s2:0.0.0.0:40694], old=null RUNNING] size=2
  s0:  RUNNING [
   FOLLOWER s0@group-FEE41E240123:t0, leader=null, voted=null, raftlog=s0@group-FEE41E240123-SegmentedRaftLog:OPENED:c-1,f-1,i0, conf=-1: [], old=null STARTING
  CANDIDATE s0@group-A7C5DBE940E2:t8, leader=null, voted=s0, raftlog=s0@group-A7C5DBE940E2-SegmentedRaftLog:OPENED:c-1,f-1,i0, conf=-1: [s3:0.0.0.0:38312, s4:0.0.0.0:41737, s0:0.0.0.0:41019, s1:0.0.0.0:38816, s2:0.0.0.0:40694], old=null RUNNING] size=2
  s1:  RUNNING [
   FOLLOWER s1@group-FEE41E240123:t0, leader=null, voted=null, raftlog=s1@group-FEE41E240123-SegmentedRaftLog:OPENED:c-1,f-1,i0, conf=-1: [], old=null STARTING
  CANDIDATE s1@group-A7C5DBE940E2:t8, leader=null, voted=s1, raftlog=s1@group-A7C5DBE940E2-SegmentedRaftLog:OPENED:c-1,f-1,i0, conf=-1: [s3:0.0.0.0:38312, s4:0.0.0.0:41737, s0:0.0.0.0:41019, s1:0.0.0.0:38816, s2:0.0.0.0:40694], old=null RUNNING] size=2
  s2:  RUNNING [
   FOLLOWER s2@group-FEE41E240123:t0, leader=null, voted=null, raftlog=s2@group-FEE41E240123-SegmentedRaftLog:OPENED:c-1,f-1,i0, conf=-1: [], old=null STARTING
  CANDIDATE s2@group-A7C5DBE940E2:t8, leader=null, voted=s2, raftlog=s2@group-A7C5DBE940E2-SegmentedRaftLog:OPENED:c-1,f-1,i0, conf=-1: [s3:0.0.0.0:38312, s4:0.0.0.0:41737, s0:0.0.0.0:41019, s1:0.0.0.0:38816, s2:0.0.0.0:40694], old=null RUNNING] size=2, sleep 450ms and then retry.
java.lang.IllegalStateException: No leader yet  for group-A7C5DBE940E2: printing group-A7C5DBE940E2
  s3:  RUNNING [
   FOLLOWER s3@group-FEE41E240123:t0, leader=null, voted=null, raftlog=s3@group-FEE41E240123-SegmentedRaftLog:OPENED:c-1,f-1,i0, conf=-1: [], old=null STARTING
  CANDIDATE s3@group-A7C5DBE940E2:t8, leader=null, voted=s3, raftlog=s3@group-A7C5DBE940E2-SegmentedRaftLog:OPENED:c-1,f-1,i0, conf=-1: [s3:0.0.0.0:38312, s4:0.0.0.0:41737, s0:0.0.0.0:41019, s1:0.0.0.0:38816, s2:0.0.0.0:40694], old=null RUNNING] size=2
  s4:  RUNNING [
   FOLLOWER s4@group-FEE41E240123:t0, leader=null, voted=null, raftlog=s4@group-FEE41E240123-SegmentedRaftLog:OPENED:c-1,f-1,i0, conf=-1: [], old=null STARTING
  CANDIDATE s4@group-A7C5DBE940E2:t8, leader=null, voted=s4, raftlog=s4@group-A7C5DBE940E2-SegmentedRaftLog:OPENED:c-1,f-1,i0, conf=-1: [s3:0.0.0.0:38312, s4:0.0.0.0:41737, s0:0.0.0.0:41019, s1:0.0.0.0:38816, s2:0.0.0.0:40694], old=null RUNNING] size=2
  s0:  RUNNING [
   FOLLOWER s0@group-FEE41E240123:t0, leader=null, voted=null, raftlog=s0@group-FEE41E240123-SegmentedRaftLog:OPENED:c-1,f-1,i0, conf=-1: [], old=null STARTING
  CANDIDATE s0@group-A7C5DBE940E2:t8, leader=null, voted=s0, raftlog=s0@group-A7C5DBE940E2-SegmentedRaftLog:OPENED:c-1,f-1,i0, conf=-1: [s3:0.0.0.0:38312, s4:0.0.0.0:41737, s0:0.0.0.0:41019, s1:0.0.0.0:38816, s2:0.0.0.0:40694], old=null RUNNING] size=2
  s1:  RUNNING [
   FOLLOWER s1@group-FEE41E240123:t0, leader=null, voted=null, raftlog=s1@group-FEE41E240123-SegmentedRaftLog:OPENED:c-1,f-1,i0, conf=-1: [], old=null STARTING
  CANDIDATE s1@group-A7C5DBE940E2:t8, leader=null, voted=s1, raftlog=s1@group-A7C5DBE940E2-SegmentedRaftLog:OPENED:c-1,f-1,i0, conf=-1: [s3:0.0.0.0:38312, s4:0.0.0.0:41737, s0:0.0.0.0:41019, s1:0.0.0.0:38816, s2:0.0.0.0:40694], old=null RUNNING] size=2
  s2:  RUNNING [
   FOLLOWER s2@group-FEE41E240123:t0, leader=null, voted=null, raftlog=s2@group-FEE41E240123-SegmentedRaftLog:OPENED:c-1,f-1,i0, conf=-1: [], old=null STARTING
  CANDIDATE s2@group-A7C5DBE940E2:t8, leader=null, voted=s2, raftlog=s2@group-A7C5DBE940E2-SegmentedRaftLog:OPENED:c-1,f-1,i0, conf=-1: [s3:0.0.0.0:38312, s4:0.0.0.0:41737, s0:0.0.0.0:41019, s1:0.0.0.0:38816, s2:0.0.0.0:40694], old=null RUNNING] size=2
	at org.apache.ratis.MiniRaftCluster.newIllegalStateExceptionForNoLeaders(MiniRaftCluster.java:506)
	at org.apache.ratis.RaftTestUtil.lambda$waitForLeader$1(RaftTestUtil.java:90)
	at org.apache.ratis.MiniRaftCluster.getLeader(MiniRaftCluster.java:539)
	at org.apache.ratis.MiniRaftCluster.getLeader(MiniRaftCluster.java:532)
	at org.apache.ratis.RaftTestUtil.lambda$waitForLeader$3(RaftTestUtil.java:98)
	at org.apache.ratis.util.JavaUtils.attempt(JavaUtils.java:152)
	at org.apache.ratis.RaftTestUtil.waitForLeader(RaftTestUtil.java:97)
	at org.apache.ratis.RaftTestUtil.waitForLeader(RaftTestUtil.java:77)
	at org.apache.ratis.server.impl.GroupManagementBaseTest.runMultiGroupTest(GroupManagementBaseTest.java:175)
	at org.apache.ratis.server.impl.GroupManagementBaseTest.runMultiGroupTest(GroupManagementBaseTest.java:126)
	at org.apache.ratis.server.impl.GroupManagementBaseTest.testMultiGroup9Nodes(GroupManagementBaseTest.java:121)
	at sun.reflect.NativeMethodAccessorImpl.invoke0(Native Method)
	at sun.reflect.NativeMethodAccessorImpl.invoke(NativeMethodAccessorImpl.java:62)
	at sun.reflect.DelegatingMethodAccessorImpl.invoke(DelegatingMethodAccessorImpl.java:43)
	at java.lang.reflect.Method.invoke(Method.java:498)
	at org.junit.runners.model.FrameworkMethod$1.runReflectiveCall(FrameworkMethod.java:50)
	at org.junit.internal.runners.model.ReflectiveCallable.run(ReflectiveCallable.java:12)
	at org.junit.runners.model.FrameworkMethod.invokeExplosively(FrameworkMethod.java:47)
	at org.junit.internal.runners.statements.InvokeMethod.evaluate(InvokeMethod.java:17)
	at org.junit.internal.runners.statements.RunAfters.evaluate(RunAfters.java:27)
	at org.junit.internal.runners.statements.FailOnTimeout$CallableStatement.call(FailOnTimeout.java:298)
	at org.junit.internal.runners.statements.FailOnTimeout$CallableStatement.call(FailOnTimeout.java:292)
	at java.util.concurrent.FutureTask.run(FutureTask.java:266)
	at java.lang.Thread.run(Thread.java:748)
2019-09-24 16:48:21,915 WARN  ratis.RaftTestUtil (JavaUtils.java:attempt(158)) - FAILED "waitForLeader-group-A7C5DBE940E2-(expectLeader? true)", attempt #82/100: java.lang.IllegalStateException: No leader yet  for group-A7C5DBE940E2: printing group-A7C5DBE940E2
  s3:  RUNNING [
   FOLLOWER s3@group-FEE41E240123:t0, leader=null, voted=null, raftlog=s3@group-FEE41E240123-SegmentedRaftLog:OPENED:c-1,f-1,i0, conf=-1: [], old=null STARTING
  CANDIDATE s3@group-A7C5DBE940E2:t8, leader=null, voted=s3, raftlog=s3@group-A7C5DBE940E2-SegmentedRaftLog:OPENED:c-1,f-1,i0, conf=-1: [s3:0.0.0.0:38312, s4:0.0.0.0:41737, s0:0.0.0.0:41019, s1:0.0.0.0:38816, s2:0.0.0.0:40694], old=null RUNNING] size=2
  s4:  RUNNING [
   FOLLOWER s4@group-FEE41E240123:t0, leader=null, voted=null, raftlog=s4@group-FEE41E240123-SegmentedRaftLog:OPENED:c-1,f-1,i0, conf=-1: [], old=null STARTING
  CANDIDATE s4@group-A7C5DBE940E2:t8, leader=null, voted=s4, raftlog=s4@group-A7C5DBE940E2-SegmentedRaftLog:OPENED:c-1,f-1,i0, conf=-1: [s3:0.0.0.0:38312, s4:0.0.0.0:41737, s0:0.0.0.0:41019, s1:0.0.0.0:38816, s2:0.0.0.0:40694], old=null RUNNING] size=2
  s0:  RUNNING [
   FOLLOWER s0@group-FEE41E240123:t0, leader=null, voted=null, raftlog=s0@group-FEE41E240123-SegmentedRaftLog:OPENED:c-1,f-1,i0, conf=-1: [], old=null STARTING
  CANDIDATE s0@group-A7C5DBE940E2:t8, leader=null, voted=s0, raftlog=s0@group-A7C5DBE940E2-SegmentedRaftLog:OPENED:c-1,f-1,i0, conf=-1: [s3:0.0.0.0:38312, s4:0.0.0.0:41737, s0:0.0.0.0:41019, s1:0.0.0.0:38816, s2:0.0.0.0:40694], old=null RUNNING] size=2
  s1:  RUNNING [
   FOLLOWER s1@group-FEE41E240123:t0, leader=null, voted=null, raftlog=s1@group-FEE41E240123-SegmentedRaftLog:OPENED:c-1,f-1,i0, conf=-1: [], old=null STARTING
  CANDIDATE s1@group-A7C5DBE940E2:t8, leader=null, voted=s1, raftlog=s1@group-A7C5DBE940E2-SegmentedRaftLog:OPENED:c-1,f-1,i0, conf=-1: [s3:0.0.0.0:38312, s4:0.0.0.0:41737, s0:0.0.0.0:41019, s1:0.0.0.0:38816, s2:0.0.0.0:40694], old=null RUNNING] size=2
  s2:  RUNNING [
   FOLLOWER s2@group-FEE41E240123:t0, leader=null, voted=null, raftlog=s2@group-FEE41E240123-SegmentedRaftLog:OPENED:c-1,f-1,i0, conf=-1: [], old=null STARTING
  CANDIDATE s2@group-A7C5DBE940E2:t8, leader=null, voted=s2, raftlog=s2@group-A7C5DBE940E2-SegmentedRaftLog:OPENED:c-1,f-1,i0, conf=-1: [s3:0.0.0.0:38312, s4:0.0.0.0:41737, s0:0.0.0.0:41019, s1:0.0.0.0:38816, s2:0.0.0.0:40694], old=null RUNNING] size=2, sleep 450ms and then retry.
java.lang.IllegalStateException: No leader yet  for group-A7C5DBE940E2: printing group-A7C5DBE940E2
  s3:  RUNNING [
   FOLLOWER s3@group-FEE41E240123:t0, leader=null, voted=null, raftlog=s3@group-FEE41E240123-SegmentedRaftLog:OPENED:c-1,f-1,i0, conf=-1: [], old=null STARTING
  CANDIDATE s3@group-A7C5DBE940E2:t8, leader=null, voted=s3, raftlog=s3@group-A7C5DBE940E2-SegmentedRaftLog:OPENED:c-1,f-1,i0, conf=-1: [s3:0.0.0.0:38312, s4:0.0.0.0:41737, s0:0.0.0.0:41019, s1:0.0.0.0:38816, s2:0.0.0.0:40694], old=null RUNNING] size=2
  s4:  RUNNING [
   FOLLOWER s4@group-FEE41E240123:t0, leader=null, voted=null, raftlog=s4@group-FEE41E240123-SegmentedRaftLog:OPENED:c-1,f-1,i0, conf=-1: [], old=null STARTING
  CANDIDATE s4@group-A7C5DBE940E2:t8, leader=null, voted=s4, raftlog=s4@group-A7C5DBE940E2-SegmentedRaftLog:OPENED:c-1,f-1,i0, conf=-1: [s3:0.0.0.0:38312, s4:0.0.0.0:41737, s0:0.0.0.0:41019, s1:0.0.0.0:38816, s2:0.0.0.0:40694], old=null RUNNING] size=2
  s0:  RUNNING [
   FOLLOWER s0@group-FEE41E240123:t0, leader=null, voted=null, raftlog=s0@group-FEE41E240123-SegmentedRaftLog:OPENED:c-1,f-1,i0, conf=-1: [], old=null STARTING
  CANDIDATE s0@group-A7C5DBE940E2:t8, leader=null, voted=s0, raftlog=s0@group-A7C5DBE940E2-SegmentedRaftLog:OPENED:c-1,f-1,i0, conf=-1: [s3:0.0.0.0:38312, s4:0.0.0.0:41737, s0:0.0.0.0:41019, s1:0.0.0.0:38816, s2:0.0.0.0:40694], old=null RUNNING] size=2
  s1:  RUNNING [
   FOLLOWER s1@group-FEE41E240123:t0, leader=null, voted=null, raftlog=s1@group-FEE41E240123-SegmentedRaftLog:OPENED:c-1,f-1,i0, conf=-1: [], old=null STARTING
  CANDIDATE s1@group-A7C5DBE940E2:t8, leader=null, voted=s1, raftlog=s1@group-A7C5DBE940E2-SegmentedRaftLog:OPENED:c-1,f-1,i0, conf=-1: [s3:0.0.0.0:38312, s4:0.0.0.0:41737, s0:0.0.0.0:41019, s1:0.0.0.0:38816, s2:0.0.0.0:40694], old=null RUNNING] size=2
  s2:  RUNNING [
   FOLLOWER s2@group-FEE41E240123:t0, leader=null, voted=null, raftlog=s2@group-FEE41E240123-SegmentedRaftLog:OPENED:c-1,f-1,i0, conf=-1: [], old=null STARTING
  CANDIDATE s2@group-A7C5DBE940E2:t8, leader=null, voted=s2, raftlog=s2@group-A7C5DBE940E2-SegmentedRaftLog:OPENED:c-1,f-1,i0, conf=-1: [s3:0.0.0.0:38312, s4:0.0.0.0:41737, s0:0.0.0.0:41019, s1:0.0.0.0:38816, s2:0.0.0.0:40694], old=null RUNNING] size=2
	at org.apache.ratis.MiniRaftCluster.newIllegalStateExceptionForNoLeaders(MiniRaftCluster.java:506)
	at org.apache.ratis.RaftTestUtil.lambda$waitForLeader$1(RaftTestUtil.java:90)
	at org.apache.ratis.MiniRaftCluster.getLeader(MiniRaftCluster.java:539)
	at org.apache.ratis.MiniRaftCluster.getLeader(MiniRaftCluster.java:532)
	at org.apache.ratis.RaftTestUtil.lambda$waitForLeader$3(RaftTestUtil.java:98)
	at org.apache.ratis.util.JavaUtils.attempt(JavaUtils.java:152)
	at org.apache.ratis.RaftTestUtil.waitForLeader(RaftTestUtil.java:97)
	at org.apache.ratis.RaftTestUtil.waitForLeader(RaftTestUtil.java:77)
	at org.apache.ratis.server.impl.GroupManagementBaseTest.runMultiGroupTest(GroupManagementBaseTest.java:175)
	at org.apache.ratis.server.impl.GroupManagementBaseTest.runMultiGroupTest(GroupManagementBaseTest.java:126)
	at org.apache.ratis.server.impl.GroupManagementBaseTest.testMultiGroup9Nodes(GroupManagementBaseTest.java:121)
	at sun.reflect.NativeMethodAccessorImpl.invoke0(Native Method)
	at sun.reflect.NativeMethodAccessorImpl.invoke(NativeMethodAccessorImpl.java:62)
	at sun.reflect.DelegatingMethodAccessorImpl.invoke(DelegatingMethodAccessorImpl.java:43)
	at java.lang.reflect.Method.invoke(Method.java:498)
	at org.junit.runners.model.FrameworkMethod$1.runReflectiveCall(FrameworkMethod.java:50)
	at org.junit.internal.runners.model.ReflectiveCallable.run(ReflectiveCallable.java:12)
	at org.junit.runners.model.FrameworkMethod.invokeExplosively(FrameworkMethod.java:47)
	at org.junit.internal.runners.statements.InvokeMethod.evaluate(InvokeMethod.java:17)
	at org.junit.internal.runners.statements.RunAfters.evaluate(RunAfters.java:27)
	at org.junit.internal.runners.statements.FailOnTimeout$CallableStatement.call(FailOnTimeout.java:298)
	at org.junit.internal.runners.statements.FailOnTimeout$CallableStatement.call(FailOnTimeout.java:292)
	at java.util.concurrent.FutureTask.run(FutureTask.java:266)
	at java.lang.Thread.run(Thread.java:748)
2019-09-24 16:48:22,367 WARN  ratis.RaftTestUtil (JavaUtils.java:attempt(158)) - FAILED "waitForLeader-group-A7C5DBE940E2-(expectLeader? true)", attempt #83/100: java.lang.IllegalStateException: No leader yet  for group-A7C5DBE940E2: printing group-A7C5DBE940E2
  s3:  RUNNING [
   FOLLOWER s3@group-FEE41E240123:t0, leader=null, voted=null, raftlog=s3@group-FEE41E240123-SegmentedRaftLog:OPENED:c-1,f-1,i0, conf=-1: [], old=null STARTING
  CANDIDATE s3@group-A7C5DBE940E2:t8, leader=null, voted=s3, raftlog=s3@group-A7C5DBE940E2-SegmentedRaftLog:OPENED:c-1,f-1,i0, conf=-1: [s3:0.0.0.0:38312, s4:0.0.0.0:41737, s0:0.0.0.0:41019, s1:0.0.0.0:38816, s2:0.0.0.0:40694], old=null RUNNING] size=2
  s4:  RUNNING [
   FOLLOWER s4@group-FEE41E240123:t0, leader=null, voted=null, raftlog=s4@group-FEE41E240123-SegmentedRaftLog:OPENED:c-1,f-1,i0, conf=-1: [], old=null STARTING
  CANDIDATE s4@group-A7C5DBE940E2:t8, leader=null, voted=s4, raftlog=s4@group-A7C5DBE940E2-SegmentedRaftLog:OPENED:c-1,f-1,i0, conf=-1: [s3:0.0.0.0:38312, s4:0.0.0.0:41737, s0:0.0.0.0:41019, s1:0.0.0.0:38816, s2:0.0.0.0:40694], old=null RUNNING] size=2
  s0:  RUNNING [
   FOLLOWER s0@group-FEE41E240123:t0, leader=null, voted=null, raftlog=s0@group-FEE41E240123-SegmentedRaftLog:OPENED:c-1,f-1,i0, conf=-1: [], old=null STARTING
  CANDIDATE s0@group-A7C5DBE940E2:t8, leader=null, voted=s0, raftlog=s0@group-A7C5DBE940E2-SegmentedRaftLog:OPENED:c-1,f-1,i0, conf=-1: [s3:0.0.0.0:38312, s4:0.0.0.0:41737, s0:0.0.0.0:41019, s1:0.0.0.0:38816, s2:0.0.0.0:40694], old=null RUNNING] size=2
  s1:  RUNNING [
   FOLLOWER s1@group-FEE41E240123:t0, leader=null, voted=null, raftlog=s1@group-FEE41E240123-SegmentedRaftLog:OPENED:c-1,f-1,i0, conf=-1: [], old=null STARTING
  CANDIDATE s1@group-A7C5DBE940E2:t8, leader=null, voted=s1, raftlog=s1@group-A7C5DBE940E2-SegmentedRaftLog:OPENED:c-1,f-1,i0, conf=-1: [s3:0.0.0.0:38312, s4:0.0.0.0:41737, s0:0.0.0.0:41019, s1:0.0.0.0:38816, s2:0.0.0.0:40694], old=null RUNNING] size=2
  s2:  RUNNING [
   FOLLOWER s2@group-FEE41E240123:t0, leader=null, voted=null, raftlog=s2@group-FEE41E240123-SegmentedRaftLog:OPENED:c-1,f-1,i0, conf=-1: [], old=null STARTING
  CANDIDATE s2@group-A7C5DBE940E2:t8, leader=null, voted=s2, raftlog=s2@group-A7C5DBE940E2-SegmentedRaftLog:OPENED:c-1,f-1,i0, conf=-1: [s3:0.0.0.0:38312, s4:0.0.0.0:41737, s0:0.0.0.0:41019, s1:0.0.0.0:38816, s2:0.0.0.0:40694], old=null RUNNING] size=2, sleep 450ms and then retry.
java.lang.IllegalStateException: No leader yet  for group-A7C5DBE940E2: printing group-A7C5DBE940E2
  s3:  RUNNING [
   FOLLOWER s3@group-FEE41E240123:t0, leader=null, voted=null, raftlog=s3@group-FEE41E240123-SegmentedRaftLog:OPENED:c-1,f-1,i0, conf=-1: [], old=null STARTING
  CANDIDATE s3@group-A7C5DBE940E2:t8, leader=null, voted=s3, raftlog=s3@group-A7C5DBE940E2-SegmentedRaftLog:OPENED:c-1,f-1,i0, conf=-1: [s3:0.0.0.0:38312, s4:0.0.0.0:41737, s0:0.0.0.0:41019, s1:0.0.0.0:38816, s2:0.0.0.0:40694], old=null RUNNING] size=2
  s4:  RUNNING [
   FOLLOWER s4@group-FEE41E240123:t0, leader=null, voted=null, raftlog=s4@group-FEE41E240123-SegmentedRaftLog:OPENED:c-1,f-1,i0, conf=-1: [], old=null STARTING
  CANDIDATE s4@group-A7C5DBE940E2:t8, leader=null, voted=s4, raftlog=s4@group-A7C5DBE940E2-SegmentedRaftLog:OPENED:c-1,f-1,i0, conf=-1: [s3:0.0.0.0:38312, s4:0.0.0.0:41737, s0:0.0.0.0:41019, s1:0.0.0.0:38816, s2:0.0.0.0:40694], old=null RUNNING] size=2
  s0:  RUNNING [
   FOLLOWER s0@group-FEE41E240123:t0, leader=null, voted=null, raftlog=s0@group-FEE41E240123-SegmentedRaftLog:OPENED:c-1,f-1,i0, conf=-1: [], old=null STARTING
  CANDIDATE s0@group-A7C5DBE940E2:t8, leader=null, voted=s0, raftlog=s0@group-A7C5DBE940E2-SegmentedRaftLog:OPENED:c-1,f-1,i0, conf=-1: [s3:0.0.0.0:38312, s4:0.0.0.0:41737, s0:0.0.0.0:41019, s1:0.0.0.0:38816, s2:0.0.0.0:40694], old=null RUNNING] size=2
  s1:  RUNNING [
   FOLLOWER s1@group-FEE41E240123:t0, leader=null, voted=null, raftlog=s1@group-FEE41E240123-SegmentedRaftLog:OPENED:c-1,f-1,i0, conf=-1: [], old=null STARTING
  CANDIDATE s1@group-A7C5DBE940E2:t8, leader=null, voted=s1, raftlog=s1@group-A7C5DBE940E2-SegmentedRaftLog:OPENED:c-1,f-1,i0, conf=-1: [s3:0.0.0.0:38312, s4:0.0.0.0:41737, s0:0.0.0.0:41019, s1:0.0.0.0:38816, s2:0.0.0.0:40694], old=null RUNNING] size=2
  s2:  RUNNING [
   FOLLOWER s2@group-FEE41E240123:t0, leader=null, voted=null, raftlog=s2@group-FEE41E240123-SegmentedRaftLog:OPENED:c-1,f-1,i0, conf=-1: [], old=null STARTING
  CANDIDATE s2@group-A7C5DBE940E2:t8, leader=null, voted=s2, raftlog=s2@group-A7C5DBE940E2-SegmentedRaftLog:OPENED:c-1,f-1,i0, conf=-1: [s3:0.0.0.0:38312, s4:0.0.0.0:41737, s0:0.0.0.0:41019, s1:0.0.0.0:38816, s2:0.0.0.0:40694], old=null RUNNING] size=2
	at org.apache.ratis.MiniRaftCluster.newIllegalStateExceptionForNoLeaders(MiniRaftCluster.java:506)
	at org.apache.ratis.RaftTestUtil.lambda$waitForLeader$1(RaftTestUtil.java:90)
	at org.apache.ratis.MiniRaftCluster.getLeader(MiniRaftCluster.java:539)
	at org.apache.ratis.MiniRaftCluster.getLeader(MiniRaftCluster.java:532)
	at org.apache.ratis.RaftTestUtil.lambda$waitForLeader$3(RaftTestUtil.java:98)
	at org.apache.ratis.util.JavaUtils.attempt(JavaUtils.java:152)
	at org.apache.ratis.RaftTestUtil.waitForLeader(RaftTestUtil.java:97)
	at org.apache.ratis.RaftTestUtil.waitForLeader(RaftTestUtil.java:77)
	at org.apache.ratis.server.impl.GroupManagementBaseTest.runMultiGroupTest(GroupManagementBaseTest.java:175)
	at org.apache.ratis.server.impl.GroupManagementBaseTest.runMultiGroupTest(GroupManagementBaseTest.java:126)
	at org.apache.ratis.server.impl.GroupManagementBaseTest.testMultiGroup9Nodes(GroupManagementBaseTest.java:121)
	at sun.reflect.NativeMethodAccessorImpl.invoke0(Native Method)
	at sun.reflect.NativeMethodAccessorImpl.invoke(NativeMethodAccessorImpl.java:62)
	at sun.reflect.DelegatingMethodAccessorImpl.invoke(DelegatingMethodAccessorImpl.java:43)
	at java.lang.reflect.Method.invoke(Method.java:498)
	at org.junit.runners.model.FrameworkMethod$1.runReflectiveCall(FrameworkMethod.java:50)
	at org.junit.internal.runners.model.ReflectiveCallable.run(ReflectiveCallable.java:12)
	at org.junit.runners.model.FrameworkMethod.invokeExplosively(FrameworkMethod.java:47)
	at org.junit.internal.runners.statements.InvokeMethod.evaluate(InvokeMethod.java:17)
	at org.junit.internal.runners.statements.RunAfters.evaluate(RunAfters.java:27)
	at org.junit.internal.runners.statements.FailOnTimeout$CallableStatement.call(FailOnTimeout.java:298)
	at org.junit.internal.runners.statements.FailOnTimeout$CallableStatement.call(FailOnTimeout.java:292)
	at java.util.concurrent.FutureTask.run(FutureTask.java:266)
	at java.lang.Thread.run(Thread.java:748)
2019-09-24 16:48:22,820 WARN  ratis.RaftTestUtil (JavaUtils.java:attempt(158)) - FAILED "waitForLeader-group-A7C5DBE940E2-(expectLeader? true)", attempt #84/100: java.lang.IllegalStateException: No leader yet  for group-A7C5DBE940E2: printing group-A7C5DBE940E2
  s3:  RUNNING [
   FOLLOWER s3@group-FEE41E240123:t0, leader=null, voted=null, raftlog=s3@group-FEE41E240123-SegmentedRaftLog:OPENED:c-1,f-1,i0, conf=-1: [], old=null STARTING
  CANDIDATE s3@group-A7C5DBE940E2:t8, leader=null, voted=s3, raftlog=s3@group-A7C5DBE940E2-SegmentedRaftLog:OPENED:c-1,f-1,i0, conf=-1: [s3:0.0.0.0:38312, s4:0.0.0.0:41737, s0:0.0.0.0:41019, s1:0.0.0.0:38816, s2:0.0.0.0:40694], old=null RUNNING] size=2
  s4:  RUNNING [
   FOLLOWER s4@group-FEE41E240123:t0, leader=null, voted=null, raftlog=s4@group-FEE41E240123-SegmentedRaftLog:OPENED:c-1,f-1,i0, conf=-1: [], old=null STARTING
  CANDIDATE s4@group-A7C5DBE940E2:t8, leader=null, voted=s4, raftlog=s4@group-A7C5DBE940E2-SegmentedRaftLog:OPENED:c-1,f-1,i0, conf=-1: [s3:0.0.0.0:38312, s4:0.0.0.0:41737, s0:0.0.0.0:41019, s1:0.0.0.0:38816, s2:0.0.0.0:40694], old=null RUNNING] size=2
  s0:  RUNNING [
   FOLLOWER s0@group-FEE41E240123:t0, leader=null, voted=null, raftlog=s0@group-FEE41E240123-SegmentedRaftLog:OPENED:c-1,f-1,i0, conf=-1: [], old=null STARTING
  CANDIDATE s0@group-A7C5DBE940E2:t8, leader=null, voted=s0, raftlog=s0@group-A7C5DBE940E2-SegmentedRaftLog:OPENED:c-1,f-1,i0, conf=-1: [s3:0.0.0.0:38312, s4:0.0.0.0:41737, s0:0.0.0.0:41019, s1:0.0.0.0:38816, s2:0.0.0.0:40694], old=null RUNNING] size=2
  s1:  RUNNING [
   FOLLOWER s1@group-FEE41E240123:t0, leader=null, voted=null, raftlog=s1@group-FEE41E240123-SegmentedRaftLog:OPENED:c-1,f-1,i0, conf=-1: [], old=null STARTING
  CANDIDATE s1@group-A7C5DBE940E2:t8, leader=null, voted=s1, raftlog=s1@group-A7C5DBE940E2-SegmentedRaftLog:OPENED:c-1,f-1,i0, conf=-1: [s3:0.0.0.0:38312, s4:0.0.0.0:41737, s0:0.0.0.0:41019, s1:0.0.0.0:38816, s2:0.0.0.0:40694], old=null RUNNING] size=2
  s2:  RUNNING [
   FOLLOWER s2@group-FEE41E240123:t0, leader=null, voted=null, raftlog=s2@group-FEE41E240123-SegmentedRaftLog:OPENED:c-1,f-1,i0, conf=-1: [], old=null STARTING
  CANDIDATE s2@group-A7C5DBE940E2:t8, leader=null, voted=s2, raftlog=s2@group-A7C5DBE940E2-SegmentedRaftLog:OPENED:c-1,f-1,i0, conf=-1: [s3:0.0.0.0:38312, s4:0.0.0.0:41737, s0:0.0.0.0:41019, s1:0.0.0.0:38816, s2:0.0.0.0:40694], old=null RUNNING] size=2, sleep 450ms and then retry.
java.lang.IllegalStateException: No leader yet  for group-A7C5DBE940E2: printing group-A7C5DBE940E2
  s3:  RUNNING [
   FOLLOWER s3@group-FEE41E240123:t0, leader=null, voted=null, raftlog=s3@group-FEE41E240123-SegmentedRaftLog:OPENED:c-1,f-1,i0, conf=-1: [], old=null STARTING
  CANDIDATE s3@group-A7C5DBE940E2:t8, leader=null, voted=s3, raftlog=s3@group-A7C5DBE940E2-SegmentedRaftLog:OPENED:c-1,f-1,i0, conf=-1: [s3:0.0.0.0:38312, s4:0.0.0.0:41737, s0:0.0.0.0:41019, s1:0.0.0.0:38816, s2:0.0.0.0:40694], old=null RUNNING] size=2
  s4:  RUNNING [
   FOLLOWER s4@group-FEE41E240123:t0, leader=null, voted=null, raftlog=s4@group-FEE41E240123-SegmentedRaftLog:OPENED:c-1,f-1,i0, conf=-1: [], old=null STARTING
  CANDIDATE s4@group-A7C5DBE940E2:t8, leader=null, voted=s4, raftlog=s4@group-A7C5DBE940E2-SegmentedRaftLog:OPENED:c-1,f-1,i0, conf=-1: [s3:0.0.0.0:38312, s4:0.0.0.0:41737, s0:0.0.0.0:41019, s1:0.0.0.0:38816, s2:0.0.0.0:40694], old=null RUNNING] size=2
  s0:  RUNNING [
   FOLLOWER s0@group-FEE41E240123:t0, leader=null, voted=null, raftlog=s0@group-FEE41E240123-SegmentedRaftLog:OPENED:c-1,f-1,i0, conf=-1: [], old=null STARTING
  CANDIDATE s0@group-A7C5DBE940E2:t8, leader=null, voted=s0, raftlog=s0@group-A7C5DBE940E2-SegmentedRaftLog:OPENED:c-1,f-1,i0, conf=-1: [s3:0.0.0.0:38312, s4:0.0.0.0:41737, s0:0.0.0.0:41019, s1:0.0.0.0:38816, s2:0.0.0.0:40694], old=null RUNNING] size=2
  s1:  RUNNING [
   FOLLOWER s1@group-FEE41E240123:t0, leader=null, voted=null, raftlog=s1@group-FEE41E240123-SegmentedRaftLog:OPENED:c-1,f-1,i0, conf=-1: [], old=null STARTING
  CANDIDATE s1@group-A7C5DBE940E2:t8, leader=null, voted=s1, raftlog=s1@group-A7C5DBE940E2-SegmentedRaftLog:OPENED:c-1,f-1,i0, conf=-1: [s3:0.0.0.0:38312, s4:0.0.0.0:41737, s0:0.0.0.0:41019, s1:0.0.0.0:38816, s2:0.0.0.0:40694], old=null RUNNING] size=2
  s2:  RUNNING [
   FOLLOWER s2@group-FEE41E240123:t0, leader=null, voted=null, raftlog=s2@group-FEE41E240123-SegmentedRaftLog:OPENED:c-1,f-1,i0, conf=-1: [], old=null STARTING
  CANDIDATE s2@group-A7C5DBE940E2:t8, leader=null, voted=s2, raftlog=s2@group-A7C5DBE940E2-SegmentedRaftLog:OPENED:c-1,f-1,i0, conf=-1: [s3:0.0.0.0:38312, s4:0.0.0.0:41737, s0:0.0.0.0:41019, s1:0.0.0.0:38816, s2:0.0.0.0:40694], old=null RUNNING] size=2
	at org.apache.ratis.MiniRaftCluster.newIllegalStateExceptionForNoLeaders(MiniRaftCluster.java:506)
	at org.apache.ratis.RaftTestUtil.lambda$waitForLeader$1(RaftTestUtil.java:90)
	at org.apache.ratis.MiniRaftCluster.getLeader(MiniRaftCluster.java:539)
	at org.apache.ratis.MiniRaftCluster.getLeader(MiniRaftCluster.java:532)
	at org.apache.ratis.RaftTestUtil.lambda$waitForLeader$3(RaftTestUtil.java:98)
	at org.apache.ratis.util.JavaUtils.attempt(JavaUtils.java:152)
	at org.apache.ratis.RaftTestUtil.waitForLeader(RaftTestUtil.java:97)
	at org.apache.ratis.RaftTestUtil.waitForLeader(RaftTestUtil.java:77)
	at org.apache.ratis.server.impl.GroupManagementBaseTest.runMultiGroupTest(GroupManagementBaseTest.java:175)
	at org.apache.ratis.server.impl.GroupManagementBaseTest.runMultiGroupTest(GroupManagementBaseTest.java:126)
	at org.apache.ratis.server.impl.GroupManagementBaseTest.testMultiGroup9Nodes(GroupManagementBaseTest.java:121)
	at sun.reflect.NativeMethodAccessorImpl.invoke0(Native Method)
	at sun.reflect.NativeMethodAccessorImpl.invoke(NativeMethodAccessorImpl.java:62)
	at sun.reflect.DelegatingMethodAccessorImpl.invoke(DelegatingMethodAccessorImpl.java:43)
	at java.lang.reflect.Method.invoke(Method.java:498)
	at org.junit.runners.model.FrameworkMethod$1.runReflectiveCall(FrameworkMethod.java:50)
	at org.junit.internal.runners.model.ReflectiveCallable.run(ReflectiveCallable.java:12)
	at org.junit.runners.model.FrameworkMethod.invokeExplosively(FrameworkMethod.java:47)
	at org.junit.internal.runners.statements.InvokeMethod.evaluate(InvokeMethod.java:17)
	at org.junit.internal.runners.statements.RunAfters.evaluate(RunAfters.java:27)
	at org.junit.internal.runners.statements.FailOnTimeout$CallableStatement.call(FailOnTimeout.java:298)
	at org.junit.internal.runners.statements.FailOnTimeout$CallableStatement.call(FailOnTimeout.java:292)
	at java.util.concurrent.FutureTask.run(FutureTask.java:266)
	at java.lang.Thread.run(Thread.java:748)
2019-09-24 16:48:23,271 WARN  ratis.RaftTestUtil (JavaUtils.java:attempt(158)) - FAILED "waitForLeader-group-A7C5DBE940E2-(expectLeader? true)", attempt #85/100: java.lang.IllegalStateException: No leader yet  for group-A7C5DBE940E2: printing group-A7C5DBE940E2
  s3:  RUNNING [
   FOLLOWER s3@group-FEE41E240123:t0, leader=null, voted=null, raftlog=s3@group-FEE41E240123-SegmentedRaftLog:OPENED:c-1,f-1,i0, conf=-1: [], old=null STARTING
  CANDIDATE s3@group-A7C5DBE940E2:t8, leader=null, voted=s3, raftlog=s3@group-A7C5DBE940E2-SegmentedRaftLog:OPENED:c-1,f-1,i0, conf=-1: [s3:0.0.0.0:38312, s4:0.0.0.0:41737, s0:0.0.0.0:41019, s1:0.0.0.0:38816, s2:0.0.0.0:40694], old=null RUNNING] size=2
  s4:  RUNNING [
   FOLLOWER s4@group-FEE41E240123:t0, leader=null, voted=null, raftlog=s4@group-FEE41E240123-SegmentedRaftLog:OPENED:c-1,f-1,i0, conf=-1: [], old=null STARTING
  CANDIDATE s4@group-A7C5DBE940E2:t8, leader=null, voted=s4, raftlog=s4@group-A7C5DBE940E2-SegmentedRaftLog:OPENED:c-1,f-1,i0, conf=-1: [s3:0.0.0.0:38312, s4:0.0.0.0:41737, s0:0.0.0.0:41019, s1:0.0.0.0:38816, s2:0.0.0.0:40694], old=null RUNNING] size=2
  s0:  RUNNING [
   FOLLOWER s0@group-FEE41E240123:t0, leader=null, voted=null, raftlog=s0@group-FEE41E240123-SegmentedRaftLog:OPENED:c-1,f-1,i0, conf=-1: [], old=null STARTING
  CANDIDATE s0@group-A7C5DBE940E2:t8, leader=null, voted=s0, raftlog=s0@group-A7C5DBE940E2-SegmentedRaftLog:OPENED:c-1,f-1,i0, conf=-1: [s3:0.0.0.0:38312, s4:0.0.0.0:41737, s0:0.0.0.0:41019, s1:0.0.0.0:38816, s2:0.0.0.0:40694], old=null RUNNING] size=2
  s1:  RUNNING [
   FOLLOWER s1@group-FEE41E240123:t0, leader=null, voted=null, raftlog=s1@group-FEE41E240123-SegmentedRaftLog:OPENED:c-1,f-1,i0, conf=-1: [], old=null STARTING
  CANDIDATE s1@group-A7C5DBE940E2:t8, leader=null, voted=s1, raftlog=s1@group-A7C5DBE940E2-SegmentedRaftLog:OPENED:c-1,f-1,i0, conf=-1: [s3:0.0.0.0:38312, s4:0.0.0.0:41737, s0:0.0.0.0:41019, s1:0.0.0.0:38816, s2:0.0.0.0:40694], old=null RUNNING] size=2
  s2:  RUNNING [
   FOLLOWER s2@group-FEE41E240123:t0, leader=null, voted=null, raftlog=s2@group-FEE41E240123-SegmentedRaftLog:OPENED:c-1,f-1,i0, conf=-1: [], old=null STARTING
  CANDIDATE s2@group-A7C5DBE940E2:t8, leader=null, voted=s2, raftlog=s2@group-A7C5DBE940E2-SegmentedRaftLog:OPENED:c-1,f-1,i0, conf=-1: [s3:0.0.0.0:38312, s4:0.0.0.0:41737, s0:0.0.0.0:41019, s1:0.0.0.0:38816, s2:0.0.0.0:40694], old=null RUNNING] size=2, sleep 450ms and then retry.
java.lang.IllegalStateException: No leader yet  for group-A7C5DBE940E2: printing group-A7C5DBE940E2
  s3:  RUNNING [
   FOLLOWER s3@group-FEE41E240123:t0, leader=null, voted=null, raftlog=s3@group-FEE41E240123-SegmentedRaftLog:OPENED:c-1,f-1,i0, conf=-1: [], old=null STARTING
  CANDIDATE s3@group-A7C5DBE940E2:t8, leader=null, voted=s3, raftlog=s3@group-A7C5DBE940E2-SegmentedRaftLog:OPENED:c-1,f-1,i0, conf=-1: [s3:0.0.0.0:38312, s4:0.0.0.0:41737, s0:0.0.0.0:41019, s1:0.0.0.0:38816, s2:0.0.0.0:40694], old=null RUNNING] size=2
  s4:  RUNNING [
   FOLLOWER s4@group-FEE41E240123:t0, leader=null, voted=null, raftlog=s4@group-FEE41E240123-SegmentedRaftLog:OPENED:c-1,f-1,i0, conf=-1: [], old=null STARTING
  CANDIDATE s4@group-A7C5DBE940E2:t8, leader=null, voted=s4, raftlog=s4@group-A7C5DBE940E2-SegmentedRaftLog:OPENED:c-1,f-1,i0, conf=-1: [s3:0.0.0.0:38312, s4:0.0.0.0:41737, s0:0.0.0.0:41019, s1:0.0.0.0:38816, s2:0.0.0.0:40694], old=null RUNNING] size=2
  s0:  RUNNING [
   FOLLOWER s0@group-FEE41E240123:t0, leader=null, voted=null, raftlog=s0@group-FEE41E240123-SegmentedRaftLog:OPENED:c-1,f-1,i0, conf=-1: [], old=null STARTING
  CANDIDATE s0@group-A7C5DBE940E2:t8, leader=null, voted=s0, raftlog=s0@group-A7C5DBE940E2-SegmentedRaftLog:OPENED:c-1,f-1,i0, conf=-1: [s3:0.0.0.0:38312, s4:0.0.0.0:41737, s0:0.0.0.0:41019, s1:0.0.0.0:38816, s2:0.0.0.0:40694], old=null RUNNING] size=2
  s1:  RUNNING [
   FOLLOWER s1@group-FEE41E240123:t0, leader=null, voted=null, raftlog=s1@group-FEE41E240123-SegmentedRaftLog:OPENED:c-1,f-1,i0, conf=-1: [], old=null STARTING
  CANDIDATE s1@group-A7C5DBE940E2:t8, leader=null, voted=s1, raftlog=s1@group-A7C5DBE940E2-SegmentedRaftLog:OPENED:c-1,f-1,i0, conf=-1: [s3:0.0.0.0:38312, s4:0.0.0.0:41737, s0:0.0.0.0:41019, s1:0.0.0.0:38816, s2:0.0.0.0:40694], old=null RUNNING] size=2
  s2:  RUNNING [
   FOLLOWER s2@group-FEE41E240123:t0, leader=null, voted=null, raftlog=s2@group-FEE41E240123-SegmentedRaftLog:OPENED:c-1,f-1,i0, conf=-1: [], old=null STARTING
  CANDIDATE s2@group-A7C5DBE940E2:t8, leader=null, voted=s2, raftlog=s2@group-A7C5DBE940E2-SegmentedRaftLog:OPENED:c-1,f-1,i0, conf=-1: [s3:0.0.0.0:38312, s4:0.0.0.0:41737, s0:0.0.0.0:41019, s1:0.0.0.0:38816, s2:0.0.0.0:40694], old=null RUNNING] size=2
	at org.apache.ratis.MiniRaftCluster.newIllegalStateExceptionForNoLeaders(MiniRaftCluster.java:506)
	at org.apache.ratis.RaftTestUtil.lambda$waitForLeader$1(RaftTestUtil.java:90)
	at org.apache.ratis.MiniRaftCluster.getLeader(MiniRaftCluster.java:539)
	at org.apache.ratis.MiniRaftCluster.getLeader(MiniRaftCluster.java:532)
	at org.apache.ratis.RaftTestUtil.lambda$waitForLeader$3(RaftTestUtil.java:98)
	at org.apache.ratis.util.JavaUtils.attempt(JavaUtils.java:152)
	at org.apache.ratis.RaftTestUtil.waitForLeader(RaftTestUtil.java:97)
	at org.apache.ratis.RaftTestUtil.waitForLeader(RaftTestUtil.java:77)
	at org.apache.ratis.server.impl.GroupManagementBaseTest.runMultiGroupTest(GroupManagementBaseTest.java:175)
	at org.apache.ratis.server.impl.GroupManagementBaseTest.runMultiGroupTest(GroupManagementBaseTest.java:126)
	at org.apache.ratis.server.impl.GroupManagementBaseTest.testMultiGroup9Nodes(GroupManagementBaseTest.java:121)
	at sun.reflect.NativeMethodAccessorImpl.invoke0(Native Method)
	at sun.reflect.NativeMethodAccessorImpl.invoke(NativeMethodAccessorImpl.java:62)
	at sun.reflect.DelegatingMethodAccessorImpl.invoke(DelegatingMethodAccessorImpl.java:43)
	at java.lang.reflect.Method.invoke(Method.java:498)
	at org.junit.runners.model.FrameworkMethod$1.runReflectiveCall(FrameworkMethod.java:50)
	at org.junit.internal.runners.model.ReflectiveCallable.run(ReflectiveCallable.java:12)
	at org.junit.runners.model.FrameworkMethod.invokeExplosively(FrameworkMethod.java:47)
	at org.junit.internal.runners.statements.InvokeMethod.evaluate(InvokeMethod.java:17)
	at org.junit.internal.runners.statements.RunAfters.evaluate(RunAfters.java:27)
	at org.junit.internal.runners.statements.FailOnTimeout$CallableStatement.call(FailOnTimeout.java:298)
	at org.junit.internal.runners.statements.FailOnTimeout$CallableStatement.call(FailOnTimeout.java:292)
	at java.util.concurrent.FutureTask.run(FutureTask.java:266)
	at java.lang.Thread.run(Thread.java:748)
2019-09-24 16:48:23,589 INFO  impl.LeaderElection (LeaderElection.java:askForVotes(178)) - s1@group-A7C5DBE940E2-LeaderElection28: begin an election at term 8 for -1: [s3:0.0.0.0:38312, s4:0.0.0.0:41737, s0:0.0.0.0:41019, s1:0.0.0.0:38816, s2:0.0.0.0:40694], old=null
2019-09-24 16:48:23,589 INFO  impl.LeaderElection (LeaderElection.java:askForVotes(178)) - s4@group-A7C5DBE940E2-LeaderElection29: begin an election at term 8 for -1: [s3:0.0.0.0:38312, s4:0.0.0.0:41737, s0:0.0.0.0:41019, s1:0.0.0.0:38816, s2:0.0.0.0:40694], old=null
2019-09-24 16:48:23,592 INFO  impl.LeaderElection (LeaderElection.java:askForVotes(178)) - s0@group-A7C5DBE940E2-LeaderElection31: begin an election at term 8 for -1: [s3:0.0.0.0:38312, s4:0.0.0.0:41737, s0:0.0.0.0:41019, s1:0.0.0.0:38816, s2:0.0.0.0:40694], old=null
2019-09-24 16:48:23,592 INFO  impl.LeaderElection (LeaderElection.java:askForVotes(178)) - s3@group-A7C5DBE940E2-LeaderElection30: begin an election at term 8 for -1: [s3:0.0.0.0:38312, s4:0.0.0.0:41737, s0:0.0.0.0:41019, s1:0.0.0.0:38816, s2:0.0.0.0:40694], old=null
2019-09-24 16:48:23,589 INFO  impl.LeaderElection (LeaderElection.java:askForVotes(178)) - s2@group-A7C5DBE940E2-LeaderElection27: begin an election at term 8 for -1: [s3:0.0.0.0:38312, s4:0.0.0.0:41737, s0:0.0.0.0:41019, s1:0.0.0.0:38816, s2:0.0.0.0:40694], old=null
2019-09-24 16:48:23,592 DEBUG impl.RaftServerImpl (RaftServerImpl.java:requestVote(775)) - s1@group-A7C5DBE940E2 replies to vote request: s4<-s1#0:FAIL-t8. Peer's state: s1@group-A7C5DBE940E2:t8, leader=null, voted=s1, raftlog=s1@group-A7C5DBE940E2-SegmentedRaftLog:OPENED:c-1,f-1,i0, conf=-1: [s3:0.0.0.0:38312, s4:0.0.0.0:41737, s0:0.0.0.0:41019, s1:0.0.0.0:38816, s2:0.0.0.0:40694], old=null
2019-09-24 16:48:23,593 DEBUG impl.RaftServerImpl (RaftServerImpl.java:requestVote(775)) - s1@group-A7C5DBE940E2 replies to vote request: s2<-s1#0:FAIL-t8. Peer's state: s1@group-A7C5DBE940E2:t8, leader=null, voted=s1, raftlog=s1@group-A7C5DBE940E2-SegmentedRaftLog:OPENED:c-1,f-1,i0, conf=-1: [s3:0.0.0.0:38312, s4:0.0.0.0:41737, s0:0.0.0.0:41019, s1:0.0.0.0:38816, s2:0.0.0.0:40694], old=null
2019-09-24 16:48:23,593 DEBUG impl.RaftServerImpl (RaftServerImpl.java:requestVote(743)) - s0@group-A7C5DBE940E2: receive requestVote(s4, group-A7C5DBE940E2, 8, (t:0, i:0))
2019-09-24 16:48:23,593 DEBUG impl.RaftServerImpl (RaftServerImpl.java:requestVote(743)) - s4@group-A7C5DBE940E2: receive requestVote(s3, group-A7C5DBE940E2, 8, (t:0, i:0))
2019-09-24 16:48:23,593 DEBUG impl.RaftServerImpl (RaftServerImpl.java:requestVote(743)) - s3@group-A7C5DBE940E2: receive requestVote(s4, group-A7C5DBE940E2, 8, (t:0, i:0))
2019-09-24 16:48:23,594 DEBUG impl.RaftServerImpl (RaftServerImpl.java:requestVote(775)) - s4@group-A7C5DBE940E2 replies to vote request: s3<-s4#0:FAIL-t8. Peer's state: s4@group-A7C5DBE940E2:t8, leader=null, voted=s4, raftlog=s4@group-A7C5DBE940E2-SegmentedRaftLog:OPENED:c-1,f-1,i0, conf=-1: [s3:0.0.0.0:38312, s4:0.0.0.0:41737, s0:0.0.0.0:41019, s1:0.0.0.0:38816, s2:0.0.0.0:40694], old=null
2019-09-24 16:48:23,594 DEBUG impl.RaftServerImpl (RaftServerImpl.java:requestVote(743)) - s2@group-A7C5DBE940E2: receive requestVote(s4, group-A7C5DBE940E2, 8, (t:0, i:0))
2019-09-24 16:48:23,594 DEBUG impl.RaftServerImpl (RaftServerImpl.java:requestVote(743)) - s1@group-A7C5DBE940E2: receive requestVote(s4, group-A7C5DBE940E2, 8, (t:0, i:0))
2019-09-24 16:48:23,594 DEBUG impl.RaftServerImpl (RaftServerImpl.java:requestVote(775)) - s0@group-A7C5DBE940E2 replies to vote request: s4<-s0#0:FAIL-t8. Peer's state: s0@group-A7C5DBE940E2:t8, leader=null, voted=s0, raftlog=s0@group-A7C5DBE940E2-SegmentedRaftLog:OPENED:c-1,f-1,i0, conf=-1: [s3:0.0.0.0:38312, s4:0.0.0.0:41737, s0:0.0.0.0:41019, s1:0.0.0.0:38816, s2:0.0.0.0:40694], old=null
2019-09-24 16:48:23,594 DEBUG impl.RaftServerImpl (RaftServerImpl.java:requestVote(743)) - s1@group-A7C5DBE940E2: receive requestVote(s2, group-A7C5DBE940E2, 4, (t:0, i:0))
2019-09-24 16:48:23,594 DEBUG impl.RaftServerImpl (RaftServerImpl.java:requestVote(743)) - s3@group-A7C5DBE940E2: receive requestVote(s0, group-A7C5DBE940E2, 8, (t:0, i:0))
2019-09-24 16:48:23,597 DEBUG impl.RaftServerImpl (RaftServerImpl.java:requestVote(743)) - s0@group-A7C5DBE940E2: receive requestVote(s1, group-A7C5DBE940E2, 8, (t:0, i:0))
2019-09-24 16:48:23,596 DEBUG impl.RaftServerImpl (RaftServerImpl.java:requestVote(743)) - s4@group-A7C5DBE940E2: receive requestVote(s1, group-A7C5DBE940E2, 8, (t:0, i:0))
2019-09-24 16:48:23,596 DEBUG impl.RaftServerImpl (RaftServerImpl.java:requestVote(743)) - s0@group-A7C5DBE940E2: receive requestVote(s2, group-A7C5DBE940E2, 8, (t:0, i:0))
2019-09-24 16:48:23,596 DEBUG impl.RaftServerImpl (RaftServerImpl.java:requestVote(775)) - s1@group-A7C5DBE940E2 replies to vote request: s4<-s1#0:FAIL-t8. Peer's state: s1@group-A7C5DBE940E2:t8, leader=null, voted=s1, raftlog=s1@group-A7C5DBE940E2-SegmentedRaftLog:OPENED:c-1,f-1,i0, conf=-1: [s3:0.0.0.0:38312, s4:0.0.0.0:41737, s0:0.0.0.0:41019, s1:0.0.0.0:38816, s2:0.0.0.0:40694], old=null
2019-09-24 16:48:23,596 DEBUG impl.RaftServerImpl (RaftServerImpl.java:requestVote(743)) - s1@group-A7C5DBE940E2: receive requestVote(s3, group-A7C5DBE940E2, 8, (t:0, i:0))
2019-09-24 16:48:23,596 DEBUG impl.RaftServerImpl (RaftServerImpl.java:requestVote(775)) - s2@group-A7C5DBE940E2 replies to vote request: s4<-s2#0:FAIL-t8. Peer's state: s2@group-A7C5DBE940E2:t8, leader=null, voted=s2, raftlog=s2@group-A7C5DBE940E2-SegmentedRaftLog:OPENED:c-1,f-1,i0, conf=-1: [s3:0.0.0.0:38312, s4:0.0.0.0:41737, s0:0.0.0.0:41019, s1:0.0.0.0:38816, s2:0.0.0.0:40694], old=null
2019-09-24 16:48:23,595 DEBUG impl.RaftServerImpl (RaftServerImpl.java:requestVote(743)) - s3@group-A7C5DBE940E2: receive requestVote(s1, group-A7C5DBE940E2, 8, (t:0, i:0))
2019-09-24 16:48:23,595 DEBUG impl.RaftServerImpl (RaftServerImpl.java:requestVote(743)) - s0@group-A7C5DBE940E2: receive requestVote(s3, group-A7C5DBE940E2, 8, (t:0, i:0))
2019-09-24 16:48:23,595 DEBUG impl.RaftServerImpl (RaftServerImpl.java:requestVote(743)) - s4@group-A7C5DBE940E2: receive requestVote(s0, group-A7C5DBE940E2, 8, (t:0, i:0))
2019-09-24 16:48:23,595 DEBUG impl.RaftServerImpl (RaftServerImpl.java:requestVote(775)) - s3@group-A7C5DBE940E2 replies to vote request: s4<-s3#0:FAIL-t8. Peer's state: s3@group-A7C5DBE940E2:t8, leader=null, voted=s3, raftlog=s3@group-A7C5DBE940E2-SegmentedRaftLog:OPENED:c-1,f-1,i0, conf=-1: [s3:0.0.0.0:38312, s4:0.0.0.0:41737, s0:0.0.0.0:41019, s1:0.0.0.0:38816, s2:0.0.0.0:40694], old=null
2019-09-24 16:48:23,598 DEBUG impl.RaftServerImpl (RaftServerImpl.java:requestVote(775)) - s1@group-A7C5DBE940E2 replies to vote request: s2<-s1#0:FAIL-t8. Peer's state: s1@group-A7C5DBE940E2:t8, leader=null, voted=s1, raftlog=s1@group-A7C5DBE940E2-SegmentedRaftLog:OPENED:c-1,f-1,i0, conf=-1: [s3:0.0.0.0:38312, s4:0.0.0.0:41737, s0:0.0.0.0:41019, s1:0.0.0.0:38816, s2:0.0.0.0:40694], old=null
2019-09-24 16:48:23,598 DEBUG impl.RaftServerImpl (RaftServerImpl.java:requestVote(775)) - s4@group-A7C5DBE940E2 replies to vote request: s1<-s4#0:FAIL-t8. Peer's state: s4@group-A7C5DBE940E2:t8, leader=null, voted=s4, raftlog=s4@group-A7C5DBE940E2-SegmentedRaftLog:OPENED:c-1,f-1,i0, conf=-1: [s3:0.0.0.0:38312, s4:0.0.0.0:41737, s0:0.0.0.0:41019, s1:0.0.0.0:38816, s2:0.0.0.0:40694], old=null
2019-09-24 16:48:23,597 DEBUG impl.RaftServerImpl (RaftServerImpl.java:requestVote(743)) - s2@group-A7C5DBE940E2: receive requestVote(s0, group-A7C5DBE940E2, 8, (t:0, i:0))
2019-09-24 16:48:23,597 DEBUG impl.RaftServerImpl (RaftServerImpl.java:requestVote(775)) - s0@group-A7C5DBE940E2 replies to vote request: s1<-s0#0:FAIL-t8. Peer's state: s0@group-A7C5DBE940E2:t8, leader=null, voted=s0, raftlog=s0@group-A7C5DBE940E2-SegmentedRaftLog:OPENED:c-1,f-1,i0, conf=-1: [s3:0.0.0.0:38312, s4:0.0.0.0:41737, s0:0.0.0.0:41019, s1:0.0.0.0:38816, s2:0.0.0.0:40694], old=null
2019-09-24 16:48:23,597 DEBUG impl.RaftServerImpl (RaftServerImpl.java:requestVote(743)) - s1@group-A7C5DBE940E2: receive requestVote(s0, group-A7C5DBE940E2, 8, (t:0, i:0))
2019-09-24 16:48:23,597 DEBUG impl.RaftServerImpl (RaftServerImpl.java:requestVote(743)) - s2@group-A7C5DBE940E2: receive requestVote(s1, group-A7C5DBE940E2, 8, (t:0, i:0))
2019-09-24 16:48:23,602 DEBUG impl.RaftServerImpl (RaftServerImpl.java:requestVote(775)) - s0@group-A7C5DBE940E2 replies to vote request: s3<-s0#0:FAIL-t8. Peer's state: s0@group-A7C5DBE940E2:t8, leader=null, voted=s0, raftlog=s0@group-A7C5DBE940E2-SegmentedRaftLog:OPENED:c-1,f-1,i0, conf=-1: [s3:0.0.0.0:38312, s4:0.0.0.0:41737, s0:0.0.0.0:41019, s1:0.0.0.0:38816, s2:0.0.0.0:40694], old=null
2019-09-24 16:48:23,601 DEBUG impl.RaftServerImpl (RaftServerImpl.java:requestVote(775)) - s2@group-A7C5DBE940E2 replies to vote request: s0<-s2#0:FAIL-t8. Peer's state: s2@group-A7C5DBE940E2:t8, leader=null, voted=s2, raftlog=s2@group-A7C5DBE940E2-SegmentedRaftLog:OPENED:c-1,f-1,i0, conf=-1: [s3:0.0.0.0:38312, s4:0.0.0.0:41737, s0:0.0.0.0:41019, s1:0.0.0.0:38816, s2:0.0.0.0:40694], old=null
2019-09-24 16:48:23,601 DEBUG impl.RaftServerImpl (RaftServerImpl.java:requestVote(775)) - s4@group-A7C5DBE940E2 replies to vote request: s0<-s4#0:FAIL-t8. Peer's state: s4@group-A7C5DBE940E2:t8, leader=null, voted=s4, raftlog=s4@group-A7C5DBE940E2-SegmentedRaftLog:OPENED:c-1,f-1,i0, conf=-1: [s3:0.0.0.0:38312, s4:0.0.0.0:41737, s0:0.0.0.0:41019, s1:0.0.0.0:38816, s2:0.0.0.0:40694], old=null
2019-09-24 16:48:23,601 DEBUG impl.RaftServerImpl (RaftServerImpl.java:requestVote(743)) - s1@group-A7C5DBE940E2: receive requestVote(s2, group-A7C5DBE940E2, 6, (t:0, i:0))
2019-09-24 16:48:23,601 INFO  impl.LeaderElection (LeaderElection.java:logAndReturn(56)) - s4@group-A7C5DBE940E2-LeaderElection29: Election REJECTED; received 4 response(s) [s4<-s3#0:FAIL-t8, s4<-s0#0:FAIL-t8, s4<-s1#0:FAIL-t8, s4<-s2#0:FAIL-t8] and 0 exception(s); s4@group-A7C5DBE940E2:t8, leader=null, voted=s4, raftlog=s4@group-A7C5DBE940E2-SegmentedRaftLog:OPENED:c-1,f-1,i0, conf=-1: [s3:0.0.0.0:38312, s4:0.0.0.0:41737, s0:0.0.0.0:41019, s1:0.0.0.0:38816, s2:0.0.0.0:40694], old=null
2019-09-24 16:48:23,601 DEBUG impl.RaftServerImpl (RaftServerImpl.java:requestVote(775)) - s1@group-A7C5DBE940E2 replies to vote request: s3<-s1#0:FAIL-t8. Peer's state: s1@group-A7C5DBE940E2:t8, leader=null, voted=s1, raftlog=s1@group-A7C5DBE940E2-SegmentedRaftLog:OPENED:c-1,f-1,i0, conf=-1: [s3:0.0.0.0:38312, s4:0.0.0.0:41737, s0:0.0.0.0:41019, s1:0.0.0.0:38816, s2:0.0.0.0:40694], old=null
2019-09-24 16:48:23,600 DEBUG impl.RaftServerImpl (RaftServerImpl.java:requestVote(775)) - s3@group-A7C5DBE940E2 replies to vote request: s1<-s3#0:FAIL-t8. Peer's state: s3@group-A7C5DBE940E2:t8, leader=null, voted=s3, raftlog=s3@group-A7C5DBE940E2-SegmentedRaftLog:OPENED:c-1,f-1,i0, conf=-1: [s3:0.0.0.0:38312, s4:0.0.0.0:41737, s0:0.0.0.0:41019, s1:0.0.0.0:38816, s2:0.0.0.0:40694], old=null
2019-09-24 16:48:23,604 DEBUG impl.RaftServerImpl (RaftServerImpl.java:requestVote(775)) - s1@group-A7C5DBE940E2 replies to vote request: s2<-s1#0:FAIL-t8. Peer's state: s1@group-A7C5DBE940E2:t8, leader=null, voted=s1, raftlog=s1@group-A7C5DBE940E2-SegmentedRaftLog:OPENED:c-1,f-1,i0, conf=-1: [s3:0.0.0.0:38312, s4:0.0.0.0:41737, s0:0.0.0.0:41019, s1:0.0.0.0:38816, s2:0.0.0.0:40694], old=null
2019-09-24 16:48:23,604 INFO  impl.RaftServerImpl (RaftServerImpl.java:setRole(170)) - s4@group-A7C5DBE940E2: changes role from CANDIDATE to FOLLOWER at term 8 for DISCOVERED_A_NEW_TERM
2019-09-24 16:48:23,605 INFO  impl.RoleInfo (RoleInfo.java:shutdownLeaderElection(134)) - s4: shutdown LeaderElection
2019-09-24 16:48:23,604 DEBUG impl.RaftServerImpl (RaftServerImpl.java:requestVote(743)) - s4@group-A7C5DBE940E2: receive requestVote(s2, group-A7C5DBE940E2, 8, (t:0, i:0))
2019-09-24 16:48:23,603 DEBUG impl.RaftServerImpl (RaftServerImpl.java:requestVote(775)) - s2@group-A7C5DBE940E2 replies to vote request: s1<-s2#0:FAIL-t8. Peer's state: s2@group-A7C5DBE940E2:t8, leader=null, voted=s2, raftlog=s2@group-A7C5DBE940E2-SegmentedRaftLog:OPENED:c-1,f-1,i0, conf=-1: [s3:0.0.0.0:38312, s4:0.0.0.0:41737, s0:0.0.0.0:41019, s1:0.0.0.0:38816, s2:0.0.0.0:40694], old=null
2019-09-24 16:48:23,603 DEBUG impl.RaftServerImpl (RaftServerImpl.java:requestVote(775)) - s0@group-A7C5DBE940E2 replies to vote request: s2<-s0#0:FAIL-t8. Peer's state: s0@group-A7C5DBE940E2:t8, leader=null, voted=s0, raftlog=s0@group-A7C5DBE940E2-SegmentedRaftLog:OPENED:c-1,f-1,i0, conf=-1: [s3:0.0.0.0:38312, s4:0.0.0.0:41737, s0:0.0.0.0:41019, s1:0.0.0.0:38816, s2:0.0.0.0:40694], old=null
2019-09-24 16:48:23,605 INFO  impl.RoleInfo (RoleInfo.java:updateAndGet(143)) - s4: start FollowerState
2019-09-24 16:48:23,605 DEBUG impl.RaftServerImpl (RaftServerImpl.java:requestVote(743)) - s1@group-A7C5DBE940E2: receive requestVote(s2, group-A7C5DBE940E2, 8, (t:0, i:0))
2019-09-24 16:48:23,607 DEBUG impl.RaftServerImpl (RaftServerImpl.java:requestVote(775)) - s4@group-A7C5DBE940E2 replies to vote request: s2<-s4#0:FAIL-t8. Peer's state: s4@group-A7C5DBE940E2:t8, leader=null, voted=s4, raftlog=s4@group-A7C5DBE940E2-SegmentedRaftLog:OPENED:c-1,f-1,i0, conf=-1: [s3:0.0.0.0:38312, s4:0.0.0.0:41737, s0:0.0.0.0:41019, s1:0.0.0.0:38816, s2:0.0.0.0:40694], old=null
2019-09-24 16:48:23,605 DEBUG impl.RaftServerImpl (RaftServerImpl.java:requestVote(775)) - s1@group-A7C5DBE940E2 replies to vote request: s0<-s1#0:FAIL-t8. Peer's state: s1@group-A7C5DBE940E2:t8, leader=null, voted=s1, raftlog=s1@group-A7C5DBE940E2-SegmentedRaftLog:OPENED:c-1,f-1,i0, conf=-1: [s3:0.0.0.0:38312, s4:0.0.0.0:41737, s0:0.0.0.0:41019, s1:0.0.0.0:38816, s2:0.0.0.0:40694], old=null
2019-09-24 16:48:23,605 DEBUG impl.RaftServerImpl (RaftServerImpl.java:requestVote(775)) - s3@group-A7C5DBE940E2 replies to vote request: s0<-s3#0:FAIL-t8. Peer's state: s3@group-A7C5DBE940E2:t8, leader=null, voted=s3, raftlog=s3@group-A7C5DBE940E2-SegmentedRaftLog:OPENED:c-1,f-1,i0, conf=-1: [s3:0.0.0.0:38312, s4:0.0.0.0:41737, s0:0.0.0.0:41019, s1:0.0.0.0:38816, s2:0.0.0.0:40694], old=null
2019-09-24 16:48:23,607 DEBUG impl.RaftServerImpl (RaftServerImpl.java:requestVote(775)) - s1@group-A7C5DBE940E2 replies to vote request: s2<-s1#0:FAIL-t8. Peer's state: s1@group-A7C5DBE940E2:t8, leader=null, voted=s1, raftlog=s1@group-A7C5DBE940E2-SegmentedRaftLog:OPENED:c-1,f-1,i0, conf=-1: [s3:0.0.0.0:38312, s4:0.0.0.0:41737, s0:0.0.0.0:41019, s1:0.0.0.0:38816, s2:0.0.0.0:40694], old=null
2019-09-24 16:48:23,608 DEBUG impl.RaftServerImpl (RaftServerImpl.java:requestVote(743)) - s3@group-A7C5DBE940E2: receive requestVote(s2, group-A7C5DBE940E2, 8, (t:0, i:0))
2019-09-24 16:48:23,606 INFO  impl.LeaderElection (LeaderElection.java:logAndReturn(56)) - s1@group-A7C5DBE940E2-LeaderElection28: Election REJECTED; received 4 response(s) [s1<-s3#0:FAIL-t8, s1<-s4#0:FAIL-t8, s1<-s0#0:FAIL-t8, s1<-s2#0:FAIL-t8] and 0 exception(s); s1@group-A7C5DBE940E2:t8, leader=null, voted=s1, raftlog=s1@group-A7C5DBE940E2-SegmentedRaftLog:OPENED:c-1,f-1,i0, conf=-1: [s3:0.0.0.0:38312, s4:0.0.0.0:41737, s0:0.0.0.0:41019, s1:0.0.0.0:38816, s2:0.0.0.0:40694], old=null
2019-09-24 16:48:23,608 DEBUG impl.RaftServerImpl (RaftServerImpl.java:requestVote(775)) - s3@group-A7C5DBE940E2 replies to vote request: s2<-s3#0:FAIL-t8. Peer's state: s3@group-A7C5DBE940E2:t8, leader=null, voted=s3, raftlog=s3@group-A7C5DBE940E2-SegmentedRaftLog:OPENED:c-1,f-1,i0, conf=-1: [s3:0.0.0.0:38312, s4:0.0.0.0:41737, s0:0.0.0.0:41019, s1:0.0.0.0:38816, s2:0.0.0.0:40694], old=null
2019-09-24 16:48:23,608 INFO  impl.LeaderElection (LeaderElection.java:logAndReturn(56)) - s0@group-A7C5DBE940E2-LeaderElection31: Election REJECTED; received 4 response(s) [s0<-s3#0:FAIL-t8, s0<-s4#0:FAIL-t8, s0<-s1#0:FAIL-t8, s0<-s2#0:FAIL-t8] and 0 exception(s); s0@group-A7C5DBE940E2:t8, leader=null, voted=s0, raftlog=s0@group-A7C5DBE940E2-SegmentedRaftLog:OPENED:c-1,f-1,i0, conf=-1: [s3:0.0.0.0:38312, s4:0.0.0.0:41737, s0:0.0.0.0:41019, s1:0.0.0.0:38816, s2:0.0.0.0:40694], old=null
2019-09-24 16:48:23,608 INFO  impl.RaftServerImpl (RaftServerImpl.java:setRole(170)) - s1@group-A7C5DBE940E2: changes role from CANDIDATE to FOLLOWER at term 8 for DISCOVERED_A_NEW_TERM
2019-09-24 16:48:23,608 DEBUG impl.RaftServerImpl (RaftServerImpl.java:requestVote(743)) - s2@group-A7C5DBE940E2: receive requestVote(s3, group-A7C5DBE940E2, 8, (t:0, i:0))
2019-09-24 16:48:23,609 INFO  impl.LeaderElection (LeaderElection.java:logAndReturn(56)) - s2@group-A7C5DBE940E2-LeaderElection27: Election REJECTED; received 4 response(s) [s2<-s3#0:FAIL-t8, s2<-s4#0:FAIL-t8, s2<-s0#0:FAIL-t8, s2<-s1#0:FAIL-t8] and 0 exception(s); s2@group-A7C5DBE940E2:t8, leader=null, voted=s2, raftlog=s2@group-A7C5DBE940E2-SegmentedRaftLog:OPENED:c-1,f-1,i0, conf=-1: [s3:0.0.0.0:38312, s4:0.0.0.0:41737, s0:0.0.0.0:41019, s1:0.0.0.0:38816, s2:0.0.0.0:40694], old=null
2019-09-24 16:48:23,609 INFO  impl.RoleInfo (RoleInfo.java:shutdownLeaderElection(134)) - s1: shutdown LeaderElection
2019-09-24 16:48:23,609 INFO  impl.RaftServerImpl (RaftServerImpl.java:setRole(170)) - s0@group-A7C5DBE940E2: changes role from CANDIDATE to FOLLOWER at term 8 for DISCOVERED_A_NEW_TERM
2019-09-24 16:48:23,610 INFO  impl.RoleInfo (RoleInfo.java:updateAndGet(143)) - s1: start FollowerState
2019-09-24 16:48:23,610 DEBUG impl.RaftServerImpl (RaftServerImpl.java:requestVote(775)) - s2@group-A7C5DBE940E2 replies to vote request: s3<-s2#0:FAIL-t8. Peer's state: s2@group-A7C5DBE940E2:t8, leader=null, voted=s2, raftlog=s2@group-A7C5DBE940E2-SegmentedRaftLog:OPENED:c-1,f-1,i0, conf=-1: [s3:0.0.0.0:38312, s4:0.0.0.0:41737, s0:0.0.0.0:41019, s1:0.0.0.0:38816, s2:0.0.0.0:40694], old=null
2019-09-24 16:48:23,610 INFO  impl.RoleInfo (RoleInfo.java:shutdownLeaderElection(134)) - s0: shutdown LeaderElection
2019-09-24 16:48:23,611 INFO  impl.RaftServerImpl (RaftServerImpl.java:setRole(170)) - s2@group-A7C5DBE940E2: changes role from CANDIDATE to FOLLOWER at term 8 for DISCOVERED_A_NEW_TERM
2019-09-24 16:48:23,611 INFO  impl.RoleInfo (RoleInfo.java:updateAndGet(143)) - s0: start FollowerState
2019-09-24 16:48:23,611 INFO  impl.RoleInfo (RoleInfo.java:shutdownLeaderElection(134)) - s2: shutdown LeaderElection
2019-09-24 16:48:23,611 INFO  impl.LeaderElection (LeaderElection.java:logAndReturn(56)) - s3@group-A7C5DBE940E2-LeaderElection30: Election REJECTED; received 4 response(s) [s3<-s4#0:FAIL-t8, s3<-s0#0:FAIL-t8, s3<-s1#0:FAIL-t8, s3<-s2#0:FAIL-t8] and 0 exception(s); s3@group-A7C5DBE940E2:t8, leader=null, voted=s3, raftlog=s3@group-A7C5DBE940E2-SegmentedRaftLog:OPENED:c-1,f-1,i0, conf=-1: [s3:0.0.0.0:38312, s4:0.0.0.0:41737, s0:0.0.0.0:41019, s1:0.0.0.0:38816, s2:0.0.0.0:40694], old=null
2019-09-24 16:48:23,611 INFO  impl.RoleInfo (RoleInfo.java:updateAndGet(143)) - s2: start FollowerState
2019-09-24 16:48:23,612 INFO  impl.RaftServerImpl (RaftServerImpl.java:setRole(170)) - s3@group-A7C5DBE940E2: changes role from CANDIDATE to FOLLOWER at term 8 for DISCOVERED_A_NEW_TERM
2019-09-24 16:48:23,612 INFO  impl.RoleInfo (RoleInfo.java:shutdownLeaderElection(134)) - s3: shutdown LeaderElection
2019-09-24 16:48:23,612 INFO  impl.RoleInfo (RoleInfo.java:updateAndGet(143)) - s3: start FollowerState
2019-09-24 16:48:23,723 WARN  ratis.RaftTestUtil (JavaUtils.java:attempt(158)) - FAILED "waitForLeader-group-A7C5DBE940E2-(expectLeader? true)", attempt #86/100: java.lang.IllegalStateException: No leader yet  for group-A7C5DBE940E2: printing group-A7C5DBE940E2
  s3:  RUNNING [
   FOLLOWER s3@group-FEE41E240123:t0, leader=null, voted=null, raftlog=s3@group-FEE41E240123-SegmentedRaftLog:OPENED:c-1,f-1,i0, conf=-1: [], old=null STARTING
   FOLLOWER s3@group-A7C5DBE940E2:t8, leader=null, voted=s3, raftlog=s3@group-A7C5DBE940E2-SegmentedRaftLog:OPENED:c-1,f-1,i0, conf=-1: [s3:0.0.0.0:38312, s4:0.0.0.0:41737, s0:0.0.0.0:41019, s1:0.0.0.0:38816, s2:0.0.0.0:40694], old=null RUNNING] size=2
  s4:  RUNNING [
   FOLLOWER s4@group-FEE41E240123:t0, leader=null, voted=null, raftlog=s4@group-FEE41E240123-SegmentedRaftLog:OPENED:c-1,f-1,i0, conf=-1: [], old=null STARTING
   FOLLOWER s4@group-A7C5DBE940E2:t8, leader=null, voted=s4, raftlog=s4@group-A7C5DBE940E2-SegmentedRaftLog:OPENED:c-1,f-1,i0, conf=-1: [s3:0.0.0.0:38312, s4:0.0.0.0:41737, s0:0.0.0.0:41019, s1:0.0.0.0:38816, s2:0.0.0.0:40694], old=null RUNNING] size=2
  s0:  RUNNING [
   FOLLOWER s0@group-FEE41E240123:t0, leader=null, voted=null, raftlog=s0@group-FEE41E240123-SegmentedRaftLog:OPENED:c-1,f-1,i0, conf=-1: [], old=null STARTING
   FOLLOWER s0@group-A7C5DBE940E2:t8, leader=null, voted=s0, raftlog=s0@group-A7C5DBE940E2-SegmentedRaftLog:OPENED:c-1,f-1,i0, conf=-1: [s3:0.0.0.0:38312, s4:0.0.0.0:41737, s0:0.0.0.0:41019, s1:0.0.0.0:38816, s2:0.0.0.0:40694], old=null RUNNING] size=2
  s1:  RUNNING [
   FOLLOWER s1@group-FEE41E240123:t0, leader=null, voted=null, raftlog=s1@group-FEE41E240123-SegmentedRaftLog:OPENED:c-1,f-1,i0, conf=-1: [], old=null STARTING
   FOLLOWER s1@group-A7C5DBE940E2:t8, leader=null, voted=s1, raftlog=s1@group-A7C5DBE940E2-SegmentedRaftLog:OPENED:c-1,f-1,i0, conf=-1: [s3:0.0.0.0:38312, s4:0.0.0.0:41737, s0:0.0.0.0:41019, s1:0.0.0.0:38816, s2:0.0.0.0:40694], old=null RUNNING] size=2
  s2:  RUNNING [
   FOLLOWER s2@group-FEE41E240123:t0, leader=null, voted=null, raftlog=s2@group-FEE41E240123-SegmentedRaftLog:OPENED:c-1,f-1,i0, conf=-1: [], old=null STARTING
   FOLLOWER s2@group-A7C5DBE940E2:t8, leader=null, voted=s2, raftlog=s2@group-A7C5DBE940E2-SegmentedRaftLog:OPENED:c-1,f-1,i0, conf=-1: [s3:0.0.0.0:38312, s4:0.0.0.0:41737, s0:0.0.0.0:41019, s1:0.0.0.0:38816, s2:0.0.0.0:40694], old=null RUNNING] size=2, sleep 450ms and then retry.
java.lang.IllegalStateException: No leader yet  for group-A7C5DBE940E2: printing group-A7C5DBE940E2
  s3:  RUNNING [
   FOLLOWER s3@group-FEE41E240123:t0, leader=null, voted=null, raftlog=s3@group-FEE41E240123-SegmentedRaftLog:OPENED:c-1,f-1,i0, conf=-1: [], old=null STARTING
   FOLLOWER s3@group-A7C5DBE940E2:t8, leader=null, voted=s3, raftlog=s3@group-A7C5DBE940E2-SegmentedRaftLog:OPENED:c-1,f-1,i0, conf=-1: [s3:0.0.0.0:38312, s4:0.0.0.0:41737, s0:0.0.0.0:41019, s1:0.0.0.0:38816, s2:0.0.0.0:40694], old=null RUNNING] size=2
  s4:  RUNNING [
   FOLLOWER s4@group-FEE41E240123:t0, leader=null, voted=null, raftlog=s4@group-FEE41E240123-SegmentedRaftLog:OPENED:c-1,f-1,i0, conf=-1: [], old=null STARTING
   FOLLOWER s4@group-A7C5DBE940E2:t8, leader=null, voted=s4, raftlog=s4@group-A7C5DBE940E2-SegmentedRaftLog:OPENED:c-1,f-1,i0, conf=-1: [s3:0.0.0.0:38312, s4:0.0.0.0:41737, s0:0.0.0.0:41019, s1:0.0.0.0:38816, s2:0.0.0.0:40694], old=null RUNNING] size=2
  s0:  RUNNING [
   FOLLOWER s0@group-FEE41E240123:t0, leader=null, voted=null, raftlog=s0@group-FEE41E240123-SegmentedRaftLog:OPENED:c-1,f-1,i0, conf=-1: [], old=null STARTING
   FOLLOWER s0@group-A7C5DBE940E2:t8, leader=null, voted=s0, raftlog=s0@group-A7C5DBE940E2-SegmentedRaftLog:OPENED:c-1,f-1,i0, conf=-1: [s3:0.0.0.0:38312, s4:0.0.0.0:41737, s0:0.0.0.0:41019, s1:0.0.0.0:38816, s2:0.0.0.0:40694], old=null RUNNING] size=2
  s1:  RUNNING [
   FOLLOWER s1@group-FEE41E240123:t0, leader=null, voted=null, raftlog=s1@group-FEE41E240123-SegmentedRaftLog:OPENED:c-1,f-1,i0, conf=-1: [], old=null STARTING
   FOLLOWER s1@group-A7C5DBE940E2:t8, leader=null, voted=s1, raftlog=s1@group-A7C5DBE940E2-SegmentedRaftLog:OPENED:c-1,f-1,i0, conf=-1: [s3:0.0.0.0:38312, s4:0.0.0.0:41737, s0:0.0.0.0:41019, s1:0.0.0.0:38816, s2:0.0.0.0:40694], old=null RUNNING] size=2
  s2:  RUNNING [
   FOLLOWER s2@group-FEE41E240123:t0, leader=null, voted=null, raftlog=s2@group-FEE41E240123-SegmentedRaftLog:OPENED:c-1,f-1,i0, conf=-1: [], old=null STARTING
   FOLLOWER s2@group-A7C5DBE940E2:t8, leader=null, voted=s2, raftlog=s2@group-A7C5DBE940E2-SegmentedRaftLog:OPENED:c-1,f-1,i0, conf=-1: [s3:0.0.0.0:38312, s4:0.0.0.0:41737, s0:0.0.0.0:41019, s1:0.0.0.0:38816, s2:0.0.0.0:40694], old=null RUNNING] size=2
	at org.apache.ratis.MiniRaftCluster.newIllegalStateExceptionForNoLeaders(MiniRaftCluster.java:506)
	at org.apache.ratis.RaftTestUtil.lambda$waitForLeader$1(RaftTestUtil.java:90)
	at org.apache.ratis.MiniRaftCluster.getLeader(MiniRaftCluster.java:539)
	at org.apache.ratis.MiniRaftCluster.getLeader(MiniRaftCluster.java:532)
	at org.apache.ratis.RaftTestUtil.lambda$waitForLeader$3(RaftTestUtil.java:98)
	at org.apache.ratis.util.JavaUtils.attempt(JavaUtils.java:152)
	at org.apache.ratis.RaftTestUtil.waitForLeader(RaftTestUtil.java:97)
	at org.apache.ratis.RaftTestUtil.waitForLeader(RaftTestUtil.java:77)
	at org.apache.ratis.server.impl.GroupManagementBaseTest.runMultiGroupTest(GroupManagementBaseTest.java:175)
	at org.apache.ratis.server.impl.GroupManagementBaseTest.runMultiGroupTest(GroupManagementBaseTest.java:126)
	at org.apache.ratis.server.impl.GroupManagementBaseTest.testMultiGroup9Nodes(GroupManagementBaseTest.java:121)
	at sun.reflect.NativeMethodAccessorImpl.invoke0(Native Method)
	at sun.reflect.NativeMethodAccessorImpl.invoke(NativeMethodAccessorImpl.java:62)
	at sun.reflect.DelegatingMethodAccessorImpl.invoke(DelegatingMethodAccessorImpl.java:43)
	at java.lang.reflect.Method.invoke(Method.java:498)
	at org.junit.runners.model.FrameworkMethod$1.runReflectiveCall(FrameworkMethod.java:50)
	at org.junit.internal.runners.model.ReflectiveCallable.run(ReflectiveCallable.java:12)
	at org.junit.runners.model.FrameworkMethod.invokeExplosively(FrameworkMethod.java:47)
	at org.junit.internal.runners.statements.InvokeMethod.evaluate(InvokeMethod.java:17)
	at org.junit.internal.runners.statements.RunAfters.evaluate(RunAfters.java:27)
	at org.junit.internal.runners.statements.FailOnTimeout$CallableStatement.call(FailOnTimeout.java:298)
	at org.junit.internal.runners.statements.FailOnTimeout$CallableStatement.call(FailOnTimeout.java:292)
	at java.util.concurrent.FutureTask.run(FutureTask.java:266)
	at java.lang.Thread.run(Thread.java:748)
2019-09-24 16:48:23,789 INFO  impl.FollowerState (FollowerState.java:run(108)) - s0@group-A7C5DBE940E2-FollowerState: change to CANDIDATE, lastRpcTime:177ms, electionTimeout:177ms
2019-09-24 16:48:23,789 INFO  impl.RoleInfo (RoleInfo.java:shutdownFollowerState(121)) - s0: shutdown FollowerState
2019-09-24 16:48:23,789 INFO  impl.RaftServerImpl (RaftServerImpl.java:setRole(170)) - s0@group-A7C5DBE940E2: changes role from  FOLLOWER to CANDIDATE at term 8 for changeToCandidate
2019-09-24 16:48:23,789 INFO  impl.RoleInfo (RoleInfo.java:updateAndGet(143)) - s0: start LeaderElection
2019-09-24 16:48:23,829 INFO  impl.FollowerState (FollowerState.java:run(108)) - s1@group-A7C5DBE940E2-FollowerState: change to CANDIDATE, lastRpcTime:218ms, electionTimeout:218ms
2019-09-24 16:48:23,830 INFO  impl.RoleInfo (RoleInfo.java:shutdownFollowerState(121)) - s1: shutdown FollowerState
2019-09-24 16:48:23,830 INFO  impl.RaftServerImpl (RaftServerImpl.java:setRole(170)) - s1@group-A7C5DBE940E2: changes role from  FOLLOWER to CANDIDATE at term 8 for changeToCandidate
2019-09-24 16:48:23,830 INFO  impl.RoleInfo (RoleInfo.java:updateAndGet(143)) - s1: start LeaderElection
2019-09-24 16:48:23,864 INFO  impl.FollowerState (FollowerState.java:run(108)) - s4@group-A7C5DBE940E2-FollowerState: change to CANDIDATE, lastRpcTime:258ms, electionTimeout:257ms
2019-09-24 16:48:23,864 INFO  impl.RoleInfo (RoleInfo.java:shutdownFollowerState(121)) - s4: shutdown FollowerState
2019-09-24 16:48:23,864 INFO  impl.RaftServerImpl (RaftServerImpl.java:setRole(170)) - s4@group-A7C5DBE940E2: changes role from  FOLLOWER to CANDIDATE at term 8 for changeToCandidate
2019-09-24 16:48:23,864 INFO  impl.RoleInfo (RoleInfo.java:updateAndGet(143)) - s4: start LeaderElection
2019-09-24 16:48:23,867 INFO  impl.FollowerState (FollowerState.java:run(108)) - s2@group-A7C5DBE940E2-FollowerState: change to CANDIDATE, lastRpcTime:255ms, electionTimeout:255ms
2019-09-24 16:48:23,867 INFO  impl.RoleInfo (RoleInfo.java:shutdownFollowerState(121)) - s2: shutdown FollowerState
2019-09-24 16:48:23,868 INFO  impl.RaftServerImpl (RaftServerImpl.java:setRole(170)) - s2@group-A7C5DBE940E2: changes role from  FOLLOWER to CANDIDATE at term 8 for changeToCandidate
2019-09-24 16:48:23,868 INFO  impl.RoleInfo (RoleInfo.java:updateAndGet(143)) - s2: start LeaderElection
2019-09-24 16:48:23,884 INFO  impl.LeaderElection (LeaderElection.java:askForVotes(178)) - s4@group-A7C5DBE940E2-LeaderElection34: begin an election at term 9 for -1: [s3:0.0.0.0:38312, s4:0.0.0.0:41737, s0:0.0.0.0:41019, s1:0.0.0.0:38816, s2:0.0.0.0:40694], old=null
2019-09-24 16:48:23,884 INFO  impl.LeaderElection (LeaderElection.java:askForVotes(178)) - s1@group-A7C5DBE940E2-LeaderElection33: begin an election at term 9 for -1: [s3:0.0.0.0:38312, s4:0.0.0.0:41737, s0:0.0.0.0:41019, s1:0.0.0.0:38816, s2:0.0.0.0:40694], old=null
2019-09-24 16:48:23,884 INFO  impl.LeaderElection (LeaderElection.java:askForVotes(178)) - s0@group-A7C5DBE940E2-LeaderElection32: begin an election at term 9 for -1: [s3:0.0.0.0:38312, s4:0.0.0.0:41737, s0:0.0.0.0:41019, s1:0.0.0.0:38816, s2:0.0.0.0:40694], old=null
2019-09-24 16:48:23,886 DEBUG impl.RaftServerImpl (RaftServerImpl.java:requestVote(743)) - s3@group-A7C5DBE940E2: receive requestVote(s4, group-A7C5DBE940E2, 9, (t:0, i:0))
2019-09-24 16:48:23,887 DEBUG impl.RaftServerImpl (RaftServerImpl.java:requestVote(743)) - s3@group-A7C5DBE940E2: receive requestVote(s1, group-A7C5DBE940E2, 9, (t:0, i:0))
2019-09-24 16:48:23,887 DEBUG impl.RaftServerImpl (RaftServerImpl.java:requestVote(743)) - s4@group-A7C5DBE940E2: receive requestVote(s0, group-A7C5DBE940E2, 9, (t:0, i:0))
2019-09-24 16:48:23,887 DEBUG impl.RaftServerImpl (RaftServerImpl.java:requestVote(743)) - s0@group-A7C5DBE940E2: receive requestVote(s4, group-A7C5DBE940E2, 9, (t:0, i:0))
2019-09-24 16:48:23,887 DEBUG impl.RaftServerImpl (RaftServerImpl.java:requestVote(743)) - s3@group-A7C5DBE940E2: receive requestVote(s0, group-A7C5DBE940E2, 9, (t:0, i:0))
2019-09-24 16:48:23,888 DEBUG impl.RaftServerImpl (RaftServerImpl.java:requestVote(743)) - s2@group-A7C5DBE940E2: receive requestVote(s4, group-A7C5DBE940E2, 9, (t:0, i:0))
2019-09-24 16:48:23,888 DEBUG impl.RaftServerImpl (RaftServerImpl.java:requestVote(775)) - s0@group-A7C5DBE940E2 replies to vote request: s4<-s0#0:FAIL-t9. Peer's state: s0@group-A7C5DBE940E2:t9, leader=null, voted=s0, raftlog=s0@group-A7C5DBE940E2-SegmentedRaftLog:OPENED:c-1,f-1,i0, conf=-1: [s3:0.0.0.0:38312, s4:0.0.0.0:41737, s0:0.0.0.0:41019, s1:0.0.0.0:38816, s2:0.0.0.0:40694], old=null
2019-09-24 16:48:23,888 DEBUG impl.RaftServerImpl (RaftServerImpl.java:requestVote(743)) - s2@group-A7C5DBE940E2: receive requestVote(s1, group-A7C5DBE940E2, 9, (t:0, i:0))
2019-09-24 16:48:23,888 DEBUG impl.RaftServerImpl (RaftServerImpl.java:requestVote(743)) - s1@group-A7C5DBE940E2: receive requestVote(s0, group-A7C5DBE940E2, 9, (t:0, i:0))
2019-09-24 16:48:23,888 DEBUG impl.RaftServerImpl (RaftServerImpl.java:requestVote(775)) - s4@group-A7C5DBE940E2 replies to vote request: s0<-s4#0:FAIL-t9. Peer's state: s4@group-A7C5DBE940E2:t9, leader=null, voted=s4, raftlog=s4@group-A7C5DBE940E2-SegmentedRaftLog:OPENED:c-1,f-1,i0, conf=-1: [s3:0.0.0.0:38312, s4:0.0.0.0:41737, s0:0.0.0.0:41019, s1:0.0.0.0:38816, s2:0.0.0.0:40694], old=null
2019-09-24 16:48:23,888 DEBUG impl.RaftServerImpl (RaftServerImpl.java:requestVote(743)) - s1@group-A7C5DBE940E2: receive requestVote(s4, group-A7C5DBE940E2, 9, (t:0, i:0))
2019-09-24 16:48:23,887 DEBUG impl.RaftServerImpl (RaftServerImpl.java:requestVote(743)) - s0@group-A7C5DBE940E2: receive requestVote(s1, group-A7C5DBE940E2, 9, (t:0, i:0))
2019-09-24 16:48:23,887 DEBUG impl.RaftServerImpl (RaftServerImpl.java:requestVote(743)) - s4@group-A7C5DBE940E2: receive requestVote(s1, group-A7C5DBE940E2, 9, (t:0, i:0))
2019-09-24 16:48:23,887 INFO  impl.RaftServerImpl (RaftServerImpl.java:setRole(170)) - s3@group-A7C5DBE940E2: changes role from  FOLLOWER to FOLLOWER at term 9 for recognizeCandidate:s4
2019-09-24 16:48:23,891 DEBUG impl.RaftServerImpl (RaftServerImpl.java:requestVote(775)) - s4@group-A7C5DBE940E2 replies to vote request: s1<-s4#0:FAIL-t9. Peer's state: s4@group-A7C5DBE940E2:t9, leader=null, voted=s4, raftlog=s4@group-A7C5DBE940E2-SegmentedRaftLog:OPENED:c-1,f-1,i0, conf=-1: [s3:0.0.0.0:38312, s4:0.0.0.0:41737, s0:0.0.0.0:41019, s1:0.0.0.0:38816, s2:0.0.0.0:40694], old=null
2019-09-24 16:48:23,890 DEBUG impl.RaftServerImpl (RaftServerImpl.java:requestVote(775)) - s0@group-A7C5DBE940E2 replies to vote request: s1<-s0#0:FAIL-t9. Peer's state: s0@group-A7C5DBE940E2:t9, leader=null, voted=s0, raftlog=s0@group-A7C5DBE940E2-SegmentedRaftLog:OPENED:c-1,f-1,i0, conf=-1: [s3:0.0.0.0:38312, s4:0.0.0.0:41737, s0:0.0.0.0:41019, s1:0.0.0.0:38816, s2:0.0.0.0:40694], old=null
2019-09-24 16:48:23,890 DEBUG impl.RaftServerImpl (RaftServerImpl.java:requestVote(775)) - s1@group-A7C5DBE940E2 replies to vote request: s0<-s1#0:FAIL-t9. Peer's state: s1@group-A7C5DBE940E2:t9, leader=null, voted=s1, raftlog=s1@group-A7C5DBE940E2-SegmentedRaftLog:OPENED:c-1,f-1,i0, conf=-1: [s3:0.0.0.0:38312, s4:0.0.0.0:41737, s0:0.0.0.0:41019, s1:0.0.0.0:38816, s2:0.0.0.0:40694], old=null
2019-09-24 16:48:23,888 DEBUG impl.RaftServerImpl (RaftServerImpl.java:requestVote(743)) - s2@group-A7C5DBE940E2: receive requestVote(s0, group-A7C5DBE940E2, 9, (t:0, i:0))
2019-09-24 16:48:23,892 DEBUG impl.RaftServerImpl (RaftServerImpl.java:requestVote(775)) - s1@group-A7C5DBE940E2 replies to vote request: s4<-s1#0:FAIL-t9. Peer's state: s1@group-A7C5DBE940E2:t9, leader=null, voted=s1, raftlog=s1@group-A7C5DBE940E2-SegmentedRaftLog:OPENED:c-1,f-1,i0, conf=-1: [s3:0.0.0.0:38312, s4:0.0.0.0:41737, s0:0.0.0.0:41019, s1:0.0.0.0:38816, s2:0.0.0.0:40694], old=null
2019-09-24 16:48:23,891 INFO  impl.RoleInfo (RoleInfo.java:shutdownFollowerState(121)) - s3: shutdown FollowerState
2019-09-24 16:48:23,893 INFO  impl.RoleInfo (RoleInfo.java:updateAndGet(143)) - s3: start FollowerState
2019-09-24 16:48:23,893 INFO  impl.FollowerState (FollowerState.java:run(117)) - s3@group-A7C5DBE940E2-FollowerState was interrupted: java.lang.InterruptedException: sleep interrupted
2019-09-24 16:48:23,909 DEBUG impl.RaftServerImpl (RaftServerImpl.java:requestVote(775)) - s3@group-A7C5DBE940E2 replies to vote request: s4<-s3#0:OK-t9. Peer's state: s3@group-A7C5DBE940E2:t9, leader=null, voted=s4, raftlog=s3@group-A7C5DBE940E2-SegmentedRaftLog:OPENED:c-1,f-1,i0, conf=-1: [s3:0.0.0.0:38312, s4:0.0.0.0:41737, s0:0.0.0.0:41019, s1:0.0.0.0:38816, s2:0.0.0.0:40694], old=null
2019-09-24 16:48:23,909 DEBUG impl.RaftServerImpl (RaftServerImpl.java:requestVote(775)) - s2@group-A7C5DBE940E2 replies to vote request: s0<-s2#0:FAIL-t9. Peer's state: s2@group-A7C5DBE940E2:t9, leader=null, voted=s2, raftlog=s2@group-A7C5DBE940E2-SegmentedRaftLog:OPENED:c-1,f-1,i0, conf=-1: [s3:0.0.0.0:38312, s4:0.0.0.0:41737, s0:0.0.0.0:41019, s1:0.0.0.0:38816, s2:0.0.0.0:40694], old=null
2019-09-24 16:48:23,909 DEBUG impl.RaftServerImpl (RaftServerImpl.java:requestVote(775)) - s3@group-A7C5DBE940E2 replies to vote request: s0<-s3#0:FAIL-t9. Peer's state: s3@group-A7C5DBE940E2:t9, leader=null, voted=s4, raftlog=s3@group-A7C5DBE940E2-SegmentedRaftLog:OPENED:c-1,f-1,i0, conf=-1: [s3:0.0.0.0:38312, s4:0.0.0.0:41737, s0:0.0.0.0:41019, s1:0.0.0.0:38816, s2:0.0.0.0:40694], old=null
2019-09-24 16:48:23,909 INFO  impl.LeaderElection (LeaderElection.java:askForVotes(178)) - s2@group-A7C5DBE940E2-LeaderElection35: begin an election at term 9 for -1: [s3:0.0.0.0:38312, s4:0.0.0.0:41737, s0:0.0.0.0:41019, s1:0.0.0.0:38816, s2:0.0.0.0:40694], old=null
2019-09-24 16:48:23,909 DEBUG impl.RaftServerImpl (RaftServerImpl.java:requestVote(775)) - s2@group-A7C5DBE940E2 replies to vote request: s1<-s2#0:FAIL-t9. Peer's state: s2@group-A7C5DBE940E2:t9, leader=null, voted=s2, raftlog=s2@group-A7C5DBE940E2-SegmentedRaftLog:OPENED:c-1,f-1,i0, conf=-1: [s3:0.0.0.0:38312, s4:0.0.0.0:41737, s0:0.0.0.0:41019, s1:0.0.0.0:38816, s2:0.0.0.0:40694], old=null
2019-09-24 16:48:23,910 INFO  impl.LeaderElection (LeaderElection.java:logAndReturn(56)) - s0@group-A7C5DBE940E2-LeaderElection32: Election REJECTED; received 4 response(s) [s0<-s3#0:FAIL-t9, s0<-s4#0:FAIL-t9, s0<-s1#0:FAIL-t9, s0<-s2#0:FAIL-t9] and 0 exception(s); s0@group-A7C5DBE940E2:t9, leader=null, voted=s0, raftlog=s0@group-A7C5DBE940E2-SegmentedRaftLog:OPENED:c-1,f-1,i0, conf=-1: [s3:0.0.0.0:38312, s4:0.0.0.0:41737, s0:0.0.0.0:41019, s1:0.0.0.0:38816, s2:0.0.0.0:40694], old=null
2019-09-24 16:48:23,910 DEBUG impl.RaftServerImpl (RaftServerImpl.java:requestVote(775)) - s3@group-A7C5DBE940E2 replies to vote request: s1<-s3#0:FAIL-t9. Peer's state: s3@group-A7C5DBE940E2:t9, leader=null, voted=s4, raftlog=s3@group-A7C5DBE940E2-SegmentedRaftLog:OPENED:c-1,f-1,i0, conf=-1: [s3:0.0.0.0:38312, s4:0.0.0.0:41737, s0:0.0.0.0:41019, s1:0.0.0.0:38816, s2:0.0.0.0:40694], old=null
2019-09-24 16:48:23,910 INFO  impl.RaftServerImpl (RaftServerImpl.java:setRole(170)) - s0@group-A7C5DBE940E2: changes role from CANDIDATE to FOLLOWER at term 9 for DISCOVERED_A_NEW_TERM
2019-09-24 16:48:23,910 DEBUG impl.RaftServerImpl (RaftServerImpl.java:requestVote(775)) - s2@group-A7C5DBE940E2 replies to vote request: s4<-s2#0:FAIL-t9. Peer's state: s2@group-A7C5DBE940E2:t9, leader=null, voted=s2, raftlog=s2@group-A7C5DBE940E2-SegmentedRaftLog:OPENED:c-1,f-1,i0, conf=-1: [s3:0.0.0.0:38312, s4:0.0.0.0:41737, s0:0.0.0.0:41019, s1:0.0.0.0:38816, s2:0.0.0.0:40694], old=null
2019-09-24 16:48:23,911 INFO  impl.LeaderElection (LeaderElection.java:logAndReturn(56)) - s1@group-A7C5DBE940E2-LeaderElection33: Election REJECTED; received 4 response(s) [s1<-s3#0:FAIL-t9, s1<-s4#0:FAIL-t9, s1<-s0#0:FAIL-t9, s1<-s2#0:FAIL-t9] and 0 exception(s); s1@group-A7C5DBE940E2:t9, leader=null, voted=s1, raftlog=s1@group-A7C5DBE940E2-SegmentedRaftLog:OPENED:c-1,f-1,i0, conf=-1: [s3:0.0.0.0:38312, s4:0.0.0.0:41737, s0:0.0.0.0:41019, s1:0.0.0.0:38816, s2:0.0.0.0:40694], old=null
2019-09-24 16:48:23,911 INFO  impl.RoleInfo (RoleInfo.java:shutdownLeaderElection(134)) - s0: shutdown LeaderElection
2019-09-24 16:48:23,911 INFO  impl.RaftServerImpl (RaftServerImpl.java:setRole(170)) - s1@group-A7C5DBE940E2: changes role from CANDIDATE to FOLLOWER at term 9 for DISCOVERED_A_NEW_TERM
2019-09-24 16:48:23,911 INFO  impl.RoleInfo (RoleInfo.java:updateAndGet(143)) - s0: start FollowerState
2019-09-24 16:48:23,911 INFO  impl.RoleInfo (RoleInfo.java:shutdownLeaderElection(134)) - s1: shutdown LeaderElection
2019-09-24 16:48:23,912 DEBUG impl.RaftServerImpl (RaftServerImpl.java:requestVote(743)) - s3@group-A7C5DBE940E2: receive requestVote(s2, group-A7C5DBE940E2, 9, (t:0, i:0))
2019-09-24 16:48:23,912 INFO  impl.RoleInfo (RoleInfo.java:updateAndGet(143)) - s1: start FollowerState
2019-09-24 16:48:23,912 INFO  impl.LeaderElection (LeaderElection.java:logAndReturn(56)) - s4@group-A7C5DBE940E2-LeaderElection34: Election REJECTED; received 4 response(s) [s4<-s3#0:OK-t9, s4<-s0#0:FAIL-t9, s4<-s1#0:FAIL-t9, s4<-s2#0:FAIL-t9] and 0 exception(s); s4@group-A7C5DBE940E2:t9, leader=null, voted=s4, raftlog=s4@group-A7C5DBE940E2-SegmentedRaftLog:OPENED:c-1,f-1,i0, conf=-1: [s3:0.0.0.0:38312, s4:0.0.0.0:41737, s0:0.0.0.0:41019, s1:0.0.0.0:38816, s2:0.0.0.0:40694], old=null
2019-09-24 16:48:23,912 DEBUG impl.RaftServerImpl (RaftServerImpl.java:requestVote(743)) - s0@group-A7C5DBE940E2: receive requestVote(s2, group-A7C5DBE940E2, 9, (t:0, i:0))
2019-09-24 16:48:23,912 DEBUG impl.RaftServerImpl (RaftServerImpl.java:requestVote(743)) - s4@group-A7C5DBE940E2: receive requestVote(s2, group-A7C5DBE940E2, 9, (t:0, i:0))
2019-09-24 16:48:23,912 DEBUG impl.RaftServerImpl (RaftServerImpl.java:requestVote(775)) - s3@group-A7C5DBE940E2 replies to vote request: s2<-s3#0:FAIL-t9. Peer's state: s3@group-A7C5DBE940E2:t9, leader=null, voted=s4, raftlog=s3@group-A7C5DBE940E2-SegmentedRaftLog:OPENED:c-1,f-1,i0, conf=-1: [s3:0.0.0.0:38312, s4:0.0.0.0:41737, s0:0.0.0.0:41019, s1:0.0.0.0:38816, s2:0.0.0.0:40694], old=null
2019-09-24 16:48:23,913 DEBUG impl.RaftServerImpl (RaftServerImpl.java:requestVote(775)) - s0@group-A7C5DBE940E2 replies to vote request: s2<-s0#0:FAIL-t9. Peer's state: s0@group-A7C5DBE940E2:t9, leader=null, voted=s0, raftlog=s0@group-A7C5DBE940E2-SegmentedRaftLog:OPENED:c-1,f-1,i0, conf=-1: [s3:0.0.0.0:38312, s4:0.0.0.0:41737, s0:0.0.0.0:41019, s1:0.0.0.0:38816, s2:0.0.0.0:40694], old=null
2019-09-24 16:48:23,913 DEBUG impl.RaftServerImpl (RaftServerImpl.java:requestVote(743)) - s1@group-A7C5DBE940E2: receive requestVote(s2, group-A7C5DBE940E2, 9, (t:0, i:0))
2019-09-24 16:48:23,913 INFO  impl.RaftServerImpl (RaftServerImpl.java:setRole(170)) - s4@group-A7C5DBE940E2: changes role from CANDIDATE to FOLLOWER at term 9 for DISCOVERED_A_NEW_TERM
2019-09-24 16:48:23,914 DEBUG impl.RaftServerImpl (RaftServerImpl.java:requestVote(775)) - s1@group-A7C5DBE940E2 replies to vote request: s2<-s1#0:FAIL-t9. Peer's state: s1@group-A7C5DBE940E2:t9, leader=null, voted=s1, raftlog=s1@group-A7C5DBE940E2-SegmentedRaftLog:OPENED:c-1,f-1,i0, conf=-1: [s3:0.0.0.0:38312, s4:0.0.0.0:41737, s0:0.0.0.0:41019, s1:0.0.0.0:38816, s2:0.0.0.0:40694], old=null
2019-09-24 16:48:23,914 INFO  impl.RoleInfo (RoleInfo.java:shutdownLeaderElection(134)) - s4: shutdown LeaderElection
2019-09-24 16:48:23,915 INFO  impl.RoleInfo (RoleInfo.java:updateAndGet(143)) - s4: start FollowerState
2019-09-24 16:48:23,915 DEBUG impl.RaftServerImpl (RaftServerImpl.java:requestVote(775)) - s4@group-A7C5DBE940E2 replies to vote request: s2<-s4#0:FAIL-t9. Peer's state: s4@group-A7C5DBE940E2:t9, leader=null, voted=s4, raftlog=s4@group-A7C5DBE940E2-SegmentedRaftLog:OPENED:c-1,f-1,i0, conf=-1: [s3:0.0.0.0:38312, s4:0.0.0.0:41737, s0:0.0.0.0:41019, s1:0.0.0.0:38816, s2:0.0.0.0:40694], old=null
2019-09-24 16:48:23,916 INFO  impl.LeaderElection (LeaderElection.java:logAndReturn(56)) - s2@group-A7C5DBE940E2-LeaderElection35: Election REJECTED; received 4 response(s) [s2<-s3#0:FAIL-t9, s2<-s4#0:FAIL-t9, s2<-s0#0:FAIL-t9, s2<-s1#0:FAIL-t9] and 0 exception(s); s2@group-A7C5DBE940E2:t9, leader=null, voted=s2, raftlog=s2@group-A7C5DBE940E2-SegmentedRaftLog:OPENED:c-1,f-1,i0, conf=-1: [s3:0.0.0.0:38312, s4:0.0.0.0:41737, s0:0.0.0.0:41019, s1:0.0.0.0:38816, s2:0.0.0.0:40694], old=null
2019-09-24 16:48:23,916 INFO  impl.RaftServerImpl (RaftServerImpl.java:setRole(170)) - s2@group-A7C5DBE940E2: changes role from CANDIDATE to FOLLOWER at term 9 for DISCOVERED_A_NEW_TERM
2019-09-24 16:48:23,916 INFO  impl.RoleInfo (RoleInfo.java:shutdownLeaderElection(134)) - s2: shutdown LeaderElection
2019-09-24 16:48:23,916 INFO  impl.RoleInfo (RoleInfo.java:updateAndGet(143)) - s2: start FollowerState
2019-09-24 16:48:24,108 INFO  impl.FollowerState (FollowerState.java:run(108)) - s0@group-A7C5DBE940E2-FollowerState: change to CANDIDATE, lastRpcTime:196ms, electionTimeout:196ms
2019-09-24 16:48:24,109 INFO  impl.RoleInfo (RoleInfo.java:shutdownFollowerState(121)) - s0: shutdown FollowerState
2019-09-24 16:48:24,109 INFO  impl.RaftServerImpl (RaftServerImpl.java:setRole(170)) - s0@group-A7C5DBE940E2: changes role from  FOLLOWER to CANDIDATE at term 9 for changeToCandidate
2019-09-24 16:48:24,109 INFO  impl.RoleInfo (RoleInfo.java:updateAndGet(143)) - s0: start LeaderElection
2019-09-24 16:48:24,112 INFO  impl.FollowerState (FollowerState.java:run(108)) - s1@group-A7C5DBE940E2-FollowerState: change to CANDIDATE, lastRpcTime:199ms, electionTimeout:199ms
2019-09-24 16:48:24,112 INFO  impl.RoleInfo (RoleInfo.java:shutdownFollowerState(121)) - s1: shutdown FollowerState
2019-09-24 16:48:24,112 INFO  impl.RaftServerImpl (RaftServerImpl.java:setRole(170)) - s1@group-A7C5DBE940E2: changes role from  FOLLOWER to CANDIDATE at term 9 for changeToCandidate
2019-09-24 16:48:24,112 INFO  impl.RoleInfo (RoleInfo.java:updateAndGet(143)) - s1: start LeaderElection
2019-09-24 16:48:24,137 INFO  ratis.MiniRaftCluster (MiniRaftCluster.java:lambda$null$5(297)) - TIMED-PRINT: printing ALL groups
  s3:  RUNNING [
   FOLLOWER s3@group-FEE41E240123:t0, leader=null, voted=null, raftlog=s3@group-FEE41E240123-SegmentedRaftLog:OPENED:c-1,f-1,i0, conf=-1: [], old=null STARTING
   FOLLOWER s3@group-A7C5DBE940E2:t9, leader=null, voted=s4, raftlog=s3@group-A7C5DBE940E2-SegmentedRaftLog:OPENED:c-1,f-1,i0, conf=-1: [s3:0.0.0.0:38312, s4:0.0.0.0:41737, s0:0.0.0.0:41019, s1:0.0.0.0:38816, s2:0.0.0.0:40694], old=null RUNNING] size=2
  s4:  RUNNING [
   FOLLOWER s4@group-FEE41E240123:t0, leader=null, voted=null, raftlog=s4@group-FEE41E240123-SegmentedRaftLog:OPENED:c-1,f-1,i0, conf=-1: [], old=null STARTING
   FOLLOWER s4@group-A7C5DBE940E2:t9, leader=null, voted=s4, raftlog=s4@group-A7C5DBE940E2-SegmentedRaftLog:OPENED:c-1,f-1,i0, conf=-1: [s3:0.0.0.0:38312, s4:0.0.0.0:41737, s0:0.0.0.0:41019, s1:0.0.0.0:38816, s2:0.0.0.0:40694], old=null RUNNING] size=2
  s5:  RUNNING  FOLLOWER s5@group-FEE41E240123:t0, leader=null, voted=null, raftlog=s5@group-FEE41E240123-SegmentedRaftLog:OPENED:c-1,f-1,i0, conf=-1: [], old=null STARTING
  s6:  RUNNING  FOLLOWER s6@group-FEE41E240123:t0, leader=null, voted=null, raftlog=s6@group-FEE41E240123-SegmentedRaftLog:OPENED:c-1,f-1,i0, conf=-1: [], old=null STARTING
  s7:  RUNNING  FOLLOWER s7@group-FEE41E240123:t0, leader=null, voted=null, raftlog=s7@group-FEE41E240123-SegmentedRaftLog:OPENED:c-1,f-1,i0, conf=-1: [], old=null STARTING
  s8:  RUNNING  FOLLOWER s8@group-FEE41E240123:t0, leader=null, voted=null, raftlog=s8@group-FEE41E240123-SegmentedRaftLog:OPENED:c-1,f-1,i0, conf=-1: [], old=null STARTING
  s0:  RUNNING [
   FOLLOWER s0@group-FEE41E240123:t0, leader=null, voted=null, raftlog=s0@group-FEE41E240123-SegmentedRaftLog:OPENED:c-1,f-1,i0, conf=-1: [], old=null STARTING
  CANDIDATE s0@group-A7C5DBE940E2:t10, leader=null, voted=s0, raftlog=s0@group-A7C5DBE940E2-SegmentedRaftLog:OPENED:c-1,f-1,i0, conf=-1: [s3:0.0.0.0:38312, s4:0.0.0.0:41737, s0:0.0.0.0:41019, s1:0.0.0.0:38816, s2:0.0.0.0:40694], old=null RUNNING] size=2
  s1:  RUNNING [
   FOLLOWER s1@group-FEE41E240123:t0, leader=null, voted=null, raftlog=s1@group-FEE41E240123-SegmentedRaftLog:OPENED:c-1,f-1,i0, conf=-1: [], old=null STARTING
  CANDIDATE s1@group-A7C5DBE940E2:t10, leader=null, voted=s1, raftlog=s1@group-A7C5DBE940E2-SegmentedRaftLog:OPENED:c-1,f-1,i0, conf=-1: [s3:0.0.0.0:38312, s4:0.0.0.0:41737, s0:0.0.0.0:41019, s1:0.0.0.0:38816, s2:0.0.0.0:40694], old=null RUNNING] size=2
  s2:  RUNNING [
   FOLLOWER s2@group-FEE41E240123:t0, leader=null, voted=null, raftlog=s2@group-FEE41E240123-SegmentedRaftLog:OPENED:c-1,f-1,i0, conf=-1: [], old=null STARTING
   FOLLOWER s2@group-A7C5DBE940E2:t9, leader=null, voted=s2, raftlog=s2@group-A7C5DBE940E2-SegmentedRaftLog:OPENED:c-1,f-1,i0, conf=-1: [s3:0.0.0.0:38312, s4:0.0.0.0:41737, s0:0.0.0.0:41019, s1:0.0.0.0:38816, s2:0.0.0.0:40694], old=null RUNNING] size=2
2019-09-24 16:48:24,142 INFO  impl.FollowerState (FollowerState.java:run(108)) - s2@group-A7C5DBE940E2-FollowerState: change to CANDIDATE, lastRpcTime:225ms, electionTimeout:225ms
2019-09-24 16:48:24,142 INFO  impl.RoleInfo (RoleInfo.java:shutdownFollowerState(121)) - s2: shutdown FollowerState
2019-09-24 16:48:24,142 INFO  impl.RaftServerImpl (RaftServerImpl.java:setRole(170)) - s2@group-A7C5DBE940E2: changes role from  FOLLOWER to CANDIDATE at term 9 for changeToCandidate
2019-09-24 16:48:24,142 INFO  impl.FollowerState (FollowerState.java:run(108)) - s3@group-A7C5DBE940E2-FollowerState: change to CANDIDATE, lastRpcTime:248ms, electionTimeout:248ms
2019-09-24 16:48:24,142 INFO  impl.RoleInfo (RoleInfo.java:updateAndGet(143)) - s2: start LeaderElection
2019-09-24 16:48:24,143 INFO  impl.RoleInfo (RoleInfo.java:shutdownFollowerState(121)) - s3: shutdown FollowerState
2019-09-24 16:48:24,144 INFO  impl.RaftServerImpl (RaftServerImpl.java:setRole(170)) - s3@group-A7C5DBE940E2: changes role from  FOLLOWER to CANDIDATE at term 9 for changeToCandidate
2019-09-24 16:48:24,144 INFO  impl.RoleInfo (RoleInfo.java:updateAndGet(143)) - s3: start LeaderElection
2019-09-24 16:48:24,163 INFO  impl.FollowerState (FollowerState.java:run(108)) - s4@group-A7C5DBE940E2-FollowerState: change to CANDIDATE, lastRpcTime:248ms, electionTimeout:248ms
2019-09-24 16:48:24,163 INFO  impl.RoleInfo (RoleInfo.java:shutdownFollowerState(121)) - s4: shutdown FollowerState
2019-09-24 16:48:24,163 INFO  impl.RaftServerImpl (RaftServerImpl.java:setRole(170)) - s4@group-A7C5DBE940E2: changes role from  FOLLOWER to CANDIDATE at term 9 for changeToCandidate
2019-09-24 16:48:24,164 INFO  impl.RoleInfo (RoleInfo.java:updateAndGet(143)) - s4: start LeaderElection
2019-09-24 16:48:24,174 WARN  ratis.RaftTestUtil (JavaUtils.java:attempt(158)) - FAILED "waitForLeader-group-A7C5DBE940E2-(expectLeader? true)", attempt #87/100: java.lang.IllegalStateException: No leader yet  for group-A7C5DBE940E2: printing group-A7C5DBE940E2
  s3:  RUNNING [
   FOLLOWER s3@group-FEE41E240123:t0, leader=null, voted=null, raftlog=s3@group-FEE41E240123-SegmentedRaftLog:OPENED:c-1,f-1,i0, conf=-1: [], old=null STARTING
  CANDIDATE s3@group-A7C5DBE940E2:t10, leader=null, voted=s3, raftlog=s3@group-A7C5DBE940E2-SegmentedRaftLog:OPENED:c-1,f-1,i0, conf=-1: [s3:0.0.0.0:38312, s4:0.0.0.0:41737, s0:0.0.0.0:41019, s1:0.0.0.0:38816, s2:0.0.0.0:40694], old=null RUNNING] size=2
  s4:  RUNNING [
   FOLLOWER s4@group-FEE41E240123:t0, leader=null, voted=null, raftlog=s4@group-FEE41E240123-SegmentedRaftLog:OPENED:c-1,f-1,i0, conf=-1: [], old=null STARTING
  CANDIDATE s4@group-A7C5DBE940E2:t10, leader=null, voted=s4, raftlog=s4@group-A7C5DBE940E2-SegmentedRaftLog:OPENED:c-1,f-1,i0, conf=-1: [s3:0.0.0.0:38312, s4:0.0.0.0:41737, s0:0.0.0.0:41019, s1:0.0.0.0:38816, s2:0.0.0.0:40694], old=null RUNNING] size=2
  s0:  RUNNING [
   FOLLOWER s0@group-FEE41E240123:t0, leader=null, voted=null, raftlog=s0@group-FEE41E240123-SegmentedRaftLog:OPENED:c-1,f-1,i0, conf=-1: [], old=null STARTING
  CANDIDATE s0@group-A7C5DBE940E2:t10, leader=null, voted=s0, raftlog=s0@group-A7C5DBE940E2-SegmentedRaftLog:OPENED:c-1,f-1,i0, conf=-1: [s3:0.0.0.0:38312, s4:0.0.0.0:41737, s0:0.0.0.0:41019, s1:0.0.0.0:38816, s2:0.0.0.0:40694], old=null RUNNING] size=2
  s1:  RUNNING [
   FOLLOWER s1@group-FEE41E240123:t0, leader=null, voted=null, raftlog=s1@group-FEE41E240123-SegmentedRaftLog:OPENED:c-1,f-1,i0, conf=-1: [], old=null STARTING
  CANDIDATE s1@group-A7C5DBE940E2:t10, leader=null, voted=s1, raftlog=s1@group-A7C5DBE940E2-SegmentedRaftLog:OPENED:c-1,f-1,i0, conf=-1: [s3:0.0.0.0:38312, s4:0.0.0.0:41737, s0:0.0.0.0:41019, s1:0.0.0.0:38816, s2:0.0.0.0:40694], old=null RUNNING] size=2
  s2:  RUNNING [
   FOLLOWER s2@group-FEE41E240123:t0, leader=null, voted=null, raftlog=s2@group-FEE41E240123-SegmentedRaftLog:OPENED:c-1,f-1,i0, conf=-1: [], old=null STARTING
  CANDIDATE s2@group-A7C5DBE940E2:t10, leader=null, voted=s2, raftlog=s2@group-A7C5DBE940E2-SegmentedRaftLog:OPENED:c-1,f-1,i0, conf=-1: [s3:0.0.0.0:38312, s4:0.0.0.0:41737, s0:0.0.0.0:41019, s1:0.0.0.0:38816, s2:0.0.0.0:40694], old=null RUNNING] size=2, sleep 450ms and then retry.
java.lang.IllegalStateException: No leader yet  for group-A7C5DBE940E2: printing group-A7C5DBE940E2
  s3:  RUNNING [
   FOLLOWER s3@group-FEE41E240123:t0, leader=null, voted=null, raftlog=s3@group-FEE41E240123-SegmentedRaftLog:OPENED:c-1,f-1,i0, conf=-1: [], old=null STARTING
  CANDIDATE s3@group-A7C5DBE940E2:t10, leader=null, voted=s3, raftlog=s3@group-A7C5DBE940E2-SegmentedRaftLog:OPENED:c-1,f-1,i0, conf=-1: [s3:0.0.0.0:38312, s4:0.0.0.0:41737, s0:0.0.0.0:41019, s1:0.0.0.0:38816, s2:0.0.0.0:40694], old=null RUNNING] size=2
  s4:  RUNNING [
   FOLLOWER s4@group-FEE41E240123:t0, leader=null, voted=null, raftlog=s4@group-FEE41E240123-SegmentedRaftLog:OPENED:c-1,f-1,i0, conf=-1: [], old=null STARTING
  CANDIDATE s4@group-A7C5DBE940E2:t10, leader=null, voted=s4, raftlog=s4@group-A7C5DBE940E2-SegmentedRaftLog:OPENED:c-1,f-1,i0, conf=-1: [s3:0.0.0.0:38312, s4:0.0.0.0:41737, s0:0.0.0.0:41019, s1:0.0.0.0:38816, s2:0.0.0.0:40694], old=null RUNNING] size=2
  s0:  RUNNING [
   FOLLOWER s0@group-FEE41E240123:t0, leader=null, voted=null, raftlog=s0@group-FEE41E240123-SegmentedRaftLog:OPENED:c-1,f-1,i0, conf=-1: [], old=null STARTING
  CANDIDATE s0@group-A7C5DBE940E2:t10, leader=null, voted=s0, raftlog=s0@group-A7C5DBE940E2-SegmentedRaftLog:OPENED:c-1,f-1,i0, conf=-1: [s3:0.0.0.0:38312, s4:0.0.0.0:41737, s0:0.0.0.0:41019, s1:0.0.0.0:38816, s2:0.0.0.0:40694], old=null RUNNING] size=2
  s1:  RUNNING [
   FOLLOWER s1@group-FEE41E240123:t0, leader=null, voted=null, raftlog=s1@group-FEE41E240123-SegmentedRaftLog:OPENED:c-1,f-1,i0, conf=-1: [], old=null STARTING
  CANDIDATE s1@group-A7C5DBE940E2:t10, leader=null, voted=s1, raftlog=s1@group-A7C5DBE940E2-SegmentedRaftLog:OPENED:c-1,f-1,i0, conf=-1: [s3:0.0.0.0:38312, s4:0.0.0.0:41737, s0:0.0.0.0:41019, s1:0.0.0.0:38816, s2:0.0.0.0:40694], old=null RUNNING] size=2
  s2:  RUNNING [
   FOLLOWER s2@group-FEE41E240123:t0, leader=null, voted=null, raftlog=s2@group-FEE41E240123-SegmentedRaftLog:OPENED:c-1,f-1,i0, conf=-1: [], old=null STARTING
  CANDIDATE s2@group-A7C5DBE940E2:t10, leader=null, voted=s2, raftlog=s2@group-A7C5DBE940E2-SegmentedRaftLog:OPENED:c-1,f-1,i0, conf=-1: [s3:0.0.0.0:38312, s4:0.0.0.0:41737, s0:0.0.0.0:41019, s1:0.0.0.0:38816, s2:0.0.0.0:40694], old=null RUNNING] size=2
	at org.apache.ratis.MiniRaftCluster.newIllegalStateExceptionForNoLeaders(MiniRaftCluster.java:506)
	at org.apache.ratis.RaftTestUtil.lambda$waitForLeader$1(RaftTestUtil.java:90)
	at org.apache.ratis.MiniRaftCluster.getLeader(MiniRaftCluster.java:539)
	at org.apache.ratis.MiniRaftCluster.getLeader(MiniRaftCluster.java:532)
	at org.apache.ratis.RaftTestUtil.lambda$waitForLeader$3(RaftTestUtil.java:98)
	at org.apache.ratis.util.JavaUtils.attempt(JavaUtils.java:152)
	at org.apache.ratis.RaftTestUtil.waitForLeader(RaftTestUtil.java:97)
	at org.apache.ratis.RaftTestUtil.waitForLeader(RaftTestUtil.java:77)
	at org.apache.ratis.server.impl.GroupManagementBaseTest.runMultiGroupTest(GroupManagementBaseTest.java:175)
	at org.apache.ratis.server.impl.GroupManagementBaseTest.runMultiGroupTest(GroupManagementBaseTest.java:126)
	at org.apache.ratis.server.impl.GroupManagementBaseTest.testMultiGroup9Nodes(GroupManagementBaseTest.java:121)
	at sun.reflect.NativeMethodAccessorImpl.invoke0(Native Method)
	at sun.reflect.NativeMethodAccessorImpl.invoke(NativeMethodAccessorImpl.java:62)
	at sun.reflect.DelegatingMethodAccessorImpl.invoke(DelegatingMethodAccessorImpl.java:43)
	at java.lang.reflect.Method.invoke(Method.java:498)
	at org.junit.runners.model.FrameworkMethod$1.runReflectiveCall(FrameworkMethod.java:50)
	at org.junit.internal.runners.model.ReflectiveCallable.run(ReflectiveCallable.java:12)
	at org.junit.runners.model.FrameworkMethod.invokeExplosively(FrameworkMethod.java:47)
	at org.junit.internal.runners.statements.InvokeMethod.evaluate(InvokeMethod.java:17)
	at org.junit.internal.runners.statements.RunAfters.evaluate(RunAfters.java:27)
	at org.junit.internal.runners.statements.FailOnTimeout$CallableStatement.call(FailOnTimeout.java:298)
	at org.junit.internal.runners.statements.FailOnTimeout$CallableStatement.call(FailOnTimeout.java:292)
	at java.util.concurrent.FutureTask.run(FutureTask.java:266)
	at java.lang.Thread.run(Thread.java:748)
2019-09-24 16:48:24,250 INFO  impl.LeaderElection (LeaderElection.java:askForVotes(178)) - s0@group-A7C5DBE940E2-LeaderElection36: begin an election at term 10 for -1: [s3:0.0.0.0:38312, s4:0.0.0.0:41737, s0:0.0.0.0:41019, s1:0.0.0.0:38816, s2:0.0.0.0:40694], old=null
2019-09-24 16:48:24,250 INFO  impl.LeaderElection (LeaderElection.java:askForVotes(178)) - s2@group-A7C5DBE940E2-LeaderElection38: begin an election at term 10 for -1: [s3:0.0.0.0:38312, s4:0.0.0.0:41737, s0:0.0.0.0:41019, s1:0.0.0.0:38816, s2:0.0.0.0:40694], old=null
2019-09-24 16:48:24,252 INFO  impl.LeaderElection (LeaderElection.java:askForVotes(178)) - s4@group-A7C5DBE940E2-LeaderElection40: begin an election at term 10 for -1: [s3:0.0.0.0:38312, s4:0.0.0.0:41737, s0:0.0.0.0:41019, s1:0.0.0.0:38816, s2:0.0.0.0:40694], old=null
2019-09-24 16:48:24,250 INFO  impl.LeaderElection (LeaderElection.java:askForVotes(178)) - s1@group-A7C5DBE940E2-LeaderElection37: begin an election at term 10 for -1: [s3:0.0.0.0:38312, s4:0.0.0.0:41737, s0:0.0.0.0:41019, s1:0.0.0.0:38816, s2:0.0.0.0:40694], old=null
2019-09-24 16:48:24,250 INFO  impl.LeaderElection (LeaderElection.java:askForVotes(178)) - s3@group-A7C5DBE940E2-LeaderElection39: begin an election at term 10 for -1: [s3:0.0.0.0:38312, s4:0.0.0.0:41737, s0:0.0.0.0:41019, s1:0.0.0.0:38816, s2:0.0.0.0:40694], old=null
2019-09-24 16:48:24,253 DEBUG impl.RaftServerImpl (RaftServerImpl.java:requestVote(743)) - s3@group-A7C5DBE940E2: receive requestVote(s0, group-A7C5DBE940E2, 10, (t:0, i:0))
2019-09-24 16:48:24,253 DEBUG impl.RaftServerImpl (RaftServerImpl.java:requestVote(743)) - s4@group-A7C5DBE940E2: receive requestVote(s0, group-A7C5DBE940E2, 10, (t:0, i:0))
2019-09-24 16:48:24,253 DEBUG impl.RaftServerImpl (RaftServerImpl.java:requestVote(743)) - s3@group-A7C5DBE940E2: receive requestVote(s4, group-A7C5DBE940E2, 10, (t:0, i:0))
2019-09-24 16:48:24,253 DEBUG impl.RaftServerImpl (RaftServerImpl.java:requestVote(775)) - s4@group-A7C5DBE940E2 replies to vote request: s0<-s4#0:FAIL-t10. Peer's state: s4@group-A7C5DBE940E2:t10, leader=null, voted=s4, raftlog=s4@group-A7C5DBE940E2-SegmentedRaftLog:OPENED:c-1,f-1,i0, conf=-1: [s3:0.0.0.0:38312, s4:0.0.0.0:41737, s0:0.0.0.0:41019, s1:0.0.0.0:38816, s2:0.0.0.0:40694], old=null
2019-09-24 16:48:24,253 DEBUG impl.RaftServerImpl (RaftServerImpl.java:requestVote(743)) - s3@group-A7C5DBE940E2: receive requestVote(s1, group-A7C5DBE940E2, 10, (t:0, i:0))
2019-09-24 16:48:24,254 DEBUG impl.RaftServerImpl (RaftServerImpl.java:requestVote(743)) - s4@group-A7C5DBE940E2: receive requestVote(s2, group-A7C5DBE940E2, 10, (t:0, i:0))
2019-09-24 16:48:24,253 DEBUG impl.RaftServerImpl (RaftServerImpl.java:requestVote(775)) - s3@group-A7C5DBE940E2 replies to vote request: s0<-s3#0:FAIL-t10. Peer's state: s3@group-A7C5DBE940E2:t10, leader=null, voted=s3, raftlog=s3@group-A7C5DBE940E2-SegmentedRaftLog:OPENED:c-1,f-1,i0, conf=-1: [s3:0.0.0.0:38312, s4:0.0.0.0:41737, s0:0.0.0.0:41019, s1:0.0.0.0:38816, s2:0.0.0.0:40694], old=null
2019-09-24 16:48:24,253 DEBUG impl.RaftServerImpl (RaftServerImpl.java:requestVote(743)) - s1@group-A7C5DBE940E2: receive requestVote(s0, group-A7C5DBE940E2, 10, (t:0, i:0))
2019-09-24 16:48:24,255 DEBUG impl.RaftServerImpl (RaftServerImpl.java:requestVote(743)) - s1@group-A7C5DBE940E2: receive requestVote(s4, group-A7C5DBE940E2, 10, (t:0, i:0))
2019-09-24 16:48:24,255 DEBUG impl.RaftServerImpl (RaftServerImpl.java:requestVote(775)) - s3@group-A7C5DBE940E2 replies to vote request: s1<-s3#0:FAIL-t10. Peer's state: s3@group-A7C5DBE940E2:t10, leader=null, voted=s3, raftlog=s3@group-A7C5DBE940E2-SegmentedRaftLog:OPENED:c-1,f-1,i0, conf=-1: [s3:0.0.0.0:38312, s4:0.0.0.0:41737, s0:0.0.0.0:41019, s1:0.0.0.0:38816, s2:0.0.0.0:40694], old=null
2019-09-24 16:48:24,255 DEBUG impl.RaftServerImpl (RaftServerImpl.java:requestVote(743)) - s2@group-A7C5DBE940E2: receive requestVote(s1, group-A7C5DBE940E2, 10, (t:0, i:0))
2019-09-24 16:48:24,255 DEBUG impl.RaftServerImpl (RaftServerImpl.java:requestVote(743)) - s1@group-A7C5DBE940E2: receive requestVote(s2, group-A7C5DBE940E2, 10, (t:0, i:0))
2019-09-24 16:48:24,255 DEBUG impl.RaftServerImpl (RaftServerImpl.java:requestVote(743)) - s0@group-A7C5DBE940E2: receive requestVote(s1, group-A7C5DBE940E2, 10, (t:0, i:0))
2019-09-24 16:48:24,254 DEBUG impl.RaftServerImpl (RaftServerImpl.java:requestVote(775)) - s4@group-A7C5DBE940E2 replies to vote request: s2<-s4#0:FAIL-t10. Peer's state: s4@group-A7C5DBE940E2:t10, leader=null, voted=s4, raftlog=s4@group-A7C5DBE940E2-SegmentedRaftLog:OPENED:c-1,f-1,i0, conf=-1: [s3:0.0.0.0:38312, s4:0.0.0.0:41737, s0:0.0.0.0:41019, s1:0.0.0.0:38816, s2:0.0.0.0:40694], old=null
2019-09-24 16:48:24,254 DEBUG impl.RaftServerImpl (RaftServerImpl.java:requestVote(743)) - s0@group-A7C5DBE940E2: receive requestVote(s2, group-A7C5DBE940E2, 10, (t:0, i:0))
2019-09-24 16:48:24,254 DEBUG impl.RaftServerImpl (RaftServerImpl.java:requestVote(743)) - s0@group-A7C5DBE940E2: receive requestVote(s4, group-A7C5DBE940E2, 10, (t:0, i:0))
2019-09-24 16:48:24,254 DEBUG impl.RaftServerImpl (RaftServerImpl.java:requestVote(743)) - s2@group-A7C5DBE940E2: receive requestVote(s0, group-A7C5DBE940E2, 10, (t:0, i:0))
2019-09-24 16:48:24,254 DEBUG impl.RaftServerImpl (RaftServerImpl.java:requestVote(743)) - s4@group-A7C5DBE940E2: receive requestVote(s1, group-A7C5DBE940E2, 10, (t:0, i:0))
2019-09-24 16:48:24,254 DEBUG impl.RaftServerImpl (RaftServerImpl.java:requestVote(743)) - s4@group-A7C5DBE940E2: receive requestVote(s3, group-A7C5DBE940E2, 10, (t:0, i:0))
2019-09-24 16:48:24,257 DEBUG impl.RaftServerImpl (RaftServerImpl.java:requestVote(775)) - s4@group-A7C5DBE940E2 replies to vote request: s1<-s4#0:FAIL-t10. Peer's state: s4@group-A7C5DBE940E2:t10, leader=null, voted=s4, raftlog=s4@group-A7C5DBE940E2-SegmentedRaftLog:OPENED:c-1,f-1,i0, conf=-1: [s3:0.0.0.0:38312, s4:0.0.0.0:41737, s0:0.0.0.0:41019, s1:0.0.0.0:38816, s2:0.0.0.0:40694], old=null
2019-09-24 16:48:24,256 DEBUG impl.RaftServerImpl (RaftServerImpl.java:requestVote(775)) - s0@group-A7C5DBE940E2 replies to vote request: s1<-s0#0:FAIL-t10. Peer's state: s0@group-A7C5DBE940E2:t10, leader=null, voted=s0, raftlog=s0@group-A7C5DBE940E2-SegmentedRaftLog:OPENED:c-1,f-1,i0, conf=-1: [s3:0.0.0.0:38312, s4:0.0.0.0:41737, s0:0.0.0.0:41019, s1:0.0.0.0:38816, s2:0.0.0.0:40694], old=null
2019-09-24 16:48:24,256 DEBUG impl.RaftServerImpl (RaftServerImpl.java:requestVote(775)) - s2@group-A7C5DBE940E2 replies to vote request: s1<-s2#0:FAIL-t10. Peer's state: s2@group-A7C5DBE940E2:t10, leader=null, voted=s2, raftlog=s2@group-A7C5DBE940E2-SegmentedRaftLog:OPENED:c-1,f-1,i0, conf=-1: [s3:0.0.0.0:38312, s4:0.0.0.0:41737, s0:0.0.0.0:41019, s1:0.0.0.0:38816, s2:0.0.0.0:40694], old=null
2019-09-24 16:48:24,255 DEBUG impl.RaftServerImpl (RaftServerImpl.java:requestVote(775)) - s3@group-A7C5DBE940E2 replies to vote request: s4<-s3#0:FAIL-t10. Peer's state: s3@group-A7C5DBE940E2:t10, leader=null, voted=s3, raftlog=s3@group-A7C5DBE940E2-SegmentedRaftLog:OPENED:c-1,f-1,i0, conf=-1: [s3:0.0.0.0:38312, s4:0.0.0.0:41737, s0:0.0.0.0:41019, s1:0.0.0.0:38816, s2:0.0.0.0:40694], old=null
2019-09-24 16:48:24,255 DEBUG impl.RaftServerImpl (RaftServerImpl.java:requestVote(775)) - s1@group-A7C5DBE940E2 replies to vote request: s0<-s1#0:FAIL-t10. Peer's state: s1@group-A7C5DBE940E2:t10, leader=null, voted=s1, raftlog=s1@group-A7C5DBE940E2-SegmentedRaftLog:OPENED:c-1,f-1,i0, conf=-1: [s3:0.0.0.0:38312, s4:0.0.0.0:41737, s0:0.0.0.0:41019, s1:0.0.0.0:38816, s2:0.0.0.0:40694], old=null
2019-09-24 16:48:24,255 DEBUG impl.RaftServerImpl (RaftServerImpl.java:requestVote(743)) - s2@group-A7C5DBE940E2: receive requestVote(s4, group-A7C5DBE940E2, 10, (t:0, i:0))
2019-09-24 16:48:24,255 DEBUG impl.RaftServerImpl (RaftServerImpl.java:requestVote(743)) - s3@group-A7C5DBE940E2: receive requestVote(s2, group-A7C5DBE940E2, 10, (t:0, i:0))
2019-09-24 16:48:24,259 DEBUG impl.RaftServerImpl (RaftServerImpl.java:requestVote(743)) - s0@group-A7C5DBE940E2: receive requestVote(s3, group-A7C5DBE940E2, 10, (t:0, i:0))
2019-09-24 16:48:24,259 DEBUG impl.RaftServerImpl (RaftServerImpl.java:requestVote(775)) - s1@group-A7C5DBE940E2 replies to vote request: s2<-s1#0:FAIL-t10. Peer's state: s1@group-A7C5DBE940E2:t10, leader=null, voted=s1, raftlog=s1@group-A7C5DBE940E2-SegmentedRaftLog:OPENED:c-1,f-1,i0, conf=-1: [s3:0.0.0.0:38312, s4:0.0.0.0:41737, s0:0.0.0.0:41019, s1:0.0.0.0:38816, s2:0.0.0.0:40694], old=null
2019-09-24 16:48:24,258 INFO  impl.LeaderElection (LeaderElection.java:logAndReturn(56)) - s1@group-A7C5DBE940E2-LeaderElection37: Election REJECTED; received 4 response(s) [s1<-s3#0:FAIL-t10, s1<-s4#0:FAIL-t10, s1<-s0#0:FAIL-t10, s1<-s2#0:FAIL-t10] and 0 exception(s); s1@group-A7C5DBE940E2:t10, leader=null, voted=s1, raftlog=s1@group-A7C5DBE940E2-SegmentedRaftLog:OPENED:c-1,f-1,i0, conf=-1: [s3:0.0.0.0:38312, s4:0.0.0.0:41737, s0:0.0.0.0:41019, s1:0.0.0.0:38816, s2:0.0.0.0:40694], old=null
2019-09-24 16:48:24,258 DEBUG impl.RaftServerImpl (RaftServerImpl.java:requestVote(775)) - s2@group-A7C5DBE940E2 replies to vote request: s0<-s2#0:FAIL-t10. Peer's state: s2@group-A7C5DBE940E2:t10, leader=null, voted=s2, raftlog=s2@group-A7C5DBE940E2-SegmentedRaftLog:OPENED:c-1,f-1,i0, conf=-1: [s3:0.0.0.0:38312, s4:0.0.0.0:41737, s0:0.0.0.0:41019, s1:0.0.0.0:38816, s2:0.0.0.0:40694], old=null
2019-09-24 16:48:24,258 DEBUG impl.RaftServerImpl (RaftServerImpl.java:requestVote(775)) - s0@group-A7C5DBE940E2 replies to vote request: s4<-s0#0:FAIL-t10. Peer's state: s0@group-A7C5DBE940E2:t10, leader=null, voted=s0, raftlog=s0@group-A7C5DBE940E2-SegmentedRaftLog:OPENED:c-1,f-1,i0, conf=-1: [s3:0.0.0.0:38312, s4:0.0.0.0:41737, s0:0.0.0.0:41019, s1:0.0.0.0:38816, s2:0.0.0.0:40694], old=null
2019-09-24 16:48:24,258 DEBUG impl.RaftServerImpl (RaftServerImpl.java:requestVote(775)) - s4@group-A7C5DBE940E2 replies to vote request: s3<-s4#0:FAIL-t10. Peer's state: s4@group-A7C5DBE940E2:t10, leader=null, voted=s4, raftlog=s4@group-A7C5DBE940E2-SegmentedRaftLog:OPENED:c-1,f-1,i0, conf=-1: [s3:0.0.0.0:38312, s4:0.0.0.0:41737, s0:0.0.0.0:41019, s1:0.0.0.0:38816, s2:0.0.0.0:40694], old=null
2019-09-24 16:48:24,260 DEBUG impl.RaftServerImpl (RaftServerImpl.java:requestVote(775)) - s0@group-A7C5DBE940E2 replies to vote request: s2<-s0#0:FAIL-t10. Peer's state: s0@group-A7C5DBE940E2:t10, leader=null, voted=s0, raftlog=s0@group-A7C5DBE940E2-SegmentedRaftLog:OPENED:c-1,f-1,i0, conf=-1: [s3:0.0.0.0:38312, s4:0.0.0.0:41737, s0:0.0.0.0:41019, s1:0.0.0.0:38816, s2:0.0.0.0:40694], old=null
2019-09-24 16:48:24,260 INFO  impl.LeaderElection (LeaderElection.java:logAndReturn(56)) - s0@group-A7C5DBE940E2-LeaderElection36: Election REJECTED; received 4 response(s) [s0<-s3#0:FAIL-t10, s0<-s4#0:FAIL-t10, s0<-s1#0:FAIL-t10, s0<-s2#0:FAIL-t10] and 0 exception(s); s0@group-A7C5DBE940E2:t10, leader=null, voted=s0, raftlog=s0@group-A7C5DBE940E2-SegmentedRaftLog:OPENED:c-1,f-1,i0, conf=-1: [s3:0.0.0.0:38312, s4:0.0.0.0:41737, s0:0.0.0.0:41019, s1:0.0.0.0:38816, s2:0.0.0.0:40694], old=null
2019-09-24 16:48:24,260 DEBUG impl.RaftServerImpl (RaftServerImpl.java:requestVote(743)) - s2@group-A7C5DBE940E2: receive requestVote(s3, group-A7C5DBE940E2, 10, (t:0, i:0))
2019-09-24 16:48:24,260 DEBUG impl.RaftServerImpl (RaftServerImpl.java:requestVote(775)) - s2@group-A7C5DBE940E2 replies to vote request: s4<-s2#0:FAIL-t10. Peer's state: s2@group-A7C5DBE940E2:t10, leader=null, voted=s2, raftlog=s2@group-A7C5DBE940E2-SegmentedRaftLog:OPENED:c-1,f-1,i0, conf=-1: [s3:0.0.0.0:38312, s4:0.0.0.0:41737, s0:0.0.0.0:41019, s1:0.0.0.0:38816, s2:0.0.0.0:40694], old=null
2019-09-24 16:48:24,260 DEBUG impl.RaftServerImpl (RaftServerImpl.java:requestVote(775)) - s1@group-A7C5DBE940E2 replies to vote request: s4<-s1#0:FAIL-t10. Peer's state: s1@group-A7C5DBE940E2:t10, leader=null, voted=s1, raftlog=s1@group-A7C5DBE940E2-SegmentedRaftLog:OPENED:c-1,f-1,i0, conf=-1: [s3:0.0.0.0:38312, s4:0.0.0.0:41737, s0:0.0.0.0:41019, s1:0.0.0.0:38816, s2:0.0.0.0:40694], old=null
2019-09-24 16:48:24,259 DEBUG impl.RaftServerImpl (RaftServerImpl.java:requestVote(775)) - s3@group-A7C5DBE940E2 replies to vote request: s2<-s3#0:FAIL-t10. Peer's state: s3@group-A7C5DBE940E2:t10, leader=null, voted=s3, raftlog=s3@group-A7C5DBE940E2-SegmentedRaftLog:OPENED:c-1,f-1,i0, conf=-1: [s3:0.0.0.0:38312, s4:0.0.0.0:41737, s0:0.0.0.0:41019, s1:0.0.0.0:38816, s2:0.0.0.0:40694], old=null
2019-09-24 16:48:24,259 DEBUG impl.RaftServerImpl (RaftServerImpl.java:requestVote(743)) - s1@group-A7C5DBE940E2: receive requestVote(s3, group-A7C5DBE940E2, 10, (t:0, i:0))
2019-09-24 16:48:24,262 INFO  impl.LeaderElection (LeaderElection.java:logAndReturn(56)) - s4@group-A7C5DBE940E2-LeaderElection40: Election REJECTED; received 4 response(s) [s4<-s3#0:FAIL-t10, s4<-s0#0:FAIL-t10, s4<-s1#0:FAIL-t10, s4<-s2#0:FAIL-t10] and 0 exception(s); s4@group-A7C5DBE940E2:t10, leader=null, voted=s4, raftlog=s4@group-A7C5DBE940E2-SegmentedRaftLog:OPENED:c-1,f-1,i0, conf=-1: [s3:0.0.0.0:38312, s4:0.0.0.0:41737, s0:0.0.0.0:41019, s1:0.0.0.0:38816, s2:0.0.0.0:40694], old=null
2019-09-24 16:48:24,262 INFO  impl.RaftServerImpl (RaftServerImpl.java:setRole(170)) - s1@group-A7C5DBE940E2: changes role from CANDIDATE to FOLLOWER at term 10 for DISCOVERED_A_NEW_TERM
2019-09-24 16:48:24,263 INFO  impl.RoleInfo (RoleInfo.java:shutdownLeaderElection(134)) - s1: shutdown LeaderElection
2019-09-24 16:48:24,262 DEBUG impl.RaftServerImpl (RaftServerImpl.java:requestVote(775)) - s2@group-A7C5DBE940E2 replies to vote request: s3<-s2#0:FAIL-t10. Peer's state: s2@group-A7C5DBE940E2:t10, leader=null, voted=s2, raftlog=s2@group-A7C5DBE940E2-SegmentedRaftLog:OPENED:c-1,f-1,i0, conf=-1: [s3:0.0.0.0:38312, s4:0.0.0.0:41737, s0:0.0.0.0:41019, s1:0.0.0.0:38816, s2:0.0.0.0:40694], old=null
2019-09-24 16:48:24,261 DEBUG impl.RaftServerImpl (RaftServerImpl.java:requestVote(775)) - s0@group-A7C5DBE940E2 replies to vote request: s3<-s0#0:FAIL-t10. Peer's state: s0@group-A7C5DBE940E2:t10, leader=null, voted=s0, raftlog=s0@group-A7C5DBE940E2-SegmentedRaftLog:OPENED:c-1,f-1,i0, conf=-1: [s3:0.0.0.0:38312, s4:0.0.0.0:41737, s0:0.0.0.0:41019, s1:0.0.0.0:38816, s2:0.0.0.0:40694], old=null
2019-09-24 16:48:24,263 INFO  impl.RoleInfo (RoleInfo.java:updateAndGet(143)) - s1: start FollowerState
2019-09-24 16:48:24,262 INFO  impl.RaftServerImpl (RaftServerImpl.java:setRole(170)) - s4@group-A7C5DBE940E2: changes role from CANDIDATE to FOLLOWER at term 10 for DISCOVERED_A_NEW_TERM
2019-09-24 16:48:24,262 INFO  impl.LeaderElection (LeaderElection.java:logAndReturn(56)) - s2@group-A7C5DBE940E2-LeaderElection38: Election REJECTED; received 4 response(s) [s2<-s3#0:FAIL-t10, s2<-s4#0:FAIL-t10, s2<-s0#0:FAIL-t10, s2<-s1#0:FAIL-t10] and 0 exception(s); s2@group-A7C5DBE940E2:t10, leader=null, voted=s2, raftlog=s2@group-A7C5DBE940E2-SegmentedRaftLog:OPENED:c-1,f-1,i0, conf=-1: [s3:0.0.0.0:38312, s4:0.0.0.0:41737, s0:0.0.0.0:41019, s1:0.0.0.0:38816, s2:0.0.0.0:40694], old=null
2019-09-24 16:48:24,264 DEBUG impl.RaftServerImpl (RaftServerImpl.java:requestVote(775)) - s1@group-A7C5DBE940E2 replies to vote request: s3<-s1#0:FAIL-t10. Peer's state: s1@group-A7C5DBE940E2:t10, leader=null, voted=s1, raftlog=s1@group-A7C5DBE940E2-SegmentedRaftLog:OPENED:c-1,f-1,i0, conf=-1: [s3:0.0.0.0:38312, s4:0.0.0.0:41737, s0:0.0.0.0:41019, s1:0.0.0.0:38816, s2:0.0.0.0:40694], old=null
2019-09-24 16:48:24,263 INFO  impl.RoleInfo (RoleInfo.java:shutdownLeaderElection(134)) - s4: shutdown LeaderElection
2019-09-24 16:48:24,263 INFO  impl.RaftServerImpl (RaftServerImpl.java:setRole(170)) - s0@group-A7C5DBE940E2: changes role from CANDIDATE to FOLLOWER at term 10 for DISCOVERED_A_NEW_TERM
2019-09-24 16:48:24,264 INFO  impl.RoleInfo (RoleInfo.java:updateAndGet(143)) - s4: start FollowerState
2019-09-24 16:48:24,264 INFO  impl.RaftServerImpl (RaftServerImpl.java:setRole(170)) - s2@group-A7C5DBE940E2: changes role from CANDIDATE to FOLLOWER at term 10 for DISCOVERED_A_NEW_TERM
2019-09-24 16:48:24,265 INFO  impl.RoleInfo (RoleInfo.java:shutdownLeaderElection(134)) - s2: shutdown LeaderElection
2019-09-24 16:48:24,264 INFO  impl.LeaderElection (LeaderElection.java:logAndReturn(56)) - s3@group-A7C5DBE940E2-LeaderElection39: Election REJECTED; received 4 response(s) [s3<-s4#0:FAIL-t10, s3<-s0#0:FAIL-t10, s3<-s1#0:FAIL-t10, s3<-s2#0:FAIL-t10] and 0 exception(s); s3@group-A7C5DBE940E2:t10, leader=null, voted=s3, raftlog=s3@group-A7C5DBE940E2-SegmentedRaftLog:OPENED:c-1,f-1,i0, conf=-1: [s3:0.0.0.0:38312, s4:0.0.0.0:41737, s0:0.0.0.0:41019, s1:0.0.0.0:38816, s2:0.0.0.0:40694], old=null
2019-09-24 16:48:24,264 INFO  impl.RoleInfo (RoleInfo.java:shutdownLeaderElection(134)) - s0: shutdown LeaderElection
2019-09-24 16:48:24,265 INFO  impl.RaftServerImpl (RaftServerImpl.java:setRole(170)) - s3@group-A7C5DBE940E2: changes role from CANDIDATE to FOLLOWER at term 10 for DISCOVERED_A_NEW_TERM
2019-09-24 16:48:24,265 INFO  impl.RoleInfo (RoleInfo.java:updateAndGet(143)) - s2: start FollowerState
2019-09-24 16:48:24,265 INFO  impl.RoleInfo (RoleInfo.java:shutdownLeaderElection(134)) - s3: shutdown LeaderElection
2019-09-24 16:48:24,265 INFO  impl.RoleInfo (RoleInfo.java:updateAndGet(143)) - s0: start FollowerState
2019-09-24 16:48:24,265 INFO  impl.RoleInfo (RoleInfo.java:updateAndGet(143)) - s3: start FollowerState
2019-09-24 16:48:24,429 INFO  impl.FollowerState (FollowerState.java:run(108)) - s3@group-A7C5DBE940E2-FollowerState: change to CANDIDATE, lastRpcTime:163ms, electionTimeout:163ms
2019-09-24 16:48:24,429 INFO  impl.RoleInfo (RoleInfo.java:shutdownFollowerState(121)) - s3: shutdown FollowerState
2019-09-24 16:48:24,430 INFO  impl.RaftServerImpl (RaftServerImpl.java:setRole(170)) - s3@group-A7C5DBE940E2: changes role from  FOLLOWER to CANDIDATE at term 10 for changeToCandidate
2019-09-24 16:48:24,430 INFO  impl.RoleInfo (RoleInfo.java:updateAndGet(143)) - s3: start LeaderElection
2019-09-24 16:48:24,458 INFO  impl.FollowerState (FollowerState.java:run(108)) - s0@group-A7C5DBE940E2-FollowerState: change to CANDIDATE, lastRpcTime:193ms, electionTimeout:192ms
2019-09-24 16:48:24,458 INFO  impl.RoleInfo (RoleInfo.java:shutdownFollowerState(121)) - s0: shutdown FollowerState
2019-09-24 16:48:24,458 INFO  impl.RaftServerImpl (RaftServerImpl.java:setRole(170)) - s0@group-A7C5DBE940E2: changes role from  FOLLOWER to CANDIDATE at term 10 for changeToCandidate
2019-09-24 16:48:24,459 INFO  impl.RoleInfo (RoleInfo.java:updateAndGet(143)) - s0: start LeaderElection
2019-09-24 16:48:24,461 INFO  impl.FollowerState (FollowerState.java:run(108)) - s1@group-A7C5DBE940E2-FollowerState: change to CANDIDATE, lastRpcTime:198ms, electionTimeout:197ms
2019-09-24 16:48:24,461 INFO  impl.RoleInfo (RoleInfo.java:shutdownFollowerState(121)) - s1: shutdown FollowerState
2019-09-24 16:48:24,461 INFO  impl.RaftServerImpl (RaftServerImpl.java:setRole(170)) - s1@group-A7C5DBE940E2: changes role from  FOLLOWER to CANDIDATE at term 10 for changeToCandidate
2019-09-24 16:48:24,461 INFO  impl.RoleInfo (RoleInfo.java:updateAndGet(143)) - s1: start LeaderElection
2019-09-24 16:48:24,470 INFO  impl.FollowerState (FollowerState.java:run(108)) - s2@group-A7C5DBE940E2-FollowerState: change to CANDIDATE, lastRpcTime:204ms, electionTimeout:204ms
2019-09-24 16:48:24,470 INFO  impl.RoleInfo (RoleInfo.java:shutdownFollowerState(121)) - s2: shutdown FollowerState
2019-09-24 16:48:24,470 INFO  impl.RaftServerImpl (RaftServerImpl.java:setRole(170)) - s2@group-A7C5DBE940E2: changes role from  FOLLOWER to CANDIDATE at term 10 for changeToCandidate
2019-09-24 16:48:24,470 INFO  impl.RoleInfo (RoleInfo.java:updateAndGet(143)) - s2: start LeaderElection
2019-09-24 16:48:24,499 INFO  impl.FollowerState (FollowerState.java:run(108)) - s4@group-A7C5DBE940E2-FollowerState: change to CANDIDATE, lastRpcTime:234ms, electionTimeout:234ms
2019-09-24 16:48:24,499 INFO  impl.RoleInfo (RoleInfo.java:shutdownFollowerState(121)) - s4: shutdown FollowerState
2019-09-24 16:48:24,499 INFO  impl.RaftServerImpl (RaftServerImpl.java:setRole(170)) - s4@group-A7C5DBE940E2: changes role from  FOLLOWER to CANDIDATE at term 10 for changeToCandidate
2019-09-24 16:48:24,499 INFO  impl.RoleInfo (RoleInfo.java:updateAndGet(143)) - s4: start LeaderElection
2019-09-24 16:48:24,626 WARN  ratis.RaftTestUtil (JavaUtils.java:attempt(158)) - FAILED "waitForLeader-group-A7C5DBE940E2-(expectLeader? true)", attempt #88/100: java.lang.IllegalStateException: No leader yet  for group-A7C5DBE940E2: printing group-A7C5DBE940E2
  s3:  RUNNING [
   FOLLOWER s3@group-FEE41E240123:t0, leader=null, voted=null, raftlog=s3@group-FEE41E240123-SegmentedRaftLog:OPENED:c-1,f-1,i0, conf=-1: [], old=null STARTING
  CANDIDATE s3@group-A7C5DBE940E2:t11, leader=null, voted=s3, raftlog=s3@group-A7C5DBE940E2-SegmentedRaftLog:OPENED:c-1,f-1,i0, conf=-1: [s3:0.0.0.0:38312, s4:0.0.0.0:41737, s0:0.0.0.0:41019, s1:0.0.0.0:38816, s2:0.0.0.0:40694], old=null RUNNING] size=2
  s4:  RUNNING [
   FOLLOWER s4@group-FEE41E240123:t0, leader=null, voted=null, raftlog=s4@group-FEE41E240123-SegmentedRaftLog:OPENED:c-1,f-1,i0, conf=-1: [], old=null STARTING
  CANDIDATE s4@group-A7C5DBE940E2:t11, leader=null, voted=s4, raftlog=s4@group-A7C5DBE940E2-SegmentedRaftLog:OPENED:c-1,f-1,i0, conf=-1: [s3:0.0.0.0:38312, s4:0.0.0.0:41737, s0:0.0.0.0:41019, s1:0.0.0.0:38816, s2:0.0.0.0:40694], old=null RUNNING] size=2
  s0:  RUNNING [
   FOLLOWER s0@group-FEE41E240123:t0, leader=null, voted=null, raftlog=s0@group-FEE41E240123-SegmentedRaftLog:OPENED:c-1,f-1,i0, conf=-1: [], old=null STARTING
  CANDIDATE s0@group-A7C5DBE940E2:t11, leader=null, voted=s0, raftlog=s0@group-A7C5DBE940E2-SegmentedRaftLog:OPENED:c-1,f-1,i0, conf=-1: [s3:0.0.0.0:38312, s4:0.0.0.0:41737, s0:0.0.0.0:41019, s1:0.0.0.0:38816, s2:0.0.0.0:40694], old=null RUNNING] size=2
  s1:  RUNNING [
   FOLLOWER s1@group-FEE41E240123:t0, leader=null, voted=null, raftlog=s1@group-FEE41E240123-SegmentedRaftLog:OPENED:c-1,f-1,i0, conf=-1: [], old=null STARTING
  CANDIDATE s1@group-A7C5DBE940E2:t11, leader=null, voted=s1, raftlog=s1@group-A7C5DBE940E2-SegmentedRaftLog:OPENED:c-1,f-1,i0, conf=-1: [s3:0.0.0.0:38312, s4:0.0.0.0:41737, s0:0.0.0.0:41019, s1:0.0.0.0:38816, s2:0.0.0.0:40694], old=null RUNNING] size=2
  s2:  RUNNING [
   FOLLOWER s2@group-FEE41E240123:t0, leader=null, voted=null, raftlog=s2@group-FEE41E240123-SegmentedRaftLog:OPENED:c-1,f-1,i0, conf=-1: [], old=null STARTING
  CANDIDATE s2@group-A7C5DBE940E2:t11, leader=null, voted=s2, raftlog=s2@group-A7C5DBE940E2-SegmentedRaftLog:OPENED:c-1,f-1,i0, conf=-1: [s3:0.0.0.0:38312, s4:0.0.0.0:41737, s0:0.0.0.0:41019, s1:0.0.0.0:38816, s2:0.0.0.0:40694], old=null RUNNING] size=2, sleep 450ms and then retry.
java.lang.IllegalStateException: No leader yet  for group-A7C5DBE940E2: printing group-A7C5DBE940E2
  s3:  RUNNING [
   FOLLOWER s3@group-FEE41E240123:t0, leader=null, voted=null, raftlog=s3@group-FEE41E240123-SegmentedRaftLog:OPENED:c-1,f-1,i0, conf=-1: [], old=null STARTING
  CANDIDATE s3@group-A7C5DBE940E2:t11, leader=null, voted=s3, raftlog=s3@group-A7C5DBE940E2-SegmentedRaftLog:OPENED:c-1,f-1,i0, conf=-1: [s3:0.0.0.0:38312, s4:0.0.0.0:41737, s0:0.0.0.0:41019, s1:0.0.0.0:38816, s2:0.0.0.0:40694], old=null RUNNING] size=2
  s4:  RUNNING [
   FOLLOWER s4@group-FEE41E240123:t0, leader=null, voted=null, raftlog=s4@group-FEE41E240123-SegmentedRaftLog:OPENED:c-1,f-1,i0, conf=-1: [], old=null STARTING
  CANDIDATE s4@group-A7C5DBE940E2:t11, leader=null, voted=s4, raftlog=s4@group-A7C5DBE940E2-SegmentedRaftLog:OPENED:c-1,f-1,i0, conf=-1: [s3:0.0.0.0:38312, s4:0.0.0.0:41737, s0:0.0.0.0:41019, s1:0.0.0.0:38816, s2:0.0.0.0:40694], old=null RUNNING] size=2
  s0:  RUNNING [
   FOLLOWER s0@group-FEE41E240123:t0, leader=null, voted=null, raftlog=s0@group-FEE41E240123-SegmentedRaftLog:OPENED:c-1,f-1,i0, conf=-1: [], old=null STARTING
  CANDIDATE s0@group-A7C5DBE940E2:t11, leader=null, voted=s0, raftlog=s0@group-A7C5DBE940E2-SegmentedRaftLog:OPENED:c-1,f-1,i0, conf=-1: [s3:0.0.0.0:38312, s4:0.0.0.0:41737, s0:0.0.0.0:41019, s1:0.0.0.0:38816, s2:0.0.0.0:40694], old=null RUNNING] size=2
  s1:  RUNNING [
   FOLLOWER s1@group-FEE41E240123:t0, leader=null, voted=null, raftlog=s1@group-FEE41E240123-SegmentedRaftLog:OPENED:c-1,f-1,i0, conf=-1: [], old=null STARTING
  CANDIDATE s1@group-A7C5DBE940E2:t11, leader=null, voted=s1, raftlog=s1@group-A7C5DBE940E2-SegmentedRaftLog:OPENED:c-1,f-1,i0, conf=-1: [s3:0.0.0.0:38312, s4:0.0.0.0:41737, s0:0.0.0.0:41019, s1:0.0.0.0:38816, s2:0.0.0.0:40694], old=null RUNNING] size=2
  s2:  RUNNING [
   FOLLOWER s2@group-FEE41E240123:t0, leader=null, voted=null, raftlog=s2@group-FEE41E240123-SegmentedRaftLog:OPENED:c-1,f-1,i0, conf=-1: [], old=null STARTING
  CANDIDATE s2@group-A7C5DBE940E2:t11, leader=null, voted=s2, raftlog=s2@group-A7C5DBE940E2-SegmentedRaftLog:OPENED:c-1,f-1,i0, conf=-1: [s3:0.0.0.0:38312, s4:0.0.0.0:41737, s0:0.0.0.0:41019, s1:0.0.0.0:38816, s2:0.0.0.0:40694], old=null RUNNING] size=2
	at org.apache.ratis.MiniRaftCluster.newIllegalStateExceptionForNoLeaders(MiniRaftCluster.java:506)
	at org.apache.ratis.RaftTestUtil.lambda$waitForLeader$1(RaftTestUtil.java:90)
	at org.apache.ratis.MiniRaftCluster.getLeader(MiniRaftCluster.java:539)
	at org.apache.ratis.MiniRaftCluster.getLeader(MiniRaftCluster.java:532)
	at org.apache.ratis.RaftTestUtil.lambda$waitForLeader$3(RaftTestUtil.java:98)
	at org.apache.ratis.util.JavaUtils.attempt(JavaUtils.java:152)
	at org.apache.ratis.RaftTestUtil.waitForLeader(RaftTestUtil.java:97)
	at org.apache.ratis.RaftTestUtil.waitForLeader(RaftTestUtil.java:77)
	at org.apache.ratis.server.impl.GroupManagementBaseTest.runMultiGroupTest(GroupManagementBaseTest.java:175)
	at org.apache.ratis.server.impl.GroupManagementBaseTest.runMultiGroupTest(GroupManagementBaseTest.java:126)
	at org.apache.ratis.server.impl.GroupManagementBaseTest.testMultiGroup9Nodes(GroupManagementBaseTest.java:121)
	at sun.reflect.NativeMethodAccessorImpl.invoke0(Native Method)
	at sun.reflect.NativeMethodAccessorImpl.invoke(NativeMethodAccessorImpl.java:62)
	at sun.reflect.DelegatingMethodAccessorImpl.invoke(DelegatingMethodAccessorImpl.java:43)
	at java.lang.reflect.Method.invoke(Method.java:498)
	at org.junit.runners.model.FrameworkMethod$1.runReflectiveCall(FrameworkMethod.java:50)
	at org.junit.internal.runners.model.ReflectiveCallable.run(ReflectiveCallable.java:12)
	at org.junit.runners.model.FrameworkMethod.invokeExplosively(FrameworkMethod.java:47)
	at org.junit.internal.runners.statements.InvokeMethod.evaluate(InvokeMethod.java:17)
	at org.junit.internal.runners.statements.RunAfters.evaluate(RunAfters.java:27)
	at org.junit.internal.runners.statements.FailOnTimeout$CallableStatement.call(FailOnTimeout.java:298)
	at org.junit.internal.runners.statements.FailOnTimeout$CallableStatement.call(FailOnTimeout.java:292)
	at java.util.concurrent.FutureTask.run(FutureTask.java:266)
	at java.lang.Thread.run(Thread.java:748)
2019-09-24 16:48:24,638 INFO  impl.LeaderElection (LeaderElection.java:askForVotes(178)) - s3@group-A7C5DBE940E2-LeaderElection41: begin an election at term 11 for -1: [s3:0.0.0.0:38312, s4:0.0.0.0:41737, s0:0.0.0.0:41019, s1:0.0.0.0:38816, s2:0.0.0.0:40694], old=null
2019-09-24 16:48:24,638 INFO  impl.LeaderElection (LeaderElection.java:askForVotes(178)) - s0@group-A7C5DBE940E2-LeaderElection42: begin an election at term 11 for -1: [s3:0.0.0.0:38312, s4:0.0.0.0:41737, s0:0.0.0.0:41019, s1:0.0.0.0:38816, s2:0.0.0.0:40694], old=null
2019-09-24 16:48:24,638 INFO  impl.LeaderElection (LeaderElection.java:askForVotes(178)) - s4@group-A7C5DBE940E2-LeaderElection45: begin an election at term 11 for -1: [s3:0.0.0.0:38312, s4:0.0.0.0:41737, s0:0.0.0.0:41019, s1:0.0.0.0:38816, s2:0.0.0.0:40694], old=null
2019-09-24 16:48:24,638 INFO  impl.LeaderElection (LeaderElection.java:askForVotes(178)) - s2@group-A7C5DBE940E2-LeaderElection44: begin an election at term 11 for -1: [s3:0.0.0.0:38312, s4:0.0.0.0:41737, s0:0.0.0.0:41019, s1:0.0.0.0:38816, s2:0.0.0.0:40694], old=null
2019-09-24 16:48:24,638 INFO  impl.LeaderElection (LeaderElection.java:askForVotes(178)) - s1@group-A7C5DBE940E2-LeaderElection43: begin an election at term 11 for -1: [s3:0.0.0.0:38312, s4:0.0.0.0:41737, s0:0.0.0.0:41019, s1:0.0.0.0:38816, s2:0.0.0.0:40694], old=null
2019-09-24 16:48:24,640 DEBUG impl.RaftServerImpl (RaftServerImpl.java:requestVote(743)) - s0@group-A7C5DBE940E2: receive requestVote(s3, group-A7C5DBE940E2, 11, (t:0, i:0))
2019-09-24 16:48:24,640 DEBUG impl.RaftServerImpl (RaftServerImpl.java:requestVote(743)) - s3@group-A7C5DBE940E2: receive requestVote(s0, group-A7C5DBE940E2, 11, (t:0, i:0))
2019-09-24 16:48:24,640 DEBUG impl.RaftServerImpl (RaftServerImpl.java:requestVote(743)) - s3@group-A7C5DBE940E2: receive requestVote(s4, group-A7C5DBE940E2, 11, (t:0, i:0))
2019-09-24 16:48:24,640 DEBUG impl.RaftServerImpl (RaftServerImpl.java:requestVote(743)) - s4@group-A7C5DBE940E2: receive requestVote(s3, group-A7C5DBE940E2, 11, (t:0, i:0))
2019-09-24 16:48:24,641 DEBUG impl.RaftServerImpl (RaftServerImpl.java:requestVote(743)) - s0@group-A7C5DBE940E2: receive requestVote(s4, group-A7C5DBE940E2, 11, (t:0, i:0))
2019-09-24 16:48:24,641 DEBUG impl.RaftServerImpl (RaftServerImpl.java:requestVote(743)) - s4@group-A7C5DBE940E2: receive requestVote(s0, group-A7C5DBE940E2, 11, (t:0, i:0))
2019-09-24 16:48:24,641 DEBUG impl.RaftServerImpl (RaftServerImpl.java:requestVote(743)) - s3@group-A7C5DBE940E2: receive requestVote(s1, group-A7C5DBE940E2, 11, (t:0, i:0))
2019-09-24 16:48:24,641 DEBUG impl.RaftServerImpl (RaftServerImpl.java:requestVote(775)) - s3@group-A7C5DBE940E2 replies to vote request: s0<-s3#0:FAIL-t11. Peer's state: s3@group-A7C5DBE940E2:t11, leader=null, voted=s3, raftlog=s3@group-A7C5DBE940E2-SegmentedRaftLog:OPENED:c-1,f-1,i0, conf=-1: [s3:0.0.0.0:38312, s4:0.0.0.0:41737, s0:0.0.0.0:41019, s1:0.0.0.0:38816, s2:0.0.0.0:40694], old=null
2019-09-24 16:48:24,641 DEBUG impl.RaftServerImpl (RaftServerImpl.java:requestVote(743)) - s1@group-A7C5DBE940E2: receive requestVote(s3, group-A7C5DBE940E2, 11, (t:0, i:0))
2019-09-24 16:48:24,643 DEBUG impl.RaftServerImpl (RaftServerImpl.java:requestVote(743)) - s3@group-A7C5DBE940E2: receive requestVote(s2, group-A7C5DBE940E2, 11, (t:0, i:0))
2019-09-24 16:48:24,640 DEBUG impl.RaftServerImpl (RaftServerImpl.java:requestVote(775)) - s0@group-A7C5DBE940E2 replies to vote request: s3<-s0#0:FAIL-t11. Peer's state: s0@group-A7C5DBE940E2:t11, leader=null, voted=s0, raftlog=s0@group-A7C5DBE940E2-SegmentedRaftLog:OPENED:c-1,f-1,i0, conf=-1: [s3:0.0.0.0:38312, s4:0.0.0.0:41737, s0:0.0.0.0:41019, s1:0.0.0.0:38816, s2:0.0.0.0:40694], old=null
2019-09-24 16:48:24,643 DEBUG impl.RaftServerImpl (RaftServerImpl.java:requestVote(775)) - s1@group-A7C5DBE940E2 replies to vote request: s3<-s1#0:FAIL-t11. Peer's state: s1@group-A7C5DBE940E2:t11, leader=null, voted=s1, raftlog=s1@group-A7C5DBE940E2-SegmentedRaftLog:OPENED:c-1,f-1,i0, conf=-1: [s3:0.0.0.0:38312, s4:0.0.0.0:41737, s0:0.0.0.0:41019, s1:0.0.0.0:38816, s2:0.0.0.0:40694], old=null
2019-09-24 16:48:24,643 DEBUG impl.RaftServerImpl (RaftServerImpl.java:requestVote(743)) - s2@group-A7C5DBE940E2: receive requestVote(s1, group-A7C5DBE940E2, 11, (t:0, i:0))
2019-09-24 16:48:24,643 DEBUG impl.RaftServerImpl (RaftServerImpl.java:requestVote(743)) - s1@group-A7C5DBE940E2: receive requestVote(s2, group-A7C5DBE940E2, 11, (t:0, i:0))
2019-09-24 16:48:24,643 DEBUG impl.RaftServerImpl (RaftServerImpl.java:requestVote(743)) - s0@group-A7C5DBE940E2: receive requestVote(s1, group-A7C5DBE940E2, 11, (t:0, i:0))
2019-09-24 16:48:24,643 DEBUG impl.RaftServerImpl (RaftServerImpl.java:requestVote(775)) - s3@group-A7C5DBE940E2 replies to vote request: s1<-s3#0:FAIL-t11. Peer's state: s3@group-A7C5DBE940E2:t11, leader=null, voted=s3, raftlog=s3@group-A7C5DBE940E2-SegmentedRaftLog:OPENED:c-1,f-1,i0, conf=-1: [s3:0.0.0.0:38312, s4:0.0.0.0:41737, s0:0.0.0.0:41019, s1:0.0.0.0:38816, s2:0.0.0.0:40694], old=null
2019-09-24 16:48:24,643 DEBUG impl.RaftServerImpl (RaftServerImpl.java:requestVote(743)) - s0@group-A7C5DBE940E2: receive requestVote(s2, group-A7C5DBE940E2, 11, (t:0, i:0))
2019-09-24 16:48:24,642 DEBUG impl.RaftServerImpl (RaftServerImpl.java:requestVote(743)) - s2@group-A7C5DBE940E2: receive requestVote(s4, group-A7C5DBE940E2, 11, (t:0, i:0))
2019-09-24 16:48:24,642 DEBUG impl.RaftServerImpl (RaftServerImpl.java:requestVote(743)) - s4@group-A7C5DBE940E2: receive requestVote(s1, group-A7C5DBE940E2, 11, (t:0, i:0))
2019-09-24 16:48:24,642 DEBUG impl.RaftServerImpl (RaftServerImpl.java:requestVote(743)) - s1@group-A7C5DBE940E2: receive requestVote(s0, group-A7C5DBE940E2, 11, (t:0, i:0))
2019-09-24 16:48:24,642 DEBUG impl.RaftServerImpl (RaftServerImpl.java:requestVote(743)) - s2@group-A7C5DBE940E2: receive requestVote(s3, group-A7C5DBE940E2, 11, (t:0, i:0))
2019-09-24 16:48:24,642 DEBUG impl.RaftServerImpl (RaftServerImpl.java:requestVote(743)) - s1@group-A7C5DBE940E2: receive requestVote(s4, group-A7C5DBE940E2, 11, (t:0, i:0))
2019-09-24 16:48:24,641 DEBUG impl.RaftServerImpl (RaftServerImpl.java:requestVote(775)) - s4@group-A7C5DBE940E2 replies to vote request: s3<-s4#0:FAIL-t11. Peer's state: s4@group-A7C5DBE940E2:t11, leader=null, voted=s4, raftlog=s4@group-A7C5DBE940E2-SegmentedRaftLog:OPENED:c-1,f-1,i0, conf=-1: [s3:0.0.0.0:38312, s4:0.0.0.0:41737, s0:0.0.0.0:41019, s1:0.0.0.0:38816, s2:0.0.0.0:40694], old=null
2019-09-24 16:48:24,645 DEBUG impl.RaftServerImpl (RaftServerImpl.java:requestVote(775)) - s3@group-A7C5DBE940E2 replies to vote request: s4<-s3#0:FAIL-t11. Peer's state: s3@group-A7C5DBE940E2:t11, leader=null, voted=s3, raftlog=s3@group-A7C5DBE940E2-SegmentedRaftLog:OPENED:c-1,f-1,i0, conf=-1: [s3:0.0.0.0:38312, s4:0.0.0.0:41737, s0:0.0.0.0:41019, s1:0.0.0.0:38816, s2:0.0.0.0:40694], old=null
2019-09-24 16:48:24,644 DEBUG impl.RaftServerImpl (RaftServerImpl.java:requestVote(775)) - s1@group-A7C5DBE940E2 replies to vote request: s2<-s1#0:FAIL-t11. Peer's state: s1@group-A7C5DBE940E2:t11, leader=null, voted=s1, raftlog=s1@group-A7C5DBE940E2-SegmentedRaftLog:OPENED:c-1,f-1,i0, conf=-1: [s3:0.0.0.0:38312, s4:0.0.0.0:41737, s0:0.0.0.0:41019, s1:0.0.0.0:38816, s2:0.0.0.0:40694], old=null
2019-09-24 16:48:24,644 DEBUG impl.RaftServerImpl (RaftServerImpl.java:requestVote(775)) - s2@group-A7C5DBE940E2 replies to vote request: s1<-s2#0:FAIL-t11. Peer's state: s2@group-A7C5DBE940E2:t11, leader=null, voted=s2, raftlog=s2@group-A7C5DBE940E2-SegmentedRaftLog:OPENED:c-1,f-1,i0, conf=-1: [s3:0.0.0.0:38312, s4:0.0.0.0:41737, s0:0.0.0.0:41019, s1:0.0.0.0:38816, s2:0.0.0.0:40694], old=null
2019-09-24 16:48:24,643 DEBUG impl.RaftServerImpl (RaftServerImpl.java:requestVote(775)) - s0@group-A7C5DBE940E2 replies to vote request: s4<-s0#0:FAIL-t11. Peer's state: s0@group-A7C5DBE940E2:t11, leader=null, voted=s0, raftlog=s0@group-A7C5DBE940E2-SegmentedRaftLog:OPENED:c-1,f-1,i0, conf=-1: [s3:0.0.0.0:38312, s4:0.0.0.0:41737, s0:0.0.0.0:41019, s1:0.0.0.0:38816, s2:0.0.0.0:40694], old=null
2019-09-24 16:48:24,648 DEBUG impl.RaftServerImpl (RaftServerImpl.java:requestVote(775)) - s2@group-A7C5DBE940E2 replies to vote request: s3<-s2#0:FAIL-t11. Peer's state: s2@group-A7C5DBE940E2:t11, leader=null, voted=s2, raftlog=s2@group-A7C5DBE940E2-SegmentedRaftLog:OPENED:c-1,f-1,i0, conf=-1: [s3:0.0.0.0:38312, s4:0.0.0.0:41737, s0:0.0.0.0:41019, s1:0.0.0.0:38816, s2:0.0.0.0:40694], old=null
2019-09-24 16:48:24,647 DEBUG impl.RaftServerImpl (RaftServerImpl.java:requestVote(775)) - s1@group-A7C5DBE940E2 replies to vote request: s4<-s1#0:FAIL-t11. Peer's state: s1@group-A7C5DBE940E2:t11, leader=null, voted=s1, raftlog=s1@group-A7C5DBE940E2-SegmentedRaftLog:OPENED:c-1,f-1,i0, conf=-1: [s3:0.0.0.0:38312, s4:0.0.0.0:41737, s0:0.0.0.0:41019, s1:0.0.0.0:38816, s2:0.0.0.0:40694], old=null
2019-09-24 16:48:24,647 DEBUG impl.RaftServerImpl (RaftServerImpl.java:requestVote(775)) - s3@group-A7C5DBE940E2 replies to vote request: s2<-s3#0:FAIL-t11. Peer's state: s3@group-A7C5DBE940E2:t11, leader=null, voted=s3, raftlog=s3@group-A7C5DBE940E2-SegmentedRaftLog:OPENED:c-1,f-1,i0, conf=-1: [s3:0.0.0.0:38312, s4:0.0.0.0:41737, s0:0.0.0.0:41019, s1:0.0.0.0:38816, s2:0.0.0.0:40694], old=null
2019-09-24 16:48:24,647 DEBUG impl.RaftServerImpl (RaftServerImpl.java:requestVote(775)) - s4@group-A7C5DBE940E2 replies to vote request: s1<-s4#0:FAIL-t11. Peer's state: s4@group-A7C5DBE940E2:t11, leader=null, voted=s4, raftlog=s4@group-A7C5DBE940E2-SegmentedRaftLog:OPENED:c-1,f-1,i0, conf=-1: [s3:0.0.0.0:38312, s4:0.0.0.0:41737, s0:0.0.0.0:41019, s1:0.0.0.0:38816, s2:0.0.0.0:40694], old=null
2019-09-24 16:48:24,649 DEBUG impl.RaftServerImpl (RaftServerImpl.java:requestVote(775)) - s1@group-A7C5DBE940E2 replies to vote request: s0<-s1#0:FAIL-t11. Peer's state: s1@group-A7C5DBE940E2:t11, leader=null, voted=s1, raftlog=s1@group-A7C5DBE940E2-SegmentedRaftLog:OPENED:c-1,f-1,i0, conf=-1: [s3:0.0.0.0:38312, s4:0.0.0.0:41737, s0:0.0.0.0:41019, s1:0.0.0.0:38816, s2:0.0.0.0:40694], old=null
2019-09-24 16:48:24,649 INFO  impl.LeaderElection (LeaderElection.java:logAndReturn(56)) - s3@group-A7C5DBE940E2-LeaderElection41: Election REJECTED; received 4 response(s) [s3<-s4#0:FAIL-t11, s3<-s0#0:FAIL-t11, s3<-s1#0:FAIL-t11, s3<-s2#0:FAIL-t11] and 0 exception(s); s3@group-A7C5DBE940E2:t11, leader=null, voted=s3, raftlog=s3@group-A7C5DBE940E2-SegmentedRaftLog:OPENED:c-1,f-1,i0, conf=-1: [s3:0.0.0.0:38312, s4:0.0.0.0:41737, s0:0.0.0.0:41019, s1:0.0.0.0:38816, s2:0.0.0.0:40694], old=null
2019-09-24 16:48:24,649 DEBUG impl.RaftServerImpl (RaftServerImpl.java:requestVote(743)) - s2@group-A7C5DBE940E2: receive requestVote(s0, group-A7C5DBE940E2, 11, (t:0, i:0))
2019-09-24 16:48:24,648 DEBUG impl.RaftServerImpl (RaftServerImpl.java:requestVote(775)) - s2@group-A7C5DBE940E2 replies to vote request: s4<-s2#0:FAIL-t11. Peer's state: s2@group-A7C5DBE940E2:t11, leader=null, voted=s2, raftlog=s2@group-A7C5DBE940E2-SegmentedRaftLog:OPENED:c-1,f-1,i0, conf=-1: [s3:0.0.0.0:38312, s4:0.0.0.0:41737, s0:0.0.0.0:41019, s1:0.0.0.0:38816, s2:0.0.0.0:40694], old=null
2019-09-24 16:48:24,648 DEBUG impl.RaftServerImpl (RaftServerImpl.java:requestVote(775)) - s0@group-A7C5DBE940E2 replies to vote request: s2<-s0#0:FAIL-t11. Peer's state: s0@group-A7C5DBE940E2:t11, leader=null, voted=s0, raftlog=s0@group-A7C5DBE940E2-SegmentedRaftLog:OPENED:c-1,f-1,i0, conf=-1: [s3:0.0.0.0:38312, s4:0.0.0.0:41737, s0:0.0.0.0:41019, s1:0.0.0.0:38816, s2:0.0.0.0:40694], old=null
2019-09-24 16:48:24,650 DEBUG impl.RaftServerImpl (RaftServerImpl.java:requestVote(775)) - s2@group-A7C5DBE940E2 replies to vote request: s0<-s2#0:FAIL-t11. Peer's state: s2@group-A7C5DBE940E2:t11, leader=null, voted=s2, raftlog=s2@group-A7C5DBE940E2-SegmentedRaftLog:OPENED:c-1,f-1,i0, conf=-1: [s3:0.0.0.0:38312, s4:0.0.0.0:41737, s0:0.0.0.0:41019, s1:0.0.0.0:38816, s2:0.0.0.0:40694], old=null
2019-09-24 16:48:24,650 INFO  impl.RaftServerImpl (RaftServerImpl.java:setRole(170)) - s3@group-A7C5DBE940E2: changes role from CANDIDATE to FOLLOWER at term 11 for DISCOVERED_A_NEW_TERM
2019-09-24 16:48:24,651 INFO  impl.RoleInfo (RoleInfo.java:shutdownLeaderElection(134)) - s3: shutdown LeaderElection
2019-09-24 16:48:24,649 DEBUG impl.RaftServerImpl (RaftServerImpl.java:requestVote(775)) - s4@group-A7C5DBE940E2 replies to vote request: s0<-s4#0:FAIL-t11. Peer's state: s4@group-A7C5DBE940E2:t11, leader=null, voted=s4, raftlog=s4@group-A7C5DBE940E2-SegmentedRaftLog:OPENED:c-1,f-1,i0, conf=-1: [s3:0.0.0.0:38312, s4:0.0.0.0:41737, s0:0.0.0.0:41019, s1:0.0.0.0:38816, s2:0.0.0.0:40694], old=null
2019-09-24 16:48:24,651 INFO  impl.RoleInfo (RoleInfo.java:updateAndGet(143)) - s3: start FollowerState
2019-09-24 16:48:24,650 INFO  impl.LeaderElection (LeaderElection.java:logAndReturn(56)) - s4@group-A7C5DBE940E2-LeaderElection45: Election REJECTED; received 4 response(s) [s4<-s3#0:FAIL-t11, s4<-s0#0:FAIL-t11, s4<-s1#0:FAIL-t11, s4<-s2#0:FAIL-t11] and 0 exception(s); s4@group-A7C5DBE940E2:t11, leader=null, voted=s4, raftlog=s4@group-A7C5DBE940E2-SegmentedRaftLog:OPENED:c-1,f-1,i0, conf=-1: [s3:0.0.0.0:38312, s4:0.0.0.0:41737, s0:0.0.0.0:41019, s1:0.0.0.0:38816, s2:0.0.0.0:40694], old=null
2019-09-24 16:48:24,650 DEBUG impl.RaftServerImpl (RaftServerImpl.java:requestVote(775)) - s0@group-A7C5DBE940E2 replies to vote request: s1<-s0#0:FAIL-t11. Peer's state: s0@group-A7C5DBE940E2:t11, leader=null, voted=s0, raftlog=s0@group-A7C5DBE940E2-SegmentedRaftLog:OPENED:c-1,f-1,i0, conf=-1: [s3:0.0.0.0:38312, s4:0.0.0.0:41737, s0:0.0.0.0:41019, s1:0.0.0.0:38816, s2:0.0.0.0:40694], old=null
2019-09-24 16:48:24,652 INFO  impl.RaftServerImpl (RaftServerImpl.java:setRole(170)) - s4@group-A7C5DBE940E2: changes role from CANDIDATE to FOLLOWER at term 11 for DISCOVERED_A_NEW_TERM
2019-09-24 16:48:24,652 INFO  impl.RoleInfo (RoleInfo.java:shutdownLeaderElection(134)) - s4: shutdown LeaderElection
2019-09-24 16:48:24,652 INFO  impl.LeaderElection (LeaderElection.java:logAndReturn(56)) - s0@group-A7C5DBE940E2-LeaderElection42: Election REJECTED; received 4 response(s) [s0<-s3#0:FAIL-t11, s0<-s4#0:FAIL-t11, s0<-s1#0:FAIL-t11, s0<-s2#0:FAIL-t11] and 0 exception(s); s0@group-A7C5DBE940E2:t11, leader=null, voted=s0, raftlog=s0@group-A7C5DBE940E2-SegmentedRaftLog:OPENED:c-1,f-1,i0, conf=-1: [s3:0.0.0.0:38312, s4:0.0.0.0:41737, s0:0.0.0.0:41019, s1:0.0.0.0:38816, s2:0.0.0.0:40694], old=null
2019-09-24 16:48:24,651 DEBUG impl.RaftServerImpl (RaftServerImpl.java:requestVote(743)) - s4@group-A7C5DBE940E2: receive requestVote(s2, group-A7C5DBE940E2, 11, (t:0, i:0))
2019-09-24 16:48:24,653 INFO  impl.RaftServerImpl (RaftServerImpl.java:setRole(170)) - s0@group-A7C5DBE940E2: changes role from CANDIDATE to FOLLOWER at term 11 for DISCOVERED_A_NEW_TERM
2019-09-24 16:48:24,652 INFO  impl.LeaderElection (LeaderElection.java:logAndReturn(56)) - s1@group-A7C5DBE940E2-LeaderElection43: Election REJECTED; received 4 response(s) [s1<-s3#0:FAIL-t11, s1<-s4#0:FAIL-t11, s1<-s0#0:FAIL-t11, s1<-s2#0:FAIL-t11] and 0 exception(s); s1@group-A7C5DBE940E2:t11, leader=null, voted=s1, raftlog=s1@group-A7C5DBE940E2-SegmentedRaftLog:OPENED:c-1,f-1,i0, conf=-1: [s3:0.0.0.0:38312, s4:0.0.0.0:41737, s0:0.0.0.0:41019, s1:0.0.0.0:38816, s2:0.0.0.0:40694], old=null
2019-09-24 16:48:24,652 INFO  impl.RoleInfo (RoleInfo.java:updateAndGet(143)) - s4: start FollowerState
2019-09-24 16:48:24,653 INFO  impl.RaftServerImpl (RaftServerImpl.java:setRole(170)) - s1@group-A7C5DBE940E2: changes role from CANDIDATE to FOLLOWER at term 11 for DISCOVERED_A_NEW_TERM
2019-09-24 16:48:24,653 INFO  impl.RoleInfo (RoleInfo.java:shutdownLeaderElection(134)) - s0: shutdown LeaderElection
2019-09-24 16:48:24,653 INFO  impl.RoleInfo (RoleInfo.java:shutdownLeaderElection(134)) - s1: shutdown LeaderElection
2019-09-24 16:48:24,654 DEBUG impl.RaftServerImpl (RaftServerImpl.java:requestVote(775)) - s4@group-A7C5DBE940E2 replies to vote request: s2<-s4#0:FAIL-t11. Peer's state: s4@group-A7C5DBE940E2:t11, leader=null, voted=s4, raftlog=s4@group-A7C5DBE940E2-SegmentedRaftLog:OPENED:c-1,f-1,i0, conf=-1: [s3:0.0.0.0:38312, s4:0.0.0.0:41737, s0:0.0.0.0:41019, s1:0.0.0.0:38816, s2:0.0.0.0:40694], old=null
2019-09-24 16:48:24,654 INFO  impl.RoleInfo (RoleInfo.java:updateAndGet(143)) - s1: start FollowerState
2019-09-24 16:48:24,654 INFO  impl.RoleInfo (RoleInfo.java:updateAndGet(143)) - s0: start FollowerState
2019-09-24 16:48:24,654 INFO  impl.LeaderElection (LeaderElection.java:logAndReturn(56)) - s2@group-A7C5DBE940E2-LeaderElection44: Election REJECTED; received 4 response(s) [s2<-s3#0:FAIL-t11, s2<-s4#0:FAIL-t11, s2<-s0#0:FAIL-t11, s2<-s1#0:FAIL-t11] and 0 exception(s); s2@group-A7C5DBE940E2:t11, leader=null, voted=s2, raftlog=s2@group-A7C5DBE940E2-SegmentedRaftLog:OPENED:c-1,f-1,i0, conf=-1: [s3:0.0.0.0:38312, s4:0.0.0.0:41737, s0:0.0.0.0:41019, s1:0.0.0.0:38816, s2:0.0.0.0:40694], old=null
2019-09-24 16:48:24,654 INFO  impl.RaftServerImpl (RaftServerImpl.java:setRole(170)) - s2@group-A7C5DBE940E2: changes role from CANDIDATE to FOLLOWER at term 11 for DISCOVERED_A_NEW_TERM
2019-09-24 16:48:24,655 INFO  impl.RoleInfo (RoleInfo.java:shutdownLeaderElection(134)) - s2: shutdown LeaderElection
2019-09-24 16:48:24,655 INFO  impl.RoleInfo (RoleInfo.java:updateAndGet(143)) - s2: start FollowerState
2019-09-24 16:48:24,828 INFO  impl.FollowerState (FollowerState.java:run(108)) - s0@group-A7C5DBE940E2-FollowerState: change to CANDIDATE, lastRpcTime:174ms, electionTimeout:173ms
2019-09-24 16:48:24,828 INFO  impl.RoleInfo (RoleInfo.java:shutdownFollowerState(121)) - s0: shutdown FollowerState
2019-09-24 16:48:24,828 INFO  impl.RaftServerImpl (RaftServerImpl.java:setRole(170)) - s0@group-A7C5DBE940E2: changes role from  FOLLOWER to CANDIDATE at term 11 for changeToCandidate
2019-09-24 16:48:24,828 INFO  impl.RoleInfo (RoleInfo.java:updateAndGet(143)) - s0: start LeaderElection
2019-09-24 16:48:24,856 INFO  impl.FollowerState (FollowerState.java:run(108)) - s2@group-A7C5DBE940E2-FollowerState: change to CANDIDATE, lastRpcTime:201ms, electionTimeout:201ms
2019-09-24 16:48:24,857 INFO  impl.RoleInfo (RoleInfo.java:shutdownFollowerState(121)) - s2: shutdown FollowerState
2019-09-24 16:48:24,857 INFO  impl.RaftServerImpl (RaftServerImpl.java:setRole(170)) - s2@group-A7C5DBE940E2: changes role from  FOLLOWER to CANDIDATE at term 11 for changeToCandidate
2019-09-24 16:48:24,857 INFO  impl.RoleInfo (RoleInfo.java:updateAndGet(143)) - s2: start LeaderElection
2019-09-24 16:48:24,875 INFO  impl.FollowerState (FollowerState.java:run(108)) - s3@group-A7C5DBE940E2-FollowerState: change to CANDIDATE, lastRpcTime:223ms, electionTimeout:223ms
2019-09-24 16:48:24,875 INFO  impl.RoleInfo (RoleInfo.java:shutdownFollowerState(121)) - s3: shutdown FollowerState
2019-09-24 16:48:24,875 INFO  impl.RaftServerImpl (RaftServerImpl.java:setRole(170)) - s3@group-A7C5DBE940E2: changes role from  FOLLOWER to CANDIDATE at term 11 for changeToCandidate
2019-09-24 16:48:24,875 INFO  impl.RoleInfo (RoleInfo.java:updateAndGet(143)) - s3: start LeaderElection
2019-09-24 16:48:24,889 INFO  impl.FollowerState (FollowerState.java:run(108)) - s4@group-A7C5DBE940E2-FollowerState: change to CANDIDATE, lastRpcTime:236ms, electionTimeout:235ms
2019-09-24 16:48:24,889 INFO  impl.RoleInfo (RoleInfo.java:shutdownFollowerState(121)) - s4: shutdown FollowerState
2019-09-24 16:48:24,889 INFO  impl.RaftServerImpl (RaftServerImpl.java:setRole(170)) - s4@group-A7C5DBE940E2: changes role from  FOLLOWER to CANDIDATE at term 11 for changeToCandidate
2019-09-24 16:48:24,889 INFO  impl.RoleInfo (RoleInfo.java:updateAndGet(143)) - s4: start LeaderElection
2019-09-24 16:48:24,914 INFO  impl.FollowerState (FollowerState.java:run(108)) - s1@group-A7C5DBE940E2-FollowerState: change to CANDIDATE, lastRpcTime:260ms, electionTimeout:260ms
2019-09-24 16:48:24,914 INFO  impl.RoleInfo (RoleInfo.java:shutdownFollowerState(121)) - s1: shutdown FollowerState
2019-09-24 16:48:24,915 INFO  impl.RaftServerImpl (RaftServerImpl.java:setRole(170)) - s1@group-A7C5DBE940E2: changes role from  FOLLOWER to CANDIDATE at term 11 for changeToCandidate
2019-09-24 16:48:24,915 INFO  impl.RoleInfo (RoleInfo.java:updateAndGet(143)) - s1: start LeaderElection
2019-09-24 16:48:25,078 WARN  ratis.RaftTestUtil (JavaUtils.java:attempt(158)) - FAILED "waitForLeader-group-A7C5DBE940E2-(expectLeader? true)", attempt #89/100: java.lang.IllegalStateException: No leader yet  for group-A7C5DBE940E2: printing group-A7C5DBE940E2
  s3:  RUNNING [
   FOLLOWER s3@group-FEE41E240123:t0, leader=null, voted=null, raftlog=s3@group-FEE41E240123-SegmentedRaftLog:OPENED:c-1,f-1,i0, conf=-1: [], old=null STARTING
  CANDIDATE s3@group-A7C5DBE940E2:t12, leader=null, voted=s3, raftlog=s3@group-A7C5DBE940E2-SegmentedRaftLog:OPENED:c-1,f-1,i0, conf=-1: [s3:0.0.0.0:38312, s4:0.0.0.0:41737, s0:0.0.0.0:41019, s1:0.0.0.0:38816, s2:0.0.0.0:40694], old=null RUNNING] size=2
  s4:  RUNNING [
   FOLLOWER s4@group-FEE41E240123:t0, leader=null, voted=null, raftlog=s4@group-FEE41E240123-SegmentedRaftLog:OPENED:c-1,f-1,i0, conf=-1: [], old=null STARTING
  CANDIDATE s4@group-A7C5DBE940E2:t12, leader=null, voted=s4, raftlog=s4@group-A7C5DBE940E2-SegmentedRaftLog:OPENED:c-1,f-1,i0, conf=-1: [s3:0.0.0.0:38312, s4:0.0.0.0:41737, s0:0.0.0.0:41019, s1:0.0.0.0:38816, s2:0.0.0.0:40694], old=null RUNNING] size=2
  s0:  RUNNING [
   FOLLOWER s0@group-FEE41E240123:t0, leader=null, voted=null, raftlog=s0@group-FEE41E240123-SegmentedRaftLog:OPENED:c-1,f-1,i0, conf=-1: [], old=null STARTING
  CANDIDATE s0@group-A7C5DBE940E2:t12, leader=null, voted=s0, raftlog=s0@group-A7C5DBE940E2-SegmentedRaftLog:OPENED:c-1,f-1,i0, conf=-1: [s3:0.0.0.0:38312, s4:0.0.0.0:41737, s0:0.0.0.0:41019, s1:0.0.0.0:38816, s2:0.0.0.0:40694], old=null RUNNING] size=2
  s1:  RUNNING [
   FOLLOWER s1@group-FEE41E240123:t0, leader=null, voted=null, raftlog=s1@group-FEE41E240123-SegmentedRaftLog:OPENED:c-1,f-1,i0, conf=-1: [], old=null STARTING
  CANDIDATE s1@group-A7C5DBE940E2:t12, leader=null, voted=s1, raftlog=s1@group-A7C5DBE940E2-SegmentedRaftLog:OPENED:c-1,f-1,i0, conf=-1: [s3:0.0.0.0:38312, s4:0.0.0.0:41737, s0:0.0.0.0:41019, s1:0.0.0.0:38816, s2:0.0.0.0:40694], old=null RUNNING] size=2
  s2:  RUNNING [
   FOLLOWER s2@group-FEE41E240123:t0, leader=null, voted=null, raftlog=s2@group-FEE41E240123-SegmentedRaftLog:OPENED:c-1,f-1,i0, conf=-1: [], old=null STARTING
  CANDIDATE s2@group-A7C5DBE940E2:t12, leader=null, voted=s2, raftlog=s2@group-A7C5DBE940E2-SegmentedRaftLog:OPENED:c-1,f-1,i0, conf=-1: [s3:0.0.0.0:38312, s4:0.0.0.0:41737, s0:0.0.0.0:41019, s1:0.0.0.0:38816, s2:0.0.0.0:40694], old=null RUNNING] size=2, sleep 450ms and then retry.
java.lang.IllegalStateException: No leader yet  for group-A7C5DBE940E2: printing group-A7C5DBE940E2
  s3:  RUNNING [
   FOLLOWER s3@group-FEE41E240123:t0, leader=null, voted=null, raftlog=s3@group-FEE41E240123-SegmentedRaftLog:OPENED:c-1,f-1,i0, conf=-1: [], old=null STARTING
  CANDIDATE s3@group-A7C5DBE940E2:t12, leader=null, voted=s3, raftlog=s3@group-A7C5DBE940E2-SegmentedRaftLog:OPENED:c-1,f-1,i0, conf=-1: [s3:0.0.0.0:38312, s4:0.0.0.0:41737, s0:0.0.0.0:41019, s1:0.0.0.0:38816, s2:0.0.0.0:40694], old=null RUNNING] size=2
  s4:  RUNNING [
   FOLLOWER s4@group-FEE41E240123:t0, leader=null, voted=null, raftlog=s4@group-FEE41E240123-SegmentedRaftLog:OPENED:c-1,f-1,i0, conf=-1: [], old=null STARTING
  CANDIDATE s4@group-A7C5DBE940E2:t12, leader=null, voted=s4, raftlog=s4@group-A7C5DBE940E2-SegmentedRaftLog:OPENED:c-1,f-1,i0, conf=-1: [s3:0.0.0.0:38312, s4:0.0.0.0:41737, s0:0.0.0.0:41019, s1:0.0.0.0:38816, s2:0.0.0.0:40694], old=null RUNNING] size=2
  s0:  RUNNING [
   FOLLOWER s0@group-FEE41E240123:t0, leader=null, voted=null, raftlog=s0@group-FEE41E240123-SegmentedRaftLog:OPENED:c-1,f-1,i0, conf=-1: [], old=null STARTING
  CANDIDATE s0@group-A7C5DBE940E2:t12, leader=null, voted=s0, raftlog=s0@group-A7C5DBE940E2-SegmentedRaftLog:OPENED:c-1,f-1,i0, conf=-1: [s3:0.0.0.0:38312, s4:0.0.0.0:41737, s0:0.0.0.0:41019, s1:0.0.0.0:38816, s2:0.0.0.0:40694], old=null RUNNING] size=2
  s1:  RUNNING [
   FOLLOWER s1@group-FEE41E240123:t0, leader=null, voted=null, raftlog=s1@group-FEE41E240123-SegmentedRaftLog:OPENED:c-1,f-1,i0, conf=-1: [], old=null STARTING
  CANDIDATE s1@group-A7C5DBE940E2:t12, leader=null, voted=s1, raftlog=s1@group-A7C5DBE940E2-SegmentedRaftLog:OPENED:c-1,f-1,i0, conf=-1: [s3:0.0.0.0:38312, s4:0.0.0.0:41737, s0:0.0.0.0:41019, s1:0.0.0.0:38816, s2:0.0.0.0:40694], old=null RUNNING] size=2
  s2:  RUNNING [
   FOLLOWER s2@group-FEE41E240123:t0, leader=null, voted=null, raftlog=s2@group-FEE41E240123-SegmentedRaftLog:OPENED:c-1,f-1,i0, conf=-1: [], old=null STARTING
  CANDIDATE s2@group-A7C5DBE940E2:t12, leader=null, voted=s2, raftlog=s2@group-A7C5DBE940E2-SegmentedRaftLog:OPENED:c-1,f-1,i0, conf=-1: [s3:0.0.0.0:38312, s4:0.0.0.0:41737, s0:0.0.0.0:41019, s1:0.0.0.0:38816, s2:0.0.0.0:40694], old=null RUNNING] size=2
	at org.apache.ratis.MiniRaftCluster.newIllegalStateExceptionForNoLeaders(MiniRaftCluster.java:506)
	at org.apache.ratis.RaftTestUtil.lambda$waitForLeader$1(RaftTestUtil.java:90)
	at org.apache.ratis.MiniRaftCluster.getLeader(MiniRaftCluster.java:539)
	at org.apache.ratis.MiniRaftCluster.getLeader(MiniRaftCluster.java:532)
	at org.apache.ratis.RaftTestUtil.lambda$waitForLeader$3(RaftTestUtil.java:98)
	at org.apache.ratis.util.JavaUtils.attempt(JavaUtils.java:152)
	at org.apache.ratis.RaftTestUtil.waitForLeader(RaftTestUtil.java:97)
	at org.apache.ratis.RaftTestUtil.waitForLeader(RaftTestUtil.java:77)
	at org.apache.ratis.server.impl.GroupManagementBaseTest.runMultiGroupTest(GroupManagementBaseTest.java:175)
	at org.apache.ratis.server.impl.GroupManagementBaseTest.runMultiGroupTest(GroupManagementBaseTest.java:126)
	at org.apache.ratis.server.impl.GroupManagementBaseTest.testMultiGroup9Nodes(GroupManagementBaseTest.java:121)
	at sun.reflect.NativeMethodAccessorImpl.invoke0(Native Method)
	at sun.reflect.NativeMethodAccessorImpl.invoke(NativeMethodAccessorImpl.java:62)
	at sun.reflect.DelegatingMethodAccessorImpl.invoke(DelegatingMethodAccessorImpl.java:43)
	at java.lang.reflect.Method.invoke(Method.java:498)
	at org.junit.runners.model.FrameworkMethod$1.runReflectiveCall(FrameworkMethod.java:50)
	at org.junit.internal.runners.model.ReflectiveCallable.run(ReflectiveCallable.java:12)
	at org.junit.runners.model.FrameworkMethod.invokeExplosively(FrameworkMethod.java:47)
	at org.junit.internal.runners.statements.InvokeMethod.evaluate(InvokeMethod.java:17)
	at org.junit.internal.runners.statements.RunAfters.evaluate(RunAfters.java:27)
	at org.junit.internal.runners.statements.FailOnTimeout$CallableStatement.call(FailOnTimeout.java:298)
	at org.junit.internal.runners.statements.FailOnTimeout$CallableStatement.call(FailOnTimeout.java:292)
	at java.util.concurrent.FutureTask.run(FutureTask.java:266)
	at java.lang.Thread.run(Thread.java:748)
2019-09-24 16:48:25,529 WARN  ratis.RaftTestUtil (JavaUtils.java:attempt(158)) - FAILED "waitForLeader-group-A7C5DBE940E2-(expectLeader? true)", attempt #90/100: java.lang.IllegalStateException: No leader yet  for group-A7C5DBE940E2: printing group-A7C5DBE940E2
  s3:  RUNNING [
   FOLLOWER s3@group-FEE41E240123:t0, leader=null, voted=null, raftlog=s3@group-FEE41E240123-SegmentedRaftLog:OPENED:c-1,f-1,i0, conf=-1: [], old=null STARTING
  CANDIDATE s3@group-A7C5DBE940E2:t12, leader=null, voted=s3, raftlog=s3@group-A7C5DBE940E2-SegmentedRaftLog:OPENED:c-1,f-1,i0, conf=-1: [s3:0.0.0.0:38312, s4:0.0.0.0:41737, s0:0.0.0.0:41019, s1:0.0.0.0:38816, s2:0.0.0.0:40694], old=null RUNNING] size=2
  s4:  RUNNING [
   FOLLOWER s4@group-FEE41E240123:t0, leader=null, voted=null, raftlog=s4@group-FEE41E240123-SegmentedRaftLog:OPENED:c-1,f-1,i0, conf=-1: [], old=null STARTING
  CANDIDATE s4@group-A7C5DBE940E2:t12, leader=null, voted=s4, raftlog=s4@group-A7C5DBE940E2-SegmentedRaftLog:OPENED:c-1,f-1,i0, conf=-1: [s3:0.0.0.0:38312, s4:0.0.0.0:41737, s0:0.0.0.0:41019, s1:0.0.0.0:38816, s2:0.0.0.0:40694], old=null RUNNING] size=2
  s0:  RUNNING [
   FOLLOWER s0@group-FEE41E240123:t0, leader=null, voted=null, raftlog=s0@group-FEE41E240123-SegmentedRaftLog:OPENED:c-1,f-1,i0, conf=-1: [], old=null STARTING
  CANDIDATE s0@group-A7C5DBE940E2:t12, leader=null, voted=s0, raftlog=s0@group-A7C5DBE940E2-SegmentedRaftLog:OPENED:c-1,f-1,i0, conf=-1: [s3:0.0.0.0:38312, s4:0.0.0.0:41737, s0:0.0.0.0:41019, s1:0.0.0.0:38816, s2:0.0.0.0:40694], old=null RUNNING] size=2
  s1:  RUNNING [
   FOLLOWER s1@group-FEE41E240123:t0, leader=null, voted=null, raftlog=s1@group-FEE41E240123-SegmentedRaftLog:OPENED:c-1,f-1,i0, conf=-1: [], old=null STARTING
  CANDIDATE s1@group-A7C5DBE940E2:t12, leader=null, voted=s1, raftlog=s1@group-A7C5DBE940E2-SegmentedRaftLog:OPENED:c-1,f-1,i0, conf=-1: [s3:0.0.0.0:38312, s4:0.0.0.0:41737, s0:0.0.0.0:41019, s1:0.0.0.0:38816, s2:0.0.0.0:40694], old=null RUNNING] size=2
  s2:  RUNNING [
   FOLLOWER s2@group-FEE41E240123:t0, leader=null, voted=null, raftlog=s2@group-FEE41E240123-SegmentedRaftLog:OPENED:c-1,f-1,i0, conf=-1: [], old=null STARTING
  CANDIDATE s2@group-A7C5DBE940E2:t12, leader=null, voted=s2, raftlog=s2@group-A7C5DBE940E2-SegmentedRaftLog:OPENED:c-1,f-1,i0, conf=-1: [s3:0.0.0.0:38312, s4:0.0.0.0:41737, s0:0.0.0.0:41019, s1:0.0.0.0:38816, s2:0.0.0.0:40694], old=null RUNNING] size=2, sleep 450ms and then retry.
java.lang.IllegalStateException: No leader yet  for group-A7C5DBE940E2: printing group-A7C5DBE940E2
  s3:  RUNNING [
   FOLLOWER s3@group-FEE41E240123:t0, leader=null, voted=null, raftlog=s3@group-FEE41E240123-SegmentedRaftLog:OPENED:c-1,f-1,i0, conf=-1: [], old=null STARTING
  CANDIDATE s3@group-A7C5DBE940E2:t12, leader=null, voted=s3, raftlog=s3@group-A7C5DBE940E2-SegmentedRaftLog:OPENED:c-1,f-1,i0, conf=-1: [s3:0.0.0.0:38312, s4:0.0.0.0:41737, s0:0.0.0.0:41019, s1:0.0.0.0:38816, s2:0.0.0.0:40694], old=null RUNNING] size=2
  s4:  RUNNING [
   FOLLOWER s4@group-FEE41E240123:t0, leader=null, voted=null, raftlog=s4@group-FEE41E240123-SegmentedRaftLog:OPENED:c-1,f-1,i0, conf=-1: [], old=null STARTING
  CANDIDATE s4@group-A7C5DBE940E2:t12, leader=null, voted=s4, raftlog=s4@group-A7C5DBE940E2-SegmentedRaftLog:OPENED:c-1,f-1,i0, conf=-1: [s3:0.0.0.0:38312, s4:0.0.0.0:41737, s0:0.0.0.0:41019, s1:0.0.0.0:38816, s2:0.0.0.0:40694], old=null RUNNING] size=2
  s0:  RUNNING [
   FOLLOWER s0@group-FEE41E240123:t0, leader=null, voted=null, raftlog=s0@group-FEE41E240123-SegmentedRaftLog:OPENED:c-1,f-1,i0, conf=-1: [], old=null STARTING
  CANDIDATE s0@group-A7C5DBE940E2:t12, leader=null, voted=s0, raftlog=s0@group-A7C5DBE940E2-SegmentedRaftLog:OPENED:c-1,f-1,i0, conf=-1: [s3:0.0.0.0:38312, s4:0.0.0.0:41737, s0:0.0.0.0:41019, s1:0.0.0.0:38816, s2:0.0.0.0:40694], old=null RUNNING] size=2
  s1:  RUNNING [
   FOLLOWER s1@group-FEE41E240123:t0, leader=null, voted=null, raftlog=s1@group-FEE41E240123-SegmentedRaftLog:OPENED:c-1,f-1,i0, conf=-1: [], old=null STARTING
  CANDIDATE s1@group-A7C5DBE940E2:t12, leader=null, voted=s1, raftlog=s1@group-A7C5DBE940E2-SegmentedRaftLog:OPENED:c-1,f-1,i0, conf=-1: [s3:0.0.0.0:38312, s4:0.0.0.0:41737, s0:0.0.0.0:41019, s1:0.0.0.0:38816, s2:0.0.0.0:40694], old=null RUNNING] size=2
  s2:  RUNNING [
   FOLLOWER s2@group-FEE41E240123:t0, leader=null, voted=null, raftlog=s2@group-FEE41E240123-SegmentedRaftLog:OPENED:c-1,f-1,i0, conf=-1: [], old=null STARTING
  CANDIDATE s2@group-A7C5DBE940E2:t12, leader=null, voted=s2, raftlog=s2@group-A7C5DBE940E2-SegmentedRaftLog:OPENED:c-1,f-1,i0, conf=-1: [s3:0.0.0.0:38312, s4:0.0.0.0:41737, s0:0.0.0.0:41019, s1:0.0.0.0:38816, s2:0.0.0.0:40694], old=null RUNNING] size=2
	at org.apache.ratis.MiniRaftCluster.newIllegalStateExceptionForNoLeaders(MiniRaftCluster.java:506)
	at org.apache.ratis.RaftTestUtil.lambda$waitForLeader$1(RaftTestUtil.java:90)
	at org.apache.ratis.MiniRaftCluster.getLeader(MiniRaftCluster.java:539)
	at org.apache.ratis.MiniRaftCluster.getLeader(MiniRaftCluster.java:532)
	at org.apache.ratis.RaftTestUtil.lambda$waitForLeader$3(RaftTestUtil.java:98)
	at org.apache.ratis.util.JavaUtils.attempt(JavaUtils.java:152)
	at org.apache.ratis.RaftTestUtil.waitForLeader(RaftTestUtil.java:97)
	at org.apache.ratis.RaftTestUtil.waitForLeader(RaftTestUtil.java:77)
	at org.apache.ratis.server.impl.GroupManagementBaseTest.runMultiGroupTest(GroupManagementBaseTest.java:175)
	at org.apache.ratis.server.impl.GroupManagementBaseTest.runMultiGroupTest(GroupManagementBaseTest.java:126)
	at org.apache.ratis.server.impl.GroupManagementBaseTest.testMultiGroup9Nodes(GroupManagementBaseTest.java:121)
	at sun.reflect.NativeMethodAccessorImpl.invoke0(Native Method)
	at sun.reflect.NativeMethodAccessorImpl.invoke(NativeMethodAccessorImpl.java:62)
	at sun.reflect.DelegatingMethodAccessorImpl.invoke(DelegatingMethodAccessorImpl.java:43)
	at java.lang.reflect.Method.invoke(Method.java:498)
	at org.junit.runners.model.FrameworkMethod$1.runReflectiveCall(FrameworkMethod.java:50)
	at org.junit.internal.runners.model.ReflectiveCallable.run(ReflectiveCallable.java:12)
	at org.junit.runners.model.FrameworkMethod.invokeExplosively(FrameworkMethod.java:47)
	at org.junit.internal.runners.statements.InvokeMethod.evaluate(InvokeMethod.java:17)
	at org.junit.internal.runners.statements.RunAfters.evaluate(RunAfters.java:27)
	at org.junit.internal.runners.statements.FailOnTimeout$CallableStatement.call(FailOnTimeout.java:298)
	at org.junit.internal.runners.statements.FailOnTimeout$CallableStatement.call(FailOnTimeout.java:292)
	at java.util.concurrent.FutureTask.run(FutureTask.java:266)
	at java.lang.Thread.run(Thread.java:748)
2019-09-24 16:48:25,982 WARN  ratis.RaftTestUtil (JavaUtils.java:attempt(158)) - FAILED "waitForLeader-group-A7C5DBE940E2-(expectLeader? true)", attempt #91/100: java.lang.IllegalStateException: No leader yet  for group-A7C5DBE940E2: printing group-A7C5DBE940E2
  s3:  RUNNING [
   FOLLOWER s3@group-FEE41E240123:t0, leader=null, voted=null, raftlog=s3@group-FEE41E240123-SegmentedRaftLog:OPENED:c-1,f-1,i0, conf=-1: [], old=null STARTING
  CANDIDATE s3@group-A7C5DBE940E2:t12, leader=null, voted=s3, raftlog=s3@group-A7C5DBE940E2-SegmentedRaftLog:OPENED:c-1,f-1,i0, conf=-1: [s3:0.0.0.0:38312, s4:0.0.0.0:41737, s0:0.0.0.0:41019, s1:0.0.0.0:38816, s2:0.0.0.0:40694], old=null RUNNING] size=2
  s4:  RUNNING [
   FOLLOWER s4@group-FEE41E240123:t0, leader=null, voted=null, raftlog=s4@group-FEE41E240123-SegmentedRaftLog:OPENED:c-1,f-1,i0, conf=-1: [], old=null STARTING
  CANDIDATE s4@group-A7C5DBE940E2:t12, leader=null, voted=s4, raftlog=s4@group-A7C5DBE940E2-SegmentedRaftLog:OPENED:c-1,f-1,i0, conf=-1: [s3:0.0.0.0:38312, s4:0.0.0.0:41737, s0:0.0.0.0:41019, s1:0.0.0.0:38816, s2:0.0.0.0:40694], old=null RUNNING] size=2
  s0:  RUNNING [
   FOLLOWER s0@group-FEE41E240123:t0, leader=null, voted=null, raftlog=s0@group-FEE41E240123-SegmentedRaftLog:OPENED:c-1,f-1,i0, conf=-1: [], old=null STARTING
  CANDIDATE s0@group-A7C5DBE940E2:t12, leader=null, voted=s0, raftlog=s0@group-A7C5DBE940E2-SegmentedRaftLog:OPENED:c-1,f-1,i0, conf=-1: [s3:0.0.0.0:38312, s4:0.0.0.0:41737, s0:0.0.0.0:41019, s1:0.0.0.0:38816, s2:0.0.0.0:40694], old=null RUNNING] size=2
  s1:  RUNNING [
   FOLLOWER s1@group-FEE41E240123:t0, leader=null, voted=null, raftlog=s1@group-FEE41E240123-SegmentedRaftLog:OPENED:c-1,f-1,i0, conf=-1: [], old=null STARTING
  CANDIDATE s1@group-A7C5DBE940E2:t12, leader=null, voted=s1, raftlog=s1@group-A7C5DBE940E2-SegmentedRaftLog:OPENED:c-1,f-1,i0, conf=-1: [s3:0.0.0.0:38312, s4:0.0.0.0:41737, s0:0.0.0.0:41019, s1:0.0.0.0:38816, s2:0.0.0.0:40694], old=null RUNNING] size=2
  s2:  RUNNING [
   FOLLOWER s2@group-FEE41E240123:t0, leader=null, voted=null, raftlog=s2@group-FEE41E240123-SegmentedRaftLog:OPENED:c-1,f-1,i0, conf=-1: [], old=null STARTING
  CANDIDATE s2@group-A7C5DBE940E2:t12, leader=null, voted=s2, raftlog=s2@group-A7C5DBE940E2-SegmentedRaftLog:OPENED:c-1,f-1,i0, conf=-1: [s3:0.0.0.0:38312, s4:0.0.0.0:41737, s0:0.0.0.0:41019, s1:0.0.0.0:38816, s2:0.0.0.0:40694], old=null RUNNING] size=2, sleep 450ms and then retry.
java.lang.IllegalStateException: No leader yet  for group-A7C5DBE940E2: printing group-A7C5DBE940E2
  s3:  RUNNING [
   FOLLOWER s3@group-FEE41E240123:t0, leader=null, voted=null, raftlog=s3@group-FEE41E240123-SegmentedRaftLog:OPENED:c-1,f-1,i0, conf=-1: [], old=null STARTING
  CANDIDATE s3@group-A7C5DBE940E2:t12, leader=null, voted=s3, raftlog=s3@group-A7C5DBE940E2-SegmentedRaftLog:OPENED:c-1,f-1,i0, conf=-1: [s3:0.0.0.0:38312, s4:0.0.0.0:41737, s0:0.0.0.0:41019, s1:0.0.0.0:38816, s2:0.0.0.0:40694], old=null RUNNING] size=2
  s4:  RUNNING [
   FOLLOWER s4@group-FEE41E240123:t0, leader=null, voted=null, raftlog=s4@group-FEE41E240123-SegmentedRaftLog:OPENED:c-1,f-1,i0, conf=-1: [], old=null STARTING
  CANDIDATE s4@group-A7C5DBE940E2:t12, leader=null, voted=s4, raftlog=s4@group-A7C5DBE940E2-SegmentedRaftLog:OPENED:c-1,f-1,i0, conf=-1: [s3:0.0.0.0:38312, s4:0.0.0.0:41737, s0:0.0.0.0:41019, s1:0.0.0.0:38816, s2:0.0.0.0:40694], old=null RUNNING] size=2
  s0:  RUNNING [
   FOLLOWER s0@group-FEE41E240123:t0, leader=null, voted=null, raftlog=s0@group-FEE41E240123-SegmentedRaftLog:OPENED:c-1,f-1,i0, conf=-1: [], old=null STARTING
  CANDIDATE s0@group-A7C5DBE940E2:t12, leader=null, voted=s0, raftlog=s0@group-A7C5DBE940E2-SegmentedRaftLog:OPENED:c-1,f-1,i0, conf=-1: [s3:0.0.0.0:38312, s4:0.0.0.0:41737, s0:0.0.0.0:41019, s1:0.0.0.0:38816, s2:0.0.0.0:40694], old=null RUNNING] size=2
  s1:  RUNNING [
   FOLLOWER s1@group-FEE41E240123:t0, leader=null, voted=null, raftlog=s1@group-FEE41E240123-SegmentedRaftLog:OPENED:c-1,f-1,i0, conf=-1: [], old=null STARTING
  CANDIDATE s1@group-A7C5DBE940E2:t12, leader=null, voted=s1, raftlog=s1@group-A7C5DBE940E2-SegmentedRaftLog:OPENED:c-1,f-1,i0, conf=-1: [s3:0.0.0.0:38312, s4:0.0.0.0:41737, s0:0.0.0.0:41019, s1:0.0.0.0:38816, s2:0.0.0.0:40694], old=null RUNNING] size=2
  s2:  RUNNING [
   FOLLOWER s2@group-FEE41E240123:t0, leader=null, voted=null, raftlog=s2@group-FEE41E240123-SegmentedRaftLog:OPENED:c-1,f-1,i0, conf=-1: [], old=null STARTING
  CANDIDATE s2@group-A7C5DBE940E2:t12, leader=null, voted=s2, raftlog=s2@group-A7C5DBE940E2-SegmentedRaftLog:OPENED:c-1,f-1,i0, conf=-1: [s3:0.0.0.0:38312, s4:0.0.0.0:41737, s0:0.0.0.0:41019, s1:0.0.0.0:38816, s2:0.0.0.0:40694], old=null RUNNING] size=2
	at org.apache.ratis.MiniRaftCluster.newIllegalStateExceptionForNoLeaders(MiniRaftCluster.java:506)
	at org.apache.ratis.RaftTestUtil.lambda$waitForLeader$1(RaftTestUtil.java:90)
	at org.apache.ratis.MiniRaftCluster.getLeader(MiniRaftCluster.java:539)
	at org.apache.ratis.MiniRaftCluster.getLeader(MiniRaftCluster.java:532)
	at org.apache.ratis.RaftTestUtil.lambda$waitForLeader$3(RaftTestUtil.java:98)
	at org.apache.ratis.util.JavaUtils.attempt(JavaUtils.java:152)
	at org.apache.ratis.RaftTestUtil.waitForLeader(RaftTestUtil.java:97)
	at org.apache.ratis.RaftTestUtil.waitForLeader(RaftTestUtil.java:77)
	at org.apache.ratis.server.impl.GroupManagementBaseTest.runMultiGroupTest(GroupManagementBaseTest.java:175)
	at org.apache.ratis.server.impl.GroupManagementBaseTest.runMultiGroupTest(GroupManagementBaseTest.java:126)
	at org.apache.ratis.server.impl.GroupManagementBaseTest.testMultiGroup9Nodes(GroupManagementBaseTest.java:121)
	at sun.reflect.NativeMethodAccessorImpl.invoke0(Native Method)
	at sun.reflect.NativeMethodAccessorImpl.invoke(NativeMethodAccessorImpl.java:62)
	at sun.reflect.DelegatingMethodAccessorImpl.invoke(DelegatingMethodAccessorImpl.java:43)
	at java.lang.reflect.Method.invoke(Method.java:498)
	at org.junit.runners.model.FrameworkMethod$1.runReflectiveCall(FrameworkMethod.java:50)
	at org.junit.internal.runners.model.ReflectiveCallable.run(ReflectiveCallable.java:12)
	at org.junit.runners.model.FrameworkMethod.invokeExplosively(FrameworkMethod.java:47)
	at org.junit.internal.runners.statements.InvokeMethod.evaluate(InvokeMethod.java:17)
	at org.junit.internal.runners.statements.RunAfters.evaluate(RunAfters.java:27)
	at org.junit.internal.runners.statements.FailOnTimeout$CallableStatement.call(FailOnTimeout.java:298)
	at org.junit.internal.runners.statements.FailOnTimeout$CallableStatement.call(FailOnTimeout.java:292)
	at java.util.concurrent.FutureTask.run(FutureTask.java:266)
	at java.lang.Thread.run(Thread.java:748)
2019-09-24 16:48:26,434 WARN  ratis.RaftTestUtil (JavaUtils.java:attempt(158)) - FAILED "waitForLeader-group-A7C5DBE940E2-(expectLeader? true)", attempt #92/100: java.lang.IllegalStateException: No leader yet  for group-A7C5DBE940E2: printing group-A7C5DBE940E2
  s3:  RUNNING [
   FOLLOWER s3@group-FEE41E240123:t0, leader=null, voted=null, raftlog=s3@group-FEE41E240123-SegmentedRaftLog:OPENED:c-1,f-1,i0, conf=-1: [], old=null STARTING
  CANDIDATE s3@group-A7C5DBE940E2:t12, leader=null, voted=s3, raftlog=s3@group-A7C5DBE940E2-SegmentedRaftLog:OPENED:c-1,f-1,i0, conf=-1: [s3:0.0.0.0:38312, s4:0.0.0.0:41737, s0:0.0.0.0:41019, s1:0.0.0.0:38816, s2:0.0.0.0:40694], old=null RUNNING] size=2
  s4:  RUNNING [
   FOLLOWER s4@group-FEE41E240123:t0, leader=null, voted=null, raftlog=s4@group-FEE41E240123-SegmentedRaftLog:OPENED:c-1,f-1,i0, conf=-1: [], old=null STARTING
  CANDIDATE s4@group-A7C5DBE940E2:t12, leader=null, voted=s4, raftlog=s4@group-A7C5DBE940E2-SegmentedRaftLog:OPENED:c-1,f-1,i0, conf=-1: [s3:0.0.0.0:38312, s4:0.0.0.0:41737, s0:0.0.0.0:41019, s1:0.0.0.0:38816, s2:0.0.0.0:40694], old=null RUNNING] size=2
  s0:  RUNNING [
   FOLLOWER s0@group-FEE41E240123:t0, leader=null, voted=null, raftlog=s0@group-FEE41E240123-SegmentedRaftLog:OPENED:c-1,f-1,i0, conf=-1: [], old=null STARTING
  CANDIDATE s0@group-A7C5DBE940E2:t12, leader=null, voted=s0, raftlog=s0@group-A7C5DBE940E2-SegmentedRaftLog:OPENED:c-1,f-1,i0, conf=-1: [s3:0.0.0.0:38312, s4:0.0.0.0:41737, s0:0.0.0.0:41019, s1:0.0.0.0:38816, s2:0.0.0.0:40694], old=null RUNNING] size=2
  s1:  RUNNING [
   FOLLOWER s1@group-FEE41E240123:t0, leader=null, voted=null, raftlog=s1@group-FEE41E240123-SegmentedRaftLog:OPENED:c-1,f-1,i0, conf=-1: [], old=null STARTING
  CANDIDATE s1@group-A7C5DBE940E2:t12, leader=null, voted=s1, raftlog=s1@group-A7C5DBE940E2-SegmentedRaftLog:OPENED:c-1,f-1,i0, conf=-1: [s3:0.0.0.0:38312, s4:0.0.0.0:41737, s0:0.0.0.0:41019, s1:0.0.0.0:38816, s2:0.0.0.0:40694], old=null RUNNING] size=2
  s2:  RUNNING [
   FOLLOWER s2@group-FEE41E240123:t0, leader=null, voted=null, raftlog=s2@group-FEE41E240123-SegmentedRaftLog:OPENED:c-1,f-1,i0, conf=-1: [], old=null STARTING
  CANDIDATE s2@group-A7C5DBE940E2:t12, leader=null, voted=s2, raftlog=s2@group-A7C5DBE940E2-SegmentedRaftLog:OPENED:c-1,f-1,i0, conf=-1: [s3:0.0.0.0:38312, s4:0.0.0.0:41737, s0:0.0.0.0:41019, s1:0.0.0.0:38816, s2:0.0.0.0:40694], old=null RUNNING] size=2, sleep 450ms and then retry.
java.lang.IllegalStateException: No leader yet  for group-A7C5DBE940E2: printing group-A7C5DBE940E2
  s3:  RUNNING [
   FOLLOWER s3@group-FEE41E240123:t0, leader=null, voted=null, raftlog=s3@group-FEE41E240123-SegmentedRaftLog:OPENED:c-1,f-1,i0, conf=-1: [], old=null STARTING
  CANDIDATE s3@group-A7C5DBE940E2:t12, leader=null, voted=s3, raftlog=s3@group-A7C5DBE940E2-SegmentedRaftLog:OPENED:c-1,f-1,i0, conf=-1: [s3:0.0.0.0:38312, s4:0.0.0.0:41737, s0:0.0.0.0:41019, s1:0.0.0.0:38816, s2:0.0.0.0:40694], old=null RUNNING] size=2
  s4:  RUNNING [
   FOLLOWER s4@group-FEE41E240123:t0, leader=null, voted=null, raftlog=s4@group-FEE41E240123-SegmentedRaftLog:OPENED:c-1,f-1,i0, conf=-1: [], old=null STARTING
  CANDIDATE s4@group-A7C5DBE940E2:t12, leader=null, voted=s4, raftlog=s4@group-A7C5DBE940E2-SegmentedRaftLog:OPENED:c-1,f-1,i0, conf=-1: [s3:0.0.0.0:38312, s4:0.0.0.0:41737, s0:0.0.0.0:41019, s1:0.0.0.0:38816, s2:0.0.0.0:40694], old=null RUNNING] size=2
  s0:  RUNNING [
   FOLLOWER s0@group-FEE41E240123:t0, leader=null, voted=null, raftlog=s0@group-FEE41E240123-SegmentedRaftLog:OPENED:c-1,f-1,i0, conf=-1: [], old=null STARTING
  CANDIDATE s0@group-A7C5DBE940E2:t12, leader=null, voted=s0, raftlog=s0@group-A7C5DBE940E2-SegmentedRaftLog:OPENED:c-1,f-1,i0, conf=-1: [s3:0.0.0.0:38312, s4:0.0.0.0:41737, s0:0.0.0.0:41019, s1:0.0.0.0:38816, s2:0.0.0.0:40694], old=null RUNNING] size=2
  s1:  RUNNING [
   FOLLOWER s1@group-FEE41E240123:t0, leader=null, voted=null, raftlog=s1@group-FEE41E240123-SegmentedRaftLog:OPENED:c-1,f-1,i0, conf=-1: [], old=null STARTING
  CANDIDATE s1@group-A7C5DBE940E2:t12, leader=null, voted=s1, raftlog=s1@group-A7C5DBE940E2-SegmentedRaftLog:OPENED:c-1,f-1,i0, conf=-1: [s3:0.0.0.0:38312, s4:0.0.0.0:41737, s0:0.0.0.0:41019, s1:0.0.0.0:38816, s2:0.0.0.0:40694], old=null RUNNING] size=2
  s2:  RUNNING [
   FOLLOWER s2@group-FEE41E240123:t0, leader=null, voted=null, raftlog=s2@group-FEE41E240123-SegmentedRaftLog:OPENED:c-1,f-1,i0, conf=-1: [], old=null STARTING
  CANDIDATE s2@group-A7C5DBE940E2:t12, leader=null, voted=s2, raftlog=s2@group-A7C5DBE940E2-SegmentedRaftLog:OPENED:c-1,f-1,i0, conf=-1: [s3:0.0.0.0:38312, s4:0.0.0.0:41737, s0:0.0.0.0:41019, s1:0.0.0.0:38816, s2:0.0.0.0:40694], old=null RUNNING] size=2
	at org.apache.ratis.MiniRaftCluster.newIllegalStateExceptionForNoLeaders(MiniRaftCluster.java:506)
	at org.apache.ratis.RaftTestUtil.lambda$waitForLeader$1(RaftTestUtil.java:90)
	at org.apache.ratis.MiniRaftCluster.getLeader(MiniRaftCluster.java:539)
	at org.apache.ratis.MiniRaftCluster.getLeader(MiniRaftCluster.java:532)
	at org.apache.ratis.RaftTestUtil.lambda$waitForLeader$3(RaftTestUtil.java:98)
	at org.apache.ratis.util.JavaUtils.attempt(JavaUtils.java:152)
	at org.apache.ratis.RaftTestUtil.waitForLeader(RaftTestUtil.java:97)
	at org.apache.ratis.RaftTestUtil.waitForLeader(RaftTestUtil.java:77)
	at org.apache.ratis.server.impl.GroupManagementBaseTest.runMultiGroupTest(GroupManagementBaseTest.java:175)
	at org.apache.ratis.server.impl.GroupManagementBaseTest.runMultiGroupTest(GroupManagementBaseTest.java:126)
	at org.apache.ratis.server.impl.GroupManagementBaseTest.testMultiGroup9Nodes(GroupManagementBaseTest.java:121)
	at sun.reflect.NativeMethodAccessorImpl.invoke0(Native Method)
	at sun.reflect.NativeMethodAccessorImpl.invoke(NativeMethodAccessorImpl.java:62)
	at sun.reflect.DelegatingMethodAccessorImpl.invoke(DelegatingMethodAccessorImpl.java:43)
	at java.lang.reflect.Method.invoke(Method.java:498)
	at org.junit.runners.model.FrameworkMethod$1.runReflectiveCall(FrameworkMethod.java:50)
	at org.junit.internal.runners.model.ReflectiveCallable.run(ReflectiveCallable.java:12)
	at org.junit.runners.model.FrameworkMethod.invokeExplosively(FrameworkMethod.java:47)
	at org.junit.internal.runners.statements.InvokeMethod.evaluate(InvokeMethod.java:17)
	at org.junit.internal.runners.statements.RunAfters.evaluate(RunAfters.java:27)
	at org.junit.internal.runners.statements.FailOnTimeout$CallableStatement.call(FailOnTimeout.java:298)
	at org.junit.internal.runners.statements.FailOnTimeout$CallableStatement.call(FailOnTimeout.java:292)
	at java.util.concurrent.FutureTask.run(FutureTask.java:266)
	at java.lang.Thread.run(Thread.java:748)
2019-09-24 16:48:26,886 WARN  ratis.RaftTestUtil (JavaUtils.java:attempt(158)) - FAILED "waitForLeader-group-A7C5DBE940E2-(expectLeader? true)", attempt #93/100: java.lang.IllegalStateException: No leader yet  for group-A7C5DBE940E2: printing group-A7C5DBE940E2
  s3:  RUNNING [
   FOLLOWER s3@group-FEE41E240123:t0, leader=null, voted=null, raftlog=s3@group-FEE41E240123-SegmentedRaftLog:OPENED:c-1,f-1,i0, conf=-1: [], old=null STARTING
  CANDIDATE s3@group-A7C5DBE940E2:t12, leader=null, voted=s3, raftlog=s3@group-A7C5DBE940E2-SegmentedRaftLog:OPENED:c-1,f-1,i0, conf=-1: [s3:0.0.0.0:38312, s4:0.0.0.0:41737, s0:0.0.0.0:41019, s1:0.0.0.0:38816, s2:0.0.0.0:40694], old=null RUNNING] size=2
  s4:  RUNNING [
   FOLLOWER s4@group-FEE41E240123:t0, leader=null, voted=null, raftlog=s4@group-FEE41E240123-SegmentedRaftLog:OPENED:c-1,f-1,i0, conf=-1: [], old=null STARTING
  CANDIDATE s4@group-A7C5DBE940E2:t12, leader=null, voted=s4, raftlog=s4@group-A7C5DBE940E2-SegmentedRaftLog:OPENED:c-1,f-1,i0, conf=-1: [s3:0.0.0.0:38312, s4:0.0.0.0:41737, s0:0.0.0.0:41019, s1:0.0.0.0:38816, s2:0.0.0.0:40694], old=null RUNNING] size=2
  s0:  RUNNING [
   FOLLOWER s0@group-FEE41E240123:t0, leader=null, voted=null, raftlog=s0@group-FEE41E240123-SegmentedRaftLog:OPENED:c-1,f-1,i0, conf=-1: [], old=null STARTING
  CANDIDATE s0@group-A7C5DBE940E2:t12, leader=null, voted=s0, raftlog=s0@group-A7C5DBE940E2-SegmentedRaftLog:OPENED:c-1,f-1,i0, conf=-1: [s3:0.0.0.0:38312, s4:0.0.0.0:41737, s0:0.0.0.0:41019, s1:0.0.0.0:38816, s2:0.0.0.0:40694], old=null RUNNING] size=2
  s1:  RUNNING [
   FOLLOWER s1@group-FEE41E240123:t0, leader=null, voted=null, raftlog=s1@group-FEE41E240123-SegmentedRaftLog:OPENED:c-1,f-1,i0, conf=-1: [], old=null STARTING
  CANDIDATE s1@group-A7C5DBE940E2:t12, leader=null, voted=s1, raftlog=s1@group-A7C5DBE940E2-SegmentedRaftLog:OPENED:c-1,f-1,i0, conf=-1: [s3:0.0.0.0:38312, s4:0.0.0.0:41737, s0:0.0.0.0:41019, s1:0.0.0.0:38816, s2:0.0.0.0:40694], old=null RUNNING] size=2
  s2:  RUNNING [
   FOLLOWER s2@group-FEE41E240123:t0, leader=null, voted=null, raftlog=s2@group-FEE41E240123-SegmentedRaftLog:OPENED:c-1,f-1,i0, conf=-1: [], old=null STARTING
  CANDIDATE s2@group-A7C5DBE940E2:t12, leader=null, voted=s2, raftlog=s2@group-A7C5DBE940E2-SegmentedRaftLog:OPENED:c-1,f-1,i0, conf=-1: [s3:0.0.0.0:38312, s4:0.0.0.0:41737, s0:0.0.0.0:41019, s1:0.0.0.0:38816, s2:0.0.0.0:40694], old=null RUNNING] size=2, sleep 450ms and then retry.
java.lang.IllegalStateException: No leader yet  for group-A7C5DBE940E2: printing group-A7C5DBE940E2
  s3:  RUNNING [
   FOLLOWER s3@group-FEE41E240123:t0, leader=null, voted=null, raftlog=s3@group-FEE41E240123-SegmentedRaftLog:OPENED:c-1,f-1,i0, conf=-1: [], old=null STARTING
  CANDIDATE s3@group-A7C5DBE940E2:t12, leader=null, voted=s3, raftlog=s3@group-A7C5DBE940E2-SegmentedRaftLog:OPENED:c-1,f-1,i0, conf=-1: [s3:0.0.0.0:38312, s4:0.0.0.0:41737, s0:0.0.0.0:41019, s1:0.0.0.0:38816, s2:0.0.0.0:40694], old=null RUNNING] size=2
  s4:  RUNNING [
   FOLLOWER s4@group-FEE41E240123:t0, leader=null, voted=null, raftlog=s4@group-FEE41E240123-SegmentedRaftLog:OPENED:c-1,f-1,i0, conf=-1: [], old=null STARTING
  CANDIDATE s4@group-A7C5DBE940E2:t12, leader=null, voted=s4, raftlog=s4@group-A7C5DBE940E2-SegmentedRaftLog:OPENED:c-1,f-1,i0, conf=-1: [s3:0.0.0.0:38312, s4:0.0.0.0:41737, s0:0.0.0.0:41019, s1:0.0.0.0:38816, s2:0.0.0.0:40694], old=null RUNNING] size=2
  s0:  RUNNING [
   FOLLOWER s0@group-FEE41E240123:t0, leader=null, voted=null, raftlog=s0@group-FEE41E240123-SegmentedRaftLog:OPENED:c-1,f-1,i0, conf=-1: [], old=null STARTING
  CANDIDATE s0@group-A7C5DBE940E2:t12, leader=null, voted=s0, raftlog=s0@group-A7C5DBE940E2-SegmentedRaftLog:OPENED:c-1,f-1,i0, conf=-1: [s3:0.0.0.0:38312, s4:0.0.0.0:41737, s0:0.0.0.0:41019, s1:0.0.0.0:38816, s2:0.0.0.0:40694], old=null RUNNING] size=2
  s1:  RUNNING [
   FOLLOWER s1@group-FEE41E240123:t0, leader=null, voted=null, raftlog=s1@group-FEE41E240123-SegmentedRaftLog:OPENED:c-1,f-1,i0, conf=-1: [], old=null STARTING
  CANDIDATE s1@group-A7C5DBE940E2:t12, leader=null, voted=s1, raftlog=s1@group-A7C5DBE940E2-SegmentedRaftLog:OPENED:c-1,f-1,i0, conf=-1: [s3:0.0.0.0:38312, s4:0.0.0.0:41737, s0:0.0.0.0:41019, s1:0.0.0.0:38816, s2:0.0.0.0:40694], old=null RUNNING] size=2
  s2:  RUNNING [
   FOLLOWER s2@group-FEE41E240123:t0, leader=null, voted=null, raftlog=s2@group-FEE41E240123-SegmentedRaftLog:OPENED:c-1,f-1,i0, conf=-1: [], old=null STARTING
  CANDIDATE s2@group-A7C5DBE940E2:t12, leader=null, voted=s2, raftlog=s2@group-A7C5DBE940E2-SegmentedRaftLog:OPENED:c-1,f-1,i0, conf=-1: [s3:0.0.0.0:38312, s4:0.0.0.0:41737, s0:0.0.0.0:41019, s1:0.0.0.0:38816, s2:0.0.0.0:40694], old=null RUNNING] size=2
	at org.apache.ratis.MiniRaftCluster.newIllegalStateExceptionForNoLeaders(MiniRaftCluster.java:506)
	at org.apache.ratis.RaftTestUtil.lambda$waitForLeader$1(RaftTestUtil.java:90)
	at org.apache.ratis.MiniRaftCluster.getLeader(MiniRaftCluster.java:539)
	at org.apache.ratis.MiniRaftCluster.getLeader(MiniRaftCluster.java:532)
	at org.apache.ratis.RaftTestUtil.lambda$waitForLeader$3(RaftTestUtil.java:98)
	at org.apache.ratis.util.JavaUtils.attempt(JavaUtils.java:152)
	at org.apache.ratis.RaftTestUtil.waitForLeader(RaftTestUtil.java:97)
	at org.apache.ratis.RaftTestUtil.waitForLeader(RaftTestUtil.java:77)
	at org.apache.ratis.server.impl.GroupManagementBaseTest.runMultiGroupTest(GroupManagementBaseTest.java:175)
	at org.apache.ratis.server.impl.GroupManagementBaseTest.runMultiGroupTest(GroupManagementBaseTest.java:126)
	at org.apache.ratis.server.impl.GroupManagementBaseTest.testMultiGroup9Nodes(GroupManagementBaseTest.java:121)
	at sun.reflect.NativeMethodAccessorImpl.invoke0(Native Method)
	at sun.reflect.NativeMethodAccessorImpl.invoke(NativeMethodAccessorImpl.java:62)
	at sun.reflect.DelegatingMethodAccessorImpl.invoke(DelegatingMethodAccessorImpl.java:43)
	at java.lang.reflect.Method.invoke(Method.java:498)
	at org.junit.runners.model.FrameworkMethod$1.runReflectiveCall(FrameworkMethod.java:50)
	at org.junit.internal.runners.model.ReflectiveCallable.run(ReflectiveCallable.java:12)
	at org.junit.runners.model.FrameworkMethod.invokeExplosively(FrameworkMethod.java:47)
	at org.junit.internal.runners.statements.InvokeMethod.evaluate(InvokeMethod.java:17)
	at org.junit.internal.runners.statements.RunAfters.evaluate(RunAfters.java:27)
	at org.junit.internal.runners.statements.FailOnTimeout$CallableStatement.call(FailOnTimeout.java:298)
	at org.junit.internal.runners.statements.FailOnTimeout$CallableStatement.call(FailOnTimeout.java:292)
	at java.util.concurrent.FutureTask.run(FutureTask.java:266)
	at java.lang.Thread.run(Thread.java:748)
2019-09-24 16:48:27,337 WARN  ratis.RaftTestUtil (JavaUtils.java:attempt(158)) - FAILED "waitForLeader-group-A7C5DBE940E2-(expectLeader? true)", attempt #94/100: java.lang.IllegalStateException: No leader yet  for group-A7C5DBE940E2: printing group-A7C5DBE940E2
  s3:  RUNNING [
   FOLLOWER s3@group-FEE41E240123:t0, leader=null, voted=null, raftlog=s3@group-FEE41E240123-SegmentedRaftLog:OPENED:c-1,f-1,i0, conf=-1: [], old=null STARTING
  CANDIDATE s3@group-A7C5DBE940E2:t12, leader=null, voted=s3, raftlog=s3@group-A7C5DBE940E2-SegmentedRaftLog:OPENED:c-1,f-1,i0, conf=-1: [s3:0.0.0.0:38312, s4:0.0.0.0:41737, s0:0.0.0.0:41019, s1:0.0.0.0:38816, s2:0.0.0.0:40694], old=null RUNNING] size=2
  s4:  RUNNING [
   FOLLOWER s4@group-FEE41E240123:t0, leader=null, voted=null, raftlog=s4@group-FEE41E240123-SegmentedRaftLog:OPENED:c-1,f-1,i0, conf=-1: [], old=null STARTING
  CANDIDATE s4@group-A7C5DBE940E2:t12, leader=null, voted=s4, raftlog=s4@group-A7C5DBE940E2-SegmentedRaftLog:OPENED:c-1,f-1,i0, conf=-1: [s3:0.0.0.0:38312, s4:0.0.0.0:41737, s0:0.0.0.0:41019, s1:0.0.0.0:38816, s2:0.0.0.0:40694], old=null RUNNING] size=2
  s0:  RUNNING [
   FOLLOWER s0@group-FEE41E240123:t0, leader=null, voted=null, raftlog=s0@group-FEE41E240123-SegmentedRaftLog:OPENED:c-1,f-1,i0, conf=-1: [], old=null STARTING
  CANDIDATE s0@group-A7C5DBE940E2:t12, leader=null, voted=s0, raftlog=s0@group-A7C5DBE940E2-SegmentedRaftLog:OPENED:c-1,f-1,i0, conf=-1: [s3:0.0.0.0:38312, s4:0.0.0.0:41737, s0:0.0.0.0:41019, s1:0.0.0.0:38816, s2:0.0.0.0:40694], old=null RUNNING] size=2
  s1:  RUNNING [
   FOLLOWER s1@group-FEE41E240123:t0, leader=null, voted=null, raftlog=s1@group-FEE41E240123-SegmentedRaftLog:OPENED:c-1,f-1,i0, conf=-1: [], old=null STARTING
  CANDIDATE s1@group-A7C5DBE940E2:t12, leader=null, voted=s1, raftlog=s1@group-A7C5DBE940E2-SegmentedRaftLog:OPENED:c-1,f-1,i0, conf=-1: [s3:0.0.0.0:38312, s4:0.0.0.0:41737, s0:0.0.0.0:41019, s1:0.0.0.0:38816, s2:0.0.0.0:40694], old=null RUNNING] size=2
  s2:  RUNNING [
   FOLLOWER s2@group-FEE41E240123:t0, leader=null, voted=null, raftlog=s2@group-FEE41E240123-SegmentedRaftLog:OPENED:c-1,f-1,i0, conf=-1: [], old=null STARTING
  CANDIDATE s2@group-A7C5DBE940E2:t12, leader=null, voted=s2, raftlog=s2@group-A7C5DBE940E2-SegmentedRaftLog:OPENED:c-1,f-1,i0, conf=-1: [s3:0.0.0.0:38312, s4:0.0.0.0:41737, s0:0.0.0.0:41019, s1:0.0.0.0:38816, s2:0.0.0.0:40694], old=null RUNNING] size=2, sleep 450ms and then retry.
java.lang.IllegalStateException: No leader yet  for group-A7C5DBE940E2: printing group-A7C5DBE940E2
  s3:  RUNNING [
   FOLLOWER s3@group-FEE41E240123:t0, leader=null, voted=null, raftlog=s3@group-FEE41E240123-SegmentedRaftLog:OPENED:c-1,f-1,i0, conf=-1: [], old=null STARTING
  CANDIDATE s3@group-A7C5DBE940E2:t12, leader=null, voted=s3, raftlog=s3@group-A7C5DBE940E2-SegmentedRaftLog:OPENED:c-1,f-1,i0, conf=-1: [s3:0.0.0.0:38312, s4:0.0.0.0:41737, s0:0.0.0.0:41019, s1:0.0.0.0:38816, s2:0.0.0.0:40694], old=null RUNNING] size=2
  s4:  RUNNING [
   FOLLOWER s4@group-FEE41E240123:t0, leader=null, voted=null, raftlog=s4@group-FEE41E240123-SegmentedRaftLog:OPENED:c-1,f-1,i0, conf=-1: [], old=null STARTING
  CANDIDATE s4@group-A7C5DBE940E2:t12, leader=null, voted=s4, raftlog=s4@group-A7C5DBE940E2-SegmentedRaftLog:OPENED:c-1,f-1,i0, conf=-1: [s3:0.0.0.0:38312, s4:0.0.0.0:41737, s0:0.0.0.0:41019, s1:0.0.0.0:38816, s2:0.0.0.0:40694], old=null RUNNING] size=2
  s0:  RUNNING [
   FOLLOWER s0@group-FEE41E240123:t0, leader=null, voted=null, raftlog=s0@group-FEE41E240123-SegmentedRaftLog:OPENED:c-1,f-1,i0, conf=-1: [], old=null STARTING
  CANDIDATE s0@group-A7C5DBE940E2:t12, leader=null, voted=s0, raftlog=s0@group-A7C5DBE940E2-SegmentedRaftLog:OPENED:c-1,f-1,i0, conf=-1: [s3:0.0.0.0:38312, s4:0.0.0.0:41737, s0:0.0.0.0:41019, s1:0.0.0.0:38816, s2:0.0.0.0:40694], old=null RUNNING] size=2
  s1:  RUNNING [
   FOLLOWER s1@group-FEE41E240123:t0, leader=null, voted=null, raftlog=s1@group-FEE41E240123-SegmentedRaftLog:OPENED:c-1,f-1,i0, conf=-1: [], old=null STARTING
  CANDIDATE s1@group-A7C5DBE940E2:t12, leader=null, voted=s1, raftlog=s1@group-A7C5DBE940E2-SegmentedRaftLog:OPENED:c-1,f-1,i0, conf=-1: [s3:0.0.0.0:38312, s4:0.0.0.0:41737, s0:0.0.0.0:41019, s1:0.0.0.0:38816, s2:0.0.0.0:40694], old=null RUNNING] size=2
  s2:  RUNNING [
   FOLLOWER s2@group-FEE41E240123:t0, leader=null, voted=null, raftlog=s2@group-FEE41E240123-SegmentedRaftLog:OPENED:c-1,f-1,i0, conf=-1: [], old=null STARTING
  CANDIDATE s2@group-A7C5DBE940E2:t12, leader=null, voted=s2, raftlog=s2@group-A7C5DBE940E2-SegmentedRaftLog:OPENED:c-1,f-1,i0, conf=-1: [s3:0.0.0.0:38312, s4:0.0.0.0:41737, s0:0.0.0.0:41019, s1:0.0.0.0:38816, s2:0.0.0.0:40694], old=null RUNNING] size=2
	at org.apache.ratis.MiniRaftCluster.newIllegalStateExceptionForNoLeaders(MiniRaftCluster.java:506)
	at org.apache.ratis.RaftTestUtil.lambda$waitForLeader$1(RaftTestUtil.java:90)
	at org.apache.ratis.MiniRaftCluster.getLeader(MiniRaftCluster.java:539)
	at org.apache.ratis.MiniRaftCluster.getLeader(MiniRaftCluster.java:532)
	at org.apache.ratis.RaftTestUtil.lambda$waitForLeader$3(RaftTestUtil.java:98)
	at org.apache.ratis.util.JavaUtils.attempt(JavaUtils.java:152)
	at org.apache.ratis.RaftTestUtil.waitForLeader(RaftTestUtil.java:97)
	at org.apache.ratis.RaftTestUtil.waitForLeader(RaftTestUtil.java:77)
	at org.apache.ratis.server.impl.GroupManagementBaseTest.runMultiGroupTest(GroupManagementBaseTest.java:175)
	at org.apache.ratis.server.impl.GroupManagementBaseTest.runMultiGroupTest(GroupManagementBaseTest.java:126)
	at org.apache.ratis.server.impl.GroupManagementBaseTest.testMultiGroup9Nodes(GroupManagementBaseTest.java:121)
	at sun.reflect.NativeMethodAccessorImpl.invoke0(Native Method)
	at sun.reflect.NativeMethodAccessorImpl.invoke(NativeMethodAccessorImpl.java:62)
	at sun.reflect.DelegatingMethodAccessorImpl.invoke(DelegatingMethodAccessorImpl.java:43)
	at java.lang.reflect.Method.invoke(Method.java:498)
	at org.junit.runners.model.FrameworkMethod$1.runReflectiveCall(FrameworkMethod.java:50)
	at org.junit.internal.runners.model.ReflectiveCallable.run(ReflectiveCallable.java:12)
	at org.junit.runners.model.FrameworkMethod.invokeExplosively(FrameworkMethod.java:47)
	at org.junit.internal.runners.statements.InvokeMethod.evaluate(InvokeMethod.java:17)
	at org.junit.internal.runners.statements.RunAfters.evaluate(RunAfters.java:27)
	at org.junit.internal.runners.statements.FailOnTimeout$CallableStatement.call(FailOnTimeout.java:298)
	at org.junit.internal.runners.statements.FailOnTimeout$CallableStatement.call(FailOnTimeout.java:292)
	at java.util.concurrent.FutureTask.run(FutureTask.java:266)
	at java.lang.Thread.run(Thread.java:748)
2019-09-24 16:48:27,789 WARN  ratis.RaftTestUtil (JavaUtils.java:attempt(158)) - FAILED "waitForLeader-group-A7C5DBE940E2-(expectLeader? true)", attempt #95/100: java.lang.IllegalStateException: No leader yet  for group-A7C5DBE940E2: printing group-A7C5DBE940E2
  s3:  RUNNING [
   FOLLOWER s3@group-FEE41E240123:t0, leader=null, voted=null, raftlog=s3@group-FEE41E240123-SegmentedRaftLog:OPENED:c-1,f-1,i0, conf=-1: [], old=null STARTING
  CANDIDATE s3@group-A7C5DBE940E2:t12, leader=null, voted=s3, raftlog=s3@group-A7C5DBE940E2-SegmentedRaftLog:OPENED:c-1,f-1,i0, conf=-1: [s3:0.0.0.0:38312, s4:0.0.0.0:41737, s0:0.0.0.0:41019, s1:0.0.0.0:38816, s2:0.0.0.0:40694], old=null RUNNING] size=2
  s4:  RUNNING [
   FOLLOWER s4@group-FEE41E240123:t0, leader=null, voted=null, raftlog=s4@group-FEE41E240123-SegmentedRaftLog:OPENED:c-1,f-1,i0, conf=-1: [], old=null STARTING
  CANDIDATE s4@group-A7C5DBE940E2:t12, leader=null, voted=s4, raftlog=s4@group-A7C5DBE940E2-SegmentedRaftLog:OPENED:c-1,f-1,i0, conf=-1: [s3:0.0.0.0:38312, s4:0.0.0.0:41737, s0:0.0.0.0:41019, s1:0.0.0.0:38816, s2:0.0.0.0:40694], old=null RUNNING] size=2
  s0:  RUNNING [
   FOLLOWER s0@group-FEE41E240123:t0, leader=null, voted=null, raftlog=s0@group-FEE41E240123-SegmentedRaftLog:OPENED:c-1,f-1,i0, conf=-1: [], old=null STARTING
  CANDIDATE s0@group-A7C5DBE940E2:t12, leader=null, voted=s0, raftlog=s0@group-A7C5DBE940E2-SegmentedRaftLog:OPENED:c-1,f-1,i0, conf=-1: [s3:0.0.0.0:38312, s4:0.0.0.0:41737, s0:0.0.0.0:41019, s1:0.0.0.0:38816, s2:0.0.0.0:40694], old=null RUNNING] size=2
  s1:  RUNNING [
   FOLLOWER s1@group-FEE41E240123:t0, leader=null, voted=null, raftlog=s1@group-FEE41E240123-SegmentedRaftLog:OPENED:c-1,f-1,i0, conf=-1: [], old=null STARTING
  CANDIDATE s1@group-A7C5DBE940E2:t12, leader=null, voted=s1, raftlog=s1@group-A7C5DBE940E2-SegmentedRaftLog:OPENED:c-1,f-1,i0, conf=-1: [s3:0.0.0.0:38312, s4:0.0.0.0:41737, s0:0.0.0.0:41019, s1:0.0.0.0:38816, s2:0.0.0.0:40694], old=null RUNNING] size=2
  s2:  RUNNING [
   FOLLOWER s2@group-FEE41E240123:t0, leader=null, voted=null, raftlog=s2@group-FEE41E240123-SegmentedRaftLog:OPENED:c-1,f-1,i0, conf=-1: [], old=null STARTING
  CANDIDATE s2@group-A7C5DBE940E2:t12, leader=null, voted=s2, raftlog=s2@group-A7C5DBE940E2-SegmentedRaftLog:OPENED:c-1,f-1,i0, conf=-1: [s3:0.0.0.0:38312, s4:0.0.0.0:41737, s0:0.0.0.0:41019, s1:0.0.0.0:38816, s2:0.0.0.0:40694], old=null RUNNING] size=2, sleep 450ms and then retry.
java.lang.IllegalStateException: No leader yet  for group-A7C5DBE940E2: printing group-A7C5DBE940E2
  s3:  RUNNING [
   FOLLOWER s3@group-FEE41E240123:t0, leader=null, voted=null, raftlog=s3@group-FEE41E240123-SegmentedRaftLog:OPENED:c-1,f-1,i0, conf=-1: [], old=null STARTING
  CANDIDATE s3@group-A7C5DBE940E2:t12, leader=null, voted=s3, raftlog=s3@group-A7C5DBE940E2-SegmentedRaftLog:OPENED:c-1,f-1,i0, conf=-1: [s3:0.0.0.0:38312, s4:0.0.0.0:41737, s0:0.0.0.0:41019, s1:0.0.0.0:38816, s2:0.0.0.0:40694], old=null RUNNING] size=2
  s4:  RUNNING [
   FOLLOWER s4@group-FEE41E240123:t0, leader=null, voted=null, raftlog=s4@group-FEE41E240123-SegmentedRaftLog:OPENED:c-1,f-1,i0, conf=-1: [], old=null STARTING
  CANDIDATE s4@group-A7C5DBE940E2:t12, leader=null, voted=s4, raftlog=s4@group-A7C5DBE940E2-SegmentedRaftLog:OPENED:c-1,f-1,i0, conf=-1: [s3:0.0.0.0:38312, s4:0.0.0.0:41737, s0:0.0.0.0:41019, s1:0.0.0.0:38816, s2:0.0.0.0:40694], old=null RUNNING] size=2
  s0:  RUNNING [
   FOLLOWER s0@group-FEE41E240123:t0, leader=null, voted=null, raftlog=s0@group-FEE41E240123-SegmentedRaftLog:OPENED:c-1,f-1,i0, conf=-1: [], old=null STARTING
  CANDIDATE s0@group-A7C5DBE940E2:t12, leader=null, voted=s0, raftlog=s0@group-A7C5DBE940E2-SegmentedRaftLog:OPENED:c-1,f-1,i0, conf=-1: [s3:0.0.0.0:38312, s4:0.0.0.0:41737, s0:0.0.0.0:41019, s1:0.0.0.0:38816, s2:0.0.0.0:40694], old=null RUNNING] size=2
  s1:  RUNNING [
   FOLLOWER s1@group-FEE41E240123:t0, leader=null, voted=null, raftlog=s1@group-FEE41E240123-SegmentedRaftLog:OPENED:c-1,f-1,i0, conf=-1: [], old=null STARTING
  CANDIDATE s1@group-A7C5DBE940E2:t12, leader=null, voted=s1, raftlog=s1@group-A7C5DBE940E2-SegmentedRaftLog:OPENED:c-1,f-1,i0, conf=-1: [s3:0.0.0.0:38312, s4:0.0.0.0:41737, s0:0.0.0.0:41019, s1:0.0.0.0:38816, s2:0.0.0.0:40694], old=null RUNNING] size=2
  s2:  RUNNING [
   FOLLOWER s2@group-FEE41E240123:t0, leader=null, voted=null, raftlog=s2@group-FEE41E240123-SegmentedRaftLog:OPENED:c-1,f-1,i0, conf=-1: [], old=null STARTING
  CANDIDATE s2@group-A7C5DBE940E2:t12, leader=null, voted=s2, raftlog=s2@group-A7C5DBE940E2-SegmentedRaftLog:OPENED:c-1,f-1,i0, conf=-1: [s3:0.0.0.0:38312, s4:0.0.0.0:41737, s0:0.0.0.0:41019, s1:0.0.0.0:38816, s2:0.0.0.0:40694], old=null RUNNING] size=2
	at org.apache.ratis.MiniRaftCluster.newIllegalStateExceptionForNoLeaders(MiniRaftCluster.java:506)
	at org.apache.ratis.RaftTestUtil.lambda$waitForLeader$1(RaftTestUtil.java:90)
	at org.apache.ratis.MiniRaftCluster.getLeader(MiniRaftCluster.java:539)
	at org.apache.ratis.MiniRaftCluster.getLeader(MiniRaftCluster.java:532)
	at org.apache.ratis.RaftTestUtil.lambda$waitForLeader$3(RaftTestUtil.java:98)
	at org.apache.ratis.util.JavaUtils.attempt(JavaUtils.java:152)
	at org.apache.ratis.RaftTestUtil.waitForLeader(RaftTestUtil.java:97)
	at org.apache.ratis.RaftTestUtil.waitForLeader(RaftTestUtil.java:77)
	at org.apache.ratis.server.impl.GroupManagementBaseTest.runMultiGroupTest(GroupManagementBaseTest.java:175)
	at org.apache.ratis.server.impl.GroupManagementBaseTest.runMultiGroupTest(GroupManagementBaseTest.java:126)
	at org.apache.ratis.server.impl.GroupManagementBaseTest.testMultiGroup9Nodes(GroupManagementBaseTest.java:121)
	at sun.reflect.NativeMethodAccessorImpl.invoke0(Native Method)
	at sun.reflect.NativeMethodAccessorImpl.invoke(NativeMethodAccessorImpl.java:62)
	at sun.reflect.DelegatingMethodAccessorImpl.invoke(DelegatingMethodAccessorImpl.java:43)
	at java.lang.reflect.Method.invoke(Method.java:498)
	at org.junit.runners.model.FrameworkMethod$1.runReflectiveCall(FrameworkMethod.java:50)
	at org.junit.internal.runners.model.ReflectiveCallable.run(ReflectiveCallable.java:12)
	at org.junit.runners.model.FrameworkMethod.invokeExplosively(FrameworkMethod.java:47)
	at org.junit.internal.runners.statements.InvokeMethod.evaluate(InvokeMethod.java:17)
	at org.junit.internal.runners.statements.RunAfters.evaluate(RunAfters.java:27)
	at org.junit.internal.runners.statements.FailOnTimeout$CallableStatement.call(FailOnTimeout.java:298)
	at org.junit.internal.runners.statements.FailOnTimeout$CallableStatement.call(FailOnTimeout.java:292)
	at java.util.concurrent.FutureTask.run(FutureTask.java:266)
	at java.lang.Thread.run(Thread.java:748)
2019-09-24 16:48:28,241 WARN  ratis.RaftTestUtil (JavaUtils.java:attempt(158)) - FAILED "waitForLeader-group-A7C5DBE940E2-(expectLeader? true)", attempt #96/100: java.lang.IllegalStateException: No leader yet  for group-A7C5DBE940E2: printing group-A7C5DBE940E2
  s3:  RUNNING [
   FOLLOWER s3@group-FEE41E240123:t0, leader=null, voted=null, raftlog=s3@group-FEE41E240123-SegmentedRaftLog:OPENED:c-1,f-1,i0, conf=-1: [], old=null STARTING
  CANDIDATE s3@group-A7C5DBE940E2:t12, leader=null, voted=s3, raftlog=s3@group-A7C5DBE940E2-SegmentedRaftLog:OPENED:c-1,f-1,i0, conf=-1: [s3:0.0.0.0:38312, s4:0.0.0.0:41737, s0:0.0.0.0:41019, s1:0.0.0.0:38816, s2:0.0.0.0:40694], old=null RUNNING] size=2
  s4:  RUNNING [
   FOLLOWER s4@group-FEE41E240123:t0, leader=null, voted=null, raftlog=s4@group-FEE41E240123-SegmentedRaftLog:OPENED:c-1,f-1,i0, conf=-1: [], old=null STARTING
  CANDIDATE s4@group-A7C5DBE940E2:t12, leader=null, voted=s4, raftlog=s4@group-A7C5DBE940E2-SegmentedRaftLog:OPENED:c-1,f-1,i0, conf=-1: [s3:0.0.0.0:38312, s4:0.0.0.0:41737, s0:0.0.0.0:41019, s1:0.0.0.0:38816, s2:0.0.0.0:40694], old=null RUNNING] size=2
  s0:  RUNNING [
   FOLLOWER s0@group-FEE41E240123:t0, leader=null, voted=null, raftlog=s0@group-FEE41E240123-SegmentedRaftLog:OPENED:c-1,f-1,i0, conf=-1: [], old=null STARTING
  CANDIDATE s0@group-A7C5DBE940E2:t12, leader=null, voted=s0, raftlog=s0@group-A7C5DBE940E2-SegmentedRaftLog:OPENED:c-1,f-1,i0, conf=-1: [s3:0.0.0.0:38312, s4:0.0.0.0:41737, s0:0.0.0.0:41019, s1:0.0.0.0:38816, s2:0.0.0.0:40694], old=null RUNNING] size=2
  s1:  RUNNING [
   FOLLOWER s1@group-FEE41E240123:t0, leader=null, voted=null, raftlog=s1@group-FEE41E240123-SegmentedRaftLog:OPENED:c-1,f-1,i0, conf=-1: [], old=null STARTING
  CANDIDATE s1@group-A7C5DBE940E2:t12, leader=null, voted=s1, raftlog=s1@group-A7C5DBE940E2-SegmentedRaftLog:OPENED:c-1,f-1,i0, conf=-1: [s3:0.0.0.0:38312, s4:0.0.0.0:41737, s0:0.0.0.0:41019, s1:0.0.0.0:38816, s2:0.0.0.0:40694], old=null RUNNING] size=2
  s2:  RUNNING [
   FOLLOWER s2@group-FEE41E240123:t0, leader=null, voted=null, raftlog=s2@group-FEE41E240123-SegmentedRaftLog:OPENED:c-1,f-1,i0, conf=-1: [], old=null STARTING
  CANDIDATE s2@group-A7C5DBE940E2:t12, leader=null, voted=s2, raftlog=s2@group-A7C5DBE940E2-SegmentedRaftLog:OPENED:c-1,f-1,i0, conf=-1: [s3:0.0.0.0:38312, s4:0.0.0.0:41737, s0:0.0.0.0:41019, s1:0.0.0.0:38816, s2:0.0.0.0:40694], old=null RUNNING] size=2, sleep 450ms and then retry.
java.lang.IllegalStateException: No leader yet  for group-A7C5DBE940E2: printing group-A7C5DBE940E2
  s3:  RUNNING [
   FOLLOWER s3@group-FEE41E240123:t0, leader=null, voted=null, raftlog=s3@group-FEE41E240123-SegmentedRaftLog:OPENED:c-1,f-1,i0, conf=-1: [], old=null STARTING
  CANDIDATE s3@group-A7C5DBE940E2:t12, leader=null, voted=s3, raftlog=s3@group-A7C5DBE940E2-SegmentedRaftLog:OPENED:c-1,f-1,i0, conf=-1: [s3:0.0.0.0:38312, s4:0.0.0.0:41737, s0:0.0.0.0:41019, s1:0.0.0.0:38816, s2:0.0.0.0:40694], old=null RUNNING] size=2
  s4:  RUNNING [
   FOLLOWER s4@group-FEE41E240123:t0, leader=null, voted=null, raftlog=s4@group-FEE41E240123-SegmentedRaftLog:OPENED:c-1,f-1,i0, conf=-1: [], old=null STARTING
  CANDIDATE s4@group-A7C5DBE940E2:t12, leader=null, voted=s4, raftlog=s4@group-A7C5DBE940E2-SegmentedRaftLog:OPENED:c-1,f-1,i0, conf=-1: [s3:0.0.0.0:38312, s4:0.0.0.0:41737, s0:0.0.0.0:41019, s1:0.0.0.0:38816, s2:0.0.0.0:40694], old=null RUNNING] size=2
  s0:  RUNNING [
   FOLLOWER s0@group-FEE41E240123:t0, leader=null, voted=null, raftlog=s0@group-FEE41E240123-SegmentedRaftLog:OPENED:c-1,f-1,i0, conf=-1: [], old=null STARTING
  CANDIDATE s0@group-A7C5DBE940E2:t12, leader=null, voted=s0, raftlog=s0@group-A7C5DBE940E2-SegmentedRaftLog:OPENED:c-1,f-1,i0, conf=-1: [s3:0.0.0.0:38312, s4:0.0.0.0:41737, s0:0.0.0.0:41019, s1:0.0.0.0:38816, s2:0.0.0.0:40694], old=null RUNNING] size=2
  s1:  RUNNING [
   FOLLOWER s1@group-FEE41E240123:t0, leader=null, voted=null, raftlog=s1@group-FEE41E240123-SegmentedRaftLog:OPENED:c-1,f-1,i0, conf=-1: [], old=null STARTING
  CANDIDATE s1@group-A7C5DBE940E2:t12, leader=null, voted=s1, raftlog=s1@group-A7C5DBE940E2-SegmentedRaftLog:OPENED:c-1,f-1,i0, conf=-1: [s3:0.0.0.0:38312, s4:0.0.0.0:41737, s0:0.0.0.0:41019, s1:0.0.0.0:38816, s2:0.0.0.0:40694], old=null RUNNING] size=2
  s2:  RUNNING [
   FOLLOWER s2@group-FEE41E240123:t0, leader=null, voted=null, raftlog=s2@group-FEE41E240123-SegmentedRaftLog:OPENED:c-1,f-1,i0, conf=-1: [], old=null STARTING
  CANDIDATE s2@group-A7C5DBE940E2:t12, leader=null, voted=s2, raftlog=s2@group-A7C5DBE940E2-SegmentedRaftLog:OPENED:c-1,f-1,i0, conf=-1: [s3:0.0.0.0:38312, s4:0.0.0.0:41737, s0:0.0.0.0:41019, s1:0.0.0.0:38816, s2:0.0.0.0:40694], old=null RUNNING] size=2
	at org.apache.ratis.MiniRaftCluster.newIllegalStateExceptionForNoLeaders(MiniRaftCluster.java:506)
	at org.apache.ratis.RaftTestUtil.lambda$waitForLeader$1(RaftTestUtil.java:90)
	at org.apache.ratis.MiniRaftCluster.getLeader(MiniRaftCluster.java:539)
	at org.apache.ratis.MiniRaftCluster.getLeader(MiniRaftCluster.java:532)
	at org.apache.ratis.RaftTestUtil.lambda$waitForLeader$3(RaftTestUtil.java:98)
	at org.apache.ratis.util.JavaUtils.attempt(JavaUtils.java:152)
	at org.apache.ratis.RaftTestUtil.waitForLeader(RaftTestUtil.java:97)
	at org.apache.ratis.RaftTestUtil.waitForLeader(RaftTestUtil.java:77)
	at org.apache.ratis.server.impl.GroupManagementBaseTest.runMultiGroupTest(GroupManagementBaseTest.java:175)
	at org.apache.ratis.server.impl.GroupManagementBaseTest.runMultiGroupTest(GroupManagementBaseTest.java:126)
	at org.apache.ratis.server.impl.GroupManagementBaseTest.testMultiGroup9Nodes(GroupManagementBaseTest.java:121)
	at sun.reflect.NativeMethodAccessorImpl.invoke0(Native Method)
	at sun.reflect.NativeMethodAccessorImpl.invoke(NativeMethodAccessorImpl.java:62)
	at sun.reflect.DelegatingMethodAccessorImpl.invoke(DelegatingMethodAccessorImpl.java:43)
	at java.lang.reflect.Method.invoke(Method.java:498)
	at org.junit.runners.model.FrameworkMethod$1.runReflectiveCall(FrameworkMethod.java:50)
	at org.junit.internal.runners.model.ReflectiveCallable.run(ReflectiveCallable.java:12)
	at org.junit.runners.model.FrameworkMethod.invokeExplosively(FrameworkMethod.java:47)
	at org.junit.internal.runners.statements.InvokeMethod.evaluate(InvokeMethod.java:17)
	at org.junit.internal.runners.statements.RunAfters.evaluate(RunAfters.java:27)
	at org.junit.internal.runners.statements.FailOnTimeout$CallableStatement.call(FailOnTimeout.java:298)
	at org.junit.internal.runners.statements.FailOnTimeout$CallableStatement.call(FailOnTimeout.java:292)
	at java.util.concurrent.FutureTask.run(FutureTask.java:266)
	at java.lang.Thread.run(Thread.java:748)
2019-09-24 16:48:28,692 WARN  ratis.RaftTestUtil (JavaUtils.java:attempt(158)) - FAILED "waitForLeader-group-A7C5DBE940E2-(expectLeader? true)", attempt #97/100: java.lang.IllegalStateException: No leader yet  for group-A7C5DBE940E2: printing group-A7C5DBE940E2
  s3:  RUNNING [
   FOLLOWER s3@group-FEE41E240123:t0, leader=null, voted=null, raftlog=s3@group-FEE41E240123-SegmentedRaftLog:OPENED:c-1,f-1,i0, conf=-1: [], old=null STARTING
  CANDIDATE s3@group-A7C5DBE940E2:t12, leader=null, voted=s3, raftlog=s3@group-A7C5DBE940E2-SegmentedRaftLog:OPENED:c-1,f-1,i0, conf=-1: [s3:0.0.0.0:38312, s4:0.0.0.0:41737, s0:0.0.0.0:41019, s1:0.0.0.0:38816, s2:0.0.0.0:40694], old=null RUNNING] size=2
  s4:  RUNNING [
   FOLLOWER s4@group-FEE41E240123:t0, leader=null, voted=null, raftlog=s4@group-FEE41E240123-SegmentedRaftLog:OPENED:c-1,f-1,i0, conf=-1: [], old=null STARTING
  CANDIDATE s4@group-A7C5DBE940E2:t12, leader=null, voted=s4, raftlog=s4@group-A7C5DBE940E2-SegmentedRaftLog:OPENED:c-1,f-1,i0, conf=-1: [s3:0.0.0.0:38312, s4:0.0.0.0:41737, s0:0.0.0.0:41019, s1:0.0.0.0:38816, s2:0.0.0.0:40694], old=null RUNNING] size=2
  s0:  RUNNING [
   FOLLOWER s0@group-FEE41E240123:t0, leader=null, voted=null, raftlog=s0@group-FEE41E240123-SegmentedRaftLog:OPENED:c-1,f-1,i0, conf=-1: [], old=null STARTING
  CANDIDATE s0@group-A7C5DBE940E2:t12, leader=null, voted=s0, raftlog=s0@group-A7C5DBE940E2-SegmentedRaftLog:OPENED:c-1,f-1,i0, conf=-1: [s3:0.0.0.0:38312, s4:0.0.0.0:41737, s0:0.0.0.0:41019, s1:0.0.0.0:38816, s2:0.0.0.0:40694], old=null RUNNING] size=2
  s1:  RUNNING [
   FOLLOWER s1@group-FEE41E240123:t0, leader=null, voted=null, raftlog=s1@group-FEE41E240123-SegmentedRaftLog:OPENED:c-1,f-1,i0, conf=-1: [], old=null STARTING
  CANDIDATE s1@group-A7C5DBE940E2:t12, leader=null, voted=s1, raftlog=s1@group-A7C5DBE940E2-SegmentedRaftLog:OPENED:c-1,f-1,i0, conf=-1: [s3:0.0.0.0:38312, s4:0.0.0.0:41737, s0:0.0.0.0:41019, s1:0.0.0.0:38816, s2:0.0.0.0:40694], old=null RUNNING] size=2
  s2:  RUNNING [
   FOLLOWER s2@group-FEE41E240123:t0, leader=null, voted=null, raftlog=s2@group-FEE41E240123-SegmentedRaftLog:OPENED:c-1,f-1,i0, conf=-1: [], old=null STARTING
  CANDIDATE s2@group-A7C5DBE940E2:t12, leader=null, voted=s2, raftlog=s2@group-A7C5DBE940E2-SegmentedRaftLog:OPENED:c-1,f-1,i0, conf=-1: [s3:0.0.0.0:38312, s4:0.0.0.0:41737, s0:0.0.0.0:41019, s1:0.0.0.0:38816, s2:0.0.0.0:40694], old=null RUNNING] size=2, sleep 450ms and then retry.
java.lang.IllegalStateException: No leader yet  for group-A7C5DBE940E2: printing group-A7C5DBE940E2
  s3:  RUNNING [
   FOLLOWER s3@group-FEE41E240123:t0, leader=null, voted=null, raftlog=s3@group-FEE41E240123-SegmentedRaftLog:OPENED:c-1,f-1,i0, conf=-1: [], old=null STARTING
  CANDIDATE s3@group-A7C5DBE940E2:t12, leader=null, voted=s3, raftlog=s3@group-A7C5DBE940E2-SegmentedRaftLog:OPENED:c-1,f-1,i0, conf=-1: [s3:0.0.0.0:38312, s4:0.0.0.0:41737, s0:0.0.0.0:41019, s1:0.0.0.0:38816, s2:0.0.0.0:40694], old=null RUNNING] size=2
  s4:  RUNNING [
   FOLLOWER s4@group-FEE41E240123:t0, leader=null, voted=null, raftlog=s4@group-FEE41E240123-SegmentedRaftLog:OPENED:c-1,f-1,i0, conf=-1: [], old=null STARTING
  CANDIDATE s4@group-A7C5DBE940E2:t12, leader=null, voted=s4, raftlog=s4@group-A7C5DBE940E2-SegmentedRaftLog:OPENED:c-1,f-1,i0, conf=-1: [s3:0.0.0.0:38312, s4:0.0.0.0:41737, s0:0.0.0.0:41019, s1:0.0.0.0:38816, s2:0.0.0.0:40694], old=null RUNNING] size=2
  s0:  RUNNING [
   FOLLOWER s0@group-FEE41E240123:t0, leader=null, voted=null, raftlog=s0@group-FEE41E240123-SegmentedRaftLog:OPENED:c-1,f-1,i0, conf=-1: [], old=null STARTING
  CANDIDATE s0@group-A7C5DBE940E2:t12, leader=null, voted=s0, raftlog=s0@group-A7C5DBE940E2-SegmentedRaftLog:OPENED:c-1,f-1,i0, conf=-1: [s3:0.0.0.0:38312, s4:0.0.0.0:41737, s0:0.0.0.0:41019, s1:0.0.0.0:38816, s2:0.0.0.0:40694], old=null RUNNING] size=2
  s1:  RUNNING [
   FOLLOWER s1@group-FEE41E240123:t0, leader=null, voted=null, raftlog=s1@group-FEE41E240123-SegmentedRaftLog:OPENED:c-1,f-1,i0, conf=-1: [], old=null STARTING
  CANDIDATE s1@group-A7C5DBE940E2:t12, leader=null, voted=s1, raftlog=s1@group-A7C5DBE940E2-SegmentedRaftLog:OPENED:c-1,f-1,i0, conf=-1: [s3:0.0.0.0:38312, s4:0.0.0.0:41737, s0:0.0.0.0:41019, s1:0.0.0.0:38816, s2:0.0.0.0:40694], old=null RUNNING] size=2
  s2:  RUNNING [
   FOLLOWER s2@group-FEE41E240123:t0, leader=null, voted=null, raftlog=s2@group-FEE41E240123-SegmentedRaftLog:OPENED:c-1,f-1,i0, conf=-1: [], old=null STARTING
  CANDIDATE s2@group-A7C5DBE940E2:t12, leader=null, voted=s2, raftlog=s2@group-A7C5DBE940E2-SegmentedRaftLog:OPENED:c-1,f-1,i0, conf=-1: [s3:0.0.0.0:38312, s4:0.0.0.0:41737, s0:0.0.0.0:41019, s1:0.0.0.0:38816, s2:0.0.0.0:40694], old=null RUNNING] size=2
	at org.apache.ratis.MiniRaftCluster.newIllegalStateExceptionForNoLeaders(MiniRaftCluster.java:506)
	at org.apache.ratis.RaftTestUtil.lambda$waitForLeader$1(RaftTestUtil.java:90)
	at org.apache.ratis.MiniRaftCluster.getLeader(MiniRaftCluster.java:539)
	at org.apache.ratis.MiniRaftCluster.getLeader(MiniRaftCluster.java:532)
	at org.apache.ratis.RaftTestUtil.lambda$waitForLeader$3(RaftTestUtil.java:98)
	at org.apache.ratis.util.JavaUtils.attempt(JavaUtils.java:152)
	at org.apache.ratis.RaftTestUtil.waitForLeader(RaftTestUtil.java:97)
	at org.apache.ratis.RaftTestUtil.waitForLeader(RaftTestUtil.java:77)
	at org.apache.ratis.server.impl.GroupManagementBaseTest.runMultiGroupTest(GroupManagementBaseTest.java:175)
	at org.apache.ratis.server.impl.GroupManagementBaseTest.runMultiGroupTest(GroupManagementBaseTest.java:126)
	at org.apache.ratis.server.impl.GroupManagementBaseTest.testMultiGroup9Nodes(GroupManagementBaseTest.java:121)
	at sun.reflect.NativeMethodAccessorImpl.invoke0(Native Method)
	at sun.reflect.NativeMethodAccessorImpl.invoke(NativeMethodAccessorImpl.java:62)
	at sun.reflect.DelegatingMethodAccessorImpl.invoke(DelegatingMethodAccessorImpl.java:43)
	at java.lang.reflect.Method.invoke(Method.java:498)
	at org.junit.runners.model.FrameworkMethod$1.runReflectiveCall(FrameworkMethod.java:50)
	at org.junit.internal.runners.model.ReflectiveCallable.run(ReflectiveCallable.java:12)
	at org.junit.runners.model.FrameworkMethod.invokeExplosively(FrameworkMethod.java:47)
	at org.junit.internal.runners.statements.InvokeMethod.evaluate(InvokeMethod.java:17)
	at org.junit.internal.runners.statements.RunAfters.evaluate(RunAfters.java:27)
	at org.junit.internal.runners.statements.FailOnTimeout$CallableStatement.call(FailOnTimeout.java:298)
	at org.junit.internal.runners.statements.FailOnTimeout$CallableStatement.call(FailOnTimeout.java:292)
	at java.util.concurrent.FutureTask.run(FutureTask.java:266)
	at java.lang.Thread.run(Thread.java:748)
2019-09-24 16:48:29,144 WARN  ratis.RaftTestUtil (JavaUtils.java:attempt(158)) - FAILED "waitForLeader-group-A7C5DBE940E2-(expectLeader? true)", attempt #98/100: java.lang.IllegalStateException: No leader yet  for group-A7C5DBE940E2: printing group-A7C5DBE940E2
  s3:  RUNNING [
   FOLLOWER s3@group-FEE41E240123:t0, leader=null, voted=null, raftlog=s3@group-FEE41E240123-SegmentedRaftLog:OPENED:c-1,f-1,i0, conf=-1: [], old=null STARTING
  CANDIDATE s3@group-A7C5DBE940E2:t12, leader=null, voted=s3, raftlog=s3@group-A7C5DBE940E2-SegmentedRaftLog:OPENED:c-1,f-1,i0, conf=-1: [s3:0.0.0.0:38312, s4:0.0.0.0:41737, s0:0.0.0.0:41019, s1:0.0.0.0:38816, s2:0.0.0.0:40694], old=null RUNNING] size=2
  s4:  RUNNING [
   FOLLOWER s4@group-FEE41E240123:t0, leader=null, voted=null, raftlog=s4@group-FEE41E240123-SegmentedRaftLog:OPENED:c-1,f-1,i0, conf=-1: [], old=null STARTING
  CANDIDATE s4@group-A7C5DBE940E2:t12, leader=null, voted=s4, raftlog=s4@group-A7C5DBE940E2-SegmentedRaftLog:OPENED:c-1,f-1,i0, conf=-1: [s3:0.0.0.0:38312, s4:0.0.0.0:41737, s0:0.0.0.0:41019, s1:0.0.0.0:38816, s2:0.0.0.0:40694], old=null RUNNING] size=2
  s0:  RUNNING [
   FOLLOWER s0@group-FEE41E240123:t0, leader=null, voted=null, raftlog=s0@group-FEE41E240123-SegmentedRaftLog:OPENED:c-1,f-1,i0, conf=-1: [], old=null STARTING
  CANDIDATE s0@group-A7C5DBE940E2:t12, leader=null, voted=s0, raftlog=s0@group-A7C5DBE940E2-SegmentedRaftLog:OPENED:c-1,f-1,i0, conf=-1: [s3:0.0.0.0:38312, s4:0.0.0.0:41737, s0:0.0.0.0:41019, s1:0.0.0.0:38816, s2:0.0.0.0:40694], old=null RUNNING] size=2
  s1:  RUNNING [
   FOLLOWER s1@group-FEE41E240123:t0, leader=null, voted=null, raftlog=s1@group-FEE41E240123-SegmentedRaftLog:OPENED:c-1,f-1,i0, conf=-1: [], old=null STARTING
  CANDIDATE s1@group-A7C5DBE940E2:t12, leader=null, voted=s1, raftlog=s1@group-A7C5DBE940E2-SegmentedRaftLog:OPENED:c-1,f-1,i0, conf=-1: [s3:0.0.0.0:38312, s4:0.0.0.0:41737, s0:0.0.0.0:41019, s1:0.0.0.0:38816, s2:0.0.0.0:40694], old=null RUNNING] size=2
  s2:  RUNNING [
   FOLLOWER s2@group-FEE41E240123:t0, leader=null, voted=null, raftlog=s2@group-FEE41E240123-SegmentedRaftLog:OPENED:c-1,f-1,i0, conf=-1: [], old=null STARTING
  CANDIDATE s2@group-A7C5DBE940E2:t12, leader=null, voted=s2, raftlog=s2@group-A7C5DBE940E2-SegmentedRaftLog:OPENED:c-1,f-1,i0, conf=-1: [s3:0.0.0.0:38312, s4:0.0.0.0:41737, s0:0.0.0.0:41019, s1:0.0.0.0:38816, s2:0.0.0.0:40694], old=null RUNNING] size=2, sleep 450ms and then retry.
java.lang.IllegalStateException: No leader yet  for group-A7C5DBE940E2: printing group-A7C5DBE940E2
  s3:  RUNNING [
   FOLLOWER s3@group-FEE41E240123:t0, leader=null, voted=null, raftlog=s3@group-FEE41E240123-SegmentedRaftLog:OPENED:c-1,f-1,i0, conf=-1: [], old=null STARTING
  CANDIDATE s3@group-A7C5DBE940E2:t12, leader=null, voted=s3, raftlog=s3@group-A7C5DBE940E2-SegmentedRaftLog:OPENED:c-1,f-1,i0, conf=-1: [s3:0.0.0.0:38312, s4:0.0.0.0:41737, s0:0.0.0.0:41019, s1:0.0.0.0:38816, s2:0.0.0.0:40694], old=null RUNNING] size=2
  s4:  RUNNING [
   FOLLOWER s4@group-FEE41E240123:t0, leader=null, voted=null, raftlog=s4@group-FEE41E240123-SegmentedRaftLog:OPENED:c-1,f-1,i0, conf=-1: [], old=null STARTING
  CANDIDATE s4@group-A7C5DBE940E2:t12, leader=null, voted=s4, raftlog=s4@group-A7C5DBE940E2-SegmentedRaftLog:OPENED:c-1,f-1,i0, conf=-1: [s3:0.0.0.0:38312, s4:0.0.0.0:41737, s0:0.0.0.0:41019, s1:0.0.0.0:38816, s2:0.0.0.0:40694], old=null RUNNING] size=2
  s0:  RUNNING [
   FOLLOWER s0@group-FEE41E240123:t0, leader=null, voted=null, raftlog=s0@group-FEE41E240123-SegmentedRaftLog:OPENED:c-1,f-1,i0, conf=-1: [], old=null STARTING
  CANDIDATE s0@group-A7C5DBE940E2:t12, leader=null, voted=s0, raftlog=s0@group-A7C5DBE940E2-SegmentedRaftLog:OPENED:c-1,f-1,i0, conf=-1: [s3:0.0.0.0:38312, s4:0.0.0.0:41737, s0:0.0.0.0:41019, s1:0.0.0.0:38816, s2:0.0.0.0:40694], old=null RUNNING] size=2
  s1:  RUNNING [
   FOLLOWER s1@group-FEE41E240123:t0, leader=null, voted=null, raftlog=s1@group-FEE41E240123-SegmentedRaftLog:OPENED:c-1,f-1,i0, conf=-1: [], old=null STARTING
  CANDIDATE s1@group-A7C5DBE940E2:t12, leader=null, voted=s1, raftlog=s1@group-A7C5DBE940E2-SegmentedRaftLog:OPENED:c-1,f-1,i0, conf=-1: [s3:0.0.0.0:38312, s4:0.0.0.0:41737, s0:0.0.0.0:41019, s1:0.0.0.0:38816, s2:0.0.0.0:40694], old=null RUNNING] size=2
  s2:  RUNNING [
   FOLLOWER s2@group-FEE41E240123:t0, leader=null, voted=null, raftlog=s2@group-FEE41E240123-SegmentedRaftLog:OPENED:c-1,f-1,i0, conf=-1: [], old=null STARTING
  CANDIDATE s2@group-A7C5DBE940E2:t12, leader=null, voted=s2, raftlog=s2@group-A7C5DBE940E2-SegmentedRaftLog:OPENED:c-1,f-1,i0, conf=-1: [s3:0.0.0.0:38312, s4:0.0.0.0:41737, s0:0.0.0.0:41019, s1:0.0.0.0:38816, s2:0.0.0.0:40694], old=null RUNNING] size=2
	at org.apache.ratis.MiniRaftCluster.newIllegalStateExceptionForNoLeaders(MiniRaftCluster.java:506)
	at org.apache.ratis.RaftTestUtil.lambda$waitForLeader$1(RaftTestUtil.java:90)
	at org.apache.ratis.MiniRaftCluster.getLeader(MiniRaftCluster.java:539)
	at org.apache.ratis.MiniRaftCluster.getLeader(MiniRaftCluster.java:532)
	at org.apache.ratis.RaftTestUtil.lambda$waitForLeader$3(RaftTestUtil.java:98)
	at org.apache.ratis.util.JavaUtils.attempt(JavaUtils.java:152)
	at org.apache.ratis.RaftTestUtil.waitForLeader(RaftTestUtil.java:97)
	at org.apache.ratis.RaftTestUtil.waitForLeader(RaftTestUtil.java:77)
	at org.apache.ratis.server.impl.GroupManagementBaseTest.runMultiGroupTest(GroupManagementBaseTest.java:175)
	at org.apache.ratis.server.impl.GroupManagementBaseTest.runMultiGroupTest(GroupManagementBaseTest.java:126)
	at org.apache.ratis.server.impl.GroupManagementBaseTest.testMultiGroup9Nodes(GroupManagementBaseTest.java:121)
	at sun.reflect.NativeMethodAccessorImpl.invoke0(Native Method)
	at sun.reflect.NativeMethodAccessorImpl.invoke(NativeMethodAccessorImpl.java:62)
	at sun.reflect.DelegatingMethodAccessorImpl.invoke(DelegatingMethodAccessorImpl.java:43)
	at java.lang.reflect.Method.invoke(Method.java:498)
	at org.junit.runners.model.FrameworkMethod$1.runReflectiveCall(FrameworkMethod.java:50)
	at org.junit.internal.runners.model.ReflectiveCallable.run(ReflectiveCallable.java:12)
	at org.junit.runners.model.FrameworkMethod.invokeExplosively(FrameworkMethod.java:47)
	at org.junit.internal.runners.statements.InvokeMethod.evaluate(InvokeMethod.java:17)
	at org.junit.internal.runners.statements.RunAfters.evaluate(RunAfters.java:27)
	at org.junit.internal.runners.statements.FailOnTimeout$CallableStatement.call(FailOnTimeout.java:298)
	at org.junit.internal.runners.statements.FailOnTimeout$CallableStatement.call(FailOnTimeout.java:292)
	at java.util.concurrent.FutureTask.run(FutureTask.java:266)
	at java.lang.Thread.run(Thread.java:748)
2019-09-24 16:48:29,596 WARN  ratis.RaftTestUtil (JavaUtils.java:attempt(158)) - FAILED "waitForLeader-group-A7C5DBE940E2-(expectLeader? true)", attempt #99/100: java.lang.IllegalStateException: No leader yet  for group-A7C5DBE940E2: printing group-A7C5DBE940E2
  s3:  RUNNING [
   FOLLOWER s3@group-FEE41E240123:t0, leader=null, voted=null, raftlog=s3@group-FEE41E240123-SegmentedRaftLog:OPENED:c-1,f-1,i0, conf=-1: [], old=null STARTING
  CANDIDATE s3@group-A7C5DBE940E2:t12, leader=null, voted=s3, raftlog=s3@group-A7C5DBE940E2-SegmentedRaftLog:OPENED:c-1,f-1,i0, conf=-1: [s3:0.0.0.0:38312, s4:0.0.0.0:41737, s0:0.0.0.0:41019, s1:0.0.0.0:38816, s2:0.0.0.0:40694], old=null RUNNING] size=2
  s4:  RUNNING [
   FOLLOWER s4@group-FEE41E240123:t0, leader=null, voted=null, raftlog=s4@group-FEE41E240123-SegmentedRaftLog:OPENED:c-1,f-1,i0, conf=-1: [], old=null STARTING
  CANDIDATE s4@group-A7C5DBE940E2:t12, leader=null, voted=s4, raftlog=s4@group-A7C5DBE940E2-SegmentedRaftLog:OPENED:c-1,f-1,i0, conf=-1: [s3:0.0.0.0:38312, s4:0.0.0.0:41737, s0:0.0.0.0:41019, s1:0.0.0.0:38816, s2:0.0.0.0:40694], old=null RUNNING] size=2
  s0:  RUNNING [
   FOLLOWER s0@group-FEE41E240123:t0, leader=null, voted=null, raftlog=s0@group-FEE41E240123-SegmentedRaftLog:OPENED:c-1,f-1,i0, conf=-1: [], old=null STARTING
  CANDIDATE s0@group-A7C5DBE940E2:t12, leader=null, voted=s0, raftlog=s0@group-A7C5DBE940E2-SegmentedRaftLog:OPENED:c-1,f-1,i0, conf=-1: [s3:0.0.0.0:38312, s4:0.0.0.0:41737, s0:0.0.0.0:41019, s1:0.0.0.0:38816, s2:0.0.0.0:40694], old=null RUNNING] size=2
  s1:  RUNNING [
   FOLLOWER s1@group-FEE41E240123:t0, leader=null, voted=null, raftlog=s1@group-FEE41E240123-SegmentedRaftLog:OPENED:c-1,f-1,i0, conf=-1: [], old=null STARTING
  CANDIDATE s1@group-A7C5DBE940E2:t12, leader=null, voted=s1, raftlog=s1@group-A7C5DBE940E2-SegmentedRaftLog:OPENED:c-1,f-1,i0, conf=-1: [s3:0.0.0.0:38312, s4:0.0.0.0:41737, s0:0.0.0.0:41019, s1:0.0.0.0:38816, s2:0.0.0.0:40694], old=null RUNNING] size=2
  s2:  RUNNING [
   FOLLOWER s2@group-FEE41E240123:t0, leader=null, voted=null, raftlog=s2@group-FEE41E240123-SegmentedRaftLog:OPENED:c-1,f-1,i0, conf=-1: [], old=null STARTING
  CANDIDATE s2@group-A7C5DBE940E2:t12, leader=null, voted=s2, raftlog=s2@group-A7C5DBE940E2-SegmentedRaftLog:OPENED:c-1,f-1,i0, conf=-1: [s3:0.0.0.0:38312, s4:0.0.0.0:41737, s0:0.0.0.0:41019, s1:0.0.0.0:38816, s2:0.0.0.0:40694], old=null RUNNING] size=2, sleep 450ms and then retry.
java.lang.IllegalStateException: No leader yet  for group-A7C5DBE940E2: printing group-A7C5DBE940E2
  s3:  RUNNING [
   FOLLOWER s3@group-FEE41E240123:t0, leader=null, voted=null, raftlog=s3@group-FEE41E240123-SegmentedRaftLog:OPENED:c-1,f-1,i0, conf=-1: [], old=null STARTING
  CANDIDATE s3@group-A7C5DBE940E2:t12, leader=null, voted=s3, raftlog=s3@group-A7C5DBE940E2-SegmentedRaftLog:OPENED:c-1,f-1,i0, conf=-1: [s3:0.0.0.0:38312, s4:0.0.0.0:41737, s0:0.0.0.0:41019, s1:0.0.0.0:38816, s2:0.0.0.0:40694], old=null RUNNING] size=2
  s4:  RUNNING [
   FOLLOWER s4@group-FEE41E240123:t0, leader=null, voted=null, raftlog=s4@group-FEE41E240123-SegmentedRaftLog:OPENED:c-1,f-1,i0, conf=-1: [], old=null STARTING
  CANDIDATE s4@group-A7C5DBE940E2:t12, leader=null, voted=s4, raftlog=s4@group-A7C5DBE940E2-SegmentedRaftLog:OPENED:c-1,f-1,i0, conf=-1: [s3:0.0.0.0:38312, s4:0.0.0.0:41737, s0:0.0.0.0:41019, s1:0.0.0.0:38816, s2:0.0.0.0:40694], old=null RUNNING] size=2
  s0:  RUNNING [
   FOLLOWER s0@group-FEE41E240123:t0, leader=null, voted=null, raftlog=s0@group-FEE41E240123-SegmentedRaftLog:OPENED:c-1,f-1,i0, conf=-1: [], old=null STARTING
  CANDIDATE s0@group-A7C5DBE940E2:t12, leader=null, voted=s0, raftlog=s0@group-A7C5DBE940E2-SegmentedRaftLog:OPENED:c-1,f-1,i0, conf=-1: [s3:0.0.0.0:38312, s4:0.0.0.0:41737, s0:0.0.0.0:41019, s1:0.0.0.0:38816, s2:0.0.0.0:40694], old=null RUNNING] size=2
  s1:  RUNNING [
   FOLLOWER s1@group-FEE41E240123:t0, leader=null, voted=null, raftlog=s1@group-FEE41E240123-SegmentedRaftLog:OPENED:c-1,f-1,i0, conf=-1: [], old=null STARTING
  CANDIDATE s1@group-A7C5DBE940E2:t12, leader=null, voted=s1, raftlog=s1@group-A7C5DBE940E2-SegmentedRaftLog:OPENED:c-1,f-1,i0, conf=-1: [s3:0.0.0.0:38312, s4:0.0.0.0:41737, s0:0.0.0.0:41019, s1:0.0.0.0:38816, s2:0.0.0.0:40694], old=null RUNNING] size=2
  s2:  RUNNING [
   FOLLOWER s2@group-FEE41E240123:t0, leader=null, voted=null, raftlog=s2@group-FEE41E240123-SegmentedRaftLog:OPENED:c-1,f-1,i0, conf=-1: [], old=null STARTING
  CANDIDATE s2@group-A7C5DBE940E2:t12, leader=null, voted=s2, raftlog=s2@group-A7C5DBE940E2-SegmentedRaftLog:OPENED:c-1,f-1,i0, conf=-1: [s3:0.0.0.0:38312, s4:0.0.0.0:41737, s0:0.0.0.0:41019, s1:0.0.0.0:38816, s2:0.0.0.0:40694], old=null RUNNING] size=2
	at org.apache.ratis.MiniRaftCluster.newIllegalStateExceptionForNoLeaders(MiniRaftCluster.java:506)
	at org.apache.ratis.RaftTestUtil.lambda$waitForLeader$1(RaftTestUtil.java:90)
	at org.apache.ratis.MiniRaftCluster.getLeader(MiniRaftCluster.java:539)
	at org.apache.ratis.MiniRaftCluster.getLeader(MiniRaftCluster.java:532)
	at org.apache.ratis.RaftTestUtil.lambda$waitForLeader$3(RaftTestUtil.java:98)
	at org.apache.ratis.util.JavaUtils.attempt(JavaUtils.java:152)
	at org.apache.ratis.RaftTestUtil.waitForLeader(RaftTestUtil.java:97)
	at org.apache.ratis.RaftTestUtil.waitForLeader(RaftTestUtil.java:77)
	at org.apache.ratis.server.impl.GroupManagementBaseTest.runMultiGroupTest(GroupManagementBaseTest.java:175)
	at org.apache.ratis.server.impl.GroupManagementBaseTest.runMultiGroupTest(GroupManagementBaseTest.java:126)
	at org.apache.ratis.server.impl.GroupManagementBaseTest.testMultiGroup9Nodes(GroupManagementBaseTest.java:121)
	at sun.reflect.NativeMethodAccessorImpl.invoke0(Native Method)
	at sun.reflect.NativeMethodAccessorImpl.invoke(NativeMethodAccessorImpl.java:62)
	at sun.reflect.DelegatingMethodAccessorImpl.invoke(DelegatingMethodAccessorImpl.java:43)
	at java.lang.reflect.Method.invoke(Method.java:498)
	at org.junit.runners.model.FrameworkMethod$1.runReflectiveCall(FrameworkMethod.java:50)
	at org.junit.internal.runners.model.ReflectiveCallable.run(ReflectiveCallable.java:12)
	at org.junit.runners.model.FrameworkMethod.invokeExplosively(FrameworkMethod.java:47)
	at org.junit.internal.runners.statements.InvokeMethod.evaluate(InvokeMethod.java:17)
	at org.junit.internal.runners.statements.RunAfters.evaluate(RunAfters.java:27)
	at org.junit.internal.runners.statements.FailOnTimeout$CallableStatement.call(FailOnTimeout.java:298)
	at org.junit.internal.runners.statements.FailOnTimeout$CallableStatement.call(FailOnTimeout.java:292)
	at java.util.concurrent.FutureTask.run(FutureTask.java:266)
	at java.lang.Thread.run(Thread.java:748)
2019-09-24 16:48:29,896 INFO  impl.LeaderElection (LeaderElection.java:askForVotes(178)) - s3@group-A7C5DBE940E2-LeaderElection48: begin an election at term 12 for -1: [s3:0.0.0.0:38312, s4:0.0.0.0:41737, s0:0.0.0.0:41019, s1:0.0.0.0:38816, s2:0.0.0.0:40694], old=null
2019-09-24 16:48:29,897 INFO  impl.LeaderElection (LeaderElection.java:askForVotes(178)) - s4@group-A7C5DBE940E2-LeaderElection49: begin an election at term 12 for -1: [s3:0.0.0.0:38312, s4:0.0.0.0:41737, s0:0.0.0.0:41019, s1:0.0.0.0:38816, s2:0.0.0.0:40694], old=null
2019-09-24 16:48:29,896 INFO  impl.LeaderElection (LeaderElection.java:askForVotes(178)) - s1@group-A7C5DBE940E2-LeaderElection50: begin an election at term 12 for -1: [s3:0.0.0.0:38312, s4:0.0.0.0:41737, s0:0.0.0.0:41019, s1:0.0.0.0:38816, s2:0.0.0.0:40694], old=null
2019-09-24 16:48:29,896 INFO  impl.LeaderElection (LeaderElection.java:askForVotes(178)) - s2@group-A7C5DBE940E2-LeaderElection47: begin an election at term 12 for -1: [s3:0.0.0.0:38312, s4:0.0.0.0:41737, s0:0.0.0.0:41019, s1:0.0.0.0:38816, s2:0.0.0.0:40694], old=null
2019-09-24 16:48:29,896 INFO  impl.LeaderElection (LeaderElection.java:askForVotes(178)) - s0@group-A7C5DBE940E2-LeaderElection46: begin an election at term 12 for -1: [s3:0.0.0.0:38312, s4:0.0.0.0:41737, s0:0.0.0.0:41019, s1:0.0.0.0:38816, s2:0.0.0.0:40694], old=null
2019-09-24 16:48:29,901 DEBUG impl.RaftServerImpl (RaftServerImpl.java:requestVote(743)) - s1@group-A7C5DBE940E2: receive requestVote(s3, group-A7C5DBE940E2, 12, (t:0, i:0))
2019-09-24 16:48:29,902 DEBUG impl.RaftServerImpl (RaftServerImpl.java:requestVote(743)) - s0@group-A7C5DBE940E2: receive requestVote(s4, group-A7C5DBE940E2, 12, (t:0, i:0))
2019-09-24 16:48:29,901 DEBUG impl.RaftServerImpl (RaftServerImpl.java:requestVote(743)) - s3@group-A7C5DBE940E2: receive requestVote(s4, group-A7C5DBE940E2, 12, (t:0, i:0))
2019-09-24 16:48:29,903 DEBUG impl.RaftServerImpl (RaftServerImpl.java:requestVote(743)) - s4@group-A7C5DBE940E2: receive requestVote(s2, group-A7C5DBE940E2, 12, (t:0, i:0))
2019-09-24 16:48:29,901 DEBUG impl.RaftServerImpl (RaftServerImpl.java:requestVote(743)) - s0@group-A7C5DBE940E2: receive requestVote(s3, group-A7C5DBE940E2, 12, (t:0, i:0))
2019-09-24 16:48:29,904 DEBUG impl.RaftServerImpl (RaftServerImpl.java:requestVote(743)) - s1@group-A7C5DBE940E2: receive requestVote(s0, group-A7C5DBE940E2, 12, (t:0, i:0))
2019-09-24 16:48:29,901 DEBUG impl.RaftServerImpl (RaftServerImpl.java:requestVote(743)) - s4@group-A7C5DBE940E2: receive requestVote(s3, group-A7C5DBE940E2, 12, (t:0, i:0))
2019-09-24 16:48:29,901 DEBUG impl.RaftServerImpl (RaftServerImpl.java:requestVote(743)) - s3@group-A7C5DBE940E2: receive requestVote(s2, group-A7C5DBE940E2, 12, (t:0, i:0))
2019-09-24 16:48:29,905 DEBUG impl.RaftServerImpl (RaftServerImpl.java:requestVote(743)) - s2@group-A7C5DBE940E2: receive requestVote(s4, group-A7C5DBE940E2, 12, (t:0, i:0))
2019-09-24 16:48:29,901 DEBUG impl.RaftServerImpl (RaftServerImpl.java:requestVote(743)) - s3@group-A7C5DBE940E2: receive requestVote(s1, group-A7C5DBE940E2, 12, (t:0, i:0))
2019-09-24 16:48:29,905 DEBUG impl.RaftServerImpl (RaftServerImpl.java:requestVote(775)) - s2@group-A7C5DBE940E2 replies to vote request: s4<-s2#0:FAIL-t12. Peer's state: s2@group-A7C5DBE940E2:t12, leader=null, voted=s2, raftlog=s2@group-A7C5DBE940E2-SegmentedRaftLog:OPENED:c-1,f-1,i0, conf=-1: [s3:0.0.0.0:38312, s4:0.0.0.0:41737, s0:0.0.0.0:41019, s1:0.0.0.0:38816, s2:0.0.0.0:40694], old=null
2019-09-24 16:48:29,905 DEBUG impl.RaftServerImpl (RaftServerImpl.java:requestVote(743)) - s1@group-A7C5DBE940E2: receive requestVote(s2, group-A7C5DBE940E2, 12, (t:0, i:0))
2019-09-24 16:48:29,904 DEBUG impl.RaftServerImpl (RaftServerImpl.java:requestVote(743)) - s0@group-A7C5DBE940E2: receive requestVote(s1, group-A7C5DBE940E2, 12, (t:0, i:0))
2019-09-24 16:48:29,904 DEBUG impl.RaftServerImpl (RaftServerImpl.java:requestVote(743)) - s0@group-A7C5DBE940E2: receive requestVote(s2, group-A7C5DBE940E2, 12, (t:0, i:0))
2019-09-24 16:48:29,904 DEBUG impl.RaftServerImpl (RaftServerImpl.java:requestVote(743)) - s4@group-A7C5DBE940E2: receive requestVote(s1, group-A7C5DBE940E2, 12, (t:0, i:0))
2019-09-24 16:48:29,904 DEBUG impl.RaftServerImpl (RaftServerImpl.java:requestVote(743)) - s1@group-A7C5DBE940E2: receive requestVote(s4, group-A7C5DBE940E2, 12, (t:0, i:0))
2019-09-24 16:48:29,904 DEBUG impl.RaftServerImpl (RaftServerImpl.java:requestVote(775)) - s4@group-A7C5DBE940E2 replies to vote request: s2<-s4#0:FAIL-t12. Peer's state: s4@group-A7C5DBE940E2:t12, leader=null, voted=s4, raftlog=s4@group-A7C5DBE940E2-SegmentedRaftLog:OPENED:c-1,f-1,i0, conf=-1: [s3:0.0.0.0:38312, s4:0.0.0.0:41737, s0:0.0.0.0:41019, s1:0.0.0.0:38816, s2:0.0.0.0:40694], old=null
2019-09-24 16:48:29,903 DEBUG impl.RaftServerImpl (RaftServerImpl.java:requestVote(775)) - s3@group-A7C5DBE940E2 replies to vote request: s4<-s3#0:FAIL-t12. Peer's state: s3@group-A7C5DBE940E2:t12, leader=null, voted=s3, raftlog=s3@group-A7C5DBE940E2-SegmentedRaftLog:OPENED:c-1,f-1,i0, conf=-1: [s3:0.0.0.0:38312, s4:0.0.0.0:41737, s0:0.0.0.0:41019, s1:0.0.0.0:38816, s2:0.0.0.0:40694], old=null
2019-09-24 16:48:29,903 DEBUG impl.RaftServerImpl (RaftServerImpl.java:requestVote(775)) - s0@group-A7C5DBE940E2 replies to vote request: s4<-s0#0:FAIL-t12. Peer's state: s0@group-A7C5DBE940E2:t12, leader=null, voted=s0, raftlog=s0@group-A7C5DBE940E2-SegmentedRaftLog:OPENED:c-1,f-1,i0, conf=-1: [s3:0.0.0.0:38312, s4:0.0.0.0:41737, s0:0.0.0.0:41019, s1:0.0.0.0:38816, s2:0.0.0.0:40694], old=null
2019-09-24 16:48:29,903 DEBUG impl.RaftServerImpl (RaftServerImpl.java:requestVote(775)) - s1@group-A7C5DBE940E2 replies to vote request: s3<-s1#0:FAIL-t12. Peer's state: s1@group-A7C5DBE940E2:t12, leader=null, voted=s1, raftlog=s1@group-A7C5DBE940E2-SegmentedRaftLog:OPENED:c-1,f-1,i0, conf=-1: [s3:0.0.0.0:38312, s4:0.0.0.0:41737, s0:0.0.0.0:41019, s1:0.0.0.0:38816, s2:0.0.0.0:40694], old=null
2019-09-24 16:48:29,902 DEBUG impl.RaftServerImpl (RaftServerImpl.java:requestVote(743)) - s2@group-A7C5DBE940E2: receive requestVote(s3, group-A7C5DBE940E2, 12, (t:0, i:0))
2019-09-24 16:48:29,909 DEBUG impl.RaftServerImpl (RaftServerImpl.java:requestVote(775)) - s1@group-A7C5DBE940E2 replies to vote request: s4<-s1#0:FAIL-t12. Peer's state: s1@group-A7C5DBE940E2:t12, leader=null, voted=s1, raftlog=s1@group-A7C5DBE940E2-SegmentedRaftLog:OPENED:c-1,f-1,i0, conf=-1: [s3:0.0.0.0:38312, s4:0.0.0.0:41737, s0:0.0.0.0:41019, s1:0.0.0.0:38816, s2:0.0.0.0:40694], old=null
2019-09-24 16:48:29,909 DEBUG impl.RaftServerImpl (RaftServerImpl.java:requestVote(775)) - s0@group-A7C5DBE940E2 replies to vote request: s2<-s0#0:FAIL-t12. Peer's state: s0@group-A7C5DBE940E2:t12, leader=null, voted=s0, raftlog=s0@group-A7C5DBE940E2-SegmentedRaftLog:OPENED:c-1,f-1,i0, conf=-1: [s3:0.0.0.0:38312, s4:0.0.0.0:41737, s0:0.0.0.0:41019, s1:0.0.0.0:38816, s2:0.0.0.0:40694], old=null
2019-09-24 16:48:29,908 DEBUG impl.RaftServerImpl (RaftServerImpl.java:requestVote(775)) - s3@group-A7C5DBE940E2 replies to vote request: s1<-s3#0:FAIL-t12. Peer's state: s3@group-A7C5DBE940E2:t12, leader=null, voted=s3, raftlog=s3@group-A7C5DBE940E2-SegmentedRaftLog:OPENED:c-1,f-1,i0, conf=-1: [s3:0.0.0.0:38312, s4:0.0.0.0:41737, s0:0.0.0.0:41019, s1:0.0.0.0:38816, s2:0.0.0.0:40694], old=null
2019-09-24 16:48:29,908 DEBUG impl.RaftServerImpl (RaftServerImpl.java:requestVote(743)) - s4@group-A7C5DBE940E2: receive requestVote(s0, group-A7C5DBE940E2, 12, (t:0, i:0))
2019-09-24 16:48:29,908 DEBUG impl.RaftServerImpl (RaftServerImpl.java:requestVote(775)) - s4@group-A7C5DBE940E2 replies to vote request: s1<-s4#0:FAIL-t12. Peer's state: s4@group-A7C5DBE940E2:t12, leader=null, voted=s4, raftlog=s4@group-A7C5DBE940E2-SegmentedRaftLog:OPENED:c-1,f-1,i0, conf=-1: [s3:0.0.0.0:38312, s4:0.0.0.0:41737, s0:0.0.0.0:41019, s1:0.0.0.0:38816, s2:0.0.0.0:40694], old=null
2019-09-24 16:48:29,910 DEBUG impl.RaftServerImpl (RaftServerImpl.java:requestVote(775)) - s3@group-A7C5DBE940E2 replies to vote request: s2<-s3#0:FAIL-t12. Peer's state: s3@group-A7C5DBE940E2:t12, leader=null, voted=s3, raftlog=s3@group-A7C5DBE940E2-SegmentedRaftLog:OPENED:c-1,f-1,i0, conf=-1: [s3:0.0.0.0:38312, s4:0.0.0.0:41737, s0:0.0.0.0:41019, s1:0.0.0.0:38816, s2:0.0.0.0:40694], old=null
2019-09-24 16:48:29,910 INFO  impl.LeaderElection (LeaderElection.java:logAndReturn(56)) - s4@group-A7C5DBE940E2-LeaderElection49: Election REJECTED; received 4 response(s) [s4<-s3#0:FAIL-t12, s4<-s0#0:FAIL-t12, s4<-s1#0:FAIL-t12, s4<-s2#0:FAIL-t12] and 0 exception(s); s4@group-A7C5DBE940E2:t12, leader=null, voted=s4, raftlog=s4@group-A7C5DBE940E2-SegmentedRaftLog:OPENED:c-1,f-1,i0, conf=-1: [s3:0.0.0.0:38312, s4:0.0.0.0:41737, s0:0.0.0.0:41019, s1:0.0.0.0:38816, s2:0.0.0.0:40694], old=null
2019-09-24 16:48:29,910 DEBUG impl.RaftServerImpl (RaftServerImpl.java:requestVote(775)) - s0@group-A7C5DBE940E2 replies to vote request: s1<-s0#0:FAIL-t12. Peer's state: s0@group-A7C5DBE940E2:t12, leader=null, voted=s0, raftlog=s0@group-A7C5DBE940E2-SegmentedRaftLog:OPENED:c-1,f-1,i0, conf=-1: [s3:0.0.0.0:38312, s4:0.0.0.0:41737, s0:0.0.0.0:41019, s1:0.0.0.0:38816, s2:0.0.0.0:40694], old=null
2019-09-24 16:48:29,910 DEBUG impl.RaftServerImpl (RaftServerImpl.java:requestVote(775)) - s1@group-A7C5DBE940E2 replies to vote request: s2<-s1#0:FAIL-t12. Peer's state: s1@group-A7C5DBE940E2:t12, leader=null, voted=s1, raftlog=s1@group-A7C5DBE940E2-SegmentedRaftLog:OPENED:c-1,f-1,i0, conf=-1: [s3:0.0.0.0:38312, s4:0.0.0.0:41737, s0:0.0.0.0:41019, s1:0.0.0.0:38816, s2:0.0.0.0:40694], old=null
2019-09-24 16:48:29,909 DEBUG impl.RaftServerImpl (RaftServerImpl.java:requestVote(775)) - s2@group-A7C5DBE940E2 replies to vote request: s3<-s2#0:FAIL-t12. Peer's state: s2@group-A7C5DBE940E2:t12, leader=null, voted=s2, raftlog=s2@group-A7C5DBE940E2-SegmentedRaftLog:OPENED:c-1,f-1,i0, conf=-1: [s3:0.0.0.0:38312, s4:0.0.0.0:41737, s0:0.0.0.0:41019, s1:0.0.0.0:38816, s2:0.0.0.0:40694], old=null
2019-09-24 16:48:29,912 DEBUG impl.RaftServerImpl (RaftServerImpl.java:requestVote(775)) - s1@group-A7C5DBE940E2 replies to vote request: s0<-s1#0:FAIL-t12. Peer's state: s1@group-A7C5DBE940E2:t12, leader=null, voted=s1, raftlog=s1@group-A7C5DBE940E2-SegmentedRaftLog:OPENED:c-1,f-1,i0, conf=-1: [s3:0.0.0.0:38312, s4:0.0.0.0:41737, s0:0.0.0.0:41019, s1:0.0.0.0:38816, s2:0.0.0.0:40694], old=null
2019-09-24 16:48:29,912 DEBUG impl.RaftServerImpl (RaftServerImpl.java:requestVote(775)) - s0@group-A7C5DBE940E2 replies to vote request: s3<-s0#0:FAIL-t12. Peer's state: s0@group-A7C5DBE940E2:t12, leader=null, voted=s0, raftlog=s0@group-A7C5DBE940E2-SegmentedRaftLog:OPENED:c-1,f-1,i0, conf=-1: [s3:0.0.0.0:38312, s4:0.0.0.0:41737, s0:0.0.0.0:41019, s1:0.0.0.0:38816, s2:0.0.0.0:40694], old=null
2019-09-24 16:48:29,911 DEBUG impl.RaftServerImpl (RaftServerImpl.java:requestVote(743)) - s3@group-A7C5DBE940E2: receive requestVote(s0, group-A7C5DBE940E2, 12, (t:0, i:0))
2019-09-24 16:48:29,911 DEBUG impl.RaftServerImpl (RaftServerImpl.java:requestVote(775)) - s4@group-A7C5DBE940E2 replies to vote request: s3<-s4#0:FAIL-t12. Peer's state: s4@group-A7C5DBE940E2:t12, leader=null, voted=s4, raftlog=s4@group-A7C5DBE940E2-SegmentedRaftLog:OPENED:c-1,f-1,i0, conf=-1: [s3:0.0.0.0:38312, s4:0.0.0.0:41737, s0:0.0.0.0:41019, s1:0.0.0.0:38816, s2:0.0.0.0:40694], old=null
2019-09-24 16:48:29,914 DEBUG impl.RaftServerImpl (RaftServerImpl.java:requestVote(743)) - s2@group-A7C5DBE940E2: receive requestVote(s1, group-A7C5DBE940E2, 12, (t:0, i:0))
2019-09-24 16:48:29,914 INFO  impl.RaftServerImpl (RaftServerImpl.java:setRole(170)) - s4@group-A7C5DBE940E2: changes role from CANDIDATE to FOLLOWER at term 12 for DISCOVERED_A_NEW_TERM
2019-09-24 16:48:29,913 DEBUG impl.RaftServerImpl (RaftServerImpl.java:requestVote(775)) - s3@group-A7C5DBE940E2 replies to vote request: s0<-s3#0:FAIL-t12. Peer's state: s3@group-A7C5DBE940E2:t12, leader=null, voted=s3, raftlog=s3@group-A7C5DBE940E2-SegmentedRaftLog:OPENED:c-1,f-1,i0, conf=-1: [s3:0.0.0.0:38312, s4:0.0.0.0:41737, s0:0.0.0.0:41019, s1:0.0.0.0:38816, s2:0.0.0.0:40694], old=null
2019-09-24 16:48:29,913 DEBUG impl.RaftServerImpl (RaftServerImpl.java:requestVote(743)) - s2@group-A7C5DBE940E2: receive requestVote(s0, group-A7C5DBE940E2, 12, (t:0, i:0))
2019-09-24 16:48:29,913 INFO  impl.LeaderElection (LeaderElection.java:logAndReturn(56)) - s2@group-A7C5DBE940E2-LeaderElection47: Election REJECTED; received 4 response(s) [s2<-s3#0:FAIL-t12, s2<-s4#0:FAIL-t12, s2<-s0#0:FAIL-t12, s2<-s1#0:FAIL-t12] and 0 exception(s); s2@group-A7C5DBE940E2:t12, leader=null, voted=s2, raftlog=s2@group-A7C5DBE940E2-SegmentedRaftLog:OPENED:c-1,f-1,i0, conf=-1: [s3:0.0.0.0:38312, s4:0.0.0.0:41737, s0:0.0.0.0:41019, s1:0.0.0.0:38816, s2:0.0.0.0:40694], old=null
2019-09-24 16:48:29,914 INFO  impl.RoleInfo (RoleInfo.java:shutdownLeaderElection(134)) - s4: shutdown LeaderElection
2019-09-24 16:48:29,914 DEBUG impl.RaftServerImpl (RaftServerImpl.java:requestVote(775)) - s2@group-A7C5DBE940E2 replies to vote request: s1<-s2#0:FAIL-t12. Peer's state: s2@group-A7C5DBE940E2:t12, leader=null, voted=s2, raftlog=s2@group-A7C5DBE940E2-SegmentedRaftLog:OPENED:c-1,f-1,i0, conf=-1: [s3:0.0.0.0:38312, s4:0.0.0.0:41737, s0:0.0.0.0:41019, s1:0.0.0.0:38816, s2:0.0.0.0:40694], old=null
2019-09-24 16:48:29,914 INFO  impl.LeaderElection (LeaderElection.java:logAndReturn(56)) - s3@group-A7C5DBE940E2-LeaderElection48: Election REJECTED; received 4 response(s) [s3<-s4#0:FAIL-t12, s3<-s0#0:FAIL-t12, s3<-s1#0:FAIL-t12, s3<-s2#0:FAIL-t12] and 0 exception(s); s3@group-A7C5DBE940E2:t12, leader=null, voted=s3, raftlog=s3@group-A7C5DBE940E2-SegmentedRaftLog:OPENED:c-1,f-1,i0, conf=-1: [s3:0.0.0.0:38312, s4:0.0.0.0:41737, s0:0.0.0.0:41019, s1:0.0.0.0:38816, s2:0.0.0.0:40694], old=null
2019-09-24 16:48:29,916 INFO  impl.RaftServerImpl (RaftServerImpl.java:setRole(170)) - s2@group-A7C5DBE940E2: changes role from CANDIDATE to FOLLOWER at term 12 for DISCOVERED_A_NEW_TERM
2019-09-24 16:48:29,916 INFO  impl.RoleInfo (RoleInfo.java:shutdownLeaderElection(134)) - s2: shutdown LeaderElection
2019-09-24 16:48:29,915 INFO  impl.RoleInfo (RoleInfo.java:updateAndGet(143)) - s4: start FollowerState
2019-09-24 16:48:29,916 INFO  impl.RoleInfo (RoleInfo.java:updateAndGet(143)) - s2: start FollowerState
2019-09-24 16:48:29,916 INFO  impl.RaftServerImpl (RaftServerImpl.java:setRole(170)) - s3@group-A7C5DBE940E2: changes role from CANDIDATE to FOLLOWER at term 12 for DISCOVERED_A_NEW_TERM
2019-09-24 16:48:29,916 INFO  impl.LeaderElection (LeaderElection.java:logAndReturn(56)) - s1@group-A7C5DBE940E2-LeaderElection50: Election REJECTED; received 4 response(s) [s1<-s3#0:FAIL-t12, s1<-s4#0:FAIL-t12, s1<-s0#0:FAIL-t12, s1<-s2#0:FAIL-t12] and 0 exception(s); s1@group-A7C5DBE940E2:t12, leader=null, voted=s1, raftlog=s1@group-A7C5DBE940E2-SegmentedRaftLog:OPENED:c-1,f-1,i0, conf=-1: [s3:0.0.0.0:38312, s4:0.0.0.0:41737, s0:0.0.0.0:41019, s1:0.0.0.0:38816, s2:0.0.0.0:40694], old=null
2019-09-24 16:48:29,917 DEBUG impl.RaftServerImpl (RaftServerImpl.java:requestVote(775)) - s2@group-A7C5DBE940E2 replies to vote request: s0<-s2#0:FAIL-t12. Peer's state: s2@group-A7C5DBE940E2:t12, leader=null, voted=s2, raftlog=s2@group-A7C5DBE940E2-SegmentedRaftLog:OPENED:c-1,f-1,i0, conf=-1: [s3:0.0.0.0:38312, s4:0.0.0.0:41737, s0:0.0.0.0:41019, s1:0.0.0.0:38816, s2:0.0.0.0:40694], old=null
2019-09-24 16:48:29,917 DEBUG impl.RaftServerImpl (RaftServerImpl.java:requestVote(775)) - s4@group-A7C5DBE940E2 replies to vote request: s0<-s4#0:FAIL-t12. Peer's state: s4@group-A7C5DBE940E2:t12, leader=null, voted=s4, raftlog=s4@group-A7C5DBE940E2-SegmentedRaftLog:OPENED:c-1,f-1,i0, conf=-1: [s3:0.0.0.0:38312, s4:0.0.0.0:41737, s0:0.0.0.0:41019, s1:0.0.0.0:38816, s2:0.0.0.0:40694], old=null
2019-09-24 16:48:29,917 INFO  impl.RoleInfo (RoleInfo.java:shutdownLeaderElection(134)) - s3: shutdown LeaderElection
2019-09-24 16:48:29,917 INFO  impl.RaftServerImpl (RaftServerImpl.java:setRole(170)) - s1@group-A7C5DBE940E2: changes role from CANDIDATE to FOLLOWER at term 12 for DISCOVERED_A_NEW_TERM
2019-09-24 16:48:29,918 INFO  impl.RoleInfo (RoleInfo.java:updateAndGet(143)) - s3: start FollowerState
2019-09-24 16:48:29,918 INFO  impl.LeaderElection (LeaderElection.java:logAndReturn(56)) - s0@group-A7C5DBE940E2-LeaderElection46: Election REJECTED; received 4 response(s) [s0<-s3#0:FAIL-t12, s0<-s4#0:FAIL-t12, s0<-s1#0:FAIL-t12, s0<-s2#0:FAIL-t12] and 0 exception(s); s0@group-A7C5DBE940E2:t12, leader=null, voted=s0, raftlog=s0@group-A7C5DBE940E2-SegmentedRaftLog:OPENED:c-1,f-1,i0, conf=-1: [s3:0.0.0.0:38312, s4:0.0.0.0:41737, s0:0.0.0.0:41019, s1:0.0.0.0:38816, s2:0.0.0.0:40694], old=null
2019-09-24 16:48:29,918 INFO  impl.RoleInfo (RoleInfo.java:shutdownLeaderElection(134)) - s1: shutdown LeaderElection
2019-09-24 16:48:29,919 INFO  impl.RaftServerImpl (RaftServerImpl.java:setRole(170)) - s0@group-A7C5DBE940E2: changes role from CANDIDATE to FOLLOWER at term 12 for DISCOVERED_A_NEW_TERM
2019-09-24 16:48:29,919 INFO  impl.RoleInfo (RoleInfo.java:updateAndGet(143)) - s1: start FollowerState
2019-09-24 16:48:29,919 INFO  impl.RoleInfo (RoleInfo.java:shutdownLeaderElection(134)) - s0: shutdown LeaderElection
2019-09-24 16:48:29,919 INFO  impl.RoleInfo (RoleInfo.java:updateAndGet(143)) - s0: start FollowerState
]]></system-out>
  </testcase>
</testsuite>