<?xml version="1.0" encoding="UTF-8"?>
<testsuite xmlns:xsi="http://www.w3.org/2001/XMLSchema-instance" xsi:noNamespaceSchemaLocation="https://maven.apache.org/surefire/maven-surefire-plugin/xsd/surefire-test-report.xsd" name="org.apache.ratis.grpc.TestRaftSnapshotWithGrpc" time="9.632" tests="2" errors="0" skipped="0" failures="1">
  <properties>
    <property name="awt.toolkit" value="sun.awt.X11.XToolkit"/>
    <property name="file.encoding.pkg" value="sun.io"/>
    <property name="java.specification.version" value="1.8"/>
    <property name="sun.cpu.isalist" value=""/>
    <property name="sun.jnu.encoding" value="UTF-8"/>
    <property name="java.class.path" value="/workdir/ratis-test/target/test-classes:/workdir/ratis-test/target/classes:/workdir/ratis-common/target/classes:/home/user/.m2/repository/org/apache/ratis/ratis-thirdparty-misc/0.2.0/ratis-thirdparty-misc-0.2.0.jar:/workdir/ratis-proto/target/ratis-proto-0.5.0-SNAPSHOT.jar:/home/user/.m2/repository/org/slf4j/slf4j-log4j12/1.7.10/slf4j-log4j12-1.7.10.jar:/home/user/.m2/repository/log4j/log4j/1.2.17/log4j-1.2.17.jar:/workdir/ratis-common/target/test-classes:/workdir/ratis-client/target/classes:/workdir/ratis-server/target/classes:/workdir/ratis-metrics/target/classes:/home/user/.m2/repository/io/dropwizard/metrics/metrics-core/3.2.5/metrics-core-3.2.5.jar:/home/user/.m2/repository/com/github/joshelser/dropwizard-metrics-hadoop-metrics2-reporter/0.1.2/dropwizard-metrics-hadoop-metrics2-reporter-0.1.2.jar:/home/user/.m2/repository/org/apache/hadoop/hadoop-common/2.6.0/hadoop-common-2.6.0.jar:/home/user/.m2/repository/org/apache/hadoop/hadoop-annotations/2.6.0/hadoop-annotations-2.6.0.jar:/usr/lib/jvm/java-1.8-openjdk/jre/../lib/tools.jar:/home/user/.m2/repository/com/google/guava/guava/11.0.2/guava-11.0.2.jar:/home/user/.m2/repository/commons-cli/commons-cli/1.2/commons-cli-1.2.jar:/home/user/.m2/repository/org/apache/commons/commons-math3/3.1.1/commons-math3-3.1.1.jar:/home/user/.m2/repository/xmlenc/xmlenc/0.52/xmlenc-0.52.jar:/home/user/.m2/repository/commons-httpclient/commons-httpclient/3.1/commons-httpclient-3.1.jar:/home/user/.m2/repository/commons-codec/commons-codec/1.4/commons-codec-1.4.jar:/home/user/.m2/repository/commons-io/commons-io/2.4/commons-io-2.4.jar:/home/user/.m2/repository/commons-net/commons-net/3.1/commons-net-3.1.jar:/home/user/.m2/repository/commons-collections/commons-collections/3.2.1/commons-collections-3.2.1.jar:/home/user/.m2/repository/javax/servlet/servlet-api/2.5/servlet-api-2.5.jar:/home/user/.m2/repository/org/mortbay/jetty/jetty/6.1.26/jetty-6.1.26.jar:/home/user/.m2/repository/org/mortbay/jetty/jetty-util/6.1.26/jetty-util-6.1.26.jar:/home/user/.m2/repository/com/sun/jersey/jersey-core/1.9/jersey-core-1.9.jar:/home/user/.m2/repository/com/sun/jersey/jersey-json/1.9/jersey-json-1.9.jar:/home/user/.m2/repository/org/codehaus/jettison/jettison/1.1/jettison-1.1.jar:/home/user/.m2/repository/com/sun/xml/bind/jaxb-impl/2.2.3-1/jaxb-impl-2.2.3-1.jar:/home/user/.m2/repository/javax/xml/bind/jaxb-api/2.2.2/jaxb-api-2.2.2.jar:/home/user/.m2/repository/javax/xml/stream/stax-api/1.0-2/stax-api-1.0-2.jar:/home/user/.m2/repository/javax/activation/activation/1.1/activation-1.1.jar:/home/user/.m2/repository/org/codehaus/jackson/jackson-jaxrs/1.8.3/jackson-jaxrs-1.8.3.jar:/home/user/.m2/repository/org/codehaus/jackson/jackson-xc/1.8.3/jackson-xc-1.8.3.jar:/home/user/.m2/repository/com/sun/jersey/jersey-server/1.9/jersey-server-1.9.jar:/home/user/.m2/repository/asm/asm/3.1/asm-3.1.jar:/home/user/.m2/repository/tomcat/jasper-compiler/5.5.23/jasper-compiler-5.5.23.jar:/home/user/.m2/repository/tomcat/jasper-runtime/5.5.23/jasper-runtime-5.5.23.jar:/home/user/.m2/repository/javax/servlet/jsp/jsp-api/2.1/jsp-api-2.1.jar:/home/user/.m2/repository/commons-el/commons-el/1.0/commons-el-1.0.jar:/home/user/.m2/repository/commons-logging/commons-logging/1.1.3/commons-logging-1.1.3.jar:/home/user/.m2/repository/net/java/dev/jets3t/jets3t/0.9.0/jets3t-0.9.0.jar:/home/user/.m2/repository/org/apache/httpcomponents/httpclient/4.1.2/httpclient-4.1.2.jar:/home/user/.m2/repository/org/apache/httpcomponents/httpcore/4.1.2/httpcore-4.1.2.jar:/home/user/.m2/repository/com/jamesmurty/utils/java-xmlbuilder/0.4/java-xmlbuilder-0.4.jar:/home/user/.m2/repository/commons-lang/commons-lang/2.6/commons-lang-2.6.jar:/home/user/.m2/repository/commons-configuration/commons-configuration/1.6/commons-configuration-1.6.jar:/home/user/.m2/repository/commons-digester/commons-digester/1.8/commons-digester-1.8.jar:/home/user/.m2/repository/commons-beanutils/commons-beanutils/1.7.0/commons-beanutils-1.7.0.jar:/home/user/.m2/repository/commons-beanutils/commons-beanutils-core/1.8.0/commons-beanutils-core-1.8.0.jar:/home/user/.m2/repository/org/codehaus/jackson/jackson-core-asl/1.9.13/jackson-core-asl-1.9.13.jar:/home/user/.m2/repository/org/codehaus/jackson/jackson-mapper-asl/1.9.13/jackson-mapper-asl-1.9.13.jar:/home/user/.m2/repository/org/apache/avro/avro/1.7.4/avro-1.7.4.jar:/home/user/.m2/repository/com/thoughtworks/paranamer/paranamer/2.3/paranamer-2.3.jar:/home/user/.m2/repository/org/xerial/snappy/snappy-java/1.0.4.1/snappy-java-1.0.4.1.jar:/home/user/.m2/repository/com/google/protobuf/protobuf-java/2.5.0/protobuf-java-2.5.0.jar:/home/user/.m2/repository/com/google/code/gson/gson/2.2.4/gson-2.2.4.jar:/home/user/.m2/repository/org/apache/hadoop/hadoop-auth/2.6.0/hadoop-auth-2.6.0.jar:/home/user/.m2/repository/org/apache/directory/server/apacheds-kerberos-codec/2.0.0-M15/apacheds-kerberos-codec-2.0.0-M15.jar:/home/user/.m2/repository/org/apache/directory/server/apacheds-i18n/2.0.0-M15/apacheds-i18n-2.0.0-M15.jar:/home/user/.m2/repository/org/apache/directory/api/api-asn1-api/1.0.0-M20/api-asn1-api-1.0.0-M20.jar:/home/user/.m2/repository/org/apache/directory/api/api-util/1.0.0-M20/api-util-1.0.0-M20.jar:/home/user/.m2/repository/org/apache/curator/curator-framework/2.6.0/curator-framework-2.6.0.jar:/home/user/.m2/repository/com/jcraft/jsch/0.1.42/jsch-0.1.42.jar:/home/user/.m2/repository/org/apache/curator/curator-client/2.6.0/curator-client-2.6.0.jar:/home/user/.m2/repository/org/apache/curator/curator-recipes/2.6.0/curator-recipes-2.6.0.jar:/home/user/.m2/repository/com/google/code/findbugs/jsr305/1.3.9/jsr305-1.3.9.jar:/home/user/.m2/repository/org/htrace/htrace-core/3.0.4/htrace-core-3.0.4.jar:/home/user/.m2/repository/org/apache/zookeeper/zookeeper/3.4.6/zookeeper-3.4.6.jar:/home/user/.m2/repository/io/netty/netty/3.7.0.Final/netty-3.7.0.Final.jar:/home/user/.m2/repository/org/apache/commons/commons-compress/1.4.1/commons-compress-1.4.1.jar:/home/user/.m2/repository/org/tukaani/xz/1.0/xz-1.0.jar:/home/user/.m2/repository/io/dropwizard/metrics/metrics-jvm/3.2.5/metrics-jvm-3.2.5.jar:/home/user/.m2/repository/io/dropwizard/metrics/metrics-ganglia/3.2.5/metrics-ganglia-3.2.5.jar:/home/user/.m2/repository/info/ganglia/gmetric4j/gmetric4j/1.0.7/gmetric4j-1.0.7.jar:/workdir/ratis-server/target/test-classes:/workdir/ratis-netty/target/classes:/workdir/ratis-netty/target/test-classes:/workdir/ratis-grpc/target/classes:/workdir/ratis-grpc/target/test-classes:/home/user/.m2/repository/org/slf4j/slf4j-api/1.7.10/slf4j-api-1.7.10.jar:/home/user/.m2/repository/junit/junit/4.12/junit-4.12.jar:/home/user/.m2/repository/org/hamcrest/hamcrest-core/1.3/hamcrest-core-1.3.jar:/home/user/.m2/repository/org/mockito/mockito-all/1.8.5/mockito-all-1.8.5.jar:"/>
    <property name="java.vm.vendor" value="IcedTea"/>
    <property name="sun.arch.data.model" value="64"/>
    <property name="java.vendor.url" value="https://icedtea.classpath.org"/>
    <property name="user.timezone" value=""/>
    <property name="java.vm.specification.version" value="1.8"/>
    <property name="os.name" value="Linux"/>
    <property name="user.country" value="US"/>
    <property name="sun.java.launcher" value="SUN_STANDARD"/>
    <property name="sun.boot.library.path" value="/usr/lib/jvm/java-1.8-openjdk/jre/lib/amd64"/>
    <property name="sun.java.command" value="/workdir/ratis-test/target/surefire/surefirebooter8048278950633183281.jar /workdir/ratis-test/target/surefire 2019-09-24T16-02-41_483-jvmRun1 surefire3607925622872712925tmp surefire_229027645505452796532tmp"/>
    <property name="surefire.test.class.path" value="/workdir/ratis-test/target/test-classes:/workdir/ratis-test/target/classes:/workdir/ratis-common/target/classes:/home/user/.m2/repository/org/apache/ratis/ratis-thirdparty-misc/0.2.0/ratis-thirdparty-misc-0.2.0.jar:/workdir/ratis-proto/target/ratis-proto-0.5.0-SNAPSHOT.jar:/home/user/.m2/repository/org/slf4j/slf4j-log4j12/1.7.10/slf4j-log4j12-1.7.10.jar:/home/user/.m2/repository/log4j/log4j/1.2.17/log4j-1.2.17.jar:/workdir/ratis-common/target/test-classes:/workdir/ratis-client/target/classes:/workdir/ratis-server/target/classes:/workdir/ratis-metrics/target/classes:/home/user/.m2/repository/io/dropwizard/metrics/metrics-core/3.2.5/metrics-core-3.2.5.jar:/home/user/.m2/repository/com/github/joshelser/dropwizard-metrics-hadoop-metrics2-reporter/0.1.2/dropwizard-metrics-hadoop-metrics2-reporter-0.1.2.jar:/home/user/.m2/repository/org/apache/hadoop/hadoop-common/2.6.0/hadoop-common-2.6.0.jar:/home/user/.m2/repository/org/apache/hadoop/hadoop-annotations/2.6.0/hadoop-annotations-2.6.0.jar:/usr/lib/jvm/java-1.8-openjdk/jre/../lib/tools.jar:/home/user/.m2/repository/com/google/guava/guava/11.0.2/guava-11.0.2.jar:/home/user/.m2/repository/commons-cli/commons-cli/1.2/commons-cli-1.2.jar:/home/user/.m2/repository/org/apache/commons/commons-math3/3.1.1/commons-math3-3.1.1.jar:/home/user/.m2/repository/xmlenc/xmlenc/0.52/xmlenc-0.52.jar:/home/user/.m2/repository/commons-httpclient/commons-httpclient/3.1/commons-httpclient-3.1.jar:/home/user/.m2/repository/commons-codec/commons-codec/1.4/commons-codec-1.4.jar:/home/user/.m2/repository/commons-io/commons-io/2.4/commons-io-2.4.jar:/home/user/.m2/repository/commons-net/commons-net/3.1/commons-net-3.1.jar:/home/user/.m2/repository/commons-collections/commons-collections/3.2.1/commons-collections-3.2.1.jar:/home/user/.m2/repository/javax/servlet/servlet-api/2.5/servlet-api-2.5.jar:/home/user/.m2/repository/org/mortbay/jetty/jetty/6.1.26/jetty-6.1.26.jar:/home/user/.m2/repository/org/mortbay/jetty/jetty-util/6.1.26/jetty-util-6.1.26.jar:/home/user/.m2/repository/com/sun/jersey/jersey-core/1.9/jersey-core-1.9.jar:/home/user/.m2/repository/com/sun/jersey/jersey-json/1.9/jersey-json-1.9.jar:/home/user/.m2/repository/org/codehaus/jettison/jettison/1.1/jettison-1.1.jar:/home/user/.m2/repository/com/sun/xml/bind/jaxb-impl/2.2.3-1/jaxb-impl-2.2.3-1.jar:/home/user/.m2/repository/javax/xml/bind/jaxb-api/2.2.2/jaxb-api-2.2.2.jar:/home/user/.m2/repository/javax/xml/stream/stax-api/1.0-2/stax-api-1.0-2.jar:/home/user/.m2/repository/javax/activation/activation/1.1/activation-1.1.jar:/home/user/.m2/repository/org/codehaus/jackson/jackson-jaxrs/1.8.3/jackson-jaxrs-1.8.3.jar:/home/user/.m2/repository/org/codehaus/jackson/jackson-xc/1.8.3/jackson-xc-1.8.3.jar:/home/user/.m2/repository/com/sun/jersey/jersey-server/1.9/jersey-server-1.9.jar:/home/user/.m2/repository/asm/asm/3.1/asm-3.1.jar:/home/user/.m2/repository/tomcat/jasper-compiler/5.5.23/jasper-compiler-5.5.23.jar:/home/user/.m2/repository/tomcat/jasper-runtime/5.5.23/jasper-runtime-5.5.23.jar:/home/user/.m2/repository/javax/servlet/jsp/jsp-api/2.1/jsp-api-2.1.jar:/home/user/.m2/repository/commons-el/commons-el/1.0/commons-el-1.0.jar:/home/user/.m2/repository/commons-logging/commons-logging/1.1.3/commons-logging-1.1.3.jar:/home/user/.m2/repository/net/java/dev/jets3t/jets3t/0.9.0/jets3t-0.9.0.jar:/home/user/.m2/repository/org/apache/httpcomponents/httpclient/4.1.2/httpclient-4.1.2.jar:/home/user/.m2/repository/org/apache/httpcomponents/httpcore/4.1.2/httpcore-4.1.2.jar:/home/user/.m2/repository/com/jamesmurty/utils/java-xmlbuilder/0.4/java-xmlbuilder-0.4.jar:/home/user/.m2/repository/commons-lang/commons-lang/2.6/commons-lang-2.6.jar:/home/user/.m2/repository/commons-configuration/commons-configuration/1.6/commons-configuration-1.6.jar:/home/user/.m2/repository/commons-digester/commons-digester/1.8/commons-digester-1.8.jar:/home/user/.m2/repository/commons-beanutils/commons-beanutils/1.7.0/commons-beanutils-1.7.0.jar:/home/user/.m2/repository/commons-beanutils/commons-beanutils-core/1.8.0/commons-beanutils-core-1.8.0.jar:/home/user/.m2/repository/org/codehaus/jackson/jackson-core-asl/1.9.13/jackson-core-asl-1.9.13.jar:/home/user/.m2/repository/org/codehaus/jackson/jackson-mapper-asl/1.9.13/jackson-mapper-asl-1.9.13.jar:/home/user/.m2/repository/org/apache/avro/avro/1.7.4/avro-1.7.4.jar:/home/user/.m2/repository/com/thoughtworks/paranamer/paranamer/2.3/paranamer-2.3.jar:/home/user/.m2/repository/org/xerial/snappy/snappy-java/1.0.4.1/snappy-java-1.0.4.1.jar:/home/user/.m2/repository/com/google/protobuf/protobuf-java/2.5.0/protobuf-java-2.5.0.jar:/home/user/.m2/repository/com/google/code/gson/gson/2.2.4/gson-2.2.4.jar:/home/user/.m2/repository/org/apache/hadoop/hadoop-auth/2.6.0/hadoop-auth-2.6.0.jar:/home/user/.m2/repository/org/apache/directory/server/apacheds-kerberos-codec/2.0.0-M15/apacheds-kerberos-codec-2.0.0-M15.jar:/home/user/.m2/repository/org/apache/directory/server/apacheds-i18n/2.0.0-M15/apacheds-i18n-2.0.0-M15.jar:/home/user/.m2/repository/org/apache/directory/api/api-asn1-api/1.0.0-M20/api-asn1-api-1.0.0-M20.jar:/home/user/.m2/repository/org/apache/directory/api/api-util/1.0.0-M20/api-util-1.0.0-M20.jar:/home/user/.m2/repository/org/apache/curator/curator-framework/2.6.0/curator-framework-2.6.0.jar:/home/user/.m2/repository/com/jcraft/jsch/0.1.42/jsch-0.1.42.jar:/home/user/.m2/repository/org/apache/curator/curator-client/2.6.0/curator-client-2.6.0.jar:/home/user/.m2/repository/org/apache/curator/curator-recipes/2.6.0/curator-recipes-2.6.0.jar:/home/user/.m2/repository/com/google/code/findbugs/jsr305/1.3.9/jsr305-1.3.9.jar:/home/user/.m2/repository/org/htrace/htrace-core/3.0.4/htrace-core-3.0.4.jar:/home/user/.m2/repository/org/apache/zookeeper/zookeeper/3.4.6/zookeeper-3.4.6.jar:/home/user/.m2/repository/io/netty/netty/3.7.0.Final/netty-3.7.0.Final.jar:/home/user/.m2/repository/org/apache/commons/commons-compress/1.4.1/commons-compress-1.4.1.jar:/home/user/.m2/repository/org/tukaani/xz/1.0/xz-1.0.jar:/home/user/.m2/repository/io/dropwizard/metrics/metrics-jvm/3.2.5/metrics-jvm-3.2.5.jar:/home/user/.m2/repository/io/dropwizard/metrics/metrics-ganglia/3.2.5/metrics-ganglia-3.2.5.jar:/home/user/.m2/repository/info/ganglia/gmetric4j/gmetric4j/1.0.7/gmetric4j-1.0.7.jar:/workdir/ratis-server/target/test-classes:/workdir/ratis-netty/target/classes:/workdir/ratis-netty/target/test-classes:/workdir/ratis-grpc/target/classes:/workdir/ratis-grpc/target/test-classes:/home/user/.m2/repository/org/slf4j/slf4j-api/1.7.10/slf4j-api-1.7.10.jar:/home/user/.m2/repository/junit/junit/4.12/junit-4.12.jar:/home/user/.m2/repository/org/hamcrest/hamcrest-core/1.3/hamcrest-core-1.3.jar:/home/user/.m2/repository/org/mockito/mockito-all/1.8.5/mockito-all-1.8.5.jar:"/>
    <property name="sun.cpu.endian" value="little"/>
    <property name="user.home" value="/home/user"/>
    <property name="user.language" value="en"/>
    <property name="java.specification.vendor" value="Oracle Corporation"/>
    <property name="java.home" value="/usr/lib/jvm/java-1.8-openjdk/jre"/>
    <property name="basedir" value="/workdir/ratis-test"/>
    <property name="file.separator" value="/"/>
    <property name="line.separator" value="&#10;"/>
    <property name="java.vm.specification.vendor" value="Oracle Corporation"/>
    <property name="java.specification.name" value="Java Platform API Specification"/>
    <property name="java.awt.graphicsenv" value="sun.awt.X11GraphicsEnvironment"/>
    <property name="surefire.real.class.path" value="/workdir/ratis-test/target/surefire/surefirebooter8048278950633183281.jar"/>
    <property name="sun.boot.class.path" value="/usr/lib/jvm/java-1.8-openjdk/jre/lib/resources.jar:/usr/lib/jvm/java-1.8-openjdk/jre/lib/rt.jar:/usr/lib/jvm/java-1.8-openjdk/jre/lib/sunrsasign.jar:/usr/lib/jvm/java-1.8-openjdk/jre/lib/jsse.jar:/usr/lib/jvm/java-1.8-openjdk/jre/lib/jce.jar:/usr/lib/jvm/java-1.8-openjdk/jre/lib/charsets.jar:/usr/lib/jvm/java-1.8-openjdk/jre/lib/jfr.jar:/usr/lib/jvm/java-1.8-openjdk/jre/classes"/>
    <property name="sun.management.compiler" value="HotSpot 64-Bit Tiered Compilers"/>
    <property name="java.runtime.version" value="1.8.0_212-b04"/>
    <property name="java.net.preferIPv4Stack" value="true"/>
    <property name="user.name" value="jenkins1000"/>
    <property name="path.separator" value=":"/>
    <property name="os.version" value="3.10.0-957.12.2.el7.x86_64"/>
    <property name="java.endorsed.dirs" value="/usr/lib/jvm/java-1.8-openjdk/jre/lib/endorsed"/>
    <property name="java.runtime.name" value="OpenJDK Runtime Environment"/>
    <property name="file.encoding" value="UTF-8"/>
    <property name="java.vm.name" value="OpenJDK 64-Bit Server VM"/>
    <property name="localRepository" value="/home/user/.m2/repository"/>
    <property name="java.vendor.url.bug" value="https://icedtea.classpath.org/bugzilla"/>
    <property name="java.io.tmpdir" value="/tmp"/>
    <property name="java.version" value="1.8.0_212"/>
    <property name="user.dir" value="/workdir/ratis-test"/>
    <property name="os.arch" value="amd64"/>
    <property name="ratis.tmp.dir" value="/workdir/ratis-test/target/tmp"/>
    <property name="java.vm.specification.name" value="Java Virtual Machine Specification"/>
    <property name="java.awt.printerjob" value="sun.print.PSPrinterJob"/>
    <property name="ratis.log.dir" value="/workdir/ratis-test/target/log"/>
    <property name="sun.os.patch.level" value="unknown"/>
    <property name="java.library.path" value="/usr/lib/jvm/java-1.8-openjdk/jre/lib/amd64/server:/usr/lib/jvm/java-1.8-openjdk/jre/lib/amd64:/usr/lib/jvm/java-1.8-openjdk/jre/../lib/amd64:/usr/java/packages/lib/amd64:/usr/lib64:/lib64:/lib:/usr/lib"/>
    <property name="java.vm.info" value="mixed mode"/>
    <property name="java.vendor" value="IcedTea"/>
    <property name="java.vm.version" value="25.212-b04"/>
    <property name="java.ext.dirs" value="/usr/lib/jvm/java-1.8-openjdk/jre/lib/ext:/usr/java/packages/lib/ext"/>
    <property name="sun.io.unicode.encoding" value="UnicodeLittle"/>
    <property name="java.class.version" value="52.0"/>
  </properties>
  <testcase name="testRestartPeer" classname="org.apache.ratis.grpc.TestRaftSnapshotWithGrpc" time="6.857"/>
  <testcase name="testBasicInstallSnapshot" classname="org.apache.ratis.grpc.TestRaftSnapshotWithGrpc" time="2.601">
    <failure type="java.lang.AssertionError">java.lang.AssertionError
</failure>
    <system-out><![CDATA[2019-09-24 16:24:23,527 INFO  util.LogUtils (LogUtils.java:setLogLevel(41)) - Set org.apache.ratis.conf.ConfUtils log level to WARN
2019-09-24 16:24:23,527 INFO  util.LogUtils (LogUtils.java:setLogLevel(41)) - Set org.apache.ratis.util.FileUtils log level to TRACE
2019-09-24 16:24:23,527 INFO  util.LogUtils (LogUtils.java:setLogLevel(41)) - Set org.apache.ratis.server.impl.RaftServerImpl log level to DEBUG
2019-09-24 16:24:23,528 INFO  util.LogUtils (LogUtils.java:setLogLevel(41)) - Set org.apache.ratis.server.raftlog.RaftLog log level to DEBUG
2019-09-24 16:24:23,528 INFO  util.LogUtils (LogUtils.java:setLogLevel(41)) - Set org.apache.ratis.client.RaftClient log level to DEBUG
2019-09-24 16:24:23,530 INFO  ratis.MiniRaftCluster (MiniRaftCluster.java:<init>(253)) - new MiniRaftClusterWithGrpc with group-8CD3D5D79AB9:[s0:0.0.0.0:46874]
2019-09-24 16:24:23,530 INFO  ratis.MiniRaftCluster (MiniRaftCluster.java:start(287)) - .............................................................. 
2019-09-24 16:24:23,530 INFO  ratis.MiniRaftCluster (MiniRaftCluster.java:start(288)) - ... 
2019-09-24 16:24:23,530 INFO  ratis.MiniRaftCluster (MiniRaftCluster.java:start(289)) - ...     Starting MiniRaftClusterWithGrpc
2019-09-24 16:24:23,530 INFO  ratis.MiniRaftCluster (MiniRaftCluster.java:start(290)) - ... 
2019-09-24 16:24:23,531 INFO  ratis.MiniRaftCluster (MiniRaftCluster.java:start(291)) - .............................................................. 
2019-09-24 16:24:23,531 INFO  ratis.MiniRaftCluster (MiniRaftCluster.java:initServers(265)) - servers = {}
2019-09-24 16:24:23,531 INFO  ratis.MiniRaftCluster (MiniRaftCluster.java:newRaftServer(330)) - newRaftServer: s0, group-8CD3D5D79AB9:[s0:0.0.0.0:46874], format? true
2019-09-24 16:24:23,531 TRACE util.FileUtils (FileUtils.java:deleteFully(88)) - deleteFully target/test/data/5c8b5fb9/MiniRaftClusterWithGrpc97aa1f16/s0
2019-09-24 16:24:23,532 TRACE util.FileUtils (FileUtils.java:deleteFully(104)) - deleteFully: target/test/data/5c8b5fb9/MiniRaftClusterWithGrpc97aa1f16/s0 does not exist.
2019-09-24 16:24:23,532 INFO  ratis.MiniRaftCluster (MiniRaftCluster.java:newRaftServer(335)) - Formatted directory target/test/data/5c8b5fb9/MiniRaftClusterWithGrpc97aa1f16/s0
2019-09-24 16:24:23,533 INFO  impl.RaftServerProxy (ConfUtils.java:logGet(43)) - raft.rpc.type = GRPC (default)
2019-09-24 16:24:23,533 INFO  grpc.GrpcFactory (GrpcFactory.java:checkPooledByteBufAllocatorUseCacheForAllThreads(45)) - PERFORMANCE WARNING: useCacheForAllThreads is true that may cause Netty to create a lot garbage objects and, as a result, trigger GC.
	It is recommended to disable useCacheForAllThreads by setting -Dorg.apache.ratis.thirdparty.io.netty.allocator.useCacheForAllThreads=false in command line.
2019-09-24 16:24:23,534 INFO  grpc.GrpcConfigKeys$Server (ConfUtils.java:logGet(43)) - raft.grpc.server.port = 46874 (custom)
2019-09-24 16:24:23,534 INFO  server.GrpcService (ConfUtils.java:logGet(43)) - raft.grpc.message.size.max = 64MB (=67108864) (default)
2019-09-24 16:24:23,534 INFO  server.RaftServerConfigKeys (ConfUtils.java:logGet(43)) - raft.server.log.appender.buffer.byte-limit = 4MB (=4194304) (default)
2019-09-24 16:24:23,535 INFO  server.GrpcService (ConfUtils.java:logGet(43)) - raft.grpc.flow.control.window = 1MB (=1048576) (default)
2019-09-24 16:24:23,535 INFO  server.RaftServerConfigKeys (ConfUtils.java:logGet(43)) - raft.server.rpc.request.timeout = 3000ms (default)
2019-09-24 16:24:23,537 INFO  server.RaftServerConfigKeys (ConfUtils.java:logGet(43)) - raft.server.storage.dir = [/workdir/ratis-test/target/test/data/5c8b5fb9/MiniRaftClusterWithGrpc97aa1f16/s0] (custom)
2019-09-24 16:24:23,538 INFO  impl.RaftServerProxy (RaftServerProxy.java:addNew(89)) - s0: addNew group-8CD3D5D79AB9:[s0:0.0.0.0:46874] returns group-8CD3D5D79AB9:java.util.concurrent.CompletableFuture@484c9259[Not completed]
2019-09-24 16:24:23,539 INFO  server.RaftServerConfigKeys (ConfUtils.java:logGet(43)) - raft.server.log.segment.size.max = 8MB (=8388608) (default)
2019-09-24 16:24:23,539 INFO  server.RaftServerConfigKeys (ConfUtils.java:logGet(43)) - raft.server.log.preallocated.size = 4MB (=4194304) (default)
2019-09-24 16:24:23,539 INFO  server.RaftServerConfigKeys (ConfUtils.java:logGet(43)) - raft.server.log.write.buffer.size = 64KB (=65536) (default)
2019-09-24 16:24:23,540 INFO  impl.RaftServerImpl (RaftServerImpl.java:<init>(95)) - s0: new RaftServerImpl for group-8CD3D5D79AB9:[s0:0.0.0.0:46874] with SimpleStateMachine4Testing:uninitialized
2019-09-24 16:24:23,540 INFO  server.RaftServerConfigKeys (ConfUtils.java:logGet(43)) - raft.server.rpc.timeout.min = 150ms (default)
2019-09-24 16:24:23,540 INFO  server.RaftServerConfigKeys (ConfUtils.java:logGet(43)) - raft.server.rpc.timeout.max = 300ms (default)
2019-09-24 16:24:23,541 INFO  server.RaftServerConfigKeys (ConfUtils.java:logGet(43)) - raft.server.rpcslowness.timeout = 60s (default)
2019-09-24 16:24:23,541 INFO  server.RaftServerConfigKeys (ConfUtils.java:logGet(43)) - raft.server.sleep.deviation.threshold = 300 (default)
2019-09-24 16:24:23,541 INFO  server.RaftServerConfigKeys (ConfUtils.java:logGet(43)) - raft.server.log.appender.install.snapshot.enabled = true (default)
2019-09-24 16:24:23,541 INFO  impl.RaftServerImpl (ServerState.java:<init>(103)) - s0@group-8CD3D5D79AB9: ConfigurationManager, init=-1: [s0:0.0.0.0:46874], old=null, confs=<EMPTY_MAP>
2019-09-24 16:24:23,542 INFO  server.RaftServerConfigKeys (ConfUtils.java:logGet(43)) - raft.server.storage.dir = [/workdir/ratis-test/target/test/data/5c8b5fb9/MiniRaftClusterWithGrpc97aa1f16/s0] (custom)
2019-09-24 16:24:23,542 INFO  server.RaftServerConfigKeys (ConfUtils.java:logGet(43)) - raft.server.log.corruption.policy = EXCEPTION (default)
2019-09-24 16:24:23,542 INFO  storage.RaftStorageDirectory (RaftStorageDirectory.java:analyzeStorage(246)) - The storage directory /workdir/ratis-test/target/test/data/5c8b5fb9/MiniRaftClusterWithGrpc97aa1f16/s0/a10bca34-942e-403c-b9a6-8cd3d5d79ab9 does not exist. Creating ...
2019-09-24 16:24:23,543 TRACE util.FileUtils (LogUtils.java:runAndLog(61)) - Successfully ran Files.createDirectories /workdir/ratis-test/target/test/data/5c8b5fb9/MiniRaftClusterWithGrpc97aa1f16/s0/a10bca34-942e-403c-b9a6-8cd3d5d79ab9
2019-09-24 16:24:23,607 INFO  storage.RaftStorageDirectory (RaftStorageDirectory.java:tryLock(328)) - Lock on /workdir/ratis-test/target/test/data/5c8b5fb9/MiniRaftClusterWithGrpc97aa1f16/s0/a10bca34-942e-403c-b9a6-8cd3d5d79ab9/in_use.lock acquired by nodename 21677@ratis-test-vphbd-3564017154
2019-09-24 16:24:23,607 TRACE util.FileUtils (LogUtils.java:runAndLog(61)) - Successfully ran Files.createDirectories /workdir/ratis-test/target/test/data/5c8b5fb9/MiniRaftClusterWithGrpc97aa1f16/s0/a10bca34-942e-403c-b9a6-8cd3d5d79ab9/current
2019-09-24 16:24:23,608 TRACE util.FileUtils (LogUtils.java:runAndLog(61)) - Successfully ran Files.createDirectories /workdir/ratis-test/target/test/data/5c8b5fb9/MiniRaftClusterWithGrpc97aa1f16/s0/a10bca34-942e-403c-b9a6-8cd3d5d79ab9/sm
2019-09-24 16:24:23,636 INFO  storage.RaftStorage (RaftStorage.java:format(84)) - Storage directory /workdir/ratis-test/target/test/data/5c8b5fb9/MiniRaftClusterWithGrpc97aa1f16/s0/a10bca34-942e-403c-b9a6-8cd3d5d79ab9 has been successfully formatted.
2019-09-24 16:24:23,637 INFO  statemachine.SimpleStateMachine4Testing (SimpleStateMachine4Testing.java:initialize(206)) - Initializing SimpleStateMachine4Testing:uninitialized
2019-09-24 16:24:23,637 INFO  statemachine.SimpleStateMachine4Testing (SimpleStateMachine4Testing.java:loadSnapshot(296)) - The snapshot file null does not exist
2019-09-24 16:24:23,637 INFO  server.RaftServerConfigKeys (ConfUtils.java:logGet(43)) - raft.server.notification.no-leader.timeout = 60s (default)
2019-09-24 16:24:23,638 INFO  server.RaftServerConfigKeys (ConfUtils.java:logGet(43)) - raft.server.log.use.memory = false (default)
2019-09-24 16:24:23,638 INFO  server.RaftServerConfigKeys (ConfUtils.java:logGet(43)) - raft.server.log.purge.gap = 1024 (default)
2019-09-24 16:24:23,638 INFO  server.RaftServerConfigKeys (ConfUtils.java:logGet(43)) - raft.server.log.appender.buffer.byte-limit = 4MB (=4194304) (default)
2019-09-24 16:24:23,638 INFO  server.RaftServerConfigKeys (ConfUtils.java:logGet(43)) - raft.server.log.segment.size.max = 8MB (=8388608) (default)
2019-09-24 16:24:23,639 INFO  server.RaftServerConfigKeys (ConfUtils.java:logGet(43)) - raft.server.log.segment.cache.num.max = 6 (default)
2019-09-24 16:24:23,639 INFO  segmented.SegmentedRaftLogWorker (SegmentedRaftLogWorker.java:<init>(172)) - new s0@group-8CD3D5D79AB9-SegmentedRaftLogWorker for RaftStorage:Storage Directory /workdir/ratis-test/target/test/data/5c8b5fb9/MiniRaftClusterWithGrpc97aa1f16/s0/a10bca34-942e-403c-b9a6-8cd3d5d79ab9
2019-09-24 16:24:23,639 INFO  server.RaftServerConfigKeys (ConfUtils.java:logGet(43)) - raft.server.log.queue.byte-limit = 64MB (=67108864) (default)
2019-09-24 16:24:23,639 INFO  server.RaftServerConfigKeys (ConfUtils.java:logGet(43)) - raft.server.log.queue.element-limit = 4096 (default)
2019-09-24 16:24:23,640 INFO  server.RaftServerConfigKeys (ConfUtils.java:logGet(43)) - raft.server.log.segment.size.max = 8MB (=8388608) (default)
2019-09-24 16:24:23,640 INFO  server.RaftServerConfigKeys (ConfUtils.java:logGet(43)) - raft.server.log.preallocated.size = 4MB (=4194304) (default)
2019-09-24 16:24:23,640 INFO  server.RaftServerConfigKeys (ConfUtils.java:logGet(43)) - raft.server.log.write.buffer.size = 64KB (=65536) (default)
2019-09-24 16:24:23,640 INFO  server.RaftServerConfigKeys (ConfUtils.java:logGet(43)) - raft.server.log.force.sync.num = 128 (default)
2019-09-24 16:24:23,641 INFO  server.RaftServerConfigKeys (ConfUtils.java:logGet(43)) - raft.server.log.statemachine.data.sync = true (default)
2019-09-24 16:24:23,641 INFO  server.RaftServerConfigKeys (ConfUtils.java:logGet(43)) - raft.server.log.statemachine.data.sync.timeout = 10s (default)
2019-09-24 16:24:23,641 INFO  server.RaftServerConfigKeys (ConfUtils.java:logGet(43)) - raft.server.log.statemachine.data.sync.timeout.retry = -1 (default)
2019-09-24 16:24:23,641 INFO  server.RaftServerConfigKeys (ConfUtils.java:logGet(43)) - raft.server.log.statemachine.data.caching.enabled = false (default)
2019-09-24 16:24:23,642 INFO  segmented.SegmentedRaftLogWorker (SegmentedRaftLogWorker.java:lambda$new$0(132)) - s0@group-8CD3D5D79AB9-SegmentedRaftLogWorker: flushIndex: setUnconditionally 0 -> -1
2019-09-24 16:24:23,642 INFO  server.RaftServerConfigKeys (ConfUtils.java:logGet(43)) - raft.server.snapshot.auto.trigger.enabled = true (custom)
2019-09-24 16:24:23,643 INFO  server.RaftServerConfigKeys (ConfUtils.java:logGet(43)) - raft.server.snapshot.auto.trigger.threshold = 10 (custom)
2019-09-24 16:24:23,643 INFO  server.RaftServerConfigKeys (ConfUtils.java:logGet(43)) - raft.server.snapshot.retention.file.num = -1 (default)
2019-09-24 16:24:23,643 INFO  server.RaftServerConfigKeys (ConfUtils.java:logGet(43)) - raft.server.retrycache.expirytime = 60s (default)
2019-09-24 16:24:23,651 INFO  impl.RaftServerImpl (RaftServerImpl.java:start(181)) - s0@group-8CD3D5D79AB9: start as a follower, conf=-1: [s0:0.0.0.0:46874], old=null
2019-09-24 16:24:23,651 INFO  impl.RaftServerImpl (RaftServerImpl.java:setRole(170)) - s0@group-8CD3D5D79AB9: changes role from      null to FOLLOWER at term 0 for startAsFollower
2019-09-24 16:24:23,652 INFO  impl.RoleInfo (RoleInfo.java:updateAndGet(143)) - s0: start FollowerState
2019-09-24 16:24:23,652 INFO  util.JmxRegister (JmxRegister.java:tryRegister(44)) - Successfully registered JMX Bean with object name Ratis:service=RaftServer,group=group-8CD3D5D79AB9,id=s0
2019-09-24 16:24:23,660 INFO  impl.RaftServerProxy (RaftServerProxy.java:lambda$start$3(299)) - s0: start RPC server
2019-09-24 16:24:23,662 INFO  server.GrpcService (GrpcService.java:startImpl(158)) - s0: GrpcService started, listening on 0.0.0.0/0.0.0.0:46874
2019-09-24 16:24:23,663 INFO  server.RaftServerConfigKeys (ConfUtils.java:logGet(43)) - raft.server.rpc.timeout.max = 300ms (default)
2019-09-24 16:24:23,663 INFO  ratis.RaftTestUtil (RaftTestUtil.java:waitForLeader(86)) - printing ALL groups
  s0:  RUNNING  FOLLOWER s0@group-8CD3D5D79AB9:t0, leader=null, voted=null, raftlog=s0@group-8CD3D5D79AB9-SegmentedRaftLog:OPENED:c-1,f-1,i0, conf=-1: [s0:0.0.0.0:46874], old=null RUNNING
2019-09-24 16:24:23,664 WARN  ratis.RaftTestUtil (JavaUtils.java:attempt(158)) - FAILED "waitForLeader-null-(expectLeader? true)", attempt #1/100: java.lang.IllegalStateException: No leader yet : printing ALL groups
  s0:  RUNNING  FOLLOWER s0@group-8CD3D5D79AB9:t0, leader=null, voted=null, raftlog=s0@group-8CD3D5D79AB9-SegmentedRaftLog:OPENED:c-1,f-1,i0, conf=-1: [s0:0.0.0.0:46874], old=null RUNNING, sleep 450ms and then retry.
java.lang.IllegalStateException: No leader yet : printing ALL groups
  s0:  RUNNING  FOLLOWER s0@group-8CD3D5D79AB9:t0, leader=null, voted=null, raftlog=s0@group-8CD3D5D79AB9-SegmentedRaftLog:OPENED:c-1,f-1,i0, conf=-1: [s0:0.0.0.0:46874], old=null RUNNING
	at org.apache.ratis.MiniRaftCluster.newIllegalStateExceptionForNoLeaders(MiniRaftCluster.java:506)
	at org.apache.ratis.RaftTestUtil.lambda$waitForLeader$1(RaftTestUtil.java:90)
	at org.apache.ratis.MiniRaftCluster.getLeader(MiniRaftCluster.java:539)
	at org.apache.ratis.MiniRaftCluster.getLeader(MiniRaftCluster.java:532)
	at org.apache.ratis.RaftTestUtil.lambda$waitForLeader$3(RaftTestUtil.java:98)
	at org.apache.ratis.util.JavaUtils.attempt(JavaUtils.java:152)
	at org.apache.ratis.RaftTestUtil.waitForLeader(RaftTestUtil.java:97)
	at org.apache.ratis.RaftTestUtil.waitForLeader(RaftTestUtil.java:77)
	at org.apache.ratis.RaftTestUtil.waitForLeader(RaftTestUtil.java:72)
	at org.apache.ratis.statemachine.RaftSnapshotBaseTest.testBasicInstallSnapshot(RaftSnapshotBaseTest.java:170)
	at sun.reflect.NativeMethodAccessorImpl.invoke0(Native Method)
	at sun.reflect.NativeMethodAccessorImpl.invoke(NativeMethodAccessorImpl.java:62)
	at sun.reflect.DelegatingMethodAccessorImpl.invoke(DelegatingMethodAccessorImpl.java:43)
	at java.lang.reflect.Method.invoke(Method.java:498)
	at org.junit.runners.model.FrameworkMethod$1.runReflectiveCall(FrameworkMethod.java:50)
	at org.junit.internal.runners.model.ReflectiveCallable.run(ReflectiveCallable.java:12)
	at org.junit.runners.model.FrameworkMethod.invokeExplosively(FrameworkMethod.java:47)
	at org.junit.internal.runners.statements.InvokeMethod.evaluate(InvokeMethod.java:17)
	at org.junit.internal.runners.statements.RunBefores.evaluate(RunBefores.java:26)
	at org.junit.internal.runners.statements.RunAfters.evaluate(RunAfters.java:27)
	at org.junit.internal.runners.statements.FailOnTimeout$CallableStatement.call(FailOnTimeout.java:298)
	at org.junit.internal.runners.statements.FailOnTimeout$CallableStatement.call(FailOnTimeout.java:292)
	at java.util.concurrent.FutureTask.run(FutureTask.java:266)
	at java.lang.Thread.run(Thread.java:748)
2019-09-24 16:24:23,941 INFO  impl.FollowerState (FollowerState.java:run(108)) - s0@group-8CD3D5D79AB9-FollowerState: change to CANDIDATE, lastRpcTime:289ms, electionTimeout:289ms
2019-09-24 16:24:23,942 INFO  impl.RoleInfo (RoleInfo.java:shutdownFollowerState(121)) - s0: shutdown FollowerState
2019-09-24 16:24:23,942 INFO  impl.RaftServerImpl (RaftServerImpl.java:setRole(170)) - s0@group-8CD3D5D79AB9: changes role from  FOLLOWER to CANDIDATE at term 0 for changeToCandidate
2019-09-24 16:24:23,943 INFO  impl.RoleInfo (RoleInfo.java:updateAndGet(143)) - s0: start LeaderElection
2019-09-24 16:24:23,967 INFO  impl.LeaderElection (LeaderElection.java:askForVotes(178)) - s0@group-8CD3D5D79AB9-LeaderElection3: begin an election at term 1 for -1: [s0:0.0.0.0:46874], old=null
2019-09-24 16:24:23,967 INFO  impl.RoleInfo (RoleInfo.java:shutdownLeaderElection(134)) - s0: shutdown LeaderElection
2019-09-24 16:24:23,968 INFO  impl.RaftServerImpl (RaftServerImpl.java:setRole(170)) - s0@group-8CD3D5D79AB9: changes role from CANDIDATE to LEADER at term 1 for changeToLeader
2019-09-24 16:24:23,968 INFO  impl.RaftServerImpl (ServerState.java:setLeader(254)) - s0@group-8CD3D5D79AB9: change Leader from null to s0 at term 1 for becomeLeader, leader elected after 330ms
2019-09-24 16:24:23,968 INFO  server.RaftServerConfigKeys (ConfUtils.java:logGet(43)) - raft.server.staging.catchup.gap = 1000 (default)
2019-09-24 16:24:23,968 INFO  server.RaftServerConfigKeys (ConfUtils.java:logGet(43)) - raft.server.rpc.sleep.time = 25ms (default)
2019-09-24 16:24:23,969 INFO  server.RaftServerConfigKeys (ConfUtils.java:logGet(43)) - raft.server.write.element-limit = 4096 (default)
2019-09-24 16:24:23,969 INFO  server.RaftServerConfigKeys (ConfUtils.java:logGet(43)) - raft.server.watch.timeout = 10s (default)
2019-09-24 16:24:23,969 INFO  server.RaftServerConfigKeys (ConfUtils.java:logGet(43)) - raft.server.watch.timeout.denomination = 1s (default)
2019-09-24 16:24:23,969 INFO  server.RaftServerConfigKeys (ConfUtils.java:logGet(43)) - raft.server.watch.element-limit = 65536 (default)
2019-09-24 16:24:23,974 INFO  impl.RoleInfo (RoleInfo.java:updateAndGet(143)) - s0: start LeaderState
2019-09-24 16:24:23,974 DEBUG raftlog.RaftLog (SegmentedRaftLog.java:appendImpl(425)) - truncateIndex=-1, arrayIndex=0
2019-09-24 16:24:23,975 INFO  segmented.SegmentedRaftLogWorker (SegmentedRaftLogWorker.java:startLogSegment(380)) - s0@group-8CD3D5D79AB9-SegmentedRaftLogWorker: Starting segment from index:0
2019-09-24 16:24:23,975 INFO  impl.RaftServerImpl (ServerState.java:setRaftConf(355)) - s0@group-8CD3D5D79AB9: set configuration 0: [s0:0.0.0.0:46874], old=null at 0
2019-09-24 16:24:24,115 INFO  ratis.RaftTestUtil (RaftTestUtil.java:waitForLeader(101)) - printing ALL groups
  s0:  RUNNING    LEADER s0@group-8CD3D5D79AB9:t1, leader=s0, voted=s0, raftlog=s0@group-8CD3D5D79AB9-SegmentedRaftLog:OPENED:c-1,f-1,i0, conf=0: [s0:0.0.0.0:46874], old=null RUNNING
2019-09-24 16:24:24,116 DEBUG client.RaftClient (ConfUtils.java:logGet(43)) - raft.rpc.type = GRPC (default)
2019-09-24 16:24:24,116 DEBUG client.RaftClient (RaftClientImpl.java:sendRequest(275)) - client-251AB43E6EB4: send RaftClientRequest:client-251AB43E6EB4->s0@group-8CD3D5D79AB9, cid=19, seq=0, RW, m0
2019-09-24 16:24:24,126 DEBUG impl.RaftServerImpl (RaftServerImpl.java:submitClientRequestAsync(533)) - s0@group-8CD3D5D79AB9: receive client request(RaftClientRequest:client-251AB43E6EB4->s0@group-8CD3D5D79AB9, cid=19, seq=0, RW, Message:6d30)
2019-09-24 16:24:24,127 INFO  client.GrpcClientProtocolService (GrpcClientProtocolService.java:lambda$processClientRequest$0(278)) - Failed RaftClientRequest:client-251AB43E6EB4->s0@group-8CD3D5D79AB9, cid=19, seq=0, RW, Message:6d30, reply=RaftClientReply:client-251AB43E6EB4->s0@group-8CD3D5D79AB9, cid=19, FAILED org.apache.ratis.protocol.LeaderNotReadyException: s0@group-8CD3D5D79AB9 is in LEADER state but not ready yet., logIndex=0, commits[s0:c-1]
2019-09-24 16:24:24,129 INFO  segmented.SegmentedRaftLogWorker (SegmentedRaftLogWorker.java:execute(569)) - s0@group-8CD3D5D79AB9-SegmentedRaftLogWorker: created new log segment /workdir/ratis-test/target/test/data/5c8b5fb9/MiniRaftClusterWithGrpc97aa1f16/s0/a10bca34-942e-403c-b9a6-8cd3d5d79ab9/current/log_inprogress_0
2019-09-24 16:24:24,131 DEBUG client.RaftClient (RaftClientImpl.java:sendRequest(285)) - client-251AB43E6EB4: receive RaftClientReply:client-251AB43E6EB4->s0@group-8CD3D5D79AB9, cid=19, FAILED org.apache.ratis.protocol.LeaderNotReadyException: s0@group-8CD3D5D79AB9 is in LEADER state but not ready yet., logIndex=0, commits[s0:c-1]
2019-09-24 16:24:24,231 DEBUG client.RaftClient (RaftClientImpl.java:sendRequest(275)) - client-251AB43E6EB4: send RaftClientRequest:client-251AB43E6EB4->s0@group-8CD3D5D79AB9, cid=19, seq=0, RW, m0
2019-09-24 16:24:24,236 DEBUG impl.RaftServerImpl (RaftServerImpl.java:submitClientRequestAsync(533)) - s0@group-8CD3D5D79AB9: receive client request(RaftClientRequest:client-251AB43E6EB4->s0@group-8CD3D5D79AB9, cid=19, seq=0, RW, Message:6d30)
2019-09-24 16:24:24,237 DEBUG impl.RaftServerImpl (LeaderState.java:addPendingRequest(317)) - s0@group-8CD3D5D79AB9-LeaderState: addPendingRequest at RaftClientRequest:client-251AB43E6EB4->s0@group-8CD3D5D79AB9, cid=19, seq=0, RW, Message:6d30, entry=(t:1, i:1), STATEMACHINELOGENTRY, client-251AB43E6EB4, cid=19
2019-09-24 16:24:24,252 INFO  statemachine.SimpleStateMachine4Testing (SimpleStateMachine4Testing.java:put(198)) - s0: put 1, m0 -> (t:1, i:1), STATEMACHINELOGENTRY, client-251AB43E6EB4, cid=19
2019-09-24 16:24:24,255 DEBUG client.RaftClient (RaftClientImpl.java:sendRequest(285)) - client-251AB43E6EB4: receive RaftClientReply:client-251AB43E6EB4->s0@group-8CD3D5D79AB9, cid=19, SUCCESS, logIndex=1, commits[s0:c1]
2019-09-24 16:24:24,255 DEBUG client.RaftClient (RaftClientImpl.java:sendRequest(275)) - client-251AB43E6EB4: send RaftClientRequest:client-251AB43E6EB4->s0@group-8CD3D5D79AB9, cid=20, seq=0, RW, m1
2019-09-24 16:24:24,259 DEBUG impl.RaftServerImpl (RaftServerImpl.java:submitClientRequestAsync(533)) - s0@group-8CD3D5D79AB9: receive client request(RaftClientRequest:client-251AB43E6EB4->s0@group-8CD3D5D79AB9, cid=20, seq=0, RW, Message:6d31)
2019-09-24 16:24:24,260 DEBUG impl.RaftServerImpl (LeaderState.java:addPendingRequest(317)) - s0@group-8CD3D5D79AB9-LeaderState: addPendingRequest at RaftClientRequest:client-251AB43E6EB4->s0@group-8CD3D5D79AB9, cid=20, seq=0, RW, Message:6d31, entry=(t:1, i:3), STATEMACHINELOGENTRY, client-251AB43E6EB4, cid=20
2019-09-24 16:24:24,293 INFO  statemachine.SimpleStateMachine4Testing (SimpleStateMachine4Testing.java:put(198)) - s0: put 3, m1 -> (t:1, i:3), STATEMACHINELOGENTRY, client-251AB43E6EB4, cid=20
2019-09-24 16:24:24,297 DEBUG client.RaftClient (RaftClientImpl.java:sendRequest(285)) - client-251AB43E6EB4: receive RaftClientReply:client-251AB43E6EB4->s0@group-8CD3D5D79AB9, cid=20, SUCCESS, logIndex=3, commits[s0:c3]
2019-09-24 16:24:24,298 DEBUG client.RaftClient (RaftClientImpl.java:sendRequest(275)) - client-251AB43E6EB4: send RaftClientRequest:client-251AB43E6EB4->s0@group-8CD3D5D79AB9, cid=21, seq=0, RW, m2
2019-09-24 16:24:24,300 DEBUG impl.RaftServerImpl (RaftServerImpl.java:submitClientRequestAsync(533)) - s0@group-8CD3D5D79AB9: receive client request(RaftClientRequest:client-251AB43E6EB4->s0@group-8CD3D5D79AB9, cid=21, seq=0, RW, Message:6d32)
2019-09-24 16:24:24,301 DEBUG impl.RaftServerImpl (LeaderState.java:addPendingRequest(317)) - s0@group-8CD3D5D79AB9-LeaderState: addPendingRequest at RaftClientRequest:client-251AB43E6EB4->s0@group-8CD3D5D79AB9, cid=21, seq=0, RW, Message:6d32, entry=(t:1, i:5), STATEMACHINELOGENTRY, client-251AB43E6EB4, cid=21
2019-09-24 16:24:24,343 INFO  statemachine.SimpleStateMachine4Testing (SimpleStateMachine4Testing.java:put(198)) - s0: put 5, m2 -> (t:1, i:5), STATEMACHINELOGENTRY, client-251AB43E6EB4, cid=21
2019-09-24 16:24:24,347 DEBUG client.RaftClient (RaftClientImpl.java:sendRequest(285)) - client-251AB43E6EB4: receive RaftClientReply:client-251AB43E6EB4->s0@group-8CD3D5D79AB9, cid=21, SUCCESS, logIndex=5, commits[s0:c5]
2019-09-24 16:24:24,347 DEBUG client.RaftClient (RaftClientImpl.java:sendRequest(275)) - client-251AB43E6EB4: send RaftClientRequest:client-251AB43E6EB4->s0@group-8CD3D5D79AB9, cid=22, seq=0, RW, m3
2019-09-24 16:24:24,350 DEBUG impl.RaftServerImpl (RaftServerImpl.java:submitClientRequestAsync(533)) - s0@group-8CD3D5D79AB9: receive client request(RaftClientRequest:client-251AB43E6EB4->s0@group-8CD3D5D79AB9, cid=22, seq=0, RW, Message:6d33)
2019-09-24 16:24:24,351 DEBUG impl.RaftServerImpl (LeaderState.java:addPendingRequest(317)) - s0@group-8CD3D5D79AB9-LeaderState: addPendingRequest at RaftClientRequest:client-251AB43E6EB4->s0@group-8CD3D5D79AB9, cid=22, seq=0, RW, Message:6d33, entry=(t:1, i:7), STATEMACHINELOGENTRY, client-251AB43E6EB4, cid=22
2019-09-24 16:24:24,400 INFO  statemachine.SimpleStateMachine4Testing (SimpleStateMachine4Testing.java:put(198)) - s0: put 7, m3 -> (t:1, i:7), STATEMACHINELOGENTRY, client-251AB43E6EB4, cid=22
2019-09-24 16:24:24,405 DEBUG client.RaftClient (RaftClientImpl.java:sendRequest(285)) - client-251AB43E6EB4: receive RaftClientReply:client-251AB43E6EB4->s0@group-8CD3D5D79AB9, cid=22, SUCCESS, logIndex=7, commits[s0:c7]
2019-09-24 16:24:24,405 DEBUG client.RaftClient (RaftClientImpl.java:sendRequest(275)) - client-251AB43E6EB4: send RaftClientRequest:client-251AB43E6EB4->s0@group-8CD3D5D79AB9, cid=23, seq=0, RW, m4
2019-09-24 16:24:24,408 DEBUG impl.RaftServerImpl (RaftServerImpl.java:submitClientRequestAsync(533)) - s0@group-8CD3D5D79AB9: receive client request(RaftClientRequest:client-251AB43E6EB4->s0@group-8CD3D5D79AB9, cid=23, seq=0, RW, Message:6d34)
2019-09-24 16:24:24,410 DEBUG impl.RaftServerImpl (LeaderState.java:addPendingRequest(317)) - s0@group-8CD3D5D79AB9-LeaderState: addPendingRequest at RaftClientRequest:client-251AB43E6EB4->s0@group-8CD3D5D79AB9, cid=23, seq=0, RW, Message:6d34, entry=(t:1, i:9), STATEMACHINELOGENTRY, client-251AB43E6EB4, cid=23
2019-09-24 16:24:24,433 INFO  statemachine.SimpleStateMachine4Testing (SimpleStateMachine4Testing.java:put(198)) - s0: put 9, m4 -> (t:1, i:9), STATEMACHINELOGENTRY, client-251AB43E6EB4, cid=23
2019-09-24 16:24:24,437 DEBUG client.RaftClient (RaftClientImpl.java:sendRequest(285)) - client-251AB43E6EB4: receive RaftClientReply:client-251AB43E6EB4->s0@group-8CD3D5D79AB9, cid=23, SUCCESS, logIndex=9, commits[s0:c9]
2019-09-24 16:24:24,437 DEBUG client.RaftClient (RaftClientImpl.java:sendRequest(275)) - client-251AB43E6EB4: send RaftClientRequest:client-251AB43E6EB4->s0@group-8CD3D5D79AB9, cid=24, seq=0, RW, m5
2019-09-24 16:24:24,440 DEBUG impl.RaftServerImpl (RaftServerImpl.java:submitClientRequestAsync(533)) - s0@group-8CD3D5D79AB9: receive client request(RaftClientRequest:client-251AB43E6EB4->s0@group-8CD3D5D79AB9, cid=24, seq=0, RW, Message:6d35)
2019-09-24 16:24:24,441 DEBUG impl.RaftServerImpl (LeaderState.java:addPendingRequest(317)) - s0@group-8CD3D5D79AB9-LeaderState: addPendingRequest at RaftClientRequest:client-251AB43E6EB4->s0@group-8CD3D5D79AB9, cid=24, seq=0, RW, Message:6d35, entry=(t:1, i:11), STATEMACHINELOGENTRY, client-251AB43E6EB4, cid=24
2019-09-24 16:24:24,605 INFO  impl.StateMachineUpdater (StateMachineUpdater.java:takeSnapshot(269)) - s0@group-8CD3D5D79AB9-StateMachineUpdater: Took a snapshot at index 9
2019-09-24 16:24:24,605 INFO  impl.StateMachineUpdater (StateMachineUpdater.java:lambda$new$0(84)) - s0@group-8CD3D5D79AB9-StateMachineUpdater: snapshotIndex: updateIncreasingly -1 -> 9
2019-09-24 16:24:24,605 INFO  statemachine.SimpleStateMachine4Testing (SimpleStateMachine4Testing.java:put(198)) - s0: put 11, m5 -> (t:1, i:11), STATEMACHINELOGENTRY, client-251AB43E6EB4, cid=24
2019-09-24 16:24:24,609 DEBUG client.RaftClient (RaftClientImpl.java:sendRequest(285)) - client-251AB43E6EB4: receive RaftClientReply:client-251AB43E6EB4->s0@group-8CD3D5D79AB9, cid=24, SUCCESS, logIndex=11, commits[s0:c12]
2019-09-24 16:24:24,610 DEBUG client.RaftClient (RaftClientImpl.java:sendRequest(275)) - client-251AB43E6EB4: send RaftClientRequest:client-251AB43E6EB4->s0@group-8CD3D5D79AB9, cid=25, seq=0, RW, m6
2019-09-24 16:24:24,613 DEBUG impl.RaftServerImpl (RaftServerImpl.java:submitClientRequestAsync(533)) - s0@group-8CD3D5D79AB9: receive client request(RaftClientRequest:client-251AB43E6EB4->s0@group-8CD3D5D79AB9, cid=25, seq=0, RW, Message:6d36)
2019-09-24 16:24:24,614 DEBUG impl.RaftServerImpl (LeaderState.java:addPendingRequest(317)) - s0@group-8CD3D5D79AB9-LeaderState: addPendingRequest at RaftClientRequest:client-251AB43E6EB4->s0@group-8CD3D5D79AB9, cid=25, seq=0, RW, Message:6d36, entry=(t:1, i:13), STATEMACHINELOGENTRY, client-251AB43E6EB4, cid=25
2019-09-24 16:24:24,633 INFO  statemachine.SimpleStateMachine4Testing (SimpleStateMachine4Testing.java:put(198)) - s0: put 13, m6 -> (t:1, i:13), STATEMACHINELOGENTRY, client-251AB43E6EB4, cid=25
2019-09-24 16:24:24,636 DEBUG client.RaftClient (RaftClientImpl.java:sendRequest(285)) - client-251AB43E6EB4: receive RaftClientReply:client-251AB43E6EB4->s0@group-8CD3D5D79AB9, cid=25, SUCCESS, logIndex=13, commits[s0:c13]
2019-09-24 16:24:24,637 DEBUG client.RaftClient (RaftClientImpl.java:sendRequest(275)) - client-251AB43E6EB4: send RaftClientRequest:client-251AB43E6EB4->s0@group-8CD3D5D79AB9, cid=26, seq=0, RW, m7
2019-09-24 16:24:24,640 DEBUG impl.RaftServerImpl (RaftServerImpl.java:submitClientRequestAsync(533)) - s0@group-8CD3D5D79AB9: receive client request(RaftClientRequest:client-251AB43E6EB4->s0@group-8CD3D5D79AB9, cid=26, seq=0, RW, Message:6d37)
2019-09-24 16:24:24,641 DEBUG impl.RaftServerImpl (LeaderState.java:addPendingRequest(317)) - s0@group-8CD3D5D79AB9-LeaderState: addPendingRequest at RaftClientRequest:client-251AB43E6EB4->s0@group-8CD3D5D79AB9, cid=26, seq=0, RW, Message:6d37, entry=(t:1, i:15), STATEMACHINELOGENTRY, client-251AB43E6EB4, cid=26
2019-09-24 16:24:24,682 INFO  statemachine.SimpleStateMachine4Testing (SimpleStateMachine4Testing.java:put(198)) - s0: put 15, m7 -> (t:1, i:15), STATEMACHINELOGENTRY, client-251AB43E6EB4, cid=26
2019-09-24 16:24:24,686 DEBUG client.RaftClient (RaftClientImpl.java:sendRequest(285)) - client-251AB43E6EB4: receive RaftClientReply:client-251AB43E6EB4->s0@group-8CD3D5D79AB9, cid=26, SUCCESS, logIndex=15, commits[s0:c15]
2019-09-24 16:24:24,686 DEBUG client.RaftClient (RaftClientImpl.java:sendRequest(275)) - client-251AB43E6EB4: send RaftClientRequest:client-251AB43E6EB4->s0@group-8CD3D5D79AB9, cid=27, seq=0, RW, m8
2019-09-24 16:24:24,689 DEBUG impl.RaftServerImpl (RaftServerImpl.java:submitClientRequestAsync(533)) - s0@group-8CD3D5D79AB9: receive client request(RaftClientRequest:client-251AB43E6EB4->s0@group-8CD3D5D79AB9, cid=27, seq=0, RW, Message:6d38)
2019-09-24 16:24:24,690 DEBUG impl.RaftServerImpl (LeaderState.java:addPendingRequest(317)) - s0@group-8CD3D5D79AB9-LeaderState: addPendingRequest at RaftClientRequest:client-251AB43E6EB4->s0@group-8CD3D5D79AB9, cid=27, seq=0, RW, Message:6d38, entry=(t:1, i:17), STATEMACHINELOGENTRY, client-251AB43E6EB4, cid=27
2019-09-24 16:24:24,715 INFO  statemachine.SimpleStateMachine4Testing (SimpleStateMachine4Testing.java:put(198)) - s0: put 17, m8 -> (t:1, i:17), STATEMACHINELOGENTRY, client-251AB43E6EB4, cid=27
2019-09-24 16:24:24,719 DEBUG client.RaftClient (RaftClientImpl.java:sendRequest(285)) - client-251AB43E6EB4: receive RaftClientReply:client-251AB43E6EB4->s0@group-8CD3D5D79AB9, cid=27, SUCCESS, logIndex=17, commits[s0:c17]
2019-09-24 16:24:24,719 DEBUG client.RaftClient (RaftClientImpl.java:sendRequest(275)) - client-251AB43E6EB4: send RaftClientRequest:client-251AB43E6EB4->s0@group-8CD3D5D79AB9, cid=28, seq=0, RW, m9
2019-09-24 16:24:24,722 DEBUG impl.RaftServerImpl (RaftServerImpl.java:submitClientRequestAsync(533)) - s0@group-8CD3D5D79AB9: receive client request(RaftClientRequest:client-251AB43E6EB4->s0@group-8CD3D5D79AB9, cid=28, seq=0, RW, Message:6d39)
2019-09-24 16:24:24,723 DEBUG impl.RaftServerImpl (LeaderState.java:addPendingRequest(317)) - s0@group-8CD3D5D79AB9-LeaderState: addPendingRequest at RaftClientRequest:client-251AB43E6EB4->s0@group-8CD3D5D79AB9, cid=28, seq=0, RW, Message:6d39, entry=(t:1, i:19), STATEMACHINELOGENTRY, client-251AB43E6EB4, cid=28
2019-09-24 16:24:24,760 INFO  statemachine.SimpleStateMachine4Testing (SimpleStateMachine4Testing.java:put(198)) - s0: put 19, m9 -> (t:1, i:19), STATEMACHINELOGENTRY, client-251AB43E6EB4, cid=28
2019-09-24 16:24:24,764 DEBUG client.RaftClient (RaftClientImpl.java:sendRequest(285)) - client-251AB43E6EB4: receive RaftClientReply:client-251AB43E6EB4->s0@group-8CD3D5D79AB9, cid=28, SUCCESS, logIndex=19, commits[s0:c19]
2019-09-24 16:24:24,764 DEBUG client.RaftClient (RaftClientImpl.java:sendRequest(275)) - client-251AB43E6EB4: send RaftClientRequest:client-251AB43E6EB4->s0@group-8CD3D5D79AB9, cid=29, seq=0, RW, m10
2019-09-24 16:24:24,768 DEBUG impl.RaftServerImpl (RaftServerImpl.java:submitClientRequestAsync(533)) - s0@group-8CD3D5D79AB9: receive client request(RaftClientRequest:client-251AB43E6EB4->s0@group-8CD3D5D79AB9, cid=29, seq=0, RW, Message:6d3130)
2019-09-24 16:24:24,769 DEBUG impl.RaftServerImpl (LeaderState.java:addPendingRequest(317)) - s0@group-8CD3D5D79AB9-LeaderState: addPendingRequest at RaftClientRequest:client-251AB43E6EB4->s0@group-8CD3D5D79AB9, cid=29, seq=0, RW, Message:6d3130, entry=(t:1, i:21), STATEMACHINELOGENTRY, client-251AB43E6EB4, cid=29
2019-09-24 16:24:24,916 INFO  impl.StateMachineUpdater (StateMachineUpdater.java:takeSnapshot(269)) - s0@group-8CD3D5D79AB9-StateMachineUpdater: Took a snapshot at index 19
2019-09-24 16:24:24,916 INFO  impl.StateMachineUpdater (StateMachineUpdater.java:lambda$new$0(84)) - s0@group-8CD3D5D79AB9-StateMachineUpdater: snapshotIndex: updateIncreasingly 9 -> 19
2019-09-24 16:24:24,917 INFO  statemachine.SimpleStateMachine4Testing (SimpleStateMachine4Testing.java:put(198)) - s0: put 21, m10 -> (t:1, i:21), STATEMACHINELOGENTRY, client-251AB43E6EB4, cid=29
2019-09-24 16:24:24,922 DEBUG client.RaftClient (RaftClientImpl.java:sendRequest(285)) - client-251AB43E6EB4: receive RaftClientReply:client-251AB43E6EB4->s0@group-8CD3D5D79AB9, cid=29, SUCCESS, logIndex=21, commits[s0:c22]
2019-09-24 16:24:24,922 DEBUG client.RaftClient (RaftClientImpl.java:sendRequest(275)) - client-251AB43E6EB4: send RaftClientRequest:client-251AB43E6EB4->s0@group-8CD3D5D79AB9, cid=30, seq=0, RW, m11
2019-09-24 16:24:24,926 DEBUG impl.RaftServerImpl (RaftServerImpl.java:submitClientRequestAsync(533)) - s0@group-8CD3D5D79AB9: receive client request(RaftClientRequest:client-251AB43E6EB4->s0@group-8CD3D5D79AB9, cid=30, seq=0, RW, Message:6d3131)
2019-09-24 16:24:24,927 DEBUG impl.RaftServerImpl (LeaderState.java:addPendingRequest(317)) - s0@group-8CD3D5D79AB9-LeaderState: addPendingRequest at RaftClientRequest:client-251AB43E6EB4->s0@group-8CD3D5D79AB9, cid=30, seq=0, RW, Message:6d3131, entry=(t:1, i:23), STATEMACHINELOGENTRY, client-251AB43E6EB4, cid=30
2019-09-24 16:24:24,941 INFO  statemachine.SimpleStateMachine4Testing (SimpleStateMachine4Testing.java:put(198)) - s0: put 23, m11 -> (t:1, i:23), STATEMACHINELOGENTRY, client-251AB43E6EB4, cid=30
2019-09-24 16:24:24,946 DEBUG client.RaftClient (RaftClientImpl.java:sendRequest(285)) - client-251AB43E6EB4: receive RaftClientReply:client-251AB43E6EB4->s0@group-8CD3D5D79AB9, cid=30, SUCCESS, logIndex=23, commits[s0:c23]
2019-09-24 16:24:24,946 DEBUG client.RaftClient (RaftClientImpl.java:sendRequest(275)) - client-251AB43E6EB4: send RaftClientRequest:client-251AB43E6EB4->s0@group-8CD3D5D79AB9, cid=31, seq=0, RW, m12
2019-09-24 16:24:24,949 DEBUG impl.RaftServerImpl (RaftServerImpl.java:submitClientRequestAsync(533)) - s0@group-8CD3D5D79AB9: receive client request(RaftClientRequest:client-251AB43E6EB4->s0@group-8CD3D5D79AB9, cid=31, seq=0, RW, Message:6d3132)
2019-09-24 16:24:24,950 DEBUG impl.RaftServerImpl (LeaderState.java:addPendingRequest(317)) - s0@group-8CD3D5D79AB9-LeaderState: addPendingRequest at RaftClientRequest:client-251AB43E6EB4->s0@group-8CD3D5D79AB9, cid=31, seq=0, RW, Message:6d3132, entry=(t:1, i:25), STATEMACHINELOGENTRY, client-251AB43E6EB4, cid=31
2019-09-24 16:24:24,996 INFO  statemachine.SimpleStateMachine4Testing (SimpleStateMachine4Testing.java:put(198)) - s0: put 25, m12 -> (t:1, i:25), STATEMACHINELOGENTRY, client-251AB43E6EB4, cid=31
2019-09-24 16:24:25,000 DEBUG client.RaftClient (RaftClientImpl.java:sendRequest(285)) - client-251AB43E6EB4: receive RaftClientReply:client-251AB43E6EB4->s0@group-8CD3D5D79AB9, cid=31, SUCCESS, logIndex=25, commits[s0:c25]
2019-09-24 16:24:25,000 DEBUG client.RaftClient (RaftClientImpl.java:sendRequest(275)) - client-251AB43E6EB4: send RaftClientRequest:client-251AB43E6EB4->s0@group-8CD3D5D79AB9, cid=32, seq=0, RW, m13
2019-09-24 16:24:25,003 DEBUG impl.RaftServerImpl (RaftServerImpl.java:submitClientRequestAsync(533)) - s0@group-8CD3D5D79AB9: receive client request(RaftClientRequest:client-251AB43E6EB4->s0@group-8CD3D5D79AB9, cid=32, seq=0, RW, Message:6d3133)
2019-09-24 16:24:25,004 DEBUG impl.RaftServerImpl (LeaderState.java:addPendingRequest(317)) - s0@group-8CD3D5D79AB9-LeaderState: addPendingRequest at RaftClientRequest:client-251AB43E6EB4->s0@group-8CD3D5D79AB9, cid=32, seq=0, RW, Message:6d3133, entry=(t:1, i:27), STATEMACHINELOGENTRY, client-251AB43E6EB4, cid=32
2019-09-24 16:24:25,037 INFO  statemachine.SimpleStateMachine4Testing (SimpleStateMachine4Testing.java:put(198)) - s0: put 27, m13 -> (t:1, i:27), STATEMACHINELOGENTRY, client-251AB43E6EB4, cid=32
2019-09-24 16:24:25,040 DEBUG client.RaftClient (RaftClientImpl.java:sendRequest(285)) - client-251AB43E6EB4: receive RaftClientReply:client-251AB43E6EB4->s0@group-8CD3D5D79AB9, cid=32, SUCCESS, logIndex=27, commits[s0:c27]
2019-09-24 16:24:25,040 DEBUG client.RaftClient (RaftClientImpl.java:sendRequest(275)) - client-251AB43E6EB4: send RaftClientRequest:client-251AB43E6EB4->s0@group-8CD3D5D79AB9, cid=33, seq=0, RW, m14
2019-09-24 16:24:25,043 DEBUG impl.RaftServerImpl (RaftServerImpl.java:submitClientRequestAsync(533)) - s0@group-8CD3D5D79AB9: receive client request(RaftClientRequest:client-251AB43E6EB4->s0@group-8CD3D5D79AB9, cid=33, seq=0, RW, Message:6d3134)
2019-09-24 16:24:25,044 DEBUG impl.RaftServerImpl (LeaderState.java:addPendingRequest(317)) - s0@group-8CD3D5D79AB9-LeaderState: addPendingRequest at RaftClientRequest:client-251AB43E6EB4->s0@group-8CD3D5D79AB9, cid=33, seq=0, RW, Message:6d3134, entry=(t:1, i:29), STATEMACHINELOGENTRY, client-251AB43E6EB4, cid=33
2019-09-24 16:24:25,092 INFO  statemachine.SimpleStateMachine4Testing (SimpleStateMachine4Testing.java:put(198)) - s0: put 29, m14 -> (t:1, i:29), STATEMACHINELOGENTRY, client-251AB43E6EB4, cid=33
2019-09-24 16:24:25,096 DEBUG client.RaftClient (RaftClientImpl.java:sendRequest(285)) - client-251AB43E6EB4: receive RaftClientReply:client-251AB43E6EB4->s0@group-8CD3D5D79AB9, cid=33, SUCCESS, logIndex=29, commits[s0:c29]
2019-09-24 16:24:25,096 DEBUG client.RaftClient (RaftClientImpl.java:sendRequest(275)) - client-251AB43E6EB4: send RaftClientRequest:client-251AB43E6EB4->s0@group-8CD3D5D79AB9, cid=34, seq=0, RW, m15
2019-09-24 16:24:25,099 DEBUG impl.RaftServerImpl (RaftServerImpl.java:submitClientRequestAsync(533)) - s0@group-8CD3D5D79AB9: receive client request(RaftClientRequest:client-251AB43E6EB4->s0@group-8CD3D5D79AB9, cid=34, seq=0, RW, Message:6d3135)
2019-09-24 16:24:25,100 DEBUG impl.RaftServerImpl (LeaderState.java:addPendingRequest(317)) - s0@group-8CD3D5D79AB9-LeaderState: addPendingRequest at RaftClientRequest:client-251AB43E6EB4->s0@group-8CD3D5D79AB9, cid=34, seq=0, RW, Message:6d3135, entry=(t:1, i:31), STATEMACHINELOGENTRY, client-251AB43E6EB4, cid=34
2019-09-24 16:24:25,243 INFO  impl.StateMachineUpdater (StateMachineUpdater.java:takeSnapshot(269)) - s0@group-8CD3D5D79AB9-StateMachineUpdater: Took a snapshot at index 29
2019-09-24 16:24:25,243 INFO  impl.StateMachineUpdater (StateMachineUpdater.java:lambda$new$0(84)) - s0@group-8CD3D5D79AB9-StateMachineUpdater: snapshotIndex: updateIncreasingly 19 -> 29
2019-09-24 16:24:25,244 INFO  statemachine.SimpleStateMachine4Testing (SimpleStateMachine4Testing.java:put(198)) - s0: put 31, m15 -> (t:1, i:31), STATEMACHINELOGENTRY, client-251AB43E6EB4, cid=34
2019-09-24 16:24:25,248 DEBUG client.RaftClient (RaftClientImpl.java:sendRequest(285)) - client-251AB43E6EB4: receive RaftClientReply:client-251AB43E6EB4->s0@group-8CD3D5D79AB9, cid=34, SUCCESS, logIndex=31, commits[s0:c32]
2019-09-24 16:24:25,248 DEBUG client.RaftClient (RaftClientImpl.java:sendRequest(275)) - client-251AB43E6EB4: send RaftClientRequest:client-251AB43E6EB4->s0@group-8CD3D5D79AB9, cid=35, seq=0, RW, m16
2019-09-24 16:24:25,252 DEBUG impl.RaftServerImpl (RaftServerImpl.java:submitClientRequestAsync(533)) - s0@group-8CD3D5D79AB9: receive client request(RaftClientRequest:client-251AB43E6EB4->s0@group-8CD3D5D79AB9, cid=35, seq=0, RW, Message:6d3136)
2019-09-24 16:24:25,252 DEBUG impl.RaftServerImpl (LeaderState.java:addPendingRequest(317)) - s0@group-8CD3D5D79AB9-LeaderState: addPendingRequest at RaftClientRequest:client-251AB43E6EB4->s0@group-8CD3D5D79AB9, cid=35, seq=0, RW, Message:6d3136, entry=(t:1, i:33), STATEMACHINELOGENTRY, client-251AB43E6EB4, cid=35
2019-09-24 16:24:25,272 INFO  statemachine.SimpleStateMachine4Testing (SimpleStateMachine4Testing.java:put(198)) - s0: put 33, m16 -> (t:1, i:33), STATEMACHINELOGENTRY, client-251AB43E6EB4, cid=35
2019-09-24 16:24:25,275 DEBUG client.RaftClient (RaftClientImpl.java:sendRequest(285)) - client-251AB43E6EB4: receive RaftClientReply:client-251AB43E6EB4->s0@group-8CD3D5D79AB9, cid=35, SUCCESS, logIndex=33, commits[s0:c33]
2019-09-24 16:24:25,276 DEBUG client.RaftClient (RaftClientImpl.java:sendRequest(275)) - client-251AB43E6EB4: send RaftClientRequest:client-251AB43E6EB4->s0@group-8CD3D5D79AB9, cid=36, seq=0, RW, m17
2019-09-24 16:24:25,278 DEBUG impl.RaftServerImpl (RaftServerImpl.java:submitClientRequestAsync(533)) - s0@group-8CD3D5D79AB9: receive client request(RaftClientRequest:client-251AB43E6EB4->s0@group-8CD3D5D79AB9, cid=36, seq=0, RW, Message:6d3137)
2019-09-24 16:24:25,279 DEBUG impl.RaftServerImpl (LeaderState.java:addPendingRequest(317)) - s0@group-8CD3D5D79AB9-LeaderState: addPendingRequest at RaftClientRequest:client-251AB43E6EB4->s0@group-8CD3D5D79AB9, cid=36, seq=0, RW, Message:6d3137, entry=(t:1, i:35), STATEMACHINELOGENTRY, client-251AB43E6EB4, cid=36
2019-09-24 16:24:25,311 INFO  statemachine.SimpleStateMachine4Testing (SimpleStateMachine4Testing.java:put(198)) - s0: put 35, m17 -> (t:1, i:35), STATEMACHINELOGENTRY, client-251AB43E6EB4, cid=36
2019-09-24 16:24:25,315 DEBUG client.RaftClient (RaftClientImpl.java:sendRequest(285)) - client-251AB43E6EB4: receive RaftClientReply:client-251AB43E6EB4->s0@group-8CD3D5D79AB9, cid=36, SUCCESS, logIndex=35, commits[s0:c35]
2019-09-24 16:24:25,316 DEBUG client.RaftClient (RaftClientImpl.java:sendRequest(275)) - client-251AB43E6EB4: send RaftClientRequest:client-251AB43E6EB4->s0@group-8CD3D5D79AB9, cid=37, seq=0, RW, m18
2019-09-24 16:24:25,318 DEBUG impl.RaftServerImpl (RaftServerImpl.java:submitClientRequestAsync(533)) - s0@group-8CD3D5D79AB9: receive client request(RaftClientRequest:client-251AB43E6EB4->s0@group-8CD3D5D79AB9, cid=37, seq=0, RW, Message:6d3138)
2019-09-24 16:24:25,319 DEBUG impl.RaftServerImpl (LeaderState.java:addPendingRequest(317)) - s0@group-8CD3D5D79AB9-LeaderState: addPendingRequest at RaftClientRequest:client-251AB43E6EB4->s0@group-8CD3D5D79AB9, cid=37, seq=0, RW, Message:6d3138, entry=(t:1, i:37), STATEMACHINELOGENTRY, client-251AB43E6EB4, cid=37
2019-09-24 16:24:25,360 INFO  statemachine.SimpleStateMachine4Testing (SimpleStateMachine4Testing.java:put(198)) - s0: put 37, m18 -> (t:1, i:37), STATEMACHINELOGENTRY, client-251AB43E6EB4, cid=37
2019-09-24 16:24:25,364 DEBUG client.RaftClient (RaftClientImpl.java:sendRequest(285)) - client-251AB43E6EB4: receive RaftClientReply:client-251AB43E6EB4->s0@group-8CD3D5D79AB9, cid=37, SUCCESS, logIndex=37, commits[s0:c37]
2019-09-24 16:24:25,365 INFO  statemachine.RaftSnapshotBaseTest (RaftSnapshotBaseTest.java:testBasicInstallSnapshot(185)) - nextIndex = 39
2019-09-24 16:24:25,366 INFO  statemachine.RaftSnapshotBaseTest (RaftSnapshotBaseTest.java:exists(154)) - File exists: /workdir/ratis-test/target/test/data/5c8b5fb9/MiniRaftClusterWithGrpc97aa1f16/s0/a10bca34-942e-403c-b9a6-8cd3d5d79ab9/sm/snapshot.1_29
2019-09-24 16:24:25,367 INFO  ratis.MiniRaftCluster (MiniRaftCluster.java:shutdown(700)) - ************************************************************** 
2019-09-24 16:24:25,367 INFO  ratis.MiniRaftCluster (MiniRaftCluster.java:shutdown(701)) - *** 
2019-09-24 16:24:25,368 INFO  ratis.MiniRaftCluster (MiniRaftCluster.java:shutdown(702)) - ***     Stopping MiniRaftClusterWithGrpc
2019-09-24 16:24:25,368 INFO  ratis.MiniRaftCluster (MiniRaftCluster.java:shutdown(703)) - *** 
2019-09-24 16:24:25,368 INFO  ratis.MiniRaftCluster (MiniRaftCluster.java:shutdown(704)) - ************************************************************** 
2019-09-24 16:24:25,368 INFO  ratis.MiniRaftCluster (MiniRaftCluster.java:shutdown(705)) - printing ALL groups
  s0:  RUNNING    LEADER s0@group-8CD3D5D79AB9:t1, leader=s0, voted=s0, raftlog=s0@group-8CD3D5D79AB9-SegmentedRaftLog:OPENED:c37,f37,i38, conf=0: [s0:0.0.0.0:46874], old=null RUNNING
2019-09-24 16:24:25,369 INFO  impl.RaftServerProxy (RaftServerProxy.java:lambda$close$4(314)) - s0: close
2019-09-24 16:24:25,370 INFO  impl.RaftServerImpl (RaftServerImpl.java:lambda$shutdown$3(247)) - s0@group-8CD3D5D79AB9: shutdown
2019-09-24 16:24:25,370 INFO  util.JmxRegister (JmxRegister.java:unregister(73)) - Successfully un-registered JMX Bean with object name Ratis:service=RaftServer,group=group-8CD3D5D79AB9,id=s0
2019-09-24 16:24:25,370 INFO  impl.RoleInfo (RoleInfo.java:shutdownLeaderState(104)) - s0: shutdown LeaderState
2019-09-24 16:24:25,370 INFO  impl.PendingRequests (PendingRequests.java:sendNotLeaderResponses(202)) - s0@group-8CD3D5D79AB9-PendingRequests: sendNotLeaderResponses
2019-09-24 16:24:25,371 INFO  impl.StateMachineUpdater (StateMachineUpdater.java:stopAndJoin(136)) - s0@group-8CD3D5D79AB9-StateMachineUpdater: set stopIndex = 37
2019-09-24 16:24:25,561 INFO  impl.StateMachineUpdater (StateMachineUpdater.java:takeSnapshot(269)) - s0@group-8CD3D5D79AB9-StateMachineUpdater: Took a snapshot at index 37
2019-09-24 16:24:25,561 INFO  impl.StateMachineUpdater (StateMachineUpdater.java:lambda$new$0(84)) - s0@group-8CD3D5D79AB9-StateMachineUpdater: snapshotIndex: updateIncreasingly 29 -> 37
2019-09-24 16:24:25,561 INFO  impl.RaftServerImpl (ServerState.java:close(386)) - s0@group-8CD3D5D79AB9: closes. applyIndex: 37
2019-09-24 16:24:25,562 INFO  segmented.SegmentedRaftLogWorker (SegmentedRaftLogWorker.java:run(313)) - s0@group-8CD3D5D79AB9-SegmentedRaftLogWorker was interrupted, exiting. There are 0 tasks remaining in the queue.
2019-09-24 16:24:25,564 INFO  segmented.SegmentedRaftLogWorker (SegmentedRaftLogWorker.java:close(228)) - s0@group-8CD3D5D79AB9-SegmentedRaftLogWorker close()
2019-09-24 16:24:25,565 INFO  server.GrpcService (GrpcService.java:closeImpl(164)) - s0: shutdown server with port 46874 now
2019-09-24 16:24:25,566 INFO  server.GrpcService (GrpcService.java:closeImpl(172)) - s0: shutdown server with port 46874 successfully
2019-09-24 16:24:25,566 INFO  ratis.MiniRaftCluster (MiniRaftCluster.java:shutdown(722)) - MiniRaftClusterWithGrpc shutdown completed
2019-09-24 16:24:25,568 TRACE util.FileUtils (LogUtils.java:runAndLog(61)) - Successfully ran Files.delete /workdir/ratis-test/target/test/data/5c8b5fb9/MiniRaftClusterWithGrpc97aa1f16/s0/a10bca34-942e-403c-b9a6-8cd3d5d79ab9/current/log_inprogress_0
2019-09-24 16:24:25,568 INFO  statemachine.RaftSnapshotBaseTest (RaftSnapshotBaseTest.java:testBasicInstallSnapshot(200)) - Restarting the cluster
2019-09-24 16:24:25,568 INFO  ratis.MiniRaftCluster (MiniRaftCluster.java:shutdown(700)) - ************************************************************** 
2019-09-24 16:24:25,568 INFO  ratis.MiniRaftCluster (MiniRaftCluster.java:shutdown(701)) - *** 
2019-09-24 16:24:25,568 INFO  ratis.MiniRaftCluster (MiniRaftCluster.java:shutdown(702)) - ***     Stopping MiniRaftClusterWithGrpc
2019-09-24 16:24:25,569 INFO  ratis.MiniRaftCluster (MiniRaftCluster.java:shutdown(703)) - *** 
2019-09-24 16:24:25,569 INFO  ratis.MiniRaftCluster (MiniRaftCluster.java:shutdown(704)) - ************************************************************** 
2019-09-24 16:24:25,569 INFO  ratis.MiniRaftCluster (MiniRaftCluster.java:shutdown(705)) - printing ALL groups
  s0:   CLOSED    LEADER s0@group-8CD3D5D79AB9:t1, leader=s0, voted=s0, raftlog=s0@group-8CD3D5D79AB9-SegmentedRaftLog:CLOSED:c37, conf=0: [s0:0.0.0.0:46874], old=null CLOSED
2019-09-24 16:24:25,570 INFO  ratis.MiniRaftCluster (MiniRaftCluster.java:shutdown(722)) - MiniRaftClusterWithGrpc shutdown completed
2019-09-24 16:24:25,570 INFO  ratis.MiniRaftCluster (MiniRaftCluster.java:newRaftServer(330)) - newRaftServer: s0, group-8CD3D5D79AB9:[s0:0.0.0.0:46874], format? false
2019-09-24 16:24:25,571 INFO  impl.RaftServerProxy (ConfUtils.java:logGet(43)) - raft.rpc.type = GRPC (default)
2019-09-24 16:24:25,571 INFO  grpc.GrpcFactory (GrpcFactory.java:checkPooledByteBufAllocatorUseCacheForAllThreads(45)) - PERFORMANCE WARNING: useCacheForAllThreads is true that may cause Netty to create a lot garbage objects and, as a result, trigger GC.
	It is recommended to disable useCacheForAllThreads by setting -Dorg.apache.ratis.thirdparty.io.netty.allocator.useCacheForAllThreads=false in command line.
2019-09-24 16:24:25,571 INFO  grpc.GrpcConfigKeys$Server (ConfUtils.java:logGet(43)) - raft.grpc.server.port = 46874 (custom)
2019-09-24 16:24:25,572 INFO  server.GrpcService (ConfUtils.java:logGet(43)) - raft.grpc.message.size.max = 64MB (=67108864) (default)
2019-09-24 16:24:25,572 INFO  server.RaftServerConfigKeys (ConfUtils.java:logGet(43)) - raft.server.log.appender.buffer.byte-limit = 4MB (=4194304) (default)
2019-09-24 16:24:25,572 INFO  server.GrpcService (ConfUtils.java:logGet(43)) - raft.grpc.flow.control.window = 1MB (=1048576) (default)
2019-09-24 16:24:25,573 INFO  server.RaftServerConfigKeys (ConfUtils.java:logGet(43)) - raft.server.rpc.request.timeout = 3000ms (default)
2019-09-24 16:24:25,573 INFO  server.RaftServerConfigKeys (ConfUtils.java:logGet(43)) - raft.server.storage.dir = [/workdir/ratis-test/target/test/data/5c8b5fb9/MiniRaftClusterWithGrpc97aa1f16/s0] (custom)
2019-09-24 16:24:25,574 INFO  impl.RaftServerProxy (RaftServerProxy.java:lambda$null$0(191)) - s0: found a subdirectory /workdir/ratis-test/target/test/data/5c8b5fb9/MiniRaftClusterWithGrpc97aa1f16/s0/a10bca34-942e-403c-b9a6-8cd3d5d79ab9
2019-09-24 16:24:25,575 INFO  impl.RaftServerProxy (RaftServerProxy.java:addNew(89)) - s0: addNew group-8CD3D5D79AB9:[s0:0.0.0.0:46874] returns group-8CD3D5D79AB9:java.util.concurrent.CompletableFuture@1b4a1842[Not completed]
2019-09-24 16:24:25,575 INFO  ratis.MiniRaftCluster (MiniRaftCluster.java:start(287)) - .............................................................. 
2019-09-24 16:24:25,575 INFO  ratis.MiniRaftCluster (MiniRaftCluster.java:start(288)) - ... 
2019-09-24 16:24:25,575 INFO  server.RaftServerConfigKeys (ConfUtils.java:logGet(43)) - raft.server.log.segment.size.max = 8MB (=8388608) (default)
2019-09-24 16:24:25,575 INFO  ratis.MiniRaftCluster (MiniRaftCluster.java:start(289)) - ...     Starting MiniRaftClusterWithGrpc
2019-09-24 16:24:25,576 INFO  ratis.MiniRaftCluster (MiniRaftCluster.java:start(290)) - ... 
2019-09-24 16:24:25,576 INFO  ratis.MiniRaftCluster (MiniRaftCluster.java:start(291)) - .............................................................. 
2019-09-24 16:24:25,575 INFO  server.RaftServerConfigKeys (ConfUtils.java:logGet(43)) - raft.server.log.preallocated.size = 4MB (=4194304) (default)
2019-09-24 16:24:25,576 INFO  ratis.MiniRaftCluster (MiniRaftCluster.java:initServers(265)) - servers = {s0=s0:      NEW group-8CD3D5D79AB9:java.util.concurrent.CompletableFuture@1b4a1842[Not completed]}
2019-09-24 16:24:25,576 INFO  server.RaftServerConfigKeys (ConfUtils.java:logGet(43)) - raft.server.log.write.buffer.size = 64KB (=65536) (default)
2019-09-24 16:24:25,577 INFO  impl.RaftServerImpl (RaftServerImpl.java:<init>(95)) - s0: new RaftServerImpl for group-8CD3D5D79AB9:[s0:0.0.0.0:46874] with SimpleStateMachine4Testing:uninitialized
2019-09-24 16:24:25,577 INFO  server.RaftServerConfigKeys (ConfUtils.java:logGet(43)) - raft.server.rpc.timeout.min = 150ms (default)
2019-09-24 16:24:25,577 INFO  server.RaftServerConfigKeys (ConfUtils.java:logGet(43)) - raft.server.rpc.timeout.max = 300ms (default)
2019-09-24 16:24:25,577 INFO  server.RaftServerConfigKeys (ConfUtils.java:logGet(43)) - raft.server.rpcslowness.timeout = 60s (default)
2019-09-24 16:24:25,577 INFO  server.RaftServerConfigKeys (ConfUtils.java:logGet(43)) - raft.server.sleep.deviation.threshold = 300 (default)
2019-09-24 16:24:25,578 INFO  server.RaftServerConfigKeys (ConfUtils.java:logGet(43)) - raft.server.log.appender.install.snapshot.enabled = true (default)
2019-09-24 16:24:25,578 INFO  impl.RaftServerImpl (ServerState.java:<init>(103)) - s0@group-8CD3D5D79AB9: ConfigurationManager, init=-1: [s0:0.0.0.0:46874], old=null, confs=<EMPTY_MAP>
2019-09-24 16:24:25,578 INFO  server.RaftServerConfigKeys (ConfUtils.java:logGet(43)) - raft.server.storage.dir = [/workdir/ratis-test/target/test/data/5c8b5fb9/MiniRaftClusterWithGrpc97aa1f16/s0] (custom)
2019-09-24 16:24:25,578 INFO  server.RaftServerConfigKeys (ConfUtils.java:logGet(43)) - raft.server.log.corruption.policy = EXCEPTION (default)
2019-09-24 16:24:25,610 INFO  storage.RaftStorageDirectory (RaftStorageDirectory.java:tryLock(328)) - Lock on /workdir/ratis-test/target/test/data/5c8b5fb9/MiniRaftClusterWithGrpc97aa1f16/s0/a10bca34-942e-403c-b9a6-8cd3d5d79ab9/in_use.lock acquired by nodename 21677@ratis-test-vphbd-3564017154
2019-09-24 16:24:25,611 INFO  statemachine.SimpleStateMachine4Testing (SimpleStateMachine4Testing.java:initialize(206)) - Initializing SimpleStateMachine4Testing:uninitialized
2019-09-24 16:24:25,613 INFO  statemachine.SimpleStateMachine4Testing (SimpleStateMachine4Testing.java:loadSnapshot(300)) - Loading snapshot (t:1, i:37):[/workdir/ratis-test/target/test/data/5c8b5fb9/MiniRaftClusterWithGrpc97aa1f16/s0/a10bca34-942e-403c-b9a6-8cd3d5d79ab9/sm/snapshot.1_37]
2019-09-24 16:24:25,613 INFO  statemachine.SimpleStateMachine4Testing (SimpleStateMachine4Testing.java:put(198)) - s0: put 1, m0 -> (t:1, i:1), STATEMACHINELOGENTRY, client-251AB43E6EB4, cid=19
2019-09-24 16:24:25,614 INFO  statemachine.SimpleStateMachine4Testing (SimpleStateMachine4Testing.java:put(198)) - s0: put 3, m1 -> (t:1, i:3), STATEMACHINELOGENTRY, client-251AB43E6EB4, cid=20
2019-09-24 16:24:25,614 INFO  statemachine.SimpleStateMachine4Testing (SimpleStateMachine4Testing.java:put(198)) - s0: put 5, m2 -> (t:1, i:5), STATEMACHINELOGENTRY, client-251AB43E6EB4, cid=21
2019-09-24 16:24:25,614 INFO  statemachine.SimpleStateMachine4Testing (SimpleStateMachine4Testing.java:put(198)) - s0: put 7, m3 -> (t:1, i:7), STATEMACHINELOGENTRY, client-251AB43E6EB4, cid=22
2019-09-24 16:24:25,615 INFO  statemachine.SimpleStateMachine4Testing (SimpleStateMachine4Testing.java:put(198)) - s0: put 9, m4 -> (t:1, i:9), STATEMACHINELOGENTRY, client-251AB43E6EB4, cid=23
2019-09-24 16:24:25,615 INFO  statemachine.SimpleStateMachine4Testing (SimpleStateMachine4Testing.java:put(198)) - s0: put 11, m5 -> (t:1, i:11), STATEMACHINELOGENTRY, client-251AB43E6EB4, cid=24
2019-09-24 16:24:25,615 INFO  statemachine.SimpleStateMachine4Testing (SimpleStateMachine4Testing.java:put(198)) - s0: put 13, m6 -> (t:1, i:13), STATEMACHINELOGENTRY, client-251AB43E6EB4, cid=25
2019-09-24 16:24:25,616 INFO  statemachine.SimpleStateMachine4Testing (SimpleStateMachine4Testing.java:put(198)) - s0: put 15, m7 -> (t:1, i:15), STATEMACHINELOGENTRY, client-251AB43E6EB4, cid=26
2019-09-24 16:24:25,616 INFO  statemachine.SimpleStateMachine4Testing (SimpleStateMachine4Testing.java:put(198)) - s0: put 17, m8 -> (t:1, i:17), STATEMACHINELOGENTRY, client-251AB43E6EB4, cid=27
2019-09-24 16:24:25,617 INFO  statemachine.SimpleStateMachine4Testing (SimpleStateMachine4Testing.java:put(198)) - s0: put 19, m9 -> (t:1, i:19), STATEMACHINELOGENTRY, client-251AB43E6EB4, cid=28
2019-09-24 16:24:25,617 INFO  statemachine.SimpleStateMachine4Testing (SimpleStateMachine4Testing.java:put(198)) - s0: put 21, m10 -> (t:1, i:21), STATEMACHINELOGENTRY, client-251AB43E6EB4, cid=29
2019-09-24 16:24:25,617 INFO  statemachine.SimpleStateMachine4Testing (SimpleStateMachine4Testing.java:put(198)) - s0: put 23, m11 -> (t:1, i:23), STATEMACHINELOGENTRY, client-251AB43E6EB4, cid=30
2019-09-24 16:24:25,618 INFO  statemachine.SimpleStateMachine4Testing (SimpleStateMachine4Testing.java:put(198)) - s0: put 25, m12 -> (t:1, i:25), STATEMACHINELOGENTRY, client-251AB43E6EB4, cid=31
2019-09-24 16:24:25,618 INFO  statemachine.SimpleStateMachine4Testing (SimpleStateMachine4Testing.java:put(198)) - s0: put 27, m13 -> (t:1, i:27), STATEMACHINELOGENTRY, client-251AB43E6EB4, cid=32
2019-09-24 16:24:25,618 INFO  statemachine.SimpleStateMachine4Testing (SimpleStateMachine4Testing.java:put(198)) - s0: put 29, m14 -> (t:1, i:29), STATEMACHINELOGENTRY, client-251AB43E6EB4, cid=33
2019-09-24 16:24:25,619 INFO  statemachine.SimpleStateMachine4Testing (SimpleStateMachine4Testing.java:put(198)) - s0: put 31, m15 -> (t:1, i:31), STATEMACHINELOGENTRY, client-251AB43E6EB4, cid=34
2019-09-24 16:24:25,619 INFO  statemachine.SimpleStateMachine4Testing (SimpleStateMachine4Testing.java:put(198)) - s0: put 33, m16 -> (t:1, i:33), STATEMACHINELOGENTRY, client-251AB43E6EB4, cid=35
2019-09-24 16:24:25,619 INFO  statemachine.SimpleStateMachine4Testing (SimpleStateMachine4Testing.java:put(198)) - s0: put 35, m17 -> (t:1, i:35), STATEMACHINELOGENTRY, client-251AB43E6EB4, cid=36
2019-09-24 16:24:25,620 INFO  statemachine.SimpleStateMachine4Testing (SimpleStateMachine4Testing.java:put(198)) - s0: put 37, m18 -> (t:1, i:37), STATEMACHINELOGENTRY, client-251AB43E6EB4, cid=37
2019-09-24 16:24:25,621 INFO  impl.RaftServerImpl (ServerState.java:setRaftConf(355)) - s0@group-8CD3D5D79AB9: set configuration 0: [s0:0.0.0.0:46874], old=null at 0
2019-09-24 16:24:25,621 INFO  server.RaftServerConfigKeys (ConfUtils.java:logGet(43)) - raft.server.notification.no-leader.timeout = 60s (default)
2019-09-24 16:24:25,622 INFO  server.RaftServerConfigKeys (ConfUtils.java:logGet(43)) - raft.server.log.use.memory = false (default)
2019-09-24 16:24:25,622 INFO  server.RaftServerConfigKeys (ConfUtils.java:logGet(43)) - raft.server.log.purge.gap = 1024 (default)
2019-09-24 16:24:25,622 INFO  server.RaftServerConfigKeys (ConfUtils.java:logGet(43)) - raft.server.log.appender.buffer.byte-limit = 4MB (=4194304) (default)
2019-09-24 16:24:25,622 INFO  server.RaftServerConfigKeys (ConfUtils.java:logGet(43)) - raft.server.log.segment.size.max = 8MB (=8388608) (default)
2019-09-24 16:24:25,623 INFO  server.RaftServerConfigKeys (ConfUtils.java:logGet(43)) - raft.server.log.segment.cache.num.max = 6 (default)
2019-09-24 16:24:25,623 INFO  segmented.SegmentedRaftLogWorker (SegmentedRaftLogWorker.java:<init>(172)) - new s0@group-8CD3D5D79AB9-SegmentedRaftLogWorker for RaftStorage:Storage Directory /workdir/ratis-test/target/test/data/5c8b5fb9/MiniRaftClusterWithGrpc97aa1f16/s0/a10bca34-942e-403c-b9a6-8cd3d5d79ab9
2019-09-24 16:24:25,623 INFO  server.RaftServerConfigKeys (ConfUtils.java:logGet(43)) - raft.server.log.queue.byte-limit = 64MB (=67108864) (default)
2019-09-24 16:24:25,623 INFO  server.RaftServerConfigKeys (ConfUtils.java:logGet(43)) - raft.server.log.queue.element-limit = 4096 (default)
2019-09-24 16:24:25,624 INFO  server.RaftServerConfigKeys (ConfUtils.java:logGet(43)) - raft.server.log.segment.size.max = 8MB (=8388608) (default)
2019-09-24 16:24:25,624 INFO  server.RaftServerConfigKeys (ConfUtils.java:logGet(43)) - raft.server.log.preallocated.size = 4MB (=4194304) (default)
2019-09-24 16:24:25,624 INFO  server.RaftServerConfigKeys (ConfUtils.java:logGet(43)) - raft.server.log.write.buffer.size = 64KB (=65536) (default)
2019-09-24 16:24:25,624 INFO  server.RaftServerConfigKeys (ConfUtils.java:logGet(43)) - raft.server.log.force.sync.num = 128 (default)
2019-09-24 16:24:25,624 INFO  server.RaftServerConfigKeys (ConfUtils.java:logGet(43)) - raft.server.log.statemachine.data.sync = true (default)
2019-09-24 16:24:25,625 INFO  server.RaftServerConfigKeys (ConfUtils.java:logGet(43)) - raft.server.log.statemachine.data.sync.timeout = 10s (default)
2019-09-24 16:24:25,625 INFO  server.RaftServerConfigKeys (ConfUtils.java:logGet(43)) - raft.server.log.statemachine.data.sync.timeout.retry = -1 (default)
2019-09-24 16:24:25,625 INFO  server.RaftServerConfigKeys (ConfUtils.java:logGet(43)) - raft.server.log.statemachine.data.caching.enabled = false (default)
2019-09-24 16:24:25,626 INFO  segmented.SegmentedRaftLogWorker (SegmentedRaftLogWorker.java:lambda$new$0(132)) - s0@group-8CD3D5D79AB9-SegmentedRaftLogWorker: flushIndex: setUnconditionally 0 -> 37
2019-09-24 16:24:25,626 INFO  server.RaftServerConfigKeys (ConfUtils.java:logGet(43)) - raft.server.snapshot.auto.trigger.enabled = true (custom)
2019-09-24 16:24:25,626 INFO  server.RaftServerConfigKeys (ConfUtils.java:logGet(43)) - raft.server.snapshot.auto.trigger.threshold = 10 (custom)
2019-09-24 16:24:25,627 INFO  server.RaftServerConfigKeys (ConfUtils.java:logGet(43)) - raft.server.snapshot.retention.file.num = -1 (default)
2019-09-24 16:24:25,627 INFO  server.RaftServerConfigKeys (ConfUtils.java:logGet(43)) - raft.server.retrycache.expirytime = 60s (default)
2019-09-24 16:24:25,628 INFO  impl.RaftServerImpl (RaftServerImpl.java:start(181)) - s0@group-8CD3D5D79AB9: start as a follower, conf=0: [s0:0.0.0.0:46874], old=null
2019-09-24 16:24:25,628 INFO  impl.RaftServerImpl (RaftServerImpl.java:setRole(170)) - s0@group-8CD3D5D79AB9: changes role from      null to FOLLOWER at term 1 for startAsFollower
2019-09-24 16:24:25,628 INFO  impl.RoleInfo (RoleInfo.java:updateAndGet(143)) - s0: start FollowerState
2019-09-24 16:24:25,629 INFO  util.JmxRegister (JmxRegister.java:tryRegister(44)) - Successfully registered JMX Bean with object name Ratis:service=RaftServer,group=group-8CD3D5D79AB9,id=s0
2019-09-24 16:24:25,629 INFO  impl.RaftServerProxy (RaftServerProxy.java:lambda$start$3(299)) - s0: start RPC server
2019-09-24 16:24:25,631 INFO  server.GrpcService (GrpcService.java:startImpl(158)) - s0: GrpcService started, listening on 0.0.0.0/0.0.0.0:46874
2019-09-24 16:24:25,631 INFO  server.RaftServerConfigKeys (ConfUtils.java:logGet(43)) - raft.server.rpc.timeout.max = 300ms (default)
2019-09-24 16:24:25,632 INFO  ratis.RaftTestUtil (RaftTestUtil.java:waitForLeader(86)) - printing ALL groups
  s0:  RUNNING  FOLLOWER s0@group-8CD3D5D79AB9:t1, leader=null, voted=s0, raftlog=s0@group-8CD3D5D79AB9-SegmentedRaftLog:OPENED:c37,f37,i0, conf=0: [s0:0.0.0.0:46874], old=null RUNNING
2019-09-24 16:24:25,632 WARN  ratis.RaftTestUtil (JavaUtils.java:attempt(158)) - FAILED "waitForLeader-null-(expectLeader? true)", attempt #1/100: java.lang.IllegalStateException: No leader yet : printing ALL groups
  s0:  RUNNING  FOLLOWER s0@group-8CD3D5D79AB9:t1, leader=null, voted=s0, raftlog=s0@group-8CD3D5D79AB9-SegmentedRaftLog:OPENED:c37,f37,i0, conf=0: [s0:0.0.0.0:46874], old=null RUNNING, sleep 450ms and then retry.
java.lang.IllegalStateException: No leader yet : printing ALL groups
  s0:  RUNNING  FOLLOWER s0@group-8CD3D5D79AB9:t1, leader=null, voted=s0, raftlog=s0@group-8CD3D5D79AB9-SegmentedRaftLog:OPENED:c37,f37,i0, conf=0: [s0:0.0.0.0:46874], old=null RUNNING
	at org.apache.ratis.MiniRaftCluster.newIllegalStateExceptionForNoLeaders(MiniRaftCluster.java:506)
	at org.apache.ratis.RaftTestUtil.lambda$waitForLeader$1(RaftTestUtil.java:90)
	at org.apache.ratis.MiniRaftCluster.getLeader(MiniRaftCluster.java:539)
	at org.apache.ratis.MiniRaftCluster.getLeader(MiniRaftCluster.java:532)
	at org.apache.ratis.RaftTestUtil.lambda$waitForLeader$3(RaftTestUtil.java:98)
	at org.apache.ratis.util.JavaUtils.attempt(JavaUtils.java:152)
	at org.apache.ratis.RaftTestUtil.waitForLeader(RaftTestUtil.java:97)
	at org.apache.ratis.RaftTestUtil.waitForLeader(RaftTestUtil.java:77)
	at org.apache.ratis.RaftTestUtil.waitForLeader(RaftTestUtil.java:72)
	at org.apache.ratis.statemachine.RaftSnapshotBaseTest.assertLeaderContent(RaftSnapshotBaseTest.java:74)
	at org.apache.ratis.statemachine.RaftSnapshotBaseTest.testBasicInstallSnapshot(RaftSnapshotBaseTest.java:203)
	at sun.reflect.NativeMethodAccessorImpl.invoke0(Native Method)
	at sun.reflect.NativeMethodAccessorImpl.invoke(NativeMethodAccessorImpl.java:62)
	at sun.reflect.DelegatingMethodAccessorImpl.invoke(DelegatingMethodAccessorImpl.java:43)
	at java.lang.reflect.Method.invoke(Method.java:498)
	at org.junit.runners.model.FrameworkMethod$1.runReflectiveCall(FrameworkMethod.java:50)
	at org.junit.internal.runners.model.ReflectiveCallable.run(ReflectiveCallable.java:12)
	at org.junit.runners.model.FrameworkMethod.invokeExplosively(FrameworkMethod.java:47)
	at org.junit.internal.runners.statements.InvokeMethod.evaluate(InvokeMethod.java:17)
	at org.junit.internal.runners.statements.RunBefores.evaluate(RunBefores.java:26)
	at org.junit.internal.runners.statements.RunAfters.evaluate(RunAfters.java:27)
	at org.junit.internal.runners.statements.FailOnTimeout$CallableStatement.call(FailOnTimeout.java:298)
	at org.junit.internal.runners.statements.FailOnTimeout$CallableStatement.call(FailOnTimeout.java:292)
	at java.util.concurrent.FutureTask.run(FutureTask.java:266)
	at java.lang.Thread.run(Thread.java:748)
2019-09-24 16:24:25,874 INFO  impl.FollowerState (FollowerState.java:run(108)) - s0@group-8CD3D5D79AB9-FollowerState: change to CANDIDATE, lastRpcTime:245ms, electionTimeout:245ms
2019-09-24 16:24:25,874 INFO  impl.RoleInfo (RoleInfo.java:shutdownFollowerState(121)) - s0: shutdown FollowerState
2019-09-24 16:24:25,874 INFO  impl.RaftServerImpl (RaftServerImpl.java:setRole(170)) - s0@group-8CD3D5D79AB9: changes role from  FOLLOWER to CANDIDATE at term 1 for changeToCandidate
2019-09-24 16:24:25,875 INFO  impl.RoleInfo (RoleInfo.java:updateAndGet(143)) - s0: start LeaderElection
2019-09-24 16:24:25,894 INFO  impl.LeaderElection (LeaderElection.java:askForVotes(178)) - s0@group-8CD3D5D79AB9-LeaderElection4: begin an election at term 2 for 0: [s0:0.0.0.0:46874], old=null
2019-09-24 16:24:25,894 INFO  impl.RoleInfo (RoleInfo.java:shutdownLeaderElection(134)) - s0: shutdown LeaderElection
2019-09-24 16:24:25,894 INFO  impl.RaftServerImpl (RaftServerImpl.java:setRole(170)) - s0@group-8CD3D5D79AB9: changes role from CANDIDATE to LEADER at term 2 for changeToLeader
2019-09-24 16:24:25,894 INFO  impl.RaftServerImpl (ServerState.java:setLeader(254)) - s0@group-8CD3D5D79AB9: change Leader from null to s0 at term 2 for becomeLeader, leader elected after 272ms
2019-09-24 16:24:25,895 INFO  server.RaftServerConfigKeys (ConfUtils.java:logGet(43)) - raft.server.staging.catchup.gap = 1000 (default)
2019-09-24 16:24:25,895 INFO  server.RaftServerConfigKeys (ConfUtils.java:logGet(43)) - raft.server.rpc.sleep.time = 25ms (default)
2019-09-24 16:24:25,895 INFO  server.RaftServerConfigKeys (ConfUtils.java:logGet(43)) - raft.server.write.element-limit = 4096 (default)
2019-09-24 16:24:25,895 INFO  server.RaftServerConfigKeys (ConfUtils.java:logGet(43)) - raft.server.watch.timeout = 10s (default)
2019-09-24 16:24:25,895 INFO  server.RaftServerConfigKeys (ConfUtils.java:logGet(43)) - raft.server.watch.timeout.denomination = 1s (default)
2019-09-24 16:24:25,896 INFO  server.RaftServerConfigKeys (ConfUtils.java:logGet(43)) - raft.server.watch.element-limit = 65536 (default)
2019-09-24 16:24:25,896 INFO  impl.RoleInfo (RoleInfo.java:updateAndGet(143)) - s0: start LeaderState
2019-09-24 16:24:25,896 DEBUG raftlog.RaftLog (SegmentedRaftLog.java:appendImpl(425)) - truncateIndex=-1, arrayIndex=0
2019-09-24 16:24:25,897 INFO  segmented.SegmentedRaftLogWorker (SegmentedRaftLogWorker.java:startLogSegment(380)) - s0@group-8CD3D5D79AB9-SegmentedRaftLogWorker: Starting segment from index:38
2019-09-24 16:24:25,897 INFO  impl.RaftServerImpl (ServerState.java:setRaftConf(355)) - s0@group-8CD3D5D79AB9: set configuration 38: [s0:0.0.0.0:46874], old=null at 38
2019-09-24 16:24:26,077 INFO  segmented.SegmentedRaftLogWorker (SegmentedRaftLogWorker.java:execute(569)) - s0@group-8CD3D5D79AB9-SegmentedRaftLogWorker: created new log segment /workdir/ratis-test/target/test/data/5c8b5fb9/MiniRaftClusterWithGrpc97aa1f16/s0/a10bca34-942e-403c-b9a6-8cd3d5d79ab9/current/log_inprogress_38
2019-09-24 16:24:26,083 INFO  ratis.RaftTestUtil (RaftTestUtil.java:waitForLeader(101)) - printing ALL groups
  s0:  RUNNING    LEADER s0@group-8CD3D5D79AB9:t2, leader=s0, voted=s0, raftlog=s0@group-8CD3D5D79AB9-SegmentedRaftLog:OPENED:c37,f37,i38, conf=38: [s0:0.0.0.0:46874], old=null RUNNING
2019-09-24 16:24:26,084 INFO  ratis.MiniRaftCluster (MiniRaftCluster.java:shutdown(700)) - ************************************************************** 
2019-09-24 16:24:26,084 INFO  ratis.MiniRaftCluster (MiniRaftCluster.java:shutdown(701)) - *** 
2019-09-24 16:24:26,084 INFO  ratis.MiniRaftCluster (MiniRaftCluster.java:shutdown(702)) - ***     Stopping MiniRaftClusterWithGrpc
2019-09-24 16:24:26,084 INFO  ratis.MiniRaftCluster (MiniRaftCluster.java:shutdown(703)) - *** 
2019-09-24 16:24:26,084 INFO  ratis.MiniRaftCluster (MiniRaftCluster.java:shutdown(704)) - ************************************************************** 
2019-09-24 16:24:26,085 INFO  ratis.MiniRaftCluster (MiniRaftCluster.java:shutdown(705)) - printing ALL groups
  s0:  RUNNING    LEADER s0@group-8CD3D5D79AB9:t2, leader=s0, voted=s0, raftlog=s0@group-8CD3D5D79AB9-SegmentedRaftLog:OPENED:c37,f37,i38, conf=38: [s0:0.0.0.0:46874], old=null RUNNING
2019-09-24 16:24:26,086 INFO  impl.RaftServerProxy (RaftServerProxy.java:lambda$close$4(314)) - s0: close
2019-09-24 16:24:26,086 INFO  impl.RaftServerImpl (RaftServerImpl.java:lambda$shutdown$3(247)) - s0@group-8CD3D5D79AB9: shutdown
2019-09-24 16:24:26,087 INFO  util.JmxRegister (JmxRegister.java:unregister(73)) - Successfully un-registered JMX Bean with object name Ratis:service=RaftServer,group=group-8CD3D5D79AB9,id=s0
2019-09-24 16:24:26,087 INFO  impl.RoleInfo (RoleInfo.java:shutdownLeaderState(104)) - s0: shutdown LeaderState
2019-09-24 16:24:26,087 INFO  impl.PendingRequests (PendingRequests.java:sendNotLeaderResponses(202)) - s0@group-8CD3D5D79AB9-PendingRequests: sendNotLeaderResponses
2019-09-24 16:24:26,088 INFO  impl.StateMachineUpdater (StateMachineUpdater.java:stopAndJoin(136)) - s0@group-8CD3D5D79AB9-StateMachineUpdater: set stopIndex = 37
2019-09-24 16:24:26,088 INFO  impl.RaftServerImpl (ServerState.java:close(386)) - s0@group-8CD3D5D79AB9: closes. applyIndex: 37
2019-09-24 16:24:26,111 INFO  segmented.SegmentedRaftLogWorker (SegmentedRaftLogWorker.java:close(228)) - s0@group-8CD3D5D79AB9-SegmentedRaftLogWorker close()
2019-09-24 16:24:26,113 INFO  server.GrpcService (GrpcService.java:closeImpl(164)) - s0: shutdown server with port 46874 now
2019-09-24 16:24:26,113 INFO  server.GrpcService (GrpcService.java:closeImpl(172)) - s0: shutdown server with port 46874 successfully
2019-09-24 16:24:26,114 INFO  ratis.MiniRaftCluster (MiniRaftCluster.java:shutdown(722)) - MiniRaftClusterWithGrpc shutdown completed
2019-09-24 16:24:26,114 INFO  ratis.MiniRaftCluster (MiniRaftCluster.java:shutdown(700)) - ************************************************************** 
2019-09-24 16:24:26,114 INFO  ratis.MiniRaftCluster (MiniRaftCluster.java:shutdown(701)) - *** 
2019-09-24 16:24:26,114 INFO  ratis.MiniRaftCluster (MiniRaftCluster.java:shutdown(702)) - ***     Stopping MiniRaftClusterWithGrpc
2019-09-24 16:24:26,114 INFO  ratis.MiniRaftCluster (MiniRaftCluster.java:shutdown(703)) - *** 
2019-09-24 16:24:26,114 INFO  ratis.MiniRaftCluster (MiniRaftCluster.java:shutdown(704)) - ************************************************************** 
2019-09-24 16:24:26,115 INFO  ratis.MiniRaftCluster (MiniRaftCluster.java:shutdown(705)) - printing ALL groups
  s0:   CLOSED    LEADER s0@group-8CD3D5D79AB9:t2, leader=s0, voted=s0, raftlog=s0@group-8CD3D5D79AB9-SegmentedRaftLog:CLOSED:c37, conf=38: [s0:0.0.0.0:46874], old=null CLOSED
2019-09-24 16:24:26,115 INFO  ratis.MiniRaftCluster (MiniRaftCluster.java:shutdown(722)) - MiniRaftClusterWithGrpc shutdown completed
]]></system-out>
  </testcase>
</testsuite>