<?xml version="1.0" encoding="UTF-8"?>
<testsuite xmlns:xsi="http://www.w3.org/2001/XMLSchema-instance" xsi:noNamespaceSchemaLocation="https://maven.apache.org/surefire/maven-surefire-plugin/xsd/surefire-test-report.xsd" name="org.apache.ratis.netty.TestRaftSnapshotWithNetty" time="72.656" tests="2" errors="0" skipped="0" failures="2">
  <properties>
    <property name="awt.toolkit" value="sun.awt.X11.XToolkit"/>
    <property name="file.encoding.pkg" value="sun.io"/>
    <property name="java.specification.version" value="1.8"/>
    <property name="sun.cpu.isalist" value=""/>
    <property name="sun.jnu.encoding" value="UTF-8"/>
    <property name="java.class.path" value="/workdir/ratis-test/target/test-classes:/workdir/ratis-test/target/classes:/workdir/ratis-common/target/classes:/home/user/.m2/repository/org/apache/ratis/ratis-thirdparty-misc/0.2.0/ratis-thirdparty-misc-0.2.0.jar:/workdir/ratis-proto/target/ratis-proto-0.5.0-SNAPSHOT.jar:/home/user/.m2/repository/org/slf4j/slf4j-log4j12/1.7.10/slf4j-log4j12-1.7.10.jar:/home/user/.m2/repository/log4j/log4j/1.2.17/log4j-1.2.17.jar:/workdir/ratis-common/target/test-classes:/workdir/ratis-client/target/classes:/workdir/ratis-server/target/classes:/workdir/ratis-metrics/target/classes:/home/user/.m2/repository/io/dropwizard/metrics/metrics-core/3.2.5/metrics-core-3.2.5.jar:/home/user/.m2/repository/com/github/joshelser/dropwizard-metrics-hadoop-metrics2-reporter/0.1.2/dropwizard-metrics-hadoop-metrics2-reporter-0.1.2.jar:/home/user/.m2/repository/org/apache/hadoop/hadoop-common/2.6.0/hadoop-common-2.6.0.jar:/home/user/.m2/repository/org/apache/hadoop/hadoop-annotations/2.6.0/hadoop-annotations-2.6.0.jar:/usr/lib/jvm/java-1.8-openjdk/jre/../lib/tools.jar:/home/user/.m2/repository/com/google/guava/guava/11.0.2/guava-11.0.2.jar:/home/user/.m2/repository/commons-cli/commons-cli/1.2/commons-cli-1.2.jar:/home/user/.m2/repository/org/apache/commons/commons-math3/3.1.1/commons-math3-3.1.1.jar:/home/user/.m2/repository/xmlenc/xmlenc/0.52/xmlenc-0.52.jar:/home/user/.m2/repository/commons-httpclient/commons-httpclient/3.1/commons-httpclient-3.1.jar:/home/user/.m2/repository/commons-codec/commons-codec/1.4/commons-codec-1.4.jar:/home/user/.m2/repository/commons-io/commons-io/2.4/commons-io-2.4.jar:/home/user/.m2/repository/commons-net/commons-net/3.1/commons-net-3.1.jar:/home/user/.m2/repository/commons-collections/commons-collections/3.2.1/commons-collections-3.2.1.jar:/home/user/.m2/repository/javax/servlet/servlet-api/2.5/servlet-api-2.5.jar:/home/user/.m2/repository/org/mortbay/jetty/jetty/6.1.26/jetty-6.1.26.jar:/home/user/.m2/repository/org/mortbay/jetty/jetty-util/6.1.26/jetty-util-6.1.26.jar:/home/user/.m2/repository/com/sun/jersey/jersey-core/1.9/jersey-core-1.9.jar:/home/user/.m2/repository/com/sun/jersey/jersey-json/1.9/jersey-json-1.9.jar:/home/user/.m2/repository/org/codehaus/jettison/jettison/1.1/jettison-1.1.jar:/home/user/.m2/repository/com/sun/xml/bind/jaxb-impl/2.2.3-1/jaxb-impl-2.2.3-1.jar:/home/user/.m2/repository/javax/xml/bind/jaxb-api/2.2.2/jaxb-api-2.2.2.jar:/home/user/.m2/repository/javax/xml/stream/stax-api/1.0-2/stax-api-1.0-2.jar:/home/user/.m2/repository/javax/activation/activation/1.1/activation-1.1.jar:/home/user/.m2/repository/org/codehaus/jackson/jackson-jaxrs/1.8.3/jackson-jaxrs-1.8.3.jar:/home/user/.m2/repository/org/codehaus/jackson/jackson-xc/1.8.3/jackson-xc-1.8.3.jar:/home/user/.m2/repository/com/sun/jersey/jersey-server/1.9/jersey-server-1.9.jar:/home/user/.m2/repository/asm/asm/3.1/asm-3.1.jar:/home/user/.m2/repository/tomcat/jasper-compiler/5.5.23/jasper-compiler-5.5.23.jar:/home/user/.m2/repository/tomcat/jasper-runtime/5.5.23/jasper-runtime-5.5.23.jar:/home/user/.m2/repository/javax/servlet/jsp/jsp-api/2.1/jsp-api-2.1.jar:/home/user/.m2/repository/commons-el/commons-el/1.0/commons-el-1.0.jar:/home/user/.m2/repository/commons-logging/commons-logging/1.1.3/commons-logging-1.1.3.jar:/home/user/.m2/repository/net/java/dev/jets3t/jets3t/0.9.0/jets3t-0.9.0.jar:/home/user/.m2/repository/org/apache/httpcomponents/httpclient/4.1.2/httpclient-4.1.2.jar:/home/user/.m2/repository/org/apache/httpcomponents/httpcore/4.1.2/httpcore-4.1.2.jar:/home/user/.m2/repository/com/jamesmurty/utils/java-xmlbuilder/0.4/java-xmlbuilder-0.4.jar:/home/user/.m2/repository/commons-lang/commons-lang/2.6/commons-lang-2.6.jar:/home/user/.m2/repository/commons-configuration/commons-configuration/1.6/commons-configuration-1.6.jar:/home/user/.m2/repository/commons-digester/commons-digester/1.8/commons-digester-1.8.jar:/home/user/.m2/repository/commons-beanutils/commons-beanutils/1.7.0/commons-beanutils-1.7.0.jar:/home/user/.m2/repository/commons-beanutils/commons-beanutils-core/1.8.0/commons-beanutils-core-1.8.0.jar:/home/user/.m2/repository/org/codehaus/jackson/jackson-core-asl/1.9.13/jackson-core-asl-1.9.13.jar:/home/user/.m2/repository/org/codehaus/jackson/jackson-mapper-asl/1.9.13/jackson-mapper-asl-1.9.13.jar:/home/user/.m2/repository/org/apache/avro/avro/1.7.4/avro-1.7.4.jar:/home/user/.m2/repository/com/thoughtworks/paranamer/paranamer/2.3/paranamer-2.3.jar:/home/user/.m2/repository/org/xerial/snappy/snappy-java/1.0.4.1/snappy-java-1.0.4.1.jar:/home/user/.m2/repository/com/google/protobuf/protobuf-java/2.5.0/protobuf-java-2.5.0.jar:/home/user/.m2/repository/com/google/code/gson/gson/2.2.4/gson-2.2.4.jar:/home/user/.m2/repository/org/apache/hadoop/hadoop-auth/2.6.0/hadoop-auth-2.6.0.jar:/home/user/.m2/repository/org/apache/directory/server/apacheds-kerberos-codec/2.0.0-M15/apacheds-kerberos-codec-2.0.0-M15.jar:/home/user/.m2/repository/org/apache/directory/server/apacheds-i18n/2.0.0-M15/apacheds-i18n-2.0.0-M15.jar:/home/user/.m2/repository/org/apache/directory/api/api-asn1-api/1.0.0-M20/api-asn1-api-1.0.0-M20.jar:/home/user/.m2/repository/org/apache/directory/api/api-util/1.0.0-M20/api-util-1.0.0-M20.jar:/home/user/.m2/repository/org/apache/curator/curator-framework/2.6.0/curator-framework-2.6.0.jar:/home/user/.m2/repository/com/jcraft/jsch/0.1.42/jsch-0.1.42.jar:/home/user/.m2/repository/org/apache/curator/curator-client/2.6.0/curator-client-2.6.0.jar:/home/user/.m2/repository/org/apache/curator/curator-recipes/2.6.0/curator-recipes-2.6.0.jar:/home/user/.m2/repository/com/google/code/findbugs/jsr305/1.3.9/jsr305-1.3.9.jar:/home/user/.m2/repository/org/htrace/htrace-core/3.0.4/htrace-core-3.0.4.jar:/home/user/.m2/repository/org/apache/zookeeper/zookeeper/3.4.6/zookeeper-3.4.6.jar:/home/user/.m2/repository/io/netty/netty/3.7.0.Final/netty-3.7.0.Final.jar:/home/user/.m2/repository/org/apache/commons/commons-compress/1.4.1/commons-compress-1.4.1.jar:/home/user/.m2/repository/org/tukaani/xz/1.0/xz-1.0.jar:/home/user/.m2/repository/io/dropwizard/metrics/metrics-jvm/3.2.5/metrics-jvm-3.2.5.jar:/home/user/.m2/repository/io/dropwizard/metrics/metrics-ganglia/3.2.5/metrics-ganglia-3.2.5.jar:/home/user/.m2/repository/info/ganglia/gmetric4j/gmetric4j/1.0.7/gmetric4j-1.0.7.jar:/workdir/ratis-server/target/test-classes:/workdir/ratis-netty/target/classes:/workdir/ratis-netty/target/test-classes:/workdir/ratis-grpc/target/classes:/workdir/ratis-grpc/target/test-classes:/home/user/.m2/repository/org/slf4j/slf4j-api/1.7.10/slf4j-api-1.7.10.jar:/home/user/.m2/repository/junit/junit/4.12/junit-4.12.jar:/home/user/.m2/repository/org/hamcrest/hamcrest-core/1.3/hamcrest-core-1.3.jar:/home/user/.m2/repository/org/mockito/mockito-all/1.8.5/mockito-all-1.8.5.jar:"/>
    <property name="java.vm.vendor" value="IcedTea"/>
    <property name="sun.arch.data.model" value="64"/>
    <property name="java.vendor.url" value="https://icedtea.classpath.org"/>
    <property name="user.timezone" value=""/>
    <property name="java.vm.specification.version" value="1.8"/>
    <property name="os.name" value="Linux"/>
    <property name="user.country" value="US"/>
    <property name="sun.java.launcher" value="SUN_STANDARD"/>
    <property name="sun.boot.library.path" value="/usr/lib/jvm/java-1.8-openjdk/jre/lib/amd64"/>
    <property name="sun.java.command" value="/workdir/ratis-test/target/surefire/surefirebooter8315318522252404026.jar /workdir/ratis-test/target/surefire 2019-09-24T16-02-41_483-jvmRun1 surefire7203537111420737160tmp surefire_276078717108649910953tmp"/>
    <property name="surefire.test.class.path" value="/workdir/ratis-test/target/test-classes:/workdir/ratis-test/target/classes:/workdir/ratis-common/target/classes:/home/user/.m2/repository/org/apache/ratis/ratis-thirdparty-misc/0.2.0/ratis-thirdparty-misc-0.2.0.jar:/workdir/ratis-proto/target/ratis-proto-0.5.0-SNAPSHOT.jar:/home/user/.m2/repository/org/slf4j/slf4j-log4j12/1.7.10/slf4j-log4j12-1.7.10.jar:/home/user/.m2/repository/log4j/log4j/1.2.17/log4j-1.2.17.jar:/workdir/ratis-common/target/test-classes:/workdir/ratis-client/target/classes:/workdir/ratis-server/target/classes:/workdir/ratis-metrics/target/classes:/home/user/.m2/repository/io/dropwizard/metrics/metrics-core/3.2.5/metrics-core-3.2.5.jar:/home/user/.m2/repository/com/github/joshelser/dropwizard-metrics-hadoop-metrics2-reporter/0.1.2/dropwizard-metrics-hadoop-metrics2-reporter-0.1.2.jar:/home/user/.m2/repository/org/apache/hadoop/hadoop-common/2.6.0/hadoop-common-2.6.0.jar:/home/user/.m2/repository/org/apache/hadoop/hadoop-annotations/2.6.0/hadoop-annotations-2.6.0.jar:/usr/lib/jvm/java-1.8-openjdk/jre/../lib/tools.jar:/home/user/.m2/repository/com/google/guava/guava/11.0.2/guava-11.0.2.jar:/home/user/.m2/repository/commons-cli/commons-cli/1.2/commons-cli-1.2.jar:/home/user/.m2/repository/org/apache/commons/commons-math3/3.1.1/commons-math3-3.1.1.jar:/home/user/.m2/repository/xmlenc/xmlenc/0.52/xmlenc-0.52.jar:/home/user/.m2/repository/commons-httpclient/commons-httpclient/3.1/commons-httpclient-3.1.jar:/home/user/.m2/repository/commons-codec/commons-codec/1.4/commons-codec-1.4.jar:/home/user/.m2/repository/commons-io/commons-io/2.4/commons-io-2.4.jar:/home/user/.m2/repository/commons-net/commons-net/3.1/commons-net-3.1.jar:/home/user/.m2/repository/commons-collections/commons-collections/3.2.1/commons-collections-3.2.1.jar:/home/user/.m2/repository/javax/servlet/servlet-api/2.5/servlet-api-2.5.jar:/home/user/.m2/repository/org/mortbay/jetty/jetty/6.1.26/jetty-6.1.26.jar:/home/user/.m2/repository/org/mortbay/jetty/jetty-util/6.1.26/jetty-util-6.1.26.jar:/home/user/.m2/repository/com/sun/jersey/jersey-core/1.9/jersey-core-1.9.jar:/home/user/.m2/repository/com/sun/jersey/jersey-json/1.9/jersey-json-1.9.jar:/home/user/.m2/repository/org/codehaus/jettison/jettison/1.1/jettison-1.1.jar:/home/user/.m2/repository/com/sun/xml/bind/jaxb-impl/2.2.3-1/jaxb-impl-2.2.3-1.jar:/home/user/.m2/repository/javax/xml/bind/jaxb-api/2.2.2/jaxb-api-2.2.2.jar:/home/user/.m2/repository/javax/xml/stream/stax-api/1.0-2/stax-api-1.0-2.jar:/home/user/.m2/repository/javax/activation/activation/1.1/activation-1.1.jar:/home/user/.m2/repository/org/codehaus/jackson/jackson-jaxrs/1.8.3/jackson-jaxrs-1.8.3.jar:/home/user/.m2/repository/org/codehaus/jackson/jackson-xc/1.8.3/jackson-xc-1.8.3.jar:/home/user/.m2/repository/com/sun/jersey/jersey-server/1.9/jersey-server-1.9.jar:/home/user/.m2/repository/asm/asm/3.1/asm-3.1.jar:/home/user/.m2/repository/tomcat/jasper-compiler/5.5.23/jasper-compiler-5.5.23.jar:/home/user/.m2/repository/tomcat/jasper-runtime/5.5.23/jasper-runtime-5.5.23.jar:/home/user/.m2/repository/javax/servlet/jsp/jsp-api/2.1/jsp-api-2.1.jar:/home/user/.m2/repository/commons-el/commons-el/1.0/commons-el-1.0.jar:/home/user/.m2/repository/commons-logging/commons-logging/1.1.3/commons-logging-1.1.3.jar:/home/user/.m2/repository/net/java/dev/jets3t/jets3t/0.9.0/jets3t-0.9.0.jar:/home/user/.m2/repository/org/apache/httpcomponents/httpclient/4.1.2/httpclient-4.1.2.jar:/home/user/.m2/repository/org/apache/httpcomponents/httpcore/4.1.2/httpcore-4.1.2.jar:/home/user/.m2/repository/com/jamesmurty/utils/java-xmlbuilder/0.4/java-xmlbuilder-0.4.jar:/home/user/.m2/repository/commons-lang/commons-lang/2.6/commons-lang-2.6.jar:/home/user/.m2/repository/commons-configuration/commons-configuration/1.6/commons-configuration-1.6.jar:/home/user/.m2/repository/commons-digester/commons-digester/1.8/commons-digester-1.8.jar:/home/user/.m2/repository/commons-beanutils/commons-beanutils/1.7.0/commons-beanutils-1.7.0.jar:/home/user/.m2/repository/commons-beanutils/commons-beanutils-core/1.8.0/commons-beanutils-core-1.8.0.jar:/home/user/.m2/repository/org/codehaus/jackson/jackson-core-asl/1.9.13/jackson-core-asl-1.9.13.jar:/home/user/.m2/repository/org/codehaus/jackson/jackson-mapper-asl/1.9.13/jackson-mapper-asl-1.9.13.jar:/home/user/.m2/repository/org/apache/avro/avro/1.7.4/avro-1.7.4.jar:/home/user/.m2/repository/com/thoughtworks/paranamer/paranamer/2.3/paranamer-2.3.jar:/home/user/.m2/repository/org/xerial/snappy/snappy-java/1.0.4.1/snappy-java-1.0.4.1.jar:/home/user/.m2/repository/com/google/protobuf/protobuf-java/2.5.0/protobuf-java-2.5.0.jar:/home/user/.m2/repository/com/google/code/gson/gson/2.2.4/gson-2.2.4.jar:/home/user/.m2/repository/org/apache/hadoop/hadoop-auth/2.6.0/hadoop-auth-2.6.0.jar:/home/user/.m2/repository/org/apache/directory/server/apacheds-kerberos-codec/2.0.0-M15/apacheds-kerberos-codec-2.0.0-M15.jar:/home/user/.m2/repository/org/apache/directory/server/apacheds-i18n/2.0.0-M15/apacheds-i18n-2.0.0-M15.jar:/home/user/.m2/repository/org/apache/directory/api/api-asn1-api/1.0.0-M20/api-asn1-api-1.0.0-M20.jar:/home/user/.m2/repository/org/apache/directory/api/api-util/1.0.0-M20/api-util-1.0.0-M20.jar:/home/user/.m2/repository/org/apache/curator/curator-framework/2.6.0/curator-framework-2.6.0.jar:/home/user/.m2/repository/com/jcraft/jsch/0.1.42/jsch-0.1.42.jar:/home/user/.m2/repository/org/apache/curator/curator-client/2.6.0/curator-client-2.6.0.jar:/home/user/.m2/repository/org/apache/curator/curator-recipes/2.6.0/curator-recipes-2.6.0.jar:/home/user/.m2/repository/com/google/code/findbugs/jsr305/1.3.9/jsr305-1.3.9.jar:/home/user/.m2/repository/org/htrace/htrace-core/3.0.4/htrace-core-3.0.4.jar:/home/user/.m2/repository/org/apache/zookeeper/zookeeper/3.4.6/zookeeper-3.4.6.jar:/home/user/.m2/repository/io/netty/netty/3.7.0.Final/netty-3.7.0.Final.jar:/home/user/.m2/repository/org/apache/commons/commons-compress/1.4.1/commons-compress-1.4.1.jar:/home/user/.m2/repository/org/tukaani/xz/1.0/xz-1.0.jar:/home/user/.m2/repository/io/dropwizard/metrics/metrics-jvm/3.2.5/metrics-jvm-3.2.5.jar:/home/user/.m2/repository/io/dropwizard/metrics/metrics-ganglia/3.2.5/metrics-ganglia-3.2.5.jar:/home/user/.m2/repository/info/ganglia/gmetric4j/gmetric4j/1.0.7/gmetric4j-1.0.7.jar:/workdir/ratis-server/target/test-classes:/workdir/ratis-netty/target/classes:/workdir/ratis-netty/target/test-classes:/workdir/ratis-grpc/target/classes:/workdir/ratis-grpc/target/test-classes:/home/user/.m2/repository/org/slf4j/slf4j-api/1.7.10/slf4j-api-1.7.10.jar:/home/user/.m2/repository/junit/junit/4.12/junit-4.12.jar:/home/user/.m2/repository/org/hamcrest/hamcrest-core/1.3/hamcrest-core-1.3.jar:/home/user/.m2/repository/org/mockito/mockito-all/1.8.5/mockito-all-1.8.5.jar:"/>
    <property name="sun.cpu.endian" value="little"/>
    <property name="user.home" value="/home/user"/>
    <property name="user.language" value="en"/>
    <property name="java.specification.vendor" value="Oracle Corporation"/>
    <property name="java.home" value="/usr/lib/jvm/java-1.8-openjdk/jre"/>
    <property name="basedir" value="/workdir/ratis-test"/>
    <property name="file.separator" value="/"/>
    <property name="line.separator" value="&#10;"/>
    <property name="java.vm.specification.vendor" value="Oracle Corporation"/>
    <property name="java.specification.name" value="Java Platform API Specification"/>
    <property name="java.awt.graphicsenv" value="sun.awt.X11GraphicsEnvironment"/>
    <property name="surefire.real.class.path" value="/workdir/ratis-test/target/surefire/surefirebooter8315318522252404026.jar"/>
    <property name="sun.boot.class.path" value="/usr/lib/jvm/java-1.8-openjdk/jre/lib/resources.jar:/usr/lib/jvm/java-1.8-openjdk/jre/lib/rt.jar:/usr/lib/jvm/java-1.8-openjdk/jre/lib/sunrsasign.jar:/usr/lib/jvm/java-1.8-openjdk/jre/lib/jsse.jar:/usr/lib/jvm/java-1.8-openjdk/jre/lib/jce.jar:/usr/lib/jvm/java-1.8-openjdk/jre/lib/charsets.jar:/usr/lib/jvm/java-1.8-openjdk/jre/lib/jfr.jar:/usr/lib/jvm/java-1.8-openjdk/jre/classes"/>
    <property name="sun.management.compiler" value="HotSpot 64-Bit Tiered Compilers"/>
    <property name="java.runtime.version" value="1.8.0_212-b04"/>
    <property name="java.net.preferIPv4Stack" value="true"/>
    <property name="user.name" value="jenkins1000"/>
    <property name="path.separator" value=":"/>
    <property name="os.version" value="3.10.0-957.12.2.el7.x86_64"/>
    <property name="java.endorsed.dirs" value="/usr/lib/jvm/java-1.8-openjdk/jre/lib/endorsed"/>
    <property name="java.runtime.name" value="OpenJDK Runtime Environment"/>
    <property name="file.encoding" value="UTF-8"/>
    <property name="java.vm.name" value="OpenJDK 64-Bit Server VM"/>
    <property name="localRepository" value="/home/user/.m2/repository"/>
    <property name="java.vendor.url.bug" value="https://icedtea.classpath.org/bugzilla"/>
    <property name="java.io.tmpdir" value="/tmp"/>
    <property name="java.version" value="1.8.0_212"/>
    <property name="user.dir" value="/workdir/ratis-test"/>
    <property name="os.arch" value="amd64"/>
    <property name="ratis.tmp.dir" value="/workdir/ratis-test/target/tmp"/>
    <property name="java.vm.specification.name" value="Java Virtual Machine Specification"/>
    <property name="java.awt.printerjob" value="sun.print.PSPrinterJob"/>
    <property name="ratis.log.dir" value="/workdir/ratis-test/target/log"/>
    <property name="sun.os.patch.level" value="unknown"/>
    <property name="java.library.path" value="/usr/lib/jvm/java-1.8-openjdk/jre/lib/amd64/server:/usr/lib/jvm/java-1.8-openjdk/jre/lib/amd64:/usr/lib/jvm/java-1.8-openjdk/jre/../lib/amd64:/usr/java/packages/lib/amd64:/usr/lib64:/lib64:/lib:/usr/lib"/>
    <property name="java.vm.info" value="mixed mode"/>
    <property name="java.vendor" value="IcedTea"/>
    <property name="java.vm.version" value="25.212-b04"/>
    <property name="java.ext.dirs" value="/usr/lib/jvm/java-1.8-openjdk/jre/lib/ext:/usr/java/packages/lib/ext"/>
    <property name="sun.io.unicode.encoding" value="UnicodeLittle"/>
    <property name="java.class.version" value="52.0"/>
  </properties>
  <testcase name="testRestartPeer" classname="org.apache.ratis.netty.TestRaftSnapshotWithNetty" time="15.536">
    <failure type="java.lang.AssertionError">java.lang.AssertionError
</failure>
    <system-out><![CDATA[2019-09-24 16:27:13,324 INFO  util.LogUtils (LogUtils.java:setLogLevel(41)) - Set org.apache.ratis.conf.ConfUtils log level to WARN
2019-09-24 16:27:13,328 INFO  util.LogUtils (LogUtils.java:setLogLevel(41)) - Set org.apache.ratis.util.FileUtils log level to TRACE
2019-09-24 16:27:13,341 INFO  util.LogUtils (LogUtils.java:setLogLevel(41)) - Set org.apache.ratis.server.impl.RaftServerImpl log level to DEBUG
2019-09-24 16:27:13,343 INFO  util.LogUtils (LogUtils.java:setLogLevel(41)) - Set org.apache.ratis.server.raftlog.RaftLog log level to DEBUG
2019-09-24 16:27:13,344 INFO  util.LogUtils (LogUtils.java:setLogLevel(41)) - Set org.apache.ratis.client.RaftClient log level to DEBUG
2019-09-24 16:27:13,445 INFO  ratis.MiniRaftCluster (MiniRaftCluster.java:<init>(253)) - new MiniRaftClusterWithNetty with group-C1721C4BC1D1:[s0:0.0.0.0:36700]
2019-09-24 16:27:13,446 INFO  ratis.MiniRaftCluster (MiniRaftCluster.java:start(287)) - .............................................................. 
2019-09-24 16:27:13,446 INFO  ratis.MiniRaftCluster (MiniRaftCluster.java:start(288)) - ... 
2019-09-24 16:27:13,446 INFO  ratis.MiniRaftCluster (MiniRaftCluster.java:start(289)) - ...     Starting MiniRaftClusterWithNetty
2019-09-24 16:27:13,446 INFO  ratis.MiniRaftCluster (MiniRaftCluster.java:start(290)) - ... 
2019-09-24 16:27:13,447 INFO  ratis.MiniRaftCluster (MiniRaftCluster.java:start(291)) - .............................................................. 
2019-09-24 16:27:13,447 INFO  ratis.MiniRaftCluster (MiniRaftCluster.java:initServers(265)) - servers = {}
2019-09-24 16:27:13,458 INFO  ratis.MiniRaftCluster (MiniRaftCluster.java:newRaftServer(330)) - newRaftServer: s0, group-C1721C4BC1D1:[s0:0.0.0.0:36700], format? true
2019-09-24 16:27:13,461 TRACE util.FileUtils (FileUtils.java:deleteFully(88)) - deleteFully target/test/data/b6eb8de1/MiniRaftClusterWithNettyf5482ff6/s0
2019-09-24 16:27:13,468 TRACE util.FileUtils (FileUtils.java:deleteFully(104)) - deleteFully: target/test/data/b6eb8de1/MiniRaftClusterWithNettyf5482ff6/s0 does not exist.
2019-09-24 16:27:13,468 INFO  ratis.MiniRaftCluster (MiniRaftCluster.java:newRaftServer(335)) - Formatted directory target/test/data/b6eb8de1/MiniRaftClusterWithNettyf5482ff6/s0
2019-09-24 16:27:13,486 INFO  impl.RaftServerProxy (ConfUtils.java:logGet(43)) - raft.rpc.type = NETTY (custom)
2019-09-24 16:27:13,606 INFO  netty.NettyConfigKeys$Server (ConfUtils.java:logGet(43)) - raft.netty.server.port = 36700 (custom)
2019-09-24 16:27:13,713 INFO  server.RaftServerConfigKeys (ConfUtils.java:logGet(43)) - raft.server.storage.dir = [/workdir/ratis-test/target/test/data/b6eb8de1/MiniRaftClusterWithNettyf5482ff6/s0] (custom)
2019-09-24 16:27:13,723 INFO  impl.RaftServerProxy (RaftServerProxy.java:addNew(89)) - s0: addNew group-C1721C4BC1D1:[s0:0.0.0.0:36700] returns group-C1721C4BC1D1:java.util.concurrent.CompletableFuture@3a38bb54[Not completed]
2019-09-24 16:27:13,726 INFO  logging.LoggingHandler (AbstractInternalLogger.java:log(150)) - [id: 0x2541c01a] REGISTERED
2019-09-24 16:27:13,728 INFO  logging.LoggingHandler (AbstractInternalLogger.java:log(150)) - [id: 0x2541c01a] BIND: 0.0.0.0/0.0.0.0:36700
2019-09-24 16:27:13,729 INFO  server.RaftServerConfigKeys (ConfUtils.java:logGet(43)) - raft.server.log.segment.size.max = 8MB (=8388608) (default)
2019-09-24 16:27:13,732 INFO  server.RaftServerConfigKeys (ConfUtils.java:logGet(43)) - raft.server.log.preallocated.size = 4MB (=4194304) (default)
2019-09-24 16:27:13,732 INFO  server.RaftServerConfigKeys (ConfUtils.java:logGet(43)) - raft.server.log.write.buffer.size = 64KB (=65536) (default)
2019-09-24 16:27:13,734 INFO  logging.LoggingHandler (AbstractInternalLogger.java:log(150)) - [id: 0x2541c01a, L:0.0.0.0/0.0.0.0:36700] ACTIVE
2019-09-24 16:27:13,736 INFO  impl.RaftServerImpl (RaftServerImpl.java:<init>(95)) - s0: new RaftServerImpl for group-C1721C4BC1D1:[s0:0.0.0.0:36700] with SimpleStateMachine4Testing:uninitialized
2019-09-24 16:27:13,743 INFO  server.RaftServerConfigKeys (ConfUtils.java:logGet(43)) - raft.server.rpc.timeout.min = 150ms (default)
2019-09-24 16:27:13,744 INFO  server.RaftServerConfigKeys (ConfUtils.java:logGet(43)) - raft.server.rpc.timeout.max = 300ms (default)
2019-09-24 16:27:13,744 INFO  server.RaftServerConfigKeys (ConfUtils.java:logGet(43)) - raft.server.rpcslowness.timeout = 60s (default)
2019-09-24 16:27:13,745 INFO  server.RaftServerConfigKeys (ConfUtils.java:logGet(43)) - raft.server.sleep.deviation.threshold = 300 (default)
2019-09-24 16:27:13,747 INFO  server.RaftServerConfigKeys (ConfUtils.java:logGet(43)) - raft.server.log.appender.install.snapshot.enabled = true (default)
2019-09-24 16:27:13,752 INFO  impl.RaftServerImpl (ServerState.java:<init>(103)) - s0@group-C1721C4BC1D1: ConfigurationManager, init=-1: [s0:0.0.0.0:36700], old=null, confs=<EMPTY_MAP>
2019-09-24 16:27:13,752 INFO  server.RaftServerConfigKeys (ConfUtils.java:logGet(43)) - raft.server.storage.dir = [/workdir/ratis-test/target/test/data/b6eb8de1/MiniRaftClusterWithNettyf5482ff6/s0] (custom)
2019-09-24 16:27:13,761 INFO  server.RaftServerConfigKeys (ConfUtils.java:logGet(43)) - raft.server.log.corruption.policy = EXCEPTION (default)
2019-09-24 16:27:13,763 INFO  storage.RaftStorageDirectory (RaftStorageDirectory.java:analyzeStorage(246)) - The storage directory /workdir/ratis-test/target/test/data/b6eb8de1/MiniRaftClusterWithNettyf5482ff6/s0/81bac948-d4fa-4c31-bdc9-c1721c4bc1d1 does not exist. Creating ...
2019-09-24 16:27:13,765 TRACE util.FileUtils (LogUtils.java:runAndLog(61)) - Successfully ran Files.createDirectories /workdir/ratis-test/target/test/data/b6eb8de1/MiniRaftClusterWithNettyf5482ff6/s0/81bac948-d4fa-4c31-bdc9-c1721c4bc1d1
2019-09-24 16:27:13,784 INFO  storage.RaftStorageDirectory (RaftStorageDirectory.java:tryLock(328)) - Lock on /workdir/ratis-test/target/test/data/b6eb8de1/MiniRaftClusterWithNettyf5482ff6/s0/81bac948-d4fa-4c31-bdc9-c1721c4bc1d1/in_use.lock acquired by nodename 722@ratis-test-vphbd-3564017154
2019-09-24 16:27:13,784 TRACE util.FileUtils (LogUtils.java:runAndLog(61)) - Successfully ran Files.createDirectories /workdir/ratis-test/target/test/data/b6eb8de1/MiniRaftClusterWithNettyf5482ff6/s0/81bac948-d4fa-4c31-bdc9-c1721c4bc1d1/current
2019-09-24 16:27:13,785 TRACE util.FileUtils (LogUtils.java:runAndLog(61)) - Successfully ran Files.createDirectories /workdir/ratis-test/target/test/data/b6eb8de1/MiniRaftClusterWithNettyf5482ff6/s0/81bac948-d4fa-4c31-bdc9-c1721c4bc1d1/sm
2019-09-24 16:27:13,803 INFO  storage.RaftStorage (RaftStorage.java:format(84)) - Storage directory /workdir/ratis-test/target/test/data/b6eb8de1/MiniRaftClusterWithNettyf5482ff6/s0/81bac948-d4fa-4c31-bdc9-c1721c4bc1d1 has been successfully formatted.
2019-09-24 16:27:13,804 INFO  statemachine.SimpleStateMachine4Testing (SimpleStateMachine4Testing.java:initialize(206)) - Initializing SimpleStateMachine4Testing:uninitialized
2019-09-24 16:27:13,807 INFO  statemachine.SimpleStateMachine4Testing (SimpleStateMachine4Testing.java:loadSnapshot(296)) - The snapshot file null does not exist
2019-09-24 16:27:13,808 INFO  server.RaftServerConfigKeys (ConfUtils.java:logGet(43)) - raft.server.notification.no-leader.timeout = 60s (default)
2019-09-24 16:27:13,811 INFO  server.RaftServerConfigKeys (ConfUtils.java:logGet(43)) - raft.server.log.use.memory = false (default)
2019-09-24 16:27:13,815 INFO  server.RaftServerConfigKeys (ConfUtils.java:logGet(43)) - raft.server.log.purge.gap = 1024 (default)
2019-09-24 16:27:13,816 INFO  server.RaftServerConfigKeys (ConfUtils.java:logGet(43)) - raft.server.log.appender.buffer.byte-limit = 4MB (=4194304) (default)
2019-09-24 16:27:13,818 INFO  server.RaftServerConfigKeys (ConfUtils.java:logGet(43)) - raft.server.log.segment.size.max = 8MB (=8388608) (default)
2019-09-24 16:27:13,821 INFO  server.RaftServerConfigKeys (ConfUtils.java:logGet(43)) - raft.server.log.segment.cache.num.max = 6 (default)
2019-09-24 16:27:13,826 INFO  segmented.SegmentedRaftLogWorker (SegmentedRaftLogWorker.java:<init>(172)) - new s0@group-C1721C4BC1D1-SegmentedRaftLogWorker for RaftStorage:Storage Directory /workdir/ratis-test/target/test/data/b6eb8de1/MiniRaftClusterWithNettyf5482ff6/s0/81bac948-d4fa-4c31-bdc9-c1721c4bc1d1
2019-09-24 16:27:13,898 WARN  impl.MetricsConfig (MetricsConfig.java:loadFirst(124)) - Cannot locate configuration: tried hadoop-metrics2-ratis.properties,hadoop-metrics2.properties
2019-09-24 16:27:13,998 INFO  impl.MetricsSystemImpl (MetricsSystemImpl.java:startTimer(376)) - Scheduled snapshot period at 10 second(s).
2019-09-24 16:27:13,998 INFO  impl.MetricsSystemImpl (MetricsSystemImpl.java:start(191)) - ratis metrics system started
2019-09-24 16:27:14,005 INFO  metrics.MetricRegistries (MetricRegistriesLoader.java:load(64)) - Loaded MetricRegistries class org.apache.ratis.metrics.impl.MetricRegistriesImpl
2019-09-24 16:27:14,042 INFO  server.RaftServerConfigKeys (ConfUtils.java:logGet(43)) - raft.server.log.queue.byte-limit = 64MB (=67108864) (default)
2019-09-24 16:27:14,043 INFO  server.RaftServerConfigKeys (ConfUtils.java:logGet(43)) - raft.server.log.queue.element-limit = 4096 (default)
2019-09-24 16:27:14,046 INFO  server.RaftServerConfigKeys (ConfUtils.java:logGet(43)) - raft.server.log.segment.size.max = 8MB (=8388608) (default)
2019-09-24 16:27:14,046 INFO  server.RaftServerConfigKeys (ConfUtils.java:logGet(43)) - raft.server.log.preallocated.size = 4MB (=4194304) (default)
2019-09-24 16:27:14,046 INFO  server.RaftServerConfigKeys (ConfUtils.java:logGet(43)) - raft.server.log.write.buffer.size = 64KB (=65536) (default)
2019-09-24 16:27:14,047 INFO  server.RaftServerConfigKeys (ConfUtils.java:logGet(43)) - raft.server.log.force.sync.num = 128 (default)
2019-09-24 16:27:14,048 INFO  server.RaftServerConfigKeys (ConfUtils.java:logGet(43)) - raft.server.log.statemachine.data.sync = true (default)
2019-09-24 16:27:14,049 INFO  server.RaftServerConfigKeys (ConfUtils.java:logGet(43)) - raft.server.log.statemachine.data.sync.timeout = 10s (default)
2019-09-24 16:27:14,049 INFO  server.RaftServerConfigKeys (ConfUtils.java:logGet(43)) - raft.server.log.statemachine.data.sync.timeout.retry = -1 (default)
2019-09-24 16:27:14,060 INFO  server.RaftServerConfigKeys (ConfUtils.java:logGet(43)) - raft.server.log.statemachine.data.caching.enabled = false (default)
2019-09-24 16:27:14,064 INFO  segmented.SegmentedRaftLogWorker (SegmentedRaftLogWorker.java:lambda$new$0(132)) - s0@group-C1721C4BC1D1-SegmentedRaftLogWorker: flushIndex: setUnconditionally 0 -> -1
2019-09-24 16:27:14,068 INFO  server.RaftServerConfigKeys (ConfUtils.java:logGet(43)) - raft.server.snapshot.auto.trigger.enabled = true (custom)
2019-09-24 16:27:14,069 INFO  server.RaftServerConfigKeys (ConfUtils.java:logGet(43)) - raft.server.snapshot.auto.trigger.threshold = 10 (custom)
2019-09-24 16:27:14,069 INFO  server.RaftServerConfigKeys (ConfUtils.java:logGet(43)) - raft.server.snapshot.retention.file.num = -1 (default)
2019-09-24 16:27:14,070 INFO  server.RaftServerConfigKeys (ConfUtils.java:logGet(43)) - raft.server.retrycache.expirytime = 60s (default)
2019-09-24 16:27:14,097 INFO  impl.RaftServerImpl (RaftServerImpl.java:start(181)) - s0@group-C1721C4BC1D1: start as a follower, conf=-1: [s0:0.0.0.0:36700], old=null
2019-09-24 16:27:14,099 INFO  impl.RaftServerImpl (RaftServerImpl.java:setRole(170)) - s0@group-C1721C4BC1D1: changes role from      null to FOLLOWER at term 0 for startAsFollower
2019-09-24 16:27:14,101 INFO  impl.RoleInfo (RoleInfo.java:updateAndGet(143)) - s0: start FollowerState
2019-09-24 16:27:14,104 INFO  util.JmxRegister (JmxRegister.java:tryRegister(44)) - Successfully registered JMX Bean with object name Ratis:service=RaftServer,group=group-C1721C4BC1D1,id=s0
2019-09-24 16:27:14,114 INFO  impl.RaftServerProxy (RaftServerProxy.java:lambda$start$3(299)) - s0: start RPC server
2019-09-24 16:27:14,119 INFO  server.RaftServerConfigKeys (ConfUtils.java:logGet(43)) - raft.server.rpc.timeout.max = 300ms (default)
2019-09-24 16:27:14,123 INFO  ratis.RaftTestUtil (RaftTestUtil.java:waitForLeader(86)) - printing ALL groups
  s0:  RUNNING  FOLLOWER s0@group-C1721C4BC1D1:t0, leader=null, voted=null, raftlog=s0@group-C1721C4BC1D1-SegmentedRaftLog:OPENED:c-1,f-1,i0, conf=-1: [s0:0.0.0.0:36700], old=null RUNNING
2019-09-24 16:27:14,130 WARN  ratis.RaftTestUtil (JavaUtils.java:attempt(158)) - FAILED "waitForLeader-null-(expectLeader? true)", attempt #1/100: java.lang.IllegalStateException: No leader yet : printing ALL groups
  s0:  RUNNING  FOLLOWER s0@group-C1721C4BC1D1:t0, leader=null, voted=null, raftlog=s0@group-C1721C4BC1D1-SegmentedRaftLog:OPENED:c-1,f-1,i0, conf=-1: [s0:0.0.0.0:36700], old=null RUNNING, sleep 450ms and then retry.
java.lang.IllegalStateException: No leader yet : printing ALL groups
  s0:  RUNNING  FOLLOWER s0@group-C1721C4BC1D1:t0, leader=null, voted=null, raftlog=s0@group-C1721C4BC1D1-SegmentedRaftLog:OPENED:c-1,f-1,i0, conf=-1: [s0:0.0.0.0:36700], old=null RUNNING
	at org.apache.ratis.MiniRaftCluster.newIllegalStateExceptionForNoLeaders(MiniRaftCluster.java:506)
	at org.apache.ratis.RaftTestUtil.lambda$waitForLeader$1(RaftTestUtil.java:90)
	at org.apache.ratis.MiniRaftCluster.getLeader(MiniRaftCluster.java:539)
	at org.apache.ratis.MiniRaftCluster.getLeader(MiniRaftCluster.java:532)
	at org.apache.ratis.RaftTestUtil.lambda$waitForLeader$3(RaftTestUtil.java:98)
	at org.apache.ratis.util.JavaUtils.attempt(JavaUtils.java:152)
	at org.apache.ratis.RaftTestUtil.waitForLeader(RaftTestUtil.java:97)
	at org.apache.ratis.RaftTestUtil.waitForLeader(RaftTestUtil.java:77)
	at org.apache.ratis.RaftTestUtil.waitForLeader(RaftTestUtil.java:72)
	at org.apache.ratis.statemachine.RaftSnapshotBaseTest.testRestartPeer(RaftSnapshotBaseTest.java:125)
	at sun.reflect.NativeMethodAccessorImpl.invoke0(Native Method)
	at sun.reflect.NativeMethodAccessorImpl.invoke(NativeMethodAccessorImpl.java:62)
	at sun.reflect.DelegatingMethodAccessorImpl.invoke(DelegatingMethodAccessorImpl.java:43)
	at java.lang.reflect.Method.invoke(Method.java:498)
	at org.junit.runners.model.FrameworkMethod$1.runReflectiveCall(FrameworkMethod.java:50)
	at org.junit.internal.runners.model.ReflectiveCallable.run(ReflectiveCallable.java:12)
	at org.junit.runners.model.FrameworkMethod.invokeExplosively(FrameworkMethod.java:47)
	at org.junit.internal.runners.statements.InvokeMethod.evaluate(InvokeMethod.java:17)
	at org.junit.internal.runners.statements.RunBefores.evaluate(RunBefores.java:26)
	at org.junit.internal.runners.statements.RunAfters.evaluate(RunAfters.java:27)
	at org.junit.internal.runners.statements.FailOnTimeout$CallableStatement.call(FailOnTimeout.java:298)
	at org.junit.internal.runners.statements.FailOnTimeout$CallableStatement.call(FailOnTimeout.java:292)
	at java.util.concurrent.FutureTask.run(FutureTask.java:266)
	at java.lang.Thread.run(Thread.java:748)
2019-09-24 16:27:14,374 INFO  impl.FollowerState (FollowerState.java:run(108)) - s0@group-C1721C4BC1D1-FollowerState: change to CANDIDATE, lastRpcTime:273ms, electionTimeout:272ms
2019-09-24 16:27:14,376 INFO  impl.RoleInfo (RoleInfo.java:shutdownFollowerState(121)) - s0: shutdown FollowerState
2019-09-24 16:27:14,377 INFO  impl.RaftServerImpl (RaftServerImpl.java:setRole(170)) - s0@group-C1721C4BC1D1: changes role from  FOLLOWER to CANDIDATE at term 0 for changeToCandidate
2019-09-24 16:27:14,381 INFO  impl.RoleInfo (RoleInfo.java:updateAndGet(143)) - s0: start LeaderElection
2019-09-24 16:27:14,400 INFO  impl.LeaderElection (LeaderElection.java:askForVotes(178)) - s0@group-C1721C4BC1D1-LeaderElection1: begin an election at term 1 for -1: [s0:0.0.0.0:36700], old=null
2019-09-24 16:27:14,402 INFO  impl.RoleInfo (RoleInfo.java:shutdownLeaderElection(134)) - s0: shutdown LeaderElection
2019-09-24 16:27:14,403 INFO  impl.RaftServerImpl (RaftServerImpl.java:setRole(170)) - s0@group-C1721C4BC1D1: changes role from CANDIDATE to LEADER at term 1 for changeToLeader
2019-09-24 16:27:14,403 INFO  impl.RaftServerImpl (ServerState.java:setLeader(254)) - s0@group-C1721C4BC1D1: change Leader from null to s0 at term 1 for becomeLeader, leader elected after 595ms
2019-09-24 16:27:14,408 INFO  server.RaftServerConfigKeys (ConfUtils.java:logGet(43)) - raft.server.staging.catchup.gap = 1000 (default)
2019-09-24 16:27:14,408 INFO  server.RaftServerConfigKeys (ConfUtils.java:logGet(43)) - raft.server.rpc.sleep.time = 25ms (default)
2019-09-24 16:27:14,413 INFO  server.RaftServerConfigKeys (ConfUtils.java:logGet(43)) - raft.server.write.element-limit = 4096 (default)
2019-09-24 16:27:14,418 INFO  server.RaftServerConfigKeys (ConfUtils.java:logGet(43)) - raft.server.watch.timeout = 10s (default)
2019-09-24 16:27:14,419 INFO  server.RaftServerConfigKeys (ConfUtils.java:logGet(43)) - raft.server.watch.timeout.denomination = 1s (default)
2019-09-24 16:27:14,420 INFO  server.RaftServerConfigKeys (ConfUtils.java:logGet(43)) - raft.server.watch.element-limit = 65536 (default)
2019-09-24 16:27:14,438 INFO  impl.RoleInfo (RoleInfo.java:updateAndGet(143)) - s0: start LeaderState
2019-09-24 16:27:14,465 DEBUG raftlog.RaftLog (SegmentedRaftLog.java:appendImpl(425)) - truncateIndex=-1, arrayIndex=0
2019-09-24 16:27:14,468 INFO  segmented.SegmentedRaftLogWorker (SegmentedRaftLogWorker.java:startLogSegment(380)) - s0@group-C1721C4BC1D1-SegmentedRaftLogWorker: Starting segment from index:0
2019-09-24 16:27:14,485 INFO  impl.RaftServerImpl (ServerState.java:setRaftConf(355)) - s0@group-C1721C4BC1D1: set configuration 0: [s0:0.0.0.0:36700], old=null at 0
2019-09-24 16:27:14,584 INFO  ratis.RaftTestUtil (RaftTestUtil.java:waitForLeader(101)) - printing ALL groups
  s0:  RUNNING    LEADER s0@group-C1721C4BC1D1:t1, leader=s0, voted=s0, raftlog=s0@group-C1721C4BC1D1-SegmentedRaftLog:OPENED:c-1,f-1,i0, conf=0: [s0:0.0.0.0:36700], old=null RUNNING
2019-09-24 16:27:14,591 DEBUG client.RaftClient (ConfUtils.java:logGet(43)) - raft.rpc.type = NETTY (custom)
2019-09-24 16:27:14,614 DEBUG client.RaftClient (RaftClientImpl.java:sendRequest(275)) - client-AE47B16E5A9E: send RaftClientRequest:client-AE47B16E5A9E->s0@group-C1721C4BC1D1, cid=0, seq=0, RW, m0
2019-09-24 16:27:14,659 INFO  logging.LoggingHandler (AbstractInternalLogger.java:log(150)) - [id: 0x2541c01a, L:0.0.0.0/0.0.0.0:36700] READ: [id: 0xd8ae36c8, L:/192.168.5.142:36700 - R:/192.168.5.142:37208]
2019-09-24 16:27:14,660 INFO  logging.LoggingHandler (AbstractInternalLogger.java:log(150)) - [id: 0x2541c01a, L:0.0.0.0/0.0.0.0:36700] READ COMPLETE
2019-09-24 16:27:14,715 INFO  segmented.SegmentedRaftLogWorker (SegmentedRaftLogWorker.java:execute(569)) - s0@group-C1721C4BC1D1-SegmentedRaftLogWorker: created new log segment /workdir/ratis-test/target/test/data/b6eb8de1/MiniRaftClusterWithNettyf5482ff6/s0/81bac948-d4fa-4c31-bdc9-c1721c4bc1d1/current/log_inprogress_0
2019-09-24 16:27:14,859 DEBUG impl.RaftServerImpl (RaftServerImpl.java:submitClientRequestAsync(533)) - s0@group-C1721C4BC1D1: receive client request(RaftClientRequest:client-AE47B16E5A9E->s0@group-C1721C4BC1D1, cid=0, seq=0, RW, Message:6d30)
2019-09-24 16:27:14,897 DEBUG impl.RaftServerImpl (LeaderState.java:addPendingRequest(317)) - s0@group-C1721C4BC1D1-LeaderState: addPendingRequest at RaftClientRequest:client-AE47B16E5A9E->s0@group-C1721C4BC1D1, cid=0, seq=0, RW, Message:6d30, entry=(t:1, i:1), STATEMACHINELOGENTRY, client-AE47B16E5A9E, cid=0
2019-09-24 16:27:14,914 INFO  statemachine.SimpleStateMachine4Testing (SimpleStateMachine4Testing.java:put(198)) - s0: put 1, m0 -> (t:1, i:1), STATEMACHINELOGENTRY, client-AE47B16E5A9E, cid=0
2019-09-24 16:27:14,957 DEBUG client.RaftClient (RaftClientImpl.java:sendRequest(285)) - client-AE47B16E5A9E: receive RaftClientReply:client-AE47B16E5A9E->s0@group-C1721C4BC1D1, cid=0, SUCCESS, logIndex=1, commits[s0:c1]
2019-09-24 16:27:14,958 DEBUG client.RaftClient (RaftClientImpl.java:sendRequest(275)) - client-AE47B16E5A9E: send RaftClientRequest:client-AE47B16E5A9E->s0@group-C1721C4BC1D1, cid=1, seq=0, RW, m1
2019-09-24 16:27:14,960 DEBUG impl.RaftServerImpl (RaftServerImpl.java:submitClientRequestAsync(533)) - s0@group-C1721C4BC1D1: receive client request(RaftClientRequest:client-AE47B16E5A9E->s0@group-C1721C4BC1D1, cid=1, seq=0, RW, Message:6d31)
2019-09-24 16:27:14,961 DEBUG impl.RaftServerImpl (LeaderState.java:addPendingRequest(317)) - s0@group-C1721C4BC1D1-LeaderState: addPendingRequest at RaftClientRequest:client-AE47B16E5A9E->s0@group-C1721C4BC1D1, cid=1, seq=0, RW, Message:6d31, entry=(t:1, i:3), STATEMACHINELOGENTRY, client-AE47B16E5A9E, cid=1
2019-09-24 16:27:14,965 INFO  statemachine.SimpleStateMachine4Testing (SimpleStateMachine4Testing.java:put(198)) - s0: put 3, m1 -> (t:1, i:3), STATEMACHINELOGENTRY, client-AE47B16E5A9E, cid=1
2019-09-24 16:27:14,968 DEBUG client.RaftClient (RaftClientImpl.java:sendRequest(285)) - client-AE47B16E5A9E: receive RaftClientReply:client-AE47B16E5A9E->s0@group-C1721C4BC1D1, cid=1, SUCCESS, logIndex=3, commits[s0:c3]
2019-09-24 16:27:14,968 DEBUG client.RaftClient (RaftClientImpl.java:sendRequest(275)) - client-AE47B16E5A9E: send RaftClientRequest:client-AE47B16E5A9E->s0@group-C1721C4BC1D1, cid=2, seq=0, RW, m2
2019-09-24 16:27:14,969 DEBUG impl.RaftServerImpl (RaftServerImpl.java:submitClientRequestAsync(533)) - s0@group-C1721C4BC1D1: receive client request(RaftClientRequest:client-AE47B16E5A9E->s0@group-C1721C4BC1D1, cid=2, seq=0, RW, Message:6d32)
2019-09-24 16:27:14,970 DEBUG impl.RaftServerImpl (LeaderState.java:addPendingRequest(317)) - s0@group-C1721C4BC1D1-LeaderState: addPendingRequest at RaftClientRequest:client-AE47B16E5A9E->s0@group-C1721C4BC1D1, cid=2, seq=0, RW, Message:6d32, entry=(t:1, i:5), STATEMACHINELOGENTRY, client-AE47B16E5A9E, cid=2
2019-09-24 16:27:15,010 INFO  statemachine.SimpleStateMachine4Testing (SimpleStateMachine4Testing.java:put(198)) - s0: put 5, m2 -> (t:1, i:5), STATEMACHINELOGENTRY, client-AE47B16E5A9E, cid=2
2019-09-24 16:27:15,012 DEBUG client.RaftClient (RaftClientImpl.java:sendRequest(285)) - client-AE47B16E5A9E: receive RaftClientReply:client-AE47B16E5A9E->s0@group-C1721C4BC1D1, cid=2, SUCCESS, logIndex=5, commits[s0:c5]
2019-09-24 16:27:15,012 DEBUG client.RaftClient (RaftClientImpl.java:sendRequest(275)) - client-AE47B16E5A9E: send RaftClientRequest:client-AE47B16E5A9E->s0@group-C1721C4BC1D1, cid=3, seq=0, RW, m3
2019-09-24 16:27:15,014 DEBUG impl.RaftServerImpl (RaftServerImpl.java:submitClientRequestAsync(533)) - s0@group-C1721C4BC1D1: receive client request(RaftClientRequest:client-AE47B16E5A9E->s0@group-C1721C4BC1D1, cid=3, seq=0, RW, Message:6d33)
2019-09-24 16:27:15,015 DEBUG impl.RaftServerImpl (LeaderState.java:addPendingRequest(317)) - s0@group-C1721C4BC1D1-LeaderState: addPendingRequest at RaftClientRequest:client-AE47B16E5A9E->s0@group-C1721C4BC1D1, cid=3, seq=0, RW, Message:6d33, entry=(t:1, i:7), STATEMACHINELOGENTRY, client-AE47B16E5A9E, cid=3
2019-09-24 16:27:15,061 INFO  statemachine.SimpleStateMachine4Testing (SimpleStateMachine4Testing.java:put(198)) - s0: put 7, m3 -> (t:1, i:7), STATEMACHINELOGENTRY, client-AE47B16E5A9E, cid=3
2019-09-24 16:27:15,062 DEBUG client.RaftClient (RaftClientImpl.java:sendRequest(285)) - client-AE47B16E5A9E: receive RaftClientReply:client-AE47B16E5A9E->s0@group-C1721C4BC1D1, cid=3, SUCCESS, logIndex=7, commits[s0:c7]
2019-09-24 16:27:15,063 DEBUG client.RaftClient (RaftClientImpl.java:sendRequest(275)) - client-AE47B16E5A9E: send RaftClientRequest:client-AE47B16E5A9E->s0@group-C1721C4BC1D1, cid=4, seq=0, RW, m4
2019-09-24 16:27:15,064 DEBUG impl.RaftServerImpl (RaftServerImpl.java:submitClientRequestAsync(533)) - s0@group-C1721C4BC1D1: receive client request(RaftClientRequest:client-AE47B16E5A9E->s0@group-C1721C4BC1D1, cid=4, seq=0, RW, Message:6d34)
2019-09-24 16:27:15,065 DEBUG impl.RaftServerImpl (LeaderState.java:addPendingRequest(317)) - s0@group-C1721C4BC1D1-LeaderState: addPendingRequest at RaftClientRequest:client-AE47B16E5A9E->s0@group-C1721C4BC1D1, cid=4, seq=0, RW, Message:6d34, entry=(t:1, i:9), STATEMACHINELOGENTRY, client-AE47B16E5A9E, cid=4
2019-09-24 16:27:15,102 INFO  statemachine.SimpleStateMachine4Testing (SimpleStateMachine4Testing.java:put(198)) - s0: put 9, m4 -> (t:1, i:9), STATEMACHINELOGENTRY, client-AE47B16E5A9E, cid=4
2019-09-24 16:27:15,104 DEBUG client.RaftClient (RaftClientImpl.java:sendRequest(285)) - client-AE47B16E5A9E: receive RaftClientReply:client-AE47B16E5A9E->s0@group-C1721C4BC1D1, cid=4, SUCCESS, logIndex=9, commits[s0:c9]
2019-09-24 16:27:15,105 DEBUG client.RaftClient (RaftClientImpl.java:sendRequest(275)) - client-AE47B16E5A9E: send RaftClientRequest:client-AE47B16E5A9E->s0@group-C1721C4BC1D1, cid=5, seq=0, RW, m5
2019-09-24 16:27:15,106 DEBUG impl.RaftServerImpl (RaftServerImpl.java:submitClientRequestAsync(533)) - s0@group-C1721C4BC1D1: receive client request(RaftClientRequest:client-AE47B16E5A9E->s0@group-C1721C4BC1D1, cid=5, seq=0, RW, Message:6d35)
2019-09-24 16:27:15,107 DEBUG impl.RaftServerImpl (LeaderState.java:addPendingRequest(317)) - s0@group-C1721C4BC1D1-LeaderState: addPendingRequest at RaftClientRequest:client-AE47B16E5A9E->s0@group-C1721C4BC1D1, cid=5, seq=0, RW, Message:6d35, entry=(t:1, i:11), STATEMACHINELOGENTRY, client-AE47B16E5A9E, cid=5
2019-09-24 16:27:15,270 INFO  impl.StateMachineUpdater (StateMachineUpdater.java:takeSnapshot(269)) - s0@group-C1721C4BC1D1-StateMachineUpdater: Took a snapshot at index 9
2019-09-24 16:27:15,271 INFO  impl.StateMachineUpdater (StateMachineUpdater.java:lambda$new$0(84)) - s0@group-C1721C4BC1D1-StateMachineUpdater: snapshotIndex: updateIncreasingly -1 -> 9
2019-09-24 16:27:15,281 INFO  statemachine.SimpleStateMachine4Testing (SimpleStateMachine4Testing.java:put(198)) - s0: put 11, m5 -> (t:1, i:11), STATEMACHINELOGENTRY, client-AE47B16E5A9E, cid=5
2019-09-24 16:27:15,283 DEBUG client.RaftClient (RaftClientImpl.java:sendRequest(285)) - client-AE47B16E5A9E: receive RaftClientReply:client-AE47B16E5A9E->s0@group-C1721C4BC1D1, cid=5, SUCCESS, logIndex=11, commits[s0:c12]
2019-09-24 16:27:15,283 DEBUG client.RaftClient (RaftClientImpl.java:sendRequest(275)) - client-AE47B16E5A9E: send RaftClientRequest:client-AE47B16E5A9E->s0@group-C1721C4BC1D1, cid=6, seq=0, RW, m6
2019-09-24 16:27:15,285 DEBUG impl.RaftServerImpl (RaftServerImpl.java:submitClientRequestAsync(533)) - s0@group-C1721C4BC1D1: receive client request(RaftClientRequest:client-AE47B16E5A9E->s0@group-C1721C4BC1D1, cid=6, seq=0, RW, Message:6d36)
2019-09-24 16:27:15,286 DEBUG impl.RaftServerImpl (LeaderState.java:addPendingRequest(317)) - s0@group-C1721C4BC1D1-LeaderState: addPendingRequest at RaftClientRequest:client-AE47B16E5A9E->s0@group-C1721C4BC1D1, cid=6, seq=0, RW, Message:6d36, entry=(t:1, i:13), STATEMACHINELOGENTRY, client-AE47B16E5A9E, cid=6
2019-09-24 16:27:15,304 INFO  statemachine.SimpleStateMachine4Testing (SimpleStateMachine4Testing.java:put(198)) - s0: put 13, m6 -> (t:1, i:13), STATEMACHINELOGENTRY, client-AE47B16E5A9E, cid=6
2019-09-24 16:27:15,306 DEBUG client.RaftClient (RaftClientImpl.java:sendRequest(285)) - client-AE47B16E5A9E: receive RaftClientReply:client-AE47B16E5A9E->s0@group-C1721C4BC1D1, cid=6, SUCCESS, logIndex=13, commits[s0:c13]
2019-09-24 16:27:15,306 DEBUG client.RaftClient (RaftClientImpl.java:sendRequest(275)) - client-AE47B16E5A9E: send RaftClientRequest:client-AE47B16E5A9E->s0@group-C1721C4BC1D1, cid=7, seq=0, RW, m7
2019-09-24 16:27:15,307 DEBUG impl.RaftServerImpl (RaftServerImpl.java:submitClientRequestAsync(533)) - s0@group-C1721C4BC1D1: receive client request(RaftClientRequest:client-AE47B16E5A9E->s0@group-C1721C4BC1D1, cid=7, seq=0, RW, Message:6d37)
2019-09-24 16:27:15,308 DEBUG impl.RaftServerImpl (LeaderState.java:addPendingRequest(317)) - s0@group-C1721C4BC1D1-LeaderState: addPendingRequest at RaftClientRequest:client-AE47B16E5A9E->s0@group-C1721C4BC1D1, cid=7, seq=0, RW, Message:6d37, entry=(t:1, i:15), STATEMACHINELOGENTRY, client-AE47B16E5A9E, cid=7
2019-09-24 16:27:15,350 INFO  statemachine.SimpleStateMachine4Testing (SimpleStateMachine4Testing.java:put(198)) - s0: put 15, m7 -> (t:1, i:15), STATEMACHINELOGENTRY, client-AE47B16E5A9E, cid=7
2019-09-24 16:27:15,352 DEBUG client.RaftClient (RaftClientImpl.java:sendRequest(285)) - client-AE47B16E5A9E: receive RaftClientReply:client-AE47B16E5A9E->s0@group-C1721C4BC1D1, cid=7, SUCCESS, logIndex=15, commits[s0:c15]
2019-09-24 16:27:15,352 DEBUG client.RaftClient (RaftClientImpl.java:sendRequest(275)) - client-AE47B16E5A9E: send RaftClientRequest:client-AE47B16E5A9E->s0@group-C1721C4BC1D1, cid=8, seq=0, RW, m8
2019-09-24 16:27:15,354 DEBUG impl.RaftServerImpl (RaftServerImpl.java:submitClientRequestAsync(533)) - s0@group-C1721C4BC1D1: receive client request(RaftClientRequest:client-AE47B16E5A9E->s0@group-C1721C4BC1D1, cid=8, seq=0, RW, Message:6d38)
2019-09-24 16:27:15,355 DEBUG impl.RaftServerImpl (LeaderState.java:addPendingRequest(317)) - s0@group-C1721C4BC1D1-LeaderState: addPendingRequest at RaftClientRequest:client-AE47B16E5A9E->s0@group-C1721C4BC1D1, cid=8, seq=0, RW, Message:6d38, entry=(t:1, i:17), STATEMACHINELOGENTRY, client-AE47B16E5A9E, cid=8
2019-09-24 16:27:15,389 INFO  statemachine.SimpleStateMachine4Testing (SimpleStateMachine4Testing.java:put(198)) - s0: put 17, m8 -> (t:1, i:17), STATEMACHINELOGENTRY, client-AE47B16E5A9E, cid=8
2019-09-24 16:27:15,390 DEBUG client.RaftClient (RaftClientImpl.java:sendRequest(285)) - client-AE47B16E5A9E: receive RaftClientReply:client-AE47B16E5A9E->s0@group-C1721C4BC1D1, cid=8, SUCCESS, logIndex=17, commits[s0:c17]
2019-09-24 16:27:15,391 DEBUG client.RaftClient (RaftClientImpl.java:sendRequest(275)) - client-AE47B16E5A9E: send RaftClientRequest:client-AE47B16E5A9E->s0@group-C1721C4BC1D1, cid=9, seq=0, RW, m9
2019-09-24 16:27:15,393 DEBUG impl.RaftServerImpl (RaftServerImpl.java:submitClientRequestAsync(533)) - s0@group-C1721C4BC1D1: receive client request(RaftClientRequest:client-AE47B16E5A9E->s0@group-C1721C4BC1D1, cid=9, seq=0, RW, Message:6d39)
2019-09-24 16:27:15,395 DEBUG impl.RaftServerImpl (LeaderState.java:addPendingRequest(317)) - s0@group-C1721C4BC1D1-LeaderState: addPendingRequest at RaftClientRequest:client-AE47B16E5A9E->s0@group-C1721C4BC1D1, cid=9, seq=0, RW, Message:6d39, entry=(t:1, i:19), STATEMACHINELOGENTRY, client-AE47B16E5A9E, cid=9
2019-09-24 16:27:15,429 INFO  statemachine.SimpleStateMachine4Testing (SimpleStateMachine4Testing.java:put(198)) - s0: put 19, m9 -> (t:1, i:19), STATEMACHINELOGENTRY, client-AE47B16E5A9E, cid=9
2019-09-24 16:27:15,432 DEBUG client.RaftClient (RaftClientImpl.java:sendRequest(285)) - client-AE47B16E5A9E: receive RaftClientReply:client-AE47B16E5A9E->s0@group-C1721C4BC1D1, cid=9, SUCCESS, logIndex=19, commits[s0:c19]
2019-09-24 16:27:15,432 DEBUG client.RaftClient (RaftClientImpl.java:sendRequest(275)) - client-AE47B16E5A9E: send RaftClientRequest:client-AE47B16E5A9E->s0@group-C1721C4BC1D1, cid=10, seq=0, RW, m10
2019-09-24 16:27:15,434 DEBUG impl.RaftServerImpl (RaftServerImpl.java:submitClientRequestAsync(533)) - s0@group-C1721C4BC1D1: receive client request(RaftClientRequest:client-AE47B16E5A9E->s0@group-C1721C4BC1D1, cid=10, seq=0, RW, Message:6d3130)
2019-09-24 16:27:15,436 DEBUG impl.RaftServerImpl (LeaderState.java:addPendingRequest(317)) - s0@group-C1721C4BC1D1-LeaderState: addPendingRequest at RaftClientRequest:client-AE47B16E5A9E->s0@group-C1721C4BC1D1, cid=10, seq=0, RW, Message:6d3130, entry=(t:1, i:21), STATEMACHINELOGENTRY, client-AE47B16E5A9E, cid=10
2019-09-24 16:27:15,680 INFO  impl.StateMachineUpdater (StateMachineUpdater.java:takeSnapshot(269)) - s0@group-C1721C4BC1D1-StateMachineUpdater: Took a snapshot at index 19
2019-09-24 16:27:15,681 INFO  impl.StateMachineUpdater (StateMachineUpdater.java:lambda$new$0(84)) - s0@group-C1721C4BC1D1-StateMachineUpdater: snapshotIndex: updateIncreasingly 9 -> 19
2019-09-24 16:27:15,682 INFO  statemachine.SimpleStateMachine4Testing (SimpleStateMachine4Testing.java:put(198)) - s0: put 21, m10 -> (t:1, i:21), STATEMACHINELOGENTRY, client-AE47B16E5A9E, cid=10
2019-09-24 16:27:15,684 DEBUG client.RaftClient (RaftClientImpl.java:sendRequest(285)) - client-AE47B16E5A9E: receive RaftClientReply:client-AE47B16E5A9E->s0@group-C1721C4BC1D1, cid=10, SUCCESS, logIndex=21, commits[s0:c22]
2019-09-24 16:27:15,684 DEBUG client.RaftClient (RaftClientImpl.java:sendRequest(275)) - client-AE47B16E5A9E: send RaftClientRequest:client-AE47B16E5A9E->s0@group-C1721C4BC1D1, cid=11, seq=0, RW, m11
2019-09-24 16:27:15,686 DEBUG impl.RaftServerImpl (RaftServerImpl.java:submitClientRequestAsync(533)) - s0@group-C1721C4BC1D1: receive client request(RaftClientRequest:client-AE47B16E5A9E->s0@group-C1721C4BC1D1, cid=11, seq=0, RW, Message:6d3131)
2019-09-24 16:27:15,687 DEBUG impl.RaftServerImpl (LeaderState.java:addPendingRequest(317)) - s0@group-C1721C4BC1D1-LeaderState: addPendingRequest at RaftClientRequest:client-AE47B16E5A9E->s0@group-C1721C4BC1D1, cid=11, seq=0, RW, Message:6d3131, entry=(t:1, i:23), STATEMACHINELOGENTRY, client-AE47B16E5A9E, cid=11
2019-09-24 16:27:15,849 INFO  statemachine.SimpleStateMachine4Testing (SimpleStateMachine4Testing.java:put(198)) - s0: put 23, m11 -> (t:1, i:23), STATEMACHINELOGENTRY, client-AE47B16E5A9E, cid=11
2019-09-24 16:27:15,850 DEBUG client.RaftClient (RaftClientImpl.java:sendRequest(285)) - client-AE47B16E5A9E: receive RaftClientReply:client-AE47B16E5A9E->s0@group-C1721C4BC1D1, cid=11, SUCCESS, logIndex=23, commits[s0:c23]
2019-09-24 16:27:15,851 DEBUG client.RaftClient (RaftClientImpl.java:sendRequest(275)) - client-AE47B16E5A9E: send RaftClientRequest:client-AE47B16E5A9E->s0@group-C1721C4BC1D1, cid=12, seq=0, RW, m12
2019-09-24 16:27:15,852 DEBUG impl.RaftServerImpl (RaftServerImpl.java:submitClientRequestAsync(533)) - s0@group-C1721C4BC1D1: receive client request(RaftClientRequest:client-AE47B16E5A9E->s0@group-C1721C4BC1D1, cid=12, seq=0, RW, Message:6d3132)
2019-09-24 16:27:15,854 DEBUG impl.RaftServerImpl (LeaderState.java:addPendingRequest(317)) - s0@group-C1721C4BC1D1-LeaderState: addPendingRequest at RaftClientRequest:client-AE47B16E5A9E->s0@group-C1721C4BC1D1, cid=12, seq=0, RW, Message:6d3132, entry=(t:1, i:25), STATEMACHINELOGENTRY, client-AE47B16E5A9E, cid=12
2019-09-24 16:27:16,627 INFO  statemachine.SimpleStateMachine4Testing (SimpleStateMachine4Testing.java:put(198)) - s0: put 25, m12 -> (t:1, i:25), STATEMACHINELOGENTRY, client-AE47B16E5A9E, cid=12
2019-09-24 16:27:16,630 DEBUG client.RaftClient (RaftClientImpl.java:sendRequest(285)) - client-AE47B16E5A9E: receive RaftClientReply:client-AE47B16E5A9E->s0@group-C1721C4BC1D1, cid=12, SUCCESS, logIndex=25, commits[s0:c25]
2019-09-24 16:27:16,630 DEBUG client.RaftClient (RaftClientImpl.java:sendRequest(275)) - client-AE47B16E5A9E: send RaftClientRequest:client-AE47B16E5A9E->s0@group-C1721C4BC1D1, cid=13, seq=0, RW, m13
2019-09-24 16:27:16,632 DEBUG impl.RaftServerImpl (RaftServerImpl.java:submitClientRequestAsync(533)) - s0@group-C1721C4BC1D1: receive client request(RaftClientRequest:client-AE47B16E5A9E->s0@group-C1721C4BC1D1, cid=13, seq=0, RW, Message:6d3133)
2019-09-24 16:27:16,633 DEBUG impl.RaftServerImpl (LeaderState.java:addPendingRequest(317)) - s0@group-C1721C4BC1D1-LeaderState: addPendingRequest at RaftClientRequest:client-AE47B16E5A9E->s0@group-C1721C4BC1D1, cid=13, seq=0, RW, Message:6d3133, entry=(t:1, i:27), STATEMACHINELOGENTRY, client-AE47B16E5A9E, cid=13
2019-09-24 16:27:16,636 INFO  statemachine.SimpleStateMachine4Testing (SimpleStateMachine4Testing.java:put(198)) - s0: put 27, m13 -> (t:1, i:27), STATEMACHINELOGENTRY, client-AE47B16E5A9E, cid=13
2019-09-24 16:27:16,638 DEBUG client.RaftClient (RaftClientImpl.java:sendRequest(285)) - client-AE47B16E5A9E: receive RaftClientReply:client-AE47B16E5A9E->s0@group-C1721C4BC1D1, cid=13, SUCCESS, logIndex=27, commits[s0:c27]
2019-09-24 16:27:16,638 DEBUG client.RaftClient (RaftClientImpl.java:sendRequest(275)) - client-AE47B16E5A9E: send RaftClientRequest:client-AE47B16E5A9E->s0@group-C1721C4BC1D1, cid=14, seq=0, RW, m14
2019-09-24 16:27:16,639 DEBUG impl.RaftServerImpl (RaftServerImpl.java:submitClientRequestAsync(533)) - s0@group-C1721C4BC1D1: receive client request(RaftClientRequest:client-AE47B16E5A9E->s0@group-C1721C4BC1D1, cid=14, seq=0, RW, Message:6d3134)
2019-09-24 16:27:16,640 DEBUG impl.RaftServerImpl (LeaderState.java:addPendingRequest(317)) - s0@group-C1721C4BC1D1-LeaderState: addPendingRequest at RaftClientRequest:client-AE47B16E5A9E->s0@group-C1721C4BC1D1, cid=14, seq=0, RW, Message:6d3134, entry=(t:1, i:29), STATEMACHINELOGENTRY, client-AE47B16E5A9E, cid=14
2019-09-24 16:27:16,661 INFO  statemachine.SimpleStateMachine4Testing (SimpleStateMachine4Testing.java:put(198)) - s0: put 29, m14 -> (t:1, i:29), STATEMACHINELOGENTRY, client-AE47B16E5A9E, cid=14
2019-09-24 16:27:16,662 DEBUG client.RaftClient (RaftClientImpl.java:sendRequest(285)) - client-AE47B16E5A9E: receive RaftClientReply:client-AE47B16E5A9E->s0@group-C1721C4BC1D1, cid=14, SUCCESS, logIndex=29, commits[s0:c29]
2019-09-24 16:27:16,663 DEBUG client.RaftClient (RaftClientImpl.java:sendRequest(275)) - client-AE47B16E5A9E: send RaftClientRequest:client-AE47B16E5A9E->s0@group-C1721C4BC1D1, cid=15, seq=0, RW, m15
2019-09-24 16:27:16,664 DEBUG impl.RaftServerImpl (RaftServerImpl.java:submitClientRequestAsync(533)) - s0@group-C1721C4BC1D1: receive client request(RaftClientRequest:client-AE47B16E5A9E->s0@group-C1721C4BC1D1, cid=15, seq=0, RW, Message:6d3135)
2019-09-24 16:27:16,665 DEBUG impl.RaftServerImpl (LeaderState.java:addPendingRequest(317)) - s0@group-C1721C4BC1D1-LeaderState: addPendingRequest at RaftClientRequest:client-AE47B16E5A9E->s0@group-C1721C4BC1D1, cid=15, seq=0, RW, Message:6d3135, entry=(t:1, i:31), STATEMACHINELOGENTRY, client-AE47B16E5A9E, cid=15
2019-09-24 16:27:16,780 INFO  impl.StateMachineUpdater (StateMachineUpdater.java:takeSnapshot(269)) - s0@group-C1721C4BC1D1-StateMachineUpdater: Took a snapshot at index 29
2019-09-24 16:27:16,780 INFO  impl.StateMachineUpdater (StateMachineUpdater.java:lambda$new$0(84)) - s0@group-C1721C4BC1D1-StateMachineUpdater: snapshotIndex: updateIncreasingly 19 -> 29
2019-09-24 16:27:16,781 INFO  statemachine.SimpleStateMachine4Testing (SimpleStateMachine4Testing.java:put(198)) - s0: put 31, m15 -> (t:1, i:31), STATEMACHINELOGENTRY, client-AE47B16E5A9E, cid=15
2019-09-24 16:27:16,783 DEBUG client.RaftClient (RaftClientImpl.java:sendRequest(285)) - client-AE47B16E5A9E: receive RaftClientReply:client-AE47B16E5A9E->s0@group-C1721C4BC1D1, cid=15, SUCCESS, logIndex=31, commits[s0:c32]
2019-09-24 16:27:16,783 DEBUG client.RaftClient (RaftClientImpl.java:sendRequest(275)) - client-AE47B16E5A9E: send RaftClientRequest:client-AE47B16E5A9E->s0@group-C1721C4BC1D1, cid=16, seq=0, RW, m16
2019-09-24 16:27:16,785 DEBUG impl.RaftServerImpl (RaftServerImpl.java:submitClientRequestAsync(533)) - s0@group-C1721C4BC1D1: receive client request(RaftClientRequest:client-AE47B16E5A9E->s0@group-C1721C4BC1D1, cid=16, seq=0, RW, Message:6d3136)
2019-09-24 16:27:16,786 DEBUG impl.RaftServerImpl (LeaderState.java:addPendingRequest(317)) - s0@group-C1721C4BC1D1-LeaderState: addPendingRequest at RaftClientRequest:client-AE47B16E5A9E->s0@group-C1721C4BC1D1, cid=16, seq=0, RW, Message:6d3136, entry=(t:1, i:33), STATEMACHINELOGENTRY, client-AE47B16E5A9E, cid=16
2019-09-24 16:27:16,795 INFO  statemachine.SimpleStateMachine4Testing (SimpleStateMachine4Testing.java:put(198)) - s0: put 33, m16 -> (t:1, i:33), STATEMACHINELOGENTRY, client-AE47B16E5A9E, cid=16
2019-09-24 16:27:16,797 DEBUG client.RaftClient (RaftClientImpl.java:sendRequest(285)) - client-AE47B16E5A9E: receive RaftClientReply:client-AE47B16E5A9E->s0@group-C1721C4BC1D1, cid=16, SUCCESS, logIndex=33, commits[s0:c33]
2019-09-24 16:27:16,797 DEBUG client.RaftClient (RaftClientImpl.java:sendRequest(275)) - client-AE47B16E5A9E: send RaftClientRequest:client-AE47B16E5A9E->s0@group-C1721C4BC1D1, cid=17, seq=0, RW, m17
2019-09-24 16:27:16,798 DEBUG impl.RaftServerImpl (RaftServerImpl.java:submitClientRequestAsync(533)) - s0@group-C1721C4BC1D1: receive client request(RaftClientRequest:client-AE47B16E5A9E->s0@group-C1721C4BC1D1, cid=17, seq=0, RW, Message:6d3137)
2019-09-24 16:27:16,799 DEBUG impl.RaftServerImpl (LeaderState.java:addPendingRequest(317)) - s0@group-C1721C4BC1D1-LeaderState: addPendingRequest at RaftClientRequest:client-AE47B16E5A9E->s0@group-C1721C4BC1D1, cid=17, seq=0, RW, Message:6d3137, entry=(t:1, i:35), STATEMACHINELOGENTRY, client-AE47B16E5A9E, cid=17
2019-09-24 16:27:16,819 INFO  statemachine.SimpleStateMachine4Testing (SimpleStateMachine4Testing.java:put(198)) - s0: put 35, m17 -> (t:1, i:35), STATEMACHINELOGENTRY, client-AE47B16E5A9E, cid=17
2019-09-24 16:27:16,821 DEBUG client.RaftClient (RaftClientImpl.java:sendRequest(285)) - client-AE47B16E5A9E: receive RaftClientReply:client-AE47B16E5A9E->s0@group-C1721C4BC1D1, cid=17, SUCCESS, logIndex=35, commits[s0:c35]
2019-09-24 16:27:16,821 DEBUG client.RaftClient (RaftClientImpl.java:sendRequest(275)) - client-AE47B16E5A9E: send RaftClientRequest:client-AE47B16E5A9E->s0@group-C1721C4BC1D1, cid=18, seq=0, RW, m18
2019-09-24 16:27:16,822 DEBUG impl.RaftServerImpl (RaftServerImpl.java:submitClientRequestAsync(533)) - s0@group-C1721C4BC1D1: receive client request(RaftClientRequest:client-AE47B16E5A9E->s0@group-C1721C4BC1D1, cid=18, seq=0, RW, Message:6d3138)
2019-09-24 16:27:16,823 DEBUG impl.RaftServerImpl (LeaderState.java:addPendingRequest(317)) - s0@group-C1721C4BC1D1-LeaderState: addPendingRequest at RaftClientRequest:client-AE47B16E5A9E->s0@group-C1721C4BC1D1, cid=18, seq=0, RW, Message:6d3138, entry=(t:1, i:37), STATEMACHINELOGENTRY, client-AE47B16E5A9E, cid=18
2019-09-24 16:27:17,016 INFO  statemachine.SimpleStateMachine4Testing (SimpleStateMachine4Testing.java:put(198)) - s0: put 37, m18 -> (t:1, i:37), STATEMACHINELOGENTRY, client-AE47B16E5A9E, cid=18
2019-09-24 16:27:17,018 DEBUG client.RaftClient (RaftClientImpl.java:sendRequest(285)) - client-AE47B16E5A9E: receive RaftClientReply:client-AE47B16E5A9E->s0@group-C1721C4BC1D1, cid=18, SUCCESS, logIndex=37, commits[s0:c37]
2019-09-24 16:27:17,024 INFO  statemachine.RaftSnapshotBaseTest (RaftSnapshotBaseTest.java:testRestartPeer(136)) - nextIndex = 39
2019-09-24 16:27:17,031 INFO  statemachine.RaftSnapshotBaseTest (RaftSnapshotBaseTest.java:exists(154)) - File exists: /workdir/ratis-test/target/test/data/b6eb8de1/MiniRaftClusterWithNettyf5482ff6/s0/81bac948-d4fa-4c31-bdc9-c1721c4bc1d1/sm/snapshot.1_29
2019-09-24 16:27:17,031 INFO  ratis.MiniRaftCluster (MiniRaftCluster.java:shutdown(700)) - ************************************************************** 
2019-09-24 16:27:17,031 INFO  ratis.MiniRaftCluster (MiniRaftCluster.java:shutdown(701)) - *** 
2019-09-24 16:27:17,031 INFO  ratis.MiniRaftCluster (MiniRaftCluster.java:shutdown(702)) - ***     Stopping MiniRaftClusterWithNetty
2019-09-24 16:27:17,031 INFO  ratis.MiniRaftCluster (MiniRaftCluster.java:shutdown(703)) - *** 
2019-09-24 16:27:17,032 INFO  ratis.MiniRaftCluster (MiniRaftCluster.java:shutdown(704)) - ************************************************************** 
2019-09-24 16:27:17,032 INFO  ratis.MiniRaftCluster (MiniRaftCluster.java:shutdown(705)) - printing ALL groups
  s0:  RUNNING    LEADER s0@group-C1721C4BC1D1:t1, leader=s0, voted=s0, raftlog=s0@group-C1721C4BC1D1-SegmentedRaftLog:OPENED:c38,f38,i38, conf=0: [s0:0.0.0.0:36700], old=null RUNNING
2019-09-24 16:27:17,035 INFO  impl.RaftServerProxy (RaftServerProxy.java:lambda$close$4(314)) - s0: close
2019-09-24 16:27:17,037 INFO  impl.RaftServerImpl (RaftServerImpl.java:lambda$shutdown$3(247)) - s0@group-C1721C4BC1D1: shutdown
2019-09-24 16:27:17,038 INFO  util.JmxRegister (JmxRegister.java:unregister(73)) - Successfully un-registered JMX Bean with object name Ratis:service=RaftServer,group=group-C1721C4BC1D1,id=s0
2019-09-24 16:27:17,038 INFO  impl.RoleInfo (RoleInfo.java:shutdownLeaderState(104)) - s0: shutdown LeaderState
2019-09-24 16:27:17,039 INFO  impl.PendingRequests (PendingRequests.java:sendNotLeaderResponses(202)) - s0@group-C1721C4BC1D1-PendingRequests: sendNotLeaderResponses
2019-09-24 16:27:17,041 INFO  impl.StateMachineUpdater (StateMachineUpdater.java:stopAndJoin(136)) - s0@group-C1721C4BC1D1-StateMachineUpdater: set stopIndex = 38
2019-09-24 16:27:17,222 INFO  impl.StateMachineUpdater (StateMachineUpdater.java:takeSnapshot(269)) - s0@group-C1721C4BC1D1-StateMachineUpdater: Took a snapshot at index 37
2019-09-24 16:27:17,223 INFO  impl.StateMachineUpdater (StateMachineUpdater.java:lambda$new$0(84)) - s0@group-C1721C4BC1D1-StateMachineUpdater: snapshotIndex: updateIncreasingly 29 -> 37
2019-09-24 16:27:17,670 INFO  impl.StateMachineUpdater (StateMachineUpdater.java:takeSnapshot(269)) - s0@group-C1721C4BC1D1-StateMachineUpdater: Took a snapshot at index 37
2019-09-24 16:27:17,671 INFO  impl.StateMachineUpdater (StateMachineUpdater.java:lambda$new$0(84)) - s0@group-C1721C4BC1D1-StateMachineUpdater: snapshotIndex: updateIncreasingly 37 -> 37
2019-09-24 16:27:17,672 INFO  impl.RaftServerImpl (ServerState.java:close(386)) - s0@group-C1721C4BC1D1: closes. applyIndex: 38
2019-09-24 16:27:17,675 INFO  segmented.SegmentedRaftLogWorker (SegmentedRaftLogWorker.java:run(313)) - s0@group-C1721C4BC1D1-SegmentedRaftLogWorker was interrupted, exiting. There are 0 tasks remaining in the queue.
2019-09-24 16:27:17,677 INFO  segmented.SegmentedRaftLogWorker (SegmentedRaftLogWorker.java:close(228)) - s0@group-C1721C4BC1D1-SegmentedRaftLogWorker close()
2019-09-24 16:27:17,679 INFO  logging.LoggingHandler (AbstractInternalLogger.java:log(150)) - [id: 0x2541c01a, L:0.0.0.0/0.0.0.0:36700] UNREGISTERED
2019-09-24 16:27:17,681 INFO  ratis.MiniRaftCluster (MiniRaftCluster.java:shutdown(722)) - MiniRaftClusterWithNetty shutdown completed
2019-09-24 16:27:17,682 INFO  ratis.MiniRaftCluster (MiniRaftCluster.java:newRaftServer(330)) - newRaftServer: s0, group-C1721C4BC1D1:[s0:0.0.0.0:36700], format? false
2019-09-24 16:27:17,683 INFO  impl.RaftServerProxy (ConfUtils.java:logGet(43)) - raft.rpc.type = NETTY (custom)
2019-09-24 16:27:17,685 INFO  netty.NettyConfigKeys$Server (ConfUtils.java:logGet(43)) - raft.netty.server.port = 36700 (custom)
2019-09-24 16:27:17,686 INFO  server.RaftServerConfigKeys (ConfUtils.java:logGet(43)) - raft.server.storage.dir = [/workdir/ratis-test/target/test/data/b6eb8de1/MiniRaftClusterWithNettyf5482ff6/s0] (custom)
2019-09-24 16:27:17,688 INFO  logging.LoggingHandler (AbstractInternalLogger.java:log(150)) - [id: 0x6e686943] REGISTERED
2019-09-24 16:27:17,688 INFO  impl.RaftServerProxy (RaftServerProxy.java:lambda$null$0(191)) - s0: found a subdirectory /workdir/ratis-test/target/test/data/b6eb8de1/MiniRaftClusterWithNettyf5482ff6/s0/81bac948-d4fa-4c31-bdc9-c1721c4bc1d1
2019-09-24 16:27:17,688 INFO  logging.LoggingHandler (AbstractInternalLogger.java:log(150)) - [id: 0x6e686943] BIND: 0.0.0.0/0.0.0.0:36700
2019-09-24 16:27:17,689 INFO  logging.LoggingHandler (AbstractInternalLogger.java:log(150)) - [id: 0x6e686943, L:/0.0.0.0:36700] ACTIVE
2019-09-24 16:27:17,690 INFO  impl.RaftServerProxy (RaftServerProxy.java:addNew(89)) - s0: addNew group-C1721C4BC1D1:[s0:0.0.0.0:36700] returns group-C1721C4BC1D1:java.util.concurrent.CompletableFuture@77ef3a5a[Not completed]
2019-09-24 16:27:17,691 INFO  ratis.MiniRaftCluster (MiniRaftCluster.java:start(287)) - .............................................................. 
2019-09-24 16:27:17,692 INFO  ratis.MiniRaftCluster (MiniRaftCluster.java:start(288)) - ... 
2019-09-24 16:27:17,692 INFO  ratis.MiniRaftCluster (MiniRaftCluster.java:start(289)) - ...     Starting MiniRaftClusterWithNetty
2019-09-24 16:27:17,692 INFO  ratis.MiniRaftCluster (MiniRaftCluster.java:start(290)) - ... 
2019-09-24 16:27:17,692 INFO  ratis.MiniRaftCluster (MiniRaftCluster.java:start(291)) - .............................................................. 
2019-09-24 16:27:17,692 INFO  server.RaftServerConfigKeys (ConfUtils.java:logGet(43)) - raft.server.log.segment.size.max = 8MB (=8388608) (default)
2019-09-24 16:27:17,693 INFO  ratis.MiniRaftCluster (MiniRaftCluster.java:initServers(265)) - servers = {s0=s0:      NEW group-C1721C4BC1D1:java.util.concurrent.CompletableFuture@77ef3a5a[Not completed]}
2019-09-24 16:27:17,693 INFO  server.RaftServerConfigKeys (ConfUtils.java:logGet(43)) - raft.server.log.preallocated.size = 4MB (=4194304) (default)
2019-09-24 16:27:17,694 INFO  server.RaftServerConfigKeys (ConfUtils.java:logGet(43)) - raft.server.log.write.buffer.size = 64KB (=65536) (default)
2019-09-24 16:27:17,694 INFO  impl.RaftServerImpl (RaftServerImpl.java:<init>(95)) - s0: new RaftServerImpl for group-C1721C4BC1D1:[s0:0.0.0.0:36700] with SimpleStateMachine4Testing:uninitialized
2019-09-24 16:27:17,694 INFO  server.RaftServerConfigKeys (ConfUtils.java:logGet(43)) - raft.server.rpc.timeout.min = 150ms (default)
2019-09-24 16:27:17,695 INFO  server.RaftServerConfigKeys (ConfUtils.java:logGet(43)) - raft.server.rpc.timeout.max = 300ms (default)
2019-09-24 16:27:17,695 INFO  server.RaftServerConfigKeys (ConfUtils.java:logGet(43)) - raft.server.rpcslowness.timeout = 60s (default)
2019-09-24 16:27:17,695 INFO  server.RaftServerConfigKeys (ConfUtils.java:logGet(43)) - raft.server.sleep.deviation.threshold = 300 (default)
2019-09-24 16:27:17,695 INFO  server.RaftServerConfigKeys (ConfUtils.java:logGet(43)) - raft.server.log.appender.install.snapshot.enabled = true (default)
2019-09-24 16:27:17,696 INFO  impl.RaftServerImpl (ServerState.java:<init>(103)) - s0@group-C1721C4BC1D1: ConfigurationManager, init=-1: [s0:0.0.0.0:36700], old=null, confs=<EMPTY_MAP>
2019-09-24 16:27:17,696 INFO  server.RaftServerConfigKeys (ConfUtils.java:logGet(43)) - raft.server.storage.dir = [/workdir/ratis-test/target/test/data/b6eb8de1/MiniRaftClusterWithNettyf5482ff6/s0] (custom)
2019-09-24 16:27:17,697 INFO  server.RaftServerConfigKeys (ConfUtils.java:logGet(43)) - raft.server.log.corruption.policy = EXCEPTION (default)
2019-09-24 16:27:22,837 INFO  storage.RaftStorageDirectory (RaftStorageDirectory.java:tryLock(328)) - Lock on /workdir/ratis-test/target/test/data/b6eb8de1/MiniRaftClusterWithNettyf5482ff6/s0/81bac948-d4fa-4c31-bdc9-c1721c4bc1d1/in_use.lock acquired by nodename 722@ratis-test-vphbd-3564017154
2019-09-24 16:27:22,839 INFO  statemachine.SimpleStateMachine4Testing (SimpleStateMachine4Testing.java:initialize(206)) - Initializing SimpleStateMachine4Testing:uninitialized
2019-09-24 16:27:22,841 INFO  statemachine.SimpleStateMachine4Testing (SimpleStateMachine4Testing.java:loadSnapshot(300)) - Loading snapshot (t:1, i:37):[/workdir/ratis-test/target/test/data/b6eb8de1/MiniRaftClusterWithNettyf5482ff6/s0/81bac948-d4fa-4c31-bdc9-c1721c4bc1d1/sm/snapshot.1_37]
2019-09-24 16:27:22,845 INFO  statemachine.SimpleStateMachine4Testing (SimpleStateMachine4Testing.java:put(198)) - s0: put 1, m0 -> (t:1, i:1), STATEMACHINELOGENTRY, client-AE47B16E5A9E, cid=0
2019-09-24 16:27:22,846 INFO  statemachine.SimpleStateMachine4Testing (SimpleStateMachine4Testing.java:put(198)) - s0: put 3, m1 -> (t:1, i:3), STATEMACHINELOGENTRY, client-AE47B16E5A9E, cid=1
2019-09-24 16:27:22,846 INFO  statemachine.SimpleStateMachine4Testing (SimpleStateMachine4Testing.java:put(198)) - s0: put 5, m2 -> (t:1, i:5), STATEMACHINELOGENTRY, client-AE47B16E5A9E, cid=2
2019-09-24 16:27:22,846 INFO  statemachine.SimpleStateMachine4Testing (SimpleStateMachine4Testing.java:put(198)) - s0: put 7, m3 -> (t:1, i:7), STATEMACHINELOGENTRY, client-AE47B16E5A9E, cid=3
2019-09-24 16:27:22,847 INFO  statemachine.SimpleStateMachine4Testing (SimpleStateMachine4Testing.java:put(198)) - s0: put 9, m4 -> (t:1, i:9), STATEMACHINELOGENTRY, client-AE47B16E5A9E, cid=4
2019-09-24 16:27:22,847 INFO  statemachine.SimpleStateMachine4Testing (SimpleStateMachine4Testing.java:put(198)) - s0: put 11, m5 -> (t:1, i:11), STATEMACHINELOGENTRY, client-AE47B16E5A9E, cid=5
2019-09-24 16:27:22,847 INFO  statemachine.SimpleStateMachine4Testing (SimpleStateMachine4Testing.java:put(198)) - s0: put 13, m6 -> (t:1, i:13), STATEMACHINELOGENTRY, client-AE47B16E5A9E, cid=6
2019-09-24 16:27:22,847 INFO  statemachine.SimpleStateMachine4Testing (SimpleStateMachine4Testing.java:put(198)) - s0: put 15, m7 -> (t:1, i:15), STATEMACHINELOGENTRY, client-AE47B16E5A9E, cid=7
2019-09-24 16:27:22,848 INFO  statemachine.SimpleStateMachine4Testing (SimpleStateMachine4Testing.java:put(198)) - s0: put 17, m8 -> (t:1, i:17), STATEMACHINELOGENTRY, client-AE47B16E5A9E, cid=8
2019-09-24 16:27:22,848 INFO  statemachine.SimpleStateMachine4Testing (SimpleStateMachine4Testing.java:put(198)) - s0: put 19, m9 -> (t:1, i:19), STATEMACHINELOGENTRY, client-AE47B16E5A9E, cid=9
2019-09-24 16:27:22,848 INFO  statemachine.SimpleStateMachine4Testing (SimpleStateMachine4Testing.java:put(198)) - s0: put 21, m10 -> (t:1, i:21), STATEMACHINELOGENTRY, client-AE47B16E5A9E, cid=10
2019-09-24 16:27:22,849 INFO  statemachine.SimpleStateMachine4Testing (SimpleStateMachine4Testing.java:put(198)) - s0: put 23, m11 -> (t:1, i:23), STATEMACHINELOGENTRY, client-AE47B16E5A9E, cid=11
2019-09-24 16:27:22,849 INFO  statemachine.SimpleStateMachine4Testing (SimpleStateMachine4Testing.java:put(198)) - s0: put 25, m12 -> (t:1, i:25), STATEMACHINELOGENTRY, client-AE47B16E5A9E, cid=12
2019-09-24 16:27:22,850 INFO  statemachine.SimpleStateMachine4Testing (SimpleStateMachine4Testing.java:put(198)) - s0: put 27, m13 -> (t:1, i:27), STATEMACHINELOGENTRY, client-AE47B16E5A9E, cid=13
2019-09-24 16:27:22,850 INFO  statemachine.SimpleStateMachine4Testing (SimpleStateMachine4Testing.java:put(198)) - s0: put 29, m14 -> (t:1, i:29), STATEMACHINELOGENTRY, client-AE47B16E5A9E, cid=14
2019-09-24 16:27:22,850 INFO  statemachine.SimpleStateMachine4Testing (SimpleStateMachine4Testing.java:put(198)) - s0: put 31, m15 -> (t:1, i:31), STATEMACHINELOGENTRY, client-AE47B16E5A9E, cid=15
2019-09-24 16:27:22,850 INFO  statemachine.SimpleStateMachine4Testing (SimpleStateMachine4Testing.java:put(198)) - s0: put 33, m16 -> (t:1, i:33), STATEMACHINELOGENTRY, client-AE47B16E5A9E, cid=16
2019-09-24 16:27:22,851 INFO  statemachine.SimpleStateMachine4Testing (SimpleStateMachine4Testing.java:put(198)) - s0: put 35, m17 -> (t:1, i:35), STATEMACHINELOGENTRY, client-AE47B16E5A9E, cid=17
2019-09-24 16:27:22,851 INFO  statemachine.SimpleStateMachine4Testing (SimpleStateMachine4Testing.java:put(198)) - s0: put 37, m18 -> (t:1, i:37), STATEMACHINELOGENTRY, client-AE47B16E5A9E, cid=18
2019-09-24 16:27:22,854 INFO  impl.RaftServerImpl (ServerState.java:setRaftConf(355)) - s0@group-C1721C4BC1D1: set configuration 0: [s0:0.0.0.0:36700], old=null at 0
2019-09-24 16:27:22,854 INFO  server.RaftServerConfigKeys (ConfUtils.java:logGet(43)) - raft.server.notification.no-leader.timeout = 60s (default)
2019-09-24 16:27:22,855 INFO  server.RaftServerConfigKeys (ConfUtils.java:logGet(43)) - raft.server.log.use.memory = false (default)
2019-09-24 16:27:22,855 INFO  server.RaftServerConfigKeys (ConfUtils.java:logGet(43)) - raft.server.log.purge.gap = 1024 (default)
2019-09-24 16:27:22,855 INFO  server.RaftServerConfigKeys (ConfUtils.java:logGet(43)) - raft.server.log.appender.buffer.byte-limit = 4MB (=4194304) (default)
2019-09-24 16:27:22,855 INFO  server.RaftServerConfigKeys (ConfUtils.java:logGet(43)) - raft.server.log.segment.size.max = 8MB (=8388608) (default)
2019-09-24 16:27:22,855 INFO  server.RaftServerConfigKeys (ConfUtils.java:logGet(43)) - raft.server.log.segment.cache.num.max = 6 (default)
2019-09-24 16:27:22,856 INFO  segmented.SegmentedRaftLogWorker (SegmentedRaftLogWorker.java:<init>(172)) - new s0@group-C1721C4BC1D1-SegmentedRaftLogWorker for RaftStorage:Storage Directory /workdir/ratis-test/target/test/data/b6eb8de1/MiniRaftClusterWithNettyf5482ff6/s0/81bac948-d4fa-4c31-bdc9-c1721c4bc1d1
2019-09-24 16:27:22,856 INFO  server.RaftServerConfigKeys (ConfUtils.java:logGet(43)) - raft.server.log.queue.byte-limit = 64MB (=67108864) (default)
2019-09-24 16:27:22,856 INFO  server.RaftServerConfigKeys (ConfUtils.java:logGet(43)) - raft.server.log.queue.element-limit = 4096 (default)
2019-09-24 16:27:22,856 INFO  server.RaftServerConfigKeys (ConfUtils.java:logGet(43)) - raft.server.log.segment.size.max = 8MB (=8388608) (default)
2019-09-24 16:27:22,856 INFO  server.RaftServerConfigKeys (ConfUtils.java:logGet(43)) - raft.server.log.preallocated.size = 4MB (=4194304) (default)
2019-09-24 16:27:22,857 INFO  server.RaftServerConfigKeys (ConfUtils.java:logGet(43)) - raft.server.log.write.buffer.size = 64KB (=65536) (default)
2019-09-24 16:27:22,857 INFO  server.RaftServerConfigKeys (ConfUtils.java:logGet(43)) - raft.server.log.force.sync.num = 128 (default)
2019-09-24 16:27:22,857 INFO  server.RaftServerConfigKeys (ConfUtils.java:logGet(43)) - raft.server.log.statemachine.data.sync = true (default)
2019-09-24 16:27:22,857 INFO  server.RaftServerConfigKeys (ConfUtils.java:logGet(43)) - raft.server.log.statemachine.data.sync.timeout = 10s (default)
2019-09-24 16:27:22,857 INFO  server.RaftServerConfigKeys (ConfUtils.java:logGet(43)) - raft.server.log.statemachine.data.sync.timeout.retry = -1 (default)
2019-09-24 16:27:22,858 INFO  server.RaftServerConfigKeys (ConfUtils.java:logGet(43)) - raft.server.log.statemachine.data.caching.enabled = false (default)
2019-09-24 16:27:22,861 INFO  impl.RaftServerImpl (ServerState.java:setRaftConf(355)) - s0@group-C1721C4BC1D1: set configuration 0: [s0:0.0.0.0:36700], old=null at 0
2019-09-24 16:27:22,863 INFO  segmented.LogSegment (LogSegment.java:loadSegment(136)) - Successfully read 39 entries from segment file /workdir/ratis-test/target/test/data/b6eb8de1/MiniRaftClusterWithNettyf5482ff6/s0/81bac948-d4fa-4c31-bdc9-c1721c4bc1d1/current/log_inprogress_0
2019-09-24 16:27:22,863 INFO  segmented.SegmentedRaftLogWorker (SegmentedRaftLogWorker.java:lambda$new$0(132)) - s0@group-C1721C4BC1D1-SegmentedRaftLogWorker: flushIndex: setUnconditionally 0 -> 38
2019-09-24 16:27:22,865 INFO  raftlog.RaftLog (RaftLog.java:lambda$new$0(61)) - s0@group-C1721C4BC1D1-SegmentedRaftLog: commitIndex: updateToMax old=37, new=37, updated? false
2019-09-24 16:27:22,866 INFO  server.RaftServerConfigKeys (ConfUtils.java:logGet(43)) - raft.server.snapshot.auto.trigger.enabled = true (custom)
2019-09-24 16:27:22,866 INFO  server.RaftServerConfigKeys (ConfUtils.java:logGet(43)) - raft.server.snapshot.auto.trigger.threshold = 10 (custom)
2019-09-24 16:27:22,866 INFO  server.RaftServerConfigKeys (ConfUtils.java:logGet(43)) - raft.server.snapshot.retention.file.num = -1 (default)
2019-09-24 16:27:22,866 INFO  server.RaftServerConfigKeys (ConfUtils.java:logGet(43)) - raft.server.retrycache.expirytime = 60s (default)
2019-09-24 16:27:22,867 INFO  impl.RaftServerImpl (RaftServerImpl.java:start(181)) - s0@group-C1721C4BC1D1: start as a follower, conf=0: [s0:0.0.0.0:36700], old=null
2019-09-24 16:27:22,868 INFO  impl.RaftServerImpl (RaftServerImpl.java:setRole(170)) - s0@group-C1721C4BC1D1: changes role from      null to FOLLOWER at term 1 for startAsFollower
2019-09-24 16:27:22,868 INFO  impl.RoleInfo (RoleInfo.java:updateAndGet(143)) - s0: start FollowerState
2019-09-24 16:27:22,869 INFO  util.JmxRegister (JmxRegister.java:tryRegister(44)) - Successfully registered JMX Bean with object name Ratis:service=RaftServer,group=group-C1721C4BC1D1,id=s0
2019-09-24 16:27:22,870 INFO  impl.RaftServerProxy (RaftServerProxy.java:lambda$start$3(299)) - s0: start RPC server
2019-09-24 16:27:22,870 INFO  server.RaftServerConfigKeys (ConfUtils.java:logGet(43)) - raft.server.rpc.timeout.max = 300ms (default)
2019-09-24 16:27:22,871 INFO  ratis.RaftTestUtil (RaftTestUtil.java:waitForLeader(86)) - printing ALL groups
  s0:  RUNNING  FOLLOWER s0@group-C1721C4BC1D1:t1, leader=null, voted=s0, raftlog=s0@group-C1721C4BC1D1-SegmentedRaftLog:OPENED:c37,f38,i38, conf=0: [s0:0.0.0.0:36700], old=null RUNNING
2019-09-24 16:27:22,871 WARN  ratis.RaftTestUtil (JavaUtils.java:attempt(158)) - FAILED "waitForLeader-null-(expectLeader? true)", attempt #1/100: java.lang.IllegalStateException: No leader yet : printing ALL groups
  s0:  RUNNING  FOLLOWER s0@group-C1721C4BC1D1:t1, leader=null, voted=s0, raftlog=s0@group-C1721C4BC1D1-SegmentedRaftLog:OPENED:c37,f38,i38, conf=0: [s0:0.0.0.0:36700], old=null RUNNING, sleep 450ms and then retry.
java.lang.IllegalStateException: No leader yet : printing ALL groups
  s0:  RUNNING  FOLLOWER s0@group-C1721C4BC1D1:t1, leader=null, voted=s0, raftlog=s0@group-C1721C4BC1D1-SegmentedRaftLog:OPENED:c37,f38,i38, conf=0: [s0:0.0.0.0:36700], old=null RUNNING
	at org.apache.ratis.MiniRaftCluster.newIllegalStateExceptionForNoLeaders(MiniRaftCluster.java:506)
	at org.apache.ratis.RaftTestUtil.lambda$waitForLeader$1(RaftTestUtil.java:90)
	at org.apache.ratis.MiniRaftCluster.getLeader(MiniRaftCluster.java:539)
	at org.apache.ratis.MiniRaftCluster.getLeader(MiniRaftCluster.java:532)
	at org.apache.ratis.RaftTestUtil.lambda$waitForLeader$3(RaftTestUtil.java:98)
	at org.apache.ratis.util.JavaUtils.attempt(JavaUtils.java:152)
	at org.apache.ratis.RaftTestUtil.waitForLeader(RaftTestUtil.java:97)
	at org.apache.ratis.RaftTestUtil.waitForLeader(RaftTestUtil.java:77)
	at org.apache.ratis.RaftTestUtil.waitForLeader(RaftTestUtil.java:72)
	at org.apache.ratis.statemachine.RaftSnapshotBaseTest.assertLeaderContent(RaftSnapshotBaseTest.java:74)
	at org.apache.ratis.statemachine.RaftSnapshotBaseTest.testRestartPeer(RaftSnapshotBaseTest.java:146)
	at sun.reflect.NativeMethodAccessorImpl.invoke0(Native Method)
	at sun.reflect.NativeMethodAccessorImpl.invoke(NativeMethodAccessorImpl.java:62)
	at sun.reflect.DelegatingMethodAccessorImpl.invoke(DelegatingMethodAccessorImpl.java:43)
	at java.lang.reflect.Method.invoke(Method.java:498)
	at org.junit.runners.model.FrameworkMethod$1.runReflectiveCall(FrameworkMethod.java:50)
	at org.junit.internal.runners.model.ReflectiveCallable.run(ReflectiveCallable.java:12)
	at org.junit.runners.model.FrameworkMethod.invokeExplosively(FrameworkMethod.java:47)
	at org.junit.internal.runners.statements.InvokeMethod.evaluate(InvokeMethod.java:17)
	at org.junit.internal.runners.statements.RunBefores.evaluate(RunBefores.java:26)
	at org.junit.internal.runners.statements.RunAfters.evaluate(RunAfters.java:27)
	at org.junit.internal.runners.statements.FailOnTimeout$CallableStatement.call(FailOnTimeout.java:298)
	at org.junit.internal.runners.statements.FailOnTimeout$CallableStatement.call(FailOnTimeout.java:292)
	at java.util.concurrent.FutureTask.run(FutureTask.java:266)
	at java.lang.Thread.run(Thread.java:748)
2019-09-24 16:27:23,119 INFO  impl.FollowerState (FollowerState.java:run(108)) - s0@group-C1721C4BC1D1-FollowerState: change to CANDIDATE, lastRpcTime:250ms, electionTimeout:250ms
2019-09-24 16:27:23,119 INFO  impl.RoleInfo (RoleInfo.java:shutdownFollowerState(121)) - s0: shutdown FollowerState
2019-09-24 16:27:23,120 INFO  impl.RaftServerImpl (RaftServerImpl.java:setRole(170)) - s0@group-C1721C4BC1D1: changes role from  FOLLOWER to CANDIDATE at term 1 for changeToCandidate
2019-09-24 16:27:23,120 INFO  impl.RoleInfo (RoleInfo.java:updateAndGet(143)) - s0: start LeaderElection
2019-09-24 16:27:23,324 WARN  ratis.RaftTestUtil (JavaUtils.java:attempt(158)) - FAILED "waitForLeader-null-(expectLeader? true)", attempt #2/100: java.lang.IllegalStateException: No leader yet : printing ALL groups
  s0:  RUNNING CANDIDATE s0@group-C1721C4BC1D1:t2, leader=null, voted=s0, raftlog=s0@group-C1721C4BC1D1-SegmentedRaftLog:OPENED:c37,f38,i38, conf=0: [s0:0.0.0.0:36700], old=null RUNNING, sleep 450ms and then retry.
java.lang.IllegalStateException: No leader yet : printing ALL groups
  s0:  RUNNING CANDIDATE s0@group-C1721C4BC1D1:t2, leader=null, voted=s0, raftlog=s0@group-C1721C4BC1D1-SegmentedRaftLog:OPENED:c37,f38,i38, conf=0: [s0:0.0.0.0:36700], old=null RUNNING
	at org.apache.ratis.MiniRaftCluster.newIllegalStateExceptionForNoLeaders(MiniRaftCluster.java:506)
	at org.apache.ratis.RaftTestUtil.lambda$waitForLeader$1(RaftTestUtil.java:90)
	at org.apache.ratis.MiniRaftCluster.getLeader(MiniRaftCluster.java:539)
	at org.apache.ratis.MiniRaftCluster.getLeader(MiniRaftCluster.java:532)
	at org.apache.ratis.RaftTestUtil.lambda$waitForLeader$3(RaftTestUtil.java:98)
	at org.apache.ratis.util.JavaUtils.attempt(JavaUtils.java:152)
	at org.apache.ratis.RaftTestUtil.waitForLeader(RaftTestUtil.java:97)
	at org.apache.ratis.RaftTestUtil.waitForLeader(RaftTestUtil.java:77)
	at org.apache.ratis.RaftTestUtil.waitForLeader(RaftTestUtil.java:72)
	at org.apache.ratis.statemachine.RaftSnapshotBaseTest.assertLeaderContent(RaftSnapshotBaseTest.java:74)
	at org.apache.ratis.statemachine.RaftSnapshotBaseTest.testRestartPeer(RaftSnapshotBaseTest.java:146)
	at sun.reflect.NativeMethodAccessorImpl.invoke0(Native Method)
	at sun.reflect.NativeMethodAccessorImpl.invoke(NativeMethodAccessorImpl.java:62)
	at sun.reflect.DelegatingMethodAccessorImpl.invoke(DelegatingMethodAccessorImpl.java:43)
	at java.lang.reflect.Method.invoke(Method.java:498)
	at org.junit.runners.model.FrameworkMethod$1.runReflectiveCall(FrameworkMethod.java:50)
	at org.junit.internal.runners.model.ReflectiveCallable.run(ReflectiveCallable.java:12)
	at org.junit.runners.model.FrameworkMethod.invokeExplosively(FrameworkMethod.java:47)
	at org.junit.internal.runners.statements.InvokeMethod.evaluate(InvokeMethod.java:17)
	at org.junit.internal.runners.statements.RunBefores.evaluate(RunBefores.java:26)
	at org.junit.internal.runners.statements.RunAfters.evaluate(RunAfters.java:27)
	at org.junit.internal.runners.statements.FailOnTimeout$CallableStatement.call(FailOnTimeout.java:298)
	at org.junit.internal.runners.statements.FailOnTimeout$CallableStatement.call(FailOnTimeout.java:292)
	at java.util.concurrent.FutureTask.run(FutureTask.java:266)
	at java.lang.Thread.run(Thread.java:748)
2019-09-24 16:27:23,584 INFO  impl.LeaderElection (LeaderElection.java:askForVotes(178)) - s0@group-C1721C4BC1D1-LeaderElection2: begin an election at term 2 for 0: [s0:0.0.0.0:36700], old=null
2019-09-24 16:27:23,584 INFO  impl.RoleInfo (RoleInfo.java:shutdownLeaderElection(134)) - s0: shutdown LeaderElection
2019-09-24 16:27:23,585 INFO  impl.RaftServerImpl (RaftServerImpl.java:setRole(170)) - s0@group-C1721C4BC1D1: changes role from CANDIDATE to LEADER at term 2 for changeToLeader
2019-09-24 16:27:23,585 INFO  impl.RaftServerImpl (ServerState.java:setLeader(254)) - s0@group-C1721C4BC1D1: change Leader from null to s0 at term 2 for becomeLeader, leader elected after 730ms
2019-09-24 16:27:23,585 INFO  server.RaftServerConfigKeys (ConfUtils.java:logGet(43)) - raft.server.staging.catchup.gap = 1000 (default)
2019-09-24 16:27:23,586 INFO  server.RaftServerConfigKeys (ConfUtils.java:logGet(43)) - raft.server.rpc.sleep.time = 25ms (default)
2019-09-24 16:27:23,586 INFO  server.RaftServerConfigKeys (ConfUtils.java:logGet(43)) - raft.server.write.element-limit = 4096 (default)
2019-09-24 16:27:23,587 INFO  server.RaftServerConfigKeys (ConfUtils.java:logGet(43)) - raft.server.watch.timeout = 10s (default)
2019-09-24 16:27:23,587 INFO  server.RaftServerConfigKeys (ConfUtils.java:logGet(43)) - raft.server.watch.timeout.denomination = 1s (default)
2019-09-24 16:27:23,587 INFO  server.RaftServerConfigKeys (ConfUtils.java:logGet(43)) - raft.server.watch.element-limit = 65536 (default)
2019-09-24 16:27:23,588 INFO  impl.RoleInfo (RoleInfo.java:updateAndGet(143)) - s0: start LeaderState
2019-09-24 16:27:23,588 DEBUG raftlog.RaftLog (SegmentedRaftLog.java:appendImpl(425)) - truncateIndex=-1, arrayIndex=0
2019-09-24 16:27:23,589 INFO  segmented.SegmentedRaftLogWorker (SegmentedRaftLogWorker.java:rollLogSegment(385)) - s0@group-C1721C4BC1D1-SegmentedRaftLogWorker: Rolling segment log-0_38 to index:38
2019-09-24 16:27:23,594 INFO  impl.RaftServerImpl (ServerState.java:setRaftConf(355)) - s0@group-C1721C4BC1D1: set configuration 39: [s0:0.0.0.0:36700], old=null at 39
2019-09-24 16:27:23,597 TRACE util.FileUtils (LogUtils.java:runAndLog(61)) - Successfully ran Files.move /workdir/ratis-test/target/test/data/b6eb8de1/MiniRaftClusterWithNettyf5482ff6/s0/81bac948-d4fa-4c31-bdc9-c1721c4bc1d1/current/log_inprogress_0 to /workdir/ratis-test/target/test/data/b6eb8de1/MiniRaftClusterWithNettyf5482ff6/s0/81bac948-d4fa-4c31-bdc9-c1721c4bc1d1/current/log_0-38
2019-09-24 16:27:23,597 INFO  segmented.SegmentedRaftLogWorker (SegmentedRaftLogWorker.java:execute(526)) - s0@group-C1721C4BC1D1-SegmentedRaftLogWorker: Rolled log segment from /workdir/ratis-test/target/test/data/b6eb8de1/MiniRaftClusterWithNettyf5482ff6/s0/81bac948-d4fa-4c31-bdc9-c1721c4bc1d1/current/log_inprogress_0 to /workdir/ratis-test/target/test/data/b6eb8de1/MiniRaftClusterWithNettyf5482ff6/s0/81bac948-d4fa-4c31-bdc9-c1721c4bc1d1/current/log_0-38
2019-09-24 16:27:23,776 INFO  ratis.RaftTestUtil (RaftTestUtil.java:waitForLeader(101)) - printing ALL groups
  s0:  RUNNING    LEADER s0@group-C1721C4BC1D1:t2, leader=s0, voted=s0, raftlog=s0@group-C1721C4BC1D1-SegmentedRaftLog:OPENED:c37,f38,i39, conf=39: [s0:0.0.0.0:36700], old=null RUNNING
2019-09-24 16:27:23,777 INFO  ratis.MiniRaftCluster (MiniRaftCluster.java:shutdown(700)) - ************************************************************** 
2019-09-24 16:27:23,777 INFO  ratis.MiniRaftCluster (MiniRaftCluster.java:shutdown(701)) - *** 
2019-09-24 16:27:23,777 INFO  ratis.MiniRaftCluster (MiniRaftCluster.java:shutdown(702)) - ***     Stopping MiniRaftClusterWithNetty
2019-09-24 16:27:23,777 INFO  ratis.MiniRaftCluster (MiniRaftCluster.java:shutdown(703)) - *** 
2019-09-24 16:27:23,777 INFO  ratis.MiniRaftCluster (MiniRaftCluster.java:shutdown(704)) - ************************************************************** 
2019-09-24 16:27:23,778 INFO  ratis.MiniRaftCluster (MiniRaftCluster.java:shutdown(705)) - printing ALL groups
  s0:  RUNNING    LEADER s0@group-C1721C4BC1D1:t2, leader=s0, voted=s0, raftlog=s0@group-C1721C4BC1D1-SegmentedRaftLog:OPENED:c37,f38,i39, conf=39: [s0:0.0.0.0:36700], old=null RUNNING
2019-09-24 16:27:23,779 INFO  impl.RaftServerProxy (RaftServerProxy.java:lambda$close$4(314)) - s0: close
2019-09-24 16:27:23,780 INFO  impl.RaftServerImpl (RaftServerImpl.java:lambda$shutdown$3(247)) - s0@group-C1721C4BC1D1: shutdown
2019-09-24 16:27:23,780 INFO  util.JmxRegister (JmxRegister.java:unregister(73)) - Successfully un-registered JMX Bean with object name Ratis:service=RaftServer,group=group-C1721C4BC1D1,id=s0
2019-09-24 16:27:23,781 INFO  impl.RoleInfo (RoleInfo.java:shutdownLeaderState(104)) - s0: shutdown LeaderState
2019-09-24 16:27:23,781 INFO  impl.PendingRequests (PendingRequests.java:sendNotLeaderResponses(202)) - s0@group-C1721C4BC1D1-PendingRequests: sendNotLeaderResponses
2019-09-24 16:27:23,782 INFO  impl.StateMachineUpdater (StateMachineUpdater.java:stopAndJoin(136)) - s0@group-C1721C4BC1D1-StateMachineUpdater: set stopIndex = 37
2019-09-24 16:27:23,782 INFO  impl.RaftServerImpl (ServerState.java:close(386)) - s0@group-C1721C4BC1D1: closes. applyIndex: 37
2019-09-24 16:27:28,778 INFO  ratis.MiniRaftCluster (MiniRaftCluster.java:shutdown(722)) - MiniRaftClusterWithNetty shutdown completed
2019-09-24 16:27:28,779 INFO  ratis.MiniRaftCluster (MiniRaftCluster.java:shutdown(700)) - ************************************************************** 
2019-09-24 16:27:28,780 INFO  ratis.MiniRaftCluster (MiniRaftCluster.java:shutdown(701)) - *** 
2019-09-24 16:27:28,780 INFO  ratis.MiniRaftCluster (MiniRaftCluster.java:shutdown(702)) - ***     Stopping MiniRaftClusterWithNetty
2019-09-24 16:27:28,780 INFO  ratis.MiniRaftCluster (MiniRaftCluster.java:shutdown(703)) - *** 
2019-09-24 16:27:28,780 INFO  ratis.MiniRaftCluster (MiniRaftCluster.java:shutdown(704)) - ************************************************************** 
2019-09-24 16:27:28,858 WARN  segmented.SegmentedRaftLogOutputStream (SegmentedRaftLogOutputStream.java:<init>(77)) - Hit IOException while creating log segment /workdir/ratis-test/target/test/data/b6eb8de1/MiniRaftClusterWithNettyf5482ff6/s0/81bac948-d4fa-4c31-bdc9-c1721c4bc1d1/current/log_inprogress_39, delete the partial file.
2019-09-24 16:27:28,858 TRACE util.FileUtils (FileUtils.java:deleteFully(88)) - deleteFully /workdir/ratis-test/target/test/data/b6eb8de1/MiniRaftClusterWithNettyf5482ff6/s0/81bac948-d4fa-4c31-bdc9-c1721c4bc1d1/current/log_inprogress_39
2019-09-24 16:27:28,865 TRACE util.FileUtils (LogUtils.java:runAndLog(61)) - Successfully ran Files.delete /workdir/ratis-test/target/test/data/b6eb8de1/MiniRaftClusterWithNettyf5482ff6/s0/81bac948-d4fa-4c31-bdc9-c1721c4bc1d1/current/log_inprogress_39
2019-09-24 16:27:28,865 INFO  segmented.SegmentedRaftLogWorker (SegmentedRaftLogWorker.java:close(228)) - s0@group-C1721C4BC1D1-SegmentedRaftLogWorker close()
2019-09-24 16:27:28,867 INFO  ratis.MiniRaftCluster (MiniRaftCluster.java:shutdown(705)) - printing ALL groups
  s0:  CLOSING    LEADER s0@group-C1721C4BC1D1:t2, leader=s0, voted=s0, raftlog=s0@group-C1721C4BC1D1-SegmentedRaftLog:CLOSED:c37, conf=39: [s0:0.0.0.0:36700], old=null CLOSED
2019-09-24 16:27:28,867 INFO  logging.LoggingHandler (AbstractInternalLogger.java:log(150)) - [id: 0x6e686943, L:/0.0.0.0:36700] UNREGISTERED
2019-09-24 16:27:28,868 INFO  ratis.MiniRaftCluster (MiniRaftCluster.java:shutdown(722)) - MiniRaftClusterWithNetty shutdown completed
]]></system-out>
  </testcase>
  <testcase name="testBasicInstallSnapshot" classname="org.apache.ratis.netty.TestRaftSnapshotWithNetty" time="56.952">
    <failure type="java.lang.AssertionError">java.lang.AssertionError
</failure>
    <system-out><![CDATA[2019-09-24 16:27:28,882 INFO  util.LogUtils (LogUtils.java:setLogLevel(41)) - Set org.apache.ratis.conf.ConfUtils log level to WARN
2019-09-24 16:27:28,883 INFO  util.LogUtils (LogUtils.java:setLogLevel(41)) - Set org.apache.ratis.util.FileUtils log level to TRACE
2019-09-24 16:27:28,883 INFO  util.LogUtils (LogUtils.java:setLogLevel(41)) - Set org.apache.ratis.server.impl.RaftServerImpl log level to DEBUG
2019-09-24 16:27:28,883 INFO  util.LogUtils (LogUtils.java:setLogLevel(41)) - Set org.apache.ratis.server.raftlog.RaftLog log level to DEBUG
2019-09-24 16:27:28,883 INFO  util.LogUtils (LogUtils.java:setLogLevel(41)) - Set org.apache.ratis.client.RaftClient log level to DEBUG
2019-09-24 16:27:28,885 INFO  ratis.MiniRaftCluster (MiniRaftCluster.java:<init>(253)) - new MiniRaftClusterWithNetty with group-15E8991A274D:[s0:0.0.0.0:37436]
2019-09-24 16:27:28,885 INFO  ratis.MiniRaftCluster (MiniRaftCluster.java:start(287)) - .............................................................. 
2019-09-24 16:27:28,885 INFO  ratis.MiniRaftCluster (MiniRaftCluster.java:start(288)) - ... 
2019-09-24 16:27:28,885 INFO  ratis.MiniRaftCluster (MiniRaftCluster.java:start(289)) - ...     Starting MiniRaftClusterWithNetty
2019-09-24 16:27:28,885 INFO  ratis.MiniRaftCluster (MiniRaftCluster.java:start(290)) - ... 
2019-09-24 16:27:28,886 INFO  ratis.MiniRaftCluster (MiniRaftCluster.java:start(291)) - .............................................................. 
2019-09-24 16:27:28,886 INFO  ratis.MiniRaftCluster (MiniRaftCluster.java:initServers(265)) - servers = {}
2019-09-24 16:27:28,886 INFO  ratis.MiniRaftCluster (MiniRaftCluster.java:newRaftServer(330)) - newRaftServer: s0, group-15E8991A274D:[s0:0.0.0.0:37436], format? true
2019-09-24 16:27:28,886 TRACE util.FileUtils (FileUtils.java:deleteFully(88)) - deleteFully target/test/data/b6eb8de1/MiniRaftClusterWithNettyd6d0e6b/s0
2019-09-24 16:27:29,961 TRACE util.FileUtils (FileUtils.java:deleteFully(104)) - deleteFully: target/test/data/b6eb8de1/MiniRaftClusterWithNettyd6d0e6b/s0 does not exist.
2019-09-24 16:27:29,962 INFO  ratis.MiniRaftCluster (MiniRaftCluster.java:newRaftServer(335)) - Formatted directory target/test/data/b6eb8de1/MiniRaftClusterWithNettyd6d0e6b/s0
2019-09-24 16:27:29,963 INFO  impl.RaftServerProxy (ConfUtils.java:logGet(43)) - raft.rpc.type = NETTY (custom)
2019-09-24 16:27:29,966 INFO  netty.NettyConfigKeys$Server (ConfUtils.java:logGet(43)) - raft.netty.server.port = 37436 (custom)
2019-09-24 16:27:29,968 INFO  server.RaftServerConfigKeys (ConfUtils.java:logGet(43)) - raft.server.storage.dir = [/workdir/ratis-test/target/test/data/b6eb8de1/MiniRaftClusterWithNettyd6d0e6b/s0] (custom)
2019-09-24 16:27:29,969 INFO  logging.LoggingHandler (AbstractInternalLogger.java:log(150)) - [id: 0x56cf9991] REGISTERED
2019-09-24 16:27:29,969 INFO  impl.RaftServerProxy (RaftServerProxy.java:addNew(89)) - s0: addNew group-15E8991A274D:[s0:0.0.0.0:37436] returns group-15E8991A274D:java.util.concurrent.CompletableFuture@668f9cd8[Not completed]
2019-09-24 16:27:29,969 INFO  logging.LoggingHandler (AbstractInternalLogger.java:log(150)) - [id: 0x56cf9991] BIND: 0.0.0.0/0.0.0.0:37436
2019-09-24 16:27:29,970 INFO  logging.LoggingHandler (AbstractInternalLogger.java:log(150)) - [id: 0x56cf9991, L:/0.0.0.0:37436] ACTIVE
2019-09-24 16:27:29,971 INFO  server.RaftServerConfigKeys (ConfUtils.java:logGet(43)) - raft.server.log.segment.size.max = 8MB (=8388608) (default)
2019-09-24 16:27:29,971 INFO  server.RaftServerConfigKeys (ConfUtils.java:logGet(43)) - raft.server.log.preallocated.size = 4MB (=4194304) (default)
2019-09-24 16:27:29,971 INFO  server.RaftServerConfigKeys (ConfUtils.java:logGet(43)) - raft.server.log.write.buffer.size = 64KB (=65536) (default)
2019-09-24 16:27:29,972 INFO  impl.RaftServerImpl (RaftServerImpl.java:<init>(95)) - s0: new RaftServerImpl for group-15E8991A274D:[s0:0.0.0.0:37436] with SimpleStateMachine4Testing:uninitialized
2019-09-24 16:27:29,972 INFO  server.RaftServerConfigKeys (ConfUtils.java:logGet(43)) - raft.server.rpc.timeout.min = 150ms (default)
2019-09-24 16:27:29,973 INFO  server.RaftServerConfigKeys (ConfUtils.java:logGet(43)) - raft.server.rpc.timeout.max = 300ms (default)
2019-09-24 16:27:29,973 INFO  server.RaftServerConfigKeys (ConfUtils.java:logGet(43)) - raft.server.rpcslowness.timeout = 60s (default)
2019-09-24 16:27:29,973 INFO  server.RaftServerConfigKeys (ConfUtils.java:logGet(43)) - raft.server.sleep.deviation.threshold = 300 (default)
2019-09-24 16:27:29,973 INFO  server.RaftServerConfigKeys (ConfUtils.java:logGet(43)) - raft.server.log.appender.install.snapshot.enabled = true (default)
2019-09-24 16:27:29,974 INFO  impl.RaftServerImpl (ServerState.java:<init>(103)) - s0@group-15E8991A274D: ConfigurationManager, init=-1: [s0:0.0.0.0:37436], old=null, confs=<EMPTY_MAP>
2019-09-24 16:27:29,974 INFO  server.RaftServerConfigKeys (ConfUtils.java:logGet(43)) - raft.server.storage.dir = [/workdir/ratis-test/target/test/data/b6eb8de1/MiniRaftClusterWithNettyd6d0e6b/s0] (custom)
2019-09-24 16:27:29,975 INFO  server.RaftServerConfigKeys (ConfUtils.java:logGet(43)) - raft.server.log.corruption.policy = EXCEPTION (default)
2019-09-24 16:27:29,975 INFO  storage.RaftStorageDirectory (RaftStorageDirectory.java:analyzeStorage(246)) - The storage directory /workdir/ratis-test/target/test/data/b6eb8de1/MiniRaftClusterWithNettyd6d0e6b/s0/942b2eed-32ee-4fda-8e6c-15e8991a274d does not exist. Creating ...
2019-09-24 16:27:29,976 TRACE util.FileUtils (LogUtils.java:runAndLog(61)) - Successfully ran Files.createDirectories /workdir/ratis-test/target/test/data/b6eb8de1/MiniRaftClusterWithNettyd6d0e6b/s0/942b2eed-32ee-4fda-8e6c-15e8991a274d
2019-09-24 16:27:29,997 INFO  storage.RaftStorageDirectory (RaftStorageDirectory.java:tryLock(328)) - Lock on /workdir/ratis-test/target/test/data/b6eb8de1/MiniRaftClusterWithNettyd6d0e6b/s0/942b2eed-32ee-4fda-8e6c-15e8991a274d/in_use.lock acquired by nodename 722@ratis-test-vphbd-3564017154
2019-09-24 16:27:29,997 TRACE util.FileUtils (LogUtils.java:runAndLog(61)) - Successfully ran Files.createDirectories /workdir/ratis-test/target/test/data/b6eb8de1/MiniRaftClusterWithNettyd6d0e6b/s0/942b2eed-32ee-4fda-8e6c-15e8991a274d/current
2019-09-24 16:27:29,998 TRACE util.FileUtils (LogUtils.java:runAndLog(61)) - Successfully ran Files.createDirectories /workdir/ratis-test/target/test/data/b6eb8de1/MiniRaftClusterWithNettyd6d0e6b/s0/942b2eed-32ee-4fda-8e6c-15e8991a274d/sm
2019-09-24 16:27:30,011 INFO  storage.RaftStorage (RaftStorage.java:format(84)) - Storage directory /workdir/ratis-test/target/test/data/b6eb8de1/MiniRaftClusterWithNettyd6d0e6b/s0/942b2eed-32ee-4fda-8e6c-15e8991a274d has been successfully formatted.
2019-09-24 16:27:30,011 INFO  statemachine.SimpleStateMachine4Testing (SimpleStateMachine4Testing.java:initialize(206)) - Initializing SimpleStateMachine4Testing:uninitialized
2019-09-24 16:27:30,012 INFO  statemachine.SimpleStateMachine4Testing (SimpleStateMachine4Testing.java:loadSnapshot(296)) - The snapshot file null does not exist
2019-09-24 16:27:30,012 INFO  server.RaftServerConfigKeys (ConfUtils.java:logGet(43)) - raft.server.notification.no-leader.timeout = 60s (default)
2019-09-24 16:27:30,013 INFO  server.RaftServerConfigKeys (ConfUtils.java:logGet(43)) - raft.server.log.use.memory = false (default)
2019-09-24 16:27:30,013 INFO  server.RaftServerConfigKeys (ConfUtils.java:logGet(43)) - raft.server.log.purge.gap = 1024 (default)
2019-09-24 16:27:30,013 INFO  server.RaftServerConfigKeys (ConfUtils.java:logGet(43)) - raft.server.log.appender.buffer.byte-limit = 4MB (=4194304) (default)
2019-09-24 16:27:30,014 INFO  server.RaftServerConfigKeys (ConfUtils.java:logGet(43)) - raft.server.log.segment.size.max = 8MB (=8388608) (default)
2019-09-24 16:27:30,014 INFO  server.RaftServerConfigKeys (ConfUtils.java:logGet(43)) - raft.server.log.segment.cache.num.max = 6 (default)
2019-09-24 16:27:30,014 INFO  segmented.SegmentedRaftLogWorker (SegmentedRaftLogWorker.java:<init>(172)) - new s0@group-15E8991A274D-SegmentedRaftLogWorker for RaftStorage:Storage Directory /workdir/ratis-test/target/test/data/b6eb8de1/MiniRaftClusterWithNettyd6d0e6b/s0/942b2eed-32ee-4fda-8e6c-15e8991a274d
2019-09-24 16:27:30,014 INFO  server.RaftServerConfigKeys (ConfUtils.java:logGet(43)) - raft.server.log.queue.byte-limit = 64MB (=67108864) (default)
2019-09-24 16:27:30,015 INFO  server.RaftServerConfigKeys (ConfUtils.java:logGet(43)) - raft.server.log.queue.element-limit = 4096 (default)
2019-09-24 16:27:30,015 INFO  server.RaftServerConfigKeys (ConfUtils.java:logGet(43)) - raft.server.log.segment.size.max = 8MB (=8388608) (default)
2019-09-24 16:27:30,015 INFO  server.RaftServerConfigKeys (ConfUtils.java:logGet(43)) - raft.server.log.preallocated.size = 4MB (=4194304) (default)
2019-09-24 16:27:30,016 INFO  server.RaftServerConfigKeys (ConfUtils.java:logGet(43)) - raft.server.log.write.buffer.size = 64KB (=65536) (default)
2019-09-24 16:27:30,016 INFO  server.RaftServerConfigKeys (ConfUtils.java:logGet(43)) - raft.server.log.force.sync.num = 128 (default)
2019-09-24 16:27:30,016 INFO  server.RaftServerConfigKeys (ConfUtils.java:logGet(43)) - raft.server.log.statemachine.data.sync = true (default)
2019-09-24 16:27:30,017 INFO  server.RaftServerConfigKeys (ConfUtils.java:logGet(43)) - raft.server.log.statemachine.data.sync.timeout = 10s (default)
2019-09-24 16:27:30,017 INFO  server.RaftServerConfigKeys (ConfUtils.java:logGet(43)) - raft.server.log.statemachine.data.sync.timeout.retry = -1 (default)
2019-09-24 16:27:30,017 INFO  server.RaftServerConfigKeys (ConfUtils.java:logGet(43)) - raft.server.log.statemachine.data.caching.enabled = false (default)
2019-09-24 16:27:30,018 INFO  segmented.SegmentedRaftLogWorker (SegmentedRaftLogWorker.java:lambda$new$0(132)) - s0@group-15E8991A274D-SegmentedRaftLogWorker: flushIndex: setUnconditionally 0 -> -1
2019-09-24 16:27:30,018 INFO  server.RaftServerConfigKeys (ConfUtils.java:logGet(43)) - raft.server.snapshot.auto.trigger.enabled = true (custom)
2019-09-24 16:27:30,018 INFO  server.RaftServerConfigKeys (ConfUtils.java:logGet(43)) - raft.server.snapshot.auto.trigger.threshold = 10 (custom)
2019-09-24 16:27:30,019 INFO  server.RaftServerConfigKeys (ConfUtils.java:logGet(43)) - raft.server.snapshot.retention.file.num = -1 (default)
2019-09-24 16:27:30,019 INFO  server.RaftServerConfigKeys (ConfUtils.java:logGet(43)) - raft.server.retrycache.expirytime = 60s (default)
2019-09-24 16:27:30,028 INFO  impl.RaftServerImpl (RaftServerImpl.java:start(181)) - s0@group-15E8991A274D: start as a follower, conf=-1: [s0:0.0.0.0:37436], old=null
2019-09-24 16:27:30,028 INFO  impl.RaftServerImpl (RaftServerImpl.java:setRole(170)) - s0@group-15E8991A274D: changes role from      null to FOLLOWER at term 0 for startAsFollower
2019-09-24 16:27:30,028 INFO  impl.RoleInfo (RoleInfo.java:updateAndGet(143)) - s0: start FollowerState
2019-09-24 16:27:30,029 INFO  util.JmxRegister (JmxRegister.java:tryRegister(44)) - Successfully registered JMX Bean with object name Ratis:service=RaftServer,group=group-15E8991A274D,id=s0
2019-09-24 16:27:30,037 INFO  impl.RaftServerProxy (RaftServerProxy.java:lambda$start$3(299)) - s0: start RPC server
2019-09-24 16:27:30,037 INFO  server.RaftServerConfigKeys (ConfUtils.java:logGet(43)) - raft.server.rpc.timeout.max = 300ms (default)
2019-09-24 16:27:30,038 INFO  ratis.RaftTestUtil (RaftTestUtil.java:waitForLeader(86)) - printing ALL groups
  s0:  RUNNING  FOLLOWER s0@group-15E8991A274D:t0, leader=null, voted=null, raftlog=s0@group-15E8991A274D-SegmentedRaftLog:OPENED:c-1,f-1,i0, conf=-1: [s0:0.0.0.0:37436], old=null RUNNING
2019-09-24 16:27:30,038 WARN  ratis.RaftTestUtil (JavaUtils.java:attempt(158)) - FAILED "waitForLeader-null-(expectLeader? true)", attempt #1/100: java.lang.IllegalStateException: No leader yet : printing ALL groups
  s0:  RUNNING  FOLLOWER s0@group-15E8991A274D:t0, leader=null, voted=null, raftlog=s0@group-15E8991A274D-SegmentedRaftLog:OPENED:c-1,f-1,i0, conf=-1: [s0:0.0.0.0:37436], old=null RUNNING, sleep 450ms and then retry.
java.lang.IllegalStateException: No leader yet : printing ALL groups
  s0:  RUNNING  FOLLOWER s0@group-15E8991A274D:t0, leader=null, voted=null, raftlog=s0@group-15E8991A274D-SegmentedRaftLog:OPENED:c-1,f-1,i0, conf=-1: [s0:0.0.0.0:37436], old=null RUNNING
	at org.apache.ratis.MiniRaftCluster.newIllegalStateExceptionForNoLeaders(MiniRaftCluster.java:506)
	at org.apache.ratis.RaftTestUtil.lambda$waitForLeader$1(RaftTestUtil.java:90)
	at org.apache.ratis.MiniRaftCluster.getLeader(MiniRaftCluster.java:539)
	at org.apache.ratis.MiniRaftCluster.getLeader(MiniRaftCluster.java:532)
	at org.apache.ratis.RaftTestUtil.lambda$waitForLeader$3(RaftTestUtil.java:98)
	at org.apache.ratis.util.JavaUtils.attempt(JavaUtils.java:152)
	at org.apache.ratis.RaftTestUtil.waitForLeader(RaftTestUtil.java:97)
	at org.apache.ratis.RaftTestUtil.waitForLeader(RaftTestUtil.java:77)
	at org.apache.ratis.RaftTestUtil.waitForLeader(RaftTestUtil.java:72)
	at org.apache.ratis.statemachine.RaftSnapshotBaseTest.testBasicInstallSnapshot(RaftSnapshotBaseTest.java:170)
	at sun.reflect.NativeMethodAccessorImpl.invoke0(Native Method)
	at sun.reflect.NativeMethodAccessorImpl.invoke(NativeMethodAccessorImpl.java:62)
	at sun.reflect.DelegatingMethodAccessorImpl.invoke(DelegatingMethodAccessorImpl.java:43)
	at java.lang.reflect.Method.invoke(Method.java:498)
	at org.junit.runners.model.FrameworkMethod$1.runReflectiveCall(FrameworkMethod.java:50)
	at org.junit.internal.runners.model.ReflectiveCallable.run(ReflectiveCallable.java:12)
	at org.junit.runners.model.FrameworkMethod.invokeExplosively(FrameworkMethod.java:47)
	at org.junit.internal.runners.statements.InvokeMethod.evaluate(InvokeMethod.java:17)
	at org.junit.internal.runners.statements.RunBefores.evaluate(RunBefores.java:26)
	at org.junit.internal.runners.statements.RunAfters.evaluate(RunAfters.java:27)
	at org.junit.internal.runners.statements.FailOnTimeout$CallableStatement.call(FailOnTimeout.java:298)
	at org.junit.internal.runners.statements.FailOnTimeout$CallableStatement.call(FailOnTimeout.java:292)
	at java.util.concurrent.FutureTask.run(FutureTask.java:266)
	at java.lang.Thread.run(Thread.java:748)
2019-09-24 16:27:30,202 INFO  impl.FollowerState (FollowerState.java:run(108)) - s0@group-15E8991A274D-FollowerState: change to CANDIDATE, lastRpcTime:173ms, electionTimeout:173ms
2019-09-24 16:27:30,203 INFO  impl.RoleInfo (RoleInfo.java:shutdownFollowerState(121)) - s0: shutdown FollowerState
2019-09-24 16:27:30,203 INFO  impl.RaftServerImpl (RaftServerImpl.java:setRole(170)) - s0@group-15E8991A274D: changes role from  FOLLOWER to CANDIDATE at term 0 for changeToCandidate
2019-09-24 16:27:30,203 INFO  impl.RoleInfo (RoleInfo.java:updateAndGet(143)) - s0: start LeaderElection
2019-09-24 16:27:30,217 INFO  impl.LeaderElection (LeaderElection.java:askForVotes(178)) - s0@group-15E8991A274D-LeaderElection3: begin an election at term 1 for -1: [s0:0.0.0.0:37436], old=null
2019-09-24 16:27:30,218 INFO  impl.RoleInfo (RoleInfo.java:shutdownLeaderElection(134)) - s0: shutdown LeaderElection
2019-09-24 16:27:30,218 INFO  impl.RaftServerImpl (RaftServerImpl.java:setRole(170)) - s0@group-15E8991A274D: changes role from CANDIDATE to LEADER at term 1 for changeToLeader
2019-09-24 16:27:30,218 INFO  impl.RaftServerImpl (ServerState.java:setLeader(254)) - s0@group-15E8991A274D: change Leader from null to s0 at term 1 for becomeLeader, leader elected after 205ms
2019-09-24 16:27:30,218 INFO  server.RaftServerConfigKeys (ConfUtils.java:logGet(43)) - raft.server.staging.catchup.gap = 1000 (default)
2019-09-24 16:27:30,218 INFO  server.RaftServerConfigKeys (ConfUtils.java:logGet(43)) - raft.server.rpc.sleep.time = 25ms (default)
2019-09-24 16:27:30,219 INFO  server.RaftServerConfigKeys (ConfUtils.java:logGet(43)) - raft.server.write.element-limit = 4096 (default)
2019-09-24 16:27:30,219 INFO  server.RaftServerConfigKeys (ConfUtils.java:logGet(43)) - raft.server.watch.timeout = 10s (default)
2019-09-24 16:27:30,219 INFO  server.RaftServerConfigKeys (ConfUtils.java:logGet(43)) - raft.server.watch.timeout.denomination = 1s (default)
2019-09-24 16:27:30,219 INFO  server.RaftServerConfigKeys (ConfUtils.java:logGet(43)) - raft.server.watch.element-limit = 65536 (default)
2019-09-24 16:27:30,225 INFO  impl.RoleInfo (RoleInfo.java:updateAndGet(143)) - s0: start LeaderState
2019-09-24 16:27:30,226 DEBUG raftlog.RaftLog (SegmentedRaftLog.java:appendImpl(425)) - truncateIndex=-1, arrayIndex=0
2019-09-24 16:27:30,226 INFO  segmented.SegmentedRaftLogWorker (SegmentedRaftLogWorker.java:startLogSegment(380)) - s0@group-15E8991A274D-SegmentedRaftLogWorker: Starting segment from index:0
2019-09-24 16:27:30,226 INFO  impl.RaftServerImpl (ServerState.java:setRaftConf(355)) - s0@group-15E8991A274D: set configuration 0: [s0:0.0.0.0:37436], old=null at 0
2019-09-24 16:27:30,489 INFO  ratis.RaftTestUtil (RaftTestUtil.java:waitForLeader(101)) - printing ALL groups
  s0:  RUNNING    LEADER s0@group-15E8991A274D:t1, leader=s0, voted=s0, raftlog=s0@group-15E8991A274D-SegmentedRaftLog:OPENED:c-1,f-1,i0, conf=0: [s0:0.0.0.0:37436], old=null RUNNING
2019-09-24 16:27:30,490 DEBUG client.RaftClient (ConfUtils.java:logGet(43)) - raft.rpc.type = NETTY (custom)
2019-09-24 16:27:30,492 DEBUG client.RaftClient (RaftClientImpl.java:sendRequest(275)) - client-F669849EF10E: send RaftClientRequest:client-F669849EF10E->s0@group-15E8991A274D, cid=19, seq=0, RW, m0
2019-09-24 16:27:30,496 INFO  logging.LoggingHandler (AbstractInternalLogger.java:log(150)) - [id: 0x56cf9991, L:/0.0.0.0:37436] READ: [id: 0x040ae17b, L:/192.168.5.142:37436 - R:/192.168.5.142:49644]
2019-09-24 16:27:30,497 INFO  logging.LoggingHandler (AbstractInternalLogger.java:log(150)) - [id: 0x56cf9991, L:/0.0.0.0:37436] READ COMPLETE
2019-09-24 16:27:30,500 DEBUG impl.RaftServerImpl (RaftServerImpl.java:submitClientRequestAsync(533)) - s0@group-15E8991A274D: receive client request(RaftClientRequest:client-F669849EF10E->s0@group-15E8991A274D, cid=19, seq=0, RW, Message:6d30)
2019-09-24 16:27:30,514 DEBUG client.RaftClient (RaftClientImpl.java:sendRequest(285)) - client-F669849EF10E: receive RaftClientReply:client-F669849EF10E->s0@group-15E8991A274D, cid=19, FAILED org.apache.ratis.protocol.LeaderNotReadyException: s0@group-15E8991A274D is in LEADER state but not ready yet., logIndex=0, commits[s0:c-1]
2019-09-24 16:27:30,614 DEBUG client.RaftClient (RaftClientImpl.java:sendRequest(275)) - client-F669849EF10E: send RaftClientRequest:client-F669849EF10E->s0@group-15E8991A274D, cid=19, seq=0, RW, m0
2019-09-24 16:27:30,616 DEBUG impl.RaftServerImpl (RaftServerImpl.java:submitClientRequestAsync(533)) - s0@group-15E8991A274D: receive client request(RaftClientRequest:client-F669849EF10E->s0@group-15E8991A274D, cid=19, seq=0, RW, Message:6d30)
2019-09-24 16:27:30,617 DEBUG client.RaftClient (RaftClientImpl.java:sendRequest(285)) - client-F669849EF10E: receive RaftClientReply:client-F669849EF10E->s0@group-15E8991A274D, cid=19, FAILED org.apache.ratis.protocol.LeaderNotReadyException: s0@group-15E8991A274D is in LEADER state but not ready yet., logIndex=0, commits[s0:c-1]
2019-09-24 16:27:30,718 DEBUG client.RaftClient (RaftClientImpl.java:sendRequest(275)) - client-F669849EF10E: send RaftClientRequest:client-F669849EF10E->s0@group-15E8991A274D, cid=19, seq=0, RW, m0
2019-09-24 16:27:30,719 DEBUG impl.RaftServerImpl (RaftServerImpl.java:submitClientRequestAsync(533)) - s0@group-15E8991A274D: receive client request(RaftClientRequest:client-F669849EF10E->s0@group-15E8991A274D, cid=19, seq=0, RW, Message:6d30)
2019-09-24 16:27:30,721 DEBUG client.RaftClient (RaftClientImpl.java:sendRequest(285)) - client-F669849EF10E: receive RaftClientReply:client-F669849EF10E->s0@group-15E8991A274D, cid=19, FAILED org.apache.ratis.protocol.LeaderNotReadyException: s0@group-15E8991A274D is in LEADER state but not ready yet., logIndex=0, commits[s0:c-1]
2019-09-24 16:27:30,821 DEBUG client.RaftClient (RaftClientImpl.java:sendRequest(275)) - client-F669849EF10E: send RaftClientRequest:client-F669849EF10E->s0@group-15E8991A274D, cid=19, seq=0, RW, m0
2019-09-24 16:27:30,823 DEBUG impl.RaftServerImpl (RaftServerImpl.java:submitClientRequestAsync(533)) - s0@group-15E8991A274D: receive client request(RaftClientRequest:client-F669849EF10E->s0@group-15E8991A274D, cid=19, seq=0, RW, Message:6d30)
2019-09-24 16:27:30,825 DEBUG client.RaftClient (RaftClientImpl.java:sendRequest(285)) - client-F669849EF10E: receive RaftClientReply:client-F669849EF10E->s0@group-15E8991A274D, cid=19, FAILED org.apache.ratis.protocol.LeaderNotReadyException: s0@group-15E8991A274D is in LEADER state but not ready yet., logIndex=0, commits[s0:c-1]
2019-09-24 16:27:30,925 DEBUG client.RaftClient (RaftClientImpl.java:sendRequest(275)) - client-F669849EF10E: send RaftClientRequest:client-F669849EF10E->s0@group-15E8991A274D, cid=19, seq=0, RW, m0
2019-09-24 16:27:30,927 DEBUG impl.RaftServerImpl (RaftServerImpl.java:submitClientRequestAsync(533)) - s0@group-15E8991A274D: receive client request(RaftClientRequest:client-F669849EF10E->s0@group-15E8991A274D, cid=19, seq=0, RW, Message:6d30)
2019-09-24 16:27:30,929 DEBUG client.RaftClient (RaftClientImpl.java:sendRequest(285)) - client-F669849EF10E: receive RaftClientReply:client-F669849EF10E->s0@group-15E8991A274D, cid=19, FAILED org.apache.ratis.protocol.LeaderNotReadyException: s0@group-15E8991A274D is in LEADER state but not ready yet., logIndex=0, commits[s0:c-1]
2019-09-24 16:27:30,959 INFO  segmented.SegmentedRaftLogWorker (SegmentedRaftLogWorker.java:execute(569)) - s0@group-15E8991A274D-SegmentedRaftLogWorker: created new log segment /workdir/ratis-test/target/test/data/b6eb8de1/MiniRaftClusterWithNettyd6d0e6b/s0/942b2eed-32ee-4fda-8e6c-15e8991a274d/current/log_inprogress_0
2019-09-24 16:27:31,030 DEBUG client.RaftClient (RaftClientImpl.java:sendRequest(275)) - client-F669849EF10E: send RaftClientRequest:client-F669849EF10E->s0@group-15E8991A274D, cid=19, seq=0, RW, m0
2019-09-24 16:27:31,032 DEBUG impl.RaftServerImpl (RaftServerImpl.java:submitClientRequestAsync(533)) - s0@group-15E8991A274D: receive client request(RaftClientRequest:client-F669849EF10E->s0@group-15E8991A274D, cid=19, seq=0, RW, Message:6d30)
2019-09-24 16:27:31,033 DEBUG impl.RaftServerImpl (LeaderState.java:addPendingRequest(317)) - s0@group-15E8991A274D-LeaderState: addPendingRequest at RaftClientRequest:client-F669849EF10E->s0@group-15E8991A274D, cid=19, seq=0, RW, Message:6d30, entry=(t:1, i:1), STATEMACHINELOGENTRY, client-F669849EF10E, cid=19
2019-09-24 16:27:36,210 INFO  statemachine.SimpleStateMachine4Testing (SimpleStateMachine4Testing.java:put(198)) - s0: put 1, m0 -> (t:1, i:1), STATEMACHINELOGENTRY, client-F669849EF10E, cid=19
2019-09-24 16:27:36,213 DEBUG client.RaftClient (RaftClientImpl.java:sendRequest(285)) - client-F669849EF10E: receive RaftClientReply:client-F669849EF10E->s0@group-15E8991A274D, cid=19, SUCCESS, logIndex=1, commits[s0:c1]
2019-09-24 16:27:36,213 DEBUG client.RaftClient (RaftClientImpl.java:sendRequest(275)) - client-F669849EF10E: send RaftClientRequest:client-F669849EF10E->s0@group-15E8991A274D, cid=20, seq=0, RW, m1
2019-09-24 16:27:36,215 DEBUG impl.RaftServerImpl (RaftServerImpl.java:submitClientRequestAsync(533)) - s0@group-15E8991A274D: receive client request(RaftClientRequest:client-F669849EF10E->s0@group-15E8991A274D, cid=20, seq=0, RW, Message:6d31)
2019-09-24 16:27:36,216 DEBUG impl.RaftServerImpl (LeaderState.java:addPendingRequest(317)) - s0@group-15E8991A274D-LeaderState: addPendingRequest at RaftClientRequest:client-F669849EF10E->s0@group-15E8991A274D, cid=20, seq=0, RW, Message:6d31, entry=(t:1, i:3), STATEMACHINELOGENTRY, client-F669849EF10E, cid=20
2019-09-24 16:27:40,038 INFO  ratis.MiniRaftCluster (MiniRaftCluster.java:lambda$null$5(297)) - TIMED-PRINT: printing ALL groups
  s0:  RUNNING    LEADER s0@group-15E8991A274D:t1, leader=s0, voted=s0, raftlog=s0@group-15E8991A274D-SegmentedRaftLog:OPENED:c1,f1,i3, conf=0: [s0:0.0.0.0:37436], old=null RUNNING
2019-09-24 16:27:45,778 INFO  statemachine.SimpleStateMachine4Testing (SimpleStateMachine4Testing.java:put(198)) - s0: put 3, m1 -> (t:1, i:3), STATEMACHINELOGENTRY, client-F669849EF10E, cid=20
2019-09-24 16:27:45,781 DEBUG client.RaftClient (RaftClientImpl.java:sendRequest(285)) - client-F669849EF10E: receive RaftClientReply:client-F669849EF10E->s0@group-15E8991A274D, cid=20, SUCCESS, logIndex=3, commits[s0:c3]
2019-09-24 16:27:45,781 DEBUG client.RaftClient (RaftClientImpl.java:sendRequest(275)) - client-F669849EF10E: send RaftClientRequest:client-F669849EF10E->s0@group-15E8991A274D, cid=21, seq=0, RW, m2
2019-09-24 16:27:45,783 DEBUG impl.RaftServerImpl (RaftServerImpl.java:submitClientRequestAsync(533)) - s0@group-15E8991A274D: receive client request(RaftClientRequest:client-F669849EF10E->s0@group-15E8991A274D, cid=21, seq=0, RW, Message:6d32)
2019-09-24 16:27:45,784 DEBUG impl.RaftServerImpl (LeaderState.java:addPendingRequest(317)) - s0@group-15E8991A274D-LeaderState: addPendingRequest at RaftClientRequest:client-F669849EF10E->s0@group-15E8991A274D, cid=21, seq=0, RW, Message:6d32, entry=(t:1, i:5), STATEMACHINELOGENTRY, client-F669849EF10E, cid=21
2019-09-24 16:27:50,038 INFO  ratis.MiniRaftCluster (MiniRaftCluster.java:lambda$null$5(297)) - TIMED-PRINT: printing ALL groups
  s0:  RUNNING    LEADER s0@group-15E8991A274D:t1, leader=s0, voted=s0, raftlog=s0@group-15E8991A274D-SegmentedRaftLog:OPENED:c3,f3,i5, conf=0: [s0:0.0.0.0:37436], old=null RUNNING
2019-09-24 16:27:52,068 INFO  statemachine.SimpleStateMachine4Testing (SimpleStateMachine4Testing.java:put(198)) - s0: put 5, m2 -> (t:1, i:5), STATEMACHINELOGENTRY, client-F669849EF10E, cid=21
2019-09-24 16:27:52,071 DEBUG client.RaftClient (RaftClientImpl.java:sendRequest(285)) - client-F669849EF10E: receive RaftClientReply:client-F669849EF10E->s0@group-15E8991A274D, cid=21, SUCCESS, logIndex=5, commits[s0:c5]
2019-09-24 16:27:52,071 DEBUG client.RaftClient (RaftClientImpl.java:sendRequest(275)) - client-F669849EF10E: send RaftClientRequest:client-F669849EF10E->s0@group-15E8991A274D, cid=22, seq=0, RW, m3
2019-09-24 16:27:52,073 DEBUG impl.RaftServerImpl (RaftServerImpl.java:submitClientRequestAsync(533)) - s0@group-15E8991A274D: receive client request(RaftClientRequest:client-F669849EF10E->s0@group-15E8991A274D, cid=22, seq=0, RW, Message:6d33)
2019-09-24 16:27:52,074 DEBUG impl.RaftServerImpl (LeaderState.java:addPendingRequest(317)) - s0@group-15E8991A274D-LeaderState: addPendingRequest at RaftClientRequest:client-F669849EF10E->s0@group-15E8991A274D, cid=22, seq=0, RW, Message:6d33, entry=(t:1, i:7), STATEMACHINELOGENTRY, client-F669849EF10E, cid=22
2019-09-24 16:28:00,039 INFO  ratis.MiniRaftCluster (MiniRaftCluster.java:lambda$null$5(297)) - TIMED-PRINT: printing ALL groups
  s0:  RUNNING    LEADER s0@group-15E8991A274D:t1, leader=s0, voted=s0, raftlog=s0@group-15E8991A274D-SegmentedRaftLog:OPENED:c6,f6,i7, conf=0: [s0:0.0.0.0:37436], old=null RUNNING
2019-09-24 16:28:02,371 INFO  statemachine.SimpleStateMachine4Testing (SimpleStateMachine4Testing.java:put(198)) - s0: put 7, m3 -> (t:1, i:7), STATEMACHINELOGENTRY, client-F669849EF10E, cid=22
2019-09-24 16:28:02,373 DEBUG client.RaftClient (RaftClientImpl.java:sendRequest(285)) - client-F669849EF10E: receive RaftClientReply:client-F669849EF10E->s0@group-15E8991A274D, cid=22, SUCCESS, logIndex=7, commits[s0:c7]
2019-09-24 16:28:02,374 DEBUG client.RaftClient (RaftClientImpl.java:sendRequest(275)) - client-F669849EF10E: send RaftClientRequest:client-F669849EF10E->s0@group-15E8991A274D, cid=23, seq=0, RW, m4
2019-09-24 16:28:02,375 DEBUG impl.RaftServerImpl (RaftServerImpl.java:submitClientRequestAsync(533)) - s0@group-15E8991A274D: receive client request(RaftClientRequest:client-F669849EF10E->s0@group-15E8991A274D, cid=23, seq=0, RW, Message:6d34)
2019-09-24 16:28:02,376 DEBUG impl.RaftServerImpl (LeaderState.java:addPendingRequest(317)) - s0@group-15E8991A274D-LeaderState: addPendingRequest at RaftClientRequest:client-F669849EF10E->s0@group-15E8991A274D, cid=23, seq=0, RW, Message:6d34, entry=(t:1, i:9), STATEMACHINELOGENTRY, client-F669849EF10E, cid=23
2019-09-24 16:28:09,889 INFO  statemachine.SimpleStateMachine4Testing (SimpleStateMachine4Testing.java:put(198)) - s0: put 9, m4 -> (t:1, i:9), STATEMACHINELOGENTRY, client-F669849EF10E, cid=23
2019-09-24 16:28:09,891 DEBUG client.RaftClient (RaftClientImpl.java:sendRequest(285)) - client-F669849EF10E: receive RaftClientReply:client-F669849EF10E->s0@group-15E8991A274D, cid=23, SUCCESS, logIndex=9, commits[s0:c9]
2019-09-24 16:28:09,892 DEBUG client.RaftClient (RaftClientImpl.java:sendRequest(275)) - client-F669849EF10E: send RaftClientRequest:client-F669849EF10E->s0@group-15E8991A274D, cid=24, seq=0, RW, m5
2019-09-24 16:28:09,894 DEBUG impl.RaftServerImpl (RaftServerImpl.java:submitClientRequestAsync(533)) - s0@group-15E8991A274D: receive client request(RaftClientRequest:client-F669849EF10E->s0@group-15E8991A274D, cid=24, seq=0, RW, Message:6d35)
2019-09-24 16:28:09,895 DEBUG impl.RaftServerImpl (LeaderState.java:addPendingRequest(317)) - s0@group-15E8991A274D-LeaderState: addPendingRequest at RaftClientRequest:client-F669849EF10E->s0@group-15E8991A274D, cid=24, seq=0, RW, Message:6d35, entry=(t:1, i:11), STATEMACHINELOGENTRY, client-F669849EF10E, cid=24
2019-09-24 16:28:10,034 INFO  impl.StateMachineUpdater (StateMachineUpdater.java:takeSnapshot(269)) - s0@group-15E8991A274D-StateMachineUpdater: Took a snapshot at index 9
2019-09-24 16:28:10,034 INFO  impl.StateMachineUpdater (StateMachineUpdater.java:lambda$new$0(84)) - s0@group-15E8991A274D-StateMachineUpdater: snapshotIndex: updateIncreasingly -1 -> 9
2019-09-24 16:28:10,034 INFO  statemachine.SimpleStateMachine4Testing (SimpleStateMachine4Testing.java:put(198)) - s0: put 11, m5 -> (t:1, i:11), STATEMACHINELOGENTRY, client-F669849EF10E, cid=24
2019-09-24 16:28:10,036 DEBUG client.RaftClient (RaftClientImpl.java:sendRequest(285)) - client-F669849EF10E: receive RaftClientReply:client-F669849EF10E->s0@group-15E8991A274D, cid=24, SUCCESS, logIndex=11, commits[s0:c12]
2019-09-24 16:28:10,037 DEBUG client.RaftClient (RaftClientImpl.java:sendRequest(275)) - client-F669849EF10E: send RaftClientRequest:client-F669849EF10E->s0@group-15E8991A274D, cid=25, seq=0, RW, m6
2019-09-24 16:28:10,038 DEBUG impl.RaftServerImpl (RaftServerImpl.java:submitClientRequestAsync(533)) - s0@group-15E8991A274D: receive client request(RaftClientRequest:client-F669849EF10E->s0@group-15E8991A274D, cid=25, seq=0, RW, Message:6d36)
2019-09-24 16:28:10,038 INFO  ratis.MiniRaftCluster (MiniRaftCluster.java:lambda$null$5(297)) - TIMED-PRINT: printing ALL groups
  s0:  RUNNING    LEADER s0@group-15E8991A274D:t1, leader=s0, voted=s0, raftlog=s0@group-15E8991A274D-SegmentedRaftLog:OPENED:c12,f12,i12, conf=0: [s0:0.0.0.0:37436], old=null RUNNING
2019-09-24 16:28:10,039 DEBUG impl.RaftServerImpl (LeaderState.java:addPendingRequest(317)) - s0@group-15E8991A274D-LeaderState: addPendingRequest at RaftClientRequest:client-F669849EF10E->s0@group-15E8991A274D, cid=25, seq=0, RW, Message:6d36, entry=(t:1, i:13), STATEMACHINELOGENTRY, client-F669849EF10E, cid=25
2019-09-24 16:28:10,056 INFO  statemachine.SimpleStateMachine4Testing (SimpleStateMachine4Testing.java:put(198)) - s0: put 13, m6 -> (t:1, i:13), STATEMACHINELOGENTRY, client-F669849EF10E, cid=25
2019-09-24 16:28:10,057 DEBUG client.RaftClient (RaftClientImpl.java:sendRequest(285)) - client-F669849EF10E: receive RaftClientReply:client-F669849EF10E->s0@group-15E8991A274D, cid=25, SUCCESS, logIndex=13, commits[s0:c13]
2019-09-24 16:28:10,058 DEBUG client.RaftClient (RaftClientImpl.java:sendRequest(275)) - client-F669849EF10E: send RaftClientRequest:client-F669849EF10E->s0@group-15E8991A274D, cid=26, seq=0, RW, m7
2019-09-24 16:28:10,059 DEBUG impl.RaftServerImpl (RaftServerImpl.java:submitClientRequestAsync(533)) - s0@group-15E8991A274D: receive client request(RaftClientRequest:client-F669849EF10E->s0@group-15E8991A274D, cid=26, seq=0, RW, Message:6d37)
2019-09-24 16:28:10,060 DEBUG impl.RaftServerImpl (LeaderState.java:addPendingRequest(317)) - s0@group-15E8991A274D-LeaderState: addPendingRequest at RaftClientRequest:client-F669849EF10E->s0@group-15E8991A274D, cid=26, seq=0, RW, Message:6d37, entry=(t:1, i:15), STATEMACHINELOGENTRY, client-F669849EF10E, cid=26
2019-09-24 16:28:10,065 INFO  statemachine.SimpleStateMachine4Testing (SimpleStateMachine4Testing.java:put(198)) - s0: put 15, m7 -> (t:1, i:15), STATEMACHINELOGENTRY, client-F669849EF10E, cid=26
2019-09-24 16:28:10,067 DEBUG client.RaftClient (RaftClientImpl.java:sendRequest(285)) - client-F669849EF10E: receive RaftClientReply:client-F669849EF10E->s0@group-15E8991A274D, cid=26, SUCCESS, logIndex=15, commits[s0:c15]
2019-09-24 16:28:10,067 DEBUG client.RaftClient (RaftClientImpl.java:sendRequest(275)) - client-F669849EF10E: send RaftClientRequest:client-F669849EF10E->s0@group-15E8991A274D, cid=27, seq=0, RW, m8
2019-09-24 16:28:10,068 DEBUG impl.RaftServerImpl (RaftServerImpl.java:submitClientRequestAsync(533)) - s0@group-15E8991A274D: receive client request(RaftClientRequest:client-F669849EF10E->s0@group-15E8991A274D, cid=27, seq=0, RW, Message:6d38)
2019-09-24 16:28:10,069 DEBUG impl.RaftServerImpl (LeaderState.java:addPendingRequest(317)) - s0@group-15E8991A274D-LeaderState: addPendingRequest at RaftClientRequest:client-F669849EF10E->s0@group-15E8991A274D, cid=27, seq=0, RW, Message:6d38, entry=(t:1, i:17), STATEMACHINELOGENTRY, client-F669849EF10E, cid=27
2019-09-24 16:28:10,076 INFO  statemachine.SimpleStateMachine4Testing (SimpleStateMachine4Testing.java:put(198)) - s0: put 17, m8 -> (t:1, i:17), STATEMACHINELOGENTRY, client-F669849EF10E, cid=27
2019-09-24 16:28:10,077 DEBUG client.RaftClient (RaftClientImpl.java:sendRequest(285)) - client-F669849EF10E: receive RaftClientReply:client-F669849EF10E->s0@group-15E8991A274D, cid=27, SUCCESS, logIndex=17, commits[s0:c17]
2019-09-24 16:28:10,077 DEBUG client.RaftClient (RaftClientImpl.java:sendRequest(275)) - client-F669849EF10E: send RaftClientRequest:client-F669849EF10E->s0@group-15E8991A274D, cid=28, seq=0, RW, m9
2019-09-24 16:28:10,079 DEBUG impl.RaftServerImpl (RaftServerImpl.java:submitClientRequestAsync(533)) - s0@group-15E8991A274D: receive client request(RaftClientRequest:client-F669849EF10E->s0@group-15E8991A274D, cid=28, seq=0, RW, Message:6d39)
2019-09-24 16:28:10,080 DEBUG impl.RaftServerImpl (LeaderState.java:addPendingRequest(317)) - s0@group-15E8991A274D-LeaderState: addPendingRequest at RaftClientRequest:client-F669849EF10E->s0@group-15E8991A274D, cid=28, seq=0, RW, Message:6d39, entry=(t:1, i:19), STATEMACHINELOGENTRY, client-F669849EF10E, cid=28
2019-09-24 16:28:10,104 INFO  statemachine.SimpleStateMachine4Testing (SimpleStateMachine4Testing.java:put(198)) - s0: put 19, m9 -> (t:1, i:19), STATEMACHINELOGENTRY, client-F669849EF10E, cid=28
2019-09-24 16:28:10,105 DEBUG client.RaftClient (RaftClientImpl.java:sendRequest(285)) - client-F669849EF10E: receive RaftClientReply:client-F669849EF10E->s0@group-15E8991A274D, cid=28, SUCCESS, logIndex=19, commits[s0:c19]
2019-09-24 16:28:10,105 DEBUG client.RaftClient (RaftClientImpl.java:sendRequest(275)) - client-F669849EF10E: send RaftClientRequest:client-F669849EF10E->s0@group-15E8991A274D, cid=29, seq=0, RW, m10
2019-09-24 16:28:10,106 DEBUG impl.RaftServerImpl (RaftServerImpl.java:submitClientRequestAsync(533)) - s0@group-15E8991A274D: receive client request(RaftClientRequest:client-F669849EF10E->s0@group-15E8991A274D, cid=29, seq=0, RW, Message:6d3130)
2019-09-24 16:28:10,107 DEBUG impl.RaftServerImpl (LeaderState.java:addPendingRequest(317)) - s0@group-15E8991A274D-LeaderState: addPendingRequest at RaftClientRequest:client-F669849EF10E->s0@group-15E8991A274D, cid=29, seq=0, RW, Message:6d3130, entry=(t:1, i:21), STATEMACHINELOGENTRY, client-F669849EF10E, cid=29
2019-09-24 16:28:10,402 INFO  impl.StateMachineUpdater (StateMachineUpdater.java:takeSnapshot(269)) - s0@group-15E8991A274D-StateMachineUpdater: Took a snapshot at index 19
2019-09-24 16:28:10,402 INFO  impl.StateMachineUpdater (StateMachineUpdater.java:lambda$new$0(84)) - s0@group-15E8991A274D-StateMachineUpdater: snapshotIndex: updateIncreasingly 9 -> 19
2019-09-24 16:28:10,403 INFO  statemachine.SimpleStateMachine4Testing (SimpleStateMachine4Testing.java:put(198)) - s0: put 21, m10 -> (t:1, i:21), STATEMACHINELOGENTRY, client-F669849EF10E, cid=29
2019-09-24 16:28:10,405 DEBUG client.RaftClient (RaftClientImpl.java:sendRequest(285)) - client-F669849EF10E: receive RaftClientReply:client-F669849EF10E->s0@group-15E8991A274D, cid=29, SUCCESS, logIndex=21, commits[s0:c22]
2019-09-24 16:28:10,405 DEBUG client.RaftClient (RaftClientImpl.java:sendRequest(275)) - client-F669849EF10E: send RaftClientRequest:client-F669849EF10E->s0@group-15E8991A274D, cid=30, seq=0, RW, m11
2019-09-24 16:28:10,406 DEBUG impl.RaftServerImpl (RaftServerImpl.java:submitClientRequestAsync(533)) - s0@group-15E8991A274D: receive client request(RaftClientRequest:client-F669849EF10E->s0@group-15E8991A274D, cid=30, seq=0, RW, Message:6d3131)
2019-09-24 16:28:10,408 DEBUG impl.RaftServerImpl (LeaderState.java:addPendingRequest(317)) - s0@group-15E8991A274D-LeaderState: addPendingRequest at RaftClientRequest:client-F669849EF10E->s0@group-15E8991A274D, cid=30, seq=0, RW, Message:6d3131, entry=(t:1, i:23), STATEMACHINELOGENTRY, client-F669849EF10E, cid=30
2019-09-24 16:28:10,424 INFO  statemachine.SimpleStateMachine4Testing (SimpleStateMachine4Testing.java:put(198)) - s0: put 23, m11 -> (t:1, i:23), STATEMACHINELOGENTRY, client-F669849EF10E, cid=30
2019-09-24 16:28:10,425 DEBUG client.RaftClient (RaftClientImpl.java:sendRequest(285)) - client-F669849EF10E: receive RaftClientReply:client-F669849EF10E->s0@group-15E8991A274D, cid=30, SUCCESS, logIndex=23, commits[s0:c23]
2019-09-24 16:28:10,425 DEBUG client.RaftClient (RaftClientImpl.java:sendRequest(275)) - client-F669849EF10E: send RaftClientRequest:client-F669849EF10E->s0@group-15E8991A274D, cid=31, seq=0, RW, m12
2019-09-24 16:28:10,426 DEBUG impl.RaftServerImpl (RaftServerImpl.java:submitClientRequestAsync(533)) - s0@group-15E8991A274D: receive client request(RaftClientRequest:client-F669849EF10E->s0@group-15E8991A274D, cid=31, seq=0, RW, Message:6d3132)
2019-09-24 16:28:10,427 DEBUG impl.RaftServerImpl (LeaderState.java:addPendingRequest(317)) - s0@group-15E8991A274D-LeaderState: addPendingRequest at RaftClientRequest:client-F669849EF10E->s0@group-15E8991A274D, cid=31, seq=0, RW, Message:6d3132, entry=(t:1, i:25), STATEMACHINELOGENTRY, client-F669849EF10E, cid=31
2019-09-24 16:28:10,434 INFO  statemachine.SimpleStateMachine4Testing (SimpleStateMachine4Testing.java:put(198)) - s0: put 25, m12 -> (t:1, i:25), STATEMACHINELOGENTRY, client-F669849EF10E, cid=31
2019-09-24 16:28:10,435 DEBUG client.RaftClient (RaftClientImpl.java:sendRequest(285)) - client-F669849EF10E: receive RaftClientReply:client-F669849EF10E->s0@group-15E8991A274D, cid=31, SUCCESS, logIndex=25, commits[s0:c25]
2019-09-24 16:28:10,435 DEBUG client.RaftClient (RaftClientImpl.java:sendRequest(275)) - client-F669849EF10E: send RaftClientRequest:client-F669849EF10E->s0@group-15E8991A274D, cid=32, seq=0, RW, m13
2019-09-24 16:28:10,436 DEBUG impl.RaftServerImpl (RaftServerImpl.java:submitClientRequestAsync(533)) - s0@group-15E8991A274D: receive client request(RaftClientRequest:client-F669849EF10E->s0@group-15E8991A274D, cid=32, seq=0, RW, Message:6d3133)
2019-09-24 16:28:10,437 DEBUG impl.RaftServerImpl (LeaderState.java:addPendingRequest(317)) - s0@group-15E8991A274D-LeaderState: addPendingRequest at RaftClientRequest:client-F669849EF10E->s0@group-15E8991A274D, cid=32, seq=0, RW, Message:6d3133, entry=(t:1, i:27), STATEMACHINELOGENTRY, client-F669849EF10E, cid=32
2019-09-24 16:28:10,457 INFO  statemachine.SimpleStateMachine4Testing (SimpleStateMachine4Testing.java:put(198)) - s0: put 27, m13 -> (t:1, i:27), STATEMACHINELOGENTRY, client-F669849EF10E, cid=32
2019-09-24 16:28:10,459 DEBUG client.RaftClient (RaftClientImpl.java:sendRequest(285)) - client-F669849EF10E: receive RaftClientReply:client-F669849EF10E->s0@group-15E8991A274D, cid=32, SUCCESS, logIndex=27, commits[s0:c27]
2019-09-24 16:28:10,459 DEBUG client.RaftClient (RaftClientImpl.java:sendRequest(275)) - client-F669849EF10E: send RaftClientRequest:client-F669849EF10E->s0@group-15E8991A274D, cid=33, seq=0, RW, m14
2019-09-24 16:28:10,460 DEBUG impl.RaftServerImpl (RaftServerImpl.java:submitClientRequestAsync(533)) - s0@group-15E8991A274D: receive client request(RaftClientRequest:client-F669849EF10E->s0@group-15E8991A274D, cid=33, seq=0, RW, Message:6d3134)
2019-09-24 16:28:10,461 DEBUG impl.RaftServerImpl (LeaderState.java:addPendingRequest(317)) - s0@group-15E8991A274D-LeaderState: addPendingRequest at RaftClientRequest:client-F669849EF10E->s0@group-15E8991A274D, cid=33, seq=0, RW, Message:6d3134, entry=(t:1, i:29), STATEMACHINELOGENTRY, client-F669849EF10E, cid=33
2019-09-24 16:28:10,468 INFO  statemachine.SimpleStateMachine4Testing (SimpleStateMachine4Testing.java:put(198)) - s0: put 29, m14 -> (t:1, i:29), STATEMACHINELOGENTRY, client-F669849EF10E, cid=33
2019-09-24 16:28:10,469 DEBUG client.RaftClient (RaftClientImpl.java:sendRequest(285)) - client-F669849EF10E: receive RaftClientReply:client-F669849EF10E->s0@group-15E8991A274D, cid=33, SUCCESS, logIndex=29, commits[s0:c29]
2019-09-24 16:28:10,469 DEBUG client.RaftClient (RaftClientImpl.java:sendRequest(275)) - client-F669849EF10E: send RaftClientRequest:client-F669849EF10E->s0@group-15E8991A274D, cid=34, seq=0, RW, m15
2019-09-24 16:28:10,470 DEBUG impl.RaftServerImpl (RaftServerImpl.java:submitClientRequestAsync(533)) - s0@group-15E8991A274D: receive client request(RaftClientRequest:client-F669849EF10E->s0@group-15E8991A274D, cid=34, seq=0, RW, Message:6d3135)
2019-09-24 16:28:10,471 DEBUG impl.RaftServerImpl (LeaderState.java:addPendingRequest(317)) - s0@group-15E8991A274D-LeaderState: addPendingRequest at RaftClientRequest:client-F669849EF10E->s0@group-15E8991A274D, cid=34, seq=0, RW, Message:6d3135, entry=(t:1, i:31), STATEMACHINELOGENTRY, client-F669849EF10E, cid=34
2019-09-24 16:28:10,590 INFO  impl.StateMachineUpdater (StateMachineUpdater.java:takeSnapshot(269)) - s0@group-15E8991A274D-StateMachineUpdater: Took a snapshot at index 29
2019-09-24 16:28:10,590 INFO  impl.StateMachineUpdater (StateMachineUpdater.java:lambda$new$0(84)) - s0@group-15E8991A274D-StateMachineUpdater: snapshotIndex: updateIncreasingly 19 -> 29
2019-09-24 16:28:10,591 INFO  statemachine.SimpleStateMachine4Testing (SimpleStateMachine4Testing.java:put(198)) - s0: put 31, m15 -> (t:1, i:31), STATEMACHINELOGENTRY, client-F669849EF10E, cid=34
2019-09-24 16:28:10,592 DEBUG client.RaftClient (RaftClientImpl.java:sendRequest(285)) - client-F669849EF10E: receive RaftClientReply:client-F669849EF10E->s0@group-15E8991A274D, cid=34, SUCCESS, logIndex=31, commits[s0:c32]
2019-09-24 16:28:10,593 DEBUG client.RaftClient (RaftClientImpl.java:sendRequest(275)) - client-F669849EF10E: send RaftClientRequest:client-F669849EF10E->s0@group-15E8991A274D, cid=35, seq=0, RW, m16
2019-09-24 16:28:10,594 DEBUG impl.RaftServerImpl (RaftServerImpl.java:submitClientRequestAsync(533)) - s0@group-15E8991A274D: receive client request(RaftClientRequest:client-F669849EF10E->s0@group-15E8991A274D, cid=35, seq=0, RW, Message:6d3136)
2019-09-24 16:28:10,595 DEBUG impl.RaftServerImpl (LeaderState.java:addPendingRequest(317)) - s0@group-15E8991A274D-LeaderState: addPendingRequest at RaftClientRequest:client-F669849EF10E->s0@group-15E8991A274D, cid=35, seq=0, RW, Message:6d3136, entry=(t:1, i:33), STATEMACHINELOGENTRY, client-F669849EF10E, cid=35
2019-09-24 16:28:10,613 INFO  statemachine.SimpleStateMachine4Testing (SimpleStateMachine4Testing.java:put(198)) - s0: put 33, m16 -> (t:1, i:33), STATEMACHINELOGENTRY, client-F669849EF10E, cid=35
2019-09-24 16:28:10,614 DEBUG client.RaftClient (RaftClientImpl.java:sendRequest(285)) - client-F669849EF10E: receive RaftClientReply:client-F669849EF10E->s0@group-15E8991A274D, cid=35, SUCCESS, logIndex=33, commits[s0:c33]
2019-09-24 16:28:10,614 DEBUG client.RaftClient (RaftClientImpl.java:sendRequest(275)) - client-F669849EF10E: send RaftClientRequest:client-F669849EF10E->s0@group-15E8991A274D, cid=36, seq=0, RW, m17
2019-09-24 16:28:10,615 DEBUG impl.RaftServerImpl (RaftServerImpl.java:submitClientRequestAsync(533)) - s0@group-15E8991A274D: receive client request(RaftClientRequest:client-F669849EF10E->s0@group-15E8991A274D, cid=36, seq=0, RW, Message:6d3137)
2019-09-24 16:28:10,616 DEBUG impl.RaftServerImpl (LeaderState.java:addPendingRequest(317)) - s0@group-15E8991A274D-LeaderState: addPendingRequest at RaftClientRequest:client-F669849EF10E->s0@group-15E8991A274D, cid=36, seq=0, RW, Message:6d3137, entry=(t:1, i:35), STATEMACHINELOGENTRY, client-F669849EF10E, cid=36
2019-09-24 16:28:10,833 INFO  statemachine.SimpleStateMachine4Testing (SimpleStateMachine4Testing.java:put(198)) - s0: put 35, m17 -> (t:1, i:35), STATEMACHINELOGENTRY, client-F669849EF10E, cid=36
2019-09-24 16:28:10,834 DEBUG client.RaftClient (RaftClientImpl.java:sendRequest(285)) - client-F669849EF10E: receive RaftClientReply:client-F669849EF10E->s0@group-15E8991A274D, cid=36, SUCCESS, logIndex=35, commits[s0:c35]
2019-09-24 16:28:10,835 DEBUG client.RaftClient (RaftClientImpl.java:sendRequest(275)) - client-F669849EF10E: send RaftClientRequest:client-F669849EF10E->s0@group-15E8991A274D, cid=37, seq=0, RW, m18
2019-09-24 16:28:10,836 DEBUG impl.RaftServerImpl (RaftServerImpl.java:submitClientRequestAsync(533)) - s0@group-15E8991A274D: receive client request(RaftClientRequest:client-F669849EF10E->s0@group-15E8991A274D, cid=37, seq=0, RW, Message:6d3138)
2019-09-24 16:28:10,837 DEBUG impl.RaftServerImpl (LeaderState.java:addPendingRequest(317)) - s0@group-15E8991A274D-LeaderState: addPendingRequest at RaftClientRequest:client-F669849EF10E->s0@group-15E8991A274D, cid=37, seq=0, RW, Message:6d3138, entry=(t:1, i:37), STATEMACHINELOGENTRY, client-F669849EF10E, cid=37
2019-09-24 16:28:10,879 INFO  statemachine.SimpleStateMachine4Testing (SimpleStateMachine4Testing.java:put(198)) - s0: put 37, m18 -> (t:1, i:37), STATEMACHINELOGENTRY, client-F669849EF10E, cid=37
2019-09-24 16:28:10,881 DEBUG client.RaftClient (RaftClientImpl.java:sendRequest(285)) - client-F669849EF10E: receive RaftClientReply:client-F669849EF10E->s0@group-15E8991A274D, cid=37, SUCCESS, logIndex=37, commits[s0:c37]
2019-09-24 16:28:10,883 INFO  statemachine.RaftSnapshotBaseTest (RaftSnapshotBaseTest.java:testBasicInstallSnapshot(185)) - nextIndex = 39
2019-09-24 16:28:10,884 INFO  statemachine.RaftSnapshotBaseTest (RaftSnapshotBaseTest.java:exists(154)) - File exists: /workdir/ratis-test/target/test/data/b6eb8de1/MiniRaftClusterWithNettyd6d0e6b/s0/942b2eed-32ee-4fda-8e6c-15e8991a274d/sm/snapshot.1_29
2019-09-24 16:28:10,885 INFO  ratis.MiniRaftCluster (MiniRaftCluster.java:shutdown(700)) - ************************************************************** 
2019-09-24 16:28:10,885 INFO  ratis.MiniRaftCluster (MiniRaftCluster.java:shutdown(701)) - *** 
2019-09-24 16:28:10,885 INFO  ratis.MiniRaftCluster (MiniRaftCluster.java:shutdown(702)) - ***     Stopping MiniRaftClusterWithNetty
2019-09-24 16:28:10,886 INFO  ratis.MiniRaftCluster (MiniRaftCluster.java:shutdown(703)) - *** 
2019-09-24 16:28:10,886 INFO  ratis.MiniRaftCluster (MiniRaftCluster.java:shutdown(704)) - ************************************************************** 
2019-09-24 16:28:10,886 INFO  ratis.MiniRaftCluster (MiniRaftCluster.java:shutdown(705)) - printing ALL groups
  s0:  RUNNING    LEADER s0@group-15E8991A274D:t1, leader=s0, voted=s0, raftlog=s0@group-15E8991A274D-SegmentedRaftLog:OPENED:c38,f38,i38, conf=0: [s0:0.0.0.0:37436], old=null RUNNING
2019-09-24 16:28:10,887 INFO  impl.RaftServerProxy (RaftServerProxy.java:lambda$close$4(314)) - s0: close
2019-09-24 16:28:10,888 INFO  impl.RaftServerImpl (RaftServerImpl.java:lambda$shutdown$3(247)) - s0@group-15E8991A274D: shutdown
2019-09-24 16:28:10,888 INFO  util.JmxRegister (JmxRegister.java:unregister(73)) - Successfully un-registered JMX Bean with object name Ratis:service=RaftServer,group=group-15E8991A274D,id=s0
2019-09-24 16:28:10,888 INFO  impl.RoleInfo (RoleInfo.java:shutdownLeaderState(104)) - s0: shutdown LeaderState
2019-09-24 16:28:10,889 INFO  impl.PendingRequests (PendingRequests.java:sendNotLeaderResponses(202)) - s0@group-15E8991A274D-PendingRequests: sendNotLeaderResponses
2019-09-24 16:28:10,890 INFO  impl.StateMachineUpdater (StateMachineUpdater.java:stopAndJoin(136)) - s0@group-15E8991A274D-StateMachineUpdater: set stopIndex = 38
2019-09-24 16:28:15,887 INFO  ratis.MiniRaftCluster (MiniRaftCluster.java:shutdown(722)) - MiniRaftClusterWithNetty shutdown completed
2019-09-24 16:28:15,888 TRACE util.FileUtils (LogUtils.java:runAndLog(61)) - Successfully ran Files.delete /workdir/ratis-test/target/test/data/b6eb8de1/MiniRaftClusterWithNettyd6d0e6b/s0/942b2eed-32ee-4fda-8e6c-15e8991a274d/current/log_inprogress_0
2019-09-24 16:28:15,888 INFO  statemachine.RaftSnapshotBaseTest (RaftSnapshotBaseTest.java:testBasicInstallSnapshot(200)) - Restarting the cluster
2019-09-24 16:28:15,888 INFO  ratis.MiniRaftCluster (MiniRaftCluster.java:shutdown(700)) - ************************************************************** 
2019-09-24 16:28:15,888 INFO  ratis.MiniRaftCluster (MiniRaftCluster.java:shutdown(701)) - *** 
2019-09-24 16:28:15,889 INFO  ratis.MiniRaftCluster (MiniRaftCluster.java:shutdown(702)) - ***     Stopping MiniRaftClusterWithNetty
2019-09-24 16:28:15,889 INFO  ratis.MiniRaftCluster (MiniRaftCluster.java:shutdown(703)) - *** 
2019-09-24 16:28:15,889 INFO  ratis.MiniRaftCluster (MiniRaftCluster.java:shutdown(704)) - ************************************************************** 
2019-09-24 16:28:20,335 INFO  impl.StateMachineUpdater (StateMachineUpdater.java:takeSnapshot(269)) - s0@group-15E8991A274D-StateMachineUpdater: Took a snapshot at index 37
2019-09-24 16:28:20,335 INFO  impl.StateMachineUpdater (StateMachineUpdater.java:lambda$new$0(84)) - s0@group-15E8991A274D-StateMachineUpdater: snapshotIndex: updateIncreasingly 29 -> 37
2019-09-24 16:28:20,456 INFO  impl.StateMachineUpdater (StateMachineUpdater.java:takeSnapshot(269)) - s0@group-15E8991A274D-StateMachineUpdater: Took a snapshot at index 37
2019-09-24 16:28:20,456 INFO  impl.StateMachineUpdater (StateMachineUpdater.java:lambda$new$0(84)) - s0@group-15E8991A274D-StateMachineUpdater: snapshotIndex: updateIncreasingly 37 -> 37
2019-09-24 16:28:20,456 INFO  impl.RaftServerImpl (ServerState.java:close(386)) - s0@group-15E8991A274D: closes. applyIndex: 38
2019-09-24 16:28:20,460 INFO  segmented.SegmentedRaftLogWorker (SegmentedRaftLogWorker.java:run(313)) - s0@group-15E8991A274D-SegmentedRaftLogWorker was interrupted, exiting. There are 0 tasks remaining in the queue.
2019-09-24 16:28:20,462 INFO  segmented.SegmentedRaftLogWorker (SegmentedRaftLogWorker.java:close(228)) - s0@group-15E8991A274D-SegmentedRaftLogWorker close()
2019-09-24 16:28:20,463 INFO  ratis.MiniRaftCluster (MiniRaftCluster.java:shutdown(705)) - printing ALL groups
  s0:  CLOSING    LEADER s0@group-15E8991A274D:t1, leader=s0, voted=s0, raftlog=s0@group-15E8991A274D-SegmentedRaftLog:CLOSED:c38, conf=0: [s0:0.0.0.0:37436], old=null CLOSED
2019-09-24 16:28:20,464 INFO  logging.LoggingHandler (AbstractInternalLogger.java:log(150)) - [id: 0x56cf9991, L:/0.0.0.0:37436] UNREGISTERED
2019-09-24 16:28:20,464 INFO  ratis.MiniRaftCluster (MiniRaftCluster.java:shutdown(722)) - MiniRaftClusterWithNetty shutdown completed
2019-09-24 16:28:20,465 INFO  ratis.MiniRaftCluster (MiniRaftCluster.java:newRaftServer(330)) - newRaftServer: s0, group-15E8991A274D:[s0:0.0.0.0:37436], format? false
2019-09-24 16:28:20,467 INFO  impl.RaftServerProxy (ConfUtils.java:logGet(43)) - raft.rpc.type = NETTY (custom)
2019-09-24 16:28:20,469 INFO  netty.NettyConfigKeys$Server (ConfUtils.java:logGet(43)) - raft.netty.server.port = 37436 (custom)
2019-09-24 16:28:20,471 INFO  server.RaftServerConfigKeys (ConfUtils.java:logGet(43)) - raft.server.storage.dir = [/workdir/ratis-test/target/test/data/b6eb8de1/MiniRaftClusterWithNettyd6d0e6b/s0] (custom)
2019-09-24 16:28:20,471 INFO  logging.LoggingHandler (AbstractInternalLogger.java:log(150)) - [id: 0xafd7c676] REGISTERED
2019-09-24 16:28:20,472 INFO  impl.RaftServerProxy (RaftServerProxy.java:lambda$null$0(191)) - s0: found a subdirectory /workdir/ratis-test/target/test/data/b6eb8de1/MiniRaftClusterWithNettyd6d0e6b/s0/942b2eed-32ee-4fda-8e6c-15e8991a274d
2019-09-24 16:28:20,472 INFO  logging.LoggingHandler (AbstractInternalLogger.java:log(150)) - [id: 0xafd7c676] BIND: 0.0.0.0/0.0.0.0:37436
2019-09-24 16:28:20,472 INFO  logging.LoggingHandler (AbstractInternalLogger.java:log(150)) - [id: 0xafd7c676, L:/0.0.0.0:37436] ACTIVE
2019-09-24 16:28:20,472 INFO  impl.RaftServerProxy (RaftServerProxy.java:addNew(89)) - s0: addNew group-15E8991A274D:[s0:0.0.0.0:37436] returns group-15E8991A274D:java.util.concurrent.CompletableFuture@724a6156[Not completed]
2019-09-24 16:28:20,474 INFO  server.RaftServerConfigKeys (ConfUtils.java:logGet(43)) - raft.server.log.segment.size.max = 8MB (=8388608) (default)
2019-09-24 16:28:20,474 INFO  server.RaftServerConfigKeys (ConfUtils.java:logGet(43)) - raft.server.log.preallocated.size = 4MB (=4194304) (default)
2019-09-24 16:28:20,474 INFO  server.RaftServerConfigKeys (ConfUtils.java:logGet(43)) - raft.server.log.write.buffer.size = 64KB (=65536) (default)
2019-09-24 16:28:20,475 INFO  impl.RaftServerImpl (RaftServerImpl.java:<init>(95)) - s0: new RaftServerImpl for group-15E8991A274D:[s0:0.0.0.0:37436] with SimpleStateMachine4Testing:uninitialized
2019-09-24 16:28:20,475 INFO  server.RaftServerConfigKeys (ConfUtils.java:logGet(43)) - raft.server.rpc.timeout.min = 150ms (default)
2019-09-24 16:28:20,475 INFO  ratis.MiniRaftCluster (MiniRaftCluster.java:start(287)) - .............................................................. 
2019-09-24 16:28:20,475 INFO  ratis.MiniRaftCluster (MiniRaftCluster.java:start(288)) - ... 
2019-09-24 16:28:20,475 INFO  server.RaftServerConfigKeys (ConfUtils.java:logGet(43)) - raft.server.rpc.timeout.max = 300ms (default)
2019-09-24 16:28:20,476 INFO  ratis.MiniRaftCluster (MiniRaftCluster.java:start(289)) - ...     Starting MiniRaftClusterWithNetty
2019-09-24 16:28:20,476 INFO  ratis.MiniRaftCluster (MiniRaftCluster.java:start(290)) - ... 
2019-09-24 16:28:20,476 INFO  ratis.MiniRaftCluster (MiniRaftCluster.java:start(291)) - .............................................................. 
2019-09-24 16:28:20,476 INFO  server.RaftServerConfigKeys (ConfUtils.java:logGet(43)) - raft.server.rpcslowness.timeout = 60s (default)
2019-09-24 16:28:20,476 INFO  ratis.MiniRaftCluster (MiniRaftCluster.java:initServers(265)) - servers = {s0=s0:      NEW group-15E8991A274D:java.util.concurrent.CompletableFuture@724a6156[Not completed]}
2019-09-24 16:28:20,477 INFO  server.RaftServerConfigKeys (ConfUtils.java:logGet(43)) - raft.server.sleep.deviation.threshold = 300 (default)
2019-09-24 16:28:20,477 INFO  server.RaftServerConfigKeys (ConfUtils.java:logGet(43)) - raft.server.log.appender.install.snapshot.enabled = true (default)
2019-09-24 16:28:20,477 INFO  impl.RaftServerImpl (ServerState.java:<init>(103)) - s0@group-15E8991A274D: ConfigurationManager, init=-1: [s0:0.0.0.0:37436], old=null, confs=<EMPTY_MAP>
2019-09-24 16:28:20,477 INFO  server.RaftServerConfigKeys (ConfUtils.java:logGet(43)) - raft.server.storage.dir = [/workdir/ratis-test/target/test/data/b6eb8de1/MiniRaftClusterWithNettyd6d0e6b/s0] (custom)
2019-09-24 16:28:20,478 INFO  server.RaftServerConfigKeys (ConfUtils.java:logGet(43)) - raft.server.log.corruption.policy = EXCEPTION (default)
2019-09-24 16:28:20,486 INFO  storage.RaftStorageDirectory (RaftStorageDirectory.java:tryLock(328)) - Lock on /workdir/ratis-test/target/test/data/b6eb8de1/MiniRaftClusterWithNettyd6d0e6b/s0/942b2eed-32ee-4fda-8e6c-15e8991a274d/in_use.lock acquired by nodename 722@ratis-test-vphbd-3564017154
2019-09-24 16:28:20,487 INFO  statemachine.SimpleStateMachine4Testing (SimpleStateMachine4Testing.java:initialize(206)) - Initializing SimpleStateMachine4Testing:uninitialized
2019-09-24 16:28:20,488 INFO  statemachine.SimpleStateMachine4Testing (SimpleStateMachine4Testing.java:loadSnapshot(300)) - Loading snapshot (t:1, i:37):[/workdir/ratis-test/target/test/data/b6eb8de1/MiniRaftClusterWithNettyd6d0e6b/s0/942b2eed-32ee-4fda-8e6c-15e8991a274d/sm/snapshot.1_37]
2019-09-24 16:28:20,489 INFO  statemachine.SimpleStateMachine4Testing (SimpleStateMachine4Testing.java:put(198)) - s0: put 1, m0 -> (t:1, i:1), STATEMACHINELOGENTRY, client-F669849EF10E, cid=19
2019-09-24 16:28:20,489 INFO  statemachine.SimpleStateMachine4Testing (SimpleStateMachine4Testing.java:put(198)) - s0: put 3, m1 -> (t:1, i:3), STATEMACHINELOGENTRY, client-F669849EF10E, cid=20
2019-09-24 16:28:20,489 INFO  statemachine.SimpleStateMachine4Testing (SimpleStateMachine4Testing.java:put(198)) - s0: put 5, m2 -> (t:1, i:5), STATEMACHINELOGENTRY, client-F669849EF10E, cid=21
2019-09-24 16:28:20,490 INFO  statemachine.SimpleStateMachine4Testing (SimpleStateMachine4Testing.java:put(198)) - s0: put 7, m3 -> (t:1, i:7), STATEMACHINELOGENTRY, client-F669849EF10E, cid=22
2019-09-24 16:28:20,490 INFO  statemachine.SimpleStateMachine4Testing (SimpleStateMachine4Testing.java:put(198)) - s0: put 9, m4 -> (t:1, i:9), STATEMACHINELOGENTRY, client-F669849EF10E, cid=23
2019-09-24 16:28:20,490 INFO  statemachine.SimpleStateMachine4Testing (SimpleStateMachine4Testing.java:put(198)) - s0: put 11, m5 -> (t:1, i:11), STATEMACHINELOGENTRY, client-F669849EF10E, cid=24
2019-09-24 16:28:20,491 INFO  statemachine.SimpleStateMachine4Testing (SimpleStateMachine4Testing.java:put(198)) - s0: put 13, m6 -> (t:1, i:13), STATEMACHINELOGENTRY, client-F669849EF10E, cid=25
2019-09-24 16:28:20,491 INFO  statemachine.SimpleStateMachine4Testing (SimpleStateMachine4Testing.java:put(198)) - s0: put 15, m7 -> (t:1, i:15), STATEMACHINELOGENTRY, client-F669849EF10E, cid=26
2019-09-24 16:28:20,491 INFO  statemachine.SimpleStateMachine4Testing (SimpleStateMachine4Testing.java:put(198)) - s0: put 17, m8 -> (t:1, i:17), STATEMACHINELOGENTRY, client-F669849EF10E, cid=27
2019-09-24 16:28:20,491 INFO  statemachine.SimpleStateMachine4Testing (SimpleStateMachine4Testing.java:put(198)) - s0: put 19, m9 -> (t:1, i:19), STATEMACHINELOGENTRY, client-F669849EF10E, cid=28
2019-09-24 16:28:20,492 INFO  statemachine.SimpleStateMachine4Testing (SimpleStateMachine4Testing.java:put(198)) - s0: put 21, m10 -> (t:1, i:21), STATEMACHINELOGENTRY, client-F669849EF10E, cid=29
2019-09-24 16:28:20,492 INFO  statemachine.SimpleStateMachine4Testing (SimpleStateMachine4Testing.java:put(198)) - s0: put 23, m11 -> (t:1, i:23), STATEMACHINELOGENTRY, client-F669849EF10E, cid=30
2019-09-24 16:28:20,492 INFO  statemachine.SimpleStateMachine4Testing (SimpleStateMachine4Testing.java:put(198)) - s0: put 25, m12 -> (t:1, i:25), STATEMACHINELOGENTRY, client-F669849EF10E, cid=31
2019-09-24 16:28:20,492 INFO  statemachine.SimpleStateMachine4Testing (SimpleStateMachine4Testing.java:put(198)) - s0: put 27, m13 -> (t:1, i:27), STATEMACHINELOGENTRY, client-F669849EF10E, cid=32
2019-09-24 16:28:20,493 INFO  statemachine.SimpleStateMachine4Testing (SimpleStateMachine4Testing.java:put(198)) - s0: put 29, m14 -> (t:1, i:29), STATEMACHINELOGENTRY, client-F669849EF10E, cid=33
2019-09-24 16:28:20,493 INFO  statemachine.SimpleStateMachine4Testing (SimpleStateMachine4Testing.java:put(198)) - s0: put 31, m15 -> (t:1, i:31), STATEMACHINELOGENTRY, client-F669849EF10E, cid=34
2019-09-24 16:28:20,493 INFO  statemachine.SimpleStateMachine4Testing (SimpleStateMachine4Testing.java:put(198)) - s0: put 33, m16 -> (t:1, i:33), STATEMACHINELOGENTRY, client-F669849EF10E, cid=35
2019-09-24 16:28:20,494 INFO  statemachine.SimpleStateMachine4Testing (SimpleStateMachine4Testing.java:put(198)) - s0: put 35, m17 -> (t:1, i:35), STATEMACHINELOGENTRY, client-F669849EF10E, cid=36
2019-09-24 16:28:20,494 INFO  statemachine.SimpleStateMachine4Testing (SimpleStateMachine4Testing.java:put(198)) - s0: put 37, m18 -> (t:1, i:37), STATEMACHINELOGENTRY, client-F669849EF10E, cid=37
2019-09-24 16:28:20,495 INFO  impl.RaftServerImpl (ServerState.java:setRaftConf(355)) - s0@group-15E8991A274D: set configuration 0: [s0:0.0.0.0:37436], old=null at 0
2019-09-24 16:28:20,495 INFO  server.RaftServerConfigKeys (ConfUtils.java:logGet(43)) - raft.server.notification.no-leader.timeout = 60s (default)
2019-09-24 16:28:20,496 INFO  server.RaftServerConfigKeys (ConfUtils.java:logGet(43)) - raft.server.log.use.memory = false (default)
2019-09-24 16:28:20,496 INFO  server.RaftServerConfigKeys (ConfUtils.java:logGet(43)) - raft.server.log.purge.gap = 1024 (default)
2019-09-24 16:28:20,496 INFO  server.RaftServerConfigKeys (ConfUtils.java:logGet(43)) - raft.server.log.appender.buffer.byte-limit = 4MB (=4194304) (default)
2019-09-24 16:28:20,496 INFO  server.RaftServerConfigKeys (ConfUtils.java:logGet(43)) - raft.server.log.segment.size.max = 8MB (=8388608) (default)
2019-09-24 16:28:20,496 INFO  server.RaftServerConfigKeys (ConfUtils.java:logGet(43)) - raft.server.log.segment.cache.num.max = 6 (default)
2019-09-24 16:28:20,497 INFO  segmented.SegmentedRaftLogWorker (SegmentedRaftLogWorker.java:<init>(172)) - new s0@group-15E8991A274D-SegmentedRaftLogWorker for RaftStorage:Storage Directory /workdir/ratis-test/target/test/data/b6eb8de1/MiniRaftClusterWithNettyd6d0e6b/s0/942b2eed-32ee-4fda-8e6c-15e8991a274d
2019-09-24 16:28:20,497 INFO  server.RaftServerConfigKeys (ConfUtils.java:logGet(43)) - raft.server.log.queue.byte-limit = 64MB (=67108864) (default)
2019-09-24 16:28:20,497 INFO  server.RaftServerConfigKeys (ConfUtils.java:logGet(43)) - raft.server.log.queue.element-limit = 4096 (default)
2019-09-24 16:28:20,497 INFO  server.RaftServerConfigKeys (ConfUtils.java:logGet(43)) - raft.server.log.segment.size.max = 8MB (=8388608) (default)
2019-09-24 16:28:20,497 INFO  server.RaftServerConfigKeys (ConfUtils.java:logGet(43)) - raft.server.log.preallocated.size = 4MB (=4194304) (default)
2019-09-24 16:28:20,498 INFO  server.RaftServerConfigKeys (ConfUtils.java:logGet(43)) - raft.server.log.write.buffer.size = 64KB (=65536) (default)
2019-09-24 16:28:20,498 INFO  server.RaftServerConfigKeys (ConfUtils.java:logGet(43)) - raft.server.log.force.sync.num = 128 (default)
2019-09-24 16:28:20,498 INFO  server.RaftServerConfigKeys (ConfUtils.java:logGet(43)) - raft.server.log.statemachine.data.sync = true (default)
2019-09-24 16:28:20,498 INFO  server.RaftServerConfigKeys (ConfUtils.java:logGet(43)) - raft.server.log.statemachine.data.sync.timeout = 10s (default)
2019-09-24 16:28:20,498 INFO  server.RaftServerConfigKeys (ConfUtils.java:logGet(43)) - raft.server.log.statemachine.data.sync.timeout.retry = -1 (default)
2019-09-24 16:28:20,498 INFO  server.RaftServerConfigKeys (ConfUtils.java:logGet(43)) - raft.server.log.statemachine.data.caching.enabled = false (default)
2019-09-24 16:28:20,499 INFO  segmented.SegmentedRaftLogWorker (SegmentedRaftLogWorker.java:lambda$new$0(132)) - s0@group-15E8991A274D-SegmentedRaftLogWorker: flushIndex: setUnconditionally 0 -> 37
2019-09-24 16:28:20,499 INFO  server.RaftServerConfigKeys (ConfUtils.java:logGet(43)) - raft.server.snapshot.auto.trigger.enabled = true (custom)
2019-09-24 16:28:20,500 INFO  server.RaftServerConfigKeys (ConfUtils.java:logGet(43)) - raft.server.snapshot.auto.trigger.threshold = 10 (custom)
2019-09-24 16:28:20,500 INFO  server.RaftServerConfigKeys (ConfUtils.java:logGet(43)) - raft.server.snapshot.retention.file.num = -1 (default)
2019-09-24 16:28:20,500 INFO  server.RaftServerConfigKeys (ConfUtils.java:logGet(43)) - raft.server.retrycache.expirytime = 60s (default)
2019-09-24 16:28:20,501 INFO  impl.RaftServerImpl (RaftServerImpl.java:start(181)) - s0@group-15E8991A274D: start as a follower, conf=0: [s0:0.0.0.0:37436], old=null
2019-09-24 16:28:20,501 INFO  impl.RaftServerImpl (RaftServerImpl.java:setRole(170)) - s0@group-15E8991A274D: changes role from      null to FOLLOWER at term 1 for startAsFollower
2019-09-24 16:28:20,501 INFO  impl.RoleInfo (RoleInfo.java:updateAndGet(143)) - s0: start FollowerState
2019-09-24 16:28:20,502 INFO  util.JmxRegister (JmxRegister.java:tryRegister(44)) - Successfully registered JMX Bean with object name Ratis:service=RaftServer,group=group-15E8991A274D,id=s0
2019-09-24 16:28:20,503 INFO  impl.RaftServerProxy (RaftServerProxy.java:lambda$start$3(299)) - s0: start RPC server
2019-09-24 16:28:20,503 INFO  server.RaftServerConfigKeys (ConfUtils.java:logGet(43)) - raft.server.rpc.timeout.max = 300ms (default)
2019-09-24 16:28:20,504 INFO  ratis.RaftTestUtil (RaftTestUtil.java:waitForLeader(86)) - printing ALL groups
  s0:  RUNNING  FOLLOWER s0@group-15E8991A274D:t1, leader=null, voted=s0, raftlog=s0@group-15E8991A274D-SegmentedRaftLog:OPENED:c37,f37,i0, conf=0: [s0:0.0.0.0:37436], old=null RUNNING
2019-09-24 16:28:20,504 WARN  ratis.RaftTestUtil (JavaUtils.java:attempt(158)) - FAILED "waitForLeader-null-(expectLeader? true)", attempt #1/100: java.lang.IllegalStateException: No leader yet : printing ALL groups
  s0:  RUNNING  FOLLOWER s0@group-15E8991A274D:t1, leader=null, voted=s0, raftlog=s0@group-15E8991A274D-SegmentedRaftLog:OPENED:c37,f37,i0, conf=0: [s0:0.0.0.0:37436], old=null RUNNING, sleep 450ms and then retry.
java.lang.IllegalStateException: No leader yet : printing ALL groups
  s0:  RUNNING  FOLLOWER s0@group-15E8991A274D:t1, leader=null, voted=s0, raftlog=s0@group-15E8991A274D-SegmentedRaftLog:OPENED:c37,f37,i0, conf=0: [s0:0.0.0.0:37436], old=null RUNNING
	at org.apache.ratis.MiniRaftCluster.newIllegalStateExceptionForNoLeaders(MiniRaftCluster.java:506)
	at org.apache.ratis.RaftTestUtil.lambda$waitForLeader$1(RaftTestUtil.java:90)
	at org.apache.ratis.MiniRaftCluster.getLeader(MiniRaftCluster.java:539)
	at org.apache.ratis.MiniRaftCluster.getLeader(MiniRaftCluster.java:532)
	at org.apache.ratis.RaftTestUtil.lambda$waitForLeader$3(RaftTestUtil.java:98)
	at org.apache.ratis.util.JavaUtils.attempt(JavaUtils.java:152)
	at org.apache.ratis.RaftTestUtil.waitForLeader(RaftTestUtil.java:97)
	at org.apache.ratis.RaftTestUtil.waitForLeader(RaftTestUtil.java:77)
	at org.apache.ratis.RaftTestUtil.waitForLeader(RaftTestUtil.java:72)
	at org.apache.ratis.statemachine.RaftSnapshotBaseTest.assertLeaderContent(RaftSnapshotBaseTest.java:74)
	at org.apache.ratis.statemachine.RaftSnapshotBaseTest.testBasicInstallSnapshot(RaftSnapshotBaseTest.java:203)
	at sun.reflect.NativeMethodAccessorImpl.invoke0(Native Method)
	at sun.reflect.NativeMethodAccessorImpl.invoke(NativeMethodAccessorImpl.java:62)
	at sun.reflect.DelegatingMethodAccessorImpl.invoke(DelegatingMethodAccessorImpl.java:43)
	at java.lang.reflect.Method.invoke(Method.java:498)
	at org.junit.runners.model.FrameworkMethod$1.runReflectiveCall(FrameworkMethod.java:50)
	at org.junit.internal.runners.model.ReflectiveCallable.run(ReflectiveCallable.java:12)
	at org.junit.runners.model.FrameworkMethod.invokeExplosively(FrameworkMethod.java:47)
	at org.junit.internal.runners.statements.InvokeMethod.evaluate(InvokeMethod.java:17)
	at org.junit.internal.runners.statements.RunBefores.evaluate(RunBefores.java:26)
	at org.junit.internal.runners.statements.RunAfters.evaluate(RunAfters.java:27)
	at org.junit.internal.runners.statements.FailOnTimeout$CallableStatement.call(FailOnTimeout.java:298)
	at org.junit.internal.runners.statements.FailOnTimeout$CallableStatement.call(FailOnTimeout.java:292)
	at java.util.concurrent.FutureTask.run(FutureTask.java:266)
	at java.lang.Thread.run(Thread.java:748)
2019-09-24 16:28:20,662 INFO  impl.FollowerState (FollowerState.java:run(108)) - s0@group-15E8991A274D-FollowerState: change to CANDIDATE, lastRpcTime:160ms, electionTimeout:160ms
2019-09-24 16:28:20,663 INFO  impl.RoleInfo (RoleInfo.java:shutdownFollowerState(121)) - s0: shutdown FollowerState
2019-09-24 16:28:20,663 INFO  impl.RaftServerImpl (RaftServerImpl.java:setRole(170)) - s0@group-15E8991A274D: changes role from  FOLLOWER to CANDIDATE at term 1 for changeToCandidate
2019-09-24 16:28:20,663 INFO  impl.RoleInfo (RoleInfo.java:updateAndGet(143)) - s0: start LeaderElection
2019-09-24 16:28:20,752 INFO  impl.LeaderElection (LeaderElection.java:askForVotes(178)) - s0@group-15E8991A274D-LeaderElection4: begin an election at term 2 for 0: [s0:0.0.0.0:37436], old=null
2019-09-24 16:28:20,752 INFO  impl.RoleInfo (RoleInfo.java:shutdownLeaderElection(134)) - s0: shutdown LeaderElection
2019-09-24 16:28:20,752 INFO  impl.RaftServerImpl (RaftServerImpl.java:setRole(170)) - s0@group-15E8991A274D: changes role from CANDIDATE to LEADER at term 2 for changeToLeader
2019-09-24 16:28:20,753 INFO  impl.RaftServerImpl (ServerState.java:setLeader(254)) - s0@group-15E8991A274D: change Leader from null to s0 at term 2 for becomeLeader, leader elected after 257ms
2019-09-24 16:28:20,753 INFO  server.RaftServerConfigKeys (ConfUtils.java:logGet(43)) - raft.server.staging.catchup.gap = 1000 (default)
2019-09-24 16:28:20,753 INFO  server.RaftServerConfigKeys (ConfUtils.java:logGet(43)) - raft.server.rpc.sleep.time = 25ms (default)
2019-09-24 16:28:20,753 INFO  server.RaftServerConfigKeys (ConfUtils.java:logGet(43)) - raft.server.write.element-limit = 4096 (default)
2019-09-24 16:28:20,754 INFO  server.RaftServerConfigKeys (ConfUtils.java:logGet(43)) - raft.server.watch.timeout = 10s (default)
2019-09-24 16:28:20,754 INFO  server.RaftServerConfigKeys (ConfUtils.java:logGet(43)) - raft.server.watch.timeout.denomination = 1s (default)
2019-09-24 16:28:20,754 INFO  server.RaftServerConfigKeys (ConfUtils.java:logGet(43)) - raft.server.watch.element-limit = 65536 (default)
2019-09-24 16:28:20,754 INFO  impl.RoleInfo (RoleInfo.java:updateAndGet(143)) - s0: start LeaderState
2019-09-24 16:28:20,755 DEBUG raftlog.RaftLog (SegmentedRaftLog.java:appendImpl(425)) - truncateIndex=-1, arrayIndex=0
2019-09-24 16:28:20,755 INFO  segmented.SegmentedRaftLogWorker (SegmentedRaftLogWorker.java:startLogSegment(380)) - s0@group-15E8991A274D-SegmentedRaftLogWorker: Starting segment from index:38
2019-09-24 16:28:20,756 INFO  impl.RaftServerImpl (ServerState.java:setRaftConf(355)) - s0@group-15E8991A274D: set configuration 38: [s0:0.0.0.0:37436], old=null at 38
2019-09-24 16:28:20,955 INFO  ratis.RaftTestUtil (RaftTestUtil.java:waitForLeader(101)) - printing ALL groups
  s0:  RUNNING    LEADER s0@group-15E8991A274D:t2, leader=s0, voted=s0, raftlog=s0@group-15E8991A274D-SegmentedRaftLog:OPENED:c37,f37,i38, conf=38: [s0:0.0.0.0:37436], old=null RUNNING
2019-09-24 16:28:20,956 INFO  ratis.MiniRaftCluster (MiniRaftCluster.java:shutdown(700)) - ************************************************************** 
2019-09-24 16:28:20,956 INFO  ratis.MiniRaftCluster (MiniRaftCluster.java:shutdown(701)) - *** 
2019-09-24 16:28:20,956 INFO  ratis.MiniRaftCluster (MiniRaftCluster.java:shutdown(702)) - ***     Stopping MiniRaftClusterWithNetty
2019-09-24 16:28:20,956 INFO  ratis.MiniRaftCluster (MiniRaftCluster.java:shutdown(703)) - *** 
2019-09-24 16:28:20,957 INFO  ratis.MiniRaftCluster (MiniRaftCluster.java:shutdown(704)) - ************************************************************** 
2019-09-24 16:28:20,957 INFO  ratis.MiniRaftCluster (MiniRaftCluster.java:shutdown(705)) - printing ALL groups
  s0:  RUNNING    LEADER s0@group-15E8991A274D:t2, leader=s0, voted=s0, raftlog=s0@group-15E8991A274D-SegmentedRaftLog:OPENED:c37,f37,i38, conf=38: [s0:0.0.0.0:37436], old=null RUNNING
2019-09-24 16:28:20,958 INFO  impl.RaftServerProxy (RaftServerProxy.java:lambda$close$4(314)) - s0: close
2019-09-24 16:28:20,959 INFO  impl.RaftServerImpl (RaftServerImpl.java:lambda$shutdown$3(247)) - s0@group-15E8991A274D: shutdown
2019-09-24 16:28:20,959 INFO  util.JmxRegister (JmxRegister.java:unregister(73)) - Successfully un-registered JMX Bean with object name Ratis:service=RaftServer,group=group-15E8991A274D,id=s0
2019-09-24 16:28:20,960 INFO  impl.RoleInfo (RoleInfo.java:shutdownLeaderState(104)) - s0: shutdown LeaderState
2019-09-24 16:28:20,960 INFO  impl.PendingRequests (PendingRequests.java:sendNotLeaderResponses(202)) - s0@group-15E8991A274D-PendingRequests: sendNotLeaderResponses
2019-09-24 16:28:20,960 INFO  impl.StateMachineUpdater (StateMachineUpdater.java:stopAndJoin(136)) - s0@group-15E8991A274D-StateMachineUpdater: set stopIndex = 37
2019-09-24 16:28:20,961 INFO  impl.RaftServerImpl (ServerState.java:close(386)) - s0@group-15E8991A274D: closes. applyIndex: 37
2019-09-24 16:28:25,824 WARN  segmented.SegmentedRaftLogOutputStream (SegmentedRaftLogOutputStream.java:<init>(77)) - Hit IOException while creating log segment /workdir/ratis-test/target/test/data/b6eb8de1/MiniRaftClusterWithNettyd6d0e6b/s0/942b2eed-32ee-4fda-8e6c-15e8991a274d/current/log_inprogress_38, delete the partial file.
2019-09-24 16:28:25,825 TRACE util.FileUtils (FileUtils.java:deleteFully(88)) - deleteFully /workdir/ratis-test/target/test/data/b6eb8de1/MiniRaftClusterWithNettyd6d0e6b/s0/942b2eed-32ee-4fda-8e6c-15e8991a274d/current/log_inprogress_38
2019-09-24 16:28:25,828 TRACE util.FileUtils (LogUtils.java:runAndLog(61)) - Successfully ran Files.delete /workdir/ratis-test/target/test/data/b6eb8de1/MiniRaftClusterWithNettyd6d0e6b/s0/942b2eed-32ee-4fda-8e6c-15e8991a274d/current/log_inprogress_38
2019-09-24 16:28:25,828 INFO  segmented.SegmentedRaftLogWorker (SegmentedRaftLogWorker.java:close(228)) - s0@group-15E8991A274D-SegmentedRaftLogWorker close()
2019-09-24 16:28:25,830 INFO  logging.LoggingHandler (AbstractInternalLogger.java:log(150)) - [id: 0xafd7c676, L:/0.0.0.0:37436] UNREGISTERED
2019-09-24 16:28:25,832 INFO  ratis.MiniRaftCluster (MiniRaftCluster.java:shutdown(722)) - MiniRaftClusterWithNetty shutdown completed
2019-09-24 16:28:25,832 INFO  ratis.MiniRaftCluster (MiniRaftCluster.java:shutdown(700)) - ************************************************************** 
2019-09-24 16:28:25,833 INFO  ratis.MiniRaftCluster (MiniRaftCluster.java:shutdown(701)) - *** 
2019-09-24 16:28:25,833 INFO  ratis.MiniRaftCluster (MiniRaftCluster.java:shutdown(702)) - ***     Stopping MiniRaftClusterWithNetty
2019-09-24 16:28:25,833 INFO  ratis.MiniRaftCluster (MiniRaftCluster.java:shutdown(703)) - *** 
2019-09-24 16:28:25,833 INFO  ratis.MiniRaftCluster (MiniRaftCluster.java:shutdown(704)) - ************************************************************** 
2019-09-24 16:28:25,833 INFO  ratis.MiniRaftCluster (MiniRaftCluster.java:shutdown(705)) - printing ALL groups
  s0:   CLOSED    LEADER s0@group-15E8991A274D:t2, leader=s0, voted=s0, raftlog=s0@group-15E8991A274D-SegmentedRaftLog:CLOSED:c37, conf=38: [s0:0.0.0.0:37436], old=null CLOSED
2019-09-24 16:28:25,835 INFO  ratis.MiniRaftCluster (MiniRaftCluster.java:shutdown(722)) - MiniRaftClusterWithNetty shutdown completed
]]></system-out>
  </testcase>
</testsuite>