<?xml version="1.0" encoding="UTF-8"?>
<testsuite xmlns:xsi="http://www.w3.org/2001/XMLSchema-instance" xsi:noNamespaceSchemaLocation="https://maven.apache.org/surefire/maven-surefire-plugin/xsd/surefire-test-report.xsd" name="org.apache.ratis.grpc.TestRaftAsyncWithGrpc" time="196.032" tests="12" errors="2" skipped="0" failures="0">
  <properties>
    <property name="awt.toolkit" value="sun.awt.X11.XToolkit"/>
    <property name="file.encoding.pkg" value="sun.io"/>
    <property name="java.specification.version" value="1.8"/>
    <property name="sun.cpu.isalist" value=""/>
    <property name="sun.jnu.encoding" value="UTF-8"/>
    <property name="java.class.path" value="/workdir/ratis-test/target/test-classes:/workdir/ratis-test/target/classes:/workdir/ratis-common/target/classes:/home/user/.m2/repository/org/apache/ratis/ratis-thirdparty-misc/0.2.0/ratis-thirdparty-misc-0.2.0.jar:/workdir/ratis-proto/target/ratis-proto-0.5.0-SNAPSHOT.jar:/home/user/.m2/repository/org/slf4j/slf4j-log4j12/1.7.10/slf4j-log4j12-1.7.10.jar:/home/user/.m2/repository/log4j/log4j/1.2.17/log4j-1.2.17.jar:/workdir/ratis-common/target/test-classes:/workdir/ratis-client/target/classes:/workdir/ratis-server/target/classes:/workdir/ratis-metrics/target/classes:/home/user/.m2/repository/io/dropwizard/metrics/metrics-core/3.2.5/metrics-core-3.2.5.jar:/home/user/.m2/repository/com/github/joshelser/dropwizard-metrics-hadoop-metrics2-reporter/0.1.2/dropwizard-metrics-hadoop-metrics2-reporter-0.1.2.jar:/home/user/.m2/repository/org/apache/hadoop/hadoop-common/2.6.0/hadoop-common-2.6.0.jar:/home/user/.m2/repository/org/apache/hadoop/hadoop-annotations/2.6.0/hadoop-annotations-2.6.0.jar:/usr/lib/jvm/java-1.8-openjdk/jre/../lib/tools.jar:/home/user/.m2/repository/com/google/guava/guava/11.0.2/guava-11.0.2.jar:/home/user/.m2/repository/commons-cli/commons-cli/1.2/commons-cli-1.2.jar:/home/user/.m2/repository/org/apache/commons/commons-math3/3.1.1/commons-math3-3.1.1.jar:/home/user/.m2/repository/xmlenc/xmlenc/0.52/xmlenc-0.52.jar:/home/user/.m2/repository/commons-httpclient/commons-httpclient/3.1/commons-httpclient-3.1.jar:/home/user/.m2/repository/commons-codec/commons-codec/1.4/commons-codec-1.4.jar:/home/user/.m2/repository/commons-io/commons-io/2.4/commons-io-2.4.jar:/home/user/.m2/repository/commons-net/commons-net/3.1/commons-net-3.1.jar:/home/user/.m2/repository/commons-collections/commons-collections/3.2.1/commons-collections-3.2.1.jar:/home/user/.m2/repository/javax/servlet/servlet-api/2.5/servlet-api-2.5.jar:/home/user/.m2/repository/org/mortbay/jetty/jetty/6.1.26/jetty-6.1.26.jar:/home/user/.m2/repository/org/mortbay/jetty/jetty-util/6.1.26/jetty-util-6.1.26.jar:/home/user/.m2/repository/com/sun/jersey/jersey-core/1.9/jersey-core-1.9.jar:/home/user/.m2/repository/com/sun/jersey/jersey-json/1.9/jersey-json-1.9.jar:/home/user/.m2/repository/org/codehaus/jettison/jettison/1.1/jettison-1.1.jar:/home/user/.m2/repository/com/sun/xml/bind/jaxb-impl/2.2.3-1/jaxb-impl-2.2.3-1.jar:/home/user/.m2/repository/javax/xml/bind/jaxb-api/2.2.2/jaxb-api-2.2.2.jar:/home/user/.m2/repository/javax/xml/stream/stax-api/1.0-2/stax-api-1.0-2.jar:/home/user/.m2/repository/javax/activation/activation/1.1/activation-1.1.jar:/home/user/.m2/repository/org/codehaus/jackson/jackson-jaxrs/1.8.3/jackson-jaxrs-1.8.3.jar:/home/user/.m2/repository/org/codehaus/jackson/jackson-xc/1.8.3/jackson-xc-1.8.3.jar:/home/user/.m2/repository/com/sun/jersey/jersey-server/1.9/jersey-server-1.9.jar:/home/user/.m2/repository/asm/asm/3.1/asm-3.1.jar:/home/user/.m2/repository/tomcat/jasper-compiler/5.5.23/jasper-compiler-5.5.23.jar:/home/user/.m2/repository/tomcat/jasper-runtime/5.5.23/jasper-runtime-5.5.23.jar:/home/user/.m2/repository/javax/servlet/jsp/jsp-api/2.1/jsp-api-2.1.jar:/home/user/.m2/repository/commons-el/commons-el/1.0/commons-el-1.0.jar:/home/user/.m2/repository/commons-logging/commons-logging/1.1.3/commons-logging-1.1.3.jar:/home/user/.m2/repository/net/java/dev/jets3t/jets3t/0.9.0/jets3t-0.9.0.jar:/home/user/.m2/repository/org/apache/httpcomponents/httpclient/4.1.2/httpclient-4.1.2.jar:/home/user/.m2/repository/org/apache/httpcomponents/httpcore/4.1.2/httpcore-4.1.2.jar:/home/user/.m2/repository/com/jamesmurty/utils/java-xmlbuilder/0.4/java-xmlbuilder-0.4.jar:/home/user/.m2/repository/commons-lang/commons-lang/2.6/commons-lang-2.6.jar:/home/user/.m2/repository/commons-configuration/commons-configuration/1.6/commons-configuration-1.6.jar:/home/user/.m2/repository/commons-digester/commons-digester/1.8/commons-digester-1.8.jar:/home/user/.m2/repository/commons-beanutils/commons-beanutils/1.7.0/commons-beanutils-1.7.0.jar:/home/user/.m2/repository/commons-beanutils/commons-beanutils-core/1.8.0/commons-beanutils-core-1.8.0.jar:/home/user/.m2/repository/org/codehaus/jackson/jackson-core-asl/1.9.13/jackson-core-asl-1.9.13.jar:/home/user/.m2/repository/org/codehaus/jackson/jackson-mapper-asl/1.9.13/jackson-mapper-asl-1.9.13.jar:/home/user/.m2/repository/org/apache/avro/avro/1.7.4/avro-1.7.4.jar:/home/user/.m2/repository/com/thoughtworks/paranamer/paranamer/2.3/paranamer-2.3.jar:/home/user/.m2/repository/org/xerial/snappy/snappy-java/1.0.4.1/snappy-java-1.0.4.1.jar:/home/user/.m2/repository/com/google/protobuf/protobuf-java/2.5.0/protobuf-java-2.5.0.jar:/home/user/.m2/repository/com/google/code/gson/gson/2.2.4/gson-2.2.4.jar:/home/user/.m2/repository/org/apache/hadoop/hadoop-auth/2.6.0/hadoop-auth-2.6.0.jar:/home/user/.m2/repository/org/apache/directory/server/apacheds-kerberos-codec/2.0.0-M15/apacheds-kerberos-codec-2.0.0-M15.jar:/home/user/.m2/repository/org/apache/directory/server/apacheds-i18n/2.0.0-M15/apacheds-i18n-2.0.0-M15.jar:/home/user/.m2/repository/org/apache/directory/api/api-asn1-api/1.0.0-M20/api-asn1-api-1.0.0-M20.jar:/home/user/.m2/repository/org/apache/directory/api/api-util/1.0.0-M20/api-util-1.0.0-M20.jar:/home/user/.m2/repository/org/apache/curator/curator-framework/2.6.0/curator-framework-2.6.0.jar:/home/user/.m2/repository/com/jcraft/jsch/0.1.42/jsch-0.1.42.jar:/home/user/.m2/repository/org/apache/curator/curator-client/2.6.0/curator-client-2.6.0.jar:/home/user/.m2/repository/org/apache/curator/curator-recipes/2.6.0/curator-recipes-2.6.0.jar:/home/user/.m2/repository/com/google/code/findbugs/jsr305/1.3.9/jsr305-1.3.9.jar:/home/user/.m2/repository/org/htrace/htrace-core/3.0.4/htrace-core-3.0.4.jar:/home/user/.m2/repository/org/apache/zookeeper/zookeeper/3.4.6/zookeeper-3.4.6.jar:/home/user/.m2/repository/io/netty/netty/3.7.0.Final/netty-3.7.0.Final.jar:/home/user/.m2/repository/org/apache/commons/commons-compress/1.4.1/commons-compress-1.4.1.jar:/home/user/.m2/repository/org/tukaani/xz/1.0/xz-1.0.jar:/home/user/.m2/repository/io/dropwizard/metrics/metrics-jvm/3.2.5/metrics-jvm-3.2.5.jar:/home/user/.m2/repository/io/dropwizard/metrics/metrics-ganglia/3.2.5/metrics-ganglia-3.2.5.jar:/home/user/.m2/repository/info/ganglia/gmetric4j/gmetric4j/1.0.7/gmetric4j-1.0.7.jar:/workdir/ratis-server/target/test-classes:/workdir/ratis-netty/target/classes:/workdir/ratis-netty/target/test-classes:/workdir/ratis-grpc/target/classes:/workdir/ratis-grpc/target/test-classes:/home/user/.m2/repository/org/slf4j/slf4j-api/1.7.10/slf4j-api-1.7.10.jar:/home/user/.m2/repository/junit/junit/4.12/junit-4.12.jar:/home/user/.m2/repository/org/hamcrest/hamcrest-core/1.3/hamcrest-core-1.3.jar:/home/user/.m2/repository/org/mockito/mockito-all/1.8.5/mockito-all-1.8.5.jar:"/>
    <property name="java.vm.vendor" value="IcedTea"/>
    <property name="sun.arch.data.model" value="64"/>
    <property name="java.vendor.url" value="https://icedtea.classpath.org"/>
    <property name="user.timezone" value=""/>
    <property name="java.vm.specification.version" value="1.8"/>
    <property name="os.name" value="Linux"/>
    <property name="user.country" value="US"/>
    <property name="sun.java.launcher" value="SUN_STANDARD"/>
    <property name="sun.boot.library.path" value="/usr/lib/jvm/java-1.8-openjdk/jre/lib/amd64"/>
    <property name="sun.java.command" value="/workdir/ratis-test/target/surefire/surefirebooter8875737352506009773.jar /workdir/ratis-test/target/surefire 2019-09-24T16-02-41_483-jvmRun1 surefire2765442076883798926tmp surefire_101249084086324297870tmp"/>
    <property name="surefire.test.class.path" value="/workdir/ratis-test/target/test-classes:/workdir/ratis-test/target/classes:/workdir/ratis-common/target/classes:/home/user/.m2/repository/org/apache/ratis/ratis-thirdparty-misc/0.2.0/ratis-thirdparty-misc-0.2.0.jar:/workdir/ratis-proto/target/ratis-proto-0.5.0-SNAPSHOT.jar:/home/user/.m2/repository/org/slf4j/slf4j-log4j12/1.7.10/slf4j-log4j12-1.7.10.jar:/home/user/.m2/repository/log4j/log4j/1.2.17/log4j-1.2.17.jar:/workdir/ratis-common/target/test-classes:/workdir/ratis-client/target/classes:/workdir/ratis-server/target/classes:/workdir/ratis-metrics/target/classes:/home/user/.m2/repository/io/dropwizard/metrics/metrics-core/3.2.5/metrics-core-3.2.5.jar:/home/user/.m2/repository/com/github/joshelser/dropwizard-metrics-hadoop-metrics2-reporter/0.1.2/dropwizard-metrics-hadoop-metrics2-reporter-0.1.2.jar:/home/user/.m2/repository/org/apache/hadoop/hadoop-common/2.6.0/hadoop-common-2.6.0.jar:/home/user/.m2/repository/org/apache/hadoop/hadoop-annotations/2.6.0/hadoop-annotations-2.6.0.jar:/usr/lib/jvm/java-1.8-openjdk/jre/../lib/tools.jar:/home/user/.m2/repository/com/google/guava/guava/11.0.2/guava-11.0.2.jar:/home/user/.m2/repository/commons-cli/commons-cli/1.2/commons-cli-1.2.jar:/home/user/.m2/repository/org/apache/commons/commons-math3/3.1.1/commons-math3-3.1.1.jar:/home/user/.m2/repository/xmlenc/xmlenc/0.52/xmlenc-0.52.jar:/home/user/.m2/repository/commons-httpclient/commons-httpclient/3.1/commons-httpclient-3.1.jar:/home/user/.m2/repository/commons-codec/commons-codec/1.4/commons-codec-1.4.jar:/home/user/.m2/repository/commons-io/commons-io/2.4/commons-io-2.4.jar:/home/user/.m2/repository/commons-net/commons-net/3.1/commons-net-3.1.jar:/home/user/.m2/repository/commons-collections/commons-collections/3.2.1/commons-collections-3.2.1.jar:/home/user/.m2/repository/javax/servlet/servlet-api/2.5/servlet-api-2.5.jar:/home/user/.m2/repository/org/mortbay/jetty/jetty/6.1.26/jetty-6.1.26.jar:/home/user/.m2/repository/org/mortbay/jetty/jetty-util/6.1.26/jetty-util-6.1.26.jar:/home/user/.m2/repository/com/sun/jersey/jersey-core/1.9/jersey-core-1.9.jar:/home/user/.m2/repository/com/sun/jersey/jersey-json/1.9/jersey-json-1.9.jar:/home/user/.m2/repository/org/codehaus/jettison/jettison/1.1/jettison-1.1.jar:/home/user/.m2/repository/com/sun/xml/bind/jaxb-impl/2.2.3-1/jaxb-impl-2.2.3-1.jar:/home/user/.m2/repository/javax/xml/bind/jaxb-api/2.2.2/jaxb-api-2.2.2.jar:/home/user/.m2/repository/javax/xml/stream/stax-api/1.0-2/stax-api-1.0-2.jar:/home/user/.m2/repository/javax/activation/activation/1.1/activation-1.1.jar:/home/user/.m2/repository/org/codehaus/jackson/jackson-jaxrs/1.8.3/jackson-jaxrs-1.8.3.jar:/home/user/.m2/repository/org/codehaus/jackson/jackson-xc/1.8.3/jackson-xc-1.8.3.jar:/home/user/.m2/repository/com/sun/jersey/jersey-server/1.9/jersey-server-1.9.jar:/home/user/.m2/repository/asm/asm/3.1/asm-3.1.jar:/home/user/.m2/repository/tomcat/jasper-compiler/5.5.23/jasper-compiler-5.5.23.jar:/home/user/.m2/repository/tomcat/jasper-runtime/5.5.23/jasper-runtime-5.5.23.jar:/home/user/.m2/repository/javax/servlet/jsp/jsp-api/2.1/jsp-api-2.1.jar:/home/user/.m2/repository/commons-el/commons-el/1.0/commons-el-1.0.jar:/home/user/.m2/repository/commons-logging/commons-logging/1.1.3/commons-logging-1.1.3.jar:/home/user/.m2/repository/net/java/dev/jets3t/jets3t/0.9.0/jets3t-0.9.0.jar:/home/user/.m2/repository/org/apache/httpcomponents/httpclient/4.1.2/httpclient-4.1.2.jar:/home/user/.m2/repository/org/apache/httpcomponents/httpcore/4.1.2/httpcore-4.1.2.jar:/home/user/.m2/repository/com/jamesmurty/utils/java-xmlbuilder/0.4/java-xmlbuilder-0.4.jar:/home/user/.m2/repository/commons-lang/commons-lang/2.6/commons-lang-2.6.jar:/home/user/.m2/repository/commons-configuration/commons-configuration/1.6/commons-configuration-1.6.jar:/home/user/.m2/repository/commons-digester/commons-digester/1.8/commons-digester-1.8.jar:/home/user/.m2/repository/commons-beanutils/commons-beanutils/1.7.0/commons-beanutils-1.7.0.jar:/home/user/.m2/repository/commons-beanutils/commons-beanutils-core/1.8.0/commons-beanutils-core-1.8.0.jar:/home/user/.m2/repository/org/codehaus/jackson/jackson-core-asl/1.9.13/jackson-core-asl-1.9.13.jar:/home/user/.m2/repository/org/codehaus/jackson/jackson-mapper-asl/1.9.13/jackson-mapper-asl-1.9.13.jar:/home/user/.m2/repository/org/apache/avro/avro/1.7.4/avro-1.7.4.jar:/home/user/.m2/repository/com/thoughtworks/paranamer/paranamer/2.3/paranamer-2.3.jar:/home/user/.m2/repository/org/xerial/snappy/snappy-java/1.0.4.1/snappy-java-1.0.4.1.jar:/home/user/.m2/repository/com/google/protobuf/protobuf-java/2.5.0/protobuf-java-2.5.0.jar:/home/user/.m2/repository/com/google/code/gson/gson/2.2.4/gson-2.2.4.jar:/home/user/.m2/repository/org/apache/hadoop/hadoop-auth/2.6.0/hadoop-auth-2.6.0.jar:/home/user/.m2/repository/org/apache/directory/server/apacheds-kerberos-codec/2.0.0-M15/apacheds-kerberos-codec-2.0.0-M15.jar:/home/user/.m2/repository/org/apache/directory/server/apacheds-i18n/2.0.0-M15/apacheds-i18n-2.0.0-M15.jar:/home/user/.m2/repository/org/apache/directory/api/api-asn1-api/1.0.0-M20/api-asn1-api-1.0.0-M20.jar:/home/user/.m2/repository/org/apache/directory/api/api-util/1.0.0-M20/api-util-1.0.0-M20.jar:/home/user/.m2/repository/org/apache/curator/curator-framework/2.6.0/curator-framework-2.6.0.jar:/home/user/.m2/repository/com/jcraft/jsch/0.1.42/jsch-0.1.42.jar:/home/user/.m2/repository/org/apache/curator/curator-client/2.6.0/curator-client-2.6.0.jar:/home/user/.m2/repository/org/apache/curator/curator-recipes/2.6.0/curator-recipes-2.6.0.jar:/home/user/.m2/repository/com/google/code/findbugs/jsr305/1.3.9/jsr305-1.3.9.jar:/home/user/.m2/repository/org/htrace/htrace-core/3.0.4/htrace-core-3.0.4.jar:/home/user/.m2/repository/org/apache/zookeeper/zookeeper/3.4.6/zookeeper-3.4.6.jar:/home/user/.m2/repository/io/netty/netty/3.7.0.Final/netty-3.7.0.Final.jar:/home/user/.m2/repository/org/apache/commons/commons-compress/1.4.1/commons-compress-1.4.1.jar:/home/user/.m2/repository/org/tukaani/xz/1.0/xz-1.0.jar:/home/user/.m2/repository/io/dropwizard/metrics/metrics-jvm/3.2.5/metrics-jvm-3.2.5.jar:/home/user/.m2/repository/io/dropwizard/metrics/metrics-ganglia/3.2.5/metrics-ganglia-3.2.5.jar:/home/user/.m2/repository/info/ganglia/gmetric4j/gmetric4j/1.0.7/gmetric4j-1.0.7.jar:/workdir/ratis-server/target/test-classes:/workdir/ratis-netty/target/classes:/workdir/ratis-netty/target/test-classes:/workdir/ratis-grpc/target/classes:/workdir/ratis-grpc/target/test-classes:/home/user/.m2/repository/org/slf4j/slf4j-api/1.7.10/slf4j-api-1.7.10.jar:/home/user/.m2/repository/junit/junit/4.12/junit-4.12.jar:/home/user/.m2/repository/org/hamcrest/hamcrest-core/1.3/hamcrest-core-1.3.jar:/home/user/.m2/repository/org/mockito/mockito-all/1.8.5/mockito-all-1.8.5.jar:"/>
    <property name="sun.cpu.endian" value="little"/>
    <property name="user.home" value="/home/user"/>
    <property name="user.language" value="en"/>
    <property name="java.specification.vendor" value="Oracle Corporation"/>
    <property name="java.home" value="/usr/lib/jvm/java-1.8-openjdk/jre"/>
    <property name="basedir" value="/workdir/ratis-test"/>
    <property name="file.separator" value="/"/>
    <property name="line.separator" value="&#10;"/>
    <property name="java.vm.specification.vendor" value="Oracle Corporation"/>
    <property name="java.specification.name" value="Java Platform API Specification"/>
    <property name="java.awt.graphicsenv" value="sun.awt.X11GraphicsEnvironment"/>
    <property name="surefire.real.class.path" value="/workdir/ratis-test/target/surefire/surefirebooter8875737352506009773.jar"/>
    <property name="sun.boot.class.path" value="/usr/lib/jvm/java-1.8-openjdk/jre/lib/resources.jar:/usr/lib/jvm/java-1.8-openjdk/jre/lib/rt.jar:/usr/lib/jvm/java-1.8-openjdk/jre/lib/sunrsasign.jar:/usr/lib/jvm/java-1.8-openjdk/jre/lib/jsse.jar:/usr/lib/jvm/java-1.8-openjdk/jre/lib/jce.jar:/usr/lib/jvm/java-1.8-openjdk/jre/lib/charsets.jar:/usr/lib/jvm/java-1.8-openjdk/jre/lib/jfr.jar:/usr/lib/jvm/java-1.8-openjdk/jre/classes"/>
    <property name="sun.management.compiler" value="HotSpot 64-Bit Tiered Compilers"/>
    <property name="java.runtime.version" value="1.8.0_212-b04"/>
    <property name="java.net.preferIPv4Stack" value="true"/>
    <property name="user.name" value="jenkins1000"/>
    <property name="path.separator" value=":"/>
    <property name="os.version" value="3.10.0-957.12.2.el7.x86_64"/>
    <property name="java.endorsed.dirs" value="/usr/lib/jvm/java-1.8-openjdk/jre/lib/endorsed"/>
    <property name="java.runtime.name" value="OpenJDK Runtime Environment"/>
    <property name="file.encoding" value="UTF-8"/>
    <property name="java.vm.name" value="OpenJDK 64-Bit Server VM"/>
    <property name="localRepository" value="/home/user/.m2/repository"/>
    <property name="java.vendor.url.bug" value="https://icedtea.classpath.org/bugzilla"/>
    <property name="java.io.tmpdir" value="/tmp"/>
    <property name="java.version" value="1.8.0_212"/>
    <property name="user.dir" value="/workdir/ratis-test"/>
    <property name="os.arch" value="amd64"/>
    <property name="ratis.tmp.dir" value="/workdir/ratis-test/target/tmp"/>
    <property name="java.vm.specification.name" value="Java Virtual Machine Specification"/>
    <property name="java.awt.printerjob" value="sun.print.PSPrinterJob"/>
    <property name="ratis.log.dir" value="/workdir/ratis-test/target/log"/>
    <property name="sun.os.patch.level" value="unknown"/>
    <property name="java.library.path" value="/usr/lib/jvm/java-1.8-openjdk/jre/lib/amd64/server:/usr/lib/jvm/java-1.8-openjdk/jre/lib/amd64:/usr/lib/jvm/java-1.8-openjdk/jre/../lib/amd64:/usr/java/packages/lib/amd64:/usr/lib64:/lib64:/lib:/usr/lib"/>
    <property name="java.vm.info" value="mixed mode"/>
    <property name="java.vendor" value="IcedTea"/>
    <property name="java.vm.version" value="25.212-b04"/>
    <property name="java.ext.dirs" value="/usr/lib/jvm/java-1.8-openjdk/jre/lib/ext:/usr/java/packages/lib/ext"/>
    <property name="sun.io.unicode.encoding" value="UnicodeLittle"/>
    <property name="java.class.version" value="52.0"/>
  </properties>
  <testcase name="testAsyncConfiguration" classname="org.apache.ratis.grpc.TestRaftAsyncWithGrpc" time="0.145"/>
  <testcase name="testStaleReadAsync" classname="org.apache.ratis.grpc.TestRaftAsyncWithGrpc" time="18.66"/>
  <testcase name="testStateMachineMetrics" classname="org.apache.ratis.grpc.TestRaftAsyncWithGrpc" time="3.563"/>
  <testcase name="testRequestAsyncWithRetryFailure" classname="org.apache.ratis.grpc.TestRaftAsyncWithGrpc" time="1.196"/>
  <testcase name="testBasicAppendEntriesAsyncKillLeader" classname="org.apache.ratis.grpc.TestRaftAsyncWithGrpc" time="7.148"/>
  <testcase name="testAppendEntriesTimeout" classname="org.apache.ratis.grpc.TestRaftAsyncWithGrpc" time="7.196"/>
  <testcase name="testWithLoadAsync" classname="org.apache.ratis.grpc.TestRaftAsyncWithGrpc" time="41.737"/>
  <testcase name="testRequestTimeout" classname="org.apache.ratis.grpc.TestRaftAsyncWithGrpc" time="18.059"/>
  <testcase name="testAsyncRequestSemaphore" classname="org.apache.ratis.grpc.TestRaftAsyncWithGrpc" time="34.824"/>
  <testcase name="testBasicAppendEntriesAsync" classname="org.apache.ratis.grpc.TestRaftAsyncWithGrpc" time="11.142"/>
  <testcase name="testNoRetryWaitOnNotLeaderException" classname="org.apache.ratis.grpc.TestRaftAsyncWithGrpc" time="30.034">
    <error message="test timed out after 30000 milliseconds" type="org.junit.runners.model.TestTimedOutException">org.junit.runners.model.TestTimedOutException: test timed out after 30000 milliseconds
</error>
    <system-out><![CDATA[2019-09-24 16:09:05,793 INFO  util.LogUtils (LogUtils.java:setLogLevel(41)) - Set org.apache.ratis.conf.ConfUtils log level to WARN
2019-09-24 16:09:05,793 INFO  util.LogUtils (LogUtils.java:setLogLevel(41)) - Set org.apache.ratis.util.FileUtils log level to TRACE
2019-09-24 16:09:05,794 INFO  util.LogUtils (LogUtils.java:setLogLevel(41)) - Set org.apache.ratis.server.impl.RaftServerImpl log level to DEBUG
2019-09-24 16:09:05,794 INFO  util.LogUtils (LogUtils.java:setLogLevel(41)) - Set org.apache.ratis.client.RaftClient log level to DEBUG
2019-09-24 16:09:05,796 INFO  ratis.MiniRaftCluster (MiniRaftCluster.java:<init>(253)) - new MiniRaftClusterWithGrpc with group-AFAFC3C3BFBF:[s0:0.0.0.0:37202, s1:0.0.0.0:38903, s2:0.0.0.0:37158]
2019-09-24 16:09:05,796 INFO  ratis.MiniRaftCluster (MiniRaftCluster.java:initServers(265)) - servers = {}
2019-09-24 16:09:05,796 INFO  ratis.MiniRaftCluster (MiniRaftCluster.java:newRaftServer(330)) - newRaftServer: s0, group-AFAFC3C3BFBF:[s0:0.0.0.0:37202, s1:0.0.0.0:38903, s2:0.0.0.0:37158], format? true
2019-09-24 16:09:05,796 TRACE util.FileUtils (FileUtils.java:deleteFully(88)) - deleteFully target/test/data/1eb3234a/MiniRaftClusterWithGrpc71137ee7/s0
2019-09-24 16:09:05,797 TRACE util.FileUtils (FileUtils.java:deleteFully(104)) - deleteFully: target/test/data/1eb3234a/MiniRaftClusterWithGrpc71137ee7/s0 does not exist.
2019-09-24 16:09:05,797 INFO  ratis.MiniRaftCluster (MiniRaftCluster.java:newRaftServer(335)) - Formatted directory target/test/data/1eb3234a/MiniRaftClusterWithGrpc71137ee7/s0
2019-09-24 16:09:05,797 INFO  impl.RaftServerProxy (ConfUtils.java:logGet(43)) - raft.rpc.type = GRPC (default)
2019-09-24 16:09:05,798 INFO  grpc.GrpcFactory (GrpcFactory.java:checkPooledByteBufAllocatorUseCacheForAllThreads(45)) - PERFORMANCE WARNING: useCacheForAllThreads is true that may cause Netty to create a lot garbage objects and, as a result, trigger GC.
	It is recommended to disable useCacheForAllThreads by setting -Dorg.apache.ratis.thirdparty.io.netty.allocator.useCacheForAllThreads=false in command line.
2019-09-24 16:09:05,798 INFO  grpc.GrpcConfigKeys$Server (ConfUtils.java:logGet(43)) - raft.grpc.server.port = 37202 (custom)
2019-09-24 16:09:05,798 INFO  server.GrpcService (ConfUtils.java:logGet(43)) - raft.grpc.message.size.max = 64MB (=67108864) (default)
2019-09-24 16:09:05,798 INFO  server.RaftServerConfigKeys (ConfUtils.java:logGet(43)) - raft.server.log.appender.buffer.byte-limit = 4MB (=4194304) (default)
2019-09-24 16:09:05,798 INFO  server.GrpcService (ConfUtils.java:logGet(43)) - raft.grpc.flow.control.window = 1MB (=1048576) (default)
2019-09-24 16:09:05,798 INFO  server.RaftServerConfigKeys (ConfUtils.java:logGet(43)) - raft.server.rpc.request.timeout = 3000ms (default)
2019-09-24 16:09:05,799 INFO  server.RaftServerConfigKeys (ConfUtils.java:logGet(43)) - raft.server.storage.dir = [/workdir/ratis-test/target/test/data/1eb3234a/MiniRaftClusterWithGrpc71137ee7/s0] (custom)
2019-09-24 16:09:05,800 INFO  impl.RaftServerProxy (RaftServerProxy.java:addNew(89)) - s0: addNew group-AFAFC3C3BFBF:[s0:0.0.0.0:37202, s1:0.0.0.0:38903, s2:0.0.0.0:37158] returns group-AFAFC3C3BFBF:java.util.concurrent.CompletableFuture@599808fa[Not completed]
2019-09-24 16:09:05,800 INFO  ratis.MiniRaftCluster (MiniRaftCluster.java:newRaftServer(330)) - newRaftServer: s1, group-AFAFC3C3BFBF:[s0:0.0.0.0:37202, s1:0.0.0.0:38903, s2:0.0.0.0:37158], format? true
2019-09-24 16:09:05,800 TRACE util.FileUtils (FileUtils.java:deleteFully(88)) - deleteFully target/test/data/1eb3234a/MiniRaftClusterWithGrpc71137ee7/s1
2019-09-24 16:09:05,800 INFO  server.RaftServerConfigKeys (ConfUtils.java:logGet(43)) - raft.server.log.segment.size.max = 8MB (=8388608) (default)
2019-09-24 16:09:05,800 TRACE util.FileUtils (FileUtils.java:deleteFully(104)) - deleteFully: target/test/data/1eb3234a/MiniRaftClusterWithGrpc71137ee7/s1 does not exist.
2019-09-24 16:09:05,801 INFO  ratis.MiniRaftCluster (MiniRaftCluster.java:newRaftServer(335)) - Formatted directory target/test/data/1eb3234a/MiniRaftClusterWithGrpc71137ee7/s1
2019-09-24 16:09:05,801 INFO  server.RaftServerConfigKeys (ConfUtils.java:logGet(43)) - raft.server.log.preallocated.size = 4MB (=4194304) (default)
2019-09-24 16:09:05,801 INFO  impl.RaftServerProxy (ConfUtils.java:logGet(43)) - raft.rpc.type = GRPC (default)
2019-09-24 16:09:05,801 INFO  server.RaftServerConfigKeys (ConfUtils.java:logGet(43)) - raft.server.log.write.buffer.size = 64KB (=65536) (default)
2019-09-24 16:09:05,801 INFO  grpc.GrpcFactory (GrpcFactory.java:checkPooledByteBufAllocatorUseCacheForAllThreads(45)) - PERFORMANCE WARNING: useCacheForAllThreads is true that may cause Netty to create a lot garbage objects and, as a result, trigger GC.
	It is recommended to disable useCacheForAllThreads by setting -Dorg.apache.ratis.thirdparty.io.netty.allocator.useCacheForAllThreads=false in command line.
2019-09-24 16:09:05,801 INFO  impl.RaftServerImpl (RaftServerImpl.java:<init>(95)) - s0: new RaftServerImpl for group-AFAFC3C3BFBF:[s0:0.0.0.0:37202, s1:0.0.0.0:38903, s2:0.0.0.0:37158] with SimpleStateMachine4Testing:uninitialized
2019-09-24 16:09:05,801 INFO  grpc.GrpcConfigKeys$Server (ConfUtils.java:logGet(43)) - raft.grpc.server.port = 38903 (custom)
2019-09-24 16:09:05,802 INFO  server.RaftServerConfigKeys (ConfUtils.java:logGet(43)) - raft.server.rpc.timeout.min = 150ms (default)
2019-09-24 16:09:05,802 INFO  server.GrpcService (ConfUtils.java:logGet(43)) - raft.grpc.message.size.max = 64MB (=67108864) (default)
2019-09-24 16:09:05,802 INFO  server.RaftServerConfigKeys (ConfUtils.java:logGet(43)) - raft.server.rpc.timeout.max = 300ms (default)
2019-09-24 16:09:05,802 INFO  server.RaftServerConfigKeys (ConfUtils.java:logGet(43)) - raft.server.log.appender.buffer.byte-limit = 4MB (=4194304) (default)
2019-09-24 16:09:05,802 INFO  server.RaftServerConfigKeys (ConfUtils.java:logGet(43)) - raft.server.rpcslowness.timeout = 60s (default)
2019-09-24 16:09:05,803 INFO  server.GrpcService (ConfUtils.java:logGet(43)) - raft.grpc.flow.control.window = 1MB (=1048576) (default)
2019-09-24 16:09:05,803 INFO  server.RaftServerConfigKeys (ConfUtils.java:logGet(43)) - raft.server.sleep.deviation.threshold = 300 (default)
2019-09-24 16:09:05,803 INFO  server.RaftServerConfigKeys (ConfUtils.java:logGet(43)) - raft.server.rpc.request.timeout = 3000ms (default)
2019-09-24 16:09:05,803 INFO  server.RaftServerConfigKeys (ConfUtils.java:logGet(43)) - raft.server.log.appender.install.snapshot.enabled = true (default)
2019-09-24 16:09:05,803 INFO  server.RaftServerConfigKeys (ConfUtils.java:logGet(43)) - raft.server.storage.dir = [/workdir/ratis-test/target/test/data/1eb3234a/MiniRaftClusterWithGrpc71137ee7/s1] (custom)
2019-09-24 16:09:05,803 INFO  impl.RaftServerImpl (ServerState.java:<init>(103)) - s0@group-AFAFC3C3BFBF: ConfigurationManager, init=-1: [s0:0.0.0.0:37202, s1:0.0.0.0:38903, s2:0.0.0.0:37158], old=null, confs=<EMPTY_MAP>
2019-09-24 16:09:05,804 INFO  impl.RaftServerProxy (RaftServerProxy.java:addNew(89)) - s1: addNew group-AFAFC3C3BFBF:[s0:0.0.0.0:37202, s1:0.0.0.0:38903, s2:0.0.0.0:37158] returns group-AFAFC3C3BFBF:java.util.concurrent.CompletableFuture@20f1f489[Not completed]
2019-09-24 16:09:05,804 INFO  server.RaftServerConfigKeys (ConfUtils.java:logGet(43)) - raft.server.storage.dir = [/workdir/ratis-test/target/test/data/1eb3234a/MiniRaftClusterWithGrpc71137ee7/s0] (custom)
2019-09-24 16:09:05,804 INFO  server.RaftServerConfigKeys (ConfUtils.java:logGet(43)) - raft.server.log.segment.size.max = 8MB (=8388608) (default)
2019-09-24 16:09:05,804 INFO  ratis.MiniRaftCluster (MiniRaftCluster.java:newRaftServer(330)) - newRaftServer: s2, group-AFAFC3C3BFBF:[s0:0.0.0.0:37202, s1:0.0.0.0:38903, s2:0.0.0.0:37158], format? true
2019-09-24 16:09:05,804 TRACE util.FileUtils (FileUtils.java:deleteFully(88)) - deleteFully target/test/data/1eb3234a/MiniRaftClusterWithGrpc71137ee7/s2
2019-09-24 16:09:05,804 INFO  server.RaftServerConfigKeys (ConfUtils.java:logGet(43)) - raft.server.log.corruption.policy = EXCEPTION (default)
2019-09-24 16:09:05,804 INFO  server.RaftServerConfigKeys (ConfUtils.java:logGet(43)) - raft.server.log.preallocated.size = 4MB (=4194304) (default)
2019-09-24 16:09:05,805 TRACE util.FileUtils (FileUtils.java:deleteFully(104)) - deleteFully: target/test/data/1eb3234a/MiniRaftClusterWithGrpc71137ee7/s2 does not exist.
2019-09-24 16:09:05,805 INFO  ratis.MiniRaftCluster (MiniRaftCluster.java:newRaftServer(335)) - Formatted directory target/test/data/1eb3234a/MiniRaftClusterWithGrpc71137ee7/s2
2019-09-24 16:09:05,805 INFO  storage.RaftStorageDirectory (RaftStorageDirectory.java:analyzeStorage(246)) - The storage directory /workdir/ratis-test/target/test/data/1eb3234a/MiniRaftClusterWithGrpc71137ee7/s0/b4dbe13e-51da-4ff8-8ac7-afafc3c3bfbf does not exist. Creating ...
2019-09-24 16:09:05,805 INFO  server.RaftServerConfigKeys (ConfUtils.java:logGet(43)) - raft.server.log.write.buffer.size = 64KB (=65536) (default)
2019-09-24 16:09:05,805 INFO  impl.RaftServerProxy (ConfUtils.java:logGet(43)) - raft.rpc.type = GRPC (default)
2019-09-24 16:09:05,805 INFO  impl.RaftServerImpl (RaftServerImpl.java:<init>(95)) - s1: new RaftServerImpl for group-AFAFC3C3BFBF:[s0:0.0.0.0:37202, s1:0.0.0.0:38903, s2:0.0.0.0:37158] with SimpleStateMachine4Testing:uninitialized
2019-09-24 16:09:05,806 INFO  grpc.GrpcFactory (GrpcFactory.java:checkPooledByteBufAllocatorUseCacheForAllThreads(45)) - PERFORMANCE WARNING: useCacheForAllThreads is true that may cause Netty to create a lot garbage objects and, as a result, trigger GC.
	It is recommended to disable useCacheForAllThreads by setting -Dorg.apache.ratis.thirdparty.io.netty.allocator.useCacheForAllThreads=false in command line.
2019-09-24 16:09:05,806 INFO  server.RaftServerConfigKeys (ConfUtils.java:logGet(43)) - raft.server.rpc.timeout.min = 150ms (default)
2019-09-24 16:09:05,806 TRACE util.FileUtils (LogUtils.java:runAndLog(61)) - Successfully ran Files.createDirectories /workdir/ratis-test/target/test/data/1eb3234a/MiniRaftClusterWithGrpc71137ee7/s0/b4dbe13e-51da-4ff8-8ac7-afafc3c3bfbf
2019-09-24 16:09:05,806 INFO  grpc.GrpcConfigKeys$Server (ConfUtils.java:logGet(43)) - raft.grpc.server.port = 37158 (custom)
2019-09-24 16:09:05,806 INFO  server.RaftServerConfigKeys (ConfUtils.java:logGet(43)) - raft.server.rpc.timeout.max = 300ms (default)
2019-09-24 16:09:05,807 INFO  server.GrpcService (ConfUtils.java:logGet(43)) - raft.grpc.message.size.max = 64MB (=67108864) (default)
2019-09-24 16:09:05,807 INFO  server.RaftServerConfigKeys (ConfUtils.java:logGet(43)) - raft.server.rpcslowness.timeout = 60s (default)
2019-09-24 16:09:05,807 INFO  server.RaftServerConfigKeys (ConfUtils.java:logGet(43)) - raft.server.log.appender.buffer.byte-limit = 4MB (=4194304) (default)
2019-09-24 16:09:05,807 INFO  server.RaftServerConfigKeys (ConfUtils.java:logGet(43)) - raft.server.sleep.deviation.threshold = 300 (default)
2019-09-24 16:09:05,807 INFO  server.GrpcService (ConfUtils.java:logGet(43)) - raft.grpc.flow.control.window = 1MB (=1048576) (default)
2019-09-24 16:09:05,807 INFO  server.RaftServerConfigKeys (ConfUtils.java:logGet(43)) - raft.server.log.appender.install.snapshot.enabled = true (default)
2019-09-24 16:09:05,808 INFO  server.RaftServerConfigKeys (ConfUtils.java:logGet(43)) - raft.server.rpc.request.timeout = 3000ms (default)
2019-09-24 16:09:05,808 INFO  impl.RaftServerImpl (ServerState.java:<init>(103)) - s1@group-AFAFC3C3BFBF: ConfigurationManager, init=-1: [s0:0.0.0.0:37202, s1:0.0.0.0:38903, s2:0.0.0.0:37158], old=null, confs=<EMPTY_MAP>
2019-09-24 16:09:05,808 INFO  server.RaftServerConfigKeys (ConfUtils.java:logGet(43)) - raft.server.storage.dir = [/workdir/ratis-test/target/test/data/1eb3234a/MiniRaftClusterWithGrpc71137ee7/s2] (custom)
2019-09-24 16:09:05,808 INFO  server.RaftServerConfigKeys (ConfUtils.java:logGet(43)) - raft.server.storage.dir = [/workdir/ratis-test/target/test/data/1eb3234a/MiniRaftClusterWithGrpc71137ee7/s1] (custom)
2019-09-24 16:09:05,809 INFO  impl.RaftServerProxy (RaftServerProxy.java:addNew(89)) - s2: addNew group-AFAFC3C3BFBF:[s0:0.0.0.0:37202, s1:0.0.0.0:38903, s2:0.0.0.0:37158] returns group-AFAFC3C3BFBF:java.util.concurrent.CompletableFuture@140f838b[Not completed]
2019-09-24 16:09:05,809 INFO  server.RaftServerConfigKeys (ConfUtils.java:logGet(43)) - raft.server.log.corruption.policy = EXCEPTION (default)
2019-09-24 16:09:05,809 INFO  server.RaftServerConfigKeys (ConfUtils.java:logGet(43)) - raft.server.log.segment.size.max = 8MB (=8388608) (default)
2019-09-24 16:09:05,809 INFO  ratis.MiniRaftCluster (MiniRaftCluster.java:start(287)) - .............................................................. 
2019-09-24 16:09:05,809 INFO  ratis.MiniRaftCluster (MiniRaftCluster.java:start(288)) - ... 
2019-09-24 16:09:05,809 INFO  ratis.MiniRaftCluster (MiniRaftCluster.java:start(289)) - ...     Starting MiniRaftClusterWithGrpc
2019-09-24 16:09:05,809 INFO  ratis.MiniRaftCluster (MiniRaftCluster.java:start(290)) - ... 
2019-09-24 16:09:05,809 INFO  ratis.MiniRaftCluster (MiniRaftCluster.java:start(291)) - .............................................................. 
2019-09-24 16:09:05,809 INFO  server.RaftServerConfigKeys (ConfUtils.java:logGet(43)) - raft.server.log.preallocated.size = 4MB (=4194304) (default)
2019-09-24 16:09:05,809 INFO  storage.RaftStorageDirectory (RaftStorageDirectory.java:analyzeStorage(246)) - The storage directory /workdir/ratis-test/target/test/data/1eb3234a/MiniRaftClusterWithGrpc71137ee7/s1/b4dbe13e-51da-4ff8-8ac7-afafc3c3bfbf does not exist. Creating ...
2019-09-24 16:09:05,810 INFO  server.RaftServerConfigKeys (ConfUtils.java:logGet(43)) - raft.server.log.write.buffer.size = 64KB (=65536) (default)
2019-09-24 16:09:05,809 INFO  ratis.MiniRaftCluster (MiniRaftCluster.java:initServers(265)) - servers = {s0=s0:      NEW group-AFAFC3C3BFBF:java.util.concurrent.CompletableFuture@599808fa[Not completed], s1=s1:      NEW group-AFAFC3C3BFBF:java.util.concurrent.CompletableFuture@20f1f489[Not completed], s2=s2:      NEW group-AFAFC3C3BFBF:java.util.concurrent.CompletableFuture@140f838b[Not completed]}
2019-09-24 16:09:05,810 INFO  impl.RaftServerImpl (RaftServerImpl.java:<init>(95)) - s2: new RaftServerImpl for group-AFAFC3C3BFBF:[s0:0.0.0.0:37202, s1:0.0.0.0:38903, s2:0.0.0.0:37158] with SimpleStateMachine4Testing:uninitialized
2019-09-24 16:09:05,810 TRACE util.FileUtils (LogUtils.java:runAndLog(61)) - Successfully ran Files.createDirectories /workdir/ratis-test/target/test/data/1eb3234a/MiniRaftClusterWithGrpc71137ee7/s1/b4dbe13e-51da-4ff8-8ac7-afafc3c3bfbf
2019-09-24 16:09:05,811 INFO  server.RaftServerConfigKeys (ConfUtils.java:logGet(43)) - raft.server.rpc.timeout.min = 150ms (default)
2019-09-24 16:09:05,812 INFO  server.RaftServerConfigKeys (ConfUtils.java:logGet(43)) - raft.server.rpc.timeout.max = 300ms (default)
2019-09-24 16:09:05,812 INFO  server.RaftServerConfigKeys (ConfUtils.java:logGet(43)) - raft.server.rpcslowness.timeout = 60s (default)
2019-09-24 16:09:05,812 INFO  server.RaftServerConfigKeys (ConfUtils.java:logGet(43)) - raft.server.sleep.deviation.threshold = 300 (default)
2019-09-24 16:09:05,812 INFO  server.RaftServerConfigKeys (ConfUtils.java:logGet(43)) - raft.server.log.appender.install.snapshot.enabled = true (default)
2019-09-24 16:09:05,812 INFO  impl.RaftServerImpl (ServerState.java:<init>(103)) - s2@group-AFAFC3C3BFBF: ConfigurationManager, init=-1: [s0:0.0.0.0:37202, s1:0.0.0.0:38903, s2:0.0.0.0:37158], old=null, confs=<EMPTY_MAP>
2019-09-24 16:09:05,812 INFO  server.RaftServerConfigKeys (ConfUtils.java:logGet(43)) - raft.server.storage.dir = [/workdir/ratis-test/target/test/data/1eb3234a/MiniRaftClusterWithGrpc71137ee7/s2] (custom)
2019-09-24 16:09:05,813 INFO  server.RaftServerConfigKeys (ConfUtils.java:logGet(43)) - raft.server.log.corruption.policy = EXCEPTION (default)
2019-09-24 16:09:05,813 INFO  storage.RaftStorageDirectory (RaftStorageDirectory.java:analyzeStorage(246)) - The storage directory /workdir/ratis-test/target/test/data/1eb3234a/MiniRaftClusterWithGrpc71137ee7/s2/b4dbe13e-51da-4ff8-8ac7-afafc3c3bfbf does not exist. Creating ...
2019-09-24 16:09:05,813 TRACE util.FileUtils (LogUtils.java:runAndLog(61)) - Successfully ran Files.createDirectories /workdir/ratis-test/target/test/data/1eb3234a/MiniRaftClusterWithGrpc71137ee7/s2/b4dbe13e-51da-4ff8-8ac7-afafc3c3bfbf
2019-09-24 16:09:05,840 INFO  storage.RaftStorageDirectory (RaftStorageDirectory.java:tryLock(328)) - Lock on /workdir/ratis-test/target/test/data/1eb3234a/MiniRaftClusterWithGrpc71137ee7/s1/b4dbe13e-51da-4ff8-8ac7-afafc3c3bfbf/in_use.lock acquired by nodename 8077@ratis-test-vphbd-3564017154
2019-09-24 16:09:05,840 INFO  storage.RaftStorageDirectory (RaftStorageDirectory.java:tryLock(328)) - Lock on /workdir/ratis-test/target/test/data/1eb3234a/MiniRaftClusterWithGrpc71137ee7/s2/b4dbe13e-51da-4ff8-8ac7-afafc3c3bfbf/in_use.lock acquired by nodename 8077@ratis-test-vphbd-3564017154
2019-09-24 16:09:05,841 TRACE util.FileUtils (LogUtils.java:runAndLog(61)) - Successfully ran Files.createDirectories /workdir/ratis-test/target/test/data/1eb3234a/MiniRaftClusterWithGrpc71137ee7/s1/b4dbe13e-51da-4ff8-8ac7-afafc3c3bfbf/current
2019-09-24 16:09:05,840 INFO  storage.RaftStorageDirectory (RaftStorageDirectory.java:tryLock(328)) - Lock on /workdir/ratis-test/target/test/data/1eb3234a/MiniRaftClusterWithGrpc71137ee7/s0/b4dbe13e-51da-4ff8-8ac7-afafc3c3bfbf/in_use.lock acquired by nodename 8077@ratis-test-vphbd-3564017154
2019-09-24 16:09:05,841 TRACE util.FileUtils (LogUtils.java:runAndLog(61)) - Successfully ran Files.createDirectories /workdir/ratis-test/target/test/data/1eb3234a/MiniRaftClusterWithGrpc71137ee7/s1/b4dbe13e-51da-4ff8-8ac7-afafc3c3bfbf/sm
2019-09-24 16:09:05,841 TRACE util.FileUtils (LogUtils.java:runAndLog(61)) - Successfully ran Files.createDirectories /workdir/ratis-test/target/test/data/1eb3234a/MiniRaftClusterWithGrpc71137ee7/s2/b4dbe13e-51da-4ff8-8ac7-afafc3c3bfbf/current
2019-09-24 16:09:05,841 TRACE util.FileUtils (LogUtils.java:runAndLog(61)) - Successfully ran Files.createDirectories /workdir/ratis-test/target/test/data/1eb3234a/MiniRaftClusterWithGrpc71137ee7/s0/b4dbe13e-51da-4ff8-8ac7-afafc3c3bfbf/current
2019-09-24 16:09:05,842 TRACE util.FileUtils (LogUtils.java:runAndLog(61)) - Successfully ran Files.createDirectories /workdir/ratis-test/target/test/data/1eb3234a/MiniRaftClusterWithGrpc71137ee7/s2/b4dbe13e-51da-4ff8-8ac7-afafc3c3bfbf/sm
2019-09-24 16:09:05,842 TRACE util.FileUtils (LogUtils.java:runAndLog(61)) - Successfully ran Files.createDirectories /workdir/ratis-test/target/test/data/1eb3234a/MiniRaftClusterWithGrpc71137ee7/s0/b4dbe13e-51da-4ff8-8ac7-afafc3c3bfbf/sm
2019-09-24 16:09:05,866 INFO  storage.RaftStorage (RaftStorage.java:format(84)) - Storage directory /workdir/ratis-test/target/test/data/1eb3234a/MiniRaftClusterWithGrpc71137ee7/s0/b4dbe13e-51da-4ff8-8ac7-afafc3c3bfbf has been successfully formatted.
2019-09-24 16:09:05,866 INFO  storage.RaftStorage (RaftStorage.java:format(84)) - Storage directory /workdir/ratis-test/target/test/data/1eb3234a/MiniRaftClusterWithGrpc71137ee7/s1/b4dbe13e-51da-4ff8-8ac7-afafc3c3bfbf has been successfully formatted.
2019-09-24 16:09:05,867 INFO  statemachine.SimpleStateMachine4Testing (SimpleStateMachine4Testing.java:initialize(206)) - Initializing SimpleStateMachine4Testing:uninitialized
2019-09-24 16:09:05,866 INFO  storage.RaftStorage (RaftStorage.java:format(84)) - Storage directory /workdir/ratis-test/target/test/data/1eb3234a/MiniRaftClusterWithGrpc71137ee7/s2/b4dbe13e-51da-4ff8-8ac7-afafc3c3bfbf has been successfully formatted.
2019-09-24 16:09:05,867 INFO  statemachine.SimpleStateMachine4Testing (SimpleStateMachine4Testing.java:initialize(206)) - Initializing SimpleStateMachine4Testing:uninitialized
2019-09-24 16:09:05,867 INFO  statemachine.SimpleStateMachine4Testing (SimpleStateMachine4Testing.java:initialize(206)) - Initializing SimpleStateMachine4Testing:uninitialized
2019-09-24 16:09:05,867 INFO  statemachine.SimpleStateMachine4Testing (SimpleStateMachine4Testing.java:loadSnapshot(296)) - The snapshot file null does not exist
2019-09-24 16:09:05,867 INFO  statemachine.SimpleStateMachine4Testing (SimpleStateMachine4Testing.java:loadSnapshot(296)) - The snapshot file null does not exist
2019-09-24 16:09:05,868 INFO  server.RaftServerConfigKeys (ConfUtils.java:logGet(43)) - raft.server.notification.no-leader.timeout = 60s (default)
2019-09-24 16:09:05,868 INFO  statemachine.SimpleStateMachine4Testing (SimpleStateMachine4Testing.java:loadSnapshot(296)) - The snapshot file null does not exist
2019-09-24 16:09:05,868 INFO  server.RaftServerConfigKeys (ConfUtils.java:logGet(43)) - raft.server.notification.no-leader.timeout = 60s (default)
2019-09-24 16:09:05,868 INFO  server.RaftServerConfigKeys (ConfUtils.java:logGet(43)) - raft.server.notification.no-leader.timeout = 60s (default)
2019-09-24 16:09:05,868 INFO  server.RaftServerConfigKeys (ConfUtils.java:logGet(43)) - raft.server.log.use.memory = false (default)
2019-09-24 16:09:05,868 INFO  server.RaftServerConfigKeys (ConfUtils.java:logGet(43)) - raft.server.log.use.memory = false (default)
2019-09-24 16:09:05,868 INFO  server.RaftServerConfigKeys (ConfUtils.java:logGet(43)) - raft.server.log.use.memory = false (default)
2019-09-24 16:09:05,869 INFO  server.RaftServerConfigKeys (ConfUtils.java:logGet(43)) - raft.server.log.purge.gap = 1024 (default)
2019-09-24 16:09:05,868 INFO  server.RaftServerConfigKeys (ConfUtils.java:logGet(43)) - raft.server.log.purge.gap = 1024 (default)
2019-09-24 16:09:05,869 INFO  server.RaftServerConfigKeys (ConfUtils.java:logGet(43)) - raft.server.log.appender.buffer.byte-limit = 4MB (=4194304) (default)
2019-09-24 16:09:05,869 INFO  server.RaftServerConfigKeys (ConfUtils.java:logGet(43)) - raft.server.log.purge.gap = 1024 (default)
2019-09-24 16:09:05,869 INFO  server.RaftServerConfigKeys (ConfUtils.java:logGet(43)) - raft.server.log.segment.size.max = 8MB (=8388608) (default)
2019-09-24 16:09:05,869 INFO  server.RaftServerConfigKeys (ConfUtils.java:logGet(43)) - raft.server.log.appender.buffer.byte-limit = 4MB (=4194304) (default)
2019-09-24 16:09:05,869 INFO  server.RaftServerConfigKeys (ConfUtils.java:logGet(43)) - raft.server.log.segment.cache.num.max = 6 (default)
2019-09-24 16:09:05,869 INFO  server.RaftServerConfigKeys (ConfUtils.java:logGet(43)) - raft.server.log.appender.buffer.byte-limit = 4MB (=4194304) (default)
2019-09-24 16:09:05,870 INFO  segmented.SegmentedRaftLogWorker (SegmentedRaftLogWorker.java:<init>(172)) - new s0@group-AFAFC3C3BFBF-SegmentedRaftLogWorker for RaftStorage:Storage Directory /workdir/ratis-test/target/test/data/1eb3234a/MiniRaftClusterWithGrpc71137ee7/s0/b4dbe13e-51da-4ff8-8ac7-afafc3c3bfbf
2019-09-24 16:09:05,869 INFO  server.RaftServerConfigKeys (ConfUtils.java:logGet(43)) - raft.server.log.segment.size.max = 8MB (=8388608) (default)
2019-09-24 16:09:05,870 INFO  server.RaftServerConfigKeys (ConfUtils.java:logGet(43)) - raft.server.log.queue.byte-limit = 64MB (=67108864) (default)
2019-09-24 16:09:05,870 INFO  server.RaftServerConfigKeys (ConfUtils.java:logGet(43)) - raft.server.log.segment.size.max = 8MB (=8388608) (default)
2019-09-24 16:09:05,870 INFO  server.RaftServerConfigKeys (ConfUtils.java:logGet(43)) - raft.server.log.queue.element-limit = 4096 (default)
2019-09-24 16:09:05,870 INFO  server.RaftServerConfigKeys (ConfUtils.java:logGet(43)) - raft.server.log.segment.cache.num.max = 6 (default)
2019-09-24 16:09:05,871 INFO  server.RaftServerConfigKeys (ConfUtils.java:logGet(43)) - raft.server.log.segment.size.max = 8MB (=8388608) (default)
2019-09-24 16:09:05,870 INFO  server.RaftServerConfigKeys (ConfUtils.java:logGet(43)) - raft.server.log.segment.cache.num.max = 6 (default)
2019-09-24 16:09:05,871 INFO  server.RaftServerConfigKeys (ConfUtils.java:logGet(43)) - raft.server.log.preallocated.size = 4MB (=4194304) (default)
2019-09-24 16:09:05,871 INFO  segmented.SegmentedRaftLogWorker (SegmentedRaftLogWorker.java:<init>(172)) - new s1@group-AFAFC3C3BFBF-SegmentedRaftLogWorker for RaftStorage:Storage Directory /workdir/ratis-test/target/test/data/1eb3234a/MiniRaftClusterWithGrpc71137ee7/s1/b4dbe13e-51da-4ff8-8ac7-afafc3c3bfbf
2019-09-24 16:09:05,871 INFO  server.RaftServerConfigKeys (ConfUtils.java:logGet(43)) - raft.server.log.write.buffer.size = 64KB (=65536) (default)
2019-09-24 16:09:05,871 INFO  segmented.SegmentedRaftLogWorker (SegmentedRaftLogWorker.java:<init>(172)) - new s2@group-AFAFC3C3BFBF-SegmentedRaftLogWorker for RaftStorage:Storage Directory /workdir/ratis-test/target/test/data/1eb3234a/MiniRaftClusterWithGrpc71137ee7/s2/b4dbe13e-51da-4ff8-8ac7-afafc3c3bfbf
2019-09-24 16:09:05,871 INFO  server.RaftServerConfigKeys (ConfUtils.java:logGet(43)) - raft.server.log.force.sync.num = 128 (default)
2019-09-24 16:09:05,871 INFO  server.RaftServerConfigKeys (ConfUtils.java:logGet(43)) - raft.server.log.queue.byte-limit = 64MB (=67108864) (default)
2019-09-24 16:09:05,872 INFO  server.RaftServerConfigKeys (ConfUtils.java:logGet(43)) - raft.server.log.statemachine.data.sync = true (default)
2019-09-24 16:09:05,871 INFO  server.RaftServerConfigKeys (ConfUtils.java:logGet(43)) - raft.server.log.queue.byte-limit = 64MB (=67108864) (default)
2019-09-24 16:09:05,872 INFO  server.RaftServerConfigKeys (ConfUtils.java:logGet(43)) - raft.server.log.statemachine.data.sync.timeout = 10s (default)
2019-09-24 16:09:05,872 INFO  server.RaftServerConfigKeys (ConfUtils.java:logGet(43)) - raft.server.log.queue.element-limit = 4096 (default)
2019-09-24 16:09:05,872 INFO  server.RaftServerConfigKeys (ConfUtils.java:logGet(43)) - raft.server.log.statemachine.data.sync.timeout.retry = -1 (default)
2019-09-24 16:09:05,872 INFO  server.RaftServerConfigKeys (ConfUtils.java:logGet(43)) - raft.server.log.queue.element-limit = 4096 (default)
2019-09-24 16:09:05,872 INFO  server.RaftServerConfigKeys (ConfUtils.java:logGet(43)) - raft.server.log.statemachine.data.caching.enabled = false (default)
2019-09-24 16:09:05,872 INFO  server.RaftServerConfigKeys (ConfUtils.java:logGet(43)) - raft.server.log.segment.size.max = 8MB (=8388608) (default)
2019-09-24 16:09:05,873 INFO  server.RaftServerConfigKeys (ConfUtils.java:logGet(43)) - raft.server.log.segment.size.max = 8MB (=8388608) (default)
2019-09-24 16:09:05,873 INFO  server.RaftServerConfigKeys (ConfUtils.java:logGet(43)) - raft.server.log.preallocated.size = 4MB (=4194304) (default)
2019-09-24 16:09:05,873 INFO  segmented.SegmentedRaftLogWorker (SegmentedRaftLogWorker.java:lambda$new$0(132)) - s0@group-AFAFC3C3BFBF-SegmentedRaftLogWorker: flushIndex: setUnconditionally 0 -> -1
2019-09-24 16:09:05,873 INFO  server.RaftServerConfigKeys (ConfUtils.java:logGet(43)) - raft.server.log.write.buffer.size = 64KB (=65536) (default)
2019-09-24 16:09:05,873 INFO  server.RaftServerConfigKeys (ConfUtils.java:logGet(43)) - raft.server.log.preallocated.size = 4MB (=4194304) (default)
2019-09-24 16:09:05,874 INFO  server.RaftServerConfigKeys (ConfUtils.java:logGet(43)) - raft.server.snapshot.auto.trigger.enabled = false (default)
2019-09-24 16:09:05,873 INFO  server.RaftServerConfigKeys (ConfUtils.java:logGet(43)) - raft.server.log.force.sync.num = 128 (default)
2019-09-24 16:09:05,874 INFO  server.RaftServerConfigKeys (ConfUtils.java:logGet(43)) - raft.server.snapshot.retention.file.num = -1 (default)
2019-09-24 16:09:05,874 INFO  server.RaftServerConfigKeys (ConfUtils.java:logGet(43)) - raft.server.log.write.buffer.size = 64KB (=65536) (default)
2019-09-24 16:09:05,874 INFO  server.RaftServerConfigKeys (ConfUtils.java:logGet(43)) - raft.server.retrycache.expirytime = 60s (default)
2019-09-24 16:09:05,874 INFO  server.RaftServerConfigKeys (ConfUtils.java:logGet(43)) - raft.server.log.statemachine.data.sync = true (default)
2019-09-24 16:09:05,874 INFO  server.RaftServerConfigKeys (ConfUtils.java:logGet(43)) - raft.server.log.force.sync.num = 128 (default)
2019-09-24 16:09:05,875 INFO  server.RaftServerConfigKeys (ConfUtils.java:logGet(43)) - raft.server.log.statemachine.data.sync.timeout = 10s (default)
2019-09-24 16:09:05,875 INFO  server.RaftServerConfigKeys (ConfUtils.java:logGet(43)) - raft.server.log.statemachine.data.sync = true (default)
2019-09-24 16:09:05,875 INFO  server.RaftServerConfigKeys (ConfUtils.java:logGet(43)) - raft.server.log.statemachine.data.sync.timeout.retry = -1 (default)
2019-09-24 16:09:05,875 INFO  server.RaftServerConfigKeys (ConfUtils.java:logGet(43)) - raft.server.log.statemachine.data.sync.timeout = 10s (default)
2019-09-24 16:09:05,875 INFO  server.RaftServerConfigKeys (ConfUtils.java:logGet(43)) - raft.server.log.statemachine.data.caching.enabled = false (default)
2019-09-24 16:09:05,876 INFO  server.RaftServerConfigKeys (ConfUtils.java:logGet(43)) - raft.server.log.statemachine.data.sync.timeout.retry = -1 (default)
2019-09-24 16:09:05,876 INFO  server.RaftServerConfigKeys (ConfUtils.java:logGet(43)) - raft.server.log.statemachine.data.caching.enabled = false (default)
2019-09-24 16:09:05,876 INFO  segmented.SegmentedRaftLogWorker (SegmentedRaftLogWorker.java:lambda$new$0(132)) - s1@group-AFAFC3C3BFBF-SegmentedRaftLogWorker: flushIndex: setUnconditionally 0 -> -1
2019-09-24 16:09:05,876 INFO  segmented.SegmentedRaftLogWorker (SegmentedRaftLogWorker.java:lambda$new$0(132)) - s2@group-AFAFC3C3BFBF-SegmentedRaftLogWorker: flushIndex: setUnconditionally 0 -> -1
2019-09-24 16:09:05,877 INFO  server.RaftServerConfigKeys (ConfUtils.java:logGet(43)) - raft.server.snapshot.auto.trigger.enabled = false (default)
2019-09-24 16:09:05,877 INFO  server.RaftServerConfigKeys (ConfUtils.java:logGet(43)) - raft.server.snapshot.auto.trigger.enabled = false (default)
2019-09-24 16:09:05,877 INFO  server.RaftServerConfigKeys (ConfUtils.java:logGet(43)) - raft.server.snapshot.retention.file.num = -1 (default)
2019-09-24 16:09:05,877 INFO  server.RaftServerConfigKeys (ConfUtils.java:logGet(43)) - raft.server.snapshot.retention.file.num = -1 (default)
2019-09-24 16:09:05,877 INFO  server.RaftServerConfigKeys (ConfUtils.java:logGet(43)) - raft.server.retrycache.expirytime = 60s (default)
2019-09-24 16:09:05,877 INFO  server.RaftServerConfigKeys (ConfUtils.java:logGet(43)) - raft.server.retrycache.expirytime = 60s (default)
2019-09-24 16:09:05,883 INFO  impl.RaftServerImpl (RaftServerImpl.java:start(181)) - s0@group-AFAFC3C3BFBF: start as a follower, conf=-1: [s0:0.0.0.0:37202, s1:0.0.0.0:38903, s2:0.0.0.0:37158], old=null
2019-09-24 16:09:05,883 INFO  impl.RaftServerImpl (RaftServerImpl.java:setRole(170)) - s0@group-AFAFC3C3BFBF: changes role from      null to FOLLOWER at term 0 for startAsFollower
2019-09-24 16:09:05,883 INFO  impl.RoleInfo (RoleInfo.java:updateAndGet(143)) - s0: start FollowerState
2019-09-24 16:09:05,884 INFO  util.JmxRegister (JmxRegister.java:tryRegister(44)) - Successfully registered JMX Bean with object name Ratis:service=RaftServer,group=group-AFAFC3C3BFBF,id=s0
2019-09-24 16:09:05,886 INFO  impl.RaftServerProxy (RaftServerProxy.java:lambda$start$3(299)) - s0: start RPC server
2019-09-24 16:09:05,888 INFO  server.GrpcService (GrpcService.java:startImpl(158)) - s0: GrpcService started, listening on 0.0.0.0/0.0.0.0:37202
2019-09-24 16:09:05,889 INFO  impl.RaftServerImpl (RaftServerImpl.java:start(181)) - s1@group-AFAFC3C3BFBF: start as a follower, conf=-1: [s0:0.0.0.0:37202, s1:0.0.0.0:38903, s2:0.0.0.0:37158], old=null
2019-09-24 16:09:05,889 INFO  impl.RaftServerImpl (RaftServerImpl.java:setRole(170)) - s1@group-AFAFC3C3BFBF: changes role from      null to FOLLOWER at term 0 for startAsFollower
2019-09-24 16:09:05,889 INFO  impl.RoleInfo (RoleInfo.java:updateAndGet(143)) - s1: start FollowerState
2019-09-24 16:09:05,889 INFO  util.JmxRegister (JmxRegister.java:tryRegister(44)) - Successfully registered JMX Bean with object name Ratis:service=RaftServer,group=group-AFAFC3C3BFBF,id=s1
2019-09-24 16:09:05,891 INFO  impl.RaftServerProxy (RaftServerProxy.java:lambda$start$3(299)) - s1: start RPC server
2019-09-24 16:09:05,892 INFO  server.GrpcService (GrpcService.java:startImpl(158)) - s1: GrpcService started, listening on 0.0.0.0/0.0.0.0:38903
2019-09-24 16:09:05,892 INFO  impl.RaftServerImpl (RaftServerImpl.java:start(181)) - s2@group-AFAFC3C3BFBF: start as a follower, conf=-1: [s0:0.0.0.0:37202, s1:0.0.0.0:38903, s2:0.0.0.0:37158], old=null
2019-09-24 16:09:05,892 INFO  impl.RaftServerImpl (RaftServerImpl.java:setRole(170)) - s2@group-AFAFC3C3BFBF: changes role from      null to FOLLOWER at term 0 for startAsFollower
2019-09-24 16:09:05,892 INFO  impl.RoleInfo (RoleInfo.java:updateAndGet(143)) - s2: start FollowerState
2019-09-24 16:09:05,893 INFO  util.JmxRegister (JmxRegister.java:tryRegister(44)) - Successfully registered JMX Bean with object name Ratis:service=RaftServer,group=group-AFAFC3C3BFBF,id=s2
2019-09-24 16:09:05,895 INFO  impl.RaftServerProxy (RaftServerProxy.java:lambda$start$3(299)) - s2: start RPC server
2019-09-24 16:09:05,895 INFO  server.GrpcService (GrpcService.java:startImpl(158)) - s2: GrpcService started, listening on 0.0.0.0/0.0.0.0:37158
2019-09-24 16:09:05,896 INFO  server.RaftServerConfigKeys (ConfUtils.java:logGet(43)) - raft.server.rpc.timeout.max = 300ms (default)
2019-09-24 16:09:05,896 INFO  ratis.RaftTestUtil (RaftTestUtil.java:waitForLeader(86)) - printing ALL groups
  s0:  RUNNING  FOLLOWER s0@group-AFAFC3C3BFBF:t0, leader=null, voted=null, raftlog=s0@group-AFAFC3C3BFBF-SegmentedRaftLog:OPENED:c-1,f-1,i0, conf=-1: [s0:0.0.0.0:37202, s1:0.0.0.0:38903, s2:0.0.0.0:37158], old=null RUNNING
  s1:  RUNNING  FOLLOWER s1@group-AFAFC3C3BFBF:t0, leader=null, voted=null, raftlog=s1@group-AFAFC3C3BFBF-SegmentedRaftLog:OPENED:c-1,f-1,i0, conf=-1: [s0:0.0.0.0:37202, s1:0.0.0.0:38903, s2:0.0.0.0:37158], old=null RUNNING
  s2:  RUNNING  FOLLOWER s2@group-AFAFC3C3BFBF:t0, leader=null, voted=null, raftlog=s2@group-AFAFC3C3BFBF-SegmentedRaftLog:OPENED:c-1,f-1,i0, conf=-1: [s0:0.0.0.0:37202, s1:0.0.0.0:38903, s2:0.0.0.0:37158], old=null RUNNING
2019-09-24 16:09:05,896 WARN  ratis.RaftTestUtil (JavaUtils.java:attempt(158)) - FAILED "waitForLeader-null-(expectLeader? true)", attempt #1/100: java.lang.IllegalStateException: No leader yet : printing ALL groups
  s0:  RUNNING  FOLLOWER s0@group-AFAFC3C3BFBF:t0, leader=null, voted=null, raftlog=s0@group-AFAFC3C3BFBF-SegmentedRaftLog:OPENED:c-1,f-1,i0, conf=-1: [s0:0.0.0.0:37202, s1:0.0.0.0:38903, s2:0.0.0.0:37158], old=null RUNNING
  s1:  RUNNING  FOLLOWER s1@group-AFAFC3C3BFBF:t0, leader=null, voted=null, raftlog=s1@group-AFAFC3C3BFBF-SegmentedRaftLog:OPENED:c-1,f-1,i0, conf=-1: [s0:0.0.0.0:37202, s1:0.0.0.0:38903, s2:0.0.0.0:37158], old=null RUNNING
  s2:  RUNNING  FOLLOWER s2@group-AFAFC3C3BFBF:t0, leader=null, voted=null, raftlog=s2@group-AFAFC3C3BFBF-SegmentedRaftLog:OPENED:c-1,f-1,i0, conf=-1: [s0:0.0.0.0:37202, s1:0.0.0.0:38903, s2:0.0.0.0:37158], old=null RUNNING, sleep 450ms and then retry.
java.lang.IllegalStateException: No leader yet : printing ALL groups
  s0:  RUNNING  FOLLOWER s0@group-AFAFC3C3BFBF:t0, leader=null, voted=null, raftlog=s0@group-AFAFC3C3BFBF-SegmentedRaftLog:OPENED:c-1,f-1,i0, conf=-1: [s0:0.0.0.0:37202, s1:0.0.0.0:38903, s2:0.0.0.0:37158], old=null RUNNING
  s1:  RUNNING  FOLLOWER s1@group-AFAFC3C3BFBF:t0, leader=null, voted=null, raftlog=s1@group-AFAFC3C3BFBF-SegmentedRaftLog:OPENED:c-1,f-1,i0, conf=-1: [s0:0.0.0.0:37202, s1:0.0.0.0:38903, s2:0.0.0.0:37158], old=null RUNNING
  s2:  RUNNING  FOLLOWER s2@group-AFAFC3C3BFBF:t0, leader=null, voted=null, raftlog=s2@group-AFAFC3C3BFBF-SegmentedRaftLog:OPENED:c-1,f-1,i0, conf=-1: [s0:0.0.0.0:37202, s1:0.0.0.0:38903, s2:0.0.0.0:37158], old=null RUNNING
	at org.apache.ratis.MiniRaftCluster.newIllegalStateExceptionForNoLeaders(MiniRaftCluster.java:506)
	at org.apache.ratis.RaftTestUtil.lambda$waitForLeader$1(RaftTestUtil.java:90)
	at org.apache.ratis.MiniRaftCluster.getLeader(MiniRaftCluster.java:539)
	at org.apache.ratis.MiniRaftCluster.getLeader(MiniRaftCluster.java:532)
	at org.apache.ratis.RaftTestUtil.lambda$waitForLeader$3(RaftTestUtil.java:98)
	at org.apache.ratis.util.JavaUtils.attempt(JavaUtils.java:152)
	at org.apache.ratis.RaftTestUtil.waitForLeader(RaftTestUtil.java:97)
	at org.apache.ratis.RaftTestUtil.waitForLeader(RaftTestUtil.java:77)
	at org.apache.ratis.RaftTestUtil.waitForLeader(RaftTestUtil.java:72)
	at org.apache.ratis.RaftAsyncTests.testNoRetryWaitOnNotLeaderException(RaftAsyncTests.java:404)
	at sun.reflect.NativeMethodAccessorImpl.invoke0(Native Method)
	at sun.reflect.NativeMethodAccessorImpl.invoke(NativeMethodAccessorImpl.java:62)
	at sun.reflect.DelegatingMethodAccessorImpl.invoke(DelegatingMethodAccessorImpl.java:43)
	at java.lang.reflect.Method.invoke(Method.java:498)
	at org.junit.runners.model.FrameworkMethod$1.runReflectiveCall(FrameworkMethod.java:50)
	at org.junit.internal.runners.model.ReflectiveCallable.run(ReflectiveCallable.java:12)
	at org.junit.runners.model.FrameworkMethod.invokeExplosively(FrameworkMethod.java:47)
	at org.junit.internal.runners.statements.InvokeMethod.evaluate(InvokeMethod.java:17)
	at org.junit.internal.runners.statements.FailOnTimeout$CallableStatement.call(FailOnTimeout.java:298)
	at org.junit.internal.runners.statements.FailOnTimeout$CallableStatement.call(FailOnTimeout.java:292)
	at java.util.concurrent.FutureTask.run(FutureTask.java:266)
	at java.lang.Thread.run(Thread.java:748)
2019-09-24 16:09:06,079 INFO  impl.FollowerState (FollowerState.java:run(108)) - s0@group-AFAFC3C3BFBF-FollowerState: change to CANDIDATE, lastRpcTime:195ms, electionTimeout:195ms
2019-09-24 16:09:06,079 INFO  impl.RoleInfo (RoleInfo.java:shutdownFollowerState(121)) - s0: shutdown FollowerState
2019-09-24 16:09:06,079 INFO  impl.RaftServerImpl (RaftServerImpl.java:setRole(170)) - s0@group-AFAFC3C3BFBF: changes role from  FOLLOWER to CANDIDATE at term 0 for changeToCandidate
2019-09-24 16:09:06,079 INFO  impl.RoleInfo (RoleInfo.java:updateAndGet(143)) - s0: start LeaderElection
2019-09-24 16:09:06,088 INFO  impl.FollowerState (FollowerState.java:run(108)) - s1@group-AFAFC3C3BFBF-FollowerState: change to CANDIDATE, lastRpcTime:198ms, electionTimeout:198ms
2019-09-24 16:09:06,088 INFO  impl.RoleInfo (RoleInfo.java:shutdownFollowerState(121)) - s1: shutdown FollowerState
2019-09-24 16:09:06,088 INFO  impl.RaftServerImpl (RaftServerImpl.java:setRole(170)) - s1@group-AFAFC3C3BFBF: changes role from  FOLLOWER to CANDIDATE at term 0 for changeToCandidate
2019-09-24 16:09:06,088 INFO  impl.RoleInfo (RoleInfo.java:updateAndGet(143)) - s1: start LeaderElection
2019-09-24 16:09:06,090 INFO  impl.FollowerState (FollowerState.java:run(108)) - s2@group-AFAFC3C3BFBF-FollowerState: change to CANDIDATE, lastRpcTime:197ms, electionTimeout:197ms
2019-09-24 16:09:06,090 INFO  impl.RoleInfo (RoleInfo.java:shutdownFollowerState(121)) - s2: shutdown FollowerState
2019-09-24 16:09:06,090 INFO  impl.RaftServerImpl (RaftServerImpl.java:setRole(170)) - s2@group-AFAFC3C3BFBF: changes role from  FOLLOWER to CANDIDATE at term 0 for changeToCandidate
2019-09-24 16:09:06,090 INFO  impl.RoleInfo (RoleInfo.java:updateAndGet(143)) - s2: start LeaderElection
2019-09-24 16:09:06,106 INFO  impl.LeaderElection (LeaderElection.java:askForVotes(178)) - s1@group-AFAFC3C3BFBF-LeaderElection46: begin an election at term 1 for -1: [s0:0.0.0.0:37202, s1:0.0.0.0:38903, s2:0.0.0.0:37158], old=null
2019-09-24 16:09:06,106 INFO  impl.LeaderElection (LeaderElection.java:askForVotes(178)) - s0@group-AFAFC3C3BFBF-LeaderElection45: begin an election at term 1 for -1: [s0:0.0.0.0:37202, s1:0.0.0.0:38903, s2:0.0.0.0:37158], old=null
2019-09-24 16:09:06,107 INFO  impl.LeaderElection (LeaderElection.java:askForVotes(178)) - s2@group-AFAFC3C3BFBF-LeaderElection47: begin an election at term 1 for -1: [s0:0.0.0.0:37202, s1:0.0.0.0:38903, s2:0.0.0.0:37158], old=null
2019-09-24 16:09:06,112 DEBUG impl.RaftServerImpl (RaftServerImpl.java:requestVote(743)) - s1@group-AFAFC3C3BFBF: receive requestVote(s0, group-AFAFC3C3BFBF, 1, (t:0, i:0))
2019-09-24 16:09:06,112 DEBUG impl.RaftServerImpl (RaftServerImpl.java:requestVote(743)) - s2@group-AFAFC3C3BFBF: receive requestVote(s1, group-AFAFC3C3BFBF, 1, (t:0, i:0))
2019-09-24 16:09:06,112 DEBUG impl.RaftServerImpl (RaftServerImpl.java:requestVote(743)) - s1@group-AFAFC3C3BFBF: receive requestVote(s2, group-AFAFC3C3BFBF, 1, (t:0, i:0))
2019-09-24 16:09:06,112 DEBUG impl.RaftServerImpl (RaftServerImpl.java:requestVote(775)) - s1@group-AFAFC3C3BFBF replies to vote request: s0<-s1#0:FAIL-t1. Peer's state: s1@group-AFAFC3C3BFBF:t1, leader=null, voted=s1, raftlog=s1@group-AFAFC3C3BFBF-SegmentedRaftLog:OPENED:c-1,f-1,i0, conf=-1: [s0:0.0.0.0:37202, s1:0.0.0.0:38903, s2:0.0.0.0:37158], old=null
2019-09-24 16:09:06,112 DEBUG impl.RaftServerImpl (RaftServerImpl.java:requestVote(743)) - s0@group-AFAFC3C3BFBF: receive requestVote(s2, group-AFAFC3C3BFBF, 1, (t:0, i:0))
2019-09-24 16:09:06,112 DEBUG impl.RaftServerImpl (RaftServerImpl.java:requestVote(743)) - s0@group-AFAFC3C3BFBF: receive requestVote(s1, group-AFAFC3C3BFBF, 1, (t:0, i:0))
2019-09-24 16:09:06,112 DEBUG impl.RaftServerImpl (RaftServerImpl.java:requestVote(775)) - s2@group-AFAFC3C3BFBF replies to vote request: s1<-s2#0:FAIL-t1. Peer's state: s2@group-AFAFC3C3BFBF:t1, leader=null, voted=s2, raftlog=s2@group-AFAFC3C3BFBF-SegmentedRaftLog:OPENED:c-1,f-1,i0, conf=-1: [s0:0.0.0.0:37202, s1:0.0.0.0:38903, s2:0.0.0.0:37158], old=null
2019-09-24 16:09:06,112 DEBUG impl.RaftServerImpl (RaftServerImpl.java:requestVote(775)) - s0@group-AFAFC3C3BFBF replies to vote request: s2<-s0#0:FAIL-t1. Peer's state: s0@group-AFAFC3C3BFBF:t1, leader=null, voted=s0, raftlog=s0@group-AFAFC3C3BFBF-SegmentedRaftLog:OPENED:c-1,f-1,i0, conf=-1: [s0:0.0.0.0:37202, s1:0.0.0.0:38903, s2:0.0.0.0:37158], old=null
2019-09-24 16:09:06,112 DEBUG impl.RaftServerImpl (RaftServerImpl.java:requestVote(775)) - s1@group-AFAFC3C3BFBF replies to vote request: s2<-s1#0:FAIL-t1. Peer's state: s1@group-AFAFC3C3BFBF:t1, leader=null, voted=s1, raftlog=s1@group-AFAFC3C3BFBF-SegmentedRaftLog:OPENED:c-1,f-1,i0, conf=-1: [s0:0.0.0.0:37202, s1:0.0.0.0:38903, s2:0.0.0.0:37158], old=null
2019-09-24 16:09:06,113 DEBUG impl.RaftServerImpl (RaftServerImpl.java:requestVote(743)) - s2@group-AFAFC3C3BFBF: receive requestVote(s0, group-AFAFC3C3BFBF, 1, (t:0, i:0))
2019-09-24 16:09:06,113 DEBUG impl.RaftServerImpl (RaftServerImpl.java:requestVote(775)) - s0@group-AFAFC3C3BFBF replies to vote request: s1<-s0#0:FAIL-t1. Peer's state: s0@group-AFAFC3C3BFBF:t1, leader=null, voted=s0, raftlog=s0@group-AFAFC3C3BFBF-SegmentedRaftLog:OPENED:c-1,f-1,i0, conf=-1: [s0:0.0.0.0:37202, s1:0.0.0.0:38903, s2:0.0.0.0:37158], old=null
2019-09-24 16:09:06,113 DEBUG impl.RaftServerImpl (RaftServerImpl.java:requestVote(775)) - s2@group-AFAFC3C3BFBF replies to vote request: s0<-s2#0:FAIL-t1. Peer's state: s2@group-AFAFC3C3BFBF:t1, leader=null, voted=s2, raftlog=s2@group-AFAFC3C3BFBF-SegmentedRaftLog:OPENED:c-1,f-1,i0, conf=-1: [s0:0.0.0.0:37202, s1:0.0.0.0:38903, s2:0.0.0.0:37158], old=null
2019-09-24 16:09:06,114 INFO  impl.LeaderElection (LeaderElection.java:logAndReturn(56)) - s2@group-AFAFC3C3BFBF-LeaderElection47: Election REJECTED; received 2 response(s) [s2<-s0#0:FAIL-t1, s2<-s1#0:FAIL-t1] and 0 exception(s); s2@group-AFAFC3C3BFBF:t1, leader=null, voted=s2, raftlog=s2@group-AFAFC3C3BFBF-SegmentedRaftLog:OPENED:c-1,f-1,i0, conf=-1: [s0:0.0.0.0:37202, s1:0.0.0.0:38903, s2:0.0.0.0:37158], old=null
2019-09-24 16:09:06,114 INFO  impl.RaftServerImpl (RaftServerImpl.java:setRole(170)) - s2@group-AFAFC3C3BFBF: changes role from CANDIDATE to FOLLOWER at term 1 for DISCOVERED_A_NEW_TERM
2019-09-24 16:09:06,114 INFO  impl.LeaderElection (LeaderElection.java:logAndReturn(56)) - s1@group-AFAFC3C3BFBF-LeaderElection46: Election REJECTED; received 2 response(s) [s1<-s0#0:FAIL-t1, s1<-s2#0:FAIL-t1] and 0 exception(s); s1@group-AFAFC3C3BFBF:t1, leader=null, voted=s1, raftlog=s1@group-AFAFC3C3BFBF-SegmentedRaftLog:OPENED:c-1,f-1,i0, conf=-1: [s0:0.0.0.0:37202, s1:0.0.0.0:38903, s2:0.0.0.0:37158], old=null
2019-09-24 16:09:06,114 INFO  impl.LeaderElection (LeaderElection.java:logAndReturn(56)) - s0@group-AFAFC3C3BFBF-LeaderElection45: Election REJECTED; received 2 response(s) [s0<-s1#0:FAIL-t1, s0<-s2#0:FAIL-t1] and 0 exception(s); s0@group-AFAFC3C3BFBF:t1, leader=null, voted=s0, raftlog=s0@group-AFAFC3C3BFBF-SegmentedRaftLog:OPENED:c-1,f-1,i0, conf=-1: [s0:0.0.0.0:37202, s1:0.0.0.0:38903, s2:0.0.0.0:37158], old=null
2019-09-24 16:09:06,114 INFO  impl.RoleInfo (RoleInfo.java:shutdownLeaderElection(134)) - s2: shutdown LeaderElection
2019-09-24 16:09:06,114 INFO  impl.RaftServerImpl (RaftServerImpl.java:setRole(170)) - s0@group-AFAFC3C3BFBF: changes role from CANDIDATE to FOLLOWER at term 1 for DISCOVERED_A_NEW_TERM
2019-09-24 16:09:06,114 INFO  impl.RoleInfo (RoleInfo.java:shutdownLeaderElection(134)) - s0: shutdown LeaderElection
2019-09-24 16:09:06,114 INFO  impl.RaftServerImpl (RaftServerImpl.java:setRole(170)) - s1@group-AFAFC3C3BFBF: changes role from CANDIDATE to FOLLOWER at term 1 for DISCOVERED_A_NEW_TERM
2019-09-24 16:09:06,115 INFO  impl.RoleInfo (RoleInfo.java:updateAndGet(143)) - s0: start FollowerState
2019-09-24 16:09:06,114 INFO  impl.RoleInfo (RoleInfo.java:updateAndGet(143)) - s2: start FollowerState
2019-09-24 16:09:06,115 INFO  impl.RoleInfo (RoleInfo.java:shutdownLeaderElection(134)) - s1: shutdown LeaderElection
2019-09-24 16:09:06,115 INFO  impl.RoleInfo (RoleInfo.java:updateAndGet(143)) - s1: start FollowerState
2019-09-24 16:09:06,334 INFO  impl.FollowerState (FollowerState.java:run(108)) - s1@group-AFAFC3C3BFBF-FollowerState: change to CANDIDATE, lastRpcTime:218ms, electionTimeout:218ms
2019-09-24 16:09:06,334 INFO  impl.RoleInfo (RoleInfo.java:shutdownFollowerState(121)) - s1: shutdown FollowerState
2019-09-24 16:09:06,334 INFO  impl.RaftServerImpl (RaftServerImpl.java:setRole(170)) - s1@group-AFAFC3C3BFBF: changes role from  FOLLOWER to CANDIDATE at term 1 for changeToCandidate
2019-09-24 16:09:06,334 INFO  impl.RoleInfo (RoleInfo.java:updateAndGet(143)) - s1: start LeaderElection
2019-09-24 16:09:06,347 WARN  ratis.RaftTestUtil (JavaUtils.java:attempt(158)) - FAILED "waitForLeader-null-(expectLeader? true)", attempt #2/100: java.lang.IllegalStateException: No leader yet : printing ALL groups
  s0:  RUNNING  FOLLOWER s0@group-AFAFC3C3BFBF:t1, leader=null, voted=s0, raftlog=s0@group-AFAFC3C3BFBF-SegmentedRaftLog:OPENED:c-1,f-1,i0, conf=-1: [s0:0.0.0.0:37202, s1:0.0.0.0:38903, s2:0.0.0.0:37158], old=null RUNNING
  s1:  RUNNING CANDIDATE s1@group-AFAFC3C3BFBF:t2, leader=null, voted=s1, raftlog=s1@group-AFAFC3C3BFBF-SegmentedRaftLog:OPENED:c-1,f-1,i0, conf=-1: [s0:0.0.0.0:37202, s1:0.0.0.0:38903, s2:0.0.0.0:37158], old=null RUNNING
  s2:  RUNNING  FOLLOWER s2@group-AFAFC3C3BFBF:t1, leader=null, voted=s2, raftlog=s2@group-AFAFC3C3BFBF-SegmentedRaftLog:OPENED:c-1,f-1,i0, conf=-1: [s0:0.0.0.0:37202, s1:0.0.0.0:38903, s2:0.0.0.0:37158], old=null RUNNING, sleep 450ms and then retry.
java.lang.IllegalStateException: No leader yet : printing ALL groups
  s0:  RUNNING  FOLLOWER s0@group-AFAFC3C3BFBF:t1, leader=null, voted=s0, raftlog=s0@group-AFAFC3C3BFBF-SegmentedRaftLog:OPENED:c-1,f-1,i0, conf=-1: [s0:0.0.0.0:37202, s1:0.0.0.0:38903, s2:0.0.0.0:37158], old=null RUNNING
  s1:  RUNNING CANDIDATE s1@group-AFAFC3C3BFBF:t2, leader=null, voted=s1, raftlog=s1@group-AFAFC3C3BFBF-SegmentedRaftLog:OPENED:c-1,f-1,i0, conf=-1: [s0:0.0.0.0:37202, s1:0.0.0.0:38903, s2:0.0.0.0:37158], old=null RUNNING
  s2:  RUNNING  FOLLOWER s2@group-AFAFC3C3BFBF:t1, leader=null, voted=s2, raftlog=s2@group-AFAFC3C3BFBF-SegmentedRaftLog:OPENED:c-1,f-1,i0, conf=-1: [s0:0.0.0.0:37202, s1:0.0.0.0:38903, s2:0.0.0.0:37158], old=null RUNNING
	at org.apache.ratis.MiniRaftCluster.newIllegalStateExceptionForNoLeaders(MiniRaftCluster.java:506)
	at org.apache.ratis.RaftTestUtil.lambda$waitForLeader$1(RaftTestUtil.java:90)
	at org.apache.ratis.MiniRaftCluster.getLeader(MiniRaftCluster.java:539)
	at org.apache.ratis.MiniRaftCluster.getLeader(MiniRaftCluster.java:532)
	at org.apache.ratis.RaftTestUtil.lambda$waitForLeader$3(RaftTestUtil.java:98)
	at org.apache.ratis.util.JavaUtils.attempt(JavaUtils.java:152)
	at org.apache.ratis.RaftTestUtil.waitForLeader(RaftTestUtil.java:97)
	at org.apache.ratis.RaftTestUtil.waitForLeader(RaftTestUtil.java:77)
	at org.apache.ratis.RaftTestUtil.waitForLeader(RaftTestUtil.java:72)
	at org.apache.ratis.RaftAsyncTests.testNoRetryWaitOnNotLeaderException(RaftAsyncTests.java:404)
	at sun.reflect.NativeMethodAccessorImpl.invoke0(Native Method)
	at sun.reflect.NativeMethodAccessorImpl.invoke(NativeMethodAccessorImpl.java:62)
	at sun.reflect.DelegatingMethodAccessorImpl.invoke(DelegatingMethodAccessorImpl.java:43)
	at java.lang.reflect.Method.invoke(Method.java:498)
	at org.junit.runners.model.FrameworkMethod$1.runReflectiveCall(FrameworkMethod.java:50)
	at org.junit.internal.runners.model.ReflectiveCallable.run(ReflectiveCallable.java:12)
	at org.junit.runners.model.FrameworkMethod.invokeExplosively(FrameworkMethod.java:47)
	at org.junit.internal.runners.statements.InvokeMethod.evaluate(InvokeMethod.java:17)
	at org.junit.internal.runners.statements.FailOnTimeout$CallableStatement.call(FailOnTimeout.java:298)
	at org.junit.internal.runners.statements.FailOnTimeout$CallableStatement.call(FailOnTimeout.java:292)
	at java.util.concurrent.FutureTask.run(FutureTask.java:266)
	at java.lang.Thread.run(Thread.java:748)
2019-09-24 16:09:06,360 INFO  impl.LeaderElection (LeaderElection.java:askForVotes(178)) - s1@group-AFAFC3C3BFBF-LeaderElection48: begin an election at term 2 for -1: [s0:0.0.0.0:37202, s1:0.0.0.0:38903, s2:0.0.0.0:37158], old=null
2019-09-24 16:09:06,362 DEBUG impl.RaftServerImpl (RaftServerImpl.java:requestVote(743)) - s0@group-AFAFC3C3BFBF: receive requestVote(s1, group-AFAFC3C3BFBF, 2, (t:0, i:0))
2019-09-24 16:09:06,362 DEBUG impl.RaftServerImpl (RaftServerImpl.java:requestVote(743)) - s2@group-AFAFC3C3BFBF: receive requestVote(s1, group-AFAFC3C3BFBF, 2, (t:0, i:0))
2019-09-24 16:09:06,362 INFO  impl.RaftServerImpl (RaftServerImpl.java:setRole(170)) - s0@group-AFAFC3C3BFBF: changes role from  FOLLOWER to FOLLOWER at term 2 for recognizeCandidate:s1
2019-09-24 16:09:06,362 INFO  impl.RaftServerImpl (RaftServerImpl.java:setRole(170)) - s2@group-AFAFC3C3BFBF: changes role from  FOLLOWER to FOLLOWER at term 2 for recognizeCandidate:s1
2019-09-24 16:09:06,362 INFO  impl.RoleInfo (RoleInfo.java:shutdownFollowerState(121)) - s0: shutdown FollowerState
2019-09-24 16:09:06,363 INFO  impl.RoleInfo (RoleInfo.java:shutdownFollowerState(121)) - s2: shutdown FollowerState
2019-09-24 16:09:06,363 INFO  impl.FollowerState (FollowerState.java:run(117)) - s0@group-AFAFC3C3BFBF-FollowerState was interrupted: java.lang.InterruptedException: sleep interrupted
2019-09-24 16:09:06,363 INFO  impl.FollowerState (FollowerState.java:run(117)) - s2@group-AFAFC3C3BFBF-FollowerState was interrupted: java.lang.InterruptedException: sleep interrupted
2019-09-24 16:09:06,363 INFO  impl.RoleInfo (RoleInfo.java:updateAndGet(143)) - s0: start FollowerState
2019-09-24 16:09:06,363 INFO  impl.RoleInfo (RoleInfo.java:updateAndGet(143)) - s2: start FollowerState
2019-09-24 16:09:06,377 DEBUG impl.RaftServerImpl (RaftServerImpl.java:requestVote(775)) - s0@group-AFAFC3C3BFBF replies to vote request: s1<-s0#0:OK-t2. Peer's state: s0@group-AFAFC3C3BFBF:t2, leader=null, voted=s1, raftlog=s0@group-AFAFC3C3BFBF-SegmentedRaftLog:OPENED:c-1,f-1,i0, conf=-1: [s0:0.0.0.0:37202, s1:0.0.0.0:38903, s2:0.0.0.0:37158], old=null
2019-09-24 16:09:06,377 DEBUG impl.RaftServerImpl (RaftServerImpl.java:requestVote(775)) - s2@group-AFAFC3C3BFBF replies to vote request: s1<-s2#0:OK-t2. Peer's state: s2@group-AFAFC3C3BFBF:t2, leader=null, voted=s1, raftlog=s2@group-AFAFC3C3BFBF-SegmentedRaftLog:OPENED:c-1,f-1,i0, conf=-1: [s0:0.0.0.0:37202, s1:0.0.0.0:38903, s2:0.0.0.0:37158], old=null
2019-09-24 16:09:06,378 INFO  impl.LeaderElection (LeaderElection.java:logAndReturn(56)) - s1@group-AFAFC3C3BFBF-LeaderElection48: Election PASSED; received 1 response(s) [s1<-s0#0:OK-t2] and 0 exception(s); s1@group-AFAFC3C3BFBF:t2, leader=null, voted=s1, raftlog=s1@group-AFAFC3C3BFBF-SegmentedRaftLog:OPENED:c-1,f-1,i0, conf=-1: [s0:0.0.0.0:37202, s1:0.0.0.0:38903, s2:0.0.0.0:37158], old=null
2019-09-24 16:09:06,379 INFO  impl.RoleInfo (RoleInfo.java:shutdownLeaderElection(134)) - s1: shutdown LeaderElection
2019-09-24 16:09:06,379 INFO  impl.RaftServerImpl (RaftServerImpl.java:setRole(170)) - s1@group-AFAFC3C3BFBF: changes role from CANDIDATE to LEADER at term 2 for changeToLeader
2019-09-24 16:09:06,379 INFO  impl.RaftServerImpl (ServerState.java:setLeader(254)) - s1@group-AFAFC3C3BFBF: change Leader from null to s1 at term 2 for becomeLeader, leader elected after 511ms
2019-09-24 16:09:06,380 INFO  server.RaftServerConfigKeys (ConfUtils.java:logGet(43)) - raft.server.staging.catchup.gap = 1000 (default)
2019-09-24 16:09:06,380 INFO  server.RaftServerConfigKeys (ConfUtils.java:logGet(43)) - raft.server.rpc.sleep.time = 25ms (default)
2019-09-24 16:09:06,380 INFO  server.RaftServerConfigKeys (ConfUtils.java:logGet(43)) - raft.server.write.element-limit = 4096 (default)
2019-09-24 16:09:06,380 INFO  server.RaftServerConfigKeys (ConfUtils.java:logGet(43)) - raft.server.watch.timeout = 10s (default)
2019-09-24 16:09:06,380 INFO  server.RaftServerConfigKeys (ConfUtils.java:logGet(43)) - raft.server.watch.timeout.denomination = 1s (default)
2019-09-24 16:09:06,380 INFO  server.RaftServerConfigKeys (ConfUtils.java:logGet(43)) - raft.server.watch.element-limit = 65536 (default)
2019-09-24 16:09:06,383 INFO  server.RaftServerConfigKeys (ConfUtils.java:logGet(43)) - raft.server.log.appender.snapshot.chunk.size.max = 16MB (=16777216) (default)
2019-09-24 16:09:06,383 INFO  server.RaftServerConfigKeys (ConfUtils.java:logGet(43)) - raft.server.log.appender.buffer.byte-limit = 4MB (=4194304) (default)
2019-09-24 16:09:06,383 INFO  server.RaftServerConfigKeys (ConfUtils.java:logGet(43)) - raft.server.log.appender.buffer.element-limit = 0 (default)
2019-09-24 16:09:06,384 INFO  grpc.GrpcConfigKeys$Server (ConfUtils.java:logGet(43)) - raft.grpc.server.leader.outstanding.appends.max = 128 (default)
2019-09-24 16:09:06,384 INFO  server.RaftServerConfigKeys (ConfUtils.java:logGet(43)) - raft.server.rpc.request.timeout = 3000ms (default)
2019-09-24 16:09:06,384 INFO  server.RaftServerConfigKeys (ConfUtils.java:logGet(43)) - raft.server.log.appender.install.snapshot.enabled = true (default)
2019-09-24 16:09:06,384 INFO  server.RaftServerConfigKeys (ConfUtils.java:logGet(43)) - raft.server.log.appender.snapshot.chunk.size.max = 16MB (=16777216) (default)
2019-09-24 16:09:06,384 INFO  server.RaftServerConfigKeys (ConfUtils.java:logGet(43)) - raft.server.log.appender.buffer.byte-limit = 4MB (=4194304) (default)
2019-09-24 16:09:06,384 INFO  server.RaftServerConfigKeys (ConfUtils.java:logGet(43)) - raft.server.log.appender.buffer.element-limit = 0 (default)
2019-09-24 16:09:06,385 INFO  grpc.GrpcConfigKeys$Server (ConfUtils.java:logGet(43)) - raft.grpc.server.leader.outstanding.appends.max = 128 (default)
2019-09-24 16:09:06,385 INFO  server.RaftServerConfigKeys (ConfUtils.java:logGet(43)) - raft.server.rpc.request.timeout = 3000ms (default)
2019-09-24 16:09:06,385 INFO  server.RaftServerConfigKeys (ConfUtils.java:logGet(43)) - raft.server.log.appender.install.snapshot.enabled = true (default)
2019-09-24 16:09:06,386 INFO  impl.RoleInfo (RoleInfo.java:updateAndGet(143)) - s1: start LeaderState
2019-09-24 16:09:06,386 INFO  segmented.SegmentedRaftLogWorker (SegmentedRaftLogWorker.java:startLogSegment(380)) - s1@group-AFAFC3C3BFBF-SegmentedRaftLogWorker: Starting segment from index:0
2019-09-24 16:09:06,387 INFO  impl.RaftServerImpl (ServerState.java:setRaftConf(355)) - s1@group-AFAFC3C3BFBF: set configuration 0: [s0:0.0.0.0:37202, s1:0.0.0.0:38903, s2:0.0.0.0:37158], old=null at 0
2019-09-24 16:09:06,387 INFO  impl.RaftServerImpl (ServerState.java:setLeader(254)) - s0@group-AFAFC3C3BFBF: change Leader from null to s1 at term 2 for appendEntries, leader elected after 519ms
2019-09-24 16:09:06,388 INFO  impl.RaftServerImpl (ServerState.java:setLeader(254)) - s2@group-AFAFC3C3BFBF: change Leader from null to s1 at term 2 for appendEntries, leader elected after 519ms
2019-09-24 16:09:06,388 DEBUG impl.RaftServerImpl (RaftServerImpl.java:logAppendEntries(850)) - s0@group-AFAFC3C3BFBF: receive appendEntries(s1, 2, null, -1, false, commits[s1:c-1, s0:c-1, s2:c-1], entries: (t:2, i:0), CONFIGURATIONENTRY
2019-09-24 16:09:06,389 INFO  impl.RaftServerImpl (ServerState.java:setRaftConf(355)) - s0@group-AFAFC3C3BFBF: set configuration 0: [s0:0.0.0.0:37202, s1:0.0.0.0:38903, s2:0.0.0.0:37158], old=null at 0
2019-09-24 16:09:06,389 DEBUG impl.RaftServerImpl (RaftServerImpl.java:logAppendEntries(850)) - s2@group-AFAFC3C3BFBF: receive appendEntries(s1, 2, null, -1, false, commits[s1:c-1, s0:c-1, s2:c-1], entries: (t:2, i:0), CONFIGURATIONENTRY
2019-09-24 16:09:06,389 INFO  segmented.SegmentedRaftLogWorker (SegmentedRaftLogWorker.java:startLogSegment(380)) - s0@group-AFAFC3C3BFBF-SegmentedRaftLogWorker: Starting segment from index:0
2019-09-24 16:09:06,389 INFO  impl.RaftServerImpl (ServerState.java:setRaftConf(355)) - s2@group-AFAFC3C3BFBF: set configuration 0: [s0:0.0.0.0:37202, s1:0.0.0.0:38903, s2:0.0.0.0:37158], old=null at 0
2019-09-24 16:09:06,389 INFO  segmented.SegmentedRaftLogWorker (SegmentedRaftLogWorker.java:startLogSegment(380)) - s2@group-AFAFC3C3BFBF-SegmentedRaftLogWorker: Starting segment from index:0
2019-09-24 16:09:06,798 INFO  ratis.RaftTestUtil (RaftTestUtil.java:waitForLeader(101)) - printing ALL groups
  s0:  RUNNING  FOLLOWER s0@group-AFAFC3C3BFBF:t2, leader=s1, voted=s1, raftlog=s0@group-AFAFC3C3BFBF-SegmentedRaftLog:OPENED:c-1,f-1,i0, conf=0: [s0:0.0.0.0:37202, s1:0.0.0.0:38903, s2:0.0.0.0:37158], old=null RUNNING
  s1:  RUNNING    LEADER s1@group-AFAFC3C3BFBF:t2, leader=s1, voted=s1, raftlog=s1@group-AFAFC3C3BFBF-SegmentedRaftLog:OPENED:c-1,f-1,i0, conf=0: [s0:0.0.0.0:37202, s1:0.0.0.0:38903, s2:0.0.0.0:37158], old=null RUNNING
  s2:  RUNNING  FOLLOWER s2@group-AFAFC3C3BFBF:t2, leader=s1, voted=s1, raftlog=s2@group-AFAFC3C3BFBF-SegmentedRaftLog:OPENED:c-1,f-1,i0, conf=0: [s0:0.0.0.0:37202, s1:0.0.0.0:38903, s2:0.0.0.0:37158], old=null RUNNING
2019-09-24 16:09:06,800 DEBUG client.RaftClient (ConfUtils.java:logGet(43)) - raft.rpc.type = GRPC (default)
2019-09-24 16:09:06,802 DEBUG impl.RaftServerImpl (RaftServerImpl.java:submitClientRequestAsync(533)) - s0@group-AFAFC3C3BFBF: receive client request(RaftClientRequest:client-FB52FCF96482->s0@group-AFAFC3C3BFBF, cid=5337, seq=1*, RW, Message:616263)
2019-09-24 16:09:06,804 DEBUG client.RaftClient (RaftClientImpl.java:handleIOException(343)) - client-FB52FCF96482: suggested new leader: s1. Failed RaftClientRequest:client-FB52FCF96482->s0@group-AFAFC3C3BFBF, cid=5337, seq=1*, RW, abc with org.apache.ratis.protocol.NotLeaderException: Server s0@group-AFAFC3C3BFBF is not the leader s1:0.0.0.0:38903
2019-09-24 16:09:06,805 DEBUG client.RaftClient (RaftClientImpl.java:handleIOException(362)) - client-FB52FCF96482: oldLeader=s0,  curLeader=s0, newLeader=s1
2019-09-24 16:09:06,805 DEBUG client.RaftClient (RaftClientImpl.java:handleIOException(370)) - group-AFAFC3C3BFBF client-FB52FCF96482: client change Leader from s0 to s1 ex=org.apache.ratis.protocol.NotLeaderException
2019-09-24 16:09:06,808 DEBUG impl.RaftServerImpl (RaftServerImpl.java:submitClientRequestAsync(533)) - s1@group-AFAFC3C3BFBF: receive client request(RaftClientRequest:client-FB52FCF96482->s1@group-AFAFC3C3BFBF, cid=5337, seq=1*, RW, Message:616263)
2019-09-24 16:09:06,809 DEBUG client.RaftClient (RaftClientImpl.java:handleIOException(343)) - client-FB52FCF96482: suggested new leader: null. Failed RaftClientRequest:client-FB52FCF96482->s1@group-AFAFC3C3BFBF, cid=5337, seq=1*, RW, abc with org.apache.ratis.protocol.LeaderNotReadyException: s1@group-AFAFC3C3BFBF is in LEADER state but not ready yet.
2019-09-24 16:09:09,389 WARN  server.GrpcLogAppender (GrpcLogAppender.java:timeoutAppendRequest(200)) - s1@group-AFAFC3C3BFBF->s0-GrpcLogAppender: appendEntries Timeout, request=s1->s0#1-t2, previous=(t:0, i:0), leaderCommit=-1, initializing? false, entries: size=1, first=(t:2, i:0), CONFIGURATIONENTRY
2019-09-24 16:09:09,389 WARN  server.GrpcLogAppender (GrpcLogAppender.java:timeoutAppendRequest(200)) - s1@group-AFAFC3C3BFBF->s2-GrpcLogAppender: appendEntries Timeout, request=s1->s2#1-t2, previous=(t:0, i:0), leaderCommit=-1, initializing? false, entries: size=1, first=(t:2, i:0), CONFIGURATIONENTRY
2019-09-24 16:09:09,464 WARN  server.GrpcLogAppender (GrpcLogAppender.java:timeoutAppendRequest(200)) - s1@group-AFAFC3C3BFBF->s0-GrpcLogAppender: appendEntries Timeout, request=s1->s0#2-t2, previous=(t:2, i:0), leaderCommit=-1, initializing? false, entries: <empty>
2019-09-24 16:09:09,464 WARN  server.GrpcLogAppender (GrpcLogAppender.java:timeoutAppendRequest(200)) - s1@group-AFAFC3C3BFBF->s2-GrpcLogAppender: appendEntries Timeout, request=s1->s2#2-t2, previous=(t:2, i:0), leaderCommit=-1, initializing? false, entries: <empty>
2019-09-24 16:09:09,539 WARN  server.GrpcLogAppender (GrpcLogAppender.java:timeoutAppendRequest(200)) - s1@group-AFAFC3C3BFBF->s0-GrpcLogAppender: appendEntries Timeout, request=s1->s0#3-t2, previous=(t:2, i:0), leaderCommit=-1, initializing? false, entries: <empty>
2019-09-24 16:09:09,539 WARN  server.GrpcLogAppender (GrpcLogAppender.java:timeoutAppendRequest(200)) - s1@group-AFAFC3C3BFBF->s2-GrpcLogAppender: appendEntries Timeout, request=s1->s2#3-t2, previous=(t:2, i:0), leaderCommit=-1, initializing? false, entries: <empty>
2019-09-24 16:09:09,614 WARN  server.GrpcLogAppender (GrpcLogAppender.java:timeoutAppendRequest(200)) - s1@group-AFAFC3C3BFBF->s0-GrpcLogAppender: appendEntries Timeout, request=s1->s0#4-t2, previous=(t:2, i:0), leaderCommit=-1, initializing? false, entries: <empty>
2019-09-24 16:09:09,614 WARN  server.GrpcLogAppender (GrpcLogAppender.java:timeoutAppendRequest(200)) - s1@group-AFAFC3C3BFBF->s2-GrpcLogAppender: appendEntries Timeout, request=s1->s2#4-t2, previous=(t:2, i:0), leaderCommit=-1, initializing? false, entries: <empty>
2019-09-24 16:09:09,689 WARN  server.GrpcLogAppender (GrpcLogAppender.java:timeoutAppendRequest(200)) - s1@group-AFAFC3C3BFBF->s0-GrpcLogAppender: appendEntries Timeout, request=s1->s0#5-t2, previous=(t:2, i:0), leaderCommit=-1, initializing? false, entries: <empty>
2019-09-24 16:09:09,690 WARN  server.GrpcLogAppender (GrpcLogAppender.java:timeoutAppendRequest(200)) - s1@group-AFAFC3C3BFBF->s2-GrpcLogAppender: appendEntries Timeout, request=s1->s2#5-t2, previous=(t:2, i:0), leaderCommit=-1, initializing? false, entries: <empty>
2019-09-24 16:09:09,764 WARN  server.GrpcLogAppender (GrpcLogAppender.java:timeoutAppendRequest(200)) - s1@group-AFAFC3C3BFBF->s0-GrpcLogAppender: appendEntries Timeout, request=s1->s0#6-t2, previous=(t:2, i:0), leaderCommit=-1, initializing? false, entries: <empty>
2019-09-24 16:09:09,765 WARN  server.GrpcLogAppender (GrpcLogAppender.java:timeoutAppendRequest(200)) - s1@group-AFAFC3C3BFBF->s2-GrpcLogAppender: appendEntries Timeout, request=s1->s2#6-t2, previous=(t:2, i:0), leaderCommit=-1, initializing? false, entries: <empty>
2019-09-24 16:09:09,839 WARN  server.GrpcLogAppender (GrpcLogAppender.java:timeoutAppendRequest(200)) - s1@group-AFAFC3C3BFBF->s0-GrpcLogAppender: appendEntries Timeout, request=s1->s0#7-t2, previous=(t:2, i:0), leaderCommit=-1, initializing? false, entries: <empty>
2019-09-24 16:09:09,840 WARN  server.GrpcLogAppender (GrpcLogAppender.java:timeoutAppendRequest(200)) - s1@group-AFAFC3C3BFBF->s2-GrpcLogAppender: appendEntries Timeout, request=s1->s2#7-t2, previous=(t:2, i:0), leaderCommit=-1, initializing? false, entries: <empty>
2019-09-24 16:09:09,915 WARN  server.GrpcLogAppender (GrpcLogAppender.java:timeoutAppendRequest(200)) - s1@group-AFAFC3C3BFBF->s0-GrpcLogAppender: appendEntries Timeout, request=s1->s0#8-t2, previous=(t:2, i:0), leaderCommit=-1, initializing? false, entries: <empty>
2019-09-24 16:09:09,915 WARN  server.GrpcLogAppender (GrpcLogAppender.java:timeoutAppendRequest(200)) - s1@group-AFAFC3C3BFBF->s2-GrpcLogAppender: appendEntries Timeout, request=s1->s2#8-t2, previous=(t:2, i:0), leaderCommit=-1, initializing? false, entries: <empty>
2019-09-24 16:09:09,990 WARN  server.GrpcLogAppender (GrpcLogAppender.java:timeoutAppendRequest(200)) - s1@group-AFAFC3C3BFBF->s0-GrpcLogAppender: appendEntries Timeout, request=s1->s0#9-t2, previous=(t:2, i:0), leaderCommit=-1, initializing? false, entries: <empty>
2019-09-24 16:09:09,990 WARN  server.GrpcLogAppender (GrpcLogAppender.java:timeoutAppendRequest(200)) - s1@group-AFAFC3C3BFBF->s2-GrpcLogAppender: appendEntries Timeout, request=s1->s2#9-t2, previous=(t:2, i:0), leaderCommit=-1, initializing? false, entries: <empty>
2019-09-24 16:09:10,065 WARN  server.GrpcLogAppender (GrpcLogAppender.java:timeoutAppendRequest(200)) - s1@group-AFAFC3C3BFBF->s0-GrpcLogAppender: appendEntries Timeout, request=s1->s0#10-t2, previous=(t:2, i:0), leaderCommit=-1, initializing? false, entries: <empty>
2019-09-24 16:09:10,065 WARN  server.GrpcLogAppender (GrpcLogAppender.java:timeoutAppendRequest(200)) - s1@group-AFAFC3C3BFBF->s2-GrpcLogAppender: appendEntries Timeout, request=s1->s2#10-t2, previous=(t:2, i:0), leaderCommit=-1, initializing? false, entries: <empty>
2019-09-24 16:09:10,140 WARN  server.GrpcLogAppender (GrpcLogAppender.java:timeoutAppendRequest(200)) - s1@group-AFAFC3C3BFBF->s0-GrpcLogAppender: appendEntries Timeout, request=s1->s0#11-t2, previous=(t:2, i:0), leaderCommit=-1, initializing? false, entries: <empty>
2019-09-24 16:09:10,140 WARN  server.GrpcLogAppender (GrpcLogAppender.java:timeoutAppendRequest(200)) - s1@group-AFAFC3C3BFBF->s2-GrpcLogAppender: appendEntries Timeout, request=s1->s2#11-t2, previous=(t:2, i:0), leaderCommit=-1, initializing? false, entries: <empty>
2019-09-24 16:09:10,215 WARN  server.GrpcLogAppender (GrpcLogAppender.java:timeoutAppendRequest(200)) - s1@group-AFAFC3C3BFBF->s0-GrpcLogAppender: appendEntries Timeout, request=s1->s0#12-t2, previous=(t:2, i:0), leaderCommit=-1, initializing? false, entries: <empty>
2019-09-24 16:09:10,216 WARN  server.GrpcLogAppender (GrpcLogAppender.java:timeoutAppendRequest(200)) - s1@group-AFAFC3C3BFBF->s2-GrpcLogAppender: appendEntries Timeout, request=s1->s2#12-t2, previous=(t:2, i:0), leaderCommit=-1, initializing? false, entries: <empty>
2019-09-24 16:09:10,291 WARN  server.GrpcLogAppender (GrpcLogAppender.java:timeoutAppendRequest(200)) - s1@group-AFAFC3C3BFBF->s0-GrpcLogAppender: appendEntries Timeout, request=s1->s0#13-t2, previous=(t:2, i:0), leaderCommit=-1, initializing? false, entries: <empty>
2019-09-24 16:09:10,291 WARN  server.GrpcLogAppender (GrpcLogAppender.java:timeoutAppendRequest(200)) - s1@group-AFAFC3C3BFBF->s2-GrpcLogAppender: appendEntries Timeout, request=s1->s2#13-t2, previous=(t:2, i:0), leaderCommit=-1, initializing? false, entries: <empty>
2019-09-24 16:09:10,366 WARN  server.GrpcLogAppender (GrpcLogAppender.java:timeoutAppendRequest(200)) - s1@group-AFAFC3C3BFBF->s0-GrpcLogAppender: appendEntries Timeout, request=s1->s0#14-t2, previous=(t:2, i:0), leaderCommit=-1, initializing? false, entries: <empty>
2019-09-24 16:09:10,366 WARN  server.GrpcLogAppender (GrpcLogAppender.java:timeoutAppendRequest(200)) - s1@group-AFAFC3C3BFBF->s2-GrpcLogAppender: appendEntries Timeout, request=s1->s2#14-t2, previous=(t:2, i:0), leaderCommit=-1, initializing? false, entries: <empty>
2019-09-24 16:09:10,441 WARN  server.GrpcLogAppender (GrpcLogAppender.java:timeoutAppendRequest(200)) - s1@group-AFAFC3C3BFBF->s0-GrpcLogAppender: appendEntries Timeout, request=s1->s0#15-t2, previous=(t:2, i:0), leaderCommit=-1, initializing? false, entries: <empty>
2019-09-24 16:09:10,441 WARN  server.GrpcLogAppender (GrpcLogAppender.java:timeoutAppendRequest(200)) - s1@group-AFAFC3C3BFBF->s2-GrpcLogAppender: appendEntries Timeout, request=s1->s2#15-t2, previous=(t:2, i:0), leaderCommit=-1, initializing? false, entries: <empty>
2019-09-24 16:09:10,516 WARN  server.GrpcLogAppender (GrpcLogAppender.java:timeoutAppendRequest(200)) - s1@group-AFAFC3C3BFBF->s2-GrpcLogAppender: appendEntries Timeout, request=s1->s2#16-t2, previous=(t:2, i:0), leaderCommit=-1, initializing? false, entries: <empty>
2019-09-24 16:09:10,516 WARN  server.GrpcLogAppender (GrpcLogAppender.java:timeoutAppendRequest(200)) - s1@group-AFAFC3C3BFBF->s0-GrpcLogAppender: appendEntries Timeout, request=s1->s0#16-t2, previous=(t:2, i:0), leaderCommit=-1, initializing? false, entries: <empty>
2019-09-24 16:09:10,591 WARN  server.GrpcLogAppender (GrpcLogAppender.java:timeoutAppendRequest(200)) - s1@group-AFAFC3C3BFBF->s0-GrpcLogAppender: appendEntries Timeout, request=s1->s0#17-t2, previous=(t:2, i:0), leaderCommit=-1, initializing? false, entries: <empty>
2019-09-24 16:09:10,591 WARN  server.GrpcLogAppender (GrpcLogAppender.java:timeoutAppendRequest(200)) - s1@group-AFAFC3C3BFBF->s2-GrpcLogAppender: appendEntries Timeout, request=s1->s2#17-t2, previous=(t:2, i:0), leaderCommit=-1, initializing? false, entries: <empty>
2019-09-24 16:09:10,667 WARN  server.GrpcLogAppender (GrpcLogAppender.java:timeoutAppendRequest(200)) - s1@group-AFAFC3C3BFBF->s0-GrpcLogAppender: appendEntries Timeout, request=s1->s0#18-t2, previous=(t:2, i:0), leaderCommit=-1, initializing? false, entries: <empty>
2019-09-24 16:09:10,667 WARN  server.GrpcLogAppender (GrpcLogAppender.java:timeoutAppendRequest(200)) - s1@group-AFAFC3C3BFBF->s2-GrpcLogAppender: appendEntries Timeout, request=s1->s2#18-t2, previous=(t:2, i:0), leaderCommit=-1, initializing? false, entries: <empty>
2019-09-24 16:09:10,742 WARN  server.GrpcLogAppender (GrpcLogAppender.java:timeoutAppendRequest(200)) - s1@group-AFAFC3C3BFBF->s0-GrpcLogAppender: appendEntries Timeout, request=s1->s0#19-t2, previous=(t:2, i:0), leaderCommit=-1, initializing? false, entries: <empty>
2019-09-24 16:09:10,742 WARN  server.GrpcLogAppender (GrpcLogAppender.java:timeoutAppendRequest(200)) - s1@group-AFAFC3C3BFBF->s2-GrpcLogAppender: appendEntries Timeout, request=s1->s2#19-t2, previous=(t:2, i:0), leaderCommit=-1, initializing? false, entries: <empty>
2019-09-24 16:09:10,817 WARN  server.GrpcLogAppender (GrpcLogAppender.java:timeoutAppendRequest(200)) - s1@group-AFAFC3C3BFBF->s0-GrpcLogAppender: appendEntries Timeout, request=s1->s0#20-t2, previous=(t:2, i:0), leaderCommit=-1, initializing? false, entries: <empty>
2019-09-24 16:09:10,817 WARN  server.GrpcLogAppender (GrpcLogAppender.java:timeoutAppendRequest(200)) - s1@group-AFAFC3C3BFBF->s2-GrpcLogAppender: appendEntries Timeout, request=s1->s2#20-t2, previous=(t:2, i:0), leaderCommit=-1, initializing? false, entries: <empty>
2019-09-24 16:09:10,892 WARN  server.GrpcLogAppender (GrpcLogAppender.java:timeoutAppendRequest(200)) - s1@group-AFAFC3C3BFBF->s2-GrpcLogAppender: appendEntries Timeout, request=s1->s2#21-t2, previous=(t:2, i:0), leaderCommit=-1, initializing? false, entries: <empty>
2019-09-24 16:09:10,892 WARN  server.GrpcLogAppender (GrpcLogAppender.java:timeoutAppendRequest(200)) - s1@group-AFAFC3C3BFBF->s0-GrpcLogAppender: appendEntries Timeout, request=s1->s0#21-t2, previous=(t:2, i:0), leaderCommit=-1, initializing? false, entries: <empty>
2019-09-24 16:09:10,968 WARN  server.GrpcLogAppender (GrpcLogAppender.java:timeoutAppendRequest(200)) - s1@group-AFAFC3C3BFBF->s2-GrpcLogAppender: appendEntries Timeout, request=s1->s2#22-t2, previous=(t:2, i:0), leaderCommit=-1, initializing? false, entries: <empty>
2019-09-24 16:09:10,968 WARN  server.GrpcLogAppender (GrpcLogAppender.java:timeoutAppendRequest(200)) - s1@group-AFAFC3C3BFBF->s0-GrpcLogAppender: appendEntries Timeout, request=s1->s0#22-t2, previous=(t:2, i:0), leaderCommit=-1, initializing? false, entries: <empty>
2019-09-24 16:09:11,043 WARN  server.GrpcLogAppender (GrpcLogAppender.java:timeoutAppendRequest(200)) - s1@group-AFAFC3C3BFBF->s0-GrpcLogAppender: appendEntries Timeout, request=s1->s0#23-t2, previous=(t:2, i:0), leaderCommit=-1, initializing? false, entries: <empty>
2019-09-24 16:09:11,043 WARN  server.GrpcLogAppender (GrpcLogAppender.java:timeoutAppendRequest(200)) - s1@group-AFAFC3C3BFBF->s2-GrpcLogAppender: appendEntries Timeout, request=s1->s2#23-t2, previous=(t:2, i:0), leaderCommit=-1, initializing? false, entries: <empty>
2019-09-24 16:09:11,118 WARN  server.GrpcLogAppender (GrpcLogAppender.java:timeoutAppendRequest(200)) - s1@group-AFAFC3C3BFBF->s2-GrpcLogAppender: appendEntries Timeout, request=s1->s2#24-t2, previous=(t:2, i:0), leaderCommit=-1, initializing? false, entries: <empty>
2019-09-24 16:09:11,118 WARN  server.GrpcLogAppender (GrpcLogAppender.java:timeoutAppendRequest(200)) - s1@group-AFAFC3C3BFBF->s0-GrpcLogAppender: appendEntries Timeout, request=s1->s0#24-t2, previous=(t:2, i:0), leaderCommit=-1, initializing? false, entries: <empty>
2019-09-24 16:09:11,193 WARN  server.GrpcLogAppender (GrpcLogAppender.java:timeoutAppendRequest(200)) - s1@group-AFAFC3C3BFBF->s0-GrpcLogAppender: appendEntries Timeout, request=s1->s0#25-t2, previous=(t:2, i:0), leaderCommit=-1, initializing? false, entries: <empty>
2019-09-24 16:09:11,193 WARN  server.GrpcLogAppender (GrpcLogAppender.java:timeoutAppendRequest(200)) - s1@group-AFAFC3C3BFBF->s2-GrpcLogAppender: appendEntries Timeout, request=s1->s2#25-t2, previous=(t:2, i:0), leaderCommit=-1, initializing? false, entries: <empty>
2019-09-24 16:09:11,268 WARN  server.GrpcLogAppender (GrpcLogAppender.java:timeoutAppendRequest(200)) - s1@group-AFAFC3C3BFBF->s0-GrpcLogAppender: appendEntries Timeout, request=s1->s0#26-t2, previous=(t:2, i:0), leaderCommit=-1, initializing? false, entries: <empty>
2019-09-24 16:09:11,268 WARN  server.GrpcLogAppender (GrpcLogAppender.java:timeoutAppendRequest(200)) - s1@group-AFAFC3C3BFBF->s2-GrpcLogAppender: appendEntries Timeout, request=s1->s2#26-t2, previous=(t:2, i:0), leaderCommit=-1, initializing? false, entries: <empty>
2019-09-24 16:09:11,343 WARN  server.GrpcLogAppender (GrpcLogAppender.java:timeoutAppendRequest(200)) - s1@group-AFAFC3C3BFBF->s2-GrpcLogAppender: appendEntries Timeout, request=s1->s2#27-t2, previous=(t:2, i:0), leaderCommit=-1, initializing? false, entries: <empty>
2019-09-24 16:09:11,344 WARN  server.GrpcLogAppender (GrpcLogAppender.java:timeoutAppendRequest(200)) - s1@group-AFAFC3C3BFBF->s0-GrpcLogAppender: appendEntries Timeout, request=s1->s0#27-t2, previous=(t:2, i:0), leaderCommit=-1, initializing? false, entries: <empty>
2019-09-24 16:09:11,419 WARN  server.GrpcLogAppender (GrpcLogAppender.java:timeoutAppendRequest(200)) - s1@group-AFAFC3C3BFBF->s0-GrpcLogAppender: appendEntries Timeout, request=s1->s0#28-t2, previous=(t:2, i:0), leaderCommit=-1, initializing? false, entries: <empty>
2019-09-24 16:09:11,419 WARN  server.GrpcLogAppender (GrpcLogAppender.java:timeoutAppendRequest(200)) - s1@group-AFAFC3C3BFBF->s2-GrpcLogAppender: appendEntries Timeout, request=s1->s2#28-t2, previous=(t:2, i:0), leaderCommit=-1, initializing? false, entries: <empty>
2019-09-24 16:09:11,494 WARN  server.GrpcLogAppender (GrpcLogAppender.java:timeoutAppendRequest(200)) - s1@group-AFAFC3C3BFBF->s2-GrpcLogAppender: appendEntries Timeout, request=s1->s2#29-t2, previous=(t:2, i:0), leaderCommit=-1, initializing? false, entries: <empty>
2019-09-24 16:09:11,494 WARN  server.GrpcLogAppender (GrpcLogAppender.java:timeoutAppendRequest(200)) - s1@group-AFAFC3C3BFBF->s0-GrpcLogAppender: appendEntries Timeout, request=s1->s0#29-t2, previous=(t:2, i:0), leaderCommit=-1, initializing? false, entries: <empty>
2019-09-24 16:09:11,569 WARN  server.GrpcLogAppender (GrpcLogAppender.java:timeoutAppendRequest(200)) - s1@group-AFAFC3C3BFBF->s0-GrpcLogAppender: appendEntries Timeout, request=s1->s0#30-t2, previous=(t:2, i:0), leaderCommit=-1, initializing? false, entries: <empty>
2019-09-24 16:09:11,569 WARN  server.GrpcLogAppender (GrpcLogAppender.java:timeoutAppendRequest(200)) - s1@group-AFAFC3C3BFBF->s2-GrpcLogAppender: appendEntries Timeout, request=s1->s2#30-t2, previous=(t:2, i:0), leaderCommit=-1, initializing? false, entries: <empty>
2019-09-24 16:09:11,644 WARN  server.GrpcLogAppender (GrpcLogAppender.java:timeoutAppendRequest(200)) - s1@group-AFAFC3C3BFBF->s0-GrpcLogAppender: appendEntries Timeout, request=s1->s0#31-t2, previous=(t:2, i:0), leaderCommit=-1, initializing? false, entries: <empty>
2019-09-24 16:09:11,644 WARN  server.GrpcLogAppender (GrpcLogAppender.java:timeoutAppendRequest(200)) - s1@group-AFAFC3C3BFBF->s2-GrpcLogAppender: appendEntries Timeout, request=s1->s2#31-t2, previous=(t:2, i:0), leaderCommit=-1, initializing? false, entries: <empty>
2019-09-24 16:09:11,719 WARN  server.GrpcLogAppender (GrpcLogAppender.java:timeoutAppendRequest(200)) - s1@group-AFAFC3C3BFBF->s0-GrpcLogAppender: appendEntries Timeout, request=s1->s0#32-t2, previous=(t:2, i:0), leaderCommit=-1, initializing? false, entries: <empty>
2019-09-24 16:09:11,719 WARN  server.GrpcLogAppender (GrpcLogAppender.java:timeoutAppendRequest(200)) - s1@group-AFAFC3C3BFBF->s2-GrpcLogAppender: appendEntries Timeout, request=s1->s2#32-t2, previous=(t:2, i:0), leaderCommit=-1, initializing? false, entries: <empty>
2019-09-24 16:09:11,794 WARN  server.GrpcLogAppender (GrpcLogAppender.java:timeoutAppendRequest(200)) - s1@group-AFAFC3C3BFBF->s0-GrpcLogAppender: appendEntries Timeout, request=s1->s0#33-t2, previous=(t:2, i:0), leaderCommit=-1, initializing? false, entries: <empty>
2019-09-24 16:09:11,794 WARN  server.GrpcLogAppender (GrpcLogAppender.java:timeoutAppendRequest(200)) - s1@group-AFAFC3C3BFBF->s2-GrpcLogAppender: appendEntries Timeout, request=s1->s2#33-t2, previous=(t:2, i:0), leaderCommit=-1, initializing? false, entries: <empty>
2019-09-24 16:09:11,870 WARN  server.GrpcLogAppender (GrpcLogAppender.java:timeoutAppendRequest(200)) - s1@group-AFAFC3C3BFBF->s0-GrpcLogAppender: appendEntries Timeout, request=s1->s0#34-t2, previous=(t:2, i:0), leaderCommit=-1, initializing? false, entries: <empty>
2019-09-24 16:09:11,870 WARN  server.GrpcLogAppender (GrpcLogAppender.java:timeoutAppendRequest(200)) - s1@group-AFAFC3C3BFBF->s2-GrpcLogAppender: appendEntries Timeout, request=s1->s2#34-t2, previous=(t:2, i:0), leaderCommit=-1, initializing? false, entries: <empty>
2019-09-24 16:09:11,945 WARN  server.GrpcLogAppender (GrpcLogAppender.java:timeoutAppendRequest(200)) - s1@group-AFAFC3C3BFBF->s0-GrpcLogAppender: appendEntries Timeout, request=s1->s0#35-t2, previous=(t:2, i:0), leaderCommit=-1, initializing? false, entries: <empty>
2019-09-24 16:09:11,945 WARN  server.GrpcLogAppender (GrpcLogAppender.java:timeoutAppendRequest(200)) - s1@group-AFAFC3C3BFBF->s2-GrpcLogAppender: appendEntries Timeout, request=s1->s2#35-t2, previous=(t:2, i:0), leaderCommit=-1, initializing? false, entries: <empty>
2019-09-24 16:09:12,020 WARN  server.GrpcLogAppender (GrpcLogAppender.java:timeoutAppendRequest(200)) - s1@group-AFAFC3C3BFBF->s0-GrpcLogAppender: appendEntries Timeout, request=s1->s0#36-t2, previous=(t:2, i:0), leaderCommit=-1, initializing? false, entries: <empty>
2019-09-24 16:09:12,020 WARN  server.GrpcLogAppender (GrpcLogAppender.java:timeoutAppendRequest(200)) - s1@group-AFAFC3C3BFBF->s2-GrpcLogAppender: appendEntries Timeout, request=s1->s2#36-t2, previous=(t:2, i:0), leaderCommit=-1, initializing? false, entries: <empty>
2019-09-24 16:09:12,095 WARN  server.GrpcLogAppender (GrpcLogAppender.java:timeoutAppendRequest(200)) - s1@group-AFAFC3C3BFBF->s0-GrpcLogAppender: appendEntries Timeout, request=s1->s0#37-t2, previous=(t:2, i:0), leaderCommit=-1, initializing? false, entries: <empty>
2019-09-24 16:09:12,095 WARN  server.GrpcLogAppender (GrpcLogAppender.java:timeoutAppendRequest(200)) - s1@group-AFAFC3C3BFBF->s2-GrpcLogAppender: appendEntries Timeout, request=s1->s2#37-t2, previous=(t:2, i:0), leaderCommit=-1, initializing? false, entries: <empty>
2019-09-24 16:09:12,170 WARN  server.GrpcLogAppender (GrpcLogAppender.java:timeoutAppendRequest(200)) - s1@group-AFAFC3C3BFBF->s0-GrpcLogAppender: appendEntries Timeout, request=s1->s0#38-t2, previous=(t:2, i:0), leaderCommit=-1, initializing? false, entries: <empty>
2019-09-24 16:09:12,170 WARN  server.GrpcLogAppender (GrpcLogAppender.java:timeoutAppendRequest(200)) - s1@group-AFAFC3C3BFBF->s2-GrpcLogAppender: appendEntries Timeout, request=s1->s2#38-t2, previous=(t:2, i:0), leaderCommit=-1, initializing? false, entries: <empty>
2019-09-24 16:09:12,246 WARN  server.GrpcLogAppender (GrpcLogAppender.java:timeoutAppendRequest(200)) - s1@group-AFAFC3C3BFBF->s2-GrpcLogAppender: appendEntries Timeout, request=s1->s2#39-t2, previous=(t:2, i:0), leaderCommit=-1, initializing? false, entries: <empty>
2019-09-24 16:09:12,246 WARN  server.GrpcLogAppender (GrpcLogAppender.java:timeoutAppendRequest(200)) - s1@group-AFAFC3C3BFBF->s0-GrpcLogAppender: appendEntries Timeout, request=s1->s0#39-t2, previous=(t:2, i:0), leaderCommit=-1, initializing? false, entries: <empty>
2019-09-24 16:09:12,321 WARN  server.GrpcLogAppender (GrpcLogAppender.java:timeoutAppendRequest(200)) - s1@group-AFAFC3C3BFBF->s2-GrpcLogAppender: appendEntries Timeout, request=s1->s2#40-t2, previous=(t:2, i:0), leaderCommit=-1, initializing? false, entries: <empty>
2019-09-24 16:09:12,321 WARN  server.GrpcLogAppender (GrpcLogAppender.java:timeoutAppendRequest(200)) - s1@group-AFAFC3C3BFBF->s0-GrpcLogAppender: appendEntries Timeout, request=s1->s0#40-t2, previous=(t:2, i:0), leaderCommit=-1, initializing? false, entries: <empty>
2019-09-24 16:09:12,396 WARN  server.GrpcLogAppender (GrpcLogAppender.java:timeoutAppendRequest(200)) - s1@group-AFAFC3C3BFBF->s2-GrpcLogAppender: appendEntries Timeout, request=s1->s2#41-t2, previous=(t:2, i:0), leaderCommit=-1, initializing? false, entries: <empty>
2019-09-24 16:09:12,396 WARN  server.GrpcLogAppender (GrpcLogAppender.java:timeoutAppendRequest(200)) - s1@group-AFAFC3C3BFBF->s0-GrpcLogAppender: appendEntries Timeout, request=s1->s0#41-t2, previous=(t:2, i:0), leaderCommit=-1, initializing? false, entries: <empty>
2019-09-24 16:09:12,471 WARN  server.GrpcLogAppender (GrpcLogAppender.java:timeoutAppendRequest(200)) - s1@group-AFAFC3C3BFBF->s2-GrpcLogAppender: appendEntries Timeout, request=s1->s2#42-t2, previous=(t:2, i:0), leaderCommit=-1, initializing? false, entries: <empty>
2019-09-24 16:09:12,471 WARN  server.GrpcLogAppender (GrpcLogAppender.java:timeoutAppendRequest(200)) - s1@group-AFAFC3C3BFBF->s0-GrpcLogAppender: appendEntries Timeout, request=s1->s0#42-t2, previous=(t:2, i:0), leaderCommit=-1, initializing? false, entries: <empty>
2019-09-24 16:09:12,546 WARN  server.GrpcLogAppender (GrpcLogAppender.java:timeoutAppendRequest(200)) - s1@group-AFAFC3C3BFBF->s0-GrpcLogAppender: appendEntries Timeout, request=s1->s0#43-t2, previous=(t:2, i:0), leaderCommit=-1, initializing? false, entries: <empty>
2019-09-24 16:09:12,546 WARN  server.GrpcLogAppender (GrpcLogAppender.java:timeoutAppendRequest(200)) - s1@group-AFAFC3C3BFBF->s2-GrpcLogAppender: appendEntries Timeout, request=s1->s2#43-t2, previous=(t:2, i:0), leaderCommit=-1, initializing? false, entries: <empty>
2019-09-24 16:09:12,621 WARN  server.GrpcLogAppender (GrpcLogAppender.java:timeoutAppendRequest(200)) - s1@group-AFAFC3C3BFBF->s2-GrpcLogAppender: appendEntries Timeout, request=s1->s2#44-t2, previous=(t:2, i:0), leaderCommit=-1, initializing? false, entries: <empty>
2019-09-24 16:09:12,622 WARN  server.GrpcLogAppender (GrpcLogAppender.java:timeoutAppendRequest(200)) - s1@group-AFAFC3C3BFBF->s0-GrpcLogAppender: appendEntries Timeout, request=s1->s0#44-t2, previous=(t:2, i:0), leaderCommit=-1, initializing? false, entries: <empty>
2019-09-24 16:09:12,697 WARN  server.GrpcLogAppender (GrpcLogAppender.java:timeoutAppendRequest(200)) - s1@group-AFAFC3C3BFBF->s0-GrpcLogAppender: appendEntries Timeout, request=s1->s0#45-t2, previous=(t:2, i:0), leaderCommit=-1, initializing? false, entries: <empty>
2019-09-24 16:09:12,697 WARN  server.GrpcLogAppender (GrpcLogAppender.java:timeoutAppendRequest(200)) - s1@group-AFAFC3C3BFBF->s2-GrpcLogAppender: appendEntries Timeout, request=s1->s2#45-t2, previous=(t:2, i:0), leaderCommit=-1, initializing? false, entries: <empty>
2019-09-24 16:09:12,772 WARN  server.GrpcLogAppender (GrpcLogAppender.java:timeoutAppendRequest(200)) - s1@group-AFAFC3C3BFBF->s0-GrpcLogAppender: appendEntries Timeout, request=s1->s0#46-t2, previous=(t:2, i:0), leaderCommit=-1, initializing? false, entries: <empty>
2019-09-24 16:09:12,772 WARN  server.GrpcLogAppender (GrpcLogAppender.java:timeoutAppendRequest(200)) - s1@group-AFAFC3C3BFBF->s2-GrpcLogAppender: appendEntries Timeout, request=s1->s2#46-t2, previous=(t:2, i:0), leaderCommit=-1, initializing? false, entries: <empty>
2019-09-24 16:09:12,847 WARN  server.GrpcLogAppender (GrpcLogAppender.java:timeoutAppendRequest(200)) - s1@group-AFAFC3C3BFBF->s0-GrpcLogAppender: appendEntries Timeout, request=s1->s0#47-t2, previous=(t:2, i:0), leaderCommit=-1, initializing? false, entries: <empty>
2019-09-24 16:09:12,847 WARN  server.GrpcLogAppender (GrpcLogAppender.java:timeoutAppendRequest(200)) - s1@group-AFAFC3C3BFBF->s2-GrpcLogAppender: appendEntries Timeout, request=s1->s2#47-t2, previous=(t:2, i:0), leaderCommit=-1, initializing? false, entries: <empty>
2019-09-24 16:09:12,922 WARN  server.GrpcLogAppender (GrpcLogAppender.java:timeoutAppendRequest(200)) - s1@group-AFAFC3C3BFBF->s0-GrpcLogAppender: appendEntries Timeout, request=s1->s0#48-t2, previous=(t:2, i:0), leaderCommit=-1, initializing? false, entries: <empty>
2019-09-24 16:09:12,922 WARN  server.GrpcLogAppender (GrpcLogAppender.java:timeoutAppendRequest(200)) - s1@group-AFAFC3C3BFBF->s2-GrpcLogAppender: appendEntries Timeout, request=s1->s2#48-t2, previous=(t:2, i:0), leaderCommit=-1, initializing? false, entries: <empty>
2019-09-24 16:09:12,997 WARN  server.GrpcLogAppender (GrpcLogAppender.java:timeoutAppendRequest(200)) - s1@group-AFAFC3C3BFBF->s0-GrpcLogAppender: appendEntries Timeout, request=s1->s0#49-t2, previous=(t:2, i:0), leaderCommit=-1, initializing? false, entries: <empty>
2019-09-24 16:09:12,997 WARN  server.GrpcLogAppender (GrpcLogAppender.java:timeoutAppendRequest(200)) - s1@group-AFAFC3C3BFBF->s2-GrpcLogAppender: appendEntries Timeout, request=s1->s2#49-t2, previous=(t:2, i:0), leaderCommit=-1, initializing? false, entries: <empty>
2019-09-24 16:09:13,072 WARN  server.GrpcLogAppender (GrpcLogAppender.java:timeoutAppendRequest(200)) - s1@group-AFAFC3C3BFBF->s0-GrpcLogAppender: appendEntries Timeout, request=s1->s0#50-t2, previous=(t:2, i:0), leaderCommit=-1, initializing? false, entries: <empty>
2019-09-24 16:09:13,072 WARN  server.GrpcLogAppender (GrpcLogAppender.java:timeoutAppendRequest(200)) - s1@group-AFAFC3C3BFBF->s2-GrpcLogAppender: appendEntries Timeout, request=s1->s2#50-t2, previous=(t:2, i:0), leaderCommit=-1, initializing? false, entries: <empty>
2019-09-24 16:09:13,148 WARN  server.GrpcLogAppender (GrpcLogAppender.java:timeoutAppendRequest(200)) - s1@group-AFAFC3C3BFBF->s2-GrpcLogAppender: appendEntries Timeout, request=s1->s2#51-t2, previous=(t:2, i:0), leaderCommit=-1, initializing? false, entries: <empty>
2019-09-24 16:09:13,148 WARN  server.GrpcLogAppender (GrpcLogAppender.java:timeoutAppendRequest(200)) - s1@group-AFAFC3C3BFBF->s0-GrpcLogAppender: appendEntries Timeout, request=s1->s0#51-t2, previous=(t:2, i:0), leaderCommit=-1, initializing? false, entries: <empty>
2019-09-24 16:09:13,223 WARN  server.GrpcLogAppender (GrpcLogAppender.java:timeoutAppendRequest(200)) - s1@group-AFAFC3C3BFBF->s2-GrpcLogAppender: appendEntries Timeout, request=s1->s2#52-t2, previous=(t:2, i:0), leaderCommit=-1, initializing? false, entries: <empty>
2019-09-24 16:09:13,223 WARN  server.GrpcLogAppender (GrpcLogAppender.java:timeoutAppendRequest(200)) - s1@group-AFAFC3C3BFBF->s0-GrpcLogAppender: appendEntries Timeout, request=s1->s0#52-t2, previous=(t:2, i:0), leaderCommit=-1, initializing? false, entries: <empty>
2019-09-24 16:09:13,298 WARN  server.GrpcLogAppender (GrpcLogAppender.java:timeoutAppendRequest(200)) - s1@group-AFAFC3C3BFBF->s0-GrpcLogAppender: appendEntries Timeout, request=s1->s0#53-t2, previous=(t:2, i:0), leaderCommit=-1, initializing? false, entries: <empty>
2019-09-24 16:09:13,298 WARN  server.GrpcLogAppender (GrpcLogAppender.java:timeoutAppendRequest(200)) - s1@group-AFAFC3C3BFBF->s2-GrpcLogAppender: appendEntries Timeout, request=s1->s2#53-t2, previous=(t:2, i:0), leaderCommit=-1, initializing? false, entries: <empty>
2019-09-24 16:09:13,373 WARN  server.GrpcLogAppender (GrpcLogAppender.java:timeoutAppendRequest(200)) - s1@group-AFAFC3C3BFBF->s2-GrpcLogAppender: appendEntries Timeout, request=s1->s2#54-t2, previous=(t:2, i:0), leaderCommit=-1, initializing? false, entries: <empty>
2019-09-24 16:09:13,373 WARN  server.GrpcLogAppender (GrpcLogAppender.java:timeoutAppendRequest(200)) - s1@group-AFAFC3C3BFBF->s0-GrpcLogAppender: appendEntries Timeout, request=s1->s0#54-t2, previous=(t:2, i:0), leaderCommit=-1, initializing? false, entries: <empty>
2019-09-24 16:09:13,448 WARN  server.GrpcLogAppender (GrpcLogAppender.java:timeoutAppendRequest(200)) - s1@group-AFAFC3C3BFBF->s0-GrpcLogAppender: appendEntries Timeout, request=s1->s0#55-t2, previous=(t:2, i:0), leaderCommit=-1, initializing? false, entries: <empty>
2019-09-24 16:09:13,448 WARN  server.GrpcLogAppender (GrpcLogAppender.java:timeoutAppendRequest(200)) - s1@group-AFAFC3C3BFBF->s2-GrpcLogAppender: appendEntries Timeout, request=s1->s2#55-t2, previous=(t:2, i:0), leaderCommit=-1, initializing? false, entries: <empty>
2019-09-24 16:09:13,524 WARN  server.GrpcLogAppender (GrpcLogAppender.java:timeoutAppendRequest(200)) - s1@group-AFAFC3C3BFBF->s2-GrpcLogAppender: appendEntries Timeout, request=s1->s2#56-t2, previous=(t:2, i:0), leaderCommit=-1, initializing? false, entries: <empty>
2019-09-24 16:09:13,524 WARN  server.GrpcLogAppender (GrpcLogAppender.java:timeoutAppendRequest(200)) - s1@group-AFAFC3C3BFBF->s0-GrpcLogAppender: appendEntries Timeout, request=s1->s0#56-t2, previous=(t:2, i:0), leaderCommit=-1, initializing? false, entries: <empty>
2019-09-24 16:09:13,599 WARN  server.GrpcLogAppender (GrpcLogAppender.java:timeoutAppendRequest(200)) - s1@group-AFAFC3C3BFBF->s2-GrpcLogAppender: appendEntries Timeout, request=s1->s2#57-t2, previous=(t:2, i:0), leaderCommit=-1, initializing? false, entries: <empty>
2019-09-24 16:09:13,599 WARN  server.GrpcLogAppender (GrpcLogAppender.java:timeoutAppendRequest(200)) - s1@group-AFAFC3C3BFBF->s0-GrpcLogAppender: appendEntries Timeout, request=s1->s0#57-t2, previous=(t:2, i:0), leaderCommit=-1, initializing? false, entries: <empty>
2019-09-24 16:09:13,674 WARN  server.GrpcLogAppender (GrpcLogAppender.java:timeoutAppendRequest(200)) - s1@group-AFAFC3C3BFBF->s2-GrpcLogAppender: appendEntries Timeout, request=s1->s2#58-t2, previous=(t:2, i:0), leaderCommit=-1, initializing? false, entries: <empty>
2019-09-24 16:09:13,674 WARN  server.GrpcLogAppender (GrpcLogAppender.java:timeoutAppendRequest(200)) - s1@group-AFAFC3C3BFBF->s0-GrpcLogAppender: appendEntries Timeout, request=s1->s0#58-t2, previous=(t:2, i:0), leaderCommit=-1, initializing? false, entries: <empty>
2019-09-24 16:09:13,749 WARN  server.GrpcLogAppender (GrpcLogAppender.java:timeoutAppendRequest(200)) - s1@group-AFAFC3C3BFBF->s2-GrpcLogAppender: appendEntries Timeout, request=s1->s2#59-t2, previous=(t:2, i:0), leaderCommit=-1, initializing? false, entries: <empty>
2019-09-24 16:09:13,749 WARN  server.GrpcLogAppender (GrpcLogAppender.java:timeoutAppendRequest(200)) - s1@group-AFAFC3C3BFBF->s0-GrpcLogAppender: appendEntries Timeout, request=s1->s0#59-t2, previous=(t:2, i:0), leaderCommit=-1, initializing? false, entries: <empty>
2019-09-24 16:09:13,824 WARN  server.GrpcLogAppender (GrpcLogAppender.java:timeoutAppendRequest(200)) - s1@group-AFAFC3C3BFBF->s2-GrpcLogAppender: appendEntries Timeout, request=s1->s2#60-t2, previous=(t:2, i:0), leaderCommit=-1, initializing? false, entries: <empty>
2019-09-24 16:09:13,824 WARN  server.GrpcLogAppender (GrpcLogAppender.java:timeoutAppendRequest(200)) - s1@group-AFAFC3C3BFBF->s0-GrpcLogAppender: appendEntries Timeout, request=s1->s0#60-t2, previous=(t:2, i:0), leaderCommit=-1, initializing? false, entries: <empty>
2019-09-24 16:09:13,899 WARN  server.GrpcLogAppender (GrpcLogAppender.java:timeoutAppendRequest(200)) - s1@group-AFAFC3C3BFBF->s2-GrpcLogAppender: appendEntries Timeout, request=s1->s2#61-t2, previous=(t:2, i:0), leaderCommit=-1, initializing? false, entries: <empty>
2019-09-24 16:09:13,899 WARN  server.GrpcLogAppender (GrpcLogAppender.java:timeoutAppendRequest(200)) - s1@group-AFAFC3C3BFBF->s0-GrpcLogAppender: appendEntries Timeout, request=s1->s0#61-t2, previous=(t:2, i:0), leaderCommit=-1, initializing? false, entries: <empty>
2019-09-24 16:09:13,974 WARN  server.GrpcLogAppender (GrpcLogAppender.java:timeoutAppendRequest(200)) - s1@group-AFAFC3C3BFBF->s2-GrpcLogAppender: appendEntries Timeout, request=s1->s2#62-t2, previous=(t:2, i:0), leaderCommit=-1, initializing? false, entries: <empty>
2019-09-24 16:09:13,975 WARN  server.GrpcLogAppender (GrpcLogAppender.java:timeoutAppendRequest(200)) - s1@group-AFAFC3C3BFBF->s0-GrpcLogAppender: appendEntries Timeout, request=s1->s0#62-t2, previous=(t:2, i:0), leaderCommit=-1, initializing? false, entries: <empty>
2019-09-24 16:09:14,049 WARN  server.GrpcLogAppender (GrpcLogAppender.java:timeoutAppendRequest(200)) - s1@group-AFAFC3C3BFBF->s2-GrpcLogAppender: appendEntries Timeout, request=s1->s2#63-t2, previous=(t:2, i:0), leaderCommit=-1, initializing? false, entries: <empty>
2019-09-24 16:09:14,050 WARN  server.GrpcLogAppender (GrpcLogAppender.java:timeoutAppendRequest(200)) - s1@group-AFAFC3C3BFBF->s0-GrpcLogAppender: appendEntries Timeout, request=s1->s0#63-t2, previous=(t:2, i:0), leaderCommit=-1, initializing? false, entries: <empty>
2019-09-24 16:09:14,125 WARN  server.GrpcLogAppender (GrpcLogAppender.java:timeoutAppendRequest(200)) - s1@group-AFAFC3C3BFBF->s2-GrpcLogAppender: appendEntries Timeout, request=s1->s2#64-t2, previous=(t:2, i:0), leaderCommit=-1, initializing? false, entries: <empty>
2019-09-24 16:09:14,125 WARN  server.GrpcLogAppender (GrpcLogAppender.java:timeoutAppendRequest(200)) - s1@group-AFAFC3C3BFBF->s0-GrpcLogAppender: appendEntries Timeout, request=s1->s0#64-t2, previous=(t:2, i:0), leaderCommit=-1, initializing? false, entries: <empty>
2019-09-24 16:09:14,200 WARN  server.GrpcLogAppender (GrpcLogAppender.java:timeoutAppendRequest(200)) - s1@group-AFAFC3C3BFBF->s2-GrpcLogAppender: appendEntries Timeout, request=s1->s2#65-t2, previous=(t:2, i:0), leaderCommit=-1, initializing? false, entries: <empty>
2019-09-24 16:09:14,200 WARN  server.GrpcLogAppender (GrpcLogAppender.java:timeoutAppendRequest(200)) - s1@group-AFAFC3C3BFBF->s0-GrpcLogAppender: appendEntries Timeout, request=s1->s0#65-t2, previous=(t:2, i:0), leaderCommit=-1, initializing? false, entries: <empty>
2019-09-24 16:09:14,275 WARN  server.GrpcLogAppender (GrpcLogAppender.java:timeoutAppendRequest(200)) - s1@group-AFAFC3C3BFBF->s2-GrpcLogAppender: appendEntries Timeout, request=s1->s2#66-t2, previous=(t:2, i:0), leaderCommit=-1, initializing? false, entries: <empty>
2019-09-24 16:09:14,276 WARN  server.GrpcLogAppender (GrpcLogAppender.java:timeoutAppendRequest(200)) - s1@group-AFAFC3C3BFBF->s0-GrpcLogAppender: appendEntries Timeout, request=s1->s0#66-t2, previous=(t:2, i:0), leaderCommit=-1, initializing? false, entries: <empty>
2019-09-24 16:09:14,350 WARN  server.GrpcLogAppender (GrpcLogAppender.java:timeoutAppendRequest(200)) - s1@group-AFAFC3C3BFBF->s2-GrpcLogAppender: appendEntries Timeout, request=s1->s2#67-t2, previous=(t:2, i:0), leaderCommit=-1, initializing? false, entries: <empty>
2019-09-24 16:09:14,351 WARN  server.GrpcLogAppender (GrpcLogAppender.java:timeoutAppendRequest(200)) - s1@group-AFAFC3C3BFBF->s0-GrpcLogAppender: appendEntries Timeout, request=s1->s0#67-t2, previous=(t:2, i:0), leaderCommit=-1, initializing? false, entries: <empty>
2019-09-24 16:09:14,425 WARN  server.GrpcLogAppender (GrpcLogAppender.java:timeoutAppendRequest(200)) - s1@group-AFAFC3C3BFBF->s2-GrpcLogAppender: appendEntries Timeout, request=s1->s2#68-t2, previous=(t:2, i:0), leaderCommit=-1, initializing? false, entries: <empty>
2019-09-24 16:09:14,426 WARN  server.GrpcLogAppender (GrpcLogAppender.java:timeoutAppendRequest(200)) - s1@group-AFAFC3C3BFBF->s0-GrpcLogAppender: appendEntries Timeout, request=s1->s0#68-t2, previous=(t:2, i:0), leaderCommit=-1, initializing? false, entries: <empty>
2019-09-24 16:09:14,501 WARN  server.GrpcLogAppender (GrpcLogAppender.java:timeoutAppendRequest(200)) - s1@group-AFAFC3C3BFBF->s2-GrpcLogAppender: appendEntries Timeout, request=s1->s2#69-t2, previous=(t:2, i:0), leaderCommit=-1, initializing? false, entries: <empty>
2019-09-24 16:09:14,501 WARN  server.GrpcLogAppender (GrpcLogAppender.java:timeoutAppendRequest(200)) - s1@group-AFAFC3C3BFBF->s0-GrpcLogAppender: appendEntries Timeout, request=s1->s0#69-t2, previous=(t:2, i:0), leaderCommit=-1, initializing? false, entries: <empty>
2019-09-24 16:09:14,576 WARN  server.GrpcLogAppender (GrpcLogAppender.java:timeoutAppendRequest(200)) - s1@group-AFAFC3C3BFBF->s2-GrpcLogAppender: appendEntries Timeout, request=s1->s2#70-t2, previous=(t:2, i:0), leaderCommit=-1, initializing? false, entries: <empty>
2019-09-24 16:09:14,576 WARN  server.GrpcLogAppender (GrpcLogAppender.java:timeoutAppendRequest(200)) - s1@group-AFAFC3C3BFBF->s0-GrpcLogAppender: appendEntries Timeout, request=s1->s0#70-t2, previous=(t:2, i:0), leaderCommit=-1, initializing? false, entries: <empty>
2019-09-24 16:09:14,651 WARN  server.GrpcLogAppender (GrpcLogAppender.java:timeoutAppendRequest(200)) - s1@group-AFAFC3C3BFBF->s2-GrpcLogAppender: appendEntries Timeout, request=s1->s2#71-t2, previous=(t:2, i:0), leaderCommit=-1, initializing? false, entries: <empty>
2019-09-24 16:09:14,651 WARN  server.GrpcLogAppender (GrpcLogAppender.java:timeoutAppendRequest(200)) - s1@group-AFAFC3C3BFBF->s0-GrpcLogAppender: appendEntries Timeout, request=s1->s0#71-t2, previous=(t:2, i:0), leaderCommit=-1, initializing? false, entries: <empty>
2019-09-24 16:09:14,726 WARN  server.GrpcLogAppender (GrpcLogAppender.java:timeoutAppendRequest(200)) - s1@group-AFAFC3C3BFBF->s2-GrpcLogAppender: appendEntries Timeout, request=s1->s2#72-t2, previous=(t:2, i:0), leaderCommit=-1, initializing? false, entries: <empty>
2019-09-24 16:09:14,727 WARN  server.GrpcLogAppender (GrpcLogAppender.java:timeoutAppendRequest(200)) - s1@group-AFAFC3C3BFBF->s0-GrpcLogAppender: appendEntries Timeout, request=s1->s0#72-t2, previous=(t:2, i:0), leaderCommit=-1, initializing? false, entries: <empty>
2019-09-24 16:09:14,802 WARN  server.GrpcLogAppender (GrpcLogAppender.java:timeoutAppendRequest(200)) - s1@group-AFAFC3C3BFBF->s2-GrpcLogAppender: appendEntries Timeout, request=s1->s2#73-t2, previous=(t:2, i:0), leaderCommit=-1, initializing? false, entries: <empty>
2019-09-24 16:09:14,802 WARN  server.GrpcLogAppender (GrpcLogAppender.java:timeoutAppendRequest(200)) - s1@group-AFAFC3C3BFBF->s0-GrpcLogAppender: appendEntries Timeout, request=s1->s0#73-t2, previous=(t:2, i:0), leaderCommit=-1, initializing? false, entries: <empty>
2019-09-24 16:09:14,877 WARN  server.GrpcLogAppender (GrpcLogAppender.java:timeoutAppendRequest(200)) - s1@group-AFAFC3C3BFBF->s2-GrpcLogAppender: appendEntries Timeout, request=s1->s2#74-t2, previous=(t:2, i:0), leaderCommit=-1, initializing? false, entries: <empty>
2019-09-24 16:09:14,877 WARN  server.GrpcLogAppender (GrpcLogAppender.java:timeoutAppendRequest(200)) - s1@group-AFAFC3C3BFBF->s0-GrpcLogAppender: appendEntries Timeout, request=s1->s0#74-t2, previous=(t:2, i:0), leaderCommit=-1, initializing? false, entries: <empty>
2019-09-24 16:09:14,952 WARN  server.GrpcLogAppender (GrpcLogAppender.java:timeoutAppendRequest(200)) - s1@group-AFAFC3C3BFBF->s2-GrpcLogAppender: appendEntries Timeout, request=s1->s2#75-t2, previous=(t:2, i:0), leaderCommit=-1, initializing? false, entries: <empty>
2019-09-24 16:09:14,952 WARN  server.GrpcLogAppender (GrpcLogAppender.java:timeoutAppendRequest(200)) - s1@group-AFAFC3C3BFBF->s0-GrpcLogAppender: appendEntries Timeout, request=s1->s0#75-t2, previous=(t:2, i:0), leaderCommit=-1, initializing? false, entries: <empty>
2019-09-24 16:09:15,027 WARN  server.GrpcLogAppender (GrpcLogAppender.java:timeoutAppendRequest(200)) - s1@group-AFAFC3C3BFBF->s2-GrpcLogAppender: appendEntries Timeout, request=s1->s2#76-t2, previous=(t:2, i:0), leaderCommit=-1, initializing? false, entries: <empty>
2019-09-24 16:09:15,027 WARN  server.GrpcLogAppender (GrpcLogAppender.java:timeoutAppendRequest(200)) - s1@group-AFAFC3C3BFBF->s0-GrpcLogAppender: appendEntries Timeout, request=s1->s0#76-t2, previous=(t:2, i:0), leaderCommit=-1, initializing? false, entries: <empty>
2019-09-24 16:09:15,102 WARN  server.GrpcLogAppender (GrpcLogAppender.java:timeoutAppendRequest(200)) - s1@group-AFAFC3C3BFBF->s2-GrpcLogAppender: appendEntries Timeout, request=s1->s2#77-t2, previous=(t:2, i:0), leaderCommit=-1, initializing? false, entries: <empty>
2019-09-24 16:09:15,102 WARN  server.GrpcLogAppender (GrpcLogAppender.java:timeoutAppendRequest(200)) - s1@group-AFAFC3C3BFBF->s0-GrpcLogAppender: appendEntries Timeout, request=s1->s0#77-t2, previous=(t:2, i:0), leaderCommit=-1, initializing? false, entries: <empty>
2019-09-24 16:09:15,177 WARN  server.GrpcLogAppender (GrpcLogAppender.java:timeoutAppendRequest(200)) - s1@group-AFAFC3C3BFBF->s2-GrpcLogAppender: appendEntries Timeout, request=s1->s2#78-t2, previous=(t:2, i:0), leaderCommit=-1, initializing? false, entries: <empty>
2019-09-24 16:09:15,178 WARN  server.GrpcLogAppender (GrpcLogAppender.java:timeoutAppendRequest(200)) - s1@group-AFAFC3C3BFBF->s0-GrpcLogAppender: appendEntries Timeout, request=s1->s0#78-t2, previous=(t:2, i:0), leaderCommit=-1, initializing? false, entries: <empty>
2019-09-24 16:09:15,253 WARN  server.GrpcLogAppender (GrpcLogAppender.java:timeoutAppendRequest(200)) - s1@group-AFAFC3C3BFBF->s2-GrpcLogAppender: appendEntries Timeout, request=s1->s2#79-t2, previous=(t:2, i:0), leaderCommit=-1, initializing? false, entries: <empty>
2019-09-24 16:09:15,253 WARN  server.GrpcLogAppender (GrpcLogAppender.java:timeoutAppendRequest(200)) - s1@group-AFAFC3C3BFBF->s0-GrpcLogAppender: appendEntries Timeout, request=s1->s0#79-t2, previous=(t:2, i:0), leaderCommit=-1, initializing? false, entries: <empty>
2019-09-24 16:09:15,328 WARN  server.GrpcLogAppender (GrpcLogAppender.java:timeoutAppendRequest(200)) - s1@group-AFAFC3C3BFBF->s2-GrpcLogAppender: appendEntries Timeout, request=s1->s2#80-t2, previous=(t:2, i:0), leaderCommit=-1, initializing? false, entries: <empty>
2019-09-24 16:09:15,328 WARN  server.GrpcLogAppender (GrpcLogAppender.java:timeoutAppendRequest(200)) - s1@group-AFAFC3C3BFBF->s0-GrpcLogAppender: appendEntries Timeout, request=s1->s0#80-t2, previous=(t:2, i:0), leaderCommit=-1, initializing? false, entries: <empty>
2019-09-24 16:09:15,403 WARN  server.GrpcLogAppender (GrpcLogAppender.java:timeoutAppendRequest(200)) - s1@group-AFAFC3C3BFBF->s2-GrpcLogAppender: appendEntries Timeout, request=s1->s2#81-t2, previous=(t:2, i:0), leaderCommit=-1, initializing? false, entries: <empty>
2019-09-24 16:09:15,403 WARN  server.GrpcLogAppender (GrpcLogAppender.java:timeoutAppendRequest(200)) - s1@group-AFAFC3C3BFBF->s0-GrpcLogAppender: appendEntries Timeout, request=s1->s0#81-t2, previous=(t:2, i:0), leaderCommit=-1, initializing? false, entries: <empty>
2019-09-24 16:09:15,478 WARN  server.GrpcLogAppender (GrpcLogAppender.java:timeoutAppendRequest(200)) - s1@group-AFAFC3C3BFBF->s2-GrpcLogAppender: appendEntries Timeout, request=s1->s2#82-t2, previous=(t:2, i:0), leaderCommit=-1, initializing? false, entries: <empty>
2019-09-24 16:09:15,478 WARN  server.GrpcLogAppender (GrpcLogAppender.java:timeoutAppendRequest(200)) - s1@group-AFAFC3C3BFBF->s0-GrpcLogAppender: appendEntries Timeout, request=s1->s0#82-t2, previous=(t:2, i:0), leaderCommit=-1, initializing? false, entries: <empty>
2019-09-24 16:09:15,553 WARN  server.GrpcLogAppender (GrpcLogAppender.java:timeoutAppendRequest(200)) - s1@group-AFAFC3C3BFBF->s2-GrpcLogAppender: appendEntries Timeout, request=s1->s2#83-t2, previous=(t:2, i:0), leaderCommit=-1, initializing? false, entries: <empty>
2019-09-24 16:09:15,554 WARN  server.GrpcLogAppender (GrpcLogAppender.java:timeoutAppendRequest(200)) - s1@group-AFAFC3C3BFBF->s0-GrpcLogAppender: appendEntries Timeout, request=s1->s0#83-t2, previous=(t:2, i:0), leaderCommit=-1, initializing? false, entries: <empty>
2019-09-24 16:09:15,629 WARN  server.GrpcLogAppender (GrpcLogAppender.java:timeoutAppendRequest(200)) - s1@group-AFAFC3C3BFBF->s2-GrpcLogAppender: appendEntries Timeout, request=s1->s2#84-t2, previous=(t:2, i:0), leaderCommit=-1, initializing? false, entries: <empty>
2019-09-24 16:09:15,629 WARN  server.GrpcLogAppender (GrpcLogAppender.java:timeoutAppendRequest(200)) - s1@group-AFAFC3C3BFBF->s0-GrpcLogAppender: appendEntries Timeout, request=s1->s0#84-t2, previous=(t:2, i:0), leaderCommit=-1, initializing? false, entries: <empty>
2019-09-24 16:09:15,704 WARN  server.GrpcLogAppender (GrpcLogAppender.java:timeoutAppendRequest(200)) - s1@group-AFAFC3C3BFBF->s2-GrpcLogAppender: appendEntries Timeout, request=s1->s2#85-t2, previous=(t:2, i:0), leaderCommit=-1, initializing? false, entries: <empty>
2019-09-24 16:09:15,704 WARN  server.GrpcLogAppender (GrpcLogAppender.java:timeoutAppendRequest(200)) - s1@group-AFAFC3C3BFBF->s0-GrpcLogAppender: appendEntries Timeout, request=s1->s0#85-t2, previous=(t:2, i:0), leaderCommit=-1, initializing? false, entries: <empty>
2019-09-24 16:09:15,779 WARN  server.GrpcLogAppender (GrpcLogAppender.java:timeoutAppendRequest(200)) - s1@group-AFAFC3C3BFBF->s2-GrpcLogAppender: appendEntries Timeout, request=s1->s2#86-t2, previous=(t:2, i:0), leaderCommit=-1, initializing? false, entries: <empty>
2019-09-24 16:09:15,779 WARN  server.GrpcLogAppender (GrpcLogAppender.java:timeoutAppendRequest(200)) - s1@group-AFAFC3C3BFBF->s0-GrpcLogAppender: appendEntries Timeout, request=s1->s0#86-t2, previous=(t:2, i:0), leaderCommit=-1, initializing? false, entries: <empty>
2019-09-24 16:09:15,854 WARN  server.GrpcLogAppender (GrpcLogAppender.java:timeoutAppendRequest(200)) - s1@group-AFAFC3C3BFBF->s2-GrpcLogAppender: appendEntries Timeout, request=s1->s2#87-t2, previous=(t:2, i:0), leaderCommit=-1, initializing? false, entries: <empty>
2019-09-24 16:09:15,854 WARN  server.GrpcLogAppender (GrpcLogAppender.java:timeoutAppendRequest(200)) - s1@group-AFAFC3C3BFBF->s0-GrpcLogAppender: appendEntries Timeout, request=s1->s0#87-t2, previous=(t:2, i:0), leaderCommit=-1, initializing? false, entries: <empty>
2019-09-24 16:09:15,897 INFO  ratis.MiniRaftCluster (MiniRaftCluster.java:lambda$null$5(297)) - TIMED-PRINT: printing ALL groups
  s0:  RUNNING  FOLLOWER s0@group-AFAFC3C3BFBF:t2, leader=s1, voted=s1, raftlog=s0@group-AFAFC3C3BFBF-SegmentedRaftLog:OPENED:c-1,f-1,i0, conf=0: [s0:0.0.0.0:37202, s1:0.0.0.0:38903, s2:0.0.0.0:37158], old=null RUNNING
  s1:  RUNNING    LEADER s1@group-AFAFC3C3BFBF:t2, leader=s1, voted=s1, raftlog=s1@group-AFAFC3C3BFBF-SegmentedRaftLog:OPENED:c-1,f-1,i0, conf=0: [s0:0.0.0.0:37202, s1:0.0.0.0:38903, s2:0.0.0.0:37158], old=null RUNNING
  s2:  RUNNING  FOLLOWER s2@group-AFAFC3C3BFBF:t2, leader=s1, voted=s1, raftlog=s2@group-AFAFC3C3BFBF-SegmentedRaftLog:OPENED:c-1,f-1,i0, conf=0: [s0:0.0.0.0:37202, s1:0.0.0.0:38903, s2:0.0.0.0:37158], old=null RUNNING
2019-09-24 16:09:15,929 WARN  server.GrpcLogAppender (GrpcLogAppender.java:timeoutAppendRequest(200)) - s1@group-AFAFC3C3BFBF->s0-GrpcLogAppender: appendEntries Timeout, request=s1->s0#88-t2, previous=(t:2, i:0), leaderCommit=-1, initializing? false, entries: <empty>
2019-09-24 16:09:15,929 WARN  server.GrpcLogAppender (GrpcLogAppender.java:timeoutAppendRequest(200)) - s1@group-AFAFC3C3BFBF->s2-GrpcLogAppender: appendEntries Timeout, request=s1->s2#88-t2, previous=(t:2, i:0), leaderCommit=-1, initializing? false, entries: <empty>
2019-09-24 16:09:16,004 WARN  server.GrpcLogAppender (GrpcLogAppender.java:timeoutAppendRequest(200)) - s1@group-AFAFC3C3BFBF->s0-GrpcLogAppender: appendEntries Timeout, request=s1->s0#89-t2, previous=(t:2, i:0), leaderCommit=-1, initializing? false, entries: <empty>
2019-09-24 16:09:16,005 WARN  server.GrpcLogAppender (GrpcLogAppender.java:timeoutAppendRequest(200)) - s1@group-AFAFC3C3BFBF->s2-GrpcLogAppender: appendEntries Timeout, request=s1->s2#89-t2, previous=(t:2, i:0), leaderCommit=-1, initializing? false, entries: <empty>
2019-09-24 16:09:16,080 WARN  server.GrpcLogAppender (GrpcLogAppender.java:timeoutAppendRequest(200)) - s1@group-AFAFC3C3BFBF->s0-GrpcLogAppender: appendEntries Timeout, request=s1->s0#90-t2, previous=(t:2, i:0), leaderCommit=-1, initializing? false, entries: <empty>
2019-09-24 16:09:16,080 WARN  server.GrpcLogAppender (GrpcLogAppender.java:timeoutAppendRequest(200)) - s1@group-AFAFC3C3BFBF->s2-GrpcLogAppender: appendEntries Timeout, request=s1->s2#90-t2, previous=(t:2, i:0), leaderCommit=-1, initializing? false, entries: <empty>
2019-09-24 16:09:16,155 WARN  server.GrpcLogAppender (GrpcLogAppender.java:timeoutAppendRequest(200)) - s1@group-AFAFC3C3BFBF->s2-GrpcLogAppender: appendEntries Timeout, request=s1->s2#91-t2, previous=(t:2, i:0), leaderCommit=-1, initializing? false, entries: <empty>
2019-09-24 16:09:16,155 WARN  server.GrpcLogAppender (GrpcLogAppender.java:timeoutAppendRequest(200)) - s1@group-AFAFC3C3BFBF->s0-GrpcLogAppender: appendEntries Timeout, request=s1->s0#91-t2, previous=(t:2, i:0), leaderCommit=-1, initializing? false, entries: <empty>
2019-09-24 16:09:16,230 WARN  server.GrpcLogAppender (GrpcLogAppender.java:timeoutAppendRequest(200)) - s1@group-AFAFC3C3BFBF->s0-GrpcLogAppender: appendEntries Timeout, request=s1->s0#92-t2, previous=(t:2, i:0), leaderCommit=-1, initializing? false, entries: <empty>
2019-09-24 16:09:16,230 WARN  server.GrpcLogAppender (GrpcLogAppender.java:timeoutAppendRequest(200)) - s1@group-AFAFC3C3BFBF->s2-GrpcLogAppender: appendEntries Timeout, request=s1->s2#92-t2, previous=(t:2, i:0), leaderCommit=-1, initializing? false, entries: <empty>
2019-09-24 16:09:16,305 WARN  server.GrpcLogAppender (GrpcLogAppender.java:timeoutAppendRequest(200)) - s1@group-AFAFC3C3BFBF->s0-GrpcLogAppender: appendEntries Timeout, request=s1->s0#93-t2, previous=(t:2, i:0), leaderCommit=-1, initializing? false, entries: <empty>
2019-09-24 16:09:16,305 WARN  server.GrpcLogAppender (GrpcLogAppender.java:timeoutAppendRequest(200)) - s1@group-AFAFC3C3BFBF->s2-GrpcLogAppender: appendEntries Timeout, request=s1->s2#93-t2, previous=(t:2, i:0), leaderCommit=-1, initializing? false, entries: <empty>
2019-09-24 16:09:16,380 WARN  server.GrpcLogAppender (GrpcLogAppender.java:timeoutAppendRequest(200)) - s1@group-AFAFC3C3BFBF->s2-GrpcLogAppender: appendEntries Timeout, request=s1->s2#94-t2, previous=(t:2, i:0), leaderCommit=-1, initializing? false, entries: <empty>
2019-09-24 16:09:16,380 WARN  server.GrpcLogAppender (GrpcLogAppender.java:timeoutAppendRequest(200)) - s1@group-AFAFC3C3BFBF->s0-GrpcLogAppender: appendEntries Timeout, request=s1->s0#94-t2, previous=(t:2, i:0), leaderCommit=-1, initializing? false, entries: <empty>
2019-09-24 16:09:16,456 WARN  server.GrpcLogAppender (GrpcLogAppender.java:timeoutAppendRequest(200)) - s1@group-AFAFC3C3BFBF->s0-GrpcLogAppender: appendEntries Timeout, request=s1->s0#95-t2, previous=(t:2, i:0), leaderCommit=-1, initializing? false, entries: <empty>
2019-09-24 16:09:16,456 WARN  server.GrpcLogAppender (GrpcLogAppender.java:timeoutAppendRequest(200)) - s1@group-AFAFC3C3BFBF->s2-GrpcLogAppender: appendEntries Timeout, request=s1->s2#95-t2, previous=(t:2, i:0), leaderCommit=-1, initializing? false, entries: <empty>
2019-09-24 16:09:16,531 WARN  server.GrpcLogAppender (GrpcLogAppender.java:timeoutAppendRequest(200)) - s1@group-AFAFC3C3BFBF->s2-GrpcLogAppender: appendEntries Timeout, request=s1->s2#96-t2, previous=(t:2, i:0), leaderCommit=-1, initializing? false, entries: <empty>
2019-09-24 16:09:16,531 WARN  server.GrpcLogAppender (GrpcLogAppender.java:timeoutAppendRequest(200)) - s1@group-AFAFC3C3BFBF->s0-GrpcLogAppender: appendEntries Timeout, request=s1->s0#96-t2, previous=(t:2, i:0), leaderCommit=-1, initializing? false, entries: <empty>
2019-09-24 16:09:16,606 WARN  server.GrpcLogAppender (GrpcLogAppender.java:timeoutAppendRequest(200)) - s1@group-AFAFC3C3BFBF->s2-GrpcLogAppender: appendEntries Timeout, request=s1->s2#97-t2, previous=(t:2, i:0), leaderCommit=-1, initializing? false, entries: <empty>
2019-09-24 16:09:16,606 WARN  server.GrpcLogAppender (GrpcLogAppender.java:timeoutAppendRequest(200)) - s1@group-AFAFC3C3BFBF->s0-GrpcLogAppender: appendEntries Timeout, request=s1->s0#97-t2, previous=(t:2, i:0), leaderCommit=-1, initializing? false, entries: <empty>
2019-09-24 16:09:16,681 WARN  server.GrpcLogAppender (GrpcLogAppender.java:timeoutAppendRequest(200)) - s1@group-AFAFC3C3BFBF->s2-GrpcLogAppender: appendEntries Timeout, request=s1->s2#98-t2, previous=(t:2, i:0), leaderCommit=-1, initializing? false, entries: <empty>
2019-09-24 16:09:16,681 WARN  server.GrpcLogAppender (GrpcLogAppender.java:timeoutAppendRequest(200)) - s1@group-AFAFC3C3BFBF->s0-GrpcLogAppender: appendEntries Timeout, request=s1->s0#98-t2, previous=(t:2, i:0), leaderCommit=-1, initializing? false, entries: <empty>
2019-09-24 16:09:16,756 WARN  server.GrpcLogAppender (GrpcLogAppender.java:timeoutAppendRequest(200)) - s1@group-AFAFC3C3BFBF->s2-GrpcLogAppender: appendEntries Timeout, request=s1->s2#99-t2, previous=(t:2, i:0), leaderCommit=-1, initializing? false, entries: <empty>
2019-09-24 16:09:16,756 WARN  server.GrpcLogAppender (GrpcLogAppender.java:timeoutAppendRequest(200)) - s1@group-AFAFC3C3BFBF->s0-GrpcLogAppender: appendEntries Timeout, request=s1->s0#99-t2, previous=(t:2, i:0), leaderCommit=-1, initializing? false, entries: <empty>
2019-09-24 16:09:16,779 INFO  segmented.SegmentedRaftLogWorker (SegmentedRaftLogWorker.java:execute(569)) - s2@group-AFAFC3C3BFBF-SegmentedRaftLogWorker: created new log segment /workdir/ratis-test/target/test/data/1eb3234a/MiniRaftClusterWithGrpc71137ee7/s2/b4dbe13e-51da-4ff8-8ac7-afafc3c3bfbf/current/log_inprogress_0
2019-09-24 16:09:16,779 INFO  segmented.SegmentedRaftLogWorker (SegmentedRaftLogWorker.java:execute(569)) - s1@group-AFAFC3C3BFBF-SegmentedRaftLogWorker: created new log segment /workdir/ratis-test/target/test/data/1eb3234a/MiniRaftClusterWithGrpc71137ee7/s1/b4dbe13e-51da-4ff8-8ac7-afafc3c3bfbf/current/log_inprogress_0
2019-09-24 16:09:16,779 INFO  segmented.SegmentedRaftLogWorker (SegmentedRaftLogWorker.java:execute(569)) - s0@group-AFAFC3C3BFBF-SegmentedRaftLogWorker: created new log segment /workdir/ratis-test/target/test/data/1eb3234a/MiniRaftClusterWithGrpc71137ee7/s0/b4dbe13e-51da-4ff8-8ac7-afafc3c3bfbf/current/log_inprogress_0
2019-09-24 16:09:16,831 WARN  server.GrpcLogAppender (GrpcLogAppender.java:timeoutAppendRequest(200)) - s1@group-AFAFC3C3BFBF->s2-GrpcLogAppender: appendEntries Timeout, request=s1->s2#100-t2, previous=(t:2, i:0), leaderCommit=-1, initializing? false, entries: <empty>
2019-09-24 16:09:16,832 WARN  server.GrpcLogAppender (GrpcLogAppender.java:timeoutAppendRequest(200)) - s1@group-AFAFC3C3BFBF->s0-GrpcLogAppender: appendEntries Timeout, request=s1->s0#100-t2, previous=(t:2, i:0), leaderCommit=-1, initializing? false, entries: <empty>
2019-09-24 16:09:16,907 WARN  server.GrpcLogAppender (GrpcLogAppender.java:timeoutAppendRequest(200)) - s1@group-AFAFC3C3BFBF->s0-GrpcLogAppender: appendEntries Timeout, request=s1->s0#101-t2, previous=(t:2, i:0), leaderCommit=-1, initializing? false, entries: <empty>
2019-09-24 16:09:16,907 WARN  server.GrpcLogAppender (GrpcLogAppender.java:timeoutAppendRequest(200)) - s1@group-AFAFC3C3BFBF->s2-GrpcLogAppender: appendEntries Timeout, request=s1->s2#101-t2, previous=(t:2, i:0), leaderCommit=-1, initializing? false, entries: <empty>
2019-09-24 16:09:16,982 WARN  server.GrpcLogAppender (GrpcLogAppender.java:timeoutAppendRequest(200)) - s1@group-AFAFC3C3BFBF->s2-GrpcLogAppender: appendEntries Timeout, request=s1->s2#102-t2, previous=(t:2, i:0), leaderCommit=-1, initializing? false, entries: <empty>
2019-09-24 16:09:16,982 WARN  server.GrpcLogAppender (GrpcLogAppender.java:timeoutAppendRequest(200)) - s1@group-AFAFC3C3BFBF->s0-GrpcLogAppender: appendEntries Timeout, request=s1->s0#102-t2, previous=(t:2, i:0), leaderCommit=-1, initializing? false, entries: <empty>
2019-09-24 16:09:17,057 WARN  server.GrpcLogAppender (GrpcLogAppender.java:timeoutAppendRequest(200)) - s1@group-AFAFC3C3BFBF->s0-GrpcLogAppender: appendEntries Timeout, request=s1->s0#103-t2, previous=(t:2, i:0), leaderCommit=-1, initializing? false, entries: <empty>
2019-09-24 16:09:17,057 WARN  server.GrpcLogAppender (GrpcLogAppender.java:timeoutAppendRequest(200)) - s1@group-AFAFC3C3BFBF->s2-GrpcLogAppender: appendEntries Timeout, request=s1->s2#103-t2, previous=(t:2, i:0), leaderCommit=-1, initializing? false, entries: <empty>
2019-09-24 16:09:17,132 WARN  server.GrpcLogAppender (GrpcLogAppender.java:timeoutAppendRequest(200)) - s1@group-AFAFC3C3BFBF->s0-GrpcLogAppender: appendEntries Timeout, request=s1->s0#104-t2, previous=(t:2, i:0), leaderCommit=-1, initializing? false, entries: <empty>
2019-09-24 16:09:17,132 WARN  server.GrpcLogAppender (GrpcLogAppender.java:timeoutAppendRequest(200)) - s1@group-AFAFC3C3BFBF->s2-GrpcLogAppender: appendEntries Timeout, request=s1->s2#104-t2, previous=(t:2, i:0), leaderCommit=-1, initializing? false, entries: <empty>
2019-09-24 16:09:17,207 WARN  server.GrpcLogAppender (GrpcLogAppender.java:timeoutAppendRequest(200)) - s1@group-AFAFC3C3BFBF->s0-GrpcLogAppender: appendEntries Timeout, request=s1->s0#105-t2, previous=(t:2, i:0), leaderCommit=-1, initializing? false, entries: <empty>
2019-09-24 16:09:17,207 WARN  server.GrpcLogAppender (GrpcLogAppender.java:timeoutAppendRequest(200)) - s1@group-AFAFC3C3BFBF->s2-GrpcLogAppender: appendEntries Timeout, request=s1->s2#105-t2, previous=(t:2, i:0), leaderCommit=-1, initializing? false, entries: <empty>
2019-09-24 16:09:17,216 DEBUG impl.RaftServerImpl (RaftServerImpl.java:logAppendEntries(850)) - s2@group-AFAFC3C3BFBF: succeeded to handle AppendEntries. Reply: s1<-s2#1:OK,SUCCESS,nextIndex:1,term:2,followerCommit:-1
2019-09-24 16:09:17,217 DEBUG impl.RaftServerImpl (RaftServerImpl.java:logAppendEntries(850)) - s0@group-AFAFC3C3BFBF: succeeded to handle AppendEntries. Reply: s1<-s0#1:OK,SUCCESS,nextIndex:1,term:2,followerCommit:-1
2019-09-24 16:09:17,218 WARN  server.GrpcLogAppender (GrpcLogAppender.java:onNextImpl(251)) - s1@group-AFAFC3C3BFBF->s2-AppendLogResponseHandler: Request not found, ignoring reply: s1<-s2#1:OK,SUCCESS,nextIndex:1,term:2,followerCommit:-1
2019-09-24 16:09:17,218 WARN  server.GrpcLogAppender (GrpcLogAppender.java:onNextImpl(251)) - s1@group-AFAFC3C3BFBF->s0-AppendLogResponseHandler: Request not found, ignoring reply: s1<-s0#1:OK,SUCCESS,nextIndex:1,term:2,followerCommit:-1
2019-09-24 16:09:17,219 WARN  server.GrpcLogAppender (GrpcLogAppender.java:onNextImpl(251)) - s1@group-AFAFC3C3BFBF->s2-AppendLogResponseHandler: Request not found, ignoring reply: s1<-s2#2:OK,SUCCESS,nextIndex:1,term:2,followerCommit:-1
2019-09-24 16:09:17,219 WARN  server.GrpcLogAppender (GrpcLogAppender.java:onNextImpl(251)) - s1@group-AFAFC3C3BFBF->s0-AppendLogResponseHandler: Request not found, ignoring reply: s1<-s0#2:OK,SUCCESS,nextIndex:1,term:2,followerCommit:-1
2019-09-24 16:09:17,219 WARN  server.GrpcLogAppender (GrpcLogAppender.java:onNextImpl(251)) - s1@group-AFAFC3C3BFBF->s2-AppendLogResponseHandler: Request not found, ignoring reply: s1<-s2#3:OK,SUCCESS,nextIndex:1,term:2,followerCommit:-1
2019-09-24 16:09:17,219 WARN  server.GrpcLogAppender (GrpcLogAppender.java:onNextImpl(251)) - s1@group-AFAFC3C3BFBF->s0-AppendLogResponseHandler: Request not found, ignoring reply: s1<-s0#3:OK,SUCCESS,nextIndex:1,term:2,followerCommit:-1
2019-09-24 16:09:17,219 WARN  server.GrpcLogAppender (GrpcLogAppender.java:onNextImpl(251)) - s1@group-AFAFC3C3BFBF->s2-AppendLogResponseHandler: Request not found, ignoring reply: s1<-s2#4:OK,SUCCESS,nextIndex:1,term:2,followerCommit:-1
2019-09-24 16:09:17,220 WARN  server.GrpcLogAppender (GrpcLogAppender.java:onNextImpl(251)) - s1@group-AFAFC3C3BFBF->s0-AppendLogResponseHandler: Request not found, ignoring reply: s1<-s0#4:OK,SUCCESS,nextIndex:1,term:2,followerCommit:-1
2019-09-24 16:09:17,220 WARN  server.GrpcLogAppender (GrpcLogAppender.java:onNextImpl(251)) - s1@group-AFAFC3C3BFBF->s2-AppendLogResponseHandler: Request not found, ignoring reply: s1<-s2#5:OK,SUCCESS,nextIndex:1,term:2,followerCommit:-1
2019-09-24 16:09:17,220 WARN  server.GrpcLogAppender (GrpcLogAppender.java:onNextImpl(251)) - s1@group-AFAFC3C3BFBF->s0-AppendLogResponseHandler: Request not found, ignoring reply: s1<-s0#5:OK,SUCCESS,nextIndex:1,term:2,followerCommit:-1
2019-09-24 16:09:17,220 WARN  server.GrpcLogAppender (GrpcLogAppender.java:onNextImpl(251)) - s1@group-AFAFC3C3BFBF->s2-AppendLogResponseHandler: Request not found, ignoring reply: s1<-s2#6:OK,SUCCESS,nextIndex:1,term:2,followerCommit:-1
2019-09-24 16:09:17,220 WARN  server.GrpcLogAppender (GrpcLogAppender.java:onNextImpl(251)) - s1@group-AFAFC3C3BFBF->s0-AppendLogResponseHandler: Request not found, ignoring reply: s1<-s0#6:OK,SUCCESS,nextIndex:1,term:2,followerCommit:-1
2019-09-24 16:09:17,220 WARN  server.GrpcLogAppender (GrpcLogAppender.java:onNextImpl(251)) - s1@group-AFAFC3C3BFBF->s2-AppendLogResponseHandler: Request not found, ignoring reply: s1<-s2#7:OK,SUCCESS,nextIndex:1,term:2,followerCommit:-1
2019-09-24 16:09:17,221 WARN  server.GrpcLogAppender (GrpcLogAppender.java:onNextImpl(251)) - s1@group-AFAFC3C3BFBF->s0-AppendLogResponseHandler: Request not found, ignoring reply: s1<-s0#7:OK,SUCCESS,nextIndex:1,term:2,followerCommit:-1
2019-09-24 16:09:17,221 WARN  server.GrpcLogAppender (GrpcLogAppender.java:onNextImpl(251)) - s1@group-AFAFC3C3BFBF->s2-AppendLogResponseHandler: Request not found, ignoring reply: s1<-s2#8:OK,SUCCESS,nextIndex:1,term:2,followerCommit:-1
2019-09-24 16:09:17,221 WARN  server.GrpcLogAppender (GrpcLogAppender.java:onNextImpl(251)) - s1@group-AFAFC3C3BFBF->s0-AppendLogResponseHandler: Request not found, ignoring reply: s1<-s0#8:OK,SUCCESS,nextIndex:1,term:2,followerCommit:-1
2019-09-24 16:09:17,221 WARN  server.GrpcLogAppender (GrpcLogAppender.java:onNextImpl(251)) - s1@group-AFAFC3C3BFBF->s2-AppendLogResponseHandler: Request not found, ignoring reply: s1<-s2#9:OK,SUCCESS,nextIndex:1,term:2,followerCommit:-1
2019-09-24 16:09:17,221 WARN  server.GrpcLogAppender (GrpcLogAppender.java:onNextImpl(251)) - s1@group-AFAFC3C3BFBF->s0-AppendLogResponseHandler: Request not found, ignoring reply: s1<-s0#9:OK,SUCCESS,nextIndex:1,term:2,followerCommit:-1
2019-09-24 16:09:17,221 WARN  server.GrpcLogAppender (GrpcLogAppender.java:onNextImpl(251)) - s1@group-AFAFC3C3BFBF->s2-AppendLogResponseHandler: Request not found, ignoring reply: s1<-s2#10:OK,SUCCESS,nextIndex:1,term:2,followerCommit:-1
2019-09-24 16:09:17,221 WARN  server.GrpcLogAppender (GrpcLogAppender.java:onNextImpl(251)) - s1@group-AFAFC3C3BFBF->s0-AppendLogResponseHandler: Request not found, ignoring reply: s1<-s0#10:OK,SUCCESS,nextIndex:1,term:2,followerCommit:-1
2019-09-24 16:09:17,222 WARN  server.GrpcLogAppender (GrpcLogAppender.java:onNextImpl(251)) - s1@group-AFAFC3C3BFBF->s2-AppendLogResponseHandler: Request not found, ignoring reply: s1<-s2#11:OK,SUCCESS,nextIndex:1,term:2,followerCommit:-1
2019-09-24 16:09:17,222 WARN  server.GrpcLogAppender (GrpcLogAppender.java:onNextImpl(251)) - s1@group-AFAFC3C3BFBF->s0-AppendLogResponseHandler: Request not found, ignoring reply: s1<-s0#11:OK,SUCCESS,nextIndex:1,term:2,followerCommit:-1
2019-09-24 16:09:17,222 WARN  server.GrpcLogAppender (GrpcLogAppender.java:onNextImpl(251)) - s1@group-AFAFC3C3BFBF->s2-AppendLogResponseHandler: Request not found, ignoring reply: s1<-s2#12:OK,SUCCESS,nextIndex:1,term:2,followerCommit:-1
2019-09-24 16:09:17,222 WARN  server.GrpcLogAppender (GrpcLogAppender.java:onNextImpl(251)) - s1@group-AFAFC3C3BFBF->s0-AppendLogResponseHandler: Request not found, ignoring reply: s1<-s0#12:OK,SUCCESS,nextIndex:1,term:2,followerCommit:-1
2019-09-24 16:09:17,222 WARN  server.GrpcLogAppender (GrpcLogAppender.java:onNextImpl(251)) - s1@group-AFAFC3C3BFBF->s2-AppendLogResponseHandler: Request not found, ignoring reply: s1<-s2#13:OK,SUCCESS,nextIndex:1,term:2,followerCommit:-1
2019-09-24 16:09:17,222 WARN  server.GrpcLogAppender (GrpcLogAppender.java:onNextImpl(251)) - s1@group-AFAFC3C3BFBF->s0-AppendLogResponseHandler: Request not found, ignoring reply: s1<-s0#13:OK,SUCCESS,nextIndex:1,term:2,followerCommit:-1
2019-09-24 16:09:17,222 WARN  server.GrpcLogAppender (GrpcLogAppender.java:onNextImpl(251)) - s1@group-AFAFC3C3BFBF->s2-AppendLogResponseHandler: Request not found, ignoring reply: s1<-s2#14:OK,SUCCESS,nextIndex:1,term:2,followerCommit:-1
2019-09-24 16:09:17,223 WARN  server.GrpcLogAppender (GrpcLogAppender.java:onNextImpl(251)) - s1@group-AFAFC3C3BFBF->s0-AppendLogResponseHandler: Request not found, ignoring reply: s1<-s0#14:OK,SUCCESS,nextIndex:1,term:2,followerCommit:-1
2019-09-24 16:09:17,223 WARN  server.GrpcLogAppender (GrpcLogAppender.java:onNextImpl(251)) - s1@group-AFAFC3C3BFBF->s2-AppendLogResponseHandler: Request not found, ignoring reply: s1<-s2#15:OK,SUCCESS,nextIndex:1,term:2,followerCommit:-1
2019-09-24 16:09:17,223 WARN  server.GrpcLogAppender (GrpcLogAppender.java:onNextImpl(251)) - s1@group-AFAFC3C3BFBF->s0-AppendLogResponseHandler: Request not found, ignoring reply: s1<-s0#15:OK,SUCCESS,nextIndex:1,term:2,followerCommit:-1
2019-09-24 16:09:17,223 WARN  server.GrpcLogAppender (GrpcLogAppender.java:onNextImpl(251)) - s1@group-AFAFC3C3BFBF->s2-AppendLogResponseHandler: Request not found, ignoring reply: s1<-s2#16:OK,SUCCESS,nextIndex:1,term:2,followerCommit:-1
2019-09-24 16:09:17,223 WARN  server.GrpcLogAppender (GrpcLogAppender.java:onNextImpl(251)) - s1@group-AFAFC3C3BFBF->s0-AppendLogResponseHandler: Request not found, ignoring reply: s1<-s0#16:OK,SUCCESS,nextIndex:1,term:2,followerCommit:-1
2019-09-24 16:09:17,223 WARN  server.GrpcLogAppender (GrpcLogAppender.java:onNextImpl(251)) - s1@group-AFAFC3C3BFBF->s2-AppendLogResponseHandler: Request not found, ignoring reply: s1<-s2#17:OK,SUCCESS,nextIndex:1,term:2,followerCommit:-1
2019-09-24 16:09:17,223 WARN  server.GrpcLogAppender (GrpcLogAppender.java:onNextImpl(251)) - s1@group-AFAFC3C3BFBF->s0-AppendLogResponseHandler: Request not found, ignoring reply: s1<-s0#17:OK,SUCCESS,nextIndex:1,term:2,followerCommit:-1
2019-09-24 16:09:17,224 WARN  server.GrpcLogAppender (GrpcLogAppender.java:onNextImpl(251)) - s1@group-AFAFC3C3BFBF->s2-AppendLogResponseHandler: Request not found, ignoring reply: s1<-s2#18:OK,SUCCESS,nextIndex:1,term:2,followerCommit:-1
2019-09-24 16:09:17,224 WARN  server.GrpcLogAppender (GrpcLogAppender.java:onNextImpl(251)) - s1@group-AFAFC3C3BFBF->s0-AppendLogResponseHandler: Request not found, ignoring reply: s1<-s0#18:OK,SUCCESS,nextIndex:1,term:2,followerCommit:-1
2019-09-24 16:09:17,224 WARN  server.GrpcLogAppender (GrpcLogAppender.java:onNextImpl(251)) - s1@group-AFAFC3C3BFBF->s2-AppendLogResponseHandler: Request not found, ignoring reply: s1<-s2#19:OK,SUCCESS,nextIndex:1,term:2,followerCommit:-1
2019-09-24 16:09:17,224 WARN  server.GrpcLogAppender (GrpcLogAppender.java:onNextImpl(251)) - s1@group-AFAFC3C3BFBF->s0-AppendLogResponseHandler: Request not found, ignoring reply: s1<-s0#19:OK,SUCCESS,nextIndex:1,term:2,followerCommit:-1
2019-09-24 16:09:17,224 WARN  server.GrpcLogAppender (GrpcLogAppender.java:onNextImpl(251)) - s1@group-AFAFC3C3BFBF->s2-AppendLogResponseHandler: Request not found, ignoring reply: s1<-s2#20:OK,SUCCESS,nextIndex:1,term:2,followerCommit:-1
2019-09-24 16:09:17,224 WARN  server.GrpcLogAppender (GrpcLogAppender.java:onNextImpl(251)) - s1@group-AFAFC3C3BFBF->s0-AppendLogResponseHandler: Request not found, ignoring reply: s1<-s0#20:OK,SUCCESS,nextIndex:1,term:2,followerCommit:-1
2019-09-24 16:09:17,225 WARN  server.GrpcLogAppender (GrpcLogAppender.java:onNextImpl(251)) - s1@group-AFAFC3C3BFBF->s2-AppendLogResponseHandler: Request not found, ignoring reply: s1<-s2#21:OK,SUCCESS,nextIndex:1,term:2,followerCommit:-1
2019-09-24 16:09:17,225 WARN  server.GrpcLogAppender (GrpcLogAppender.java:onNextImpl(251)) - s1@group-AFAFC3C3BFBF->s0-AppendLogResponseHandler: Request not found, ignoring reply: s1<-s0#21:OK,SUCCESS,nextIndex:1,term:2,followerCommit:-1
2019-09-24 16:09:17,225 WARN  server.GrpcLogAppender (GrpcLogAppender.java:onNextImpl(251)) - s1@group-AFAFC3C3BFBF->s2-AppendLogResponseHandler: Request not found, ignoring reply: s1<-s2#22:OK,SUCCESS,nextIndex:1,term:2,followerCommit:-1
2019-09-24 16:09:17,225 WARN  server.GrpcLogAppender (GrpcLogAppender.java:onNextImpl(251)) - s1@group-AFAFC3C3BFBF->s0-AppendLogResponseHandler: Request not found, ignoring reply: s1<-s0#22:OK,SUCCESS,nextIndex:1,term:2,followerCommit:-1
2019-09-24 16:09:17,225 WARN  server.GrpcLogAppender (GrpcLogAppender.java:onNextImpl(251)) - s1@group-AFAFC3C3BFBF->s2-AppendLogResponseHandler: Request not found, ignoring reply: s1<-s2#23:OK,SUCCESS,nextIndex:1,term:2,followerCommit:-1
2019-09-24 16:09:17,225 WARN  server.GrpcLogAppender (GrpcLogAppender.java:onNextImpl(251)) - s1@group-AFAFC3C3BFBF->s0-AppendLogResponseHandler: Request not found, ignoring reply: s1<-s0#23:OK,SUCCESS,nextIndex:1,term:2,followerCommit:-1
2019-09-24 16:09:17,225 WARN  server.GrpcLogAppender (GrpcLogAppender.java:onNextImpl(251)) - s1@group-AFAFC3C3BFBF->s2-AppendLogResponseHandler: Request not found, ignoring reply: s1<-s2#24:OK,SUCCESS,nextIndex:1,term:2,followerCommit:-1
2019-09-24 16:09:17,226 WARN  server.GrpcLogAppender (GrpcLogAppender.java:onNextImpl(251)) - s1@group-AFAFC3C3BFBF->s0-AppendLogResponseHandler: Request not found, ignoring reply: s1<-s0#24:OK,SUCCESS,nextIndex:1,term:2,followerCommit:-1
2019-09-24 16:09:17,226 WARN  server.GrpcLogAppender (GrpcLogAppender.java:onNextImpl(251)) - s1@group-AFAFC3C3BFBF->s2-AppendLogResponseHandler: Request not found, ignoring reply: s1<-s2#25:OK,SUCCESS,nextIndex:1,term:2,followerCommit:-1
2019-09-24 16:09:17,226 WARN  server.GrpcLogAppender (GrpcLogAppender.java:onNextImpl(251)) - s1@group-AFAFC3C3BFBF->s0-AppendLogResponseHandler: Request not found, ignoring reply: s1<-s0#25:OK,SUCCESS,nextIndex:1,term:2,followerCommit:-1
2019-09-24 16:09:17,226 WARN  server.GrpcLogAppender (GrpcLogAppender.java:onNextImpl(251)) - s1@group-AFAFC3C3BFBF->s2-AppendLogResponseHandler: Request not found, ignoring reply: s1<-s2#26:OK,SUCCESS,nextIndex:1,term:2,followerCommit:-1
2019-09-24 16:09:17,226 WARN  server.GrpcLogAppender (GrpcLogAppender.java:onNextImpl(251)) - s1@group-AFAFC3C3BFBF->s0-AppendLogResponseHandler: Request not found, ignoring reply: s1<-s0#26:OK,SUCCESS,nextIndex:1,term:2,followerCommit:-1
2019-09-24 16:09:17,226 WARN  server.GrpcLogAppender (GrpcLogAppender.java:onNextImpl(251)) - s1@group-AFAFC3C3BFBF->s2-AppendLogResponseHandler: Request not found, ignoring reply: s1<-s2#27:OK,SUCCESS,nextIndex:1,term:2,followerCommit:-1
2019-09-24 16:09:17,227 WARN  server.GrpcLogAppender (GrpcLogAppender.java:onNextImpl(251)) - s1@group-AFAFC3C3BFBF->s0-AppendLogResponseHandler: Request not found, ignoring reply: s1<-s0#27:OK,SUCCESS,nextIndex:1,term:2,followerCommit:-1
2019-09-24 16:09:17,227 WARN  server.GrpcLogAppender (GrpcLogAppender.java:onNextImpl(251)) - s1@group-AFAFC3C3BFBF->s2-AppendLogResponseHandler: Request not found, ignoring reply: s1<-s2#28:OK,SUCCESS,nextIndex:1,term:2,followerCommit:-1
2019-09-24 16:09:17,227 WARN  server.GrpcLogAppender (GrpcLogAppender.java:onNextImpl(251)) - s1@group-AFAFC3C3BFBF->s0-AppendLogResponseHandler: Request not found, ignoring reply: s1<-s0#28:OK,SUCCESS,nextIndex:1,term:2,followerCommit:-1
2019-09-24 16:09:17,227 WARN  server.GrpcLogAppender (GrpcLogAppender.java:onNextImpl(251)) - s1@group-AFAFC3C3BFBF->s2-AppendLogResponseHandler: Request not found, ignoring reply: s1<-s2#29:OK,SUCCESS,nextIndex:1,term:2,followerCommit:-1
2019-09-24 16:09:17,227 WARN  server.GrpcLogAppender (GrpcLogAppender.java:onNextImpl(251)) - s1@group-AFAFC3C3BFBF->s0-AppendLogResponseHandler: Request not found, ignoring reply: s1<-s0#29:OK,SUCCESS,nextIndex:1,term:2,followerCommit:-1
2019-09-24 16:09:17,228 WARN  server.GrpcLogAppender (GrpcLogAppender.java:onNextImpl(251)) - s1@group-AFAFC3C3BFBF->s2-AppendLogResponseHandler: Request not found, ignoring reply: s1<-s2#30:OK,SUCCESS,nextIndex:1,term:2,followerCommit:-1
2019-09-24 16:09:17,228 WARN  server.GrpcLogAppender (GrpcLogAppender.java:onNextImpl(251)) - s1@group-AFAFC3C3BFBF->s0-AppendLogResponseHandler: Request not found, ignoring reply: s1<-s0#30:OK,SUCCESS,nextIndex:1,term:2,followerCommit:-1
2019-09-24 16:09:17,228 WARN  server.GrpcLogAppender (GrpcLogAppender.java:onNextImpl(251)) - s1@group-AFAFC3C3BFBF->s2-AppendLogResponseHandler: Request not found, ignoring reply: s1<-s2#31:OK,SUCCESS,nextIndex:1,term:2,followerCommit:-1
2019-09-24 16:09:17,228 WARN  server.GrpcLogAppender (GrpcLogAppender.java:onNextImpl(251)) - s1@group-AFAFC3C3BFBF->s0-AppendLogResponseHandler: Request not found, ignoring reply: s1<-s0#31:OK,SUCCESS,nextIndex:1,term:2,followerCommit:-1
2019-09-24 16:09:17,228 WARN  server.GrpcLogAppender (GrpcLogAppender.java:onNextImpl(251)) - s1@group-AFAFC3C3BFBF->s2-AppendLogResponseHandler: Request not found, ignoring reply: s1<-s2#32:OK,SUCCESS,nextIndex:1,term:2,followerCommit:-1
2019-09-24 16:09:17,228 WARN  server.GrpcLogAppender (GrpcLogAppender.java:onNextImpl(251)) - s1@group-AFAFC3C3BFBF->s0-AppendLogResponseHandler: Request not found, ignoring reply: s1<-s0#32:OK,SUCCESS,nextIndex:1,term:2,followerCommit:-1
2019-09-24 16:09:17,229 WARN  server.GrpcLogAppender (GrpcLogAppender.java:onNextImpl(251)) - s1@group-AFAFC3C3BFBF->s2-AppendLogResponseHandler: Request not found, ignoring reply: s1<-s2#33:OK,SUCCESS,nextIndex:1,term:2,followerCommit:-1
2019-09-24 16:09:17,229 WARN  server.GrpcLogAppender (GrpcLogAppender.java:onNextImpl(251)) - s1@group-AFAFC3C3BFBF->s0-AppendLogResponseHandler: Request not found, ignoring reply: s1<-s0#33:OK,SUCCESS,nextIndex:1,term:2,followerCommit:-1
2019-09-24 16:09:17,229 WARN  server.GrpcLogAppender (GrpcLogAppender.java:onNextImpl(251)) - s1@group-AFAFC3C3BFBF->s2-AppendLogResponseHandler: Request not found, ignoring reply: s1<-s2#34:OK,SUCCESS,nextIndex:1,term:2,followerCommit:-1
2019-09-24 16:09:17,229 WARN  server.GrpcLogAppender (GrpcLogAppender.java:onNextImpl(251)) - s1@group-AFAFC3C3BFBF->s0-AppendLogResponseHandler: Request not found, ignoring reply: s1<-s0#34:OK,SUCCESS,nextIndex:1,term:2,followerCommit:-1
2019-09-24 16:09:17,229 WARN  server.GrpcLogAppender (GrpcLogAppender.java:onNextImpl(251)) - s1@group-AFAFC3C3BFBF->s2-AppendLogResponseHandler: Request not found, ignoring reply: s1<-s2#35:OK,SUCCESS,nextIndex:1,term:2,followerCommit:-1
2019-09-24 16:09:17,229 WARN  server.GrpcLogAppender (GrpcLogAppender.java:onNextImpl(251)) - s1@group-AFAFC3C3BFBF->s0-AppendLogResponseHandler: Request not found, ignoring reply: s1<-s0#35:OK,SUCCESS,nextIndex:1,term:2,followerCommit:-1
2019-09-24 16:09:17,230 WARN  server.GrpcLogAppender (GrpcLogAppender.java:onNextImpl(251)) - s1@group-AFAFC3C3BFBF->s2-AppendLogResponseHandler: Request not found, ignoring reply: s1<-s2#36:OK,SUCCESS,nextIndex:1,term:2,followerCommit:-1
2019-09-24 16:09:17,230 WARN  server.GrpcLogAppender (GrpcLogAppender.java:onNextImpl(251)) - s1@group-AFAFC3C3BFBF->s0-AppendLogResponseHandler: Request not found, ignoring reply: s1<-s0#36:OK,SUCCESS,nextIndex:1,term:2,followerCommit:-1
2019-09-24 16:09:17,230 WARN  server.GrpcLogAppender (GrpcLogAppender.java:onNextImpl(251)) - s1@group-AFAFC3C3BFBF->s2-AppendLogResponseHandler: Request not found, ignoring reply: s1<-s2#37:OK,SUCCESS,nextIndex:1,term:2,followerCommit:-1
2019-09-24 16:09:17,230 WARN  server.GrpcLogAppender (GrpcLogAppender.java:onNextImpl(251)) - s1@group-AFAFC3C3BFBF->s0-AppendLogResponseHandler: Request not found, ignoring reply: s1<-s0#37:OK,SUCCESS,nextIndex:1,term:2,followerCommit:-1
2019-09-24 16:09:17,230 WARN  server.GrpcLogAppender (GrpcLogAppender.java:onNextImpl(251)) - s1@group-AFAFC3C3BFBF->s2-AppendLogResponseHandler: Request not found, ignoring reply: s1<-s2#38:OK,SUCCESS,nextIndex:1,term:2,followerCommit:-1
2019-09-24 16:09:17,230 WARN  server.GrpcLogAppender (GrpcLogAppender.java:onNextImpl(251)) - s1@group-AFAFC3C3BFBF->s0-AppendLogResponseHandler: Request not found, ignoring reply: s1<-s0#38:OK,SUCCESS,nextIndex:1,term:2,followerCommit:-1
2019-09-24 16:09:17,231 WARN  server.GrpcLogAppender (GrpcLogAppender.java:onNextImpl(251)) - s1@group-AFAFC3C3BFBF->s2-AppendLogResponseHandler: Request not found, ignoring reply: s1<-s2#39:OK,SUCCESS,nextIndex:1,term:2,followerCommit:-1
2019-09-24 16:09:17,231 WARN  server.GrpcLogAppender (GrpcLogAppender.java:onNextImpl(251)) - s1@group-AFAFC3C3BFBF->s0-AppendLogResponseHandler: Request not found, ignoring reply: s1<-s0#39:OK,SUCCESS,nextIndex:1,term:2,followerCommit:-1
2019-09-24 16:09:17,231 WARN  server.GrpcLogAppender (GrpcLogAppender.java:onNextImpl(251)) - s1@group-AFAFC3C3BFBF->s2-AppendLogResponseHandler: Request not found, ignoring reply: s1<-s2#40:OK,SUCCESS,nextIndex:1,term:2,followerCommit:-1
2019-09-24 16:09:17,231 WARN  server.GrpcLogAppender (GrpcLogAppender.java:onNextImpl(251)) - s1@group-AFAFC3C3BFBF->s0-AppendLogResponseHandler: Request not found, ignoring reply: s1<-s0#40:OK,SUCCESS,nextIndex:1,term:2,followerCommit:-1
2019-09-24 16:09:17,231 WARN  server.GrpcLogAppender (GrpcLogAppender.java:onNextImpl(251)) - s1@group-AFAFC3C3BFBF->s2-AppendLogResponseHandler: Request not found, ignoring reply: s1<-s2#41:OK,SUCCESS,nextIndex:1,term:2,followerCommit:-1
2019-09-24 16:09:17,231 WARN  server.GrpcLogAppender (GrpcLogAppender.java:onNextImpl(251)) - s1@group-AFAFC3C3BFBF->s0-AppendLogResponseHandler: Request not found, ignoring reply: s1<-s0#41:OK,SUCCESS,nextIndex:1,term:2,followerCommit:-1
2019-09-24 16:09:17,231 WARN  server.GrpcLogAppender (GrpcLogAppender.java:onNextImpl(251)) - s1@group-AFAFC3C3BFBF->s2-AppendLogResponseHandler: Request not found, ignoring reply: s1<-s2#42:OK,SUCCESS,nextIndex:1,term:2,followerCommit:-1
2019-09-24 16:09:17,232 WARN  server.GrpcLogAppender (GrpcLogAppender.java:onNextImpl(251)) - s1@group-AFAFC3C3BFBF->s0-AppendLogResponseHandler: Request not found, ignoring reply: s1<-s0#42:OK,SUCCESS,nextIndex:1,term:2,followerCommit:-1
2019-09-24 16:09:17,232 WARN  server.GrpcLogAppender (GrpcLogAppender.java:onNextImpl(251)) - s1@group-AFAFC3C3BFBF->s2-AppendLogResponseHandler: Request not found, ignoring reply: s1<-s2#43:OK,SUCCESS,nextIndex:1,term:2,followerCommit:-1
2019-09-24 16:09:17,232 WARN  server.GrpcLogAppender (GrpcLogAppender.java:onNextImpl(251)) - s1@group-AFAFC3C3BFBF->s0-AppendLogResponseHandler: Request not found, ignoring reply: s1<-s0#43:OK,SUCCESS,nextIndex:1,term:2,followerCommit:-1
2019-09-24 16:09:17,232 WARN  server.GrpcLogAppender (GrpcLogAppender.java:onNextImpl(251)) - s1@group-AFAFC3C3BFBF->s2-AppendLogResponseHandler: Request not found, ignoring reply: s1<-s2#44:OK,SUCCESS,nextIndex:1,term:2,followerCommit:-1
2019-09-24 16:09:17,232 WARN  server.GrpcLogAppender (GrpcLogAppender.java:onNextImpl(251)) - s1@group-AFAFC3C3BFBF->s0-AppendLogResponseHandler: Request not found, ignoring reply: s1<-s0#44:OK,SUCCESS,nextIndex:1,term:2,followerCommit:-1
2019-09-24 16:09:17,232 WARN  server.GrpcLogAppender (GrpcLogAppender.java:onNextImpl(251)) - s1@group-AFAFC3C3BFBF->s2-AppendLogResponseHandler: Request not found, ignoring reply: s1<-s2#45:OK,SUCCESS,nextIndex:1,term:2,followerCommit:-1
2019-09-24 16:09:17,233 WARN  server.GrpcLogAppender (GrpcLogAppender.java:onNextImpl(251)) - s1@group-AFAFC3C3BFBF->s0-AppendLogResponseHandler: Request not found, ignoring reply: s1<-s0#45:OK,SUCCESS,nextIndex:1,term:2,followerCommit:-1
2019-09-24 16:09:17,233 WARN  server.GrpcLogAppender (GrpcLogAppender.java:onNextImpl(251)) - s1@group-AFAFC3C3BFBF->s2-AppendLogResponseHandler: Request not found, ignoring reply: s1<-s2#46:OK,SUCCESS,nextIndex:1,term:2,followerCommit:-1
2019-09-24 16:09:17,233 WARN  server.GrpcLogAppender (GrpcLogAppender.java:onNextImpl(251)) - s1@group-AFAFC3C3BFBF->s0-AppendLogResponseHandler: Request not found, ignoring reply: s1<-s0#46:OK,SUCCESS,nextIndex:1,term:2,followerCommit:-1
2019-09-24 16:09:17,233 WARN  server.GrpcLogAppender (GrpcLogAppender.java:onNextImpl(251)) - s1@group-AFAFC3C3BFBF->s2-AppendLogResponseHandler: Request not found, ignoring reply: s1<-s2#47:OK,SUCCESS,nextIndex:1,term:2,followerCommit:-1
2019-09-24 16:09:17,233 WARN  server.GrpcLogAppender (GrpcLogAppender.java:onNextImpl(251)) - s1@group-AFAFC3C3BFBF->s0-AppendLogResponseHandler: Request not found, ignoring reply: s1<-s0#47:OK,SUCCESS,nextIndex:1,term:2,followerCommit:-1
2019-09-24 16:09:17,233 WARN  server.GrpcLogAppender (GrpcLogAppender.java:onNextImpl(251)) - s1@group-AFAFC3C3BFBF->s2-AppendLogResponseHandler: Request not found, ignoring reply: s1<-s2#48:OK,SUCCESS,nextIndex:1,term:2,followerCommit:-1
2019-09-24 16:09:17,233 WARN  server.GrpcLogAppender (GrpcLogAppender.java:onNextImpl(251)) - s1@group-AFAFC3C3BFBF->s0-AppendLogResponseHandler: Request not found, ignoring reply: s1<-s0#48:OK,SUCCESS,nextIndex:1,term:2,followerCommit:-1
2019-09-24 16:09:17,234 WARN  server.GrpcLogAppender (GrpcLogAppender.java:onNextImpl(251)) - s1@group-AFAFC3C3BFBF->s2-AppendLogResponseHandler: Request not found, ignoring reply: s1<-s2#49:OK,SUCCESS,nextIndex:1,term:2,followerCommit:-1
2019-09-24 16:09:17,234 WARN  server.GrpcLogAppender (GrpcLogAppender.java:onNextImpl(251)) - s1@group-AFAFC3C3BFBF->s0-AppendLogResponseHandler: Request not found, ignoring reply: s1<-s0#49:OK,SUCCESS,nextIndex:1,term:2,followerCommit:-1
2019-09-24 16:09:17,234 WARN  server.GrpcLogAppender (GrpcLogAppender.java:onNextImpl(251)) - s1@group-AFAFC3C3BFBF->s2-AppendLogResponseHandler: Request not found, ignoring reply: s1<-s2#50:OK,SUCCESS,nextIndex:1,term:2,followerCommit:-1
2019-09-24 16:09:17,234 WARN  server.GrpcLogAppender (GrpcLogAppender.java:onNextImpl(251)) - s1@group-AFAFC3C3BFBF->s0-AppendLogResponseHandler: Request not found, ignoring reply: s1<-s0#50:OK,SUCCESS,nextIndex:1,term:2,followerCommit:-1
2019-09-24 16:09:17,234 WARN  server.GrpcLogAppender (GrpcLogAppender.java:onNextImpl(251)) - s1@group-AFAFC3C3BFBF->s2-AppendLogResponseHandler: Request not found, ignoring reply: s1<-s2#51:OK,SUCCESS,nextIndex:1,term:2,followerCommit:-1
2019-09-24 16:09:17,234 WARN  server.GrpcLogAppender (GrpcLogAppender.java:onNextImpl(251)) - s1@group-AFAFC3C3BFBF->s0-AppendLogResponseHandler: Request not found, ignoring reply: s1<-s0#51:OK,SUCCESS,nextIndex:1,term:2,followerCommit:-1
2019-09-24 16:09:17,234 WARN  server.GrpcLogAppender (GrpcLogAppender.java:onNextImpl(251)) - s1@group-AFAFC3C3BFBF->s2-AppendLogResponseHandler: Request not found, ignoring reply: s1<-s2#52:OK,SUCCESS,nextIndex:1,term:2,followerCommit:-1
2019-09-24 16:09:17,235 WARN  server.GrpcLogAppender (GrpcLogAppender.java:onNextImpl(251)) - s1@group-AFAFC3C3BFBF->s0-AppendLogResponseHandler: Request not found, ignoring reply: s1<-s0#52:OK,SUCCESS,nextIndex:1,term:2,followerCommit:-1
2019-09-24 16:09:17,235 WARN  server.GrpcLogAppender (GrpcLogAppender.java:onNextImpl(251)) - s1@group-AFAFC3C3BFBF->s2-AppendLogResponseHandler: Request not found, ignoring reply: s1<-s2#53:OK,SUCCESS,nextIndex:1,term:2,followerCommit:-1
2019-09-24 16:09:17,235 WARN  server.GrpcLogAppender (GrpcLogAppender.java:onNextImpl(251)) - s1@group-AFAFC3C3BFBF->s0-AppendLogResponseHandler: Request not found, ignoring reply: s1<-s0#53:OK,SUCCESS,nextIndex:1,term:2,followerCommit:-1
2019-09-24 16:09:17,235 WARN  server.GrpcLogAppender (GrpcLogAppender.java:onNextImpl(251)) - s1@group-AFAFC3C3BFBF->s2-AppendLogResponseHandler: Request not found, ignoring reply: s1<-s2#54:OK,SUCCESS,nextIndex:1,term:2,followerCommit:-1
2019-09-24 16:09:17,235 WARN  server.GrpcLogAppender (GrpcLogAppender.java:onNextImpl(251)) - s1@group-AFAFC3C3BFBF->s0-AppendLogResponseHandler: Request not found, ignoring reply: s1<-s0#54:OK,SUCCESS,nextIndex:1,term:2,followerCommit:-1
2019-09-24 16:09:17,235 WARN  server.GrpcLogAppender (GrpcLogAppender.java:onNextImpl(251)) - s1@group-AFAFC3C3BFBF->s2-AppendLogResponseHandler: Request not found, ignoring reply: s1<-s2#55:OK,SUCCESS,nextIndex:1,term:2,followerCommit:-1
2019-09-24 16:09:17,235 WARN  server.GrpcLogAppender (GrpcLogAppender.java:onNextImpl(251)) - s1@group-AFAFC3C3BFBF->s0-AppendLogResponseHandler: Request not found, ignoring reply: s1<-s0#55:OK,SUCCESS,nextIndex:1,term:2,followerCommit:-1
2019-09-24 16:09:17,236 WARN  server.GrpcLogAppender (GrpcLogAppender.java:onNextImpl(251)) - s1@group-AFAFC3C3BFBF->s2-AppendLogResponseHandler: Request not found, ignoring reply: s1<-s2#56:OK,SUCCESS,nextIndex:1,term:2,followerCommit:-1
2019-09-24 16:09:17,236 WARN  server.GrpcLogAppender (GrpcLogAppender.java:onNextImpl(251)) - s1@group-AFAFC3C3BFBF->s0-AppendLogResponseHandler: Request not found, ignoring reply: s1<-s0#56:OK,SUCCESS,nextIndex:1,term:2,followerCommit:-1
2019-09-24 16:09:17,236 WARN  server.GrpcLogAppender (GrpcLogAppender.java:onNextImpl(251)) - s1@group-AFAFC3C3BFBF->s2-AppendLogResponseHandler: Request not found, ignoring reply: s1<-s2#57:OK,SUCCESS,nextIndex:1,term:2,followerCommit:-1
2019-09-24 16:09:17,236 WARN  server.GrpcLogAppender (GrpcLogAppender.java:onNextImpl(251)) - s1@group-AFAFC3C3BFBF->s0-AppendLogResponseHandler: Request not found, ignoring reply: s1<-s0#57:OK,SUCCESS,nextIndex:1,term:2,followerCommit:-1
2019-09-24 16:09:17,236 WARN  server.GrpcLogAppender (GrpcLogAppender.java:onNextImpl(251)) - s1@group-AFAFC3C3BFBF->s2-AppendLogResponseHandler: Request not found, ignoring reply: s1<-s2#58:OK,SUCCESS,nextIndex:1,term:2,followerCommit:-1
2019-09-24 16:09:17,236 WARN  server.GrpcLogAppender (GrpcLogAppender.java:onNextImpl(251)) - s1@group-AFAFC3C3BFBF->s0-AppendLogResponseHandler: Request not found, ignoring reply: s1<-s0#58:OK,SUCCESS,nextIndex:1,term:2,followerCommit:-1
2019-09-24 16:09:17,236 WARN  server.GrpcLogAppender (GrpcLogAppender.java:onNextImpl(251)) - s1@group-AFAFC3C3BFBF->s2-AppendLogResponseHandler: Request not found, ignoring reply: s1<-s2#59:OK,SUCCESS,nextIndex:1,term:2,followerCommit:-1
2019-09-24 16:09:17,237 WARN  server.GrpcLogAppender (GrpcLogAppender.java:onNextImpl(251)) - s1@group-AFAFC3C3BFBF->s0-AppendLogResponseHandler: Request not found, ignoring reply: s1<-s0#59:OK,SUCCESS,nextIndex:1,term:2,followerCommit:-1
2019-09-24 16:09:17,237 WARN  server.GrpcLogAppender (GrpcLogAppender.java:onNextImpl(251)) - s1@group-AFAFC3C3BFBF->s2-AppendLogResponseHandler: Request not found, ignoring reply: s1<-s2#60:OK,SUCCESS,nextIndex:1,term:2,followerCommit:-1
2019-09-24 16:09:17,237 WARN  server.GrpcLogAppender (GrpcLogAppender.java:onNextImpl(251)) - s1@group-AFAFC3C3BFBF->s0-AppendLogResponseHandler: Request not found, ignoring reply: s1<-s0#60:OK,SUCCESS,nextIndex:1,term:2,followerCommit:-1
2019-09-24 16:09:17,237 WARN  server.GrpcLogAppender (GrpcLogAppender.java:onNextImpl(251)) - s1@group-AFAFC3C3BFBF->s2-AppendLogResponseHandler: Request not found, ignoring reply: s1<-s2#61:OK,SUCCESS,nextIndex:1,term:2,followerCommit:-1
2019-09-24 16:09:17,237 WARN  server.GrpcLogAppender (GrpcLogAppender.java:onNextImpl(251)) - s1@group-AFAFC3C3BFBF->s0-AppendLogResponseHandler: Request not found, ignoring reply: s1<-s0#61:OK,SUCCESS,nextIndex:1,term:2,followerCommit:-1
2019-09-24 16:09:17,237 WARN  server.GrpcLogAppender (GrpcLogAppender.java:onNextImpl(251)) - s1@group-AFAFC3C3BFBF->s2-AppendLogResponseHandler: Request not found, ignoring reply: s1<-s2#62:OK,SUCCESS,nextIndex:1,term:2,followerCommit:-1
2019-09-24 16:09:17,237 WARN  server.GrpcLogAppender (GrpcLogAppender.java:onNextImpl(251)) - s1@group-AFAFC3C3BFBF->s0-AppendLogResponseHandler: Request not found, ignoring reply: s1<-s0#62:OK,SUCCESS,nextIndex:1,term:2,followerCommit:-1
2019-09-24 16:09:17,238 WARN  server.GrpcLogAppender (GrpcLogAppender.java:onNextImpl(251)) - s1@group-AFAFC3C3BFBF->s2-AppendLogResponseHandler: Request not found, ignoring reply: s1<-s2#63:OK,SUCCESS,nextIndex:1,term:2,followerCommit:-1
2019-09-24 16:09:17,238 WARN  server.GrpcLogAppender (GrpcLogAppender.java:onNextImpl(251)) - s1@group-AFAFC3C3BFBF->s0-AppendLogResponseHandler: Request not found, ignoring reply: s1<-s0#63:OK,SUCCESS,nextIndex:1,term:2,followerCommit:-1
2019-09-24 16:09:17,238 WARN  server.GrpcLogAppender (GrpcLogAppender.java:onNextImpl(251)) - s1@group-AFAFC3C3BFBF->s2-AppendLogResponseHandler: Request not found, ignoring reply: s1<-s2#64:OK,SUCCESS,nextIndex:1,term:2,followerCommit:-1
2019-09-24 16:09:17,238 WARN  server.GrpcLogAppender (GrpcLogAppender.java:onNextImpl(251)) - s1@group-AFAFC3C3BFBF->s0-AppendLogResponseHandler: Request not found, ignoring reply: s1<-s0#64:OK,SUCCESS,nextIndex:1,term:2,followerCommit:-1
2019-09-24 16:09:17,238 WARN  server.GrpcLogAppender (GrpcLogAppender.java:onNextImpl(251)) - s1@group-AFAFC3C3BFBF->s2-AppendLogResponseHandler: Request not found, ignoring reply: s1<-s2#65:OK,SUCCESS,nextIndex:1,term:2,followerCommit:-1
2019-09-24 16:09:17,238 WARN  server.GrpcLogAppender (GrpcLogAppender.java:onNextImpl(251)) - s1@group-AFAFC3C3BFBF->s0-AppendLogResponseHandler: Request not found, ignoring reply: s1<-s0#65:OK,SUCCESS,nextIndex:1,term:2,followerCommit:-1
2019-09-24 16:09:17,239 WARN  server.GrpcLogAppender (GrpcLogAppender.java:onNextImpl(251)) - s1@group-AFAFC3C3BFBF->s2-AppendLogResponseHandler: Request not found, ignoring reply: s1<-s2#66:OK,SUCCESS,nextIndex:1,term:2,followerCommit:-1
2019-09-24 16:09:17,239 WARN  server.GrpcLogAppender (GrpcLogAppender.java:onNextImpl(251)) - s1@group-AFAFC3C3BFBF->s0-AppendLogResponseHandler: Request not found, ignoring reply: s1<-s0#66:OK,SUCCESS,nextIndex:1,term:2,followerCommit:-1
2019-09-24 16:09:17,239 WARN  server.GrpcLogAppender (GrpcLogAppender.java:onNextImpl(251)) - s1@group-AFAFC3C3BFBF->s2-AppendLogResponseHandler: Request not found, ignoring reply: s1<-s2#67:OK,SUCCESS,nextIndex:1,term:2,followerCommit:-1
2019-09-24 16:09:17,239 WARN  server.GrpcLogAppender (GrpcLogAppender.java:onNextImpl(251)) - s1@group-AFAFC3C3BFBF->s0-AppendLogResponseHandler: Request not found, ignoring reply: s1<-s0#67:OK,SUCCESS,nextIndex:1,term:2,followerCommit:-1
2019-09-24 16:09:17,239 WARN  server.GrpcLogAppender (GrpcLogAppender.java:onNextImpl(251)) - s1@group-AFAFC3C3BFBF->s2-AppendLogResponseHandler: Request not found, ignoring reply: s1<-s2#68:OK,SUCCESS,nextIndex:1,term:2,followerCommit:-1
2019-09-24 16:09:17,239 WARN  server.GrpcLogAppender (GrpcLogAppender.java:onNextImpl(251)) - s1@group-AFAFC3C3BFBF->s0-AppendLogResponseHandler: Request not found, ignoring reply: s1<-s0#68:OK,SUCCESS,nextIndex:1,term:2,followerCommit:-1
2019-09-24 16:09:17,239 WARN  server.GrpcLogAppender (GrpcLogAppender.java:onNextImpl(251)) - s1@group-AFAFC3C3BFBF->s2-AppendLogResponseHandler: Request not found, ignoring reply: s1<-s2#69:OK,SUCCESS,nextIndex:1,term:2,followerCommit:-1
2019-09-24 16:09:17,240 WARN  server.GrpcLogAppender (GrpcLogAppender.java:onNextImpl(251)) - s1@group-AFAFC3C3BFBF->s0-AppendLogResponseHandler: Request not found, ignoring reply: s1<-s0#69:OK,SUCCESS,nextIndex:1,term:2,followerCommit:-1
2019-09-24 16:09:17,240 WARN  server.GrpcLogAppender (GrpcLogAppender.java:onNextImpl(251)) - s1@group-AFAFC3C3BFBF->s2-AppendLogResponseHandler: Request not found, ignoring reply: s1<-s2#70:OK,SUCCESS,nextIndex:1,term:2,followerCommit:-1
2019-09-24 16:09:17,240 WARN  server.GrpcLogAppender (GrpcLogAppender.java:onNextImpl(251)) - s1@group-AFAFC3C3BFBF->s0-AppendLogResponseHandler: Request not found, ignoring reply: s1<-s0#70:OK,SUCCESS,nextIndex:1,term:2,followerCommit:-1
2019-09-24 16:09:17,240 WARN  server.GrpcLogAppender (GrpcLogAppender.java:onNextImpl(251)) - s1@group-AFAFC3C3BFBF->s2-AppendLogResponseHandler: Request not found, ignoring reply: s1<-s2#71:OK,SUCCESS,nextIndex:1,term:2,followerCommit:-1
2019-09-24 16:09:17,240 WARN  server.GrpcLogAppender (GrpcLogAppender.java:onNextImpl(251)) - s1@group-AFAFC3C3BFBF->s0-AppendLogResponseHandler: Request not found, ignoring reply: s1<-s0#71:OK,SUCCESS,nextIndex:1,term:2,followerCommit:-1
2019-09-24 16:09:17,240 WARN  server.GrpcLogAppender (GrpcLogAppender.java:onNextImpl(251)) - s1@group-AFAFC3C3BFBF->s2-AppendLogResponseHandler: Request not found, ignoring reply: s1<-s2#72:OK,SUCCESS,nextIndex:1,term:2,followerCommit:-1
2019-09-24 16:09:17,240 WARN  server.GrpcLogAppender (GrpcLogAppender.java:onNextImpl(251)) - s1@group-AFAFC3C3BFBF->s0-AppendLogResponseHandler: Request not found, ignoring reply: s1<-s0#72:OK,SUCCESS,nextIndex:1,term:2,followerCommit:-1
2019-09-24 16:09:17,241 WARN  server.GrpcLogAppender (GrpcLogAppender.java:onNextImpl(251)) - s1@group-AFAFC3C3BFBF->s2-AppendLogResponseHandler: Request not found, ignoring reply: s1<-s2#73:OK,SUCCESS,nextIndex:1,term:2,followerCommit:-1
2019-09-24 16:09:17,241 WARN  server.GrpcLogAppender (GrpcLogAppender.java:onNextImpl(251)) - s1@group-AFAFC3C3BFBF->s2-AppendLogResponseHandler: Request not found, ignoring reply: s1<-s2#74:OK,SUCCESS,nextIndex:1,term:2,followerCommit:-1
2019-09-24 16:09:17,241 WARN  server.GrpcLogAppender (GrpcLogAppender.java:onNextImpl(251)) - s1@group-AFAFC3C3BFBF->s0-AppendLogResponseHandler: Request not found, ignoring reply: s1<-s0#73:OK,SUCCESS,nextIndex:1,term:2,followerCommit:-1
2019-09-24 16:09:17,241 WARN  server.GrpcLogAppender (GrpcLogAppender.java:onNextImpl(251)) - s1@group-AFAFC3C3BFBF->s2-AppendLogResponseHandler: Request not found, ignoring reply: s1<-s2#75:OK,SUCCESS,nextIndex:1,term:2,followerCommit:-1
2019-09-24 16:09:17,241 WARN  server.GrpcLogAppender (GrpcLogAppender.java:onNextImpl(251)) - s1@group-AFAFC3C3BFBF->s0-AppendLogResponseHandler: Request not found, ignoring reply: s1<-s0#74:OK,SUCCESS,nextIndex:1,term:2,followerCommit:-1
2019-09-24 16:09:17,242 WARN  server.GrpcLogAppender (GrpcLogAppender.java:onNextImpl(251)) - s1@group-AFAFC3C3BFBF->s2-AppendLogResponseHandler: Request not found, ignoring reply: s1<-s2#76:OK,SUCCESS,nextIndex:1,term:2,followerCommit:-1
2019-09-24 16:09:17,242 WARN  server.GrpcLogAppender (GrpcLogAppender.java:onNextImpl(251)) - s1@group-AFAFC3C3BFBF->s0-AppendLogResponseHandler: Request not found, ignoring reply: s1<-s0#75:OK,SUCCESS,nextIndex:1,term:2,followerCommit:-1
2019-09-24 16:09:17,242 WARN  server.GrpcLogAppender (GrpcLogAppender.java:onNextImpl(251)) - s1@group-AFAFC3C3BFBF->s2-AppendLogResponseHandler: Request not found, ignoring reply: s1<-s2#77:OK,SUCCESS,nextIndex:1,term:2,followerCommit:-1
2019-09-24 16:09:17,242 WARN  server.GrpcLogAppender (GrpcLogAppender.java:onNextImpl(251)) - s1@group-AFAFC3C3BFBF->s0-AppendLogResponseHandler: Request not found, ignoring reply: s1<-s0#76:OK,SUCCESS,nextIndex:1,term:2,followerCommit:-1
2019-09-24 16:09:17,242 WARN  server.GrpcLogAppender (GrpcLogAppender.java:onNextImpl(251)) - s1@group-AFAFC3C3BFBF->s2-AppendLogResponseHandler: Request not found, ignoring reply: s1<-s2#78:OK,SUCCESS,nextIndex:1,term:2,followerCommit:-1
2019-09-24 16:09:17,242 WARN  server.GrpcLogAppender (GrpcLogAppender.java:onNextImpl(251)) - s1@group-AFAFC3C3BFBF->s0-AppendLogResponseHandler: Request not found, ignoring reply: s1<-s0#77:OK,SUCCESS,nextIndex:1,term:2,followerCommit:-1
2019-09-24 16:09:17,243 WARN  server.GrpcLogAppender (GrpcLogAppender.java:onNextImpl(251)) - s1@group-AFAFC3C3BFBF->s2-AppendLogResponseHandler: Request not found, ignoring reply: s1<-s2#79:OK,SUCCESS,nextIndex:1,term:2,followerCommit:-1
2019-09-24 16:09:17,243 WARN  server.GrpcLogAppender (GrpcLogAppender.java:onNextImpl(251)) - s1@group-AFAFC3C3BFBF->s0-AppendLogResponseHandler: Request not found, ignoring reply: s1<-s0#78:OK,SUCCESS,nextIndex:1,term:2,followerCommit:-1
2019-09-24 16:09:17,243 WARN  server.GrpcLogAppender (GrpcLogAppender.java:onNextImpl(251)) - s1@group-AFAFC3C3BFBF->s2-AppendLogResponseHandler: Request not found, ignoring reply: s1<-s2#80:OK,SUCCESS,nextIndex:1,term:2,followerCommit:-1
2019-09-24 16:09:17,243 WARN  server.GrpcLogAppender (GrpcLogAppender.java:onNextImpl(251)) - s1@group-AFAFC3C3BFBF->s0-AppendLogResponseHandler: Request not found, ignoring reply: s1<-s0#79:OK,SUCCESS,nextIndex:1,term:2,followerCommit:-1
2019-09-24 16:09:17,243 WARN  server.GrpcLogAppender (GrpcLogAppender.java:onNextImpl(251)) - s1@group-AFAFC3C3BFBF->s2-AppendLogResponseHandler: Request not found, ignoring reply: s1<-s2#81:OK,SUCCESS,nextIndex:1,term:2,followerCommit:-1
2019-09-24 16:09:17,243 WARN  server.GrpcLogAppender (GrpcLogAppender.java:onNextImpl(251)) - s1@group-AFAFC3C3BFBF->s0-AppendLogResponseHandler: Request not found, ignoring reply: s1<-s0#80:OK,SUCCESS,nextIndex:1,term:2,followerCommit:-1
2019-09-24 16:09:17,244 WARN  server.GrpcLogAppender (GrpcLogAppender.java:onNextImpl(251)) - s1@group-AFAFC3C3BFBF->s2-AppendLogResponseHandler: Request not found, ignoring reply: s1<-s2#82:OK,SUCCESS,nextIndex:1,term:2,followerCommit:-1
2019-09-24 16:09:17,244 WARN  server.GrpcLogAppender (GrpcLogAppender.java:onNextImpl(251)) - s1@group-AFAFC3C3BFBF->s0-AppendLogResponseHandler: Request not found, ignoring reply: s1<-s0#81:OK,SUCCESS,nextIndex:1,term:2,followerCommit:-1
2019-09-24 16:09:17,244 WARN  server.GrpcLogAppender (GrpcLogAppender.java:onNextImpl(251)) - s1@group-AFAFC3C3BFBF->s2-AppendLogResponseHandler: Request not found, ignoring reply: s1<-s2#83:OK,SUCCESS,nextIndex:1,term:2,followerCommit:-1
2019-09-24 16:09:17,244 WARN  server.GrpcLogAppender (GrpcLogAppender.java:onNextImpl(251)) - s1@group-AFAFC3C3BFBF->s0-AppendLogResponseHandler: Request not found, ignoring reply: s1<-s0#82:OK,SUCCESS,nextIndex:1,term:2,followerCommit:-1
2019-09-24 16:09:17,244 WARN  server.GrpcLogAppender (GrpcLogAppender.java:onNextImpl(251)) - s1@group-AFAFC3C3BFBF->s2-AppendLogResponseHandler: Request not found, ignoring reply: s1<-s2#84:OK,SUCCESS,nextIndex:1,term:2,followerCommit:-1
2019-09-24 16:09:17,244 WARN  server.GrpcLogAppender (GrpcLogAppender.java:onNextImpl(251)) - s1@group-AFAFC3C3BFBF->s0-AppendLogResponseHandler: Request not found, ignoring reply: s1<-s0#83:OK,SUCCESS,nextIndex:1,term:2,followerCommit:-1
2019-09-24 16:09:17,245 WARN  server.GrpcLogAppender (GrpcLogAppender.java:onNextImpl(251)) - s1@group-AFAFC3C3BFBF->s2-AppendLogResponseHandler: Request not found, ignoring reply: s1<-s2#85:OK,SUCCESS,nextIndex:1,term:2,followerCommit:-1
2019-09-24 16:09:17,245 WARN  server.GrpcLogAppender (GrpcLogAppender.java:onNextImpl(251)) - s1@group-AFAFC3C3BFBF->s0-AppendLogResponseHandler: Request not found, ignoring reply: s1<-s0#84:OK,SUCCESS,nextIndex:1,term:2,followerCommit:-1
2019-09-24 16:09:17,245 WARN  server.GrpcLogAppender (GrpcLogAppender.java:onNextImpl(251)) - s1@group-AFAFC3C3BFBF->s2-AppendLogResponseHandler: Request not found, ignoring reply: s1<-s2#86:OK,SUCCESS,nextIndex:1,term:2,followerCommit:-1
2019-09-24 16:09:17,245 WARN  server.GrpcLogAppender (GrpcLogAppender.java:onNextImpl(251)) - s1@group-AFAFC3C3BFBF->s0-AppendLogResponseHandler: Request not found, ignoring reply: s1<-s0#85:OK,SUCCESS,nextIndex:1,term:2,followerCommit:-1
2019-09-24 16:09:17,245 WARN  server.GrpcLogAppender (GrpcLogAppender.java:onNextImpl(251)) - s1@group-AFAFC3C3BFBF->s2-AppendLogResponseHandler: Request not found, ignoring reply: s1<-s2#87:OK,SUCCESS,nextIndex:1,term:2,followerCommit:-1
2019-09-24 16:09:17,245 WARN  server.GrpcLogAppender (GrpcLogAppender.java:onNextImpl(251)) - s1@group-AFAFC3C3BFBF->s0-AppendLogResponseHandler: Request not found, ignoring reply: s1<-s0#86:OK,SUCCESS,nextIndex:1,term:2,followerCommit:-1
2019-09-24 16:09:17,246 WARN  server.GrpcLogAppender (GrpcLogAppender.java:onNextImpl(251)) - s1@group-AFAFC3C3BFBF->s2-AppendLogResponseHandler: Request not found, ignoring reply: s1<-s2#88:OK,SUCCESS,nextIndex:1,term:2,followerCommit:-1
2019-09-24 16:09:17,246 WARN  server.GrpcLogAppender (GrpcLogAppender.java:onNextImpl(251)) - s1@group-AFAFC3C3BFBF->s0-AppendLogResponseHandler: Request not found, ignoring reply: s1<-s0#87:OK,SUCCESS,nextIndex:1,term:2,followerCommit:-1
2019-09-24 16:09:17,246 WARN  server.GrpcLogAppender (GrpcLogAppender.java:onNextImpl(251)) - s1@group-AFAFC3C3BFBF->s2-AppendLogResponseHandler: Request not found, ignoring reply: s1<-s2#89:OK,SUCCESS,nextIndex:1,term:2,followerCommit:-1
2019-09-24 16:09:17,246 WARN  server.GrpcLogAppender (GrpcLogAppender.java:onNextImpl(251)) - s1@group-AFAFC3C3BFBF->s0-AppendLogResponseHandler: Request not found, ignoring reply: s1<-s0#88:OK,SUCCESS,nextIndex:1,term:2,followerCommit:-1
2019-09-24 16:09:17,246 WARN  server.GrpcLogAppender (GrpcLogAppender.java:onNextImpl(251)) - s1@group-AFAFC3C3BFBF->s2-AppendLogResponseHandler: Request not found, ignoring reply: s1<-s2#90:OK,SUCCESS,nextIndex:1,term:2,followerCommit:-1
2019-09-24 16:09:17,246 WARN  server.GrpcLogAppender (GrpcLogAppender.java:onNextImpl(251)) - s1@group-AFAFC3C3BFBF->s0-AppendLogResponseHandler: Request not found, ignoring reply: s1<-s0#89:OK,SUCCESS,nextIndex:1,term:2,followerCommit:-1
2019-09-24 16:09:17,247 WARN  server.GrpcLogAppender (GrpcLogAppender.java:onNextImpl(251)) - s1@group-AFAFC3C3BFBF->s2-AppendLogResponseHandler: Request not found, ignoring reply: s1<-s2#91:OK,SUCCESS,nextIndex:1,term:2,followerCommit:-1
2019-09-24 16:09:17,247 WARN  server.GrpcLogAppender (GrpcLogAppender.java:onNextImpl(251)) - s1@group-AFAFC3C3BFBF->s0-AppendLogResponseHandler: Request not found, ignoring reply: s1<-s0#90:OK,SUCCESS,nextIndex:1,term:2,followerCommit:-1
2019-09-24 16:09:17,247 WARN  server.GrpcLogAppender (GrpcLogAppender.java:onNextImpl(251)) - s1@group-AFAFC3C3BFBF->s2-AppendLogResponseHandler: Request not found, ignoring reply: s1<-s2#92:OK,SUCCESS,nextIndex:1,term:2,followerCommit:-1
2019-09-24 16:09:17,247 WARN  server.GrpcLogAppender (GrpcLogAppender.java:onNextImpl(251)) - s1@group-AFAFC3C3BFBF->s0-AppendLogResponseHandler: Request not found, ignoring reply: s1<-s0#91:OK,SUCCESS,nextIndex:1,term:2,followerCommit:-1
2019-09-24 16:09:17,247 WARN  server.GrpcLogAppender (GrpcLogAppender.java:onNextImpl(251)) - s1@group-AFAFC3C3BFBF->s2-AppendLogResponseHandler: Request not found, ignoring reply: s1<-s2#93:OK,SUCCESS,nextIndex:1,term:2,followerCommit:-1
2019-09-24 16:09:17,247 WARN  server.GrpcLogAppender (GrpcLogAppender.java:onNextImpl(251)) - s1@group-AFAFC3C3BFBF->s0-AppendLogResponseHandler: Request not found, ignoring reply: s1<-s0#92:OK,SUCCESS,nextIndex:1,term:2,followerCommit:-1
2019-09-24 16:09:17,248 WARN  server.GrpcLogAppender (GrpcLogAppender.java:onNextImpl(251)) - s1@group-AFAFC3C3BFBF->s2-AppendLogResponseHandler: Request not found, ignoring reply: s1<-s2#94:OK,SUCCESS,nextIndex:1,term:2,followerCommit:-1
2019-09-24 16:09:17,248 WARN  server.GrpcLogAppender (GrpcLogAppender.java:onNextImpl(251)) - s1@group-AFAFC3C3BFBF->s0-AppendLogResponseHandler: Request not found, ignoring reply: s1<-s0#93:OK,SUCCESS,nextIndex:1,term:2,followerCommit:-1
2019-09-24 16:09:17,248 WARN  server.GrpcLogAppender (GrpcLogAppender.java:onNextImpl(251)) - s1@group-AFAFC3C3BFBF->s2-AppendLogResponseHandler: Request not found, ignoring reply: s1<-s2#95:OK,SUCCESS,nextIndex:1,term:2,followerCommit:-1
2019-09-24 16:09:17,248 WARN  server.GrpcLogAppender (GrpcLogAppender.java:onNextImpl(251)) - s1@group-AFAFC3C3BFBF->s0-AppendLogResponseHandler: Request not found, ignoring reply: s1<-s0#94:OK,SUCCESS,nextIndex:1,term:2,followerCommit:-1
2019-09-24 16:09:17,248 WARN  server.GrpcLogAppender (GrpcLogAppender.java:onNextImpl(251)) - s1@group-AFAFC3C3BFBF->s2-AppendLogResponseHandler: Request not found, ignoring reply: s1<-s2#96:OK,SUCCESS,nextIndex:1,term:2,followerCommit:-1
2019-09-24 16:09:17,248 WARN  server.GrpcLogAppender (GrpcLogAppender.java:onNextImpl(251)) - s1@group-AFAFC3C3BFBF->s0-AppendLogResponseHandler: Request not found, ignoring reply: s1<-s0#95:OK,SUCCESS,nextIndex:1,term:2,followerCommit:-1
2019-09-24 16:09:17,249 WARN  server.GrpcLogAppender (GrpcLogAppender.java:onNextImpl(251)) - s1@group-AFAFC3C3BFBF->s2-AppendLogResponseHandler: Request not found, ignoring reply: s1<-s2#97:OK,SUCCESS,nextIndex:1,term:2,followerCommit:-1
2019-09-24 16:09:17,249 WARN  server.GrpcLogAppender (GrpcLogAppender.java:onNextImpl(251)) - s1@group-AFAFC3C3BFBF->s0-AppendLogResponseHandler: Request not found, ignoring reply: s1<-s0#96:OK,SUCCESS,nextIndex:1,term:2,followerCommit:-1
2019-09-24 16:09:17,249 WARN  server.GrpcLogAppender (GrpcLogAppender.java:onNextImpl(251)) - s1@group-AFAFC3C3BFBF->s2-AppendLogResponseHandler: Request not found, ignoring reply: s1<-s2#98:OK,SUCCESS,nextIndex:1,term:2,followerCommit:-1
2019-09-24 16:09:17,249 WARN  server.GrpcLogAppender (GrpcLogAppender.java:onNextImpl(251)) - s1@group-AFAFC3C3BFBF->s0-AppendLogResponseHandler: Request not found, ignoring reply: s1<-s0#97:OK,SUCCESS,nextIndex:1,term:2,followerCommit:-1
2019-09-24 16:09:17,249 WARN  server.GrpcLogAppender (GrpcLogAppender.java:onNextImpl(251)) - s1@group-AFAFC3C3BFBF->s2-AppendLogResponseHandler: Request not found, ignoring reply: s1<-s2#99:OK,SUCCESS,nextIndex:1,term:2,followerCommit:-1
2019-09-24 16:09:17,249 WARN  server.GrpcLogAppender (GrpcLogAppender.java:onNextImpl(251)) - s1@group-AFAFC3C3BFBF->s0-AppendLogResponseHandler: Request not found, ignoring reply: s1<-s0#98:OK,SUCCESS,nextIndex:1,term:2,followerCommit:-1
2019-09-24 16:09:17,249 WARN  server.GrpcLogAppender (GrpcLogAppender.java:onNextImpl(251)) - s1@group-AFAFC3C3BFBF->s2-AppendLogResponseHandler: Request not found, ignoring reply: s1<-s2#100:OK,SUCCESS,nextIndex:1,term:2,followerCommit:-1
2019-09-24 16:09:17,250 WARN  server.GrpcLogAppender (GrpcLogAppender.java:onNextImpl(251)) - s1@group-AFAFC3C3BFBF->s0-AppendLogResponseHandler: Request not found, ignoring reply: s1<-s0#99:OK,SUCCESS,nextIndex:1,term:2,followerCommit:-1
2019-09-24 16:09:17,250 WARN  server.GrpcLogAppender (GrpcLogAppender.java:onNextImpl(251)) - s1@group-AFAFC3C3BFBF->s2-AppendLogResponseHandler: Request not found, ignoring reply: s1<-s2#101:OK,SUCCESS,nextIndex:1,term:2,followerCommit:-1
2019-09-24 16:09:17,250 WARN  server.GrpcLogAppender (GrpcLogAppender.java:onNextImpl(251)) - s1@group-AFAFC3C3BFBF->s0-AppendLogResponseHandler: Request not found, ignoring reply: s1<-s0#100:OK,SUCCESS,nextIndex:1,term:2,followerCommit:-1
2019-09-24 16:09:17,250 WARN  server.GrpcLogAppender (GrpcLogAppender.java:onNextImpl(251)) - s1@group-AFAFC3C3BFBF->s2-AppendLogResponseHandler: Request not found, ignoring reply: s1<-s2#102:OK,SUCCESS,nextIndex:1,term:2,followerCommit:-1
2019-09-24 16:09:17,250 WARN  server.GrpcLogAppender (GrpcLogAppender.java:onNextImpl(251)) - s1@group-AFAFC3C3BFBF->s0-AppendLogResponseHandler: Request not found, ignoring reply: s1<-s0#101:OK,SUCCESS,nextIndex:1,term:2,followerCommit:-1
2019-09-24 16:09:17,250 WARN  server.GrpcLogAppender (GrpcLogAppender.java:onNextImpl(251)) - s1@group-AFAFC3C3BFBF->s2-AppendLogResponseHandler: Request not found, ignoring reply: s1<-s2#103:OK,SUCCESS,nextIndex:1,term:2,followerCommit:-1
2019-09-24 16:09:17,250 WARN  server.GrpcLogAppender (GrpcLogAppender.java:onNextImpl(251)) - s1@group-AFAFC3C3BFBF->s0-AppendLogResponseHandler: Request not found, ignoring reply: s1<-s0#102:OK,SUCCESS,nextIndex:1,term:2,followerCommit:-1
2019-09-24 16:09:17,251 WARN  server.GrpcLogAppender (GrpcLogAppender.java:onNextImpl(251)) - s1@group-AFAFC3C3BFBF->s2-AppendLogResponseHandler: Request not found, ignoring reply: s1<-s2#104:OK,SUCCESS,nextIndex:1,term:2,followerCommit:-1
2019-09-24 16:09:17,251 WARN  server.GrpcLogAppender (GrpcLogAppender.java:onNextImpl(251)) - s1@group-AFAFC3C3BFBF->s0-AppendLogResponseHandler: Request not found, ignoring reply: s1<-s0#103:OK,SUCCESS,nextIndex:1,term:2,followerCommit:-1
2019-09-24 16:09:17,251 WARN  server.GrpcLogAppender (GrpcLogAppender.java:onNextImpl(251)) - s1@group-AFAFC3C3BFBF->s2-AppendLogResponseHandler: Request not found, ignoring reply: s1<-s2#105:OK,SUCCESS,nextIndex:1,term:2,followerCommit:-1
2019-09-24 16:09:17,251 WARN  server.GrpcLogAppender (GrpcLogAppender.java:onNextImpl(251)) - s1@group-AFAFC3C3BFBF->s0-AppendLogResponseHandler: Request not found, ignoring reply: s1<-s0#104:OK,SUCCESS,nextIndex:1,term:2,followerCommit:-1
2019-09-24 16:09:17,251 WARN  server.GrpcLogAppender (GrpcLogAppender.java:onNextImpl(251)) - s1@group-AFAFC3C3BFBF->s0-AppendLogResponseHandler: Request not found, ignoring reply: s1<-s0#105:OK,SUCCESS,nextIndex:1,term:2,followerCommit:-1
2019-09-24 16:09:25,896 INFO  ratis.MiniRaftCluster (MiniRaftCluster.java:lambda$null$5(297)) - TIMED-PRINT: printing ALL groups
  s0:  RUNNING  FOLLOWER s0@group-AFAFC3C3BFBF:t2, leader=s1, voted=s1, raftlog=s0@group-AFAFC3C3BFBF-SegmentedRaftLog:OPENED:c0,f0,i0, conf=0: [s0:0.0.0.0:37202, s1:0.0.0.0:38903, s2:0.0.0.0:37158], old=null RUNNING
  s1:  RUNNING    LEADER s1@group-AFAFC3C3BFBF:t2, leader=s1, voted=s1, raftlog=s1@group-AFAFC3C3BFBF-SegmentedRaftLog:OPENED:c0,f0,i0, conf=0: [s0:0.0.0.0:37202, s1:0.0.0.0:38903, s2:0.0.0.0:37158], old=null RUNNING
  s2:  RUNNING  FOLLOWER s2@group-AFAFC3C3BFBF:t2, leader=s1, voted=s1, raftlog=s2@group-AFAFC3C3BFBF-SegmentedRaftLog:OPENED:c0,f0,i0, conf=0: [s0:0.0.0.0:37202, s1:0.0.0.0:38903, s2:0.0.0.0:37158], old=null RUNNING
2019-09-24 16:09:35,802 INFO  ratis.MiniRaftCluster (MiniRaftCluster.java:shutdown(700)) - ************************************************************** 
2019-09-24 16:09:35,803 INFO  ratis.MiniRaftCluster (MiniRaftCluster.java:shutdown(701)) - *** 
2019-09-24 16:09:35,803 INFO  ratis.MiniRaftCluster (MiniRaftCluster.java:shutdown(702)) - ***     Stopping MiniRaftClusterWithGrpc
2019-09-24 16:09:35,803 INFO  ratis.MiniRaftCluster (MiniRaftCluster.java:shutdown(703)) - *** 
2019-09-24 16:09:35,803 INFO  ratis.MiniRaftCluster (MiniRaftCluster.java:shutdown(704)) - ************************************************************** 
2019-09-24 16:09:35,804 INFO  ratis.MiniRaftCluster (MiniRaftCluster.java:shutdown(705)) - printing ALL groups
  s0:  RUNNING  FOLLOWER s0@group-AFAFC3C3BFBF:t2, leader=s1, voted=s1, raftlog=s0@group-AFAFC3C3BFBF-SegmentedRaftLog:OPENED:c0,f0,i0, conf=0: [s0:0.0.0.0:37202, s1:0.0.0.0:38903, s2:0.0.0.0:37158], old=null RUNNING
  s1:  RUNNING    LEADER s1@group-AFAFC3C3BFBF:t2, leader=s1, voted=s1, raftlog=s1@group-AFAFC3C3BFBF-SegmentedRaftLog:OPENED:c0,f0,i0, conf=0: [s0:0.0.0.0:37202, s1:0.0.0.0:38903, s2:0.0.0.0:37158], old=null RUNNING
  s2:  RUNNING  FOLLOWER s2@group-AFAFC3C3BFBF:t2, leader=s1, voted=s1, raftlog=s2@group-AFAFC3C3BFBF-SegmentedRaftLog:OPENED:c0,f0,i0, conf=0: [s0:0.0.0.0:37202, s1:0.0.0.0:38903, s2:0.0.0.0:37158], old=null RUNNING
2019-09-24 16:09:35,805 INFO  impl.RaftServerProxy (RaftServerProxy.java:lambda$close$4(314)) - s0: close
2019-09-24 16:09:35,805 INFO  impl.RaftServerProxy (RaftServerProxy.java:lambda$close$4(314)) - s2: close
2019-09-24 16:09:35,805 INFO  impl.RaftServerProxy (RaftServerProxy.java:lambda$close$4(314)) - s1: close
2019-09-24 16:09:35,806 INFO  impl.RaftServerImpl (RaftServerImpl.java:lambda$shutdown$3(247)) - s2@group-AFAFC3C3BFBF: shutdown
2019-09-24 16:09:35,806 INFO  impl.RaftServerImpl (RaftServerImpl.java:lambda$shutdown$3(247)) - s0@group-AFAFC3C3BFBF: shutdown
2019-09-24 16:09:35,806 INFO  impl.RaftServerImpl (RaftServerImpl.java:lambda$shutdown$3(247)) - s1@group-AFAFC3C3BFBF: shutdown
2019-09-24 16:09:35,807 INFO  util.JmxRegister (JmxRegister.java:unregister(73)) - Successfully un-registered JMX Bean with object name Ratis:service=RaftServer,group=group-AFAFC3C3BFBF,id=s0
2019-09-24 16:09:35,807 INFO  util.JmxRegister (JmxRegister.java:unregister(73)) - Successfully un-registered JMX Bean with object name Ratis:service=RaftServer,group=group-AFAFC3C3BFBF,id=s1
2019-09-24 16:09:35,807 INFO  util.JmxRegister (JmxRegister.java:unregister(73)) - Successfully un-registered JMX Bean with object name Ratis:service=RaftServer,group=group-AFAFC3C3BFBF,id=s2
2019-09-24 16:09:35,807 INFO  impl.RoleInfo (RoleInfo.java:shutdownLeaderState(104)) - s1: shutdown LeaderState
2019-09-24 16:09:35,807 INFO  impl.RoleInfo (RoleInfo.java:shutdownFollowerState(121)) - s0: shutdown FollowerState
2019-09-24 16:09:35,810 WARN  server.GrpcLogAppender (GrpcLogAppender.java:mayWait(143)) - s1@group-AFAFC3C3BFBF->s0-GrpcLogAppender: Wait interrupted by java.lang.InterruptedException
2019-09-24 16:09:35,808 INFO  impl.RoleInfo (RoleInfo.java:shutdownFollowerState(121)) - s2: shutdown FollowerState
2019-09-24 16:09:35,810 INFO  impl.PendingRequests (PendingRequests.java:sendNotLeaderResponses(202)) - s1@group-AFAFC3C3BFBF-PendingRequests: sendNotLeaderResponses
2019-09-24 16:09:35,810 INFO  impl.StateMachineUpdater (StateMachineUpdater.java:stopAndJoin(136)) - s0@group-AFAFC3C3BFBF-StateMachineUpdater: set stopIndex = 0
2019-09-24 16:09:35,810 WARN  server.GrpcLogAppender (GrpcLogAppender.java:mayWait(143)) - s1@group-AFAFC3C3BFBF->s2-GrpcLogAppender: Wait interrupted by java.lang.InterruptedException
2019-09-24 16:09:35,811 INFO  impl.StateMachineUpdater (StateMachineUpdater.java:stopAndJoin(136)) - s1@group-AFAFC3C3BFBF-StateMachineUpdater: set stopIndex = 0
2019-09-24 16:09:35,811 INFO  impl.RaftServerImpl (ServerState.java:close(386)) - s0@group-AFAFC3C3BFBF: closes. applyIndex: 0
2019-09-24 16:09:35,811 INFO  impl.FollowerState (FollowerState.java:run(117)) - s2@group-AFAFC3C3BFBF-FollowerState was interrupted: java.lang.InterruptedException: sleep interrupted
2019-09-24 16:09:35,810 INFO  server.GrpcServerProtocolService (GrpcServerProtocolService.java:onCompleted(113)) - s0: Completed APPEND_ENTRIES, lastRequest: s1->s0#387-t2, previous=(t:2, i:0), leaderCommit=0, initializing? false, entries: <empty>
2019-09-24 16:09:35,810 INFO  impl.FollowerState (FollowerState.java:run(117)) - s0@group-AFAFC3C3BFBF-FollowerState was interrupted: java.lang.InterruptedException: sleep interrupted
2019-09-24 16:09:35,810 INFO  impl.StateMachineUpdater (StateMachineUpdater.java:stopAndJoin(136)) - s2@group-AFAFC3C3BFBF-StateMachineUpdater: set stopIndex = 0
2019-09-24 16:09:35,812 INFO  server.GrpcLogAppender (GrpcLogAppender.java:onCompleted(293)) - s1@group-AFAFC3C3BFBF->s0-AppendLogResponseHandler: follower responses appendEntries COMPLETED
2019-09-24 16:09:35,812 INFO  segmented.SegmentedRaftLogWorker (SegmentedRaftLogWorker.java:run(313)) - s0@group-AFAFC3C3BFBF-SegmentedRaftLogWorker was interrupted, exiting. There are 0 tasks remaining in the queue.
2019-09-24 16:09:35,812 INFO  server.GrpcServerProtocolService (GrpcServerProtocolService.java:onCompleted(113)) - s2: Completed APPEND_ENTRIES, lastRequest: s1->s2#387-t2, previous=(t:2, i:0), leaderCommit=0, initializing? false, entries: <empty>
2019-09-24 16:09:35,811 INFO  impl.RaftServerImpl (ServerState.java:close(386)) - s1@group-AFAFC3C3BFBF: closes. applyIndex: 0
2019-09-24 16:09:35,815 INFO  server.GrpcLogAppender (GrpcLogAppender.java:onCompleted(293)) - s1@group-AFAFC3C3BFBF->s2-AppendLogResponseHandler: follower responses appendEntries COMPLETED
2019-09-24 16:09:35,815 INFO  segmented.SegmentedRaftLogWorker (SegmentedRaftLogWorker.java:run(313)) - s1@group-AFAFC3C3BFBF-SegmentedRaftLogWorker was interrupted, exiting. There are 0 tasks remaining in the queue.
2019-09-24 16:09:35,813 INFO  impl.FollowerInfo (FollowerInfo.java:lambda$new$0(51)) - s1@group-AFAFC3C3BFBF->s0: nextIndex: updateUnconditionally 1 -> 0
2019-09-24 16:09:35,813 INFO  impl.RaftServerImpl (ServerState.java:close(386)) - s2@group-AFAFC3C3BFBF: closes. applyIndex: 0
2019-09-24 16:09:35,815 INFO  impl.FollowerInfo (FollowerInfo.java:lambda$new$0(51)) - s1@group-AFAFC3C3BFBF->s2: nextIndex: updateUnconditionally 1 -> 0
2019-09-24 16:09:35,816 INFO  segmented.SegmentedRaftLogWorker (SegmentedRaftLogWorker.java:run(313)) - s2@group-AFAFC3C3BFBF-SegmentedRaftLogWorker was interrupted, exiting. There are 0 tasks remaining in the queue.
2019-09-24 16:09:35,817 INFO  segmented.SegmentedRaftLogWorker (SegmentedRaftLogWorker.java:close(228)) - s0@group-AFAFC3C3BFBF-SegmentedRaftLogWorker close()
2019-09-24 16:09:35,818 INFO  segmented.SegmentedRaftLogWorker (SegmentedRaftLogWorker.java:close(228)) - s1@group-AFAFC3C3BFBF-SegmentedRaftLogWorker close()
2019-09-24 16:09:35,819 INFO  segmented.SegmentedRaftLogWorker (SegmentedRaftLogWorker.java:close(228)) - s2@group-AFAFC3C3BFBF-SegmentedRaftLogWorker close()
2019-09-24 16:09:35,820 INFO  server.GrpcService (GrpcService.java:closeImpl(164)) - s0: shutdown server with port 37202 now
2019-09-24 16:09:35,822 INFO  server.GrpcService (GrpcService.java:closeImpl(164)) - s2: shutdown server with port 37158 now
2019-09-24 16:09:35,820 INFO  server.GrpcService (GrpcService.java:closeImpl(164)) - s1: shutdown server with port 38903 now
2019-09-24 16:09:35,823 INFO  server.GrpcService (GrpcService.java:closeImpl(172)) - s0: shutdown server with port 37202 successfully
2019-09-24 16:09:35,823 INFO  server.GrpcService (GrpcService.java:closeImpl(172)) - s1: shutdown server with port 38903 successfully
2019-09-24 16:09:35,823 INFO  server.GrpcService (GrpcService.java:closeImpl(172)) - s2: shutdown server with port 37158 successfully
2019-09-24 16:09:35,823 INFO  ratis.MiniRaftCluster (MiniRaftCluster.java:shutdown(722)) - MiniRaftClusterWithGrpc shutdown completed
]]></system-out>
  </testcase>
  <testcase name="testRequestAsyncWithRetryFailureAfterInitialMessages" classname="org.apache.ratis.grpc.TestRaftAsyncWithGrpc" time="21.824">
    <error message="org.apache.ratis.protocol.RaftRetryFailureException: Failed RaftClientRequest:client-480B097967F6-&gt;s0@group-8EC737A5280A, cid=5338, seq=1*, RW, initial-0 for 10 attempts with RetryLimited(maxAttempts=10, sleepTime=100ms)" type="java.util.concurrent.ExecutionException">java.util.concurrent.ExecutionException: org.apache.ratis.protocol.RaftRetryFailureException: Failed RaftClientRequest:client-480B097967F6->s0@group-8EC737A5280A, cid=5338, seq=1*, RW, initial-0 for 10 attempts with RetryLimited(maxAttempts=10, sleepTime=100ms)
Caused by: org.apache.ratis.protocol.RaftRetryFailureException: Failed RaftClientRequest:client-480B097967F6->s0@group-8EC737A5280A, cid=5338, seq=1*, RW, initial-0 for 10 attempts with RetryLimited(maxAttempts=10, sleepTime=100ms)
Caused by: org.apache.ratis.protocol.AlreadyClosedException: client-480B097967F6->s0 is closed.
</error>
    <system-out><![CDATA[
2019-09-24 04:09:35,828 org.junit.runners.model.TestTimedOutException: test timed out after 30000 milliseconds
	at sun.misc.Unsafe.park(Native Method)
	at java.util.concurrent.locks.LockSupport.park(LockSupport.java:175)
	at java.util.concurrent.CompletableFuture$Signaller.block(CompletableFuture.java:1693)
	at java.util.concurrent.ForkJoinPool.managedBlock(ForkJoinPool.java:3323)
	at java.util.concurrent.CompletableFuture.waitingGet(CompletableFuture.java:1729)
	at java.util.concurrent.CompletableFuture.get(CompletableFuture.java:1895)
	at org.apache.ratis.RaftAsyncTests.testNoRetryWaitOnNotLeaderException(RaftAsyncTests.java:419)
	at sun.reflect.NativeMethodAccessorImpl.invoke0(Native Method)
	at sun.reflect.NativeMethodAccessorImpl.invoke(NativeMethodAccessorImpl.java:62)
	at sun.reflect.DelegatingMethodAccessorImpl.invoke(DelegatingMethodAccessorImpl.java:43)
	at java.lang.reflect.Method.invoke(Method.java:498)
	at org.junit.runners.model.FrameworkMethod$1.runReflectiveCall(FrameworkMethod.java:50)
	at org.junit.internal.runners.model.ReflectiveCallable.run(ReflectiveCallable.java:12)
	at org.junit.runners.model.FrameworkMethod.invokeExplosively(FrameworkMethod.java:47)
	at org.junit.internal.runners.statements.InvokeMethod.evaluate(InvokeMethod.java:17)
	at org.junit.internal.runners.statements.FailOnTimeout$CallableStatement.call(FailOnTimeout.java:298)
	at org.junit.internal.runners.statements.FailOnTimeout$CallableStatement.call(FailOnTimeout.java:292)
	at java.util.concurrent.FutureTask.run(FutureTask.java:266)
	at java.lang.Thread.run(Thread.java:748)
"java.util.concurrent.ThreadPoolExecutor$Worker@5290f42d[State = -1, empty queue]" Id=30270 TIMED_WAITING on java.util.concurrent.locks.AbstractQueuedSynchronizer$ConditionObject@5f375618
	at sun.misc.Unsafe.park(Native Method)
	-  waiting on java.util.concurrent.locks.AbstractQueuedSynchronizer$ConditionObject@5f375618
	at java.util.concurrent.locks.LockSupport.parkNanos(LockSupport.java:215)
	at java.util.concurrent.locks.AbstractQueuedSynchronizer$ConditionObject.awaitNanos(AbstractQueuedSynchronizer.java:2078)
	at java.util.concurrent.ScheduledThreadPoolExecutor$DelayedWorkQueue.take(ScheduledThreadPoolExecutor.java:1093)
	at java.util.concurrent.ScheduledThreadPoolExecutor$DelayedWorkQueue.take(ScheduledThreadPoolExecutor.java:809)
	at java.util.concurrent.ThreadPoolExecutor.getTask(ThreadPoolExecutor.java:1074)
	at java.util.concurrent.ThreadPoolExecutor.runWorker(ThreadPoolExecutor.java:1134)
	at java.util.concurrent.ThreadPoolExecutor$Worker.run(ThreadPoolExecutor.java:624)
	...


"java.util.concurrent.ThreadPoolExecutor$Worker@77fa1ad6[State = -1, empty queue]" Id=30269 TIMED_WAITING on java.util.concurrent.locks.AbstractQueuedSynchronizer$ConditionObject@1810399e
	at sun.misc.Unsafe.park(Native Method)
	-  waiting on java.util.concurrent.locks.AbstractQueuedSynchronizer$ConditionObject@1810399e
	at java.util.concurrent.locks.LockSupport.parkNanos(LockSupport.java:215)
	at java.util.concurrent.locks.AbstractQueuedSynchronizer$ConditionObject.awaitNanos(AbstractQueuedSynchronizer.java:2078)
	at java.util.concurrent.ScheduledThreadPoolExecutor$DelayedWorkQueue.take(ScheduledThreadPoolExecutor.java:1093)
	at java.util.concurrent.ScheduledThreadPoolExecutor$DelayedWorkQueue.take(ScheduledThreadPoolExecutor.java:809)
	at java.util.concurrent.ThreadPoolExecutor.getTask(ThreadPoolExecutor.java:1074)
	at java.util.concurrent.ThreadPoolExecutor.runWorker(ThreadPoolExecutor.java:1134)
	at java.util.concurrent.ThreadPoolExecutor$Worker.run(ThreadPoolExecutor.java:624)
	...


"metrics-hadoop-metrics2-reporter-77-thread-1" Id=30266 TIMED_WAITING on java.util.concurrent.locks.AbstractQueuedSynchronizer$ConditionObject@32d992b2
	at sun.misc.Unsafe.park(Native Method)
	-  waiting on java.util.concurrent.locks.AbstractQueuedSynchronizer$ConditionObject@32d992b2
	at java.util.concurrent.locks.LockSupport.parkNanos(LockSupport.java:215)
	at java.util.concurrent.locks.AbstractQueuedSynchronizer$ConditionObject.awaitNanos(AbstractQueuedSynchronizer.java:2078)
	at java.util.concurrent.ScheduledThreadPoolExecutor$DelayedWorkQueue.take(ScheduledThreadPoolExecutor.java:1093)
	at java.util.concurrent.ScheduledThreadPoolExecutor$DelayedWorkQueue.take(ScheduledThreadPoolExecutor.java:809)
	at java.util.concurrent.ThreadPoolExecutor.getTask(ThreadPoolExecutor.java:1074)
	at java.util.concurrent.ThreadPoolExecutor.runWorker(ThreadPoolExecutor.java:1134)
	at java.util.concurrent.ThreadPoolExecutor$Worker.run(ThreadPoolExecutor.java:624)
	...


"grpc-default-executor-4" Id=30256 TIMED_WAITING on java.util.concurrent.SynchronousQueue$TransferStack@215be6bb
	at sun.misc.Unsafe.park(Native Method)
	-  waiting on java.util.concurrent.SynchronousQueue$TransferStack@215be6bb
	at java.util.concurrent.locks.LockSupport.parkNanos(LockSupport.java:215)
	at java.util.concurrent.SynchronousQueue$TransferStack.awaitFulfill(SynchronousQueue.java:460)
	at java.util.concurrent.SynchronousQueue$TransferStack.transfer(SynchronousQueue.java:362)
	at java.util.concurrent.SynchronousQueue.poll(SynchronousQueue.java:941)
	at java.util.concurrent.ThreadPoolExecutor.getTask(ThreadPoolExecutor.java:1073)
	at java.util.concurrent.ThreadPoolExecutor.runWorker(ThreadPoolExecutor.java:1134)
	at java.util.concurrent.ThreadPoolExecutor$Worker.run(ThreadPoolExecutor.java:624)
	...


"metrics-hadoop-metrics2-reporter-76-thread-1" Id=30245 TIMED_WAITING on java.util.concurrent.locks.AbstractQueuedSynchronizer$ConditionObject@4439f31e
	at sun.misc.Unsafe.park(Native Method)
	-  waiting on java.util.concurrent.locks.AbstractQueuedSynchronizer$ConditionObject@4439f31e
	at java.util.concurrent.locks.LockSupport.parkNanos(LockSupport.java:215)
	at java.util.concurrent.locks.AbstractQueuedSynchronizer$ConditionObject.awaitNanos(AbstractQueuedSynchronizer.java:2078)
	at java.util.concurrent.ScheduledThreadPoolExecutor$DelayedWorkQueue.take(ScheduledThreadPoolExecutor.java:1093)
	at java.util.concurrent.ScheduledThreadPoolExecutor$DelayedWorkQueue.take(ScheduledThreadPoolExecutor.java:809)
	at java.util.concurrent.ThreadPoolExecutor.getTask(ThreadPoolExecutor.java:1074)
	at java.util.concurrent.ThreadPoolExecutor.runWorker(ThreadPoolExecutor.java:1134)
	at java.util.concurrent.ThreadPoolExecutor$Worker.run(ThreadPoolExecutor.java:624)
	...


"metrics-hadoop-metrics2-reporter-75-thread-1" Id=30243 TIMED_WAITING on java.util.concurrent.locks.AbstractQueuedSynchronizer$ConditionObject@5dfcfece
	at sun.misc.Unsafe.park(Native Method)
	-  waiting on java.util.concurrent.locks.AbstractQueuedSynchronizer$ConditionObject@5dfcfece
	at java.util.concurrent.locks.LockSupport.parkNanos(LockSupport.java:215)
	at java.util.concurrent.locks.AbstractQueuedSynchronizer$ConditionObject.awaitNanos(AbstractQueuedSynchronizer.java:2078)
	at java.util.concurrent.ScheduledThreadPoolExecutor$DelayedWorkQueue.take(ScheduledThreadPoolExecutor.java:1093)
	at java.util.concurrent.ScheduledThreadPoolExecutor$DelayedWorkQueue.take(ScheduledThreadPoolExecutor.java:809)
	at java.util.concurrent.ThreadPoolExecutor.getTask(ThreadPoolExecutor.java:1074)
	at java.util.concurrent.ThreadPoolExecutor.runWorker(ThreadPoolExecutor.java:1134)
	at java.util.concurrent.ThreadPoolExecutor$Worker.run(ThreadPoolExecutor.java:624)
	...


"metrics-hadoop-metrics2-reporter-74-thread-1" Id=30241 TIMED_WAITING on java.util.concurrent.locks.AbstractQueuedSynchronizer$ConditionObject@23ceabc1
	at sun.misc.Unsafe.park(Native Method)
	-  waiting on java.util.concurrent.locks.AbstractQueuedSynchronizer$ConditionObject@23ceabc1
	at java.util.concurrent.locks.LockSupport.parkNanos(LockSupport.java:215)
	at java.util.concurrent.locks.AbstractQueuedSynchronizer$ConditionObject.awaitNanos(AbstractQueuedSynchronizer.java:2078)
	at java.util.concurrent.ScheduledThreadPoolExecutor$DelayedWorkQueue.take(ScheduledThreadPoolExecutor.java:1093)
	at java.util.concurrent.ScheduledThreadPoolExecutor$DelayedWorkQueue.take(ScheduledThreadPoolExecutor.java:809)
	at java.util.concurrent.ThreadPoolExecutor.getTask(ThreadPoolExecutor.java:1074)
	at java.util.concurrent.ThreadPoolExecutor.runWorker(ThreadPoolExecutor.java:1134)
	at java.util.concurrent.ThreadPoolExecutor$Worker.run(ThreadPoolExecutor.java:624)
	...


"metrics-hadoop-metrics2-reporter-73-thread-1" Id=30239 TIMED_WAITING on java.util.concurrent.locks.AbstractQueuedSynchronizer$ConditionObject@5d5eef3d
	at sun.misc.Unsafe.park(Native Method)
	-  waiting on java.util.concurrent.locks.AbstractQueuedSynchronizer$ConditionObject@5d5eef3d
	at java.util.concurrent.locks.LockSupport.parkNanos(LockSupport.java:215)
	at java.util.concurrent.locks.AbstractQueuedSynchronizer$ConditionObject.awaitNanos(AbstractQueuedSynchronizer.java:2078)
	at java.util.concurrent.ScheduledThreadPoolExecutor$DelayedWorkQueue.take(ScheduledThreadPoolExecutor.java:1093)
	at java.util.concurrent.ScheduledThreadPoolExecutor$DelayedWorkQueue.take(ScheduledThreadPoolExecutor.java:809)
	at java.util.concurrent.ThreadPoolExecutor.getTask(ThreadPoolExecutor.java:1074)
	at java.util.concurrent.ThreadPoolExecutor.runWorker(ThreadPoolExecutor.java:1134)
	at java.util.concurrent.ThreadPoolExecutor$Worker.run(ThreadPoolExecutor.java:624)
	...


"metrics-hadoop-metrics2-reporter-72-thread-1" Id=30238 TIMED_WAITING on java.util.concurrent.locks.AbstractQueuedSynchronizer$ConditionObject@56f4468b
	at sun.misc.Unsafe.park(Native Method)
	-  waiting on java.util.concurrent.locks.AbstractQueuedSynchronizer$ConditionObject@56f4468b
	at java.util.concurrent.locks.LockSupport.parkNanos(LockSupport.java:215)
	at java.util.concurrent.locks.AbstractQueuedSynchronizer$ConditionObject.awaitNanos(AbstractQueuedSynchronizer.java:2078)
	at java.util.concurrent.ScheduledThreadPoolExecutor$DelayedWorkQueue.take(ScheduledThreadPoolExecutor.java:1093)
	at java.util.concurrent.ScheduledThreadPoolExecutor$DelayedWorkQueue.take(ScheduledThreadPoolExecutor.java:809)
	at java.util.concurrent.ThreadPoolExecutor.getTask(ThreadPoolExecutor.java:1074)
	at java.util.concurrent.ThreadPoolExecutor.runWorker(ThreadPoolExecutor.java:1134)
	at java.util.concurrent.ThreadPoolExecutor$Worker.run(ThreadPoolExecutor.java:624)
	...


"metrics-hadoop-metrics2-reporter-71-thread-1" Id=30235 TIMED_WAITING on java.util.concurrent.locks.AbstractQueuedSynchronizer$ConditionObject@6cc4c815
	at sun.misc.Unsafe.park(Native Method)
	-  waiting on java.util.concurrent.locks.AbstractQueuedSynchronizer$ConditionObject@6cc4c815
	at java.util.concurrent.locks.LockSupport.parkNanos(LockSupport.java:215)
	at java.util.concurrent.locks.AbstractQueuedSynchronizer$ConditionObject.awaitNanos(AbstractQueuedSynchronizer.java:2078)
	at java.util.concurrent.ScheduledThreadPoolExecutor$DelayedWorkQueue.take(ScheduledThreadPoolExecutor.java:1093)
	at java.util.concurrent.ScheduledThreadPoolExecutor$DelayedWorkQueue.take(ScheduledThreadPoolExecutor.java:809)
	at java.util.concurrent.ThreadPoolExecutor.getTask(ThreadPoolExecutor.java:1074)
	at java.util.concurrent.ThreadPoolExecutor.runWorker(ThreadPoolExecutor.java:1134)
	at java.util.concurrent.ThreadPoolExecutor$Worker.run(ThreadPoolExecutor.java:624)
	...


"java.util.concurrent.ThreadPoolExecutor$Worker@9882ed4[State = -1, empty queue]" Id=29447 TIMED_WAITING on java.util.concurrent.locks.AbstractQueuedSynchronizer$ConditionObject@3a82f6ef
	at sun.misc.Unsafe.park(Native Method)
	-  waiting on java.util.concurrent.locks.AbstractQueuedSynchronizer$ConditionObject@3a82f6ef
	at java.util.concurrent.locks.LockSupport.parkNanos(LockSupport.java:215)
	at java.util.concurrent.locks.AbstractQueuedSynchronizer$ConditionObject.awaitNanos(AbstractQueuedSynchronizer.java:2078)
	at java.util.concurrent.ScheduledThreadPoolExecutor$DelayedWorkQueue.take(ScheduledThreadPoolExecutor.java:1093)
	at java.util.concurrent.ScheduledThreadPoolExecutor$DelayedWorkQueue.take(ScheduledThreadPoolExecutor.java:809)
	at java.util.concurrent.ThreadPoolExecutor.getTask(ThreadPoolExecutor.java:1074)
	at java.util.concurrent.ThreadPoolExecutor.runWorker(ThreadPoolExecutor.java:1134)
	at java.util.concurrent.ThreadPoolExecutor$Worker.run(ThreadPoolExecutor.java:624)
	...


"java.util.concurrent.ThreadPoolExecutor$Worker@40f16bba[State = -1, empty queue]" Id=29446 TIMED_WAITING on java.util.concurrent.locks.AbstractQueuedSynchronizer$ConditionObject@100fc185
	at sun.misc.Unsafe.park(Native Method)
	-  waiting on java.util.concurrent.locks.AbstractQueuedSynchronizer$ConditionObject@100fc185
	at java.util.concurrent.locks.LockSupport.parkNanos(LockSupport.java:215)
	at java.util.concurrent.locks.AbstractQueuedSynchronizer$ConditionObject.awaitNanos(AbstractQueuedSynchronizer.java:2078)
	at java.util.concurrent.ScheduledThreadPoolExecutor$DelayedWorkQueue.take(ScheduledThreadPoolExecutor.java:1093)
	at java.util.concurrent.ScheduledThreadPoolExecutor$DelayedWorkQueue.take(ScheduledThreadPoolExecutor.java:809)
	at java.util.concurrent.ThreadPoolExecutor.getTask(ThreadPoolExecutor.java:1074)
	at java.util.concurrent.ThreadPoolExecutor.runWorker(ThreadPoolExecutor.java:1134)
	at java.util.concurrent.ThreadPoolExecutor$Worker.run(ThreadPoolExecutor.java:624)
	...


"metrics-hadoop-metrics2-reporter-70-thread-1" Id=29443 TIMED_WAITING on java.util.concurrent.locks.AbstractQueuedSynchronizer$ConditionObject@643b1d11
	at sun.misc.Unsafe.park(Native Method)
	-  waiting on java.util.concurrent.locks.AbstractQueuedSynchronizer$ConditionObject@643b1d11
	at java.util.concurrent.locks.LockSupport.parkNanos(LockSupport.java:215)
	at java.util.concurrent.locks.AbstractQueuedSynchronizer$ConditionObject.awaitNanos(AbstractQueuedSynchronizer.java:2078)
	at java.util.concurrent.ScheduledThreadPoolExecutor$DelayedWorkQueue.take(ScheduledThreadPoolExecutor.java:1093)
	at java.util.concurrent.ScheduledThreadPoolExecutor$DelayedWorkQueue.take(ScheduledThreadPoolExecutor.java:809)
	at java.util.concurrent.ThreadPoolExecutor.getTask(ThreadPoolExecutor.java:1074)
	at java.util.concurrent.ThreadPoolExecutor.runWorker(ThreadPoolExecutor.java:1134)
	at java.util.concurrent.ThreadPoolExecutor$Worker.run(ThreadPoolExecutor.java:624)
	...


"metrics-hadoop-metrics2-reporter-69-thread-1" Id=29420 TIMED_WAITING on java.util.concurrent.locks.AbstractQueuedSynchronizer$ConditionObject@2ef5e5e3
	at sun.misc.Unsafe.park(Native Method)
	-  waiting on java.util.concurrent.locks.AbstractQueuedSynchronizer$ConditionObject@2ef5e5e3
	at java.util.concurrent.locks.LockSupport.parkNanos(LockSupport.java:215)
	at java.util.concurrent.locks.AbstractQueuedSynchronizer$ConditionObject.awaitNanos(AbstractQueuedSynchronizer.java:2078)
	at java.util.concurrent.ScheduledThreadPoolExecutor$DelayedWorkQueue.take(ScheduledThreadPoolExecutor.java:1093)
	at java.util.concurrent.ScheduledThreadPoolExecutor$DelayedWorkQueue.take(ScheduledThreadPoolExecutor.java:809)
	at java.util.concurrent.ThreadPoolExecutor.getTask(ThreadPoolExecutor.java:1074)
	at java.util.concurrent.ThreadPoolExecutor.runWorker(ThreadPoolExecutor.java:1134)
	at java.util.concurrent.ThreadPoolExecutor$Worker.run(ThreadPoolExecutor.java:624)
	...


"metrics-hadoop-metrics2-reporter-68-thread-1" Id=29418 TIMED_WAITING on java.util.concurrent.locks.AbstractQueuedSynchronizer$ConditionObject@36d4b5c
	at sun.misc.Unsafe.park(Native Method)
	-  waiting on java.util.concurrent.locks.AbstractQueuedSynchronizer$ConditionObject@36d4b5c
	at java.util.concurrent.locks.LockSupport.parkNanos(LockSupport.java:215)
	at java.util.concurrent.locks.AbstractQueuedSynchronizer$ConditionObject.awaitNanos(AbstractQueuedSynchronizer.java:2078)
	at java.util.concurrent.ScheduledThreadPoolExecutor$DelayedWorkQueue.take(ScheduledThreadPoolExecutor.java:1093)
	at java.util.concurrent.ScheduledThreadPoolExecutor$DelayedWorkQueue.take(ScheduledThreadPoolExecutor.java:809)
	at java.util.concurrent.ThreadPoolExecutor.getTask(ThreadPoolExecutor.java:1074)
	at java.util.concurrent.ThreadPoolExecutor.runWorker(ThreadPoolExecutor.java:1134)
	at java.util.concurrent.ThreadPoolExecutor$Worker.run(ThreadPoolExecutor.java:624)
	...


"metrics-hadoop-metrics2-reporter-67-thread-1" Id=29416 TIMED_WAITING on java.util.concurrent.locks.AbstractQueuedSynchronizer$ConditionObject@6d00a15d
	at sun.misc.Unsafe.park(Native Method)
	-  waiting on java.util.concurrent.locks.AbstractQueuedSynchronizer$ConditionObject@6d00a15d
	at java.util.concurrent.locks.LockSupport.parkNanos(LockSupport.java:215)
	at java.util.concurrent.locks.AbstractQueuedSynchronizer$ConditionObject.awaitNanos(AbstractQueuedSynchronizer.java:2078)
	at java.util.concurrent.ScheduledThreadPoolExecutor$DelayedWorkQueue.take(ScheduledThreadPoolExecutor.java:1093)
	at java.util.concurrent.ScheduledThreadPoolExecutor$DelayedWorkQueue.take(ScheduledThreadPoolExecutor.java:809)
	at java.util.concurrent.ThreadPoolExecutor.getTask(ThreadPoolExecutor.java:1074)
	at java.util.concurrent.ThreadPoolExecutor.runWorker(ThreadPoolExecutor.java:1134)
	at java.util.concurrent.ThreadPoolExecutor$Worker.run(ThreadPoolExecutor.java:624)
	...


"metrics-hadoop-metrics2-reporter-66-thread-1" Id=29414 TIMED_WAITING on java.util.concurrent.locks.AbstractQueuedSynchronizer$ConditionObject@51efea79
	at sun.misc.Unsafe.park(Native Method)
	-  waiting on java.util.concurrent.locks.AbstractQueuedSynchronizer$ConditionObject@51efea79
	at java.util.concurrent.locks.LockSupport.parkNanos(LockSupport.java:215)
	at java.util.concurrent.locks.AbstractQueuedSynchronizer$ConditionObject.awaitNanos(AbstractQueuedSynchronizer.java:2078)
	at java.util.concurrent.ScheduledThreadPoolExecutor$DelayedWorkQueue.take(ScheduledThreadPoolExecutor.java:1093)
	at java.util.concurrent.ScheduledThreadPoolExecutor$DelayedWorkQueue.take(ScheduledThreadPoolExecutor.java:809)
	at java.util.concurrent.ThreadPoolExecutor.getTask(ThreadPoolExecutor.java:1074)
	at java.util.concurrent.ThreadPoolExecutor.runWorker(ThreadPoolExecutor.java:1134)
	at java.util.concurrent.ThreadPoolExecutor$Worker.run(ThreadPoolExecutor.java:624)
	...


"metrics-hadoop-metrics2-reporter-65-thread-1" Id=29413 TIMED_WAITING on java.util.concurrent.locks.AbstractQueuedSynchronizer$ConditionObject@5034c75a
	at sun.misc.Unsafe.park(Native Method)
	-  waiting on java.util.concurrent.locks.AbstractQueuedSynchronizer$ConditionObject@5034c75a
	at java.util.concurrent.locks.LockSupport.parkNanos(LockSupport.java:215)
	at java.util.concurrent.locks.AbstractQueuedSynchronizer$ConditionObject.awaitNanos(AbstractQueuedSynchronizer.java:2078)
	at java.util.concurrent.ScheduledThreadPoolExecutor$DelayedWorkQueue.take(ScheduledThreadPoolExecutor.java:1093)
	at java.util.concurrent.ScheduledThreadPoolExecutor$DelayedWorkQueue.take(ScheduledThreadPoolExecutor.java:809)
	at java.util.concurrent.ThreadPoolExecutor.getTask(ThreadPoolExecutor.java:1074)
	at java.util.concurrent.ThreadPoolExecutor.runWorker(ThreadPoolExecutor.java:1134)
	at java.util.concurrent.ThreadPoolExecutor$Worker.run(ThreadPoolExecutor.java:624)
	...


"metrics-hadoop-metrics2-reporter-64-thread-1" Id=29410 TIMED_WAITING on java.util.concurrent.locks.AbstractQueuedSynchronizer$ConditionObject@396a51ab
	at sun.misc.Unsafe.park(Native Method)
	-  waiting on java.util.concurrent.locks.AbstractQueuedSynchronizer$ConditionObject@396a51ab
	at java.util.concurrent.locks.LockSupport.parkNanos(LockSupport.java:215)
	at java.util.concurrent.locks.AbstractQueuedSynchronizer$ConditionObject.awaitNanos(AbstractQueuedSynchronizer.java:2078)
	at java.util.concurrent.ScheduledThreadPoolExecutor$DelayedWorkQueue.take(ScheduledThreadPoolExecutor.java:1093)
	at java.util.concurrent.ScheduledThreadPoolExecutor$DelayedWorkQueue.take(ScheduledThreadPoolExecutor.java:809)
	at java.util.concurrent.ThreadPoolExecutor.getTask(ThreadPoolExecutor.java:1074)
	at java.util.concurrent.ThreadPoolExecutor.runWorker(ThreadPoolExecutor.java:1134)
	at java.util.concurrent.ThreadPoolExecutor$Worker.run(ThreadPoolExecutor.java:624)
	...


"grpc-shared-destroyer-0" Id=29398 TIMED_WAITING on java.util.concurrent.locks.AbstractQueuedSynchronizer$ConditionObject@51081592
	at sun.misc.Unsafe.park(Native Method)
	-  waiting on java.util.concurrent.locks.AbstractQueuedSynchronizer$ConditionObject@51081592
	at java.util.concurrent.locks.LockSupport.parkNanos(LockSupport.java:215)
	at java.util.concurrent.locks.AbstractQueuedSynchronizer$ConditionObject.awaitNanos(AbstractQueuedSynchronizer.java:2078)
	at java.util.concurrent.ScheduledThreadPoolExecutor$DelayedWorkQueue.take(ScheduledThreadPoolExecutor.java:1093)
	at java.util.concurrent.ScheduledThreadPoolExecutor$DelayedWorkQueue.take(ScheduledThreadPoolExecutor.java:809)
	at java.util.concurrent.ThreadPoolExecutor.getTask(ThreadPoolExecutor.java:1074)
	at java.util.concurrent.ThreadPoolExecutor.runWorker(ThreadPoolExecutor.java:1134)
	at java.util.concurrent.ThreadPoolExecutor$Worker.run(ThreadPoolExecutor.java:624)
	...


"java.util.concurrent.ThreadPoolExecutor$Worker@20bfd90d[State = -1, empty queue]" Id=28966 RUNNABLE
	at java.util.concurrent.ScheduledThreadPoolExecutor$DelayedWorkQueue.poll(ScheduledThreadPoolExecutor.java:809)
	at java.util.concurrent.ThreadPoolExecutor.getTask(ThreadPoolExecutor.java:1073)
	at java.util.concurrent.ThreadPoolExecutor.runWorker(ThreadPoolExecutor.java:1134)
	at java.util.concurrent.ThreadPoolExecutor$Worker.run(ThreadPoolExecutor.java:624)
	at java.lang.Thread.run(Thread.java:748)


"java.util.concurrent.ThreadPoolExecutor$Worker@33f18f0d[State = -1, empty queue]" Id=28157 RUNNABLE
	at java.util.concurrent.ScheduledThreadPoolExecutor$DelayedWorkQueue.poll(ScheduledThreadPoolExecutor.java:809)
	at java.util.concurrent.ThreadPoolExecutor.getTask(ThreadPoolExecutor.java:1073)
	at java.util.concurrent.ThreadPoolExecutor.runWorker(ThreadPoolExecutor.java:1134)
	at java.util.concurrent.ThreadPoolExecutor$Worker.run(ThreadPoolExecutor.java:624)
	at java.lang.Thread.run(Thread.java:748)


"java.util.concurrent.ThreadPoolExecutor$Worker@5b65fcbb[State = -1, empty queue]" Id=28144 TIMED_WAITING on java.util.concurrent.locks.AbstractQueuedSynchronizer$ConditionObject@7f9a81e8
	at sun.misc.Unsafe.park(Native Method)
	-  waiting on java.util.concurrent.locks.AbstractQueuedSynchronizer$ConditionObject@7f9a81e8
	at java.util.concurrent.locks.LockSupport.parkNanos(LockSupport.java:215)
	at java.util.concurrent.locks.AbstractQueuedSynchronizer$ConditionObject.awaitNanos(AbstractQueuedSynchronizer.java:2078)
	at java.util.concurrent.ScheduledThreadPoolExecutor$DelayedWorkQueue.take(ScheduledThreadPoolExecutor.java:1093)
	at java.util.concurrent.ScheduledThreadPoolExecutor$DelayedWorkQueue.take(ScheduledThreadPoolExecutor.java:809)
	at java.util.concurrent.ThreadPoolExecutor.getTask(ThreadPoolExecutor.java:1074)
	at java.util.concurrent.ThreadPoolExecutor.runWorker(ThreadPoolExecutor.java:1134)
	at java.util.concurrent.ThreadPoolExecutor$Worker.run(ThreadPoolExecutor.java:624)
	...


"grpc-default-executor-3" Id=28142 TIMED_WAITING on java.util.concurrent.SynchronousQueue$TransferStack@215be6bb
	at sun.misc.Unsafe.park(Native Method)
	-  waiting on java.util.concurrent.SynchronousQueue$TransferStack@215be6bb
	at java.util.concurrent.locks.LockSupport.parkNanos(LockSupport.java:215)
	at java.util.concurrent.SynchronousQueue$TransferStack.awaitFulfill(SynchronousQueue.java:460)
	at java.util.concurrent.SynchronousQueue$TransferStack.transfer(SynchronousQueue.java:362)
	at java.util.concurrent.SynchronousQueue.poll(SynchronousQueue.java:941)
	at java.util.concurrent.ThreadPoolExecutor.getTask(ThreadPoolExecutor.java:1073)
	at java.util.concurrent.ThreadPoolExecutor.runWorker(ThreadPoolExecutor.java:1134)
	at java.util.concurrent.ThreadPoolExecutor$Worker.run(ThreadPoolExecutor.java:624)
	...


"java.util.concurrent.ThreadPoolExecutor$Worker@1832da5b[State = -1, empty queue]" Id=28143 TIMED_WAITING on java.util.concurrent.locks.AbstractQueuedSynchronizer$ConditionObject@9629756
	at sun.misc.Unsafe.park(Native Method)
	-  waiting on java.util.concurrent.locks.AbstractQueuedSynchronizer$ConditionObject@9629756
	at java.util.concurrent.locks.LockSupport.parkNanos(LockSupport.java:215)
	at java.util.concurrent.locks.AbstractQueuedSynchronizer$ConditionObject.awaitNanos(AbstractQueuedSynchronizer.java:2078)
	at java.util.concurrent.ScheduledThreadPoolExecutor$DelayedWorkQueue.take(ScheduledThreadPoolExecutor.java:1093)
	at java.util.concurrent.ScheduledThreadPoolExecutor$DelayedWorkQueue.take(ScheduledThreadPoolExecutor.java:809)
	at java.util.concurrent.ThreadPoolExecutor.getTask(ThreadPoolExecutor.java:1074)
	at java.util.concurrent.ThreadPoolExecutor.runWorker(ThreadPoolExecutor.java:1134)
	at java.util.concurrent.ThreadPoolExecutor$Worker.run(ThreadPoolExecutor.java:624)
	...


"grpc-default-executor-2" Id=28141 TIMED_WAITING on java.util.concurrent.SynchronousQueue$TransferStack@215be6bb
	at sun.misc.Unsafe.park(Native Method)
	-  waiting on java.util.concurrent.SynchronousQueue$TransferStack@215be6bb
	at java.util.concurrent.locks.LockSupport.parkNanos(LockSupport.java:215)
	at java.util.concurrent.SynchronousQueue$TransferStack.awaitFulfill(SynchronousQueue.java:460)
	at java.util.concurrent.SynchronousQueue$TransferStack.transfer(SynchronousQueue.java:362)
	at java.util.concurrent.SynchronousQueue.poll(SynchronousQueue.java:941)
	at java.util.concurrent.ThreadPoolExecutor.getTask(ThreadPoolExecutor.java:1073)
	at java.util.concurrent.ThreadPoolExecutor.runWorker(ThreadPoolExecutor.java:1134)
	at java.util.concurrent.ThreadPoolExecutor$Worker.run(ThreadPoolExecutor.java:624)
	...


"metrics-hadoop-metrics2-reporter-63-thread-1" Id=28138 TIMED_WAITING on java.util.concurrent.locks.AbstractQueuedSynchronizer$ConditionObject@62ee68d8
	at sun.misc.Unsafe.park(Native Method)
	-  waiting on java.util.concurrent.locks.AbstractQueuedSynchronizer$ConditionObject@62ee68d8
	at java.util.concurrent.locks.LockSupport.parkNanos(LockSupport.java:215)
	at java.util.concurrent.locks.AbstractQueuedSynchronizer$ConditionObject.awaitNanos(AbstractQueuedSynchronizer.java:2078)
	at java.util.concurrent.ScheduledThreadPoolExecutor$DelayedWorkQueue.take(ScheduledThreadPoolExecutor.java:1093)
	at java.util.concurrent.ScheduledThreadPoolExecutor$DelayedWorkQueue.take(ScheduledThreadPoolExecutor.java:809)
	at java.util.concurrent.ThreadPoolExecutor.getTask(ThreadPoolExecutor.java:1074)
	at java.util.concurrent.ThreadPoolExecutor.runWorker(ThreadPoolExecutor.java:1134)
	at java.util.concurrent.ThreadPoolExecutor$Worker.run(ThreadPoolExecutor.java:624)
	...


"grpc-default-worker-ELG-10-4" Id=28132 RUNNABLE (in native)
	at sun.nio.ch.EPollArrayWrapper.epollWait(Native Method)
	at sun.nio.ch.EPollArrayWrapper.poll(EPollArrayWrapper.java:269)
	at sun.nio.ch.EPollSelectorImpl.doSelect(EPollSelectorImpl.java:93)
	at sun.nio.ch.SelectorImpl.lockAndDoSelect(SelectorImpl.java:86)
	-  locked org.apache.ratis.thirdparty.io.netty.channel.nio.SelectedSelectionKeySet@735b5592
	-  locked java.util.Collections$UnmodifiableSet@58651fd0
	-  locked sun.nio.ch.EPollSelectorImpl@4520ebad
	at sun.nio.ch.SelectorImpl.select(SelectorImpl.java:97)
	at org.apache.ratis.thirdparty.io.netty.channel.nio.SelectedSelectionKeySetSelector.select(SelectedSelectionKeySetSelector.java:62)
	at org.apache.ratis.thirdparty.io.netty.channel.nio.NioEventLoop.select(NioEventLoop.java:753)
	at org.apache.ratis.thirdparty.io.netty.channel.nio.NioEventLoop.run(NioEventLoop.java:408)
	...


"grpc-default-worker-ELG-10-3" Id=28131 RUNNABLE (in native)
	at sun.nio.ch.EPollArrayWrapper.epollWait(Native Method)
	at sun.nio.ch.EPollArrayWrapper.poll(EPollArrayWrapper.java:269)
	at sun.nio.ch.EPollSelectorImpl.doSelect(EPollSelectorImpl.java:93)
	at sun.nio.ch.SelectorImpl.lockAndDoSelect(SelectorImpl.java:86)
	-  locked org.apache.ratis.thirdparty.io.netty.channel.nio.SelectedSelectionKeySet@5419f379
	-  locked java.util.Collections$UnmodifiableSet@7dc7cbad
	-  locked sun.nio.ch.EPollSelectorImpl@d2cc05a
	at sun.nio.ch.SelectorImpl.select(SelectorImpl.java:97)
	at org.apache.ratis.thirdparty.io.netty.channel.nio.SelectedSelectionKeySetSelector.select(SelectedSelectionKeySetSelector.java:62)
	at org.apache.ratis.thirdparty.io.netty.channel.nio.NioEventLoop.select(NioEventLoop.java:753)
	at org.apache.ratis.thirdparty.io.netty.channel.nio.NioEventLoop.run(NioEventLoop.java:408)
	...


"grpc-default-executor-1" Id=28130 TIMED_WAITING on java.util.concurrent.SynchronousQueue$TransferStack@215be6bb
	at sun.misc.Unsafe.park(Native Method)
	-  waiting on java.util.concurrent.SynchronousQueue$TransferStack@215be6bb
	at java.util.concurrent.locks.LockSupport.parkNanos(LockSupport.java:215)
	at java.util.concurrent.SynchronousQueue$TransferStack.awaitFulfill(SynchronousQueue.java:460)
	at java.util.concurrent.SynchronousQueue$TransferStack.transfer(SynchronousQueue.java:362)
	at java.util.concurrent.SynchronousQueue.poll(SynchronousQueue.java:941)
	at java.util.concurrent.ThreadPoolExecutor.getTask(ThreadPoolExecutor.java:1073)
	at java.util.concurrent.ThreadPoolExecutor.runWorker(ThreadPoolExecutor.java:1134)
	at java.util.concurrent.ThreadPoolExecutor$Worker.run(ThreadPoolExecutor.java:624)
	...


"grpc-default-executor-0" Id=28129 TIMED_WAITING on java.util.concurrent.SynchronousQueue$TransferStack@215be6bb
	at sun.misc.Unsafe.park(Native Method)
	-  waiting on java.util.concurrent.SynchronousQueue$TransferStack@215be6bb
	at java.util.concurrent.locks.LockSupport.parkNanos(LockSupport.java:215)
	at java.util.concurrent.SynchronousQueue$TransferStack.awaitFulfill(SynchronousQueue.java:460)
	at java.util.concurrent.SynchronousQueue$TransferStack.transfer(SynchronousQueue.java:362)
	at java.util.concurrent.SynchronousQueue.poll(SynchronousQueue.java:941)
	at java.util.concurrent.ThreadPoolExecutor.getTask(ThreadPoolExecutor.java:1073)
	at java.util.concurrent.ThreadPoolExecutor.runWorker(ThreadPoolExecutor.java:1134)
	at java.util.concurrent.ThreadPoolExecutor$Worker.run(ThreadPoolExecutor.java:624)
	...


"grpc-default-worker-ELG-10-1" Id=28128 RUNNABLE (in native)
	at sun.nio.ch.EPollArrayWrapper.epollWait(Native Method)
	at sun.nio.ch.EPollArrayWrapper.poll(EPollArrayWrapper.java:269)
	at sun.nio.ch.EPollSelectorImpl.doSelect(EPollSelectorImpl.java:93)
	at sun.nio.ch.SelectorImpl.lockAndDoSelect(SelectorImpl.java:86)
	-  locked org.apache.ratis.thirdparty.io.netty.channel.nio.SelectedSelectionKeySet@4f933fd1
	-  locked java.util.Collections$UnmodifiableSet@548a9f61
	-  locked sun.nio.ch.EPollSelectorImpl@1753acfe
	at sun.nio.ch.SelectorImpl.select(SelectorImpl.java:97)
	at org.apache.ratis.thirdparty.io.netty.channel.nio.SelectedSelectionKeySetSelector.select(SelectedSelectionKeySetSelector.java:62)
	at org.apache.ratis.thirdparty.io.netty.channel.nio.NioEventLoop.select(NioEventLoop.java:753)
	at org.apache.ratis.thirdparty.io.netty.channel.nio.NioEventLoop.run(NioEventLoop.java:408)
	...


"grpc-default-worker-ELG-10-2" Id=28127 RUNNABLE (in native)
	at sun.nio.ch.EPollArrayWrapper.epollWait(Native Method)
	at sun.nio.ch.EPollArrayWrapper.poll(EPollArrayWrapper.java:269)
	at sun.nio.ch.EPollSelectorImpl.doSelect(EPollSelectorImpl.java:93)
	at sun.nio.ch.SelectorImpl.lockAndDoSelect(SelectorImpl.java:86)
	-  locked org.apache.ratis.thirdparty.io.netty.channel.nio.SelectedSelectionKeySet@7c16905e
	-  locked java.util.Collections$UnmodifiableSet@2a2d45ba
	-  locked sun.nio.ch.EPollSelectorImpl@2a5ca609
	at sun.nio.ch.SelectorImpl.select(SelectorImpl.java:97)
	at org.apache.ratis.thirdparty.io.netty.channel.nio.SelectedSelectionKeySetSelector.select(SelectedSelectionKeySetSelector.java:62)
	at org.apache.ratis.thirdparty.io.netty.channel.nio.NioEventLoop.select(NioEventLoop.java:753)
	at org.apache.ratis.thirdparty.io.netty.channel.nio.NioEventLoop.run(NioEventLoop.java:408)
	...


"metrics-hadoop-metrics2-reporter-62-thread-1" Id=28122 TIMED_WAITING on java.util.concurrent.locks.AbstractQueuedSynchronizer$ConditionObject@20e2cbe0
	at sun.misc.Unsafe.park(Native Method)
	-  waiting on java.util.concurrent.locks.AbstractQueuedSynchronizer$ConditionObject@20e2cbe0
	at java.util.concurrent.locks.LockSupport.parkNanos(LockSupport.java:215)
	at java.util.concurrent.locks.AbstractQueuedSynchronizer$ConditionObject.awaitNanos(AbstractQueuedSynchronizer.java:2078)
	at java.util.concurrent.ScheduledThreadPoolExecutor$DelayedWorkQueue.take(ScheduledThreadPoolExecutor.java:1093)
	at java.util.concurrent.ScheduledThreadPoolExecutor$DelayedWorkQueue.take(ScheduledThreadPoolExecutor.java:809)
	at java.util.concurrent.ThreadPoolExecutor.getTask(ThreadPoolExecutor.java:1074)
	at java.util.concurrent.ThreadPoolExecutor.runWorker(ThreadPoolExecutor.java:1134)
	at java.util.concurrent.ThreadPoolExecutor$Worker.run(ThreadPoolExecutor.java:624)
	...


"metrics-hadoop-metrics2-reporter-61-thread-1" Id=28120 TIMED_WAITING on java.util.concurrent.locks.AbstractQueuedSynchronizer$ConditionObject@68be2bc2
	at sun.misc.Unsafe.park(Native Method)
	-  waiting on java.util.concurrent.locks.AbstractQueuedSynchronizer$ConditionObject@68be2bc2
	at java.util.concurrent.locks.LockSupport.parkNanos(LockSupport.java:215)
	at java.util.concurrent.locks.AbstractQueuedSynchronizer$ConditionObject.awaitNanos(AbstractQueuedSynchronizer.java:2078)
	at java.util.concurrent.ScheduledThreadPoolExecutor$DelayedWorkQueue.take(ScheduledThreadPoolExecutor.java:1093)
	at java.util.concurrent.ScheduledThreadPoolExecutor$DelayedWorkQueue.take(ScheduledThreadPoolExecutor.java:809)
	at java.util.concurrent.ThreadPoolExecutor.getTask(ThreadPoolExecutor.java:1074)
	at java.util.concurrent.ThreadPoolExecutor.runWorker(ThreadPoolExecutor.java:1134)
	at java.util.concurrent.ThreadPoolExecutor$Worker.run(ThreadPoolExecutor.java:624)
	...


"grpc-default-boss-ELG-9-1" Id=28118 RUNNABLE (in native)
	at sun.nio.ch.EPollArrayWrapper.epollWait(Native Method)
	at sun.nio.ch.EPollArrayWrapper.poll(EPollArrayWrapper.java:269)
	at sun.nio.ch.EPollSelectorImpl.doSelect(EPollSelectorImpl.java:93)
	at sun.nio.ch.SelectorImpl.lockAndDoSelect(SelectorImpl.java:86)
	-  locked org.apache.ratis.thirdparty.io.netty.channel.nio.SelectedSelectionKeySet@28feb3fa
	-  locked java.util.Collections$UnmodifiableSet@675d3402
	-  locked sun.nio.ch.EPollSelectorImpl@51565ec2
	at sun.nio.ch.SelectorImpl.select(SelectorImpl.java:97)
	at org.apache.ratis.thirdparty.io.netty.channel.nio.SelectedSelectionKeySetSelector.select(SelectedSelectionKeySetSelector.java:62)
	at org.apache.ratis.thirdparty.io.netty.channel.nio.NioEventLoop.select(NioEventLoop.java:753)
	at org.apache.ratis.thirdparty.io.netty.channel.nio.NioEventLoop.run(NioEventLoop.java:408)
	...


"metrics-hadoop-metrics2-reporter-60-thread-1" Id=28117 TIMED_WAITING on java.util.concurrent.locks.AbstractQueuedSynchronizer$ConditionObject@482f8f11
	at sun.misc.Unsafe.park(Native Method)
	-  waiting on java.util.concurrent.locks.AbstractQueuedSynchronizer$ConditionObject@482f8f11
	at java.util.concurrent.locks.LockSupport.parkNanos(LockSupport.java:215)
	at java.util.concurrent.locks.AbstractQueuedSynchronizer$ConditionObject.awaitNanos(AbstractQueuedSynchronizer.java:2078)
	at java.util.concurrent.ScheduledThreadPoolExecutor$DelayedWorkQueue.take(ScheduledThreadPoolExecutor.java:1093)
	at java.util.concurrent.ScheduledThreadPoolExecutor$DelayedWorkQueue.take(ScheduledThreadPoolExecutor.java:809)
	at java.util.concurrent.ThreadPoolExecutor.getTask(ThreadPoolExecutor.java:1074)
	at java.util.concurrent.ThreadPoolExecutor.runWorker(ThreadPoolExecutor.java:1134)
	at java.util.concurrent.ThreadPoolExecutor$Worker.run(ThreadPoolExecutor.java:624)
	...


"metrics-hadoop-metrics2-reporter-59-thread-1" Id=28115 TIMED_WAITING on java.util.concurrent.locks.AbstractQueuedSynchronizer$ConditionObject@1593948d
	at sun.misc.Unsafe.park(Native Method)
	-  waiting on java.util.concurrent.locks.AbstractQueuedSynchronizer$ConditionObject@1593948d
	at java.util.concurrent.locks.LockSupport.parkNanos(LockSupport.java:215)
	at java.util.concurrent.locks.AbstractQueuedSynchronizer$ConditionObject.awaitNanos(AbstractQueuedSynchronizer.java:2078)
	at java.util.concurrent.ScheduledThreadPoolExecutor$DelayedWorkQueue.take(ScheduledThreadPoolExecutor.java:1093)
	at java.util.concurrent.ScheduledThreadPoolExecutor$DelayedWorkQueue.take(ScheduledThreadPoolExecutor.java:809)
	at java.util.concurrent.ThreadPoolExecutor.getTask(ThreadPoolExecutor.java:1074)
	at java.util.concurrent.ThreadPoolExecutor.runWorker(ThreadPoolExecutor.java:1134)
	at java.util.concurrent.ThreadPoolExecutor$Worker.run(ThreadPoolExecutor.java:624)
	...


"metrics-hadoop-metrics2-reporter-58-thread-1" Id=28114 TIMED_WAITING on java.util.concurrent.locks.AbstractQueuedSynchronizer$ConditionObject@1b604f19
	at sun.misc.Unsafe.park(Native Method)
	-  waiting on java.util.concurrent.locks.AbstractQueuedSynchronizer$ConditionObject@1b604f19
	at java.util.concurrent.locks.LockSupport.parkNanos(LockSupport.java:215)
	at java.util.concurrent.locks.AbstractQueuedSynchronizer$ConditionObject.awaitNanos(AbstractQueuedSynchronizer.java:2078)
	at java.util.concurrent.ScheduledThreadPoolExecutor$DelayedWorkQueue.take(ScheduledThreadPoolExecutor.java:1093)
	at java.util.concurrent.ScheduledThreadPoolExecutor$DelayedWorkQueue.take(ScheduledThreadPoolExecutor.java:809)
	at java.util.concurrent.ThreadPoolExecutor.getTask(ThreadPoolExecutor.java:1074)
	at java.util.concurrent.ThreadPoolExecutor.runWorker(ThreadPoolExecutor.java:1134)
	at java.util.concurrent.ThreadPoolExecutor$Worker.run(ThreadPoolExecutor.java:624)
	...


"metrics-hadoop-metrics2-reporter-57-thread-1" Id=28113 TIMED_WAITING on java.util.concurrent.locks.AbstractQueuedSynchronizer$ConditionObject@7823a2f9
	at sun.misc.Unsafe.park(Native Method)
	-  waiting on java.util.concurrent.locks.AbstractQueuedSynchronizer$ConditionObject@7823a2f9
	at java.util.concurrent.locks.LockSupport.parkNanos(LockSupport.java:215)
	at java.util.concurrent.locks.AbstractQueuedSynchronizer$ConditionObject.awaitNanos(AbstractQueuedSynchronizer.java:2078)
	at java.util.concurrent.ScheduledThreadPoolExecutor$DelayedWorkQueue.take(ScheduledThreadPoolExecutor.java:1093)
	at java.util.concurrent.ScheduledThreadPoolExecutor$DelayedWorkQueue.take(ScheduledThreadPoolExecutor.java:809)
	at java.util.concurrent.ThreadPoolExecutor.getTask(ThreadPoolExecutor.java:1074)
	at java.util.concurrent.ThreadPoolExecutor.runWorker(ThreadPoolExecutor.java:1134)
	at java.util.concurrent.ThreadPoolExecutor$Worker.run(ThreadPoolExecutor.java:624)
	...


"metrics-hadoop-metrics2-reporter-56-thread-1" Id=27739 TIMED_WAITING on java.util.concurrent.locks.AbstractQueuedSynchronizer$ConditionObject@4cc0edeb
	at sun.misc.Unsafe.park(Native Method)
	-  waiting on java.util.concurrent.locks.AbstractQueuedSynchronizer$ConditionObject@4cc0edeb
	at java.util.concurrent.locks.LockSupport.parkNanos(LockSupport.java:215)
	at java.util.concurrent.locks.AbstractQueuedSynchronizer$ConditionObject.awaitNanos(AbstractQueuedSynchronizer.java:2078)
	at java.util.concurrent.ScheduledThreadPoolExecutor$DelayedWorkQueue.take(ScheduledThreadPoolExecutor.java:1093)
	at java.util.concurrent.ScheduledThreadPoolExecutor$DelayedWorkQueue.take(ScheduledThreadPoolExecutor.java:809)
	at java.util.concurrent.ThreadPoolExecutor.getTask(ThreadPoolExecutor.java:1074)
	at java.util.concurrent.ThreadPoolExecutor.runWorker(ThreadPoolExecutor.java:1134)
	at java.util.concurrent.ThreadPoolExecutor$Worker.run(ThreadPoolExecutor.java:624)
	...


"metrics-hadoop-metrics2-reporter-55-thread-1" Id=27722 TIMED_WAITING on java.util.concurrent.locks.AbstractQueuedSynchronizer$ConditionObject@457e2f02
	at sun.misc.Unsafe.park(Native Method)
	-  waiting on java.util.concurrent.locks.AbstractQueuedSynchronizer$ConditionObject@457e2f02
	at java.util.concurrent.locks.LockSupport.parkNanos(LockSupport.java:215)
	at java.util.concurrent.locks.AbstractQueuedSynchronizer$ConditionObject.awaitNanos(AbstractQueuedSynchronizer.java:2078)
	at java.util.concurrent.ScheduledThreadPoolExecutor$DelayedWorkQueue.take(ScheduledThreadPoolExecutor.java:1093)
	at java.util.concurrent.ScheduledThreadPoolExecutor$DelayedWorkQueue.take(ScheduledThreadPoolExecutor.java:809)
	at java.util.concurrent.ThreadPoolExecutor.getTask(ThreadPoolExecutor.java:1074)
	at java.util.concurrent.ThreadPoolExecutor.runWorker(ThreadPoolExecutor.java:1134)
	at java.util.concurrent.ThreadPoolExecutor$Worker.run(ThreadPoolExecutor.java:624)
	...


"metrics-hadoop-metrics2-reporter-54-thread-1" Id=27720 TIMED_WAITING on java.util.concurrent.locks.AbstractQueuedSynchronizer$ConditionObject@5c7fa833
	at sun.misc.Unsafe.park(Native Method)
	-  waiting on java.util.concurrent.locks.AbstractQueuedSynchronizer$ConditionObject@5c7fa833
	at java.util.concurrent.locks.LockSupport.parkNanos(LockSupport.java:215)
	at java.util.concurrent.locks.AbstractQueuedSynchronizer$ConditionObject.awaitNanos(AbstractQueuedSynchronizer.java:2078)
	at java.util.concurrent.ScheduledThreadPoolExecutor$DelayedWorkQueue.take(ScheduledThreadPoolExecutor.java:1093)
	at java.util.concurrent.ScheduledThreadPoolExecutor$DelayedWorkQueue.take(ScheduledThreadPoolExecutor.java:809)
	at java.util.concurrent.ThreadPoolExecutor.getTask(ThreadPoolExecutor.java:1074)
	at java.util.concurrent.ThreadPoolExecutor.runWorker(ThreadPoolExecutor.java:1134)
	at java.util.concurrent.ThreadPoolExecutor$Worker.run(ThreadPoolExecutor.java:624)
	...


"metrics-hadoop-metrics2-reporter-53-thread-1" Id=27717 TIMED_WAITING on java.util.concurrent.locks.AbstractQueuedSynchronizer$ConditionObject@39aeed2f
	at sun.misc.Unsafe.park(Native Method)
	-  waiting on java.util.concurrent.locks.AbstractQueuedSynchronizer$ConditionObject@39aeed2f
	at java.util.concurrent.locks.LockSupport.parkNanos(LockSupport.java:215)
	at java.util.concurrent.locks.AbstractQueuedSynchronizer$ConditionObject.awaitNanos(AbstractQueuedSynchronizer.java:2078)
	at java.util.concurrent.ScheduledThreadPoolExecutor$DelayedWorkQueue.take(ScheduledThreadPoolExecutor.java:1093)
	at java.util.concurrent.ScheduledThreadPoolExecutor$DelayedWorkQueue.take(ScheduledThreadPoolExecutor.java:809)
	at java.util.concurrent.ThreadPoolExecutor.getTask(ThreadPoolExecutor.java:1074)
	at java.util.concurrent.ThreadPoolExecutor.runWorker(ThreadPoolExecutor.java:1134)
	at java.util.concurrent.ThreadPoolExecutor$Worker.run(ThreadPoolExecutor.java:624)
	...


"metrics-hadoop-metrics2-reporter-52-thread-1" Id=27715 TIMED_WAITING on java.util.concurrent.locks.AbstractQueuedSynchronizer$ConditionObject@724af044
	at sun.misc.Unsafe.park(Native Method)
	-  waiting on java.util.concurrent.locks.AbstractQueuedSynchronizer$ConditionObject@724af044
	at java.util.concurrent.locks.LockSupport.parkNanos(LockSupport.java:215)
	at java.util.concurrent.locks.AbstractQueuedSynchronizer$ConditionObject.awaitNanos(AbstractQueuedSynchronizer.java:2078)
	at java.util.concurrent.ScheduledThreadPoolExecutor$DelayedWorkQueue.take(ScheduledThreadPoolExecutor.java:1093)
	at java.util.concurrent.ScheduledThreadPoolExecutor$DelayedWorkQueue.take(ScheduledThreadPoolExecutor.java:809)
	at java.util.concurrent.ThreadPoolExecutor.getTask(ThreadPoolExecutor.java:1074)
	at java.util.concurrent.ThreadPoolExecutor.runWorker(ThreadPoolExecutor.java:1134)
	at java.util.concurrent.ThreadPoolExecutor$Worker.run(ThreadPoolExecutor.java:624)
	...


"metrics-hadoop-metrics2-reporter-51-thread-1" Id=27714 TIMED_WAITING on java.util.concurrent.locks.AbstractQueuedSynchronizer$ConditionObject@4678c730
	at sun.misc.Unsafe.park(Native Method)
	-  waiting on java.util.concurrent.locks.AbstractQueuedSynchronizer$ConditionObject@4678c730
	at java.util.concurrent.locks.LockSupport.parkNanos(LockSupport.java:215)
	at java.util.concurrent.locks.AbstractQueuedSynchronizer$ConditionObject.awaitNanos(AbstractQueuedSynchronizer.java:2078)
	at java.util.concurrent.ScheduledThreadPoolExecutor$DelayedWorkQueue.take(ScheduledThreadPoolExecutor.java:1093)
	at java.util.concurrent.ScheduledThreadPoolExecutor$DelayedWorkQueue.take(ScheduledThreadPoolExecutor.java:809)
	at java.util.concurrent.ThreadPoolExecutor.getTask(ThreadPoolExecutor.java:1074)
	at java.util.concurrent.ThreadPoolExecutor.runWorker(ThreadPoolExecutor.java:1134)
	at java.util.concurrent.ThreadPoolExecutor$Worker.run(ThreadPoolExecutor.java:624)
	...


"metrics-hadoop-metrics2-reporter-50-thread-1" Id=27711 TIMED_WAITING on java.util.concurrent.locks.AbstractQueuedSynchronizer$ConditionObject@6767c1fc
	at sun.misc.Unsafe.park(Native Method)
	-  waiting on java.util.concurrent.locks.AbstractQueuedSynchronizer$ConditionObject@6767c1fc
	at java.util.concurrent.locks.LockSupport.parkNanos(LockSupport.java:215)
	at java.util.concurrent.locks.AbstractQueuedSynchronizer$ConditionObject.awaitNanos(AbstractQueuedSynchronizer.java:2078)
	at java.util.concurrent.ScheduledThreadPoolExecutor$DelayedWorkQueue.take(ScheduledThreadPoolExecutor.java:1093)
	at java.util.concurrent.ScheduledThreadPoolExecutor$DelayedWorkQueue.take(ScheduledThreadPoolExecutor.java:809)
	at java.util.concurrent.ThreadPoolExecutor.getTask(ThreadPoolExecutor.java:1074)
	at java.util.concurrent.ThreadPoolExecutor.runWorker(ThreadPoolExecutor.java:1134)
	at java.util.concurrent.ThreadPoolExecutor$Worker.run(ThreadPoolExecutor.java:624)
	...


"metrics-hadoop-metrics2-reporter-49-thread-1" Id=22617 TIMED_WAITING on java.util.concurrent.locks.AbstractQueuedSynchronizer$ConditionObject@65e3c7a6
	at sun.misc.Unsafe.park(Native Method)
	-  waiting on java.util.concurrent.locks.AbstractQueuedSynchronizer$ConditionObject@65e3c7a6
	at java.util.concurrent.locks.LockSupport.parkNanos(LockSupport.java:215)
	at java.util.concurrent.locks.AbstractQueuedSynchronizer$ConditionObject.awaitNanos(AbstractQueuedSynchronizer.java:2078)
	at java.util.concurrent.ScheduledThreadPoolExecutor$DelayedWorkQueue.take(ScheduledThreadPoolExecutor.java:1093)
	at java.util.concurrent.ScheduledThreadPoolExecutor$DelayedWorkQueue.take(ScheduledThreadPoolExecutor.java:809)
	at java.util.concurrent.ThreadPoolExecutor.getTask(ThreadPoolExecutor.java:1074)
	at java.util.concurrent.ThreadPoolExecutor.runWorker(ThreadPoolExecutor.java:1134)
	at java.util.concurrent.ThreadPoolExecutor$Worker.run(ThreadPoolExecutor.java:624)
	...


"metrics-hadoop-metrics2-reporter-48-thread-1" Id=2332 TIMED_WAITING on java.util.concurrent.locks.AbstractQueuedSynchronizer$ConditionObject@313fef9
	at sun.misc.Unsafe.park(Native Method)
	-  waiting on java.util.concurrent.locks.AbstractQueuedSynchronizer$ConditionObject@313fef9
	at java.util.concurrent.locks.LockSupport.parkNanos(LockSupport.java:215)
	at java.util.concurrent.locks.AbstractQueuedSynchronizer$ConditionObject.awaitNanos(AbstractQueuedSynchronizer.java:2078)
	at java.util.concurrent.ScheduledThreadPoolExecutor$DelayedWorkQueue.take(ScheduledThreadPoolExecutor.java:1093)
	at java.util.concurrent.ScheduledThreadPoolExecutor$DelayedWorkQueue.take(ScheduledThreadPoolExecutor.java:809)
	at java.util.concurrent.ThreadPoolExecutor.getTask(ThreadPoolExecutor.java:1074)
	at java.util.concurrent.ThreadPoolExecutor.runWorker(ThreadPoolExecutor.java:1134)
	at java.util.concurrent.ThreadPoolExecutor$Worker.run(ThreadPoolExecutor.java:624)
	...


"metrics-hadoop-metrics2-reporter-47-thread-1" Id=2107 TIMED_WAITING on java.util.concurrent.locks.AbstractQueuedSynchronizer$ConditionObject@1d95bd45
	at sun.misc.Unsafe.park(Native Method)
	-  waiting on java.util.concurrent.locks.AbstractQueuedSynchronizer$ConditionObject@1d95bd45
	at java.util.concurrent.locks.LockSupport.parkNanos(LockSupport.java:215)
	at java.util.concurrent.locks.AbstractQueuedSynchronizer$ConditionObject.awaitNanos(AbstractQueuedSynchronizer.java:2078)
	at java.util.concurrent.ScheduledThreadPoolExecutor$DelayedWorkQueue.take(ScheduledThreadPoolExecutor.java:1093)
	at java.util.concurrent.ScheduledThreadPoolExecutor$DelayedWorkQueue.take(ScheduledThreadPoolExecutor.java:809)
	at java.util.concurrent.ThreadPoolExecutor.getTask(ThreadPoolExecutor.java:1074)
	at java.util.concurrent.ThreadPoolExecutor.runWorker(ThreadPoolExecutor.java:1134)
	at java.util.concurrent.ThreadPoolExecutor$Worker.run(ThreadPoolExecutor.java:624)
	...


"metrics-hadoop-metrics2-reporter-46-thread-1" Id=2099 TIMED_WAITING on java.util.concurrent.locks.AbstractQueuedSynchronizer$ConditionObject@36b1d3fc
	at sun.misc.Unsafe.park(Native Method)
	-  waiting on java.util.concurrent.locks.AbstractQueuedSynchronizer$ConditionObject@36b1d3fc
	at java.util.concurrent.locks.LockSupport.parkNanos(LockSupport.java:215)
	at java.util.concurrent.locks.AbstractQueuedSynchronizer$ConditionObject.awaitNanos(AbstractQueuedSynchronizer.java:2078)
	at java.util.concurrent.ScheduledThreadPoolExecutor$DelayedWorkQueue.take(ScheduledThreadPoolExecutor.java:1093)
	at java.util.concurrent.ScheduledThreadPoolExecutor$DelayedWorkQueue.take(ScheduledThreadPoolExecutor.java:809)
	at java.util.concurrent.ThreadPoolExecutor.getTask(ThreadPoolExecutor.java:1074)
	at java.util.concurrent.ThreadPoolExecutor.runWorker(ThreadPoolExecutor.java:1134)
	at java.util.concurrent.ThreadPoolExecutor$Worker.run(ThreadPoolExecutor.java:624)
	...


"metrics-hadoop-metrics2-reporter-45-thread-1" Id=2097 TIMED_WAITING on java.util.concurrent.locks.AbstractQueuedSynchronizer$ConditionObject@67cffc25
	at sun.misc.Unsafe.park(Native Method)
	-  waiting on java.util.concurrent.locks.AbstractQueuedSynchronizer$ConditionObject@67cffc25
	at java.util.concurrent.locks.LockSupport.parkNanos(LockSupport.java:215)
	at java.util.concurrent.locks.AbstractQueuedSynchronizer$ConditionObject.awaitNanos(AbstractQueuedSynchronizer.java:2078)
	at java.util.concurrent.ScheduledThreadPoolExecutor$DelayedWorkQueue.take(ScheduledThreadPoolExecutor.java:1093)
	at java.util.concurrent.ScheduledThreadPoolExecutor$DelayedWorkQueue.take(ScheduledThreadPoolExecutor.java:809)
	at java.util.concurrent.ThreadPoolExecutor.getTask(ThreadPoolExecutor.java:1074)
	at java.util.concurrent.ThreadPoolExecutor.runWorker(ThreadPoolExecutor.java:1134)
	at java.util.concurrent.ThreadPoolExecutor$Worker.run(ThreadPoolExecutor.java:624)
	...


"metrics-hadoop-metrics2-reporter-44-thread-1" Id=2095 TIMED_WAITING on java.util.concurrent.locks.AbstractQueuedSynchronizer$ConditionObject@6cb4ab2e
	at sun.misc.Unsafe.park(Native Method)
	-  waiting on java.util.concurrent.locks.AbstractQueuedSynchronizer$ConditionObject@6cb4ab2e
	at java.util.concurrent.locks.LockSupport.parkNanos(LockSupport.java:215)
	at java.util.concurrent.locks.AbstractQueuedSynchronizer$ConditionObject.awaitNanos(AbstractQueuedSynchronizer.java:2078)
	at java.util.concurrent.ScheduledThreadPoolExecutor$DelayedWorkQueue.take(ScheduledThreadPoolExecutor.java:1093)
	at java.util.concurrent.ScheduledThreadPoolExecutor$DelayedWorkQueue.take(ScheduledThreadPoolExecutor.java:809)
	at java.util.concurrent.ThreadPoolExecutor.getTask(ThreadPoolExecutor.java:1074)
	at java.util.concurrent.ThreadPoolExecutor.runWorker(ThreadPoolExecutor.java:1134)
	at java.util.concurrent.ThreadPoolExecutor$Worker.run(ThreadPoolExecutor.java:624)
	...


"metrics-hadoop-metrics2-reporter-43-thread-1" Id=2093 TIMED_WAITING on java.util.concurrent.locks.AbstractQueuedSynchronizer$ConditionObject@54a2bb77
	at sun.misc.Unsafe.park(Native Method)
	-  waiting on java.util.concurrent.locks.AbstractQueuedSynchronizer$ConditionObject@54a2bb77
	at java.util.concurrent.locks.LockSupport.parkNanos(LockSupport.java:215)
	at java.util.concurrent.locks.AbstractQueuedSynchronizer$ConditionObject.awaitNanos(AbstractQueuedSynchronizer.java:2078)
	at java.util.concurrent.ScheduledThreadPoolExecutor$DelayedWorkQueue.take(ScheduledThreadPoolExecutor.java:1093)
	at java.util.concurrent.ScheduledThreadPoolExecutor$DelayedWorkQueue.take(ScheduledThreadPoolExecutor.java:809)
	at java.util.concurrent.ThreadPoolExecutor.getTask(ThreadPoolExecutor.java:1074)
	at java.util.concurrent.ThreadPoolExecutor.runWorker(ThreadPoolExecutor.java:1134)
	at java.util.concurrent.ThreadPoolExecutor$Worker.run(ThreadPoolExecutor.java:624)
	...


"metrics-hadoop-metrics2-reporter-42-thread-1" Id=2092 TIMED_WAITING on java.util.concurrent.locks.AbstractQueuedSynchronizer$ConditionObject@2354cfe6
	at sun.misc.Unsafe.park(Native Method)
	-  waiting on java.util.concurrent.locks.AbstractQueuedSynchronizer$ConditionObject@2354cfe6
	at java.util.concurrent.locks.LockSupport.parkNanos(LockSupport.java:215)
	at java.util.concurrent.locks.AbstractQueuedSynchronizer$ConditionObject.awaitNanos(AbstractQueuedSynchronizer.java:2078)
	at java.util.concurrent.ScheduledThreadPoolExecutor$DelayedWorkQueue.take(ScheduledThreadPoolExecutor.java:1093)
	at java.util.concurrent.ScheduledThreadPoolExecutor$DelayedWorkQueue.take(ScheduledThreadPoolExecutor.java:809)
	at java.util.concurrent.ThreadPoolExecutor.getTask(ThreadPoolExecutor.java:1074)
	at java.util.concurrent.ThreadPoolExecutor.runWorker(ThreadPoolExecutor.java:1134)
	at java.util.concurrent.ThreadPoolExecutor$Worker.run(ThreadPoolExecutor.java:624)
	...


"metrics-hadoop-metrics2-reporter-41-thread-1" Id=2089 TIMED_WAITING on java.util.concurrent.locks.AbstractQueuedSynchronizer$ConditionObject@3be2317d
	at sun.misc.Unsafe.park(Native Method)
	-  waiting on java.util.concurrent.locks.AbstractQueuedSynchronizer$ConditionObject@3be2317d
	at java.util.concurrent.locks.LockSupport.parkNanos(LockSupport.java:215)
	at java.util.concurrent.locks.AbstractQueuedSynchronizer$ConditionObject.awaitNanos(AbstractQueuedSynchronizer.java:2078)
	at java.util.concurrent.ScheduledThreadPoolExecutor$DelayedWorkQueue.take(ScheduledThreadPoolExecutor.java:1093)
	at java.util.concurrent.ScheduledThreadPoolExecutor$DelayedWorkQueue.take(ScheduledThreadPoolExecutor.java:809)
	at java.util.concurrent.ThreadPoolExecutor.getTask(ThreadPoolExecutor.java:1074)
	at java.util.concurrent.ThreadPoolExecutor.runWorker(ThreadPoolExecutor.java:1134)
	at java.util.concurrent.ThreadPoolExecutor$Worker.run(ThreadPoolExecutor.java:624)
	...


"metrics-hadoop-metrics2-reporter-40-thread-1" Id=1899 TIMED_WAITING on java.util.concurrent.locks.AbstractQueuedSynchronizer$ConditionObject@1e8895a8
	at sun.misc.Unsafe.park(Native Method)
	-  waiting on java.util.concurrent.locks.AbstractQueuedSynchronizer$ConditionObject@1e8895a8
	at java.util.concurrent.locks.LockSupport.parkNanos(LockSupport.java:215)
	at java.util.concurrent.locks.AbstractQueuedSynchronizer$ConditionObject.awaitNanos(AbstractQueuedSynchronizer.java:2078)
	at java.util.concurrent.ScheduledThreadPoolExecutor$DelayedWorkQueue.take(ScheduledThreadPoolExecutor.java:1093)
	at java.util.concurrent.ScheduledThreadPoolExecutor$DelayedWorkQueue.take(ScheduledThreadPoolExecutor.java:809)
	at java.util.concurrent.ThreadPoolExecutor.getTask(ThreadPoolExecutor.java:1074)
	at java.util.concurrent.ThreadPoolExecutor.runWorker(ThreadPoolExecutor.java:1134)
	at java.util.concurrent.ThreadPoolExecutor$Worker.run(ThreadPoolExecutor.java:624)
	...


"metrics-hadoop-metrics2-reporter-39-thread-1" Id=1891 TIMED_WAITING on java.util.concurrent.locks.AbstractQueuedSynchronizer$ConditionObject@2d5e2581
	at sun.misc.Unsafe.park(Native Method)
	-  waiting on java.util.concurrent.locks.AbstractQueuedSynchronizer$ConditionObject@2d5e2581
	at java.util.concurrent.locks.LockSupport.parkNanos(LockSupport.java:215)
	at java.util.concurrent.locks.AbstractQueuedSynchronizer$ConditionObject.awaitNanos(AbstractQueuedSynchronizer.java:2078)
	at java.util.concurrent.ScheduledThreadPoolExecutor$DelayedWorkQueue.take(ScheduledThreadPoolExecutor.java:1093)
	at java.util.concurrent.ScheduledThreadPoolExecutor$DelayedWorkQueue.take(ScheduledThreadPoolExecutor.java:809)
	at java.util.concurrent.ThreadPoolExecutor.getTask(ThreadPoolExecutor.java:1074)
	at java.util.concurrent.ThreadPoolExecutor.runWorker(ThreadPoolExecutor.java:1134)
	at java.util.concurrent.ThreadPoolExecutor$Worker.run(ThreadPoolExecutor.java:624)
	...


"metrics-hadoop-metrics2-reporter-38-thread-1" Id=1889 TIMED_WAITING on java.util.concurrent.locks.AbstractQueuedSynchronizer$ConditionObject@29cfb56a
	at sun.misc.Unsafe.park(Native Method)
	-  waiting on java.util.concurrent.locks.AbstractQueuedSynchronizer$ConditionObject@29cfb56a
	at java.util.concurrent.locks.LockSupport.parkNanos(LockSupport.java:215)
	at java.util.concurrent.locks.AbstractQueuedSynchronizer$ConditionObject.awaitNanos(AbstractQueuedSynchronizer.java:2078)
	at java.util.concurrent.ScheduledThreadPoolExecutor$DelayedWorkQueue.take(ScheduledThreadPoolExecutor.java:1093)
	at java.util.concurrent.ScheduledThreadPoolExecutor$DelayedWorkQueue.take(ScheduledThreadPoolExecutor.java:809)
	at java.util.concurrent.ThreadPoolExecutor.getTask(ThreadPoolExecutor.java:1074)
	at java.util.concurrent.ThreadPoolExecutor.runWorker(ThreadPoolExecutor.java:1134)
	at java.util.concurrent.ThreadPoolExecutor$Worker.run(ThreadPoolExecutor.java:624)
	...


"metrics-hadoop-metrics2-reporter-37-thread-1" Id=1887 TIMED_WAITING on java.util.concurrent.locks.AbstractQueuedSynchronizer$ConditionObject@7096e287
	at sun.misc.Unsafe.park(Native Method)
	-  waiting on java.util.concurrent.locks.AbstractQueuedSynchronizer$ConditionObject@7096e287
	at java.util.concurrent.locks.LockSupport.parkNanos(LockSupport.java:215)
	at java.util.concurrent.locks.AbstractQueuedSynchronizer$ConditionObject.awaitNanos(AbstractQueuedSynchronizer.java:2078)
	at java.util.concurrent.ScheduledThreadPoolExecutor$DelayedWorkQueue.take(ScheduledThreadPoolExecutor.java:1093)
	at java.util.concurrent.ScheduledThreadPoolExecutor$DelayedWorkQueue.take(ScheduledThreadPoolExecutor.java:809)
	at java.util.concurrent.ThreadPoolExecutor.getTask(ThreadPoolExecutor.java:1074)
	at java.util.concurrent.ThreadPoolExecutor.runWorker(ThreadPoolExecutor.java:1134)
	at java.util.concurrent.ThreadPoolExecutor$Worker.run(ThreadPoolExecutor.java:624)
	...


"metrics-hadoop-metrics2-reporter-36-thread-1" Id=1886 TIMED_WAITING on java.util.concurrent.locks.AbstractQueuedSynchronizer$ConditionObject@2a690ce8
	at sun.misc.Unsafe.park(Native Method)
	-  waiting on java.util.concurrent.locks.AbstractQueuedSynchronizer$ConditionObject@2a690ce8
	at java.util.concurrent.locks.LockSupport.parkNanos(LockSupport.java:215)
	at java.util.concurrent.locks.AbstractQueuedSynchronizer$ConditionObject.awaitNanos(AbstractQueuedSynchronizer.java:2078)
	at java.util.concurrent.ScheduledThreadPoolExecutor$DelayedWorkQueue.take(ScheduledThreadPoolExecutor.java:1093)
	at java.util.concurrent.ScheduledThreadPoolExecutor$DelayedWorkQueue.take(ScheduledThreadPoolExecutor.java:809)
	at java.util.concurrent.ThreadPoolExecutor.getTask(ThreadPoolExecutor.java:1074)
	at java.util.concurrent.ThreadPoolExecutor.runWorker(ThreadPoolExecutor.java:1134)
	at java.util.concurrent.ThreadPoolExecutor$Worker.run(ThreadPoolExecutor.java:624)
	...


"metrics-hadoop-metrics2-reporter-35-thread-1" Id=1884 TIMED_WAITING on java.util.concurrent.locks.AbstractQueuedSynchronizer$ConditionObject@76475609
	at sun.misc.Unsafe.park(Native Method)
	-  waiting on java.util.concurrent.locks.AbstractQueuedSynchronizer$ConditionObject@76475609
	at java.util.concurrent.locks.LockSupport.parkNanos(LockSupport.java:215)
	at java.util.concurrent.locks.AbstractQueuedSynchronizer$ConditionObject.awaitNanos(AbstractQueuedSynchronizer.java:2078)
	at java.util.concurrent.ScheduledThreadPoolExecutor$DelayedWorkQueue.take(ScheduledThreadPoolExecutor.java:1093)
	at java.util.concurrent.ScheduledThreadPoolExecutor$DelayedWorkQueue.take(ScheduledThreadPoolExecutor.java:809)
	at java.util.concurrent.ThreadPoolExecutor.getTask(ThreadPoolExecutor.java:1074)
	at java.util.concurrent.ThreadPoolExecutor.runWorker(ThreadPoolExecutor.java:1134)
	at java.util.concurrent.ThreadPoolExecutor$Worker.run(ThreadPoolExecutor.java:624)
	...


"metrics-hadoop-metrics2-reporter-34-thread-1" Id=1879 TIMED_WAITING on java.util.concurrent.locks.AbstractQueuedSynchronizer$ConditionObject@2277d94e
	at sun.misc.Unsafe.park(Native Method)
	-  waiting on java.util.concurrent.locks.AbstractQueuedSynchronizer$ConditionObject@2277d94e
	at java.util.concurrent.locks.LockSupport.parkNanos(LockSupport.java:215)
	at java.util.concurrent.locks.AbstractQueuedSynchronizer$ConditionObject.awaitNanos(AbstractQueuedSynchronizer.java:2078)
	at java.util.concurrent.ScheduledThreadPoolExecutor$DelayedWorkQueue.take(ScheduledThreadPoolExecutor.java:1093)
	at java.util.concurrent.ScheduledThreadPoolExecutor$DelayedWorkQueue.take(ScheduledThreadPoolExecutor.java:809)
	at java.util.concurrent.ThreadPoolExecutor.getTask(ThreadPoolExecutor.java:1074)
	at java.util.concurrent.ThreadPoolExecutor.runWorker(ThreadPoolExecutor.java:1134)
	at java.util.concurrent.ThreadPoolExecutor$Worker.run(ThreadPoolExecutor.java:624)
	...


"metrics-hadoop-metrics2-reporter-33-thread-1" Id=1481 TIMED_WAITING on java.util.concurrent.locks.AbstractQueuedSynchronizer$ConditionObject@262dd0f0
	at sun.misc.Unsafe.park(Native Method)
	-  waiting on java.util.concurrent.locks.AbstractQueuedSynchronizer$ConditionObject@262dd0f0
	at java.util.concurrent.locks.LockSupport.parkNanos(LockSupport.java:215)
	at java.util.concurrent.locks.AbstractQueuedSynchronizer$ConditionObject.awaitNanos(AbstractQueuedSynchronizer.java:2078)
	at java.util.concurrent.ScheduledThreadPoolExecutor$DelayedWorkQueue.take(ScheduledThreadPoolExecutor.java:1093)
	at java.util.concurrent.ScheduledThreadPoolExecutor$DelayedWorkQueue.take(ScheduledThreadPoolExecutor.java:809)
	at java.util.concurrent.ThreadPoolExecutor.getTask(ThreadPoolExecutor.java:1074)
	at java.util.concurrent.ThreadPoolExecutor.runWorker(ThreadPoolExecutor.java:1134)
	at java.util.concurrent.ThreadPoolExecutor$Worker.run(ThreadPoolExecutor.java:624)
	...


"metrics-hadoop-metrics2-reporter-32-thread-1" Id=886 TIMED_WAITING on java.util.concurrent.locks.AbstractQueuedSynchronizer$ConditionObject@1bb5799b
	at sun.misc.Unsafe.park(Native Method)
	-  waiting on java.util.concurrent.locks.AbstractQueuedSynchronizer$ConditionObject@1bb5799b
	at java.util.concurrent.locks.LockSupport.parkNanos(LockSupport.java:215)
	at java.util.concurrent.locks.AbstractQueuedSynchronizer$ConditionObject.awaitNanos(AbstractQueuedSynchronizer.java:2078)
	at java.util.concurrent.ScheduledThreadPoolExecutor$DelayedWorkQueue.take(ScheduledThreadPoolExecutor.java:1093)
	at java.util.concurrent.ScheduledThreadPoolExecutor$DelayedWorkQueue.take(ScheduledThreadPoolExecutor.java:809)
	at java.util.concurrent.ThreadPoolExecutor.getTask(ThreadPoolExecutor.java:1074)
	at java.util.concurrent.ThreadPoolExecutor.runWorker(ThreadPoolExecutor.java:1134)
	at java.util.concurrent.ThreadPoolExecutor$Worker.run(ThreadPoolExecutor.java:624)
	...


"metrics-hadoop-metrics2-reporter-31-thread-1" Id=845 TIMED_WAITING on java.util.concurrent.locks.AbstractQueuedSynchronizer$ConditionObject@7b82c63d
	at sun.misc.Unsafe.park(Native Method)
	-  waiting on java.util.concurrent.locks.AbstractQueuedSynchronizer$ConditionObject@7b82c63d
	at java.util.concurrent.locks.LockSupport.parkNanos(LockSupport.java:215)
	at java.util.concurrent.locks.AbstractQueuedSynchronizer$ConditionObject.awaitNanos(AbstractQueuedSynchronizer.java:2078)
	at java.util.concurrent.ScheduledThreadPoolExecutor$DelayedWorkQueue.take(ScheduledThreadPoolExecutor.java:1093)
	at java.util.concurrent.ScheduledThreadPoolExecutor$DelayedWorkQueue.take(ScheduledThreadPoolExecutor.java:809)
	at java.util.concurrent.ThreadPoolExecutor.getTask(ThreadPoolExecutor.java:1074)
	at java.util.concurrent.ThreadPoolExecutor.runWorker(ThreadPoolExecutor.java:1134)
	at java.util.concurrent.ThreadPoolExecutor$Worker.run(ThreadPoolExecutor.java:624)
	...


"metrics-hadoop-metrics2-reporter-30-thread-1" Id=843 TIMED_WAITING on java.util.concurrent.locks.AbstractQueuedSynchronizer$ConditionObject@33f1ad47
	at sun.misc.Unsafe.park(Native Method)
	-  waiting on java.util.concurrent.locks.AbstractQueuedSynchronizer$ConditionObject@33f1ad47
	at java.util.concurrent.locks.LockSupport.parkNanos(LockSupport.java:215)
	at java.util.concurrent.locks.AbstractQueuedSynchronizer$ConditionObject.awaitNanos(AbstractQueuedSynchronizer.java:2078)
	at java.util.concurrent.ScheduledThreadPoolExecutor$DelayedWorkQueue.take(ScheduledThreadPoolExecutor.java:1093)
	at java.util.concurrent.ScheduledThreadPoolExecutor$DelayedWorkQueue.take(ScheduledThreadPoolExecutor.java:809)
	at java.util.concurrent.ThreadPoolExecutor.getTask(ThreadPoolExecutor.java:1074)
	at java.util.concurrent.ThreadPoolExecutor.runWorker(ThreadPoolExecutor.java:1134)
	at java.util.concurrent.ThreadPoolExecutor$Worker.run(ThreadPoolExecutor.java:624)
	...


"metrics-hadoop-metrics2-reporter-29-thread-1" Id=841 TIMED_WAITING on java.util.concurrent.locks.AbstractQueuedSynchronizer$ConditionObject@24a94901
	at sun.misc.Unsafe.park(Native Method)
	-  waiting on java.util.concurrent.locks.AbstractQueuedSynchronizer$ConditionObject@24a94901
	at java.util.concurrent.locks.LockSupport.parkNanos(LockSupport.java:215)
	at java.util.concurrent.locks.AbstractQueuedSynchronizer$ConditionObject.awaitNanos(AbstractQueuedSynchronizer.java:2078)
	at java.util.concurrent.ScheduledThreadPoolExecutor$DelayedWorkQueue.take(ScheduledThreadPoolExecutor.java:1093)
	at java.util.concurrent.ScheduledThreadPoolExecutor$DelayedWorkQueue.take(ScheduledThreadPoolExecutor.java:809)
	at java.util.concurrent.ThreadPoolExecutor.getTask(ThreadPoolExecutor.java:1074)
	at java.util.concurrent.ThreadPoolExecutor.runWorker(ThreadPoolExecutor.java:1134)
	at java.util.concurrent.ThreadPoolExecutor$Worker.run(ThreadPoolExecutor.java:624)
	...


"metrics-hadoop-metrics2-reporter-28-thread-1" Id=840 TIMED_WAITING on java.util.concurrent.locks.AbstractQueuedSynchronizer$ConditionObject@146085ae
	at sun.misc.Unsafe.park(Native Method)
	-  waiting on java.util.concurrent.locks.AbstractQueuedSynchronizer$ConditionObject@146085ae
	at java.util.concurrent.locks.LockSupport.parkNanos(LockSupport.java:215)
	at java.util.concurrent.locks.AbstractQueuedSynchronizer$ConditionObject.awaitNanos(AbstractQueuedSynchronizer.java:2078)
	at java.util.concurrent.ScheduledThreadPoolExecutor$DelayedWorkQueue.take(ScheduledThreadPoolExecutor.java:1093)
	at java.util.concurrent.ScheduledThreadPoolExecutor$DelayedWorkQueue.take(ScheduledThreadPoolExecutor.java:809)
	at java.util.concurrent.ThreadPoolExecutor.getTask(ThreadPoolExecutor.java:1074)
	at java.util.concurrent.ThreadPoolExecutor.runWorker(ThreadPoolExecutor.java:1134)
	at java.util.concurrent.ThreadPoolExecutor$Worker.run(ThreadPoolExecutor.java:624)
	...


"metrics-hadoop-metrics2-reporter-27-thread-1" Id=835 TIMED_WAITING on java.util.concurrent.locks.AbstractQueuedSynchronizer$ConditionObject@793e1a31
	at sun.misc.Unsafe.park(Native Method)
	-  waiting on java.util.concurrent.locks.AbstractQueuedSynchronizer$ConditionObject@793e1a31
	at java.util.concurrent.locks.LockSupport.parkNanos(LockSupport.java:215)
	at java.util.concurrent.locks.AbstractQueuedSynchronizer$ConditionObject.awaitNanos(AbstractQueuedSynchronizer.java:2078)
	at java.util.concurrent.ScheduledThreadPoolExecutor$DelayedWorkQueue.take(ScheduledThreadPoolExecutor.java:1093)
	at java.util.concurrent.ScheduledThreadPoolExecutor$DelayedWorkQueue.take(ScheduledThreadPoolExecutor.java:809)
	at java.util.concurrent.ThreadPoolExecutor.getTask(ThreadPoolExecutor.java:1074)
	at java.util.concurrent.ThreadPoolExecutor.runWorker(ThreadPoolExecutor.java:1134)
	at java.util.concurrent.ThreadPoolExecutor$Worker.run(ThreadPoolExecutor.java:624)
	...


"metrics-hadoop-metrics2-reporter-26-thread-1" Id=833 TIMED_WAITING on java.util.concurrent.locks.AbstractQueuedSynchronizer$ConditionObject@479b0bc4
	at sun.misc.Unsafe.park(Native Method)
	-  waiting on java.util.concurrent.locks.AbstractQueuedSynchronizer$ConditionObject@479b0bc4
	at java.util.concurrent.locks.LockSupport.parkNanos(LockSupport.java:215)
	at java.util.concurrent.locks.AbstractQueuedSynchronizer$ConditionObject.awaitNanos(AbstractQueuedSynchronizer.java:2078)
	at java.util.concurrent.ScheduledThreadPoolExecutor$DelayedWorkQueue.take(ScheduledThreadPoolExecutor.java:1093)
	at java.util.concurrent.ScheduledThreadPoolExecutor$DelayedWorkQueue.take(ScheduledThreadPoolExecutor.java:809)
	at java.util.concurrent.ThreadPoolExecutor.getTask(ThreadPoolExecutor.java:1074)
	at java.util.concurrent.ThreadPoolExecutor.runWorker(ThreadPoolExecutor.java:1134)
	at java.util.concurrent.ThreadPoolExecutor$Worker.run(ThreadPoolExecutor.java:624)
	...


"metrics-hadoop-metrics2-reporter-25-thread-1" Id=831 TIMED_WAITING on java.util.concurrent.locks.AbstractQueuedSynchronizer$ConditionObject@2994b377
	at sun.misc.Unsafe.park(Native Method)
	-  waiting on java.util.concurrent.locks.AbstractQueuedSynchronizer$ConditionObject@2994b377
	at java.util.concurrent.locks.LockSupport.parkNanos(LockSupport.java:215)
	at java.util.concurrent.locks.AbstractQueuedSynchronizer$ConditionObject.awaitNanos(AbstractQueuedSynchronizer.java:2078)
	at java.util.concurrent.ScheduledThreadPoolExecutor$DelayedWorkQueue.take(ScheduledThreadPoolExecutor.java:1093)
	at java.util.concurrent.ScheduledThreadPoolExecutor$DelayedWorkQueue.take(ScheduledThreadPoolExecutor.java:809)
	at java.util.concurrent.ThreadPoolExecutor.getTask(ThreadPoolExecutor.java:1074)
	at java.util.concurrent.ThreadPoolExecutor.runWorker(ThreadPoolExecutor.java:1134)
	at java.util.concurrent.ThreadPoolExecutor$Worker.run(ThreadPoolExecutor.java:624)
	...


"metrics-hadoop-metrics2-reporter-24-thread-1" Id=830 TIMED_WAITING on java.util.concurrent.locks.AbstractQueuedSynchronizer$ConditionObject@39c90e1e
	at sun.misc.Unsafe.park(Native Method)
	-  waiting on java.util.concurrent.locks.AbstractQueuedSynchronizer$ConditionObject@39c90e1e
	at java.util.concurrent.locks.LockSupport.parkNanos(LockSupport.java:215)
	at java.util.concurrent.locks.AbstractQueuedSynchronizer$ConditionObject.awaitNanos(AbstractQueuedSynchronizer.java:2078)
	at java.util.concurrent.ScheduledThreadPoolExecutor$DelayedWorkQueue.take(ScheduledThreadPoolExecutor.java:1093)
	at java.util.concurrent.ScheduledThreadPoolExecutor$DelayedWorkQueue.take(ScheduledThreadPoolExecutor.java:809)
	at java.util.concurrent.ThreadPoolExecutor.getTask(ThreadPoolExecutor.java:1074)
	at java.util.concurrent.ThreadPoolExecutor.runWorker(ThreadPoolExecutor.java:1134)
	at java.util.concurrent.ThreadPoolExecutor$Worker.run(ThreadPoolExecutor.java:624)
	...


"metrics-hadoop-metrics2-reporter-23-thread-1" Id=828 TIMED_WAITING on java.util.concurrent.locks.AbstractQueuedSynchronizer$ConditionObject@302f7484
	at sun.misc.Unsafe.park(Native Method)
	-  waiting on java.util.concurrent.locks.AbstractQueuedSynchronizer$ConditionObject@302f7484
	at java.util.concurrent.locks.LockSupport.parkNanos(LockSupport.java:215)
	at java.util.concurrent.locks.AbstractQueuedSynchronizer$ConditionObject.awaitNanos(AbstractQueuedSynchronizer.java:2078)
	at java.util.concurrent.ScheduledThreadPoolExecutor$DelayedWorkQueue.take(ScheduledThreadPoolExecutor.java:1093)
	at java.util.concurrent.ScheduledThreadPoolExecutor$DelayedWorkQueue.take(ScheduledThreadPoolExecutor.java:809)
	at java.util.concurrent.ThreadPoolExecutor.getTask(ThreadPoolExecutor.java:1074)
	at java.util.concurrent.ThreadPoolExecutor.runWorker(ThreadPoolExecutor.java:1134)
	at java.util.concurrent.ThreadPoolExecutor$Worker.run(ThreadPoolExecutor.java:624)
	...


"metrics-hadoop-metrics2-reporter-22-thread-1" Id=825 TIMED_WAITING on java.util.concurrent.locks.AbstractQueuedSynchronizer$ConditionObject@2ff59c6e
	at sun.misc.Unsafe.park(Native Method)
	-  waiting on java.util.concurrent.locks.AbstractQueuedSynchronizer$ConditionObject@2ff59c6e
	at java.util.concurrent.locks.LockSupport.parkNanos(LockSupport.java:215)
	at java.util.concurrent.locks.AbstractQueuedSynchronizer$ConditionObject.awaitNanos(AbstractQueuedSynchronizer.java:2078)
	at java.util.concurrent.ScheduledThreadPoolExecutor$DelayedWorkQueue.take(ScheduledThreadPoolExecutor.java:1093)
	at java.util.concurrent.ScheduledThreadPoolExecutor$DelayedWorkQueue.take(ScheduledThreadPoolExecutor.java:809)
	at java.util.concurrent.ThreadPoolExecutor.getTask(ThreadPoolExecutor.java:1074)
	at java.util.concurrent.ThreadPoolExecutor.runWorker(ThreadPoolExecutor.java:1134)
	at java.util.concurrent.ThreadPoolExecutor$Worker.run(ThreadPoolExecutor.java:624)
	...


"metrics-hadoop-metrics2-reporter-21-thread-1" Id=820 TIMED_WAITING on java.util.concurrent.locks.AbstractQueuedSynchronizer$ConditionObject@23769dec
	at sun.misc.Unsafe.park(Native Method)
	-  waiting on java.util.concurrent.locks.AbstractQueuedSynchronizer$ConditionObject@23769dec
	at java.util.concurrent.locks.LockSupport.parkNanos(LockSupport.java:215)
	at java.util.concurrent.locks.AbstractQueuedSynchronizer$ConditionObject.awaitNanos(AbstractQueuedSynchronizer.java:2078)
	at java.util.concurrent.ScheduledThreadPoolExecutor$DelayedWorkQueue.take(ScheduledThreadPoolExecutor.java:1093)
	at java.util.concurrent.ScheduledThreadPoolExecutor$DelayedWorkQueue.take(ScheduledThreadPoolExecutor.java:809)
	at java.util.concurrent.ThreadPoolExecutor.getTask(ThreadPoolExecutor.java:1074)
	at java.util.concurrent.ThreadPoolExecutor.runWorker(ThreadPoolExecutor.java:1134)
	at java.util.concurrent.ThreadPoolExecutor$Worker.run(ThreadPoolExecutor.java:624)
	...


"metrics-hadoop-metrics2-reporter-20-thread-1" Id=818 TIMED_WAITING on java.util.concurrent.locks.AbstractQueuedSynchronizer$ConditionObject@52bece62
	at sun.misc.Unsafe.park(Native Method)
	-  waiting on java.util.concurrent.locks.AbstractQueuedSynchronizer$ConditionObject@52bece62
	at java.util.concurrent.locks.LockSupport.parkNanos(LockSupport.java:215)
	at java.util.concurrent.locks.AbstractQueuedSynchronizer$ConditionObject.awaitNanos(AbstractQueuedSynchronizer.java:2078)
	at java.util.concurrent.ScheduledThreadPoolExecutor$DelayedWorkQueue.take(ScheduledThreadPoolExecutor.java:1093)
	at java.util.concurrent.ScheduledThreadPoolExecutor$DelayedWorkQueue.take(ScheduledThreadPoolExecutor.java:809)
	at java.util.concurrent.ThreadPoolExecutor.getTask(ThreadPoolExecutor.java:1074)
	at java.util.concurrent.ThreadPoolExecutor.runWorker(ThreadPoolExecutor.java:1134)
	at java.util.concurrent.ThreadPoolExecutor$Worker.run(ThreadPoolExecutor.java:624)
	...


"metrics-hadoop-metrics2-reporter-19-thread-1" Id=804 TIMED_WAITING on java.util.concurrent.locks.AbstractQueuedSynchronizer$ConditionObject@298c9714
	at sun.misc.Unsafe.park(Native Method)
	-  waiting on java.util.concurrent.locks.AbstractQueuedSynchronizer$ConditionObject@298c9714
	at java.util.concurrent.locks.LockSupport.parkNanos(LockSupport.java:215)
	at java.util.concurrent.locks.AbstractQueuedSynchronizer$ConditionObject.awaitNanos(AbstractQueuedSynchronizer.java:2078)
	at java.util.concurrent.ScheduledThreadPoolExecutor$DelayedWorkQueue.take(ScheduledThreadPoolExecutor.java:1093)
	at java.util.concurrent.ScheduledThreadPoolExecutor$DelayedWorkQueue.take(ScheduledThreadPoolExecutor.java:809)
	at java.util.concurrent.ThreadPoolExecutor.getTask(ThreadPoolExecutor.java:1074)
	at java.util.concurrent.ThreadPoolExecutor.runWorker(ThreadPoolExecutor.java:1134)
	at java.util.concurrent.ThreadPoolExecutor$Worker.run(ThreadPoolExecutor.java:624)
	...


"metrics-hadoop-metrics2-reporter-18-thread-1" Id=802 TIMED_WAITING on java.util.concurrent.locks.AbstractQueuedSynchronizer$ConditionObject@40c490e3
	at sun.misc.Unsafe.park(Native Method)
	-  waiting on java.util.concurrent.locks.AbstractQueuedSynchronizer$ConditionObject@40c490e3
	at java.util.concurrent.locks.LockSupport.parkNanos(LockSupport.java:215)
	at java.util.concurrent.locks.AbstractQueuedSynchronizer$ConditionObject.awaitNanos(AbstractQueuedSynchronizer.java:2078)
	at java.util.concurrent.ScheduledThreadPoolExecutor$DelayedWorkQueue.take(ScheduledThreadPoolExecutor.java:1093)
	at java.util.concurrent.ScheduledThreadPoolExecutor$DelayedWorkQueue.take(ScheduledThreadPoolExecutor.java:809)
	at java.util.concurrent.ThreadPoolExecutor.getTask(ThreadPoolExecutor.java:1074)
	at java.util.concurrent.ThreadPoolExecutor.runWorker(ThreadPoolExecutor.java:1134)
	at java.util.concurrent.ThreadPoolExecutor$Worker.run(ThreadPoolExecutor.java:624)
	...


"metrics-hadoop-metrics2-reporter-17-thread-1" Id=716 TIMED_WAITING on java.util.concurrent.locks.AbstractQueuedSynchronizer$ConditionObject@d4aeaf8
	at sun.misc.Unsafe.park(Native Method)
	-  waiting on java.util.concurrent.locks.AbstractQueuedSynchronizer$ConditionObject@d4aeaf8
	at java.util.concurrent.locks.LockSupport.parkNanos(LockSupport.java:215)
	at java.util.concurrent.locks.AbstractQueuedSynchronizer$ConditionObject.awaitNanos(AbstractQueuedSynchronizer.java:2078)
	at java.util.concurrent.ScheduledThreadPoolExecutor$DelayedWorkQueue.take(ScheduledThreadPoolExecutor.java:1093)
	at java.util.concurrent.ScheduledThreadPoolExecutor$DelayedWorkQueue.take(ScheduledThreadPoolExecutor.java:809)
	at java.util.concurrent.ThreadPoolExecutor.getTask(ThreadPoolExecutor.java:1074)
	at java.util.concurrent.ThreadPoolExecutor.runWorker(ThreadPoolExecutor.java:1134)
	at java.util.concurrent.ThreadPoolExecutor$Worker.run(ThreadPoolExecutor.java:624)
	...


"metrics-hadoop-metrics2-reporter-16-thread-1" Id=699 TIMED_WAITING on java.util.concurrent.locks.AbstractQueuedSynchronizer$ConditionObject@27edc7e6
	at sun.misc.Unsafe.park(Native Method)
	-  waiting on java.util.concurrent.locks.AbstractQueuedSynchronizer$ConditionObject@27edc7e6
	at java.util.concurrent.locks.LockSupport.parkNanos(LockSupport.java:215)
	at java.util.concurrent.locks.AbstractQueuedSynchronizer$ConditionObject.awaitNanos(AbstractQueuedSynchronizer.java:2078)
	at java.util.concurrent.ScheduledThreadPoolExecutor$DelayedWorkQueue.take(ScheduledThreadPoolExecutor.java:1093)
	at java.util.concurrent.ScheduledThreadPoolExecutor$DelayedWorkQueue.take(ScheduledThreadPoolExecutor.java:809)
	at java.util.concurrent.ThreadPoolExecutor.getTask(ThreadPoolExecutor.java:1074)
	at java.util.concurrent.ThreadPoolExecutor.runWorker(ThreadPoolExecutor.java:1134)
	at java.util.concurrent.ThreadPoolExecutor$Worker.run(ThreadPoolExecutor.java:624)
	...


"metrics-hadoop-metrics2-reporter-15-thread-1" Id=697 TIMED_WAITING on java.util.concurrent.locks.AbstractQueuedSynchronizer$ConditionObject@46d0dfb6
	at sun.misc.Unsafe.park(Native Method)
	-  waiting on java.util.concurrent.locks.AbstractQueuedSynchronizer$ConditionObject@46d0dfb6
	at java.util.concurrent.locks.LockSupport.parkNanos(LockSupport.java:215)
	at java.util.concurrent.locks.AbstractQueuedSynchronizer$ConditionObject.awaitNanos(AbstractQueuedSynchronizer.java:2078)
	at java.util.concurrent.ScheduledThreadPoolExecutor$DelayedWorkQueue.take(ScheduledThreadPoolExecutor.java:1093)
	at java.util.concurrent.ScheduledThreadPoolExecutor$DelayedWorkQueue.take(ScheduledThreadPoolExecutor.java:809)
	at java.util.concurrent.ThreadPoolExecutor.getTask(ThreadPoolExecutor.java:1074)
	at java.util.concurrent.ThreadPoolExecutor.runWorker(ThreadPoolExecutor.java:1134)
	at java.util.concurrent.ThreadPoolExecutor$Worker.run(ThreadPoolExecutor.java:624)
	...


"metrics-hadoop-metrics2-reporter-14-thread-1" Id=694 TIMED_WAITING on java.util.concurrent.locks.AbstractQueuedSynchronizer$ConditionObject@43fc6da2
	at sun.misc.Unsafe.park(Native Method)
	-  waiting on java.util.concurrent.locks.AbstractQueuedSynchronizer$ConditionObject@43fc6da2
	at java.util.concurrent.locks.LockSupport.parkNanos(LockSupport.java:215)
	at java.util.concurrent.locks.AbstractQueuedSynchronizer$ConditionObject.awaitNanos(AbstractQueuedSynchronizer.java:2078)
	at java.util.concurrent.ScheduledThreadPoolExecutor$DelayedWorkQueue.take(ScheduledThreadPoolExecutor.java:1093)
	at java.util.concurrent.ScheduledThreadPoolExecutor$DelayedWorkQueue.take(ScheduledThreadPoolExecutor.java:809)
	at java.util.concurrent.ThreadPoolExecutor.getTask(ThreadPoolExecutor.java:1074)
	at java.util.concurrent.ThreadPoolExecutor.runWorker(ThreadPoolExecutor.java:1134)
	at java.util.concurrent.ThreadPoolExecutor$Worker.run(ThreadPoolExecutor.java:624)
	...


"metrics-hadoop-metrics2-reporter-13-thread-1" Id=692 TIMED_WAITING on java.util.concurrent.locks.AbstractQueuedSynchronizer$ConditionObject@2d87b0a1
	at sun.misc.Unsafe.park(Native Method)
	-  waiting on java.util.concurrent.locks.AbstractQueuedSynchronizer$ConditionObject@2d87b0a1
	at java.util.concurrent.locks.LockSupport.parkNanos(LockSupport.java:215)
	at java.util.concurrent.locks.AbstractQueuedSynchronizer$ConditionObject.awaitNanos(AbstractQueuedSynchronizer.java:2078)
	at java.util.concurrent.ScheduledThreadPoolExecutor$DelayedWorkQueue.take(ScheduledThreadPoolExecutor.java:1093)
	at java.util.concurrent.ScheduledThreadPoolExecutor$DelayedWorkQueue.take(ScheduledThreadPoolExecutor.java:809)
	at java.util.concurrent.ThreadPoolExecutor.getTask(ThreadPoolExecutor.java:1074)
	at java.util.concurrent.ThreadPoolExecutor.runWorker(ThreadPoolExecutor.java:1134)
	at java.util.concurrent.ThreadPoolExecutor$Worker.run(ThreadPoolExecutor.java:624)
	...


"metrics-hadoop-metrics2-reporter-12-thread-1" Id=691 TIMED_WAITING on java.util.concurrent.locks.AbstractQueuedSynchronizer$ConditionObject@641c9000
	at sun.misc.Unsafe.park(Native Method)
	-  waiting on java.util.concurrent.locks.AbstractQueuedSynchronizer$ConditionObject@641c9000
	at java.util.concurrent.locks.LockSupport.parkNanos(LockSupport.java:215)
	at java.util.concurrent.locks.AbstractQueuedSynchronizer$ConditionObject.awaitNanos(AbstractQueuedSynchronizer.java:2078)
	at java.util.concurrent.ScheduledThreadPoolExecutor$DelayedWorkQueue.take(ScheduledThreadPoolExecutor.java:1093)
	at java.util.concurrent.ScheduledThreadPoolExecutor$DelayedWorkQueue.take(ScheduledThreadPoolExecutor.java:809)
	at java.util.concurrent.ThreadPoolExecutor.getTask(ThreadPoolExecutor.java:1074)
	at java.util.concurrent.ThreadPoolExecutor.runWorker(ThreadPoolExecutor.java:1134)
	at java.util.concurrent.ThreadPoolExecutor$Worker.run(ThreadPoolExecutor.java:624)
	...


"metrics-hadoop-metrics2-reporter-11-thread-1" Id=688 TIMED_WAITING on java.util.concurrent.locks.AbstractQueuedSynchronizer$ConditionObject@2471de5a
	at sun.misc.Unsafe.park(Native Method)
	-  waiting on java.util.concurrent.locks.AbstractQueuedSynchronizer$ConditionObject@2471de5a
	at java.util.concurrent.locks.LockSupport.parkNanos(LockSupport.java:215)
	at java.util.concurrent.locks.AbstractQueuedSynchronizer$ConditionObject.awaitNanos(AbstractQueuedSynchronizer.java:2078)
	at java.util.concurrent.ScheduledThreadPoolExecutor$DelayedWorkQueue.take(ScheduledThreadPoolExecutor.java:1093)
	at java.util.concurrent.ScheduledThreadPoolExecutor$DelayedWorkQueue.take(ScheduledThreadPoolExecutor.java:809)
	at java.util.concurrent.ThreadPoolExecutor.getTask(ThreadPoolExecutor.java:1074)
	at java.util.concurrent.ThreadPoolExecutor.runWorker(ThreadPoolExecutor.java:1134)
	at java.util.concurrent.ThreadPoolExecutor$Worker.run(ThreadPoolExecutor.java:624)
	...


"metrics-hadoop-metrics2-reporter-10-thread-1" Id=73 TIMED_WAITING on java.util.concurrent.locks.AbstractQueuedSynchronizer$ConditionObject@144e8280
	at sun.misc.Unsafe.park(Native Method)
	-  waiting on java.util.concurrent.locks.AbstractQueuedSynchronizer$ConditionObject@144e8280
	at java.util.concurrent.locks.LockSupport.parkNanos(LockSupport.java:215)
	at java.util.concurrent.locks.AbstractQueuedSynchronizer$ConditionObject.awaitNanos(AbstractQueuedSynchronizer.java:2078)
	at java.util.concurrent.ScheduledThreadPoolExecutor$DelayedWorkQueue.take(ScheduledThreadPoolExecutor.java:1093)
	at java.util.concurrent.ScheduledThreadPoolExecutor$DelayedWorkQueue.take(ScheduledThreadPoolExecutor.java:809)
	at java.util.concurrent.ThreadPoolExecutor.getTask(ThreadPoolExecutor.java:1074)
	at java.util.concurrent.ThreadPoolExecutor.runWorker(ThreadPoolExecutor.java:1134)
	at java.util.concurrent.ThreadPoolExecutor$Worker.run(ThreadPoolExecutor.java:624)
	...


"metrics-hadoop-metrics2-reporter-9-thread-1" Id=40 TIMED_WAITING on java.util.concurrent.locks.AbstractQueuedSynchronizer$ConditionObject@3e670d5d
	at sun.misc.Unsafe.park(Native Method)
	-  waiting on java.util.concurrent.locks.AbstractQueuedSynchronizer$ConditionObject@3e670d5d
	at java.util.concurrent.locks.LockSupport.parkNanos(LockSupport.java:215)
	at java.util.concurrent.locks.AbstractQueuedSynchronizer$ConditionObject.awaitNanos(AbstractQueuedSynchronizer.java:2078)
	at java.util.concurrent.ScheduledThreadPoolExecutor$DelayedWorkQueue.take(ScheduledThreadPoolExecutor.java:1093)
	at java.util.concurrent.ScheduledThreadPoolExecutor$DelayedWorkQueue.take(ScheduledThreadPoolExecutor.java:809)
	at java.util.concurrent.ThreadPoolExecutor.getTask(ThreadPoolExecutor.java:1074)
	at java.util.concurrent.ThreadPoolExecutor.runWorker(ThreadPoolExecutor.java:1134)
	at java.util.concurrent.ThreadPoolExecutor$Worker.run(ThreadPoolExecutor.java:624)
	...


"metrics-hadoop-metrics2-reporter-8-thread-1" Id=38 TIMED_WAITING on java.util.concurrent.locks.AbstractQueuedSynchronizer$ConditionObject@3b1284f4
	at sun.misc.Unsafe.park(Native Method)
	-  waiting on java.util.concurrent.locks.AbstractQueuedSynchronizer$ConditionObject@3b1284f4
	at java.util.concurrent.locks.LockSupport.parkNanos(LockSupport.java:215)
	at java.util.concurrent.locks.AbstractQueuedSynchronizer$ConditionObject.awaitNanos(AbstractQueuedSynchronizer.java:2078)
	at java.util.concurrent.ScheduledThreadPoolExecutor$DelayedWorkQueue.take(ScheduledThreadPoolExecutor.java:1093)
	at java.util.concurrent.ScheduledThreadPoolExecutor$DelayedWorkQueue.take(ScheduledThreadPoolExecutor.java:809)
	at java.util.concurrent.ThreadPoolExecutor.getTask(ThreadPoolExecutor.java:1074)
	at java.util.concurrent.ThreadPoolExecutor.runWorker(ThreadPoolExecutor.java:1134)
	at java.util.concurrent.ThreadPoolExecutor$Worker.run(ThreadPoolExecutor.java:624)
	...


"metrics-hadoop-metrics2-reporter-7-thread-1" Id=35 TIMED_WAITING on java.util.concurrent.locks.AbstractQueuedSynchronizer$ConditionObject@3ba47940
	at sun.misc.Unsafe.park(Native Method)
	-  waiting on java.util.concurrent.locks.AbstractQueuedSynchronizer$ConditionObject@3ba47940
	at java.util.concurrent.locks.LockSupport.parkNanos(LockSupport.java:215)
	at java.util.concurrent.locks.AbstractQueuedSynchronizer$ConditionObject.awaitNanos(AbstractQueuedSynchronizer.java:2078)
	at java.util.concurrent.ScheduledThreadPoolExecutor$DelayedWorkQueue.take(ScheduledThreadPoolExecutor.java:1093)
	at java.util.concurrent.ScheduledThreadPoolExecutor$DelayedWorkQueue.take(ScheduledThreadPoolExecutor.java:809)
	at java.util.concurrent.ThreadPoolExecutor.getTask(ThreadPoolExecutor.java:1074)
	at java.util.concurrent.ThreadPoolExecutor.runWorker(ThreadPoolExecutor.java:1134)
	at java.util.concurrent.ThreadPoolExecutor$Worker.run(ThreadPoolExecutor.java:624)
	...


"metrics-hadoop-metrics2-reporter-4-thread-1" Id=33 TIMED_WAITING on java.util.concurrent.locks.AbstractQueuedSynchronizer$ConditionObject@5b9ea636
	at sun.misc.Unsafe.park(Native Method)
	-  waiting on java.util.concurrent.locks.AbstractQueuedSynchronizer$ConditionObject@5b9ea636
	at java.util.concurrent.locks.LockSupport.parkNanos(LockSupport.java:215)
	at java.util.concurrent.locks.AbstractQueuedSynchronizer$ConditionObject.awaitNanos(AbstractQueuedSynchronizer.java:2078)
	at java.util.concurrent.ScheduledThreadPoolExecutor$DelayedWorkQueue.take(ScheduledThreadPoolExecutor.java:1093)
	at java.util.concurrent.ScheduledThreadPoolExecutor$DelayedWorkQueue.take(ScheduledThreadPoolExecutor.java:809)
	at java.util.concurrent.ThreadPoolExecutor.getTask(ThreadPoolExecutor.java:1074)
	at java.util.concurrent.ThreadPoolExecutor.runWorker(ThreadPoolExecutor.java:1134)
	at java.util.concurrent.ThreadPoolExecutor$Worker.run(ThreadPoolExecutor.java:624)
	...


"metrics-hadoop-metrics2-reporter-6-thread-1" Id=32 TIMED_WAITING on java.util.concurrent.locks.AbstractQueuedSynchronizer$ConditionObject@5d1545fd
	at sun.misc.Unsafe.park(Native Method)
	-  waiting on java.util.concurrent.locks.AbstractQueuedSynchronizer$ConditionObject@5d1545fd
	at java.util.concurrent.locks.LockSupport.parkNanos(LockSupport.java:215)
	at java.util.concurrent.locks.AbstractQueuedSynchronizer$ConditionObject.awaitNanos(AbstractQueuedSynchronizer.java:2078)
	at java.util.concurrent.ScheduledThreadPoolExecutor$DelayedWorkQueue.take(ScheduledThreadPoolExecutor.java:1093)
	at java.util.concurrent.ScheduledThreadPoolExecutor$DelayedWorkQueue.take(ScheduledThreadPoolExecutor.java:809)
	at java.util.concurrent.ThreadPoolExecutor.getTask(ThreadPoolExecutor.java:1074)
	at java.util.concurrent.ThreadPoolExecutor.runWorker(ThreadPoolExecutor.java:1134)
	at java.util.concurrent.ThreadPoolExecutor$Worker.run(ThreadPoolExecutor.java:624)
	...


"metrics-hadoop-metrics2-reporter-5-thread-1" Id=31 TIMED_WAITING on java.util.concurrent.locks.AbstractQueuedSynchronizer$ConditionObject@728f4f8f
	at sun.misc.Unsafe.park(Native Method)
	-  waiting on java.util.concurrent.locks.AbstractQueuedSynchronizer$ConditionObject@728f4f8f
	at java.util.concurrent.locks.LockSupport.parkNanos(LockSupport.java:215)
	at java.util.concurrent.locks.AbstractQueuedSynchronizer$ConditionObject.awaitNanos(AbstractQueuedSynchronizer.java:2078)
	at java.util.concurrent.ScheduledThreadPoolExecutor$DelayedWorkQueue.take(ScheduledThreadPoolExecutor.java:1093)
	at java.util.concurrent.ScheduledThreadPoolExecutor$DelayedWorkQueue.take(ScheduledThreadPoolExecutor.java:809)
	at java.util.concurrent.ThreadPoolExecutor.getTask(ThreadPoolExecutor.java:1074)
	at java.util.concurrent.ThreadPoolExecutor.runWorker(ThreadPoolExecutor.java:1134)
	at java.util.concurrent.ThreadPoolExecutor$Worker.run(ThreadPoolExecutor.java:624)
	...


"metrics-hadoop-metrics2-reporter-1-thread-1" Id=24 TIMED_WAITING on java.util.concurrent.locks.AbstractQueuedSynchronizer$ConditionObject@6af956e7
	at sun.misc.Unsafe.park(Native Method)
	-  waiting on java.util.concurrent.locks.AbstractQueuedSynchronizer$ConditionObject@6af956e7
	at java.util.concurrent.locks.LockSupport.parkNanos(LockSupport.java:215)
	at java.util.concurrent.locks.AbstractQueuedSynchronizer$ConditionObject.awaitNanos(AbstractQueuedSynchronizer.java:2078)
	at java.util.concurrent.ScheduledThreadPoolExecutor$DelayedWorkQueue.take(ScheduledThreadPoolExecutor.java:1093)
	at java.util.concurrent.ScheduledThreadPoolExecutor$DelayedWorkQueue.take(ScheduledThreadPoolExecutor.java:809)
	at java.util.concurrent.ThreadPoolExecutor.getTask(ThreadPoolExecutor.java:1074)
	at java.util.concurrent.ThreadPoolExecutor.runWorker(ThreadPoolExecutor.java:1134)
	at java.util.concurrent.ThreadPoolExecutor$Worker.run(ThreadPoolExecutor.java:624)
	...


"metrics-hadoop-metrics2-reporter-3-thread-1" Id=23 TIMED_WAITING on java.util.concurrent.locks.AbstractQueuedSynchronizer$ConditionObject@44f8e298
	at sun.misc.Unsafe.park(Native Method)
	-  waiting on java.util.concurrent.locks.AbstractQueuedSynchronizer$ConditionObject@44f8e298
	at java.util.concurrent.locks.LockSupport.parkNanos(LockSupport.java:215)
	at java.util.concurrent.locks.AbstractQueuedSynchronizer$ConditionObject.awaitNanos(AbstractQueuedSynchronizer.java:2078)
	at java.util.concurrent.ScheduledThreadPoolExecutor$DelayedWorkQueue.take(ScheduledThreadPoolExecutor.java:1093)
	at java.util.concurrent.ScheduledThreadPoolExecutor$DelayedWorkQueue.take(ScheduledThreadPoolExecutor.java:809)
	at java.util.concurrent.ThreadPoolExecutor.getTask(ThreadPoolExecutor.java:1074)
	at java.util.concurrent.ThreadPoolExecutor.runWorker(ThreadPoolExecutor.java:1134)
	at java.util.concurrent.ThreadPoolExecutor$Worker.run(ThreadPoolExecutor.java:624)
	...


"metrics-hadoop-metrics2-reporter-2-thread-1" Id=22 TIMED_WAITING on java.util.concurrent.locks.AbstractQueuedSynchronizer$ConditionObject@33b56d57
	at sun.misc.Unsafe.park(Native Method)
	-  waiting on java.util.concurrent.locks.AbstractQueuedSynchronizer$ConditionObject@33b56d57
	at java.util.concurrent.locks.LockSupport.parkNanos(LockSupport.java:215)
	at java.util.concurrent.locks.AbstractQueuedSynchronizer$ConditionObject.awaitNanos(AbstractQueuedSynchronizer.java:2078)
	at java.util.concurrent.ScheduledThreadPoolExecutor$DelayedWorkQueue.take(ScheduledThreadPoolExecutor.java:1093)
	at java.util.concurrent.ScheduledThreadPoolExecutor$DelayedWorkQueue.take(ScheduledThreadPoolExecutor.java:809)
	at java.util.concurrent.ThreadPoolExecutor.getTask(ThreadPoolExecutor.java:1074)
	at java.util.concurrent.ThreadPoolExecutor.runWorker(ThreadPoolExecutor.java:1134)
	at java.util.concurrent.ThreadPoolExecutor$Worker.run(ThreadPoolExecutor.java:624)
	...


"Timer for 'ratis' metrics system" Id=21 TIMED_WAITING on java.util.TaskQueue@3b4ebf99
	at java.lang.Object.wait(Native Method)
	-  waiting on java.util.TaskQueue@3b4ebf99
	at java.util.TimerThread.mainLoop(Timer.java:552)
	at java.util.TimerThread.run(Timer.java:505)


"process reaper" Id=11 TIMED_WAITING on java.util.concurrent.SynchronousQueue$TransferStack@1ba08879
	at sun.misc.Unsafe.park(Native Method)
	-  waiting on java.util.concurrent.SynchronousQueue$TransferStack@1ba08879
	at java.util.concurrent.locks.LockSupport.parkNanos(LockSupport.java:215)
	at java.util.concurrent.SynchronousQueue$TransferStack.awaitFulfill(SynchronousQueue.java:460)
	at java.util.concurrent.SynchronousQueue$TransferStack.transfer(SynchronousQueue.java:362)
	at java.util.concurrent.SynchronousQueue.poll(SynchronousQueue.java:941)
	at java.util.concurrent.ThreadPoolExecutor.getTask(ThreadPoolExecutor.java:1073)
	at java.util.concurrent.ThreadPoolExecutor.runWorker(ThreadPoolExecutor.java:1134)
	at java.util.concurrent.ThreadPoolExecutor$Worker.run(ThreadPoolExecutor.java:624)
	...


"surefire-forkedjvm-ping-30s" Id=9 TIMED_WAITING on java.util.concurrent.locks.AbstractQueuedSynchronizer$ConditionObject@184f45b7
	at sun.misc.Unsafe.park(Native Method)
	-  waiting on java.util.concurrent.locks.AbstractQueuedSynchronizer$ConditionObject@184f45b7
	at java.util.concurrent.locks.LockSupport.parkNanos(LockSupport.java:215)
	at java.util.concurrent.locks.AbstractQueuedSynchronizer$ConditionObject.awaitNanos(AbstractQueuedSynchronizer.java:2078)
	at java.util.concurrent.ScheduledThreadPoolExecutor$DelayedWorkQueue.take(ScheduledThreadPoolExecutor.java:1093)
	at java.util.concurrent.ScheduledThreadPoolExecutor$DelayedWorkQueue.take(ScheduledThreadPoolExecutor.java:809)
	at java.util.concurrent.ThreadPoolExecutor.getTask(ThreadPoolExecutor.java:1074)
	at java.util.concurrent.ThreadPoolExecutor.runWorker(ThreadPoolExecutor.java:1134)
	at java.util.concurrent.ThreadPoolExecutor$Worker.run(ThreadPoolExecutor.java:624)
	...


"surefire-forkedjvm-command-thread" Id=8 RUNNABLE (in native)
	at java.io.FileInputStream.readBytes(Native Method)
	at java.io.FileInputStream.read(FileInputStream.java:255)
	at java.io.BufferedInputStream.fill(BufferedInputStream.java:246)
	at java.io.BufferedInputStream.read(BufferedInputStream.java:265)
	-  locked java.io.BufferedInputStream@884c3c
	at java.io.DataInputStream.readInt(DataInputStream.java:387)
	at org.apache.maven.surefire.booter.MasterProcessCommand.decode(MasterProcessCommand.java:115)
	at org.apache.maven.surefire.booter.CommandReader$CommandRunnable.run(CommandReader.java:390)
	at java.lang.Thread.run(Thread.java:748)


"Signal Dispatcher" Id=4 RUNNABLE


"Finalizer" Id=3 WAITING on java.lang.ref.ReferenceQueue$Lock@4ef489c3
	at java.lang.Object.wait(Native Method)
	-  waiting on java.lang.ref.ReferenceQueue$Lock@4ef489c3
	at java.lang.ref.ReferenceQueue.remove(ReferenceQueue.java:144)
	at java.lang.ref.ReferenceQueue.remove(ReferenceQueue.java:165)
	at java.lang.ref.Finalizer$FinalizerThread.run(Finalizer.java:216)


"Reference Handler" Id=2 WAITING on java.lang.ref.Reference$Lock@51083324
	at java.lang.Object.wait(Native Method)
	-  waiting on java.lang.ref.Reference$Lock@51083324
	at java.lang.Object.wait(Object.java:502)
	at java.lang.ref.Reference.tryHandlePending(Reference.java:191)
	at java.lang.ref.Reference$ReferenceHandler.run(Reference.java:153)


"main" Id=1 RUNNABLE
	at sun.management.ThreadImpl.dumpThreads0(Native Method)
	at sun.management.ThreadImpl.dumpAllThreads(ThreadImpl.java:454)
	at org.apache.ratis.util.JavaUtils.dumpAllThreads(JavaUtils.java:214)
	at org.apache.ratis.JUnitRunListener.testFailure(JUnitRunListener.java:65)
	at org.junit.runner.notification.SynchronizedRunListener.testFailure(SynchronizedRunListener.java:63)
	-  locked org.apache.maven.surefire.common.junit4.Notifier@29ee9faa
	at org.junit.runner.notification.RunNotifier$4.notifyListener(RunNotifier.java:142)
	at org.junit.runner.notification.RunNotifier$SafeNotifier.run(RunNotifier.java:72)
	at org.junit.runner.notification.RunNotifier.fireTestFailures(RunNotifier.java:138)
	...


2019-09-24 16:09:36,133 INFO  util.LogUtils (LogUtils.java:setLogLevel(41)) - Set org.apache.ratis.conf.ConfUtils log level to WARN
2019-09-24 16:09:36,133 INFO  util.LogUtils (LogUtils.java:setLogLevel(41)) - Set org.apache.ratis.util.FileUtils log level to TRACE
2019-09-24 16:09:36,133 INFO  util.LogUtils (LogUtils.java:setLogLevel(41)) - Set org.apache.ratis.server.impl.RaftServerImpl log level to DEBUG
2019-09-24 16:09:36,134 INFO  util.LogUtils (LogUtils.java:setLogLevel(41)) - Set org.apache.ratis.client.RaftClient log level to DEBUG
2019-09-24 16:09:36,135 INFO  ratis.MiniRaftCluster (MiniRaftCluster.java:runWithNewCluster(119)) - Running testRequestAsyncWithRetryFailureAfterInitialMessages
2019-09-24 16:09:36,136 INFO  ratis.MiniRaftCluster (MiniRaftCluster.java:<init>(253)) - new MiniRaftClusterWithGrpc with group-8EC737A5280A:[s0:0.0.0.0:38477]
2019-09-24 16:09:36,136 INFO  ratis.MiniRaftCluster (MiniRaftCluster.java:start(287)) - .............................................................. 
2019-09-24 16:09:36,136 INFO  ratis.MiniRaftCluster (MiniRaftCluster.java:start(288)) - ... 
2019-09-24 16:09:36,137 INFO  ratis.MiniRaftCluster (MiniRaftCluster.java:start(289)) - ...     Starting MiniRaftClusterWithGrpc
2019-09-24 16:09:36,137 INFO  ratis.MiniRaftCluster (MiniRaftCluster.java:start(290)) - ... 
2019-09-24 16:09:36,137 INFO  ratis.MiniRaftCluster (MiniRaftCluster.java:start(291)) - .............................................................. 
2019-09-24 16:09:36,137 INFO  ratis.MiniRaftCluster (MiniRaftCluster.java:initServers(265)) - servers = {}
2019-09-24 16:09:36,137 INFO  ratis.MiniRaftCluster (MiniRaftCluster.java:newRaftServer(330)) - newRaftServer: s0, group-8EC737A5280A:[s0:0.0.0.0:38477], format? true
2019-09-24 16:09:36,137 TRACE util.FileUtils (FileUtils.java:deleteFully(88)) - deleteFully target/test/data/1eb3234a/MiniRaftClusterWithGrpcf32e8374/s0
2019-09-24 16:09:36,138 TRACE util.FileUtils (FileUtils.java:deleteFully(104)) - deleteFully: target/test/data/1eb3234a/MiniRaftClusterWithGrpcf32e8374/s0 does not exist.
2019-09-24 16:09:36,138 INFO  ratis.MiniRaftCluster (MiniRaftCluster.java:newRaftServer(335)) - Formatted directory target/test/data/1eb3234a/MiniRaftClusterWithGrpcf32e8374/s0
2019-09-24 16:09:36,139 INFO  impl.RaftServerProxy (ConfUtils.java:logGet(43)) - raft.rpc.type = GRPC (default)
2019-09-24 16:09:36,139 INFO  grpc.GrpcFactory (GrpcFactory.java:checkPooledByteBufAllocatorUseCacheForAllThreads(45)) - PERFORMANCE WARNING: useCacheForAllThreads is true that may cause Netty to create a lot garbage objects and, as a result, trigger GC.
	It is recommended to disable useCacheForAllThreads by setting -Dorg.apache.ratis.thirdparty.io.netty.allocator.useCacheForAllThreads=false in command line.
2019-09-24 16:09:36,140 INFO  grpc.GrpcConfigKeys$Server (ConfUtils.java:logGet(43)) - raft.grpc.server.port = 38477 (custom)
2019-09-24 16:09:36,140 INFO  server.GrpcService (ConfUtils.java:logGet(43)) - raft.grpc.message.size.max = 64MB (=67108864) (default)
2019-09-24 16:09:36,140 INFO  server.RaftServerConfigKeys (ConfUtils.java:logGet(43)) - raft.server.log.appender.buffer.byte-limit = 4MB (=4194304) (default)
2019-09-24 16:09:36,141 INFO  server.GrpcService (ConfUtils.java:logGet(43)) - raft.grpc.flow.control.window = 1MB (=1048576) (default)
2019-09-24 16:09:36,141 INFO  server.RaftServerConfigKeys (ConfUtils.java:logGet(43)) - raft.server.rpc.request.timeout = 3000ms (default)
2019-09-24 16:09:36,142 INFO  server.RaftServerConfigKeys (ConfUtils.java:logGet(43)) - raft.server.storage.dir = [/workdir/ratis-test/target/test/data/1eb3234a/MiniRaftClusterWithGrpcf32e8374/s0] (custom)
2019-09-24 16:09:36,143 INFO  impl.RaftServerProxy (RaftServerProxy.java:addNew(89)) - s0: addNew group-8EC737A5280A:[s0:0.0.0.0:38477] returns group-8EC737A5280A:java.util.concurrent.CompletableFuture@25f56d1a[Not completed]
2019-09-24 16:09:36,143 INFO  server.RaftServerConfigKeys (ConfUtils.java:logGet(43)) - raft.server.log.segment.size.max = 8MB (=8388608) (default)
2019-09-24 16:09:36,143 INFO  server.RaftServerConfigKeys (ConfUtils.java:logGet(43)) - raft.server.log.preallocated.size = 4MB (=4194304) (default)
2019-09-24 16:09:36,144 INFO  server.RaftServerConfigKeys (ConfUtils.java:logGet(43)) - raft.server.log.write.buffer.size = 64KB (=65536) (default)
2019-09-24 16:09:36,144 INFO  impl.RaftServerImpl (RaftServerImpl.java:<init>(95)) - s0: new RaftServerImpl for group-8EC737A5280A:[s0:0.0.0.0:38477] with SimpleStateMachine4Testing:uninitialized
2019-09-24 16:09:36,145 INFO  server.RaftServerConfigKeys (ConfUtils.java:logGet(43)) - raft.server.rpc.timeout.min = 150ms (default)
2019-09-24 16:09:36,145 INFO  server.RaftServerConfigKeys (ConfUtils.java:logGet(43)) - raft.server.rpc.timeout.max = 300ms (default)
2019-09-24 16:09:36,145 INFO  server.RaftServerConfigKeys (ConfUtils.java:logGet(43)) - raft.server.rpcslowness.timeout = 60s (default)
2019-09-24 16:09:36,145 INFO  server.RaftServerConfigKeys (ConfUtils.java:logGet(43)) - raft.server.sleep.deviation.threshold = 300 (default)
2019-09-24 16:09:36,145 INFO  server.RaftServerConfigKeys (ConfUtils.java:logGet(43)) - raft.server.log.appender.install.snapshot.enabled = true (default)
2019-09-24 16:09:36,145 INFO  impl.RaftServerImpl (ServerState.java:<init>(103)) - s0@group-8EC737A5280A: ConfigurationManager, init=-1: [s0:0.0.0.0:38477], old=null, confs=<EMPTY_MAP>
2019-09-24 16:09:36,145 INFO  server.RaftServerConfigKeys (ConfUtils.java:logGet(43)) - raft.server.storage.dir = [/workdir/ratis-test/target/test/data/1eb3234a/MiniRaftClusterWithGrpcf32e8374/s0] (custom)
2019-09-24 16:09:36,146 INFO  server.RaftServerConfigKeys (ConfUtils.java:logGet(43)) - raft.server.log.corruption.policy = EXCEPTION (default)
2019-09-24 16:09:36,146 INFO  storage.RaftStorageDirectory (RaftStorageDirectory.java:analyzeStorage(246)) - The storage directory /workdir/ratis-test/target/test/data/1eb3234a/MiniRaftClusterWithGrpcf32e8374/s0/0c335a02-2b7d-4dbb-ae38-8ec737a5280a does not exist. Creating ...
2019-09-24 16:09:36,147 TRACE util.FileUtils (LogUtils.java:runAndLog(61)) - Successfully ran Files.createDirectories /workdir/ratis-test/target/test/data/1eb3234a/MiniRaftClusterWithGrpcf32e8374/s0/0c335a02-2b7d-4dbb-ae38-8ec737a5280a
2019-09-24 16:09:41,401 INFO  storage.RaftStorageDirectory (RaftStorageDirectory.java:tryLock(328)) - Lock on /workdir/ratis-test/target/test/data/1eb3234a/MiniRaftClusterWithGrpcf32e8374/s0/0c335a02-2b7d-4dbb-ae38-8ec737a5280a/in_use.lock acquired by nodename 8077@ratis-test-vphbd-3564017154
2019-09-24 16:09:41,404 TRACE util.FileUtils (LogUtils.java:runAndLog(61)) - Successfully ran Files.createDirectories /workdir/ratis-test/target/test/data/1eb3234a/MiniRaftClusterWithGrpcf32e8374/s0/0c335a02-2b7d-4dbb-ae38-8ec737a5280a/current
2019-09-24 16:09:41,405 TRACE util.FileUtils (LogUtils.java:runAndLog(61)) - Successfully ran Files.createDirectories /workdir/ratis-test/target/test/data/1eb3234a/MiniRaftClusterWithGrpcf32e8374/s0/0c335a02-2b7d-4dbb-ae38-8ec737a5280a/sm
2019-09-24 16:09:42,649 INFO  storage.RaftStorage (RaftStorage.java:format(84)) - Storage directory /workdir/ratis-test/target/test/data/1eb3234a/MiniRaftClusterWithGrpcf32e8374/s0/0c335a02-2b7d-4dbb-ae38-8ec737a5280a has been successfully formatted.
2019-09-24 16:09:42,652 INFO  statemachine.SimpleStateMachine4Testing (SimpleStateMachine4Testing.java:initialize(206)) - Initializing SimpleStateMachine4Testing:uninitialized
2019-09-24 16:09:42,653 INFO  statemachine.SimpleStateMachine4Testing (SimpleStateMachine4Testing.java:loadSnapshot(296)) - The snapshot file null does not exist
2019-09-24 16:09:42,654 INFO  server.RaftServerConfigKeys (ConfUtils.java:logGet(43)) - raft.server.notification.no-leader.timeout = 60s (default)
2019-09-24 16:09:42,654 INFO  server.RaftServerConfigKeys (ConfUtils.java:logGet(43)) - raft.server.log.use.memory = false (default)
2019-09-24 16:09:42,654 INFO  server.RaftServerConfigKeys (ConfUtils.java:logGet(43)) - raft.server.log.purge.gap = 1024 (default)
2019-09-24 16:09:42,654 INFO  server.RaftServerConfigKeys (ConfUtils.java:logGet(43)) - raft.server.log.appender.buffer.byte-limit = 4MB (=4194304) (default)
2019-09-24 16:09:42,655 INFO  server.RaftServerConfigKeys (ConfUtils.java:logGet(43)) - raft.server.log.segment.size.max = 8MB (=8388608) (default)
2019-09-24 16:09:42,655 INFO  server.RaftServerConfigKeys (ConfUtils.java:logGet(43)) - raft.server.log.segment.cache.num.max = 6 (default)
2019-09-24 16:09:42,655 INFO  segmented.SegmentedRaftLogWorker (SegmentedRaftLogWorker.java:<init>(172)) - new s0@group-8EC737A5280A-SegmentedRaftLogWorker for RaftStorage:Storage Directory /workdir/ratis-test/target/test/data/1eb3234a/MiniRaftClusterWithGrpcf32e8374/s0/0c335a02-2b7d-4dbb-ae38-8ec737a5280a
2019-09-24 16:09:42,656 INFO  server.RaftServerConfigKeys (ConfUtils.java:logGet(43)) - raft.server.log.queue.byte-limit = 64MB (=67108864) (default)
2019-09-24 16:09:42,656 INFO  server.RaftServerConfigKeys (ConfUtils.java:logGet(43)) - raft.server.log.queue.element-limit = 4096 (default)
2019-09-24 16:09:42,656 INFO  server.RaftServerConfigKeys (ConfUtils.java:logGet(43)) - raft.server.log.segment.size.max = 8MB (=8388608) (default)
2019-09-24 16:09:42,656 INFO  server.RaftServerConfigKeys (ConfUtils.java:logGet(43)) - raft.server.log.preallocated.size = 4MB (=4194304) (default)
2019-09-24 16:09:42,656 INFO  server.RaftServerConfigKeys (ConfUtils.java:logGet(43)) - raft.server.log.write.buffer.size = 64KB (=65536) (default)
2019-09-24 16:09:42,657 INFO  server.RaftServerConfigKeys (ConfUtils.java:logGet(43)) - raft.server.log.force.sync.num = 128 (default)
2019-09-24 16:09:42,657 INFO  server.RaftServerConfigKeys (ConfUtils.java:logGet(43)) - raft.server.log.statemachine.data.sync = true (default)
2019-09-24 16:09:42,657 INFO  server.RaftServerConfigKeys (ConfUtils.java:logGet(43)) - raft.server.log.statemachine.data.sync.timeout = 10s (default)
2019-09-24 16:09:42,657 INFO  server.RaftServerConfigKeys (ConfUtils.java:logGet(43)) - raft.server.log.statemachine.data.sync.timeout.retry = -1 (default)
2019-09-24 16:09:42,657 INFO  server.RaftServerConfigKeys (ConfUtils.java:logGet(43)) - raft.server.log.statemachine.data.caching.enabled = false (default)
2019-09-24 16:09:42,658 INFO  segmented.SegmentedRaftLogWorker (SegmentedRaftLogWorker.java:lambda$new$0(132)) - s0@group-8EC737A5280A-SegmentedRaftLogWorker: flushIndex: setUnconditionally 0 -> -1
2019-09-24 16:09:42,659 INFO  server.RaftServerConfigKeys (ConfUtils.java:logGet(43)) - raft.server.snapshot.auto.trigger.enabled = false (default)
2019-09-24 16:09:42,659 INFO  server.RaftServerConfigKeys (ConfUtils.java:logGet(43)) - raft.server.snapshot.retention.file.num = -1 (default)
2019-09-24 16:09:42,659 INFO  server.RaftServerConfigKeys (ConfUtils.java:logGet(43)) - raft.server.retrycache.expirytime = 60s (default)
2019-09-24 16:09:42,667 INFO  impl.RaftServerImpl (RaftServerImpl.java:start(181)) - s0@group-8EC737A5280A: start as a follower, conf=-1: [s0:0.0.0.0:38477], old=null
2019-09-24 16:09:42,668 INFO  impl.RaftServerImpl (RaftServerImpl.java:setRole(170)) - s0@group-8EC737A5280A: changes role from      null to FOLLOWER at term 0 for startAsFollower
2019-09-24 16:09:42,668 INFO  impl.RoleInfo (RoleInfo.java:updateAndGet(143)) - s0: start FollowerState
2019-09-24 16:09:42,671 INFO  util.JmxRegister (JmxRegister.java:tryRegister(44)) - Successfully registered JMX Bean with object name Ratis:service=RaftServer,group=group-8EC737A5280A,id=s0
2019-09-24 16:09:42,675 INFO  impl.RaftServerProxy (RaftServerProxy.java:lambda$start$3(299)) - s0: start RPC server
2019-09-24 16:09:42,678 INFO  server.GrpcService (GrpcService.java:startImpl(158)) - s0: GrpcService started, listening on 0.0.0.0/0.0.0.0:38477
2019-09-24 16:09:42,680 DEBUG client.RaftClient (ConfUtils.java:logGet(43)) - raft.rpc.type = GRPC (default)
2019-09-24 16:09:42,681 INFO  server.RaftServerConfigKeys (ConfUtils.java:logGet(43)) - raft.server.rpc.timeout.max = 300ms (default)
2019-09-24 16:09:42,681 INFO  ratis.RaftTestUtil (RaftTestUtil.java:waitForLeader(86)) - printing ALL groups
  s0:  RUNNING  FOLLOWER s0@group-8EC737A5280A:t0, leader=null, voted=null, raftlog=s0@group-8EC737A5280A-SegmentedRaftLog:OPENED:c-1,f-1,i0, conf=-1: [s0:0.0.0.0:38477], old=null RUNNING
2019-09-24 16:09:42,682 WARN  ratis.RaftTestUtil (JavaUtils.java:attempt(158)) - FAILED "waitForLeader-null-(expectLeader? true)", attempt #1/100: java.lang.IllegalStateException: No leader yet : printing ALL groups
  s0:  RUNNING  FOLLOWER s0@group-8EC737A5280A:t0, leader=null, voted=null, raftlog=s0@group-8EC737A5280A-SegmentedRaftLog:OPENED:c-1,f-1,i0, conf=-1: [s0:0.0.0.0:38477], old=null RUNNING, sleep 450ms and then retry.
java.lang.IllegalStateException: No leader yet : printing ALL groups
  s0:  RUNNING  FOLLOWER s0@group-8EC737A5280A:t0, leader=null, voted=null, raftlog=s0@group-8EC737A5280A-SegmentedRaftLog:OPENED:c-1,f-1,i0, conf=-1: [s0:0.0.0.0:38477], old=null RUNNING
	at org.apache.ratis.MiniRaftCluster.newIllegalStateExceptionForNoLeaders(MiniRaftCluster.java:506)
	at org.apache.ratis.RaftTestUtil.lambda$waitForLeader$1(RaftTestUtil.java:90)
	at org.apache.ratis.MiniRaftCluster.getLeader(MiniRaftCluster.java:539)
	at org.apache.ratis.MiniRaftCluster.getLeader(MiniRaftCluster.java:532)
	at org.apache.ratis.RaftTestUtil.lambda$waitForLeader$3(RaftTestUtil.java:98)
	at org.apache.ratis.util.JavaUtils.attempt(JavaUtils.java:152)
	at org.apache.ratis.RaftTestUtil.waitForLeader(RaftTestUtil.java:97)
	at org.apache.ratis.RaftTestUtil.waitForLeader(RaftTestUtil.java:77)
	at org.apache.ratis.RaftTestUtil.waitForLeader(RaftTestUtil.java:72)
	at org.apache.ratis.RaftAsyncTests.runTestRequestAsyncWithRetryFailure(RaftAsyncTests.java:124)
	at org.apache.ratis.RaftAsyncTests.lambda$testRequestAsyncWithRetryFailureAfterInitialMessages$1(RaftAsyncTests.java:113)
	at org.apache.ratis.MiniRaftCluster$Factory$Get.runWithNewCluster(MiniRaftCluster.java:125)
	at org.apache.ratis.RaftAsyncTests.testRequestAsyncWithRetryFailureAfterInitialMessages(RaftAsyncTests.java:113)
	at sun.reflect.NativeMethodAccessorImpl.invoke0(Native Method)
	at sun.reflect.NativeMethodAccessorImpl.invoke(NativeMethodAccessorImpl.java:62)
	at sun.reflect.DelegatingMethodAccessorImpl.invoke(DelegatingMethodAccessorImpl.java:43)
	at java.lang.reflect.Method.invoke(Method.java:498)
	at org.junit.runners.model.FrameworkMethod$1.runReflectiveCall(FrameworkMethod.java:50)
	at org.junit.internal.runners.model.ReflectiveCallable.run(ReflectiveCallable.java:12)
	at org.junit.runners.model.FrameworkMethod.invokeExplosively(FrameworkMethod.java:47)
	at org.junit.internal.runners.statements.InvokeMethod.evaluate(InvokeMethod.java:17)
	at org.junit.internal.runners.statements.RunAfters.evaluate(RunAfters.java:27)
	at org.junit.internal.runners.statements.FailOnTimeout$CallableStatement.call(FailOnTimeout.java:298)
	at org.junit.internal.runners.statements.FailOnTimeout$CallableStatement.call(FailOnTimeout.java:292)
	at java.util.concurrent.FutureTask.run(FutureTask.java:266)
	at java.lang.Thread.run(Thread.java:748)
2019-09-24 16:09:42,831 INFO  impl.FollowerState (FollowerState.java:run(108)) - s0@group-8EC737A5280A-FollowerState: change to CANDIDATE, lastRpcTime:163ms, electionTimeout:160ms
2019-09-24 16:09:42,831 INFO  impl.RoleInfo (RoleInfo.java:shutdownFollowerState(121)) - s0: shutdown FollowerState
2019-09-24 16:09:42,832 INFO  impl.RaftServerImpl (RaftServerImpl.java:setRole(170)) - s0@group-8EC737A5280A: changes role from  FOLLOWER to CANDIDATE at term 0 for changeToCandidate
2019-09-24 16:09:42,832 INFO  impl.RoleInfo (RoleInfo.java:updateAndGet(143)) - s0: start LeaderElection
2019-09-24 16:09:43,133 WARN  ratis.RaftTestUtil (JavaUtils.java:attempt(158)) - FAILED "waitForLeader-null-(expectLeader? true)", attempt #2/100: java.lang.IllegalStateException: No leader yet : printing ALL groups
  s0:  RUNNING CANDIDATE s0@group-8EC737A5280A:t1, leader=null, voted=s0, raftlog=s0@group-8EC737A5280A-SegmentedRaftLog:OPENED:c-1,f-1,i0, conf=-1: [s0:0.0.0.0:38477], old=null RUNNING, sleep 450ms and then retry.
java.lang.IllegalStateException: No leader yet : printing ALL groups
  s0:  RUNNING CANDIDATE s0@group-8EC737A5280A:t1, leader=null, voted=s0, raftlog=s0@group-8EC737A5280A-SegmentedRaftLog:OPENED:c-1,f-1,i0, conf=-1: [s0:0.0.0.0:38477], old=null RUNNING
	at org.apache.ratis.MiniRaftCluster.newIllegalStateExceptionForNoLeaders(MiniRaftCluster.java:506)
	at org.apache.ratis.RaftTestUtil.lambda$waitForLeader$1(RaftTestUtil.java:90)
	at org.apache.ratis.MiniRaftCluster.getLeader(MiniRaftCluster.java:539)
	at org.apache.ratis.MiniRaftCluster.getLeader(MiniRaftCluster.java:532)
	at org.apache.ratis.RaftTestUtil.lambda$waitForLeader$3(RaftTestUtil.java:98)
	at org.apache.ratis.util.JavaUtils.attempt(JavaUtils.java:152)
	at org.apache.ratis.RaftTestUtil.waitForLeader(RaftTestUtil.java:97)
	at org.apache.ratis.RaftTestUtil.waitForLeader(RaftTestUtil.java:77)
	at org.apache.ratis.RaftTestUtil.waitForLeader(RaftTestUtil.java:72)
	at org.apache.ratis.RaftAsyncTests.runTestRequestAsyncWithRetryFailure(RaftAsyncTests.java:124)
	at org.apache.ratis.RaftAsyncTests.lambda$testRequestAsyncWithRetryFailureAfterInitialMessages$1(RaftAsyncTests.java:113)
	at org.apache.ratis.MiniRaftCluster$Factory$Get.runWithNewCluster(MiniRaftCluster.java:125)
	at org.apache.ratis.RaftAsyncTests.testRequestAsyncWithRetryFailureAfterInitialMessages(RaftAsyncTests.java:113)
	at sun.reflect.NativeMethodAccessorImpl.invoke0(Native Method)
	at sun.reflect.NativeMethodAccessorImpl.invoke(NativeMethodAccessorImpl.java:62)
	at sun.reflect.DelegatingMethodAccessorImpl.invoke(DelegatingMethodAccessorImpl.java:43)
	at java.lang.reflect.Method.invoke(Method.java:498)
	at org.junit.runners.model.FrameworkMethod$1.runReflectiveCall(FrameworkMethod.java:50)
	at org.junit.internal.runners.model.ReflectiveCallable.run(ReflectiveCallable.java:12)
	at org.junit.runners.model.FrameworkMethod.invokeExplosively(FrameworkMethod.java:47)
	at org.junit.internal.runners.statements.InvokeMethod.evaluate(InvokeMethod.java:17)
	at org.junit.internal.runners.statements.RunAfters.evaluate(RunAfters.java:27)
	at org.junit.internal.runners.statements.FailOnTimeout$CallableStatement.call(FailOnTimeout.java:298)
	at org.junit.internal.runners.statements.FailOnTimeout$CallableStatement.call(FailOnTimeout.java:292)
	at java.util.concurrent.FutureTask.run(FutureTask.java:266)
	at java.lang.Thread.run(Thread.java:748)
2019-09-24 16:09:43,586 WARN  ratis.RaftTestUtil (JavaUtils.java:attempt(158)) - FAILED "waitForLeader-null-(expectLeader? true)", attempt #3/100: java.lang.IllegalStateException: No leader yet : printing ALL groups
  s0:  RUNNING CANDIDATE s0@group-8EC737A5280A:t1, leader=null, voted=s0, raftlog=s0@group-8EC737A5280A-SegmentedRaftLog:OPENED:c-1,f-1,i0, conf=-1: [s0:0.0.0.0:38477], old=null RUNNING, sleep 450ms and then retry.
java.lang.IllegalStateException: No leader yet : printing ALL groups
  s0:  RUNNING CANDIDATE s0@group-8EC737A5280A:t1, leader=null, voted=s0, raftlog=s0@group-8EC737A5280A-SegmentedRaftLog:OPENED:c-1,f-1,i0, conf=-1: [s0:0.0.0.0:38477], old=null RUNNING
	at org.apache.ratis.MiniRaftCluster.newIllegalStateExceptionForNoLeaders(MiniRaftCluster.java:506)
	at org.apache.ratis.RaftTestUtil.lambda$waitForLeader$1(RaftTestUtil.java:90)
	at org.apache.ratis.MiniRaftCluster.getLeader(MiniRaftCluster.java:539)
	at org.apache.ratis.MiniRaftCluster.getLeader(MiniRaftCluster.java:532)
	at org.apache.ratis.RaftTestUtil.lambda$waitForLeader$3(RaftTestUtil.java:98)
	at org.apache.ratis.util.JavaUtils.attempt(JavaUtils.java:152)
	at org.apache.ratis.RaftTestUtil.waitForLeader(RaftTestUtil.java:97)
	at org.apache.ratis.RaftTestUtil.waitForLeader(RaftTestUtil.java:77)
	at org.apache.ratis.RaftTestUtil.waitForLeader(RaftTestUtil.java:72)
	at org.apache.ratis.RaftAsyncTests.runTestRequestAsyncWithRetryFailure(RaftAsyncTests.java:124)
	at org.apache.ratis.RaftAsyncTests.lambda$testRequestAsyncWithRetryFailureAfterInitialMessages$1(RaftAsyncTests.java:113)
	at org.apache.ratis.MiniRaftCluster$Factory$Get.runWithNewCluster(MiniRaftCluster.java:125)
	at org.apache.ratis.RaftAsyncTests.testRequestAsyncWithRetryFailureAfterInitialMessages(RaftAsyncTests.java:113)
	at sun.reflect.NativeMethodAccessorImpl.invoke0(Native Method)
	at sun.reflect.NativeMethodAccessorImpl.invoke(NativeMethodAccessorImpl.java:62)
	at sun.reflect.DelegatingMethodAccessorImpl.invoke(DelegatingMethodAccessorImpl.java:43)
	at java.lang.reflect.Method.invoke(Method.java:498)
	at org.junit.runners.model.FrameworkMethod$1.runReflectiveCall(FrameworkMethod.java:50)
	at org.junit.internal.runners.model.ReflectiveCallable.run(ReflectiveCallable.java:12)
	at org.junit.runners.model.FrameworkMethod.invokeExplosively(FrameworkMethod.java:47)
	at org.junit.internal.runners.statements.InvokeMethod.evaluate(InvokeMethod.java:17)
	at org.junit.internal.runners.statements.RunAfters.evaluate(RunAfters.java:27)
	at org.junit.internal.runners.statements.FailOnTimeout$CallableStatement.call(FailOnTimeout.java:298)
	at org.junit.internal.runners.statements.FailOnTimeout$CallableStatement.call(FailOnTimeout.java:292)
	at java.util.concurrent.FutureTask.run(FutureTask.java:266)
	at java.lang.Thread.run(Thread.java:748)
2019-09-24 16:09:44,039 WARN  ratis.RaftTestUtil (JavaUtils.java:attempt(158)) - FAILED "waitForLeader-null-(expectLeader? true)", attempt #4/100: java.lang.IllegalStateException: No leader yet : printing ALL groups
  s0:  RUNNING CANDIDATE s0@group-8EC737A5280A:t1, leader=null, voted=s0, raftlog=s0@group-8EC737A5280A-SegmentedRaftLog:OPENED:c-1,f-1,i0, conf=-1: [s0:0.0.0.0:38477], old=null RUNNING, sleep 450ms and then retry.
java.lang.IllegalStateException: No leader yet : printing ALL groups
  s0:  RUNNING CANDIDATE s0@group-8EC737A5280A:t1, leader=null, voted=s0, raftlog=s0@group-8EC737A5280A-SegmentedRaftLog:OPENED:c-1,f-1,i0, conf=-1: [s0:0.0.0.0:38477], old=null RUNNING
	at org.apache.ratis.MiniRaftCluster.newIllegalStateExceptionForNoLeaders(MiniRaftCluster.java:506)
	at org.apache.ratis.RaftTestUtil.lambda$waitForLeader$1(RaftTestUtil.java:90)
	at org.apache.ratis.MiniRaftCluster.getLeader(MiniRaftCluster.java:539)
	at org.apache.ratis.MiniRaftCluster.getLeader(MiniRaftCluster.java:532)
	at org.apache.ratis.RaftTestUtil.lambda$waitForLeader$3(RaftTestUtil.java:98)
	at org.apache.ratis.util.JavaUtils.attempt(JavaUtils.java:152)
	at org.apache.ratis.RaftTestUtil.waitForLeader(RaftTestUtil.java:97)
	at org.apache.ratis.RaftTestUtil.waitForLeader(RaftTestUtil.java:77)
	at org.apache.ratis.RaftTestUtil.waitForLeader(RaftTestUtil.java:72)
	at org.apache.ratis.RaftAsyncTests.runTestRequestAsyncWithRetryFailure(RaftAsyncTests.java:124)
	at org.apache.ratis.RaftAsyncTests.lambda$testRequestAsyncWithRetryFailureAfterInitialMessages$1(RaftAsyncTests.java:113)
	at org.apache.ratis.MiniRaftCluster$Factory$Get.runWithNewCluster(MiniRaftCluster.java:125)
	at org.apache.ratis.RaftAsyncTests.testRequestAsyncWithRetryFailureAfterInitialMessages(RaftAsyncTests.java:113)
	at sun.reflect.NativeMethodAccessorImpl.invoke0(Native Method)
	at sun.reflect.NativeMethodAccessorImpl.invoke(NativeMethodAccessorImpl.java:62)
	at sun.reflect.DelegatingMethodAccessorImpl.invoke(DelegatingMethodAccessorImpl.java:43)
	at java.lang.reflect.Method.invoke(Method.java:498)
	at org.junit.runners.model.FrameworkMethod$1.runReflectiveCall(FrameworkMethod.java:50)
	at org.junit.internal.runners.model.ReflectiveCallable.run(ReflectiveCallable.java:12)
	at org.junit.runners.model.FrameworkMethod.invokeExplosively(FrameworkMethod.java:47)
	at org.junit.internal.runners.statements.InvokeMethod.evaluate(InvokeMethod.java:17)
	at org.junit.internal.runners.statements.RunAfters.evaluate(RunAfters.java:27)
	at org.junit.internal.runners.statements.FailOnTimeout$CallableStatement.call(FailOnTimeout.java:298)
	at org.junit.internal.runners.statements.FailOnTimeout$CallableStatement.call(FailOnTimeout.java:292)
	at java.util.concurrent.FutureTask.run(FutureTask.java:266)
	at java.lang.Thread.run(Thread.java:748)
2019-09-24 16:09:44,490 WARN  ratis.RaftTestUtil (JavaUtils.java:attempt(158)) - FAILED "waitForLeader-null-(expectLeader? true)", attempt #5/100: java.lang.IllegalStateException: No leader yet : printing ALL groups
  s0:  RUNNING CANDIDATE s0@group-8EC737A5280A:t1, leader=null, voted=s0, raftlog=s0@group-8EC737A5280A-SegmentedRaftLog:OPENED:c-1,f-1,i0, conf=-1: [s0:0.0.0.0:38477], old=null RUNNING, sleep 450ms and then retry.
java.lang.IllegalStateException: No leader yet : printing ALL groups
  s0:  RUNNING CANDIDATE s0@group-8EC737A5280A:t1, leader=null, voted=s0, raftlog=s0@group-8EC737A5280A-SegmentedRaftLog:OPENED:c-1,f-1,i0, conf=-1: [s0:0.0.0.0:38477], old=null RUNNING
	at org.apache.ratis.MiniRaftCluster.newIllegalStateExceptionForNoLeaders(MiniRaftCluster.java:506)
	at org.apache.ratis.RaftTestUtil.lambda$waitForLeader$1(RaftTestUtil.java:90)
	at org.apache.ratis.MiniRaftCluster.getLeader(MiniRaftCluster.java:539)
	at org.apache.ratis.MiniRaftCluster.getLeader(MiniRaftCluster.java:532)
	at org.apache.ratis.RaftTestUtil.lambda$waitForLeader$3(RaftTestUtil.java:98)
	at org.apache.ratis.util.JavaUtils.attempt(JavaUtils.java:152)
	at org.apache.ratis.RaftTestUtil.waitForLeader(RaftTestUtil.java:97)
	at org.apache.ratis.RaftTestUtil.waitForLeader(RaftTestUtil.java:77)
	at org.apache.ratis.RaftTestUtil.waitForLeader(RaftTestUtil.java:72)
	at org.apache.ratis.RaftAsyncTests.runTestRequestAsyncWithRetryFailure(RaftAsyncTests.java:124)
	at org.apache.ratis.RaftAsyncTests.lambda$testRequestAsyncWithRetryFailureAfterInitialMessages$1(RaftAsyncTests.java:113)
	at org.apache.ratis.MiniRaftCluster$Factory$Get.runWithNewCluster(MiniRaftCluster.java:125)
	at org.apache.ratis.RaftAsyncTests.testRequestAsyncWithRetryFailureAfterInitialMessages(RaftAsyncTests.java:113)
	at sun.reflect.NativeMethodAccessorImpl.invoke0(Native Method)
	at sun.reflect.NativeMethodAccessorImpl.invoke(NativeMethodAccessorImpl.java:62)
	at sun.reflect.DelegatingMethodAccessorImpl.invoke(DelegatingMethodAccessorImpl.java:43)
	at java.lang.reflect.Method.invoke(Method.java:498)
	at org.junit.runners.model.FrameworkMethod$1.runReflectiveCall(FrameworkMethod.java:50)
	at org.junit.internal.runners.model.ReflectiveCallable.run(ReflectiveCallable.java:12)
	at org.junit.runners.model.FrameworkMethod.invokeExplosively(FrameworkMethod.java:47)
	at org.junit.internal.runners.statements.InvokeMethod.evaluate(InvokeMethod.java:17)
	at org.junit.internal.runners.statements.RunAfters.evaluate(RunAfters.java:27)
	at org.junit.internal.runners.statements.FailOnTimeout$CallableStatement.call(FailOnTimeout.java:298)
	at org.junit.internal.runners.statements.FailOnTimeout$CallableStatement.call(FailOnTimeout.java:292)
	at java.util.concurrent.FutureTask.run(FutureTask.java:266)
	at java.lang.Thread.run(Thread.java:748)
2019-09-24 16:09:44,942 WARN  ratis.RaftTestUtil (JavaUtils.java:attempt(158)) - FAILED "waitForLeader-null-(expectLeader? true)", attempt #6/100: java.lang.IllegalStateException: No leader yet : printing ALL groups
  s0:  RUNNING CANDIDATE s0@group-8EC737A5280A:t1, leader=null, voted=s0, raftlog=s0@group-8EC737A5280A-SegmentedRaftLog:OPENED:c-1,f-1,i0, conf=-1: [s0:0.0.0.0:38477], old=null RUNNING, sleep 450ms and then retry.
java.lang.IllegalStateException: No leader yet : printing ALL groups
  s0:  RUNNING CANDIDATE s0@group-8EC737A5280A:t1, leader=null, voted=s0, raftlog=s0@group-8EC737A5280A-SegmentedRaftLog:OPENED:c-1,f-1,i0, conf=-1: [s0:0.0.0.0:38477], old=null RUNNING
	at org.apache.ratis.MiniRaftCluster.newIllegalStateExceptionForNoLeaders(MiniRaftCluster.java:506)
	at org.apache.ratis.RaftTestUtil.lambda$waitForLeader$1(RaftTestUtil.java:90)
	at org.apache.ratis.MiniRaftCluster.getLeader(MiniRaftCluster.java:539)
	at org.apache.ratis.MiniRaftCluster.getLeader(MiniRaftCluster.java:532)
	at org.apache.ratis.RaftTestUtil.lambda$waitForLeader$3(RaftTestUtil.java:98)
	at org.apache.ratis.util.JavaUtils.attempt(JavaUtils.java:152)
	at org.apache.ratis.RaftTestUtil.waitForLeader(RaftTestUtil.java:97)
	at org.apache.ratis.RaftTestUtil.waitForLeader(RaftTestUtil.java:77)
	at org.apache.ratis.RaftTestUtil.waitForLeader(RaftTestUtil.java:72)
	at org.apache.ratis.RaftAsyncTests.runTestRequestAsyncWithRetryFailure(RaftAsyncTests.java:124)
	at org.apache.ratis.RaftAsyncTests.lambda$testRequestAsyncWithRetryFailureAfterInitialMessages$1(RaftAsyncTests.java:113)
	at org.apache.ratis.MiniRaftCluster$Factory$Get.runWithNewCluster(MiniRaftCluster.java:125)
	at org.apache.ratis.RaftAsyncTests.testRequestAsyncWithRetryFailureAfterInitialMessages(RaftAsyncTests.java:113)
	at sun.reflect.NativeMethodAccessorImpl.invoke0(Native Method)
	at sun.reflect.NativeMethodAccessorImpl.invoke(NativeMethodAccessorImpl.java:62)
	at sun.reflect.DelegatingMethodAccessorImpl.invoke(DelegatingMethodAccessorImpl.java:43)
	at java.lang.reflect.Method.invoke(Method.java:498)
	at org.junit.runners.model.FrameworkMethod$1.runReflectiveCall(FrameworkMethod.java:50)
	at org.junit.internal.runners.model.ReflectiveCallable.run(ReflectiveCallable.java:12)
	at org.junit.runners.model.FrameworkMethod.invokeExplosively(FrameworkMethod.java:47)
	at org.junit.internal.runners.statements.InvokeMethod.evaluate(InvokeMethod.java:17)
	at org.junit.internal.runners.statements.RunAfters.evaluate(RunAfters.java:27)
	at org.junit.internal.runners.statements.FailOnTimeout$CallableStatement.call(FailOnTimeout.java:298)
	at org.junit.internal.runners.statements.FailOnTimeout$CallableStatement.call(FailOnTimeout.java:292)
	at java.util.concurrent.FutureTask.run(FutureTask.java:266)
	at java.lang.Thread.run(Thread.java:748)
2019-09-24 16:09:45,394 WARN  ratis.RaftTestUtil (JavaUtils.java:attempt(158)) - FAILED "waitForLeader-null-(expectLeader? true)", attempt #7/100: java.lang.IllegalStateException: No leader yet : printing ALL groups
  s0:  RUNNING CANDIDATE s0@group-8EC737A5280A:t1, leader=null, voted=s0, raftlog=s0@group-8EC737A5280A-SegmentedRaftLog:OPENED:c-1,f-1,i0, conf=-1: [s0:0.0.0.0:38477], old=null RUNNING, sleep 450ms and then retry.
java.lang.IllegalStateException: No leader yet : printing ALL groups
  s0:  RUNNING CANDIDATE s0@group-8EC737A5280A:t1, leader=null, voted=s0, raftlog=s0@group-8EC737A5280A-SegmentedRaftLog:OPENED:c-1,f-1,i0, conf=-1: [s0:0.0.0.0:38477], old=null RUNNING
	at org.apache.ratis.MiniRaftCluster.newIllegalStateExceptionForNoLeaders(MiniRaftCluster.java:506)
	at org.apache.ratis.RaftTestUtil.lambda$waitForLeader$1(RaftTestUtil.java:90)
	at org.apache.ratis.MiniRaftCluster.getLeader(MiniRaftCluster.java:539)
	at org.apache.ratis.MiniRaftCluster.getLeader(MiniRaftCluster.java:532)
	at org.apache.ratis.RaftTestUtil.lambda$waitForLeader$3(RaftTestUtil.java:98)
	at org.apache.ratis.util.JavaUtils.attempt(JavaUtils.java:152)
	at org.apache.ratis.RaftTestUtil.waitForLeader(RaftTestUtil.java:97)
	at org.apache.ratis.RaftTestUtil.waitForLeader(RaftTestUtil.java:77)
	at org.apache.ratis.RaftTestUtil.waitForLeader(RaftTestUtil.java:72)
	at org.apache.ratis.RaftAsyncTests.runTestRequestAsyncWithRetryFailure(RaftAsyncTests.java:124)
	at org.apache.ratis.RaftAsyncTests.lambda$testRequestAsyncWithRetryFailureAfterInitialMessages$1(RaftAsyncTests.java:113)
	at org.apache.ratis.MiniRaftCluster$Factory$Get.runWithNewCluster(MiniRaftCluster.java:125)
	at org.apache.ratis.RaftAsyncTests.testRequestAsyncWithRetryFailureAfterInitialMessages(RaftAsyncTests.java:113)
	at sun.reflect.NativeMethodAccessorImpl.invoke0(Native Method)
	at sun.reflect.NativeMethodAccessorImpl.invoke(NativeMethodAccessorImpl.java:62)
	at sun.reflect.DelegatingMethodAccessorImpl.invoke(DelegatingMethodAccessorImpl.java:43)
	at java.lang.reflect.Method.invoke(Method.java:498)
	at org.junit.runners.model.FrameworkMethod$1.runReflectiveCall(FrameworkMethod.java:50)
	at org.junit.internal.runners.model.ReflectiveCallable.run(ReflectiveCallable.java:12)
	at org.junit.runners.model.FrameworkMethod.invokeExplosively(FrameworkMethod.java:47)
	at org.junit.internal.runners.statements.InvokeMethod.evaluate(InvokeMethod.java:17)
	at org.junit.internal.runners.statements.RunAfters.evaluate(RunAfters.java:27)
	at org.junit.internal.runners.statements.FailOnTimeout$CallableStatement.call(FailOnTimeout.java:298)
	at org.junit.internal.runners.statements.FailOnTimeout$CallableStatement.call(FailOnTimeout.java:292)
	at java.util.concurrent.FutureTask.run(FutureTask.java:266)
	at java.lang.Thread.run(Thread.java:748)
2019-09-24 16:09:45,847 WARN  ratis.RaftTestUtil (JavaUtils.java:attempt(158)) - FAILED "waitForLeader-null-(expectLeader? true)", attempt #8/100: java.lang.IllegalStateException: No leader yet : printing ALL groups
  s0:  RUNNING CANDIDATE s0@group-8EC737A5280A:t1, leader=null, voted=s0, raftlog=s0@group-8EC737A5280A-SegmentedRaftLog:OPENED:c-1,f-1,i0, conf=-1: [s0:0.0.0.0:38477], old=null RUNNING, sleep 450ms and then retry.
java.lang.IllegalStateException: No leader yet : printing ALL groups
  s0:  RUNNING CANDIDATE s0@group-8EC737A5280A:t1, leader=null, voted=s0, raftlog=s0@group-8EC737A5280A-SegmentedRaftLog:OPENED:c-1,f-1,i0, conf=-1: [s0:0.0.0.0:38477], old=null RUNNING
	at org.apache.ratis.MiniRaftCluster.newIllegalStateExceptionForNoLeaders(MiniRaftCluster.java:506)
	at org.apache.ratis.RaftTestUtil.lambda$waitForLeader$1(RaftTestUtil.java:90)
	at org.apache.ratis.MiniRaftCluster.getLeader(MiniRaftCluster.java:539)
	at org.apache.ratis.MiniRaftCluster.getLeader(MiniRaftCluster.java:532)
	at org.apache.ratis.RaftTestUtil.lambda$waitForLeader$3(RaftTestUtil.java:98)
	at org.apache.ratis.util.JavaUtils.attempt(JavaUtils.java:152)
	at org.apache.ratis.RaftTestUtil.waitForLeader(RaftTestUtil.java:97)
	at org.apache.ratis.RaftTestUtil.waitForLeader(RaftTestUtil.java:77)
	at org.apache.ratis.RaftTestUtil.waitForLeader(RaftTestUtil.java:72)
	at org.apache.ratis.RaftAsyncTests.runTestRequestAsyncWithRetryFailure(RaftAsyncTests.java:124)
	at org.apache.ratis.RaftAsyncTests.lambda$testRequestAsyncWithRetryFailureAfterInitialMessages$1(RaftAsyncTests.java:113)
	at org.apache.ratis.MiniRaftCluster$Factory$Get.runWithNewCluster(MiniRaftCluster.java:125)
	at org.apache.ratis.RaftAsyncTests.testRequestAsyncWithRetryFailureAfterInitialMessages(RaftAsyncTests.java:113)
	at sun.reflect.NativeMethodAccessorImpl.invoke0(Native Method)
	at sun.reflect.NativeMethodAccessorImpl.invoke(NativeMethodAccessorImpl.java:62)
	at sun.reflect.DelegatingMethodAccessorImpl.invoke(DelegatingMethodAccessorImpl.java:43)
	at java.lang.reflect.Method.invoke(Method.java:498)
	at org.junit.runners.model.FrameworkMethod$1.runReflectiveCall(FrameworkMethod.java:50)
	at org.junit.internal.runners.model.ReflectiveCallable.run(ReflectiveCallable.java:12)
	at org.junit.runners.model.FrameworkMethod.invokeExplosively(FrameworkMethod.java:47)
	at org.junit.internal.runners.statements.InvokeMethod.evaluate(InvokeMethod.java:17)
	at org.junit.internal.runners.statements.RunAfters.evaluate(RunAfters.java:27)
	at org.junit.internal.runners.statements.FailOnTimeout$CallableStatement.call(FailOnTimeout.java:298)
	at org.junit.internal.runners.statements.FailOnTimeout$CallableStatement.call(FailOnTimeout.java:292)
	at java.util.concurrent.FutureTask.run(FutureTask.java:266)
	at java.lang.Thread.run(Thread.java:748)
2019-09-24 16:09:46,298 WARN  ratis.RaftTestUtil (JavaUtils.java:attempt(158)) - FAILED "waitForLeader-null-(expectLeader? true)", attempt #9/100: java.lang.IllegalStateException: No leader yet : printing ALL groups
  s0:  RUNNING CANDIDATE s0@group-8EC737A5280A:t1, leader=null, voted=s0, raftlog=s0@group-8EC737A5280A-SegmentedRaftLog:OPENED:c-1,f-1,i0, conf=-1: [s0:0.0.0.0:38477], old=null RUNNING, sleep 450ms and then retry.
java.lang.IllegalStateException: No leader yet : printing ALL groups
  s0:  RUNNING CANDIDATE s0@group-8EC737A5280A:t1, leader=null, voted=s0, raftlog=s0@group-8EC737A5280A-SegmentedRaftLog:OPENED:c-1,f-1,i0, conf=-1: [s0:0.0.0.0:38477], old=null RUNNING
	at org.apache.ratis.MiniRaftCluster.newIllegalStateExceptionForNoLeaders(MiniRaftCluster.java:506)
	at org.apache.ratis.RaftTestUtil.lambda$waitForLeader$1(RaftTestUtil.java:90)
	at org.apache.ratis.MiniRaftCluster.getLeader(MiniRaftCluster.java:539)
	at org.apache.ratis.MiniRaftCluster.getLeader(MiniRaftCluster.java:532)
	at org.apache.ratis.RaftTestUtil.lambda$waitForLeader$3(RaftTestUtil.java:98)
	at org.apache.ratis.util.JavaUtils.attempt(JavaUtils.java:152)
	at org.apache.ratis.RaftTestUtil.waitForLeader(RaftTestUtil.java:97)
	at org.apache.ratis.RaftTestUtil.waitForLeader(RaftTestUtil.java:77)
	at org.apache.ratis.RaftTestUtil.waitForLeader(RaftTestUtil.java:72)
	at org.apache.ratis.RaftAsyncTests.runTestRequestAsyncWithRetryFailure(RaftAsyncTests.java:124)
	at org.apache.ratis.RaftAsyncTests.lambda$testRequestAsyncWithRetryFailureAfterInitialMessages$1(RaftAsyncTests.java:113)
	at org.apache.ratis.MiniRaftCluster$Factory$Get.runWithNewCluster(MiniRaftCluster.java:125)
	at org.apache.ratis.RaftAsyncTests.testRequestAsyncWithRetryFailureAfterInitialMessages(RaftAsyncTests.java:113)
	at sun.reflect.NativeMethodAccessorImpl.invoke0(Native Method)
	at sun.reflect.NativeMethodAccessorImpl.invoke(NativeMethodAccessorImpl.java:62)
	at sun.reflect.DelegatingMethodAccessorImpl.invoke(DelegatingMethodAccessorImpl.java:43)
	at java.lang.reflect.Method.invoke(Method.java:498)
	at org.junit.runners.model.FrameworkMethod$1.runReflectiveCall(FrameworkMethod.java:50)
	at org.junit.internal.runners.model.ReflectiveCallable.run(ReflectiveCallable.java:12)
	at org.junit.runners.model.FrameworkMethod.invokeExplosively(FrameworkMethod.java:47)
	at org.junit.internal.runners.statements.InvokeMethod.evaluate(InvokeMethod.java:17)
	at org.junit.internal.runners.statements.RunAfters.evaluate(RunAfters.java:27)
	at org.junit.internal.runners.statements.FailOnTimeout$CallableStatement.call(FailOnTimeout.java:298)
	at org.junit.internal.runners.statements.FailOnTimeout$CallableStatement.call(FailOnTimeout.java:292)
	at java.util.concurrent.FutureTask.run(FutureTask.java:266)
	at java.lang.Thread.run(Thread.java:748)
2019-09-24 16:09:46,751 WARN  ratis.RaftTestUtil (JavaUtils.java:attempt(158)) - FAILED "waitForLeader-null-(expectLeader? true)", attempt #10/100: java.lang.IllegalStateException: No leader yet : printing ALL groups
  s0:  RUNNING CANDIDATE s0@group-8EC737A5280A:t1, leader=null, voted=s0, raftlog=s0@group-8EC737A5280A-SegmentedRaftLog:OPENED:c-1,f-1,i0, conf=-1: [s0:0.0.0.0:38477], old=null RUNNING, sleep 450ms and then retry.
java.lang.IllegalStateException: No leader yet : printing ALL groups
  s0:  RUNNING CANDIDATE s0@group-8EC737A5280A:t1, leader=null, voted=s0, raftlog=s0@group-8EC737A5280A-SegmentedRaftLog:OPENED:c-1,f-1,i0, conf=-1: [s0:0.0.0.0:38477], old=null RUNNING
	at org.apache.ratis.MiniRaftCluster.newIllegalStateExceptionForNoLeaders(MiniRaftCluster.java:506)
	at org.apache.ratis.RaftTestUtil.lambda$waitForLeader$1(RaftTestUtil.java:90)
	at org.apache.ratis.MiniRaftCluster.getLeader(MiniRaftCluster.java:539)
	at org.apache.ratis.MiniRaftCluster.getLeader(MiniRaftCluster.java:532)
	at org.apache.ratis.RaftTestUtil.lambda$waitForLeader$3(RaftTestUtil.java:98)
	at org.apache.ratis.util.JavaUtils.attempt(JavaUtils.java:152)
	at org.apache.ratis.RaftTestUtil.waitForLeader(RaftTestUtil.java:97)
	at org.apache.ratis.RaftTestUtil.waitForLeader(RaftTestUtil.java:77)
	at org.apache.ratis.RaftTestUtil.waitForLeader(RaftTestUtil.java:72)
	at org.apache.ratis.RaftAsyncTests.runTestRequestAsyncWithRetryFailure(RaftAsyncTests.java:124)
	at org.apache.ratis.RaftAsyncTests.lambda$testRequestAsyncWithRetryFailureAfterInitialMessages$1(RaftAsyncTests.java:113)
	at org.apache.ratis.MiniRaftCluster$Factory$Get.runWithNewCluster(MiniRaftCluster.java:125)
	at org.apache.ratis.RaftAsyncTests.testRequestAsyncWithRetryFailureAfterInitialMessages(RaftAsyncTests.java:113)
	at sun.reflect.NativeMethodAccessorImpl.invoke0(Native Method)
	at sun.reflect.NativeMethodAccessorImpl.invoke(NativeMethodAccessorImpl.java:62)
	at sun.reflect.DelegatingMethodAccessorImpl.invoke(DelegatingMethodAccessorImpl.java:43)
	at java.lang.reflect.Method.invoke(Method.java:498)
	at org.junit.runners.model.FrameworkMethod$1.runReflectiveCall(FrameworkMethod.java:50)
	at org.junit.internal.runners.model.ReflectiveCallable.run(ReflectiveCallable.java:12)
	at org.junit.runners.model.FrameworkMethod.invokeExplosively(FrameworkMethod.java:47)
	at org.junit.internal.runners.statements.InvokeMethod.evaluate(InvokeMethod.java:17)
	at org.junit.internal.runners.statements.RunAfters.evaluate(RunAfters.java:27)
	at org.junit.internal.runners.statements.FailOnTimeout$CallableStatement.call(FailOnTimeout.java:298)
	at org.junit.internal.runners.statements.FailOnTimeout$CallableStatement.call(FailOnTimeout.java:292)
	at java.util.concurrent.FutureTask.run(FutureTask.java:266)
	at java.lang.Thread.run(Thread.java:748)
2019-09-24 16:09:47,206 WARN  ratis.RaftTestUtil (JavaUtils.java:attempt(158)) - FAILED "waitForLeader-null-(expectLeader? true)", attempt #11/100: java.lang.IllegalStateException: No leader yet : printing ALL groups
  s0:  RUNNING CANDIDATE s0@group-8EC737A5280A:t1, leader=null, voted=s0, raftlog=s0@group-8EC737A5280A-SegmentedRaftLog:OPENED:c-1,f-1,i0, conf=-1: [s0:0.0.0.0:38477], old=null RUNNING, sleep 450ms and then retry.
java.lang.IllegalStateException: No leader yet : printing ALL groups
  s0:  RUNNING CANDIDATE s0@group-8EC737A5280A:t1, leader=null, voted=s0, raftlog=s0@group-8EC737A5280A-SegmentedRaftLog:OPENED:c-1,f-1,i0, conf=-1: [s0:0.0.0.0:38477], old=null RUNNING
	at org.apache.ratis.MiniRaftCluster.newIllegalStateExceptionForNoLeaders(MiniRaftCluster.java:506)
	at org.apache.ratis.RaftTestUtil.lambda$waitForLeader$1(RaftTestUtil.java:90)
	at org.apache.ratis.MiniRaftCluster.getLeader(MiniRaftCluster.java:539)
	at org.apache.ratis.MiniRaftCluster.getLeader(MiniRaftCluster.java:532)
	at org.apache.ratis.RaftTestUtil.lambda$waitForLeader$3(RaftTestUtil.java:98)
	at org.apache.ratis.util.JavaUtils.attempt(JavaUtils.java:152)
	at org.apache.ratis.RaftTestUtil.waitForLeader(RaftTestUtil.java:97)
	at org.apache.ratis.RaftTestUtil.waitForLeader(RaftTestUtil.java:77)
	at org.apache.ratis.RaftTestUtil.waitForLeader(RaftTestUtil.java:72)
	at org.apache.ratis.RaftAsyncTests.runTestRequestAsyncWithRetryFailure(RaftAsyncTests.java:124)
	at org.apache.ratis.RaftAsyncTests.lambda$testRequestAsyncWithRetryFailureAfterInitialMessages$1(RaftAsyncTests.java:113)
	at org.apache.ratis.MiniRaftCluster$Factory$Get.runWithNewCluster(MiniRaftCluster.java:125)
	at org.apache.ratis.RaftAsyncTests.testRequestAsyncWithRetryFailureAfterInitialMessages(RaftAsyncTests.java:113)
	at sun.reflect.NativeMethodAccessorImpl.invoke0(Native Method)
	at sun.reflect.NativeMethodAccessorImpl.invoke(NativeMethodAccessorImpl.java:62)
	at sun.reflect.DelegatingMethodAccessorImpl.invoke(DelegatingMethodAccessorImpl.java:43)
	at java.lang.reflect.Method.invoke(Method.java:498)
	at org.junit.runners.model.FrameworkMethod$1.runReflectiveCall(FrameworkMethod.java:50)
	at org.junit.internal.runners.model.ReflectiveCallable.run(ReflectiveCallable.java:12)
	at org.junit.runners.model.FrameworkMethod.invokeExplosively(FrameworkMethod.java:47)
	at org.junit.internal.runners.statements.InvokeMethod.evaluate(InvokeMethod.java:17)
	at org.junit.internal.runners.statements.RunAfters.evaluate(RunAfters.java:27)
	at org.junit.internal.runners.statements.FailOnTimeout$CallableStatement.call(FailOnTimeout.java:298)
	at org.junit.internal.runners.statements.FailOnTimeout$CallableStatement.call(FailOnTimeout.java:292)
	at java.util.concurrent.FutureTask.run(FutureTask.java:266)
	at java.lang.Thread.run(Thread.java:748)
2019-09-24 16:09:47,659 WARN  ratis.RaftTestUtil (JavaUtils.java:attempt(158)) - FAILED "waitForLeader-null-(expectLeader? true)", attempt #12/100: java.lang.IllegalStateException: No leader yet : printing ALL groups
  s0:  RUNNING CANDIDATE s0@group-8EC737A5280A:t1, leader=null, voted=s0, raftlog=s0@group-8EC737A5280A-SegmentedRaftLog:OPENED:c-1,f-1,i0, conf=-1: [s0:0.0.0.0:38477], old=null RUNNING, sleep 450ms and then retry.
java.lang.IllegalStateException: No leader yet : printing ALL groups
  s0:  RUNNING CANDIDATE s0@group-8EC737A5280A:t1, leader=null, voted=s0, raftlog=s0@group-8EC737A5280A-SegmentedRaftLog:OPENED:c-1,f-1,i0, conf=-1: [s0:0.0.0.0:38477], old=null RUNNING
	at org.apache.ratis.MiniRaftCluster.newIllegalStateExceptionForNoLeaders(MiniRaftCluster.java:506)
	at org.apache.ratis.RaftTestUtil.lambda$waitForLeader$1(RaftTestUtil.java:90)
	at org.apache.ratis.MiniRaftCluster.getLeader(MiniRaftCluster.java:539)
	at org.apache.ratis.MiniRaftCluster.getLeader(MiniRaftCluster.java:532)
	at org.apache.ratis.RaftTestUtil.lambda$waitForLeader$3(RaftTestUtil.java:98)
	at org.apache.ratis.util.JavaUtils.attempt(JavaUtils.java:152)
	at org.apache.ratis.RaftTestUtil.waitForLeader(RaftTestUtil.java:97)
	at org.apache.ratis.RaftTestUtil.waitForLeader(RaftTestUtil.java:77)
	at org.apache.ratis.RaftTestUtil.waitForLeader(RaftTestUtil.java:72)
	at org.apache.ratis.RaftAsyncTests.runTestRequestAsyncWithRetryFailure(RaftAsyncTests.java:124)
	at org.apache.ratis.RaftAsyncTests.lambda$testRequestAsyncWithRetryFailureAfterInitialMessages$1(RaftAsyncTests.java:113)
	at org.apache.ratis.MiniRaftCluster$Factory$Get.runWithNewCluster(MiniRaftCluster.java:125)
	at org.apache.ratis.RaftAsyncTests.testRequestAsyncWithRetryFailureAfterInitialMessages(RaftAsyncTests.java:113)
	at sun.reflect.NativeMethodAccessorImpl.invoke0(Native Method)
	at sun.reflect.NativeMethodAccessorImpl.invoke(NativeMethodAccessorImpl.java:62)
	at sun.reflect.DelegatingMethodAccessorImpl.invoke(DelegatingMethodAccessorImpl.java:43)
	at java.lang.reflect.Method.invoke(Method.java:498)
	at org.junit.runners.model.FrameworkMethod$1.runReflectiveCall(FrameworkMethod.java:50)
	at org.junit.internal.runners.model.ReflectiveCallable.run(ReflectiveCallable.java:12)
	at org.junit.runners.model.FrameworkMethod.invokeExplosively(FrameworkMethod.java:47)
	at org.junit.internal.runners.statements.InvokeMethod.evaluate(InvokeMethod.java:17)
	at org.junit.internal.runners.statements.RunAfters.evaluate(RunAfters.java:27)
	at org.junit.internal.runners.statements.FailOnTimeout$CallableStatement.call(FailOnTimeout.java:298)
	at org.junit.internal.runners.statements.FailOnTimeout$CallableStatement.call(FailOnTimeout.java:292)
	at java.util.concurrent.FutureTask.run(FutureTask.java:266)
	at java.lang.Thread.run(Thread.java:748)
2019-09-24 16:09:48,110 WARN  ratis.RaftTestUtil (JavaUtils.java:attempt(158)) - FAILED "waitForLeader-null-(expectLeader? true)", attempt #13/100: java.lang.IllegalStateException: No leader yet : printing ALL groups
  s0:  RUNNING CANDIDATE s0@group-8EC737A5280A:t1, leader=null, voted=s0, raftlog=s0@group-8EC737A5280A-SegmentedRaftLog:OPENED:c-1,f-1,i0, conf=-1: [s0:0.0.0.0:38477], old=null RUNNING, sleep 450ms and then retry.
java.lang.IllegalStateException: No leader yet : printing ALL groups
  s0:  RUNNING CANDIDATE s0@group-8EC737A5280A:t1, leader=null, voted=s0, raftlog=s0@group-8EC737A5280A-SegmentedRaftLog:OPENED:c-1,f-1,i0, conf=-1: [s0:0.0.0.0:38477], old=null RUNNING
	at org.apache.ratis.MiniRaftCluster.newIllegalStateExceptionForNoLeaders(MiniRaftCluster.java:506)
	at org.apache.ratis.RaftTestUtil.lambda$waitForLeader$1(RaftTestUtil.java:90)
	at org.apache.ratis.MiniRaftCluster.getLeader(MiniRaftCluster.java:539)
	at org.apache.ratis.MiniRaftCluster.getLeader(MiniRaftCluster.java:532)
	at org.apache.ratis.RaftTestUtil.lambda$waitForLeader$3(RaftTestUtil.java:98)
	at org.apache.ratis.util.JavaUtils.attempt(JavaUtils.java:152)
	at org.apache.ratis.RaftTestUtil.waitForLeader(RaftTestUtil.java:97)
	at org.apache.ratis.RaftTestUtil.waitForLeader(RaftTestUtil.java:77)
	at org.apache.ratis.RaftTestUtil.waitForLeader(RaftTestUtil.java:72)
	at org.apache.ratis.RaftAsyncTests.runTestRequestAsyncWithRetryFailure(RaftAsyncTests.java:124)
	at org.apache.ratis.RaftAsyncTests.lambda$testRequestAsyncWithRetryFailureAfterInitialMessages$1(RaftAsyncTests.java:113)
	at org.apache.ratis.MiniRaftCluster$Factory$Get.runWithNewCluster(MiniRaftCluster.java:125)
	at org.apache.ratis.RaftAsyncTests.testRequestAsyncWithRetryFailureAfterInitialMessages(RaftAsyncTests.java:113)
	at sun.reflect.NativeMethodAccessorImpl.invoke0(Native Method)
	at sun.reflect.NativeMethodAccessorImpl.invoke(NativeMethodAccessorImpl.java:62)
	at sun.reflect.DelegatingMethodAccessorImpl.invoke(DelegatingMethodAccessorImpl.java:43)
	at java.lang.reflect.Method.invoke(Method.java:498)
	at org.junit.runners.model.FrameworkMethod$1.runReflectiveCall(FrameworkMethod.java:50)
	at org.junit.internal.runners.model.ReflectiveCallable.run(ReflectiveCallable.java:12)
	at org.junit.runners.model.FrameworkMethod.invokeExplosively(FrameworkMethod.java:47)
	at org.junit.internal.runners.statements.InvokeMethod.evaluate(InvokeMethod.java:17)
	at org.junit.internal.runners.statements.RunAfters.evaluate(RunAfters.java:27)
	at org.junit.internal.runners.statements.FailOnTimeout$CallableStatement.call(FailOnTimeout.java:298)
	at org.junit.internal.runners.statements.FailOnTimeout$CallableStatement.call(FailOnTimeout.java:292)
	at java.util.concurrent.FutureTask.run(FutureTask.java:266)
	at java.lang.Thread.run(Thread.java:748)
2019-09-24 16:09:48,562 WARN  ratis.RaftTestUtil (JavaUtils.java:attempt(158)) - FAILED "waitForLeader-null-(expectLeader? true)", attempt #14/100: java.lang.IllegalStateException: No leader yet : printing ALL groups
  s0:  RUNNING CANDIDATE s0@group-8EC737A5280A:t1, leader=null, voted=s0, raftlog=s0@group-8EC737A5280A-SegmentedRaftLog:OPENED:c-1,f-1,i0, conf=-1: [s0:0.0.0.0:38477], old=null RUNNING, sleep 450ms and then retry.
java.lang.IllegalStateException: No leader yet : printing ALL groups
  s0:  RUNNING CANDIDATE s0@group-8EC737A5280A:t1, leader=null, voted=s0, raftlog=s0@group-8EC737A5280A-SegmentedRaftLog:OPENED:c-1,f-1,i0, conf=-1: [s0:0.0.0.0:38477], old=null RUNNING
	at org.apache.ratis.MiniRaftCluster.newIllegalStateExceptionForNoLeaders(MiniRaftCluster.java:506)
	at org.apache.ratis.RaftTestUtil.lambda$waitForLeader$1(RaftTestUtil.java:90)
	at org.apache.ratis.MiniRaftCluster.getLeader(MiniRaftCluster.java:539)
	at org.apache.ratis.MiniRaftCluster.getLeader(MiniRaftCluster.java:532)
	at org.apache.ratis.RaftTestUtil.lambda$waitForLeader$3(RaftTestUtil.java:98)
	at org.apache.ratis.util.JavaUtils.attempt(JavaUtils.java:152)
	at org.apache.ratis.RaftTestUtil.waitForLeader(RaftTestUtil.java:97)
	at org.apache.ratis.RaftTestUtil.waitForLeader(RaftTestUtil.java:77)
	at org.apache.ratis.RaftTestUtil.waitForLeader(RaftTestUtil.java:72)
	at org.apache.ratis.RaftAsyncTests.runTestRequestAsyncWithRetryFailure(RaftAsyncTests.java:124)
	at org.apache.ratis.RaftAsyncTests.lambda$testRequestAsyncWithRetryFailureAfterInitialMessages$1(RaftAsyncTests.java:113)
	at org.apache.ratis.MiniRaftCluster$Factory$Get.runWithNewCluster(MiniRaftCluster.java:125)
	at org.apache.ratis.RaftAsyncTests.testRequestAsyncWithRetryFailureAfterInitialMessages(RaftAsyncTests.java:113)
	at sun.reflect.NativeMethodAccessorImpl.invoke0(Native Method)
	at sun.reflect.NativeMethodAccessorImpl.invoke(NativeMethodAccessorImpl.java:62)
	at sun.reflect.DelegatingMethodAccessorImpl.invoke(DelegatingMethodAccessorImpl.java:43)
	at java.lang.reflect.Method.invoke(Method.java:498)
	at org.junit.runners.model.FrameworkMethod$1.runReflectiveCall(FrameworkMethod.java:50)
	at org.junit.internal.runners.model.ReflectiveCallable.run(ReflectiveCallable.java:12)
	at org.junit.runners.model.FrameworkMethod.invokeExplosively(FrameworkMethod.java:47)
	at org.junit.internal.runners.statements.InvokeMethod.evaluate(InvokeMethod.java:17)
	at org.junit.internal.runners.statements.RunAfters.evaluate(RunAfters.java:27)
	at org.junit.internal.runners.statements.FailOnTimeout$CallableStatement.call(FailOnTimeout.java:298)
	at org.junit.internal.runners.statements.FailOnTimeout$CallableStatement.call(FailOnTimeout.java:292)
	at java.util.concurrent.FutureTask.run(FutureTask.java:266)
	at java.lang.Thread.run(Thread.java:748)
2019-09-24 16:09:49,014 WARN  ratis.RaftTestUtil (JavaUtils.java:attempt(158)) - FAILED "waitForLeader-null-(expectLeader? true)", attempt #15/100: java.lang.IllegalStateException: No leader yet : printing ALL groups
  s0:  RUNNING CANDIDATE s0@group-8EC737A5280A:t1, leader=null, voted=s0, raftlog=s0@group-8EC737A5280A-SegmentedRaftLog:OPENED:c-1,f-1,i0, conf=-1: [s0:0.0.0.0:38477], old=null RUNNING, sleep 450ms and then retry.
java.lang.IllegalStateException: No leader yet : printing ALL groups
  s0:  RUNNING CANDIDATE s0@group-8EC737A5280A:t1, leader=null, voted=s0, raftlog=s0@group-8EC737A5280A-SegmentedRaftLog:OPENED:c-1,f-1,i0, conf=-1: [s0:0.0.0.0:38477], old=null RUNNING
	at org.apache.ratis.MiniRaftCluster.newIllegalStateExceptionForNoLeaders(MiniRaftCluster.java:506)
	at org.apache.ratis.RaftTestUtil.lambda$waitForLeader$1(RaftTestUtil.java:90)
	at org.apache.ratis.MiniRaftCluster.getLeader(MiniRaftCluster.java:539)
	at org.apache.ratis.MiniRaftCluster.getLeader(MiniRaftCluster.java:532)
	at org.apache.ratis.RaftTestUtil.lambda$waitForLeader$3(RaftTestUtil.java:98)
	at org.apache.ratis.util.JavaUtils.attempt(JavaUtils.java:152)
	at org.apache.ratis.RaftTestUtil.waitForLeader(RaftTestUtil.java:97)
	at org.apache.ratis.RaftTestUtil.waitForLeader(RaftTestUtil.java:77)
	at org.apache.ratis.RaftTestUtil.waitForLeader(RaftTestUtil.java:72)
	at org.apache.ratis.RaftAsyncTests.runTestRequestAsyncWithRetryFailure(RaftAsyncTests.java:124)
	at org.apache.ratis.RaftAsyncTests.lambda$testRequestAsyncWithRetryFailureAfterInitialMessages$1(RaftAsyncTests.java:113)
	at org.apache.ratis.MiniRaftCluster$Factory$Get.runWithNewCluster(MiniRaftCluster.java:125)
	at org.apache.ratis.RaftAsyncTests.testRequestAsyncWithRetryFailureAfterInitialMessages(RaftAsyncTests.java:113)
	at sun.reflect.NativeMethodAccessorImpl.invoke0(Native Method)
	at sun.reflect.NativeMethodAccessorImpl.invoke(NativeMethodAccessorImpl.java:62)
	at sun.reflect.DelegatingMethodAccessorImpl.invoke(DelegatingMethodAccessorImpl.java:43)
	at java.lang.reflect.Method.invoke(Method.java:498)
	at org.junit.runners.model.FrameworkMethod$1.runReflectiveCall(FrameworkMethod.java:50)
	at org.junit.internal.runners.model.ReflectiveCallable.run(ReflectiveCallable.java:12)
	at org.junit.runners.model.FrameworkMethod.invokeExplosively(FrameworkMethod.java:47)
	at org.junit.internal.runners.statements.InvokeMethod.evaluate(InvokeMethod.java:17)
	at org.junit.internal.runners.statements.RunAfters.evaluate(RunAfters.java:27)
	at org.junit.internal.runners.statements.FailOnTimeout$CallableStatement.call(FailOnTimeout.java:298)
	at org.junit.internal.runners.statements.FailOnTimeout$CallableStatement.call(FailOnTimeout.java:292)
	at java.util.concurrent.FutureTask.run(FutureTask.java:266)
	at java.lang.Thread.run(Thread.java:748)
2019-09-24 16:09:49,466 WARN  ratis.RaftTestUtil (JavaUtils.java:attempt(158)) - FAILED "waitForLeader-null-(expectLeader? true)", attempt #16/100: java.lang.IllegalStateException: No leader yet : printing ALL groups
  s0:  RUNNING CANDIDATE s0@group-8EC737A5280A:t1, leader=null, voted=s0, raftlog=s0@group-8EC737A5280A-SegmentedRaftLog:OPENED:c-1,f-1,i0, conf=-1: [s0:0.0.0.0:38477], old=null RUNNING, sleep 450ms and then retry.
java.lang.IllegalStateException: No leader yet : printing ALL groups
  s0:  RUNNING CANDIDATE s0@group-8EC737A5280A:t1, leader=null, voted=s0, raftlog=s0@group-8EC737A5280A-SegmentedRaftLog:OPENED:c-1,f-1,i0, conf=-1: [s0:0.0.0.0:38477], old=null RUNNING
	at org.apache.ratis.MiniRaftCluster.newIllegalStateExceptionForNoLeaders(MiniRaftCluster.java:506)
	at org.apache.ratis.RaftTestUtil.lambda$waitForLeader$1(RaftTestUtil.java:90)
	at org.apache.ratis.MiniRaftCluster.getLeader(MiniRaftCluster.java:539)
	at org.apache.ratis.MiniRaftCluster.getLeader(MiniRaftCluster.java:532)
	at org.apache.ratis.RaftTestUtil.lambda$waitForLeader$3(RaftTestUtil.java:98)
	at org.apache.ratis.util.JavaUtils.attempt(JavaUtils.java:152)
	at org.apache.ratis.RaftTestUtil.waitForLeader(RaftTestUtil.java:97)
	at org.apache.ratis.RaftTestUtil.waitForLeader(RaftTestUtil.java:77)
	at org.apache.ratis.RaftTestUtil.waitForLeader(RaftTestUtil.java:72)
	at org.apache.ratis.RaftAsyncTests.runTestRequestAsyncWithRetryFailure(RaftAsyncTests.java:124)
	at org.apache.ratis.RaftAsyncTests.lambda$testRequestAsyncWithRetryFailureAfterInitialMessages$1(RaftAsyncTests.java:113)
	at org.apache.ratis.MiniRaftCluster$Factory$Get.runWithNewCluster(MiniRaftCluster.java:125)
	at org.apache.ratis.RaftAsyncTests.testRequestAsyncWithRetryFailureAfterInitialMessages(RaftAsyncTests.java:113)
	at sun.reflect.NativeMethodAccessorImpl.invoke0(Native Method)
	at sun.reflect.NativeMethodAccessorImpl.invoke(NativeMethodAccessorImpl.java:62)
	at sun.reflect.DelegatingMethodAccessorImpl.invoke(DelegatingMethodAccessorImpl.java:43)
	at java.lang.reflect.Method.invoke(Method.java:498)
	at org.junit.runners.model.FrameworkMethod$1.runReflectiveCall(FrameworkMethod.java:50)
	at org.junit.internal.runners.model.ReflectiveCallable.run(ReflectiveCallable.java:12)
	at org.junit.runners.model.FrameworkMethod.invokeExplosively(FrameworkMethod.java:47)
	at org.junit.internal.runners.statements.InvokeMethod.evaluate(InvokeMethod.java:17)
	at org.junit.internal.runners.statements.RunAfters.evaluate(RunAfters.java:27)
	at org.junit.internal.runners.statements.FailOnTimeout$CallableStatement.call(FailOnTimeout.java:298)
	at org.junit.internal.runners.statements.FailOnTimeout$CallableStatement.call(FailOnTimeout.java:292)
	at java.util.concurrent.FutureTask.run(FutureTask.java:266)
	at java.lang.Thread.run(Thread.java:748)
2019-09-24 16:09:49,917 WARN  ratis.RaftTestUtil (JavaUtils.java:attempt(158)) - FAILED "waitForLeader-null-(expectLeader? true)", attempt #17/100: java.lang.IllegalStateException: No leader yet : printing ALL groups
  s0:  RUNNING CANDIDATE s0@group-8EC737A5280A:t1, leader=null, voted=s0, raftlog=s0@group-8EC737A5280A-SegmentedRaftLog:OPENED:c-1,f-1,i0, conf=-1: [s0:0.0.0.0:38477], old=null RUNNING, sleep 450ms and then retry.
java.lang.IllegalStateException: No leader yet : printing ALL groups
  s0:  RUNNING CANDIDATE s0@group-8EC737A5280A:t1, leader=null, voted=s0, raftlog=s0@group-8EC737A5280A-SegmentedRaftLog:OPENED:c-1,f-1,i0, conf=-1: [s0:0.0.0.0:38477], old=null RUNNING
	at org.apache.ratis.MiniRaftCluster.newIllegalStateExceptionForNoLeaders(MiniRaftCluster.java:506)
	at org.apache.ratis.RaftTestUtil.lambda$waitForLeader$1(RaftTestUtil.java:90)
	at org.apache.ratis.MiniRaftCluster.getLeader(MiniRaftCluster.java:539)
	at org.apache.ratis.MiniRaftCluster.getLeader(MiniRaftCluster.java:532)
	at org.apache.ratis.RaftTestUtil.lambda$waitForLeader$3(RaftTestUtil.java:98)
	at org.apache.ratis.util.JavaUtils.attempt(JavaUtils.java:152)
	at org.apache.ratis.RaftTestUtil.waitForLeader(RaftTestUtil.java:97)
	at org.apache.ratis.RaftTestUtil.waitForLeader(RaftTestUtil.java:77)
	at org.apache.ratis.RaftTestUtil.waitForLeader(RaftTestUtil.java:72)
	at org.apache.ratis.RaftAsyncTests.runTestRequestAsyncWithRetryFailure(RaftAsyncTests.java:124)
	at org.apache.ratis.RaftAsyncTests.lambda$testRequestAsyncWithRetryFailureAfterInitialMessages$1(RaftAsyncTests.java:113)
	at org.apache.ratis.MiniRaftCluster$Factory$Get.runWithNewCluster(MiniRaftCluster.java:125)
	at org.apache.ratis.RaftAsyncTests.testRequestAsyncWithRetryFailureAfterInitialMessages(RaftAsyncTests.java:113)
	at sun.reflect.NativeMethodAccessorImpl.invoke0(Native Method)
	at sun.reflect.NativeMethodAccessorImpl.invoke(NativeMethodAccessorImpl.java:62)
	at sun.reflect.DelegatingMethodAccessorImpl.invoke(DelegatingMethodAccessorImpl.java:43)
	at java.lang.reflect.Method.invoke(Method.java:498)
	at org.junit.runners.model.FrameworkMethod$1.runReflectiveCall(FrameworkMethod.java:50)
	at org.junit.internal.runners.model.ReflectiveCallable.run(ReflectiveCallable.java:12)
	at org.junit.runners.model.FrameworkMethod.invokeExplosively(FrameworkMethod.java:47)
	at org.junit.internal.runners.statements.InvokeMethod.evaluate(InvokeMethod.java:17)
	at org.junit.internal.runners.statements.RunAfters.evaluate(RunAfters.java:27)
	at org.junit.internal.runners.statements.FailOnTimeout$CallableStatement.call(FailOnTimeout.java:298)
	at org.junit.internal.runners.statements.FailOnTimeout$CallableStatement.call(FailOnTimeout.java:292)
	at java.util.concurrent.FutureTask.run(FutureTask.java:266)
	at java.lang.Thread.run(Thread.java:748)
2019-09-24 16:09:50,369 WARN  ratis.RaftTestUtil (JavaUtils.java:attempt(158)) - FAILED "waitForLeader-null-(expectLeader? true)", attempt #18/100: java.lang.IllegalStateException: No leader yet : printing ALL groups
  s0:  RUNNING CANDIDATE s0@group-8EC737A5280A:t1, leader=null, voted=s0, raftlog=s0@group-8EC737A5280A-SegmentedRaftLog:OPENED:c-1,f-1,i0, conf=-1: [s0:0.0.0.0:38477], old=null RUNNING, sleep 450ms and then retry.
java.lang.IllegalStateException: No leader yet : printing ALL groups
  s0:  RUNNING CANDIDATE s0@group-8EC737A5280A:t1, leader=null, voted=s0, raftlog=s0@group-8EC737A5280A-SegmentedRaftLog:OPENED:c-1,f-1,i0, conf=-1: [s0:0.0.0.0:38477], old=null RUNNING
	at org.apache.ratis.MiniRaftCluster.newIllegalStateExceptionForNoLeaders(MiniRaftCluster.java:506)
	at org.apache.ratis.RaftTestUtil.lambda$waitForLeader$1(RaftTestUtil.java:90)
	at org.apache.ratis.MiniRaftCluster.getLeader(MiniRaftCluster.java:539)
	at org.apache.ratis.MiniRaftCluster.getLeader(MiniRaftCluster.java:532)
	at org.apache.ratis.RaftTestUtil.lambda$waitForLeader$3(RaftTestUtil.java:98)
	at org.apache.ratis.util.JavaUtils.attempt(JavaUtils.java:152)
	at org.apache.ratis.RaftTestUtil.waitForLeader(RaftTestUtil.java:97)
	at org.apache.ratis.RaftTestUtil.waitForLeader(RaftTestUtil.java:77)
	at org.apache.ratis.RaftTestUtil.waitForLeader(RaftTestUtil.java:72)
	at org.apache.ratis.RaftAsyncTests.runTestRequestAsyncWithRetryFailure(RaftAsyncTests.java:124)
	at org.apache.ratis.RaftAsyncTests.lambda$testRequestAsyncWithRetryFailureAfterInitialMessages$1(RaftAsyncTests.java:113)
	at org.apache.ratis.MiniRaftCluster$Factory$Get.runWithNewCluster(MiniRaftCluster.java:125)
	at org.apache.ratis.RaftAsyncTests.testRequestAsyncWithRetryFailureAfterInitialMessages(RaftAsyncTests.java:113)
	at sun.reflect.NativeMethodAccessorImpl.invoke0(Native Method)
	at sun.reflect.NativeMethodAccessorImpl.invoke(NativeMethodAccessorImpl.java:62)
	at sun.reflect.DelegatingMethodAccessorImpl.invoke(DelegatingMethodAccessorImpl.java:43)
	at java.lang.reflect.Method.invoke(Method.java:498)
	at org.junit.runners.model.FrameworkMethod$1.runReflectiveCall(FrameworkMethod.java:50)
	at org.junit.internal.runners.model.ReflectiveCallable.run(ReflectiveCallable.java:12)
	at org.junit.runners.model.FrameworkMethod.invokeExplosively(FrameworkMethod.java:47)
	at org.junit.internal.runners.statements.InvokeMethod.evaluate(InvokeMethod.java:17)
	at org.junit.internal.runners.statements.RunAfters.evaluate(RunAfters.java:27)
	at org.junit.internal.runners.statements.FailOnTimeout$CallableStatement.call(FailOnTimeout.java:298)
	at org.junit.internal.runners.statements.FailOnTimeout$CallableStatement.call(FailOnTimeout.java:292)
	at java.util.concurrent.FutureTask.run(FutureTask.java:266)
	at java.lang.Thread.run(Thread.java:748)
2019-09-24 16:09:50,822 WARN  ratis.RaftTestUtil (JavaUtils.java:attempt(158)) - FAILED "waitForLeader-null-(expectLeader? true)", attempt #19/100: java.lang.IllegalStateException: No leader yet : printing ALL groups
  s0:  RUNNING CANDIDATE s0@group-8EC737A5280A:t1, leader=null, voted=s0, raftlog=s0@group-8EC737A5280A-SegmentedRaftLog:OPENED:c-1,f-1,i0, conf=-1: [s0:0.0.0.0:38477], old=null RUNNING, sleep 450ms and then retry.
java.lang.IllegalStateException: No leader yet : printing ALL groups
  s0:  RUNNING CANDIDATE s0@group-8EC737A5280A:t1, leader=null, voted=s0, raftlog=s0@group-8EC737A5280A-SegmentedRaftLog:OPENED:c-1,f-1,i0, conf=-1: [s0:0.0.0.0:38477], old=null RUNNING
	at org.apache.ratis.MiniRaftCluster.newIllegalStateExceptionForNoLeaders(MiniRaftCluster.java:506)
	at org.apache.ratis.RaftTestUtil.lambda$waitForLeader$1(RaftTestUtil.java:90)
	at org.apache.ratis.MiniRaftCluster.getLeader(MiniRaftCluster.java:539)
	at org.apache.ratis.MiniRaftCluster.getLeader(MiniRaftCluster.java:532)
	at org.apache.ratis.RaftTestUtil.lambda$waitForLeader$3(RaftTestUtil.java:98)
	at org.apache.ratis.util.JavaUtils.attempt(JavaUtils.java:152)
	at org.apache.ratis.RaftTestUtil.waitForLeader(RaftTestUtil.java:97)
	at org.apache.ratis.RaftTestUtil.waitForLeader(RaftTestUtil.java:77)
	at org.apache.ratis.RaftTestUtil.waitForLeader(RaftTestUtil.java:72)
	at org.apache.ratis.RaftAsyncTests.runTestRequestAsyncWithRetryFailure(RaftAsyncTests.java:124)
	at org.apache.ratis.RaftAsyncTests.lambda$testRequestAsyncWithRetryFailureAfterInitialMessages$1(RaftAsyncTests.java:113)
	at org.apache.ratis.MiniRaftCluster$Factory$Get.runWithNewCluster(MiniRaftCluster.java:125)
	at org.apache.ratis.RaftAsyncTests.testRequestAsyncWithRetryFailureAfterInitialMessages(RaftAsyncTests.java:113)
	at sun.reflect.NativeMethodAccessorImpl.invoke0(Native Method)
	at sun.reflect.NativeMethodAccessorImpl.invoke(NativeMethodAccessorImpl.java:62)
	at sun.reflect.DelegatingMethodAccessorImpl.invoke(DelegatingMethodAccessorImpl.java:43)
	at java.lang.reflect.Method.invoke(Method.java:498)
	at org.junit.runners.model.FrameworkMethod$1.runReflectiveCall(FrameworkMethod.java:50)
	at org.junit.internal.runners.model.ReflectiveCallable.run(ReflectiveCallable.java:12)
	at org.junit.runners.model.FrameworkMethod.invokeExplosively(FrameworkMethod.java:47)
	at org.junit.internal.runners.statements.InvokeMethod.evaluate(InvokeMethod.java:17)
	at org.junit.internal.runners.statements.RunAfters.evaluate(RunAfters.java:27)
	at org.junit.internal.runners.statements.FailOnTimeout$CallableStatement.call(FailOnTimeout.java:298)
	at org.junit.internal.runners.statements.FailOnTimeout$CallableStatement.call(FailOnTimeout.java:292)
	at java.util.concurrent.FutureTask.run(FutureTask.java:266)
	at java.lang.Thread.run(Thread.java:748)
2019-09-24 16:09:51,273 WARN  ratis.RaftTestUtil (JavaUtils.java:attempt(158)) - FAILED "waitForLeader-null-(expectLeader? true)", attempt #20/100: java.lang.IllegalStateException: No leader yet : printing ALL groups
  s0:  RUNNING CANDIDATE s0@group-8EC737A5280A:t1, leader=null, voted=s0, raftlog=s0@group-8EC737A5280A-SegmentedRaftLog:OPENED:c-1,f-1,i0, conf=-1: [s0:0.0.0.0:38477], old=null RUNNING, sleep 450ms and then retry.
java.lang.IllegalStateException: No leader yet : printing ALL groups
  s0:  RUNNING CANDIDATE s0@group-8EC737A5280A:t1, leader=null, voted=s0, raftlog=s0@group-8EC737A5280A-SegmentedRaftLog:OPENED:c-1,f-1,i0, conf=-1: [s0:0.0.0.0:38477], old=null RUNNING
	at org.apache.ratis.MiniRaftCluster.newIllegalStateExceptionForNoLeaders(MiniRaftCluster.java:506)
	at org.apache.ratis.RaftTestUtil.lambda$waitForLeader$1(RaftTestUtil.java:90)
	at org.apache.ratis.MiniRaftCluster.getLeader(MiniRaftCluster.java:539)
	at org.apache.ratis.MiniRaftCluster.getLeader(MiniRaftCluster.java:532)
	at org.apache.ratis.RaftTestUtil.lambda$waitForLeader$3(RaftTestUtil.java:98)
	at org.apache.ratis.util.JavaUtils.attempt(JavaUtils.java:152)
	at org.apache.ratis.RaftTestUtil.waitForLeader(RaftTestUtil.java:97)
	at org.apache.ratis.RaftTestUtil.waitForLeader(RaftTestUtil.java:77)
	at org.apache.ratis.RaftTestUtil.waitForLeader(RaftTestUtil.java:72)
	at org.apache.ratis.RaftAsyncTests.runTestRequestAsyncWithRetryFailure(RaftAsyncTests.java:124)
	at org.apache.ratis.RaftAsyncTests.lambda$testRequestAsyncWithRetryFailureAfterInitialMessages$1(RaftAsyncTests.java:113)
	at org.apache.ratis.MiniRaftCluster$Factory$Get.runWithNewCluster(MiniRaftCluster.java:125)
	at org.apache.ratis.RaftAsyncTests.testRequestAsyncWithRetryFailureAfterInitialMessages(RaftAsyncTests.java:113)
	at sun.reflect.NativeMethodAccessorImpl.invoke0(Native Method)
	at sun.reflect.NativeMethodAccessorImpl.invoke(NativeMethodAccessorImpl.java:62)
	at sun.reflect.DelegatingMethodAccessorImpl.invoke(DelegatingMethodAccessorImpl.java:43)
	at java.lang.reflect.Method.invoke(Method.java:498)
	at org.junit.runners.model.FrameworkMethod$1.runReflectiveCall(FrameworkMethod.java:50)
	at org.junit.internal.runners.model.ReflectiveCallable.run(ReflectiveCallable.java:12)
	at org.junit.runners.model.FrameworkMethod.invokeExplosively(FrameworkMethod.java:47)
	at org.junit.internal.runners.statements.InvokeMethod.evaluate(InvokeMethod.java:17)
	at org.junit.internal.runners.statements.RunAfters.evaluate(RunAfters.java:27)
	at org.junit.internal.runners.statements.FailOnTimeout$CallableStatement.call(FailOnTimeout.java:298)
	at org.junit.internal.runners.statements.FailOnTimeout$CallableStatement.call(FailOnTimeout.java:292)
	at java.util.concurrent.FutureTask.run(FutureTask.java:266)
	at java.lang.Thread.run(Thread.java:748)
2019-09-24 16:09:51,727 WARN  ratis.RaftTestUtil (JavaUtils.java:attempt(158)) - FAILED "waitForLeader-null-(expectLeader? true)", attempt #21/100: java.lang.IllegalStateException: No leader yet : printing ALL groups
  s0:  RUNNING CANDIDATE s0@group-8EC737A5280A:t1, leader=null, voted=s0, raftlog=s0@group-8EC737A5280A-SegmentedRaftLog:OPENED:c-1,f-1,i0, conf=-1: [s0:0.0.0.0:38477], old=null RUNNING, sleep 450ms and then retry.
java.lang.IllegalStateException: No leader yet : printing ALL groups
  s0:  RUNNING CANDIDATE s0@group-8EC737A5280A:t1, leader=null, voted=s0, raftlog=s0@group-8EC737A5280A-SegmentedRaftLog:OPENED:c-1,f-1,i0, conf=-1: [s0:0.0.0.0:38477], old=null RUNNING
	at org.apache.ratis.MiniRaftCluster.newIllegalStateExceptionForNoLeaders(MiniRaftCluster.java:506)
	at org.apache.ratis.RaftTestUtil.lambda$waitForLeader$1(RaftTestUtil.java:90)
	at org.apache.ratis.MiniRaftCluster.getLeader(MiniRaftCluster.java:539)
	at org.apache.ratis.MiniRaftCluster.getLeader(MiniRaftCluster.java:532)
	at org.apache.ratis.RaftTestUtil.lambda$waitForLeader$3(RaftTestUtil.java:98)
	at org.apache.ratis.util.JavaUtils.attempt(JavaUtils.java:152)
	at org.apache.ratis.RaftTestUtil.waitForLeader(RaftTestUtil.java:97)
	at org.apache.ratis.RaftTestUtil.waitForLeader(RaftTestUtil.java:77)
	at org.apache.ratis.RaftTestUtil.waitForLeader(RaftTestUtil.java:72)
	at org.apache.ratis.RaftAsyncTests.runTestRequestAsyncWithRetryFailure(RaftAsyncTests.java:124)
	at org.apache.ratis.RaftAsyncTests.lambda$testRequestAsyncWithRetryFailureAfterInitialMessages$1(RaftAsyncTests.java:113)
	at org.apache.ratis.MiniRaftCluster$Factory$Get.runWithNewCluster(MiniRaftCluster.java:125)
	at org.apache.ratis.RaftAsyncTests.testRequestAsyncWithRetryFailureAfterInitialMessages(RaftAsyncTests.java:113)
	at sun.reflect.NativeMethodAccessorImpl.invoke0(Native Method)
	at sun.reflect.NativeMethodAccessorImpl.invoke(NativeMethodAccessorImpl.java:62)
	at sun.reflect.DelegatingMethodAccessorImpl.invoke(DelegatingMethodAccessorImpl.java:43)
	at java.lang.reflect.Method.invoke(Method.java:498)
	at org.junit.runners.model.FrameworkMethod$1.runReflectiveCall(FrameworkMethod.java:50)
	at org.junit.internal.runners.model.ReflectiveCallable.run(ReflectiveCallable.java:12)
	at org.junit.runners.model.FrameworkMethod.invokeExplosively(FrameworkMethod.java:47)
	at org.junit.internal.runners.statements.InvokeMethod.evaluate(InvokeMethod.java:17)
	at org.junit.internal.runners.statements.RunAfters.evaluate(RunAfters.java:27)
	at org.junit.internal.runners.statements.FailOnTimeout$CallableStatement.call(FailOnTimeout.java:298)
	at org.junit.internal.runners.statements.FailOnTimeout$CallableStatement.call(FailOnTimeout.java:292)
	at java.util.concurrent.FutureTask.run(FutureTask.java:266)
	at java.lang.Thread.run(Thread.java:748)
2019-09-24 16:09:52,178 WARN  ratis.RaftTestUtil (JavaUtils.java:attempt(158)) - FAILED "waitForLeader-null-(expectLeader? true)", attempt #22/100: java.lang.IllegalStateException: No leader yet : printing ALL groups
  s0:  RUNNING CANDIDATE s0@group-8EC737A5280A:t1, leader=null, voted=s0, raftlog=s0@group-8EC737A5280A-SegmentedRaftLog:OPENED:c-1,f-1,i0, conf=-1: [s0:0.0.0.0:38477], old=null RUNNING, sleep 450ms and then retry.
java.lang.IllegalStateException: No leader yet : printing ALL groups
  s0:  RUNNING CANDIDATE s0@group-8EC737A5280A:t1, leader=null, voted=s0, raftlog=s0@group-8EC737A5280A-SegmentedRaftLog:OPENED:c-1,f-1,i0, conf=-1: [s0:0.0.0.0:38477], old=null RUNNING
	at org.apache.ratis.MiniRaftCluster.newIllegalStateExceptionForNoLeaders(MiniRaftCluster.java:506)
	at org.apache.ratis.RaftTestUtil.lambda$waitForLeader$1(RaftTestUtil.java:90)
	at org.apache.ratis.MiniRaftCluster.getLeader(MiniRaftCluster.java:539)
	at org.apache.ratis.MiniRaftCluster.getLeader(MiniRaftCluster.java:532)
	at org.apache.ratis.RaftTestUtil.lambda$waitForLeader$3(RaftTestUtil.java:98)
	at org.apache.ratis.util.JavaUtils.attempt(JavaUtils.java:152)
	at org.apache.ratis.RaftTestUtil.waitForLeader(RaftTestUtil.java:97)
	at org.apache.ratis.RaftTestUtil.waitForLeader(RaftTestUtil.java:77)
	at org.apache.ratis.RaftTestUtil.waitForLeader(RaftTestUtil.java:72)
	at org.apache.ratis.RaftAsyncTests.runTestRequestAsyncWithRetryFailure(RaftAsyncTests.java:124)
	at org.apache.ratis.RaftAsyncTests.lambda$testRequestAsyncWithRetryFailureAfterInitialMessages$1(RaftAsyncTests.java:113)
	at org.apache.ratis.MiniRaftCluster$Factory$Get.runWithNewCluster(MiniRaftCluster.java:125)
	at org.apache.ratis.RaftAsyncTests.testRequestAsyncWithRetryFailureAfterInitialMessages(RaftAsyncTests.java:113)
	at sun.reflect.NativeMethodAccessorImpl.invoke0(Native Method)
	at sun.reflect.NativeMethodAccessorImpl.invoke(NativeMethodAccessorImpl.java:62)
	at sun.reflect.DelegatingMethodAccessorImpl.invoke(DelegatingMethodAccessorImpl.java:43)
	at java.lang.reflect.Method.invoke(Method.java:498)
	at org.junit.runners.model.FrameworkMethod$1.runReflectiveCall(FrameworkMethod.java:50)
	at org.junit.internal.runners.model.ReflectiveCallable.run(ReflectiveCallable.java:12)
	at org.junit.runners.model.FrameworkMethod.invokeExplosively(FrameworkMethod.java:47)
	at org.junit.internal.runners.statements.InvokeMethod.evaluate(InvokeMethod.java:17)
	at org.junit.internal.runners.statements.RunAfters.evaluate(RunAfters.java:27)
	at org.junit.internal.runners.statements.FailOnTimeout$CallableStatement.call(FailOnTimeout.java:298)
	at org.junit.internal.runners.statements.FailOnTimeout$CallableStatement.call(FailOnTimeout.java:292)
	at java.util.concurrent.FutureTask.run(FutureTask.java:266)
	at java.lang.Thread.run(Thread.java:748)
2019-09-24 16:09:52,629 WARN  ratis.RaftTestUtil (JavaUtils.java:attempt(158)) - FAILED "waitForLeader-null-(expectLeader? true)", attempt #23/100: java.lang.IllegalStateException: No leader yet : printing ALL groups
  s0:  RUNNING CANDIDATE s0@group-8EC737A5280A:t1, leader=null, voted=s0, raftlog=s0@group-8EC737A5280A-SegmentedRaftLog:OPENED:c-1,f-1,i0, conf=-1: [s0:0.0.0.0:38477], old=null RUNNING, sleep 450ms and then retry.
java.lang.IllegalStateException: No leader yet : printing ALL groups
  s0:  RUNNING CANDIDATE s0@group-8EC737A5280A:t1, leader=null, voted=s0, raftlog=s0@group-8EC737A5280A-SegmentedRaftLog:OPENED:c-1,f-1,i0, conf=-1: [s0:0.0.0.0:38477], old=null RUNNING
	at org.apache.ratis.MiniRaftCluster.newIllegalStateExceptionForNoLeaders(MiniRaftCluster.java:506)
	at org.apache.ratis.RaftTestUtil.lambda$waitForLeader$1(RaftTestUtil.java:90)
	at org.apache.ratis.MiniRaftCluster.getLeader(MiniRaftCluster.java:539)
	at org.apache.ratis.MiniRaftCluster.getLeader(MiniRaftCluster.java:532)
	at org.apache.ratis.RaftTestUtil.lambda$waitForLeader$3(RaftTestUtil.java:98)
	at org.apache.ratis.util.JavaUtils.attempt(JavaUtils.java:152)
	at org.apache.ratis.RaftTestUtil.waitForLeader(RaftTestUtil.java:97)
	at org.apache.ratis.RaftTestUtil.waitForLeader(RaftTestUtil.java:77)
	at org.apache.ratis.RaftTestUtil.waitForLeader(RaftTestUtil.java:72)
	at org.apache.ratis.RaftAsyncTests.runTestRequestAsyncWithRetryFailure(RaftAsyncTests.java:124)
	at org.apache.ratis.RaftAsyncTests.lambda$testRequestAsyncWithRetryFailureAfterInitialMessages$1(RaftAsyncTests.java:113)
	at org.apache.ratis.MiniRaftCluster$Factory$Get.runWithNewCluster(MiniRaftCluster.java:125)
	at org.apache.ratis.RaftAsyncTests.testRequestAsyncWithRetryFailureAfterInitialMessages(RaftAsyncTests.java:113)
	at sun.reflect.NativeMethodAccessorImpl.invoke0(Native Method)
	at sun.reflect.NativeMethodAccessorImpl.invoke(NativeMethodAccessorImpl.java:62)
	at sun.reflect.DelegatingMethodAccessorImpl.invoke(DelegatingMethodAccessorImpl.java:43)
	at java.lang.reflect.Method.invoke(Method.java:498)
	at org.junit.runners.model.FrameworkMethod$1.runReflectiveCall(FrameworkMethod.java:50)
	at org.junit.internal.runners.model.ReflectiveCallable.run(ReflectiveCallable.java:12)
	at org.junit.runners.model.FrameworkMethod.invokeExplosively(FrameworkMethod.java:47)
	at org.junit.internal.runners.statements.InvokeMethod.evaluate(InvokeMethod.java:17)
	at org.junit.internal.runners.statements.RunAfters.evaluate(RunAfters.java:27)
	at org.junit.internal.runners.statements.FailOnTimeout$CallableStatement.call(FailOnTimeout.java:298)
	at org.junit.internal.runners.statements.FailOnTimeout$CallableStatement.call(FailOnTimeout.java:292)
	at java.util.concurrent.FutureTask.run(FutureTask.java:266)
	at java.lang.Thread.run(Thread.java:748)
2019-09-24 16:09:52,680 INFO  ratis.MiniRaftCluster (MiniRaftCluster.java:lambda$null$5(297)) - TIMED-PRINT: printing ALL groups
  s0:  RUNNING CANDIDATE s0@group-8EC737A5280A:t1, leader=null, voted=s0, raftlog=s0@group-8EC737A5280A-SegmentedRaftLog:OPENED:c-1,f-1,i0, conf=-1: [s0:0.0.0.0:38477], old=null RUNNING
2019-09-24 16:09:52,820 INFO  impl.LeaderElection (LeaderElection.java:askForVotes(178)) - s0@group-8EC737A5280A-LeaderElection49: begin an election at term 1 for -1: [s0:0.0.0.0:38477], old=null
2019-09-24 16:09:52,820 INFO  impl.RoleInfo (RoleInfo.java:shutdownLeaderElection(134)) - s0: shutdown LeaderElection
2019-09-24 16:09:52,821 INFO  impl.RaftServerImpl (RaftServerImpl.java:setRole(170)) - s0@group-8EC737A5280A: changes role from CANDIDATE to LEADER at term 1 for changeToLeader
2019-09-24 16:09:52,821 INFO  impl.RaftServerImpl (ServerState.java:setLeader(254)) - s0@group-8EC737A5280A: change Leader from null to s0 at term 1 for becomeLeader, leader elected after 10167ms
2019-09-24 16:09:52,821 INFO  server.RaftServerConfigKeys (ConfUtils.java:logGet(43)) - raft.server.staging.catchup.gap = 1000 (default)
2019-09-24 16:09:52,822 INFO  server.RaftServerConfigKeys (ConfUtils.java:logGet(43)) - raft.server.rpc.sleep.time = 25ms (default)
2019-09-24 16:09:52,822 INFO  server.RaftServerConfigKeys (ConfUtils.java:logGet(43)) - raft.server.write.element-limit = 4096 (default)
2019-09-24 16:09:52,822 INFO  server.RaftServerConfigKeys (ConfUtils.java:logGet(43)) - raft.server.watch.timeout = 10s (default)
2019-09-24 16:09:52,823 INFO  server.RaftServerConfigKeys (ConfUtils.java:logGet(43)) - raft.server.watch.timeout.denomination = 1s (default)
2019-09-24 16:09:52,823 INFO  server.RaftServerConfigKeys (ConfUtils.java:logGet(43)) - raft.server.watch.element-limit = 65536 (default)
2019-09-24 16:09:52,829 INFO  impl.RoleInfo (RoleInfo.java:updateAndGet(143)) - s0: start LeaderState
2019-09-24 16:09:52,830 INFO  segmented.SegmentedRaftLogWorker (SegmentedRaftLogWorker.java:startLogSegment(380)) - s0@group-8EC737A5280A-SegmentedRaftLogWorker: Starting segment from index:0
2019-09-24 16:09:52,831 INFO  impl.RaftServerImpl (ServerState.java:setRaftConf(355)) - s0@group-8EC737A5280A: set configuration 0: [s0:0.0.0.0:38477], old=null at 0
2019-09-24 16:09:53,080 INFO  ratis.RaftTestUtil (RaftTestUtil.java:waitForLeader(101)) - printing ALL groups
  s0:  RUNNING    LEADER s0@group-8EC737A5280A:t1, leader=s0, voted=s0, raftlog=s0@group-8EC737A5280A-SegmentedRaftLog:OPENED:c-1,f-1,i0, conf=0: [s0:0.0.0.0:38477], old=null RUNNING
2019-09-24 16:09:53,089 DEBUG impl.RaftServerImpl (RaftServerImpl.java:submitClientRequestAsync(533)) - s0@group-8EC737A5280A: receive client request(RaftClientRequest:client-480B097967F6->s0@group-8EC737A5280A, cid=5338, seq=1*, RW, Message:696e697469616c2d30)
2019-09-24 16:09:53,092 DEBUG client.RaftClient (RaftClientImpl.java:handleIOException(343)) - client-480B097967F6: suggested new leader: null. Failed RaftClientRequest:client-480B097967F6->s0@group-8EC737A5280A, cid=5338, seq=1*, RW, initial-0 with org.apache.ratis.protocol.LeaderNotReadyException: s0@group-8EC737A5280A is in LEADER state but not ready yet.
2019-09-24 16:09:53,194 DEBUG client.RaftClient (RaftClientImpl.java:handleIOException(343)) - client-480B097967F6: suggested new leader: null. Failed RaftClientRequest:client-480B097967F6->s0@group-8EC737A5280A, cid=5338, seq=1*, RW, initial-0 with org.apache.ratis.protocol.AlreadyClosedException: client-480B097967F6->s0 is closed.
2019-09-24 16:09:53,195 DEBUG client.RaftClient (RaftClientImpl.java:handleIOException(362)) - client-480B097967F6: oldLeader=s0,  curLeader=s0, newLeader=null
2019-09-24 16:09:53,299 DEBUG impl.RaftServerImpl (RaftServerImpl.java:submitClientRequestAsync(533)) - s0@group-8EC737A5280A: receive client request(RaftClientRequest:client-480B097967F6->s0@group-8EC737A5280A, cid=5338, seq=1*, RW, Message:696e697469616c2d30)
2019-09-24 16:09:53,300 DEBUG client.RaftClient (RaftClientImpl.java:handleIOException(343)) - client-480B097967F6: suggested new leader: null. Failed RaftClientRequest:client-480B097967F6->s0@group-8EC737A5280A, cid=5338, seq=1*, RW, initial-0 with org.apache.ratis.protocol.LeaderNotReadyException: s0@group-8EC737A5280A is in LEADER state but not ready yet.
2019-09-24 16:09:53,401 DEBUG client.RaftClient (RaftClientImpl.java:handleIOException(343)) - client-480B097967F6: suggested new leader: null. Failed RaftClientRequest:client-480B097967F6->s0@group-8EC737A5280A, cid=5338, seq=1*, RW, initial-0 with org.apache.ratis.protocol.AlreadyClosedException: client-480B097967F6->s0 is closed.
2019-09-24 16:09:53,401 DEBUG client.RaftClient (RaftClientImpl.java:handleIOException(362)) - client-480B097967F6: oldLeader=s0,  curLeader=s0, newLeader=null
2019-09-24 16:09:53,504 DEBUG impl.RaftServerImpl (RaftServerImpl.java:submitClientRequestAsync(533)) - s0@group-8EC737A5280A: receive client request(RaftClientRequest:client-480B097967F6->s0@group-8EC737A5280A, cid=5338, seq=1*, RW, Message:696e697469616c2d30)
2019-09-24 16:09:53,505 DEBUG client.RaftClient (RaftClientImpl.java:handleIOException(343)) - client-480B097967F6: suggested new leader: null. Failed RaftClientRequest:client-480B097967F6->s0@group-8EC737A5280A, cid=5338, seq=1*, RW, initial-0 with org.apache.ratis.protocol.LeaderNotReadyException: s0@group-8EC737A5280A is in LEADER state but not ready yet.
2019-09-24 16:09:53,606 DEBUG client.RaftClient (RaftClientImpl.java:handleIOException(343)) - client-480B097967F6: suggested new leader: null. Failed RaftClientRequest:client-480B097967F6->s0@group-8EC737A5280A, cid=5338, seq=1*, RW, initial-0 with org.apache.ratis.protocol.AlreadyClosedException: client-480B097967F6->s0 is closed.
2019-09-24 16:09:53,606 DEBUG client.RaftClient (RaftClientImpl.java:handleIOException(362)) - client-480B097967F6: oldLeader=s0,  curLeader=s0, newLeader=null
2019-09-24 16:09:53,709 DEBUG impl.RaftServerImpl (RaftServerImpl.java:submitClientRequestAsync(533)) - s0@group-8EC737A5280A: receive client request(RaftClientRequest:client-480B097967F6->s0@group-8EC737A5280A, cid=5338, seq=1*, RW, Message:696e697469616c2d30)
2019-09-24 16:09:53,710 DEBUG client.RaftClient (RaftClientImpl.java:handleIOException(343)) - client-480B097967F6: suggested new leader: null. Failed RaftClientRequest:client-480B097967F6->s0@group-8EC737A5280A, cid=5338, seq=1*, RW, initial-0 with org.apache.ratis.protocol.LeaderNotReadyException: s0@group-8EC737A5280A is in LEADER state but not ready yet.
2019-09-24 16:09:53,811 DEBUG client.RaftClient (RaftClientImpl.java:handleIOException(343)) - client-480B097967F6: suggested new leader: null. Failed RaftClientRequest:client-480B097967F6->s0@group-8EC737A5280A, cid=5338, seq=1*, RW, initial-0 with org.apache.ratis.protocol.AlreadyClosedException: client-480B097967F6->s0 is closed.
2019-09-24 16:09:53,811 DEBUG client.RaftClient (RaftClientImpl.java:handleIOException(362)) - client-480B097967F6: oldLeader=s0,  curLeader=s0, newLeader=null
2019-09-24 16:09:53,914 DEBUG impl.RaftServerImpl (RaftServerImpl.java:submitClientRequestAsync(533)) - s0@group-8EC737A5280A: receive client request(RaftClientRequest:client-480B097967F6->s0@group-8EC737A5280A, cid=5338, seq=1*, RW, Message:696e697469616c2d30)
2019-09-24 16:09:53,916 DEBUG client.RaftClient (RaftClientImpl.java:handleIOException(343)) - client-480B097967F6: suggested new leader: null. Failed RaftClientRequest:client-480B097967F6->s0@group-8EC737A5280A, cid=5338, seq=1*, RW, initial-0 with org.apache.ratis.protocol.LeaderNotReadyException: s0@group-8EC737A5280A is in LEADER state but not ready yet.
2019-09-24 16:09:54,017 WARN  util.TimeoutScheduler (LogUtils.java:runAndLog(55)) - Failed to task #8: java.lang.NullPointerException
2019-09-24 16:09:54,018 INFO  ratis.MiniRaftCluster (MiniRaftCluster.java:runWithNewCluster(127)) - printing ALL groups
  s0:  RUNNING    LEADER s0@group-8EC737A5280A:t1, leader=s0, voted=s0, raftlog=s0@group-8EC737A5280A-SegmentedRaftLog:OPENED:c-1,f-1,i0, conf=0: [s0:0.0.0.0:38477], old=null RUNNING
2019-09-24 16:09:54,018 ERROR ratis.MiniRaftCluster (MiniRaftCluster.java:runWithNewCluster(128)) - Failed org.apache.ratis.RaftAsyncTests.testRequestAsyncWithRetryFailureAfterInitialMessages(RaftAsyncTests.java:113)
java.util.concurrent.ExecutionException: org.apache.ratis.protocol.RaftRetryFailureException: Failed RaftClientRequest:client-480B097967F6->s0@group-8EC737A5280A, cid=5338, seq=1*, RW, initial-0 for 10 attempts with RetryLimited(maxAttempts=10, sleepTime=100ms)
	at java.util.concurrent.CompletableFuture.reportGet(CompletableFuture.java:357)
	at java.util.concurrent.CompletableFuture.get(CompletableFuture.java:1915)
	at org.apache.ratis.RaftTestUtil.assertSuccessReply(RaftTestUtil.java:446)
	at org.apache.ratis.RaftAsyncTests.runTestRequestAsyncWithRetryFailure(RaftAsyncTests.java:131)
	at org.apache.ratis.RaftAsyncTests.lambda$testRequestAsyncWithRetryFailureAfterInitialMessages$1(RaftAsyncTests.java:113)
	at org.apache.ratis.MiniRaftCluster$Factory$Get.runWithNewCluster(MiniRaftCluster.java:125)
	at org.apache.ratis.RaftAsyncTests.testRequestAsyncWithRetryFailureAfterInitialMessages(RaftAsyncTests.java:113)
	at sun.reflect.NativeMethodAccessorImpl.invoke0(Native Method)
	at sun.reflect.NativeMethodAccessorImpl.invoke(NativeMethodAccessorImpl.java:62)
	at sun.reflect.DelegatingMethodAccessorImpl.invoke(DelegatingMethodAccessorImpl.java:43)
	at java.lang.reflect.Method.invoke(Method.java:498)
	at org.junit.runners.model.FrameworkMethod$1.runReflectiveCall(FrameworkMethod.java:50)
	at org.junit.internal.runners.model.ReflectiveCallable.run(ReflectiveCallable.java:12)
	at org.junit.runners.model.FrameworkMethod.invokeExplosively(FrameworkMethod.java:47)
	at org.junit.internal.runners.statements.InvokeMethod.evaluate(InvokeMethod.java:17)
	at org.junit.internal.runners.statements.RunAfters.evaluate(RunAfters.java:27)
	at org.junit.internal.runners.statements.FailOnTimeout$CallableStatement.call(FailOnTimeout.java:298)
	at org.junit.internal.runners.statements.FailOnTimeout$CallableStatement.call(FailOnTimeout.java:292)
	at java.util.concurrent.FutureTask.run(FutureTask.java:266)
	at java.lang.Thread.run(Thread.java:748)
Caused by: org.apache.ratis.protocol.RaftRetryFailureException: Failed RaftClientRequest:client-480B097967F6->s0@group-8EC737A5280A, cid=5338, seq=1*, RW, initial-0 for 10 attempts with RetryLimited(maxAttempts=10, sleepTime=100ms)
	at org.apache.ratis.client.impl.RaftClientImpl.noMoreRetries(RaftClientImpl.java:271)
	at org.apache.ratis.client.impl.OrderedAsync.handleAsyncRetryFailure(OrderedAsync.java:138)
	at org.apache.ratis.client.impl.OrderedAsync.lambda$sendRequest$10(OrderedAsync.java:230)
	at java.util.concurrent.CompletableFuture.uniExceptionally(CompletableFuture.java:870)
	at java.util.concurrent.CompletableFuture.uniExceptionallyStage(CompletableFuture.java:884)
	at java.util.concurrent.CompletableFuture.exceptionally(CompletableFuture.java:2196)
	at org.apache.ratis.client.impl.OrderedAsync.sendRequest(OrderedAsync.java:221)
	at org.apache.ratis.client.impl.OrderedAsync.sendRequestWithRetry(OrderedAsync.java:169)
	at org.apache.ratis.util.SlidingWindow$Client.sendOrDelayRequest(SlidingWindow.java:278)
	at org.apache.ratis.util.SlidingWindow$Client.retry(SlidingWindow.java:294)
	at org.apache.ratis.client.impl.OrderedAsync.lambda$scheduleWithTimeout$7(OrderedAsync.java:195)
	at org.apache.ratis.util.TimeoutScheduler.lambda$onTimeout$0(TimeoutScheduler.java:113)
	at org.apache.ratis.util.TimeoutScheduler.lambda$onTimeout$1(TimeoutScheduler.java:133)
	at org.apache.ratis.util.LogUtils.runAndLog(LogUtils.java:50)
	at org.apache.ratis.util.LogUtils$1.run(LogUtils.java:91)
	at java.util.concurrent.Executors$RunnableAdapter.call(Executors.java:511)
	at java.util.concurrent.FutureTask.run(FutureTask.java:266)
	at java.util.concurrent.ScheduledThreadPoolExecutor$ScheduledFutureTask.access$201(ScheduledThreadPoolExecutor.java:180)
	at java.util.concurrent.ScheduledThreadPoolExecutor$ScheduledFutureTask.run(ScheduledThreadPoolExecutor.java:293)
	at java.util.concurrent.ThreadPoolExecutor.runWorker(ThreadPoolExecutor.java:1149)
	at java.util.concurrent.ThreadPoolExecutor$Worker.run(ThreadPoolExecutor.java:624)
	... 1 more
Caused by: org.apache.ratis.protocol.AlreadyClosedException: client-480B097967F6->s0 is closed.
	at org.apache.ratis.grpc.client.GrpcClientProtocolClient$AsyncStreamObservers.onNext(GrpcClientProtocolClient.java:307)
	at org.apache.ratis.grpc.client.GrpcClientRpc.sendRequestAsync(GrpcClientRpc.java:68)
	at org.apache.ratis.client.impl.OrderedAsync.sendRequest(OrderedAsync.java:208)
	... 15 more
2019-09-24 16:09:54,020 INFO  ratis.MiniRaftCluster (MiniRaftCluster.java:shutdown(700)) - ************************************************************** 
2019-09-24 16:09:54,020 INFO  ratis.MiniRaftCluster (MiniRaftCluster.java:shutdown(701)) - *** 
2019-09-24 16:09:54,020 INFO  ratis.MiniRaftCluster (MiniRaftCluster.java:shutdown(702)) - ***     Stopping MiniRaftClusterWithGrpc
2019-09-24 16:09:54,020 INFO  ratis.MiniRaftCluster (MiniRaftCluster.java:shutdown(703)) - *** 
2019-09-24 16:09:54,020 INFO  ratis.MiniRaftCluster (MiniRaftCluster.java:shutdown(704)) - ************************************************************** 
2019-09-24 16:09:54,020 INFO  ratis.MiniRaftCluster (MiniRaftCluster.java:shutdown(705)) - printing ALL groups
  s0:  RUNNING    LEADER s0@group-8EC737A5280A:t1, leader=s0, voted=s0, raftlog=s0@group-8EC737A5280A-SegmentedRaftLog:OPENED:c-1,f-1,i0, conf=0: [s0:0.0.0.0:38477], old=null RUNNING
2019-09-24 16:09:54,021 INFO  impl.RaftServerProxy (RaftServerProxy.java:lambda$close$4(314)) - s0: close
2019-09-24 16:09:54,021 INFO  impl.RaftServerImpl (RaftServerImpl.java:lambda$shutdown$3(247)) - s0@group-8EC737A5280A: shutdown
2019-09-24 16:09:54,022 INFO  util.JmxRegister (JmxRegister.java:unregister(73)) - Successfully un-registered JMX Bean with object name Ratis:service=RaftServer,group=group-8EC737A5280A,id=s0
2019-09-24 16:09:54,022 INFO  impl.RoleInfo (RoleInfo.java:shutdownLeaderState(104)) - s0: shutdown LeaderState
2019-09-24 16:09:54,023 INFO  impl.PendingRequests (PendingRequests.java:sendNotLeaderResponses(202)) - s0@group-8EC737A5280A-PendingRequests: sendNotLeaderResponses
2019-09-24 16:09:54,023 INFO  impl.StateMachineUpdater (StateMachineUpdater.java:stopAndJoin(136)) - s0@group-8EC737A5280A-StateMachineUpdater: set stopIndex = -1
2019-09-24 16:09:54,024 INFO  impl.RaftServerImpl (ServerState.java:close(386)) - s0@group-8EC737A5280A: closes. applyIndex: -1
2019-09-24 16:09:57,950 WARN  segmented.SegmentedRaftLogOutputStream (SegmentedRaftLogOutputStream.java:<init>(77)) - Hit IOException while creating log segment /workdir/ratis-test/target/test/data/1eb3234a/MiniRaftClusterWithGrpcf32e8374/s0/0c335a02-2b7d-4dbb-ae38-8ec737a5280a/current/log_inprogress_0, delete the partial file.
2019-09-24 16:09:57,950 TRACE util.FileUtils (FileUtils.java:deleteFully(88)) - deleteFully /workdir/ratis-test/target/test/data/1eb3234a/MiniRaftClusterWithGrpcf32e8374/s0/0c335a02-2b7d-4dbb-ae38-8ec737a5280a/current/log_inprogress_0
2019-09-24 16:09:57,953 TRACE util.FileUtils (LogUtils.java:runAndLog(61)) - Successfully ran Files.delete /workdir/ratis-test/target/test/data/1eb3234a/MiniRaftClusterWithGrpcf32e8374/s0/0c335a02-2b7d-4dbb-ae38-8ec737a5280a/current/log_inprogress_0
2019-09-24 16:09:57,953 INFO  segmented.SegmentedRaftLogWorker (SegmentedRaftLogWorker.java:close(228)) - s0@group-8EC737A5280A-SegmentedRaftLogWorker close()
2019-09-24 16:09:57,955 INFO  server.GrpcService (GrpcService.java:closeImpl(164)) - s0: shutdown server with port 38477 now
2019-09-24 16:09:57,955 INFO  server.GrpcService (GrpcService.java:closeImpl(172)) - s0: shutdown server with port 38477 successfully
2019-09-24 16:09:57,956 INFO  ratis.MiniRaftCluster (MiniRaftCluster.java:shutdown(722)) - MiniRaftClusterWithGrpc shutdown completed
]]></system-out>
  </testcase>
</testsuite>