<?xml version="1.0" encoding="UTF-8"?>
<testsuite xmlns:xsi="http://www.w3.org/2001/XMLSchema-instance" xsi:noNamespaceSchemaLocation="https://maven.apache.org/surefire/maven-surefire-plugin/xsd/surefire-test-report.xsd" name="org.apache.ratis.server.simulation.TestLogAppenderWithSimulatedRpc" time="176.899" tests="3" errors="1" skipped="0" failures="0">
  <properties>
    <property name="awt.toolkit" value="sun.awt.X11.XToolkit"/>
    <property name="file.encoding.pkg" value="sun.io"/>
    <property name="java.specification.version" value="1.8"/>
    <property name="sun.cpu.isalist" value=""/>
    <property name="sun.jnu.encoding" value="UTF-8"/>
    <property name="java.class.path" value="/workdir/ratis-test/target/test-classes:/workdir/ratis-test/target/classes:/workdir/ratis-common/target/classes:/home/user/.m2/repository/org/apache/ratis/ratis-thirdparty-misc/0.2.0/ratis-thirdparty-misc-0.2.0.jar:/workdir/ratis-proto/target/ratis-proto-0.5.0-SNAPSHOT.jar:/home/user/.m2/repository/org/slf4j/slf4j-log4j12/1.7.10/slf4j-log4j12-1.7.10.jar:/home/user/.m2/repository/log4j/log4j/1.2.17/log4j-1.2.17.jar:/workdir/ratis-common/target/test-classes:/workdir/ratis-client/target/classes:/workdir/ratis-server/target/classes:/workdir/ratis-metrics/target/classes:/home/user/.m2/repository/io/dropwizard/metrics/metrics-core/3.2.5/metrics-core-3.2.5.jar:/home/user/.m2/repository/com/github/joshelser/dropwizard-metrics-hadoop-metrics2-reporter/0.1.2/dropwizard-metrics-hadoop-metrics2-reporter-0.1.2.jar:/home/user/.m2/repository/org/apache/hadoop/hadoop-common/2.6.0/hadoop-common-2.6.0.jar:/home/user/.m2/repository/org/apache/hadoop/hadoop-annotations/2.6.0/hadoop-annotations-2.6.0.jar:/usr/lib/jvm/java-1.8-openjdk/jre/../lib/tools.jar:/home/user/.m2/repository/com/google/guava/guava/11.0.2/guava-11.0.2.jar:/home/user/.m2/repository/commons-cli/commons-cli/1.2/commons-cli-1.2.jar:/home/user/.m2/repository/org/apache/commons/commons-math3/3.1.1/commons-math3-3.1.1.jar:/home/user/.m2/repository/xmlenc/xmlenc/0.52/xmlenc-0.52.jar:/home/user/.m2/repository/commons-httpclient/commons-httpclient/3.1/commons-httpclient-3.1.jar:/home/user/.m2/repository/commons-codec/commons-codec/1.4/commons-codec-1.4.jar:/home/user/.m2/repository/commons-io/commons-io/2.4/commons-io-2.4.jar:/home/user/.m2/repository/commons-net/commons-net/3.1/commons-net-3.1.jar:/home/user/.m2/repository/commons-collections/commons-collections/3.2.1/commons-collections-3.2.1.jar:/home/user/.m2/repository/javax/servlet/servlet-api/2.5/servlet-api-2.5.jar:/home/user/.m2/repository/org/mortbay/jetty/jetty/6.1.26/jetty-6.1.26.jar:/home/user/.m2/repository/org/mortbay/jetty/jetty-util/6.1.26/jetty-util-6.1.26.jar:/home/user/.m2/repository/com/sun/jersey/jersey-core/1.9/jersey-core-1.9.jar:/home/user/.m2/repository/com/sun/jersey/jersey-json/1.9/jersey-json-1.9.jar:/home/user/.m2/repository/org/codehaus/jettison/jettison/1.1/jettison-1.1.jar:/home/user/.m2/repository/com/sun/xml/bind/jaxb-impl/2.2.3-1/jaxb-impl-2.2.3-1.jar:/home/user/.m2/repository/javax/xml/bind/jaxb-api/2.2.2/jaxb-api-2.2.2.jar:/home/user/.m2/repository/javax/xml/stream/stax-api/1.0-2/stax-api-1.0-2.jar:/home/user/.m2/repository/javax/activation/activation/1.1/activation-1.1.jar:/home/user/.m2/repository/org/codehaus/jackson/jackson-jaxrs/1.8.3/jackson-jaxrs-1.8.3.jar:/home/user/.m2/repository/org/codehaus/jackson/jackson-xc/1.8.3/jackson-xc-1.8.3.jar:/home/user/.m2/repository/com/sun/jersey/jersey-server/1.9/jersey-server-1.9.jar:/home/user/.m2/repository/asm/asm/3.1/asm-3.1.jar:/home/user/.m2/repository/tomcat/jasper-compiler/5.5.23/jasper-compiler-5.5.23.jar:/home/user/.m2/repository/tomcat/jasper-runtime/5.5.23/jasper-runtime-5.5.23.jar:/home/user/.m2/repository/javax/servlet/jsp/jsp-api/2.1/jsp-api-2.1.jar:/home/user/.m2/repository/commons-el/commons-el/1.0/commons-el-1.0.jar:/home/user/.m2/repository/commons-logging/commons-logging/1.1.3/commons-logging-1.1.3.jar:/home/user/.m2/repository/net/java/dev/jets3t/jets3t/0.9.0/jets3t-0.9.0.jar:/home/user/.m2/repository/org/apache/httpcomponents/httpclient/4.1.2/httpclient-4.1.2.jar:/home/user/.m2/repository/org/apache/httpcomponents/httpcore/4.1.2/httpcore-4.1.2.jar:/home/user/.m2/repository/com/jamesmurty/utils/java-xmlbuilder/0.4/java-xmlbuilder-0.4.jar:/home/user/.m2/repository/commons-lang/commons-lang/2.6/commons-lang-2.6.jar:/home/user/.m2/repository/commons-configuration/commons-configuration/1.6/commons-configuration-1.6.jar:/home/user/.m2/repository/commons-digester/commons-digester/1.8/commons-digester-1.8.jar:/home/user/.m2/repository/commons-beanutils/commons-beanutils/1.7.0/commons-beanutils-1.7.0.jar:/home/user/.m2/repository/commons-beanutils/commons-beanutils-core/1.8.0/commons-beanutils-core-1.8.0.jar:/home/user/.m2/repository/org/codehaus/jackson/jackson-core-asl/1.9.13/jackson-core-asl-1.9.13.jar:/home/user/.m2/repository/org/codehaus/jackson/jackson-mapper-asl/1.9.13/jackson-mapper-asl-1.9.13.jar:/home/user/.m2/repository/org/apache/avro/avro/1.7.4/avro-1.7.4.jar:/home/user/.m2/repository/com/thoughtworks/paranamer/paranamer/2.3/paranamer-2.3.jar:/home/user/.m2/repository/org/xerial/snappy/snappy-java/1.0.4.1/snappy-java-1.0.4.1.jar:/home/user/.m2/repository/com/google/protobuf/protobuf-java/2.5.0/protobuf-java-2.5.0.jar:/home/user/.m2/repository/com/google/code/gson/gson/2.2.4/gson-2.2.4.jar:/home/user/.m2/repository/org/apache/hadoop/hadoop-auth/2.6.0/hadoop-auth-2.6.0.jar:/home/user/.m2/repository/org/apache/directory/server/apacheds-kerberos-codec/2.0.0-M15/apacheds-kerberos-codec-2.0.0-M15.jar:/home/user/.m2/repository/org/apache/directory/server/apacheds-i18n/2.0.0-M15/apacheds-i18n-2.0.0-M15.jar:/home/user/.m2/repository/org/apache/directory/api/api-asn1-api/1.0.0-M20/api-asn1-api-1.0.0-M20.jar:/home/user/.m2/repository/org/apache/directory/api/api-util/1.0.0-M20/api-util-1.0.0-M20.jar:/home/user/.m2/repository/org/apache/curator/curator-framework/2.6.0/curator-framework-2.6.0.jar:/home/user/.m2/repository/com/jcraft/jsch/0.1.42/jsch-0.1.42.jar:/home/user/.m2/repository/org/apache/curator/curator-client/2.6.0/curator-client-2.6.0.jar:/home/user/.m2/repository/org/apache/curator/curator-recipes/2.6.0/curator-recipes-2.6.0.jar:/home/user/.m2/repository/com/google/code/findbugs/jsr305/1.3.9/jsr305-1.3.9.jar:/home/user/.m2/repository/org/htrace/htrace-core/3.0.4/htrace-core-3.0.4.jar:/home/user/.m2/repository/org/apache/zookeeper/zookeeper/3.4.6/zookeeper-3.4.6.jar:/home/user/.m2/repository/io/netty/netty/3.7.0.Final/netty-3.7.0.Final.jar:/home/user/.m2/repository/org/apache/commons/commons-compress/1.4.1/commons-compress-1.4.1.jar:/home/user/.m2/repository/org/tukaani/xz/1.0/xz-1.0.jar:/home/user/.m2/repository/io/dropwizard/metrics/metrics-jvm/3.2.5/metrics-jvm-3.2.5.jar:/home/user/.m2/repository/io/dropwizard/metrics/metrics-ganglia/3.2.5/metrics-ganglia-3.2.5.jar:/home/user/.m2/repository/info/ganglia/gmetric4j/gmetric4j/1.0.7/gmetric4j-1.0.7.jar:/workdir/ratis-server/target/test-classes:/workdir/ratis-netty/target/classes:/workdir/ratis-netty/target/test-classes:/workdir/ratis-grpc/target/classes:/workdir/ratis-grpc/target/test-classes:/home/user/.m2/repository/org/slf4j/slf4j-api/1.7.10/slf4j-api-1.7.10.jar:/home/user/.m2/repository/junit/junit/4.12/junit-4.12.jar:/home/user/.m2/repository/org/hamcrest/hamcrest-core/1.3/hamcrest-core-1.3.jar:/home/user/.m2/repository/org/mockito/mockito-all/1.8.5/mockito-all-1.8.5.jar:"/>
    <property name="java.vm.vendor" value="IcedTea"/>
    <property name="sun.arch.data.model" value="64"/>
    <property name="java.vendor.url" value="https://icedtea.classpath.org"/>
    <property name="user.timezone" value=""/>
    <property name="java.vm.specification.version" value="1.8"/>
    <property name="os.name" value="Linux"/>
    <property name="user.country" value="US"/>
    <property name="sun.java.launcher" value="SUN_STANDARD"/>
    <property name="sun.boot.library.path" value="/usr/lib/jvm/java-1.8-openjdk/jre/lib/amd64"/>
    <property name="sun.java.command" value="/workdir/ratis-test/target/surefire/surefirebooter4992657634445069093.jar /workdir/ratis-test/target/surefire 2019-09-24T16-02-41_483-jvmRun1 surefire2639075292579972115tmp surefire_565984627484097832758tmp"/>
    <property name="surefire.test.class.path" value="/workdir/ratis-test/target/test-classes:/workdir/ratis-test/target/classes:/workdir/ratis-common/target/classes:/home/user/.m2/repository/org/apache/ratis/ratis-thirdparty-misc/0.2.0/ratis-thirdparty-misc-0.2.0.jar:/workdir/ratis-proto/target/ratis-proto-0.5.0-SNAPSHOT.jar:/home/user/.m2/repository/org/slf4j/slf4j-log4j12/1.7.10/slf4j-log4j12-1.7.10.jar:/home/user/.m2/repository/log4j/log4j/1.2.17/log4j-1.2.17.jar:/workdir/ratis-common/target/test-classes:/workdir/ratis-client/target/classes:/workdir/ratis-server/target/classes:/workdir/ratis-metrics/target/classes:/home/user/.m2/repository/io/dropwizard/metrics/metrics-core/3.2.5/metrics-core-3.2.5.jar:/home/user/.m2/repository/com/github/joshelser/dropwizard-metrics-hadoop-metrics2-reporter/0.1.2/dropwizard-metrics-hadoop-metrics2-reporter-0.1.2.jar:/home/user/.m2/repository/org/apache/hadoop/hadoop-common/2.6.0/hadoop-common-2.6.0.jar:/home/user/.m2/repository/org/apache/hadoop/hadoop-annotations/2.6.0/hadoop-annotations-2.6.0.jar:/usr/lib/jvm/java-1.8-openjdk/jre/../lib/tools.jar:/home/user/.m2/repository/com/google/guava/guava/11.0.2/guava-11.0.2.jar:/home/user/.m2/repository/commons-cli/commons-cli/1.2/commons-cli-1.2.jar:/home/user/.m2/repository/org/apache/commons/commons-math3/3.1.1/commons-math3-3.1.1.jar:/home/user/.m2/repository/xmlenc/xmlenc/0.52/xmlenc-0.52.jar:/home/user/.m2/repository/commons-httpclient/commons-httpclient/3.1/commons-httpclient-3.1.jar:/home/user/.m2/repository/commons-codec/commons-codec/1.4/commons-codec-1.4.jar:/home/user/.m2/repository/commons-io/commons-io/2.4/commons-io-2.4.jar:/home/user/.m2/repository/commons-net/commons-net/3.1/commons-net-3.1.jar:/home/user/.m2/repository/commons-collections/commons-collections/3.2.1/commons-collections-3.2.1.jar:/home/user/.m2/repository/javax/servlet/servlet-api/2.5/servlet-api-2.5.jar:/home/user/.m2/repository/org/mortbay/jetty/jetty/6.1.26/jetty-6.1.26.jar:/home/user/.m2/repository/org/mortbay/jetty/jetty-util/6.1.26/jetty-util-6.1.26.jar:/home/user/.m2/repository/com/sun/jersey/jersey-core/1.9/jersey-core-1.9.jar:/home/user/.m2/repository/com/sun/jersey/jersey-json/1.9/jersey-json-1.9.jar:/home/user/.m2/repository/org/codehaus/jettison/jettison/1.1/jettison-1.1.jar:/home/user/.m2/repository/com/sun/xml/bind/jaxb-impl/2.2.3-1/jaxb-impl-2.2.3-1.jar:/home/user/.m2/repository/javax/xml/bind/jaxb-api/2.2.2/jaxb-api-2.2.2.jar:/home/user/.m2/repository/javax/xml/stream/stax-api/1.0-2/stax-api-1.0-2.jar:/home/user/.m2/repository/javax/activation/activation/1.1/activation-1.1.jar:/home/user/.m2/repository/org/codehaus/jackson/jackson-jaxrs/1.8.3/jackson-jaxrs-1.8.3.jar:/home/user/.m2/repository/org/codehaus/jackson/jackson-xc/1.8.3/jackson-xc-1.8.3.jar:/home/user/.m2/repository/com/sun/jersey/jersey-server/1.9/jersey-server-1.9.jar:/home/user/.m2/repository/asm/asm/3.1/asm-3.1.jar:/home/user/.m2/repository/tomcat/jasper-compiler/5.5.23/jasper-compiler-5.5.23.jar:/home/user/.m2/repository/tomcat/jasper-runtime/5.5.23/jasper-runtime-5.5.23.jar:/home/user/.m2/repository/javax/servlet/jsp/jsp-api/2.1/jsp-api-2.1.jar:/home/user/.m2/repository/commons-el/commons-el/1.0/commons-el-1.0.jar:/home/user/.m2/repository/commons-logging/commons-logging/1.1.3/commons-logging-1.1.3.jar:/home/user/.m2/repository/net/java/dev/jets3t/jets3t/0.9.0/jets3t-0.9.0.jar:/home/user/.m2/repository/org/apache/httpcomponents/httpclient/4.1.2/httpclient-4.1.2.jar:/home/user/.m2/repository/org/apache/httpcomponents/httpcore/4.1.2/httpcore-4.1.2.jar:/home/user/.m2/repository/com/jamesmurty/utils/java-xmlbuilder/0.4/java-xmlbuilder-0.4.jar:/home/user/.m2/repository/commons-lang/commons-lang/2.6/commons-lang-2.6.jar:/home/user/.m2/repository/commons-configuration/commons-configuration/1.6/commons-configuration-1.6.jar:/home/user/.m2/repository/commons-digester/commons-digester/1.8/commons-digester-1.8.jar:/home/user/.m2/repository/commons-beanutils/commons-beanutils/1.7.0/commons-beanutils-1.7.0.jar:/home/user/.m2/repository/commons-beanutils/commons-beanutils-core/1.8.0/commons-beanutils-core-1.8.0.jar:/home/user/.m2/repository/org/codehaus/jackson/jackson-core-asl/1.9.13/jackson-core-asl-1.9.13.jar:/home/user/.m2/repository/org/codehaus/jackson/jackson-mapper-asl/1.9.13/jackson-mapper-asl-1.9.13.jar:/home/user/.m2/repository/org/apache/avro/avro/1.7.4/avro-1.7.4.jar:/home/user/.m2/repository/com/thoughtworks/paranamer/paranamer/2.3/paranamer-2.3.jar:/home/user/.m2/repository/org/xerial/snappy/snappy-java/1.0.4.1/snappy-java-1.0.4.1.jar:/home/user/.m2/repository/com/google/protobuf/protobuf-java/2.5.0/protobuf-java-2.5.0.jar:/home/user/.m2/repository/com/google/code/gson/gson/2.2.4/gson-2.2.4.jar:/home/user/.m2/repository/org/apache/hadoop/hadoop-auth/2.6.0/hadoop-auth-2.6.0.jar:/home/user/.m2/repository/org/apache/directory/server/apacheds-kerberos-codec/2.0.0-M15/apacheds-kerberos-codec-2.0.0-M15.jar:/home/user/.m2/repository/org/apache/directory/server/apacheds-i18n/2.0.0-M15/apacheds-i18n-2.0.0-M15.jar:/home/user/.m2/repository/org/apache/directory/api/api-asn1-api/1.0.0-M20/api-asn1-api-1.0.0-M20.jar:/home/user/.m2/repository/org/apache/directory/api/api-util/1.0.0-M20/api-util-1.0.0-M20.jar:/home/user/.m2/repository/org/apache/curator/curator-framework/2.6.0/curator-framework-2.6.0.jar:/home/user/.m2/repository/com/jcraft/jsch/0.1.42/jsch-0.1.42.jar:/home/user/.m2/repository/org/apache/curator/curator-client/2.6.0/curator-client-2.6.0.jar:/home/user/.m2/repository/org/apache/curator/curator-recipes/2.6.0/curator-recipes-2.6.0.jar:/home/user/.m2/repository/com/google/code/findbugs/jsr305/1.3.9/jsr305-1.3.9.jar:/home/user/.m2/repository/org/htrace/htrace-core/3.0.4/htrace-core-3.0.4.jar:/home/user/.m2/repository/org/apache/zookeeper/zookeeper/3.4.6/zookeeper-3.4.6.jar:/home/user/.m2/repository/io/netty/netty/3.7.0.Final/netty-3.7.0.Final.jar:/home/user/.m2/repository/org/apache/commons/commons-compress/1.4.1/commons-compress-1.4.1.jar:/home/user/.m2/repository/org/tukaani/xz/1.0/xz-1.0.jar:/home/user/.m2/repository/io/dropwizard/metrics/metrics-jvm/3.2.5/metrics-jvm-3.2.5.jar:/home/user/.m2/repository/io/dropwizard/metrics/metrics-ganglia/3.2.5/metrics-ganglia-3.2.5.jar:/home/user/.m2/repository/info/ganglia/gmetric4j/gmetric4j/1.0.7/gmetric4j-1.0.7.jar:/workdir/ratis-server/target/test-classes:/workdir/ratis-netty/target/classes:/workdir/ratis-netty/target/test-classes:/workdir/ratis-grpc/target/classes:/workdir/ratis-grpc/target/test-classes:/home/user/.m2/repository/org/slf4j/slf4j-api/1.7.10/slf4j-api-1.7.10.jar:/home/user/.m2/repository/junit/junit/4.12/junit-4.12.jar:/home/user/.m2/repository/org/hamcrest/hamcrest-core/1.3/hamcrest-core-1.3.jar:/home/user/.m2/repository/org/mockito/mockito-all/1.8.5/mockito-all-1.8.5.jar:"/>
    <property name="sun.cpu.endian" value="little"/>
    <property name="user.home" value="/home/user"/>
    <property name="user.language" value="en"/>
    <property name="java.specification.vendor" value="Oracle Corporation"/>
    <property name="java.home" value="/usr/lib/jvm/java-1.8-openjdk/jre"/>
    <property name="basedir" value="/workdir/ratis-test"/>
    <property name="file.separator" value="/"/>
    <property name="line.separator" value="&#10;"/>
    <property name="java.vm.specification.vendor" value="Oracle Corporation"/>
    <property name="java.specification.name" value="Java Platform API Specification"/>
    <property name="java.awt.graphicsenv" value="sun.awt.X11GraphicsEnvironment"/>
    <property name="surefire.real.class.path" value="/workdir/ratis-test/target/surefire/surefirebooter4992657634445069093.jar"/>
    <property name="sun.boot.class.path" value="/usr/lib/jvm/java-1.8-openjdk/jre/lib/resources.jar:/usr/lib/jvm/java-1.8-openjdk/jre/lib/rt.jar:/usr/lib/jvm/java-1.8-openjdk/jre/lib/sunrsasign.jar:/usr/lib/jvm/java-1.8-openjdk/jre/lib/jsse.jar:/usr/lib/jvm/java-1.8-openjdk/jre/lib/jce.jar:/usr/lib/jvm/java-1.8-openjdk/jre/lib/charsets.jar:/usr/lib/jvm/java-1.8-openjdk/jre/lib/jfr.jar:/usr/lib/jvm/java-1.8-openjdk/jre/classes"/>
    <property name="sun.management.compiler" value="HotSpot 64-Bit Tiered Compilers"/>
    <property name="java.runtime.version" value="1.8.0_212-b04"/>
    <property name="java.net.preferIPv4Stack" value="true"/>
    <property name="user.name" value="jenkins1000"/>
    <property name="path.separator" value=":"/>
    <property name="os.version" value="3.10.0-957.12.2.el7.x86_64"/>
    <property name="java.endorsed.dirs" value="/usr/lib/jvm/java-1.8-openjdk/jre/lib/endorsed"/>
    <property name="java.runtime.name" value="OpenJDK Runtime Environment"/>
    <property name="file.encoding" value="UTF-8"/>
    <property name="java.vm.name" value="OpenJDK 64-Bit Server VM"/>
    <property name="localRepository" value="/home/user/.m2/repository"/>
    <property name="java.vendor.url.bug" value="https://icedtea.classpath.org/bugzilla"/>
    <property name="java.io.tmpdir" value="/tmp"/>
    <property name="java.version" value="1.8.0_212"/>
    <property name="user.dir" value="/workdir/ratis-test"/>
    <property name="os.arch" value="amd64"/>
    <property name="ratis.tmp.dir" value="/workdir/ratis-test/target/tmp"/>
    <property name="java.vm.specification.name" value="Java Virtual Machine Specification"/>
    <property name="java.awt.printerjob" value="sun.print.PSPrinterJob"/>
    <property name="ratis.log.dir" value="/workdir/ratis-test/target/log"/>
    <property name="sun.os.patch.level" value="unknown"/>
    <property name="java.library.path" value="/usr/lib/jvm/java-1.8-openjdk/jre/lib/amd64/server:/usr/lib/jvm/java-1.8-openjdk/jre/lib/amd64:/usr/lib/jvm/java-1.8-openjdk/jre/../lib/amd64:/usr/java/packages/lib/amd64:/usr/lib64:/lib64:/lib:/usr/lib"/>
    <property name="java.vm.info" value="mixed mode"/>
    <property name="java.vendor" value="IcedTea"/>
    <property name="java.vm.version" value="25.212-b04"/>
    <property name="java.ext.dirs" value="/usr/lib/jvm/java-1.8-openjdk/jre/lib/ext:/usr/java/packages/lib/ext"/>
    <property name="sun.io.unicode.encoding" value="UnicodeLittle"/>
    <property name="java.class.version" value="52.0"/>
  </properties>
  <testcase name="testSingleElementBuffer" classname="org.apache.ratis.server.simulation.TestLogAppenderWithSimulatedRpc" time="75.711"/>
  <testcase name="testFollowerHeartbeatMetric" classname="org.apache.ratis.server.simulation.TestLogAppenderWithSimulatedRpc" time="0.934"/>
  <testcase name="testUnlimitedElementBuffer" classname="org.apache.ratis.server.simulation.TestLogAppenderWithSimulatedRpc" time="100.03">
    <error message="test timed out after 100 seconds" type="org.junit.runners.model.TestTimedOutException">org.junit.runners.model.TestTimedOutException: test timed out after 100 seconds
</error>
    <system-out><![CDATA[2019-09-24 17:00:01,468 INFO  util.LogUtils (LogUtils.java:setLogLevel(41)) - Set org.apache.ratis.conf.ConfUtils log level to WARN
2019-09-24 17:00:01,469 INFO  util.LogUtils (LogUtils.java:setLogLevel(41)) - Set org.apache.ratis.util.FileUtils log level to TRACE
2019-09-24 17:00:01,469 INFO  util.LogUtils (LogUtils.java:setLogLevel(41)) - Set org.apache.ratis.server.impl.LogAppender log level to DEBUG
2019-09-24 17:00:01,471 INFO  ratis.MiniRaftCluster (MiniRaftCluster.java:runWithNewCluster(119)) - Running runWithNewCluster
2019-09-24 17:00:01,471 INFO  simulation.MiniRaftClusterWithSimulatedRpc (ConfUtils.java:logGet(43)) - org.apache.ratis.server.simulation.SimulatedRequestReply.simulateLatencyMs = 0 (custom)
2019-09-24 17:00:01,472 INFO  ratis.MiniRaftCluster (MiniRaftCluster.java:<init>(253)) - new MiniRaftClusterWithSimulatedRpc with group-E65BAAE935FD:[s0:0.0.0.0:35484, s1:0.0.0.0:33343, s2:0.0.0.0:46273]
2019-09-24 17:00:01,472 INFO  ratis.MiniRaftCluster (MiniRaftCluster.java:start(287)) - .............................................................. 
2019-09-24 17:00:01,472 INFO  ratis.MiniRaftCluster (MiniRaftCluster.java:start(288)) - ... 
2019-09-24 17:00:01,473 INFO  ratis.MiniRaftCluster (MiniRaftCluster.java:start(289)) - ...     Starting MiniRaftClusterWithSimulatedRpc
2019-09-24 17:00:01,473 INFO  ratis.MiniRaftCluster (MiniRaftCluster.java:start(290)) - ... 
2019-09-24 17:00:01,473 INFO  ratis.MiniRaftCluster (MiniRaftCluster.java:start(291)) - .............................................................. 
2019-09-24 17:00:01,473 INFO  ratis.MiniRaftCluster (MiniRaftCluster.java:initServers(265)) - servers = {}
2019-09-24 17:00:01,473 INFO  ratis.MiniRaftCluster (MiniRaftCluster.java:newRaftServer(330)) - newRaftServer: s0, group-E65BAAE935FD:[s0:0.0.0.0:35484, s1:0.0.0.0:33343, s2:0.0.0.0:46273], format? true
2019-09-24 17:00:01,474 TRACE util.FileUtils (FileUtils.java:deleteFully(88)) - deleteFully target/test/data/e0ec9561/MiniRaftClusterWithSimulatedRpce2213dd2/s0
2019-09-24 17:00:01,474 TRACE util.FileUtils (FileUtils.java:deleteFully(104)) - deleteFully: target/test/data/e0ec9561/MiniRaftClusterWithSimulatedRpce2213dd2/s0 does not exist.
2019-09-24 17:00:01,474 INFO  ratis.MiniRaftCluster (MiniRaftCluster.java:newRaftServer(335)) - Formatted directory target/test/data/e0ec9561/MiniRaftClusterWithSimulatedRpce2213dd2/s0
2019-09-24 17:00:01,475 INFO  impl.RaftServerProxy (ConfUtils.java:logGet(43)) - raft.rpc.type = org.apache.ratis.server.simulation.SimulatedRpc (custom)
2019-09-24 17:00:01,476 INFO  server.RaftServerConfigKeys (ConfUtils.java:logGet(43)) - raft.server.storage.dir = [/workdir/ratis-test/target/test/data/e0ec9561/MiniRaftClusterWithSimulatedRpce2213dd2/s0] (custom)
2019-09-24 17:00:01,477 INFO  impl.RaftServerProxy (RaftServerProxy.java:addNew(89)) - s0: addNew group-E65BAAE935FD:[s0:0.0.0.0:35484, s1:0.0.0.0:33343, s2:0.0.0.0:46273] returns group-E65BAAE935FD:java.util.concurrent.CompletableFuture@488edda1[Not completed]
2019-09-24 17:00:01,478 INFO  ratis.MiniRaftCluster (MiniRaftCluster.java:newRaftServer(330)) - newRaftServer: s1, group-E65BAAE935FD:[s0:0.0.0.0:35484, s1:0.0.0.0:33343, s2:0.0.0.0:46273], format? true
2019-09-24 17:00:01,478 TRACE util.FileUtils (FileUtils.java:deleteFully(88)) - deleteFully target/test/data/e0ec9561/MiniRaftClusterWithSimulatedRpce2213dd2/s1
2019-09-24 17:00:01,478 INFO  server.RaftServerConfigKeys (ConfUtils.java:logGet(43)) - raft.server.log.segment.size.max = 8MB (=8388608) (default)
2019-09-24 17:00:01,478 TRACE util.FileUtils (FileUtils.java:deleteFully(104)) - deleteFully: target/test/data/e0ec9561/MiniRaftClusterWithSimulatedRpce2213dd2/s1 does not exist.
2019-09-24 17:00:01,479 INFO  ratis.MiniRaftCluster (MiniRaftCluster.java:newRaftServer(335)) - Formatted directory target/test/data/e0ec9561/MiniRaftClusterWithSimulatedRpce2213dd2/s1
2019-09-24 17:00:01,478 INFO  server.RaftServerConfigKeys (ConfUtils.java:logGet(43)) - raft.server.log.preallocated.size = 4MB (=4194304) (default)
2019-09-24 17:00:01,479 INFO  server.RaftServerConfigKeys (ConfUtils.java:logGet(43)) - raft.server.log.write.buffer.size = 64KB (=65536) (default)
2019-09-24 17:00:01,479 INFO  impl.RaftServerProxy (ConfUtils.java:logGet(43)) - raft.rpc.type = org.apache.ratis.server.simulation.SimulatedRpc (custom)
2019-09-24 17:00:01,479 INFO  impl.RaftServerImpl (RaftServerImpl.java:<init>(95)) - s0: new RaftServerImpl for group-E65BAAE935FD:[s0:0.0.0.0:35484, s1:0.0.0.0:33343, s2:0.0.0.0:46273] with SimpleStateMachine4Testing:uninitialized
2019-09-24 17:00:01,480 INFO  server.RaftServerConfigKeys (ConfUtils.java:logGet(43)) - raft.server.rpc.timeout.min = 150ms (default)
2019-09-24 17:00:01,480 INFO  server.RaftServerConfigKeys (ConfUtils.java:logGet(43)) - raft.server.storage.dir = [/workdir/ratis-test/target/test/data/e0ec9561/MiniRaftClusterWithSimulatedRpce2213dd2/s1] (custom)
2019-09-24 17:00:01,480 INFO  server.RaftServerConfigKeys (ConfUtils.java:logGet(43)) - raft.server.rpc.timeout.max = 300ms (default)
2019-09-24 17:00:01,481 INFO  server.RaftServerConfigKeys (ConfUtils.java:logGet(43)) - raft.server.rpcslowness.timeout = 60s (default)
2019-09-24 17:00:01,481 INFO  server.RaftServerConfigKeys (ConfUtils.java:logGet(43)) - raft.server.sleep.deviation.threshold = 300 (default)
2019-09-24 17:00:01,481 INFO  impl.RaftServerProxy (RaftServerProxy.java:addNew(89)) - s1: addNew group-E65BAAE935FD:[s0:0.0.0.0:35484, s1:0.0.0.0:33343, s2:0.0.0.0:46273] returns group-E65BAAE935FD:java.util.concurrent.CompletableFuture@34e5f57f[Not completed]
2019-09-24 17:00:01,481 INFO  server.RaftServerConfigKeys (ConfUtils.java:logGet(43)) - raft.server.log.appender.install.snapshot.enabled = true (default)
2019-09-24 17:00:01,481 INFO  server.RaftServerConfigKeys (ConfUtils.java:logGet(43)) - raft.server.log.segment.size.max = 8MB (=8388608) (default)
2019-09-24 17:00:01,482 INFO  impl.RaftServerImpl (ServerState.java:<init>(103)) - s0@group-E65BAAE935FD: ConfigurationManager, init=-1: [s0:0.0.0.0:35484, s1:0.0.0.0:33343, s2:0.0.0.0:46273], old=null, confs=<EMPTY_MAP>
2019-09-24 17:00:01,482 INFO  ratis.MiniRaftCluster (MiniRaftCluster.java:newRaftServer(330)) - newRaftServer: s2, group-E65BAAE935FD:[s0:0.0.0.0:35484, s1:0.0.0.0:33343, s2:0.0.0.0:46273], format? true
2019-09-24 17:00:01,482 TRACE util.FileUtils (FileUtils.java:deleteFully(88)) - deleteFully target/test/data/e0ec9561/MiniRaftClusterWithSimulatedRpce2213dd2/s2
2019-09-24 17:00:01,482 INFO  server.RaftServerConfigKeys (ConfUtils.java:logGet(43)) - raft.server.storage.dir = [/workdir/ratis-test/target/test/data/e0ec9561/MiniRaftClusterWithSimulatedRpce2213dd2/s0] (custom)
2019-09-24 17:00:01,483 TRACE util.FileUtils (FileUtils.java:deleteFully(104)) - deleteFully: target/test/data/e0ec9561/MiniRaftClusterWithSimulatedRpce2213dd2/s2 does not exist.
2019-09-24 17:00:01,483 INFO  ratis.MiniRaftCluster (MiniRaftCluster.java:newRaftServer(335)) - Formatted directory target/test/data/e0ec9561/MiniRaftClusterWithSimulatedRpce2213dd2/s2
2019-09-24 17:00:01,482 INFO  server.RaftServerConfigKeys (ConfUtils.java:logGet(43)) - raft.server.log.preallocated.size = 4MB (=4194304) (default)
2019-09-24 17:00:01,483 INFO  server.RaftServerConfigKeys (ConfUtils.java:logGet(43)) - raft.server.log.corruption.policy = EXCEPTION (default)
2019-09-24 17:00:01,483 INFO  impl.RaftServerProxy (ConfUtils.java:logGet(43)) - raft.rpc.type = org.apache.ratis.server.simulation.SimulatedRpc (custom)
2019-09-24 17:00:01,483 INFO  server.RaftServerConfigKeys (ConfUtils.java:logGet(43)) - raft.server.log.write.buffer.size = 64KB (=65536) (default)
2019-09-24 17:00:01,484 INFO  storage.RaftStorageDirectory (RaftStorageDirectory.java:analyzeStorage(246)) - The storage directory /workdir/ratis-test/target/test/data/e0ec9561/MiniRaftClusterWithSimulatedRpce2213dd2/s0/bc16a33f-4125-4cb3-9efe-e65baae935fd does not exist. Creating ...
2019-09-24 17:00:01,484 INFO  impl.RaftServerImpl (RaftServerImpl.java:<init>(95)) - s1: new RaftServerImpl for group-E65BAAE935FD:[s0:0.0.0.0:35484, s1:0.0.0.0:33343, s2:0.0.0.0:46273] with SimpleStateMachine4Testing:uninitialized
2019-09-24 17:00:01,484 INFO  server.RaftServerConfigKeys (ConfUtils.java:logGet(43)) - raft.server.storage.dir = [/workdir/ratis-test/target/test/data/e0ec9561/MiniRaftClusterWithSimulatedRpce2213dd2/s2] (custom)
2019-09-24 17:00:01,485 INFO  server.RaftServerConfigKeys (ConfUtils.java:logGet(43)) - raft.server.rpc.timeout.min = 150ms (default)
2019-09-24 17:00:01,485 INFO  server.RaftServerConfigKeys (ConfUtils.java:logGet(43)) - raft.server.rpc.timeout.max = 300ms (default)
2019-09-24 17:00:01,485 TRACE util.FileUtils (LogUtils.java:runAndLog(61)) - Successfully ran Files.createDirectories /workdir/ratis-test/target/test/data/e0ec9561/MiniRaftClusterWithSimulatedRpce2213dd2/s0/bc16a33f-4125-4cb3-9efe-e65baae935fd
2019-09-24 17:00:01,486 INFO  server.RaftServerConfigKeys (ConfUtils.java:logGet(43)) - raft.server.rpcslowness.timeout = 60s (default)
2019-09-24 17:00:01,486 INFO  impl.RaftServerProxy (RaftServerProxy.java:addNew(89)) - s2: addNew group-E65BAAE935FD:[s0:0.0.0.0:35484, s1:0.0.0.0:33343, s2:0.0.0.0:46273] returns group-E65BAAE935FD:java.util.concurrent.CompletableFuture@2bfefb26[Not completed]
2019-09-24 17:00:01,486 INFO  server.RaftServerConfigKeys (ConfUtils.java:logGet(43)) - raft.server.log.segment.size.max = 8MB (=8388608) (default)
2019-09-24 17:00:01,486 INFO  server.RaftServerConfigKeys (ConfUtils.java:logGet(43)) - raft.server.sleep.deviation.threshold = 300 (default)
2019-09-24 17:00:01,486 INFO  server.RaftServerConfigKeys (ConfUtils.java:logGet(43)) - raft.server.log.preallocated.size = 4MB (=4194304) (default)
2019-09-24 17:00:01,486 INFO  server.RaftServerConfigKeys (ConfUtils.java:logGet(43)) - raft.server.log.appender.install.snapshot.enabled = true (default)
2019-09-24 17:00:01,487 INFO  server.RaftServerConfigKeys (ConfUtils.java:logGet(43)) - raft.server.log.write.buffer.size = 64KB (=65536) (default)
2019-09-24 17:00:01,487 INFO  impl.RaftServerImpl (ServerState.java:<init>(103)) - s1@group-E65BAAE935FD: ConfigurationManager, init=-1: [s0:0.0.0.0:35484, s1:0.0.0.0:33343, s2:0.0.0.0:46273], old=null, confs=<EMPTY_MAP>
2019-09-24 17:00:01,487 INFO  impl.RaftServerImpl (RaftServerImpl.java:<init>(95)) - s2: new RaftServerImpl for group-E65BAAE935FD:[s0:0.0.0.0:35484, s1:0.0.0.0:33343, s2:0.0.0.0:46273] with SimpleStateMachine4Testing:uninitialized
2019-09-24 17:00:01,487 INFO  server.RaftServerConfigKeys (ConfUtils.java:logGet(43)) - raft.server.storage.dir = [/workdir/ratis-test/target/test/data/e0ec9561/MiniRaftClusterWithSimulatedRpce2213dd2/s1] (custom)
2019-09-24 17:00:01,488 INFO  server.RaftServerConfigKeys (ConfUtils.java:logGet(43)) - raft.server.rpc.timeout.min = 150ms (default)
2019-09-24 17:00:01,488 INFO  server.RaftServerConfigKeys (ConfUtils.java:logGet(43)) - raft.server.log.corruption.policy = EXCEPTION (default)
2019-09-24 17:00:01,488 INFO  server.RaftServerConfigKeys (ConfUtils.java:logGet(43)) - raft.server.rpc.timeout.max = 300ms (default)
2019-09-24 17:00:01,488 INFO  storage.RaftStorageDirectory (RaftStorageDirectory.java:analyzeStorage(246)) - The storage directory /workdir/ratis-test/target/test/data/e0ec9561/MiniRaftClusterWithSimulatedRpce2213dd2/s1/bc16a33f-4125-4cb3-9efe-e65baae935fd does not exist. Creating ...
2019-09-24 17:00:01,488 INFO  server.RaftServerConfigKeys (ConfUtils.java:logGet(43)) - raft.server.rpcslowness.timeout = 60s (default)
2019-09-24 17:00:01,488 INFO  server.RaftServerConfigKeys (ConfUtils.java:logGet(43)) - raft.server.sleep.deviation.threshold = 300 (default)
2019-09-24 17:00:01,488 TRACE util.FileUtils (LogUtils.java:runAndLog(61)) - Successfully ran Files.createDirectories /workdir/ratis-test/target/test/data/e0ec9561/MiniRaftClusterWithSimulatedRpce2213dd2/s1/bc16a33f-4125-4cb3-9efe-e65baae935fd
2019-09-24 17:00:01,488 INFO  server.RaftServerConfigKeys (ConfUtils.java:logGet(43)) - raft.server.log.appender.install.snapshot.enabled = true (default)
2019-09-24 17:00:01,489 INFO  impl.RaftServerImpl (ServerState.java:<init>(103)) - s2@group-E65BAAE935FD: ConfigurationManager, init=-1: [s0:0.0.0.0:35484, s1:0.0.0.0:33343, s2:0.0.0.0:46273], old=null, confs=<EMPTY_MAP>
2019-09-24 17:00:01,489 INFO  server.RaftServerConfigKeys (ConfUtils.java:logGet(43)) - raft.server.storage.dir = [/workdir/ratis-test/target/test/data/e0ec9561/MiniRaftClusterWithSimulatedRpce2213dd2/s2] (custom)
2019-09-24 17:00:01,489 INFO  server.RaftServerConfigKeys (ConfUtils.java:logGet(43)) - raft.server.log.corruption.policy = EXCEPTION (default)
2019-09-24 17:00:01,490 INFO  storage.RaftStorageDirectory (RaftStorageDirectory.java:analyzeStorage(246)) - The storage directory /workdir/ratis-test/target/test/data/e0ec9561/MiniRaftClusterWithSimulatedRpce2213dd2/s2/bc16a33f-4125-4cb3-9efe-e65baae935fd does not exist. Creating ...
2019-09-24 17:00:01,490 TRACE util.FileUtils (LogUtils.java:runAndLog(61)) - Successfully ran Files.createDirectories /workdir/ratis-test/target/test/data/e0ec9561/MiniRaftClusterWithSimulatedRpce2213dd2/s2/bc16a33f-4125-4cb3-9efe-e65baae935fd
2019-09-24 17:00:01,503 INFO  storage.RaftStorageDirectory (RaftStorageDirectory.java:tryLock(328)) - Lock on /workdir/ratis-test/target/test/data/e0ec9561/MiniRaftClusterWithSimulatedRpce2213dd2/s2/bc16a33f-4125-4cb3-9efe-e65baae935fd/in_use.lock acquired by nodename 32700@ratis-test-vphbd-3564017154
2019-09-24 17:00:01,504 INFO  storage.RaftStorageDirectory (RaftStorageDirectory.java:tryLock(328)) - Lock on /workdir/ratis-test/target/test/data/e0ec9561/MiniRaftClusterWithSimulatedRpce2213dd2/s0/bc16a33f-4125-4cb3-9efe-e65baae935fd/in_use.lock acquired by nodename 32700@ratis-test-vphbd-3564017154
2019-09-24 17:00:01,503 INFO  storage.RaftStorageDirectory (RaftStorageDirectory.java:tryLock(328)) - Lock on /workdir/ratis-test/target/test/data/e0ec9561/MiniRaftClusterWithSimulatedRpce2213dd2/s1/bc16a33f-4125-4cb3-9efe-e65baae935fd/in_use.lock acquired by nodename 32700@ratis-test-vphbd-3564017154
2019-09-24 17:00:01,504 TRACE util.FileUtils (LogUtils.java:runAndLog(61)) - Successfully ran Files.createDirectories /workdir/ratis-test/target/test/data/e0ec9561/MiniRaftClusterWithSimulatedRpce2213dd2/s2/bc16a33f-4125-4cb3-9efe-e65baae935fd/current
2019-09-24 17:00:01,504 TRACE util.FileUtils (LogUtils.java:runAndLog(61)) - Successfully ran Files.createDirectories /workdir/ratis-test/target/test/data/e0ec9561/MiniRaftClusterWithSimulatedRpce2213dd2/s1/bc16a33f-4125-4cb3-9efe-e65baae935fd/current
2019-09-24 17:00:01,504 TRACE util.FileUtils (LogUtils.java:runAndLog(61)) - Successfully ran Files.createDirectories /workdir/ratis-test/target/test/data/e0ec9561/MiniRaftClusterWithSimulatedRpce2213dd2/s0/bc16a33f-4125-4cb3-9efe-e65baae935fd/current
2019-09-24 17:00:01,504 TRACE util.FileUtils (LogUtils.java:runAndLog(61)) - Successfully ran Files.createDirectories /workdir/ratis-test/target/test/data/e0ec9561/MiniRaftClusterWithSimulatedRpce2213dd2/s2/bc16a33f-4125-4cb3-9efe-e65baae935fd/sm
2019-09-24 17:00:01,504 TRACE util.FileUtils (LogUtils.java:runAndLog(61)) - Successfully ran Files.createDirectories /workdir/ratis-test/target/test/data/e0ec9561/MiniRaftClusterWithSimulatedRpce2213dd2/s1/bc16a33f-4125-4cb3-9efe-e65baae935fd/sm
2019-09-24 17:00:01,505 TRACE util.FileUtils (LogUtils.java:runAndLog(61)) - Successfully ran Files.createDirectories /workdir/ratis-test/target/test/data/e0ec9561/MiniRaftClusterWithSimulatedRpce2213dd2/s0/bc16a33f-4125-4cb3-9efe-e65baae935fd/sm
2019-09-24 17:00:01,519 INFO  storage.RaftStorage (RaftStorage.java:format(84)) - Storage directory /workdir/ratis-test/target/test/data/e0ec9561/MiniRaftClusterWithSimulatedRpce2213dd2/s1/bc16a33f-4125-4cb3-9efe-e65baae935fd has been successfully formatted.
2019-09-24 17:00:01,519 INFO  storage.RaftStorage (RaftStorage.java:format(84)) - Storage directory /workdir/ratis-test/target/test/data/e0ec9561/MiniRaftClusterWithSimulatedRpce2213dd2/s2/bc16a33f-4125-4cb3-9efe-e65baae935fd has been successfully formatted.
2019-09-24 17:00:01,519 INFO  storage.RaftStorage (RaftStorage.java:format(84)) - Storage directory /workdir/ratis-test/target/test/data/e0ec9561/MiniRaftClusterWithSimulatedRpce2213dd2/s0/bc16a33f-4125-4cb3-9efe-e65baae935fd has been successfully formatted.
2019-09-24 17:00:01,519 INFO  statemachine.SimpleStateMachine4Testing (SimpleStateMachine4Testing.java:initialize(206)) - Initializing SimpleStateMachine4Testing:uninitialized
2019-09-24 17:00:01,519 INFO  statemachine.SimpleStateMachine4Testing (SimpleStateMachine4Testing.java:initialize(206)) - Initializing SimpleStateMachine4Testing:uninitialized
2019-09-24 17:00:01,519 INFO  statemachine.SimpleStateMachine4Testing (SimpleStateMachine4Testing.java:initialize(206)) - Initializing SimpleStateMachine4Testing:uninitialized
2019-09-24 17:00:01,520 INFO  statemachine.SimpleStateMachine4Testing (SimpleStateMachine4Testing.java:loadSnapshot(296)) - The snapshot file null does not exist
2019-09-24 17:00:01,520 INFO  statemachine.SimpleStateMachine4Testing (SimpleStateMachine4Testing.java:loadSnapshot(296)) - The snapshot file null does not exist
2019-09-24 17:00:01,520 INFO  statemachine.SimpleStateMachine4Testing (SimpleStateMachine4Testing.java:loadSnapshot(296)) - The snapshot file null does not exist
2019-09-24 17:00:01,520 INFO  server.RaftServerConfigKeys (ConfUtils.java:logGet(43)) - raft.server.notification.no-leader.timeout = 60s (default)
2019-09-24 17:00:01,520 INFO  server.RaftServerConfigKeys (ConfUtils.java:logGet(43)) - raft.server.notification.no-leader.timeout = 60s (default)
2019-09-24 17:00:01,520 INFO  server.RaftServerConfigKeys (ConfUtils.java:logGet(43)) - raft.server.log.use.memory = false (default)
2019-09-24 17:00:01,520 INFO  server.RaftServerConfigKeys (ConfUtils.java:logGet(43)) - raft.server.notification.no-leader.timeout = 60s (default)
2019-09-24 17:00:01,520 INFO  server.RaftServerConfigKeys (ConfUtils.java:logGet(43)) - raft.server.log.purge.gap = 1024 (default)
2019-09-24 17:00:01,520 INFO  server.RaftServerConfigKeys (ConfUtils.java:logGet(43)) - raft.server.log.use.memory = false (default)
2019-09-24 17:00:01,521 INFO  server.RaftServerConfigKeys (ConfUtils.java:logGet(43)) - raft.server.log.appender.buffer.byte-limit = 8KB (=8192) (custom)
2019-09-24 17:00:01,521 INFO  server.RaftServerConfigKeys (ConfUtils.java:logGet(43)) - raft.server.log.use.memory = false (default)
2019-09-24 17:00:01,521 INFO  server.RaftServerConfigKeys (ConfUtils.java:logGet(43)) - raft.server.log.segment.size.max = 8KB (=8192) (custom)
2019-09-24 17:00:01,521 INFO  server.RaftServerConfigKeys (ConfUtils.java:logGet(43)) - raft.server.log.purge.gap = 1024 (default)
2019-09-24 17:00:01,521 INFO  server.RaftServerConfigKeys (ConfUtils.java:logGet(43)) - raft.server.log.segment.cache.num.max = 6 (default)
2019-09-24 17:00:01,521 INFO  server.RaftServerConfigKeys (ConfUtils.java:logGet(43)) - raft.server.log.purge.gap = 1024 (default)
2019-09-24 17:00:01,522 INFO  segmented.SegmentedRaftLogWorker (SegmentedRaftLogWorker.java:<init>(172)) - new s0@group-E65BAAE935FD-SegmentedRaftLogWorker for RaftStorage:Storage Directory /workdir/ratis-test/target/test/data/e0ec9561/MiniRaftClusterWithSimulatedRpce2213dd2/s0/bc16a33f-4125-4cb3-9efe-e65baae935fd
2019-09-24 17:00:01,521 INFO  server.RaftServerConfigKeys (ConfUtils.java:logGet(43)) - raft.server.log.appender.buffer.byte-limit = 8KB (=8192) (custom)
2019-09-24 17:00:01,522 INFO  server.RaftServerConfigKeys (ConfUtils.java:logGet(43)) - raft.server.log.queue.byte-limit = 64MB (=67108864) (default)
2019-09-24 17:00:01,522 INFO  server.RaftServerConfigKeys (ConfUtils.java:logGet(43)) - raft.server.log.appender.buffer.byte-limit = 8KB (=8192) (custom)
2019-09-24 17:00:01,522 INFO  server.RaftServerConfigKeys (ConfUtils.java:logGet(43)) - raft.server.log.queue.element-limit = 4096 (default)
2019-09-24 17:00:01,522 INFO  server.RaftServerConfigKeys (ConfUtils.java:logGet(43)) - raft.server.log.segment.size.max = 8KB (=8192) (custom)
2019-09-24 17:00:01,522 INFO  server.RaftServerConfigKeys (ConfUtils.java:logGet(43)) - raft.server.log.segment.size.max = 8KB (=8192) (custom)
2019-09-24 17:00:01,522 INFO  server.RaftServerConfigKeys (ConfUtils.java:logGet(43)) - raft.server.log.segment.size.max = 8KB (=8192) (custom)
2019-09-24 17:00:01,523 INFO  server.RaftServerConfigKeys (ConfUtils.java:logGet(43)) - raft.server.log.segment.cache.num.max = 6 (default)
2019-09-24 17:00:01,523 INFO  server.RaftServerConfigKeys (ConfUtils.java:logGet(43)) - raft.server.log.preallocated.size = 4MB (=4194304) (default)
2019-09-24 17:00:01,523 INFO  segmented.SegmentedRaftLogWorker (SegmentedRaftLogWorker.java:<init>(172)) - new s2@group-E65BAAE935FD-SegmentedRaftLogWorker for RaftStorage:Storage Directory /workdir/ratis-test/target/test/data/e0ec9561/MiniRaftClusterWithSimulatedRpce2213dd2/s2/bc16a33f-4125-4cb3-9efe-e65baae935fd
2019-09-24 17:00:01,523 INFO  server.RaftServerConfigKeys (ConfUtils.java:logGet(43)) - raft.server.log.segment.cache.num.max = 6 (default)
2019-09-24 17:00:01,523 INFO  server.RaftServerConfigKeys (ConfUtils.java:logGet(43)) - raft.server.log.queue.byte-limit = 64MB (=67108864) (default)
2019-09-24 17:00:01,523 INFO  server.RaftServerConfigKeys (ConfUtils.java:logGet(43)) - raft.server.log.write.buffer.size = 64KB (=65536) (default)
2019-09-24 17:00:01,524 INFO  server.RaftServerConfigKeys (ConfUtils.java:logGet(43)) - raft.server.log.queue.element-limit = 4096 (default)
2019-09-24 17:00:01,523 INFO  segmented.SegmentedRaftLogWorker (SegmentedRaftLogWorker.java:<init>(172)) - new s1@group-E65BAAE935FD-SegmentedRaftLogWorker for RaftStorage:Storage Directory /workdir/ratis-test/target/test/data/e0ec9561/MiniRaftClusterWithSimulatedRpce2213dd2/s1/bc16a33f-4125-4cb3-9efe-e65baae935fd
2019-09-24 17:00:01,524 INFO  server.RaftServerConfigKeys (ConfUtils.java:logGet(43)) - raft.server.log.force.sync.num = 128 (default)
2019-09-24 17:00:01,524 INFO  server.RaftServerConfigKeys (ConfUtils.java:logGet(43)) - raft.server.log.queue.byte-limit = 64MB (=67108864) (default)
2019-09-24 17:00:01,524 INFO  server.RaftServerConfigKeys (ConfUtils.java:logGet(43)) - raft.server.log.segment.size.max = 8KB (=8192) (custom)
2019-09-24 17:00:01,524 INFO  server.RaftServerConfigKeys (ConfUtils.java:logGet(43)) - raft.server.log.queue.element-limit = 4096 (default)
2019-09-24 17:00:01,524 INFO  server.RaftServerConfigKeys (ConfUtils.java:logGet(43)) - raft.server.log.statemachine.data.sync = true (default)
2019-09-24 17:00:01,525 INFO  server.RaftServerConfigKeys (ConfUtils.java:logGet(43)) - raft.server.log.segment.size.max = 8KB (=8192) (custom)
2019-09-24 17:00:01,525 INFO  server.RaftServerConfigKeys (ConfUtils.java:logGet(43)) - raft.server.log.preallocated.size = 4MB (=4194304) (default)
2019-09-24 17:00:01,525 INFO  server.RaftServerConfigKeys (ConfUtils.java:logGet(43)) - raft.server.log.preallocated.size = 4MB (=4194304) (default)
2019-09-24 17:00:01,525 INFO  server.RaftServerConfigKeys (ConfUtils.java:logGet(43)) - raft.server.log.statemachine.data.sync.timeout = 10s (default)
2019-09-24 17:00:01,525 INFO  server.RaftServerConfigKeys (ConfUtils.java:logGet(43)) - raft.server.log.write.buffer.size = 64KB (=65536) (default)
2019-09-24 17:00:01,525 INFO  server.RaftServerConfigKeys (ConfUtils.java:logGet(43)) - raft.server.log.write.buffer.size = 64KB (=65536) (default)
2019-09-24 17:00:01,525 INFO  server.RaftServerConfigKeys (ConfUtils.java:logGet(43)) - raft.server.log.force.sync.num = 128 (default)
2019-09-24 17:00:01,525 INFO  server.RaftServerConfigKeys (ConfUtils.java:logGet(43)) - raft.server.log.statemachine.data.sync.timeout.retry = -1 (default)
2019-09-24 17:00:01,526 INFO  server.RaftServerConfigKeys (ConfUtils.java:logGet(43)) - raft.server.log.statemachine.data.sync = true (default)
2019-09-24 17:00:01,526 INFO  server.RaftServerConfigKeys (ConfUtils.java:logGet(43)) - raft.server.log.force.sync.num = 128 (default)
2019-09-24 17:00:01,526 INFO  server.RaftServerConfigKeys (ConfUtils.java:logGet(43)) - raft.server.log.statemachine.data.sync.timeout = 10s (default)
2019-09-24 17:00:01,526 INFO  server.RaftServerConfigKeys (ConfUtils.java:logGet(43)) - raft.server.log.statemachine.data.caching.enabled = false (default)
2019-09-24 17:00:01,526 INFO  server.RaftServerConfigKeys (ConfUtils.java:logGet(43)) - raft.server.log.statemachine.data.sync.timeout.retry = -1 (default)
2019-09-24 17:00:01,526 INFO  server.RaftServerConfigKeys (ConfUtils.java:logGet(43)) - raft.server.log.statemachine.data.sync = true (default)
2019-09-24 17:00:01,527 INFO  server.RaftServerConfigKeys (ConfUtils.java:logGet(43)) - raft.server.log.statemachine.data.caching.enabled = false (default)
2019-09-24 17:00:01,527 INFO  segmented.SegmentedRaftLogWorker (SegmentedRaftLogWorker.java:lambda$new$0(132)) - s0@group-E65BAAE935FD-SegmentedRaftLogWorker: flushIndex: setUnconditionally 0 -> -1
2019-09-24 17:00:01,527 INFO  segmented.SegmentedRaftLogWorker (SegmentedRaftLogWorker.java:lambda$new$0(132)) - s1@group-E65BAAE935FD-SegmentedRaftLogWorker: flushIndex: setUnconditionally 0 -> -1
2019-09-24 17:00:01,527 INFO  server.RaftServerConfigKeys (ConfUtils.java:logGet(43)) - raft.server.log.statemachine.data.sync.timeout = 10s (default)
2019-09-24 17:00:01,527 INFO  server.RaftServerConfigKeys (ConfUtils.java:logGet(43)) - raft.server.snapshot.auto.trigger.enabled = false (default)
2019-09-24 17:00:01,528 INFO  server.RaftServerConfigKeys (ConfUtils.java:logGet(43)) - raft.server.snapshot.auto.trigger.enabled = false (default)
2019-09-24 17:00:01,528 INFO  server.RaftServerConfigKeys (ConfUtils.java:logGet(43)) - raft.server.snapshot.retention.file.num = -1 (default)
2019-09-24 17:00:01,528 INFO  server.RaftServerConfigKeys (ConfUtils.java:logGet(43)) - raft.server.log.statemachine.data.sync.timeout.retry = -1 (default)
2019-09-24 17:00:01,528 INFO  server.RaftServerConfigKeys (ConfUtils.java:logGet(43)) - raft.server.retrycache.expirytime = 60s (default)
2019-09-24 17:00:01,528 INFO  server.RaftServerConfigKeys (ConfUtils.java:logGet(43)) - raft.server.log.statemachine.data.caching.enabled = false (default)
2019-09-24 17:00:01,528 INFO  server.RaftServerConfigKeys (ConfUtils.java:logGet(43)) - raft.server.snapshot.retention.file.num = -1 (default)
2019-09-24 17:00:01,529 INFO  server.RaftServerConfigKeys (ConfUtils.java:logGet(43)) - raft.server.retrycache.expirytime = 60s (default)
2019-09-24 17:00:01,529 INFO  segmented.SegmentedRaftLogWorker (SegmentedRaftLogWorker.java:lambda$new$0(132)) - s2@group-E65BAAE935FD-SegmentedRaftLogWorker: flushIndex: setUnconditionally 0 -> -1
2019-09-24 17:00:01,529 INFO  server.RaftServerConfigKeys (ConfUtils.java:logGet(43)) - raft.server.snapshot.auto.trigger.enabled = false (default)
2019-09-24 17:00:01,529 INFO  server.RaftServerConfigKeys (ConfUtils.java:logGet(43)) - raft.server.snapshot.retention.file.num = -1 (default)
2019-09-24 17:00:01,530 INFO  server.RaftServerConfigKeys (ConfUtils.java:logGet(43)) - raft.server.retrycache.expirytime = 60s (default)
2019-09-24 17:00:01,530 INFO  statemachine.SimpleStateMachine4Testing (SimpleStateMachine4Testing.java:put(198)) - s1: put 3, Msg to mak... -> (t:1, i:3), STATEMACHINELOGENTRY, client-A143AEBD5FAA, cid=301
2019-09-24 17:00:01,531 INFO  statemachine.SimpleStateMachine4Testing (SimpleStateMachine4Testing.java:put(198)) - s1: put 5, Msg to mak... -> (t:1, i:5), STATEMACHINELOGENTRY, client-A143AEBD5FAA, cid=302
2019-09-24 17:00:01,531 INFO  statemachine.SimpleStateMachine4Testing (SimpleStateMachine4Testing.java:put(198)) - s1: put 7, Msg to mak... -> (t:1, i:7), STATEMACHINELOGENTRY, client-A143AEBD5FAA, cid=303
2019-09-24 17:00:01,531 INFO  statemachine.SimpleStateMachine4Testing (SimpleStateMachine4Testing.java:put(198)) - s1: put 9, Msg to mak... -> (t:1, i:9), STATEMACHINELOGENTRY, client-A143AEBD5FAA, cid=304
2019-09-24 17:00:01,531 INFO  statemachine.SimpleStateMachine4Testing (SimpleStateMachine4Testing.java:put(198)) - s1: put 11, Msg to mak... -> (t:1, i:11), STATEMACHINELOGENTRY, client-A143AEBD5FAA, cid=305
2019-09-24 17:00:01,532 INFO  statemachine.SimpleStateMachine4Testing (SimpleStateMachine4Testing.java:put(198)) - s1: put 13, Msg to mak... -> (t:1, i:13), STATEMACHINELOGENTRY, client-A143AEBD5FAA, cid=306
2019-09-24 17:00:01,532 INFO  statemachine.SimpleStateMachine4Testing (SimpleStateMachine4Testing.java:put(198)) - s1: put 15, Msg to mak... -> (t:1, i:15), STATEMACHINELOGENTRY, client-A143AEBD5FAA, cid=307
2019-09-24 17:00:01,532 INFO  statemachine.SimpleStateMachine4Testing (SimpleStateMachine4Testing.java:put(198)) - s1: put 17, Msg to mak... -> (t:1, i:17), STATEMACHINELOGENTRY, client-A143AEBD5FAA, cid=308
2019-09-24 17:00:01,533 INFO  statemachine.SimpleStateMachine4Testing (SimpleStateMachine4Testing.java:put(198)) - s1: put 19, Msg to mak... -> (t:1, i:19), STATEMACHINELOGENTRY, client-A143AEBD5FAA, cid=309
2019-09-24 17:00:01,534 INFO  impl.RaftServerImpl (RaftServerImpl.java:start(181)) - s0@group-E65BAAE935FD: start as a follower, conf=-1: [s0:0.0.0.0:35484, s1:0.0.0.0:33343, s2:0.0.0.0:46273], old=null
2019-09-24 17:00:01,535 INFO  impl.RaftServerImpl (RaftServerImpl.java:setRole(170)) - s0@group-E65BAAE935FD: changes role from      null to FOLLOWER at term 0 for startAsFollower
2019-09-24 17:00:01,535 INFO  impl.RoleInfo (RoleInfo.java:updateAndGet(143)) - s0: start FollowerState
2019-09-24 17:00:01,536 INFO  util.JmxRegister (JmxRegister.java:tryRegister(44)) - Successfully registered JMX Bean with object name Ratis:service=RaftServer,group=group-E65BAAE935FD,id=s0
2019-09-24 17:00:01,542 INFO  impl.RaftServerProxy (RaftServerProxy.java:lambda$start$3(299)) - s0: start RPC server
2019-09-24 17:00:01,544 INFO  impl.RaftServerImpl (RaftServerImpl.java:start(181)) - s1@group-E65BAAE935FD: start as a follower, conf=-1: [s0:0.0.0.0:35484, s1:0.0.0.0:33343, s2:0.0.0.0:46273], old=null
2019-09-24 17:00:01,545 INFO  impl.RaftServerImpl (RaftServerImpl.java:setRole(170)) - s1@group-E65BAAE935FD: changes role from      null to FOLLOWER at term 0 for startAsFollower
2019-09-24 17:00:01,545 INFO  impl.RoleInfo (RoleInfo.java:updateAndGet(143)) - s1: start FollowerState
2019-09-24 17:00:01,546 INFO  util.JmxRegister (JmxRegister.java:tryRegister(44)) - Successfully registered JMX Bean with object name Ratis:service=RaftServer,group=group-E65BAAE935FD,id=s1
2019-09-24 17:00:01,553 INFO  impl.RaftServerProxy (RaftServerProxy.java:lambda$start$3(299)) - s1: start RPC server
2019-09-24 17:00:01,556 INFO  impl.RaftServerImpl (RaftServerImpl.java:start(181)) - s2@group-E65BAAE935FD: start as a follower, conf=-1: [s0:0.0.0.0:35484, s1:0.0.0.0:33343, s2:0.0.0.0:46273], old=null
2019-09-24 17:00:01,557 INFO  impl.RaftServerImpl (RaftServerImpl.java:setRole(170)) - s2@group-E65BAAE935FD: changes role from      null to FOLLOWER at term 0 for startAsFollower
2019-09-24 17:00:01,557 INFO  impl.RoleInfo (RoleInfo.java:updateAndGet(143)) - s2: start FollowerState
2019-09-24 17:00:01,558 INFO  util.JmxRegister (JmxRegister.java:tryRegister(44)) - Successfully registered JMX Bean with object name Ratis:service=RaftServer,group=group-E65BAAE935FD,id=s2
2019-09-24 17:00:01,563 INFO  impl.RaftServerProxy (RaftServerProxy.java:lambda$start$3(299)) - s2: start RPC server
2019-09-24 17:00:01,565 INFO  server.RaftServerConfigKeys (ConfUtils.java:logGet(43)) - raft.server.rpc.timeout.max = 300ms (default)
2019-09-24 17:00:01,565 INFO  ratis.RaftTestUtil (RaftTestUtil.java:waitForLeader(86)) - printing ALL groups
  s0:  RUNNING  FOLLOWER s0@group-E65BAAE935FD:t0, leader=null, voted=null, raftlog=s0@group-E65BAAE935FD-SegmentedRaftLog:OPENED:c-1,f-1,i0, conf=-1: [s0:0.0.0.0:35484, s1:0.0.0.0:33343, s2:0.0.0.0:46273], old=null RUNNING
  s1:  RUNNING  FOLLOWER s1@group-E65BAAE935FD:t0, leader=null, voted=null, raftlog=s1@group-E65BAAE935FD-SegmentedRaftLog:OPENED:c-1,f-1,i0, conf=-1: [s0:0.0.0.0:35484, s1:0.0.0.0:33343, s2:0.0.0.0:46273], old=null RUNNING
  s2:  RUNNING  FOLLOWER s2@group-E65BAAE935FD:t0, leader=null, voted=null, raftlog=s2@group-E65BAAE935FD-SegmentedRaftLog:OPENED:c-1,f-1,i0, conf=-1: [s0:0.0.0.0:35484, s1:0.0.0.0:33343, s2:0.0.0.0:46273], old=null RUNNING
2019-09-24 17:00:01,566 WARN  ratis.RaftTestUtil (JavaUtils.java:attempt(158)) - FAILED "waitForLeader-null-(expectLeader? true)", attempt #1/100: java.lang.IllegalStateException: No leader yet : printing ALL groups
  s0:  RUNNING  FOLLOWER s0@group-E65BAAE935FD:t0, leader=null, voted=null, raftlog=s0@group-E65BAAE935FD-SegmentedRaftLog:OPENED:c-1,f-1,i0, conf=-1: [s0:0.0.0.0:35484, s1:0.0.0.0:33343, s2:0.0.0.0:46273], old=null RUNNING
  s1:  RUNNING  FOLLOWER s1@group-E65BAAE935FD:t0, leader=null, voted=null, raftlog=s1@group-E65BAAE935FD-SegmentedRaftLog:OPENED:c-1,f-1,i0, conf=-1: [s0:0.0.0.0:35484, s1:0.0.0.0:33343, s2:0.0.0.0:46273], old=null RUNNING
  s2:  RUNNING  FOLLOWER s2@group-E65BAAE935FD:t0, leader=null, voted=null, raftlog=s2@group-E65BAAE935FD-SegmentedRaftLog:OPENED:c-1,f-1,i0, conf=-1: [s0:0.0.0.0:35484, s1:0.0.0.0:33343, s2:0.0.0.0:46273], old=null RUNNING, sleep 450ms and then retry.
java.lang.IllegalStateException: No leader yet : printing ALL groups
  s0:  RUNNING  FOLLOWER s0@group-E65BAAE935FD:t0, leader=null, voted=null, raftlog=s0@group-E65BAAE935FD-SegmentedRaftLog:OPENED:c-1,f-1,i0, conf=-1: [s0:0.0.0.0:35484, s1:0.0.0.0:33343, s2:0.0.0.0:46273], old=null RUNNING
  s1:  RUNNING  FOLLOWER s1@group-E65BAAE935FD:t0, leader=null, voted=null, raftlog=s1@group-E65BAAE935FD-SegmentedRaftLog:OPENED:c-1,f-1,i0, conf=-1: [s0:0.0.0.0:35484, s1:0.0.0.0:33343, s2:0.0.0.0:46273], old=null RUNNING
  s2:  RUNNING  FOLLOWER s2@group-E65BAAE935FD:t0, leader=null, voted=null, raftlog=s2@group-E65BAAE935FD-SegmentedRaftLog:OPENED:c-1,f-1,i0, conf=-1: [s0:0.0.0.0:35484, s1:0.0.0.0:33343, s2:0.0.0.0:46273], old=null RUNNING
	at org.apache.ratis.MiniRaftCluster.newIllegalStateExceptionForNoLeaders(MiniRaftCluster.java:506)
	at org.apache.ratis.RaftTestUtil.lambda$waitForLeader$1(RaftTestUtil.java:90)
	at org.apache.ratis.MiniRaftCluster.getLeader(MiniRaftCluster.java:539)
	at org.apache.ratis.MiniRaftCluster.getLeader(MiniRaftCluster.java:532)
	at org.apache.ratis.RaftTestUtil.lambda$waitForLeader$3(RaftTestUtil.java:98)
	at org.apache.ratis.util.JavaUtils.attempt(JavaUtils.java:152)
	at org.apache.ratis.RaftTestUtil.waitForLeader(RaftTestUtil.java:97)
	at org.apache.ratis.RaftTestUtil.waitForLeader(RaftTestUtil.java:77)
	at org.apache.ratis.RaftTestUtil.waitForLeader(RaftTestUtil.java:72)
	at org.apache.ratis.LogAppenderTests.runTest(LogAppenderTests.java:171)
	at org.apache.ratis.MiniRaftCluster$Factory$Get.runWithNewCluster(MiniRaftCluster.java:125)
	at org.apache.ratis.MiniRaftCluster$Factory$Get.runWithNewCluster(MiniRaftCluster.java:113)
	at org.apache.ratis.LogAppenderTests.testUnlimitedElementBuffer(LogAppenderTests.java:124)
	at sun.reflect.NativeMethodAccessorImpl.invoke0(Native Method)
	at sun.reflect.NativeMethodAccessorImpl.invoke(NativeMethodAccessorImpl.java:62)
	at sun.reflect.DelegatingMethodAccessorImpl.invoke(DelegatingMethodAccessorImpl.java:43)
	at java.lang.reflect.Method.invoke(Method.java:498)
	at org.junit.runners.model.FrameworkMethod$1.runReflectiveCall(FrameworkMethod.java:50)
	at org.junit.internal.runners.model.ReflectiveCallable.run(ReflectiveCallable.java:12)
	at org.junit.runners.model.FrameworkMethod.invokeExplosively(FrameworkMethod.java:47)
	at org.junit.internal.runners.statements.InvokeMethod.evaluate(InvokeMethod.java:17)
	at org.junit.internal.runners.statements.RunAfters.evaluate(RunAfters.java:27)
	at org.junit.internal.runners.statements.FailOnTimeout$CallableStatement.call(FailOnTimeout.java:298)
	at org.junit.internal.runners.statements.FailOnTimeout$CallableStatement.call(FailOnTimeout.java:292)
	at java.util.concurrent.FutureTask.run(FutureTask.java:266)
	at java.lang.Thread.run(Thread.java:748)
2019-09-24 17:00:01,718 INFO  impl.FollowerState (FollowerState.java:run(108)) - s0@group-E65BAAE935FD-FollowerState: change to CANDIDATE, lastRpcTime:182ms, electionTimeout:182ms
2019-09-24 17:00:01,719 INFO  impl.RoleInfo (RoleInfo.java:shutdownFollowerState(121)) - s0: shutdown FollowerState
2019-09-24 17:00:01,719 INFO  impl.RaftServerImpl (RaftServerImpl.java:setRole(170)) - s0@group-E65BAAE935FD: changes role from  FOLLOWER to CANDIDATE at term 0 for changeToCandidate
2019-09-24 17:00:01,719 INFO  impl.RoleInfo (RoleInfo.java:updateAndGet(143)) - s0: start LeaderElection
2019-09-24 17:00:01,727 INFO  impl.FollowerState (FollowerState.java:run(108)) - s2@group-E65BAAE935FD-FollowerState: change to CANDIDATE, lastRpcTime:169ms, electionTimeout:166ms
2019-09-24 17:00:01,727 INFO  impl.RoleInfo (RoleInfo.java:shutdownFollowerState(121)) - s2: shutdown FollowerState
2019-09-24 17:00:01,728 INFO  impl.RaftServerImpl (RaftServerImpl.java:setRole(170)) - s2@group-E65BAAE935FD: changes role from  FOLLOWER to CANDIDATE at term 0 for changeToCandidate
2019-09-24 17:00:01,728 INFO  impl.RoleInfo (RoleInfo.java:updateAndGet(143)) - s2: start LeaderElection
2019-09-24 17:00:01,737 INFO  impl.FollowerState (FollowerState.java:run(108)) - s1@group-E65BAAE935FD-FollowerState: change to CANDIDATE, lastRpcTime:191ms, electionTimeout:191ms
2019-09-24 17:00:01,737 INFO  impl.RoleInfo (RoleInfo.java:shutdownFollowerState(121)) - s1: shutdown FollowerState
2019-09-24 17:00:01,737 INFO  impl.RaftServerImpl (RaftServerImpl.java:setRole(170)) - s1@group-E65BAAE935FD: changes role from  FOLLOWER to CANDIDATE at term 0 for changeToCandidate
2019-09-24 17:00:01,737 INFO  impl.RoleInfo (RoleInfo.java:updateAndGet(143)) - s1: start LeaderElection
2019-09-24 17:00:01,747 INFO  impl.LeaderElection (LeaderElection.java:askForVotes(178)) - s2@group-E65BAAE935FD-LeaderElection8: begin an election at term 1 for -1: [s0:0.0.0.0:35484, s1:0.0.0.0:33343, s2:0.0.0.0:46273], old=null
2019-09-24 17:00:01,747 INFO  impl.LeaderElection (LeaderElection.java:askForVotes(178)) - s0@group-E65BAAE935FD-LeaderElection7: begin an election at term 1 for -1: [s0:0.0.0.0:35484, s1:0.0.0.0:33343, s2:0.0.0.0:46273], old=null
2019-09-24 17:00:01,766 INFO  impl.LeaderElection (LeaderElection.java:askForVotes(178)) - s1@group-E65BAAE935FD-LeaderElection9: begin an election at term 1 for -1: [s0:0.0.0.0:35484, s1:0.0.0.0:33343, s2:0.0.0.0:46273], old=null
2019-09-24 17:00:01,766 INFO  impl.LeaderElection (LeaderElection.java:logAndReturn(56)) - s2@group-E65BAAE935FD-LeaderElection8: Election REJECTED; received 2 response(s) [s2<-s0#0:FAIL-t1, s2<-s1#0:FAIL-t1] and 0 exception(s); s2@group-E65BAAE935FD:t1, leader=null, voted=s2, raftlog=s2@group-E65BAAE935FD-SegmentedRaftLog:OPENED:c-1,f-1,i0, conf=-1: [s0:0.0.0.0:35484, s1:0.0.0.0:33343, s2:0.0.0.0:46273], old=null
2019-09-24 17:00:01,766 INFO  impl.LeaderElection (LeaderElection.java:logAndReturn(56)) - s0@group-E65BAAE935FD-LeaderElection7: Election REJECTED; received 2 response(s) [s0<-s1#0:FAIL-t1, s0<-s2#0:FAIL-t1] and 0 exception(s); s0@group-E65BAAE935FD:t1, leader=null, voted=s0, raftlog=s0@group-E65BAAE935FD-SegmentedRaftLog:OPENED:c-1,f-1,i0, conf=-1: [s0:0.0.0.0:35484, s1:0.0.0.0:33343, s2:0.0.0.0:46273], old=null
2019-09-24 17:00:01,767 INFO  impl.RaftServerImpl (RaftServerImpl.java:setRole(170)) - s2@group-E65BAAE935FD: changes role from CANDIDATE to FOLLOWER at term 1 for DISCOVERED_A_NEW_TERM
2019-09-24 17:00:01,767 INFO  impl.RaftServerImpl (RaftServerImpl.java:setRole(170)) - s0@group-E65BAAE935FD: changes role from CANDIDATE to FOLLOWER at term 1 for DISCOVERED_A_NEW_TERM
2019-09-24 17:00:01,768 INFO  impl.RoleInfo (RoleInfo.java:shutdownLeaderElection(134)) - s2: shutdown LeaderElection
2019-09-24 17:00:01,768 INFO  impl.RoleInfo (RoleInfo.java:shutdownLeaderElection(134)) - s0: shutdown LeaderElection
2019-09-24 17:00:01,769 INFO  impl.RoleInfo (RoleInfo.java:updateAndGet(143)) - s2: start FollowerState
2019-09-24 17:00:01,769 INFO  impl.RoleInfo (RoleInfo.java:updateAndGet(143)) - s0: start FollowerState
2019-09-24 17:00:01,771 INFO  impl.LeaderElection (LeaderElection.java:logAndReturn(56)) - s1@group-E65BAAE935FD-LeaderElection9: Election REJECTED; received 2 response(s) [s1<-s0#0:FAIL-t1, s1<-s2#0:FAIL-t1] and 0 exception(s); s1@group-E65BAAE935FD:t1, leader=null, voted=s1, raftlog=s1@group-E65BAAE935FD-SegmentedRaftLog:OPENED:c-1,f-1,i0, conf=-1: [s0:0.0.0.0:35484, s1:0.0.0.0:33343, s2:0.0.0.0:46273], old=null
2019-09-24 17:00:01,771 INFO  impl.RaftServerImpl (RaftServerImpl.java:setRole(170)) - s1@group-E65BAAE935FD: changes role from CANDIDATE to FOLLOWER at term 1 for DISCOVERED_A_NEW_TERM
2019-09-24 17:00:01,772 INFO  impl.RoleInfo (RoleInfo.java:shutdownLeaderElection(134)) - s1: shutdown LeaderElection
2019-09-24 17:00:01,772 INFO  impl.RoleInfo (RoleInfo.java:updateAndGet(143)) - s1: start FollowerState
2019-09-24 17:00:01,933 INFO  impl.FollowerState (FollowerState.java:run(108)) - s2@group-E65BAAE935FD-FollowerState: change to CANDIDATE, lastRpcTime:164ms, electionTimeout:163ms
2019-09-24 17:00:01,934 INFO  impl.RoleInfo (RoleInfo.java:shutdownFollowerState(121)) - s2: shutdown FollowerState
2019-09-24 17:00:01,934 INFO  impl.RaftServerImpl (RaftServerImpl.java:setRole(170)) - s2@group-E65BAAE935FD: changes role from  FOLLOWER to CANDIDATE at term 1 for changeToCandidate
2019-09-24 17:00:01,934 INFO  impl.RoleInfo (RoleInfo.java:updateAndGet(143)) - s2: start LeaderElection
2019-09-24 17:00:01,949 INFO  impl.FollowerState (FollowerState.java:run(108)) - s0@group-E65BAAE935FD-FollowerState: change to CANDIDATE, lastRpcTime:180ms, electionTimeout:179ms
2019-09-24 17:00:01,950 INFO  impl.RoleInfo (RoleInfo.java:shutdownFollowerState(121)) - s0: shutdown FollowerState
2019-09-24 17:00:01,950 INFO  impl.RaftServerImpl (RaftServerImpl.java:setRole(170)) - s0@group-E65BAAE935FD: changes role from  FOLLOWER to CANDIDATE at term 1 for changeToCandidate
2019-09-24 17:00:01,950 INFO  impl.RoleInfo (RoleInfo.java:updateAndGet(143)) - s0: start LeaderElection
2019-09-24 17:00:01,955 INFO  impl.LeaderElection (LeaderElection.java:askForVotes(178)) - s2@group-E65BAAE935FD-LeaderElection10: begin an election at term 2 for -1: [s0:0.0.0.0:35484, s1:0.0.0.0:33343, s2:0.0.0.0:46273], old=null
2019-09-24 17:00:01,956 INFO  impl.RaftServerImpl (RaftServerImpl.java:setRole(170)) - s1@group-E65BAAE935FD: changes role from  FOLLOWER to FOLLOWER at term 2 for recognizeCandidate:s2
2019-09-24 17:00:01,956 INFO  impl.RoleInfo (RoleInfo.java:shutdownFollowerState(121)) - s1: shutdown FollowerState
2019-09-24 17:00:01,956 INFO  impl.RoleInfo (RoleInfo.java:updateAndGet(143)) - s1: start FollowerState
2019-09-24 17:00:01,956 INFO  impl.FollowerState (FollowerState.java:run(117)) - s1@group-E65BAAE935FD-FollowerState was interrupted: java.lang.InterruptedException: sleep interrupted
2019-09-24 17:00:01,976 INFO  impl.LeaderElection (LeaderElection.java:askForVotes(178)) - s0@group-E65BAAE935FD-LeaderElection11: begin an election at term 2 for -1: [s0:0.0.0.0:35484, s1:0.0.0.0:33343, s2:0.0.0.0:46273], old=null
2019-09-24 17:00:01,977 INFO  impl.LeaderElection (LeaderElection.java:logAndReturn(56)) - s2@group-E65BAAE935FD-LeaderElection10: Election PASSED; received 1 response(s) [s2<-s1#0:OK-t2] and 0 exception(s); s2@group-E65BAAE935FD:t2, leader=null, voted=s2, raftlog=s2@group-E65BAAE935FD-SegmentedRaftLog:OPENED:c-1,f-1,i0, conf=-1: [s0:0.0.0.0:35484, s1:0.0.0.0:33343, s2:0.0.0.0:46273], old=null
2019-09-24 17:00:01,977 INFO  impl.RoleInfo (RoleInfo.java:shutdownLeaderElection(134)) - s2: shutdown LeaderElection
2019-09-24 17:00:01,978 INFO  impl.RaftServerImpl (RaftServerImpl.java:setRole(170)) - s2@group-E65BAAE935FD: changes role from CANDIDATE to LEADER at term 2 for changeToLeader
2019-09-24 17:00:01,978 INFO  impl.RaftServerImpl (ServerState.java:setLeader(254)) - s2@group-E65BAAE935FD: change Leader from null to s2 at term 2 for becomeLeader, leader elected after 458ms
2019-09-24 17:00:01,979 INFO  server.RaftServerConfigKeys (ConfUtils.java:logGet(43)) - raft.server.staging.catchup.gap = 1000 (default)
2019-09-24 17:00:01,979 INFO  server.RaftServerConfigKeys (ConfUtils.java:logGet(43)) - raft.server.rpc.sleep.time = 25ms (default)
2019-09-24 17:00:01,979 INFO  server.RaftServerConfigKeys (ConfUtils.java:logGet(43)) - raft.server.write.element-limit = 4096 (default)
2019-09-24 17:00:01,979 INFO  server.RaftServerConfigKeys (ConfUtils.java:logGet(43)) - raft.server.watch.timeout = 10s (default)
2019-09-24 17:00:01,980 INFO  server.RaftServerConfigKeys (ConfUtils.java:logGet(43)) - raft.server.watch.timeout.denomination = 1s (default)
2019-09-24 17:00:01,980 INFO  server.RaftServerConfigKeys (ConfUtils.java:logGet(43)) - raft.server.watch.element-limit = 65536 (default)
2019-09-24 17:00:01,984 INFO  server.RaftServerConfigKeys (ConfUtils.java:logGet(43)) - raft.server.log.appender.snapshot.chunk.size.max = 16MB (=16777216) (default)
2019-09-24 17:00:01,985 INFO  server.RaftServerConfigKeys (ConfUtils.java:logGet(43)) - raft.server.log.appender.buffer.byte-limit = 8KB (=8192) (custom)
2019-09-24 17:00:01,985 INFO  server.RaftServerConfigKeys (ConfUtils.java:logGet(43)) - raft.server.log.appender.buffer.element-limit = 0 (default)
2019-09-24 17:00:01,986 INFO  server.RaftServerConfigKeys (ConfUtils.java:logGet(43)) - raft.server.log.appender.snapshot.chunk.size.max = 16MB (=16777216) (default)
2019-09-24 17:00:01,986 INFO  server.RaftServerConfigKeys (ConfUtils.java:logGet(43)) - raft.server.log.appender.buffer.byte-limit = 8KB (=8192) (custom)
2019-09-24 17:00:01,986 INFO  server.RaftServerConfigKeys (ConfUtils.java:logGet(43)) - raft.server.log.appender.buffer.element-limit = 0 (default)
2019-09-24 17:00:01,987 INFO  impl.RoleInfo (RoleInfo.java:updateAndGet(143)) - s2: start LeaderState
2019-09-24 17:00:01,987 INFO  segmented.SegmentedRaftLogWorker (SegmentedRaftLogWorker.java:startLogSegment(380)) - s2@group-E65BAAE935FD-SegmentedRaftLogWorker: Starting segment from index:0
2019-09-24 17:00:01,988 INFO  impl.RaftServerImpl (ServerState.java:setRaftConf(355)) - s2@group-E65BAAE935FD: set configuration 0: [s0:0.0.0.0:35484, s1:0.0.0.0:33343, s2:0.0.0.0:46273], old=null at 0
2019-09-24 17:00:01,989 INFO  impl.RaftServerImpl (RaftServerImpl.java:requestVote(754)) - s2@group-E65BAAE935FD-   LEADER: Withhold vote from candidate s0 with term 2. State: leader=s2, term=2, lastRpcElapsed=null
2019-09-24 17:00:01,989 INFO  impl.RaftServerImpl (RaftServerImpl.java:setRole(170)) - s0@group-E65BAAE935FD: changes role from CANDIDATE to FOLLOWER at term 2 for appendEntries
2019-09-24 17:00:01,989 INFO  impl.RaftServerImpl (ServerState.java:setLeader(254)) - s1@group-E65BAAE935FD: change Leader from null to s2 at term 2 for appendEntries, leader elected after 469ms
2019-09-24 17:00:01,990 INFO  impl.LeaderElection (LeaderElection.java:logAndReturn(56)) - s0@group-E65BAAE935FD-LeaderElection11: Election REJECTED; received 2 response(s) [s0<-s1#0:FAIL-t2, s0<-s2#0:FAIL-t2] and 0 exception(s); s0@group-E65BAAE935FD:t2, leader=null, voted=s0, raftlog=s0@group-E65BAAE935FD-SegmentedRaftLog:OPENED:c-1,f-1,i0, conf=-1: [s0:0.0.0.0:35484, s1:0.0.0.0:33343, s2:0.0.0.0:46273], old=null
2019-09-24 17:00:01,990 INFO  impl.RoleInfo (RoleInfo.java:shutdownLeaderElection(134)) - s0: shutdown LeaderElection
2019-09-24 17:00:01,990 INFO  impl.RoleInfo (RoleInfo.java:updateAndGet(143)) - s0: start FollowerState
2019-09-24 17:00:01,991 INFO  impl.RaftServerImpl (ServerState.java:setLeader(254)) - s0@group-E65BAAE935FD: change Leader from null to s2 at term 2 for appendEntries, leader elected after 471ms
2019-09-24 17:00:01,992 INFO  impl.RaftServerImpl (ServerState.java:setRaftConf(355)) - s1@group-E65BAAE935FD: set configuration 0: [s0:0.0.0.0:35484, s1:0.0.0.0:33343, s2:0.0.0.0:46273], old=null at 0
2019-09-24 17:00:01,993 INFO  segmented.SegmentedRaftLogWorker (SegmentedRaftLogWorker.java:startLogSegment(380)) - s1@group-E65BAAE935FD-SegmentedRaftLogWorker: Starting segment from index:0
2019-09-24 17:00:01,993 INFO  impl.RaftServerImpl (ServerState.java:setRaftConf(355)) - s0@group-E65BAAE935FD: set configuration 0: [s0:0.0.0.0:35484, s1:0.0.0.0:33343, s2:0.0.0.0:46273], old=null at 0
2019-09-24 17:00:01,993 INFO  segmented.SegmentedRaftLogWorker (SegmentedRaftLogWorker.java:startLogSegment(380)) - s0@group-E65BAAE935FD-SegmentedRaftLogWorker: Starting segment from index:0
2019-09-24 17:00:01,994 INFO  segmented.SegmentedRaftLogWorker (SegmentedRaftLogWorker.java:execute(569)) - s2@group-E65BAAE935FD-SegmentedRaftLogWorker: created new log segment /workdir/ratis-test/target/test/data/e0ec9561/MiniRaftClusterWithSimulatedRpce2213dd2/s2/bc16a33f-4125-4cb3-9efe-e65baae935fd/current/log_inprogress_0
2019-09-24 17:00:02,015 INFO  segmented.SegmentedRaftLogWorker (SegmentedRaftLogWorker.java:execute(569)) - s0@group-E65BAAE935FD-SegmentedRaftLogWorker: created new log segment /workdir/ratis-test/target/test/data/e0ec9561/MiniRaftClusterWithSimulatedRpce2213dd2/s0/bc16a33f-4125-4cb3-9efe-e65baae935fd/current/log_inprogress_0
2019-09-24 17:00:02,015 INFO  segmented.SegmentedRaftLogWorker (SegmentedRaftLogWorker.java:execute(569)) - s1@group-E65BAAE935FD-SegmentedRaftLogWorker: created new log segment /workdir/ratis-test/target/test/data/e0ec9561/MiniRaftClusterWithSimulatedRpce2213dd2/s1/bc16a33f-4125-4cb3-9efe-e65baae935fd/current/log_inprogress_0
2019-09-24 17:00:02,017 INFO  ratis.RaftTestUtil (RaftTestUtil.java:waitForLeader(101)) - printing ALL groups
  s0:  RUNNING  FOLLOWER s0@group-E65BAAE935FD:t2, leader=s2, voted=s0, raftlog=s0@group-E65BAAE935FD-SegmentedRaftLog:OPENED:c-1,f-1,i0, conf=0: [s0:0.0.0.0:35484, s1:0.0.0.0:33343, s2:0.0.0.0:46273], old=null RUNNING
  s1:  RUNNING  FOLLOWER s1@group-E65BAAE935FD:t2, leader=s2, voted=s2, raftlog=s1@group-E65BAAE935FD-SegmentedRaftLog:OPENED:c-1,f-1,i0, conf=0: [s0:0.0.0.0:35484, s1:0.0.0.0:33343, s2:0.0.0.0:46273], old=null RUNNING
  s2:  RUNNING    LEADER s2@group-E65BAAE935FD:t2, leader=s2, voted=s2, raftlog=s2@group-E65BAAE935FD-SegmentedRaftLog:OPENED:c0,f0,i0, conf=0: [s0:0.0.0.0:35484, s1:0.0.0.0:33343, s2:0.0.0.0:46273], old=null RUNNING
2019-09-24 17:00:02,046 INFO  statemachine.SimpleStateMachine4Testing (SimpleStateMachine4Testing.java:put(198)) - s2: put 1, 0000000000... -> (t:2, i:1), STATEMACHINELOGENTRY, client-B6F390E87052, cid=310
2019-09-24 17:00:02,048 INFO  statemachine.SimpleStateMachine4Testing (SimpleStateMachine4Testing.java:put(198)) - s0: put 1, 0000000000... -> (t:2, i:1), STATEMACHINELOGENTRY, client-B6F390E87052, cid=310
2019-09-24 17:00:02,049 INFO  statemachine.SimpleStateMachine4Testing (SimpleStateMachine4Testing.java:put(198)) - s2: put 2, 0000000000... -> (t:2, i:2), STATEMACHINELOGENTRY, client-44073FEAA4C6, cid=311
2019-09-24 17:00:02,050 INFO  statemachine.SimpleStateMachine4Testing (SimpleStateMachine4Testing.java:put(198)) - s2: put 3, 0000000000... -> (t:2, i:3), STATEMACHINELOGENTRY, client-8CFC123A34ED, cid=314
2019-09-24 17:00:02,050 INFO  statemachine.SimpleStateMachine4Testing (SimpleStateMachine4Testing.java:put(198)) - s2: put 4, 0000000000... -> (t:2, i:4), STATEMACHINELOGENTRY, client-524B73A117F1, cid=313
2019-09-24 17:00:02,050 INFO  segmented.SegmentedRaftLogWorker (SegmentedRaftLogWorker.java:rollLogSegment(385)) - s2@group-E65BAAE935FD-SegmentedRaftLogWorker: Rolling segment log-0_8 to index:8
2019-09-24 17:00:02,051 INFO  statemachine.SimpleStateMachine4Testing (SimpleStateMachine4Testing.java:put(198)) - s2: put 5, 0000000000... -> (t:2, i:5), STATEMACHINELOGENTRY, client-B07594A0E5F2, cid=312
2019-09-24 17:00:02,052 INFO  segmented.SegmentedRaftLogWorker (SegmentedRaftLogWorker.java:rollLogSegment(385)) - s2@group-E65BAAE935FD-SegmentedRaftLogWorker: Rolling segment log-9_11 to index:11
2019-09-24 17:00:02,060 TRACE util.FileUtils (LogUtils.java:runAndLog(61)) - Successfully ran Files.move /workdir/ratis-test/target/test/data/e0ec9561/MiniRaftClusterWithSimulatedRpce2213dd2/s2/bc16a33f-4125-4cb3-9efe-e65baae935fd/current/log_inprogress_0 to /workdir/ratis-test/target/test/data/e0ec9561/MiniRaftClusterWithSimulatedRpce2213dd2/s2/bc16a33f-4125-4cb3-9efe-e65baae935fd/current/log_0-8
2019-09-24 17:00:02,061 INFO  segmented.SegmentedRaftLogWorker (SegmentedRaftLogWorker.java:execute(526)) - s2@group-E65BAAE935FD-SegmentedRaftLogWorker: Rolled log segment from /workdir/ratis-test/target/test/data/e0ec9561/MiniRaftClusterWithSimulatedRpce2213dd2/s2/bc16a33f-4125-4cb3-9efe-e65baae935fd/current/log_inprogress_0 to /workdir/ratis-test/target/test/data/e0ec9561/MiniRaftClusterWithSimulatedRpce2213dd2/s2/bc16a33f-4125-4cb3-9efe-e65baae935fd/current/log_0-8
2019-09-24 17:00:02,061 INFO  statemachine.SimpleStateMachine4Testing (SimpleStateMachine4Testing.java:put(198)) - s2: put 7, 1111111111... -> (t:2, i:7), STATEMACHINELOGENTRY, client-B6F390E87052, cid=315
2019-09-24 17:00:02,061 INFO  segmented.SegmentedRaftLogWorker (SegmentedRaftLogWorker.java:rollLogSegment(385)) - s0@group-E65BAAE935FD-SegmentedRaftLogWorker: Rolling segment log-0_8 to index:8
2019-09-24 17:00:02,063 TRACE util.FileUtils (LogUtils.java:runAndLog(61)) - Successfully ran Files.move /workdir/ratis-test/target/test/data/e0ec9561/MiniRaftClusterWithSimulatedRpce2213dd2/s0/bc16a33f-4125-4cb3-9efe-e65baae935fd/current/log_inprogress_0 to /workdir/ratis-test/target/test/data/e0ec9561/MiniRaftClusterWithSimulatedRpce2213dd2/s0/bc16a33f-4125-4cb3-9efe-e65baae935fd/current/log_0-8
2019-09-24 17:00:02,063 INFO  segmented.SegmentedRaftLogWorker (SegmentedRaftLogWorker.java:execute(526)) - s0@group-E65BAAE935FD-SegmentedRaftLogWorker: Rolled log segment from /workdir/ratis-test/target/test/data/e0ec9561/MiniRaftClusterWithSimulatedRpce2213dd2/s0/bc16a33f-4125-4cb3-9efe-e65baae935fd/current/log_inprogress_0 to /workdir/ratis-test/target/test/data/e0ec9561/MiniRaftClusterWithSimulatedRpce2213dd2/s0/bc16a33f-4125-4cb3-9efe-e65baae935fd/current/log_0-8
2019-09-24 17:00:02,072 INFO  statemachine.SimpleStateMachine4Testing (SimpleStateMachine4Testing.java:put(198)) - s1: put 1, 0000000000... -> (t:2, i:1), STATEMACHINELOGENTRY, client-B6F390E87052, cid=310
2019-09-24 17:00:02,073 INFO  segmented.SegmentedRaftLogWorker (SegmentedRaftLogWorker.java:rollLogSegment(385)) - s1@group-E65BAAE935FD-SegmentedRaftLogWorker: Rolling segment log-0_8 to index:8
2019-09-24 17:00:02,073 INFO  statemachine.SimpleStateMachine4Testing (SimpleStateMachine4Testing.java:put(198)) - s1: put 2, 0000000000... -> (t:2, i:2), STATEMACHINELOGENTRY, client-44073FEAA4C6, cid=311
2019-09-24 17:00:02,073 INFO  statemachine.SimpleStateMachine4Testing (SimpleStateMachine4Testing.java:put(198)) - s1: put 3, 0000000000... -> (t:2, i:3), STATEMACHINELOGENTRY, client-8CFC123A34ED, cid=314
2019-09-24 17:00:02,073 INFO  statemachine.SimpleStateMachine4Testing (SimpleStateMachine4Testing.java:put(198)) - s1: put 4, 0000000000... -> (t:2, i:4), STATEMACHINELOGENTRY, client-524B73A117F1, cid=313
2019-09-24 17:00:02,074 INFO  statemachine.SimpleStateMachine4Testing (SimpleStateMachine4Testing.java:put(198)) - s1: put 5, 0000000000... -> (t:2, i:5), STATEMACHINELOGENTRY, client-B07594A0E5F2, cid=312
2019-09-24 17:00:02,082 TRACE util.FileUtils (LogUtils.java:runAndLog(61)) - Successfully ran Files.move /workdir/ratis-test/target/test/data/e0ec9561/MiniRaftClusterWithSimulatedRpce2213dd2/s1/bc16a33f-4125-4cb3-9efe-e65baae935fd/current/log_inprogress_0 to /workdir/ratis-test/target/test/data/e0ec9561/MiniRaftClusterWithSimulatedRpce2213dd2/s1/bc16a33f-4125-4cb3-9efe-e65baae935fd/current/log_0-8
2019-09-24 17:00:02,082 INFO  segmented.SegmentedRaftLogWorker (SegmentedRaftLogWorker.java:execute(526)) - s1@group-E65BAAE935FD-SegmentedRaftLogWorker: Rolled log segment from /workdir/ratis-test/target/test/data/e0ec9561/MiniRaftClusterWithSimulatedRpce2213dd2/s1/bc16a33f-4125-4cb3-9efe-e65baae935fd/current/log_inprogress_0 to /workdir/ratis-test/target/test/data/e0ec9561/MiniRaftClusterWithSimulatedRpce2213dd2/s1/bc16a33f-4125-4cb3-9efe-e65baae935fd/current/log_0-8
2019-09-24 17:00:02,083 INFO  segmented.SegmentedRaftLogWorker (SegmentedRaftLogWorker.java:execute(569)) - s2@group-E65BAAE935FD-SegmentedRaftLogWorker: created new log segment /workdir/ratis-test/target/test/data/e0ec9561/MiniRaftClusterWithSimulatedRpce2213dd2/s2/bc16a33f-4125-4cb3-9efe-e65baae935fd/current/log_inprogress_9
2019-09-24 17:00:02,083 INFO  segmented.SegmentedRaftLogWorker (SegmentedRaftLogWorker.java:execute(569)) - s0@group-E65BAAE935FD-SegmentedRaftLogWorker: created new log segment /workdir/ratis-test/target/test/data/e0ec9561/MiniRaftClusterWithSimulatedRpce2213dd2/s0/bc16a33f-4125-4cb3-9efe-e65baae935fd/current/log_inprogress_9
2019-09-24 17:00:02,086 INFO  statemachine.SimpleStateMachine4Testing (SimpleStateMachine4Testing.java:put(198)) - s0: put 2, 0000000000... -> (t:2, i:2), STATEMACHINELOGENTRY, client-44073FEAA4C6, cid=311
2019-09-24 17:00:02,087 INFO  statemachine.SimpleStateMachine4Testing (SimpleStateMachine4Testing.java:put(198)) - s0: put 3, 0000000000... -> (t:2, i:3), STATEMACHINELOGENTRY, client-8CFC123A34ED, cid=314
2019-09-24 17:00:02,087 INFO  segmented.SegmentedRaftLogWorker (SegmentedRaftLogWorker.java:rollLogSegment(385)) - s0@group-E65BAAE935FD-SegmentedRaftLogWorker: Rolling segment log-9_11 to index:11
2019-09-24 17:00:02,088 INFO  statemachine.SimpleStateMachine4Testing (SimpleStateMachine4Testing.java:put(198)) - s0: put 4, 0000000000... -> (t:2, i:4), STATEMACHINELOGENTRY, client-524B73A117F1, cid=313
2019-09-24 17:00:02,088 INFO  statemachine.SimpleStateMachine4Testing (SimpleStateMachine4Testing.java:put(198)) - s0: put 5, 0000000000... -> (t:2, i:5), STATEMACHINELOGENTRY, client-B07594A0E5F2, cid=312
2019-09-24 17:00:02,088 INFO  statemachine.SimpleStateMachine4Testing (SimpleStateMachine4Testing.java:put(198)) - s0: put 7, 1111111111... -> (t:2, i:7), STATEMACHINELOGENTRY, client-B6F390E87052, cid=315
2019-09-24 17:00:02,095 TRACE util.FileUtils (LogUtils.java:runAndLog(61)) - Successfully ran Files.move /workdir/ratis-test/target/test/data/e0ec9561/MiniRaftClusterWithSimulatedRpce2213dd2/s0/bc16a33f-4125-4cb3-9efe-e65baae935fd/current/log_inprogress_9 to /workdir/ratis-test/target/test/data/e0ec9561/MiniRaftClusterWithSimulatedRpce2213dd2/s0/bc16a33f-4125-4cb3-9efe-e65baae935fd/current/log_9-11
2019-09-24 17:00:02,095 TRACE util.FileUtils (LogUtils.java:runAndLog(61)) - Successfully ran Files.move /workdir/ratis-test/target/test/data/e0ec9561/MiniRaftClusterWithSimulatedRpce2213dd2/s2/bc16a33f-4125-4cb3-9efe-e65baae935fd/current/log_inprogress_9 to /workdir/ratis-test/target/test/data/e0ec9561/MiniRaftClusterWithSimulatedRpce2213dd2/s2/bc16a33f-4125-4cb3-9efe-e65baae935fd/current/log_9-11
2019-09-24 17:00:02,096 INFO  segmented.SegmentedRaftLogWorker (SegmentedRaftLogWorker.java:execute(526)) - s2@group-E65BAAE935FD-SegmentedRaftLogWorker: Rolled log segment from /workdir/ratis-test/target/test/data/e0ec9561/MiniRaftClusterWithSimulatedRpce2213dd2/s2/bc16a33f-4125-4cb3-9efe-e65baae935fd/current/log_inprogress_9 to /workdir/ratis-test/target/test/data/e0ec9561/MiniRaftClusterWithSimulatedRpce2213dd2/s2/bc16a33f-4125-4cb3-9efe-e65baae935fd/current/log_9-11
2019-09-24 17:00:02,095 INFO  segmented.SegmentedRaftLogWorker (SegmentedRaftLogWorker.java:execute(526)) - s0@group-E65BAAE935FD-SegmentedRaftLogWorker: Rolled log segment from /workdir/ratis-test/target/test/data/e0ec9561/MiniRaftClusterWithSimulatedRpce2213dd2/s0/bc16a33f-4125-4cb3-9efe-e65baae935fd/current/log_inprogress_9 to /workdir/ratis-test/target/test/data/e0ec9561/MiniRaftClusterWithSimulatedRpce2213dd2/s0/bc16a33f-4125-4cb3-9efe-e65baae935fd/current/log_9-11
2019-09-24 17:00:02,096 INFO  segmented.SegmentedRaftLogWorker (SegmentedRaftLogWorker.java:execute(569)) - s1@group-E65BAAE935FD-SegmentedRaftLogWorker: created new log segment /workdir/ratis-test/target/test/data/e0ec9561/MiniRaftClusterWithSimulatedRpce2213dd2/s1/bc16a33f-4125-4cb3-9efe-e65baae935fd/current/log_inprogress_9
2019-09-24 17:00:02,096 INFO  statemachine.SimpleStateMachine4Testing (SimpleStateMachine4Testing.java:put(198)) - s2: put 9, 1111111111... -> (t:2, i:9), STATEMACHINELOGENTRY, client-44073FEAA4C6, cid=316
2019-09-24 17:00:02,096 INFO  statemachine.SimpleStateMachine4Testing (SimpleStateMachine4Testing.java:put(198)) - s2: put 10, 1111111111... -> (t:2, i:10), STATEMACHINELOGENTRY, client-8CFC123A34ED, cid=317
2019-09-24 17:00:02,097 INFO  statemachine.SimpleStateMachine4Testing (SimpleStateMachine4Testing.java:put(198)) - s2: put 11, 1111111111... -> (t:2, i:11), STATEMACHINELOGENTRY, client-524B73A117F1, cid=318
2019-09-24 17:00:02,097 INFO  segmented.SegmentedRaftLogWorker (SegmentedRaftLogWorker.java:rollLogSegment(385)) - s2@group-E65BAAE935FD-SegmentedRaftLogWorker: Rolling segment log-12_15 to index:15
2019-09-24 17:00:02,098 INFO  segmented.SegmentedRaftLogWorker (SegmentedRaftLogWorker.java:rollLogSegment(385)) - s2@group-E65BAAE935FD-SegmentedRaftLogWorker: Rolling segment log-16_17 to index:17
2019-09-24 17:00:02,106 INFO  statemachine.SimpleStateMachine4Testing (SimpleStateMachine4Testing.java:put(198)) - s1: put 7, 1111111111... -> (t:2, i:7), STATEMACHINELOGENTRY, client-B6F390E87052, cid=315
2019-09-24 17:00:02,107 INFO  segmented.SegmentedRaftLogWorker (SegmentedRaftLogWorker.java:rollLogSegment(385)) - s1@group-E65BAAE935FD-SegmentedRaftLogWorker: Rolling segment log-9_11 to index:11
2019-09-24 17:00:02,115 TRACE util.FileUtils (LogUtils.java:runAndLog(61)) - Successfully ran Files.move /workdir/ratis-test/target/test/data/e0ec9561/MiniRaftClusterWithSimulatedRpce2213dd2/s1/bc16a33f-4125-4cb3-9efe-e65baae935fd/current/log_inprogress_9 to /workdir/ratis-test/target/test/data/e0ec9561/MiniRaftClusterWithSimulatedRpce2213dd2/s1/bc16a33f-4125-4cb3-9efe-e65baae935fd/current/log_9-11
2019-09-24 17:00:02,115 INFO  segmented.SegmentedRaftLogWorker (SegmentedRaftLogWorker.java:execute(526)) - s1@group-E65BAAE935FD-SegmentedRaftLogWorker: Rolled log segment from /workdir/ratis-test/target/test/data/e0ec9561/MiniRaftClusterWithSimulatedRpce2213dd2/s1/bc16a33f-4125-4cb3-9efe-e65baae935fd/current/log_inprogress_9 to /workdir/ratis-test/target/test/data/e0ec9561/MiniRaftClusterWithSimulatedRpce2213dd2/s1/bc16a33f-4125-4cb3-9efe-e65baae935fd/current/log_9-11
2019-09-24 17:00:02,116 INFO  segmented.SegmentedRaftLogWorker (SegmentedRaftLogWorker.java:execute(569)) - s0@group-E65BAAE935FD-SegmentedRaftLogWorker: created new log segment /workdir/ratis-test/target/test/data/e0ec9561/MiniRaftClusterWithSimulatedRpce2213dd2/s0/bc16a33f-4125-4cb3-9efe-e65baae935fd/current/log_inprogress_12
2019-09-24 17:00:02,116 INFO  segmented.SegmentedRaftLogWorker (SegmentedRaftLogWorker.java:execute(569)) - s2@group-E65BAAE935FD-SegmentedRaftLogWorker: created new log segment /workdir/ratis-test/target/test/data/e0ec9561/MiniRaftClusterWithSimulatedRpce2213dd2/s2/bc16a33f-4125-4cb3-9efe-e65baae935fd/current/log_inprogress_12
2019-09-24 17:00:02,129 INFO  segmented.SegmentedRaftLogWorker (SegmentedRaftLogWorker.java:rollLogSegment(385)) - s0@group-E65BAAE935FD-SegmentedRaftLogWorker: Rolling segment log-12_15 to index:15
2019-09-24 17:00:02,130 TRACE util.FileUtils (LogUtils.java:runAndLog(61)) - Successfully ran Files.move /workdir/ratis-test/target/test/data/e0ec9561/MiniRaftClusterWithSimulatedRpce2213dd2/s2/bc16a33f-4125-4cb3-9efe-e65baae935fd/current/log_inprogress_12 to /workdir/ratis-test/target/test/data/e0ec9561/MiniRaftClusterWithSimulatedRpce2213dd2/s2/bc16a33f-4125-4cb3-9efe-e65baae935fd/current/log_12-15
2019-09-24 17:00:02,131 INFO  segmented.SegmentedRaftLogWorker (SegmentedRaftLogWorker.java:execute(526)) - s2@group-E65BAAE935FD-SegmentedRaftLogWorker: Rolled log segment from /workdir/ratis-test/target/test/data/e0ec9561/MiniRaftClusterWithSimulatedRpce2213dd2/s2/bc16a33f-4125-4cb3-9efe-e65baae935fd/current/log_inprogress_12 to /workdir/ratis-test/target/test/data/e0ec9561/MiniRaftClusterWithSimulatedRpce2213dd2/s2/bc16a33f-4125-4cb3-9efe-e65baae935fd/current/log_12-15
2019-09-24 17:00:02,131 INFO  statemachine.SimpleStateMachine4Testing (SimpleStateMachine4Testing.java:put(198)) - s2: put 12, 1111111111... -> (t:2, i:12), STATEMACHINELOGENTRY, client-B07594A0E5F2, cid=319
2019-09-24 17:00:02,131 INFO  segmented.SegmentedRaftLogWorker (SegmentedRaftLogWorker.java:execute(569)) - s1@group-E65BAAE935FD-SegmentedRaftLogWorker: created new log segment /workdir/ratis-test/target/test/data/e0ec9561/MiniRaftClusterWithSimulatedRpce2213dd2/s1/bc16a33f-4125-4cb3-9efe-e65baae935fd/current/log_inprogress_12
2019-09-24 17:00:02,131 INFO  statemachine.SimpleStateMachine4Testing (SimpleStateMachine4Testing.java:put(198)) - s2: put 14, 2222222222... -> (t:2, i:14), STATEMACHINELOGENTRY, client-B6F390E87052, cid=320
2019-09-24 17:00:02,132 INFO  segmented.SegmentedRaftLogWorker (SegmentedRaftLogWorker.java:rollLogSegment(385)) - s2@group-E65BAAE935FD-SegmentedRaftLogWorker: Rolling segment log-18_20 to index:20
2019-09-24 17:00:02,140 TRACE util.FileUtils (LogUtils.java:runAndLog(61)) - Successfully ran Files.move /workdir/ratis-test/target/test/data/e0ec9561/MiniRaftClusterWithSimulatedRpce2213dd2/s0/bc16a33f-4125-4cb3-9efe-e65baae935fd/current/log_inprogress_12 to /workdir/ratis-test/target/test/data/e0ec9561/MiniRaftClusterWithSimulatedRpce2213dd2/s0/bc16a33f-4125-4cb3-9efe-e65baae935fd/current/log_12-15
2019-09-24 17:00:02,140 INFO  segmented.SegmentedRaftLogWorker (SegmentedRaftLogWorker.java:execute(526)) - s0@group-E65BAAE935FD-SegmentedRaftLogWorker: Rolled log segment from /workdir/ratis-test/target/test/data/e0ec9561/MiniRaftClusterWithSimulatedRpce2213dd2/s0/bc16a33f-4125-4cb3-9efe-e65baae935fd/current/log_inprogress_12 to /workdir/ratis-test/target/test/data/e0ec9561/MiniRaftClusterWithSimulatedRpce2213dd2/s0/bc16a33f-4125-4cb3-9efe-e65baae935fd/current/log_12-15
2019-09-24 17:00:02,141 INFO  statemachine.SimpleStateMachine4Testing (SimpleStateMachine4Testing.java:put(198)) - s1: put 9, 1111111111... -> (t:2, i:9), STATEMACHINELOGENTRY, client-44073FEAA4C6, cid=316
2019-09-24 17:00:02,141 INFO  statemachine.SimpleStateMachine4Testing (SimpleStateMachine4Testing.java:put(198)) - s1: put 10, 1111111111... -> (t:2, i:10), STATEMACHINELOGENTRY, client-8CFC123A34ED, cid=317
2019-09-24 17:00:02,141 INFO  segmented.SegmentedRaftLogWorker (SegmentedRaftLogWorker.java:rollLogSegment(385)) - s1@group-E65BAAE935FD-SegmentedRaftLogWorker: Rolling segment log-12_15 to index:15
2019-09-24 17:00:02,141 INFO  statemachine.SimpleStateMachine4Testing (SimpleStateMachine4Testing.java:put(198)) - s1: put 11, 1111111111... -> (t:2, i:11), STATEMACHINELOGENTRY, client-524B73A117F1, cid=318
2019-09-24 17:00:02,142 TRACE util.FileUtils (LogUtils.java:runAndLog(61)) - Successfully ran Files.move /workdir/ratis-test/target/test/data/e0ec9561/MiniRaftClusterWithSimulatedRpce2213dd2/s1/bc16a33f-4125-4cb3-9efe-e65baae935fd/current/log_inprogress_12 to /workdir/ratis-test/target/test/data/e0ec9561/MiniRaftClusterWithSimulatedRpce2213dd2/s1/bc16a33f-4125-4cb3-9efe-e65baae935fd/current/log_12-15
2019-09-24 17:00:02,142 INFO  segmented.SegmentedRaftLogWorker (SegmentedRaftLogWorker.java:execute(526)) - s1@group-E65BAAE935FD-SegmentedRaftLogWorker: Rolled log segment from /workdir/ratis-test/target/test/data/e0ec9561/MiniRaftClusterWithSimulatedRpce2213dd2/s1/bc16a33f-4125-4cb3-9efe-e65baae935fd/current/log_inprogress_12 to /workdir/ratis-test/target/test/data/e0ec9561/MiniRaftClusterWithSimulatedRpce2213dd2/s1/bc16a33f-4125-4cb3-9efe-e65baae935fd/current/log_12-15
2019-09-24 17:00:02,153 INFO  segmented.SegmentedRaftLogWorker (SegmentedRaftLogWorker.java:execute(569)) - s2@group-E65BAAE935FD-SegmentedRaftLogWorker: created new log segment /workdir/ratis-test/target/test/data/e0ec9561/MiniRaftClusterWithSimulatedRpce2213dd2/s2/bc16a33f-4125-4cb3-9efe-e65baae935fd/current/log_inprogress_16
2019-09-24 17:00:02,159 TRACE util.FileUtils (LogUtils.java:runAndLog(61)) - Successfully ran Files.move /workdir/ratis-test/target/test/data/e0ec9561/MiniRaftClusterWithSimulatedRpce2213dd2/s2/bc16a33f-4125-4cb3-9efe-e65baae935fd/current/log_inprogress_16 to /workdir/ratis-test/target/test/data/e0ec9561/MiniRaftClusterWithSimulatedRpce2213dd2/s2/bc16a33f-4125-4cb3-9efe-e65baae935fd/current/log_16-17
2019-09-24 17:00:02,159 INFO  segmented.SegmentedRaftLogWorker (SegmentedRaftLogWorker.java:execute(526)) - s2@group-E65BAAE935FD-SegmentedRaftLogWorker: Rolled log segment from /workdir/ratis-test/target/test/data/e0ec9561/MiniRaftClusterWithSimulatedRpce2213dd2/s2/bc16a33f-4125-4cb3-9efe-e65baae935fd/current/log_inprogress_16 to /workdir/ratis-test/target/test/data/e0ec9561/MiniRaftClusterWithSimulatedRpce2213dd2/s2/bc16a33f-4125-4cb3-9efe-e65baae935fd/current/log_16-17
2019-09-24 17:00:02,159 INFO  segmented.SegmentedRaftLogWorker (SegmentedRaftLogWorker.java:execute(569)) - s1@group-E65BAAE935FD-SegmentedRaftLogWorker: created new log segment /workdir/ratis-test/target/test/data/e0ec9561/MiniRaftClusterWithSimulatedRpce2213dd2/s1/bc16a33f-4125-4cb3-9efe-e65baae935fd/current/log_inprogress_16
2019-09-24 17:00:02,159 INFO  segmented.SegmentedRaftLogWorker (SegmentedRaftLogWorker.java:execute(569)) - s0@group-E65BAAE935FD-SegmentedRaftLogWorker: created new log segment /workdir/ratis-test/target/test/data/e0ec9561/MiniRaftClusterWithSimulatedRpce2213dd2/s0/bc16a33f-4125-4cb3-9efe-e65baae935fd/current/log_inprogress_16
2019-09-24 17:00:02,169 INFO  statemachine.SimpleStateMachine4Testing (SimpleStateMachine4Testing.java:put(198)) - s1: put 12, 1111111111... -> (t:2, i:12), STATEMACHINELOGENTRY, client-B07594A0E5F2, cid=319
2019-09-24 17:00:02,169 INFO  statemachine.SimpleStateMachine4Testing (SimpleStateMachine4Testing.java:put(198)) - s1: put 14, 2222222222... -> (t:2, i:14), STATEMACHINELOGENTRY, client-B6F390E87052, cid=320
2019-09-24 17:00:02,169 INFO  statemachine.SimpleStateMachine4Testing (SimpleStateMachine4Testing.java:put(198)) - s2: put 16, 2222222222... -> (t:2, i:16), STATEMACHINELOGENTRY, client-44073FEAA4C6, cid=321
2019-09-24 17:00:02,169 INFO  segmented.SegmentedRaftLogWorker (SegmentedRaftLogWorker.java:rollLogSegment(385)) - s1@group-E65BAAE935FD-SegmentedRaftLogWorker: Rolling segment log-16_17 to index:17
2019-09-24 17:00:02,170 INFO  statemachine.SimpleStateMachine4Testing (SimpleStateMachine4Testing.java:put(198)) - s0: put 9, 1111111111... -> (t:2, i:9), STATEMACHINELOGENTRY, client-44073FEAA4C6, cid=316
2019-09-24 17:00:02,170 INFO  statemachine.SimpleStateMachine4Testing (SimpleStateMachine4Testing.java:put(198)) - s2: put 17, 2222222222... -> (t:2, i:17), STATEMACHINELOGENTRY, client-8CFC123A34ED, cid=322
2019-09-24 17:00:02,170 INFO  segmented.SegmentedRaftLogWorker (SegmentedRaftLogWorker.java:rollLogSegment(385)) - s2@group-E65BAAE935FD-SegmentedRaftLogWorker: Rolling segment log-21_22 to index:22
2019-09-24 17:00:02,170 INFO  segmented.SegmentedRaftLogWorker (SegmentedRaftLogWorker.java:rollLogSegment(385)) - s0@group-E65BAAE935FD-SegmentedRaftLogWorker: Rolling segment log-16_17 to index:17
2019-09-24 17:00:02,171 INFO  statemachine.SimpleStateMachine4Testing (SimpleStateMachine4Testing.java:put(198)) - s0: put 10, 1111111111... -> (t:2, i:10), STATEMACHINELOGENTRY, client-8CFC123A34ED, cid=317
2019-09-24 17:00:02,171 INFO  segmented.SegmentedRaftLogWorker (SegmentedRaftLogWorker.java:rollLogSegment(385)) - s2@group-E65BAAE935FD-SegmentedRaftLogWorker: Rolling segment log-23_23 to index:23
2019-09-24 17:00:02,171 INFO  statemachine.SimpleStateMachine4Testing (SimpleStateMachine4Testing.java:put(198)) - s0: put 11, 1111111111... -> (t:2, i:11), STATEMACHINELOGENTRY, client-524B73A117F1, cid=318
2019-09-24 17:00:02,179 TRACE util.FileUtils (LogUtils.java:runAndLog(61)) - Successfully ran Files.move /workdir/ratis-test/target/test/data/e0ec9561/MiniRaftClusterWithSimulatedRpce2213dd2/s1/bc16a33f-4125-4cb3-9efe-e65baae935fd/current/log_inprogress_16 to /workdir/ratis-test/target/test/data/e0ec9561/MiniRaftClusterWithSimulatedRpce2213dd2/s1/bc16a33f-4125-4cb3-9efe-e65baae935fd/current/log_16-17
2019-09-24 17:00:02,179 TRACE util.FileUtils (LogUtils.java:runAndLog(61)) - Successfully ran Files.move /workdir/ratis-test/target/test/data/e0ec9561/MiniRaftClusterWithSimulatedRpce2213dd2/s0/bc16a33f-4125-4cb3-9efe-e65baae935fd/current/log_inprogress_16 to /workdir/ratis-test/target/test/data/e0ec9561/MiniRaftClusterWithSimulatedRpce2213dd2/s0/bc16a33f-4125-4cb3-9efe-e65baae935fd/current/log_16-17
2019-09-24 17:00:02,179 INFO  segmented.SegmentedRaftLogWorker (SegmentedRaftLogWorker.java:execute(526)) - s1@group-E65BAAE935FD-SegmentedRaftLogWorker: Rolled log segment from /workdir/ratis-test/target/test/data/e0ec9561/MiniRaftClusterWithSimulatedRpce2213dd2/s1/bc16a33f-4125-4cb3-9efe-e65baae935fd/current/log_inprogress_16 to /workdir/ratis-test/target/test/data/e0ec9561/MiniRaftClusterWithSimulatedRpce2213dd2/s1/bc16a33f-4125-4cb3-9efe-e65baae935fd/current/log_16-17
2019-09-24 17:00:02,179 INFO  segmented.SegmentedRaftLogWorker (SegmentedRaftLogWorker.java:execute(526)) - s0@group-E65BAAE935FD-SegmentedRaftLogWorker: Rolled log segment from /workdir/ratis-test/target/test/data/e0ec9561/MiniRaftClusterWithSimulatedRpce2213dd2/s0/bc16a33f-4125-4cb3-9efe-e65baae935fd/current/log_inprogress_16 to /workdir/ratis-test/target/test/data/e0ec9561/MiniRaftClusterWithSimulatedRpce2213dd2/s0/bc16a33f-4125-4cb3-9efe-e65baae935fd/current/log_16-17
2019-09-24 17:00:02,180 INFO  segmented.SegmentedRaftLogWorker (SegmentedRaftLogWorker.java:execute(569)) - s2@group-E65BAAE935FD-SegmentedRaftLogWorker: created new log segment /workdir/ratis-test/target/test/data/e0ec9561/MiniRaftClusterWithSimulatedRpce2213dd2/s2/bc16a33f-4125-4cb3-9efe-e65baae935fd/current/log_inprogress_18
2019-09-24 17:00:02,194 TRACE util.FileUtils (LogUtils.java:runAndLog(61)) - Successfully ran Files.move /workdir/ratis-test/target/test/data/e0ec9561/MiniRaftClusterWithSimulatedRpce2213dd2/s2/bc16a33f-4125-4cb3-9efe-e65baae935fd/current/log_inprogress_18 to /workdir/ratis-test/target/test/data/e0ec9561/MiniRaftClusterWithSimulatedRpce2213dd2/s2/bc16a33f-4125-4cb3-9efe-e65baae935fd/current/log_18-20
2019-09-24 17:00:02,194 INFO  segmented.SegmentedRaftLogWorker (SegmentedRaftLogWorker.java:execute(526)) - s2@group-E65BAAE935FD-SegmentedRaftLogWorker: Rolled log segment from /workdir/ratis-test/target/test/data/e0ec9561/MiniRaftClusterWithSimulatedRpce2213dd2/s2/bc16a33f-4125-4cb3-9efe-e65baae935fd/current/log_inprogress_18 to /workdir/ratis-test/target/test/data/e0ec9561/MiniRaftClusterWithSimulatedRpce2213dd2/s2/bc16a33f-4125-4cb3-9efe-e65baae935fd/current/log_18-20
2019-09-24 17:00:02,194 INFO  segmented.SegmentedRaftLogWorker (SegmentedRaftLogWorker.java:execute(569)) - s1@group-E65BAAE935FD-SegmentedRaftLogWorker: created new log segment /workdir/ratis-test/target/test/data/e0ec9561/MiniRaftClusterWithSimulatedRpce2213dd2/s1/bc16a33f-4125-4cb3-9efe-e65baae935fd/current/log_inprogress_18
2019-09-24 17:00:02,194 INFO  segmented.SegmentedRaftLogWorker (SegmentedRaftLogWorker.java:execute(569)) - s0@group-E65BAAE935FD-SegmentedRaftLogWorker: created new log segment /workdir/ratis-test/target/test/data/e0ec9561/MiniRaftClusterWithSimulatedRpce2213dd2/s0/bc16a33f-4125-4cb3-9efe-e65baae935fd/current/log_inprogress_18
2019-09-24 17:00:02,209 INFO  statemachine.SimpleStateMachine4Testing (SimpleStateMachine4Testing.java:put(198)) - s0: put 12, 1111111111... -> (t:2, i:12), STATEMACHINELOGENTRY, client-B07594A0E5F2, cid=319
2019-09-24 17:00:02,209 INFO  statemachine.SimpleStateMachine4Testing (SimpleStateMachine4Testing.java:put(198)) - s2: put 18, 2222222222... -> (t:2, i:18), STATEMACHINELOGENTRY, client-524B73A117F1, cid=323
2019-09-24 17:00:02,209 INFO  segmented.SegmentedRaftLogWorker (SegmentedRaftLogWorker.java:rollLogSegment(385)) - s1@group-E65BAAE935FD-SegmentedRaftLogWorker: Rolling segment log-18_20 to index:20
2019-09-24 17:00:02,210 INFO  statemachine.SimpleStateMachine4Testing (SimpleStateMachine4Testing.java:put(198)) - s2: put 20, 2222222222... -> (t:2, i:20), STATEMACHINELOGENTRY, client-B07594A0E5F2, cid=324
2019-09-24 17:00:02,210 INFO  segmented.SegmentedRaftLogWorker (SegmentedRaftLogWorker.java:rollLogSegment(385)) - s0@group-E65BAAE935FD-SegmentedRaftLogWorker: Rolling segment log-18_20 to index:20
2019-09-24 17:00:02,209 INFO  statemachine.SimpleStateMachine4Testing (SimpleStateMachine4Testing.java:put(198)) - s0: put 14, 2222222222... -> (t:2, i:14), STATEMACHINELOGENTRY, client-B6F390E87052, cid=320
2019-09-24 17:00:02,210 INFO  segmented.SegmentedRaftLogWorker (SegmentedRaftLogWorker.java:rollLogSegment(385)) - s2@group-E65BAAE935FD-SegmentedRaftLogWorker: Rolling segment log-24_25 to index:25
2019-09-24 17:00:02,210 INFO  statemachine.SimpleStateMachine4Testing (SimpleStateMachine4Testing.java:put(198)) - s0: put 16, 2222222222... -> (t:2, i:16), STATEMACHINELOGENTRY, client-44073FEAA4C6, cid=321
2019-09-24 17:00:02,211 INFO  segmented.SegmentedRaftLogWorker (SegmentedRaftLogWorker.java:rollLogSegment(385)) - s2@group-E65BAAE935FD-SegmentedRaftLogWorker: Rolling segment log-26_26 to index:26
2019-09-24 17:00:02,211 INFO  statemachine.SimpleStateMachine4Testing (SimpleStateMachine4Testing.java:put(198)) - s0: put 17, 2222222222... -> (t:2, i:17), STATEMACHINELOGENTRY, client-8CFC123A34ED, cid=322
2019-09-24 17:00:02,218 TRACE util.FileUtils (LogUtils.java:runAndLog(61)) - Successfully ran Files.move /workdir/ratis-test/target/test/data/e0ec9561/MiniRaftClusterWithSimulatedRpce2213dd2/s0/bc16a33f-4125-4cb3-9efe-e65baae935fd/current/log_inprogress_18 to /workdir/ratis-test/target/test/data/e0ec9561/MiniRaftClusterWithSimulatedRpce2213dd2/s0/bc16a33f-4125-4cb3-9efe-e65baae935fd/current/log_18-20
2019-09-24 17:00:02,218 TRACE util.FileUtils (LogUtils.java:runAndLog(61)) - Successfully ran Files.move /workdir/ratis-test/target/test/data/e0ec9561/MiniRaftClusterWithSimulatedRpce2213dd2/s1/bc16a33f-4125-4cb3-9efe-e65baae935fd/current/log_inprogress_18 to /workdir/ratis-test/target/test/data/e0ec9561/MiniRaftClusterWithSimulatedRpce2213dd2/s1/bc16a33f-4125-4cb3-9efe-e65baae935fd/current/log_18-20
2019-09-24 17:00:02,218 INFO  segmented.SegmentedRaftLogWorker (SegmentedRaftLogWorker.java:execute(526)) - s0@group-E65BAAE935FD-SegmentedRaftLogWorker: Rolled log segment from /workdir/ratis-test/target/test/data/e0ec9561/MiniRaftClusterWithSimulatedRpce2213dd2/s0/bc16a33f-4125-4cb3-9efe-e65baae935fd/current/log_inprogress_18 to /workdir/ratis-test/target/test/data/e0ec9561/MiniRaftClusterWithSimulatedRpce2213dd2/s0/bc16a33f-4125-4cb3-9efe-e65baae935fd/current/log_18-20
2019-09-24 17:00:02,218 INFO  segmented.SegmentedRaftLogWorker (SegmentedRaftLogWorker.java:execute(526)) - s1@group-E65BAAE935FD-SegmentedRaftLogWorker: Rolled log segment from /workdir/ratis-test/target/test/data/e0ec9561/MiniRaftClusterWithSimulatedRpce2213dd2/s1/bc16a33f-4125-4cb3-9efe-e65baae935fd/current/log_inprogress_18 to /workdir/ratis-test/target/test/data/e0ec9561/MiniRaftClusterWithSimulatedRpce2213dd2/s1/bc16a33f-4125-4cb3-9efe-e65baae935fd/current/log_18-20
2019-09-24 17:00:02,218 INFO  segmented.SegmentedRaftLogWorker (SegmentedRaftLogWorker.java:execute(569)) - s2@group-E65BAAE935FD-SegmentedRaftLogWorker: created new log segment /workdir/ratis-test/target/test/data/e0ec9561/MiniRaftClusterWithSimulatedRpce2213dd2/s2/bc16a33f-4125-4cb3-9efe-e65baae935fd/current/log_inprogress_21
2019-09-24 17:00:02,234 TRACE util.FileUtils (LogUtils.java:runAndLog(61)) - Successfully ran Files.move /workdir/ratis-test/target/test/data/e0ec9561/MiniRaftClusterWithSimulatedRpce2213dd2/s2/bc16a33f-4125-4cb3-9efe-e65baae935fd/current/log_inprogress_21 to /workdir/ratis-test/target/test/data/e0ec9561/MiniRaftClusterWithSimulatedRpce2213dd2/s2/bc16a33f-4125-4cb3-9efe-e65baae935fd/current/log_21-22
2019-09-24 17:00:02,234 INFO  segmented.SegmentedRaftLogWorker (SegmentedRaftLogWorker.java:execute(526)) - s2@group-E65BAAE935FD-SegmentedRaftLogWorker: Rolled log segment from /workdir/ratis-test/target/test/data/e0ec9561/MiniRaftClusterWithSimulatedRpce2213dd2/s2/bc16a33f-4125-4cb3-9efe-e65baae935fd/current/log_inprogress_21 to /workdir/ratis-test/target/test/data/e0ec9561/MiniRaftClusterWithSimulatedRpce2213dd2/s2/bc16a33f-4125-4cb3-9efe-e65baae935fd/current/log_21-22
2019-09-24 17:00:02,234 INFO  segmented.SegmentedRaftLogWorker (SegmentedRaftLogWorker.java:execute(569)) - s1@group-E65BAAE935FD-SegmentedRaftLogWorker: created new log segment /workdir/ratis-test/target/test/data/e0ec9561/MiniRaftClusterWithSimulatedRpce2213dd2/s1/bc16a33f-4125-4cb3-9efe-e65baae935fd/current/log_inprogress_21
2019-09-24 17:00:02,234 INFO  segmented.SegmentedRaftLogWorker (SegmentedRaftLogWorker.java:execute(569)) - s0@group-E65BAAE935FD-SegmentedRaftLogWorker: created new log segment /workdir/ratis-test/target/test/data/e0ec9561/MiniRaftClusterWithSimulatedRpce2213dd2/s0/bc16a33f-4125-4cb3-9efe-e65baae935fd/current/log_inprogress_21
2019-09-24 17:00:02,249 INFO  statemachine.SimpleStateMachine4Testing (SimpleStateMachine4Testing.java:put(198)) - s0: put 18, 2222222222... -> (t:2, i:18), STATEMACHINELOGENTRY, client-524B73A117F1, cid=323
2019-09-24 17:00:02,249 INFO  segmented.SegmentedRaftLogWorker (SegmentedRaftLogWorker.java:rollLogSegment(385)) - s0@group-E65BAAE935FD-SegmentedRaftLogWorker: Rolling segment log-21_22 to index:22
2019-09-24 17:00:02,249 INFO  statemachine.SimpleStateMachine4Testing (SimpleStateMachine4Testing.java:put(198)) - s1: put 16, 2222222222... -> (t:2, i:16), STATEMACHINELOGENTRY, client-44073FEAA4C6, cid=321
2019-09-24 17:00:02,249 INFO  statemachine.SimpleStateMachine4Testing (SimpleStateMachine4Testing.java:put(198)) - s2: put 21, 3333333333... -> (t:2, i:21), STATEMACHINELOGENTRY, client-B6F390E87052, cid=325
2019-09-24 17:00:02,249 INFO  statemachine.SimpleStateMachine4Testing (SimpleStateMachine4Testing.java:put(198)) - s0: put 20, 2222222222... -> (t:2, i:20), STATEMACHINELOGENTRY, client-B07594A0E5F2, cid=324
2019-09-24 17:00:02,249 INFO  segmented.SegmentedRaftLogWorker (SegmentedRaftLogWorker.java:rollLogSegment(385)) - s1@group-E65BAAE935FD-SegmentedRaftLogWorker: Rolling segment log-21_22 to index:22
2019-09-24 17:00:02,250 INFO  segmented.SegmentedRaftLogWorker (SegmentedRaftLogWorker.java:rollLogSegment(385)) - s2@group-E65BAAE935FD-SegmentedRaftLogWorker: Rolling segment log-27_27 to index:27
2019-09-24 17:00:02,250 INFO  statemachine.SimpleStateMachine4Testing (SimpleStateMachine4Testing.java:put(198)) - s1: put 17, 2222222222... -> (t:2, i:17), STATEMACHINELOGENTRY, client-8CFC123A34ED, cid=322
2019-09-24 17:00:02,250 INFO  statemachine.SimpleStateMachine4Testing (SimpleStateMachine4Testing.java:put(198)) - s1: put 18, 2222222222... -> (t:2, i:18), STATEMACHINELOGENTRY, client-524B73A117F1, cid=323
2019-09-24 17:00:02,251 INFO  statemachine.SimpleStateMachine4Testing (SimpleStateMachine4Testing.java:put(198)) - s1: put 20, 2222222222... -> (t:2, i:20), STATEMACHINELOGENTRY, client-B07594A0E5F2, cid=324
2019-09-24 17:00:02,259 TRACE util.FileUtils (LogUtils.java:runAndLog(61)) - Successfully ran Files.move /workdir/ratis-test/target/test/data/e0ec9561/MiniRaftClusterWithSimulatedRpce2213dd2/s1/bc16a33f-4125-4cb3-9efe-e65baae935fd/current/log_inprogress_21 to /workdir/ratis-test/target/test/data/e0ec9561/MiniRaftClusterWithSimulatedRpce2213dd2/s1/bc16a33f-4125-4cb3-9efe-e65baae935fd/current/log_21-22
2019-09-24 17:00:02,259 TRACE util.FileUtils (LogUtils.java:runAndLog(61)) - Successfully ran Files.move /workdir/ratis-test/target/test/data/e0ec9561/MiniRaftClusterWithSimulatedRpce2213dd2/s0/bc16a33f-4125-4cb3-9efe-e65baae935fd/current/log_inprogress_21 to /workdir/ratis-test/target/test/data/e0ec9561/MiniRaftClusterWithSimulatedRpce2213dd2/s0/bc16a33f-4125-4cb3-9efe-e65baae935fd/current/log_21-22
2019-09-24 17:00:02,259 INFO  segmented.SegmentedRaftLogWorker (SegmentedRaftLogWorker.java:execute(526)) - s1@group-E65BAAE935FD-SegmentedRaftLogWorker: Rolled log segment from /workdir/ratis-test/target/test/data/e0ec9561/MiniRaftClusterWithSimulatedRpce2213dd2/s1/bc16a33f-4125-4cb3-9efe-e65baae935fd/current/log_inprogress_21 to /workdir/ratis-test/target/test/data/e0ec9561/MiniRaftClusterWithSimulatedRpce2213dd2/s1/bc16a33f-4125-4cb3-9efe-e65baae935fd/current/log_21-22
2019-09-24 17:00:02,259 INFO  segmented.SegmentedRaftLogWorker (SegmentedRaftLogWorker.java:execute(526)) - s0@group-E65BAAE935FD-SegmentedRaftLogWorker: Rolled log segment from /workdir/ratis-test/target/test/data/e0ec9561/MiniRaftClusterWithSimulatedRpce2213dd2/s0/bc16a33f-4125-4cb3-9efe-e65baae935fd/current/log_inprogress_21 to /workdir/ratis-test/target/test/data/e0ec9561/MiniRaftClusterWithSimulatedRpce2213dd2/s0/bc16a33f-4125-4cb3-9efe-e65baae935fd/current/log_21-22
2019-09-24 17:00:02,267 INFO  segmented.SegmentedRaftLogWorker (SegmentedRaftLogWorker.java:execute(569)) - s2@group-E65BAAE935FD-SegmentedRaftLogWorker: created new log segment /workdir/ratis-test/target/test/data/e0ec9561/MiniRaftClusterWithSimulatedRpce2213dd2/s2/bc16a33f-4125-4cb3-9efe-e65baae935fd/current/log_inprogress_23
2019-09-24 17:00:02,292 TRACE util.FileUtils (LogUtils.java:runAndLog(61)) - Successfully ran Files.move /workdir/ratis-test/target/test/data/e0ec9561/MiniRaftClusterWithSimulatedRpce2213dd2/s2/bc16a33f-4125-4cb3-9efe-e65baae935fd/current/log_inprogress_23 to /workdir/ratis-test/target/test/data/e0ec9561/MiniRaftClusterWithSimulatedRpce2213dd2/s2/bc16a33f-4125-4cb3-9efe-e65baae935fd/current/log_23-23
2019-09-24 17:00:02,292 INFO  segmented.SegmentedRaftLogWorker (SegmentedRaftLogWorker.java:execute(526)) - s2@group-E65BAAE935FD-SegmentedRaftLogWorker: Rolled log segment from /workdir/ratis-test/target/test/data/e0ec9561/MiniRaftClusterWithSimulatedRpce2213dd2/s2/bc16a33f-4125-4cb3-9efe-e65baae935fd/current/log_inprogress_23 to /workdir/ratis-test/target/test/data/e0ec9561/MiniRaftClusterWithSimulatedRpce2213dd2/s2/bc16a33f-4125-4cb3-9efe-e65baae935fd/current/log_23-23
2019-09-24 17:00:02,301 INFO  segmented.SegmentedRaftLogWorker (SegmentedRaftLogWorker.java:execute(569)) - s0@group-E65BAAE935FD-SegmentedRaftLogWorker: created new log segment /workdir/ratis-test/target/test/data/e0ec9561/MiniRaftClusterWithSimulatedRpce2213dd2/s0/bc16a33f-4125-4cb3-9efe-e65baae935fd/current/log_inprogress_23
2019-09-24 17:00:02,301 INFO  segmented.SegmentedRaftLogWorker (SegmentedRaftLogWorker.java:execute(569)) - s1@group-E65BAAE935FD-SegmentedRaftLogWorker: created new log segment /workdir/ratis-test/target/test/data/e0ec9561/MiniRaftClusterWithSimulatedRpce2213dd2/s1/bc16a33f-4125-4cb3-9efe-e65baae935fd/current/log_inprogress_23
2019-09-24 17:00:02,315 INFO  statemachine.SimpleStateMachine4Testing (SimpleStateMachine4Testing.java:put(198)) - s2: put 23, 3333333333... -> (t:2, i:23), STATEMACHINELOGENTRY, client-44073FEAA4C6, cid=326
2019-09-24 17:00:02,315 INFO  segmented.SegmentedRaftLogWorker (SegmentedRaftLogWorker.java:rollLogSegment(385)) - s0@group-E65BAAE935FD-SegmentedRaftLogWorker: Rolling segment log-23_23 to index:23
2019-09-24 17:00:02,315 INFO  statemachine.SimpleStateMachine4Testing (SimpleStateMachine4Testing.java:put(198)) - s1: put 21, 3333333333... -> (t:2, i:21), STATEMACHINELOGENTRY, client-B6F390E87052, cid=325
2019-09-24 17:00:02,316 INFO  segmented.SegmentedRaftLogWorker (SegmentedRaftLogWorker.java:rollLogSegment(385)) - s2@group-E65BAAE935FD-SegmentedRaftLogWorker: Rolling segment log-28_29 to index:29
2019-09-24 17:00:02,315 INFO  segmented.SegmentedRaftLogWorker (SegmentedRaftLogWorker.java:rollLogSegment(385)) - s1@group-E65BAAE935FD-SegmentedRaftLogWorker: Rolling segment log-23_23 to index:23
2019-09-24 17:00:02,316 TRACE util.FileUtils (LogUtils.java:runAndLog(61)) - Successfully ran Files.move /workdir/ratis-test/target/test/data/e0ec9561/MiniRaftClusterWithSimulatedRpce2213dd2/s0/bc16a33f-4125-4cb3-9efe-e65baae935fd/current/log_inprogress_23 to /workdir/ratis-test/target/test/data/e0ec9561/MiniRaftClusterWithSimulatedRpce2213dd2/s0/bc16a33f-4125-4cb3-9efe-e65baae935fd/current/log_23-23
2019-09-24 17:00:02,316 INFO  segmented.SegmentedRaftLogWorker (SegmentedRaftLogWorker.java:execute(526)) - s0@group-E65BAAE935FD-SegmentedRaftLogWorker: Rolled log segment from /workdir/ratis-test/target/test/data/e0ec9561/MiniRaftClusterWithSimulatedRpce2213dd2/s0/bc16a33f-4125-4cb3-9efe-e65baae935fd/current/log_inprogress_23 to /workdir/ratis-test/target/test/data/e0ec9561/MiniRaftClusterWithSimulatedRpce2213dd2/s0/bc16a33f-4125-4cb3-9efe-e65baae935fd/current/log_23-23
2019-09-24 17:00:02,316 TRACE util.FileUtils (LogUtils.java:runAndLog(61)) - Successfully ran Files.move /workdir/ratis-test/target/test/data/e0ec9561/MiniRaftClusterWithSimulatedRpce2213dd2/s1/bc16a33f-4125-4cb3-9efe-e65baae935fd/current/log_inprogress_23 to /workdir/ratis-test/target/test/data/e0ec9561/MiniRaftClusterWithSimulatedRpce2213dd2/s1/bc16a33f-4125-4cb3-9efe-e65baae935fd/current/log_23-23
2019-09-24 17:00:02,317 INFO  segmented.SegmentedRaftLogWorker (SegmentedRaftLogWorker.java:execute(526)) - s1@group-E65BAAE935FD-SegmentedRaftLogWorker: Rolled log segment from /workdir/ratis-test/target/test/data/e0ec9561/MiniRaftClusterWithSimulatedRpce2213dd2/s1/bc16a33f-4125-4cb3-9efe-e65baae935fd/current/log_inprogress_23 to /workdir/ratis-test/target/test/data/e0ec9561/MiniRaftClusterWithSimulatedRpce2213dd2/s1/bc16a33f-4125-4cb3-9efe-e65baae935fd/current/log_23-23
2019-09-24 17:00:02,317 INFO  segmented.SegmentedRaftLogWorker (SegmentedRaftLogWorker.java:execute(569)) - s2@group-E65BAAE935FD-SegmentedRaftLogWorker: created new log segment /workdir/ratis-test/target/test/data/e0ec9561/MiniRaftClusterWithSimulatedRpce2213dd2/s2/bc16a33f-4125-4cb3-9efe-e65baae935fd/current/log_inprogress_24
2019-09-24 17:00:02,326 TRACE util.FileUtils (LogUtils.java:runAndLog(61)) - Successfully ran Files.move /workdir/ratis-test/target/test/data/e0ec9561/MiniRaftClusterWithSimulatedRpce2213dd2/s2/bc16a33f-4125-4cb3-9efe-e65baae935fd/current/log_inprogress_24 to /workdir/ratis-test/target/test/data/e0ec9561/MiniRaftClusterWithSimulatedRpce2213dd2/s2/bc16a33f-4125-4cb3-9efe-e65baae935fd/current/log_24-25
2019-09-24 17:00:02,326 INFO  segmented.SegmentedRaftLogWorker (SegmentedRaftLogWorker.java:execute(526)) - s2@group-E65BAAE935FD-SegmentedRaftLogWorker: Rolled log segment from /workdir/ratis-test/target/test/data/e0ec9561/MiniRaftClusterWithSimulatedRpce2213dd2/s2/bc16a33f-4125-4cb3-9efe-e65baae935fd/current/log_inprogress_24 to /workdir/ratis-test/target/test/data/e0ec9561/MiniRaftClusterWithSimulatedRpce2213dd2/s2/bc16a33f-4125-4cb3-9efe-e65baae935fd/current/log_24-25
2019-09-24 17:00:02,335 INFO  segmented.SegmentedRaftLogWorker (SegmentedRaftLogWorker.java:execute(569)) - s1@group-E65BAAE935FD-SegmentedRaftLogWorker: created new log segment /workdir/ratis-test/target/test/data/e0ec9561/MiniRaftClusterWithSimulatedRpce2213dd2/s1/bc16a33f-4125-4cb3-9efe-e65baae935fd/current/log_inprogress_24
2019-09-24 17:00:02,335 INFO  segmented.SegmentedRaftLogWorker (SegmentedRaftLogWorker.java:execute(569)) - s0@group-E65BAAE935FD-SegmentedRaftLogWorker: created new log segment /workdir/ratis-test/target/test/data/e0ec9561/MiniRaftClusterWithSimulatedRpce2213dd2/s0/bc16a33f-4125-4cb3-9efe-e65baae935fd/current/log_inprogress_24
2019-09-24 17:00:02,350 INFO  statemachine.SimpleStateMachine4Testing (SimpleStateMachine4Testing.java:put(198)) - s1: put 23, 3333333333... -> (t:2, i:23), STATEMACHINELOGENTRY, client-44073FEAA4C6, cid=326
2019-09-24 17:00:02,351 INFO  segmented.SegmentedRaftLogWorker (SegmentedRaftLogWorker.java:rollLogSegment(385)) - s1@group-E65BAAE935FD-SegmentedRaftLogWorker: Rolling segment log-24_25 to index:25
2019-09-24 17:00:02,351 INFO  statemachine.SimpleStateMachine4Testing (SimpleStateMachine4Testing.java:put(198)) - s2: put 24, 3333333333... -> (t:2, i:24), STATEMACHINELOGENTRY, client-8CFC123A34ED, cid=327
2019-09-24 17:00:02,351 INFO  statemachine.SimpleStateMachine4Testing (SimpleStateMachine4Testing.java:put(198)) - s0: put 21, 3333333333... -> (t:2, i:21), STATEMACHINELOGENTRY, client-B6F390E87052, cid=325
2019-09-24 17:00:02,351 TRACE util.FileUtils (LogUtils.java:runAndLog(61)) - Successfully ran Files.move /workdir/ratis-test/target/test/data/e0ec9561/MiniRaftClusterWithSimulatedRpce2213dd2/s1/bc16a33f-4125-4cb3-9efe-e65baae935fd/current/log_inprogress_24 to /workdir/ratis-test/target/test/data/e0ec9561/MiniRaftClusterWithSimulatedRpce2213dd2/s1/bc16a33f-4125-4cb3-9efe-e65baae935fd/current/log_24-25
2019-09-24 17:00:02,351 INFO  segmented.SegmentedRaftLogWorker (SegmentedRaftLogWorker.java:execute(569)) - s2@group-E65BAAE935FD-SegmentedRaftLogWorker: created new log segment /workdir/ratis-test/target/test/data/e0ec9561/MiniRaftClusterWithSimulatedRpce2213dd2/s2/bc16a33f-4125-4cb3-9efe-e65baae935fd/current/log_inprogress_26
2019-09-24 17:00:02,351 INFO  segmented.SegmentedRaftLogWorker (SegmentedRaftLogWorker.java:rollLogSegment(385)) - s0@group-E65BAAE935FD-SegmentedRaftLogWorker: Rolling segment log-24_25 to index:25
2019-09-24 17:00:02,351 INFO  segmented.SegmentedRaftLogWorker (SegmentedRaftLogWorker.java:rollLogSegment(385)) - s2@group-E65BAAE935FD-SegmentedRaftLogWorker: Rolling segment log-30_30 to index:30
2019-09-24 17:00:02,351 INFO  segmented.SegmentedRaftLogWorker (SegmentedRaftLogWorker.java:execute(526)) - s1@group-E65BAAE935FD-SegmentedRaftLogWorker: Rolled log segment from /workdir/ratis-test/target/test/data/e0ec9561/MiniRaftClusterWithSimulatedRpce2213dd2/s1/bc16a33f-4125-4cb3-9efe-e65baae935fd/current/log_inprogress_24 to /workdir/ratis-test/target/test/data/e0ec9561/MiniRaftClusterWithSimulatedRpce2213dd2/s1/bc16a33f-4125-4cb3-9efe-e65baae935fd/current/log_24-25
2019-09-24 17:00:02,352 TRACE util.FileUtils (LogUtils.java:runAndLog(61)) - Successfully ran Files.move /workdir/ratis-test/target/test/data/e0ec9561/MiniRaftClusterWithSimulatedRpce2213dd2/s0/bc16a33f-4125-4cb3-9efe-e65baae935fd/current/log_inprogress_24 to /workdir/ratis-test/target/test/data/e0ec9561/MiniRaftClusterWithSimulatedRpce2213dd2/s0/bc16a33f-4125-4cb3-9efe-e65baae935fd/current/log_24-25
2019-09-24 17:00:02,352 INFO  segmented.SegmentedRaftLogWorker (SegmentedRaftLogWorker.java:execute(526)) - s0@group-E65BAAE935FD-SegmentedRaftLogWorker: Rolled log segment from /workdir/ratis-test/target/test/data/e0ec9561/MiniRaftClusterWithSimulatedRpce2213dd2/s0/bc16a33f-4125-4cb3-9efe-e65baae935fd/current/log_inprogress_24 to /workdir/ratis-test/target/test/data/e0ec9561/MiniRaftClusterWithSimulatedRpce2213dd2/s0/bc16a33f-4125-4cb3-9efe-e65baae935fd/current/log_24-25
2019-09-24 17:00:02,364 TRACE util.FileUtils (LogUtils.java:runAndLog(61)) - Successfully ran Files.move /workdir/ratis-test/target/test/data/e0ec9561/MiniRaftClusterWithSimulatedRpce2213dd2/s2/bc16a33f-4125-4cb3-9efe-e65baae935fd/current/log_inprogress_26 to /workdir/ratis-test/target/test/data/e0ec9561/MiniRaftClusterWithSimulatedRpce2213dd2/s2/bc16a33f-4125-4cb3-9efe-e65baae935fd/current/log_26-26
2019-09-24 17:00:02,364 INFO  segmented.SegmentedRaftLogWorker (SegmentedRaftLogWorker.java:execute(526)) - s2@group-E65BAAE935FD-SegmentedRaftLogWorker: Rolled log segment from /workdir/ratis-test/target/test/data/e0ec9561/MiniRaftClusterWithSimulatedRpce2213dd2/s2/bc16a33f-4125-4cb3-9efe-e65baae935fd/current/log_inprogress_26 to /workdir/ratis-test/target/test/data/e0ec9561/MiniRaftClusterWithSimulatedRpce2213dd2/s2/bc16a33f-4125-4cb3-9efe-e65baae935fd/current/log_26-26
2019-09-24 17:00:02,385 INFO  segmented.SegmentedRaftLogWorker (SegmentedRaftLogWorker.java:execute(569)) - s0@group-E65BAAE935FD-SegmentedRaftLogWorker: created new log segment /workdir/ratis-test/target/test/data/e0ec9561/MiniRaftClusterWithSimulatedRpce2213dd2/s0/bc16a33f-4125-4cb3-9efe-e65baae935fd/current/log_inprogress_26
2019-09-24 17:00:02,385 INFO  segmented.SegmentedRaftLogWorker (SegmentedRaftLogWorker.java:execute(569)) - s1@group-E65BAAE935FD-SegmentedRaftLogWorker: created new log segment /workdir/ratis-test/target/test/data/e0ec9561/MiniRaftClusterWithSimulatedRpce2213dd2/s1/bc16a33f-4125-4cb3-9efe-e65baae935fd/current/log_inprogress_26
2019-09-24 17:00:02,402 INFO  segmented.SegmentedRaftLogWorker (SegmentedRaftLogWorker.java:execute(569)) - s2@group-E65BAAE935FD-SegmentedRaftLogWorker: created new log segment /workdir/ratis-test/target/test/data/e0ec9561/MiniRaftClusterWithSimulatedRpce2213dd2/s2/bc16a33f-4125-4cb3-9efe-e65baae935fd/current/log_inprogress_27
2019-09-24 17:00:02,402 INFO  statemachine.SimpleStateMachine4Testing (SimpleStateMachine4Testing.java:put(198)) - s2: put 26, 3333333333... -> (t:2, i:26), STATEMACHINELOGENTRY, client-524B73A117F1, cid=328
2019-09-24 17:00:02,402 INFO  segmented.SegmentedRaftLogWorker (SegmentedRaftLogWorker.java:rollLogSegment(385)) - s1@group-E65BAAE935FD-SegmentedRaftLogWorker: Rolling segment log-26_26 to index:26
2019-09-24 17:00:02,403 INFO  segmented.SegmentedRaftLogWorker (SegmentedRaftLogWorker.java:rollLogSegment(385)) - s0@group-E65BAAE935FD-SegmentedRaftLogWorker: Rolling segment log-26_26 to index:26
2019-09-24 17:00:02,402 INFO  statemachine.SimpleStateMachine4Testing (SimpleStateMachine4Testing.java:put(198)) - s0: put 23, 3333333333... -> (t:2, i:23), STATEMACHINELOGENTRY, client-44073FEAA4C6, cid=326
2019-09-24 17:00:02,403 TRACE util.FileUtils (LogUtils.java:runAndLog(61)) - Successfully ran Files.move /workdir/ratis-test/target/test/data/e0ec9561/MiniRaftClusterWithSimulatedRpce2213dd2/s1/bc16a33f-4125-4cb3-9efe-e65baae935fd/current/log_inprogress_26 to /workdir/ratis-test/target/test/data/e0ec9561/MiniRaftClusterWithSimulatedRpce2213dd2/s1/bc16a33f-4125-4cb3-9efe-e65baae935fd/current/log_26-26
2019-09-24 17:00:02,403 INFO  statemachine.SimpleStateMachine4Testing (SimpleStateMachine4Testing.java:put(198)) - s0: put 24, 3333333333... -> (t:2, i:24), STATEMACHINELOGENTRY, client-8CFC123A34ED, cid=327
2019-09-24 17:00:02,403 INFO  segmented.SegmentedRaftLogWorker (SegmentedRaftLogWorker.java:rollLogSegment(385)) - s2@group-E65BAAE935FD-SegmentedRaftLogWorker: Rolling segment log-31_32 to index:32
2019-09-24 17:00:02,403 INFO  segmented.SegmentedRaftLogWorker (SegmentedRaftLogWorker.java:execute(526)) - s1@group-E65BAAE935FD-SegmentedRaftLogWorker: Rolled log segment from /workdir/ratis-test/target/test/data/e0ec9561/MiniRaftClusterWithSimulatedRpce2213dd2/s1/bc16a33f-4125-4cb3-9efe-e65baae935fd/current/log_inprogress_26 to /workdir/ratis-test/target/test/data/e0ec9561/MiniRaftClusterWithSimulatedRpce2213dd2/s1/bc16a33f-4125-4cb3-9efe-e65baae935fd/current/log_26-26
2019-09-24 17:00:02,403 TRACE util.FileUtils (LogUtils.java:runAndLog(61)) - Successfully ran Files.move /workdir/ratis-test/target/test/data/e0ec9561/MiniRaftClusterWithSimulatedRpce2213dd2/s0/bc16a33f-4125-4cb3-9efe-e65baae935fd/current/log_inprogress_26 to /workdir/ratis-test/target/test/data/e0ec9561/MiniRaftClusterWithSimulatedRpce2213dd2/s0/bc16a33f-4125-4cb3-9efe-e65baae935fd/current/log_26-26
2019-09-24 17:00:02,404 INFO  segmented.SegmentedRaftLogWorker (SegmentedRaftLogWorker.java:execute(526)) - s0@group-E65BAAE935FD-SegmentedRaftLogWorker: Rolled log segment from /workdir/ratis-test/target/test/data/e0ec9561/MiniRaftClusterWithSimulatedRpce2213dd2/s0/bc16a33f-4125-4cb3-9efe-e65baae935fd/current/log_inprogress_26 to /workdir/ratis-test/target/test/data/e0ec9561/MiniRaftClusterWithSimulatedRpce2213dd2/s0/bc16a33f-4125-4cb3-9efe-e65baae935fd/current/log_26-26
2019-09-24 17:00:02,415 TRACE util.FileUtils (LogUtils.java:runAndLog(61)) - Successfully ran Files.move /workdir/ratis-test/target/test/data/e0ec9561/MiniRaftClusterWithSimulatedRpce2213dd2/s2/bc16a33f-4125-4cb3-9efe-e65baae935fd/current/log_inprogress_27 to /workdir/ratis-test/target/test/data/e0ec9561/MiniRaftClusterWithSimulatedRpce2213dd2/s2/bc16a33f-4125-4cb3-9efe-e65baae935fd/current/log_27-27
2019-09-24 17:00:02,415 INFO  segmented.SegmentedRaftLogWorker (SegmentedRaftLogWorker.java:execute(526)) - s2@group-E65BAAE935FD-SegmentedRaftLogWorker: Rolled log segment from /workdir/ratis-test/target/test/data/e0ec9561/MiniRaftClusterWithSimulatedRpce2213dd2/s2/bc16a33f-4125-4cb3-9efe-e65baae935fd/current/log_inprogress_27 to /workdir/ratis-test/target/test/data/e0ec9561/MiniRaftClusterWithSimulatedRpce2213dd2/s2/bc16a33f-4125-4cb3-9efe-e65baae935fd/current/log_27-27
2019-09-24 17:00:02,428 INFO  segmented.SegmentedRaftLogWorker (SegmentedRaftLogWorker.java:execute(569)) - s1@group-E65BAAE935FD-SegmentedRaftLogWorker: created new log segment /workdir/ratis-test/target/test/data/e0ec9561/MiniRaftClusterWithSimulatedRpce2213dd2/s1/bc16a33f-4125-4cb3-9efe-e65baae935fd/current/log_inprogress_27
2019-09-24 17:00:02,428 INFO  segmented.SegmentedRaftLogWorker (SegmentedRaftLogWorker.java:execute(569)) - s0@group-E65BAAE935FD-SegmentedRaftLogWorker: created new log segment /workdir/ratis-test/target/test/data/e0ec9561/MiniRaftClusterWithSimulatedRpce2213dd2/s0/bc16a33f-4125-4cb3-9efe-e65baae935fd/current/log_inprogress_27
2019-09-24 17:00:02,444 INFO  segmented.SegmentedRaftLogWorker (SegmentedRaftLogWorker.java:execute(569)) - s2@group-E65BAAE935FD-SegmentedRaftLogWorker: created new log segment /workdir/ratis-test/target/test/data/e0ec9561/MiniRaftClusterWithSimulatedRpce2213dd2/s2/bc16a33f-4125-4cb3-9efe-e65baae935fd/current/log_inprogress_28
2019-09-24 17:00:02,448 INFO  statemachine.SimpleStateMachine4Testing (SimpleStateMachine4Testing.java:put(198)) - s0: put 26, 3333333333... -> (t:2, i:26), STATEMACHINELOGENTRY, client-524B73A117F1, cid=328
2019-09-24 17:00:02,448 INFO  statemachine.SimpleStateMachine4Testing (SimpleStateMachine4Testing.java:put(198)) - s2: put 27, 3333333333... -> (t:2, i:27), STATEMACHINELOGENTRY, client-B07594A0E5F2, cid=329
2019-09-24 17:00:02,448 TRACE util.FileUtils (LogUtils.java:runAndLog(61)) - Successfully ran Files.move /workdir/ratis-test/target/test/data/e0ec9561/MiniRaftClusterWithSimulatedRpce2213dd2/s2/bc16a33f-4125-4cb3-9efe-e65baae935fd/current/log_inprogress_28 to /workdir/ratis-test/target/test/data/e0ec9561/MiniRaftClusterWithSimulatedRpce2213dd2/s2/bc16a33f-4125-4cb3-9efe-e65baae935fd/current/log_28-29
2019-09-24 17:00:02,449 INFO  segmented.SegmentedRaftLogWorker (SegmentedRaftLogWorker.java:execute(526)) - s2@group-E65BAAE935FD-SegmentedRaftLogWorker: Rolled log segment from /workdir/ratis-test/target/test/data/e0ec9561/MiniRaftClusterWithSimulatedRpce2213dd2/s2/bc16a33f-4125-4cb3-9efe-e65baae935fd/current/log_inprogress_28 to /workdir/ratis-test/target/test/data/e0ec9561/MiniRaftClusterWithSimulatedRpce2213dd2/s2/bc16a33f-4125-4cb3-9efe-e65baae935fd/current/log_28-29
2019-09-24 17:00:02,448 INFO  segmented.SegmentedRaftLogWorker (SegmentedRaftLogWorker.java:rollLogSegment(385)) - s0@group-E65BAAE935FD-SegmentedRaftLogWorker: Rolling segment log-27_27 to index:27
2019-09-24 17:00:02,449 INFO  segmented.SegmentedRaftLogWorker (SegmentedRaftLogWorker.java:rollLogSegment(385)) - s2@group-E65BAAE935FD-SegmentedRaftLogWorker: Rolling segment log-33_34 to index:34
2019-09-24 17:00:02,449 INFO  segmented.SegmentedRaftLogWorker (SegmentedRaftLogWorker.java:rollLogSegment(385)) - s1@group-E65BAAE935FD-SegmentedRaftLogWorker: Rolling segment log-27_27 to index:27
2019-09-24 17:00:02,449 INFO  statemachine.SimpleStateMachine4Testing (SimpleStateMachine4Testing.java:put(198)) - s1: put 24, 3333333333... -> (t:2, i:24), STATEMACHINELOGENTRY, client-8CFC123A34ED, cid=327
2019-09-24 17:00:02,449 TRACE util.FileUtils (LogUtils.java:runAndLog(61)) - Successfully ran Files.move /workdir/ratis-test/target/test/data/e0ec9561/MiniRaftClusterWithSimulatedRpce2213dd2/s0/bc16a33f-4125-4cb3-9efe-e65baae935fd/current/log_inprogress_27 to /workdir/ratis-test/target/test/data/e0ec9561/MiniRaftClusterWithSimulatedRpce2213dd2/s0/bc16a33f-4125-4cb3-9efe-e65baae935fd/current/log_27-27
2019-09-24 17:00:02,450 TRACE util.FileUtils (LogUtils.java:runAndLog(61)) - Successfully ran Files.move /workdir/ratis-test/target/test/data/e0ec9561/MiniRaftClusterWithSimulatedRpce2213dd2/s1/bc16a33f-4125-4cb3-9efe-e65baae935fd/current/log_inprogress_27 to /workdir/ratis-test/target/test/data/e0ec9561/MiniRaftClusterWithSimulatedRpce2213dd2/s1/bc16a33f-4125-4cb3-9efe-e65baae935fd/current/log_27-27
2019-09-24 17:00:02,450 INFO  segmented.SegmentedRaftLogWorker (SegmentedRaftLogWorker.java:execute(526)) - s0@group-E65BAAE935FD-SegmentedRaftLogWorker: Rolled log segment from /workdir/ratis-test/target/test/data/e0ec9561/MiniRaftClusterWithSimulatedRpce2213dd2/s0/bc16a33f-4125-4cb3-9efe-e65baae935fd/current/log_inprogress_27 to /workdir/ratis-test/target/test/data/e0ec9561/MiniRaftClusterWithSimulatedRpce2213dd2/s0/bc16a33f-4125-4cb3-9efe-e65baae935fd/current/log_27-27
2019-09-24 17:00:02,450 INFO  segmented.SegmentedRaftLogWorker (SegmentedRaftLogWorker.java:execute(526)) - s1@group-E65BAAE935FD-SegmentedRaftLogWorker: Rolled log segment from /workdir/ratis-test/target/test/data/e0ec9561/MiniRaftClusterWithSimulatedRpce2213dd2/s1/bc16a33f-4125-4cb3-9efe-e65baae935fd/current/log_inprogress_27 to /workdir/ratis-test/target/test/data/e0ec9561/MiniRaftClusterWithSimulatedRpce2213dd2/s1/bc16a33f-4125-4cb3-9efe-e65baae935fd/current/log_27-27
2019-09-24 17:00:02,470 INFO  segmented.SegmentedRaftLogWorker (SegmentedRaftLogWorker.java:execute(569)) - s2@group-E65BAAE935FD-SegmentedRaftLogWorker: created new log segment /workdir/ratis-test/target/test/data/e0ec9561/MiniRaftClusterWithSimulatedRpce2213dd2/s2/bc16a33f-4125-4cb3-9efe-e65baae935fd/current/log_inprogress_30
2019-09-24 17:00:02,470 INFO  segmented.SegmentedRaftLogWorker (SegmentedRaftLogWorker.java:execute(569)) - s0@group-E65BAAE935FD-SegmentedRaftLogWorker: created new log segment /workdir/ratis-test/target/test/data/e0ec9561/MiniRaftClusterWithSimulatedRpce2213dd2/s0/bc16a33f-4125-4cb3-9efe-e65baae935fd/current/log_inprogress_28
2019-09-24 17:00:02,470 INFO  segmented.SegmentedRaftLogWorker (SegmentedRaftLogWorker.java:execute(569)) - s1@group-E65BAAE935FD-SegmentedRaftLogWorker: created new log segment /workdir/ratis-test/target/test/data/e0ec9561/MiniRaftClusterWithSimulatedRpce2213dd2/s1/bc16a33f-4125-4cb3-9efe-e65baae935fd/current/log_inprogress_28
2019-09-24 17:00:02,484 TRACE util.FileUtils (LogUtils.java:runAndLog(61)) - Successfully ran Files.move /workdir/ratis-test/target/test/data/e0ec9561/MiniRaftClusterWithSimulatedRpce2213dd2/s2/bc16a33f-4125-4cb3-9efe-e65baae935fd/current/log_inprogress_30 to /workdir/ratis-test/target/test/data/e0ec9561/MiniRaftClusterWithSimulatedRpce2213dd2/s2/bc16a33f-4125-4cb3-9efe-e65baae935fd/current/log_30-30
2019-09-24 17:00:02,485 INFO  segmented.SegmentedRaftLogWorker (SegmentedRaftLogWorker.java:execute(526)) - s2@group-E65BAAE935FD-SegmentedRaftLogWorker: Rolled log segment from /workdir/ratis-test/target/test/data/e0ec9561/MiniRaftClusterWithSimulatedRpce2213dd2/s2/bc16a33f-4125-4cb3-9efe-e65baae935fd/current/log_inprogress_30 to /workdir/ratis-test/target/test/data/e0ec9561/MiniRaftClusterWithSimulatedRpce2213dd2/s2/bc16a33f-4125-4cb3-9efe-e65baae935fd/current/log_30-30
2019-09-24 17:00:02,485 INFO  segmented.SegmentedRaftLogWorker (SegmentedRaftLogWorker.java:rollLogSegment(385)) - s0@group-E65BAAE935FD-SegmentedRaftLogWorker: Rolling segment log-28_29 to index:29
2019-09-24 17:00:02,485 INFO  statemachine.SimpleStateMachine4Testing (SimpleStateMachine4Testing.java:put(198)) - s1: put 26, 3333333333... -> (t:2, i:26), STATEMACHINELOGENTRY, client-524B73A117F1, cid=328
2019-09-24 17:00:02,485 INFO  statemachine.SimpleStateMachine4Testing (SimpleStateMachine4Testing.java:put(198)) - s2: put 28, 4444444444... -> (t:2, i:28), STATEMACHINELOGENTRY, client-B6F390E87052, cid=330
2019-09-24 17:00:02,486 TRACE util.FileUtils (LogUtils.java:runAndLog(61)) - Successfully ran Files.move /workdir/ratis-test/target/test/data/e0ec9561/MiniRaftClusterWithSimulatedRpce2213dd2/s0/bc16a33f-4125-4cb3-9efe-e65baae935fd/current/log_inprogress_28 to /workdir/ratis-test/target/test/data/e0ec9561/MiniRaftClusterWithSimulatedRpce2213dd2/s0/bc16a33f-4125-4cb3-9efe-e65baae935fd/current/log_28-29
2019-09-24 17:00:02,486 INFO  segmented.SegmentedRaftLogWorker (SegmentedRaftLogWorker.java:rollLogSegment(385)) - s1@group-E65BAAE935FD-SegmentedRaftLogWorker: Rolling segment log-28_29 to index:29
2019-09-24 17:00:02,486 INFO  segmented.SegmentedRaftLogWorker (SegmentedRaftLogWorker.java:execute(526)) - s0@group-E65BAAE935FD-SegmentedRaftLogWorker: Rolled log segment from /workdir/ratis-test/target/test/data/e0ec9561/MiniRaftClusterWithSimulatedRpce2213dd2/s0/bc16a33f-4125-4cb3-9efe-e65baae935fd/current/log_inprogress_28 to /workdir/ratis-test/target/test/data/e0ec9561/MiniRaftClusterWithSimulatedRpce2213dd2/s0/bc16a33f-4125-4cb3-9efe-e65baae935fd/current/log_28-29
2019-09-24 17:00:02,486 INFO  segmented.SegmentedRaftLogWorker (SegmentedRaftLogWorker.java:rollLogSegment(385)) - s2@group-E65BAAE935FD-SegmentedRaftLogWorker: Rolling segment log-35_35 to index:35
2019-09-24 17:00:02,487 TRACE util.FileUtils (LogUtils.java:runAndLog(61)) - Successfully ran Files.move /workdir/ratis-test/target/test/data/e0ec9561/MiniRaftClusterWithSimulatedRpce2213dd2/s1/bc16a33f-4125-4cb3-9efe-e65baae935fd/current/log_inprogress_28 to /workdir/ratis-test/target/test/data/e0ec9561/MiniRaftClusterWithSimulatedRpce2213dd2/s1/bc16a33f-4125-4cb3-9efe-e65baae935fd/current/log_28-29
2019-09-24 17:00:02,486 INFO  statemachine.SimpleStateMachine4Testing (SimpleStateMachine4Testing.java:put(198)) - s1: put 27, 3333333333... -> (t:2, i:27), STATEMACHINELOGENTRY, client-B07594A0E5F2, cid=329
2019-09-24 17:00:02,487 INFO  segmented.SegmentedRaftLogWorker (SegmentedRaftLogWorker.java:execute(526)) - s1@group-E65BAAE935FD-SegmentedRaftLogWorker: Rolled log segment from /workdir/ratis-test/target/test/data/e0ec9561/MiniRaftClusterWithSimulatedRpce2213dd2/s1/bc16a33f-4125-4cb3-9efe-e65baae935fd/current/log_inprogress_28 to /workdir/ratis-test/target/test/data/e0ec9561/MiniRaftClusterWithSimulatedRpce2213dd2/s1/bc16a33f-4125-4cb3-9efe-e65baae935fd/current/log_28-29
2019-09-24 17:00:02,512 INFO  segmented.SegmentedRaftLogWorker (SegmentedRaftLogWorker.java:execute(569)) - s0@group-E65BAAE935FD-SegmentedRaftLogWorker: created new log segment /workdir/ratis-test/target/test/data/e0ec9561/MiniRaftClusterWithSimulatedRpce2213dd2/s0/bc16a33f-4125-4cb3-9efe-e65baae935fd/current/log_inprogress_30
2019-09-24 17:00:02,512 INFO  segmented.SegmentedRaftLogWorker (SegmentedRaftLogWorker.java:execute(569)) - s2@group-E65BAAE935FD-SegmentedRaftLogWorker: created new log segment /workdir/ratis-test/target/test/data/e0ec9561/MiniRaftClusterWithSimulatedRpce2213dd2/s2/bc16a33f-4125-4cb3-9efe-e65baae935fd/current/log_inprogress_31
2019-09-24 17:00:02,512 INFO  segmented.SegmentedRaftLogWorker (SegmentedRaftLogWorker.java:execute(569)) - s1@group-E65BAAE935FD-SegmentedRaftLogWorker: created new log segment /workdir/ratis-test/target/test/data/e0ec9561/MiniRaftClusterWithSimulatedRpce2213dd2/s1/bc16a33f-4125-4cb3-9efe-e65baae935fd/current/log_inprogress_30
2019-09-24 17:00:02,521 INFO  statemachine.SimpleStateMachine4Testing (SimpleStateMachine4Testing.java:put(198)) - s0: put 27, 3333333333... -> (t:2, i:27), STATEMACHINELOGENTRY, client-B07594A0E5F2, cid=329
2019-09-24 17:00:02,522 INFO  statemachine.SimpleStateMachine4Testing (SimpleStateMachine4Testing.java:put(198)) - s2: put 30, 4444444444... -> (t:2, i:30), STATEMACHINELOGENTRY, client-44073FEAA4C6, cid=331
2019-09-24 17:00:02,522 INFO  statemachine.SimpleStateMachine4Testing (SimpleStateMachine4Testing.java:put(198)) - s1: put 28, 4444444444... -> (t:2, i:28), STATEMACHINELOGENTRY, client-B6F390E87052, cid=330
2019-09-24 17:00:02,522 INFO  segmented.SegmentedRaftLogWorker (SegmentedRaftLogWorker.java:rollLogSegment(385)) - s1@group-E65BAAE935FD-SegmentedRaftLogWorker: Rolling segment log-30_30 to index:30
2019-09-24 17:00:02,522 TRACE util.FileUtils (LogUtils.java:runAndLog(61)) - Successfully ran Files.move /workdir/ratis-test/target/test/data/e0ec9561/MiniRaftClusterWithSimulatedRpce2213dd2/s2/bc16a33f-4125-4cb3-9efe-e65baae935fd/current/log_inprogress_31 to /workdir/ratis-test/target/test/data/e0ec9561/MiniRaftClusterWithSimulatedRpce2213dd2/s2/bc16a33f-4125-4cb3-9efe-e65baae935fd/current/log_31-32
2019-09-24 17:00:02,522 INFO  segmented.SegmentedRaftLogWorker (SegmentedRaftLogWorker.java:rollLogSegment(385)) - s0@group-E65BAAE935FD-SegmentedRaftLogWorker: Rolling segment log-30_30 to index:30
2019-09-24 17:00:02,523 TRACE util.FileUtils (LogUtils.java:runAndLog(61)) - Successfully ran Files.move /workdir/ratis-test/target/test/data/e0ec9561/MiniRaftClusterWithSimulatedRpce2213dd2/s1/bc16a33f-4125-4cb3-9efe-e65baae935fd/current/log_inprogress_30 to /workdir/ratis-test/target/test/data/e0ec9561/MiniRaftClusterWithSimulatedRpce2213dd2/s1/bc16a33f-4125-4cb3-9efe-e65baae935fd/current/log_30-30
2019-09-24 17:00:02,522 INFO  segmented.SegmentedRaftLogWorker (SegmentedRaftLogWorker.java:execute(526)) - s2@group-E65BAAE935FD-SegmentedRaftLogWorker: Rolled log segment from /workdir/ratis-test/target/test/data/e0ec9561/MiniRaftClusterWithSimulatedRpce2213dd2/s2/bc16a33f-4125-4cb3-9efe-e65baae935fd/current/log_inprogress_31 to /workdir/ratis-test/target/test/data/e0ec9561/MiniRaftClusterWithSimulatedRpce2213dd2/s2/bc16a33f-4125-4cb3-9efe-e65baae935fd/current/log_31-32
2019-09-24 17:00:02,522 INFO  segmented.SegmentedRaftLogWorker (SegmentedRaftLogWorker.java:rollLogSegment(385)) - s2@group-E65BAAE935FD-SegmentedRaftLogWorker: Rolling segment log-36_37 to index:37
2019-09-24 17:00:02,523 TRACE util.FileUtils (LogUtils.java:runAndLog(61)) - Successfully ran Files.move /workdir/ratis-test/target/test/data/e0ec9561/MiniRaftClusterWithSimulatedRpce2213dd2/s0/bc16a33f-4125-4cb3-9efe-e65baae935fd/current/log_inprogress_30 to /workdir/ratis-test/target/test/data/e0ec9561/MiniRaftClusterWithSimulatedRpce2213dd2/s0/bc16a33f-4125-4cb3-9efe-e65baae935fd/current/log_30-30
2019-09-24 17:00:02,523 INFO  segmented.SegmentedRaftLogWorker (SegmentedRaftLogWorker.java:execute(526)) - s0@group-E65BAAE935FD-SegmentedRaftLogWorker: Rolled log segment from /workdir/ratis-test/target/test/data/e0ec9561/MiniRaftClusterWithSimulatedRpce2213dd2/s0/bc16a33f-4125-4cb3-9efe-e65baae935fd/current/log_inprogress_30 to /workdir/ratis-test/target/test/data/e0ec9561/MiniRaftClusterWithSimulatedRpce2213dd2/s0/bc16a33f-4125-4cb3-9efe-e65baae935fd/current/log_30-30
2019-09-24 17:00:02,523 INFO  statemachine.SimpleStateMachine4Testing (SimpleStateMachine4Testing.java:put(198)) - s0: put 28, 4444444444... -> (t:2, i:28), STATEMACHINELOGENTRY, client-B6F390E87052, cid=330
2019-09-24 17:00:02,523 INFO  segmented.SegmentedRaftLogWorker (SegmentedRaftLogWorker.java:execute(526)) - s1@group-E65BAAE935FD-SegmentedRaftLogWorker: Rolled log segment from /workdir/ratis-test/target/test/data/e0ec9561/MiniRaftClusterWithSimulatedRpce2213dd2/s1/bc16a33f-4125-4cb3-9efe-e65baae935fd/current/log_inprogress_30 to /workdir/ratis-test/target/test/data/e0ec9561/MiniRaftClusterWithSimulatedRpce2213dd2/s1/bc16a33f-4125-4cb3-9efe-e65baae935fd/current/log_30-30
2019-09-24 17:00:02,546 INFO  segmented.SegmentedRaftLogWorker (SegmentedRaftLogWorker.java:execute(569)) - s1@group-E65BAAE935FD-SegmentedRaftLogWorker: created new log segment /workdir/ratis-test/target/test/data/e0ec9561/MiniRaftClusterWithSimulatedRpce2213dd2/s1/bc16a33f-4125-4cb3-9efe-e65baae935fd/current/log_inprogress_31
2019-09-24 17:00:02,546 INFO  segmented.SegmentedRaftLogWorker (SegmentedRaftLogWorker.java:execute(569)) - s0@group-E65BAAE935FD-SegmentedRaftLogWorker: created new log segment /workdir/ratis-test/target/test/data/e0ec9561/MiniRaftClusterWithSimulatedRpce2213dd2/s0/bc16a33f-4125-4cb3-9efe-e65baae935fd/current/log_inprogress_31
2019-09-24 17:00:02,546 INFO  segmented.SegmentedRaftLogWorker (SegmentedRaftLogWorker.java:execute(569)) - s2@group-E65BAAE935FD-SegmentedRaftLogWorker: created new log segment /workdir/ratis-test/target/test/data/e0ec9561/MiniRaftClusterWithSimulatedRpce2213dd2/s2/bc16a33f-4125-4cb3-9efe-e65baae935fd/current/log_inprogress_33
2019-09-24 17:00:02,558 INFO  statemachine.SimpleStateMachine4Testing (SimpleStateMachine4Testing.java:put(198)) - s1: put 30, 4444444444... -> (t:2, i:30), STATEMACHINELOGENTRY, client-44073FEAA4C6, cid=331
2019-09-24 17:00:02,558 INFO  segmented.SegmentedRaftLogWorker (SegmentedRaftLogWorker.java:rollLogSegment(385)) - s1@group-E65BAAE935FD-SegmentedRaftLogWorker: Rolling segment log-31_32 to index:32
2019-09-24 17:00:02,558 INFO  statemachine.SimpleStateMachine4Testing (SimpleStateMachine4Testing.java:put(198)) - s2: put 31, 4444444444... -> (t:2, i:31), STATEMACHINELOGENTRY, client-8CFC123A34ED, cid=332
2019-09-24 17:00:02,558 TRACE util.FileUtils (LogUtils.java:runAndLog(61)) - Successfully ran Files.move /workdir/ratis-test/target/test/data/e0ec9561/MiniRaftClusterWithSimulatedRpce2213dd2/s2/bc16a33f-4125-4cb3-9efe-e65baae935fd/current/log_inprogress_33 to /workdir/ratis-test/target/test/data/e0ec9561/MiniRaftClusterWithSimulatedRpce2213dd2/s2/bc16a33f-4125-4cb3-9efe-e65baae935fd/current/log_33-34
2019-09-24 17:00:02,558 TRACE util.FileUtils (LogUtils.java:runAndLog(61)) - Successfully ran Files.move /workdir/ratis-test/target/test/data/e0ec9561/MiniRaftClusterWithSimulatedRpce2213dd2/s1/bc16a33f-4125-4cb3-9efe-e65baae935fd/current/log_inprogress_31 to /workdir/ratis-test/target/test/data/e0ec9561/MiniRaftClusterWithSimulatedRpce2213dd2/s1/bc16a33f-4125-4cb3-9efe-e65baae935fd/current/log_31-32
2019-09-24 17:00:02,558 INFO  segmented.SegmentedRaftLogWorker (SegmentedRaftLogWorker.java:rollLogSegment(385)) - s0@group-E65BAAE935FD-SegmentedRaftLogWorker: Rolling segment log-31_32 to index:32
2019-09-24 17:00:02,559 INFO  segmented.SegmentedRaftLogWorker (SegmentedRaftLogWorker.java:rollLogSegment(385)) - s2@group-E65BAAE935FD-SegmentedRaftLogWorker: Rolling segment log-38_38 to index:38
2019-09-24 17:00:02,559 INFO  segmented.SegmentedRaftLogWorker (SegmentedRaftLogWorker.java:execute(526)) - s1@group-E65BAAE935FD-SegmentedRaftLogWorker: Rolled log segment from /workdir/ratis-test/target/test/data/e0ec9561/MiniRaftClusterWithSimulatedRpce2213dd2/s1/bc16a33f-4125-4cb3-9efe-e65baae935fd/current/log_inprogress_31 to /workdir/ratis-test/target/test/data/e0ec9561/MiniRaftClusterWithSimulatedRpce2213dd2/s1/bc16a33f-4125-4cb3-9efe-e65baae935fd/current/log_31-32
2019-09-24 17:00:02,558 INFO  segmented.SegmentedRaftLogWorker (SegmentedRaftLogWorker.java:execute(526)) - s2@group-E65BAAE935FD-SegmentedRaftLogWorker: Rolled log segment from /workdir/ratis-test/target/test/data/e0ec9561/MiniRaftClusterWithSimulatedRpce2213dd2/s2/bc16a33f-4125-4cb3-9efe-e65baae935fd/current/log_inprogress_33 to /workdir/ratis-test/target/test/data/e0ec9561/MiniRaftClusterWithSimulatedRpce2213dd2/s2/bc16a33f-4125-4cb3-9efe-e65baae935fd/current/log_33-34
2019-09-24 17:00:02,559 TRACE util.FileUtils (LogUtils.java:runAndLog(61)) - Successfully ran Files.move /workdir/ratis-test/target/test/data/e0ec9561/MiniRaftClusterWithSimulatedRpce2213dd2/s0/bc16a33f-4125-4cb3-9efe-e65baae935fd/current/log_inprogress_31 to /workdir/ratis-test/target/test/data/e0ec9561/MiniRaftClusterWithSimulatedRpce2213dd2/s0/bc16a33f-4125-4cb3-9efe-e65baae935fd/current/log_31-32
2019-09-24 17:00:02,560 INFO  segmented.SegmentedRaftLogWorker (SegmentedRaftLogWorker.java:execute(526)) - s0@group-E65BAAE935FD-SegmentedRaftLogWorker: Rolled log segment from /workdir/ratis-test/target/test/data/e0ec9561/MiniRaftClusterWithSimulatedRpce2213dd2/s0/bc16a33f-4125-4cb3-9efe-e65baae935fd/current/log_inprogress_31 to /workdir/ratis-test/target/test/data/e0ec9561/MiniRaftClusterWithSimulatedRpce2213dd2/s0/bc16a33f-4125-4cb3-9efe-e65baae935fd/current/log_31-32
2019-09-24 17:00:02,605 INFO  segmented.SegmentedRaftLogWorker (SegmentedRaftLogWorker.java:execute(569)) - s0@group-E65BAAE935FD-SegmentedRaftLogWorker: created new log segment /workdir/ratis-test/target/test/data/e0ec9561/MiniRaftClusterWithSimulatedRpce2213dd2/s0/bc16a33f-4125-4cb3-9efe-e65baae935fd/current/log_inprogress_33
2019-09-24 17:00:02,605 INFO  segmented.SegmentedRaftLogWorker (SegmentedRaftLogWorker.java:execute(569)) - s2@group-E65BAAE935FD-SegmentedRaftLogWorker: created new log segment /workdir/ratis-test/target/test/data/e0ec9561/MiniRaftClusterWithSimulatedRpce2213dd2/s2/bc16a33f-4125-4cb3-9efe-e65baae935fd/current/log_inprogress_35
2019-09-24 17:00:02,605 INFO  segmented.SegmentedRaftLogWorker (SegmentedRaftLogWorker.java:execute(569)) - s1@group-E65BAAE935FD-SegmentedRaftLogWorker: created new log segment /workdir/ratis-test/target/test/data/e0ec9561/MiniRaftClusterWithSimulatedRpce2213dd2/s1/bc16a33f-4125-4cb3-9efe-e65baae935fd/current/log_inprogress_33
2019-09-24 17:00:02,611 INFO  statemachine.SimpleStateMachine4Testing (SimpleStateMachine4Testing.java:put(198)) - s0: put 30, 4444444444... -> (t:2, i:30), STATEMACHINELOGENTRY, client-44073FEAA4C6, cid=331
2019-09-24 17:00:02,611 INFO  statemachine.SimpleStateMachine4Testing (SimpleStateMachine4Testing.java:put(198)) - s2: put 33, 4444444444... -> (t:2, i:33), STATEMACHINELOGENTRY, client-524B73A117F1, cid=333
2019-09-24 17:00:02,612 INFO  segmented.SegmentedRaftLogWorker (SegmentedRaftLogWorker.java:rollLogSegment(385)) - s0@group-E65BAAE935FD-SegmentedRaftLogWorker: Rolling segment log-33_34 to index:34
2019-09-24 17:00:02,611 INFO  statemachine.SimpleStateMachine4Testing (SimpleStateMachine4Testing.java:put(198)) - s0: put 31, 4444444444... -> (t:2, i:31), STATEMACHINELOGENTRY, client-8CFC123A34ED, cid=332
2019-09-24 17:00:02,611 TRACE util.FileUtils (LogUtils.java:runAndLog(61)) - Successfully ran Files.move /workdir/ratis-test/target/test/data/e0ec9561/MiniRaftClusterWithSimulatedRpce2213dd2/s2/bc16a33f-4125-4cb3-9efe-e65baae935fd/current/log_inprogress_35 to /workdir/ratis-test/target/test/data/e0ec9561/MiniRaftClusterWithSimulatedRpce2213dd2/s2/bc16a33f-4125-4cb3-9efe-e65baae935fd/current/log_35-35
2019-09-24 17:00:02,612 TRACE util.FileUtils (LogUtils.java:runAndLog(61)) - Successfully ran Files.move /workdir/ratis-test/target/test/data/e0ec9561/MiniRaftClusterWithSimulatedRpce2213dd2/s0/bc16a33f-4125-4cb3-9efe-e65baae935fd/current/log_inprogress_33 to /workdir/ratis-test/target/test/data/e0ec9561/MiniRaftClusterWithSimulatedRpce2213dd2/s0/bc16a33f-4125-4cb3-9efe-e65baae935fd/current/log_33-34
2019-09-24 17:00:02,612 INFO  segmented.SegmentedRaftLogWorker (SegmentedRaftLogWorker.java:rollLogSegment(385)) - s2@group-E65BAAE935FD-SegmentedRaftLogWorker: Rolling segment log-39_39 to index:39
2019-09-24 17:00:02,612 INFO  segmented.SegmentedRaftLogWorker (SegmentedRaftLogWorker.java:rollLogSegment(385)) - s1@group-E65BAAE935FD-SegmentedRaftLogWorker: Rolling segment log-33_34 to index:34
2019-09-24 17:00:02,612 INFO  segmented.SegmentedRaftLogWorker (SegmentedRaftLogWorker.java:execute(526)) - s0@group-E65BAAE935FD-SegmentedRaftLogWorker: Rolled log segment from /workdir/ratis-test/target/test/data/e0ec9561/MiniRaftClusterWithSimulatedRpce2213dd2/s0/bc16a33f-4125-4cb3-9efe-e65baae935fd/current/log_inprogress_33 to /workdir/ratis-test/target/test/data/e0ec9561/MiniRaftClusterWithSimulatedRpce2213dd2/s0/bc16a33f-4125-4cb3-9efe-e65baae935fd/current/log_33-34
2019-09-24 17:00:02,612 INFO  segmented.SegmentedRaftLogWorker (SegmentedRaftLogWorker.java:execute(526)) - s2@group-E65BAAE935FD-SegmentedRaftLogWorker: Rolled log segment from /workdir/ratis-test/target/test/data/e0ec9561/MiniRaftClusterWithSimulatedRpce2213dd2/s2/bc16a33f-4125-4cb3-9efe-e65baae935fd/current/log_inprogress_35 to /workdir/ratis-test/target/test/data/e0ec9561/MiniRaftClusterWithSimulatedRpce2213dd2/s2/bc16a33f-4125-4cb3-9efe-e65baae935fd/current/log_35-35
2019-09-24 17:00:02,613 TRACE util.FileUtils (LogUtils.java:runAndLog(61)) - Successfully ran Files.move /workdir/ratis-test/target/test/data/e0ec9561/MiniRaftClusterWithSimulatedRpce2213dd2/s1/bc16a33f-4125-4cb3-9efe-e65baae935fd/current/log_inprogress_33 to /workdir/ratis-test/target/test/data/e0ec9561/MiniRaftClusterWithSimulatedRpce2213dd2/s1/bc16a33f-4125-4cb3-9efe-e65baae935fd/current/log_33-34
2019-09-24 17:00:02,613 INFO  segmented.SegmentedRaftLogWorker (SegmentedRaftLogWorker.java:execute(526)) - s1@group-E65BAAE935FD-SegmentedRaftLogWorker: Rolled log segment from /workdir/ratis-test/target/test/data/e0ec9561/MiniRaftClusterWithSimulatedRpce2213dd2/s1/bc16a33f-4125-4cb3-9efe-e65baae935fd/current/log_inprogress_33 to /workdir/ratis-test/target/test/data/e0ec9561/MiniRaftClusterWithSimulatedRpce2213dd2/s1/bc16a33f-4125-4cb3-9efe-e65baae935fd/current/log_33-34
2019-09-24 17:00:02,630 INFO  segmented.SegmentedRaftLogWorker (SegmentedRaftLogWorker.java:execute(569)) - s2@group-E65BAAE935FD-SegmentedRaftLogWorker: created new log segment /workdir/ratis-test/target/test/data/e0ec9561/MiniRaftClusterWithSimulatedRpce2213dd2/s2/bc16a33f-4125-4cb3-9efe-e65baae935fd/current/log_inprogress_36
2019-09-24 17:00:02,630 INFO  segmented.SegmentedRaftLogWorker (SegmentedRaftLogWorker.java:execute(569)) - s0@group-E65BAAE935FD-SegmentedRaftLogWorker: created new log segment /workdir/ratis-test/target/test/data/e0ec9561/MiniRaftClusterWithSimulatedRpce2213dd2/s0/bc16a33f-4125-4cb3-9efe-e65baae935fd/current/log_inprogress_35
2019-09-24 17:00:02,630 INFO  segmented.SegmentedRaftLogWorker (SegmentedRaftLogWorker.java:execute(569)) - s1@group-E65BAAE935FD-SegmentedRaftLogWorker: created new log segment /workdir/ratis-test/target/test/data/e0ec9561/MiniRaftClusterWithSimulatedRpce2213dd2/s1/bc16a33f-4125-4cb3-9efe-e65baae935fd/current/log_inprogress_35
2019-09-24 17:00:02,635 TRACE util.FileUtils (LogUtils.java:runAndLog(61)) - Successfully ran Files.move /workdir/ratis-test/target/test/data/e0ec9561/MiniRaftClusterWithSimulatedRpce2213dd2/s2/bc16a33f-4125-4cb3-9efe-e65baae935fd/current/log_inprogress_36 to /workdir/ratis-test/target/test/data/e0ec9561/MiniRaftClusterWithSimulatedRpce2213dd2/s2/bc16a33f-4125-4cb3-9efe-e65baae935fd/current/log_36-37
2019-09-24 17:00:02,635 INFO  segmented.SegmentedRaftLogWorker (SegmentedRaftLogWorker.java:execute(526)) - s2@group-E65BAAE935FD-SegmentedRaftLogWorker: Rolled log segment from /workdir/ratis-test/target/test/data/e0ec9561/MiniRaftClusterWithSimulatedRpce2213dd2/s2/bc16a33f-4125-4cb3-9efe-e65baae935fd/current/log_inprogress_36 to /workdir/ratis-test/target/test/data/e0ec9561/MiniRaftClusterWithSimulatedRpce2213dd2/s2/bc16a33f-4125-4cb3-9efe-e65baae935fd/current/log_36-37
2019-09-24 17:00:02,636 INFO  statemachine.SimpleStateMachine4Testing (SimpleStateMachine4Testing.java:put(198)) - s1: put 31, 4444444444... -> (t:2, i:31), STATEMACHINELOGENTRY, client-8CFC123A34ED, cid=332
2019-09-24 17:00:02,637 INFO  segmented.SegmentedRaftLogWorker (SegmentedRaftLogWorker.java:rollLogSegment(385)) - s0@group-E65BAAE935FD-SegmentedRaftLogWorker: Rolling segment log-35_35 to index:35
2019-09-24 17:00:02,636 INFO  segmented.SegmentedRaftLogWorker (SegmentedRaftLogWorker.java:rollLogSegment(385)) - s1@group-E65BAAE935FD-SegmentedRaftLogWorker: Rolling segment log-35_35 to index:35
2019-09-24 17:00:02,636 INFO  statemachine.SimpleStateMachine4Testing (SimpleStateMachine4Testing.java:put(198)) - s2: put 35, 4444444444... -> (t:2, i:35), STATEMACHINELOGENTRY, client-B07594A0E5F2, cid=334
2019-09-24 17:00:02,637 INFO  statemachine.SimpleStateMachine4Testing (SimpleStateMachine4Testing.java:put(198)) - s1: put 33, 4444444444... -> (t:2, i:33), STATEMACHINELOGENTRY, client-524B73A117F1, cid=333
2019-09-24 17:00:02,638 INFO  segmented.SegmentedRaftLogWorker (SegmentedRaftLogWorker.java:rollLogSegment(385)) - s2@group-E65BAAE935FD-SegmentedRaftLogWorker: Rolling segment log-40_41 to index:41
2019-09-24 17:00:02,639 TRACE util.FileUtils (LogUtils.java:runAndLog(61)) - Successfully ran Files.move /workdir/ratis-test/target/test/data/e0ec9561/MiniRaftClusterWithSimulatedRpce2213dd2/s1/bc16a33f-4125-4cb3-9efe-e65baae935fd/current/log_inprogress_35 to /workdir/ratis-test/target/test/data/e0ec9561/MiniRaftClusterWithSimulatedRpce2213dd2/s1/bc16a33f-4125-4cb3-9efe-e65baae935fd/current/log_35-35
2019-09-24 17:00:02,639 TRACE util.FileUtils (LogUtils.java:runAndLog(61)) - Successfully ran Files.move /workdir/ratis-test/target/test/data/e0ec9561/MiniRaftClusterWithSimulatedRpce2213dd2/s0/bc16a33f-4125-4cb3-9efe-e65baae935fd/current/log_inprogress_35 to /workdir/ratis-test/target/test/data/e0ec9561/MiniRaftClusterWithSimulatedRpce2213dd2/s0/bc16a33f-4125-4cb3-9efe-e65baae935fd/current/log_35-35
2019-09-24 17:00:02,639 INFO  segmented.SegmentedRaftLogWorker (SegmentedRaftLogWorker.java:execute(526)) - s1@group-E65BAAE935FD-SegmentedRaftLogWorker: Rolled log segment from /workdir/ratis-test/target/test/data/e0ec9561/MiniRaftClusterWithSimulatedRpce2213dd2/s1/bc16a33f-4125-4cb3-9efe-e65baae935fd/current/log_inprogress_35 to /workdir/ratis-test/target/test/data/e0ec9561/MiniRaftClusterWithSimulatedRpce2213dd2/s1/bc16a33f-4125-4cb3-9efe-e65baae935fd/current/log_35-35
2019-09-24 17:00:02,639 INFO  segmented.SegmentedRaftLogWorker (SegmentedRaftLogWorker.java:execute(526)) - s0@group-E65BAAE935FD-SegmentedRaftLogWorker: Rolled log segment from /workdir/ratis-test/target/test/data/e0ec9561/MiniRaftClusterWithSimulatedRpce2213dd2/s0/bc16a33f-4125-4cb3-9efe-e65baae935fd/current/log_inprogress_35 to /workdir/ratis-test/target/test/data/e0ec9561/MiniRaftClusterWithSimulatedRpce2213dd2/s0/bc16a33f-4125-4cb3-9efe-e65baae935fd/current/log_35-35
2019-09-24 17:00:02,647 INFO  segmented.SegmentedRaftLogWorker (SegmentedRaftLogWorker.java:execute(569)) - s2@group-E65BAAE935FD-SegmentedRaftLogWorker: created new log segment /workdir/ratis-test/target/test/data/e0ec9561/MiniRaftClusterWithSimulatedRpce2213dd2/s2/bc16a33f-4125-4cb3-9efe-e65baae935fd/current/log_inprogress_38
2019-09-24 17:00:02,664 INFO  segmented.SegmentedRaftLogWorker (SegmentedRaftLogWorker.java:execute(569)) - s1@group-E65BAAE935FD-SegmentedRaftLogWorker: created new log segment /workdir/ratis-test/target/test/data/e0ec9561/MiniRaftClusterWithSimulatedRpce2213dd2/s1/bc16a33f-4125-4cb3-9efe-e65baae935fd/current/log_inprogress_36
2019-09-24 17:00:02,664 INFO  segmented.SegmentedRaftLogWorker (SegmentedRaftLogWorker.java:execute(569)) - s0@group-E65BAAE935FD-SegmentedRaftLogWorker: created new log segment /workdir/ratis-test/target/test/data/e0ec9561/MiniRaftClusterWithSimulatedRpce2213dd2/s0/bc16a33f-4125-4cb3-9efe-e65baae935fd/current/log_inprogress_36
2019-09-24 17:00:02,664 TRACE util.FileUtils (LogUtils.java:runAndLog(61)) - Successfully ran Files.move /workdir/ratis-test/target/test/data/e0ec9561/MiniRaftClusterWithSimulatedRpce2213dd2/s2/bc16a33f-4125-4cb3-9efe-e65baae935fd/current/log_inprogress_38 to /workdir/ratis-test/target/test/data/e0ec9561/MiniRaftClusterWithSimulatedRpce2213dd2/s2/bc16a33f-4125-4cb3-9efe-e65baae935fd/current/log_38-38
2019-09-24 17:00:02,665 INFO  segmented.SegmentedRaftLogWorker (SegmentedRaftLogWorker.java:execute(526)) - s2@group-E65BAAE935FD-SegmentedRaftLogWorker: Rolled log segment from /workdir/ratis-test/target/test/data/e0ec9561/MiniRaftClusterWithSimulatedRpce2213dd2/s2/bc16a33f-4125-4cb3-9efe-e65baae935fd/current/log_inprogress_38 to /workdir/ratis-test/target/test/data/e0ec9561/MiniRaftClusterWithSimulatedRpce2213dd2/s2/bc16a33f-4125-4cb3-9efe-e65baae935fd/current/log_38-38
2019-09-24 17:00:02,677 INFO  statemachine.SimpleStateMachine4Testing (SimpleStateMachine4Testing.java:put(198)) - s1: put 35, 4444444444... -> (t:2, i:35), STATEMACHINELOGENTRY, client-B07594A0E5F2, cid=334
2019-09-24 17:00:02,677 INFO  statemachine.SimpleStateMachine4Testing (SimpleStateMachine4Testing.java:put(198)) - s2: put 36, 5555555555... -> (t:2, i:36), STATEMACHINELOGENTRY, client-B6F390E87052, cid=335
2019-09-24 17:00:02,677 INFO  segmented.SegmentedRaftLogWorker (SegmentedRaftLogWorker.java:rollLogSegment(385)) - s1@group-E65BAAE935FD-SegmentedRaftLogWorker: Rolling segment log-36_37 to index:37
2019-09-24 17:00:02,678 TRACE util.FileUtils (LogUtils.java:runAndLog(61)) - Successfully ran Files.move /workdir/ratis-test/target/test/data/e0ec9561/MiniRaftClusterWithSimulatedRpce2213dd2/s1/bc16a33f-4125-4cb3-9efe-e65baae935fd/current/log_inprogress_36 to /workdir/ratis-test/target/test/data/e0ec9561/MiniRaftClusterWithSimulatedRpce2213dd2/s1/bc16a33f-4125-4cb3-9efe-e65baae935fd/current/log_36-37
2019-09-24 17:00:02,678 INFO  segmented.SegmentedRaftLogWorker (SegmentedRaftLogWorker.java:execute(526)) - s1@group-E65BAAE935FD-SegmentedRaftLogWorker: Rolled log segment from /workdir/ratis-test/target/test/data/e0ec9561/MiniRaftClusterWithSimulatedRpce2213dd2/s1/bc16a33f-4125-4cb3-9efe-e65baae935fd/current/log_inprogress_36 to /workdir/ratis-test/target/test/data/e0ec9561/MiniRaftClusterWithSimulatedRpce2213dd2/s1/bc16a33f-4125-4cb3-9efe-e65baae935fd/current/log_36-37
2019-09-24 17:00:02,678 INFO  statemachine.SimpleStateMachine4Testing (SimpleStateMachine4Testing.java:put(198)) - s0: put 33, 4444444444... -> (t:2, i:33), STATEMACHINELOGENTRY, client-524B73A117F1, cid=333
2019-09-24 17:00:02,679 INFO  segmented.SegmentedRaftLogWorker (SegmentedRaftLogWorker.java:rollLogSegment(385)) - s0@group-E65BAAE935FD-SegmentedRaftLogWorker: Rolling segment log-36_37 to index:37
2019-09-24 17:00:02,679 INFO  statemachine.SimpleStateMachine4Testing (SimpleStateMachine4Testing.java:put(198)) - s0: put 35, 4444444444... -> (t:2, i:35), STATEMACHINELOGENTRY, client-B07594A0E5F2, cid=334
2019-09-24 17:00:02,681 TRACE util.FileUtils (LogUtils.java:runAndLog(61)) - Successfully ran Files.move /workdir/ratis-test/target/test/data/e0ec9561/MiniRaftClusterWithSimulatedRpce2213dd2/s0/bc16a33f-4125-4cb3-9efe-e65baae935fd/current/log_inprogress_36 to /workdir/ratis-test/target/test/data/e0ec9561/MiniRaftClusterWithSimulatedRpce2213dd2/s0/bc16a33f-4125-4cb3-9efe-e65baae935fd/current/log_36-37
2019-09-24 17:00:02,681 INFO  segmented.SegmentedRaftLogWorker (SegmentedRaftLogWorker.java:execute(526)) - s0@group-E65BAAE935FD-SegmentedRaftLogWorker: Rolled log segment from /workdir/ratis-test/target/test/data/e0ec9561/MiniRaftClusterWithSimulatedRpce2213dd2/s0/bc16a33f-4125-4cb3-9efe-e65baae935fd/current/log_inprogress_36 to /workdir/ratis-test/target/test/data/e0ec9561/MiniRaftClusterWithSimulatedRpce2213dd2/s0/bc16a33f-4125-4cb3-9efe-e65baae935fd/current/log_36-37
2019-09-24 17:00:02,698 INFO  segmented.SegmentedRaftLogWorker (SegmentedRaftLogWorker.java:execute(569)) - s2@group-E65BAAE935FD-SegmentedRaftLogWorker: created new log segment /workdir/ratis-test/target/test/data/e0ec9561/MiniRaftClusterWithSimulatedRpce2213dd2/s2/bc16a33f-4125-4cb3-9efe-e65baae935fd/current/log_inprogress_39
2019-09-24 17:00:02,711 TRACE util.FileUtils (LogUtils.java:runAndLog(61)) - Successfully ran Files.move /workdir/ratis-test/target/test/data/e0ec9561/MiniRaftClusterWithSimulatedRpce2213dd2/s2/bc16a33f-4125-4cb3-9efe-e65baae935fd/current/log_inprogress_39 to /workdir/ratis-test/target/test/data/e0ec9561/MiniRaftClusterWithSimulatedRpce2213dd2/s2/bc16a33f-4125-4cb3-9efe-e65baae935fd/current/log_39-39
2019-09-24 17:00:02,711 INFO  segmented.SegmentedRaftLogWorker (SegmentedRaftLogWorker.java:execute(526)) - s2@group-E65BAAE935FD-SegmentedRaftLogWorker: Rolled log segment from /workdir/ratis-test/target/test/data/e0ec9561/MiniRaftClusterWithSimulatedRpce2213dd2/s2/bc16a33f-4125-4cb3-9efe-e65baae935fd/current/log_inprogress_39 to /workdir/ratis-test/target/test/data/e0ec9561/MiniRaftClusterWithSimulatedRpce2213dd2/s2/bc16a33f-4125-4cb3-9efe-e65baae935fd/current/log_39-39
2019-09-24 17:00:02,715 INFO  segmented.SegmentedRaftLogWorker (SegmentedRaftLogWorker.java:execute(569)) - s1@group-E65BAAE935FD-SegmentedRaftLogWorker: created new log segment /workdir/ratis-test/target/test/data/e0ec9561/MiniRaftClusterWithSimulatedRpce2213dd2/s1/bc16a33f-4125-4cb3-9efe-e65baae935fd/current/log_inprogress_38
2019-09-24 17:00:02,715 INFO  segmented.SegmentedRaftLogWorker (SegmentedRaftLogWorker.java:execute(569)) - s0@group-E65BAAE935FD-SegmentedRaftLogWorker: created new log segment /workdir/ratis-test/target/test/data/e0ec9561/MiniRaftClusterWithSimulatedRpce2213dd2/s0/bc16a33f-4125-4cb3-9efe-e65baae935fd/current/log_inprogress_38
2019-09-24 17:00:02,720 INFO  segmented.SegmentedRaftLogWorker (SegmentedRaftLogWorker.java:rollLogSegment(385)) - s1@group-E65BAAE935FD-SegmentedRaftLogWorker: Rolling segment log-38_38 to index:38
2019-09-24 17:00:02,720 INFO  statemachine.SimpleStateMachine4Testing (SimpleStateMachine4Testing.java:put(198)) - s2: put 38, 5555555555... -> (t:2, i:38), STATEMACHINELOGENTRY, client-44073FEAA4C6, cid=336
2019-09-24 17:00:02,721 INFO  statemachine.SimpleStateMachine4Testing (SimpleStateMachine4Testing.java:put(198)) - s0: put 36, 5555555555... -> (t:2, i:36), STATEMACHINELOGENTRY, client-B6F390E87052, cid=335
2019-09-24 17:00:02,721 INFO  segmented.SegmentedRaftLogWorker (SegmentedRaftLogWorker.java:rollLogSegment(385)) - s0@group-E65BAAE935FD-SegmentedRaftLogWorker: Rolling segment log-38_38 to index:38
2019-09-24 17:00:02,721 INFO  segmented.SegmentedRaftLogWorker (SegmentedRaftLogWorker.java:rollLogSegment(385)) - s2@group-E65BAAE935FD-SegmentedRaftLogWorker: Rolling segment log-42_44 to index:44
2019-09-24 17:00:02,722 TRACE util.FileUtils (LogUtils.java:runAndLog(61)) - Successfully ran Files.move /workdir/ratis-test/target/test/data/e0ec9561/MiniRaftClusterWithSimulatedRpce2213dd2/s0/bc16a33f-4125-4cb3-9efe-e65baae935fd/current/log_inprogress_38 to /workdir/ratis-test/target/test/data/e0ec9561/MiniRaftClusterWithSimulatedRpce2213dd2/s0/bc16a33f-4125-4cb3-9efe-e65baae935fd/current/log_38-38
2019-09-24 17:00:02,722 TRACE util.FileUtils (LogUtils.java:runAndLog(61)) - Successfully ran Files.move /workdir/ratis-test/target/test/data/e0ec9561/MiniRaftClusterWithSimulatedRpce2213dd2/s1/bc16a33f-4125-4cb3-9efe-e65baae935fd/current/log_inprogress_38 to /workdir/ratis-test/target/test/data/e0ec9561/MiniRaftClusterWithSimulatedRpce2213dd2/s1/bc16a33f-4125-4cb3-9efe-e65baae935fd/current/log_38-38
2019-09-24 17:00:02,722 INFO  segmented.SegmentedRaftLogWorker (SegmentedRaftLogWorker.java:execute(526)) - s0@group-E65BAAE935FD-SegmentedRaftLogWorker: Rolled log segment from /workdir/ratis-test/target/test/data/e0ec9561/MiniRaftClusterWithSimulatedRpce2213dd2/s0/bc16a33f-4125-4cb3-9efe-e65baae935fd/current/log_inprogress_38 to /workdir/ratis-test/target/test/data/e0ec9561/MiniRaftClusterWithSimulatedRpce2213dd2/s0/bc16a33f-4125-4cb3-9efe-e65baae935fd/current/log_38-38
2019-09-24 17:00:02,722 INFO  segmented.SegmentedRaftLogWorker (SegmentedRaftLogWorker.java:execute(526)) - s1@group-E65BAAE935FD-SegmentedRaftLogWorker: Rolled log segment from /workdir/ratis-test/target/test/data/e0ec9561/MiniRaftClusterWithSimulatedRpce2213dd2/s1/bc16a33f-4125-4cb3-9efe-e65baae935fd/current/log_inprogress_38 to /workdir/ratis-test/target/test/data/e0ec9561/MiniRaftClusterWithSimulatedRpce2213dd2/s1/bc16a33f-4125-4cb3-9efe-e65baae935fd/current/log_38-38
2019-09-24 17:00:02,747 INFO  segmented.SegmentedRaftLogWorker (SegmentedRaftLogWorker.java:execute(569)) - s2@group-E65BAAE935FD-SegmentedRaftLogWorker: created new log segment /workdir/ratis-test/target/test/data/e0ec9561/MiniRaftClusterWithSimulatedRpce2213dd2/s2/bc16a33f-4125-4cb3-9efe-e65baae935fd/current/log_inprogress_40
2019-09-24 17:00:02,747 INFO  segmented.SegmentedRaftLogWorker (SegmentedRaftLogWorker.java:execute(569)) - s0@group-E65BAAE935FD-SegmentedRaftLogWorker: created new log segment /workdir/ratis-test/target/test/data/e0ec9561/MiniRaftClusterWithSimulatedRpce2213dd2/s0/bc16a33f-4125-4cb3-9efe-e65baae935fd/current/log_inprogress_39
2019-09-24 17:00:02,747 INFO  segmented.SegmentedRaftLogWorker (SegmentedRaftLogWorker.java:execute(569)) - s1@group-E65BAAE935FD-SegmentedRaftLogWorker: created new log segment /workdir/ratis-test/target/test/data/e0ec9561/MiniRaftClusterWithSimulatedRpce2213dd2/s1/bc16a33f-4125-4cb3-9efe-e65baae935fd/current/log_inprogress_39
2019-09-24 17:00:02,754 INFO  statemachine.SimpleStateMachine4Testing (SimpleStateMachine4Testing.java:put(198)) - s0: put 38, 5555555555... -> (t:2, i:38), STATEMACHINELOGENTRY, client-44073FEAA4C6, cid=336
2019-09-24 17:00:02,754 INFO  segmented.SegmentedRaftLogWorker (SegmentedRaftLogWorker.java:rollLogSegment(385)) - s0@group-E65BAAE935FD-SegmentedRaftLogWorker: Rolling segment log-39_39 to index:39
2019-09-24 17:00:02,754 INFO  statemachine.SimpleStateMachine4Testing (SimpleStateMachine4Testing.java:put(198)) - s2: put 39, 5555555555... -> (t:2, i:39), STATEMACHINELOGENTRY, client-8CFC123A34ED, cid=337
2019-09-24 17:00:02,754 INFO  statemachine.SimpleStateMachine4Testing (SimpleStateMachine4Testing.java:put(198)) - s1: put 36, 5555555555... -> (t:2, i:36), STATEMACHINELOGENTRY, client-B6F390E87052, cid=335
2019-09-24 17:00:02,754 INFO  segmented.SegmentedRaftLogWorker (SegmentedRaftLogWorker.java:rollLogSegment(385)) - s1@group-E65BAAE935FD-SegmentedRaftLogWorker: Rolling segment log-39_39 to index:39
2019-09-24 17:00:02,755 TRACE util.FileUtils (LogUtils.java:runAndLog(61)) - Successfully ran Files.move /workdir/ratis-test/target/test/data/e0ec9561/MiniRaftClusterWithSimulatedRpce2213dd2/s0/bc16a33f-4125-4cb3-9efe-e65baae935fd/current/log_inprogress_39 to /workdir/ratis-test/target/test/data/e0ec9561/MiniRaftClusterWithSimulatedRpce2213dd2/s0/bc16a33f-4125-4cb3-9efe-e65baae935fd/current/log_39-39
2019-09-24 17:00:02,755 INFO  segmented.SegmentedRaftLogWorker (SegmentedRaftLogWorker.java:execute(526)) - s0@group-E65BAAE935FD-SegmentedRaftLogWorker: Rolled log segment from /workdir/ratis-test/target/test/data/e0ec9561/MiniRaftClusterWithSimulatedRpce2213dd2/s0/bc16a33f-4125-4cb3-9efe-e65baae935fd/current/log_inprogress_39 to /workdir/ratis-test/target/test/data/e0ec9561/MiniRaftClusterWithSimulatedRpce2213dd2/s0/bc16a33f-4125-4cb3-9efe-e65baae935fd/current/log_39-39
2019-09-24 17:00:02,755 TRACE util.FileUtils (LogUtils.java:runAndLog(61)) - Successfully ran Files.move /workdir/ratis-test/target/test/data/e0ec9561/MiniRaftClusterWithSimulatedRpce2213dd2/s1/bc16a33f-4125-4cb3-9efe-e65baae935fd/current/log_inprogress_39 to /workdir/ratis-test/target/test/data/e0ec9561/MiniRaftClusterWithSimulatedRpce2213dd2/s1/bc16a33f-4125-4cb3-9efe-e65baae935fd/current/log_39-39
2019-09-24 17:00:02,755 INFO  segmented.SegmentedRaftLogWorker (SegmentedRaftLogWorker.java:execute(526)) - s1@group-E65BAAE935FD-SegmentedRaftLogWorker: Rolled log segment from /workdir/ratis-test/target/test/data/e0ec9561/MiniRaftClusterWithSimulatedRpce2213dd2/s1/bc16a33f-4125-4cb3-9efe-e65baae935fd/current/log_inprogress_39 to /workdir/ratis-test/target/test/data/e0ec9561/MiniRaftClusterWithSimulatedRpce2213dd2/s1/bc16a33f-4125-4cb3-9efe-e65baae935fd/current/log_39-39
2019-09-24 17:00:02,758 TRACE util.FileUtils (LogUtils.java:runAndLog(61)) - Successfully ran Files.move /workdir/ratis-test/target/test/data/e0ec9561/MiniRaftClusterWithSimulatedRpce2213dd2/s2/bc16a33f-4125-4cb3-9efe-e65baae935fd/current/log_inprogress_40 to /workdir/ratis-test/target/test/data/e0ec9561/MiniRaftClusterWithSimulatedRpce2213dd2/s2/bc16a33f-4125-4cb3-9efe-e65baae935fd/current/log_40-41
2019-09-24 17:00:02,758 INFO  segmented.SegmentedRaftLogWorker (SegmentedRaftLogWorker.java:execute(526)) - s2@group-E65BAAE935FD-SegmentedRaftLogWorker: Rolled log segment from /workdir/ratis-test/target/test/data/e0ec9561/MiniRaftClusterWithSimulatedRpce2213dd2/s2/bc16a33f-4125-4cb3-9efe-e65baae935fd/current/log_inprogress_40 to /workdir/ratis-test/target/test/data/e0ec9561/MiniRaftClusterWithSimulatedRpce2213dd2/s2/bc16a33f-4125-4cb3-9efe-e65baae935fd/current/log_40-41
2019-09-24 17:00:02,780 INFO  segmented.SegmentedRaftLogWorker (SegmentedRaftLogWorker.java:execute(569)) - s0@group-E65BAAE935FD-SegmentedRaftLogWorker: created new log segment /workdir/ratis-test/target/test/data/e0ec9561/MiniRaftClusterWithSimulatedRpce2213dd2/s0/bc16a33f-4125-4cb3-9efe-e65baae935fd/current/log_inprogress_40
2019-09-24 17:00:02,780 INFO  segmented.SegmentedRaftLogWorker (SegmentedRaftLogWorker.java:execute(569)) - s1@group-E65BAAE935FD-SegmentedRaftLogWorker: created new log segment /workdir/ratis-test/target/test/data/e0ec9561/MiniRaftClusterWithSimulatedRpce2213dd2/s1/bc16a33f-4125-4cb3-9efe-e65baae935fd/current/log_inprogress_40
2019-09-24 17:00:02,781 INFO  segmented.SegmentedRaftLogWorker (SegmentedRaftLogWorker.java:execute(569)) - s2@group-E65BAAE935FD-SegmentedRaftLogWorker: created new log segment /workdir/ratis-test/target/test/data/e0ec9561/MiniRaftClusterWithSimulatedRpce2213dd2/s2/bc16a33f-4125-4cb3-9efe-e65baae935fd/current/log_inprogress_42
2019-09-24 17:00:02,781 INFO  statemachine.SimpleStateMachine4Testing (SimpleStateMachine4Testing.java:put(198)) - s2: put 40, 5555555555... -> (t:2, i:40), STATEMACHINELOGENTRY, client-524B73A117F1, cid=338
2019-09-24 17:00:02,781 INFO  segmented.SegmentedRaftLogWorker (SegmentedRaftLogWorker.java:rollLogSegment(385)) - s0@group-E65BAAE935FD-SegmentedRaftLogWorker: Rolling segment log-40_41 to index:41
2019-09-24 17:00:02,782 TRACE util.FileUtils (LogUtils.java:runAndLog(61)) - Successfully ran Files.move /workdir/ratis-test/target/test/data/e0ec9561/MiniRaftClusterWithSimulatedRpce2213dd2/s0/bc16a33f-4125-4cb3-9efe-e65baae935fd/current/log_inprogress_40 to /workdir/ratis-test/target/test/data/e0ec9561/MiniRaftClusterWithSimulatedRpce2213dd2/s0/bc16a33f-4125-4cb3-9efe-e65baae935fd/current/log_40-41
2019-09-24 17:00:02,782 INFO  segmented.SegmentedRaftLogWorker (SegmentedRaftLogWorker.java:execute(526)) - s0@group-E65BAAE935FD-SegmentedRaftLogWorker: Rolled log segment from /workdir/ratis-test/target/test/data/e0ec9561/MiniRaftClusterWithSimulatedRpce2213dd2/s0/bc16a33f-4125-4cb3-9efe-e65baae935fd/current/log_inprogress_40 to /workdir/ratis-test/target/test/data/e0ec9561/MiniRaftClusterWithSimulatedRpce2213dd2/s0/bc16a33f-4125-4cb3-9efe-e65baae935fd/current/log_40-41
2019-09-24 17:00:02,784 INFO  statemachine.SimpleStateMachine4Testing (SimpleStateMachine4Testing.java:put(198)) - s1: put 38, 5555555555... -> (t:2, i:38), STATEMACHINELOGENTRY, client-44073FEAA4C6, cid=336
2019-09-24 17:00:02,785 INFO  statemachine.SimpleStateMachine4Testing (SimpleStateMachine4Testing.java:put(198)) - s1: put 39, 5555555555... -> (t:2, i:39), STATEMACHINELOGENTRY, client-8CFC123A34ED, cid=337
2019-09-24 17:00:02,785 TRACE util.FileUtils (LogUtils.java:runAndLog(61)) - Successfully ran Files.move /workdir/ratis-test/target/test/data/e0ec9561/MiniRaftClusterWithSimulatedRpce2213dd2/s2/bc16a33f-4125-4cb3-9efe-e65baae935fd/current/log_inprogress_42 to /workdir/ratis-test/target/test/data/e0ec9561/MiniRaftClusterWithSimulatedRpce2213dd2/s2/bc16a33f-4125-4cb3-9efe-e65baae935fd/current/log_42-44
2019-09-24 17:00:02,785 INFO  segmented.SegmentedRaftLogWorker (SegmentedRaftLogWorker.java:rollLogSegment(385)) - s1@group-E65BAAE935FD-SegmentedRaftLogWorker: Rolling segment log-40_41 to index:41
2019-09-24 17:00:02,785 INFO  segmented.SegmentedRaftLogWorker (SegmentedRaftLogWorker.java:execute(526)) - s2@group-E65BAAE935FD-SegmentedRaftLogWorker: Rolled log segment from /workdir/ratis-test/target/test/data/e0ec9561/MiniRaftClusterWithSimulatedRpce2213dd2/s2/bc16a33f-4125-4cb3-9efe-e65baae935fd/current/log_inprogress_42 to /workdir/ratis-test/target/test/data/e0ec9561/MiniRaftClusterWithSimulatedRpce2213dd2/s2/bc16a33f-4125-4cb3-9efe-e65baae935fd/current/log_42-44
2019-09-24 17:00:02,785 TRACE util.FileUtils (LogUtils.java:runAndLog(61)) - Successfully ran Files.move /workdir/ratis-test/target/test/data/e0ec9561/MiniRaftClusterWithSimulatedRpce2213dd2/s1/bc16a33f-4125-4cb3-9efe-e65baae935fd/current/log_inprogress_40 to /workdir/ratis-test/target/test/data/e0ec9561/MiniRaftClusterWithSimulatedRpce2213dd2/s1/bc16a33f-4125-4cb3-9efe-e65baae935fd/current/log_40-41
2019-09-24 17:00:02,786 INFO  segmented.SegmentedRaftLogWorker (SegmentedRaftLogWorker.java:execute(526)) - s1@group-E65BAAE935FD-SegmentedRaftLogWorker: Rolled log segment from /workdir/ratis-test/target/test/data/e0ec9561/MiniRaftClusterWithSimulatedRpce2213dd2/s1/bc16a33f-4125-4cb3-9efe-e65baae935fd/current/log_inprogress_40 to /workdir/ratis-test/target/test/data/e0ec9561/MiniRaftClusterWithSimulatedRpce2213dd2/s1/bc16a33f-4125-4cb3-9efe-e65baae935fd/current/log_40-41
2019-09-24 17:00:02,806 INFO  segmented.SegmentedRaftLogWorker (SegmentedRaftLogWorker.java:execute(569)) - s1@group-E65BAAE935FD-SegmentedRaftLogWorker: created new log segment /workdir/ratis-test/target/test/data/e0ec9561/MiniRaftClusterWithSimulatedRpce2213dd2/s1/bc16a33f-4125-4cb3-9efe-e65baae935fd/current/log_inprogress_42
2019-09-24 17:00:02,806 INFO  segmented.SegmentedRaftLogWorker (SegmentedRaftLogWorker.java:execute(569)) - s2@group-E65BAAE935FD-SegmentedRaftLogWorker: created new log segment /workdir/ratis-test/target/test/data/e0ec9561/MiniRaftClusterWithSimulatedRpce2213dd2/s2/bc16a33f-4125-4cb3-9efe-e65baae935fd/current/log_inprogress_45
2019-09-24 17:00:02,806 INFO  segmented.SegmentedRaftLogWorker (SegmentedRaftLogWorker.java:execute(569)) - s0@group-E65BAAE935FD-SegmentedRaftLogWorker: created new log segment /workdir/ratis-test/target/test/data/e0ec9561/MiniRaftClusterWithSimulatedRpce2213dd2/s0/bc16a33f-4125-4cb3-9efe-e65baae935fd/current/log_inprogress_42
2019-09-24 17:00:02,816 INFO  statemachine.SimpleStateMachine4Testing (SimpleStateMachine4Testing.java:put(198)) - s1: put 40, 5555555555... -> (t:2, i:40), STATEMACHINELOGENTRY, client-524B73A117F1, cid=338
2019-09-24 17:00:02,816 INFO  statemachine.SimpleStateMachine4Testing (SimpleStateMachine4Testing.java:put(198)) - s2: put 42, 5555555555... -> (t:2, i:42), STATEMACHINELOGENTRY, client-B07594A0E5F2, cid=339
2019-09-24 17:00:02,816 INFO  segmented.SegmentedRaftLogWorker (SegmentedRaftLogWorker.java:rollLogSegment(385)) - s1@group-E65BAAE935FD-SegmentedRaftLogWorker: Rolling segment log-42_44 to index:44
2019-09-24 17:00:02,816 INFO  statemachine.SimpleStateMachine4Testing (SimpleStateMachine4Testing.java:put(198)) - s2: put 43, 0000000000... -> (t:2, i:43), STATEMACHINELOGENTRY, client-B6F390E87052, cid=340
2019-09-24 17:00:02,817 TRACE util.FileUtils (LogUtils.java:runAndLog(61)) - Successfully ran Files.move /workdir/ratis-test/target/test/data/e0ec9561/MiniRaftClusterWithSimulatedRpce2213dd2/s1/bc16a33f-4125-4cb3-9efe-e65baae935fd/current/log_inprogress_42 to /workdir/ratis-test/target/test/data/e0ec9561/MiniRaftClusterWithSimulatedRpce2213dd2/s1/bc16a33f-4125-4cb3-9efe-e65baae935fd/current/log_42-44
2019-09-24 17:00:02,817 INFO  segmented.SegmentedRaftLogWorker (SegmentedRaftLogWorker.java:execute(526)) - s1@group-E65BAAE935FD-SegmentedRaftLogWorker: Rolled log segment from /workdir/ratis-test/target/test/data/e0ec9561/MiniRaftClusterWithSimulatedRpce2213dd2/s1/bc16a33f-4125-4cb3-9efe-e65baae935fd/current/log_inprogress_42 to /workdir/ratis-test/target/test/data/e0ec9561/MiniRaftClusterWithSimulatedRpce2213dd2/s1/bc16a33f-4125-4cb3-9efe-e65baae935fd/current/log_42-44
2019-09-24 17:00:02,818 INFO  statemachine.SimpleStateMachine4Testing (SimpleStateMachine4Testing.java:put(198)) - s0: put 39, 5555555555... -> (t:2, i:39), STATEMACHINELOGENTRY, client-8CFC123A34ED, cid=337
2019-09-24 17:00:02,818 INFO  segmented.SegmentedRaftLogWorker (SegmentedRaftLogWorker.java:rollLogSegment(385)) - s0@group-E65BAAE935FD-SegmentedRaftLogWorker: Rolling segment log-42_44 to index:44
2019-09-24 17:00:02,819 TRACE util.FileUtils (LogUtils.java:runAndLog(61)) - Successfully ran Files.move /workdir/ratis-test/target/test/data/e0ec9561/MiniRaftClusterWithSimulatedRpce2213dd2/s0/bc16a33f-4125-4cb3-9efe-e65baae935fd/current/log_inprogress_42 to /workdir/ratis-test/target/test/data/e0ec9561/MiniRaftClusterWithSimulatedRpce2213dd2/s0/bc16a33f-4125-4cb3-9efe-e65baae935fd/current/log_42-44
2019-09-24 17:00:02,819 INFO  segmented.SegmentedRaftLogWorker (SegmentedRaftLogWorker.java:execute(526)) - s0@group-E65BAAE935FD-SegmentedRaftLogWorker: Rolled log segment from /workdir/ratis-test/target/test/data/e0ec9561/MiniRaftClusterWithSimulatedRpce2213dd2/s0/bc16a33f-4125-4cb3-9efe-e65baae935fd/current/log_inprogress_42 to /workdir/ratis-test/target/test/data/e0ec9561/MiniRaftClusterWithSimulatedRpce2213dd2/s0/bc16a33f-4125-4cb3-9efe-e65baae935fd/current/log_42-44
2019-09-24 17:00:02,831 INFO  segmented.SegmentedRaftLogWorker (SegmentedRaftLogWorker.java:execute(569)) - s0@group-E65BAAE935FD-SegmentedRaftLogWorker: created new log segment /workdir/ratis-test/target/test/data/e0ec9561/MiniRaftClusterWithSimulatedRpce2213dd2/s0/bc16a33f-4125-4cb3-9efe-e65baae935fd/current/log_inprogress_45
2019-09-24 17:00:02,831 INFO  segmented.SegmentedRaftLogWorker (SegmentedRaftLogWorker.java:execute(569)) - s1@group-E65BAAE935FD-SegmentedRaftLogWorker: created new log segment /workdir/ratis-test/target/test/data/e0ec9561/MiniRaftClusterWithSimulatedRpce2213dd2/s1/bc16a33f-4125-4cb3-9efe-e65baae935fd/current/log_inprogress_45
2019-09-24 17:00:02,833 INFO  statemachine.SimpleStateMachine4Testing (SimpleStateMachine4Testing.java:put(198)) - s0: put 40, 5555555555... -> (t:2, i:40), STATEMACHINELOGENTRY, client-524B73A117F1, cid=338
2019-09-24 17:00:02,833 INFO  statemachine.SimpleStateMachine4Testing (SimpleStateMachine4Testing.java:put(198)) - s2: put 45, 0000000000... -> (t:2, i:45), STATEMACHINELOGENTRY, client-44073FEAA4C6, cid=341
2019-09-24 17:00:02,833 INFO  statemachine.SimpleStateMachine4Testing (SimpleStateMachine4Testing.java:put(198)) - s0: put 42, 5555555555... -> (t:2, i:42), STATEMACHINELOGENTRY, client-B07594A0E5F2, cid=339
2019-09-24 17:00:02,833 INFO  statemachine.SimpleStateMachine4Testing (SimpleStateMachine4Testing.java:put(198)) - s2: put 47, 0000000000... -> (t:2, i:47), STATEMACHINELOGENTRY, client-8CFC123A34ED, cid=342
2019-09-24 17:00:02,833 INFO  statemachine.SimpleStateMachine4Testing (SimpleStateMachine4Testing.java:put(198)) - s0: put 43, 0000000000... -> (t:2, i:43), STATEMACHINELOGENTRY, client-B6F390E87052, cid=340
2019-09-24 17:00:02,833 INFO  statemachine.SimpleStateMachine4Testing (SimpleStateMachine4Testing.java:put(198)) - s2: put 48, 0000000000... -> (t:2, i:48), STATEMACHINELOGENTRY, client-524B73A117F1, cid=343
2019-09-24 17:00:02,833 INFO  segmented.SegmentedRaftLogWorker (SegmentedRaftLogWorker.java:rollLogSegment(385)) - s2@group-E65BAAE935FD-SegmentedRaftLogWorker: Rolling segment log-45_51 to index:51
2019-09-24 17:00:02,834 INFO  statemachine.SimpleStateMachine4Testing (SimpleStateMachine4Testing.java:put(198)) - s2: put 49, 0000000000... -> (t:2, i:49), STATEMACHINELOGENTRY, client-B07594A0E5F2, cid=344
2019-09-24 17:00:02,834 INFO  statemachine.SimpleStateMachine4Testing (SimpleStateMachine4Testing.java:put(198)) - s2: put 50, 1111111111... -> (t:2, i:50), STATEMACHINELOGENTRY, client-B6F390E87052, cid=345
2019-09-24 17:00:02,835 INFO  segmented.SegmentedRaftLogWorker (SegmentedRaftLogWorker.java:rollLogSegment(385)) - s2@group-E65BAAE935FD-SegmentedRaftLogWorker: Rolling segment log-52_54 to index:54
2019-09-24 17:00:02,845 INFO  statemachine.SimpleStateMachine4Testing (SimpleStateMachine4Testing.java:put(198)) - s0: put 45, 0000000000... -> (t:2, i:45), STATEMACHINELOGENTRY, client-44073FEAA4C6, cid=341
2019-09-24 17:00:02,845 TRACE util.FileUtils (LogUtils.java:runAndLog(61)) - Successfully ran Files.move /workdir/ratis-test/target/test/data/e0ec9561/MiniRaftClusterWithSimulatedRpce2213dd2/s2/bc16a33f-4125-4cb3-9efe-e65baae935fd/current/log_inprogress_45 to /workdir/ratis-test/target/test/data/e0ec9561/MiniRaftClusterWithSimulatedRpce2213dd2/s2/bc16a33f-4125-4cb3-9efe-e65baae935fd/current/log_45-51
2019-09-24 17:00:02,845 INFO  segmented.SegmentedRaftLogWorker (SegmentedRaftLogWorker.java:execute(526)) - s2@group-E65BAAE935FD-SegmentedRaftLogWorker: Rolled log segment from /workdir/ratis-test/target/test/data/e0ec9561/MiniRaftClusterWithSimulatedRpce2213dd2/s2/bc16a33f-4125-4cb3-9efe-e65baae935fd/current/log_inprogress_45 to /workdir/ratis-test/target/test/data/e0ec9561/MiniRaftClusterWithSimulatedRpce2213dd2/s2/bc16a33f-4125-4cb3-9efe-e65baae935fd/current/log_45-51
2019-09-24 17:00:02,845 INFO  segmented.SegmentedRaftLogWorker (SegmentedRaftLogWorker.java:rollLogSegment(385)) - s0@group-E65BAAE935FD-SegmentedRaftLogWorker: Rolling segment log-45_51 to index:51
2019-09-24 17:00:02,845 INFO  segmented.SegmentedRaftLogWorker (SegmentedRaftLogWorker.java:rollLogSegment(385)) - s1@group-E65BAAE935FD-SegmentedRaftLogWorker: Rolling segment log-45_51 to index:51
2019-09-24 17:00:02,846 TRACE util.FileUtils (LogUtils.java:runAndLog(61)) - Successfully ran Files.move /workdir/ratis-test/target/test/data/e0ec9561/MiniRaftClusterWithSimulatedRpce2213dd2/s0/bc16a33f-4125-4cb3-9efe-e65baae935fd/current/log_inprogress_45 to /workdir/ratis-test/target/test/data/e0ec9561/MiniRaftClusterWithSimulatedRpce2213dd2/s0/bc16a33f-4125-4cb3-9efe-e65baae935fd/current/log_45-51
2019-09-24 17:00:02,845 INFO  statemachine.SimpleStateMachine4Testing (SimpleStateMachine4Testing.java:put(198)) - s0: put 47, 0000000000... -> (t:2, i:47), STATEMACHINELOGENTRY, client-8CFC123A34ED, cid=342
2019-09-24 17:00:02,846 INFO  segmented.SegmentedRaftLogWorker (SegmentedRaftLogWorker.java:execute(526)) - s0@group-E65BAAE935FD-SegmentedRaftLogWorker: Rolled log segment from /workdir/ratis-test/target/test/data/e0ec9561/MiniRaftClusterWithSimulatedRpce2213dd2/s0/bc16a33f-4125-4cb3-9efe-e65baae935fd/current/log_inprogress_45 to /workdir/ratis-test/target/test/data/e0ec9561/MiniRaftClusterWithSimulatedRpce2213dd2/s0/bc16a33f-4125-4cb3-9efe-e65baae935fd/current/log_45-51
2019-09-24 17:00:02,846 INFO  statemachine.SimpleStateMachine4Testing (SimpleStateMachine4Testing.java:put(198)) - s0: put 48, 0000000000... -> (t:2, i:48), STATEMACHINELOGENTRY, client-524B73A117F1, cid=343
2019-09-24 17:00:02,847 INFO  statemachine.SimpleStateMachine4Testing (SimpleStateMachine4Testing.java:put(198)) - s0: put 49, 0000000000... -> (t:2, i:49), STATEMACHINELOGENTRY, client-B07594A0E5F2, cid=344
2019-09-24 17:00:02,847 INFO  statemachine.SimpleStateMachine4Testing (SimpleStateMachine4Testing.java:put(198)) - s0: put 50, 1111111111... -> (t:2, i:50), STATEMACHINELOGENTRY, client-B6F390E87052, cid=345
2019-09-24 17:00:02,853 TRACE util.FileUtils (LogUtils.java:runAndLog(61)) - Successfully ran Files.move /workdir/ratis-test/target/test/data/e0ec9561/MiniRaftClusterWithSimulatedRpce2213dd2/s1/bc16a33f-4125-4cb3-9efe-e65baae935fd/current/log_inprogress_45 to /workdir/ratis-test/target/test/data/e0ec9561/MiniRaftClusterWithSimulatedRpce2213dd2/s1/bc16a33f-4125-4cb3-9efe-e65baae935fd/current/log_45-51
2019-09-24 17:00:02,854 INFO  segmented.SegmentedRaftLogWorker (SegmentedRaftLogWorker.java:execute(526)) - s1@group-E65BAAE935FD-SegmentedRaftLogWorker: Rolled log segment from /workdir/ratis-test/target/test/data/e0ec9561/MiniRaftClusterWithSimulatedRpce2213dd2/s1/bc16a33f-4125-4cb3-9efe-e65baae935fd/current/log_inprogress_45 to /workdir/ratis-test/target/test/data/e0ec9561/MiniRaftClusterWithSimulatedRpce2213dd2/s1/bc16a33f-4125-4cb3-9efe-e65baae935fd/current/log_45-51
2019-09-24 17:00:02,865 INFO  segmented.SegmentedRaftLogWorker (SegmentedRaftLogWorker.java:execute(569)) - s2@group-E65BAAE935FD-SegmentedRaftLogWorker: created new log segment /workdir/ratis-test/target/test/data/e0ec9561/MiniRaftClusterWithSimulatedRpce2213dd2/s2/bc16a33f-4125-4cb3-9efe-e65baae935fd/current/log_inprogress_52
2019-09-24 17:00:02,865 INFO  segmented.SegmentedRaftLogWorker (SegmentedRaftLogWorker.java:execute(569)) - s0@group-E65BAAE935FD-SegmentedRaftLogWorker: created new log segment /workdir/ratis-test/target/test/data/e0ec9561/MiniRaftClusterWithSimulatedRpce2213dd2/s0/bc16a33f-4125-4cb3-9efe-e65baae935fd/current/log_inprogress_52
2019-09-24 17:00:02,877 INFO  segmented.SegmentedRaftLogWorker (SegmentedRaftLogWorker.java:rollLogSegment(385)) - s0@group-E65BAAE935FD-SegmentedRaftLogWorker: Rolling segment log-52_54 to index:54
2019-09-24 17:00:02,885 TRACE util.FileUtils (LogUtils.java:runAndLog(61)) - Successfully ran Files.move /workdir/ratis-test/target/test/data/e0ec9561/MiniRaftClusterWithSimulatedRpce2213dd2/s0/bc16a33f-4125-4cb3-9efe-e65baae935fd/current/log_inprogress_52 to /workdir/ratis-test/target/test/data/e0ec9561/MiniRaftClusterWithSimulatedRpce2213dd2/s0/bc16a33f-4125-4cb3-9efe-e65baae935fd/current/log_52-54
2019-09-24 17:00:02,885 INFO  segmented.SegmentedRaftLogWorker (SegmentedRaftLogWorker.java:execute(526)) - s0@group-E65BAAE935FD-SegmentedRaftLogWorker: Rolled log segment from /workdir/ratis-test/target/test/data/e0ec9561/MiniRaftClusterWithSimulatedRpce2213dd2/s0/bc16a33f-4125-4cb3-9efe-e65baae935fd/current/log_inprogress_52 to /workdir/ratis-test/target/test/data/e0ec9561/MiniRaftClusterWithSimulatedRpce2213dd2/s0/bc16a33f-4125-4cb3-9efe-e65baae935fd/current/log_52-54
2019-09-24 17:00:02,885 TRACE util.FileUtils (LogUtils.java:runAndLog(61)) - Successfully ran Files.move /workdir/ratis-test/target/test/data/e0ec9561/MiniRaftClusterWithSimulatedRpce2213dd2/s2/bc16a33f-4125-4cb3-9efe-e65baae935fd/current/log_inprogress_52 to /workdir/ratis-test/target/test/data/e0ec9561/MiniRaftClusterWithSimulatedRpce2213dd2/s2/bc16a33f-4125-4cb3-9efe-e65baae935fd/current/log_52-54
2019-09-24 17:00:02,885 INFO  segmented.SegmentedRaftLogWorker (SegmentedRaftLogWorker.java:execute(526)) - s2@group-E65BAAE935FD-SegmentedRaftLogWorker: Rolled log segment from /workdir/ratis-test/target/test/data/e0ec9561/MiniRaftClusterWithSimulatedRpce2213dd2/s2/bc16a33f-4125-4cb3-9efe-e65baae935fd/current/log_inprogress_52 to /workdir/ratis-test/target/test/data/e0ec9561/MiniRaftClusterWithSimulatedRpce2213dd2/s2/bc16a33f-4125-4cb3-9efe-e65baae935fd/current/log_52-54
2019-09-24 17:00:02,886 INFO  segmented.SegmentedRaftLogWorker (SegmentedRaftLogWorker.java:execute(569)) - s1@group-E65BAAE935FD-SegmentedRaftLogWorker: created new log segment /workdir/ratis-test/target/test/data/e0ec9561/MiniRaftClusterWithSimulatedRpce2213dd2/s1/bc16a33f-4125-4cb3-9efe-e65baae935fd/current/log_inprogress_52
2019-09-24 17:00:02,886 INFO  statemachine.SimpleStateMachine4Testing (SimpleStateMachine4Testing.java:put(198)) - s2: put 52, 1111111111... -> (t:2, i:52), STATEMACHINELOGENTRY, client-44073FEAA4C6, cid=346
2019-09-24 17:00:02,886 INFO  statemachine.SimpleStateMachine4Testing (SimpleStateMachine4Testing.java:put(198)) - s2: put 53, 1111111111... -> (t:2, i:53), STATEMACHINELOGENTRY, client-8CFC123A34ED, cid=347
2019-09-24 17:00:02,886 INFO  statemachine.SimpleStateMachine4Testing (SimpleStateMachine4Testing.java:put(198)) - s2: put 54, 1111111111... -> (t:2, i:54), STATEMACHINELOGENTRY, client-524B73A117F1, cid=348
2019-09-24 17:00:02,887 INFO  segmented.SegmentedRaftLogWorker (SegmentedRaftLogWorker.java:rollLogSegment(385)) - s2@group-E65BAAE935FD-SegmentedRaftLogWorker: Rolling segment log-55_57 to index:57
2019-09-24 17:00:02,887 INFO  segmented.SegmentedRaftLogWorker (SegmentedRaftLogWorker.java:rollLogSegment(385)) - s2@group-E65BAAE935FD-SegmentedRaftLogWorker: Rolling segment log-58_59 to index:59
2019-09-24 17:00:02,902 INFO  statemachine.SimpleStateMachine4Testing (SimpleStateMachine4Testing.java:put(198)) - s1: put 42, 5555555555... -> (t:2, i:42), STATEMACHINELOGENTRY, client-B07594A0E5F2, cid=339
2019-09-24 17:00:02,902 INFO  segmented.SegmentedRaftLogWorker (SegmentedRaftLogWorker.java:rollLogSegment(385)) - s1@group-E65BAAE935FD-SegmentedRaftLogWorker: Rolling segment log-52_54 to index:54
2019-09-24 17:00:02,902 INFO  statemachine.SimpleStateMachine4Testing (SimpleStateMachine4Testing.java:put(198)) - s1: put 43, 0000000000... -> (t:2, i:43), STATEMACHINELOGENTRY, client-B6F390E87052, cid=340
2019-09-24 17:00:02,903 INFO  statemachine.SimpleStateMachine4Testing (SimpleStateMachine4Testing.java:put(198)) - s1: put 45, 0000000000... -> (t:2, i:45), STATEMACHINELOGENTRY, client-44073FEAA4C6, cid=341
2019-09-24 17:00:02,903 INFO  statemachine.SimpleStateMachine4Testing (SimpleStateMachine4Testing.java:put(198)) - s1: put 47, 0000000000... -> (t:2, i:47), STATEMACHINELOGENTRY, client-8CFC123A34ED, cid=342
2019-09-24 17:00:02,903 INFO  statemachine.SimpleStateMachine4Testing (SimpleStateMachine4Testing.java:put(198)) - s1: put 48, 0000000000... -> (t:2, i:48), STATEMACHINELOGENTRY, client-524B73A117F1, cid=343
2019-09-24 17:00:02,904 INFO  statemachine.SimpleStateMachine4Testing (SimpleStateMachine4Testing.java:put(198)) - s1: put 49, 0000000000... -> (t:2, i:49), STATEMACHINELOGENTRY, client-B07594A0E5F2, cid=344
2019-09-24 17:00:02,904 INFO  statemachine.SimpleStateMachine4Testing (SimpleStateMachine4Testing.java:put(198)) - s1: put 50, 1111111111... -> (t:2, i:50), STATEMACHINELOGENTRY, client-B6F390E87052, cid=345
2019-09-24 17:00:02,911 INFO  segmented.SegmentedRaftLogWorker (SegmentedRaftLogWorker.java:execute(569)) - s0@group-E65BAAE935FD-SegmentedRaftLogWorker: created new log segment /workdir/ratis-test/target/test/data/e0ec9561/MiniRaftClusterWithSimulatedRpce2213dd2/s0/bc16a33f-4125-4cb3-9efe-e65baae935fd/current/log_inprogress_55
2019-09-24 17:00:02,911 INFO  segmented.SegmentedRaftLogWorker (SegmentedRaftLogWorker.java:execute(569)) - s2@group-E65BAAE935FD-SegmentedRaftLogWorker: created new log segment /workdir/ratis-test/target/test/data/e0ec9561/MiniRaftClusterWithSimulatedRpce2213dd2/s2/bc16a33f-4125-4cb3-9efe-e65baae935fd/current/log_inprogress_55
2019-09-24 17:00:02,926 TRACE util.FileUtils (LogUtils.java:runAndLog(61)) - Successfully ran Files.move /workdir/ratis-test/target/test/data/e0ec9561/MiniRaftClusterWithSimulatedRpce2213dd2/s1/bc16a33f-4125-4cb3-9efe-e65baae935fd/current/log_inprogress_52 to /workdir/ratis-test/target/test/data/e0ec9561/MiniRaftClusterWithSimulatedRpce2213dd2/s1/bc16a33f-4125-4cb3-9efe-e65baae935fd/current/log_52-54
2019-09-24 17:00:02,926 INFO  segmented.SegmentedRaftLogWorker (SegmentedRaftLogWorker.java:execute(526)) - s1@group-E65BAAE935FD-SegmentedRaftLogWorker: Rolled log segment from /workdir/ratis-test/target/test/data/e0ec9561/MiniRaftClusterWithSimulatedRpce2213dd2/s1/bc16a33f-4125-4cb3-9efe-e65baae935fd/current/log_inprogress_52 to /workdir/ratis-test/target/test/data/e0ec9561/MiniRaftClusterWithSimulatedRpce2213dd2/s1/bc16a33f-4125-4cb3-9efe-e65baae935fd/current/log_52-54
2019-09-24 17:00:02,926 TRACE util.FileUtils (LogUtils.java:runAndLog(61)) - Successfully ran Files.move /workdir/ratis-test/target/test/data/e0ec9561/MiniRaftClusterWithSimulatedRpce2213dd2/s2/bc16a33f-4125-4cb3-9efe-e65baae935fd/current/log_inprogress_55 to /workdir/ratis-test/target/test/data/e0ec9561/MiniRaftClusterWithSimulatedRpce2213dd2/s2/bc16a33f-4125-4cb3-9efe-e65baae935fd/current/log_55-57
2019-09-24 17:00:02,926 INFO  segmented.SegmentedRaftLogWorker (SegmentedRaftLogWorker.java:execute(526)) - s2@group-E65BAAE935FD-SegmentedRaftLogWorker: Rolled log segment from /workdir/ratis-test/target/test/data/e0ec9561/MiniRaftClusterWithSimulatedRpce2213dd2/s2/bc16a33f-4125-4cb3-9efe-e65baae935fd/current/log_inprogress_55 to /workdir/ratis-test/target/test/data/e0ec9561/MiniRaftClusterWithSimulatedRpce2213dd2/s2/bc16a33f-4125-4cb3-9efe-e65baae935fd/current/log_55-57
2019-09-24 17:00:02,927 INFO  statemachine.SimpleStateMachine4Testing (SimpleStateMachine4Testing.java:put(198)) - s2: put 55, 1111111111... -> (t:2, i:55), STATEMACHINELOGENTRY, client-B07594A0E5F2, cid=349
2019-09-24 17:00:02,927 INFO  segmented.SegmentedRaftLogWorker (SegmentedRaftLogWorker.java:rollLogSegment(385)) - s0@group-E65BAAE935FD-SegmentedRaftLogWorker: Rolling segment log-55_57 to index:57
2019-09-24 17:00:02,927 INFO  statemachine.SimpleStateMachine4Testing (SimpleStateMachine4Testing.java:put(198)) - s2: put 56, 2222222222... -> (t:2, i:56), STATEMACHINELOGENTRY, client-B6F390E87052, cid=350
2019-09-24 17:00:02,928 INFO  segmented.SegmentedRaftLogWorker (SegmentedRaftLogWorker.java:rollLogSegment(385)) - s2@group-E65BAAE935FD-SegmentedRaftLogWorker: Rolling segment log-60_62 to index:62
2019-09-24 17:00:02,949 TRACE util.FileUtils (LogUtils.java:runAndLog(61)) - Successfully ran Files.move /workdir/ratis-test/target/test/data/e0ec9561/MiniRaftClusterWithSimulatedRpce2213dd2/s0/bc16a33f-4125-4cb3-9efe-e65baae935fd/current/log_inprogress_55 to /workdir/ratis-test/target/test/data/e0ec9561/MiniRaftClusterWithSimulatedRpce2213dd2/s0/bc16a33f-4125-4cb3-9efe-e65baae935fd/current/log_55-57
2019-09-24 17:00:02,949 INFO  segmented.SegmentedRaftLogWorker (SegmentedRaftLogWorker.java:execute(526)) - s0@group-E65BAAE935FD-SegmentedRaftLogWorker: Rolled log segment from /workdir/ratis-test/target/test/data/e0ec9561/MiniRaftClusterWithSimulatedRpce2213dd2/s0/bc16a33f-4125-4cb3-9efe-e65baae935fd/current/log_inprogress_55 to /workdir/ratis-test/target/test/data/e0ec9561/MiniRaftClusterWithSimulatedRpce2213dd2/s0/bc16a33f-4125-4cb3-9efe-e65baae935fd/current/log_55-57
2019-09-24 17:00:02,950 INFO  segmented.SegmentedRaftLogWorker (SegmentedRaftLogWorker.java:execute(569)) - s2@group-E65BAAE935FD-SegmentedRaftLogWorker: created new log segment /workdir/ratis-test/target/test/data/e0ec9561/MiniRaftClusterWithSimulatedRpce2213dd2/s2/bc16a33f-4125-4cb3-9efe-e65baae935fd/current/log_inprogress_58
2019-09-24 17:00:02,950 INFO  segmented.SegmentedRaftLogWorker (SegmentedRaftLogWorker.java:execute(569)) - s1@group-E65BAAE935FD-SegmentedRaftLogWorker: created new log segment /workdir/ratis-test/target/test/data/e0ec9561/MiniRaftClusterWithSimulatedRpce2213dd2/s1/bc16a33f-4125-4cb3-9efe-e65baae935fd/current/log_inprogress_55
2019-09-24 17:00:02,962 INFO  statemachine.SimpleStateMachine4Testing (SimpleStateMachine4Testing.java:put(198)) - s1: put 52, 1111111111... -> (t:2, i:52), STATEMACHINELOGENTRY, client-44073FEAA4C6, cid=346
2019-09-24 17:00:02,962 INFO  segmented.SegmentedRaftLogWorker (SegmentedRaftLogWorker.java:rollLogSegment(385)) - s1@group-E65BAAE935FD-SegmentedRaftLogWorker: Rolling segment log-55_57 to index:57
2019-09-24 17:00:02,963 INFO  statemachine.SimpleStateMachine4Testing (SimpleStateMachine4Testing.java:put(198)) - s1: put 53, 1111111111... -> (t:2, i:53), STATEMACHINELOGENTRY, client-8CFC123A34ED, cid=347
2019-09-24 17:00:02,963 INFO  statemachine.SimpleStateMachine4Testing (SimpleStateMachine4Testing.java:put(198)) - s1: put 54, 1111111111... -> (t:2, i:54), STATEMACHINELOGENTRY, client-524B73A117F1, cid=348
2019-09-24 17:00:02,970 TRACE util.FileUtils (LogUtils.java:runAndLog(61)) - Successfully ran Files.move /workdir/ratis-test/target/test/data/e0ec9561/MiniRaftClusterWithSimulatedRpce2213dd2/s1/bc16a33f-4125-4cb3-9efe-e65baae935fd/current/log_inprogress_55 to /workdir/ratis-test/target/test/data/e0ec9561/MiniRaftClusterWithSimulatedRpce2213dd2/s1/bc16a33f-4125-4cb3-9efe-e65baae935fd/current/log_55-57
2019-09-24 17:00:02,971 TRACE util.FileUtils (LogUtils.java:runAndLog(61)) - Successfully ran Files.move /workdir/ratis-test/target/test/data/e0ec9561/MiniRaftClusterWithSimulatedRpce2213dd2/s2/bc16a33f-4125-4cb3-9efe-e65baae935fd/current/log_inprogress_58 to /workdir/ratis-test/target/test/data/e0ec9561/MiniRaftClusterWithSimulatedRpce2213dd2/s2/bc16a33f-4125-4cb3-9efe-e65baae935fd/current/log_58-59
2019-09-24 17:00:02,971 INFO  segmented.SegmentedRaftLogWorker (SegmentedRaftLogWorker.java:execute(526)) - s1@group-E65BAAE935FD-SegmentedRaftLogWorker: Rolled log segment from /workdir/ratis-test/target/test/data/e0ec9561/MiniRaftClusterWithSimulatedRpce2213dd2/s1/bc16a33f-4125-4cb3-9efe-e65baae935fd/current/log_inprogress_55 to /workdir/ratis-test/target/test/data/e0ec9561/MiniRaftClusterWithSimulatedRpce2213dd2/s1/bc16a33f-4125-4cb3-9efe-e65baae935fd/current/log_55-57
2019-09-24 17:00:02,971 INFO  segmented.SegmentedRaftLogWorker (SegmentedRaftLogWorker.java:execute(526)) - s2@group-E65BAAE935FD-SegmentedRaftLogWorker: Rolled log segment from /workdir/ratis-test/target/test/data/e0ec9561/MiniRaftClusterWithSimulatedRpce2213dd2/s2/bc16a33f-4125-4cb3-9efe-e65baae935fd/current/log_inprogress_58 to /workdir/ratis-test/target/test/data/e0ec9561/MiniRaftClusterWithSimulatedRpce2213dd2/s2/bc16a33f-4125-4cb3-9efe-e65baae935fd/current/log_58-59
2019-09-24 17:00:02,971 INFO  segmented.SegmentedRaftLogWorker (SegmentedRaftLogWorker.java:execute(569)) - s0@group-E65BAAE935FD-SegmentedRaftLogWorker: created new log segment /workdir/ratis-test/target/test/data/e0ec9561/MiniRaftClusterWithSimulatedRpce2213dd2/s0/bc16a33f-4125-4cb3-9efe-e65baae935fd/current/log_inprogress_58
2019-09-24 17:00:02,979 INFO  statemachine.SimpleStateMachine4Testing (SimpleStateMachine4Testing.java:put(198)) - s0: put 52, 1111111111... -> (t:2, i:52), STATEMACHINELOGENTRY, client-44073FEAA4C6, cid=346
2019-09-24 17:00:02,979 INFO  segmented.SegmentedRaftLogWorker (SegmentedRaftLogWorker.java:rollLogSegment(385)) - s0@group-E65BAAE935FD-SegmentedRaftLogWorker: Rolling segment log-58_59 to index:59
2019-09-24 17:00:02,979 INFO  statemachine.SimpleStateMachine4Testing (SimpleStateMachine4Testing.java:put(198)) - s2: put 58, 2222222222... -> (t:2, i:58), STATEMACHINELOGENTRY, client-44073FEAA4C6, cid=351
2019-09-24 17:00:02,979 INFO  statemachine.SimpleStateMachine4Testing (SimpleStateMachine4Testing.java:put(198)) - s0: put 53, 1111111111... -> (t:2, i:53), STATEMACHINELOGENTRY, client-8CFC123A34ED, cid=347
2019-09-24 17:00:02,979 TRACE util.FileUtils (LogUtils.java:runAndLog(61)) - Successfully ran Files.move /workdir/ratis-test/target/test/data/e0ec9561/MiniRaftClusterWithSimulatedRpce2213dd2/s0/bc16a33f-4125-4cb3-9efe-e65baae935fd/current/log_inprogress_58 to /workdir/ratis-test/target/test/data/e0ec9561/MiniRaftClusterWithSimulatedRpce2213dd2/s0/bc16a33f-4125-4cb3-9efe-e65baae935fd/current/log_58-59
2019-09-24 17:00:02,979 INFO  statemachine.SimpleStateMachine4Testing (SimpleStateMachine4Testing.java:put(198)) - s2: put 59, 2222222222... -> (t:2, i:59), STATEMACHINELOGENTRY, client-8CFC123A34ED, cid=352
2019-09-24 17:00:02,980 INFO  segmented.SegmentedRaftLogWorker (SegmentedRaftLogWorker.java:rollLogSegment(385)) - s2@group-E65BAAE935FD-SegmentedRaftLogWorker: Rolling segment log-63_64 to index:64
2019-09-24 17:00:02,980 INFO  statemachine.SimpleStateMachine4Testing (SimpleStateMachine4Testing.java:put(198)) - s0: put 54, 1111111111... -> (t:2, i:54), STATEMACHINELOGENTRY, client-524B73A117F1, cid=348
2019-09-24 17:00:02,980 INFO  segmented.SegmentedRaftLogWorker (SegmentedRaftLogWorker.java:execute(526)) - s0@group-E65BAAE935FD-SegmentedRaftLogWorker: Rolled log segment from /workdir/ratis-test/target/test/data/e0ec9561/MiniRaftClusterWithSimulatedRpce2213dd2/s0/bc16a33f-4125-4cb3-9efe-e65baae935fd/current/log_inprogress_58 to /workdir/ratis-test/target/test/data/e0ec9561/MiniRaftClusterWithSimulatedRpce2213dd2/s0/bc16a33f-4125-4cb3-9efe-e65baae935fd/current/log_58-59
2019-09-24 17:00:02,980 INFO  segmented.SegmentedRaftLogWorker (SegmentedRaftLogWorker.java:execute(569)) - s1@group-E65BAAE935FD-SegmentedRaftLogWorker: created new log segment /workdir/ratis-test/target/test/data/e0ec9561/MiniRaftClusterWithSimulatedRpce2213dd2/s1/bc16a33f-4125-4cb3-9efe-e65baae935fd/current/log_inprogress_58
2019-09-24 17:00:02,980 INFO  segmented.SegmentedRaftLogWorker (SegmentedRaftLogWorker.java:execute(569)) - s2@group-E65BAAE935FD-SegmentedRaftLogWorker: created new log segment /workdir/ratis-test/target/test/data/e0ec9561/MiniRaftClusterWithSimulatedRpce2213dd2/s2/bc16a33f-4125-4cb3-9efe-e65baae935fd/current/log_inprogress_60
2019-09-24 17:00:02,981 INFO  segmented.SegmentedRaftLogWorker (SegmentedRaftLogWorker.java:rollLogSegment(385)) - s2@group-E65BAAE935FD-SegmentedRaftLogWorker: Rolling segment log-65_65 to index:65
2019-09-24 17:00:02,990 INFO  statemachine.SimpleStateMachine4Testing (SimpleStateMachine4Testing.java:put(198)) - s1: put 55, 1111111111... -> (t:2, i:55), STATEMACHINELOGENTRY, client-B07594A0E5F2, cid=349
2019-09-24 17:00:02,990 INFO  segmented.SegmentedRaftLogWorker (SegmentedRaftLogWorker.java:rollLogSegment(385)) - s1@group-E65BAAE935FD-SegmentedRaftLogWorker: Rolling segment log-58_59 to index:59
2019-09-24 17:00:02,991 INFO  statemachine.SimpleStateMachine4Testing (SimpleStateMachine4Testing.java:put(198)) - s1: put 56, 2222222222... -> (t:2, i:56), STATEMACHINELOGENTRY, client-B6F390E87052, cid=350
2019-09-24 17:00:03,014 TRACE util.FileUtils (LogUtils.java:runAndLog(61)) - Successfully ran Files.move /workdir/ratis-test/target/test/data/e0ec9561/MiniRaftClusterWithSimulatedRpce2213dd2/s2/bc16a33f-4125-4cb3-9efe-e65baae935fd/current/log_inprogress_60 to /workdir/ratis-test/target/test/data/e0ec9561/MiniRaftClusterWithSimulatedRpce2213dd2/s2/bc16a33f-4125-4cb3-9efe-e65baae935fd/current/log_60-62
2019-09-24 17:00:03,014 TRACE util.FileUtils (LogUtils.java:runAndLog(61)) - Successfully ran Files.move /workdir/ratis-test/target/test/data/e0ec9561/MiniRaftClusterWithSimulatedRpce2213dd2/s1/bc16a33f-4125-4cb3-9efe-e65baae935fd/current/log_inprogress_58 to /workdir/ratis-test/target/test/data/e0ec9561/MiniRaftClusterWithSimulatedRpce2213dd2/s1/bc16a33f-4125-4cb3-9efe-e65baae935fd/current/log_58-59
2019-09-24 17:00:03,014 INFO  segmented.SegmentedRaftLogWorker (SegmentedRaftLogWorker.java:execute(526)) - s2@group-E65BAAE935FD-SegmentedRaftLogWorker: Rolled log segment from /workdir/ratis-test/target/test/data/e0ec9561/MiniRaftClusterWithSimulatedRpce2213dd2/s2/bc16a33f-4125-4cb3-9efe-e65baae935fd/current/log_inprogress_60 to /workdir/ratis-test/target/test/data/e0ec9561/MiniRaftClusterWithSimulatedRpce2213dd2/s2/bc16a33f-4125-4cb3-9efe-e65baae935fd/current/log_60-62
2019-09-24 17:00:03,015 INFO  segmented.SegmentedRaftLogWorker (SegmentedRaftLogWorker.java:execute(569)) - s0@group-E65BAAE935FD-SegmentedRaftLogWorker: created new log segment /workdir/ratis-test/target/test/data/e0ec9561/MiniRaftClusterWithSimulatedRpce2213dd2/s0/bc16a33f-4125-4cb3-9efe-e65baae935fd/current/log_inprogress_60
2019-09-24 17:00:03,015 INFO  segmented.SegmentedRaftLogWorker (SegmentedRaftLogWorker.java:execute(526)) - s1@group-E65BAAE935FD-SegmentedRaftLogWorker: Rolled log segment from /workdir/ratis-test/target/test/data/e0ec9561/MiniRaftClusterWithSimulatedRpce2213dd2/s1/bc16a33f-4125-4cb3-9efe-e65baae935fd/current/log_inprogress_58 to /workdir/ratis-test/target/test/data/e0ec9561/MiniRaftClusterWithSimulatedRpce2213dd2/s1/bc16a33f-4125-4cb3-9efe-e65baae935fd/current/log_58-59
2019-09-24 17:00:03,033 INFO  statemachine.SimpleStateMachine4Testing (SimpleStateMachine4Testing.java:put(198)) - s0: put 55, 1111111111... -> (t:2, i:55), STATEMACHINELOGENTRY, client-B07594A0E5F2, cid=349
2019-09-24 17:00:03,034 INFO  segmented.SegmentedRaftLogWorker (SegmentedRaftLogWorker.java:rollLogSegment(385)) - s0@group-E65BAAE935FD-SegmentedRaftLogWorker: Rolling segment log-60_62 to index:62
2019-09-24 17:00:03,034 INFO  statemachine.SimpleStateMachine4Testing (SimpleStateMachine4Testing.java:put(198)) - s2: put 60, 2222222222... -> (t:2, i:60), STATEMACHINELOGENTRY, client-524B73A117F1, cid=353
2019-09-24 17:00:03,034 INFO  statemachine.SimpleStateMachine4Testing (SimpleStateMachine4Testing.java:put(198)) - s0: put 56, 2222222222... -> (t:2, i:56), STATEMACHINELOGENTRY, client-B6F390E87052, cid=350
2019-09-24 17:00:03,034 INFO  statemachine.SimpleStateMachine4Testing (SimpleStateMachine4Testing.java:put(198)) - s2: put 62, 2222222222... -> (t:2, i:62), STATEMACHINELOGENTRY, client-B07594A0E5F2, cid=354
2019-09-24 17:00:03,034 INFO  segmented.SegmentedRaftLogWorker (SegmentedRaftLogWorker.java:rollLogSegment(385)) - s2@group-E65BAAE935FD-SegmentedRaftLogWorker: Rolling segment log-66_67 to index:67
2019-09-24 17:00:03,035 INFO  segmented.SegmentedRaftLogWorker (SegmentedRaftLogWorker.java:rollLogSegment(385)) - s2@group-E65BAAE935FD-SegmentedRaftLogWorker: Rolling segment log-68_68 to index:68
2019-09-24 17:00:03,045 TRACE util.FileUtils (LogUtils.java:runAndLog(61)) - Successfully ran Files.move /workdir/ratis-test/target/test/data/e0ec9561/MiniRaftClusterWithSimulatedRpce2213dd2/s0/bc16a33f-4125-4cb3-9efe-e65baae935fd/current/log_inprogress_60 to /workdir/ratis-test/target/test/data/e0ec9561/MiniRaftClusterWithSimulatedRpce2213dd2/s0/bc16a33f-4125-4cb3-9efe-e65baae935fd/current/log_60-62
2019-09-24 17:00:03,045 INFO  segmented.SegmentedRaftLogWorker (SegmentedRaftLogWorker.java:execute(526)) - s0@group-E65BAAE935FD-SegmentedRaftLogWorker: Rolled log segment from /workdir/ratis-test/target/test/data/e0ec9561/MiniRaftClusterWithSimulatedRpce2213dd2/s0/bc16a33f-4125-4cb3-9efe-e65baae935fd/current/log_inprogress_60 to /workdir/ratis-test/target/test/data/e0ec9561/MiniRaftClusterWithSimulatedRpce2213dd2/s0/bc16a33f-4125-4cb3-9efe-e65baae935fd/current/log_60-62
2019-09-24 17:00:03,054 INFO  segmented.SegmentedRaftLogWorker (SegmentedRaftLogWorker.java:execute(569)) - s1@group-E65BAAE935FD-SegmentedRaftLogWorker: created new log segment /workdir/ratis-test/target/test/data/e0ec9561/MiniRaftClusterWithSimulatedRpce2213dd2/s1/bc16a33f-4125-4cb3-9efe-e65baae935fd/current/log_inprogress_60
2019-09-24 17:00:03,054 INFO  segmented.SegmentedRaftLogWorker (SegmentedRaftLogWorker.java:execute(569)) - s2@group-E65BAAE935FD-SegmentedRaftLogWorker: created new log segment /workdir/ratis-test/target/test/data/e0ec9561/MiniRaftClusterWithSimulatedRpce2213dd2/s2/bc16a33f-4125-4cb3-9efe-e65baae935fd/current/log_inprogress_63
2019-09-24 17:00:03,065 TRACE util.FileUtils (LogUtils.java:runAndLog(61)) - Successfully ran Files.move /workdir/ratis-test/target/test/data/e0ec9561/MiniRaftClusterWithSimulatedRpce2213dd2/s2/bc16a33f-4125-4cb3-9efe-e65baae935fd/current/log_inprogress_63 to /workdir/ratis-test/target/test/data/e0ec9561/MiniRaftClusterWithSimulatedRpce2213dd2/s2/bc16a33f-4125-4cb3-9efe-e65baae935fd/current/log_63-64
2019-09-24 17:00:03,065 INFO  segmented.SegmentedRaftLogWorker (SegmentedRaftLogWorker.java:execute(526)) - s2@group-E65BAAE935FD-SegmentedRaftLogWorker: Rolled log segment from /workdir/ratis-test/target/test/data/e0ec9561/MiniRaftClusterWithSimulatedRpce2213dd2/s2/bc16a33f-4125-4cb3-9efe-e65baae935fd/current/log_inprogress_63 to /workdir/ratis-test/target/test/data/e0ec9561/MiniRaftClusterWithSimulatedRpce2213dd2/s2/bc16a33f-4125-4cb3-9efe-e65baae935fd/current/log_63-64
2019-09-24 17:00:03,065 INFO  statemachine.SimpleStateMachine4Testing (SimpleStateMachine4Testing.java:put(198)) - s1: put 58, 2222222222... -> (t:2, i:58), STATEMACHINELOGENTRY, client-44073FEAA4C6, cid=351
2019-09-24 17:00:03,066 INFO  segmented.SegmentedRaftLogWorker (SegmentedRaftLogWorker.java:rollLogSegment(385)) - s1@group-E65BAAE935FD-SegmentedRaftLogWorker: Rolling segment log-60_62 to index:62
2019-09-24 17:00:03,066 INFO  statemachine.SimpleStateMachine4Testing (SimpleStateMachine4Testing.java:put(198)) - s1: put 59, 2222222222... -> (t:2, i:59), STATEMACHINELOGENTRY, client-8CFC123A34ED, cid=352
2019-09-24 17:00:03,066 TRACE util.FileUtils (LogUtils.java:runAndLog(61)) - Successfully ran Files.move /workdir/ratis-test/target/test/data/e0ec9561/MiniRaftClusterWithSimulatedRpce2213dd2/s1/bc16a33f-4125-4cb3-9efe-e65baae935fd/current/log_inprogress_60 to /workdir/ratis-test/target/test/data/e0ec9561/MiniRaftClusterWithSimulatedRpce2213dd2/s1/bc16a33f-4125-4cb3-9efe-e65baae935fd/current/log_60-62
2019-09-24 17:00:03,067 INFO  segmented.SegmentedRaftLogWorker (SegmentedRaftLogWorker.java:execute(526)) - s1@group-E65BAAE935FD-SegmentedRaftLogWorker: Rolled log segment from /workdir/ratis-test/target/test/data/e0ec9561/MiniRaftClusterWithSimulatedRpce2213dd2/s1/bc16a33f-4125-4cb3-9efe-e65baae935fd/current/log_inprogress_60 to /workdir/ratis-test/target/test/data/e0ec9561/MiniRaftClusterWithSimulatedRpce2213dd2/s1/bc16a33f-4125-4cb3-9efe-e65baae935fd/current/log_60-62
2019-09-24 17:00:03,071 INFO  segmented.SegmentedRaftLogWorker (SegmentedRaftLogWorker.java:execute(569)) - s0@group-E65BAAE935FD-SegmentedRaftLogWorker: created new log segment /workdir/ratis-test/target/test/data/e0ec9561/MiniRaftClusterWithSimulatedRpce2213dd2/s0/bc16a33f-4125-4cb3-9efe-e65baae935fd/current/log_inprogress_63
2019-09-24 17:00:03,092 INFO  statemachine.SimpleStateMachine4Testing (SimpleStateMachine4Testing.java:put(198)) - s0: put 58, 2222222222... -> (t:2, i:58), STATEMACHINELOGENTRY, client-44073FEAA4C6, cid=351
2019-09-24 17:00:03,092 INFO  segmented.SegmentedRaftLogWorker (SegmentedRaftLogWorker.java:rollLogSegment(385)) - s0@group-E65BAAE935FD-SegmentedRaftLogWorker: Rolling segment log-63_64 to index:64
2019-09-24 17:00:03,092 INFO  statemachine.SimpleStateMachine4Testing (SimpleStateMachine4Testing.java:put(198)) - s2: put 63, 3333333333... -> (t:2, i:63), STATEMACHINELOGENTRY, client-B6F390E87052, cid=355
2019-09-24 17:00:03,093 INFO  statemachine.SimpleStateMachine4Testing (SimpleStateMachine4Testing.java:put(198)) - s0: put 59, 2222222222... -> (t:2, i:59), STATEMACHINELOGENTRY, client-8CFC123A34ED, cid=352
2019-09-24 17:00:03,093 INFO  statemachine.SimpleStateMachine4Testing (SimpleStateMachine4Testing.java:put(198)) - s0: put 60, 2222222222... -> (t:2, i:60), STATEMACHINELOGENTRY, client-524B73A117F1, cid=353
2019-09-24 17:00:03,093 INFO  segmented.SegmentedRaftLogWorker (SegmentedRaftLogWorker.java:rollLogSegment(385)) - s2@group-E65BAAE935FD-SegmentedRaftLogWorker: Rolling segment log-69_69 to index:69
2019-09-24 17:00:03,093 INFO  statemachine.SimpleStateMachine4Testing (SimpleStateMachine4Testing.java:put(198)) - s0: put 62, 2222222222... -> (t:2, i:62), STATEMACHINELOGENTRY, client-B07594A0E5F2, cid=354
2019-09-24 17:00:03,096 TRACE util.FileUtils (LogUtils.java:runAndLog(61)) - Successfully ran Files.move /workdir/ratis-test/target/test/data/e0ec9561/MiniRaftClusterWithSimulatedRpce2213dd2/s0/bc16a33f-4125-4cb3-9efe-e65baae935fd/current/log_inprogress_63 to /workdir/ratis-test/target/test/data/e0ec9561/MiniRaftClusterWithSimulatedRpce2213dd2/s0/bc16a33f-4125-4cb3-9efe-e65baae935fd/current/log_63-64
2019-09-24 17:00:03,097 INFO  segmented.SegmentedRaftLogWorker (SegmentedRaftLogWorker.java:execute(526)) - s0@group-E65BAAE935FD-SegmentedRaftLogWorker: Rolled log segment from /workdir/ratis-test/target/test/data/e0ec9561/MiniRaftClusterWithSimulatedRpce2213dd2/s0/bc16a33f-4125-4cb3-9efe-e65baae935fd/current/log_inprogress_63 to /workdir/ratis-test/target/test/data/e0ec9561/MiniRaftClusterWithSimulatedRpce2213dd2/s0/bc16a33f-4125-4cb3-9efe-e65baae935fd/current/log_63-64
2019-09-24 17:00:03,105 INFO  segmented.SegmentedRaftLogWorker (SegmentedRaftLogWorker.java:execute(569)) - s2@group-E65BAAE935FD-SegmentedRaftLogWorker: created new log segment /workdir/ratis-test/target/test/data/e0ec9561/MiniRaftClusterWithSimulatedRpce2213dd2/s2/bc16a33f-4125-4cb3-9efe-e65baae935fd/current/log_inprogress_65
2019-09-24 17:00:03,105 INFO  segmented.SegmentedRaftLogWorker (SegmentedRaftLogWorker.java:execute(569)) - s1@group-E65BAAE935FD-SegmentedRaftLogWorker: created new log segment /workdir/ratis-test/target/test/data/e0ec9561/MiniRaftClusterWithSimulatedRpce2213dd2/s1/bc16a33f-4125-4cb3-9efe-e65baae935fd/current/log_inprogress_63
2019-09-24 17:00:03,119 INFO  statemachine.SimpleStateMachine4Testing (SimpleStateMachine4Testing.java:put(198)) - s1: put 60, 2222222222... -> (t:2, i:60), STATEMACHINELOGENTRY, client-524B73A117F1, cid=353
2019-09-24 17:00:03,120 INFO  segmented.SegmentedRaftLogWorker (SegmentedRaftLogWorker.java:rollLogSegment(385)) - s1@group-E65BAAE935FD-SegmentedRaftLogWorker: Rolling segment log-63_64 to index:64
2019-09-24 17:00:03,120 INFO  statemachine.SimpleStateMachine4Testing (SimpleStateMachine4Testing.java:put(198)) - s1: put 62, 2222222222... -> (t:2, i:62), STATEMACHINELOGENTRY, client-B07594A0E5F2, cid=354
2019-09-24 17:00:03,122 TRACE util.FileUtils (LogUtils.java:runAndLog(61)) - Successfully ran Files.move /workdir/ratis-test/target/test/data/e0ec9561/MiniRaftClusterWithSimulatedRpce2213dd2/s1/bc16a33f-4125-4cb3-9efe-e65baae935fd/current/log_inprogress_63 to /workdir/ratis-test/target/test/data/e0ec9561/MiniRaftClusterWithSimulatedRpce2213dd2/s1/bc16a33f-4125-4cb3-9efe-e65baae935fd/current/log_63-64
2019-09-24 17:00:03,122 TRACE util.FileUtils (LogUtils.java:runAndLog(61)) - Successfully ran Files.move /workdir/ratis-test/target/test/data/e0ec9561/MiniRaftClusterWithSimulatedRpce2213dd2/s2/bc16a33f-4125-4cb3-9efe-e65baae935fd/current/log_inprogress_65 to /workdir/ratis-test/target/test/data/e0ec9561/MiniRaftClusterWithSimulatedRpce2213dd2/s2/bc16a33f-4125-4cb3-9efe-e65baae935fd/current/log_65-65
2019-09-24 17:00:03,122 INFO  segmented.SegmentedRaftLogWorker (SegmentedRaftLogWorker.java:execute(526)) - s1@group-E65BAAE935FD-SegmentedRaftLogWorker: Rolled log segment from /workdir/ratis-test/target/test/data/e0ec9561/MiniRaftClusterWithSimulatedRpce2213dd2/s1/bc16a33f-4125-4cb3-9efe-e65baae935fd/current/log_inprogress_63 to /workdir/ratis-test/target/test/data/e0ec9561/MiniRaftClusterWithSimulatedRpce2213dd2/s1/bc16a33f-4125-4cb3-9efe-e65baae935fd/current/log_63-64
2019-09-24 17:00:03,122 INFO  segmented.SegmentedRaftLogWorker (SegmentedRaftLogWorker.java:execute(526)) - s2@group-E65BAAE935FD-SegmentedRaftLogWorker: Rolled log segment from /workdir/ratis-test/target/test/data/e0ec9561/MiniRaftClusterWithSimulatedRpce2213dd2/s2/bc16a33f-4125-4cb3-9efe-e65baae935fd/current/log_inprogress_65 to /workdir/ratis-test/target/test/data/e0ec9561/MiniRaftClusterWithSimulatedRpce2213dd2/s2/bc16a33f-4125-4cb3-9efe-e65baae935fd/current/log_65-65
2019-09-24 17:00:03,130 INFO  segmented.SegmentedRaftLogWorker (SegmentedRaftLogWorker.java:execute(569)) - s0@group-E65BAAE935FD-SegmentedRaftLogWorker: created new log segment /workdir/ratis-test/target/test/data/e0ec9561/MiniRaftClusterWithSimulatedRpce2213dd2/s0/bc16a33f-4125-4cb3-9efe-e65baae935fd/current/log_inprogress_65
2019-09-24 17:00:03,141 INFO  segmented.SegmentedRaftLogWorker (SegmentedRaftLogWorker.java:rollLogSegment(385)) - s0@group-E65BAAE935FD-SegmentedRaftLogWorker: Rolling segment log-65_65 to index:65
2019-09-24 17:00:03,141 INFO  statemachine.SimpleStateMachine4Testing (SimpleStateMachine4Testing.java:put(198)) - s2: put 65, 3333333333... -> (t:2, i:65), STATEMACHINELOGENTRY, client-44073FEAA4C6, cid=356
2019-09-24 17:00:03,141 TRACE util.FileUtils (LogUtils.java:runAndLog(61)) - Successfully ran Files.move /workdir/ratis-test/target/test/data/e0ec9561/MiniRaftClusterWithSimulatedRpce2213dd2/s0/bc16a33f-4125-4cb3-9efe-e65baae935fd/current/log_inprogress_65 to /workdir/ratis-test/target/test/data/e0ec9561/MiniRaftClusterWithSimulatedRpce2213dd2/s0/bc16a33f-4125-4cb3-9efe-e65baae935fd/current/log_65-65
2019-09-24 17:00:03,141 INFO  segmented.SegmentedRaftLogWorker (SegmentedRaftLogWorker.java:execute(526)) - s0@group-E65BAAE935FD-SegmentedRaftLogWorker: Rolled log segment from /workdir/ratis-test/target/test/data/e0ec9561/MiniRaftClusterWithSimulatedRpce2213dd2/s0/bc16a33f-4125-4cb3-9efe-e65baae935fd/current/log_inprogress_65 to /workdir/ratis-test/target/test/data/e0ec9561/MiniRaftClusterWithSimulatedRpce2213dd2/s0/bc16a33f-4125-4cb3-9efe-e65baae935fd/current/log_65-65
2019-09-24 17:00:03,141 INFO  segmented.SegmentedRaftLogWorker (SegmentedRaftLogWorker.java:rollLogSegment(385)) - s2@group-E65BAAE935FD-SegmentedRaftLogWorker: Rolling segment log-70_71 to index:71
2019-09-24 17:00:03,147 INFO  segmented.SegmentedRaftLogWorker (SegmentedRaftLogWorker.java:execute(569)) - s1@group-E65BAAE935FD-SegmentedRaftLogWorker: created new log segment /workdir/ratis-test/target/test/data/e0ec9561/MiniRaftClusterWithSimulatedRpce2213dd2/s1/bc16a33f-4125-4cb3-9efe-e65baae935fd/current/log_inprogress_65
2019-09-24 17:00:03,147 INFO  segmented.SegmentedRaftLogWorker (SegmentedRaftLogWorker.java:execute(569)) - s2@group-E65BAAE935FD-SegmentedRaftLogWorker: created new log segment /workdir/ratis-test/target/test/data/e0ec9561/MiniRaftClusterWithSimulatedRpce2213dd2/s2/bc16a33f-4125-4cb3-9efe-e65baae935fd/current/log_inprogress_66
2019-09-24 17:00:03,180 TRACE util.FileUtils (LogUtils.java:runAndLog(61)) - Successfully ran Files.move /workdir/ratis-test/target/test/data/e0ec9561/MiniRaftClusterWithSimulatedRpce2213dd2/s2/bc16a33f-4125-4cb3-9efe-e65baae935fd/current/log_inprogress_66 to /workdir/ratis-test/target/test/data/e0ec9561/MiniRaftClusterWithSimulatedRpce2213dd2/s2/bc16a33f-4125-4cb3-9efe-e65baae935fd/current/log_66-67
2019-09-24 17:00:03,180 INFO  segmented.SegmentedRaftLogWorker (SegmentedRaftLogWorker.java:execute(526)) - s2@group-E65BAAE935FD-SegmentedRaftLogWorker: Rolled log segment from /workdir/ratis-test/target/test/data/e0ec9561/MiniRaftClusterWithSimulatedRpce2213dd2/s2/bc16a33f-4125-4cb3-9efe-e65baae935fd/current/log_inprogress_66 to /workdir/ratis-test/target/test/data/e0ec9561/MiniRaftClusterWithSimulatedRpce2213dd2/s2/bc16a33f-4125-4cb3-9efe-e65baae935fd/current/log_66-67
2019-09-24 17:00:03,180 INFO  segmented.SegmentedRaftLogWorker (SegmentedRaftLogWorker.java:execute(569)) - s0@group-E65BAAE935FD-SegmentedRaftLogWorker: created new log segment /workdir/ratis-test/target/test/data/e0ec9561/MiniRaftClusterWithSimulatedRpce2213dd2/s0/bc16a33f-4125-4cb3-9efe-e65baae935fd/current/log_inprogress_66
2019-09-24 17:00:03,180 INFO  statemachine.SimpleStateMachine4Testing (SimpleStateMachine4Testing.java:put(198)) - s1: put 63, 3333333333... -> (t:2, i:63), STATEMACHINELOGENTRY, client-B6F390E87052, cid=355
2019-09-24 17:00:03,181 INFO  segmented.SegmentedRaftLogWorker (SegmentedRaftLogWorker.java:rollLogSegment(385)) - s1@group-E65BAAE935FD-SegmentedRaftLogWorker: Rolling segment log-65_65 to index:65
2019-09-24 17:00:03,182 TRACE util.FileUtils (LogUtils.java:runAndLog(61)) - Successfully ran Files.move /workdir/ratis-test/target/test/data/e0ec9561/MiniRaftClusterWithSimulatedRpce2213dd2/s1/bc16a33f-4125-4cb3-9efe-e65baae935fd/current/log_inprogress_65 to /workdir/ratis-test/target/test/data/e0ec9561/MiniRaftClusterWithSimulatedRpce2213dd2/s1/bc16a33f-4125-4cb3-9efe-e65baae935fd/current/log_65-65
2019-09-24 17:00:03,182 INFO  segmented.SegmentedRaftLogWorker (SegmentedRaftLogWorker.java:execute(526)) - s1@group-E65BAAE935FD-SegmentedRaftLogWorker: Rolled log segment from /workdir/ratis-test/target/test/data/e0ec9561/MiniRaftClusterWithSimulatedRpce2213dd2/s1/bc16a33f-4125-4cb3-9efe-e65baae935fd/current/log_inprogress_65 to /workdir/ratis-test/target/test/data/e0ec9561/MiniRaftClusterWithSimulatedRpce2213dd2/s1/bc16a33f-4125-4cb3-9efe-e65baae935fd/current/log_65-65
2019-09-24 17:00:03,191 INFO  statemachine.SimpleStateMachine4Testing (SimpleStateMachine4Testing.java:put(198)) - s0: put 63, 3333333333... -> (t:2, i:63), STATEMACHINELOGENTRY, client-B6F390E87052, cid=355
2019-09-24 17:00:03,191 INFO  segmented.SegmentedRaftLogWorker (SegmentedRaftLogWorker.java:rollLogSegment(385)) - s0@group-E65BAAE935FD-SegmentedRaftLogWorker: Rolling segment log-66_67 to index:67
2019-09-24 17:00:03,191 INFO  statemachine.SimpleStateMachine4Testing (SimpleStateMachine4Testing.java:put(198)) - s2: put 66, 3333333333... -> (t:2, i:66), STATEMACHINELOGENTRY, client-8CFC123A34ED, cid=357
2019-09-24 17:00:03,192 INFO  segmented.SegmentedRaftLogWorker (SegmentedRaftLogWorker.java:rollLogSegment(385)) - s2@group-E65BAAE935FD-SegmentedRaftLogWorker: Rolling segment log-72_72 to index:72
2019-09-24 17:00:03,198 TRACE util.FileUtils (LogUtils.java:runAndLog(61)) - Successfully ran Files.move /workdir/ratis-test/target/test/data/e0ec9561/MiniRaftClusterWithSimulatedRpce2213dd2/s0/bc16a33f-4125-4cb3-9efe-e65baae935fd/current/log_inprogress_66 to /workdir/ratis-test/target/test/data/e0ec9561/MiniRaftClusterWithSimulatedRpce2213dd2/s0/bc16a33f-4125-4cb3-9efe-e65baae935fd/current/log_66-67
2019-09-24 17:00:03,198 INFO  segmented.SegmentedRaftLogWorker (SegmentedRaftLogWorker.java:execute(526)) - s0@group-E65BAAE935FD-SegmentedRaftLogWorker: Rolled log segment from /workdir/ratis-test/target/test/data/e0ec9561/MiniRaftClusterWithSimulatedRpce2213dd2/s0/bc16a33f-4125-4cb3-9efe-e65baae935fd/current/log_inprogress_66 to /workdir/ratis-test/target/test/data/e0ec9561/MiniRaftClusterWithSimulatedRpce2213dd2/s0/bc16a33f-4125-4cb3-9efe-e65baae935fd/current/log_66-67
2019-09-24 17:00:03,206 INFO  segmented.SegmentedRaftLogWorker (SegmentedRaftLogWorker.java:execute(569)) - s2@group-E65BAAE935FD-SegmentedRaftLogWorker: created new log segment /workdir/ratis-test/target/test/data/e0ec9561/MiniRaftClusterWithSimulatedRpce2213dd2/s2/bc16a33f-4125-4cb3-9efe-e65baae935fd/current/log_inprogress_68
2019-09-24 17:00:03,206 INFO  segmented.SegmentedRaftLogWorker (SegmentedRaftLogWorker.java:execute(569)) - s1@group-E65BAAE935FD-SegmentedRaftLogWorker: created new log segment /workdir/ratis-test/target/test/data/e0ec9561/MiniRaftClusterWithSimulatedRpce2213dd2/s1/bc16a33f-4125-4cb3-9efe-e65baae935fd/current/log_inprogress_66
2019-09-24 17:00:03,222 INFO  statemachine.SimpleStateMachine4Testing (SimpleStateMachine4Testing.java:put(198)) - s1: put 65, 3333333333... -> (t:2, i:65), STATEMACHINELOGENTRY, client-44073FEAA4C6, cid=356
2019-09-24 17:00:03,222 TRACE util.FileUtils (LogUtils.java:runAndLog(61)) - Successfully ran Files.move /workdir/ratis-test/target/test/data/e0ec9561/MiniRaftClusterWithSimulatedRpce2213dd2/s2/bc16a33f-4125-4cb3-9efe-e65baae935fd/current/log_inprogress_68 to /workdir/ratis-test/target/test/data/e0ec9561/MiniRaftClusterWithSimulatedRpce2213dd2/s2/bc16a33f-4125-4cb3-9efe-e65baae935fd/current/log_68-68
2019-09-24 17:00:03,223 INFO  segmented.SegmentedRaftLogWorker (SegmentedRaftLogWorker.java:execute(526)) - s2@group-E65BAAE935FD-SegmentedRaftLogWorker: Rolled log segment from /workdir/ratis-test/target/test/data/e0ec9561/MiniRaftClusterWithSimulatedRpce2213dd2/s2/bc16a33f-4125-4cb3-9efe-e65baae935fd/current/log_inprogress_68 to /workdir/ratis-test/target/test/data/e0ec9561/MiniRaftClusterWithSimulatedRpce2213dd2/s2/bc16a33f-4125-4cb3-9efe-e65baae935fd/current/log_68-68
2019-09-24 17:00:03,222 INFO  segmented.SegmentedRaftLogWorker (SegmentedRaftLogWorker.java:rollLogSegment(385)) - s1@group-E65BAAE935FD-SegmentedRaftLogWorker: Rolling segment log-66_67 to index:67
2019-09-24 17:00:03,223 INFO  segmented.SegmentedRaftLogWorker (SegmentedRaftLogWorker.java:execute(569)) - s0@group-E65BAAE935FD-SegmentedRaftLogWorker: created new log segment /workdir/ratis-test/target/test/data/e0ec9561/MiniRaftClusterWithSimulatedRpce2213dd2/s0/bc16a33f-4125-4cb3-9efe-e65baae935fd/current/log_inprogress_68
2019-09-24 17:00:03,223 TRACE util.FileUtils (LogUtils.java:runAndLog(61)) - Successfully ran Files.move /workdir/ratis-test/target/test/data/e0ec9561/MiniRaftClusterWithSimulatedRpce2213dd2/s1/bc16a33f-4125-4cb3-9efe-e65baae935fd/current/log_inprogress_66 to /workdir/ratis-test/target/test/data/e0ec9561/MiniRaftClusterWithSimulatedRpce2213dd2/s1/bc16a33f-4125-4cb3-9efe-e65baae935fd/current/log_66-67
2019-09-24 17:00:03,223 INFO  segmented.SegmentedRaftLogWorker (SegmentedRaftLogWorker.java:execute(526)) - s1@group-E65BAAE935FD-SegmentedRaftLogWorker: Rolled log segment from /workdir/ratis-test/target/test/data/e0ec9561/MiniRaftClusterWithSimulatedRpce2213dd2/s1/bc16a33f-4125-4cb3-9efe-e65baae935fd/current/log_inprogress_66 to /workdir/ratis-test/target/test/data/e0ec9561/MiniRaftClusterWithSimulatedRpce2213dd2/s1/bc16a33f-4125-4cb3-9efe-e65baae935fd/current/log_66-67
2019-09-24 17:00:03,231 INFO  statemachine.SimpleStateMachine4Testing (SimpleStateMachine4Testing.java:put(198)) - s0: put 65, 3333333333... -> (t:2, i:65), STATEMACHINELOGENTRY, client-44073FEAA4C6, cid=356
2019-09-24 17:00:03,231 INFO  segmented.SegmentedRaftLogWorker (SegmentedRaftLogWorker.java:rollLogSegment(385)) - s0@group-E65BAAE935FD-SegmentedRaftLogWorker: Rolling segment log-68_68 to index:68
2019-09-24 17:00:03,231 INFO  statemachine.SimpleStateMachine4Testing (SimpleStateMachine4Testing.java:put(198)) - s2: put 68, 3333333333... -> (t:2, i:68), STATEMACHINELOGENTRY, client-524B73A117F1, cid=358
2019-09-24 17:00:03,232 TRACE util.FileUtils (LogUtils.java:runAndLog(61)) - Successfully ran Files.move /workdir/ratis-test/target/test/data/e0ec9561/MiniRaftClusterWithSimulatedRpce2213dd2/s0/bc16a33f-4125-4cb3-9efe-e65baae935fd/current/log_inprogress_68 to /workdir/ratis-test/target/test/data/e0ec9561/MiniRaftClusterWithSimulatedRpce2213dd2/s0/bc16a33f-4125-4cb3-9efe-e65baae935fd/current/log_68-68
2019-09-24 17:00:03,232 INFO  segmented.SegmentedRaftLogWorker (SegmentedRaftLogWorker.java:execute(526)) - s0@group-E65BAAE935FD-SegmentedRaftLogWorker: Rolled log segment from /workdir/ratis-test/target/test/data/e0ec9561/MiniRaftClusterWithSimulatedRpce2213dd2/s0/bc16a33f-4125-4cb3-9efe-e65baae935fd/current/log_inprogress_68 to /workdir/ratis-test/target/test/data/e0ec9561/MiniRaftClusterWithSimulatedRpce2213dd2/s0/bc16a33f-4125-4cb3-9efe-e65baae935fd/current/log_68-68
2019-09-24 17:00:03,232 INFO  segmented.SegmentedRaftLogWorker (SegmentedRaftLogWorker.java:rollLogSegment(385)) - s2@group-E65BAAE935FD-SegmentedRaftLogWorker: Rolling segment log-73_74 to index:74
2019-09-24 17:00:03,240 INFO  segmented.SegmentedRaftLogWorker (SegmentedRaftLogWorker.java:execute(569)) - s1@group-E65BAAE935FD-SegmentedRaftLogWorker: created new log segment /workdir/ratis-test/target/test/data/e0ec9561/MiniRaftClusterWithSimulatedRpce2213dd2/s1/bc16a33f-4125-4cb3-9efe-e65baae935fd/current/log_inprogress_68
2019-09-24 17:00:03,240 INFO  segmented.SegmentedRaftLogWorker (SegmentedRaftLogWorker.java:execute(569)) - s2@group-E65BAAE935FD-SegmentedRaftLogWorker: created new log segment /workdir/ratis-test/target/test/data/e0ec9561/MiniRaftClusterWithSimulatedRpce2213dd2/s2/bc16a33f-4125-4cb3-9efe-e65baae935fd/current/log_inprogress_69
2019-09-24 17:00:03,244 INFO  statemachine.SimpleStateMachine4Testing (SimpleStateMachine4Testing.java:put(198)) - s1: put 66, 3333333333... -> (t:2, i:66), STATEMACHINELOGENTRY, client-8CFC123A34ED, cid=357
2019-09-24 17:00:03,244 INFO  segmented.SegmentedRaftLogWorker (SegmentedRaftLogWorker.java:rollLogSegment(385)) - s1@group-E65BAAE935FD-SegmentedRaftLogWorker: Rolling segment log-68_68 to index:68
2019-09-24 17:00:03,249 TRACE util.FileUtils (LogUtils.java:runAndLog(61)) - Successfully ran Files.move /workdir/ratis-test/target/test/data/e0ec9561/MiniRaftClusterWithSimulatedRpce2213dd2/s1/bc16a33f-4125-4cb3-9efe-e65baae935fd/current/log_inprogress_68 to /workdir/ratis-test/target/test/data/e0ec9561/MiniRaftClusterWithSimulatedRpce2213dd2/s1/bc16a33f-4125-4cb3-9efe-e65baae935fd/current/log_68-68
2019-09-24 17:00:03,249 TRACE util.FileUtils (LogUtils.java:runAndLog(61)) - Successfully ran Files.move /workdir/ratis-test/target/test/data/e0ec9561/MiniRaftClusterWithSimulatedRpce2213dd2/s2/bc16a33f-4125-4cb3-9efe-e65baae935fd/current/log_inprogress_69 to /workdir/ratis-test/target/test/data/e0ec9561/MiniRaftClusterWithSimulatedRpce2213dd2/s2/bc16a33f-4125-4cb3-9efe-e65baae935fd/current/log_69-69
2019-09-24 17:00:03,249 INFO  segmented.SegmentedRaftLogWorker (SegmentedRaftLogWorker.java:execute(526)) - s1@group-E65BAAE935FD-SegmentedRaftLogWorker: Rolled log segment from /workdir/ratis-test/target/test/data/e0ec9561/MiniRaftClusterWithSimulatedRpce2213dd2/s1/bc16a33f-4125-4cb3-9efe-e65baae935fd/current/log_inprogress_68 to /workdir/ratis-test/target/test/data/e0ec9561/MiniRaftClusterWithSimulatedRpce2213dd2/s1/bc16a33f-4125-4cb3-9efe-e65baae935fd/current/log_68-68
2019-09-24 17:00:03,249 INFO  segmented.SegmentedRaftLogWorker (SegmentedRaftLogWorker.java:execute(526)) - s2@group-E65BAAE935FD-SegmentedRaftLogWorker: Rolled log segment from /workdir/ratis-test/target/test/data/e0ec9561/MiniRaftClusterWithSimulatedRpce2213dd2/s2/bc16a33f-4125-4cb3-9efe-e65baae935fd/current/log_inprogress_69 to /workdir/ratis-test/target/test/data/e0ec9561/MiniRaftClusterWithSimulatedRpce2213dd2/s2/bc16a33f-4125-4cb3-9efe-e65baae935fd/current/log_69-69
2019-09-24 17:00:03,257 INFO  segmented.SegmentedRaftLogWorker (SegmentedRaftLogWorker.java:execute(569)) - s0@group-E65BAAE935FD-SegmentedRaftLogWorker: created new log segment /workdir/ratis-test/target/test/data/e0ec9561/MiniRaftClusterWithSimulatedRpce2213dd2/s0/bc16a33f-4125-4cb3-9efe-e65baae935fd/current/log_inprogress_69
2019-09-24 17:00:03,280 INFO  statemachine.SimpleStateMachine4Testing (SimpleStateMachine4Testing.java:put(198)) - s0: put 66, 3333333333... -> (t:2, i:66), STATEMACHINELOGENTRY, client-8CFC123A34ED, cid=357
2019-09-24 17:00:03,280 INFO  segmented.SegmentedRaftLogWorker (SegmentedRaftLogWorker.java:rollLogSegment(385)) - s0@group-E65BAAE935FD-SegmentedRaftLogWorker: Rolling segment log-69_69 to index:69
2019-09-24 17:00:03,280 INFO  statemachine.SimpleStateMachine4Testing (SimpleStateMachine4Testing.java:put(198)) - s2: put 69, 3333333333... -> (t:2, i:69), STATEMACHINELOGENTRY, client-B07594A0E5F2, cid=359
2019-09-24 17:00:03,281 TRACE util.FileUtils (LogUtils.java:runAndLog(61)) - Successfully ran Files.move /workdir/ratis-test/target/test/data/e0ec9561/MiniRaftClusterWithSimulatedRpce2213dd2/s0/bc16a33f-4125-4cb3-9efe-e65baae935fd/current/log_inprogress_69 to /workdir/ratis-test/target/test/data/e0ec9561/MiniRaftClusterWithSimulatedRpce2213dd2/s0/bc16a33f-4125-4cb3-9efe-e65baae935fd/current/log_69-69
2019-09-24 17:00:03,281 INFO  segmented.SegmentedRaftLogWorker (SegmentedRaftLogWorker.java:execute(526)) - s0@group-E65BAAE935FD-SegmentedRaftLogWorker: Rolled log segment from /workdir/ratis-test/target/test/data/e0ec9561/MiniRaftClusterWithSimulatedRpce2213dd2/s0/bc16a33f-4125-4cb3-9efe-e65baae935fd/current/log_inprogress_69 to /workdir/ratis-test/target/test/data/e0ec9561/MiniRaftClusterWithSimulatedRpce2213dd2/s0/bc16a33f-4125-4cb3-9efe-e65baae935fd/current/log_69-69
2019-09-24 17:00:03,281 INFO  segmented.SegmentedRaftLogWorker (SegmentedRaftLogWorker.java:rollLogSegment(385)) - s2@group-E65BAAE935FD-SegmentedRaftLogWorker: Rolling segment log-75_76 to index:76
2019-09-24 17:00:03,282 INFO  segmented.SegmentedRaftLogWorker (SegmentedRaftLogWorker.java:execute(569)) - s2@group-E65BAAE935FD-SegmentedRaftLogWorker: created new log segment /workdir/ratis-test/target/test/data/e0ec9561/MiniRaftClusterWithSimulatedRpce2213dd2/s2/bc16a33f-4125-4cb3-9efe-e65baae935fd/current/log_inprogress_70
2019-09-24 17:00:03,282 INFO  segmented.SegmentedRaftLogWorker (SegmentedRaftLogWorker.java:execute(569)) - s1@group-E65BAAE935FD-SegmentedRaftLogWorker: created new log segment /workdir/ratis-test/target/test/data/e0ec9561/MiniRaftClusterWithSimulatedRpce2213dd2/s1/bc16a33f-4125-4cb3-9efe-e65baae935fd/current/log_inprogress_69
2019-09-24 17:00:03,289 INFO  statemachine.SimpleStateMachine4Testing (SimpleStateMachine4Testing.java:put(198)) - s1: put 68, 3333333333... -> (t:2, i:68), STATEMACHINELOGENTRY, client-524B73A117F1, cid=358
2019-09-24 17:00:03,289 INFO  segmented.SegmentedRaftLogWorker (SegmentedRaftLogWorker.java:rollLogSegment(385)) - s1@group-E65BAAE935FD-SegmentedRaftLogWorker: Rolling segment log-69_69 to index:69
2019-09-24 17:00:03,291 TRACE util.FileUtils (LogUtils.java:runAndLog(61)) - Successfully ran Files.move /workdir/ratis-test/target/test/data/e0ec9561/MiniRaftClusterWithSimulatedRpce2213dd2/s1/bc16a33f-4125-4cb3-9efe-e65baae935fd/current/log_inprogress_69 to /workdir/ratis-test/target/test/data/e0ec9561/MiniRaftClusterWithSimulatedRpce2213dd2/s1/bc16a33f-4125-4cb3-9efe-e65baae935fd/current/log_69-69
2019-09-24 17:00:03,291 TRACE util.FileUtils (LogUtils.java:runAndLog(61)) - Successfully ran Files.move /workdir/ratis-test/target/test/data/e0ec9561/MiniRaftClusterWithSimulatedRpce2213dd2/s2/bc16a33f-4125-4cb3-9efe-e65baae935fd/current/log_inprogress_70 to /workdir/ratis-test/target/test/data/e0ec9561/MiniRaftClusterWithSimulatedRpce2213dd2/s2/bc16a33f-4125-4cb3-9efe-e65baae935fd/current/log_70-71
2019-09-24 17:00:03,291 INFO  segmented.SegmentedRaftLogWorker (SegmentedRaftLogWorker.java:execute(526)) - s1@group-E65BAAE935FD-SegmentedRaftLogWorker: Rolled log segment from /workdir/ratis-test/target/test/data/e0ec9561/MiniRaftClusterWithSimulatedRpce2213dd2/s1/bc16a33f-4125-4cb3-9efe-e65baae935fd/current/log_inprogress_69 to /workdir/ratis-test/target/test/data/e0ec9561/MiniRaftClusterWithSimulatedRpce2213dd2/s1/bc16a33f-4125-4cb3-9efe-e65baae935fd/current/log_69-69
2019-09-24 17:00:03,291 INFO  segmented.SegmentedRaftLogWorker (SegmentedRaftLogWorker.java:execute(526)) - s2@group-E65BAAE935FD-SegmentedRaftLogWorker: Rolled log segment from /workdir/ratis-test/target/test/data/e0ec9561/MiniRaftClusterWithSimulatedRpce2213dd2/s2/bc16a33f-4125-4cb3-9efe-e65baae935fd/current/log_inprogress_70 to /workdir/ratis-test/target/test/data/e0ec9561/MiniRaftClusterWithSimulatedRpce2213dd2/s2/bc16a33f-4125-4cb3-9efe-e65baae935fd/current/log_70-71
2019-09-24 17:00:03,299 INFO  segmented.SegmentedRaftLogWorker (SegmentedRaftLogWorker.java:execute(569)) - s0@group-E65BAAE935FD-SegmentedRaftLogWorker: created new log segment /workdir/ratis-test/target/test/data/e0ec9561/MiniRaftClusterWithSimulatedRpce2213dd2/s0/bc16a33f-4125-4cb3-9efe-e65baae935fd/current/log_inprogress_70
2019-09-24 17:00:03,315 INFO  statemachine.SimpleStateMachine4Testing (SimpleStateMachine4Testing.java:put(198)) - s0: put 68, 3333333333... -> (t:2, i:68), STATEMACHINELOGENTRY, client-524B73A117F1, cid=358
2019-09-24 17:00:03,315 INFO  segmented.SegmentedRaftLogWorker (SegmentedRaftLogWorker.java:rollLogSegment(385)) - s0@group-E65BAAE935FD-SegmentedRaftLogWorker: Rolling segment log-70_71 to index:71
2019-09-24 17:00:03,315 INFO  statemachine.SimpleStateMachine4Testing (SimpleStateMachine4Testing.java:put(198)) - s2: put 70, 4444444444... -> (t:2, i:70), STATEMACHINELOGENTRY, client-B6F390E87052, cid=360
2019-09-24 17:00:03,315 TRACE util.FileUtils (LogUtils.java:runAndLog(61)) - Successfully ran Files.move /workdir/ratis-test/target/test/data/e0ec9561/MiniRaftClusterWithSimulatedRpce2213dd2/s0/bc16a33f-4125-4cb3-9efe-e65baae935fd/current/log_inprogress_70 to /workdir/ratis-test/target/test/data/e0ec9561/MiniRaftClusterWithSimulatedRpce2213dd2/s0/bc16a33f-4125-4cb3-9efe-e65baae935fd/current/log_70-71
2019-09-24 17:00:03,316 INFO  segmented.SegmentedRaftLogWorker (SegmentedRaftLogWorker.java:execute(526)) - s0@group-E65BAAE935FD-SegmentedRaftLogWorker: Rolled log segment from /workdir/ratis-test/target/test/data/e0ec9561/MiniRaftClusterWithSimulatedRpce2213dd2/s0/bc16a33f-4125-4cb3-9efe-e65baae935fd/current/log_inprogress_70 to /workdir/ratis-test/target/test/data/e0ec9561/MiniRaftClusterWithSimulatedRpce2213dd2/s0/bc16a33f-4125-4cb3-9efe-e65baae935fd/current/log_70-71
2019-09-24 17:00:03,316 INFO  segmented.SegmentedRaftLogWorker (SegmentedRaftLogWorker.java:rollLogSegment(385)) - s2@group-E65BAAE935FD-SegmentedRaftLogWorker: Rolling segment log-77_77 to index:77
2019-09-24 17:00:03,316 INFO  segmented.SegmentedRaftLogWorker (SegmentedRaftLogWorker.java:execute(569)) - s1@group-E65BAAE935FD-SegmentedRaftLogWorker: created new log segment /workdir/ratis-test/target/test/data/e0ec9561/MiniRaftClusterWithSimulatedRpce2213dd2/s1/bc16a33f-4125-4cb3-9efe-e65baae935fd/current/log_inprogress_70
2019-09-24 17:00:03,316 INFO  segmented.SegmentedRaftLogWorker (SegmentedRaftLogWorker.java:execute(569)) - s2@group-E65BAAE935FD-SegmentedRaftLogWorker: created new log segment /workdir/ratis-test/target/test/data/e0ec9561/MiniRaftClusterWithSimulatedRpce2213dd2/s2/bc16a33f-4125-4cb3-9efe-e65baae935fd/current/log_inprogress_72
2019-09-24 17:00:03,326 INFO  statemachine.SimpleStateMachine4Testing (SimpleStateMachine4Testing.java:put(198)) - s1: put 69, 3333333333... -> (t:2, i:69), STATEMACHINELOGENTRY, client-B07594A0E5F2, cid=359
2019-09-24 17:00:03,326 INFO  segmented.SegmentedRaftLogWorker (SegmentedRaftLogWorker.java:rollLogSegment(385)) - s1@group-E65BAAE935FD-SegmentedRaftLogWorker: Rolling segment log-70_71 to index:71
2019-09-24 17:00:03,333 TRACE util.FileUtils (LogUtils.java:runAndLog(61)) - Successfully ran Files.move /workdir/ratis-test/target/test/data/e0ec9561/MiniRaftClusterWithSimulatedRpce2213dd2/s1/bc16a33f-4125-4cb3-9efe-e65baae935fd/current/log_inprogress_70 to /workdir/ratis-test/target/test/data/e0ec9561/MiniRaftClusterWithSimulatedRpce2213dd2/s1/bc16a33f-4125-4cb3-9efe-e65baae935fd/current/log_70-71
2019-09-24 17:00:03,333 TRACE util.FileUtils (LogUtils.java:runAndLog(61)) - Successfully ran Files.move /workdir/ratis-test/target/test/data/e0ec9561/MiniRaftClusterWithSimulatedRpce2213dd2/s2/bc16a33f-4125-4cb3-9efe-e65baae935fd/current/log_inprogress_72 to /workdir/ratis-test/target/test/data/e0ec9561/MiniRaftClusterWithSimulatedRpce2213dd2/s2/bc16a33f-4125-4cb3-9efe-e65baae935fd/current/log_72-72
2019-09-24 17:00:03,333 INFO  segmented.SegmentedRaftLogWorker (SegmentedRaftLogWorker.java:execute(526)) - s1@group-E65BAAE935FD-SegmentedRaftLogWorker: Rolled log segment from /workdir/ratis-test/target/test/data/e0ec9561/MiniRaftClusterWithSimulatedRpce2213dd2/s1/bc16a33f-4125-4cb3-9efe-e65baae935fd/current/log_inprogress_70 to /workdir/ratis-test/target/test/data/e0ec9561/MiniRaftClusterWithSimulatedRpce2213dd2/s1/bc16a33f-4125-4cb3-9efe-e65baae935fd/current/log_70-71
2019-09-24 17:00:03,334 INFO  segmented.SegmentedRaftLogWorker (SegmentedRaftLogWorker.java:execute(526)) - s2@group-E65BAAE935FD-SegmentedRaftLogWorker: Rolled log segment from /workdir/ratis-test/target/test/data/e0ec9561/MiniRaftClusterWithSimulatedRpce2213dd2/s2/bc16a33f-4125-4cb3-9efe-e65baae935fd/current/log_inprogress_72 to /workdir/ratis-test/target/test/data/e0ec9561/MiniRaftClusterWithSimulatedRpce2213dd2/s2/bc16a33f-4125-4cb3-9efe-e65baae935fd/current/log_72-72
2019-09-24 17:00:03,341 INFO  segmented.SegmentedRaftLogWorker (SegmentedRaftLogWorker.java:execute(569)) - s0@group-E65BAAE935FD-SegmentedRaftLogWorker: created new log segment /workdir/ratis-test/target/test/data/e0ec9561/MiniRaftClusterWithSimulatedRpce2213dd2/s0/bc16a33f-4125-4cb3-9efe-e65baae935fd/current/log_inprogress_72
2019-09-24 17:00:03,357 INFO  statemachine.SimpleStateMachine4Testing (SimpleStateMachine4Testing.java:put(198)) - s0: put 69, 3333333333... -> (t:2, i:69), STATEMACHINELOGENTRY, client-B07594A0E5F2, cid=359
2019-09-24 17:00:03,357 INFO  statemachine.SimpleStateMachine4Testing (SimpleStateMachine4Testing.java:put(198)) - s2: put 72, 4444444444... -> (t:2, i:72), STATEMACHINELOGENTRY, client-44073FEAA4C6, cid=361
2019-09-24 17:00:03,357 INFO  segmented.SegmentedRaftLogWorker (SegmentedRaftLogWorker.java:rollLogSegment(385)) - s0@group-E65BAAE935FD-SegmentedRaftLogWorker: Rolling segment log-72_72 to index:72
2019-09-24 17:00:03,357 TRACE util.FileUtils (LogUtils.java:runAndLog(61)) - Successfully ran Files.move /workdir/ratis-test/target/test/data/e0ec9561/MiniRaftClusterWithSimulatedRpce2213dd2/s0/bc16a33f-4125-4cb3-9efe-e65baae935fd/current/log_inprogress_72 to /workdir/ratis-test/target/test/data/e0ec9561/MiniRaftClusterWithSimulatedRpce2213dd2/s0/bc16a33f-4125-4cb3-9efe-e65baae935fd/current/log_72-72
2019-09-24 17:00:03,358 INFO  segmented.SegmentedRaftLogWorker (SegmentedRaftLogWorker.java:rollLogSegment(385)) - s2@group-E65BAAE935FD-SegmentedRaftLogWorker: Rolling segment log-78_79 to index:79
2019-09-24 17:00:03,358 INFO  segmented.SegmentedRaftLogWorker (SegmentedRaftLogWorker.java:execute(526)) - s0@group-E65BAAE935FD-SegmentedRaftLogWorker: Rolled log segment from /workdir/ratis-test/target/test/data/e0ec9561/MiniRaftClusterWithSimulatedRpce2213dd2/s0/bc16a33f-4125-4cb3-9efe-e65baae935fd/current/log_inprogress_72 to /workdir/ratis-test/target/test/data/e0ec9561/MiniRaftClusterWithSimulatedRpce2213dd2/s0/bc16a33f-4125-4cb3-9efe-e65baae935fd/current/log_72-72
2019-09-24 17:00:03,358 INFO  segmented.SegmentedRaftLogWorker (SegmentedRaftLogWorker.java:execute(569)) - s1@group-E65BAAE935FD-SegmentedRaftLogWorker: created new log segment /workdir/ratis-test/target/test/data/e0ec9561/MiniRaftClusterWithSimulatedRpce2213dd2/s1/bc16a33f-4125-4cb3-9efe-e65baae935fd/current/log_inprogress_72
2019-09-24 17:00:03,358 INFO  segmented.SegmentedRaftLogWorker (SegmentedRaftLogWorker.java:execute(569)) - s2@group-E65BAAE935FD-SegmentedRaftLogWorker: created new log segment /workdir/ratis-test/target/test/data/e0ec9561/MiniRaftClusterWithSimulatedRpce2213dd2/s2/bc16a33f-4125-4cb3-9efe-e65baae935fd/current/log_inprogress_73
2019-09-24 17:00:03,364 INFO  statemachine.SimpleStateMachine4Testing (SimpleStateMachine4Testing.java:put(198)) - s1: put 70, 4444444444... -> (t:2, i:70), STATEMACHINELOGENTRY, client-B6F390E87052, cid=360
2019-09-24 17:00:03,364 INFO  segmented.SegmentedRaftLogWorker (SegmentedRaftLogWorker.java:rollLogSegment(385)) - s1@group-E65BAAE935FD-SegmentedRaftLogWorker: Rolling segment log-72_72 to index:72
2019-09-24 17:00:03,367 TRACE util.FileUtils (LogUtils.java:runAndLog(61)) - Successfully ran Files.move /workdir/ratis-test/target/test/data/e0ec9561/MiniRaftClusterWithSimulatedRpce2213dd2/s1/bc16a33f-4125-4cb3-9efe-e65baae935fd/current/log_inprogress_72 to /workdir/ratis-test/target/test/data/e0ec9561/MiniRaftClusterWithSimulatedRpce2213dd2/s1/bc16a33f-4125-4cb3-9efe-e65baae935fd/current/log_72-72
2019-09-24 17:00:03,367 INFO  segmented.SegmentedRaftLogWorker (SegmentedRaftLogWorker.java:execute(526)) - s1@group-E65BAAE935FD-SegmentedRaftLogWorker: Rolled log segment from /workdir/ratis-test/target/test/data/e0ec9561/MiniRaftClusterWithSimulatedRpce2213dd2/s1/bc16a33f-4125-4cb3-9efe-e65baae935fd/current/log_inprogress_72 to /workdir/ratis-test/target/test/data/e0ec9561/MiniRaftClusterWithSimulatedRpce2213dd2/s1/bc16a33f-4125-4cb3-9efe-e65baae935fd/current/log_72-72
2019-09-24 17:00:03,367 TRACE util.FileUtils (LogUtils.java:runAndLog(61)) - Successfully ran Files.move /workdir/ratis-test/target/test/data/e0ec9561/MiniRaftClusterWithSimulatedRpce2213dd2/s2/bc16a33f-4125-4cb3-9efe-e65baae935fd/current/log_inprogress_73 to /workdir/ratis-test/target/test/data/e0ec9561/MiniRaftClusterWithSimulatedRpce2213dd2/s2/bc16a33f-4125-4cb3-9efe-e65baae935fd/current/log_73-74
2019-09-24 17:00:03,368 INFO  segmented.SegmentedRaftLogWorker (SegmentedRaftLogWorker.java:execute(526)) - s2@group-E65BAAE935FD-SegmentedRaftLogWorker: Rolled log segment from /workdir/ratis-test/target/test/data/e0ec9561/MiniRaftClusterWithSimulatedRpce2213dd2/s2/bc16a33f-4125-4cb3-9efe-e65baae935fd/current/log_inprogress_73 to /workdir/ratis-test/target/test/data/e0ec9561/MiniRaftClusterWithSimulatedRpce2213dd2/s2/bc16a33f-4125-4cb3-9efe-e65baae935fd/current/log_73-74
2019-09-24 17:00:03,375 INFO  segmented.SegmentedRaftLogWorker (SegmentedRaftLogWorker.java:execute(569)) - s0@group-E65BAAE935FD-SegmentedRaftLogWorker: created new log segment /workdir/ratis-test/target/test/data/e0ec9561/MiniRaftClusterWithSimulatedRpce2213dd2/s0/bc16a33f-4125-4cb3-9efe-e65baae935fd/current/log_inprogress_73
2019-09-24 17:00:03,387 INFO  statemachine.SimpleStateMachine4Testing (SimpleStateMachine4Testing.java:put(198)) - s0: put 70, 4444444444... -> (t:2, i:70), STATEMACHINELOGENTRY, client-B6F390E87052, cid=360
2019-09-24 17:00:03,387 INFO  statemachine.SimpleStateMachine4Testing (SimpleStateMachine4Testing.java:put(198)) - s2: put 73, 4444444444... -> (t:2, i:73), STATEMACHINELOGENTRY, client-8CFC123A34ED, cid=362
2019-09-24 17:00:03,387 INFO  segmented.SegmentedRaftLogWorker (SegmentedRaftLogWorker.java:rollLogSegment(385)) - s0@group-E65BAAE935FD-SegmentedRaftLogWorker: Rolling segment log-73_74 to index:74
2019-09-24 17:00:03,388 INFO  statemachine.SimpleStateMachine4Testing (SimpleStateMachine4Testing.java:put(198)) - s0: put 72, 4444444444... -> (t:2, i:72), STATEMACHINELOGENTRY, client-44073FEAA4C6, cid=361
2019-09-24 17:00:03,388 INFO  segmented.SegmentedRaftLogWorker (SegmentedRaftLogWorker.java:rollLogSegment(385)) - s2@group-E65BAAE935FD-SegmentedRaftLogWorker: Rolling segment log-80_80 to index:80
2019-09-24 17:00:03,388 TRACE util.FileUtils (LogUtils.java:runAndLog(61)) - Successfully ran Files.move /workdir/ratis-test/target/test/data/e0ec9561/MiniRaftClusterWithSimulatedRpce2213dd2/s0/bc16a33f-4125-4cb3-9efe-e65baae935fd/current/log_inprogress_73 to /workdir/ratis-test/target/test/data/e0ec9561/MiniRaftClusterWithSimulatedRpce2213dd2/s0/bc16a33f-4125-4cb3-9efe-e65baae935fd/current/log_73-74
2019-09-24 17:00:03,388 INFO  segmented.SegmentedRaftLogWorker (SegmentedRaftLogWorker.java:execute(526)) - s0@group-E65BAAE935FD-SegmentedRaftLogWorker: Rolled log segment from /workdir/ratis-test/target/test/data/e0ec9561/MiniRaftClusterWithSimulatedRpce2213dd2/s0/bc16a33f-4125-4cb3-9efe-e65baae935fd/current/log_inprogress_73 to /workdir/ratis-test/target/test/data/e0ec9561/MiniRaftClusterWithSimulatedRpce2213dd2/s0/bc16a33f-4125-4cb3-9efe-e65baae935fd/current/log_73-74
2019-09-24 17:00:03,393 INFO  segmented.SegmentedRaftLogWorker (SegmentedRaftLogWorker.java:execute(569)) - s1@group-E65BAAE935FD-SegmentedRaftLogWorker: created new log segment /workdir/ratis-test/target/test/data/e0ec9561/MiniRaftClusterWithSimulatedRpce2213dd2/s1/bc16a33f-4125-4cb3-9efe-e65baae935fd/current/log_inprogress_73
2019-09-24 17:00:03,393 INFO  segmented.SegmentedRaftLogWorker (SegmentedRaftLogWorker.java:execute(569)) - s2@group-E65BAAE935FD-SegmentedRaftLogWorker: created new log segment /workdir/ratis-test/target/test/data/e0ec9561/MiniRaftClusterWithSimulatedRpce2213dd2/s2/bc16a33f-4125-4cb3-9efe-e65baae935fd/current/log_inprogress_75
2019-09-24 17:00:03,407 INFO  statemachine.SimpleStateMachine4Testing (SimpleStateMachine4Testing.java:put(198)) - s1: put 72, 4444444444... -> (t:2, i:72), STATEMACHINELOGENTRY, client-44073FEAA4C6, cid=361
2019-09-24 17:00:03,408 TRACE util.FileUtils (LogUtils.java:runAndLog(61)) - Successfully ran Files.move /workdir/ratis-test/target/test/data/e0ec9561/MiniRaftClusterWithSimulatedRpce2213dd2/s2/bc16a33f-4125-4cb3-9efe-e65baae935fd/current/log_inprogress_75 to /workdir/ratis-test/target/test/data/e0ec9561/MiniRaftClusterWithSimulatedRpce2213dd2/s2/bc16a33f-4125-4cb3-9efe-e65baae935fd/current/log_75-76
2019-09-24 17:00:03,408 INFO  segmented.SegmentedRaftLogWorker (SegmentedRaftLogWorker.java:rollLogSegment(385)) - s1@group-E65BAAE935FD-SegmentedRaftLogWorker: Rolling segment log-73_74 to index:74
2019-09-24 17:00:03,408 INFO  segmented.SegmentedRaftLogWorker (SegmentedRaftLogWorker.java:execute(526)) - s2@group-E65BAAE935FD-SegmentedRaftLogWorker: Rolled log segment from /workdir/ratis-test/target/test/data/e0ec9561/MiniRaftClusterWithSimulatedRpce2213dd2/s2/bc16a33f-4125-4cb3-9efe-e65baae935fd/current/log_inprogress_75 to /workdir/ratis-test/target/test/data/e0ec9561/MiniRaftClusterWithSimulatedRpce2213dd2/s2/bc16a33f-4125-4cb3-9efe-e65baae935fd/current/log_75-76
2019-09-24 17:00:03,408 TRACE util.FileUtils (LogUtils.java:runAndLog(61)) - Successfully ran Files.move /workdir/ratis-test/target/test/data/e0ec9561/MiniRaftClusterWithSimulatedRpce2213dd2/s1/bc16a33f-4125-4cb3-9efe-e65baae935fd/current/log_inprogress_73 to /workdir/ratis-test/target/test/data/e0ec9561/MiniRaftClusterWithSimulatedRpce2213dd2/s1/bc16a33f-4125-4cb3-9efe-e65baae935fd/current/log_73-74
2019-09-24 17:00:03,409 INFO  segmented.SegmentedRaftLogWorker (SegmentedRaftLogWorker.java:execute(526)) - s1@group-E65BAAE935FD-SegmentedRaftLogWorker: Rolled log segment from /workdir/ratis-test/target/test/data/e0ec9561/MiniRaftClusterWithSimulatedRpce2213dd2/s1/bc16a33f-4125-4cb3-9efe-e65baae935fd/current/log_inprogress_73 to /workdir/ratis-test/target/test/data/e0ec9561/MiniRaftClusterWithSimulatedRpce2213dd2/s1/bc16a33f-4125-4cb3-9efe-e65baae935fd/current/log_73-74
2019-09-24 17:00:03,410 INFO  segmented.SegmentedRaftLogWorker (SegmentedRaftLogWorker.java:execute(569)) - s0@group-E65BAAE935FD-SegmentedRaftLogWorker: created new log segment /workdir/ratis-test/target/test/data/e0ec9561/MiniRaftClusterWithSimulatedRpce2213dd2/s0/bc16a33f-4125-4cb3-9efe-e65baae935fd/current/log_inprogress_75
2019-09-24 17:00:03,415 INFO  statemachine.SimpleStateMachine4Testing (SimpleStateMachine4Testing.java:put(198)) - s2: put 75, 4444444444... -> (t:2, i:75), STATEMACHINELOGENTRY, client-524B73A117F1, cid=363
2019-09-24 17:00:03,415 INFO  segmented.SegmentedRaftLogWorker (SegmentedRaftLogWorker.java:rollLogSegment(385)) - s0@group-E65BAAE935FD-SegmentedRaftLogWorker: Rolling segment log-75_76 to index:76
2019-09-24 17:00:03,416 INFO  segmented.SegmentedRaftLogWorker (SegmentedRaftLogWorker.java:rollLogSegment(385)) - s2@group-E65BAAE935FD-SegmentedRaftLogWorker: Rolling segment log-81_81 to index:81
2019-09-24 17:00:03,419 TRACE util.FileUtils (LogUtils.java:runAndLog(61)) - Successfully ran Files.move /workdir/ratis-test/target/test/data/e0ec9561/MiniRaftClusterWithSimulatedRpce2213dd2/s0/bc16a33f-4125-4cb3-9efe-e65baae935fd/current/log_inprogress_75 to /workdir/ratis-test/target/test/data/e0ec9561/MiniRaftClusterWithSimulatedRpce2213dd2/s0/bc16a33f-4125-4cb3-9efe-e65baae935fd/current/log_75-76
2019-09-24 17:00:03,419 INFO  segmented.SegmentedRaftLogWorker (SegmentedRaftLogWorker.java:execute(526)) - s0@group-E65BAAE935FD-SegmentedRaftLogWorker: Rolled log segment from /workdir/ratis-test/target/test/data/e0ec9561/MiniRaftClusterWithSimulatedRpce2213dd2/s0/bc16a33f-4125-4cb3-9efe-e65baae935fd/current/log_inprogress_75 to /workdir/ratis-test/target/test/data/e0ec9561/MiniRaftClusterWithSimulatedRpce2213dd2/s0/bc16a33f-4125-4cb3-9efe-e65baae935fd/current/log_75-76
2019-09-24 17:00:03,427 INFO  segmented.SegmentedRaftLogWorker (SegmentedRaftLogWorker.java:execute(569)) - s2@group-E65BAAE935FD-SegmentedRaftLogWorker: created new log segment /workdir/ratis-test/target/test/data/e0ec9561/MiniRaftClusterWithSimulatedRpce2213dd2/s2/bc16a33f-4125-4cb3-9efe-e65baae935fd/current/log_inprogress_77
2019-09-24 17:00:03,427 INFO  segmented.SegmentedRaftLogWorker (SegmentedRaftLogWorker.java:execute(569)) - s1@group-E65BAAE935FD-SegmentedRaftLogWorker: created new log segment /workdir/ratis-test/target/test/data/e0ec9561/MiniRaftClusterWithSimulatedRpce2213dd2/s1/bc16a33f-4125-4cb3-9efe-e65baae935fd/current/log_inprogress_75
2019-09-24 17:00:03,438 TRACE util.FileUtils (LogUtils.java:runAndLog(61)) - Successfully ran Files.move /workdir/ratis-test/target/test/data/e0ec9561/MiniRaftClusterWithSimulatedRpce2213dd2/s2/bc16a33f-4125-4cb3-9efe-e65baae935fd/current/log_inprogress_77 to /workdir/ratis-test/target/test/data/e0ec9561/MiniRaftClusterWithSimulatedRpce2213dd2/s2/bc16a33f-4125-4cb3-9efe-e65baae935fd/current/log_77-77
2019-09-24 17:00:03,438 INFO  segmented.SegmentedRaftLogWorker (SegmentedRaftLogWorker.java:execute(526)) - s2@group-E65BAAE935FD-SegmentedRaftLogWorker: Rolled log segment from /workdir/ratis-test/target/test/data/e0ec9561/MiniRaftClusterWithSimulatedRpce2213dd2/s2/bc16a33f-4125-4cb3-9efe-e65baae935fd/current/log_inprogress_77 to /workdir/ratis-test/target/test/data/e0ec9561/MiniRaftClusterWithSimulatedRpce2213dd2/s2/bc16a33f-4125-4cb3-9efe-e65baae935fd/current/log_77-77
2019-09-24 17:00:03,438 INFO  statemachine.SimpleStateMachine4Testing (SimpleStateMachine4Testing.java:put(198)) - s1: put 73, 4444444444... -> (t:2, i:73), STATEMACHINELOGENTRY, client-8CFC123A34ED, cid=362
2019-09-24 17:00:03,438 INFO  segmented.SegmentedRaftLogWorker (SegmentedRaftLogWorker.java:rollLogSegment(385)) - s1@group-E65BAAE935FD-SegmentedRaftLogWorker: Rolling segment log-75_76 to index:76
2019-09-24 17:00:03,439 TRACE util.FileUtils (LogUtils.java:runAndLog(61)) - Successfully ran Files.move /workdir/ratis-test/target/test/data/e0ec9561/MiniRaftClusterWithSimulatedRpce2213dd2/s1/bc16a33f-4125-4cb3-9efe-e65baae935fd/current/log_inprogress_75 to /workdir/ratis-test/target/test/data/e0ec9561/MiniRaftClusterWithSimulatedRpce2213dd2/s1/bc16a33f-4125-4cb3-9efe-e65baae935fd/current/log_75-76
2019-09-24 17:00:03,439 INFO  segmented.SegmentedRaftLogWorker (SegmentedRaftLogWorker.java:execute(526)) - s1@group-E65BAAE935FD-SegmentedRaftLogWorker: Rolled log segment from /workdir/ratis-test/target/test/data/e0ec9561/MiniRaftClusterWithSimulatedRpce2213dd2/s1/bc16a33f-4125-4cb3-9efe-e65baae935fd/current/log_inprogress_75 to /workdir/ratis-test/target/test/data/e0ec9561/MiniRaftClusterWithSimulatedRpce2213dd2/s1/bc16a33f-4125-4cb3-9efe-e65baae935fd/current/log_75-76
2019-09-24 17:00:03,444 INFO  segmented.SegmentedRaftLogWorker (SegmentedRaftLogWorker.java:execute(569)) - s0@group-E65BAAE935FD-SegmentedRaftLogWorker: created new log segment /workdir/ratis-test/target/test/data/e0ec9561/MiniRaftClusterWithSimulatedRpce2213dd2/s0/bc16a33f-4125-4cb3-9efe-e65baae935fd/current/log_inprogress_77
2019-09-24 17:00:03,448 INFO  statemachine.SimpleStateMachine4Testing (SimpleStateMachine4Testing.java:put(198)) - s0: put 73, 4444444444... -> (t:2, i:73), STATEMACHINELOGENTRY, client-8CFC123A34ED, cid=362
2019-09-24 17:00:03,449 INFO  statemachine.SimpleStateMachine4Testing (SimpleStateMachine4Testing.java:put(198)) - s2: put 77, 4444444444... -> (t:2, i:77), STATEMACHINELOGENTRY, client-B07594A0E5F2, cid=364
2019-09-24 17:00:03,449 INFO  segmented.SegmentedRaftLogWorker (SegmentedRaftLogWorker.java:rollLogSegment(385)) - s0@group-E65BAAE935FD-SegmentedRaftLogWorker: Rolling segment log-77_77 to index:77
2019-09-24 17:00:03,449 INFO  segmented.SegmentedRaftLogWorker (SegmentedRaftLogWorker.java:rollLogSegment(385)) - s2@group-E65BAAE935FD-SegmentedRaftLogWorker: Rolling segment log-82_83 to index:83
2019-09-24 17:00:03,453 TRACE util.FileUtils (LogUtils.java:runAndLog(61)) - Successfully ran Files.move /workdir/ratis-test/target/test/data/e0ec9561/MiniRaftClusterWithSimulatedRpce2213dd2/s0/bc16a33f-4125-4cb3-9efe-e65baae935fd/current/log_inprogress_77 to /workdir/ratis-test/target/test/data/e0ec9561/MiniRaftClusterWithSimulatedRpce2213dd2/s0/bc16a33f-4125-4cb3-9efe-e65baae935fd/current/log_77-77
2019-09-24 17:00:03,453 INFO  segmented.SegmentedRaftLogWorker (SegmentedRaftLogWorker.java:execute(526)) - s0@group-E65BAAE935FD-SegmentedRaftLogWorker: Rolled log segment from /workdir/ratis-test/target/test/data/e0ec9561/MiniRaftClusterWithSimulatedRpce2213dd2/s0/bc16a33f-4125-4cb3-9efe-e65baae935fd/current/log_inprogress_77 to /workdir/ratis-test/target/test/data/e0ec9561/MiniRaftClusterWithSimulatedRpce2213dd2/s0/bc16a33f-4125-4cb3-9efe-e65baae935fd/current/log_77-77
2019-09-24 17:00:03,461 INFO  segmented.SegmentedRaftLogWorker (SegmentedRaftLogWorker.java:execute(569)) - s1@group-E65BAAE935FD-SegmentedRaftLogWorker: created new log segment /workdir/ratis-test/target/test/data/e0ec9561/MiniRaftClusterWithSimulatedRpce2213dd2/s1/bc16a33f-4125-4cb3-9efe-e65baae935fd/current/log_inprogress_77
2019-09-24 17:00:03,461 INFO  segmented.SegmentedRaftLogWorker (SegmentedRaftLogWorker.java:execute(569)) - s2@group-E65BAAE935FD-SegmentedRaftLogWorker: created new log segment /workdir/ratis-test/target/test/data/e0ec9561/MiniRaftClusterWithSimulatedRpce2213dd2/s2/bc16a33f-4125-4cb3-9efe-e65baae935fd/current/log_inprogress_78
2019-09-24 17:00:03,476 INFO  statemachine.SimpleStateMachine4Testing (SimpleStateMachine4Testing.java:put(198)) - s1: put 75, 4444444444... -> (t:2, i:75), STATEMACHINELOGENTRY, client-524B73A117F1, cid=363
2019-09-24 17:00:03,476 INFO  segmented.SegmentedRaftLogWorker (SegmentedRaftLogWorker.java:rollLogSegment(385)) - s1@group-E65BAAE935FD-SegmentedRaftLogWorker: Rolling segment log-77_77 to index:77
2019-09-24 17:00:03,477 TRACE util.FileUtils (LogUtils.java:runAndLog(61)) - Successfully ran Files.move /workdir/ratis-test/target/test/data/e0ec9561/MiniRaftClusterWithSimulatedRpce2213dd2/s2/bc16a33f-4125-4cb3-9efe-e65baae935fd/current/log_inprogress_78 to /workdir/ratis-test/target/test/data/e0ec9561/MiniRaftClusterWithSimulatedRpce2213dd2/s2/bc16a33f-4125-4cb3-9efe-e65baae935fd/current/log_78-79
2019-09-24 17:00:03,477 INFO  segmented.SegmentedRaftLogWorker (SegmentedRaftLogWorker.java:execute(526)) - s2@group-E65BAAE935FD-SegmentedRaftLogWorker: Rolled log segment from /workdir/ratis-test/target/test/data/e0ec9561/MiniRaftClusterWithSimulatedRpce2213dd2/s2/bc16a33f-4125-4cb3-9efe-e65baae935fd/current/log_inprogress_78 to /workdir/ratis-test/target/test/data/e0ec9561/MiniRaftClusterWithSimulatedRpce2213dd2/s2/bc16a33f-4125-4cb3-9efe-e65baae935fd/current/log_78-79
2019-09-24 17:00:03,477 TRACE util.FileUtils (LogUtils.java:runAndLog(61)) - Successfully ran Files.move /workdir/ratis-test/target/test/data/e0ec9561/MiniRaftClusterWithSimulatedRpce2213dd2/s1/bc16a33f-4125-4cb3-9efe-e65baae935fd/current/log_inprogress_77 to /workdir/ratis-test/target/test/data/e0ec9561/MiniRaftClusterWithSimulatedRpce2213dd2/s1/bc16a33f-4125-4cb3-9efe-e65baae935fd/current/log_77-77
2019-09-24 17:00:03,477 INFO  segmented.SegmentedRaftLogWorker (SegmentedRaftLogWorker.java:execute(526)) - s1@group-E65BAAE935FD-SegmentedRaftLogWorker: Rolled log segment from /workdir/ratis-test/target/test/data/e0ec9561/MiniRaftClusterWithSimulatedRpce2213dd2/s1/bc16a33f-4125-4cb3-9efe-e65baae935fd/current/log_inprogress_77 to /workdir/ratis-test/target/test/data/e0ec9561/MiniRaftClusterWithSimulatedRpce2213dd2/s1/bc16a33f-4125-4cb3-9efe-e65baae935fd/current/log_77-77
2019-09-24 17:00:03,478 INFO  segmented.SegmentedRaftLogWorker (SegmentedRaftLogWorker.java:execute(569)) - s0@group-E65BAAE935FD-SegmentedRaftLogWorker: created new log segment /workdir/ratis-test/target/test/data/e0ec9561/MiniRaftClusterWithSimulatedRpce2213dd2/s0/bc16a33f-4125-4cb3-9efe-e65baae935fd/current/log_inprogress_78
2019-09-24 17:00:03,487 INFO  statemachine.SimpleStateMachine4Testing (SimpleStateMachine4Testing.java:put(198)) - s0: put 75, 4444444444... -> (t:2, i:75), STATEMACHINELOGENTRY, client-524B73A117F1, cid=363
2019-09-24 17:00:03,487 INFO  segmented.SegmentedRaftLogWorker (SegmentedRaftLogWorker.java:rollLogSegment(385)) - s0@group-E65BAAE935FD-SegmentedRaftLogWorker: Rolling segment log-78_79 to index:79
2019-09-24 17:00:03,487 INFO  statemachine.SimpleStateMachine4Testing (SimpleStateMachine4Testing.java:put(198)) - s2: put 78, 5555555555... -> (t:2, i:78), STATEMACHINELOGENTRY, client-B6F390E87052, cid=365
2019-09-24 17:00:03,487 TRACE util.FileUtils (LogUtils.java:runAndLog(61)) - Successfully ran Files.move /workdir/ratis-test/target/test/data/e0ec9561/MiniRaftClusterWithSimulatedRpce2213dd2/s0/bc16a33f-4125-4cb3-9efe-e65baae935fd/current/log_inprogress_78 to /workdir/ratis-test/target/test/data/e0ec9561/MiniRaftClusterWithSimulatedRpce2213dd2/s0/bc16a33f-4125-4cb3-9efe-e65baae935fd/current/log_78-79
2019-09-24 17:00:03,488 INFO  segmented.SegmentedRaftLogWorker (SegmentedRaftLogWorker.java:execute(526)) - s0@group-E65BAAE935FD-SegmentedRaftLogWorker: Rolled log segment from /workdir/ratis-test/target/test/data/e0ec9561/MiniRaftClusterWithSimulatedRpce2213dd2/s0/bc16a33f-4125-4cb3-9efe-e65baae935fd/current/log_inprogress_78 to /workdir/ratis-test/target/test/data/e0ec9561/MiniRaftClusterWithSimulatedRpce2213dd2/s0/bc16a33f-4125-4cb3-9efe-e65baae935fd/current/log_78-79
2019-09-24 17:00:03,495 INFO  segmented.SegmentedRaftLogWorker (SegmentedRaftLogWorker.java:execute(569)) - s1@group-E65BAAE935FD-SegmentedRaftLogWorker: created new log segment /workdir/ratis-test/target/test/data/e0ec9561/MiniRaftClusterWithSimulatedRpce2213dd2/s1/bc16a33f-4125-4cb3-9efe-e65baae935fd/current/log_inprogress_78
2019-09-24 17:00:03,495 INFO  segmented.SegmentedRaftLogWorker (SegmentedRaftLogWorker.java:execute(569)) - s2@group-E65BAAE935FD-SegmentedRaftLogWorker: created new log segment /workdir/ratis-test/target/test/data/e0ec9561/MiniRaftClusterWithSimulatedRpce2213dd2/s2/bc16a33f-4125-4cb3-9efe-e65baae935fd/current/log_inprogress_80
2019-09-24 17:00:03,509 INFO  statemachine.SimpleStateMachine4Testing (SimpleStateMachine4Testing.java:put(198)) - s1: put 77, 4444444444... -> (t:2, i:77), STATEMACHINELOGENTRY, client-B07594A0E5F2, cid=364
2019-09-24 17:00:03,509 INFO  segmented.SegmentedRaftLogWorker (SegmentedRaftLogWorker.java:rollLogSegment(385)) - s1@group-E65BAAE935FD-SegmentedRaftLogWorker: Rolling segment log-78_79 to index:79
2019-09-24 17:00:03,513 TRACE util.FileUtils (LogUtils.java:runAndLog(61)) - Successfully ran Files.move /workdir/ratis-test/target/test/data/e0ec9561/MiniRaftClusterWithSimulatedRpce2213dd2/s2/bc16a33f-4125-4cb3-9efe-e65baae935fd/current/log_inprogress_80 to /workdir/ratis-test/target/test/data/e0ec9561/MiniRaftClusterWithSimulatedRpce2213dd2/s2/bc16a33f-4125-4cb3-9efe-e65baae935fd/current/log_80-80
2019-09-24 17:00:03,513 TRACE util.FileUtils (LogUtils.java:runAndLog(61)) - Successfully ran Files.move /workdir/ratis-test/target/test/data/e0ec9561/MiniRaftClusterWithSimulatedRpce2213dd2/s1/bc16a33f-4125-4cb3-9efe-e65baae935fd/current/log_inprogress_78 to /workdir/ratis-test/target/test/data/e0ec9561/MiniRaftClusterWithSimulatedRpce2213dd2/s1/bc16a33f-4125-4cb3-9efe-e65baae935fd/current/log_78-79
2019-09-24 17:00:03,513 INFO  segmented.SegmentedRaftLogWorker (SegmentedRaftLogWorker.java:execute(526)) - s2@group-E65BAAE935FD-SegmentedRaftLogWorker: Rolled log segment from /workdir/ratis-test/target/test/data/e0ec9561/MiniRaftClusterWithSimulatedRpce2213dd2/s2/bc16a33f-4125-4cb3-9efe-e65baae935fd/current/log_inprogress_80 to /workdir/ratis-test/target/test/data/e0ec9561/MiniRaftClusterWithSimulatedRpce2213dd2/s2/bc16a33f-4125-4cb3-9efe-e65baae935fd/current/log_80-80
2019-09-24 17:00:03,513 INFO  segmented.SegmentedRaftLogWorker (SegmentedRaftLogWorker.java:execute(526)) - s1@group-E65BAAE935FD-SegmentedRaftLogWorker: Rolled log segment from /workdir/ratis-test/target/test/data/e0ec9561/MiniRaftClusterWithSimulatedRpce2213dd2/s1/bc16a33f-4125-4cb3-9efe-e65baae935fd/current/log_inprogress_78 to /workdir/ratis-test/target/test/data/e0ec9561/MiniRaftClusterWithSimulatedRpce2213dd2/s1/bc16a33f-4125-4cb3-9efe-e65baae935fd/current/log_78-79
2019-09-24 17:00:03,521 INFO  segmented.SegmentedRaftLogWorker (SegmentedRaftLogWorker.java:execute(569)) - s0@group-E65BAAE935FD-SegmentedRaftLogWorker: created new log segment /workdir/ratis-test/target/test/data/e0ec9561/MiniRaftClusterWithSimulatedRpce2213dd2/s0/bc16a33f-4125-4cb3-9efe-e65baae935fd/current/log_inprogress_80
2019-09-24 17:00:03,522 INFO  statemachine.SimpleStateMachine4Testing (SimpleStateMachine4Testing.java:put(198)) - s0: put 77, 4444444444... -> (t:2, i:77), STATEMACHINELOGENTRY, client-B07594A0E5F2, cid=364
2019-09-24 17:00:03,522 INFO  statemachine.SimpleStateMachine4Testing (SimpleStateMachine4Testing.java:put(198)) - s2: put 80, 5555555555... -> (t:2, i:80), STATEMACHINELOGENTRY, client-44073FEAA4C6, cid=366
2019-09-24 17:00:03,522 INFO  segmented.SegmentedRaftLogWorker (SegmentedRaftLogWorker.java:rollLogSegment(385)) - s0@group-E65BAAE935FD-SegmentedRaftLogWorker: Rolling segment log-80_80 to index:80
2019-09-24 17:00:03,523 INFO  segmented.SegmentedRaftLogWorker (SegmentedRaftLogWorker.java:rollLogSegment(385)) - s2@group-E65BAAE935FD-SegmentedRaftLogWorker: Rolling segment log-84_86 to index:86
2019-09-24 17:00:03,530 TRACE util.FileUtils (LogUtils.java:runAndLog(61)) - Successfully ran Files.move /workdir/ratis-test/target/test/data/e0ec9561/MiniRaftClusterWithSimulatedRpce2213dd2/s0/bc16a33f-4125-4cb3-9efe-e65baae935fd/current/log_inprogress_80 to /workdir/ratis-test/target/test/data/e0ec9561/MiniRaftClusterWithSimulatedRpce2213dd2/s0/bc16a33f-4125-4cb3-9efe-e65baae935fd/current/log_80-80
2019-09-24 17:00:03,530 INFO  segmented.SegmentedRaftLogWorker (SegmentedRaftLogWorker.java:execute(526)) - s0@group-E65BAAE935FD-SegmentedRaftLogWorker: Rolled log segment from /workdir/ratis-test/target/test/data/e0ec9561/MiniRaftClusterWithSimulatedRpce2213dd2/s0/bc16a33f-4125-4cb3-9efe-e65baae935fd/current/log_inprogress_80 to /workdir/ratis-test/target/test/data/e0ec9561/MiniRaftClusterWithSimulatedRpce2213dd2/s0/bc16a33f-4125-4cb3-9efe-e65baae935fd/current/log_80-80
2019-09-24 17:00:03,538 INFO  segmented.SegmentedRaftLogWorker (SegmentedRaftLogWorker.java:execute(569)) - s1@group-E65BAAE935FD-SegmentedRaftLogWorker: created new log segment /workdir/ratis-test/target/test/data/e0ec9561/MiniRaftClusterWithSimulatedRpce2213dd2/s1/bc16a33f-4125-4cb3-9efe-e65baae935fd/current/log_inprogress_80
2019-09-24 17:00:03,538 INFO  segmented.SegmentedRaftLogWorker (SegmentedRaftLogWorker.java:execute(569)) - s2@group-E65BAAE935FD-SegmentedRaftLogWorker: created new log segment /workdir/ratis-test/target/test/data/e0ec9561/MiniRaftClusterWithSimulatedRpce2213dd2/s2/bc16a33f-4125-4cb3-9efe-e65baae935fd/current/log_inprogress_81
2019-09-24 17:00:03,555 INFO  segmented.SegmentedRaftLogWorker (SegmentedRaftLogWorker.java:execute(569)) - s0@group-E65BAAE935FD-SegmentedRaftLogWorker: created new log segment /workdir/ratis-test/target/test/data/e0ec9561/MiniRaftClusterWithSimulatedRpce2213dd2/s0/bc16a33f-4125-4cb3-9efe-e65baae935fd/current/log_inprogress_81
2019-09-24 17:00:03,555 TRACE util.FileUtils (LogUtils.java:runAndLog(61)) - Successfully ran Files.move /workdir/ratis-test/target/test/data/e0ec9561/MiniRaftClusterWithSimulatedRpce2213dd2/s2/bc16a33f-4125-4cb3-9efe-e65baae935fd/current/log_inprogress_81 to /workdir/ratis-test/target/test/data/e0ec9561/MiniRaftClusterWithSimulatedRpce2213dd2/s2/bc16a33f-4125-4cb3-9efe-e65baae935fd/current/log_81-81
2019-09-24 17:00:03,555 INFO  segmented.SegmentedRaftLogWorker (SegmentedRaftLogWorker.java:execute(526)) - s2@group-E65BAAE935FD-SegmentedRaftLogWorker: Rolled log segment from /workdir/ratis-test/target/test/data/e0ec9561/MiniRaftClusterWithSimulatedRpce2213dd2/s2/bc16a33f-4125-4cb3-9efe-e65baae935fd/current/log_inprogress_81 to /workdir/ratis-test/target/test/data/e0ec9561/MiniRaftClusterWithSimulatedRpce2213dd2/s2/bc16a33f-4125-4cb3-9efe-e65baae935fd/current/log_81-81
2019-09-24 17:00:03,556 INFO  statemachine.SimpleStateMachine4Testing (SimpleStateMachine4Testing.java:put(198)) - s1: put 78, 5555555555... -> (t:2, i:78), STATEMACHINELOGENTRY, client-B6F390E87052, cid=365
2019-09-24 17:00:03,556 INFO  segmented.SegmentedRaftLogWorker (SegmentedRaftLogWorker.java:rollLogSegment(385)) - s1@group-E65BAAE935FD-SegmentedRaftLogWorker: Rolling segment log-80_80 to index:80
2019-09-24 17:00:03,557 TRACE util.FileUtils (LogUtils.java:runAndLog(61)) - Successfully ran Files.move /workdir/ratis-test/target/test/data/e0ec9561/MiniRaftClusterWithSimulatedRpce2213dd2/s1/bc16a33f-4125-4cb3-9efe-e65baae935fd/current/log_inprogress_80 to /workdir/ratis-test/target/test/data/e0ec9561/MiniRaftClusterWithSimulatedRpce2213dd2/s1/bc16a33f-4125-4cb3-9efe-e65baae935fd/current/log_80-80
2019-09-24 17:00:03,557 INFO  statemachine.SimpleStateMachine4Testing (SimpleStateMachine4Testing.java:put(198)) - s0: put 78, 5555555555... -> (t:2, i:78), STATEMACHINELOGENTRY, client-B6F390E87052, cid=365
2019-09-24 17:00:03,557 INFO  segmented.SegmentedRaftLogWorker (SegmentedRaftLogWorker.java:rollLogSegment(385)) - s0@group-E65BAAE935FD-SegmentedRaftLogWorker: Rolling segment log-81_81 to index:81
2019-09-24 17:00:03,557 INFO  statemachine.SimpleStateMachine4Testing (SimpleStateMachine4Testing.java:put(198)) - s2: put 81, 5555555555... -> (t:2, i:81), STATEMACHINELOGENTRY, client-8CFC123A34ED, cid=367
2019-09-24 17:00:03,558 INFO  statemachine.SimpleStateMachine4Testing (SimpleStateMachine4Testing.java:put(198)) - s0: put 80, 5555555555... -> (t:2, i:80), STATEMACHINELOGENTRY, client-44073FEAA4C6, cid=366
2019-09-24 17:00:03,557 INFO  segmented.SegmentedRaftLogWorker (SegmentedRaftLogWorker.java:execute(526)) - s1@group-E65BAAE935FD-SegmentedRaftLogWorker: Rolled log segment from /workdir/ratis-test/target/test/data/e0ec9561/MiniRaftClusterWithSimulatedRpce2213dd2/s1/bc16a33f-4125-4cb3-9efe-e65baae935fd/current/log_inprogress_80 to /workdir/ratis-test/target/test/data/e0ec9561/MiniRaftClusterWithSimulatedRpce2213dd2/s1/bc16a33f-4125-4cb3-9efe-e65baae935fd/current/log_80-80
2019-09-24 17:00:03,564 TRACE util.FileUtils (LogUtils.java:runAndLog(61)) - Successfully ran Files.move /workdir/ratis-test/target/test/data/e0ec9561/MiniRaftClusterWithSimulatedRpce2213dd2/s0/bc16a33f-4125-4cb3-9efe-e65baae935fd/current/log_inprogress_81 to /workdir/ratis-test/target/test/data/e0ec9561/MiniRaftClusterWithSimulatedRpce2213dd2/s0/bc16a33f-4125-4cb3-9efe-e65baae935fd/current/log_81-81
2019-09-24 17:00:03,564 INFO  segmented.SegmentedRaftLogWorker (SegmentedRaftLogWorker.java:execute(526)) - s0@group-E65BAAE935FD-SegmentedRaftLogWorker: Rolled log segment from /workdir/ratis-test/target/test/data/e0ec9561/MiniRaftClusterWithSimulatedRpce2213dd2/s0/bc16a33f-4125-4cb3-9efe-e65baae935fd/current/log_inprogress_81 to /workdir/ratis-test/target/test/data/e0ec9561/MiniRaftClusterWithSimulatedRpce2213dd2/s0/bc16a33f-4125-4cb3-9efe-e65baae935fd/current/log_81-81
2019-09-24 17:00:03,572 INFO  segmented.SegmentedRaftLogWorker (SegmentedRaftLogWorker.java:execute(569)) - s2@group-E65BAAE935FD-SegmentedRaftLogWorker: created new log segment /workdir/ratis-test/target/test/data/e0ec9561/MiniRaftClusterWithSimulatedRpce2213dd2/s2/bc16a33f-4125-4cb3-9efe-e65baae935fd/current/log_inprogress_82
2019-09-24 17:00:03,589 INFO  segmented.SegmentedRaftLogWorker (SegmentedRaftLogWorker.java:execute(569)) - s0@group-E65BAAE935FD-SegmentedRaftLogWorker: created new log segment /workdir/ratis-test/target/test/data/e0ec9561/MiniRaftClusterWithSimulatedRpce2213dd2/s0/bc16a33f-4125-4cb3-9efe-e65baae935fd/current/log_inprogress_82
2019-09-24 17:00:03,589 INFO  segmented.SegmentedRaftLogWorker (SegmentedRaftLogWorker.java:execute(569)) - s1@group-E65BAAE935FD-SegmentedRaftLogWorker: created new log segment /workdir/ratis-test/target/test/data/e0ec9561/MiniRaftClusterWithSimulatedRpce2213dd2/s1/bc16a33f-4125-4cb3-9efe-e65baae935fd/current/log_inprogress_81
2019-09-24 17:00:03,591 TRACE util.FileUtils (LogUtils.java:runAndLog(61)) - Successfully ran Files.move /workdir/ratis-test/target/test/data/e0ec9561/MiniRaftClusterWithSimulatedRpce2213dd2/s2/bc16a33f-4125-4cb3-9efe-e65baae935fd/current/log_inprogress_82 to /workdir/ratis-test/target/test/data/e0ec9561/MiniRaftClusterWithSimulatedRpce2213dd2/s2/bc16a33f-4125-4cb3-9efe-e65baae935fd/current/log_82-83
2019-09-24 17:00:03,591 INFO  segmented.SegmentedRaftLogWorker (SegmentedRaftLogWorker.java:execute(526)) - s2@group-E65BAAE935FD-SegmentedRaftLogWorker: Rolled log segment from /workdir/ratis-test/target/test/data/e0ec9561/MiniRaftClusterWithSimulatedRpce2213dd2/s2/bc16a33f-4125-4cb3-9efe-e65baae935fd/current/log_inprogress_82 to /workdir/ratis-test/target/test/data/e0ec9561/MiniRaftClusterWithSimulatedRpce2213dd2/s2/bc16a33f-4125-4cb3-9efe-e65baae935fd/current/log_82-83
2019-09-24 17:00:03,592 INFO  statemachine.SimpleStateMachine4Testing (SimpleStateMachine4Testing.java:put(198)) - s2: put 82, 5555555555... -> (t:2, i:82), STATEMACHINELOGENTRY, client-524B73A117F1, cid=368
2019-09-24 17:00:03,592 INFO  segmented.SegmentedRaftLogWorker (SegmentedRaftLogWorker.java:rollLogSegment(385)) - s0@group-E65BAAE935FD-SegmentedRaftLogWorker: Rolling segment log-82_83 to index:83
2019-09-24 17:00:03,592 INFO  statemachine.SimpleStateMachine4Testing (SimpleStateMachine4Testing.java:put(198)) - s1: put 80, 5555555555... -> (t:2, i:80), STATEMACHINELOGENTRY, client-44073FEAA4C6, cid=366
2019-09-24 17:00:03,592 INFO  segmented.SegmentedRaftLogWorker (SegmentedRaftLogWorker.java:rollLogSegment(385)) - s1@group-E65BAAE935FD-SegmentedRaftLogWorker: Rolling segment log-81_81 to index:81
2019-09-24 17:00:03,592 TRACE util.FileUtils (LogUtils.java:runAndLog(61)) - Successfully ran Files.move /workdir/ratis-test/target/test/data/e0ec9561/MiniRaftClusterWithSimulatedRpce2213dd2/s0/bc16a33f-4125-4cb3-9efe-e65baae935fd/current/log_inprogress_82 to /workdir/ratis-test/target/test/data/e0ec9561/MiniRaftClusterWithSimulatedRpce2213dd2/s0/bc16a33f-4125-4cb3-9efe-e65baae935fd/current/log_82-83
2019-09-24 17:00:03,593 INFO  segmented.SegmentedRaftLogWorker (SegmentedRaftLogWorker.java:execute(526)) - s0@group-E65BAAE935FD-SegmentedRaftLogWorker: Rolled log segment from /workdir/ratis-test/target/test/data/e0ec9561/MiniRaftClusterWithSimulatedRpce2213dd2/s0/bc16a33f-4125-4cb3-9efe-e65baae935fd/current/log_inprogress_82 to /workdir/ratis-test/target/test/data/e0ec9561/MiniRaftClusterWithSimulatedRpce2213dd2/s0/bc16a33f-4125-4cb3-9efe-e65baae935fd/current/log_82-83
2019-09-24 17:00:03,593 TRACE util.FileUtils (LogUtils.java:runAndLog(61)) - Successfully ran Files.move /workdir/ratis-test/target/test/data/e0ec9561/MiniRaftClusterWithSimulatedRpce2213dd2/s1/bc16a33f-4125-4cb3-9efe-e65baae935fd/current/log_inprogress_81 to /workdir/ratis-test/target/test/data/e0ec9561/MiniRaftClusterWithSimulatedRpce2213dd2/s1/bc16a33f-4125-4cb3-9efe-e65baae935fd/current/log_81-81
2019-09-24 17:00:03,593 INFO  segmented.SegmentedRaftLogWorker (SegmentedRaftLogWorker.java:execute(526)) - s1@group-E65BAAE935FD-SegmentedRaftLogWorker: Rolled log segment from /workdir/ratis-test/target/test/data/e0ec9561/MiniRaftClusterWithSimulatedRpce2213dd2/s1/bc16a33f-4125-4cb3-9efe-e65baae935fd/current/log_inprogress_81 to /workdir/ratis-test/target/test/data/e0ec9561/MiniRaftClusterWithSimulatedRpce2213dd2/s1/bc16a33f-4125-4cb3-9efe-e65baae935fd/current/log_81-81
2019-09-24 17:00:03,614 INFO  segmented.SegmentedRaftLogWorker (SegmentedRaftLogWorker.java:execute(569)) - s0@group-E65BAAE935FD-SegmentedRaftLogWorker: created new log segment /workdir/ratis-test/target/test/data/e0ec9561/MiniRaftClusterWithSimulatedRpce2213dd2/s0/bc16a33f-4125-4cb3-9efe-e65baae935fd/current/log_inprogress_84
2019-09-24 17:00:03,614 INFO  segmented.SegmentedRaftLogWorker (SegmentedRaftLogWorker.java:execute(569)) - s1@group-E65BAAE935FD-SegmentedRaftLogWorker: created new log segment /workdir/ratis-test/target/test/data/e0ec9561/MiniRaftClusterWithSimulatedRpce2213dd2/s1/bc16a33f-4125-4cb3-9efe-e65baae935fd/current/log_inprogress_82
2019-09-24 17:00:03,614 INFO  segmented.SegmentedRaftLogWorker (SegmentedRaftLogWorker.java:execute(569)) - s2@group-E65BAAE935FD-SegmentedRaftLogWorker: created new log segment /workdir/ratis-test/target/test/data/e0ec9561/MiniRaftClusterWithSimulatedRpce2213dd2/s2/bc16a33f-4125-4cb3-9efe-e65baae935fd/current/log_inprogress_84
2019-09-24 17:00:03,633 INFO  statemachine.SimpleStateMachine4Testing (SimpleStateMachine4Testing.java:put(198)) - s0: put 81, 5555555555... -> (t:2, i:81), STATEMACHINELOGENTRY, client-8CFC123A34ED, cid=367
2019-09-24 17:00:03,633 INFO  segmented.SegmentedRaftLogWorker (SegmentedRaftLogWorker.java:rollLogSegment(385)) - s0@group-E65BAAE935FD-SegmentedRaftLogWorker: Rolling segment log-84_86 to index:86
2019-09-24 17:00:03,633 TRACE util.FileUtils (LogUtils.java:runAndLog(61)) - Successfully ran Files.move /workdir/ratis-test/target/test/data/e0ec9561/MiniRaftClusterWithSimulatedRpce2213dd2/s2/bc16a33f-4125-4cb3-9efe-e65baae935fd/current/log_inprogress_84 to /workdir/ratis-test/target/test/data/e0ec9561/MiniRaftClusterWithSimulatedRpce2213dd2/s2/bc16a33f-4125-4cb3-9efe-e65baae935fd/current/log_84-86
2019-09-24 17:00:03,633 INFO  statemachine.SimpleStateMachine4Testing (SimpleStateMachine4Testing.java:put(198)) - s1: put 81, 5555555555... -> (t:2, i:81), STATEMACHINELOGENTRY, client-8CFC123A34ED, cid=367
2019-09-24 17:00:03,634 TRACE util.FileUtils (LogUtils.java:runAndLog(61)) - Successfully ran Files.move /workdir/ratis-test/target/test/data/e0ec9561/MiniRaftClusterWithSimulatedRpce2213dd2/s0/bc16a33f-4125-4cb3-9efe-e65baae935fd/current/log_inprogress_84 to /workdir/ratis-test/target/test/data/e0ec9561/MiniRaftClusterWithSimulatedRpce2213dd2/s0/bc16a33f-4125-4cb3-9efe-e65baae935fd/current/log_84-86
2019-09-24 17:00:03,634 INFO  segmented.SegmentedRaftLogWorker (SegmentedRaftLogWorker.java:rollLogSegment(385)) - s1@group-E65BAAE935FD-SegmentedRaftLogWorker: Rolling segment log-82_83 to index:83
2019-09-24 17:00:03,634 INFO  segmented.SegmentedRaftLogWorker (SegmentedRaftLogWorker.java:execute(526)) - s2@group-E65BAAE935FD-SegmentedRaftLogWorker: Rolled log segment from /workdir/ratis-test/target/test/data/e0ec9561/MiniRaftClusterWithSimulatedRpce2213dd2/s2/bc16a33f-4125-4cb3-9efe-e65baae935fd/current/log_inprogress_84 to /workdir/ratis-test/target/test/data/e0ec9561/MiniRaftClusterWithSimulatedRpce2213dd2/s2/bc16a33f-4125-4cb3-9efe-e65baae935fd/current/log_84-86
2019-09-24 17:00:03,634 INFO  segmented.SegmentedRaftLogWorker (SegmentedRaftLogWorker.java:execute(526)) - s0@group-E65BAAE935FD-SegmentedRaftLogWorker: Rolled log segment from /workdir/ratis-test/target/test/data/e0ec9561/MiniRaftClusterWithSimulatedRpce2213dd2/s0/bc16a33f-4125-4cb3-9efe-e65baae935fd/current/log_inprogress_84 to /workdir/ratis-test/target/test/data/e0ec9561/MiniRaftClusterWithSimulatedRpce2213dd2/s0/bc16a33f-4125-4cb3-9efe-e65baae935fd/current/log_84-86
2019-09-24 17:00:03,635 INFO  statemachine.SimpleStateMachine4Testing (SimpleStateMachine4Testing.java:put(198)) - s1: put 82, 5555555555... -> (t:2, i:82), STATEMACHINELOGENTRY, client-524B73A117F1, cid=368
2019-09-24 17:00:03,635 INFO  statemachine.SimpleStateMachine4Testing (SimpleStateMachine4Testing.java:put(198)) - s2: put 84, 5555555555... -> (t:2, i:84), STATEMACHINELOGENTRY, client-B07594A0E5F2, cid=369
2019-09-24 17:00:03,635 TRACE util.FileUtils (LogUtils.java:runAndLog(61)) - Successfully ran Files.move /workdir/ratis-test/target/test/data/e0ec9561/MiniRaftClusterWithSimulatedRpce2213dd2/s1/bc16a33f-4125-4cb3-9efe-e65baae935fd/current/log_inprogress_82 to /workdir/ratis-test/target/test/data/e0ec9561/MiniRaftClusterWithSimulatedRpce2213dd2/s1/bc16a33f-4125-4cb3-9efe-e65baae935fd/current/log_82-83
2019-09-24 17:00:03,635 INFO  statemachine.SimpleStateMachine4Testing (SimpleStateMachine4Testing.java:put(198)) - s2: put 85, 0000000000... -> (t:2, i:85), STATEMACHINELOGENTRY, client-B6F390E87052, cid=370
2019-09-24 17:00:03,635 INFO  segmented.SegmentedRaftLogWorker (SegmentedRaftLogWorker.java:execute(526)) - s1@group-E65BAAE935FD-SegmentedRaftLogWorker: Rolled log segment from /workdir/ratis-test/target/test/data/e0ec9561/MiniRaftClusterWithSimulatedRpce2213dd2/s1/bc16a33f-4125-4cb3-9efe-e65baae935fd/current/log_inprogress_82 to /workdir/ratis-test/target/test/data/e0ec9561/MiniRaftClusterWithSimulatedRpce2213dd2/s1/bc16a33f-4125-4cb3-9efe-e65baae935fd/current/log_82-83
2019-09-24 17:00:03,665 INFO  segmented.SegmentedRaftLogWorker (SegmentedRaftLogWorker.java:execute(569)) - s1@group-E65BAAE935FD-SegmentedRaftLogWorker: created new log segment /workdir/ratis-test/target/test/data/e0ec9561/MiniRaftClusterWithSimulatedRpce2213dd2/s1/bc16a33f-4125-4cb3-9efe-e65baae935fd/current/log_inprogress_84
2019-09-24 17:00:03,665 INFO  segmented.SegmentedRaftLogWorker (SegmentedRaftLogWorker.java:execute(569)) - s0@group-E65BAAE935FD-SegmentedRaftLogWorker: created new log segment /workdir/ratis-test/target/test/data/e0ec9561/MiniRaftClusterWithSimulatedRpce2213dd2/s0/bc16a33f-4125-4cb3-9efe-e65baae935fd/current/log_inprogress_87
2019-09-24 17:00:03,665 INFO  segmented.SegmentedRaftLogWorker (SegmentedRaftLogWorker.java:execute(569)) - s2@group-E65BAAE935FD-SegmentedRaftLogWorker: created new log segment /workdir/ratis-test/target/test/data/e0ec9561/MiniRaftClusterWithSimulatedRpce2213dd2/s2/bc16a33f-4125-4cb3-9efe-e65baae935fd/current/log_inprogress_87
2019-09-24 17:00:03,669 INFO  segmented.SegmentedRaftLogWorker (SegmentedRaftLogWorker.java:rollLogSegment(385)) - s1@group-E65BAAE935FD-SegmentedRaftLogWorker: Rolling segment log-84_86 to index:86
2019-09-24 17:00:03,669 INFO  statemachine.SimpleStateMachine4Testing (SimpleStateMachine4Testing.java:put(198)) - s0: put 82, 5555555555... -> (t:2, i:82), STATEMACHINELOGENTRY, client-524B73A117F1, cid=368
2019-09-24 17:00:03,670 INFO  statemachine.SimpleStateMachine4Testing (SimpleStateMachine4Testing.java:put(198)) - s2: put 87, 0000000000... -> (t:2, i:87), STATEMACHINELOGENTRY, client-44073FEAA4C6, cid=371
2019-09-24 17:00:03,670 TRACE util.FileUtils (LogUtils.java:runAndLog(61)) - Successfully ran Files.move /workdir/ratis-test/target/test/data/e0ec9561/MiniRaftClusterWithSimulatedRpce2213dd2/s1/bc16a33f-4125-4cb3-9efe-e65baae935fd/current/log_inprogress_84 to /workdir/ratis-test/target/test/data/e0ec9561/MiniRaftClusterWithSimulatedRpce2213dd2/s1/bc16a33f-4125-4cb3-9efe-e65baae935fd/current/log_84-86
2019-09-24 17:00:03,670 INFO  statemachine.SimpleStateMachine4Testing (SimpleStateMachine4Testing.java:put(198)) - s2: put 89, 0000000000... -> (t:2, i:89), STATEMACHINELOGENTRY, client-8CFC123A34ED, cid=372
2019-09-24 17:00:03,670 INFO  segmented.SegmentedRaftLogWorker (SegmentedRaftLogWorker.java:execute(526)) - s1@group-E65BAAE935FD-SegmentedRaftLogWorker: Rolled log segment from /workdir/ratis-test/target/test/data/e0ec9561/MiniRaftClusterWithSimulatedRpce2213dd2/s1/bc16a33f-4125-4cb3-9efe-e65baae935fd/current/log_inprogress_84 to /workdir/ratis-test/target/test/data/e0ec9561/MiniRaftClusterWithSimulatedRpce2213dd2/s1/bc16a33f-4125-4cb3-9efe-e65baae935fd/current/log_84-86
2019-09-24 17:00:03,670 INFO  statemachine.SimpleStateMachine4Testing (SimpleStateMachine4Testing.java:put(198)) - s2: put 90, 0000000000... -> (t:2, i:90), STATEMACHINELOGENTRY, client-524B73A117F1, cid=373
2019-09-24 17:00:03,670 INFO  segmented.SegmentedRaftLogWorker (SegmentedRaftLogWorker.java:rollLogSegment(385)) - s2@group-E65BAAE935FD-SegmentedRaftLogWorker: Rolling segment log-87_93 to index:93
2019-09-24 17:00:03,681 TRACE util.FileUtils (LogUtils.java:runAndLog(61)) - Successfully ran Files.move /workdir/ratis-test/target/test/data/e0ec9561/MiniRaftClusterWithSimulatedRpce2213dd2/s2/bc16a33f-4125-4cb3-9efe-e65baae935fd/current/log_inprogress_87 to /workdir/ratis-test/target/test/data/e0ec9561/MiniRaftClusterWithSimulatedRpce2213dd2/s2/bc16a33f-4125-4cb3-9efe-e65baae935fd/current/log_87-93
2019-09-24 17:00:03,681 INFO  segmented.SegmentedRaftLogWorker (SegmentedRaftLogWorker.java:execute(526)) - s2@group-E65BAAE935FD-SegmentedRaftLogWorker: Rolled log segment from /workdir/ratis-test/target/test/data/e0ec9561/MiniRaftClusterWithSimulatedRpce2213dd2/s2/bc16a33f-4125-4cb3-9efe-e65baae935fd/current/log_inprogress_87 to /workdir/ratis-test/target/test/data/e0ec9561/MiniRaftClusterWithSimulatedRpce2213dd2/s2/bc16a33f-4125-4cb3-9efe-e65baae935fd/current/log_87-93
2019-09-24 17:00:03,682 INFO  statemachine.SimpleStateMachine4Testing (SimpleStateMachine4Testing.java:put(198)) - s0: put 84, 5555555555... -> (t:2, i:84), STATEMACHINELOGENTRY, client-B07594A0E5F2, cid=369
2019-09-24 17:00:03,682 INFO  statemachine.SimpleStateMachine4Testing (SimpleStateMachine4Testing.java:put(198)) - s2: put 91, 0000000000... -> (t:2, i:91), STATEMACHINELOGENTRY, client-B07594A0E5F2, cid=374
2019-09-24 17:00:03,682 INFO  segmented.SegmentedRaftLogWorker (SegmentedRaftLogWorker.java:rollLogSegment(385)) - s0@group-E65BAAE935FD-SegmentedRaftLogWorker: Rolling segment log-87_93 to index:93
2019-09-24 17:00:03,682 INFO  statemachine.SimpleStateMachine4Testing (SimpleStateMachine4Testing.java:put(198)) - s2: put 92, 1111111111... -> (t:2, i:92), STATEMACHINELOGENTRY, client-B6F390E87052, cid=375
2019-09-24 17:00:03,683 INFO  statemachine.SimpleStateMachine4Testing (SimpleStateMachine4Testing.java:put(198)) - s0: put 85, 0000000000... -> (t:2, i:85), STATEMACHINELOGENTRY, client-B6F390E87052, cid=370
2019-09-24 17:00:03,683 INFO  segmented.SegmentedRaftLogWorker (SegmentedRaftLogWorker.java:rollLogSegment(385)) - s2@group-E65BAAE935FD-SegmentedRaftLogWorker: Rolling segment log-94_97 to index:97
2019-09-24 17:00:03,694 TRACE util.FileUtils (LogUtils.java:runAndLog(61)) - Successfully ran Files.move /workdir/ratis-test/target/test/data/e0ec9561/MiniRaftClusterWithSimulatedRpce2213dd2/s0/bc16a33f-4125-4cb3-9efe-e65baae935fd/current/log_inprogress_87 to /workdir/ratis-test/target/test/data/e0ec9561/MiniRaftClusterWithSimulatedRpce2213dd2/s0/bc16a33f-4125-4cb3-9efe-e65baae935fd/current/log_87-93
2019-09-24 17:00:03,694 INFO  segmented.SegmentedRaftLogWorker (SegmentedRaftLogWorker.java:execute(526)) - s0@group-E65BAAE935FD-SegmentedRaftLogWorker: Rolled log segment from /workdir/ratis-test/target/test/data/e0ec9561/MiniRaftClusterWithSimulatedRpce2213dd2/s0/bc16a33f-4125-4cb3-9efe-e65baae935fd/current/log_inprogress_87 to /workdir/ratis-test/target/test/data/e0ec9561/MiniRaftClusterWithSimulatedRpce2213dd2/s0/bc16a33f-4125-4cb3-9efe-e65baae935fd/current/log_87-93
2019-09-24 17:00:03,698 INFO  segmented.SegmentedRaftLogWorker (SegmentedRaftLogWorker.java:execute(569)) - s1@group-E65BAAE935FD-SegmentedRaftLogWorker: created new log segment /workdir/ratis-test/target/test/data/e0ec9561/MiniRaftClusterWithSimulatedRpce2213dd2/s1/bc16a33f-4125-4cb3-9efe-e65baae935fd/current/log_inprogress_87
2019-09-24 17:00:03,711 INFO  statemachine.SimpleStateMachine4Testing (SimpleStateMachine4Testing.java:put(198)) - s1: put 84, 5555555555... -> (t:2, i:84), STATEMACHINELOGENTRY, client-B07594A0E5F2, cid=369
2019-09-24 17:00:03,711 INFO  segmented.SegmentedRaftLogWorker (SegmentedRaftLogWorker.java:rollLogSegment(385)) - s1@group-E65BAAE935FD-SegmentedRaftLogWorker: Rolling segment log-87_93 to index:93
2019-09-24 17:00:03,712 INFO  statemachine.SimpleStateMachine4Testing (SimpleStateMachine4Testing.java:put(198)) - s1: put 85, 0000000000... -> (t:2, i:85), STATEMACHINELOGENTRY, client-B6F390E87052, cid=370
2019-09-24 17:00:03,715 INFO  segmented.SegmentedRaftLogWorker (SegmentedRaftLogWorker.java:execute(569)) - s2@group-E65BAAE935FD-SegmentedRaftLogWorker: created new log segment /workdir/ratis-test/target/test/data/e0ec9561/MiniRaftClusterWithSimulatedRpce2213dd2/s2/bc16a33f-4125-4cb3-9efe-e65baae935fd/current/log_inprogress_94
2019-09-24 17:00:03,715 INFO  segmented.SegmentedRaftLogWorker (SegmentedRaftLogWorker.java:execute(569)) - s0@group-E65BAAE935FD-SegmentedRaftLogWorker: created new log segment /workdir/ratis-test/target/test/data/e0ec9561/MiniRaftClusterWithSimulatedRpce2213dd2/s0/bc16a33f-4125-4cb3-9efe-e65baae935fd/current/log_inprogress_94
2019-09-24 17:00:03,723 TRACE util.FileUtils (LogUtils.java:runAndLog(61)) - Successfully ran Files.move /workdir/ratis-test/target/test/data/e0ec9561/MiniRaftClusterWithSimulatedRpce2213dd2/s1/bc16a33f-4125-4cb3-9efe-e65baae935fd/current/log_inprogress_87 to /workdir/ratis-test/target/test/data/e0ec9561/MiniRaftClusterWithSimulatedRpce2213dd2/s1/bc16a33f-4125-4cb3-9efe-e65baae935fd/current/log_87-93
2019-09-24 17:00:03,723 INFO  segmented.SegmentedRaftLogWorker (SegmentedRaftLogWorker.java:execute(526)) - s1@group-E65BAAE935FD-SegmentedRaftLogWorker: Rolled log segment from /workdir/ratis-test/target/test/data/e0ec9561/MiniRaftClusterWithSimulatedRpce2213dd2/s1/bc16a33f-4125-4cb3-9efe-e65baae935fd/current/log_inprogress_87 to /workdir/ratis-test/target/test/data/e0ec9561/MiniRaftClusterWithSimulatedRpce2213dd2/s1/bc16a33f-4125-4cb3-9efe-e65baae935fd/current/log_87-93
2019-09-24 17:00:03,723 TRACE util.FileUtils (LogUtils.java:runAndLog(61)) - Successfully ran Files.move /workdir/ratis-test/target/test/data/e0ec9561/MiniRaftClusterWithSimulatedRpce2213dd2/s2/bc16a33f-4125-4cb3-9efe-e65baae935fd/current/log_inprogress_94 to /workdir/ratis-test/target/test/data/e0ec9561/MiniRaftClusterWithSimulatedRpce2213dd2/s2/bc16a33f-4125-4cb3-9efe-e65baae935fd/current/log_94-97
2019-09-24 17:00:03,724 INFO  statemachine.SimpleStateMachine4Testing (SimpleStateMachine4Testing.java:put(198)) - s0: put 87, 0000000000... -> (t:2, i:87), STATEMACHINELOGENTRY, client-44073FEAA4C6, cid=371
2019-09-24 17:00:03,724 INFO  segmented.SegmentedRaftLogWorker (SegmentedRaftLogWorker.java:rollLogSegment(385)) - s0@group-E65BAAE935FD-SegmentedRaftLogWorker: Rolling segment log-94_97 to index:97
2019-09-24 17:00:03,724 INFO  segmented.SegmentedRaftLogWorker (SegmentedRaftLogWorker.java:execute(526)) - s2@group-E65BAAE935FD-SegmentedRaftLogWorker: Rolled log segment from /workdir/ratis-test/target/test/data/e0ec9561/MiniRaftClusterWithSimulatedRpce2213dd2/s2/bc16a33f-4125-4cb3-9efe-e65baae935fd/current/log_inprogress_94 to /workdir/ratis-test/target/test/data/e0ec9561/MiniRaftClusterWithSimulatedRpce2213dd2/s2/bc16a33f-4125-4cb3-9efe-e65baae935fd/current/log_94-97
2019-09-24 17:00:03,724 INFO  statemachine.SimpleStateMachine4Testing (SimpleStateMachine4Testing.java:put(198)) - s0: put 89, 0000000000... -> (t:2, i:89), STATEMACHINELOGENTRY, client-8CFC123A34ED, cid=372
2019-09-24 17:00:03,724 INFO  statemachine.SimpleStateMachine4Testing (SimpleStateMachine4Testing.java:put(198)) - s2: put 94, 1111111111... -> (t:2, i:94), STATEMACHINELOGENTRY, client-44073FEAA4C6, cid=376
2019-09-24 17:00:03,725 INFO  statemachine.SimpleStateMachine4Testing (SimpleStateMachine4Testing.java:put(198)) - s0: put 90, 0000000000... -> (t:2, i:90), STATEMACHINELOGENTRY, client-524B73A117F1, cid=373
2019-09-24 17:00:03,725 INFO  statemachine.SimpleStateMachine4Testing (SimpleStateMachine4Testing.java:put(198)) - s2: put 95, 1111111111... -> (t:2, i:95), STATEMACHINELOGENTRY, client-8CFC123A34ED, cid=377
2019-09-24 17:00:03,725 INFO  statemachine.SimpleStateMachine4Testing (SimpleStateMachine4Testing.java:put(198)) - s2: put 96, 1111111111... -> (t:2, i:96), STATEMACHINELOGENTRY, client-524B73A117F1, cid=378
2019-09-24 17:00:03,725 INFO  segmented.SegmentedRaftLogWorker (SegmentedRaftLogWorker.java:rollLogSegment(385)) - s2@group-E65BAAE935FD-SegmentedRaftLogWorker: Rolling segment log-98_100 to index:100
2019-09-24 17:00:03,726 INFO  segmented.SegmentedRaftLogWorker (SegmentedRaftLogWorker.java:rollLogSegment(385)) - s2@group-E65BAAE935FD-SegmentedRaftLogWorker: Rolling segment log-101_102 to index:102
2019-09-24 17:00:03,732 TRACE util.FileUtils (LogUtils.java:runAndLog(61)) - Successfully ran Files.move /workdir/ratis-test/target/test/data/e0ec9561/MiniRaftClusterWithSimulatedRpce2213dd2/s0/bc16a33f-4125-4cb3-9efe-e65baae935fd/current/log_inprogress_94 to /workdir/ratis-test/target/test/data/e0ec9561/MiniRaftClusterWithSimulatedRpce2213dd2/s0/bc16a33f-4125-4cb3-9efe-e65baae935fd/current/log_94-97
2019-09-24 17:00:03,733 INFO  segmented.SegmentedRaftLogWorker (SegmentedRaftLogWorker.java:execute(526)) - s0@group-E65BAAE935FD-SegmentedRaftLogWorker: Rolled log segment from /workdir/ratis-test/target/test/data/e0ec9561/MiniRaftClusterWithSimulatedRpce2213dd2/s0/bc16a33f-4125-4cb3-9efe-e65baae935fd/current/log_inprogress_94 to /workdir/ratis-test/target/test/data/e0ec9561/MiniRaftClusterWithSimulatedRpce2213dd2/s0/bc16a33f-4125-4cb3-9efe-e65baae935fd/current/log_94-97
2019-09-24 17:00:03,741 INFO  segmented.SegmentedRaftLogWorker (SegmentedRaftLogWorker.java:execute(569)) - s1@group-E65BAAE935FD-SegmentedRaftLogWorker: created new log segment /workdir/ratis-test/target/test/data/e0ec9561/MiniRaftClusterWithSimulatedRpce2213dd2/s1/bc16a33f-4125-4cb3-9efe-e65baae935fd/current/log_inprogress_94
2019-09-24 17:00:03,754 INFO  statemachine.SimpleStateMachine4Testing (SimpleStateMachine4Testing.java:put(198)) - s1: put 87, 0000000000... -> (t:2, i:87), STATEMACHINELOGENTRY, client-44073FEAA4C6, cid=371
2019-09-24 17:00:03,754 INFO  segmented.SegmentedRaftLogWorker (SegmentedRaftLogWorker.java:rollLogSegment(385)) - s1@group-E65BAAE935FD-SegmentedRaftLogWorker: Rolling segment log-94_97 to index:97
2019-09-24 17:00:03,755 INFO  statemachine.SimpleStateMachine4Testing (SimpleStateMachine4Testing.java:put(198)) - s1: put 89, 0000000000... -> (t:2, i:89), STATEMACHINELOGENTRY, client-8CFC123A34ED, cid=372
2019-09-24 17:00:03,755 TRACE util.FileUtils (LogUtils.java:runAndLog(61)) - Successfully ran Files.move /workdir/ratis-test/target/test/data/e0ec9561/MiniRaftClusterWithSimulatedRpce2213dd2/s1/bc16a33f-4125-4cb3-9efe-e65baae935fd/current/log_inprogress_94 to /workdir/ratis-test/target/test/data/e0ec9561/MiniRaftClusterWithSimulatedRpce2213dd2/s1/bc16a33f-4125-4cb3-9efe-e65baae935fd/current/log_94-97
2019-09-24 17:00:03,755 INFO  statemachine.SimpleStateMachine4Testing (SimpleStateMachine4Testing.java:put(198)) - s1: put 90, 0000000000... -> (t:2, i:90), STATEMACHINELOGENTRY, client-524B73A117F1, cid=373
2019-09-24 17:00:03,755 INFO  segmented.SegmentedRaftLogWorker (SegmentedRaftLogWorker.java:execute(526)) - s1@group-E65BAAE935FD-SegmentedRaftLogWorker: Rolled log segment from /workdir/ratis-test/target/test/data/e0ec9561/MiniRaftClusterWithSimulatedRpce2213dd2/s1/bc16a33f-4125-4cb3-9efe-e65baae935fd/current/log_inprogress_94 to /workdir/ratis-test/target/test/data/e0ec9561/MiniRaftClusterWithSimulatedRpce2213dd2/s1/bc16a33f-4125-4cb3-9efe-e65baae935fd/current/log_94-97
2019-09-24 17:00:03,755 INFO  statemachine.SimpleStateMachine4Testing (SimpleStateMachine4Testing.java:put(198)) - s1: put 91, 0000000000... -> (t:2, i:91), STATEMACHINELOGENTRY, client-B07594A0E5F2, cid=374
2019-09-24 17:00:03,755 INFO  statemachine.SimpleStateMachine4Testing (SimpleStateMachine4Testing.java:put(198)) - s1: put 92, 1111111111... -> (t:2, i:92), STATEMACHINELOGENTRY, client-B6F390E87052, cid=375
2019-09-24 17:00:03,758 INFO  segmented.SegmentedRaftLogWorker (SegmentedRaftLogWorker.java:execute(569)) - s2@group-E65BAAE935FD-SegmentedRaftLogWorker: created new log segment /workdir/ratis-test/target/test/data/e0ec9561/MiniRaftClusterWithSimulatedRpce2213dd2/s2/bc16a33f-4125-4cb3-9efe-e65baae935fd/current/log_inprogress_98
2019-09-24 17:00:03,758 INFO  segmented.SegmentedRaftLogWorker (SegmentedRaftLogWorker.java:execute(569)) - s0@group-E65BAAE935FD-SegmentedRaftLogWorker: created new log segment /workdir/ratis-test/target/test/data/e0ec9561/MiniRaftClusterWithSimulatedRpce2213dd2/s0/bc16a33f-4125-4cb3-9efe-e65baae935fd/current/log_inprogress_98
2019-09-24 17:00:03,769 INFO  statemachine.SimpleStateMachine4Testing (SimpleStateMachine4Testing.java:put(198)) - s0: put 91, 0000000000... -> (t:2, i:91), STATEMACHINELOGENTRY, client-B07594A0E5F2, cid=374
2019-09-24 17:00:03,769 INFO  segmented.SegmentedRaftLogWorker (SegmentedRaftLogWorker.java:rollLogSegment(385)) - s0@group-E65BAAE935FD-SegmentedRaftLogWorker: Rolling segment log-98_100 to index:100
2019-09-24 17:00:03,770 INFO  statemachine.SimpleStateMachine4Testing (SimpleStateMachine4Testing.java:put(198)) - s0: put 92, 1111111111... -> (t:2, i:92), STATEMACHINELOGENTRY, client-B6F390E87052, cid=375
2019-09-24 17:00:03,775 TRACE util.FileUtils (LogUtils.java:runAndLog(61)) - Successfully ran Files.move /workdir/ratis-test/target/test/data/e0ec9561/MiniRaftClusterWithSimulatedRpce2213dd2/s2/bc16a33f-4125-4cb3-9efe-e65baae935fd/current/log_inprogress_98 to /workdir/ratis-test/target/test/data/e0ec9561/MiniRaftClusterWithSimulatedRpce2213dd2/s2/bc16a33f-4125-4cb3-9efe-e65baae935fd/current/log_98-100
2019-09-24 17:00:03,775 INFO  segmented.SegmentedRaftLogWorker (SegmentedRaftLogWorker.java:execute(526)) - s2@group-E65BAAE935FD-SegmentedRaftLogWorker: Rolled log segment from /workdir/ratis-test/target/test/data/e0ec9561/MiniRaftClusterWithSimulatedRpce2213dd2/s2/bc16a33f-4125-4cb3-9efe-e65baae935fd/current/log_inprogress_98 to /workdir/ratis-test/target/test/data/e0ec9561/MiniRaftClusterWithSimulatedRpce2213dd2/s2/bc16a33f-4125-4cb3-9efe-e65baae935fd/current/log_98-100
2019-09-24 17:00:03,775 INFO  statemachine.SimpleStateMachine4Testing (SimpleStateMachine4Testing.java:put(198)) - s2: put 98, 1111111111... -> (t:2, i:98), STATEMACHINELOGENTRY, client-B07594A0E5F2, cid=379
2019-09-24 17:00:03,775 INFO  statemachine.SimpleStateMachine4Testing (SimpleStateMachine4Testing.java:put(198)) - s2: put 99, 2222222222... -> (t:2, i:99), STATEMACHINELOGENTRY, client-B6F390E87052, cid=380
2019-09-24 17:00:03,776 INFO  segmented.SegmentedRaftLogWorker (SegmentedRaftLogWorker.java:rollLogSegment(385)) - s2@group-E65BAAE935FD-SegmentedRaftLogWorker: Rolling segment log-103_105 to index:105
2019-09-24 17:00:03,783 INFO  segmented.SegmentedRaftLogWorker (SegmentedRaftLogWorker.java:execute(569)) - s1@group-E65BAAE935FD-SegmentedRaftLogWorker: created new log segment /workdir/ratis-test/target/test/data/e0ec9561/MiniRaftClusterWithSimulatedRpce2213dd2/s1/bc16a33f-4125-4cb3-9efe-e65baae935fd/current/log_inprogress_98
2019-09-24 17:00:03,786 TRACE util.FileUtils (LogUtils.java:runAndLog(61)) - Successfully ran Files.move /workdir/ratis-test/target/test/data/e0ec9561/MiniRaftClusterWithSimulatedRpce2213dd2/s0/bc16a33f-4125-4cb3-9efe-e65baae935fd/current/log_inprogress_98 to /workdir/ratis-test/target/test/data/e0ec9561/MiniRaftClusterWithSimulatedRpce2213dd2/s0/bc16a33f-4125-4cb3-9efe-e65baae935fd/current/log_98-100
2019-09-24 17:00:03,786 INFO  segmented.SegmentedRaftLogWorker (SegmentedRaftLogWorker.java:execute(526)) - s0@group-E65BAAE935FD-SegmentedRaftLogWorker: Rolled log segment from /workdir/ratis-test/target/test/data/e0ec9561/MiniRaftClusterWithSimulatedRpce2213dd2/s0/bc16a33f-4125-4cb3-9efe-e65baae935fd/current/log_inprogress_98 to /workdir/ratis-test/target/test/data/e0ec9561/MiniRaftClusterWithSimulatedRpce2213dd2/s0/bc16a33f-4125-4cb3-9efe-e65baae935fd/current/log_98-100
2019-09-24 17:00:03,787 INFO  statemachine.SimpleStateMachine4Testing (SimpleStateMachine4Testing.java:put(198)) - s1: put 94, 1111111111... -> (t:2, i:94), STATEMACHINELOGENTRY, client-44073FEAA4C6, cid=376
2019-09-24 17:00:03,787 INFO  segmented.SegmentedRaftLogWorker (SegmentedRaftLogWorker.java:rollLogSegment(385)) - s1@group-E65BAAE935FD-SegmentedRaftLogWorker: Rolling segment log-98_100 to index:100
2019-09-24 17:00:03,788 INFO  statemachine.SimpleStateMachine4Testing (SimpleStateMachine4Testing.java:put(198)) - s1: put 95, 1111111111... -> (t:2, i:95), STATEMACHINELOGENTRY, client-8CFC123A34ED, cid=377
2019-09-24 17:00:03,788 INFO  statemachine.SimpleStateMachine4Testing (SimpleStateMachine4Testing.java:put(198)) - s1: put 96, 1111111111... -> (t:2, i:96), STATEMACHINELOGENTRY, client-524B73A117F1, cid=378
2019-09-24 17:00:03,792 TRACE util.FileUtils (LogUtils.java:runAndLog(61)) - Successfully ran Files.move /workdir/ratis-test/target/test/data/e0ec9561/MiniRaftClusterWithSimulatedRpce2213dd2/s1/bc16a33f-4125-4cb3-9efe-e65baae935fd/current/log_inprogress_98 to /workdir/ratis-test/target/test/data/e0ec9561/MiniRaftClusterWithSimulatedRpce2213dd2/s1/bc16a33f-4125-4cb3-9efe-e65baae935fd/current/log_98-100
2019-09-24 17:00:03,792 INFO  segmented.SegmentedRaftLogWorker (SegmentedRaftLogWorker.java:execute(526)) - s1@group-E65BAAE935FD-SegmentedRaftLogWorker: Rolled log segment from /workdir/ratis-test/target/test/data/e0ec9561/MiniRaftClusterWithSimulatedRpce2213dd2/s1/bc16a33f-4125-4cb3-9efe-e65baae935fd/current/log_inprogress_98 to /workdir/ratis-test/target/test/data/e0ec9561/MiniRaftClusterWithSimulatedRpce2213dd2/s1/bc16a33f-4125-4cb3-9efe-e65baae935fd/current/log_98-100
2019-09-24 17:00:03,800 INFO  segmented.SegmentedRaftLogWorker (SegmentedRaftLogWorker.java:execute(569)) - s2@group-E65BAAE935FD-SegmentedRaftLogWorker: created new log segment /workdir/ratis-test/target/test/data/e0ec9561/MiniRaftClusterWithSimulatedRpce2213dd2/s2/bc16a33f-4125-4cb3-9efe-e65baae935fd/current/log_inprogress_101
2019-09-24 17:00:03,809 TRACE util.FileUtils (LogUtils.java:runAndLog(61)) - Successfully ran Files.move /workdir/ratis-test/target/test/data/e0ec9561/MiniRaftClusterWithSimulatedRpce2213dd2/s2/bc16a33f-4125-4cb3-9efe-e65baae935fd/current/log_inprogress_101 to /workdir/ratis-test/target/test/data/e0ec9561/MiniRaftClusterWithSimulatedRpce2213dd2/s2/bc16a33f-4125-4cb3-9efe-e65baae935fd/current/log_101-102
2019-09-24 17:00:03,809 INFO  segmented.SegmentedRaftLogWorker (SegmentedRaftLogWorker.java:execute(526)) - s2@group-E65BAAE935FD-SegmentedRaftLogWorker: Rolled log segment from /workdir/ratis-test/target/test/data/e0ec9561/MiniRaftClusterWithSimulatedRpce2213dd2/s2/bc16a33f-4125-4cb3-9efe-e65baae935fd/current/log_inprogress_101 to /workdir/ratis-test/target/test/data/e0ec9561/MiniRaftClusterWithSimulatedRpce2213dd2/s2/bc16a33f-4125-4cb3-9efe-e65baae935fd/current/log_101-102
2019-09-24 17:00:03,817 INFO  segmented.SegmentedRaftLogWorker (SegmentedRaftLogWorker.java:execute(569)) - s1@group-E65BAAE935FD-SegmentedRaftLogWorker: created new log segment /workdir/ratis-test/target/test/data/e0ec9561/MiniRaftClusterWithSimulatedRpce2213dd2/s1/bc16a33f-4125-4cb3-9efe-e65baae935fd/current/log_inprogress_101
2019-09-24 17:00:03,817 INFO  segmented.SegmentedRaftLogWorker (SegmentedRaftLogWorker.java:execute(569)) - s0@group-E65BAAE935FD-SegmentedRaftLogWorker: created new log segment /workdir/ratis-test/target/test/data/e0ec9561/MiniRaftClusterWithSimulatedRpce2213dd2/s0/bc16a33f-4125-4cb3-9efe-e65baae935fd/current/log_inprogress_101
2019-09-24 17:00:03,821 INFO  statemachine.SimpleStateMachine4Testing (SimpleStateMachine4Testing.java:put(198)) - s1: put 98, 1111111111... -> (t:2, i:98), STATEMACHINELOGENTRY, client-B07594A0E5F2, cid=379
2019-09-24 17:00:03,822 INFO  statemachine.SimpleStateMachine4Testing (SimpleStateMachine4Testing.java:put(198)) - s2: put 101, 2222222222... -> (t:2, i:101), STATEMACHINELOGENTRY, client-44073FEAA4C6, cid=381
2019-09-24 17:00:03,822 INFO  statemachine.SimpleStateMachine4Testing (SimpleStateMachine4Testing.java:put(198)) - s0: put 94, 1111111111... -> (t:2, i:94), STATEMACHINELOGENTRY, client-44073FEAA4C6, cid=376
2019-09-24 17:00:03,822 INFO  segmented.SegmentedRaftLogWorker (SegmentedRaftLogWorker.java:rollLogSegment(385)) - s1@group-E65BAAE935FD-SegmentedRaftLogWorker: Rolling segment log-101_102 to index:102
2019-09-24 17:00:03,822 INFO  statemachine.SimpleStateMachine4Testing (SimpleStateMachine4Testing.java:put(198)) - s2: put 102, 2222222222... -> (t:2, i:102), STATEMACHINELOGENTRY, client-8CFC123A34ED, cid=382
2019-09-24 17:00:03,822 INFO  segmented.SegmentedRaftLogWorker (SegmentedRaftLogWorker.java:rollLogSegment(385)) - s0@group-E65BAAE935FD-SegmentedRaftLogWorker: Rolling segment log-101_102 to index:102
2019-09-24 17:00:03,822 INFO  statemachine.SimpleStateMachine4Testing (SimpleStateMachine4Testing.java:put(198)) - s1: put 99, 2222222222... -> (t:2, i:99), STATEMACHINELOGENTRY, client-B6F390E87052, cid=380
2019-09-24 17:00:03,822 INFO  segmented.SegmentedRaftLogWorker (SegmentedRaftLogWorker.java:rollLogSegment(385)) - s2@group-E65BAAE935FD-SegmentedRaftLogWorker: Rolling segment log-106_107 to index:107
2019-09-24 17:00:03,823 INFO  statemachine.SimpleStateMachine4Testing (SimpleStateMachine4Testing.java:put(198)) - s0: put 95, 1111111111... -> (t:2, i:95), STATEMACHINELOGENTRY, client-8CFC123A34ED, cid=377
2019-09-24 17:00:03,823 INFO  statemachine.SimpleStateMachine4Testing (SimpleStateMachine4Testing.java:put(198)) - s0: put 96, 1111111111... -> (t:2, i:96), STATEMACHINELOGENTRY, client-524B73A117F1, cid=378
2019-09-24 17:00:03,823 INFO  segmented.SegmentedRaftLogWorker (SegmentedRaftLogWorker.java:rollLogSegment(385)) - s2@group-E65BAAE935FD-SegmentedRaftLogWorker: Rolling segment log-108_108 to index:108
2019-09-24 17:00:03,826 TRACE util.FileUtils (LogUtils.java:runAndLog(61)) - Successfully ran Files.move /workdir/ratis-test/target/test/data/e0ec9561/MiniRaftClusterWithSimulatedRpce2213dd2/s0/bc16a33f-4125-4cb3-9efe-e65baae935fd/current/log_inprogress_101 to /workdir/ratis-test/target/test/data/e0ec9561/MiniRaftClusterWithSimulatedRpce2213dd2/s0/bc16a33f-4125-4cb3-9efe-e65baae935fd/current/log_101-102
2019-09-24 17:00:03,826 TRACE util.FileUtils (LogUtils.java:runAndLog(61)) - Successfully ran Files.move /workdir/ratis-test/target/test/data/e0ec9561/MiniRaftClusterWithSimulatedRpce2213dd2/s1/bc16a33f-4125-4cb3-9efe-e65baae935fd/current/log_inprogress_101 to /workdir/ratis-test/target/test/data/e0ec9561/MiniRaftClusterWithSimulatedRpce2213dd2/s1/bc16a33f-4125-4cb3-9efe-e65baae935fd/current/log_101-102
2019-09-24 17:00:03,826 INFO  segmented.SegmentedRaftLogWorker (SegmentedRaftLogWorker.java:execute(526)) - s0@group-E65BAAE935FD-SegmentedRaftLogWorker: Rolled log segment from /workdir/ratis-test/target/test/data/e0ec9561/MiniRaftClusterWithSimulatedRpce2213dd2/s0/bc16a33f-4125-4cb3-9efe-e65baae935fd/current/log_inprogress_101 to /workdir/ratis-test/target/test/data/e0ec9561/MiniRaftClusterWithSimulatedRpce2213dd2/s0/bc16a33f-4125-4cb3-9efe-e65baae935fd/current/log_101-102
2019-09-24 17:00:03,826 INFO  segmented.SegmentedRaftLogWorker (SegmentedRaftLogWorker.java:execute(526)) - s1@group-E65BAAE935FD-SegmentedRaftLogWorker: Rolled log segment from /workdir/ratis-test/target/test/data/e0ec9561/MiniRaftClusterWithSimulatedRpce2213dd2/s1/bc16a33f-4125-4cb3-9efe-e65baae935fd/current/log_inprogress_101 to /workdir/ratis-test/target/test/data/e0ec9561/MiniRaftClusterWithSimulatedRpce2213dd2/s1/bc16a33f-4125-4cb3-9efe-e65baae935fd/current/log_101-102
2019-09-24 17:00:03,834 INFO  segmented.SegmentedRaftLogWorker (SegmentedRaftLogWorker.java:execute(569)) - s2@group-E65BAAE935FD-SegmentedRaftLogWorker: created new log segment /workdir/ratis-test/target/test/data/e0ec9561/MiniRaftClusterWithSimulatedRpce2213dd2/s2/bc16a33f-4125-4cb3-9efe-e65baae935fd/current/log_inprogress_103
2019-09-24 17:00:03,851 INFO  segmented.SegmentedRaftLogWorker (SegmentedRaftLogWorker.java:execute(569)) - s0@group-E65BAAE935FD-SegmentedRaftLogWorker: created new log segment /workdir/ratis-test/target/test/data/e0ec9561/MiniRaftClusterWithSimulatedRpce2213dd2/s0/bc16a33f-4125-4cb3-9efe-e65baae935fd/current/log_inprogress_103
2019-09-24 17:00:03,851 INFO  segmented.SegmentedRaftLogWorker (SegmentedRaftLogWorker.java:execute(569)) - s1@group-E65BAAE935FD-SegmentedRaftLogWorker: created new log segment /workdir/ratis-test/target/test/data/e0ec9561/MiniRaftClusterWithSimulatedRpce2213dd2/s1/bc16a33f-4125-4cb3-9efe-e65baae935fd/current/log_inprogress_103
2019-09-24 17:00:06,822 WARN  impl.LogAppender (LogAppender.java:sendAppendEntriesWithRetries(274)) - s2@group-E65BAAE935FD->s1-LogAppender: Failed to appendEntries (retry=1): java.io.IOException: Timeout while waiting for reply of request org.apache.ratis.server.simulation.RaftServerRequest@195510d7
2019-09-24 17:00:06,822 WARN  impl.LogAppender (LogAppender.java:sendAppendEntriesWithRetries(274)) - s2@group-E65BAAE935FD->s0-LogAppender: Failed to appendEntries (retry=1): java.io.IOException: Timeout while waiting for reply of request org.apache.ratis.server.simulation.RaftServerRequest@7f4e0eac
2019-09-24 17:00:06,848 INFO  segmented.SegmentedRaftLogWorker (SegmentedRaftLogWorker.java:rollLogSegment(385)) - s1@group-E65BAAE935FD-SegmentedRaftLogWorker: Rolling segment log-103_105 to index:105
2019-09-24 17:00:06,849 INFO  segmented.SegmentedRaftLogWorker (SegmentedRaftLogWorker.java:rollLogSegment(385)) - s0@group-E65BAAE935FD-SegmentedRaftLogWorker: Rolling segment log-103_105 to index:105
2019-09-24 17:00:06,848 INFO  statemachine.SimpleStateMachine4Testing (SimpleStateMachine4Testing.java:put(198)) - s0: put 98, 1111111111... -> (t:2, i:98), STATEMACHINELOGENTRY, client-B07594A0E5F2, cid=379
2019-09-24 17:00:06,849 INFO  statemachine.SimpleStateMachine4Testing (SimpleStateMachine4Testing.java:put(198)) - s0: put 99, 2222222222... -> (t:2, i:99), STATEMACHINELOGENTRY, client-B6F390E87052, cid=380
2019-09-24 17:00:06,850 INFO  statemachine.SimpleStateMachine4Testing (SimpleStateMachine4Testing.java:put(198)) - s0: put 101, 2222222222... -> (t:2, i:101), STATEMACHINELOGENTRY, client-44073FEAA4C6, cid=381
2019-09-24 17:00:06,850 INFO  statemachine.SimpleStateMachine4Testing (SimpleStateMachine4Testing.java:put(198)) - s0: put 102, 2222222222... -> (t:2, i:102), STATEMACHINELOGENTRY, client-8CFC123A34ED, cid=382
2019-09-24 17:00:09,162 TRACE util.FileUtils (LogUtils.java:runAndLog(61)) - Successfully ran Files.move /workdir/ratis-test/target/test/data/e0ec9561/MiniRaftClusterWithSimulatedRpce2213dd2/s2/bc16a33f-4125-4cb3-9efe-e65baae935fd/current/log_inprogress_103 to /workdir/ratis-test/target/test/data/e0ec9561/MiniRaftClusterWithSimulatedRpce2213dd2/s2/bc16a33f-4125-4cb3-9efe-e65baae935fd/current/log_103-105
2019-09-24 17:00:09,162 TRACE util.FileUtils (LogUtils.java:runAndLog(61)) - Successfully ran Files.move /workdir/ratis-test/target/test/data/e0ec9561/MiniRaftClusterWithSimulatedRpce2213dd2/s1/bc16a33f-4125-4cb3-9efe-e65baae935fd/current/log_inprogress_103 to /workdir/ratis-test/target/test/data/e0ec9561/MiniRaftClusterWithSimulatedRpce2213dd2/s1/bc16a33f-4125-4cb3-9efe-e65baae935fd/current/log_103-105
2019-09-24 17:00:09,162 INFO  segmented.SegmentedRaftLogWorker (SegmentedRaftLogWorker.java:execute(526)) - s2@group-E65BAAE935FD-SegmentedRaftLogWorker: Rolled log segment from /workdir/ratis-test/target/test/data/e0ec9561/MiniRaftClusterWithSimulatedRpce2213dd2/s2/bc16a33f-4125-4cb3-9efe-e65baae935fd/current/log_inprogress_103 to /workdir/ratis-test/target/test/data/e0ec9561/MiniRaftClusterWithSimulatedRpce2213dd2/s2/bc16a33f-4125-4cb3-9efe-e65baae935fd/current/log_103-105
2019-09-24 17:00:09,162 INFO  segmented.SegmentedRaftLogWorker (SegmentedRaftLogWorker.java:execute(526)) - s1@group-E65BAAE935FD-SegmentedRaftLogWorker: Rolled log segment from /workdir/ratis-test/target/test/data/e0ec9561/MiniRaftClusterWithSimulatedRpce2213dd2/s1/bc16a33f-4125-4cb3-9efe-e65baae935fd/current/log_inprogress_103 to /workdir/ratis-test/target/test/data/e0ec9561/MiniRaftClusterWithSimulatedRpce2213dd2/s1/bc16a33f-4125-4cb3-9efe-e65baae935fd/current/log_103-105
2019-09-24 17:00:09,162 INFO  statemachine.SimpleStateMachine4Testing (SimpleStateMachine4Testing.java:put(198)) - s2: put 103, 2222222222... -> (t:2, i:103), STATEMACHINELOGENTRY, client-524B73A117F1, cid=383
2019-09-24 17:00:09,163 INFO  statemachine.SimpleStateMachine4Testing (SimpleStateMachine4Testing.java:put(198)) - s2: put 105, 2222222222... -> (t:2, i:105), STATEMACHINELOGENTRY, client-B07594A0E5F2, cid=384
2019-09-24 17:00:09,163 INFO  segmented.SegmentedRaftLogWorker (SegmentedRaftLogWorker.java:rollLogSegment(385)) - s2@group-E65BAAE935FD-SegmentedRaftLogWorker: Rolling segment log-109_110 to index:110
2019-09-24 17:00:09,164 INFO  segmented.SegmentedRaftLogWorker (SegmentedRaftLogWorker.java:rollLogSegment(385)) - s2@group-E65BAAE935FD-SegmentedRaftLogWorker: Rolling segment log-111_111 to index:111
2019-09-24 17:00:09,204 TRACE util.FileUtils (LogUtils.java:runAndLog(61)) - Successfully ran Files.move /workdir/ratis-test/target/test/data/e0ec9561/MiniRaftClusterWithSimulatedRpce2213dd2/s0/bc16a33f-4125-4cb3-9efe-e65baae935fd/current/log_inprogress_103 to /workdir/ratis-test/target/test/data/e0ec9561/MiniRaftClusterWithSimulatedRpce2213dd2/s0/bc16a33f-4125-4cb3-9efe-e65baae935fd/current/log_103-105
2019-09-24 17:00:09,205 INFO  segmented.SegmentedRaftLogWorker (SegmentedRaftLogWorker.java:execute(526)) - s0@group-E65BAAE935FD-SegmentedRaftLogWorker: Rolled log segment from /workdir/ratis-test/target/test/data/e0ec9561/MiniRaftClusterWithSimulatedRpce2213dd2/s0/bc16a33f-4125-4cb3-9efe-e65baae935fd/current/log_inprogress_103 to /workdir/ratis-test/target/test/data/e0ec9561/MiniRaftClusterWithSimulatedRpce2213dd2/s0/bc16a33f-4125-4cb3-9efe-e65baae935fd/current/log_103-105
2019-09-24 17:00:10,813 INFO  ratis.MiniRaftCluster (MiniRaftCluster.java:lambda$null$5(297)) - TIMED-PRINT: printing ALL groups
  s0:  RUNNING    LEADER s0@group-3FFDBCE920FC:t1, leader=s0, voted=s0, raftlog=s0@group-3FFDBCE920FC-SegmentedRaftLog:OPENED:c20,f20,i20, conf=0: [s0:0.0.0.0:43661, s1:0.0.0.0:40785, s2:0.0.0.0:33810], old=null RUNNING
  s1:  RUNNING  FOLLOWER s1@group-3FFDBCE920FC:t1, leader=s0, voted=s0, raftlog=s1@group-3FFDBCE920FC-SegmentedRaftLog:OPENED:c20,f20,i20, conf=0: [s0:0.0.0.0:43661, s1:0.0.0.0:40785, s2:0.0.0.0:33810], old=null RUNNING
  s2:  RUNNING  FOLLOWER s2@group-3FFDBCE920FC:t1, leader=s0, voted=s0, raftlog=s2@group-3FFDBCE920FC-SegmentedRaftLog:OPENED:c20,f20,i20, conf=0: [s0:0.0.0.0:43661, s1:0.0.0.0:40785, s2:0.0.0.0:33810], old=null RUNNING
2019-09-24 17:00:11,567 INFO  ratis.MiniRaftCluster (MiniRaftCluster.java:lambda$null$5(297)) - TIMED-PRINT: printing ALL groups
  s0:  RUNNING  FOLLOWER s0@group-E65BAAE935FD:t2, leader=s2, voted=s0, raftlog=s0@group-E65BAAE935FD-SegmentedRaftLog:OPENED:c102,f105,i107, conf=0: [s0:0.0.0.0:35484, s1:0.0.0.0:33343, s2:0.0.0.0:46273], old=null RUNNING
  s1:  RUNNING  FOLLOWER s1@group-E65BAAE935FD:t2, leader=s2, voted=s2, raftlog=s1@group-E65BAAE935FD-SegmentedRaftLog:OPENED:c100,f105,i107, conf=0: [s0:0.0.0.0:35484, s1:0.0.0.0:33343, s2:0.0.0.0:46273], old=null RUNNING
  s2:  RUNNING    LEADER s2@group-E65BAAE935FD:t2, leader=s2, voted=s2, raftlog=s2@group-E65BAAE935FD-SegmentedRaftLog:OPENED:c105,f105,i112, conf=0: [s0:0.0.0.0:35484, s1:0.0.0.0:33343, s2:0.0.0.0:46273], old=null RUNNING
2019-09-24 17:00:12,151 WARN  impl.LogAppender (LogAppender.java:sendAppendEntriesWithRetries(274)) - s2@group-E65BAAE935FD->s1-LogAppender: Failed to appendEntries (retry=1): java.io.IOException: Timeout while waiting for reply of request org.apache.ratis.server.simulation.RaftServerRequest@765c246e
2019-09-24 17:00:12,178 INFO  statemachine.SimpleStateMachine4Testing (SimpleStateMachine4Testing.java:put(198)) - s1: put 101, 2222222222... -> (t:2, i:101), STATEMACHINELOGENTRY, client-44073FEAA4C6, cid=381
2019-09-24 17:00:12,179 INFO  segmented.SegmentedRaftLogWorker (SegmentedRaftLogWorker.java:rollLogSegment(385)) - s1@group-E65BAAE935FD-SegmentedRaftLogWorker: Rolling segment log-106_107 to index:107
2019-09-24 17:00:12,179 INFO  statemachine.SimpleStateMachine4Testing (SimpleStateMachine4Testing.java:put(198)) - s1: put 102, 2222222222... -> (t:2, i:102), STATEMACHINELOGENTRY, client-8CFC123A34ED, cid=382
2019-09-24 17:00:12,205 WARN  impl.LogAppender (LogAppender.java:sendAppendEntriesWithRetries(274)) - s2@group-E65BAAE935FD->s0-LogAppender: Failed to appendEntries (retry=1): java.io.IOException: Timeout while waiting for reply of request org.apache.ratis.server.simulation.RaftServerRequest@2fa681e5
2019-09-24 17:00:12,231 INFO  segmented.SegmentedRaftLogWorker (SegmentedRaftLogWorker.java:rollLogSegment(385)) - s0@group-E65BAAE935FD-SegmentedRaftLogWorker: Rolling segment log-106_107 to index:107
2019-09-24 17:00:15,178 WARN  impl.LogAppender (LogAppender.java:sendAppendEntriesWithRetries(274)) - s2@group-E65BAAE935FD->s1-LogAppender: Failed to appendEntries (retry=1): java.io.IOException: Timeout while waiting for reply of request org.apache.ratis.server.simulation.RaftServerRequest@3d756178
2019-09-24 17:00:15,204 INFO  statemachine.SimpleStateMachine4Testing (SimpleStateMachine4Testing.java:put(198)) - s1: put 103, 2222222222... -> (t:2, i:103), STATEMACHINELOGENTRY, client-524B73A117F1, cid=383
2019-09-24 17:00:15,205 INFO  segmented.SegmentedRaftLogWorker (SegmentedRaftLogWorker.java:rollLogSegment(385)) - s1@group-E65BAAE935FD-SegmentedRaftLogWorker: Rolling segment log-108_108 to index:108
2019-09-24 17:00:15,205 INFO  statemachine.SimpleStateMachine4Testing (SimpleStateMachine4Testing.java:put(198)) - s1: put 105, 2222222222... -> (t:2, i:105), STATEMACHINELOGENTRY, client-B07594A0E5F2, cid=384
2019-09-24 17:00:15,231 WARN  impl.LogAppender (LogAppender.java:sendAppendEntriesWithRetries(274)) - s2@group-E65BAAE935FD->s0-LogAppender: Failed to appendEntries (retry=1): java.io.IOException: Timeout while waiting for reply of request org.apache.ratis.server.simulation.RaftServerRequest@36e2eb38
2019-09-24 17:00:15,256 INFO  statemachine.SimpleStateMachine4Testing (SimpleStateMachine4Testing.java:put(198)) - s0: put 103, 2222222222... -> (t:2, i:103), STATEMACHINELOGENTRY, client-524B73A117F1, cid=383
2019-09-24 17:00:15,257 INFO  segmented.SegmentedRaftLogWorker (SegmentedRaftLogWorker.java:rollLogSegment(385)) - s0@group-E65BAAE935FD-SegmentedRaftLogWorker: Rolling segment log-108_108 to index:108
2019-09-24 17:00:15,257 INFO  statemachine.SimpleStateMachine4Testing (SimpleStateMachine4Testing.java:put(198)) - s0: put 105, 2222222222... -> (t:2, i:105), STATEMACHINELOGENTRY, client-B07594A0E5F2, cid=384
2019-09-24 17:00:18,205 WARN  impl.LogAppender (LogAppender.java:sendAppendEntriesWithRetries(274)) - s2@group-E65BAAE935FD->s1-LogAppender: Failed to appendEntries (retry=1): java.io.IOException: Timeout while waiting for reply of request org.apache.ratis.server.simulation.RaftServerRequest@7c6375ea
2019-09-24 17:00:18,257 WARN  impl.LogAppender (LogAppender.java:sendAppendEntriesWithRetries(274)) - s2@group-E65BAAE935FD->s0-LogAppender: Failed to appendEntries (retry=1): java.io.IOException: Timeout while waiting for reply of request org.apache.ratis.server.simulation.RaftServerRequest@4add9249
2019-09-24 17:00:20,812 INFO  ratis.MiniRaftCluster (MiniRaftCluster.java:lambda$null$5(297)) - TIMED-PRINT: printing ALL groups
  s0:  RUNNING    LEADER s0@group-3FFDBCE920FC:t1, leader=s0, voted=s0, raftlog=s0@group-3FFDBCE920FC-SegmentedRaftLog:OPENED:c20,f20,i20, conf=0: [s0:0.0.0.0:43661, s1:0.0.0.0:40785, s2:0.0.0.0:33810], old=null RUNNING
  s1:  RUNNING  FOLLOWER s1@group-3FFDBCE920FC:t1, leader=s0, voted=s0, raftlog=s1@group-3FFDBCE920FC-SegmentedRaftLog:OPENED:c20,f20,i20, conf=0: [s0:0.0.0.0:43661, s1:0.0.0.0:40785, s2:0.0.0.0:33810], old=null RUNNING
  s2:  RUNNING  FOLLOWER s2@group-3FFDBCE920FC:t1, leader=s0, voted=s0, raftlog=s2@group-3FFDBCE920FC-SegmentedRaftLog:OPENED:c20,f20,i20, conf=0: [s0:0.0.0.0:43661, s1:0.0.0.0:40785, s2:0.0.0.0:33810], old=null RUNNING
2019-09-24 17:00:21,315 INFO  segmented.SegmentedRaftLogWorker (SegmentedRaftLogWorker.java:execute(569)) - s1@group-E65BAAE935FD-SegmentedRaftLogWorker: created new log segment /workdir/ratis-test/target/test/data/e0ec9561/MiniRaftClusterWithSimulatedRpce2213dd2/s1/bc16a33f-4125-4cb3-9efe-e65baae935fd/current/log_inprogress_106
2019-09-24 17:00:21,315 INFO  segmented.SegmentedRaftLogWorker (SegmentedRaftLogWorker.java:execute(569)) - s0@group-E65BAAE935FD-SegmentedRaftLogWorker: created new log segment /workdir/ratis-test/target/test/data/e0ec9561/MiniRaftClusterWithSimulatedRpce2213dd2/s0/bc16a33f-4125-4cb3-9efe-e65baae935fd/current/log_inprogress_106
2019-09-24 17:00:21,315 INFO  segmented.SegmentedRaftLogWorker (SegmentedRaftLogWorker.java:execute(569)) - s2@group-E65BAAE935FD-SegmentedRaftLogWorker: created new log segment /workdir/ratis-test/target/test/data/e0ec9561/MiniRaftClusterWithSimulatedRpce2213dd2/s2/bc16a33f-4125-4cb3-9efe-e65baae935fd/current/log_inprogress_106
2019-09-24 17:00:21,566 INFO  ratis.MiniRaftCluster (MiniRaftCluster.java:lambda$null$5(297)) - TIMED-PRINT: printing ALL groups
  s0:  RUNNING  FOLLOWER s0@group-E65BAAE935FD:t2, leader=s2, voted=s0, raftlog=s0@group-E65BAAE935FD-SegmentedRaftLog:OPENED:c105,f105,i110, conf=0: [s0:0.0.0.0:35484, s1:0.0.0.0:33343, s2:0.0.0.0:46273], old=null RUNNING
  s1:  RUNNING  FOLLOWER s1@group-E65BAAE935FD:t2, leader=s2, voted=s2, raftlog=s1@group-E65BAAE935FD-SegmentedRaftLog:OPENED:c105,f105,i110, conf=0: [s0:0.0.0.0:35484, s1:0.0.0.0:33343, s2:0.0.0.0:46273], old=null RUNNING
  s2:  RUNNING    LEADER s2@group-E65BAAE935FD:t2, leader=s2, voted=s2, raftlog=s2@group-E65BAAE935FD-SegmentedRaftLog:OPENED:c105,f105,i113, conf=0: [s0:0.0.0.0:35484, s1:0.0.0.0:33343, s2:0.0.0.0:46273], old=null RUNNING
2019-09-24 17:00:26,476 TRACE util.FileUtils (LogUtils.java:runAndLog(61)) - Successfully ran Files.move /workdir/ratis-test/target/test/data/e0ec9561/MiniRaftClusterWithSimulatedRpce2213dd2/s0/bc16a33f-4125-4cb3-9efe-e65baae935fd/current/log_inprogress_106 to /workdir/ratis-test/target/test/data/e0ec9561/MiniRaftClusterWithSimulatedRpce2213dd2/s0/bc16a33f-4125-4cb3-9efe-e65baae935fd/current/log_106-107
2019-09-24 17:00:26,477 INFO  segmented.SegmentedRaftLogWorker (SegmentedRaftLogWorker.java:execute(526)) - s0@group-E65BAAE935FD-SegmentedRaftLogWorker: Rolled log segment from /workdir/ratis-test/target/test/data/e0ec9561/MiniRaftClusterWithSimulatedRpce2213dd2/s0/bc16a33f-4125-4cb3-9efe-e65baae935fd/current/log_inprogress_106 to /workdir/ratis-test/target/test/data/e0ec9561/MiniRaftClusterWithSimulatedRpce2213dd2/s0/bc16a33f-4125-4cb3-9efe-e65baae935fd/current/log_106-107
2019-09-24 17:00:26,479 INFO  segmented.SegmentedRaftLogWorker (SegmentedRaftLogWorker.java:rollLogSegment(385)) - s0@group-E65BAAE935FD-SegmentedRaftLogWorker: Rolling segment log-109_110 to index:110
2019-09-24 17:00:26,541 TRACE util.FileUtils (LogUtils.java:runAndLog(61)) - Successfully ran Files.move /workdir/ratis-test/target/test/data/e0ec9561/MiniRaftClusterWithSimulatedRpce2213dd2/s1/bc16a33f-4125-4cb3-9efe-e65baae935fd/current/log_inprogress_106 to /workdir/ratis-test/target/test/data/e0ec9561/MiniRaftClusterWithSimulatedRpce2213dd2/s1/bc16a33f-4125-4cb3-9efe-e65baae935fd/current/log_106-107
2019-09-24 17:00:26,541 TRACE util.FileUtils (LogUtils.java:runAndLog(61)) - Successfully ran Files.move /workdir/ratis-test/target/test/data/e0ec9561/MiniRaftClusterWithSimulatedRpce2213dd2/s2/bc16a33f-4125-4cb3-9efe-e65baae935fd/current/log_inprogress_106 to /workdir/ratis-test/target/test/data/e0ec9561/MiniRaftClusterWithSimulatedRpce2213dd2/s2/bc16a33f-4125-4cb3-9efe-e65baae935fd/current/log_106-107
2019-09-24 17:00:26,541 INFO  segmented.SegmentedRaftLogWorker (SegmentedRaftLogWorker.java:execute(526)) - s1@group-E65BAAE935FD-SegmentedRaftLogWorker: Rolled log segment from /workdir/ratis-test/target/test/data/e0ec9561/MiniRaftClusterWithSimulatedRpce2213dd2/s1/bc16a33f-4125-4cb3-9efe-e65baae935fd/current/log_inprogress_106 to /workdir/ratis-test/target/test/data/e0ec9561/MiniRaftClusterWithSimulatedRpce2213dd2/s1/bc16a33f-4125-4cb3-9efe-e65baae935fd/current/log_106-107
2019-09-24 17:00:26,541 INFO  segmented.SegmentedRaftLogWorker (SegmentedRaftLogWorker.java:execute(526)) - s2@group-E65BAAE935FD-SegmentedRaftLogWorker: Rolled log segment from /workdir/ratis-test/target/test/data/e0ec9561/MiniRaftClusterWithSimulatedRpce2213dd2/s2/bc16a33f-4125-4cb3-9efe-e65baae935fd/current/log_inprogress_106 to /workdir/ratis-test/target/test/data/e0ec9561/MiniRaftClusterWithSimulatedRpce2213dd2/s2/bc16a33f-4125-4cb3-9efe-e65baae935fd/current/log_106-107
2019-09-24 17:00:26,542 INFO  statemachine.SimpleStateMachine4Testing (SimpleStateMachine4Testing.java:put(198)) - s2: put 106, 3333333333... -> (t:2, i:106), STATEMACHINELOGENTRY, client-B6F390E87052, cid=385
2019-09-24 17:00:26,543 INFO  segmented.SegmentedRaftLogWorker (SegmentedRaftLogWorker.java:rollLogSegment(385)) - s1@group-E65BAAE935FD-SegmentedRaftLogWorker: Rolling segment log-109_110 to index:110
2019-09-24 17:00:26,544 INFO  segmented.SegmentedRaftLogWorker (SegmentedRaftLogWorker.java:rollLogSegment(385)) - s2@group-E65BAAE935FD-SegmentedRaftLogWorker: Rolling segment log-112_113 to index:113
2019-09-24 17:00:29,479 WARN  impl.LogAppender (LogAppender.java:sendAppendEntriesWithRetries(274)) - s2@group-E65BAAE935FD->s0-LogAppender: Failed to appendEntries (retry=1): java.io.IOException: Timeout while waiting for reply of request org.apache.ratis.server.simulation.RaftServerRequest@6cb95462
2019-09-24 17:00:29,543 WARN  impl.LogAppender (LogAppender.java:sendAppendEntriesWithRetries(274)) - s2@group-E65BAAE935FD->s1-LogAppender: Failed to appendEntries (retry=1): java.io.IOException: Timeout while waiting for reply of request org.apache.ratis.server.simulation.RaftServerRequest@8f8668b
2019-09-24 17:00:30,812 INFO  ratis.MiniRaftCluster (MiniRaftCluster.java:lambda$null$5(297)) - TIMED-PRINT: printing ALL groups
  s0:  RUNNING    LEADER s0@group-3FFDBCE920FC:t1, leader=s0, voted=s0, raftlog=s0@group-3FFDBCE920FC-SegmentedRaftLog:OPENED:c20,f20,i20, conf=0: [s0:0.0.0.0:43661, s1:0.0.0.0:40785, s2:0.0.0.0:33810], old=null RUNNING
  s1:  RUNNING  FOLLOWER s1@group-3FFDBCE920FC:t1, leader=s0, voted=s0, raftlog=s1@group-3FFDBCE920FC-SegmentedRaftLog:OPENED:c20,f20,i20, conf=0: [s0:0.0.0.0:43661, s1:0.0.0.0:40785, s2:0.0.0.0:33810], old=null RUNNING
  s2:  RUNNING  FOLLOWER s2@group-3FFDBCE920FC:t1, leader=s0, voted=s0, raftlog=s2@group-3FFDBCE920FC-SegmentedRaftLog:OPENED:c20,f20,i20, conf=0: [s0:0.0.0.0:43661, s1:0.0.0.0:40785, s2:0.0.0.0:33810], old=null RUNNING
2019-09-24 17:00:31,565 INFO  ratis.MiniRaftCluster (MiniRaftCluster.java:lambda$null$5(297)) - TIMED-PRINT: printing ALL groups
  s0:  RUNNING  FOLLOWER s0@group-E65BAAE935FD:t2, leader=s2, voted=s0, raftlog=s0@group-E65BAAE935FD-SegmentedRaftLog:OPENED:c105,f107,i111, conf=0: [s0:0.0.0.0:35484, s1:0.0.0.0:33343, s2:0.0.0.0:46273], old=null RUNNING
  s1:  RUNNING  FOLLOWER s1@group-E65BAAE935FD:t2, leader=s2, voted=s2, raftlog=s1@group-E65BAAE935FD-SegmentedRaftLog:OPENED:c105,f107,i111, conf=0: [s0:0.0.0.0:35484, s1:0.0.0.0:33343, s2:0.0.0.0:46273], old=null RUNNING
  s2:  RUNNING    LEADER s2@group-E65BAAE935FD:t2, leader=s2, voted=s2, raftlog=s2@group-E65BAAE935FD-SegmentedRaftLog:OPENED:c107,f107,i114, conf=0: [s0:0.0.0.0:35484, s1:0.0.0.0:33343, s2:0.0.0.0:46273], old=null RUNNING
2019-09-24 17:00:31,648 INFO  segmented.SegmentedRaftLogWorker (SegmentedRaftLogWorker.java:execute(569)) - s0@group-E65BAAE935FD-SegmentedRaftLogWorker: created new log segment /workdir/ratis-test/target/test/data/e0ec9561/MiniRaftClusterWithSimulatedRpce2213dd2/s0/bc16a33f-4125-4cb3-9efe-e65baae935fd/current/log_inprogress_108
2019-09-24 17:00:36,809 TRACE util.FileUtils (LogUtils.java:runAndLog(61)) - Successfully ran Files.move /workdir/ratis-test/target/test/data/e0ec9561/MiniRaftClusterWithSimulatedRpce2213dd2/s0/bc16a33f-4125-4cb3-9efe-e65baae935fd/current/log_inprogress_108 to /workdir/ratis-test/target/test/data/e0ec9561/MiniRaftClusterWithSimulatedRpce2213dd2/s0/bc16a33f-4125-4cb3-9efe-e65baae935fd/current/log_108-108
2019-09-24 17:00:36,809 INFO  segmented.SegmentedRaftLogWorker (SegmentedRaftLogWorker.java:execute(526)) - s0@group-E65BAAE935FD-SegmentedRaftLogWorker: Rolled log segment from /workdir/ratis-test/target/test/data/e0ec9561/MiniRaftClusterWithSimulatedRpce2213dd2/s0/bc16a33f-4125-4cb3-9efe-e65baae935fd/current/log_inprogress_108 to /workdir/ratis-test/target/test/data/e0ec9561/MiniRaftClusterWithSimulatedRpce2213dd2/s0/bc16a33f-4125-4cb3-9efe-e65baae935fd/current/log_108-108
2019-09-24 17:00:36,811 INFO  segmented.SegmentedRaftLogWorker (SegmentedRaftLogWorker.java:rollLogSegment(385)) - s0@group-E65BAAE935FD-SegmentedRaftLogWorker: Rolling segment log-111_111 to index:111
2019-09-24 17:00:36,821 INFO  segmented.SegmentedRaftLogWorker (SegmentedRaftLogWorker.java:execute(569)) - s2@group-E65BAAE935FD-SegmentedRaftLogWorker: created new log segment /workdir/ratis-test/target/test/data/e0ec9561/MiniRaftClusterWithSimulatedRpce2213dd2/s2/bc16a33f-4125-4cb3-9efe-e65baae935fd/current/log_inprogress_108
2019-09-24 17:00:36,821 INFO  segmented.SegmentedRaftLogWorker (SegmentedRaftLogWorker.java:execute(569)) - s1@group-E65BAAE935FD-SegmentedRaftLogWorker: created new log segment /workdir/ratis-test/target/test/data/e0ec9561/MiniRaftClusterWithSimulatedRpce2213dd2/s1/bc16a33f-4125-4cb3-9efe-e65baae935fd/current/log_inprogress_108
2019-09-24 17:00:36,822 TRACE util.FileUtils (LogUtils.java:runAndLog(61)) - Successfully ran Files.move /workdir/ratis-test/target/test/data/e0ec9561/MiniRaftClusterWithSimulatedRpce2213dd2/s1/bc16a33f-4125-4cb3-9efe-e65baae935fd/current/log_inprogress_108 to /workdir/ratis-test/target/test/data/e0ec9561/MiniRaftClusterWithSimulatedRpce2213dd2/s1/bc16a33f-4125-4cb3-9efe-e65baae935fd/current/log_108-108
2019-09-24 17:00:36,823 INFO  segmented.SegmentedRaftLogWorker (SegmentedRaftLogWorker.java:execute(526)) - s1@group-E65BAAE935FD-SegmentedRaftLogWorker: Rolled log segment from /workdir/ratis-test/target/test/data/e0ec9561/MiniRaftClusterWithSimulatedRpce2213dd2/s1/bc16a33f-4125-4cb3-9efe-e65baae935fd/current/log_inprogress_108 to /workdir/ratis-test/target/test/data/e0ec9561/MiniRaftClusterWithSimulatedRpce2213dd2/s1/bc16a33f-4125-4cb3-9efe-e65baae935fd/current/log_108-108
2019-09-24 17:00:36,824 INFO  statemachine.SimpleStateMachine4Testing (SimpleStateMachine4Testing.java:put(198)) - s1: put 106, 3333333333... -> (t:2, i:106), STATEMACHINELOGENTRY, client-B6F390E87052, cid=385
2019-09-24 17:00:36,825 INFO  segmented.SegmentedRaftLogWorker (SegmentedRaftLogWorker.java:rollLogSegment(385)) - s1@group-E65BAAE935FD-SegmentedRaftLogWorker: Rolling segment log-111_111 to index:111
2019-09-24 17:00:38,873 TRACE util.FileUtils (LogUtils.java:runAndLog(61)) - Successfully ran Files.move /workdir/ratis-test/target/test/data/e0ec9561/MiniRaftClusterWithSimulatedRpce2213dd2/s2/bc16a33f-4125-4cb3-9efe-e65baae935fd/current/log_inprogress_108 to /workdir/ratis-test/target/test/data/e0ec9561/MiniRaftClusterWithSimulatedRpce2213dd2/s2/bc16a33f-4125-4cb3-9efe-e65baae935fd/current/log_108-108
2019-09-24 17:00:38,874 INFO  segmented.SegmentedRaftLogWorker (SegmentedRaftLogWorker.java:execute(526)) - s2@group-E65BAAE935FD-SegmentedRaftLogWorker: Rolled log segment from /workdir/ratis-test/target/test/data/e0ec9561/MiniRaftClusterWithSimulatedRpce2213dd2/s2/bc16a33f-4125-4cb3-9efe-e65baae935fd/current/log_inprogress_108 to /workdir/ratis-test/target/test/data/e0ec9561/MiniRaftClusterWithSimulatedRpce2213dd2/s2/bc16a33f-4125-4cb3-9efe-e65baae935fd/current/log_108-108
2019-09-24 17:00:38,874 INFO  statemachine.SimpleStateMachine4Testing (SimpleStateMachine4Testing.java:put(198)) - s2: put 108, 3333333333... -> (t:2, i:108), STATEMACHINELOGENTRY, client-44073FEAA4C6, cid=386
2019-09-24 17:00:38,875 INFO  segmented.SegmentedRaftLogWorker (SegmentedRaftLogWorker.java:rollLogSegment(385)) - s2@group-E65BAAE935FD-SegmentedRaftLogWorker: Rolling segment log-114_115 to index:115
2019-09-24 17:00:38,884 INFO  segmented.SegmentedRaftLogWorker (SegmentedRaftLogWorker.java:execute(569)) - s0@group-E65BAAE935FD-SegmentedRaftLogWorker: created new log segment /workdir/ratis-test/target/test/data/e0ec9561/MiniRaftClusterWithSimulatedRpce2213dd2/s0/bc16a33f-4125-4cb3-9efe-e65baae935fd/current/log_inprogress_109
2019-09-24 17:00:39,811 WARN  impl.LogAppender (LogAppender.java:sendAppendEntriesWithRetries(274)) - s2@group-E65BAAE935FD->s0-LogAppender: Failed to appendEntries (retry=1): java.io.IOException: Timeout while waiting for reply of request org.apache.ratis.server.simulation.RaftServerRequest@73750314
2019-09-24 17:00:39,825 WARN  impl.LogAppender (LogAppender.java:sendAppendEntriesWithRetries(274)) - s2@group-E65BAAE935FD->s1-LogAppender: Failed to appendEntries (retry=1): java.io.IOException: Timeout while waiting for reply of request org.apache.ratis.server.simulation.RaftServerRequest@60c4f3cc
2019-09-24 17:00:40,813 INFO  ratis.MiniRaftCluster (MiniRaftCluster.java:lambda$null$5(297)) - TIMED-PRINT: printing ALL groups
  s0:  RUNNING    LEADER s0@group-3FFDBCE920FC:t1, leader=s0, voted=s0, raftlog=s0@group-3FFDBCE920FC-SegmentedRaftLog:OPENED:c20,f20,i20, conf=0: [s0:0.0.0.0:43661, s1:0.0.0.0:40785, s2:0.0.0.0:33810], old=null RUNNING
  s1:  RUNNING  FOLLOWER s1@group-3FFDBCE920FC:t1, leader=s0, voted=s0, raftlog=s1@group-3FFDBCE920FC-SegmentedRaftLog:OPENED:c20,f20,i20, conf=0: [s0:0.0.0.0:43661, s1:0.0.0.0:40785, s2:0.0.0.0:33810], old=null RUNNING
  s2:  RUNNING  FOLLOWER s2@group-3FFDBCE920FC:t1, leader=s0, voted=s0, raftlog=s2@group-3FFDBCE920FC-SegmentedRaftLog:OPENED:c20,f20,i20, conf=0: [s0:0.0.0.0:43661, s1:0.0.0.0:40785, s2:0.0.0.0:33810], old=null RUNNING
2019-09-24 17:00:41,566 INFO  ratis.MiniRaftCluster (MiniRaftCluster.java:lambda$null$5(297)) - TIMED-PRINT: printing ALL groups
  s0:  RUNNING  FOLLOWER s0@group-E65BAAE935FD:t2, leader=s2, voted=s0, raftlog=s0@group-E65BAAE935FD-SegmentedRaftLog:OPENED:c105,f108,i113, conf=0: [s0:0.0.0.0:35484, s1:0.0.0.0:33343, s2:0.0.0.0:46273], old=null RUNNING
  s1:  RUNNING  FOLLOWER s1@group-E65BAAE935FD:t2, leader=s2, voted=s2, raftlog=s1@group-E65BAAE935FD-SegmentedRaftLog:OPENED:c107,f108,i113, conf=0: [s0:0.0.0.0:35484, s1:0.0.0.0:33343, s2:0.0.0.0:46273], old=null RUNNING
  s2:  RUNNING    LEADER s2@group-E65BAAE935FD:t2, leader=s2, voted=s2, raftlog=s2@group-E65BAAE935FD-SegmentedRaftLog:OPENED:c108,f108,i116, conf=0: [s0:0.0.0.0:35484, s1:0.0.0.0:33343, s2:0.0.0.0:46273], old=null RUNNING
2019-09-24 17:00:44,180 TRACE util.FileUtils (LogUtils.java:runAndLog(61)) - Successfully ran Files.move /workdir/ratis-test/target/test/data/e0ec9561/MiniRaftClusterWithSimulatedRpce2213dd2/s0/bc16a33f-4125-4cb3-9efe-e65baae935fd/current/log_inprogress_109 to /workdir/ratis-test/target/test/data/e0ec9561/MiniRaftClusterWithSimulatedRpce2213dd2/s0/bc16a33f-4125-4cb3-9efe-e65baae935fd/current/log_109-110
2019-09-24 17:00:44,181 INFO  segmented.SegmentedRaftLogWorker (SegmentedRaftLogWorker.java:execute(526)) - s0@group-E65BAAE935FD-SegmentedRaftLogWorker: Rolled log segment from /workdir/ratis-test/target/test/data/e0ec9561/MiniRaftClusterWithSimulatedRpce2213dd2/s0/bc16a33f-4125-4cb3-9efe-e65baae935fd/current/log_inprogress_109 to /workdir/ratis-test/target/test/data/e0ec9561/MiniRaftClusterWithSimulatedRpce2213dd2/s0/bc16a33f-4125-4cb3-9efe-e65baae935fd/current/log_109-110
2019-09-24 17:00:44,182 INFO  statemachine.SimpleStateMachine4Testing (SimpleStateMachine4Testing.java:put(198)) - s0: put 106, 3333333333... -> (t:2, i:106), STATEMACHINELOGENTRY, client-B6F390E87052, cid=385
2019-09-24 17:00:44,183 INFO  segmented.SegmentedRaftLogWorker (SegmentedRaftLogWorker.java:rollLogSegment(385)) - s0@group-E65BAAE935FD-SegmentedRaftLogWorker: Rolling segment log-112_113 to index:113
2019-09-24 17:00:44,183 INFO  segmented.SegmentedRaftLogWorker (SegmentedRaftLogWorker.java:execute(569)) - s2@group-E65BAAE935FD-SegmentedRaftLogWorker: created new log segment /workdir/ratis-test/target/test/data/e0ec9561/MiniRaftClusterWithSimulatedRpce2213dd2/s2/bc16a33f-4125-4cb3-9efe-e65baae935fd/current/log_inprogress_109
2019-09-24 17:00:44,183 INFO  segmented.SegmentedRaftLogWorker (SegmentedRaftLogWorker.java:execute(569)) - s1@group-E65BAAE935FD-SegmentedRaftLogWorker: created new log segment /workdir/ratis-test/target/test/data/e0ec9561/MiniRaftClusterWithSimulatedRpce2213dd2/s1/bc16a33f-4125-4cb3-9efe-e65baae935fd/current/log_inprogress_109
2019-09-24 17:00:44,185 TRACE util.FileUtils (LogUtils.java:runAndLog(61)) - Successfully ran Files.move /workdir/ratis-test/target/test/data/e0ec9561/MiniRaftClusterWithSimulatedRpce2213dd2/s2/bc16a33f-4125-4cb3-9efe-e65baae935fd/current/log_inprogress_109 to /workdir/ratis-test/target/test/data/e0ec9561/MiniRaftClusterWithSimulatedRpce2213dd2/s2/bc16a33f-4125-4cb3-9efe-e65baae935fd/current/log_109-110
2019-09-24 17:00:44,185 INFO  segmented.SegmentedRaftLogWorker (SegmentedRaftLogWorker.java:execute(526)) - s2@group-E65BAAE935FD-SegmentedRaftLogWorker: Rolled log segment from /workdir/ratis-test/target/test/data/e0ec9561/MiniRaftClusterWithSimulatedRpce2213dd2/s2/bc16a33f-4125-4cb3-9efe-e65baae935fd/current/log_inprogress_109 to /workdir/ratis-test/target/test/data/e0ec9561/MiniRaftClusterWithSimulatedRpce2213dd2/s2/bc16a33f-4125-4cb3-9efe-e65baae935fd/current/log_109-110
2019-09-24 17:00:44,185 INFO  statemachine.SimpleStateMachine4Testing (SimpleStateMachine4Testing.java:put(198)) - s2: put 109, 3333333333... -> (t:2, i:109), STATEMACHINELOGENTRY, client-8CFC123A34ED, cid=387
2019-09-24 17:00:44,186 INFO  segmented.SegmentedRaftLogWorker (SegmentedRaftLogWorker.java:rollLogSegment(385)) - s2@group-E65BAAE935FD-SegmentedRaftLogWorker: Rolling segment log-116_116 to index:116
2019-09-24 17:00:47,183 WARN  impl.LogAppender (LogAppender.java:sendAppendEntriesWithRetries(274)) - s2@group-E65BAAE935FD->s0-LogAppender: Failed to appendEntries (retry=1): java.io.IOException: Timeout while waiting for reply of request org.apache.ratis.server.simulation.RaftServerRequest@759d7bf4
2019-09-24 17:00:49,024 TRACE util.FileUtils (LogUtils.java:runAndLog(61)) - Successfully ran Files.move /workdir/ratis-test/target/test/data/e0ec9561/MiniRaftClusterWithSimulatedRpce2213dd2/s1/bc16a33f-4125-4cb3-9efe-e65baae935fd/current/log_inprogress_109 to /workdir/ratis-test/target/test/data/e0ec9561/MiniRaftClusterWithSimulatedRpce2213dd2/s1/bc16a33f-4125-4cb3-9efe-e65baae935fd/current/log_109-110
2019-09-24 17:00:49,024 INFO  segmented.SegmentedRaftLogWorker (SegmentedRaftLogWorker.java:execute(526)) - s1@group-E65BAAE935FD-SegmentedRaftLogWorker: Rolled log segment from /workdir/ratis-test/target/test/data/e0ec9561/MiniRaftClusterWithSimulatedRpce2213dd2/s1/bc16a33f-4125-4cb3-9efe-e65baae935fd/current/log_inprogress_109 to /workdir/ratis-test/target/test/data/e0ec9561/MiniRaftClusterWithSimulatedRpce2213dd2/s1/bc16a33f-4125-4cb3-9efe-e65baae935fd/current/log_109-110
2019-09-24 17:00:49,026 INFO  segmented.SegmentedRaftLogWorker (SegmentedRaftLogWorker.java:rollLogSegment(385)) - s1@group-E65BAAE935FD-SegmentedRaftLogWorker: Rolling segment log-112_113 to index:113
2019-09-24 17:00:49,033 INFO  segmented.SegmentedRaftLogWorker (SegmentedRaftLogWorker.java:execute(569)) - s0@group-E65BAAE935FD-SegmentedRaftLogWorker: created new log segment /workdir/ratis-test/target/test/data/e0ec9561/MiniRaftClusterWithSimulatedRpce2213dd2/s0/bc16a33f-4125-4cb3-9efe-e65baae935fd/current/log_inprogress_111
2019-09-24 17:00:49,082 TRACE util.FileUtils (LogUtils.java:runAndLog(61)) - Successfully ran Files.move /workdir/ratis-test/target/test/data/e0ec9561/MiniRaftClusterWithSimulatedRpce2213dd2/s0/bc16a33f-4125-4cb3-9efe-e65baae935fd/current/log_inprogress_111 to /workdir/ratis-test/target/test/data/e0ec9561/MiniRaftClusterWithSimulatedRpce2213dd2/s0/bc16a33f-4125-4cb3-9efe-e65baae935fd/current/log_111-111
2019-09-24 17:00:49,083 INFO  segmented.SegmentedRaftLogWorker (SegmentedRaftLogWorker.java:execute(526)) - s0@group-E65BAAE935FD-SegmentedRaftLogWorker: Rolled log segment from /workdir/ratis-test/target/test/data/e0ec9561/MiniRaftClusterWithSimulatedRpce2213dd2/s0/bc16a33f-4125-4cb3-9efe-e65baae935fd/current/log_inprogress_111 to /workdir/ratis-test/target/test/data/e0ec9561/MiniRaftClusterWithSimulatedRpce2213dd2/s0/bc16a33f-4125-4cb3-9efe-e65baae935fd/current/log_111-111
2019-09-24 17:00:49,084 INFO  statemachine.SimpleStateMachine4Testing (SimpleStateMachine4Testing.java:put(198)) - s0: put 108, 3333333333... -> (t:2, i:108), STATEMACHINELOGENTRY, client-44073FEAA4C6, cid=386
2019-09-24 17:00:49,084 INFO  segmented.SegmentedRaftLogWorker (SegmentedRaftLogWorker.java:rollLogSegment(385)) - s0@group-E65BAAE935FD-SegmentedRaftLogWorker: Rolling segment log-114_115 to index:115
2019-09-24 17:00:49,093 INFO  segmented.SegmentedRaftLogWorker (SegmentedRaftLogWorker.java:execute(569)) - s1@group-E65BAAE935FD-SegmentedRaftLogWorker: created new log segment /workdir/ratis-test/target/test/data/e0ec9561/MiniRaftClusterWithSimulatedRpce2213dd2/s1/bc16a33f-4125-4cb3-9efe-e65baae935fd/current/log_inprogress_111
2019-09-24 17:00:49,093 INFO  segmented.SegmentedRaftLogWorker (SegmentedRaftLogWorker.java:execute(569)) - s2@group-E65BAAE935FD-SegmentedRaftLogWorker: created new log segment /workdir/ratis-test/target/test/data/e0ec9561/MiniRaftClusterWithSimulatedRpce2213dd2/s2/bc16a33f-4125-4cb3-9efe-e65baae935fd/current/log_inprogress_111
2019-09-24 17:00:49,114 TRACE util.FileUtils (LogUtils.java:runAndLog(61)) - Successfully ran Files.move /workdir/ratis-test/target/test/data/e0ec9561/MiniRaftClusterWithSimulatedRpce2213dd2/s1/bc16a33f-4125-4cb3-9efe-e65baae935fd/current/log_inprogress_111 to /workdir/ratis-test/target/test/data/e0ec9561/MiniRaftClusterWithSimulatedRpce2213dd2/s1/bc16a33f-4125-4cb3-9efe-e65baae935fd/current/log_111-111
2019-09-24 17:00:49,114 TRACE util.FileUtils (LogUtils.java:runAndLog(61)) - Successfully ran Files.move /workdir/ratis-test/target/test/data/e0ec9561/MiniRaftClusterWithSimulatedRpce2213dd2/s2/bc16a33f-4125-4cb3-9efe-e65baae935fd/current/log_inprogress_111 to /workdir/ratis-test/target/test/data/e0ec9561/MiniRaftClusterWithSimulatedRpce2213dd2/s2/bc16a33f-4125-4cb3-9efe-e65baae935fd/current/log_111-111
2019-09-24 17:00:49,115 INFO  segmented.SegmentedRaftLogWorker (SegmentedRaftLogWorker.java:execute(526)) - s1@group-E65BAAE935FD-SegmentedRaftLogWorker: Rolled log segment from /workdir/ratis-test/target/test/data/e0ec9561/MiniRaftClusterWithSimulatedRpce2213dd2/s1/bc16a33f-4125-4cb3-9efe-e65baae935fd/current/log_inprogress_111 to /workdir/ratis-test/target/test/data/e0ec9561/MiniRaftClusterWithSimulatedRpce2213dd2/s1/bc16a33f-4125-4cb3-9efe-e65baae935fd/current/log_111-111
2019-09-24 17:00:49,115 INFO  segmented.SegmentedRaftLogWorker (SegmentedRaftLogWorker.java:execute(526)) - s2@group-E65BAAE935FD-SegmentedRaftLogWorker: Rolled log segment from /workdir/ratis-test/target/test/data/e0ec9561/MiniRaftClusterWithSimulatedRpce2213dd2/s2/bc16a33f-4125-4cb3-9efe-e65baae935fd/current/log_inprogress_111 to /workdir/ratis-test/target/test/data/e0ec9561/MiniRaftClusterWithSimulatedRpce2213dd2/s2/bc16a33f-4125-4cb3-9efe-e65baae935fd/current/log_111-111
2019-09-24 17:00:49,115 INFO  statemachine.SimpleStateMachine4Testing (SimpleStateMachine4Testing.java:put(198)) - s2: put 111, 3333333333... -> (t:2, i:111), STATEMACHINELOGENTRY, client-524B73A117F1, cid=388
2019-09-24 17:00:49,116 INFO  segmented.SegmentedRaftLogWorker (SegmentedRaftLogWorker.java:rollLogSegment(385)) - s2@group-E65BAAE935FD-SegmentedRaftLogWorker: Rolling segment log-117_117 to index:117
2019-09-24 17:00:49,125 INFO  segmented.SegmentedRaftLogWorker (SegmentedRaftLogWorker.java:execute(569)) - s0@group-E65BAAE935FD-SegmentedRaftLogWorker: created new log segment /workdir/ratis-test/target/test/data/e0ec9561/MiniRaftClusterWithSimulatedRpce2213dd2/s0/bc16a33f-4125-4cb3-9efe-e65baae935fd/current/log_inprogress_112
2019-09-24 17:00:49,147 TRACE util.FileUtils (LogUtils.java:runAndLog(61)) - Successfully ran Files.move /workdir/ratis-test/target/test/data/e0ec9561/MiniRaftClusterWithSimulatedRpce2213dd2/s0/bc16a33f-4125-4cb3-9efe-e65baae935fd/current/log_inprogress_112 to /workdir/ratis-test/target/test/data/e0ec9561/MiniRaftClusterWithSimulatedRpce2213dd2/s0/bc16a33f-4125-4cb3-9efe-e65baae935fd/current/log_112-113
2019-09-24 17:00:49,148 INFO  segmented.SegmentedRaftLogWorker (SegmentedRaftLogWorker.java:execute(526)) - s0@group-E65BAAE935FD-SegmentedRaftLogWorker: Rolled log segment from /workdir/ratis-test/target/test/data/e0ec9561/MiniRaftClusterWithSimulatedRpce2213dd2/s0/bc16a33f-4125-4cb3-9efe-e65baae935fd/current/log_inprogress_112 to /workdir/ratis-test/target/test/data/e0ec9561/MiniRaftClusterWithSimulatedRpce2213dd2/s0/bc16a33f-4125-4cb3-9efe-e65baae935fd/current/log_112-113
2019-09-24 17:00:49,156 INFO  segmented.SegmentedRaftLogWorker (SegmentedRaftLogWorker.java:execute(569)) - s2@group-E65BAAE935FD-SegmentedRaftLogWorker: created new log segment /workdir/ratis-test/target/test/data/e0ec9561/MiniRaftClusterWithSimulatedRpce2213dd2/s2/bc16a33f-4125-4cb3-9efe-e65baae935fd/current/log_inprogress_112
2019-09-24 17:00:49,156 INFO  segmented.SegmentedRaftLogWorker (SegmentedRaftLogWorker.java:execute(569)) - s1@group-E65BAAE935FD-SegmentedRaftLogWorker: created new log segment /workdir/ratis-test/target/test/data/e0ec9561/MiniRaftClusterWithSimulatedRpce2213dd2/s1/bc16a33f-4125-4cb3-9efe-e65baae935fd/current/log_inprogress_112
2019-09-24 17:00:49,184 TRACE util.FileUtils (LogUtils.java:runAndLog(61)) - Successfully ran Files.move /workdir/ratis-test/target/test/data/e0ec9561/MiniRaftClusterWithSimulatedRpce2213dd2/s1/bc16a33f-4125-4cb3-9efe-e65baae935fd/current/log_inprogress_112 to /workdir/ratis-test/target/test/data/e0ec9561/MiniRaftClusterWithSimulatedRpce2213dd2/s1/bc16a33f-4125-4cb3-9efe-e65baae935fd/current/log_112-113
2019-09-24 17:00:49,184 TRACE util.FileUtils (LogUtils.java:runAndLog(61)) - Successfully ran Files.move /workdir/ratis-test/target/test/data/e0ec9561/MiniRaftClusterWithSimulatedRpce2213dd2/s2/bc16a33f-4125-4cb3-9efe-e65baae935fd/current/log_inprogress_112 to /workdir/ratis-test/target/test/data/e0ec9561/MiniRaftClusterWithSimulatedRpce2213dd2/s2/bc16a33f-4125-4cb3-9efe-e65baae935fd/current/log_112-113
2019-09-24 17:00:49,184 INFO  segmented.SegmentedRaftLogWorker (SegmentedRaftLogWorker.java:execute(526)) - s1@group-E65BAAE935FD-SegmentedRaftLogWorker: Rolled log segment from /workdir/ratis-test/target/test/data/e0ec9561/MiniRaftClusterWithSimulatedRpce2213dd2/s1/bc16a33f-4125-4cb3-9efe-e65baae935fd/current/log_inprogress_112 to /workdir/ratis-test/target/test/data/e0ec9561/MiniRaftClusterWithSimulatedRpce2213dd2/s1/bc16a33f-4125-4cb3-9efe-e65baae935fd/current/log_112-113
2019-09-24 17:00:49,185 INFO  segmented.SegmentedRaftLogWorker (SegmentedRaftLogWorker.java:execute(526)) - s2@group-E65BAAE935FD-SegmentedRaftLogWorker: Rolled log segment from /workdir/ratis-test/target/test/data/e0ec9561/MiniRaftClusterWithSimulatedRpce2213dd2/s2/bc16a33f-4125-4cb3-9efe-e65baae935fd/current/log_inprogress_112 to /workdir/ratis-test/target/test/data/e0ec9561/MiniRaftClusterWithSimulatedRpce2213dd2/s2/bc16a33f-4125-4cb3-9efe-e65baae935fd/current/log_112-113
2019-09-24 17:00:49,185 INFO  segmented.SegmentedRaftLogWorker (SegmentedRaftLogWorker.java:execute(569)) - s0@group-E65BAAE935FD-SegmentedRaftLogWorker: created new log segment /workdir/ratis-test/target/test/data/e0ec9561/MiniRaftClusterWithSimulatedRpce2213dd2/s0/bc16a33f-4125-4cb3-9efe-e65baae935fd/current/log_inprogress_114
2019-09-24 17:00:49,185 INFO  statemachine.SimpleStateMachine4Testing (SimpleStateMachine4Testing.java:put(198)) - s2: put 112, 3333333333... -> (t:2, i:112), STATEMACHINELOGENTRY, client-B07594A0E5F2, cid=389
2019-09-24 17:00:49,187 INFO  segmented.SegmentedRaftLogWorker (SegmentedRaftLogWorker.java:rollLogSegment(385)) - s2@group-E65BAAE935FD-SegmentedRaftLogWorker: Rolling segment log-118_118 to index:118
2019-09-24 17:00:49,201 TRACE util.FileUtils (LogUtils.java:runAndLog(61)) - Successfully ran Files.move /workdir/ratis-test/target/test/data/e0ec9561/MiniRaftClusterWithSimulatedRpce2213dd2/s0/bc16a33f-4125-4cb3-9efe-e65baae935fd/current/log_inprogress_114 to /workdir/ratis-test/target/test/data/e0ec9561/MiniRaftClusterWithSimulatedRpce2213dd2/s0/bc16a33f-4125-4cb3-9efe-e65baae935fd/current/log_114-115
2019-09-24 17:00:49,201 INFO  segmented.SegmentedRaftLogWorker (SegmentedRaftLogWorker.java:execute(526)) - s0@group-E65BAAE935FD-SegmentedRaftLogWorker: Rolled log segment from /workdir/ratis-test/target/test/data/e0ec9561/MiniRaftClusterWithSimulatedRpce2213dd2/s0/bc16a33f-4125-4cb3-9efe-e65baae935fd/current/log_inprogress_114 to /workdir/ratis-test/target/test/data/e0ec9561/MiniRaftClusterWithSimulatedRpce2213dd2/s0/bc16a33f-4125-4cb3-9efe-e65baae935fd/current/log_114-115
2019-09-24 17:00:49,230 INFO  segmented.SegmentedRaftLogWorker (SegmentedRaftLogWorker.java:execute(569)) - s2@group-E65BAAE935FD-SegmentedRaftLogWorker: created new log segment /workdir/ratis-test/target/test/data/e0ec9561/MiniRaftClusterWithSimulatedRpce2213dd2/s2/bc16a33f-4125-4cb3-9efe-e65baae935fd/current/log_inprogress_114
2019-09-24 17:00:49,230 INFO  segmented.SegmentedRaftLogWorker (SegmentedRaftLogWorker.java:execute(569)) - s1@group-E65BAAE935FD-SegmentedRaftLogWorker: created new log segment /workdir/ratis-test/target/test/data/e0ec9561/MiniRaftClusterWithSimulatedRpce2213dd2/s1/bc16a33f-4125-4cb3-9efe-e65baae935fd/current/log_inprogress_114
2019-09-24 17:00:49,231 INFO  segmented.SegmentedRaftLogWorker (SegmentedRaftLogWorker.java:execute(569)) - s0@group-E65BAAE935FD-SegmentedRaftLogWorker: created new log segment /workdir/ratis-test/target/test/data/e0ec9561/MiniRaftClusterWithSimulatedRpce2213dd2/s0/bc16a33f-4125-4cb3-9efe-e65baae935fd/current/log_inprogress_116
2019-09-24 17:00:49,232 INFO  statemachine.SimpleStateMachine4Testing (SimpleStateMachine4Testing.java:put(198)) - s0: put 109, 3333333333... -> (t:2, i:109), STATEMACHINELOGENTRY, client-8CFC123A34ED, cid=387
2019-09-24 17:00:49,233 INFO  segmented.SegmentedRaftLogWorker (SegmentedRaftLogWorker.java:rollLogSegment(385)) - s0@group-E65BAAE935FD-SegmentedRaftLogWorker: Rolling segment log-116_116 to index:116
2019-09-24 17:00:49,233 TRACE util.FileUtils (LogUtils.java:runAndLog(61)) - Successfully ran Files.move /workdir/ratis-test/target/test/data/e0ec9561/MiniRaftClusterWithSimulatedRpce2213dd2/s0/bc16a33f-4125-4cb3-9efe-e65baae935fd/current/log_inprogress_116 to /workdir/ratis-test/target/test/data/e0ec9561/MiniRaftClusterWithSimulatedRpce2213dd2/s0/bc16a33f-4125-4cb3-9efe-e65baae935fd/current/log_116-116
2019-09-24 17:00:49,233 INFO  segmented.SegmentedRaftLogWorker (SegmentedRaftLogWorker.java:execute(526)) - s0@group-E65BAAE935FD-SegmentedRaftLogWorker: Rolled log segment from /workdir/ratis-test/target/test/data/e0ec9561/MiniRaftClusterWithSimulatedRpce2213dd2/s0/bc16a33f-4125-4cb3-9efe-e65baae935fd/current/log_inprogress_116 to /workdir/ratis-test/target/test/data/e0ec9561/MiniRaftClusterWithSimulatedRpce2213dd2/s0/bc16a33f-4125-4cb3-9efe-e65baae935fd/current/log_116-116
2019-09-24 17:00:49,243 INFO  statemachine.SimpleStateMachine4Testing (SimpleStateMachine4Testing.java:put(198)) - s1: put 108, 3333333333... -> (t:2, i:108), STATEMACHINELOGENTRY, client-44073FEAA4C6, cid=386
2019-09-24 17:00:49,243 INFO  segmented.SegmentedRaftLogWorker (SegmentedRaftLogWorker.java:rollLogSegment(385)) - s1@group-E65BAAE935FD-SegmentedRaftLogWorker: Rolling segment log-114_115 to index:115
2019-09-24 17:00:49,243 INFO  statemachine.SimpleStateMachine4Testing (SimpleStateMachine4Testing.java:put(198)) - s1: put 109, 3333333333... -> (t:2, i:109), STATEMACHINELOGENTRY, client-8CFC123A34ED, cid=387
2019-09-24 17:00:49,252 TRACE util.FileUtils (LogUtils.java:runAndLog(61)) - Successfully ran Files.move /workdir/ratis-test/target/test/data/e0ec9561/MiniRaftClusterWithSimulatedRpce2213dd2/s2/bc16a33f-4125-4cb3-9efe-e65baae935fd/current/log_inprogress_114 to /workdir/ratis-test/target/test/data/e0ec9561/MiniRaftClusterWithSimulatedRpce2213dd2/s2/bc16a33f-4125-4cb3-9efe-e65baae935fd/current/log_114-115
2019-09-24 17:00:49,253 TRACE util.FileUtils (LogUtils.java:runAndLog(61)) - Successfully ran Files.move /workdir/ratis-test/target/test/data/e0ec9561/MiniRaftClusterWithSimulatedRpce2213dd2/s1/bc16a33f-4125-4cb3-9efe-e65baae935fd/current/log_inprogress_114 to /workdir/ratis-test/target/test/data/e0ec9561/MiniRaftClusterWithSimulatedRpce2213dd2/s1/bc16a33f-4125-4cb3-9efe-e65baae935fd/current/log_114-115
2019-09-24 17:00:49,253 INFO  segmented.SegmentedRaftLogWorker (SegmentedRaftLogWorker.java:execute(526)) - s1@group-E65BAAE935FD-SegmentedRaftLogWorker: Rolled log segment from /workdir/ratis-test/target/test/data/e0ec9561/MiniRaftClusterWithSimulatedRpce2213dd2/s1/bc16a33f-4125-4cb3-9efe-e65baae935fd/current/log_inprogress_114 to /workdir/ratis-test/target/test/data/e0ec9561/MiniRaftClusterWithSimulatedRpce2213dd2/s1/bc16a33f-4125-4cb3-9efe-e65baae935fd/current/log_114-115
2019-09-24 17:00:49,253 INFO  segmented.SegmentedRaftLogWorker (SegmentedRaftLogWorker.java:execute(526)) - s2@group-E65BAAE935FD-SegmentedRaftLogWorker: Rolled log segment from /workdir/ratis-test/target/test/data/e0ec9561/MiniRaftClusterWithSimulatedRpce2213dd2/s2/bc16a33f-4125-4cb3-9efe-e65baae935fd/current/log_inprogress_114 to /workdir/ratis-test/target/test/data/e0ec9561/MiniRaftClusterWithSimulatedRpce2213dd2/s2/bc16a33f-4125-4cb3-9efe-e65baae935fd/current/log_114-115
2019-09-24 17:00:49,253 INFO  segmented.SegmentedRaftLogWorker (SegmentedRaftLogWorker.java:execute(569)) - s0@group-E65BAAE935FD-SegmentedRaftLogWorker: created new log segment /workdir/ratis-test/target/test/data/e0ec9561/MiniRaftClusterWithSimulatedRpce2213dd2/s0/bc16a33f-4125-4cb3-9efe-e65baae935fd/current/log_inprogress_117
2019-09-24 17:00:49,253 INFO  statemachine.SimpleStateMachine4Testing (SimpleStateMachine4Testing.java:put(198)) - s2: put 114, 4444444444... -> (t:2, i:114), STATEMACHINELOGENTRY, client-B6F390E87052, cid=390
2019-09-24 17:00:49,254 INFO  segmented.SegmentedRaftLogWorker (SegmentedRaftLogWorker.java:rollLogSegment(385)) - s2@group-E65BAAE935FD-SegmentedRaftLogWorker: Rolling segment log-119_119 to index:119
2019-09-24 17:00:49,277 INFO  statemachine.SimpleStateMachine4Testing (SimpleStateMachine4Testing.java:put(198)) - s0: put 111, 3333333333... -> (t:2, i:111), STATEMACHINELOGENTRY, client-524B73A117F1, cid=388
2019-09-24 17:00:49,278 INFO  segmented.SegmentedRaftLogWorker (SegmentedRaftLogWorker.java:rollLogSegment(385)) - s0@group-E65BAAE935FD-SegmentedRaftLogWorker: Rolling segment log-117_117 to index:117
2019-09-24 17:00:49,278 INFO  statemachine.SimpleStateMachine4Testing (SimpleStateMachine4Testing.java:put(198)) - s0: put 112, 3333333333... -> (t:2, i:112), STATEMACHINELOGENTRY, client-B07594A0E5F2, cid=389
2019-09-24 17:00:49,278 TRACE util.FileUtils (LogUtils.java:runAndLog(61)) - Successfully ran Files.move /workdir/ratis-test/target/test/data/e0ec9561/MiniRaftClusterWithSimulatedRpce2213dd2/s0/bc16a33f-4125-4cb3-9efe-e65baae935fd/current/log_inprogress_117 to /workdir/ratis-test/target/test/data/e0ec9561/MiniRaftClusterWithSimulatedRpce2213dd2/s0/bc16a33f-4125-4cb3-9efe-e65baae935fd/current/log_117-117
2019-09-24 17:00:49,278 INFO  segmented.SegmentedRaftLogWorker (SegmentedRaftLogWorker.java:execute(526)) - s0@group-E65BAAE935FD-SegmentedRaftLogWorker: Rolled log segment from /workdir/ratis-test/target/test/data/e0ec9561/MiniRaftClusterWithSimulatedRpce2213dd2/s0/bc16a33f-4125-4cb3-9efe-e65baae935fd/current/log_inprogress_117 to /workdir/ratis-test/target/test/data/e0ec9561/MiniRaftClusterWithSimulatedRpce2213dd2/s0/bc16a33f-4125-4cb3-9efe-e65baae935fd/current/log_117-117
2019-09-24 17:00:49,279 INFO  segmented.SegmentedRaftLogWorker (SegmentedRaftLogWorker.java:execute(569)) - s2@group-E65BAAE935FD-SegmentedRaftLogWorker: created new log segment /workdir/ratis-test/target/test/data/e0ec9561/MiniRaftClusterWithSimulatedRpce2213dd2/s2/bc16a33f-4125-4cb3-9efe-e65baae935fd/current/log_inprogress_116
2019-09-24 17:00:49,279 INFO  segmented.SegmentedRaftLogWorker (SegmentedRaftLogWorker.java:execute(569)) - s1@group-E65BAAE935FD-SegmentedRaftLogWorker: created new log segment /workdir/ratis-test/target/test/data/e0ec9561/MiniRaftClusterWithSimulatedRpce2213dd2/s1/bc16a33f-4125-4cb3-9efe-e65baae935fd/current/log_inprogress_116
2019-09-24 17:00:49,471 INFO  statemachine.SimpleStateMachine4Testing (SimpleStateMachine4Testing.java:put(198)) - s1: put 111, 3333333333... -> (t:2, i:111), STATEMACHINELOGENTRY, client-524B73A117F1, cid=388
2019-09-24 17:00:49,471 INFO  segmented.SegmentedRaftLogWorker (SegmentedRaftLogWorker.java:rollLogSegment(385)) - s1@group-E65BAAE935FD-SegmentedRaftLogWorker: Rolling segment log-116_116 to index:116
2019-09-24 17:00:49,471 INFO  statemachine.SimpleStateMachine4Testing (SimpleStateMachine4Testing.java:put(198)) - s1: put 112, 3333333333... -> (t:2, i:112), STATEMACHINELOGENTRY, client-B07594A0E5F2, cid=389
2019-09-24 17:00:49,481 TRACE util.FileUtils (LogUtils.java:runAndLog(61)) - Successfully ran Files.move /workdir/ratis-test/target/test/data/e0ec9561/MiniRaftClusterWithSimulatedRpce2213dd2/s1/bc16a33f-4125-4cb3-9efe-e65baae935fd/current/log_inprogress_116 to /workdir/ratis-test/target/test/data/e0ec9561/MiniRaftClusterWithSimulatedRpce2213dd2/s1/bc16a33f-4125-4cb3-9efe-e65baae935fd/current/log_116-116
2019-09-24 17:00:49,481 TRACE util.FileUtils (LogUtils.java:runAndLog(61)) - Successfully ran Files.move /workdir/ratis-test/target/test/data/e0ec9561/MiniRaftClusterWithSimulatedRpce2213dd2/s2/bc16a33f-4125-4cb3-9efe-e65baae935fd/current/log_inprogress_116 to /workdir/ratis-test/target/test/data/e0ec9561/MiniRaftClusterWithSimulatedRpce2213dd2/s2/bc16a33f-4125-4cb3-9efe-e65baae935fd/current/log_116-116
2019-09-24 17:00:49,481 INFO  segmented.SegmentedRaftLogWorker (SegmentedRaftLogWorker.java:execute(569)) - s0@group-E65BAAE935FD-SegmentedRaftLogWorker: created new log segment /workdir/ratis-test/target/test/data/e0ec9561/MiniRaftClusterWithSimulatedRpce2213dd2/s0/bc16a33f-4125-4cb3-9efe-e65baae935fd/current/log_inprogress_118
2019-09-24 17:00:49,481 INFO  segmented.SegmentedRaftLogWorker (SegmentedRaftLogWorker.java:execute(526)) - s1@group-E65BAAE935FD-SegmentedRaftLogWorker: Rolled log segment from /workdir/ratis-test/target/test/data/e0ec9561/MiniRaftClusterWithSimulatedRpce2213dd2/s1/bc16a33f-4125-4cb3-9efe-e65baae935fd/current/log_inprogress_116 to /workdir/ratis-test/target/test/data/e0ec9561/MiniRaftClusterWithSimulatedRpce2213dd2/s1/bc16a33f-4125-4cb3-9efe-e65baae935fd/current/log_116-116
2019-09-24 17:00:49,481 INFO  segmented.SegmentedRaftLogWorker (SegmentedRaftLogWorker.java:execute(526)) - s2@group-E65BAAE935FD-SegmentedRaftLogWorker: Rolled log segment from /workdir/ratis-test/target/test/data/e0ec9561/MiniRaftClusterWithSimulatedRpce2213dd2/s2/bc16a33f-4125-4cb3-9efe-e65baae935fd/current/log_inprogress_116 to /workdir/ratis-test/target/test/data/e0ec9561/MiniRaftClusterWithSimulatedRpce2213dd2/s2/bc16a33f-4125-4cb3-9efe-e65baae935fd/current/log_116-116
2019-09-24 17:00:49,482 INFO  statemachine.SimpleStateMachine4Testing (SimpleStateMachine4Testing.java:put(198)) - s2: put 116, 4444444444... -> (t:2, i:116), STATEMACHINELOGENTRY, client-44073FEAA4C6, cid=391
2019-09-24 17:00:49,482 INFO  segmented.SegmentedRaftLogWorker (SegmentedRaftLogWorker.java:rollLogSegment(385)) - s2@group-E65BAAE935FD-SegmentedRaftLogWorker: Rolling segment log-120_121 to index:121
2019-09-24 17:00:49,495 INFO  statemachine.SimpleStateMachine4Testing (SimpleStateMachine4Testing.java:put(198)) - s0: put 114, 4444444444... -> (t:2, i:114), STATEMACHINELOGENTRY, client-B6F390E87052, cid=390
2019-09-24 17:00:49,496 INFO  segmented.SegmentedRaftLogWorker (SegmentedRaftLogWorker.java:rollLogSegment(385)) - s0@group-E65BAAE935FD-SegmentedRaftLogWorker: Rolling segment log-118_118 to index:118
2019-09-24 17:00:49,506 TRACE util.FileUtils (LogUtils.java:runAndLog(61)) - Successfully ran Files.move /workdir/ratis-test/target/test/data/e0ec9561/MiniRaftClusterWithSimulatedRpce2213dd2/s0/bc16a33f-4125-4cb3-9efe-e65baae935fd/current/log_inprogress_118 to /workdir/ratis-test/target/test/data/e0ec9561/MiniRaftClusterWithSimulatedRpce2213dd2/s0/bc16a33f-4125-4cb3-9efe-e65baae935fd/current/log_118-118
2019-09-24 17:00:49,506 INFO  segmented.SegmentedRaftLogWorker (SegmentedRaftLogWorker.java:execute(526)) - s0@group-E65BAAE935FD-SegmentedRaftLogWorker: Rolled log segment from /workdir/ratis-test/target/test/data/e0ec9561/MiniRaftClusterWithSimulatedRpce2213dd2/s0/bc16a33f-4125-4cb3-9efe-e65baae935fd/current/log_inprogress_118 to /workdir/ratis-test/target/test/data/e0ec9561/MiniRaftClusterWithSimulatedRpce2213dd2/s0/bc16a33f-4125-4cb3-9efe-e65baae935fd/current/log_118-118
2019-09-24 17:00:49,507 INFO  segmented.SegmentedRaftLogWorker (SegmentedRaftLogWorker.java:execute(569)) - s2@group-E65BAAE935FD-SegmentedRaftLogWorker: created new log segment /workdir/ratis-test/target/test/data/e0ec9561/MiniRaftClusterWithSimulatedRpce2213dd2/s2/bc16a33f-4125-4cb3-9efe-e65baae935fd/current/log_inprogress_117
2019-09-24 17:00:49,507 INFO  segmented.SegmentedRaftLogWorker (SegmentedRaftLogWorker.java:execute(569)) - s1@group-E65BAAE935FD-SegmentedRaftLogWorker: created new log segment /workdir/ratis-test/target/test/data/e0ec9561/MiniRaftClusterWithSimulatedRpce2213dd2/s1/bc16a33f-4125-4cb3-9efe-e65baae935fd/current/log_inprogress_117
2019-09-24 17:00:49,521 INFO  statemachine.SimpleStateMachine4Testing (SimpleStateMachine4Testing.java:put(198)) - s1: put 114, 4444444444... -> (t:2, i:114), STATEMACHINELOGENTRY, client-B6F390E87052, cid=390
2019-09-24 17:00:49,522 INFO  segmented.SegmentedRaftLogWorker (SegmentedRaftLogWorker.java:rollLogSegment(385)) - s1@group-E65BAAE935FD-SegmentedRaftLogWorker: Rolling segment log-117_117 to index:117
2019-09-24 17:00:49,531 TRACE util.FileUtils (LogUtils.java:runAndLog(61)) - Successfully ran Files.move /workdir/ratis-test/target/test/data/e0ec9561/MiniRaftClusterWithSimulatedRpce2213dd2/s1/bc16a33f-4125-4cb3-9efe-e65baae935fd/current/log_inprogress_117 to /workdir/ratis-test/target/test/data/e0ec9561/MiniRaftClusterWithSimulatedRpce2213dd2/s1/bc16a33f-4125-4cb3-9efe-e65baae935fd/current/log_117-117
2019-09-24 17:00:49,532 INFO  segmented.SegmentedRaftLogWorker (SegmentedRaftLogWorker.java:execute(526)) - s1@group-E65BAAE935FD-SegmentedRaftLogWorker: Rolled log segment from /workdir/ratis-test/target/test/data/e0ec9561/MiniRaftClusterWithSimulatedRpce2213dd2/s1/bc16a33f-4125-4cb3-9efe-e65baae935fd/current/log_inprogress_117 to /workdir/ratis-test/target/test/data/e0ec9561/MiniRaftClusterWithSimulatedRpce2213dd2/s1/bc16a33f-4125-4cb3-9efe-e65baae935fd/current/log_117-117
2019-09-24 17:00:49,531 TRACE util.FileUtils (LogUtils.java:runAndLog(61)) - Successfully ran Files.move /workdir/ratis-test/target/test/data/e0ec9561/MiniRaftClusterWithSimulatedRpce2213dd2/s2/bc16a33f-4125-4cb3-9efe-e65baae935fd/current/log_inprogress_117 to /workdir/ratis-test/target/test/data/e0ec9561/MiniRaftClusterWithSimulatedRpce2213dd2/s2/bc16a33f-4125-4cb3-9efe-e65baae935fd/current/log_117-117
2019-09-24 17:00:49,532 INFO  segmented.SegmentedRaftLogWorker (SegmentedRaftLogWorker.java:execute(526)) - s2@group-E65BAAE935FD-SegmentedRaftLogWorker: Rolled log segment from /workdir/ratis-test/target/test/data/e0ec9561/MiniRaftClusterWithSimulatedRpce2213dd2/s2/bc16a33f-4125-4cb3-9efe-e65baae935fd/current/log_inprogress_117 to /workdir/ratis-test/target/test/data/e0ec9561/MiniRaftClusterWithSimulatedRpce2213dd2/s2/bc16a33f-4125-4cb3-9efe-e65baae935fd/current/log_117-117
2019-09-24 17:00:49,532 INFO  segmented.SegmentedRaftLogWorker (SegmentedRaftLogWorker.java:execute(569)) - s0@group-E65BAAE935FD-SegmentedRaftLogWorker: created new log segment /workdir/ratis-test/target/test/data/e0ec9561/MiniRaftClusterWithSimulatedRpce2213dd2/s0/bc16a33f-4125-4cb3-9efe-e65baae935fd/current/log_inprogress_119
2019-09-24 17:00:49,532 INFO  statemachine.SimpleStateMachine4Testing (SimpleStateMachine4Testing.java:put(198)) - s2: put 117, 4444444444... -> (t:2, i:117), STATEMACHINELOGENTRY, client-8CFC123A34ED, cid=392
2019-09-24 17:00:49,533 INFO  segmented.SegmentedRaftLogWorker (SegmentedRaftLogWorker.java:rollLogSegment(385)) - s2@group-E65BAAE935FD-SegmentedRaftLogWorker: Rolling segment log-122_123 to index:123
2019-09-24 17:00:49,550 INFO  statemachine.SimpleStateMachine4Testing (SimpleStateMachine4Testing.java:put(198)) - s0: put 116, 4444444444... -> (t:2, i:116), STATEMACHINELOGENTRY, client-44073FEAA4C6, cid=391
2019-09-24 17:00:49,550 INFO  segmented.SegmentedRaftLogWorker (SegmentedRaftLogWorker.java:rollLogSegment(385)) - s0@group-E65BAAE935FD-SegmentedRaftLogWorker: Rolling segment log-119_119 to index:119
2019-09-24 17:00:49,560 TRACE util.FileUtils (LogUtils.java:runAndLog(61)) - Successfully ran Files.move /workdir/ratis-test/target/test/data/e0ec9561/MiniRaftClusterWithSimulatedRpce2213dd2/s0/bc16a33f-4125-4cb3-9efe-e65baae935fd/current/log_inprogress_119 to /workdir/ratis-test/target/test/data/e0ec9561/MiniRaftClusterWithSimulatedRpce2213dd2/s0/bc16a33f-4125-4cb3-9efe-e65baae935fd/current/log_119-119
2019-09-24 17:00:49,560 INFO  segmented.SegmentedRaftLogWorker (SegmentedRaftLogWorker.java:execute(526)) - s0@group-E65BAAE935FD-SegmentedRaftLogWorker: Rolled log segment from /workdir/ratis-test/target/test/data/e0ec9561/MiniRaftClusterWithSimulatedRpce2213dd2/s0/bc16a33f-4125-4cb3-9efe-e65baae935fd/current/log_inprogress_119 to /workdir/ratis-test/target/test/data/e0ec9561/MiniRaftClusterWithSimulatedRpce2213dd2/s0/bc16a33f-4125-4cb3-9efe-e65baae935fd/current/log_119-119
2019-09-24 17:00:49,560 INFO  segmented.SegmentedRaftLogWorker (SegmentedRaftLogWorker.java:execute(569)) - s2@group-E65BAAE935FD-SegmentedRaftLogWorker: created new log segment /workdir/ratis-test/target/test/data/e0ec9561/MiniRaftClusterWithSimulatedRpce2213dd2/s2/bc16a33f-4125-4cb3-9efe-e65baae935fd/current/log_inprogress_118
2019-09-24 17:00:49,560 INFO  segmented.SegmentedRaftLogWorker (SegmentedRaftLogWorker.java:execute(569)) - s1@group-E65BAAE935FD-SegmentedRaftLogWorker: created new log segment /workdir/ratis-test/target/test/data/e0ec9561/MiniRaftClusterWithSimulatedRpce2213dd2/s1/bc16a33f-4125-4cb3-9efe-e65baae935fd/current/log_inprogress_118
2019-09-24 17:00:49,572 INFO  statemachine.SimpleStateMachine4Testing (SimpleStateMachine4Testing.java:put(198)) - s1: put 116, 4444444444... -> (t:2, i:116), STATEMACHINELOGENTRY, client-44073FEAA4C6, cid=391
2019-09-24 17:00:49,572 INFO  segmented.SegmentedRaftLogWorker (SegmentedRaftLogWorker.java:rollLogSegment(385)) - s1@group-E65BAAE935FD-SegmentedRaftLogWorker: Rolling segment log-118_118 to index:118
2019-09-24 17:00:49,582 TRACE util.FileUtils (LogUtils.java:runAndLog(61)) - Successfully ran Files.move /workdir/ratis-test/target/test/data/e0ec9561/MiniRaftClusterWithSimulatedRpce2213dd2/s1/bc16a33f-4125-4cb3-9efe-e65baae935fd/current/log_inprogress_118 to /workdir/ratis-test/target/test/data/e0ec9561/MiniRaftClusterWithSimulatedRpce2213dd2/s1/bc16a33f-4125-4cb3-9efe-e65baae935fd/current/log_118-118
2019-09-24 17:00:49,582 TRACE util.FileUtils (LogUtils.java:runAndLog(61)) - Successfully ran Files.move /workdir/ratis-test/target/test/data/e0ec9561/MiniRaftClusterWithSimulatedRpce2213dd2/s2/bc16a33f-4125-4cb3-9efe-e65baae935fd/current/log_inprogress_118 to /workdir/ratis-test/target/test/data/e0ec9561/MiniRaftClusterWithSimulatedRpce2213dd2/s2/bc16a33f-4125-4cb3-9efe-e65baae935fd/current/log_118-118
2019-09-24 17:00:49,582 INFO  segmented.SegmentedRaftLogWorker (SegmentedRaftLogWorker.java:execute(526)) - s1@group-E65BAAE935FD-SegmentedRaftLogWorker: Rolled log segment from /workdir/ratis-test/target/test/data/e0ec9561/MiniRaftClusterWithSimulatedRpce2213dd2/s1/bc16a33f-4125-4cb3-9efe-e65baae935fd/current/log_inprogress_118 to /workdir/ratis-test/target/test/data/e0ec9561/MiniRaftClusterWithSimulatedRpce2213dd2/s1/bc16a33f-4125-4cb3-9efe-e65baae935fd/current/log_118-118
2019-09-24 17:00:49,582 INFO  segmented.SegmentedRaftLogWorker (SegmentedRaftLogWorker.java:execute(526)) - s2@group-E65BAAE935FD-SegmentedRaftLogWorker: Rolled log segment from /workdir/ratis-test/target/test/data/e0ec9561/MiniRaftClusterWithSimulatedRpce2213dd2/s2/bc16a33f-4125-4cb3-9efe-e65baae935fd/current/log_inprogress_118 to /workdir/ratis-test/target/test/data/e0ec9561/MiniRaftClusterWithSimulatedRpce2213dd2/s2/bc16a33f-4125-4cb3-9efe-e65baae935fd/current/log_118-118
2019-09-24 17:00:49,582 INFO  segmented.SegmentedRaftLogWorker (SegmentedRaftLogWorker.java:execute(569)) - s0@group-E65BAAE935FD-SegmentedRaftLogWorker: created new log segment /workdir/ratis-test/target/test/data/e0ec9561/MiniRaftClusterWithSimulatedRpce2213dd2/s0/bc16a33f-4125-4cb3-9efe-e65baae935fd/current/log_inprogress_120
2019-09-24 17:00:49,583 INFO  statemachine.SimpleStateMachine4Testing (SimpleStateMachine4Testing.java:put(198)) - s2: put 118, 4444444444... -> (t:2, i:118), STATEMACHINELOGENTRY, client-524B73A117F1, cid=393
2019-09-24 17:00:49,583 INFO  segmented.SegmentedRaftLogWorker (SegmentedRaftLogWorker.java:rollLogSegment(385)) - s2@group-E65BAAE935FD-SegmentedRaftLogWorker: Rolling segment log-124_125 to index:125
2019-09-24 17:00:49,599 INFO  statemachine.SimpleStateMachine4Testing (SimpleStateMachine4Testing.java:put(198)) - s0: put 117, 4444444444... -> (t:2, i:117), STATEMACHINELOGENTRY, client-8CFC123A34ED, cid=392
2019-09-24 17:00:49,600 INFO  segmented.SegmentedRaftLogWorker (SegmentedRaftLogWorker.java:rollLogSegment(385)) - s0@group-E65BAAE935FD-SegmentedRaftLogWorker: Rolling segment log-120_121 to index:121
2019-09-24 17:00:49,612 TRACE util.FileUtils (LogUtils.java:runAndLog(61)) - Successfully ran Files.move /workdir/ratis-test/target/test/data/e0ec9561/MiniRaftClusterWithSimulatedRpce2213dd2/s0/bc16a33f-4125-4cb3-9efe-e65baae935fd/current/log_inprogress_120 to /workdir/ratis-test/target/test/data/e0ec9561/MiniRaftClusterWithSimulatedRpce2213dd2/s0/bc16a33f-4125-4cb3-9efe-e65baae935fd/current/log_120-121
2019-09-24 17:00:49,612 INFO  segmented.SegmentedRaftLogWorker (SegmentedRaftLogWorker.java:execute(526)) - s0@group-E65BAAE935FD-SegmentedRaftLogWorker: Rolled log segment from /workdir/ratis-test/target/test/data/e0ec9561/MiniRaftClusterWithSimulatedRpce2213dd2/s0/bc16a33f-4125-4cb3-9efe-e65baae935fd/current/log_inprogress_120 to /workdir/ratis-test/target/test/data/e0ec9561/MiniRaftClusterWithSimulatedRpce2213dd2/s0/bc16a33f-4125-4cb3-9efe-e65baae935fd/current/log_120-121
2019-09-24 17:00:49,627 INFO  segmented.SegmentedRaftLogWorker (SegmentedRaftLogWorker.java:execute(569)) - s1@group-E65BAAE935FD-SegmentedRaftLogWorker: created new log segment /workdir/ratis-test/target/test/data/e0ec9561/MiniRaftClusterWithSimulatedRpce2213dd2/s1/bc16a33f-4125-4cb3-9efe-e65baae935fd/current/log_inprogress_119
2019-09-24 17:00:49,627 INFO  segmented.SegmentedRaftLogWorker (SegmentedRaftLogWorker.java:execute(569)) - s2@group-E65BAAE935FD-SegmentedRaftLogWorker: created new log segment /workdir/ratis-test/target/test/data/e0ec9561/MiniRaftClusterWithSimulatedRpce2213dd2/s2/bc16a33f-4125-4cb3-9efe-e65baae935fd/current/log_inprogress_119
2019-09-24 17:00:49,641 TRACE util.FileUtils (LogUtils.java:runAndLog(61)) - Successfully ran Files.move /workdir/ratis-test/target/test/data/e0ec9561/MiniRaftClusterWithSimulatedRpce2213dd2/s2/bc16a33f-4125-4cb3-9efe-e65baae935fd/current/log_inprogress_119 to /workdir/ratis-test/target/test/data/e0ec9561/MiniRaftClusterWithSimulatedRpce2213dd2/s2/bc16a33f-4125-4cb3-9efe-e65baae935fd/current/log_119-119
2019-09-24 17:00:49,642 INFO  segmented.SegmentedRaftLogWorker (SegmentedRaftLogWorker.java:execute(526)) - s2@group-E65BAAE935FD-SegmentedRaftLogWorker: Rolled log segment from /workdir/ratis-test/target/test/data/e0ec9561/MiniRaftClusterWithSimulatedRpce2213dd2/s2/bc16a33f-4125-4cb3-9efe-e65baae935fd/current/log_inprogress_119 to /workdir/ratis-test/target/test/data/e0ec9561/MiniRaftClusterWithSimulatedRpce2213dd2/s2/bc16a33f-4125-4cb3-9efe-e65baae935fd/current/log_119-119
2019-09-24 17:00:49,642 INFO  statemachine.SimpleStateMachine4Testing (SimpleStateMachine4Testing.java:put(198)) - s1: put 117, 4444444444... -> (t:2, i:117), STATEMACHINELOGENTRY, client-8CFC123A34ED, cid=392
2019-09-24 17:00:49,642 INFO  segmented.SegmentedRaftLogWorker (SegmentedRaftLogWorker.java:rollLogSegment(385)) - s1@group-E65BAAE935FD-SegmentedRaftLogWorker: Rolling segment log-119_119 to index:119
2019-09-24 17:00:49,642 INFO  statemachine.SimpleStateMachine4Testing (SimpleStateMachine4Testing.java:put(198)) - s2: put 119, 4444444444... -> (t:2, i:119), STATEMACHINELOGENTRY, client-B07594A0E5F2, cid=394
2019-09-24 17:00:49,643 TRACE util.FileUtils (LogUtils.java:runAndLog(61)) - Successfully ran Files.move /workdir/ratis-test/target/test/data/e0ec9561/MiniRaftClusterWithSimulatedRpce2213dd2/s1/bc16a33f-4125-4cb3-9efe-e65baae935fd/current/log_inprogress_119 to /workdir/ratis-test/target/test/data/e0ec9561/MiniRaftClusterWithSimulatedRpce2213dd2/s1/bc16a33f-4125-4cb3-9efe-e65baae935fd/current/log_119-119
2019-09-24 17:00:49,643 INFO  segmented.SegmentedRaftLogWorker (SegmentedRaftLogWorker.java:execute(526)) - s1@group-E65BAAE935FD-SegmentedRaftLogWorker: Rolled log segment from /workdir/ratis-test/target/test/data/e0ec9561/MiniRaftClusterWithSimulatedRpce2213dd2/s1/bc16a33f-4125-4cb3-9efe-e65baae935fd/current/log_inprogress_119 to /workdir/ratis-test/target/test/data/e0ec9561/MiniRaftClusterWithSimulatedRpce2213dd2/s1/bc16a33f-4125-4cb3-9efe-e65baae935fd/current/log_119-119
2019-09-24 17:00:49,643 INFO  segmented.SegmentedRaftLogWorker (SegmentedRaftLogWorker.java:rollLogSegment(385)) - s2@group-E65BAAE935FD-SegmentedRaftLogWorker: Rolling segment log-126_127 to index:127
2019-09-24 17:00:49,643 INFO  segmented.SegmentedRaftLogWorker (SegmentedRaftLogWorker.java:execute(569)) - s0@group-E65BAAE935FD-SegmentedRaftLogWorker: created new log segment /workdir/ratis-test/target/test/data/e0ec9561/MiniRaftClusterWithSimulatedRpce2213dd2/s0/bc16a33f-4125-4cb3-9efe-e65baae935fd/current/log_inprogress_122
2019-09-24 17:00:49,650 INFO  statemachine.SimpleStateMachine4Testing (SimpleStateMachine4Testing.java:put(198)) - s0: put 118, 4444444444... -> (t:2, i:118), STATEMACHINELOGENTRY, client-524B73A117F1, cid=393
2019-09-24 17:00:49,651 INFO  segmented.SegmentedRaftLogWorker (SegmentedRaftLogWorker.java:rollLogSegment(385)) - s0@group-E65BAAE935FD-SegmentedRaftLogWorker: Rolling segment log-122_123 to index:123
2019-09-24 17:00:49,652 TRACE util.FileUtils (LogUtils.java:runAndLog(61)) - Successfully ran Files.move /workdir/ratis-test/target/test/data/e0ec9561/MiniRaftClusterWithSimulatedRpce2213dd2/s0/bc16a33f-4125-4cb3-9efe-e65baae935fd/current/log_inprogress_122 to /workdir/ratis-test/target/test/data/e0ec9561/MiniRaftClusterWithSimulatedRpce2213dd2/s0/bc16a33f-4125-4cb3-9efe-e65baae935fd/current/log_122-123
2019-09-24 17:00:49,652 INFO  segmented.SegmentedRaftLogWorker (SegmentedRaftLogWorker.java:execute(526)) - s0@group-E65BAAE935FD-SegmentedRaftLogWorker: Rolled log segment from /workdir/ratis-test/target/test/data/e0ec9561/MiniRaftClusterWithSimulatedRpce2213dd2/s0/bc16a33f-4125-4cb3-9efe-e65baae935fd/current/log_inprogress_122 to /workdir/ratis-test/target/test/data/e0ec9561/MiniRaftClusterWithSimulatedRpce2213dd2/s0/bc16a33f-4125-4cb3-9efe-e65baae935fd/current/log_122-123
2019-09-24 17:00:49,660 INFO  segmented.SegmentedRaftLogWorker (SegmentedRaftLogWorker.java:execute(569)) - s2@group-E65BAAE935FD-SegmentedRaftLogWorker: created new log segment /workdir/ratis-test/target/test/data/e0ec9561/MiniRaftClusterWithSimulatedRpce2213dd2/s2/bc16a33f-4125-4cb3-9efe-e65baae935fd/current/log_inprogress_120
2019-09-24 17:00:49,660 INFO  segmented.SegmentedRaftLogWorker (SegmentedRaftLogWorker.java:execute(569)) - s1@group-E65BAAE935FD-SegmentedRaftLogWorker: created new log segment /workdir/ratis-test/target/test/data/e0ec9561/MiniRaftClusterWithSimulatedRpce2213dd2/s1/bc16a33f-4125-4cb3-9efe-e65baae935fd/current/log_inprogress_120
2019-09-24 17:00:49,842 INFO  statemachine.SimpleStateMachine4Testing (SimpleStateMachine4Testing.java:put(198)) - s1: put 118, 4444444444... -> (t:2, i:118), STATEMACHINELOGENTRY, client-524B73A117F1, cid=393
2019-09-24 17:00:49,842 INFO  segmented.SegmentedRaftLogWorker (SegmentedRaftLogWorker.java:rollLogSegment(385)) - s1@group-E65BAAE935FD-SegmentedRaftLogWorker: Rolling segment log-120_121 to index:121
2019-09-24 17:00:49,844 TRACE util.FileUtils (LogUtils.java:runAndLog(61)) - Successfully ran Files.move /workdir/ratis-test/target/test/data/e0ec9561/MiniRaftClusterWithSimulatedRpce2213dd2/s2/bc16a33f-4125-4cb3-9efe-e65baae935fd/current/log_inprogress_120 to /workdir/ratis-test/target/test/data/e0ec9561/MiniRaftClusterWithSimulatedRpce2213dd2/s2/bc16a33f-4125-4cb3-9efe-e65baae935fd/current/log_120-121
2019-09-24 17:00:49,844 INFO  segmented.SegmentedRaftLogWorker (SegmentedRaftLogWorker.java:execute(526)) - s2@group-E65BAAE935FD-SegmentedRaftLogWorker: Rolled log segment from /workdir/ratis-test/target/test/data/e0ec9561/MiniRaftClusterWithSimulatedRpce2213dd2/s2/bc16a33f-4125-4cb3-9efe-e65baae935fd/current/log_inprogress_120 to /workdir/ratis-test/target/test/data/e0ec9561/MiniRaftClusterWithSimulatedRpce2213dd2/s2/bc16a33f-4125-4cb3-9efe-e65baae935fd/current/log_120-121
2019-09-24 17:00:49,844 TRACE util.FileUtils (LogUtils.java:runAndLog(61)) - Successfully ran Files.move /workdir/ratis-test/target/test/data/e0ec9561/MiniRaftClusterWithSimulatedRpce2213dd2/s1/bc16a33f-4125-4cb3-9efe-e65baae935fd/current/log_inprogress_120 to /workdir/ratis-test/target/test/data/e0ec9561/MiniRaftClusterWithSimulatedRpce2213dd2/s1/bc16a33f-4125-4cb3-9efe-e65baae935fd/current/log_120-121
2019-09-24 17:00:49,845 INFO  segmented.SegmentedRaftLogWorker (SegmentedRaftLogWorker.java:execute(526)) - s1@group-E65BAAE935FD-SegmentedRaftLogWorker: Rolled log segment from /workdir/ratis-test/target/test/data/e0ec9561/MiniRaftClusterWithSimulatedRpce2213dd2/s1/bc16a33f-4125-4cb3-9efe-e65baae935fd/current/log_inprogress_120 to /workdir/ratis-test/target/test/data/e0ec9561/MiniRaftClusterWithSimulatedRpce2213dd2/s1/bc16a33f-4125-4cb3-9efe-e65baae935fd/current/log_120-121
2019-09-24 17:00:49,845 INFO  statemachine.SimpleStateMachine4Testing (SimpleStateMachine4Testing.java:put(198)) - s2: put 120, 5555555555... -> (t:2, i:120), STATEMACHINELOGENTRY, client-B6F390E87052, cid=395
2019-09-24 17:00:49,852 INFO  segmented.SegmentedRaftLogWorker (SegmentedRaftLogWorker.java:execute(569)) - s0@group-E65BAAE935FD-SegmentedRaftLogWorker: created new log segment /workdir/ratis-test/target/test/data/e0ec9561/MiniRaftClusterWithSimulatedRpce2213dd2/s0/bc16a33f-4125-4cb3-9efe-e65baae935fd/current/log_inprogress_124
2019-09-24 17:00:49,867 INFO  statemachine.SimpleStateMachine4Testing (SimpleStateMachine4Testing.java:put(198)) - s0: put 119, 4444444444... -> (t:2, i:119), STATEMACHINELOGENTRY, client-B07594A0E5F2, cid=394
2019-09-24 17:00:49,867 INFO  segmented.SegmentedRaftLogWorker (SegmentedRaftLogWorker.java:rollLogSegment(385)) - s0@group-E65BAAE935FD-SegmentedRaftLogWorker: Rolling segment log-124_125 to index:125
2019-09-24 17:00:49,870 TRACE util.FileUtils (LogUtils.java:runAndLog(61)) - Successfully ran Files.move /workdir/ratis-test/target/test/data/e0ec9561/MiniRaftClusterWithSimulatedRpce2213dd2/s0/bc16a33f-4125-4cb3-9efe-e65baae935fd/current/log_inprogress_124 to /workdir/ratis-test/target/test/data/e0ec9561/MiniRaftClusterWithSimulatedRpce2213dd2/s0/bc16a33f-4125-4cb3-9efe-e65baae935fd/current/log_124-125
2019-09-24 17:00:49,870 INFO  segmented.SegmentedRaftLogWorker (SegmentedRaftLogWorker.java:execute(526)) - s0@group-E65BAAE935FD-SegmentedRaftLogWorker: Rolled log segment from /workdir/ratis-test/target/test/data/e0ec9561/MiniRaftClusterWithSimulatedRpce2213dd2/s0/bc16a33f-4125-4cb3-9efe-e65baae935fd/current/log_inprogress_124 to /workdir/ratis-test/target/test/data/e0ec9561/MiniRaftClusterWithSimulatedRpce2213dd2/s0/bc16a33f-4125-4cb3-9efe-e65baae935fd/current/log_124-125
2019-09-24 17:00:49,878 INFO  segmented.SegmentedRaftLogWorker (SegmentedRaftLogWorker.java:execute(569)) - s1@group-E65BAAE935FD-SegmentedRaftLogWorker: created new log segment /workdir/ratis-test/target/test/data/e0ec9561/MiniRaftClusterWithSimulatedRpce2213dd2/s1/bc16a33f-4125-4cb3-9efe-e65baae935fd/current/log_inprogress_122
2019-09-24 17:00:49,878 INFO  segmented.SegmentedRaftLogWorker (SegmentedRaftLogWorker.java:execute(569)) - s2@group-E65BAAE935FD-SegmentedRaftLogWorker: created new log segment /workdir/ratis-test/target/test/data/e0ec9561/MiniRaftClusterWithSimulatedRpce2213dd2/s2/bc16a33f-4125-4cb3-9efe-e65baae935fd/current/log_inprogress_122
2019-09-24 17:00:50,814 INFO  ratis.MiniRaftCluster (MiniRaftCluster.java:lambda$null$5(297)) - TIMED-PRINT: printing ALL groups
  s0:  RUNNING    LEADER s0@group-3FFDBCE920FC:t1, leader=s0, voted=s0, raftlog=s0@group-3FFDBCE920FC-SegmentedRaftLog:OPENED:c20,f20,i20, conf=0: [s0:0.0.0.0:43661, s1:0.0.0.0:40785, s2:0.0.0.0:33810], old=null RUNNING
  s1:  RUNNING  FOLLOWER s1@group-3FFDBCE920FC:t1, leader=s0, voted=s0, raftlog=s1@group-3FFDBCE920FC-SegmentedRaftLog:OPENED:c20,f20,i20, conf=0: [s0:0.0.0.0:43661, s1:0.0.0.0:40785, s2:0.0.0.0:33810], old=null RUNNING
  s2:  RUNNING  FOLLOWER s2@group-3FFDBCE920FC:t1, leader=s0, voted=s0, raftlog=s2@group-3FFDBCE920FC-SegmentedRaftLog:OPENED:c20,f20,i20, conf=0: [s0:0.0.0.0:43661, s1:0.0.0.0:40785, s2:0.0.0.0:33810], old=null RUNNING
2019-09-24 17:00:51,567 INFO  ratis.MiniRaftCluster (MiniRaftCluster.java:lambda$null$5(297)) - TIMED-PRINT: printing ALL groups
  s0:  RUNNING  FOLLOWER s0@group-E65BAAE935FD:t2, leader=s2, voted=s0, raftlog=s0@group-E65BAAE935FD-SegmentedRaftLog:OPENED:c119,f125,i127, conf=0: [s0:0.0.0.0:35484, s1:0.0.0.0:33343, s2:0.0.0.0:46273], old=null RUNNING
  s1:  RUNNING  FOLLOWER s1@group-E65BAAE935FD:t2, leader=s2, voted=s2, raftlog=s1@group-E65BAAE935FD-SegmentedRaftLog:OPENED:c118,f121,i123, conf=0: [s0:0.0.0.0:35484, s1:0.0.0.0:33343, s2:0.0.0.0:46273], old=null RUNNING
  s2:  RUNNING    LEADER s2@group-E65BAAE935FD:t2, leader=s2, voted=s2, raftlog=s2@group-E65BAAE935FD-SegmentedRaftLog:OPENED:c121,f121,i129, conf=0: [s0:0.0.0.0:35484, s1:0.0.0.0:33343, s2:0.0.0.0:46273], old=null RUNNING
2019-09-24 17:00:52,842 WARN  impl.LogAppender (LogAppender.java:sendAppendEntriesWithRetries(274)) - s2@group-E65BAAE935FD->s1-LogAppender: Failed to appendEntries (retry=1): java.io.IOException: Timeout while waiting for reply of request org.apache.ratis.server.simulation.RaftServerRequest@145da71f
2019-09-24 17:00:52,867 WARN  impl.LogAppender (LogAppender.java:sendAppendEntriesWithRetries(274)) - s2@group-E65BAAE935FD->s0-LogAppender: Failed to appendEntries (retry=1): java.io.IOException: Timeout while waiting for reply of request org.apache.ratis.server.simulation.RaftServerRequest@7ad22d7f
2019-09-24 17:00:52,871 INFO  statemachine.SimpleStateMachine4Testing (SimpleStateMachine4Testing.java:put(198)) - s1: put 119, 4444444444... -> (t:2, i:119), STATEMACHINELOGENTRY, client-B07594A0E5F2, cid=394
2019-09-24 17:00:52,871 INFO  segmented.SegmentedRaftLogWorker (SegmentedRaftLogWorker.java:rollLogSegment(385)) - s1@group-E65BAAE935FD-SegmentedRaftLogWorker: Rolling segment log-122_123 to index:123
2019-09-24 17:00:52,894 INFO  statemachine.SimpleStateMachine4Testing (SimpleStateMachine4Testing.java:put(198)) - s0: put 120, 5555555555... -> (t:2, i:120), STATEMACHINELOGENTRY, client-B6F390E87052, cid=395
2019-09-24 17:00:52,894 INFO  segmented.SegmentedRaftLogWorker (SegmentedRaftLogWorker.java:rollLogSegment(385)) - s0@group-E65BAAE935FD-SegmentedRaftLogWorker: Rolling segment log-126_127 to index:127
2019-09-24 17:00:55,037 TRACE util.FileUtils (LogUtils.java:runAndLog(61)) - Successfully ran Files.move /workdir/ratis-test/target/test/data/e0ec9561/MiniRaftClusterWithSimulatedRpce2213dd2/s2/bc16a33f-4125-4cb3-9efe-e65baae935fd/current/log_inprogress_122 to /workdir/ratis-test/target/test/data/e0ec9561/MiniRaftClusterWithSimulatedRpce2213dd2/s2/bc16a33f-4125-4cb3-9efe-e65baae935fd/current/log_122-123
2019-09-24 17:00:55,037 TRACE util.FileUtils (LogUtils.java:runAndLog(61)) - Successfully ran Files.move /workdir/ratis-test/target/test/data/e0ec9561/MiniRaftClusterWithSimulatedRpce2213dd2/s1/bc16a33f-4125-4cb3-9efe-e65baae935fd/current/log_inprogress_122 to /workdir/ratis-test/target/test/data/e0ec9561/MiniRaftClusterWithSimulatedRpce2213dd2/s1/bc16a33f-4125-4cb3-9efe-e65baae935fd/current/log_122-123
2019-09-24 17:00:55,038 INFO  segmented.SegmentedRaftLogWorker (SegmentedRaftLogWorker.java:execute(526)) - s2@group-E65BAAE935FD-SegmentedRaftLogWorker: Rolled log segment from /workdir/ratis-test/target/test/data/e0ec9561/MiniRaftClusterWithSimulatedRpce2213dd2/s2/bc16a33f-4125-4cb3-9efe-e65baae935fd/current/log_inprogress_122 to /workdir/ratis-test/target/test/data/e0ec9561/MiniRaftClusterWithSimulatedRpce2213dd2/s2/bc16a33f-4125-4cb3-9efe-e65baae935fd/current/log_122-123
2019-09-24 17:00:55,038 INFO  segmented.SegmentedRaftLogWorker (SegmentedRaftLogWorker.java:execute(526)) - s1@group-E65BAAE935FD-SegmentedRaftLogWorker: Rolled log segment from /workdir/ratis-test/target/test/data/e0ec9561/MiniRaftClusterWithSimulatedRpce2213dd2/s1/bc16a33f-4125-4cb3-9efe-e65baae935fd/current/log_inprogress_122 to /workdir/ratis-test/target/test/data/e0ec9561/MiniRaftClusterWithSimulatedRpce2213dd2/s1/bc16a33f-4125-4cb3-9efe-e65baae935fd/current/log_122-123
2019-09-24 17:00:55,038 INFO  statemachine.SimpleStateMachine4Testing (SimpleStateMachine4Testing.java:put(198)) - s2: put 122, 5555555555... -> (t:2, i:122), STATEMACHINELOGENTRY, client-44073FEAA4C6, cid=396
2019-09-24 17:00:55,039 INFO  segmented.SegmentedRaftLogWorker (SegmentedRaftLogWorker.java:rollLogSegment(385)) - s2@group-E65BAAE935FD-SegmentedRaftLogWorker: Rolling segment log-128_129 to index:129
2019-09-24 17:00:55,894 WARN  impl.LogAppender (LogAppender.java:sendAppendEntriesWithRetries(274)) - s2@group-E65BAAE935FD->s0-LogAppender: Failed to appendEntries (retry=1): java.io.IOException: Timeout while waiting for reply of request org.apache.ratis.server.simulation.RaftServerRequest@167c5814
2019-09-24 17:00:55,920 INFO  segmented.SegmentedRaftLogWorker (SegmentedRaftLogWorker.java:rollLogSegment(385)) - s0@group-E65BAAE935FD-SegmentedRaftLogWorker: Rolling segment log-128_129 to index:129
2019-09-24 17:00:58,038 WARN  impl.LogAppender (LogAppender.java:sendAppendEntriesWithRetries(274)) - s2@group-E65BAAE935FD->s1-LogAppender: Failed to appendEntries (retry=1): java.io.IOException: Timeout while waiting for reply of request org.apache.ratis.server.simulation.RaftServerRequest@69c735a3
2019-09-24 17:00:58,064 INFO  statemachine.SimpleStateMachine4Testing (SimpleStateMachine4Testing.java:put(198)) - s1: put 120, 5555555555... -> (t:2, i:120), STATEMACHINELOGENTRY, client-B6F390E87052, cid=395
2019-09-24 17:00:58,064 INFO  segmented.SegmentedRaftLogWorker (SegmentedRaftLogWorker.java:rollLogSegment(385)) - s1@group-E65BAAE935FD-SegmentedRaftLogWorker: Rolling segment log-124_125 to index:125
2019-09-24 17:00:58,921 WARN  impl.LogAppender (LogAppender.java:sendAppendEntriesWithRetries(274)) - s2@group-E65BAAE935FD->s0-LogAppender: Failed to appendEntries (retry=1): java.io.IOException: Timeout while waiting for reply of request org.apache.ratis.server.simulation.RaftServerRequest@4328551f
2019-09-24 17:00:59,440 INFO  segmented.SegmentedRaftLogWorker (SegmentedRaftLogWorker.java:execute(569)) - s0@group-E65BAAE935FD-SegmentedRaftLogWorker: created new log segment /workdir/ratis-test/target/test/data/e0ec9561/MiniRaftClusterWithSimulatedRpce2213dd2/s0/bc16a33f-4125-4cb3-9efe-e65baae935fd/current/log_inprogress_126
2019-09-24 17:01:00,813 INFO  ratis.MiniRaftCluster (MiniRaftCluster.java:lambda$null$5(297)) - TIMED-PRINT: printing ALL groups
  s0:  RUNNING    LEADER s0@group-3FFDBCE920FC:t1, leader=s0, voted=s0, raftlog=s0@group-3FFDBCE920FC-SegmentedRaftLog:OPENED:c20,f20,i20, conf=0: [s0:0.0.0.0:43661, s1:0.0.0.0:40785, s2:0.0.0.0:33810], old=null RUNNING
  s1:  RUNNING  FOLLOWER s1@group-3FFDBCE920FC:t1, leader=s0, voted=s0, raftlog=s1@group-3FFDBCE920FC-SegmentedRaftLog:OPENED:c20,f20,i20, conf=0: [s0:0.0.0.0:43661, s1:0.0.0.0:40785, s2:0.0.0.0:33810], old=null RUNNING
  s2:  RUNNING  FOLLOWER s2@group-3FFDBCE920FC:t1, leader=s0, voted=s0, raftlog=s2@group-3FFDBCE920FC-SegmentedRaftLog:OPENED:c20,f20,i20, conf=0: [s0:0.0.0.0:43661, s1:0.0.0.0:40785, s2:0.0.0.0:33810], old=null RUNNING
2019-09-24 17:01:01,064 WARN  impl.LogAppender (LogAppender.java:sendAppendEntriesWithRetries(274)) - s2@group-E65BAAE935FD->s1-LogAppender: Failed to appendEntries (retry=1): java.io.IOException: Timeout while waiting for reply of request org.apache.ratis.server.simulation.RaftServerRequest@5a846403
2019-09-24 17:01:01,090 INFO  statemachine.SimpleStateMachine4Testing (SimpleStateMachine4Testing.java:put(198)) - s1: put 122, 5555555555... -> (t:2, i:122), STATEMACHINELOGENTRY, client-44073FEAA4C6, cid=396
2019-09-24 17:01:01,090 INFO  segmented.SegmentedRaftLogWorker (SegmentedRaftLogWorker.java:rollLogSegment(385)) - s1@group-E65BAAE935FD-SegmentedRaftLogWorker: Rolling segment log-126_127 to index:127
2019-09-24 17:01:01,260 TRACE util.FileUtils (LogUtils.java:runAndLog(61)) - Successfully ran Files.move /workdir/ratis-test/target/test/data/e0ec9561/MiniRaftClusterWithSimulatedRpce2213dd2/s0/bc16a33f-4125-4cb3-9efe-e65baae935fd/current/log_inprogress_126 to /workdir/ratis-test/target/test/data/e0ec9561/MiniRaftClusterWithSimulatedRpce2213dd2/s0/bc16a33f-4125-4cb3-9efe-e65baae935fd/current/log_126-127
2019-09-24 17:01:01,260 INFO  segmented.SegmentedRaftLogWorker (SegmentedRaftLogWorker.java:execute(526)) - s0@group-E65BAAE935FD-SegmentedRaftLogWorker: Rolled log segment from /workdir/ratis-test/target/test/data/e0ec9561/MiniRaftClusterWithSimulatedRpce2213dd2/s0/bc16a33f-4125-4cb3-9efe-e65baae935fd/current/log_inprogress_126 to /workdir/ratis-test/target/test/data/e0ec9561/MiniRaftClusterWithSimulatedRpce2213dd2/s0/bc16a33f-4125-4cb3-9efe-e65baae935fd/current/log_126-127
2019-09-24 17:01:01,262 INFO  statemachine.SimpleStateMachine4Testing (SimpleStateMachine4Testing.java:put(198)) - s0: put 122, 5555555555... -> (t:2, i:122), STATEMACHINELOGENTRY, client-44073FEAA4C6, cid=396
2019-09-24 17:01:01,286 INFO  segmented.SegmentedRaftLogWorker (SegmentedRaftLogWorker.java:execute(569)) - s1@group-E65BAAE935FD-SegmentedRaftLogWorker: created new log segment /workdir/ratis-test/target/test/data/e0ec9561/MiniRaftClusterWithSimulatedRpce2213dd2/s1/bc16a33f-4125-4cb3-9efe-e65baae935fd/current/log_inprogress_124
2019-09-24 17:01:01,286 INFO  segmented.SegmentedRaftLogWorker (SegmentedRaftLogWorker.java:execute(569)) - s2@group-E65BAAE935FD-SegmentedRaftLogWorker: created new log segment /workdir/ratis-test/target/test/data/e0ec9561/MiniRaftClusterWithSimulatedRpce2213dd2/s2/bc16a33f-4125-4cb3-9efe-e65baae935fd/current/log_inprogress_124
2019-09-24 17:01:01,310 TRACE util.FileUtils (LogUtils.java:runAndLog(61)) - Successfully ran Files.move /workdir/ratis-test/target/test/data/e0ec9561/MiniRaftClusterWithSimulatedRpce2213dd2/s2/bc16a33f-4125-4cb3-9efe-e65baae935fd/current/log_inprogress_124 to /workdir/ratis-test/target/test/data/e0ec9561/MiniRaftClusterWithSimulatedRpce2213dd2/s2/bc16a33f-4125-4cb3-9efe-e65baae935fd/current/log_124-125
2019-09-24 17:01:01,310 TRACE util.FileUtils (LogUtils.java:runAndLog(61)) - Successfully ran Files.move /workdir/ratis-test/target/test/data/e0ec9561/MiniRaftClusterWithSimulatedRpce2213dd2/s1/bc16a33f-4125-4cb3-9efe-e65baae935fd/current/log_inprogress_124 to /workdir/ratis-test/target/test/data/e0ec9561/MiniRaftClusterWithSimulatedRpce2213dd2/s1/bc16a33f-4125-4cb3-9efe-e65baae935fd/current/log_124-125
2019-09-24 17:01:01,310 INFO  segmented.SegmentedRaftLogWorker (SegmentedRaftLogWorker.java:execute(526)) - s2@group-E65BAAE935FD-SegmentedRaftLogWorker: Rolled log segment from /workdir/ratis-test/target/test/data/e0ec9561/MiniRaftClusterWithSimulatedRpce2213dd2/s2/bc16a33f-4125-4cb3-9efe-e65baae935fd/current/log_inprogress_124 to /workdir/ratis-test/target/test/data/e0ec9561/MiniRaftClusterWithSimulatedRpce2213dd2/s2/bc16a33f-4125-4cb3-9efe-e65baae935fd/current/log_124-125
2019-09-24 17:01:01,310 INFO  segmented.SegmentedRaftLogWorker (SegmentedRaftLogWorker.java:execute(526)) - s1@group-E65BAAE935FD-SegmentedRaftLogWorker: Rolled log segment from /workdir/ratis-test/target/test/data/e0ec9561/MiniRaftClusterWithSimulatedRpce2213dd2/s1/bc16a33f-4125-4cb3-9efe-e65baae935fd/current/log_inprogress_124 to /workdir/ratis-test/target/test/data/e0ec9561/MiniRaftClusterWithSimulatedRpce2213dd2/s1/bc16a33f-4125-4cb3-9efe-e65baae935fd/current/log_124-125
2019-09-24 17:01:01,310 INFO  statemachine.SimpleStateMachine4Testing (SimpleStateMachine4Testing.java:put(198)) - s2: put 124, 5555555555... -> (t:2, i:124), STATEMACHINELOGENTRY, client-8CFC123A34ED, cid=397
2019-09-24 17:01:01,319 INFO  segmented.SegmentedRaftLogWorker (SegmentedRaftLogWorker.java:execute(569)) - s0@group-E65BAAE935FD-SegmentedRaftLogWorker: created new log segment /workdir/ratis-test/target/test/data/e0ec9561/MiniRaftClusterWithSimulatedRpce2213dd2/s0/bc16a33f-4125-4cb3-9efe-e65baae935fd/current/log_inprogress_128
2019-09-24 17:01:01,335 TRACE util.FileUtils (LogUtils.java:runAndLog(61)) - Successfully ran Files.move /workdir/ratis-test/target/test/data/e0ec9561/MiniRaftClusterWithSimulatedRpce2213dd2/s0/bc16a33f-4125-4cb3-9efe-e65baae935fd/current/log_inprogress_128 to /workdir/ratis-test/target/test/data/e0ec9561/MiniRaftClusterWithSimulatedRpce2213dd2/s0/bc16a33f-4125-4cb3-9efe-e65baae935fd/current/log_128-129
2019-09-24 17:01:01,335 INFO  segmented.SegmentedRaftLogWorker (SegmentedRaftLogWorker.java:execute(526)) - s0@group-E65BAAE935FD-SegmentedRaftLogWorker: Rolled log segment from /workdir/ratis-test/target/test/data/e0ec9561/MiniRaftClusterWithSimulatedRpce2213dd2/s0/bc16a33f-4125-4cb3-9efe-e65baae935fd/current/log_inprogress_128 to /workdir/ratis-test/target/test/data/e0ec9561/MiniRaftClusterWithSimulatedRpce2213dd2/s0/bc16a33f-4125-4cb3-9efe-e65baae935fd/current/log_128-129
2019-09-24 17:01:01,336 INFO  segmented.SegmentedRaftLogWorker (SegmentedRaftLogWorker.java:execute(569)) - s1@group-E65BAAE935FD-SegmentedRaftLogWorker: created new log segment /workdir/ratis-test/target/test/data/e0ec9561/MiniRaftClusterWithSimulatedRpce2213dd2/s1/bc16a33f-4125-4cb3-9efe-e65baae935fd/current/log_inprogress_126
2019-09-24 17:01:01,336 INFO  segmented.SegmentedRaftLogWorker (SegmentedRaftLogWorker.java:execute(569)) - s2@group-E65BAAE935FD-SegmentedRaftLogWorker: created new log segment /workdir/ratis-test/target/test/data/e0ec9561/MiniRaftClusterWithSimulatedRpce2213dd2/s2/bc16a33f-4125-4cb3-9efe-e65baae935fd/current/log_inprogress_126
2019-09-24 17:01:01,338 INFO  statemachine.SimpleStateMachine4Testing (SimpleStateMachine4Testing.java:put(198)) - s0: put 124, 5555555555... -> (t:2, i:124), STATEMACHINELOGENTRY, client-8CFC123A34ED, cid=397
2019-09-24 17:01:01,352 TRACE util.FileUtils (LogUtils.java:runAndLog(61)) - Successfully ran Files.move /workdir/ratis-test/target/test/data/e0ec9561/MiniRaftClusterWithSimulatedRpce2213dd2/s1/bc16a33f-4125-4cb3-9efe-e65baae935fd/current/log_inprogress_126 to /workdir/ratis-test/target/test/data/e0ec9561/MiniRaftClusterWithSimulatedRpce2213dd2/s1/bc16a33f-4125-4cb3-9efe-e65baae935fd/current/log_126-127
2019-09-24 17:01:01,352 INFO  segmented.SegmentedRaftLogWorker (SegmentedRaftLogWorker.java:execute(526)) - s1@group-E65BAAE935FD-SegmentedRaftLogWorker: Rolled log segment from /workdir/ratis-test/target/test/data/e0ec9561/MiniRaftClusterWithSimulatedRpce2213dd2/s1/bc16a33f-4125-4cb3-9efe-e65baae935fd/current/log_inprogress_126 to /workdir/ratis-test/target/test/data/e0ec9561/MiniRaftClusterWithSimulatedRpce2213dd2/s1/bc16a33f-4125-4cb3-9efe-e65baae935fd/current/log_126-127
2019-09-24 17:01:01,352 TRACE util.FileUtils (LogUtils.java:runAndLog(61)) - Successfully ran Files.move /workdir/ratis-test/target/test/data/e0ec9561/MiniRaftClusterWithSimulatedRpce2213dd2/s2/bc16a33f-4125-4cb3-9efe-e65baae935fd/current/log_inprogress_126 to /workdir/ratis-test/target/test/data/e0ec9561/MiniRaftClusterWithSimulatedRpce2213dd2/s2/bc16a33f-4125-4cb3-9efe-e65baae935fd/current/log_126-127
2019-09-24 17:01:01,353 INFO  segmented.SegmentedRaftLogWorker (SegmentedRaftLogWorker.java:execute(526)) - s2@group-E65BAAE935FD-SegmentedRaftLogWorker: Rolled log segment from /workdir/ratis-test/target/test/data/e0ec9561/MiniRaftClusterWithSimulatedRpce2213dd2/s2/bc16a33f-4125-4cb3-9efe-e65baae935fd/current/log_inprogress_126 to /workdir/ratis-test/target/test/data/e0ec9561/MiniRaftClusterWithSimulatedRpce2213dd2/s2/bc16a33f-4125-4cb3-9efe-e65baae935fd/current/log_126-127
2019-09-24 17:01:01,353 INFO  segmented.SegmentedRaftLogWorker (SegmentedRaftLogWorker.java:execute(569)) - s0@group-E65BAAE935FD-SegmentedRaftLogWorker: created new log segment /workdir/ratis-test/target/test/data/e0ec9561/MiniRaftClusterWithSimulatedRpce2213dd2/s0/bc16a33f-4125-4cb3-9efe-e65baae935fd/current/log_inprogress_130
2019-09-24 17:01:01,353 INFO  statemachine.SimpleStateMachine4Testing (SimpleStateMachine4Testing.java:put(198)) - s2: put 126, 5555555555... -> (t:2, i:126), STATEMACHINELOGENTRY, client-524B73A117F1, cid=398
2019-09-24 17:01:01,384 INFO  segmented.SegmentedRaftLogWorker (SegmentedRaftLogWorker.java:execute(569)) - s1@group-E65BAAE935FD-SegmentedRaftLogWorker: created new log segment /workdir/ratis-test/target/test/data/e0ec9561/MiniRaftClusterWithSimulatedRpce2213dd2/s1/bc16a33f-4125-4cb3-9efe-e65baae935fd/current/log_inprogress_128
2019-09-24 17:01:01,384 INFO  segmented.SegmentedRaftLogWorker (SegmentedRaftLogWorker.java:execute(569)) - s2@group-E65BAAE935FD-SegmentedRaftLogWorker: created new log segment /workdir/ratis-test/target/test/data/e0ec9561/MiniRaftClusterWithSimulatedRpce2213dd2/s2/bc16a33f-4125-4cb3-9efe-e65baae935fd/current/log_inprogress_128
2019-09-24 17:01:01,391 INFO  segmented.SegmentedRaftLogWorker (SegmentedRaftLogWorker.java:rollLogSegment(385)) - s1@group-E65BAAE935FD-SegmentedRaftLogWorker: Rolling segment log-128_129 to index:129
2019-09-24 17:01:01,391 TRACE util.FileUtils (LogUtils.java:runAndLog(61)) - Successfully ran Files.move /workdir/ratis-test/target/test/data/e0ec9561/MiniRaftClusterWithSimulatedRpce2213dd2/s2/bc16a33f-4125-4cb3-9efe-e65baae935fd/current/log_inprogress_128 to /workdir/ratis-test/target/test/data/e0ec9561/MiniRaftClusterWithSimulatedRpce2213dd2/s2/bc16a33f-4125-4cb3-9efe-e65baae935fd/current/log_128-129
2019-09-24 17:01:01,391 INFO  segmented.SegmentedRaftLogWorker (SegmentedRaftLogWorker.java:execute(526)) - s2@group-E65BAAE935FD-SegmentedRaftLogWorker: Rolled log segment from /workdir/ratis-test/target/test/data/e0ec9561/MiniRaftClusterWithSimulatedRpce2213dd2/s2/bc16a33f-4125-4cb3-9efe-e65baae935fd/current/log_inprogress_128 to /workdir/ratis-test/target/test/data/e0ec9561/MiniRaftClusterWithSimulatedRpce2213dd2/s2/bc16a33f-4125-4cb3-9efe-e65baae935fd/current/log_128-129
2019-09-24 17:01:01,391 TRACE util.FileUtils (LogUtils.java:runAndLog(61)) - Successfully ran Files.move /workdir/ratis-test/target/test/data/e0ec9561/MiniRaftClusterWithSimulatedRpce2213dd2/s1/bc16a33f-4125-4cb3-9efe-e65baae935fd/current/log_inprogress_128 to /workdir/ratis-test/target/test/data/e0ec9561/MiniRaftClusterWithSimulatedRpce2213dd2/s1/bc16a33f-4125-4cb3-9efe-e65baae935fd/current/log_128-129
2019-09-24 17:01:01,392 INFO  segmented.SegmentedRaftLogWorker (SegmentedRaftLogWorker.java:execute(526)) - s1@group-E65BAAE935FD-SegmentedRaftLogWorker: Rolled log segment from /workdir/ratis-test/target/test/data/e0ec9561/MiniRaftClusterWithSimulatedRpce2213dd2/s1/bc16a33f-4125-4cb3-9efe-e65baae935fd/current/log_inprogress_128 to /workdir/ratis-test/target/test/data/e0ec9561/MiniRaftClusterWithSimulatedRpce2213dd2/s1/bc16a33f-4125-4cb3-9efe-e65baae935fd/current/log_128-129
2019-09-24 17:01:01,392 INFO  statemachine.SimpleStateMachine4Testing (SimpleStateMachine4Testing.java:put(198)) - s2: put 128, 5555555555... -> (t:2, i:128), STATEMACHINELOGENTRY, client-B07594A0E5F2, cid=399
2019-09-24 17:01:01,392 INFO  statemachine.SimpleStateMachine4Testing (SimpleStateMachine4Testing.java:put(198)) - s2: put 129, 0000000000... -> (t:2, i:129), STATEMACHINELOGENTRY, client-B6F390E87052, cid=400
2019-09-24 17:01:01,393 INFO  statemachine.SimpleStateMachine4Testing (SimpleStateMachine4Testing.java:put(198)) - s0: put 126, 5555555555... -> (t:2, i:126), STATEMACHINELOGENTRY, client-524B73A117F1, cid=398
2019-09-24 17:01:01,404 INFO  segmented.SegmentedRaftLogWorker (SegmentedRaftLogWorker.java:execute(569)) - s2@group-E65BAAE935FD-SegmentedRaftLogWorker: created new log segment /workdir/ratis-test/target/test/data/e0ec9561/MiniRaftClusterWithSimulatedRpce2213dd2/s2/bc16a33f-4125-4cb3-9efe-e65baae935fd/current/log_inprogress_130
2019-09-24 17:01:01,404 INFO  segmented.SegmentedRaftLogWorker (SegmentedRaftLogWorker.java:execute(569)) - s1@group-E65BAAE935FD-SegmentedRaftLogWorker: created new log segment /workdir/ratis-test/target/test/data/e0ec9561/MiniRaftClusterWithSimulatedRpce2213dd2/s1/bc16a33f-4125-4cb3-9efe-e65baae935fd/current/log_inprogress_130
2019-09-24 17:01:01,417 INFO  statemachine.SimpleStateMachine4Testing (SimpleStateMachine4Testing.java:put(198)) - s2: put 130, 0000000000... -> (t:2, i:130), STATEMACHINELOGENTRY, client-44073FEAA4C6, cid=401
2019-09-24 17:01:01,417 INFO  statemachine.SimpleStateMachine4Testing (SimpleStateMachine4Testing.java:put(198)) - s1: put 124, 5555555555... -> (t:2, i:124), STATEMACHINELOGENTRY, client-8CFC123A34ED, cid=397
2019-09-24 17:01:01,418 INFO  statemachine.SimpleStateMachine4Testing (SimpleStateMachine4Testing.java:put(198)) - s1: put 126, 5555555555... -> (t:2, i:126), STATEMACHINELOGENTRY, client-524B73A117F1, cid=398
2019-09-24 17:01:01,422 INFO  statemachine.SimpleStateMachine4Testing (SimpleStateMachine4Testing.java:put(198)) - s1: put 128, 5555555555... -> (t:2, i:128), STATEMACHINELOGENTRY, client-B07594A0E5F2, cid=399
2019-09-24 17:01:01,422 INFO  statemachine.SimpleStateMachine4Testing (SimpleStateMachine4Testing.java:put(198)) - s1: put 129, 0000000000... -> (t:2, i:129), STATEMACHINELOGENTRY, client-B6F390E87052, cid=400
2019-09-24 17:01:01,422 INFO  statemachine.SimpleStateMachine4Testing (SimpleStateMachine4Testing.java:put(198)) - s1: put 130, 0000000000... -> (t:2, i:130), STATEMACHINELOGENTRY, client-44073FEAA4C6, cid=401
2019-09-24 17:01:01,442 INFO  segmented.SegmentedRaftLogWorker (SegmentedRaftLogWorker.java:rollLogSegment(385)) - s2@group-E65BAAE935FD-SegmentedRaftLogWorker: Rolling segment log-130_135 to index:135
2019-09-24 17:01:01,568 INFO  ratis.MiniRaftCluster (MiniRaftCluster.java:lambda$null$5(297)) - TIMED-PRINT: printing ALL groups
  s0:  RUNNING  FOLLOWER s0@group-E65BAAE935FD:t2, leader=s2, voted=s0, raftlog=s0@group-E65BAAE935FD-SegmentedRaftLog:OPENED:c127,f131,i134, conf=0: [s0:0.0.0.0:35484, s1:0.0.0.0:33343, s2:0.0.0.0:46273], old=null RUNNING
  s1:  RUNNING  FOLLOWER s1@group-E65BAAE935FD:t2, leader=s2, voted=s2, raftlog=s1@group-E65BAAE935FD-SegmentedRaftLog:OPENED:c131,f131,i135, conf=0: [s0:0.0.0.0:35484, s1:0.0.0.0:33343, s2:0.0.0.0:46273], old=null RUNNING
  s2:  RUNNING    LEADER s2@group-E65BAAE935FD:t2, leader=s2, voted=s2, raftlog=s2@group-E65BAAE935FD-SegmentedRaftLog:OPENED:c131,f131,i136, conf=0: [s0:0.0.0.0:35484, s1:0.0.0.0:33343, s2:0.0.0.0:46273], old=null RUNNING
2019-09-24 17:01:01,711 INFO  statemachine.SimpleStateMachine4Testing (SimpleStateMachine4Testing.java:put(198)) - s0: put 128, 5555555555... -> (t:2, i:128), STATEMACHINELOGENTRY, client-B07594A0E5F2, cid=399
2019-09-24 17:01:01,712 INFO  statemachine.SimpleStateMachine4Testing (SimpleStateMachine4Testing.java:put(198)) - s2: put 132, 0000000000... -> (t:2, i:132), STATEMACHINELOGENTRY, client-524B73A117F1, cid=402
2019-09-24 17:01:01,713 TRACE util.FileUtils (LogUtils.java:runAndLog(61)) - Successfully ran Files.move /workdir/ratis-test/target/test/data/e0ec9561/MiniRaftClusterWithSimulatedRpce2213dd2/s2/bc16a33f-4125-4cb3-9efe-e65baae935fd/current/log_inprogress_130 to /workdir/ratis-test/target/test/data/e0ec9561/MiniRaftClusterWithSimulatedRpce2213dd2/s2/bc16a33f-4125-4cb3-9efe-e65baae935fd/current/log_130-135
2019-09-24 17:01:01,713 INFO  segmented.SegmentedRaftLogWorker (SegmentedRaftLogWorker.java:execute(526)) - s2@group-E65BAAE935FD-SegmentedRaftLogWorker: Rolled log segment from /workdir/ratis-test/target/test/data/e0ec9561/MiniRaftClusterWithSimulatedRpce2213dd2/s2/bc16a33f-4125-4cb3-9efe-e65baae935fd/current/log_inprogress_130 to /workdir/ratis-test/target/test/data/e0ec9561/MiniRaftClusterWithSimulatedRpce2213dd2/s2/bc16a33f-4125-4cb3-9efe-e65baae935fd/current/log_130-135
2019-09-24 17:01:01,712 INFO  segmented.SegmentedRaftLogWorker (SegmentedRaftLogWorker.java:rollLogSegment(385)) - s0@group-E65BAAE935FD-SegmentedRaftLogWorker: Rolling segment log-130_135 to index:135
2019-09-24 17:01:01,714 INFO  statemachine.SimpleStateMachine4Testing (SimpleStateMachine4Testing.java:put(198)) - s2: put 133, 0000000000... -> (t:2, i:133), STATEMACHINELOGENTRY, client-B07594A0E5F2, cid=403
2019-09-24 17:01:01,714 INFO  statemachine.SimpleStateMachine4Testing (SimpleStateMachine4Testing.java:put(198)) - s0: put 129, 0000000000... -> (t:2, i:129), STATEMACHINELOGENTRY, client-B6F390E87052, cid=400
2019-09-24 17:01:01,714 INFO  statemachine.SimpleStateMachine4Testing (SimpleStateMachine4Testing.java:put(198)) - s2: put 134, 0000000000... -> (t:2, i:134), STATEMACHINELOGENTRY, client-8CFC123A34ED, cid=405
2019-09-24 17:01:01,714 INFO  segmented.SegmentedRaftLogWorker (SegmentedRaftLogWorker.java:rollLogSegment(385)) - s1@group-E65BAAE935FD-SegmentedRaftLogWorker: Rolling segment log-130_135 to index:135
2019-09-24 17:01:01,714 INFO  statemachine.SimpleStateMachine4Testing (SimpleStateMachine4Testing.java:put(198)) - s2: put 135, 1111111111... -> (t:2, i:135), STATEMACHINELOGENTRY, client-B6F390E87052, cid=406
2019-09-24 17:01:01,715 INFO  segmented.SegmentedRaftLogWorker (SegmentedRaftLogWorker.java:rollLogSegment(385)) - s2@group-E65BAAE935FD-SegmentedRaftLogWorker: Rolling segment log-136_141 to index:141
2019-09-24 17:01:01,714 TRACE util.FileUtils (LogUtils.java:runAndLog(61)) - Successfully ran Files.move /workdir/ratis-test/target/test/data/e0ec9561/MiniRaftClusterWithSimulatedRpce2213dd2/s0/bc16a33f-4125-4cb3-9efe-e65baae935fd/current/log_inprogress_130 to /workdir/ratis-test/target/test/data/e0ec9561/MiniRaftClusterWithSimulatedRpce2213dd2/s0/bc16a33f-4125-4cb3-9efe-e65baae935fd/current/log_130-135
2019-09-24 17:01:01,715 INFO  segmented.SegmentedRaftLogWorker (SegmentedRaftLogWorker.java:execute(526)) - s0@group-E65BAAE935FD-SegmentedRaftLogWorker: Rolled log segment from /workdir/ratis-test/target/test/data/e0ec9561/MiniRaftClusterWithSimulatedRpce2213dd2/s0/bc16a33f-4125-4cb3-9efe-e65baae935fd/current/log_inprogress_130 to /workdir/ratis-test/target/test/data/e0ec9561/MiniRaftClusterWithSimulatedRpce2213dd2/s0/bc16a33f-4125-4cb3-9efe-e65baae935fd/current/log_130-135
2019-09-24 17:01:01,714 INFO  statemachine.SimpleStateMachine4Testing (SimpleStateMachine4Testing.java:put(198)) - s0: put 130, 0000000000... -> (t:2, i:130), STATEMACHINELOGENTRY, client-44073FEAA4C6, cid=401
2019-09-24 17:01:01,715 TRACE util.FileUtils (LogUtils.java:runAndLog(61)) - Successfully ran Files.move /workdir/ratis-test/target/test/data/e0ec9561/MiniRaftClusterWithSimulatedRpce2213dd2/s1/bc16a33f-4125-4cb3-9efe-e65baae935fd/current/log_inprogress_130 to /workdir/ratis-test/target/test/data/e0ec9561/MiniRaftClusterWithSimulatedRpce2213dd2/s1/bc16a33f-4125-4cb3-9efe-e65baae935fd/current/log_130-135
2019-09-24 17:01:01,716 INFO  segmented.SegmentedRaftLogWorker (SegmentedRaftLogWorker.java:execute(526)) - s1@group-E65BAAE935FD-SegmentedRaftLogWorker: Rolled log segment from /workdir/ratis-test/target/test/data/e0ec9561/MiniRaftClusterWithSimulatedRpce2213dd2/s1/bc16a33f-4125-4cb3-9efe-e65baae935fd/current/log_inprogress_130 to /workdir/ratis-test/target/test/data/e0ec9561/MiniRaftClusterWithSimulatedRpce2213dd2/s1/bc16a33f-4125-4cb3-9efe-e65baae935fd/current/log_130-135
2019-09-24 17:01:01,738 INFO  segmented.SegmentedRaftLogWorker (SegmentedRaftLogWorker.java:execute(569)) - s2@group-E65BAAE935FD-SegmentedRaftLogWorker: created new log segment /workdir/ratis-test/target/test/data/e0ec9561/MiniRaftClusterWithSimulatedRpce2213dd2/s2/bc16a33f-4125-4cb3-9efe-e65baae935fd/current/log_inprogress_136
2019-09-24 17:01:01,740 INFO  segmented.SegmentedRaftLogWorker (SegmentedRaftLogWorker.java:execute(569)) - s1@group-E65BAAE935FD-SegmentedRaftLogWorker: created new log segment /workdir/ratis-test/target/test/data/e0ec9561/MiniRaftClusterWithSimulatedRpce2213dd2/s1/bc16a33f-4125-4cb3-9efe-e65baae935fd/current/log_inprogress_136
2019-09-24 17:01:01,740 INFO  segmented.SegmentedRaftLogWorker (SegmentedRaftLogWorker.java:execute(569)) - s0@group-E65BAAE935FD-SegmentedRaftLogWorker: created new log segment /workdir/ratis-test/target/test/data/e0ec9561/MiniRaftClusterWithSimulatedRpce2213dd2/s0/bc16a33f-4125-4cb3-9efe-e65baae935fd/current/log_inprogress_136
2019-09-24 17:01:04,712 WARN  impl.LogAppender (LogAppender.java:sendAppendEntriesWithRetries(274)) - s2@group-E65BAAE935FD->s0-LogAppender: Failed to appendEntries (retry=1): java.io.IOException: Timeout while waiting for reply of request org.apache.ratis.server.simulation.RaftServerRequest@444ad8b9
2019-09-24 17:01:04,714 WARN  impl.LogAppender (LogAppender.java:sendAppendEntriesWithRetries(274)) - s2@group-E65BAAE935FD->s1-LogAppender: Failed to appendEntries (retry=1): java.io.IOException: Timeout while waiting for reply of request org.apache.ratis.server.simulation.RaftServerRequest@7f21fe08
2019-09-24 17:01:04,738 INFO  segmented.SegmentedRaftLogWorker (SegmentedRaftLogWorker.java:rollLogSegment(385)) - s0@group-E65BAAE935FD-SegmentedRaftLogWorker: Rolling segment log-136_141 to index:141
2019-09-24 17:01:04,740 INFO  statemachine.SimpleStateMachine4Testing (SimpleStateMachine4Testing.java:put(198)) - s1: put 132, 0000000000... -> (t:2, i:132), STATEMACHINELOGENTRY, client-524B73A117F1, cid=402
2019-09-24 17:01:04,740 INFO  segmented.SegmentedRaftLogWorker (SegmentedRaftLogWorker.java:rollLogSegment(385)) - s1@group-E65BAAE935FD-SegmentedRaftLogWorker: Rolling segment log-136_141 to index:141
2019-09-24 17:01:04,765 INFO  statemachine.SimpleStateMachine4Testing (SimpleStateMachine4Testing.java:put(198)) - s1: put 133, 0000000000... -> (t:2, i:133), STATEMACHINELOGENTRY, client-B07594A0E5F2, cid=403
2019-09-24 17:01:04,766 INFO  statemachine.SimpleStateMachine4Testing (SimpleStateMachine4Testing.java:put(198)) - s1: put 134, 0000000000... -> (t:2, i:134), STATEMACHINELOGENTRY, client-8CFC123A34ED, cid=405
2019-09-24 17:01:06,956 TRACE util.FileUtils (LogUtils.java:runAndLog(61)) - Successfully ran Files.move /workdir/ratis-test/target/test/data/e0ec9561/MiniRaftClusterWithSimulatedRpce2213dd2/s2/bc16a33f-4125-4cb3-9efe-e65baae935fd/current/log_inprogress_136 to /workdir/ratis-test/target/test/data/e0ec9561/MiniRaftClusterWithSimulatedRpce2213dd2/s2/bc16a33f-4125-4cb3-9efe-e65baae935fd/current/log_136-141
2019-09-24 17:01:06,957 INFO  segmented.SegmentedRaftLogWorker (SegmentedRaftLogWorker.java:execute(526)) - s2@group-E65BAAE935FD-SegmentedRaftLogWorker: Rolled log segment from /workdir/ratis-test/target/test/data/e0ec9561/MiniRaftClusterWithSimulatedRpce2213dd2/s2/bc16a33f-4125-4cb3-9efe-e65baae935fd/current/log_inprogress_136 to /workdir/ratis-test/target/test/data/e0ec9561/MiniRaftClusterWithSimulatedRpce2213dd2/s2/bc16a33f-4125-4cb3-9efe-e65baae935fd/current/log_136-141
2019-09-24 17:01:06,957 INFO  statemachine.SimpleStateMachine4Testing (SimpleStateMachine4Testing.java:put(198)) - s2: put 136, 1111111111... -> (t:2, i:136), STATEMACHINELOGENTRY, client-44073FEAA4C6, cid=404
2019-09-24 17:01:06,958 INFO  statemachine.SimpleStateMachine4Testing (SimpleStateMachine4Testing.java:put(198)) - s2: put 139, 1111111111... -> (t:2, i:139), STATEMACHINELOGENTRY, client-524B73A117F1, cid=407
2019-09-24 17:01:06,959 INFO  segmented.SegmentedRaftLogWorker (SegmentedRaftLogWorker.java:rollLogSegment(385)) - s2@group-E65BAAE935FD-SegmentedRaftLogWorker: Rolling segment log-142_145 to index:145
2019-09-24 17:01:09,946 WARN  impl.LogAppender (LogAppender.java:sendAppendEntriesWithRetries(274)) - s2@group-E65BAAE935FD->s0-LogAppender: Failed to appendEntries (retry=1): java.io.IOException: Timeout while waiting for reply of request org.apache.ratis.server.simulation.RaftServerRequest@e643e3c
2019-09-24 17:01:09,973 INFO  statemachine.SimpleStateMachine4Testing (SimpleStateMachine4Testing.java:put(198)) - s0: put 132, 0000000000... -> (t:2, i:132), STATEMACHINELOGENTRY, client-524B73A117F1, cid=402
2019-09-24 17:01:09,973 WARN  impl.LogAppender (LogAppender.java:sendAppendEntriesWithRetries(274)) - s2@group-E65BAAE935FD->s1-LogAppender: Failed to appendEntries (retry=1): java.io.IOException: Timeout while waiting for reply of request org.apache.ratis.server.simulation.RaftServerRequest@682c01e7
2019-09-24 17:01:09,973 INFO  segmented.SegmentedRaftLogWorker (SegmentedRaftLogWorker.java:rollLogSegment(385)) - s0@group-E65BAAE935FD-SegmentedRaftLogWorker: Rolling segment log-142_145 to index:145
2019-09-24 17:01:09,973 INFO  statemachine.SimpleStateMachine4Testing (SimpleStateMachine4Testing.java:put(198)) - s2: put 141, 1111111111... -> (t:2, i:141), STATEMACHINELOGENTRY, client-B07594A0E5F2, cid=408
2019-09-24 17:01:09,973 INFO  statemachine.SimpleStateMachine4Testing (SimpleStateMachine4Testing.java:put(198)) - s0: put 133, 0000000000... -> (t:2, i:133), STATEMACHINELOGENTRY, client-B07594A0E5F2, cid=403
2019-09-24 17:01:09,974 INFO  statemachine.SimpleStateMachine4Testing (SimpleStateMachine4Testing.java:put(198)) - s0: put 134, 0000000000... -> (t:2, i:134), STATEMACHINELOGENTRY, client-8CFC123A34ED, cid=405
2019-09-24 17:01:09,974 INFO  statemachine.SimpleStateMachine4Testing (SimpleStateMachine4Testing.java:put(198)) - s0: put 135, 1111111111... -> (t:2, i:135), STATEMACHINELOGENTRY, client-B6F390E87052, cid=406
2019-09-24 17:01:09,999 INFO  statemachine.SimpleStateMachine4Testing (SimpleStateMachine4Testing.java:put(198)) - s1: put 135, 1111111111... -> (t:2, i:135), STATEMACHINELOGENTRY, client-B6F390E87052, cid=406
2019-09-24 17:01:09,999 INFO  segmented.SegmentedRaftLogWorker (SegmentedRaftLogWorker.java:rollLogSegment(385)) - s1@group-E65BAAE935FD-SegmentedRaftLogWorker: Rolling segment log-142_145 to index:145
2019-09-24 17:01:10,161 INFO  segmented.SegmentedRaftLogWorker (SegmentedRaftLogWorker.java:rollLogSegment(385)) - s2@group-E65BAAE935FD-SegmentedRaftLogWorker: Rolling segment log-146_149 to index:149
2019-09-24 17:01:10,813 INFO  ratis.MiniRaftCluster (MiniRaftCluster.java:lambda$null$5(297)) - TIMED-PRINT: printing ALL groups
  s0:  RUNNING    LEADER s0@group-3FFDBCE920FC:t1, leader=s0, voted=s0, raftlog=s0@group-3FFDBCE920FC-SegmentedRaftLog:OPENED:c20,f20,i20, conf=0: [s0:0.0.0.0:43661, s1:0.0.0.0:40785, s2:0.0.0.0:33810], old=null RUNNING
  s1:  RUNNING  FOLLOWER s1@group-3FFDBCE920FC:t1, leader=s0, voted=s0, raftlog=s1@group-3FFDBCE920FC-SegmentedRaftLog:OPENED:c20,f20,i20, conf=0: [s0:0.0.0.0:43661, s1:0.0.0.0:40785, s2:0.0.0.0:33810], old=null RUNNING
  s2:  RUNNING  FOLLOWER s2@group-3FFDBCE920FC:t1, leader=s0, voted=s0, raftlog=s2@group-3FFDBCE920FC-SegmentedRaftLog:OPENED:c20,f20,i20, conf=0: [s0:0.0.0.0:43661, s1:0.0.0.0:40785, s2:0.0.0.0:33810], old=null RUNNING
2019-09-24 17:01:11,569 INFO  ratis.MiniRaftCluster (MiniRaftCluster.java:lambda$null$5(297)) - TIMED-PRINT: printing ALL groups
  s0:  RUNNING  FOLLOWER s0@group-E65BAAE935FD:t2, leader=s2, voted=s0, raftlog=s0@group-E65BAAE935FD-SegmentedRaftLog:OPENED:c135,f136,i146, conf=0: [s0:0.0.0.0:35484, s1:0.0.0.0:33343, s2:0.0.0.0:46273], old=null RUNNING
  s1:  RUNNING  FOLLOWER s1@group-E65BAAE935FD:t2, leader=s2, voted=s2, raftlog=s1@group-E65BAAE935FD-SegmentedRaftLog:OPENED:c135,f139,i148, conf=0: [s0:0.0.0.0:35484, s1:0.0.0.0:33343, s2:0.0.0.0:46273], old=null RUNNING
  s2:  RUNNING    LEADER s2@group-E65BAAE935FD:t2, leader=s2, voted=s2, raftlog=s2@group-E65BAAE935FD-SegmentedRaftLog:OPENED:c141,f141,i150, conf=0: [s0:0.0.0.0:35484, s1:0.0.0.0:33343, s2:0.0.0.0:46273], old=null RUNNING
2019-09-24 17:01:11,967 TRACE util.FileUtils (LogUtils.java:runAndLog(61)) - Successfully ran Files.move /workdir/ratis-test/target/test/data/e0ec9561/MiniRaftClusterWithSimulatedRpce2213dd2/s1/bc16a33f-4125-4cb3-9efe-e65baae935fd/current/log_inprogress_136 to /workdir/ratis-test/target/test/data/e0ec9561/MiniRaftClusterWithSimulatedRpce2213dd2/s1/bc16a33f-4125-4cb3-9efe-e65baae935fd/current/log_136-141
2019-09-24 17:01:11,968 INFO  segmented.SegmentedRaftLogWorker (SegmentedRaftLogWorker.java:execute(526)) - s1@group-E65BAAE935FD-SegmentedRaftLogWorker: Rolled log segment from /workdir/ratis-test/target/test/data/e0ec9561/MiniRaftClusterWithSimulatedRpce2213dd2/s1/bc16a33f-4125-4cb3-9efe-e65baae935fd/current/log_inprogress_136 to /workdir/ratis-test/target/test/data/e0ec9561/MiniRaftClusterWithSimulatedRpce2213dd2/s1/bc16a33f-4125-4cb3-9efe-e65baae935fd/current/log_136-141
2019-09-24 17:01:11,967 TRACE util.FileUtils (LogUtils.java:runAndLog(61)) - Successfully ran Files.move /workdir/ratis-test/target/test/data/e0ec9561/MiniRaftClusterWithSimulatedRpce2213dd2/s0/bc16a33f-4125-4cb3-9efe-e65baae935fd/current/log_inprogress_136 to /workdir/ratis-test/target/test/data/e0ec9561/MiniRaftClusterWithSimulatedRpce2213dd2/s0/bc16a33f-4125-4cb3-9efe-e65baae935fd/current/log_136-141
2019-09-24 17:01:11,969 INFO  segmented.SegmentedRaftLogWorker (SegmentedRaftLogWorker.java:execute(526)) - s0@group-E65BAAE935FD-SegmentedRaftLogWorker: Rolled log segment from /workdir/ratis-test/target/test/data/e0ec9561/MiniRaftClusterWithSimulatedRpce2213dd2/s0/bc16a33f-4125-4cb3-9efe-e65baae935fd/current/log_inprogress_136 to /workdir/ratis-test/target/test/data/e0ec9561/MiniRaftClusterWithSimulatedRpce2213dd2/s0/bc16a33f-4125-4cb3-9efe-e65baae935fd/current/log_136-141
2019-09-24 17:01:12,001 INFO  segmented.SegmentedRaftLogWorker (SegmentedRaftLogWorker.java:execute(569)) - s1@group-E65BAAE935FD-SegmentedRaftLogWorker: created new log segment /workdir/ratis-test/target/test/data/e0ec9561/MiniRaftClusterWithSimulatedRpce2213dd2/s1/bc16a33f-4125-4cb3-9efe-e65baae935fd/current/log_inprogress_142
2019-09-24 17:01:12,001 INFO  segmented.SegmentedRaftLogWorker (SegmentedRaftLogWorker.java:execute(569)) - s2@group-E65BAAE935FD-SegmentedRaftLogWorker: created new log segment /workdir/ratis-test/target/test/data/e0ec9561/MiniRaftClusterWithSimulatedRpce2213dd2/s2/bc16a33f-4125-4cb3-9efe-e65baae935fd/current/log_inprogress_142
2019-09-24 17:01:12,001 INFO  segmented.SegmentedRaftLogWorker (SegmentedRaftLogWorker.java:execute(569)) - s0@group-E65BAAE935FD-SegmentedRaftLogWorker: created new log segment /workdir/ratis-test/target/test/data/e0ec9561/MiniRaftClusterWithSimulatedRpce2213dd2/s0/bc16a33f-4125-4cb3-9efe-e65baae935fd/current/log_inprogress_142
2019-09-24 17:01:12,016 TRACE util.FileUtils (LogUtils.java:runAndLog(61)) - Successfully ran Files.move /workdir/ratis-test/target/test/data/e0ec9561/MiniRaftClusterWithSimulatedRpce2213dd2/s1/bc16a33f-4125-4cb3-9efe-e65baae935fd/current/log_inprogress_142 to /workdir/ratis-test/target/test/data/e0ec9561/MiniRaftClusterWithSimulatedRpce2213dd2/s1/bc16a33f-4125-4cb3-9efe-e65baae935fd/current/log_142-145
2019-09-24 17:01:12,016 INFO  segmented.SegmentedRaftLogWorker (SegmentedRaftLogWorker.java:execute(526)) - s1@group-E65BAAE935FD-SegmentedRaftLogWorker: Rolled log segment from /workdir/ratis-test/target/test/data/e0ec9561/MiniRaftClusterWithSimulatedRpce2213dd2/s1/bc16a33f-4125-4cb3-9efe-e65baae935fd/current/log_inprogress_142 to /workdir/ratis-test/target/test/data/e0ec9561/MiniRaftClusterWithSimulatedRpce2213dd2/s1/bc16a33f-4125-4cb3-9efe-e65baae935fd/current/log_142-145
2019-09-24 17:01:12,016 TRACE util.FileUtils (LogUtils.java:runAndLog(61)) - Successfully ran Files.move /workdir/ratis-test/target/test/data/e0ec9561/MiniRaftClusterWithSimulatedRpce2213dd2/s2/bc16a33f-4125-4cb3-9efe-e65baae935fd/current/log_inprogress_142 to /workdir/ratis-test/target/test/data/e0ec9561/MiniRaftClusterWithSimulatedRpce2213dd2/s2/bc16a33f-4125-4cb3-9efe-e65baae935fd/current/log_142-145
2019-09-24 17:01:12,017 TRACE util.FileUtils (LogUtils.java:runAndLog(61)) - Successfully ran Files.move /workdir/ratis-test/target/test/data/e0ec9561/MiniRaftClusterWithSimulatedRpce2213dd2/s0/bc16a33f-4125-4cb3-9efe-e65baae935fd/current/log_inprogress_142 to /workdir/ratis-test/target/test/data/e0ec9561/MiniRaftClusterWithSimulatedRpce2213dd2/s0/bc16a33f-4125-4cb3-9efe-e65baae935fd/current/log_142-145
2019-09-24 17:01:12,017 INFO  segmented.SegmentedRaftLogWorker (SegmentedRaftLogWorker.java:execute(526)) - s2@group-E65BAAE935FD-SegmentedRaftLogWorker: Rolled log segment from /workdir/ratis-test/target/test/data/e0ec9561/MiniRaftClusterWithSimulatedRpce2213dd2/s2/bc16a33f-4125-4cb3-9efe-e65baae935fd/current/log_inprogress_142 to /workdir/ratis-test/target/test/data/e0ec9561/MiniRaftClusterWithSimulatedRpce2213dd2/s2/bc16a33f-4125-4cb3-9efe-e65baae935fd/current/log_142-145
2019-09-24 17:01:12,017 INFO  segmented.SegmentedRaftLogWorker (SegmentedRaftLogWorker.java:execute(526)) - s0@group-E65BAAE935FD-SegmentedRaftLogWorker: Rolled log segment from /workdir/ratis-test/target/test/data/e0ec9561/MiniRaftClusterWithSimulatedRpce2213dd2/s0/bc16a33f-4125-4cb3-9efe-e65baae935fd/current/log_inprogress_142 to /workdir/ratis-test/target/test/data/e0ec9561/MiniRaftClusterWithSimulatedRpce2213dd2/s0/bc16a33f-4125-4cb3-9efe-e65baae935fd/current/log_142-145
2019-09-24 17:01:12,017 INFO  statemachine.SimpleStateMachine4Testing (SimpleStateMachine4Testing.java:put(198)) - s2: put 142, 1111111111... -> (t:2, i:142), STATEMACHINELOGENTRY, client-8CFC123A34ED, cid=409
2019-09-24 17:01:12,018 INFO  statemachine.SimpleStateMachine4Testing (SimpleStateMachine4Testing.java:put(198)) - s2: put 143, 2222222222... -> (t:2, i:143), STATEMACHINELOGENTRY, client-B6F390E87052, cid=410
2019-09-24 17:01:12,018 INFO  segmented.SegmentedRaftLogWorker (SegmentedRaftLogWorker.java:rollLogSegment(385)) - s2@group-E65BAAE935FD-SegmentedRaftLogWorker: Rolling segment log-150_152 to index:152
2019-09-24 17:01:12,029 INFO  segmented.SegmentedRaftLogWorker (SegmentedRaftLogWorker.java:execute(569)) - s1@group-E65BAAE935FD-SegmentedRaftLogWorker: created new log segment /workdir/ratis-test/target/test/data/e0ec9561/MiniRaftClusterWithSimulatedRpce2213dd2/s1/bc16a33f-4125-4cb3-9efe-e65baae935fd/current/log_inprogress_146
2019-09-24 17:01:12,029 INFO  segmented.SegmentedRaftLogWorker (SegmentedRaftLogWorker.java:execute(569)) - s2@group-E65BAAE935FD-SegmentedRaftLogWorker: created new log segment /workdir/ratis-test/target/test/data/e0ec9561/MiniRaftClusterWithSimulatedRpce2213dd2/s2/bc16a33f-4125-4cb3-9efe-e65baae935fd/current/log_inprogress_146
2019-09-24 17:01:12,052 INFO  statemachine.SimpleStateMachine4Testing (SimpleStateMachine4Testing.java:put(198)) - s1: put 136, 1111111111... -> (t:2, i:136), STATEMACHINELOGENTRY, client-44073FEAA4C6, cid=404
2019-09-24 17:01:12,052 INFO  statemachine.SimpleStateMachine4Testing (SimpleStateMachine4Testing.java:put(198)) - s1: put 139, 1111111111... -> (t:2, i:139), STATEMACHINELOGENTRY, client-524B73A117F1, cid=407
2019-09-24 17:01:12,052 INFO  segmented.SegmentedRaftLogWorker (SegmentedRaftLogWorker.java:rollLogSegment(385)) - s1@group-E65BAAE935FD-SegmentedRaftLogWorker: Rolling segment log-146_149 to index:149
2019-09-24 17:01:12,053 INFO  statemachine.SimpleStateMachine4Testing (SimpleStateMachine4Testing.java:put(198)) - s1: put 141, 1111111111... -> (t:2, i:141), STATEMACHINELOGENTRY, client-B07594A0E5F2, cid=408
2019-09-24 17:01:12,061 TRACE util.FileUtils (LogUtils.java:runAndLog(61)) - Successfully ran Files.move /workdir/ratis-test/target/test/data/e0ec9561/MiniRaftClusterWithSimulatedRpce2213dd2/s2/bc16a33f-4125-4cb3-9efe-e65baae935fd/current/log_inprogress_146 to /workdir/ratis-test/target/test/data/e0ec9561/MiniRaftClusterWithSimulatedRpce2213dd2/s2/bc16a33f-4125-4cb3-9efe-e65baae935fd/current/log_146-149
2019-09-24 17:01:12,061 INFO  segmented.SegmentedRaftLogWorker (SegmentedRaftLogWorker.java:execute(526)) - s2@group-E65BAAE935FD-SegmentedRaftLogWorker: Rolled log segment from /workdir/ratis-test/target/test/data/e0ec9561/MiniRaftClusterWithSimulatedRpce2213dd2/s2/bc16a33f-4125-4cb3-9efe-e65baae935fd/current/log_inprogress_146 to /workdir/ratis-test/target/test/data/e0ec9561/MiniRaftClusterWithSimulatedRpce2213dd2/s2/bc16a33f-4125-4cb3-9efe-e65baae935fd/current/log_146-149
2019-09-24 17:01:12,061 INFO  segmented.SegmentedRaftLogWorker (SegmentedRaftLogWorker.java:execute(569)) - s0@group-E65BAAE935FD-SegmentedRaftLogWorker: created new log segment /workdir/ratis-test/target/test/data/e0ec9561/MiniRaftClusterWithSimulatedRpce2213dd2/s0/bc16a33f-4125-4cb3-9efe-e65baae935fd/current/log_inprogress_146
2019-09-24 17:01:12,061 INFO  statemachine.SimpleStateMachine4Testing (SimpleStateMachine4Testing.java:put(198)) - s2: put 146, 2222222222... -> (t:2, i:146), STATEMACHINELOGENTRY, client-44073FEAA4C6, cid=411
2019-09-24 17:01:12,061 INFO  statemachine.SimpleStateMachine4Testing (SimpleStateMachine4Testing.java:put(198)) - s2: put 147, 2222222222... -> (t:2, i:147), STATEMACHINELOGENTRY, client-524B73A117F1, cid=412
2019-09-24 17:01:12,062 INFO  segmented.SegmentedRaftLogWorker (SegmentedRaftLogWorker.java:rollLogSegment(385)) - s2@group-E65BAAE935FD-SegmentedRaftLogWorker: Rolling segment log-153_153 to index:153
2019-09-24 17:01:12,063 INFO  segmented.SegmentedRaftLogWorker (SegmentedRaftLogWorker.java:rollLogSegment(385)) - s2@group-E65BAAE935FD-SegmentedRaftLogWorker: Rolling segment log-154_154 to index:154
2019-09-24 17:01:12,082 TRACE util.FileUtils (LogUtils.java:runAndLog(61)) - Successfully ran Files.move /workdir/ratis-test/target/test/data/e0ec9561/MiniRaftClusterWithSimulatedRpce2213dd2/s1/bc16a33f-4125-4cb3-9efe-e65baae935fd/current/log_inprogress_146 to /workdir/ratis-test/target/test/data/e0ec9561/MiniRaftClusterWithSimulatedRpce2213dd2/s1/bc16a33f-4125-4cb3-9efe-e65baae935fd/current/log_146-149
2019-09-24 17:01:12,082 INFO  segmented.SegmentedRaftLogWorker (SegmentedRaftLogWorker.java:execute(526)) - s1@group-E65BAAE935FD-SegmentedRaftLogWorker: Rolled log segment from /workdir/ratis-test/target/test/data/e0ec9561/MiniRaftClusterWithSimulatedRpce2213dd2/s1/bc16a33f-4125-4cb3-9efe-e65baae935fd/current/log_inprogress_146 to /workdir/ratis-test/target/test/data/e0ec9561/MiniRaftClusterWithSimulatedRpce2213dd2/s1/bc16a33f-4125-4cb3-9efe-e65baae935fd/current/log_146-149
2019-09-24 17:01:12,083 INFO  statemachine.SimpleStateMachine4Testing (SimpleStateMachine4Testing.java:put(198)) - s0: put 136, 1111111111... -> (t:2, i:136), STATEMACHINELOGENTRY, client-44073FEAA4C6, cid=404
2019-09-24 17:01:12,083 INFO  segmented.SegmentedRaftLogWorker (SegmentedRaftLogWorker.java:rollLogSegment(385)) - s0@group-E65BAAE935FD-SegmentedRaftLogWorker: Rolling segment log-146_149 to index:149
2019-09-24 17:01:12,084 INFO  statemachine.SimpleStateMachine4Testing (SimpleStateMachine4Testing.java:put(198)) - s0: put 139, 1111111111... -> (t:2, i:139), STATEMACHINELOGENTRY, client-524B73A117F1, cid=407
2019-09-24 17:01:12,084 INFO  statemachine.SimpleStateMachine4Testing (SimpleStateMachine4Testing.java:put(198)) - s0: put 141, 1111111111... -> (t:2, i:141), STATEMACHINELOGENTRY, client-B07594A0E5F2, cid=408
2019-09-24 17:01:12,093 INFO  segmented.SegmentedRaftLogWorker (SegmentedRaftLogWorker.java:execute(569)) - s2@group-E65BAAE935FD-SegmentedRaftLogWorker: created new log segment /workdir/ratis-test/target/test/data/e0ec9561/MiniRaftClusterWithSimulatedRpce2213dd2/s2/bc16a33f-4125-4cb3-9efe-e65baae935fd/current/log_inprogress_150
2019-09-24 17:01:12,128 TRACE util.FileUtils (LogUtils.java:runAndLog(61)) - Successfully ran Files.move /workdir/ratis-test/target/test/data/e0ec9561/MiniRaftClusterWithSimulatedRpce2213dd2/s2/bc16a33f-4125-4cb3-9efe-e65baae935fd/current/log_inprogress_150 to /workdir/ratis-test/target/test/data/e0ec9561/MiniRaftClusterWithSimulatedRpce2213dd2/s2/bc16a33f-4125-4cb3-9efe-e65baae935fd/current/log_150-152
2019-09-24 17:01:12,128 TRACE util.FileUtils (LogUtils.java:runAndLog(61)) - Successfully ran Files.move /workdir/ratis-test/target/test/data/e0ec9561/MiniRaftClusterWithSimulatedRpce2213dd2/s0/bc16a33f-4125-4cb3-9efe-e65baae935fd/current/log_inprogress_146 to /workdir/ratis-test/target/test/data/e0ec9561/MiniRaftClusterWithSimulatedRpce2213dd2/s0/bc16a33f-4125-4cb3-9efe-e65baae935fd/current/log_146-149
2019-09-24 17:01:12,128 INFO  segmented.SegmentedRaftLogWorker (SegmentedRaftLogWorker.java:execute(526)) - s2@group-E65BAAE935FD-SegmentedRaftLogWorker: Rolled log segment from /workdir/ratis-test/target/test/data/e0ec9561/MiniRaftClusterWithSimulatedRpce2213dd2/s2/bc16a33f-4125-4cb3-9efe-e65baae935fd/current/log_inprogress_150 to /workdir/ratis-test/target/test/data/e0ec9561/MiniRaftClusterWithSimulatedRpce2213dd2/s2/bc16a33f-4125-4cb3-9efe-e65baae935fd/current/log_150-152
2019-09-24 17:01:12,128 INFO  segmented.SegmentedRaftLogWorker (SegmentedRaftLogWorker.java:execute(526)) - s0@group-E65BAAE935FD-SegmentedRaftLogWorker: Rolled log segment from /workdir/ratis-test/target/test/data/e0ec9561/MiniRaftClusterWithSimulatedRpce2213dd2/s0/bc16a33f-4125-4cb3-9efe-e65baae935fd/current/log_inprogress_146 to /workdir/ratis-test/target/test/data/e0ec9561/MiniRaftClusterWithSimulatedRpce2213dd2/s0/bc16a33f-4125-4cb3-9efe-e65baae935fd/current/log_146-149
2019-09-24 17:01:12,128 INFO  segmented.SegmentedRaftLogWorker (SegmentedRaftLogWorker.java:execute(569)) - s1@group-E65BAAE935FD-SegmentedRaftLogWorker: created new log segment /workdir/ratis-test/target/test/data/e0ec9561/MiniRaftClusterWithSimulatedRpce2213dd2/s1/bc16a33f-4125-4cb3-9efe-e65baae935fd/current/log_inprogress_150
2019-09-24 17:01:12,143 INFO  statemachine.SimpleStateMachine4Testing (SimpleStateMachine4Testing.java:put(198)) - s1: put 142, 1111111111... -> (t:2, i:142), STATEMACHINELOGENTRY, client-8CFC123A34ED, cid=409
2019-09-24 17:01:12,143 INFO  segmented.SegmentedRaftLogWorker (SegmentedRaftLogWorker.java:rollLogSegment(385)) - s1@group-E65BAAE935FD-SegmentedRaftLogWorker: Rolling segment log-150_152 to index:152
2019-09-24 17:01:12,143 INFO  statemachine.SimpleStateMachine4Testing (SimpleStateMachine4Testing.java:put(198)) - s2: put 150, 2222222222... -> (t:2, i:150), STATEMACHINELOGENTRY, client-B07594A0E5F2, cid=413
2019-09-24 17:01:12,143 INFO  statemachine.SimpleStateMachine4Testing (SimpleStateMachine4Testing.java:put(198)) - s1: put 143, 2222222222... -> (t:2, i:143), STATEMACHINELOGENTRY, client-B6F390E87052, cid=410
2019-09-24 17:01:12,143 INFO  statemachine.SimpleStateMachine4Testing (SimpleStateMachine4Testing.java:put(198)) - s2: put 152, 2222222222... -> (t:2, i:152), STATEMACHINELOGENTRY, client-8CFC123A34ED, cid=414
2019-09-24 17:01:12,144 TRACE util.FileUtils (LogUtils.java:runAndLog(61)) - Successfully ran Files.move /workdir/ratis-test/target/test/data/e0ec9561/MiniRaftClusterWithSimulatedRpce2213dd2/s1/bc16a33f-4125-4cb3-9efe-e65baae935fd/current/log_inprogress_150 to /workdir/ratis-test/target/test/data/e0ec9561/MiniRaftClusterWithSimulatedRpce2213dd2/s1/bc16a33f-4125-4cb3-9efe-e65baae935fd/current/log_150-152
2019-09-24 17:01:12,144 INFO  segmented.SegmentedRaftLogWorker (SegmentedRaftLogWorker.java:execute(526)) - s1@group-E65BAAE935FD-SegmentedRaftLogWorker: Rolled log segment from /workdir/ratis-test/target/test/data/e0ec9561/MiniRaftClusterWithSimulatedRpce2213dd2/s1/bc16a33f-4125-4cb3-9efe-e65baae935fd/current/log_inprogress_150 to /workdir/ratis-test/target/test/data/e0ec9561/MiniRaftClusterWithSimulatedRpce2213dd2/s1/bc16a33f-4125-4cb3-9efe-e65baae935fd/current/log_150-152
2019-09-24 17:01:12,144 INFO  segmented.SegmentedRaftLogWorker (SegmentedRaftLogWorker.java:rollLogSegment(385)) - s2@group-E65BAAE935FD-SegmentedRaftLogWorker: Rolling segment log-155_156 to index:156
2019-09-24 17:01:12,144 INFO  segmented.SegmentedRaftLogWorker (SegmentedRaftLogWorker.java:rollLogSegment(385)) - s2@group-E65BAAE935FD-SegmentedRaftLogWorker: Rolling segment log-157_157 to index:157
2019-09-24 17:01:12,144 INFO  segmented.SegmentedRaftLogWorker (SegmentedRaftLogWorker.java:execute(569)) - s0@group-E65BAAE935FD-SegmentedRaftLogWorker: created new log segment /workdir/ratis-test/target/test/data/e0ec9561/MiniRaftClusterWithSimulatedRpce2213dd2/s0/bc16a33f-4125-4cb3-9efe-e65baae935fd/current/log_inprogress_150
2019-09-24 17:01:12,145 INFO  segmented.SegmentedRaftLogWorker (SegmentedRaftLogWorker.java:execute(569)) - s2@group-E65BAAE935FD-SegmentedRaftLogWorker: created new log segment /workdir/ratis-test/target/test/data/e0ec9561/MiniRaftClusterWithSimulatedRpce2213dd2/s2/bc16a33f-4125-4cb3-9efe-e65baae935fd/current/log_inprogress_153
2019-09-24 17:01:12,167 INFO  statemachine.SimpleStateMachine4Testing (SimpleStateMachine4Testing.java:put(198)) - s0: put 142, 1111111111... -> (t:2, i:142), STATEMACHINELOGENTRY, client-8CFC123A34ED, cid=409
2019-09-24 17:01:12,168 INFO  segmented.SegmentedRaftLogWorker (SegmentedRaftLogWorker.java:rollLogSegment(385)) - s0@group-E65BAAE935FD-SegmentedRaftLogWorker: Rolling segment log-150_152 to index:152
2019-09-24 17:01:12,168 TRACE util.FileUtils (LogUtils.java:runAndLog(61)) - Successfully ran Files.move /workdir/ratis-test/target/test/data/e0ec9561/MiniRaftClusterWithSimulatedRpce2213dd2/s2/bc16a33f-4125-4cb3-9efe-e65baae935fd/current/log_inprogress_153 to /workdir/ratis-test/target/test/data/e0ec9561/MiniRaftClusterWithSimulatedRpce2213dd2/s2/bc16a33f-4125-4cb3-9efe-e65baae935fd/current/log_153-153
2019-09-24 17:01:12,168 INFO  segmented.SegmentedRaftLogWorker (SegmentedRaftLogWorker.java:execute(526)) - s2@group-E65BAAE935FD-SegmentedRaftLogWorker: Rolled log segment from /workdir/ratis-test/target/test/data/e0ec9561/MiniRaftClusterWithSimulatedRpce2213dd2/s2/bc16a33f-4125-4cb3-9efe-e65baae935fd/current/log_inprogress_153 to /workdir/ratis-test/target/test/data/e0ec9561/MiniRaftClusterWithSimulatedRpce2213dd2/s2/bc16a33f-4125-4cb3-9efe-e65baae935fd/current/log_153-153
2019-09-24 17:01:12,168 INFO  statemachine.SimpleStateMachine4Testing (SimpleStateMachine4Testing.java:put(198)) - s0: put 143, 2222222222... -> (t:2, i:143), STATEMACHINELOGENTRY, client-B6F390E87052, cid=410
2019-09-24 17:01:12,168 INFO  statemachine.SimpleStateMachine4Testing (SimpleStateMachine4Testing.java:put(198)) - s0: put 146, 2222222222... -> (t:2, i:146), STATEMACHINELOGENTRY, client-44073FEAA4C6, cid=411
2019-09-24 17:01:12,169 INFO  statemachine.SimpleStateMachine4Testing (SimpleStateMachine4Testing.java:put(198)) - s0: put 147, 2222222222... -> (t:2, i:147), STATEMACHINELOGENTRY, client-524B73A117F1, cid=412
2019-09-24 17:01:12,169 INFO  segmented.SegmentedRaftLogWorker (SegmentedRaftLogWorker.java:execute(569)) - s1@group-E65BAAE935FD-SegmentedRaftLogWorker: created new log segment /workdir/ratis-test/target/test/data/e0ec9561/MiniRaftClusterWithSimulatedRpce2213dd2/s1/bc16a33f-4125-4cb3-9efe-e65baae935fd/current/log_inprogress_153
2019-09-24 17:01:14,321 TRACE util.FileUtils (LogUtils.java:runAndLog(61)) - Successfully ran Files.move /workdir/ratis-test/target/test/data/e0ec9561/MiniRaftClusterWithSimulatedRpce2213dd2/s0/bc16a33f-4125-4cb3-9efe-e65baae935fd/current/log_inprogress_150 to /workdir/ratis-test/target/test/data/e0ec9561/MiniRaftClusterWithSimulatedRpce2213dd2/s0/bc16a33f-4125-4cb3-9efe-e65baae935fd/current/log_150-152
2019-09-24 17:01:14,322 INFO  segmented.SegmentedRaftLogWorker (SegmentedRaftLogWorker.java:execute(526)) - s0@group-E65BAAE935FD-SegmentedRaftLogWorker: Rolled log segment from /workdir/ratis-test/target/test/data/e0ec9561/MiniRaftClusterWithSimulatedRpce2213dd2/s0/bc16a33f-4125-4cb3-9efe-e65baae935fd/current/log_inprogress_150 to /workdir/ratis-test/target/test/data/e0ec9561/MiniRaftClusterWithSimulatedRpce2213dd2/s0/bc16a33f-4125-4cb3-9efe-e65baae935fd/current/log_150-152
2019-09-24 17:01:14,339 INFO  statemachine.SimpleStateMachine4Testing (SimpleStateMachine4Testing.java:put(198)) - s1: put 146, 2222222222... -> (t:2, i:146), STATEMACHINELOGENTRY, client-44073FEAA4C6, cid=411
2019-09-24 17:01:14,339 INFO  statemachine.SimpleStateMachine4Testing (SimpleStateMachine4Testing.java:put(198)) - s2: put 153, 3333333333... -> (t:2, i:153), STATEMACHINELOGENTRY, client-B6F390E87052, cid=415
2019-09-24 17:01:14,339 INFO  segmented.SegmentedRaftLogWorker (SegmentedRaftLogWorker.java:rollLogSegment(385)) - s1@group-E65BAAE935FD-SegmentedRaftLogWorker: Rolling segment log-153_153 to index:153
2019-09-24 17:01:14,340 INFO  statemachine.SimpleStateMachine4Testing (SimpleStateMachine4Testing.java:put(198)) - s1: put 147, 2222222222... -> (t:2, i:147), STATEMACHINELOGENTRY, client-524B73A117F1, cid=412
2019-09-24 17:01:14,340 TRACE util.FileUtils (LogUtils.java:runAndLog(61)) - Successfully ran Files.move /workdir/ratis-test/target/test/data/e0ec9561/MiniRaftClusterWithSimulatedRpce2213dd2/s1/bc16a33f-4125-4cb3-9efe-e65baae935fd/current/log_inprogress_153 to /workdir/ratis-test/target/test/data/e0ec9561/MiniRaftClusterWithSimulatedRpce2213dd2/s1/bc16a33f-4125-4cb3-9efe-e65baae935fd/current/log_153-153
2019-09-24 17:01:14,340 INFO  segmented.SegmentedRaftLogWorker (SegmentedRaftLogWorker.java:execute(526)) - s1@group-E65BAAE935FD-SegmentedRaftLogWorker: Rolled log segment from /workdir/ratis-test/target/test/data/e0ec9561/MiniRaftClusterWithSimulatedRpce2213dd2/s1/bc16a33f-4125-4cb3-9efe-e65baae935fd/current/log_inprogress_153 to /workdir/ratis-test/target/test/data/e0ec9561/MiniRaftClusterWithSimulatedRpce2213dd2/s1/bc16a33f-4125-4cb3-9efe-e65baae935fd/current/log_153-153
2019-09-24 17:01:14,340 INFO  segmented.SegmentedRaftLogWorker (SegmentedRaftLogWorker.java:rollLogSegment(385)) - s2@group-E65BAAE935FD-SegmentedRaftLogWorker: Rolling segment log-158_159 to index:159
2019-09-24 17:01:14,344 INFO  segmented.SegmentedRaftLogWorker (SegmentedRaftLogWorker.java:execute(569)) - s2@group-E65BAAE935FD-SegmentedRaftLogWorker: created new log segment /workdir/ratis-test/target/test/data/e0ec9561/MiniRaftClusterWithSimulatedRpce2213dd2/s2/bc16a33f-4125-4cb3-9efe-e65baae935fd/current/log_inprogress_154
2019-09-24 17:01:14,356 TRACE util.FileUtils (LogUtils.java:runAndLog(61)) - Successfully ran Files.move /workdir/ratis-test/target/test/data/e0ec9561/MiniRaftClusterWithSimulatedRpce2213dd2/s2/bc16a33f-4125-4cb3-9efe-e65baae935fd/current/log_inprogress_154 to /workdir/ratis-test/target/test/data/e0ec9561/MiniRaftClusterWithSimulatedRpce2213dd2/s2/bc16a33f-4125-4cb3-9efe-e65baae935fd/current/log_154-154
2019-09-24 17:01:14,356 INFO  segmented.SegmentedRaftLogWorker (SegmentedRaftLogWorker.java:execute(526)) - s2@group-E65BAAE935FD-SegmentedRaftLogWorker: Rolled log segment from /workdir/ratis-test/target/test/data/e0ec9561/MiniRaftClusterWithSimulatedRpce2213dd2/s2/bc16a33f-4125-4cb3-9efe-e65baae935fd/current/log_inprogress_154 to /workdir/ratis-test/target/test/data/e0ec9561/MiniRaftClusterWithSimulatedRpce2213dd2/s2/bc16a33f-4125-4cb3-9efe-e65baae935fd/current/log_154-154
2019-09-24 17:01:14,367 INFO  segmented.SegmentedRaftLogWorker (SegmentedRaftLogWorker.java:execute(569)) - s1@group-E65BAAE935FD-SegmentedRaftLogWorker: created new log segment /workdir/ratis-test/target/test/data/e0ec9561/MiniRaftClusterWithSimulatedRpce2213dd2/s1/bc16a33f-4125-4cb3-9efe-e65baae935fd/current/log_inprogress_154
2019-09-24 17:01:14,367 INFO  segmented.SegmentedRaftLogWorker (SegmentedRaftLogWorker.java:execute(569)) - s0@group-E65BAAE935FD-SegmentedRaftLogWorker: created new log segment /workdir/ratis-test/target/test/data/e0ec9561/MiniRaftClusterWithSimulatedRpce2213dd2/s0/bc16a33f-4125-4cb3-9efe-e65baae935fd/current/log_inprogress_153
2019-09-24 17:01:15,168 WARN  impl.LogAppender (LogAppender.java:sendAppendEntriesWithRetries(274)) - s2@group-E65BAAE935FD->s0-LogAppender: Failed to appendEntries (retry=1): java.io.IOException: Timeout while waiting for reply of request org.apache.ratis.server.simulation.RaftServerRequest@85bf47f
2019-09-24 17:01:15,194 INFO  statemachine.SimpleStateMachine4Testing (SimpleStateMachine4Testing.java:put(198)) - s0: put 150, 2222222222... -> (t:2, i:150), STATEMACHINELOGENTRY, client-B07594A0E5F2, cid=413
2019-09-24 17:01:15,194 INFO  segmented.SegmentedRaftLogWorker (SegmentedRaftLogWorker.java:rollLogSegment(385)) - s0@group-E65BAAE935FD-SegmentedRaftLogWorker: Rolling segment log-153_153 to index:153
2019-09-24 17:01:15,195 INFO  statemachine.SimpleStateMachine4Testing (SimpleStateMachine4Testing.java:put(198)) - s0: put 152, 2222222222... -> (t:2, i:152), STATEMACHINELOGENTRY, client-8CFC123A34ED, cid=414
2019-09-24 17:01:17,339 WARN  impl.LogAppender (LogAppender.java:sendAppendEntriesWithRetries(274)) - s2@group-E65BAAE935FD->s1-LogAppender: Failed to appendEntries (retry=1): java.io.IOException: Timeout while waiting for reply of request org.apache.ratis.server.simulation.RaftServerRequest@582cff70
2019-09-24 17:01:17,365 INFO  statemachine.SimpleStateMachine4Testing (SimpleStateMachine4Testing.java:put(198)) - s1: put 150, 2222222222... -> (t:2, i:150), STATEMACHINELOGENTRY, client-B07594A0E5F2, cid=413
2019-09-24 17:01:17,366 INFO  segmented.SegmentedRaftLogWorker (SegmentedRaftLogWorker.java:rollLogSegment(385)) - s1@group-E65BAAE935FD-SegmentedRaftLogWorker: Rolling segment log-154_154 to index:154
2019-09-24 17:01:17,366 INFO  statemachine.SimpleStateMachine4Testing (SimpleStateMachine4Testing.java:put(198)) - s2: put 154, 3333333333... -> (t:2, i:154), STATEMACHINELOGENTRY, client-44073FEAA4C6, cid=416
2019-09-24 17:01:17,366 INFO  statemachine.SimpleStateMachine4Testing (SimpleStateMachine4Testing.java:put(198)) - s1: put 152, 2222222222... -> (t:2, i:152), STATEMACHINELOGENTRY, client-8CFC123A34ED, cid=414
2019-09-24 17:01:17,541 INFO  segmented.SegmentedRaftLogWorker (SegmentedRaftLogWorker.java:rollLogSegment(385)) - s2@group-E65BAAE935FD-SegmentedRaftLogWorker: Rolling segment log-160_161 to index:161
2019-09-24 17:01:18,194 WARN  impl.LogAppender (LogAppender.java:sendAppendEntriesWithRetries(274)) - s2@group-E65BAAE935FD->s0-LogAppender: Failed to appendEntries (retry=1): java.io.IOException: Timeout while waiting for reply of request org.apache.ratis.server.simulation.RaftServerRequest@769f9fb6
2019-09-24 17:01:18,220 INFO  segmented.SegmentedRaftLogWorker (SegmentedRaftLogWorker.java:rollLogSegment(385)) - s0@group-E65BAAE935FD-SegmentedRaftLogWorker: Rolling segment log-154_154 to index:154
2019-09-24 17:01:19,589 TRACE util.FileUtils (LogUtils.java:runAndLog(61)) - Successfully ran Files.move /workdir/ratis-test/target/test/data/e0ec9561/MiniRaftClusterWithSimulatedRpce2213dd2/s1/bc16a33f-4125-4cb3-9efe-e65baae935fd/current/log_inprogress_154 to /workdir/ratis-test/target/test/data/e0ec9561/MiniRaftClusterWithSimulatedRpce2213dd2/s1/bc16a33f-4125-4cb3-9efe-e65baae935fd/current/log_154-154
2019-09-24 17:01:19,590 TRACE util.FileUtils (LogUtils.java:runAndLog(61)) - Successfully ran Files.move /workdir/ratis-test/target/test/data/e0ec9561/MiniRaftClusterWithSimulatedRpce2213dd2/s0/bc16a33f-4125-4cb3-9efe-e65baae935fd/current/log_inprogress_153 to /workdir/ratis-test/target/test/data/e0ec9561/MiniRaftClusterWithSimulatedRpce2213dd2/s0/bc16a33f-4125-4cb3-9efe-e65baae935fd/current/log_153-153
2019-09-24 17:01:19,590 INFO  segmented.SegmentedRaftLogWorker (SegmentedRaftLogWorker.java:execute(526)) - s1@group-E65BAAE935FD-SegmentedRaftLogWorker: Rolled log segment from /workdir/ratis-test/target/test/data/e0ec9561/MiniRaftClusterWithSimulatedRpce2213dd2/s1/bc16a33f-4125-4cb3-9efe-e65baae935fd/current/log_inprogress_154 to /workdir/ratis-test/target/test/data/e0ec9561/MiniRaftClusterWithSimulatedRpce2213dd2/s1/bc16a33f-4125-4cb3-9efe-e65baae935fd/current/log_154-154
2019-09-24 17:01:19,590 INFO  segmented.SegmentedRaftLogWorker (SegmentedRaftLogWorker.java:execute(526)) - s0@group-E65BAAE935FD-SegmentedRaftLogWorker: Rolled log segment from /workdir/ratis-test/target/test/data/e0ec9561/MiniRaftClusterWithSimulatedRpce2213dd2/s0/bc16a33f-4125-4cb3-9efe-e65baae935fd/current/log_inprogress_153 to /workdir/ratis-test/target/test/data/e0ec9561/MiniRaftClusterWithSimulatedRpce2213dd2/s0/bc16a33f-4125-4cb3-9efe-e65baae935fd/current/log_153-153
2019-09-24 17:01:20,812 INFO  ratis.MiniRaftCluster (MiniRaftCluster.java:lambda$null$5(297)) - TIMED-PRINT: printing ALL groups
  s0:  RUNNING    LEADER s0@group-3FFDBCE920FC:t1, leader=s0, voted=s0, raftlog=s0@group-3FFDBCE920FC-SegmentedRaftLog:OPENED:c20,f20,i20, conf=0: [s0:0.0.0.0:43661, s1:0.0.0.0:40785, s2:0.0.0.0:33810], old=null RUNNING
  s1:  RUNNING  FOLLOWER s1@group-3FFDBCE920FC:t1, leader=s0, voted=s0, raftlog=s1@group-3FFDBCE920FC-SegmentedRaftLog:OPENED:c20,f20,i20, conf=0: [s0:0.0.0.0:43661, s1:0.0.0.0:40785, s2:0.0.0.0:33810], old=null RUNNING
  s2:  RUNNING  FOLLOWER s2@group-3FFDBCE920FC:t1, leader=s0, voted=s0, raftlog=s2@group-3FFDBCE920FC-SegmentedRaftLog:OPENED:c20,f20,i20, conf=0: [s0:0.0.0.0:43661, s1:0.0.0.0:40785, s2:0.0.0.0:33810], old=null RUNNING
2019-09-24 17:01:21,569 INFO  ratis.MiniRaftCluster (MiniRaftCluster.java:lambda$null$5(297)) - TIMED-PRINT: printing ALL groups
  s0:  RUNNING  FOLLOWER s0@group-E65BAAE935FD:t2, leader=s2, voted=s0, raftlog=s0@group-E65BAAE935FD-SegmentedRaftLog:OPENED:c152,f153,i156, conf=0: [s0:0.0.0.0:35484, s1:0.0.0.0:33343, s2:0.0.0.0:46273], old=null RUNNING
  s1:  RUNNING  FOLLOWER s1@group-E65BAAE935FD:t2, leader=s2, voted=s2, raftlog=s1@group-E65BAAE935FD-SegmentedRaftLog:OPENED:c152,f154,i156, conf=0: [s0:0.0.0.0:35484, s1:0.0.0.0:33343, s2:0.0.0.0:46273], old=null RUNNING
  s2:  RUNNING    LEADER s2@group-E65BAAE935FD:t2, leader=s2, voted=s2, raftlog=s2@group-E65BAAE935FD-SegmentedRaftLog:OPENED:c154,f154,i162, conf=0: [s0:0.0.0.0:35484, s1:0.0.0.0:33343, s2:0.0.0.0:46273], old=null RUNNING
2019-09-24 17:01:22,590 WARN  impl.LogAppender (LogAppender.java:sendAppendEntriesWithRetries(274)) - s2@group-E65BAAE935FD->s1-LogAppender: Failed to appendEntries (retry=1): java.io.IOException: Timeout while waiting for reply of request org.apache.ratis.server.simulation.RaftServerRequest@7c4fecf4
2019-09-24 17:01:22,590 WARN  impl.LogAppender (LogAppender.java:sendAppendEntriesWithRetries(274)) - s2@group-E65BAAE935FD->s0-LogAppender: Failed to appendEntries (retry=1): java.io.IOException: Timeout while waiting for reply of request org.apache.ratis.server.simulation.RaftServerRequest@ba0e7d5
2019-09-24 17:01:22,617 INFO  statemachine.SimpleStateMachine4Testing (SimpleStateMachine4Testing.java:put(198)) - s1: put 153, 3333333333... -> (t:2, i:153), STATEMACHINELOGENTRY, client-B6F390E87052, cid=415
2019-09-24 17:01:22,617 INFO  segmented.SegmentedRaftLogWorker (SegmentedRaftLogWorker.java:rollLogSegment(385)) - s1@group-E65BAAE935FD-SegmentedRaftLogWorker: Rolling segment log-155_156 to index:156
2019-09-24 17:01:22,617 INFO  statemachine.SimpleStateMachine4Testing (SimpleStateMachine4Testing.java:put(198)) - s0: put 153, 3333333333... -> (t:2, i:153), STATEMACHINELOGENTRY, client-B6F390E87052, cid=415
2019-09-24 17:01:22,617 INFO  segmented.SegmentedRaftLogWorker (SegmentedRaftLogWorker.java:rollLogSegment(385)) - s0@group-E65BAAE935FD-SegmentedRaftLogWorker: Rolling segment log-155_156 to index:156
2019-09-24 17:01:24,578 INFO  segmented.SegmentedRaftLogWorker (SegmentedRaftLogWorker.java:execute(569)) - s2@group-E65BAAE935FD-SegmentedRaftLogWorker: created new log segment /workdir/ratis-test/target/test/data/e0ec9561/MiniRaftClusterWithSimulatedRpce2213dd2/s2/bc16a33f-4125-4cb3-9efe-e65baae935fd/current/log_inprogress_155
2019-09-24 17:01:25,617 WARN  impl.LogAppender (LogAppender.java:sendAppendEntriesWithRetries(274)) - s2@group-E65BAAE935FD->s1-LogAppender: Failed to appendEntries (retry=1): java.io.IOException: Timeout while waiting for reply of request org.apache.ratis.server.simulation.RaftServerRequest@3ab9d98d
2019-09-24 17:01:25,617 WARN  impl.LogAppender (LogAppender.java:sendAppendEntriesWithRetries(274)) - s2@group-E65BAAE935FD->s0-LogAppender: Failed to appendEntries (retry=1): java.io.IOException: Timeout while waiting for reply of request org.apache.ratis.server.simulation.RaftServerRequest@23f181df
2019-09-24 17:01:25,643 INFO  statemachine.SimpleStateMachine4Testing (SimpleStateMachine4Testing.java:put(198)) - s1: put 154, 3333333333... -> (t:2, i:154), STATEMACHINELOGENTRY, client-44073FEAA4C6, cid=416
2019-09-24 17:01:25,643 INFO  segmented.SegmentedRaftLogWorker (SegmentedRaftLogWorker.java:rollLogSegment(385)) - s1@group-E65BAAE935FD-SegmentedRaftLogWorker: Rolling segment log-157_157 to index:157
2019-09-24 17:01:28,643 WARN  impl.LogAppender (LogAppender.java:sendAppendEntriesWithRetries(274)) - s2@group-E65BAAE935FD->s1-LogAppender: Failed to appendEntries (retry=1): java.io.IOException: Timeout while waiting for reply of request org.apache.ratis.server.simulation.RaftServerRequest@39c46a38
2019-09-24 17:01:29,830 TRACE util.FileUtils (LogUtils.java:runAndLog(61)) - Successfully ran Files.move /workdir/ratis-test/target/test/data/e0ec9561/MiniRaftClusterWithSimulatedRpce2213dd2/s2/bc16a33f-4125-4cb3-9efe-e65baae935fd/current/log_inprogress_155 to /workdir/ratis-test/target/test/data/e0ec9561/MiniRaftClusterWithSimulatedRpce2213dd2/s2/bc16a33f-4125-4cb3-9efe-e65baae935fd/current/log_155-156
2019-09-24 17:01:29,830 INFO  segmented.SegmentedRaftLogWorker (SegmentedRaftLogWorker.java:execute(526)) - s2@group-E65BAAE935FD-SegmentedRaftLogWorker: Rolled log segment from /workdir/ratis-test/target/test/data/e0ec9561/MiniRaftClusterWithSimulatedRpce2213dd2/s2/bc16a33f-4125-4cb3-9efe-e65baae935fd/current/log_inprogress_155 to /workdir/ratis-test/target/test/data/e0ec9561/MiniRaftClusterWithSimulatedRpce2213dd2/s2/bc16a33f-4125-4cb3-9efe-e65baae935fd/current/log_155-156
2019-09-24 17:01:29,831 INFO  statemachine.SimpleStateMachine4Testing (SimpleStateMachine4Testing.java:put(198)) - s2: put 155, 3333333333... -> (t:2, i:155), STATEMACHINELOGENTRY, client-524B73A117F1, cid=417
2019-09-24 17:01:29,832 INFO  segmented.SegmentedRaftLogWorker (SegmentedRaftLogWorker.java:rollLogSegment(385)) - s2@group-E65BAAE935FD-SegmentedRaftLogWorker: Rolling segment log-162_162 to index:162
2019-09-24 17:01:30,812 INFO  ratis.MiniRaftCluster (MiniRaftCluster.java:lambda$null$5(297)) - TIMED-PRINT: printing ALL groups
  s0:  RUNNING    LEADER s0@group-3FFDBCE920FC:t1, leader=s0, voted=s0, raftlog=s0@group-3FFDBCE920FC-SegmentedRaftLog:OPENED:c20,f20,i20, conf=0: [s0:0.0.0.0:43661, s1:0.0.0.0:40785, s2:0.0.0.0:33810], old=null RUNNING
  s1:  RUNNING  FOLLOWER s1@group-3FFDBCE920FC:t1, leader=s0, voted=s0, raftlog=s1@group-3FFDBCE920FC-SegmentedRaftLog:OPENED:c20,f20,i20, conf=0: [s0:0.0.0.0:43661, s1:0.0.0.0:40785, s2:0.0.0.0:33810], old=null RUNNING
  s2:  RUNNING  FOLLOWER s2@group-3FFDBCE920FC:t1, leader=s0, voted=s0, raftlog=s2@group-3FFDBCE920FC-SegmentedRaftLog:OPENED:c20,f20,i20, conf=0: [s0:0.0.0.0:43661, s1:0.0.0.0:40785, s2:0.0.0.0:33810], old=null RUNNING
2019-09-24 17:01:31,569 INFO  ratis.MiniRaftCluster (MiniRaftCluster.java:lambda$null$5(297)) - TIMED-PRINT: printing ALL groups
  s0:  RUNNING  FOLLOWER s0@group-E65BAAE935FD:t2, leader=s2, voted=s0, raftlog=s0@group-E65BAAE935FD-SegmentedRaftLog:OPENED:c153,f153,i157, conf=0: [s0:0.0.0.0:35484, s1:0.0.0.0:33343, s2:0.0.0.0:46273], old=null RUNNING
  s1:  RUNNING  FOLLOWER s1@group-E65BAAE935FD:t2, leader=s2, voted=s2, raftlog=s1@group-E65BAAE935FD-SegmentedRaftLog:OPENED:c154,f154,i159, conf=0: [s0:0.0.0.0:35484, s1:0.0.0.0:33343, s2:0.0.0.0:46273], old=null RUNNING
  s2:  RUNNING    LEADER s2@group-E65BAAE935FD:t2, leader=s2, voted=s2, raftlog=s2@group-E65BAAE935FD-SegmentedRaftLog:OPENED:c156,f156,i163, conf=0: [s0:0.0.0.0:35484, s1:0.0.0.0:33343, s2:0.0.0.0:46273], old=null RUNNING
2019-09-24 17:01:34,966 INFO  segmented.SegmentedRaftLogWorker (SegmentedRaftLogWorker.java:execute(569)) - s1@group-E65BAAE935FD-SegmentedRaftLogWorker: created new log segment /workdir/ratis-test/target/test/data/e0ec9561/MiniRaftClusterWithSimulatedRpce2213dd2/s1/bc16a33f-4125-4cb3-9efe-e65baae935fd/current/log_inprogress_155
2019-09-24 17:01:34,966 INFO  segmented.SegmentedRaftLogWorker (SegmentedRaftLogWorker.java:execute(569)) - s0@group-E65BAAE935FD-SegmentedRaftLogWorker: created new log segment /workdir/ratis-test/target/test/data/e0ec9561/MiniRaftClusterWithSimulatedRpce2213dd2/s0/bc16a33f-4125-4cb3-9efe-e65baae935fd/current/log_inprogress_154
2019-09-24 17:01:40,158 TRACE util.FileUtils (LogUtils.java:runAndLog(61)) - Successfully ran Files.move /workdir/ratis-test/target/test/data/e0ec9561/MiniRaftClusterWithSimulatedRpce2213dd2/s0/bc16a33f-4125-4cb3-9efe-e65baae935fd/current/log_inprogress_154 to /workdir/ratis-test/target/test/data/e0ec9561/MiniRaftClusterWithSimulatedRpce2213dd2/s0/bc16a33f-4125-4cb3-9efe-e65baae935fd/current/log_154-154
2019-09-24 17:01:40,158 TRACE util.FileUtils (LogUtils.java:runAndLog(61)) - Successfully ran Files.move /workdir/ratis-test/target/test/data/e0ec9561/MiniRaftClusterWithSimulatedRpce2213dd2/s1/bc16a33f-4125-4cb3-9efe-e65baae935fd/current/log_inprogress_155 to /workdir/ratis-test/target/test/data/e0ec9561/MiniRaftClusterWithSimulatedRpce2213dd2/s1/bc16a33f-4125-4cb3-9efe-e65baae935fd/current/log_155-156
2019-09-24 17:01:40,158 INFO  segmented.SegmentedRaftLogWorker (SegmentedRaftLogWorker.java:execute(526)) - s0@group-E65BAAE935FD-SegmentedRaftLogWorker: Rolled log segment from /workdir/ratis-test/target/test/data/e0ec9561/MiniRaftClusterWithSimulatedRpce2213dd2/s0/bc16a33f-4125-4cb3-9efe-e65baae935fd/current/log_inprogress_154 to /workdir/ratis-test/target/test/data/e0ec9561/MiniRaftClusterWithSimulatedRpce2213dd2/s0/bc16a33f-4125-4cb3-9efe-e65baae935fd/current/log_154-154
2019-09-24 17:01:40,158 INFO  segmented.SegmentedRaftLogWorker (SegmentedRaftLogWorker.java:execute(526)) - s1@group-E65BAAE935FD-SegmentedRaftLogWorker: Rolled log segment from /workdir/ratis-test/target/test/data/e0ec9561/MiniRaftClusterWithSimulatedRpce2213dd2/s1/bc16a33f-4125-4cb3-9efe-e65baae935fd/current/log_inprogress_155 to /workdir/ratis-test/target/test/data/e0ec9561/MiniRaftClusterWithSimulatedRpce2213dd2/s1/bc16a33f-4125-4cb3-9efe-e65baae935fd/current/log_155-156
2019-09-24 17:01:40,159 INFO  segmented.SegmentedRaftLogWorker (SegmentedRaftLogWorker.java:execute(569)) - s2@group-E65BAAE935FD-SegmentedRaftLogWorker: created new log segment /workdir/ratis-test/target/test/data/e0ec9561/MiniRaftClusterWithSimulatedRpce2213dd2/s2/bc16a33f-4125-4cb3-9efe-e65baae935fd/current/log_inprogress_157
2019-09-24 17:01:40,160 INFO  statemachine.SimpleStateMachine4Testing (SimpleStateMachine4Testing.java:put(198)) - s0: put 154, 3333333333... -> (t:2, i:154), STATEMACHINELOGENTRY, client-44073FEAA4C6, cid=416
2019-09-24 17:01:40,161 INFO  segmented.SegmentedRaftLogWorker (SegmentedRaftLogWorker.java:rollLogSegment(385)) - s1@group-E65BAAE935FD-SegmentedRaftLogWorker: Rolling segment log-158_159 to index:159
2019-09-24 17:01:40,161 INFO  segmented.SegmentedRaftLogWorker (SegmentedRaftLogWorker.java:rollLogSegment(385)) - s0@group-E65BAAE935FD-SegmentedRaftLogWorker: Rolling segment log-157_157 to index:157
2019-09-24 17:01:40,813 INFO  ratis.MiniRaftCluster (MiniRaftCluster.java:lambda$null$5(297)) - TIMED-PRINT: printing ALL groups
  s0:  RUNNING    LEADER s0@group-3FFDBCE920FC:t1, leader=s0, voted=s0, raftlog=s0@group-3FFDBCE920FC-SegmentedRaftLog:OPENED:c20,f20,i20, conf=0: [s0:0.0.0.0:43661, s1:0.0.0.0:40785, s2:0.0.0.0:33810], old=null RUNNING
  s1:  RUNNING  FOLLOWER s1@group-3FFDBCE920FC:t1, leader=s0, voted=s0, raftlog=s1@group-3FFDBCE920FC-SegmentedRaftLog:OPENED:c20,f20,i20, conf=0: [s0:0.0.0.0:43661, s1:0.0.0.0:40785, s2:0.0.0.0:33810], old=null RUNNING
  s2:  RUNNING  FOLLOWER s2@group-3FFDBCE920FC:t1, leader=s0, voted=s0, raftlog=s2@group-3FFDBCE920FC-SegmentedRaftLog:OPENED:c20,f20,i20, conf=0: [s0:0.0.0.0:43661, s1:0.0.0.0:40785, s2:0.0.0.0:33810], old=null RUNNING
2019-09-24 17:01:41,473 INFO  ratis.MiniRaftCluster (MiniRaftCluster.java:runWithNewCluster(127)) - printing ALL groups
  s0:  RUNNING  FOLLOWER s0@group-E65BAAE935FD:t2, leader=s2, voted=s0, raftlog=s0@group-E65BAAE935FD-SegmentedRaftLog:OPENED:c154,f154,i159, conf=0: [s0:0.0.0.0:35484, s1:0.0.0.0:33343, s2:0.0.0.0:46273], old=null RUNNING
  s1:  RUNNING  FOLLOWER s1@group-E65BAAE935FD:t2, leader=s2, voted=s2, raftlog=s1@group-E65BAAE935FD-SegmentedRaftLog:OPENED:c154,f156,i161, conf=0: [s0:0.0.0.0:35484, s1:0.0.0.0:33343, s2:0.0.0.0:46273], old=null RUNNING
  s2:  RUNNING    LEADER s2@group-E65BAAE935FD:t2, leader=s2, voted=s2, raftlog=s2@group-E65BAAE935FD-SegmentedRaftLog:OPENED:c156,f156,i164, conf=0: [s0:0.0.0.0:35484, s1:0.0.0.0:33343, s2:0.0.0.0:46273], old=null RUNNING
2019-09-24 17:01:41,473 ERROR ratis.MiniRaftCluster (MiniRaftCluster.java:runWithNewCluster(128)) - Failed org.apache.ratis.MiniRaftCluster$Factory$Get.runWithNewCluster(MiniRaftCluster.java:113)
java.lang.InterruptedException
	at java.lang.Object.wait(Native Method)
	at java.lang.Thread.join(Thread.java:1252)
	at java.lang.Thread.join(Thread.java:1326)
	at org.apache.ratis.LogAppenderTests.runTest(LogAppenderTests.java:183)
	at org.apache.ratis.MiniRaftCluster$Factory$Get.runWithNewCluster(MiniRaftCluster.java:125)
	at org.apache.ratis.MiniRaftCluster$Factory$Get.runWithNewCluster(MiniRaftCluster.java:113)
	at org.apache.ratis.LogAppenderTests.testUnlimitedElementBuffer(LogAppenderTests.java:124)
	at sun.reflect.NativeMethodAccessorImpl.invoke0(Native Method)
	at sun.reflect.NativeMethodAccessorImpl.invoke(NativeMethodAccessorImpl.java:62)
	at sun.reflect.DelegatingMethodAccessorImpl.invoke(DelegatingMethodAccessorImpl.java:43)
	at java.lang.reflect.Method.invoke(Method.java:498)
	at org.junit.runners.model.FrameworkMethod$1.runReflectiveCall(FrameworkMethod.java:50)
	at org.junit.internal.runners.model.ReflectiveCallable.run(ReflectiveCallable.java:12)
	at org.junit.runners.model.FrameworkMethod.invokeExplosively(FrameworkMethod.java:47)
	at org.junit.internal.runners.statements.InvokeMethod.evaluate(InvokeMethod.java:17)
	at org.junit.internal.runners.statements.RunAfters.evaluate(RunAfters.java:27)
	at org.junit.internal.runners.statements.FailOnTimeout$CallableStatement.call(FailOnTimeout.java:298)
	at org.junit.internal.runners.statements.FailOnTimeout$CallableStatement.call(FailOnTimeout.java:292)
	at java.util.concurrent.FutureTask.run(FutureTask.java:266)
	at java.lang.Thread.run(Thread.java:748)
2019-09-24 17:01:41,474 INFO  ratis.MiniRaftCluster (MiniRaftCluster.java:shutdown(700)) - ************************************************************** 
2019-09-24 17:01:41,475 INFO  ratis.MiniRaftCluster (MiniRaftCluster.java:shutdown(701)) - *** 
2019-09-24 17:01:41,475 INFO  ratis.MiniRaftCluster (MiniRaftCluster.java:shutdown(702)) - ***     Stopping MiniRaftClusterWithSimulatedRpc
2019-09-24 17:01:41,475 INFO  ratis.MiniRaftCluster (MiniRaftCluster.java:shutdown(703)) - *** 
2019-09-24 17:01:41,475 INFO  ratis.MiniRaftCluster (MiniRaftCluster.java:shutdown(704)) - ************************************************************** 
2019-09-24 17:01:41,475 INFO  ratis.MiniRaftCluster (MiniRaftCluster.java:shutdown(705)) - printing ALL groups
  s0:  RUNNING  FOLLOWER s0@group-E65BAAE935FD:t2, leader=s2, voted=s0, raftlog=s0@group-E65BAAE935FD-SegmentedRaftLog:OPENED:c154,f154,i159, conf=0: [s0:0.0.0.0:35484, s1:0.0.0.0:33343, s2:0.0.0.0:46273], old=null RUNNING
  s1:  RUNNING  FOLLOWER s1@group-E65BAAE935FD:t2, leader=s2, voted=s2, raftlog=s1@group-E65BAAE935FD-SegmentedRaftLog:OPENED:c154,f156,i161, conf=0: [s0:0.0.0.0:35484, s1:0.0.0.0:33343, s2:0.0.0.0:46273], old=null RUNNING
  s2:  RUNNING    LEADER s2@group-E65BAAE935FD:t2, leader=s2, voted=s2, raftlog=s2@group-E65BAAE935FD-SegmentedRaftLog:OPENED:c156,f156,i164, conf=0: [s0:0.0.0.0:35484, s1:0.0.0.0:33343, s2:0.0.0.0:46273], old=null RUNNING
2019-09-24 17:01:41,477 INFO  impl.RaftServerProxy (RaftServerProxy.java:lambda$close$4(314)) - s2: close
2019-09-24 17:01:41,477 INFO  impl.RaftServerProxy (RaftServerProxy.java:lambda$close$4(314)) - s0: close
2019-09-24 17:01:41,477 INFO  impl.RaftServerProxy (RaftServerProxy.java:lambda$close$4(314)) - s1: close
2019-09-24 17:01:41,479 INFO  impl.RaftServerImpl (RaftServerImpl.java:lambda$shutdown$3(247)) - s2@group-E65BAAE935FD: shutdown
2019-09-24 17:01:41,479 INFO  impl.RaftServerImpl (RaftServerImpl.java:lambda$shutdown$3(247)) - s0@group-E65BAAE935FD: shutdown
2019-09-24 17:01:41,479 INFO  impl.RaftServerImpl (RaftServerImpl.java:lambda$shutdown$3(247)) - s1@group-E65BAAE935FD: shutdown
2019-09-24 17:01:41,481 INFO  util.JmxRegister (JmxRegister.java:unregister(73)) - Successfully un-registered JMX Bean with object name Ratis:service=RaftServer,group=group-E65BAAE935FD,id=s1
2019-09-24 17:01:41,481 INFO  util.JmxRegister (JmxRegister.java:unregister(73)) - Successfully un-registered JMX Bean with object name Ratis:service=RaftServer,group=group-E65BAAE935FD,id=s2
2019-09-24 17:01:41,481 INFO  util.JmxRegister (JmxRegister.java:unregister(73)) - Successfully un-registered JMX Bean with object name Ratis:service=RaftServer,group=group-E65BAAE935FD,id=s0
2019-09-24 17:01:41,481 INFO  impl.RoleInfo (RoleInfo.java:shutdownLeaderState(104)) - s2: shutdown LeaderState
2019-09-24 17:01:41,481 INFO  impl.RoleInfo (RoleInfo.java:shutdownFollowerState(121)) - s1: shutdown FollowerState
2019-09-24 17:01:41,483 INFO  impl.LogAppender (LogAppender.java:run(78)) - s2@group-E65BAAE935FD->s1-LogAppender-AppenderDaemon was interrupted: java.io.InterruptedIOException: 
2019-09-24 17:01:41,483 INFO  impl.LogAppender (LogAppender.java:run(78)) - s2@group-E65BAAE935FD->s0-LogAppender-AppenderDaemon was interrupted: java.io.InterruptedIOException: 
2019-09-24 17:01:41,483 INFO  impl.PendingRequests (PendingRequests.java:sendNotLeaderResponses(202)) - s2@group-E65BAAE935FD-PendingRequests: sendNotLeaderResponses
2019-09-24 17:01:41,481 INFO  impl.RoleInfo (RoleInfo.java:shutdownFollowerState(121)) - s0: shutdown FollowerState
2019-09-24 17:01:41,484 INFO  impl.FollowerState (FollowerState.java:run(117)) - s1@group-E65BAAE935FD-FollowerState was interrupted: java.lang.InterruptedException: sleep interrupted
2019-09-24 17:01:41,487 INFO  impl.StateMachineUpdater (StateMachineUpdater.java:stopAndJoin(136)) - s2@group-E65BAAE935FD-StateMachineUpdater: set stopIndex = 156
2019-09-24 17:01:41,488 INFO  impl.RaftServerImpl (ServerState.java:close(386)) - s2@group-E65BAAE935FD: closes. applyIndex: 156
2019-09-24 17:01:41,484 INFO  impl.StateMachineUpdater (StateMachineUpdater.java:stopAndJoin(136)) - s1@group-E65BAAE935FD-StateMachineUpdater: set stopIndex = 154
2019-09-24 17:01:41,488 INFO  impl.FollowerState (FollowerState.java:run(117)) - s0@group-E65BAAE935FD-FollowerState was interrupted: java.lang.InterruptedException: sleep interrupted
2019-09-24 17:01:41,486 INFO  impl.StateMachineUpdater (StateMachineUpdater.java:stopAndJoin(136)) - s0@group-E65BAAE935FD-StateMachineUpdater: set stopIndex = 154
2019-09-24 17:01:41,489 INFO  impl.RaftServerImpl (ServerState.java:close(386)) - s1@group-E65BAAE935FD: closes. applyIndex: 154
2019-09-24 17:01:41,490 INFO  impl.RaftServerImpl (ServerState.java:close(386)) - s0@group-E65BAAE935FD: closes. applyIndex: 154
]]></system-out>
  </testcase>
</testsuite>