<?xml version="1.0" encoding="UTF-8"?>
<testsuite xmlns:xsi="http://www.w3.org/2001/XMLSchema-instance" xsi:noNamespaceSchemaLocation="https://maven.apache.org/surefire/maven-surefire-plugin/xsd/surefire-test-report.xsd" name="org.apache.ratis.server.simulation.TestRaftReconfigurationWithSimulatedRpc" time="243.401" tests="12" errors="2" skipped="0" failures="0">
  <properties>
    <property name="awt.toolkit" value="sun.awt.X11.XToolkit"/>
    <property name="file.encoding.pkg" value="sun.io"/>
    <property name="java.specification.version" value="1.8"/>
    <property name="sun.cpu.isalist" value=""/>
    <property name="sun.jnu.encoding" value="UTF-8"/>
    <property name="java.class.path" value="/workdir/ratis-test/target/test-classes:/workdir/ratis-test/target/classes:/workdir/ratis-common/target/classes:/home/user/.m2/repository/org/apache/ratis/ratis-thirdparty-misc/0.2.0/ratis-thirdparty-misc-0.2.0.jar:/workdir/ratis-proto/target/ratis-proto-0.5.0-SNAPSHOT.jar:/home/user/.m2/repository/org/slf4j/slf4j-log4j12/1.7.10/slf4j-log4j12-1.7.10.jar:/home/user/.m2/repository/log4j/log4j/1.2.17/log4j-1.2.17.jar:/workdir/ratis-common/target/test-classes:/workdir/ratis-client/target/classes:/workdir/ratis-server/target/classes:/workdir/ratis-metrics/target/classes:/home/user/.m2/repository/io/dropwizard/metrics/metrics-core/3.2.5/metrics-core-3.2.5.jar:/home/user/.m2/repository/com/github/joshelser/dropwizard-metrics-hadoop-metrics2-reporter/0.1.2/dropwizard-metrics-hadoop-metrics2-reporter-0.1.2.jar:/home/user/.m2/repository/org/apache/hadoop/hadoop-common/2.6.0/hadoop-common-2.6.0.jar:/home/user/.m2/repository/org/apache/hadoop/hadoop-annotations/2.6.0/hadoop-annotations-2.6.0.jar:/usr/lib/jvm/java-1.8-openjdk/jre/../lib/tools.jar:/home/user/.m2/repository/com/google/guava/guava/11.0.2/guava-11.0.2.jar:/home/user/.m2/repository/commons-cli/commons-cli/1.2/commons-cli-1.2.jar:/home/user/.m2/repository/org/apache/commons/commons-math3/3.1.1/commons-math3-3.1.1.jar:/home/user/.m2/repository/xmlenc/xmlenc/0.52/xmlenc-0.52.jar:/home/user/.m2/repository/commons-httpclient/commons-httpclient/3.1/commons-httpclient-3.1.jar:/home/user/.m2/repository/commons-codec/commons-codec/1.4/commons-codec-1.4.jar:/home/user/.m2/repository/commons-io/commons-io/2.4/commons-io-2.4.jar:/home/user/.m2/repository/commons-net/commons-net/3.1/commons-net-3.1.jar:/home/user/.m2/repository/commons-collections/commons-collections/3.2.1/commons-collections-3.2.1.jar:/home/user/.m2/repository/javax/servlet/servlet-api/2.5/servlet-api-2.5.jar:/home/user/.m2/repository/org/mortbay/jetty/jetty/6.1.26/jetty-6.1.26.jar:/home/user/.m2/repository/org/mortbay/jetty/jetty-util/6.1.26/jetty-util-6.1.26.jar:/home/user/.m2/repository/com/sun/jersey/jersey-core/1.9/jersey-core-1.9.jar:/home/user/.m2/repository/com/sun/jersey/jersey-json/1.9/jersey-json-1.9.jar:/home/user/.m2/repository/org/codehaus/jettison/jettison/1.1/jettison-1.1.jar:/home/user/.m2/repository/com/sun/xml/bind/jaxb-impl/2.2.3-1/jaxb-impl-2.2.3-1.jar:/home/user/.m2/repository/javax/xml/bind/jaxb-api/2.2.2/jaxb-api-2.2.2.jar:/home/user/.m2/repository/javax/xml/stream/stax-api/1.0-2/stax-api-1.0-2.jar:/home/user/.m2/repository/javax/activation/activation/1.1/activation-1.1.jar:/home/user/.m2/repository/org/codehaus/jackson/jackson-jaxrs/1.8.3/jackson-jaxrs-1.8.3.jar:/home/user/.m2/repository/org/codehaus/jackson/jackson-xc/1.8.3/jackson-xc-1.8.3.jar:/home/user/.m2/repository/com/sun/jersey/jersey-server/1.9/jersey-server-1.9.jar:/home/user/.m2/repository/asm/asm/3.1/asm-3.1.jar:/home/user/.m2/repository/tomcat/jasper-compiler/5.5.23/jasper-compiler-5.5.23.jar:/home/user/.m2/repository/tomcat/jasper-runtime/5.5.23/jasper-runtime-5.5.23.jar:/home/user/.m2/repository/javax/servlet/jsp/jsp-api/2.1/jsp-api-2.1.jar:/home/user/.m2/repository/commons-el/commons-el/1.0/commons-el-1.0.jar:/home/user/.m2/repository/commons-logging/commons-logging/1.1.3/commons-logging-1.1.3.jar:/home/user/.m2/repository/net/java/dev/jets3t/jets3t/0.9.0/jets3t-0.9.0.jar:/home/user/.m2/repository/org/apache/httpcomponents/httpclient/4.1.2/httpclient-4.1.2.jar:/home/user/.m2/repository/org/apache/httpcomponents/httpcore/4.1.2/httpcore-4.1.2.jar:/home/user/.m2/repository/com/jamesmurty/utils/java-xmlbuilder/0.4/java-xmlbuilder-0.4.jar:/home/user/.m2/repository/commons-lang/commons-lang/2.6/commons-lang-2.6.jar:/home/user/.m2/repository/commons-configuration/commons-configuration/1.6/commons-configuration-1.6.jar:/home/user/.m2/repository/commons-digester/commons-digester/1.8/commons-digester-1.8.jar:/home/user/.m2/repository/commons-beanutils/commons-beanutils/1.7.0/commons-beanutils-1.7.0.jar:/home/user/.m2/repository/commons-beanutils/commons-beanutils-core/1.8.0/commons-beanutils-core-1.8.0.jar:/home/user/.m2/repository/org/codehaus/jackson/jackson-core-asl/1.9.13/jackson-core-asl-1.9.13.jar:/home/user/.m2/repository/org/codehaus/jackson/jackson-mapper-asl/1.9.13/jackson-mapper-asl-1.9.13.jar:/home/user/.m2/repository/org/apache/avro/avro/1.7.4/avro-1.7.4.jar:/home/user/.m2/repository/com/thoughtworks/paranamer/paranamer/2.3/paranamer-2.3.jar:/home/user/.m2/repository/org/xerial/snappy/snappy-java/1.0.4.1/snappy-java-1.0.4.1.jar:/home/user/.m2/repository/com/google/protobuf/protobuf-java/2.5.0/protobuf-java-2.5.0.jar:/home/user/.m2/repository/com/google/code/gson/gson/2.2.4/gson-2.2.4.jar:/home/user/.m2/repository/org/apache/hadoop/hadoop-auth/2.6.0/hadoop-auth-2.6.0.jar:/home/user/.m2/repository/org/apache/directory/server/apacheds-kerberos-codec/2.0.0-M15/apacheds-kerberos-codec-2.0.0-M15.jar:/home/user/.m2/repository/org/apache/directory/server/apacheds-i18n/2.0.0-M15/apacheds-i18n-2.0.0-M15.jar:/home/user/.m2/repository/org/apache/directory/api/api-asn1-api/1.0.0-M20/api-asn1-api-1.0.0-M20.jar:/home/user/.m2/repository/org/apache/directory/api/api-util/1.0.0-M20/api-util-1.0.0-M20.jar:/home/user/.m2/repository/org/apache/curator/curator-framework/2.6.0/curator-framework-2.6.0.jar:/home/user/.m2/repository/com/jcraft/jsch/0.1.42/jsch-0.1.42.jar:/home/user/.m2/repository/org/apache/curator/curator-client/2.6.0/curator-client-2.6.0.jar:/home/user/.m2/repository/org/apache/curator/curator-recipes/2.6.0/curator-recipes-2.6.0.jar:/home/user/.m2/repository/com/google/code/findbugs/jsr305/1.3.9/jsr305-1.3.9.jar:/home/user/.m2/repository/org/htrace/htrace-core/3.0.4/htrace-core-3.0.4.jar:/home/user/.m2/repository/org/apache/zookeeper/zookeeper/3.4.6/zookeeper-3.4.6.jar:/home/user/.m2/repository/io/netty/netty/3.7.0.Final/netty-3.7.0.Final.jar:/home/user/.m2/repository/org/apache/commons/commons-compress/1.4.1/commons-compress-1.4.1.jar:/home/user/.m2/repository/org/tukaani/xz/1.0/xz-1.0.jar:/home/user/.m2/repository/io/dropwizard/metrics/metrics-jvm/3.2.5/metrics-jvm-3.2.5.jar:/home/user/.m2/repository/io/dropwizard/metrics/metrics-ganglia/3.2.5/metrics-ganglia-3.2.5.jar:/home/user/.m2/repository/info/ganglia/gmetric4j/gmetric4j/1.0.7/gmetric4j-1.0.7.jar:/workdir/ratis-server/target/test-classes:/workdir/ratis-netty/target/classes:/workdir/ratis-netty/target/test-classes:/workdir/ratis-grpc/target/classes:/workdir/ratis-grpc/target/test-classes:/home/user/.m2/repository/org/slf4j/slf4j-api/1.7.10/slf4j-api-1.7.10.jar:/home/user/.m2/repository/junit/junit/4.12/junit-4.12.jar:/home/user/.m2/repository/org/hamcrest/hamcrest-core/1.3/hamcrest-core-1.3.jar:/home/user/.m2/repository/org/mockito/mockito-all/1.8.5/mockito-all-1.8.5.jar:"/>
    <property name="java.vm.vendor" value="IcedTea"/>
    <property name="sun.arch.data.model" value="64"/>
    <property name="java.vendor.url" value="https://icedtea.classpath.org"/>
    <property name="user.timezone" value=""/>
    <property name="java.vm.specification.version" value="1.8"/>
    <property name="os.name" value="Linux"/>
    <property name="user.country" value="US"/>
    <property name="sun.java.launcher" value="SUN_STANDARD"/>
    <property name="sun.boot.library.path" value="/usr/lib/jvm/java-1.8-openjdk/jre/lib/amd64"/>
    <property name="sun.java.command" value="/workdir/ratis-test/target/surefire/surefirebooter1786621274694472268.jar /workdir/ratis-test/target/surefire 2019-09-24T16-02-41_483-jvmRun1 surefire1599863616334008836tmp surefire_571651546143313592402tmp"/>
    <property name="surefire.test.class.path" value="/workdir/ratis-test/target/test-classes:/workdir/ratis-test/target/classes:/workdir/ratis-common/target/classes:/home/user/.m2/repository/org/apache/ratis/ratis-thirdparty-misc/0.2.0/ratis-thirdparty-misc-0.2.0.jar:/workdir/ratis-proto/target/ratis-proto-0.5.0-SNAPSHOT.jar:/home/user/.m2/repository/org/slf4j/slf4j-log4j12/1.7.10/slf4j-log4j12-1.7.10.jar:/home/user/.m2/repository/log4j/log4j/1.2.17/log4j-1.2.17.jar:/workdir/ratis-common/target/test-classes:/workdir/ratis-client/target/classes:/workdir/ratis-server/target/classes:/workdir/ratis-metrics/target/classes:/home/user/.m2/repository/io/dropwizard/metrics/metrics-core/3.2.5/metrics-core-3.2.5.jar:/home/user/.m2/repository/com/github/joshelser/dropwizard-metrics-hadoop-metrics2-reporter/0.1.2/dropwizard-metrics-hadoop-metrics2-reporter-0.1.2.jar:/home/user/.m2/repository/org/apache/hadoop/hadoop-common/2.6.0/hadoop-common-2.6.0.jar:/home/user/.m2/repository/org/apache/hadoop/hadoop-annotations/2.6.0/hadoop-annotations-2.6.0.jar:/usr/lib/jvm/java-1.8-openjdk/jre/../lib/tools.jar:/home/user/.m2/repository/com/google/guava/guava/11.0.2/guava-11.0.2.jar:/home/user/.m2/repository/commons-cli/commons-cli/1.2/commons-cli-1.2.jar:/home/user/.m2/repository/org/apache/commons/commons-math3/3.1.1/commons-math3-3.1.1.jar:/home/user/.m2/repository/xmlenc/xmlenc/0.52/xmlenc-0.52.jar:/home/user/.m2/repository/commons-httpclient/commons-httpclient/3.1/commons-httpclient-3.1.jar:/home/user/.m2/repository/commons-codec/commons-codec/1.4/commons-codec-1.4.jar:/home/user/.m2/repository/commons-io/commons-io/2.4/commons-io-2.4.jar:/home/user/.m2/repository/commons-net/commons-net/3.1/commons-net-3.1.jar:/home/user/.m2/repository/commons-collections/commons-collections/3.2.1/commons-collections-3.2.1.jar:/home/user/.m2/repository/javax/servlet/servlet-api/2.5/servlet-api-2.5.jar:/home/user/.m2/repository/org/mortbay/jetty/jetty/6.1.26/jetty-6.1.26.jar:/home/user/.m2/repository/org/mortbay/jetty/jetty-util/6.1.26/jetty-util-6.1.26.jar:/home/user/.m2/repository/com/sun/jersey/jersey-core/1.9/jersey-core-1.9.jar:/home/user/.m2/repository/com/sun/jersey/jersey-json/1.9/jersey-json-1.9.jar:/home/user/.m2/repository/org/codehaus/jettison/jettison/1.1/jettison-1.1.jar:/home/user/.m2/repository/com/sun/xml/bind/jaxb-impl/2.2.3-1/jaxb-impl-2.2.3-1.jar:/home/user/.m2/repository/javax/xml/bind/jaxb-api/2.2.2/jaxb-api-2.2.2.jar:/home/user/.m2/repository/javax/xml/stream/stax-api/1.0-2/stax-api-1.0-2.jar:/home/user/.m2/repository/javax/activation/activation/1.1/activation-1.1.jar:/home/user/.m2/repository/org/codehaus/jackson/jackson-jaxrs/1.8.3/jackson-jaxrs-1.8.3.jar:/home/user/.m2/repository/org/codehaus/jackson/jackson-xc/1.8.3/jackson-xc-1.8.3.jar:/home/user/.m2/repository/com/sun/jersey/jersey-server/1.9/jersey-server-1.9.jar:/home/user/.m2/repository/asm/asm/3.1/asm-3.1.jar:/home/user/.m2/repository/tomcat/jasper-compiler/5.5.23/jasper-compiler-5.5.23.jar:/home/user/.m2/repository/tomcat/jasper-runtime/5.5.23/jasper-runtime-5.5.23.jar:/home/user/.m2/repository/javax/servlet/jsp/jsp-api/2.1/jsp-api-2.1.jar:/home/user/.m2/repository/commons-el/commons-el/1.0/commons-el-1.0.jar:/home/user/.m2/repository/commons-logging/commons-logging/1.1.3/commons-logging-1.1.3.jar:/home/user/.m2/repository/net/java/dev/jets3t/jets3t/0.9.0/jets3t-0.9.0.jar:/home/user/.m2/repository/org/apache/httpcomponents/httpclient/4.1.2/httpclient-4.1.2.jar:/home/user/.m2/repository/org/apache/httpcomponents/httpcore/4.1.2/httpcore-4.1.2.jar:/home/user/.m2/repository/com/jamesmurty/utils/java-xmlbuilder/0.4/java-xmlbuilder-0.4.jar:/home/user/.m2/repository/commons-lang/commons-lang/2.6/commons-lang-2.6.jar:/home/user/.m2/repository/commons-configuration/commons-configuration/1.6/commons-configuration-1.6.jar:/home/user/.m2/repository/commons-digester/commons-digester/1.8/commons-digester-1.8.jar:/home/user/.m2/repository/commons-beanutils/commons-beanutils/1.7.0/commons-beanutils-1.7.0.jar:/home/user/.m2/repository/commons-beanutils/commons-beanutils-core/1.8.0/commons-beanutils-core-1.8.0.jar:/home/user/.m2/repository/org/codehaus/jackson/jackson-core-asl/1.9.13/jackson-core-asl-1.9.13.jar:/home/user/.m2/repository/org/codehaus/jackson/jackson-mapper-asl/1.9.13/jackson-mapper-asl-1.9.13.jar:/home/user/.m2/repository/org/apache/avro/avro/1.7.4/avro-1.7.4.jar:/home/user/.m2/repository/com/thoughtworks/paranamer/paranamer/2.3/paranamer-2.3.jar:/home/user/.m2/repository/org/xerial/snappy/snappy-java/1.0.4.1/snappy-java-1.0.4.1.jar:/home/user/.m2/repository/com/google/protobuf/protobuf-java/2.5.0/protobuf-java-2.5.0.jar:/home/user/.m2/repository/com/google/code/gson/gson/2.2.4/gson-2.2.4.jar:/home/user/.m2/repository/org/apache/hadoop/hadoop-auth/2.6.0/hadoop-auth-2.6.0.jar:/home/user/.m2/repository/org/apache/directory/server/apacheds-kerberos-codec/2.0.0-M15/apacheds-kerberos-codec-2.0.0-M15.jar:/home/user/.m2/repository/org/apache/directory/server/apacheds-i18n/2.0.0-M15/apacheds-i18n-2.0.0-M15.jar:/home/user/.m2/repository/org/apache/directory/api/api-asn1-api/1.0.0-M20/api-asn1-api-1.0.0-M20.jar:/home/user/.m2/repository/org/apache/directory/api/api-util/1.0.0-M20/api-util-1.0.0-M20.jar:/home/user/.m2/repository/org/apache/curator/curator-framework/2.6.0/curator-framework-2.6.0.jar:/home/user/.m2/repository/com/jcraft/jsch/0.1.42/jsch-0.1.42.jar:/home/user/.m2/repository/org/apache/curator/curator-client/2.6.0/curator-client-2.6.0.jar:/home/user/.m2/repository/org/apache/curator/curator-recipes/2.6.0/curator-recipes-2.6.0.jar:/home/user/.m2/repository/com/google/code/findbugs/jsr305/1.3.9/jsr305-1.3.9.jar:/home/user/.m2/repository/org/htrace/htrace-core/3.0.4/htrace-core-3.0.4.jar:/home/user/.m2/repository/org/apache/zookeeper/zookeeper/3.4.6/zookeeper-3.4.6.jar:/home/user/.m2/repository/io/netty/netty/3.7.0.Final/netty-3.7.0.Final.jar:/home/user/.m2/repository/org/apache/commons/commons-compress/1.4.1/commons-compress-1.4.1.jar:/home/user/.m2/repository/org/tukaani/xz/1.0/xz-1.0.jar:/home/user/.m2/repository/io/dropwizard/metrics/metrics-jvm/3.2.5/metrics-jvm-3.2.5.jar:/home/user/.m2/repository/io/dropwizard/metrics/metrics-ganglia/3.2.5/metrics-ganglia-3.2.5.jar:/home/user/.m2/repository/info/ganglia/gmetric4j/gmetric4j/1.0.7/gmetric4j-1.0.7.jar:/workdir/ratis-server/target/test-classes:/workdir/ratis-netty/target/classes:/workdir/ratis-netty/target/test-classes:/workdir/ratis-grpc/target/classes:/workdir/ratis-grpc/target/test-classes:/home/user/.m2/repository/org/slf4j/slf4j-api/1.7.10/slf4j-api-1.7.10.jar:/home/user/.m2/repository/junit/junit/4.12/junit-4.12.jar:/home/user/.m2/repository/org/hamcrest/hamcrest-core/1.3/hamcrest-core-1.3.jar:/home/user/.m2/repository/org/mockito/mockito-all/1.8.5/mockito-all-1.8.5.jar:"/>
    <property name="sun.cpu.endian" value="little"/>
    <property name="user.home" value="/home/user"/>
    <property name="user.language" value="en"/>
    <property name="java.specification.vendor" value="Oracle Corporation"/>
    <property name="java.home" value="/usr/lib/jvm/java-1.8-openjdk/jre"/>
    <property name="basedir" value="/workdir/ratis-test"/>
    <property name="file.separator" value="/"/>
    <property name="line.separator" value="&#10;"/>
    <property name="java.vm.specification.vendor" value="Oracle Corporation"/>
    <property name="java.specification.name" value="Java Platform API Specification"/>
    <property name="java.awt.graphicsenv" value="sun.awt.X11GraphicsEnvironment"/>
    <property name="surefire.real.class.path" value="/workdir/ratis-test/target/surefire/surefirebooter1786621274694472268.jar"/>
    <property name="sun.boot.class.path" value="/usr/lib/jvm/java-1.8-openjdk/jre/lib/resources.jar:/usr/lib/jvm/java-1.8-openjdk/jre/lib/rt.jar:/usr/lib/jvm/java-1.8-openjdk/jre/lib/sunrsasign.jar:/usr/lib/jvm/java-1.8-openjdk/jre/lib/jsse.jar:/usr/lib/jvm/java-1.8-openjdk/jre/lib/jce.jar:/usr/lib/jvm/java-1.8-openjdk/jre/lib/charsets.jar:/usr/lib/jvm/java-1.8-openjdk/jre/lib/jfr.jar:/usr/lib/jvm/java-1.8-openjdk/jre/classes"/>
    <property name="sun.management.compiler" value="HotSpot 64-Bit Tiered Compilers"/>
    <property name="java.runtime.version" value="1.8.0_212-b04"/>
    <property name="java.net.preferIPv4Stack" value="true"/>
    <property name="user.name" value="jenkins1000"/>
    <property name="path.separator" value=":"/>
    <property name="os.version" value="3.10.0-957.12.2.el7.x86_64"/>
    <property name="java.endorsed.dirs" value="/usr/lib/jvm/java-1.8-openjdk/jre/lib/endorsed"/>
    <property name="java.runtime.name" value="OpenJDK Runtime Environment"/>
    <property name="file.encoding" value="UTF-8"/>
    <property name="java.vm.name" value="OpenJDK 64-Bit Server VM"/>
    <property name="localRepository" value="/home/user/.m2/repository"/>
    <property name="java.vendor.url.bug" value="https://icedtea.classpath.org/bugzilla"/>
    <property name="java.io.tmpdir" value="/tmp"/>
    <property name="java.version" value="1.8.0_212"/>
    <property name="user.dir" value="/workdir/ratis-test"/>
    <property name="os.arch" value="amd64"/>
    <property name="ratis.tmp.dir" value="/workdir/ratis-test/target/tmp"/>
    <property name="java.vm.specification.name" value="Java Virtual Machine Specification"/>
    <property name="java.awt.printerjob" value="sun.print.PSPrinterJob"/>
    <property name="ratis.log.dir" value="/workdir/ratis-test/target/log"/>
    <property name="sun.os.patch.level" value="unknown"/>
    <property name="java.library.path" value="/usr/lib/jvm/java-1.8-openjdk/jre/lib/amd64/server:/usr/lib/jvm/java-1.8-openjdk/jre/lib/amd64:/usr/lib/jvm/java-1.8-openjdk/jre/../lib/amd64:/usr/java/packages/lib/amd64:/usr/lib64:/lib64:/lib:/usr/lib"/>
    <property name="java.vm.info" value="mixed mode"/>
    <property name="java.vendor" value="IcedTea"/>
    <property name="java.vm.version" value="25.212-b04"/>
    <property name="java.ext.dirs" value="/usr/lib/jvm/java-1.8-openjdk/jre/lib/ext:/usr/java/packages/lib/ext"/>
    <property name="sun.io.unicode.encoding" value="UnicodeLittle"/>
    <property name="java.class.version" value="52.0"/>
  </properties>
  <testcase name="testNoChangeRequest" classname="org.apache.ratis.server.simulation.TestRaftReconfigurationWithSimulatedRpc" time="55.453">
    <error message="No leader yet : printing ALL groups&#10;  s0:  RUNNING CANDIDATE s0@group-018C702B48E5:t17, leader=null, voted=s0, raftlog=s0@group-018C702B48E5-SegmentedRaftLog:OPENED:c-1,f-1,i0, conf=-1: [s0:0.0.0.0:34748, s1:0.0.0.0:43419, s2:0.0.0.0:39849], old=null RUNNING&#10;  s1:  RUNNING  FOLLOWER s1@group-018C702B48E5:t17, leader=null, voted=null, raftlog=s1@group-018C702B48E5-SegmentedRaftLog:OPENED:c-1,f0,i0, conf=0: [s0:0.0.0.0:34748, s1:0.0.0.0:43419, s2:0.0.0.0:39849], old=null RUNNING&#10;  s2:  RUNNING  FOLLOWER s2@group-018C702B48E5:t17, leader=null, voted=null, raftlog=s2@group-018C702B48E5-SegmentedRaftLog:OPENED:c-1,f0,i0, conf=0: [s0:0.0.0.0:34748, s1:0.0.0.0:43419, s2:0.0.0.0:39849], old=null RUNNING" type="java.lang.IllegalStateException">java.lang.IllegalStateException: 
No leader yet : printing ALL groups
  s0:  RUNNING CANDIDATE s0@group-018C702B48E5:t17, leader=null, voted=s0, raftlog=s0@group-018C702B48E5-SegmentedRaftLog:OPENED:c-1,f-1,i0, conf=-1: [s0:0.0.0.0:34748, s1:0.0.0.0:43419, s2:0.0.0.0:39849], old=null RUNNING
  s1:  RUNNING  FOLLOWER s1@group-018C702B48E5:t17, leader=null, voted=null, raftlog=s1@group-018C702B48E5-SegmentedRaftLog:OPENED:c-1,f0,i0, conf=0: [s0:0.0.0.0:34748, s1:0.0.0.0:43419, s2:0.0.0.0:39849], old=null RUNNING
  s2:  RUNNING  FOLLOWER s2@group-018C702B48E5:t17, leader=null, voted=null, raftlog=s2@group-018C702B48E5-SegmentedRaftLog:OPENED:c-1,f0,i0, conf=0: [s0:0.0.0.0:34748, s1:0.0.0.0:43419, s2:0.0.0.0:39849], old=null RUNNING
</error>
    <system-out><![CDATA[2019-09-24 17:01:46,069 INFO  util.LogUtils (LogUtils.java:setLogLevel(41)) - Set org.apache.ratis.server.impl.RaftServerImpl log level to DEBUG
2019-09-24 17:01:46,082 INFO  util.LogUtils (LogUtils.java:setLogLevel(41)) - Set org.apache.ratis.conf.ConfUtils log level to WARN
2019-09-24 17:01:46,084 INFO  util.LogUtils (LogUtils.java:setLogLevel(41)) - Set org.apache.ratis.util.FileUtils log level to TRACE
2019-09-24 17:01:46,108 INFO  ratis.MiniRaftCluster (MiniRaftCluster.java:runWithNewCluster(119)) - Running runWithNewCluster
2019-09-24 17:01:46,123 INFO  simulation.MiniRaftClusterWithSimulatedRpc (ConfUtils.java:logGet(43)) - org.apache.ratis.server.simulation.SimulatedRequestReply.simulateLatencyMs = 150 (default)
2019-09-24 17:01:46,178 INFO  ratis.MiniRaftCluster (MiniRaftCluster.java:<init>(253)) - new MiniRaftClusterWithSimulatedRpc with group-018C702B48E5:[s0:0.0.0.0:34748, s1:0.0.0.0:43419, s2:0.0.0.0:39849]
2019-09-24 17:01:46,178 INFO  ratis.MiniRaftCluster (MiniRaftCluster.java:start(287)) - .............................................................. 
2019-09-24 17:01:46,179 INFO  ratis.MiniRaftCluster (MiniRaftCluster.java:start(288)) - ... 
2019-09-24 17:01:46,179 INFO  ratis.MiniRaftCluster (MiniRaftCluster.java:start(289)) - ...     Starting MiniRaftClusterWithSimulatedRpc
2019-09-24 17:01:46,179 INFO  ratis.MiniRaftCluster (MiniRaftCluster.java:start(290)) - ... 
2019-09-24 17:01:46,179 INFO  ratis.MiniRaftCluster (MiniRaftCluster.java:start(291)) - .............................................................. 
2019-09-24 17:01:46,179 INFO  ratis.MiniRaftCluster (MiniRaftCluster.java:initServers(265)) - servers = {}
2019-09-24 17:01:46,187 INFO  ratis.MiniRaftCluster (MiniRaftCluster.java:newRaftServer(330)) - newRaftServer: s0, group-018C702B48E5:[s0:0.0.0.0:34748, s1:0.0.0.0:43419, s2:0.0.0.0:39849], format? true
2019-09-24 17:01:46,189 TRACE util.FileUtils (FileUtils.java:deleteFully(88)) - deleteFully target/test/data/106c393e/MiniRaftClusterWithSimulatedRpcf0957a56/s0
2019-09-24 17:01:46,197 TRACE util.FileUtils (FileUtils.java:deleteFully(104)) - deleteFully: target/test/data/106c393e/MiniRaftClusterWithSimulatedRpcf0957a56/s0 does not exist.
2019-09-24 17:01:46,197 INFO  ratis.MiniRaftCluster (MiniRaftCluster.java:newRaftServer(335)) - Formatted directory target/test/data/106c393e/MiniRaftClusterWithSimulatedRpcf0957a56/s0
2019-09-24 17:01:46,208 INFO  impl.RaftServerProxy (ConfUtils.java:logGet(43)) - raft.rpc.type = org.apache.ratis.server.simulation.SimulatedRpc (custom)
2019-09-24 17:01:46,232 INFO  server.RaftServerConfigKeys (ConfUtils.java:logGet(43)) - raft.server.storage.dir = [/workdir/ratis-test/target/test/data/106c393e/MiniRaftClusterWithSimulatedRpcf0957a56/s0] (custom)
2019-09-24 17:01:46,241 INFO  impl.RaftServerProxy (RaftServerProxy.java:addNew(89)) - s0: addNew group-018C702B48E5:[s0:0.0.0.0:34748, s1:0.0.0.0:43419, s2:0.0.0.0:39849] returns group-018C702B48E5:java.util.concurrent.CompletableFuture@233315f1[Not completed]
2019-09-24 17:01:46,241 INFO  ratis.MiniRaftCluster (MiniRaftCluster.java:newRaftServer(330)) - newRaftServer: s1, group-018C702B48E5:[s0:0.0.0.0:34748, s1:0.0.0.0:43419, s2:0.0.0.0:39849], format? true
2019-09-24 17:01:46,241 TRACE util.FileUtils (FileUtils.java:deleteFully(88)) - deleteFully target/test/data/106c393e/MiniRaftClusterWithSimulatedRpcf0957a56/s1
2019-09-24 17:01:46,242 TRACE util.FileUtils (FileUtils.java:deleteFully(104)) - deleteFully: target/test/data/106c393e/MiniRaftClusterWithSimulatedRpcf0957a56/s1 does not exist.
2019-09-24 17:01:46,242 INFO  ratis.MiniRaftCluster (MiniRaftCluster.java:newRaftServer(335)) - Formatted directory target/test/data/106c393e/MiniRaftClusterWithSimulatedRpcf0957a56/s1
2019-09-24 17:01:46,242 INFO  impl.RaftServerProxy (ConfUtils.java:logGet(43)) - raft.rpc.type = org.apache.ratis.server.simulation.SimulatedRpc (custom)
2019-09-24 17:01:46,243 INFO  server.RaftServerConfigKeys (ConfUtils.java:logGet(43)) - raft.server.storage.dir = [/workdir/ratis-test/target/test/data/106c393e/MiniRaftClusterWithSimulatedRpcf0957a56/s1] (custom)
2019-09-24 17:01:46,243 INFO  impl.RaftServerProxy (RaftServerProxy.java:addNew(89)) - s1: addNew group-018C702B48E5:[s0:0.0.0.0:34748, s1:0.0.0.0:43419, s2:0.0.0.0:39849] returns group-018C702B48E5:java.util.concurrent.CompletableFuture@3972b8b6[Not completed]
2019-09-24 17:01:46,244 INFO  ratis.MiniRaftCluster (MiniRaftCluster.java:newRaftServer(330)) - newRaftServer: s2, group-018C702B48E5:[s0:0.0.0.0:34748, s1:0.0.0.0:43419, s2:0.0.0.0:39849], format? true
2019-09-24 17:01:46,244 TRACE util.FileUtils (FileUtils.java:deleteFully(88)) - deleteFully target/test/data/106c393e/MiniRaftClusterWithSimulatedRpcf0957a56/s2
2019-09-24 17:01:46,244 TRACE util.FileUtils (FileUtils.java:deleteFully(104)) - deleteFully: target/test/data/106c393e/MiniRaftClusterWithSimulatedRpcf0957a56/s2 does not exist.
2019-09-24 17:01:46,244 INFO  ratis.MiniRaftCluster (MiniRaftCluster.java:newRaftServer(335)) - Formatted directory target/test/data/106c393e/MiniRaftClusterWithSimulatedRpcf0957a56/s2
2019-09-24 17:01:46,245 INFO  impl.RaftServerProxy (ConfUtils.java:logGet(43)) - raft.rpc.type = org.apache.ratis.server.simulation.SimulatedRpc (custom)
2019-09-24 17:01:46,245 INFO  server.RaftServerConfigKeys (ConfUtils.java:logGet(43)) - raft.server.storage.dir = [/workdir/ratis-test/target/test/data/106c393e/MiniRaftClusterWithSimulatedRpcf0957a56/s2] (custom)
2019-09-24 17:01:46,245 INFO  impl.RaftServerImpl (RaftServerImpl.java:<init>(95)) - s0: new RaftServerImpl for group-018C702B48E5:[s0:0.0.0.0:34748, s1:0.0.0.0:43419, s2:0.0.0.0:39849] with BaseStateMachine:uninitialized
2019-09-24 17:01:46,246 INFO  impl.RaftServerProxy (RaftServerProxy.java:addNew(89)) - s2: addNew group-018C702B48E5:[s0:0.0.0.0:34748, s1:0.0.0.0:43419, s2:0.0.0.0:39849] returns group-018C702B48E5:java.util.concurrent.CompletableFuture@1f4ada55[Not completed]
2019-09-24 17:01:46,245 INFO  impl.RaftServerImpl (RaftServerImpl.java:<init>(95)) - s1: new RaftServerImpl for group-018C702B48E5:[s0:0.0.0.0:34748, s1:0.0.0.0:43419, s2:0.0.0.0:39849] with BaseStateMachine:uninitialized
2019-09-24 17:01:46,246 INFO  impl.RaftServerImpl (RaftServerImpl.java:<init>(95)) - s2: new RaftServerImpl for group-018C702B48E5:[s0:0.0.0.0:34748, s1:0.0.0.0:43419, s2:0.0.0.0:39849] with BaseStateMachine:uninitialized
2019-09-24 17:01:46,256 INFO  server.RaftServerConfigKeys (ConfUtils.java:logGet(43)) - raft.server.rpc.timeout.min = 150ms (default)
2019-09-24 17:01:46,256 INFO  server.RaftServerConfigKeys (ConfUtils.java:logGet(43)) - raft.server.rpc.timeout.min = 150ms (default)
2019-09-24 17:01:46,256 INFO  server.RaftServerConfigKeys (ConfUtils.java:logGet(43)) - raft.server.rpc.timeout.min = 150ms (default)
2019-09-24 17:01:46,257 INFO  server.RaftServerConfigKeys (ConfUtils.java:logGet(43)) - raft.server.rpc.timeout.max = 300ms (default)
2019-09-24 17:01:46,257 INFO  server.RaftServerConfigKeys (ConfUtils.java:logGet(43)) - raft.server.rpc.timeout.max = 300ms (default)
2019-09-24 17:01:46,257 INFO  server.RaftServerConfigKeys (ConfUtils.java:logGet(43)) - raft.server.rpc.timeout.max = 300ms (default)
2019-09-24 17:01:46,258 INFO  server.RaftServerConfigKeys (ConfUtils.java:logGet(43)) - raft.server.rpcslowness.timeout = 60s (default)
2019-09-24 17:01:46,258 INFO  server.RaftServerConfigKeys (ConfUtils.java:logGet(43)) - raft.server.rpcslowness.timeout = 60s (default)
2019-09-24 17:01:46,258 INFO  server.RaftServerConfigKeys (ConfUtils.java:logGet(43)) - raft.server.rpcslowness.timeout = 60s (default)
2019-09-24 17:01:46,259 INFO  server.RaftServerConfigKeys (ConfUtils.java:logGet(43)) - raft.server.sleep.deviation.threshold = 300 (default)
2019-09-24 17:01:46,259 INFO  server.RaftServerConfigKeys (ConfUtils.java:logGet(43)) - raft.server.sleep.deviation.threshold = 300 (default)
2019-09-24 17:01:46,259 INFO  server.RaftServerConfigKeys (ConfUtils.java:logGet(43)) - raft.server.sleep.deviation.threshold = 300 (default)
2019-09-24 17:01:46,263 INFO  server.RaftServerConfigKeys (ConfUtils.java:logGet(43)) - raft.server.log.appender.install.snapshot.enabled = true (default)
2019-09-24 17:01:46,263 INFO  server.RaftServerConfigKeys (ConfUtils.java:logGet(43)) - raft.server.log.appender.install.snapshot.enabled = true (default)
2019-09-24 17:01:46,263 INFO  server.RaftServerConfigKeys (ConfUtils.java:logGet(43)) - raft.server.log.appender.install.snapshot.enabled = true (default)
2019-09-24 17:01:46,273 INFO  impl.RaftServerImpl (ServerState.java:<init>(103)) - s1@group-018C702B48E5: ConfigurationManager, init=-1: [s0:0.0.0.0:34748, s1:0.0.0.0:43419, s2:0.0.0.0:39849], old=null, confs=<EMPTY_MAP>
2019-09-24 17:01:46,273 INFO  impl.RaftServerImpl (ServerState.java:<init>(103)) - s0@group-018C702B48E5: ConfigurationManager, init=-1: [s0:0.0.0.0:34748, s1:0.0.0.0:43419, s2:0.0.0.0:39849], old=null, confs=<EMPTY_MAP>
2019-09-24 17:01:46,273 INFO  impl.RaftServerImpl (ServerState.java:<init>(103)) - s2@group-018C702B48E5: ConfigurationManager, init=-1: [s0:0.0.0.0:34748, s1:0.0.0.0:43419, s2:0.0.0.0:39849], old=null, confs=<EMPTY_MAP>
2019-09-24 17:01:46,273 INFO  server.RaftServerConfigKeys (ConfUtils.java:logGet(43)) - raft.server.storage.dir = [/workdir/ratis-test/target/test/data/106c393e/MiniRaftClusterWithSimulatedRpcf0957a56/s1] (custom)
2019-09-24 17:01:46,274 INFO  server.RaftServerConfigKeys (ConfUtils.java:logGet(43)) - raft.server.storage.dir = [/workdir/ratis-test/target/test/data/106c393e/MiniRaftClusterWithSimulatedRpcf0957a56/s0] (custom)
2019-09-24 17:01:46,274 INFO  server.RaftServerConfigKeys (ConfUtils.java:logGet(43)) - raft.server.storage.dir = [/workdir/ratis-test/target/test/data/106c393e/MiniRaftClusterWithSimulatedRpcf0957a56/s2] (custom)
2019-09-24 17:01:46,289 INFO  server.RaftServerConfigKeys (ConfUtils.java:logGet(43)) - raft.server.log.corruption.policy = EXCEPTION (default)
2019-09-24 17:01:46,289 INFO  server.RaftServerConfigKeys (ConfUtils.java:logGet(43)) - raft.server.log.corruption.policy = EXCEPTION (default)
2019-09-24 17:01:46,289 INFO  server.RaftServerConfigKeys (ConfUtils.java:logGet(43)) - raft.server.log.corruption.policy = EXCEPTION (default)
2019-09-24 17:01:46,291 INFO  storage.RaftStorageDirectory (RaftStorageDirectory.java:analyzeStorage(246)) - The storage directory /workdir/ratis-test/target/test/data/106c393e/MiniRaftClusterWithSimulatedRpcf0957a56/s0/a8ef8521-97ff-4354-8d63-018c702b48e5 does not exist. Creating ...
2019-09-24 17:01:46,291 INFO  storage.RaftStorageDirectory (RaftStorageDirectory.java:analyzeStorage(246)) - The storage directory /workdir/ratis-test/target/test/data/106c393e/MiniRaftClusterWithSimulatedRpcf0957a56/s2/a8ef8521-97ff-4354-8d63-018c702b48e5 does not exist. Creating ...
2019-09-24 17:01:46,291 INFO  storage.RaftStorageDirectory (RaftStorageDirectory.java:analyzeStorage(246)) - The storage directory /workdir/ratis-test/target/test/data/106c393e/MiniRaftClusterWithSimulatedRpcf0957a56/s1/a8ef8521-97ff-4354-8d63-018c702b48e5 does not exist. Creating ...
2019-09-24 17:01:46,295 TRACE util.FileUtils (LogUtils.java:runAndLog(61)) - Successfully ran Files.createDirectories /workdir/ratis-test/target/test/data/106c393e/MiniRaftClusterWithSimulatedRpcf0957a56/s1/a8ef8521-97ff-4354-8d63-018c702b48e5
2019-09-24 17:01:46,295 TRACE util.FileUtils (LogUtils.java:runAndLog(61)) - Successfully ran Files.createDirectories /workdir/ratis-test/target/test/data/106c393e/MiniRaftClusterWithSimulatedRpcf0957a56/s2/a8ef8521-97ff-4354-8d63-018c702b48e5
2019-09-24 17:01:46,295 TRACE util.FileUtils (LogUtils.java:runAndLog(61)) - Successfully ran Files.createDirectories /workdir/ratis-test/target/test/data/106c393e/MiniRaftClusterWithSimulatedRpcf0957a56/s0/a8ef8521-97ff-4354-8d63-018c702b48e5
2019-09-24 17:01:50,848 INFO  storage.RaftStorageDirectory (RaftStorageDirectory.java:tryLock(328)) - Lock on /workdir/ratis-test/target/test/data/106c393e/MiniRaftClusterWithSimulatedRpcf0957a56/s1/a8ef8521-97ff-4354-8d63-018c702b48e5/in_use.lock acquired by nodename 4739@ratis-test-vphbd-3564017154
2019-09-24 17:01:50,848 INFO  storage.RaftStorageDirectory (RaftStorageDirectory.java:tryLock(328)) - Lock on /workdir/ratis-test/target/test/data/106c393e/MiniRaftClusterWithSimulatedRpcf0957a56/s2/a8ef8521-97ff-4354-8d63-018c702b48e5/in_use.lock acquired by nodename 4739@ratis-test-vphbd-3564017154
2019-09-24 17:01:50,848 INFO  storage.RaftStorageDirectory (RaftStorageDirectory.java:tryLock(328)) - Lock on /workdir/ratis-test/target/test/data/106c393e/MiniRaftClusterWithSimulatedRpcf0957a56/s0/a8ef8521-97ff-4354-8d63-018c702b48e5/in_use.lock acquired by nodename 4739@ratis-test-vphbd-3564017154
2019-09-24 17:01:50,850 TRACE util.FileUtils (LogUtils.java:runAndLog(61)) - Successfully ran Files.createDirectories /workdir/ratis-test/target/test/data/106c393e/MiniRaftClusterWithSimulatedRpcf0957a56/s0/a8ef8521-97ff-4354-8d63-018c702b48e5/current
2019-09-24 17:01:50,850 TRACE util.FileUtils (LogUtils.java:runAndLog(61)) - Successfully ran Files.createDirectories /workdir/ratis-test/target/test/data/106c393e/MiniRaftClusterWithSimulatedRpcf0957a56/s1/a8ef8521-97ff-4354-8d63-018c702b48e5/current
2019-09-24 17:01:50,850 TRACE util.FileUtils (LogUtils.java:runAndLog(61)) - Successfully ran Files.createDirectories /workdir/ratis-test/target/test/data/106c393e/MiniRaftClusterWithSimulatedRpcf0957a56/s0/a8ef8521-97ff-4354-8d63-018c702b48e5/sm
2019-09-24 17:01:50,850 TRACE util.FileUtils (LogUtils.java:runAndLog(61)) - Successfully ran Files.createDirectories /workdir/ratis-test/target/test/data/106c393e/MiniRaftClusterWithSimulatedRpcf0957a56/s1/a8ef8521-97ff-4354-8d63-018c702b48e5/sm
2019-09-24 17:01:50,851 TRACE util.FileUtils (LogUtils.java:runAndLog(61)) - Successfully ran Files.createDirectories /workdir/ratis-test/target/test/data/106c393e/MiniRaftClusterWithSimulatedRpcf0957a56/s2/a8ef8521-97ff-4354-8d63-018c702b48e5/current
2019-09-24 17:01:50,852 TRACE util.FileUtils (LogUtils.java:runAndLog(61)) - Successfully ran Files.createDirectories /workdir/ratis-test/target/test/data/106c393e/MiniRaftClusterWithSimulatedRpcf0957a56/s2/a8ef8521-97ff-4354-8d63-018c702b48e5/sm
2019-09-24 17:01:51,372 INFO  storage.RaftStorage (RaftStorage.java:format(84)) - Storage directory /workdir/ratis-test/target/test/data/106c393e/MiniRaftClusterWithSimulatedRpcf0957a56/s1/a8ef8521-97ff-4354-8d63-018c702b48e5 has been successfully formatted.
2019-09-24 17:01:51,372 INFO  storage.RaftStorage (RaftStorage.java:format(84)) - Storage directory /workdir/ratis-test/target/test/data/106c393e/MiniRaftClusterWithSimulatedRpcf0957a56/s2/a8ef8521-97ff-4354-8d63-018c702b48e5 has been successfully formatted.
2019-09-24 17:01:51,372 INFO  storage.RaftStorage (RaftStorage.java:format(84)) - Storage directory /workdir/ratis-test/target/test/data/106c393e/MiniRaftClusterWithSimulatedRpcf0957a56/s0/a8ef8521-97ff-4354-8d63-018c702b48e5 has been successfully formatted.
2019-09-24 17:01:51,377 INFO  server.RaftServerConfigKeys (ConfUtils.java:logGet(43)) - raft.server.notification.no-leader.timeout = 60s (default)
2019-09-24 17:01:51,377 INFO  server.RaftServerConfigKeys (ConfUtils.java:logGet(43)) - raft.server.notification.no-leader.timeout = 60s (default)
2019-09-24 17:01:51,377 INFO  server.RaftServerConfigKeys (ConfUtils.java:logGet(43)) - raft.server.notification.no-leader.timeout = 60s (default)
2019-09-24 17:01:51,382 INFO  server.RaftServerConfigKeys (ConfUtils.java:logGet(43)) - raft.server.log.use.memory = false (default)
2019-09-24 17:01:51,382 INFO  server.RaftServerConfigKeys (ConfUtils.java:logGet(43)) - raft.server.log.use.memory = false (default)
2019-09-24 17:01:51,382 INFO  server.RaftServerConfigKeys (ConfUtils.java:logGet(43)) - raft.server.log.use.memory = false (default)
2019-09-24 17:01:51,396 INFO  server.RaftServerConfigKeys (ConfUtils.java:logGet(43)) - raft.server.log.purge.gap = 1024 (default)
2019-09-24 17:01:51,396 INFO  server.RaftServerConfigKeys (ConfUtils.java:logGet(43)) - raft.server.log.purge.gap = 1024 (default)
2019-09-24 17:01:51,396 INFO  server.RaftServerConfigKeys (ConfUtils.java:logGet(43)) - raft.server.log.purge.gap = 1024 (default)
2019-09-24 17:01:51,397 INFO  server.RaftServerConfigKeys (ConfUtils.java:logGet(43)) - raft.server.log.appender.buffer.byte-limit = 4MB (=4194304) (default)
2019-09-24 17:01:51,397 INFO  server.RaftServerConfigKeys (ConfUtils.java:logGet(43)) - raft.server.log.appender.buffer.byte-limit = 4MB (=4194304) (default)
2019-09-24 17:01:51,397 INFO  server.RaftServerConfigKeys (ConfUtils.java:logGet(43)) - raft.server.log.appender.buffer.byte-limit = 4MB (=4194304) (default)
2019-09-24 17:01:51,404 INFO  server.RaftServerConfigKeys (ConfUtils.java:logGet(43)) - raft.server.log.segment.size.max = 8MB (=8388608) (default)
2019-09-24 17:01:51,404 INFO  server.RaftServerConfigKeys (ConfUtils.java:logGet(43)) - raft.server.log.segment.size.max = 8MB (=8388608) (default)
2019-09-24 17:01:51,404 INFO  server.RaftServerConfigKeys (ConfUtils.java:logGet(43)) - raft.server.log.segment.size.max = 8MB (=8388608) (default)
2019-09-24 17:01:51,413 INFO  server.RaftServerConfigKeys (ConfUtils.java:logGet(43)) - raft.server.log.segment.cache.num.max = 6 (default)
2019-09-24 17:01:51,413 INFO  server.RaftServerConfigKeys (ConfUtils.java:logGet(43)) - raft.server.log.segment.cache.num.max = 6 (default)
2019-09-24 17:01:51,413 INFO  server.RaftServerConfigKeys (ConfUtils.java:logGet(43)) - raft.server.log.segment.cache.num.max = 6 (default)
2019-09-24 17:01:51,423 INFO  segmented.SegmentedRaftLogWorker (SegmentedRaftLogWorker.java:<init>(172)) - new s0@group-018C702B48E5-SegmentedRaftLogWorker for RaftStorage:Storage Directory /workdir/ratis-test/target/test/data/106c393e/MiniRaftClusterWithSimulatedRpcf0957a56/s0/a8ef8521-97ff-4354-8d63-018c702b48e5
2019-09-24 17:01:51,423 INFO  segmented.SegmentedRaftLogWorker (SegmentedRaftLogWorker.java:<init>(172)) - new s2@group-018C702B48E5-SegmentedRaftLogWorker for RaftStorage:Storage Directory /workdir/ratis-test/target/test/data/106c393e/MiniRaftClusterWithSimulatedRpcf0957a56/s2/a8ef8521-97ff-4354-8d63-018c702b48e5
2019-09-24 17:01:51,423 INFO  segmented.SegmentedRaftLogWorker (SegmentedRaftLogWorker.java:<init>(172)) - new s1@group-018C702B48E5-SegmentedRaftLogWorker for RaftStorage:Storage Directory /workdir/ratis-test/target/test/data/106c393e/MiniRaftClusterWithSimulatedRpcf0957a56/s1/a8ef8521-97ff-4354-8d63-018c702b48e5
2019-09-24 17:01:51,511 WARN  impl.MetricsConfig (MetricsConfig.java:loadFirst(124)) - Cannot locate configuration: tried hadoop-metrics2-ratis.properties,hadoop-metrics2.properties
2019-09-24 17:01:51,613 INFO  impl.MetricsSystemImpl (MetricsSystemImpl.java:startTimer(376)) - Scheduled snapshot period at 10 second(s).
2019-09-24 17:01:51,613 INFO  impl.MetricsSystemImpl (MetricsSystemImpl.java:start(191)) - ratis metrics system started
2019-09-24 17:01:51,621 INFO  metrics.MetricRegistries (MetricRegistriesLoader.java:load(64)) - Loaded MetricRegistries class org.apache.ratis.metrics.impl.MetricRegistriesImpl
2019-09-24 17:01:51,672 INFO  server.RaftServerConfigKeys (ConfUtils.java:logGet(43)) - raft.server.log.queue.byte-limit = 64MB (=67108864) (default)
2019-09-24 17:01:51,673 INFO  server.RaftServerConfigKeys (ConfUtils.java:logGet(43)) - raft.server.log.queue.element-limit = 4096 (default)
2019-09-24 17:01:51,674 INFO  server.RaftServerConfigKeys (ConfUtils.java:logGet(43)) - raft.server.log.queue.byte-limit = 64MB (=67108864) (default)
2019-09-24 17:01:51,674 INFO  server.RaftServerConfigKeys (ConfUtils.java:logGet(43)) - raft.server.log.queue.byte-limit = 64MB (=67108864) (default)
2019-09-24 17:01:51,674 INFO  server.RaftServerConfigKeys (ConfUtils.java:logGet(43)) - raft.server.log.queue.element-limit = 4096 (default)
2019-09-24 17:01:51,675 INFO  server.RaftServerConfigKeys (ConfUtils.java:logGet(43)) - raft.server.log.queue.element-limit = 4096 (default)
2019-09-24 17:01:51,676 INFO  server.RaftServerConfigKeys (ConfUtils.java:logGet(43)) - raft.server.log.segment.size.max = 8MB (=8388608) (default)
2019-09-24 17:01:51,676 INFO  server.RaftServerConfigKeys (ConfUtils.java:logGet(43)) - raft.server.log.segment.size.max = 8MB (=8388608) (default)
2019-09-24 17:01:51,676 INFO  server.RaftServerConfigKeys (ConfUtils.java:logGet(43)) - raft.server.log.segment.size.max = 8MB (=8388608) (default)
2019-09-24 17:01:51,677 INFO  server.RaftServerConfigKeys (ConfUtils.java:logGet(43)) - raft.server.log.preallocated.size = 4MB (=4194304) (default)
2019-09-24 17:01:51,677 INFO  server.RaftServerConfigKeys (ConfUtils.java:logGet(43)) - raft.server.log.preallocated.size = 4MB (=4194304) (default)
2019-09-24 17:01:51,677 INFO  server.RaftServerConfigKeys (ConfUtils.java:logGet(43)) - raft.server.log.preallocated.size = 4MB (=4194304) (default)
2019-09-24 17:01:51,677 INFO  server.RaftServerConfigKeys (ConfUtils.java:logGet(43)) - raft.server.log.write.buffer.size = 64KB (=65536) (default)
2019-09-24 17:01:51,678 INFO  server.RaftServerConfigKeys (ConfUtils.java:logGet(43)) - raft.server.log.write.buffer.size = 64KB (=65536) (default)
2019-09-24 17:01:51,678 INFO  server.RaftServerConfigKeys (ConfUtils.java:logGet(43)) - raft.server.log.write.buffer.size = 64KB (=65536) (default)
2019-09-24 17:01:51,678 INFO  server.RaftServerConfigKeys (ConfUtils.java:logGet(43)) - raft.server.log.force.sync.num = 128 (default)
2019-09-24 17:01:51,678 INFO  server.RaftServerConfigKeys (ConfUtils.java:logGet(43)) - raft.server.log.force.sync.num = 128 (default)
2019-09-24 17:01:51,678 INFO  server.RaftServerConfigKeys (ConfUtils.java:logGet(43)) - raft.server.log.force.sync.num = 128 (default)
2019-09-24 17:01:51,680 INFO  server.RaftServerConfigKeys (ConfUtils.java:logGet(43)) - raft.server.log.statemachine.data.sync = true (default)
2019-09-24 17:01:51,680 INFO  server.RaftServerConfigKeys (ConfUtils.java:logGet(43)) - raft.server.log.statemachine.data.sync = true (default)
2019-09-24 17:01:51,680 INFO  server.RaftServerConfigKeys (ConfUtils.java:logGet(43)) - raft.server.log.statemachine.data.sync = true (default)
2019-09-24 17:01:51,680 INFO  server.RaftServerConfigKeys (ConfUtils.java:logGet(43)) - raft.server.log.statemachine.data.sync.timeout = 10s (default)
2019-09-24 17:01:51,680 INFO  server.RaftServerConfigKeys (ConfUtils.java:logGet(43)) - raft.server.log.statemachine.data.sync.timeout = 10s (default)
2019-09-24 17:01:51,680 INFO  server.RaftServerConfigKeys (ConfUtils.java:logGet(43)) - raft.server.log.statemachine.data.sync.timeout = 10s (default)
2019-09-24 17:01:51,681 INFO  server.RaftServerConfigKeys (ConfUtils.java:logGet(43)) - raft.server.log.statemachine.data.sync.timeout.retry = -1 (default)
2019-09-24 17:01:51,681 INFO  server.RaftServerConfigKeys (ConfUtils.java:logGet(43)) - raft.server.log.statemachine.data.sync.timeout.retry = -1 (default)
2019-09-24 17:01:51,681 INFO  server.RaftServerConfigKeys (ConfUtils.java:logGet(43)) - raft.server.log.statemachine.data.sync.timeout.retry = -1 (default)
2019-09-24 17:01:51,695 INFO  server.RaftServerConfigKeys (ConfUtils.java:logGet(43)) - raft.server.log.statemachine.data.caching.enabled = false (default)
2019-09-24 17:01:51,695 INFO  server.RaftServerConfigKeys (ConfUtils.java:logGet(43)) - raft.server.log.statemachine.data.caching.enabled = false (default)
2019-09-24 17:01:51,695 INFO  server.RaftServerConfigKeys (ConfUtils.java:logGet(43)) - raft.server.log.statemachine.data.caching.enabled = false (default)
2019-09-24 17:01:51,702 INFO  segmented.SegmentedRaftLogWorker (SegmentedRaftLogWorker.java:lambda$new$0(132)) - s0@group-018C702B48E5-SegmentedRaftLogWorker: flushIndex: setUnconditionally 0 -> -1
2019-09-24 17:01:51,702 INFO  segmented.SegmentedRaftLogWorker (SegmentedRaftLogWorker.java:lambda$new$0(132)) - s2@group-018C702B48E5-SegmentedRaftLogWorker: flushIndex: setUnconditionally 0 -> -1
2019-09-24 17:01:51,702 INFO  segmented.SegmentedRaftLogWorker (SegmentedRaftLogWorker.java:lambda$new$0(132)) - s1@group-018C702B48E5-SegmentedRaftLogWorker: flushIndex: setUnconditionally 0 -> -1
2019-09-24 17:01:51,707 INFO  server.RaftServerConfigKeys (ConfUtils.java:logGet(43)) - raft.server.snapshot.auto.trigger.enabled = false (default)
2019-09-24 17:01:51,707 INFO  server.RaftServerConfigKeys (ConfUtils.java:logGet(43)) - raft.server.snapshot.auto.trigger.enabled = false (default)
2019-09-24 17:01:51,707 INFO  server.RaftServerConfigKeys (ConfUtils.java:logGet(43)) - raft.server.snapshot.auto.trigger.enabled = false (default)
2019-09-24 17:01:51,707 INFO  server.RaftServerConfigKeys (ConfUtils.java:logGet(43)) - raft.server.snapshot.retention.file.num = -1 (default)
2019-09-24 17:01:51,707 INFO  server.RaftServerConfigKeys (ConfUtils.java:logGet(43)) - raft.server.snapshot.retention.file.num = -1 (default)
2019-09-24 17:01:51,707 INFO  server.RaftServerConfigKeys (ConfUtils.java:logGet(43)) - raft.server.snapshot.retention.file.num = -1 (default)
2019-09-24 17:01:51,708 INFO  server.RaftServerConfigKeys (ConfUtils.java:logGet(43)) - raft.server.retrycache.expirytime = 60s (default)
2019-09-24 17:01:51,708 INFO  server.RaftServerConfigKeys (ConfUtils.java:logGet(43)) - raft.server.retrycache.expirytime = 60s (default)
2019-09-24 17:01:51,708 INFO  server.RaftServerConfigKeys (ConfUtils.java:logGet(43)) - raft.server.retrycache.expirytime = 60s (default)
2019-09-24 17:01:51,736 INFO  impl.RaftServerImpl (RaftServerImpl.java:start(181)) - s0@group-018C702B48E5: start as a follower, conf=-1: [s0:0.0.0.0:34748, s1:0.0.0.0:43419, s2:0.0.0.0:39849], old=null
2019-09-24 17:01:51,740 INFO  impl.RaftServerImpl (RaftServerImpl.java:setRole(170)) - s0@group-018C702B48E5: changes role from      null to FOLLOWER at term 0 for startAsFollower
2019-09-24 17:01:51,742 INFO  impl.RoleInfo (RoleInfo.java:updateAndGet(143)) - s0: start FollowerState
2019-09-24 17:01:51,746 INFO  util.JmxRegister (JmxRegister.java:tryRegister(44)) - Successfully registered JMX Bean with object name Ratis:service=RaftServer,group=group-018C702B48E5,id=s0
2019-09-24 17:01:51,759 INFO  impl.RaftServerProxy (RaftServerProxy.java:lambda$start$3(299)) - s0: start RPC server
2019-09-24 17:01:51,761 INFO  impl.RaftServerImpl (RaftServerImpl.java:start(181)) - s1@group-018C702B48E5: start as a follower, conf=-1: [s0:0.0.0.0:34748, s1:0.0.0.0:43419, s2:0.0.0.0:39849], old=null
2019-09-24 17:01:51,761 INFO  impl.RaftServerImpl (RaftServerImpl.java:setRole(170)) - s1@group-018C702B48E5: changes role from      null to FOLLOWER at term 0 for startAsFollower
2019-09-24 17:01:51,762 INFO  impl.RoleInfo (RoleInfo.java:updateAndGet(143)) - s1: start FollowerState
2019-09-24 17:01:51,762 INFO  util.JmxRegister (JmxRegister.java:tryRegister(44)) - Successfully registered JMX Bean with object name Ratis:service=RaftServer,group=group-018C702B48E5,id=s1
2019-09-24 17:01:51,770 INFO  impl.RaftServerProxy (RaftServerProxy.java:lambda$start$3(299)) - s1: start RPC server
2019-09-24 17:01:51,771 INFO  impl.RaftServerImpl (RaftServerImpl.java:start(181)) - s2@group-018C702B48E5: start as a follower, conf=-1: [s0:0.0.0.0:34748, s1:0.0.0.0:43419, s2:0.0.0.0:39849], old=null
2019-09-24 17:01:51,771 INFO  impl.RaftServerImpl (RaftServerImpl.java:setRole(170)) - s2@group-018C702B48E5: changes role from      null to FOLLOWER at term 0 for startAsFollower
2019-09-24 17:01:51,772 INFO  impl.RoleInfo (RoleInfo.java:updateAndGet(143)) - s2: start FollowerState
2019-09-24 17:01:51,772 INFO  util.JmxRegister (JmxRegister.java:tryRegister(44)) - Successfully registered JMX Bean with object name Ratis:service=RaftServer,group=group-018C702B48E5,id=s2
2019-09-24 17:01:51,778 INFO  impl.RaftServerProxy (RaftServerProxy.java:lambda$start$3(299)) - s2: start RPC server
2019-09-24 17:01:51,781 INFO  server.RaftServerConfigKeys (ConfUtils.java:logGet(43)) - raft.server.rpc.timeout.max = 300ms (default)
2019-09-24 17:01:51,785 INFO  ratis.RaftTestUtil (RaftTestUtil.java:waitForLeader(86)) - printing ALL groups
  s0:  RUNNING  FOLLOWER s0@group-018C702B48E5:t0, leader=null, voted=null, raftlog=s0@group-018C702B48E5-SegmentedRaftLog:OPENED:c-1,f-1,i0, conf=-1: [s0:0.0.0.0:34748, s1:0.0.0.0:43419, s2:0.0.0.0:39849], old=null RUNNING
  s1:  RUNNING  FOLLOWER s1@group-018C702B48E5:t0, leader=null, voted=null, raftlog=s1@group-018C702B48E5-SegmentedRaftLog:OPENED:c-1,f-1,i0, conf=-1: [s0:0.0.0.0:34748, s1:0.0.0.0:43419, s2:0.0.0.0:39849], old=null RUNNING
  s2:  RUNNING  FOLLOWER s2@group-018C702B48E5:t0, leader=null, voted=null, raftlog=s2@group-018C702B48E5-SegmentedRaftLog:OPENED:c-1,f-1,i0, conf=-1: [s0:0.0.0.0:34748, s1:0.0.0.0:43419, s2:0.0.0.0:39849], old=null RUNNING
2019-09-24 17:01:51,792 WARN  ratis.RaftTestUtil (JavaUtils.java:attempt(158)) - FAILED "waitForLeader-null-(expectLeader? true)", attempt #1/100: java.lang.IllegalStateException: No leader yet : printing ALL groups
  s0:  RUNNING  FOLLOWER s0@group-018C702B48E5:t0, leader=null, voted=null, raftlog=s0@group-018C702B48E5-SegmentedRaftLog:OPENED:c-1,f-1,i0, conf=-1: [s0:0.0.0.0:34748, s1:0.0.0.0:43419, s2:0.0.0.0:39849], old=null RUNNING
  s1:  RUNNING  FOLLOWER s1@group-018C702B48E5:t0, leader=null, voted=null, raftlog=s1@group-018C702B48E5-SegmentedRaftLog:OPENED:c-1,f-1,i0, conf=-1: [s0:0.0.0.0:34748, s1:0.0.0.0:43419, s2:0.0.0.0:39849], old=null RUNNING
  s2:  RUNNING  FOLLOWER s2@group-018C702B48E5:t0, leader=null, voted=null, raftlog=s2@group-018C702B48E5-SegmentedRaftLog:OPENED:c-1,f-1,i0, conf=-1: [s0:0.0.0.0:34748, s1:0.0.0.0:43419, s2:0.0.0.0:39849], old=null RUNNING, sleep 450ms and then retry.
java.lang.IllegalStateException: No leader yet : printing ALL groups
  s0:  RUNNING  FOLLOWER s0@group-018C702B48E5:t0, leader=null, voted=null, raftlog=s0@group-018C702B48E5-SegmentedRaftLog:OPENED:c-1,f-1,i0, conf=-1: [s0:0.0.0.0:34748, s1:0.0.0.0:43419, s2:0.0.0.0:39849], old=null RUNNING
  s1:  RUNNING  FOLLOWER s1@group-018C702B48E5:t0, leader=null, voted=null, raftlog=s1@group-018C702B48E5-SegmentedRaftLog:OPENED:c-1,f-1,i0, conf=-1: [s0:0.0.0.0:34748, s1:0.0.0.0:43419, s2:0.0.0.0:39849], old=null RUNNING
  s2:  RUNNING  FOLLOWER s2@group-018C702B48E5:t0, leader=null, voted=null, raftlog=s2@group-018C702B48E5-SegmentedRaftLog:OPENED:c-1,f-1,i0, conf=-1: [s0:0.0.0.0:34748, s1:0.0.0.0:43419, s2:0.0.0.0:39849], old=null RUNNING
	at org.apache.ratis.MiniRaftCluster.newIllegalStateExceptionForNoLeaders(MiniRaftCluster.java:506)
	at org.apache.ratis.RaftTestUtil.lambda$waitForLeader$1(RaftTestUtil.java:90)
	at org.apache.ratis.MiniRaftCluster.getLeader(MiniRaftCluster.java:539)
	at org.apache.ratis.MiniRaftCluster.getLeader(MiniRaftCluster.java:532)
	at org.apache.ratis.RaftTestUtil.lambda$waitForLeader$3(RaftTestUtil.java:98)
	at org.apache.ratis.util.JavaUtils.attempt(JavaUtils.java:152)
	at org.apache.ratis.RaftTestUtil.waitForLeader(RaftTestUtil.java:97)
	at org.apache.ratis.RaftTestUtil.waitForLeader(RaftTestUtil.java:77)
	at org.apache.ratis.RaftTestUtil.waitForLeader(RaftTestUtil.java:72)
	at org.apache.ratis.server.impl.RaftReconfigurationBaseTest.runTestNoChangeRequest(RaftReconfigurationBaseTest.java:394)
	at org.apache.ratis.MiniRaftCluster$Factory$Get.runWithNewCluster(MiniRaftCluster.java:125)
	at org.apache.ratis.MiniRaftCluster$Factory$Get.runWithNewCluster(MiniRaftCluster.java:113)
	at org.apache.ratis.server.impl.RaftReconfigurationBaseTest.testNoChangeRequest(RaftReconfigurationBaseTest.java:390)
	at sun.reflect.NativeMethodAccessorImpl.invoke0(Native Method)
	at sun.reflect.NativeMethodAccessorImpl.invoke(NativeMethodAccessorImpl.java:62)
	at sun.reflect.DelegatingMethodAccessorImpl.invoke(DelegatingMethodAccessorImpl.java:43)
	at java.lang.reflect.Method.invoke(Method.java:498)
	at org.junit.runners.model.FrameworkMethod$1.runReflectiveCall(FrameworkMethod.java:50)
	at org.junit.internal.runners.model.ReflectiveCallable.run(ReflectiveCallable.java:12)
	at org.junit.runners.model.FrameworkMethod.invokeExplosively(FrameworkMethod.java:47)
	at org.junit.internal.runners.statements.InvokeMethod.evaluate(InvokeMethod.java:17)
	at org.junit.internal.runners.statements.RunAfters.evaluate(RunAfters.java:27)
	at org.junit.internal.runners.statements.FailOnTimeout$CallableStatement.call(FailOnTimeout.java:298)
	at org.junit.internal.runners.statements.FailOnTimeout$CallableStatement.call(FailOnTimeout.java:292)
	at java.util.concurrent.FutureTask.run(FutureTask.java:266)
	at java.lang.Thread.run(Thread.java:748)
2019-09-24 17:01:51,950 INFO  impl.FollowerState (FollowerState.java:run(108)) - s2@group-018C702B48E5-FollowerState: change to CANDIDATE, lastRpcTime:178ms, electionTimeout:178ms
2019-09-24 17:01:51,953 INFO  impl.RoleInfo (RoleInfo.java:shutdownFollowerState(121)) - s2: shutdown FollowerState
2019-09-24 17:01:51,953 INFO  impl.RaftServerImpl (RaftServerImpl.java:setRole(170)) - s2@group-018C702B48E5: changes role from  FOLLOWER to CANDIDATE at term 0 for changeToCandidate
2019-09-24 17:01:51,954 INFO  impl.FollowerState (FollowerState.java:run(108)) - s0@group-018C702B48E5-FollowerState: change to CANDIDATE, lastRpcTime:212ms, electionTimeout:211ms
2019-09-24 17:01:51,954 INFO  impl.RoleInfo (RoleInfo.java:shutdownFollowerState(121)) - s0: shutdown FollowerState
2019-09-24 17:01:51,955 INFO  impl.RaftServerImpl (RaftServerImpl.java:setRole(170)) - s0@group-018C702B48E5: changes role from  FOLLOWER to CANDIDATE at term 0 for changeToCandidate
2019-09-24 17:01:51,957 INFO  impl.RoleInfo (RoleInfo.java:updateAndGet(143)) - s0: start LeaderElection
2019-09-24 17:01:51,957 INFO  impl.RoleInfo (RoleInfo.java:updateAndGet(143)) - s2: start LeaderElection
2019-09-24 17:01:51,977 INFO  impl.FollowerState (FollowerState.java:run(108)) - s1@group-018C702B48E5-FollowerState: change to CANDIDATE, lastRpcTime:215ms, electionTimeout:215ms
2019-09-24 17:01:51,978 INFO  impl.RoleInfo (RoleInfo.java:shutdownFollowerState(121)) - s1: shutdown FollowerState
2019-09-24 17:01:51,978 INFO  impl.RaftServerImpl (RaftServerImpl.java:setRole(170)) - s1@group-018C702B48E5: changes role from  FOLLOWER to CANDIDATE at term 0 for changeToCandidate
2019-09-24 17:01:51,978 INFO  impl.RoleInfo (RoleInfo.java:updateAndGet(143)) - s1: start LeaderElection
2019-09-24 17:01:51,989 INFO  impl.LeaderElection (LeaderElection.java:askForVotes(178)) - s0@group-018C702B48E5-LeaderElection2: begin an election at term 1 for -1: [s0:0.0.0.0:34748, s1:0.0.0.0:43419, s2:0.0.0.0:39849], old=null
2019-09-24 17:01:51,989 INFO  impl.LeaderElection (LeaderElection.java:askForVotes(178)) - s2@group-018C702B48E5-LeaderElection1: begin an election at term 1 for -1: [s0:0.0.0.0:34748, s1:0.0.0.0:43419, s2:0.0.0.0:39849], old=null
2019-09-24 17:01:52,018 INFO  impl.LeaderElection (LeaderElection.java:askForVotes(178)) - s1@group-018C702B48E5-LeaderElection3: begin an election at term 1 for -1: [s0:0.0.0.0:34748, s1:0.0.0.0:43419, s2:0.0.0.0:39849], old=null
2019-09-24 17:01:52,043 DEBUG impl.RaftServerImpl (RaftServerImpl.java:requestVote(743)) - s1@group-018C702B48E5: receive requestVote(s0, group-018C702B48E5, 1, (t:0, i:0))
2019-09-24 17:01:52,043 DEBUG impl.RaftServerImpl (RaftServerImpl.java:requestVote(743)) - s1@group-018C702B48E5: receive requestVote(s2, group-018C702B48E5, 1, (t:0, i:0))
2019-09-24 17:01:52,043 DEBUG impl.RaftServerImpl (RaftServerImpl.java:requestVote(743)) - s0@group-018C702B48E5: receive requestVote(s2, group-018C702B48E5, 1, (t:0, i:0))
2019-09-24 17:01:52,043 DEBUG impl.RaftServerImpl (RaftServerImpl.java:requestVote(743)) - s2@group-018C702B48E5: receive requestVote(s0, group-018C702B48E5, 1, (t:0, i:0))
2019-09-24 17:01:52,043 DEBUG impl.RaftServerImpl (RaftServerImpl.java:requestVote(743)) - s2@group-018C702B48E5: receive requestVote(s1, group-018C702B48E5, 1, (t:0, i:0))
2019-09-24 17:01:52,043 DEBUG impl.RaftServerImpl (RaftServerImpl.java:requestVote(743)) - s0@group-018C702B48E5: receive requestVote(s1, group-018C702B48E5, 1, (t:0, i:0))
2019-09-24 17:01:52,050 DEBUG impl.RaftServerImpl (RaftServerImpl.java:requestVote(775)) - s1@group-018C702B48E5 replies to vote request: s0<-s1#0:FAIL-t1. Peer's state: s1@group-018C702B48E5:t1, leader=null, voted=s1, raftlog=s1@group-018C702B48E5-SegmentedRaftLog:OPENED:c-1,f-1,i0, conf=-1: [s0:0.0.0.0:34748, s1:0.0.0.0:43419, s2:0.0.0.0:39849], old=null
2019-09-24 17:01:52,050 DEBUG impl.RaftServerImpl (RaftServerImpl.java:requestVote(775)) - s2@group-018C702B48E5 replies to vote request: s0<-s2#0:FAIL-t1. Peer's state: s2@group-018C702B48E5:t1, leader=null, voted=s2, raftlog=s2@group-018C702B48E5-SegmentedRaftLog:OPENED:c-1,f-1,i0, conf=-1: [s0:0.0.0.0:34748, s1:0.0.0.0:43419, s2:0.0.0.0:39849], old=null
2019-09-24 17:01:52,050 DEBUG impl.RaftServerImpl (RaftServerImpl.java:requestVote(775)) - s0@group-018C702B48E5 replies to vote request: s2<-s0#0:FAIL-t1. Peer's state: s0@group-018C702B48E5:t1, leader=null, voted=s0, raftlog=s0@group-018C702B48E5-SegmentedRaftLog:OPENED:c-1,f-1,i0, conf=-1: [s0:0.0.0.0:34748, s1:0.0.0.0:43419, s2:0.0.0.0:39849], old=null
2019-09-24 17:01:52,051 DEBUG impl.RaftServerImpl (RaftServerImpl.java:requestVote(775)) - s2@group-018C702B48E5 replies to vote request: s1<-s2#0:FAIL-t1. Peer's state: s2@group-018C702B48E5:t1, leader=null, voted=s2, raftlog=s2@group-018C702B48E5-SegmentedRaftLog:OPENED:c-1,f-1,i0, conf=-1: [s0:0.0.0.0:34748, s1:0.0.0.0:43419, s2:0.0.0.0:39849], old=null
2019-09-24 17:01:52,051 DEBUG impl.RaftServerImpl (RaftServerImpl.java:requestVote(775)) - s1@group-018C702B48E5 replies to vote request: s2<-s1#0:FAIL-t1. Peer's state: s1@group-018C702B48E5:t1, leader=null, voted=s1, raftlog=s1@group-018C702B48E5-SegmentedRaftLog:OPENED:c-1,f-1,i0, conf=-1: [s0:0.0.0.0:34748, s1:0.0.0.0:43419, s2:0.0.0.0:39849], old=null
2019-09-24 17:01:52,051 DEBUG impl.RaftServerImpl (RaftServerImpl.java:requestVote(775)) - s0@group-018C702B48E5 replies to vote request: s1<-s0#0:FAIL-t1. Peer's state: s0@group-018C702B48E5:t1, leader=null, voted=s0, raftlog=s0@group-018C702B48E5-SegmentedRaftLog:OPENED:c-1,f-1,i0, conf=-1: [s0:0.0.0.0:34748, s1:0.0.0.0:43419, s2:0.0.0.0:39849], old=null
2019-09-24 17:01:52,068 INFO  impl.LeaderElection (LeaderElection.java:logAndReturn(56)) - s0@group-018C702B48E5-LeaderElection2: Election REJECTED; received 2 response(s) [s0<-s1#0:FAIL-t1, s0<-s2#0:FAIL-t1] and 0 exception(s); s0@group-018C702B48E5:t1, leader=null, voted=s0, raftlog=s0@group-018C702B48E5-SegmentedRaftLog:OPENED:c-1,f-1,i0, conf=-1: [s0:0.0.0.0:34748, s1:0.0.0.0:43419, s2:0.0.0.0:39849], old=null
2019-09-24 17:01:52,070 INFO  impl.LeaderElection (LeaderElection.java:logAndReturn(56)) - s1@group-018C702B48E5-LeaderElection3: Election REJECTED; received 2 response(s) [s1<-s0#0:FAIL-t1, s1<-s2#0:FAIL-t1] and 0 exception(s); s1@group-018C702B48E5:t1, leader=null, voted=s1, raftlog=s1@group-018C702B48E5-SegmentedRaftLog:OPENED:c-1,f-1,i0, conf=-1: [s0:0.0.0.0:34748, s1:0.0.0.0:43419, s2:0.0.0.0:39849], old=null
2019-09-24 17:01:52,071 INFO  impl.LeaderElection (LeaderElection.java:logAndReturn(56)) - s2@group-018C702B48E5-LeaderElection1: Election REJECTED; received 2 response(s) [s2<-s0#0:FAIL-t1, s2<-s1#0:FAIL-t1] and 0 exception(s); s2@group-018C702B48E5:t1, leader=null, voted=s2, raftlog=s2@group-018C702B48E5-SegmentedRaftLog:OPENED:c-1,f-1,i0, conf=-1: [s0:0.0.0.0:34748, s1:0.0.0.0:43419, s2:0.0.0.0:39849], old=null
2019-09-24 17:01:52,072 INFO  impl.RaftServerImpl (RaftServerImpl.java:setRole(170)) - s2@group-018C702B48E5: changes role from CANDIDATE to FOLLOWER at term 1 for DISCOVERED_A_NEW_TERM
2019-09-24 17:01:52,073 INFO  impl.RaftServerImpl (RaftServerImpl.java:setRole(170)) - s1@group-018C702B48E5: changes role from CANDIDATE to FOLLOWER at term 1 for DISCOVERED_A_NEW_TERM
2019-09-24 17:01:52,072 INFO  impl.RaftServerImpl (RaftServerImpl.java:setRole(170)) - s0@group-018C702B48E5: changes role from CANDIDATE to FOLLOWER at term 1 for DISCOVERED_A_NEW_TERM
2019-09-24 17:01:52,073 INFO  impl.RoleInfo (RoleInfo.java:shutdownLeaderElection(134)) - s1: shutdown LeaderElection
2019-09-24 17:01:52,073 INFO  impl.RoleInfo (RoleInfo.java:shutdownLeaderElection(134)) - s2: shutdown LeaderElection
2019-09-24 17:01:52,073 INFO  impl.RoleInfo (RoleInfo.java:shutdownLeaderElection(134)) - s0: shutdown LeaderElection
2019-09-24 17:01:52,074 INFO  impl.RoleInfo (RoleInfo.java:updateAndGet(143)) - s0: start FollowerState
2019-09-24 17:01:52,075 INFO  impl.RoleInfo (RoleInfo.java:updateAndGet(143)) - s1: start FollowerState
2019-09-24 17:01:52,074 INFO  impl.RoleInfo (RoleInfo.java:updateAndGet(143)) - s2: start FollowerState
2019-09-24 17:01:52,247 WARN  ratis.RaftTestUtil (JavaUtils.java:attempt(158)) - FAILED "waitForLeader-null-(expectLeader? true)", attempt #2/100: java.lang.IllegalStateException: No leader yet : printing ALL groups
  s0:  RUNNING  FOLLOWER s0@group-018C702B48E5:t1, leader=null, voted=s0, raftlog=s0@group-018C702B48E5-SegmentedRaftLog:OPENED:c-1,f-1,i0, conf=-1: [s0:0.0.0.0:34748, s1:0.0.0.0:43419, s2:0.0.0.0:39849], old=null RUNNING
  s1:  RUNNING  FOLLOWER s1@group-018C702B48E5:t1, leader=null, voted=s1, raftlog=s1@group-018C702B48E5-SegmentedRaftLog:OPENED:c-1,f-1,i0, conf=-1: [s0:0.0.0.0:34748, s1:0.0.0.0:43419, s2:0.0.0.0:39849], old=null RUNNING
  s2:  RUNNING  FOLLOWER s2@group-018C702B48E5:t1, leader=null, voted=s2, raftlog=s2@group-018C702B48E5-SegmentedRaftLog:OPENED:c-1,f-1,i0, conf=-1: [s0:0.0.0.0:34748, s1:0.0.0.0:43419, s2:0.0.0.0:39849], old=null RUNNING, sleep 450ms and then retry.
java.lang.IllegalStateException: No leader yet : printing ALL groups
  s0:  RUNNING  FOLLOWER s0@group-018C702B48E5:t1, leader=null, voted=s0, raftlog=s0@group-018C702B48E5-SegmentedRaftLog:OPENED:c-1,f-1,i0, conf=-1: [s0:0.0.0.0:34748, s1:0.0.0.0:43419, s2:0.0.0.0:39849], old=null RUNNING
  s1:  RUNNING  FOLLOWER s1@group-018C702B48E5:t1, leader=null, voted=s1, raftlog=s1@group-018C702B48E5-SegmentedRaftLog:OPENED:c-1,f-1,i0, conf=-1: [s0:0.0.0.0:34748, s1:0.0.0.0:43419, s2:0.0.0.0:39849], old=null RUNNING
  s2:  RUNNING  FOLLOWER s2@group-018C702B48E5:t1, leader=null, voted=s2, raftlog=s2@group-018C702B48E5-SegmentedRaftLog:OPENED:c-1,f-1,i0, conf=-1: [s0:0.0.0.0:34748, s1:0.0.0.0:43419, s2:0.0.0.0:39849], old=null RUNNING
	at org.apache.ratis.MiniRaftCluster.newIllegalStateExceptionForNoLeaders(MiniRaftCluster.java:506)
	at org.apache.ratis.RaftTestUtil.lambda$waitForLeader$1(RaftTestUtil.java:90)
	at org.apache.ratis.MiniRaftCluster.getLeader(MiniRaftCluster.java:539)
	at org.apache.ratis.MiniRaftCluster.getLeader(MiniRaftCluster.java:532)
	at org.apache.ratis.RaftTestUtil.lambda$waitForLeader$3(RaftTestUtil.java:98)
	at org.apache.ratis.util.JavaUtils.attempt(JavaUtils.java:152)
	at org.apache.ratis.RaftTestUtil.waitForLeader(RaftTestUtil.java:97)
	at org.apache.ratis.RaftTestUtil.waitForLeader(RaftTestUtil.java:77)
	at org.apache.ratis.RaftTestUtil.waitForLeader(RaftTestUtil.java:72)
	at org.apache.ratis.server.impl.RaftReconfigurationBaseTest.runTestNoChangeRequest(RaftReconfigurationBaseTest.java:394)
	at org.apache.ratis.MiniRaftCluster$Factory$Get.runWithNewCluster(MiniRaftCluster.java:125)
	at org.apache.ratis.MiniRaftCluster$Factory$Get.runWithNewCluster(MiniRaftCluster.java:113)
	at org.apache.ratis.server.impl.RaftReconfigurationBaseTest.testNoChangeRequest(RaftReconfigurationBaseTest.java:390)
	at sun.reflect.NativeMethodAccessorImpl.invoke0(Native Method)
	at sun.reflect.NativeMethodAccessorImpl.invoke(NativeMethodAccessorImpl.java:62)
	at sun.reflect.DelegatingMethodAccessorImpl.invoke(DelegatingMethodAccessorImpl.java:43)
	at java.lang.reflect.Method.invoke(Method.java:498)
	at org.junit.runners.model.FrameworkMethod$1.runReflectiveCall(FrameworkMethod.java:50)
	at org.junit.internal.runners.model.ReflectiveCallable.run(ReflectiveCallable.java:12)
	at org.junit.runners.model.FrameworkMethod.invokeExplosively(FrameworkMethod.java:47)
	at org.junit.internal.runners.statements.InvokeMethod.evaluate(InvokeMethod.java:17)
	at org.junit.internal.runners.statements.RunAfters.evaluate(RunAfters.java:27)
	at org.junit.internal.runners.statements.FailOnTimeout$CallableStatement.call(FailOnTimeout.java:298)
	at org.junit.internal.runners.statements.FailOnTimeout$CallableStatement.call(FailOnTimeout.java:292)
	at java.util.concurrent.FutureTask.run(FutureTask.java:266)
	at java.lang.Thread.run(Thread.java:748)
2019-09-24 17:01:52,269 INFO  impl.FollowerState (FollowerState.java:run(108)) - s1@group-018C702B48E5-FollowerState: change to CANDIDATE, lastRpcTime:194ms, electionTimeout:193ms
2019-09-24 17:01:52,269 INFO  impl.RoleInfo (RoleInfo.java:shutdownFollowerState(121)) - s1: shutdown FollowerState
2019-09-24 17:01:52,270 INFO  impl.RaftServerImpl (RaftServerImpl.java:setRole(170)) - s1@group-018C702B48E5: changes role from  FOLLOWER to CANDIDATE at term 1 for changeToCandidate
2019-09-24 17:01:52,270 INFO  impl.RoleInfo (RoleInfo.java:updateAndGet(143)) - s1: start LeaderElection
2019-09-24 17:01:52,271 INFO  impl.FollowerState (FollowerState.java:run(108)) - s2@group-018C702B48E5-FollowerState: change to CANDIDATE, lastRpcTime:196ms, electionTimeout:194ms
2019-09-24 17:01:52,271 INFO  impl.RoleInfo (RoleInfo.java:shutdownFollowerState(121)) - s2: shutdown FollowerState
2019-09-24 17:01:52,272 INFO  impl.RaftServerImpl (RaftServerImpl.java:setRole(170)) - s2@group-018C702B48E5: changes role from  FOLLOWER to CANDIDATE at term 1 for changeToCandidate
2019-09-24 17:01:52,272 INFO  impl.RoleInfo (RoleInfo.java:updateAndGet(143)) - s2: start LeaderElection
2019-09-24 17:01:52,287 INFO  impl.LeaderElection (LeaderElection.java:askForVotes(178)) - s1@group-018C702B48E5-LeaderElection4: begin an election at term 2 for -1: [s0:0.0.0.0:34748, s1:0.0.0.0:43419, s2:0.0.0.0:39849], old=null
2019-09-24 17:01:52,287 INFO  impl.LeaderElection (LeaderElection.java:askForVotes(178)) - s2@group-018C702B48E5-LeaderElection5: begin an election at term 2 for -1: [s0:0.0.0.0:34748, s1:0.0.0.0:43419, s2:0.0.0.0:39849], old=null
2019-09-24 17:01:52,313 INFO  impl.FollowerState (FollowerState.java:run(108)) - s0@group-018C702B48E5-FollowerState: change to CANDIDATE, lastRpcTime:238ms, electionTimeout:224ms
2019-09-24 17:01:52,313 INFO  impl.RoleInfo (RoleInfo.java:shutdownFollowerState(121)) - s0: shutdown FollowerState
2019-09-24 17:01:52,314 INFO  impl.RaftServerImpl (RaftServerImpl.java:setRole(170)) - s0@group-018C702B48E5: changes role from  FOLLOWER to CANDIDATE at term 1 for changeToCandidate
2019-09-24 17:01:52,314 DEBUG impl.RaftServerImpl (RaftServerImpl.java:requestVote(743)) - s0@group-018C702B48E5: receive requestVote(s1, group-018C702B48E5, 2, (t:0, i:0))
2019-09-24 17:01:52,314 DEBUG impl.RaftServerImpl (RaftServerImpl.java:requestVote(743)) - s0@group-018C702B48E5: receive requestVote(s2, group-018C702B48E5, 2, (t:0, i:0))
2019-09-24 17:01:52,314 INFO  impl.RoleInfo (RoleInfo.java:updateAndGet(143)) - s0: start LeaderElection
2019-09-24 17:01:52,314 DEBUG impl.RaftServerImpl (RaftServerImpl.java:requestVote(743)) - s2@group-018C702B48E5: receive requestVote(s1, group-018C702B48E5, 2, (t:0, i:0))
2019-09-24 17:01:52,314 DEBUG impl.RaftServerImpl (RaftServerImpl.java:requestVote(743)) - s1@group-018C702B48E5: receive requestVote(s2, group-018C702B48E5, 2, (t:0, i:0))
2019-09-24 17:01:52,315 DEBUG impl.RaftServerImpl (RaftServerImpl.java:requestVote(775)) - s2@group-018C702B48E5 replies to vote request: s1<-s2#0:FAIL-t2. Peer's state: s2@group-018C702B48E5:t2, leader=null, voted=s2, raftlog=s2@group-018C702B48E5-SegmentedRaftLog:OPENED:c-1,f-1,i0, conf=-1: [s0:0.0.0.0:34748, s1:0.0.0.0:43419, s2:0.0.0.0:39849], old=null
2019-09-24 17:01:52,315 INFO  impl.RaftServerImpl (RaftServerImpl.java:setRole(170)) - s0@group-018C702B48E5: changes role from CANDIDATE to FOLLOWER at term 2 for recognizeCandidate:s2
2019-09-24 17:01:52,315 DEBUG impl.RaftServerImpl (RaftServerImpl.java:requestVote(775)) - s1@group-018C702B48E5 replies to vote request: s2<-s1#0:FAIL-t2. Peer's state: s1@group-018C702B48E5:t2, leader=null, voted=s1, raftlog=s1@group-018C702B48E5-SegmentedRaftLog:OPENED:c-1,f-1,i0, conf=-1: [s0:0.0.0.0:34748, s1:0.0.0.0:43419, s2:0.0.0.0:39849], old=null
2019-09-24 17:01:52,316 INFO  impl.RoleInfo (RoleInfo.java:shutdownLeaderElection(134)) - s0: shutdown LeaderElection
2019-09-24 17:01:52,316 INFO  impl.RoleInfo (RoleInfo.java:updateAndGet(143)) - s0: start FollowerState
2019-09-24 17:01:52,472 DEBUG impl.RaftServerImpl (RaftServerImpl.java:requestVote(775)) - s0@group-018C702B48E5 replies to vote request: s2<-s0#0:FAIL-t2. Peer's state: s0@group-018C702B48E5:t2, leader=null, voted=null, raftlog=s0@group-018C702B48E5-SegmentedRaftLog:OPENED:c-1,f-1,i0, conf=-1: [s0:0.0.0.0:34748, s1:0.0.0.0:43419, s2:0.0.0.0:39849], old=null
2019-09-24 17:01:52,473 INFO  impl.RaftServerImpl (RaftServerImpl.java:setRole(170)) - s0@group-018C702B48E5: changes role from  FOLLOWER to FOLLOWER at term 2 for recognizeCandidate:s1
2019-09-24 17:01:52,473 INFO  impl.RoleInfo (RoleInfo.java:shutdownFollowerState(121)) - s0: shutdown FollowerState
2019-09-24 17:01:52,473 INFO  impl.RoleInfo (RoleInfo.java:updateAndGet(143)) - s0: start FollowerState
2019-09-24 17:01:52,473 INFO  impl.FollowerState (FollowerState.java:run(117)) - s0@group-018C702B48E5-FollowerState was interrupted: java.lang.InterruptedException: sleep interrupted
2019-09-24 17:01:52,488 INFO  impl.LeaderElection (LeaderElection.java:logAndReturn(56)) - s2@group-018C702B48E5-LeaderElection5: Election REJECTED; received 2 response(s) [s2<-s0#0:FAIL-t2, s2<-s1#0:FAIL-t2] and 0 exception(s); s2@group-018C702B48E5:t2, leader=null, voted=s2, raftlog=s2@group-018C702B48E5-SegmentedRaftLog:OPENED:c-1,f-1,i0, conf=-1: [s0:0.0.0.0:34748, s1:0.0.0.0:43419, s2:0.0.0.0:39849], old=null
2019-09-24 17:01:52,489 INFO  impl.RaftServerImpl (RaftServerImpl.java:setRole(170)) - s2@group-018C702B48E5: changes role from CANDIDATE to FOLLOWER at term 2 for DISCOVERED_A_NEW_TERM
2019-09-24 17:01:52,489 INFO  impl.RoleInfo (RoleInfo.java:shutdownLeaderElection(134)) - s2: shutdown LeaderElection
2019-09-24 17:01:52,490 INFO  impl.RoleInfo (RoleInfo.java:updateAndGet(143)) - s2: start FollowerState
2019-09-24 17:01:52,492 DEBUG impl.RaftServerImpl (RaftServerImpl.java:requestVote(775)) - s0@group-018C702B48E5 replies to vote request: s1<-s0#0:OK-t2. Peer's state: s0@group-018C702B48E5:t2, leader=null, voted=s1, raftlog=s0@group-018C702B48E5-SegmentedRaftLog:OPENED:c-1,f-1,i0, conf=-1: [s0:0.0.0.0:34748, s1:0.0.0.0:43419, s2:0.0.0.0:39849], old=null
2019-09-24 17:01:52,505 INFO  impl.LeaderElection (LeaderElection.java:logAndReturn(56)) - s1@group-018C702B48E5-LeaderElection4: Election PASSED; received 2 response(s) [s1<-s0#0:OK-t2, s1<-s2#0:FAIL-t2] and 0 exception(s); s1@group-018C702B48E5:t2, leader=null, voted=s1, raftlog=s1@group-018C702B48E5-SegmentedRaftLog:OPENED:c-1,f-1,i0, conf=-1: [s0:0.0.0.0:34748, s1:0.0.0.0:43419, s2:0.0.0.0:39849], old=null
2019-09-24 17:01:52,505 INFO  impl.RoleInfo (RoleInfo.java:shutdownLeaderElection(134)) - s1: shutdown LeaderElection
2019-09-24 17:01:52,506 INFO  impl.RaftServerImpl (RaftServerImpl.java:setRole(170)) - s1@group-018C702B48E5: changes role from CANDIDATE to LEADER at term 2 for changeToLeader
2019-09-24 17:01:52,506 INFO  impl.RaftServerImpl (ServerState.java:setLeader(254)) - s1@group-018C702B48E5: change Leader from null to s1 at term 2 for becomeLeader, leader elected after 1130ms
2019-09-24 17:01:52,510 INFO  server.RaftServerConfigKeys (ConfUtils.java:logGet(43)) - raft.server.staging.catchup.gap = 10 (custom)
2019-09-24 17:01:52,511 INFO  server.RaftServerConfigKeys (ConfUtils.java:logGet(43)) - raft.server.rpc.sleep.time = 25ms (default)
2019-09-24 17:01:52,518 INFO  server.RaftServerConfigKeys (ConfUtils.java:logGet(43)) - raft.server.write.element-limit = 4096 (default)
2019-09-24 17:01:52,524 INFO  server.RaftServerConfigKeys (ConfUtils.java:logGet(43)) - raft.server.watch.timeout = 10s (default)
2019-09-24 17:01:52,525 INFO  server.RaftServerConfigKeys (ConfUtils.java:logGet(43)) - raft.server.watch.timeout.denomination = 1s (default)
2019-09-24 17:01:52,526 INFO  server.RaftServerConfigKeys (ConfUtils.java:logGet(43)) - raft.server.watch.element-limit = 65536 (default)
2019-09-24 17:01:52,544 INFO  server.RaftServerConfigKeys (ConfUtils.java:logGet(43)) - raft.server.log.appender.snapshot.chunk.size.max = 16MB (=16777216) (default)
2019-09-24 17:01:52,544 INFO  server.RaftServerConfigKeys (ConfUtils.java:logGet(43)) - raft.server.log.appender.buffer.byte-limit = 4MB (=4194304) (default)
2019-09-24 17:01:52,545 INFO  server.RaftServerConfigKeys (ConfUtils.java:logGet(43)) - raft.server.log.appender.buffer.element-limit = 0 (default)
2019-09-24 17:01:52,549 INFO  server.RaftServerConfigKeys (ConfUtils.java:logGet(43)) - raft.server.log.appender.snapshot.chunk.size.max = 16MB (=16777216) (default)
2019-09-24 17:01:52,549 INFO  server.RaftServerConfigKeys (ConfUtils.java:logGet(43)) - raft.server.log.appender.buffer.byte-limit = 4MB (=4194304) (default)
2019-09-24 17:01:52,549 INFO  server.RaftServerConfigKeys (ConfUtils.java:logGet(43)) - raft.server.log.appender.buffer.element-limit = 0 (default)
2019-09-24 17:01:52,552 INFO  impl.RoleInfo (RoleInfo.java:updateAndGet(143)) - s1: start LeaderState
2019-09-24 17:01:52,574 INFO  segmented.SegmentedRaftLogWorker (SegmentedRaftLogWorker.java:startLogSegment(380)) - s1@group-018C702B48E5-SegmentedRaftLogWorker: Starting segment from index:0
2019-09-24 17:01:52,594 INFO  impl.RaftServerImpl (ServerState.java:setRaftConf(355)) - s1@group-018C702B48E5: set configuration 0: [s0:0.0.0.0:34748, s1:0.0.0.0:43419, s2:0.0.0.0:39849], old=null at 0
2019-09-24 17:01:52,620 INFO  impl.RaftServerImpl (ServerState.java:setLeader(254)) - s2@group-018C702B48E5: change Leader from null to s1 at term 2 for appendEntries, leader elected after 1244ms
2019-09-24 17:01:52,658 DEBUG impl.RaftServerImpl (RaftServerImpl.java:logAppendEntries(850)) - s2@group-018C702B48E5: receive appendEntries(s1, 2, null, -1, false, commits[s1:c-1, s0:c-1, s2:c-1], entries: (t:2, i:0), CONFIGURATIONENTRY
2019-09-24 17:01:52,661 INFO  impl.RaftServerImpl (ServerState.java:setRaftConf(355)) - s2@group-018C702B48E5: set configuration 0: [s0:0.0.0.0:34748, s1:0.0.0.0:43419, s2:0.0.0.0:39849], old=null at 0
2019-09-24 17:01:52,662 INFO  segmented.SegmentedRaftLogWorker (SegmentedRaftLogWorker.java:startLogSegment(380)) - s2@group-018C702B48E5-SegmentedRaftLogWorker: Starting segment from index:0
2019-09-24 17:01:52,686 INFO  impl.LeaderElection (LeaderElection.java:askForVotes(178)) - s0@group-018C702B48E5-LeaderElection6: begin an election at term 3 for -1: [s0:0.0.0.0:34748, s1:0.0.0.0:43419, s2:0.0.0.0:39849], old=null
2019-09-24 17:01:52,686 DEBUG impl.RaftServerImpl (RaftServerImpl.java:appendEntriesAsync(906)) - s0@group-018C702B48E5: Not recognize s1 (term=2) as leader, state: s0@group-018C702B48E5:t3, leader=null, voted=s0, raftlog=s0@group-018C702B48E5-SegmentedRaftLog:OPENED:c-1,f-1,i0, conf=-1: [s0:0.0.0.0:34748, s1:0.0.0.0:43419, s2:0.0.0.0:39849], old=null reply: s1<-s0#0:FAIL,NOT_LEADER,nextIndex:1,term:3,followerCommit:-1
2019-09-24 17:01:52,687 INFO  impl.LeaderElection (LeaderElection.java:logAndReturn(56)) - s0@group-018C702B48E5-LeaderElection6: Election REJECTED; received 0 response(s) [] and 0 exception(s); s0@group-018C702B48E5:t3, leader=null, voted=s0, raftlog=s0@group-018C702B48E5-SegmentedRaftLog:OPENED:c-1,f-1,i0, conf=-1: [s0:0.0.0.0:34748, s1:0.0.0.0:43419, s2:0.0.0.0:39849], old=null
2019-09-24 17:01:52,687 DEBUG impl.RaftServerImpl (RaftServerImpl.java:requestVote(743)) - s1@group-018C702B48E5: receive requestVote(s0, group-018C702B48E5, 3, (t:0, i:0))
2019-09-24 17:01:52,688 DEBUG impl.RaftServerImpl (RaftServerImpl.java:requestVote(743)) - s2@group-018C702B48E5: receive requestVote(s0, group-018C702B48E5, 3, (t:0, i:0))
2019-09-24 17:01:52,688 INFO  impl.RaftServerImpl (ServerState.java:setLeader(254)) - s1@group-018C702B48E5: change Leader from s1 to null at term 3 for updateCurrentTerm
2019-09-24 17:01:52,688 INFO  impl.RaftServerImpl (ServerState.java:setLeader(254)) - s2@group-018C702B48E5: change Leader from s1 to null at term 3 for updateCurrentTerm
2019-09-24 17:01:52,688 INFO  impl.RaftServerImpl (RaftServerImpl.java:setRole(170)) - s1@group-018C702B48E5: changes role from    LEADER to FOLLOWER at term 3 for recognizeCandidate:s0
2019-09-24 17:01:52,689 INFO  impl.RaftServerImpl (RaftServerImpl.java:setRole(170)) - s2@group-018C702B48E5: changes role from  FOLLOWER to FOLLOWER at term 3 for recognizeCandidate:s0
2019-09-24 17:01:52,689 INFO  impl.RoleInfo (RoleInfo.java:shutdownLeaderState(104)) - s1: shutdown LeaderState
2019-09-24 17:01:52,689 INFO  impl.RoleInfo (RoleInfo.java:shutdownFollowerState(121)) - s2: shutdown FollowerState
2019-09-24 17:01:52,690 INFO  impl.RoleInfo (RoleInfo.java:updateAndGet(143)) - s2: start FollowerState
2019-09-24 17:01:52,690 INFO  impl.FollowerState (FollowerState.java:run(117)) - s2@group-018C702B48E5-FollowerState was interrupted: java.lang.InterruptedException: sleep interrupted
2019-09-24 17:01:52,691 INFO  impl.LogAppender (LogAppender.java:run(78)) - s1@group-018C702B48E5->s2-LogAppender-AppenderDaemon was interrupted: java.io.InterruptedIOException: 
2019-09-24 17:01:52,691 INFO  impl.LogAppender (LogAppender.java:run(78)) - s1@group-018C702B48E5->s0-LogAppender-AppenderDaemon was interrupted: java.io.InterruptedIOException: 
2019-09-24 17:01:52,695 INFO  impl.PendingRequests (PendingRequests.java:sendNotLeaderResponses(202)) - s1@group-018C702B48E5-PendingRequests: sendNotLeaderResponses
2019-09-24 17:01:52,697 INFO  impl.RoleInfo (RoleInfo.java:updateAndGet(143)) - s1: start FollowerState
2019-09-24 17:01:52,699 WARN  ratis.RaftTestUtil (JavaUtils.java:attempt(158)) - FAILED "waitForLeader-null-(expectLeader? true)", attempt #3/100: java.lang.IllegalStateException: No leader yet : printing ALL groups
  s0:  RUNNING  FOLLOWER s0@group-018C702B48E5:t3, leader=null, voted=s0, raftlog=s0@group-018C702B48E5-SegmentedRaftLog:OPENED:c-1,f-1,i0, conf=-1: [s0:0.0.0.0:34748, s1:0.0.0.0:43419, s2:0.0.0.0:39849], old=null RUNNING
  s1:  RUNNING  FOLLOWER s1@group-018C702B48E5:t3, leader=null, voted=null, raftlog=s1@group-018C702B48E5-SegmentedRaftLog:OPENED:c-1,f-1,i0, conf=0: [s0:0.0.0.0:34748, s1:0.0.0.0:43419, s2:0.0.0.0:39849], old=null RUNNING
  s2:  RUNNING  FOLLOWER s2@group-018C702B48E5:t3, leader=null, voted=null, raftlog=s2@group-018C702B48E5-SegmentedRaftLog:OPENED:c-1,f-1,i0, conf=0: [s0:0.0.0.0:34748, s1:0.0.0.0:43419, s2:0.0.0.0:39849], old=null RUNNING, sleep 450ms and then retry.
java.lang.IllegalStateException: No leader yet : printing ALL groups
  s0:  RUNNING  FOLLOWER s0@group-018C702B48E5:t3, leader=null, voted=s0, raftlog=s0@group-018C702B48E5-SegmentedRaftLog:OPENED:c-1,f-1,i0, conf=-1: [s0:0.0.0.0:34748, s1:0.0.0.0:43419, s2:0.0.0.0:39849], old=null RUNNING
  s1:  RUNNING  FOLLOWER s1@group-018C702B48E5:t3, leader=null, voted=null, raftlog=s1@group-018C702B48E5-SegmentedRaftLog:OPENED:c-1,f-1,i0, conf=0: [s0:0.0.0.0:34748, s1:0.0.0.0:43419, s2:0.0.0.0:39849], old=null RUNNING
  s2:  RUNNING  FOLLOWER s2@group-018C702B48E5:t3, leader=null, voted=null, raftlog=s2@group-018C702B48E5-SegmentedRaftLog:OPENED:c-1,f-1,i0, conf=0: [s0:0.0.0.0:34748, s1:0.0.0.0:43419, s2:0.0.0.0:39849], old=null RUNNING
	at org.apache.ratis.MiniRaftCluster.newIllegalStateExceptionForNoLeaders(MiniRaftCluster.java:506)
	at org.apache.ratis.RaftTestUtil.lambda$waitForLeader$1(RaftTestUtil.java:90)
	at org.apache.ratis.MiniRaftCluster.getLeader(MiniRaftCluster.java:539)
	at org.apache.ratis.MiniRaftCluster.getLeader(MiniRaftCluster.java:532)
	at org.apache.ratis.RaftTestUtil.lambda$waitForLeader$3(RaftTestUtil.java:98)
	at org.apache.ratis.util.JavaUtils.attempt(JavaUtils.java:152)
	at org.apache.ratis.RaftTestUtil.waitForLeader(RaftTestUtil.java:97)
	at org.apache.ratis.RaftTestUtil.waitForLeader(RaftTestUtil.java:77)
	at org.apache.ratis.RaftTestUtil.waitForLeader(RaftTestUtil.java:72)
	at org.apache.ratis.server.impl.RaftReconfigurationBaseTest.runTestNoChangeRequest(RaftReconfigurationBaseTest.java:394)
	at org.apache.ratis.MiniRaftCluster$Factory$Get.runWithNewCluster(MiniRaftCluster.java:125)
	at org.apache.ratis.MiniRaftCluster$Factory$Get.runWithNewCluster(MiniRaftCluster.java:113)
	at org.apache.ratis.server.impl.RaftReconfigurationBaseTest.testNoChangeRequest(RaftReconfigurationBaseTest.java:390)
	at sun.reflect.NativeMethodAccessorImpl.invoke0(Native Method)
	at sun.reflect.NativeMethodAccessorImpl.invoke(NativeMethodAccessorImpl.java:62)
	at sun.reflect.DelegatingMethodAccessorImpl.invoke(DelegatingMethodAccessorImpl.java:43)
	at java.lang.reflect.Method.invoke(Method.java:498)
	at org.junit.runners.model.FrameworkMethod$1.runReflectiveCall(FrameworkMethod.java:50)
	at org.junit.internal.runners.model.ReflectiveCallable.run(ReflectiveCallable.java:12)
	at org.junit.runners.model.FrameworkMethod.invokeExplosively(FrameworkMethod.java:47)
	at org.junit.internal.runners.statements.InvokeMethod.evaluate(InvokeMethod.java:17)
	at org.junit.internal.runners.statements.RunAfters.evaluate(RunAfters.java:27)
	at org.junit.internal.runners.statements.FailOnTimeout$CallableStatement.call(FailOnTimeout.java:298)
	at org.junit.internal.runners.statements.FailOnTimeout$CallableStatement.call(FailOnTimeout.java:292)
	at java.util.concurrent.FutureTask.run(FutureTask.java:266)
	at java.lang.Thread.run(Thread.java:748)
2019-09-24 17:01:52,742 INFO  impl.FollowerState (FollowerState.java:run(108)) - s0@group-018C702B48E5-FollowerState: change to CANDIDATE, lastRpcTime:268ms, electionTimeout:267ms
2019-09-24 17:01:52,742 INFO  impl.RoleInfo (RoleInfo.java:shutdownFollowerState(121)) - s0: shutdown FollowerState
2019-09-24 17:01:52,742 INFO  impl.RaftServerImpl (RaftServerImpl.java:setRole(170)) - s0@group-018C702B48E5: changes role from  FOLLOWER to CANDIDATE at term 3 for changeToCandidate
2019-09-24 17:01:52,742 INFO  impl.RoleInfo (RoleInfo.java:updateAndGet(143)) - s0: start LeaderElection
2019-09-24 17:01:53,152 WARN  ratis.RaftTestUtil (JavaUtils.java:attempt(158)) - FAILED "waitForLeader-null-(expectLeader? true)", attempt #4/100: java.lang.IllegalStateException: No leader yet : printing ALL groups
  s0:  RUNNING CANDIDATE s0@group-018C702B48E5:t4, leader=null, voted=s0, raftlog=s0@group-018C702B48E5-SegmentedRaftLog:OPENED:c-1,f-1,i0, conf=-1: [s0:0.0.0.0:34748, s1:0.0.0.0:43419, s2:0.0.0.0:39849], old=null RUNNING
  s1:  RUNNING  FOLLOWER s1@group-018C702B48E5:t3, leader=null, voted=null, raftlog=s1@group-018C702B48E5-SegmentedRaftLog:OPENED:c-1,f-1,i0, conf=0: [s0:0.0.0.0:34748, s1:0.0.0.0:43419, s2:0.0.0.0:39849], old=null RUNNING
  s2:  RUNNING  FOLLOWER s2@group-018C702B48E5:t3, leader=null, voted=null, raftlog=s2@group-018C702B48E5-SegmentedRaftLog:OPENED:c-1,f-1,i0, conf=0: [s0:0.0.0.0:34748, s1:0.0.0.0:43419, s2:0.0.0.0:39849], old=null RUNNING, sleep 450ms and then retry.
java.lang.IllegalStateException: No leader yet : printing ALL groups
  s0:  RUNNING CANDIDATE s0@group-018C702B48E5:t4, leader=null, voted=s0, raftlog=s0@group-018C702B48E5-SegmentedRaftLog:OPENED:c-1,f-1,i0, conf=-1: [s0:0.0.0.0:34748, s1:0.0.0.0:43419, s2:0.0.0.0:39849], old=null RUNNING
  s1:  RUNNING  FOLLOWER s1@group-018C702B48E5:t3, leader=null, voted=null, raftlog=s1@group-018C702B48E5-SegmentedRaftLog:OPENED:c-1,f-1,i0, conf=0: [s0:0.0.0.0:34748, s1:0.0.0.0:43419, s2:0.0.0.0:39849], old=null RUNNING
  s2:  RUNNING  FOLLOWER s2@group-018C702B48E5:t3, leader=null, voted=null, raftlog=s2@group-018C702B48E5-SegmentedRaftLog:OPENED:c-1,f-1,i0, conf=0: [s0:0.0.0.0:34748, s1:0.0.0.0:43419, s2:0.0.0.0:39849], old=null RUNNING
	at org.apache.ratis.MiniRaftCluster.newIllegalStateExceptionForNoLeaders(MiniRaftCluster.java:506)
	at org.apache.ratis.RaftTestUtil.lambda$waitForLeader$1(RaftTestUtil.java:90)
	at org.apache.ratis.MiniRaftCluster.getLeader(MiniRaftCluster.java:539)
	at org.apache.ratis.MiniRaftCluster.getLeader(MiniRaftCluster.java:532)
	at org.apache.ratis.RaftTestUtil.lambda$waitForLeader$3(RaftTestUtil.java:98)
	at org.apache.ratis.util.JavaUtils.attempt(JavaUtils.java:152)
	at org.apache.ratis.RaftTestUtil.waitForLeader(RaftTestUtil.java:97)
	at org.apache.ratis.RaftTestUtil.waitForLeader(RaftTestUtil.java:77)
	at org.apache.ratis.RaftTestUtil.waitForLeader(RaftTestUtil.java:72)
	at org.apache.ratis.server.impl.RaftReconfigurationBaseTest.runTestNoChangeRequest(RaftReconfigurationBaseTest.java:394)
	at org.apache.ratis.MiniRaftCluster$Factory$Get.runWithNewCluster(MiniRaftCluster.java:125)
	at org.apache.ratis.MiniRaftCluster$Factory$Get.runWithNewCluster(MiniRaftCluster.java:113)
	at org.apache.ratis.server.impl.RaftReconfigurationBaseTest.testNoChangeRequest(RaftReconfigurationBaseTest.java:390)
	at sun.reflect.NativeMethodAccessorImpl.invoke0(Native Method)
	at sun.reflect.NativeMethodAccessorImpl.invoke(NativeMethodAccessorImpl.java:62)
	at sun.reflect.DelegatingMethodAccessorImpl.invoke(DelegatingMethodAccessorImpl.java:43)
	at java.lang.reflect.Method.invoke(Method.java:498)
	at org.junit.runners.model.FrameworkMethod$1.runReflectiveCall(FrameworkMethod.java:50)
	at org.junit.internal.runners.model.ReflectiveCallable.run(ReflectiveCallable.java:12)
	at org.junit.runners.model.FrameworkMethod.invokeExplosively(FrameworkMethod.java:47)
	at org.junit.internal.runners.statements.InvokeMethod.evaluate(InvokeMethod.java:17)
	at org.junit.internal.runners.statements.RunAfters.evaluate(RunAfters.java:27)
	at org.junit.internal.runners.statements.FailOnTimeout$CallableStatement.call(FailOnTimeout.java:298)
	at org.junit.internal.runners.statements.FailOnTimeout$CallableStatement.call(FailOnTimeout.java:292)
	at java.util.concurrent.FutureTask.run(FutureTask.java:266)
	at java.lang.Thread.run(Thread.java:748)
2019-09-24 17:01:53,604 WARN  ratis.RaftTestUtil (JavaUtils.java:attempt(158)) - FAILED "waitForLeader-null-(expectLeader? true)", attempt #5/100: java.lang.IllegalStateException: No leader yet : printing ALL groups
  s0:  RUNNING CANDIDATE s0@group-018C702B48E5:t4, leader=null, voted=s0, raftlog=s0@group-018C702B48E5-SegmentedRaftLog:OPENED:c-1,f-1,i0, conf=-1: [s0:0.0.0.0:34748, s1:0.0.0.0:43419, s2:0.0.0.0:39849], old=null RUNNING
  s1:  RUNNING  FOLLOWER s1@group-018C702B48E5:t3, leader=null, voted=null, raftlog=s1@group-018C702B48E5-SegmentedRaftLog:OPENED:c-1,f-1,i0, conf=0: [s0:0.0.0.0:34748, s1:0.0.0.0:43419, s2:0.0.0.0:39849], old=null RUNNING
  s2:  RUNNING  FOLLOWER s2@group-018C702B48E5:t3, leader=null, voted=null, raftlog=s2@group-018C702B48E5-SegmentedRaftLog:OPENED:c-1,f-1,i0, conf=0: [s0:0.0.0.0:34748, s1:0.0.0.0:43419, s2:0.0.0.0:39849], old=null RUNNING, sleep 450ms and then retry.
java.lang.IllegalStateException: No leader yet : printing ALL groups
  s0:  RUNNING CANDIDATE s0@group-018C702B48E5:t4, leader=null, voted=s0, raftlog=s0@group-018C702B48E5-SegmentedRaftLog:OPENED:c-1,f-1,i0, conf=-1: [s0:0.0.0.0:34748, s1:0.0.0.0:43419, s2:0.0.0.0:39849], old=null RUNNING
  s1:  RUNNING  FOLLOWER s1@group-018C702B48E5:t3, leader=null, voted=null, raftlog=s1@group-018C702B48E5-SegmentedRaftLog:OPENED:c-1,f-1,i0, conf=0: [s0:0.0.0.0:34748, s1:0.0.0.0:43419, s2:0.0.0.0:39849], old=null RUNNING
  s2:  RUNNING  FOLLOWER s2@group-018C702B48E5:t3, leader=null, voted=null, raftlog=s2@group-018C702B48E5-SegmentedRaftLog:OPENED:c-1,f-1,i0, conf=0: [s0:0.0.0.0:34748, s1:0.0.0.0:43419, s2:0.0.0.0:39849], old=null RUNNING
	at org.apache.ratis.MiniRaftCluster.newIllegalStateExceptionForNoLeaders(MiniRaftCluster.java:506)
	at org.apache.ratis.RaftTestUtil.lambda$waitForLeader$1(RaftTestUtil.java:90)
	at org.apache.ratis.MiniRaftCluster.getLeader(MiniRaftCluster.java:539)
	at org.apache.ratis.MiniRaftCluster.getLeader(MiniRaftCluster.java:532)
	at org.apache.ratis.RaftTestUtil.lambda$waitForLeader$3(RaftTestUtil.java:98)
	at org.apache.ratis.util.JavaUtils.attempt(JavaUtils.java:152)
	at org.apache.ratis.RaftTestUtil.waitForLeader(RaftTestUtil.java:97)
	at org.apache.ratis.RaftTestUtil.waitForLeader(RaftTestUtil.java:77)
	at org.apache.ratis.RaftTestUtil.waitForLeader(RaftTestUtil.java:72)
	at org.apache.ratis.server.impl.RaftReconfigurationBaseTest.runTestNoChangeRequest(RaftReconfigurationBaseTest.java:394)
	at org.apache.ratis.MiniRaftCluster$Factory$Get.runWithNewCluster(MiniRaftCluster.java:125)
	at org.apache.ratis.MiniRaftCluster$Factory$Get.runWithNewCluster(MiniRaftCluster.java:113)
	at org.apache.ratis.server.impl.RaftReconfigurationBaseTest.testNoChangeRequest(RaftReconfigurationBaseTest.java:390)
	at sun.reflect.NativeMethodAccessorImpl.invoke0(Native Method)
	at sun.reflect.NativeMethodAccessorImpl.invoke(NativeMethodAccessorImpl.java:62)
	at sun.reflect.DelegatingMethodAccessorImpl.invoke(DelegatingMethodAccessorImpl.java:43)
	at java.lang.reflect.Method.invoke(Method.java:498)
	at org.junit.runners.model.FrameworkMethod$1.runReflectiveCall(FrameworkMethod.java:50)
	at org.junit.internal.runners.model.ReflectiveCallable.run(ReflectiveCallable.java:12)
	at org.junit.runners.model.FrameworkMethod.invokeExplosively(FrameworkMethod.java:47)
	at org.junit.internal.runners.statements.InvokeMethod.evaluate(InvokeMethod.java:17)
	at org.junit.internal.runners.statements.RunAfters.evaluate(RunAfters.java:27)
	at org.junit.internal.runners.statements.FailOnTimeout$CallableStatement.call(FailOnTimeout.java:298)
	at org.junit.internal.runners.statements.FailOnTimeout$CallableStatement.call(FailOnTimeout.java:292)
	at java.util.concurrent.FutureTask.run(FutureTask.java:266)
	at java.lang.Thread.run(Thread.java:748)
2019-09-24 17:01:54,056 WARN  ratis.RaftTestUtil (JavaUtils.java:attempt(158)) - FAILED "waitForLeader-null-(expectLeader? true)", attempt #6/100: java.lang.IllegalStateException: No leader yet : printing ALL groups
  s0:  RUNNING CANDIDATE s0@group-018C702B48E5:t4, leader=null, voted=s0, raftlog=s0@group-018C702B48E5-SegmentedRaftLog:OPENED:c-1,f-1,i0, conf=-1: [s0:0.0.0.0:34748, s1:0.0.0.0:43419, s2:0.0.0.0:39849], old=null RUNNING
  s1:  RUNNING  FOLLOWER s1@group-018C702B48E5:t3, leader=null, voted=null, raftlog=s1@group-018C702B48E5-SegmentedRaftLog:OPENED:c-1,f-1,i0, conf=0: [s0:0.0.0.0:34748, s1:0.0.0.0:43419, s2:0.0.0.0:39849], old=null RUNNING
  s2:  RUNNING  FOLLOWER s2@group-018C702B48E5:t3, leader=null, voted=null, raftlog=s2@group-018C702B48E5-SegmentedRaftLog:OPENED:c-1,f-1,i0, conf=0: [s0:0.0.0.0:34748, s1:0.0.0.0:43419, s2:0.0.0.0:39849], old=null RUNNING, sleep 450ms and then retry.
java.lang.IllegalStateException: No leader yet : printing ALL groups
  s0:  RUNNING CANDIDATE s0@group-018C702B48E5:t4, leader=null, voted=s0, raftlog=s0@group-018C702B48E5-SegmentedRaftLog:OPENED:c-1,f-1,i0, conf=-1: [s0:0.0.0.0:34748, s1:0.0.0.0:43419, s2:0.0.0.0:39849], old=null RUNNING
  s1:  RUNNING  FOLLOWER s1@group-018C702B48E5:t3, leader=null, voted=null, raftlog=s1@group-018C702B48E5-SegmentedRaftLog:OPENED:c-1,f-1,i0, conf=0: [s0:0.0.0.0:34748, s1:0.0.0.0:43419, s2:0.0.0.0:39849], old=null RUNNING
  s2:  RUNNING  FOLLOWER s2@group-018C702B48E5:t3, leader=null, voted=null, raftlog=s2@group-018C702B48E5-SegmentedRaftLog:OPENED:c-1,f-1,i0, conf=0: [s0:0.0.0.0:34748, s1:0.0.0.0:43419, s2:0.0.0.0:39849], old=null RUNNING
	at org.apache.ratis.MiniRaftCluster.newIllegalStateExceptionForNoLeaders(MiniRaftCluster.java:506)
	at org.apache.ratis.RaftTestUtil.lambda$waitForLeader$1(RaftTestUtil.java:90)
	at org.apache.ratis.MiniRaftCluster.getLeader(MiniRaftCluster.java:539)
	at org.apache.ratis.MiniRaftCluster.getLeader(MiniRaftCluster.java:532)
	at org.apache.ratis.RaftTestUtil.lambda$waitForLeader$3(RaftTestUtil.java:98)
	at org.apache.ratis.util.JavaUtils.attempt(JavaUtils.java:152)
	at org.apache.ratis.RaftTestUtil.waitForLeader(RaftTestUtil.java:97)
	at org.apache.ratis.RaftTestUtil.waitForLeader(RaftTestUtil.java:77)
	at org.apache.ratis.RaftTestUtil.waitForLeader(RaftTestUtil.java:72)
	at org.apache.ratis.server.impl.RaftReconfigurationBaseTest.runTestNoChangeRequest(RaftReconfigurationBaseTest.java:394)
	at org.apache.ratis.MiniRaftCluster$Factory$Get.runWithNewCluster(MiniRaftCluster.java:125)
	at org.apache.ratis.MiniRaftCluster$Factory$Get.runWithNewCluster(MiniRaftCluster.java:113)
	at org.apache.ratis.server.impl.RaftReconfigurationBaseTest.testNoChangeRequest(RaftReconfigurationBaseTest.java:390)
	at sun.reflect.NativeMethodAccessorImpl.invoke0(Native Method)
	at sun.reflect.NativeMethodAccessorImpl.invoke(NativeMethodAccessorImpl.java:62)
	at sun.reflect.DelegatingMethodAccessorImpl.invoke(DelegatingMethodAccessorImpl.java:43)
	at java.lang.reflect.Method.invoke(Method.java:498)
	at org.junit.runners.model.FrameworkMethod$1.runReflectiveCall(FrameworkMethod.java:50)
	at org.junit.internal.runners.model.ReflectiveCallable.run(ReflectiveCallable.java:12)
	at org.junit.runners.model.FrameworkMethod.invokeExplosively(FrameworkMethod.java:47)
	at org.junit.internal.runners.statements.InvokeMethod.evaluate(InvokeMethod.java:17)
	at org.junit.internal.runners.statements.RunAfters.evaluate(RunAfters.java:27)
	at org.junit.internal.runners.statements.FailOnTimeout$CallableStatement.call(FailOnTimeout.java:298)
	at org.junit.internal.runners.statements.FailOnTimeout$CallableStatement.call(FailOnTimeout.java:292)
	at java.util.concurrent.FutureTask.run(FutureTask.java:266)
	at java.lang.Thread.run(Thread.java:748)
2019-09-24 17:01:54,509 WARN  ratis.RaftTestUtil (JavaUtils.java:attempt(158)) - FAILED "waitForLeader-null-(expectLeader? true)", attempt #7/100: java.lang.IllegalStateException: No leader yet : printing ALL groups
  s0:  RUNNING CANDIDATE s0@group-018C702B48E5:t4, leader=null, voted=s0, raftlog=s0@group-018C702B48E5-SegmentedRaftLog:OPENED:c-1,f-1,i0, conf=-1: [s0:0.0.0.0:34748, s1:0.0.0.0:43419, s2:0.0.0.0:39849], old=null RUNNING
  s1:  RUNNING  FOLLOWER s1@group-018C702B48E5:t3, leader=null, voted=null, raftlog=s1@group-018C702B48E5-SegmentedRaftLog:OPENED:c-1,f-1,i0, conf=0: [s0:0.0.0.0:34748, s1:0.0.0.0:43419, s2:0.0.0.0:39849], old=null RUNNING
  s2:  RUNNING  FOLLOWER s2@group-018C702B48E5:t3, leader=null, voted=null, raftlog=s2@group-018C702B48E5-SegmentedRaftLog:OPENED:c-1,f-1,i0, conf=0: [s0:0.0.0.0:34748, s1:0.0.0.0:43419, s2:0.0.0.0:39849], old=null RUNNING, sleep 450ms and then retry.
java.lang.IllegalStateException: No leader yet : printing ALL groups
  s0:  RUNNING CANDIDATE s0@group-018C702B48E5:t4, leader=null, voted=s0, raftlog=s0@group-018C702B48E5-SegmentedRaftLog:OPENED:c-1,f-1,i0, conf=-1: [s0:0.0.0.0:34748, s1:0.0.0.0:43419, s2:0.0.0.0:39849], old=null RUNNING
  s1:  RUNNING  FOLLOWER s1@group-018C702B48E5:t3, leader=null, voted=null, raftlog=s1@group-018C702B48E5-SegmentedRaftLog:OPENED:c-1,f-1,i0, conf=0: [s0:0.0.0.0:34748, s1:0.0.0.0:43419, s2:0.0.0.0:39849], old=null RUNNING
  s2:  RUNNING  FOLLOWER s2@group-018C702B48E5:t3, leader=null, voted=null, raftlog=s2@group-018C702B48E5-SegmentedRaftLog:OPENED:c-1,f-1,i0, conf=0: [s0:0.0.0.0:34748, s1:0.0.0.0:43419, s2:0.0.0.0:39849], old=null RUNNING
	at org.apache.ratis.MiniRaftCluster.newIllegalStateExceptionForNoLeaders(MiniRaftCluster.java:506)
	at org.apache.ratis.RaftTestUtil.lambda$waitForLeader$1(RaftTestUtil.java:90)
	at org.apache.ratis.MiniRaftCluster.getLeader(MiniRaftCluster.java:539)
	at org.apache.ratis.MiniRaftCluster.getLeader(MiniRaftCluster.java:532)
	at org.apache.ratis.RaftTestUtil.lambda$waitForLeader$3(RaftTestUtil.java:98)
	at org.apache.ratis.util.JavaUtils.attempt(JavaUtils.java:152)
	at org.apache.ratis.RaftTestUtil.waitForLeader(RaftTestUtil.java:97)
	at org.apache.ratis.RaftTestUtil.waitForLeader(RaftTestUtil.java:77)
	at org.apache.ratis.RaftTestUtil.waitForLeader(RaftTestUtil.java:72)
	at org.apache.ratis.server.impl.RaftReconfigurationBaseTest.runTestNoChangeRequest(RaftReconfigurationBaseTest.java:394)
	at org.apache.ratis.MiniRaftCluster$Factory$Get.runWithNewCluster(MiniRaftCluster.java:125)
	at org.apache.ratis.MiniRaftCluster$Factory$Get.runWithNewCluster(MiniRaftCluster.java:113)
	at org.apache.ratis.server.impl.RaftReconfigurationBaseTest.testNoChangeRequest(RaftReconfigurationBaseTest.java:390)
	at sun.reflect.NativeMethodAccessorImpl.invoke0(Native Method)
	at sun.reflect.NativeMethodAccessorImpl.invoke(NativeMethodAccessorImpl.java:62)
	at sun.reflect.DelegatingMethodAccessorImpl.invoke(DelegatingMethodAccessorImpl.java:43)
	at java.lang.reflect.Method.invoke(Method.java:498)
	at org.junit.runners.model.FrameworkMethod$1.runReflectiveCall(FrameworkMethod.java:50)
	at org.junit.internal.runners.model.ReflectiveCallable.run(ReflectiveCallable.java:12)
	at org.junit.runners.model.FrameworkMethod.invokeExplosively(FrameworkMethod.java:47)
	at org.junit.internal.runners.statements.InvokeMethod.evaluate(InvokeMethod.java:17)
	at org.junit.internal.runners.statements.RunAfters.evaluate(RunAfters.java:27)
	at org.junit.internal.runners.statements.FailOnTimeout$CallableStatement.call(FailOnTimeout.java:298)
	at org.junit.internal.runners.statements.FailOnTimeout$CallableStatement.call(FailOnTimeout.java:292)
	at java.util.concurrent.FutureTask.run(FutureTask.java:266)
	at java.lang.Thread.run(Thread.java:748)
2019-09-24 17:01:54,961 WARN  ratis.RaftTestUtil (JavaUtils.java:attempt(158)) - FAILED "waitForLeader-null-(expectLeader? true)", attempt #8/100: java.lang.IllegalStateException: No leader yet : printing ALL groups
  s0:  RUNNING CANDIDATE s0@group-018C702B48E5:t4, leader=null, voted=s0, raftlog=s0@group-018C702B48E5-SegmentedRaftLog:OPENED:c-1,f-1,i0, conf=-1: [s0:0.0.0.0:34748, s1:0.0.0.0:43419, s2:0.0.0.0:39849], old=null RUNNING
  s1:  RUNNING  FOLLOWER s1@group-018C702B48E5:t3, leader=null, voted=null, raftlog=s1@group-018C702B48E5-SegmentedRaftLog:OPENED:c-1,f-1,i0, conf=0: [s0:0.0.0.0:34748, s1:0.0.0.0:43419, s2:0.0.0.0:39849], old=null RUNNING
  s2:  RUNNING  FOLLOWER s2@group-018C702B48E5:t3, leader=null, voted=null, raftlog=s2@group-018C702B48E5-SegmentedRaftLog:OPENED:c-1,f-1,i0, conf=0: [s0:0.0.0.0:34748, s1:0.0.0.0:43419, s2:0.0.0.0:39849], old=null RUNNING, sleep 450ms and then retry.
java.lang.IllegalStateException: No leader yet : printing ALL groups
  s0:  RUNNING CANDIDATE s0@group-018C702B48E5:t4, leader=null, voted=s0, raftlog=s0@group-018C702B48E5-SegmentedRaftLog:OPENED:c-1,f-1,i0, conf=-1: [s0:0.0.0.0:34748, s1:0.0.0.0:43419, s2:0.0.0.0:39849], old=null RUNNING
  s1:  RUNNING  FOLLOWER s1@group-018C702B48E5:t3, leader=null, voted=null, raftlog=s1@group-018C702B48E5-SegmentedRaftLog:OPENED:c-1,f-1,i0, conf=0: [s0:0.0.0.0:34748, s1:0.0.0.0:43419, s2:0.0.0.0:39849], old=null RUNNING
  s2:  RUNNING  FOLLOWER s2@group-018C702B48E5:t3, leader=null, voted=null, raftlog=s2@group-018C702B48E5-SegmentedRaftLog:OPENED:c-1,f-1,i0, conf=0: [s0:0.0.0.0:34748, s1:0.0.0.0:43419, s2:0.0.0.0:39849], old=null RUNNING
	at org.apache.ratis.MiniRaftCluster.newIllegalStateExceptionForNoLeaders(MiniRaftCluster.java:506)
	at org.apache.ratis.RaftTestUtil.lambda$waitForLeader$1(RaftTestUtil.java:90)
	at org.apache.ratis.MiniRaftCluster.getLeader(MiniRaftCluster.java:539)
	at org.apache.ratis.MiniRaftCluster.getLeader(MiniRaftCluster.java:532)
	at org.apache.ratis.RaftTestUtil.lambda$waitForLeader$3(RaftTestUtil.java:98)
	at org.apache.ratis.util.JavaUtils.attempt(JavaUtils.java:152)
	at org.apache.ratis.RaftTestUtil.waitForLeader(RaftTestUtil.java:97)
	at org.apache.ratis.RaftTestUtil.waitForLeader(RaftTestUtil.java:77)
	at org.apache.ratis.RaftTestUtil.waitForLeader(RaftTestUtil.java:72)
	at org.apache.ratis.server.impl.RaftReconfigurationBaseTest.runTestNoChangeRequest(RaftReconfigurationBaseTest.java:394)
	at org.apache.ratis.MiniRaftCluster$Factory$Get.runWithNewCluster(MiniRaftCluster.java:125)
	at org.apache.ratis.MiniRaftCluster$Factory$Get.runWithNewCluster(MiniRaftCluster.java:113)
	at org.apache.ratis.server.impl.RaftReconfigurationBaseTest.testNoChangeRequest(RaftReconfigurationBaseTest.java:390)
	at sun.reflect.NativeMethodAccessorImpl.invoke0(Native Method)
	at sun.reflect.NativeMethodAccessorImpl.invoke(NativeMethodAccessorImpl.java:62)
	at sun.reflect.DelegatingMethodAccessorImpl.invoke(DelegatingMethodAccessorImpl.java:43)
	at java.lang.reflect.Method.invoke(Method.java:498)
	at org.junit.runners.model.FrameworkMethod$1.runReflectiveCall(FrameworkMethod.java:50)
	at org.junit.internal.runners.model.ReflectiveCallable.run(ReflectiveCallable.java:12)
	at org.junit.runners.model.FrameworkMethod.invokeExplosively(FrameworkMethod.java:47)
	at org.junit.internal.runners.statements.InvokeMethod.evaluate(InvokeMethod.java:17)
	at org.junit.internal.runners.statements.RunAfters.evaluate(RunAfters.java:27)
	at org.junit.internal.runners.statements.FailOnTimeout$CallableStatement.call(FailOnTimeout.java:298)
	at org.junit.internal.runners.statements.FailOnTimeout$CallableStatement.call(FailOnTimeout.java:292)
	at java.util.concurrent.FutureTask.run(FutureTask.java:266)
	at java.lang.Thread.run(Thread.java:748)
2019-09-24 17:01:55,414 WARN  ratis.RaftTestUtil (JavaUtils.java:attempt(158)) - FAILED "waitForLeader-null-(expectLeader? true)", attempt #9/100: java.lang.IllegalStateException: No leader yet : printing ALL groups
  s0:  RUNNING CANDIDATE s0@group-018C702B48E5:t4, leader=null, voted=s0, raftlog=s0@group-018C702B48E5-SegmentedRaftLog:OPENED:c-1,f-1,i0, conf=-1: [s0:0.0.0.0:34748, s1:0.0.0.0:43419, s2:0.0.0.0:39849], old=null RUNNING
  s1:  RUNNING  FOLLOWER s1@group-018C702B48E5:t3, leader=null, voted=null, raftlog=s1@group-018C702B48E5-SegmentedRaftLog:OPENED:c-1,f-1,i0, conf=0: [s0:0.0.0.0:34748, s1:0.0.0.0:43419, s2:0.0.0.0:39849], old=null RUNNING
  s2:  RUNNING  FOLLOWER s2@group-018C702B48E5:t3, leader=null, voted=null, raftlog=s2@group-018C702B48E5-SegmentedRaftLog:OPENED:c-1,f-1,i0, conf=0: [s0:0.0.0.0:34748, s1:0.0.0.0:43419, s2:0.0.0.0:39849], old=null RUNNING, sleep 450ms and then retry.
java.lang.IllegalStateException: No leader yet : printing ALL groups
  s0:  RUNNING CANDIDATE s0@group-018C702B48E5:t4, leader=null, voted=s0, raftlog=s0@group-018C702B48E5-SegmentedRaftLog:OPENED:c-1,f-1,i0, conf=-1: [s0:0.0.0.0:34748, s1:0.0.0.0:43419, s2:0.0.0.0:39849], old=null RUNNING
  s1:  RUNNING  FOLLOWER s1@group-018C702B48E5:t3, leader=null, voted=null, raftlog=s1@group-018C702B48E5-SegmentedRaftLog:OPENED:c-1,f-1,i0, conf=0: [s0:0.0.0.0:34748, s1:0.0.0.0:43419, s2:0.0.0.0:39849], old=null RUNNING
  s2:  RUNNING  FOLLOWER s2@group-018C702B48E5:t3, leader=null, voted=null, raftlog=s2@group-018C702B48E5-SegmentedRaftLog:OPENED:c-1,f-1,i0, conf=0: [s0:0.0.0.0:34748, s1:0.0.0.0:43419, s2:0.0.0.0:39849], old=null RUNNING
	at org.apache.ratis.MiniRaftCluster.newIllegalStateExceptionForNoLeaders(MiniRaftCluster.java:506)
	at org.apache.ratis.RaftTestUtil.lambda$waitForLeader$1(RaftTestUtil.java:90)
	at org.apache.ratis.MiniRaftCluster.getLeader(MiniRaftCluster.java:539)
	at org.apache.ratis.MiniRaftCluster.getLeader(MiniRaftCluster.java:532)
	at org.apache.ratis.RaftTestUtil.lambda$waitForLeader$3(RaftTestUtil.java:98)
	at org.apache.ratis.util.JavaUtils.attempt(JavaUtils.java:152)
	at org.apache.ratis.RaftTestUtil.waitForLeader(RaftTestUtil.java:97)
	at org.apache.ratis.RaftTestUtil.waitForLeader(RaftTestUtil.java:77)
	at org.apache.ratis.RaftTestUtil.waitForLeader(RaftTestUtil.java:72)
	at org.apache.ratis.server.impl.RaftReconfigurationBaseTest.runTestNoChangeRequest(RaftReconfigurationBaseTest.java:394)
	at org.apache.ratis.MiniRaftCluster$Factory$Get.runWithNewCluster(MiniRaftCluster.java:125)
	at org.apache.ratis.MiniRaftCluster$Factory$Get.runWithNewCluster(MiniRaftCluster.java:113)
	at org.apache.ratis.server.impl.RaftReconfigurationBaseTest.testNoChangeRequest(RaftReconfigurationBaseTest.java:390)
	at sun.reflect.NativeMethodAccessorImpl.invoke0(Native Method)
	at sun.reflect.NativeMethodAccessorImpl.invoke(NativeMethodAccessorImpl.java:62)
	at sun.reflect.DelegatingMethodAccessorImpl.invoke(DelegatingMethodAccessorImpl.java:43)
	at java.lang.reflect.Method.invoke(Method.java:498)
	at org.junit.runners.model.FrameworkMethod$1.runReflectiveCall(FrameworkMethod.java:50)
	at org.junit.internal.runners.model.ReflectiveCallable.run(ReflectiveCallable.java:12)
	at org.junit.runners.model.FrameworkMethod.invokeExplosively(FrameworkMethod.java:47)
	at org.junit.internal.runners.statements.InvokeMethod.evaluate(InvokeMethod.java:17)
	at org.junit.internal.runners.statements.RunAfters.evaluate(RunAfters.java:27)
	at org.junit.internal.runners.statements.FailOnTimeout$CallableStatement.call(FailOnTimeout.java:298)
	at org.junit.internal.runners.statements.FailOnTimeout$CallableStatement.call(FailOnTimeout.java:292)
	at java.util.concurrent.FutureTask.run(FutureTask.java:266)
	at java.lang.Thread.run(Thread.java:748)
2019-09-24 17:01:55,867 WARN  ratis.RaftTestUtil (JavaUtils.java:attempt(158)) - FAILED "waitForLeader-null-(expectLeader? true)", attempt #10/100: java.lang.IllegalStateException: No leader yet : printing ALL groups
  s0:  RUNNING CANDIDATE s0@group-018C702B48E5:t4, leader=null, voted=s0, raftlog=s0@group-018C702B48E5-SegmentedRaftLog:OPENED:c-1,f-1,i0, conf=-1: [s0:0.0.0.0:34748, s1:0.0.0.0:43419, s2:0.0.0.0:39849], old=null RUNNING
  s1:  RUNNING  FOLLOWER s1@group-018C702B48E5:t3, leader=null, voted=null, raftlog=s1@group-018C702B48E5-SegmentedRaftLog:OPENED:c-1,f-1,i0, conf=0: [s0:0.0.0.0:34748, s1:0.0.0.0:43419, s2:0.0.0.0:39849], old=null RUNNING
  s2:  RUNNING  FOLLOWER s2@group-018C702B48E5:t3, leader=null, voted=null, raftlog=s2@group-018C702B48E5-SegmentedRaftLog:OPENED:c-1,f-1,i0, conf=0: [s0:0.0.0.0:34748, s1:0.0.0.0:43419, s2:0.0.0.0:39849], old=null RUNNING, sleep 450ms and then retry.
java.lang.IllegalStateException: No leader yet : printing ALL groups
  s0:  RUNNING CANDIDATE s0@group-018C702B48E5:t4, leader=null, voted=s0, raftlog=s0@group-018C702B48E5-SegmentedRaftLog:OPENED:c-1,f-1,i0, conf=-1: [s0:0.0.0.0:34748, s1:0.0.0.0:43419, s2:0.0.0.0:39849], old=null RUNNING
  s1:  RUNNING  FOLLOWER s1@group-018C702B48E5:t3, leader=null, voted=null, raftlog=s1@group-018C702B48E5-SegmentedRaftLog:OPENED:c-1,f-1,i0, conf=0: [s0:0.0.0.0:34748, s1:0.0.0.0:43419, s2:0.0.0.0:39849], old=null RUNNING
  s2:  RUNNING  FOLLOWER s2@group-018C702B48E5:t3, leader=null, voted=null, raftlog=s2@group-018C702B48E5-SegmentedRaftLog:OPENED:c-1,f-1,i0, conf=0: [s0:0.0.0.0:34748, s1:0.0.0.0:43419, s2:0.0.0.0:39849], old=null RUNNING
	at org.apache.ratis.MiniRaftCluster.newIllegalStateExceptionForNoLeaders(MiniRaftCluster.java:506)
	at org.apache.ratis.RaftTestUtil.lambda$waitForLeader$1(RaftTestUtil.java:90)
	at org.apache.ratis.MiniRaftCluster.getLeader(MiniRaftCluster.java:539)
	at org.apache.ratis.MiniRaftCluster.getLeader(MiniRaftCluster.java:532)
	at org.apache.ratis.RaftTestUtil.lambda$waitForLeader$3(RaftTestUtil.java:98)
	at org.apache.ratis.util.JavaUtils.attempt(JavaUtils.java:152)
	at org.apache.ratis.RaftTestUtil.waitForLeader(RaftTestUtil.java:97)
	at org.apache.ratis.RaftTestUtil.waitForLeader(RaftTestUtil.java:77)
	at org.apache.ratis.RaftTestUtil.waitForLeader(RaftTestUtil.java:72)
	at org.apache.ratis.server.impl.RaftReconfigurationBaseTest.runTestNoChangeRequest(RaftReconfigurationBaseTest.java:394)
	at org.apache.ratis.MiniRaftCluster$Factory$Get.runWithNewCluster(MiniRaftCluster.java:125)
	at org.apache.ratis.MiniRaftCluster$Factory$Get.runWithNewCluster(MiniRaftCluster.java:113)
	at org.apache.ratis.server.impl.RaftReconfigurationBaseTest.testNoChangeRequest(RaftReconfigurationBaseTest.java:390)
	at sun.reflect.NativeMethodAccessorImpl.invoke0(Native Method)
	at sun.reflect.NativeMethodAccessorImpl.invoke(NativeMethodAccessorImpl.java:62)
	at sun.reflect.DelegatingMethodAccessorImpl.invoke(DelegatingMethodAccessorImpl.java:43)
	at java.lang.reflect.Method.invoke(Method.java:498)
	at org.junit.runners.model.FrameworkMethod$1.runReflectiveCall(FrameworkMethod.java:50)
	at org.junit.internal.runners.model.ReflectiveCallable.run(ReflectiveCallable.java:12)
	at org.junit.runners.model.FrameworkMethod.invokeExplosively(FrameworkMethod.java:47)
	at org.junit.internal.runners.statements.InvokeMethod.evaluate(InvokeMethod.java:17)
	at org.junit.internal.runners.statements.RunAfters.evaluate(RunAfters.java:27)
	at org.junit.internal.runners.statements.FailOnTimeout$CallableStatement.call(FailOnTimeout.java:298)
	at org.junit.internal.runners.statements.FailOnTimeout$CallableStatement.call(FailOnTimeout.java:292)
	at java.util.concurrent.FutureTask.run(FutureTask.java:266)
	at java.lang.Thread.run(Thread.java:748)
2019-09-24 17:01:56,319 WARN  ratis.RaftTestUtil (JavaUtils.java:attempt(158)) - FAILED "waitForLeader-null-(expectLeader? true)", attempt #11/100: java.lang.IllegalStateException: No leader yet : printing ALL groups
  s0:  RUNNING CANDIDATE s0@group-018C702B48E5:t4, leader=null, voted=s0, raftlog=s0@group-018C702B48E5-SegmentedRaftLog:OPENED:c-1,f-1,i0, conf=-1: [s0:0.0.0.0:34748, s1:0.0.0.0:43419, s2:0.0.0.0:39849], old=null RUNNING
  s1:  RUNNING  FOLLOWER s1@group-018C702B48E5:t3, leader=null, voted=null, raftlog=s1@group-018C702B48E5-SegmentedRaftLog:OPENED:c-1,f-1,i0, conf=0: [s0:0.0.0.0:34748, s1:0.0.0.0:43419, s2:0.0.0.0:39849], old=null RUNNING
  s2:  RUNNING  FOLLOWER s2@group-018C702B48E5:t3, leader=null, voted=null, raftlog=s2@group-018C702B48E5-SegmentedRaftLog:OPENED:c-1,f-1,i0, conf=0: [s0:0.0.0.0:34748, s1:0.0.0.0:43419, s2:0.0.0.0:39849], old=null RUNNING, sleep 450ms and then retry.
java.lang.IllegalStateException: No leader yet : printing ALL groups
  s0:  RUNNING CANDIDATE s0@group-018C702B48E5:t4, leader=null, voted=s0, raftlog=s0@group-018C702B48E5-SegmentedRaftLog:OPENED:c-1,f-1,i0, conf=-1: [s0:0.0.0.0:34748, s1:0.0.0.0:43419, s2:0.0.0.0:39849], old=null RUNNING
  s1:  RUNNING  FOLLOWER s1@group-018C702B48E5:t3, leader=null, voted=null, raftlog=s1@group-018C702B48E5-SegmentedRaftLog:OPENED:c-1,f-1,i0, conf=0: [s0:0.0.0.0:34748, s1:0.0.0.0:43419, s2:0.0.0.0:39849], old=null RUNNING
  s2:  RUNNING  FOLLOWER s2@group-018C702B48E5:t3, leader=null, voted=null, raftlog=s2@group-018C702B48E5-SegmentedRaftLog:OPENED:c-1,f-1,i0, conf=0: [s0:0.0.0.0:34748, s1:0.0.0.0:43419, s2:0.0.0.0:39849], old=null RUNNING
	at org.apache.ratis.MiniRaftCluster.newIllegalStateExceptionForNoLeaders(MiniRaftCluster.java:506)
	at org.apache.ratis.RaftTestUtil.lambda$waitForLeader$1(RaftTestUtil.java:90)
	at org.apache.ratis.MiniRaftCluster.getLeader(MiniRaftCluster.java:539)
	at org.apache.ratis.MiniRaftCluster.getLeader(MiniRaftCluster.java:532)
	at org.apache.ratis.RaftTestUtil.lambda$waitForLeader$3(RaftTestUtil.java:98)
	at org.apache.ratis.util.JavaUtils.attempt(JavaUtils.java:152)
	at org.apache.ratis.RaftTestUtil.waitForLeader(RaftTestUtil.java:97)
	at org.apache.ratis.RaftTestUtil.waitForLeader(RaftTestUtil.java:77)
	at org.apache.ratis.RaftTestUtil.waitForLeader(RaftTestUtil.java:72)
	at org.apache.ratis.server.impl.RaftReconfigurationBaseTest.runTestNoChangeRequest(RaftReconfigurationBaseTest.java:394)
	at org.apache.ratis.MiniRaftCluster$Factory$Get.runWithNewCluster(MiniRaftCluster.java:125)
	at org.apache.ratis.MiniRaftCluster$Factory$Get.runWithNewCluster(MiniRaftCluster.java:113)
	at org.apache.ratis.server.impl.RaftReconfigurationBaseTest.testNoChangeRequest(RaftReconfigurationBaseTest.java:390)
	at sun.reflect.NativeMethodAccessorImpl.invoke0(Native Method)
	at sun.reflect.NativeMethodAccessorImpl.invoke(NativeMethodAccessorImpl.java:62)
	at sun.reflect.DelegatingMethodAccessorImpl.invoke(DelegatingMethodAccessorImpl.java:43)
	at java.lang.reflect.Method.invoke(Method.java:498)
	at org.junit.runners.model.FrameworkMethod$1.runReflectiveCall(FrameworkMethod.java:50)
	at org.junit.internal.runners.model.ReflectiveCallable.run(ReflectiveCallable.java:12)
	at org.junit.runners.model.FrameworkMethod.invokeExplosively(FrameworkMethod.java:47)
	at org.junit.internal.runners.statements.InvokeMethod.evaluate(InvokeMethod.java:17)
	at org.junit.internal.runners.statements.RunAfters.evaluate(RunAfters.java:27)
	at org.junit.internal.runners.statements.FailOnTimeout$CallableStatement.call(FailOnTimeout.java:298)
	at org.junit.internal.runners.statements.FailOnTimeout$CallableStatement.call(FailOnTimeout.java:292)
	at java.util.concurrent.FutureTask.run(FutureTask.java:266)
	at java.lang.Thread.run(Thread.java:748)
2019-09-24 17:01:56,772 WARN  ratis.RaftTestUtil (JavaUtils.java:attempt(158)) - FAILED "waitForLeader-null-(expectLeader? true)", attempt #12/100: java.lang.IllegalStateException: No leader yet : printing ALL groups
  s0:  RUNNING CANDIDATE s0@group-018C702B48E5:t4, leader=null, voted=s0, raftlog=s0@group-018C702B48E5-SegmentedRaftLog:OPENED:c-1,f-1,i0, conf=-1: [s0:0.0.0.0:34748, s1:0.0.0.0:43419, s2:0.0.0.0:39849], old=null RUNNING
  s1:  RUNNING  FOLLOWER s1@group-018C702B48E5:t3, leader=null, voted=null, raftlog=s1@group-018C702B48E5-SegmentedRaftLog:OPENED:c-1,f-1,i0, conf=0: [s0:0.0.0.0:34748, s1:0.0.0.0:43419, s2:0.0.0.0:39849], old=null RUNNING
  s2:  RUNNING  FOLLOWER s2@group-018C702B48E5:t3, leader=null, voted=null, raftlog=s2@group-018C702B48E5-SegmentedRaftLog:OPENED:c-1,f-1,i0, conf=0: [s0:0.0.0.0:34748, s1:0.0.0.0:43419, s2:0.0.0.0:39849], old=null RUNNING, sleep 450ms and then retry.
java.lang.IllegalStateException: No leader yet : printing ALL groups
  s0:  RUNNING CANDIDATE s0@group-018C702B48E5:t4, leader=null, voted=s0, raftlog=s0@group-018C702B48E5-SegmentedRaftLog:OPENED:c-1,f-1,i0, conf=-1: [s0:0.0.0.0:34748, s1:0.0.0.0:43419, s2:0.0.0.0:39849], old=null RUNNING
  s1:  RUNNING  FOLLOWER s1@group-018C702B48E5:t3, leader=null, voted=null, raftlog=s1@group-018C702B48E5-SegmentedRaftLog:OPENED:c-1,f-1,i0, conf=0: [s0:0.0.0.0:34748, s1:0.0.0.0:43419, s2:0.0.0.0:39849], old=null RUNNING
  s2:  RUNNING  FOLLOWER s2@group-018C702B48E5:t3, leader=null, voted=null, raftlog=s2@group-018C702B48E5-SegmentedRaftLog:OPENED:c-1,f-1,i0, conf=0: [s0:0.0.0.0:34748, s1:0.0.0.0:43419, s2:0.0.0.0:39849], old=null RUNNING
	at org.apache.ratis.MiniRaftCluster.newIllegalStateExceptionForNoLeaders(MiniRaftCluster.java:506)
	at org.apache.ratis.RaftTestUtil.lambda$waitForLeader$1(RaftTestUtil.java:90)
	at org.apache.ratis.MiniRaftCluster.getLeader(MiniRaftCluster.java:539)
	at org.apache.ratis.MiniRaftCluster.getLeader(MiniRaftCluster.java:532)
	at org.apache.ratis.RaftTestUtil.lambda$waitForLeader$3(RaftTestUtil.java:98)
	at org.apache.ratis.util.JavaUtils.attempt(JavaUtils.java:152)
	at org.apache.ratis.RaftTestUtil.waitForLeader(RaftTestUtil.java:97)
	at org.apache.ratis.RaftTestUtil.waitForLeader(RaftTestUtil.java:77)
	at org.apache.ratis.RaftTestUtil.waitForLeader(RaftTestUtil.java:72)
	at org.apache.ratis.server.impl.RaftReconfigurationBaseTest.runTestNoChangeRequest(RaftReconfigurationBaseTest.java:394)
	at org.apache.ratis.MiniRaftCluster$Factory$Get.runWithNewCluster(MiniRaftCluster.java:125)
	at org.apache.ratis.MiniRaftCluster$Factory$Get.runWithNewCluster(MiniRaftCluster.java:113)
	at org.apache.ratis.server.impl.RaftReconfigurationBaseTest.testNoChangeRequest(RaftReconfigurationBaseTest.java:390)
	at sun.reflect.NativeMethodAccessorImpl.invoke0(Native Method)
	at sun.reflect.NativeMethodAccessorImpl.invoke(NativeMethodAccessorImpl.java:62)
	at sun.reflect.DelegatingMethodAccessorImpl.invoke(DelegatingMethodAccessorImpl.java:43)
	at java.lang.reflect.Method.invoke(Method.java:498)
	at org.junit.runners.model.FrameworkMethod$1.runReflectiveCall(FrameworkMethod.java:50)
	at org.junit.internal.runners.model.ReflectiveCallable.run(ReflectiveCallable.java:12)
	at org.junit.runners.model.FrameworkMethod.invokeExplosively(FrameworkMethod.java:47)
	at org.junit.internal.runners.statements.InvokeMethod.evaluate(InvokeMethod.java:17)
	at org.junit.internal.runners.statements.RunAfters.evaluate(RunAfters.java:27)
	at org.junit.internal.runners.statements.FailOnTimeout$CallableStatement.call(FailOnTimeout.java:298)
	at org.junit.internal.runners.statements.FailOnTimeout$CallableStatement.call(FailOnTimeout.java:292)
	at java.util.concurrent.FutureTask.run(FutureTask.java:266)
	at java.lang.Thread.run(Thread.java:748)
2019-09-24 17:01:57,224 WARN  ratis.RaftTestUtil (JavaUtils.java:attempt(158)) - FAILED "waitForLeader-null-(expectLeader? true)", attempt #13/100: java.lang.IllegalStateException: No leader yet : printing ALL groups
  s0:  RUNNING CANDIDATE s0@group-018C702B48E5:t4, leader=null, voted=s0, raftlog=s0@group-018C702B48E5-SegmentedRaftLog:OPENED:c-1,f-1,i0, conf=-1: [s0:0.0.0.0:34748, s1:0.0.0.0:43419, s2:0.0.0.0:39849], old=null RUNNING
  s1:  RUNNING  FOLLOWER s1@group-018C702B48E5:t3, leader=null, voted=null, raftlog=s1@group-018C702B48E5-SegmentedRaftLog:OPENED:c-1,f-1,i0, conf=0: [s0:0.0.0.0:34748, s1:0.0.0.0:43419, s2:0.0.0.0:39849], old=null RUNNING
  s2:  RUNNING  FOLLOWER s2@group-018C702B48E5:t3, leader=null, voted=null, raftlog=s2@group-018C702B48E5-SegmentedRaftLog:OPENED:c-1,f-1,i0, conf=0: [s0:0.0.0.0:34748, s1:0.0.0.0:43419, s2:0.0.0.0:39849], old=null RUNNING, sleep 450ms and then retry.
java.lang.IllegalStateException: No leader yet : printing ALL groups
  s0:  RUNNING CANDIDATE s0@group-018C702B48E5:t4, leader=null, voted=s0, raftlog=s0@group-018C702B48E5-SegmentedRaftLog:OPENED:c-1,f-1,i0, conf=-1: [s0:0.0.0.0:34748, s1:0.0.0.0:43419, s2:0.0.0.0:39849], old=null RUNNING
  s1:  RUNNING  FOLLOWER s1@group-018C702B48E5:t3, leader=null, voted=null, raftlog=s1@group-018C702B48E5-SegmentedRaftLog:OPENED:c-1,f-1,i0, conf=0: [s0:0.0.0.0:34748, s1:0.0.0.0:43419, s2:0.0.0.0:39849], old=null RUNNING
  s2:  RUNNING  FOLLOWER s2@group-018C702B48E5:t3, leader=null, voted=null, raftlog=s2@group-018C702B48E5-SegmentedRaftLog:OPENED:c-1,f-1,i0, conf=0: [s0:0.0.0.0:34748, s1:0.0.0.0:43419, s2:0.0.0.0:39849], old=null RUNNING
	at org.apache.ratis.MiniRaftCluster.newIllegalStateExceptionForNoLeaders(MiniRaftCluster.java:506)
	at org.apache.ratis.RaftTestUtil.lambda$waitForLeader$1(RaftTestUtil.java:90)
	at org.apache.ratis.MiniRaftCluster.getLeader(MiniRaftCluster.java:539)
	at org.apache.ratis.MiniRaftCluster.getLeader(MiniRaftCluster.java:532)
	at org.apache.ratis.RaftTestUtil.lambda$waitForLeader$3(RaftTestUtil.java:98)
	at org.apache.ratis.util.JavaUtils.attempt(JavaUtils.java:152)
	at org.apache.ratis.RaftTestUtil.waitForLeader(RaftTestUtil.java:97)
	at org.apache.ratis.RaftTestUtil.waitForLeader(RaftTestUtil.java:77)
	at org.apache.ratis.RaftTestUtil.waitForLeader(RaftTestUtil.java:72)
	at org.apache.ratis.server.impl.RaftReconfigurationBaseTest.runTestNoChangeRequest(RaftReconfigurationBaseTest.java:394)
	at org.apache.ratis.MiniRaftCluster$Factory$Get.runWithNewCluster(MiniRaftCluster.java:125)
	at org.apache.ratis.MiniRaftCluster$Factory$Get.runWithNewCluster(MiniRaftCluster.java:113)
	at org.apache.ratis.server.impl.RaftReconfigurationBaseTest.testNoChangeRequest(RaftReconfigurationBaseTest.java:390)
	at sun.reflect.NativeMethodAccessorImpl.invoke0(Native Method)
	at sun.reflect.NativeMethodAccessorImpl.invoke(NativeMethodAccessorImpl.java:62)
	at sun.reflect.DelegatingMethodAccessorImpl.invoke(DelegatingMethodAccessorImpl.java:43)
	at java.lang.reflect.Method.invoke(Method.java:498)
	at org.junit.runners.model.FrameworkMethod$1.runReflectiveCall(FrameworkMethod.java:50)
	at org.junit.internal.runners.model.ReflectiveCallable.run(ReflectiveCallable.java:12)
	at org.junit.runners.model.FrameworkMethod.invokeExplosively(FrameworkMethod.java:47)
	at org.junit.internal.runners.statements.InvokeMethod.evaluate(InvokeMethod.java:17)
	at org.junit.internal.runners.statements.RunAfters.evaluate(RunAfters.java:27)
	at org.junit.internal.runners.statements.FailOnTimeout$CallableStatement.call(FailOnTimeout.java:298)
	at org.junit.internal.runners.statements.FailOnTimeout$CallableStatement.call(FailOnTimeout.java:292)
	at java.util.concurrent.FutureTask.run(FutureTask.java:266)
	at java.lang.Thread.run(Thread.java:748)
2019-09-24 17:01:57,676 WARN  ratis.RaftTestUtil (JavaUtils.java:attempt(158)) - FAILED "waitForLeader-null-(expectLeader? true)", attempt #14/100: java.lang.IllegalStateException: No leader yet : printing ALL groups
  s0:  RUNNING CANDIDATE s0@group-018C702B48E5:t4, leader=null, voted=s0, raftlog=s0@group-018C702B48E5-SegmentedRaftLog:OPENED:c-1,f-1,i0, conf=-1: [s0:0.0.0.0:34748, s1:0.0.0.0:43419, s2:0.0.0.0:39849], old=null RUNNING
  s1:  RUNNING  FOLLOWER s1@group-018C702B48E5:t3, leader=null, voted=null, raftlog=s1@group-018C702B48E5-SegmentedRaftLog:OPENED:c-1,f-1,i0, conf=0: [s0:0.0.0.0:34748, s1:0.0.0.0:43419, s2:0.0.0.0:39849], old=null RUNNING
  s2:  RUNNING  FOLLOWER s2@group-018C702B48E5:t3, leader=null, voted=null, raftlog=s2@group-018C702B48E5-SegmentedRaftLog:OPENED:c-1,f-1,i0, conf=0: [s0:0.0.0.0:34748, s1:0.0.0.0:43419, s2:0.0.0.0:39849], old=null RUNNING, sleep 450ms and then retry.
java.lang.IllegalStateException: No leader yet : printing ALL groups
  s0:  RUNNING CANDIDATE s0@group-018C702B48E5:t4, leader=null, voted=s0, raftlog=s0@group-018C702B48E5-SegmentedRaftLog:OPENED:c-1,f-1,i0, conf=-1: [s0:0.0.0.0:34748, s1:0.0.0.0:43419, s2:0.0.0.0:39849], old=null RUNNING
  s1:  RUNNING  FOLLOWER s1@group-018C702B48E5:t3, leader=null, voted=null, raftlog=s1@group-018C702B48E5-SegmentedRaftLog:OPENED:c-1,f-1,i0, conf=0: [s0:0.0.0.0:34748, s1:0.0.0.0:43419, s2:0.0.0.0:39849], old=null RUNNING
  s2:  RUNNING  FOLLOWER s2@group-018C702B48E5:t3, leader=null, voted=null, raftlog=s2@group-018C702B48E5-SegmentedRaftLog:OPENED:c-1,f-1,i0, conf=0: [s0:0.0.0.0:34748, s1:0.0.0.0:43419, s2:0.0.0.0:39849], old=null RUNNING
	at org.apache.ratis.MiniRaftCluster.newIllegalStateExceptionForNoLeaders(MiniRaftCluster.java:506)
	at org.apache.ratis.RaftTestUtil.lambda$waitForLeader$1(RaftTestUtil.java:90)
	at org.apache.ratis.MiniRaftCluster.getLeader(MiniRaftCluster.java:539)
	at org.apache.ratis.MiniRaftCluster.getLeader(MiniRaftCluster.java:532)
	at org.apache.ratis.RaftTestUtil.lambda$waitForLeader$3(RaftTestUtil.java:98)
	at org.apache.ratis.util.JavaUtils.attempt(JavaUtils.java:152)
	at org.apache.ratis.RaftTestUtil.waitForLeader(RaftTestUtil.java:97)
	at org.apache.ratis.RaftTestUtil.waitForLeader(RaftTestUtil.java:77)
	at org.apache.ratis.RaftTestUtil.waitForLeader(RaftTestUtil.java:72)
	at org.apache.ratis.server.impl.RaftReconfigurationBaseTest.runTestNoChangeRequest(RaftReconfigurationBaseTest.java:394)
	at org.apache.ratis.MiniRaftCluster$Factory$Get.runWithNewCluster(MiniRaftCluster.java:125)
	at org.apache.ratis.MiniRaftCluster$Factory$Get.runWithNewCluster(MiniRaftCluster.java:113)
	at org.apache.ratis.server.impl.RaftReconfigurationBaseTest.testNoChangeRequest(RaftReconfigurationBaseTest.java:390)
	at sun.reflect.NativeMethodAccessorImpl.invoke0(Native Method)
	at sun.reflect.NativeMethodAccessorImpl.invoke(NativeMethodAccessorImpl.java:62)
	at sun.reflect.DelegatingMethodAccessorImpl.invoke(DelegatingMethodAccessorImpl.java:43)
	at java.lang.reflect.Method.invoke(Method.java:498)
	at org.junit.runners.model.FrameworkMethod$1.runReflectiveCall(FrameworkMethod.java:50)
	at org.junit.internal.runners.model.ReflectiveCallable.run(ReflectiveCallable.java:12)
	at org.junit.runners.model.FrameworkMethod.invokeExplosively(FrameworkMethod.java:47)
	at org.junit.internal.runners.statements.InvokeMethod.evaluate(InvokeMethod.java:17)
	at org.junit.internal.runners.statements.RunAfters.evaluate(RunAfters.java:27)
	at org.junit.internal.runners.statements.FailOnTimeout$CallableStatement.call(FailOnTimeout.java:298)
	at org.junit.internal.runners.statements.FailOnTimeout$CallableStatement.call(FailOnTimeout.java:292)
	at java.util.concurrent.FutureTask.run(FutureTask.java:266)
	at java.lang.Thread.run(Thread.java:748)
2019-09-24 17:01:58,049 DEBUG impl.RaftServerImpl (RaftServerImpl.java:requestVote(775)) - s1@group-018C702B48E5 replies to vote request: s0<-s1#0:FAIL-t3. Peer's state: s1@group-018C702B48E5:t3, leader=null, voted=null, raftlog=s1@group-018C702B48E5-SegmentedRaftLog:OPENED:c-1,f-1,i0, conf=0: [s0:0.0.0.0:34748, s1:0.0.0.0:43419, s2:0.0.0.0:39849], old=null
2019-09-24 17:01:58,049 DEBUG impl.RaftServerImpl (RaftServerImpl.java:requestVote(775)) - s2@group-018C702B48E5 replies to vote request: s0<-s2#0:FAIL-t3. Peer's state: s2@group-018C702B48E5:t3, leader=null, voted=null, raftlog=s2@group-018C702B48E5-SegmentedRaftLog:OPENED:c-1,f-1,i0, conf=0: [s0:0.0.0.0:34748, s1:0.0.0.0:43419, s2:0.0.0.0:39849], old=null
2019-09-24 17:01:58,050 INFO  impl.FollowerState (FollowerState.java:run(108)) - s1@group-018C702B48E5-FollowerState: change to CANDIDATE, lastRpcTime:5353ms, electionTimeout:159ms
2019-09-24 17:01:58,050 INFO  impl.FollowerState (FollowerState.java:run(108)) - s2@group-018C702B48E5-FollowerState: change to CANDIDATE, lastRpcTime:5360ms, electionTimeout:218ms
2019-09-24 17:01:58,051 INFO  impl.RoleInfo (RoleInfo.java:shutdownFollowerState(121)) - s1: shutdown FollowerState
2019-09-24 17:01:58,051 INFO  impl.RoleInfo (RoleInfo.java:shutdownFollowerState(121)) - s2: shutdown FollowerState
2019-09-24 17:01:58,051 INFO  impl.RaftServerImpl (RaftServerImpl.java:setRole(170)) - s1@group-018C702B48E5: changes role from  FOLLOWER to CANDIDATE at term 3 for changeToCandidate
2019-09-24 17:01:58,051 INFO  impl.RaftServerImpl (RaftServerImpl.java:setRole(170)) - s2@group-018C702B48E5: changes role from  FOLLOWER to CANDIDATE at term 3 for changeToCandidate
2019-09-24 17:01:58,051 INFO  impl.RoleInfo (RoleInfo.java:updateAndGet(143)) - s1: start LeaderElection
2019-09-24 17:01:58,051 INFO  impl.RoleInfo (RoleInfo.java:updateAndGet(143)) - s2: start LeaderElection
2019-09-24 17:01:58,128 WARN  ratis.RaftTestUtil (JavaUtils.java:attempt(158)) - FAILED "waitForLeader-null-(expectLeader? true)", attempt #15/100: java.lang.IllegalStateException: No leader yet : printing ALL groups
  s0:  RUNNING CANDIDATE s0@group-018C702B48E5:t4, leader=null, voted=s0, raftlog=s0@group-018C702B48E5-SegmentedRaftLog:OPENED:c-1,f-1,i0, conf=-1: [s0:0.0.0.0:34748, s1:0.0.0.0:43419, s2:0.0.0.0:39849], old=null RUNNING
  s1:  RUNNING CANDIDATE s1@group-018C702B48E5:t4, leader=null, voted=s1, raftlog=s1@group-018C702B48E5-SegmentedRaftLog:OPENED:c-1,f-1,i0, conf=0: [s0:0.0.0.0:34748, s1:0.0.0.0:43419, s2:0.0.0.0:39849], old=null RUNNING
  s2:  RUNNING CANDIDATE s2@group-018C702B48E5:t4, leader=null, voted=s2, raftlog=s2@group-018C702B48E5-SegmentedRaftLog:OPENED:c-1,f-1,i0, conf=0: [s0:0.0.0.0:34748, s1:0.0.0.0:43419, s2:0.0.0.0:39849], old=null RUNNING, sleep 450ms and then retry.
java.lang.IllegalStateException: No leader yet : printing ALL groups
  s0:  RUNNING CANDIDATE s0@group-018C702B48E5:t4, leader=null, voted=s0, raftlog=s0@group-018C702B48E5-SegmentedRaftLog:OPENED:c-1,f-1,i0, conf=-1: [s0:0.0.0.0:34748, s1:0.0.0.0:43419, s2:0.0.0.0:39849], old=null RUNNING
  s1:  RUNNING CANDIDATE s1@group-018C702B48E5:t4, leader=null, voted=s1, raftlog=s1@group-018C702B48E5-SegmentedRaftLog:OPENED:c-1,f-1,i0, conf=0: [s0:0.0.0.0:34748, s1:0.0.0.0:43419, s2:0.0.0.0:39849], old=null RUNNING
  s2:  RUNNING CANDIDATE s2@group-018C702B48E5:t4, leader=null, voted=s2, raftlog=s2@group-018C702B48E5-SegmentedRaftLog:OPENED:c-1,f-1,i0, conf=0: [s0:0.0.0.0:34748, s1:0.0.0.0:43419, s2:0.0.0.0:39849], old=null RUNNING
	at org.apache.ratis.MiniRaftCluster.newIllegalStateExceptionForNoLeaders(MiniRaftCluster.java:506)
	at org.apache.ratis.RaftTestUtil.lambda$waitForLeader$1(RaftTestUtil.java:90)
	at org.apache.ratis.MiniRaftCluster.getLeader(MiniRaftCluster.java:539)
	at org.apache.ratis.MiniRaftCluster.getLeader(MiniRaftCluster.java:532)
	at org.apache.ratis.RaftTestUtil.lambda$waitForLeader$3(RaftTestUtil.java:98)
	at org.apache.ratis.util.JavaUtils.attempt(JavaUtils.java:152)
	at org.apache.ratis.RaftTestUtil.waitForLeader(RaftTestUtil.java:97)
	at org.apache.ratis.RaftTestUtil.waitForLeader(RaftTestUtil.java:77)
	at org.apache.ratis.RaftTestUtil.waitForLeader(RaftTestUtil.java:72)
	at org.apache.ratis.server.impl.RaftReconfigurationBaseTest.runTestNoChangeRequest(RaftReconfigurationBaseTest.java:394)
	at org.apache.ratis.MiniRaftCluster$Factory$Get.runWithNewCluster(MiniRaftCluster.java:125)
	at org.apache.ratis.MiniRaftCluster$Factory$Get.runWithNewCluster(MiniRaftCluster.java:113)
	at org.apache.ratis.server.impl.RaftReconfigurationBaseTest.testNoChangeRequest(RaftReconfigurationBaseTest.java:390)
	at sun.reflect.NativeMethodAccessorImpl.invoke0(Native Method)
	at sun.reflect.NativeMethodAccessorImpl.invoke(NativeMethodAccessorImpl.java:62)
	at sun.reflect.DelegatingMethodAccessorImpl.invoke(DelegatingMethodAccessorImpl.java:43)
	at java.lang.reflect.Method.invoke(Method.java:498)
	at org.junit.runners.model.FrameworkMethod$1.runReflectiveCall(FrameworkMethod.java:50)
	at org.junit.internal.runners.model.ReflectiveCallable.run(ReflectiveCallable.java:12)
	at org.junit.runners.model.FrameworkMethod.invokeExplosively(FrameworkMethod.java:47)
	at org.junit.internal.runners.statements.InvokeMethod.evaluate(InvokeMethod.java:17)
	at org.junit.internal.runners.statements.RunAfters.evaluate(RunAfters.java:27)
	at org.junit.internal.runners.statements.FailOnTimeout$CallableStatement.call(FailOnTimeout.java:298)
	at org.junit.internal.runners.statements.FailOnTimeout$CallableStatement.call(FailOnTimeout.java:292)
	at java.util.concurrent.FutureTask.run(FutureTask.java:266)
	at java.lang.Thread.run(Thread.java:748)
2019-09-24 17:01:58,580 WARN  ratis.RaftTestUtil (JavaUtils.java:attempt(158)) - FAILED "waitForLeader-null-(expectLeader? true)", attempt #16/100: java.lang.IllegalStateException: No leader yet : printing ALL groups
  s0:  RUNNING CANDIDATE s0@group-018C702B48E5:t4, leader=null, voted=s0, raftlog=s0@group-018C702B48E5-SegmentedRaftLog:OPENED:c-1,f-1,i0, conf=-1: [s0:0.0.0.0:34748, s1:0.0.0.0:43419, s2:0.0.0.0:39849], old=null RUNNING
  s1:  RUNNING CANDIDATE s1@group-018C702B48E5:t4, leader=null, voted=s1, raftlog=s1@group-018C702B48E5-SegmentedRaftLog:OPENED:c-1,f-1,i0, conf=0: [s0:0.0.0.0:34748, s1:0.0.0.0:43419, s2:0.0.0.0:39849], old=null RUNNING
  s2:  RUNNING CANDIDATE s2@group-018C702B48E5:t4, leader=null, voted=s2, raftlog=s2@group-018C702B48E5-SegmentedRaftLog:OPENED:c-1,f-1,i0, conf=0: [s0:0.0.0.0:34748, s1:0.0.0.0:43419, s2:0.0.0.0:39849], old=null RUNNING, sleep 450ms and then retry.
java.lang.IllegalStateException: No leader yet : printing ALL groups
  s0:  RUNNING CANDIDATE s0@group-018C702B48E5:t4, leader=null, voted=s0, raftlog=s0@group-018C702B48E5-SegmentedRaftLog:OPENED:c-1,f-1,i0, conf=-1: [s0:0.0.0.0:34748, s1:0.0.0.0:43419, s2:0.0.0.0:39849], old=null RUNNING
  s1:  RUNNING CANDIDATE s1@group-018C702B48E5:t4, leader=null, voted=s1, raftlog=s1@group-018C702B48E5-SegmentedRaftLog:OPENED:c-1,f-1,i0, conf=0: [s0:0.0.0.0:34748, s1:0.0.0.0:43419, s2:0.0.0.0:39849], old=null RUNNING
  s2:  RUNNING CANDIDATE s2@group-018C702B48E5:t4, leader=null, voted=s2, raftlog=s2@group-018C702B48E5-SegmentedRaftLog:OPENED:c-1,f-1,i0, conf=0: [s0:0.0.0.0:34748, s1:0.0.0.0:43419, s2:0.0.0.0:39849], old=null RUNNING
	at org.apache.ratis.MiniRaftCluster.newIllegalStateExceptionForNoLeaders(MiniRaftCluster.java:506)
	at org.apache.ratis.RaftTestUtil.lambda$waitForLeader$1(RaftTestUtil.java:90)
	at org.apache.ratis.MiniRaftCluster.getLeader(MiniRaftCluster.java:539)
	at org.apache.ratis.MiniRaftCluster.getLeader(MiniRaftCluster.java:532)
	at org.apache.ratis.RaftTestUtil.lambda$waitForLeader$3(RaftTestUtil.java:98)
	at org.apache.ratis.util.JavaUtils.attempt(JavaUtils.java:152)
	at org.apache.ratis.RaftTestUtil.waitForLeader(RaftTestUtil.java:97)
	at org.apache.ratis.RaftTestUtil.waitForLeader(RaftTestUtil.java:77)
	at org.apache.ratis.RaftTestUtil.waitForLeader(RaftTestUtil.java:72)
	at org.apache.ratis.server.impl.RaftReconfigurationBaseTest.runTestNoChangeRequest(RaftReconfigurationBaseTest.java:394)
	at org.apache.ratis.MiniRaftCluster$Factory$Get.runWithNewCluster(MiniRaftCluster.java:125)
	at org.apache.ratis.MiniRaftCluster$Factory$Get.runWithNewCluster(MiniRaftCluster.java:113)
	at org.apache.ratis.server.impl.RaftReconfigurationBaseTest.testNoChangeRequest(RaftReconfigurationBaseTest.java:390)
	at sun.reflect.NativeMethodAccessorImpl.invoke0(Native Method)
	at sun.reflect.NativeMethodAccessorImpl.invoke(NativeMethodAccessorImpl.java:62)
	at sun.reflect.DelegatingMethodAccessorImpl.invoke(DelegatingMethodAccessorImpl.java:43)
	at java.lang.reflect.Method.invoke(Method.java:498)
	at org.junit.runners.model.FrameworkMethod$1.runReflectiveCall(FrameworkMethod.java:50)
	at org.junit.internal.runners.model.ReflectiveCallable.run(ReflectiveCallable.java:12)
	at org.junit.runners.model.FrameworkMethod.invokeExplosively(FrameworkMethod.java:47)
	at org.junit.internal.runners.statements.InvokeMethod.evaluate(InvokeMethod.java:17)
	at org.junit.internal.runners.statements.RunAfters.evaluate(RunAfters.java:27)
	at org.junit.internal.runners.statements.FailOnTimeout$CallableStatement.call(FailOnTimeout.java:298)
	at org.junit.internal.runners.statements.FailOnTimeout$CallableStatement.call(FailOnTimeout.java:292)
	at java.util.concurrent.FutureTask.run(FutureTask.java:266)
	at java.lang.Thread.run(Thread.java:748)
2019-09-24 17:01:59,033 WARN  ratis.RaftTestUtil (JavaUtils.java:attempt(158)) - FAILED "waitForLeader-null-(expectLeader? true)", attempt #17/100: java.lang.IllegalStateException: No leader yet : printing ALL groups
  s0:  RUNNING CANDIDATE s0@group-018C702B48E5:t4, leader=null, voted=s0, raftlog=s0@group-018C702B48E5-SegmentedRaftLog:OPENED:c-1,f-1,i0, conf=-1: [s0:0.0.0.0:34748, s1:0.0.0.0:43419, s2:0.0.0.0:39849], old=null RUNNING
  s1:  RUNNING CANDIDATE s1@group-018C702B48E5:t4, leader=null, voted=s1, raftlog=s1@group-018C702B48E5-SegmentedRaftLog:OPENED:c-1,f-1,i0, conf=0: [s0:0.0.0.0:34748, s1:0.0.0.0:43419, s2:0.0.0.0:39849], old=null RUNNING
  s2:  RUNNING CANDIDATE s2@group-018C702B48E5:t4, leader=null, voted=s2, raftlog=s2@group-018C702B48E5-SegmentedRaftLog:OPENED:c-1,f-1,i0, conf=0: [s0:0.0.0.0:34748, s1:0.0.0.0:43419, s2:0.0.0.0:39849], old=null RUNNING, sleep 450ms and then retry.
java.lang.IllegalStateException: No leader yet : printing ALL groups
  s0:  RUNNING CANDIDATE s0@group-018C702B48E5:t4, leader=null, voted=s0, raftlog=s0@group-018C702B48E5-SegmentedRaftLog:OPENED:c-1,f-1,i0, conf=-1: [s0:0.0.0.0:34748, s1:0.0.0.0:43419, s2:0.0.0.0:39849], old=null RUNNING
  s1:  RUNNING CANDIDATE s1@group-018C702B48E5:t4, leader=null, voted=s1, raftlog=s1@group-018C702B48E5-SegmentedRaftLog:OPENED:c-1,f-1,i0, conf=0: [s0:0.0.0.0:34748, s1:0.0.0.0:43419, s2:0.0.0.0:39849], old=null RUNNING
  s2:  RUNNING CANDIDATE s2@group-018C702B48E5:t4, leader=null, voted=s2, raftlog=s2@group-018C702B48E5-SegmentedRaftLog:OPENED:c-1,f-1,i0, conf=0: [s0:0.0.0.0:34748, s1:0.0.0.0:43419, s2:0.0.0.0:39849], old=null RUNNING
	at org.apache.ratis.MiniRaftCluster.newIllegalStateExceptionForNoLeaders(MiniRaftCluster.java:506)
	at org.apache.ratis.RaftTestUtil.lambda$waitForLeader$1(RaftTestUtil.java:90)
	at org.apache.ratis.MiniRaftCluster.getLeader(MiniRaftCluster.java:539)
	at org.apache.ratis.MiniRaftCluster.getLeader(MiniRaftCluster.java:532)
	at org.apache.ratis.RaftTestUtil.lambda$waitForLeader$3(RaftTestUtil.java:98)
	at org.apache.ratis.util.JavaUtils.attempt(JavaUtils.java:152)
	at org.apache.ratis.RaftTestUtil.waitForLeader(RaftTestUtil.java:97)
	at org.apache.ratis.RaftTestUtil.waitForLeader(RaftTestUtil.java:77)
	at org.apache.ratis.RaftTestUtil.waitForLeader(RaftTestUtil.java:72)
	at org.apache.ratis.server.impl.RaftReconfigurationBaseTest.runTestNoChangeRequest(RaftReconfigurationBaseTest.java:394)
	at org.apache.ratis.MiniRaftCluster$Factory$Get.runWithNewCluster(MiniRaftCluster.java:125)
	at org.apache.ratis.MiniRaftCluster$Factory$Get.runWithNewCluster(MiniRaftCluster.java:113)
	at org.apache.ratis.server.impl.RaftReconfigurationBaseTest.testNoChangeRequest(RaftReconfigurationBaseTest.java:390)
	at sun.reflect.NativeMethodAccessorImpl.invoke0(Native Method)
	at sun.reflect.NativeMethodAccessorImpl.invoke(NativeMethodAccessorImpl.java:62)
	at sun.reflect.DelegatingMethodAccessorImpl.invoke(DelegatingMethodAccessorImpl.java:43)
	at java.lang.reflect.Method.invoke(Method.java:498)
	at org.junit.runners.model.FrameworkMethod$1.runReflectiveCall(FrameworkMethod.java:50)
	at org.junit.internal.runners.model.ReflectiveCallable.run(ReflectiveCallable.java:12)
	at org.junit.runners.model.FrameworkMethod.invokeExplosively(FrameworkMethod.java:47)
	at org.junit.internal.runners.statements.InvokeMethod.evaluate(InvokeMethod.java:17)
	at org.junit.internal.runners.statements.RunAfters.evaluate(RunAfters.java:27)
	at org.junit.internal.runners.statements.FailOnTimeout$CallableStatement.call(FailOnTimeout.java:298)
	at org.junit.internal.runners.statements.FailOnTimeout$CallableStatement.call(FailOnTimeout.java:292)
	at java.util.concurrent.FutureTask.run(FutureTask.java:266)
	at java.lang.Thread.run(Thread.java:748)
2019-09-24 17:01:59,485 WARN  ratis.RaftTestUtil (JavaUtils.java:attempt(158)) - FAILED "waitForLeader-null-(expectLeader? true)", attempt #18/100: java.lang.IllegalStateException: No leader yet : printing ALL groups
  s0:  RUNNING CANDIDATE s0@group-018C702B48E5:t4, leader=null, voted=s0, raftlog=s0@group-018C702B48E5-SegmentedRaftLog:OPENED:c-1,f-1,i0, conf=-1: [s0:0.0.0.0:34748, s1:0.0.0.0:43419, s2:0.0.0.0:39849], old=null RUNNING
  s1:  RUNNING CANDIDATE s1@group-018C702B48E5:t4, leader=null, voted=s1, raftlog=s1@group-018C702B48E5-SegmentedRaftLog:OPENED:c-1,f-1,i0, conf=0: [s0:0.0.0.0:34748, s1:0.0.0.0:43419, s2:0.0.0.0:39849], old=null RUNNING
  s2:  RUNNING CANDIDATE s2@group-018C702B48E5:t4, leader=null, voted=s2, raftlog=s2@group-018C702B48E5-SegmentedRaftLog:OPENED:c-1,f-1,i0, conf=0: [s0:0.0.0.0:34748, s1:0.0.0.0:43419, s2:0.0.0.0:39849], old=null RUNNING, sleep 450ms and then retry.
java.lang.IllegalStateException: No leader yet : printing ALL groups
  s0:  RUNNING CANDIDATE s0@group-018C702B48E5:t4, leader=null, voted=s0, raftlog=s0@group-018C702B48E5-SegmentedRaftLog:OPENED:c-1,f-1,i0, conf=-1: [s0:0.0.0.0:34748, s1:0.0.0.0:43419, s2:0.0.0.0:39849], old=null RUNNING
  s1:  RUNNING CANDIDATE s1@group-018C702B48E5:t4, leader=null, voted=s1, raftlog=s1@group-018C702B48E5-SegmentedRaftLog:OPENED:c-1,f-1,i0, conf=0: [s0:0.0.0.0:34748, s1:0.0.0.0:43419, s2:0.0.0.0:39849], old=null RUNNING
  s2:  RUNNING CANDIDATE s2@group-018C702B48E5:t4, leader=null, voted=s2, raftlog=s2@group-018C702B48E5-SegmentedRaftLog:OPENED:c-1,f-1,i0, conf=0: [s0:0.0.0.0:34748, s1:0.0.0.0:43419, s2:0.0.0.0:39849], old=null RUNNING
	at org.apache.ratis.MiniRaftCluster.newIllegalStateExceptionForNoLeaders(MiniRaftCluster.java:506)
	at org.apache.ratis.RaftTestUtil.lambda$waitForLeader$1(RaftTestUtil.java:90)
	at org.apache.ratis.MiniRaftCluster.getLeader(MiniRaftCluster.java:539)
	at org.apache.ratis.MiniRaftCluster.getLeader(MiniRaftCluster.java:532)
	at org.apache.ratis.RaftTestUtil.lambda$waitForLeader$3(RaftTestUtil.java:98)
	at org.apache.ratis.util.JavaUtils.attempt(JavaUtils.java:152)
	at org.apache.ratis.RaftTestUtil.waitForLeader(RaftTestUtil.java:97)
	at org.apache.ratis.RaftTestUtil.waitForLeader(RaftTestUtil.java:77)
	at org.apache.ratis.RaftTestUtil.waitForLeader(RaftTestUtil.java:72)
	at org.apache.ratis.server.impl.RaftReconfigurationBaseTest.runTestNoChangeRequest(RaftReconfigurationBaseTest.java:394)
	at org.apache.ratis.MiniRaftCluster$Factory$Get.runWithNewCluster(MiniRaftCluster.java:125)
	at org.apache.ratis.MiniRaftCluster$Factory$Get.runWithNewCluster(MiniRaftCluster.java:113)
	at org.apache.ratis.server.impl.RaftReconfigurationBaseTest.testNoChangeRequest(RaftReconfigurationBaseTest.java:390)
	at sun.reflect.NativeMethodAccessorImpl.invoke0(Native Method)
	at sun.reflect.NativeMethodAccessorImpl.invoke(NativeMethodAccessorImpl.java:62)
	at sun.reflect.DelegatingMethodAccessorImpl.invoke(DelegatingMethodAccessorImpl.java:43)
	at java.lang.reflect.Method.invoke(Method.java:498)
	at org.junit.runners.model.FrameworkMethod$1.runReflectiveCall(FrameworkMethod.java:50)
	at org.junit.internal.runners.model.ReflectiveCallable.run(ReflectiveCallable.java:12)
	at org.junit.runners.model.FrameworkMethod.invokeExplosively(FrameworkMethod.java:47)
	at org.junit.internal.runners.statements.InvokeMethod.evaluate(InvokeMethod.java:17)
	at org.junit.internal.runners.statements.RunAfters.evaluate(RunAfters.java:27)
	at org.junit.internal.runners.statements.FailOnTimeout$CallableStatement.call(FailOnTimeout.java:298)
	at org.junit.internal.runners.statements.FailOnTimeout$CallableStatement.call(FailOnTimeout.java:292)
	at java.util.concurrent.FutureTask.run(FutureTask.java:266)
	at java.lang.Thread.run(Thread.java:748)
2019-09-24 17:01:59,937 WARN  ratis.RaftTestUtil (JavaUtils.java:attempt(158)) - FAILED "waitForLeader-null-(expectLeader? true)", attempt #19/100: java.lang.IllegalStateException: No leader yet : printing ALL groups
  s0:  RUNNING CANDIDATE s0@group-018C702B48E5:t4, leader=null, voted=s0, raftlog=s0@group-018C702B48E5-SegmentedRaftLog:OPENED:c-1,f-1,i0, conf=-1: [s0:0.0.0.0:34748, s1:0.0.0.0:43419, s2:0.0.0.0:39849], old=null RUNNING
  s1:  RUNNING CANDIDATE s1@group-018C702B48E5:t4, leader=null, voted=s1, raftlog=s1@group-018C702B48E5-SegmentedRaftLog:OPENED:c-1,f-1,i0, conf=0: [s0:0.0.0.0:34748, s1:0.0.0.0:43419, s2:0.0.0.0:39849], old=null RUNNING
  s2:  RUNNING CANDIDATE s2@group-018C702B48E5:t4, leader=null, voted=s2, raftlog=s2@group-018C702B48E5-SegmentedRaftLog:OPENED:c-1,f-1,i0, conf=0: [s0:0.0.0.0:34748, s1:0.0.0.0:43419, s2:0.0.0.0:39849], old=null RUNNING, sleep 450ms and then retry.
java.lang.IllegalStateException: No leader yet : printing ALL groups
  s0:  RUNNING CANDIDATE s0@group-018C702B48E5:t4, leader=null, voted=s0, raftlog=s0@group-018C702B48E5-SegmentedRaftLog:OPENED:c-1,f-1,i0, conf=-1: [s0:0.0.0.0:34748, s1:0.0.0.0:43419, s2:0.0.0.0:39849], old=null RUNNING
  s1:  RUNNING CANDIDATE s1@group-018C702B48E5:t4, leader=null, voted=s1, raftlog=s1@group-018C702B48E5-SegmentedRaftLog:OPENED:c-1,f-1,i0, conf=0: [s0:0.0.0.0:34748, s1:0.0.0.0:43419, s2:0.0.0.0:39849], old=null RUNNING
  s2:  RUNNING CANDIDATE s2@group-018C702B48E5:t4, leader=null, voted=s2, raftlog=s2@group-018C702B48E5-SegmentedRaftLog:OPENED:c-1,f-1,i0, conf=0: [s0:0.0.0.0:34748, s1:0.0.0.0:43419, s2:0.0.0.0:39849], old=null RUNNING
	at org.apache.ratis.MiniRaftCluster.newIllegalStateExceptionForNoLeaders(MiniRaftCluster.java:506)
	at org.apache.ratis.RaftTestUtil.lambda$waitForLeader$1(RaftTestUtil.java:90)
	at org.apache.ratis.MiniRaftCluster.getLeader(MiniRaftCluster.java:539)
	at org.apache.ratis.MiniRaftCluster.getLeader(MiniRaftCluster.java:532)
	at org.apache.ratis.RaftTestUtil.lambda$waitForLeader$3(RaftTestUtil.java:98)
	at org.apache.ratis.util.JavaUtils.attempt(JavaUtils.java:152)
	at org.apache.ratis.RaftTestUtil.waitForLeader(RaftTestUtil.java:97)
	at org.apache.ratis.RaftTestUtil.waitForLeader(RaftTestUtil.java:77)
	at org.apache.ratis.RaftTestUtil.waitForLeader(RaftTestUtil.java:72)
	at org.apache.ratis.server.impl.RaftReconfigurationBaseTest.runTestNoChangeRequest(RaftReconfigurationBaseTest.java:394)
	at org.apache.ratis.MiniRaftCluster$Factory$Get.runWithNewCluster(MiniRaftCluster.java:125)
	at org.apache.ratis.MiniRaftCluster$Factory$Get.runWithNewCluster(MiniRaftCluster.java:113)
	at org.apache.ratis.server.impl.RaftReconfigurationBaseTest.testNoChangeRequest(RaftReconfigurationBaseTest.java:390)
	at sun.reflect.NativeMethodAccessorImpl.invoke0(Native Method)
	at sun.reflect.NativeMethodAccessorImpl.invoke(NativeMethodAccessorImpl.java:62)
	at sun.reflect.DelegatingMethodAccessorImpl.invoke(DelegatingMethodAccessorImpl.java:43)
	at java.lang.reflect.Method.invoke(Method.java:498)
	at org.junit.runners.model.FrameworkMethod$1.runReflectiveCall(FrameworkMethod.java:50)
	at org.junit.internal.runners.model.ReflectiveCallable.run(ReflectiveCallable.java:12)
	at org.junit.runners.model.FrameworkMethod.invokeExplosively(FrameworkMethod.java:47)
	at org.junit.internal.runners.statements.InvokeMethod.evaluate(InvokeMethod.java:17)
	at org.junit.internal.runners.statements.RunAfters.evaluate(RunAfters.java:27)
	at org.junit.internal.runners.statements.FailOnTimeout$CallableStatement.call(FailOnTimeout.java:298)
	at org.junit.internal.runners.statements.FailOnTimeout$CallableStatement.call(FailOnTimeout.java:292)
	at java.util.concurrent.FutureTask.run(FutureTask.java:266)
	at java.lang.Thread.run(Thread.java:748)
2019-09-24 17:02:00,389 WARN  ratis.RaftTestUtil (JavaUtils.java:attempt(158)) - FAILED "waitForLeader-null-(expectLeader? true)", attempt #20/100: java.lang.IllegalStateException: No leader yet : printing ALL groups
  s0:  RUNNING CANDIDATE s0@group-018C702B48E5:t4, leader=null, voted=s0, raftlog=s0@group-018C702B48E5-SegmentedRaftLog:OPENED:c-1,f-1,i0, conf=-1: [s0:0.0.0.0:34748, s1:0.0.0.0:43419, s2:0.0.0.0:39849], old=null RUNNING
  s1:  RUNNING CANDIDATE s1@group-018C702B48E5:t4, leader=null, voted=s1, raftlog=s1@group-018C702B48E5-SegmentedRaftLog:OPENED:c-1,f-1,i0, conf=0: [s0:0.0.0.0:34748, s1:0.0.0.0:43419, s2:0.0.0.0:39849], old=null RUNNING
  s2:  RUNNING CANDIDATE s2@group-018C702B48E5:t4, leader=null, voted=s2, raftlog=s2@group-018C702B48E5-SegmentedRaftLog:OPENED:c-1,f-1,i0, conf=0: [s0:0.0.0.0:34748, s1:0.0.0.0:43419, s2:0.0.0.0:39849], old=null RUNNING, sleep 450ms and then retry.
java.lang.IllegalStateException: No leader yet : printing ALL groups
  s0:  RUNNING CANDIDATE s0@group-018C702B48E5:t4, leader=null, voted=s0, raftlog=s0@group-018C702B48E5-SegmentedRaftLog:OPENED:c-1,f-1,i0, conf=-1: [s0:0.0.0.0:34748, s1:0.0.0.0:43419, s2:0.0.0.0:39849], old=null RUNNING
  s1:  RUNNING CANDIDATE s1@group-018C702B48E5:t4, leader=null, voted=s1, raftlog=s1@group-018C702B48E5-SegmentedRaftLog:OPENED:c-1,f-1,i0, conf=0: [s0:0.0.0.0:34748, s1:0.0.0.0:43419, s2:0.0.0.0:39849], old=null RUNNING
  s2:  RUNNING CANDIDATE s2@group-018C702B48E5:t4, leader=null, voted=s2, raftlog=s2@group-018C702B48E5-SegmentedRaftLog:OPENED:c-1,f-1,i0, conf=0: [s0:0.0.0.0:34748, s1:0.0.0.0:43419, s2:0.0.0.0:39849], old=null RUNNING
	at org.apache.ratis.MiniRaftCluster.newIllegalStateExceptionForNoLeaders(MiniRaftCluster.java:506)
	at org.apache.ratis.RaftTestUtil.lambda$waitForLeader$1(RaftTestUtil.java:90)
	at org.apache.ratis.MiniRaftCluster.getLeader(MiniRaftCluster.java:539)
	at org.apache.ratis.MiniRaftCluster.getLeader(MiniRaftCluster.java:532)
	at org.apache.ratis.RaftTestUtil.lambda$waitForLeader$3(RaftTestUtil.java:98)
	at org.apache.ratis.util.JavaUtils.attempt(JavaUtils.java:152)
	at org.apache.ratis.RaftTestUtil.waitForLeader(RaftTestUtil.java:97)
	at org.apache.ratis.RaftTestUtil.waitForLeader(RaftTestUtil.java:77)
	at org.apache.ratis.RaftTestUtil.waitForLeader(RaftTestUtil.java:72)
	at org.apache.ratis.server.impl.RaftReconfigurationBaseTest.runTestNoChangeRequest(RaftReconfigurationBaseTest.java:394)
	at org.apache.ratis.MiniRaftCluster$Factory$Get.runWithNewCluster(MiniRaftCluster.java:125)
	at org.apache.ratis.MiniRaftCluster$Factory$Get.runWithNewCluster(MiniRaftCluster.java:113)
	at org.apache.ratis.server.impl.RaftReconfigurationBaseTest.testNoChangeRequest(RaftReconfigurationBaseTest.java:390)
	at sun.reflect.NativeMethodAccessorImpl.invoke0(Native Method)
	at sun.reflect.NativeMethodAccessorImpl.invoke(NativeMethodAccessorImpl.java:62)
	at sun.reflect.DelegatingMethodAccessorImpl.invoke(DelegatingMethodAccessorImpl.java:43)
	at java.lang.reflect.Method.invoke(Method.java:498)
	at org.junit.runners.model.FrameworkMethod$1.runReflectiveCall(FrameworkMethod.java:50)
	at org.junit.internal.runners.model.ReflectiveCallable.run(ReflectiveCallable.java:12)
	at org.junit.runners.model.FrameworkMethod.invokeExplosively(FrameworkMethod.java:47)
	at org.junit.internal.runners.statements.InvokeMethod.evaluate(InvokeMethod.java:17)
	at org.junit.internal.runners.statements.RunAfters.evaluate(RunAfters.java:27)
	at org.junit.internal.runners.statements.FailOnTimeout$CallableStatement.call(FailOnTimeout.java:298)
	at org.junit.internal.runners.statements.FailOnTimeout$CallableStatement.call(FailOnTimeout.java:292)
	at java.util.concurrent.FutureTask.run(FutureTask.java:266)
	at java.lang.Thread.run(Thread.java:748)
2019-09-24 17:02:00,842 WARN  ratis.RaftTestUtil (JavaUtils.java:attempt(158)) - FAILED "waitForLeader-null-(expectLeader? true)", attempt #21/100: java.lang.IllegalStateException: No leader yet : printing ALL groups
  s0:  RUNNING CANDIDATE s0@group-018C702B48E5:t4, leader=null, voted=s0, raftlog=s0@group-018C702B48E5-SegmentedRaftLog:OPENED:c-1,f-1,i0, conf=-1: [s0:0.0.0.0:34748, s1:0.0.0.0:43419, s2:0.0.0.0:39849], old=null RUNNING
  s1:  RUNNING CANDIDATE s1@group-018C702B48E5:t4, leader=null, voted=s1, raftlog=s1@group-018C702B48E5-SegmentedRaftLog:OPENED:c-1,f-1,i0, conf=0: [s0:0.0.0.0:34748, s1:0.0.0.0:43419, s2:0.0.0.0:39849], old=null RUNNING
  s2:  RUNNING CANDIDATE s2@group-018C702B48E5:t4, leader=null, voted=s2, raftlog=s2@group-018C702B48E5-SegmentedRaftLog:OPENED:c-1,f-1,i0, conf=0: [s0:0.0.0.0:34748, s1:0.0.0.0:43419, s2:0.0.0.0:39849], old=null RUNNING, sleep 450ms and then retry.
java.lang.IllegalStateException: No leader yet : printing ALL groups
  s0:  RUNNING CANDIDATE s0@group-018C702B48E5:t4, leader=null, voted=s0, raftlog=s0@group-018C702B48E5-SegmentedRaftLog:OPENED:c-1,f-1,i0, conf=-1: [s0:0.0.0.0:34748, s1:0.0.0.0:43419, s2:0.0.0.0:39849], old=null RUNNING
  s1:  RUNNING CANDIDATE s1@group-018C702B48E5:t4, leader=null, voted=s1, raftlog=s1@group-018C702B48E5-SegmentedRaftLog:OPENED:c-1,f-1,i0, conf=0: [s0:0.0.0.0:34748, s1:0.0.0.0:43419, s2:0.0.0.0:39849], old=null RUNNING
  s2:  RUNNING CANDIDATE s2@group-018C702B48E5:t4, leader=null, voted=s2, raftlog=s2@group-018C702B48E5-SegmentedRaftLog:OPENED:c-1,f-1,i0, conf=0: [s0:0.0.0.0:34748, s1:0.0.0.0:43419, s2:0.0.0.0:39849], old=null RUNNING
	at org.apache.ratis.MiniRaftCluster.newIllegalStateExceptionForNoLeaders(MiniRaftCluster.java:506)
	at org.apache.ratis.RaftTestUtil.lambda$waitForLeader$1(RaftTestUtil.java:90)
	at org.apache.ratis.MiniRaftCluster.getLeader(MiniRaftCluster.java:539)
	at org.apache.ratis.MiniRaftCluster.getLeader(MiniRaftCluster.java:532)
	at org.apache.ratis.RaftTestUtil.lambda$waitForLeader$3(RaftTestUtil.java:98)
	at org.apache.ratis.util.JavaUtils.attempt(JavaUtils.java:152)
	at org.apache.ratis.RaftTestUtil.waitForLeader(RaftTestUtil.java:97)
	at org.apache.ratis.RaftTestUtil.waitForLeader(RaftTestUtil.java:77)
	at org.apache.ratis.RaftTestUtil.waitForLeader(RaftTestUtil.java:72)
	at org.apache.ratis.server.impl.RaftReconfigurationBaseTest.runTestNoChangeRequest(RaftReconfigurationBaseTest.java:394)
	at org.apache.ratis.MiniRaftCluster$Factory$Get.runWithNewCluster(MiniRaftCluster.java:125)
	at org.apache.ratis.MiniRaftCluster$Factory$Get.runWithNewCluster(MiniRaftCluster.java:113)
	at org.apache.ratis.server.impl.RaftReconfigurationBaseTest.testNoChangeRequest(RaftReconfigurationBaseTest.java:390)
	at sun.reflect.NativeMethodAccessorImpl.invoke0(Native Method)
	at sun.reflect.NativeMethodAccessorImpl.invoke(NativeMethodAccessorImpl.java:62)
	at sun.reflect.DelegatingMethodAccessorImpl.invoke(DelegatingMethodAccessorImpl.java:43)
	at java.lang.reflect.Method.invoke(Method.java:498)
	at org.junit.runners.model.FrameworkMethod$1.runReflectiveCall(FrameworkMethod.java:50)
	at org.junit.internal.runners.model.ReflectiveCallable.run(ReflectiveCallable.java:12)
	at org.junit.runners.model.FrameworkMethod.invokeExplosively(FrameworkMethod.java:47)
	at org.junit.internal.runners.statements.InvokeMethod.evaluate(InvokeMethod.java:17)
	at org.junit.internal.runners.statements.RunAfters.evaluate(RunAfters.java:27)
	at org.junit.internal.runners.statements.FailOnTimeout$CallableStatement.call(FailOnTimeout.java:298)
	at org.junit.internal.runners.statements.FailOnTimeout$CallableStatement.call(FailOnTimeout.java:292)
	at java.util.concurrent.FutureTask.run(FutureTask.java:266)
	at java.lang.Thread.run(Thread.java:748)
2019-09-24 17:02:01,130 INFO  segmented.SegmentedRaftLogWorker (SegmentedRaftLogWorker.java:execute(569)) - s1@group-018C702B48E5-SegmentedRaftLogWorker: created new log segment /workdir/ratis-test/target/test/data/106c393e/MiniRaftClusterWithSimulatedRpcf0957a56/s1/a8ef8521-97ff-4354-8d63-018c702b48e5/current/log_inprogress_0
2019-09-24 17:02:01,130 INFO  segmented.SegmentedRaftLogWorker (SegmentedRaftLogWorker.java:execute(569)) - s2@group-018C702B48E5-SegmentedRaftLogWorker: created new log segment /workdir/ratis-test/target/test/data/106c393e/MiniRaftClusterWithSimulatedRpcf0957a56/s2/a8ef8521-97ff-4354-8d63-018c702b48e5/current/log_inprogress_0
2019-09-24 17:02:01,131 INFO  impl.LeaderElection (LeaderElection.java:askForVotes(178)) - s0@group-018C702B48E5-LeaderElection7: begin an election at term 4 for -1: [s0:0.0.0.0:34748, s1:0.0.0.0:43419, s2:0.0.0.0:39849], old=null
2019-09-24 17:02:01,132 INFO  impl.LeaderElection (LeaderElection.java:askForVotes(178)) - s2@group-018C702B48E5-LeaderElection9: begin an election at term 4 for 0: [s0:0.0.0.0:34748, s1:0.0.0.0:43419, s2:0.0.0.0:39849], old=null
2019-09-24 17:02:01,132 INFO  impl.LeaderElection (LeaderElection.java:askForVotes(178)) - s1@group-018C702B48E5-LeaderElection8: begin an election at term 4 for 0: [s0:0.0.0.0:34748, s1:0.0.0.0:43419, s2:0.0.0.0:39849], old=null
2019-09-24 17:02:01,133 DEBUG impl.RaftServerImpl (RaftServerImpl.java:requestVote(743)) - s1@group-018C702B48E5: receive requestVote(s0, group-018C702B48E5, 4, (t:0, i:0))
2019-09-24 17:02:01,133 DEBUG impl.RaftServerImpl (RaftServerImpl.java:requestVote(743)) - s2@group-018C702B48E5: receive requestVote(s0, group-018C702B48E5, 4, (t:0, i:0))
2019-09-24 17:02:01,135 DEBUG impl.RaftServerImpl (RaftServerImpl.java:requestVote(775)) - s2@group-018C702B48E5 replies to vote request: s0<-s2#0:FAIL-t4. Peer's state: s2@group-018C702B48E5:t4, leader=null, voted=s2, raftlog=s2@group-018C702B48E5-SegmentedRaftLog:OPENED:c-1,f-1,i0, conf=0: [s0:0.0.0.0:34748, s1:0.0.0.0:43419, s2:0.0.0.0:39849], old=null
2019-09-24 17:02:01,135 DEBUG impl.RaftServerImpl (RaftServerImpl.java:requestVote(775)) - s1@group-018C702B48E5 replies to vote request: s0<-s1#0:FAIL-t4. Peer's state: s1@group-018C702B48E5:t4, leader=null, voted=s1, raftlog=s1@group-018C702B48E5-SegmentedRaftLog:OPENED:c-1,f-1,i0, conf=0: [s0:0.0.0.0:34748, s1:0.0.0.0:43419, s2:0.0.0.0:39849], old=null
2019-09-24 17:02:01,136 DEBUG impl.RaftServerImpl (RaftServerImpl.java:requestVote(743)) - s0@group-018C702B48E5: receive requestVote(s2, group-018C702B48E5, 4, (t:2, i:0))
2019-09-24 17:02:01,136 DEBUG impl.RaftServerImpl (RaftServerImpl.java:requestVote(743)) - s0@group-018C702B48E5: receive requestVote(s1, group-018C702B48E5, 4, (t:2, i:0))
2019-09-24 17:02:01,136 DEBUG impl.RaftServerImpl (RaftServerImpl.java:requestVote(743)) - s1@group-018C702B48E5: receive requestVote(s2, group-018C702B48E5, 4, (t:2, i:0))
2019-09-24 17:02:01,136 DEBUG impl.RaftServerImpl (RaftServerImpl.java:requestVote(775)) - s0@group-018C702B48E5 replies to vote request: s2<-s0#0:FAIL-t4. Peer's state: s0@group-018C702B48E5:t4, leader=null, voted=s0, raftlog=s0@group-018C702B48E5-SegmentedRaftLog:OPENED:c-1,f-1,i0, conf=-1: [s0:0.0.0.0:34748, s1:0.0.0.0:43419, s2:0.0.0.0:39849], old=null
2019-09-24 17:02:01,137 DEBUG impl.RaftServerImpl (RaftServerImpl.java:requestVote(775)) - s1@group-018C702B48E5 replies to vote request: s2<-s1#0:FAIL-t4. Peer's state: s1@group-018C702B48E5:t4, leader=null, voted=s1, raftlog=s1@group-018C702B48E5-SegmentedRaftLog:OPENED:c-1,f-1,i0, conf=0: [s0:0.0.0.0:34748, s1:0.0.0.0:43419, s2:0.0.0.0:39849], old=null
2019-09-24 17:02:01,137 DEBUG impl.RaftServerImpl (RaftServerImpl.java:requestVote(743)) - s2@group-018C702B48E5: receive requestVote(s1, group-018C702B48E5, 4, (t:2, i:0))
2019-09-24 17:02:01,137 DEBUG impl.RaftServerImpl (RaftServerImpl.java:requestVote(775)) - s0@group-018C702B48E5 replies to vote request: s1<-s0#0:FAIL-t4. Peer's state: s0@group-018C702B48E5:t4, leader=null, voted=s0, raftlog=s0@group-018C702B48E5-SegmentedRaftLog:OPENED:c-1,f-1,i0, conf=-1: [s0:0.0.0.0:34748, s1:0.0.0.0:43419, s2:0.0.0.0:39849], old=null
2019-09-24 17:02:01,138 DEBUG impl.RaftServerImpl (RaftServerImpl.java:requestVote(775)) - s2@group-018C702B48E5 replies to vote request: s1<-s2#0:FAIL-t4. Peer's state: s2@group-018C702B48E5:t4, leader=null, voted=s2, raftlog=s2@group-018C702B48E5-SegmentedRaftLog:OPENED:c-1,f-1,i0, conf=0: [s0:0.0.0.0:34748, s1:0.0.0.0:43419, s2:0.0.0.0:39849], old=null
2019-09-24 17:02:01,153 INFO  impl.LeaderElection (LeaderElection.java:logAndReturn(56)) - s2@group-018C702B48E5-LeaderElection9: Election REJECTED; received 2 response(s) [s2<-s0#0:FAIL-t4, s2<-s1#0:FAIL-t4] and 0 exception(s); s2@group-018C702B48E5:t4, leader=null, voted=s2, raftlog=s2@group-018C702B48E5-SegmentedRaftLog:OPENED:c-1,f-1,i0, conf=0: [s0:0.0.0.0:34748, s1:0.0.0.0:43419, s2:0.0.0.0:39849], old=null
2019-09-24 17:02:01,154 INFO  impl.RaftServerImpl (RaftServerImpl.java:setRole(170)) - s2@group-018C702B48E5: changes role from CANDIDATE to FOLLOWER at term 4 for DISCOVERED_A_NEW_TERM
2019-09-24 17:02:01,154 INFO  impl.LeaderElection (LeaderElection.java:logAndReturn(56)) - s0@group-018C702B48E5-LeaderElection7: Election REJECTED; received 2 response(s) [s0<-s1#0:FAIL-t4, s0<-s2#0:FAIL-t4] and 0 exception(s); s0@group-018C702B48E5:t4, leader=null, voted=s0, raftlog=s0@group-018C702B48E5-SegmentedRaftLog:OPENED:c-1,f-1,i0, conf=-1: [s0:0.0.0.0:34748, s1:0.0.0.0:43419, s2:0.0.0.0:39849], old=null
2019-09-24 17:02:01,155 INFO  impl.RoleInfo (RoleInfo.java:shutdownLeaderElection(134)) - s2: shutdown LeaderElection
2019-09-24 17:02:01,155 INFO  impl.RaftServerImpl (RaftServerImpl.java:setRole(170)) - s0@group-018C702B48E5: changes role from CANDIDATE to FOLLOWER at term 4 for DISCOVERED_A_NEW_TERM
2019-09-24 17:02:01,155 INFO  impl.RoleInfo (RoleInfo.java:updateAndGet(143)) - s2: start FollowerState
2019-09-24 17:02:01,156 INFO  impl.RoleInfo (RoleInfo.java:shutdownLeaderElection(134)) - s0: shutdown LeaderElection
2019-09-24 17:02:01,156 INFO  impl.RoleInfo (RoleInfo.java:updateAndGet(143)) - s0: start FollowerState
2019-09-24 17:02:01,157 INFO  impl.LeaderElection (LeaderElection.java:logAndReturn(56)) - s1@group-018C702B48E5-LeaderElection8: Election REJECTED; received 2 response(s) [s1<-s0#0:FAIL-t4, s1<-s2#0:FAIL-t4] and 0 exception(s); s1@group-018C702B48E5:t4, leader=null, voted=s1, raftlog=s1@group-018C702B48E5-SegmentedRaftLog:OPENED:c-1,f-1,i0, conf=0: [s0:0.0.0.0:34748, s1:0.0.0.0:43419, s2:0.0.0.0:39849], old=null
2019-09-24 17:02:01,158 INFO  impl.RaftServerImpl (RaftServerImpl.java:setRole(170)) - s1@group-018C702B48E5: changes role from CANDIDATE to FOLLOWER at term 4 for DISCOVERED_A_NEW_TERM
2019-09-24 17:02:01,158 INFO  impl.RoleInfo (RoleInfo.java:shutdownLeaderElection(134)) - s1: shutdown LeaderElection
2019-09-24 17:02:01,159 INFO  impl.RoleInfo (RoleInfo.java:updateAndGet(143)) - s1: start FollowerState
2019-09-24 17:02:01,294 WARN  ratis.RaftTestUtil (JavaUtils.java:attempt(158)) - FAILED "waitForLeader-null-(expectLeader? true)", attempt #22/100: java.lang.IllegalStateException: No leader yet : printing ALL groups
  s0:  RUNNING  FOLLOWER s0@group-018C702B48E5:t4, leader=null, voted=s0, raftlog=s0@group-018C702B48E5-SegmentedRaftLog:OPENED:c-1,f-1,i0, conf=-1: [s0:0.0.0.0:34748, s1:0.0.0.0:43419, s2:0.0.0.0:39849], old=null RUNNING
  s1:  RUNNING  FOLLOWER s1@group-018C702B48E5:t4, leader=null, voted=s1, raftlog=s1@group-018C702B48E5-SegmentedRaftLog:OPENED:c-1,f-1,i0, conf=0: [s0:0.0.0.0:34748, s1:0.0.0.0:43419, s2:0.0.0.0:39849], old=null RUNNING
  s2:  RUNNING  FOLLOWER s2@group-018C702B48E5:t4, leader=null, voted=s2, raftlog=s2@group-018C702B48E5-SegmentedRaftLog:OPENED:c-1,f-1,i0, conf=0: [s0:0.0.0.0:34748, s1:0.0.0.0:43419, s2:0.0.0.0:39849], old=null RUNNING, sleep 450ms and then retry.
java.lang.IllegalStateException: No leader yet : printing ALL groups
  s0:  RUNNING  FOLLOWER s0@group-018C702B48E5:t4, leader=null, voted=s0, raftlog=s0@group-018C702B48E5-SegmentedRaftLog:OPENED:c-1,f-1,i0, conf=-1: [s0:0.0.0.0:34748, s1:0.0.0.0:43419, s2:0.0.0.0:39849], old=null RUNNING
  s1:  RUNNING  FOLLOWER s1@group-018C702B48E5:t4, leader=null, voted=s1, raftlog=s1@group-018C702B48E5-SegmentedRaftLog:OPENED:c-1,f-1,i0, conf=0: [s0:0.0.0.0:34748, s1:0.0.0.0:43419, s2:0.0.0.0:39849], old=null RUNNING
  s2:  RUNNING  FOLLOWER s2@group-018C702B48E5:t4, leader=null, voted=s2, raftlog=s2@group-018C702B48E5-SegmentedRaftLog:OPENED:c-1,f-1,i0, conf=0: [s0:0.0.0.0:34748, s1:0.0.0.0:43419, s2:0.0.0.0:39849], old=null RUNNING
	at org.apache.ratis.MiniRaftCluster.newIllegalStateExceptionForNoLeaders(MiniRaftCluster.java:506)
	at org.apache.ratis.RaftTestUtil.lambda$waitForLeader$1(RaftTestUtil.java:90)
	at org.apache.ratis.MiniRaftCluster.getLeader(MiniRaftCluster.java:539)
	at org.apache.ratis.MiniRaftCluster.getLeader(MiniRaftCluster.java:532)
	at org.apache.ratis.RaftTestUtil.lambda$waitForLeader$3(RaftTestUtil.java:98)
	at org.apache.ratis.util.JavaUtils.attempt(JavaUtils.java:152)
	at org.apache.ratis.RaftTestUtil.waitForLeader(RaftTestUtil.java:97)
	at org.apache.ratis.RaftTestUtil.waitForLeader(RaftTestUtil.java:77)
	at org.apache.ratis.RaftTestUtil.waitForLeader(RaftTestUtil.java:72)
	at org.apache.ratis.server.impl.RaftReconfigurationBaseTest.runTestNoChangeRequest(RaftReconfigurationBaseTest.java:394)
	at org.apache.ratis.MiniRaftCluster$Factory$Get.runWithNewCluster(MiniRaftCluster.java:125)
	at org.apache.ratis.MiniRaftCluster$Factory$Get.runWithNewCluster(MiniRaftCluster.java:113)
	at org.apache.ratis.server.impl.RaftReconfigurationBaseTest.testNoChangeRequest(RaftReconfigurationBaseTest.java:390)
	at sun.reflect.NativeMethodAccessorImpl.invoke0(Native Method)
	at sun.reflect.NativeMethodAccessorImpl.invoke(NativeMethodAccessorImpl.java:62)
	at sun.reflect.DelegatingMethodAccessorImpl.invoke(DelegatingMethodAccessorImpl.java:43)
	at java.lang.reflect.Method.invoke(Method.java:498)
	at org.junit.runners.model.FrameworkMethod$1.runReflectiveCall(FrameworkMethod.java:50)
	at org.junit.internal.runners.model.ReflectiveCallable.run(ReflectiveCallable.java:12)
	at org.junit.runners.model.FrameworkMethod.invokeExplosively(FrameworkMethod.java:47)
	at org.junit.internal.runners.statements.InvokeMethod.evaluate(InvokeMethod.java:17)
	at org.junit.internal.runners.statements.RunAfters.evaluate(RunAfters.java:27)
	at org.junit.internal.runners.statements.FailOnTimeout$CallableStatement.call(FailOnTimeout.java:298)
	at org.junit.internal.runners.statements.FailOnTimeout$CallableStatement.call(FailOnTimeout.java:292)
	at java.util.concurrent.FutureTask.run(FutureTask.java:266)
	at java.lang.Thread.run(Thread.java:748)
2019-09-24 17:02:01,314 INFO  impl.FollowerState (FollowerState.java:run(108)) - s0@group-018C702B48E5-FollowerState: change to CANDIDATE, lastRpcTime:158ms, electionTimeout:157ms
2019-09-24 17:02:01,314 INFO  impl.RoleInfo (RoleInfo.java:shutdownFollowerState(121)) - s0: shutdown FollowerState
2019-09-24 17:02:01,315 INFO  impl.RaftServerImpl (RaftServerImpl.java:setRole(170)) - s0@group-018C702B48E5: changes role from  FOLLOWER to CANDIDATE at term 4 for changeToCandidate
2019-09-24 17:02:01,315 INFO  impl.RoleInfo (RoleInfo.java:updateAndGet(143)) - s0: start LeaderElection
2019-09-24 17:02:01,402 INFO  impl.FollowerState (FollowerState.java:run(108)) - s2@group-018C702B48E5-FollowerState: change to CANDIDATE, lastRpcTime:247ms, electionTimeout:246ms
2019-09-24 17:02:01,403 INFO  impl.RoleInfo (RoleInfo.java:shutdownFollowerState(121)) - s2: shutdown FollowerState
2019-09-24 17:02:01,403 INFO  impl.RaftServerImpl (RaftServerImpl.java:setRole(170)) - s2@group-018C702B48E5: changes role from  FOLLOWER to CANDIDATE at term 4 for changeToCandidate
2019-09-24 17:02:01,403 INFO  impl.RoleInfo (RoleInfo.java:updateAndGet(143)) - s2: start LeaderElection
2019-09-24 17:02:01,452 INFO  impl.FollowerState (FollowerState.java:run(108)) - s1@group-018C702B48E5-FollowerState: change to CANDIDATE, lastRpcTime:293ms, electionTimeout:293ms
2019-09-24 17:02:01,453 INFO  impl.RoleInfo (RoleInfo.java:shutdownFollowerState(121)) - s1: shutdown FollowerState
2019-09-24 17:02:01,453 INFO  impl.RaftServerImpl (RaftServerImpl.java:setRole(170)) - s1@group-018C702B48E5: changes role from  FOLLOWER to CANDIDATE at term 4 for changeToCandidate
2019-09-24 17:02:01,453 INFO  impl.RoleInfo (RoleInfo.java:updateAndGet(143)) - s1: start LeaderElection
2019-09-24 17:02:01,746 WARN  ratis.RaftTestUtil (JavaUtils.java:attempt(158)) - FAILED "waitForLeader-null-(expectLeader? true)", attempt #23/100: java.lang.IllegalStateException: No leader yet : printing ALL groups
  s0:  RUNNING CANDIDATE s0@group-018C702B48E5:t5, leader=null, voted=s0, raftlog=s0@group-018C702B48E5-SegmentedRaftLog:OPENED:c-1,f-1,i0, conf=-1: [s0:0.0.0.0:34748, s1:0.0.0.0:43419, s2:0.0.0.0:39849], old=null RUNNING
  s1:  RUNNING CANDIDATE s1@group-018C702B48E5:t5, leader=null, voted=s1, raftlog=s1@group-018C702B48E5-SegmentedRaftLog:OPENED:c-1,f-1,i0, conf=0: [s0:0.0.0.0:34748, s1:0.0.0.0:43419, s2:0.0.0.0:39849], old=null RUNNING
  s2:  RUNNING CANDIDATE s2@group-018C702B48E5:t5, leader=null, voted=s2, raftlog=s2@group-018C702B48E5-SegmentedRaftLog:OPENED:c-1,f-1,i0, conf=0: [s0:0.0.0.0:34748, s1:0.0.0.0:43419, s2:0.0.0.0:39849], old=null RUNNING, sleep 450ms and then retry.
java.lang.IllegalStateException: No leader yet : printing ALL groups
  s0:  RUNNING CANDIDATE s0@group-018C702B48E5:t5, leader=null, voted=s0, raftlog=s0@group-018C702B48E5-SegmentedRaftLog:OPENED:c-1,f-1,i0, conf=-1: [s0:0.0.0.0:34748, s1:0.0.0.0:43419, s2:0.0.0.0:39849], old=null RUNNING
  s1:  RUNNING CANDIDATE s1@group-018C702B48E5:t5, leader=null, voted=s1, raftlog=s1@group-018C702B48E5-SegmentedRaftLog:OPENED:c-1,f-1,i0, conf=0: [s0:0.0.0.0:34748, s1:0.0.0.0:43419, s2:0.0.0.0:39849], old=null RUNNING
  s2:  RUNNING CANDIDATE s2@group-018C702B48E5:t5, leader=null, voted=s2, raftlog=s2@group-018C702B48E5-SegmentedRaftLog:OPENED:c-1,f-1,i0, conf=0: [s0:0.0.0.0:34748, s1:0.0.0.0:43419, s2:0.0.0.0:39849], old=null RUNNING
	at org.apache.ratis.MiniRaftCluster.newIllegalStateExceptionForNoLeaders(MiniRaftCluster.java:506)
	at org.apache.ratis.RaftTestUtil.lambda$waitForLeader$1(RaftTestUtil.java:90)
	at org.apache.ratis.MiniRaftCluster.getLeader(MiniRaftCluster.java:539)
	at org.apache.ratis.MiniRaftCluster.getLeader(MiniRaftCluster.java:532)
	at org.apache.ratis.RaftTestUtil.lambda$waitForLeader$3(RaftTestUtil.java:98)
	at org.apache.ratis.util.JavaUtils.attempt(JavaUtils.java:152)
	at org.apache.ratis.RaftTestUtil.waitForLeader(RaftTestUtil.java:97)
	at org.apache.ratis.RaftTestUtil.waitForLeader(RaftTestUtil.java:77)
	at org.apache.ratis.RaftTestUtil.waitForLeader(RaftTestUtil.java:72)
	at org.apache.ratis.server.impl.RaftReconfigurationBaseTest.runTestNoChangeRequest(RaftReconfigurationBaseTest.java:394)
	at org.apache.ratis.MiniRaftCluster$Factory$Get.runWithNewCluster(MiniRaftCluster.java:125)
	at org.apache.ratis.MiniRaftCluster$Factory$Get.runWithNewCluster(MiniRaftCluster.java:113)
	at org.apache.ratis.server.impl.RaftReconfigurationBaseTest.testNoChangeRequest(RaftReconfigurationBaseTest.java:390)
	at sun.reflect.NativeMethodAccessorImpl.invoke0(Native Method)
	at sun.reflect.NativeMethodAccessorImpl.invoke(NativeMethodAccessorImpl.java:62)
	at sun.reflect.DelegatingMethodAccessorImpl.invoke(DelegatingMethodAccessorImpl.java:43)
	at java.lang.reflect.Method.invoke(Method.java:498)
	at org.junit.runners.model.FrameworkMethod$1.runReflectiveCall(FrameworkMethod.java:50)
	at org.junit.internal.runners.model.ReflectiveCallable.run(ReflectiveCallable.java:12)
	at org.junit.runners.model.FrameworkMethod.invokeExplosively(FrameworkMethod.java:47)
	at org.junit.internal.runners.statements.InvokeMethod.evaluate(InvokeMethod.java:17)
	at org.junit.internal.runners.statements.RunAfters.evaluate(RunAfters.java:27)
	at org.junit.internal.runners.statements.FailOnTimeout$CallableStatement.call(FailOnTimeout.java:298)
	at org.junit.internal.runners.statements.FailOnTimeout$CallableStatement.call(FailOnTimeout.java:292)
	at java.util.concurrent.FutureTask.run(FutureTask.java:266)
	at java.lang.Thread.run(Thread.java:748)
2019-09-24 17:02:01,782 INFO  ratis.MiniRaftCluster (MiniRaftCluster.java:lambda$null$5(297)) - TIMED-PRINT: printing ALL groups
  s0:  RUNNING CANDIDATE s0@group-018C702B48E5:t5, leader=null, voted=s0, raftlog=s0@group-018C702B48E5-SegmentedRaftLog:OPENED:c-1,f-1,i0, conf=-1: [s0:0.0.0.0:34748, s1:0.0.0.0:43419, s2:0.0.0.0:39849], old=null RUNNING
  s1:  RUNNING CANDIDATE s1@group-018C702B48E5:t5, leader=null, voted=s1, raftlog=s1@group-018C702B48E5-SegmentedRaftLog:OPENED:c-1,f-1,i0, conf=0: [s0:0.0.0.0:34748, s1:0.0.0.0:43419, s2:0.0.0.0:39849], old=null RUNNING
  s2:  RUNNING CANDIDATE s2@group-018C702B48E5:t5, leader=null, voted=s2, raftlog=s2@group-018C702B48E5-SegmentedRaftLog:OPENED:c-1,f-1,i0, conf=0: [s0:0.0.0.0:34748, s1:0.0.0.0:43419, s2:0.0.0.0:39849], old=null RUNNING
2019-09-24 17:02:01,905 INFO  impl.LeaderElection (LeaderElection.java:askForVotes(178)) - s1@group-018C702B48E5-LeaderElection12: begin an election at term 5 for 0: [s0:0.0.0.0:34748, s1:0.0.0.0:43419, s2:0.0.0.0:39849], old=null
2019-09-24 17:02:01,906 DEBUG impl.RaftServerImpl (RaftServerImpl.java:logAppendEntries(850)) - s2@group-018C702B48E5: succeeded to handle AppendEntries. Reply: s1<-s2#0:OK,SUCCESS,nextIndex:1,term:2,followerCommit:-1
2019-09-24 17:02:01,905 INFO  impl.LeaderElection (LeaderElection.java:askForVotes(178)) - s2@group-018C702B48E5-LeaderElection11: begin an election at term 5 for 0: [s0:0.0.0.0:34748, s1:0.0.0.0:43419, s2:0.0.0.0:39849], old=null
2019-09-24 17:02:01,905 INFO  impl.LeaderElection (LeaderElection.java:askForVotes(178)) - s0@group-018C702B48E5-LeaderElection10: begin an election at term 5 for -1: [s0:0.0.0.0:34748, s1:0.0.0.0:43419, s2:0.0.0.0:39849], old=null
2019-09-24 17:02:01,907 DEBUG impl.RaftServerImpl (RaftServerImpl.java:requestVote(743)) - s0@group-018C702B48E5: receive requestVote(s1, group-018C702B48E5, 5, (t:2, i:0))
2019-09-24 17:02:01,907 DEBUG impl.RaftServerImpl (RaftServerImpl.java:requestVote(743)) - s2@group-018C702B48E5: receive requestVote(s1, group-018C702B48E5, 5, (t:2, i:0))
2019-09-24 17:02:01,908 DEBUG impl.RaftServerImpl (RaftServerImpl.java:requestVote(775)) - s0@group-018C702B48E5 replies to vote request: s1<-s0#0:FAIL-t5. Peer's state: s0@group-018C702B48E5:t5, leader=null, voted=s0, raftlog=s0@group-018C702B48E5-SegmentedRaftLog:OPENED:c-1,f-1,i0, conf=-1: [s0:0.0.0.0:34748, s1:0.0.0.0:43419, s2:0.0.0.0:39849], old=null
2019-09-24 17:02:01,908 DEBUG impl.RaftServerImpl (RaftServerImpl.java:requestVote(743)) - s0@group-018C702B48E5: receive requestVote(s2, group-018C702B48E5, 5, (t:2, i:0))
2019-09-24 17:02:01,908 DEBUG impl.RaftServerImpl (RaftServerImpl.java:requestVote(743)) - s1@group-018C702B48E5: receive requestVote(s2, group-018C702B48E5, 5, (t:2, i:0))
2019-09-24 17:02:01,908 DEBUG impl.RaftServerImpl (RaftServerImpl.java:requestVote(743)) - s2@group-018C702B48E5: receive requestVote(s0, group-018C702B48E5, 5, (t:0, i:0))
2019-09-24 17:02:01,908 DEBUG impl.RaftServerImpl (RaftServerImpl.java:requestVote(743)) - s1@group-018C702B48E5: receive requestVote(s0, group-018C702B48E5, 5, (t:0, i:0))
2019-09-24 17:02:01,908 DEBUG impl.RaftServerImpl (RaftServerImpl.java:requestVote(775)) - s2@group-018C702B48E5 replies to vote request: s1<-s2#0:FAIL-t5. Peer's state: s2@group-018C702B48E5:t5, leader=null, voted=s2, raftlog=s2@group-018C702B48E5-SegmentedRaftLog:OPENED:c-1,f0,i0, conf=0: [s0:0.0.0.0:34748, s1:0.0.0.0:43419, s2:0.0.0.0:39849], old=null
2019-09-24 17:02:01,909 DEBUG impl.RaftServerImpl (RaftServerImpl.java:requestVote(775)) - s1@group-018C702B48E5 replies to vote request: s2<-s1#0:FAIL-t5. Peer's state: s1@group-018C702B48E5:t5, leader=null, voted=s1, raftlog=s1@group-018C702B48E5-SegmentedRaftLog:OPENED:c-1,f0,i0, conf=0: [s0:0.0.0.0:34748, s1:0.0.0.0:43419, s2:0.0.0.0:39849], old=null
2019-09-24 17:02:01,908 DEBUG impl.RaftServerImpl (RaftServerImpl.java:requestVote(775)) - s0@group-018C702B48E5 replies to vote request: s2<-s0#0:FAIL-t5. Peer's state: s0@group-018C702B48E5:t5, leader=null, voted=s0, raftlog=s0@group-018C702B48E5-SegmentedRaftLog:OPENED:c-1,f-1,i0, conf=-1: [s0:0.0.0.0:34748, s1:0.0.0.0:43419, s2:0.0.0.0:39849], old=null
2019-09-24 17:02:01,910 DEBUG impl.RaftServerImpl (RaftServerImpl.java:requestVote(775)) - s1@group-018C702B48E5 replies to vote request: s0<-s1#0:FAIL-t5. Peer's state: s1@group-018C702B48E5:t5, leader=null, voted=s1, raftlog=s1@group-018C702B48E5-SegmentedRaftLog:OPENED:c-1,f0,i0, conf=0: [s0:0.0.0.0:34748, s1:0.0.0.0:43419, s2:0.0.0.0:39849], old=null
2019-09-24 17:02:01,909 DEBUG impl.RaftServerImpl (RaftServerImpl.java:requestVote(775)) - s2@group-018C702B48E5 replies to vote request: s0<-s2#0:FAIL-t5. Peer's state: s2@group-018C702B48E5:t5, leader=null, voted=s2, raftlog=s2@group-018C702B48E5-SegmentedRaftLog:OPENED:c-1,f0,i0, conf=0: [s0:0.0.0.0:34748, s1:0.0.0.0:43419, s2:0.0.0.0:39849], old=null
2019-09-24 17:02:01,922 INFO  impl.LeaderElection (LeaderElection.java:logAndReturn(56)) - s1@group-018C702B48E5-LeaderElection12: Election REJECTED; received 2 response(s) [s1<-s0#0:FAIL-t5, s1<-s2#0:FAIL-t5] and 0 exception(s); s1@group-018C702B48E5:t5, leader=null, voted=s1, raftlog=s1@group-018C702B48E5-SegmentedRaftLog:OPENED:c-1,f0,i0, conf=0: [s0:0.0.0.0:34748, s1:0.0.0.0:43419, s2:0.0.0.0:39849], old=null
2019-09-24 17:02:01,923 INFO  impl.RaftServerImpl (RaftServerImpl.java:setRole(170)) - s1@group-018C702B48E5: changes role from CANDIDATE to FOLLOWER at term 5 for DISCOVERED_A_NEW_TERM
2019-09-24 17:02:01,924 INFO  impl.RoleInfo (RoleInfo.java:shutdownLeaderElection(134)) - s1: shutdown LeaderElection
2019-09-24 17:02:01,924 INFO  impl.RoleInfo (RoleInfo.java:updateAndGet(143)) - s1: start FollowerState
2019-09-24 17:02:01,927 INFO  impl.LeaderElection (LeaderElection.java:logAndReturn(56)) - s2@group-018C702B48E5-LeaderElection11: Election REJECTED; received 2 response(s) [s2<-s0#0:FAIL-t5, s2<-s1#0:FAIL-t5] and 0 exception(s); s2@group-018C702B48E5:t5, leader=null, voted=s2, raftlog=s2@group-018C702B48E5-SegmentedRaftLog:OPENED:c-1,f0,i0, conf=0: [s0:0.0.0.0:34748, s1:0.0.0.0:43419, s2:0.0.0.0:39849], old=null
2019-09-24 17:02:01,927 INFO  impl.LeaderElection (LeaderElection.java:logAndReturn(56)) - s0@group-018C702B48E5-LeaderElection10: Election REJECTED; received 2 response(s) [s0<-s1#0:FAIL-t5, s0<-s2#0:FAIL-t5] and 0 exception(s); s0@group-018C702B48E5:t5, leader=null, voted=s0, raftlog=s0@group-018C702B48E5-SegmentedRaftLog:OPENED:c-1,f-1,i0, conf=-1: [s0:0.0.0.0:34748, s1:0.0.0.0:43419, s2:0.0.0.0:39849], old=null
2019-09-24 17:02:01,928 INFO  impl.RaftServerImpl (RaftServerImpl.java:setRole(170)) - s0@group-018C702B48E5: changes role from CANDIDATE to FOLLOWER at term 5 for DISCOVERED_A_NEW_TERM
2019-09-24 17:02:01,927 INFO  impl.RaftServerImpl (RaftServerImpl.java:setRole(170)) - s2@group-018C702B48E5: changes role from CANDIDATE to FOLLOWER at term 5 for DISCOVERED_A_NEW_TERM
2019-09-24 17:02:01,929 INFO  impl.RoleInfo (RoleInfo.java:shutdownLeaderElection(134)) - s0: shutdown LeaderElection
2019-09-24 17:02:01,929 INFO  impl.RoleInfo (RoleInfo.java:shutdownLeaderElection(134)) - s2: shutdown LeaderElection
2019-09-24 17:02:01,929 INFO  impl.RoleInfo (RoleInfo.java:updateAndGet(143)) - s0: start FollowerState
2019-09-24 17:02:01,929 INFO  impl.RoleInfo (RoleInfo.java:updateAndGet(143)) - s2: start FollowerState
2019-09-24 17:02:02,134 INFO  impl.FollowerState (FollowerState.java:run(108)) - s2@group-018C702B48E5-FollowerState: change to CANDIDATE, lastRpcTime:204ms, electionTimeout:203ms
2019-09-24 17:02:02,134 INFO  impl.RoleInfo (RoleInfo.java:shutdownFollowerState(121)) - s2: shutdown FollowerState
2019-09-24 17:02:02,134 INFO  impl.RaftServerImpl (RaftServerImpl.java:setRole(170)) - s2@group-018C702B48E5: changes role from  FOLLOWER to CANDIDATE at term 5 for changeToCandidate
2019-09-24 17:02:02,134 INFO  impl.RoleInfo (RoleInfo.java:updateAndGet(143)) - s2: start LeaderElection
2019-09-24 17:02:02,149 INFO  impl.LeaderElection (LeaderElection.java:askForVotes(178)) - s2@group-018C702B48E5-LeaderElection13: begin an election at term 6 for 0: [s0:0.0.0.0:34748, s1:0.0.0.0:43419, s2:0.0.0.0:39849], old=null
2019-09-24 17:02:02,150 DEBUG impl.RaftServerImpl (RaftServerImpl.java:requestVote(743)) - s0@group-018C702B48E5: receive requestVote(s2, group-018C702B48E5, 6, (t:2, i:0))
2019-09-24 17:02:02,150 DEBUG impl.RaftServerImpl (RaftServerImpl.java:requestVote(743)) - s1@group-018C702B48E5: receive requestVote(s2, group-018C702B48E5, 6, (t:2, i:0))
2019-09-24 17:02:02,150 INFO  impl.RaftServerImpl (RaftServerImpl.java:setRole(170)) - s0@group-018C702B48E5: changes role from  FOLLOWER to FOLLOWER at term 6 for recognizeCandidate:s2
2019-09-24 17:02:02,150 INFO  impl.RaftServerImpl (RaftServerImpl.java:setRole(170)) - s1@group-018C702B48E5: changes role from  FOLLOWER to FOLLOWER at term 6 for recognizeCandidate:s2
2019-09-24 17:02:02,151 INFO  impl.RoleInfo (RoleInfo.java:shutdownFollowerState(121)) - s0: shutdown FollowerState
2019-09-24 17:02:02,151 INFO  impl.RoleInfo (RoleInfo.java:shutdownFollowerState(121)) - s1: shutdown FollowerState
2019-09-24 17:02:02,151 INFO  impl.FollowerState (FollowerState.java:run(117)) - s0@group-018C702B48E5-FollowerState was interrupted: java.lang.InterruptedException: sleep interrupted
2019-09-24 17:02:02,151 INFO  impl.RoleInfo (RoleInfo.java:updateAndGet(143)) - s0: start FollowerState
2019-09-24 17:02:02,151 INFO  impl.FollowerState (FollowerState.java:run(117)) - s1@group-018C702B48E5-FollowerState was interrupted: java.lang.InterruptedException: sleep interrupted
2019-09-24 17:02:02,151 INFO  impl.RoleInfo (RoleInfo.java:updateAndGet(143)) - s1: start FollowerState
2019-09-24 17:02:02,198 WARN  ratis.RaftTestUtil (JavaUtils.java:attempt(158)) - FAILED "waitForLeader-null-(expectLeader? true)", attempt #24/100: java.lang.IllegalStateException: No leader yet : printing ALL groups
  s0:  RUNNING  FOLLOWER s0@group-018C702B48E5:t6, leader=null, voted=s2, raftlog=s0@group-018C702B48E5-SegmentedRaftLog:OPENED:c-1,f-1,i0, conf=-1: [s0:0.0.0.0:34748, s1:0.0.0.0:43419, s2:0.0.0.0:39849], old=null RUNNING
  s1:  RUNNING  FOLLOWER s1@group-018C702B48E5:t6, leader=null, voted=s2, raftlog=s1@group-018C702B48E5-SegmentedRaftLog:OPENED:c-1,f0,i0, conf=0: [s0:0.0.0.0:34748, s1:0.0.0.0:43419, s2:0.0.0.0:39849], old=null RUNNING
  s2:  RUNNING CANDIDATE s2@group-018C702B48E5:t6, leader=null, voted=s2, raftlog=s2@group-018C702B48E5-SegmentedRaftLog:OPENED:c-1,f0,i0, conf=0: [s0:0.0.0.0:34748, s1:0.0.0.0:43419, s2:0.0.0.0:39849], old=null RUNNING, sleep 450ms and then retry.
java.lang.IllegalStateException: No leader yet : printing ALL groups
  s0:  RUNNING  FOLLOWER s0@group-018C702B48E5:t6, leader=null, voted=s2, raftlog=s0@group-018C702B48E5-SegmentedRaftLog:OPENED:c-1,f-1,i0, conf=-1: [s0:0.0.0.0:34748, s1:0.0.0.0:43419, s2:0.0.0.0:39849], old=null RUNNING
  s1:  RUNNING  FOLLOWER s1@group-018C702B48E5:t6, leader=null, voted=s2, raftlog=s1@group-018C702B48E5-SegmentedRaftLog:OPENED:c-1,f0,i0, conf=0: [s0:0.0.0.0:34748, s1:0.0.0.0:43419, s2:0.0.0.0:39849], old=null RUNNING
  s2:  RUNNING CANDIDATE s2@group-018C702B48E5:t6, leader=null, voted=s2, raftlog=s2@group-018C702B48E5-SegmentedRaftLog:OPENED:c-1,f0,i0, conf=0: [s0:0.0.0.0:34748, s1:0.0.0.0:43419, s2:0.0.0.0:39849], old=null RUNNING
	at org.apache.ratis.MiniRaftCluster.newIllegalStateExceptionForNoLeaders(MiniRaftCluster.java:506)
	at org.apache.ratis.RaftTestUtil.lambda$waitForLeader$1(RaftTestUtil.java:90)
	at org.apache.ratis.MiniRaftCluster.getLeader(MiniRaftCluster.java:539)
	at org.apache.ratis.MiniRaftCluster.getLeader(MiniRaftCluster.java:532)
	at org.apache.ratis.RaftTestUtil.lambda$waitForLeader$3(RaftTestUtil.java:98)
	at org.apache.ratis.util.JavaUtils.attempt(JavaUtils.java:152)
	at org.apache.ratis.RaftTestUtil.waitForLeader(RaftTestUtil.java:97)
	at org.apache.ratis.RaftTestUtil.waitForLeader(RaftTestUtil.java:77)
	at org.apache.ratis.RaftTestUtil.waitForLeader(RaftTestUtil.java:72)
	at org.apache.ratis.server.impl.RaftReconfigurationBaseTest.runTestNoChangeRequest(RaftReconfigurationBaseTest.java:394)
	at org.apache.ratis.MiniRaftCluster$Factory$Get.runWithNewCluster(MiniRaftCluster.java:125)
	at org.apache.ratis.MiniRaftCluster$Factory$Get.runWithNewCluster(MiniRaftCluster.java:113)
	at org.apache.ratis.server.impl.RaftReconfigurationBaseTest.testNoChangeRequest(RaftReconfigurationBaseTest.java:390)
	at sun.reflect.NativeMethodAccessorImpl.invoke0(Native Method)
	at sun.reflect.NativeMethodAccessorImpl.invoke(NativeMethodAccessorImpl.java:62)
	at sun.reflect.DelegatingMethodAccessorImpl.invoke(DelegatingMethodAccessorImpl.java:43)
	at java.lang.reflect.Method.invoke(Method.java:498)
	at org.junit.runners.model.FrameworkMethod$1.runReflectiveCall(FrameworkMethod.java:50)
	at org.junit.internal.runners.model.ReflectiveCallable.run(ReflectiveCallable.java:12)
	at org.junit.runners.model.FrameworkMethod.invokeExplosively(FrameworkMethod.java:47)
	at org.junit.internal.runners.statements.InvokeMethod.evaluate(InvokeMethod.java:17)
	at org.junit.internal.runners.statements.RunAfters.evaluate(RunAfters.java:27)
	at org.junit.internal.runners.statements.FailOnTimeout$CallableStatement.call(FailOnTimeout.java:298)
	at org.junit.internal.runners.statements.FailOnTimeout$CallableStatement.call(FailOnTimeout.java:292)
	at java.util.concurrent.FutureTask.run(FutureTask.java:266)
	at java.lang.Thread.run(Thread.java:748)
2019-09-24 17:02:02,400 INFO  impl.LeaderElection (LeaderElection.java:logAndReturn(56)) - s2@group-018C702B48E5-LeaderElection13: Election TIMEOUT; received 0 response(s) [] and 0 exception(s); s2@group-018C702B48E5:t6, leader=null, voted=s2, raftlog=s2@group-018C702B48E5-SegmentedRaftLog:OPENED:c-1,f0,i0, conf=0: [s0:0.0.0.0:34748, s1:0.0.0.0:43419, s2:0.0.0.0:39849], old=null
2019-09-24 17:02:02,649 WARN  ratis.RaftTestUtil (JavaUtils.java:attempt(158)) - FAILED "waitForLeader-null-(expectLeader? true)", attempt #25/100: java.lang.IllegalStateException: No leader yet : printing ALL groups
  s0:  RUNNING  FOLLOWER s0@group-018C702B48E5:t6, leader=null, voted=s2, raftlog=s0@group-018C702B48E5-SegmentedRaftLog:OPENED:c-1,f-1,i0, conf=-1: [s0:0.0.0.0:34748, s1:0.0.0.0:43419, s2:0.0.0.0:39849], old=null RUNNING
  s1:  RUNNING  FOLLOWER s1@group-018C702B48E5:t6, leader=null, voted=s2, raftlog=s1@group-018C702B48E5-SegmentedRaftLog:OPENED:c-1,f0,i0, conf=0: [s0:0.0.0.0:34748, s1:0.0.0.0:43419, s2:0.0.0.0:39849], old=null RUNNING
  s2:  RUNNING CANDIDATE s2@group-018C702B48E5:t7, leader=null, voted=s2, raftlog=s2@group-018C702B48E5-SegmentedRaftLog:OPENED:c-1,f0,i0, conf=0: [s0:0.0.0.0:34748, s1:0.0.0.0:43419, s2:0.0.0.0:39849], old=null RUNNING, sleep 450ms and then retry.
java.lang.IllegalStateException: No leader yet : printing ALL groups
  s0:  RUNNING  FOLLOWER s0@group-018C702B48E5:t6, leader=null, voted=s2, raftlog=s0@group-018C702B48E5-SegmentedRaftLog:OPENED:c-1,f-1,i0, conf=-1: [s0:0.0.0.0:34748, s1:0.0.0.0:43419, s2:0.0.0.0:39849], old=null RUNNING
  s1:  RUNNING  FOLLOWER s1@group-018C702B48E5:t6, leader=null, voted=s2, raftlog=s1@group-018C702B48E5-SegmentedRaftLog:OPENED:c-1,f0,i0, conf=0: [s0:0.0.0.0:34748, s1:0.0.0.0:43419, s2:0.0.0.0:39849], old=null RUNNING
  s2:  RUNNING CANDIDATE s2@group-018C702B48E5:t7, leader=null, voted=s2, raftlog=s2@group-018C702B48E5-SegmentedRaftLog:OPENED:c-1,f0,i0, conf=0: [s0:0.0.0.0:34748, s1:0.0.0.0:43419, s2:0.0.0.0:39849], old=null RUNNING
	at org.apache.ratis.MiniRaftCluster.newIllegalStateExceptionForNoLeaders(MiniRaftCluster.java:506)
	at org.apache.ratis.RaftTestUtil.lambda$waitForLeader$1(RaftTestUtil.java:90)
	at org.apache.ratis.MiniRaftCluster.getLeader(MiniRaftCluster.java:539)
	at org.apache.ratis.MiniRaftCluster.getLeader(MiniRaftCluster.java:532)
	at org.apache.ratis.RaftTestUtil.lambda$waitForLeader$3(RaftTestUtil.java:98)
	at org.apache.ratis.util.JavaUtils.attempt(JavaUtils.java:152)
	at org.apache.ratis.RaftTestUtil.waitForLeader(RaftTestUtil.java:97)
	at org.apache.ratis.RaftTestUtil.waitForLeader(RaftTestUtil.java:77)
	at org.apache.ratis.RaftTestUtil.waitForLeader(RaftTestUtil.java:72)
	at org.apache.ratis.server.impl.RaftReconfigurationBaseTest.runTestNoChangeRequest(RaftReconfigurationBaseTest.java:394)
	at org.apache.ratis.MiniRaftCluster$Factory$Get.runWithNewCluster(MiniRaftCluster.java:125)
	at org.apache.ratis.MiniRaftCluster$Factory$Get.runWithNewCluster(MiniRaftCluster.java:113)
	at org.apache.ratis.server.impl.RaftReconfigurationBaseTest.testNoChangeRequest(RaftReconfigurationBaseTest.java:390)
	at sun.reflect.NativeMethodAccessorImpl.invoke0(Native Method)
	at sun.reflect.NativeMethodAccessorImpl.invoke(NativeMethodAccessorImpl.java:62)
	at sun.reflect.DelegatingMethodAccessorImpl.invoke(DelegatingMethodAccessorImpl.java:43)
	at java.lang.reflect.Method.invoke(Method.java:498)
	at org.junit.runners.model.FrameworkMethod$1.runReflectiveCall(FrameworkMethod.java:50)
	at org.junit.internal.runners.model.ReflectiveCallable.run(ReflectiveCallable.java:12)
	at org.junit.runners.model.FrameworkMethod.invokeExplosively(FrameworkMethod.java:47)
	at org.junit.internal.runners.statements.InvokeMethod.evaluate(InvokeMethod.java:17)
	at org.junit.internal.runners.statements.RunAfters.evaluate(RunAfters.java:27)
	at org.junit.internal.runners.statements.FailOnTimeout$CallableStatement.call(FailOnTimeout.java:298)
	at org.junit.internal.runners.statements.FailOnTimeout$CallableStatement.call(FailOnTimeout.java:292)
	at java.util.concurrent.FutureTask.run(FutureTask.java:266)
	at java.lang.Thread.run(Thread.java:748)
2019-09-24 17:02:03,102 WARN  ratis.RaftTestUtil (JavaUtils.java:attempt(158)) - FAILED "waitForLeader-null-(expectLeader? true)", attempt #26/100: java.lang.IllegalStateException: No leader yet : printing ALL groups
  s0:  RUNNING  FOLLOWER s0@group-018C702B48E5:t6, leader=null, voted=s2, raftlog=s0@group-018C702B48E5-SegmentedRaftLog:OPENED:c-1,f-1,i0, conf=-1: [s0:0.0.0.0:34748, s1:0.0.0.0:43419, s2:0.0.0.0:39849], old=null RUNNING
  s1:  RUNNING  FOLLOWER s1@group-018C702B48E5:t6, leader=null, voted=s2, raftlog=s1@group-018C702B48E5-SegmentedRaftLog:OPENED:c-1,f0,i0, conf=0: [s0:0.0.0.0:34748, s1:0.0.0.0:43419, s2:0.0.0.0:39849], old=null RUNNING
  s2:  RUNNING CANDIDATE s2@group-018C702B48E5:t7, leader=null, voted=s2, raftlog=s2@group-018C702B48E5-SegmentedRaftLog:OPENED:c-1,f0,i0, conf=0: [s0:0.0.0.0:34748, s1:0.0.0.0:43419, s2:0.0.0.0:39849], old=null RUNNING, sleep 450ms and then retry.
java.lang.IllegalStateException: No leader yet : printing ALL groups
  s0:  RUNNING  FOLLOWER s0@group-018C702B48E5:t6, leader=null, voted=s2, raftlog=s0@group-018C702B48E5-SegmentedRaftLog:OPENED:c-1,f-1,i0, conf=-1: [s0:0.0.0.0:34748, s1:0.0.0.0:43419, s2:0.0.0.0:39849], old=null RUNNING
  s1:  RUNNING  FOLLOWER s1@group-018C702B48E5:t6, leader=null, voted=s2, raftlog=s1@group-018C702B48E5-SegmentedRaftLog:OPENED:c-1,f0,i0, conf=0: [s0:0.0.0.0:34748, s1:0.0.0.0:43419, s2:0.0.0.0:39849], old=null RUNNING
  s2:  RUNNING CANDIDATE s2@group-018C702B48E5:t7, leader=null, voted=s2, raftlog=s2@group-018C702B48E5-SegmentedRaftLog:OPENED:c-1,f0,i0, conf=0: [s0:0.0.0.0:34748, s1:0.0.0.0:43419, s2:0.0.0.0:39849], old=null RUNNING
	at org.apache.ratis.MiniRaftCluster.newIllegalStateExceptionForNoLeaders(MiniRaftCluster.java:506)
	at org.apache.ratis.RaftTestUtil.lambda$waitForLeader$1(RaftTestUtil.java:90)
	at org.apache.ratis.MiniRaftCluster.getLeader(MiniRaftCluster.java:539)
	at org.apache.ratis.MiniRaftCluster.getLeader(MiniRaftCluster.java:532)
	at org.apache.ratis.RaftTestUtil.lambda$waitForLeader$3(RaftTestUtil.java:98)
	at org.apache.ratis.util.JavaUtils.attempt(JavaUtils.java:152)
	at org.apache.ratis.RaftTestUtil.waitForLeader(RaftTestUtil.java:97)
	at org.apache.ratis.RaftTestUtil.waitForLeader(RaftTestUtil.java:77)
	at org.apache.ratis.RaftTestUtil.waitForLeader(RaftTestUtil.java:72)
	at org.apache.ratis.server.impl.RaftReconfigurationBaseTest.runTestNoChangeRequest(RaftReconfigurationBaseTest.java:394)
	at org.apache.ratis.MiniRaftCluster$Factory$Get.runWithNewCluster(MiniRaftCluster.java:125)
	at org.apache.ratis.MiniRaftCluster$Factory$Get.runWithNewCluster(MiniRaftCluster.java:113)
	at org.apache.ratis.server.impl.RaftReconfigurationBaseTest.testNoChangeRequest(RaftReconfigurationBaseTest.java:390)
	at sun.reflect.NativeMethodAccessorImpl.invoke0(Native Method)
	at sun.reflect.NativeMethodAccessorImpl.invoke(NativeMethodAccessorImpl.java:62)
	at sun.reflect.DelegatingMethodAccessorImpl.invoke(DelegatingMethodAccessorImpl.java:43)
	at java.lang.reflect.Method.invoke(Method.java:498)
	at org.junit.runners.model.FrameworkMethod$1.runReflectiveCall(FrameworkMethod.java:50)
	at org.junit.internal.runners.model.ReflectiveCallable.run(ReflectiveCallable.java:12)
	at org.junit.runners.model.FrameworkMethod.invokeExplosively(FrameworkMethod.java:47)
	at org.junit.internal.runners.statements.InvokeMethod.evaluate(InvokeMethod.java:17)
	at org.junit.internal.runners.statements.RunAfters.evaluate(RunAfters.java:27)
	at org.junit.internal.runners.statements.FailOnTimeout$CallableStatement.call(FailOnTimeout.java:298)
	at org.junit.internal.runners.statements.FailOnTimeout$CallableStatement.call(FailOnTimeout.java:292)
	at java.util.concurrent.FutureTask.run(FutureTask.java:266)
	at java.lang.Thread.run(Thread.java:748)
2019-09-24 17:02:03,242 INFO  impl.LeaderElection (LeaderElection.java:askForVotes(178)) - s2@group-018C702B48E5-LeaderElection13: begin an election at term 7 for 0: [s0:0.0.0.0:34748, s1:0.0.0.0:43419, s2:0.0.0.0:39849], old=null
2019-09-24 17:02:03,243 DEBUG impl.RaftServerImpl (RaftServerImpl.java:requestVote(775)) - s0@group-018C702B48E5 replies to vote request: s2<-s0#0:OK-t6. Peer's state: s0@group-018C702B48E5:t6, leader=null, voted=s2, raftlog=s0@group-018C702B48E5-SegmentedRaftLog:OPENED:c-1,f-1,i0, conf=-1: [s0:0.0.0.0:34748, s1:0.0.0.0:43419, s2:0.0.0.0:39849], old=null
2019-09-24 17:02:03,242 DEBUG impl.RaftServerImpl (RaftServerImpl.java:requestVote(775)) - s1@group-018C702B48E5 replies to vote request: s2<-s1#0:OK-t6. Peer's state: s1@group-018C702B48E5:t6, leader=null, voted=s2, raftlog=s1@group-018C702B48E5-SegmentedRaftLog:OPENED:c-1,f0,i0, conf=0: [s0:0.0.0.0:34748, s1:0.0.0.0:43419, s2:0.0.0.0:39849], old=null
2019-09-24 17:02:03,244 INFO  impl.FollowerState (FollowerState.java:run(108)) - s0@group-018C702B48E5-FollowerState: change to CANDIDATE, lastRpcTime:1092ms, electionTimeout:272ms
2019-09-24 17:02:03,244 INFO  impl.FollowerState (FollowerState.java:run(108)) - s1@group-018C702B48E5-FollowerState: change to CANDIDATE, lastRpcTime:1092ms, electionTimeout:240ms
2019-09-24 17:02:03,244 INFO  impl.RoleInfo (RoleInfo.java:shutdownFollowerState(121)) - s0: shutdown FollowerState
2019-09-24 17:02:03,244 DEBUG impl.RaftServerImpl (RaftServerImpl.java:requestVote(743)) - s0@group-018C702B48E5: receive requestVote(s2, group-018C702B48E5, 7, (t:2, i:0))
2019-09-24 17:02:03,244 INFO  impl.RoleInfo (RoleInfo.java:shutdownFollowerState(121)) - s1: shutdown FollowerState
2019-09-24 17:02:03,244 INFO  impl.RaftServerImpl (RaftServerImpl.java:setRole(170)) - s0@group-018C702B48E5: changes role from  FOLLOWER to CANDIDATE at term 6 for changeToCandidate
2019-09-24 17:02:03,244 DEBUG impl.RaftServerImpl (RaftServerImpl.java:requestVote(743)) - s1@group-018C702B48E5: receive requestVote(s2, group-018C702B48E5, 7, (t:2, i:0))
2019-09-24 17:02:03,245 INFO  impl.RoleInfo (RoleInfo.java:updateAndGet(143)) - s0: start LeaderElection
2019-09-24 17:02:03,245 INFO  impl.RaftServerImpl (RaftServerImpl.java:setRole(170)) - s1@group-018C702B48E5: changes role from  FOLLOWER to CANDIDATE at term 6 for changeToCandidate
2019-09-24 17:02:03,246 INFO  impl.RoleInfo (RoleInfo.java:updateAndGet(143)) - s1: start LeaderElection
2019-09-24 17:02:03,246 INFO  impl.RaftServerImpl (RaftServerImpl.java:setRole(170)) - s0@group-018C702B48E5: changes role from CANDIDATE to FOLLOWER at term 7 for recognizeCandidate:s2
2019-09-24 17:02:03,247 INFO  impl.RoleInfo (RoleInfo.java:shutdownLeaderElection(134)) - s0: shutdown LeaderElection
2019-09-24 17:02:03,247 INFO  impl.RaftServerImpl (RaftServerImpl.java:setRole(170)) - s1@group-018C702B48E5: changes role from CANDIDATE to FOLLOWER at term 7 for recognizeCandidate:s2
2019-09-24 17:02:03,247 INFO  impl.RoleInfo (RoleInfo.java:updateAndGet(143)) - s0: start FollowerState
2019-09-24 17:02:03,247 INFO  impl.RoleInfo (RoleInfo.java:shutdownLeaderElection(134)) - s1: shutdown LeaderElection
2019-09-24 17:02:03,248 INFO  impl.RoleInfo (RoleInfo.java:updateAndGet(143)) - s1: start FollowerState
2019-09-24 17:02:03,528 INFO  impl.LeaderElection (LeaderElection.java:logAndReturn(56)) - s2@group-018C702B48E5-LeaderElection13: Election TIMEOUT; received 0 response(s) [] and 0 exception(s); s2@group-018C702B48E5:t7, leader=null, voted=s2, raftlog=s2@group-018C702B48E5-SegmentedRaftLog:OPENED:c-1,f0,i0, conf=0: [s0:0.0.0.0:34748, s1:0.0.0.0:43419, s2:0.0.0.0:39849], old=null
2019-09-24 17:02:03,554 WARN  ratis.RaftTestUtil (JavaUtils.java:attempt(158)) - FAILED "waitForLeader-null-(expectLeader? true)", attempt #27/100: java.lang.IllegalStateException: No leader yet : printing ALL groups
  s0:  RUNNING  FOLLOWER s0@group-018C702B48E5:t7, leader=null, voted=null, raftlog=s0@group-018C702B48E5-SegmentedRaftLog:OPENED:c-1,f-1,i0, conf=-1: [s0:0.0.0.0:34748, s1:0.0.0.0:43419, s2:0.0.0.0:39849], old=null RUNNING
  s1:  RUNNING  FOLLOWER s1@group-018C702B48E5:t7, leader=null, voted=null, raftlog=s1@group-018C702B48E5-SegmentedRaftLog:OPENED:c-1,f0,i0, conf=0: [s0:0.0.0.0:34748, s1:0.0.0.0:43419, s2:0.0.0.0:39849], old=null RUNNING
  s2:  RUNNING CANDIDATE s2@group-018C702B48E5:t8, leader=null, voted=s2, raftlog=s2@group-018C702B48E5-SegmentedRaftLog:OPENED:c-1,f0,i0, conf=0: [s0:0.0.0.0:34748, s1:0.0.0.0:43419, s2:0.0.0.0:39849], old=null RUNNING, sleep 450ms and then retry.
java.lang.IllegalStateException: No leader yet : printing ALL groups
  s0:  RUNNING  FOLLOWER s0@group-018C702B48E5:t7, leader=null, voted=null, raftlog=s0@group-018C702B48E5-SegmentedRaftLog:OPENED:c-1,f-1,i0, conf=-1: [s0:0.0.0.0:34748, s1:0.0.0.0:43419, s2:0.0.0.0:39849], old=null RUNNING
  s1:  RUNNING  FOLLOWER s1@group-018C702B48E5:t7, leader=null, voted=null, raftlog=s1@group-018C702B48E5-SegmentedRaftLog:OPENED:c-1,f0,i0, conf=0: [s0:0.0.0.0:34748, s1:0.0.0.0:43419, s2:0.0.0.0:39849], old=null RUNNING
  s2:  RUNNING CANDIDATE s2@group-018C702B48E5:t8, leader=null, voted=s2, raftlog=s2@group-018C702B48E5-SegmentedRaftLog:OPENED:c-1,f0,i0, conf=0: [s0:0.0.0.0:34748, s1:0.0.0.0:43419, s2:0.0.0.0:39849], old=null RUNNING
	at org.apache.ratis.MiniRaftCluster.newIllegalStateExceptionForNoLeaders(MiniRaftCluster.java:506)
	at org.apache.ratis.RaftTestUtil.lambda$waitForLeader$1(RaftTestUtil.java:90)
	at org.apache.ratis.MiniRaftCluster.getLeader(MiniRaftCluster.java:539)
	at org.apache.ratis.MiniRaftCluster.getLeader(MiniRaftCluster.java:532)
	at org.apache.ratis.RaftTestUtil.lambda$waitForLeader$3(RaftTestUtil.java:98)
	at org.apache.ratis.util.JavaUtils.attempt(JavaUtils.java:152)
	at org.apache.ratis.RaftTestUtil.waitForLeader(RaftTestUtil.java:97)
	at org.apache.ratis.RaftTestUtil.waitForLeader(RaftTestUtil.java:77)
	at org.apache.ratis.RaftTestUtil.waitForLeader(RaftTestUtil.java:72)
	at org.apache.ratis.server.impl.RaftReconfigurationBaseTest.runTestNoChangeRequest(RaftReconfigurationBaseTest.java:394)
	at org.apache.ratis.MiniRaftCluster$Factory$Get.runWithNewCluster(MiniRaftCluster.java:125)
	at org.apache.ratis.MiniRaftCluster$Factory$Get.runWithNewCluster(MiniRaftCluster.java:113)
	at org.apache.ratis.server.impl.RaftReconfigurationBaseTest.testNoChangeRequest(RaftReconfigurationBaseTest.java:390)
	at sun.reflect.NativeMethodAccessorImpl.invoke0(Native Method)
	at sun.reflect.NativeMethodAccessorImpl.invoke(NativeMethodAccessorImpl.java:62)
	at sun.reflect.DelegatingMethodAccessorImpl.invoke(DelegatingMethodAccessorImpl.java:43)
	at java.lang.reflect.Method.invoke(Method.java:498)
	at org.junit.runners.model.FrameworkMethod$1.runReflectiveCall(FrameworkMethod.java:50)
	at org.junit.internal.runners.model.ReflectiveCallable.run(ReflectiveCallable.java:12)
	at org.junit.runners.model.FrameworkMethod.invokeExplosively(FrameworkMethod.java:47)
	at org.junit.internal.runners.statements.InvokeMethod.evaluate(InvokeMethod.java:17)
	at org.junit.internal.runners.statements.RunAfters.evaluate(RunAfters.java:27)
	at org.junit.internal.runners.statements.FailOnTimeout$CallableStatement.call(FailOnTimeout.java:298)
	at org.junit.internal.runners.statements.FailOnTimeout$CallableStatement.call(FailOnTimeout.java:292)
	at java.util.concurrent.FutureTask.run(FutureTask.java:266)
	at java.lang.Thread.run(Thread.java:748)
2019-09-24 17:02:04,006 WARN  ratis.RaftTestUtil (JavaUtils.java:attempt(158)) - FAILED "waitForLeader-null-(expectLeader? true)", attempt #28/100: java.lang.IllegalStateException: No leader yet : printing ALL groups
  s0:  RUNNING  FOLLOWER s0@group-018C702B48E5:t7, leader=null, voted=null, raftlog=s0@group-018C702B48E5-SegmentedRaftLog:OPENED:c-1,f-1,i0, conf=-1: [s0:0.0.0.0:34748, s1:0.0.0.0:43419, s2:0.0.0.0:39849], old=null RUNNING
  s1:  RUNNING  FOLLOWER s1@group-018C702B48E5:t7, leader=null, voted=null, raftlog=s1@group-018C702B48E5-SegmentedRaftLog:OPENED:c-1,f0,i0, conf=0: [s0:0.0.0.0:34748, s1:0.0.0.0:43419, s2:0.0.0.0:39849], old=null RUNNING
  s2:  RUNNING CANDIDATE s2@group-018C702B48E5:t8, leader=null, voted=s2, raftlog=s2@group-018C702B48E5-SegmentedRaftLog:OPENED:c-1,f0,i0, conf=0: [s0:0.0.0.0:34748, s1:0.0.0.0:43419, s2:0.0.0.0:39849], old=null RUNNING, sleep 450ms and then retry.
java.lang.IllegalStateException: No leader yet : printing ALL groups
  s0:  RUNNING  FOLLOWER s0@group-018C702B48E5:t7, leader=null, voted=null, raftlog=s0@group-018C702B48E5-SegmentedRaftLog:OPENED:c-1,f-1,i0, conf=-1: [s0:0.0.0.0:34748, s1:0.0.0.0:43419, s2:0.0.0.0:39849], old=null RUNNING
  s1:  RUNNING  FOLLOWER s1@group-018C702B48E5:t7, leader=null, voted=null, raftlog=s1@group-018C702B48E5-SegmentedRaftLog:OPENED:c-1,f0,i0, conf=0: [s0:0.0.0.0:34748, s1:0.0.0.0:43419, s2:0.0.0.0:39849], old=null RUNNING
  s2:  RUNNING CANDIDATE s2@group-018C702B48E5:t8, leader=null, voted=s2, raftlog=s2@group-018C702B48E5-SegmentedRaftLog:OPENED:c-1,f0,i0, conf=0: [s0:0.0.0.0:34748, s1:0.0.0.0:43419, s2:0.0.0.0:39849], old=null RUNNING
	at org.apache.ratis.MiniRaftCluster.newIllegalStateExceptionForNoLeaders(MiniRaftCluster.java:506)
	at org.apache.ratis.RaftTestUtil.lambda$waitForLeader$1(RaftTestUtil.java:90)
	at org.apache.ratis.MiniRaftCluster.getLeader(MiniRaftCluster.java:539)
	at org.apache.ratis.MiniRaftCluster.getLeader(MiniRaftCluster.java:532)
	at org.apache.ratis.RaftTestUtil.lambda$waitForLeader$3(RaftTestUtil.java:98)
	at org.apache.ratis.util.JavaUtils.attempt(JavaUtils.java:152)
	at org.apache.ratis.RaftTestUtil.waitForLeader(RaftTestUtil.java:97)
	at org.apache.ratis.RaftTestUtil.waitForLeader(RaftTestUtil.java:77)
	at org.apache.ratis.RaftTestUtil.waitForLeader(RaftTestUtil.java:72)
	at org.apache.ratis.server.impl.RaftReconfigurationBaseTest.runTestNoChangeRequest(RaftReconfigurationBaseTest.java:394)
	at org.apache.ratis.MiniRaftCluster$Factory$Get.runWithNewCluster(MiniRaftCluster.java:125)
	at org.apache.ratis.MiniRaftCluster$Factory$Get.runWithNewCluster(MiniRaftCluster.java:113)
	at org.apache.ratis.server.impl.RaftReconfigurationBaseTest.testNoChangeRequest(RaftReconfigurationBaseTest.java:390)
	at sun.reflect.NativeMethodAccessorImpl.invoke0(Native Method)
	at sun.reflect.NativeMethodAccessorImpl.invoke(NativeMethodAccessorImpl.java:62)
	at sun.reflect.DelegatingMethodAccessorImpl.invoke(DelegatingMethodAccessorImpl.java:43)
	at java.lang.reflect.Method.invoke(Method.java:498)
	at org.junit.runners.model.FrameworkMethod$1.runReflectiveCall(FrameworkMethod.java:50)
	at org.junit.internal.runners.model.ReflectiveCallable.run(ReflectiveCallable.java:12)
	at org.junit.runners.model.FrameworkMethod.invokeExplosively(FrameworkMethod.java:47)
	at org.junit.internal.runners.statements.InvokeMethod.evaluate(InvokeMethod.java:17)
	at org.junit.internal.runners.statements.RunAfters.evaluate(RunAfters.java:27)
	at org.junit.internal.runners.statements.FailOnTimeout$CallableStatement.call(FailOnTimeout.java:298)
	at org.junit.internal.runners.statements.FailOnTimeout$CallableStatement.call(FailOnTimeout.java:292)
	at java.util.concurrent.FutureTask.run(FutureTask.java:266)
	at java.lang.Thread.run(Thread.java:748)
2019-09-24 17:02:04,458 WARN  ratis.RaftTestUtil (JavaUtils.java:attempt(158)) - FAILED "waitForLeader-null-(expectLeader? true)", attempt #29/100: java.lang.IllegalStateException: No leader yet : printing ALL groups
  s0:  RUNNING  FOLLOWER s0@group-018C702B48E5:t7, leader=null, voted=null, raftlog=s0@group-018C702B48E5-SegmentedRaftLog:OPENED:c-1,f-1,i0, conf=-1: [s0:0.0.0.0:34748, s1:0.0.0.0:43419, s2:0.0.0.0:39849], old=null RUNNING
  s1:  RUNNING  FOLLOWER s1@group-018C702B48E5:t7, leader=null, voted=null, raftlog=s1@group-018C702B48E5-SegmentedRaftLog:OPENED:c-1,f0,i0, conf=0: [s0:0.0.0.0:34748, s1:0.0.0.0:43419, s2:0.0.0.0:39849], old=null RUNNING
  s2:  RUNNING CANDIDATE s2@group-018C702B48E5:t8, leader=null, voted=s2, raftlog=s2@group-018C702B48E5-SegmentedRaftLog:OPENED:c-1,f0,i0, conf=0: [s0:0.0.0.0:34748, s1:0.0.0.0:43419, s2:0.0.0.0:39849], old=null RUNNING, sleep 450ms and then retry.
java.lang.IllegalStateException: No leader yet : printing ALL groups
  s0:  RUNNING  FOLLOWER s0@group-018C702B48E5:t7, leader=null, voted=null, raftlog=s0@group-018C702B48E5-SegmentedRaftLog:OPENED:c-1,f-1,i0, conf=-1: [s0:0.0.0.0:34748, s1:0.0.0.0:43419, s2:0.0.0.0:39849], old=null RUNNING
  s1:  RUNNING  FOLLOWER s1@group-018C702B48E5:t7, leader=null, voted=null, raftlog=s1@group-018C702B48E5-SegmentedRaftLog:OPENED:c-1,f0,i0, conf=0: [s0:0.0.0.0:34748, s1:0.0.0.0:43419, s2:0.0.0.0:39849], old=null RUNNING
  s2:  RUNNING CANDIDATE s2@group-018C702B48E5:t8, leader=null, voted=s2, raftlog=s2@group-018C702B48E5-SegmentedRaftLog:OPENED:c-1,f0,i0, conf=0: [s0:0.0.0.0:34748, s1:0.0.0.0:43419, s2:0.0.0.0:39849], old=null RUNNING
	at org.apache.ratis.MiniRaftCluster.newIllegalStateExceptionForNoLeaders(MiniRaftCluster.java:506)
	at org.apache.ratis.RaftTestUtil.lambda$waitForLeader$1(RaftTestUtil.java:90)
	at org.apache.ratis.MiniRaftCluster.getLeader(MiniRaftCluster.java:539)
	at org.apache.ratis.MiniRaftCluster.getLeader(MiniRaftCluster.java:532)
	at org.apache.ratis.RaftTestUtil.lambda$waitForLeader$3(RaftTestUtil.java:98)
	at org.apache.ratis.util.JavaUtils.attempt(JavaUtils.java:152)
	at org.apache.ratis.RaftTestUtil.waitForLeader(RaftTestUtil.java:97)
	at org.apache.ratis.RaftTestUtil.waitForLeader(RaftTestUtil.java:77)
	at org.apache.ratis.RaftTestUtil.waitForLeader(RaftTestUtil.java:72)
	at org.apache.ratis.server.impl.RaftReconfigurationBaseTest.runTestNoChangeRequest(RaftReconfigurationBaseTest.java:394)
	at org.apache.ratis.MiniRaftCluster$Factory$Get.runWithNewCluster(MiniRaftCluster.java:125)
	at org.apache.ratis.MiniRaftCluster$Factory$Get.runWithNewCluster(MiniRaftCluster.java:113)
	at org.apache.ratis.server.impl.RaftReconfigurationBaseTest.testNoChangeRequest(RaftReconfigurationBaseTest.java:390)
	at sun.reflect.NativeMethodAccessorImpl.invoke0(Native Method)
	at sun.reflect.NativeMethodAccessorImpl.invoke(NativeMethodAccessorImpl.java:62)
	at sun.reflect.DelegatingMethodAccessorImpl.invoke(DelegatingMethodAccessorImpl.java:43)
	at java.lang.reflect.Method.invoke(Method.java:498)
	at org.junit.runners.model.FrameworkMethod$1.runReflectiveCall(FrameworkMethod.java:50)
	at org.junit.internal.runners.model.ReflectiveCallable.run(ReflectiveCallable.java:12)
	at org.junit.runners.model.FrameworkMethod.invokeExplosively(FrameworkMethod.java:47)
	at org.junit.internal.runners.statements.InvokeMethod.evaluate(InvokeMethod.java:17)
	at org.junit.internal.runners.statements.RunAfters.evaluate(RunAfters.java:27)
	at org.junit.internal.runners.statements.FailOnTimeout$CallableStatement.call(FailOnTimeout.java:298)
	at org.junit.internal.runners.statements.FailOnTimeout$CallableStatement.call(FailOnTimeout.java:292)
	at java.util.concurrent.FutureTask.run(FutureTask.java:266)
	at java.lang.Thread.run(Thread.java:748)
2019-09-24 17:02:04,909 WARN  ratis.RaftTestUtil (JavaUtils.java:attempt(158)) - FAILED "waitForLeader-null-(expectLeader? true)", attempt #30/100: java.lang.IllegalStateException: No leader yet : printing ALL groups
  s0:  RUNNING  FOLLOWER s0@group-018C702B48E5:t7, leader=null, voted=null, raftlog=s0@group-018C702B48E5-SegmentedRaftLog:OPENED:c-1,f-1,i0, conf=-1: [s0:0.0.0.0:34748, s1:0.0.0.0:43419, s2:0.0.0.0:39849], old=null RUNNING
  s1:  RUNNING  FOLLOWER s1@group-018C702B48E5:t7, leader=null, voted=null, raftlog=s1@group-018C702B48E5-SegmentedRaftLog:OPENED:c-1,f0,i0, conf=0: [s0:0.0.0.0:34748, s1:0.0.0.0:43419, s2:0.0.0.0:39849], old=null RUNNING
  s2:  RUNNING CANDIDATE s2@group-018C702B48E5:t8, leader=null, voted=s2, raftlog=s2@group-018C702B48E5-SegmentedRaftLog:OPENED:c-1,f0,i0, conf=0: [s0:0.0.0.0:34748, s1:0.0.0.0:43419, s2:0.0.0.0:39849], old=null RUNNING, sleep 450ms and then retry.
java.lang.IllegalStateException: No leader yet : printing ALL groups
  s0:  RUNNING  FOLLOWER s0@group-018C702B48E5:t7, leader=null, voted=null, raftlog=s0@group-018C702B48E5-SegmentedRaftLog:OPENED:c-1,f-1,i0, conf=-1: [s0:0.0.0.0:34748, s1:0.0.0.0:43419, s2:0.0.0.0:39849], old=null RUNNING
  s1:  RUNNING  FOLLOWER s1@group-018C702B48E5:t7, leader=null, voted=null, raftlog=s1@group-018C702B48E5-SegmentedRaftLog:OPENED:c-1,f0,i0, conf=0: [s0:0.0.0.0:34748, s1:0.0.0.0:43419, s2:0.0.0.0:39849], old=null RUNNING
  s2:  RUNNING CANDIDATE s2@group-018C702B48E5:t8, leader=null, voted=s2, raftlog=s2@group-018C702B48E5-SegmentedRaftLog:OPENED:c-1,f0,i0, conf=0: [s0:0.0.0.0:34748, s1:0.0.0.0:43419, s2:0.0.0.0:39849], old=null RUNNING
	at org.apache.ratis.MiniRaftCluster.newIllegalStateExceptionForNoLeaders(MiniRaftCluster.java:506)
	at org.apache.ratis.RaftTestUtil.lambda$waitForLeader$1(RaftTestUtil.java:90)
	at org.apache.ratis.MiniRaftCluster.getLeader(MiniRaftCluster.java:539)
	at org.apache.ratis.MiniRaftCluster.getLeader(MiniRaftCluster.java:532)
	at org.apache.ratis.RaftTestUtil.lambda$waitForLeader$3(RaftTestUtil.java:98)
	at org.apache.ratis.util.JavaUtils.attempt(JavaUtils.java:152)
	at org.apache.ratis.RaftTestUtil.waitForLeader(RaftTestUtil.java:97)
	at org.apache.ratis.RaftTestUtil.waitForLeader(RaftTestUtil.java:77)
	at org.apache.ratis.RaftTestUtil.waitForLeader(RaftTestUtil.java:72)
	at org.apache.ratis.server.impl.RaftReconfigurationBaseTest.runTestNoChangeRequest(RaftReconfigurationBaseTest.java:394)
	at org.apache.ratis.MiniRaftCluster$Factory$Get.runWithNewCluster(MiniRaftCluster.java:125)
	at org.apache.ratis.MiniRaftCluster$Factory$Get.runWithNewCluster(MiniRaftCluster.java:113)
	at org.apache.ratis.server.impl.RaftReconfigurationBaseTest.testNoChangeRequest(RaftReconfigurationBaseTest.java:390)
	at sun.reflect.NativeMethodAccessorImpl.invoke0(Native Method)
	at sun.reflect.NativeMethodAccessorImpl.invoke(NativeMethodAccessorImpl.java:62)
	at sun.reflect.DelegatingMethodAccessorImpl.invoke(DelegatingMethodAccessorImpl.java:43)
	at java.lang.reflect.Method.invoke(Method.java:498)
	at org.junit.runners.model.FrameworkMethod$1.runReflectiveCall(FrameworkMethod.java:50)
	at org.junit.internal.runners.model.ReflectiveCallable.run(ReflectiveCallable.java:12)
	at org.junit.runners.model.FrameworkMethod.invokeExplosively(FrameworkMethod.java:47)
	at org.junit.internal.runners.statements.InvokeMethod.evaluate(InvokeMethod.java:17)
	at org.junit.internal.runners.statements.RunAfters.evaluate(RunAfters.java:27)
	at org.junit.internal.runners.statements.FailOnTimeout$CallableStatement.call(FailOnTimeout.java:298)
	at org.junit.internal.runners.statements.FailOnTimeout$CallableStatement.call(FailOnTimeout.java:292)
	at java.util.concurrent.FutureTask.run(FutureTask.java:266)
	at java.lang.Thread.run(Thread.java:748)
2019-09-24 17:02:05,361 WARN  ratis.RaftTestUtil (JavaUtils.java:attempt(158)) - FAILED "waitForLeader-null-(expectLeader? true)", attempt #31/100: java.lang.IllegalStateException: No leader yet : printing ALL groups
  s0:  RUNNING  FOLLOWER s0@group-018C702B48E5:t7, leader=null, voted=null, raftlog=s0@group-018C702B48E5-SegmentedRaftLog:OPENED:c-1,f-1,i0, conf=-1: [s0:0.0.0.0:34748, s1:0.0.0.0:43419, s2:0.0.0.0:39849], old=null RUNNING
  s1:  RUNNING  FOLLOWER s1@group-018C702B48E5:t7, leader=null, voted=null, raftlog=s1@group-018C702B48E5-SegmentedRaftLog:OPENED:c-1,f0,i0, conf=0: [s0:0.0.0.0:34748, s1:0.0.0.0:43419, s2:0.0.0.0:39849], old=null RUNNING
  s2:  RUNNING CANDIDATE s2@group-018C702B48E5:t8, leader=null, voted=s2, raftlog=s2@group-018C702B48E5-SegmentedRaftLog:OPENED:c-1,f0,i0, conf=0: [s0:0.0.0.0:34748, s1:0.0.0.0:43419, s2:0.0.0.0:39849], old=null RUNNING, sleep 450ms and then retry.
java.lang.IllegalStateException: No leader yet : printing ALL groups
  s0:  RUNNING  FOLLOWER s0@group-018C702B48E5:t7, leader=null, voted=null, raftlog=s0@group-018C702B48E5-SegmentedRaftLog:OPENED:c-1,f-1,i0, conf=-1: [s0:0.0.0.0:34748, s1:0.0.0.0:43419, s2:0.0.0.0:39849], old=null RUNNING
  s1:  RUNNING  FOLLOWER s1@group-018C702B48E5:t7, leader=null, voted=null, raftlog=s1@group-018C702B48E5-SegmentedRaftLog:OPENED:c-1,f0,i0, conf=0: [s0:0.0.0.0:34748, s1:0.0.0.0:43419, s2:0.0.0.0:39849], old=null RUNNING
  s2:  RUNNING CANDIDATE s2@group-018C702B48E5:t8, leader=null, voted=s2, raftlog=s2@group-018C702B48E5-SegmentedRaftLog:OPENED:c-1,f0,i0, conf=0: [s0:0.0.0.0:34748, s1:0.0.0.0:43419, s2:0.0.0.0:39849], old=null RUNNING
	at org.apache.ratis.MiniRaftCluster.newIllegalStateExceptionForNoLeaders(MiniRaftCluster.java:506)
	at org.apache.ratis.RaftTestUtil.lambda$waitForLeader$1(RaftTestUtil.java:90)
	at org.apache.ratis.MiniRaftCluster.getLeader(MiniRaftCluster.java:539)
	at org.apache.ratis.MiniRaftCluster.getLeader(MiniRaftCluster.java:532)
	at org.apache.ratis.RaftTestUtil.lambda$waitForLeader$3(RaftTestUtil.java:98)
	at org.apache.ratis.util.JavaUtils.attempt(JavaUtils.java:152)
	at org.apache.ratis.RaftTestUtil.waitForLeader(RaftTestUtil.java:97)
	at org.apache.ratis.RaftTestUtil.waitForLeader(RaftTestUtil.java:77)
	at org.apache.ratis.RaftTestUtil.waitForLeader(RaftTestUtil.java:72)
	at org.apache.ratis.server.impl.RaftReconfigurationBaseTest.runTestNoChangeRequest(RaftReconfigurationBaseTest.java:394)
	at org.apache.ratis.MiniRaftCluster$Factory$Get.runWithNewCluster(MiniRaftCluster.java:125)
	at org.apache.ratis.MiniRaftCluster$Factory$Get.runWithNewCluster(MiniRaftCluster.java:113)
	at org.apache.ratis.server.impl.RaftReconfigurationBaseTest.testNoChangeRequest(RaftReconfigurationBaseTest.java:390)
	at sun.reflect.NativeMethodAccessorImpl.invoke0(Native Method)
	at sun.reflect.NativeMethodAccessorImpl.invoke(NativeMethodAccessorImpl.java:62)
	at sun.reflect.DelegatingMethodAccessorImpl.invoke(DelegatingMethodAccessorImpl.java:43)
	at java.lang.reflect.Method.invoke(Method.java:498)
	at org.junit.runners.model.FrameworkMethod$1.runReflectiveCall(FrameworkMethod.java:50)
	at org.junit.internal.runners.model.ReflectiveCallable.run(ReflectiveCallable.java:12)
	at org.junit.runners.model.FrameworkMethod.invokeExplosively(FrameworkMethod.java:47)
	at org.junit.internal.runners.statements.InvokeMethod.evaluate(InvokeMethod.java:17)
	at org.junit.internal.runners.statements.RunAfters.evaluate(RunAfters.java:27)
	at org.junit.internal.runners.statements.FailOnTimeout$CallableStatement.call(FailOnTimeout.java:298)
	at org.junit.internal.runners.statements.FailOnTimeout$CallableStatement.call(FailOnTimeout.java:292)
	at java.util.concurrent.FutureTask.run(FutureTask.java:266)
	at java.lang.Thread.run(Thread.java:748)
2019-09-24 17:02:05,813 WARN  ratis.RaftTestUtil (JavaUtils.java:attempt(158)) - FAILED "waitForLeader-null-(expectLeader? true)", attempt #32/100: java.lang.IllegalStateException: No leader yet : printing ALL groups
  s0:  RUNNING  FOLLOWER s0@group-018C702B48E5:t7, leader=null, voted=null, raftlog=s0@group-018C702B48E5-SegmentedRaftLog:OPENED:c-1,f-1,i0, conf=-1: [s0:0.0.0.0:34748, s1:0.0.0.0:43419, s2:0.0.0.0:39849], old=null RUNNING
  s1:  RUNNING  FOLLOWER s1@group-018C702B48E5:t7, leader=null, voted=null, raftlog=s1@group-018C702B48E5-SegmentedRaftLog:OPENED:c-1,f0,i0, conf=0: [s0:0.0.0.0:34748, s1:0.0.0.0:43419, s2:0.0.0.0:39849], old=null RUNNING
  s2:  RUNNING CANDIDATE s2@group-018C702B48E5:t8, leader=null, voted=s2, raftlog=s2@group-018C702B48E5-SegmentedRaftLog:OPENED:c-1,f0,i0, conf=0: [s0:0.0.0.0:34748, s1:0.0.0.0:43419, s2:0.0.0.0:39849], old=null RUNNING, sleep 450ms and then retry.
java.lang.IllegalStateException: No leader yet : printing ALL groups
  s0:  RUNNING  FOLLOWER s0@group-018C702B48E5:t7, leader=null, voted=null, raftlog=s0@group-018C702B48E5-SegmentedRaftLog:OPENED:c-1,f-1,i0, conf=-1: [s0:0.0.0.0:34748, s1:0.0.0.0:43419, s2:0.0.0.0:39849], old=null RUNNING
  s1:  RUNNING  FOLLOWER s1@group-018C702B48E5:t7, leader=null, voted=null, raftlog=s1@group-018C702B48E5-SegmentedRaftLog:OPENED:c-1,f0,i0, conf=0: [s0:0.0.0.0:34748, s1:0.0.0.0:43419, s2:0.0.0.0:39849], old=null RUNNING
  s2:  RUNNING CANDIDATE s2@group-018C702B48E5:t8, leader=null, voted=s2, raftlog=s2@group-018C702B48E5-SegmentedRaftLog:OPENED:c-1,f0,i0, conf=0: [s0:0.0.0.0:34748, s1:0.0.0.0:43419, s2:0.0.0.0:39849], old=null RUNNING
	at org.apache.ratis.MiniRaftCluster.newIllegalStateExceptionForNoLeaders(MiniRaftCluster.java:506)
	at org.apache.ratis.RaftTestUtil.lambda$waitForLeader$1(RaftTestUtil.java:90)
	at org.apache.ratis.MiniRaftCluster.getLeader(MiniRaftCluster.java:539)
	at org.apache.ratis.MiniRaftCluster.getLeader(MiniRaftCluster.java:532)
	at org.apache.ratis.RaftTestUtil.lambda$waitForLeader$3(RaftTestUtil.java:98)
	at org.apache.ratis.util.JavaUtils.attempt(JavaUtils.java:152)
	at org.apache.ratis.RaftTestUtil.waitForLeader(RaftTestUtil.java:97)
	at org.apache.ratis.RaftTestUtil.waitForLeader(RaftTestUtil.java:77)
	at org.apache.ratis.RaftTestUtil.waitForLeader(RaftTestUtil.java:72)
	at org.apache.ratis.server.impl.RaftReconfigurationBaseTest.runTestNoChangeRequest(RaftReconfigurationBaseTest.java:394)
	at org.apache.ratis.MiniRaftCluster$Factory$Get.runWithNewCluster(MiniRaftCluster.java:125)
	at org.apache.ratis.MiniRaftCluster$Factory$Get.runWithNewCluster(MiniRaftCluster.java:113)
	at org.apache.ratis.server.impl.RaftReconfigurationBaseTest.testNoChangeRequest(RaftReconfigurationBaseTest.java:390)
	at sun.reflect.NativeMethodAccessorImpl.invoke0(Native Method)
	at sun.reflect.NativeMethodAccessorImpl.invoke(NativeMethodAccessorImpl.java:62)
	at sun.reflect.DelegatingMethodAccessorImpl.invoke(DelegatingMethodAccessorImpl.java:43)
	at java.lang.reflect.Method.invoke(Method.java:498)
	at org.junit.runners.model.FrameworkMethod$1.runReflectiveCall(FrameworkMethod.java:50)
	at org.junit.internal.runners.model.ReflectiveCallable.run(ReflectiveCallable.java:12)
	at org.junit.runners.model.FrameworkMethod.invokeExplosively(FrameworkMethod.java:47)
	at org.junit.internal.runners.statements.InvokeMethod.evaluate(InvokeMethod.java:17)
	at org.junit.internal.runners.statements.RunAfters.evaluate(RunAfters.java:27)
	at org.junit.internal.runners.statements.FailOnTimeout$CallableStatement.call(FailOnTimeout.java:298)
	at org.junit.internal.runners.statements.FailOnTimeout$CallableStatement.call(FailOnTimeout.java:292)
	at java.util.concurrent.FutureTask.run(FutureTask.java:266)
	at java.lang.Thread.run(Thread.java:748)
2019-09-24 17:02:06,265 WARN  ratis.RaftTestUtil (JavaUtils.java:attempt(158)) - FAILED "waitForLeader-null-(expectLeader? true)", attempt #33/100: java.lang.IllegalStateException: No leader yet : printing ALL groups
  s0:  RUNNING  FOLLOWER s0@group-018C702B48E5:t7, leader=null, voted=null, raftlog=s0@group-018C702B48E5-SegmentedRaftLog:OPENED:c-1,f-1,i0, conf=-1: [s0:0.0.0.0:34748, s1:0.0.0.0:43419, s2:0.0.0.0:39849], old=null RUNNING
  s1:  RUNNING  FOLLOWER s1@group-018C702B48E5:t7, leader=null, voted=null, raftlog=s1@group-018C702B48E5-SegmentedRaftLog:OPENED:c-1,f0,i0, conf=0: [s0:0.0.0.0:34748, s1:0.0.0.0:43419, s2:0.0.0.0:39849], old=null RUNNING
  s2:  RUNNING CANDIDATE s2@group-018C702B48E5:t8, leader=null, voted=s2, raftlog=s2@group-018C702B48E5-SegmentedRaftLog:OPENED:c-1,f0,i0, conf=0: [s0:0.0.0.0:34748, s1:0.0.0.0:43419, s2:0.0.0.0:39849], old=null RUNNING, sleep 450ms and then retry.
java.lang.IllegalStateException: No leader yet : printing ALL groups
  s0:  RUNNING  FOLLOWER s0@group-018C702B48E5:t7, leader=null, voted=null, raftlog=s0@group-018C702B48E5-SegmentedRaftLog:OPENED:c-1,f-1,i0, conf=-1: [s0:0.0.0.0:34748, s1:0.0.0.0:43419, s2:0.0.0.0:39849], old=null RUNNING
  s1:  RUNNING  FOLLOWER s1@group-018C702B48E5:t7, leader=null, voted=null, raftlog=s1@group-018C702B48E5-SegmentedRaftLog:OPENED:c-1,f0,i0, conf=0: [s0:0.0.0.0:34748, s1:0.0.0.0:43419, s2:0.0.0.0:39849], old=null RUNNING
  s2:  RUNNING CANDIDATE s2@group-018C702B48E5:t8, leader=null, voted=s2, raftlog=s2@group-018C702B48E5-SegmentedRaftLog:OPENED:c-1,f0,i0, conf=0: [s0:0.0.0.0:34748, s1:0.0.0.0:43419, s2:0.0.0.0:39849], old=null RUNNING
	at org.apache.ratis.MiniRaftCluster.newIllegalStateExceptionForNoLeaders(MiniRaftCluster.java:506)
	at org.apache.ratis.RaftTestUtil.lambda$waitForLeader$1(RaftTestUtil.java:90)
	at org.apache.ratis.MiniRaftCluster.getLeader(MiniRaftCluster.java:539)
	at org.apache.ratis.MiniRaftCluster.getLeader(MiniRaftCluster.java:532)
	at org.apache.ratis.RaftTestUtil.lambda$waitForLeader$3(RaftTestUtil.java:98)
	at org.apache.ratis.util.JavaUtils.attempt(JavaUtils.java:152)
	at org.apache.ratis.RaftTestUtil.waitForLeader(RaftTestUtil.java:97)
	at org.apache.ratis.RaftTestUtil.waitForLeader(RaftTestUtil.java:77)
	at org.apache.ratis.RaftTestUtil.waitForLeader(RaftTestUtil.java:72)
	at org.apache.ratis.server.impl.RaftReconfigurationBaseTest.runTestNoChangeRequest(RaftReconfigurationBaseTest.java:394)
	at org.apache.ratis.MiniRaftCluster$Factory$Get.runWithNewCluster(MiniRaftCluster.java:125)
	at org.apache.ratis.MiniRaftCluster$Factory$Get.runWithNewCluster(MiniRaftCluster.java:113)
	at org.apache.ratis.server.impl.RaftReconfigurationBaseTest.testNoChangeRequest(RaftReconfigurationBaseTest.java:390)
	at sun.reflect.NativeMethodAccessorImpl.invoke0(Native Method)
	at sun.reflect.NativeMethodAccessorImpl.invoke(NativeMethodAccessorImpl.java:62)
	at sun.reflect.DelegatingMethodAccessorImpl.invoke(DelegatingMethodAccessorImpl.java:43)
	at java.lang.reflect.Method.invoke(Method.java:498)
	at org.junit.runners.model.FrameworkMethod$1.runReflectiveCall(FrameworkMethod.java:50)
	at org.junit.internal.runners.model.ReflectiveCallable.run(ReflectiveCallable.java:12)
	at org.junit.runners.model.FrameworkMethod.invokeExplosively(FrameworkMethod.java:47)
	at org.junit.internal.runners.statements.InvokeMethod.evaluate(InvokeMethod.java:17)
	at org.junit.internal.runners.statements.RunAfters.evaluate(RunAfters.java:27)
	at org.junit.internal.runners.statements.FailOnTimeout$CallableStatement.call(FailOnTimeout.java:298)
	at org.junit.internal.runners.statements.FailOnTimeout$CallableStatement.call(FailOnTimeout.java:292)
	at java.util.concurrent.FutureTask.run(FutureTask.java:266)
	at java.lang.Thread.run(Thread.java:748)
2019-09-24 17:02:06,716 WARN  ratis.RaftTestUtil (JavaUtils.java:attempt(158)) - FAILED "waitForLeader-null-(expectLeader? true)", attempt #34/100: java.lang.IllegalStateException: No leader yet : printing ALL groups
  s0:  RUNNING  FOLLOWER s0@group-018C702B48E5:t7, leader=null, voted=null, raftlog=s0@group-018C702B48E5-SegmentedRaftLog:OPENED:c-1,f-1,i0, conf=-1: [s0:0.0.0.0:34748, s1:0.0.0.0:43419, s2:0.0.0.0:39849], old=null RUNNING
  s1:  RUNNING  FOLLOWER s1@group-018C702B48E5:t7, leader=null, voted=null, raftlog=s1@group-018C702B48E5-SegmentedRaftLog:OPENED:c-1,f0,i0, conf=0: [s0:0.0.0.0:34748, s1:0.0.0.0:43419, s2:0.0.0.0:39849], old=null RUNNING
  s2:  RUNNING CANDIDATE s2@group-018C702B48E5:t8, leader=null, voted=s2, raftlog=s2@group-018C702B48E5-SegmentedRaftLog:OPENED:c-1,f0,i0, conf=0: [s0:0.0.0.0:34748, s1:0.0.0.0:43419, s2:0.0.0.0:39849], old=null RUNNING, sleep 450ms and then retry.
java.lang.IllegalStateException: No leader yet : printing ALL groups
  s0:  RUNNING  FOLLOWER s0@group-018C702B48E5:t7, leader=null, voted=null, raftlog=s0@group-018C702B48E5-SegmentedRaftLog:OPENED:c-1,f-1,i0, conf=-1: [s0:0.0.0.0:34748, s1:0.0.0.0:43419, s2:0.0.0.0:39849], old=null RUNNING
  s1:  RUNNING  FOLLOWER s1@group-018C702B48E5:t7, leader=null, voted=null, raftlog=s1@group-018C702B48E5-SegmentedRaftLog:OPENED:c-1,f0,i0, conf=0: [s0:0.0.0.0:34748, s1:0.0.0.0:43419, s2:0.0.0.0:39849], old=null RUNNING
  s2:  RUNNING CANDIDATE s2@group-018C702B48E5:t8, leader=null, voted=s2, raftlog=s2@group-018C702B48E5-SegmentedRaftLog:OPENED:c-1,f0,i0, conf=0: [s0:0.0.0.0:34748, s1:0.0.0.0:43419, s2:0.0.0.0:39849], old=null RUNNING
	at org.apache.ratis.MiniRaftCluster.newIllegalStateExceptionForNoLeaders(MiniRaftCluster.java:506)
	at org.apache.ratis.RaftTestUtil.lambda$waitForLeader$1(RaftTestUtil.java:90)
	at org.apache.ratis.MiniRaftCluster.getLeader(MiniRaftCluster.java:539)
	at org.apache.ratis.MiniRaftCluster.getLeader(MiniRaftCluster.java:532)
	at org.apache.ratis.RaftTestUtil.lambda$waitForLeader$3(RaftTestUtil.java:98)
	at org.apache.ratis.util.JavaUtils.attempt(JavaUtils.java:152)
	at org.apache.ratis.RaftTestUtil.waitForLeader(RaftTestUtil.java:97)
	at org.apache.ratis.RaftTestUtil.waitForLeader(RaftTestUtil.java:77)
	at org.apache.ratis.RaftTestUtil.waitForLeader(RaftTestUtil.java:72)
	at org.apache.ratis.server.impl.RaftReconfigurationBaseTest.runTestNoChangeRequest(RaftReconfigurationBaseTest.java:394)
	at org.apache.ratis.MiniRaftCluster$Factory$Get.runWithNewCluster(MiniRaftCluster.java:125)
	at org.apache.ratis.MiniRaftCluster$Factory$Get.runWithNewCluster(MiniRaftCluster.java:113)
	at org.apache.ratis.server.impl.RaftReconfigurationBaseTest.testNoChangeRequest(RaftReconfigurationBaseTest.java:390)
	at sun.reflect.NativeMethodAccessorImpl.invoke0(Native Method)
	at sun.reflect.NativeMethodAccessorImpl.invoke(NativeMethodAccessorImpl.java:62)
	at sun.reflect.DelegatingMethodAccessorImpl.invoke(DelegatingMethodAccessorImpl.java:43)
	at java.lang.reflect.Method.invoke(Method.java:498)
	at org.junit.runners.model.FrameworkMethod$1.runReflectiveCall(FrameworkMethod.java:50)
	at org.junit.internal.runners.model.ReflectiveCallable.run(ReflectiveCallable.java:12)
	at org.junit.runners.model.FrameworkMethod.invokeExplosively(FrameworkMethod.java:47)
	at org.junit.internal.runners.statements.InvokeMethod.evaluate(InvokeMethod.java:17)
	at org.junit.internal.runners.statements.RunAfters.evaluate(RunAfters.java:27)
	at org.junit.internal.runners.statements.FailOnTimeout$CallableStatement.call(FailOnTimeout.java:298)
	at org.junit.internal.runners.statements.FailOnTimeout$CallableStatement.call(FailOnTimeout.java:292)
	at java.util.concurrent.FutureTask.run(FutureTask.java:266)
	at java.lang.Thread.run(Thread.java:748)
2019-09-24 17:02:07,168 WARN  ratis.RaftTestUtil (JavaUtils.java:attempt(158)) - FAILED "waitForLeader-null-(expectLeader? true)", attempt #35/100: java.lang.IllegalStateException: No leader yet : printing ALL groups
  s0:  RUNNING  FOLLOWER s0@group-018C702B48E5:t7, leader=null, voted=null, raftlog=s0@group-018C702B48E5-SegmentedRaftLog:OPENED:c-1,f-1,i0, conf=-1: [s0:0.0.0.0:34748, s1:0.0.0.0:43419, s2:0.0.0.0:39849], old=null RUNNING
  s1:  RUNNING  FOLLOWER s1@group-018C702B48E5:t7, leader=null, voted=null, raftlog=s1@group-018C702B48E5-SegmentedRaftLog:OPENED:c-1,f0,i0, conf=0: [s0:0.0.0.0:34748, s1:0.0.0.0:43419, s2:0.0.0.0:39849], old=null RUNNING
  s2:  RUNNING CANDIDATE s2@group-018C702B48E5:t8, leader=null, voted=s2, raftlog=s2@group-018C702B48E5-SegmentedRaftLog:OPENED:c-1,f0,i0, conf=0: [s0:0.0.0.0:34748, s1:0.0.0.0:43419, s2:0.0.0.0:39849], old=null RUNNING, sleep 450ms and then retry.
java.lang.IllegalStateException: No leader yet : printing ALL groups
  s0:  RUNNING  FOLLOWER s0@group-018C702B48E5:t7, leader=null, voted=null, raftlog=s0@group-018C702B48E5-SegmentedRaftLog:OPENED:c-1,f-1,i0, conf=-1: [s0:0.0.0.0:34748, s1:0.0.0.0:43419, s2:0.0.0.0:39849], old=null RUNNING
  s1:  RUNNING  FOLLOWER s1@group-018C702B48E5:t7, leader=null, voted=null, raftlog=s1@group-018C702B48E5-SegmentedRaftLog:OPENED:c-1,f0,i0, conf=0: [s0:0.0.0.0:34748, s1:0.0.0.0:43419, s2:0.0.0.0:39849], old=null RUNNING
  s2:  RUNNING CANDIDATE s2@group-018C702B48E5:t8, leader=null, voted=s2, raftlog=s2@group-018C702B48E5-SegmentedRaftLog:OPENED:c-1,f0,i0, conf=0: [s0:0.0.0.0:34748, s1:0.0.0.0:43419, s2:0.0.0.0:39849], old=null RUNNING
	at org.apache.ratis.MiniRaftCluster.newIllegalStateExceptionForNoLeaders(MiniRaftCluster.java:506)
	at org.apache.ratis.RaftTestUtil.lambda$waitForLeader$1(RaftTestUtil.java:90)
	at org.apache.ratis.MiniRaftCluster.getLeader(MiniRaftCluster.java:539)
	at org.apache.ratis.MiniRaftCluster.getLeader(MiniRaftCluster.java:532)
	at org.apache.ratis.RaftTestUtil.lambda$waitForLeader$3(RaftTestUtil.java:98)
	at org.apache.ratis.util.JavaUtils.attempt(JavaUtils.java:152)
	at org.apache.ratis.RaftTestUtil.waitForLeader(RaftTestUtil.java:97)
	at org.apache.ratis.RaftTestUtil.waitForLeader(RaftTestUtil.java:77)
	at org.apache.ratis.RaftTestUtil.waitForLeader(RaftTestUtil.java:72)
	at org.apache.ratis.server.impl.RaftReconfigurationBaseTest.runTestNoChangeRequest(RaftReconfigurationBaseTest.java:394)
	at org.apache.ratis.MiniRaftCluster$Factory$Get.runWithNewCluster(MiniRaftCluster.java:125)
	at org.apache.ratis.MiniRaftCluster$Factory$Get.runWithNewCluster(MiniRaftCluster.java:113)
	at org.apache.ratis.server.impl.RaftReconfigurationBaseTest.testNoChangeRequest(RaftReconfigurationBaseTest.java:390)
	at sun.reflect.NativeMethodAccessorImpl.invoke0(Native Method)
	at sun.reflect.NativeMethodAccessorImpl.invoke(NativeMethodAccessorImpl.java:62)
	at sun.reflect.DelegatingMethodAccessorImpl.invoke(DelegatingMethodAccessorImpl.java:43)
	at java.lang.reflect.Method.invoke(Method.java:498)
	at org.junit.runners.model.FrameworkMethod$1.runReflectiveCall(FrameworkMethod.java:50)
	at org.junit.internal.runners.model.ReflectiveCallable.run(ReflectiveCallable.java:12)
	at org.junit.runners.model.FrameworkMethod.invokeExplosively(FrameworkMethod.java:47)
	at org.junit.internal.runners.statements.InvokeMethod.evaluate(InvokeMethod.java:17)
	at org.junit.internal.runners.statements.RunAfters.evaluate(RunAfters.java:27)
	at org.junit.internal.runners.statements.FailOnTimeout$CallableStatement.call(FailOnTimeout.java:298)
	at org.junit.internal.runners.statements.FailOnTimeout$CallableStatement.call(FailOnTimeout.java:292)
	at java.util.concurrent.FutureTask.run(FutureTask.java:266)
	at java.lang.Thread.run(Thread.java:748)
2019-09-24 17:02:07,340 DEBUG impl.RaftServerImpl (RaftServerImpl.java:requestVote(775)) - s1@group-018C702B48E5 replies to vote request: s2<-s1#0:FAIL-t7. Peer's state: s1@group-018C702B48E5:t7, leader=null, voted=null, raftlog=s1@group-018C702B48E5-SegmentedRaftLog:OPENED:c-1,f0,i0, conf=0: [s0:0.0.0.0:34748, s1:0.0.0.0:43419, s2:0.0.0.0:39849], old=null
2019-09-24 17:02:07,341 INFO  impl.LeaderElection (LeaderElection.java:askForVotes(178)) - s2@group-018C702B48E5-LeaderElection13: begin an election at term 8 for 0: [s0:0.0.0.0:34748, s1:0.0.0.0:43419, s2:0.0.0.0:39849], old=null
2019-09-24 17:02:07,341 INFO  impl.FollowerState (FollowerState.java:run(108)) - s1@group-018C702B48E5-FollowerState: change to CANDIDATE, lastRpcTime:4093ms, electionTimeout:204ms
2019-09-24 17:02:07,340 DEBUG impl.RaftServerImpl (RaftServerImpl.java:requestVote(775)) - s0@group-018C702B48E5 replies to vote request: s2<-s0#0:FAIL-t7. Peer's state: s0@group-018C702B48E5:t7, leader=null, voted=null, raftlog=s0@group-018C702B48E5-SegmentedRaftLog:OPENED:c-1,f-1,i0, conf=-1: [s0:0.0.0.0:34748, s1:0.0.0.0:43419, s2:0.0.0.0:39849], old=null
2019-09-24 17:02:07,341 INFO  impl.RoleInfo (RoleInfo.java:shutdownFollowerState(121)) - s1: shutdown FollowerState
2019-09-24 17:02:07,342 INFO  impl.FollowerState (FollowerState.java:run(108)) - s0@group-018C702B48E5-FollowerState: change to CANDIDATE, lastRpcTime:4094ms, electionTimeout:242ms
2019-09-24 17:02:07,342 INFO  impl.RaftServerImpl (RaftServerImpl.java:setRole(170)) - s1@group-018C702B48E5: changes role from  FOLLOWER to CANDIDATE at term 7 for changeToCandidate
2019-09-24 17:02:07,342 INFO  impl.RoleInfo (RoleInfo.java:shutdownFollowerState(121)) - s0: shutdown FollowerState
2019-09-24 17:02:07,342 INFO  impl.RoleInfo (RoleInfo.java:updateAndGet(143)) - s1: start LeaderElection
2019-09-24 17:02:07,342 INFO  impl.RaftServerImpl (RaftServerImpl.java:setRole(170)) - s0@group-018C702B48E5: changes role from  FOLLOWER to CANDIDATE at term 7 for changeToCandidate
2019-09-24 17:02:07,342 DEBUG impl.RaftServerImpl (RaftServerImpl.java:requestVote(743)) - s0@group-018C702B48E5: receive requestVote(s2, group-018C702B48E5, 8, (t:2, i:0))
2019-09-24 17:02:07,343 INFO  impl.RoleInfo (RoleInfo.java:updateAndGet(143)) - s0: start LeaderElection
2019-09-24 17:02:07,343 DEBUG impl.RaftServerImpl (RaftServerImpl.java:requestVote(743)) - s1@group-018C702B48E5: receive requestVote(s2, group-018C702B48E5, 8, (t:2, i:0))
2019-09-24 17:02:07,522 INFO  impl.LeaderElection (LeaderElection.java:logAndReturn(56)) - s2@group-018C702B48E5-LeaderElection13: Election TIMEOUT; received 0 response(s) [] and 0 exception(s); s2@group-018C702B48E5:t8, leader=null, voted=s2, raftlog=s2@group-018C702B48E5-SegmentedRaftLog:OPENED:c-1,f0,i0, conf=0: [s0:0.0.0.0:34748, s1:0.0.0.0:43419, s2:0.0.0.0:39849], old=null
2019-09-24 17:02:07,620 WARN  ratis.RaftTestUtil (JavaUtils.java:attempt(158)) - FAILED "waitForLeader-null-(expectLeader? true)", attempt #36/100: java.lang.IllegalStateException: No leader yet : printing ALL groups
  s0:  RUNNING CANDIDATE s0@group-018C702B48E5:t8, leader=null, voted=s0, raftlog=s0@group-018C702B48E5-SegmentedRaftLog:OPENED:c-1,f-1,i0, conf=-1: [s0:0.0.0.0:34748, s1:0.0.0.0:43419, s2:0.0.0.0:39849], old=null RUNNING
  s1:  RUNNING CANDIDATE s1@group-018C702B48E5:t8, leader=null, voted=s1, raftlog=s1@group-018C702B48E5-SegmentedRaftLog:OPENED:c-1,f0,i0, conf=0: [s0:0.0.0.0:34748, s1:0.0.0.0:43419, s2:0.0.0.0:39849], old=null RUNNING
  s2:  RUNNING CANDIDATE s2@group-018C702B48E5:t9, leader=null, voted=s2, raftlog=s2@group-018C702B48E5-SegmentedRaftLog:OPENED:c-1,f0,i0, conf=0: [s0:0.0.0.0:34748, s1:0.0.0.0:43419, s2:0.0.0.0:39849], old=null RUNNING, sleep 450ms and then retry.
java.lang.IllegalStateException: No leader yet : printing ALL groups
  s0:  RUNNING CANDIDATE s0@group-018C702B48E5:t8, leader=null, voted=s0, raftlog=s0@group-018C702B48E5-SegmentedRaftLog:OPENED:c-1,f-1,i0, conf=-1: [s0:0.0.0.0:34748, s1:0.0.0.0:43419, s2:0.0.0.0:39849], old=null RUNNING
  s1:  RUNNING CANDIDATE s1@group-018C702B48E5:t8, leader=null, voted=s1, raftlog=s1@group-018C702B48E5-SegmentedRaftLog:OPENED:c-1,f0,i0, conf=0: [s0:0.0.0.0:34748, s1:0.0.0.0:43419, s2:0.0.0.0:39849], old=null RUNNING
  s2:  RUNNING CANDIDATE s2@group-018C702B48E5:t9, leader=null, voted=s2, raftlog=s2@group-018C702B48E5-SegmentedRaftLog:OPENED:c-1,f0,i0, conf=0: [s0:0.0.0.0:34748, s1:0.0.0.0:43419, s2:0.0.0.0:39849], old=null RUNNING
	at org.apache.ratis.MiniRaftCluster.newIllegalStateExceptionForNoLeaders(MiniRaftCluster.java:506)
	at org.apache.ratis.RaftTestUtil.lambda$waitForLeader$1(RaftTestUtil.java:90)
	at org.apache.ratis.MiniRaftCluster.getLeader(MiniRaftCluster.java:539)
	at org.apache.ratis.MiniRaftCluster.getLeader(MiniRaftCluster.java:532)
	at org.apache.ratis.RaftTestUtil.lambda$waitForLeader$3(RaftTestUtil.java:98)
	at org.apache.ratis.util.JavaUtils.attempt(JavaUtils.java:152)
	at org.apache.ratis.RaftTestUtil.waitForLeader(RaftTestUtil.java:97)
	at org.apache.ratis.RaftTestUtil.waitForLeader(RaftTestUtil.java:77)
	at org.apache.ratis.RaftTestUtil.waitForLeader(RaftTestUtil.java:72)
	at org.apache.ratis.server.impl.RaftReconfigurationBaseTest.runTestNoChangeRequest(RaftReconfigurationBaseTest.java:394)
	at org.apache.ratis.MiniRaftCluster$Factory$Get.runWithNewCluster(MiniRaftCluster.java:125)
	at org.apache.ratis.MiniRaftCluster$Factory$Get.runWithNewCluster(MiniRaftCluster.java:113)
	at org.apache.ratis.server.impl.RaftReconfigurationBaseTest.testNoChangeRequest(RaftReconfigurationBaseTest.java:390)
	at sun.reflect.NativeMethodAccessorImpl.invoke0(Native Method)
	at sun.reflect.NativeMethodAccessorImpl.invoke(NativeMethodAccessorImpl.java:62)
	at sun.reflect.DelegatingMethodAccessorImpl.invoke(DelegatingMethodAccessorImpl.java:43)
	at java.lang.reflect.Method.invoke(Method.java:498)
	at org.junit.runners.model.FrameworkMethod$1.runReflectiveCall(FrameworkMethod.java:50)
	at org.junit.internal.runners.model.ReflectiveCallable.run(ReflectiveCallable.java:12)
	at org.junit.runners.model.FrameworkMethod.invokeExplosively(FrameworkMethod.java:47)
	at org.junit.internal.runners.statements.InvokeMethod.evaluate(InvokeMethod.java:17)
	at org.junit.internal.runners.statements.RunAfters.evaluate(RunAfters.java:27)
	at org.junit.internal.runners.statements.FailOnTimeout$CallableStatement.call(FailOnTimeout.java:298)
	at org.junit.internal.runners.statements.FailOnTimeout$CallableStatement.call(FailOnTimeout.java:292)
	at java.util.concurrent.FutureTask.run(FutureTask.java:266)
	at java.lang.Thread.run(Thread.java:748)
2019-09-24 17:02:08,071 WARN  ratis.RaftTestUtil (JavaUtils.java:attempt(158)) - FAILED "waitForLeader-null-(expectLeader? true)", attempt #37/100: java.lang.IllegalStateException: No leader yet : printing ALL groups
  s0:  RUNNING CANDIDATE s0@group-018C702B48E5:t8, leader=null, voted=s0, raftlog=s0@group-018C702B48E5-SegmentedRaftLog:OPENED:c-1,f-1,i0, conf=-1: [s0:0.0.0.0:34748, s1:0.0.0.0:43419, s2:0.0.0.0:39849], old=null RUNNING
  s1:  RUNNING CANDIDATE s1@group-018C702B48E5:t8, leader=null, voted=s1, raftlog=s1@group-018C702B48E5-SegmentedRaftLog:OPENED:c-1,f0,i0, conf=0: [s0:0.0.0.0:34748, s1:0.0.0.0:43419, s2:0.0.0.0:39849], old=null RUNNING
  s2:  RUNNING CANDIDATE s2@group-018C702B48E5:t9, leader=null, voted=s2, raftlog=s2@group-018C702B48E5-SegmentedRaftLog:OPENED:c-1,f0,i0, conf=0: [s0:0.0.0.0:34748, s1:0.0.0.0:43419, s2:0.0.0.0:39849], old=null RUNNING, sleep 450ms and then retry.
java.lang.IllegalStateException: No leader yet : printing ALL groups
  s0:  RUNNING CANDIDATE s0@group-018C702B48E5:t8, leader=null, voted=s0, raftlog=s0@group-018C702B48E5-SegmentedRaftLog:OPENED:c-1,f-1,i0, conf=-1: [s0:0.0.0.0:34748, s1:0.0.0.0:43419, s2:0.0.0.0:39849], old=null RUNNING
  s1:  RUNNING CANDIDATE s1@group-018C702B48E5:t8, leader=null, voted=s1, raftlog=s1@group-018C702B48E5-SegmentedRaftLog:OPENED:c-1,f0,i0, conf=0: [s0:0.0.0.0:34748, s1:0.0.0.0:43419, s2:0.0.0.0:39849], old=null RUNNING
  s2:  RUNNING CANDIDATE s2@group-018C702B48E5:t9, leader=null, voted=s2, raftlog=s2@group-018C702B48E5-SegmentedRaftLog:OPENED:c-1,f0,i0, conf=0: [s0:0.0.0.0:34748, s1:0.0.0.0:43419, s2:0.0.0.0:39849], old=null RUNNING
	at org.apache.ratis.MiniRaftCluster.newIllegalStateExceptionForNoLeaders(MiniRaftCluster.java:506)
	at org.apache.ratis.RaftTestUtil.lambda$waitForLeader$1(RaftTestUtil.java:90)
	at org.apache.ratis.MiniRaftCluster.getLeader(MiniRaftCluster.java:539)
	at org.apache.ratis.MiniRaftCluster.getLeader(MiniRaftCluster.java:532)
	at org.apache.ratis.RaftTestUtil.lambda$waitForLeader$3(RaftTestUtil.java:98)
	at org.apache.ratis.util.JavaUtils.attempt(JavaUtils.java:152)
	at org.apache.ratis.RaftTestUtil.waitForLeader(RaftTestUtil.java:97)
	at org.apache.ratis.RaftTestUtil.waitForLeader(RaftTestUtil.java:77)
	at org.apache.ratis.RaftTestUtil.waitForLeader(RaftTestUtil.java:72)
	at org.apache.ratis.server.impl.RaftReconfigurationBaseTest.runTestNoChangeRequest(RaftReconfigurationBaseTest.java:394)
	at org.apache.ratis.MiniRaftCluster$Factory$Get.runWithNewCluster(MiniRaftCluster.java:125)
	at org.apache.ratis.MiniRaftCluster$Factory$Get.runWithNewCluster(MiniRaftCluster.java:113)
	at org.apache.ratis.server.impl.RaftReconfigurationBaseTest.testNoChangeRequest(RaftReconfigurationBaseTest.java:390)
	at sun.reflect.NativeMethodAccessorImpl.invoke0(Native Method)
	at sun.reflect.NativeMethodAccessorImpl.invoke(NativeMethodAccessorImpl.java:62)
	at sun.reflect.DelegatingMethodAccessorImpl.invoke(DelegatingMethodAccessorImpl.java:43)
	at java.lang.reflect.Method.invoke(Method.java:498)
	at org.junit.runners.model.FrameworkMethod$1.runReflectiveCall(FrameworkMethod.java:50)
	at org.junit.internal.runners.model.ReflectiveCallable.run(ReflectiveCallable.java:12)
	at org.junit.runners.model.FrameworkMethod.invokeExplosively(FrameworkMethod.java:47)
	at org.junit.internal.runners.statements.InvokeMethod.evaluate(InvokeMethod.java:17)
	at org.junit.internal.runners.statements.RunAfters.evaluate(RunAfters.java:27)
	at org.junit.internal.runners.statements.FailOnTimeout$CallableStatement.call(FailOnTimeout.java:298)
	at org.junit.internal.runners.statements.FailOnTimeout$CallableStatement.call(FailOnTimeout.java:292)
	at java.util.concurrent.FutureTask.run(FutureTask.java:266)
	at java.lang.Thread.run(Thread.java:748)
2019-09-24 17:02:08,523 WARN  ratis.RaftTestUtil (JavaUtils.java:attempt(158)) - FAILED "waitForLeader-null-(expectLeader? true)", attempt #38/100: java.lang.IllegalStateException: No leader yet : printing ALL groups
  s0:  RUNNING CANDIDATE s0@group-018C702B48E5:t8, leader=null, voted=s0, raftlog=s0@group-018C702B48E5-SegmentedRaftLog:OPENED:c-1,f-1,i0, conf=-1: [s0:0.0.0.0:34748, s1:0.0.0.0:43419, s2:0.0.0.0:39849], old=null RUNNING
  s1:  RUNNING CANDIDATE s1@group-018C702B48E5:t8, leader=null, voted=s1, raftlog=s1@group-018C702B48E5-SegmentedRaftLog:OPENED:c-1,f0,i0, conf=0: [s0:0.0.0.0:34748, s1:0.0.0.0:43419, s2:0.0.0.0:39849], old=null RUNNING
  s2:  RUNNING CANDIDATE s2@group-018C702B48E5:t9, leader=null, voted=s2, raftlog=s2@group-018C702B48E5-SegmentedRaftLog:OPENED:c-1,f0,i0, conf=0: [s0:0.0.0.0:34748, s1:0.0.0.0:43419, s2:0.0.0.0:39849], old=null RUNNING, sleep 450ms and then retry.
java.lang.IllegalStateException: No leader yet : printing ALL groups
  s0:  RUNNING CANDIDATE s0@group-018C702B48E5:t8, leader=null, voted=s0, raftlog=s0@group-018C702B48E5-SegmentedRaftLog:OPENED:c-1,f-1,i0, conf=-1: [s0:0.0.0.0:34748, s1:0.0.0.0:43419, s2:0.0.0.0:39849], old=null RUNNING
  s1:  RUNNING CANDIDATE s1@group-018C702B48E5:t8, leader=null, voted=s1, raftlog=s1@group-018C702B48E5-SegmentedRaftLog:OPENED:c-1,f0,i0, conf=0: [s0:0.0.0.0:34748, s1:0.0.0.0:43419, s2:0.0.0.0:39849], old=null RUNNING
  s2:  RUNNING CANDIDATE s2@group-018C702B48E5:t9, leader=null, voted=s2, raftlog=s2@group-018C702B48E5-SegmentedRaftLog:OPENED:c-1,f0,i0, conf=0: [s0:0.0.0.0:34748, s1:0.0.0.0:43419, s2:0.0.0.0:39849], old=null RUNNING
	at org.apache.ratis.MiniRaftCluster.newIllegalStateExceptionForNoLeaders(MiniRaftCluster.java:506)
	at org.apache.ratis.RaftTestUtil.lambda$waitForLeader$1(RaftTestUtil.java:90)
	at org.apache.ratis.MiniRaftCluster.getLeader(MiniRaftCluster.java:539)
	at org.apache.ratis.MiniRaftCluster.getLeader(MiniRaftCluster.java:532)
	at org.apache.ratis.RaftTestUtil.lambda$waitForLeader$3(RaftTestUtil.java:98)
	at org.apache.ratis.util.JavaUtils.attempt(JavaUtils.java:152)
	at org.apache.ratis.RaftTestUtil.waitForLeader(RaftTestUtil.java:97)
	at org.apache.ratis.RaftTestUtil.waitForLeader(RaftTestUtil.java:77)
	at org.apache.ratis.RaftTestUtil.waitForLeader(RaftTestUtil.java:72)
	at org.apache.ratis.server.impl.RaftReconfigurationBaseTest.runTestNoChangeRequest(RaftReconfigurationBaseTest.java:394)
	at org.apache.ratis.MiniRaftCluster$Factory$Get.runWithNewCluster(MiniRaftCluster.java:125)
	at org.apache.ratis.MiniRaftCluster$Factory$Get.runWithNewCluster(MiniRaftCluster.java:113)
	at org.apache.ratis.server.impl.RaftReconfigurationBaseTest.testNoChangeRequest(RaftReconfigurationBaseTest.java:390)
	at sun.reflect.NativeMethodAccessorImpl.invoke0(Native Method)
	at sun.reflect.NativeMethodAccessorImpl.invoke(NativeMethodAccessorImpl.java:62)
	at sun.reflect.DelegatingMethodAccessorImpl.invoke(DelegatingMethodAccessorImpl.java:43)
	at java.lang.reflect.Method.invoke(Method.java:498)
	at org.junit.runners.model.FrameworkMethod$1.runReflectiveCall(FrameworkMethod.java:50)
	at org.junit.internal.runners.model.ReflectiveCallable.run(ReflectiveCallable.java:12)
	at org.junit.runners.model.FrameworkMethod.invokeExplosively(FrameworkMethod.java:47)
	at org.junit.internal.runners.statements.InvokeMethod.evaluate(InvokeMethod.java:17)
	at org.junit.internal.runners.statements.RunAfters.evaluate(RunAfters.java:27)
	at org.junit.internal.runners.statements.FailOnTimeout$CallableStatement.call(FailOnTimeout.java:298)
	at org.junit.internal.runners.statements.FailOnTimeout$CallableStatement.call(FailOnTimeout.java:292)
	at java.util.concurrent.FutureTask.run(FutureTask.java:266)
	at java.lang.Thread.run(Thread.java:748)
2019-09-24 17:02:08,975 WARN  ratis.RaftTestUtil (JavaUtils.java:attempt(158)) - FAILED "waitForLeader-null-(expectLeader? true)", attempt #39/100: java.lang.IllegalStateException: No leader yet : printing ALL groups
  s0:  RUNNING CANDIDATE s0@group-018C702B48E5:t8, leader=null, voted=s0, raftlog=s0@group-018C702B48E5-SegmentedRaftLog:OPENED:c-1,f-1,i0, conf=-1: [s0:0.0.0.0:34748, s1:0.0.0.0:43419, s2:0.0.0.0:39849], old=null RUNNING
  s1:  RUNNING CANDIDATE s1@group-018C702B48E5:t8, leader=null, voted=s1, raftlog=s1@group-018C702B48E5-SegmentedRaftLog:OPENED:c-1,f0,i0, conf=0: [s0:0.0.0.0:34748, s1:0.0.0.0:43419, s2:0.0.0.0:39849], old=null RUNNING
  s2:  RUNNING CANDIDATE s2@group-018C702B48E5:t9, leader=null, voted=s2, raftlog=s2@group-018C702B48E5-SegmentedRaftLog:OPENED:c-1,f0,i0, conf=0: [s0:0.0.0.0:34748, s1:0.0.0.0:43419, s2:0.0.0.0:39849], old=null RUNNING, sleep 450ms and then retry.
java.lang.IllegalStateException: No leader yet : printing ALL groups
  s0:  RUNNING CANDIDATE s0@group-018C702B48E5:t8, leader=null, voted=s0, raftlog=s0@group-018C702B48E5-SegmentedRaftLog:OPENED:c-1,f-1,i0, conf=-1: [s0:0.0.0.0:34748, s1:0.0.0.0:43419, s2:0.0.0.0:39849], old=null RUNNING
  s1:  RUNNING CANDIDATE s1@group-018C702B48E5:t8, leader=null, voted=s1, raftlog=s1@group-018C702B48E5-SegmentedRaftLog:OPENED:c-1,f0,i0, conf=0: [s0:0.0.0.0:34748, s1:0.0.0.0:43419, s2:0.0.0.0:39849], old=null RUNNING
  s2:  RUNNING CANDIDATE s2@group-018C702B48E5:t9, leader=null, voted=s2, raftlog=s2@group-018C702B48E5-SegmentedRaftLog:OPENED:c-1,f0,i0, conf=0: [s0:0.0.0.0:34748, s1:0.0.0.0:43419, s2:0.0.0.0:39849], old=null RUNNING
	at org.apache.ratis.MiniRaftCluster.newIllegalStateExceptionForNoLeaders(MiniRaftCluster.java:506)
	at org.apache.ratis.RaftTestUtil.lambda$waitForLeader$1(RaftTestUtil.java:90)
	at org.apache.ratis.MiniRaftCluster.getLeader(MiniRaftCluster.java:539)
	at org.apache.ratis.MiniRaftCluster.getLeader(MiniRaftCluster.java:532)
	at org.apache.ratis.RaftTestUtil.lambda$waitForLeader$3(RaftTestUtil.java:98)
	at org.apache.ratis.util.JavaUtils.attempt(JavaUtils.java:152)
	at org.apache.ratis.RaftTestUtil.waitForLeader(RaftTestUtil.java:97)
	at org.apache.ratis.RaftTestUtil.waitForLeader(RaftTestUtil.java:77)
	at org.apache.ratis.RaftTestUtil.waitForLeader(RaftTestUtil.java:72)
	at org.apache.ratis.server.impl.RaftReconfigurationBaseTest.runTestNoChangeRequest(RaftReconfigurationBaseTest.java:394)
	at org.apache.ratis.MiniRaftCluster$Factory$Get.runWithNewCluster(MiniRaftCluster.java:125)
	at org.apache.ratis.MiniRaftCluster$Factory$Get.runWithNewCluster(MiniRaftCluster.java:113)
	at org.apache.ratis.server.impl.RaftReconfigurationBaseTest.testNoChangeRequest(RaftReconfigurationBaseTest.java:390)
	at sun.reflect.NativeMethodAccessorImpl.invoke0(Native Method)
	at sun.reflect.NativeMethodAccessorImpl.invoke(NativeMethodAccessorImpl.java:62)
	at sun.reflect.DelegatingMethodAccessorImpl.invoke(DelegatingMethodAccessorImpl.java:43)
	at java.lang.reflect.Method.invoke(Method.java:498)
	at org.junit.runners.model.FrameworkMethod$1.runReflectiveCall(FrameworkMethod.java:50)
	at org.junit.internal.runners.model.ReflectiveCallable.run(ReflectiveCallable.java:12)
	at org.junit.runners.model.FrameworkMethod.invokeExplosively(FrameworkMethod.java:47)
	at org.junit.internal.runners.statements.InvokeMethod.evaluate(InvokeMethod.java:17)
	at org.junit.internal.runners.statements.RunAfters.evaluate(RunAfters.java:27)
	at org.junit.internal.runners.statements.FailOnTimeout$CallableStatement.call(FailOnTimeout.java:298)
	at org.junit.internal.runners.statements.FailOnTimeout$CallableStatement.call(FailOnTimeout.java:292)
	at java.util.concurrent.FutureTask.run(FutureTask.java:266)
	at java.lang.Thread.run(Thread.java:748)
2019-09-24 17:02:09,427 WARN  ratis.RaftTestUtil (JavaUtils.java:attempt(158)) - FAILED "waitForLeader-null-(expectLeader? true)", attempt #40/100: java.lang.IllegalStateException: No leader yet : printing ALL groups
  s0:  RUNNING CANDIDATE s0@group-018C702B48E5:t8, leader=null, voted=s0, raftlog=s0@group-018C702B48E5-SegmentedRaftLog:OPENED:c-1,f-1,i0, conf=-1: [s0:0.0.0.0:34748, s1:0.0.0.0:43419, s2:0.0.0.0:39849], old=null RUNNING
  s1:  RUNNING CANDIDATE s1@group-018C702B48E5:t8, leader=null, voted=s1, raftlog=s1@group-018C702B48E5-SegmentedRaftLog:OPENED:c-1,f0,i0, conf=0: [s0:0.0.0.0:34748, s1:0.0.0.0:43419, s2:0.0.0.0:39849], old=null RUNNING
  s2:  RUNNING CANDIDATE s2@group-018C702B48E5:t9, leader=null, voted=s2, raftlog=s2@group-018C702B48E5-SegmentedRaftLog:OPENED:c-1,f0,i0, conf=0: [s0:0.0.0.0:34748, s1:0.0.0.0:43419, s2:0.0.0.0:39849], old=null RUNNING, sleep 450ms and then retry.
java.lang.IllegalStateException: No leader yet : printing ALL groups
  s0:  RUNNING CANDIDATE s0@group-018C702B48E5:t8, leader=null, voted=s0, raftlog=s0@group-018C702B48E5-SegmentedRaftLog:OPENED:c-1,f-1,i0, conf=-1: [s0:0.0.0.0:34748, s1:0.0.0.0:43419, s2:0.0.0.0:39849], old=null RUNNING
  s1:  RUNNING CANDIDATE s1@group-018C702B48E5:t8, leader=null, voted=s1, raftlog=s1@group-018C702B48E5-SegmentedRaftLog:OPENED:c-1,f0,i0, conf=0: [s0:0.0.0.0:34748, s1:0.0.0.0:43419, s2:0.0.0.0:39849], old=null RUNNING
  s2:  RUNNING CANDIDATE s2@group-018C702B48E5:t9, leader=null, voted=s2, raftlog=s2@group-018C702B48E5-SegmentedRaftLog:OPENED:c-1,f0,i0, conf=0: [s0:0.0.0.0:34748, s1:0.0.0.0:43419, s2:0.0.0.0:39849], old=null RUNNING
	at org.apache.ratis.MiniRaftCluster.newIllegalStateExceptionForNoLeaders(MiniRaftCluster.java:506)
	at org.apache.ratis.RaftTestUtil.lambda$waitForLeader$1(RaftTestUtil.java:90)
	at org.apache.ratis.MiniRaftCluster.getLeader(MiniRaftCluster.java:539)
	at org.apache.ratis.MiniRaftCluster.getLeader(MiniRaftCluster.java:532)
	at org.apache.ratis.RaftTestUtil.lambda$waitForLeader$3(RaftTestUtil.java:98)
	at org.apache.ratis.util.JavaUtils.attempt(JavaUtils.java:152)
	at org.apache.ratis.RaftTestUtil.waitForLeader(RaftTestUtil.java:97)
	at org.apache.ratis.RaftTestUtil.waitForLeader(RaftTestUtil.java:77)
	at org.apache.ratis.RaftTestUtil.waitForLeader(RaftTestUtil.java:72)
	at org.apache.ratis.server.impl.RaftReconfigurationBaseTest.runTestNoChangeRequest(RaftReconfigurationBaseTest.java:394)
	at org.apache.ratis.MiniRaftCluster$Factory$Get.runWithNewCluster(MiniRaftCluster.java:125)
	at org.apache.ratis.MiniRaftCluster$Factory$Get.runWithNewCluster(MiniRaftCluster.java:113)
	at org.apache.ratis.server.impl.RaftReconfigurationBaseTest.testNoChangeRequest(RaftReconfigurationBaseTest.java:390)
	at sun.reflect.NativeMethodAccessorImpl.invoke0(Native Method)
	at sun.reflect.NativeMethodAccessorImpl.invoke(NativeMethodAccessorImpl.java:62)
	at sun.reflect.DelegatingMethodAccessorImpl.invoke(DelegatingMethodAccessorImpl.java:43)
	at java.lang.reflect.Method.invoke(Method.java:498)
	at org.junit.runners.model.FrameworkMethod$1.runReflectiveCall(FrameworkMethod.java:50)
	at org.junit.internal.runners.model.ReflectiveCallable.run(ReflectiveCallable.java:12)
	at org.junit.runners.model.FrameworkMethod.invokeExplosively(FrameworkMethod.java:47)
	at org.junit.internal.runners.statements.InvokeMethod.evaluate(InvokeMethod.java:17)
	at org.junit.internal.runners.statements.RunAfters.evaluate(RunAfters.java:27)
	at org.junit.internal.runners.statements.FailOnTimeout$CallableStatement.call(FailOnTimeout.java:298)
	at org.junit.internal.runners.statements.FailOnTimeout$CallableStatement.call(FailOnTimeout.java:292)
	at java.util.concurrent.FutureTask.run(FutureTask.java:266)
	at java.lang.Thread.run(Thread.java:748)
2019-09-24 17:02:09,880 WARN  ratis.RaftTestUtil (JavaUtils.java:attempt(158)) - FAILED "waitForLeader-null-(expectLeader? true)", attempt #41/100: java.lang.IllegalStateException: No leader yet : printing ALL groups
  s0:  RUNNING CANDIDATE s0@group-018C702B48E5:t8, leader=null, voted=s0, raftlog=s0@group-018C702B48E5-SegmentedRaftLog:OPENED:c-1,f-1,i0, conf=-1: [s0:0.0.0.0:34748, s1:0.0.0.0:43419, s2:0.0.0.0:39849], old=null RUNNING
  s1:  RUNNING CANDIDATE s1@group-018C702B48E5:t8, leader=null, voted=s1, raftlog=s1@group-018C702B48E5-SegmentedRaftLog:OPENED:c-1,f0,i0, conf=0: [s0:0.0.0.0:34748, s1:0.0.0.0:43419, s2:0.0.0.0:39849], old=null RUNNING
  s2:  RUNNING CANDIDATE s2@group-018C702B48E5:t9, leader=null, voted=s2, raftlog=s2@group-018C702B48E5-SegmentedRaftLog:OPENED:c-1,f0,i0, conf=0: [s0:0.0.0.0:34748, s1:0.0.0.0:43419, s2:0.0.0.0:39849], old=null RUNNING, sleep 450ms and then retry.
java.lang.IllegalStateException: No leader yet : printing ALL groups
  s0:  RUNNING CANDIDATE s0@group-018C702B48E5:t8, leader=null, voted=s0, raftlog=s0@group-018C702B48E5-SegmentedRaftLog:OPENED:c-1,f-1,i0, conf=-1: [s0:0.0.0.0:34748, s1:0.0.0.0:43419, s2:0.0.0.0:39849], old=null RUNNING
  s1:  RUNNING CANDIDATE s1@group-018C702B48E5:t8, leader=null, voted=s1, raftlog=s1@group-018C702B48E5-SegmentedRaftLog:OPENED:c-1,f0,i0, conf=0: [s0:0.0.0.0:34748, s1:0.0.0.0:43419, s2:0.0.0.0:39849], old=null RUNNING
  s2:  RUNNING CANDIDATE s2@group-018C702B48E5:t9, leader=null, voted=s2, raftlog=s2@group-018C702B48E5-SegmentedRaftLog:OPENED:c-1,f0,i0, conf=0: [s0:0.0.0.0:34748, s1:0.0.0.0:43419, s2:0.0.0.0:39849], old=null RUNNING
	at org.apache.ratis.MiniRaftCluster.newIllegalStateExceptionForNoLeaders(MiniRaftCluster.java:506)
	at org.apache.ratis.RaftTestUtil.lambda$waitForLeader$1(RaftTestUtil.java:90)
	at org.apache.ratis.MiniRaftCluster.getLeader(MiniRaftCluster.java:539)
	at org.apache.ratis.MiniRaftCluster.getLeader(MiniRaftCluster.java:532)
	at org.apache.ratis.RaftTestUtil.lambda$waitForLeader$3(RaftTestUtil.java:98)
	at org.apache.ratis.util.JavaUtils.attempt(JavaUtils.java:152)
	at org.apache.ratis.RaftTestUtil.waitForLeader(RaftTestUtil.java:97)
	at org.apache.ratis.RaftTestUtil.waitForLeader(RaftTestUtil.java:77)
	at org.apache.ratis.RaftTestUtil.waitForLeader(RaftTestUtil.java:72)
	at org.apache.ratis.server.impl.RaftReconfigurationBaseTest.runTestNoChangeRequest(RaftReconfigurationBaseTest.java:394)
	at org.apache.ratis.MiniRaftCluster$Factory$Get.runWithNewCluster(MiniRaftCluster.java:125)
	at org.apache.ratis.MiniRaftCluster$Factory$Get.runWithNewCluster(MiniRaftCluster.java:113)
	at org.apache.ratis.server.impl.RaftReconfigurationBaseTest.testNoChangeRequest(RaftReconfigurationBaseTest.java:390)
	at sun.reflect.NativeMethodAccessorImpl.invoke0(Native Method)
	at sun.reflect.NativeMethodAccessorImpl.invoke(NativeMethodAccessorImpl.java:62)
	at sun.reflect.DelegatingMethodAccessorImpl.invoke(DelegatingMethodAccessorImpl.java:43)
	at java.lang.reflect.Method.invoke(Method.java:498)
	at org.junit.runners.model.FrameworkMethod$1.runReflectiveCall(FrameworkMethod.java:50)
	at org.junit.internal.runners.model.ReflectiveCallable.run(ReflectiveCallable.java:12)
	at org.junit.runners.model.FrameworkMethod.invokeExplosively(FrameworkMethod.java:47)
	at org.junit.internal.runners.statements.InvokeMethod.evaluate(InvokeMethod.java:17)
	at org.junit.internal.runners.statements.RunAfters.evaluate(RunAfters.java:27)
	at org.junit.internal.runners.statements.FailOnTimeout$CallableStatement.call(FailOnTimeout.java:298)
	at org.junit.internal.runners.statements.FailOnTimeout$CallableStatement.call(FailOnTimeout.java:292)
	at java.util.concurrent.FutureTask.run(FutureTask.java:266)
	at java.lang.Thread.run(Thread.java:748)
2019-09-24 17:02:10,332 WARN  ratis.RaftTestUtil (JavaUtils.java:attempt(158)) - FAILED "waitForLeader-null-(expectLeader? true)", attempt #42/100: java.lang.IllegalStateException: No leader yet : printing ALL groups
  s0:  RUNNING CANDIDATE s0@group-018C702B48E5:t8, leader=null, voted=s0, raftlog=s0@group-018C702B48E5-SegmentedRaftLog:OPENED:c-1,f-1,i0, conf=-1: [s0:0.0.0.0:34748, s1:0.0.0.0:43419, s2:0.0.0.0:39849], old=null RUNNING
  s1:  RUNNING CANDIDATE s1@group-018C702B48E5:t8, leader=null, voted=s1, raftlog=s1@group-018C702B48E5-SegmentedRaftLog:OPENED:c-1,f0,i0, conf=0: [s0:0.0.0.0:34748, s1:0.0.0.0:43419, s2:0.0.0.0:39849], old=null RUNNING
  s2:  RUNNING CANDIDATE s2@group-018C702B48E5:t9, leader=null, voted=s2, raftlog=s2@group-018C702B48E5-SegmentedRaftLog:OPENED:c-1,f0,i0, conf=0: [s0:0.0.0.0:34748, s1:0.0.0.0:43419, s2:0.0.0.0:39849], old=null RUNNING, sleep 450ms and then retry.
java.lang.IllegalStateException: No leader yet : printing ALL groups
  s0:  RUNNING CANDIDATE s0@group-018C702B48E5:t8, leader=null, voted=s0, raftlog=s0@group-018C702B48E5-SegmentedRaftLog:OPENED:c-1,f-1,i0, conf=-1: [s0:0.0.0.0:34748, s1:0.0.0.0:43419, s2:0.0.0.0:39849], old=null RUNNING
  s1:  RUNNING CANDIDATE s1@group-018C702B48E5:t8, leader=null, voted=s1, raftlog=s1@group-018C702B48E5-SegmentedRaftLog:OPENED:c-1,f0,i0, conf=0: [s0:0.0.0.0:34748, s1:0.0.0.0:43419, s2:0.0.0.0:39849], old=null RUNNING
  s2:  RUNNING CANDIDATE s2@group-018C702B48E5:t9, leader=null, voted=s2, raftlog=s2@group-018C702B48E5-SegmentedRaftLog:OPENED:c-1,f0,i0, conf=0: [s0:0.0.0.0:34748, s1:0.0.0.0:43419, s2:0.0.0.0:39849], old=null RUNNING
	at org.apache.ratis.MiniRaftCluster.newIllegalStateExceptionForNoLeaders(MiniRaftCluster.java:506)
	at org.apache.ratis.RaftTestUtil.lambda$waitForLeader$1(RaftTestUtil.java:90)
	at org.apache.ratis.MiniRaftCluster.getLeader(MiniRaftCluster.java:539)
	at org.apache.ratis.MiniRaftCluster.getLeader(MiniRaftCluster.java:532)
	at org.apache.ratis.RaftTestUtil.lambda$waitForLeader$3(RaftTestUtil.java:98)
	at org.apache.ratis.util.JavaUtils.attempt(JavaUtils.java:152)
	at org.apache.ratis.RaftTestUtil.waitForLeader(RaftTestUtil.java:97)
	at org.apache.ratis.RaftTestUtil.waitForLeader(RaftTestUtil.java:77)
	at org.apache.ratis.RaftTestUtil.waitForLeader(RaftTestUtil.java:72)
	at org.apache.ratis.server.impl.RaftReconfigurationBaseTest.runTestNoChangeRequest(RaftReconfigurationBaseTest.java:394)
	at org.apache.ratis.MiniRaftCluster$Factory$Get.runWithNewCluster(MiniRaftCluster.java:125)
	at org.apache.ratis.MiniRaftCluster$Factory$Get.runWithNewCluster(MiniRaftCluster.java:113)
	at org.apache.ratis.server.impl.RaftReconfigurationBaseTest.testNoChangeRequest(RaftReconfigurationBaseTest.java:390)
	at sun.reflect.NativeMethodAccessorImpl.invoke0(Native Method)
	at sun.reflect.NativeMethodAccessorImpl.invoke(NativeMethodAccessorImpl.java:62)
	at sun.reflect.DelegatingMethodAccessorImpl.invoke(DelegatingMethodAccessorImpl.java:43)
	at java.lang.reflect.Method.invoke(Method.java:498)
	at org.junit.runners.model.FrameworkMethod$1.runReflectiveCall(FrameworkMethod.java:50)
	at org.junit.internal.runners.model.ReflectiveCallable.run(ReflectiveCallable.java:12)
	at org.junit.runners.model.FrameworkMethod.invokeExplosively(FrameworkMethod.java:47)
	at org.junit.internal.runners.statements.InvokeMethod.evaluate(InvokeMethod.java:17)
	at org.junit.internal.runners.statements.RunAfters.evaluate(RunAfters.java:27)
	at org.junit.internal.runners.statements.FailOnTimeout$CallableStatement.call(FailOnTimeout.java:298)
	at org.junit.internal.runners.statements.FailOnTimeout$CallableStatement.call(FailOnTimeout.java:292)
	at java.util.concurrent.FutureTask.run(FutureTask.java:266)
	at java.lang.Thread.run(Thread.java:748)
2019-09-24 17:02:10,784 WARN  ratis.RaftTestUtil (JavaUtils.java:attempt(158)) - FAILED "waitForLeader-null-(expectLeader? true)", attempt #43/100: java.lang.IllegalStateException: No leader yet : printing ALL groups
  s0:  RUNNING CANDIDATE s0@group-018C702B48E5:t8, leader=null, voted=s0, raftlog=s0@group-018C702B48E5-SegmentedRaftLog:OPENED:c-1,f-1,i0, conf=-1: [s0:0.0.0.0:34748, s1:0.0.0.0:43419, s2:0.0.0.0:39849], old=null RUNNING
  s1:  RUNNING CANDIDATE s1@group-018C702B48E5:t8, leader=null, voted=s1, raftlog=s1@group-018C702B48E5-SegmentedRaftLog:OPENED:c-1,f0,i0, conf=0: [s0:0.0.0.0:34748, s1:0.0.0.0:43419, s2:0.0.0.0:39849], old=null RUNNING
  s2:  RUNNING CANDIDATE s2@group-018C702B48E5:t9, leader=null, voted=s2, raftlog=s2@group-018C702B48E5-SegmentedRaftLog:OPENED:c-1,f0,i0, conf=0: [s0:0.0.0.0:34748, s1:0.0.0.0:43419, s2:0.0.0.0:39849], old=null RUNNING, sleep 450ms and then retry.
java.lang.IllegalStateException: No leader yet : printing ALL groups
  s0:  RUNNING CANDIDATE s0@group-018C702B48E5:t8, leader=null, voted=s0, raftlog=s0@group-018C702B48E5-SegmentedRaftLog:OPENED:c-1,f-1,i0, conf=-1: [s0:0.0.0.0:34748, s1:0.0.0.0:43419, s2:0.0.0.0:39849], old=null RUNNING
  s1:  RUNNING CANDIDATE s1@group-018C702B48E5:t8, leader=null, voted=s1, raftlog=s1@group-018C702B48E5-SegmentedRaftLog:OPENED:c-1,f0,i0, conf=0: [s0:0.0.0.0:34748, s1:0.0.0.0:43419, s2:0.0.0.0:39849], old=null RUNNING
  s2:  RUNNING CANDIDATE s2@group-018C702B48E5:t9, leader=null, voted=s2, raftlog=s2@group-018C702B48E5-SegmentedRaftLog:OPENED:c-1,f0,i0, conf=0: [s0:0.0.0.0:34748, s1:0.0.0.0:43419, s2:0.0.0.0:39849], old=null RUNNING
	at org.apache.ratis.MiniRaftCluster.newIllegalStateExceptionForNoLeaders(MiniRaftCluster.java:506)
	at org.apache.ratis.RaftTestUtil.lambda$waitForLeader$1(RaftTestUtil.java:90)
	at org.apache.ratis.MiniRaftCluster.getLeader(MiniRaftCluster.java:539)
	at org.apache.ratis.MiniRaftCluster.getLeader(MiniRaftCluster.java:532)
	at org.apache.ratis.RaftTestUtil.lambda$waitForLeader$3(RaftTestUtil.java:98)
	at org.apache.ratis.util.JavaUtils.attempt(JavaUtils.java:152)
	at org.apache.ratis.RaftTestUtil.waitForLeader(RaftTestUtil.java:97)
	at org.apache.ratis.RaftTestUtil.waitForLeader(RaftTestUtil.java:77)
	at org.apache.ratis.RaftTestUtil.waitForLeader(RaftTestUtil.java:72)
	at org.apache.ratis.server.impl.RaftReconfigurationBaseTest.runTestNoChangeRequest(RaftReconfigurationBaseTest.java:394)
	at org.apache.ratis.MiniRaftCluster$Factory$Get.runWithNewCluster(MiniRaftCluster.java:125)
	at org.apache.ratis.MiniRaftCluster$Factory$Get.runWithNewCluster(MiniRaftCluster.java:113)
	at org.apache.ratis.server.impl.RaftReconfigurationBaseTest.testNoChangeRequest(RaftReconfigurationBaseTest.java:390)
	at sun.reflect.NativeMethodAccessorImpl.invoke0(Native Method)
	at sun.reflect.NativeMethodAccessorImpl.invoke(NativeMethodAccessorImpl.java:62)
	at sun.reflect.DelegatingMethodAccessorImpl.invoke(DelegatingMethodAccessorImpl.java:43)
	at java.lang.reflect.Method.invoke(Method.java:498)
	at org.junit.runners.model.FrameworkMethod$1.runReflectiveCall(FrameworkMethod.java:50)
	at org.junit.internal.runners.model.ReflectiveCallable.run(ReflectiveCallable.java:12)
	at org.junit.runners.model.FrameworkMethod.invokeExplosively(FrameworkMethod.java:47)
	at org.junit.internal.runners.statements.InvokeMethod.evaluate(InvokeMethod.java:17)
	at org.junit.internal.runners.statements.RunAfters.evaluate(RunAfters.java:27)
	at org.junit.internal.runners.statements.FailOnTimeout$CallableStatement.call(FailOnTimeout.java:298)
	at org.junit.internal.runners.statements.FailOnTimeout$CallableStatement.call(FailOnTimeout.java:292)
	at java.util.concurrent.FutureTask.run(FutureTask.java:266)
	at java.lang.Thread.run(Thread.java:748)
2019-09-24 17:02:11,235 WARN  ratis.RaftTestUtil (JavaUtils.java:attempt(158)) - FAILED "waitForLeader-null-(expectLeader? true)", attempt #44/100: java.lang.IllegalStateException: No leader yet : printing ALL groups
  s0:  RUNNING CANDIDATE s0@group-018C702B48E5:t8, leader=null, voted=s0, raftlog=s0@group-018C702B48E5-SegmentedRaftLog:OPENED:c-1,f-1,i0, conf=-1: [s0:0.0.0.0:34748, s1:0.0.0.0:43419, s2:0.0.0.0:39849], old=null RUNNING
  s1:  RUNNING CANDIDATE s1@group-018C702B48E5:t8, leader=null, voted=s1, raftlog=s1@group-018C702B48E5-SegmentedRaftLog:OPENED:c-1,f0,i0, conf=0: [s0:0.0.0.0:34748, s1:0.0.0.0:43419, s2:0.0.0.0:39849], old=null RUNNING
  s2:  RUNNING CANDIDATE s2@group-018C702B48E5:t9, leader=null, voted=s2, raftlog=s2@group-018C702B48E5-SegmentedRaftLog:OPENED:c-1,f0,i0, conf=0: [s0:0.0.0.0:34748, s1:0.0.0.0:43419, s2:0.0.0.0:39849], old=null RUNNING, sleep 450ms and then retry.
java.lang.IllegalStateException: No leader yet : printing ALL groups
  s0:  RUNNING CANDIDATE s0@group-018C702B48E5:t8, leader=null, voted=s0, raftlog=s0@group-018C702B48E5-SegmentedRaftLog:OPENED:c-1,f-1,i0, conf=-1: [s0:0.0.0.0:34748, s1:0.0.0.0:43419, s2:0.0.0.0:39849], old=null RUNNING
  s1:  RUNNING CANDIDATE s1@group-018C702B48E5:t8, leader=null, voted=s1, raftlog=s1@group-018C702B48E5-SegmentedRaftLog:OPENED:c-1,f0,i0, conf=0: [s0:0.0.0.0:34748, s1:0.0.0.0:43419, s2:0.0.0.0:39849], old=null RUNNING
  s2:  RUNNING CANDIDATE s2@group-018C702B48E5:t9, leader=null, voted=s2, raftlog=s2@group-018C702B48E5-SegmentedRaftLog:OPENED:c-1,f0,i0, conf=0: [s0:0.0.0.0:34748, s1:0.0.0.0:43419, s2:0.0.0.0:39849], old=null RUNNING
	at org.apache.ratis.MiniRaftCluster.newIllegalStateExceptionForNoLeaders(MiniRaftCluster.java:506)
	at org.apache.ratis.RaftTestUtil.lambda$waitForLeader$1(RaftTestUtil.java:90)
	at org.apache.ratis.MiniRaftCluster.getLeader(MiniRaftCluster.java:539)
	at org.apache.ratis.MiniRaftCluster.getLeader(MiniRaftCluster.java:532)
	at org.apache.ratis.RaftTestUtil.lambda$waitForLeader$3(RaftTestUtil.java:98)
	at org.apache.ratis.util.JavaUtils.attempt(JavaUtils.java:152)
	at org.apache.ratis.RaftTestUtil.waitForLeader(RaftTestUtil.java:97)
	at org.apache.ratis.RaftTestUtil.waitForLeader(RaftTestUtil.java:77)
	at org.apache.ratis.RaftTestUtil.waitForLeader(RaftTestUtil.java:72)
	at org.apache.ratis.server.impl.RaftReconfigurationBaseTest.runTestNoChangeRequest(RaftReconfigurationBaseTest.java:394)
	at org.apache.ratis.MiniRaftCluster$Factory$Get.runWithNewCluster(MiniRaftCluster.java:125)
	at org.apache.ratis.MiniRaftCluster$Factory$Get.runWithNewCluster(MiniRaftCluster.java:113)
	at org.apache.ratis.server.impl.RaftReconfigurationBaseTest.testNoChangeRequest(RaftReconfigurationBaseTest.java:390)
	at sun.reflect.NativeMethodAccessorImpl.invoke0(Native Method)
	at sun.reflect.NativeMethodAccessorImpl.invoke(NativeMethodAccessorImpl.java:62)
	at sun.reflect.DelegatingMethodAccessorImpl.invoke(DelegatingMethodAccessorImpl.java:43)
	at java.lang.reflect.Method.invoke(Method.java:498)
	at org.junit.runners.model.FrameworkMethod$1.runReflectiveCall(FrameworkMethod.java:50)
	at org.junit.internal.runners.model.ReflectiveCallable.run(ReflectiveCallable.java:12)
	at org.junit.runners.model.FrameworkMethod.invokeExplosively(FrameworkMethod.java:47)
	at org.junit.internal.runners.statements.InvokeMethod.evaluate(InvokeMethod.java:17)
	at org.junit.internal.runners.statements.RunAfters.evaluate(RunAfters.java:27)
	at org.junit.internal.runners.statements.FailOnTimeout$CallableStatement.call(FailOnTimeout.java:298)
	at org.junit.internal.runners.statements.FailOnTimeout$CallableStatement.call(FailOnTimeout.java:292)
	at java.util.concurrent.FutureTask.run(FutureTask.java:266)
	at java.lang.Thread.run(Thread.java:748)
2019-09-24 17:02:11,687 WARN  ratis.RaftTestUtil (JavaUtils.java:attempt(158)) - FAILED "waitForLeader-null-(expectLeader? true)", attempt #45/100: java.lang.IllegalStateException: No leader yet : printing ALL groups
  s0:  RUNNING CANDIDATE s0@group-018C702B48E5:t8, leader=null, voted=s0, raftlog=s0@group-018C702B48E5-SegmentedRaftLog:OPENED:c-1,f-1,i0, conf=-1: [s0:0.0.0.0:34748, s1:0.0.0.0:43419, s2:0.0.0.0:39849], old=null RUNNING
  s1:  RUNNING CANDIDATE s1@group-018C702B48E5:t8, leader=null, voted=s1, raftlog=s1@group-018C702B48E5-SegmentedRaftLog:OPENED:c-1,f0,i0, conf=0: [s0:0.0.0.0:34748, s1:0.0.0.0:43419, s2:0.0.0.0:39849], old=null RUNNING
  s2:  RUNNING CANDIDATE s2@group-018C702B48E5:t9, leader=null, voted=s2, raftlog=s2@group-018C702B48E5-SegmentedRaftLog:OPENED:c-1,f0,i0, conf=0: [s0:0.0.0.0:34748, s1:0.0.0.0:43419, s2:0.0.0.0:39849], old=null RUNNING, sleep 450ms and then retry.
java.lang.IllegalStateException: No leader yet : printing ALL groups
  s0:  RUNNING CANDIDATE s0@group-018C702B48E5:t8, leader=null, voted=s0, raftlog=s0@group-018C702B48E5-SegmentedRaftLog:OPENED:c-1,f-1,i0, conf=-1: [s0:0.0.0.0:34748, s1:0.0.0.0:43419, s2:0.0.0.0:39849], old=null RUNNING
  s1:  RUNNING CANDIDATE s1@group-018C702B48E5:t8, leader=null, voted=s1, raftlog=s1@group-018C702B48E5-SegmentedRaftLog:OPENED:c-1,f0,i0, conf=0: [s0:0.0.0.0:34748, s1:0.0.0.0:43419, s2:0.0.0.0:39849], old=null RUNNING
  s2:  RUNNING CANDIDATE s2@group-018C702B48E5:t9, leader=null, voted=s2, raftlog=s2@group-018C702B48E5-SegmentedRaftLog:OPENED:c-1,f0,i0, conf=0: [s0:0.0.0.0:34748, s1:0.0.0.0:43419, s2:0.0.0.0:39849], old=null RUNNING
	at org.apache.ratis.MiniRaftCluster.newIllegalStateExceptionForNoLeaders(MiniRaftCluster.java:506)
	at org.apache.ratis.RaftTestUtil.lambda$waitForLeader$1(RaftTestUtil.java:90)
	at org.apache.ratis.MiniRaftCluster.getLeader(MiniRaftCluster.java:539)
	at org.apache.ratis.MiniRaftCluster.getLeader(MiniRaftCluster.java:532)
	at org.apache.ratis.RaftTestUtil.lambda$waitForLeader$3(RaftTestUtil.java:98)
	at org.apache.ratis.util.JavaUtils.attempt(JavaUtils.java:152)
	at org.apache.ratis.RaftTestUtil.waitForLeader(RaftTestUtil.java:97)
	at org.apache.ratis.RaftTestUtil.waitForLeader(RaftTestUtil.java:77)
	at org.apache.ratis.RaftTestUtil.waitForLeader(RaftTestUtil.java:72)
	at org.apache.ratis.server.impl.RaftReconfigurationBaseTest.runTestNoChangeRequest(RaftReconfigurationBaseTest.java:394)
	at org.apache.ratis.MiniRaftCluster$Factory$Get.runWithNewCluster(MiniRaftCluster.java:125)
	at org.apache.ratis.MiniRaftCluster$Factory$Get.runWithNewCluster(MiniRaftCluster.java:113)
	at org.apache.ratis.server.impl.RaftReconfigurationBaseTest.testNoChangeRequest(RaftReconfigurationBaseTest.java:390)
	at sun.reflect.NativeMethodAccessorImpl.invoke0(Native Method)
	at sun.reflect.NativeMethodAccessorImpl.invoke(NativeMethodAccessorImpl.java:62)
	at sun.reflect.DelegatingMethodAccessorImpl.invoke(DelegatingMethodAccessorImpl.java:43)
	at java.lang.reflect.Method.invoke(Method.java:498)
	at org.junit.runners.model.FrameworkMethod$1.runReflectiveCall(FrameworkMethod.java:50)
	at org.junit.internal.runners.model.ReflectiveCallable.run(ReflectiveCallable.java:12)
	at org.junit.runners.model.FrameworkMethod.invokeExplosively(FrameworkMethod.java:47)
	at org.junit.internal.runners.statements.InvokeMethod.evaluate(InvokeMethod.java:17)
	at org.junit.internal.runners.statements.RunAfters.evaluate(RunAfters.java:27)
	at org.junit.internal.runners.statements.FailOnTimeout$CallableStatement.call(FailOnTimeout.java:298)
	at org.junit.internal.runners.statements.FailOnTimeout$CallableStatement.call(FailOnTimeout.java:292)
	at java.util.concurrent.FutureTask.run(FutureTask.java:266)
	at java.lang.Thread.run(Thread.java:748)
2019-09-24 17:02:11,781 INFO  ratis.MiniRaftCluster (MiniRaftCluster.java:lambda$null$5(297)) - TIMED-PRINT: printing ALL groups
  s0:  RUNNING CANDIDATE s0@group-018C702B48E5:t8, leader=null, voted=s0, raftlog=s0@group-018C702B48E5-SegmentedRaftLog:OPENED:c-1,f-1,i0, conf=-1: [s0:0.0.0.0:34748, s1:0.0.0.0:43419, s2:0.0.0.0:39849], old=null RUNNING
  s1:  RUNNING CANDIDATE s1@group-018C702B48E5:t8, leader=null, voted=s1, raftlog=s1@group-018C702B48E5-SegmentedRaftLog:OPENED:c-1,f0,i0, conf=0: [s0:0.0.0.0:34748, s1:0.0.0.0:43419, s2:0.0.0.0:39849], old=null RUNNING
  s2:  RUNNING CANDIDATE s2@group-018C702B48E5:t9, leader=null, voted=s2, raftlog=s2@group-018C702B48E5-SegmentedRaftLog:OPENED:c-1,f0,i0, conf=0: [s0:0.0.0.0:34748, s1:0.0.0.0:43419, s2:0.0.0.0:39849], old=null RUNNING
2019-09-24 17:02:12,138 WARN  ratis.RaftTestUtil (JavaUtils.java:attempt(158)) - FAILED "waitForLeader-null-(expectLeader? true)", attempt #46/100: java.lang.IllegalStateException: No leader yet : printing ALL groups
  s0:  RUNNING CANDIDATE s0@group-018C702B48E5:t8, leader=null, voted=s0, raftlog=s0@group-018C702B48E5-SegmentedRaftLog:OPENED:c-1,f-1,i0, conf=-1: [s0:0.0.0.0:34748, s1:0.0.0.0:43419, s2:0.0.0.0:39849], old=null RUNNING
  s1:  RUNNING CANDIDATE s1@group-018C702B48E5:t8, leader=null, voted=s1, raftlog=s1@group-018C702B48E5-SegmentedRaftLog:OPENED:c-1,f0,i0, conf=0: [s0:0.0.0.0:34748, s1:0.0.0.0:43419, s2:0.0.0.0:39849], old=null RUNNING
  s2:  RUNNING CANDIDATE s2@group-018C702B48E5:t9, leader=null, voted=s2, raftlog=s2@group-018C702B48E5-SegmentedRaftLog:OPENED:c-1,f0,i0, conf=0: [s0:0.0.0.0:34748, s1:0.0.0.0:43419, s2:0.0.0.0:39849], old=null RUNNING, sleep 450ms and then retry.
java.lang.IllegalStateException: No leader yet : printing ALL groups
  s0:  RUNNING CANDIDATE s0@group-018C702B48E5:t8, leader=null, voted=s0, raftlog=s0@group-018C702B48E5-SegmentedRaftLog:OPENED:c-1,f-1,i0, conf=-1: [s0:0.0.0.0:34748, s1:0.0.0.0:43419, s2:0.0.0.0:39849], old=null RUNNING
  s1:  RUNNING CANDIDATE s1@group-018C702B48E5:t8, leader=null, voted=s1, raftlog=s1@group-018C702B48E5-SegmentedRaftLog:OPENED:c-1,f0,i0, conf=0: [s0:0.0.0.0:34748, s1:0.0.0.0:43419, s2:0.0.0.0:39849], old=null RUNNING
  s2:  RUNNING CANDIDATE s2@group-018C702B48E5:t9, leader=null, voted=s2, raftlog=s2@group-018C702B48E5-SegmentedRaftLog:OPENED:c-1,f0,i0, conf=0: [s0:0.0.0.0:34748, s1:0.0.0.0:43419, s2:0.0.0.0:39849], old=null RUNNING
	at org.apache.ratis.MiniRaftCluster.newIllegalStateExceptionForNoLeaders(MiniRaftCluster.java:506)
	at org.apache.ratis.RaftTestUtil.lambda$waitForLeader$1(RaftTestUtil.java:90)
	at org.apache.ratis.MiniRaftCluster.getLeader(MiniRaftCluster.java:539)
	at org.apache.ratis.MiniRaftCluster.getLeader(MiniRaftCluster.java:532)
	at org.apache.ratis.RaftTestUtil.lambda$waitForLeader$3(RaftTestUtil.java:98)
	at org.apache.ratis.util.JavaUtils.attempt(JavaUtils.java:152)
	at org.apache.ratis.RaftTestUtil.waitForLeader(RaftTestUtil.java:97)
	at org.apache.ratis.RaftTestUtil.waitForLeader(RaftTestUtil.java:77)
	at org.apache.ratis.RaftTestUtil.waitForLeader(RaftTestUtil.java:72)
	at org.apache.ratis.server.impl.RaftReconfigurationBaseTest.runTestNoChangeRequest(RaftReconfigurationBaseTest.java:394)
	at org.apache.ratis.MiniRaftCluster$Factory$Get.runWithNewCluster(MiniRaftCluster.java:125)
	at org.apache.ratis.MiniRaftCluster$Factory$Get.runWithNewCluster(MiniRaftCluster.java:113)
	at org.apache.ratis.server.impl.RaftReconfigurationBaseTest.testNoChangeRequest(RaftReconfigurationBaseTest.java:390)
	at sun.reflect.NativeMethodAccessorImpl.invoke0(Native Method)
	at sun.reflect.NativeMethodAccessorImpl.invoke(NativeMethodAccessorImpl.java:62)
	at sun.reflect.DelegatingMethodAccessorImpl.invoke(DelegatingMethodAccessorImpl.java:43)
	at java.lang.reflect.Method.invoke(Method.java:498)
	at org.junit.runners.model.FrameworkMethod$1.runReflectiveCall(FrameworkMethod.java:50)
	at org.junit.internal.runners.model.ReflectiveCallable.run(ReflectiveCallable.java:12)
	at org.junit.runners.model.FrameworkMethod.invokeExplosively(FrameworkMethod.java:47)
	at org.junit.internal.runners.statements.InvokeMethod.evaluate(InvokeMethod.java:17)
	at org.junit.internal.runners.statements.RunAfters.evaluate(RunAfters.java:27)
	at org.junit.internal.runners.statements.FailOnTimeout$CallableStatement.call(FailOnTimeout.java:298)
	at org.junit.internal.runners.statements.FailOnTimeout$CallableStatement.call(FailOnTimeout.java:292)
	at java.util.concurrent.FutureTask.run(FutureTask.java:266)
	at java.lang.Thread.run(Thread.java:748)
2019-09-24 17:02:12,525 INFO  impl.LeaderElection (LeaderElection.java:askForVotes(178)) - s0@group-018C702B48E5-LeaderElection14: begin an election at term 8 for -1: [s0:0.0.0.0:34748, s1:0.0.0.0:43419, s2:0.0.0.0:39849], old=null
2019-09-24 17:02:12,526 INFO  impl.LeaderElection (LeaderElection.java:askForVotes(178)) - s1@group-018C702B48E5-LeaderElection15: begin an election at term 8 for 0: [s0:0.0.0.0:34748, s1:0.0.0.0:43419, s2:0.0.0.0:39849], old=null
2019-09-24 17:02:12,526 DEBUG impl.RaftServerImpl (RaftServerImpl.java:requestVote(775)) - s1@group-018C702B48E5 replies to vote request: s2<-s1#0:FAIL-t8. Peer's state: s1@group-018C702B48E5:t8, leader=null, voted=s1, raftlog=s1@group-018C702B48E5-SegmentedRaftLog:OPENED:c-1,f0,i0, conf=0: [s0:0.0.0.0:34748, s1:0.0.0.0:43419, s2:0.0.0.0:39849], old=null
2019-09-24 17:02:12,525 INFO  impl.LeaderElection (LeaderElection.java:askForVotes(178)) - s2@group-018C702B48E5-LeaderElection13: begin an election at term 9 for 0: [s0:0.0.0.0:34748, s1:0.0.0.0:43419, s2:0.0.0.0:39849], old=null
2019-09-24 17:02:12,529 DEBUG impl.RaftServerImpl (RaftServerImpl.java:requestVote(743)) - s1@group-018C702B48E5: receive requestVote(s2, group-018C702B48E5, 9, (t:2, i:0))
2019-09-24 17:02:12,529 DEBUG impl.RaftServerImpl (RaftServerImpl.java:requestVote(743)) - s0@group-018C702B48E5: receive requestVote(s2, group-018C702B48E5, 9, (t:2, i:0))
2019-09-24 17:02:12,590 WARN  ratis.RaftTestUtil (JavaUtils.java:attempt(158)) - FAILED "waitForLeader-null-(expectLeader? true)", attempt #47/100: java.lang.IllegalStateException: No leader yet : printing ALL groups
  s0:  RUNNING CANDIDATE s0@group-018C702B48E5:t9, leader=null, voted=s0, raftlog=s0@group-018C702B48E5-SegmentedRaftLog:OPENED:c-1,f-1,i0, conf=-1: [s0:0.0.0.0:34748, s1:0.0.0.0:43419, s2:0.0.0.0:39849], old=null RUNNING
  s1:  RUNNING CANDIDATE s1@group-018C702B48E5:t9, leader=null, voted=s1, raftlog=s1@group-018C702B48E5-SegmentedRaftLog:OPENED:c-1,f0,i0, conf=0: [s0:0.0.0.0:34748, s1:0.0.0.0:43419, s2:0.0.0.0:39849], old=null RUNNING
  s2:  RUNNING CANDIDATE s2@group-018C702B48E5:t9, leader=null, voted=s2, raftlog=s2@group-018C702B48E5-SegmentedRaftLog:OPENED:c-1,f0,i0, conf=0: [s0:0.0.0.0:34748, s1:0.0.0.0:43419, s2:0.0.0.0:39849], old=null RUNNING, sleep 450ms and then retry.
java.lang.IllegalStateException: No leader yet : printing ALL groups
  s0:  RUNNING CANDIDATE s0@group-018C702B48E5:t9, leader=null, voted=s0, raftlog=s0@group-018C702B48E5-SegmentedRaftLog:OPENED:c-1,f-1,i0, conf=-1: [s0:0.0.0.0:34748, s1:0.0.0.0:43419, s2:0.0.0.0:39849], old=null RUNNING
  s1:  RUNNING CANDIDATE s1@group-018C702B48E5:t9, leader=null, voted=s1, raftlog=s1@group-018C702B48E5-SegmentedRaftLog:OPENED:c-1,f0,i0, conf=0: [s0:0.0.0.0:34748, s1:0.0.0.0:43419, s2:0.0.0.0:39849], old=null RUNNING
  s2:  RUNNING CANDIDATE s2@group-018C702B48E5:t9, leader=null, voted=s2, raftlog=s2@group-018C702B48E5-SegmentedRaftLog:OPENED:c-1,f0,i0, conf=0: [s0:0.0.0.0:34748, s1:0.0.0.0:43419, s2:0.0.0.0:39849], old=null RUNNING
	at org.apache.ratis.MiniRaftCluster.newIllegalStateExceptionForNoLeaders(MiniRaftCluster.java:506)
	at org.apache.ratis.RaftTestUtil.lambda$waitForLeader$1(RaftTestUtil.java:90)
	at org.apache.ratis.MiniRaftCluster.getLeader(MiniRaftCluster.java:539)
	at org.apache.ratis.MiniRaftCluster.getLeader(MiniRaftCluster.java:532)
	at org.apache.ratis.RaftTestUtil.lambda$waitForLeader$3(RaftTestUtil.java:98)
	at org.apache.ratis.util.JavaUtils.attempt(JavaUtils.java:152)
	at org.apache.ratis.RaftTestUtil.waitForLeader(RaftTestUtil.java:97)
	at org.apache.ratis.RaftTestUtil.waitForLeader(RaftTestUtil.java:77)
	at org.apache.ratis.RaftTestUtil.waitForLeader(RaftTestUtil.java:72)
	at org.apache.ratis.server.impl.RaftReconfigurationBaseTest.runTestNoChangeRequest(RaftReconfigurationBaseTest.java:394)
	at org.apache.ratis.MiniRaftCluster$Factory$Get.runWithNewCluster(MiniRaftCluster.java:125)
	at org.apache.ratis.MiniRaftCluster$Factory$Get.runWithNewCluster(MiniRaftCluster.java:113)
	at org.apache.ratis.server.impl.RaftReconfigurationBaseTest.testNoChangeRequest(RaftReconfigurationBaseTest.java:390)
	at sun.reflect.NativeMethodAccessorImpl.invoke0(Native Method)
	at sun.reflect.NativeMethodAccessorImpl.invoke(NativeMethodAccessorImpl.java:62)
	at sun.reflect.DelegatingMethodAccessorImpl.invoke(DelegatingMethodAccessorImpl.java:43)
	at java.lang.reflect.Method.invoke(Method.java:498)
	at org.junit.runners.model.FrameworkMethod$1.runReflectiveCall(FrameworkMethod.java:50)
	at org.junit.internal.runners.model.ReflectiveCallable.run(ReflectiveCallable.java:12)
	at org.junit.runners.model.FrameworkMethod.invokeExplosively(FrameworkMethod.java:47)
	at org.junit.internal.runners.statements.InvokeMethod.evaluate(InvokeMethod.java:17)
	at org.junit.internal.runners.statements.RunAfters.evaluate(RunAfters.java:27)
	at org.junit.internal.runners.statements.FailOnTimeout$CallableStatement.call(FailOnTimeout.java:298)
	at org.junit.internal.runners.statements.FailOnTimeout$CallableStatement.call(FailOnTimeout.java:292)
	at java.util.concurrent.FutureTask.run(FutureTask.java:266)
	at java.lang.Thread.run(Thread.java:748)
2019-09-24 17:02:12,753 INFO  impl.LeaderElection (LeaderElection.java:logAndReturn(56)) - s2@group-018C702B48E5-LeaderElection13: Election TIMEOUT; received 0 response(s) [] and 0 exception(s); s2@group-018C702B48E5:t9, leader=null, voted=s2, raftlog=s2@group-018C702B48E5-SegmentedRaftLog:OPENED:c-1,f0,i0, conf=0: [s0:0.0.0.0:34748, s1:0.0.0.0:43419, s2:0.0.0.0:39849], old=null
2019-09-24 17:02:13,042 WARN  ratis.RaftTestUtil (JavaUtils.java:attempt(158)) - FAILED "waitForLeader-null-(expectLeader? true)", attempt #48/100: java.lang.IllegalStateException: No leader yet : printing ALL groups
  s0:  RUNNING CANDIDATE s0@group-018C702B48E5:t9, leader=null, voted=s0, raftlog=s0@group-018C702B48E5-SegmentedRaftLog:OPENED:c-1,f-1,i0, conf=-1: [s0:0.0.0.0:34748, s1:0.0.0.0:43419, s2:0.0.0.0:39849], old=null RUNNING
  s1:  RUNNING CANDIDATE s1@group-018C702B48E5:t9, leader=null, voted=s1, raftlog=s1@group-018C702B48E5-SegmentedRaftLog:OPENED:c-1,f0,i0, conf=0: [s0:0.0.0.0:34748, s1:0.0.0.0:43419, s2:0.0.0.0:39849], old=null RUNNING
  s2:  RUNNING CANDIDATE s2@group-018C702B48E5:t10, leader=null, voted=s2, raftlog=s2@group-018C702B48E5-SegmentedRaftLog:OPENED:c-1,f0,i0, conf=0: [s0:0.0.0.0:34748, s1:0.0.0.0:43419, s2:0.0.0.0:39849], old=null RUNNING, sleep 450ms and then retry.
java.lang.IllegalStateException: No leader yet : printing ALL groups
  s0:  RUNNING CANDIDATE s0@group-018C702B48E5:t9, leader=null, voted=s0, raftlog=s0@group-018C702B48E5-SegmentedRaftLog:OPENED:c-1,f-1,i0, conf=-1: [s0:0.0.0.0:34748, s1:0.0.0.0:43419, s2:0.0.0.0:39849], old=null RUNNING
  s1:  RUNNING CANDIDATE s1@group-018C702B48E5:t9, leader=null, voted=s1, raftlog=s1@group-018C702B48E5-SegmentedRaftLog:OPENED:c-1,f0,i0, conf=0: [s0:0.0.0.0:34748, s1:0.0.0.0:43419, s2:0.0.0.0:39849], old=null RUNNING
  s2:  RUNNING CANDIDATE s2@group-018C702B48E5:t10, leader=null, voted=s2, raftlog=s2@group-018C702B48E5-SegmentedRaftLog:OPENED:c-1,f0,i0, conf=0: [s0:0.0.0.0:34748, s1:0.0.0.0:43419, s2:0.0.0.0:39849], old=null RUNNING
	at org.apache.ratis.MiniRaftCluster.newIllegalStateExceptionForNoLeaders(MiniRaftCluster.java:506)
	at org.apache.ratis.RaftTestUtil.lambda$waitForLeader$1(RaftTestUtil.java:90)
	at org.apache.ratis.MiniRaftCluster.getLeader(MiniRaftCluster.java:539)
	at org.apache.ratis.MiniRaftCluster.getLeader(MiniRaftCluster.java:532)
	at org.apache.ratis.RaftTestUtil.lambda$waitForLeader$3(RaftTestUtil.java:98)
	at org.apache.ratis.util.JavaUtils.attempt(JavaUtils.java:152)
	at org.apache.ratis.RaftTestUtil.waitForLeader(RaftTestUtil.java:97)
	at org.apache.ratis.RaftTestUtil.waitForLeader(RaftTestUtil.java:77)
	at org.apache.ratis.RaftTestUtil.waitForLeader(RaftTestUtil.java:72)
	at org.apache.ratis.server.impl.RaftReconfigurationBaseTest.runTestNoChangeRequest(RaftReconfigurationBaseTest.java:394)
	at org.apache.ratis.MiniRaftCluster$Factory$Get.runWithNewCluster(MiniRaftCluster.java:125)
	at org.apache.ratis.MiniRaftCluster$Factory$Get.runWithNewCluster(MiniRaftCluster.java:113)
	at org.apache.ratis.server.impl.RaftReconfigurationBaseTest.testNoChangeRequest(RaftReconfigurationBaseTest.java:390)
	at sun.reflect.NativeMethodAccessorImpl.invoke0(Native Method)
	at sun.reflect.NativeMethodAccessorImpl.invoke(NativeMethodAccessorImpl.java:62)
	at sun.reflect.DelegatingMethodAccessorImpl.invoke(DelegatingMethodAccessorImpl.java:43)
	at java.lang.reflect.Method.invoke(Method.java:498)
	at org.junit.runners.model.FrameworkMethod$1.runReflectiveCall(FrameworkMethod.java:50)
	at org.junit.internal.runners.model.ReflectiveCallable.run(ReflectiveCallable.java:12)
	at org.junit.runners.model.FrameworkMethod.invokeExplosively(FrameworkMethod.java:47)
	at org.junit.internal.runners.statements.InvokeMethod.evaluate(InvokeMethod.java:17)
	at org.junit.internal.runners.statements.RunAfters.evaluate(RunAfters.java:27)
	at org.junit.internal.runners.statements.FailOnTimeout$CallableStatement.call(FailOnTimeout.java:298)
	at org.junit.internal.runners.statements.FailOnTimeout$CallableStatement.call(FailOnTimeout.java:292)
	at java.util.concurrent.FutureTask.run(FutureTask.java:266)
	at java.lang.Thread.run(Thread.java:748)
2019-09-24 17:02:13,494 WARN  ratis.RaftTestUtil (JavaUtils.java:attempt(158)) - FAILED "waitForLeader-null-(expectLeader? true)", attempt #49/100: java.lang.IllegalStateException: No leader yet : printing ALL groups
  s0:  RUNNING CANDIDATE s0@group-018C702B48E5:t9, leader=null, voted=s0, raftlog=s0@group-018C702B48E5-SegmentedRaftLog:OPENED:c-1,f-1,i0, conf=-1: [s0:0.0.0.0:34748, s1:0.0.0.0:43419, s2:0.0.0.0:39849], old=null RUNNING
  s1:  RUNNING CANDIDATE s1@group-018C702B48E5:t9, leader=null, voted=s1, raftlog=s1@group-018C702B48E5-SegmentedRaftLog:OPENED:c-1,f0,i0, conf=0: [s0:0.0.0.0:34748, s1:0.0.0.0:43419, s2:0.0.0.0:39849], old=null RUNNING
  s2:  RUNNING CANDIDATE s2@group-018C702B48E5:t10, leader=null, voted=s2, raftlog=s2@group-018C702B48E5-SegmentedRaftLog:OPENED:c-1,f0,i0, conf=0: [s0:0.0.0.0:34748, s1:0.0.0.0:43419, s2:0.0.0.0:39849], old=null RUNNING, sleep 450ms and then retry.
java.lang.IllegalStateException: No leader yet : printing ALL groups
  s0:  RUNNING CANDIDATE s0@group-018C702B48E5:t9, leader=null, voted=s0, raftlog=s0@group-018C702B48E5-SegmentedRaftLog:OPENED:c-1,f-1,i0, conf=-1: [s0:0.0.0.0:34748, s1:0.0.0.0:43419, s2:0.0.0.0:39849], old=null RUNNING
  s1:  RUNNING CANDIDATE s1@group-018C702B48E5:t9, leader=null, voted=s1, raftlog=s1@group-018C702B48E5-SegmentedRaftLog:OPENED:c-1,f0,i0, conf=0: [s0:0.0.0.0:34748, s1:0.0.0.0:43419, s2:0.0.0.0:39849], old=null RUNNING
  s2:  RUNNING CANDIDATE s2@group-018C702B48E5:t10, leader=null, voted=s2, raftlog=s2@group-018C702B48E5-SegmentedRaftLog:OPENED:c-1,f0,i0, conf=0: [s0:0.0.0.0:34748, s1:0.0.0.0:43419, s2:0.0.0.0:39849], old=null RUNNING
	at org.apache.ratis.MiniRaftCluster.newIllegalStateExceptionForNoLeaders(MiniRaftCluster.java:506)
	at org.apache.ratis.RaftTestUtil.lambda$waitForLeader$1(RaftTestUtil.java:90)
	at org.apache.ratis.MiniRaftCluster.getLeader(MiniRaftCluster.java:539)
	at org.apache.ratis.MiniRaftCluster.getLeader(MiniRaftCluster.java:532)
	at org.apache.ratis.RaftTestUtil.lambda$waitForLeader$3(RaftTestUtil.java:98)
	at org.apache.ratis.util.JavaUtils.attempt(JavaUtils.java:152)
	at org.apache.ratis.RaftTestUtil.waitForLeader(RaftTestUtil.java:97)
	at org.apache.ratis.RaftTestUtil.waitForLeader(RaftTestUtil.java:77)
	at org.apache.ratis.RaftTestUtil.waitForLeader(RaftTestUtil.java:72)
	at org.apache.ratis.server.impl.RaftReconfigurationBaseTest.runTestNoChangeRequest(RaftReconfigurationBaseTest.java:394)
	at org.apache.ratis.MiniRaftCluster$Factory$Get.runWithNewCluster(MiniRaftCluster.java:125)
	at org.apache.ratis.MiniRaftCluster$Factory$Get.runWithNewCluster(MiniRaftCluster.java:113)
	at org.apache.ratis.server.impl.RaftReconfigurationBaseTest.testNoChangeRequest(RaftReconfigurationBaseTest.java:390)
	at sun.reflect.NativeMethodAccessorImpl.invoke0(Native Method)
	at sun.reflect.NativeMethodAccessorImpl.invoke(NativeMethodAccessorImpl.java:62)
	at sun.reflect.DelegatingMethodAccessorImpl.invoke(DelegatingMethodAccessorImpl.java:43)
	at java.lang.reflect.Method.invoke(Method.java:498)
	at org.junit.runners.model.FrameworkMethod$1.runReflectiveCall(FrameworkMethod.java:50)
	at org.junit.internal.runners.model.ReflectiveCallable.run(ReflectiveCallable.java:12)
	at org.junit.runners.model.FrameworkMethod.invokeExplosively(FrameworkMethod.java:47)
	at org.junit.internal.runners.statements.InvokeMethod.evaluate(InvokeMethod.java:17)
	at org.junit.internal.runners.statements.RunAfters.evaluate(RunAfters.java:27)
	at org.junit.internal.runners.statements.FailOnTimeout$CallableStatement.call(FailOnTimeout.java:298)
	at org.junit.internal.runners.statements.FailOnTimeout$CallableStatement.call(FailOnTimeout.java:292)
	at java.util.concurrent.FutureTask.run(FutureTask.java:266)
	at java.lang.Thread.run(Thread.java:748)
2019-09-24 17:02:13,946 WARN  ratis.RaftTestUtil (JavaUtils.java:attempt(158)) - FAILED "waitForLeader-null-(expectLeader? true)", attempt #50/100: java.lang.IllegalStateException: No leader yet : printing ALL groups
  s0:  RUNNING CANDIDATE s0@group-018C702B48E5:t9, leader=null, voted=s0, raftlog=s0@group-018C702B48E5-SegmentedRaftLog:OPENED:c-1,f-1,i0, conf=-1: [s0:0.0.0.0:34748, s1:0.0.0.0:43419, s2:0.0.0.0:39849], old=null RUNNING
  s1:  RUNNING CANDIDATE s1@group-018C702B48E5:t9, leader=null, voted=s1, raftlog=s1@group-018C702B48E5-SegmentedRaftLog:OPENED:c-1,f0,i0, conf=0: [s0:0.0.0.0:34748, s1:0.0.0.0:43419, s2:0.0.0.0:39849], old=null RUNNING
  s2:  RUNNING CANDIDATE s2@group-018C702B48E5:t10, leader=null, voted=s2, raftlog=s2@group-018C702B48E5-SegmentedRaftLog:OPENED:c-1,f0,i0, conf=0: [s0:0.0.0.0:34748, s1:0.0.0.0:43419, s2:0.0.0.0:39849], old=null RUNNING, sleep 450ms and then retry.
java.lang.IllegalStateException: No leader yet : printing ALL groups
  s0:  RUNNING CANDIDATE s0@group-018C702B48E5:t9, leader=null, voted=s0, raftlog=s0@group-018C702B48E5-SegmentedRaftLog:OPENED:c-1,f-1,i0, conf=-1: [s0:0.0.0.0:34748, s1:0.0.0.0:43419, s2:0.0.0.0:39849], old=null RUNNING
  s1:  RUNNING CANDIDATE s1@group-018C702B48E5:t9, leader=null, voted=s1, raftlog=s1@group-018C702B48E5-SegmentedRaftLog:OPENED:c-1,f0,i0, conf=0: [s0:0.0.0.0:34748, s1:0.0.0.0:43419, s2:0.0.0.0:39849], old=null RUNNING
  s2:  RUNNING CANDIDATE s2@group-018C702B48E5:t10, leader=null, voted=s2, raftlog=s2@group-018C702B48E5-SegmentedRaftLog:OPENED:c-1,f0,i0, conf=0: [s0:0.0.0.0:34748, s1:0.0.0.0:43419, s2:0.0.0.0:39849], old=null RUNNING
	at org.apache.ratis.MiniRaftCluster.newIllegalStateExceptionForNoLeaders(MiniRaftCluster.java:506)
	at org.apache.ratis.RaftTestUtil.lambda$waitForLeader$1(RaftTestUtil.java:90)
	at org.apache.ratis.MiniRaftCluster.getLeader(MiniRaftCluster.java:539)
	at org.apache.ratis.MiniRaftCluster.getLeader(MiniRaftCluster.java:532)
	at org.apache.ratis.RaftTestUtil.lambda$waitForLeader$3(RaftTestUtil.java:98)
	at org.apache.ratis.util.JavaUtils.attempt(JavaUtils.java:152)
	at org.apache.ratis.RaftTestUtil.waitForLeader(RaftTestUtil.java:97)
	at org.apache.ratis.RaftTestUtil.waitForLeader(RaftTestUtil.java:77)
	at org.apache.ratis.RaftTestUtil.waitForLeader(RaftTestUtil.java:72)
	at org.apache.ratis.server.impl.RaftReconfigurationBaseTest.runTestNoChangeRequest(RaftReconfigurationBaseTest.java:394)
	at org.apache.ratis.MiniRaftCluster$Factory$Get.runWithNewCluster(MiniRaftCluster.java:125)
	at org.apache.ratis.MiniRaftCluster$Factory$Get.runWithNewCluster(MiniRaftCluster.java:113)
	at org.apache.ratis.server.impl.RaftReconfigurationBaseTest.testNoChangeRequest(RaftReconfigurationBaseTest.java:390)
	at sun.reflect.NativeMethodAccessorImpl.invoke0(Native Method)
	at sun.reflect.NativeMethodAccessorImpl.invoke(NativeMethodAccessorImpl.java:62)
	at sun.reflect.DelegatingMethodAccessorImpl.invoke(DelegatingMethodAccessorImpl.java:43)
	at java.lang.reflect.Method.invoke(Method.java:498)
	at org.junit.runners.model.FrameworkMethod$1.runReflectiveCall(FrameworkMethod.java:50)
	at org.junit.internal.runners.model.ReflectiveCallable.run(ReflectiveCallable.java:12)
	at org.junit.runners.model.FrameworkMethod.invokeExplosively(FrameworkMethod.java:47)
	at org.junit.internal.runners.statements.InvokeMethod.evaluate(InvokeMethod.java:17)
	at org.junit.internal.runners.statements.RunAfters.evaluate(RunAfters.java:27)
	at org.junit.internal.runners.statements.FailOnTimeout$CallableStatement.call(FailOnTimeout.java:298)
	at org.junit.internal.runners.statements.FailOnTimeout$CallableStatement.call(FailOnTimeout.java:292)
	at java.util.concurrent.FutureTask.run(FutureTask.java:266)
	at java.lang.Thread.run(Thread.java:748)
2019-09-24 17:02:14,050 INFO  impl.LeaderElection (LeaderElection.java:askForVotes(178)) - s0@group-018C702B48E5-LeaderElection17: begin an election at term 9 for -1: [s0:0.0.0.0:34748, s1:0.0.0.0:43419, s2:0.0.0.0:39849], old=null
2019-09-24 17:02:14,050 DEBUG impl.RaftServerImpl (RaftServerImpl.java:requestVote(775)) - s1@group-018C702B48E5 replies to vote request: s2<-s1#0:FAIL-t9. Peer's state: s1@group-018C702B48E5:t9, leader=null, voted=s1, raftlog=s1@group-018C702B48E5-SegmentedRaftLog:OPENED:c-1,f0,i0, conf=0: [s0:0.0.0.0:34748, s1:0.0.0.0:43419, s2:0.0.0.0:39849], old=null
2019-09-24 17:02:14,050 INFO  impl.LeaderElection (LeaderElection.java:askForVotes(178)) - s2@group-018C702B48E5-LeaderElection13: begin an election at term 10 for 0: [s0:0.0.0.0:34748, s1:0.0.0.0:43419, s2:0.0.0.0:39849], old=null
2019-09-24 17:02:14,050 DEBUG impl.RaftServerImpl (RaftServerImpl.java:requestVote(775)) - s0@group-018C702B48E5 replies to vote request: s2<-s0#0:FAIL-t9. Peer's state: s0@group-018C702B48E5:t9, leader=null, voted=s0, raftlog=s0@group-018C702B48E5-SegmentedRaftLog:OPENED:c-1,f-1,i0, conf=-1: [s0:0.0.0.0:34748, s1:0.0.0.0:43419, s2:0.0.0.0:39849], old=null
2019-09-24 17:02:14,050 INFO  impl.LeaderElection (LeaderElection.java:askForVotes(178)) - s1@group-018C702B48E5-LeaderElection16: begin an election at term 9 for 0: [s0:0.0.0.0:34748, s1:0.0.0.0:43419, s2:0.0.0.0:39849], old=null
2019-09-24 17:02:14,052 DEBUG impl.RaftServerImpl (RaftServerImpl.java:requestVote(775)) - s0@group-018C702B48E5 replies to vote request: s2<-s0#0:FAIL-t9. Peer's state: s0@group-018C702B48E5:t9, leader=null, voted=s0, raftlog=s0@group-018C702B48E5-SegmentedRaftLog:OPENED:c-1,f-1,i0, conf=-1: [s0:0.0.0.0:34748, s1:0.0.0.0:43419, s2:0.0.0.0:39849], old=null
2019-09-24 17:02:14,052 DEBUG impl.RaftServerImpl (RaftServerImpl.java:requestVote(743)) - s0@group-018C702B48E5: receive requestVote(s1, group-018C702B48E5, 8, (t:2, i:0))
2019-09-24 17:02:14,052 DEBUG impl.RaftServerImpl (RaftServerImpl.java:requestVote(775)) - s0@group-018C702B48E5 replies to vote request: s1<-s0#0:FAIL-t9. Peer's state: s0@group-018C702B48E5:t9, leader=null, voted=s0, raftlog=s0@group-018C702B48E5-SegmentedRaftLog:OPENED:c-1,f-1,i0, conf=-1: [s0:0.0.0.0:34748, s1:0.0.0.0:43419, s2:0.0.0.0:39849], old=null
2019-09-24 17:02:14,052 DEBUG impl.RaftServerImpl (RaftServerImpl.java:requestVote(743)) - s1@group-018C702B48E5: receive requestVote(s0, group-018C702B48E5, 9, (t:0, i:0))
2019-09-24 17:02:14,052 INFO  impl.LeaderElection (LeaderElection.java:logAndReturn(56)) - s1@group-018C702B48E5-LeaderElection15: Election REJECTED; received 0 response(s) [] and 0 exception(s); s1@group-018C702B48E5:t9, leader=null, voted=s1, raftlog=s1@group-018C702B48E5-SegmentedRaftLog:OPENED:c-1,f0,i0, conf=0: [s0:0.0.0.0:34748, s1:0.0.0.0:43419, s2:0.0.0.0:39849], old=null
2019-09-24 17:02:14,053 DEBUG impl.RaftServerImpl (RaftServerImpl.java:requestVote(775)) - s1@group-018C702B48E5 replies to vote request: s0<-s1#0:FAIL-t9. Peer's state: s1@group-018C702B48E5:t9, leader=null, voted=s1, raftlog=s1@group-018C702B48E5-SegmentedRaftLog:OPENED:c-1,f0,i0, conf=0: [s0:0.0.0.0:34748, s1:0.0.0.0:43419, s2:0.0.0.0:39849], old=null
2019-09-24 17:02:14,053 DEBUG impl.RaftServerImpl (RaftServerImpl.java:requestVote(743)) - s2@group-018C702B48E5: receive requestVote(s0, group-018C702B48E5, 9, (t:0, i:0))
2019-09-24 17:02:14,053 DEBUG impl.RaftServerImpl (RaftServerImpl.java:requestVote(743)) - s2@group-018C702B48E5: receive requestVote(s1, group-018C702B48E5, 8, (t:2, i:0))
2019-09-24 17:02:14,055 DEBUG impl.RaftServerImpl (RaftServerImpl.java:requestVote(743)) - s2@group-018C702B48E5: receive requestVote(s1, group-018C702B48E5, 9, (t:2, i:0))
2019-09-24 17:02:14,054 INFO  impl.LeaderElection (LeaderElection.java:logAndReturn(56)) - s0@group-018C702B48E5-LeaderElection14: Election REJECTED; received 0 response(s) [] and 0 exception(s); s0@group-018C702B48E5:t9, leader=null, voted=s0, raftlog=s0@group-018C702B48E5-SegmentedRaftLog:OPENED:c-1,f-1,i0, conf=-1: [s0:0.0.0.0:34748, s1:0.0.0.0:43419, s2:0.0.0.0:39849], old=null
2019-09-24 17:02:14,054 DEBUG impl.RaftServerImpl (RaftServerImpl.java:requestVote(743)) - s1@group-018C702B48E5: receive requestVote(s2, group-018C702B48E5, 10, (t:2, i:0))
2019-09-24 17:02:14,055 DEBUG impl.RaftServerImpl (RaftServerImpl.java:requestVote(775)) - s2@group-018C702B48E5 replies to vote request: s0<-s2#0:FAIL-t10. Peer's state: s2@group-018C702B48E5:t10, leader=null, voted=s2, raftlog=s2@group-018C702B48E5-SegmentedRaftLog:OPENED:c-1,f0,i0, conf=0: [s0:0.0.0.0:34748, s1:0.0.0.0:43419, s2:0.0.0.0:39849], old=null
2019-09-24 17:02:14,056 INFO  impl.RaftServerImpl (RaftServerImpl.java:setRole(170)) - s1@group-018C702B48E5: changes role from CANDIDATE to FOLLOWER at term 10 for recognizeCandidate:s2
2019-09-24 17:02:14,056 DEBUG impl.RaftServerImpl (RaftServerImpl.java:requestVote(775)) - s2@group-018C702B48E5 replies to vote request: s1<-s2#0:FAIL-t10. Peer's state: s2@group-018C702B48E5:t10, leader=null, voted=s2, raftlog=s2@group-018C702B48E5-SegmentedRaftLog:OPENED:c-1,f0,i0, conf=0: [s0:0.0.0.0:34748, s1:0.0.0.0:43419, s2:0.0.0.0:39849], old=null
2019-09-24 17:02:14,056 INFO  impl.RoleInfo (RoleInfo.java:shutdownLeaderElection(134)) - s1: shutdown LeaderElection
2019-09-24 17:02:14,056 DEBUG impl.RaftServerImpl (RaftServerImpl.java:requestVote(775)) - s2@group-018C702B48E5 replies to vote request: s1<-s2#0:FAIL-t10. Peer's state: s2@group-018C702B48E5:t10, leader=null, voted=s2, raftlog=s2@group-018C702B48E5-SegmentedRaftLog:OPENED:c-1,f0,i0, conf=0: [s0:0.0.0.0:34748, s1:0.0.0.0:43419, s2:0.0.0.0:39849], old=null
2019-09-24 17:02:14,056 INFO  impl.RoleInfo (RoleInfo.java:updateAndGet(143)) - s1: start FollowerState
2019-09-24 17:02:14,065 DEBUG impl.RaftServerImpl (RaftServerImpl.java:requestVote(743)) - s1@group-018C702B48E5: receive requestVote(s0, group-018C702B48E5, 8, (t:0, i:0))
2019-09-24 17:02:14,066 DEBUG impl.RaftServerImpl (RaftServerImpl.java:requestVote(743)) - s2@group-018C702B48E5: receive requestVote(s0, group-018C702B48E5, 8, (t:0, i:0))
2019-09-24 17:02:14,067 INFO  impl.LeaderElection (LeaderElection.java:logAndReturn(56)) - s1@group-018C702B48E5-LeaderElection16: Election DISCOVERED_A_NEW_TERM; received 1 response(s) [s1<-s2#0:FAIL-t10] and 0 exception(s); s1@group-018C702B48E5:t10, leader=null, voted=null, raftlog=s1@group-018C702B48E5-SegmentedRaftLog:OPENED:c-1,f0,i0, conf=0: [s0:0.0.0.0:34748, s1:0.0.0.0:43419, s2:0.0.0.0:39849], old=null
2019-09-24 17:02:14,067 DEBUG impl.RaftServerImpl (RaftServerImpl.java:requestVote(775)) - s2@group-018C702B48E5 replies to vote request: s0<-s2#0:FAIL-t10. Peer's state: s2@group-018C702B48E5:t10, leader=null, voted=s2, raftlog=s2@group-018C702B48E5-SegmentedRaftLog:OPENED:c-1,f0,i0, conf=0: [s0:0.0.0.0:34748, s1:0.0.0.0:43419, s2:0.0.0.0:39849], old=null
2019-09-24 17:02:14,068 DEBUG impl.RaftServerImpl (RaftServerImpl.java:requestVote(743)) - s0@group-018C702B48E5: receive requestVote(s2, group-018C702B48E5, 10, (t:2, i:0))
2019-09-24 17:02:14,068 INFO  impl.RaftServerImpl (RaftServerImpl.java:setRole(170)) - s0@group-018C702B48E5: changes role from CANDIDATE to FOLLOWER at term 10 for recognizeCandidate:s2
2019-09-24 17:02:14,068 INFO  impl.RoleInfo (RoleInfo.java:shutdownLeaderElection(134)) - s0: shutdown LeaderElection
2019-09-24 17:02:14,068 INFO  impl.LeaderElection (LeaderElection.java:logAndReturn(56)) - s0@group-018C702B48E5-LeaderElection17: Election DISCOVERED_A_NEW_TERM; received 2 response(s) [s0<-s1#0:FAIL-t9, s0<-s2#0:FAIL-t10] and 0 exception(s); s0@group-018C702B48E5:t10, leader=null, voted=null, raftlog=s0@group-018C702B48E5-SegmentedRaftLog:OPENED:c-1,f-1,i0, conf=-1: [s0:0.0.0.0:34748, s1:0.0.0.0:43419, s2:0.0.0.0:39849], old=null
2019-09-24 17:02:14,068 INFO  impl.RoleInfo (RoleInfo.java:updateAndGet(143)) - s0: start FollowerState
2019-09-24 17:02:14,069 DEBUG impl.RaftServerImpl (RaftServerImpl.java:requestVote(743)) - s0@group-018C702B48E5: receive requestVote(s1, group-018C702B48E5, 9, (t:2, i:0))
2019-09-24 17:02:14,335 INFO  impl.LeaderElection (LeaderElection.java:logAndReturn(56)) - s2@group-018C702B48E5-LeaderElection13: Election TIMEOUT; received 0 response(s) [] and 0 exception(s); s2@group-018C702B48E5:t10, leader=null, voted=s2, raftlog=s2@group-018C702B48E5-SegmentedRaftLog:OPENED:c-1,f0,i0, conf=0: [s0:0.0.0.0:34748, s1:0.0.0.0:43419, s2:0.0.0.0:39849], old=null
2019-09-24 17:02:14,397 WARN  ratis.RaftTestUtil (JavaUtils.java:attempt(158)) - FAILED "waitForLeader-null-(expectLeader? true)", attempt #51/100: java.lang.IllegalStateException: No leader yet : printing ALL groups
  s0:  RUNNING  FOLLOWER s0@group-018C702B48E5:t10, leader=null, voted=null, raftlog=s0@group-018C702B48E5-SegmentedRaftLog:OPENED:c-1,f-1,i0, conf=-1: [s0:0.0.0.0:34748, s1:0.0.0.0:43419, s2:0.0.0.0:39849], old=null RUNNING
  s1:  RUNNING  FOLLOWER s1@group-018C702B48E5:t10, leader=null, voted=null, raftlog=s1@group-018C702B48E5-SegmentedRaftLog:OPENED:c-1,f0,i0, conf=0: [s0:0.0.0.0:34748, s1:0.0.0.0:43419, s2:0.0.0.0:39849], old=null RUNNING
  s2:  RUNNING CANDIDATE s2@group-018C702B48E5:t11, leader=null, voted=s2, raftlog=s2@group-018C702B48E5-SegmentedRaftLog:OPENED:c-1,f0,i0, conf=0: [s0:0.0.0.0:34748, s1:0.0.0.0:43419, s2:0.0.0.0:39849], old=null RUNNING, sleep 450ms and then retry.
java.lang.IllegalStateException: No leader yet : printing ALL groups
  s0:  RUNNING  FOLLOWER s0@group-018C702B48E5:t10, leader=null, voted=null, raftlog=s0@group-018C702B48E5-SegmentedRaftLog:OPENED:c-1,f-1,i0, conf=-1: [s0:0.0.0.0:34748, s1:0.0.0.0:43419, s2:0.0.0.0:39849], old=null RUNNING
  s1:  RUNNING  FOLLOWER s1@group-018C702B48E5:t10, leader=null, voted=null, raftlog=s1@group-018C702B48E5-SegmentedRaftLog:OPENED:c-1,f0,i0, conf=0: [s0:0.0.0.0:34748, s1:0.0.0.0:43419, s2:0.0.0.0:39849], old=null RUNNING
  s2:  RUNNING CANDIDATE s2@group-018C702B48E5:t11, leader=null, voted=s2, raftlog=s2@group-018C702B48E5-SegmentedRaftLog:OPENED:c-1,f0,i0, conf=0: [s0:0.0.0.0:34748, s1:0.0.0.0:43419, s2:0.0.0.0:39849], old=null RUNNING
	at org.apache.ratis.MiniRaftCluster.newIllegalStateExceptionForNoLeaders(MiniRaftCluster.java:506)
	at org.apache.ratis.RaftTestUtil.lambda$waitForLeader$1(RaftTestUtil.java:90)
	at org.apache.ratis.MiniRaftCluster.getLeader(MiniRaftCluster.java:539)
	at org.apache.ratis.MiniRaftCluster.getLeader(MiniRaftCluster.java:532)
	at org.apache.ratis.RaftTestUtil.lambda$waitForLeader$3(RaftTestUtil.java:98)
	at org.apache.ratis.util.JavaUtils.attempt(JavaUtils.java:152)
	at org.apache.ratis.RaftTestUtil.waitForLeader(RaftTestUtil.java:97)
	at org.apache.ratis.RaftTestUtil.waitForLeader(RaftTestUtil.java:77)
	at org.apache.ratis.RaftTestUtil.waitForLeader(RaftTestUtil.java:72)
	at org.apache.ratis.server.impl.RaftReconfigurationBaseTest.runTestNoChangeRequest(RaftReconfigurationBaseTest.java:394)
	at org.apache.ratis.MiniRaftCluster$Factory$Get.runWithNewCluster(MiniRaftCluster.java:125)
	at org.apache.ratis.MiniRaftCluster$Factory$Get.runWithNewCluster(MiniRaftCluster.java:113)
	at org.apache.ratis.server.impl.RaftReconfigurationBaseTest.testNoChangeRequest(RaftReconfigurationBaseTest.java:390)
	at sun.reflect.NativeMethodAccessorImpl.invoke0(Native Method)
	at sun.reflect.NativeMethodAccessorImpl.invoke(NativeMethodAccessorImpl.java:62)
	at sun.reflect.DelegatingMethodAccessorImpl.invoke(DelegatingMethodAccessorImpl.java:43)
	at java.lang.reflect.Method.invoke(Method.java:498)
	at org.junit.runners.model.FrameworkMethod$1.runReflectiveCall(FrameworkMethod.java:50)
	at org.junit.internal.runners.model.ReflectiveCallable.run(ReflectiveCallable.java:12)
	at org.junit.runners.model.FrameworkMethod.invokeExplosively(FrameworkMethod.java:47)
	at org.junit.internal.runners.statements.InvokeMethod.evaluate(InvokeMethod.java:17)
	at org.junit.internal.runners.statements.RunAfters.evaluate(RunAfters.java:27)
	at org.junit.internal.runners.statements.FailOnTimeout$CallableStatement.call(FailOnTimeout.java:298)
	at org.junit.internal.runners.statements.FailOnTimeout$CallableStatement.call(FailOnTimeout.java:292)
	at java.util.concurrent.FutureTask.run(FutureTask.java:266)
	at java.lang.Thread.run(Thread.java:748)
2019-09-24 17:02:14,555 DEBUG impl.RaftServerImpl (RaftServerImpl.java:requestVote(775)) - s0@group-018C702B48E5 replies to vote request: s2<-s0#0:FAIL-t10. Peer's state: s0@group-018C702B48E5:t10, leader=null, voted=null, raftlog=s0@group-018C702B48E5-SegmentedRaftLog:OPENED:c-1,f-1,i0, conf=-1: [s0:0.0.0.0:34748, s1:0.0.0.0:43419, s2:0.0.0.0:39849], old=null
2019-09-24 17:02:14,555 DEBUG impl.RaftServerImpl (RaftServerImpl.java:requestVote(775)) - s1@group-018C702B48E5 replies to vote request: s2<-s1#0:FAIL-t10. Peer's state: s1@group-018C702B48E5:t10, leader=null, voted=null, raftlog=s1@group-018C702B48E5-SegmentedRaftLog:OPENED:c-1,f0,i0, conf=0: [s0:0.0.0.0:34748, s1:0.0.0.0:43419, s2:0.0.0.0:39849], old=null
2019-09-24 17:02:14,555 INFO  impl.FollowerState (FollowerState.java:run(108)) - s0@group-018C702B48E5-FollowerState: change to CANDIDATE, lastRpcTime:487ms, electionTimeout:154ms
2019-09-24 17:02:14,555 INFO  impl.LeaderElection (LeaderElection.java:askForVotes(178)) - s2@group-018C702B48E5-LeaderElection13: begin an election at term 11 for 0: [s0:0.0.0.0:34748, s1:0.0.0.0:43419, s2:0.0.0.0:39849], old=null
2019-09-24 17:02:14,556 INFO  impl.RoleInfo (RoleInfo.java:shutdownFollowerState(121)) - s0: shutdown FollowerState
2019-09-24 17:02:14,556 INFO  impl.FollowerState (FollowerState.java:run(108)) - s1@group-018C702B48E5-FollowerState: change to CANDIDATE, lastRpcTime:499ms, electionTimeout:255ms
2019-09-24 17:02:14,557 INFO  impl.RaftServerImpl (RaftServerImpl.java:setRole(170)) - s0@group-018C702B48E5: changes role from  FOLLOWER to CANDIDATE at term 10 for changeToCandidate
2019-09-24 17:02:14,557 INFO  impl.RoleInfo (RoleInfo.java:shutdownFollowerState(121)) - s1: shutdown FollowerState
2019-09-24 17:02:14,557 INFO  impl.RoleInfo (RoleInfo.java:updateAndGet(143)) - s0: start LeaderElection
2019-09-24 17:02:14,557 INFO  impl.RaftServerImpl (RaftServerImpl.java:setRole(170)) - s1@group-018C702B48E5: changes role from  FOLLOWER to CANDIDATE at term 10 for changeToCandidate
2019-09-24 17:02:14,557 INFO  impl.RoleInfo (RoleInfo.java:updateAndGet(143)) - s1: start LeaderElection
2019-09-24 17:02:14,558 DEBUG impl.RaftServerImpl (RaftServerImpl.java:requestVote(743)) - s0@group-018C702B48E5: receive requestVote(s2, group-018C702B48E5, 11, (t:2, i:0))
2019-09-24 17:02:14,559 DEBUG impl.RaftServerImpl (RaftServerImpl.java:requestVote(775)) - s1@group-018C702B48E5 replies to vote request: s0<-s1#0:FAIL-t10. Peer's state: s1@group-018C702B48E5:t10, leader=null, voted=null, raftlog=s1@group-018C702B48E5-SegmentedRaftLog:OPENED:c-1,f0,i0, conf=0: [s0:0.0.0.0:34748, s1:0.0.0.0:43419, s2:0.0.0.0:39849], old=null
2019-09-24 17:02:14,558 DEBUG impl.RaftServerImpl (RaftServerImpl.java:requestVote(775)) - s0@group-018C702B48E5 replies to vote request: s1<-s0#0:FAIL-t10. Peer's state: s0@group-018C702B48E5:t10, leader=null, voted=null, raftlog=s0@group-018C702B48E5-SegmentedRaftLog:OPENED:c-1,f-1,i0, conf=-1: [s0:0.0.0.0:34748, s1:0.0.0.0:43419, s2:0.0.0.0:39849], old=null
2019-09-24 17:02:14,558 DEBUG impl.RaftServerImpl (RaftServerImpl.java:requestVote(743)) - s1@group-018C702B48E5: receive requestVote(s2, group-018C702B48E5, 11, (t:2, i:0))
2019-09-24 17:02:14,560 INFO  impl.RaftServerImpl (RaftServerImpl.java:setRole(170)) - s0@group-018C702B48E5: changes role from CANDIDATE to FOLLOWER at term 11 for recognizeCandidate:s2
2019-09-24 17:02:14,560 INFO  impl.RoleInfo (RoleInfo.java:shutdownLeaderElection(134)) - s0: shutdown LeaderElection
2019-09-24 17:02:14,561 INFO  impl.RoleInfo (RoleInfo.java:updateAndGet(143)) - s0: start FollowerState
2019-09-24 17:02:14,573 INFO  impl.LeaderElection (LeaderElection.java:askForVotes(178)) - s1@group-018C702B48E5-LeaderElection19: begin an election at term 11 for 0: [s0:0.0.0.0:34748, s1:0.0.0.0:43419, s2:0.0.0.0:39849], old=null
2019-09-24 17:02:14,573 DEBUG impl.RaftServerImpl (RaftServerImpl.java:requestVote(775)) - s1@group-018C702B48E5 replies to vote request: s2<-s1#0:FAIL-t11. Peer's state: s1@group-018C702B48E5:t11, leader=null, voted=s1, raftlog=s1@group-018C702B48E5-SegmentedRaftLog:OPENED:c-1,f0,i0, conf=0: [s0:0.0.0.0:34748, s1:0.0.0.0:43419, s2:0.0.0.0:39849], old=null
2019-09-24 17:02:14,573 DEBUG impl.RaftServerImpl (RaftServerImpl.java:requestVote(775)) - s0@group-018C702B48E5 replies to vote request: s2<-s0#0:FAIL-t11. Peer's state: s0@group-018C702B48E5:t11, leader=null, voted=null, raftlog=s0@group-018C702B48E5-SegmentedRaftLog:OPENED:c-1,f-1,i0, conf=-1: [s0:0.0.0.0:34748, s1:0.0.0.0:43419, s2:0.0.0.0:39849], old=null
2019-09-24 17:02:14,574 DEBUG impl.RaftServerImpl (RaftServerImpl.java:requestVote(743)) - s0@group-018C702B48E5: receive requestVote(s1, group-018C702B48E5, 11, (t:2, i:0))
2019-09-24 17:02:14,574 DEBUG impl.RaftServerImpl (RaftServerImpl.java:requestVote(743)) - s2@group-018C702B48E5: receive requestVote(s1, group-018C702B48E5, 11, (t:2, i:0))
2019-09-24 17:02:14,575 DEBUG impl.RaftServerImpl (RaftServerImpl.java:requestVote(775)) - s2@group-018C702B48E5 replies to vote request: s1<-s2#0:FAIL-t11. Peer's state: s2@group-018C702B48E5:t11, leader=null, voted=s2, raftlog=s2@group-018C702B48E5-SegmentedRaftLog:OPENED:c-1,f0,i0, conf=0: [s0:0.0.0.0:34748, s1:0.0.0.0:43419, s2:0.0.0.0:39849], old=null
2019-09-24 17:02:14,588 INFO  impl.LeaderElection (LeaderElection.java:logAndReturn(56)) - s2@group-018C702B48E5-LeaderElection13: Election REJECTED; received 2 response(s) [s2<-s0#0:FAIL-t11, s2<-s1#0:FAIL-t11] and 0 exception(s); s2@group-018C702B48E5:t11, leader=null, voted=s2, raftlog=s2@group-018C702B48E5-SegmentedRaftLog:OPENED:c-1,f0,i0, conf=0: [s0:0.0.0.0:34748, s1:0.0.0.0:43419, s2:0.0.0.0:39849], old=null
2019-09-24 17:02:14,588 INFO  impl.RaftServerImpl (RaftServerImpl.java:setRole(170)) - s2@group-018C702B48E5: changes role from CANDIDATE to FOLLOWER at term 11 for DISCOVERED_A_NEW_TERM
2019-09-24 17:02:14,588 INFO  impl.RoleInfo (RoleInfo.java:shutdownLeaderElection(134)) - s2: shutdown LeaderElection
2019-09-24 17:02:14,589 INFO  impl.RoleInfo (RoleInfo.java:updateAndGet(143)) - s2: start FollowerState
2019-09-24 17:02:14,590 INFO  impl.LeaderElection (LeaderElection.java:askForVotes(178)) - s0@group-018C702B48E5-LeaderElection18: begin an election at term 12 for -1: [s0:0.0.0.0:34748, s1:0.0.0.0:43419, s2:0.0.0.0:39849], old=null
2019-09-24 17:02:14,590 DEBUG impl.RaftServerImpl (RaftServerImpl.java:requestVote(775)) - s0@group-018C702B48E5 replies to vote request: s1<-s0#0:FAIL-t12. Peer's state: s0@group-018C702B48E5:t12, leader=null, voted=s0, raftlog=s0@group-018C702B48E5-SegmentedRaftLog:OPENED:c-1,f-1,i0, conf=-1: [s0:0.0.0.0:34748, s1:0.0.0.0:43419, s2:0.0.0.0:39849], old=null
2019-09-24 17:02:14,591 INFO  impl.LeaderElection (LeaderElection.java:logAndReturn(56)) - s0@group-018C702B48E5-LeaderElection18: Election REJECTED; received 0 response(s) [] and 0 exception(s); s0@group-018C702B48E5:t12, leader=null, voted=s0, raftlog=s0@group-018C702B48E5-SegmentedRaftLog:OPENED:c-1,f-1,i0, conf=-1: [s0:0.0.0.0:34748, s1:0.0.0.0:43419, s2:0.0.0.0:39849], old=null
2019-09-24 17:02:14,591 DEBUG impl.RaftServerImpl (RaftServerImpl.java:requestVote(743)) - s1@group-018C702B48E5: receive requestVote(s0, group-018C702B48E5, 12, (t:0, i:0))
2019-09-24 17:02:14,591 DEBUG impl.RaftServerImpl (RaftServerImpl.java:requestVote(743)) - s2@group-018C702B48E5: receive requestVote(s0, group-018C702B48E5, 12, (t:0, i:0))
2019-09-24 17:02:14,591 INFO  impl.RaftServerImpl (RaftServerImpl.java:setRole(170)) - s1@group-018C702B48E5: changes role from CANDIDATE to FOLLOWER at term 12 for recognizeCandidate:s0
2019-09-24 17:02:14,591 INFO  impl.RaftServerImpl (RaftServerImpl.java:setRole(170)) - s2@group-018C702B48E5: changes role from  FOLLOWER to FOLLOWER at term 12 for recognizeCandidate:s0
2019-09-24 17:02:14,591 INFO  impl.RoleInfo (RoleInfo.java:shutdownLeaderElection(134)) - s1: shutdown LeaderElection
2019-09-24 17:02:14,591 INFO  impl.RoleInfo (RoleInfo.java:shutdownFollowerState(121)) - s2: shutdown FollowerState
2019-09-24 17:02:14,592 INFO  impl.RoleInfo (RoleInfo.java:updateAndGet(143)) - s1: start FollowerState
2019-09-24 17:02:14,592 INFO  impl.RoleInfo (RoleInfo.java:updateAndGet(143)) - s2: start FollowerState
2019-09-24 17:02:14,592 INFO  impl.FollowerState (FollowerState.java:run(117)) - s2@group-018C702B48E5-FollowerState was interrupted: java.lang.InterruptedException: sleep interrupted
2019-09-24 17:02:14,601 INFO  impl.LeaderElection (LeaderElection.java:logAndReturn(56)) - s1@group-018C702B48E5-LeaderElection19: Election DISCOVERED_A_NEW_TERM; received 2 response(s) [s1<-s0#0:FAIL-t12, s1<-s2#0:FAIL-t11] and 0 exception(s); s1@group-018C702B48E5:t12, leader=null, voted=null, raftlog=s1@group-018C702B48E5-SegmentedRaftLog:OPENED:c-1,f0,i0, conf=0: [s0:0.0.0.0:34748, s1:0.0.0.0:43419, s2:0.0.0.0:39849], old=null
2019-09-24 17:02:14,611 DEBUG impl.RaftServerImpl (RaftServerImpl.java:requestVote(775)) - s1@group-018C702B48E5 replies to vote request: s0<-s1#0:FAIL-t12. Peer's state: s1@group-018C702B48E5:t12, leader=null, voted=null, raftlog=s1@group-018C702B48E5-SegmentedRaftLog:OPENED:c-1,f0,i0, conf=0: [s0:0.0.0.0:34748, s1:0.0.0.0:43419, s2:0.0.0.0:39849], old=null
2019-09-24 17:02:14,611 DEBUG impl.RaftServerImpl (RaftServerImpl.java:requestVote(775)) - s2@group-018C702B48E5 replies to vote request: s0<-s2#0:FAIL-t12. Peer's state: s2@group-018C702B48E5:t12, leader=null, voted=null, raftlog=s2@group-018C702B48E5-SegmentedRaftLog:OPENED:c-1,f0,i0, conf=0: [s0:0.0.0.0:34748, s1:0.0.0.0:43419, s2:0.0.0.0:39849], old=null
2019-09-24 17:02:14,825 INFO  impl.FollowerState (FollowerState.java:run(108)) - s1@group-018C702B48E5-FollowerState: change to CANDIDATE, lastRpcTime:233ms, electionTimeout:233ms
2019-09-24 17:02:14,826 INFO  impl.RoleInfo (RoleInfo.java:shutdownFollowerState(121)) - s1: shutdown FollowerState
2019-09-24 17:02:14,826 INFO  impl.RaftServerImpl (RaftServerImpl.java:setRole(170)) - s1@group-018C702B48E5: changes role from  FOLLOWER to CANDIDATE at term 12 for changeToCandidate
2019-09-24 17:02:14,826 INFO  impl.RoleInfo (RoleInfo.java:updateAndGet(143)) - s1: start LeaderElection
2019-09-24 17:02:14,848 WARN  ratis.RaftTestUtil (JavaUtils.java:attempt(158)) - FAILED "waitForLeader-null-(expectLeader? true)", attempt #52/100: java.lang.IllegalStateException: No leader yet : printing ALL groups
  s0:  RUNNING  FOLLOWER s0@group-018C702B48E5:t12, leader=null, voted=s0, raftlog=s0@group-018C702B48E5-SegmentedRaftLog:OPENED:c-1,f-1,i0, conf=-1: [s0:0.0.0.0:34748, s1:0.0.0.0:43419, s2:0.0.0.0:39849], old=null RUNNING
  s1:  RUNNING CANDIDATE s1@group-018C702B48E5:t13, leader=null, voted=s1, raftlog=s1@group-018C702B48E5-SegmentedRaftLog:OPENED:c-1,f0,i0, conf=0: [s0:0.0.0.0:34748, s1:0.0.0.0:43419, s2:0.0.0.0:39849], old=null RUNNING
  s2:  RUNNING  FOLLOWER s2@group-018C702B48E5:t12, leader=null, voted=null, raftlog=s2@group-018C702B48E5-SegmentedRaftLog:OPENED:c-1,f0,i0, conf=0: [s0:0.0.0.0:34748, s1:0.0.0.0:43419, s2:0.0.0.0:39849], old=null RUNNING, sleep 450ms and then retry.
java.lang.IllegalStateException: No leader yet : printing ALL groups
  s0:  RUNNING  FOLLOWER s0@group-018C702B48E5:t12, leader=null, voted=s0, raftlog=s0@group-018C702B48E5-SegmentedRaftLog:OPENED:c-1,f-1,i0, conf=-1: [s0:0.0.0.0:34748, s1:0.0.0.0:43419, s2:0.0.0.0:39849], old=null RUNNING
  s1:  RUNNING CANDIDATE s1@group-018C702B48E5:t13, leader=null, voted=s1, raftlog=s1@group-018C702B48E5-SegmentedRaftLog:OPENED:c-1,f0,i0, conf=0: [s0:0.0.0.0:34748, s1:0.0.0.0:43419, s2:0.0.0.0:39849], old=null RUNNING
  s2:  RUNNING  FOLLOWER s2@group-018C702B48E5:t12, leader=null, voted=null, raftlog=s2@group-018C702B48E5-SegmentedRaftLog:OPENED:c-1,f0,i0, conf=0: [s0:0.0.0.0:34748, s1:0.0.0.0:43419, s2:0.0.0.0:39849], old=null RUNNING
	at org.apache.ratis.MiniRaftCluster.newIllegalStateExceptionForNoLeaders(MiniRaftCluster.java:506)
	at org.apache.ratis.RaftTestUtil.lambda$waitForLeader$1(RaftTestUtil.java:90)
	at org.apache.ratis.MiniRaftCluster.getLeader(MiniRaftCluster.java:539)
	at org.apache.ratis.MiniRaftCluster.getLeader(MiniRaftCluster.java:532)
	at org.apache.ratis.RaftTestUtil.lambda$waitForLeader$3(RaftTestUtil.java:98)
	at org.apache.ratis.util.JavaUtils.attempt(JavaUtils.java:152)
	at org.apache.ratis.RaftTestUtil.waitForLeader(RaftTestUtil.java:97)
	at org.apache.ratis.RaftTestUtil.waitForLeader(RaftTestUtil.java:77)
	at org.apache.ratis.RaftTestUtil.waitForLeader(RaftTestUtil.java:72)
	at org.apache.ratis.server.impl.RaftReconfigurationBaseTest.runTestNoChangeRequest(RaftReconfigurationBaseTest.java:394)
	at org.apache.ratis.MiniRaftCluster$Factory$Get.runWithNewCluster(MiniRaftCluster.java:125)
	at org.apache.ratis.MiniRaftCluster$Factory$Get.runWithNewCluster(MiniRaftCluster.java:113)
	at org.apache.ratis.server.impl.RaftReconfigurationBaseTest.testNoChangeRequest(RaftReconfigurationBaseTest.java:390)
	at sun.reflect.NativeMethodAccessorImpl.invoke0(Native Method)
	at sun.reflect.NativeMethodAccessorImpl.invoke(NativeMethodAccessorImpl.java:62)
	at sun.reflect.DelegatingMethodAccessorImpl.invoke(DelegatingMethodAccessorImpl.java:43)
	at java.lang.reflect.Method.invoke(Method.java:498)
	at org.junit.runners.model.FrameworkMethod$1.runReflectiveCall(FrameworkMethod.java:50)
	at org.junit.internal.runners.model.ReflectiveCallable.run(ReflectiveCallable.java:12)
	at org.junit.runners.model.FrameworkMethod.invokeExplosively(FrameworkMethod.java:47)
	at org.junit.internal.runners.statements.InvokeMethod.evaluate(InvokeMethod.java:17)
	at org.junit.internal.runners.statements.RunAfters.evaluate(RunAfters.java:27)
	at org.junit.internal.runners.statements.FailOnTimeout$CallableStatement.call(FailOnTimeout.java:298)
	at org.junit.internal.runners.statements.FailOnTimeout$CallableStatement.call(FailOnTimeout.java:292)
	at java.util.concurrent.FutureTask.run(FutureTask.java:266)
	at java.lang.Thread.run(Thread.java:748)
2019-09-24 17:02:14,853 INFO  impl.FollowerState (FollowerState.java:run(108)) - s0@group-018C702B48E5-FollowerState: change to CANDIDATE, lastRpcTime:292ms, electionTimeout:292ms
2019-09-24 17:02:14,854 INFO  impl.RoleInfo (RoleInfo.java:shutdownFollowerState(121)) - s0: shutdown FollowerState
2019-09-24 17:02:14,854 INFO  impl.RaftServerImpl (RaftServerImpl.java:setRole(170)) - s0@group-018C702B48E5: changes role from  FOLLOWER to CANDIDATE at term 12 for changeToCandidate
2019-09-24 17:02:14,854 INFO  impl.RoleInfo (RoleInfo.java:updateAndGet(143)) - s0: start LeaderElection
2019-09-24 17:02:14,857 INFO  impl.FollowerState (FollowerState.java:run(108)) - s2@group-018C702B48E5-FollowerState: change to CANDIDATE, lastRpcTime:265ms, electionTimeout:264ms
2019-09-24 17:02:14,858 INFO  impl.RoleInfo (RoleInfo.java:shutdownFollowerState(121)) - s2: shutdown FollowerState
2019-09-24 17:02:14,859 INFO  impl.RaftServerImpl (RaftServerImpl.java:setRole(170)) - s2@group-018C702B48E5: changes role from  FOLLOWER to CANDIDATE at term 12 for changeToCandidate
2019-09-24 17:02:14,859 INFO  impl.RoleInfo (RoleInfo.java:updateAndGet(143)) - s2: start LeaderElection
2019-09-24 17:02:15,043 INFO  impl.LeaderElection (LeaderElection.java:askForVotes(178)) - s0@group-018C702B48E5-LeaderElection21: begin an election at term 13 for -1: [s0:0.0.0.0:34748, s1:0.0.0.0:43419, s2:0.0.0.0:39849], old=null
2019-09-24 17:02:15,043 INFO  impl.LeaderElection (LeaderElection.java:askForVotes(178)) - s2@group-018C702B48E5-LeaderElection22: begin an election at term 13 for 0: [s0:0.0.0.0:34748, s1:0.0.0.0:43419, s2:0.0.0.0:39849], old=null
2019-09-24 17:02:15,043 INFO  impl.LeaderElection (LeaderElection.java:askForVotes(178)) - s1@group-018C702B48E5-LeaderElection20: begin an election at term 13 for 0: [s0:0.0.0.0:34748, s1:0.0.0.0:43419, s2:0.0.0.0:39849], old=null
2019-09-24 17:02:15,045 DEBUG impl.RaftServerImpl (RaftServerImpl.java:requestVote(743)) - s1@group-018C702B48E5: receive requestVote(s0, group-018C702B48E5, 13, (t:0, i:0))
2019-09-24 17:02:15,046 DEBUG impl.RaftServerImpl (RaftServerImpl.java:requestVote(743)) - s0@group-018C702B48E5: receive requestVote(s1, group-018C702B48E5, 13, (t:2, i:0))
2019-09-24 17:02:15,045 DEBUG impl.RaftServerImpl (RaftServerImpl.java:requestVote(743)) - s2@group-018C702B48E5: receive requestVote(s0, group-018C702B48E5, 13, (t:0, i:0))
2019-09-24 17:02:15,046 DEBUG impl.RaftServerImpl (RaftServerImpl.java:requestVote(775)) - s0@group-018C702B48E5 replies to vote request: s1<-s0#0:FAIL-t13. Peer's state: s0@group-018C702B48E5:t13, leader=null, voted=s0, raftlog=s0@group-018C702B48E5-SegmentedRaftLog:OPENED:c-1,f-1,i0, conf=-1: [s0:0.0.0.0:34748, s1:0.0.0.0:43419, s2:0.0.0.0:39849], old=null
2019-09-24 17:02:15,046 DEBUG impl.RaftServerImpl (RaftServerImpl.java:requestVote(743)) - s0@group-018C702B48E5: receive requestVote(s2, group-018C702B48E5, 13, (t:2, i:0))
2019-09-24 17:02:15,046 DEBUG impl.RaftServerImpl (RaftServerImpl.java:requestVote(743)) - s2@group-018C702B48E5: receive requestVote(s1, group-018C702B48E5, 13, (t:2, i:0))
2019-09-24 17:02:15,047 DEBUG impl.RaftServerImpl (RaftServerImpl.java:requestVote(775)) - s0@group-018C702B48E5 replies to vote request: s2<-s0#0:FAIL-t13. Peer's state: s0@group-018C702B48E5:t13, leader=null, voted=s0, raftlog=s0@group-018C702B48E5-SegmentedRaftLog:OPENED:c-1,f-1,i0, conf=-1: [s0:0.0.0.0:34748, s1:0.0.0.0:43419, s2:0.0.0.0:39849], old=null
2019-09-24 17:02:15,046 DEBUG impl.RaftServerImpl (RaftServerImpl.java:requestVote(775)) - s1@group-018C702B48E5 replies to vote request: s0<-s1#0:FAIL-t13. Peer's state: s1@group-018C702B48E5:t13, leader=null, voted=s1, raftlog=s1@group-018C702B48E5-SegmentedRaftLog:OPENED:c-1,f0,i0, conf=0: [s0:0.0.0.0:34748, s1:0.0.0.0:43419, s2:0.0.0.0:39849], old=null
2019-09-24 17:02:15,046 DEBUG impl.RaftServerImpl (RaftServerImpl.java:requestVote(743)) - s1@group-018C702B48E5: receive requestVote(s2, group-018C702B48E5, 13, (t:2, i:0))
2019-09-24 17:02:15,046 DEBUG impl.RaftServerImpl (RaftServerImpl.java:requestVote(775)) - s2@group-018C702B48E5 replies to vote request: s0<-s2#0:FAIL-t13. Peer's state: s2@group-018C702B48E5:t13, leader=null, voted=s2, raftlog=s2@group-018C702B48E5-SegmentedRaftLog:OPENED:c-1,f0,i0, conf=0: [s0:0.0.0.0:34748, s1:0.0.0.0:43419, s2:0.0.0.0:39849], old=null
2019-09-24 17:02:15,047 DEBUG impl.RaftServerImpl (RaftServerImpl.java:requestVote(775)) - s1@group-018C702B48E5 replies to vote request: s2<-s1#0:FAIL-t13. Peer's state: s1@group-018C702B48E5:t13, leader=null, voted=s1, raftlog=s1@group-018C702B48E5-SegmentedRaftLog:OPENED:c-1,f0,i0, conf=0: [s0:0.0.0.0:34748, s1:0.0.0.0:43419, s2:0.0.0.0:39849], old=null
2019-09-24 17:02:15,048 DEBUG impl.RaftServerImpl (RaftServerImpl.java:requestVote(775)) - s2@group-018C702B48E5 replies to vote request: s1<-s2#0:FAIL-t13. Peer's state: s2@group-018C702B48E5:t13, leader=null, voted=s2, raftlog=s2@group-018C702B48E5-SegmentedRaftLog:OPENED:c-1,f0,i0, conf=0: [s0:0.0.0.0:34748, s1:0.0.0.0:43419, s2:0.0.0.0:39849], old=null
2019-09-24 17:02:15,061 INFO  impl.LeaderElection (LeaderElection.java:logAndReturn(56)) - s0@group-018C702B48E5-LeaderElection21: Election REJECTED; received 2 response(s) [s0<-s1#0:FAIL-t13, s0<-s2#0:FAIL-t13] and 0 exception(s); s0@group-018C702B48E5:t13, leader=null, voted=s0, raftlog=s0@group-018C702B48E5-SegmentedRaftLog:OPENED:c-1,f-1,i0, conf=-1: [s0:0.0.0.0:34748, s1:0.0.0.0:43419, s2:0.0.0.0:39849], old=null
2019-09-24 17:02:15,061 INFO  impl.RaftServerImpl (RaftServerImpl.java:setRole(170)) - s0@group-018C702B48E5: changes role from CANDIDATE to FOLLOWER at term 13 for DISCOVERED_A_NEW_TERM
2019-09-24 17:02:15,062 INFO  impl.RoleInfo (RoleInfo.java:shutdownLeaderElection(134)) - s0: shutdown LeaderElection
2019-09-24 17:02:15,062 INFO  impl.RoleInfo (RoleInfo.java:updateAndGet(143)) - s0: start FollowerState
2019-09-24 17:02:15,064 INFO  impl.LeaderElection (LeaderElection.java:logAndReturn(56)) - s2@group-018C702B48E5-LeaderElection22: Election REJECTED; received 2 response(s) [s2<-s0#0:FAIL-t13, s2<-s1#0:FAIL-t13] and 0 exception(s); s2@group-018C702B48E5:t13, leader=null, voted=s2, raftlog=s2@group-018C702B48E5-SegmentedRaftLog:OPENED:c-1,f0,i0, conf=0: [s0:0.0.0.0:34748, s1:0.0.0.0:43419, s2:0.0.0.0:39849], old=null
2019-09-24 17:02:15,064 INFO  impl.RaftServerImpl (RaftServerImpl.java:setRole(170)) - s2@group-018C702B48E5: changes role from CANDIDATE to FOLLOWER at term 13 for DISCOVERED_A_NEW_TERM
2019-09-24 17:02:15,065 INFO  impl.RoleInfo (RoleInfo.java:shutdownLeaderElection(134)) - s2: shutdown LeaderElection
2019-09-24 17:02:15,065 INFO  impl.RoleInfo (RoleInfo.java:updateAndGet(143)) - s2: start FollowerState
2019-09-24 17:02:15,067 INFO  impl.LeaderElection (LeaderElection.java:logAndReturn(56)) - s1@group-018C702B48E5-LeaderElection20: Election REJECTED; received 2 response(s) [s1<-s0#0:FAIL-t13, s1<-s2#0:FAIL-t13] and 0 exception(s); s1@group-018C702B48E5:t13, leader=null, voted=s1, raftlog=s1@group-018C702B48E5-SegmentedRaftLog:OPENED:c-1,f0,i0, conf=0: [s0:0.0.0.0:34748, s1:0.0.0.0:43419, s2:0.0.0.0:39849], old=null
2019-09-24 17:02:15,067 INFO  impl.RaftServerImpl (RaftServerImpl.java:setRole(170)) - s1@group-018C702B48E5: changes role from CANDIDATE to FOLLOWER at term 13 for DISCOVERED_A_NEW_TERM
2019-09-24 17:02:15,068 INFO  impl.RoleInfo (RoleInfo.java:shutdownLeaderElection(134)) - s1: shutdown LeaderElection
2019-09-24 17:02:15,068 INFO  impl.RoleInfo (RoleInfo.java:updateAndGet(143)) - s1: start FollowerState
2019-09-24 17:02:15,227 INFO  impl.FollowerState (FollowerState.java:run(108)) - s0@group-018C702B48E5-FollowerState: change to CANDIDATE, lastRpcTime:164ms, electionTimeout:164ms
2019-09-24 17:02:15,227 INFO  impl.RoleInfo (RoleInfo.java:shutdownFollowerState(121)) - s0: shutdown FollowerState
2019-09-24 17:02:15,227 INFO  impl.RaftServerImpl (RaftServerImpl.java:setRole(170)) - s0@group-018C702B48E5: changes role from  FOLLOWER to CANDIDATE at term 13 for changeToCandidate
2019-09-24 17:02:15,227 INFO  impl.RoleInfo (RoleInfo.java:updateAndGet(143)) - s0: start LeaderElection
2019-09-24 17:02:15,240 INFO  impl.FollowerState (FollowerState.java:run(108)) - s2@group-018C702B48E5-FollowerState: change to CANDIDATE, lastRpcTime:174ms, electionTimeout:174ms
2019-09-24 17:02:15,240 INFO  impl.RoleInfo (RoleInfo.java:shutdownFollowerState(121)) - s2: shutdown FollowerState
2019-09-24 17:02:15,240 INFO  impl.RaftServerImpl (RaftServerImpl.java:setRole(170)) - s2@group-018C702B48E5: changes role from  FOLLOWER to CANDIDATE at term 13 for changeToCandidate
2019-09-24 17:02:15,240 INFO  impl.RoleInfo (RoleInfo.java:updateAndGet(143)) - s2: start LeaderElection
2019-09-24 17:02:15,300 WARN  ratis.RaftTestUtil (JavaUtils.java:attempt(158)) - FAILED "waitForLeader-null-(expectLeader? true)", attempt #53/100: java.lang.IllegalStateException: No leader yet : printing ALL groups
  s0:  RUNNING CANDIDATE s0@group-018C702B48E5:t14, leader=null, voted=s0, raftlog=s0@group-018C702B48E5-SegmentedRaftLog:OPENED:c-1,f-1,i0, conf=-1: [s0:0.0.0.0:34748, s1:0.0.0.0:43419, s2:0.0.0.0:39849], old=null RUNNING
  s1:  RUNNING  FOLLOWER s1@group-018C702B48E5:t13, leader=null, voted=s1, raftlog=s1@group-018C702B48E5-SegmentedRaftLog:OPENED:c-1,f0,i0, conf=0: [s0:0.0.0.0:34748, s1:0.0.0.0:43419, s2:0.0.0.0:39849], old=null RUNNING
  s2:  RUNNING CANDIDATE s2@group-018C702B48E5:t14, leader=null, voted=s2, raftlog=s2@group-018C702B48E5-SegmentedRaftLog:OPENED:c-1,f0,i0, conf=0: [s0:0.0.0.0:34748, s1:0.0.0.0:43419, s2:0.0.0.0:39849], old=null RUNNING, sleep 450ms and then retry.
java.lang.IllegalStateException: No leader yet : printing ALL groups
  s0:  RUNNING CANDIDATE s0@group-018C702B48E5:t14, leader=null, voted=s0, raftlog=s0@group-018C702B48E5-SegmentedRaftLog:OPENED:c-1,f-1,i0, conf=-1: [s0:0.0.0.0:34748, s1:0.0.0.0:43419, s2:0.0.0.0:39849], old=null RUNNING
  s1:  RUNNING  FOLLOWER s1@group-018C702B48E5:t13, leader=null, voted=s1, raftlog=s1@group-018C702B48E5-SegmentedRaftLog:OPENED:c-1,f0,i0, conf=0: [s0:0.0.0.0:34748, s1:0.0.0.0:43419, s2:0.0.0.0:39849], old=null RUNNING
  s2:  RUNNING CANDIDATE s2@group-018C702B48E5:t14, leader=null, voted=s2, raftlog=s2@group-018C702B48E5-SegmentedRaftLog:OPENED:c-1,f0,i0, conf=0: [s0:0.0.0.0:34748, s1:0.0.0.0:43419, s2:0.0.0.0:39849], old=null RUNNING
	at org.apache.ratis.MiniRaftCluster.newIllegalStateExceptionForNoLeaders(MiniRaftCluster.java:506)
	at org.apache.ratis.RaftTestUtil.lambda$waitForLeader$1(RaftTestUtil.java:90)
	at org.apache.ratis.MiniRaftCluster.getLeader(MiniRaftCluster.java:539)
	at org.apache.ratis.MiniRaftCluster.getLeader(MiniRaftCluster.java:532)
	at org.apache.ratis.RaftTestUtil.lambda$waitForLeader$3(RaftTestUtil.java:98)
	at org.apache.ratis.util.JavaUtils.attempt(JavaUtils.java:152)
	at org.apache.ratis.RaftTestUtil.waitForLeader(RaftTestUtil.java:97)
	at org.apache.ratis.RaftTestUtil.waitForLeader(RaftTestUtil.java:77)
	at org.apache.ratis.RaftTestUtil.waitForLeader(RaftTestUtil.java:72)
	at org.apache.ratis.server.impl.RaftReconfigurationBaseTest.runTestNoChangeRequest(RaftReconfigurationBaseTest.java:394)
	at org.apache.ratis.MiniRaftCluster$Factory$Get.runWithNewCluster(MiniRaftCluster.java:125)
	at org.apache.ratis.MiniRaftCluster$Factory$Get.runWithNewCluster(MiniRaftCluster.java:113)
	at org.apache.ratis.server.impl.RaftReconfigurationBaseTest.testNoChangeRequest(RaftReconfigurationBaseTest.java:390)
	at sun.reflect.NativeMethodAccessorImpl.invoke0(Native Method)
	at sun.reflect.NativeMethodAccessorImpl.invoke(NativeMethodAccessorImpl.java:62)
	at sun.reflect.DelegatingMethodAccessorImpl.invoke(DelegatingMethodAccessorImpl.java:43)
	at java.lang.reflect.Method.invoke(Method.java:498)
	at org.junit.runners.model.FrameworkMethod$1.runReflectiveCall(FrameworkMethod.java:50)
	at org.junit.internal.runners.model.ReflectiveCallable.run(ReflectiveCallable.java:12)
	at org.junit.runners.model.FrameworkMethod.invokeExplosively(FrameworkMethod.java:47)
	at org.junit.internal.runners.statements.InvokeMethod.evaluate(InvokeMethod.java:17)
	at org.junit.internal.runners.statements.RunAfters.evaluate(RunAfters.java:27)
	at org.junit.internal.runners.statements.FailOnTimeout$CallableStatement.call(FailOnTimeout.java:298)
	at org.junit.internal.runners.statements.FailOnTimeout$CallableStatement.call(FailOnTimeout.java:292)
	at java.util.concurrent.FutureTask.run(FutureTask.java:266)
	at java.lang.Thread.run(Thread.java:748)
2019-09-24 17:02:15,301 INFO  impl.FollowerState (FollowerState.java:run(108)) - s1@group-018C702B48E5-FollowerState: change to CANDIDATE, lastRpcTime:232ms, electionTimeout:232ms
2019-09-24 17:02:15,301 INFO  impl.RoleInfo (RoleInfo.java:shutdownFollowerState(121)) - s1: shutdown FollowerState
2019-09-24 17:02:15,301 INFO  impl.RaftServerImpl (RaftServerImpl.java:setRole(170)) - s1@group-018C702B48E5: changes role from  FOLLOWER to CANDIDATE at term 13 for changeToCandidate
2019-09-24 17:02:15,301 INFO  impl.RoleInfo (RoleInfo.java:updateAndGet(143)) - s1: start LeaderElection
2019-09-24 17:02:15,752 WARN  ratis.RaftTestUtil (JavaUtils.java:attempt(158)) - FAILED "waitForLeader-null-(expectLeader? true)", attempt #54/100: java.lang.IllegalStateException: No leader yet : printing ALL groups
  s0:  RUNNING CANDIDATE s0@group-018C702B48E5:t14, leader=null, voted=s0, raftlog=s0@group-018C702B48E5-SegmentedRaftLog:OPENED:c-1,f-1,i0, conf=-1: [s0:0.0.0.0:34748, s1:0.0.0.0:43419, s2:0.0.0.0:39849], old=null RUNNING
  s1:  RUNNING CANDIDATE s1@group-018C702B48E5:t14, leader=null, voted=s1, raftlog=s1@group-018C702B48E5-SegmentedRaftLog:OPENED:c-1,f0,i0, conf=0: [s0:0.0.0.0:34748, s1:0.0.0.0:43419, s2:0.0.0.0:39849], old=null RUNNING
  s2:  RUNNING CANDIDATE s2@group-018C702B48E5:t14, leader=null, voted=s2, raftlog=s2@group-018C702B48E5-SegmentedRaftLog:OPENED:c-1,f0,i0, conf=0: [s0:0.0.0.0:34748, s1:0.0.0.0:43419, s2:0.0.0.0:39849], old=null RUNNING, sleep 450ms and then retry.
java.lang.IllegalStateException: No leader yet : printing ALL groups
  s0:  RUNNING CANDIDATE s0@group-018C702B48E5:t14, leader=null, voted=s0, raftlog=s0@group-018C702B48E5-SegmentedRaftLog:OPENED:c-1,f-1,i0, conf=-1: [s0:0.0.0.0:34748, s1:0.0.0.0:43419, s2:0.0.0.0:39849], old=null RUNNING
  s1:  RUNNING CANDIDATE s1@group-018C702B48E5:t14, leader=null, voted=s1, raftlog=s1@group-018C702B48E5-SegmentedRaftLog:OPENED:c-1,f0,i0, conf=0: [s0:0.0.0.0:34748, s1:0.0.0.0:43419, s2:0.0.0.0:39849], old=null RUNNING
  s2:  RUNNING CANDIDATE s2@group-018C702B48E5:t14, leader=null, voted=s2, raftlog=s2@group-018C702B48E5-SegmentedRaftLog:OPENED:c-1,f0,i0, conf=0: [s0:0.0.0.0:34748, s1:0.0.0.0:43419, s2:0.0.0.0:39849], old=null RUNNING
	at org.apache.ratis.MiniRaftCluster.newIllegalStateExceptionForNoLeaders(MiniRaftCluster.java:506)
	at org.apache.ratis.RaftTestUtil.lambda$waitForLeader$1(RaftTestUtil.java:90)
	at org.apache.ratis.MiniRaftCluster.getLeader(MiniRaftCluster.java:539)
	at org.apache.ratis.MiniRaftCluster.getLeader(MiniRaftCluster.java:532)
	at org.apache.ratis.RaftTestUtil.lambda$waitForLeader$3(RaftTestUtil.java:98)
	at org.apache.ratis.util.JavaUtils.attempt(JavaUtils.java:152)
	at org.apache.ratis.RaftTestUtil.waitForLeader(RaftTestUtil.java:97)
	at org.apache.ratis.RaftTestUtil.waitForLeader(RaftTestUtil.java:77)
	at org.apache.ratis.RaftTestUtil.waitForLeader(RaftTestUtil.java:72)
	at org.apache.ratis.server.impl.RaftReconfigurationBaseTest.runTestNoChangeRequest(RaftReconfigurationBaseTest.java:394)
	at org.apache.ratis.MiniRaftCluster$Factory$Get.runWithNewCluster(MiniRaftCluster.java:125)
	at org.apache.ratis.MiniRaftCluster$Factory$Get.runWithNewCluster(MiniRaftCluster.java:113)
	at org.apache.ratis.server.impl.RaftReconfigurationBaseTest.testNoChangeRequest(RaftReconfigurationBaseTest.java:390)
	at sun.reflect.NativeMethodAccessorImpl.invoke0(Native Method)
	at sun.reflect.NativeMethodAccessorImpl.invoke(NativeMethodAccessorImpl.java:62)
	at sun.reflect.DelegatingMethodAccessorImpl.invoke(DelegatingMethodAccessorImpl.java:43)
	at java.lang.reflect.Method.invoke(Method.java:498)
	at org.junit.runners.model.FrameworkMethod$1.runReflectiveCall(FrameworkMethod.java:50)
	at org.junit.internal.runners.model.ReflectiveCallable.run(ReflectiveCallable.java:12)
	at org.junit.runners.model.FrameworkMethod.invokeExplosively(FrameworkMethod.java:47)
	at org.junit.internal.runners.statements.InvokeMethod.evaluate(InvokeMethod.java:17)
	at org.junit.internal.runners.statements.RunAfters.evaluate(RunAfters.java:27)
	at org.junit.internal.runners.statements.FailOnTimeout$CallableStatement.call(FailOnTimeout.java:298)
	at org.junit.internal.runners.statements.FailOnTimeout$CallableStatement.call(FailOnTimeout.java:292)
	at java.util.concurrent.FutureTask.run(FutureTask.java:266)
	at java.lang.Thread.run(Thread.java:748)
2019-09-24 17:02:16,204 WARN  ratis.RaftTestUtil (JavaUtils.java:attempt(158)) - FAILED "waitForLeader-null-(expectLeader? true)", attempt #55/100: java.lang.IllegalStateException: No leader yet : printing ALL groups
  s0:  RUNNING CANDIDATE s0@group-018C702B48E5:t14, leader=null, voted=s0, raftlog=s0@group-018C702B48E5-SegmentedRaftLog:OPENED:c-1,f-1,i0, conf=-1: [s0:0.0.0.0:34748, s1:0.0.0.0:43419, s2:0.0.0.0:39849], old=null RUNNING
  s1:  RUNNING CANDIDATE s1@group-018C702B48E5:t14, leader=null, voted=s1, raftlog=s1@group-018C702B48E5-SegmentedRaftLog:OPENED:c-1,f0,i0, conf=0: [s0:0.0.0.0:34748, s1:0.0.0.0:43419, s2:0.0.0.0:39849], old=null RUNNING
  s2:  RUNNING CANDIDATE s2@group-018C702B48E5:t14, leader=null, voted=s2, raftlog=s2@group-018C702B48E5-SegmentedRaftLog:OPENED:c-1,f0,i0, conf=0: [s0:0.0.0.0:34748, s1:0.0.0.0:43419, s2:0.0.0.0:39849], old=null RUNNING, sleep 450ms and then retry.
java.lang.IllegalStateException: No leader yet : printing ALL groups
  s0:  RUNNING CANDIDATE s0@group-018C702B48E5:t14, leader=null, voted=s0, raftlog=s0@group-018C702B48E5-SegmentedRaftLog:OPENED:c-1,f-1,i0, conf=-1: [s0:0.0.0.0:34748, s1:0.0.0.0:43419, s2:0.0.0.0:39849], old=null RUNNING
  s1:  RUNNING CANDIDATE s1@group-018C702B48E5:t14, leader=null, voted=s1, raftlog=s1@group-018C702B48E5-SegmentedRaftLog:OPENED:c-1,f0,i0, conf=0: [s0:0.0.0.0:34748, s1:0.0.0.0:43419, s2:0.0.0.0:39849], old=null RUNNING
  s2:  RUNNING CANDIDATE s2@group-018C702B48E5:t14, leader=null, voted=s2, raftlog=s2@group-018C702B48E5-SegmentedRaftLog:OPENED:c-1,f0,i0, conf=0: [s0:0.0.0.0:34748, s1:0.0.0.0:43419, s2:0.0.0.0:39849], old=null RUNNING
	at org.apache.ratis.MiniRaftCluster.newIllegalStateExceptionForNoLeaders(MiniRaftCluster.java:506)
	at org.apache.ratis.RaftTestUtil.lambda$waitForLeader$1(RaftTestUtil.java:90)
	at org.apache.ratis.MiniRaftCluster.getLeader(MiniRaftCluster.java:539)
	at org.apache.ratis.MiniRaftCluster.getLeader(MiniRaftCluster.java:532)
	at org.apache.ratis.RaftTestUtil.lambda$waitForLeader$3(RaftTestUtil.java:98)
	at org.apache.ratis.util.JavaUtils.attempt(JavaUtils.java:152)
	at org.apache.ratis.RaftTestUtil.waitForLeader(RaftTestUtil.java:97)
	at org.apache.ratis.RaftTestUtil.waitForLeader(RaftTestUtil.java:77)
	at org.apache.ratis.RaftTestUtil.waitForLeader(RaftTestUtil.java:72)
	at org.apache.ratis.server.impl.RaftReconfigurationBaseTest.runTestNoChangeRequest(RaftReconfigurationBaseTest.java:394)
	at org.apache.ratis.MiniRaftCluster$Factory$Get.runWithNewCluster(MiniRaftCluster.java:125)
	at org.apache.ratis.MiniRaftCluster$Factory$Get.runWithNewCluster(MiniRaftCluster.java:113)
	at org.apache.ratis.server.impl.RaftReconfigurationBaseTest.testNoChangeRequest(RaftReconfigurationBaseTest.java:390)
	at sun.reflect.NativeMethodAccessorImpl.invoke0(Native Method)
	at sun.reflect.NativeMethodAccessorImpl.invoke(NativeMethodAccessorImpl.java:62)
	at sun.reflect.DelegatingMethodAccessorImpl.invoke(DelegatingMethodAccessorImpl.java:43)
	at java.lang.reflect.Method.invoke(Method.java:498)
	at org.junit.runners.model.FrameworkMethod$1.runReflectiveCall(FrameworkMethod.java:50)
	at org.junit.internal.runners.model.ReflectiveCallable.run(ReflectiveCallable.java:12)
	at org.junit.runners.model.FrameworkMethod.invokeExplosively(FrameworkMethod.java:47)
	at org.junit.internal.runners.statements.InvokeMethod.evaluate(InvokeMethod.java:17)
	at org.junit.internal.runners.statements.RunAfters.evaluate(RunAfters.java:27)
	at org.junit.internal.runners.statements.FailOnTimeout$CallableStatement.call(FailOnTimeout.java:298)
	at org.junit.internal.runners.statements.FailOnTimeout$CallableStatement.call(FailOnTimeout.java:292)
	at java.util.concurrent.FutureTask.run(FutureTask.java:266)
	at java.lang.Thread.run(Thread.java:748)
2019-09-24 17:02:16,656 WARN  ratis.RaftTestUtil (JavaUtils.java:attempt(158)) - FAILED "waitForLeader-null-(expectLeader? true)", attempt #56/100: java.lang.IllegalStateException: No leader yet : printing ALL groups
  s0:  RUNNING CANDIDATE s0@group-018C702B48E5:t14, leader=null, voted=s0, raftlog=s0@group-018C702B48E5-SegmentedRaftLog:OPENED:c-1,f-1,i0, conf=-1: [s0:0.0.0.0:34748, s1:0.0.0.0:43419, s2:0.0.0.0:39849], old=null RUNNING
  s1:  RUNNING CANDIDATE s1@group-018C702B48E5:t14, leader=null, voted=s1, raftlog=s1@group-018C702B48E5-SegmentedRaftLog:OPENED:c-1,f0,i0, conf=0: [s0:0.0.0.0:34748, s1:0.0.0.0:43419, s2:0.0.0.0:39849], old=null RUNNING
  s2:  RUNNING CANDIDATE s2@group-018C702B48E5:t14, leader=null, voted=s2, raftlog=s2@group-018C702B48E5-SegmentedRaftLog:OPENED:c-1,f0,i0, conf=0: [s0:0.0.0.0:34748, s1:0.0.0.0:43419, s2:0.0.0.0:39849], old=null RUNNING, sleep 450ms and then retry.
java.lang.IllegalStateException: No leader yet : printing ALL groups
  s0:  RUNNING CANDIDATE s0@group-018C702B48E5:t14, leader=null, voted=s0, raftlog=s0@group-018C702B48E5-SegmentedRaftLog:OPENED:c-1,f-1,i0, conf=-1: [s0:0.0.0.0:34748, s1:0.0.0.0:43419, s2:0.0.0.0:39849], old=null RUNNING
  s1:  RUNNING CANDIDATE s1@group-018C702B48E5:t14, leader=null, voted=s1, raftlog=s1@group-018C702B48E5-SegmentedRaftLog:OPENED:c-1,f0,i0, conf=0: [s0:0.0.0.0:34748, s1:0.0.0.0:43419, s2:0.0.0.0:39849], old=null RUNNING
  s2:  RUNNING CANDIDATE s2@group-018C702B48E5:t14, leader=null, voted=s2, raftlog=s2@group-018C702B48E5-SegmentedRaftLog:OPENED:c-1,f0,i0, conf=0: [s0:0.0.0.0:34748, s1:0.0.0.0:43419, s2:0.0.0.0:39849], old=null RUNNING
	at org.apache.ratis.MiniRaftCluster.newIllegalStateExceptionForNoLeaders(MiniRaftCluster.java:506)
	at org.apache.ratis.RaftTestUtil.lambda$waitForLeader$1(RaftTestUtil.java:90)
	at org.apache.ratis.MiniRaftCluster.getLeader(MiniRaftCluster.java:539)
	at org.apache.ratis.MiniRaftCluster.getLeader(MiniRaftCluster.java:532)
	at org.apache.ratis.RaftTestUtil.lambda$waitForLeader$3(RaftTestUtil.java:98)
	at org.apache.ratis.util.JavaUtils.attempt(JavaUtils.java:152)
	at org.apache.ratis.RaftTestUtil.waitForLeader(RaftTestUtil.java:97)
	at org.apache.ratis.RaftTestUtil.waitForLeader(RaftTestUtil.java:77)
	at org.apache.ratis.RaftTestUtil.waitForLeader(RaftTestUtil.java:72)
	at org.apache.ratis.server.impl.RaftReconfigurationBaseTest.runTestNoChangeRequest(RaftReconfigurationBaseTest.java:394)
	at org.apache.ratis.MiniRaftCluster$Factory$Get.runWithNewCluster(MiniRaftCluster.java:125)
	at org.apache.ratis.MiniRaftCluster$Factory$Get.runWithNewCluster(MiniRaftCluster.java:113)
	at org.apache.ratis.server.impl.RaftReconfigurationBaseTest.testNoChangeRequest(RaftReconfigurationBaseTest.java:390)
	at sun.reflect.NativeMethodAccessorImpl.invoke0(Native Method)
	at sun.reflect.NativeMethodAccessorImpl.invoke(NativeMethodAccessorImpl.java:62)
	at sun.reflect.DelegatingMethodAccessorImpl.invoke(DelegatingMethodAccessorImpl.java:43)
	at java.lang.reflect.Method.invoke(Method.java:498)
	at org.junit.runners.model.FrameworkMethod$1.runReflectiveCall(FrameworkMethod.java:50)
	at org.junit.internal.runners.model.ReflectiveCallable.run(ReflectiveCallable.java:12)
	at org.junit.runners.model.FrameworkMethod.invokeExplosively(FrameworkMethod.java:47)
	at org.junit.internal.runners.statements.InvokeMethod.evaluate(InvokeMethod.java:17)
	at org.junit.internal.runners.statements.RunAfters.evaluate(RunAfters.java:27)
	at org.junit.internal.runners.statements.FailOnTimeout$CallableStatement.call(FailOnTimeout.java:298)
	at org.junit.internal.runners.statements.FailOnTimeout$CallableStatement.call(FailOnTimeout.java:292)
	at java.util.concurrent.FutureTask.run(FutureTask.java:266)
	at java.lang.Thread.run(Thread.java:748)
2019-09-24 17:02:17,108 WARN  ratis.RaftTestUtil (JavaUtils.java:attempt(158)) - FAILED "waitForLeader-null-(expectLeader? true)", attempt #57/100: java.lang.IllegalStateException: No leader yet : printing ALL groups
  s0:  RUNNING CANDIDATE s0@group-018C702B48E5:t14, leader=null, voted=s0, raftlog=s0@group-018C702B48E5-SegmentedRaftLog:OPENED:c-1,f-1,i0, conf=-1: [s0:0.0.0.0:34748, s1:0.0.0.0:43419, s2:0.0.0.0:39849], old=null RUNNING
  s1:  RUNNING CANDIDATE s1@group-018C702B48E5:t14, leader=null, voted=s1, raftlog=s1@group-018C702B48E5-SegmentedRaftLog:OPENED:c-1,f0,i0, conf=0: [s0:0.0.0.0:34748, s1:0.0.0.0:43419, s2:0.0.0.0:39849], old=null RUNNING
  s2:  RUNNING CANDIDATE s2@group-018C702B48E5:t14, leader=null, voted=s2, raftlog=s2@group-018C702B48E5-SegmentedRaftLog:OPENED:c-1,f0,i0, conf=0: [s0:0.0.0.0:34748, s1:0.0.0.0:43419, s2:0.0.0.0:39849], old=null RUNNING, sleep 450ms and then retry.
java.lang.IllegalStateException: No leader yet : printing ALL groups
  s0:  RUNNING CANDIDATE s0@group-018C702B48E5:t14, leader=null, voted=s0, raftlog=s0@group-018C702B48E5-SegmentedRaftLog:OPENED:c-1,f-1,i0, conf=-1: [s0:0.0.0.0:34748, s1:0.0.0.0:43419, s2:0.0.0.0:39849], old=null RUNNING
  s1:  RUNNING CANDIDATE s1@group-018C702B48E5:t14, leader=null, voted=s1, raftlog=s1@group-018C702B48E5-SegmentedRaftLog:OPENED:c-1,f0,i0, conf=0: [s0:0.0.0.0:34748, s1:0.0.0.0:43419, s2:0.0.0.0:39849], old=null RUNNING
  s2:  RUNNING CANDIDATE s2@group-018C702B48E5:t14, leader=null, voted=s2, raftlog=s2@group-018C702B48E5-SegmentedRaftLog:OPENED:c-1,f0,i0, conf=0: [s0:0.0.0.0:34748, s1:0.0.0.0:43419, s2:0.0.0.0:39849], old=null RUNNING
	at org.apache.ratis.MiniRaftCluster.newIllegalStateExceptionForNoLeaders(MiniRaftCluster.java:506)
	at org.apache.ratis.RaftTestUtil.lambda$waitForLeader$1(RaftTestUtil.java:90)
	at org.apache.ratis.MiniRaftCluster.getLeader(MiniRaftCluster.java:539)
	at org.apache.ratis.MiniRaftCluster.getLeader(MiniRaftCluster.java:532)
	at org.apache.ratis.RaftTestUtil.lambda$waitForLeader$3(RaftTestUtil.java:98)
	at org.apache.ratis.util.JavaUtils.attempt(JavaUtils.java:152)
	at org.apache.ratis.RaftTestUtil.waitForLeader(RaftTestUtil.java:97)
	at org.apache.ratis.RaftTestUtil.waitForLeader(RaftTestUtil.java:77)
	at org.apache.ratis.RaftTestUtil.waitForLeader(RaftTestUtil.java:72)
	at org.apache.ratis.server.impl.RaftReconfigurationBaseTest.runTestNoChangeRequest(RaftReconfigurationBaseTest.java:394)
	at org.apache.ratis.MiniRaftCluster$Factory$Get.runWithNewCluster(MiniRaftCluster.java:125)
	at org.apache.ratis.MiniRaftCluster$Factory$Get.runWithNewCluster(MiniRaftCluster.java:113)
	at org.apache.ratis.server.impl.RaftReconfigurationBaseTest.testNoChangeRequest(RaftReconfigurationBaseTest.java:390)
	at sun.reflect.NativeMethodAccessorImpl.invoke0(Native Method)
	at sun.reflect.NativeMethodAccessorImpl.invoke(NativeMethodAccessorImpl.java:62)
	at sun.reflect.DelegatingMethodAccessorImpl.invoke(DelegatingMethodAccessorImpl.java:43)
	at java.lang.reflect.Method.invoke(Method.java:498)
	at org.junit.runners.model.FrameworkMethod$1.runReflectiveCall(FrameworkMethod.java:50)
	at org.junit.internal.runners.model.ReflectiveCallable.run(ReflectiveCallable.java:12)
	at org.junit.runners.model.FrameworkMethod.invokeExplosively(FrameworkMethod.java:47)
	at org.junit.internal.runners.statements.InvokeMethod.evaluate(InvokeMethod.java:17)
	at org.junit.internal.runners.statements.RunAfters.evaluate(RunAfters.java:27)
	at org.junit.internal.runners.statements.FailOnTimeout$CallableStatement.call(FailOnTimeout.java:298)
	at org.junit.internal.runners.statements.FailOnTimeout$CallableStatement.call(FailOnTimeout.java:292)
	at java.util.concurrent.FutureTask.run(FutureTask.java:266)
	at java.lang.Thread.run(Thread.java:748)
2019-09-24 17:02:17,560 WARN  ratis.RaftTestUtil (JavaUtils.java:attempt(158)) - FAILED "waitForLeader-null-(expectLeader? true)", attempt #58/100: java.lang.IllegalStateException: No leader yet : printing ALL groups
  s0:  RUNNING CANDIDATE s0@group-018C702B48E5:t14, leader=null, voted=s0, raftlog=s0@group-018C702B48E5-SegmentedRaftLog:OPENED:c-1,f-1,i0, conf=-1: [s0:0.0.0.0:34748, s1:0.0.0.0:43419, s2:0.0.0.0:39849], old=null RUNNING
  s1:  RUNNING CANDIDATE s1@group-018C702B48E5:t14, leader=null, voted=s1, raftlog=s1@group-018C702B48E5-SegmentedRaftLog:OPENED:c-1,f0,i0, conf=0: [s0:0.0.0.0:34748, s1:0.0.0.0:43419, s2:0.0.0.0:39849], old=null RUNNING
  s2:  RUNNING CANDIDATE s2@group-018C702B48E5:t14, leader=null, voted=s2, raftlog=s2@group-018C702B48E5-SegmentedRaftLog:OPENED:c-1,f0,i0, conf=0: [s0:0.0.0.0:34748, s1:0.0.0.0:43419, s2:0.0.0.0:39849], old=null RUNNING, sleep 450ms and then retry.
java.lang.IllegalStateException: No leader yet : printing ALL groups
  s0:  RUNNING CANDIDATE s0@group-018C702B48E5:t14, leader=null, voted=s0, raftlog=s0@group-018C702B48E5-SegmentedRaftLog:OPENED:c-1,f-1,i0, conf=-1: [s0:0.0.0.0:34748, s1:0.0.0.0:43419, s2:0.0.0.0:39849], old=null RUNNING
  s1:  RUNNING CANDIDATE s1@group-018C702B48E5:t14, leader=null, voted=s1, raftlog=s1@group-018C702B48E5-SegmentedRaftLog:OPENED:c-1,f0,i0, conf=0: [s0:0.0.0.0:34748, s1:0.0.0.0:43419, s2:0.0.0.0:39849], old=null RUNNING
  s2:  RUNNING CANDIDATE s2@group-018C702B48E5:t14, leader=null, voted=s2, raftlog=s2@group-018C702B48E5-SegmentedRaftLog:OPENED:c-1,f0,i0, conf=0: [s0:0.0.0.0:34748, s1:0.0.0.0:43419, s2:0.0.0.0:39849], old=null RUNNING
	at org.apache.ratis.MiniRaftCluster.newIllegalStateExceptionForNoLeaders(MiniRaftCluster.java:506)
	at org.apache.ratis.RaftTestUtil.lambda$waitForLeader$1(RaftTestUtil.java:90)
	at org.apache.ratis.MiniRaftCluster.getLeader(MiniRaftCluster.java:539)
	at org.apache.ratis.MiniRaftCluster.getLeader(MiniRaftCluster.java:532)
	at org.apache.ratis.RaftTestUtil.lambda$waitForLeader$3(RaftTestUtil.java:98)
	at org.apache.ratis.util.JavaUtils.attempt(JavaUtils.java:152)
	at org.apache.ratis.RaftTestUtil.waitForLeader(RaftTestUtil.java:97)
	at org.apache.ratis.RaftTestUtil.waitForLeader(RaftTestUtil.java:77)
	at org.apache.ratis.RaftTestUtil.waitForLeader(RaftTestUtil.java:72)
	at org.apache.ratis.server.impl.RaftReconfigurationBaseTest.runTestNoChangeRequest(RaftReconfigurationBaseTest.java:394)
	at org.apache.ratis.MiniRaftCluster$Factory$Get.runWithNewCluster(MiniRaftCluster.java:125)
	at org.apache.ratis.MiniRaftCluster$Factory$Get.runWithNewCluster(MiniRaftCluster.java:113)
	at org.apache.ratis.server.impl.RaftReconfigurationBaseTest.testNoChangeRequest(RaftReconfigurationBaseTest.java:390)
	at sun.reflect.NativeMethodAccessorImpl.invoke0(Native Method)
	at sun.reflect.NativeMethodAccessorImpl.invoke(NativeMethodAccessorImpl.java:62)
	at sun.reflect.DelegatingMethodAccessorImpl.invoke(DelegatingMethodAccessorImpl.java:43)
	at java.lang.reflect.Method.invoke(Method.java:498)
	at org.junit.runners.model.FrameworkMethod$1.runReflectiveCall(FrameworkMethod.java:50)
	at org.junit.internal.runners.model.ReflectiveCallable.run(ReflectiveCallable.java:12)
	at org.junit.runners.model.FrameworkMethod.invokeExplosively(FrameworkMethod.java:47)
	at org.junit.internal.runners.statements.InvokeMethod.evaluate(InvokeMethod.java:17)
	at org.junit.internal.runners.statements.RunAfters.evaluate(RunAfters.java:27)
	at org.junit.internal.runners.statements.FailOnTimeout$CallableStatement.call(FailOnTimeout.java:298)
	at org.junit.internal.runners.statements.FailOnTimeout$CallableStatement.call(FailOnTimeout.java:292)
	at java.util.concurrent.FutureTask.run(FutureTask.java:266)
	at java.lang.Thread.run(Thread.java:748)
2019-09-24 17:02:18,011 WARN  ratis.RaftTestUtil (JavaUtils.java:attempt(158)) - FAILED "waitForLeader-null-(expectLeader? true)", attempt #59/100: java.lang.IllegalStateException: No leader yet : printing ALL groups
  s0:  RUNNING CANDIDATE s0@group-018C702B48E5:t14, leader=null, voted=s0, raftlog=s0@group-018C702B48E5-SegmentedRaftLog:OPENED:c-1,f-1,i0, conf=-1: [s0:0.0.0.0:34748, s1:0.0.0.0:43419, s2:0.0.0.0:39849], old=null RUNNING
  s1:  RUNNING CANDIDATE s1@group-018C702B48E5:t14, leader=null, voted=s1, raftlog=s1@group-018C702B48E5-SegmentedRaftLog:OPENED:c-1,f0,i0, conf=0: [s0:0.0.0.0:34748, s1:0.0.0.0:43419, s2:0.0.0.0:39849], old=null RUNNING
  s2:  RUNNING CANDIDATE s2@group-018C702B48E5:t14, leader=null, voted=s2, raftlog=s2@group-018C702B48E5-SegmentedRaftLog:OPENED:c-1,f0,i0, conf=0: [s0:0.0.0.0:34748, s1:0.0.0.0:43419, s2:0.0.0.0:39849], old=null RUNNING, sleep 450ms and then retry.
java.lang.IllegalStateException: No leader yet : printing ALL groups
  s0:  RUNNING CANDIDATE s0@group-018C702B48E5:t14, leader=null, voted=s0, raftlog=s0@group-018C702B48E5-SegmentedRaftLog:OPENED:c-1,f-1,i0, conf=-1: [s0:0.0.0.0:34748, s1:0.0.0.0:43419, s2:0.0.0.0:39849], old=null RUNNING
  s1:  RUNNING CANDIDATE s1@group-018C702B48E5:t14, leader=null, voted=s1, raftlog=s1@group-018C702B48E5-SegmentedRaftLog:OPENED:c-1,f0,i0, conf=0: [s0:0.0.0.0:34748, s1:0.0.0.0:43419, s2:0.0.0.0:39849], old=null RUNNING
  s2:  RUNNING CANDIDATE s2@group-018C702B48E5:t14, leader=null, voted=s2, raftlog=s2@group-018C702B48E5-SegmentedRaftLog:OPENED:c-1,f0,i0, conf=0: [s0:0.0.0.0:34748, s1:0.0.0.0:43419, s2:0.0.0.0:39849], old=null RUNNING
	at org.apache.ratis.MiniRaftCluster.newIllegalStateExceptionForNoLeaders(MiniRaftCluster.java:506)
	at org.apache.ratis.RaftTestUtil.lambda$waitForLeader$1(RaftTestUtil.java:90)
	at org.apache.ratis.MiniRaftCluster.getLeader(MiniRaftCluster.java:539)
	at org.apache.ratis.MiniRaftCluster.getLeader(MiniRaftCluster.java:532)
	at org.apache.ratis.RaftTestUtil.lambda$waitForLeader$3(RaftTestUtil.java:98)
	at org.apache.ratis.util.JavaUtils.attempt(JavaUtils.java:152)
	at org.apache.ratis.RaftTestUtil.waitForLeader(RaftTestUtil.java:97)
	at org.apache.ratis.RaftTestUtil.waitForLeader(RaftTestUtil.java:77)
	at org.apache.ratis.RaftTestUtil.waitForLeader(RaftTestUtil.java:72)
	at org.apache.ratis.server.impl.RaftReconfigurationBaseTest.runTestNoChangeRequest(RaftReconfigurationBaseTest.java:394)
	at org.apache.ratis.MiniRaftCluster$Factory$Get.runWithNewCluster(MiniRaftCluster.java:125)
	at org.apache.ratis.MiniRaftCluster$Factory$Get.runWithNewCluster(MiniRaftCluster.java:113)
	at org.apache.ratis.server.impl.RaftReconfigurationBaseTest.testNoChangeRequest(RaftReconfigurationBaseTest.java:390)
	at sun.reflect.NativeMethodAccessorImpl.invoke0(Native Method)
	at sun.reflect.NativeMethodAccessorImpl.invoke(NativeMethodAccessorImpl.java:62)
	at sun.reflect.DelegatingMethodAccessorImpl.invoke(DelegatingMethodAccessorImpl.java:43)
	at java.lang.reflect.Method.invoke(Method.java:498)
	at org.junit.runners.model.FrameworkMethod$1.runReflectiveCall(FrameworkMethod.java:50)
	at org.junit.internal.runners.model.ReflectiveCallable.run(ReflectiveCallable.java:12)
	at org.junit.runners.model.FrameworkMethod.invokeExplosively(FrameworkMethod.java:47)
	at org.junit.internal.runners.statements.InvokeMethod.evaluate(InvokeMethod.java:17)
	at org.junit.internal.runners.statements.RunAfters.evaluate(RunAfters.java:27)
	at org.junit.internal.runners.statements.FailOnTimeout$CallableStatement.call(FailOnTimeout.java:298)
	at org.junit.internal.runners.statements.FailOnTimeout$CallableStatement.call(FailOnTimeout.java:292)
	at java.util.concurrent.FutureTask.run(FutureTask.java:266)
	at java.lang.Thread.run(Thread.java:748)
2019-09-24 17:02:18,463 WARN  ratis.RaftTestUtil (JavaUtils.java:attempt(158)) - FAILED "waitForLeader-null-(expectLeader? true)", attempt #60/100: java.lang.IllegalStateException: No leader yet : printing ALL groups
  s0:  RUNNING CANDIDATE s0@group-018C702B48E5:t14, leader=null, voted=s0, raftlog=s0@group-018C702B48E5-SegmentedRaftLog:OPENED:c-1,f-1,i0, conf=-1: [s0:0.0.0.0:34748, s1:0.0.0.0:43419, s2:0.0.0.0:39849], old=null RUNNING
  s1:  RUNNING CANDIDATE s1@group-018C702B48E5:t14, leader=null, voted=s1, raftlog=s1@group-018C702B48E5-SegmentedRaftLog:OPENED:c-1,f0,i0, conf=0: [s0:0.0.0.0:34748, s1:0.0.0.0:43419, s2:0.0.0.0:39849], old=null RUNNING
  s2:  RUNNING CANDIDATE s2@group-018C702B48E5:t14, leader=null, voted=s2, raftlog=s2@group-018C702B48E5-SegmentedRaftLog:OPENED:c-1,f0,i0, conf=0: [s0:0.0.0.0:34748, s1:0.0.0.0:43419, s2:0.0.0.0:39849], old=null RUNNING, sleep 450ms and then retry.
java.lang.IllegalStateException: No leader yet : printing ALL groups
  s0:  RUNNING CANDIDATE s0@group-018C702B48E5:t14, leader=null, voted=s0, raftlog=s0@group-018C702B48E5-SegmentedRaftLog:OPENED:c-1,f-1,i0, conf=-1: [s0:0.0.0.0:34748, s1:0.0.0.0:43419, s2:0.0.0.0:39849], old=null RUNNING
  s1:  RUNNING CANDIDATE s1@group-018C702B48E5:t14, leader=null, voted=s1, raftlog=s1@group-018C702B48E5-SegmentedRaftLog:OPENED:c-1,f0,i0, conf=0: [s0:0.0.0.0:34748, s1:0.0.0.0:43419, s2:0.0.0.0:39849], old=null RUNNING
  s2:  RUNNING CANDIDATE s2@group-018C702B48E5:t14, leader=null, voted=s2, raftlog=s2@group-018C702B48E5-SegmentedRaftLog:OPENED:c-1,f0,i0, conf=0: [s0:0.0.0.0:34748, s1:0.0.0.0:43419, s2:0.0.0.0:39849], old=null RUNNING
	at org.apache.ratis.MiniRaftCluster.newIllegalStateExceptionForNoLeaders(MiniRaftCluster.java:506)
	at org.apache.ratis.RaftTestUtil.lambda$waitForLeader$1(RaftTestUtil.java:90)
	at org.apache.ratis.MiniRaftCluster.getLeader(MiniRaftCluster.java:539)
	at org.apache.ratis.MiniRaftCluster.getLeader(MiniRaftCluster.java:532)
	at org.apache.ratis.RaftTestUtil.lambda$waitForLeader$3(RaftTestUtil.java:98)
	at org.apache.ratis.util.JavaUtils.attempt(JavaUtils.java:152)
	at org.apache.ratis.RaftTestUtil.waitForLeader(RaftTestUtil.java:97)
	at org.apache.ratis.RaftTestUtil.waitForLeader(RaftTestUtil.java:77)
	at org.apache.ratis.RaftTestUtil.waitForLeader(RaftTestUtil.java:72)
	at org.apache.ratis.server.impl.RaftReconfigurationBaseTest.runTestNoChangeRequest(RaftReconfigurationBaseTest.java:394)
	at org.apache.ratis.MiniRaftCluster$Factory$Get.runWithNewCluster(MiniRaftCluster.java:125)
	at org.apache.ratis.MiniRaftCluster$Factory$Get.runWithNewCluster(MiniRaftCluster.java:113)
	at org.apache.ratis.server.impl.RaftReconfigurationBaseTest.testNoChangeRequest(RaftReconfigurationBaseTest.java:390)
	at sun.reflect.NativeMethodAccessorImpl.invoke0(Native Method)
	at sun.reflect.NativeMethodAccessorImpl.invoke(NativeMethodAccessorImpl.java:62)
	at sun.reflect.DelegatingMethodAccessorImpl.invoke(DelegatingMethodAccessorImpl.java:43)
	at java.lang.reflect.Method.invoke(Method.java:498)
	at org.junit.runners.model.FrameworkMethod$1.runReflectiveCall(FrameworkMethod.java:50)
	at org.junit.internal.runners.model.ReflectiveCallable.run(ReflectiveCallable.java:12)
	at org.junit.runners.model.FrameworkMethod.invokeExplosively(FrameworkMethod.java:47)
	at org.junit.internal.runners.statements.InvokeMethod.evaluate(InvokeMethod.java:17)
	at org.junit.internal.runners.statements.RunAfters.evaluate(RunAfters.java:27)
	at org.junit.internal.runners.statements.FailOnTimeout$CallableStatement.call(FailOnTimeout.java:298)
	at org.junit.internal.runners.statements.FailOnTimeout$CallableStatement.call(FailOnTimeout.java:292)
	at java.util.concurrent.FutureTask.run(FutureTask.java:266)
	at java.lang.Thread.run(Thread.java:748)
2019-09-24 17:02:18,914 WARN  ratis.RaftTestUtil (JavaUtils.java:attempt(158)) - FAILED "waitForLeader-null-(expectLeader? true)", attempt #61/100: java.lang.IllegalStateException: No leader yet : printing ALL groups
  s0:  RUNNING CANDIDATE s0@group-018C702B48E5:t14, leader=null, voted=s0, raftlog=s0@group-018C702B48E5-SegmentedRaftLog:OPENED:c-1,f-1,i0, conf=-1: [s0:0.0.0.0:34748, s1:0.0.0.0:43419, s2:0.0.0.0:39849], old=null RUNNING
  s1:  RUNNING CANDIDATE s1@group-018C702B48E5:t14, leader=null, voted=s1, raftlog=s1@group-018C702B48E5-SegmentedRaftLog:OPENED:c-1,f0,i0, conf=0: [s0:0.0.0.0:34748, s1:0.0.0.0:43419, s2:0.0.0.0:39849], old=null RUNNING
  s2:  RUNNING CANDIDATE s2@group-018C702B48E5:t14, leader=null, voted=s2, raftlog=s2@group-018C702B48E5-SegmentedRaftLog:OPENED:c-1,f0,i0, conf=0: [s0:0.0.0.0:34748, s1:0.0.0.0:43419, s2:0.0.0.0:39849], old=null RUNNING, sleep 450ms and then retry.
java.lang.IllegalStateException: No leader yet : printing ALL groups
  s0:  RUNNING CANDIDATE s0@group-018C702B48E5:t14, leader=null, voted=s0, raftlog=s0@group-018C702B48E5-SegmentedRaftLog:OPENED:c-1,f-1,i0, conf=-1: [s0:0.0.0.0:34748, s1:0.0.0.0:43419, s2:0.0.0.0:39849], old=null RUNNING
  s1:  RUNNING CANDIDATE s1@group-018C702B48E5:t14, leader=null, voted=s1, raftlog=s1@group-018C702B48E5-SegmentedRaftLog:OPENED:c-1,f0,i0, conf=0: [s0:0.0.0.0:34748, s1:0.0.0.0:43419, s2:0.0.0.0:39849], old=null RUNNING
  s2:  RUNNING CANDIDATE s2@group-018C702B48E5:t14, leader=null, voted=s2, raftlog=s2@group-018C702B48E5-SegmentedRaftLog:OPENED:c-1,f0,i0, conf=0: [s0:0.0.0.0:34748, s1:0.0.0.0:43419, s2:0.0.0.0:39849], old=null RUNNING
	at org.apache.ratis.MiniRaftCluster.newIllegalStateExceptionForNoLeaders(MiniRaftCluster.java:506)
	at org.apache.ratis.RaftTestUtil.lambda$waitForLeader$1(RaftTestUtil.java:90)
	at org.apache.ratis.MiniRaftCluster.getLeader(MiniRaftCluster.java:539)
	at org.apache.ratis.MiniRaftCluster.getLeader(MiniRaftCluster.java:532)
	at org.apache.ratis.RaftTestUtil.lambda$waitForLeader$3(RaftTestUtil.java:98)
	at org.apache.ratis.util.JavaUtils.attempt(JavaUtils.java:152)
	at org.apache.ratis.RaftTestUtil.waitForLeader(RaftTestUtil.java:97)
	at org.apache.ratis.RaftTestUtil.waitForLeader(RaftTestUtil.java:77)
	at org.apache.ratis.RaftTestUtil.waitForLeader(RaftTestUtil.java:72)
	at org.apache.ratis.server.impl.RaftReconfigurationBaseTest.runTestNoChangeRequest(RaftReconfigurationBaseTest.java:394)
	at org.apache.ratis.MiniRaftCluster$Factory$Get.runWithNewCluster(MiniRaftCluster.java:125)
	at org.apache.ratis.MiniRaftCluster$Factory$Get.runWithNewCluster(MiniRaftCluster.java:113)
	at org.apache.ratis.server.impl.RaftReconfigurationBaseTest.testNoChangeRequest(RaftReconfigurationBaseTest.java:390)
	at sun.reflect.NativeMethodAccessorImpl.invoke0(Native Method)
	at sun.reflect.NativeMethodAccessorImpl.invoke(NativeMethodAccessorImpl.java:62)
	at sun.reflect.DelegatingMethodAccessorImpl.invoke(DelegatingMethodAccessorImpl.java:43)
	at java.lang.reflect.Method.invoke(Method.java:498)
	at org.junit.runners.model.FrameworkMethod$1.runReflectiveCall(FrameworkMethod.java:50)
	at org.junit.internal.runners.model.ReflectiveCallable.run(ReflectiveCallable.java:12)
	at org.junit.runners.model.FrameworkMethod.invokeExplosively(FrameworkMethod.java:47)
	at org.junit.internal.runners.statements.InvokeMethod.evaluate(InvokeMethod.java:17)
	at org.junit.internal.runners.statements.RunAfters.evaluate(RunAfters.java:27)
	at org.junit.internal.runners.statements.FailOnTimeout$CallableStatement.call(FailOnTimeout.java:298)
	at org.junit.internal.runners.statements.FailOnTimeout$CallableStatement.call(FailOnTimeout.java:292)
	at java.util.concurrent.FutureTask.run(FutureTask.java:266)
	at java.lang.Thread.run(Thread.java:748)
2019-09-24 17:02:19,366 WARN  ratis.RaftTestUtil (JavaUtils.java:attempt(158)) - FAILED "waitForLeader-null-(expectLeader? true)", attempt #62/100: java.lang.IllegalStateException: No leader yet : printing ALL groups
  s0:  RUNNING CANDIDATE s0@group-018C702B48E5:t14, leader=null, voted=s0, raftlog=s0@group-018C702B48E5-SegmentedRaftLog:OPENED:c-1,f-1,i0, conf=-1: [s0:0.0.0.0:34748, s1:0.0.0.0:43419, s2:0.0.0.0:39849], old=null RUNNING
  s1:  RUNNING CANDIDATE s1@group-018C702B48E5:t14, leader=null, voted=s1, raftlog=s1@group-018C702B48E5-SegmentedRaftLog:OPENED:c-1,f0,i0, conf=0: [s0:0.0.0.0:34748, s1:0.0.0.0:43419, s2:0.0.0.0:39849], old=null RUNNING
  s2:  RUNNING CANDIDATE s2@group-018C702B48E5:t14, leader=null, voted=s2, raftlog=s2@group-018C702B48E5-SegmentedRaftLog:OPENED:c-1,f0,i0, conf=0: [s0:0.0.0.0:34748, s1:0.0.0.0:43419, s2:0.0.0.0:39849], old=null RUNNING, sleep 450ms and then retry.
java.lang.IllegalStateException: No leader yet : printing ALL groups
  s0:  RUNNING CANDIDATE s0@group-018C702B48E5:t14, leader=null, voted=s0, raftlog=s0@group-018C702B48E5-SegmentedRaftLog:OPENED:c-1,f-1,i0, conf=-1: [s0:0.0.0.0:34748, s1:0.0.0.0:43419, s2:0.0.0.0:39849], old=null RUNNING
  s1:  RUNNING CANDIDATE s1@group-018C702B48E5:t14, leader=null, voted=s1, raftlog=s1@group-018C702B48E5-SegmentedRaftLog:OPENED:c-1,f0,i0, conf=0: [s0:0.0.0.0:34748, s1:0.0.0.0:43419, s2:0.0.0.0:39849], old=null RUNNING
  s2:  RUNNING CANDIDATE s2@group-018C702B48E5:t14, leader=null, voted=s2, raftlog=s2@group-018C702B48E5-SegmentedRaftLog:OPENED:c-1,f0,i0, conf=0: [s0:0.0.0.0:34748, s1:0.0.0.0:43419, s2:0.0.0.0:39849], old=null RUNNING
	at org.apache.ratis.MiniRaftCluster.newIllegalStateExceptionForNoLeaders(MiniRaftCluster.java:506)
	at org.apache.ratis.RaftTestUtil.lambda$waitForLeader$1(RaftTestUtil.java:90)
	at org.apache.ratis.MiniRaftCluster.getLeader(MiniRaftCluster.java:539)
	at org.apache.ratis.MiniRaftCluster.getLeader(MiniRaftCluster.java:532)
	at org.apache.ratis.RaftTestUtil.lambda$waitForLeader$3(RaftTestUtil.java:98)
	at org.apache.ratis.util.JavaUtils.attempt(JavaUtils.java:152)
	at org.apache.ratis.RaftTestUtil.waitForLeader(RaftTestUtil.java:97)
	at org.apache.ratis.RaftTestUtil.waitForLeader(RaftTestUtil.java:77)
	at org.apache.ratis.RaftTestUtil.waitForLeader(RaftTestUtil.java:72)
	at org.apache.ratis.server.impl.RaftReconfigurationBaseTest.runTestNoChangeRequest(RaftReconfigurationBaseTest.java:394)
	at org.apache.ratis.MiniRaftCluster$Factory$Get.runWithNewCluster(MiniRaftCluster.java:125)
	at org.apache.ratis.MiniRaftCluster$Factory$Get.runWithNewCluster(MiniRaftCluster.java:113)
	at org.apache.ratis.server.impl.RaftReconfigurationBaseTest.testNoChangeRequest(RaftReconfigurationBaseTest.java:390)
	at sun.reflect.NativeMethodAccessorImpl.invoke0(Native Method)
	at sun.reflect.NativeMethodAccessorImpl.invoke(NativeMethodAccessorImpl.java:62)
	at sun.reflect.DelegatingMethodAccessorImpl.invoke(DelegatingMethodAccessorImpl.java:43)
	at java.lang.reflect.Method.invoke(Method.java:498)
	at org.junit.runners.model.FrameworkMethod$1.runReflectiveCall(FrameworkMethod.java:50)
	at org.junit.internal.runners.model.ReflectiveCallable.run(ReflectiveCallable.java:12)
	at org.junit.runners.model.FrameworkMethod.invokeExplosively(FrameworkMethod.java:47)
	at org.junit.internal.runners.statements.InvokeMethod.evaluate(InvokeMethod.java:17)
	at org.junit.internal.runners.statements.RunAfters.evaluate(RunAfters.java:27)
	at org.junit.internal.runners.statements.FailOnTimeout$CallableStatement.call(FailOnTimeout.java:298)
	at org.junit.internal.runners.statements.FailOnTimeout$CallableStatement.call(FailOnTimeout.java:292)
	at java.util.concurrent.FutureTask.run(FutureTask.java:266)
	at java.lang.Thread.run(Thread.java:748)
2019-09-24 17:02:19,818 WARN  ratis.RaftTestUtil (JavaUtils.java:attempt(158)) - FAILED "waitForLeader-null-(expectLeader? true)", attempt #63/100: java.lang.IllegalStateException: No leader yet : printing ALL groups
  s0:  RUNNING CANDIDATE s0@group-018C702B48E5:t14, leader=null, voted=s0, raftlog=s0@group-018C702B48E5-SegmentedRaftLog:OPENED:c-1,f-1,i0, conf=-1: [s0:0.0.0.0:34748, s1:0.0.0.0:43419, s2:0.0.0.0:39849], old=null RUNNING
  s1:  RUNNING CANDIDATE s1@group-018C702B48E5:t14, leader=null, voted=s1, raftlog=s1@group-018C702B48E5-SegmentedRaftLog:OPENED:c-1,f0,i0, conf=0: [s0:0.0.0.0:34748, s1:0.0.0.0:43419, s2:0.0.0.0:39849], old=null RUNNING
  s2:  RUNNING CANDIDATE s2@group-018C702B48E5:t14, leader=null, voted=s2, raftlog=s2@group-018C702B48E5-SegmentedRaftLog:OPENED:c-1,f0,i0, conf=0: [s0:0.0.0.0:34748, s1:0.0.0.0:43419, s2:0.0.0.0:39849], old=null RUNNING, sleep 450ms and then retry.
java.lang.IllegalStateException: No leader yet : printing ALL groups
  s0:  RUNNING CANDIDATE s0@group-018C702B48E5:t14, leader=null, voted=s0, raftlog=s0@group-018C702B48E5-SegmentedRaftLog:OPENED:c-1,f-1,i0, conf=-1: [s0:0.0.0.0:34748, s1:0.0.0.0:43419, s2:0.0.0.0:39849], old=null RUNNING
  s1:  RUNNING CANDIDATE s1@group-018C702B48E5:t14, leader=null, voted=s1, raftlog=s1@group-018C702B48E5-SegmentedRaftLog:OPENED:c-1,f0,i0, conf=0: [s0:0.0.0.0:34748, s1:0.0.0.0:43419, s2:0.0.0.0:39849], old=null RUNNING
  s2:  RUNNING CANDIDATE s2@group-018C702B48E5:t14, leader=null, voted=s2, raftlog=s2@group-018C702B48E5-SegmentedRaftLog:OPENED:c-1,f0,i0, conf=0: [s0:0.0.0.0:34748, s1:0.0.0.0:43419, s2:0.0.0.0:39849], old=null RUNNING
	at org.apache.ratis.MiniRaftCluster.newIllegalStateExceptionForNoLeaders(MiniRaftCluster.java:506)
	at org.apache.ratis.RaftTestUtil.lambda$waitForLeader$1(RaftTestUtil.java:90)
	at org.apache.ratis.MiniRaftCluster.getLeader(MiniRaftCluster.java:539)
	at org.apache.ratis.MiniRaftCluster.getLeader(MiniRaftCluster.java:532)
	at org.apache.ratis.RaftTestUtil.lambda$waitForLeader$3(RaftTestUtil.java:98)
	at org.apache.ratis.util.JavaUtils.attempt(JavaUtils.java:152)
	at org.apache.ratis.RaftTestUtil.waitForLeader(RaftTestUtil.java:97)
	at org.apache.ratis.RaftTestUtil.waitForLeader(RaftTestUtil.java:77)
	at org.apache.ratis.RaftTestUtil.waitForLeader(RaftTestUtil.java:72)
	at org.apache.ratis.server.impl.RaftReconfigurationBaseTest.runTestNoChangeRequest(RaftReconfigurationBaseTest.java:394)
	at org.apache.ratis.MiniRaftCluster$Factory$Get.runWithNewCluster(MiniRaftCluster.java:125)
	at org.apache.ratis.MiniRaftCluster$Factory$Get.runWithNewCluster(MiniRaftCluster.java:113)
	at org.apache.ratis.server.impl.RaftReconfigurationBaseTest.testNoChangeRequest(RaftReconfigurationBaseTest.java:390)
	at sun.reflect.NativeMethodAccessorImpl.invoke0(Native Method)
	at sun.reflect.NativeMethodAccessorImpl.invoke(NativeMethodAccessorImpl.java:62)
	at sun.reflect.DelegatingMethodAccessorImpl.invoke(DelegatingMethodAccessorImpl.java:43)
	at java.lang.reflect.Method.invoke(Method.java:498)
	at org.junit.runners.model.FrameworkMethod$1.runReflectiveCall(FrameworkMethod.java:50)
	at org.junit.internal.runners.model.ReflectiveCallable.run(ReflectiveCallable.java:12)
	at org.junit.runners.model.FrameworkMethod.invokeExplosively(FrameworkMethod.java:47)
	at org.junit.internal.runners.statements.InvokeMethod.evaluate(InvokeMethod.java:17)
	at org.junit.internal.runners.statements.RunAfters.evaluate(RunAfters.java:27)
	at org.junit.internal.runners.statements.FailOnTimeout$CallableStatement.call(FailOnTimeout.java:298)
	at org.junit.internal.runners.statements.FailOnTimeout$CallableStatement.call(FailOnTimeout.java:292)
	at java.util.concurrent.FutureTask.run(FutureTask.java:266)
	at java.lang.Thread.run(Thread.java:748)
2019-09-24 17:02:20,269 WARN  ratis.RaftTestUtil (JavaUtils.java:attempt(158)) - FAILED "waitForLeader-null-(expectLeader? true)", attempt #64/100: java.lang.IllegalStateException: No leader yet : printing ALL groups
  s0:  RUNNING CANDIDATE s0@group-018C702B48E5:t14, leader=null, voted=s0, raftlog=s0@group-018C702B48E5-SegmentedRaftLog:OPENED:c-1,f-1,i0, conf=-1: [s0:0.0.0.0:34748, s1:0.0.0.0:43419, s2:0.0.0.0:39849], old=null RUNNING
  s1:  RUNNING CANDIDATE s1@group-018C702B48E5:t14, leader=null, voted=s1, raftlog=s1@group-018C702B48E5-SegmentedRaftLog:OPENED:c-1,f0,i0, conf=0: [s0:0.0.0.0:34748, s1:0.0.0.0:43419, s2:0.0.0.0:39849], old=null RUNNING
  s2:  RUNNING CANDIDATE s2@group-018C702B48E5:t14, leader=null, voted=s2, raftlog=s2@group-018C702B48E5-SegmentedRaftLog:OPENED:c-1,f0,i0, conf=0: [s0:0.0.0.0:34748, s1:0.0.0.0:43419, s2:0.0.0.0:39849], old=null RUNNING, sleep 450ms and then retry.
java.lang.IllegalStateException: No leader yet : printing ALL groups
  s0:  RUNNING CANDIDATE s0@group-018C702B48E5:t14, leader=null, voted=s0, raftlog=s0@group-018C702B48E5-SegmentedRaftLog:OPENED:c-1,f-1,i0, conf=-1: [s0:0.0.0.0:34748, s1:0.0.0.0:43419, s2:0.0.0.0:39849], old=null RUNNING
  s1:  RUNNING CANDIDATE s1@group-018C702B48E5:t14, leader=null, voted=s1, raftlog=s1@group-018C702B48E5-SegmentedRaftLog:OPENED:c-1,f0,i0, conf=0: [s0:0.0.0.0:34748, s1:0.0.0.0:43419, s2:0.0.0.0:39849], old=null RUNNING
  s2:  RUNNING CANDIDATE s2@group-018C702B48E5:t14, leader=null, voted=s2, raftlog=s2@group-018C702B48E5-SegmentedRaftLog:OPENED:c-1,f0,i0, conf=0: [s0:0.0.0.0:34748, s1:0.0.0.0:43419, s2:0.0.0.0:39849], old=null RUNNING
	at org.apache.ratis.MiniRaftCluster.newIllegalStateExceptionForNoLeaders(MiniRaftCluster.java:506)
	at org.apache.ratis.RaftTestUtil.lambda$waitForLeader$1(RaftTestUtil.java:90)
	at org.apache.ratis.MiniRaftCluster.getLeader(MiniRaftCluster.java:539)
	at org.apache.ratis.MiniRaftCluster.getLeader(MiniRaftCluster.java:532)
	at org.apache.ratis.RaftTestUtil.lambda$waitForLeader$3(RaftTestUtil.java:98)
	at org.apache.ratis.util.JavaUtils.attempt(JavaUtils.java:152)
	at org.apache.ratis.RaftTestUtil.waitForLeader(RaftTestUtil.java:97)
	at org.apache.ratis.RaftTestUtil.waitForLeader(RaftTestUtil.java:77)
	at org.apache.ratis.RaftTestUtil.waitForLeader(RaftTestUtil.java:72)
	at org.apache.ratis.server.impl.RaftReconfigurationBaseTest.runTestNoChangeRequest(RaftReconfigurationBaseTest.java:394)
	at org.apache.ratis.MiniRaftCluster$Factory$Get.runWithNewCluster(MiniRaftCluster.java:125)
	at org.apache.ratis.MiniRaftCluster$Factory$Get.runWithNewCluster(MiniRaftCluster.java:113)
	at org.apache.ratis.server.impl.RaftReconfigurationBaseTest.testNoChangeRequest(RaftReconfigurationBaseTest.java:390)
	at sun.reflect.NativeMethodAccessorImpl.invoke0(Native Method)
	at sun.reflect.NativeMethodAccessorImpl.invoke(NativeMethodAccessorImpl.java:62)
	at sun.reflect.DelegatingMethodAccessorImpl.invoke(DelegatingMethodAccessorImpl.java:43)
	at java.lang.reflect.Method.invoke(Method.java:498)
	at org.junit.runners.model.FrameworkMethod$1.runReflectiveCall(FrameworkMethod.java:50)
	at org.junit.internal.runners.model.ReflectiveCallable.run(ReflectiveCallable.java:12)
	at org.junit.runners.model.FrameworkMethod.invokeExplosively(FrameworkMethod.java:47)
	at org.junit.internal.runners.statements.InvokeMethod.evaluate(InvokeMethod.java:17)
	at org.junit.internal.runners.statements.RunAfters.evaluate(RunAfters.java:27)
	at org.junit.internal.runners.statements.FailOnTimeout$CallableStatement.call(FailOnTimeout.java:298)
	at org.junit.internal.runners.statements.FailOnTimeout$CallableStatement.call(FailOnTimeout.java:292)
	at java.util.concurrent.FutureTask.run(FutureTask.java:266)
	at java.lang.Thread.run(Thread.java:748)
2019-09-24 17:02:20,360 INFO  impl.LeaderElection (LeaderElection.java:askForVotes(178)) - s2@group-018C702B48E5-LeaderElection24: begin an election at term 14 for 0: [s0:0.0.0.0:34748, s1:0.0.0.0:43419, s2:0.0.0.0:39849], old=null
2019-09-24 17:02:20,360 INFO  impl.LeaderElection (LeaderElection.java:askForVotes(178)) - s0@group-018C702B48E5-LeaderElection23: begin an election at term 14 for -1: [s0:0.0.0.0:34748, s1:0.0.0.0:43419, s2:0.0.0.0:39849], old=null
2019-09-24 17:02:20,360 INFO  impl.LeaderElection (LeaderElection.java:askForVotes(178)) - s1@group-018C702B48E5-LeaderElection25: begin an election at term 14 for 0: [s0:0.0.0.0:34748, s1:0.0.0.0:43419, s2:0.0.0.0:39849], old=null
2019-09-24 17:02:20,362 DEBUG impl.RaftServerImpl (RaftServerImpl.java:requestVote(743)) - s1@group-018C702B48E5: receive requestVote(s2, group-018C702B48E5, 14, (t:2, i:0))
2019-09-24 17:02:20,362 DEBUG impl.RaftServerImpl (RaftServerImpl.java:requestVote(743)) - s0@group-018C702B48E5: receive requestVote(s1, group-018C702B48E5, 14, (t:2, i:0))
2019-09-24 17:02:20,362 DEBUG impl.RaftServerImpl (RaftServerImpl.java:requestVote(743)) - s1@group-018C702B48E5: receive requestVote(s0, group-018C702B48E5, 14, (t:0, i:0))
2019-09-24 17:02:20,362 DEBUG impl.RaftServerImpl (RaftServerImpl.java:requestVote(743)) - s0@group-018C702B48E5: receive requestVote(s2, group-018C702B48E5, 14, (t:2, i:0))
2019-09-24 17:02:20,363 DEBUG impl.RaftServerImpl (RaftServerImpl.java:requestVote(775)) - s0@group-018C702B48E5 replies to vote request: s1<-s0#0:FAIL-t14. Peer's state: s0@group-018C702B48E5:t14, leader=null, voted=s0, raftlog=s0@group-018C702B48E5-SegmentedRaftLog:OPENED:c-1,f-1,i0, conf=-1: [s0:0.0.0.0:34748, s1:0.0.0.0:43419, s2:0.0.0.0:39849], old=null
2019-09-24 17:02:20,363 DEBUG impl.RaftServerImpl (RaftServerImpl.java:requestVote(743)) - s2@group-018C702B48E5: receive requestVote(s1, group-018C702B48E5, 14, (t:2, i:0))
2019-09-24 17:02:20,363 DEBUG impl.RaftServerImpl (RaftServerImpl.java:requestVote(775)) - s1@group-018C702B48E5 replies to vote request: s2<-s1#0:FAIL-t14. Peer's state: s1@group-018C702B48E5:t14, leader=null, voted=s1, raftlog=s1@group-018C702B48E5-SegmentedRaftLog:OPENED:c-1,f0,i0, conf=0: [s0:0.0.0.0:34748, s1:0.0.0.0:43419, s2:0.0.0.0:39849], old=null
2019-09-24 17:02:20,362 DEBUG impl.RaftServerImpl (RaftServerImpl.java:requestVote(743)) - s2@group-018C702B48E5: receive requestVote(s0, group-018C702B48E5, 14, (t:0, i:0))
2019-09-24 17:02:20,364 DEBUG impl.RaftServerImpl (RaftServerImpl.java:requestVote(775)) - s1@group-018C702B48E5 replies to vote request: s0<-s1#0:FAIL-t14. Peer's state: s1@group-018C702B48E5:t14, leader=null, voted=s1, raftlog=s1@group-018C702B48E5-SegmentedRaftLog:OPENED:c-1,f0,i0, conf=0: [s0:0.0.0.0:34748, s1:0.0.0.0:43419, s2:0.0.0.0:39849], old=null
2019-09-24 17:02:20,363 DEBUG impl.RaftServerImpl (RaftServerImpl.java:requestVote(775)) - s2@group-018C702B48E5 replies to vote request: s1<-s2#0:FAIL-t14. Peer's state: s2@group-018C702B48E5:t14, leader=null, voted=s2, raftlog=s2@group-018C702B48E5-SegmentedRaftLog:OPENED:c-1,f0,i0, conf=0: [s0:0.0.0.0:34748, s1:0.0.0.0:43419, s2:0.0.0.0:39849], old=null
2019-09-24 17:02:20,363 DEBUG impl.RaftServerImpl (RaftServerImpl.java:requestVote(775)) - s0@group-018C702B48E5 replies to vote request: s2<-s0#0:FAIL-t14. Peer's state: s0@group-018C702B48E5:t14, leader=null, voted=s0, raftlog=s0@group-018C702B48E5-SegmentedRaftLog:OPENED:c-1,f-1,i0, conf=-1: [s0:0.0.0.0:34748, s1:0.0.0.0:43419, s2:0.0.0.0:39849], old=null
2019-09-24 17:02:20,364 DEBUG impl.RaftServerImpl (RaftServerImpl.java:requestVote(775)) - s2@group-018C702B48E5 replies to vote request: s0<-s2#0:FAIL-t14. Peer's state: s2@group-018C702B48E5:t14, leader=null, voted=s2, raftlog=s2@group-018C702B48E5-SegmentedRaftLog:OPENED:c-1,f0,i0, conf=0: [s0:0.0.0.0:34748, s1:0.0.0.0:43419, s2:0.0.0.0:39849], old=null
2019-09-24 17:02:20,376 INFO  impl.LeaderElection (LeaderElection.java:logAndReturn(56)) - s2@group-018C702B48E5-LeaderElection24: Election REJECTED; received 2 response(s) [s2<-s0#0:FAIL-t14, s2<-s1#0:FAIL-t14] and 0 exception(s); s2@group-018C702B48E5:t14, leader=null, voted=s2, raftlog=s2@group-018C702B48E5-SegmentedRaftLog:OPENED:c-1,f0,i0, conf=0: [s0:0.0.0.0:34748, s1:0.0.0.0:43419, s2:0.0.0.0:39849], old=null
2019-09-24 17:02:20,376 INFO  impl.RaftServerImpl (RaftServerImpl.java:setRole(170)) - s2@group-018C702B48E5: changes role from CANDIDATE to FOLLOWER at term 14 for DISCOVERED_A_NEW_TERM
2019-09-24 17:02:20,376 INFO  impl.RoleInfo (RoleInfo.java:shutdownLeaderElection(134)) - s2: shutdown LeaderElection
2019-09-24 17:02:20,376 INFO  impl.RoleInfo (RoleInfo.java:updateAndGet(143)) - s2: start FollowerState
2019-09-24 17:02:20,381 INFO  impl.LeaderElection (LeaderElection.java:logAndReturn(56)) - s1@group-018C702B48E5-LeaderElection25: Election REJECTED; received 2 response(s) [s1<-s0#0:FAIL-t14, s1<-s2#0:FAIL-t14] and 0 exception(s); s1@group-018C702B48E5:t14, leader=null, voted=s1, raftlog=s1@group-018C702B48E5-SegmentedRaftLog:OPENED:c-1,f0,i0, conf=0: [s0:0.0.0.0:34748, s1:0.0.0.0:43419, s2:0.0.0.0:39849], old=null
2019-09-24 17:02:20,381 INFO  impl.RaftServerImpl (RaftServerImpl.java:setRole(170)) - s1@group-018C702B48E5: changes role from CANDIDATE to FOLLOWER at term 14 for DISCOVERED_A_NEW_TERM
2019-09-24 17:02:20,381 INFO  impl.RoleInfo (RoleInfo.java:shutdownLeaderElection(134)) - s1: shutdown LeaderElection
2019-09-24 17:02:20,381 INFO  impl.RoleInfo (RoleInfo.java:updateAndGet(143)) - s1: start FollowerState
2019-09-24 17:02:20,383 INFO  impl.LeaderElection (LeaderElection.java:logAndReturn(56)) - s0@group-018C702B48E5-LeaderElection23: Election REJECTED; received 2 response(s) [s0<-s1#0:FAIL-t14, s0<-s2#0:FAIL-t14] and 0 exception(s); s0@group-018C702B48E5:t14, leader=null, voted=s0, raftlog=s0@group-018C702B48E5-SegmentedRaftLog:OPENED:c-1,f-1,i0, conf=-1: [s0:0.0.0.0:34748, s1:0.0.0.0:43419, s2:0.0.0.0:39849], old=null
2019-09-24 17:02:20,384 INFO  impl.RaftServerImpl (RaftServerImpl.java:setRole(170)) - s0@group-018C702B48E5: changes role from CANDIDATE to FOLLOWER at term 14 for DISCOVERED_A_NEW_TERM
2019-09-24 17:02:20,384 INFO  impl.RoleInfo (RoleInfo.java:shutdownLeaderElection(134)) - s0: shutdown LeaderElection
2019-09-24 17:02:20,384 INFO  impl.RoleInfo (RoleInfo.java:updateAndGet(143)) - s0: start FollowerState
2019-09-24 17:02:20,562 INFO  impl.FollowerState (FollowerState.java:run(108)) - s0@group-018C702B48E5-FollowerState: change to CANDIDATE, lastRpcTime:177ms, electionTimeout:177ms
2019-09-24 17:02:20,562 INFO  impl.RoleInfo (RoleInfo.java:shutdownFollowerState(121)) - s0: shutdown FollowerState
2019-09-24 17:02:20,562 INFO  impl.RaftServerImpl (RaftServerImpl.java:setRole(170)) - s0@group-018C702B48E5: changes role from  FOLLOWER to CANDIDATE at term 14 for changeToCandidate
2019-09-24 17:02:20,562 INFO  impl.RoleInfo (RoleInfo.java:updateAndGet(143)) - s0: start LeaderElection
2019-09-24 17:02:20,674 INFO  impl.FollowerState (FollowerState.java:run(108)) - s1@group-018C702B48E5-FollowerState: change to CANDIDATE, lastRpcTime:292ms, electionTimeout:292ms
2019-09-24 17:02:20,674 INFO  impl.RoleInfo (RoleInfo.java:shutdownFollowerState(121)) - s1: shutdown FollowerState
2019-09-24 17:02:20,674 INFO  impl.RaftServerImpl (RaftServerImpl.java:setRole(170)) - s1@group-018C702B48E5: changes role from  FOLLOWER to CANDIDATE at term 14 for changeToCandidate
2019-09-24 17:02:20,675 INFO  impl.RoleInfo (RoleInfo.java:updateAndGet(143)) - s1: start LeaderElection
2019-09-24 17:02:20,677 INFO  impl.FollowerState (FollowerState.java:run(108)) - s2@group-018C702B48E5-FollowerState: change to CANDIDATE, lastRpcTime:300ms, electionTimeout:300ms
2019-09-24 17:02:20,677 INFO  impl.RoleInfo (RoleInfo.java:shutdownFollowerState(121)) - s2: shutdown FollowerState
2019-09-24 17:02:20,677 INFO  impl.RaftServerImpl (RaftServerImpl.java:setRole(170)) - s2@group-018C702B48E5: changes role from  FOLLOWER to CANDIDATE at term 14 for changeToCandidate
2019-09-24 17:02:20,678 INFO  impl.RoleInfo (RoleInfo.java:updateAndGet(143)) - s2: start LeaderElection
2019-09-24 17:02:20,721 WARN  ratis.RaftTestUtil (JavaUtils.java:attempt(158)) - FAILED "waitForLeader-null-(expectLeader? true)", attempt #65/100: java.lang.IllegalStateException: No leader yet : printing ALL groups
  s0:  RUNNING CANDIDATE s0@group-018C702B48E5:t15, leader=null, voted=s0, raftlog=s0@group-018C702B48E5-SegmentedRaftLog:OPENED:c-1,f-1,i0, conf=-1: [s0:0.0.0.0:34748, s1:0.0.0.0:43419, s2:0.0.0.0:39849], old=null RUNNING
  s1:  RUNNING CANDIDATE s1@group-018C702B48E5:t15, leader=null, voted=s1, raftlog=s1@group-018C702B48E5-SegmentedRaftLog:OPENED:c-1,f0,i0, conf=0: [s0:0.0.0.0:34748, s1:0.0.0.0:43419, s2:0.0.0.0:39849], old=null RUNNING
  s2:  RUNNING CANDIDATE s2@group-018C702B48E5:t15, leader=null, voted=s2, raftlog=s2@group-018C702B48E5-SegmentedRaftLog:OPENED:c-1,f0,i0, conf=0: [s0:0.0.0.0:34748, s1:0.0.0.0:43419, s2:0.0.0.0:39849], old=null RUNNING, sleep 450ms and then retry.
java.lang.IllegalStateException: No leader yet : printing ALL groups
  s0:  RUNNING CANDIDATE s0@group-018C702B48E5:t15, leader=null, voted=s0, raftlog=s0@group-018C702B48E5-SegmentedRaftLog:OPENED:c-1,f-1,i0, conf=-1: [s0:0.0.0.0:34748, s1:0.0.0.0:43419, s2:0.0.0.0:39849], old=null RUNNING
  s1:  RUNNING CANDIDATE s1@group-018C702B48E5:t15, leader=null, voted=s1, raftlog=s1@group-018C702B48E5-SegmentedRaftLog:OPENED:c-1,f0,i0, conf=0: [s0:0.0.0.0:34748, s1:0.0.0.0:43419, s2:0.0.0.0:39849], old=null RUNNING
  s2:  RUNNING CANDIDATE s2@group-018C702B48E5:t15, leader=null, voted=s2, raftlog=s2@group-018C702B48E5-SegmentedRaftLog:OPENED:c-1,f0,i0, conf=0: [s0:0.0.0.0:34748, s1:0.0.0.0:43419, s2:0.0.0.0:39849], old=null RUNNING
	at org.apache.ratis.MiniRaftCluster.newIllegalStateExceptionForNoLeaders(MiniRaftCluster.java:506)
	at org.apache.ratis.RaftTestUtil.lambda$waitForLeader$1(RaftTestUtil.java:90)
	at org.apache.ratis.MiniRaftCluster.getLeader(MiniRaftCluster.java:539)
	at org.apache.ratis.MiniRaftCluster.getLeader(MiniRaftCluster.java:532)
	at org.apache.ratis.RaftTestUtil.lambda$waitForLeader$3(RaftTestUtil.java:98)
	at org.apache.ratis.util.JavaUtils.attempt(JavaUtils.java:152)
	at org.apache.ratis.RaftTestUtil.waitForLeader(RaftTestUtil.java:97)
	at org.apache.ratis.RaftTestUtil.waitForLeader(RaftTestUtil.java:77)
	at org.apache.ratis.RaftTestUtil.waitForLeader(RaftTestUtil.java:72)
	at org.apache.ratis.server.impl.RaftReconfigurationBaseTest.runTestNoChangeRequest(RaftReconfigurationBaseTest.java:394)
	at org.apache.ratis.MiniRaftCluster$Factory$Get.runWithNewCluster(MiniRaftCluster.java:125)
	at org.apache.ratis.MiniRaftCluster$Factory$Get.runWithNewCluster(MiniRaftCluster.java:113)
	at org.apache.ratis.server.impl.RaftReconfigurationBaseTest.testNoChangeRequest(RaftReconfigurationBaseTest.java:390)
	at sun.reflect.NativeMethodAccessorImpl.invoke0(Native Method)
	at sun.reflect.NativeMethodAccessorImpl.invoke(NativeMethodAccessorImpl.java:62)
	at sun.reflect.DelegatingMethodAccessorImpl.invoke(DelegatingMethodAccessorImpl.java:43)
	at java.lang.reflect.Method.invoke(Method.java:498)
	at org.junit.runners.model.FrameworkMethod$1.runReflectiveCall(FrameworkMethod.java:50)
	at org.junit.internal.runners.model.ReflectiveCallable.run(ReflectiveCallable.java:12)
	at org.junit.runners.model.FrameworkMethod.invokeExplosively(FrameworkMethod.java:47)
	at org.junit.internal.runners.statements.InvokeMethod.evaluate(InvokeMethod.java:17)
	at org.junit.internal.runners.statements.RunAfters.evaluate(RunAfters.java:27)
	at org.junit.internal.runners.statements.FailOnTimeout$CallableStatement.call(FailOnTimeout.java:298)
	at org.junit.internal.runners.statements.FailOnTimeout$CallableStatement.call(FailOnTimeout.java:292)
	at java.util.concurrent.FutureTask.run(FutureTask.java:266)
	at java.lang.Thread.run(Thread.java:748)
2019-09-24 17:02:21,173 WARN  ratis.RaftTestUtil (JavaUtils.java:attempt(158)) - FAILED "waitForLeader-null-(expectLeader? true)", attempt #66/100: java.lang.IllegalStateException: No leader yet : printing ALL groups
  s0:  RUNNING CANDIDATE s0@group-018C702B48E5:t15, leader=null, voted=s0, raftlog=s0@group-018C702B48E5-SegmentedRaftLog:OPENED:c-1,f-1,i0, conf=-1: [s0:0.0.0.0:34748, s1:0.0.0.0:43419, s2:0.0.0.0:39849], old=null RUNNING
  s1:  RUNNING CANDIDATE s1@group-018C702B48E5:t15, leader=null, voted=s1, raftlog=s1@group-018C702B48E5-SegmentedRaftLog:OPENED:c-1,f0,i0, conf=0: [s0:0.0.0.0:34748, s1:0.0.0.0:43419, s2:0.0.0.0:39849], old=null RUNNING
  s2:  RUNNING CANDIDATE s2@group-018C702B48E5:t15, leader=null, voted=s2, raftlog=s2@group-018C702B48E5-SegmentedRaftLog:OPENED:c-1,f0,i0, conf=0: [s0:0.0.0.0:34748, s1:0.0.0.0:43419, s2:0.0.0.0:39849], old=null RUNNING, sleep 450ms and then retry.
java.lang.IllegalStateException: No leader yet : printing ALL groups
  s0:  RUNNING CANDIDATE s0@group-018C702B48E5:t15, leader=null, voted=s0, raftlog=s0@group-018C702B48E5-SegmentedRaftLog:OPENED:c-1,f-1,i0, conf=-1: [s0:0.0.0.0:34748, s1:0.0.0.0:43419, s2:0.0.0.0:39849], old=null RUNNING
  s1:  RUNNING CANDIDATE s1@group-018C702B48E5:t15, leader=null, voted=s1, raftlog=s1@group-018C702B48E5-SegmentedRaftLog:OPENED:c-1,f0,i0, conf=0: [s0:0.0.0.0:34748, s1:0.0.0.0:43419, s2:0.0.0.0:39849], old=null RUNNING
  s2:  RUNNING CANDIDATE s2@group-018C702B48E5:t15, leader=null, voted=s2, raftlog=s2@group-018C702B48E5-SegmentedRaftLog:OPENED:c-1,f0,i0, conf=0: [s0:0.0.0.0:34748, s1:0.0.0.0:43419, s2:0.0.0.0:39849], old=null RUNNING
	at org.apache.ratis.MiniRaftCluster.newIllegalStateExceptionForNoLeaders(MiniRaftCluster.java:506)
	at org.apache.ratis.RaftTestUtil.lambda$waitForLeader$1(RaftTestUtil.java:90)
	at org.apache.ratis.MiniRaftCluster.getLeader(MiniRaftCluster.java:539)
	at org.apache.ratis.MiniRaftCluster.getLeader(MiniRaftCluster.java:532)
	at org.apache.ratis.RaftTestUtil.lambda$waitForLeader$3(RaftTestUtil.java:98)
	at org.apache.ratis.util.JavaUtils.attempt(JavaUtils.java:152)
	at org.apache.ratis.RaftTestUtil.waitForLeader(RaftTestUtil.java:97)
	at org.apache.ratis.RaftTestUtil.waitForLeader(RaftTestUtil.java:77)
	at org.apache.ratis.RaftTestUtil.waitForLeader(RaftTestUtil.java:72)
	at org.apache.ratis.server.impl.RaftReconfigurationBaseTest.runTestNoChangeRequest(RaftReconfigurationBaseTest.java:394)
	at org.apache.ratis.MiniRaftCluster$Factory$Get.runWithNewCluster(MiniRaftCluster.java:125)
	at org.apache.ratis.MiniRaftCluster$Factory$Get.runWithNewCluster(MiniRaftCluster.java:113)
	at org.apache.ratis.server.impl.RaftReconfigurationBaseTest.testNoChangeRequest(RaftReconfigurationBaseTest.java:390)
	at sun.reflect.NativeMethodAccessorImpl.invoke0(Native Method)
	at sun.reflect.NativeMethodAccessorImpl.invoke(NativeMethodAccessorImpl.java:62)
	at sun.reflect.DelegatingMethodAccessorImpl.invoke(DelegatingMethodAccessorImpl.java:43)
	at java.lang.reflect.Method.invoke(Method.java:498)
	at org.junit.runners.model.FrameworkMethod$1.runReflectiveCall(FrameworkMethod.java:50)
	at org.junit.internal.runners.model.ReflectiveCallable.run(ReflectiveCallable.java:12)
	at org.junit.runners.model.FrameworkMethod.invokeExplosively(FrameworkMethod.java:47)
	at org.junit.internal.runners.statements.InvokeMethod.evaluate(InvokeMethod.java:17)
	at org.junit.internal.runners.statements.RunAfters.evaluate(RunAfters.java:27)
	at org.junit.internal.runners.statements.FailOnTimeout$CallableStatement.call(FailOnTimeout.java:298)
	at org.junit.internal.runners.statements.FailOnTimeout$CallableStatement.call(FailOnTimeout.java:292)
	at java.util.concurrent.FutureTask.run(FutureTask.java:266)
	at java.lang.Thread.run(Thread.java:748)
2019-09-24 17:02:21,624 WARN  ratis.RaftTestUtil (JavaUtils.java:attempt(158)) - FAILED "waitForLeader-null-(expectLeader? true)", attempt #67/100: java.lang.IllegalStateException: No leader yet : printing ALL groups
  s0:  RUNNING CANDIDATE s0@group-018C702B48E5:t15, leader=null, voted=s0, raftlog=s0@group-018C702B48E5-SegmentedRaftLog:OPENED:c-1,f-1,i0, conf=-1: [s0:0.0.0.0:34748, s1:0.0.0.0:43419, s2:0.0.0.0:39849], old=null RUNNING
  s1:  RUNNING CANDIDATE s1@group-018C702B48E5:t15, leader=null, voted=s1, raftlog=s1@group-018C702B48E5-SegmentedRaftLog:OPENED:c-1,f0,i0, conf=0: [s0:0.0.0.0:34748, s1:0.0.0.0:43419, s2:0.0.0.0:39849], old=null RUNNING
  s2:  RUNNING CANDIDATE s2@group-018C702B48E5:t15, leader=null, voted=s2, raftlog=s2@group-018C702B48E5-SegmentedRaftLog:OPENED:c-1,f0,i0, conf=0: [s0:0.0.0.0:34748, s1:0.0.0.0:43419, s2:0.0.0.0:39849], old=null RUNNING, sleep 450ms and then retry.
java.lang.IllegalStateException: No leader yet : printing ALL groups
  s0:  RUNNING CANDIDATE s0@group-018C702B48E5:t15, leader=null, voted=s0, raftlog=s0@group-018C702B48E5-SegmentedRaftLog:OPENED:c-1,f-1,i0, conf=-1: [s0:0.0.0.0:34748, s1:0.0.0.0:43419, s2:0.0.0.0:39849], old=null RUNNING
  s1:  RUNNING CANDIDATE s1@group-018C702B48E5:t15, leader=null, voted=s1, raftlog=s1@group-018C702B48E5-SegmentedRaftLog:OPENED:c-1,f0,i0, conf=0: [s0:0.0.0.0:34748, s1:0.0.0.0:43419, s2:0.0.0.0:39849], old=null RUNNING
  s2:  RUNNING CANDIDATE s2@group-018C702B48E5:t15, leader=null, voted=s2, raftlog=s2@group-018C702B48E5-SegmentedRaftLog:OPENED:c-1,f0,i0, conf=0: [s0:0.0.0.0:34748, s1:0.0.0.0:43419, s2:0.0.0.0:39849], old=null RUNNING
	at org.apache.ratis.MiniRaftCluster.newIllegalStateExceptionForNoLeaders(MiniRaftCluster.java:506)
	at org.apache.ratis.RaftTestUtil.lambda$waitForLeader$1(RaftTestUtil.java:90)
	at org.apache.ratis.MiniRaftCluster.getLeader(MiniRaftCluster.java:539)
	at org.apache.ratis.MiniRaftCluster.getLeader(MiniRaftCluster.java:532)
	at org.apache.ratis.RaftTestUtil.lambda$waitForLeader$3(RaftTestUtil.java:98)
	at org.apache.ratis.util.JavaUtils.attempt(JavaUtils.java:152)
	at org.apache.ratis.RaftTestUtil.waitForLeader(RaftTestUtil.java:97)
	at org.apache.ratis.RaftTestUtil.waitForLeader(RaftTestUtil.java:77)
	at org.apache.ratis.RaftTestUtil.waitForLeader(RaftTestUtil.java:72)
	at org.apache.ratis.server.impl.RaftReconfigurationBaseTest.runTestNoChangeRequest(RaftReconfigurationBaseTest.java:394)
	at org.apache.ratis.MiniRaftCluster$Factory$Get.runWithNewCluster(MiniRaftCluster.java:125)
	at org.apache.ratis.MiniRaftCluster$Factory$Get.runWithNewCluster(MiniRaftCluster.java:113)
	at org.apache.ratis.server.impl.RaftReconfigurationBaseTest.testNoChangeRequest(RaftReconfigurationBaseTest.java:390)
	at sun.reflect.NativeMethodAccessorImpl.invoke0(Native Method)
	at sun.reflect.NativeMethodAccessorImpl.invoke(NativeMethodAccessorImpl.java:62)
	at sun.reflect.DelegatingMethodAccessorImpl.invoke(DelegatingMethodAccessorImpl.java:43)
	at java.lang.reflect.Method.invoke(Method.java:498)
	at org.junit.runners.model.FrameworkMethod$1.runReflectiveCall(FrameworkMethod.java:50)
	at org.junit.internal.runners.model.ReflectiveCallable.run(ReflectiveCallable.java:12)
	at org.junit.runners.model.FrameworkMethod.invokeExplosively(FrameworkMethod.java:47)
	at org.junit.internal.runners.statements.InvokeMethod.evaluate(InvokeMethod.java:17)
	at org.junit.internal.runners.statements.RunAfters.evaluate(RunAfters.java:27)
	at org.junit.internal.runners.statements.FailOnTimeout$CallableStatement.call(FailOnTimeout.java:298)
	at org.junit.internal.runners.statements.FailOnTimeout$CallableStatement.call(FailOnTimeout.java:292)
	at java.util.concurrent.FutureTask.run(FutureTask.java:266)
	at java.lang.Thread.run(Thread.java:748)
2019-09-24 17:02:21,782 INFO  ratis.MiniRaftCluster (MiniRaftCluster.java:lambda$null$5(297)) - TIMED-PRINT: printing ALL groups
  s0:  RUNNING CANDIDATE s0@group-018C702B48E5:t15, leader=null, voted=s0, raftlog=s0@group-018C702B48E5-SegmentedRaftLog:OPENED:c-1,f-1,i0, conf=-1: [s0:0.0.0.0:34748, s1:0.0.0.0:43419, s2:0.0.0.0:39849], old=null RUNNING
  s1:  RUNNING CANDIDATE s1@group-018C702B48E5:t15, leader=null, voted=s1, raftlog=s1@group-018C702B48E5-SegmentedRaftLog:OPENED:c-1,f0,i0, conf=0: [s0:0.0.0.0:34748, s1:0.0.0.0:43419, s2:0.0.0.0:39849], old=null RUNNING
  s2:  RUNNING CANDIDATE s2@group-018C702B48E5:t15, leader=null, voted=s2, raftlog=s2@group-018C702B48E5-SegmentedRaftLog:OPENED:c-1,f0,i0, conf=0: [s0:0.0.0.0:34748, s1:0.0.0.0:43419, s2:0.0.0.0:39849], old=null RUNNING
2019-09-24 17:02:22,076 WARN  ratis.RaftTestUtil (JavaUtils.java:attempt(158)) - FAILED "waitForLeader-null-(expectLeader? true)", attempt #68/100: java.lang.IllegalStateException: No leader yet : printing ALL groups
  s0:  RUNNING CANDIDATE s0@group-018C702B48E5:t15, leader=null, voted=s0, raftlog=s0@group-018C702B48E5-SegmentedRaftLog:OPENED:c-1,f-1,i0, conf=-1: [s0:0.0.0.0:34748, s1:0.0.0.0:43419, s2:0.0.0.0:39849], old=null RUNNING
  s1:  RUNNING CANDIDATE s1@group-018C702B48E5:t15, leader=null, voted=s1, raftlog=s1@group-018C702B48E5-SegmentedRaftLog:OPENED:c-1,f0,i0, conf=0: [s0:0.0.0.0:34748, s1:0.0.0.0:43419, s2:0.0.0.0:39849], old=null RUNNING
  s2:  RUNNING CANDIDATE s2@group-018C702B48E5:t15, leader=null, voted=s2, raftlog=s2@group-018C702B48E5-SegmentedRaftLog:OPENED:c-1,f0,i0, conf=0: [s0:0.0.0.0:34748, s1:0.0.0.0:43419, s2:0.0.0.0:39849], old=null RUNNING, sleep 450ms and then retry.
java.lang.IllegalStateException: No leader yet : printing ALL groups
  s0:  RUNNING CANDIDATE s0@group-018C702B48E5:t15, leader=null, voted=s0, raftlog=s0@group-018C702B48E5-SegmentedRaftLog:OPENED:c-1,f-1,i0, conf=-1: [s0:0.0.0.0:34748, s1:0.0.0.0:43419, s2:0.0.0.0:39849], old=null RUNNING
  s1:  RUNNING CANDIDATE s1@group-018C702B48E5:t15, leader=null, voted=s1, raftlog=s1@group-018C702B48E5-SegmentedRaftLog:OPENED:c-1,f0,i0, conf=0: [s0:0.0.0.0:34748, s1:0.0.0.0:43419, s2:0.0.0.0:39849], old=null RUNNING
  s2:  RUNNING CANDIDATE s2@group-018C702B48E5:t15, leader=null, voted=s2, raftlog=s2@group-018C702B48E5-SegmentedRaftLog:OPENED:c-1,f0,i0, conf=0: [s0:0.0.0.0:34748, s1:0.0.0.0:43419, s2:0.0.0.0:39849], old=null RUNNING
	at org.apache.ratis.MiniRaftCluster.newIllegalStateExceptionForNoLeaders(MiniRaftCluster.java:506)
	at org.apache.ratis.RaftTestUtil.lambda$waitForLeader$1(RaftTestUtil.java:90)
	at org.apache.ratis.MiniRaftCluster.getLeader(MiniRaftCluster.java:539)
	at org.apache.ratis.MiniRaftCluster.getLeader(MiniRaftCluster.java:532)
	at org.apache.ratis.RaftTestUtil.lambda$waitForLeader$3(RaftTestUtil.java:98)
	at org.apache.ratis.util.JavaUtils.attempt(JavaUtils.java:152)
	at org.apache.ratis.RaftTestUtil.waitForLeader(RaftTestUtil.java:97)
	at org.apache.ratis.RaftTestUtil.waitForLeader(RaftTestUtil.java:77)
	at org.apache.ratis.RaftTestUtil.waitForLeader(RaftTestUtil.java:72)
	at org.apache.ratis.server.impl.RaftReconfigurationBaseTest.runTestNoChangeRequest(RaftReconfigurationBaseTest.java:394)
	at org.apache.ratis.MiniRaftCluster$Factory$Get.runWithNewCluster(MiniRaftCluster.java:125)
	at org.apache.ratis.MiniRaftCluster$Factory$Get.runWithNewCluster(MiniRaftCluster.java:113)
	at org.apache.ratis.server.impl.RaftReconfigurationBaseTest.testNoChangeRequest(RaftReconfigurationBaseTest.java:390)
	at sun.reflect.NativeMethodAccessorImpl.invoke0(Native Method)
	at sun.reflect.NativeMethodAccessorImpl.invoke(NativeMethodAccessorImpl.java:62)
	at sun.reflect.DelegatingMethodAccessorImpl.invoke(DelegatingMethodAccessorImpl.java:43)
	at java.lang.reflect.Method.invoke(Method.java:498)
	at org.junit.runners.model.FrameworkMethod$1.runReflectiveCall(FrameworkMethod.java:50)
	at org.junit.internal.runners.model.ReflectiveCallable.run(ReflectiveCallable.java:12)
	at org.junit.runners.model.FrameworkMethod.invokeExplosively(FrameworkMethod.java:47)
	at org.junit.internal.runners.statements.InvokeMethod.evaluate(InvokeMethod.java:17)
	at org.junit.internal.runners.statements.RunAfters.evaluate(RunAfters.java:27)
	at org.junit.internal.runners.statements.FailOnTimeout$CallableStatement.call(FailOnTimeout.java:298)
	at org.junit.internal.runners.statements.FailOnTimeout$CallableStatement.call(FailOnTimeout.java:292)
	at java.util.concurrent.FutureTask.run(FutureTask.java:266)
	at java.lang.Thread.run(Thread.java:748)
2019-09-24 17:02:22,528 WARN  ratis.RaftTestUtil (JavaUtils.java:attempt(158)) - FAILED "waitForLeader-null-(expectLeader? true)", attempt #69/100: java.lang.IllegalStateException: No leader yet : printing ALL groups
  s0:  RUNNING CANDIDATE s0@group-018C702B48E5:t15, leader=null, voted=s0, raftlog=s0@group-018C702B48E5-SegmentedRaftLog:OPENED:c-1,f-1,i0, conf=-1: [s0:0.0.0.0:34748, s1:0.0.0.0:43419, s2:0.0.0.0:39849], old=null RUNNING
  s1:  RUNNING CANDIDATE s1@group-018C702B48E5:t15, leader=null, voted=s1, raftlog=s1@group-018C702B48E5-SegmentedRaftLog:OPENED:c-1,f0,i0, conf=0: [s0:0.0.0.0:34748, s1:0.0.0.0:43419, s2:0.0.0.0:39849], old=null RUNNING
  s2:  RUNNING CANDIDATE s2@group-018C702B48E5:t15, leader=null, voted=s2, raftlog=s2@group-018C702B48E5-SegmentedRaftLog:OPENED:c-1,f0,i0, conf=0: [s0:0.0.0.0:34748, s1:0.0.0.0:43419, s2:0.0.0.0:39849], old=null RUNNING, sleep 450ms and then retry.
java.lang.IllegalStateException: No leader yet : printing ALL groups
  s0:  RUNNING CANDIDATE s0@group-018C702B48E5:t15, leader=null, voted=s0, raftlog=s0@group-018C702B48E5-SegmentedRaftLog:OPENED:c-1,f-1,i0, conf=-1: [s0:0.0.0.0:34748, s1:0.0.0.0:43419, s2:0.0.0.0:39849], old=null RUNNING
  s1:  RUNNING CANDIDATE s1@group-018C702B48E5:t15, leader=null, voted=s1, raftlog=s1@group-018C702B48E5-SegmentedRaftLog:OPENED:c-1,f0,i0, conf=0: [s0:0.0.0.0:34748, s1:0.0.0.0:43419, s2:0.0.0.0:39849], old=null RUNNING
  s2:  RUNNING CANDIDATE s2@group-018C702B48E5:t15, leader=null, voted=s2, raftlog=s2@group-018C702B48E5-SegmentedRaftLog:OPENED:c-1,f0,i0, conf=0: [s0:0.0.0.0:34748, s1:0.0.0.0:43419, s2:0.0.0.0:39849], old=null RUNNING
	at org.apache.ratis.MiniRaftCluster.newIllegalStateExceptionForNoLeaders(MiniRaftCluster.java:506)
	at org.apache.ratis.RaftTestUtil.lambda$waitForLeader$1(RaftTestUtil.java:90)
	at org.apache.ratis.MiniRaftCluster.getLeader(MiniRaftCluster.java:539)
	at org.apache.ratis.MiniRaftCluster.getLeader(MiniRaftCluster.java:532)
	at org.apache.ratis.RaftTestUtil.lambda$waitForLeader$3(RaftTestUtil.java:98)
	at org.apache.ratis.util.JavaUtils.attempt(JavaUtils.java:152)
	at org.apache.ratis.RaftTestUtil.waitForLeader(RaftTestUtil.java:97)
	at org.apache.ratis.RaftTestUtil.waitForLeader(RaftTestUtil.java:77)
	at org.apache.ratis.RaftTestUtil.waitForLeader(RaftTestUtil.java:72)
	at org.apache.ratis.server.impl.RaftReconfigurationBaseTest.runTestNoChangeRequest(RaftReconfigurationBaseTest.java:394)
	at org.apache.ratis.MiniRaftCluster$Factory$Get.runWithNewCluster(MiniRaftCluster.java:125)
	at org.apache.ratis.MiniRaftCluster$Factory$Get.runWithNewCluster(MiniRaftCluster.java:113)
	at org.apache.ratis.server.impl.RaftReconfigurationBaseTest.testNoChangeRequest(RaftReconfigurationBaseTest.java:390)
	at sun.reflect.NativeMethodAccessorImpl.invoke0(Native Method)
	at sun.reflect.NativeMethodAccessorImpl.invoke(NativeMethodAccessorImpl.java:62)
	at sun.reflect.DelegatingMethodAccessorImpl.invoke(DelegatingMethodAccessorImpl.java:43)
	at java.lang.reflect.Method.invoke(Method.java:498)
	at org.junit.runners.model.FrameworkMethod$1.runReflectiveCall(FrameworkMethod.java:50)
	at org.junit.internal.runners.model.ReflectiveCallable.run(ReflectiveCallable.java:12)
	at org.junit.runners.model.FrameworkMethod.invokeExplosively(FrameworkMethod.java:47)
	at org.junit.internal.runners.statements.InvokeMethod.evaluate(InvokeMethod.java:17)
	at org.junit.internal.runners.statements.RunAfters.evaluate(RunAfters.java:27)
	at org.junit.internal.runners.statements.FailOnTimeout$CallableStatement.call(FailOnTimeout.java:298)
	at org.junit.internal.runners.statements.FailOnTimeout$CallableStatement.call(FailOnTimeout.java:292)
	at java.util.concurrent.FutureTask.run(FutureTask.java:266)
	at java.lang.Thread.run(Thread.java:748)
2019-09-24 17:02:22,980 WARN  ratis.RaftTestUtil (JavaUtils.java:attempt(158)) - FAILED "waitForLeader-null-(expectLeader? true)", attempt #70/100: java.lang.IllegalStateException: No leader yet : printing ALL groups
  s0:  RUNNING CANDIDATE s0@group-018C702B48E5:t15, leader=null, voted=s0, raftlog=s0@group-018C702B48E5-SegmentedRaftLog:OPENED:c-1,f-1,i0, conf=-1: [s0:0.0.0.0:34748, s1:0.0.0.0:43419, s2:0.0.0.0:39849], old=null RUNNING
  s1:  RUNNING CANDIDATE s1@group-018C702B48E5:t15, leader=null, voted=s1, raftlog=s1@group-018C702B48E5-SegmentedRaftLog:OPENED:c-1,f0,i0, conf=0: [s0:0.0.0.0:34748, s1:0.0.0.0:43419, s2:0.0.0.0:39849], old=null RUNNING
  s2:  RUNNING CANDIDATE s2@group-018C702B48E5:t15, leader=null, voted=s2, raftlog=s2@group-018C702B48E5-SegmentedRaftLog:OPENED:c-1,f0,i0, conf=0: [s0:0.0.0.0:34748, s1:0.0.0.0:43419, s2:0.0.0.0:39849], old=null RUNNING, sleep 450ms and then retry.
java.lang.IllegalStateException: No leader yet : printing ALL groups
  s0:  RUNNING CANDIDATE s0@group-018C702B48E5:t15, leader=null, voted=s0, raftlog=s0@group-018C702B48E5-SegmentedRaftLog:OPENED:c-1,f-1,i0, conf=-1: [s0:0.0.0.0:34748, s1:0.0.0.0:43419, s2:0.0.0.0:39849], old=null RUNNING
  s1:  RUNNING CANDIDATE s1@group-018C702B48E5:t15, leader=null, voted=s1, raftlog=s1@group-018C702B48E5-SegmentedRaftLog:OPENED:c-1,f0,i0, conf=0: [s0:0.0.0.0:34748, s1:0.0.0.0:43419, s2:0.0.0.0:39849], old=null RUNNING
  s2:  RUNNING CANDIDATE s2@group-018C702B48E5:t15, leader=null, voted=s2, raftlog=s2@group-018C702B48E5-SegmentedRaftLog:OPENED:c-1,f0,i0, conf=0: [s0:0.0.0.0:34748, s1:0.0.0.0:43419, s2:0.0.0.0:39849], old=null RUNNING
	at org.apache.ratis.MiniRaftCluster.newIllegalStateExceptionForNoLeaders(MiniRaftCluster.java:506)
	at org.apache.ratis.RaftTestUtil.lambda$waitForLeader$1(RaftTestUtil.java:90)
	at org.apache.ratis.MiniRaftCluster.getLeader(MiniRaftCluster.java:539)
	at org.apache.ratis.MiniRaftCluster.getLeader(MiniRaftCluster.java:532)
	at org.apache.ratis.RaftTestUtil.lambda$waitForLeader$3(RaftTestUtil.java:98)
	at org.apache.ratis.util.JavaUtils.attempt(JavaUtils.java:152)
	at org.apache.ratis.RaftTestUtil.waitForLeader(RaftTestUtil.java:97)
	at org.apache.ratis.RaftTestUtil.waitForLeader(RaftTestUtil.java:77)
	at org.apache.ratis.RaftTestUtil.waitForLeader(RaftTestUtil.java:72)
	at org.apache.ratis.server.impl.RaftReconfigurationBaseTest.runTestNoChangeRequest(RaftReconfigurationBaseTest.java:394)
	at org.apache.ratis.MiniRaftCluster$Factory$Get.runWithNewCluster(MiniRaftCluster.java:125)
	at org.apache.ratis.MiniRaftCluster$Factory$Get.runWithNewCluster(MiniRaftCluster.java:113)
	at org.apache.ratis.server.impl.RaftReconfigurationBaseTest.testNoChangeRequest(RaftReconfigurationBaseTest.java:390)
	at sun.reflect.NativeMethodAccessorImpl.invoke0(Native Method)
	at sun.reflect.NativeMethodAccessorImpl.invoke(NativeMethodAccessorImpl.java:62)
	at sun.reflect.DelegatingMethodAccessorImpl.invoke(DelegatingMethodAccessorImpl.java:43)
	at java.lang.reflect.Method.invoke(Method.java:498)
	at org.junit.runners.model.FrameworkMethod$1.runReflectiveCall(FrameworkMethod.java:50)
	at org.junit.internal.runners.model.ReflectiveCallable.run(ReflectiveCallable.java:12)
	at org.junit.runners.model.FrameworkMethod.invokeExplosively(FrameworkMethod.java:47)
	at org.junit.internal.runners.statements.InvokeMethod.evaluate(InvokeMethod.java:17)
	at org.junit.internal.runners.statements.RunAfters.evaluate(RunAfters.java:27)
	at org.junit.internal.runners.statements.FailOnTimeout$CallableStatement.call(FailOnTimeout.java:298)
	at org.junit.internal.runners.statements.FailOnTimeout$CallableStatement.call(FailOnTimeout.java:292)
	at java.util.concurrent.FutureTask.run(FutureTask.java:266)
	at java.lang.Thread.run(Thread.java:748)
2019-09-24 17:02:23,431 WARN  ratis.RaftTestUtil (JavaUtils.java:attempt(158)) - FAILED "waitForLeader-null-(expectLeader? true)", attempt #71/100: java.lang.IllegalStateException: No leader yet : printing ALL groups
  s0:  RUNNING CANDIDATE s0@group-018C702B48E5:t15, leader=null, voted=s0, raftlog=s0@group-018C702B48E5-SegmentedRaftLog:OPENED:c-1,f-1,i0, conf=-1: [s0:0.0.0.0:34748, s1:0.0.0.0:43419, s2:0.0.0.0:39849], old=null RUNNING
  s1:  RUNNING CANDIDATE s1@group-018C702B48E5:t15, leader=null, voted=s1, raftlog=s1@group-018C702B48E5-SegmentedRaftLog:OPENED:c-1,f0,i0, conf=0: [s0:0.0.0.0:34748, s1:0.0.0.0:43419, s2:0.0.0.0:39849], old=null RUNNING
  s2:  RUNNING CANDIDATE s2@group-018C702B48E5:t15, leader=null, voted=s2, raftlog=s2@group-018C702B48E5-SegmentedRaftLog:OPENED:c-1,f0,i0, conf=0: [s0:0.0.0.0:34748, s1:0.0.0.0:43419, s2:0.0.0.0:39849], old=null RUNNING, sleep 450ms and then retry.
java.lang.IllegalStateException: No leader yet : printing ALL groups
  s0:  RUNNING CANDIDATE s0@group-018C702B48E5:t15, leader=null, voted=s0, raftlog=s0@group-018C702B48E5-SegmentedRaftLog:OPENED:c-1,f-1,i0, conf=-1: [s0:0.0.0.0:34748, s1:0.0.0.0:43419, s2:0.0.0.0:39849], old=null RUNNING
  s1:  RUNNING CANDIDATE s1@group-018C702B48E5:t15, leader=null, voted=s1, raftlog=s1@group-018C702B48E5-SegmentedRaftLog:OPENED:c-1,f0,i0, conf=0: [s0:0.0.0.0:34748, s1:0.0.0.0:43419, s2:0.0.0.0:39849], old=null RUNNING
  s2:  RUNNING CANDIDATE s2@group-018C702B48E5:t15, leader=null, voted=s2, raftlog=s2@group-018C702B48E5-SegmentedRaftLog:OPENED:c-1,f0,i0, conf=0: [s0:0.0.0.0:34748, s1:0.0.0.0:43419, s2:0.0.0.0:39849], old=null RUNNING
	at org.apache.ratis.MiniRaftCluster.newIllegalStateExceptionForNoLeaders(MiniRaftCluster.java:506)
	at org.apache.ratis.RaftTestUtil.lambda$waitForLeader$1(RaftTestUtil.java:90)
	at org.apache.ratis.MiniRaftCluster.getLeader(MiniRaftCluster.java:539)
	at org.apache.ratis.MiniRaftCluster.getLeader(MiniRaftCluster.java:532)
	at org.apache.ratis.RaftTestUtil.lambda$waitForLeader$3(RaftTestUtil.java:98)
	at org.apache.ratis.util.JavaUtils.attempt(JavaUtils.java:152)
	at org.apache.ratis.RaftTestUtil.waitForLeader(RaftTestUtil.java:97)
	at org.apache.ratis.RaftTestUtil.waitForLeader(RaftTestUtil.java:77)
	at org.apache.ratis.RaftTestUtil.waitForLeader(RaftTestUtil.java:72)
	at org.apache.ratis.server.impl.RaftReconfigurationBaseTest.runTestNoChangeRequest(RaftReconfigurationBaseTest.java:394)
	at org.apache.ratis.MiniRaftCluster$Factory$Get.runWithNewCluster(MiniRaftCluster.java:125)
	at org.apache.ratis.MiniRaftCluster$Factory$Get.runWithNewCluster(MiniRaftCluster.java:113)
	at org.apache.ratis.server.impl.RaftReconfigurationBaseTest.testNoChangeRequest(RaftReconfigurationBaseTest.java:390)
	at sun.reflect.NativeMethodAccessorImpl.invoke0(Native Method)
	at sun.reflect.NativeMethodAccessorImpl.invoke(NativeMethodAccessorImpl.java:62)
	at sun.reflect.DelegatingMethodAccessorImpl.invoke(DelegatingMethodAccessorImpl.java:43)
	at java.lang.reflect.Method.invoke(Method.java:498)
	at org.junit.runners.model.FrameworkMethod$1.runReflectiveCall(FrameworkMethod.java:50)
	at org.junit.internal.runners.model.ReflectiveCallable.run(ReflectiveCallable.java:12)
	at org.junit.runners.model.FrameworkMethod.invokeExplosively(FrameworkMethod.java:47)
	at org.junit.internal.runners.statements.InvokeMethod.evaluate(InvokeMethod.java:17)
	at org.junit.internal.runners.statements.RunAfters.evaluate(RunAfters.java:27)
	at org.junit.internal.runners.statements.FailOnTimeout$CallableStatement.call(FailOnTimeout.java:298)
	at org.junit.internal.runners.statements.FailOnTimeout$CallableStatement.call(FailOnTimeout.java:292)
	at java.util.concurrent.FutureTask.run(FutureTask.java:266)
	at java.lang.Thread.run(Thread.java:748)
2019-09-24 17:02:23,883 WARN  ratis.RaftTestUtil (JavaUtils.java:attempt(158)) - FAILED "waitForLeader-null-(expectLeader? true)", attempt #72/100: java.lang.IllegalStateException: No leader yet : printing ALL groups
  s0:  RUNNING CANDIDATE s0@group-018C702B48E5:t15, leader=null, voted=s0, raftlog=s0@group-018C702B48E5-SegmentedRaftLog:OPENED:c-1,f-1,i0, conf=-1: [s0:0.0.0.0:34748, s1:0.0.0.0:43419, s2:0.0.0.0:39849], old=null RUNNING
  s1:  RUNNING CANDIDATE s1@group-018C702B48E5:t15, leader=null, voted=s1, raftlog=s1@group-018C702B48E5-SegmentedRaftLog:OPENED:c-1,f0,i0, conf=0: [s0:0.0.0.0:34748, s1:0.0.0.0:43419, s2:0.0.0.0:39849], old=null RUNNING
  s2:  RUNNING CANDIDATE s2@group-018C702B48E5:t15, leader=null, voted=s2, raftlog=s2@group-018C702B48E5-SegmentedRaftLog:OPENED:c-1,f0,i0, conf=0: [s0:0.0.0.0:34748, s1:0.0.0.0:43419, s2:0.0.0.0:39849], old=null RUNNING, sleep 450ms and then retry.
java.lang.IllegalStateException: No leader yet : printing ALL groups
  s0:  RUNNING CANDIDATE s0@group-018C702B48E5:t15, leader=null, voted=s0, raftlog=s0@group-018C702B48E5-SegmentedRaftLog:OPENED:c-1,f-1,i0, conf=-1: [s0:0.0.0.0:34748, s1:0.0.0.0:43419, s2:0.0.0.0:39849], old=null RUNNING
  s1:  RUNNING CANDIDATE s1@group-018C702B48E5:t15, leader=null, voted=s1, raftlog=s1@group-018C702B48E5-SegmentedRaftLog:OPENED:c-1,f0,i0, conf=0: [s0:0.0.0.0:34748, s1:0.0.0.0:43419, s2:0.0.0.0:39849], old=null RUNNING
  s2:  RUNNING CANDIDATE s2@group-018C702B48E5:t15, leader=null, voted=s2, raftlog=s2@group-018C702B48E5-SegmentedRaftLog:OPENED:c-1,f0,i0, conf=0: [s0:0.0.0.0:34748, s1:0.0.0.0:43419, s2:0.0.0.0:39849], old=null RUNNING
	at org.apache.ratis.MiniRaftCluster.newIllegalStateExceptionForNoLeaders(MiniRaftCluster.java:506)
	at org.apache.ratis.RaftTestUtil.lambda$waitForLeader$1(RaftTestUtil.java:90)
	at org.apache.ratis.MiniRaftCluster.getLeader(MiniRaftCluster.java:539)
	at org.apache.ratis.MiniRaftCluster.getLeader(MiniRaftCluster.java:532)
	at org.apache.ratis.RaftTestUtil.lambda$waitForLeader$3(RaftTestUtil.java:98)
	at org.apache.ratis.util.JavaUtils.attempt(JavaUtils.java:152)
	at org.apache.ratis.RaftTestUtil.waitForLeader(RaftTestUtil.java:97)
	at org.apache.ratis.RaftTestUtil.waitForLeader(RaftTestUtil.java:77)
	at org.apache.ratis.RaftTestUtil.waitForLeader(RaftTestUtil.java:72)
	at org.apache.ratis.server.impl.RaftReconfigurationBaseTest.runTestNoChangeRequest(RaftReconfigurationBaseTest.java:394)
	at org.apache.ratis.MiniRaftCluster$Factory$Get.runWithNewCluster(MiniRaftCluster.java:125)
	at org.apache.ratis.MiniRaftCluster$Factory$Get.runWithNewCluster(MiniRaftCluster.java:113)
	at org.apache.ratis.server.impl.RaftReconfigurationBaseTest.testNoChangeRequest(RaftReconfigurationBaseTest.java:390)
	at sun.reflect.NativeMethodAccessorImpl.invoke0(Native Method)
	at sun.reflect.NativeMethodAccessorImpl.invoke(NativeMethodAccessorImpl.java:62)
	at sun.reflect.DelegatingMethodAccessorImpl.invoke(DelegatingMethodAccessorImpl.java:43)
	at java.lang.reflect.Method.invoke(Method.java:498)
	at org.junit.runners.model.FrameworkMethod$1.runReflectiveCall(FrameworkMethod.java:50)
	at org.junit.internal.runners.model.ReflectiveCallable.run(ReflectiveCallable.java:12)
	at org.junit.runners.model.FrameworkMethod.invokeExplosively(FrameworkMethod.java:47)
	at org.junit.internal.runners.statements.InvokeMethod.evaluate(InvokeMethod.java:17)
	at org.junit.internal.runners.statements.RunAfters.evaluate(RunAfters.java:27)
	at org.junit.internal.runners.statements.FailOnTimeout$CallableStatement.call(FailOnTimeout.java:298)
	at org.junit.internal.runners.statements.FailOnTimeout$CallableStatement.call(FailOnTimeout.java:292)
	at java.util.concurrent.FutureTask.run(FutureTask.java:266)
	at java.lang.Thread.run(Thread.java:748)
2019-09-24 17:02:24,335 WARN  ratis.RaftTestUtil (JavaUtils.java:attempt(158)) - FAILED "waitForLeader-null-(expectLeader? true)", attempt #73/100: java.lang.IllegalStateException: No leader yet : printing ALL groups
  s0:  RUNNING CANDIDATE s0@group-018C702B48E5:t15, leader=null, voted=s0, raftlog=s0@group-018C702B48E5-SegmentedRaftLog:OPENED:c-1,f-1,i0, conf=-1: [s0:0.0.0.0:34748, s1:0.0.0.0:43419, s2:0.0.0.0:39849], old=null RUNNING
  s1:  RUNNING CANDIDATE s1@group-018C702B48E5:t15, leader=null, voted=s1, raftlog=s1@group-018C702B48E5-SegmentedRaftLog:OPENED:c-1,f0,i0, conf=0: [s0:0.0.0.0:34748, s1:0.0.0.0:43419, s2:0.0.0.0:39849], old=null RUNNING
  s2:  RUNNING CANDIDATE s2@group-018C702B48E5:t15, leader=null, voted=s2, raftlog=s2@group-018C702B48E5-SegmentedRaftLog:OPENED:c-1,f0,i0, conf=0: [s0:0.0.0.0:34748, s1:0.0.0.0:43419, s2:0.0.0.0:39849], old=null RUNNING, sleep 450ms and then retry.
java.lang.IllegalStateException: No leader yet : printing ALL groups
  s0:  RUNNING CANDIDATE s0@group-018C702B48E5:t15, leader=null, voted=s0, raftlog=s0@group-018C702B48E5-SegmentedRaftLog:OPENED:c-1,f-1,i0, conf=-1: [s0:0.0.0.0:34748, s1:0.0.0.0:43419, s2:0.0.0.0:39849], old=null RUNNING
  s1:  RUNNING CANDIDATE s1@group-018C702B48E5:t15, leader=null, voted=s1, raftlog=s1@group-018C702B48E5-SegmentedRaftLog:OPENED:c-1,f0,i0, conf=0: [s0:0.0.0.0:34748, s1:0.0.0.0:43419, s2:0.0.0.0:39849], old=null RUNNING
  s2:  RUNNING CANDIDATE s2@group-018C702B48E5:t15, leader=null, voted=s2, raftlog=s2@group-018C702B48E5-SegmentedRaftLog:OPENED:c-1,f0,i0, conf=0: [s0:0.0.0.0:34748, s1:0.0.0.0:43419, s2:0.0.0.0:39849], old=null RUNNING
	at org.apache.ratis.MiniRaftCluster.newIllegalStateExceptionForNoLeaders(MiniRaftCluster.java:506)
	at org.apache.ratis.RaftTestUtil.lambda$waitForLeader$1(RaftTestUtil.java:90)
	at org.apache.ratis.MiniRaftCluster.getLeader(MiniRaftCluster.java:539)
	at org.apache.ratis.MiniRaftCluster.getLeader(MiniRaftCluster.java:532)
	at org.apache.ratis.RaftTestUtil.lambda$waitForLeader$3(RaftTestUtil.java:98)
	at org.apache.ratis.util.JavaUtils.attempt(JavaUtils.java:152)
	at org.apache.ratis.RaftTestUtil.waitForLeader(RaftTestUtil.java:97)
	at org.apache.ratis.RaftTestUtil.waitForLeader(RaftTestUtil.java:77)
	at org.apache.ratis.RaftTestUtil.waitForLeader(RaftTestUtil.java:72)
	at org.apache.ratis.server.impl.RaftReconfigurationBaseTest.runTestNoChangeRequest(RaftReconfigurationBaseTest.java:394)
	at org.apache.ratis.MiniRaftCluster$Factory$Get.runWithNewCluster(MiniRaftCluster.java:125)
	at org.apache.ratis.MiniRaftCluster$Factory$Get.runWithNewCluster(MiniRaftCluster.java:113)
	at org.apache.ratis.server.impl.RaftReconfigurationBaseTest.testNoChangeRequest(RaftReconfigurationBaseTest.java:390)
	at sun.reflect.NativeMethodAccessorImpl.invoke0(Native Method)
	at sun.reflect.NativeMethodAccessorImpl.invoke(NativeMethodAccessorImpl.java:62)
	at sun.reflect.DelegatingMethodAccessorImpl.invoke(DelegatingMethodAccessorImpl.java:43)
	at java.lang.reflect.Method.invoke(Method.java:498)
	at org.junit.runners.model.FrameworkMethod$1.runReflectiveCall(FrameworkMethod.java:50)
	at org.junit.internal.runners.model.ReflectiveCallable.run(ReflectiveCallable.java:12)
	at org.junit.runners.model.FrameworkMethod.invokeExplosively(FrameworkMethod.java:47)
	at org.junit.internal.runners.statements.InvokeMethod.evaluate(InvokeMethod.java:17)
	at org.junit.internal.runners.statements.RunAfters.evaluate(RunAfters.java:27)
	at org.junit.internal.runners.statements.FailOnTimeout$CallableStatement.call(FailOnTimeout.java:298)
	at org.junit.internal.runners.statements.FailOnTimeout$CallableStatement.call(FailOnTimeout.java:292)
	at java.util.concurrent.FutureTask.run(FutureTask.java:266)
	at java.lang.Thread.run(Thread.java:748)
2019-09-24 17:02:24,787 WARN  ratis.RaftTestUtil (JavaUtils.java:attempt(158)) - FAILED "waitForLeader-null-(expectLeader? true)", attempt #74/100: java.lang.IllegalStateException: No leader yet : printing ALL groups
  s0:  RUNNING CANDIDATE s0@group-018C702B48E5:t15, leader=null, voted=s0, raftlog=s0@group-018C702B48E5-SegmentedRaftLog:OPENED:c-1,f-1,i0, conf=-1: [s0:0.0.0.0:34748, s1:0.0.0.0:43419, s2:0.0.0.0:39849], old=null RUNNING
  s1:  RUNNING CANDIDATE s1@group-018C702B48E5:t15, leader=null, voted=s1, raftlog=s1@group-018C702B48E5-SegmentedRaftLog:OPENED:c-1,f0,i0, conf=0: [s0:0.0.0.0:34748, s1:0.0.0.0:43419, s2:0.0.0.0:39849], old=null RUNNING
  s2:  RUNNING CANDIDATE s2@group-018C702B48E5:t15, leader=null, voted=s2, raftlog=s2@group-018C702B48E5-SegmentedRaftLog:OPENED:c-1,f0,i0, conf=0: [s0:0.0.0.0:34748, s1:0.0.0.0:43419, s2:0.0.0.0:39849], old=null RUNNING, sleep 450ms and then retry.
java.lang.IllegalStateException: No leader yet : printing ALL groups
  s0:  RUNNING CANDIDATE s0@group-018C702B48E5:t15, leader=null, voted=s0, raftlog=s0@group-018C702B48E5-SegmentedRaftLog:OPENED:c-1,f-1,i0, conf=-1: [s0:0.0.0.0:34748, s1:0.0.0.0:43419, s2:0.0.0.0:39849], old=null RUNNING
  s1:  RUNNING CANDIDATE s1@group-018C702B48E5:t15, leader=null, voted=s1, raftlog=s1@group-018C702B48E5-SegmentedRaftLog:OPENED:c-1,f0,i0, conf=0: [s0:0.0.0.0:34748, s1:0.0.0.0:43419, s2:0.0.0.0:39849], old=null RUNNING
  s2:  RUNNING CANDIDATE s2@group-018C702B48E5:t15, leader=null, voted=s2, raftlog=s2@group-018C702B48E5-SegmentedRaftLog:OPENED:c-1,f0,i0, conf=0: [s0:0.0.0.0:34748, s1:0.0.0.0:43419, s2:0.0.0.0:39849], old=null RUNNING
	at org.apache.ratis.MiniRaftCluster.newIllegalStateExceptionForNoLeaders(MiniRaftCluster.java:506)
	at org.apache.ratis.RaftTestUtil.lambda$waitForLeader$1(RaftTestUtil.java:90)
	at org.apache.ratis.MiniRaftCluster.getLeader(MiniRaftCluster.java:539)
	at org.apache.ratis.MiniRaftCluster.getLeader(MiniRaftCluster.java:532)
	at org.apache.ratis.RaftTestUtil.lambda$waitForLeader$3(RaftTestUtil.java:98)
	at org.apache.ratis.util.JavaUtils.attempt(JavaUtils.java:152)
	at org.apache.ratis.RaftTestUtil.waitForLeader(RaftTestUtil.java:97)
	at org.apache.ratis.RaftTestUtil.waitForLeader(RaftTestUtil.java:77)
	at org.apache.ratis.RaftTestUtil.waitForLeader(RaftTestUtil.java:72)
	at org.apache.ratis.server.impl.RaftReconfigurationBaseTest.runTestNoChangeRequest(RaftReconfigurationBaseTest.java:394)
	at org.apache.ratis.MiniRaftCluster$Factory$Get.runWithNewCluster(MiniRaftCluster.java:125)
	at org.apache.ratis.MiniRaftCluster$Factory$Get.runWithNewCluster(MiniRaftCluster.java:113)
	at org.apache.ratis.server.impl.RaftReconfigurationBaseTest.testNoChangeRequest(RaftReconfigurationBaseTest.java:390)
	at sun.reflect.NativeMethodAccessorImpl.invoke0(Native Method)
	at sun.reflect.NativeMethodAccessorImpl.invoke(NativeMethodAccessorImpl.java:62)
	at sun.reflect.DelegatingMethodAccessorImpl.invoke(DelegatingMethodAccessorImpl.java:43)
	at java.lang.reflect.Method.invoke(Method.java:498)
	at org.junit.runners.model.FrameworkMethod$1.runReflectiveCall(FrameworkMethod.java:50)
	at org.junit.internal.runners.model.ReflectiveCallable.run(ReflectiveCallable.java:12)
	at org.junit.runners.model.FrameworkMethod.invokeExplosively(FrameworkMethod.java:47)
	at org.junit.internal.runners.statements.InvokeMethod.evaluate(InvokeMethod.java:17)
	at org.junit.internal.runners.statements.RunAfters.evaluate(RunAfters.java:27)
	at org.junit.internal.runners.statements.FailOnTimeout$CallableStatement.call(FailOnTimeout.java:298)
	at org.junit.internal.runners.statements.FailOnTimeout$CallableStatement.call(FailOnTimeout.java:292)
	at java.util.concurrent.FutureTask.run(FutureTask.java:266)
	at java.lang.Thread.run(Thread.java:748)
2019-09-24 17:02:25,238 WARN  ratis.RaftTestUtil (JavaUtils.java:attempt(158)) - FAILED "waitForLeader-null-(expectLeader? true)", attempt #75/100: java.lang.IllegalStateException: No leader yet : printing ALL groups
  s0:  RUNNING CANDIDATE s0@group-018C702B48E5:t15, leader=null, voted=s0, raftlog=s0@group-018C702B48E5-SegmentedRaftLog:OPENED:c-1,f-1,i0, conf=-1: [s0:0.0.0.0:34748, s1:0.0.0.0:43419, s2:0.0.0.0:39849], old=null RUNNING
  s1:  RUNNING CANDIDATE s1@group-018C702B48E5:t15, leader=null, voted=s1, raftlog=s1@group-018C702B48E5-SegmentedRaftLog:OPENED:c-1,f0,i0, conf=0: [s0:0.0.0.0:34748, s1:0.0.0.0:43419, s2:0.0.0.0:39849], old=null RUNNING
  s2:  RUNNING CANDIDATE s2@group-018C702B48E5:t15, leader=null, voted=s2, raftlog=s2@group-018C702B48E5-SegmentedRaftLog:OPENED:c-1,f0,i0, conf=0: [s0:0.0.0.0:34748, s1:0.0.0.0:43419, s2:0.0.0.0:39849], old=null RUNNING, sleep 450ms and then retry.
java.lang.IllegalStateException: No leader yet : printing ALL groups
  s0:  RUNNING CANDIDATE s0@group-018C702B48E5:t15, leader=null, voted=s0, raftlog=s0@group-018C702B48E5-SegmentedRaftLog:OPENED:c-1,f-1,i0, conf=-1: [s0:0.0.0.0:34748, s1:0.0.0.0:43419, s2:0.0.0.0:39849], old=null RUNNING
  s1:  RUNNING CANDIDATE s1@group-018C702B48E5:t15, leader=null, voted=s1, raftlog=s1@group-018C702B48E5-SegmentedRaftLog:OPENED:c-1,f0,i0, conf=0: [s0:0.0.0.0:34748, s1:0.0.0.0:43419, s2:0.0.0.0:39849], old=null RUNNING
  s2:  RUNNING CANDIDATE s2@group-018C702B48E5:t15, leader=null, voted=s2, raftlog=s2@group-018C702B48E5-SegmentedRaftLog:OPENED:c-1,f0,i0, conf=0: [s0:0.0.0.0:34748, s1:0.0.0.0:43419, s2:0.0.0.0:39849], old=null RUNNING
	at org.apache.ratis.MiniRaftCluster.newIllegalStateExceptionForNoLeaders(MiniRaftCluster.java:506)
	at org.apache.ratis.RaftTestUtil.lambda$waitForLeader$1(RaftTestUtil.java:90)
	at org.apache.ratis.MiniRaftCluster.getLeader(MiniRaftCluster.java:539)
	at org.apache.ratis.MiniRaftCluster.getLeader(MiniRaftCluster.java:532)
	at org.apache.ratis.RaftTestUtil.lambda$waitForLeader$3(RaftTestUtil.java:98)
	at org.apache.ratis.util.JavaUtils.attempt(JavaUtils.java:152)
	at org.apache.ratis.RaftTestUtil.waitForLeader(RaftTestUtil.java:97)
	at org.apache.ratis.RaftTestUtil.waitForLeader(RaftTestUtil.java:77)
	at org.apache.ratis.RaftTestUtil.waitForLeader(RaftTestUtil.java:72)
	at org.apache.ratis.server.impl.RaftReconfigurationBaseTest.runTestNoChangeRequest(RaftReconfigurationBaseTest.java:394)
	at org.apache.ratis.MiniRaftCluster$Factory$Get.runWithNewCluster(MiniRaftCluster.java:125)
	at org.apache.ratis.MiniRaftCluster$Factory$Get.runWithNewCluster(MiniRaftCluster.java:113)
	at org.apache.ratis.server.impl.RaftReconfigurationBaseTest.testNoChangeRequest(RaftReconfigurationBaseTest.java:390)
	at sun.reflect.NativeMethodAccessorImpl.invoke0(Native Method)
	at sun.reflect.NativeMethodAccessorImpl.invoke(NativeMethodAccessorImpl.java:62)
	at sun.reflect.DelegatingMethodAccessorImpl.invoke(DelegatingMethodAccessorImpl.java:43)
	at java.lang.reflect.Method.invoke(Method.java:498)
	at org.junit.runners.model.FrameworkMethod$1.runReflectiveCall(FrameworkMethod.java:50)
	at org.junit.internal.runners.model.ReflectiveCallable.run(ReflectiveCallable.java:12)
	at org.junit.runners.model.FrameworkMethod.invokeExplosively(FrameworkMethod.java:47)
	at org.junit.internal.runners.statements.InvokeMethod.evaluate(InvokeMethod.java:17)
	at org.junit.internal.runners.statements.RunAfters.evaluate(RunAfters.java:27)
	at org.junit.internal.runners.statements.FailOnTimeout$CallableStatement.call(FailOnTimeout.java:298)
	at org.junit.internal.runners.statements.FailOnTimeout$CallableStatement.call(FailOnTimeout.java:292)
	at java.util.concurrent.FutureTask.run(FutureTask.java:266)
	at java.lang.Thread.run(Thread.java:748)
2019-09-24 17:02:25,676 INFO  impl.LeaderElection (LeaderElection.java:askForVotes(178)) - s1@group-018C702B48E5-LeaderElection27: begin an election at term 15 for 0: [s0:0.0.0.0:34748, s1:0.0.0.0:43419, s2:0.0.0.0:39849], old=null
2019-09-24 17:02:25,676 INFO  impl.LeaderElection (LeaderElection.java:askForVotes(178)) - s0@group-018C702B48E5-LeaderElection26: begin an election at term 15 for -1: [s0:0.0.0.0:34748, s1:0.0.0.0:43419, s2:0.0.0.0:39849], old=null
2019-09-24 17:02:25,676 INFO  impl.LeaderElection (LeaderElection.java:askForVotes(178)) - s2@group-018C702B48E5-LeaderElection28: begin an election at term 15 for 0: [s0:0.0.0.0:34748, s1:0.0.0.0:43419, s2:0.0.0.0:39849], old=null
2019-09-24 17:02:25,679 DEBUG impl.RaftServerImpl (RaftServerImpl.java:requestVote(743)) - s0@group-018C702B48E5: receive requestVote(s1, group-018C702B48E5, 15, (t:2, i:0))
2019-09-24 17:02:25,679 DEBUG impl.RaftServerImpl (RaftServerImpl.java:requestVote(743)) - s1@group-018C702B48E5: receive requestVote(s0, group-018C702B48E5, 15, (t:0, i:0))
2019-09-24 17:02:25,679 DEBUG impl.RaftServerImpl (RaftServerImpl.java:requestVote(743)) - s0@group-018C702B48E5: receive requestVote(s2, group-018C702B48E5, 15, (t:2, i:0))
2019-09-24 17:02:25,679 DEBUG impl.RaftServerImpl (RaftServerImpl.java:requestVote(743)) - s1@group-018C702B48E5: receive requestVote(s2, group-018C702B48E5, 15, (t:2, i:0))
2019-09-24 17:02:25,679 DEBUG impl.RaftServerImpl (RaftServerImpl.java:requestVote(743)) - s2@group-018C702B48E5: receive requestVote(s1, group-018C702B48E5, 15, (t:2, i:0))
2019-09-24 17:02:25,679 DEBUG impl.RaftServerImpl (RaftServerImpl.java:requestVote(775)) - s1@group-018C702B48E5 replies to vote request: s0<-s1#0:FAIL-t15. Peer's state: s1@group-018C702B48E5:t15, leader=null, voted=s1, raftlog=s1@group-018C702B48E5-SegmentedRaftLog:OPENED:c-1,f0,i0, conf=0: [s0:0.0.0.0:34748, s1:0.0.0.0:43419, s2:0.0.0.0:39849], old=null
2019-09-24 17:02:25,679 DEBUG impl.RaftServerImpl (RaftServerImpl.java:requestVote(743)) - s2@group-018C702B48E5: receive requestVote(s0, group-018C702B48E5, 15, (t:0, i:0))
2019-09-24 17:02:25,679 DEBUG impl.RaftServerImpl (RaftServerImpl.java:requestVote(775)) - s0@group-018C702B48E5 replies to vote request: s1<-s0#0:FAIL-t15. Peer's state: s0@group-018C702B48E5:t15, leader=null, voted=s0, raftlog=s0@group-018C702B48E5-SegmentedRaftLog:OPENED:c-1,f-1,i0, conf=-1: [s0:0.0.0.0:34748, s1:0.0.0.0:43419, s2:0.0.0.0:39849], old=null
2019-09-24 17:02:25,680 DEBUG impl.RaftServerImpl (RaftServerImpl.java:requestVote(775)) - s1@group-018C702B48E5 replies to vote request: s2<-s1#0:FAIL-t15. Peer's state: s1@group-018C702B48E5:t15, leader=null, voted=s1, raftlog=s1@group-018C702B48E5-SegmentedRaftLog:OPENED:c-1,f0,i0, conf=0: [s0:0.0.0.0:34748, s1:0.0.0.0:43419, s2:0.0.0.0:39849], old=null
2019-09-24 17:02:25,681 DEBUG impl.RaftServerImpl (RaftServerImpl.java:requestVote(775)) - s0@group-018C702B48E5 replies to vote request: s2<-s0#0:FAIL-t15. Peer's state: s0@group-018C702B48E5:t15, leader=null, voted=s0, raftlog=s0@group-018C702B48E5-SegmentedRaftLog:OPENED:c-1,f-1,i0, conf=-1: [s0:0.0.0.0:34748, s1:0.0.0.0:43419, s2:0.0.0.0:39849], old=null
2019-09-24 17:02:25,680 DEBUG impl.RaftServerImpl (RaftServerImpl.java:requestVote(775)) - s2@group-018C702B48E5 replies to vote request: s1<-s2#0:FAIL-t15. Peer's state: s2@group-018C702B48E5:t15, leader=null, voted=s2, raftlog=s2@group-018C702B48E5-SegmentedRaftLog:OPENED:c-1,f0,i0, conf=0: [s0:0.0.0.0:34748, s1:0.0.0.0:43419, s2:0.0.0.0:39849], old=null
2019-09-24 17:02:25,681 DEBUG impl.RaftServerImpl (RaftServerImpl.java:requestVote(775)) - s2@group-018C702B48E5 replies to vote request: s0<-s2#0:FAIL-t15. Peer's state: s2@group-018C702B48E5:t15, leader=null, voted=s2, raftlog=s2@group-018C702B48E5-SegmentedRaftLog:OPENED:c-1,f0,i0, conf=0: [s0:0.0.0.0:34748, s1:0.0.0.0:43419, s2:0.0.0.0:39849], old=null
2019-09-24 17:02:25,690 WARN  ratis.RaftTestUtil (JavaUtils.java:attempt(158)) - FAILED "waitForLeader-null-(expectLeader? true)", attempt #76/100: java.lang.IllegalStateException: No leader yet : printing ALL groups
  s0:  RUNNING CANDIDATE s0@group-018C702B48E5:t15, leader=null, voted=s0, raftlog=s0@group-018C702B48E5-SegmentedRaftLog:OPENED:c-1,f-1,i0, conf=-1: [s0:0.0.0.0:34748, s1:0.0.0.0:43419, s2:0.0.0.0:39849], old=null RUNNING
  s1:  RUNNING CANDIDATE s1@group-018C702B48E5:t15, leader=null, voted=s1, raftlog=s1@group-018C702B48E5-SegmentedRaftLog:OPENED:c-1,f0,i0, conf=0: [s0:0.0.0.0:34748, s1:0.0.0.0:43419, s2:0.0.0.0:39849], old=null RUNNING
  s2:  RUNNING CANDIDATE s2@group-018C702B48E5:t15, leader=null, voted=s2, raftlog=s2@group-018C702B48E5-SegmentedRaftLog:OPENED:c-1,f0,i0, conf=0: [s0:0.0.0.0:34748, s1:0.0.0.0:43419, s2:0.0.0.0:39849], old=null RUNNING, sleep 450ms and then retry.
java.lang.IllegalStateException: No leader yet : printing ALL groups
  s0:  RUNNING CANDIDATE s0@group-018C702B48E5:t15, leader=null, voted=s0, raftlog=s0@group-018C702B48E5-SegmentedRaftLog:OPENED:c-1,f-1,i0, conf=-1: [s0:0.0.0.0:34748, s1:0.0.0.0:43419, s2:0.0.0.0:39849], old=null RUNNING
  s1:  RUNNING CANDIDATE s1@group-018C702B48E5:t15, leader=null, voted=s1, raftlog=s1@group-018C702B48E5-SegmentedRaftLog:OPENED:c-1,f0,i0, conf=0: [s0:0.0.0.0:34748, s1:0.0.0.0:43419, s2:0.0.0.0:39849], old=null RUNNING
  s2:  RUNNING CANDIDATE s2@group-018C702B48E5:t15, leader=null, voted=s2, raftlog=s2@group-018C702B48E5-SegmentedRaftLog:OPENED:c-1,f0,i0, conf=0: [s0:0.0.0.0:34748, s1:0.0.0.0:43419, s2:0.0.0.0:39849], old=null RUNNING
	at org.apache.ratis.MiniRaftCluster.newIllegalStateExceptionForNoLeaders(MiniRaftCluster.java:506)
	at org.apache.ratis.RaftTestUtil.lambda$waitForLeader$1(RaftTestUtil.java:90)
	at org.apache.ratis.MiniRaftCluster.getLeader(MiniRaftCluster.java:539)
	at org.apache.ratis.MiniRaftCluster.getLeader(MiniRaftCluster.java:532)
	at org.apache.ratis.RaftTestUtil.lambda$waitForLeader$3(RaftTestUtil.java:98)
	at org.apache.ratis.util.JavaUtils.attempt(JavaUtils.java:152)
	at org.apache.ratis.RaftTestUtil.waitForLeader(RaftTestUtil.java:97)
	at org.apache.ratis.RaftTestUtil.waitForLeader(RaftTestUtil.java:77)
	at org.apache.ratis.RaftTestUtil.waitForLeader(RaftTestUtil.java:72)
	at org.apache.ratis.server.impl.RaftReconfigurationBaseTest.runTestNoChangeRequest(RaftReconfigurationBaseTest.java:394)
	at org.apache.ratis.MiniRaftCluster$Factory$Get.runWithNewCluster(MiniRaftCluster.java:125)
	at org.apache.ratis.MiniRaftCluster$Factory$Get.runWithNewCluster(MiniRaftCluster.java:113)
	at org.apache.ratis.server.impl.RaftReconfigurationBaseTest.testNoChangeRequest(RaftReconfigurationBaseTest.java:390)
	at sun.reflect.NativeMethodAccessorImpl.invoke0(Native Method)
	at sun.reflect.NativeMethodAccessorImpl.invoke(NativeMethodAccessorImpl.java:62)
	at sun.reflect.DelegatingMethodAccessorImpl.invoke(DelegatingMethodAccessorImpl.java:43)
	at java.lang.reflect.Method.invoke(Method.java:498)
	at org.junit.runners.model.FrameworkMethod$1.runReflectiveCall(FrameworkMethod.java:50)
	at org.junit.internal.runners.model.ReflectiveCallable.run(ReflectiveCallable.java:12)
	at org.junit.runners.model.FrameworkMethod.invokeExplosively(FrameworkMethod.java:47)
	at org.junit.internal.runners.statements.InvokeMethod.evaluate(InvokeMethod.java:17)
	at org.junit.internal.runners.statements.RunAfters.evaluate(RunAfters.java:27)
	at org.junit.internal.runners.statements.FailOnTimeout$CallableStatement.call(FailOnTimeout.java:298)
	at org.junit.internal.runners.statements.FailOnTimeout$CallableStatement.call(FailOnTimeout.java:292)
	at java.util.concurrent.FutureTask.run(FutureTask.java:266)
	at java.lang.Thread.run(Thread.java:748)
2019-09-24 17:02:25,697 INFO  impl.LeaderElection (LeaderElection.java:logAndReturn(56)) - s1@group-018C702B48E5-LeaderElection27: Election REJECTED; received 2 response(s) [s1<-s0#0:FAIL-t15, s1<-s2#0:FAIL-t15] and 0 exception(s); s1@group-018C702B48E5:t15, leader=null, voted=s1, raftlog=s1@group-018C702B48E5-SegmentedRaftLog:OPENED:c-1,f0,i0, conf=0: [s0:0.0.0.0:34748, s1:0.0.0.0:43419, s2:0.0.0.0:39849], old=null
2019-09-24 17:02:25,697 INFO  impl.LeaderElection (LeaderElection.java:logAndReturn(56)) - s2@group-018C702B48E5-LeaderElection28: Election REJECTED; received 2 response(s) [s2<-s0#0:FAIL-t15, s2<-s1#0:FAIL-t15] and 0 exception(s); s2@group-018C702B48E5:t15, leader=null, voted=s2, raftlog=s2@group-018C702B48E5-SegmentedRaftLog:OPENED:c-1,f0,i0, conf=0: [s0:0.0.0.0:34748, s1:0.0.0.0:43419, s2:0.0.0.0:39849], old=null
2019-09-24 17:02:25,698 INFO  impl.LeaderElection (LeaderElection.java:logAndReturn(56)) - s0@group-018C702B48E5-LeaderElection26: Election REJECTED; received 2 response(s) [s0<-s1#0:FAIL-t15, s0<-s2#0:FAIL-t15] and 0 exception(s); s0@group-018C702B48E5:t15, leader=null, voted=s0, raftlog=s0@group-018C702B48E5-SegmentedRaftLog:OPENED:c-1,f-1,i0, conf=-1: [s0:0.0.0.0:34748, s1:0.0.0.0:43419, s2:0.0.0.0:39849], old=null
2019-09-24 17:02:25,698 INFO  impl.RaftServerImpl (RaftServerImpl.java:setRole(170)) - s1@group-018C702B48E5: changes role from CANDIDATE to FOLLOWER at term 15 for DISCOVERED_A_NEW_TERM
2019-09-24 17:02:25,698 INFO  impl.RaftServerImpl (RaftServerImpl.java:setRole(170)) - s0@group-018C702B48E5: changes role from CANDIDATE to FOLLOWER at term 15 for DISCOVERED_A_NEW_TERM
2019-09-24 17:02:25,698 INFO  impl.RaftServerImpl (RaftServerImpl.java:setRole(170)) - s2@group-018C702B48E5: changes role from CANDIDATE to FOLLOWER at term 15 for DISCOVERED_A_NEW_TERM
2019-09-24 17:02:25,698 INFO  impl.RoleInfo (RoleInfo.java:shutdownLeaderElection(134)) - s0: shutdown LeaderElection
2019-09-24 17:02:25,698 INFO  impl.RoleInfo (RoleInfo.java:shutdownLeaderElection(134)) - s1: shutdown LeaderElection
2019-09-24 17:02:25,699 INFO  impl.RoleInfo (RoleInfo.java:updateAndGet(143)) - s0: start FollowerState
2019-09-24 17:02:25,699 INFO  impl.RoleInfo (RoleInfo.java:shutdownLeaderElection(134)) - s2: shutdown LeaderElection
2019-09-24 17:02:25,699 INFO  impl.RoleInfo (RoleInfo.java:updateAndGet(143)) - s1: start FollowerState
2019-09-24 17:02:25,699 INFO  impl.RoleInfo (RoleInfo.java:updateAndGet(143)) - s2: start FollowerState
2019-09-24 17:02:25,865 INFO  impl.FollowerState (FollowerState.java:run(108)) - s0@group-018C702B48E5-FollowerState: change to CANDIDATE, lastRpcTime:165ms, electionTimeout:165ms
2019-09-24 17:02:25,865 INFO  impl.RoleInfo (RoleInfo.java:shutdownFollowerState(121)) - s0: shutdown FollowerState
2019-09-24 17:02:25,865 INFO  impl.RaftServerImpl (RaftServerImpl.java:setRole(170)) - s0@group-018C702B48E5: changes role from  FOLLOWER to CANDIDATE at term 15 for changeToCandidate
2019-09-24 17:02:25,865 INFO  impl.RoleInfo (RoleInfo.java:updateAndGet(143)) - s0: start LeaderElection
2019-09-24 17:02:25,887 INFO  impl.LeaderElection (LeaderElection.java:askForVotes(178)) - s0@group-018C702B48E5-LeaderElection29: begin an election at term 16 for -1: [s0:0.0.0.0:34748, s1:0.0.0.0:43419, s2:0.0.0.0:39849], old=null
2019-09-24 17:02:25,888 DEBUG impl.RaftServerImpl (RaftServerImpl.java:requestVote(743)) - s1@group-018C702B48E5: receive requestVote(s0, group-018C702B48E5, 16, (t:0, i:0))
2019-09-24 17:02:25,888 INFO  impl.RaftServerImpl (RaftServerImpl.java:setRole(170)) - s1@group-018C702B48E5: changes role from  FOLLOWER to FOLLOWER at term 16 for recognizeCandidate:s0
2019-09-24 17:02:25,888 DEBUG impl.RaftServerImpl (RaftServerImpl.java:requestVote(743)) - s2@group-018C702B48E5: receive requestVote(s0, group-018C702B48E5, 16, (t:0, i:0))
2019-09-24 17:02:25,888 INFO  impl.RoleInfo (RoleInfo.java:shutdownFollowerState(121)) - s1: shutdown FollowerState
2019-09-24 17:02:25,889 INFO  impl.RaftServerImpl (RaftServerImpl.java:setRole(170)) - s2@group-018C702B48E5: changes role from  FOLLOWER to FOLLOWER at term 16 for recognizeCandidate:s0
2019-09-24 17:02:25,889 INFO  impl.FollowerState (FollowerState.java:run(117)) - s1@group-018C702B48E5-FollowerState was interrupted: java.lang.InterruptedException: sleep interrupted
2019-09-24 17:02:25,889 INFO  impl.RoleInfo (RoleInfo.java:updateAndGet(143)) - s1: start FollowerState
2019-09-24 17:02:25,889 INFO  impl.RoleInfo (RoleInfo.java:shutdownFollowerState(121)) - s2: shutdown FollowerState
2019-09-24 17:02:25,890 INFO  impl.RoleInfo (RoleInfo.java:updateAndGet(143)) - s2: start FollowerState
2019-09-24 17:02:25,890 INFO  impl.FollowerState (FollowerState.java:run(117)) - s2@group-018C702B48E5-FollowerState was interrupted: java.lang.InterruptedException: sleep interrupted
2019-09-24 17:02:26,142 WARN  ratis.RaftTestUtil (JavaUtils.java:attempt(158)) - FAILED "waitForLeader-null-(expectLeader? true)", attempt #77/100: java.lang.IllegalStateException: No leader yet : printing ALL groups
  s0:  RUNNING CANDIDATE s0@group-018C702B48E5:t16, leader=null, voted=s0, raftlog=s0@group-018C702B48E5-SegmentedRaftLog:OPENED:c-1,f-1,i0, conf=-1: [s0:0.0.0.0:34748, s1:0.0.0.0:43419, s2:0.0.0.0:39849], old=null RUNNING
  s1:  RUNNING  FOLLOWER s1@group-018C702B48E5:t16, leader=null, voted=null, raftlog=s1@group-018C702B48E5-SegmentedRaftLog:OPENED:c-1,f0,i0, conf=0: [s0:0.0.0.0:34748, s1:0.0.0.0:43419, s2:0.0.0.0:39849], old=null RUNNING
  s2:  RUNNING  FOLLOWER s2@group-018C702B48E5:t16, leader=null, voted=null, raftlog=s2@group-018C702B48E5-SegmentedRaftLog:OPENED:c-1,f0,i0, conf=0: [s0:0.0.0.0:34748, s1:0.0.0.0:43419, s2:0.0.0.0:39849], old=null RUNNING, sleep 450ms and then retry.
java.lang.IllegalStateException: No leader yet : printing ALL groups
  s0:  RUNNING CANDIDATE s0@group-018C702B48E5:t16, leader=null, voted=s0, raftlog=s0@group-018C702B48E5-SegmentedRaftLog:OPENED:c-1,f-1,i0, conf=-1: [s0:0.0.0.0:34748, s1:0.0.0.0:43419, s2:0.0.0.0:39849], old=null RUNNING
  s1:  RUNNING  FOLLOWER s1@group-018C702B48E5:t16, leader=null, voted=null, raftlog=s1@group-018C702B48E5-SegmentedRaftLog:OPENED:c-1,f0,i0, conf=0: [s0:0.0.0.0:34748, s1:0.0.0.0:43419, s2:0.0.0.0:39849], old=null RUNNING
  s2:  RUNNING  FOLLOWER s2@group-018C702B48E5:t16, leader=null, voted=null, raftlog=s2@group-018C702B48E5-SegmentedRaftLog:OPENED:c-1,f0,i0, conf=0: [s0:0.0.0.0:34748, s1:0.0.0.0:43419, s2:0.0.0.0:39849], old=null RUNNING
	at org.apache.ratis.MiniRaftCluster.newIllegalStateExceptionForNoLeaders(MiniRaftCluster.java:506)
	at org.apache.ratis.RaftTestUtil.lambda$waitForLeader$1(RaftTestUtil.java:90)
	at org.apache.ratis.MiniRaftCluster.getLeader(MiniRaftCluster.java:539)
	at org.apache.ratis.MiniRaftCluster.getLeader(MiniRaftCluster.java:532)
	at org.apache.ratis.RaftTestUtil.lambda$waitForLeader$3(RaftTestUtil.java:98)
	at org.apache.ratis.util.JavaUtils.attempt(JavaUtils.java:152)
	at org.apache.ratis.RaftTestUtil.waitForLeader(RaftTestUtil.java:97)
	at org.apache.ratis.RaftTestUtil.waitForLeader(RaftTestUtil.java:77)
	at org.apache.ratis.RaftTestUtil.waitForLeader(RaftTestUtil.java:72)
	at org.apache.ratis.server.impl.RaftReconfigurationBaseTest.runTestNoChangeRequest(RaftReconfigurationBaseTest.java:394)
	at org.apache.ratis.MiniRaftCluster$Factory$Get.runWithNewCluster(MiniRaftCluster.java:125)
	at org.apache.ratis.MiniRaftCluster$Factory$Get.runWithNewCluster(MiniRaftCluster.java:113)
	at org.apache.ratis.server.impl.RaftReconfigurationBaseTest.testNoChangeRequest(RaftReconfigurationBaseTest.java:390)
	at sun.reflect.NativeMethodAccessorImpl.invoke0(Native Method)
	at sun.reflect.NativeMethodAccessorImpl.invoke(NativeMethodAccessorImpl.java:62)
	at sun.reflect.DelegatingMethodAccessorImpl.invoke(DelegatingMethodAccessorImpl.java:43)
	at java.lang.reflect.Method.invoke(Method.java:498)
	at org.junit.runners.model.FrameworkMethod$1.runReflectiveCall(FrameworkMethod.java:50)
	at org.junit.internal.runners.model.ReflectiveCallable.run(ReflectiveCallable.java:12)
	at org.junit.runners.model.FrameworkMethod.invokeExplosively(FrameworkMethod.java:47)
	at org.junit.internal.runners.statements.InvokeMethod.evaluate(InvokeMethod.java:17)
	at org.junit.internal.runners.statements.RunAfters.evaluate(RunAfters.java:27)
	at org.junit.internal.runners.statements.FailOnTimeout$CallableStatement.call(FailOnTimeout.java:298)
	at org.junit.internal.runners.statements.FailOnTimeout$CallableStatement.call(FailOnTimeout.java:292)
	at java.util.concurrent.FutureTask.run(FutureTask.java:266)
	at java.lang.Thread.run(Thread.java:748)
2019-09-24 17:02:26,164 INFO  impl.LeaderElection (LeaderElection.java:logAndReturn(56)) - s0@group-018C702B48E5-LeaderElection29: Election TIMEOUT; received 0 response(s) [] and 0 exception(s); s0@group-018C702B48E5:t16, leader=null, voted=s0, raftlog=s0@group-018C702B48E5-SegmentedRaftLog:OPENED:c-1,f-1,i0, conf=-1: [s0:0.0.0.0:34748, s1:0.0.0.0:43419, s2:0.0.0.0:39849], old=null
2019-09-24 17:02:26,593 WARN  ratis.RaftTestUtil (JavaUtils.java:attempt(158)) - FAILED "waitForLeader-null-(expectLeader? true)", attempt #78/100: java.lang.IllegalStateException: No leader yet : printing ALL groups
  s0:  RUNNING CANDIDATE s0@group-018C702B48E5:t17, leader=null, voted=s0, raftlog=s0@group-018C702B48E5-SegmentedRaftLog:OPENED:c-1,f-1,i0, conf=-1: [s0:0.0.0.0:34748, s1:0.0.0.0:43419, s2:0.0.0.0:39849], old=null RUNNING
  s1:  RUNNING  FOLLOWER s1@group-018C702B48E5:t16, leader=null, voted=null, raftlog=s1@group-018C702B48E5-SegmentedRaftLog:OPENED:c-1,f0,i0, conf=0: [s0:0.0.0.0:34748, s1:0.0.0.0:43419, s2:0.0.0.0:39849], old=null RUNNING
  s2:  RUNNING  FOLLOWER s2@group-018C702B48E5:t16, leader=null, voted=null, raftlog=s2@group-018C702B48E5-SegmentedRaftLog:OPENED:c-1,f0,i0, conf=0: [s0:0.0.0.0:34748, s1:0.0.0.0:43419, s2:0.0.0.0:39849], old=null RUNNING, sleep 450ms and then retry.
java.lang.IllegalStateException: No leader yet : printing ALL groups
  s0:  RUNNING CANDIDATE s0@group-018C702B48E5:t17, leader=null, voted=s0, raftlog=s0@group-018C702B48E5-SegmentedRaftLog:OPENED:c-1,f-1,i0, conf=-1: [s0:0.0.0.0:34748, s1:0.0.0.0:43419, s2:0.0.0.0:39849], old=null RUNNING
  s1:  RUNNING  FOLLOWER s1@group-018C702B48E5:t16, leader=null, voted=null, raftlog=s1@group-018C702B48E5-SegmentedRaftLog:OPENED:c-1,f0,i0, conf=0: [s0:0.0.0.0:34748, s1:0.0.0.0:43419, s2:0.0.0.0:39849], old=null RUNNING
  s2:  RUNNING  FOLLOWER s2@group-018C702B48E5:t16, leader=null, voted=null, raftlog=s2@group-018C702B48E5-SegmentedRaftLog:OPENED:c-1,f0,i0, conf=0: [s0:0.0.0.0:34748, s1:0.0.0.0:43419, s2:0.0.0.0:39849], old=null RUNNING
	at org.apache.ratis.MiniRaftCluster.newIllegalStateExceptionForNoLeaders(MiniRaftCluster.java:506)
	at org.apache.ratis.RaftTestUtil.lambda$waitForLeader$1(RaftTestUtil.java:90)
	at org.apache.ratis.MiniRaftCluster.getLeader(MiniRaftCluster.java:539)
	at org.apache.ratis.MiniRaftCluster.getLeader(MiniRaftCluster.java:532)
	at org.apache.ratis.RaftTestUtil.lambda$waitForLeader$3(RaftTestUtil.java:98)
	at org.apache.ratis.util.JavaUtils.attempt(JavaUtils.java:152)
	at org.apache.ratis.RaftTestUtil.waitForLeader(RaftTestUtil.java:97)
	at org.apache.ratis.RaftTestUtil.waitForLeader(RaftTestUtil.java:77)
	at org.apache.ratis.RaftTestUtil.waitForLeader(RaftTestUtil.java:72)
	at org.apache.ratis.server.impl.RaftReconfigurationBaseTest.runTestNoChangeRequest(RaftReconfigurationBaseTest.java:394)
	at org.apache.ratis.MiniRaftCluster$Factory$Get.runWithNewCluster(MiniRaftCluster.java:125)
	at org.apache.ratis.MiniRaftCluster$Factory$Get.runWithNewCluster(MiniRaftCluster.java:113)
	at org.apache.ratis.server.impl.RaftReconfigurationBaseTest.testNoChangeRequest(RaftReconfigurationBaseTest.java:390)
	at sun.reflect.NativeMethodAccessorImpl.invoke0(Native Method)
	at sun.reflect.NativeMethodAccessorImpl.invoke(NativeMethodAccessorImpl.java:62)
	at sun.reflect.DelegatingMethodAccessorImpl.invoke(DelegatingMethodAccessorImpl.java:43)
	at java.lang.reflect.Method.invoke(Method.java:498)
	at org.junit.runners.model.FrameworkMethod$1.runReflectiveCall(FrameworkMethod.java:50)
	at org.junit.internal.runners.model.ReflectiveCallable.run(ReflectiveCallable.java:12)
	at org.junit.runners.model.FrameworkMethod.invokeExplosively(FrameworkMethod.java:47)
	at org.junit.internal.runners.statements.InvokeMethod.evaluate(InvokeMethod.java:17)
	at org.junit.internal.runners.statements.RunAfters.evaluate(RunAfters.java:27)
	at org.junit.internal.runners.statements.FailOnTimeout$CallableStatement.call(FailOnTimeout.java:298)
	at org.junit.internal.runners.statements.FailOnTimeout$CallableStatement.call(FailOnTimeout.java:292)
	at java.util.concurrent.FutureTask.run(FutureTask.java:266)
	at java.lang.Thread.run(Thread.java:748)
2019-09-24 17:02:27,045 WARN  ratis.RaftTestUtil (JavaUtils.java:attempt(158)) - FAILED "waitForLeader-null-(expectLeader? true)", attempt #79/100: java.lang.IllegalStateException: No leader yet : printing ALL groups
  s0:  RUNNING CANDIDATE s0@group-018C702B48E5:t17, leader=null, voted=s0, raftlog=s0@group-018C702B48E5-SegmentedRaftLog:OPENED:c-1,f-1,i0, conf=-1: [s0:0.0.0.0:34748, s1:0.0.0.0:43419, s2:0.0.0.0:39849], old=null RUNNING
  s1:  RUNNING  FOLLOWER s1@group-018C702B48E5:t16, leader=null, voted=null, raftlog=s1@group-018C702B48E5-SegmentedRaftLog:OPENED:c-1,f0,i0, conf=0: [s0:0.0.0.0:34748, s1:0.0.0.0:43419, s2:0.0.0.0:39849], old=null RUNNING
  s2:  RUNNING  FOLLOWER s2@group-018C702B48E5:t16, leader=null, voted=null, raftlog=s2@group-018C702B48E5-SegmentedRaftLog:OPENED:c-1,f0,i0, conf=0: [s0:0.0.0.0:34748, s1:0.0.0.0:43419, s2:0.0.0.0:39849], old=null RUNNING, sleep 450ms and then retry.
java.lang.IllegalStateException: No leader yet : printing ALL groups
  s0:  RUNNING CANDIDATE s0@group-018C702B48E5:t17, leader=null, voted=s0, raftlog=s0@group-018C702B48E5-SegmentedRaftLog:OPENED:c-1,f-1,i0, conf=-1: [s0:0.0.0.0:34748, s1:0.0.0.0:43419, s2:0.0.0.0:39849], old=null RUNNING
  s1:  RUNNING  FOLLOWER s1@group-018C702B48E5:t16, leader=null, voted=null, raftlog=s1@group-018C702B48E5-SegmentedRaftLog:OPENED:c-1,f0,i0, conf=0: [s0:0.0.0.0:34748, s1:0.0.0.0:43419, s2:0.0.0.0:39849], old=null RUNNING
  s2:  RUNNING  FOLLOWER s2@group-018C702B48E5:t16, leader=null, voted=null, raftlog=s2@group-018C702B48E5-SegmentedRaftLog:OPENED:c-1,f0,i0, conf=0: [s0:0.0.0.0:34748, s1:0.0.0.0:43419, s2:0.0.0.0:39849], old=null RUNNING
	at org.apache.ratis.MiniRaftCluster.newIllegalStateExceptionForNoLeaders(MiniRaftCluster.java:506)
	at org.apache.ratis.RaftTestUtil.lambda$waitForLeader$1(RaftTestUtil.java:90)
	at org.apache.ratis.MiniRaftCluster.getLeader(MiniRaftCluster.java:539)
	at org.apache.ratis.MiniRaftCluster.getLeader(MiniRaftCluster.java:532)
	at org.apache.ratis.RaftTestUtil.lambda$waitForLeader$3(RaftTestUtil.java:98)
	at org.apache.ratis.util.JavaUtils.attempt(JavaUtils.java:152)
	at org.apache.ratis.RaftTestUtil.waitForLeader(RaftTestUtil.java:97)
	at org.apache.ratis.RaftTestUtil.waitForLeader(RaftTestUtil.java:77)
	at org.apache.ratis.RaftTestUtil.waitForLeader(RaftTestUtil.java:72)
	at org.apache.ratis.server.impl.RaftReconfigurationBaseTest.runTestNoChangeRequest(RaftReconfigurationBaseTest.java:394)
	at org.apache.ratis.MiniRaftCluster$Factory$Get.runWithNewCluster(MiniRaftCluster.java:125)
	at org.apache.ratis.MiniRaftCluster$Factory$Get.runWithNewCluster(MiniRaftCluster.java:113)
	at org.apache.ratis.server.impl.RaftReconfigurationBaseTest.testNoChangeRequest(RaftReconfigurationBaseTest.java:390)
	at sun.reflect.NativeMethodAccessorImpl.invoke0(Native Method)
	at sun.reflect.NativeMethodAccessorImpl.invoke(NativeMethodAccessorImpl.java:62)
	at sun.reflect.DelegatingMethodAccessorImpl.invoke(DelegatingMethodAccessorImpl.java:43)
	at java.lang.reflect.Method.invoke(Method.java:498)
	at org.junit.runners.model.FrameworkMethod$1.runReflectiveCall(FrameworkMethod.java:50)
	at org.junit.internal.runners.model.ReflectiveCallable.run(ReflectiveCallable.java:12)
	at org.junit.runners.model.FrameworkMethod.invokeExplosively(FrameworkMethod.java:47)
	at org.junit.internal.runners.statements.InvokeMethod.evaluate(InvokeMethod.java:17)
	at org.junit.internal.runners.statements.RunAfters.evaluate(RunAfters.java:27)
	at org.junit.internal.runners.statements.FailOnTimeout$CallableStatement.call(FailOnTimeout.java:298)
	at org.junit.internal.runners.statements.FailOnTimeout$CallableStatement.call(FailOnTimeout.java:292)
	at java.util.concurrent.FutureTask.run(FutureTask.java:266)
	at java.lang.Thread.run(Thread.java:748)
2019-09-24 17:02:27,497 WARN  ratis.RaftTestUtil (JavaUtils.java:attempt(158)) - FAILED "waitForLeader-null-(expectLeader? true)", attempt #80/100: java.lang.IllegalStateException: No leader yet : printing ALL groups
  s0:  RUNNING CANDIDATE s0@group-018C702B48E5:t17, leader=null, voted=s0, raftlog=s0@group-018C702B48E5-SegmentedRaftLog:OPENED:c-1,f-1,i0, conf=-1: [s0:0.0.0.0:34748, s1:0.0.0.0:43419, s2:0.0.0.0:39849], old=null RUNNING
  s1:  RUNNING  FOLLOWER s1@group-018C702B48E5:t16, leader=null, voted=null, raftlog=s1@group-018C702B48E5-SegmentedRaftLog:OPENED:c-1,f0,i0, conf=0: [s0:0.0.0.0:34748, s1:0.0.0.0:43419, s2:0.0.0.0:39849], old=null RUNNING
  s2:  RUNNING  FOLLOWER s2@group-018C702B48E5:t16, leader=null, voted=null, raftlog=s2@group-018C702B48E5-SegmentedRaftLog:OPENED:c-1,f0,i0, conf=0: [s0:0.0.0.0:34748, s1:0.0.0.0:43419, s2:0.0.0.0:39849], old=null RUNNING, sleep 450ms and then retry.
java.lang.IllegalStateException: No leader yet : printing ALL groups
  s0:  RUNNING CANDIDATE s0@group-018C702B48E5:t17, leader=null, voted=s0, raftlog=s0@group-018C702B48E5-SegmentedRaftLog:OPENED:c-1,f-1,i0, conf=-1: [s0:0.0.0.0:34748, s1:0.0.0.0:43419, s2:0.0.0.0:39849], old=null RUNNING
  s1:  RUNNING  FOLLOWER s1@group-018C702B48E5:t16, leader=null, voted=null, raftlog=s1@group-018C702B48E5-SegmentedRaftLog:OPENED:c-1,f0,i0, conf=0: [s0:0.0.0.0:34748, s1:0.0.0.0:43419, s2:0.0.0.0:39849], old=null RUNNING
  s2:  RUNNING  FOLLOWER s2@group-018C702B48E5:t16, leader=null, voted=null, raftlog=s2@group-018C702B48E5-SegmentedRaftLog:OPENED:c-1,f0,i0, conf=0: [s0:0.0.0.0:34748, s1:0.0.0.0:43419, s2:0.0.0.0:39849], old=null RUNNING
	at org.apache.ratis.MiniRaftCluster.newIllegalStateExceptionForNoLeaders(MiniRaftCluster.java:506)
	at org.apache.ratis.RaftTestUtil.lambda$waitForLeader$1(RaftTestUtil.java:90)
	at org.apache.ratis.MiniRaftCluster.getLeader(MiniRaftCluster.java:539)
	at org.apache.ratis.MiniRaftCluster.getLeader(MiniRaftCluster.java:532)
	at org.apache.ratis.RaftTestUtil.lambda$waitForLeader$3(RaftTestUtil.java:98)
	at org.apache.ratis.util.JavaUtils.attempt(JavaUtils.java:152)
	at org.apache.ratis.RaftTestUtil.waitForLeader(RaftTestUtil.java:97)
	at org.apache.ratis.RaftTestUtil.waitForLeader(RaftTestUtil.java:77)
	at org.apache.ratis.RaftTestUtil.waitForLeader(RaftTestUtil.java:72)
	at org.apache.ratis.server.impl.RaftReconfigurationBaseTest.runTestNoChangeRequest(RaftReconfigurationBaseTest.java:394)
	at org.apache.ratis.MiniRaftCluster$Factory$Get.runWithNewCluster(MiniRaftCluster.java:125)
	at org.apache.ratis.MiniRaftCluster$Factory$Get.runWithNewCluster(MiniRaftCluster.java:113)
	at org.apache.ratis.server.impl.RaftReconfigurationBaseTest.testNoChangeRequest(RaftReconfigurationBaseTest.java:390)
	at sun.reflect.NativeMethodAccessorImpl.invoke0(Native Method)
	at sun.reflect.NativeMethodAccessorImpl.invoke(NativeMethodAccessorImpl.java:62)
	at sun.reflect.DelegatingMethodAccessorImpl.invoke(DelegatingMethodAccessorImpl.java:43)
	at java.lang.reflect.Method.invoke(Method.java:498)
	at org.junit.runners.model.FrameworkMethod$1.runReflectiveCall(FrameworkMethod.java:50)
	at org.junit.internal.runners.model.ReflectiveCallable.run(ReflectiveCallable.java:12)
	at org.junit.runners.model.FrameworkMethod.invokeExplosively(FrameworkMethod.java:47)
	at org.junit.internal.runners.statements.InvokeMethod.evaluate(InvokeMethod.java:17)
	at org.junit.internal.runners.statements.RunAfters.evaluate(RunAfters.java:27)
	at org.junit.internal.runners.statements.FailOnTimeout$CallableStatement.call(FailOnTimeout.java:298)
	at org.junit.internal.runners.statements.FailOnTimeout$CallableStatement.call(FailOnTimeout.java:292)
	at java.util.concurrent.FutureTask.run(FutureTask.java:266)
	at java.lang.Thread.run(Thread.java:748)
2019-09-24 17:02:27,948 WARN  ratis.RaftTestUtil (JavaUtils.java:attempt(158)) - FAILED "waitForLeader-null-(expectLeader? true)", attempt #81/100: java.lang.IllegalStateException: No leader yet : printing ALL groups
  s0:  RUNNING CANDIDATE s0@group-018C702B48E5:t17, leader=null, voted=s0, raftlog=s0@group-018C702B48E5-SegmentedRaftLog:OPENED:c-1,f-1,i0, conf=-1: [s0:0.0.0.0:34748, s1:0.0.0.0:43419, s2:0.0.0.0:39849], old=null RUNNING
  s1:  RUNNING  FOLLOWER s1@group-018C702B48E5:t16, leader=null, voted=null, raftlog=s1@group-018C702B48E5-SegmentedRaftLog:OPENED:c-1,f0,i0, conf=0: [s0:0.0.0.0:34748, s1:0.0.0.0:43419, s2:0.0.0.0:39849], old=null RUNNING
  s2:  RUNNING  FOLLOWER s2@group-018C702B48E5:t16, leader=null, voted=null, raftlog=s2@group-018C702B48E5-SegmentedRaftLog:OPENED:c-1,f0,i0, conf=0: [s0:0.0.0.0:34748, s1:0.0.0.0:43419, s2:0.0.0.0:39849], old=null RUNNING, sleep 450ms and then retry.
java.lang.IllegalStateException: No leader yet : printing ALL groups
  s0:  RUNNING CANDIDATE s0@group-018C702B48E5:t17, leader=null, voted=s0, raftlog=s0@group-018C702B48E5-SegmentedRaftLog:OPENED:c-1,f-1,i0, conf=-1: [s0:0.0.0.0:34748, s1:0.0.0.0:43419, s2:0.0.0.0:39849], old=null RUNNING
  s1:  RUNNING  FOLLOWER s1@group-018C702B48E5:t16, leader=null, voted=null, raftlog=s1@group-018C702B48E5-SegmentedRaftLog:OPENED:c-1,f0,i0, conf=0: [s0:0.0.0.0:34748, s1:0.0.0.0:43419, s2:0.0.0.0:39849], old=null RUNNING
  s2:  RUNNING  FOLLOWER s2@group-018C702B48E5:t16, leader=null, voted=null, raftlog=s2@group-018C702B48E5-SegmentedRaftLog:OPENED:c-1,f0,i0, conf=0: [s0:0.0.0.0:34748, s1:0.0.0.0:43419, s2:0.0.0.0:39849], old=null RUNNING
	at org.apache.ratis.MiniRaftCluster.newIllegalStateExceptionForNoLeaders(MiniRaftCluster.java:506)
	at org.apache.ratis.RaftTestUtil.lambda$waitForLeader$1(RaftTestUtil.java:90)
	at org.apache.ratis.MiniRaftCluster.getLeader(MiniRaftCluster.java:539)
	at org.apache.ratis.MiniRaftCluster.getLeader(MiniRaftCluster.java:532)
	at org.apache.ratis.RaftTestUtil.lambda$waitForLeader$3(RaftTestUtil.java:98)
	at org.apache.ratis.util.JavaUtils.attempt(JavaUtils.java:152)
	at org.apache.ratis.RaftTestUtil.waitForLeader(RaftTestUtil.java:97)
	at org.apache.ratis.RaftTestUtil.waitForLeader(RaftTestUtil.java:77)
	at org.apache.ratis.RaftTestUtil.waitForLeader(RaftTestUtil.java:72)
	at org.apache.ratis.server.impl.RaftReconfigurationBaseTest.runTestNoChangeRequest(RaftReconfigurationBaseTest.java:394)
	at org.apache.ratis.MiniRaftCluster$Factory$Get.runWithNewCluster(MiniRaftCluster.java:125)
	at org.apache.ratis.MiniRaftCluster$Factory$Get.runWithNewCluster(MiniRaftCluster.java:113)
	at org.apache.ratis.server.impl.RaftReconfigurationBaseTest.testNoChangeRequest(RaftReconfigurationBaseTest.java:390)
	at sun.reflect.NativeMethodAccessorImpl.invoke0(Native Method)
	at sun.reflect.NativeMethodAccessorImpl.invoke(NativeMethodAccessorImpl.java:62)
	at sun.reflect.DelegatingMethodAccessorImpl.invoke(DelegatingMethodAccessorImpl.java:43)
	at java.lang.reflect.Method.invoke(Method.java:498)
	at org.junit.runners.model.FrameworkMethod$1.runReflectiveCall(FrameworkMethod.java:50)
	at org.junit.internal.runners.model.ReflectiveCallable.run(ReflectiveCallable.java:12)
	at org.junit.runners.model.FrameworkMethod.invokeExplosively(FrameworkMethod.java:47)
	at org.junit.internal.runners.statements.InvokeMethod.evaluate(InvokeMethod.java:17)
	at org.junit.internal.runners.statements.RunAfters.evaluate(RunAfters.java:27)
	at org.junit.internal.runners.statements.FailOnTimeout$CallableStatement.call(FailOnTimeout.java:298)
	at org.junit.internal.runners.statements.FailOnTimeout$CallableStatement.call(FailOnTimeout.java:292)
	at java.util.concurrent.FutureTask.run(FutureTask.java:266)
	at java.lang.Thread.run(Thread.java:748)
2019-09-24 17:02:28,400 WARN  ratis.RaftTestUtil (JavaUtils.java:attempt(158)) - FAILED "waitForLeader-null-(expectLeader? true)", attempt #82/100: java.lang.IllegalStateException: No leader yet : printing ALL groups
  s0:  RUNNING CANDIDATE s0@group-018C702B48E5:t17, leader=null, voted=s0, raftlog=s0@group-018C702B48E5-SegmentedRaftLog:OPENED:c-1,f-1,i0, conf=-1: [s0:0.0.0.0:34748, s1:0.0.0.0:43419, s2:0.0.0.0:39849], old=null RUNNING
  s1:  RUNNING  FOLLOWER s1@group-018C702B48E5:t16, leader=null, voted=null, raftlog=s1@group-018C702B48E5-SegmentedRaftLog:OPENED:c-1,f0,i0, conf=0: [s0:0.0.0.0:34748, s1:0.0.0.0:43419, s2:0.0.0.0:39849], old=null RUNNING
  s2:  RUNNING  FOLLOWER s2@group-018C702B48E5:t16, leader=null, voted=null, raftlog=s2@group-018C702B48E5-SegmentedRaftLog:OPENED:c-1,f0,i0, conf=0: [s0:0.0.0.0:34748, s1:0.0.0.0:43419, s2:0.0.0.0:39849], old=null RUNNING, sleep 450ms and then retry.
java.lang.IllegalStateException: No leader yet : printing ALL groups
  s0:  RUNNING CANDIDATE s0@group-018C702B48E5:t17, leader=null, voted=s0, raftlog=s0@group-018C702B48E5-SegmentedRaftLog:OPENED:c-1,f-1,i0, conf=-1: [s0:0.0.0.0:34748, s1:0.0.0.0:43419, s2:0.0.0.0:39849], old=null RUNNING
  s1:  RUNNING  FOLLOWER s1@group-018C702B48E5:t16, leader=null, voted=null, raftlog=s1@group-018C702B48E5-SegmentedRaftLog:OPENED:c-1,f0,i0, conf=0: [s0:0.0.0.0:34748, s1:0.0.0.0:43419, s2:0.0.0.0:39849], old=null RUNNING
  s2:  RUNNING  FOLLOWER s2@group-018C702B48E5:t16, leader=null, voted=null, raftlog=s2@group-018C702B48E5-SegmentedRaftLog:OPENED:c-1,f0,i0, conf=0: [s0:0.0.0.0:34748, s1:0.0.0.0:43419, s2:0.0.0.0:39849], old=null RUNNING
	at org.apache.ratis.MiniRaftCluster.newIllegalStateExceptionForNoLeaders(MiniRaftCluster.java:506)
	at org.apache.ratis.RaftTestUtil.lambda$waitForLeader$1(RaftTestUtil.java:90)
	at org.apache.ratis.MiniRaftCluster.getLeader(MiniRaftCluster.java:539)
	at org.apache.ratis.MiniRaftCluster.getLeader(MiniRaftCluster.java:532)
	at org.apache.ratis.RaftTestUtil.lambda$waitForLeader$3(RaftTestUtil.java:98)
	at org.apache.ratis.util.JavaUtils.attempt(JavaUtils.java:152)
	at org.apache.ratis.RaftTestUtil.waitForLeader(RaftTestUtil.java:97)
	at org.apache.ratis.RaftTestUtil.waitForLeader(RaftTestUtil.java:77)
	at org.apache.ratis.RaftTestUtil.waitForLeader(RaftTestUtil.java:72)
	at org.apache.ratis.server.impl.RaftReconfigurationBaseTest.runTestNoChangeRequest(RaftReconfigurationBaseTest.java:394)
	at org.apache.ratis.MiniRaftCluster$Factory$Get.runWithNewCluster(MiniRaftCluster.java:125)
	at org.apache.ratis.MiniRaftCluster$Factory$Get.runWithNewCluster(MiniRaftCluster.java:113)
	at org.apache.ratis.server.impl.RaftReconfigurationBaseTest.testNoChangeRequest(RaftReconfigurationBaseTest.java:390)
	at sun.reflect.NativeMethodAccessorImpl.invoke0(Native Method)
	at sun.reflect.NativeMethodAccessorImpl.invoke(NativeMethodAccessorImpl.java:62)
	at sun.reflect.DelegatingMethodAccessorImpl.invoke(DelegatingMethodAccessorImpl.java:43)
	at java.lang.reflect.Method.invoke(Method.java:498)
	at org.junit.runners.model.FrameworkMethod$1.runReflectiveCall(FrameworkMethod.java:50)
	at org.junit.internal.runners.model.ReflectiveCallable.run(ReflectiveCallable.java:12)
	at org.junit.runners.model.FrameworkMethod.invokeExplosively(FrameworkMethod.java:47)
	at org.junit.internal.runners.statements.InvokeMethod.evaluate(InvokeMethod.java:17)
	at org.junit.internal.runners.statements.RunAfters.evaluate(RunAfters.java:27)
	at org.junit.internal.runners.statements.FailOnTimeout$CallableStatement.call(FailOnTimeout.java:298)
	at org.junit.internal.runners.statements.FailOnTimeout$CallableStatement.call(FailOnTimeout.java:292)
	at java.util.concurrent.FutureTask.run(FutureTask.java:266)
	at java.lang.Thread.run(Thread.java:748)
2019-09-24 17:02:28,852 WARN  ratis.RaftTestUtil (JavaUtils.java:attempt(158)) - FAILED "waitForLeader-null-(expectLeader? true)", attempt #83/100: java.lang.IllegalStateException: No leader yet : printing ALL groups
  s0:  RUNNING CANDIDATE s0@group-018C702B48E5:t17, leader=null, voted=s0, raftlog=s0@group-018C702B48E5-SegmentedRaftLog:OPENED:c-1,f-1,i0, conf=-1: [s0:0.0.0.0:34748, s1:0.0.0.0:43419, s2:0.0.0.0:39849], old=null RUNNING
  s1:  RUNNING  FOLLOWER s1@group-018C702B48E5:t16, leader=null, voted=null, raftlog=s1@group-018C702B48E5-SegmentedRaftLog:OPENED:c-1,f0,i0, conf=0: [s0:0.0.0.0:34748, s1:0.0.0.0:43419, s2:0.0.0.0:39849], old=null RUNNING
  s2:  RUNNING  FOLLOWER s2@group-018C702B48E5:t16, leader=null, voted=null, raftlog=s2@group-018C702B48E5-SegmentedRaftLog:OPENED:c-1,f0,i0, conf=0: [s0:0.0.0.0:34748, s1:0.0.0.0:43419, s2:0.0.0.0:39849], old=null RUNNING, sleep 450ms and then retry.
java.lang.IllegalStateException: No leader yet : printing ALL groups
  s0:  RUNNING CANDIDATE s0@group-018C702B48E5:t17, leader=null, voted=s0, raftlog=s0@group-018C702B48E5-SegmentedRaftLog:OPENED:c-1,f-1,i0, conf=-1: [s0:0.0.0.0:34748, s1:0.0.0.0:43419, s2:0.0.0.0:39849], old=null RUNNING
  s1:  RUNNING  FOLLOWER s1@group-018C702B48E5:t16, leader=null, voted=null, raftlog=s1@group-018C702B48E5-SegmentedRaftLog:OPENED:c-1,f0,i0, conf=0: [s0:0.0.0.0:34748, s1:0.0.0.0:43419, s2:0.0.0.0:39849], old=null RUNNING
  s2:  RUNNING  FOLLOWER s2@group-018C702B48E5:t16, leader=null, voted=null, raftlog=s2@group-018C702B48E5-SegmentedRaftLog:OPENED:c-1,f0,i0, conf=0: [s0:0.0.0.0:34748, s1:0.0.0.0:43419, s2:0.0.0.0:39849], old=null RUNNING
	at org.apache.ratis.MiniRaftCluster.newIllegalStateExceptionForNoLeaders(MiniRaftCluster.java:506)
	at org.apache.ratis.RaftTestUtil.lambda$waitForLeader$1(RaftTestUtil.java:90)
	at org.apache.ratis.MiniRaftCluster.getLeader(MiniRaftCluster.java:539)
	at org.apache.ratis.MiniRaftCluster.getLeader(MiniRaftCluster.java:532)
	at org.apache.ratis.RaftTestUtil.lambda$waitForLeader$3(RaftTestUtil.java:98)
	at org.apache.ratis.util.JavaUtils.attempt(JavaUtils.java:152)
	at org.apache.ratis.RaftTestUtil.waitForLeader(RaftTestUtil.java:97)
	at org.apache.ratis.RaftTestUtil.waitForLeader(RaftTestUtil.java:77)
	at org.apache.ratis.RaftTestUtil.waitForLeader(RaftTestUtil.java:72)
	at org.apache.ratis.server.impl.RaftReconfigurationBaseTest.runTestNoChangeRequest(RaftReconfigurationBaseTest.java:394)
	at org.apache.ratis.MiniRaftCluster$Factory$Get.runWithNewCluster(MiniRaftCluster.java:125)
	at org.apache.ratis.MiniRaftCluster$Factory$Get.runWithNewCluster(MiniRaftCluster.java:113)
	at org.apache.ratis.server.impl.RaftReconfigurationBaseTest.testNoChangeRequest(RaftReconfigurationBaseTest.java:390)
	at sun.reflect.NativeMethodAccessorImpl.invoke0(Native Method)
	at sun.reflect.NativeMethodAccessorImpl.invoke(NativeMethodAccessorImpl.java:62)
	at sun.reflect.DelegatingMethodAccessorImpl.invoke(DelegatingMethodAccessorImpl.java:43)
	at java.lang.reflect.Method.invoke(Method.java:498)
	at org.junit.runners.model.FrameworkMethod$1.runReflectiveCall(FrameworkMethod.java:50)
	at org.junit.internal.runners.model.ReflectiveCallable.run(ReflectiveCallable.java:12)
	at org.junit.runners.model.FrameworkMethod.invokeExplosively(FrameworkMethod.java:47)
	at org.junit.internal.runners.statements.InvokeMethod.evaluate(InvokeMethod.java:17)
	at org.junit.internal.runners.statements.RunAfters.evaluate(RunAfters.java:27)
	at org.junit.internal.runners.statements.FailOnTimeout$CallableStatement.call(FailOnTimeout.java:298)
	at org.junit.internal.runners.statements.FailOnTimeout$CallableStatement.call(FailOnTimeout.java:292)
	at java.util.concurrent.FutureTask.run(FutureTask.java:266)
	at java.lang.Thread.run(Thread.java:748)
2019-09-24 17:02:29,304 WARN  ratis.RaftTestUtil (JavaUtils.java:attempt(158)) - FAILED "waitForLeader-null-(expectLeader? true)", attempt #84/100: java.lang.IllegalStateException: No leader yet : printing ALL groups
  s0:  RUNNING CANDIDATE s0@group-018C702B48E5:t17, leader=null, voted=s0, raftlog=s0@group-018C702B48E5-SegmentedRaftLog:OPENED:c-1,f-1,i0, conf=-1: [s0:0.0.0.0:34748, s1:0.0.0.0:43419, s2:0.0.0.0:39849], old=null RUNNING
  s1:  RUNNING  FOLLOWER s1@group-018C702B48E5:t16, leader=null, voted=null, raftlog=s1@group-018C702B48E5-SegmentedRaftLog:OPENED:c-1,f0,i0, conf=0: [s0:0.0.0.0:34748, s1:0.0.0.0:43419, s2:0.0.0.0:39849], old=null RUNNING
  s2:  RUNNING  FOLLOWER s2@group-018C702B48E5:t16, leader=null, voted=null, raftlog=s2@group-018C702B48E5-SegmentedRaftLog:OPENED:c-1,f0,i0, conf=0: [s0:0.0.0.0:34748, s1:0.0.0.0:43419, s2:0.0.0.0:39849], old=null RUNNING, sleep 450ms and then retry.
java.lang.IllegalStateException: No leader yet : printing ALL groups
  s0:  RUNNING CANDIDATE s0@group-018C702B48E5:t17, leader=null, voted=s0, raftlog=s0@group-018C702B48E5-SegmentedRaftLog:OPENED:c-1,f-1,i0, conf=-1: [s0:0.0.0.0:34748, s1:0.0.0.0:43419, s2:0.0.0.0:39849], old=null RUNNING
  s1:  RUNNING  FOLLOWER s1@group-018C702B48E5:t16, leader=null, voted=null, raftlog=s1@group-018C702B48E5-SegmentedRaftLog:OPENED:c-1,f0,i0, conf=0: [s0:0.0.0.0:34748, s1:0.0.0.0:43419, s2:0.0.0.0:39849], old=null RUNNING
  s2:  RUNNING  FOLLOWER s2@group-018C702B48E5:t16, leader=null, voted=null, raftlog=s2@group-018C702B48E5-SegmentedRaftLog:OPENED:c-1,f0,i0, conf=0: [s0:0.0.0.0:34748, s1:0.0.0.0:43419, s2:0.0.0.0:39849], old=null RUNNING
	at org.apache.ratis.MiniRaftCluster.newIllegalStateExceptionForNoLeaders(MiniRaftCluster.java:506)
	at org.apache.ratis.RaftTestUtil.lambda$waitForLeader$1(RaftTestUtil.java:90)
	at org.apache.ratis.MiniRaftCluster.getLeader(MiniRaftCluster.java:539)
	at org.apache.ratis.MiniRaftCluster.getLeader(MiniRaftCluster.java:532)
	at org.apache.ratis.RaftTestUtil.lambda$waitForLeader$3(RaftTestUtil.java:98)
	at org.apache.ratis.util.JavaUtils.attempt(JavaUtils.java:152)
	at org.apache.ratis.RaftTestUtil.waitForLeader(RaftTestUtil.java:97)
	at org.apache.ratis.RaftTestUtil.waitForLeader(RaftTestUtil.java:77)
	at org.apache.ratis.RaftTestUtil.waitForLeader(RaftTestUtil.java:72)
	at org.apache.ratis.server.impl.RaftReconfigurationBaseTest.runTestNoChangeRequest(RaftReconfigurationBaseTest.java:394)
	at org.apache.ratis.MiniRaftCluster$Factory$Get.runWithNewCluster(MiniRaftCluster.java:125)
	at org.apache.ratis.MiniRaftCluster$Factory$Get.runWithNewCluster(MiniRaftCluster.java:113)
	at org.apache.ratis.server.impl.RaftReconfigurationBaseTest.testNoChangeRequest(RaftReconfigurationBaseTest.java:390)
	at sun.reflect.NativeMethodAccessorImpl.invoke0(Native Method)
	at sun.reflect.NativeMethodAccessorImpl.invoke(NativeMethodAccessorImpl.java:62)
	at sun.reflect.DelegatingMethodAccessorImpl.invoke(DelegatingMethodAccessorImpl.java:43)
	at java.lang.reflect.Method.invoke(Method.java:498)
	at org.junit.runners.model.FrameworkMethod$1.runReflectiveCall(FrameworkMethod.java:50)
	at org.junit.internal.runners.model.ReflectiveCallable.run(ReflectiveCallable.java:12)
	at org.junit.runners.model.FrameworkMethod.invokeExplosively(FrameworkMethod.java:47)
	at org.junit.internal.runners.statements.InvokeMethod.evaluate(InvokeMethod.java:17)
	at org.junit.internal.runners.statements.RunAfters.evaluate(RunAfters.java:27)
	at org.junit.internal.runners.statements.FailOnTimeout$CallableStatement.call(FailOnTimeout.java:298)
	at org.junit.internal.runners.statements.FailOnTimeout$CallableStatement.call(FailOnTimeout.java:292)
	at java.util.concurrent.FutureTask.run(FutureTask.java:266)
	at java.lang.Thread.run(Thread.java:748)
2019-09-24 17:02:29,756 WARN  ratis.RaftTestUtil (JavaUtils.java:attempt(158)) - FAILED "waitForLeader-null-(expectLeader? true)", attempt #85/100: java.lang.IllegalStateException: No leader yet : printing ALL groups
  s0:  RUNNING CANDIDATE s0@group-018C702B48E5:t17, leader=null, voted=s0, raftlog=s0@group-018C702B48E5-SegmentedRaftLog:OPENED:c-1,f-1,i0, conf=-1: [s0:0.0.0.0:34748, s1:0.0.0.0:43419, s2:0.0.0.0:39849], old=null RUNNING
  s1:  RUNNING  FOLLOWER s1@group-018C702B48E5:t16, leader=null, voted=null, raftlog=s1@group-018C702B48E5-SegmentedRaftLog:OPENED:c-1,f0,i0, conf=0: [s0:0.0.0.0:34748, s1:0.0.0.0:43419, s2:0.0.0.0:39849], old=null RUNNING
  s2:  RUNNING  FOLLOWER s2@group-018C702B48E5:t16, leader=null, voted=null, raftlog=s2@group-018C702B48E5-SegmentedRaftLog:OPENED:c-1,f0,i0, conf=0: [s0:0.0.0.0:34748, s1:0.0.0.0:43419, s2:0.0.0.0:39849], old=null RUNNING, sleep 450ms and then retry.
java.lang.IllegalStateException: No leader yet : printing ALL groups
  s0:  RUNNING CANDIDATE s0@group-018C702B48E5:t17, leader=null, voted=s0, raftlog=s0@group-018C702B48E5-SegmentedRaftLog:OPENED:c-1,f-1,i0, conf=-1: [s0:0.0.0.0:34748, s1:0.0.0.0:43419, s2:0.0.0.0:39849], old=null RUNNING
  s1:  RUNNING  FOLLOWER s1@group-018C702B48E5:t16, leader=null, voted=null, raftlog=s1@group-018C702B48E5-SegmentedRaftLog:OPENED:c-1,f0,i0, conf=0: [s0:0.0.0.0:34748, s1:0.0.0.0:43419, s2:0.0.0.0:39849], old=null RUNNING
  s2:  RUNNING  FOLLOWER s2@group-018C702B48E5:t16, leader=null, voted=null, raftlog=s2@group-018C702B48E5-SegmentedRaftLog:OPENED:c-1,f0,i0, conf=0: [s0:0.0.0.0:34748, s1:0.0.0.0:43419, s2:0.0.0.0:39849], old=null RUNNING
	at org.apache.ratis.MiniRaftCluster.newIllegalStateExceptionForNoLeaders(MiniRaftCluster.java:506)
	at org.apache.ratis.RaftTestUtil.lambda$waitForLeader$1(RaftTestUtil.java:90)
	at org.apache.ratis.MiniRaftCluster.getLeader(MiniRaftCluster.java:539)
	at org.apache.ratis.MiniRaftCluster.getLeader(MiniRaftCluster.java:532)
	at org.apache.ratis.RaftTestUtil.lambda$waitForLeader$3(RaftTestUtil.java:98)
	at org.apache.ratis.util.JavaUtils.attempt(JavaUtils.java:152)
	at org.apache.ratis.RaftTestUtil.waitForLeader(RaftTestUtil.java:97)
	at org.apache.ratis.RaftTestUtil.waitForLeader(RaftTestUtil.java:77)
	at org.apache.ratis.RaftTestUtil.waitForLeader(RaftTestUtil.java:72)
	at org.apache.ratis.server.impl.RaftReconfigurationBaseTest.runTestNoChangeRequest(RaftReconfigurationBaseTest.java:394)
	at org.apache.ratis.MiniRaftCluster$Factory$Get.runWithNewCluster(MiniRaftCluster.java:125)
	at org.apache.ratis.MiniRaftCluster$Factory$Get.runWithNewCluster(MiniRaftCluster.java:113)
	at org.apache.ratis.server.impl.RaftReconfigurationBaseTest.testNoChangeRequest(RaftReconfigurationBaseTest.java:390)
	at sun.reflect.NativeMethodAccessorImpl.invoke0(Native Method)
	at sun.reflect.NativeMethodAccessorImpl.invoke(NativeMethodAccessorImpl.java:62)
	at sun.reflect.DelegatingMethodAccessorImpl.invoke(DelegatingMethodAccessorImpl.java:43)
	at java.lang.reflect.Method.invoke(Method.java:498)
	at org.junit.runners.model.FrameworkMethod$1.runReflectiveCall(FrameworkMethod.java:50)
	at org.junit.internal.runners.model.ReflectiveCallable.run(ReflectiveCallable.java:12)
	at org.junit.runners.model.FrameworkMethod.invokeExplosively(FrameworkMethod.java:47)
	at org.junit.internal.runners.statements.InvokeMethod.evaluate(InvokeMethod.java:17)
	at org.junit.internal.runners.statements.RunAfters.evaluate(RunAfters.java:27)
	at org.junit.internal.runners.statements.FailOnTimeout$CallableStatement.call(FailOnTimeout.java:298)
	at org.junit.internal.runners.statements.FailOnTimeout$CallableStatement.call(FailOnTimeout.java:292)
	at java.util.concurrent.FutureTask.run(FutureTask.java:266)
	at java.lang.Thread.run(Thread.java:748)
2019-09-24 17:02:30,208 WARN  ratis.RaftTestUtil (JavaUtils.java:attempt(158)) - FAILED "waitForLeader-null-(expectLeader? true)", attempt #86/100: java.lang.IllegalStateException: No leader yet : printing ALL groups
  s0:  RUNNING CANDIDATE s0@group-018C702B48E5:t17, leader=null, voted=s0, raftlog=s0@group-018C702B48E5-SegmentedRaftLog:OPENED:c-1,f-1,i0, conf=-1: [s0:0.0.0.0:34748, s1:0.0.0.0:43419, s2:0.0.0.0:39849], old=null RUNNING
  s1:  RUNNING  FOLLOWER s1@group-018C702B48E5:t16, leader=null, voted=null, raftlog=s1@group-018C702B48E5-SegmentedRaftLog:OPENED:c-1,f0,i0, conf=0: [s0:0.0.0.0:34748, s1:0.0.0.0:43419, s2:0.0.0.0:39849], old=null RUNNING
  s2:  RUNNING  FOLLOWER s2@group-018C702B48E5:t16, leader=null, voted=null, raftlog=s2@group-018C702B48E5-SegmentedRaftLog:OPENED:c-1,f0,i0, conf=0: [s0:0.0.0.0:34748, s1:0.0.0.0:43419, s2:0.0.0.0:39849], old=null RUNNING, sleep 450ms and then retry.
java.lang.IllegalStateException: No leader yet : printing ALL groups
  s0:  RUNNING CANDIDATE s0@group-018C702B48E5:t17, leader=null, voted=s0, raftlog=s0@group-018C702B48E5-SegmentedRaftLog:OPENED:c-1,f-1,i0, conf=-1: [s0:0.0.0.0:34748, s1:0.0.0.0:43419, s2:0.0.0.0:39849], old=null RUNNING
  s1:  RUNNING  FOLLOWER s1@group-018C702B48E5:t16, leader=null, voted=null, raftlog=s1@group-018C702B48E5-SegmentedRaftLog:OPENED:c-1,f0,i0, conf=0: [s0:0.0.0.0:34748, s1:0.0.0.0:43419, s2:0.0.0.0:39849], old=null RUNNING
  s2:  RUNNING  FOLLOWER s2@group-018C702B48E5:t16, leader=null, voted=null, raftlog=s2@group-018C702B48E5-SegmentedRaftLog:OPENED:c-1,f0,i0, conf=0: [s0:0.0.0.0:34748, s1:0.0.0.0:43419, s2:0.0.0.0:39849], old=null RUNNING
	at org.apache.ratis.MiniRaftCluster.newIllegalStateExceptionForNoLeaders(MiniRaftCluster.java:506)
	at org.apache.ratis.RaftTestUtil.lambda$waitForLeader$1(RaftTestUtil.java:90)
	at org.apache.ratis.MiniRaftCluster.getLeader(MiniRaftCluster.java:539)
	at org.apache.ratis.MiniRaftCluster.getLeader(MiniRaftCluster.java:532)
	at org.apache.ratis.RaftTestUtil.lambda$waitForLeader$3(RaftTestUtil.java:98)
	at org.apache.ratis.util.JavaUtils.attempt(JavaUtils.java:152)
	at org.apache.ratis.RaftTestUtil.waitForLeader(RaftTestUtil.java:97)
	at org.apache.ratis.RaftTestUtil.waitForLeader(RaftTestUtil.java:77)
	at org.apache.ratis.RaftTestUtil.waitForLeader(RaftTestUtil.java:72)
	at org.apache.ratis.server.impl.RaftReconfigurationBaseTest.runTestNoChangeRequest(RaftReconfigurationBaseTest.java:394)
	at org.apache.ratis.MiniRaftCluster$Factory$Get.runWithNewCluster(MiniRaftCluster.java:125)
	at org.apache.ratis.MiniRaftCluster$Factory$Get.runWithNewCluster(MiniRaftCluster.java:113)
	at org.apache.ratis.server.impl.RaftReconfigurationBaseTest.testNoChangeRequest(RaftReconfigurationBaseTest.java:390)
	at sun.reflect.NativeMethodAccessorImpl.invoke0(Native Method)
	at sun.reflect.NativeMethodAccessorImpl.invoke(NativeMethodAccessorImpl.java:62)
	at sun.reflect.DelegatingMethodAccessorImpl.invoke(DelegatingMethodAccessorImpl.java:43)
	at java.lang.reflect.Method.invoke(Method.java:498)
	at org.junit.runners.model.FrameworkMethod$1.runReflectiveCall(FrameworkMethod.java:50)
	at org.junit.internal.runners.model.ReflectiveCallable.run(ReflectiveCallable.java:12)
	at org.junit.runners.model.FrameworkMethod.invokeExplosively(FrameworkMethod.java:47)
	at org.junit.internal.runners.statements.InvokeMethod.evaluate(InvokeMethod.java:17)
	at org.junit.internal.runners.statements.RunAfters.evaluate(RunAfters.java:27)
	at org.junit.internal.runners.statements.FailOnTimeout$CallableStatement.call(FailOnTimeout.java:298)
	at org.junit.internal.runners.statements.FailOnTimeout$CallableStatement.call(FailOnTimeout.java:292)
	at java.util.concurrent.FutureTask.run(FutureTask.java:266)
	at java.lang.Thread.run(Thread.java:748)
2019-09-24 17:02:30,659 WARN  ratis.RaftTestUtil (JavaUtils.java:attempt(158)) - FAILED "waitForLeader-null-(expectLeader? true)", attempt #87/100: java.lang.IllegalStateException: No leader yet : printing ALL groups
  s0:  RUNNING CANDIDATE s0@group-018C702B48E5:t17, leader=null, voted=s0, raftlog=s0@group-018C702B48E5-SegmentedRaftLog:OPENED:c-1,f-1,i0, conf=-1: [s0:0.0.0.0:34748, s1:0.0.0.0:43419, s2:0.0.0.0:39849], old=null RUNNING
  s1:  RUNNING  FOLLOWER s1@group-018C702B48E5:t16, leader=null, voted=null, raftlog=s1@group-018C702B48E5-SegmentedRaftLog:OPENED:c-1,f0,i0, conf=0: [s0:0.0.0.0:34748, s1:0.0.0.0:43419, s2:0.0.0.0:39849], old=null RUNNING
  s2:  RUNNING  FOLLOWER s2@group-018C702B48E5:t16, leader=null, voted=null, raftlog=s2@group-018C702B48E5-SegmentedRaftLog:OPENED:c-1,f0,i0, conf=0: [s0:0.0.0.0:34748, s1:0.0.0.0:43419, s2:0.0.0.0:39849], old=null RUNNING, sleep 450ms and then retry.
java.lang.IllegalStateException: No leader yet : printing ALL groups
  s0:  RUNNING CANDIDATE s0@group-018C702B48E5:t17, leader=null, voted=s0, raftlog=s0@group-018C702B48E5-SegmentedRaftLog:OPENED:c-1,f-1,i0, conf=-1: [s0:0.0.0.0:34748, s1:0.0.0.0:43419, s2:0.0.0.0:39849], old=null RUNNING
  s1:  RUNNING  FOLLOWER s1@group-018C702B48E5:t16, leader=null, voted=null, raftlog=s1@group-018C702B48E5-SegmentedRaftLog:OPENED:c-1,f0,i0, conf=0: [s0:0.0.0.0:34748, s1:0.0.0.0:43419, s2:0.0.0.0:39849], old=null RUNNING
  s2:  RUNNING  FOLLOWER s2@group-018C702B48E5:t16, leader=null, voted=null, raftlog=s2@group-018C702B48E5-SegmentedRaftLog:OPENED:c-1,f0,i0, conf=0: [s0:0.0.0.0:34748, s1:0.0.0.0:43419, s2:0.0.0.0:39849], old=null RUNNING
	at org.apache.ratis.MiniRaftCluster.newIllegalStateExceptionForNoLeaders(MiniRaftCluster.java:506)
	at org.apache.ratis.RaftTestUtil.lambda$waitForLeader$1(RaftTestUtil.java:90)
	at org.apache.ratis.MiniRaftCluster.getLeader(MiniRaftCluster.java:539)
	at org.apache.ratis.MiniRaftCluster.getLeader(MiniRaftCluster.java:532)
	at org.apache.ratis.RaftTestUtil.lambda$waitForLeader$3(RaftTestUtil.java:98)
	at org.apache.ratis.util.JavaUtils.attempt(JavaUtils.java:152)
	at org.apache.ratis.RaftTestUtil.waitForLeader(RaftTestUtil.java:97)
	at org.apache.ratis.RaftTestUtil.waitForLeader(RaftTestUtil.java:77)
	at org.apache.ratis.RaftTestUtil.waitForLeader(RaftTestUtil.java:72)
	at org.apache.ratis.server.impl.RaftReconfigurationBaseTest.runTestNoChangeRequest(RaftReconfigurationBaseTest.java:394)
	at org.apache.ratis.MiniRaftCluster$Factory$Get.runWithNewCluster(MiniRaftCluster.java:125)
	at org.apache.ratis.MiniRaftCluster$Factory$Get.runWithNewCluster(MiniRaftCluster.java:113)
	at org.apache.ratis.server.impl.RaftReconfigurationBaseTest.testNoChangeRequest(RaftReconfigurationBaseTest.java:390)
	at sun.reflect.NativeMethodAccessorImpl.invoke0(Native Method)
	at sun.reflect.NativeMethodAccessorImpl.invoke(NativeMethodAccessorImpl.java:62)
	at sun.reflect.DelegatingMethodAccessorImpl.invoke(DelegatingMethodAccessorImpl.java:43)
	at java.lang.reflect.Method.invoke(Method.java:498)
	at org.junit.runners.model.FrameworkMethod$1.runReflectiveCall(FrameworkMethod.java:50)
	at org.junit.internal.runners.model.ReflectiveCallable.run(ReflectiveCallable.java:12)
	at org.junit.runners.model.FrameworkMethod.invokeExplosively(FrameworkMethod.java:47)
	at org.junit.internal.runners.statements.InvokeMethod.evaluate(InvokeMethod.java:17)
	at org.junit.internal.runners.statements.RunAfters.evaluate(RunAfters.java:27)
	at org.junit.internal.runners.statements.FailOnTimeout$CallableStatement.call(FailOnTimeout.java:298)
	at org.junit.internal.runners.statements.FailOnTimeout$CallableStatement.call(FailOnTimeout.java:292)
	at java.util.concurrent.FutureTask.run(FutureTask.java:266)
	at java.lang.Thread.run(Thread.java:748)
2019-09-24 17:02:31,111 WARN  ratis.RaftTestUtil (JavaUtils.java:attempt(158)) - FAILED "waitForLeader-null-(expectLeader? true)", attempt #88/100: java.lang.IllegalStateException: No leader yet : printing ALL groups
  s0:  RUNNING CANDIDATE s0@group-018C702B48E5:t17, leader=null, voted=s0, raftlog=s0@group-018C702B48E5-SegmentedRaftLog:OPENED:c-1,f-1,i0, conf=-1: [s0:0.0.0.0:34748, s1:0.0.0.0:43419, s2:0.0.0.0:39849], old=null RUNNING
  s1:  RUNNING  FOLLOWER s1@group-018C702B48E5:t16, leader=null, voted=null, raftlog=s1@group-018C702B48E5-SegmentedRaftLog:OPENED:c-1,f0,i0, conf=0: [s0:0.0.0.0:34748, s1:0.0.0.0:43419, s2:0.0.0.0:39849], old=null RUNNING
  s2:  RUNNING  FOLLOWER s2@group-018C702B48E5:t16, leader=null, voted=null, raftlog=s2@group-018C702B48E5-SegmentedRaftLog:OPENED:c-1,f0,i0, conf=0: [s0:0.0.0.0:34748, s1:0.0.0.0:43419, s2:0.0.0.0:39849], old=null RUNNING, sleep 450ms and then retry.
java.lang.IllegalStateException: No leader yet : printing ALL groups
  s0:  RUNNING CANDIDATE s0@group-018C702B48E5:t17, leader=null, voted=s0, raftlog=s0@group-018C702B48E5-SegmentedRaftLog:OPENED:c-1,f-1,i0, conf=-1: [s0:0.0.0.0:34748, s1:0.0.0.0:43419, s2:0.0.0.0:39849], old=null RUNNING
  s1:  RUNNING  FOLLOWER s1@group-018C702B48E5:t16, leader=null, voted=null, raftlog=s1@group-018C702B48E5-SegmentedRaftLog:OPENED:c-1,f0,i0, conf=0: [s0:0.0.0.0:34748, s1:0.0.0.0:43419, s2:0.0.0.0:39849], old=null RUNNING
  s2:  RUNNING  FOLLOWER s2@group-018C702B48E5:t16, leader=null, voted=null, raftlog=s2@group-018C702B48E5-SegmentedRaftLog:OPENED:c-1,f0,i0, conf=0: [s0:0.0.0.0:34748, s1:0.0.0.0:43419, s2:0.0.0.0:39849], old=null RUNNING
	at org.apache.ratis.MiniRaftCluster.newIllegalStateExceptionForNoLeaders(MiniRaftCluster.java:506)
	at org.apache.ratis.RaftTestUtil.lambda$waitForLeader$1(RaftTestUtil.java:90)
	at org.apache.ratis.MiniRaftCluster.getLeader(MiniRaftCluster.java:539)
	at org.apache.ratis.MiniRaftCluster.getLeader(MiniRaftCluster.java:532)
	at org.apache.ratis.RaftTestUtil.lambda$waitForLeader$3(RaftTestUtil.java:98)
	at org.apache.ratis.util.JavaUtils.attempt(JavaUtils.java:152)
	at org.apache.ratis.RaftTestUtil.waitForLeader(RaftTestUtil.java:97)
	at org.apache.ratis.RaftTestUtil.waitForLeader(RaftTestUtil.java:77)
	at org.apache.ratis.RaftTestUtil.waitForLeader(RaftTestUtil.java:72)
	at org.apache.ratis.server.impl.RaftReconfigurationBaseTest.runTestNoChangeRequest(RaftReconfigurationBaseTest.java:394)
	at org.apache.ratis.MiniRaftCluster$Factory$Get.runWithNewCluster(MiniRaftCluster.java:125)
	at org.apache.ratis.MiniRaftCluster$Factory$Get.runWithNewCluster(MiniRaftCluster.java:113)
	at org.apache.ratis.server.impl.RaftReconfigurationBaseTest.testNoChangeRequest(RaftReconfigurationBaseTest.java:390)
	at sun.reflect.NativeMethodAccessorImpl.invoke0(Native Method)
	at sun.reflect.NativeMethodAccessorImpl.invoke(NativeMethodAccessorImpl.java:62)
	at sun.reflect.DelegatingMethodAccessorImpl.invoke(DelegatingMethodAccessorImpl.java:43)
	at java.lang.reflect.Method.invoke(Method.java:498)
	at org.junit.runners.model.FrameworkMethod$1.runReflectiveCall(FrameworkMethod.java:50)
	at org.junit.internal.runners.model.ReflectiveCallable.run(ReflectiveCallable.java:12)
	at org.junit.runners.model.FrameworkMethod.invokeExplosively(FrameworkMethod.java:47)
	at org.junit.internal.runners.statements.InvokeMethod.evaluate(InvokeMethod.java:17)
	at org.junit.internal.runners.statements.RunAfters.evaluate(RunAfters.java:27)
	at org.junit.internal.runners.statements.FailOnTimeout$CallableStatement.call(FailOnTimeout.java:298)
	at org.junit.internal.runners.statements.FailOnTimeout$CallableStatement.call(FailOnTimeout.java:292)
	at java.util.concurrent.FutureTask.run(FutureTask.java:266)
	at java.lang.Thread.run(Thread.java:748)
2019-09-24 17:02:31,563 WARN  ratis.RaftTestUtil (JavaUtils.java:attempt(158)) - FAILED "waitForLeader-null-(expectLeader? true)", attempt #89/100: java.lang.IllegalStateException: No leader yet : printing ALL groups
  s0:  RUNNING CANDIDATE s0@group-018C702B48E5:t17, leader=null, voted=s0, raftlog=s0@group-018C702B48E5-SegmentedRaftLog:OPENED:c-1,f-1,i0, conf=-1: [s0:0.0.0.0:34748, s1:0.0.0.0:43419, s2:0.0.0.0:39849], old=null RUNNING
  s1:  RUNNING  FOLLOWER s1@group-018C702B48E5:t16, leader=null, voted=null, raftlog=s1@group-018C702B48E5-SegmentedRaftLog:OPENED:c-1,f0,i0, conf=0: [s0:0.0.0.0:34748, s1:0.0.0.0:43419, s2:0.0.0.0:39849], old=null RUNNING
  s2:  RUNNING  FOLLOWER s2@group-018C702B48E5:t16, leader=null, voted=null, raftlog=s2@group-018C702B48E5-SegmentedRaftLog:OPENED:c-1,f0,i0, conf=0: [s0:0.0.0.0:34748, s1:0.0.0.0:43419, s2:0.0.0.0:39849], old=null RUNNING, sleep 450ms and then retry.
java.lang.IllegalStateException: No leader yet : printing ALL groups
  s0:  RUNNING CANDIDATE s0@group-018C702B48E5:t17, leader=null, voted=s0, raftlog=s0@group-018C702B48E5-SegmentedRaftLog:OPENED:c-1,f-1,i0, conf=-1: [s0:0.0.0.0:34748, s1:0.0.0.0:43419, s2:0.0.0.0:39849], old=null RUNNING
  s1:  RUNNING  FOLLOWER s1@group-018C702B48E5:t16, leader=null, voted=null, raftlog=s1@group-018C702B48E5-SegmentedRaftLog:OPENED:c-1,f0,i0, conf=0: [s0:0.0.0.0:34748, s1:0.0.0.0:43419, s2:0.0.0.0:39849], old=null RUNNING
  s2:  RUNNING  FOLLOWER s2@group-018C702B48E5:t16, leader=null, voted=null, raftlog=s2@group-018C702B48E5-SegmentedRaftLog:OPENED:c-1,f0,i0, conf=0: [s0:0.0.0.0:34748, s1:0.0.0.0:43419, s2:0.0.0.0:39849], old=null RUNNING
	at org.apache.ratis.MiniRaftCluster.newIllegalStateExceptionForNoLeaders(MiniRaftCluster.java:506)
	at org.apache.ratis.RaftTestUtil.lambda$waitForLeader$1(RaftTestUtil.java:90)
	at org.apache.ratis.MiniRaftCluster.getLeader(MiniRaftCluster.java:539)
	at org.apache.ratis.MiniRaftCluster.getLeader(MiniRaftCluster.java:532)
	at org.apache.ratis.RaftTestUtil.lambda$waitForLeader$3(RaftTestUtil.java:98)
	at org.apache.ratis.util.JavaUtils.attempt(JavaUtils.java:152)
	at org.apache.ratis.RaftTestUtil.waitForLeader(RaftTestUtil.java:97)
	at org.apache.ratis.RaftTestUtil.waitForLeader(RaftTestUtil.java:77)
	at org.apache.ratis.RaftTestUtil.waitForLeader(RaftTestUtil.java:72)
	at org.apache.ratis.server.impl.RaftReconfigurationBaseTest.runTestNoChangeRequest(RaftReconfigurationBaseTest.java:394)
	at org.apache.ratis.MiniRaftCluster$Factory$Get.runWithNewCluster(MiniRaftCluster.java:125)
	at org.apache.ratis.MiniRaftCluster$Factory$Get.runWithNewCluster(MiniRaftCluster.java:113)
	at org.apache.ratis.server.impl.RaftReconfigurationBaseTest.testNoChangeRequest(RaftReconfigurationBaseTest.java:390)
	at sun.reflect.NativeMethodAccessorImpl.invoke0(Native Method)
	at sun.reflect.NativeMethodAccessorImpl.invoke(NativeMethodAccessorImpl.java:62)
	at sun.reflect.DelegatingMethodAccessorImpl.invoke(DelegatingMethodAccessorImpl.java:43)
	at java.lang.reflect.Method.invoke(Method.java:498)
	at org.junit.runners.model.FrameworkMethod$1.runReflectiveCall(FrameworkMethod.java:50)
	at org.junit.internal.runners.model.ReflectiveCallable.run(ReflectiveCallable.java:12)
	at org.junit.runners.model.FrameworkMethod.invokeExplosively(FrameworkMethod.java:47)
	at org.junit.internal.runners.statements.InvokeMethod.evaluate(InvokeMethod.java:17)
	at org.junit.internal.runners.statements.RunAfters.evaluate(RunAfters.java:27)
	at org.junit.internal.runners.statements.FailOnTimeout$CallableStatement.call(FailOnTimeout.java:298)
	at org.junit.internal.runners.statements.FailOnTimeout$CallableStatement.call(FailOnTimeout.java:292)
	at java.util.concurrent.FutureTask.run(FutureTask.java:266)
	at java.lang.Thread.run(Thread.java:748)
2019-09-24 17:02:31,782 INFO  ratis.MiniRaftCluster (MiniRaftCluster.java:lambda$null$5(297)) - TIMED-PRINT: printing ALL groups
  s0:  RUNNING CANDIDATE s0@group-018C702B48E5:t17, leader=null, voted=s0, raftlog=s0@group-018C702B48E5-SegmentedRaftLog:OPENED:c-1,f-1,i0, conf=-1: [s0:0.0.0.0:34748, s1:0.0.0.0:43419, s2:0.0.0.0:39849], old=null RUNNING
  s1:  RUNNING  FOLLOWER s1@group-018C702B48E5:t16, leader=null, voted=null, raftlog=s1@group-018C702B48E5-SegmentedRaftLog:OPENED:c-1,f0,i0, conf=0: [s0:0.0.0.0:34748, s1:0.0.0.0:43419, s2:0.0.0.0:39849], old=null RUNNING
  s2:  RUNNING  FOLLOWER s2@group-018C702B48E5:t16, leader=null, voted=null, raftlog=s2@group-018C702B48E5-SegmentedRaftLog:OPENED:c-1,f0,i0, conf=0: [s0:0.0.0.0:34748, s1:0.0.0.0:43419, s2:0.0.0.0:39849], old=null RUNNING
2019-09-24 17:02:32,014 WARN  ratis.RaftTestUtil (JavaUtils.java:attempt(158)) - FAILED "waitForLeader-null-(expectLeader? true)", attempt #90/100: java.lang.IllegalStateException: No leader yet : printing ALL groups
  s0:  RUNNING CANDIDATE s0@group-018C702B48E5:t17, leader=null, voted=s0, raftlog=s0@group-018C702B48E5-SegmentedRaftLog:OPENED:c-1,f-1,i0, conf=-1: [s0:0.0.0.0:34748, s1:0.0.0.0:43419, s2:0.0.0.0:39849], old=null RUNNING
  s1:  RUNNING  FOLLOWER s1@group-018C702B48E5:t16, leader=null, voted=null, raftlog=s1@group-018C702B48E5-SegmentedRaftLog:OPENED:c-1,f0,i0, conf=0: [s0:0.0.0.0:34748, s1:0.0.0.0:43419, s2:0.0.0.0:39849], old=null RUNNING
  s2:  RUNNING  FOLLOWER s2@group-018C702B48E5:t16, leader=null, voted=null, raftlog=s2@group-018C702B48E5-SegmentedRaftLog:OPENED:c-1,f0,i0, conf=0: [s0:0.0.0.0:34748, s1:0.0.0.0:43419, s2:0.0.0.0:39849], old=null RUNNING, sleep 450ms and then retry.
java.lang.IllegalStateException: No leader yet : printing ALL groups
  s0:  RUNNING CANDIDATE s0@group-018C702B48E5:t17, leader=null, voted=s0, raftlog=s0@group-018C702B48E5-SegmentedRaftLog:OPENED:c-1,f-1,i0, conf=-1: [s0:0.0.0.0:34748, s1:0.0.0.0:43419, s2:0.0.0.0:39849], old=null RUNNING
  s1:  RUNNING  FOLLOWER s1@group-018C702B48E5:t16, leader=null, voted=null, raftlog=s1@group-018C702B48E5-SegmentedRaftLog:OPENED:c-1,f0,i0, conf=0: [s0:0.0.0.0:34748, s1:0.0.0.0:43419, s2:0.0.0.0:39849], old=null RUNNING
  s2:  RUNNING  FOLLOWER s2@group-018C702B48E5:t16, leader=null, voted=null, raftlog=s2@group-018C702B48E5-SegmentedRaftLog:OPENED:c-1,f0,i0, conf=0: [s0:0.0.0.0:34748, s1:0.0.0.0:43419, s2:0.0.0.0:39849], old=null RUNNING
	at org.apache.ratis.MiniRaftCluster.newIllegalStateExceptionForNoLeaders(MiniRaftCluster.java:506)
	at org.apache.ratis.RaftTestUtil.lambda$waitForLeader$1(RaftTestUtil.java:90)
	at org.apache.ratis.MiniRaftCluster.getLeader(MiniRaftCluster.java:539)
	at org.apache.ratis.MiniRaftCluster.getLeader(MiniRaftCluster.java:532)
	at org.apache.ratis.RaftTestUtil.lambda$waitForLeader$3(RaftTestUtil.java:98)
	at org.apache.ratis.util.JavaUtils.attempt(JavaUtils.java:152)
	at org.apache.ratis.RaftTestUtil.waitForLeader(RaftTestUtil.java:97)
	at org.apache.ratis.RaftTestUtil.waitForLeader(RaftTestUtil.java:77)
	at org.apache.ratis.RaftTestUtil.waitForLeader(RaftTestUtil.java:72)
	at org.apache.ratis.server.impl.RaftReconfigurationBaseTest.runTestNoChangeRequest(RaftReconfigurationBaseTest.java:394)
	at org.apache.ratis.MiniRaftCluster$Factory$Get.runWithNewCluster(MiniRaftCluster.java:125)
	at org.apache.ratis.MiniRaftCluster$Factory$Get.runWithNewCluster(MiniRaftCluster.java:113)
	at org.apache.ratis.server.impl.RaftReconfigurationBaseTest.testNoChangeRequest(RaftReconfigurationBaseTest.java:390)
	at sun.reflect.NativeMethodAccessorImpl.invoke0(Native Method)
	at sun.reflect.NativeMethodAccessorImpl.invoke(NativeMethodAccessorImpl.java:62)
	at sun.reflect.DelegatingMethodAccessorImpl.invoke(DelegatingMethodAccessorImpl.java:43)
	at java.lang.reflect.Method.invoke(Method.java:498)
	at org.junit.runners.model.FrameworkMethod$1.runReflectiveCall(FrameworkMethod.java:50)
	at org.junit.internal.runners.model.ReflectiveCallable.run(ReflectiveCallable.java:12)
	at org.junit.runners.model.FrameworkMethod.invokeExplosively(FrameworkMethod.java:47)
	at org.junit.internal.runners.statements.InvokeMethod.evaluate(InvokeMethod.java:17)
	at org.junit.internal.runners.statements.RunAfters.evaluate(RunAfters.java:27)
	at org.junit.internal.runners.statements.FailOnTimeout$CallableStatement.call(FailOnTimeout.java:298)
	at org.junit.internal.runners.statements.FailOnTimeout$CallableStatement.call(FailOnTimeout.java:292)
	at java.util.concurrent.FutureTask.run(FutureTask.java:266)
	at java.lang.Thread.run(Thread.java:748)
2019-09-24 17:02:32,466 WARN  ratis.RaftTestUtil (JavaUtils.java:attempt(158)) - FAILED "waitForLeader-null-(expectLeader? true)", attempt #91/100: java.lang.IllegalStateException: No leader yet : printing ALL groups
  s0:  RUNNING CANDIDATE s0@group-018C702B48E5:t17, leader=null, voted=s0, raftlog=s0@group-018C702B48E5-SegmentedRaftLog:OPENED:c-1,f-1,i0, conf=-1: [s0:0.0.0.0:34748, s1:0.0.0.0:43419, s2:0.0.0.0:39849], old=null RUNNING
  s1:  RUNNING  FOLLOWER s1@group-018C702B48E5:t16, leader=null, voted=null, raftlog=s1@group-018C702B48E5-SegmentedRaftLog:OPENED:c-1,f0,i0, conf=0: [s0:0.0.0.0:34748, s1:0.0.0.0:43419, s2:0.0.0.0:39849], old=null RUNNING
  s2:  RUNNING  FOLLOWER s2@group-018C702B48E5:t16, leader=null, voted=null, raftlog=s2@group-018C702B48E5-SegmentedRaftLog:OPENED:c-1,f0,i0, conf=0: [s0:0.0.0.0:34748, s1:0.0.0.0:43419, s2:0.0.0.0:39849], old=null RUNNING, sleep 450ms and then retry.
java.lang.IllegalStateException: No leader yet : printing ALL groups
  s0:  RUNNING CANDIDATE s0@group-018C702B48E5:t17, leader=null, voted=s0, raftlog=s0@group-018C702B48E5-SegmentedRaftLog:OPENED:c-1,f-1,i0, conf=-1: [s0:0.0.0.0:34748, s1:0.0.0.0:43419, s2:0.0.0.0:39849], old=null RUNNING
  s1:  RUNNING  FOLLOWER s1@group-018C702B48E5:t16, leader=null, voted=null, raftlog=s1@group-018C702B48E5-SegmentedRaftLog:OPENED:c-1,f0,i0, conf=0: [s0:0.0.0.0:34748, s1:0.0.0.0:43419, s2:0.0.0.0:39849], old=null RUNNING
  s2:  RUNNING  FOLLOWER s2@group-018C702B48E5:t16, leader=null, voted=null, raftlog=s2@group-018C702B48E5-SegmentedRaftLog:OPENED:c-1,f0,i0, conf=0: [s0:0.0.0.0:34748, s1:0.0.0.0:43419, s2:0.0.0.0:39849], old=null RUNNING
	at org.apache.ratis.MiniRaftCluster.newIllegalStateExceptionForNoLeaders(MiniRaftCluster.java:506)
	at org.apache.ratis.RaftTestUtil.lambda$waitForLeader$1(RaftTestUtil.java:90)
	at org.apache.ratis.MiniRaftCluster.getLeader(MiniRaftCluster.java:539)
	at org.apache.ratis.MiniRaftCluster.getLeader(MiniRaftCluster.java:532)
	at org.apache.ratis.RaftTestUtil.lambda$waitForLeader$3(RaftTestUtil.java:98)
	at org.apache.ratis.util.JavaUtils.attempt(JavaUtils.java:152)
	at org.apache.ratis.RaftTestUtil.waitForLeader(RaftTestUtil.java:97)
	at org.apache.ratis.RaftTestUtil.waitForLeader(RaftTestUtil.java:77)
	at org.apache.ratis.RaftTestUtil.waitForLeader(RaftTestUtil.java:72)
	at org.apache.ratis.server.impl.RaftReconfigurationBaseTest.runTestNoChangeRequest(RaftReconfigurationBaseTest.java:394)
	at org.apache.ratis.MiniRaftCluster$Factory$Get.runWithNewCluster(MiniRaftCluster.java:125)
	at org.apache.ratis.MiniRaftCluster$Factory$Get.runWithNewCluster(MiniRaftCluster.java:113)
	at org.apache.ratis.server.impl.RaftReconfigurationBaseTest.testNoChangeRequest(RaftReconfigurationBaseTest.java:390)
	at sun.reflect.NativeMethodAccessorImpl.invoke0(Native Method)
	at sun.reflect.NativeMethodAccessorImpl.invoke(NativeMethodAccessorImpl.java:62)
	at sun.reflect.DelegatingMethodAccessorImpl.invoke(DelegatingMethodAccessorImpl.java:43)
	at java.lang.reflect.Method.invoke(Method.java:498)
	at org.junit.runners.model.FrameworkMethod$1.runReflectiveCall(FrameworkMethod.java:50)
	at org.junit.internal.runners.model.ReflectiveCallable.run(ReflectiveCallable.java:12)
	at org.junit.runners.model.FrameworkMethod.invokeExplosively(FrameworkMethod.java:47)
	at org.junit.internal.runners.statements.InvokeMethod.evaluate(InvokeMethod.java:17)
	at org.junit.internal.runners.statements.RunAfters.evaluate(RunAfters.java:27)
	at org.junit.internal.runners.statements.FailOnTimeout$CallableStatement.call(FailOnTimeout.java:298)
	at org.junit.internal.runners.statements.FailOnTimeout$CallableStatement.call(FailOnTimeout.java:292)
	at java.util.concurrent.FutureTask.run(FutureTask.java:266)
	at java.lang.Thread.run(Thread.java:748)
2019-09-24 17:02:32,918 WARN  ratis.RaftTestUtil (JavaUtils.java:attempt(158)) - FAILED "waitForLeader-null-(expectLeader? true)", attempt #92/100: java.lang.IllegalStateException: No leader yet : printing ALL groups
  s0:  RUNNING CANDIDATE s0@group-018C702B48E5:t17, leader=null, voted=s0, raftlog=s0@group-018C702B48E5-SegmentedRaftLog:OPENED:c-1,f-1,i0, conf=-1: [s0:0.0.0.0:34748, s1:0.0.0.0:43419, s2:0.0.0.0:39849], old=null RUNNING
  s1:  RUNNING  FOLLOWER s1@group-018C702B48E5:t16, leader=null, voted=null, raftlog=s1@group-018C702B48E5-SegmentedRaftLog:OPENED:c-1,f0,i0, conf=0: [s0:0.0.0.0:34748, s1:0.0.0.0:43419, s2:0.0.0.0:39849], old=null RUNNING
  s2:  RUNNING  FOLLOWER s2@group-018C702B48E5:t16, leader=null, voted=null, raftlog=s2@group-018C702B48E5-SegmentedRaftLog:OPENED:c-1,f0,i0, conf=0: [s0:0.0.0.0:34748, s1:0.0.0.0:43419, s2:0.0.0.0:39849], old=null RUNNING, sleep 450ms and then retry.
java.lang.IllegalStateException: No leader yet : printing ALL groups
  s0:  RUNNING CANDIDATE s0@group-018C702B48E5:t17, leader=null, voted=s0, raftlog=s0@group-018C702B48E5-SegmentedRaftLog:OPENED:c-1,f-1,i0, conf=-1: [s0:0.0.0.0:34748, s1:0.0.0.0:43419, s2:0.0.0.0:39849], old=null RUNNING
  s1:  RUNNING  FOLLOWER s1@group-018C702B48E5:t16, leader=null, voted=null, raftlog=s1@group-018C702B48E5-SegmentedRaftLog:OPENED:c-1,f0,i0, conf=0: [s0:0.0.0.0:34748, s1:0.0.0.0:43419, s2:0.0.0.0:39849], old=null RUNNING
  s2:  RUNNING  FOLLOWER s2@group-018C702B48E5:t16, leader=null, voted=null, raftlog=s2@group-018C702B48E5-SegmentedRaftLog:OPENED:c-1,f0,i0, conf=0: [s0:0.0.0.0:34748, s1:0.0.0.0:43419, s2:0.0.0.0:39849], old=null RUNNING
	at org.apache.ratis.MiniRaftCluster.newIllegalStateExceptionForNoLeaders(MiniRaftCluster.java:506)
	at org.apache.ratis.RaftTestUtil.lambda$waitForLeader$1(RaftTestUtil.java:90)
	at org.apache.ratis.MiniRaftCluster.getLeader(MiniRaftCluster.java:539)
	at org.apache.ratis.MiniRaftCluster.getLeader(MiniRaftCluster.java:532)
	at org.apache.ratis.RaftTestUtil.lambda$waitForLeader$3(RaftTestUtil.java:98)
	at org.apache.ratis.util.JavaUtils.attempt(JavaUtils.java:152)
	at org.apache.ratis.RaftTestUtil.waitForLeader(RaftTestUtil.java:97)
	at org.apache.ratis.RaftTestUtil.waitForLeader(RaftTestUtil.java:77)
	at org.apache.ratis.RaftTestUtil.waitForLeader(RaftTestUtil.java:72)
	at org.apache.ratis.server.impl.RaftReconfigurationBaseTest.runTestNoChangeRequest(RaftReconfigurationBaseTest.java:394)
	at org.apache.ratis.MiniRaftCluster$Factory$Get.runWithNewCluster(MiniRaftCluster.java:125)
	at org.apache.ratis.MiniRaftCluster$Factory$Get.runWithNewCluster(MiniRaftCluster.java:113)
	at org.apache.ratis.server.impl.RaftReconfigurationBaseTest.testNoChangeRequest(RaftReconfigurationBaseTest.java:390)
	at sun.reflect.NativeMethodAccessorImpl.invoke0(Native Method)
	at sun.reflect.NativeMethodAccessorImpl.invoke(NativeMethodAccessorImpl.java:62)
	at sun.reflect.DelegatingMethodAccessorImpl.invoke(DelegatingMethodAccessorImpl.java:43)
	at java.lang.reflect.Method.invoke(Method.java:498)
	at org.junit.runners.model.FrameworkMethod$1.runReflectiveCall(FrameworkMethod.java:50)
	at org.junit.internal.runners.model.ReflectiveCallable.run(ReflectiveCallable.java:12)
	at org.junit.runners.model.FrameworkMethod.invokeExplosively(FrameworkMethod.java:47)
	at org.junit.internal.runners.statements.InvokeMethod.evaluate(InvokeMethod.java:17)
	at org.junit.internal.runners.statements.RunAfters.evaluate(RunAfters.java:27)
	at org.junit.internal.runners.statements.FailOnTimeout$CallableStatement.call(FailOnTimeout.java:298)
	at org.junit.internal.runners.statements.FailOnTimeout$CallableStatement.call(FailOnTimeout.java:292)
	at java.util.concurrent.FutureTask.run(FutureTask.java:266)
	at java.lang.Thread.run(Thread.java:748)
2019-09-24 17:02:33,370 WARN  ratis.RaftTestUtil (JavaUtils.java:attempt(158)) - FAILED "waitForLeader-null-(expectLeader? true)", attempt #93/100: java.lang.IllegalStateException: No leader yet : printing ALL groups
  s0:  RUNNING CANDIDATE s0@group-018C702B48E5:t17, leader=null, voted=s0, raftlog=s0@group-018C702B48E5-SegmentedRaftLog:OPENED:c-1,f-1,i0, conf=-1: [s0:0.0.0.0:34748, s1:0.0.0.0:43419, s2:0.0.0.0:39849], old=null RUNNING
  s1:  RUNNING  FOLLOWER s1@group-018C702B48E5:t16, leader=null, voted=null, raftlog=s1@group-018C702B48E5-SegmentedRaftLog:OPENED:c-1,f0,i0, conf=0: [s0:0.0.0.0:34748, s1:0.0.0.0:43419, s2:0.0.0.0:39849], old=null RUNNING
  s2:  RUNNING  FOLLOWER s2@group-018C702B48E5:t16, leader=null, voted=null, raftlog=s2@group-018C702B48E5-SegmentedRaftLog:OPENED:c-1,f0,i0, conf=0: [s0:0.0.0.0:34748, s1:0.0.0.0:43419, s2:0.0.0.0:39849], old=null RUNNING, sleep 450ms and then retry.
java.lang.IllegalStateException: No leader yet : printing ALL groups
  s0:  RUNNING CANDIDATE s0@group-018C702B48E5:t17, leader=null, voted=s0, raftlog=s0@group-018C702B48E5-SegmentedRaftLog:OPENED:c-1,f-1,i0, conf=-1: [s0:0.0.0.0:34748, s1:0.0.0.0:43419, s2:0.0.0.0:39849], old=null RUNNING
  s1:  RUNNING  FOLLOWER s1@group-018C702B48E5:t16, leader=null, voted=null, raftlog=s1@group-018C702B48E5-SegmentedRaftLog:OPENED:c-1,f0,i0, conf=0: [s0:0.0.0.0:34748, s1:0.0.0.0:43419, s2:0.0.0.0:39849], old=null RUNNING
  s2:  RUNNING  FOLLOWER s2@group-018C702B48E5:t16, leader=null, voted=null, raftlog=s2@group-018C702B48E5-SegmentedRaftLog:OPENED:c-1,f0,i0, conf=0: [s0:0.0.0.0:34748, s1:0.0.0.0:43419, s2:0.0.0.0:39849], old=null RUNNING
	at org.apache.ratis.MiniRaftCluster.newIllegalStateExceptionForNoLeaders(MiniRaftCluster.java:506)
	at org.apache.ratis.RaftTestUtil.lambda$waitForLeader$1(RaftTestUtil.java:90)
	at org.apache.ratis.MiniRaftCluster.getLeader(MiniRaftCluster.java:539)
	at org.apache.ratis.MiniRaftCluster.getLeader(MiniRaftCluster.java:532)
	at org.apache.ratis.RaftTestUtil.lambda$waitForLeader$3(RaftTestUtil.java:98)
	at org.apache.ratis.util.JavaUtils.attempt(JavaUtils.java:152)
	at org.apache.ratis.RaftTestUtil.waitForLeader(RaftTestUtil.java:97)
	at org.apache.ratis.RaftTestUtil.waitForLeader(RaftTestUtil.java:77)
	at org.apache.ratis.RaftTestUtil.waitForLeader(RaftTestUtil.java:72)
	at org.apache.ratis.server.impl.RaftReconfigurationBaseTest.runTestNoChangeRequest(RaftReconfigurationBaseTest.java:394)
	at org.apache.ratis.MiniRaftCluster$Factory$Get.runWithNewCluster(MiniRaftCluster.java:125)
	at org.apache.ratis.MiniRaftCluster$Factory$Get.runWithNewCluster(MiniRaftCluster.java:113)
	at org.apache.ratis.server.impl.RaftReconfigurationBaseTest.testNoChangeRequest(RaftReconfigurationBaseTest.java:390)
	at sun.reflect.NativeMethodAccessorImpl.invoke0(Native Method)
	at sun.reflect.NativeMethodAccessorImpl.invoke(NativeMethodAccessorImpl.java:62)
	at sun.reflect.DelegatingMethodAccessorImpl.invoke(DelegatingMethodAccessorImpl.java:43)
	at java.lang.reflect.Method.invoke(Method.java:498)
	at org.junit.runners.model.FrameworkMethod$1.runReflectiveCall(FrameworkMethod.java:50)
	at org.junit.internal.runners.model.ReflectiveCallable.run(ReflectiveCallable.java:12)
	at org.junit.runners.model.FrameworkMethod.invokeExplosively(FrameworkMethod.java:47)
	at org.junit.internal.runners.statements.InvokeMethod.evaluate(InvokeMethod.java:17)
	at org.junit.internal.runners.statements.RunAfters.evaluate(RunAfters.java:27)
	at org.junit.internal.runners.statements.FailOnTimeout$CallableStatement.call(FailOnTimeout.java:298)
	at org.junit.internal.runners.statements.FailOnTimeout$CallableStatement.call(FailOnTimeout.java:292)
	at java.util.concurrent.FutureTask.run(FutureTask.java:266)
	at java.lang.Thread.run(Thread.java:748)
2019-09-24 17:02:33,821 WARN  ratis.RaftTestUtil (JavaUtils.java:attempt(158)) - FAILED "waitForLeader-null-(expectLeader? true)", attempt #94/100: java.lang.IllegalStateException: No leader yet : printing ALL groups
  s0:  RUNNING CANDIDATE s0@group-018C702B48E5:t17, leader=null, voted=s0, raftlog=s0@group-018C702B48E5-SegmentedRaftLog:OPENED:c-1,f-1,i0, conf=-1: [s0:0.0.0.0:34748, s1:0.0.0.0:43419, s2:0.0.0.0:39849], old=null RUNNING
  s1:  RUNNING  FOLLOWER s1@group-018C702B48E5:t16, leader=null, voted=null, raftlog=s1@group-018C702B48E5-SegmentedRaftLog:OPENED:c-1,f0,i0, conf=0: [s0:0.0.0.0:34748, s1:0.0.0.0:43419, s2:0.0.0.0:39849], old=null RUNNING
  s2:  RUNNING  FOLLOWER s2@group-018C702B48E5:t16, leader=null, voted=null, raftlog=s2@group-018C702B48E5-SegmentedRaftLog:OPENED:c-1,f0,i0, conf=0: [s0:0.0.0.0:34748, s1:0.0.0.0:43419, s2:0.0.0.0:39849], old=null RUNNING, sleep 450ms and then retry.
java.lang.IllegalStateException: No leader yet : printing ALL groups
  s0:  RUNNING CANDIDATE s0@group-018C702B48E5:t17, leader=null, voted=s0, raftlog=s0@group-018C702B48E5-SegmentedRaftLog:OPENED:c-1,f-1,i0, conf=-1: [s0:0.0.0.0:34748, s1:0.0.0.0:43419, s2:0.0.0.0:39849], old=null RUNNING
  s1:  RUNNING  FOLLOWER s1@group-018C702B48E5:t16, leader=null, voted=null, raftlog=s1@group-018C702B48E5-SegmentedRaftLog:OPENED:c-1,f0,i0, conf=0: [s0:0.0.0.0:34748, s1:0.0.0.0:43419, s2:0.0.0.0:39849], old=null RUNNING
  s2:  RUNNING  FOLLOWER s2@group-018C702B48E5:t16, leader=null, voted=null, raftlog=s2@group-018C702B48E5-SegmentedRaftLog:OPENED:c-1,f0,i0, conf=0: [s0:0.0.0.0:34748, s1:0.0.0.0:43419, s2:0.0.0.0:39849], old=null RUNNING
	at org.apache.ratis.MiniRaftCluster.newIllegalStateExceptionForNoLeaders(MiniRaftCluster.java:506)
	at org.apache.ratis.RaftTestUtil.lambda$waitForLeader$1(RaftTestUtil.java:90)
	at org.apache.ratis.MiniRaftCluster.getLeader(MiniRaftCluster.java:539)
	at org.apache.ratis.MiniRaftCluster.getLeader(MiniRaftCluster.java:532)
	at org.apache.ratis.RaftTestUtil.lambda$waitForLeader$3(RaftTestUtil.java:98)
	at org.apache.ratis.util.JavaUtils.attempt(JavaUtils.java:152)
	at org.apache.ratis.RaftTestUtil.waitForLeader(RaftTestUtil.java:97)
	at org.apache.ratis.RaftTestUtil.waitForLeader(RaftTestUtil.java:77)
	at org.apache.ratis.RaftTestUtil.waitForLeader(RaftTestUtil.java:72)
	at org.apache.ratis.server.impl.RaftReconfigurationBaseTest.runTestNoChangeRequest(RaftReconfigurationBaseTest.java:394)
	at org.apache.ratis.MiniRaftCluster$Factory$Get.runWithNewCluster(MiniRaftCluster.java:125)
	at org.apache.ratis.MiniRaftCluster$Factory$Get.runWithNewCluster(MiniRaftCluster.java:113)
	at org.apache.ratis.server.impl.RaftReconfigurationBaseTest.testNoChangeRequest(RaftReconfigurationBaseTest.java:390)
	at sun.reflect.NativeMethodAccessorImpl.invoke0(Native Method)
	at sun.reflect.NativeMethodAccessorImpl.invoke(NativeMethodAccessorImpl.java:62)
	at sun.reflect.DelegatingMethodAccessorImpl.invoke(DelegatingMethodAccessorImpl.java:43)
	at java.lang.reflect.Method.invoke(Method.java:498)
	at org.junit.runners.model.FrameworkMethod$1.runReflectiveCall(FrameworkMethod.java:50)
	at org.junit.internal.runners.model.ReflectiveCallable.run(ReflectiveCallable.java:12)
	at org.junit.runners.model.FrameworkMethod.invokeExplosively(FrameworkMethod.java:47)
	at org.junit.internal.runners.statements.InvokeMethod.evaluate(InvokeMethod.java:17)
	at org.junit.internal.runners.statements.RunAfters.evaluate(RunAfters.java:27)
	at org.junit.internal.runners.statements.FailOnTimeout$CallableStatement.call(FailOnTimeout.java:298)
	at org.junit.internal.runners.statements.FailOnTimeout$CallableStatement.call(FailOnTimeout.java:292)
	at java.util.concurrent.FutureTask.run(FutureTask.java:266)
	at java.lang.Thread.run(Thread.java:748)
2019-09-24 17:02:34,272 WARN  ratis.RaftTestUtil (JavaUtils.java:attempt(158)) - FAILED "waitForLeader-null-(expectLeader? true)", attempt #95/100: java.lang.IllegalStateException: No leader yet : printing ALL groups
  s0:  RUNNING CANDIDATE s0@group-018C702B48E5:t17, leader=null, voted=s0, raftlog=s0@group-018C702B48E5-SegmentedRaftLog:OPENED:c-1,f-1,i0, conf=-1: [s0:0.0.0.0:34748, s1:0.0.0.0:43419, s2:0.0.0.0:39849], old=null RUNNING
  s1:  RUNNING  FOLLOWER s1@group-018C702B48E5:t16, leader=null, voted=null, raftlog=s1@group-018C702B48E5-SegmentedRaftLog:OPENED:c-1,f0,i0, conf=0: [s0:0.0.0.0:34748, s1:0.0.0.0:43419, s2:0.0.0.0:39849], old=null RUNNING
  s2:  RUNNING  FOLLOWER s2@group-018C702B48E5:t16, leader=null, voted=null, raftlog=s2@group-018C702B48E5-SegmentedRaftLog:OPENED:c-1,f0,i0, conf=0: [s0:0.0.0.0:34748, s1:0.0.0.0:43419, s2:0.0.0.0:39849], old=null RUNNING, sleep 450ms and then retry.
java.lang.IllegalStateException: No leader yet : printing ALL groups
  s0:  RUNNING CANDIDATE s0@group-018C702B48E5:t17, leader=null, voted=s0, raftlog=s0@group-018C702B48E5-SegmentedRaftLog:OPENED:c-1,f-1,i0, conf=-1: [s0:0.0.0.0:34748, s1:0.0.0.0:43419, s2:0.0.0.0:39849], old=null RUNNING
  s1:  RUNNING  FOLLOWER s1@group-018C702B48E5:t16, leader=null, voted=null, raftlog=s1@group-018C702B48E5-SegmentedRaftLog:OPENED:c-1,f0,i0, conf=0: [s0:0.0.0.0:34748, s1:0.0.0.0:43419, s2:0.0.0.0:39849], old=null RUNNING
  s2:  RUNNING  FOLLOWER s2@group-018C702B48E5:t16, leader=null, voted=null, raftlog=s2@group-018C702B48E5-SegmentedRaftLog:OPENED:c-1,f0,i0, conf=0: [s0:0.0.0.0:34748, s1:0.0.0.0:43419, s2:0.0.0.0:39849], old=null RUNNING
	at org.apache.ratis.MiniRaftCluster.newIllegalStateExceptionForNoLeaders(MiniRaftCluster.java:506)
	at org.apache.ratis.RaftTestUtil.lambda$waitForLeader$1(RaftTestUtil.java:90)
	at org.apache.ratis.MiniRaftCluster.getLeader(MiniRaftCluster.java:539)
	at org.apache.ratis.MiniRaftCluster.getLeader(MiniRaftCluster.java:532)
	at org.apache.ratis.RaftTestUtil.lambda$waitForLeader$3(RaftTestUtil.java:98)
	at org.apache.ratis.util.JavaUtils.attempt(JavaUtils.java:152)
	at org.apache.ratis.RaftTestUtil.waitForLeader(RaftTestUtil.java:97)
	at org.apache.ratis.RaftTestUtil.waitForLeader(RaftTestUtil.java:77)
	at org.apache.ratis.RaftTestUtil.waitForLeader(RaftTestUtil.java:72)
	at org.apache.ratis.server.impl.RaftReconfigurationBaseTest.runTestNoChangeRequest(RaftReconfigurationBaseTest.java:394)
	at org.apache.ratis.MiniRaftCluster$Factory$Get.runWithNewCluster(MiniRaftCluster.java:125)
	at org.apache.ratis.MiniRaftCluster$Factory$Get.runWithNewCluster(MiniRaftCluster.java:113)
	at org.apache.ratis.server.impl.RaftReconfigurationBaseTest.testNoChangeRequest(RaftReconfigurationBaseTest.java:390)
	at sun.reflect.NativeMethodAccessorImpl.invoke0(Native Method)
	at sun.reflect.NativeMethodAccessorImpl.invoke(NativeMethodAccessorImpl.java:62)
	at sun.reflect.DelegatingMethodAccessorImpl.invoke(DelegatingMethodAccessorImpl.java:43)
	at java.lang.reflect.Method.invoke(Method.java:498)
	at org.junit.runners.model.FrameworkMethod$1.runReflectiveCall(FrameworkMethod.java:50)
	at org.junit.internal.runners.model.ReflectiveCallable.run(ReflectiveCallable.java:12)
	at org.junit.runners.model.FrameworkMethod.invokeExplosively(FrameworkMethod.java:47)
	at org.junit.internal.runners.statements.InvokeMethod.evaluate(InvokeMethod.java:17)
	at org.junit.internal.runners.statements.RunAfters.evaluate(RunAfters.java:27)
	at org.junit.internal.runners.statements.FailOnTimeout$CallableStatement.call(FailOnTimeout.java:298)
	at org.junit.internal.runners.statements.FailOnTimeout$CallableStatement.call(FailOnTimeout.java:292)
	at java.util.concurrent.FutureTask.run(FutureTask.java:266)
	at java.lang.Thread.run(Thread.java:748)
2019-09-24 17:02:34,725 WARN  ratis.RaftTestUtil (JavaUtils.java:attempt(158)) - FAILED "waitForLeader-null-(expectLeader? true)", attempt #96/100: java.lang.IllegalStateException: No leader yet : printing ALL groups
  s0:  RUNNING CANDIDATE s0@group-018C702B48E5:t17, leader=null, voted=s0, raftlog=s0@group-018C702B48E5-SegmentedRaftLog:OPENED:c-1,f-1,i0, conf=-1: [s0:0.0.0.0:34748, s1:0.0.0.0:43419, s2:0.0.0.0:39849], old=null RUNNING
  s1:  RUNNING  FOLLOWER s1@group-018C702B48E5:t16, leader=null, voted=null, raftlog=s1@group-018C702B48E5-SegmentedRaftLog:OPENED:c-1,f0,i0, conf=0: [s0:0.0.0.0:34748, s1:0.0.0.0:43419, s2:0.0.0.0:39849], old=null RUNNING
  s2:  RUNNING  FOLLOWER s2@group-018C702B48E5:t16, leader=null, voted=null, raftlog=s2@group-018C702B48E5-SegmentedRaftLog:OPENED:c-1,f0,i0, conf=0: [s0:0.0.0.0:34748, s1:0.0.0.0:43419, s2:0.0.0.0:39849], old=null RUNNING, sleep 450ms and then retry.
java.lang.IllegalStateException: No leader yet : printing ALL groups
  s0:  RUNNING CANDIDATE s0@group-018C702B48E5:t17, leader=null, voted=s0, raftlog=s0@group-018C702B48E5-SegmentedRaftLog:OPENED:c-1,f-1,i0, conf=-1: [s0:0.0.0.0:34748, s1:0.0.0.0:43419, s2:0.0.0.0:39849], old=null RUNNING
  s1:  RUNNING  FOLLOWER s1@group-018C702B48E5:t16, leader=null, voted=null, raftlog=s1@group-018C702B48E5-SegmentedRaftLog:OPENED:c-1,f0,i0, conf=0: [s0:0.0.0.0:34748, s1:0.0.0.0:43419, s2:0.0.0.0:39849], old=null RUNNING
  s2:  RUNNING  FOLLOWER s2@group-018C702B48E5:t16, leader=null, voted=null, raftlog=s2@group-018C702B48E5-SegmentedRaftLog:OPENED:c-1,f0,i0, conf=0: [s0:0.0.0.0:34748, s1:0.0.0.0:43419, s2:0.0.0.0:39849], old=null RUNNING
	at org.apache.ratis.MiniRaftCluster.newIllegalStateExceptionForNoLeaders(MiniRaftCluster.java:506)
	at org.apache.ratis.RaftTestUtil.lambda$waitForLeader$1(RaftTestUtil.java:90)
	at org.apache.ratis.MiniRaftCluster.getLeader(MiniRaftCluster.java:539)
	at org.apache.ratis.MiniRaftCluster.getLeader(MiniRaftCluster.java:532)
	at org.apache.ratis.RaftTestUtil.lambda$waitForLeader$3(RaftTestUtil.java:98)
	at org.apache.ratis.util.JavaUtils.attempt(JavaUtils.java:152)
	at org.apache.ratis.RaftTestUtil.waitForLeader(RaftTestUtil.java:97)
	at org.apache.ratis.RaftTestUtil.waitForLeader(RaftTestUtil.java:77)
	at org.apache.ratis.RaftTestUtil.waitForLeader(RaftTestUtil.java:72)
	at org.apache.ratis.server.impl.RaftReconfigurationBaseTest.runTestNoChangeRequest(RaftReconfigurationBaseTest.java:394)
	at org.apache.ratis.MiniRaftCluster$Factory$Get.runWithNewCluster(MiniRaftCluster.java:125)
	at org.apache.ratis.MiniRaftCluster$Factory$Get.runWithNewCluster(MiniRaftCluster.java:113)
	at org.apache.ratis.server.impl.RaftReconfigurationBaseTest.testNoChangeRequest(RaftReconfigurationBaseTest.java:390)
	at sun.reflect.NativeMethodAccessorImpl.invoke0(Native Method)
	at sun.reflect.NativeMethodAccessorImpl.invoke(NativeMethodAccessorImpl.java:62)
	at sun.reflect.DelegatingMethodAccessorImpl.invoke(DelegatingMethodAccessorImpl.java:43)
	at java.lang.reflect.Method.invoke(Method.java:498)
	at org.junit.runners.model.FrameworkMethod$1.runReflectiveCall(FrameworkMethod.java:50)
	at org.junit.internal.runners.model.ReflectiveCallable.run(ReflectiveCallable.java:12)
	at org.junit.runners.model.FrameworkMethod.invokeExplosively(FrameworkMethod.java:47)
	at org.junit.internal.runners.statements.InvokeMethod.evaluate(InvokeMethod.java:17)
	at org.junit.internal.runners.statements.RunAfters.evaluate(RunAfters.java:27)
	at org.junit.internal.runners.statements.FailOnTimeout$CallableStatement.call(FailOnTimeout.java:298)
	at org.junit.internal.runners.statements.FailOnTimeout$CallableStatement.call(FailOnTimeout.java:292)
	at java.util.concurrent.FutureTask.run(FutureTask.java:266)
	at java.lang.Thread.run(Thread.java:748)
2019-09-24 17:02:35,176 WARN  ratis.RaftTestUtil (JavaUtils.java:attempt(158)) - FAILED "waitForLeader-null-(expectLeader? true)", attempt #97/100: java.lang.IllegalStateException: No leader yet : printing ALL groups
  s0:  RUNNING CANDIDATE s0@group-018C702B48E5:t17, leader=null, voted=s0, raftlog=s0@group-018C702B48E5-SegmentedRaftLog:OPENED:c-1,f-1,i0, conf=-1: [s0:0.0.0.0:34748, s1:0.0.0.0:43419, s2:0.0.0.0:39849], old=null RUNNING
  s1:  RUNNING  FOLLOWER s1@group-018C702B48E5:t16, leader=null, voted=null, raftlog=s1@group-018C702B48E5-SegmentedRaftLog:OPENED:c-1,f0,i0, conf=0: [s0:0.0.0.0:34748, s1:0.0.0.0:43419, s2:0.0.0.0:39849], old=null RUNNING
  s2:  RUNNING  FOLLOWER s2@group-018C702B48E5:t16, leader=null, voted=null, raftlog=s2@group-018C702B48E5-SegmentedRaftLog:OPENED:c-1,f0,i0, conf=0: [s0:0.0.0.0:34748, s1:0.0.0.0:43419, s2:0.0.0.0:39849], old=null RUNNING, sleep 450ms and then retry.
java.lang.IllegalStateException: No leader yet : printing ALL groups
  s0:  RUNNING CANDIDATE s0@group-018C702B48E5:t17, leader=null, voted=s0, raftlog=s0@group-018C702B48E5-SegmentedRaftLog:OPENED:c-1,f-1,i0, conf=-1: [s0:0.0.0.0:34748, s1:0.0.0.0:43419, s2:0.0.0.0:39849], old=null RUNNING
  s1:  RUNNING  FOLLOWER s1@group-018C702B48E5:t16, leader=null, voted=null, raftlog=s1@group-018C702B48E5-SegmentedRaftLog:OPENED:c-1,f0,i0, conf=0: [s0:0.0.0.0:34748, s1:0.0.0.0:43419, s2:0.0.0.0:39849], old=null RUNNING
  s2:  RUNNING  FOLLOWER s2@group-018C702B48E5:t16, leader=null, voted=null, raftlog=s2@group-018C702B48E5-SegmentedRaftLog:OPENED:c-1,f0,i0, conf=0: [s0:0.0.0.0:34748, s1:0.0.0.0:43419, s2:0.0.0.0:39849], old=null RUNNING
	at org.apache.ratis.MiniRaftCluster.newIllegalStateExceptionForNoLeaders(MiniRaftCluster.java:506)
	at org.apache.ratis.RaftTestUtil.lambda$waitForLeader$1(RaftTestUtil.java:90)
	at org.apache.ratis.MiniRaftCluster.getLeader(MiniRaftCluster.java:539)
	at org.apache.ratis.MiniRaftCluster.getLeader(MiniRaftCluster.java:532)
	at org.apache.ratis.RaftTestUtil.lambda$waitForLeader$3(RaftTestUtil.java:98)
	at org.apache.ratis.util.JavaUtils.attempt(JavaUtils.java:152)
	at org.apache.ratis.RaftTestUtil.waitForLeader(RaftTestUtil.java:97)
	at org.apache.ratis.RaftTestUtil.waitForLeader(RaftTestUtil.java:77)
	at org.apache.ratis.RaftTestUtil.waitForLeader(RaftTestUtil.java:72)
	at org.apache.ratis.server.impl.RaftReconfigurationBaseTest.runTestNoChangeRequest(RaftReconfigurationBaseTest.java:394)
	at org.apache.ratis.MiniRaftCluster$Factory$Get.runWithNewCluster(MiniRaftCluster.java:125)
	at org.apache.ratis.MiniRaftCluster$Factory$Get.runWithNewCluster(MiniRaftCluster.java:113)
	at org.apache.ratis.server.impl.RaftReconfigurationBaseTest.testNoChangeRequest(RaftReconfigurationBaseTest.java:390)
	at sun.reflect.NativeMethodAccessorImpl.invoke0(Native Method)
	at sun.reflect.NativeMethodAccessorImpl.invoke(NativeMethodAccessorImpl.java:62)
	at sun.reflect.DelegatingMethodAccessorImpl.invoke(DelegatingMethodAccessorImpl.java:43)
	at java.lang.reflect.Method.invoke(Method.java:498)
	at org.junit.runners.model.FrameworkMethod$1.runReflectiveCall(FrameworkMethod.java:50)
	at org.junit.internal.runners.model.ReflectiveCallable.run(ReflectiveCallable.java:12)
	at org.junit.runners.model.FrameworkMethod.invokeExplosively(FrameworkMethod.java:47)
	at org.junit.internal.runners.statements.InvokeMethod.evaluate(InvokeMethod.java:17)
	at org.junit.internal.runners.statements.RunAfters.evaluate(RunAfters.java:27)
	at org.junit.internal.runners.statements.FailOnTimeout$CallableStatement.call(FailOnTimeout.java:298)
	at org.junit.internal.runners.statements.FailOnTimeout$CallableStatement.call(FailOnTimeout.java:292)
	at java.util.concurrent.FutureTask.run(FutureTask.java:266)
	at java.lang.Thread.run(Thread.java:748)
2019-09-24 17:02:35,628 WARN  ratis.RaftTestUtil (JavaUtils.java:attempt(158)) - FAILED "waitForLeader-null-(expectLeader? true)", attempt #98/100: java.lang.IllegalStateException: No leader yet : printing ALL groups
  s0:  RUNNING CANDIDATE s0@group-018C702B48E5:t17, leader=null, voted=s0, raftlog=s0@group-018C702B48E5-SegmentedRaftLog:OPENED:c-1,f-1,i0, conf=-1: [s0:0.0.0.0:34748, s1:0.0.0.0:43419, s2:0.0.0.0:39849], old=null RUNNING
  s1:  RUNNING  FOLLOWER s1@group-018C702B48E5:t16, leader=null, voted=null, raftlog=s1@group-018C702B48E5-SegmentedRaftLog:OPENED:c-1,f0,i0, conf=0: [s0:0.0.0.0:34748, s1:0.0.0.0:43419, s2:0.0.0.0:39849], old=null RUNNING
  s2:  RUNNING  FOLLOWER s2@group-018C702B48E5:t16, leader=null, voted=null, raftlog=s2@group-018C702B48E5-SegmentedRaftLog:OPENED:c-1,f0,i0, conf=0: [s0:0.0.0.0:34748, s1:0.0.0.0:43419, s2:0.0.0.0:39849], old=null RUNNING, sleep 450ms and then retry.
java.lang.IllegalStateException: No leader yet : printing ALL groups
  s0:  RUNNING CANDIDATE s0@group-018C702B48E5:t17, leader=null, voted=s0, raftlog=s0@group-018C702B48E5-SegmentedRaftLog:OPENED:c-1,f-1,i0, conf=-1: [s0:0.0.0.0:34748, s1:0.0.0.0:43419, s2:0.0.0.0:39849], old=null RUNNING
  s1:  RUNNING  FOLLOWER s1@group-018C702B48E5:t16, leader=null, voted=null, raftlog=s1@group-018C702B48E5-SegmentedRaftLog:OPENED:c-1,f0,i0, conf=0: [s0:0.0.0.0:34748, s1:0.0.0.0:43419, s2:0.0.0.0:39849], old=null RUNNING
  s2:  RUNNING  FOLLOWER s2@group-018C702B48E5:t16, leader=null, voted=null, raftlog=s2@group-018C702B48E5-SegmentedRaftLog:OPENED:c-1,f0,i0, conf=0: [s0:0.0.0.0:34748, s1:0.0.0.0:43419, s2:0.0.0.0:39849], old=null RUNNING
	at org.apache.ratis.MiniRaftCluster.newIllegalStateExceptionForNoLeaders(MiniRaftCluster.java:506)
	at org.apache.ratis.RaftTestUtil.lambda$waitForLeader$1(RaftTestUtil.java:90)
	at org.apache.ratis.MiniRaftCluster.getLeader(MiniRaftCluster.java:539)
	at org.apache.ratis.MiniRaftCluster.getLeader(MiniRaftCluster.java:532)
	at org.apache.ratis.RaftTestUtil.lambda$waitForLeader$3(RaftTestUtil.java:98)
	at org.apache.ratis.util.JavaUtils.attempt(JavaUtils.java:152)
	at org.apache.ratis.RaftTestUtil.waitForLeader(RaftTestUtil.java:97)
	at org.apache.ratis.RaftTestUtil.waitForLeader(RaftTestUtil.java:77)
	at org.apache.ratis.RaftTestUtil.waitForLeader(RaftTestUtil.java:72)
	at org.apache.ratis.server.impl.RaftReconfigurationBaseTest.runTestNoChangeRequest(RaftReconfigurationBaseTest.java:394)
	at org.apache.ratis.MiniRaftCluster$Factory$Get.runWithNewCluster(MiniRaftCluster.java:125)
	at org.apache.ratis.MiniRaftCluster$Factory$Get.runWithNewCluster(MiniRaftCluster.java:113)
	at org.apache.ratis.server.impl.RaftReconfigurationBaseTest.testNoChangeRequest(RaftReconfigurationBaseTest.java:390)
	at sun.reflect.NativeMethodAccessorImpl.invoke0(Native Method)
	at sun.reflect.NativeMethodAccessorImpl.invoke(NativeMethodAccessorImpl.java:62)
	at sun.reflect.DelegatingMethodAccessorImpl.invoke(DelegatingMethodAccessorImpl.java:43)
	at java.lang.reflect.Method.invoke(Method.java:498)
	at org.junit.runners.model.FrameworkMethod$1.runReflectiveCall(FrameworkMethod.java:50)
	at org.junit.internal.runners.model.ReflectiveCallable.run(ReflectiveCallable.java:12)
	at org.junit.runners.model.FrameworkMethod.invokeExplosively(FrameworkMethod.java:47)
	at org.junit.internal.runners.statements.InvokeMethod.evaluate(InvokeMethod.java:17)
	at org.junit.internal.runners.statements.RunAfters.evaluate(RunAfters.java:27)
	at org.junit.internal.runners.statements.FailOnTimeout$CallableStatement.call(FailOnTimeout.java:298)
	at org.junit.internal.runners.statements.FailOnTimeout$CallableStatement.call(FailOnTimeout.java:292)
	at java.util.concurrent.FutureTask.run(FutureTask.java:266)
	at java.lang.Thread.run(Thread.java:748)
2019-09-24 17:02:36,080 WARN  ratis.RaftTestUtil (JavaUtils.java:attempt(158)) - FAILED "waitForLeader-null-(expectLeader? true)", attempt #99/100: java.lang.IllegalStateException: No leader yet : printing ALL groups
  s0:  RUNNING CANDIDATE s0@group-018C702B48E5:t17, leader=null, voted=s0, raftlog=s0@group-018C702B48E5-SegmentedRaftLog:OPENED:c-1,f-1,i0, conf=-1: [s0:0.0.0.0:34748, s1:0.0.0.0:43419, s2:0.0.0.0:39849], old=null RUNNING
  s1:  RUNNING  FOLLOWER s1@group-018C702B48E5:t16, leader=null, voted=null, raftlog=s1@group-018C702B48E5-SegmentedRaftLog:OPENED:c-1,f0,i0, conf=0: [s0:0.0.0.0:34748, s1:0.0.0.0:43419, s2:0.0.0.0:39849], old=null RUNNING
  s2:  RUNNING  FOLLOWER s2@group-018C702B48E5:t16, leader=null, voted=null, raftlog=s2@group-018C702B48E5-SegmentedRaftLog:OPENED:c-1,f0,i0, conf=0: [s0:0.0.0.0:34748, s1:0.0.0.0:43419, s2:0.0.0.0:39849], old=null RUNNING, sleep 450ms and then retry.
java.lang.IllegalStateException: No leader yet : printing ALL groups
  s0:  RUNNING CANDIDATE s0@group-018C702B48E5:t17, leader=null, voted=s0, raftlog=s0@group-018C702B48E5-SegmentedRaftLog:OPENED:c-1,f-1,i0, conf=-1: [s0:0.0.0.0:34748, s1:0.0.0.0:43419, s2:0.0.0.0:39849], old=null RUNNING
  s1:  RUNNING  FOLLOWER s1@group-018C702B48E5:t16, leader=null, voted=null, raftlog=s1@group-018C702B48E5-SegmentedRaftLog:OPENED:c-1,f0,i0, conf=0: [s0:0.0.0.0:34748, s1:0.0.0.0:43419, s2:0.0.0.0:39849], old=null RUNNING
  s2:  RUNNING  FOLLOWER s2@group-018C702B48E5:t16, leader=null, voted=null, raftlog=s2@group-018C702B48E5-SegmentedRaftLog:OPENED:c-1,f0,i0, conf=0: [s0:0.0.0.0:34748, s1:0.0.0.0:43419, s2:0.0.0.0:39849], old=null RUNNING
	at org.apache.ratis.MiniRaftCluster.newIllegalStateExceptionForNoLeaders(MiniRaftCluster.java:506)
	at org.apache.ratis.RaftTestUtil.lambda$waitForLeader$1(RaftTestUtil.java:90)
	at org.apache.ratis.MiniRaftCluster.getLeader(MiniRaftCluster.java:539)
	at org.apache.ratis.MiniRaftCluster.getLeader(MiniRaftCluster.java:532)
	at org.apache.ratis.RaftTestUtil.lambda$waitForLeader$3(RaftTestUtil.java:98)
	at org.apache.ratis.util.JavaUtils.attempt(JavaUtils.java:152)
	at org.apache.ratis.RaftTestUtil.waitForLeader(RaftTestUtil.java:97)
	at org.apache.ratis.RaftTestUtil.waitForLeader(RaftTestUtil.java:77)
	at org.apache.ratis.RaftTestUtil.waitForLeader(RaftTestUtil.java:72)
	at org.apache.ratis.server.impl.RaftReconfigurationBaseTest.runTestNoChangeRequest(RaftReconfigurationBaseTest.java:394)
	at org.apache.ratis.MiniRaftCluster$Factory$Get.runWithNewCluster(MiniRaftCluster.java:125)
	at org.apache.ratis.MiniRaftCluster$Factory$Get.runWithNewCluster(MiniRaftCluster.java:113)
	at org.apache.ratis.server.impl.RaftReconfigurationBaseTest.testNoChangeRequest(RaftReconfigurationBaseTest.java:390)
	at sun.reflect.NativeMethodAccessorImpl.invoke0(Native Method)
	at sun.reflect.NativeMethodAccessorImpl.invoke(NativeMethodAccessorImpl.java:62)
	at sun.reflect.DelegatingMethodAccessorImpl.invoke(DelegatingMethodAccessorImpl.java:43)
	at java.lang.reflect.Method.invoke(Method.java:498)
	at org.junit.runners.model.FrameworkMethod$1.runReflectiveCall(FrameworkMethod.java:50)
	at org.junit.internal.runners.model.ReflectiveCallable.run(ReflectiveCallable.java:12)
	at org.junit.runners.model.FrameworkMethod.invokeExplosively(FrameworkMethod.java:47)
	at org.junit.internal.runners.statements.InvokeMethod.evaluate(InvokeMethod.java:17)
	at org.junit.internal.runners.statements.RunAfters.evaluate(RunAfters.java:27)
	at org.junit.internal.runners.statements.FailOnTimeout$CallableStatement.call(FailOnTimeout.java:298)
	at org.junit.internal.runners.statements.FailOnTimeout$CallableStatement.call(FailOnTimeout.java:292)
	at java.util.concurrent.FutureTask.run(FutureTask.java:266)
	at java.lang.Thread.run(Thread.java:748)
2019-09-24 17:02:36,382 INFO  impl.LeaderElection (LeaderElection.java:askForVotes(178)) - s0@group-018C702B48E5-LeaderElection29: begin an election at term 17 for -1: [s0:0.0.0.0:34748, s1:0.0.0.0:43419, s2:0.0.0.0:39849], old=null
2019-09-24 17:02:36,382 DEBUG impl.RaftServerImpl (RaftServerImpl.java:requestVote(775)) - s1@group-018C702B48E5 replies to vote request: s0<-s1#0:FAIL-t16. Peer's state: s1@group-018C702B48E5:t16, leader=null, voted=null, raftlog=s1@group-018C702B48E5-SegmentedRaftLog:OPENED:c-1,f0,i0, conf=0: [s0:0.0.0.0:34748, s1:0.0.0.0:43419, s2:0.0.0.0:39849], old=null
2019-09-24 17:02:36,382 DEBUG impl.RaftServerImpl (RaftServerImpl.java:requestVote(775)) - s2@group-018C702B48E5 replies to vote request: s0<-s2#0:FAIL-t16. Peer's state: s2@group-018C702B48E5:t16, leader=null, voted=null, raftlog=s2@group-018C702B48E5-SegmentedRaftLog:OPENED:c-1,f0,i0, conf=0: [s0:0.0.0.0:34748, s1:0.0.0.0:43419, s2:0.0.0.0:39849], old=null
2019-09-24 17:02:36,383 INFO  impl.FollowerState (FollowerState.java:run(108)) - s1@group-018C702B48E5-FollowerState: change to CANDIDATE, lastRpcTime:10494ms, electionTimeout:278ms
2019-09-24 17:02:36,383 INFO  impl.FollowerState (FollowerState.java:run(108)) - s2@group-018C702B48E5-FollowerState: change to CANDIDATE, lastRpcTime:10493ms, electionTimeout:165ms
2019-09-24 17:02:36,384 INFO  impl.RoleInfo (RoleInfo.java:shutdownFollowerState(121)) - s1: shutdown FollowerState
2019-09-24 17:02:36,384 INFO  impl.RoleInfo (RoleInfo.java:shutdownFollowerState(121)) - s2: shutdown FollowerState
2019-09-24 17:02:36,384 INFO  impl.RaftServerImpl (RaftServerImpl.java:setRole(170)) - s1@group-018C702B48E5: changes role from  FOLLOWER to CANDIDATE at term 16 for changeToCandidate
2019-09-24 17:02:36,384 DEBUG impl.RaftServerImpl (RaftServerImpl.java:requestVote(743)) - s1@group-018C702B48E5: receive requestVote(s0, group-018C702B48E5, 17, (t:0, i:0))
2019-09-24 17:02:36,384 INFO  impl.RoleInfo (RoleInfo.java:updateAndGet(143)) - s1: start LeaderElection
2019-09-24 17:02:36,384 DEBUG impl.RaftServerImpl (RaftServerImpl.java:requestVote(743)) - s2@group-018C702B48E5: receive requestVote(s0, group-018C702B48E5, 17, (t:0, i:0))
2019-09-24 17:02:36,384 INFO  impl.RaftServerImpl (RaftServerImpl.java:setRole(170)) - s2@group-018C702B48E5: changes role from  FOLLOWER to CANDIDATE at term 16 for changeToCandidate
2019-09-24 17:02:36,385 INFO  impl.RaftServerImpl (RaftServerImpl.java:setRole(170)) - s1@group-018C702B48E5: changes role from CANDIDATE to FOLLOWER at term 17 for recognizeCandidate:s0
2019-09-24 17:02:36,385 INFO  impl.RoleInfo (RoleInfo.java:updateAndGet(143)) - s2: start LeaderElection
2019-09-24 17:02:36,386 INFO  impl.RoleInfo (RoleInfo.java:shutdownLeaderElection(134)) - s1: shutdown LeaderElection
2019-09-24 17:02:36,387 INFO  impl.RaftServerImpl (RaftServerImpl.java:setRole(170)) - s2@group-018C702B48E5: changes role from CANDIDATE to FOLLOWER at term 17 for recognizeCandidate:s0
2019-09-24 17:02:36,387 INFO  impl.RoleInfo (RoleInfo.java:updateAndGet(143)) - s1: start FollowerState
2019-09-24 17:02:36,387 INFO  impl.RoleInfo (RoleInfo.java:shutdownLeaderElection(134)) - s2: shutdown LeaderElection
2019-09-24 17:02:36,387 INFO  impl.RoleInfo (RoleInfo.java:updateAndGet(143)) - s2: start FollowerState
2019-09-24 17:02:36,531 INFO  ratis.MiniRaftCluster (MiniRaftCluster.java:runWithNewCluster(127)) - printing ALL groups
  s0:  RUNNING CANDIDATE s0@group-018C702B48E5:t17, leader=null, voted=s0, raftlog=s0@group-018C702B48E5-SegmentedRaftLog:OPENED:c-1,f-1,i0, conf=-1: [s0:0.0.0.0:34748, s1:0.0.0.0:43419, s2:0.0.0.0:39849], old=null RUNNING
  s1:  RUNNING  FOLLOWER s1@group-018C702B48E5:t17, leader=null, voted=null, raftlog=s1@group-018C702B48E5-SegmentedRaftLog:OPENED:c-1,f0,i0, conf=0: [s0:0.0.0.0:34748, s1:0.0.0.0:43419, s2:0.0.0.0:39849], old=null RUNNING
  s2:  RUNNING  FOLLOWER s2@group-018C702B48E5:t17, leader=null, voted=null, raftlog=s2@group-018C702B48E5-SegmentedRaftLog:OPENED:c-1,f0,i0, conf=0: [s0:0.0.0.0:34748, s1:0.0.0.0:43419, s2:0.0.0.0:39849], old=null RUNNING
2019-09-24 17:02:36,531 ERROR ratis.MiniRaftCluster (MiniRaftCluster.java:runWithNewCluster(128)) - Failed org.apache.ratis.MiniRaftCluster$Factory$Get.runWithNewCluster(MiniRaftCluster.java:113)
java.lang.IllegalStateException: No leader yet : printing ALL groups
  s0:  RUNNING CANDIDATE s0@group-018C702B48E5:t17, leader=null, voted=s0, raftlog=s0@group-018C702B48E5-SegmentedRaftLog:OPENED:c-1,f-1,i0, conf=-1: [s0:0.0.0.0:34748, s1:0.0.0.0:43419, s2:0.0.0.0:39849], old=null RUNNING
  s1:  RUNNING  FOLLOWER s1@group-018C702B48E5:t17, leader=null, voted=null, raftlog=s1@group-018C702B48E5-SegmentedRaftLog:OPENED:c-1,f0,i0, conf=0: [s0:0.0.0.0:34748, s1:0.0.0.0:43419, s2:0.0.0.0:39849], old=null RUNNING
  s2:  RUNNING  FOLLOWER s2@group-018C702B48E5:t17, leader=null, voted=null, raftlog=s2@group-018C702B48E5-SegmentedRaftLog:OPENED:c-1,f0,i0, conf=0: [s0:0.0.0.0:34748, s1:0.0.0.0:43419, s2:0.0.0.0:39849], old=null RUNNING
	at org.apache.ratis.MiniRaftCluster.newIllegalStateExceptionForNoLeaders(MiniRaftCluster.java:506)
	at org.apache.ratis.RaftTestUtil.lambda$waitForLeader$1(RaftTestUtil.java:90)
	at org.apache.ratis.MiniRaftCluster.getLeader(MiniRaftCluster.java:539)
	at org.apache.ratis.MiniRaftCluster.getLeader(MiniRaftCluster.java:532)
	at org.apache.ratis.RaftTestUtil.lambda$waitForLeader$3(RaftTestUtil.java:98)
	at org.apache.ratis.util.JavaUtils.attempt(JavaUtils.java:152)
	at org.apache.ratis.RaftTestUtil.waitForLeader(RaftTestUtil.java:97)
	at org.apache.ratis.RaftTestUtil.waitForLeader(RaftTestUtil.java:77)
	at org.apache.ratis.RaftTestUtil.waitForLeader(RaftTestUtil.java:72)
	at org.apache.ratis.server.impl.RaftReconfigurationBaseTest.runTestNoChangeRequest(RaftReconfigurationBaseTest.java:394)
	at org.apache.ratis.MiniRaftCluster$Factory$Get.runWithNewCluster(MiniRaftCluster.java:125)
	at org.apache.ratis.MiniRaftCluster$Factory$Get.runWithNewCluster(MiniRaftCluster.java:113)
	at org.apache.ratis.server.impl.RaftReconfigurationBaseTest.testNoChangeRequest(RaftReconfigurationBaseTest.java:390)
	at sun.reflect.NativeMethodAccessorImpl.invoke0(Native Method)
	at sun.reflect.NativeMethodAccessorImpl.invoke(NativeMethodAccessorImpl.java:62)
	at sun.reflect.DelegatingMethodAccessorImpl.invoke(DelegatingMethodAccessorImpl.java:43)
	at java.lang.reflect.Method.invoke(Method.java:498)
	at org.junit.runners.model.FrameworkMethod$1.runReflectiveCall(FrameworkMethod.java:50)
	at org.junit.internal.runners.model.ReflectiveCallable.run(ReflectiveCallable.java:12)
	at org.junit.runners.model.FrameworkMethod.invokeExplosively(FrameworkMethod.java:47)
	at org.junit.internal.runners.statements.InvokeMethod.evaluate(InvokeMethod.java:17)
	at org.junit.internal.runners.statements.RunAfters.evaluate(RunAfters.java:27)
	at org.junit.internal.runners.statements.FailOnTimeout$CallableStatement.call(FailOnTimeout.java:298)
	at org.junit.internal.runners.statements.FailOnTimeout$CallableStatement.call(FailOnTimeout.java:292)
	at java.util.concurrent.FutureTask.run(FutureTask.java:266)
	at java.lang.Thread.run(Thread.java:748)
2019-09-24 17:02:36,532 INFO  ratis.MiniRaftCluster (MiniRaftCluster.java:shutdown(700)) - ************************************************************** 
2019-09-24 17:02:36,532 INFO  ratis.MiniRaftCluster (MiniRaftCluster.java:shutdown(701)) - *** 
2019-09-24 17:02:36,532 INFO  ratis.MiniRaftCluster (MiniRaftCluster.java:shutdown(702)) - ***     Stopping MiniRaftClusterWithSimulatedRpc
2019-09-24 17:02:36,532 INFO  ratis.MiniRaftCluster (MiniRaftCluster.java:shutdown(703)) - *** 
2019-09-24 17:02:36,533 INFO  ratis.MiniRaftCluster (MiniRaftCluster.java:shutdown(704)) - ************************************************************** 
2019-09-24 17:02:36,533 INFO  ratis.MiniRaftCluster (MiniRaftCluster.java:shutdown(705)) - printing ALL groups
  s0:  RUNNING CANDIDATE s0@group-018C702B48E5:t17, leader=null, voted=s0, raftlog=s0@group-018C702B48E5-SegmentedRaftLog:OPENED:c-1,f-1,i0, conf=-1: [s0:0.0.0.0:34748, s1:0.0.0.0:43419, s2:0.0.0.0:39849], old=null RUNNING
  s1:  RUNNING  FOLLOWER s1@group-018C702B48E5:t17, leader=null, voted=null, raftlog=s1@group-018C702B48E5-SegmentedRaftLog:OPENED:c-1,f0,i0, conf=0: [s0:0.0.0.0:34748, s1:0.0.0.0:43419, s2:0.0.0.0:39849], old=null RUNNING
  s2:  RUNNING  FOLLOWER s2@group-018C702B48E5:t17, leader=null, voted=null, raftlog=s2@group-018C702B48E5-SegmentedRaftLog:OPENED:c-1,f0,i0, conf=0: [s0:0.0.0.0:34748, s1:0.0.0.0:43419, s2:0.0.0.0:39849], old=null RUNNING
2019-09-24 17:02:36,537 INFO  impl.RaftServerProxy (RaftServerProxy.java:lambda$close$4(314)) - s1: close
2019-09-24 17:02:36,537 INFO  impl.RaftServerProxy (RaftServerProxy.java:lambda$close$4(314)) - s2: close
2019-09-24 17:02:36,537 INFO  impl.RaftServerProxy (RaftServerProxy.java:lambda$close$4(314)) - s0: close
2019-09-24 17:02:36,542 INFO  impl.RaftServerImpl (RaftServerImpl.java:lambda$shutdown$3(247)) - s0@group-018C702B48E5: shutdown
2019-09-24 17:02:36,542 INFO  impl.RaftServerImpl (RaftServerImpl.java:lambda$shutdown$3(247)) - s1@group-018C702B48E5: shutdown
2019-09-24 17:02:36,542 INFO  impl.RaftServerImpl (RaftServerImpl.java:lambda$shutdown$3(247)) - s2@group-018C702B48E5: shutdown
2019-09-24 17:02:36,543 INFO  util.JmxRegister (JmxRegister.java:unregister(73)) - Successfully un-registered JMX Bean with object name Ratis:service=RaftServer,group=group-018C702B48E5,id=s1
2019-09-24 17:02:36,543 INFO  impl.RoleInfo (RoleInfo.java:shutdownFollowerState(121)) - s1: shutdown FollowerState
2019-09-24 17:02:36,543 INFO  util.JmxRegister (JmxRegister.java:unregister(73)) - Successfully un-registered JMX Bean with object name Ratis:service=RaftServer,group=group-018C702B48E5,id=s0
2019-09-24 17:02:36,544 INFO  impl.LeaderElection (LeaderElection.java:logAndReturn(56)) - s0@group-018C702B48E5-LeaderElection29: Election REJECTED; received 0 response(s) [] and 0 exception(s); s0@group-018C702B48E5:t17, leader=null, voted=s0, raftlog=s0@group-018C702B48E5-SegmentedRaftLog:OPENED:c-1,f-1,i0, conf=-1: [s0:0.0.0.0:34748, s1:0.0.0.0:43419, s2:0.0.0.0:39849], old=null
2019-09-24 17:02:36,544 INFO  impl.FollowerState (FollowerState.java:run(117)) - s1@group-018C702B48E5-FollowerState was interrupted: java.lang.InterruptedException: sleep interrupted
2019-09-24 17:02:36,544 INFO  impl.StateMachineUpdater (StateMachineUpdater.java:stopAndJoin(136)) - s1@group-018C702B48E5-StateMachineUpdater: set stopIndex = -1
2019-09-24 17:02:36,543 INFO  util.JmxRegister (JmxRegister.java:unregister(73)) - Successfully un-registered JMX Bean with object name Ratis:service=RaftServer,group=group-018C702B48E5,id=s2
2019-09-24 17:02:36,545 INFO  impl.RaftServerImpl (ServerState.java:close(386)) - s1@group-018C702B48E5: closes. applyIndex: -1
2019-09-24 17:02:36,544 INFO  impl.RoleInfo (RoleInfo.java:shutdownLeaderElection(134)) - s0: shutdown LeaderElection
2019-09-24 17:02:36,546 INFO  impl.RoleInfo (RoleInfo.java:shutdownFollowerState(121)) - s2: shutdown FollowerState
2019-09-24 17:02:36,546 INFO  impl.StateMachineUpdater (StateMachineUpdater.java:stopAndJoin(136)) - s0@group-018C702B48E5-StateMachineUpdater: set stopIndex = -1
2019-09-24 17:02:36,547 INFO  impl.FollowerState (FollowerState.java:run(117)) - s2@group-018C702B48E5-FollowerState was interrupted: java.lang.InterruptedException: sleep interrupted
2019-09-24 17:02:36,547 INFO  impl.StateMachineUpdater (StateMachineUpdater.java:stopAndJoin(136)) - s2@group-018C702B48E5-StateMachineUpdater: set stopIndex = -1
2019-09-24 17:02:36,548 INFO  impl.RaftServerImpl (ServerState.java:close(386)) - s2@group-018C702B48E5: closes. applyIndex: -1
2019-09-24 17:02:36,547 INFO  impl.RaftServerImpl (ServerState.java:close(386)) - s0@group-018C702B48E5: closes. applyIndex: -1
2019-09-24 17:02:36,550 INFO  segmented.SegmentedRaftLogWorker (SegmentedRaftLogWorker.java:run(313)) - s1@group-018C702B48E5-SegmentedRaftLogWorker was interrupted, exiting. There are 0 tasks remaining in the queue.
2019-09-24 17:02:36,550 INFO  segmented.SegmentedRaftLogWorker (SegmentedRaftLogWorker.java:run(313)) - s0@group-018C702B48E5-SegmentedRaftLogWorker was interrupted, exiting. There are 0 tasks remaining in the queue.
2019-09-24 17:02:36,550 INFO  segmented.SegmentedRaftLogWorker (SegmentedRaftLogWorker.java:run(313)) - s2@group-018C702B48E5-SegmentedRaftLogWorker was interrupted, exiting. There are 0 tasks remaining in the queue.
2019-09-24 17:02:36,551 INFO  segmented.SegmentedRaftLogWorker (SegmentedRaftLogWorker.java:close(228)) - s0@group-018C702B48E5-SegmentedRaftLogWorker close()
2019-09-24 17:02:36,553 INFO  simulation.RequestHandler (RequestHandler.java:run(126)) - s0.clientHandler1 is interrupted by java.io.InterruptedIOException: 
2019-09-24 17:02:36,553 INFO  simulation.RequestHandler (RequestHandler.java:run(126)) - s0.clientHandler2 is interrupted by java.io.InterruptedIOException: 
2019-09-24 17:02:36,553 INFO  simulation.RequestHandler (RequestHandler.java:run(126)) - s0.clientHandler0 is interrupted by java.io.InterruptedIOException: 
2019-09-24 17:02:36,554 INFO  segmented.SegmentedRaftLogWorker (SegmentedRaftLogWorker.java:close(228)) - s1@group-018C702B48E5-SegmentedRaftLogWorker close()
2019-09-24 17:02:36,554 INFO  simulation.RequestHandler (RequestHandler.java:run(126)) - s0.serverHandler0 is interrupted by java.io.InterruptedIOException: 
2019-09-24 17:02:36,554 INFO  segmented.SegmentedRaftLogWorker (SegmentedRaftLogWorker.java:close(228)) - s2@group-018C702B48E5-SegmentedRaftLogWorker close()
2019-09-24 17:02:36,554 INFO  simulation.RequestHandler (RequestHandler.java:run(126)) - s1.clientHandler2 is interrupted by java.io.InterruptedIOException: 
2019-09-24 17:02:36,554 INFO  simulation.RequestHandler (RequestHandler.java:run(126)) - s1.clientHandler1 is interrupted by java.io.InterruptedIOException: 
2019-09-24 17:02:36,555 INFO  simulation.RequestHandler (RequestHandler.java:run(126)) - s2.clientHandler2 is interrupted by java.io.InterruptedIOException: 
2019-09-24 17:02:36,554 INFO  simulation.RequestHandler (RequestHandler.java:run(126)) - s1.clientHandler0 is interrupted by java.io.InterruptedIOException: 
2019-09-24 17:02:36,554 INFO  simulation.RequestHandler (RequestHandler.java:run(126)) - s0.serverHandler1 is interrupted by java.io.InterruptedIOException: 
2019-09-24 17:02:36,554 INFO  simulation.RequestHandler (RequestHandler.java:run(126)) - s0.serverHandler2 is interrupted by java.io.InterruptedIOException: 
2019-09-24 17:02:36,555 INFO  simulation.RequestHandler (RequestHandler.java:run(126)) - s2.clientHandler1 is interrupted by java.io.InterruptedIOException: 
2019-09-24 17:02:36,555 INFO  simulation.RequestHandler (RequestHandler.java:run(126)) - s2.clientHandler0 is interrupted by java.io.InterruptedIOException: 
2019-09-24 17:02:36,557 INFO  simulation.RequestHandler (RequestHandler.java:run(126)) - s2.serverHandler0 is interrupted by java.io.InterruptedIOException: 
2019-09-24 17:02:41,537 INFO  ratis.MiniRaftCluster (MiniRaftCluster.java:shutdown(722)) - MiniRaftClusterWithSimulatedRpc shutdown completed
]]></system-out>
  </testcase>
  <testcase name="testRemovePeers" classname="org.apache.ratis.server.simulation.TestRaftReconfigurationWithSimulatedRpc" time="24.107"/>
  <testcase name="testAddRemovePeers" classname="org.apache.ratis.server.simulation.TestRaftReconfigurationWithSimulatedRpc" time="2.253"/>
  <testcase name="testRevertConfigurationChange" classname="org.apache.ratis.server.simulation.TestRaftReconfigurationWithSimulatedRpc" time="3.1"/>
  <testcase name="testBootstrapReconf" classname="org.apache.ratis.server.simulation.TestRaftReconfigurationWithSimulatedRpc" time="6.701"/>
  <testcase name="testAddPeers" classname="org.apache.ratis.server.simulation.TestRaftReconfigurationWithSimulatedRpc" time="55.134">
    <error message="No leader yet : printing ALL groups&#10;  s0:  RUNNING CANDIDATE s0@group-CF66ACB98618:t9, leader=null, voted=s0, raftlog=s0@group-CF66ACB98618-SegmentedRaftLog:OPENED:c-1,f-1,i0, conf=-1: [s0:0.0.0.0:32897, s1:0.0.0.0:35696, s2:0.0.0.0:35236], old=null RUNNING&#10;  s1:  RUNNING  FOLLOWER s1@group-CF66ACB98618:t7, leader=null, voted=null, raftlog=s1@group-CF66ACB98618-SegmentedRaftLog:OPENED:c-1,f-1,i0, conf=-1: [s0:0.0.0.0:32897, s1:0.0.0.0:35696, s2:0.0.0.0:35236], old=null RUNNING&#10;  s2:  RUNNING CANDIDATE s2@group-CF66ACB98618:t9, leader=null, voted=s2, raftlog=s2@group-CF66ACB98618-SegmentedRaftLog:OPENED:c-1,f-1,i0, conf=-1: [s0:0.0.0.0:32897, s1:0.0.0.0:35696, s2:0.0.0.0:35236], old=null RUNNING" type="java.lang.IllegalStateException">java.lang.IllegalStateException: 
No leader yet : printing ALL groups
  s0:  RUNNING CANDIDATE s0@group-CF66ACB98618:t9, leader=null, voted=s0, raftlog=s0@group-CF66ACB98618-SegmentedRaftLog:OPENED:c-1,f-1,i0, conf=-1: [s0:0.0.0.0:32897, s1:0.0.0.0:35696, s2:0.0.0.0:35236], old=null RUNNING
  s1:  RUNNING  FOLLOWER s1@group-CF66ACB98618:t7, leader=null, voted=null, raftlog=s1@group-CF66ACB98618-SegmentedRaftLog:OPENED:c-1,f-1,i0, conf=-1: [s0:0.0.0.0:32897, s1:0.0.0.0:35696, s2:0.0.0.0:35236], old=null RUNNING
  s2:  RUNNING CANDIDATE s2@group-CF66ACB98618:t9, leader=null, voted=s2, raftlog=s2@group-CF66ACB98618-SegmentedRaftLog:OPENED:c-1,f-1,i0, conf=-1: [s0:0.0.0.0:32897, s1:0.0.0.0:35696, s2:0.0.0.0:35236], old=null RUNNING
</error>
    <system-out><![CDATA[2019-09-24 17:03:17,718 INFO  util.LogUtils (LogUtils.java:setLogLevel(41)) - Set org.apache.ratis.conf.ConfUtils log level to WARN
2019-09-24 17:03:17,719 INFO  util.LogUtils (LogUtils.java:setLogLevel(41)) - Set org.apache.ratis.util.FileUtils log level to TRACE
2019-09-24 17:03:17,722 INFO  ratis.MiniRaftCluster (MiniRaftCluster.java:runWithNewCluster(119)) - Running runWithNewCluster
2019-09-24 17:03:17,722 INFO  simulation.MiniRaftClusterWithSimulatedRpc (ConfUtils.java:logGet(43)) - org.apache.ratis.server.simulation.SimulatedRequestReply.simulateLatencyMs = 0 (custom)
2019-09-24 17:03:17,723 INFO  ratis.MiniRaftCluster (MiniRaftCluster.java:<init>(253)) - new MiniRaftClusterWithSimulatedRpc with group-CF66ACB98618:[s0:0.0.0.0:32897, s1:0.0.0.0:35696, s2:0.0.0.0:35236]
2019-09-24 17:03:17,723 INFO  ratis.MiniRaftCluster (MiniRaftCluster.java:start(287)) - .............................................................. 
2019-09-24 17:03:17,723 INFO  ratis.MiniRaftCluster (MiniRaftCluster.java:start(288)) - ... 
2019-09-24 17:03:17,724 INFO  ratis.MiniRaftCluster (MiniRaftCluster.java:start(289)) - ...     Starting MiniRaftClusterWithSimulatedRpc
2019-09-24 17:03:17,724 INFO  ratis.MiniRaftCluster (MiniRaftCluster.java:start(290)) - ... 
2019-09-24 17:03:17,724 INFO  ratis.MiniRaftCluster (MiniRaftCluster.java:start(291)) - .............................................................. 
2019-09-24 17:03:17,724 INFO  ratis.MiniRaftCluster (MiniRaftCluster.java:initServers(265)) - servers = {}
2019-09-24 17:03:17,724 INFO  ratis.MiniRaftCluster (MiniRaftCluster.java:newRaftServer(330)) - newRaftServer: s0, group-CF66ACB98618:[s0:0.0.0.0:32897, s1:0.0.0.0:35696, s2:0.0.0.0:35236], format? true
2019-09-24 17:03:17,724 TRACE util.FileUtils (FileUtils.java:deleteFully(88)) - deleteFully target/test/data/106c393e/MiniRaftClusterWithSimulatedRpc7acbde53/s0
2019-09-24 17:03:17,725 TRACE util.FileUtils (FileUtils.java:deleteFully(104)) - deleteFully: target/test/data/106c393e/MiniRaftClusterWithSimulatedRpc7acbde53/s0 does not exist.
2019-09-24 17:03:17,725 INFO  ratis.MiniRaftCluster (MiniRaftCluster.java:newRaftServer(335)) - Formatted directory target/test/data/106c393e/MiniRaftClusterWithSimulatedRpc7acbde53/s0
2019-09-24 17:03:17,726 INFO  impl.RaftServerProxy (ConfUtils.java:logGet(43)) - raft.rpc.type = org.apache.ratis.server.simulation.SimulatedRpc (custom)
2019-09-24 17:03:17,727 INFO  server.RaftServerConfigKeys (ConfUtils.java:logGet(43)) - raft.server.storage.dir = [/workdir/ratis-test/target/test/data/106c393e/MiniRaftClusterWithSimulatedRpc7acbde53/s0] (custom)
2019-09-24 17:03:17,727 INFO  impl.RaftServerProxy (RaftServerProxy.java:addNew(89)) - s0: addNew group-CF66ACB98618:[s0:0.0.0.0:32897, s1:0.0.0.0:35696, s2:0.0.0.0:35236] returns group-CF66ACB98618:java.util.concurrent.CompletableFuture@2a19f007[Not completed]
2019-09-24 17:03:17,727 INFO  impl.RaftServerImpl (RaftServerImpl.java:<init>(95)) - s0: new RaftServerImpl for group-CF66ACB98618:[s0:0.0.0.0:32897, s1:0.0.0.0:35696, s2:0.0.0.0:35236] with BaseStateMachine:uninitialized
2019-09-24 17:03:17,728 INFO  ratis.MiniRaftCluster (MiniRaftCluster.java:newRaftServer(330)) - newRaftServer: s1, group-CF66ACB98618:[s0:0.0.0.0:32897, s1:0.0.0.0:35696, s2:0.0.0.0:35236], format? true
2019-09-24 17:03:17,728 INFO  server.RaftServerConfigKeys (ConfUtils.java:logGet(43)) - raft.server.rpc.timeout.min = 150ms (default)
2019-09-24 17:03:17,728 TRACE util.FileUtils (FileUtils.java:deleteFully(88)) - deleteFully target/test/data/106c393e/MiniRaftClusterWithSimulatedRpc7acbde53/s1
2019-09-24 17:03:17,728 INFO  server.RaftServerConfigKeys (ConfUtils.java:logGet(43)) - raft.server.rpc.timeout.max = 300ms (default)
2019-09-24 17:03:17,729 INFO  server.RaftServerConfigKeys (ConfUtils.java:logGet(43)) - raft.server.rpcslowness.timeout = 60s (default)
2019-09-24 17:03:17,729 TRACE util.FileUtils (FileUtils.java:deleteFully(104)) - deleteFully: target/test/data/106c393e/MiniRaftClusterWithSimulatedRpc7acbde53/s1 does not exist.
2019-09-24 17:03:17,729 INFO  server.RaftServerConfigKeys (ConfUtils.java:logGet(43)) - raft.server.sleep.deviation.threshold = 300 (default)
2019-09-24 17:03:17,729 INFO  ratis.MiniRaftCluster (MiniRaftCluster.java:newRaftServer(335)) - Formatted directory target/test/data/106c393e/MiniRaftClusterWithSimulatedRpc7acbde53/s1
2019-09-24 17:03:17,729 INFO  server.RaftServerConfigKeys (ConfUtils.java:logGet(43)) - raft.server.log.appender.install.snapshot.enabled = true (default)
2019-09-24 17:03:17,729 INFO  impl.RaftServerProxy (ConfUtils.java:logGet(43)) - raft.rpc.type = org.apache.ratis.server.simulation.SimulatedRpc (custom)
2019-09-24 17:03:17,730 INFO  impl.RaftServerImpl (ServerState.java:<init>(103)) - s0@group-CF66ACB98618: ConfigurationManager, init=-1: [s0:0.0.0.0:32897, s1:0.0.0.0:35696, s2:0.0.0.0:35236], old=null, confs=<EMPTY_MAP>
2019-09-24 17:03:17,730 INFO  server.RaftServerConfigKeys (ConfUtils.java:logGet(43)) - raft.server.storage.dir = [/workdir/ratis-test/target/test/data/106c393e/MiniRaftClusterWithSimulatedRpc7acbde53/s0] (custom)
2019-09-24 17:03:17,730 INFO  server.RaftServerConfigKeys (ConfUtils.java:logGet(43)) - raft.server.storage.dir = [/workdir/ratis-test/target/test/data/106c393e/MiniRaftClusterWithSimulatedRpc7acbde53/s1] (custom)
2019-09-24 17:03:17,730 INFO  server.RaftServerConfigKeys (ConfUtils.java:logGet(43)) - raft.server.log.corruption.policy = EXCEPTION (default)
2019-09-24 17:03:17,731 INFO  impl.RaftServerProxy (RaftServerProxy.java:addNew(89)) - s1: addNew group-CF66ACB98618:[s0:0.0.0.0:32897, s1:0.0.0.0:35696, s2:0.0.0.0:35236] returns group-CF66ACB98618:java.util.concurrent.CompletableFuture@7019bbdc[Not completed]
2019-09-24 17:03:17,731 INFO  storage.RaftStorageDirectory (RaftStorageDirectory.java:analyzeStorage(246)) - The storage directory /workdir/ratis-test/target/test/data/106c393e/MiniRaftClusterWithSimulatedRpc7acbde53/s0/d6b450d7-d8e7-4a1c-9156-cf66acb98618 does not exist. Creating ...
2019-09-24 17:03:17,731 INFO  impl.RaftServerImpl (RaftServerImpl.java:<init>(95)) - s1: new RaftServerImpl for group-CF66ACB98618:[s0:0.0.0.0:32897, s1:0.0.0.0:35696, s2:0.0.0.0:35236] with BaseStateMachine:uninitialized
2019-09-24 17:03:17,731 INFO  ratis.MiniRaftCluster (MiniRaftCluster.java:newRaftServer(330)) - newRaftServer: s2, group-CF66ACB98618:[s0:0.0.0.0:32897, s1:0.0.0.0:35696, s2:0.0.0.0:35236], format? true
2019-09-24 17:03:17,732 INFO  server.RaftServerConfigKeys (ConfUtils.java:logGet(43)) - raft.server.rpc.timeout.min = 150ms (default)
2019-09-24 17:03:17,732 TRACE util.FileUtils (FileUtils.java:deleteFully(88)) - deleteFully target/test/data/106c393e/MiniRaftClusterWithSimulatedRpc7acbde53/s2
2019-09-24 17:03:17,732 INFO  server.RaftServerConfigKeys (ConfUtils.java:logGet(43)) - raft.server.rpc.timeout.max = 300ms (default)
2019-09-24 17:03:17,732 TRACE util.FileUtils (LogUtils.java:runAndLog(61)) - Successfully ran Files.createDirectories /workdir/ratis-test/target/test/data/106c393e/MiniRaftClusterWithSimulatedRpc7acbde53/s0/d6b450d7-d8e7-4a1c-9156-cf66acb98618
2019-09-24 17:03:17,732 TRACE util.FileUtils (FileUtils.java:deleteFully(104)) - deleteFully: target/test/data/106c393e/MiniRaftClusterWithSimulatedRpc7acbde53/s2 does not exist.
2019-09-24 17:03:17,732 INFO  server.RaftServerConfigKeys (ConfUtils.java:logGet(43)) - raft.server.rpcslowness.timeout = 60s (default)
2019-09-24 17:03:17,732 INFO  ratis.MiniRaftCluster (MiniRaftCluster.java:newRaftServer(335)) - Formatted directory target/test/data/106c393e/MiniRaftClusterWithSimulatedRpc7acbde53/s2
2019-09-24 17:03:17,733 INFO  server.RaftServerConfigKeys (ConfUtils.java:logGet(43)) - raft.server.sleep.deviation.threshold = 300 (default)
2019-09-24 17:03:17,733 INFO  server.RaftServerConfigKeys (ConfUtils.java:logGet(43)) - raft.server.log.appender.install.snapshot.enabled = true (default)
2019-09-24 17:03:17,733 INFO  impl.RaftServerProxy (ConfUtils.java:logGet(43)) - raft.rpc.type = org.apache.ratis.server.simulation.SimulatedRpc (custom)
2019-09-24 17:03:17,733 INFO  impl.RaftServerImpl (ServerState.java:<init>(103)) - s1@group-CF66ACB98618: ConfigurationManager, init=-1: [s0:0.0.0.0:32897, s1:0.0.0.0:35696, s2:0.0.0.0:35236], old=null, confs=<EMPTY_MAP>
2019-09-24 17:03:17,734 INFO  server.RaftServerConfigKeys (ConfUtils.java:logGet(43)) - raft.server.storage.dir = [/workdir/ratis-test/target/test/data/106c393e/MiniRaftClusterWithSimulatedRpc7acbde53/s1] (custom)
2019-09-24 17:03:17,734 INFO  server.RaftServerConfigKeys (ConfUtils.java:logGet(43)) - raft.server.storage.dir = [/workdir/ratis-test/target/test/data/106c393e/MiniRaftClusterWithSimulatedRpc7acbde53/s2] (custom)
2019-09-24 17:03:17,734 INFO  server.RaftServerConfigKeys (ConfUtils.java:logGet(43)) - raft.server.log.corruption.policy = EXCEPTION (default)
2019-09-24 17:03:17,734 INFO  storage.RaftStorageDirectory (RaftStorageDirectory.java:analyzeStorage(246)) - The storage directory /workdir/ratis-test/target/test/data/106c393e/MiniRaftClusterWithSimulatedRpc7acbde53/s1/d6b450d7-d8e7-4a1c-9156-cf66acb98618 does not exist. Creating ...
2019-09-24 17:03:17,734 INFO  impl.RaftServerImpl (RaftServerImpl.java:<init>(95)) - s2: new RaftServerImpl for group-CF66ACB98618:[s0:0.0.0.0:32897, s1:0.0.0.0:35696, s2:0.0.0.0:35236] with BaseStateMachine:uninitialized
2019-09-24 17:03:17,734 INFO  impl.RaftServerProxy (RaftServerProxy.java:addNew(89)) - s2: addNew group-CF66ACB98618:[s0:0.0.0.0:32897, s1:0.0.0.0:35696, s2:0.0.0.0:35236] returns group-CF66ACB98618:java.util.concurrent.CompletableFuture@492d32ce[Not completed]
2019-09-24 17:03:17,735 INFO  server.RaftServerConfigKeys (ConfUtils.java:logGet(43)) - raft.server.rpc.timeout.min = 150ms (default)
2019-09-24 17:03:17,735 TRACE util.FileUtils (LogUtils.java:runAndLog(61)) - Successfully ran Files.createDirectories /workdir/ratis-test/target/test/data/106c393e/MiniRaftClusterWithSimulatedRpc7acbde53/s1/d6b450d7-d8e7-4a1c-9156-cf66acb98618
2019-09-24 17:03:17,735 INFO  server.RaftServerConfigKeys (ConfUtils.java:logGet(43)) - raft.server.rpc.timeout.max = 300ms (default)
2019-09-24 17:03:17,735 INFO  server.RaftServerConfigKeys (ConfUtils.java:logGet(43)) - raft.server.rpcslowness.timeout = 60s (default)
2019-09-24 17:03:17,736 INFO  server.RaftServerConfigKeys (ConfUtils.java:logGet(43)) - raft.server.sleep.deviation.threshold = 300 (default)
2019-09-24 17:03:17,736 INFO  server.RaftServerConfigKeys (ConfUtils.java:logGet(43)) - raft.server.log.appender.install.snapshot.enabled = true (default)
2019-09-24 17:03:17,736 INFO  impl.RaftServerImpl (ServerState.java:<init>(103)) - s2@group-CF66ACB98618: ConfigurationManager, init=-1: [s0:0.0.0.0:32897, s1:0.0.0.0:35696, s2:0.0.0.0:35236], old=null, confs=<EMPTY_MAP>
2019-09-24 17:03:17,736 INFO  server.RaftServerConfigKeys (ConfUtils.java:logGet(43)) - raft.server.storage.dir = [/workdir/ratis-test/target/test/data/106c393e/MiniRaftClusterWithSimulatedRpc7acbde53/s2] (custom)
2019-09-24 17:03:17,736 INFO  server.RaftServerConfigKeys (ConfUtils.java:logGet(43)) - raft.server.log.corruption.policy = EXCEPTION (default)
2019-09-24 17:03:17,737 INFO  storage.RaftStorageDirectory (RaftStorageDirectory.java:analyzeStorage(246)) - The storage directory /workdir/ratis-test/target/test/data/106c393e/MiniRaftClusterWithSimulatedRpc7acbde53/s2/d6b450d7-d8e7-4a1c-9156-cf66acb98618 does not exist. Creating ...
2019-09-24 17:03:17,737 TRACE util.FileUtils (LogUtils.java:runAndLog(61)) - Successfully ran Files.createDirectories /workdir/ratis-test/target/test/data/106c393e/MiniRaftClusterWithSimulatedRpc7acbde53/s2/d6b450d7-d8e7-4a1c-9156-cf66acb98618
2019-09-24 17:03:22,931 INFO  storage.RaftStorageDirectory (RaftStorageDirectory.java:tryLock(328)) - Lock on /workdir/ratis-test/target/test/data/106c393e/MiniRaftClusterWithSimulatedRpc7acbde53/s2/d6b450d7-d8e7-4a1c-9156-cf66acb98618/in_use.lock acquired by nodename 4739@ratis-test-vphbd-3564017154
2019-09-24 17:03:22,931 INFO  storage.RaftStorageDirectory (RaftStorageDirectory.java:tryLock(328)) - Lock on /workdir/ratis-test/target/test/data/106c393e/MiniRaftClusterWithSimulatedRpc7acbde53/s1/d6b450d7-d8e7-4a1c-9156-cf66acb98618/in_use.lock acquired by nodename 4739@ratis-test-vphbd-3564017154
2019-09-24 17:03:22,931 INFO  storage.RaftStorageDirectory (RaftStorageDirectory.java:tryLock(328)) - Lock on /workdir/ratis-test/target/test/data/106c393e/MiniRaftClusterWithSimulatedRpc7acbde53/s0/d6b450d7-d8e7-4a1c-9156-cf66acb98618/in_use.lock acquired by nodename 4739@ratis-test-vphbd-3564017154
2019-09-24 17:03:22,932 TRACE util.FileUtils (LogUtils.java:runAndLog(61)) - Successfully ran Files.createDirectories /workdir/ratis-test/target/test/data/106c393e/MiniRaftClusterWithSimulatedRpc7acbde53/s2/d6b450d7-d8e7-4a1c-9156-cf66acb98618/current
2019-09-24 17:03:22,932 TRACE util.FileUtils (LogUtils.java:runAndLog(61)) - Successfully ran Files.createDirectories /workdir/ratis-test/target/test/data/106c393e/MiniRaftClusterWithSimulatedRpc7acbde53/s0/d6b450d7-d8e7-4a1c-9156-cf66acb98618/current
2019-09-24 17:03:22,932 TRACE util.FileUtils (LogUtils.java:runAndLog(61)) - Successfully ran Files.createDirectories /workdir/ratis-test/target/test/data/106c393e/MiniRaftClusterWithSimulatedRpc7acbde53/s1/d6b450d7-d8e7-4a1c-9156-cf66acb98618/current
2019-09-24 17:03:22,932 TRACE util.FileUtils (LogUtils.java:runAndLog(61)) - Successfully ran Files.createDirectories /workdir/ratis-test/target/test/data/106c393e/MiniRaftClusterWithSimulatedRpc7acbde53/s0/d6b450d7-d8e7-4a1c-9156-cf66acb98618/sm
2019-09-24 17:03:22,932 TRACE util.FileUtils (LogUtils.java:runAndLog(61)) - Successfully ran Files.createDirectories /workdir/ratis-test/target/test/data/106c393e/MiniRaftClusterWithSimulatedRpc7acbde53/s2/d6b450d7-d8e7-4a1c-9156-cf66acb98618/sm
2019-09-24 17:03:22,933 TRACE util.FileUtils (LogUtils.java:runAndLog(61)) - Successfully ran Files.createDirectories /workdir/ratis-test/target/test/data/106c393e/MiniRaftClusterWithSimulatedRpc7acbde53/s1/d6b450d7-d8e7-4a1c-9156-cf66acb98618/sm
2019-09-24 17:03:27,753 INFO  storage.RaftStorage (RaftStorage.java:format(84)) - Storage directory /workdir/ratis-test/target/test/data/106c393e/MiniRaftClusterWithSimulatedRpc7acbde53/s2/d6b450d7-d8e7-4a1c-9156-cf66acb98618 has been successfully formatted.
2019-09-24 17:03:27,753 INFO  storage.RaftStorage (RaftStorage.java:format(84)) - Storage directory /workdir/ratis-test/target/test/data/106c393e/MiniRaftClusterWithSimulatedRpc7acbde53/s0/d6b450d7-d8e7-4a1c-9156-cf66acb98618 has been successfully formatted.
2019-09-24 17:03:27,753 INFO  storage.RaftStorage (RaftStorage.java:format(84)) - Storage directory /workdir/ratis-test/target/test/data/106c393e/MiniRaftClusterWithSimulatedRpc7acbde53/s1/d6b450d7-d8e7-4a1c-9156-cf66acb98618 has been successfully formatted.
2019-09-24 17:03:27,753 INFO  server.RaftServerConfigKeys (ConfUtils.java:logGet(43)) - raft.server.notification.no-leader.timeout = 60s (default)
2019-09-24 17:03:27,753 INFO  server.RaftServerConfigKeys (ConfUtils.java:logGet(43)) - raft.server.notification.no-leader.timeout = 60s (default)
2019-09-24 17:03:27,754 INFO  server.RaftServerConfigKeys (ConfUtils.java:logGet(43)) - raft.server.log.use.memory = false (default)
2019-09-24 17:03:27,754 INFO  server.RaftServerConfigKeys (ConfUtils.java:logGet(43)) - raft.server.notification.no-leader.timeout = 60s (default)
2019-09-24 17:03:27,754 INFO  server.RaftServerConfigKeys (ConfUtils.java:logGet(43)) - raft.server.log.purge.gap = 1024 (default)
2019-09-24 17:03:27,754 INFO  server.RaftServerConfigKeys (ConfUtils.java:logGet(43)) - raft.server.log.use.memory = false (default)
2019-09-24 17:03:27,755 INFO  server.RaftServerConfigKeys (ConfUtils.java:logGet(43)) - raft.server.log.appender.buffer.byte-limit = 4MB (=4194304) (default)
2019-09-24 17:03:27,754 INFO  server.RaftServerConfigKeys (ConfUtils.java:logGet(43)) - raft.server.log.use.memory = false (default)
2019-09-24 17:03:27,755 INFO  server.RaftServerConfigKeys (ConfUtils.java:logGet(43)) - raft.server.log.segment.size.max = 8MB (=8388608) (default)
2019-09-24 17:03:27,755 INFO  server.RaftServerConfigKeys (ConfUtils.java:logGet(43)) - raft.server.log.purge.gap = 1024 (default)
2019-09-24 17:03:27,755 INFO  server.RaftServerConfigKeys (ConfUtils.java:logGet(43)) - raft.server.log.segment.cache.num.max = 6 (default)
2019-09-24 17:03:27,755 INFO  server.RaftServerConfigKeys (ConfUtils.java:logGet(43)) - raft.server.log.purge.gap = 1024 (default)
2019-09-24 17:03:27,756 INFO  segmented.SegmentedRaftLogWorker (SegmentedRaftLogWorker.java:<init>(172)) - new s0@group-CF66ACB98618-SegmentedRaftLogWorker for RaftStorage:Storage Directory /workdir/ratis-test/target/test/data/106c393e/MiniRaftClusterWithSimulatedRpc7acbde53/s0/d6b450d7-d8e7-4a1c-9156-cf66acb98618
2019-09-24 17:03:27,755 INFO  server.RaftServerConfigKeys (ConfUtils.java:logGet(43)) - raft.server.log.appender.buffer.byte-limit = 4MB (=4194304) (default)
2019-09-24 17:03:27,756 INFO  server.RaftServerConfigKeys (ConfUtils.java:logGet(43)) - raft.server.log.queue.byte-limit = 64MB (=67108864) (default)
2019-09-24 17:03:27,756 INFO  server.RaftServerConfigKeys (ConfUtils.java:logGet(43)) - raft.server.log.appender.buffer.byte-limit = 4MB (=4194304) (default)
2019-09-24 17:03:27,756 INFO  server.RaftServerConfigKeys (ConfUtils.java:logGet(43)) - raft.server.log.queue.element-limit = 4096 (default)
2019-09-24 17:03:27,756 INFO  server.RaftServerConfigKeys (ConfUtils.java:logGet(43)) - raft.server.log.segment.size.max = 8MB (=8388608) (default)
2019-09-24 17:03:27,757 INFO  server.RaftServerConfigKeys (ConfUtils.java:logGet(43)) - raft.server.log.segment.size.max = 8MB (=8388608) (default)
2019-09-24 17:03:27,757 INFO  server.RaftServerConfigKeys (ConfUtils.java:logGet(43)) - raft.server.log.segment.size.max = 8MB (=8388608) (default)
2019-09-24 17:03:27,757 INFO  server.RaftServerConfigKeys (ConfUtils.java:logGet(43)) - raft.server.log.preallocated.size = 4MB (=4194304) (default)
2019-09-24 17:03:27,757 INFO  server.RaftServerConfigKeys (ConfUtils.java:logGet(43)) - raft.server.log.segment.cache.num.max = 6 (default)
2019-09-24 17:03:27,757 INFO  server.RaftServerConfigKeys (ConfUtils.java:logGet(43)) - raft.server.log.write.buffer.size = 64KB (=65536) (default)
2019-09-24 17:03:27,757 INFO  server.RaftServerConfigKeys (ConfUtils.java:logGet(43)) - raft.server.log.segment.cache.num.max = 6 (default)
2019-09-24 17:03:27,758 INFO  server.RaftServerConfigKeys (ConfUtils.java:logGet(43)) - raft.server.log.force.sync.num = 128 (default)
2019-09-24 17:03:27,758 INFO  segmented.SegmentedRaftLogWorker (SegmentedRaftLogWorker.java:<init>(172)) - new s2@group-CF66ACB98618-SegmentedRaftLogWorker for RaftStorage:Storage Directory /workdir/ratis-test/target/test/data/106c393e/MiniRaftClusterWithSimulatedRpc7acbde53/s2/d6b450d7-d8e7-4a1c-9156-cf66acb98618
2019-09-24 17:03:27,758 INFO  server.RaftServerConfigKeys (ConfUtils.java:logGet(43)) - raft.server.log.statemachine.data.sync = true (default)
2019-09-24 17:03:27,758 INFO  segmented.SegmentedRaftLogWorker (SegmentedRaftLogWorker.java:<init>(172)) - new s1@group-CF66ACB98618-SegmentedRaftLogWorker for RaftStorage:Storage Directory /workdir/ratis-test/target/test/data/106c393e/MiniRaftClusterWithSimulatedRpc7acbde53/s1/d6b450d7-d8e7-4a1c-9156-cf66acb98618
2019-09-24 17:03:27,758 INFO  server.RaftServerConfigKeys (ConfUtils.java:logGet(43)) - raft.server.log.statemachine.data.sync.timeout = 10s (default)
2019-09-24 17:03:27,758 INFO  server.RaftServerConfigKeys (ConfUtils.java:logGet(43)) - raft.server.log.queue.byte-limit = 64MB (=67108864) (default)
2019-09-24 17:03:27,759 INFO  server.RaftServerConfigKeys (ConfUtils.java:logGet(43)) - raft.server.log.statemachine.data.sync.timeout.retry = -1 (default)
2019-09-24 17:03:27,759 INFO  server.RaftServerConfigKeys (ConfUtils.java:logGet(43)) - raft.server.log.queue.byte-limit = 64MB (=67108864) (default)
2019-09-24 17:03:27,759 INFO  server.RaftServerConfigKeys (ConfUtils.java:logGet(43)) - raft.server.log.statemachine.data.caching.enabled = false (default)
2019-09-24 17:03:27,759 INFO  server.RaftServerConfigKeys (ConfUtils.java:logGet(43)) - raft.server.log.queue.element-limit = 4096 (default)
2019-09-24 17:03:27,759 INFO  server.RaftServerConfigKeys (ConfUtils.java:logGet(43)) - raft.server.log.queue.element-limit = 4096 (default)
2019-09-24 17:03:27,760 INFO  server.RaftServerConfigKeys (ConfUtils.java:logGet(43)) - raft.server.log.segment.size.max = 8MB (=8388608) (default)
2019-09-24 17:03:27,760 INFO  server.RaftServerConfigKeys (ConfUtils.java:logGet(43)) - raft.server.log.segment.size.max = 8MB (=8388608) (default)
2019-09-24 17:03:27,760 INFO  segmented.SegmentedRaftLogWorker (SegmentedRaftLogWorker.java:lambda$new$0(132)) - s0@group-CF66ACB98618-SegmentedRaftLogWorker: flushIndex: setUnconditionally 0 -> -1
2019-09-24 17:03:27,760 INFO  server.RaftServerConfigKeys (ConfUtils.java:logGet(43)) - raft.server.log.preallocated.size = 4MB (=4194304) (default)
2019-09-24 17:03:27,760 INFO  server.RaftServerConfigKeys (ConfUtils.java:logGet(43)) - raft.server.log.preallocated.size = 4MB (=4194304) (default)
2019-09-24 17:03:27,761 INFO  server.RaftServerConfigKeys (ConfUtils.java:logGet(43)) - raft.server.log.write.buffer.size = 64KB (=65536) (default)
2019-09-24 17:03:27,761 INFO  server.RaftServerConfigKeys (ConfUtils.java:logGet(43)) - raft.server.snapshot.auto.trigger.enabled = false (default)
2019-09-24 17:03:27,761 INFO  server.RaftServerConfigKeys (ConfUtils.java:logGet(43)) - raft.server.log.write.buffer.size = 64KB (=65536) (default)
2019-09-24 17:03:27,761 INFO  server.RaftServerConfigKeys (ConfUtils.java:logGet(43)) - raft.server.snapshot.retention.file.num = -1 (default)
2019-09-24 17:03:27,761 INFO  server.RaftServerConfigKeys (ConfUtils.java:logGet(43)) - raft.server.log.force.sync.num = 128 (default)
2019-09-24 17:03:27,762 INFO  server.RaftServerConfigKeys (ConfUtils.java:logGet(43)) - raft.server.retrycache.expirytime = 60s (default)
2019-09-24 17:03:27,761 INFO  server.RaftServerConfigKeys (ConfUtils.java:logGet(43)) - raft.server.log.force.sync.num = 128 (default)
2019-09-24 17:03:27,762 INFO  server.RaftServerConfigKeys (ConfUtils.java:logGet(43)) - raft.server.log.statemachine.data.sync = true (default)
2019-09-24 17:03:27,762 INFO  server.RaftServerConfigKeys (ConfUtils.java:logGet(43)) - raft.server.log.statemachine.data.sync = true (default)
2019-09-24 17:03:27,762 INFO  server.RaftServerConfigKeys (ConfUtils.java:logGet(43)) - raft.server.log.statemachine.data.sync.timeout = 10s (default)
2019-09-24 17:03:27,762 INFO  server.RaftServerConfigKeys (ConfUtils.java:logGet(43)) - raft.server.log.statemachine.data.sync.timeout = 10s (default)
2019-09-24 17:03:27,763 INFO  server.RaftServerConfigKeys (ConfUtils.java:logGet(43)) - raft.server.log.statemachine.data.sync.timeout.retry = -1 (default)
2019-09-24 17:03:27,763 INFO  server.RaftServerConfigKeys (ConfUtils.java:logGet(43)) - raft.server.log.statemachine.data.sync.timeout.retry = -1 (default)
2019-09-24 17:03:27,763 INFO  server.RaftServerConfigKeys (ConfUtils.java:logGet(43)) - raft.server.log.statemachine.data.caching.enabled = false (default)
2019-09-24 17:03:27,763 INFO  server.RaftServerConfigKeys (ConfUtils.java:logGet(43)) - raft.server.log.statemachine.data.caching.enabled = false (default)
2019-09-24 17:03:27,764 INFO  segmented.SegmentedRaftLogWorker (SegmentedRaftLogWorker.java:lambda$new$0(132)) - s1@group-CF66ACB98618-SegmentedRaftLogWorker: flushIndex: setUnconditionally 0 -> -1
2019-09-24 17:03:27,764 INFO  segmented.SegmentedRaftLogWorker (SegmentedRaftLogWorker.java:lambda$new$0(132)) - s2@group-CF66ACB98618-SegmentedRaftLogWorker: flushIndex: setUnconditionally 0 -> -1
2019-09-24 17:03:27,764 INFO  server.RaftServerConfigKeys (ConfUtils.java:logGet(43)) - raft.server.snapshot.auto.trigger.enabled = false (default)
2019-09-24 17:03:27,764 INFO  server.RaftServerConfigKeys (ConfUtils.java:logGet(43)) - raft.server.snapshot.auto.trigger.enabled = false (default)
2019-09-24 17:03:27,764 INFO  server.RaftServerConfigKeys (ConfUtils.java:logGet(43)) - raft.server.snapshot.retention.file.num = -1 (default)
2019-09-24 17:03:27,765 INFO  server.RaftServerConfigKeys (ConfUtils.java:logGet(43)) - raft.server.snapshot.retention.file.num = -1 (default)
2019-09-24 17:03:27,765 INFO  server.RaftServerConfigKeys (ConfUtils.java:logGet(43)) - raft.server.retrycache.expirytime = 60s (default)
2019-09-24 17:03:27,765 INFO  server.RaftServerConfigKeys (ConfUtils.java:logGet(43)) - raft.server.retrycache.expirytime = 60s (default)
2019-09-24 17:03:27,771 INFO  impl.RaftServerImpl (RaftServerImpl.java:start(181)) - s0@group-CF66ACB98618: start as a follower, conf=-1: [s0:0.0.0.0:32897, s1:0.0.0.0:35696, s2:0.0.0.0:35236], old=null
2019-09-24 17:03:27,771 INFO  impl.RaftServerImpl (RaftServerImpl.java:setRole(170)) - s0@group-CF66ACB98618: changes role from      null to FOLLOWER at term 0 for startAsFollower
2019-09-24 17:03:27,771 INFO  impl.RoleInfo (RoleInfo.java:updateAndGet(143)) - s0: start FollowerState
2019-09-24 17:03:27,772 INFO  util.JmxRegister (JmxRegister.java:tryRegister(44)) - Successfully registered JMX Bean with object name Ratis:service=RaftServer,group=group-CF66ACB98618,id=s0
2019-09-24 17:03:27,777 INFO  impl.RaftServerProxy (RaftServerProxy.java:lambda$start$3(299)) - s0: start RPC server
2019-09-24 17:03:27,778 INFO  impl.RaftServerImpl (RaftServerImpl.java:start(181)) - s1@group-CF66ACB98618: start as a follower, conf=-1: [s0:0.0.0.0:32897, s1:0.0.0.0:35696, s2:0.0.0.0:35236], old=null
2019-09-24 17:03:27,778 INFO  impl.RaftServerImpl (RaftServerImpl.java:setRole(170)) - s1@group-CF66ACB98618: changes role from      null to FOLLOWER at term 0 for startAsFollower
2019-09-24 17:03:27,779 INFO  impl.RoleInfo (RoleInfo.java:updateAndGet(143)) - s1: start FollowerState
2019-09-24 17:03:27,779 INFO  util.JmxRegister (JmxRegister.java:tryRegister(44)) - Successfully registered JMX Bean with object name Ratis:service=RaftServer,group=group-CF66ACB98618,id=s1
2019-09-24 17:03:27,783 INFO  impl.RaftServerProxy (RaftServerProxy.java:lambda$start$3(299)) - s1: start RPC server
2019-09-24 17:03:27,785 INFO  impl.RaftServerImpl (RaftServerImpl.java:start(181)) - s2@group-CF66ACB98618: start as a follower, conf=-1: [s0:0.0.0.0:32897, s1:0.0.0.0:35696, s2:0.0.0.0:35236], old=null
2019-09-24 17:03:27,785 INFO  impl.RaftServerImpl (RaftServerImpl.java:setRole(170)) - s2@group-CF66ACB98618: changes role from      null to FOLLOWER at term 0 for startAsFollower
2019-09-24 17:03:27,785 INFO  impl.RoleInfo (RoleInfo.java:updateAndGet(143)) - s2: start FollowerState
2019-09-24 17:03:27,786 INFO  util.JmxRegister (JmxRegister.java:tryRegister(44)) - Successfully registered JMX Bean with object name Ratis:service=RaftServer,group=group-CF66ACB98618,id=s2
2019-09-24 17:03:27,789 INFO  impl.RaftServerProxy (RaftServerProxy.java:lambda$start$3(299)) - s2: start RPC server
2019-09-24 17:03:27,790 INFO  server.RaftServerConfigKeys (ConfUtils.java:logGet(43)) - raft.server.rpc.timeout.max = 300ms (default)
2019-09-24 17:03:27,790 INFO  ratis.RaftTestUtil (RaftTestUtil.java:waitForLeader(86)) - printing ALL groups
  s0:  RUNNING  FOLLOWER s0@group-CF66ACB98618:t0, leader=null, voted=null, raftlog=s0@group-CF66ACB98618-SegmentedRaftLog:OPENED:c-1,f-1,i0, conf=-1: [s0:0.0.0.0:32897, s1:0.0.0.0:35696, s2:0.0.0.0:35236], old=null RUNNING
  s1:  RUNNING  FOLLOWER s1@group-CF66ACB98618:t0, leader=null, voted=null, raftlog=s1@group-CF66ACB98618-SegmentedRaftLog:OPENED:c-1,f-1,i0, conf=-1: [s0:0.0.0.0:32897, s1:0.0.0.0:35696, s2:0.0.0.0:35236], old=null RUNNING
  s2:  RUNNING  FOLLOWER s2@group-CF66ACB98618:t0, leader=null, voted=null, raftlog=s2@group-CF66ACB98618-SegmentedRaftLog:OPENED:c-1,f-1,i0, conf=-1: [s0:0.0.0.0:32897, s1:0.0.0.0:35696, s2:0.0.0.0:35236], old=null RUNNING
2019-09-24 17:03:27,791 WARN  ratis.RaftTestUtil (JavaUtils.java:attempt(158)) - FAILED "waitForLeader-null-(expectLeader? true)", attempt #1/100: java.lang.IllegalStateException: No leader yet : printing ALL groups
  s0:  RUNNING  FOLLOWER s0@group-CF66ACB98618:t0, leader=null, voted=null, raftlog=s0@group-CF66ACB98618-SegmentedRaftLog:OPENED:c-1,f-1,i0, conf=-1: [s0:0.0.0.0:32897, s1:0.0.0.0:35696, s2:0.0.0.0:35236], old=null RUNNING
  s1:  RUNNING  FOLLOWER s1@group-CF66ACB98618:t0, leader=null, voted=null, raftlog=s1@group-CF66ACB98618-SegmentedRaftLog:OPENED:c-1,f-1,i0, conf=-1: [s0:0.0.0.0:32897, s1:0.0.0.0:35696, s2:0.0.0.0:35236], old=null RUNNING
  s2:  RUNNING  FOLLOWER s2@group-CF66ACB98618:t0, leader=null, voted=null, raftlog=s2@group-CF66ACB98618-SegmentedRaftLog:OPENED:c-1,f-1,i0, conf=-1: [s0:0.0.0.0:32897, s1:0.0.0.0:35696, s2:0.0.0.0:35236], old=null RUNNING, sleep 450ms and then retry.
java.lang.IllegalStateException: No leader yet : printing ALL groups
  s0:  RUNNING  FOLLOWER s0@group-CF66ACB98618:t0, leader=null, voted=null, raftlog=s0@group-CF66ACB98618-SegmentedRaftLog:OPENED:c-1,f-1,i0, conf=-1: [s0:0.0.0.0:32897, s1:0.0.0.0:35696, s2:0.0.0.0:35236], old=null RUNNING
  s1:  RUNNING  FOLLOWER s1@group-CF66ACB98618:t0, leader=null, voted=null, raftlog=s1@group-CF66ACB98618-SegmentedRaftLog:OPENED:c-1,f-1,i0, conf=-1: [s0:0.0.0.0:32897, s1:0.0.0.0:35696, s2:0.0.0.0:35236], old=null RUNNING
  s2:  RUNNING  FOLLOWER s2@group-CF66ACB98618:t0, leader=null, voted=null, raftlog=s2@group-CF66ACB98618-SegmentedRaftLog:OPENED:c-1,f-1,i0, conf=-1: [s0:0.0.0.0:32897, s1:0.0.0.0:35696, s2:0.0.0.0:35236], old=null RUNNING
	at org.apache.ratis.MiniRaftCluster.newIllegalStateExceptionForNoLeaders(MiniRaftCluster.java:506)
	at org.apache.ratis.RaftTestUtil.lambda$waitForLeader$1(RaftTestUtil.java:90)
	at org.apache.ratis.MiniRaftCluster.getLeader(MiniRaftCluster.java:539)
	at org.apache.ratis.MiniRaftCluster.getLeader(MiniRaftCluster.java:532)
	at org.apache.ratis.RaftTestUtil.lambda$waitForLeader$3(RaftTestUtil.java:98)
	at org.apache.ratis.util.JavaUtils.attempt(JavaUtils.java:152)
	at org.apache.ratis.RaftTestUtil.waitForLeader(RaftTestUtil.java:97)
	at org.apache.ratis.RaftTestUtil.waitForLeader(RaftTestUtil.java:77)
	at org.apache.ratis.RaftTestUtil.waitForLeader(RaftTestUtil.java:72)
	at org.apache.ratis.server.impl.RaftReconfigurationBaseTest.lambda$testAddPeers$0(RaftReconfigurationBaseTest.java:78)
	at org.apache.ratis.MiniRaftCluster$Factory$Get.runWithNewCluster(MiniRaftCluster.java:125)
	at org.apache.ratis.MiniRaftCluster$Factory$Get.runWithNewCluster(MiniRaftCluster.java:113)
	at org.apache.ratis.server.impl.RaftReconfigurationBaseTest.testAddPeers(RaftReconfigurationBaseTest.java:77)
	at sun.reflect.NativeMethodAccessorImpl.invoke0(Native Method)
	at sun.reflect.NativeMethodAccessorImpl.invoke(NativeMethodAccessorImpl.java:62)
	at sun.reflect.DelegatingMethodAccessorImpl.invoke(DelegatingMethodAccessorImpl.java:43)
	at java.lang.reflect.Method.invoke(Method.java:498)
	at org.junit.runners.model.FrameworkMethod$1.runReflectiveCall(FrameworkMethod.java:50)
	at org.junit.internal.runners.model.ReflectiveCallable.run(ReflectiveCallable.java:12)
	at org.junit.runners.model.FrameworkMethod.invokeExplosively(FrameworkMethod.java:47)
	at org.junit.internal.runners.statements.InvokeMethod.evaluate(InvokeMethod.java:17)
	at org.junit.internal.runners.statements.RunAfters.evaluate(RunAfters.java:27)
	at org.junit.internal.runners.statements.FailOnTimeout$CallableStatement.call(FailOnTimeout.java:298)
	at org.junit.internal.runners.statements.FailOnTimeout$CallableStatement.call(FailOnTimeout.java:292)
	at java.util.concurrent.FutureTask.run(FutureTask.java:266)
	at java.lang.Thread.run(Thread.java:748)
2019-09-24 17:03:27,929 INFO  impl.FollowerState (FollowerState.java:run(108)) - s1@group-CF66ACB98618-FollowerState: change to CANDIDATE, lastRpcTime:150ms, electionTimeout:150ms
2019-09-24 17:03:27,930 INFO  impl.RoleInfo (RoleInfo.java:shutdownFollowerState(121)) - s1: shutdown FollowerState
2019-09-24 17:03:27,930 INFO  impl.RaftServerImpl (RaftServerImpl.java:setRole(170)) - s1@group-CF66ACB98618: changes role from  FOLLOWER to CANDIDATE at term 0 for changeToCandidate
2019-09-24 17:03:27,930 INFO  impl.RoleInfo (RoleInfo.java:updateAndGet(143)) - s1: start LeaderElection
2019-09-24 17:03:27,944 INFO  impl.FollowerState (FollowerState.java:run(108)) - s2@group-CF66ACB98618-FollowerState: change to CANDIDATE, lastRpcTime:158ms, electionTimeout:158ms
2019-09-24 17:03:27,944 INFO  impl.RoleInfo (RoleInfo.java:shutdownFollowerState(121)) - s2: shutdown FollowerState
2019-09-24 17:03:27,944 INFO  impl.RaftServerImpl (RaftServerImpl.java:setRole(170)) - s2@group-CF66ACB98618: changes role from  FOLLOWER to CANDIDATE at term 0 for changeToCandidate
2019-09-24 17:03:27,944 INFO  impl.RoleInfo (RoleInfo.java:updateAndGet(143)) - s2: start LeaderElection
2019-09-24 17:03:27,979 INFO  impl.FollowerState (FollowerState.java:run(108)) - s0@group-CF66ACB98618-FollowerState: change to CANDIDATE, lastRpcTime:207ms, electionTimeout:207ms
2019-09-24 17:03:27,979 INFO  impl.RoleInfo (RoleInfo.java:shutdownFollowerState(121)) - s0: shutdown FollowerState
2019-09-24 17:03:27,979 INFO  impl.RaftServerImpl (RaftServerImpl.java:setRole(170)) - s0@group-CF66ACB98618: changes role from  FOLLOWER to CANDIDATE at term 0 for changeToCandidate
2019-09-24 17:03:27,979 INFO  impl.RoleInfo (RoleInfo.java:updateAndGet(143)) - s0: start LeaderElection
2019-09-24 17:03:28,242 WARN  ratis.RaftTestUtil (JavaUtils.java:attempt(158)) - FAILED "waitForLeader-null-(expectLeader? true)", attempt #2/100: java.lang.IllegalStateException: No leader yet : printing ALL groups
  s0:  RUNNING CANDIDATE s0@group-CF66ACB98618:t1, leader=null, voted=s0, raftlog=s0@group-CF66ACB98618-SegmentedRaftLog:OPENED:c-1,f-1,i0, conf=-1: [s0:0.0.0.0:32897, s1:0.0.0.0:35696, s2:0.0.0.0:35236], old=null RUNNING
  s1:  RUNNING CANDIDATE s1@group-CF66ACB98618:t1, leader=null, voted=s1, raftlog=s1@group-CF66ACB98618-SegmentedRaftLog:OPENED:c-1,f-1,i0, conf=-1: [s0:0.0.0.0:32897, s1:0.0.0.0:35696, s2:0.0.0.0:35236], old=null RUNNING
  s2:  RUNNING CANDIDATE s2@group-CF66ACB98618:t1, leader=null, voted=s2, raftlog=s2@group-CF66ACB98618-SegmentedRaftLog:OPENED:c-1,f-1,i0, conf=-1: [s0:0.0.0.0:32897, s1:0.0.0.0:35696, s2:0.0.0.0:35236], old=null RUNNING, sleep 450ms and then retry.
java.lang.IllegalStateException: No leader yet : printing ALL groups
  s0:  RUNNING CANDIDATE s0@group-CF66ACB98618:t1, leader=null, voted=s0, raftlog=s0@group-CF66ACB98618-SegmentedRaftLog:OPENED:c-1,f-1,i0, conf=-1: [s0:0.0.0.0:32897, s1:0.0.0.0:35696, s2:0.0.0.0:35236], old=null RUNNING
  s1:  RUNNING CANDIDATE s1@group-CF66ACB98618:t1, leader=null, voted=s1, raftlog=s1@group-CF66ACB98618-SegmentedRaftLog:OPENED:c-1,f-1,i0, conf=-1: [s0:0.0.0.0:32897, s1:0.0.0.0:35696, s2:0.0.0.0:35236], old=null RUNNING
  s2:  RUNNING CANDIDATE s2@group-CF66ACB98618:t1, leader=null, voted=s2, raftlog=s2@group-CF66ACB98618-SegmentedRaftLog:OPENED:c-1,f-1,i0, conf=-1: [s0:0.0.0.0:32897, s1:0.0.0.0:35696, s2:0.0.0.0:35236], old=null RUNNING
	at org.apache.ratis.MiniRaftCluster.newIllegalStateExceptionForNoLeaders(MiniRaftCluster.java:506)
	at org.apache.ratis.RaftTestUtil.lambda$waitForLeader$1(RaftTestUtil.java:90)
	at org.apache.ratis.MiniRaftCluster.getLeader(MiniRaftCluster.java:539)
	at org.apache.ratis.MiniRaftCluster.getLeader(MiniRaftCluster.java:532)
	at org.apache.ratis.RaftTestUtil.lambda$waitForLeader$3(RaftTestUtil.java:98)
	at org.apache.ratis.util.JavaUtils.attempt(JavaUtils.java:152)
	at org.apache.ratis.RaftTestUtil.waitForLeader(RaftTestUtil.java:97)
	at org.apache.ratis.RaftTestUtil.waitForLeader(RaftTestUtil.java:77)
	at org.apache.ratis.RaftTestUtil.waitForLeader(RaftTestUtil.java:72)
	at org.apache.ratis.server.impl.RaftReconfigurationBaseTest.lambda$testAddPeers$0(RaftReconfigurationBaseTest.java:78)
	at org.apache.ratis.MiniRaftCluster$Factory$Get.runWithNewCluster(MiniRaftCluster.java:125)
	at org.apache.ratis.MiniRaftCluster$Factory$Get.runWithNewCluster(MiniRaftCluster.java:113)
	at org.apache.ratis.server.impl.RaftReconfigurationBaseTest.testAddPeers(RaftReconfigurationBaseTest.java:77)
	at sun.reflect.NativeMethodAccessorImpl.invoke0(Native Method)
	at sun.reflect.NativeMethodAccessorImpl.invoke(NativeMethodAccessorImpl.java:62)
	at sun.reflect.DelegatingMethodAccessorImpl.invoke(DelegatingMethodAccessorImpl.java:43)
	at java.lang.reflect.Method.invoke(Method.java:498)
	at org.junit.runners.model.FrameworkMethod$1.runReflectiveCall(FrameworkMethod.java:50)
	at org.junit.internal.runners.model.ReflectiveCallable.run(ReflectiveCallable.java:12)
	at org.junit.runners.model.FrameworkMethod.invokeExplosively(FrameworkMethod.java:47)
	at org.junit.internal.runners.statements.InvokeMethod.evaluate(InvokeMethod.java:17)
	at org.junit.internal.runners.statements.RunAfters.evaluate(RunAfters.java:27)
	at org.junit.internal.runners.statements.FailOnTimeout$CallableStatement.call(FailOnTimeout.java:298)
	at org.junit.internal.runners.statements.FailOnTimeout$CallableStatement.call(FailOnTimeout.java:292)
	at java.util.concurrent.FutureTask.run(FutureTask.java:266)
	at java.lang.Thread.run(Thread.java:748)
2019-09-24 17:03:28,508 INFO  impl.LeaderElection (LeaderElection.java:askForVotes(178)) - s1@group-CF66ACB98618-LeaderElection160: begin an election at term 1 for -1: [s0:0.0.0.0:32897, s1:0.0.0.0:35696, s2:0.0.0.0:35236], old=null
2019-09-24 17:03:28,508 INFO  impl.LeaderElection (LeaderElection.java:askForVotes(178)) - s2@group-CF66ACB98618-LeaderElection161: begin an election at term 1 for -1: [s0:0.0.0.0:32897, s1:0.0.0.0:35696, s2:0.0.0.0:35236], old=null
2019-09-24 17:03:28,508 INFO  impl.LeaderElection (LeaderElection.java:askForVotes(178)) - s0@group-CF66ACB98618-LeaderElection162: begin an election at term 1 for -1: [s0:0.0.0.0:32897, s1:0.0.0.0:35696, s2:0.0.0.0:35236], old=null
2019-09-24 17:03:28,510 DEBUG impl.RaftServerImpl (RaftServerImpl.java:requestVote(743)) - s2@group-CF66ACB98618: receive requestVote(s1, group-CF66ACB98618, 1, (t:0, i:0))
2019-09-24 17:03:28,510 DEBUG impl.RaftServerImpl (RaftServerImpl.java:requestVote(743)) - s1@group-CF66ACB98618: receive requestVote(s0, group-CF66ACB98618, 1, (t:0, i:0))
2019-09-24 17:03:28,510 DEBUG impl.RaftServerImpl (RaftServerImpl.java:requestVote(743)) - s0@group-CF66ACB98618: receive requestVote(s2, group-CF66ACB98618, 1, (t:0, i:0))
2019-09-24 17:03:28,510 DEBUG impl.RaftServerImpl (RaftServerImpl.java:requestVote(743)) - s1@group-CF66ACB98618: receive requestVote(s2, group-CF66ACB98618, 1, (t:0, i:0))
2019-09-24 17:03:28,510 DEBUG impl.RaftServerImpl (RaftServerImpl.java:requestVote(775)) - s2@group-CF66ACB98618 replies to vote request: s1<-s2#0:FAIL-t1. Peer's state: s2@group-CF66ACB98618:t1, leader=null, voted=s2, raftlog=s2@group-CF66ACB98618-SegmentedRaftLog:OPENED:c-1,f-1,i0, conf=-1: [s0:0.0.0.0:32897, s1:0.0.0.0:35696, s2:0.0.0.0:35236], old=null
2019-09-24 17:03:28,510 DEBUG impl.RaftServerImpl (RaftServerImpl.java:requestVote(743)) - s2@group-CF66ACB98618: receive requestVote(s0, group-CF66ACB98618, 1, (t:0, i:0))
2019-09-24 17:03:28,510 DEBUG impl.RaftServerImpl (RaftServerImpl.java:requestVote(743)) - s0@group-CF66ACB98618: receive requestVote(s1, group-CF66ACB98618, 1, (t:0, i:0))
2019-09-24 17:03:28,511 DEBUG impl.RaftServerImpl (RaftServerImpl.java:requestVote(775)) - s2@group-CF66ACB98618 replies to vote request: s0<-s2#0:FAIL-t1. Peer's state: s2@group-CF66ACB98618:t1, leader=null, voted=s2, raftlog=s2@group-CF66ACB98618-SegmentedRaftLog:OPENED:c-1,f-1,i0, conf=-1: [s0:0.0.0.0:32897, s1:0.0.0.0:35696, s2:0.0.0.0:35236], old=null
2019-09-24 17:03:28,511 DEBUG impl.RaftServerImpl (RaftServerImpl.java:requestVote(775)) - s0@group-CF66ACB98618 replies to vote request: s2<-s0#0:FAIL-t1. Peer's state: s0@group-CF66ACB98618:t1, leader=null, voted=s0, raftlog=s0@group-CF66ACB98618-SegmentedRaftLog:OPENED:c-1,f-1,i0, conf=-1: [s0:0.0.0.0:32897, s1:0.0.0.0:35696, s2:0.0.0.0:35236], old=null
2019-09-24 17:03:28,510 DEBUG impl.RaftServerImpl (RaftServerImpl.java:requestVote(775)) - s1@group-CF66ACB98618 replies to vote request: s0<-s1#0:FAIL-t1. Peer's state: s1@group-CF66ACB98618:t1, leader=null, voted=s1, raftlog=s1@group-CF66ACB98618-SegmentedRaftLog:OPENED:c-1,f-1,i0, conf=-1: [s0:0.0.0.0:32897, s1:0.0.0.0:35696, s2:0.0.0.0:35236], old=null
2019-09-24 17:03:28,512 DEBUG impl.RaftServerImpl (RaftServerImpl.java:requestVote(775)) - s0@group-CF66ACB98618 replies to vote request: s1<-s0#0:FAIL-t1. Peer's state: s0@group-CF66ACB98618:t1, leader=null, voted=s0, raftlog=s0@group-CF66ACB98618-SegmentedRaftLog:OPENED:c-1,f-1,i0, conf=-1: [s0:0.0.0.0:32897, s1:0.0.0.0:35696, s2:0.0.0.0:35236], old=null
2019-09-24 17:03:28,512 DEBUG impl.RaftServerImpl (RaftServerImpl.java:requestVote(775)) - s1@group-CF66ACB98618 replies to vote request: s2<-s1#0:FAIL-t1. Peer's state: s1@group-CF66ACB98618:t1, leader=null, voted=s1, raftlog=s1@group-CF66ACB98618-SegmentedRaftLog:OPENED:c-1,f-1,i0, conf=-1: [s0:0.0.0.0:32897, s1:0.0.0.0:35696, s2:0.0.0.0:35236], old=null
2019-09-24 17:03:28,512 INFO  impl.LeaderElection (LeaderElection.java:logAndReturn(56)) - s1@group-CF66ACB98618-LeaderElection160: Election REJECTED; received 2 response(s) [s1<-s0#0:FAIL-t1, s1<-s2#0:FAIL-t1] and 0 exception(s); s1@group-CF66ACB98618:t1, leader=null, voted=s1, raftlog=s1@group-CF66ACB98618-SegmentedRaftLog:OPENED:c-1,f-1,i0, conf=-1: [s0:0.0.0.0:32897, s1:0.0.0.0:35696, s2:0.0.0.0:35236], old=null
2019-09-24 17:03:28,512 INFO  impl.LeaderElection (LeaderElection.java:logAndReturn(56)) - s0@group-CF66ACB98618-LeaderElection162: Election REJECTED; received 2 response(s) [s0<-s1#0:FAIL-t1, s0<-s2#0:FAIL-t1] and 0 exception(s); s0@group-CF66ACB98618:t1, leader=null, voted=s0, raftlog=s0@group-CF66ACB98618-SegmentedRaftLog:OPENED:c-1,f-1,i0, conf=-1: [s0:0.0.0.0:32897, s1:0.0.0.0:35696, s2:0.0.0.0:35236], old=null
2019-09-24 17:03:28,513 INFO  impl.RaftServerImpl (RaftServerImpl.java:setRole(170)) - s1@group-CF66ACB98618: changes role from CANDIDATE to FOLLOWER at term 1 for DISCOVERED_A_NEW_TERM
2019-09-24 17:03:28,512 INFO  impl.LeaderElection (LeaderElection.java:logAndReturn(56)) - s2@group-CF66ACB98618-LeaderElection161: Election REJECTED; received 2 response(s) [s2<-s0#0:FAIL-t1, s2<-s1#0:FAIL-t1] and 0 exception(s); s2@group-CF66ACB98618:t1, leader=null, voted=s2, raftlog=s2@group-CF66ACB98618-SegmentedRaftLog:OPENED:c-1,f-1,i0, conf=-1: [s0:0.0.0.0:32897, s1:0.0.0.0:35696, s2:0.0.0.0:35236], old=null
2019-09-24 17:03:28,513 INFO  impl.RoleInfo (RoleInfo.java:shutdownLeaderElection(134)) - s1: shutdown LeaderElection
2019-09-24 17:03:28,513 INFO  impl.RaftServerImpl (RaftServerImpl.java:setRole(170)) - s0@group-CF66ACB98618: changes role from CANDIDATE to FOLLOWER at term 1 for DISCOVERED_A_NEW_TERM
2019-09-24 17:03:28,513 INFO  impl.RoleInfo (RoleInfo.java:updateAndGet(143)) - s1: start FollowerState
2019-09-24 17:03:28,513 INFO  impl.RaftServerImpl (RaftServerImpl.java:setRole(170)) - s2@group-CF66ACB98618: changes role from CANDIDATE to FOLLOWER at term 1 for DISCOVERED_A_NEW_TERM
2019-09-24 17:03:28,513 INFO  impl.RoleInfo (RoleInfo.java:shutdownLeaderElection(134)) - s0: shutdown LeaderElection
2019-09-24 17:03:28,514 INFO  impl.RoleInfo (RoleInfo.java:shutdownLeaderElection(134)) - s2: shutdown LeaderElection
2019-09-24 17:03:28,514 INFO  impl.RoleInfo (RoleInfo.java:updateAndGet(143)) - s0: start FollowerState
2019-09-24 17:03:28,514 INFO  impl.RoleInfo (RoleInfo.java:updateAndGet(143)) - s2: start FollowerState
2019-09-24 17:03:28,676 INFO  impl.FollowerState (FollowerState.java:run(108)) - s2@group-CF66ACB98618-FollowerState: change to CANDIDATE, lastRpcTime:161ms, electionTimeout:161ms
2019-09-24 17:03:28,676 INFO  impl.RoleInfo (RoleInfo.java:shutdownFollowerState(121)) - s2: shutdown FollowerState
2019-09-24 17:03:28,676 INFO  impl.RaftServerImpl (RaftServerImpl.java:setRole(170)) - s2@group-CF66ACB98618: changes role from  FOLLOWER to CANDIDATE at term 1 for changeToCandidate
2019-09-24 17:03:28,676 INFO  impl.RoleInfo (RoleInfo.java:updateAndGet(143)) - s2: start LeaderElection
2019-09-24 17:03:28,693 WARN  ratis.RaftTestUtil (JavaUtils.java:attempt(158)) - FAILED "waitForLeader-null-(expectLeader? true)", attempt #3/100: java.lang.IllegalStateException: No leader yet : printing ALL groups
  s0:  RUNNING  FOLLOWER s0@group-CF66ACB98618:t1, leader=null, voted=s0, raftlog=s0@group-CF66ACB98618-SegmentedRaftLog:OPENED:c-1,f-1,i0, conf=-1: [s0:0.0.0.0:32897, s1:0.0.0.0:35696, s2:0.0.0.0:35236], old=null RUNNING
  s1:  RUNNING  FOLLOWER s1@group-CF66ACB98618:t1, leader=null, voted=s1, raftlog=s1@group-CF66ACB98618-SegmentedRaftLog:OPENED:c-1,f-1,i0, conf=-1: [s0:0.0.0.0:32897, s1:0.0.0.0:35696, s2:0.0.0.0:35236], old=null RUNNING
  s2:  RUNNING CANDIDATE s2@group-CF66ACB98618:t2, leader=null, voted=s2, raftlog=s2@group-CF66ACB98618-SegmentedRaftLog:OPENED:c-1,f-1,i0, conf=-1: [s0:0.0.0.0:32897, s1:0.0.0.0:35696, s2:0.0.0.0:35236], old=null RUNNING, sleep 450ms and then retry.
java.lang.IllegalStateException: No leader yet : printing ALL groups
  s0:  RUNNING  FOLLOWER s0@group-CF66ACB98618:t1, leader=null, voted=s0, raftlog=s0@group-CF66ACB98618-SegmentedRaftLog:OPENED:c-1,f-1,i0, conf=-1: [s0:0.0.0.0:32897, s1:0.0.0.0:35696, s2:0.0.0.0:35236], old=null RUNNING
  s1:  RUNNING  FOLLOWER s1@group-CF66ACB98618:t1, leader=null, voted=s1, raftlog=s1@group-CF66ACB98618-SegmentedRaftLog:OPENED:c-1,f-1,i0, conf=-1: [s0:0.0.0.0:32897, s1:0.0.0.0:35696, s2:0.0.0.0:35236], old=null RUNNING
  s2:  RUNNING CANDIDATE s2@group-CF66ACB98618:t2, leader=null, voted=s2, raftlog=s2@group-CF66ACB98618-SegmentedRaftLog:OPENED:c-1,f-1,i0, conf=-1: [s0:0.0.0.0:32897, s1:0.0.0.0:35696, s2:0.0.0.0:35236], old=null RUNNING
	at org.apache.ratis.MiniRaftCluster.newIllegalStateExceptionForNoLeaders(MiniRaftCluster.java:506)
	at org.apache.ratis.RaftTestUtil.lambda$waitForLeader$1(RaftTestUtil.java:90)
	at org.apache.ratis.MiniRaftCluster.getLeader(MiniRaftCluster.java:539)
	at org.apache.ratis.MiniRaftCluster.getLeader(MiniRaftCluster.java:532)
	at org.apache.ratis.RaftTestUtil.lambda$waitForLeader$3(RaftTestUtil.java:98)
	at org.apache.ratis.util.JavaUtils.attempt(JavaUtils.java:152)
	at org.apache.ratis.RaftTestUtil.waitForLeader(RaftTestUtil.java:97)
	at org.apache.ratis.RaftTestUtil.waitForLeader(RaftTestUtil.java:77)
	at org.apache.ratis.RaftTestUtil.waitForLeader(RaftTestUtil.java:72)
	at org.apache.ratis.server.impl.RaftReconfigurationBaseTest.lambda$testAddPeers$0(RaftReconfigurationBaseTest.java:78)
	at org.apache.ratis.MiniRaftCluster$Factory$Get.runWithNewCluster(MiniRaftCluster.java:125)
	at org.apache.ratis.MiniRaftCluster$Factory$Get.runWithNewCluster(MiniRaftCluster.java:113)
	at org.apache.ratis.server.impl.RaftReconfigurationBaseTest.testAddPeers(RaftReconfigurationBaseTest.java:77)
	at sun.reflect.NativeMethodAccessorImpl.invoke0(Native Method)
	at sun.reflect.NativeMethodAccessorImpl.invoke(NativeMethodAccessorImpl.java:62)
	at sun.reflect.DelegatingMethodAccessorImpl.invoke(DelegatingMethodAccessorImpl.java:43)
	at java.lang.reflect.Method.invoke(Method.java:498)
	at org.junit.runners.model.FrameworkMethod$1.runReflectiveCall(FrameworkMethod.java:50)
	at org.junit.internal.runners.model.ReflectiveCallable.run(ReflectiveCallable.java:12)
	at org.junit.runners.model.FrameworkMethod.invokeExplosively(FrameworkMethod.java:47)
	at org.junit.internal.runners.statements.InvokeMethod.evaluate(InvokeMethod.java:17)
	at org.junit.internal.runners.statements.RunAfters.evaluate(RunAfters.java:27)
	at org.junit.internal.runners.statements.FailOnTimeout$CallableStatement.call(FailOnTimeout.java:298)
	at org.junit.internal.runners.statements.FailOnTimeout$CallableStatement.call(FailOnTimeout.java:292)
	at java.util.concurrent.FutureTask.run(FutureTask.java:266)
	at java.lang.Thread.run(Thread.java:748)
2019-09-24 17:03:28,709 INFO  impl.LeaderElection (LeaderElection.java:askForVotes(178)) - s2@group-CF66ACB98618-LeaderElection163: begin an election at term 2 for -1: [s0:0.0.0.0:32897, s1:0.0.0.0:35696, s2:0.0.0.0:35236], old=null
2019-09-24 17:03:28,710 DEBUG impl.RaftServerImpl (RaftServerImpl.java:requestVote(743)) - s0@group-CF66ACB98618: receive requestVote(s2, group-CF66ACB98618, 2, (t:0, i:0))
2019-09-24 17:03:28,710 DEBUG impl.RaftServerImpl (RaftServerImpl.java:requestVote(743)) - s1@group-CF66ACB98618: receive requestVote(s2, group-CF66ACB98618, 2, (t:0, i:0))
2019-09-24 17:03:28,710 INFO  impl.RaftServerImpl (RaftServerImpl.java:setRole(170)) - s0@group-CF66ACB98618: changes role from  FOLLOWER to FOLLOWER at term 2 for recognizeCandidate:s2
2019-09-24 17:03:28,710 INFO  impl.RaftServerImpl (RaftServerImpl.java:setRole(170)) - s1@group-CF66ACB98618: changes role from  FOLLOWER to FOLLOWER at term 2 for recognizeCandidate:s2
2019-09-24 17:03:28,710 INFO  impl.RoleInfo (RoleInfo.java:shutdownFollowerState(121)) - s0: shutdown FollowerState
2019-09-24 17:03:28,711 INFO  impl.RoleInfo (RoleInfo.java:shutdownFollowerState(121)) - s1: shutdown FollowerState
2019-09-24 17:03:28,711 INFO  impl.FollowerState (FollowerState.java:run(117)) - s0@group-CF66ACB98618-FollowerState was interrupted: java.lang.InterruptedException: sleep interrupted
2019-09-24 17:03:28,711 INFO  impl.RoleInfo (RoleInfo.java:updateAndGet(143)) - s0: start FollowerState
2019-09-24 17:03:28,711 INFO  impl.FollowerState (FollowerState.java:run(117)) - s1@group-CF66ACB98618-FollowerState was interrupted: java.lang.InterruptedException: sleep interrupted
2019-09-24 17:03:28,711 INFO  impl.RoleInfo (RoleInfo.java:updateAndGet(143)) - s1: start FollowerState
2019-09-24 17:03:28,926 INFO  impl.LeaderElection (LeaderElection.java:logAndReturn(56)) - s2@group-CF66ACB98618-LeaderElection163: Election TIMEOUT; received 0 response(s) [] and 0 exception(s); s2@group-CF66ACB98618:t2, leader=null, voted=s2, raftlog=s2@group-CF66ACB98618-SegmentedRaftLog:OPENED:c-1,f-1,i0, conf=-1: [s0:0.0.0.0:32897, s1:0.0.0.0:35696, s2:0.0.0.0:35236], old=null
2019-09-24 17:03:29,144 WARN  ratis.RaftTestUtil (JavaUtils.java:attempt(158)) - FAILED "waitForLeader-null-(expectLeader? true)", attempt #4/100: java.lang.IllegalStateException: No leader yet : printing ALL groups
  s0:  RUNNING  FOLLOWER s0@group-CF66ACB98618:t2, leader=null, voted=s2, raftlog=s0@group-CF66ACB98618-SegmentedRaftLog:OPENED:c-1,f-1,i0, conf=-1: [s0:0.0.0.0:32897, s1:0.0.0.0:35696, s2:0.0.0.0:35236], old=null RUNNING
  s1:  RUNNING  FOLLOWER s1@group-CF66ACB98618:t2, leader=null, voted=s2, raftlog=s1@group-CF66ACB98618-SegmentedRaftLog:OPENED:c-1,f-1,i0, conf=-1: [s0:0.0.0.0:32897, s1:0.0.0.0:35696, s2:0.0.0.0:35236], old=null RUNNING
  s2:  RUNNING CANDIDATE s2@group-CF66ACB98618:t3, leader=null, voted=s2, raftlog=s2@group-CF66ACB98618-SegmentedRaftLog:OPENED:c-1,f-1,i0, conf=-1: [s0:0.0.0.0:32897, s1:0.0.0.0:35696, s2:0.0.0.0:35236], old=null RUNNING, sleep 450ms and then retry.
java.lang.IllegalStateException: No leader yet : printing ALL groups
  s0:  RUNNING  FOLLOWER s0@group-CF66ACB98618:t2, leader=null, voted=s2, raftlog=s0@group-CF66ACB98618-SegmentedRaftLog:OPENED:c-1,f-1,i0, conf=-1: [s0:0.0.0.0:32897, s1:0.0.0.0:35696, s2:0.0.0.0:35236], old=null RUNNING
  s1:  RUNNING  FOLLOWER s1@group-CF66ACB98618:t2, leader=null, voted=s2, raftlog=s1@group-CF66ACB98618-SegmentedRaftLog:OPENED:c-1,f-1,i0, conf=-1: [s0:0.0.0.0:32897, s1:0.0.0.0:35696, s2:0.0.0.0:35236], old=null RUNNING
  s2:  RUNNING CANDIDATE s2@group-CF66ACB98618:t3, leader=null, voted=s2, raftlog=s2@group-CF66ACB98618-SegmentedRaftLog:OPENED:c-1,f-1,i0, conf=-1: [s0:0.0.0.0:32897, s1:0.0.0.0:35696, s2:0.0.0.0:35236], old=null RUNNING
	at org.apache.ratis.MiniRaftCluster.newIllegalStateExceptionForNoLeaders(MiniRaftCluster.java:506)
	at org.apache.ratis.RaftTestUtil.lambda$waitForLeader$1(RaftTestUtil.java:90)
	at org.apache.ratis.MiniRaftCluster.getLeader(MiniRaftCluster.java:539)
	at org.apache.ratis.MiniRaftCluster.getLeader(MiniRaftCluster.java:532)
	at org.apache.ratis.RaftTestUtil.lambda$waitForLeader$3(RaftTestUtil.java:98)
	at org.apache.ratis.util.JavaUtils.attempt(JavaUtils.java:152)
	at org.apache.ratis.RaftTestUtil.waitForLeader(RaftTestUtil.java:97)
	at org.apache.ratis.RaftTestUtil.waitForLeader(RaftTestUtil.java:77)
	at org.apache.ratis.RaftTestUtil.waitForLeader(RaftTestUtil.java:72)
	at org.apache.ratis.server.impl.RaftReconfigurationBaseTest.lambda$testAddPeers$0(RaftReconfigurationBaseTest.java:78)
	at org.apache.ratis.MiniRaftCluster$Factory$Get.runWithNewCluster(MiniRaftCluster.java:125)
	at org.apache.ratis.MiniRaftCluster$Factory$Get.runWithNewCluster(MiniRaftCluster.java:113)
	at org.apache.ratis.server.impl.RaftReconfigurationBaseTest.testAddPeers(RaftReconfigurationBaseTest.java:77)
	at sun.reflect.NativeMethodAccessorImpl.invoke0(Native Method)
	at sun.reflect.NativeMethodAccessorImpl.invoke(NativeMethodAccessorImpl.java:62)
	at sun.reflect.DelegatingMethodAccessorImpl.invoke(DelegatingMethodAccessorImpl.java:43)
	at java.lang.reflect.Method.invoke(Method.java:498)
	at org.junit.runners.model.FrameworkMethod$1.runReflectiveCall(FrameworkMethod.java:50)
	at org.junit.internal.runners.model.ReflectiveCallable.run(ReflectiveCallable.java:12)
	at org.junit.runners.model.FrameworkMethod.invokeExplosively(FrameworkMethod.java:47)
	at org.junit.internal.runners.statements.InvokeMethod.evaluate(InvokeMethod.java:17)
	at org.junit.internal.runners.statements.RunAfters.evaluate(RunAfters.java:27)
	at org.junit.internal.runners.statements.FailOnTimeout$CallableStatement.call(FailOnTimeout.java:298)
	at org.junit.internal.runners.statements.FailOnTimeout$CallableStatement.call(FailOnTimeout.java:292)
	at java.util.concurrent.FutureTask.run(FutureTask.java:266)
	at java.lang.Thread.run(Thread.java:748)
2019-09-24 17:03:29,596 WARN  ratis.RaftTestUtil (JavaUtils.java:attempt(158)) - FAILED "waitForLeader-null-(expectLeader? true)", attempt #5/100: java.lang.IllegalStateException: No leader yet : printing ALL groups
  s0:  RUNNING  FOLLOWER s0@group-CF66ACB98618:t2, leader=null, voted=s2, raftlog=s0@group-CF66ACB98618-SegmentedRaftLog:OPENED:c-1,f-1,i0, conf=-1: [s0:0.0.0.0:32897, s1:0.0.0.0:35696, s2:0.0.0.0:35236], old=null RUNNING
  s1:  RUNNING  FOLLOWER s1@group-CF66ACB98618:t2, leader=null, voted=s2, raftlog=s1@group-CF66ACB98618-SegmentedRaftLog:OPENED:c-1,f-1,i0, conf=-1: [s0:0.0.0.0:32897, s1:0.0.0.0:35696, s2:0.0.0.0:35236], old=null RUNNING
  s2:  RUNNING CANDIDATE s2@group-CF66ACB98618:t3, leader=null, voted=s2, raftlog=s2@group-CF66ACB98618-SegmentedRaftLog:OPENED:c-1,f-1,i0, conf=-1: [s0:0.0.0.0:32897, s1:0.0.0.0:35696, s2:0.0.0.0:35236], old=null RUNNING, sleep 450ms and then retry.
java.lang.IllegalStateException: No leader yet : printing ALL groups
  s0:  RUNNING  FOLLOWER s0@group-CF66ACB98618:t2, leader=null, voted=s2, raftlog=s0@group-CF66ACB98618-SegmentedRaftLog:OPENED:c-1,f-1,i0, conf=-1: [s0:0.0.0.0:32897, s1:0.0.0.0:35696, s2:0.0.0.0:35236], old=null RUNNING
  s1:  RUNNING  FOLLOWER s1@group-CF66ACB98618:t2, leader=null, voted=s2, raftlog=s1@group-CF66ACB98618-SegmentedRaftLog:OPENED:c-1,f-1,i0, conf=-1: [s0:0.0.0.0:32897, s1:0.0.0.0:35696, s2:0.0.0.0:35236], old=null RUNNING
  s2:  RUNNING CANDIDATE s2@group-CF66ACB98618:t3, leader=null, voted=s2, raftlog=s2@group-CF66ACB98618-SegmentedRaftLog:OPENED:c-1,f-1,i0, conf=-1: [s0:0.0.0.0:32897, s1:0.0.0.0:35696, s2:0.0.0.0:35236], old=null RUNNING
	at org.apache.ratis.MiniRaftCluster.newIllegalStateExceptionForNoLeaders(MiniRaftCluster.java:506)
	at org.apache.ratis.RaftTestUtil.lambda$waitForLeader$1(RaftTestUtil.java:90)
	at org.apache.ratis.MiniRaftCluster.getLeader(MiniRaftCluster.java:539)
	at org.apache.ratis.MiniRaftCluster.getLeader(MiniRaftCluster.java:532)
	at org.apache.ratis.RaftTestUtil.lambda$waitForLeader$3(RaftTestUtil.java:98)
	at org.apache.ratis.util.JavaUtils.attempt(JavaUtils.java:152)
	at org.apache.ratis.RaftTestUtil.waitForLeader(RaftTestUtil.java:97)
	at org.apache.ratis.RaftTestUtil.waitForLeader(RaftTestUtil.java:77)
	at org.apache.ratis.RaftTestUtil.waitForLeader(RaftTestUtil.java:72)
	at org.apache.ratis.server.impl.RaftReconfigurationBaseTest.lambda$testAddPeers$0(RaftReconfigurationBaseTest.java:78)
	at org.apache.ratis.MiniRaftCluster$Factory$Get.runWithNewCluster(MiniRaftCluster.java:125)
	at org.apache.ratis.MiniRaftCluster$Factory$Get.runWithNewCluster(MiniRaftCluster.java:113)
	at org.apache.ratis.server.impl.RaftReconfigurationBaseTest.testAddPeers(RaftReconfigurationBaseTest.java:77)
	at sun.reflect.NativeMethodAccessorImpl.invoke0(Native Method)
	at sun.reflect.NativeMethodAccessorImpl.invoke(NativeMethodAccessorImpl.java:62)
	at sun.reflect.DelegatingMethodAccessorImpl.invoke(DelegatingMethodAccessorImpl.java:43)
	at java.lang.reflect.Method.invoke(Method.java:498)
	at org.junit.runners.model.FrameworkMethod$1.runReflectiveCall(FrameworkMethod.java:50)
	at org.junit.internal.runners.model.ReflectiveCallable.run(ReflectiveCallable.java:12)
	at org.junit.runners.model.FrameworkMethod.invokeExplosively(FrameworkMethod.java:47)
	at org.junit.internal.runners.statements.InvokeMethod.evaluate(InvokeMethod.java:17)
	at org.junit.internal.runners.statements.RunAfters.evaluate(RunAfters.java:27)
	at org.junit.internal.runners.statements.FailOnTimeout$CallableStatement.call(FailOnTimeout.java:298)
	at org.junit.internal.runners.statements.FailOnTimeout$CallableStatement.call(FailOnTimeout.java:292)
	at java.util.concurrent.FutureTask.run(FutureTask.java:266)
	at java.lang.Thread.run(Thread.java:748)
2019-09-24 17:03:29,901 DEBUG impl.RaftServerImpl (RaftServerImpl.java:requestVote(775)) - s0@group-CF66ACB98618 replies to vote request: s2<-s0#0:OK-t2. Peer's state: s0@group-CF66ACB98618:t2, leader=null, voted=s2, raftlog=s0@group-CF66ACB98618-SegmentedRaftLog:OPENED:c-1,f-1,i0, conf=-1: [s0:0.0.0.0:32897, s1:0.0.0.0:35696, s2:0.0.0.0:35236], old=null
2019-09-24 17:03:29,901 DEBUG impl.RaftServerImpl (RaftServerImpl.java:requestVote(775)) - s1@group-CF66ACB98618 replies to vote request: s2<-s1#0:OK-t2. Peer's state: s1@group-CF66ACB98618:t2, leader=null, voted=s2, raftlog=s1@group-CF66ACB98618-SegmentedRaftLog:OPENED:c-1,f-1,i0, conf=-1: [s0:0.0.0.0:32897, s1:0.0.0.0:35696, s2:0.0.0.0:35236], old=null
2019-09-24 17:03:29,902 INFO  impl.FollowerState (FollowerState.java:run(108)) - s0@group-CF66ACB98618-FollowerState: change to CANDIDATE, lastRpcTime:1191ms, electionTimeout:155ms
2019-09-24 17:03:29,902 INFO  impl.LeaderElection (LeaderElection.java:askForVotes(178)) - s2@group-CF66ACB98618-LeaderElection163: begin an election at term 3 for -1: [s0:0.0.0.0:32897, s1:0.0.0.0:35696, s2:0.0.0.0:35236], old=null
2019-09-24 17:03:29,902 INFO  impl.FollowerState (FollowerState.java:run(108)) - s1@group-CF66ACB98618-FollowerState: change to CANDIDATE, lastRpcTime:1191ms, electionTimeout:226ms
2019-09-24 17:03:29,902 INFO  impl.RoleInfo (RoleInfo.java:shutdownFollowerState(121)) - s0: shutdown FollowerState
2019-09-24 17:03:29,903 INFO  impl.RoleInfo (RoleInfo.java:shutdownFollowerState(121)) - s1: shutdown FollowerState
2019-09-24 17:03:29,903 DEBUG impl.RaftServerImpl (RaftServerImpl.java:requestVote(743)) - s0@group-CF66ACB98618: receive requestVote(s2, group-CF66ACB98618, 3, (t:0, i:0))
2019-09-24 17:03:29,903 INFO  impl.RaftServerImpl (RaftServerImpl.java:setRole(170)) - s0@group-CF66ACB98618: changes role from  FOLLOWER to CANDIDATE at term 2 for changeToCandidate
2019-09-24 17:03:29,903 DEBUG impl.RaftServerImpl (RaftServerImpl.java:requestVote(743)) - s1@group-CF66ACB98618: receive requestVote(s2, group-CF66ACB98618, 3, (t:0, i:0))
2019-09-24 17:03:29,903 INFO  impl.RaftServerImpl (RaftServerImpl.java:setRole(170)) - s1@group-CF66ACB98618: changes role from  FOLLOWER to CANDIDATE at term 2 for changeToCandidate
2019-09-24 17:03:29,903 INFO  impl.RoleInfo (RoleInfo.java:updateAndGet(143)) - s0: start LeaderElection
2019-09-24 17:03:29,904 INFO  impl.RoleInfo (RoleInfo.java:updateAndGet(143)) - s1: start LeaderElection
2019-09-24 17:03:29,904 INFO  impl.RaftServerImpl (RaftServerImpl.java:setRole(170)) - s0@group-CF66ACB98618: changes role from CANDIDATE to FOLLOWER at term 3 for recognizeCandidate:s2
2019-09-24 17:03:29,904 INFO  impl.RoleInfo (RoleInfo.java:shutdownLeaderElection(134)) - s0: shutdown LeaderElection
2019-09-24 17:03:29,904 INFO  impl.RaftServerImpl (RaftServerImpl.java:setRole(170)) - s1@group-CF66ACB98618: changes role from CANDIDATE to FOLLOWER at term 3 for recognizeCandidate:s2
2019-09-24 17:03:29,905 INFO  impl.RoleInfo (RoleInfo.java:updateAndGet(143)) - s0: start FollowerState
2019-09-24 17:03:29,905 INFO  impl.RoleInfo (RoleInfo.java:shutdownLeaderElection(134)) - s1: shutdown LeaderElection
2019-09-24 17:03:29,905 INFO  impl.RoleInfo (RoleInfo.java:updateAndGet(143)) - s1: start FollowerState
2019-09-24 17:03:30,047 WARN  ratis.RaftTestUtil (JavaUtils.java:attempt(158)) - FAILED "waitForLeader-null-(expectLeader? true)", attempt #6/100: java.lang.IllegalStateException: No leader yet : printing ALL groups
  s0:  RUNNING  FOLLOWER s0@group-CF66ACB98618:t3, leader=null, voted=null, raftlog=s0@group-CF66ACB98618-SegmentedRaftLog:OPENED:c-1,f-1,i0, conf=-1: [s0:0.0.0.0:32897, s1:0.0.0.0:35696, s2:0.0.0.0:35236], old=null RUNNING
  s1:  RUNNING  FOLLOWER s1@group-CF66ACB98618:t3, leader=null, voted=null, raftlog=s1@group-CF66ACB98618-SegmentedRaftLog:OPENED:c-1,f-1,i0, conf=-1: [s0:0.0.0.0:32897, s1:0.0.0.0:35696, s2:0.0.0.0:35236], old=null RUNNING
  s2:  RUNNING CANDIDATE s2@group-CF66ACB98618:t3, leader=null, voted=s2, raftlog=s2@group-CF66ACB98618-SegmentedRaftLog:OPENED:c-1,f-1,i0, conf=-1: [s0:0.0.0.0:32897, s1:0.0.0.0:35696, s2:0.0.0.0:35236], old=null RUNNING, sleep 450ms and then retry.
java.lang.IllegalStateException: No leader yet : printing ALL groups
  s0:  RUNNING  FOLLOWER s0@group-CF66ACB98618:t3, leader=null, voted=null, raftlog=s0@group-CF66ACB98618-SegmentedRaftLog:OPENED:c-1,f-1,i0, conf=-1: [s0:0.0.0.0:32897, s1:0.0.0.0:35696, s2:0.0.0.0:35236], old=null RUNNING
  s1:  RUNNING  FOLLOWER s1@group-CF66ACB98618:t3, leader=null, voted=null, raftlog=s1@group-CF66ACB98618-SegmentedRaftLog:OPENED:c-1,f-1,i0, conf=-1: [s0:0.0.0.0:32897, s1:0.0.0.0:35696, s2:0.0.0.0:35236], old=null RUNNING
  s2:  RUNNING CANDIDATE s2@group-CF66ACB98618:t3, leader=null, voted=s2, raftlog=s2@group-CF66ACB98618-SegmentedRaftLog:OPENED:c-1,f-1,i0, conf=-1: [s0:0.0.0.0:32897, s1:0.0.0.0:35696, s2:0.0.0.0:35236], old=null RUNNING
	at org.apache.ratis.MiniRaftCluster.newIllegalStateExceptionForNoLeaders(MiniRaftCluster.java:506)
	at org.apache.ratis.RaftTestUtil.lambda$waitForLeader$1(RaftTestUtil.java:90)
	at org.apache.ratis.MiniRaftCluster.getLeader(MiniRaftCluster.java:539)
	at org.apache.ratis.MiniRaftCluster.getLeader(MiniRaftCluster.java:532)
	at org.apache.ratis.RaftTestUtil.lambda$waitForLeader$3(RaftTestUtil.java:98)
	at org.apache.ratis.util.JavaUtils.attempt(JavaUtils.java:152)
	at org.apache.ratis.RaftTestUtil.waitForLeader(RaftTestUtil.java:97)
	at org.apache.ratis.RaftTestUtil.waitForLeader(RaftTestUtil.java:77)
	at org.apache.ratis.RaftTestUtil.waitForLeader(RaftTestUtil.java:72)
	at org.apache.ratis.server.impl.RaftReconfigurationBaseTest.lambda$testAddPeers$0(RaftReconfigurationBaseTest.java:78)
	at org.apache.ratis.MiniRaftCluster$Factory$Get.runWithNewCluster(MiniRaftCluster.java:125)
	at org.apache.ratis.MiniRaftCluster$Factory$Get.runWithNewCluster(MiniRaftCluster.java:113)
	at org.apache.ratis.server.impl.RaftReconfigurationBaseTest.testAddPeers(RaftReconfigurationBaseTest.java:77)
	at sun.reflect.NativeMethodAccessorImpl.invoke0(Native Method)
	at sun.reflect.NativeMethodAccessorImpl.invoke(NativeMethodAccessorImpl.java:62)
	at sun.reflect.DelegatingMethodAccessorImpl.invoke(DelegatingMethodAccessorImpl.java:43)
	at java.lang.reflect.Method.invoke(Method.java:498)
	at org.junit.runners.model.FrameworkMethod$1.runReflectiveCall(FrameworkMethod.java:50)
	at org.junit.internal.runners.model.ReflectiveCallable.run(ReflectiveCallable.java:12)
	at org.junit.runners.model.FrameworkMethod.invokeExplosively(FrameworkMethod.java:47)
	at org.junit.internal.runners.statements.InvokeMethod.evaluate(InvokeMethod.java:17)
	at org.junit.internal.runners.statements.RunAfters.evaluate(RunAfters.java:27)
	at org.junit.internal.runners.statements.FailOnTimeout$CallableStatement.call(FailOnTimeout.java:298)
	at org.junit.internal.runners.statements.FailOnTimeout$CallableStatement.call(FailOnTimeout.java:292)
	at java.util.concurrent.FutureTask.run(FutureTask.java:266)
	at java.lang.Thread.run(Thread.java:748)
2019-09-24 17:03:30,148 INFO  impl.LeaderElection (LeaderElection.java:logAndReturn(56)) - s2@group-CF66ACB98618-LeaderElection163: Election TIMEOUT; received 0 response(s) [] and 0 exception(s); s2@group-CF66ACB98618:t3, leader=null, voted=s2, raftlog=s2@group-CF66ACB98618-SegmentedRaftLog:OPENED:c-1,f-1,i0, conf=-1: [s0:0.0.0.0:32897, s1:0.0.0.0:35696, s2:0.0.0.0:35236], old=null
2019-09-24 17:03:30,498 WARN  ratis.RaftTestUtil (JavaUtils.java:attempt(158)) - FAILED "waitForLeader-null-(expectLeader? true)", attempt #7/100: java.lang.IllegalStateException: No leader yet : printing ALL groups
  s0:  RUNNING  FOLLOWER s0@group-CF66ACB98618:t3, leader=null, voted=null, raftlog=s0@group-CF66ACB98618-SegmentedRaftLog:OPENED:c-1,f-1,i0, conf=-1: [s0:0.0.0.0:32897, s1:0.0.0.0:35696, s2:0.0.0.0:35236], old=null RUNNING
  s1:  RUNNING  FOLLOWER s1@group-CF66ACB98618:t3, leader=null, voted=null, raftlog=s1@group-CF66ACB98618-SegmentedRaftLog:OPENED:c-1,f-1,i0, conf=-1: [s0:0.0.0.0:32897, s1:0.0.0.0:35696, s2:0.0.0.0:35236], old=null RUNNING
  s2:  RUNNING CANDIDATE s2@group-CF66ACB98618:t4, leader=null, voted=s2, raftlog=s2@group-CF66ACB98618-SegmentedRaftLog:OPENED:c-1,f-1,i0, conf=-1: [s0:0.0.0.0:32897, s1:0.0.0.0:35696, s2:0.0.0.0:35236], old=null RUNNING, sleep 450ms and then retry.
java.lang.IllegalStateException: No leader yet : printing ALL groups
  s0:  RUNNING  FOLLOWER s0@group-CF66ACB98618:t3, leader=null, voted=null, raftlog=s0@group-CF66ACB98618-SegmentedRaftLog:OPENED:c-1,f-1,i0, conf=-1: [s0:0.0.0.0:32897, s1:0.0.0.0:35696, s2:0.0.0.0:35236], old=null RUNNING
  s1:  RUNNING  FOLLOWER s1@group-CF66ACB98618:t3, leader=null, voted=null, raftlog=s1@group-CF66ACB98618-SegmentedRaftLog:OPENED:c-1,f-1,i0, conf=-1: [s0:0.0.0.0:32897, s1:0.0.0.0:35696, s2:0.0.0.0:35236], old=null RUNNING
  s2:  RUNNING CANDIDATE s2@group-CF66ACB98618:t4, leader=null, voted=s2, raftlog=s2@group-CF66ACB98618-SegmentedRaftLog:OPENED:c-1,f-1,i0, conf=-1: [s0:0.0.0.0:32897, s1:0.0.0.0:35696, s2:0.0.0.0:35236], old=null RUNNING
	at org.apache.ratis.MiniRaftCluster.newIllegalStateExceptionForNoLeaders(MiniRaftCluster.java:506)
	at org.apache.ratis.RaftTestUtil.lambda$waitForLeader$1(RaftTestUtil.java:90)
	at org.apache.ratis.MiniRaftCluster.getLeader(MiniRaftCluster.java:539)
	at org.apache.ratis.MiniRaftCluster.getLeader(MiniRaftCluster.java:532)
	at org.apache.ratis.RaftTestUtil.lambda$waitForLeader$3(RaftTestUtil.java:98)
	at org.apache.ratis.util.JavaUtils.attempt(JavaUtils.java:152)
	at org.apache.ratis.RaftTestUtil.waitForLeader(RaftTestUtil.java:97)
	at org.apache.ratis.RaftTestUtil.waitForLeader(RaftTestUtil.java:77)
	at org.apache.ratis.RaftTestUtil.waitForLeader(RaftTestUtil.java:72)
	at org.apache.ratis.server.impl.RaftReconfigurationBaseTest.lambda$testAddPeers$0(RaftReconfigurationBaseTest.java:78)
	at org.apache.ratis.MiniRaftCluster$Factory$Get.runWithNewCluster(MiniRaftCluster.java:125)
	at org.apache.ratis.MiniRaftCluster$Factory$Get.runWithNewCluster(MiniRaftCluster.java:113)
	at org.apache.ratis.server.impl.RaftReconfigurationBaseTest.testAddPeers(RaftReconfigurationBaseTest.java:77)
	at sun.reflect.NativeMethodAccessorImpl.invoke0(Native Method)
	at sun.reflect.NativeMethodAccessorImpl.invoke(NativeMethodAccessorImpl.java:62)
	at sun.reflect.DelegatingMethodAccessorImpl.invoke(DelegatingMethodAccessorImpl.java:43)
	at java.lang.reflect.Method.invoke(Method.java:498)
	at org.junit.runners.model.FrameworkMethod$1.runReflectiveCall(FrameworkMethod.java:50)
	at org.junit.internal.runners.model.ReflectiveCallable.run(ReflectiveCallable.java:12)
	at org.junit.runners.model.FrameworkMethod.invokeExplosively(FrameworkMethod.java:47)
	at org.junit.internal.runners.statements.InvokeMethod.evaluate(InvokeMethod.java:17)
	at org.junit.internal.runners.statements.RunAfters.evaluate(RunAfters.java:27)
	at org.junit.internal.runners.statements.FailOnTimeout$CallableStatement.call(FailOnTimeout.java:298)
	at org.junit.internal.runners.statements.FailOnTimeout$CallableStatement.call(FailOnTimeout.java:292)
	at java.util.concurrent.FutureTask.run(FutureTask.java:266)
	at java.lang.Thread.run(Thread.java:748)
2019-09-24 17:03:30,949 WARN  ratis.RaftTestUtil (JavaUtils.java:attempt(158)) - FAILED "waitForLeader-null-(expectLeader? true)", attempt #8/100: java.lang.IllegalStateException: No leader yet : printing ALL groups
  s0:  RUNNING  FOLLOWER s0@group-CF66ACB98618:t3, leader=null, voted=null, raftlog=s0@group-CF66ACB98618-SegmentedRaftLog:OPENED:c-1,f-1,i0, conf=-1: [s0:0.0.0.0:32897, s1:0.0.0.0:35696, s2:0.0.0.0:35236], old=null RUNNING
  s1:  RUNNING  FOLLOWER s1@group-CF66ACB98618:t3, leader=null, voted=null, raftlog=s1@group-CF66ACB98618-SegmentedRaftLog:OPENED:c-1,f-1,i0, conf=-1: [s0:0.0.0.0:32897, s1:0.0.0.0:35696, s2:0.0.0.0:35236], old=null RUNNING
  s2:  RUNNING CANDIDATE s2@group-CF66ACB98618:t4, leader=null, voted=s2, raftlog=s2@group-CF66ACB98618-SegmentedRaftLog:OPENED:c-1,f-1,i0, conf=-1: [s0:0.0.0.0:32897, s1:0.0.0.0:35696, s2:0.0.0.0:35236], old=null RUNNING, sleep 450ms and then retry.
java.lang.IllegalStateException: No leader yet : printing ALL groups
  s0:  RUNNING  FOLLOWER s0@group-CF66ACB98618:t3, leader=null, voted=null, raftlog=s0@group-CF66ACB98618-SegmentedRaftLog:OPENED:c-1,f-1,i0, conf=-1: [s0:0.0.0.0:32897, s1:0.0.0.0:35696, s2:0.0.0.0:35236], old=null RUNNING
  s1:  RUNNING  FOLLOWER s1@group-CF66ACB98618:t3, leader=null, voted=null, raftlog=s1@group-CF66ACB98618-SegmentedRaftLog:OPENED:c-1,f-1,i0, conf=-1: [s0:0.0.0.0:32897, s1:0.0.0.0:35696, s2:0.0.0.0:35236], old=null RUNNING
  s2:  RUNNING CANDIDATE s2@group-CF66ACB98618:t4, leader=null, voted=s2, raftlog=s2@group-CF66ACB98618-SegmentedRaftLog:OPENED:c-1,f-1,i0, conf=-1: [s0:0.0.0.0:32897, s1:0.0.0.0:35696, s2:0.0.0.0:35236], old=null RUNNING
	at org.apache.ratis.MiniRaftCluster.newIllegalStateExceptionForNoLeaders(MiniRaftCluster.java:506)
	at org.apache.ratis.RaftTestUtil.lambda$waitForLeader$1(RaftTestUtil.java:90)
	at org.apache.ratis.MiniRaftCluster.getLeader(MiniRaftCluster.java:539)
	at org.apache.ratis.MiniRaftCluster.getLeader(MiniRaftCluster.java:532)
	at org.apache.ratis.RaftTestUtil.lambda$waitForLeader$3(RaftTestUtil.java:98)
	at org.apache.ratis.util.JavaUtils.attempt(JavaUtils.java:152)
	at org.apache.ratis.RaftTestUtil.waitForLeader(RaftTestUtil.java:97)
	at org.apache.ratis.RaftTestUtil.waitForLeader(RaftTestUtil.java:77)
	at org.apache.ratis.RaftTestUtil.waitForLeader(RaftTestUtil.java:72)
	at org.apache.ratis.server.impl.RaftReconfigurationBaseTest.lambda$testAddPeers$0(RaftReconfigurationBaseTest.java:78)
	at org.apache.ratis.MiniRaftCluster$Factory$Get.runWithNewCluster(MiniRaftCluster.java:125)
	at org.apache.ratis.MiniRaftCluster$Factory$Get.runWithNewCluster(MiniRaftCluster.java:113)
	at org.apache.ratis.server.impl.RaftReconfigurationBaseTest.testAddPeers(RaftReconfigurationBaseTest.java:77)
	at sun.reflect.NativeMethodAccessorImpl.invoke0(Native Method)
	at sun.reflect.NativeMethodAccessorImpl.invoke(NativeMethodAccessorImpl.java:62)
	at sun.reflect.DelegatingMethodAccessorImpl.invoke(DelegatingMethodAccessorImpl.java:43)
	at java.lang.reflect.Method.invoke(Method.java:498)
	at org.junit.runners.model.FrameworkMethod$1.runReflectiveCall(FrameworkMethod.java:50)
	at org.junit.internal.runners.model.ReflectiveCallable.run(ReflectiveCallable.java:12)
	at org.junit.runners.model.FrameworkMethod.invokeExplosively(FrameworkMethod.java:47)
	at org.junit.internal.runners.statements.InvokeMethod.evaluate(InvokeMethod.java:17)
	at org.junit.internal.runners.statements.RunAfters.evaluate(RunAfters.java:27)
	at org.junit.internal.runners.statements.FailOnTimeout$CallableStatement.call(FailOnTimeout.java:298)
	at org.junit.internal.runners.statements.FailOnTimeout$CallableStatement.call(FailOnTimeout.java:292)
	at java.util.concurrent.FutureTask.run(FutureTask.java:266)
	at java.lang.Thread.run(Thread.java:748)
2019-09-24 17:03:31,401 WARN  ratis.RaftTestUtil (JavaUtils.java:attempt(158)) - FAILED "waitForLeader-null-(expectLeader? true)", attempt #9/100: java.lang.IllegalStateException: No leader yet : printing ALL groups
  s0:  RUNNING  FOLLOWER s0@group-CF66ACB98618:t3, leader=null, voted=null, raftlog=s0@group-CF66ACB98618-SegmentedRaftLog:OPENED:c-1,f-1,i0, conf=-1: [s0:0.0.0.0:32897, s1:0.0.0.0:35696, s2:0.0.0.0:35236], old=null RUNNING
  s1:  RUNNING  FOLLOWER s1@group-CF66ACB98618:t3, leader=null, voted=null, raftlog=s1@group-CF66ACB98618-SegmentedRaftLog:OPENED:c-1,f-1,i0, conf=-1: [s0:0.0.0.0:32897, s1:0.0.0.0:35696, s2:0.0.0.0:35236], old=null RUNNING
  s2:  RUNNING CANDIDATE s2@group-CF66ACB98618:t4, leader=null, voted=s2, raftlog=s2@group-CF66ACB98618-SegmentedRaftLog:OPENED:c-1,f-1,i0, conf=-1: [s0:0.0.0.0:32897, s1:0.0.0.0:35696, s2:0.0.0.0:35236], old=null RUNNING, sleep 450ms and then retry.
java.lang.IllegalStateException: No leader yet : printing ALL groups
  s0:  RUNNING  FOLLOWER s0@group-CF66ACB98618:t3, leader=null, voted=null, raftlog=s0@group-CF66ACB98618-SegmentedRaftLog:OPENED:c-1,f-1,i0, conf=-1: [s0:0.0.0.0:32897, s1:0.0.0.0:35696, s2:0.0.0.0:35236], old=null RUNNING
  s1:  RUNNING  FOLLOWER s1@group-CF66ACB98618:t3, leader=null, voted=null, raftlog=s1@group-CF66ACB98618-SegmentedRaftLog:OPENED:c-1,f-1,i0, conf=-1: [s0:0.0.0.0:32897, s1:0.0.0.0:35696, s2:0.0.0.0:35236], old=null RUNNING
  s2:  RUNNING CANDIDATE s2@group-CF66ACB98618:t4, leader=null, voted=s2, raftlog=s2@group-CF66ACB98618-SegmentedRaftLog:OPENED:c-1,f-1,i0, conf=-1: [s0:0.0.0.0:32897, s1:0.0.0.0:35696, s2:0.0.0.0:35236], old=null RUNNING
	at org.apache.ratis.MiniRaftCluster.newIllegalStateExceptionForNoLeaders(MiniRaftCluster.java:506)
	at org.apache.ratis.RaftTestUtil.lambda$waitForLeader$1(RaftTestUtil.java:90)
	at org.apache.ratis.MiniRaftCluster.getLeader(MiniRaftCluster.java:539)
	at org.apache.ratis.MiniRaftCluster.getLeader(MiniRaftCluster.java:532)
	at org.apache.ratis.RaftTestUtil.lambda$waitForLeader$3(RaftTestUtil.java:98)
	at org.apache.ratis.util.JavaUtils.attempt(JavaUtils.java:152)
	at org.apache.ratis.RaftTestUtil.waitForLeader(RaftTestUtil.java:97)
	at org.apache.ratis.RaftTestUtil.waitForLeader(RaftTestUtil.java:77)
	at org.apache.ratis.RaftTestUtil.waitForLeader(RaftTestUtil.java:72)
	at org.apache.ratis.server.impl.RaftReconfigurationBaseTest.lambda$testAddPeers$0(RaftReconfigurationBaseTest.java:78)
	at org.apache.ratis.MiniRaftCluster$Factory$Get.runWithNewCluster(MiniRaftCluster.java:125)
	at org.apache.ratis.MiniRaftCluster$Factory$Get.runWithNewCluster(MiniRaftCluster.java:113)
	at org.apache.ratis.server.impl.RaftReconfigurationBaseTest.testAddPeers(RaftReconfigurationBaseTest.java:77)
	at sun.reflect.NativeMethodAccessorImpl.invoke0(Native Method)
	at sun.reflect.NativeMethodAccessorImpl.invoke(NativeMethodAccessorImpl.java:62)
	at sun.reflect.DelegatingMethodAccessorImpl.invoke(DelegatingMethodAccessorImpl.java:43)
	at java.lang.reflect.Method.invoke(Method.java:498)
	at org.junit.runners.model.FrameworkMethod$1.runReflectiveCall(FrameworkMethod.java:50)
	at org.junit.internal.runners.model.ReflectiveCallable.run(ReflectiveCallable.java:12)
	at org.junit.runners.model.FrameworkMethod.invokeExplosively(FrameworkMethod.java:47)
	at org.junit.internal.runners.statements.InvokeMethod.evaluate(InvokeMethod.java:17)
	at org.junit.internal.runners.statements.RunAfters.evaluate(RunAfters.java:27)
	at org.junit.internal.runners.statements.FailOnTimeout$CallableStatement.call(FailOnTimeout.java:298)
	at org.junit.internal.runners.statements.FailOnTimeout$CallableStatement.call(FailOnTimeout.java:292)
	at java.util.concurrent.FutureTask.run(FutureTask.java:266)
	at java.lang.Thread.run(Thread.java:748)
2019-09-24 17:03:31,852 WARN  ratis.RaftTestUtil (JavaUtils.java:attempt(158)) - FAILED "waitForLeader-null-(expectLeader? true)", attempt #10/100: java.lang.IllegalStateException: No leader yet : printing ALL groups
  s0:  RUNNING  FOLLOWER s0@group-CF66ACB98618:t3, leader=null, voted=null, raftlog=s0@group-CF66ACB98618-SegmentedRaftLog:OPENED:c-1,f-1,i0, conf=-1: [s0:0.0.0.0:32897, s1:0.0.0.0:35696, s2:0.0.0.0:35236], old=null RUNNING
  s1:  RUNNING  FOLLOWER s1@group-CF66ACB98618:t3, leader=null, voted=null, raftlog=s1@group-CF66ACB98618-SegmentedRaftLog:OPENED:c-1,f-1,i0, conf=-1: [s0:0.0.0.0:32897, s1:0.0.0.0:35696, s2:0.0.0.0:35236], old=null RUNNING
  s2:  RUNNING CANDIDATE s2@group-CF66ACB98618:t4, leader=null, voted=s2, raftlog=s2@group-CF66ACB98618-SegmentedRaftLog:OPENED:c-1,f-1,i0, conf=-1: [s0:0.0.0.0:32897, s1:0.0.0.0:35696, s2:0.0.0.0:35236], old=null RUNNING, sleep 450ms and then retry.
java.lang.IllegalStateException: No leader yet : printing ALL groups
  s0:  RUNNING  FOLLOWER s0@group-CF66ACB98618:t3, leader=null, voted=null, raftlog=s0@group-CF66ACB98618-SegmentedRaftLog:OPENED:c-1,f-1,i0, conf=-1: [s0:0.0.0.0:32897, s1:0.0.0.0:35696, s2:0.0.0.0:35236], old=null RUNNING
  s1:  RUNNING  FOLLOWER s1@group-CF66ACB98618:t3, leader=null, voted=null, raftlog=s1@group-CF66ACB98618-SegmentedRaftLog:OPENED:c-1,f-1,i0, conf=-1: [s0:0.0.0.0:32897, s1:0.0.0.0:35696, s2:0.0.0.0:35236], old=null RUNNING
  s2:  RUNNING CANDIDATE s2@group-CF66ACB98618:t4, leader=null, voted=s2, raftlog=s2@group-CF66ACB98618-SegmentedRaftLog:OPENED:c-1,f-1,i0, conf=-1: [s0:0.0.0.0:32897, s1:0.0.0.0:35696, s2:0.0.0.0:35236], old=null RUNNING
	at org.apache.ratis.MiniRaftCluster.newIllegalStateExceptionForNoLeaders(MiniRaftCluster.java:506)
	at org.apache.ratis.RaftTestUtil.lambda$waitForLeader$1(RaftTestUtil.java:90)
	at org.apache.ratis.MiniRaftCluster.getLeader(MiniRaftCluster.java:539)
	at org.apache.ratis.MiniRaftCluster.getLeader(MiniRaftCluster.java:532)
	at org.apache.ratis.RaftTestUtil.lambda$waitForLeader$3(RaftTestUtil.java:98)
	at org.apache.ratis.util.JavaUtils.attempt(JavaUtils.java:152)
	at org.apache.ratis.RaftTestUtil.waitForLeader(RaftTestUtil.java:97)
	at org.apache.ratis.RaftTestUtil.waitForLeader(RaftTestUtil.java:77)
	at org.apache.ratis.RaftTestUtil.waitForLeader(RaftTestUtil.java:72)
	at org.apache.ratis.server.impl.RaftReconfigurationBaseTest.lambda$testAddPeers$0(RaftReconfigurationBaseTest.java:78)
	at org.apache.ratis.MiniRaftCluster$Factory$Get.runWithNewCluster(MiniRaftCluster.java:125)
	at org.apache.ratis.MiniRaftCluster$Factory$Get.runWithNewCluster(MiniRaftCluster.java:113)
	at org.apache.ratis.server.impl.RaftReconfigurationBaseTest.testAddPeers(RaftReconfigurationBaseTest.java:77)
	at sun.reflect.NativeMethodAccessorImpl.invoke0(Native Method)
	at sun.reflect.NativeMethodAccessorImpl.invoke(NativeMethodAccessorImpl.java:62)
	at sun.reflect.DelegatingMethodAccessorImpl.invoke(DelegatingMethodAccessorImpl.java:43)
	at java.lang.reflect.Method.invoke(Method.java:498)
	at org.junit.runners.model.FrameworkMethod$1.runReflectiveCall(FrameworkMethod.java:50)
	at org.junit.internal.runners.model.ReflectiveCallable.run(ReflectiveCallable.java:12)
	at org.junit.runners.model.FrameworkMethod.invokeExplosively(FrameworkMethod.java:47)
	at org.junit.internal.runners.statements.InvokeMethod.evaluate(InvokeMethod.java:17)
	at org.junit.internal.runners.statements.RunAfters.evaluate(RunAfters.java:27)
	at org.junit.internal.runners.statements.FailOnTimeout$CallableStatement.call(FailOnTimeout.java:298)
	at org.junit.internal.runners.statements.FailOnTimeout$CallableStatement.call(FailOnTimeout.java:292)
	at java.util.concurrent.FutureTask.run(FutureTask.java:266)
	at java.lang.Thread.run(Thread.java:748)
2019-09-24 17:03:32,303 WARN  ratis.RaftTestUtil (JavaUtils.java:attempt(158)) - FAILED "waitForLeader-null-(expectLeader? true)", attempt #11/100: java.lang.IllegalStateException: No leader yet : printing ALL groups
  s0:  RUNNING  FOLLOWER s0@group-CF66ACB98618:t3, leader=null, voted=null, raftlog=s0@group-CF66ACB98618-SegmentedRaftLog:OPENED:c-1,f-1,i0, conf=-1: [s0:0.0.0.0:32897, s1:0.0.0.0:35696, s2:0.0.0.0:35236], old=null RUNNING
  s1:  RUNNING  FOLLOWER s1@group-CF66ACB98618:t3, leader=null, voted=null, raftlog=s1@group-CF66ACB98618-SegmentedRaftLog:OPENED:c-1,f-1,i0, conf=-1: [s0:0.0.0.0:32897, s1:0.0.0.0:35696, s2:0.0.0.0:35236], old=null RUNNING
  s2:  RUNNING CANDIDATE s2@group-CF66ACB98618:t4, leader=null, voted=s2, raftlog=s2@group-CF66ACB98618-SegmentedRaftLog:OPENED:c-1,f-1,i0, conf=-1: [s0:0.0.0.0:32897, s1:0.0.0.0:35696, s2:0.0.0.0:35236], old=null RUNNING, sleep 450ms and then retry.
java.lang.IllegalStateException: No leader yet : printing ALL groups
  s0:  RUNNING  FOLLOWER s0@group-CF66ACB98618:t3, leader=null, voted=null, raftlog=s0@group-CF66ACB98618-SegmentedRaftLog:OPENED:c-1,f-1,i0, conf=-1: [s0:0.0.0.0:32897, s1:0.0.0.0:35696, s2:0.0.0.0:35236], old=null RUNNING
  s1:  RUNNING  FOLLOWER s1@group-CF66ACB98618:t3, leader=null, voted=null, raftlog=s1@group-CF66ACB98618-SegmentedRaftLog:OPENED:c-1,f-1,i0, conf=-1: [s0:0.0.0.0:32897, s1:0.0.0.0:35696, s2:0.0.0.0:35236], old=null RUNNING
  s2:  RUNNING CANDIDATE s2@group-CF66ACB98618:t4, leader=null, voted=s2, raftlog=s2@group-CF66ACB98618-SegmentedRaftLog:OPENED:c-1,f-1,i0, conf=-1: [s0:0.0.0.0:32897, s1:0.0.0.0:35696, s2:0.0.0.0:35236], old=null RUNNING
	at org.apache.ratis.MiniRaftCluster.newIllegalStateExceptionForNoLeaders(MiniRaftCluster.java:506)
	at org.apache.ratis.RaftTestUtil.lambda$waitForLeader$1(RaftTestUtil.java:90)
	at org.apache.ratis.MiniRaftCluster.getLeader(MiniRaftCluster.java:539)
	at org.apache.ratis.MiniRaftCluster.getLeader(MiniRaftCluster.java:532)
	at org.apache.ratis.RaftTestUtil.lambda$waitForLeader$3(RaftTestUtil.java:98)
	at org.apache.ratis.util.JavaUtils.attempt(JavaUtils.java:152)
	at org.apache.ratis.RaftTestUtil.waitForLeader(RaftTestUtil.java:97)
	at org.apache.ratis.RaftTestUtil.waitForLeader(RaftTestUtil.java:77)
	at org.apache.ratis.RaftTestUtil.waitForLeader(RaftTestUtil.java:72)
	at org.apache.ratis.server.impl.RaftReconfigurationBaseTest.lambda$testAddPeers$0(RaftReconfigurationBaseTest.java:78)
	at org.apache.ratis.MiniRaftCluster$Factory$Get.runWithNewCluster(MiniRaftCluster.java:125)
	at org.apache.ratis.MiniRaftCluster$Factory$Get.runWithNewCluster(MiniRaftCluster.java:113)
	at org.apache.ratis.server.impl.RaftReconfigurationBaseTest.testAddPeers(RaftReconfigurationBaseTest.java:77)
	at sun.reflect.NativeMethodAccessorImpl.invoke0(Native Method)
	at sun.reflect.NativeMethodAccessorImpl.invoke(NativeMethodAccessorImpl.java:62)
	at sun.reflect.DelegatingMethodAccessorImpl.invoke(DelegatingMethodAccessorImpl.java:43)
	at java.lang.reflect.Method.invoke(Method.java:498)
	at org.junit.runners.model.FrameworkMethod$1.runReflectiveCall(FrameworkMethod.java:50)
	at org.junit.internal.runners.model.ReflectiveCallable.run(ReflectiveCallable.java:12)
	at org.junit.runners.model.FrameworkMethod.invokeExplosively(FrameworkMethod.java:47)
	at org.junit.internal.runners.statements.InvokeMethod.evaluate(InvokeMethod.java:17)
	at org.junit.internal.runners.statements.RunAfters.evaluate(RunAfters.java:27)
	at org.junit.internal.runners.statements.FailOnTimeout$CallableStatement.call(FailOnTimeout.java:298)
	at org.junit.internal.runners.statements.FailOnTimeout$CallableStatement.call(FailOnTimeout.java:292)
	at java.util.concurrent.FutureTask.run(FutureTask.java:266)
	at java.lang.Thread.run(Thread.java:748)
2019-09-24 17:03:32,754 WARN  ratis.RaftTestUtil (JavaUtils.java:attempt(158)) - FAILED "waitForLeader-null-(expectLeader? true)", attempt #12/100: java.lang.IllegalStateException: No leader yet : printing ALL groups
  s0:  RUNNING  FOLLOWER s0@group-CF66ACB98618:t3, leader=null, voted=null, raftlog=s0@group-CF66ACB98618-SegmentedRaftLog:OPENED:c-1,f-1,i0, conf=-1: [s0:0.0.0.0:32897, s1:0.0.0.0:35696, s2:0.0.0.0:35236], old=null RUNNING
  s1:  RUNNING  FOLLOWER s1@group-CF66ACB98618:t3, leader=null, voted=null, raftlog=s1@group-CF66ACB98618-SegmentedRaftLog:OPENED:c-1,f-1,i0, conf=-1: [s0:0.0.0.0:32897, s1:0.0.0.0:35696, s2:0.0.0.0:35236], old=null RUNNING
  s2:  RUNNING CANDIDATE s2@group-CF66ACB98618:t4, leader=null, voted=s2, raftlog=s2@group-CF66ACB98618-SegmentedRaftLog:OPENED:c-1,f-1,i0, conf=-1: [s0:0.0.0.0:32897, s1:0.0.0.0:35696, s2:0.0.0.0:35236], old=null RUNNING, sleep 450ms and then retry.
java.lang.IllegalStateException: No leader yet : printing ALL groups
  s0:  RUNNING  FOLLOWER s0@group-CF66ACB98618:t3, leader=null, voted=null, raftlog=s0@group-CF66ACB98618-SegmentedRaftLog:OPENED:c-1,f-1,i0, conf=-1: [s0:0.0.0.0:32897, s1:0.0.0.0:35696, s2:0.0.0.0:35236], old=null RUNNING
  s1:  RUNNING  FOLLOWER s1@group-CF66ACB98618:t3, leader=null, voted=null, raftlog=s1@group-CF66ACB98618-SegmentedRaftLog:OPENED:c-1,f-1,i0, conf=-1: [s0:0.0.0.0:32897, s1:0.0.0.0:35696, s2:0.0.0.0:35236], old=null RUNNING
  s2:  RUNNING CANDIDATE s2@group-CF66ACB98618:t4, leader=null, voted=s2, raftlog=s2@group-CF66ACB98618-SegmentedRaftLog:OPENED:c-1,f-1,i0, conf=-1: [s0:0.0.0.0:32897, s1:0.0.0.0:35696, s2:0.0.0.0:35236], old=null RUNNING
	at org.apache.ratis.MiniRaftCluster.newIllegalStateExceptionForNoLeaders(MiniRaftCluster.java:506)
	at org.apache.ratis.RaftTestUtil.lambda$waitForLeader$1(RaftTestUtil.java:90)
	at org.apache.ratis.MiniRaftCluster.getLeader(MiniRaftCluster.java:539)
	at org.apache.ratis.MiniRaftCluster.getLeader(MiniRaftCluster.java:532)
	at org.apache.ratis.RaftTestUtil.lambda$waitForLeader$3(RaftTestUtil.java:98)
	at org.apache.ratis.util.JavaUtils.attempt(JavaUtils.java:152)
	at org.apache.ratis.RaftTestUtil.waitForLeader(RaftTestUtil.java:97)
	at org.apache.ratis.RaftTestUtil.waitForLeader(RaftTestUtil.java:77)
	at org.apache.ratis.RaftTestUtil.waitForLeader(RaftTestUtil.java:72)
	at org.apache.ratis.server.impl.RaftReconfigurationBaseTest.lambda$testAddPeers$0(RaftReconfigurationBaseTest.java:78)
	at org.apache.ratis.MiniRaftCluster$Factory$Get.runWithNewCluster(MiniRaftCluster.java:125)
	at org.apache.ratis.MiniRaftCluster$Factory$Get.runWithNewCluster(MiniRaftCluster.java:113)
	at org.apache.ratis.server.impl.RaftReconfigurationBaseTest.testAddPeers(RaftReconfigurationBaseTest.java:77)
	at sun.reflect.NativeMethodAccessorImpl.invoke0(Native Method)
	at sun.reflect.NativeMethodAccessorImpl.invoke(NativeMethodAccessorImpl.java:62)
	at sun.reflect.DelegatingMethodAccessorImpl.invoke(DelegatingMethodAccessorImpl.java:43)
	at java.lang.reflect.Method.invoke(Method.java:498)
	at org.junit.runners.model.FrameworkMethod$1.runReflectiveCall(FrameworkMethod.java:50)
	at org.junit.internal.runners.model.ReflectiveCallable.run(ReflectiveCallable.java:12)
	at org.junit.runners.model.FrameworkMethod.invokeExplosively(FrameworkMethod.java:47)
	at org.junit.internal.runners.statements.InvokeMethod.evaluate(InvokeMethod.java:17)
	at org.junit.internal.runners.statements.RunAfters.evaluate(RunAfters.java:27)
	at org.junit.internal.runners.statements.FailOnTimeout$CallableStatement.call(FailOnTimeout.java:298)
	at org.junit.internal.runners.statements.FailOnTimeout$CallableStatement.call(FailOnTimeout.java:292)
	at java.util.concurrent.FutureTask.run(FutureTask.java:266)
	at java.lang.Thread.run(Thread.java:748)
2019-09-24 17:03:33,206 WARN  ratis.RaftTestUtil (JavaUtils.java:attempt(158)) - FAILED "waitForLeader-null-(expectLeader? true)", attempt #13/100: java.lang.IllegalStateException: No leader yet : printing ALL groups
  s0:  RUNNING  FOLLOWER s0@group-CF66ACB98618:t3, leader=null, voted=null, raftlog=s0@group-CF66ACB98618-SegmentedRaftLog:OPENED:c-1,f-1,i0, conf=-1: [s0:0.0.0.0:32897, s1:0.0.0.0:35696, s2:0.0.0.0:35236], old=null RUNNING
  s1:  RUNNING  FOLLOWER s1@group-CF66ACB98618:t3, leader=null, voted=null, raftlog=s1@group-CF66ACB98618-SegmentedRaftLog:OPENED:c-1,f-1,i0, conf=-1: [s0:0.0.0.0:32897, s1:0.0.0.0:35696, s2:0.0.0.0:35236], old=null RUNNING
  s2:  RUNNING CANDIDATE s2@group-CF66ACB98618:t4, leader=null, voted=s2, raftlog=s2@group-CF66ACB98618-SegmentedRaftLog:OPENED:c-1,f-1,i0, conf=-1: [s0:0.0.0.0:32897, s1:0.0.0.0:35696, s2:0.0.0.0:35236], old=null RUNNING, sleep 450ms and then retry.
java.lang.IllegalStateException: No leader yet : printing ALL groups
  s0:  RUNNING  FOLLOWER s0@group-CF66ACB98618:t3, leader=null, voted=null, raftlog=s0@group-CF66ACB98618-SegmentedRaftLog:OPENED:c-1,f-1,i0, conf=-1: [s0:0.0.0.0:32897, s1:0.0.0.0:35696, s2:0.0.0.0:35236], old=null RUNNING
  s1:  RUNNING  FOLLOWER s1@group-CF66ACB98618:t3, leader=null, voted=null, raftlog=s1@group-CF66ACB98618-SegmentedRaftLog:OPENED:c-1,f-1,i0, conf=-1: [s0:0.0.0.0:32897, s1:0.0.0.0:35696, s2:0.0.0.0:35236], old=null RUNNING
  s2:  RUNNING CANDIDATE s2@group-CF66ACB98618:t4, leader=null, voted=s2, raftlog=s2@group-CF66ACB98618-SegmentedRaftLog:OPENED:c-1,f-1,i0, conf=-1: [s0:0.0.0.0:32897, s1:0.0.0.0:35696, s2:0.0.0.0:35236], old=null RUNNING
	at org.apache.ratis.MiniRaftCluster.newIllegalStateExceptionForNoLeaders(MiniRaftCluster.java:506)
	at org.apache.ratis.RaftTestUtil.lambda$waitForLeader$1(RaftTestUtil.java:90)
	at org.apache.ratis.MiniRaftCluster.getLeader(MiniRaftCluster.java:539)
	at org.apache.ratis.MiniRaftCluster.getLeader(MiniRaftCluster.java:532)
	at org.apache.ratis.RaftTestUtil.lambda$waitForLeader$3(RaftTestUtil.java:98)
	at org.apache.ratis.util.JavaUtils.attempt(JavaUtils.java:152)
	at org.apache.ratis.RaftTestUtil.waitForLeader(RaftTestUtil.java:97)
	at org.apache.ratis.RaftTestUtil.waitForLeader(RaftTestUtil.java:77)
	at org.apache.ratis.RaftTestUtil.waitForLeader(RaftTestUtil.java:72)
	at org.apache.ratis.server.impl.RaftReconfigurationBaseTest.lambda$testAddPeers$0(RaftReconfigurationBaseTest.java:78)
	at org.apache.ratis.MiniRaftCluster$Factory$Get.runWithNewCluster(MiniRaftCluster.java:125)
	at org.apache.ratis.MiniRaftCluster$Factory$Get.runWithNewCluster(MiniRaftCluster.java:113)
	at org.apache.ratis.server.impl.RaftReconfigurationBaseTest.testAddPeers(RaftReconfigurationBaseTest.java:77)
	at sun.reflect.NativeMethodAccessorImpl.invoke0(Native Method)
	at sun.reflect.NativeMethodAccessorImpl.invoke(NativeMethodAccessorImpl.java:62)
	at sun.reflect.DelegatingMethodAccessorImpl.invoke(DelegatingMethodAccessorImpl.java:43)
	at java.lang.reflect.Method.invoke(Method.java:498)
	at org.junit.runners.model.FrameworkMethod$1.runReflectiveCall(FrameworkMethod.java:50)
	at org.junit.internal.runners.model.ReflectiveCallable.run(ReflectiveCallable.java:12)
	at org.junit.runners.model.FrameworkMethod.invokeExplosively(FrameworkMethod.java:47)
	at org.junit.internal.runners.statements.InvokeMethod.evaluate(InvokeMethod.java:17)
	at org.junit.internal.runners.statements.RunAfters.evaluate(RunAfters.java:27)
	at org.junit.internal.runners.statements.FailOnTimeout$CallableStatement.call(FailOnTimeout.java:298)
	at org.junit.internal.runners.statements.FailOnTimeout$CallableStatement.call(FailOnTimeout.java:292)
	at java.util.concurrent.FutureTask.run(FutureTask.java:266)
	at java.lang.Thread.run(Thread.java:748)
2019-09-24 17:03:33,657 WARN  ratis.RaftTestUtil (JavaUtils.java:attempt(158)) - FAILED "waitForLeader-null-(expectLeader? true)", attempt #14/100: java.lang.IllegalStateException: No leader yet : printing ALL groups
  s0:  RUNNING  FOLLOWER s0@group-CF66ACB98618:t3, leader=null, voted=null, raftlog=s0@group-CF66ACB98618-SegmentedRaftLog:OPENED:c-1,f-1,i0, conf=-1: [s0:0.0.0.0:32897, s1:0.0.0.0:35696, s2:0.0.0.0:35236], old=null RUNNING
  s1:  RUNNING  FOLLOWER s1@group-CF66ACB98618:t3, leader=null, voted=null, raftlog=s1@group-CF66ACB98618-SegmentedRaftLog:OPENED:c-1,f-1,i0, conf=-1: [s0:0.0.0.0:32897, s1:0.0.0.0:35696, s2:0.0.0.0:35236], old=null RUNNING
  s2:  RUNNING CANDIDATE s2@group-CF66ACB98618:t4, leader=null, voted=s2, raftlog=s2@group-CF66ACB98618-SegmentedRaftLog:OPENED:c-1,f-1,i0, conf=-1: [s0:0.0.0.0:32897, s1:0.0.0.0:35696, s2:0.0.0.0:35236], old=null RUNNING, sleep 450ms and then retry.
java.lang.IllegalStateException: No leader yet : printing ALL groups
  s0:  RUNNING  FOLLOWER s0@group-CF66ACB98618:t3, leader=null, voted=null, raftlog=s0@group-CF66ACB98618-SegmentedRaftLog:OPENED:c-1,f-1,i0, conf=-1: [s0:0.0.0.0:32897, s1:0.0.0.0:35696, s2:0.0.0.0:35236], old=null RUNNING
  s1:  RUNNING  FOLLOWER s1@group-CF66ACB98618:t3, leader=null, voted=null, raftlog=s1@group-CF66ACB98618-SegmentedRaftLog:OPENED:c-1,f-1,i0, conf=-1: [s0:0.0.0.0:32897, s1:0.0.0.0:35696, s2:0.0.0.0:35236], old=null RUNNING
  s2:  RUNNING CANDIDATE s2@group-CF66ACB98618:t4, leader=null, voted=s2, raftlog=s2@group-CF66ACB98618-SegmentedRaftLog:OPENED:c-1,f-1,i0, conf=-1: [s0:0.0.0.0:32897, s1:0.0.0.0:35696, s2:0.0.0.0:35236], old=null RUNNING
	at org.apache.ratis.MiniRaftCluster.newIllegalStateExceptionForNoLeaders(MiniRaftCluster.java:506)
	at org.apache.ratis.RaftTestUtil.lambda$waitForLeader$1(RaftTestUtil.java:90)
	at org.apache.ratis.MiniRaftCluster.getLeader(MiniRaftCluster.java:539)
	at org.apache.ratis.MiniRaftCluster.getLeader(MiniRaftCluster.java:532)
	at org.apache.ratis.RaftTestUtil.lambda$waitForLeader$3(RaftTestUtil.java:98)
	at org.apache.ratis.util.JavaUtils.attempt(JavaUtils.java:152)
	at org.apache.ratis.RaftTestUtil.waitForLeader(RaftTestUtil.java:97)
	at org.apache.ratis.RaftTestUtil.waitForLeader(RaftTestUtil.java:77)
	at org.apache.ratis.RaftTestUtil.waitForLeader(RaftTestUtil.java:72)
	at org.apache.ratis.server.impl.RaftReconfigurationBaseTest.lambda$testAddPeers$0(RaftReconfigurationBaseTest.java:78)
	at org.apache.ratis.MiniRaftCluster$Factory$Get.runWithNewCluster(MiniRaftCluster.java:125)
	at org.apache.ratis.MiniRaftCluster$Factory$Get.runWithNewCluster(MiniRaftCluster.java:113)
	at org.apache.ratis.server.impl.RaftReconfigurationBaseTest.testAddPeers(RaftReconfigurationBaseTest.java:77)
	at sun.reflect.NativeMethodAccessorImpl.invoke0(Native Method)
	at sun.reflect.NativeMethodAccessorImpl.invoke(NativeMethodAccessorImpl.java:62)
	at sun.reflect.DelegatingMethodAccessorImpl.invoke(DelegatingMethodAccessorImpl.java:43)
	at java.lang.reflect.Method.invoke(Method.java:498)
	at org.junit.runners.model.FrameworkMethod$1.runReflectiveCall(FrameworkMethod.java:50)
	at org.junit.internal.runners.model.ReflectiveCallable.run(ReflectiveCallable.java:12)
	at org.junit.runners.model.FrameworkMethod.invokeExplosively(FrameworkMethod.java:47)
	at org.junit.internal.runners.statements.InvokeMethod.evaluate(InvokeMethod.java:17)
	at org.junit.internal.runners.statements.RunAfters.evaluate(RunAfters.java:27)
	at org.junit.internal.runners.statements.FailOnTimeout$CallableStatement.call(FailOnTimeout.java:298)
	at org.junit.internal.runners.statements.FailOnTimeout$CallableStatement.call(FailOnTimeout.java:292)
	at java.util.concurrent.FutureTask.run(FutureTask.java:266)
	at java.lang.Thread.run(Thread.java:748)
2019-09-24 17:03:34,108 WARN  ratis.RaftTestUtil (JavaUtils.java:attempt(158)) - FAILED "waitForLeader-null-(expectLeader? true)", attempt #15/100: java.lang.IllegalStateException: No leader yet : printing ALL groups
  s0:  RUNNING  FOLLOWER s0@group-CF66ACB98618:t3, leader=null, voted=null, raftlog=s0@group-CF66ACB98618-SegmentedRaftLog:OPENED:c-1,f-1,i0, conf=-1: [s0:0.0.0.0:32897, s1:0.0.0.0:35696, s2:0.0.0.0:35236], old=null RUNNING
  s1:  RUNNING  FOLLOWER s1@group-CF66ACB98618:t3, leader=null, voted=null, raftlog=s1@group-CF66ACB98618-SegmentedRaftLog:OPENED:c-1,f-1,i0, conf=-1: [s0:0.0.0.0:32897, s1:0.0.0.0:35696, s2:0.0.0.0:35236], old=null RUNNING
  s2:  RUNNING CANDIDATE s2@group-CF66ACB98618:t4, leader=null, voted=s2, raftlog=s2@group-CF66ACB98618-SegmentedRaftLog:OPENED:c-1,f-1,i0, conf=-1: [s0:0.0.0.0:32897, s1:0.0.0.0:35696, s2:0.0.0.0:35236], old=null RUNNING, sleep 450ms and then retry.
java.lang.IllegalStateException: No leader yet : printing ALL groups
  s0:  RUNNING  FOLLOWER s0@group-CF66ACB98618:t3, leader=null, voted=null, raftlog=s0@group-CF66ACB98618-SegmentedRaftLog:OPENED:c-1,f-1,i0, conf=-1: [s0:0.0.0.0:32897, s1:0.0.0.0:35696, s2:0.0.0.0:35236], old=null RUNNING
  s1:  RUNNING  FOLLOWER s1@group-CF66ACB98618:t3, leader=null, voted=null, raftlog=s1@group-CF66ACB98618-SegmentedRaftLog:OPENED:c-1,f-1,i0, conf=-1: [s0:0.0.0.0:32897, s1:0.0.0.0:35696, s2:0.0.0.0:35236], old=null RUNNING
  s2:  RUNNING CANDIDATE s2@group-CF66ACB98618:t4, leader=null, voted=s2, raftlog=s2@group-CF66ACB98618-SegmentedRaftLog:OPENED:c-1,f-1,i0, conf=-1: [s0:0.0.0.0:32897, s1:0.0.0.0:35696, s2:0.0.0.0:35236], old=null RUNNING
	at org.apache.ratis.MiniRaftCluster.newIllegalStateExceptionForNoLeaders(MiniRaftCluster.java:506)
	at org.apache.ratis.RaftTestUtil.lambda$waitForLeader$1(RaftTestUtil.java:90)
	at org.apache.ratis.MiniRaftCluster.getLeader(MiniRaftCluster.java:539)
	at org.apache.ratis.MiniRaftCluster.getLeader(MiniRaftCluster.java:532)
	at org.apache.ratis.RaftTestUtil.lambda$waitForLeader$3(RaftTestUtil.java:98)
	at org.apache.ratis.util.JavaUtils.attempt(JavaUtils.java:152)
	at org.apache.ratis.RaftTestUtil.waitForLeader(RaftTestUtil.java:97)
	at org.apache.ratis.RaftTestUtil.waitForLeader(RaftTestUtil.java:77)
	at org.apache.ratis.RaftTestUtil.waitForLeader(RaftTestUtil.java:72)
	at org.apache.ratis.server.impl.RaftReconfigurationBaseTest.lambda$testAddPeers$0(RaftReconfigurationBaseTest.java:78)
	at org.apache.ratis.MiniRaftCluster$Factory$Get.runWithNewCluster(MiniRaftCluster.java:125)
	at org.apache.ratis.MiniRaftCluster$Factory$Get.runWithNewCluster(MiniRaftCluster.java:113)
	at org.apache.ratis.server.impl.RaftReconfigurationBaseTest.testAddPeers(RaftReconfigurationBaseTest.java:77)
	at sun.reflect.NativeMethodAccessorImpl.invoke0(Native Method)
	at sun.reflect.NativeMethodAccessorImpl.invoke(NativeMethodAccessorImpl.java:62)
	at sun.reflect.DelegatingMethodAccessorImpl.invoke(DelegatingMethodAccessorImpl.java:43)
	at java.lang.reflect.Method.invoke(Method.java:498)
	at org.junit.runners.model.FrameworkMethod$1.runReflectiveCall(FrameworkMethod.java:50)
	at org.junit.internal.runners.model.ReflectiveCallable.run(ReflectiveCallable.java:12)
	at org.junit.runners.model.FrameworkMethod.invokeExplosively(FrameworkMethod.java:47)
	at org.junit.internal.runners.statements.InvokeMethod.evaluate(InvokeMethod.java:17)
	at org.junit.internal.runners.statements.RunAfters.evaluate(RunAfters.java:27)
	at org.junit.internal.runners.statements.FailOnTimeout$CallableStatement.call(FailOnTimeout.java:298)
	at org.junit.internal.runners.statements.FailOnTimeout$CallableStatement.call(FailOnTimeout.java:292)
	at java.util.concurrent.FutureTask.run(FutureTask.java:266)
	at java.lang.Thread.run(Thread.java:748)
2019-09-24 17:03:34,560 WARN  ratis.RaftTestUtil (JavaUtils.java:attempt(158)) - FAILED "waitForLeader-null-(expectLeader? true)", attempt #16/100: java.lang.IllegalStateException: No leader yet : printing ALL groups
  s0:  RUNNING  FOLLOWER s0@group-CF66ACB98618:t3, leader=null, voted=null, raftlog=s0@group-CF66ACB98618-SegmentedRaftLog:OPENED:c-1,f-1,i0, conf=-1: [s0:0.0.0.0:32897, s1:0.0.0.0:35696, s2:0.0.0.0:35236], old=null RUNNING
  s1:  RUNNING  FOLLOWER s1@group-CF66ACB98618:t3, leader=null, voted=null, raftlog=s1@group-CF66ACB98618-SegmentedRaftLog:OPENED:c-1,f-1,i0, conf=-1: [s0:0.0.0.0:32897, s1:0.0.0.0:35696, s2:0.0.0.0:35236], old=null RUNNING
  s2:  RUNNING CANDIDATE s2@group-CF66ACB98618:t4, leader=null, voted=s2, raftlog=s2@group-CF66ACB98618-SegmentedRaftLog:OPENED:c-1,f-1,i0, conf=-1: [s0:0.0.0.0:32897, s1:0.0.0.0:35696, s2:0.0.0.0:35236], old=null RUNNING, sleep 450ms and then retry.
java.lang.IllegalStateException: No leader yet : printing ALL groups
  s0:  RUNNING  FOLLOWER s0@group-CF66ACB98618:t3, leader=null, voted=null, raftlog=s0@group-CF66ACB98618-SegmentedRaftLog:OPENED:c-1,f-1,i0, conf=-1: [s0:0.0.0.0:32897, s1:0.0.0.0:35696, s2:0.0.0.0:35236], old=null RUNNING
  s1:  RUNNING  FOLLOWER s1@group-CF66ACB98618:t3, leader=null, voted=null, raftlog=s1@group-CF66ACB98618-SegmentedRaftLog:OPENED:c-1,f-1,i0, conf=-1: [s0:0.0.0.0:32897, s1:0.0.0.0:35696, s2:0.0.0.0:35236], old=null RUNNING
  s2:  RUNNING CANDIDATE s2@group-CF66ACB98618:t4, leader=null, voted=s2, raftlog=s2@group-CF66ACB98618-SegmentedRaftLog:OPENED:c-1,f-1,i0, conf=-1: [s0:0.0.0.0:32897, s1:0.0.0.0:35696, s2:0.0.0.0:35236], old=null RUNNING
	at org.apache.ratis.MiniRaftCluster.newIllegalStateExceptionForNoLeaders(MiniRaftCluster.java:506)
	at org.apache.ratis.RaftTestUtil.lambda$waitForLeader$1(RaftTestUtil.java:90)
	at org.apache.ratis.MiniRaftCluster.getLeader(MiniRaftCluster.java:539)
	at org.apache.ratis.MiniRaftCluster.getLeader(MiniRaftCluster.java:532)
	at org.apache.ratis.RaftTestUtil.lambda$waitForLeader$3(RaftTestUtil.java:98)
	at org.apache.ratis.util.JavaUtils.attempt(JavaUtils.java:152)
	at org.apache.ratis.RaftTestUtil.waitForLeader(RaftTestUtil.java:97)
	at org.apache.ratis.RaftTestUtil.waitForLeader(RaftTestUtil.java:77)
	at org.apache.ratis.RaftTestUtil.waitForLeader(RaftTestUtil.java:72)
	at org.apache.ratis.server.impl.RaftReconfigurationBaseTest.lambda$testAddPeers$0(RaftReconfigurationBaseTest.java:78)
	at org.apache.ratis.MiniRaftCluster$Factory$Get.runWithNewCluster(MiniRaftCluster.java:125)
	at org.apache.ratis.MiniRaftCluster$Factory$Get.runWithNewCluster(MiniRaftCluster.java:113)
	at org.apache.ratis.server.impl.RaftReconfigurationBaseTest.testAddPeers(RaftReconfigurationBaseTest.java:77)
	at sun.reflect.NativeMethodAccessorImpl.invoke0(Native Method)
	at sun.reflect.NativeMethodAccessorImpl.invoke(NativeMethodAccessorImpl.java:62)
	at sun.reflect.DelegatingMethodAccessorImpl.invoke(DelegatingMethodAccessorImpl.java:43)
	at java.lang.reflect.Method.invoke(Method.java:498)
	at org.junit.runners.model.FrameworkMethod$1.runReflectiveCall(FrameworkMethod.java:50)
	at org.junit.internal.runners.model.ReflectiveCallable.run(ReflectiveCallable.java:12)
	at org.junit.runners.model.FrameworkMethod.invokeExplosively(FrameworkMethod.java:47)
	at org.junit.internal.runners.statements.InvokeMethod.evaluate(InvokeMethod.java:17)
	at org.junit.internal.runners.statements.RunAfters.evaluate(RunAfters.java:27)
	at org.junit.internal.runners.statements.FailOnTimeout$CallableStatement.call(FailOnTimeout.java:298)
	at org.junit.internal.runners.statements.FailOnTimeout$CallableStatement.call(FailOnTimeout.java:292)
	at java.util.concurrent.FutureTask.run(FutureTask.java:266)
	at java.lang.Thread.run(Thread.java:748)
2019-09-24 17:03:35,011 WARN  ratis.RaftTestUtil (JavaUtils.java:attempt(158)) - FAILED "waitForLeader-null-(expectLeader? true)", attempt #17/100: java.lang.IllegalStateException: No leader yet : printing ALL groups
  s0:  RUNNING  FOLLOWER s0@group-CF66ACB98618:t3, leader=null, voted=null, raftlog=s0@group-CF66ACB98618-SegmentedRaftLog:OPENED:c-1,f-1,i0, conf=-1: [s0:0.0.0.0:32897, s1:0.0.0.0:35696, s2:0.0.0.0:35236], old=null RUNNING
  s1:  RUNNING  FOLLOWER s1@group-CF66ACB98618:t3, leader=null, voted=null, raftlog=s1@group-CF66ACB98618-SegmentedRaftLog:OPENED:c-1,f-1,i0, conf=-1: [s0:0.0.0.0:32897, s1:0.0.0.0:35696, s2:0.0.0.0:35236], old=null RUNNING
  s2:  RUNNING CANDIDATE s2@group-CF66ACB98618:t4, leader=null, voted=s2, raftlog=s2@group-CF66ACB98618-SegmentedRaftLog:OPENED:c-1,f-1,i0, conf=-1: [s0:0.0.0.0:32897, s1:0.0.0.0:35696, s2:0.0.0.0:35236], old=null RUNNING, sleep 450ms and then retry.
java.lang.IllegalStateException: No leader yet : printing ALL groups
  s0:  RUNNING  FOLLOWER s0@group-CF66ACB98618:t3, leader=null, voted=null, raftlog=s0@group-CF66ACB98618-SegmentedRaftLog:OPENED:c-1,f-1,i0, conf=-1: [s0:0.0.0.0:32897, s1:0.0.0.0:35696, s2:0.0.0.0:35236], old=null RUNNING
  s1:  RUNNING  FOLLOWER s1@group-CF66ACB98618:t3, leader=null, voted=null, raftlog=s1@group-CF66ACB98618-SegmentedRaftLog:OPENED:c-1,f-1,i0, conf=-1: [s0:0.0.0.0:32897, s1:0.0.0.0:35696, s2:0.0.0.0:35236], old=null RUNNING
  s2:  RUNNING CANDIDATE s2@group-CF66ACB98618:t4, leader=null, voted=s2, raftlog=s2@group-CF66ACB98618-SegmentedRaftLog:OPENED:c-1,f-1,i0, conf=-1: [s0:0.0.0.0:32897, s1:0.0.0.0:35696, s2:0.0.0.0:35236], old=null RUNNING
	at org.apache.ratis.MiniRaftCluster.newIllegalStateExceptionForNoLeaders(MiniRaftCluster.java:506)
	at org.apache.ratis.RaftTestUtil.lambda$waitForLeader$1(RaftTestUtil.java:90)
	at org.apache.ratis.MiniRaftCluster.getLeader(MiniRaftCluster.java:539)
	at org.apache.ratis.MiniRaftCluster.getLeader(MiniRaftCluster.java:532)
	at org.apache.ratis.RaftTestUtil.lambda$waitForLeader$3(RaftTestUtil.java:98)
	at org.apache.ratis.util.JavaUtils.attempt(JavaUtils.java:152)
	at org.apache.ratis.RaftTestUtil.waitForLeader(RaftTestUtil.java:97)
	at org.apache.ratis.RaftTestUtil.waitForLeader(RaftTestUtil.java:77)
	at org.apache.ratis.RaftTestUtil.waitForLeader(RaftTestUtil.java:72)
	at org.apache.ratis.server.impl.RaftReconfigurationBaseTest.lambda$testAddPeers$0(RaftReconfigurationBaseTest.java:78)
	at org.apache.ratis.MiniRaftCluster$Factory$Get.runWithNewCluster(MiniRaftCluster.java:125)
	at org.apache.ratis.MiniRaftCluster$Factory$Get.runWithNewCluster(MiniRaftCluster.java:113)
	at org.apache.ratis.server.impl.RaftReconfigurationBaseTest.testAddPeers(RaftReconfigurationBaseTest.java:77)
	at sun.reflect.NativeMethodAccessorImpl.invoke0(Native Method)
	at sun.reflect.NativeMethodAccessorImpl.invoke(NativeMethodAccessorImpl.java:62)
	at sun.reflect.DelegatingMethodAccessorImpl.invoke(DelegatingMethodAccessorImpl.java:43)
	at java.lang.reflect.Method.invoke(Method.java:498)
	at org.junit.runners.model.FrameworkMethod$1.runReflectiveCall(FrameworkMethod.java:50)
	at org.junit.internal.runners.model.ReflectiveCallable.run(ReflectiveCallable.java:12)
	at org.junit.runners.model.FrameworkMethod.invokeExplosively(FrameworkMethod.java:47)
	at org.junit.internal.runners.statements.InvokeMethod.evaluate(InvokeMethod.java:17)
	at org.junit.internal.runners.statements.RunAfters.evaluate(RunAfters.java:27)
	at org.junit.internal.runners.statements.FailOnTimeout$CallableStatement.call(FailOnTimeout.java:298)
	at org.junit.internal.runners.statements.FailOnTimeout$CallableStatement.call(FailOnTimeout.java:292)
	at java.util.concurrent.FutureTask.run(FutureTask.java:266)
	at java.lang.Thread.run(Thread.java:748)
2019-09-24 17:03:35,463 WARN  ratis.RaftTestUtil (JavaUtils.java:attempt(158)) - FAILED "waitForLeader-null-(expectLeader? true)", attempt #18/100: java.lang.IllegalStateException: No leader yet : printing ALL groups
  s0:  RUNNING  FOLLOWER s0@group-CF66ACB98618:t3, leader=null, voted=null, raftlog=s0@group-CF66ACB98618-SegmentedRaftLog:OPENED:c-1,f-1,i0, conf=-1: [s0:0.0.0.0:32897, s1:0.0.0.0:35696, s2:0.0.0.0:35236], old=null RUNNING
  s1:  RUNNING  FOLLOWER s1@group-CF66ACB98618:t3, leader=null, voted=null, raftlog=s1@group-CF66ACB98618-SegmentedRaftLog:OPENED:c-1,f-1,i0, conf=-1: [s0:0.0.0.0:32897, s1:0.0.0.0:35696, s2:0.0.0.0:35236], old=null RUNNING
  s2:  RUNNING CANDIDATE s2@group-CF66ACB98618:t4, leader=null, voted=s2, raftlog=s2@group-CF66ACB98618-SegmentedRaftLog:OPENED:c-1,f-1,i0, conf=-1: [s0:0.0.0.0:32897, s1:0.0.0.0:35696, s2:0.0.0.0:35236], old=null RUNNING, sleep 450ms and then retry.
java.lang.IllegalStateException: No leader yet : printing ALL groups
  s0:  RUNNING  FOLLOWER s0@group-CF66ACB98618:t3, leader=null, voted=null, raftlog=s0@group-CF66ACB98618-SegmentedRaftLog:OPENED:c-1,f-1,i0, conf=-1: [s0:0.0.0.0:32897, s1:0.0.0.0:35696, s2:0.0.0.0:35236], old=null RUNNING
  s1:  RUNNING  FOLLOWER s1@group-CF66ACB98618:t3, leader=null, voted=null, raftlog=s1@group-CF66ACB98618-SegmentedRaftLog:OPENED:c-1,f-1,i0, conf=-1: [s0:0.0.0.0:32897, s1:0.0.0.0:35696, s2:0.0.0.0:35236], old=null RUNNING
  s2:  RUNNING CANDIDATE s2@group-CF66ACB98618:t4, leader=null, voted=s2, raftlog=s2@group-CF66ACB98618-SegmentedRaftLog:OPENED:c-1,f-1,i0, conf=-1: [s0:0.0.0.0:32897, s1:0.0.0.0:35696, s2:0.0.0.0:35236], old=null RUNNING
	at org.apache.ratis.MiniRaftCluster.newIllegalStateExceptionForNoLeaders(MiniRaftCluster.java:506)
	at org.apache.ratis.RaftTestUtil.lambda$waitForLeader$1(RaftTestUtil.java:90)
	at org.apache.ratis.MiniRaftCluster.getLeader(MiniRaftCluster.java:539)
	at org.apache.ratis.MiniRaftCluster.getLeader(MiniRaftCluster.java:532)
	at org.apache.ratis.RaftTestUtil.lambda$waitForLeader$3(RaftTestUtil.java:98)
	at org.apache.ratis.util.JavaUtils.attempt(JavaUtils.java:152)
	at org.apache.ratis.RaftTestUtil.waitForLeader(RaftTestUtil.java:97)
	at org.apache.ratis.RaftTestUtil.waitForLeader(RaftTestUtil.java:77)
	at org.apache.ratis.RaftTestUtil.waitForLeader(RaftTestUtil.java:72)
	at org.apache.ratis.server.impl.RaftReconfigurationBaseTest.lambda$testAddPeers$0(RaftReconfigurationBaseTest.java:78)
	at org.apache.ratis.MiniRaftCluster$Factory$Get.runWithNewCluster(MiniRaftCluster.java:125)
	at org.apache.ratis.MiniRaftCluster$Factory$Get.runWithNewCluster(MiniRaftCluster.java:113)
	at org.apache.ratis.server.impl.RaftReconfigurationBaseTest.testAddPeers(RaftReconfigurationBaseTest.java:77)
	at sun.reflect.NativeMethodAccessorImpl.invoke0(Native Method)
	at sun.reflect.NativeMethodAccessorImpl.invoke(NativeMethodAccessorImpl.java:62)
	at sun.reflect.DelegatingMethodAccessorImpl.invoke(DelegatingMethodAccessorImpl.java:43)
	at java.lang.reflect.Method.invoke(Method.java:498)
	at org.junit.runners.model.FrameworkMethod$1.runReflectiveCall(FrameworkMethod.java:50)
	at org.junit.internal.runners.model.ReflectiveCallable.run(ReflectiveCallable.java:12)
	at org.junit.runners.model.FrameworkMethod.invokeExplosively(FrameworkMethod.java:47)
	at org.junit.internal.runners.statements.InvokeMethod.evaluate(InvokeMethod.java:17)
	at org.junit.internal.runners.statements.RunAfters.evaluate(RunAfters.java:27)
	at org.junit.internal.runners.statements.FailOnTimeout$CallableStatement.call(FailOnTimeout.java:298)
	at org.junit.internal.runners.statements.FailOnTimeout$CallableStatement.call(FailOnTimeout.java:292)
	at java.util.concurrent.FutureTask.run(FutureTask.java:266)
	at java.lang.Thread.run(Thread.java:748)
2019-09-24 17:03:35,914 WARN  ratis.RaftTestUtil (JavaUtils.java:attempt(158)) - FAILED "waitForLeader-null-(expectLeader? true)", attempt #19/100: java.lang.IllegalStateException: No leader yet : printing ALL groups
  s0:  RUNNING  FOLLOWER s0@group-CF66ACB98618:t3, leader=null, voted=null, raftlog=s0@group-CF66ACB98618-SegmentedRaftLog:OPENED:c-1,f-1,i0, conf=-1: [s0:0.0.0.0:32897, s1:0.0.0.0:35696, s2:0.0.0.0:35236], old=null RUNNING
  s1:  RUNNING  FOLLOWER s1@group-CF66ACB98618:t3, leader=null, voted=null, raftlog=s1@group-CF66ACB98618-SegmentedRaftLog:OPENED:c-1,f-1,i0, conf=-1: [s0:0.0.0.0:32897, s1:0.0.0.0:35696, s2:0.0.0.0:35236], old=null RUNNING
  s2:  RUNNING CANDIDATE s2@group-CF66ACB98618:t4, leader=null, voted=s2, raftlog=s2@group-CF66ACB98618-SegmentedRaftLog:OPENED:c-1,f-1,i0, conf=-1: [s0:0.0.0.0:32897, s1:0.0.0.0:35696, s2:0.0.0.0:35236], old=null RUNNING, sleep 450ms and then retry.
java.lang.IllegalStateException: No leader yet : printing ALL groups
  s0:  RUNNING  FOLLOWER s0@group-CF66ACB98618:t3, leader=null, voted=null, raftlog=s0@group-CF66ACB98618-SegmentedRaftLog:OPENED:c-1,f-1,i0, conf=-1: [s0:0.0.0.0:32897, s1:0.0.0.0:35696, s2:0.0.0.0:35236], old=null RUNNING
  s1:  RUNNING  FOLLOWER s1@group-CF66ACB98618:t3, leader=null, voted=null, raftlog=s1@group-CF66ACB98618-SegmentedRaftLog:OPENED:c-1,f-1,i0, conf=-1: [s0:0.0.0.0:32897, s1:0.0.0.0:35696, s2:0.0.0.0:35236], old=null RUNNING
  s2:  RUNNING CANDIDATE s2@group-CF66ACB98618:t4, leader=null, voted=s2, raftlog=s2@group-CF66ACB98618-SegmentedRaftLog:OPENED:c-1,f-1,i0, conf=-1: [s0:0.0.0.0:32897, s1:0.0.0.0:35696, s2:0.0.0.0:35236], old=null RUNNING
	at org.apache.ratis.MiniRaftCluster.newIllegalStateExceptionForNoLeaders(MiniRaftCluster.java:506)
	at org.apache.ratis.RaftTestUtil.lambda$waitForLeader$1(RaftTestUtil.java:90)
	at org.apache.ratis.MiniRaftCluster.getLeader(MiniRaftCluster.java:539)
	at org.apache.ratis.MiniRaftCluster.getLeader(MiniRaftCluster.java:532)
	at org.apache.ratis.RaftTestUtil.lambda$waitForLeader$3(RaftTestUtil.java:98)
	at org.apache.ratis.util.JavaUtils.attempt(JavaUtils.java:152)
	at org.apache.ratis.RaftTestUtil.waitForLeader(RaftTestUtil.java:97)
	at org.apache.ratis.RaftTestUtil.waitForLeader(RaftTestUtil.java:77)
	at org.apache.ratis.RaftTestUtil.waitForLeader(RaftTestUtil.java:72)
	at org.apache.ratis.server.impl.RaftReconfigurationBaseTest.lambda$testAddPeers$0(RaftReconfigurationBaseTest.java:78)
	at org.apache.ratis.MiniRaftCluster$Factory$Get.runWithNewCluster(MiniRaftCluster.java:125)
	at org.apache.ratis.MiniRaftCluster$Factory$Get.runWithNewCluster(MiniRaftCluster.java:113)
	at org.apache.ratis.server.impl.RaftReconfigurationBaseTest.testAddPeers(RaftReconfigurationBaseTest.java:77)
	at sun.reflect.NativeMethodAccessorImpl.invoke0(Native Method)
	at sun.reflect.NativeMethodAccessorImpl.invoke(NativeMethodAccessorImpl.java:62)
	at sun.reflect.DelegatingMethodAccessorImpl.invoke(DelegatingMethodAccessorImpl.java:43)
	at java.lang.reflect.Method.invoke(Method.java:498)
	at org.junit.runners.model.FrameworkMethod$1.runReflectiveCall(FrameworkMethod.java:50)
	at org.junit.internal.runners.model.ReflectiveCallable.run(ReflectiveCallable.java:12)
	at org.junit.runners.model.FrameworkMethod.invokeExplosively(FrameworkMethod.java:47)
	at org.junit.internal.runners.statements.InvokeMethod.evaluate(InvokeMethod.java:17)
	at org.junit.internal.runners.statements.RunAfters.evaluate(RunAfters.java:27)
	at org.junit.internal.runners.statements.FailOnTimeout$CallableStatement.call(FailOnTimeout.java:298)
	at org.junit.internal.runners.statements.FailOnTimeout$CallableStatement.call(FailOnTimeout.java:292)
	at java.util.concurrent.FutureTask.run(FutureTask.java:266)
	at java.lang.Thread.run(Thread.java:748)
2019-09-24 17:03:36,365 WARN  ratis.RaftTestUtil (JavaUtils.java:attempt(158)) - FAILED "waitForLeader-null-(expectLeader? true)", attempt #20/100: java.lang.IllegalStateException: No leader yet : printing ALL groups
  s0:  RUNNING  FOLLOWER s0@group-CF66ACB98618:t3, leader=null, voted=null, raftlog=s0@group-CF66ACB98618-SegmentedRaftLog:OPENED:c-1,f-1,i0, conf=-1: [s0:0.0.0.0:32897, s1:0.0.0.0:35696, s2:0.0.0.0:35236], old=null RUNNING
  s1:  RUNNING  FOLLOWER s1@group-CF66ACB98618:t3, leader=null, voted=null, raftlog=s1@group-CF66ACB98618-SegmentedRaftLog:OPENED:c-1,f-1,i0, conf=-1: [s0:0.0.0.0:32897, s1:0.0.0.0:35696, s2:0.0.0.0:35236], old=null RUNNING
  s2:  RUNNING CANDIDATE s2@group-CF66ACB98618:t4, leader=null, voted=s2, raftlog=s2@group-CF66ACB98618-SegmentedRaftLog:OPENED:c-1,f-1,i0, conf=-1: [s0:0.0.0.0:32897, s1:0.0.0.0:35696, s2:0.0.0.0:35236], old=null RUNNING, sleep 450ms and then retry.
java.lang.IllegalStateException: No leader yet : printing ALL groups
  s0:  RUNNING  FOLLOWER s0@group-CF66ACB98618:t3, leader=null, voted=null, raftlog=s0@group-CF66ACB98618-SegmentedRaftLog:OPENED:c-1,f-1,i0, conf=-1: [s0:0.0.0.0:32897, s1:0.0.0.0:35696, s2:0.0.0.0:35236], old=null RUNNING
  s1:  RUNNING  FOLLOWER s1@group-CF66ACB98618:t3, leader=null, voted=null, raftlog=s1@group-CF66ACB98618-SegmentedRaftLog:OPENED:c-1,f-1,i0, conf=-1: [s0:0.0.0.0:32897, s1:0.0.0.0:35696, s2:0.0.0.0:35236], old=null RUNNING
  s2:  RUNNING CANDIDATE s2@group-CF66ACB98618:t4, leader=null, voted=s2, raftlog=s2@group-CF66ACB98618-SegmentedRaftLog:OPENED:c-1,f-1,i0, conf=-1: [s0:0.0.0.0:32897, s1:0.0.0.0:35696, s2:0.0.0.0:35236], old=null RUNNING
	at org.apache.ratis.MiniRaftCluster.newIllegalStateExceptionForNoLeaders(MiniRaftCluster.java:506)
	at org.apache.ratis.RaftTestUtil.lambda$waitForLeader$1(RaftTestUtil.java:90)
	at org.apache.ratis.MiniRaftCluster.getLeader(MiniRaftCluster.java:539)
	at org.apache.ratis.MiniRaftCluster.getLeader(MiniRaftCluster.java:532)
	at org.apache.ratis.RaftTestUtil.lambda$waitForLeader$3(RaftTestUtil.java:98)
	at org.apache.ratis.util.JavaUtils.attempt(JavaUtils.java:152)
	at org.apache.ratis.RaftTestUtil.waitForLeader(RaftTestUtil.java:97)
	at org.apache.ratis.RaftTestUtil.waitForLeader(RaftTestUtil.java:77)
	at org.apache.ratis.RaftTestUtil.waitForLeader(RaftTestUtil.java:72)
	at org.apache.ratis.server.impl.RaftReconfigurationBaseTest.lambda$testAddPeers$0(RaftReconfigurationBaseTest.java:78)
	at org.apache.ratis.MiniRaftCluster$Factory$Get.runWithNewCluster(MiniRaftCluster.java:125)
	at org.apache.ratis.MiniRaftCluster$Factory$Get.runWithNewCluster(MiniRaftCluster.java:113)
	at org.apache.ratis.server.impl.RaftReconfigurationBaseTest.testAddPeers(RaftReconfigurationBaseTest.java:77)
	at sun.reflect.NativeMethodAccessorImpl.invoke0(Native Method)
	at sun.reflect.NativeMethodAccessorImpl.invoke(NativeMethodAccessorImpl.java:62)
	at sun.reflect.DelegatingMethodAccessorImpl.invoke(DelegatingMethodAccessorImpl.java:43)
	at java.lang.reflect.Method.invoke(Method.java:498)
	at org.junit.runners.model.FrameworkMethod$1.runReflectiveCall(FrameworkMethod.java:50)
	at org.junit.internal.runners.model.ReflectiveCallable.run(ReflectiveCallable.java:12)
	at org.junit.runners.model.FrameworkMethod.invokeExplosively(FrameworkMethod.java:47)
	at org.junit.internal.runners.statements.InvokeMethod.evaluate(InvokeMethod.java:17)
	at org.junit.internal.runners.statements.RunAfters.evaluate(RunAfters.java:27)
	at org.junit.internal.runners.statements.FailOnTimeout$CallableStatement.call(FailOnTimeout.java:298)
	at org.junit.internal.runners.statements.FailOnTimeout$CallableStatement.call(FailOnTimeout.java:292)
	at java.util.concurrent.FutureTask.run(FutureTask.java:266)
	at java.lang.Thread.run(Thread.java:748)
2019-09-24 17:03:36,494 INFO  impl.LeaderElection (LeaderElection.java:askForVotes(178)) - s2@group-CF66ACB98618-LeaderElection163: begin an election at term 4 for -1: [s0:0.0.0.0:32897, s1:0.0.0.0:35696, s2:0.0.0.0:35236], old=null
2019-09-24 17:03:36,494 DEBUG impl.RaftServerImpl (RaftServerImpl.java:requestVote(775)) - s1@group-CF66ACB98618 replies to vote request: s2<-s1#0:FAIL-t3. Peer's state: s1@group-CF66ACB98618:t3, leader=null, voted=null, raftlog=s1@group-CF66ACB98618-SegmentedRaftLog:OPENED:c-1,f-1,i0, conf=-1: [s0:0.0.0.0:32897, s1:0.0.0.0:35696, s2:0.0.0.0:35236], old=null
2019-09-24 17:03:36,494 DEBUG impl.RaftServerImpl (RaftServerImpl.java:requestVote(775)) - s0@group-CF66ACB98618 replies to vote request: s2<-s0#0:FAIL-t3. Peer's state: s0@group-CF66ACB98618:t3, leader=null, voted=null, raftlog=s0@group-CF66ACB98618-SegmentedRaftLog:OPENED:c-1,f-1,i0, conf=-1: [s0:0.0.0.0:32897, s1:0.0.0.0:35696, s2:0.0.0.0:35236], old=null
2019-09-24 17:03:36,494 INFO  impl.FollowerState (FollowerState.java:run(108)) - s1@group-CF66ACB98618-FollowerState: change to CANDIDATE, lastRpcTime:6589ms, electionTimeout:243ms
2019-09-24 17:03:36,494 INFO  impl.FollowerState (FollowerState.java:run(108)) - s0@group-CF66ACB98618-FollowerState: change to CANDIDATE, lastRpcTime:6589ms, electionTimeout:246ms
2019-09-24 17:03:36,495 INFO  impl.RoleInfo (RoleInfo.java:shutdownFollowerState(121)) - s1: shutdown FollowerState
2019-09-24 17:03:36,495 DEBUG impl.RaftServerImpl (RaftServerImpl.java:requestVote(743)) - s0@group-CF66ACB98618: receive requestVote(s2, group-CF66ACB98618, 4, (t:0, i:0))
2019-09-24 17:03:36,495 INFO  impl.RaftServerImpl (RaftServerImpl.java:setRole(170)) - s1@group-CF66ACB98618: changes role from  FOLLOWER to CANDIDATE at term 3 for changeToCandidate
2019-09-24 17:03:36,495 INFO  impl.RoleInfo (RoleInfo.java:shutdownFollowerState(121)) - s0: shutdown FollowerState
2019-09-24 17:03:36,495 DEBUG impl.RaftServerImpl (RaftServerImpl.java:requestVote(743)) - s1@group-CF66ACB98618: receive requestVote(s2, group-CF66ACB98618, 4, (t:0, i:0))
2019-09-24 17:03:36,495 INFO  impl.RaftServerImpl (RaftServerImpl.java:setRole(170)) - s0@group-CF66ACB98618: changes role from  FOLLOWER to CANDIDATE at term 3 for changeToCandidate
2019-09-24 17:03:36,495 INFO  impl.RoleInfo (RoleInfo.java:updateAndGet(143)) - s1: start LeaderElection
2019-09-24 17:03:36,496 INFO  impl.RoleInfo (RoleInfo.java:updateAndGet(143)) - s0: start LeaderElection
2019-09-24 17:03:36,695 INFO  impl.LeaderElection (LeaderElection.java:logAndReturn(56)) - s2@group-CF66ACB98618-LeaderElection163: Election TIMEOUT; received 0 response(s) [] and 0 exception(s); s2@group-CF66ACB98618:t4, leader=null, voted=s2, raftlog=s2@group-CF66ACB98618-SegmentedRaftLog:OPENED:c-1,f-1,i0, conf=-1: [s0:0.0.0.0:32897, s1:0.0.0.0:35696, s2:0.0.0.0:35236], old=null
2019-09-24 17:03:36,816 WARN  ratis.RaftTestUtil (JavaUtils.java:attempt(158)) - FAILED "waitForLeader-null-(expectLeader? true)", attempt #21/100: java.lang.IllegalStateException: No leader yet : printing ALL groups
  s0:  RUNNING CANDIDATE s0@group-CF66ACB98618:t4, leader=null, voted=s0, raftlog=s0@group-CF66ACB98618-SegmentedRaftLog:OPENED:c-1,f-1,i0, conf=-1: [s0:0.0.0.0:32897, s1:0.0.0.0:35696, s2:0.0.0.0:35236], old=null RUNNING
  s1:  RUNNING CANDIDATE s1@group-CF66ACB98618:t4, leader=null, voted=s1, raftlog=s1@group-CF66ACB98618-SegmentedRaftLog:OPENED:c-1,f-1,i0, conf=-1: [s0:0.0.0.0:32897, s1:0.0.0.0:35696, s2:0.0.0.0:35236], old=null RUNNING
  s2:  RUNNING CANDIDATE s2@group-CF66ACB98618:t5, leader=null, voted=s2, raftlog=s2@group-CF66ACB98618-SegmentedRaftLog:OPENED:c-1,f-1,i0, conf=-1: [s0:0.0.0.0:32897, s1:0.0.0.0:35696, s2:0.0.0.0:35236], old=null RUNNING, sleep 450ms and then retry.
java.lang.IllegalStateException: No leader yet : printing ALL groups
  s0:  RUNNING CANDIDATE s0@group-CF66ACB98618:t4, leader=null, voted=s0, raftlog=s0@group-CF66ACB98618-SegmentedRaftLog:OPENED:c-1,f-1,i0, conf=-1: [s0:0.0.0.0:32897, s1:0.0.0.0:35696, s2:0.0.0.0:35236], old=null RUNNING
  s1:  RUNNING CANDIDATE s1@group-CF66ACB98618:t4, leader=null, voted=s1, raftlog=s1@group-CF66ACB98618-SegmentedRaftLog:OPENED:c-1,f-1,i0, conf=-1: [s0:0.0.0.0:32897, s1:0.0.0.0:35696, s2:0.0.0.0:35236], old=null RUNNING
  s2:  RUNNING CANDIDATE s2@group-CF66ACB98618:t5, leader=null, voted=s2, raftlog=s2@group-CF66ACB98618-SegmentedRaftLog:OPENED:c-1,f-1,i0, conf=-1: [s0:0.0.0.0:32897, s1:0.0.0.0:35696, s2:0.0.0.0:35236], old=null RUNNING
	at org.apache.ratis.MiniRaftCluster.newIllegalStateExceptionForNoLeaders(MiniRaftCluster.java:506)
	at org.apache.ratis.RaftTestUtil.lambda$waitForLeader$1(RaftTestUtil.java:90)
	at org.apache.ratis.MiniRaftCluster.getLeader(MiniRaftCluster.java:539)
	at org.apache.ratis.MiniRaftCluster.getLeader(MiniRaftCluster.java:532)
	at org.apache.ratis.RaftTestUtil.lambda$waitForLeader$3(RaftTestUtil.java:98)
	at org.apache.ratis.util.JavaUtils.attempt(JavaUtils.java:152)
	at org.apache.ratis.RaftTestUtil.waitForLeader(RaftTestUtil.java:97)
	at org.apache.ratis.RaftTestUtil.waitForLeader(RaftTestUtil.java:77)
	at org.apache.ratis.RaftTestUtil.waitForLeader(RaftTestUtil.java:72)
	at org.apache.ratis.server.impl.RaftReconfigurationBaseTest.lambda$testAddPeers$0(RaftReconfigurationBaseTest.java:78)
	at org.apache.ratis.MiniRaftCluster$Factory$Get.runWithNewCluster(MiniRaftCluster.java:125)
	at org.apache.ratis.MiniRaftCluster$Factory$Get.runWithNewCluster(MiniRaftCluster.java:113)
	at org.apache.ratis.server.impl.RaftReconfigurationBaseTest.testAddPeers(RaftReconfigurationBaseTest.java:77)
	at sun.reflect.NativeMethodAccessorImpl.invoke0(Native Method)
	at sun.reflect.NativeMethodAccessorImpl.invoke(NativeMethodAccessorImpl.java:62)
	at sun.reflect.DelegatingMethodAccessorImpl.invoke(DelegatingMethodAccessorImpl.java:43)
	at java.lang.reflect.Method.invoke(Method.java:498)
	at org.junit.runners.model.FrameworkMethod$1.runReflectiveCall(FrameworkMethod.java:50)
	at org.junit.internal.runners.model.ReflectiveCallable.run(ReflectiveCallable.java:12)
	at org.junit.runners.model.FrameworkMethod.invokeExplosively(FrameworkMethod.java:47)
	at org.junit.internal.runners.statements.InvokeMethod.evaluate(InvokeMethod.java:17)
	at org.junit.internal.runners.statements.RunAfters.evaluate(RunAfters.java:27)
	at org.junit.internal.runners.statements.FailOnTimeout$CallableStatement.call(FailOnTimeout.java:298)
	at org.junit.internal.runners.statements.FailOnTimeout$CallableStatement.call(FailOnTimeout.java:292)
	at java.util.concurrent.FutureTask.run(FutureTask.java:266)
	at java.lang.Thread.run(Thread.java:748)
2019-09-24 17:03:37,268 WARN  ratis.RaftTestUtil (JavaUtils.java:attempt(158)) - FAILED "waitForLeader-null-(expectLeader? true)", attempt #22/100: java.lang.IllegalStateException: No leader yet : printing ALL groups
  s0:  RUNNING CANDIDATE s0@group-CF66ACB98618:t4, leader=null, voted=s0, raftlog=s0@group-CF66ACB98618-SegmentedRaftLog:OPENED:c-1,f-1,i0, conf=-1: [s0:0.0.0.0:32897, s1:0.0.0.0:35696, s2:0.0.0.0:35236], old=null RUNNING
  s1:  RUNNING CANDIDATE s1@group-CF66ACB98618:t4, leader=null, voted=s1, raftlog=s1@group-CF66ACB98618-SegmentedRaftLog:OPENED:c-1,f-1,i0, conf=-1: [s0:0.0.0.0:32897, s1:0.0.0.0:35696, s2:0.0.0.0:35236], old=null RUNNING
  s2:  RUNNING CANDIDATE s2@group-CF66ACB98618:t5, leader=null, voted=s2, raftlog=s2@group-CF66ACB98618-SegmentedRaftLog:OPENED:c-1,f-1,i0, conf=-1: [s0:0.0.0.0:32897, s1:0.0.0.0:35696, s2:0.0.0.0:35236], old=null RUNNING, sleep 450ms and then retry.
java.lang.IllegalStateException: No leader yet : printing ALL groups
  s0:  RUNNING CANDIDATE s0@group-CF66ACB98618:t4, leader=null, voted=s0, raftlog=s0@group-CF66ACB98618-SegmentedRaftLog:OPENED:c-1,f-1,i0, conf=-1: [s0:0.0.0.0:32897, s1:0.0.0.0:35696, s2:0.0.0.0:35236], old=null RUNNING
  s1:  RUNNING CANDIDATE s1@group-CF66ACB98618:t4, leader=null, voted=s1, raftlog=s1@group-CF66ACB98618-SegmentedRaftLog:OPENED:c-1,f-1,i0, conf=-1: [s0:0.0.0.0:32897, s1:0.0.0.0:35696, s2:0.0.0.0:35236], old=null RUNNING
  s2:  RUNNING CANDIDATE s2@group-CF66ACB98618:t5, leader=null, voted=s2, raftlog=s2@group-CF66ACB98618-SegmentedRaftLog:OPENED:c-1,f-1,i0, conf=-1: [s0:0.0.0.0:32897, s1:0.0.0.0:35696, s2:0.0.0.0:35236], old=null RUNNING
	at org.apache.ratis.MiniRaftCluster.newIllegalStateExceptionForNoLeaders(MiniRaftCluster.java:506)
	at org.apache.ratis.RaftTestUtil.lambda$waitForLeader$1(RaftTestUtil.java:90)
	at org.apache.ratis.MiniRaftCluster.getLeader(MiniRaftCluster.java:539)
	at org.apache.ratis.MiniRaftCluster.getLeader(MiniRaftCluster.java:532)
	at org.apache.ratis.RaftTestUtil.lambda$waitForLeader$3(RaftTestUtil.java:98)
	at org.apache.ratis.util.JavaUtils.attempt(JavaUtils.java:152)
	at org.apache.ratis.RaftTestUtil.waitForLeader(RaftTestUtil.java:97)
	at org.apache.ratis.RaftTestUtil.waitForLeader(RaftTestUtil.java:77)
	at org.apache.ratis.RaftTestUtil.waitForLeader(RaftTestUtil.java:72)
	at org.apache.ratis.server.impl.RaftReconfigurationBaseTest.lambda$testAddPeers$0(RaftReconfigurationBaseTest.java:78)
	at org.apache.ratis.MiniRaftCluster$Factory$Get.runWithNewCluster(MiniRaftCluster.java:125)
	at org.apache.ratis.MiniRaftCluster$Factory$Get.runWithNewCluster(MiniRaftCluster.java:113)
	at org.apache.ratis.server.impl.RaftReconfigurationBaseTest.testAddPeers(RaftReconfigurationBaseTest.java:77)
	at sun.reflect.NativeMethodAccessorImpl.invoke0(Native Method)
	at sun.reflect.NativeMethodAccessorImpl.invoke(NativeMethodAccessorImpl.java:62)
	at sun.reflect.DelegatingMethodAccessorImpl.invoke(DelegatingMethodAccessorImpl.java:43)
	at java.lang.reflect.Method.invoke(Method.java:498)
	at org.junit.runners.model.FrameworkMethod$1.runReflectiveCall(FrameworkMethod.java:50)
	at org.junit.internal.runners.model.ReflectiveCallable.run(ReflectiveCallable.java:12)
	at org.junit.runners.model.FrameworkMethod.invokeExplosively(FrameworkMethod.java:47)
	at org.junit.internal.runners.statements.InvokeMethod.evaluate(InvokeMethod.java:17)
	at org.junit.internal.runners.statements.RunAfters.evaluate(RunAfters.java:27)
	at org.junit.internal.runners.statements.FailOnTimeout$CallableStatement.call(FailOnTimeout.java:298)
	at org.junit.internal.runners.statements.FailOnTimeout$CallableStatement.call(FailOnTimeout.java:292)
	at java.util.concurrent.FutureTask.run(FutureTask.java:266)
	at java.lang.Thread.run(Thread.java:748)
2019-09-24 17:03:37,719 WARN  ratis.RaftTestUtil (JavaUtils.java:attempt(158)) - FAILED "waitForLeader-null-(expectLeader? true)", attempt #23/100: java.lang.IllegalStateException: No leader yet : printing ALL groups
  s0:  RUNNING CANDIDATE s0@group-CF66ACB98618:t4, leader=null, voted=s0, raftlog=s0@group-CF66ACB98618-SegmentedRaftLog:OPENED:c-1,f-1,i0, conf=-1: [s0:0.0.0.0:32897, s1:0.0.0.0:35696, s2:0.0.0.0:35236], old=null RUNNING
  s1:  RUNNING CANDIDATE s1@group-CF66ACB98618:t4, leader=null, voted=s1, raftlog=s1@group-CF66ACB98618-SegmentedRaftLog:OPENED:c-1,f-1,i0, conf=-1: [s0:0.0.0.0:32897, s1:0.0.0.0:35696, s2:0.0.0.0:35236], old=null RUNNING
  s2:  RUNNING CANDIDATE s2@group-CF66ACB98618:t5, leader=null, voted=s2, raftlog=s2@group-CF66ACB98618-SegmentedRaftLog:OPENED:c-1,f-1,i0, conf=-1: [s0:0.0.0.0:32897, s1:0.0.0.0:35696, s2:0.0.0.0:35236], old=null RUNNING, sleep 450ms and then retry.
java.lang.IllegalStateException: No leader yet : printing ALL groups
  s0:  RUNNING CANDIDATE s0@group-CF66ACB98618:t4, leader=null, voted=s0, raftlog=s0@group-CF66ACB98618-SegmentedRaftLog:OPENED:c-1,f-1,i0, conf=-1: [s0:0.0.0.0:32897, s1:0.0.0.0:35696, s2:0.0.0.0:35236], old=null RUNNING
  s1:  RUNNING CANDIDATE s1@group-CF66ACB98618:t4, leader=null, voted=s1, raftlog=s1@group-CF66ACB98618-SegmentedRaftLog:OPENED:c-1,f-1,i0, conf=-1: [s0:0.0.0.0:32897, s1:0.0.0.0:35696, s2:0.0.0.0:35236], old=null RUNNING
  s2:  RUNNING CANDIDATE s2@group-CF66ACB98618:t5, leader=null, voted=s2, raftlog=s2@group-CF66ACB98618-SegmentedRaftLog:OPENED:c-1,f-1,i0, conf=-1: [s0:0.0.0.0:32897, s1:0.0.0.0:35696, s2:0.0.0.0:35236], old=null RUNNING
	at org.apache.ratis.MiniRaftCluster.newIllegalStateExceptionForNoLeaders(MiniRaftCluster.java:506)
	at org.apache.ratis.RaftTestUtil.lambda$waitForLeader$1(RaftTestUtil.java:90)
	at org.apache.ratis.MiniRaftCluster.getLeader(MiniRaftCluster.java:539)
	at org.apache.ratis.MiniRaftCluster.getLeader(MiniRaftCluster.java:532)
	at org.apache.ratis.RaftTestUtil.lambda$waitForLeader$3(RaftTestUtil.java:98)
	at org.apache.ratis.util.JavaUtils.attempt(JavaUtils.java:152)
	at org.apache.ratis.RaftTestUtil.waitForLeader(RaftTestUtil.java:97)
	at org.apache.ratis.RaftTestUtil.waitForLeader(RaftTestUtil.java:77)
	at org.apache.ratis.RaftTestUtil.waitForLeader(RaftTestUtil.java:72)
	at org.apache.ratis.server.impl.RaftReconfigurationBaseTest.lambda$testAddPeers$0(RaftReconfigurationBaseTest.java:78)
	at org.apache.ratis.MiniRaftCluster$Factory$Get.runWithNewCluster(MiniRaftCluster.java:125)
	at org.apache.ratis.MiniRaftCluster$Factory$Get.runWithNewCluster(MiniRaftCluster.java:113)
	at org.apache.ratis.server.impl.RaftReconfigurationBaseTest.testAddPeers(RaftReconfigurationBaseTest.java:77)
	at sun.reflect.NativeMethodAccessorImpl.invoke0(Native Method)
	at sun.reflect.NativeMethodAccessorImpl.invoke(NativeMethodAccessorImpl.java:62)
	at sun.reflect.DelegatingMethodAccessorImpl.invoke(DelegatingMethodAccessorImpl.java:43)
	at java.lang.reflect.Method.invoke(Method.java:498)
	at org.junit.runners.model.FrameworkMethod$1.runReflectiveCall(FrameworkMethod.java:50)
	at org.junit.internal.runners.model.ReflectiveCallable.run(ReflectiveCallable.java:12)
	at org.junit.runners.model.FrameworkMethod.invokeExplosively(FrameworkMethod.java:47)
	at org.junit.internal.runners.statements.InvokeMethod.evaluate(InvokeMethod.java:17)
	at org.junit.internal.runners.statements.RunAfters.evaluate(RunAfters.java:27)
	at org.junit.internal.runners.statements.FailOnTimeout$CallableStatement.call(FailOnTimeout.java:298)
	at org.junit.internal.runners.statements.FailOnTimeout$CallableStatement.call(FailOnTimeout.java:292)
	at java.util.concurrent.FutureTask.run(FutureTask.java:266)
	at java.lang.Thread.run(Thread.java:748)
2019-09-24 17:03:37,792 INFO  ratis.MiniRaftCluster (MiniRaftCluster.java:lambda$null$5(297)) - TIMED-PRINT: printing ALL groups
  s0:  RUNNING CANDIDATE s0@group-CF66ACB98618:t4, leader=null, voted=s0, raftlog=s0@group-CF66ACB98618-SegmentedRaftLog:OPENED:c-1,f-1,i0, conf=-1: [s0:0.0.0.0:32897, s1:0.0.0.0:35696, s2:0.0.0.0:35236], old=null RUNNING
  s1:  RUNNING CANDIDATE s1@group-CF66ACB98618:t4, leader=null, voted=s1, raftlog=s1@group-CF66ACB98618-SegmentedRaftLog:OPENED:c-1,f-1,i0, conf=-1: [s0:0.0.0.0:32897, s1:0.0.0.0:35696, s2:0.0.0.0:35236], old=null RUNNING
  s2:  RUNNING CANDIDATE s2@group-CF66ACB98618:t5, leader=null, voted=s2, raftlog=s2@group-CF66ACB98618-SegmentedRaftLog:OPENED:c-1,f-1,i0, conf=-1: [s0:0.0.0.0:32897, s1:0.0.0.0:35696, s2:0.0.0.0:35236], old=null RUNNING
2019-09-24 17:03:38,171 WARN  ratis.RaftTestUtil (JavaUtils.java:attempt(158)) - FAILED "waitForLeader-null-(expectLeader? true)", attempt #24/100: java.lang.IllegalStateException: No leader yet : printing ALL groups
  s0:  RUNNING CANDIDATE s0@group-CF66ACB98618:t4, leader=null, voted=s0, raftlog=s0@group-CF66ACB98618-SegmentedRaftLog:OPENED:c-1,f-1,i0, conf=-1: [s0:0.0.0.0:32897, s1:0.0.0.0:35696, s2:0.0.0.0:35236], old=null RUNNING
  s1:  RUNNING CANDIDATE s1@group-CF66ACB98618:t4, leader=null, voted=s1, raftlog=s1@group-CF66ACB98618-SegmentedRaftLog:OPENED:c-1,f-1,i0, conf=-1: [s0:0.0.0.0:32897, s1:0.0.0.0:35696, s2:0.0.0.0:35236], old=null RUNNING
  s2:  RUNNING CANDIDATE s2@group-CF66ACB98618:t5, leader=null, voted=s2, raftlog=s2@group-CF66ACB98618-SegmentedRaftLog:OPENED:c-1,f-1,i0, conf=-1: [s0:0.0.0.0:32897, s1:0.0.0.0:35696, s2:0.0.0.0:35236], old=null RUNNING, sleep 450ms and then retry.
java.lang.IllegalStateException: No leader yet : printing ALL groups
  s0:  RUNNING CANDIDATE s0@group-CF66ACB98618:t4, leader=null, voted=s0, raftlog=s0@group-CF66ACB98618-SegmentedRaftLog:OPENED:c-1,f-1,i0, conf=-1: [s0:0.0.0.0:32897, s1:0.0.0.0:35696, s2:0.0.0.0:35236], old=null RUNNING
  s1:  RUNNING CANDIDATE s1@group-CF66ACB98618:t4, leader=null, voted=s1, raftlog=s1@group-CF66ACB98618-SegmentedRaftLog:OPENED:c-1,f-1,i0, conf=-1: [s0:0.0.0.0:32897, s1:0.0.0.0:35696, s2:0.0.0.0:35236], old=null RUNNING
  s2:  RUNNING CANDIDATE s2@group-CF66ACB98618:t5, leader=null, voted=s2, raftlog=s2@group-CF66ACB98618-SegmentedRaftLog:OPENED:c-1,f-1,i0, conf=-1: [s0:0.0.0.0:32897, s1:0.0.0.0:35696, s2:0.0.0.0:35236], old=null RUNNING
	at org.apache.ratis.MiniRaftCluster.newIllegalStateExceptionForNoLeaders(MiniRaftCluster.java:506)
	at org.apache.ratis.RaftTestUtil.lambda$waitForLeader$1(RaftTestUtil.java:90)
	at org.apache.ratis.MiniRaftCluster.getLeader(MiniRaftCluster.java:539)
	at org.apache.ratis.MiniRaftCluster.getLeader(MiniRaftCluster.java:532)
	at org.apache.ratis.RaftTestUtil.lambda$waitForLeader$3(RaftTestUtil.java:98)
	at org.apache.ratis.util.JavaUtils.attempt(JavaUtils.java:152)
	at org.apache.ratis.RaftTestUtil.waitForLeader(RaftTestUtil.java:97)
	at org.apache.ratis.RaftTestUtil.waitForLeader(RaftTestUtil.java:77)
	at org.apache.ratis.RaftTestUtil.waitForLeader(RaftTestUtil.java:72)
	at org.apache.ratis.server.impl.RaftReconfigurationBaseTest.lambda$testAddPeers$0(RaftReconfigurationBaseTest.java:78)
	at org.apache.ratis.MiniRaftCluster$Factory$Get.runWithNewCluster(MiniRaftCluster.java:125)
	at org.apache.ratis.MiniRaftCluster$Factory$Get.runWithNewCluster(MiniRaftCluster.java:113)
	at org.apache.ratis.server.impl.RaftReconfigurationBaseTest.testAddPeers(RaftReconfigurationBaseTest.java:77)
	at sun.reflect.NativeMethodAccessorImpl.invoke0(Native Method)
	at sun.reflect.NativeMethodAccessorImpl.invoke(NativeMethodAccessorImpl.java:62)
	at sun.reflect.DelegatingMethodAccessorImpl.invoke(DelegatingMethodAccessorImpl.java:43)
	at java.lang.reflect.Method.invoke(Method.java:498)
	at org.junit.runners.model.FrameworkMethod$1.runReflectiveCall(FrameworkMethod.java:50)
	at org.junit.internal.runners.model.ReflectiveCallable.run(ReflectiveCallable.java:12)
	at org.junit.runners.model.FrameworkMethod.invokeExplosively(FrameworkMethod.java:47)
	at org.junit.internal.runners.statements.InvokeMethod.evaluate(InvokeMethod.java:17)
	at org.junit.internal.runners.statements.RunAfters.evaluate(RunAfters.java:27)
	at org.junit.internal.runners.statements.FailOnTimeout$CallableStatement.call(FailOnTimeout.java:298)
	at org.junit.internal.runners.statements.FailOnTimeout$CallableStatement.call(FailOnTimeout.java:292)
	at java.util.concurrent.FutureTask.run(FutureTask.java:266)
	at java.lang.Thread.run(Thread.java:748)
2019-09-24 17:03:38,622 WARN  ratis.RaftTestUtil (JavaUtils.java:attempt(158)) - FAILED "waitForLeader-null-(expectLeader? true)", attempt #25/100: java.lang.IllegalStateException: No leader yet : printing ALL groups
  s0:  RUNNING CANDIDATE s0@group-CF66ACB98618:t4, leader=null, voted=s0, raftlog=s0@group-CF66ACB98618-SegmentedRaftLog:OPENED:c-1,f-1,i0, conf=-1: [s0:0.0.0.0:32897, s1:0.0.0.0:35696, s2:0.0.0.0:35236], old=null RUNNING
  s1:  RUNNING CANDIDATE s1@group-CF66ACB98618:t4, leader=null, voted=s1, raftlog=s1@group-CF66ACB98618-SegmentedRaftLog:OPENED:c-1,f-1,i0, conf=-1: [s0:0.0.0.0:32897, s1:0.0.0.0:35696, s2:0.0.0.0:35236], old=null RUNNING
  s2:  RUNNING CANDIDATE s2@group-CF66ACB98618:t5, leader=null, voted=s2, raftlog=s2@group-CF66ACB98618-SegmentedRaftLog:OPENED:c-1,f-1,i0, conf=-1: [s0:0.0.0.0:32897, s1:0.0.0.0:35696, s2:0.0.0.0:35236], old=null RUNNING, sleep 450ms and then retry.
java.lang.IllegalStateException: No leader yet : printing ALL groups
  s0:  RUNNING CANDIDATE s0@group-CF66ACB98618:t4, leader=null, voted=s0, raftlog=s0@group-CF66ACB98618-SegmentedRaftLog:OPENED:c-1,f-1,i0, conf=-1: [s0:0.0.0.0:32897, s1:0.0.0.0:35696, s2:0.0.0.0:35236], old=null RUNNING
  s1:  RUNNING CANDIDATE s1@group-CF66ACB98618:t4, leader=null, voted=s1, raftlog=s1@group-CF66ACB98618-SegmentedRaftLog:OPENED:c-1,f-1,i0, conf=-1: [s0:0.0.0.0:32897, s1:0.0.0.0:35696, s2:0.0.0.0:35236], old=null RUNNING
  s2:  RUNNING CANDIDATE s2@group-CF66ACB98618:t5, leader=null, voted=s2, raftlog=s2@group-CF66ACB98618-SegmentedRaftLog:OPENED:c-1,f-1,i0, conf=-1: [s0:0.0.0.0:32897, s1:0.0.0.0:35696, s2:0.0.0.0:35236], old=null RUNNING
	at org.apache.ratis.MiniRaftCluster.newIllegalStateExceptionForNoLeaders(MiniRaftCluster.java:506)
	at org.apache.ratis.RaftTestUtil.lambda$waitForLeader$1(RaftTestUtil.java:90)
	at org.apache.ratis.MiniRaftCluster.getLeader(MiniRaftCluster.java:539)
	at org.apache.ratis.MiniRaftCluster.getLeader(MiniRaftCluster.java:532)
	at org.apache.ratis.RaftTestUtil.lambda$waitForLeader$3(RaftTestUtil.java:98)
	at org.apache.ratis.util.JavaUtils.attempt(JavaUtils.java:152)
	at org.apache.ratis.RaftTestUtil.waitForLeader(RaftTestUtil.java:97)
	at org.apache.ratis.RaftTestUtil.waitForLeader(RaftTestUtil.java:77)
	at org.apache.ratis.RaftTestUtil.waitForLeader(RaftTestUtil.java:72)
	at org.apache.ratis.server.impl.RaftReconfigurationBaseTest.lambda$testAddPeers$0(RaftReconfigurationBaseTest.java:78)
	at org.apache.ratis.MiniRaftCluster$Factory$Get.runWithNewCluster(MiniRaftCluster.java:125)
	at org.apache.ratis.MiniRaftCluster$Factory$Get.runWithNewCluster(MiniRaftCluster.java:113)
	at org.apache.ratis.server.impl.RaftReconfigurationBaseTest.testAddPeers(RaftReconfigurationBaseTest.java:77)
	at sun.reflect.NativeMethodAccessorImpl.invoke0(Native Method)
	at sun.reflect.NativeMethodAccessorImpl.invoke(NativeMethodAccessorImpl.java:62)
	at sun.reflect.DelegatingMethodAccessorImpl.invoke(DelegatingMethodAccessorImpl.java:43)
	at java.lang.reflect.Method.invoke(Method.java:498)
	at org.junit.runners.model.FrameworkMethod$1.runReflectiveCall(FrameworkMethod.java:50)
	at org.junit.internal.runners.model.ReflectiveCallable.run(ReflectiveCallable.java:12)
	at org.junit.runners.model.FrameworkMethod.invokeExplosively(FrameworkMethod.java:47)
	at org.junit.internal.runners.statements.InvokeMethod.evaluate(InvokeMethod.java:17)
	at org.junit.internal.runners.statements.RunAfters.evaluate(RunAfters.java:27)
	at org.junit.internal.runners.statements.FailOnTimeout$CallableStatement.call(FailOnTimeout.java:298)
	at org.junit.internal.runners.statements.FailOnTimeout$CallableStatement.call(FailOnTimeout.java:292)
	at java.util.concurrent.FutureTask.run(FutureTask.java:266)
	at java.lang.Thread.run(Thread.java:748)
2019-09-24 17:03:39,073 WARN  ratis.RaftTestUtil (JavaUtils.java:attempt(158)) - FAILED "waitForLeader-null-(expectLeader? true)", attempt #26/100: java.lang.IllegalStateException: No leader yet : printing ALL groups
  s0:  RUNNING CANDIDATE s0@group-CF66ACB98618:t4, leader=null, voted=s0, raftlog=s0@group-CF66ACB98618-SegmentedRaftLog:OPENED:c-1,f-1,i0, conf=-1: [s0:0.0.0.0:32897, s1:0.0.0.0:35696, s2:0.0.0.0:35236], old=null RUNNING
  s1:  RUNNING CANDIDATE s1@group-CF66ACB98618:t4, leader=null, voted=s1, raftlog=s1@group-CF66ACB98618-SegmentedRaftLog:OPENED:c-1,f-1,i0, conf=-1: [s0:0.0.0.0:32897, s1:0.0.0.0:35696, s2:0.0.0.0:35236], old=null RUNNING
  s2:  RUNNING CANDIDATE s2@group-CF66ACB98618:t5, leader=null, voted=s2, raftlog=s2@group-CF66ACB98618-SegmentedRaftLog:OPENED:c-1,f-1,i0, conf=-1: [s0:0.0.0.0:32897, s1:0.0.0.0:35696, s2:0.0.0.0:35236], old=null RUNNING, sleep 450ms and then retry.
java.lang.IllegalStateException: No leader yet : printing ALL groups
  s0:  RUNNING CANDIDATE s0@group-CF66ACB98618:t4, leader=null, voted=s0, raftlog=s0@group-CF66ACB98618-SegmentedRaftLog:OPENED:c-1,f-1,i0, conf=-1: [s0:0.0.0.0:32897, s1:0.0.0.0:35696, s2:0.0.0.0:35236], old=null RUNNING
  s1:  RUNNING CANDIDATE s1@group-CF66ACB98618:t4, leader=null, voted=s1, raftlog=s1@group-CF66ACB98618-SegmentedRaftLog:OPENED:c-1,f-1,i0, conf=-1: [s0:0.0.0.0:32897, s1:0.0.0.0:35696, s2:0.0.0.0:35236], old=null RUNNING
  s2:  RUNNING CANDIDATE s2@group-CF66ACB98618:t5, leader=null, voted=s2, raftlog=s2@group-CF66ACB98618-SegmentedRaftLog:OPENED:c-1,f-1,i0, conf=-1: [s0:0.0.0.0:32897, s1:0.0.0.0:35696, s2:0.0.0.0:35236], old=null RUNNING
	at org.apache.ratis.MiniRaftCluster.newIllegalStateExceptionForNoLeaders(MiniRaftCluster.java:506)
	at org.apache.ratis.RaftTestUtil.lambda$waitForLeader$1(RaftTestUtil.java:90)
	at org.apache.ratis.MiniRaftCluster.getLeader(MiniRaftCluster.java:539)
	at org.apache.ratis.MiniRaftCluster.getLeader(MiniRaftCluster.java:532)
	at org.apache.ratis.RaftTestUtil.lambda$waitForLeader$3(RaftTestUtil.java:98)
	at org.apache.ratis.util.JavaUtils.attempt(JavaUtils.java:152)
	at org.apache.ratis.RaftTestUtil.waitForLeader(RaftTestUtil.java:97)
	at org.apache.ratis.RaftTestUtil.waitForLeader(RaftTestUtil.java:77)
	at org.apache.ratis.RaftTestUtil.waitForLeader(RaftTestUtil.java:72)
	at org.apache.ratis.server.impl.RaftReconfigurationBaseTest.lambda$testAddPeers$0(RaftReconfigurationBaseTest.java:78)
	at org.apache.ratis.MiniRaftCluster$Factory$Get.runWithNewCluster(MiniRaftCluster.java:125)
	at org.apache.ratis.MiniRaftCluster$Factory$Get.runWithNewCluster(MiniRaftCluster.java:113)
	at org.apache.ratis.server.impl.RaftReconfigurationBaseTest.testAddPeers(RaftReconfigurationBaseTest.java:77)
	at sun.reflect.NativeMethodAccessorImpl.invoke0(Native Method)
	at sun.reflect.NativeMethodAccessorImpl.invoke(NativeMethodAccessorImpl.java:62)
	at sun.reflect.DelegatingMethodAccessorImpl.invoke(DelegatingMethodAccessorImpl.java:43)
	at java.lang.reflect.Method.invoke(Method.java:498)
	at org.junit.runners.model.FrameworkMethod$1.runReflectiveCall(FrameworkMethod.java:50)
	at org.junit.internal.runners.model.ReflectiveCallable.run(ReflectiveCallable.java:12)
	at org.junit.runners.model.FrameworkMethod.invokeExplosively(FrameworkMethod.java:47)
	at org.junit.internal.runners.statements.InvokeMethod.evaluate(InvokeMethod.java:17)
	at org.junit.internal.runners.statements.RunAfters.evaluate(RunAfters.java:27)
	at org.junit.internal.runners.statements.FailOnTimeout$CallableStatement.call(FailOnTimeout.java:298)
	at org.junit.internal.runners.statements.FailOnTimeout$CallableStatement.call(FailOnTimeout.java:292)
	at java.util.concurrent.FutureTask.run(FutureTask.java:266)
	at java.lang.Thread.run(Thread.java:748)
2019-09-24 17:03:39,525 WARN  ratis.RaftTestUtil (JavaUtils.java:attempt(158)) - FAILED "waitForLeader-null-(expectLeader? true)", attempt #27/100: java.lang.IllegalStateException: No leader yet : printing ALL groups
  s0:  RUNNING CANDIDATE s0@group-CF66ACB98618:t4, leader=null, voted=s0, raftlog=s0@group-CF66ACB98618-SegmentedRaftLog:OPENED:c-1,f-1,i0, conf=-1: [s0:0.0.0.0:32897, s1:0.0.0.0:35696, s2:0.0.0.0:35236], old=null RUNNING
  s1:  RUNNING CANDIDATE s1@group-CF66ACB98618:t4, leader=null, voted=s1, raftlog=s1@group-CF66ACB98618-SegmentedRaftLog:OPENED:c-1,f-1,i0, conf=-1: [s0:0.0.0.0:32897, s1:0.0.0.0:35696, s2:0.0.0.0:35236], old=null RUNNING
  s2:  RUNNING CANDIDATE s2@group-CF66ACB98618:t5, leader=null, voted=s2, raftlog=s2@group-CF66ACB98618-SegmentedRaftLog:OPENED:c-1,f-1,i0, conf=-1: [s0:0.0.0.0:32897, s1:0.0.0.0:35696, s2:0.0.0.0:35236], old=null RUNNING, sleep 450ms and then retry.
java.lang.IllegalStateException: No leader yet : printing ALL groups
  s0:  RUNNING CANDIDATE s0@group-CF66ACB98618:t4, leader=null, voted=s0, raftlog=s0@group-CF66ACB98618-SegmentedRaftLog:OPENED:c-1,f-1,i0, conf=-1: [s0:0.0.0.0:32897, s1:0.0.0.0:35696, s2:0.0.0.0:35236], old=null RUNNING
  s1:  RUNNING CANDIDATE s1@group-CF66ACB98618:t4, leader=null, voted=s1, raftlog=s1@group-CF66ACB98618-SegmentedRaftLog:OPENED:c-1,f-1,i0, conf=-1: [s0:0.0.0.0:32897, s1:0.0.0.0:35696, s2:0.0.0.0:35236], old=null RUNNING
  s2:  RUNNING CANDIDATE s2@group-CF66ACB98618:t5, leader=null, voted=s2, raftlog=s2@group-CF66ACB98618-SegmentedRaftLog:OPENED:c-1,f-1,i0, conf=-1: [s0:0.0.0.0:32897, s1:0.0.0.0:35696, s2:0.0.0.0:35236], old=null RUNNING
	at org.apache.ratis.MiniRaftCluster.newIllegalStateExceptionForNoLeaders(MiniRaftCluster.java:506)
	at org.apache.ratis.RaftTestUtil.lambda$waitForLeader$1(RaftTestUtil.java:90)
	at org.apache.ratis.MiniRaftCluster.getLeader(MiniRaftCluster.java:539)
	at org.apache.ratis.MiniRaftCluster.getLeader(MiniRaftCluster.java:532)
	at org.apache.ratis.RaftTestUtil.lambda$waitForLeader$3(RaftTestUtil.java:98)
	at org.apache.ratis.util.JavaUtils.attempt(JavaUtils.java:152)
	at org.apache.ratis.RaftTestUtil.waitForLeader(RaftTestUtil.java:97)
	at org.apache.ratis.RaftTestUtil.waitForLeader(RaftTestUtil.java:77)
	at org.apache.ratis.RaftTestUtil.waitForLeader(RaftTestUtil.java:72)
	at org.apache.ratis.server.impl.RaftReconfigurationBaseTest.lambda$testAddPeers$0(RaftReconfigurationBaseTest.java:78)
	at org.apache.ratis.MiniRaftCluster$Factory$Get.runWithNewCluster(MiniRaftCluster.java:125)
	at org.apache.ratis.MiniRaftCluster$Factory$Get.runWithNewCluster(MiniRaftCluster.java:113)
	at org.apache.ratis.server.impl.RaftReconfigurationBaseTest.testAddPeers(RaftReconfigurationBaseTest.java:77)
	at sun.reflect.NativeMethodAccessorImpl.invoke0(Native Method)
	at sun.reflect.NativeMethodAccessorImpl.invoke(NativeMethodAccessorImpl.java:62)
	at sun.reflect.DelegatingMethodAccessorImpl.invoke(DelegatingMethodAccessorImpl.java:43)
	at java.lang.reflect.Method.invoke(Method.java:498)
	at org.junit.runners.model.FrameworkMethod$1.runReflectiveCall(FrameworkMethod.java:50)
	at org.junit.internal.runners.model.ReflectiveCallable.run(ReflectiveCallable.java:12)
	at org.junit.runners.model.FrameworkMethod.invokeExplosively(FrameworkMethod.java:47)
	at org.junit.internal.runners.statements.InvokeMethod.evaluate(InvokeMethod.java:17)
	at org.junit.internal.runners.statements.RunAfters.evaluate(RunAfters.java:27)
	at org.junit.internal.runners.statements.FailOnTimeout$CallableStatement.call(FailOnTimeout.java:298)
	at org.junit.internal.runners.statements.FailOnTimeout$CallableStatement.call(FailOnTimeout.java:292)
	at java.util.concurrent.FutureTask.run(FutureTask.java:266)
	at java.lang.Thread.run(Thread.java:748)
2019-09-24 17:03:39,976 WARN  ratis.RaftTestUtil (JavaUtils.java:attempt(158)) - FAILED "waitForLeader-null-(expectLeader? true)", attempt #28/100: java.lang.IllegalStateException: No leader yet : printing ALL groups
  s0:  RUNNING CANDIDATE s0@group-CF66ACB98618:t4, leader=null, voted=s0, raftlog=s0@group-CF66ACB98618-SegmentedRaftLog:OPENED:c-1,f-1,i0, conf=-1: [s0:0.0.0.0:32897, s1:0.0.0.0:35696, s2:0.0.0.0:35236], old=null RUNNING
  s1:  RUNNING CANDIDATE s1@group-CF66ACB98618:t4, leader=null, voted=s1, raftlog=s1@group-CF66ACB98618-SegmentedRaftLog:OPENED:c-1,f-1,i0, conf=-1: [s0:0.0.0.0:32897, s1:0.0.0.0:35696, s2:0.0.0.0:35236], old=null RUNNING
  s2:  RUNNING CANDIDATE s2@group-CF66ACB98618:t5, leader=null, voted=s2, raftlog=s2@group-CF66ACB98618-SegmentedRaftLog:OPENED:c-1,f-1,i0, conf=-1: [s0:0.0.0.0:32897, s1:0.0.0.0:35696, s2:0.0.0.0:35236], old=null RUNNING, sleep 450ms and then retry.
java.lang.IllegalStateException: No leader yet : printing ALL groups
  s0:  RUNNING CANDIDATE s0@group-CF66ACB98618:t4, leader=null, voted=s0, raftlog=s0@group-CF66ACB98618-SegmentedRaftLog:OPENED:c-1,f-1,i0, conf=-1: [s0:0.0.0.0:32897, s1:0.0.0.0:35696, s2:0.0.0.0:35236], old=null RUNNING
  s1:  RUNNING CANDIDATE s1@group-CF66ACB98618:t4, leader=null, voted=s1, raftlog=s1@group-CF66ACB98618-SegmentedRaftLog:OPENED:c-1,f-1,i0, conf=-1: [s0:0.0.0.0:32897, s1:0.0.0.0:35696, s2:0.0.0.0:35236], old=null RUNNING
  s2:  RUNNING CANDIDATE s2@group-CF66ACB98618:t5, leader=null, voted=s2, raftlog=s2@group-CF66ACB98618-SegmentedRaftLog:OPENED:c-1,f-1,i0, conf=-1: [s0:0.0.0.0:32897, s1:0.0.0.0:35696, s2:0.0.0.0:35236], old=null RUNNING
	at org.apache.ratis.MiniRaftCluster.newIllegalStateExceptionForNoLeaders(MiniRaftCluster.java:506)
	at org.apache.ratis.RaftTestUtil.lambda$waitForLeader$1(RaftTestUtil.java:90)
	at org.apache.ratis.MiniRaftCluster.getLeader(MiniRaftCluster.java:539)
	at org.apache.ratis.MiniRaftCluster.getLeader(MiniRaftCluster.java:532)
	at org.apache.ratis.RaftTestUtil.lambda$waitForLeader$3(RaftTestUtil.java:98)
	at org.apache.ratis.util.JavaUtils.attempt(JavaUtils.java:152)
	at org.apache.ratis.RaftTestUtil.waitForLeader(RaftTestUtil.java:97)
	at org.apache.ratis.RaftTestUtil.waitForLeader(RaftTestUtil.java:77)
	at org.apache.ratis.RaftTestUtil.waitForLeader(RaftTestUtil.java:72)
	at org.apache.ratis.server.impl.RaftReconfigurationBaseTest.lambda$testAddPeers$0(RaftReconfigurationBaseTest.java:78)
	at org.apache.ratis.MiniRaftCluster$Factory$Get.runWithNewCluster(MiniRaftCluster.java:125)
	at org.apache.ratis.MiniRaftCluster$Factory$Get.runWithNewCluster(MiniRaftCluster.java:113)
	at org.apache.ratis.server.impl.RaftReconfigurationBaseTest.testAddPeers(RaftReconfigurationBaseTest.java:77)
	at sun.reflect.NativeMethodAccessorImpl.invoke0(Native Method)
	at sun.reflect.NativeMethodAccessorImpl.invoke(NativeMethodAccessorImpl.java:62)
	at sun.reflect.DelegatingMethodAccessorImpl.invoke(DelegatingMethodAccessorImpl.java:43)
	at java.lang.reflect.Method.invoke(Method.java:498)
	at org.junit.runners.model.FrameworkMethod$1.runReflectiveCall(FrameworkMethod.java:50)
	at org.junit.internal.runners.model.ReflectiveCallable.run(ReflectiveCallable.java:12)
	at org.junit.runners.model.FrameworkMethod.invokeExplosively(FrameworkMethod.java:47)
	at org.junit.internal.runners.statements.InvokeMethod.evaluate(InvokeMethod.java:17)
	at org.junit.internal.runners.statements.RunAfters.evaluate(RunAfters.java:27)
	at org.junit.internal.runners.statements.FailOnTimeout$CallableStatement.call(FailOnTimeout.java:298)
	at org.junit.internal.runners.statements.FailOnTimeout$CallableStatement.call(FailOnTimeout.java:292)
	at java.util.concurrent.FutureTask.run(FutureTask.java:266)
	at java.lang.Thread.run(Thread.java:748)
2019-09-24 17:03:40,427 WARN  ratis.RaftTestUtil (JavaUtils.java:attempt(158)) - FAILED "waitForLeader-null-(expectLeader? true)", attempt #29/100: java.lang.IllegalStateException: No leader yet : printing ALL groups
  s0:  RUNNING CANDIDATE s0@group-CF66ACB98618:t4, leader=null, voted=s0, raftlog=s0@group-CF66ACB98618-SegmentedRaftLog:OPENED:c-1,f-1,i0, conf=-1: [s0:0.0.0.0:32897, s1:0.0.0.0:35696, s2:0.0.0.0:35236], old=null RUNNING
  s1:  RUNNING CANDIDATE s1@group-CF66ACB98618:t4, leader=null, voted=s1, raftlog=s1@group-CF66ACB98618-SegmentedRaftLog:OPENED:c-1,f-1,i0, conf=-1: [s0:0.0.0.0:32897, s1:0.0.0.0:35696, s2:0.0.0.0:35236], old=null RUNNING
  s2:  RUNNING CANDIDATE s2@group-CF66ACB98618:t5, leader=null, voted=s2, raftlog=s2@group-CF66ACB98618-SegmentedRaftLog:OPENED:c-1,f-1,i0, conf=-1: [s0:0.0.0.0:32897, s1:0.0.0.0:35696, s2:0.0.0.0:35236], old=null RUNNING, sleep 450ms and then retry.
java.lang.IllegalStateException: No leader yet : printing ALL groups
  s0:  RUNNING CANDIDATE s0@group-CF66ACB98618:t4, leader=null, voted=s0, raftlog=s0@group-CF66ACB98618-SegmentedRaftLog:OPENED:c-1,f-1,i0, conf=-1: [s0:0.0.0.0:32897, s1:0.0.0.0:35696, s2:0.0.0.0:35236], old=null RUNNING
  s1:  RUNNING CANDIDATE s1@group-CF66ACB98618:t4, leader=null, voted=s1, raftlog=s1@group-CF66ACB98618-SegmentedRaftLog:OPENED:c-1,f-1,i0, conf=-1: [s0:0.0.0.0:32897, s1:0.0.0.0:35696, s2:0.0.0.0:35236], old=null RUNNING
  s2:  RUNNING CANDIDATE s2@group-CF66ACB98618:t5, leader=null, voted=s2, raftlog=s2@group-CF66ACB98618-SegmentedRaftLog:OPENED:c-1,f-1,i0, conf=-1: [s0:0.0.0.0:32897, s1:0.0.0.0:35696, s2:0.0.0.0:35236], old=null RUNNING
	at org.apache.ratis.MiniRaftCluster.newIllegalStateExceptionForNoLeaders(MiniRaftCluster.java:506)
	at org.apache.ratis.RaftTestUtil.lambda$waitForLeader$1(RaftTestUtil.java:90)
	at org.apache.ratis.MiniRaftCluster.getLeader(MiniRaftCluster.java:539)
	at org.apache.ratis.MiniRaftCluster.getLeader(MiniRaftCluster.java:532)
	at org.apache.ratis.RaftTestUtil.lambda$waitForLeader$3(RaftTestUtil.java:98)
	at org.apache.ratis.util.JavaUtils.attempt(JavaUtils.java:152)
	at org.apache.ratis.RaftTestUtil.waitForLeader(RaftTestUtil.java:97)
	at org.apache.ratis.RaftTestUtil.waitForLeader(RaftTestUtil.java:77)
	at org.apache.ratis.RaftTestUtil.waitForLeader(RaftTestUtil.java:72)
	at org.apache.ratis.server.impl.RaftReconfigurationBaseTest.lambda$testAddPeers$0(RaftReconfigurationBaseTest.java:78)
	at org.apache.ratis.MiniRaftCluster$Factory$Get.runWithNewCluster(MiniRaftCluster.java:125)
	at org.apache.ratis.MiniRaftCluster$Factory$Get.runWithNewCluster(MiniRaftCluster.java:113)
	at org.apache.ratis.server.impl.RaftReconfigurationBaseTest.testAddPeers(RaftReconfigurationBaseTest.java:77)
	at sun.reflect.NativeMethodAccessorImpl.invoke0(Native Method)
	at sun.reflect.NativeMethodAccessorImpl.invoke(NativeMethodAccessorImpl.java:62)
	at sun.reflect.DelegatingMethodAccessorImpl.invoke(DelegatingMethodAccessorImpl.java:43)
	at java.lang.reflect.Method.invoke(Method.java:498)
	at org.junit.runners.model.FrameworkMethod$1.runReflectiveCall(FrameworkMethod.java:50)
	at org.junit.internal.runners.model.ReflectiveCallable.run(ReflectiveCallable.java:12)
	at org.junit.runners.model.FrameworkMethod.invokeExplosively(FrameworkMethod.java:47)
	at org.junit.internal.runners.statements.InvokeMethod.evaluate(InvokeMethod.java:17)
	at org.junit.internal.runners.statements.RunAfters.evaluate(RunAfters.java:27)
	at org.junit.internal.runners.statements.FailOnTimeout$CallableStatement.call(FailOnTimeout.java:298)
	at org.junit.internal.runners.statements.FailOnTimeout$CallableStatement.call(FailOnTimeout.java:292)
	at java.util.concurrent.FutureTask.run(FutureTask.java:266)
	at java.lang.Thread.run(Thread.java:748)
2019-09-24 17:03:40,878 WARN  ratis.RaftTestUtil (JavaUtils.java:attempt(158)) - FAILED "waitForLeader-null-(expectLeader? true)", attempt #30/100: java.lang.IllegalStateException: No leader yet : printing ALL groups
  s0:  RUNNING CANDIDATE s0@group-CF66ACB98618:t4, leader=null, voted=s0, raftlog=s0@group-CF66ACB98618-SegmentedRaftLog:OPENED:c-1,f-1,i0, conf=-1: [s0:0.0.0.0:32897, s1:0.0.0.0:35696, s2:0.0.0.0:35236], old=null RUNNING
  s1:  RUNNING CANDIDATE s1@group-CF66ACB98618:t4, leader=null, voted=s1, raftlog=s1@group-CF66ACB98618-SegmentedRaftLog:OPENED:c-1,f-1,i0, conf=-1: [s0:0.0.0.0:32897, s1:0.0.0.0:35696, s2:0.0.0.0:35236], old=null RUNNING
  s2:  RUNNING CANDIDATE s2@group-CF66ACB98618:t5, leader=null, voted=s2, raftlog=s2@group-CF66ACB98618-SegmentedRaftLog:OPENED:c-1,f-1,i0, conf=-1: [s0:0.0.0.0:32897, s1:0.0.0.0:35696, s2:0.0.0.0:35236], old=null RUNNING, sleep 450ms and then retry.
java.lang.IllegalStateException: No leader yet : printing ALL groups
  s0:  RUNNING CANDIDATE s0@group-CF66ACB98618:t4, leader=null, voted=s0, raftlog=s0@group-CF66ACB98618-SegmentedRaftLog:OPENED:c-1,f-1,i0, conf=-1: [s0:0.0.0.0:32897, s1:0.0.0.0:35696, s2:0.0.0.0:35236], old=null RUNNING
  s1:  RUNNING CANDIDATE s1@group-CF66ACB98618:t4, leader=null, voted=s1, raftlog=s1@group-CF66ACB98618-SegmentedRaftLog:OPENED:c-1,f-1,i0, conf=-1: [s0:0.0.0.0:32897, s1:0.0.0.0:35696, s2:0.0.0.0:35236], old=null RUNNING
  s2:  RUNNING CANDIDATE s2@group-CF66ACB98618:t5, leader=null, voted=s2, raftlog=s2@group-CF66ACB98618-SegmentedRaftLog:OPENED:c-1,f-1,i0, conf=-1: [s0:0.0.0.0:32897, s1:0.0.0.0:35696, s2:0.0.0.0:35236], old=null RUNNING
	at org.apache.ratis.MiniRaftCluster.newIllegalStateExceptionForNoLeaders(MiniRaftCluster.java:506)
	at org.apache.ratis.RaftTestUtil.lambda$waitForLeader$1(RaftTestUtil.java:90)
	at org.apache.ratis.MiniRaftCluster.getLeader(MiniRaftCluster.java:539)
	at org.apache.ratis.MiniRaftCluster.getLeader(MiniRaftCluster.java:532)
	at org.apache.ratis.RaftTestUtil.lambda$waitForLeader$3(RaftTestUtil.java:98)
	at org.apache.ratis.util.JavaUtils.attempt(JavaUtils.java:152)
	at org.apache.ratis.RaftTestUtil.waitForLeader(RaftTestUtil.java:97)
	at org.apache.ratis.RaftTestUtil.waitForLeader(RaftTestUtil.java:77)
	at org.apache.ratis.RaftTestUtil.waitForLeader(RaftTestUtil.java:72)
	at org.apache.ratis.server.impl.RaftReconfigurationBaseTest.lambda$testAddPeers$0(RaftReconfigurationBaseTest.java:78)
	at org.apache.ratis.MiniRaftCluster$Factory$Get.runWithNewCluster(MiniRaftCluster.java:125)
	at org.apache.ratis.MiniRaftCluster$Factory$Get.runWithNewCluster(MiniRaftCluster.java:113)
	at org.apache.ratis.server.impl.RaftReconfigurationBaseTest.testAddPeers(RaftReconfigurationBaseTest.java:77)
	at sun.reflect.NativeMethodAccessorImpl.invoke0(Native Method)
	at sun.reflect.NativeMethodAccessorImpl.invoke(NativeMethodAccessorImpl.java:62)
	at sun.reflect.DelegatingMethodAccessorImpl.invoke(DelegatingMethodAccessorImpl.java:43)
	at java.lang.reflect.Method.invoke(Method.java:498)
	at org.junit.runners.model.FrameworkMethod$1.runReflectiveCall(FrameworkMethod.java:50)
	at org.junit.internal.runners.model.ReflectiveCallable.run(ReflectiveCallable.java:12)
	at org.junit.runners.model.FrameworkMethod.invokeExplosively(FrameworkMethod.java:47)
	at org.junit.internal.runners.statements.InvokeMethod.evaluate(InvokeMethod.java:17)
	at org.junit.internal.runners.statements.RunAfters.evaluate(RunAfters.java:27)
	at org.junit.internal.runners.statements.FailOnTimeout$CallableStatement.call(FailOnTimeout.java:298)
	at org.junit.internal.runners.statements.FailOnTimeout$CallableStatement.call(FailOnTimeout.java:292)
	at java.util.concurrent.FutureTask.run(FutureTask.java:266)
	at java.lang.Thread.run(Thread.java:748)
2019-09-24 17:03:41,330 WARN  ratis.RaftTestUtil (JavaUtils.java:attempt(158)) - FAILED "waitForLeader-null-(expectLeader? true)", attempt #31/100: java.lang.IllegalStateException: No leader yet : printing ALL groups
  s0:  RUNNING CANDIDATE s0@group-CF66ACB98618:t4, leader=null, voted=s0, raftlog=s0@group-CF66ACB98618-SegmentedRaftLog:OPENED:c-1,f-1,i0, conf=-1: [s0:0.0.0.0:32897, s1:0.0.0.0:35696, s2:0.0.0.0:35236], old=null RUNNING
  s1:  RUNNING CANDIDATE s1@group-CF66ACB98618:t4, leader=null, voted=s1, raftlog=s1@group-CF66ACB98618-SegmentedRaftLog:OPENED:c-1,f-1,i0, conf=-1: [s0:0.0.0.0:32897, s1:0.0.0.0:35696, s2:0.0.0.0:35236], old=null RUNNING
  s2:  RUNNING CANDIDATE s2@group-CF66ACB98618:t5, leader=null, voted=s2, raftlog=s2@group-CF66ACB98618-SegmentedRaftLog:OPENED:c-1,f-1,i0, conf=-1: [s0:0.0.0.0:32897, s1:0.0.0.0:35696, s2:0.0.0.0:35236], old=null RUNNING, sleep 450ms and then retry.
java.lang.IllegalStateException: No leader yet : printing ALL groups
  s0:  RUNNING CANDIDATE s0@group-CF66ACB98618:t4, leader=null, voted=s0, raftlog=s0@group-CF66ACB98618-SegmentedRaftLog:OPENED:c-1,f-1,i0, conf=-1: [s0:0.0.0.0:32897, s1:0.0.0.0:35696, s2:0.0.0.0:35236], old=null RUNNING
  s1:  RUNNING CANDIDATE s1@group-CF66ACB98618:t4, leader=null, voted=s1, raftlog=s1@group-CF66ACB98618-SegmentedRaftLog:OPENED:c-1,f-1,i0, conf=-1: [s0:0.0.0.0:32897, s1:0.0.0.0:35696, s2:0.0.0.0:35236], old=null RUNNING
  s2:  RUNNING CANDIDATE s2@group-CF66ACB98618:t5, leader=null, voted=s2, raftlog=s2@group-CF66ACB98618-SegmentedRaftLog:OPENED:c-1,f-1,i0, conf=-1: [s0:0.0.0.0:32897, s1:0.0.0.0:35696, s2:0.0.0.0:35236], old=null RUNNING
	at org.apache.ratis.MiniRaftCluster.newIllegalStateExceptionForNoLeaders(MiniRaftCluster.java:506)
	at org.apache.ratis.RaftTestUtil.lambda$waitForLeader$1(RaftTestUtil.java:90)
	at org.apache.ratis.MiniRaftCluster.getLeader(MiniRaftCluster.java:539)
	at org.apache.ratis.MiniRaftCluster.getLeader(MiniRaftCluster.java:532)
	at org.apache.ratis.RaftTestUtil.lambda$waitForLeader$3(RaftTestUtil.java:98)
	at org.apache.ratis.util.JavaUtils.attempt(JavaUtils.java:152)
	at org.apache.ratis.RaftTestUtil.waitForLeader(RaftTestUtil.java:97)
	at org.apache.ratis.RaftTestUtil.waitForLeader(RaftTestUtil.java:77)
	at org.apache.ratis.RaftTestUtil.waitForLeader(RaftTestUtil.java:72)
	at org.apache.ratis.server.impl.RaftReconfigurationBaseTest.lambda$testAddPeers$0(RaftReconfigurationBaseTest.java:78)
	at org.apache.ratis.MiniRaftCluster$Factory$Get.runWithNewCluster(MiniRaftCluster.java:125)
	at org.apache.ratis.MiniRaftCluster$Factory$Get.runWithNewCluster(MiniRaftCluster.java:113)
	at org.apache.ratis.server.impl.RaftReconfigurationBaseTest.testAddPeers(RaftReconfigurationBaseTest.java:77)
	at sun.reflect.NativeMethodAccessorImpl.invoke0(Native Method)
	at sun.reflect.NativeMethodAccessorImpl.invoke(NativeMethodAccessorImpl.java:62)
	at sun.reflect.DelegatingMethodAccessorImpl.invoke(DelegatingMethodAccessorImpl.java:43)
	at java.lang.reflect.Method.invoke(Method.java:498)
	at org.junit.runners.model.FrameworkMethod$1.runReflectiveCall(FrameworkMethod.java:50)
	at org.junit.internal.runners.model.ReflectiveCallable.run(ReflectiveCallable.java:12)
	at org.junit.runners.model.FrameworkMethod.invokeExplosively(FrameworkMethod.java:47)
	at org.junit.internal.runners.statements.InvokeMethod.evaluate(InvokeMethod.java:17)
	at org.junit.internal.runners.statements.RunAfters.evaluate(RunAfters.java:27)
	at org.junit.internal.runners.statements.FailOnTimeout$CallableStatement.call(FailOnTimeout.java:298)
	at org.junit.internal.runners.statements.FailOnTimeout$CallableStatement.call(FailOnTimeout.java:292)
	at java.util.concurrent.FutureTask.run(FutureTask.java:266)
	at java.lang.Thread.run(Thread.java:748)
2019-09-24 17:03:41,558 INFO  impl.LeaderElection (LeaderElection.java:askForVotes(178)) - s2@group-CF66ACB98618-LeaderElection163: begin an election at term 5 for -1: [s0:0.0.0.0:32897, s1:0.0.0.0:35696, s2:0.0.0.0:35236], old=null
2019-09-24 17:03:41,558 INFO  impl.LeaderElection (LeaderElection.java:askForVotes(178)) - s0@group-CF66ACB98618-LeaderElection164: begin an election at term 4 for -1: [s0:0.0.0.0:32897, s1:0.0.0.0:35696, s2:0.0.0.0:35236], old=null
2019-09-24 17:03:41,558 INFO  impl.LeaderElection (LeaderElection.java:askForVotes(178)) - s1@group-CF66ACB98618-LeaderElection165: begin an election at term 4 for -1: [s0:0.0.0.0:32897, s1:0.0.0.0:35696, s2:0.0.0.0:35236], old=null
2019-09-24 17:03:41,559 DEBUG impl.RaftServerImpl (RaftServerImpl.java:requestVote(743)) - s0@group-CF66ACB98618: receive requestVote(s2, group-CF66ACB98618, 5, (t:0, i:0))
2019-09-24 17:03:41,559 DEBUG impl.RaftServerImpl (RaftServerImpl.java:requestVote(743)) - s1@group-CF66ACB98618: receive requestVote(s2, group-CF66ACB98618, 5, (t:0, i:0))
2019-09-24 17:03:41,781 WARN  ratis.RaftTestUtil (JavaUtils.java:attempt(158)) - FAILED "waitForLeader-null-(expectLeader? true)", attempt #32/100: java.lang.IllegalStateException: No leader yet : printing ALL groups
  s0:  RUNNING CANDIDATE s0@group-CF66ACB98618:t5, leader=null, voted=s0, raftlog=s0@group-CF66ACB98618-SegmentedRaftLog:OPENED:c-1,f-1,i0, conf=-1: [s0:0.0.0.0:32897, s1:0.0.0.0:35696, s2:0.0.0.0:35236], old=null RUNNING
  s1:  RUNNING CANDIDATE s1@group-CF66ACB98618:t5, leader=null, voted=s1, raftlog=s1@group-CF66ACB98618-SegmentedRaftLog:OPENED:c-1,f-1,i0, conf=-1: [s0:0.0.0.0:32897, s1:0.0.0.0:35696, s2:0.0.0.0:35236], old=null RUNNING
  s2:  RUNNING CANDIDATE s2@group-CF66ACB98618:t5, leader=null, voted=s2, raftlog=s2@group-CF66ACB98618-SegmentedRaftLog:OPENED:c-1,f-1,i0, conf=-1: [s0:0.0.0.0:32897, s1:0.0.0.0:35696, s2:0.0.0.0:35236], old=null RUNNING, sleep 450ms and then retry.
java.lang.IllegalStateException: No leader yet : printing ALL groups
  s0:  RUNNING CANDIDATE s0@group-CF66ACB98618:t5, leader=null, voted=s0, raftlog=s0@group-CF66ACB98618-SegmentedRaftLog:OPENED:c-1,f-1,i0, conf=-1: [s0:0.0.0.0:32897, s1:0.0.0.0:35696, s2:0.0.0.0:35236], old=null RUNNING
  s1:  RUNNING CANDIDATE s1@group-CF66ACB98618:t5, leader=null, voted=s1, raftlog=s1@group-CF66ACB98618-SegmentedRaftLog:OPENED:c-1,f-1,i0, conf=-1: [s0:0.0.0.0:32897, s1:0.0.0.0:35696, s2:0.0.0.0:35236], old=null RUNNING
  s2:  RUNNING CANDIDATE s2@group-CF66ACB98618:t5, leader=null, voted=s2, raftlog=s2@group-CF66ACB98618-SegmentedRaftLog:OPENED:c-1,f-1,i0, conf=-1: [s0:0.0.0.0:32897, s1:0.0.0.0:35696, s2:0.0.0.0:35236], old=null RUNNING
	at org.apache.ratis.MiniRaftCluster.newIllegalStateExceptionForNoLeaders(MiniRaftCluster.java:506)
	at org.apache.ratis.RaftTestUtil.lambda$waitForLeader$1(RaftTestUtil.java:90)
	at org.apache.ratis.MiniRaftCluster.getLeader(MiniRaftCluster.java:539)
	at org.apache.ratis.MiniRaftCluster.getLeader(MiniRaftCluster.java:532)
	at org.apache.ratis.RaftTestUtil.lambda$waitForLeader$3(RaftTestUtil.java:98)
	at org.apache.ratis.util.JavaUtils.attempt(JavaUtils.java:152)
	at org.apache.ratis.RaftTestUtil.waitForLeader(RaftTestUtil.java:97)
	at org.apache.ratis.RaftTestUtil.waitForLeader(RaftTestUtil.java:77)
	at org.apache.ratis.RaftTestUtil.waitForLeader(RaftTestUtil.java:72)
	at org.apache.ratis.server.impl.RaftReconfigurationBaseTest.lambda$testAddPeers$0(RaftReconfigurationBaseTest.java:78)
	at org.apache.ratis.MiniRaftCluster$Factory$Get.runWithNewCluster(MiniRaftCluster.java:125)
	at org.apache.ratis.MiniRaftCluster$Factory$Get.runWithNewCluster(MiniRaftCluster.java:113)
	at org.apache.ratis.server.impl.RaftReconfigurationBaseTest.testAddPeers(RaftReconfigurationBaseTest.java:77)
	at sun.reflect.NativeMethodAccessorImpl.invoke0(Native Method)
	at sun.reflect.NativeMethodAccessorImpl.invoke(NativeMethodAccessorImpl.java:62)
	at sun.reflect.DelegatingMethodAccessorImpl.invoke(DelegatingMethodAccessorImpl.java:43)
	at java.lang.reflect.Method.invoke(Method.java:498)
	at org.junit.runners.model.FrameworkMethod$1.runReflectiveCall(FrameworkMethod.java:50)
	at org.junit.internal.runners.model.ReflectiveCallable.run(ReflectiveCallable.java:12)
	at org.junit.runners.model.FrameworkMethod.invokeExplosively(FrameworkMethod.java:47)
	at org.junit.internal.runners.statements.InvokeMethod.evaluate(InvokeMethod.java:17)
	at org.junit.internal.runners.statements.RunAfters.evaluate(RunAfters.java:27)
	at org.junit.internal.runners.statements.FailOnTimeout$CallableStatement.call(FailOnTimeout.java:298)
	at org.junit.internal.runners.statements.FailOnTimeout$CallableStatement.call(FailOnTimeout.java:292)
	at java.util.concurrent.FutureTask.run(FutureTask.java:266)
	at java.lang.Thread.run(Thread.java:748)
2019-09-24 17:03:41,848 INFO  impl.LeaderElection (LeaderElection.java:logAndReturn(56)) - s2@group-CF66ACB98618-LeaderElection163: Election TIMEOUT; received 0 response(s) [] and 0 exception(s); s2@group-CF66ACB98618:t5, leader=null, voted=s2, raftlog=s2@group-CF66ACB98618-SegmentedRaftLog:OPENED:c-1,f-1,i0, conf=-1: [s0:0.0.0.0:32897, s1:0.0.0.0:35696, s2:0.0.0.0:35236], old=null
2019-09-24 17:03:42,232 WARN  ratis.RaftTestUtil (JavaUtils.java:attempt(158)) - FAILED "waitForLeader-null-(expectLeader? true)", attempt #33/100: java.lang.IllegalStateException: No leader yet : printing ALL groups
  s0:  RUNNING CANDIDATE s0@group-CF66ACB98618:t5, leader=null, voted=s0, raftlog=s0@group-CF66ACB98618-SegmentedRaftLog:OPENED:c-1,f-1,i0, conf=-1: [s0:0.0.0.0:32897, s1:0.0.0.0:35696, s2:0.0.0.0:35236], old=null RUNNING
  s1:  RUNNING CANDIDATE s1@group-CF66ACB98618:t5, leader=null, voted=s1, raftlog=s1@group-CF66ACB98618-SegmentedRaftLog:OPENED:c-1,f-1,i0, conf=-1: [s0:0.0.0.0:32897, s1:0.0.0.0:35696, s2:0.0.0.0:35236], old=null RUNNING
  s2:  RUNNING CANDIDATE s2@group-CF66ACB98618:t6, leader=null, voted=s2, raftlog=s2@group-CF66ACB98618-SegmentedRaftLog:OPENED:c-1,f-1,i0, conf=-1: [s0:0.0.0.0:32897, s1:0.0.0.0:35696, s2:0.0.0.0:35236], old=null RUNNING, sleep 450ms and then retry.
java.lang.IllegalStateException: No leader yet : printing ALL groups
  s0:  RUNNING CANDIDATE s0@group-CF66ACB98618:t5, leader=null, voted=s0, raftlog=s0@group-CF66ACB98618-SegmentedRaftLog:OPENED:c-1,f-1,i0, conf=-1: [s0:0.0.0.0:32897, s1:0.0.0.0:35696, s2:0.0.0.0:35236], old=null RUNNING
  s1:  RUNNING CANDIDATE s1@group-CF66ACB98618:t5, leader=null, voted=s1, raftlog=s1@group-CF66ACB98618-SegmentedRaftLog:OPENED:c-1,f-1,i0, conf=-1: [s0:0.0.0.0:32897, s1:0.0.0.0:35696, s2:0.0.0.0:35236], old=null RUNNING
  s2:  RUNNING CANDIDATE s2@group-CF66ACB98618:t6, leader=null, voted=s2, raftlog=s2@group-CF66ACB98618-SegmentedRaftLog:OPENED:c-1,f-1,i0, conf=-1: [s0:0.0.0.0:32897, s1:0.0.0.0:35696, s2:0.0.0.0:35236], old=null RUNNING
	at org.apache.ratis.MiniRaftCluster.newIllegalStateExceptionForNoLeaders(MiniRaftCluster.java:506)
	at org.apache.ratis.RaftTestUtil.lambda$waitForLeader$1(RaftTestUtil.java:90)
	at org.apache.ratis.MiniRaftCluster.getLeader(MiniRaftCluster.java:539)
	at org.apache.ratis.MiniRaftCluster.getLeader(MiniRaftCluster.java:532)
	at org.apache.ratis.RaftTestUtil.lambda$waitForLeader$3(RaftTestUtil.java:98)
	at org.apache.ratis.util.JavaUtils.attempt(JavaUtils.java:152)
	at org.apache.ratis.RaftTestUtil.waitForLeader(RaftTestUtil.java:97)
	at org.apache.ratis.RaftTestUtil.waitForLeader(RaftTestUtil.java:77)
	at org.apache.ratis.RaftTestUtil.waitForLeader(RaftTestUtil.java:72)
	at org.apache.ratis.server.impl.RaftReconfigurationBaseTest.lambda$testAddPeers$0(RaftReconfigurationBaseTest.java:78)
	at org.apache.ratis.MiniRaftCluster$Factory$Get.runWithNewCluster(MiniRaftCluster.java:125)
	at org.apache.ratis.MiniRaftCluster$Factory$Get.runWithNewCluster(MiniRaftCluster.java:113)
	at org.apache.ratis.server.impl.RaftReconfigurationBaseTest.testAddPeers(RaftReconfigurationBaseTest.java:77)
	at sun.reflect.NativeMethodAccessorImpl.invoke0(Native Method)
	at sun.reflect.NativeMethodAccessorImpl.invoke(NativeMethodAccessorImpl.java:62)
	at sun.reflect.DelegatingMethodAccessorImpl.invoke(DelegatingMethodAccessorImpl.java:43)
	at java.lang.reflect.Method.invoke(Method.java:498)
	at org.junit.runners.model.FrameworkMethod$1.runReflectiveCall(FrameworkMethod.java:50)
	at org.junit.internal.runners.model.ReflectiveCallable.run(ReflectiveCallable.java:12)
	at org.junit.runners.model.FrameworkMethod.invokeExplosively(FrameworkMethod.java:47)
	at org.junit.internal.runners.statements.InvokeMethod.evaluate(InvokeMethod.java:17)
	at org.junit.internal.runners.statements.RunAfters.evaluate(RunAfters.java:27)
	at org.junit.internal.runners.statements.FailOnTimeout$CallableStatement.call(FailOnTimeout.java:298)
	at org.junit.internal.runners.statements.FailOnTimeout$CallableStatement.call(FailOnTimeout.java:292)
	at java.util.concurrent.FutureTask.run(FutureTask.java:266)
	at java.lang.Thread.run(Thread.java:748)
2019-09-24 17:03:42,684 WARN  ratis.RaftTestUtil (JavaUtils.java:attempt(158)) - FAILED "waitForLeader-null-(expectLeader? true)", attempt #34/100: java.lang.IllegalStateException: No leader yet : printing ALL groups
  s0:  RUNNING CANDIDATE s0@group-CF66ACB98618:t5, leader=null, voted=s0, raftlog=s0@group-CF66ACB98618-SegmentedRaftLog:OPENED:c-1,f-1,i0, conf=-1: [s0:0.0.0.0:32897, s1:0.0.0.0:35696, s2:0.0.0.0:35236], old=null RUNNING
  s1:  RUNNING CANDIDATE s1@group-CF66ACB98618:t5, leader=null, voted=s1, raftlog=s1@group-CF66ACB98618-SegmentedRaftLog:OPENED:c-1,f-1,i0, conf=-1: [s0:0.0.0.0:32897, s1:0.0.0.0:35696, s2:0.0.0.0:35236], old=null RUNNING
  s2:  RUNNING CANDIDATE s2@group-CF66ACB98618:t6, leader=null, voted=s2, raftlog=s2@group-CF66ACB98618-SegmentedRaftLog:OPENED:c-1,f-1,i0, conf=-1: [s0:0.0.0.0:32897, s1:0.0.0.0:35696, s2:0.0.0.0:35236], old=null RUNNING, sleep 450ms and then retry.
java.lang.IllegalStateException: No leader yet : printing ALL groups
  s0:  RUNNING CANDIDATE s0@group-CF66ACB98618:t5, leader=null, voted=s0, raftlog=s0@group-CF66ACB98618-SegmentedRaftLog:OPENED:c-1,f-1,i0, conf=-1: [s0:0.0.0.0:32897, s1:0.0.0.0:35696, s2:0.0.0.0:35236], old=null RUNNING
  s1:  RUNNING CANDIDATE s1@group-CF66ACB98618:t5, leader=null, voted=s1, raftlog=s1@group-CF66ACB98618-SegmentedRaftLog:OPENED:c-1,f-1,i0, conf=-1: [s0:0.0.0.0:32897, s1:0.0.0.0:35696, s2:0.0.0.0:35236], old=null RUNNING
  s2:  RUNNING CANDIDATE s2@group-CF66ACB98618:t6, leader=null, voted=s2, raftlog=s2@group-CF66ACB98618-SegmentedRaftLog:OPENED:c-1,f-1,i0, conf=-1: [s0:0.0.0.0:32897, s1:0.0.0.0:35696, s2:0.0.0.0:35236], old=null RUNNING
	at org.apache.ratis.MiniRaftCluster.newIllegalStateExceptionForNoLeaders(MiniRaftCluster.java:506)
	at org.apache.ratis.RaftTestUtil.lambda$waitForLeader$1(RaftTestUtil.java:90)
	at org.apache.ratis.MiniRaftCluster.getLeader(MiniRaftCluster.java:539)
	at org.apache.ratis.MiniRaftCluster.getLeader(MiniRaftCluster.java:532)
	at org.apache.ratis.RaftTestUtil.lambda$waitForLeader$3(RaftTestUtil.java:98)
	at org.apache.ratis.util.JavaUtils.attempt(JavaUtils.java:152)
	at org.apache.ratis.RaftTestUtil.waitForLeader(RaftTestUtil.java:97)
	at org.apache.ratis.RaftTestUtil.waitForLeader(RaftTestUtil.java:77)
	at org.apache.ratis.RaftTestUtil.waitForLeader(RaftTestUtil.java:72)
	at org.apache.ratis.server.impl.RaftReconfigurationBaseTest.lambda$testAddPeers$0(RaftReconfigurationBaseTest.java:78)
	at org.apache.ratis.MiniRaftCluster$Factory$Get.runWithNewCluster(MiniRaftCluster.java:125)
	at org.apache.ratis.MiniRaftCluster$Factory$Get.runWithNewCluster(MiniRaftCluster.java:113)
	at org.apache.ratis.server.impl.RaftReconfigurationBaseTest.testAddPeers(RaftReconfigurationBaseTest.java:77)
	at sun.reflect.NativeMethodAccessorImpl.invoke0(Native Method)
	at sun.reflect.NativeMethodAccessorImpl.invoke(NativeMethodAccessorImpl.java:62)
	at sun.reflect.DelegatingMethodAccessorImpl.invoke(DelegatingMethodAccessorImpl.java:43)
	at java.lang.reflect.Method.invoke(Method.java:498)
	at org.junit.runners.model.FrameworkMethod$1.runReflectiveCall(FrameworkMethod.java:50)
	at org.junit.internal.runners.model.ReflectiveCallable.run(ReflectiveCallable.java:12)
	at org.junit.runners.model.FrameworkMethod.invokeExplosively(FrameworkMethod.java:47)
	at org.junit.internal.runners.statements.InvokeMethod.evaluate(InvokeMethod.java:17)
	at org.junit.internal.runners.statements.RunAfters.evaluate(RunAfters.java:27)
	at org.junit.internal.runners.statements.FailOnTimeout$CallableStatement.call(FailOnTimeout.java:298)
	at org.junit.internal.runners.statements.FailOnTimeout$CallableStatement.call(FailOnTimeout.java:292)
	at java.util.concurrent.FutureTask.run(FutureTask.java:266)
	at java.lang.Thread.run(Thread.java:748)
2019-09-24 17:03:43,135 WARN  ratis.RaftTestUtil (JavaUtils.java:attempt(158)) - FAILED "waitForLeader-null-(expectLeader? true)", attempt #35/100: java.lang.IllegalStateException: No leader yet : printing ALL groups
  s0:  RUNNING CANDIDATE s0@group-CF66ACB98618:t5, leader=null, voted=s0, raftlog=s0@group-CF66ACB98618-SegmentedRaftLog:OPENED:c-1,f-1,i0, conf=-1: [s0:0.0.0.0:32897, s1:0.0.0.0:35696, s2:0.0.0.0:35236], old=null RUNNING
  s1:  RUNNING CANDIDATE s1@group-CF66ACB98618:t5, leader=null, voted=s1, raftlog=s1@group-CF66ACB98618-SegmentedRaftLog:OPENED:c-1,f-1,i0, conf=-1: [s0:0.0.0.0:32897, s1:0.0.0.0:35696, s2:0.0.0.0:35236], old=null RUNNING
  s2:  RUNNING CANDIDATE s2@group-CF66ACB98618:t6, leader=null, voted=s2, raftlog=s2@group-CF66ACB98618-SegmentedRaftLog:OPENED:c-1,f-1,i0, conf=-1: [s0:0.0.0.0:32897, s1:0.0.0.0:35696, s2:0.0.0.0:35236], old=null RUNNING, sleep 450ms and then retry.
java.lang.IllegalStateException: No leader yet : printing ALL groups
  s0:  RUNNING CANDIDATE s0@group-CF66ACB98618:t5, leader=null, voted=s0, raftlog=s0@group-CF66ACB98618-SegmentedRaftLog:OPENED:c-1,f-1,i0, conf=-1: [s0:0.0.0.0:32897, s1:0.0.0.0:35696, s2:0.0.0.0:35236], old=null RUNNING
  s1:  RUNNING CANDIDATE s1@group-CF66ACB98618:t5, leader=null, voted=s1, raftlog=s1@group-CF66ACB98618-SegmentedRaftLog:OPENED:c-1,f-1,i0, conf=-1: [s0:0.0.0.0:32897, s1:0.0.0.0:35696, s2:0.0.0.0:35236], old=null RUNNING
  s2:  RUNNING CANDIDATE s2@group-CF66ACB98618:t6, leader=null, voted=s2, raftlog=s2@group-CF66ACB98618-SegmentedRaftLog:OPENED:c-1,f-1,i0, conf=-1: [s0:0.0.0.0:32897, s1:0.0.0.0:35696, s2:0.0.0.0:35236], old=null RUNNING
	at org.apache.ratis.MiniRaftCluster.newIllegalStateExceptionForNoLeaders(MiniRaftCluster.java:506)
	at org.apache.ratis.RaftTestUtil.lambda$waitForLeader$1(RaftTestUtil.java:90)
	at org.apache.ratis.MiniRaftCluster.getLeader(MiniRaftCluster.java:539)
	at org.apache.ratis.MiniRaftCluster.getLeader(MiniRaftCluster.java:532)
	at org.apache.ratis.RaftTestUtil.lambda$waitForLeader$3(RaftTestUtil.java:98)
	at org.apache.ratis.util.JavaUtils.attempt(JavaUtils.java:152)
	at org.apache.ratis.RaftTestUtil.waitForLeader(RaftTestUtil.java:97)
	at org.apache.ratis.RaftTestUtil.waitForLeader(RaftTestUtil.java:77)
	at org.apache.ratis.RaftTestUtil.waitForLeader(RaftTestUtil.java:72)
	at org.apache.ratis.server.impl.RaftReconfigurationBaseTest.lambda$testAddPeers$0(RaftReconfigurationBaseTest.java:78)
	at org.apache.ratis.MiniRaftCluster$Factory$Get.runWithNewCluster(MiniRaftCluster.java:125)
	at org.apache.ratis.MiniRaftCluster$Factory$Get.runWithNewCluster(MiniRaftCluster.java:113)
	at org.apache.ratis.server.impl.RaftReconfigurationBaseTest.testAddPeers(RaftReconfigurationBaseTest.java:77)
	at sun.reflect.NativeMethodAccessorImpl.invoke0(Native Method)
	at sun.reflect.NativeMethodAccessorImpl.invoke(NativeMethodAccessorImpl.java:62)
	at sun.reflect.DelegatingMethodAccessorImpl.invoke(DelegatingMethodAccessorImpl.java:43)
	at java.lang.reflect.Method.invoke(Method.java:498)
	at org.junit.runners.model.FrameworkMethod$1.runReflectiveCall(FrameworkMethod.java:50)
	at org.junit.internal.runners.model.ReflectiveCallable.run(ReflectiveCallable.java:12)
	at org.junit.runners.model.FrameworkMethod.invokeExplosively(FrameworkMethod.java:47)
	at org.junit.internal.runners.statements.InvokeMethod.evaluate(InvokeMethod.java:17)
	at org.junit.internal.runners.statements.RunAfters.evaluate(RunAfters.java:27)
	at org.junit.internal.runners.statements.FailOnTimeout$CallableStatement.call(FailOnTimeout.java:298)
	at org.junit.internal.runners.statements.FailOnTimeout$CallableStatement.call(FailOnTimeout.java:292)
	at java.util.concurrent.FutureTask.run(FutureTask.java:266)
	at java.lang.Thread.run(Thread.java:748)
2019-09-24 17:03:43,587 WARN  ratis.RaftTestUtil (JavaUtils.java:attempt(158)) - FAILED "waitForLeader-null-(expectLeader? true)", attempt #36/100: java.lang.IllegalStateException: No leader yet : printing ALL groups
  s0:  RUNNING CANDIDATE s0@group-CF66ACB98618:t5, leader=null, voted=s0, raftlog=s0@group-CF66ACB98618-SegmentedRaftLog:OPENED:c-1,f-1,i0, conf=-1: [s0:0.0.0.0:32897, s1:0.0.0.0:35696, s2:0.0.0.0:35236], old=null RUNNING
  s1:  RUNNING CANDIDATE s1@group-CF66ACB98618:t5, leader=null, voted=s1, raftlog=s1@group-CF66ACB98618-SegmentedRaftLog:OPENED:c-1,f-1,i0, conf=-1: [s0:0.0.0.0:32897, s1:0.0.0.0:35696, s2:0.0.0.0:35236], old=null RUNNING
  s2:  RUNNING CANDIDATE s2@group-CF66ACB98618:t6, leader=null, voted=s2, raftlog=s2@group-CF66ACB98618-SegmentedRaftLog:OPENED:c-1,f-1,i0, conf=-1: [s0:0.0.0.0:32897, s1:0.0.0.0:35696, s2:0.0.0.0:35236], old=null RUNNING, sleep 450ms and then retry.
java.lang.IllegalStateException: No leader yet : printing ALL groups
  s0:  RUNNING CANDIDATE s0@group-CF66ACB98618:t5, leader=null, voted=s0, raftlog=s0@group-CF66ACB98618-SegmentedRaftLog:OPENED:c-1,f-1,i0, conf=-1: [s0:0.0.0.0:32897, s1:0.0.0.0:35696, s2:0.0.0.0:35236], old=null RUNNING
  s1:  RUNNING CANDIDATE s1@group-CF66ACB98618:t5, leader=null, voted=s1, raftlog=s1@group-CF66ACB98618-SegmentedRaftLog:OPENED:c-1,f-1,i0, conf=-1: [s0:0.0.0.0:32897, s1:0.0.0.0:35696, s2:0.0.0.0:35236], old=null RUNNING
  s2:  RUNNING CANDIDATE s2@group-CF66ACB98618:t6, leader=null, voted=s2, raftlog=s2@group-CF66ACB98618-SegmentedRaftLog:OPENED:c-1,f-1,i0, conf=-1: [s0:0.0.0.0:32897, s1:0.0.0.0:35696, s2:0.0.0.0:35236], old=null RUNNING
	at org.apache.ratis.MiniRaftCluster.newIllegalStateExceptionForNoLeaders(MiniRaftCluster.java:506)
	at org.apache.ratis.RaftTestUtil.lambda$waitForLeader$1(RaftTestUtil.java:90)
	at org.apache.ratis.MiniRaftCluster.getLeader(MiniRaftCluster.java:539)
	at org.apache.ratis.MiniRaftCluster.getLeader(MiniRaftCluster.java:532)
	at org.apache.ratis.RaftTestUtil.lambda$waitForLeader$3(RaftTestUtil.java:98)
	at org.apache.ratis.util.JavaUtils.attempt(JavaUtils.java:152)
	at org.apache.ratis.RaftTestUtil.waitForLeader(RaftTestUtil.java:97)
	at org.apache.ratis.RaftTestUtil.waitForLeader(RaftTestUtil.java:77)
	at org.apache.ratis.RaftTestUtil.waitForLeader(RaftTestUtil.java:72)
	at org.apache.ratis.server.impl.RaftReconfigurationBaseTest.lambda$testAddPeers$0(RaftReconfigurationBaseTest.java:78)
	at org.apache.ratis.MiniRaftCluster$Factory$Get.runWithNewCluster(MiniRaftCluster.java:125)
	at org.apache.ratis.MiniRaftCluster$Factory$Get.runWithNewCluster(MiniRaftCluster.java:113)
	at org.apache.ratis.server.impl.RaftReconfigurationBaseTest.testAddPeers(RaftReconfigurationBaseTest.java:77)
	at sun.reflect.NativeMethodAccessorImpl.invoke0(Native Method)
	at sun.reflect.NativeMethodAccessorImpl.invoke(NativeMethodAccessorImpl.java:62)
	at sun.reflect.DelegatingMethodAccessorImpl.invoke(DelegatingMethodAccessorImpl.java:43)
	at java.lang.reflect.Method.invoke(Method.java:498)
	at org.junit.runners.model.FrameworkMethod$1.runReflectiveCall(FrameworkMethod.java:50)
	at org.junit.internal.runners.model.ReflectiveCallable.run(ReflectiveCallable.java:12)
	at org.junit.runners.model.FrameworkMethod.invokeExplosively(FrameworkMethod.java:47)
	at org.junit.internal.runners.statements.InvokeMethod.evaluate(InvokeMethod.java:17)
	at org.junit.internal.runners.statements.RunAfters.evaluate(RunAfters.java:27)
	at org.junit.internal.runners.statements.FailOnTimeout$CallableStatement.call(FailOnTimeout.java:298)
	at org.junit.internal.runners.statements.FailOnTimeout$CallableStatement.call(FailOnTimeout.java:292)
	at java.util.concurrent.FutureTask.run(FutureTask.java:266)
	at java.lang.Thread.run(Thread.java:748)
2019-09-24 17:03:44,040 WARN  ratis.RaftTestUtil (JavaUtils.java:attempt(158)) - FAILED "waitForLeader-null-(expectLeader? true)", attempt #37/100: java.lang.IllegalStateException: No leader yet : printing ALL groups
  s0:  RUNNING CANDIDATE s0@group-CF66ACB98618:t5, leader=null, voted=s0, raftlog=s0@group-CF66ACB98618-SegmentedRaftLog:OPENED:c-1,f-1,i0, conf=-1: [s0:0.0.0.0:32897, s1:0.0.0.0:35696, s2:0.0.0.0:35236], old=null RUNNING
  s1:  RUNNING CANDIDATE s1@group-CF66ACB98618:t5, leader=null, voted=s1, raftlog=s1@group-CF66ACB98618-SegmentedRaftLog:OPENED:c-1,f-1,i0, conf=-1: [s0:0.0.0.0:32897, s1:0.0.0.0:35696, s2:0.0.0.0:35236], old=null RUNNING
  s2:  RUNNING CANDIDATE s2@group-CF66ACB98618:t6, leader=null, voted=s2, raftlog=s2@group-CF66ACB98618-SegmentedRaftLog:OPENED:c-1,f-1,i0, conf=-1: [s0:0.0.0.0:32897, s1:0.0.0.0:35696, s2:0.0.0.0:35236], old=null RUNNING, sleep 450ms and then retry.
java.lang.IllegalStateException: No leader yet : printing ALL groups
  s0:  RUNNING CANDIDATE s0@group-CF66ACB98618:t5, leader=null, voted=s0, raftlog=s0@group-CF66ACB98618-SegmentedRaftLog:OPENED:c-1,f-1,i0, conf=-1: [s0:0.0.0.0:32897, s1:0.0.0.0:35696, s2:0.0.0.0:35236], old=null RUNNING
  s1:  RUNNING CANDIDATE s1@group-CF66ACB98618:t5, leader=null, voted=s1, raftlog=s1@group-CF66ACB98618-SegmentedRaftLog:OPENED:c-1,f-1,i0, conf=-1: [s0:0.0.0.0:32897, s1:0.0.0.0:35696, s2:0.0.0.0:35236], old=null RUNNING
  s2:  RUNNING CANDIDATE s2@group-CF66ACB98618:t6, leader=null, voted=s2, raftlog=s2@group-CF66ACB98618-SegmentedRaftLog:OPENED:c-1,f-1,i0, conf=-1: [s0:0.0.0.0:32897, s1:0.0.0.0:35696, s2:0.0.0.0:35236], old=null RUNNING
	at org.apache.ratis.MiniRaftCluster.newIllegalStateExceptionForNoLeaders(MiniRaftCluster.java:506)
	at org.apache.ratis.RaftTestUtil.lambda$waitForLeader$1(RaftTestUtil.java:90)
	at org.apache.ratis.MiniRaftCluster.getLeader(MiniRaftCluster.java:539)
	at org.apache.ratis.MiniRaftCluster.getLeader(MiniRaftCluster.java:532)
	at org.apache.ratis.RaftTestUtil.lambda$waitForLeader$3(RaftTestUtil.java:98)
	at org.apache.ratis.util.JavaUtils.attempt(JavaUtils.java:152)
	at org.apache.ratis.RaftTestUtil.waitForLeader(RaftTestUtil.java:97)
	at org.apache.ratis.RaftTestUtil.waitForLeader(RaftTestUtil.java:77)
	at org.apache.ratis.RaftTestUtil.waitForLeader(RaftTestUtil.java:72)
	at org.apache.ratis.server.impl.RaftReconfigurationBaseTest.lambda$testAddPeers$0(RaftReconfigurationBaseTest.java:78)
	at org.apache.ratis.MiniRaftCluster$Factory$Get.runWithNewCluster(MiniRaftCluster.java:125)
	at org.apache.ratis.MiniRaftCluster$Factory$Get.runWithNewCluster(MiniRaftCluster.java:113)
	at org.apache.ratis.server.impl.RaftReconfigurationBaseTest.testAddPeers(RaftReconfigurationBaseTest.java:77)
	at sun.reflect.NativeMethodAccessorImpl.invoke0(Native Method)
	at sun.reflect.NativeMethodAccessorImpl.invoke(NativeMethodAccessorImpl.java:62)
	at sun.reflect.DelegatingMethodAccessorImpl.invoke(DelegatingMethodAccessorImpl.java:43)
	at java.lang.reflect.Method.invoke(Method.java:498)
	at org.junit.runners.model.FrameworkMethod$1.runReflectiveCall(FrameworkMethod.java:50)
	at org.junit.internal.runners.model.ReflectiveCallable.run(ReflectiveCallable.java:12)
	at org.junit.runners.model.FrameworkMethod.invokeExplosively(FrameworkMethod.java:47)
	at org.junit.internal.runners.statements.InvokeMethod.evaluate(InvokeMethod.java:17)
	at org.junit.internal.runners.statements.RunAfters.evaluate(RunAfters.java:27)
	at org.junit.internal.runners.statements.FailOnTimeout$CallableStatement.call(FailOnTimeout.java:298)
	at org.junit.internal.runners.statements.FailOnTimeout$CallableStatement.call(FailOnTimeout.java:292)
	at java.util.concurrent.FutureTask.run(FutureTask.java:266)
	at java.lang.Thread.run(Thread.java:748)
2019-09-24 17:03:44,491 WARN  ratis.RaftTestUtil (JavaUtils.java:attempt(158)) - FAILED "waitForLeader-null-(expectLeader? true)", attempt #38/100: java.lang.IllegalStateException: No leader yet : printing ALL groups
  s0:  RUNNING CANDIDATE s0@group-CF66ACB98618:t5, leader=null, voted=s0, raftlog=s0@group-CF66ACB98618-SegmentedRaftLog:OPENED:c-1,f-1,i0, conf=-1: [s0:0.0.0.0:32897, s1:0.0.0.0:35696, s2:0.0.0.0:35236], old=null RUNNING
  s1:  RUNNING CANDIDATE s1@group-CF66ACB98618:t5, leader=null, voted=s1, raftlog=s1@group-CF66ACB98618-SegmentedRaftLog:OPENED:c-1,f-1,i0, conf=-1: [s0:0.0.0.0:32897, s1:0.0.0.0:35696, s2:0.0.0.0:35236], old=null RUNNING
  s2:  RUNNING CANDIDATE s2@group-CF66ACB98618:t6, leader=null, voted=s2, raftlog=s2@group-CF66ACB98618-SegmentedRaftLog:OPENED:c-1,f-1,i0, conf=-1: [s0:0.0.0.0:32897, s1:0.0.0.0:35696, s2:0.0.0.0:35236], old=null RUNNING, sleep 450ms and then retry.
java.lang.IllegalStateException: No leader yet : printing ALL groups
  s0:  RUNNING CANDIDATE s0@group-CF66ACB98618:t5, leader=null, voted=s0, raftlog=s0@group-CF66ACB98618-SegmentedRaftLog:OPENED:c-1,f-1,i0, conf=-1: [s0:0.0.0.0:32897, s1:0.0.0.0:35696, s2:0.0.0.0:35236], old=null RUNNING
  s1:  RUNNING CANDIDATE s1@group-CF66ACB98618:t5, leader=null, voted=s1, raftlog=s1@group-CF66ACB98618-SegmentedRaftLog:OPENED:c-1,f-1,i0, conf=-1: [s0:0.0.0.0:32897, s1:0.0.0.0:35696, s2:0.0.0.0:35236], old=null RUNNING
  s2:  RUNNING CANDIDATE s2@group-CF66ACB98618:t6, leader=null, voted=s2, raftlog=s2@group-CF66ACB98618-SegmentedRaftLog:OPENED:c-1,f-1,i0, conf=-1: [s0:0.0.0.0:32897, s1:0.0.0.0:35696, s2:0.0.0.0:35236], old=null RUNNING
	at org.apache.ratis.MiniRaftCluster.newIllegalStateExceptionForNoLeaders(MiniRaftCluster.java:506)
	at org.apache.ratis.RaftTestUtil.lambda$waitForLeader$1(RaftTestUtil.java:90)
	at org.apache.ratis.MiniRaftCluster.getLeader(MiniRaftCluster.java:539)
	at org.apache.ratis.MiniRaftCluster.getLeader(MiniRaftCluster.java:532)
	at org.apache.ratis.RaftTestUtil.lambda$waitForLeader$3(RaftTestUtil.java:98)
	at org.apache.ratis.util.JavaUtils.attempt(JavaUtils.java:152)
	at org.apache.ratis.RaftTestUtil.waitForLeader(RaftTestUtil.java:97)
	at org.apache.ratis.RaftTestUtil.waitForLeader(RaftTestUtil.java:77)
	at org.apache.ratis.RaftTestUtil.waitForLeader(RaftTestUtil.java:72)
	at org.apache.ratis.server.impl.RaftReconfigurationBaseTest.lambda$testAddPeers$0(RaftReconfigurationBaseTest.java:78)
	at org.apache.ratis.MiniRaftCluster$Factory$Get.runWithNewCluster(MiniRaftCluster.java:125)
	at org.apache.ratis.MiniRaftCluster$Factory$Get.runWithNewCluster(MiniRaftCluster.java:113)
	at org.apache.ratis.server.impl.RaftReconfigurationBaseTest.testAddPeers(RaftReconfigurationBaseTest.java:77)
	at sun.reflect.NativeMethodAccessorImpl.invoke0(Native Method)
	at sun.reflect.NativeMethodAccessorImpl.invoke(NativeMethodAccessorImpl.java:62)
	at sun.reflect.DelegatingMethodAccessorImpl.invoke(DelegatingMethodAccessorImpl.java:43)
	at java.lang.reflect.Method.invoke(Method.java:498)
	at org.junit.runners.model.FrameworkMethod$1.runReflectiveCall(FrameworkMethod.java:50)
	at org.junit.internal.runners.model.ReflectiveCallable.run(ReflectiveCallable.java:12)
	at org.junit.runners.model.FrameworkMethod.invokeExplosively(FrameworkMethod.java:47)
	at org.junit.internal.runners.statements.InvokeMethod.evaluate(InvokeMethod.java:17)
	at org.junit.internal.runners.statements.RunAfters.evaluate(RunAfters.java:27)
	at org.junit.internal.runners.statements.FailOnTimeout$CallableStatement.call(FailOnTimeout.java:298)
	at org.junit.internal.runners.statements.FailOnTimeout$CallableStatement.call(FailOnTimeout.java:292)
	at java.util.concurrent.FutureTask.run(FutureTask.java:266)
	at java.lang.Thread.run(Thread.java:748)
2019-09-24 17:03:44,943 WARN  ratis.RaftTestUtil (JavaUtils.java:attempt(158)) - FAILED "waitForLeader-null-(expectLeader? true)", attempt #39/100: java.lang.IllegalStateException: No leader yet : printing ALL groups
  s0:  RUNNING CANDIDATE s0@group-CF66ACB98618:t5, leader=null, voted=s0, raftlog=s0@group-CF66ACB98618-SegmentedRaftLog:OPENED:c-1,f-1,i0, conf=-1: [s0:0.0.0.0:32897, s1:0.0.0.0:35696, s2:0.0.0.0:35236], old=null RUNNING
  s1:  RUNNING CANDIDATE s1@group-CF66ACB98618:t5, leader=null, voted=s1, raftlog=s1@group-CF66ACB98618-SegmentedRaftLog:OPENED:c-1,f-1,i0, conf=-1: [s0:0.0.0.0:32897, s1:0.0.0.0:35696, s2:0.0.0.0:35236], old=null RUNNING
  s2:  RUNNING CANDIDATE s2@group-CF66ACB98618:t6, leader=null, voted=s2, raftlog=s2@group-CF66ACB98618-SegmentedRaftLog:OPENED:c-1,f-1,i0, conf=-1: [s0:0.0.0.0:32897, s1:0.0.0.0:35696, s2:0.0.0.0:35236], old=null RUNNING, sleep 450ms and then retry.
java.lang.IllegalStateException: No leader yet : printing ALL groups
  s0:  RUNNING CANDIDATE s0@group-CF66ACB98618:t5, leader=null, voted=s0, raftlog=s0@group-CF66ACB98618-SegmentedRaftLog:OPENED:c-1,f-1,i0, conf=-1: [s0:0.0.0.0:32897, s1:0.0.0.0:35696, s2:0.0.0.0:35236], old=null RUNNING
  s1:  RUNNING CANDIDATE s1@group-CF66ACB98618:t5, leader=null, voted=s1, raftlog=s1@group-CF66ACB98618-SegmentedRaftLog:OPENED:c-1,f-1,i0, conf=-1: [s0:0.0.0.0:32897, s1:0.0.0.0:35696, s2:0.0.0.0:35236], old=null RUNNING
  s2:  RUNNING CANDIDATE s2@group-CF66ACB98618:t6, leader=null, voted=s2, raftlog=s2@group-CF66ACB98618-SegmentedRaftLog:OPENED:c-1,f-1,i0, conf=-1: [s0:0.0.0.0:32897, s1:0.0.0.0:35696, s2:0.0.0.0:35236], old=null RUNNING
	at org.apache.ratis.MiniRaftCluster.newIllegalStateExceptionForNoLeaders(MiniRaftCluster.java:506)
	at org.apache.ratis.RaftTestUtil.lambda$waitForLeader$1(RaftTestUtil.java:90)
	at org.apache.ratis.MiniRaftCluster.getLeader(MiniRaftCluster.java:539)
	at org.apache.ratis.MiniRaftCluster.getLeader(MiniRaftCluster.java:532)
	at org.apache.ratis.RaftTestUtil.lambda$waitForLeader$3(RaftTestUtil.java:98)
	at org.apache.ratis.util.JavaUtils.attempt(JavaUtils.java:152)
	at org.apache.ratis.RaftTestUtil.waitForLeader(RaftTestUtil.java:97)
	at org.apache.ratis.RaftTestUtil.waitForLeader(RaftTestUtil.java:77)
	at org.apache.ratis.RaftTestUtil.waitForLeader(RaftTestUtil.java:72)
	at org.apache.ratis.server.impl.RaftReconfigurationBaseTest.lambda$testAddPeers$0(RaftReconfigurationBaseTest.java:78)
	at org.apache.ratis.MiniRaftCluster$Factory$Get.runWithNewCluster(MiniRaftCluster.java:125)
	at org.apache.ratis.MiniRaftCluster$Factory$Get.runWithNewCluster(MiniRaftCluster.java:113)
	at org.apache.ratis.server.impl.RaftReconfigurationBaseTest.testAddPeers(RaftReconfigurationBaseTest.java:77)
	at sun.reflect.NativeMethodAccessorImpl.invoke0(Native Method)
	at sun.reflect.NativeMethodAccessorImpl.invoke(NativeMethodAccessorImpl.java:62)
	at sun.reflect.DelegatingMethodAccessorImpl.invoke(DelegatingMethodAccessorImpl.java:43)
	at java.lang.reflect.Method.invoke(Method.java:498)
	at org.junit.runners.model.FrameworkMethod$1.runReflectiveCall(FrameworkMethod.java:50)
	at org.junit.internal.runners.model.ReflectiveCallable.run(ReflectiveCallable.java:12)
	at org.junit.runners.model.FrameworkMethod.invokeExplosively(FrameworkMethod.java:47)
	at org.junit.internal.runners.statements.InvokeMethod.evaluate(InvokeMethod.java:17)
	at org.junit.internal.runners.statements.RunAfters.evaluate(RunAfters.java:27)
	at org.junit.internal.runners.statements.FailOnTimeout$CallableStatement.call(FailOnTimeout.java:298)
	at org.junit.internal.runners.statements.FailOnTimeout$CallableStatement.call(FailOnTimeout.java:292)
	at java.util.concurrent.FutureTask.run(FutureTask.java:266)
	at java.lang.Thread.run(Thread.java:748)
2019-09-24 17:03:45,394 WARN  ratis.RaftTestUtil (JavaUtils.java:attempt(158)) - FAILED "waitForLeader-null-(expectLeader? true)", attempt #40/100: java.lang.IllegalStateException: No leader yet : printing ALL groups
  s0:  RUNNING CANDIDATE s0@group-CF66ACB98618:t5, leader=null, voted=s0, raftlog=s0@group-CF66ACB98618-SegmentedRaftLog:OPENED:c-1,f-1,i0, conf=-1: [s0:0.0.0.0:32897, s1:0.0.0.0:35696, s2:0.0.0.0:35236], old=null RUNNING
  s1:  RUNNING CANDIDATE s1@group-CF66ACB98618:t5, leader=null, voted=s1, raftlog=s1@group-CF66ACB98618-SegmentedRaftLog:OPENED:c-1,f-1,i0, conf=-1: [s0:0.0.0.0:32897, s1:0.0.0.0:35696, s2:0.0.0.0:35236], old=null RUNNING
  s2:  RUNNING CANDIDATE s2@group-CF66ACB98618:t6, leader=null, voted=s2, raftlog=s2@group-CF66ACB98618-SegmentedRaftLog:OPENED:c-1,f-1,i0, conf=-1: [s0:0.0.0.0:32897, s1:0.0.0.0:35696, s2:0.0.0.0:35236], old=null RUNNING, sleep 450ms and then retry.
java.lang.IllegalStateException: No leader yet : printing ALL groups
  s0:  RUNNING CANDIDATE s0@group-CF66ACB98618:t5, leader=null, voted=s0, raftlog=s0@group-CF66ACB98618-SegmentedRaftLog:OPENED:c-1,f-1,i0, conf=-1: [s0:0.0.0.0:32897, s1:0.0.0.0:35696, s2:0.0.0.0:35236], old=null RUNNING
  s1:  RUNNING CANDIDATE s1@group-CF66ACB98618:t5, leader=null, voted=s1, raftlog=s1@group-CF66ACB98618-SegmentedRaftLog:OPENED:c-1,f-1,i0, conf=-1: [s0:0.0.0.0:32897, s1:0.0.0.0:35696, s2:0.0.0.0:35236], old=null RUNNING
  s2:  RUNNING CANDIDATE s2@group-CF66ACB98618:t6, leader=null, voted=s2, raftlog=s2@group-CF66ACB98618-SegmentedRaftLog:OPENED:c-1,f-1,i0, conf=-1: [s0:0.0.0.0:32897, s1:0.0.0.0:35696, s2:0.0.0.0:35236], old=null RUNNING
	at org.apache.ratis.MiniRaftCluster.newIllegalStateExceptionForNoLeaders(MiniRaftCluster.java:506)
	at org.apache.ratis.RaftTestUtil.lambda$waitForLeader$1(RaftTestUtil.java:90)
	at org.apache.ratis.MiniRaftCluster.getLeader(MiniRaftCluster.java:539)
	at org.apache.ratis.MiniRaftCluster.getLeader(MiniRaftCluster.java:532)
	at org.apache.ratis.RaftTestUtil.lambda$waitForLeader$3(RaftTestUtil.java:98)
	at org.apache.ratis.util.JavaUtils.attempt(JavaUtils.java:152)
	at org.apache.ratis.RaftTestUtil.waitForLeader(RaftTestUtil.java:97)
	at org.apache.ratis.RaftTestUtil.waitForLeader(RaftTestUtil.java:77)
	at org.apache.ratis.RaftTestUtil.waitForLeader(RaftTestUtil.java:72)
	at org.apache.ratis.server.impl.RaftReconfigurationBaseTest.lambda$testAddPeers$0(RaftReconfigurationBaseTest.java:78)
	at org.apache.ratis.MiniRaftCluster$Factory$Get.runWithNewCluster(MiniRaftCluster.java:125)
	at org.apache.ratis.MiniRaftCluster$Factory$Get.runWithNewCluster(MiniRaftCluster.java:113)
	at org.apache.ratis.server.impl.RaftReconfigurationBaseTest.testAddPeers(RaftReconfigurationBaseTest.java:77)
	at sun.reflect.NativeMethodAccessorImpl.invoke0(Native Method)
	at sun.reflect.NativeMethodAccessorImpl.invoke(NativeMethodAccessorImpl.java:62)
	at sun.reflect.DelegatingMethodAccessorImpl.invoke(DelegatingMethodAccessorImpl.java:43)
	at java.lang.reflect.Method.invoke(Method.java:498)
	at org.junit.runners.model.FrameworkMethod$1.runReflectiveCall(FrameworkMethod.java:50)
	at org.junit.internal.runners.model.ReflectiveCallable.run(ReflectiveCallable.java:12)
	at org.junit.runners.model.FrameworkMethod.invokeExplosively(FrameworkMethod.java:47)
	at org.junit.internal.runners.statements.InvokeMethod.evaluate(InvokeMethod.java:17)
	at org.junit.internal.runners.statements.RunAfters.evaluate(RunAfters.java:27)
	at org.junit.internal.runners.statements.FailOnTimeout$CallableStatement.call(FailOnTimeout.java:298)
	at org.junit.internal.runners.statements.FailOnTimeout$CallableStatement.call(FailOnTimeout.java:292)
	at java.util.concurrent.FutureTask.run(FutureTask.java:266)
	at java.lang.Thread.run(Thread.java:748)
2019-09-24 17:03:45,845 WARN  ratis.RaftTestUtil (JavaUtils.java:attempt(158)) - FAILED "waitForLeader-null-(expectLeader? true)", attempt #41/100: java.lang.IllegalStateException: No leader yet : printing ALL groups
  s0:  RUNNING CANDIDATE s0@group-CF66ACB98618:t5, leader=null, voted=s0, raftlog=s0@group-CF66ACB98618-SegmentedRaftLog:OPENED:c-1,f-1,i0, conf=-1: [s0:0.0.0.0:32897, s1:0.0.0.0:35696, s2:0.0.0.0:35236], old=null RUNNING
  s1:  RUNNING CANDIDATE s1@group-CF66ACB98618:t5, leader=null, voted=s1, raftlog=s1@group-CF66ACB98618-SegmentedRaftLog:OPENED:c-1,f-1,i0, conf=-1: [s0:0.0.0.0:32897, s1:0.0.0.0:35696, s2:0.0.0.0:35236], old=null RUNNING
  s2:  RUNNING CANDIDATE s2@group-CF66ACB98618:t6, leader=null, voted=s2, raftlog=s2@group-CF66ACB98618-SegmentedRaftLog:OPENED:c-1,f-1,i0, conf=-1: [s0:0.0.0.0:32897, s1:0.0.0.0:35696, s2:0.0.0.0:35236], old=null RUNNING, sleep 450ms and then retry.
java.lang.IllegalStateException: No leader yet : printing ALL groups
  s0:  RUNNING CANDIDATE s0@group-CF66ACB98618:t5, leader=null, voted=s0, raftlog=s0@group-CF66ACB98618-SegmentedRaftLog:OPENED:c-1,f-1,i0, conf=-1: [s0:0.0.0.0:32897, s1:0.0.0.0:35696, s2:0.0.0.0:35236], old=null RUNNING
  s1:  RUNNING CANDIDATE s1@group-CF66ACB98618:t5, leader=null, voted=s1, raftlog=s1@group-CF66ACB98618-SegmentedRaftLog:OPENED:c-1,f-1,i0, conf=-1: [s0:0.0.0.0:32897, s1:0.0.0.0:35696, s2:0.0.0.0:35236], old=null RUNNING
  s2:  RUNNING CANDIDATE s2@group-CF66ACB98618:t6, leader=null, voted=s2, raftlog=s2@group-CF66ACB98618-SegmentedRaftLog:OPENED:c-1,f-1,i0, conf=-1: [s0:0.0.0.0:32897, s1:0.0.0.0:35696, s2:0.0.0.0:35236], old=null RUNNING
	at org.apache.ratis.MiniRaftCluster.newIllegalStateExceptionForNoLeaders(MiniRaftCluster.java:506)
	at org.apache.ratis.RaftTestUtil.lambda$waitForLeader$1(RaftTestUtil.java:90)
	at org.apache.ratis.MiniRaftCluster.getLeader(MiniRaftCluster.java:539)
	at org.apache.ratis.MiniRaftCluster.getLeader(MiniRaftCluster.java:532)
	at org.apache.ratis.RaftTestUtil.lambda$waitForLeader$3(RaftTestUtil.java:98)
	at org.apache.ratis.util.JavaUtils.attempt(JavaUtils.java:152)
	at org.apache.ratis.RaftTestUtil.waitForLeader(RaftTestUtil.java:97)
	at org.apache.ratis.RaftTestUtil.waitForLeader(RaftTestUtil.java:77)
	at org.apache.ratis.RaftTestUtil.waitForLeader(RaftTestUtil.java:72)
	at org.apache.ratis.server.impl.RaftReconfigurationBaseTest.lambda$testAddPeers$0(RaftReconfigurationBaseTest.java:78)
	at org.apache.ratis.MiniRaftCluster$Factory$Get.runWithNewCluster(MiniRaftCluster.java:125)
	at org.apache.ratis.MiniRaftCluster$Factory$Get.runWithNewCluster(MiniRaftCluster.java:113)
	at org.apache.ratis.server.impl.RaftReconfigurationBaseTest.testAddPeers(RaftReconfigurationBaseTest.java:77)
	at sun.reflect.NativeMethodAccessorImpl.invoke0(Native Method)
	at sun.reflect.NativeMethodAccessorImpl.invoke(NativeMethodAccessorImpl.java:62)
	at sun.reflect.DelegatingMethodAccessorImpl.invoke(DelegatingMethodAccessorImpl.java:43)
	at java.lang.reflect.Method.invoke(Method.java:498)
	at org.junit.runners.model.FrameworkMethod$1.runReflectiveCall(FrameworkMethod.java:50)
	at org.junit.internal.runners.model.ReflectiveCallable.run(ReflectiveCallable.java:12)
	at org.junit.runners.model.FrameworkMethod.invokeExplosively(FrameworkMethod.java:47)
	at org.junit.internal.runners.statements.InvokeMethod.evaluate(InvokeMethod.java:17)
	at org.junit.internal.runners.statements.RunAfters.evaluate(RunAfters.java:27)
	at org.junit.internal.runners.statements.FailOnTimeout$CallableStatement.call(FailOnTimeout.java:298)
	at org.junit.internal.runners.statements.FailOnTimeout$CallableStatement.call(FailOnTimeout.java:292)
	at java.util.concurrent.FutureTask.run(FutureTask.java:266)
	at java.lang.Thread.run(Thread.java:748)
2019-09-24 17:03:46,296 WARN  ratis.RaftTestUtil (JavaUtils.java:attempt(158)) - FAILED "waitForLeader-null-(expectLeader? true)", attempt #42/100: java.lang.IllegalStateException: No leader yet : printing ALL groups
  s0:  RUNNING CANDIDATE s0@group-CF66ACB98618:t5, leader=null, voted=s0, raftlog=s0@group-CF66ACB98618-SegmentedRaftLog:OPENED:c-1,f-1,i0, conf=-1: [s0:0.0.0.0:32897, s1:0.0.0.0:35696, s2:0.0.0.0:35236], old=null RUNNING
  s1:  RUNNING CANDIDATE s1@group-CF66ACB98618:t5, leader=null, voted=s1, raftlog=s1@group-CF66ACB98618-SegmentedRaftLog:OPENED:c-1,f-1,i0, conf=-1: [s0:0.0.0.0:32897, s1:0.0.0.0:35696, s2:0.0.0.0:35236], old=null RUNNING
  s2:  RUNNING CANDIDATE s2@group-CF66ACB98618:t6, leader=null, voted=s2, raftlog=s2@group-CF66ACB98618-SegmentedRaftLog:OPENED:c-1,f-1,i0, conf=-1: [s0:0.0.0.0:32897, s1:0.0.0.0:35696, s2:0.0.0.0:35236], old=null RUNNING, sleep 450ms and then retry.
java.lang.IllegalStateException: No leader yet : printing ALL groups
  s0:  RUNNING CANDIDATE s0@group-CF66ACB98618:t5, leader=null, voted=s0, raftlog=s0@group-CF66ACB98618-SegmentedRaftLog:OPENED:c-1,f-1,i0, conf=-1: [s0:0.0.0.0:32897, s1:0.0.0.0:35696, s2:0.0.0.0:35236], old=null RUNNING
  s1:  RUNNING CANDIDATE s1@group-CF66ACB98618:t5, leader=null, voted=s1, raftlog=s1@group-CF66ACB98618-SegmentedRaftLog:OPENED:c-1,f-1,i0, conf=-1: [s0:0.0.0.0:32897, s1:0.0.0.0:35696, s2:0.0.0.0:35236], old=null RUNNING
  s2:  RUNNING CANDIDATE s2@group-CF66ACB98618:t6, leader=null, voted=s2, raftlog=s2@group-CF66ACB98618-SegmentedRaftLog:OPENED:c-1,f-1,i0, conf=-1: [s0:0.0.0.0:32897, s1:0.0.0.0:35696, s2:0.0.0.0:35236], old=null RUNNING
	at org.apache.ratis.MiniRaftCluster.newIllegalStateExceptionForNoLeaders(MiniRaftCluster.java:506)
	at org.apache.ratis.RaftTestUtil.lambda$waitForLeader$1(RaftTestUtil.java:90)
	at org.apache.ratis.MiniRaftCluster.getLeader(MiniRaftCluster.java:539)
	at org.apache.ratis.MiniRaftCluster.getLeader(MiniRaftCluster.java:532)
	at org.apache.ratis.RaftTestUtil.lambda$waitForLeader$3(RaftTestUtil.java:98)
	at org.apache.ratis.util.JavaUtils.attempt(JavaUtils.java:152)
	at org.apache.ratis.RaftTestUtil.waitForLeader(RaftTestUtil.java:97)
	at org.apache.ratis.RaftTestUtil.waitForLeader(RaftTestUtil.java:77)
	at org.apache.ratis.RaftTestUtil.waitForLeader(RaftTestUtil.java:72)
	at org.apache.ratis.server.impl.RaftReconfigurationBaseTest.lambda$testAddPeers$0(RaftReconfigurationBaseTest.java:78)
	at org.apache.ratis.MiniRaftCluster$Factory$Get.runWithNewCluster(MiniRaftCluster.java:125)
	at org.apache.ratis.MiniRaftCluster$Factory$Get.runWithNewCluster(MiniRaftCluster.java:113)
	at org.apache.ratis.server.impl.RaftReconfigurationBaseTest.testAddPeers(RaftReconfigurationBaseTest.java:77)
	at sun.reflect.NativeMethodAccessorImpl.invoke0(Native Method)
	at sun.reflect.NativeMethodAccessorImpl.invoke(NativeMethodAccessorImpl.java:62)
	at sun.reflect.DelegatingMethodAccessorImpl.invoke(DelegatingMethodAccessorImpl.java:43)
	at java.lang.reflect.Method.invoke(Method.java:498)
	at org.junit.runners.model.FrameworkMethod$1.runReflectiveCall(FrameworkMethod.java:50)
	at org.junit.internal.runners.model.ReflectiveCallable.run(ReflectiveCallable.java:12)
	at org.junit.runners.model.FrameworkMethod.invokeExplosively(FrameworkMethod.java:47)
	at org.junit.internal.runners.statements.InvokeMethod.evaluate(InvokeMethod.java:17)
	at org.junit.internal.runners.statements.RunAfters.evaluate(RunAfters.java:27)
	at org.junit.internal.runners.statements.FailOnTimeout$CallableStatement.call(FailOnTimeout.java:298)
	at org.junit.internal.runners.statements.FailOnTimeout$CallableStatement.call(FailOnTimeout.java:292)
	at java.util.concurrent.FutureTask.run(FutureTask.java:266)
	at java.lang.Thread.run(Thread.java:748)
2019-09-24 17:03:46,631 INFO  impl.LeaderElection (LeaderElection.java:askForVotes(178)) - s0@group-CF66ACB98618-LeaderElection167: begin an election at term 5 for -1: [s0:0.0.0.0:32897, s1:0.0.0.0:35696, s2:0.0.0.0:35236], old=null
2019-09-24 17:03:46,631 DEBUG impl.RaftServerImpl (RaftServerImpl.java:requestVote(775)) - s0@group-CF66ACB98618 replies to vote request: s2<-s0#0:FAIL-t5. Peer's state: s0@group-CF66ACB98618:t5, leader=null, voted=s0, raftlog=s0@group-CF66ACB98618-SegmentedRaftLog:OPENED:c-1,f-1,i0, conf=-1: [s0:0.0.0.0:32897, s1:0.0.0.0:35696, s2:0.0.0.0:35236], old=null
2019-09-24 17:03:46,632 DEBUG impl.RaftServerImpl (RaftServerImpl.java:requestVote(775)) - s0@group-CF66ACB98618 replies to vote request: s2<-s0#0:FAIL-t5. Peer's state: s0@group-CF66ACB98618:t5, leader=null, voted=s0, raftlog=s0@group-CF66ACB98618-SegmentedRaftLog:OPENED:c-1,f-1,i0, conf=-1: [s0:0.0.0.0:32897, s1:0.0.0.0:35696, s2:0.0.0.0:35236], old=null
2019-09-24 17:03:46,632 DEBUG impl.RaftServerImpl (RaftServerImpl.java:requestVote(743)) - s1@group-CF66ACB98618: receive requestVote(s0, group-CF66ACB98618, 5, (t:0, i:0))
2019-09-24 17:03:46,632 DEBUG impl.RaftServerImpl (RaftServerImpl.java:requestVote(743)) - s2@group-CF66ACB98618: receive requestVote(s0, group-CF66ACB98618, 5, (t:0, i:0))
2019-09-24 17:03:46,633 INFO  impl.LeaderElection (LeaderElection.java:logAndReturn(56)) - s0@group-CF66ACB98618-LeaderElection164: Election REJECTED; received 0 response(s) [] and 0 exception(s); s0@group-CF66ACB98618:t5, leader=null, voted=s0, raftlog=s0@group-CF66ACB98618-SegmentedRaftLog:OPENED:c-1,f-1,i0, conf=-1: [s0:0.0.0.0:32897, s1:0.0.0.0:35696, s2:0.0.0.0:35236], old=null
2019-09-24 17:03:46,633 DEBUG impl.RaftServerImpl (RaftServerImpl.java:requestVote(743)) - s2@group-CF66ACB98618: receive requestVote(s0, group-CF66ACB98618, 4, (t:0, i:0))
2019-09-24 17:03:46,748 WARN  ratis.RaftTestUtil (JavaUtils.java:attempt(158)) - FAILED "waitForLeader-null-(expectLeader? true)", attempt #43/100: java.lang.IllegalStateException: No leader yet : printing ALL groups
  s0:  RUNNING CANDIDATE s0@group-CF66ACB98618:t5, leader=null, voted=s0, raftlog=s0@group-CF66ACB98618-SegmentedRaftLog:OPENED:c-1,f-1,i0, conf=-1: [s0:0.0.0.0:32897, s1:0.0.0.0:35696, s2:0.0.0.0:35236], old=null RUNNING
  s1:  RUNNING CANDIDATE s1@group-CF66ACB98618:t5, leader=null, voted=s1, raftlog=s1@group-CF66ACB98618-SegmentedRaftLog:OPENED:c-1,f-1,i0, conf=-1: [s0:0.0.0.0:32897, s1:0.0.0.0:35696, s2:0.0.0.0:35236], old=null RUNNING
  s2:  RUNNING CANDIDATE s2@group-CF66ACB98618:t6, leader=null, voted=s2, raftlog=s2@group-CF66ACB98618-SegmentedRaftLog:OPENED:c-1,f-1,i0, conf=-1: [s0:0.0.0.0:32897, s1:0.0.0.0:35696, s2:0.0.0.0:35236], old=null RUNNING, sleep 450ms and then retry.
java.lang.IllegalStateException: No leader yet : printing ALL groups
  s0:  RUNNING CANDIDATE s0@group-CF66ACB98618:t5, leader=null, voted=s0, raftlog=s0@group-CF66ACB98618-SegmentedRaftLog:OPENED:c-1,f-1,i0, conf=-1: [s0:0.0.0.0:32897, s1:0.0.0.0:35696, s2:0.0.0.0:35236], old=null RUNNING
  s1:  RUNNING CANDIDATE s1@group-CF66ACB98618:t5, leader=null, voted=s1, raftlog=s1@group-CF66ACB98618-SegmentedRaftLog:OPENED:c-1,f-1,i0, conf=-1: [s0:0.0.0.0:32897, s1:0.0.0.0:35696, s2:0.0.0.0:35236], old=null RUNNING
  s2:  RUNNING CANDIDATE s2@group-CF66ACB98618:t6, leader=null, voted=s2, raftlog=s2@group-CF66ACB98618-SegmentedRaftLog:OPENED:c-1,f-1,i0, conf=-1: [s0:0.0.0.0:32897, s1:0.0.0.0:35696, s2:0.0.0.0:35236], old=null RUNNING
	at org.apache.ratis.MiniRaftCluster.newIllegalStateExceptionForNoLeaders(MiniRaftCluster.java:506)
	at org.apache.ratis.RaftTestUtil.lambda$waitForLeader$1(RaftTestUtil.java:90)
	at org.apache.ratis.MiniRaftCluster.getLeader(MiniRaftCluster.java:539)
	at org.apache.ratis.MiniRaftCluster.getLeader(MiniRaftCluster.java:532)
	at org.apache.ratis.RaftTestUtil.lambda$waitForLeader$3(RaftTestUtil.java:98)
	at org.apache.ratis.util.JavaUtils.attempt(JavaUtils.java:152)
	at org.apache.ratis.RaftTestUtil.waitForLeader(RaftTestUtil.java:97)
	at org.apache.ratis.RaftTestUtil.waitForLeader(RaftTestUtil.java:77)
	at org.apache.ratis.RaftTestUtil.waitForLeader(RaftTestUtil.java:72)
	at org.apache.ratis.server.impl.RaftReconfigurationBaseTest.lambda$testAddPeers$0(RaftReconfigurationBaseTest.java:78)
	at org.apache.ratis.MiniRaftCluster$Factory$Get.runWithNewCluster(MiniRaftCluster.java:125)
	at org.apache.ratis.MiniRaftCluster$Factory$Get.runWithNewCluster(MiniRaftCluster.java:113)
	at org.apache.ratis.server.impl.RaftReconfigurationBaseTest.testAddPeers(RaftReconfigurationBaseTest.java:77)
	at sun.reflect.NativeMethodAccessorImpl.invoke0(Native Method)
	at sun.reflect.NativeMethodAccessorImpl.invoke(NativeMethodAccessorImpl.java:62)
	at sun.reflect.DelegatingMethodAccessorImpl.invoke(DelegatingMethodAccessorImpl.java:43)
	at java.lang.reflect.Method.invoke(Method.java:498)
	at org.junit.runners.model.FrameworkMethod$1.runReflectiveCall(FrameworkMethod.java:50)
	at org.junit.internal.runners.model.ReflectiveCallable.run(ReflectiveCallable.java:12)
	at org.junit.runners.model.FrameworkMethod.invokeExplosively(FrameworkMethod.java:47)
	at org.junit.internal.runners.statements.InvokeMethod.evaluate(InvokeMethod.java:17)
	at org.junit.internal.runners.statements.RunAfters.evaluate(RunAfters.java:27)
	at org.junit.internal.runners.statements.FailOnTimeout$CallableStatement.call(FailOnTimeout.java:298)
	at org.junit.internal.runners.statements.FailOnTimeout$CallableStatement.call(FailOnTimeout.java:292)
	at java.util.concurrent.FutureTask.run(FutureTask.java:266)
	at java.lang.Thread.run(Thread.java:748)
2019-09-24 17:03:46,787 INFO  impl.LeaderElection (LeaderElection.java:logAndReturn(56)) - s0@group-CF66ACB98618-LeaderElection167: Election TIMEOUT; received 0 response(s) [] and 0 exception(s); s0@group-CF66ACB98618:t5, leader=null, voted=s0, raftlog=s0@group-CF66ACB98618-SegmentedRaftLog:OPENED:c-1,f-1,i0, conf=-1: [s0:0.0.0.0:32897, s1:0.0.0.0:35696, s2:0.0.0.0:35236], old=null
2019-09-24 17:03:47,037 INFO  impl.LeaderElection (LeaderElection.java:askForVotes(178)) - s1@group-CF66ACB98618-LeaderElection166: begin an election at term 5 for -1: [s0:0.0.0.0:32897, s1:0.0.0.0:35696, s2:0.0.0.0:35236], old=null
2019-09-24 17:03:47,037 DEBUG impl.RaftServerImpl (RaftServerImpl.java:requestVote(775)) - s1@group-CF66ACB98618 replies to vote request: s2<-s1#0:FAIL-t5. Peer's state: s1@group-CF66ACB98618:t5, leader=null, voted=s1, raftlog=s1@group-CF66ACB98618-SegmentedRaftLog:OPENED:c-1,f-1,i0, conf=-1: [s0:0.0.0.0:32897, s1:0.0.0.0:35696, s2:0.0.0.0:35236], old=null
2019-09-24 17:03:47,038 DEBUG impl.RaftServerImpl (RaftServerImpl.java:requestVote(775)) - s1@group-CF66ACB98618 replies to vote request: s0<-s1#0:FAIL-t5. Peer's state: s1@group-CF66ACB98618:t5, leader=null, voted=s1, raftlog=s1@group-CF66ACB98618-SegmentedRaftLog:OPENED:c-1,f-1,i0, conf=-1: [s0:0.0.0.0:32897, s1:0.0.0.0:35696, s2:0.0.0.0:35236], old=null
2019-09-24 17:03:47,038 DEBUG impl.RaftServerImpl (RaftServerImpl.java:requestVote(743)) - s1@group-CF66ACB98618: receive requestVote(s0, group-CF66ACB98618, 4, (t:0, i:0))
2019-09-24 17:03:47,038 DEBUG impl.RaftServerImpl (RaftServerImpl.java:requestVote(775)) - s1@group-CF66ACB98618 replies to vote request: s2<-s1#0:FAIL-t5. Peer's state: s1@group-CF66ACB98618:t5, leader=null, voted=s1, raftlog=s1@group-CF66ACB98618-SegmentedRaftLog:OPENED:c-1,f-1,i0, conf=-1: [s0:0.0.0.0:32897, s1:0.0.0.0:35696, s2:0.0.0.0:35236], old=null
2019-09-24 17:03:47,038 DEBUG impl.RaftServerImpl (RaftServerImpl.java:requestVote(743)) - s0@group-CF66ACB98618: receive requestVote(s1, group-CF66ACB98618, 5, (t:0, i:0))
2019-09-24 17:03:47,038 DEBUG impl.RaftServerImpl (RaftServerImpl.java:requestVote(775)) - s1@group-CF66ACB98618 replies to vote request: s0<-s1#0:FAIL-t5. Peer's state: s1@group-CF66ACB98618:t5, leader=null, voted=s1, raftlog=s1@group-CF66ACB98618-SegmentedRaftLog:OPENED:c-1,f-1,i0, conf=-1: [s0:0.0.0.0:32897, s1:0.0.0.0:35696, s2:0.0.0.0:35236], old=null
2019-09-24 17:03:47,039 DEBUG impl.RaftServerImpl (RaftServerImpl.java:requestVote(743)) - s0@group-CF66ACB98618: receive requestVote(s1, group-CF66ACB98618, 4, (t:0, i:0))
2019-09-24 17:03:47,039 DEBUG impl.RaftServerImpl (RaftServerImpl.java:requestVote(743)) - s2@group-CF66ACB98618: receive requestVote(s1, group-CF66ACB98618, 5, (t:0, i:0))
2019-09-24 17:03:47,039 INFO  impl.LeaderElection (LeaderElection.java:logAndReturn(56)) - s1@group-CF66ACB98618-LeaderElection165: Election REJECTED; received 0 response(s) [] and 0 exception(s); s1@group-CF66ACB98618:t5, leader=null, voted=s1, raftlog=s1@group-CF66ACB98618-SegmentedRaftLog:OPENED:c-1,f-1,i0, conf=-1: [s0:0.0.0.0:32897, s1:0.0.0.0:35696, s2:0.0.0.0:35236], old=null
2019-09-24 17:03:47,049 INFO  impl.LeaderElection (LeaderElection.java:askForVotes(178)) - s2@group-CF66ACB98618-LeaderElection163: begin an election at term 6 for -1: [s0:0.0.0.0:32897, s1:0.0.0.0:35696, s2:0.0.0.0:35236], old=null
2019-09-24 17:03:47,049 INFO  impl.LeaderElection (LeaderElection.java:askForVotes(178)) - s0@group-CF66ACB98618-LeaderElection167: begin an election at term 6 for -1: [s0:0.0.0.0:32897, s1:0.0.0.0:35696, s2:0.0.0.0:35236], old=null
2019-09-24 17:03:47,049 DEBUG impl.RaftServerImpl (RaftServerImpl.java:requestVote(775)) - s2@group-CF66ACB98618 replies to vote request: s1<-s2#0:FAIL-t6. Peer's state: s2@group-CF66ACB98618:t6, leader=null, voted=s2, raftlog=s2@group-CF66ACB98618-SegmentedRaftLog:OPENED:c-1,f-1,i0, conf=-1: [s0:0.0.0.0:32897, s1:0.0.0.0:35696, s2:0.0.0.0:35236], old=null
2019-09-24 17:03:47,049 DEBUG impl.RaftServerImpl (RaftServerImpl.java:requestVote(775)) - s0@group-CF66ACB98618 replies to vote request: s1<-s0#0:FAIL-t6. Peer's state: s0@group-CF66ACB98618:t6, leader=null, voted=s0, raftlog=s0@group-CF66ACB98618-SegmentedRaftLog:OPENED:c-1,f-1,i0, conf=-1: [s0:0.0.0.0:32897, s1:0.0.0.0:35696, s2:0.0.0.0:35236], old=null
2019-09-24 17:03:47,049 DEBUG impl.RaftServerImpl (RaftServerImpl.java:requestVote(775)) - s2@group-CF66ACB98618 replies to vote request: s0<-s2#0:FAIL-t6. Peer's state: s2@group-CF66ACB98618:t6, leader=null, voted=s2, raftlog=s2@group-CF66ACB98618-SegmentedRaftLog:OPENED:c-1,f-1,i0, conf=-1: [s0:0.0.0.0:32897, s1:0.0.0.0:35696, s2:0.0.0.0:35236], old=null
2019-09-24 17:03:47,049 DEBUG impl.RaftServerImpl (RaftServerImpl.java:requestVote(743)) - s2@group-CF66ACB98618: receive requestVote(s1, group-CF66ACB98618, 4, (t:0, i:0))
2019-09-24 17:03:47,050 DEBUG impl.RaftServerImpl (RaftServerImpl.java:requestVote(775)) - s2@group-CF66ACB98618 replies to vote request: s0<-s2#0:FAIL-t6. Peer's state: s2@group-CF66ACB98618:t6, leader=null, voted=s2, raftlog=s2@group-CF66ACB98618-SegmentedRaftLog:OPENED:c-1,f-1,i0, conf=-1: [s0:0.0.0.0:32897, s1:0.0.0.0:35696, s2:0.0.0.0:35236], old=null
2019-09-24 17:03:47,050 INFO  impl.LeaderElection (LeaderElection.java:logAndReturn(56)) - s1@group-CF66ACB98618-LeaderElection166: Election DISCOVERED_A_NEW_TERM; received 1 response(s) [s1<-s2#0:FAIL-t6] and 0 exception(s); s1@group-CF66ACB98618:t5, leader=null, voted=s1, raftlog=s1@group-CF66ACB98618-SegmentedRaftLog:OPENED:c-1,f-1,i0, conf=-1: [s0:0.0.0.0:32897, s1:0.0.0.0:35696, s2:0.0.0.0:35236], old=null
2019-09-24 17:03:47,050 DEBUG impl.RaftServerImpl (RaftServerImpl.java:requestVote(775)) - s0@group-CF66ACB98618 replies to vote request: s1<-s0#0:FAIL-t6. Peer's state: s0@group-CF66ACB98618:t6, leader=null, voted=s0, raftlog=s0@group-CF66ACB98618-SegmentedRaftLog:OPENED:c-1,f-1,i0, conf=-1: [s0:0.0.0.0:32897, s1:0.0.0.0:35696, s2:0.0.0.0:35236], old=null
2019-09-24 17:03:47,050 INFO  impl.RaftServerImpl (RaftServerImpl.java:setRole(170)) - s1@group-CF66ACB98618: changes role from CANDIDATE to FOLLOWER at term 6 for DISCOVERED_A_NEW_TERM
2019-09-24 17:03:47,050 DEBUG impl.RaftServerImpl (RaftServerImpl.java:requestVote(775)) - s2@group-CF66ACB98618 replies to vote request: s1<-s2#0:FAIL-t6. Peer's state: s2@group-CF66ACB98618:t6, leader=null, voted=s2, raftlog=s2@group-CF66ACB98618-SegmentedRaftLog:OPENED:c-1,f-1,i0, conf=-1: [s0:0.0.0.0:32897, s1:0.0.0.0:35696, s2:0.0.0.0:35236], old=null
2019-09-24 17:03:47,051 INFO  impl.RoleInfo (RoleInfo.java:shutdownLeaderElection(134)) - s1: shutdown LeaderElection
2019-09-24 17:03:47,051 DEBUG impl.RaftServerImpl (RaftServerImpl.java:requestVote(743)) - s1@group-CF66ACB98618: receive requestVote(s0, group-CF66ACB98618, 6, (t:0, i:0))
2019-09-24 17:03:47,051 INFO  impl.RoleInfo (RoleInfo.java:updateAndGet(143)) - s1: start FollowerState
2019-09-24 17:03:47,051 DEBUG impl.RaftServerImpl (RaftServerImpl.java:requestVote(743)) - s2@group-CF66ACB98618: receive requestVote(s0, group-CF66ACB98618, 6, (t:0, i:0))
2019-09-24 17:03:47,051 DEBUG impl.RaftServerImpl (RaftServerImpl.java:requestVote(775)) - s2@group-CF66ACB98618 replies to vote request: s0<-s2#0:FAIL-t6. Peer's state: s2@group-CF66ACB98618:t6, leader=null, voted=s2, raftlog=s2@group-CF66ACB98618-SegmentedRaftLog:OPENED:c-1,f-1,i0, conf=-1: [s0:0.0.0.0:32897, s1:0.0.0.0:35696, s2:0.0.0.0:35236], old=null
2019-09-24 17:03:47,052 DEBUG impl.RaftServerImpl (RaftServerImpl.java:requestVote(743)) - s0@group-CF66ACB98618: receive requestVote(s2, group-CF66ACB98618, 6, (t:0, i:0))
2019-09-24 17:03:47,052 DEBUG impl.RaftServerImpl (RaftServerImpl.java:requestVote(775)) - s0@group-CF66ACB98618 replies to vote request: s2<-s0#0:FAIL-t6. Peer's state: s0@group-CF66ACB98618:t6, leader=null, voted=s0, raftlog=s0@group-CF66ACB98618-SegmentedRaftLog:OPENED:c-1,f-1,i0, conf=-1: [s0:0.0.0.0:32897, s1:0.0.0.0:35696, s2:0.0.0.0:35236], old=null
2019-09-24 17:03:47,052 DEBUG impl.RaftServerImpl (RaftServerImpl.java:requestVote(743)) - s1@group-CF66ACB98618: receive requestVote(s2, group-CF66ACB98618, 6, (t:0, i:0))
2019-09-24 17:03:47,198 WARN  ratis.RaftTestUtil (JavaUtils.java:attempt(158)) - FAILED "waitForLeader-null-(expectLeader? true)", attempt #44/100: java.lang.IllegalStateException: No leader yet : printing ALL groups
  s0:  RUNNING CANDIDATE s0@group-CF66ACB98618:t6, leader=null, voted=s0, raftlog=s0@group-CF66ACB98618-SegmentedRaftLog:OPENED:c-1,f-1,i0, conf=-1: [s0:0.0.0.0:32897, s1:0.0.0.0:35696, s2:0.0.0.0:35236], old=null RUNNING
  s1:  RUNNING  FOLLOWER s1@group-CF66ACB98618:t6, leader=null, voted=null, raftlog=s1@group-CF66ACB98618-SegmentedRaftLog:OPENED:c-1,f-1,i0, conf=-1: [s0:0.0.0.0:32897, s1:0.0.0.0:35696, s2:0.0.0.0:35236], old=null RUNNING
  s2:  RUNNING CANDIDATE s2@group-CF66ACB98618:t6, leader=null, voted=s2, raftlog=s2@group-CF66ACB98618-SegmentedRaftLog:OPENED:c-1,f-1,i0, conf=-1: [s0:0.0.0.0:32897, s1:0.0.0.0:35696, s2:0.0.0.0:35236], old=null RUNNING, sleep 450ms and then retry.
java.lang.IllegalStateException: No leader yet : printing ALL groups
  s0:  RUNNING CANDIDATE s0@group-CF66ACB98618:t6, leader=null, voted=s0, raftlog=s0@group-CF66ACB98618-SegmentedRaftLog:OPENED:c-1,f-1,i0, conf=-1: [s0:0.0.0.0:32897, s1:0.0.0.0:35696, s2:0.0.0.0:35236], old=null RUNNING
  s1:  RUNNING  FOLLOWER s1@group-CF66ACB98618:t6, leader=null, voted=null, raftlog=s1@group-CF66ACB98618-SegmentedRaftLog:OPENED:c-1,f-1,i0, conf=-1: [s0:0.0.0.0:32897, s1:0.0.0.0:35696, s2:0.0.0.0:35236], old=null RUNNING
  s2:  RUNNING CANDIDATE s2@group-CF66ACB98618:t6, leader=null, voted=s2, raftlog=s2@group-CF66ACB98618-SegmentedRaftLog:OPENED:c-1,f-1,i0, conf=-1: [s0:0.0.0.0:32897, s1:0.0.0.0:35696, s2:0.0.0.0:35236], old=null RUNNING
	at org.apache.ratis.MiniRaftCluster.newIllegalStateExceptionForNoLeaders(MiniRaftCluster.java:506)
	at org.apache.ratis.RaftTestUtil.lambda$waitForLeader$1(RaftTestUtil.java:90)
	at org.apache.ratis.MiniRaftCluster.getLeader(MiniRaftCluster.java:539)
	at org.apache.ratis.MiniRaftCluster.getLeader(MiniRaftCluster.java:532)
	at org.apache.ratis.RaftTestUtil.lambda$waitForLeader$3(RaftTestUtil.java:98)
	at org.apache.ratis.util.JavaUtils.attempt(JavaUtils.java:152)
	at org.apache.ratis.RaftTestUtil.waitForLeader(RaftTestUtil.java:97)
	at org.apache.ratis.RaftTestUtil.waitForLeader(RaftTestUtil.java:77)
	at org.apache.ratis.RaftTestUtil.waitForLeader(RaftTestUtil.java:72)
	at org.apache.ratis.server.impl.RaftReconfigurationBaseTest.lambda$testAddPeers$0(RaftReconfigurationBaseTest.java:78)
	at org.apache.ratis.MiniRaftCluster$Factory$Get.runWithNewCluster(MiniRaftCluster.java:125)
	at org.apache.ratis.MiniRaftCluster$Factory$Get.runWithNewCluster(MiniRaftCluster.java:113)
	at org.apache.ratis.server.impl.RaftReconfigurationBaseTest.testAddPeers(RaftReconfigurationBaseTest.java:77)
	at sun.reflect.NativeMethodAccessorImpl.invoke0(Native Method)
	at sun.reflect.NativeMethodAccessorImpl.invoke(NativeMethodAccessorImpl.java:62)
	at sun.reflect.DelegatingMethodAccessorImpl.invoke(DelegatingMethodAccessorImpl.java:43)
	at java.lang.reflect.Method.invoke(Method.java:498)
	at org.junit.runners.model.FrameworkMethod$1.runReflectiveCall(FrameworkMethod.java:50)
	at org.junit.internal.runners.model.ReflectiveCallable.run(ReflectiveCallable.java:12)
	at org.junit.runners.model.FrameworkMethod.invokeExplosively(FrameworkMethod.java:47)
	at org.junit.internal.runners.statements.InvokeMethod.evaluate(InvokeMethod.java:17)
	at org.junit.internal.runners.statements.RunAfters.evaluate(RunAfters.java:27)
	at org.junit.internal.runners.statements.FailOnTimeout$CallableStatement.call(FailOnTimeout.java:298)
	at org.junit.internal.runners.statements.FailOnTimeout$CallableStatement.call(FailOnTimeout.java:292)
	at java.util.concurrent.FutureTask.run(FutureTask.java:266)
	at java.lang.Thread.run(Thread.java:748)
2019-09-24 17:03:47,246 INFO  impl.LeaderElection (LeaderElection.java:logAndReturn(56)) - s2@group-CF66ACB98618-LeaderElection163: Election TIMEOUT; received 1 response(s) [s2<-s0#0:FAIL-t6] and 0 exception(s); s2@group-CF66ACB98618:t6, leader=null, voted=s2, raftlog=s2@group-CF66ACB98618-SegmentedRaftLog:OPENED:c-1,f-1,i0, conf=-1: [s0:0.0.0.0:32897, s1:0.0.0.0:35696, s2:0.0.0.0:35236], old=null
2019-09-24 17:03:47,270 INFO  impl.LeaderElection (LeaderElection.java:logAndReturn(56)) - s0@group-CF66ACB98618-LeaderElection167: Election TIMEOUT; received 1 response(s) [s0<-s2#0:FAIL-t6] and 0 exception(s); s0@group-CF66ACB98618:t6, leader=null, voted=s0, raftlog=s0@group-CF66ACB98618-SegmentedRaftLog:OPENED:c-1,f-1,i0, conf=-1: [s0:0.0.0.0:32897, s1:0.0.0.0:35696, s2:0.0.0.0:35236], old=null
2019-09-24 17:03:47,650 WARN  ratis.RaftTestUtil (JavaUtils.java:attempt(158)) - FAILED "waitForLeader-null-(expectLeader? true)", attempt #45/100: java.lang.IllegalStateException: No leader yet : printing ALL groups
  s0:  RUNNING CANDIDATE s0@group-CF66ACB98618:t7, leader=null, voted=s0, raftlog=s0@group-CF66ACB98618-SegmentedRaftLog:OPENED:c-1,f-1,i0, conf=-1: [s0:0.0.0.0:32897, s1:0.0.0.0:35696, s2:0.0.0.0:35236], old=null RUNNING
  s1:  RUNNING  FOLLOWER s1@group-CF66ACB98618:t6, leader=null, voted=null, raftlog=s1@group-CF66ACB98618-SegmentedRaftLog:OPENED:c-1,f-1,i0, conf=-1: [s0:0.0.0.0:32897, s1:0.0.0.0:35696, s2:0.0.0.0:35236], old=null RUNNING
  s2:  RUNNING CANDIDATE s2@group-CF66ACB98618:t7, leader=null, voted=s2, raftlog=s2@group-CF66ACB98618-SegmentedRaftLog:OPENED:c-1,f-1,i0, conf=-1: [s0:0.0.0.0:32897, s1:0.0.0.0:35696, s2:0.0.0.0:35236], old=null RUNNING, sleep 450ms and then retry.
java.lang.IllegalStateException: No leader yet : printing ALL groups
  s0:  RUNNING CANDIDATE s0@group-CF66ACB98618:t7, leader=null, voted=s0, raftlog=s0@group-CF66ACB98618-SegmentedRaftLog:OPENED:c-1,f-1,i0, conf=-1: [s0:0.0.0.0:32897, s1:0.0.0.0:35696, s2:0.0.0.0:35236], old=null RUNNING
  s1:  RUNNING  FOLLOWER s1@group-CF66ACB98618:t6, leader=null, voted=null, raftlog=s1@group-CF66ACB98618-SegmentedRaftLog:OPENED:c-1,f-1,i0, conf=-1: [s0:0.0.0.0:32897, s1:0.0.0.0:35696, s2:0.0.0.0:35236], old=null RUNNING
  s2:  RUNNING CANDIDATE s2@group-CF66ACB98618:t7, leader=null, voted=s2, raftlog=s2@group-CF66ACB98618-SegmentedRaftLog:OPENED:c-1,f-1,i0, conf=-1: [s0:0.0.0.0:32897, s1:0.0.0.0:35696, s2:0.0.0.0:35236], old=null RUNNING
	at org.apache.ratis.MiniRaftCluster.newIllegalStateExceptionForNoLeaders(MiniRaftCluster.java:506)
	at org.apache.ratis.RaftTestUtil.lambda$waitForLeader$1(RaftTestUtil.java:90)
	at org.apache.ratis.MiniRaftCluster.getLeader(MiniRaftCluster.java:539)
	at org.apache.ratis.MiniRaftCluster.getLeader(MiniRaftCluster.java:532)
	at org.apache.ratis.RaftTestUtil.lambda$waitForLeader$3(RaftTestUtil.java:98)
	at org.apache.ratis.util.JavaUtils.attempt(JavaUtils.java:152)
	at org.apache.ratis.RaftTestUtil.waitForLeader(RaftTestUtil.java:97)
	at org.apache.ratis.RaftTestUtil.waitForLeader(RaftTestUtil.java:77)
	at org.apache.ratis.RaftTestUtil.waitForLeader(RaftTestUtil.java:72)
	at org.apache.ratis.server.impl.RaftReconfigurationBaseTest.lambda$testAddPeers$0(RaftReconfigurationBaseTest.java:78)
	at org.apache.ratis.MiniRaftCluster$Factory$Get.runWithNewCluster(MiniRaftCluster.java:125)
	at org.apache.ratis.MiniRaftCluster$Factory$Get.runWithNewCluster(MiniRaftCluster.java:113)
	at org.apache.ratis.server.impl.RaftReconfigurationBaseTest.testAddPeers(RaftReconfigurationBaseTest.java:77)
	at sun.reflect.NativeMethodAccessorImpl.invoke0(Native Method)
	at sun.reflect.NativeMethodAccessorImpl.invoke(NativeMethodAccessorImpl.java:62)
	at sun.reflect.DelegatingMethodAccessorImpl.invoke(DelegatingMethodAccessorImpl.java:43)
	at java.lang.reflect.Method.invoke(Method.java:498)
	at org.junit.runners.model.FrameworkMethod$1.runReflectiveCall(FrameworkMethod.java:50)
	at org.junit.internal.runners.model.ReflectiveCallable.run(ReflectiveCallable.java:12)
	at org.junit.runners.model.FrameworkMethod.invokeExplosively(FrameworkMethod.java:47)
	at org.junit.internal.runners.statements.InvokeMethod.evaluate(InvokeMethod.java:17)
	at org.junit.internal.runners.statements.RunAfters.evaluate(RunAfters.java:27)
	at org.junit.internal.runners.statements.FailOnTimeout$CallableStatement.call(FailOnTimeout.java:298)
	at org.junit.internal.runners.statements.FailOnTimeout$CallableStatement.call(FailOnTimeout.java:292)
	at java.util.concurrent.FutureTask.run(FutureTask.java:266)
	at java.lang.Thread.run(Thread.java:748)
2019-09-24 17:03:47,790 INFO  ratis.MiniRaftCluster (MiniRaftCluster.java:lambda$null$5(297)) - TIMED-PRINT: printing ALL groups
  s0:  RUNNING CANDIDATE s0@group-CF66ACB98618:t7, leader=null, voted=s0, raftlog=s0@group-CF66ACB98618-SegmentedRaftLog:OPENED:c-1,f-1,i0, conf=-1: [s0:0.0.0.0:32897, s1:0.0.0.0:35696, s2:0.0.0.0:35236], old=null RUNNING
  s1:  RUNNING  FOLLOWER s1@group-CF66ACB98618:t6, leader=null, voted=null, raftlog=s1@group-CF66ACB98618-SegmentedRaftLog:OPENED:c-1,f-1,i0, conf=-1: [s0:0.0.0.0:32897, s1:0.0.0.0:35696, s2:0.0.0.0:35236], old=null RUNNING
  s2:  RUNNING CANDIDATE s2@group-CF66ACB98618:t7, leader=null, voted=s2, raftlog=s2@group-CF66ACB98618-SegmentedRaftLog:OPENED:c-1,f-1,i0, conf=-1: [s0:0.0.0.0:32897, s1:0.0.0.0:35696, s2:0.0.0.0:35236], old=null RUNNING
2019-09-24 17:03:48,101 WARN  ratis.RaftTestUtil (JavaUtils.java:attempt(158)) - FAILED "waitForLeader-null-(expectLeader? true)", attempt #46/100: java.lang.IllegalStateException: No leader yet : printing ALL groups
  s0:  RUNNING CANDIDATE s0@group-CF66ACB98618:t7, leader=null, voted=s0, raftlog=s0@group-CF66ACB98618-SegmentedRaftLog:OPENED:c-1,f-1,i0, conf=-1: [s0:0.0.0.0:32897, s1:0.0.0.0:35696, s2:0.0.0.0:35236], old=null RUNNING
  s1:  RUNNING  FOLLOWER s1@group-CF66ACB98618:t6, leader=null, voted=null, raftlog=s1@group-CF66ACB98618-SegmentedRaftLog:OPENED:c-1,f-1,i0, conf=-1: [s0:0.0.0.0:32897, s1:0.0.0.0:35696, s2:0.0.0.0:35236], old=null RUNNING
  s2:  RUNNING CANDIDATE s2@group-CF66ACB98618:t7, leader=null, voted=s2, raftlog=s2@group-CF66ACB98618-SegmentedRaftLog:OPENED:c-1,f-1,i0, conf=-1: [s0:0.0.0.0:32897, s1:0.0.0.0:35696, s2:0.0.0.0:35236], old=null RUNNING, sleep 450ms and then retry.
java.lang.IllegalStateException: No leader yet : printing ALL groups
  s0:  RUNNING CANDIDATE s0@group-CF66ACB98618:t7, leader=null, voted=s0, raftlog=s0@group-CF66ACB98618-SegmentedRaftLog:OPENED:c-1,f-1,i0, conf=-1: [s0:0.0.0.0:32897, s1:0.0.0.0:35696, s2:0.0.0.0:35236], old=null RUNNING
  s1:  RUNNING  FOLLOWER s1@group-CF66ACB98618:t6, leader=null, voted=null, raftlog=s1@group-CF66ACB98618-SegmentedRaftLog:OPENED:c-1,f-1,i0, conf=-1: [s0:0.0.0.0:32897, s1:0.0.0.0:35696, s2:0.0.0.0:35236], old=null RUNNING
  s2:  RUNNING CANDIDATE s2@group-CF66ACB98618:t7, leader=null, voted=s2, raftlog=s2@group-CF66ACB98618-SegmentedRaftLog:OPENED:c-1,f-1,i0, conf=-1: [s0:0.0.0.0:32897, s1:0.0.0.0:35696, s2:0.0.0.0:35236], old=null RUNNING
	at org.apache.ratis.MiniRaftCluster.newIllegalStateExceptionForNoLeaders(MiniRaftCluster.java:506)
	at org.apache.ratis.RaftTestUtil.lambda$waitForLeader$1(RaftTestUtil.java:90)
	at org.apache.ratis.MiniRaftCluster.getLeader(MiniRaftCluster.java:539)
	at org.apache.ratis.MiniRaftCluster.getLeader(MiniRaftCluster.java:532)
	at org.apache.ratis.RaftTestUtil.lambda$waitForLeader$3(RaftTestUtil.java:98)
	at org.apache.ratis.util.JavaUtils.attempt(JavaUtils.java:152)
	at org.apache.ratis.RaftTestUtil.waitForLeader(RaftTestUtil.java:97)
	at org.apache.ratis.RaftTestUtil.waitForLeader(RaftTestUtil.java:77)
	at org.apache.ratis.RaftTestUtil.waitForLeader(RaftTestUtil.java:72)
	at org.apache.ratis.server.impl.RaftReconfigurationBaseTest.lambda$testAddPeers$0(RaftReconfigurationBaseTest.java:78)
	at org.apache.ratis.MiniRaftCluster$Factory$Get.runWithNewCluster(MiniRaftCluster.java:125)
	at org.apache.ratis.MiniRaftCluster$Factory$Get.runWithNewCluster(MiniRaftCluster.java:113)
	at org.apache.ratis.server.impl.RaftReconfigurationBaseTest.testAddPeers(RaftReconfigurationBaseTest.java:77)
	at sun.reflect.NativeMethodAccessorImpl.invoke0(Native Method)
	at sun.reflect.NativeMethodAccessorImpl.invoke(NativeMethodAccessorImpl.java:62)
	at sun.reflect.DelegatingMethodAccessorImpl.invoke(DelegatingMethodAccessorImpl.java:43)
	at java.lang.reflect.Method.invoke(Method.java:498)
	at org.junit.runners.model.FrameworkMethod$1.runReflectiveCall(FrameworkMethod.java:50)
	at org.junit.internal.runners.model.ReflectiveCallable.run(ReflectiveCallable.java:12)
	at org.junit.runners.model.FrameworkMethod.invokeExplosively(FrameworkMethod.java:47)
	at org.junit.internal.runners.statements.InvokeMethod.evaluate(InvokeMethod.java:17)
	at org.junit.internal.runners.statements.RunAfters.evaluate(RunAfters.java:27)
	at org.junit.internal.runners.statements.FailOnTimeout$CallableStatement.call(FailOnTimeout.java:298)
	at org.junit.internal.runners.statements.FailOnTimeout$CallableStatement.call(FailOnTimeout.java:292)
	at java.util.concurrent.FutureTask.run(FutureTask.java:266)
	at java.lang.Thread.run(Thread.java:748)
2019-09-24 17:03:48,553 WARN  ratis.RaftTestUtil (JavaUtils.java:attempt(158)) - FAILED "waitForLeader-null-(expectLeader? true)", attempt #47/100: java.lang.IllegalStateException: No leader yet : printing ALL groups
  s0:  RUNNING CANDIDATE s0@group-CF66ACB98618:t7, leader=null, voted=s0, raftlog=s0@group-CF66ACB98618-SegmentedRaftLog:OPENED:c-1,f-1,i0, conf=-1: [s0:0.0.0.0:32897, s1:0.0.0.0:35696, s2:0.0.0.0:35236], old=null RUNNING
  s1:  RUNNING  FOLLOWER s1@group-CF66ACB98618:t6, leader=null, voted=null, raftlog=s1@group-CF66ACB98618-SegmentedRaftLog:OPENED:c-1,f-1,i0, conf=-1: [s0:0.0.0.0:32897, s1:0.0.0.0:35696, s2:0.0.0.0:35236], old=null RUNNING
  s2:  RUNNING CANDIDATE s2@group-CF66ACB98618:t7, leader=null, voted=s2, raftlog=s2@group-CF66ACB98618-SegmentedRaftLog:OPENED:c-1,f-1,i0, conf=-1: [s0:0.0.0.0:32897, s1:0.0.0.0:35696, s2:0.0.0.0:35236], old=null RUNNING, sleep 450ms and then retry.
java.lang.IllegalStateException: No leader yet : printing ALL groups
  s0:  RUNNING CANDIDATE s0@group-CF66ACB98618:t7, leader=null, voted=s0, raftlog=s0@group-CF66ACB98618-SegmentedRaftLog:OPENED:c-1,f-1,i0, conf=-1: [s0:0.0.0.0:32897, s1:0.0.0.0:35696, s2:0.0.0.0:35236], old=null RUNNING
  s1:  RUNNING  FOLLOWER s1@group-CF66ACB98618:t6, leader=null, voted=null, raftlog=s1@group-CF66ACB98618-SegmentedRaftLog:OPENED:c-1,f-1,i0, conf=-1: [s0:0.0.0.0:32897, s1:0.0.0.0:35696, s2:0.0.0.0:35236], old=null RUNNING
  s2:  RUNNING CANDIDATE s2@group-CF66ACB98618:t7, leader=null, voted=s2, raftlog=s2@group-CF66ACB98618-SegmentedRaftLog:OPENED:c-1,f-1,i0, conf=-1: [s0:0.0.0.0:32897, s1:0.0.0.0:35696, s2:0.0.0.0:35236], old=null RUNNING
	at org.apache.ratis.MiniRaftCluster.newIllegalStateExceptionForNoLeaders(MiniRaftCluster.java:506)
	at org.apache.ratis.RaftTestUtil.lambda$waitForLeader$1(RaftTestUtil.java:90)
	at org.apache.ratis.MiniRaftCluster.getLeader(MiniRaftCluster.java:539)
	at org.apache.ratis.MiniRaftCluster.getLeader(MiniRaftCluster.java:532)
	at org.apache.ratis.RaftTestUtil.lambda$waitForLeader$3(RaftTestUtil.java:98)
	at org.apache.ratis.util.JavaUtils.attempt(JavaUtils.java:152)
	at org.apache.ratis.RaftTestUtil.waitForLeader(RaftTestUtil.java:97)
	at org.apache.ratis.RaftTestUtil.waitForLeader(RaftTestUtil.java:77)
	at org.apache.ratis.RaftTestUtil.waitForLeader(RaftTestUtil.java:72)
	at org.apache.ratis.server.impl.RaftReconfigurationBaseTest.lambda$testAddPeers$0(RaftReconfigurationBaseTest.java:78)
	at org.apache.ratis.MiniRaftCluster$Factory$Get.runWithNewCluster(MiniRaftCluster.java:125)
	at org.apache.ratis.MiniRaftCluster$Factory$Get.runWithNewCluster(MiniRaftCluster.java:113)
	at org.apache.ratis.server.impl.RaftReconfigurationBaseTest.testAddPeers(RaftReconfigurationBaseTest.java:77)
	at sun.reflect.NativeMethodAccessorImpl.invoke0(Native Method)
	at sun.reflect.NativeMethodAccessorImpl.invoke(NativeMethodAccessorImpl.java:62)
	at sun.reflect.DelegatingMethodAccessorImpl.invoke(DelegatingMethodAccessorImpl.java:43)
	at java.lang.reflect.Method.invoke(Method.java:498)
	at org.junit.runners.model.FrameworkMethod$1.runReflectiveCall(FrameworkMethod.java:50)
	at org.junit.internal.runners.model.ReflectiveCallable.run(ReflectiveCallable.java:12)
	at org.junit.runners.model.FrameworkMethod.invokeExplosively(FrameworkMethod.java:47)
	at org.junit.internal.runners.statements.InvokeMethod.evaluate(InvokeMethod.java:17)
	at org.junit.internal.runners.statements.RunAfters.evaluate(RunAfters.java:27)
	at org.junit.internal.runners.statements.FailOnTimeout$CallableStatement.call(FailOnTimeout.java:298)
	at org.junit.internal.runners.statements.FailOnTimeout$CallableStatement.call(FailOnTimeout.java:292)
	at java.util.concurrent.FutureTask.run(FutureTask.java:266)
	at java.lang.Thread.run(Thread.java:748)
2019-09-24 17:03:49,004 WARN  ratis.RaftTestUtil (JavaUtils.java:attempt(158)) - FAILED "waitForLeader-null-(expectLeader? true)", attempt #48/100: java.lang.IllegalStateException: No leader yet : printing ALL groups
  s0:  RUNNING CANDIDATE s0@group-CF66ACB98618:t7, leader=null, voted=s0, raftlog=s0@group-CF66ACB98618-SegmentedRaftLog:OPENED:c-1,f-1,i0, conf=-1: [s0:0.0.0.0:32897, s1:0.0.0.0:35696, s2:0.0.0.0:35236], old=null RUNNING
  s1:  RUNNING  FOLLOWER s1@group-CF66ACB98618:t6, leader=null, voted=null, raftlog=s1@group-CF66ACB98618-SegmentedRaftLog:OPENED:c-1,f-1,i0, conf=-1: [s0:0.0.0.0:32897, s1:0.0.0.0:35696, s2:0.0.0.0:35236], old=null RUNNING
  s2:  RUNNING CANDIDATE s2@group-CF66ACB98618:t7, leader=null, voted=s2, raftlog=s2@group-CF66ACB98618-SegmentedRaftLog:OPENED:c-1,f-1,i0, conf=-1: [s0:0.0.0.0:32897, s1:0.0.0.0:35696, s2:0.0.0.0:35236], old=null RUNNING, sleep 450ms and then retry.
java.lang.IllegalStateException: No leader yet : printing ALL groups
  s0:  RUNNING CANDIDATE s0@group-CF66ACB98618:t7, leader=null, voted=s0, raftlog=s0@group-CF66ACB98618-SegmentedRaftLog:OPENED:c-1,f-1,i0, conf=-1: [s0:0.0.0.0:32897, s1:0.0.0.0:35696, s2:0.0.0.0:35236], old=null RUNNING
  s1:  RUNNING  FOLLOWER s1@group-CF66ACB98618:t6, leader=null, voted=null, raftlog=s1@group-CF66ACB98618-SegmentedRaftLog:OPENED:c-1,f-1,i0, conf=-1: [s0:0.0.0.0:32897, s1:0.0.0.0:35696, s2:0.0.0.0:35236], old=null RUNNING
  s2:  RUNNING CANDIDATE s2@group-CF66ACB98618:t7, leader=null, voted=s2, raftlog=s2@group-CF66ACB98618-SegmentedRaftLog:OPENED:c-1,f-1,i0, conf=-1: [s0:0.0.0.0:32897, s1:0.0.0.0:35696, s2:0.0.0.0:35236], old=null RUNNING
	at org.apache.ratis.MiniRaftCluster.newIllegalStateExceptionForNoLeaders(MiniRaftCluster.java:506)
	at org.apache.ratis.RaftTestUtil.lambda$waitForLeader$1(RaftTestUtil.java:90)
	at org.apache.ratis.MiniRaftCluster.getLeader(MiniRaftCluster.java:539)
	at org.apache.ratis.MiniRaftCluster.getLeader(MiniRaftCluster.java:532)
	at org.apache.ratis.RaftTestUtil.lambda$waitForLeader$3(RaftTestUtil.java:98)
	at org.apache.ratis.util.JavaUtils.attempt(JavaUtils.java:152)
	at org.apache.ratis.RaftTestUtil.waitForLeader(RaftTestUtil.java:97)
	at org.apache.ratis.RaftTestUtil.waitForLeader(RaftTestUtil.java:77)
	at org.apache.ratis.RaftTestUtil.waitForLeader(RaftTestUtil.java:72)
	at org.apache.ratis.server.impl.RaftReconfigurationBaseTest.lambda$testAddPeers$0(RaftReconfigurationBaseTest.java:78)
	at org.apache.ratis.MiniRaftCluster$Factory$Get.runWithNewCluster(MiniRaftCluster.java:125)
	at org.apache.ratis.MiniRaftCluster$Factory$Get.runWithNewCluster(MiniRaftCluster.java:113)
	at org.apache.ratis.server.impl.RaftReconfigurationBaseTest.testAddPeers(RaftReconfigurationBaseTest.java:77)
	at sun.reflect.NativeMethodAccessorImpl.invoke0(Native Method)
	at sun.reflect.NativeMethodAccessorImpl.invoke(NativeMethodAccessorImpl.java:62)
	at sun.reflect.DelegatingMethodAccessorImpl.invoke(DelegatingMethodAccessorImpl.java:43)
	at java.lang.reflect.Method.invoke(Method.java:498)
	at org.junit.runners.model.FrameworkMethod$1.runReflectiveCall(FrameworkMethod.java:50)
	at org.junit.internal.runners.model.ReflectiveCallable.run(ReflectiveCallable.java:12)
	at org.junit.runners.model.FrameworkMethod.invokeExplosively(FrameworkMethod.java:47)
	at org.junit.internal.runners.statements.InvokeMethod.evaluate(InvokeMethod.java:17)
	at org.junit.internal.runners.statements.RunAfters.evaluate(RunAfters.java:27)
	at org.junit.internal.runners.statements.FailOnTimeout$CallableStatement.call(FailOnTimeout.java:298)
	at org.junit.internal.runners.statements.FailOnTimeout$CallableStatement.call(FailOnTimeout.java:292)
	at java.util.concurrent.FutureTask.run(FutureTask.java:266)
	at java.lang.Thread.run(Thread.java:748)
2019-09-24 17:03:49,456 WARN  ratis.RaftTestUtil (JavaUtils.java:attempt(158)) - FAILED "waitForLeader-null-(expectLeader? true)", attempt #49/100: java.lang.IllegalStateException: No leader yet : printing ALL groups
  s0:  RUNNING CANDIDATE s0@group-CF66ACB98618:t7, leader=null, voted=s0, raftlog=s0@group-CF66ACB98618-SegmentedRaftLog:OPENED:c-1,f-1,i0, conf=-1: [s0:0.0.0.0:32897, s1:0.0.0.0:35696, s2:0.0.0.0:35236], old=null RUNNING
  s1:  RUNNING  FOLLOWER s1@group-CF66ACB98618:t6, leader=null, voted=null, raftlog=s1@group-CF66ACB98618-SegmentedRaftLog:OPENED:c-1,f-1,i0, conf=-1: [s0:0.0.0.0:32897, s1:0.0.0.0:35696, s2:0.0.0.0:35236], old=null RUNNING
  s2:  RUNNING CANDIDATE s2@group-CF66ACB98618:t7, leader=null, voted=s2, raftlog=s2@group-CF66ACB98618-SegmentedRaftLog:OPENED:c-1,f-1,i0, conf=-1: [s0:0.0.0.0:32897, s1:0.0.0.0:35696, s2:0.0.0.0:35236], old=null RUNNING, sleep 450ms and then retry.
java.lang.IllegalStateException: No leader yet : printing ALL groups
  s0:  RUNNING CANDIDATE s0@group-CF66ACB98618:t7, leader=null, voted=s0, raftlog=s0@group-CF66ACB98618-SegmentedRaftLog:OPENED:c-1,f-1,i0, conf=-1: [s0:0.0.0.0:32897, s1:0.0.0.0:35696, s2:0.0.0.0:35236], old=null RUNNING
  s1:  RUNNING  FOLLOWER s1@group-CF66ACB98618:t6, leader=null, voted=null, raftlog=s1@group-CF66ACB98618-SegmentedRaftLog:OPENED:c-1,f-1,i0, conf=-1: [s0:0.0.0.0:32897, s1:0.0.0.0:35696, s2:0.0.0.0:35236], old=null RUNNING
  s2:  RUNNING CANDIDATE s2@group-CF66ACB98618:t7, leader=null, voted=s2, raftlog=s2@group-CF66ACB98618-SegmentedRaftLog:OPENED:c-1,f-1,i0, conf=-1: [s0:0.0.0.0:32897, s1:0.0.0.0:35696, s2:0.0.0.0:35236], old=null RUNNING
	at org.apache.ratis.MiniRaftCluster.newIllegalStateExceptionForNoLeaders(MiniRaftCluster.java:506)
	at org.apache.ratis.RaftTestUtil.lambda$waitForLeader$1(RaftTestUtil.java:90)
	at org.apache.ratis.MiniRaftCluster.getLeader(MiniRaftCluster.java:539)
	at org.apache.ratis.MiniRaftCluster.getLeader(MiniRaftCluster.java:532)
	at org.apache.ratis.RaftTestUtil.lambda$waitForLeader$3(RaftTestUtil.java:98)
	at org.apache.ratis.util.JavaUtils.attempt(JavaUtils.java:152)
	at org.apache.ratis.RaftTestUtil.waitForLeader(RaftTestUtil.java:97)
	at org.apache.ratis.RaftTestUtil.waitForLeader(RaftTestUtil.java:77)
	at org.apache.ratis.RaftTestUtil.waitForLeader(RaftTestUtil.java:72)
	at org.apache.ratis.server.impl.RaftReconfigurationBaseTest.lambda$testAddPeers$0(RaftReconfigurationBaseTest.java:78)
	at org.apache.ratis.MiniRaftCluster$Factory$Get.runWithNewCluster(MiniRaftCluster.java:125)
	at org.apache.ratis.MiniRaftCluster$Factory$Get.runWithNewCluster(MiniRaftCluster.java:113)
	at org.apache.ratis.server.impl.RaftReconfigurationBaseTest.testAddPeers(RaftReconfigurationBaseTest.java:77)
	at sun.reflect.NativeMethodAccessorImpl.invoke0(Native Method)
	at sun.reflect.NativeMethodAccessorImpl.invoke(NativeMethodAccessorImpl.java:62)
	at sun.reflect.DelegatingMethodAccessorImpl.invoke(DelegatingMethodAccessorImpl.java:43)
	at java.lang.reflect.Method.invoke(Method.java:498)
	at org.junit.runners.model.FrameworkMethod$1.runReflectiveCall(FrameworkMethod.java:50)
	at org.junit.internal.runners.model.ReflectiveCallable.run(ReflectiveCallable.java:12)
	at org.junit.runners.model.FrameworkMethod.invokeExplosively(FrameworkMethod.java:47)
	at org.junit.internal.runners.statements.InvokeMethod.evaluate(InvokeMethod.java:17)
	at org.junit.internal.runners.statements.RunAfters.evaluate(RunAfters.java:27)
	at org.junit.internal.runners.statements.FailOnTimeout$CallableStatement.call(FailOnTimeout.java:298)
	at org.junit.internal.runners.statements.FailOnTimeout$CallableStatement.call(FailOnTimeout.java:292)
	at java.util.concurrent.FutureTask.run(FutureTask.java:266)
	at java.lang.Thread.run(Thread.java:748)
2019-09-24 17:03:49,907 WARN  ratis.RaftTestUtil (JavaUtils.java:attempt(158)) - FAILED "waitForLeader-null-(expectLeader? true)", attempt #50/100: java.lang.IllegalStateException: No leader yet : printing ALL groups
  s0:  RUNNING CANDIDATE s0@group-CF66ACB98618:t7, leader=null, voted=s0, raftlog=s0@group-CF66ACB98618-SegmentedRaftLog:OPENED:c-1,f-1,i0, conf=-1: [s0:0.0.0.0:32897, s1:0.0.0.0:35696, s2:0.0.0.0:35236], old=null RUNNING
  s1:  RUNNING  FOLLOWER s1@group-CF66ACB98618:t6, leader=null, voted=null, raftlog=s1@group-CF66ACB98618-SegmentedRaftLog:OPENED:c-1,f-1,i0, conf=-1: [s0:0.0.0.0:32897, s1:0.0.0.0:35696, s2:0.0.0.0:35236], old=null RUNNING
  s2:  RUNNING CANDIDATE s2@group-CF66ACB98618:t7, leader=null, voted=s2, raftlog=s2@group-CF66ACB98618-SegmentedRaftLog:OPENED:c-1,f-1,i0, conf=-1: [s0:0.0.0.0:32897, s1:0.0.0.0:35696, s2:0.0.0.0:35236], old=null RUNNING, sleep 450ms and then retry.
java.lang.IllegalStateException: No leader yet : printing ALL groups
  s0:  RUNNING CANDIDATE s0@group-CF66ACB98618:t7, leader=null, voted=s0, raftlog=s0@group-CF66ACB98618-SegmentedRaftLog:OPENED:c-1,f-1,i0, conf=-1: [s0:0.0.0.0:32897, s1:0.0.0.0:35696, s2:0.0.0.0:35236], old=null RUNNING
  s1:  RUNNING  FOLLOWER s1@group-CF66ACB98618:t6, leader=null, voted=null, raftlog=s1@group-CF66ACB98618-SegmentedRaftLog:OPENED:c-1,f-1,i0, conf=-1: [s0:0.0.0.0:32897, s1:0.0.0.0:35696, s2:0.0.0.0:35236], old=null RUNNING
  s2:  RUNNING CANDIDATE s2@group-CF66ACB98618:t7, leader=null, voted=s2, raftlog=s2@group-CF66ACB98618-SegmentedRaftLog:OPENED:c-1,f-1,i0, conf=-1: [s0:0.0.0.0:32897, s1:0.0.0.0:35696, s2:0.0.0.0:35236], old=null RUNNING
	at org.apache.ratis.MiniRaftCluster.newIllegalStateExceptionForNoLeaders(MiniRaftCluster.java:506)
	at org.apache.ratis.RaftTestUtil.lambda$waitForLeader$1(RaftTestUtil.java:90)
	at org.apache.ratis.MiniRaftCluster.getLeader(MiniRaftCluster.java:539)
	at org.apache.ratis.MiniRaftCluster.getLeader(MiniRaftCluster.java:532)
	at org.apache.ratis.RaftTestUtil.lambda$waitForLeader$3(RaftTestUtil.java:98)
	at org.apache.ratis.util.JavaUtils.attempt(JavaUtils.java:152)
	at org.apache.ratis.RaftTestUtil.waitForLeader(RaftTestUtil.java:97)
	at org.apache.ratis.RaftTestUtil.waitForLeader(RaftTestUtil.java:77)
	at org.apache.ratis.RaftTestUtil.waitForLeader(RaftTestUtil.java:72)
	at org.apache.ratis.server.impl.RaftReconfigurationBaseTest.lambda$testAddPeers$0(RaftReconfigurationBaseTest.java:78)
	at org.apache.ratis.MiniRaftCluster$Factory$Get.runWithNewCluster(MiniRaftCluster.java:125)
	at org.apache.ratis.MiniRaftCluster$Factory$Get.runWithNewCluster(MiniRaftCluster.java:113)
	at org.apache.ratis.server.impl.RaftReconfigurationBaseTest.testAddPeers(RaftReconfigurationBaseTest.java:77)
	at sun.reflect.NativeMethodAccessorImpl.invoke0(Native Method)
	at sun.reflect.NativeMethodAccessorImpl.invoke(NativeMethodAccessorImpl.java:62)
	at sun.reflect.DelegatingMethodAccessorImpl.invoke(DelegatingMethodAccessorImpl.java:43)
	at java.lang.reflect.Method.invoke(Method.java:498)
	at org.junit.runners.model.FrameworkMethod$1.runReflectiveCall(FrameworkMethod.java:50)
	at org.junit.internal.runners.model.ReflectiveCallable.run(ReflectiveCallable.java:12)
	at org.junit.runners.model.FrameworkMethod.invokeExplosively(FrameworkMethod.java:47)
	at org.junit.internal.runners.statements.InvokeMethod.evaluate(InvokeMethod.java:17)
	at org.junit.internal.runners.statements.RunAfters.evaluate(RunAfters.java:27)
	at org.junit.internal.runners.statements.FailOnTimeout$CallableStatement.call(FailOnTimeout.java:298)
	at org.junit.internal.runners.statements.FailOnTimeout$CallableStatement.call(FailOnTimeout.java:292)
	at java.util.concurrent.FutureTask.run(FutureTask.java:266)
	at java.lang.Thread.run(Thread.java:748)
2019-09-24 17:03:50,359 WARN  ratis.RaftTestUtil (JavaUtils.java:attempt(158)) - FAILED "waitForLeader-null-(expectLeader? true)", attempt #51/100: java.lang.IllegalStateException: No leader yet : printing ALL groups
  s0:  RUNNING CANDIDATE s0@group-CF66ACB98618:t7, leader=null, voted=s0, raftlog=s0@group-CF66ACB98618-SegmentedRaftLog:OPENED:c-1,f-1,i0, conf=-1: [s0:0.0.0.0:32897, s1:0.0.0.0:35696, s2:0.0.0.0:35236], old=null RUNNING
  s1:  RUNNING  FOLLOWER s1@group-CF66ACB98618:t6, leader=null, voted=null, raftlog=s1@group-CF66ACB98618-SegmentedRaftLog:OPENED:c-1,f-1,i0, conf=-1: [s0:0.0.0.0:32897, s1:0.0.0.0:35696, s2:0.0.0.0:35236], old=null RUNNING
  s2:  RUNNING CANDIDATE s2@group-CF66ACB98618:t7, leader=null, voted=s2, raftlog=s2@group-CF66ACB98618-SegmentedRaftLog:OPENED:c-1,f-1,i0, conf=-1: [s0:0.0.0.0:32897, s1:0.0.0.0:35696, s2:0.0.0.0:35236], old=null RUNNING, sleep 450ms and then retry.
java.lang.IllegalStateException: No leader yet : printing ALL groups
  s0:  RUNNING CANDIDATE s0@group-CF66ACB98618:t7, leader=null, voted=s0, raftlog=s0@group-CF66ACB98618-SegmentedRaftLog:OPENED:c-1,f-1,i0, conf=-1: [s0:0.0.0.0:32897, s1:0.0.0.0:35696, s2:0.0.0.0:35236], old=null RUNNING
  s1:  RUNNING  FOLLOWER s1@group-CF66ACB98618:t6, leader=null, voted=null, raftlog=s1@group-CF66ACB98618-SegmentedRaftLog:OPENED:c-1,f-1,i0, conf=-1: [s0:0.0.0.0:32897, s1:0.0.0.0:35696, s2:0.0.0.0:35236], old=null RUNNING
  s2:  RUNNING CANDIDATE s2@group-CF66ACB98618:t7, leader=null, voted=s2, raftlog=s2@group-CF66ACB98618-SegmentedRaftLog:OPENED:c-1,f-1,i0, conf=-1: [s0:0.0.0.0:32897, s1:0.0.0.0:35696, s2:0.0.0.0:35236], old=null RUNNING
	at org.apache.ratis.MiniRaftCluster.newIllegalStateExceptionForNoLeaders(MiniRaftCluster.java:506)
	at org.apache.ratis.RaftTestUtil.lambda$waitForLeader$1(RaftTestUtil.java:90)
	at org.apache.ratis.MiniRaftCluster.getLeader(MiniRaftCluster.java:539)
	at org.apache.ratis.MiniRaftCluster.getLeader(MiniRaftCluster.java:532)
	at org.apache.ratis.RaftTestUtil.lambda$waitForLeader$3(RaftTestUtil.java:98)
	at org.apache.ratis.util.JavaUtils.attempt(JavaUtils.java:152)
	at org.apache.ratis.RaftTestUtil.waitForLeader(RaftTestUtil.java:97)
	at org.apache.ratis.RaftTestUtil.waitForLeader(RaftTestUtil.java:77)
	at org.apache.ratis.RaftTestUtil.waitForLeader(RaftTestUtil.java:72)
	at org.apache.ratis.server.impl.RaftReconfigurationBaseTest.lambda$testAddPeers$0(RaftReconfigurationBaseTest.java:78)
	at org.apache.ratis.MiniRaftCluster$Factory$Get.runWithNewCluster(MiniRaftCluster.java:125)
	at org.apache.ratis.MiniRaftCluster$Factory$Get.runWithNewCluster(MiniRaftCluster.java:113)
	at org.apache.ratis.server.impl.RaftReconfigurationBaseTest.testAddPeers(RaftReconfigurationBaseTest.java:77)
	at sun.reflect.NativeMethodAccessorImpl.invoke0(Native Method)
	at sun.reflect.NativeMethodAccessorImpl.invoke(NativeMethodAccessorImpl.java:62)
	at sun.reflect.DelegatingMethodAccessorImpl.invoke(DelegatingMethodAccessorImpl.java:43)
	at java.lang.reflect.Method.invoke(Method.java:498)
	at org.junit.runners.model.FrameworkMethod$1.runReflectiveCall(FrameworkMethod.java:50)
	at org.junit.internal.runners.model.ReflectiveCallable.run(ReflectiveCallable.java:12)
	at org.junit.runners.model.FrameworkMethod.invokeExplosively(FrameworkMethod.java:47)
	at org.junit.internal.runners.statements.InvokeMethod.evaluate(InvokeMethod.java:17)
	at org.junit.internal.runners.statements.RunAfters.evaluate(RunAfters.java:27)
	at org.junit.internal.runners.statements.FailOnTimeout$CallableStatement.call(FailOnTimeout.java:298)
	at org.junit.internal.runners.statements.FailOnTimeout$CallableStatement.call(FailOnTimeout.java:292)
	at java.util.concurrent.FutureTask.run(FutureTask.java:266)
	at java.lang.Thread.run(Thread.java:748)
2019-09-24 17:03:50,810 WARN  ratis.RaftTestUtil (JavaUtils.java:attempt(158)) - FAILED "waitForLeader-null-(expectLeader? true)", attempt #52/100: java.lang.IllegalStateException: No leader yet : printing ALL groups
  s0:  RUNNING CANDIDATE s0@group-CF66ACB98618:t7, leader=null, voted=s0, raftlog=s0@group-CF66ACB98618-SegmentedRaftLog:OPENED:c-1,f-1,i0, conf=-1: [s0:0.0.0.0:32897, s1:0.0.0.0:35696, s2:0.0.0.0:35236], old=null RUNNING
  s1:  RUNNING  FOLLOWER s1@group-CF66ACB98618:t6, leader=null, voted=null, raftlog=s1@group-CF66ACB98618-SegmentedRaftLog:OPENED:c-1,f-1,i0, conf=-1: [s0:0.0.0.0:32897, s1:0.0.0.0:35696, s2:0.0.0.0:35236], old=null RUNNING
  s2:  RUNNING CANDIDATE s2@group-CF66ACB98618:t7, leader=null, voted=s2, raftlog=s2@group-CF66ACB98618-SegmentedRaftLog:OPENED:c-1,f-1,i0, conf=-1: [s0:0.0.0.0:32897, s1:0.0.0.0:35696, s2:0.0.0.0:35236], old=null RUNNING, sleep 450ms and then retry.
java.lang.IllegalStateException: No leader yet : printing ALL groups
  s0:  RUNNING CANDIDATE s0@group-CF66ACB98618:t7, leader=null, voted=s0, raftlog=s0@group-CF66ACB98618-SegmentedRaftLog:OPENED:c-1,f-1,i0, conf=-1: [s0:0.0.0.0:32897, s1:0.0.0.0:35696, s2:0.0.0.0:35236], old=null RUNNING
  s1:  RUNNING  FOLLOWER s1@group-CF66ACB98618:t6, leader=null, voted=null, raftlog=s1@group-CF66ACB98618-SegmentedRaftLog:OPENED:c-1,f-1,i0, conf=-1: [s0:0.0.0.0:32897, s1:0.0.0.0:35696, s2:0.0.0.0:35236], old=null RUNNING
  s2:  RUNNING CANDIDATE s2@group-CF66ACB98618:t7, leader=null, voted=s2, raftlog=s2@group-CF66ACB98618-SegmentedRaftLog:OPENED:c-1,f-1,i0, conf=-1: [s0:0.0.0.0:32897, s1:0.0.0.0:35696, s2:0.0.0.0:35236], old=null RUNNING
	at org.apache.ratis.MiniRaftCluster.newIllegalStateExceptionForNoLeaders(MiniRaftCluster.java:506)
	at org.apache.ratis.RaftTestUtil.lambda$waitForLeader$1(RaftTestUtil.java:90)
	at org.apache.ratis.MiniRaftCluster.getLeader(MiniRaftCluster.java:539)
	at org.apache.ratis.MiniRaftCluster.getLeader(MiniRaftCluster.java:532)
	at org.apache.ratis.RaftTestUtil.lambda$waitForLeader$3(RaftTestUtil.java:98)
	at org.apache.ratis.util.JavaUtils.attempt(JavaUtils.java:152)
	at org.apache.ratis.RaftTestUtil.waitForLeader(RaftTestUtil.java:97)
	at org.apache.ratis.RaftTestUtil.waitForLeader(RaftTestUtil.java:77)
	at org.apache.ratis.RaftTestUtil.waitForLeader(RaftTestUtil.java:72)
	at org.apache.ratis.server.impl.RaftReconfigurationBaseTest.lambda$testAddPeers$0(RaftReconfigurationBaseTest.java:78)
	at org.apache.ratis.MiniRaftCluster$Factory$Get.runWithNewCluster(MiniRaftCluster.java:125)
	at org.apache.ratis.MiniRaftCluster$Factory$Get.runWithNewCluster(MiniRaftCluster.java:113)
	at org.apache.ratis.server.impl.RaftReconfigurationBaseTest.testAddPeers(RaftReconfigurationBaseTest.java:77)
	at sun.reflect.NativeMethodAccessorImpl.invoke0(Native Method)
	at sun.reflect.NativeMethodAccessorImpl.invoke(NativeMethodAccessorImpl.java:62)
	at sun.reflect.DelegatingMethodAccessorImpl.invoke(DelegatingMethodAccessorImpl.java:43)
	at java.lang.reflect.Method.invoke(Method.java:498)
	at org.junit.runners.model.FrameworkMethod$1.runReflectiveCall(FrameworkMethod.java:50)
	at org.junit.internal.runners.model.ReflectiveCallable.run(ReflectiveCallable.java:12)
	at org.junit.runners.model.FrameworkMethod.invokeExplosively(FrameworkMethod.java:47)
	at org.junit.internal.runners.statements.InvokeMethod.evaluate(InvokeMethod.java:17)
	at org.junit.internal.runners.statements.RunAfters.evaluate(RunAfters.java:27)
	at org.junit.internal.runners.statements.FailOnTimeout$CallableStatement.call(FailOnTimeout.java:298)
	at org.junit.internal.runners.statements.FailOnTimeout$CallableStatement.call(FailOnTimeout.java:292)
	at java.util.concurrent.FutureTask.run(FutureTask.java:266)
	at java.lang.Thread.run(Thread.java:748)
2019-09-24 17:03:51,261 WARN  ratis.RaftTestUtil (JavaUtils.java:attempt(158)) - FAILED "waitForLeader-null-(expectLeader? true)", attempt #53/100: java.lang.IllegalStateException: No leader yet : printing ALL groups
  s0:  RUNNING CANDIDATE s0@group-CF66ACB98618:t7, leader=null, voted=s0, raftlog=s0@group-CF66ACB98618-SegmentedRaftLog:OPENED:c-1,f-1,i0, conf=-1: [s0:0.0.0.0:32897, s1:0.0.0.0:35696, s2:0.0.0.0:35236], old=null RUNNING
  s1:  RUNNING  FOLLOWER s1@group-CF66ACB98618:t6, leader=null, voted=null, raftlog=s1@group-CF66ACB98618-SegmentedRaftLog:OPENED:c-1,f-1,i0, conf=-1: [s0:0.0.0.0:32897, s1:0.0.0.0:35696, s2:0.0.0.0:35236], old=null RUNNING
  s2:  RUNNING CANDIDATE s2@group-CF66ACB98618:t7, leader=null, voted=s2, raftlog=s2@group-CF66ACB98618-SegmentedRaftLog:OPENED:c-1,f-1,i0, conf=-1: [s0:0.0.0.0:32897, s1:0.0.0.0:35696, s2:0.0.0.0:35236], old=null RUNNING, sleep 450ms and then retry.
java.lang.IllegalStateException: No leader yet : printing ALL groups
  s0:  RUNNING CANDIDATE s0@group-CF66ACB98618:t7, leader=null, voted=s0, raftlog=s0@group-CF66ACB98618-SegmentedRaftLog:OPENED:c-1,f-1,i0, conf=-1: [s0:0.0.0.0:32897, s1:0.0.0.0:35696, s2:0.0.0.0:35236], old=null RUNNING
  s1:  RUNNING  FOLLOWER s1@group-CF66ACB98618:t6, leader=null, voted=null, raftlog=s1@group-CF66ACB98618-SegmentedRaftLog:OPENED:c-1,f-1,i0, conf=-1: [s0:0.0.0.0:32897, s1:0.0.0.0:35696, s2:0.0.0.0:35236], old=null RUNNING
  s2:  RUNNING CANDIDATE s2@group-CF66ACB98618:t7, leader=null, voted=s2, raftlog=s2@group-CF66ACB98618-SegmentedRaftLog:OPENED:c-1,f-1,i0, conf=-1: [s0:0.0.0.0:32897, s1:0.0.0.0:35696, s2:0.0.0.0:35236], old=null RUNNING
	at org.apache.ratis.MiniRaftCluster.newIllegalStateExceptionForNoLeaders(MiniRaftCluster.java:506)
	at org.apache.ratis.RaftTestUtil.lambda$waitForLeader$1(RaftTestUtil.java:90)
	at org.apache.ratis.MiniRaftCluster.getLeader(MiniRaftCluster.java:539)
	at org.apache.ratis.MiniRaftCluster.getLeader(MiniRaftCluster.java:532)
	at org.apache.ratis.RaftTestUtil.lambda$waitForLeader$3(RaftTestUtil.java:98)
	at org.apache.ratis.util.JavaUtils.attempt(JavaUtils.java:152)
	at org.apache.ratis.RaftTestUtil.waitForLeader(RaftTestUtil.java:97)
	at org.apache.ratis.RaftTestUtil.waitForLeader(RaftTestUtil.java:77)
	at org.apache.ratis.RaftTestUtil.waitForLeader(RaftTestUtil.java:72)
	at org.apache.ratis.server.impl.RaftReconfigurationBaseTest.lambda$testAddPeers$0(RaftReconfigurationBaseTest.java:78)
	at org.apache.ratis.MiniRaftCluster$Factory$Get.runWithNewCluster(MiniRaftCluster.java:125)
	at org.apache.ratis.MiniRaftCluster$Factory$Get.runWithNewCluster(MiniRaftCluster.java:113)
	at org.apache.ratis.server.impl.RaftReconfigurationBaseTest.testAddPeers(RaftReconfigurationBaseTest.java:77)
	at sun.reflect.NativeMethodAccessorImpl.invoke0(Native Method)
	at sun.reflect.NativeMethodAccessorImpl.invoke(NativeMethodAccessorImpl.java:62)
	at sun.reflect.DelegatingMethodAccessorImpl.invoke(DelegatingMethodAccessorImpl.java:43)
	at java.lang.reflect.Method.invoke(Method.java:498)
	at org.junit.runners.model.FrameworkMethod$1.runReflectiveCall(FrameworkMethod.java:50)
	at org.junit.internal.runners.model.ReflectiveCallable.run(ReflectiveCallable.java:12)
	at org.junit.runners.model.FrameworkMethod.invokeExplosively(FrameworkMethod.java:47)
	at org.junit.internal.runners.statements.InvokeMethod.evaluate(InvokeMethod.java:17)
	at org.junit.internal.runners.statements.RunAfters.evaluate(RunAfters.java:27)
	at org.junit.internal.runners.statements.FailOnTimeout$CallableStatement.call(FailOnTimeout.java:298)
	at org.junit.internal.runners.statements.FailOnTimeout$CallableStatement.call(FailOnTimeout.java:292)
	at java.util.concurrent.FutureTask.run(FutureTask.java:266)
	at java.lang.Thread.run(Thread.java:748)
2019-09-24 17:03:51,713 WARN  ratis.RaftTestUtil (JavaUtils.java:attempt(158)) - FAILED "waitForLeader-null-(expectLeader? true)", attempt #54/100: java.lang.IllegalStateException: No leader yet : printing ALL groups
  s0:  RUNNING CANDIDATE s0@group-CF66ACB98618:t7, leader=null, voted=s0, raftlog=s0@group-CF66ACB98618-SegmentedRaftLog:OPENED:c-1,f-1,i0, conf=-1: [s0:0.0.0.0:32897, s1:0.0.0.0:35696, s2:0.0.0.0:35236], old=null RUNNING
  s1:  RUNNING  FOLLOWER s1@group-CF66ACB98618:t6, leader=null, voted=null, raftlog=s1@group-CF66ACB98618-SegmentedRaftLog:OPENED:c-1,f-1,i0, conf=-1: [s0:0.0.0.0:32897, s1:0.0.0.0:35696, s2:0.0.0.0:35236], old=null RUNNING
  s2:  RUNNING CANDIDATE s2@group-CF66ACB98618:t7, leader=null, voted=s2, raftlog=s2@group-CF66ACB98618-SegmentedRaftLog:OPENED:c-1,f-1,i0, conf=-1: [s0:0.0.0.0:32897, s1:0.0.0.0:35696, s2:0.0.0.0:35236], old=null RUNNING, sleep 450ms and then retry.
java.lang.IllegalStateException: No leader yet : printing ALL groups
  s0:  RUNNING CANDIDATE s0@group-CF66ACB98618:t7, leader=null, voted=s0, raftlog=s0@group-CF66ACB98618-SegmentedRaftLog:OPENED:c-1,f-1,i0, conf=-1: [s0:0.0.0.0:32897, s1:0.0.0.0:35696, s2:0.0.0.0:35236], old=null RUNNING
  s1:  RUNNING  FOLLOWER s1@group-CF66ACB98618:t6, leader=null, voted=null, raftlog=s1@group-CF66ACB98618-SegmentedRaftLog:OPENED:c-1,f-1,i0, conf=-1: [s0:0.0.0.0:32897, s1:0.0.0.0:35696, s2:0.0.0.0:35236], old=null RUNNING
  s2:  RUNNING CANDIDATE s2@group-CF66ACB98618:t7, leader=null, voted=s2, raftlog=s2@group-CF66ACB98618-SegmentedRaftLog:OPENED:c-1,f-1,i0, conf=-1: [s0:0.0.0.0:32897, s1:0.0.0.0:35696, s2:0.0.0.0:35236], old=null RUNNING
	at org.apache.ratis.MiniRaftCluster.newIllegalStateExceptionForNoLeaders(MiniRaftCluster.java:506)
	at org.apache.ratis.RaftTestUtil.lambda$waitForLeader$1(RaftTestUtil.java:90)
	at org.apache.ratis.MiniRaftCluster.getLeader(MiniRaftCluster.java:539)
	at org.apache.ratis.MiniRaftCluster.getLeader(MiniRaftCluster.java:532)
	at org.apache.ratis.RaftTestUtil.lambda$waitForLeader$3(RaftTestUtil.java:98)
	at org.apache.ratis.util.JavaUtils.attempt(JavaUtils.java:152)
	at org.apache.ratis.RaftTestUtil.waitForLeader(RaftTestUtil.java:97)
	at org.apache.ratis.RaftTestUtil.waitForLeader(RaftTestUtil.java:77)
	at org.apache.ratis.RaftTestUtil.waitForLeader(RaftTestUtil.java:72)
	at org.apache.ratis.server.impl.RaftReconfigurationBaseTest.lambda$testAddPeers$0(RaftReconfigurationBaseTest.java:78)
	at org.apache.ratis.MiniRaftCluster$Factory$Get.runWithNewCluster(MiniRaftCluster.java:125)
	at org.apache.ratis.MiniRaftCluster$Factory$Get.runWithNewCluster(MiniRaftCluster.java:113)
	at org.apache.ratis.server.impl.RaftReconfigurationBaseTest.testAddPeers(RaftReconfigurationBaseTest.java:77)
	at sun.reflect.NativeMethodAccessorImpl.invoke0(Native Method)
	at sun.reflect.NativeMethodAccessorImpl.invoke(NativeMethodAccessorImpl.java:62)
	at sun.reflect.DelegatingMethodAccessorImpl.invoke(DelegatingMethodAccessorImpl.java:43)
	at java.lang.reflect.Method.invoke(Method.java:498)
	at org.junit.runners.model.FrameworkMethod$1.runReflectiveCall(FrameworkMethod.java:50)
	at org.junit.internal.runners.model.ReflectiveCallable.run(ReflectiveCallable.java:12)
	at org.junit.runners.model.FrameworkMethod.invokeExplosively(FrameworkMethod.java:47)
	at org.junit.internal.runners.statements.InvokeMethod.evaluate(InvokeMethod.java:17)
	at org.junit.internal.runners.statements.RunAfters.evaluate(RunAfters.java:27)
	at org.junit.internal.runners.statements.FailOnTimeout$CallableStatement.call(FailOnTimeout.java:298)
	at org.junit.internal.runners.statements.FailOnTimeout$CallableStatement.call(FailOnTimeout.java:292)
	at java.util.concurrent.FutureTask.run(FutureTask.java:266)
	at java.lang.Thread.run(Thread.java:748)
2019-09-24 17:03:52,123 INFO  impl.LeaderElection (LeaderElection.java:askForVotes(178)) - s2@group-CF66ACB98618-LeaderElection163: begin an election at term 7 for -1: [s0:0.0.0.0:32897, s1:0.0.0.0:35696, s2:0.0.0.0:35236], old=null
2019-09-24 17:03:52,123 INFO  impl.LeaderElection (LeaderElection.java:askForVotes(178)) - s0@group-CF66ACB98618-LeaderElection167: begin an election at term 7 for -1: [s0:0.0.0.0:32897, s1:0.0.0.0:35696, s2:0.0.0.0:35236], old=null
2019-09-24 17:03:52,123 INFO  impl.FollowerState (FollowerState.java:run(108)) - s1@group-CF66ACB98618-FollowerState: change to CANDIDATE, lastRpcTime:5071ms, electionTimeout:164ms
2019-09-24 17:03:52,123 INFO  impl.RoleInfo (RoleInfo.java:shutdownFollowerState(121)) - s1: shutdown FollowerState
2019-09-24 17:03:52,124 INFO  impl.RaftServerImpl (RaftServerImpl.java:setRole(170)) - s1@group-CF66ACB98618: changes role from  FOLLOWER to CANDIDATE at term 6 for changeToCandidate
2019-09-24 17:03:52,124 DEBUG impl.RaftServerImpl (RaftServerImpl.java:requestVote(743)) - s0@group-CF66ACB98618: receive requestVote(s2, group-CF66ACB98618, 7, (t:0, i:0))
2019-09-24 17:03:52,124 DEBUG impl.RaftServerImpl (RaftServerImpl.java:requestVote(775)) - s0@group-CF66ACB98618 replies to vote request: s2<-s0#0:FAIL-t7. Peer's state: s0@group-CF66ACB98618:t7, leader=null, voted=s0, raftlog=s0@group-CF66ACB98618-SegmentedRaftLog:OPENED:c-1,f-1,i0, conf=-1: [s0:0.0.0.0:32897, s1:0.0.0.0:35696, s2:0.0.0.0:35236], old=null
2019-09-24 17:03:52,124 DEBUG impl.RaftServerImpl (RaftServerImpl.java:requestVote(743)) - s1@group-CF66ACB98618: receive requestVote(s0, group-CF66ACB98618, 7, (t:0, i:0))
2019-09-24 17:03:52,124 INFO  impl.RoleInfo (RoleInfo.java:updateAndGet(143)) - s1: start LeaderElection
2019-09-24 17:03:52,125 DEBUG impl.RaftServerImpl (RaftServerImpl.java:requestVote(743)) - s2@group-CF66ACB98618: receive requestVote(s0, group-CF66ACB98618, 7, (t:0, i:0))
2019-09-24 17:03:52,125 INFO  impl.RaftServerImpl (RaftServerImpl.java:setRole(170)) - s1@group-CF66ACB98618: changes role from CANDIDATE to FOLLOWER at term 6 for recognizeCandidate:s2
2019-09-24 17:03:52,125 DEBUG impl.RaftServerImpl (RaftServerImpl.java:requestVote(775)) - s2@group-CF66ACB98618 replies to vote request: s0<-s2#0:FAIL-t7. Peer's state: s2@group-CF66ACB98618:t7, leader=null, voted=s2, raftlog=s2@group-CF66ACB98618-SegmentedRaftLog:OPENED:c-1,f-1,i0, conf=-1: [s0:0.0.0.0:32897, s1:0.0.0.0:35696, s2:0.0.0.0:35236], old=null
2019-09-24 17:03:52,125 INFO  impl.RoleInfo (RoleInfo.java:shutdownLeaderElection(134)) - s1: shutdown LeaderElection
2019-09-24 17:03:52,125 INFO  impl.RoleInfo (RoleInfo.java:updateAndGet(143)) - s1: start FollowerState
2019-09-24 17:03:52,126 DEBUG impl.RaftServerImpl (RaftServerImpl.java:requestVote(775)) - s1@group-CF66ACB98618 replies to vote request: s2<-s1#0:FAIL-t6. Peer's state: s1@group-CF66ACB98618:t6, leader=null, voted=null, raftlog=s1@group-CF66ACB98618-SegmentedRaftLog:OPENED:c-1,f-1,i0, conf=-1: [s0:0.0.0.0:32897, s1:0.0.0.0:35696, s2:0.0.0.0:35236], old=null
2019-09-24 17:03:52,126 INFO  impl.RaftServerImpl (RaftServerImpl.java:setRole(170)) - s1@group-CF66ACB98618: changes role from  FOLLOWER to FOLLOWER at term 6 for recognizeCandidate:s0
2019-09-24 17:03:52,126 DEBUG impl.RaftServerImpl (RaftServerImpl.java:requestVote(743)) - s1@group-CF66ACB98618: receive requestVote(s2, group-CF66ACB98618, 7, (t:0, i:0))
2019-09-24 17:03:52,126 INFO  impl.RoleInfo (RoleInfo.java:shutdownFollowerState(121)) - s1: shutdown FollowerState
2019-09-24 17:03:52,126 INFO  impl.RoleInfo (RoleInfo.java:updateAndGet(143)) - s1: start FollowerState
2019-09-24 17:03:52,126 INFO  impl.FollowerState (FollowerState.java:run(117)) - s1@group-CF66ACB98618-FollowerState was interrupted: java.lang.InterruptedException: sleep interrupted
2019-09-24 17:03:52,164 WARN  ratis.RaftTestUtil (JavaUtils.java:attempt(158)) - FAILED "waitForLeader-null-(expectLeader? true)", attempt #55/100: java.lang.IllegalStateException: No leader yet : printing ALL groups
  s0:  RUNNING CANDIDATE s0@group-CF66ACB98618:t7, leader=null, voted=s0, raftlog=s0@group-CF66ACB98618-SegmentedRaftLog:OPENED:c-1,f-1,i0, conf=-1: [s0:0.0.0.0:32897, s1:0.0.0.0:35696, s2:0.0.0.0:35236], old=null RUNNING
  s1:  RUNNING  FOLLOWER s1@group-CF66ACB98618:t6, leader=null, voted=s0, raftlog=s1@group-CF66ACB98618-SegmentedRaftLog:OPENED:c-1,f-1,i0, conf=-1: [s0:0.0.0.0:32897, s1:0.0.0.0:35696, s2:0.0.0.0:35236], old=null RUNNING
  s2:  RUNNING CANDIDATE s2@group-CF66ACB98618:t7, leader=null, voted=s2, raftlog=s2@group-CF66ACB98618-SegmentedRaftLog:OPENED:c-1,f-1,i0, conf=-1: [s0:0.0.0.0:32897, s1:0.0.0.0:35696, s2:0.0.0.0:35236], old=null RUNNING, sleep 450ms and then retry.
java.lang.IllegalStateException: No leader yet : printing ALL groups
  s0:  RUNNING CANDIDATE s0@group-CF66ACB98618:t7, leader=null, voted=s0, raftlog=s0@group-CF66ACB98618-SegmentedRaftLog:OPENED:c-1,f-1,i0, conf=-1: [s0:0.0.0.0:32897, s1:0.0.0.0:35696, s2:0.0.0.0:35236], old=null RUNNING
  s1:  RUNNING  FOLLOWER s1@group-CF66ACB98618:t6, leader=null, voted=s0, raftlog=s1@group-CF66ACB98618-SegmentedRaftLog:OPENED:c-1,f-1,i0, conf=-1: [s0:0.0.0.0:32897, s1:0.0.0.0:35696, s2:0.0.0.0:35236], old=null RUNNING
  s2:  RUNNING CANDIDATE s2@group-CF66ACB98618:t7, leader=null, voted=s2, raftlog=s2@group-CF66ACB98618-SegmentedRaftLog:OPENED:c-1,f-1,i0, conf=-1: [s0:0.0.0.0:32897, s1:0.0.0.0:35696, s2:0.0.0.0:35236], old=null RUNNING
	at org.apache.ratis.MiniRaftCluster.newIllegalStateExceptionForNoLeaders(MiniRaftCluster.java:506)
	at org.apache.ratis.RaftTestUtil.lambda$waitForLeader$1(RaftTestUtil.java:90)
	at org.apache.ratis.MiniRaftCluster.getLeader(MiniRaftCluster.java:539)
	at org.apache.ratis.MiniRaftCluster.getLeader(MiniRaftCluster.java:532)
	at org.apache.ratis.RaftTestUtil.lambda$waitForLeader$3(RaftTestUtil.java:98)
	at org.apache.ratis.util.JavaUtils.attempt(JavaUtils.java:152)
	at org.apache.ratis.RaftTestUtil.waitForLeader(RaftTestUtil.java:97)
	at org.apache.ratis.RaftTestUtil.waitForLeader(RaftTestUtil.java:77)
	at org.apache.ratis.RaftTestUtil.waitForLeader(RaftTestUtil.java:72)
	at org.apache.ratis.server.impl.RaftReconfigurationBaseTest.lambda$testAddPeers$0(RaftReconfigurationBaseTest.java:78)
	at org.apache.ratis.MiniRaftCluster$Factory$Get.runWithNewCluster(MiniRaftCluster.java:125)
	at org.apache.ratis.MiniRaftCluster$Factory$Get.runWithNewCluster(MiniRaftCluster.java:113)
	at org.apache.ratis.server.impl.RaftReconfigurationBaseTest.testAddPeers(RaftReconfigurationBaseTest.java:77)
	at sun.reflect.NativeMethodAccessorImpl.invoke0(Native Method)
	at sun.reflect.NativeMethodAccessorImpl.invoke(NativeMethodAccessorImpl.java:62)
	at sun.reflect.DelegatingMethodAccessorImpl.invoke(DelegatingMethodAccessorImpl.java:43)
	at java.lang.reflect.Method.invoke(Method.java:498)
	at org.junit.runners.model.FrameworkMethod$1.runReflectiveCall(FrameworkMethod.java:50)
	at org.junit.internal.runners.model.ReflectiveCallable.run(ReflectiveCallable.java:12)
	at org.junit.runners.model.FrameworkMethod.invokeExplosively(FrameworkMethod.java:47)
	at org.junit.internal.runners.statements.InvokeMethod.evaluate(InvokeMethod.java:17)
	at org.junit.internal.runners.statements.RunAfters.evaluate(RunAfters.java:27)
	at org.junit.internal.runners.statements.FailOnTimeout$CallableStatement.call(FailOnTimeout.java:298)
	at org.junit.internal.runners.statements.FailOnTimeout$CallableStatement.call(FailOnTimeout.java:292)
	at java.util.concurrent.FutureTask.run(FutureTask.java:266)
	at java.lang.Thread.run(Thread.java:748)
2019-09-24 17:03:52,380 INFO  impl.LeaderElection (LeaderElection.java:logAndReturn(56)) - s2@group-CF66ACB98618-LeaderElection163: Election TIMEOUT; received 1 response(s) [s2<-s0#0:FAIL-t7] and 0 exception(s); s2@group-CF66ACB98618:t7, leader=null, voted=s2, raftlog=s2@group-CF66ACB98618-SegmentedRaftLog:OPENED:c-1,f-1,i0, conf=-1: [s0:0.0.0.0:32897, s1:0.0.0.0:35696, s2:0.0.0.0:35236], old=null
2019-09-24 17:03:52,404 INFO  impl.LeaderElection (LeaderElection.java:logAndReturn(56)) - s0@group-CF66ACB98618-LeaderElection167: Election TIMEOUT; received 1 response(s) [s0<-s2#0:FAIL-t7] and 0 exception(s); s0@group-CF66ACB98618:t7, leader=null, voted=s0, raftlog=s0@group-CF66ACB98618-SegmentedRaftLog:OPENED:c-1,f-1,i0, conf=-1: [s0:0.0.0.0:32897, s1:0.0.0.0:35696, s2:0.0.0.0:35236], old=null
2019-09-24 17:03:52,615 WARN  ratis.RaftTestUtil (JavaUtils.java:attempt(158)) - FAILED "waitForLeader-null-(expectLeader? true)", attempt #56/100: java.lang.IllegalStateException: No leader yet : printing ALL groups
  s0:  RUNNING CANDIDATE s0@group-CF66ACB98618:t8, leader=null, voted=s0, raftlog=s0@group-CF66ACB98618-SegmentedRaftLog:OPENED:c-1,f-1,i0, conf=-1: [s0:0.0.0.0:32897, s1:0.0.0.0:35696, s2:0.0.0.0:35236], old=null RUNNING
  s1:  RUNNING  FOLLOWER s1@group-CF66ACB98618:t6, leader=null, voted=s0, raftlog=s1@group-CF66ACB98618-SegmentedRaftLog:OPENED:c-1,f-1,i0, conf=-1: [s0:0.0.0.0:32897, s1:0.0.0.0:35696, s2:0.0.0.0:35236], old=null RUNNING
  s2:  RUNNING CANDIDATE s2@group-CF66ACB98618:t8, leader=null, voted=s2, raftlog=s2@group-CF66ACB98618-SegmentedRaftLog:OPENED:c-1,f-1,i0, conf=-1: [s0:0.0.0.0:32897, s1:0.0.0.0:35696, s2:0.0.0.0:35236], old=null RUNNING, sleep 450ms and then retry.
java.lang.IllegalStateException: No leader yet : printing ALL groups
  s0:  RUNNING CANDIDATE s0@group-CF66ACB98618:t8, leader=null, voted=s0, raftlog=s0@group-CF66ACB98618-SegmentedRaftLog:OPENED:c-1,f-1,i0, conf=-1: [s0:0.0.0.0:32897, s1:0.0.0.0:35696, s2:0.0.0.0:35236], old=null RUNNING
  s1:  RUNNING  FOLLOWER s1@group-CF66ACB98618:t6, leader=null, voted=s0, raftlog=s1@group-CF66ACB98618-SegmentedRaftLog:OPENED:c-1,f-1,i0, conf=-1: [s0:0.0.0.0:32897, s1:0.0.0.0:35696, s2:0.0.0.0:35236], old=null RUNNING
  s2:  RUNNING CANDIDATE s2@group-CF66ACB98618:t8, leader=null, voted=s2, raftlog=s2@group-CF66ACB98618-SegmentedRaftLog:OPENED:c-1,f-1,i0, conf=-1: [s0:0.0.0.0:32897, s1:0.0.0.0:35696, s2:0.0.0.0:35236], old=null RUNNING
	at org.apache.ratis.MiniRaftCluster.newIllegalStateExceptionForNoLeaders(MiniRaftCluster.java:506)
	at org.apache.ratis.RaftTestUtil.lambda$waitForLeader$1(RaftTestUtil.java:90)
	at org.apache.ratis.MiniRaftCluster.getLeader(MiniRaftCluster.java:539)
	at org.apache.ratis.MiniRaftCluster.getLeader(MiniRaftCluster.java:532)
	at org.apache.ratis.RaftTestUtil.lambda$waitForLeader$3(RaftTestUtil.java:98)
	at org.apache.ratis.util.JavaUtils.attempt(JavaUtils.java:152)
	at org.apache.ratis.RaftTestUtil.waitForLeader(RaftTestUtil.java:97)
	at org.apache.ratis.RaftTestUtil.waitForLeader(RaftTestUtil.java:77)
	at org.apache.ratis.RaftTestUtil.waitForLeader(RaftTestUtil.java:72)
	at org.apache.ratis.server.impl.RaftReconfigurationBaseTest.lambda$testAddPeers$0(RaftReconfigurationBaseTest.java:78)
	at org.apache.ratis.MiniRaftCluster$Factory$Get.runWithNewCluster(MiniRaftCluster.java:125)
	at org.apache.ratis.MiniRaftCluster$Factory$Get.runWithNewCluster(MiniRaftCluster.java:113)
	at org.apache.ratis.server.impl.RaftReconfigurationBaseTest.testAddPeers(RaftReconfigurationBaseTest.java:77)
	at sun.reflect.NativeMethodAccessorImpl.invoke0(Native Method)
	at sun.reflect.NativeMethodAccessorImpl.invoke(NativeMethodAccessorImpl.java:62)
	at sun.reflect.DelegatingMethodAccessorImpl.invoke(DelegatingMethodAccessorImpl.java:43)
	at java.lang.reflect.Method.invoke(Method.java:498)
	at org.junit.runners.model.FrameworkMethod$1.runReflectiveCall(FrameworkMethod.java:50)
	at org.junit.internal.runners.model.ReflectiveCallable.run(ReflectiveCallable.java:12)
	at org.junit.runners.model.FrameworkMethod.invokeExplosively(FrameworkMethod.java:47)
	at org.junit.internal.runners.statements.InvokeMethod.evaluate(InvokeMethod.java:17)
	at org.junit.internal.runners.statements.RunAfters.evaluate(RunAfters.java:27)
	at org.junit.internal.runners.statements.FailOnTimeout$CallableStatement.call(FailOnTimeout.java:298)
	at org.junit.internal.runners.statements.FailOnTimeout$CallableStatement.call(FailOnTimeout.java:292)
	at java.util.concurrent.FutureTask.run(FutureTask.java:266)
	at java.lang.Thread.run(Thread.java:748)
2019-09-24 17:03:53,067 WARN  ratis.RaftTestUtil (JavaUtils.java:attempt(158)) - FAILED "waitForLeader-null-(expectLeader? true)", attempt #57/100: java.lang.IllegalStateException: No leader yet : printing ALL groups
  s0:  RUNNING CANDIDATE s0@group-CF66ACB98618:t8, leader=null, voted=s0, raftlog=s0@group-CF66ACB98618-SegmentedRaftLog:OPENED:c-1,f-1,i0, conf=-1: [s0:0.0.0.0:32897, s1:0.0.0.0:35696, s2:0.0.0.0:35236], old=null RUNNING
  s1:  RUNNING  FOLLOWER s1@group-CF66ACB98618:t6, leader=null, voted=s0, raftlog=s1@group-CF66ACB98618-SegmentedRaftLog:OPENED:c-1,f-1,i0, conf=-1: [s0:0.0.0.0:32897, s1:0.0.0.0:35696, s2:0.0.0.0:35236], old=null RUNNING
  s2:  RUNNING CANDIDATE s2@group-CF66ACB98618:t8, leader=null, voted=s2, raftlog=s2@group-CF66ACB98618-SegmentedRaftLog:OPENED:c-1,f-1,i0, conf=-1: [s0:0.0.0.0:32897, s1:0.0.0.0:35696, s2:0.0.0.0:35236], old=null RUNNING, sleep 450ms and then retry.
java.lang.IllegalStateException: No leader yet : printing ALL groups
  s0:  RUNNING CANDIDATE s0@group-CF66ACB98618:t8, leader=null, voted=s0, raftlog=s0@group-CF66ACB98618-SegmentedRaftLog:OPENED:c-1,f-1,i0, conf=-1: [s0:0.0.0.0:32897, s1:0.0.0.0:35696, s2:0.0.0.0:35236], old=null RUNNING
  s1:  RUNNING  FOLLOWER s1@group-CF66ACB98618:t6, leader=null, voted=s0, raftlog=s1@group-CF66ACB98618-SegmentedRaftLog:OPENED:c-1,f-1,i0, conf=-1: [s0:0.0.0.0:32897, s1:0.0.0.0:35696, s2:0.0.0.0:35236], old=null RUNNING
  s2:  RUNNING CANDIDATE s2@group-CF66ACB98618:t8, leader=null, voted=s2, raftlog=s2@group-CF66ACB98618-SegmentedRaftLog:OPENED:c-1,f-1,i0, conf=-1: [s0:0.0.0.0:32897, s1:0.0.0.0:35696, s2:0.0.0.0:35236], old=null RUNNING
	at org.apache.ratis.MiniRaftCluster.newIllegalStateExceptionForNoLeaders(MiniRaftCluster.java:506)
	at org.apache.ratis.RaftTestUtil.lambda$waitForLeader$1(RaftTestUtil.java:90)
	at org.apache.ratis.MiniRaftCluster.getLeader(MiniRaftCluster.java:539)
	at org.apache.ratis.MiniRaftCluster.getLeader(MiniRaftCluster.java:532)
	at org.apache.ratis.RaftTestUtil.lambda$waitForLeader$3(RaftTestUtil.java:98)
	at org.apache.ratis.util.JavaUtils.attempt(JavaUtils.java:152)
	at org.apache.ratis.RaftTestUtil.waitForLeader(RaftTestUtil.java:97)
	at org.apache.ratis.RaftTestUtil.waitForLeader(RaftTestUtil.java:77)
	at org.apache.ratis.RaftTestUtil.waitForLeader(RaftTestUtil.java:72)
	at org.apache.ratis.server.impl.RaftReconfigurationBaseTest.lambda$testAddPeers$0(RaftReconfigurationBaseTest.java:78)
	at org.apache.ratis.MiniRaftCluster$Factory$Get.runWithNewCluster(MiniRaftCluster.java:125)
	at org.apache.ratis.MiniRaftCluster$Factory$Get.runWithNewCluster(MiniRaftCluster.java:113)
	at org.apache.ratis.server.impl.RaftReconfigurationBaseTest.testAddPeers(RaftReconfigurationBaseTest.java:77)
	at sun.reflect.NativeMethodAccessorImpl.invoke0(Native Method)
	at sun.reflect.NativeMethodAccessorImpl.invoke(NativeMethodAccessorImpl.java:62)
	at sun.reflect.DelegatingMethodAccessorImpl.invoke(DelegatingMethodAccessorImpl.java:43)
	at java.lang.reflect.Method.invoke(Method.java:498)
	at org.junit.runners.model.FrameworkMethod$1.runReflectiveCall(FrameworkMethod.java:50)
	at org.junit.internal.runners.model.ReflectiveCallable.run(ReflectiveCallable.java:12)
	at org.junit.runners.model.FrameworkMethod.invokeExplosively(FrameworkMethod.java:47)
	at org.junit.internal.runners.statements.InvokeMethod.evaluate(InvokeMethod.java:17)
	at org.junit.internal.runners.statements.RunAfters.evaluate(RunAfters.java:27)
	at org.junit.internal.runners.statements.FailOnTimeout$CallableStatement.call(FailOnTimeout.java:298)
	at org.junit.internal.runners.statements.FailOnTimeout$CallableStatement.call(FailOnTimeout.java:292)
	at java.util.concurrent.FutureTask.run(FutureTask.java:266)
	at java.lang.Thread.run(Thread.java:748)
2019-09-24 17:03:53,518 WARN  ratis.RaftTestUtil (JavaUtils.java:attempt(158)) - FAILED "waitForLeader-null-(expectLeader? true)", attempt #58/100: java.lang.IllegalStateException: No leader yet : printing ALL groups
  s0:  RUNNING CANDIDATE s0@group-CF66ACB98618:t8, leader=null, voted=s0, raftlog=s0@group-CF66ACB98618-SegmentedRaftLog:OPENED:c-1,f-1,i0, conf=-1: [s0:0.0.0.0:32897, s1:0.0.0.0:35696, s2:0.0.0.0:35236], old=null RUNNING
  s1:  RUNNING  FOLLOWER s1@group-CF66ACB98618:t6, leader=null, voted=s0, raftlog=s1@group-CF66ACB98618-SegmentedRaftLog:OPENED:c-1,f-1,i0, conf=-1: [s0:0.0.0.0:32897, s1:0.0.0.0:35696, s2:0.0.0.0:35236], old=null RUNNING
  s2:  RUNNING CANDIDATE s2@group-CF66ACB98618:t8, leader=null, voted=s2, raftlog=s2@group-CF66ACB98618-SegmentedRaftLog:OPENED:c-1,f-1,i0, conf=-1: [s0:0.0.0.0:32897, s1:0.0.0.0:35696, s2:0.0.0.0:35236], old=null RUNNING, sleep 450ms and then retry.
java.lang.IllegalStateException: No leader yet : printing ALL groups
  s0:  RUNNING CANDIDATE s0@group-CF66ACB98618:t8, leader=null, voted=s0, raftlog=s0@group-CF66ACB98618-SegmentedRaftLog:OPENED:c-1,f-1,i0, conf=-1: [s0:0.0.0.0:32897, s1:0.0.0.0:35696, s2:0.0.0.0:35236], old=null RUNNING
  s1:  RUNNING  FOLLOWER s1@group-CF66ACB98618:t6, leader=null, voted=s0, raftlog=s1@group-CF66ACB98618-SegmentedRaftLog:OPENED:c-1,f-1,i0, conf=-1: [s0:0.0.0.0:32897, s1:0.0.0.0:35696, s2:0.0.0.0:35236], old=null RUNNING
  s2:  RUNNING CANDIDATE s2@group-CF66ACB98618:t8, leader=null, voted=s2, raftlog=s2@group-CF66ACB98618-SegmentedRaftLog:OPENED:c-1,f-1,i0, conf=-1: [s0:0.0.0.0:32897, s1:0.0.0.0:35696, s2:0.0.0.0:35236], old=null RUNNING
	at org.apache.ratis.MiniRaftCluster.newIllegalStateExceptionForNoLeaders(MiniRaftCluster.java:506)
	at org.apache.ratis.RaftTestUtil.lambda$waitForLeader$1(RaftTestUtil.java:90)
	at org.apache.ratis.MiniRaftCluster.getLeader(MiniRaftCluster.java:539)
	at org.apache.ratis.MiniRaftCluster.getLeader(MiniRaftCluster.java:532)
	at org.apache.ratis.RaftTestUtil.lambda$waitForLeader$3(RaftTestUtil.java:98)
	at org.apache.ratis.util.JavaUtils.attempt(JavaUtils.java:152)
	at org.apache.ratis.RaftTestUtil.waitForLeader(RaftTestUtil.java:97)
	at org.apache.ratis.RaftTestUtil.waitForLeader(RaftTestUtil.java:77)
	at org.apache.ratis.RaftTestUtil.waitForLeader(RaftTestUtil.java:72)
	at org.apache.ratis.server.impl.RaftReconfigurationBaseTest.lambda$testAddPeers$0(RaftReconfigurationBaseTest.java:78)
	at org.apache.ratis.MiniRaftCluster$Factory$Get.runWithNewCluster(MiniRaftCluster.java:125)
	at org.apache.ratis.MiniRaftCluster$Factory$Get.runWithNewCluster(MiniRaftCluster.java:113)
	at org.apache.ratis.server.impl.RaftReconfigurationBaseTest.testAddPeers(RaftReconfigurationBaseTest.java:77)
	at sun.reflect.NativeMethodAccessorImpl.invoke0(Native Method)
	at sun.reflect.NativeMethodAccessorImpl.invoke(NativeMethodAccessorImpl.java:62)
	at sun.reflect.DelegatingMethodAccessorImpl.invoke(DelegatingMethodAccessorImpl.java:43)
	at java.lang.reflect.Method.invoke(Method.java:498)
	at org.junit.runners.model.FrameworkMethod$1.runReflectiveCall(FrameworkMethod.java:50)
	at org.junit.internal.runners.model.ReflectiveCallable.run(ReflectiveCallable.java:12)
	at org.junit.runners.model.FrameworkMethod.invokeExplosively(FrameworkMethod.java:47)
	at org.junit.internal.runners.statements.InvokeMethod.evaluate(InvokeMethod.java:17)
	at org.junit.internal.runners.statements.RunAfters.evaluate(RunAfters.java:27)
	at org.junit.internal.runners.statements.FailOnTimeout$CallableStatement.call(FailOnTimeout.java:298)
	at org.junit.internal.runners.statements.FailOnTimeout$CallableStatement.call(FailOnTimeout.java:292)
	at java.util.concurrent.FutureTask.run(FutureTask.java:266)
	at java.lang.Thread.run(Thread.java:748)
2019-09-24 17:03:53,970 WARN  ratis.RaftTestUtil (JavaUtils.java:attempt(158)) - FAILED "waitForLeader-null-(expectLeader? true)", attempt #59/100: java.lang.IllegalStateException: No leader yet : printing ALL groups
  s0:  RUNNING CANDIDATE s0@group-CF66ACB98618:t8, leader=null, voted=s0, raftlog=s0@group-CF66ACB98618-SegmentedRaftLog:OPENED:c-1,f-1,i0, conf=-1: [s0:0.0.0.0:32897, s1:0.0.0.0:35696, s2:0.0.0.0:35236], old=null RUNNING
  s1:  RUNNING  FOLLOWER s1@group-CF66ACB98618:t6, leader=null, voted=s0, raftlog=s1@group-CF66ACB98618-SegmentedRaftLog:OPENED:c-1,f-1,i0, conf=-1: [s0:0.0.0.0:32897, s1:0.0.0.0:35696, s2:0.0.0.0:35236], old=null RUNNING
  s2:  RUNNING CANDIDATE s2@group-CF66ACB98618:t8, leader=null, voted=s2, raftlog=s2@group-CF66ACB98618-SegmentedRaftLog:OPENED:c-1,f-1,i0, conf=-1: [s0:0.0.0.0:32897, s1:0.0.0.0:35696, s2:0.0.0.0:35236], old=null RUNNING, sleep 450ms and then retry.
java.lang.IllegalStateException: No leader yet : printing ALL groups
  s0:  RUNNING CANDIDATE s0@group-CF66ACB98618:t8, leader=null, voted=s0, raftlog=s0@group-CF66ACB98618-SegmentedRaftLog:OPENED:c-1,f-1,i0, conf=-1: [s0:0.0.0.0:32897, s1:0.0.0.0:35696, s2:0.0.0.0:35236], old=null RUNNING
  s1:  RUNNING  FOLLOWER s1@group-CF66ACB98618:t6, leader=null, voted=s0, raftlog=s1@group-CF66ACB98618-SegmentedRaftLog:OPENED:c-1,f-1,i0, conf=-1: [s0:0.0.0.0:32897, s1:0.0.0.0:35696, s2:0.0.0.0:35236], old=null RUNNING
  s2:  RUNNING CANDIDATE s2@group-CF66ACB98618:t8, leader=null, voted=s2, raftlog=s2@group-CF66ACB98618-SegmentedRaftLog:OPENED:c-1,f-1,i0, conf=-1: [s0:0.0.0.0:32897, s1:0.0.0.0:35696, s2:0.0.0.0:35236], old=null RUNNING
	at org.apache.ratis.MiniRaftCluster.newIllegalStateExceptionForNoLeaders(MiniRaftCluster.java:506)
	at org.apache.ratis.RaftTestUtil.lambda$waitForLeader$1(RaftTestUtil.java:90)
	at org.apache.ratis.MiniRaftCluster.getLeader(MiniRaftCluster.java:539)
	at org.apache.ratis.MiniRaftCluster.getLeader(MiniRaftCluster.java:532)
	at org.apache.ratis.RaftTestUtil.lambda$waitForLeader$3(RaftTestUtil.java:98)
	at org.apache.ratis.util.JavaUtils.attempt(JavaUtils.java:152)
	at org.apache.ratis.RaftTestUtil.waitForLeader(RaftTestUtil.java:97)
	at org.apache.ratis.RaftTestUtil.waitForLeader(RaftTestUtil.java:77)
	at org.apache.ratis.RaftTestUtil.waitForLeader(RaftTestUtil.java:72)
	at org.apache.ratis.server.impl.RaftReconfigurationBaseTest.lambda$testAddPeers$0(RaftReconfigurationBaseTest.java:78)
	at org.apache.ratis.MiniRaftCluster$Factory$Get.runWithNewCluster(MiniRaftCluster.java:125)
	at org.apache.ratis.MiniRaftCluster$Factory$Get.runWithNewCluster(MiniRaftCluster.java:113)
	at org.apache.ratis.server.impl.RaftReconfigurationBaseTest.testAddPeers(RaftReconfigurationBaseTest.java:77)
	at sun.reflect.NativeMethodAccessorImpl.invoke0(Native Method)
	at sun.reflect.NativeMethodAccessorImpl.invoke(NativeMethodAccessorImpl.java:62)
	at sun.reflect.DelegatingMethodAccessorImpl.invoke(DelegatingMethodAccessorImpl.java:43)
	at java.lang.reflect.Method.invoke(Method.java:498)
	at org.junit.runners.model.FrameworkMethod$1.runReflectiveCall(FrameworkMethod.java:50)
	at org.junit.internal.runners.model.ReflectiveCallable.run(ReflectiveCallable.java:12)
	at org.junit.runners.model.FrameworkMethod.invokeExplosively(FrameworkMethod.java:47)
	at org.junit.internal.runners.statements.InvokeMethod.evaluate(InvokeMethod.java:17)
	at org.junit.internal.runners.statements.RunAfters.evaluate(RunAfters.java:27)
	at org.junit.internal.runners.statements.FailOnTimeout$CallableStatement.call(FailOnTimeout.java:298)
	at org.junit.internal.runners.statements.FailOnTimeout$CallableStatement.call(FailOnTimeout.java:292)
	at java.util.concurrent.FutureTask.run(FutureTask.java:266)
	at java.lang.Thread.run(Thread.java:748)
2019-09-24 17:03:54,421 WARN  ratis.RaftTestUtil (JavaUtils.java:attempt(158)) - FAILED "waitForLeader-null-(expectLeader? true)", attempt #60/100: java.lang.IllegalStateException: No leader yet : printing ALL groups
  s0:  RUNNING CANDIDATE s0@group-CF66ACB98618:t8, leader=null, voted=s0, raftlog=s0@group-CF66ACB98618-SegmentedRaftLog:OPENED:c-1,f-1,i0, conf=-1: [s0:0.0.0.0:32897, s1:0.0.0.0:35696, s2:0.0.0.0:35236], old=null RUNNING
  s1:  RUNNING  FOLLOWER s1@group-CF66ACB98618:t6, leader=null, voted=s0, raftlog=s1@group-CF66ACB98618-SegmentedRaftLog:OPENED:c-1,f-1,i0, conf=-1: [s0:0.0.0.0:32897, s1:0.0.0.0:35696, s2:0.0.0.0:35236], old=null RUNNING
  s2:  RUNNING CANDIDATE s2@group-CF66ACB98618:t8, leader=null, voted=s2, raftlog=s2@group-CF66ACB98618-SegmentedRaftLog:OPENED:c-1,f-1,i0, conf=-1: [s0:0.0.0.0:32897, s1:0.0.0.0:35696, s2:0.0.0.0:35236], old=null RUNNING, sleep 450ms and then retry.
java.lang.IllegalStateException: No leader yet : printing ALL groups
  s0:  RUNNING CANDIDATE s0@group-CF66ACB98618:t8, leader=null, voted=s0, raftlog=s0@group-CF66ACB98618-SegmentedRaftLog:OPENED:c-1,f-1,i0, conf=-1: [s0:0.0.0.0:32897, s1:0.0.0.0:35696, s2:0.0.0.0:35236], old=null RUNNING
  s1:  RUNNING  FOLLOWER s1@group-CF66ACB98618:t6, leader=null, voted=s0, raftlog=s1@group-CF66ACB98618-SegmentedRaftLog:OPENED:c-1,f-1,i0, conf=-1: [s0:0.0.0.0:32897, s1:0.0.0.0:35696, s2:0.0.0.0:35236], old=null RUNNING
  s2:  RUNNING CANDIDATE s2@group-CF66ACB98618:t8, leader=null, voted=s2, raftlog=s2@group-CF66ACB98618-SegmentedRaftLog:OPENED:c-1,f-1,i0, conf=-1: [s0:0.0.0.0:32897, s1:0.0.0.0:35696, s2:0.0.0.0:35236], old=null RUNNING
	at org.apache.ratis.MiniRaftCluster.newIllegalStateExceptionForNoLeaders(MiniRaftCluster.java:506)
	at org.apache.ratis.RaftTestUtil.lambda$waitForLeader$1(RaftTestUtil.java:90)
	at org.apache.ratis.MiniRaftCluster.getLeader(MiniRaftCluster.java:539)
	at org.apache.ratis.MiniRaftCluster.getLeader(MiniRaftCluster.java:532)
	at org.apache.ratis.RaftTestUtil.lambda$waitForLeader$3(RaftTestUtil.java:98)
	at org.apache.ratis.util.JavaUtils.attempt(JavaUtils.java:152)
	at org.apache.ratis.RaftTestUtil.waitForLeader(RaftTestUtil.java:97)
	at org.apache.ratis.RaftTestUtil.waitForLeader(RaftTestUtil.java:77)
	at org.apache.ratis.RaftTestUtil.waitForLeader(RaftTestUtil.java:72)
	at org.apache.ratis.server.impl.RaftReconfigurationBaseTest.lambda$testAddPeers$0(RaftReconfigurationBaseTest.java:78)
	at org.apache.ratis.MiniRaftCluster$Factory$Get.runWithNewCluster(MiniRaftCluster.java:125)
	at org.apache.ratis.MiniRaftCluster$Factory$Get.runWithNewCluster(MiniRaftCluster.java:113)
	at org.apache.ratis.server.impl.RaftReconfigurationBaseTest.testAddPeers(RaftReconfigurationBaseTest.java:77)
	at sun.reflect.NativeMethodAccessorImpl.invoke0(Native Method)
	at sun.reflect.NativeMethodAccessorImpl.invoke(NativeMethodAccessorImpl.java:62)
	at sun.reflect.DelegatingMethodAccessorImpl.invoke(DelegatingMethodAccessorImpl.java:43)
	at java.lang.reflect.Method.invoke(Method.java:498)
	at org.junit.runners.model.FrameworkMethod$1.runReflectiveCall(FrameworkMethod.java:50)
	at org.junit.internal.runners.model.ReflectiveCallable.run(ReflectiveCallable.java:12)
	at org.junit.runners.model.FrameworkMethod.invokeExplosively(FrameworkMethod.java:47)
	at org.junit.internal.runners.statements.InvokeMethod.evaluate(InvokeMethod.java:17)
	at org.junit.internal.runners.statements.RunAfters.evaluate(RunAfters.java:27)
	at org.junit.internal.runners.statements.FailOnTimeout$CallableStatement.call(FailOnTimeout.java:298)
	at org.junit.internal.runners.statements.FailOnTimeout$CallableStatement.call(FailOnTimeout.java:292)
	at java.util.concurrent.FutureTask.run(FutureTask.java:266)
	at java.lang.Thread.run(Thread.java:748)
2019-09-24 17:03:54,873 WARN  ratis.RaftTestUtil (JavaUtils.java:attempt(158)) - FAILED "waitForLeader-null-(expectLeader? true)", attempt #61/100: java.lang.IllegalStateException: No leader yet : printing ALL groups
  s0:  RUNNING CANDIDATE s0@group-CF66ACB98618:t8, leader=null, voted=s0, raftlog=s0@group-CF66ACB98618-SegmentedRaftLog:OPENED:c-1,f-1,i0, conf=-1: [s0:0.0.0.0:32897, s1:0.0.0.0:35696, s2:0.0.0.0:35236], old=null RUNNING
  s1:  RUNNING  FOLLOWER s1@group-CF66ACB98618:t6, leader=null, voted=s0, raftlog=s1@group-CF66ACB98618-SegmentedRaftLog:OPENED:c-1,f-1,i0, conf=-1: [s0:0.0.0.0:32897, s1:0.0.0.0:35696, s2:0.0.0.0:35236], old=null RUNNING
  s2:  RUNNING CANDIDATE s2@group-CF66ACB98618:t8, leader=null, voted=s2, raftlog=s2@group-CF66ACB98618-SegmentedRaftLog:OPENED:c-1,f-1,i0, conf=-1: [s0:0.0.0.0:32897, s1:0.0.0.0:35696, s2:0.0.0.0:35236], old=null RUNNING, sleep 450ms and then retry.
java.lang.IllegalStateException: No leader yet : printing ALL groups
  s0:  RUNNING CANDIDATE s0@group-CF66ACB98618:t8, leader=null, voted=s0, raftlog=s0@group-CF66ACB98618-SegmentedRaftLog:OPENED:c-1,f-1,i0, conf=-1: [s0:0.0.0.0:32897, s1:0.0.0.0:35696, s2:0.0.0.0:35236], old=null RUNNING
  s1:  RUNNING  FOLLOWER s1@group-CF66ACB98618:t6, leader=null, voted=s0, raftlog=s1@group-CF66ACB98618-SegmentedRaftLog:OPENED:c-1,f-1,i0, conf=-1: [s0:0.0.0.0:32897, s1:0.0.0.0:35696, s2:0.0.0.0:35236], old=null RUNNING
  s2:  RUNNING CANDIDATE s2@group-CF66ACB98618:t8, leader=null, voted=s2, raftlog=s2@group-CF66ACB98618-SegmentedRaftLog:OPENED:c-1,f-1,i0, conf=-1: [s0:0.0.0.0:32897, s1:0.0.0.0:35696, s2:0.0.0.0:35236], old=null RUNNING
	at org.apache.ratis.MiniRaftCluster.newIllegalStateExceptionForNoLeaders(MiniRaftCluster.java:506)
	at org.apache.ratis.RaftTestUtil.lambda$waitForLeader$1(RaftTestUtil.java:90)
	at org.apache.ratis.MiniRaftCluster.getLeader(MiniRaftCluster.java:539)
	at org.apache.ratis.MiniRaftCluster.getLeader(MiniRaftCluster.java:532)
	at org.apache.ratis.RaftTestUtil.lambda$waitForLeader$3(RaftTestUtil.java:98)
	at org.apache.ratis.util.JavaUtils.attempt(JavaUtils.java:152)
	at org.apache.ratis.RaftTestUtil.waitForLeader(RaftTestUtil.java:97)
	at org.apache.ratis.RaftTestUtil.waitForLeader(RaftTestUtil.java:77)
	at org.apache.ratis.RaftTestUtil.waitForLeader(RaftTestUtil.java:72)
	at org.apache.ratis.server.impl.RaftReconfigurationBaseTest.lambda$testAddPeers$0(RaftReconfigurationBaseTest.java:78)
	at org.apache.ratis.MiniRaftCluster$Factory$Get.runWithNewCluster(MiniRaftCluster.java:125)
	at org.apache.ratis.MiniRaftCluster$Factory$Get.runWithNewCluster(MiniRaftCluster.java:113)
	at org.apache.ratis.server.impl.RaftReconfigurationBaseTest.testAddPeers(RaftReconfigurationBaseTest.java:77)
	at sun.reflect.NativeMethodAccessorImpl.invoke0(Native Method)
	at sun.reflect.NativeMethodAccessorImpl.invoke(NativeMethodAccessorImpl.java:62)
	at sun.reflect.DelegatingMethodAccessorImpl.invoke(DelegatingMethodAccessorImpl.java:43)
	at java.lang.reflect.Method.invoke(Method.java:498)
	at org.junit.runners.model.FrameworkMethod$1.runReflectiveCall(FrameworkMethod.java:50)
	at org.junit.internal.runners.model.ReflectiveCallable.run(ReflectiveCallable.java:12)
	at org.junit.runners.model.FrameworkMethod.invokeExplosively(FrameworkMethod.java:47)
	at org.junit.internal.runners.statements.InvokeMethod.evaluate(InvokeMethod.java:17)
	at org.junit.internal.runners.statements.RunAfters.evaluate(RunAfters.java:27)
	at org.junit.internal.runners.statements.FailOnTimeout$CallableStatement.call(FailOnTimeout.java:298)
	at org.junit.internal.runners.statements.FailOnTimeout$CallableStatement.call(FailOnTimeout.java:292)
	at java.util.concurrent.FutureTask.run(FutureTask.java:266)
	at java.lang.Thread.run(Thread.java:748)
2019-09-24 17:03:55,324 WARN  ratis.RaftTestUtil (JavaUtils.java:attempt(158)) - FAILED "waitForLeader-null-(expectLeader? true)", attempt #62/100: java.lang.IllegalStateException: No leader yet : printing ALL groups
  s0:  RUNNING CANDIDATE s0@group-CF66ACB98618:t8, leader=null, voted=s0, raftlog=s0@group-CF66ACB98618-SegmentedRaftLog:OPENED:c-1,f-1,i0, conf=-1: [s0:0.0.0.0:32897, s1:0.0.0.0:35696, s2:0.0.0.0:35236], old=null RUNNING
  s1:  RUNNING  FOLLOWER s1@group-CF66ACB98618:t6, leader=null, voted=s0, raftlog=s1@group-CF66ACB98618-SegmentedRaftLog:OPENED:c-1,f-1,i0, conf=-1: [s0:0.0.0.0:32897, s1:0.0.0.0:35696, s2:0.0.0.0:35236], old=null RUNNING
  s2:  RUNNING CANDIDATE s2@group-CF66ACB98618:t8, leader=null, voted=s2, raftlog=s2@group-CF66ACB98618-SegmentedRaftLog:OPENED:c-1,f-1,i0, conf=-1: [s0:0.0.0.0:32897, s1:0.0.0.0:35696, s2:0.0.0.0:35236], old=null RUNNING, sleep 450ms and then retry.
java.lang.IllegalStateException: No leader yet : printing ALL groups
  s0:  RUNNING CANDIDATE s0@group-CF66ACB98618:t8, leader=null, voted=s0, raftlog=s0@group-CF66ACB98618-SegmentedRaftLog:OPENED:c-1,f-1,i0, conf=-1: [s0:0.0.0.0:32897, s1:0.0.0.0:35696, s2:0.0.0.0:35236], old=null RUNNING
  s1:  RUNNING  FOLLOWER s1@group-CF66ACB98618:t6, leader=null, voted=s0, raftlog=s1@group-CF66ACB98618-SegmentedRaftLog:OPENED:c-1,f-1,i0, conf=-1: [s0:0.0.0.0:32897, s1:0.0.0.0:35696, s2:0.0.0.0:35236], old=null RUNNING
  s2:  RUNNING CANDIDATE s2@group-CF66ACB98618:t8, leader=null, voted=s2, raftlog=s2@group-CF66ACB98618-SegmentedRaftLog:OPENED:c-1,f-1,i0, conf=-1: [s0:0.0.0.0:32897, s1:0.0.0.0:35696, s2:0.0.0.0:35236], old=null RUNNING
	at org.apache.ratis.MiniRaftCluster.newIllegalStateExceptionForNoLeaders(MiniRaftCluster.java:506)
	at org.apache.ratis.RaftTestUtil.lambda$waitForLeader$1(RaftTestUtil.java:90)
	at org.apache.ratis.MiniRaftCluster.getLeader(MiniRaftCluster.java:539)
	at org.apache.ratis.MiniRaftCluster.getLeader(MiniRaftCluster.java:532)
	at org.apache.ratis.RaftTestUtil.lambda$waitForLeader$3(RaftTestUtil.java:98)
	at org.apache.ratis.util.JavaUtils.attempt(JavaUtils.java:152)
	at org.apache.ratis.RaftTestUtil.waitForLeader(RaftTestUtil.java:97)
	at org.apache.ratis.RaftTestUtil.waitForLeader(RaftTestUtil.java:77)
	at org.apache.ratis.RaftTestUtil.waitForLeader(RaftTestUtil.java:72)
	at org.apache.ratis.server.impl.RaftReconfigurationBaseTest.lambda$testAddPeers$0(RaftReconfigurationBaseTest.java:78)
	at org.apache.ratis.MiniRaftCluster$Factory$Get.runWithNewCluster(MiniRaftCluster.java:125)
	at org.apache.ratis.MiniRaftCluster$Factory$Get.runWithNewCluster(MiniRaftCluster.java:113)
	at org.apache.ratis.server.impl.RaftReconfigurationBaseTest.testAddPeers(RaftReconfigurationBaseTest.java:77)
	at sun.reflect.NativeMethodAccessorImpl.invoke0(Native Method)
	at sun.reflect.NativeMethodAccessorImpl.invoke(NativeMethodAccessorImpl.java:62)
	at sun.reflect.DelegatingMethodAccessorImpl.invoke(DelegatingMethodAccessorImpl.java:43)
	at java.lang.reflect.Method.invoke(Method.java:498)
	at org.junit.runners.model.FrameworkMethod$1.runReflectiveCall(FrameworkMethod.java:50)
	at org.junit.internal.runners.model.ReflectiveCallable.run(ReflectiveCallable.java:12)
	at org.junit.runners.model.FrameworkMethod.invokeExplosively(FrameworkMethod.java:47)
	at org.junit.internal.runners.statements.InvokeMethod.evaluate(InvokeMethod.java:17)
	at org.junit.internal.runners.statements.RunAfters.evaluate(RunAfters.java:27)
	at org.junit.internal.runners.statements.FailOnTimeout$CallableStatement.call(FailOnTimeout.java:298)
	at org.junit.internal.runners.statements.FailOnTimeout$CallableStatement.call(FailOnTimeout.java:292)
	at java.util.concurrent.FutureTask.run(FutureTask.java:266)
	at java.lang.Thread.run(Thread.java:748)
2019-09-24 17:03:55,776 WARN  ratis.RaftTestUtil (JavaUtils.java:attempt(158)) - FAILED "waitForLeader-null-(expectLeader? true)", attempt #63/100: java.lang.IllegalStateException: No leader yet : printing ALL groups
  s0:  RUNNING CANDIDATE s0@group-CF66ACB98618:t8, leader=null, voted=s0, raftlog=s0@group-CF66ACB98618-SegmentedRaftLog:OPENED:c-1,f-1,i0, conf=-1: [s0:0.0.0.0:32897, s1:0.0.0.0:35696, s2:0.0.0.0:35236], old=null RUNNING
  s1:  RUNNING  FOLLOWER s1@group-CF66ACB98618:t6, leader=null, voted=s0, raftlog=s1@group-CF66ACB98618-SegmentedRaftLog:OPENED:c-1,f-1,i0, conf=-1: [s0:0.0.0.0:32897, s1:0.0.0.0:35696, s2:0.0.0.0:35236], old=null RUNNING
  s2:  RUNNING CANDIDATE s2@group-CF66ACB98618:t8, leader=null, voted=s2, raftlog=s2@group-CF66ACB98618-SegmentedRaftLog:OPENED:c-1,f-1,i0, conf=-1: [s0:0.0.0.0:32897, s1:0.0.0.0:35696, s2:0.0.0.0:35236], old=null RUNNING, sleep 450ms and then retry.
java.lang.IllegalStateException: No leader yet : printing ALL groups
  s0:  RUNNING CANDIDATE s0@group-CF66ACB98618:t8, leader=null, voted=s0, raftlog=s0@group-CF66ACB98618-SegmentedRaftLog:OPENED:c-1,f-1,i0, conf=-1: [s0:0.0.0.0:32897, s1:0.0.0.0:35696, s2:0.0.0.0:35236], old=null RUNNING
  s1:  RUNNING  FOLLOWER s1@group-CF66ACB98618:t6, leader=null, voted=s0, raftlog=s1@group-CF66ACB98618-SegmentedRaftLog:OPENED:c-1,f-1,i0, conf=-1: [s0:0.0.0.0:32897, s1:0.0.0.0:35696, s2:0.0.0.0:35236], old=null RUNNING
  s2:  RUNNING CANDIDATE s2@group-CF66ACB98618:t8, leader=null, voted=s2, raftlog=s2@group-CF66ACB98618-SegmentedRaftLog:OPENED:c-1,f-1,i0, conf=-1: [s0:0.0.0.0:32897, s1:0.0.0.0:35696, s2:0.0.0.0:35236], old=null RUNNING
	at org.apache.ratis.MiniRaftCluster.newIllegalStateExceptionForNoLeaders(MiniRaftCluster.java:506)
	at org.apache.ratis.RaftTestUtil.lambda$waitForLeader$1(RaftTestUtil.java:90)
	at org.apache.ratis.MiniRaftCluster.getLeader(MiniRaftCluster.java:539)
	at org.apache.ratis.MiniRaftCluster.getLeader(MiniRaftCluster.java:532)
	at org.apache.ratis.RaftTestUtil.lambda$waitForLeader$3(RaftTestUtil.java:98)
	at org.apache.ratis.util.JavaUtils.attempt(JavaUtils.java:152)
	at org.apache.ratis.RaftTestUtil.waitForLeader(RaftTestUtil.java:97)
	at org.apache.ratis.RaftTestUtil.waitForLeader(RaftTestUtil.java:77)
	at org.apache.ratis.RaftTestUtil.waitForLeader(RaftTestUtil.java:72)
	at org.apache.ratis.server.impl.RaftReconfigurationBaseTest.lambda$testAddPeers$0(RaftReconfigurationBaseTest.java:78)
	at org.apache.ratis.MiniRaftCluster$Factory$Get.runWithNewCluster(MiniRaftCluster.java:125)
	at org.apache.ratis.MiniRaftCluster$Factory$Get.runWithNewCluster(MiniRaftCluster.java:113)
	at org.apache.ratis.server.impl.RaftReconfigurationBaseTest.testAddPeers(RaftReconfigurationBaseTest.java:77)
	at sun.reflect.NativeMethodAccessorImpl.invoke0(Native Method)
	at sun.reflect.NativeMethodAccessorImpl.invoke(NativeMethodAccessorImpl.java:62)
	at sun.reflect.DelegatingMethodAccessorImpl.invoke(DelegatingMethodAccessorImpl.java:43)
	at java.lang.reflect.Method.invoke(Method.java:498)
	at org.junit.runners.model.FrameworkMethod$1.runReflectiveCall(FrameworkMethod.java:50)
	at org.junit.internal.runners.model.ReflectiveCallable.run(ReflectiveCallable.java:12)
	at org.junit.runners.model.FrameworkMethod.invokeExplosively(FrameworkMethod.java:47)
	at org.junit.internal.runners.statements.InvokeMethod.evaluate(InvokeMethod.java:17)
	at org.junit.internal.runners.statements.RunAfters.evaluate(RunAfters.java:27)
	at org.junit.internal.runners.statements.FailOnTimeout$CallableStatement.call(FailOnTimeout.java:298)
	at org.junit.internal.runners.statements.FailOnTimeout$CallableStatement.call(FailOnTimeout.java:292)
	at java.util.concurrent.FutureTask.run(FutureTask.java:266)
	at java.lang.Thread.run(Thread.java:748)
2019-09-24 17:03:56,227 WARN  ratis.RaftTestUtil (JavaUtils.java:attempt(158)) - FAILED "waitForLeader-null-(expectLeader? true)", attempt #64/100: java.lang.IllegalStateException: No leader yet : printing ALL groups
  s0:  RUNNING CANDIDATE s0@group-CF66ACB98618:t8, leader=null, voted=s0, raftlog=s0@group-CF66ACB98618-SegmentedRaftLog:OPENED:c-1,f-1,i0, conf=-1: [s0:0.0.0.0:32897, s1:0.0.0.0:35696, s2:0.0.0.0:35236], old=null RUNNING
  s1:  RUNNING  FOLLOWER s1@group-CF66ACB98618:t6, leader=null, voted=s0, raftlog=s1@group-CF66ACB98618-SegmentedRaftLog:OPENED:c-1,f-1,i0, conf=-1: [s0:0.0.0.0:32897, s1:0.0.0.0:35696, s2:0.0.0.0:35236], old=null RUNNING
  s2:  RUNNING CANDIDATE s2@group-CF66ACB98618:t8, leader=null, voted=s2, raftlog=s2@group-CF66ACB98618-SegmentedRaftLog:OPENED:c-1,f-1,i0, conf=-1: [s0:0.0.0.0:32897, s1:0.0.0.0:35696, s2:0.0.0.0:35236], old=null RUNNING, sleep 450ms and then retry.
java.lang.IllegalStateException: No leader yet : printing ALL groups
  s0:  RUNNING CANDIDATE s0@group-CF66ACB98618:t8, leader=null, voted=s0, raftlog=s0@group-CF66ACB98618-SegmentedRaftLog:OPENED:c-1,f-1,i0, conf=-1: [s0:0.0.0.0:32897, s1:0.0.0.0:35696, s2:0.0.0.0:35236], old=null RUNNING
  s1:  RUNNING  FOLLOWER s1@group-CF66ACB98618:t6, leader=null, voted=s0, raftlog=s1@group-CF66ACB98618-SegmentedRaftLog:OPENED:c-1,f-1,i0, conf=-1: [s0:0.0.0.0:32897, s1:0.0.0.0:35696, s2:0.0.0.0:35236], old=null RUNNING
  s2:  RUNNING CANDIDATE s2@group-CF66ACB98618:t8, leader=null, voted=s2, raftlog=s2@group-CF66ACB98618-SegmentedRaftLog:OPENED:c-1,f-1,i0, conf=-1: [s0:0.0.0.0:32897, s1:0.0.0.0:35696, s2:0.0.0.0:35236], old=null RUNNING
	at org.apache.ratis.MiniRaftCluster.newIllegalStateExceptionForNoLeaders(MiniRaftCluster.java:506)
	at org.apache.ratis.RaftTestUtil.lambda$waitForLeader$1(RaftTestUtil.java:90)
	at org.apache.ratis.MiniRaftCluster.getLeader(MiniRaftCluster.java:539)
	at org.apache.ratis.MiniRaftCluster.getLeader(MiniRaftCluster.java:532)
	at org.apache.ratis.RaftTestUtil.lambda$waitForLeader$3(RaftTestUtil.java:98)
	at org.apache.ratis.util.JavaUtils.attempt(JavaUtils.java:152)
	at org.apache.ratis.RaftTestUtil.waitForLeader(RaftTestUtil.java:97)
	at org.apache.ratis.RaftTestUtil.waitForLeader(RaftTestUtil.java:77)
	at org.apache.ratis.RaftTestUtil.waitForLeader(RaftTestUtil.java:72)
	at org.apache.ratis.server.impl.RaftReconfigurationBaseTest.lambda$testAddPeers$0(RaftReconfigurationBaseTest.java:78)
	at org.apache.ratis.MiniRaftCluster$Factory$Get.runWithNewCluster(MiniRaftCluster.java:125)
	at org.apache.ratis.MiniRaftCluster$Factory$Get.runWithNewCluster(MiniRaftCluster.java:113)
	at org.apache.ratis.server.impl.RaftReconfigurationBaseTest.testAddPeers(RaftReconfigurationBaseTest.java:77)
	at sun.reflect.NativeMethodAccessorImpl.invoke0(Native Method)
	at sun.reflect.NativeMethodAccessorImpl.invoke(NativeMethodAccessorImpl.java:62)
	at sun.reflect.DelegatingMethodAccessorImpl.invoke(DelegatingMethodAccessorImpl.java:43)
	at java.lang.reflect.Method.invoke(Method.java:498)
	at org.junit.runners.model.FrameworkMethod$1.runReflectiveCall(FrameworkMethod.java:50)
	at org.junit.internal.runners.model.ReflectiveCallable.run(ReflectiveCallable.java:12)
	at org.junit.runners.model.FrameworkMethod.invokeExplosively(FrameworkMethod.java:47)
	at org.junit.internal.runners.statements.InvokeMethod.evaluate(InvokeMethod.java:17)
	at org.junit.internal.runners.statements.RunAfters.evaluate(RunAfters.java:27)
	at org.junit.internal.runners.statements.FailOnTimeout$CallableStatement.call(FailOnTimeout.java:298)
	at org.junit.internal.runners.statements.FailOnTimeout$CallableStatement.call(FailOnTimeout.java:292)
	at java.util.concurrent.FutureTask.run(FutureTask.java:266)
	at java.lang.Thread.run(Thread.java:748)
2019-09-24 17:03:56,678 WARN  ratis.RaftTestUtil (JavaUtils.java:attempt(158)) - FAILED "waitForLeader-null-(expectLeader? true)", attempt #65/100: java.lang.IllegalStateException: No leader yet : printing ALL groups
  s0:  RUNNING CANDIDATE s0@group-CF66ACB98618:t8, leader=null, voted=s0, raftlog=s0@group-CF66ACB98618-SegmentedRaftLog:OPENED:c-1,f-1,i0, conf=-1: [s0:0.0.0.0:32897, s1:0.0.0.0:35696, s2:0.0.0.0:35236], old=null RUNNING
  s1:  RUNNING  FOLLOWER s1@group-CF66ACB98618:t6, leader=null, voted=s0, raftlog=s1@group-CF66ACB98618-SegmentedRaftLog:OPENED:c-1,f-1,i0, conf=-1: [s0:0.0.0.0:32897, s1:0.0.0.0:35696, s2:0.0.0.0:35236], old=null RUNNING
  s2:  RUNNING CANDIDATE s2@group-CF66ACB98618:t8, leader=null, voted=s2, raftlog=s2@group-CF66ACB98618-SegmentedRaftLog:OPENED:c-1,f-1,i0, conf=-1: [s0:0.0.0.0:32897, s1:0.0.0.0:35696, s2:0.0.0.0:35236], old=null RUNNING, sleep 450ms and then retry.
java.lang.IllegalStateException: No leader yet : printing ALL groups
  s0:  RUNNING CANDIDATE s0@group-CF66ACB98618:t8, leader=null, voted=s0, raftlog=s0@group-CF66ACB98618-SegmentedRaftLog:OPENED:c-1,f-1,i0, conf=-1: [s0:0.0.0.0:32897, s1:0.0.0.0:35696, s2:0.0.0.0:35236], old=null RUNNING
  s1:  RUNNING  FOLLOWER s1@group-CF66ACB98618:t6, leader=null, voted=s0, raftlog=s1@group-CF66ACB98618-SegmentedRaftLog:OPENED:c-1,f-1,i0, conf=-1: [s0:0.0.0.0:32897, s1:0.0.0.0:35696, s2:0.0.0.0:35236], old=null RUNNING
  s2:  RUNNING CANDIDATE s2@group-CF66ACB98618:t8, leader=null, voted=s2, raftlog=s2@group-CF66ACB98618-SegmentedRaftLog:OPENED:c-1,f-1,i0, conf=-1: [s0:0.0.0.0:32897, s1:0.0.0.0:35696, s2:0.0.0.0:35236], old=null RUNNING
	at org.apache.ratis.MiniRaftCluster.newIllegalStateExceptionForNoLeaders(MiniRaftCluster.java:506)
	at org.apache.ratis.RaftTestUtil.lambda$waitForLeader$1(RaftTestUtil.java:90)
	at org.apache.ratis.MiniRaftCluster.getLeader(MiniRaftCluster.java:539)
	at org.apache.ratis.MiniRaftCluster.getLeader(MiniRaftCluster.java:532)
	at org.apache.ratis.RaftTestUtil.lambda$waitForLeader$3(RaftTestUtil.java:98)
	at org.apache.ratis.util.JavaUtils.attempt(JavaUtils.java:152)
	at org.apache.ratis.RaftTestUtil.waitForLeader(RaftTestUtil.java:97)
	at org.apache.ratis.RaftTestUtil.waitForLeader(RaftTestUtil.java:77)
	at org.apache.ratis.RaftTestUtil.waitForLeader(RaftTestUtil.java:72)
	at org.apache.ratis.server.impl.RaftReconfigurationBaseTest.lambda$testAddPeers$0(RaftReconfigurationBaseTest.java:78)
	at org.apache.ratis.MiniRaftCluster$Factory$Get.runWithNewCluster(MiniRaftCluster.java:125)
	at org.apache.ratis.MiniRaftCluster$Factory$Get.runWithNewCluster(MiniRaftCluster.java:113)
	at org.apache.ratis.server.impl.RaftReconfigurationBaseTest.testAddPeers(RaftReconfigurationBaseTest.java:77)
	at sun.reflect.NativeMethodAccessorImpl.invoke0(Native Method)
	at sun.reflect.NativeMethodAccessorImpl.invoke(NativeMethodAccessorImpl.java:62)
	at sun.reflect.DelegatingMethodAccessorImpl.invoke(DelegatingMethodAccessorImpl.java:43)
	at java.lang.reflect.Method.invoke(Method.java:498)
	at org.junit.runners.model.FrameworkMethod$1.runReflectiveCall(FrameworkMethod.java:50)
	at org.junit.internal.runners.model.ReflectiveCallable.run(ReflectiveCallable.java:12)
	at org.junit.runners.model.FrameworkMethod.invokeExplosively(FrameworkMethod.java:47)
	at org.junit.internal.runners.statements.InvokeMethod.evaluate(InvokeMethod.java:17)
	at org.junit.internal.runners.statements.RunAfters.evaluate(RunAfters.java:27)
	at org.junit.internal.runners.statements.FailOnTimeout$CallableStatement.call(FailOnTimeout.java:298)
	at org.junit.internal.runners.statements.FailOnTimeout$CallableStatement.call(FailOnTimeout.java:292)
	at java.util.concurrent.FutureTask.run(FutureTask.java:266)
	at java.lang.Thread.run(Thread.java:748)
2019-09-24 17:03:57,130 WARN  ratis.RaftTestUtil (JavaUtils.java:attempt(158)) - FAILED "waitForLeader-null-(expectLeader? true)", attempt #66/100: java.lang.IllegalStateException: No leader yet : printing ALL groups
  s0:  RUNNING CANDIDATE s0@group-CF66ACB98618:t8, leader=null, voted=s0, raftlog=s0@group-CF66ACB98618-SegmentedRaftLog:OPENED:c-1,f-1,i0, conf=-1: [s0:0.0.0.0:32897, s1:0.0.0.0:35696, s2:0.0.0.0:35236], old=null RUNNING
  s1:  RUNNING  FOLLOWER s1@group-CF66ACB98618:t6, leader=null, voted=s0, raftlog=s1@group-CF66ACB98618-SegmentedRaftLog:OPENED:c-1,f-1,i0, conf=-1: [s0:0.0.0.0:32897, s1:0.0.0.0:35696, s2:0.0.0.0:35236], old=null RUNNING
  s2:  RUNNING CANDIDATE s2@group-CF66ACB98618:t8, leader=null, voted=s2, raftlog=s2@group-CF66ACB98618-SegmentedRaftLog:OPENED:c-1,f-1,i0, conf=-1: [s0:0.0.0.0:32897, s1:0.0.0.0:35696, s2:0.0.0.0:35236], old=null RUNNING, sleep 450ms and then retry.
java.lang.IllegalStateException: No leader yet : printing ALL groups
  s0:  RUNNING CANDIDATE s0@group-CF66ACB98618:t8, leader=null, voted=s0, raftlog=s0@group-CF66ACB98618-SegmentedRaftLog:OPENED:c-1,f-1,i0, conf=-1: [s0:0.0.0.0:32897, s1:0.0.0.0:35696, s2:0.0.0.0:35236], old=null RUNNING
  s1:  RUNNING  FOLLOWER s1@group-CF66ACB98618:t6, leader=null, voted=s0, raftlog=s1@group-CF66ACB98618-SegmentedRaftLog:OPENED:c-1,f-1,i0, conf=-1: [s0:0.0.0.0:32897, s1:0.0.0.0:35696, s2:0.0.0.0:35236], old=null RUNNING
  s2:  RUNNING CANDIDATE s2@group-CF66ACB98618:t8, leader=null, voted=s2, raftlog=s2@group-CF66ACB98618-SegmentedRaftLog:OPENED:c-1,f-1,i0, conf=-1: [s0:0.0.0.0:32897, s1:0.0.0.0:35696, s2:0.0.0.0:35236], old=null RUNNING
	at org.apache.ratis.MiniRaftCluster.newIllegalStateExceptionForNoLeaders(MiniRaftCluster.java:506)
	at org.apache.ratis.RaftTestUtil.lambda$waitForLeader$1(RaftTestUtil.java:90)
	at org.apache.ratis.MiniRaftCluster.getLeader(MiniRaftCluster.java:539)
	at org.apache.ratis.MiniRaftCluster.getLeader(MiniRaftCluster.java:532)
	at org.apache.ratis.RaftTestUtil.lambda$waitForLeader$3(RaftTestUtil.java:98)
	at org.apache.ratis.util.JavaUtils.attempt(JavaUtils.java:152)
	at org.apache.ratis.RaftTestUtil.waitForLeader(RaftTestUtil.java:97)
	at org.apache.ratis.RaftTestUtil.waitForLeader(RaftTestUtil.java:77)
	at org.apache.ratis.RaftTestUtil.waitForLeader(RaftTestUtil.java:72)
	at org.apache.ratis.server.impl.RaftReconfigurationBaseTest.lambda$testAddPeers$0(RaftReconfigurationBaseTest.java:78)
	at org.apache.ratis.MiniRaftCluster$Factory$Get.runWithNewCluster(MiniRaftCluster.java:125)
	at org.apache.ratis.MiniRaftCluster$Factory$Get.runWithNewCluster(MiniRaftCluster.java:113)
	at org.apache.ratis.server.impl.RaftReconfigurationBaseTest.testAddPeers(RaftReconfigurationBaseTest.java:77)
	at sun.reflect.NativeMethodAccessorImpl.invoke0(Native Method)
	at sun.reflect.NativeMethodAccessorImpl.invoke(NativeMethodAccessorImpl.java:62)
	at sun.reflect.DelegatingMethodAccessorImpl.invoke(DelegatingMethodAccessorImpl.java:43)
	at java.lang.reflect.Method.invoke(Method.java:498)
	at org.junit.runners.model.FrameworkMethod$1.runReflectiveCall(FrameworkMethod.java:50)
	at org.junit.internal.runners.model.ReflectiveCallable.run(ReflectiveCallable.java:12)
	at org.junit.runners.model.FrameworkMethod.invokeExplosively(FrameworkMethod.java:47)
	at org.junit.internal.runners.statements.InvokeMethod.evaluate(InvokeMethod.java:17)
	at org.junit.internal.runners.statements.RunAfters.evaluate(RunAfters.java:27)
	at org.junit.internal.runners.statements.FailOnTimeout$CallableStatement.call(FailOnTimeout.java:298)
	at org.junit.internal.runners.statements.FailOnTimeout$CallableStatement.call(FailOnTimeout.java:292)
	at java.util.concurrent.FutureTask.run(FutureTask.java:266)
	at java.lang.Thread.run(Thread.java:748)
2019-09-24 17:03:57,581 WARN  ratis.RaftTestUtil (JavaUtils.java:attempt(158)) - FAILED "waitForLeader-null-(expectLeader? true)", attempt #67/100: java.lang.IllegalStateException: No leader yet : printing ALL groups
  s0:  RUNNING CANDIDATE s0@group-CF66ACB98618:t8, leader=null, voted=s0, raftlog=s0@group-CF66ACB98618-SegmentedRaftLog:OPENED:c-1,f-1,i0, conf=-1: [s0:0.0.0.0:32897, s1:0.0.0.0:35696, s2:0.0.0.0:35236], old=null RUNNING
  s1:  RUNNING  FOLLOWER s1@group-CF66ACB98618:t6, leader=null, voted=s0, raftlog=s1@group-CF66ACB98618-SegmentedRaftLog:OPENED:c-1,f-1,i0, conf=-1: [s0:0.0.0.0:32897, s1:0.0.0.0:35696, s2:0.0.0.0:35236], old=null RUNNING
  s2:  RUNNING CANDIDATE s2@group-CF66ACB98618:t8, leader=null, voted=s2, raftlog=s2@group-CF66ACB98618-SegmentedRaftLog:OPENED:c-1,f-1,i0, conf=-1: [s0:0.0.0.0:32897, s1:0.0.0.0:35696, s2:0.0.0.0:35236], old=null RUNNING, sleep 450ms and then retry.
java.lang.IllegalStateException: No leader yet : printing ALL groups
  s0:  RUNNING CANDIDATE s0@group-CF66ACB98618:t8, leader=null, voted=s0, raftlog=s0@group-CF66ACB98618-SegmentedRaftLog:OPENED:c-1,f-1,i0, conf=-1: [s0:0.0.0.0:32897, s1:0.0.0.0:35696, s2:0.0.0.0:35236], old=null RUNNING
  s1:  RUNNING  FOLLOWER s1@group-CF66ACB98618:t6, leader=null, voted=s0, raftlog=s1@group-CF66ACB98618-SegmentedRaftLog:OPENED:c-1,f-1,i0, conf=-1: [s0:0.0.0.0:32897, s1:0.0.0.0:35696, s2:0.0.0.0:35236], old=null RUNNING
  s2:  RUNNING CANDIDATE s2@group-CF66ACB98618:t8, leader=null, voted=s2, raftlog=s2@group-CF66ACB98618-SegmentedRaftLog:OPENED:c-1,f-1,i0, conf=-1: [s0:0.0.0.0:32897, s1:0.0.0.0:35696, s2:0.0.0.0:35236], old=null RUNNING
	at org.apache.ratis.MiniRaftCluster.newIllegalStateExceptionForNoLeaders(MiniRaftCluster.java:506)
	at org.apache.ratis.RaftTestUtil.lambda$waitForLeader$1(RaftTestUtil.java:90)
	at org.apache.ratis.MiniRaftCluster.getLeader(MiniRaftCluster.java:539)
	at org.apache.ratis.MiniRaftCluster.getLeader(MiniRaftCluster.java:532)
	at org.apache.ratis.RaftTestUtil.lambda$waitForLeader$3(RaftTestUtil.java:98)
	at org.apache.ratis.util.JavaUtils.attempt(JavaUtils.java:152)
	at org.apache.ratis.RaftTestUtil.waitForLeader(RaftTestUtil.java:97)
	at org.apache.ratis.RaftTestUtil.waitForLeader(RaftTestUtil.java:77)
	at org.apache.ratis.RaftTestUtil.waitForLeader(RaftTestUtil.java:72)
	at org.apache.ratis.server.impl.RaftReconfigurationBaseTest.lambda$testAddPeers$0(RaftReconfigurationBaseTest.java:78)
	at org.apache.ratis.MiniRaftCluster$Factory$Get.runWithNewCluster(MiniRaftCluster.java:125)
	at org.apache.ratis.MiniRaftCluster$Factory$Get.runWithNewCluster(MiniRaftCluster.java:113)
	at org.apache.ratis.server.impl.RaftReconfigurationBaseTest.testAddPeers(RaftReconfigurationBaseTest.java:77)
	at sun.reflect.NativeMethodAccessorImpl.invoke0(Native Method)
	at sun.reflect.NativeMethodAccessorImpl.invoke(NativeMethodAccessorImpl.java:62)
	at sun.reflect.DelegatingMethodAccessorImpl.invoke(DelegatingMethodAccessorImpl.java:43)
	at java.lang.reflect.Method.invoke(Method.java:498)
	at org.junit.runners.model.FrameworkMethod$1.runReflectiveCall(FrameworkMethod.java:50)
	at org.junit.internal.runners.model.ReflectiveCallable.run(ReflectiveCallable.java:12)
	at org.junit.runners.model.FrameworkMethod.invokeExplosively(FrameworkMethod.java:47)
	at org.junit.internal.runners.statements.InvokeMethod.evaluate(InvokeMethod.java:17)
	at org.junit.internal.runners.statements.RunAfters.evaluate(RunAfters.java:27)
	at org.junit.internal.runners.statements.FailOnTimeout$CallableStatement.call(FailOnTimeout.java:298)
	at org.junit.internal.runners.statements.FailOnTimeout$CallableStatement.call(FailOnTimeout.java:292)
	at java.util.concurrent.FutureTask.run(FutureTask.java:266)
	at java.lang.Thread.run(Thread.java:748)
2019-09-24 17:03:57,790 INFO  ratis.MiniRaftCluster (MiniRaftCluster.java:lambda$null$5(297)) - TIMED-PRINT: printing ALL groups
  s0:  RUNNING CANDIDATE s0@group-CF66ACB98618:t8, leader=null, voted=s0, raftlog=s0@group-CF66ACB98618-SegmentedRaftLog:OPENED:c-1,f-1,i0, conf=-1: [s0:0.0.0.0:32897, s1:0.0.0.0:35696, s2:0.0.0.0:35236], old=null RUNNING
  s1:  RUNNING  FOLLOWER s1@group-CF66ACB98618:t6, leader=null, voted=s0, raftlog=s1@group-CF66ACB98618-SegmentedRaftLog:OPENED:c-1,f-1,i0, conf=-1: [s0:0.0.0.0:32897, s1:0.0.0.0:35696, s2:0.0.0.0:35236], old=null RUNNING
  s2:  RUNNING CANDIDATE s2@group-CF66ACB98618:t8, leader=null, voted=s2, raftlog=s2@group-CF66ACB98618-SegmentedRaftLog:OPENED:c-1,f-1,i0, conf=-1: [s0:0.0.0.0:32897, s1:0.0.0.0:35696, s2:0.0.0.0:35236], old=null RUNNING
2019-09-24 17:03:58,032 WARN  ratis.RaftTestUtil (JavaUtils.java:attempt(158)) - FAILED "waitForLeader-null-(expectLeader? true)", attempt #68/100: java.lang.IllegalStateException: No leader yet : printing ALL groups
  s0:  RUNNING CANDIDATE s0@group-CF66ACB98618:t8, leader=null, voted=s0, raftlog=s0@group-CF66ACB98618-SegmentedRaftLog:OPENED:c-1,f-1,i0, conf=-1: [s0:0.0.0.0:32897, s1:0.0.0.0:35696, s2:0.0.0.0:35236], old=null RUNNING
  s1:  RUNNING  FOLLOWER s1@group-CF66ACB98618:t6, leader=null, voted=s0, raftlog=s1@group-CF66ACB98618-SegmentedRaftLog:OPENED:c-1,f-1,i0, conf=-1: [s0:0.0.0.0:32897, s1:0.0.0.0:35696, s2:0.0.0.0:35236], old=null RUNNING
  s2:  RUNNING CANDIDATE s2@group-CF66ACB98618:t8, leader=null, voted=s2, raftlog=s2@group-CF66ACB98618-SegmentedRaftLog:OPENED:c-1,f-1,i0, conf=-1: [s0:0.0.0.0:32897, s1:0.0.0.0:35696, s2:0.0.0.0:35236], old=null RUNNING, sleep 450ms and then retry.
java.lang.IllegalStateException: No leader yet : printing ALL groups
  s0:  RUNNING CANDIDATE s0@group-CF66ACB98618:t8, leader=null, voted=s0, raftlog=s0@group-CF66ACB98618-SegmentedRaftLog:OPENED:c-1,f-1,i0, conf=-1: [s0:0.0.0.0:32897, s1:0.0.0.0:35696, s2:0.0.0.0:35236], old=null RUNNING
  s1:  RUNNING  FOLLOWER s1@group-CF66ACB98618:t6, leader=null, voted=s0, raftlog=s1@group-CF66ACB98618-SegmentedRaftLog:OPENED:c-1,f-1,i0, conf=-1: [s0:0.0.0.0:32897, s1:0.0.0.0:35696, s2:0.0.0.0:35236], old=null RUNNING
  s2:  RUNNING CANDIDATE s2@group-CF66ACB98618:t8, leader=null, voted=s2, raftlog=s2@group-CF66ACB98618-SegmentedRaftLog:OPENED:c-1,f-1,i0, conf=-1: [s0:0.0.0.0:32897, s1:0.0.0.0:35696, s2:0.0.0.0:35236], old=null RUNNING
	at org.apache.ratis.MiniRaftCluster.newIllegalStateExceptionForNoLeaders(MiniRaftCluster.java:506)
	at org.apache.ratis.RaftTestUtil.lambda$waitForLeader$1(RaftTestUtil.java:90)
	at org.apache.ratis.MiniRaftCluster.getLeader(MiniRaftCluster.java:539)
	at org.apache.ratis.MiniRaftCluster.getLeader(MiniRaftCluster.java:532)
	at org.apache.ratis.RaftTestUtil.lambda$waitForLeader$3(RaftTestUtil.java:98)
	at org.apache.ratis.util.JavaUtils.attempt(JavaUtils.java:152)
	at org.apache.ratis.RaftTestUtil.waitForLeader(RaftTestUtil.java:97)
	at org.apache.ratis.RaftTestUtil.waitForLeader(RaftTestUtil.java:77)
	at org.apache.ratis.RaftTestUtil.waitForLeader(RaftTestUtil.java:72)
	at org.apache.ratis.server.impl.RaftReconfigurationBaseTest.lambda$testAddPeers$0(RaftReconfigurationBaseTest.java:78)
	at org.apache.ratis.MiniRaftCluster$Factory$Get.runWithNewCluster(MiniRaftCluster.java:125)
	at org.apache.ratis.MiniRaftCluster$Factory$Get.runWithNewCluster(MiniRaftCluster.java:113)
	at org.apache.ratis.server.impl.RaftReconfigurationBaseTest.testAddPeers(RaftReconfigurationBaseTest.java:77)
	at sun.reflect.NativeMethodAccessorImpl.invoke0(Native Method)
	at sun.reflect.NativeMethodAccessorImpl.invoke(NativeMethodAccessorImpl.java:62)
	at sun.reflect.DelegatingMethodAccessorImpl.invoke(DelegatingMethodAccessorImpl.java:43)
	at java.lang.reflect.Method.invoke(Method.java:498)
	at org.junit.runners.model.FrameworkMethod$1.runReflectiveCall(FrameworkMethod.java:50)
	at org.junit.internal.runners.model.ReflectiveCallable.run(ReflectiveCallable.java:12)
	at org.junit.runners.model.FrameworkMethod.invokeExplosively(FrameworkMethod.java:47)
	at org.junit.internal.runners.statements.InvokeMethod.evaluate(InvokeMethod.java:17)
	at org.junit.internal.runners.statements.RunAfters.evaluate(RunAfters.java:27)
	at org.junit.internal.runners.statements.FailOnTimeout$CallableStatement.call(FailOnTimeout.java:298)
	at org.junit.internal.runners.statements.FailOnTimeout$CallableStatement.call(FailOnTimeout.java:292)
	at java.util.concurrent.FutureTask.run(FutureTask.java:266)
	at java.lang.Thread.run(Thread.java:748)
2019-09-24 17:03:58,483 WARN  ratis.RaftTestUtil (JavaUtils.java:attempt(158)) - FAILED "waitForLeader-null-(expectLeader? true)", attempt #69/100: java.lang.IllegalStateException: No leader yet : printing ALL groups
  s0:  RUNNING CANDIDATE s0@group-CF66ACB98618:t8, leader=null, voted=s0, raftlog=s0@group-CF66ACB98618-SegmentedRaftLog:OPENED:c-1,f-1,i0, conf=-1: [s0:0.0.0.0:32897, s1:0.0.0.0:35696, s2:0.0.0.0:35236], old=null RUNNING
  s1:  RUNNING  FOLLOWER s1@group-CF66ACB98618:t6, leader=null, voted=s0, raftlog=s1@group-CF66ACB98618-SegmentedRaftLog:OPENED:c-1,f-1,i0, conf=-1: [s0:0.0.0.0:32897, s1:0.0.0.0:35696, s2:0.0.0.0:35236], old=null RUNNING
  s2:  RUNNING CANDIDATE s2@group-CF66ACB98618:t8, leader=null, voted=s2, raftlog=s2@group-CF66ACB98618-SegmentedRaftLog:OPENED:c-1,f-1,i0, conf=-1: [s0:0.0.0.0:32897, s1:0.0.0.0:35696, s2:0.0.0.0:35236], old=null RUNNING, sleep 450ms and then retry.
java.lang.IllegalStateException: No leader yet : printing ALL groups
  s0:  RUNNING CANDIDATE s0@group-CF66ACB98618:t8, leader=null, voted=s0, raftlog=s0@group-CF66ACB98618-SegmentedRaftLog:OPENED:c-1,f-1,i0, conf=-1: [s0:0.0.0.0:32897, s1:0.0.0.0:35696, s2:0.0.0.0:35236], old=null RUNNING
  s1:  RUNNING  FOLLOWER s1@group-CF66ACB98618:t6, leader=null, voted=s0, raftlog=s1@group-CF66ACB98618-SegmentedRaftLog:OPENED:c-1,f-1,i0, conf=-1: [s0:0.0.0.0:32897, s1:0.0.0.0:35696, s2:0.0.0.0:35236], old=null RUNNING
  s2:  RUNNING CANDIDATE s2@group-CF66ACB98618:t8, leader=null, voted=s2, raftlog=s2@group-CF66ACB98618-SegmentedRaftLog:OPENED:c-1,f-1,i0, conf=-1: [s0:0.0.0.0:32897, s1:0.0.0.0:35696, s2:0.0.0.0:35236], old=null RUNNING
	at org.apache.ratis.MiniRaftCluster.newIllegalStateExceptionForNoLeaders(MiniRaftCluster.java:506)
	at org.apache.ratis.RaftTestUtil.lambda$waitForLeader$1(RaftTestUtil.java:90)
	at org.apache.ratis.MiniRaftCluster.getLeader(MiniRaftCluster.java:539)
	at org.apache.ratis.MiniRaftCluster.getLeader(MiniRaftCluster.java:532)
	at org.apache.ratis.RaftTestUtil.lambda$waitForLeader$3(RaftTestUtil.java:98)
	at org.apache.ratis.util.JavaUtils.attempt(JavaUtils.java:152)
	at org.apache.ratis.RaftTestUtil.waitForLeader(RaftTestUtil.java:97)
	at org.apache.ratis.RaftTestUtil.waitForLeader(RaftTestUtil.java:77)
	at org.apache.ratis.RaftTestUtil.waitForLeader(RaftTestUtil.java:72)
	at org.apache.ratis.server.impl.RaftReconfigurationBaseTest.lambda$testAddPeers$0(RaftReconfigurationBaseTest.java:78)
	at org.apache.ratis.MiniRaftCluster$Factory$Get.runWithNewCluster(MiniRaftCluster.java:125)
	at org.apache.ratis.MiniRaftCluster$Factory$Get.runWithNewCluster(MiniRaftCluster.java:113)
	at org.apache.ratis.server.impl.RaftReconfigurationBaseTest.testAddPeers(RaftReconfigurationBaseTest.java:77)
	at sun.reflect.NativeMethodAccessorImpl.invoke0(Native Method)
	at sun.reflect.NativeMethodAccessorImpl.invoke(NativeMethodAccessorImpl.java:62)
	at sun.reflect.DelegatingMethodAccessorImpl.invoke(DelegatingMethodAccessorImpl.java:43)
	at java.lang.reflect.Method.invoke(Method.java:498)
	at org.junit.runners.model.FrameworkMethod$1.runReflectiveCall(FrameworkMethod.java:50)
	at org.junit.internal.runners.model.ReflectiveCallable.run(ReflectiveCallable.java:12)
	at org.junit.runners.model.FrameworkMethod.invokeExplosively(FrameworkMethod.java:47)
	at org.junit.internal.runners.statements.InvokeMethod.evaluate(InvokeMethod.java:17)
	at org.junit.internal.runners.statements.RunAfters.evaluate(RunAfters.java:27)
	at org.junit.internal.runners.statements.FailOnTimeout$CallableStatement.call(FailOnTimeout.java:298)
	at org.junit.internal.runners.statements.FailOnTimeout$CallableStatement.call(FailOnTimeout.java:292)
	at java.util.concurrent.FutureTask.run(FutureTask.java:266)
	at java.lang.Thread.run(Thread.java:748)
2019-09-24 17:03:58,934 WARN  ratis.RaftTestUtil (JavaUtils.java:attempt(158)) - FAILED "waitForLeader-null-(expectLeader? true)", attempt #70/100: java.lang.IllegalStateException: No leader yet : printing ALL groups
  s0:  RUNNING CANDIDATE s0@group-CF66ACB98618:t8, leader=null, voted=s0, raftlog=s0@group-CF66ACB98618-SegmentedRaftLog:OPENED:c-1,f-1,i0, conf=-1: [s0:0.0.0.0:32897, s1:0.0.0.0:35696, s2:0.0.0.0:35236], old=null RUNNING
  s1:  RUNNING  FOLLOWER s1@group-CF66ACB98618:t6, leader=null, voted=s0, raftlog=s1@group-CF66ACB98618-SegmentedRaftLog:OPENED:c-1,f-1,i0, conf=-1: [s0:0.0.0.0:32897, s1:0.0.0.0:35696, s2:0.0.0.0:35236], old=null RUNNING
  s2:  RUNNING CANDIDATE s2@group-CF66ACB98618:t8, leader=null, voted=s2, raftlog=s2@group-CF66ACB98618-SegmentedRaftLog:OPENED:c-1,f-1,i0, conf=-1: [s0:0.0.0.0:32897, s1:0.0.0.0:35696, s2:0.0.0.0:35236], old=null RUNNING, sleep 450ms and then retry.
java.lang.IllegalStateException: No leader yet : printing ALL groups
  s0:  RUNNING CANDIDATE s0@group-CF66ACB98618:t8, leader=null, voted=s0, raftlog=s0@group-CF66ACB98618-SegmentedRaftLog:OPENED:c-1,f-1,i0, conf=-1: [s0:0.0.0.0:32897, s1:0.0.0.0:35696, s2:0.0.0.0:35236], old=null RUNNING
  s1:  RUNNING  FOLLOWER s1@group-CF66ACB98618:t6, leader=null, voted=s0, raftlog=s1@group-CF66ACB98618-SegmentedRaftLog:OPENED:c-1,f-1,i0, conf=-1: [s0:0.0.0.0:32897, s1:0.0.0.0:35696, s2:0.0.0.0:35236], old=null RUNNING
  s2:  RUNNING CANDIDATE s2@group-CF66ACB98618:t8, leader=null, voted=s2, raftlog=s2@group-CF66ACB98618-SegmentedRaftLog:OPENED:c-1,f-1,i0, conf=-1: [s0:0.0.0.0:32897, s1:0.0.0.0:35696, s2:0.0.0.0:35236], old=null RUNNING
	at org.apache.ratis.MiniRaftCluster.newIllegalStateExceptionForNoLeaders(MiniRaftCluster.java:506)
	at org.apache.ratis.RaftTestUtil.lambda$waitForLeader$1(RaftTestUtil.java:90)
	at org.apache.ratis.MiniRaftCluster.getLeader(MiniRaftCluster.java:539)
	at org.apache.ratis.MiniRaftCluster.getLeader(MiniRaftCluster.java:532)
	at org.apache.ratis.RaftTestUtil.lambda$waitForLeader$3(RaftTestUtil.java:98)
	at org.apache.ratis.util.JavaUtils.attempt(JavaUtils.java:152)
	at org.apache.ratis.RaftTestUtil.waitForLeader(RaftTestUtil.java:97)
	at org.apache.ratis.RaftTestUtil.waitForLeader(RaftTestUtil.java:77)
	at org.apache.ratis.RaftTestUtil.waitForLeader(RaftTestUtil.java:72)
	at org.apache.ratis.server.impl.RaftReconfigurationBaseTest.lambda$testAddPeers$0(RaftReconfigurationBaseTest.java:78)
	at org.apache.ratis.MiniRaftCluster$Factory$Get.runWithNewCluster(MiniRaftCluster.java:125)
	at org.apache.ratis.MiniRaftCluster$Factory$Get.runWithNewCluster(MiniRaftCluster.java:113)
	at org.apache.ratis.server.impl.RaftReconfigurationBaseTest.testAddPeers(RaftReconfigurationBaseTest.java:77)
	at sun.reflect.NativeMethodAccessorImpl.invoke0(Native Method)
	at sun.reflect.NativeMethodAccessorImpl.invoke(NativeMethodAccessorImpl.java:62)
	at sun.reflect.DelegatingMethodAccessorImpl.invoke(DelegatingMethodAccessorImpl.java:43)
	at java.lang.reflect.Method.invoke(Method.java:498)
	at org.junit.runners.model.FrameworkMethod$1.runReflectiveCall(FrameworkMethod.java:50)
	at org.junit.internal.runners.model.ReflectiveCallable.run(ReflectiveCallable.java:12)
	at org.junit.runners.model.FrameworkMethod.invokeExplosively(FrameworkMethod.java:47)
	at org.junit.internal.runners.statements.InvokeMethod.evaluate(InvokeMethod.java:17)
	at org.junit.internal.runners.statements.RunAfters.evaluate(RunAfters.java:27)
	at org.junit.internal.runners.statements.FailOnTimeout$CallableStatement.call(FailOnTimeout.java:298)
	at org.junit.internal.runners.statements.FailOnTimeout$CallableStatement.call(FailOnTimeout.java:292)
	at java.util.concurrent.FutureTask.run(FutureTask.java:266)
	at java.lang.Thread.run(Thread.java:748)
2019-09-24 17:03:59,386 WARN  ratis.RaftTestUtil (JavaUtils.java:attempt(158)) - FAILED "waitForLeader-null-(expectLeader? true)", attempt #71/100: java.lang.IllegalStateException: No leader yet : printing ALL groups
  s0:  RUNNING CANDIDATE s0@group-CF66ACB98618:t8, leader=null, voted=s0, raftlog=s0@group-CF66ACB98618-SegmentedRaftLog:OPENED:c-1,f-1,i0, conf=-1: [s0:0.0.0.0:32897, s1:0.0.0.0:35696, s2:0.0.0.0:35236], old=null RUNNING
  s1:  RUNNING  FOLLOWER s1@group-CF66ACB98618:t6, leader=null, voted=s0, raftlog=s1@group-CF66ACB98618-SegmentedRaftLog:OPENED:c-1,f-1,i0, conf=-1: [s0:0.0.0.0:32897, s1:0.0.0.0:35696, s2:0.0.0.0:35236], old=null RUNNING
  s2:  RUNNING CANDIDATE s2@group-CF66ACB98618:t8, leader=null, voted=s2, raftlog=s2@group-CF66ACB98618-SegmentedRaftLog:OPENED:c-1,f-1,i0, conf=-1: [s0:0.0.0.0:32897, s1:0.0.0.0:35696, s2:0.0.0.0:35236], old=null RUNNING, sleep 450ms and then retry.
java.lang.IllegalStateException: No leader yet : printing ALL groups
  s0:  RUNNING CANDIDATE s0@group-CF66ACB98618:t8, leader=null, voted=s0, raftlog=s0@group-CF66ACB98618-SegmentedRaftLog:OPENED:c-1,f-1,i0, conf=-1: [s0:0.0.0.0:32897, s1:0.0.0.0:35696, s2:0.0.0.0:35236], old=null RUNNING
  s1:  RUNNING  FOLLOWER s1@group-CF66ACB98618:t6, leader=null, voted=s0, raftlog=s1@group-CF66ACB98618-SegmentedRaftLog:OPENED:c-1,f-1,i0, conf=-1: [s0:0.0.0.0:32897, s1:0.0.0.0:35696, s2:0.0.0.0:35236], old=null RUNNING
  s2:  RUNNING CANDIDATE s2@group-CF66ACB98618:t8, leader=null, voted=s2, raftlog=s2@group-CF66ACB98618-SegmentedRaftLog:OPENED:c-1,f-1,i0, conf=-1: [s0:0.0.0.0:32897, s1:0.0.0.0:35696, s2:0.0.0.0:35236], old=null RUNNING
	at org.apache.ratis.MiniRaftCluster.newIllegalStateExceptionForNoLeaders(MiniRaftCluster.java:506)
	at org.apache.ratis.RaftTestUtil.lambda$waitForLeader$1(RaftTestUtil.java:90)
	at org.apache.ratis.MiniRaftCluster.getLeader(MiniRaftCluster.java:539)
	at org.apache.ratis.MiniRaftCluster.getLeader(MiniRaftCluster.java:532)
	at org.apache.ratis.RaftTestUtil.lambda$waitForLeader$3(RaftTestUtil.java:98)
	at org.apache.ratis.util.JavaUtils.attempt(JavaUtils.java:152)
	at org.apache.ratis.RaftTestUtil.waitForLeader(RaftTestUtil.java:97)
	at org.apache.ratis.RaftTestUtil.waitForLeader(RaftTestUtil.java:77)
	at org.apache.ratis.RaftTestUtil.waitForLeader(RaftTestUtil.java:72)
	at org.apache.ratis.server.impl.RaftReconfigurationBaseTest.lambda$testAddPeers$0(RaftReconfigurationBaseTest.java:78)
	at org.apache.ratis.MiniRaftCluster$Factory$Get.runWithNewCluster(MiniRaftCluster.java:125)
	at org.apache.ratis.MiniRaftCluster$Factory$Get.runWithNewCluster(MiniRaftCluster.java:113)
	at org.apache.ratis.server.impl.RaftReconfigurationBaseTest.testAddPeers(RaftReconfigurationBaseTest.java:77)
	at sun.reflect.NativeMethodAccessorImpl.invoke0(Native Method)
	at sun.reflect.NativeMethodAccessorImpl.invoke(NativeMethodAccessorImpl.java:62)
	at sun.reflect.DelegatingMethodAccessorImpl.invoke(DelegatingMethodAccessorImpl.java:43)
	at java.lang.reflect.Method.invoke(Method.java:498)
	at org.junit.runners.model.FrameworkMethod$1.runReflectiveCall(FrameworkMethod.java:50)
	at org.junit.internal.runners.model.ReflectiveCallable.run(ReflectiveCallable.java:12)
	at org.junit.runners.model.FrameworkMethod.invokeExplosively(FrameworkMethod.java:47)
	at org.junit.internal.runners.statements.InvokeMethod.evaluate(InvokeMethod.java:17)
	at org.junit.internal.runners.statements.RunAfters.evaluate(RunAfters.java:27)
	at org.junit.internal.runners.statements.FailOnTimeout$CallableStatement.call(FailOnTimeout.java:298)
	at org.junit.internal.runners.statements.FailOnTimeout$CallableStatement.call(FailOnTimeout.java:292)
	at java.util.concurrent.FutureTask.run(FutureTask.java:266)
	at java.lang.Thread.run(Thread.java:748)
2019-09-24 17:03:59,837 WARN  ratis.RaftTestUtil (JavaUtils.java:attempt(158)) - FAILED "waitForLeader-null-(expectLeader? true)", attempt #72/100: java.lang.IllegalStateException: No leader yet : printing ALL groups
  s0:  RUNNING CANDIDATE s0@group-CF66ACB98618:t8, leader=null, voted=s0, raftlog=s0@group-CF66ACB98618-SegmentedRaftLog:OPENED:c-1,f-1,i0, conf=-1: [s0:0.0.0.0:32897, s1:0.0.0.0:35696, s2:0.0.0.0:35236], old=null RUNNING
  s1:  RUNNING  FOLLOWER s1@group-CF66ACB98618:t6, leader=null, voted=s0, raftlog=s1@group-CF66ACB98618-SegmentedRaftLog:OPENED:c-1,f-1,i0, conf=-1: [s0:0.0.0.0:32897, s1:0.0.0.0:35696, s2:0.0.0.0:35236], old=null RUNNING
  s2:  RUNNING CANDIDATE s2@group-CF66ACB98618:t8, leader=null, voted=s2, raftlog=s2@group-CF66ACB98618-SegmentedRaftLog:OPENED:c-1,f-1,i0, conf=-1: [s0:0.0.0.0:32897, s1:0.0.0.0:35696, s2:0.0.0.0:35236], old=null RUNNING, sleep 450ms and then retry.
java.lang.IllegalStateException: No leader yet : printing ALL groups
  s0:  RUNNING CANDIDATE s0@group-CF66ACB98618:t8, leader=null, voted=s0, raftlog=s0@group-CF66ACB98618-SegmentedRaftLog:OPENED:c-1,f-1,i0, conf=-1: [s0:0.0.0.0:32897, s1:0.0.0.0:35696, s2:0.0.0.0:35236], old=null RUNNING
  s1:  RUNNING  FOLLOWER s1@group-CF66ACB98618:t6, leader=null, voted=s0, raftlog=s1@group-CF66ACB98618-SegmentedRaftLog:OPENED:c-1,f-1,i0, conf=-1: [s0:0.0.0.0:32897, s1:0.0.0.0:35696, s2:0.0.0.0:35236], old=null RUNNING
  s2:  RUNNING CANDIDATE s2@group-CF66ACB98618:t8, leader=null, voted=s2, raftlog=s2@group-CF66ACB98618-SegmentedRaftLog:OPENED:c-1,f-1,i0, conf=-1: [s0:0.0.0.0:32897, s1:0.0.0.0:35696, s2:0.0.0.0:35236], old=null RUNNING
	at org.apache.ratis.MiniRaftCluster.newIllegalStateExceptionForNoLeaders(MiniRaftCluster.java:506)
	at org.apache.ratis.RaftTestUtil.lambda$waitForLeader$1(RaftTestUtil.java:90)
	at org.apache.ratis.MiniRaftCluster.getLeader(MiniRaftCluster.java:539)
	at org.apache.ratis.MiniRaftCluster.getLeader(MiniRaftCluster.java:532)
	at org.apache.ratis.RaftTestUtil.lambda$waitForLeader$3(RaftTestUtil.java:98)
	at org.apache.ratis.util.JavaUtils.attempt(JavaUtils.java:152)
	at org.apache.ratis.RaftTestUtil.waitForLeader(RaftTestUtil.java:97)
	at org.apache.ratis.RaftTestUtil.waitForLeader(RaftTestUtil.java:77)
	at org.apache.ratis.RaftTestUtil.waitForLeader(RaftTestUtil.java:72)
	at org.apache.ratis.server.impl.RaftReconfigurationBaseTest.lambda$testAddPeers$0(RaftReconfigurationBaseTest.java:78)
	at org.apache.ratis.MiniRaftCluster$Factory$Get.runWithNewCluster(MiniRaftCluster.java:125)
	at org.apache.ratis.MiniRaftCluster$Factory$Get.runWithNewCluster(MiniRaftCluster.java:113)
	at org.apache.ratis.server.impl.RaftReconfigurationBaseTest.testAddPeers(RaftReconfigurationBaseTest.java:77)
	at sun.reflect.NativeMethodAccessorImpl.invoke0(Native Method)
	at sun.reflect.NativeMethodAccessorImpl.invoke(NativeMethodAccessorImpl.java:62)
	at sun.reflect.DelegatingMethodAccessorImpl.invoke(DelegatingMethodAccessorImpl.java:43)
	at java.lang.reflect.Method.invoke(Method.java:498)
	at org.junit.runners.model.FrameworkMethod$1.runReflectiveCall(FrameworkMethod.java:50)
	at org.junit.internal.runners.model.ReflectiveCallable.run(ReflectiveCallable.java:12)
	at org.junit.runners.model.FrameworkMethod.invokeExplosively(FrameworkMethod.java:47)
	at org.junit.internal.runners.statements.InvokeMethod.evaluate(InvokeMethod.java:17)
	at org.junit.internal.runners.statements.RunAfters.evaluate(RunAfters.java:27)
	at org.junit.internal.runners.statements.FailOnTimeout$CallableStatement.call(FailOnTimeout.java:298)
	at org.junit.internal.runners.statements.FailOnTimeout$CallableStatement.call(FailOnTimeout.java:292)
	at java.util.concurrent.FutureTask.run(FutureTask.java:266)
	at java.lang.Thread.run(Thread.java:748)
2019-09-24 17:04:00,288 WARN  ratis.RaftTestUtil (JavaUtils.java:attempt(158)) - FAILED "waitForLeader-null-(expectLeader? true)", attempt #73/100: java.lang.IllegalStateException: No leader yet : printing ALL groups
  s0:  RUNNING CANDIDATE s0@group-CF66ACB98618:t8, leader=null, voted=s0, raftlog=s0@group-CF66ACB98618-SegmentedRaftLog:OPENED:c-1,f-1,i0, conf=-1: [s0:0.0.0.0:32897, s1:0.0.0.0:35696, s2:0.0.0.0:35236], old=null RUNNING
  s1:  RUNNING  FOLLOWER s1@group-CF66ACB98618:t6, leader=null, voted=s0, raftlog=s1@group-CF66ACB98618-SegmentedRaftLog:OPENED:c-1,f-1,i0, conf=-1: [s0:0.0.0.0:32897, s1:0.0.0.0:35696, s2:0.0.0.0:35236], old=null RUNNING
  s2:  RUNNING CANDIDATE s2@group-CF66ACB98618:t8, leader=null, voted=s2, raftlog=s2@group-CF66ACB98618-SegmentedRaftLog:OPENED:c-1,f-1,i0, conf=-1: [s0:0.0.0.0:32897, s1:0.0.0.0:35696, s2:0.0.0.0:35236], old=null RUNNING, sleep 450ms and then retry.
java.lang.IllegalStateException: No leader yet : printing ALL groups
  s0:  RUNNING CANDIDATE s0@group-CF66ACB98618:t8, leader=null, voted=s0, raftlog=s0@group-CF66ACB98618-SegmentedRaftLog:OPENED:c-1,f-1,i0, conf=-1: [s0:0.0.0.0:32897, s1:0.0.0.0:35696, s2:0.0.0.0:35236], old=null RUNNING
  s1:  RUNNING  FOLLOWER s1@group-CF66ACB98618:t6, leader=null, voted=s0, raftlog=s1@group-CF66ACB98618-SegmentedRaftLog:OPENED:c-1,f-1,i0, conf=-1: [s0:0.0.0.0:32897, s1:0.0.0.0:35696, s2:0.0.0.0:35236], old=null RUNNING
  s2:  RUNNING CANDIDATE s2@group-CF66ACB98618:t8, leader=null, voted=s2, raftlog=s2@group-CF66ACB98618-SegmentedRaftLog:OPENED:c-1,f-1,i0, conf=-1: [s0:0.0.0.0:32897, s1:0.0.0.0:35696, s2:0.0.0.0:35236], old=null RUNNING
	at org.apache.ratis.MiniRaftCluster.newIllegalStateExceptionForNoLeaders(MiniRaftCluster.java:506)
	at org.apache.ratis.RaftTestUtil.lambda$waitForLeader$1(RaftTestUtil.java:90)
	at org.apache.ratis.MiniRaftCluster.getLeader(MiniRaftCluster.java:539)
	at org.apache.ratis.MiniRaftCluster.getLeader(MiniRaftCluster.java:532)
	at org.apache.ratis.RaftTestUtil.lambda$waitForLeader$3(RaftTestUtil.java:98)
	at org.apache.ratis.util.JavaUtils.attempt(JavaUtils.java:152)
	at org.apache.ratis.RaftTestUtil.waitForLeader(RaftTestUtil.java:97)
	at org.apache.ratis.RaftTestUtil.waitForLeader(RaftTestUtil.java:77)
	at org.apache.ratis.RaftTestUtil.waitForLeader(RaftTestUtil.java:72)
	at org.apache.ratis.server.impl.RaftReconfigurationBaseTest.lambda$testAddPeers$0(RaftReconfigurationBaseTest.java:78)
	at org.apache.ratis.MiniRaftCluster$Factory$Get.runWithNewCluster(MiniRaftCluster.java:125)
	at org.apache.ratis.MiniRaftCluster$Factory$Get.runWithNewCluster(MiniRaftCluster.java:113)
	at org.apache.ratis.server.impl.RaftReconfigurationBaseTest.testAddPeers(RaftReconfigurationBaseTest.java:77)
	at sun.reflect.NativeMethodAccessorImpl.invoke0(Native Method)
	at sun.reflect.NativeMethodAccessorImpl.invoke(NativeMethodAccessorImpl.java:62)
	at sun.reflect.DelegatingMethodAccessorImpl.invoke(DelegatingMethodAccessorImpl.java:43)
	at java.lang.reflect.Method.invoke(Method.java:498)
	at org.junit.runners.model.FrameworkMethod$1.runReflectiveCall(FrameworkMethod.java:50)
	at org.junit.internal.runners.model.ReflectiveCallable.run(ReflectiveCallable.java:12)
	at org.junit.runners.model.FrameworkMethod.invokeExplosively(FrameworkMethod.java:47)
	at org.junit.internal.runners.statements.InvokeMethod.evaluate(InvokeMethod.java:17)
	at org.junit.internal.runners.statements.RunAfters.evaluate(RunAfters.java:27)
	at org.junit.internal.runners.statements.FailOnTimeout$CallableStatement.call(FailOnTimeout.java:298)
	at org.junit.internal.runners.statements.FailOnTimeout$CallableStatement.call(FailOnTimeout.java:292)
	at java.util.concurrent.FutureTask.run(FutureTask.java:266)
	at java.lang.Thread.run(Thread.java:748)
2019-09-24 17:04:00,739 WARN  ratis.RaftTestUtil (JavaUtils.java:attempt(158)) - FAILED "waitForLeader-null-(expectLeader? true)", attempt #74/100: java.lang.IllegalStateException: No leader yet : printing ALL groups
  s0:  RUNNING CANDIDATE s0@group-CF66ACB98618:t8, leader=null, voted=s0, raftlog=s0@group-CF66ACB98618-SegmentedRaftLog:OPENED:c-1,f-1,i0, conf=-1: [s0:0.0.0.0:32897, s1:0.0.0.0:35696, s2:0.0.0.0:35236], old=null RUNNING
  s1:  RUNNING  FOLLOWER s1@group-CF66ACB98618:t6, leader=null, voted=s0, raftlog=s1@group-CF66ACB98618-SegmentedRaftLog:OPENED:c-1,f-1,i0, conf=-1: [s0:0.0.0.0:32897, s1:0.0.0.0:35696, s2:0.0.0.0:35236], old=null RUNNING
  s2:  RUNNING CANDIDATE s2@group-CF66ACB98618:t8, leader=null, voted=s2, raftlog=s2@group-CF66ACB98618-SegmentedRaftLog:OPENED:c-1,f-1,i0, conf=-1: [s0:0.0.0.0:32897, s1:0.0.0.0:35696, s2:0.0.0.0:35236], old=null RUNNING, sleep 450ms and then retry.
java.lang.IllegalStateException: No leader yet : printing ALL groups
  s0:  RUNNING CANDIDATE s0@group-CF66ACB98618:t8, leader=null, voted=s0, raftlog=s0@group-CF66ACB98618-SegmentedRaftLog:OPENED:c-1,f-1,i0, conf=-1: [s0:0.0.0.0:32897, s1:0.0.0.0:35696, s2:0.0.0.0:35236], old=null RUNNING
  s1:  RUNNING  FOLLOWER s1@group-CF66ACB98618:t6, leader=null, voted=s0, raftlog=s1@group-CF66ACB98618-SegmentedRaftLog:OPENED:c-1,f-1,i0, conf=-1: [s0:0.0.0.0:32897, s1:0.0.0.0:35696, s2:0.0.0.0:35236], old=null RUNNING
  s2:  RUNNING CANDIDATE s2@group-CF66ACB98618:t8, leader=null, voted=s2, raftlog=s2@group-CF66ACB98618-SegmentedRaftLog:OPENED:c-1,f-1,i0, conf=-1: [s0:0.0.0.0:32897, s1:0.0.0.0:35696, s2:0.0.0.0:35236], old=null RUNNING
	at org.apache.ratis.MiniRaftCluster.newIllegalStateExceptionForNoLeaders(MiniRaftCluster.java:506)
	at org.apache.ratis.RaftTestUtil.lambda$waitForLeader$1(RaftTestUtil.java:90)
	at org.apache.ratis.MiniRaftCluster.getLeader(MiniRaftCluster.java:539)
	at org.apache.ratis.MiniRaftCluster.getLeader(MiniRaftCluster.java:532)
	at org.apache.ratis.RaftTestUtil.lambda$waitForLeader$3(RaftTestUtil.java:98)
	at org.apache.ratis.util.JavaUtils.attempt(JavaUtils.java:152)
	at org.apache.ratis.RaftTestUtil.waitForLeader(RaftTestUtil.java:97)
	at org.apache.ratis.RaftTestUtil.waitForLeader(RaftTestUtil.java:77)
	at org.apache.ratis.RaftTestUtil.waitForLeader(RaftTestUtil.java:72)
	at org.apache.ratis.server.impl.RaftReconfigurationBaseTest.lambda$testAddPeers$0(RaftReconfigurationBaseTest.java:78)
	at org.apache.ratis.MiniRaftCluster$Factory$Get.runWithNewCluster(MiniRaftCluster.java:125)
	at org.apache.ratis.MiniRaftCluster$Factory$Get.runWithNewCluster(MiniRaftCluster.java:113)
	at org.apache.ratis.server.impl.RaftReconfigurationBaseTest.testAddPeers(RaftReconfigurationBaseTest.java:77)
	at sun.reflect.NativeMethodAccessorImpl.invoke0(Native Method)
	at sun.reflect.NativeMethodAccessorImpl.invoke(NativeMethodAccessorImpl.java:62)
	at sun.reflect.DelegatingMethodAccessorImpl.invoke(DelegatingMethodAccessorImpl.java:43)
	at java.lang.reflect.Method.invoke(Method.java:498)
	at org.junit.runners.model.FrameworkMethod$1.runReflectiveCall(FrameworkMethod.java:50)
	at org.junit.internal.runners.model.ReflectiveCallable.run(ReflectiveCallable.java:12)
	at org.junit.runners.model.FrameworkMethod.invokeExplosively(FrameworkMethod.java:47)
	at org.junit.internal.runners.statements.InvokeMethod.evaluate(InvokeMethod.java:17)
	at org.junit.internal.runners.statements.RunAfters.evaluate(RunAfters.java:27)
	at org.junit.internal.runners.statements.FailOnTimeout$CallableStatement.call(FailOnTimeout.java:298)
	at org.junit.internal.runners.statements.FailOnTimeout$CallableStatement.call(FailOnTimeout.java:292)
	at java.util.concurrent.FutureTask.run(FutureTask.java:266)
	at java.lang.Thread.run(Thread.java:748)
2019-09-24 17:04:01,190 WARN  ratis.RaftTestUtil (JavaUtils.java:attempt(158)) - FAILED "waitForLeader-null-(expectLeader? true)", attempt #75/100: java.lang.IllegalStateException: No leader yet : printing ALL groups
  s0:  RUNNING CANDIDATE s0@group-CF66ACB98618:t8, leader=null, voted=s0, raftlog=s0@group-CF66ACB98618-SegmentedRaftLog:OPENED:c-1,f-1,i0, conf=-1: [s0:0.0.0.0:32897, s1:0.0.0.0:35696, s2:0.0.0.0:35236], old=null RUNNING
  s1:  RUNNING  FOLLOWER s1@group-CF66ACB98618:t6, leader=null, voted=s0, raftlog=s1@group-CF66ACB98618-SegmentedRaftLog:OPENED:c-1,f-1,i0, conf=-1: [s0:0.0.0.0:32897, s1:0.0.0.0:35696, s2:0.0.0.0:35236], old=null RUNNING
  s2:  RUNNING CANDIDATE s2@group-CF66ACB98618:t8, leader=null, voted=s2, raftlog=s2@group-CF66ACB98618-SegmentedRaftLog:OPENED:c-1,f-1,i0, conf=-1: [s0:0.0.0.0:32897, s1:0.0.0.0:35696, s2:0.0.0.0:35236], old=null RUNNING, sleep 450ms and then retry.
java.lang.IllegalStateException: No leader yet : printing ALL groups
  s0:  RUNNING CANDIDATE s0@group-CF66ACB98618:t8, leader=null, voted=s0, raftlog=s0@group-CF66ACB98618-SegmentedRaftLog:OPENED:c-1,f-1,i0, conf=-1: [s0:0.0.0.0:32897, s1:0.0.0.0:35696, s2:0.0.0.0:35236], old=null RUNNING
  s1:  RUNNING  FOLLOWER s1@group-CF66ACB98618:t6, leader=null, voted=s0, raftlog=s1@group-CF66ACB98618-SegmentedRaftLog:OPENED:c-1,f-1,i0, conf=-1: [s0:0.0.0.0:32897, s1:0.0.0.0:35696, s2:0.0.0.0:35236], old=null RUNNING
  s2:  RUNNING CANDIDATE s2@group-CF66ACB98618:t8, leader=null, voted=s2, raftlog=s2@group-CF66ACB98618-SegmentedRaftLog:OPENED:c-1,f-1,i0, conf=-1: [s0:0.0.0.0:32897, s1:0.0.0.0:35696, s2:0.0.0.0:35236], old=null RUNNING
	at org.apache.ratis.MiniRaftCluster.newIllegalStateExceptionForNoLeaders(MiniRaftCluster.java:506)
	at org.apache.ratis.RaftTestUtil.lambda$waitForLeader$1(RaftTestUtil.java:90)
	at org.apache.ratis.MiniRaftCluster.getLeader(MiniRaftCluster.java:539)
	at org.apache.ratis.MiniRaftCluster.getLeader(MiniRaftCluster.java:532)
	at org.apache.ratis.RaftTestUtil.lambda$waitForLeader$3(RaftTestUtil.java:98)
	at org.apache.ratis.util.JavaUtils.attempt(JavaUtils.java:152)
	at org.apache.ratis.RaftTestUtil.waitForLeader(RaftTestUtil.java:97)
	at org.apache.ratis.RaftTestUtil.waitForLeader(RaftTestUtil.java:77)
	at org.apache.ratis.RaftTestUtil.waitForLeader(RaftTestUtil.java:72)
	at org.apache.ratis.server.impl.RaftReconfigurationBaseTest.lambda$testAddPeers$0(RaftReconfigurationBaseTest.java:78)
	at org.apache.ratis.MiniRaftCluster$Factory$Get.runWithNewCluster(MiniRaftCluster.java:125)
	at org.apache.ratis.MiniRaftCluster$Factory$Get.runWithNewCluster(MiniRaftCluster.java:113)
	at org.apache.ratis.server.impl.RaftReconfigurationBaseTest.testAddPeers(RaftReconfigurationBaseTest.java:77)
	at sun.reflect.NativeMethodAccessorImpl.invoke0(Native Method)
	at sun.reflect.NativeMethodAccessorImpl.invoke(NativeMethodAccessorImpl.java:62)
	at sun.reflect.DelegatingMethodAccessorImpl.invoke(DelegatingMethodAccessorImpl.java:43)
	at java.lang.reflect.Method.invoke(Method.java:498)
	at org.junit.runners.model.FrameworkMethod$1.runReflectiveCall(FrameworkMethod.java:50)
	at org.junit.internal.runners.model.ReflectiveCallable.run(ReflectiveCallable.java:12)
	at org.junit.runners.model.FrameworkMethod.invokeExplosively(FrameworkMethod.java:47)
	at org.junit.internal.runners.statements.InvokeMethod.evaluate(InvokeMethod.java:17)
	at org.junit.internal.runners.statements.RunAfters.evaluate(RunAfters.java:27)
	at org.junit.internal.runners.statements.FailOnTimeout$CallableStatement.call(FailOnTimeout.java:298)
	at org.junit.internal.runners.statements.FailOnTimeout$CallableStatement.call(FailOnTimeout.java:292)
	at java.util.concurrent.FutureTask.run(FutureTask.java:266)
	at java.lang.Thread.run(Thread.java:748)
2019-09-24 17:04:01,642 WARN  ratis.RaftTestUtil (JavaUtils.java:attempt(158)) - FAILED "waitForLeader-null-(expectLeader? true)", attempt #76/100: java.lang.IllegalStateException: No leader yet : printing ALL groups
  s0:  RUNNING CANDIDATE s0@group-CF66ACB98618:t8, leader=null, voted=s0, raftlog=s0@group-CF66ACB98618-SegmentedRaftLog:OPENED:c-1,f-1,i0, conf=-1: [s0:0.0.0.0:32897, s1:0.0.0.0:35696, s2:0.0.0.0:35236], old=null RUNNING
  s1:  RUNNING  FOLLOWER s1@group-CF66ACB98618:t6, leader=null, voted=s0, raftlog=s1@group-CF66ACB98618-SegmentedRaftLog:OPENED:c-1,f-1,i0, conf=-1: [s0:0.0.0.0:32897, s1:0.0.0.0:35696, s2:0.0.0.0:35236], old=null RUNNING
  s2:  RUNNING CANDIDATE s2@group-CF66ACB98618:t8, leader=null, voted=s2, raftlog=s2@group-CF66ACB98618-SegmentedRaftLog:OPENED:c-1,f-1,i0, conf=-1: [s0:0.0.0.0:32897, s1:0.0.0.0:35696, s2:0.0.0.0:35236], old=null RUNNING, sleep 450ms and then retry.
java.lang.IllegalStateException: No leader yet : printing ALL groups
  s0:  RUNNING CANDIDATE s0@group-CF66ACB98618:t8, leader=null, voted=s0, raftlog=s0@group-CF66ACB98618-SegmentedRaftLog:OPENED:c-1,f-1,i0, conf=-1: [s0:0.0.0.0:32897, s1:0.0.0.0:35696, s2:0.0.0.0:35236], old=null RUNNING
  s1:  RUNNING  FOLLOWER s1@group-CF66ACB98618:t6, leader=null, voted=s0, raftlog=s1@group-CF66ACB98618-SegmentedRaftLog:OPENED:c-1,f-1,i0, conf=-1: [s0:0.0.0.0:32897, s1:0.0.0.0:35696, s2:0.0.0.0:35236], old=null RUNNING
  s2:  RUNNING CANDIDATE s2@group-CF66ACB98618:t8, leader=null, voted=s2, raftlog=s2@group-CF66ACB98618-SegmentedRaftLog:OPENED:c-1,f-1,i0, conf=-1: [s0:0.0.0.0:32897, s1:0.0.0.0:35696, s2:0.0.0.0:35236], old=null RUNNING
	at org.apache.ratis.MiniRaftCluster.newIllegalStateExceptionForNoLeaders(MiniRaftCluster.java:506)
	at org.apache.ratis.RaftTestUtil.lambda$waitForLeader$1(RaftTestUtil.java:90)
	at org.apache.ratis.MiniRaftCluster.getLeader(MiniRaftCluster.java:539)
	at org.apache.ratis.MiniRaftCluster.getLeader(MiniRaftCluster.java:532)
	at org.apache.ratis.RaftTestUtil.lambda$waitForLeader$3(RaftTestUtil.java:98)
	at org.apache.ratis.util.JavaUtils.attempt(JavaUtils.java:152)
	at org.apache.ratis.RaftTestUtil.waitForLeader(RaftTestUtil.java:97)
	at org.apache.ratis.RaftTestUtil.waitForLeader(RaftTestUtil.java:77)
	at org.apache.ratis.RaftTestUtil.waitForLeader(RaftTestUtil.java:72)
	at org.apache.ratis.server.impl.RaftReconfigurationBaseTest.lambda$testAddPeers$0(RaftReconfigurationBaseTest.java:78)
	at org.apache.ratis.MiniRaftCluster$Factory$Get.runWithNewCluster(MiniRaftCluster.java:125)
	at org.apache.ratis.MiniRaftCluster$Factory$Get.runWithNewCluster(MiniRaftCluster.java:113)
	at org.apache.ratis.server.impl.RaftReconfigurationBaseTest.testAddPeers(RaftReconfigurationBaseTest.java:77)
	at sun.reflect.NativeMethodAccessorImpl.invoke0(Native Method)
	at sun.reflect.NativeMethodAccessorImpl.invoke(NativeMethodAccessorImpl.java:62)
	at sun.reflect.DelegatingMethodAccessorImpl.invoke(DelegatingMethodAccessorImpl.java:43)
	at java.lang.reflect.Method.invoke(Method.java:498)
	at org.junit.runners.model.FrameworkMethod$1.runReflectiveCall(FrameworkMethod.java:50)
	at org.junit.internal.runners.model.ReflectiveCallable.run(ReflectiveCallable.java:12)
	at org.junit.runners.model.FrameworkMethod.invokeExplosively(FrameworkMethod.java:47)
	at org.junit.internal.runners.statements.InvokeMethod.evaluate(InvokeMethod.java:17)
	at org.junit.internal.runners.statements.RunAfters.evaluate(RunAfters.java:27)
	at org.junit.internal.runners.statements.FailOnTimeout$CallableStatement.call(FailOnTimeout.java:298)
	at org.junit.internal.runners.statements.FailOnTimeout$CallableStatement.call(FailOnTimeout.java:292)
	at java.util.concurrent.FutureTask.run(FutureTask.java:266)
	at java.lang.Thread.run(Thread.java:748)
2019-09-24 17:04:02,093 WARN  ratis.RaftTestUtil (JavaUtils.java:attempt(158)) - FAILED "waitForLeader-null-(expectLeader? true)", attempt #77/100: java.lang.IllegalStateException: No leader yet : printing ALL groups
  s0:  RUNNING CANDIDATE s0@group-CF66ACB98618:t8, leader=null, voted=s0, raftlog=s0@group-CF66ACB98618-SegmentedRaftLog:OPENED:c-1,f-1,i0, conf=-1: [s0:0.0.0.0:32897, s1:0.0.0.0:35696, s2:0.0.0.0:35236], old=null RUNNING
  s1:  RUNNING  FOLLOWER s1@group-CF66ACB98618:t6, leader=null, voted=s0, raftlog=s1@group-CF66ACB98618-SegmentedRaftLog:OPENED:c-1,f-1,i0, conf=-1: [s0:0.0.0.0:32897, s1:0.0.0.0:35696, s2:0.0.0.0:35236], old=null RUNNING
  s2:  RUNNING CANDIDATE s2@group-CF66ACB98618:t8, leader=null, voted=s2, raftlog=s2@group-CF66ACB98618-SegmentedRaftLog:OPENED:c-1,f-1,i0, conf=-1: [s0:0.0.0.0:32897, s1:0.0.0.0:35696, s2:0.0.0.0:35236], old=null RUNNING, sleep 450ms and then retry.
java.lang.IllegalStateException: No leader yet : printing ALL groups
  s0:  RUNNING CANDIDATE s0@group-CF66ACB98618:t8, leader=null, voted=s0, raftlog=s0@group-CF66ACB98618-SegmentedRaftLog:OPENED:c-1,f-1,i0, conf=-1: [s0:0.0.0.0:32897, s1:0.0.0.0:35696, s2:0.0.0.0:35236], old=null RUNNING
  s1:  RUNNING  FOLLOWER s1@group-CF66ACB98618:t6, leader=null, voted=s0, raftlog=s1@group-CF66ACB98618-SegmentedRaftLog:OPENED:c-1,f-1,i0, conf=-1: [s0:0.0.0.0:32897, s1:0.0.0.0:35696, s2:0.0.0.0:35236], old=null RUNNING
  s2:  RUNNING CANDIDATE s2@group-CF66ACB98618:t8, leader=null, voted=s2, raftlog=s2@group-CF66ACB98618-SegmentedRaftLog:OPENED:c-1,f-1,i0, conf=-1: [s0:0.0.0.0:32897, s1:0.0.0.0:35696, s2:0.0.0.0:35236], old=null RUNNING
	at org.apache.ratis.MiniRaftCluster.newIllegalStateExceptionForNoLeaders(MiniRaftCluster.java:506)
	at org.apache.ratis.RaftTestUtil.lambda$waitForLeader$1(RaftTestUtil.java:90)
	at org.apache.ratis.MiniRaftCluster.getLeader(MiniRaftCluster.java:539)
	at org.apache.ratis.MiniRaftCluster.getLeader(MiniRaftCluster.java:532)
	at org.apache.ratis.RaftTestUtil.lambda$waitForLeader$3(RaftTestUtil.java:98)
	at org.apache.ratis.util.JavaUtils.attempt(JavaUtils.java:152)
	at org.apache.ratis.RaftTestUtil.waitForLeader(RaftTestUtil.java:97)
	at org.apache.ratis.RaftTestUtil.waitForLeader(RaftTestUtil.java:77)
	at org.apache.ratis.RaftTestUtil.waitForLeader(RaftTestUtil.java:72)
	at org.apache.ratis.server.impl.RaftReconfigurationBaseTest.lambda$testAddPeers$0(RaftReconfigurationBaseTest.java:78)
	at org.apache.ratis.MiniRaftCluster$Factory$Get.runWithNewCluster(MiniRaftCluster.java:125)
	at org.apache.ratis.MiniRaftCluster$Factory$Get.runWithNewCluster(MiniRaftCluster.java:113)
	at org.apache.ratis.server.impl.RaftReconfigurationBaseTest.testAddPeers(RaftReconfigurationBaseTest.java:77)
	at sun.reflect.NativeMethodAccessorImpl.invoke0(Native Method)
	at sun.reflect.NativeMethodAccessorImpl.invoke(NativeMethodAccessorImpl.java:62)
	at sun.reflect.DelegatingMethodAccessorImpl.invoke(DelegatingMethodAccessorImpl.java:43)
	at java.lang.reflect.Method.invoke(Method.java:498)
	at org.junit.runners.model.FrameworkMethod$1.runReflectiveCall(FrameworkMethod.java:50)
	at org.junit.internal.runners.model.ReflectiveCallable.run(ReflectiveCallable.java:12)
	at org.junit.runners.model.FrameworkMethod.invokeExplosively(FrameworkMethod.java:47)
	at org.junit.internal.runners.statements.InvokeMethod.evaluate(InvokeMethod.java:17)
	at org.junit.internal.runners.statements.RunAfters.evaluate(RunAfters.java:27)
	at org.junit.internal.runners.statements.FailOnTimeout$CallableStatement.call(FailOnTimeout.java:298)
	at org.junit.internal.runners.statements.FailOnTimeout$CallableStatement.call(FailOnTimeout.java:292)
	at java.util.concurrent.FutureTask.run(FutureTask.java:266)
	at java.lang.Thread.run(Thread.java:748)
2019-09-24 17:04:02,337 INFO  impl.LeaderElection (LeaderElection.java:askForVotes(178)) - s2@group-CF66ACB98618-LeaderElection163: begin an election at term 8 for -1: [s0:0.0.0.0:32897, s1:0.0.0.0:35696, s2:0.0.0.0:35236], old=null
2019-09-24 17:04:02,337 INFO  impl.LeaderElection (LeaderElection.java:askForVotes(178)) - s0@group-CF66ACB98618-LeaderElection167: begin an election at term 8 for -1: [s0:0.0.0.0:32897, s1:0.0.0.0:35696, s2:0.0.0.0:35236], old=null
2019-09-24 17:04:02,337 DEBUG impl.RaftServerImpl (RaftServerImpl.java:requestVote(775)) - s1@group-CF66ACB98618 replies to vote request: s0<-s1#0:OK-t6. Peer's state: s1@group-CF66ACB98618:t6, leader=null, voted=s0, raftlog=s1@group-CF66ACB98618-SegmentedRaftLog:OPENED:c-1,f-1,i0, conf=-1: [s0:0.0.0.0:32897, s1:0.0.0.0:35696, s2:0.0.0.0:35236], old=null
2019-09-24 17:04:02,338 INFO  impl.FollowerState (FollowerState.java:run(108)) - s1@group-CF66ACB98618-FollowerState: change to CANDIDATE, lastRpcTime:10211ms, electionTimeout:290ms
2019-09-24 17:04:02,338 INFO  impl.RoleInfo (RoleInfo.java:shutdownFollowerState(121)) - s1: shutdown FollowerState
2019-09-24 17:04:02,338 DEBUG impl.RaftServerImpl (RaftServerImpl.java:requestVote(743)) - s1@group-CF66ACB98618: receive requestVote(s0, group-CF66ACB98618, 8, (t:0, i:0))
2019-09-24 17:04:02,338 DEBUG impl.RaftServerImpl (RaftServerImpl.java:requestVote(743)) - s0@group-CF66ACB98618: receive requestVote(s2, group-CF66ACB98618, 8, (t:0, i:0))
2019-09-24 17:04:02,338 DEBUG impl.RaftServerImpl (RaftServerImpl.java:requestVote(743)) - s2@group-CF66ACB98618: receive requestVote(s0, group-CF66ACB98618, 8, (t:0, i:0))
2019-09-24 17:04:02,338 INFO  impl.RaftServerImpl (RaftServerImpl.java:setRole(170)) - s1@group-CF66ACB98618: changes role from  FOLLOWER to CANDIDATE at term 6 for changeToCandidate
2019-09-24 17:04:02,339 DEBUG impl.RaftServerImpl (RaftServerImpl.java:requestVote(775)) - s2@group-CF66ACB98618 replies to vote request: s0<-s2#0:FAIL-t8. Peer's state: s2@group-CF66ACB98618:t8, leader=null, voted=s2, raftlog=s2@group-CF66ACB98618-SegmentedRaftLog:OPENED:c-1,f-1,i0, conf=-1: [s0:0.0.0.0:32897, s1:0.0.0.0:35696, s2:0.0.0.0:35236], old=null
2019-09-24 17:04:02,339 DEBUG impl.RaftServerImpl (RaftServerImpl.java:requestVote(775)) - s0@group-CF66ACB98618 replies to vote request: s2<-s0#0:FAIL-t8. Peer's state: s0@group-CF66ACB98618:t8, leader=null, voted=s0, raftlog=s0@group-CF66ACB98618-SegmentedRaftLog:OPENED:c-1,f-1,i0, conf=-1: [s0:0.0.0.0:32897, s1:0.0.0.0:35696, s2:0.0.0.0:35236], old=null
2019-09-24 17:04:02,339 INFO  impl.RoleInfo (RoleInfo.java:updateAndGet(143)) - s1: start LeaderElection
2019-09-24 17:04:02,340 INFO  impl.RaftServerImpl (RaftServerImpl.java:setRole(170)) - s1@group-CF66ACB98618: changes role from CANDIDATE to FOLLOWER at term 7 for recognizeCandidate:s2
2019-09-24 17:04:02,340 INFO  impl.RoleInfo (RoleInfo.java:shutdownLeaderElection(134)) - s1: shutdown LeaderElection
2019-09-24 17:04:02,340 INFO  impl.RoleInfo (RoleInfo.java:updateAndGet(143)) - s1: start FollowerState
2019-09-24 17:04:02,520 INFO  impl.LeaderElection (LeaderElection.java:logAndReturn(56)) - s0@group-CF66ACB98618-LeaderElection167: Election TIMEOUT; received 1 response(s) [s0<-s2#0:FAIL-t8] and 0 exception(s); s0@group-CF66ACB98618:t8, leader=null, voted=s0, raftlog=s0@group-CF66ACB98618-SegmentedRaftLog:OPENED:c-1,f-1,i0, conf=-1: [s0:0.0.0.0:32897, s1:0.0.0.0:35696, s2:0.0.0.0:35236], old=null
2019-09-24 17:04:02,544 WARN  ratis.RaftTestUtil (JavaUtils.java:attempt(158)) - FAILED "waitForLeader-null-(expectLeader? true)", attempt #78/100: java.lang.IllegalStateException: No leader yet : printing ALL groups
  s0:  RUNNING CANDIDATE s0@group-CF66ACB98618:t9, leader=null, voted=s0, raftlog=s0@group-CF66ACB98618-SegmentedRaftLog:OPENED:c-1,f-1,i0, conf=-1: [s0:0.0.0.0:32897, s1:0.0.0.0:35696, s2:0.0.0.0:35236], old=null RUNNING
  s1:  RUNNING  FOLLOWER s1@group-CF66ACB98618:t7, leader=null, voted=null, raftlog=s1@group-CF66ACB98618-SegmentedRaftLog:OPENED:c-1,f-1,i0, conf=-1: [s0:0.0.0.0:32897, s1:0.0.0.0:35696, s2:0.0.0.0:35236], old=null RUNNING
  s2:  RUNNING CANDIDATE s2@group-CF66ACB98618:t8, leader=null, voted=s2, raftlog=s2@group-CF66ACB98618-SegmentedRaftLog:OPENED:c-1,f-1,i0, conf=-1: [s0:0.0.0.0:32897, s1:0.0.0.0:35696, s2:0.0.0.0:35236], old=null RUNNING, sleep 450ms and then retry.
java.lang.IllegalStateException: No leader yet : printing ALL groups
  s0:  RUNNING CANDIDATE s0@group-CF66ACB98618:t9, leader=null, voted=s0, raftlog=s0@group-CF66ACB98618-SegmentedRaftLog:OPENED:c-1,f-1,i0, conf=-1: [s0:0.0.0.0:32897, s1:0.0.0.0:35696, s2:0.0.0.0:35236], old=null RUNNING
  s1:  RUNNING  FOLLOWER s1@group-CF66ACB98618:t7, leader=null, voted=null, raftlog=s1@group-CF66ACB98618-SegmentedRaftLog:OPENED:c-1,f-1,i0, conf=-1: [s0:0.0.0.0:32897, s1:0.0.0.0:35696, s2:0.0.0.0:35236], old=null RUNNING
  s2:  RUNNING CANDIDATE s2@group-CF66ACB98618:t8, leader=null, voted=s2, raftlog=s2@group-CF66ACB98618-SegmentedRaftLog:OPENED:c-1,f-1,i0, conf=-1: [s0:0.0.0.0:32897, s1:0.0.0.0:35696, s2:0.0.0.0:35236], old=null RUNNING
	at org.apache.ratis.MiniRaftCluster.newIllegalStateExceptionForNoLeaders(MiniRaftCluster.java:506)
	at org.apache.ratis.RaftTestUtil.lambda$waitForLeader$1(RaftTestUtil.java:90)
	at org.apache.ratis.MiniRaftCluster.getLeader(MiniRaftCluster.java:539)
	at org.apache.ratis.MiniRaftCluster.getLeader(MiniRaftCluster.java:532)
	at org.apache.ratis.RaftTestUtil.lambda$waitForLeader$3(RaftTestUtil.java:98)
	at org.apache.ratis.util.JavaUtils.attempt(JavaUtils.java:152)
	at org.apache.ratis.RaftTestUtil.waitForLeader(RaftTestUtil.java:97)
	at org.apache.ratis.RaftTestUtil.waitForLeader(RaftTestUtil.java:77)
	at org.apache.ratis.RaftTestUtil.waitForLeader(RaftTestUtil.java:72)
	at org.apache.ratis.server.impl.RaftReconfigurationBaseTest.lambda$testAddPeers$0(RaftReconfigurationBaseTest.java:78)
	at org.apache.ratis.MiniRaftCluster$Factory$Get.runWithNewCluster(MiniRaftCluster.java:125)
	at org.apache.ratis.MiniRaftCluster$Factory$Get.runWithNewCluster(MiniRaftCluster.java:113)
	at org.apache.ratis.server.impl.RaftReconfigurationBaseTest.testAddPeers(RaftReconfigurationBaseTest.java:77)
	at sun.reflect.NativeMethodAccessorImpl.invoke0(Native Method)
	at sun.reflect.NativeMethodAccessorImpl.invoke(NativeMethodAccessorImpl.java:62)
	at sun.reflect.DelegatingMethodAccessorImpl.invoke(DelegatingMethodAccessorImpl.java:43)
	at java.lang.reflect.Method.invoke(Method.java:498)
	at org.junit.runners.model.FrameworkMethod$1.runReflectiveCall(FrameworkMethod.java:50)
	at org.junit.internal.runners.model.ReflectiveCallable.run(ReflectiveCallable.java:12)
	at org.junit.runners.model.FrameworkMethod.invokeExplosively(FrameworkMethod.java:47)
	at org.junit.internal.runners.statements.InvokeMethod.evaluate(InvokeMethod.java:17)
	at org.junit.internal.runners.statements.RunAfters.evaluate(RunAfters.java:27)
	at org.junit.internal.runners.statements.FailOnTimeout$CallableStatement.call(FailOnTimeout.java:298)
	at org.junit.internal.runners.statements.FailOnTimeout$CallableStatement.call(FailOnTimeout.java:292)
	at java.util.concurrent.FutureTask.run(FutureTask.java:266)
	at java.lang.Thread.run(Thread.java:748)
2019-09-24 17:04:02,582 INFO  impl.LeaderElection (LeaderElection.java:logAndReturn(56)) - s2@group-CF66ACB98618-LeaderElection163: Election TIMEOUT; received 1 response(s) [s2<-s0#0:FAIL-t8] and 0 exception(s); s2@group-CF66ACB98618:t8, leader=null, voted=s2, raftlog=s2@group-CF66ACB98618-SegmentedRaftLog:OPENED:c-1,f-1,i0, conf=-1: [s0:0.0.0.0:32897, s1:0.0.0.0:35696, s2:0.0.0.0:35236], old=null
2019-09-24 17:04:02,995 WARN  ratis.RaftTestUtil (JavaUtils.java:attempt(158)) - FAILED "waitForLeader-null-(expectLeader? true)", attempt #79/100: java.lang.IllegalStateException: No leader yet : printing ALL groups
  s0:  RUNNING CANDIDATE s0@group-CF66ACB98618:t9, leader=null, voted=s0, raftlog=s0@group-CF66ACB98618-SegmentedRaftLog:OPENED:c-1,f-1,i0, conf=-1: [s0:0.0.0.0:32897, s1:0.0.0.0:35696, s2:0.0.0.0:35236], old=null RUNNING
  s1:  RUNNING  FOLLOWER s1@group-CF66ACB98618:t7, leader=null, voted=null, raftlog=s1@group-CF66ACB98618-SegmentedRaftLog:OPENED:c-1,f-1,i0, conf=-1: [s0:0.0.0.0:32897, s1:0.0.0.0:35696, s2:0.0.0.0:35236], old=null RUNNING
  s2:  RUNNING CANDIDATE s2@group-CF66ACB98618:t9, leader=null, voted=s2, raftlog=s2@group-CF66ACB98618-SegmentedRaftLog:OPENED:c-1,f-1,i0, conf=-1: [s0:0.0.0.0:32897, s1:0.0.0.0:35696, s2:0.0.0.0:35236], old=null RUNNING, sleep 450ms and then retry.
java.lang.IllegalStateException: No leader yet : printing ALL groups
  s0:  RUNNING CANDIDATE s0@group-CF66ACB98618:t9, leader=null, voted=s0, raftlog=s0@group-CF66ACB98618-SegmentedRaftLog:OPENED:c-1,f-1,i0, conf=-1: [s0:0.0.0.0:32897, s1:0.0.0.0:35696, s2:0.0.0.0:35236], old=null RUNNING
  s1:  RUNNING  FOLLOWER s1@group-CF66ACB98618:t7, leader=null, voted=null, raftlog=s1@group-CF66ACB98618-SegmentedRaftLog:OPENED:c-1,f-1,i0, conf=-1: [s0:0.0.0.0:32897, s1:0.0.0.0:35696, s2:0.0.0.0:35236], old=null RUNNING
  s2:  RUNNING CANDIDATE s2@group-CF66ACB98618:t9, leader=null, voted=s2, raftlog=s2@group-CF66ACB98618-SegmentedRaftLog:OPENED:c-1,f-1,i0, conf=-1: [s0:0.0.0.0:32897, s1:0.0.0.0:35696, s2:0.0.0.0:35236], old=null RUNNING
	at org.apache.ratis.MiniRaftCluster.newIllegalStateExceptionForNoLeaders(MiniRaftCluster.java:506)
	at org.apache.ratis.RaftTestUtil.lambda$waitForLeader$1(RaftTestUtil.java:90)
	at org.apache.ratis.MiniRaftCluster.getLeader(MiniRaftCluster.java:539)
	at org.apache.ratis.MiniRaftCluster.getLeader(MiniRaftCluster.java:532)
	at org.apache.ratis.RaftTestUtil.lambda$waitForLeader$3(RaftTestUtil.java:98)
	at org.apache.ratis.util.JavaUtils.attempt(JavaUtils.java:152)
	at org.apache.ratis.RaftTestUtil.waitForLeader(RaftTestUtil.java:97)
	at org.apache.ratis.RaftTestUtil.waitForLeader(RaftTestUtil.java:77)
	at org.apache.ratis.RaftTestUtil.waitForLeader(RaftTestUtil.java:72)
	at org.apache.ratis.server.impl.RaftReconfigurationBaseTest.lambda$testAddPeers$0(RaftReconfigurationBaseTest.java:78)
	at org.apache.ratis.MiniRaftCluster$Factory$Get.runWithNewCluster(MiniRaftCluster.java:125)
	at org.apache.ratis.MiniRaftCluster$Factory$Get.runWithNewCluster(MiniRaftCluster.java:113)
	at org.apache.ratis.server.impl.RaftReconfigurationBaseTest.testAddPeers(RaftReconfigurationBaseTest.java:77)
	at sun.reflect.NativeMethodAccessorImpl.invoke0(Native Method)
	at sun.reflect.NativeMethodAccessorImpl.invoke(NativeMethodAccessorImpl.java:62)
	at sun.reflect.DelegatingMethodAccessorImpl.invoke(DelegatingMethodAccessorImpl.java:43)
	at java.lang.reflect.Method.invoke(Method.java:498)
	at org.junit.runners.model.FrameworkMethod$1.runReflectiveCall(FrameworkMethod.java:50)
	at org.junit.internal.runners.model.ReflectiveCallable.run(ReflectiveCallable.java:12)
	at org.junit.runners.model.FrameworkMethod.invokeExplosively(FrameworkMethod.java:47)
	at org.junit.internal.runners.statements.InvokeMethod.evaluate(InvokeMethod.java:17)
	at org.junit.internal.runners.statements.RunAfters.evaluate(RunAfters.java:27)
	at org.junit.internal.runners.statements.FailOnTimeout$CallableStatement.call(FailOnTimeout.java:298)
	at org.junit.internal.runners.statements.FailOnTimeout$CallableStatement.call(FailOnTimeout.java:292)
	at java.util.concurrent.FutureTask.run(FutureTask.java:266)
	at java.lang.Thread.run(Thread.java:748)
2019-09-24 17:04:03,446 WARN  ratis.RaftTestUtil (JavaUtils.java:attempt(158)) - FAILED "waitForLeader-null-(expectLeader? true)", attempt #80/100: java.lang.IllegalStateException: No leader yet : printing ALL groups
  s0:  RUNNING CANDIDATE s0@group-CF66ACB98618:t9, leader=null, voted=s0, raftlog=s0@group-CF66ACB98618-SegmentedRaftLog:OPENED:c-1,f-1,i0, conf=-1: [s0:0.0.0.0:32897, s1:0.0.0.0:35696, s2:0.0.0.0:35236], old=null RUNNING
  s1:  RUNNING  FOLLOWER s1@group-CF66ACB98618:t7, leader=null, voted=null, raftlog=s1@group-CF66ACB98618-SegmentedRaftLog:OPENED:c-1,f-1,i0, conf=-1: [s0:0.0.0.0:32897, s1:0.0.0.0:35696, s2:0.0.0.0:35236], old=null RUNNING
  s2:  RUNNING CANDIDATE s2@group-CF66ACB98618:t9, leader=null, voted=s2, raftlog=s2@group-CF66ACB98618-SegmentedRaftLog:OPENED:c-1,f-1,i0, conf=-1: [s0:0.0.0.0:32897, s1:0.0.0.0:35696, s2:0.0.0.0:35236], old=null RUNNING, sleep 450ms and then retry.
java.lang.IllegalStateException: No leader yet : printing ALL groups
  s0:  RUNNING CANDIDATE s0@group-CF66ACB98618:t9, leader=null, voted=s0, raftlog=s0@group-CF66ACB98618-SegmentedRaftLog:OPENED:c-1,f-1,i0, conf=-1: [s0:0.0.0.0:32897, s1:0.0.0.0:35696, s2:0.0.0.0:35236], old=null RUNNING
  s1:  RUNNING  FOLLOWER s1@group-CF66ACB98618:t7, leader=null, voted=null, raftlog=s1@group-CF66ACB98618-SegmentedRaftLog:OPENED:c-1,f-1,i0, conf=-1: [s0:0.0.0.0:32897, s1:0.0.0.0:35696, s2:0.0.0.0:35236], old=null RUNNING
  s2:  RUNNING CANDIDATE s2@group-CF66ACB98618:t9, leader=null, voted=s2, raftlog=s2@group-CF66ACB98618-SegmentedRaftLog:OPENED:c-1,f-1,i0, conf=-1: [s0:0.0.0.0:32897, s1:0.0.0.0:35696, s2:0.0.0.0:35236], old=null RUNNING
	at org.apache.ratis.MiniRaftCluster.newIllegalStateExceptionForNoLeaders(MiniRaftCluster.java:506)
	at org.apache.ratis.RaftTestUtil.lambda$waitForLeader$1(RaftTestUtil.java:90)
	at org.apache.ratis.MiniRaftCluster.getLeader(MiniRaftCluster.java:539)
	at org.apache.ratis.MiniRaftCluster.getLeader(MiniRaftCluster.java:532)
	at org.apache.ratis.RaftTestUtil.lambda$waitForLeader$3(RaftTestUtil.java:98)
	at org.apache.ratis.util.JavaUtils.attempt(JavaUtils.java:152)
	at org.apache.ratis.RaftTestUtil.waitForLeader(RaftTestUtil.java:97)
	at org.apache.ratis.RaftTestUtil.waitForLeader(RaftTestUtil.java:77)
	at org.apache.ratis.RaftTestUtil.waitForLeader(RaftTestUtil.java:72)
	at org.apache.ratis.server.impl.RaftReconfigurationBaseTest.lambda$testAddPeers$0(RaftReconfigurationBaseTest.java:78)
	at org.apache.ratis.MiniRaftCluster$Factory$Get.runWithNewCluster(MiniRaftCluster.java:125)
	at org.apache.ratis.MiniRaftCluster$Factory$Get.runWithNewCluster(MiniRaftCluster.java:113)
	at org.apache.ratis.server.impl.RaftReconfigurationBaseTest.testAddPeers(RaftReconfigurationBaseTest.java:77)
	at sun.reflect.NativeMethodAccessorImpl.invoke0(Native Method)
	at sun.reflect.NativeMethodAccessorImpl.invoke(NativeMethodAccessorImpl.java:62)
	at sun.reflect.DelegatingMethodAccessorImpl.invoke(DelegatingMethodAccessorImpl.java:43)
	at java.lang.reflect.Method.invoke(Method.java:498)
	at org.junit.runners.model.FrameworkMethod$1.runReflectiveCall(FrameworkMethod.java:50)
	at org.junit.internal.runners.model.ReflectiveCallable.run(ReflectiveCallable.java:12)
	at org.junit.runners.model.FrameworkMethod.invokeExplosively(FrameworkMethod.java:47)
	at org.junit.internal.runners.statements.InvokeMethod.evaluate(InvokeMethod.java:17)
	at org.junit.internal.runners.statements.RunAfters.evaluate(RunAfters.java:27)
	at org.junit.internal.runners.statements.FailOnTimeout$CallableStatement.call(FailOnTimeout.java:298)
	at org.junit.internal.runners.statements.FailOnTimeout$CallableStatement.call(FailOnTimeout.java:292)
	at java.util.concurrent.FutureTask.run(FutureTask.java:266)
	at java.lang.Thread.run(Thread.java:748)
2019-09-24 17:04:03,897 WARN  ratis.RaftTestUtil (JavaUtils.java:attempt(158)) - FAILED "waitForLeader-null-(expectLeader? true)", attempt #81/100: java.lang.IllegalStateException: No leader yet : printing ALL groups
  s0:  RUNNING CANDIDATE s0@group-CF66ACB98618:t9, leader=null, voted=s0, raftlog=s0@group-CF66ACB98618-SegmentedRaftLog:OPENED:c-1,f-1,i0, conf=-1: [s0:0.0.0.0:32897, s1:0.0.0.0:35696, s2:0.0.0.0:35236], old=null RUNNING
  s1:  RUNNING  FOLLOWER s1@group-CF66ACB98618:t7, leader=null, voted=null, raftlog=s1@group-CF66ACB98618-SegmentedRaftLog:OPENED:c-1,f-1,i0, conf=-1: [s0:0.0.0.0:32897, s1:0.0.0.0:35696, s2:0.0.0.0:35236], old=null RUNNING
  s2:  RUNNING CANDIDATE s2@group-CF66ACB98618:t9, leader=null, voted=s2, raftlog=s2@group-CF66ACB98618-SegmentedRaftLog:OPENED:c-1,f-1,i0, conf=-1: [s0:0.0.0.0:32897, s1:0.0.0.0:35696, s2:0.0.0.0:35236], old=null RUNNING, sleep 450ms and then retry.
java.lang.IllegalStateException: No leader yet : printing ALL groups
  s0:  RUNNING CANDIDATE s0@group-CF66ACB98618:t9, leader=null, voted=s0, raftlog=s0@group-CF66ACB98618-SegmentedRaftLog:OPENED:c-1,f-1,i0, conf=-1: [s0:0.0.0.0:32897, s1:0.0.0.0:35696, s2:0.0.0.0:35236], old=null RUNNING
  s1:  RUNNING  FOLLOWER s1@group-CF66ACB98618:t7, leader=null, voted=null, raftlog=s1@group-CF66ACB98618-SegmentedRaftLog:OPENED:c-1,f-1,i0, conf=-1: [s0:0.0.0.0:32897, s1:0.0.0.0:35696, s2:0.0.0.0:35236], old=null RUNNING
  s2:  RUNNING CANDIDATE s2@group-CF66ACB98618:t9, leader=null, voted=s2, raftlog=s2@group-CF66ACB98618-SegmentedRaftLog:OPENED:c-1,f-1,i0, conf=-1: [s0:0.0.0.0:32897, s1:0.0.0.0:35696, s2:0.0.0.0:35236], old=null RUNNING
	at org.apache.ratis.MiniRaftCluster.newIllegalStateExceptionForNoLeaders(MiniRaftCluster.java:506)
	at org.apache.ratis.RaftTestUtil.lambda$waitForLeader$1(RaftTestUtil.java:90)
	at org.apache.ratis.MiniRaftCluster.getLeader(MiniRaftCluster.java:539)
	at org.apache.ratis.MiniRaftCluster.getLeader(MiniRaftCluster.java:532)
	at org.apache.ratis.RaftTestUtil.lambda$waitForLeader$3(RaftTestUtil.java:98)
	at org.apache.ratis.util.JavaUtils.attempt(JavaUtils.java:152)
	at org.apache.ratis.RaftTestUtil.waitForLeader(RaftTestUtil.java:97)
	at org.apache.ratis.RaftTestUtil.waitForLeader(RaftTestUtil.java:77)
	at org.apache.ratis.RaftTestUtil.waitForLeader(RaftTestUtil.java:72)
	at org.apache.ratis.server.impl.RaftReconfigurationBaseTest.lambda$testAddPeers$0(RaftReconfigurationBaseTest.java:78)
	at org.apache.ratis.MiniRaftCluster$Factory$Get.runWithNewCluster(MiniRaftCluster.java:125)
	at org.apache.ratis.MiniRaftCluster$Factory$Get.runWithNewCluster(MiniRaftCluster.java:113)
	at org.apache.ratis.server.impl.RaftReconfigurationBaseTest.testAddPeers(RaftReconfigurationBaseTest.java:77)
	at sun.reflect.NativeMethodAccessorImpl.invoke0(Native Method)
	at sun.reflect.NativeMethodAccessorImpl.invoke(NativeMethodAccessorImpl.java:62)
	at sun.reflect.DelegatingMethodAccessorImpl.invoke(DelegatingMethodAccessorImpl.java:43)
	at java.lang.reflect.Method.invoke(Method.java:498)
	at org.junit.runners.model.FrameworkMethod$1.runReflectiveCall(FrameworkMethod.java:50)
	at org.junit.internal.runners.model.ReflectiveCallable.run(ReflectiveCallable.java:12)
	at org.junit.runners.model.FrameworkMethod.invokeExplosively(FrameworkMethod.java:47)
	at org.junit.internal.runners.statements.InvokeMethod.evaluate(InvokeMethod.java:17)
	at org.junit.internal.runners.statements.RunAfters.evaluate(RunAfters.java:27)
	at org.junit.internal.runners.statements.FailOnTimeout$CallableStatement.call(FailOnTimeout.java:298)
	at org.junit.internal.runners.statements.FailOnTimeout$CallableStatement.call(FailOnTimeout.java:292)
	at java.util.concurrent.FutureTask.run(FutureTask.java:266)
	at java.lang.Thread.run(Thread.java:748)
2019-09-24 17:04:04,348 WARN  ratis.RaftTestUtil (JavaUtils.java:attempt(158)) - FAILED "waitForLeader-null-(expectLeader? true)", attempt #82/100: java.lang.IllegalStateException: No leader yet : printing ALL groups
  s0:  RUNNING CANDIDATE s0@group-CF66ACB98618:t9, leader=null, voted=s0, raftlog=s0@group-CF66ACB98618-SegmentedRaftLog:OPENED:c-1,f-1,i0, conf=-1: [s0:0.0.0.0:32897, s1:0.0.0.0:35696, s2:0.0.0.0:35236], old=null RUNNING
  s1:  RUNNING  FOLLOWER s1@group-CF66ACB98618:t7, leader=null, voted=null, raftlog=s1@group-CF66ACB98618-SegmentedRaftLog:OPENED:c-1,f-1,i0, conf=-1: [s0:0.0.0.0:32897, s1:0.0.0.0:35696, s2:0.0.0.0:35236], old=null RUNNING
  s2:  RUNNING CANDIDATE s2@group-CF66ACB98618:t9, leader=null, voted=s2, raftlog=s2@group-CF66ACB98618-SegmentedRaftLog:OPENED:c-1,f-1,i0, conf=-1: [s0:0.0.0.0:32897, s1:0.0.0.0:35696, s2:0.0.0.0:35236], old=null RUNNING, sleep 450ms and then retry.
java.lang.IllegalStateException: No leader yet : printing ALL groups
  s0:  RUNNING CANDIDATE s0@group-CF66ACB98618:t9, leader=null, voted=s0, raftlog=s0@group-CF66ACB98618-SegmentedRaftLog:OPENED:c-1,f-1,i0, conf=-1: [s0:0.0.0.0:32897, s1:0.0.0.0:35696, s2:0.0.0.0:35236], old=null RUNNING
  s1:  RUNNING  FOLLOWER s1@group-CF66ACB98618:t7, leader=null, voted=null, raftlog=s1@group-CF66ACB98618-SegmentedRaftLog:OPENED:c-1,f-1,i0, conf=-1: [s0:0.0.0.0:32897, s1:0.0.0.0:35696, s2:0.0.0.0:35236], old=null RUNNING
  s2:  RUNNING CANDIDATE s2@group-CF66ACB98618:t9, leader=null, voted=s2, raftlog=s2@group-CF66ACB98618-SegmentedRaftLog:OPENED:c-1,f-1,i0, conf=-1: [s0:0.0.0.0:32897, s1:0.0.0.0:35696, s2:0.0.0.0:35236], old=null RUNNING
	at org.apache.ratis.MiniRaftCluster.newIllegalStateExceptionForNoLeaders(MiniRaftCluster.java:506)
	at org.apache.ratis.RaftTestUtil.lambda$waitForLeader$1(RaftTestUtil.java:90)
	at org.apache.ratis.MiniRaftCluster.getLeader(MiniRaftCluster.java:539)
	at org.apache.ratis.MiniRaftCluster.getLeader(MiniRaftCluster.java:532)
	at org.apache.ratis.RaftTestUtil.lambda$waitForLeader$3(RaftTestUtil.java:98)
	at org.apache.ratis.util.JavaUtils.attempt(JavaUtils.java:152)
	at org.apache.ratis.RaftTestUtil.waitForLeader(RaftTestUtil.java:97)
	at org.apache.ratis.RaftTestUtil.waitForLeader(RaftTestUtil.java:77)
	at org.apache.ratis.RaftTestUtil.waitForLeader(RaftTestUtil.java:72)
	at org.apache.ratis.server.impl.RaftReconfigurationBaseTest.lambda$testAddPeers$0(RaftReconfigurationBaseTest.java:78)
	at org.apache.ratis.MiniRaftCluster$Factory$Get.runWithNewCluster(MiniRaftCluster.java:125)
	at org.apache.ratis.MiniRaftCluster$Factory$Get.runWithNewCluster(MiniRaftCluster.java:113)
	at org.apache.ratis.server.impl.RaftReconfigurationBaseTest.testAddPeers(RaftReconfigurationBaseTest.java:77)
	at sun.reflect.NativeMethodAccessorImpl.invoke0(Native Method)
	at sun.reflect.NativeMethodAccessorImpl.invoke(NativeMethodAccessorImpl.java:62)
	at sun.reflect.DelegatingMethodAccessorImpl.invoke(DelegatingMethodAccessorImpl.java:43)
	at java.lang.reflect.Method.invoke(Method.java:498)
	at org.junit.runners.model.FrameworkMethod$1.runReflectiveCall(FrameworkMethod.java:50)
	at org.junit.internal.runners.model.ReflectiveCallable.run(ReflectiveCallable.java:12)
	at org.junit.runners.model.FrameworkMethod.invokeExplosively(FrameworkMethod.java:47)
	at org.junit.internal.runners.statements.InvokeMethod.evaluate(InvokeMethod.java:17)
	at org.junit.internal.runners.statements.RunAfters.evaluate(RunAfters.java:27)
	at org.junit.internal.runners.statements.FailOnTimeout$CallableStatement.call(FailOnTimeout.java:298)
	at org.junit.internal.runners.statements.FailOnTimeout$CallableStatement.call(FailOnTimeout.java:292)
	at java.util.concurrent.FutureTask.run(FutureTask.java:266)
	at java.lang.Thread.run(Thread.java:748)
2019-09-24 17:04:04,800 WARN  ratis.RaftTestUtil (JavaUtils.java:attempt(158)) - FAILED "waitForLeader-null-(expectLeader? true)", attempt #83/100: java.lang.IllegalStateException: No leader yet : printing ALL groups
  s0:  RUNNING CANDIDATE s0@group-CF66ACB98618:t9, leader=null, voted=s0, raftlog=s0@group-CF66ACB98618-SegmentedRaftLog:OPENED:c-1,f-1,i0, conf=-1: [s0:0.0.0.0:32897, s1:0.0.0.0:35696, s2:0.0.0.0:35236], old=null RUNNING
  s1:  RUNNING  FOLLOWER s1@group-CF66ACB98618:t7, leader=null, voted=null, raftlog=s1@group-CF66ACB98618-SegmentedRaftLog:OPENED:c-1,f-1,i0, conf=-1: [s0:0.0.0.0:32897, s1:0.0.0.0:35696, s2:0.0.0.0:35236], old=null RUNNING
  s2:  RUNNING CANDIDATE s2@group-CF66ACB98618:t9, leader=null, voted=s2, raftlog=s2@group-CF66ACB98618-SegmentedRaftLog:OPENED:c-1,f-1,i0, conf=-1: [s0:0.0.0.0:32897, s1:0.0.0.0:35696, s2:0.0.0.0:35236], old=null RUNNING, sleep 450ms and then retry.
java.lang.IllegalStateException: No leader yet : printing ALL groups
  s0:  RUNNING CANDIDATE s0@group-CF66ACB98618:t9, leader=null, voted=s0, raftlog=s0@group-CF66ACB98618-SegmentedRaftLog:OPENED:c-1,f-1,i0, conf=-1: [s0:0.0.0.0:32897, s1:0.0.0.0:35696, s2:0.0.0.0:35236], old=null RUNNING
  s1:  RUNNING  FOLLOWER s1@group-CF66ACB98618:t7, leader=null, voted=null, raftlog=s1@group-CF66ACB98618-SegmentedRaftLog:OPENED:c-1,f-1,i0, conf=-1: [s0:0.0.0.0:32897, s1:0.0.0.0:35696, s2:0.0.0.0:35236], old=null RUNNING
  s2:  RUNNING CANDIDATE s2@group-CF66ACB98618:t9, leader=null, voted=s2, raftlog=s2@group-CF66ACB98618-SegmentedRaftLog:OPENED:c-1,f-1,i0, conf=-1: [s0:0.0.0.0:32897, s1:0.0.0.0:35696, s2:0.0.0.0:35236], old=null RUNNING
	at org.apache.ratis.MiniRaftCluster.newIllegalStateExceptionForNoLeaders(MiniRaftCluster.java:506)
	at org.apache.ratis.RaftTestUtil.lambda$waitForLeader$1(RaftTestUtil.java:90)
	at org.apache.ratis.MiniRaftCluster.getLeader(MiniRaftCluster.java:539)
	at org.apache.ratis.MiniRaftCluster.getLeader(MiniRaftCluster.java:532)
	at org.apache.ratis.RaftTestUtil.lambda$waitForLeader$3(RaftTestUtil.java:98)
	at org.apache.ratis.util.JavaUtils.attempt(JavaUtils.java:152)
	at org.apache.ratis.RaftTestUtil.waitForLeader(RaftTestUtil.java:97)
	at org.apache.ratis.RaftTestUtil.waitForLeader(RaftTestUtil.java:77)
	at org.apache.ratis.RaftTestUtil.waitForLeader(RaftTestUtil.java:72)
	at org.apache.ratis.server.impl.RaftReconfigurationBaseTest.lambda$testAddPeers$0(RaftReconfigurationBaseTest.java:78)
	at org.apache.ratis.MiniRaftCluster$Factory$Get.runWithNewCluster(MiniRaftCluster.java:125)
	at org.apache.ratis.MiniRaftCluster$Factory$Get.runWithNewCluster(MiniRaftCluster.java:113)
	at org.apache.ratis.server.impl.RaftReconfigurationBaseTest.testAddPeers(RaftReconfigurationBaseTest.java:77)
	at sun.reflect.NativeMethodAccessorImpl.invoke0(Native Method)
	at sun.reflect.NativeMethodAccessorImpl.invoke(NativeMethodAccessorImpl.java:62)
	at sun.reflect.DelegatingMethodAccessorImpl.invoke(DelegatingMethodAccessorImpl.java:43)
	at java.lang.reflect.Method.invoke(Method.java:498)
	at org.junit.runners.model.FrameworkMethod$1.runReflectiveCall(FrameworkMethod.java:50)
	at org.junit.internal.runners.model.ReflectiveCallable.run(ReflectiveCallable.java:12)
	at org.junit.runners.model.FrameworkMethod.invokeExplosively(FrameworkMethod.java:47)
	at org.junit.internal.runners.statements.InvokeMethod.evaluate(InvokeMethod.java:17)
	at org.junit.internal.runners.statements.RunAfters.evaluate(RunAfters.java:27)
	at org.junit.internal.runners.statements.FailOnTimeout$CallableStatement.call(FailOnTimeout.java:298)
	at org.junit.internal.runners.statements.FailOnTimeout$CallableStatement.call(FailOnTimeout.java:292)
	at java.util.concurrent.FutureTask.run(FutureTask.java:266)
	at java.lang.Thread.run(Thread.java:748)
2019-09-24 17:04:05,251 WARN  ratis.RaftTestUtil (JavaUtils.java:attempt(158)) - FAILED "waitForLeader-null-(expectLeader? true)", attempt #84/100: java.lang.IllegalStateException: No leader yet : printing ALL groups
  s0:  RUNNING CANDIDATE s0@group-CF66ACB98618:t9, leader=null, voted=s0, raftlog=s0@group-CF66ACB98618-SegmentedRaftLog:OPENED:c-1,f-1,i0, conf=-1: [s0:0.0.0.0:32897, s1:0.0.0.0:35696, s2:0.0.0.0:35236], old=null RUNNING
  s1:  RUNNING  FOLLOWER s1@group-CF66ACB98618:t7, leader=null, voted=null, raftlog=s1@group-CF66ACB98618-SegmentedRaftLog:OPENED:c-1,f-1,i0, conf=-1: [s0:0.0.0.0:32897, s1:0.0.0.0:35696, s2:0.0.0.0:35236], old=null RUNNING
  s2:  RUNNING CANDIDATE s2@group-CF66ACB98618:t9, leader=null, voted=s2, raftlog=s2@group-CF66ACB98618-SegmentedRaftLog:OPENED:c-1,f-1,i0, conf=-1: [s0:0.0.0.0:32897, s1:0.0.0.0:35696, s2:0.0.0.0:35236], old=null RUNNING, sleep 450ms and then retry.
java.lang.IllegalStateException: No leader yet : printing ALL groups
  s0:  RUNNING CANDIDATE s0@group-CF66ACB98618:t9, leader=null, voted=s0, raftlog=s0@group-CF66ACB98618-SegmentedRaftLog:OPENED:c-1,f-1,i0, conf=-1: [s0:0.0.0.0:32897, s1:0.0.0.0:35696, s2:0.0.0.0:35236], old=null RUNNING
  s1:  RUNNING  FOLLOWER s1@group-CF66ACB98618:t7, leader=null, voted=null, raftlog=s1@group-CF66ACB98618-SegmentedRaftLog:OPENED:c-1,f-1,i0, conf=-1: [s0:0.0.0.0:32897, s1:0.0.0.0:35696, s2:0.0.0.0:35236], old=null RUNNING
  s2:  RUNNING CANDIDATE s2@group-CF66ACB98618:t9, leader=null, voted=s2, raftlog=s2@group-CF66ACB98618-SegmentedRaftLog:OPENED:c-1,f-1,i0, conf=-1: [s0:0.0.0.0:32897, s1:0.0.0.0:35696, s2:0.0.0.0:35236], old=null RUNNING
	at org.apache.ratis.MiniRaftCluster.newIllegalStateExceptionForNoLeaders(MiniRaftCluster.java:506)
	at org.apache.ratis.RaftTestUtil.lambda$waitForLeader$1(RaftTestUtil.java:90)
	at org.apache.ratis.MiniRaftCluster.getLeader(MiniRaftCluster.java:539)
	at org.apache.ratis.MiniRaftCluster.getLeader(MiniRaftCluster.java:532)
	at org.apache.ratis.RaftTestUtil.lambda$waitForLeader$3(RaftTestUtil.java:98)
	at org.apache.ratis.util.JavaUtils.attempt(JavaUtils.java:152)
	at org.apache.ratis.RaftTestUtil.waitForLeader(RaftTestUtil.java:97)
	at org.apache.ratis.RaftTestUtil.waitForLeader(RaftTestUtil.java:77)
	at org.apache.ratis.RaftTestUtil.waitForLeader(RaftTestUtil.java:72)
	at org.apache.ratis.server.impl.RaftReconfigurationBaseTest.lambda$testAddPeers$0(RaftReconfigurationBaseTest.java:78)
	at org.apache.ratis.MiniRaftCluster$Factory$Get.runWithNewCluster(MiniRaftCluster.java:125)
	at org.apache.ratis.MiniRaftCluster$Factory$Get.runWithNewCluster(MiniRaftCluster.java:113)
	at org.apache.ratis.server.impl.RaftReconfigurationBaseTest.testAddPeers(RaftReconfigurationBaseTest.java:77)
	at sun.reflect.NativeMethodAccessorImpl.invoke0(Native Method)
	at sun.reflect.NativeMethodAccessorImpl.invoke(NativeMethodAccessorImpl.java:62)
	at sun.reflect.DelegatingMethodAccessorImpl.invoke(DelegatingMethodAccessorImpl.java:43)
	at java.lang.reflect.Method.invoke(Method.java:498)
	at org.junit.runners.model.FrameworkMethod$1.runReflectiveCall(FrameworkMethod.java:50)
	at org.junit.internal.runners.model.ReflectiveCallable.run(ReflectiveCallable.java:12)
	at org.junit.runners.model.FrameworkMethod.invokeExplosively(FrameworkMethod.java:47)
	at org.junit.internal.runners.statements.InvokeMethod.evaluate(InvokeMethod.java:17)
	at org.junit.internal.runners.statements.RunAfters.evaluate(RunAfters.java:27)
	at org.junit.internal.runners.statements.FailOnTimeout$CallableStatement.call(FailOnTimeout.java:298)
	at org.junit.internal.runners.statements.FailOnTimeout$CallableStatement.call(FailOnTimeout.java:292)
	at java.util.concurrent.FutureTask.run(FutureTask.java:266)
	at java.lang.Thread.run(Thread.java:748)
2019-09-24 17:04:05,702 WARN  ratis.RaftTestUtil (JavaUtils.java:attempt(158)) - FAILED "waitForLeader-null-(expectLeader? true)", attempt #85/100: java.lang.IllegalStateException: No leader yet : printing ALL groups
  s0:  RUNNING CANDIDATE s0@group-CF66ACB98618:t9, leader=null, voted=s0, raftlog=s0@group-CF66ACB98618-SegmentedRaftLog:OPENED:c-1,f-1,i0, conf=-1: [s0:0.0.0.0:32897, s1:0.0.0.0:35696, s2:0.0.0.0:35236], old=null RUNNING
  s1:  RUNNING  FOLLOWER s1@group-CF66ACB98618:t7, leader=null, voted=null, raftlog=s1@group-CF66ACB98618-SegmentedRaftLog:OPENED:c-1,f-1,i0, conf=-1: [s0:0.0.0.0:32897, s1:0.0.0.0:35696, s2:0.0.0.0:35236], old=null RUNNING
  s2:  RUNNING CANDIDATE s2@group-CF66ACB98618:t9, leader=null, voted=s2, raftlog=s2@group-CF66ACB98618-SegmentedRaftLog:OPENED:c-1,f-1,i0, conf=-1: [s0:0.0.0.0:32897, s1:0.0.0.0:35696, s2:0.0.0.0:35236], old=null RUNNING, sleep 450ms and then retry.
java.lang.IllegalStateException: No leader yet : printing ALL groups
  s0:  RUNNING CANDIDATE s0@group-CF66ACB98618:t9, leader=null, voted=s0, raftlog=s0@group-CF66ACB98618-SegmentedRaftLog:OPENED:c-1,f-1,i0, conf=-1: [s0:0.0.0.0:32897, s1:0.0.0.0:35696, s2:0.0.0.0:35236], old=null RUNNING
  s1:  RUNNING  FOLLOWER s1@group-CF66ACB98618:t7, leader=null, voted=null, raftlog=s1@group-CF66ACB98618-SegmentedRaftLog:OPENED:c-1,f-1,i0, conf=-1: [s0:0.0.0.0:32897, s1:0.0.0.0:35696, s2:0.0.0.0:35236], old=null RUNNING
  s2:  RUNNING CANDIDATE s2@group-CF66ACB98618:t9, leader=null, voted=s2, raftlog=s2@group-CF66ACB98618-SegmentedRaftLog:OPENED:c-1,f-1,i0, conf=-1: [s0:0.0.0.0:32897, s1:0.0.0.0:35696, s2:0.0.0.0:35236], old=null RUNNING
	at org.apache.ratis.MiniRaftCluster.newIllegalStateExceptionForNoLeaders(MiniRaftCluster.java:506)
	at org.apache.ratis.RaftTestUtil.lambda$waitForLeader$1(RaftTestUtil.java:90)
	at org.apache.ratis.MiniRaftCluster.getLeader(MiniRaftCluster.java:539)
	at org.apache.ratis.MiniRaftCluster.getLeader(MiniRaftCluster.java:532)
	at org.apache.ratis.RaftTestUtil.lambda$waitForLeader$3(RaftTestUtil.java:98)
	at org.apache.ratis.util.JavaUtils.attempt(JavaUtils.java:152)
	at org.apache.ratis.RaftTestUtil.waitForLeader(RaftTestUtil.java:97)
	at org.apache.ratis.RaftTestUtil.waitForLeader(RaftTestUtil.java:77)
	at org.apache.ratis.RaftTestUtil.waitForLeader(RaftTestUtil.java:72)
	at org.apache.ratis.server.impl.RaftReconfigurationBaseTest.lambda$testAddPeers$0(RaftReconfigurationBaseTest.java:78)
	at org.apache.ratis.MiniRaftCluster$Factory$Get.runWithNewCluster(MiniRaftCluster.java:125)
	at org.apache.ratis.MiniRaftCluster$Factory$Get.runWithNewCluster(MiniRaftCluster.java:113)
	at org.apache.ratis.server.impl.RaftReconfigurationBaseTest.testAddPeers(RaftReconfigurationBaseTest.java:77)
	at sun.reflect.NativeMethodAccessorImpl.invoke0(Native Method)
	at sun.reflect.NativeMethodAccessorImpl.invoke(NativeMethodAccessorImpl.java:62)
	at sun.reflect.DelegatingMethodAccessorImpl.invoke(DelegatingMethodAccessorImpl.java:43)
	at java.lang.reflect.Method.invoke(Method.java:498)
	at org.junit.runners.model.FrameworkMethod$1.runReflectiveCall(FrameworkMethod.java:50)
	at org.junit.internal.runners.model.ReflectiveCallable.run(ReflectiveCallable.java:12)
	at org.junit.runners.model.FrameworkMethod.invokeExplosively(FrameworkMethod.java:47)
	at org.junit.internal.runners.statements.InvokeMethod.evaluate(InvokeMethod.java:17)
	at org.junit.internal.runners.statements.RunAfters.evaluate(RunAfters.java:27)
	at org.junit.internal.runners.statements.FailOnTimeout$CallableStatement.call(FailOnTimeout.java:298)
	at org.junit.internal.runners.statements.FailOnTimeout$CallableStatement.call(FailOnTimeout.java:292)
	at java.util.concurrent.FutureTask.run(FutureTask.java:266)
	at java.lang.Thread.run(Thread.java:748)
2019-09-24 17:04:06,154 WARN  ratis.RaftTestUtil (JavaUtils.java:attempt(158)) - FAILED "waitForLeader-null-(expectLeader? true)", attempt #86/100: java.lang.IllegalStateException: No leader yet : printing ALL groups
  s0:  RUNNING CANDIDATE s0@group-CF66ACB98618:t9, leader=null, voted=s0, raftlog=s0@group-CF66ACB98618-SegmentedRaftLog:OPENED:c-1,f-1,i0, conf=-1: [s0:0.0.0.0:32897, s1:0.0.0.0:35696, s2:0.0.0.0:35236], old=null RUNNING
  s1:  RUNNING  FOLLOWER s1@group-CF66ACB98618:t7, leader=null, voted=null, raftlog=s1@group-CF66ACB98618-SegmentedRaftLog:OPENED:c-1,f-1,i0, conf=-1: [s0:0.0.0.0:32897, s1:0.0.0.0:35696, s2:0.0.0.0:35236], old=null RUNNING
  s2:  RUNNING CANDIDATE s2@group-CF66ACB98618:t9, leader=null, voted=s2, raftlog=s2@group-CF66ACB98618-SegmentedRaftLog:OPENED:c-1,f-1,i0, conf=-1: [s0:0.0.0.0:32897, s1:0.0.0.0:35696, s2:0.0.0.0:35236], old=null RUNNING, sleep 450ms and then retry.
java.lang.IllegalStateException: No leader yet : printing ALL groups
  s0:  RUNNING CANDIDATE s0@group-CF66ACB98618:t9, leader=null, voted=s0, raftlog=s0@group-CF66ACB98618-SegmentedRaftLog:OPENED:c-1,f-1,i0, conf=-1: [s0:0.0.0.0:32897, s1:0.0.0.0:35696, s2:0.0.0.0:35236], old=null RUNNING
  s1:  RUNNING  FOLLOWER s1@group-CF66ACB98618:t7, leader=null, voted=null, raftlog=s1@group-CF66ACB98618-SegmentedRaftLog:OPENED:c-1,f-1,i0, conf=-1: [s0:0.0.0.0:32897, s1:0.0.0.0:35696, s2:0.0.0.0:35236], old=null RUNNING
  s2:  RUNNING CANDIDATE s2@group-CF66ACB98618:t9, leader=null, voted=s2, raftlog=s2@group-CF66ACB98618-SegmentedRaftLog:OPENED:c-1,f-1,i0, conf=-1: [s0:0.0.0.0:32897, s1:0.0.0.0:35696, s2:0.0.0.0:35236], old=null RUNNING
	at org.apache.ratis.MiniRaftCluster.newIllegalStateExceptionForNoLeaders(MiniRaftCluster.java:506)
	at org.apache.ratis.RaftTestUtil.lambda$waitForLeader$1(RaftTestUtil.java:90)
	at org.apache.ratis.MiniRaftCluster.getLeader(MiniRaftCluster.java:539)
	at org.apache.ratis.MiniRaftCluster.getLeader(MiniRaftCluster.java:532)
	at org.apache.ratis.RaftTestUtil.lambda$waitForLeader$3(RaftTestUtil.java:98)
	at org.apache.ratis.util.JavaUtils.attempt(JavaUtils.java:152)
	at org.apache.ratis.RaftTestUtil.waitForLeader(RaftTestUtil.java:97)
	at org.apache.ratis.RaftTestUtil.waitForLeader(RaftTestUtil.java:77)
	at org.apache.ratis.RaftTestUtil.waitForLeader(RaftTestUtil.java:72)
	at org.apache.ratis.server.impl.RaftReconfigurationBaseTest.lambda$testAddPeers$0(RaftReconfigurationBaseTest.java:78)
	at org.apache.ratis.MiniRaftCluster$Factory$Get.runWithNewCluster(MiniRaftCluster.java:125)
	at org.apache.ratis.MiniRaftCluster$Factory$Get.runWithNewCluster(MiniRaftCluster.java:113)
	at org.apache.ratis.server.impl.RaftReconfigurationBaseTest.testAddPeers(RaftReconfigurationBaseTest.java:77)
	at sun.reflect.NativeMethodAccessorImpl.invoke0(Native Method)
	at sun.reflect.NativeMethodAccessorImpl.invoke(NativeMethodAccessorImpl.java:62)
	at sun.reflect.DelegatingMethodAccessorImpl.invoke(DelegatingMethodAccessorImpl.java:43)
	at java.lang.reflect.Method.invoke(Method.java:498)
	at org.junit.runners.model.FrameworkMethod$1.runReflectiveCall(FrameworkMethod.java:50)
	at org.junit.internal.runners.model.ReflectiveCallable.run(ReflectiveCallable.java:12)
	at org.junit.runners.model.FrameworkMethod.invokeExplosively(FrameworkMethod.java:47)
	at org.junit.internal.runners.statements.InvokeMethod.evaluate(InvokeMethod.java:17)
	at org.junit.internal.runners.statements.RunAfters.evaluate(RunAfters.java:27)
	at org.junit.internal.runners.statements.FailOnTimeout$CallableStatement.call(FailOnTimeout.java:298)
	at org.junit.internal.runners.statements.FailOnTimeout$CallableStatement.call(FailOnTimeout.java:292)
	at java.util.concurrent.FutureTask.run(FutureTask.java:266)
	at java.lang.Thread.run(Thread.java:748)
2019-09-24 17:04:06,605 WARN  ratis.RaftTestUtil (JavaUtils.java:attempt(158)) - FAILED "waitForLeader-null-(expectLeader? true)", attempt #87/100: java.lang.IllegalStateException: No leader yet : printing ALL groups
  s0:  RUNNING CANDIDATE s0@group-CF66ACB98618:t9, leader=null, voted=s0, raftlog=s0@group-CF66ACB98618-SegmentedRaftLog:OPENED:c-1,f-1,i0, conf=-1: [s0:0.0.0.0:32897, s1:0.0.0.0:35696, s2:0.0.0.0:35236], old=null RUNNING
  s1:  RUNNING  FOLLOWER s1@group-CF66ACB98618:t7, leader=null, voted=null, raftlog=s1@group-CF66ACB98618-SegmentedRaftLog:OPENED:c-1,f-1,i0, conf=-1: [s0:0.0.0.0:32897, s1:0.0.0.0:35696, s2:0.0.0.0:35236], old=null RUNNING
  s2:  RUNNING CANDIDATE s2@group-CF66ACB98618:t9, leader=null, voted=s2, raftlog=s2@group-CF66ACB98618-SegmentedRaftLog:OPENED:c-1,f-1,i0, conf=-1: [s0:0.0.0.0:32897, s1:0.0.0.0:35696, s2:0.0.0.0:35236], old=null RUNNING, sleep 450ms and then retry.
java.lang.IllegalStateException: No leader yet : printing ALL groups
  s0:  RUNNING CANDIDATE s0@group-CF66ACB98618:t9, leader=null, voted=s0, raftlog=s0@group-CF66ACB98618-SegmentedRaftLog:OPENED:c-1,f-1,i0, conf=-1: [s0:0.0.0.0:32897, s1:0.0.0.0:35696, s2:0.0.0.0:35236], old=null RUNNING
  s1:  RUNNING  FOLLOWER s1@group-CF66ACB98618:t7, leader=null, voted=null, raftlog=s1@group-CF66ACB98618-SegmentedRaftLog:OPENED:c-1,f-1,i0, conf=-1: [s0:0.0.0.0:32897, s1:0.0.0.0:35696, s2:0.0.0.0:35236], old=null RUNNING
  s2:  RUNNING CANDIDATE s2@group-CF66ACB98618:t9, leader=null, voted=s2, raftlog=s2@group-CF66ACB98618-SegmentedRaftLog:OPENED:c-1,f-1,i0, conf=-1: [s0:0.0.0.0:32897, s1:0.0.0.0:35696, s2:0.0.0.0:35236], old=null RUNNING
	at org.apache.ratis.MiniRaftCluster.newIllegalStateExceptionForNoLeaders(MiniRaftCluster.java:506)
	at org.apache.ratis.RaftTestUtil.lambda$waitForLeader$1(RaftTestUtil.java:90)
	at org.apache.ratis.MiniRaftCluster.getLeader(MiniRaftCluster.java:539)
	at org.apache.ratis.MiniRaftCluster.getLeader(MiniRaftCluster.java:532)
	at org.apache.ratis.RaftTestUtil.lambda$waitForLeader$3(RaftTestUtil.java:98)
	at org.apache.ratis.util.JavaUtils.attempt(JavaUtils.java:152)
	at org.apache.ratis.RaftTestUtil.waitForLeader(RaftTestUtil.java:97)
	at org.apache.ratis.RaftTestUtil.waitForLeader(RaftTestUtil.java:77)
	at org.apache.ratis.RaftTestUtil.waitForLeader(RaftTestUtil.java:72)
	at org.apache.ratis.server.impl.RaftReconfigurationBaseTest.lambda$testAddPeers$0(RaftReconfigurationBaseTest.java:78)
	at org.apache.ratis.MiniRaftCluster$Factory$Get.runWithNewCluster(MiniRaftCluster.java:125)
	at org.apache.ratis.MiniRaftCluster$Factory$Get.runWithNewCluster(MiniRaftCluster.java:113)
	at org.apache.ratis.server.impl.RaftReconfigurationBaseTest.testAddPeers(RaftReconfigurationBaseTest.java:77)
	at sun.reflect.NativeMethodAccessorImpl.invoke0(Native Method)
	at sun.reflect.NativeMethodAccessorImpl.invoke(NativeMethodAccessorImpl.java:62)
	at sun.reflect.DelegatingMethodAccessorImpl.invoke(DelegatingMethodAccessorImpl.java:43)
	at java.lang.reflect.Method.invoke(Method.java:498)
	at org.junit.runners.model.FrameworkMethod$1.runReflectiveCall(FrameworkMethod.java:50)
	at org.junit.internal.runners.model.ReflectiveCallable.run(ReflectiveCallable.java:12)
	at org.junit.runners.model.FrameworkMethod.invokeExplosively(FrameworkMethod.java:47)
	at org.junit.internal.runners.statements.InvokeMethod.evaluate(InvokeMethod.java:17)
	at org.junit.internal.runners.statements.RunAfters.evaluate(RunAfters.java:27)
	at org.junit.internal.runners.statements.FailOnTimeout$CallableStatement.call(FailOnTimeout.java:298)
	at org.junit.internal.runners.statements.FailOnTimeout$CallableStatement.call(FailOnTimeout.java:292)
	at java.util.concurrent.FutureTask.run(FutureTask.java:266)
	at java.lang.Thread.run(Thread.java:748)
2019-09-24 17:04:07,056 WARN  ratis.RaftTestUtil (JavaUtils.java:attempt(158)) - FAILED "waitForLeader-null-(expectLeader? true)", attempt #88/100: java.lang.IllegalStateException: No leader yet : printing ALL groups
  s0:  RUNNING CANDIDATE s0@group-CF66ACB98618:t9, leader=null, voted=s0, raftlog=s0@group-CF66ACB98618-SegmentedRaftLog:OPENED:c-1,f-1,i0, conf=-1: [s0:0.0.0.0:32897, s1:0.0.0.0:35696, s2:0.0.0.0:35236], old=null RUNNING
  s1:  RUNNING  FOLLOWER s1@group-CF66ACB98618:t7, leader=null, voted=null, raftlog=s1@group-CF66ACB98618-SegmentedRaftLog:OPENED:c-1,f-1,i0, conf=-1: [s0:0.0.0.0:32897, s1:0.0.0.0:35696, s2:0.0.0.0:35236], old=null RUNNING
  s2:  RUNNING CANDIDATE s2@group-CF66ACB98618:t9, leader=null, voted=s2, raftlog=s2@group-CF66ACB98618-SegmentedRaftLog:OPENED:c-1,f-1,i0, conf=-1: [s0:0.0.0.0:32897, s1:0.0.0.0:35696, s2:0.0.0.0:35236], old=null RUNNING, sleep 450ms and then retry.
java.lang.IllegalStateException: No leader yet : printing ALL groups
  s0:  RUNNING CANDIDATE s0@group-CF66ACB98618:t9, leader=null, voted=s0, raftlog=s0@group-CF66ACB98618-SegmentedRaftLog:OPENED:c-1,f-1,i0, conf=-1: [s0:0.0.0.0:32897, s1:0.0.0.0:35696, s2:0.0.0.0:35236], old=null RUNNING
  s1:  RUNNING  FOLLOWER s1@group-CF66ACB98618:t7, leader=null, voted=null, raftlog=s1@group-CF66ACB98618-SegmentedRaftLog:OPENED:c-1,f-1,i0, conf=-1: [s0:0.0.0.0:32897, s1:0.0.0.0:35696, s2:0.0.0.0:35236], old=null RUNNING
  s2:  RUNNING CANDIDATE s2@group-CF66ACB98618:t9, leader=null, voted=s2, raftlog=s2@group-CF66ACB98618-SegmentedRaftLog:OPENED:c-1,f-1,i0, conf=-1: [s0:0.0.0.0:32897, s1:0.0.0.0:35696, s2:0.0.0.0:35236], old=null RUNNING
	at org.apache.ratis.MiniRaftCluster.newIllegalStateExceptionForNoLeaders(MiniRaftCluster.java:506)
	at org.apache.ratis.RaftTestUtil.lambda$waitForLeader$1(RaftTestUtil.java:90)
	at org.apache.ratis.MiniRaftCluster.getLeader(MiniRaftCluster.java:539)
	at org.apache.ratis.MiniRaftCluster.getLeader(MiniRaftCluster.java:532)
	at org.apache.ratis.RaftTestUtil.lambda$waitForLeader$3(RaftTestUtil.java:98)
	at org.apache.ratis.util.JavaUtils.attempt(JavaUtils.java:152)
	at org.apache.ratis.RaftTestUtil.waitForLeader(RaftTestUtil.java:97)
	at org.apache.ratis.RaftTestUtil.waitForLeader(RaftTestUtil.java:77)
	at org.apache.ratis.RaftTestUtil.waitForLeader(RaftTestUtil.java:72)
	at org.apache.ratis.server.impl.RaftReconfigurationBaseTest.lambda$testAddPeers$0(RaftReconfigurationBaseTest.java:78)
	at org.apache.ratis.MiniRaftCluster$Factory$Get.runWithNewCluster(MiniRaftCluster.java:125)
	at org.apache.ratis.MiniRaftCluster$Factory$Get.runWithNewCluster(MiniRaftCluster.java:113)
	at org.apache.ratis.server.impl.RaftReconfigurationBaseTest.testAddPeers(RaftReconfigurationBaseTest.java:77)
	at sun.reflect.NativeMethodAccessorImpl.invoke0(Native Method)
	at sun.reflect.NativeMethodAccessorImpl.invoke(NativeMethodAccessorImpl.java:62)
	at sun.reflect.DelegatingMethodAccessorImpl.invoke(DelegatingMethodAccessorImpl.java:43)
	at java.lang.reflect.Method.invoke(Method.java:498)
	at org.junit.runners.model.FrameworkMethod$1.runReflectiveCall(FrameworkMethod.java:50)
	at org.junit.internal.runners.model.ReflectiveCallable.run(ReflectiveCallable.java:12)
	at org.junit.runners.model.FrameworkMethod.invokeExplosively(FrameworkMethod.java:47)
	at org.junit.internal.runners.statements.InvokeMethod.evaluate(InvokeMethod.java:17)
	at org.junit.internal.runners.statements.RunAfters.evaluate(RunAfters.java:27)
	at org.junit.internal.runners.statements.FailOnTimeout$CallableStatement.call(FailOnTimeout.java:298)
	at org.junit.internal.runners.statements.FailOnTimeout$CallableStatement.call(FailOnTimeout.java:292)
	at java.util.concurrent.FutureTask.run(FutureTask.java:266)
	at java.lang.Thread.run(Thread.java:748)
2019-09-24 17:04:07,507 WARN  ratis.RaftTestUtil (JavaUtils.java:attempt(158)) - FAILED "waitForLeader-null-(expectLeader? true)", attempt #89/100: java.lang.IllegalStateException: No leader yet : printing ALL groups
  s0:  RUNNING CANDIDATE s0@group-CF66ACB98618:t9, leader=null, voted=s0, raftlog=s0@group-CF66ACB98618-SegmentedRaftLog:OPENED:c-1,f-1,i0, conf=-1: [s0:0.0.0.0:32897, s1:0.0.0.0:35696, s2:0.0.0.0:35236], old=null RUNNING
  s1:  RUNNING  FOLLOWER s1@group-CF66ACB98618:t7, leader=null, voted=null, raftlog=s1@group-CF66ACB98618-SegmentedRaftLog:OPENED:c-1,f-1,i0, conf=-1: [s0:0.0.0.0:32897, s1:0.0.0.0:35696, s2:0.0.0.0:35236], old=null RUNNING
  s2:  RUNNING CANDIDATE s2@group-CF66ACB98618:t9, leader=null, voted=s2, raftlog=s2@group-CF66ACB98618-SegmentedRaftLog:OPENED:c-1,f-1,i0, conf=-1: [s0:0.0.0.0:32897, s1:0.0.0.0:35696, s2:0.0.0.0:35236], old=null RUNNING, sleep 450ms and then retry.
java.lang.IllegalStateException: No leader yet : printing ALL groups
  s0:  RUNNING CANDIDATE s0@group-CF66ACB98618:t9, leader=null, voted=s0, raftlog=s0@group-CF66ACB98618-SegmentedRaftLog:OPENED:c-1,f-1,i0, conf=-1: [s0:0.0.0.0:32897, s1:0.0.0.0:35696, s2:0.0.0.0:35236], old=null RUNNING
  s1:  RUNNING  FOLLOWER s1@group-CF66ACB98618:t7, leader=null, voted=null, raftlog=s1@group-CF66ACB98618-SegmentedRaftLog:OPENED:c-1,f-1,i0, conf=-1: [s0:0.0.0.0:32897, s1:0.0.0.0:35696, s2:0.0.0.0:35236], old=null RUNNING
  s2:  RUNNING CANDIDATE s2@group-CF66ACB98618:t9, leader=null, voted=s2, raftlog=s2@group-CF66ACB98618-SegmentedRaftLog:OPENED:c-1,f-1,i0, conf=-1: [s0:0.0.0.0:32897, s1:0.0.0.0:35696, s2:0.0.0.0:35236], old=null RUNNING
	at org.apache.ratis.MiniRaftCluster.newIllegalStateExceptionForNoLeaders(MiniRaftCluster.java:506)
	at org.apache.ratis.RaftTestUtil.lambda$waitForLeader$1(RaftTestUtil.java:90)
	at org.apache.ratis.MiniRaftCluster.getLeader(MiniRaftCluster.java:539)
	at org.apache.ratis.MiniRaftCluster.getLeader(MiniRaftCluster.java:532)
	at org.apache.ratis.RaftTestUtil.lambda$waitForLeader$3(RaftTestUtil.java:98)
	at org.apache.ratis.util.JavaUtils.attempt(JavaUtils.java:152)
	at org.apache.ratis.RaftTestUtil.waitForLeader(RaftTestUtil.java:97)
	at org.apache.ratis.RaftTestUtil.waitForLeader(RaftTestUtil.java:77)
	at org.apache.ratis.RaftTestUtil.waitForLeader(RaftTestUtil.java:72)
	at org.apache.ratis.server.impl.RaftReconfigurationBaseTest.lambda$testAddPeers$0(RaftReconfigurationBaseTest.java:78)
	at org.apache.ratis.MiniRaftCluster$Factory$Get.runWithNewCluster(MiniRaftCluster.java:125)
	at org.apache.ratis.MiniRaftCluster$Factory$Get.runWithNewCluster(MiniRaftCluster.java:113)
	at org.apache.ratis.server.impl.RaftReconfigurationBaseTest.testAddPeers(RaftReconfigurationBaseTest.java:77)
	at sun.reflect.NativeMethodAccessorImpl.invoke0(Native Method)
	at sun.reflect.NativeMethodAccessorImpl.invoke(NativeMethodAccessorImpl.java:62)
	at sun.reflect.DelegatingMethodAccessorImpl.invoke(DelegatingMethodAccessorImpl.java:43)
	at java.lang.reflect.Method.invoke(Method.java:498)
	at org.junit.runners.model.FrameworkMethod$1.runReflectiveCall(FrameworkMethod.java:50)
	at org.junit.internal.runners.model.ReflectiveCallable.run(ReflectiveCallable.java:12)
	at org.junit.runners.model.FrameworkMethod.invokeExplosively(FrameworkMethod.java:47)
	at org.junit.internal.runners.statements.InvokeMethod.evaluate(InvokeMethod.java:17)
	at org.junit.internal.runners.statements.RunAfters.evaluate(RunAfters.java:27)
	at org.junit.internal.runners.statements.FailOnTimeout$CallableStatement.call(FailOnTimeout.java:298)
	at org.junit.internal.runners.statements.FailOnTimeout$CallableStatement.call(FailOnTimeout.java:292)
	at java.util.concurrent.FutureTask.run(FutureTask.java:266)
	at java.lang.Thread.run(Thread.java:748)
2019-09-24 17:04:07,790 INFO  ratis.MiniRaftCluster (MiniRaftCluster.java:lambda$null$5(297)) - TIMED-PRINT: printing ALL groups
  s0:  RUNNING CANDIDATE s0@group-CF66ACB98618:t9, leader=null, voted=s0, raftlog=s0@group-CF66ACB98618-SegmentedRaftLog:OPENED:c-1,f-1,i0, conf=-1: [s0:0.0.0.0:32897, s1:0.0.0.0:35696, s2:0.0.0.0:35236], old=null RUNNING
  s1:  RUNNING  FOLLOWER s1@group-CF66ACB98618:t7, leader=null, voted=null, raftlog=s1@group-CF66ACB98618-SegmentedRaftLog:OPENED:c-1,f-1,i0, conf=-1: [s0:0.0.0.0:32897, s1:0.0.0.0:35696, s2:0.0.0.0:35236], old=null RUNNING
  s2:  RUNNING CANDIDATE s2@group-CF66ACB98618:t9, leader=null, voted=s2, raftlog=s2@group-CF66ACB98618-SegmentedRaftLog:OPENED:c-1,f-1,i0, conf=-1: [s0:0.0.0.0:32897, s1:0.0.0.0:35696, s2:0.0.0.0:35236], old=null RUNNING
2019-09-24 17:04:07,958 WARN  ratis.RaftTestUtil (JavaUtils.java:attempt(158)) - FAILED "waitForLeader-null-(expectLeader? true)", attempt #90/100: java.lang.IllegalStateException: No leader yet : printing ALL groups
  s0:  RUNNING CANDIDATE s0@group-CF66ACB98618:t9, leader=null, voted=s0, raftlog=s0@group-CF66ACB98618-SegmentedRaftLog:OPENED:c-1,f-1,i0, conf=-1: [s0:0.0.0.0:32897, s1:0.0.0.0:35696, s2:0.0.0.0:35236], old=null RUNNING
  s1:  RUNNING  FOLLOWER s1@group-CF66ACB98618:t7, leader=null, voted=null, raftlog=s1@group-CF66ACB98618-SegmentedRaftLog:OPENED:c-1,f-1,i0, conf=-1: [s0:0.0.0.0:32897, s1:0.0.0.0:35696, s2:0.0.0.0:35236], old=null RUNNING
  s2:  RUNNING CANDIDATE s2@group-CF66ACB98618:t9, leader=null, voted=s2, raftlog=s2@group-CF66ACB98618-SegmentedRaftLog:OPENED:c-1,f-1,i0, conf=-1: [s0:0.0.0.0:32897, s1:0.0.0.0:35696, s2:0.0.0.0:35236], old=null RUNNING, sleep 450ms and then retry.
java.lang.IllegalStateException: No leader yet : printing ALL groups
  s0:  RUNNING CANDIDATE s0@group-CF66ACB98618:t9, leader=null, voted=s0, raftlog=s0@group-CF66ACB98618-SegmentedRaftLog:OPENED:c-1,f-1,i0, conf=-1: [s0:0.0.0.0:32897, s1:0.0.0.0:35696, s2:0.0.0.0:35236], old=null RUNNING
  s1:  RUNNING  FOLLOWER s1@group-CF66ACB98618:t7, leader=null, voted=null, raftlog=s1@group-CF66ACB98618-SegmentedRaftLog:OPENED:c-1,f-1,i0, conf=-1: [s0:0.0.0.0:32897, s1:0.0.0.0:35696, s2:0.0.0.0:35236], old=null RUNNING
  s2:  RUNNING CANDIDATE s2@group-CF66ACB98618:t9, leader=null, voted=s2, raftlog=s2@group-CF66ACB98618-SegmentedRaftLog:OPENED:c-1,f-1,i0, conf=-1: [s0:0.0.0.0:32897, s1:0.0.0.0:35696, s2:0.0.0.0:35236], old=null RUNNING
	at org.apache.ratis.MiniRaftCluster.newIllegalStateExceptionForNoLeaders(MiniRaftCluster.java:506)
	at org.apache.ratis.RaftTestUtil.lambda$waitForLeader$1(RaftTestUtil.java:90)
	at org.apache.ratis.MiniRaftCluster.getLeader(MiniRaftCluster.java:539)
	at org.apache.ratis.MiniRaftCluster.getLeader(MiniRaftCluster.java:532)
	at org.apache.ratis.RaftTestUtil.lambda$waitForLeader$3(RaftTestUtil.java:98)
	at org.apache.ratis.util.JavaUtils.attempt(JavaUtils.java:152)
	at org.apache.ratis.RaftTestUtil.waitForLeader(RaftTestUtil.java:97)
	at org.apache.ratis.RaftTestUtil.waitForLeader(RaftTestUtil.java:77)
	at org.apache.ratis.RaftTestUtil.waitForLeader(RaftTestUtil.java:72)
	at org.apache.ratis.server.impl.RaftReconfigurationBaseTest.lambda$testAddPeers$0(RaftReconfigurationBaseTest.java:78)
	at org.apache.ratis.MiniRaftCluster$Factory$Get.runWithNewCluster(MiniRaftCluster.java:125)
	at org.apache.ratis.MiniRaftCluster$Factory$Get.runWithNewCluster(MiniRaftCluster.java:113)
	at org.apache.ratis.server.impl.RaftReconfigurationBaseTest.testAddPeers(RaftReconfigurationBaseTest.java:77)
	at sun.reflect.NativeMethodAccessorImpl.invoke0(Native Method)
	at sun.reflect.NativeMethodAccessorImpl.invoke(NativeMethodAccessorImpl.java:62)
	at sun.reflect.DelegatingMethodAccessorImpl.invoke(DelegatingMethodAccessorImpl.java:43)
	at java.lang.reflect.Method.invoke(Method.java:498)
	at org.junit.runners.model.FrameworkMethod$1.runReflectiveCall(FrameworkMethod.java:50)
	at org.junit.internal.runners.model.ReflectiveCallable.run(ReflectiveCallable.java:12)
	at org.junit.runners.model.FrameworkMethod.invokeExplosively(FrameworkMethod.java:47)
	at org.junit.internal.runners.statements.InvokeMethod.evaluate(InvokeMethod.java:17)
	at org.junit.internal.runners.statements.RunAfters.evaluate(RunAfters.java:27)
	at org.junit.internal.runners.statements.FailOnTimeout$CallableStatement.call(FailOnTimeout.java:298)
	at org.junit.internal.runners.statements.FailOnTimeout$CallableStatement.call(FailOnTimeout.java:292)
	at java.util.concurrent.FutureTask.run(FutureTask.java:266)
	at java.lang.Thread.run(Thread.java:748)
2019-09-24 17:04:08,410 WARN  ratis.RaftTestUtil (JavaUtils.java:attempt(158)) - FAILED "waitForLeader-null-(expectLeader? true)", attempt #91/100: java.lang.IllegalStateException: No leader yet : printing ALL groups
  s0:  RUNNING CANDIDATE s0@group-CF66ACB98618:t9, leader=null, voted=s0, raftlog=s0@group-CF66ACB98618-SegmentedRaftLog:OPENED:c-1,f-1,i0, conf=-1: [s0:0.0.0.0:32897, s1:0.0.0.0:35696, s2:0.0.0.0:35236], old=null RUNNING
  s1:  RUNNING  FOLLOWER s1@group-CF66ACB98618:t7, leader=null, voted=null, raftlog=s1@group-CF66ACB98618-SegmentedRaftLog:OPENED:c-1,f-1,i0, conf=-1: [s0:0.0.0.0:32897, s1:0.0.0.0:35696, s2:0.0.0.0:35236], old=null RUNNING
  s2:  RUNNING CANDIDATE s2@group-CF66ACB98618:t9, leader=null, voted=s2, raftlog=s2@group-CF66ACB98618-SegmentedRaftLog:OPENED:c-1,f-1,i0, conf=-1: [s0:0.0.0.0:32897, s1:0.0.0.0:35696, s2:0.0.0.0:35236], old=null RUNNING, sleep 450ms and then retry.
java.lang.IllegalStateException: No leader yet : printing ALL groups
  s0:  RUNNING CANDIDATE s0@group-CF66ACB98618:t9, leader=null, voted=s0, raftlog=s0@group-CF66ACB98618-SegmentedRaftLog:OPENED:c-1,f-1,i0, conf=-1: [s0:0.0.0.0:32897, s1:0.0.0.0:35696, s2:0.0.0.0:35236], old=null RUNNING
  s1:  RUNNING  FOLLOWER s1@group-CF66ACB98618:t7, leader=null, voted=null, raftlog=s1@group-CF66ACB98618-SegmentedRaftLog:OPENED:c-1,f-1,i0, conf=-1: [s0:0.0.0.0:32897, s1:0.0.0.0:35696, s2:0.0.0.0:35236], old=null RUNNING
  s2:  RUNNING CANDIDATE s2@group-CF66ACB98618:t9, leader=null, voted=s2, raftlog=s2@group-CF66ACB98618-SegmentedRaftLog:OPENED:c-1,f-1,i0, conf=-1: [s0:0.0.0.0:32897, s1:0.0.0.0:35696, s2:0.0.0.0:35236], old=null RUNNING
	at org.apache.ratis.MiniRaftCluster.newIllegalStateExceptionForNoLeaders(MiniRaftCluster.java:506)
	at org.apache.ratis.RaftTestUtil.lambda$waitForLeader$1(RaftTestUtil.java:90)
	at org.apache.ratis.MiniRaftCluster.getLeader(MiniRaftCluster.java:539)
	at org.apache.ratis.MiniRaftCluster.getLeader(MiniRaftCluster.java:532)
	at org.apache.ratis.RaftTestUtil.lambda$waitForLeader$3(RaftTestUtil.java:98)
	at org.apache.ratis.util.JavaUtils.attempt(JavaUtils.java:152)
	at org.apache.ratis.RaftTestUtil.waitForLeader(RaftTestUtil.java:97)
	at org.apache.ratis.RaftTestUtil.waitForLeader(RaftTestUtil.java:77)
	at org.apache.ratis.RaftTestUtil.waitForLeader(RaftTestUtil.java:72)
	at org.apache.ratis.server.impl.RaftReconfigurationBaseTest.lambda$testAddPeers$0(RaftReconfigurationBaseTest.java:78)
	at org.apache.ratis.MiniRaftCluster$Factory$Get.runWithNewCluster(MiniRaftCluster.java:125)
	at org.apache.ratis.MiniRaftCluster$Factory$Get.runWithNewCluster(MiniRaftCluster.java:113)
	at org.apache.ratis.server.impl.RaftReconfigurationBaseTest.testAddPeers(RaftReconfigurationBaseTest.java:77)
	at sun.reflect.NativeMethodAccessorImpl.invoke0(Native Method)
	at sun.reflect.NativeMethodAccessorImpl.invoke(NativeMethodAccessorImpl.java:62)
	at sun.reflect.DelegatingMethodAccessorImpl.invoke(DelegatingMethodAccessorImpl.java:43)
	at java.lang.reflect.Method.invoke(Method.java:498)
	at org.junit.runners.model.FrameworkMethod$1.runReflectiveCall(FrameworkMethod.java:50)
	at org.junit.internal.runners.model.ReflectiveCallable.run(ReflectiveCallable.java:12)
	at org.junit.runners.model.FrameworkMethod.invokeExplosively(FrameworkMethod.java:47)
	at org.junit.internal.runners.statements.InvokeMethod.evaluate(InvokeMethod.java:17)
	at org.junit.internal.runners.statements.RunAfters.evaluate(RunAfters.java:27)
	at org.junit.internal.runners.statements.FailOnTimeout$CallableStatement.call(FailOnTimeout.java:298)
	at org.junit.internal.runners.statements.FailOnTimeout$CallableStatement.call(FailOnTimeout.java:292)
	at java.util.concurrent.FutureTask.run(FutureTask.java:266)
	at java.lang.Thread.run(Thread.java:748)
2019-09-24 17:04:08,861 WARN  ratis.RaftTestUtil (JavaUtils.java:attempt(158)) - FAILED "waitForLeader-null-(expectLeader? true)", attempt #92/100: java.lang.IllegalStateException: No leader yet : printing ALL groups
  s0:  RUNNING CANDIDATE s0@group-CF66ACB98618:t9, leader=null, voted=s0, raftlog=s0@group-CF66ACB98618-SegmentedRaftLog:OPENED:c-1,f-1,i0, conf=-1: [s0:0.0.0.0:32897, s1:0.0.0.0:35696, s2:0.0.0.0:35236], old=null RUNNING
  s1:  RUNNING  FOLLOWER s1@group-CF66ACB98618:t7, leader=null, voted=null, raftlog=s1@group-CF66ACB98618-SegmentedRaftLog:OPENED:c-1,f-1,i0, conf=-1: [s0:0.0.0.0:32897, s1:0.0.0.0:35696, s2:0.0.0.0:35236], old=null RUNNING
  s2:  RUNNING CANDIDATE s2@group-CF66ACB98618:t9, leader=null, voted=s2, raftlog=s2@group-CF66ACB98618-SegmentedRaftLog:OPENED:c-1,f-1,i0, conf=-1: [s0:0.0.0.0:32897, s1:0.0.0.0:35696, s2:0.0.0.0:35236], old=null RUNNING, sleep 450ms and then retry.
java.lang.IllegalStateException: No leader yet : printing ALL groups
  s0:  RUNNING CANDIDATE s0@group-CF66ACB98618:t9, leader=null, voted=s0, raftlog=s0@group-CF66ACB98618-SegmentedRaftLog:OPENED:c-1,f-1,i0, conf=-1: [s0:0.0.0.0:32897, s1:0.0.0.0:35696, s2:0.0.0.0:35236], old=null RUNNING
  s1:  RUNNING  FOLLOWER s1@group-CF66ACB98618:t7, leader=null, voted=null, raftlog=s1@group-CF66ACB98618-SegmentedRaftLog:OPENED:c-1,f-1,i0, conf=-1: [s0:0.0.0.0:32897, s1:0.0.0.0:35696, s2:0.0.0.0:35236], old=null RUNNING
  s2:  RUNNING CANDIDATE s2@group-CF66ACB98618:t9, leader=null, voted=s2, raftlog=s2@group-CF66ACB98618-SegmentedRaftLog:OPENED:c-1,f-1,i0, conf=-1: [s0:0.0.0.0:32897, s1:0.0.0.0:35696, s2:0.0.0.0:35236], old=null RUNNING
	at org.apache.ratis.MiniRaftCluster.newIllegalStateExceptionForNoLeaders(MiniRaftCluster.java:506)
	at org.apache.ratis.RaftTestUtil.lambda$waitForLeader$1(RaftTestUtil.java:90)
	at org.apache.ratis.MiniRaftCluster.getLeader(MiniRaftCluster.java:539)
	at org.apache.ratis.MiniRaftCluster.getLeader(MiniRaftCluster.java:532)
	at org.apache.ratis.RaftTestUtil.lambda$waitForLeader$3(RaftTestUtil.java:98)
	at org.apache.ratis.util.JavaUtils.attempt(JavaUtils.java:152)
	at org.apache.ratis.RaftTestUtil.waitForLeader(RaftTestUtil.java:97)
	at org.apache.ratis.RaftTestUtil.waitForLeader(RaftTestUtil.java:77)
	at org.apache.ratis.RaftTestUtil.waitForLeader(RaftTestUtil.java:72)
	at org.apache.ratis.server.impl.RaftReconfigurationBaseTest.lambda$testAddPeers$0(RaftReconfigurationBaseTest.java:78)
	at org.apache.ratis.MiniRaftCluster$Factory$Get.runWithNewCluster(MiniRaftCluster.java:125)
	at org.apache.ratis.MiniRaftCluster$Factory$Get.runWithNewCluster(MiniRaftCluster.java:113)
	at org.apache.ratis.server.impl.RaftReconfigurationBaseTest.testAddPeers(RaftReconfigurationBaseTest.java:77)
	at sun.reflect.NativeMethodAccessorImpl.invoke0(Native Method)
	at sun.reflect.NativeMethodAccessorImpl.invoke(NativeMethodAccessorImpl.java:62)
	at sun.reflect.DelegatingMethodAccessorImpl.invoke(DelegatingMethodAccessorImpl.java:43)
	at java.lang.reflect.Method.invoke(Method.java:498)
	at org.junit.runners.model.FrameworkMethod$1.runReflectiveCall(FrameworkMethod.java:50)
	at org.junit.internal.runners.model.ReflectiveCallable.run(ReflectiveCallable.java:12)
	at org.junit.runners.model.FrameworkMethod.invokeExplosively(FrameworkMethod.java:47)
	at org.junit.internal.runners.statements.InvokeMethod.evaluate(InvokeMethod.java:17)
	at org.junit.internal.runners.statements.RunAfters.evaluate(RunAfters.java:27)
	at org.junit.internal.runners.statements.FailOnTimeout$CallableStatement.call(FailOnTimeout.java:298)
	at org.junit.internal.runners.statements.FailOnTimeout$CallableStatement.call(FailOnTimeout.java:292)
	at java.util.concurrent.FutureTask.run(FutureTask.java:266)
	at java.lang.Thread.run(Thread.java:748)
2019-09-24 17:04:09,313 WARN  ratis.RaftTestUtil (JavaUtils.java:attempt(158)) - FAILED "waitForLeader-null-(expectLeader? true)", attempt #93/100: java.lang.IllegalStateException: No leader yet : printing ALL groups
  s0:  RUNNING CANDIDATE s0@group-CF66ACB98618:t9, leader=null, voted=s0, raftlog=s0@group-CF66ACB98618-SegmentedRaftLog:OPENED:c-1,f-1,i0, conf=-1: [s0:0.0.0.0:32897, s1:0.0.0.0:35696, s2:0.0.0.0:35236], old=null RUNNING
  s1:  RUNNING  FOLLOWER s1@group-CF66ACB98618:t7, leader=null, voted=null, raftlog=s1@group-CF66ACB98618-SegmentedRaftLog:OPENED:c-1,f-1,i0, conf=-1: [s0:0.0.0.0:32897, s1:0.0.0.0:35696, s2:0.0.0.0:35236], old=null RUNNING
  s2:  RUNNING CANDIDATE s2@group-CF66ACB98618:t9, leader=null, voted=s2, raftlog=s2@group-CF66ACB98618-SegmentedRaftLog:OPENED:c-1,f-1,i0, conf=-1: [s0:0.0.0.0:32897, s1:0.0.0.0:35696, s2:0.0.0.0:35236], old=null RUNNING, sleep 450ms and then retry.
java.lang.IllegalStateException: No leader yet : printing ALL groups
  s0:  RUNNING CANDIDATE s0@group-CF66ACB98618:t9, leader=null, voted=s0, raftlog=s0@group-CF66ACB98618-SegmentedRaftLog:OPENED:c-1,f-1,i0, conf=-1: [s0:0.0.0.0:32897, s1:0.0.0.0:35696, s2:0.0.0.0:35236], old=null RUNNING
  s1:  RUNNING  FOLLOWER s1@group-CF66ACB98618:t7, leader=null, voted=null, raftlog=s1@group-CF66ACB98618-SegmentedRaftLog:OPENED:c-1,f-1,i0, conf=-1: [s0:0.0.0.0:32897, s1:0.0.0.0:35696, s2:0.0.0.0:35236], old=null RUNNING
  s2:  RUNNING CANDIDATE s2@group-CF66ACB98618:t9, leader=null, voted=s2, raftlog=s2@group-CF66ACB98618-SegmentedRaftLog:OPENED:c-1,f-1,i0, conf=-1: [s0:0.0.0.0:32897, s1:0.0.0.0:35696, s2:0.0.0.0:35236], old=null RUNNING
	at org.apache.ratis.MiniRaftCluster.newIllegalStateExceptionForNoLeaders(MiniRaftCluster.java:506)
	at org.apache.ratis.RaftTestUtil.lambda$waitForLeader$1(RaftTestUtil.java:90)
	at org.apache.ratis.MiniRaftCluster.getLeader(MiniRaftCluster.java:539)
	at org.apache.ratis.MiniRaftCluster.getLeader(MiniRaftCluster.java:532)
	at org.apache.ratis.RaftTestUtil.lambda$waitForLeader$3(RaftTestUtil.java:98)
	at org.apache.ratis.util.JavaUtils.attempt(JavaUtils.java:152)
	at org.apache.ratis.RaftTestUtil.waitForLeader(RaftTestUtil.java:97)
	at org.apache.ratis.RaftTestUtil.waitForLeader(RaftTestUtil.java:77)
	at org.apache.ratis.RaftTestUtil.waitForLeader(RaftTestUtil.java:72)
	at org.apache.ratis.server.impl.RaftReconfigurationBaseTest.lambda$testAddPeers$0(RaftReconfigurationBaseTest.java:78)
	at org.apache.ratis.MiniRaftCluster$Factory$Get.runWithNewCluster(MiniRaftCluster.java:125)
	at org.apache.ratis.MiniRaftCluster$Factory$Get.runWithNewCluster(MiniRaftCluster.java:113)
	at org.apache.ratis.server.impl.RaftReconfigurationBaseTest.testAddPeers(RaftReconfigurationBaseTest.java:77)
	at sun.reflect.NativeMethodAccessorImpl.invoke0(Native Method)
	at sun.reflect.NativeMethodAccessorImpl.invoke(NativeMethodAccessorImpl.java:62)
	at sun.reflect.DelegatingMethodAccessorImpl.invoke(DelegatingMethodAccessorImpl.java:43)
	at java.lang.reflect.Method.invoke(Method.java:498)
	at org.junit.runners.model.FrameworkMethod$1.runReflectiveCall(FrameworkMethod.java:50)
	at org.junit.internal.runners.model.ReflectiveCallable.run(ReflectiveCallable.java:12)
	at org.junit.runners.model.FrameworkMethod.invokeExplosively(FrameworkMethod.java:47)
	at org.junit.internal.runners.statements.InvokeMethod.evaluate(InvokeMethod.java:17)
	at org.junit.internal.runners.statements.RunAfters.evaluate(RunAfters.java:27)
	at org.junit.internal.runners.statements.FailOnTimeout$CallableStatement.call(FailOnTimeout.java:298)
	at org.junit.internal.runners.statements.FailOnTimeout$CallableStatement.call(FailOnTimeout.java:292)
	at java.util.concurrent.FutureTask.run(FutureTask.java:266)
	at java.lang.Thread.run(Thread.java:748)
2019-09-24 17:04:09,764 WARN  ratis.RaftTestUtil (JavaUtils.java:attempt(158)) - FAILED "waitForLeader-null-(expectLeader? true)", attempt #94/100: java.lang.IllegalStateException: No leader yet : printing ALL groups
  s0:  RUNNING CANDIDATE s0@group-CF66ACB98618:t9, leader=null, voted=s0, raftlog=s0@group-CF66ACB98618-SegmentedRaftLog:OPENED:c-1,f-1,i0, conf=-1: [s0:0.0.0.0:32897, s1:0.0.0.0:35696, s2:0.0.0.0:35236], old=null RUNNING
  s1:  RUNNING  FOLLOWER s1@group-CF66ACB98618:t7, leader=null, voted=null, raftlog=s1@group-CF66ACB98618-SegmentedRaftLog:OPENED:c-1,f-1,i0, conf=-1: [s0:0.0.0.0:32897, s1:0.0.0.0:35696, s2:0.0.0.0:35236], old=null RUNNING
  s2:  RUNNING CANDIDATE s2@group-CF66ACB98618:t9, leader=null, voted=s2, raftlog=s2@group-CF66ACB98618-SegmentedRaftLog:OPENED:c-1,f-1,i0, conf=-1: [s0:0.0.0.0:32897, s1:0.0.0.0:35696, s2:0.0.0.0:35236], old=null RUNNING, sleep 450ms and then retry.
java.lang.IllegalStateException: No leader yet : printing ALL groups
  s0:  RUNNING CANDIDATE s0@group-CF66ACB98618:t9, leader=null, voted=s0, raftlog=s0@group-CF66ACB98618-SegmentedRaftLog:OPENED:c-1,f-1,i0, conf=-1: [s0:0.0.0.0:32897, s1:0.0.0.0:35696, s2:0.0.0.0:35236], old=null RUNNING
  s1:  RUNNING  FOLLOWER s1@group-CF66ACB98618:t7, leader=null, voted=null, raftlog=s1@group-CF66ACB98618-SegmentedRaftLog:OPENED:c-1,f-1,i0, conf=-1: [s0:0.0.0.0:32897, s1:0.0.0.0:35696, s2:0.0.0.0:35236], old=null RUNNING
  s2:  RUNNING CANDIDATE s2@group-CF66ACB98618:t9, leader=null, voted=s2, raftlog=s2@group-CF66ACB98618-SegmentedRaftLog:OPENED:c-1,f-1,i0, conf=-1: [s0:0.0.0.0:32897, s1:0.0.0.0:35696, s2:0.0.0.0:35236], old=null RUNNING
	at org.apache.ratis.MiniRaftCluster.newIllegalStateExceptionForNoLeaders(MiniRaftCluster.java:506)
	at org.apache.ratis.RaftTestUtil.lambda$waitForLeader$1(RaftTestUtil.java:90)
	at org.apache.ratis.MiniRaftCluster.getLeader(MiniRaftCluster.java:539)
	at org.apache.ratis.MiniRaftCluster.getLeader(MiniRaftCluster.java:532)
	at org.apache.ratis.RaftTestUtil.lambda$waitForLeader$3(RaftTestUtil.java:98)
	at org.apache.ratis.util.JavaUtils.attempt(JavaUtils.java:152)
	at org.apache.ratis.RaftTestUtil.waitForLeader(RaftTestUtil.java:97)
	at org.apache.ratis.RaftTestUtil.waitForLeader(RaftTestUtil.java:77)
	at org.apache.ratis.RaftTestUtil.waitForLeader(RaftTestUtil.java:72)
	at org.apache.ratis.server.impl.RaftReconfigurationBaseTest.lambda$testAddPeers$0(RaftReconfigurationBaseTest.java:78)
	at org.apache.ratis.MiniRaftCluster$Factory$Get.runWithNewCluster(MiniRaftCluster.java:125)
	at org.apache.ratis.MiniRaftCluster$Factory$Get.runWithNewCluster(MiniRaftCluster.java:113)
	at org.apache.ratis.server.impl.RaftReconfigurationBaseTest.testAddPeers(RaftReconfigurationBaseTest.java:77)
	at sun.reflect.NativeMethodAccessorImpl.invoke0(Native Method)
	at sun.reflect.NativeMethodAccessorImpl.invoke(NativeMethodAccessorImpl.java:62)
	at sun.reflect.DelegatingMethodAccessorImpl.invoke(DelegatingMethodAccessorImpl.java:43)
	at java.lang.reflect.Method.invoke(Method.java:498)
	at org.junit.runners.model.FrameworkMethod$1.runReflectiveCall(FrameworkMethod.java:50)
	at org.junit.internal.runners.model.ReflectiveCallable.run(ReflectiveCallable.java:12)
	at org.junit.runners.model.FrameworkMethod.invokeExplosively(FrameworkMethod.java:47)
	at org.junit.internal.runners.statements.InvokeMethod.evaluate(InvokeMethod.java:17)
	at org.junit.internal.runners.statements.RunAfters.evaluate(RunAfters.java:27)
	at org.junit.internal.runners.statements.FailOnTimeout$CallableStatement.call(FailOnTimeout.java:298)
	at org.junit.internal.runners.statements.FailOnTimeout$CallableStatement.call(FailOnTimeout.java:292)
	at java.util.concurrent.FutureTask.run(FutureTask.java:266)
	at java.lang.Thread.run(Thread.java:748)
2019-09-24 17:04:10,215 WARN  ratis.RaftTestUtil (JavaUtils.java:attempt(158)) - FAILED "waitForLeader-null-(expectLeader? true)", attempt #95/100: java.lang.IllegalStateException: No leader yet : printing ALL groups
  s0:  RUNNING CANDIDATE s0@group-CF66ACB98618:t9, leader=null, voted=s0, raftlog=s0@group-CF66ACB98618-SegmentedRaftLog:OPENED:c-1,f-1,i0, conf=-1: [s0:0.0.0.0:32897, s1:0.0.0.0:35696, s2:0.0.0.0:35236], old=null RUNNING
  s1:  RUNNING  FOLLOWER s1@group-CF66ACB98618:t7, leader=null, voted=null, raftlog=s1@group-CF66ACB98618-SegmentedRaftLog:OPENED:c-1,f-1,i0, conf=-1: [s0:0.0.0.0:32897, s1:0.0.0.0:35696, s2:0.0.0.0:35236], old=null RUNNING
  s2:  RUNNING CANDIDATE s2@group-CF66ACB98618:t9, leader=null, voted=s2, raftlog=s2@group-CF66ACB98618-SegmentedRaftLog:OPENED:c-1,f-1,i0, conf=-1: [s0:0.0.0.0:32897, s1:0.0.0.0:35696, s2:0.0.0.0:35236], old=null RUNNING, sleep 450ms and then retry.
java.lang.IllegalStateException: No leader yet : printing ALL groups
  s0:  RUNNING CANDIDATE s0@group-CF66ACB98618:t9, leader=null, voted=s0, raftlog=s0@group-CF66ACB98618-SegmentedRaftLog:OPENED:c-1,f-1,i0, conf=-1: [s0:0.0.0.0:32897, s1:0.0.0.0:35696, s2:0.0.0.0:35236], old=null RUNNING
  s1:  RUNNING  FOLLOWER s1@group-CF66ACB98618:t7, leader=null, voted=null, raftlog=s1@group-CF66ACB98618-SegmentedRaftLog:OPENED:c-1,f-1,i0, conf=-1: [s0:0.0.0.0:32897, s1:0.0.0.0:35696, s2:0.0.0.0:35236], old=null RUNNING
  s2:  RUNNING CANDIDATE s2@group-CF66ACB98618:t9, leader=null, voted=s2, raftlog=s2@group-CF66ACB98618-SegmentedRaftLog:OPENED:c-1,f-1,i0, conf=-1: [s0:0.0.0.0:32897, s1:0.0.0.0:35696, s2:0.0.0.0:35236], old=null RUNNING
	at org.apache.ratis.MiniRaftCluster.newIllegalStateExceptionForNoLeaders(MiniRaftCluster.java:506)
	at org.apache.ratis.RaftTestUtil.lambda$waitForLeader$1(RaftTestUtil.java:90)
	at org.apache.ratis.MiniRaftCluster.getLeader(MiniRaftCluster.java:539)
	at org.apache.ratis.MiniRaftCluster.getLeader(MiniRaftCluster.java:532)
	at org.apache.ratis.RaftTestUtil.lambda$waitForLeader$3(RaftTestUtil.java:98)
	at org.apache.ratis.util.JavaUtils.attempt(JavaUtils.java:152)
	at org.apache.ratis.RaftTestUtil.waitForLeader(RaftTestUtil.java:97)
	at org.apache.ratis.RaftTestUtil.waitForLeader(RaftTestUtil.java:77)
	at org.apache.ratis.RaftTestUtil.waitForLeader(RaftTestUtil.java:72)
	at org.apache.ratis.server.impl.RaftReconfigurationBaseTest.lambda$testAddPeers$0(RaftReconfigurationBaseTest.java:78)
	at org.apache.ratis.MiniRaftCluster$Factory$Get.runWithNewCluster(MiniRaftCluster.java:125)
	at org.apache.ratis.MiniRaftCluster$Factory$Get.runWithNewCluster(MiniRaftCluster.java:113)
	at org.apache.ratis.server.impl.RaftReconfigurationBaseTest.testAddPeers(RaftReconfigurationBaseTest.java:77)
	at sun.reflect.NativeMethodAccessorImpl.invoke0(Native Method)
	at sun.reflect.NativeMethodAccessorImpl.invoke(NativeMethodAccessorImpl.java:62)
	at sun.reflect.DelegatingMethodAccessorImpl.invoke(DelegatingMethodAccessorImpl.java:43)
	at java.lang.reflect.Method.invoke(Method.java:498)
	at org.junit.runners.model.FrameworkMethod$1.runReflectiveCall(FrameworkMethod.java:50)
	at org.junit.internal.runners.model.ReflectiveCallable.run(ReflectiveCallable.java:12)
	at org.junit.runners.model.FrameworkMethod.invokeExplosively(FrameworkMethod.java:47)
	at org.junit.internal.runners.statements.InvokeMethod.evaluate(InvokeMethod.java:17)
	at org.junit.internal.runners.statements.RunAfters.evaluate(RunAfters.java:27)
	at org.junit.internal.runners.statements.FailOnTimeout$CallableStatement.call(FailOnTimeout.java:298)
	at org.junit.internal.runners.statements.FailOnTimeout$CallableStatement.call(FailOnTimeout.java:292)
	at java.util.concurrent.FutureTask.run(FutureTask.java:266)
	at java.lang.Thread.run(Thread.java:748)
2019-09-24 17:04:10,667 WARN  ratis.RaftTestUtil (JavaUtils.java:attempt(158)) - FAILED "waitForLeader-null-(expectLeader? true)", attempt #96/100: java.lang.IllegalStateException: No leader yet : printing ALL groups
  s0:  RUNNING CANDIDATE s0@group-CF66ACB98618:t9, leader=null, voted=s0, raftlog=s0@group-CF66ACB98618-SegmentedRaftLog:OPENED:c-1,f-1,i0, conf=-1: [s0:0.0.0.0:32897, s1:0.0.0.0:35696, s2:0.0.0.0:35236], old=null RUNNING
  s1:  RUNNING  FOLLOWER s1@group-CF66ACB98618:t7, leader=null, voted=null, raftlog=s1@group-CF66ACB98618-SegmentedRaftLog:OPENED:c-1,f-1,i0, conf=-1: [s0:0.0.0.0:32897, s1:0.0.0.0:35696, s2:0.0.0.0:35236], old=null RUNNING
  s2:  RUNNING CANDIDATE s2@group-CF66ACB98618:t9, leader=null, voted=s2, raftlog=s2@group-CF66ACB98618-SegmentedRaftLog:OPENED:c-1,f-1,i0, conf=-1: [s0:0.0.0.0:32897, s1:0.0.0.0:35696, s2:0.0.0.0:35236], old=null RUNNING, sleep 450ms and then retry.
java.lang.IllegalStateException: No leader yet : printing ALL groups
  s0:  RUNNING CANDIDATE s0@group-CF66ACB98618:t9, leader=null, voted=s0, raftlog=s0@group-CF66ACB98618-SegmentedRaftLog:OPENED:c-1,f-1,i0, conf=-1: [s0:0.0.0.0:32897, s1:0.0.0.0:35696, s2:0.0.0.0:35236], old=null RUNNING
  s1:  RUNNING  FOLLOWER s1@group-CF66ACB98618:t7, leader=null, voted=null, raftlog=s1@group-CF66ACB98618-SegmentedRaftLog:OPENED:c-1,f-1,i0, conf=-1: [s0:0.0.0.0:32897, s1:0.0.0.0:35696, s2:0.0.0.0:35236], old=null RUNNING
  s2:  RUNNING CANDIDATE s2@group-CF66ACB98618:t9, leader=null, voted=s2, raftlog=s2@group-CF66ACB98618-SegmentedRaftLog:OPENED:c-1,f-1,i0, conf=-1: [s0:0.0.0.0:32897, s1:0.0.0.0:35696, s2:0.0.0.0:35236], old=null RUNNING
	at org.apache.ratis.MiniRaftCluster.newIllegalStateExceptionForNoLeaders(MiniRaftCluster.java:506)
	at org.apache.ratis.RaftTestUtil.lambda$waitForLeader$1(RaftTestUtil.java:90)
	at org.apache.ratis.MiniRaftCluster.getLeader(MiniRaftCluster.java:539)
	at org.apache.ratis.MiniRaftCluster.getLeader(MiniRaftCluster.java:532)
	at org.apache.ratis.RaftTestUtil.lambda$waitForLeader$3(RaftTestUtil.java:98)
	at org.apache.ratis.util.JavaUtils.attempt(JavaUtils.java:152)
	at org.apache.ratis.RaftTestUtil.waitForLeader(RaftTestUtil.java:97)
	at org.apache.ratis.RaftTestUtil.waitForLeader(RaftTestUtil.java:77)
	at org.apache.ratis.RaftTestUtil.waitForLeader(RaftTestUtil.java:72)
	at org.apache.ratis.server.impl.RaftReconfigurationBaseTest.lambda$testAddPeers$0(RaftReconfigurationBaseTest.java:78)
	at org.apache.ratis.MiniRaftCluster$Factory$Get.runWithNewCluster(MiniRaftCluster.java:125)
	at org.apache.ratis.MiniRaftCluster$Factory$Get.runWithNewCluster(MiniRaftCluster.java:113)
	at org.apache.ratis.server.impl.RaftReconfigurationBaseTest.testAddPeers(RaftReconfigurationBaseTest.java:77)
	at sun.reflect.NativeMethodAccessorImpl.invoke0(Native Method)
	at sun.reflect.NativeMethodAccessorImpl.invoke(NativeMethodAccessorImpl.java:62)
	at sun.reflect.DelegatingMethodAccessorImpl.invoke(DelegatingMethodAccessorImpl.java:43)
	at java.lang.reflect.Method.invoke(Method.java:498)
	at org.junit.runners.model.FrameworkMethod$1.runReflectiveCall(FrameworkMethod.java:50)
	at org.junit.internal.runners.model.ReflectiveCallable.run(ReflectiveCallable.java:12)
	at org.junit.runners.model.FrameworkMethod.invokeExplosively(FrameworkMethod.java:47)
	at org.junit.internal.runners.statements.InvokeMethod.evaluate(InvokeMethod.java:17)
	at org.junit.internal.runners.statements.RunAfters.evaluate(RunAfters.java:27)
	at org.junit.internal.runners.statements.FailOnTimeout$CallableStatement.call(FailOnTimeout.java:298)
	at org.junit.internal.runners.statements.FailOnTimeout$CallableStatement.call(FailOnTimeout.java:292)
	at java.util.concurrent.FutureTask.run(FutureTask.java:266)
	at java.lang.Thread.run(Thread.java:748)
2019-09-24 17:04:11,118 WARN  ratis.RaftTestUtil (JavaUtils.java:attempt(158)) - FAILED "waitForLeader-null-(expectLeader? true)", attempt #97/100: java.lang.IllegalStateException: No leader yet : printing ALL groups
  s0:  RUNNING CANDIDATE s0@group-CF66ACB98618:t9, leader=null, voted=s0, raftlog=s0@group-CF66ACB98618-SegmentedRaftLog:OPENED:c-1,f-1,i0, conf=-1: [s0:0.0.0.0:32897, s1:0.0.0.0:35696, s2:0.0.0.0:35236], old=null RUNNING
  s1:  RUNNING  FOLLOWER s1@group-CF66ACB98618:t7, leader=null, voted=null, raftlog=s1@group-CF66ACB98618-SegmentedRaftLog:OPENED:c-1,f-1,i0, conf=-1: [s0:0.0.0.0:32897, s1:0.0.0.0:35696, s2:0.0.0.0:35236], old=null RUNNING
  s2:  RUNNING CANDIDATE s2@group-CF66ACB98618:t9, leader=null, voted=s2, raftlog=s2@group-CF66ACB98618-SegmentedRaftLog:OPENED:c-1,f-1,i0, conf=-1: [s0:0.0.0.0:32897, s1:0.0.0.0:35696, s2:0.0.0.0:35236], old=null RUNNING, sleep 450ms and then retry.
java.lang.IllegalStateException: No leader yet : printing ALL groups
  s0:  RUNNING CANDIDATE s0@group-CF66ACB98618:t9, leader=null, voted=s0, raftlog=s0@group-CF66ACB98618-SegmentedRaftLog:OPENED:c-1,f-1,i0, conf=-1: [s0:0.0.0.0:32897, s1:0.0.0.0:35696, s2:0.0.0.0:35236], old=null RUNNING
  s1:  RUNNING  FOLLOWER s1@group-CF66ACB98618:t7, leader=null, voted=null, raftlog=s1@group-CF66ACB98618-SegmentedRaftLog:OPENED:c-1,f-1,i0, conf=-1: [s0:0.0.0.0:32897, s1:0.0.0.0:35696, s2:0.0.0.0:35236], old=null RUNNING
  s2:  RUNNING CANDIDATE s2@group-CF66ACB98618:t9, leader=null, voted=s2, raftlog=s2@group-CF66ACB98618-SegmentedRaftLog:OPENED:c-1,f-1,i0, conf=-1: [s0:0.0.0.0:32897, s1:0.0.0.0:35696, s2:0.0.0.0:35236], old=null RUNNING
	at org.apache.ratis.MiniRaftCluster.newIllegalStateExceptionForNoLeaders(MiniRaftCluster.java:506)
	at org.apache.ratis.RaftTestUtil.lambda$waitForLeader$1(RaftTestUtil.java:90)
	at org.apache.ratis.MiniRaftCluster.getLeader(MiniRaftCluster.java:539)
	at org.apache.ratis.MiniRaftCluster.getLeader(MiniRaftCluster.java:532)
	at org.apache.ratis.RaftTestUtil.lambda$waitForLeader$3(RaftTestUtil.java:98)
	at org.apache.ratis.util.JavaUtils.attempt(JavaUtils.java:152)
	at org.apache.ratis.RaftTestUtil.waitForLeader(RaftTestUtil.java:97)
	at org.apache.ratis.RaftTestUtil.waitForLeader(RaftTestUtil.java:77)
	at org.apache.ratis.RaftTestUtil.waitForLeader(RaftTestUtil.java:72)
	at org.apache.ratis.server.impl.RaftReconfigurationBaseTest.lambda$testAddPeers$0(RaftReconfigurationBaseTest.java:78)
	at org.apache.ratis.MiniRaftCluster$Factory$Get.runWithNewCluster(MiniRaftCluster.java:125)
	at org.apache.ratis.MiniRaftCluster$Factory$Get.runWithNewCluster(MiniRaftCluster.java:113)
	at org.apache.ratis.server.impl.RaftReconfigurationBaseTest.testAddPeers(RaftReconfigurationBaseTest.java:77)
	at sun.reflect.NativeMethodAccessorImpl.invoke0(Native Method)
	at sun.reflect.NativeMethodAccessorImpl.invoke(NativeMethodAccessorImpl.java:62)
	at sun.reflect.DelegatingMethodAccessorImpl.invoke(DelegatingMethodAccessorImpl.java:43)
	at java.lang.reflect.Method.invoke(Method.java:498)
	at org.junit.runners.model.FrameworkMethod$1.runReflectiveCall(FrameworkMethod.java:50)
	at org.junit.internal.runners.model.ReflectiveCallable.run(ReflectiveCallable.java:12)
	at org.junit.runners.model.FrameworkMethod.invokeExplosively(FrameworkMethod.java:47)
	at org.junit.internal.runners.statements.InvokeMethod.evaluate(InvokeMethod.java:17)
	at org.junit.internal.runners.statements.RunAfters.evaluate(RunAfters.java:27)
	at org.junit.internal.runners.statements.FailOnTimeout$CallableStatement.call(FailOnTimeout.java:298)
	at org.junit.internal.runners.statements.FailOnTimeout$CallableStatement.call(FailOnTimeout.java:292)
	at java.util.concurrent.FutureTask.run(FutureTask.java:266)
	at java.lang.Thread.run(Thread.java:748)
2019-09-24 17:04:11,569 WARN  ratis.RaftTestUtil (JavaUtils.java:attempt(158)) - FAILED "waitForLeader-null-(expectLeader? true)", attempt #98/100: java.lang.IllegalStateException: No leader yet : printing ALL groups
  s0:  RUNNING CANDIDATE s0@group-CF66ACB98618:t9, leader=null, voted=s0, raftlog=s0@group-CF66ACB98618-SegmentedRaftLog:OPENED:c-1,f-1,i0, conf=-1: [s0:0.0.0.0:32897, s1:0.0.0.0:35696, s2:0.0.0.0:35236], old=null RUNNING
  s1:  RUNNING  FOLLOWER s1@group-CF66ACB98618:t7, leader=null, voted=null, raftlog=s1@group-CF66ACB98618-SegmentedRaftLog:OPENED:c-1,f-1,i0, conf=-1: [s0:0.0.0.0:32897, s1:0.0.0.0:35696, s2:0.0.0.0:35236], old=null RUNNING
  s2:  RUNNING CANDIDATE s2@group-CF66ACB98618:t9, leader=null, voted=s2, raftlog=s2@group-CF66ACB98618-SegmentedRaftLog:OPENED:c-1,f-1,i0, conf=-1: [s0:0.0.0.0:32897, s1:0.0.0.0:35696, s2:0.0.0.0:35236], old=null RUNNING, sleep 450ms and then retry.
java.lang.IllegalStateException: No leader yet : printing ALL groups
  s0:  RUNNING CANDIDATE s0@group-CF66ACB98618:t9, leader=null, voted=s0, raftlog=s0@group-CF66ACB98618-SegmentedRaftLog:OPENED:c-1,f-1,i0, conf=-1: [s0:0.0.0.0:32897, s1:0.0.0.0:35696, s2:0.0.0.0:35236], old=null RUNNING
  s1:  RUNNING  FOLLOWER s1@group-CF66ACB98618:t7, leader=null, voted=null, raftlog=s1@group-CF66ACB98618-SegmentedRaftLog:OPENED:c-1,f-1,i0, conf=-1: [s0:0.0.0.0:32897, s1:0.0.0.0:35696, s2:0.0.0.0:35236], old=null RUNNING
  s2:  RUNNING CANDIDATE s2@group-CF66ACB98618:t9, leader=null, voted=s2, raftlog=s2@group-CF66ACB98618-SegmentedRaftLog:OPENED:c-1,f-1,i0, conf=-1: [s0:0.0.0.0:32897, s1:0.0.0.0:35696, s2:0.0.0.0:35236], old=null RUNNING
	at org.apache.ratis.MiniRaftCluster.newIllegalStateExceptionForNoLeaders(MiniRaftCluster.java:506)
	at org.apache.ratis.RaftTestUtil.lambda$waitForLeader$1(RaftTestUtil.java:90)
	at org.apache.ratis.MiniRaftCluster.getLeader(MiniRaftCluster.java:539)
	at org.apache.ratis.MiniRaftCluster.getLeader(MiniRaftCluster.java:532)
	at org.apache.ratis.RaftTestUtil.lambda$waitForLeader$3(RaftTestUtil.java:98)
	at org.apache.ratis.util.JavaUtils.attempt(JavaUtils.java:152)
	at org.apache.ratis.RaftTestUtil.waitForLeader(RaftTestUtil.java:97)
	at org.apache.ratis.RaftTestUtil.waitForLeader(RaftTestUtil.java:77)
	at org.apache.ratis.RaftTestUtil.waitForLeader(RaftTestUtil.java:72)
	at org.apache.ratis.server.impl.RaftReconfigurationBaseTest.lambda$testAddPeers$0(RaftReconfigurationBaseTest.java:78)
	at org.apache.ratis.MiniRaftCluster$Factory$Get.runWithNewCluster(MiniRaftCluster.java:125)
	at org.apache.ratis.MiniRaftCluster$Factory$Get.runWithNewCluster(MiniRaftCluster.java:113)
	at org.apache.ratis.server.impl.RaftReconfigurationBaseTest.testAddPeers(RaftReconfigurationBaseTest.java:77)
	at sun.reflect.NativeMethodAccessorImpl.invoke0(Native Method)
	at sun.reflect.NativeMethodAccessorImpl.invoke(NativeMethodAccessorImpl.java:62)
	at sun.reflect.DelegatingMethodAccessorImpl.invoke(DelegatingMethodAccessorImpl.java:43)
	at java.lang.reflect.Method.invoke(Method.java:498)
	at org.junit.runners.model.FrameworkMethod$1.runReflectiveCall(FrameworkMethod.java:50)
	at org.junit.internal.runners.model.ReflectiveCallable.run(ReflectiveCallable.java:12)
	at org.junit.runners.model.FrameworkMethod.invokeExplosively(FrameworkMethod.java:47)
	at org.junit.internal.runners.statements.InvokeMethod.evaluate(InvokeMethod.java:17)
	at org.junit.internal.runners.statements.RunAfters.evaluate(RunAfters.java:27)
	at org.junit.internal.runners.statements.FailOnTimeout$CallableStatement.call(FailOnTimeout.java:298)
	at org.junit.internal.runners.statements.FailOnTimeout$CallableStatement.call(FailOnTimeout.java:292)
	at java.util.concurrent.FutureTask.run(FutureTask.java:266)
	at java.lang.Thread.run(Thread.java:748)
2019-09-24 17:04:12,020 WARN  ratis.RaftTestUtil (JavaUtils.java:attempt(158)) - FAILED "waitForLeader-null-(expectLeader? true)", attempt #99/100: java.lang.IllegalStateException: No leader yet : printing ALL groups
  s0:  RUNNING CANDIDATE s0@group-CF66ACB98618:t9, leader=null, voted=s0, raftlog=s0@group-CF66ACB98618-SegmentedRaftLog:OPENED:c-1,f-1,i0, conf=-1: [s0:0.0.0.0:32897, s1:0.0.0.0:35696, s2:0.0.0.0:35236], old=null RUNNING
  s1:  RUNNING  FOLLOWER s1@group-CF66ACB98618:t7, leader=null, voted=null, raftlog=s1@group-CF66ACB98618-SegmentedRaftLog:OPENED:c-1,f-1,i0, conf=-1: [s0:0.0.0.0:32897, s1:0.0.0.0:35696, s2:0.0.0.0:35236], old=null RUNNING
  s2:  RUNNING CANDIDATE s2@group-CF66ACB98618:t9, leader=null, voted=s2, raftlog=s2@group-CF66ACB98618-SegmentedRaftLog:OPENED:c-1,f-1,i0, conf=-1: [s0:0.0.0.0:32897, s1:0.0.0.0:35696, s2:0.0.0.0:35236], old=null RUNNING, sleep 450ms and then retry.
java.lang.IllegalStateException: No leader yet : printing ALL groups
  s0:  RUNNING CANDIDATE s0@group-CF66ACB98618:t9, leader=null, voted=s0, raftlog=s0@group-CF66ACB98618-SegmentedRaftLog:OPENED:c-1,f-1,i0, conf=-1: [s0:0.0.0.0:32897, s1:0.0.0.0:35696, s2:0.0.0.0:35236], old=null RUNNING
  s1:  RUNNING  FOLLOWER s1@group-CF66ACB98618:t7, leader=null, voted=null, raftlog=s1@group-CF66ACB98618-SegmentedRaftLog:OPENED:c-1,f-1,i0, conf=-1: [s0:0.0.0.0:32897, s1:0.0.0.0:35696, s2:0.0.0.0:35236], old=null RUNNING
  s2:  RUNNING CANDIDATE s2@group-CF66ACB98618:t9, leader=null, voted=s2, raftlog=s2@group-CF66ACB98618-SegmentedRaftLog:OPENED:c-1,f-1,i0, conf=-1: [s0:0.0.0.0:32897, s1:0.0.0.0:35696, s2:0.0.0.0:35236], old=null RUNNING
	at org.apache.ratis.MiniRaftCluster.newIllegalStateExceptionForNoLeaders(MiniRaftCluster.java:506)
	at org.apache.ratis.RaftTestUtil.lambda$waitForLeader$1(RaftTestUtil.java:90)
	at org.apache.ratis.MiniRaftCluster.getLeader(MiniRaftCluster.java:539)
	at org.apache.ratis.MiniRaftCluster.getLeader(MiniRaftCluster.java:532)
	at org.apache.ratis.RaftTestUtil.lambda$waitForLeader$3(RaftTestUtil.java:98)
	at org.apache.ratis.util.JavaUtils.attempt(JavaUtils.java:152)
	at org.apache.ratis.RaftTestUtil.waitForLeader(RaftTestUtil.java:97)
	at org.apache.ratis.RaftTestUtil.waitForLeader(RaftTestUtil.java:77)
	at org.apache.ratis.RaftTestUtil.waitForLeader(RaftTestUtil.java:72)
	at org.apache.ratis.server.impl.RaftReconfigurationBaseTest.lambda$testAddPeers$0(RaftReconfigurationBaseTest.java:78)
	at org.apache.ratis.MiniRaftCluster$Factory$Get.runWithNewCluster(MiniRaftCluster.java:125)
	at org.apache.ratis.MiniRaftCluster$Factory$Get.runWithNewCluster(MiniRaftCluster.java:113)
	at org.apache.ratis.server.impl.RaftReconfigurationBaseTest.testAddPeers(RaftReconfigurationBaseTest.java:77)
	at sun.reflect.NativeMethodAccessorImpl.invoke0(Native Method)
	at sun.reflect.NativeMethodAccessorImpl.invoke(NativeMethodAccessorImpl.java:62)
	at sun.reflect.DelegatingMethodAccessorImpl.invoke(DelegatingMethodAccessorImpl.java:43)
	at java.lang.reflect.Method.invoke(Method.java:498)
	at org.junit.runners.model.FrameworkMethod$1.runReflectiveCall(FrameworkMethod.java:50)
	at org.junit.internal.runners.model.ReflectiveCallable.run(ReflectiveCallable.java:12)
	at org.junit.runners.model.FrameworkMethod.invokeExplosively(FrameworkMethod.java:47)
	at org.junit.internal.runners.statements.InvokeMethod.evaluate(InvokeMethod.java:17)
	at org.junit.internal.runners.statements.RunAfters.evaluate(RunAfters.java:27)
	at org.junit.internal.runners.statements.FailOnTimeout$CallableStatement.call(FailOnTimeout.java:298)
	at org.junit.internal.runners.statements.FailOnTimeout$CallableStatement.call(FailOnTimeout.java:292)
	at java.util.concurrent.FutureTask.run(FutureTask.java:266)
	at java.lang.Thread.run(Thread.java:748)
2019-09-24 17:04:12,471 INFO  ratis.MiniRaftCluster (MiniRaftCluster.java:runWithNewCluster(127)) - printing ALL groups
  s0:  RUNNING CANDIDATE s0@group-CF66ACB98618:t9, leader=null, voted=s0, raftlog=s0@group-CF66ACB98618-SegmentedRaftLog:OPENED:c-1,f-1,i0, conf=-1: [s0:0.0.0.0:32897, s1:0.0.0.0:35696, s2:0.0.0.0:35236], old=null RUNNING
  s1:  RUNNING  FOLLOWER s1@group-CF66ACB98618:t7, leader=null, voted=null, raftlog=s1@group-CF66ACB98618-SegmentedRaftLog:OPENED:c-1,f-1,i0, conf=-1: [s0:0.0.0.0:32897, s1:0.0.0.0:35696, s2:0.0.0.0:35236], old=null RUNNING
  s2:  RUNNING CANDIDATE s2@group-CF66ACB98618:t9, leader=null, voted=s2, raftlog=s2@group-CF66ACB98618-SegmentedRaftLog:OPENED:c-1,f-1,i0, conf=-1: [s0:0.0.0.0:32897, s1:0.0.0.0:35696, s2:0.0.0.0:35236], old=null RUNNING
2019-09-24 17:04:12,472 ERROR ratis.MiniRaftCluster (MiniRaftCluster.java:runWithNewCluster(128)) - Failed org.apache.ratis.MiniRaftCluster$Factory$Get.runWithNewCluster(MiniRaftCluster.java:113)
java.lang.IllegalStateException: No leader yet : printing ALL groups
  s0:  RUNNING CANDIDATE s0@group-CF66ACB98618:t9, leader=null, voted=s0, raftlog=s0@group-CF66ACB98618-SegmentedRaftLog:OPENED:c-1,f-1,i0, conf=-1: [s0:0.0.0.0:32897, s1:0.0.0.0:35696, s2:0.0.0.0:35236], old=null RUNNING
  s1:  RUNNING  FOLLOWER s1@group-CF66ACB98618:t7, leader=null, voted=null, raftlog=s1@group-CF66ACB98618-SegmentedRaftLog:OPENED:c-1,f-1,i0, conf=-1: [s0:0.0.0.0:32897, s1:0.0.0.0:35696, s2:0.0.0.0:35236], old=null RUNNING
  s2:  RUNNING CANDIDATE s2@group-CF66ACB98618:t9, leader=null, voted=s2, raftlog=s2@group-CF66ACB98618-SegmentedRaftLog:OPENED:c-1,f-1,i0, conf=-1: [s0:0.0.0.0:32897, s1:0.0.0.0:35696, s2:0.0.0.0:35236], old=null RUNNING
	at org.apache.ratis.MiniRaftCluster.newIllegalStateExceptionForNoLeaders(MiniRaftCluster.java:506)
	at org.apache.ratis.RaftTestUtil.lambda$waitForLeader$1(RaftTestUtil.java:90)
	at org.apache.ratis.MiniRaftCluster.getLeader(MiniRaftCluster.java:539)
	at org.apache.ratis.MiniRaftCluster.getLeader(MiniRaftCluster.java:532)
	at org.apache.ratis.RaftTestUtil.lambda$waitForLeader$3(RaftTestUtil.java:98)
	at org.apache.ratis.util.JavaUtils.attempt(JavaUtils.java:152)
	at org.apache.ratis.RaftTestUtil.waitForLeader(RaftTestUtil.java:97)
	at org.apache.ratis.RaftTestUtil.waitForLeader(RaftTestUtil.java:77)
	at org.apache.ratis.RaftTestUtil.waitForLeader(RaftTestUtil.java:72)
	at org.apache.ratis.server.impl.RaftReconfigurationBaseTest.lambda$testAddPeers$0(RaftReconfigurationBaseTest.java:78)
	at org.apache.ratis.MiniRaftCluster$Factory$Get.runWithNewCluster(MiniRaftCluster.java:125)
	at org.apache.ratis.MiniRaftCluster$Factory$Get.runWithNewCluster(MiniRaftCluster.java:113)
	at org.apache.ratis.server.impl.RaftReconfigurationBaseTest.testAddPeers(RaftReconfigurationBaseTest.java:77)
	at sun.reflect.NativeMethodAccessorImpl.invoke0(Native Method)
	at sun.reflect.NativeMethodAccessorImpl.invoke(NativeMethodAccessorImpl.java:62)
	at sun.reflect.DelegatingMethodAccessorImpl.invoke(DelegatingMethodAccessorImpl.java:43)
	at java.lang.reflect.Method.invoke(Method.java:498)
	at org.junit.runners.model.FrameworkMethod$1.runReflectiveCall(FrameworkMethod.java:50)
	at org.junit.internal.runners.model.ReflectiveCallable.run(ReflectiveCallable.java:12)
	at org.junit.runners.model.FrameworkMethod.invokeExplosively(FrameworkMethod.java:47)
	at org.junit.internal.runners.statements.InvokeMethod.evaluate(InvokeMethod.java:17)
	at org.junit.internal.runners.statements.RunAfters.evaluate(RunAfters.java:27)
	at org.junit.internal.runners.statements.FailOnTimeout$CallableStatement.call(FailOnTimeout.java:298)
	at org.junit.internal.runners.statements.FailOnTimeout$CallableStatement.call(FailOnTimeout.java:292)
	at java.util.concurrent.FutureTask.run(FutureTask.java:266)
	at java.lang.Thread.run(Thread.java:748)
2019-09-24 17:04:12,472 INFO  ratis.MiniRaftCluster (MiniRaftCluster.java:shutdown(700)) - ************************************************************** 
2019-09-24 17:04:12,472 INFO  ratis.MiniRaftCluster (MiniRaftCluster.java:shutdown(701)) - *** 
2019-09-24 17:04:12,473 INFO  ratis.MiniRaftCluster (MiniRaftCluster.java:shutdown(702)) - ***     Stopping MiniRaftClusterWithSimulatedRpc
2019-09-24 17:04:12,473 INFO  ratis.MiniRaftCluster (MiniRaftCluster.java:shutdown(703)) - *** 
2019-09-24 17:04:12,473 INFO  ratis.MiniRaftCluster (MiniRaftCluster.java:shutdown(704)) - ************************************************************** 
2019-09-24 17:04:12,473 INFO  ratis.MiniRaftCluster (MiniRaftCluster.java:shutdown(705)) - printing ALL groups
  s0:  RUNNING CANDIDATE s0@group-CF66ACB98618:t9, leader=null, voted=s0, raftlog=s0@group-CF66ACB98618-SegmentedRaftLog:OPENED:c-1,f-1,i0, conf=-1: [s0:0.0.0.0:32897, s1:0.0.0.0:35696, s2:0.0.0.0:35236], old=null RUNNING
  s1:  RUNNING  FOLLOWER s1@group-CF66ACB98618:t7, leader=null, voted=null, raftlog=s1@group-CF66ACB98618-SegmentedRaftLog:OPENED:c-1,f-1,i0, conf=-1: [s0:0.0.0.0:32897, s1:0.0.0.0:35696, s2:0.0.0.0:35236], old=null RUNNING
  s2:  RUNNING CANDIDATE s2@group-CF66ACB98618:t9, leader=null, voted=s2, raftlog=s2@group-CF66ACB98618-SegmentedRaftLog:OPENED:c-1,f-1,i0, conf=-1: [s0:0.0.0.0:32897, s1:0.0.0.0:35696, s2:0.0.0.0:35236], old=null RUNNING
2019-09-24 17:04:12,475 INFO  impl.RaftServerProxy (RaftServerProxy.java:lambda$close$4(314)) - s1: close
2019-09-24 17:04:12,475 INFO  impl.RaftServerProxy (RaftServerProxy.java:lambda$close$4(314)) - s2: close
2019-09-24 17:04:12,475 INFO  impl.RaftServerProxy (RaftServerProxy.java:lambda$close$4(314)) - s0: close
2019-09-24 17:04:12,475 INFO  impl.RaftServerImpl (RaftServerImpl.java:lambda$shutdown$3(247)) - s2@group-CF66ACB98618: shutdown
2019-09-24 17:04:12,475 INFO  impl.RaftServerImpl (RaftServerImpl.java:lambda$shutdown$3(247)) - s1@group-CF66ACB98618: shutdown
2019-09-24 17:04:12,476 INFO  util.JmxRegister (JmxRegister.java:unregister(73)) - Successfully un-registered JMX Bean with object name Ratis:service=RaftServer,group=group-CF66ACB98618,id=s2
2019-09-24 17:04:12,475 INFO  impl.RaftServerImpl (RaftServerImpl.java:lambda$shutdown$3(247)) - s0@group-CF66ACB98618: shutdown
2019-09-24 17:04:12,476 INFO  impl.RoleInfo (RoleInfo.java:shutdownLeaderElection(134)) - s2: shutdown LeaderElection
2019-09-24 17:04:12,476 INFO  util.JmxRegister (JmxRegister.java:unregister(73)) - Successfully un-registered JMX Bean with object name Ratis:service=RaftServer,group=group-CF66ACB98618,id=s1
2019-09-24 17:04:12,477 INFO  impl.RoleInfo (RoleInfo.java:shutdownFollowerState(121)) - s1: shutdown FollowerState
2019-09-24 17:04:12,477 INFO  impl.StateMachineUpdater (StateMachineUpdater.java:stopAndJoin(136)) - s2@group-CF66ACB98618-StateMachineUpdater: set stopIndex = -1
2019-09-24 17:04:12,476 INFO  util.JmxRegister (JmxRegister.java:unregister(73)) - Successfully un-registered JMX Bean with object name Ratis:service=RaftServer,group=group-CF66ACB98618,id=s0
2019-09-24 17:04:12,478 INFO  impl.RaftServerImpl (ServerState.java:close(386)) - s2@group-CF66ACB98618: closes. applyIndex: -1
2019-09-24 17:04:12,477 INFO  impl.StateMachineUpdater (StateMachineUpdater.java:stopAndJoin(136)) - s1@group-CF66ACB98618-StateMachineUpdater: set stopIndex = -1
2019-09-24 17:04:12,478 INFO  segmented.SegmentedRaftLogWorker (SegmentedRaftLogWorker.java:run(313)) - s2@group-CF66ACB98618-SegmentedRaftLogWorker was interrupted, exiting. There are 0 tasks remaining in the queue.
2019-09-24 17:04:12,478 INFO  impl.RoleInfo (RoleInfo.java:shutdownLeaderElection(134)) - s0: shutdown LeaderElection
2019-09-24 17:04:12,479 INFO  segmented.SegmentedRaftLogWorker (SegmentedRaftLogWorker.java:close(228)) - s2@group-CF66ACB98618-SegmentedRaftLogWorker close()
2019-09-24 17:04:12,478 INFO  impl.RaftServerImpl (ServerState.java:close(386)) - s1@group-CF66ACB98618: closes. applyIndex: -1
2019-09-24 17:04:12,480 INFO  simulation.RequestHandler (RequestHandler.java:run(126)) - s2.clientHandler2 is interrupted by java.io.InterruptedIOException: 
2019-09-24 17:04:12,480 INFO  simulation.RequestHandler (RequestHandler.java:run(126)) - s2.clientHandler0 is interrupted by java.io.InterruptedIOException: 
2019-09-24 17:04:12,480 INFO  simulation.RequestHandler (RequestHandler.java:run(126)) - s2.clientHandler1 is interrupted by java.io.InterruptedIOException: 
2019-09-24 17:04:12,479 INFO  impl.StateMachineUpdater (StateMachineUpdater.java:stopAndJoin(136)) - s0@group-CF66ACB98618-StateMachineUpdater: set stopIndex = -1
2019-09-24 17:04:12,481 INFO  simulation.RequestHandler (RequestHandler.java:run(126)) - s2.serverHandler2 is interrupted by java.io.InterruptedIOException: 
2019-09-24 17:04:12,481 INFO  simulation.RequestHandler (RequestHandler.java:run(126)) - s2.serverHandler1 is interrupted by java.io.InterruptedIOException: 
2019-09-24 17:04:12,481 INFO  simulation.RequestHandler (RequestHandler.java:run(126)) - s2.serverHandler0 is interrupted by java.io.InterruptedIOException: 
2019-09-24 17:04:12,480 INFO  segmented.SegmentedRaftLogWorker (SegmentedRaftLogWorker.java:run(313)) - s1@group-CF66ACB98618-SegmentedRaftLogWorker was interrupted, exiting. There are 0 tasks remaining in the queue.
2019-09-24 17:04:12,481 INFO  segmented.SegmentedRaftLogWorker (SegmentedRaftLogWorker.java:close(228)) - s1@group-CF66ACB98618-SegmentedRaftLogWorker close()
2019-09-24 17:04:12,481 INFO  impl.RaftServerImpl (ServerState.java:close(386)) - s0@group-CF66ACB98618: closes. applyIndex: -1
2019-09-24 17:04:12,482 INFO  simulation.RequestHandler (RequestHandler.java:run(126)) - s1.clientHandler0 is interrupted by java.io.InterruptedIOException: 
2019-09-24 17:04:12,482 INFO  simulation.RequestHandler (RequestHandler.java:run(126)) - s1.clientHandler1 is interrupted by java.io.InterruptedIOException: 
2019-09-24 17:04:12,483 INFO  segmented.SegmentedRaftLogWorker (SegmentedRaftLogWorker.java:run(313)) - s0@group-CF66ACB98618-SegmentedRaftLogWorker was interrupted, exiting. There are 0 tasks remaining in the queue.
2019-09-24 17:04:12,482 INFO  simulation.RequestHandler (RequestHandler.java:run(126)) - s1.clientHandler2 is interrupted by java.io.InterruptedIOException: 
2019-09-24 17:04:12,483 INFO  segmented.SegmentedRaftLogWorker (SegmentedRaftLogWorker.java:close(228)) - s0@group-CF66ACB98618-SegmentedRaftLogWorker close()
2019-09-24 17:04:12,484 INFO  simulation.RequestHandler (RequestHandler.java:run(126)) - s0.clientHandler0 is interrupted by java.io.InterruptedIOException: 
2019-09-24 17:04:12,484 INFO  simulation.RequestHandler (RequestHandler.java:run(126)) - s0.clientHandler2 is interrupted by java.io.InterruptedIOException: 
2019-09-24 17:04:12,484 INFO  simulation.RequestHandler (RequestHandler.java:run(126)) - s0.clientHandler1 is interrupted by java.io.InterruptedIOException: 
2019-09-24 17:04:12,484 INFO  simulation.RequestHandler (RequestHandler.java:run(126)) - s0.serverHandler1 is interrupted by java.io.InterruptedIOException: 
2019-09-24 17:04:12,484 INFO  simulation.RequestHandler (RequestHandler.java:run(126)) - s0.serverHandler2 is interrupted by java.io.InterruptedIOException: 
2019-09-24 17:04:12,484 INFO  simulation.RequestHandler (RequestHandler.java:run(126)) - s0.serverHandler0 is interrupted by java.io.InterruptedIOException: 
2019-09-24 17:04:12,843 INFO  impl.LeaderElection (LeaderElection.java:askForVotes(178)) - s2@group-CF66ACB98618-LeaderElection163: begin an election at term 9 for -1: [s0:0.0.0.0:32897, s1:0.0.0.0:35696, s2:0.0.0.0:35236], old=null
2019-09-24 17:04:12,844 WARN  util.AtomicFileOutputStream (AtomicFileOutputStream.java:abort(100)) - Unable to delete tmp file during abort /workdir/ratis-test/target/test/data/106c393e/MiniRaftClusterWithSimulatedRpc7acbde53/s1/d6b450d7-d8e7-4a1c-9156-cf66acb98618/current/raft-meta.tmp
2019-09-24 17:04:12,843 INFO  impl.LeaderElection (LeaderElection.java:askForVotes(178)) - s0@group-CF66ACB98618-LeaderElection167: begin an election at term 9 for -1: [s0:0.0.0.0:32897, s1:0.0.0.0:35696, s2:0.0.0.0:35236], old=null
2019-09-24 17:04:12,844 INFO  impl.LeaderElection (LeaderElection.java:run(137)) - s2@group-CF66ACB98618-LeaderElection163: IllegalArgumentException is safely ignored since this is already CLOSING
java.lang.IllegalArgumentException: s2@group-CF66ACB98618-SegmentedRaftLog is expected to be opened but it is CLOSED
	at org.apache.ratis.util.OpenCloseState.assertOpen(OpenCloseState.java:63)
	at org.apache.ratis.server.raftlog.RaftLog.checkLogState(RaftLog.java:102)
	at org.apache.ratis.server.raftlog.segmented.SegmentedRaftLog.getLastEntryTermIndex(SegmentedRaftLog.java:324)
	at org.apache.ratis.server.impl.LeaderElection.askForVotes(LeaderElection.java:180)
	at org.apache.ratis.server.impl.LeaderElection.run(LeaderElection.java:133)
	at java.lang.Thread.run(Thread.java:748)
Caused by: org.apache.ratis.util.OpenCloseState$CloseTrace: Close s2@group-CF66ACB98618-SegmentedRaftLog
	at org.apache.ratis.util.OpenCloseState.lambda$close$1(OpenCloseState.java:109)
	at java.util.concurrent.atomic.AtomicReference.getAndUpdate(AtomicReference.java:160)
	at org.apache.ratis.util.OpenCloseState.close(OpenCloseState.java:109)
	at org.apache.ratis.server.raftlog.RaftLog.close(RaftLog.java:437)
	at org.apache.ratis.server.raftlog.segmented.SegmentedRaftLog.close(SegmentedRaftLog.java:476)
	at org.apache.ratis.server.impl.ServerState.close(ServerState.java:388)
	at org.apache.ratis.server.impl.RaftServerImpl.lambda$shutdown$3(RaftServerImpl.java:269)
	at org.apache.ratis.util.LifeCycle.lambda$checkStateAndClose$2(LifeCycle.java:231)
	at org.apache.ratis.util.LifeCycle.checkStateAndClose(LifeCycle.java:251)
	at org.apache.ratis.util.LifeCycle.checkStateAndClose(LifeCycle.java:229)
	at org.apache.ratis.server.impl.RaftServerImpl.shutdown(RaftServerImpl.java:246)
	at org.apache.ratis.server.impl.RaftServerProxy$ImplMap.lambda$close$0(RaftServerProxy.java:107)
	at java.util.stream.ForEachOps$ForEachOp$OfRef.accept(ForEachOps.java:184)
	at java.util.stream.ReferencePipeline$3$1.accept(ReferencePipeline.java:193)
	at java.util.concurrent.ConcurrentHashMap$ValueSpliterator.forEachRemaining(ConcurrentHashMap.java:3566)
	at java.util.stream.AbstractPipeline.copyInto(AbstractPipeline.java:482)
	at java.util.stream.ForEachOps$ForEachTask.compute(ForEachOps.java:291)
	at java.util.concurrent.CountedCompleter.exec(CountedCompleter.java:731)
	at java.util.concurrent.ForkJoinTask.doExec(ForkJoinTask.java:289)
	at java.util.concurrent.ForkJoinTask.doInvoke(ForkJoinTask.java:401)
	at java.util.concurrent.ForkJoinTask.invoke(ForkJoinTask.java:734)
	at java.util.stream.ForEachOps$ForEachOp.evaluateParallel(ForEachOps.java:160)
	at java.util.stream.ForEachOps$ForEachOp$OfRef.evaluateParallel(ForEachOps.java:174)
	at java.util.stream.AbstractPipeline.evaluate(AbstractPipeline.java:233)
	at java.util.stream.ReferencePipeline.forEach(ReferencePipeline.java:418)
	at org.apache.ratis.server.impl.RaftServerProxy$ImplMap.close(RaftServerProxy.java:107)
	at org.apache.ratis.server.impl.RaftServerProxy.lambda$close$4(RaftServerProxy.java:315)
	at org.apache.ratis.util.LifeCycle.lambda$checkStateAndClose$2(LifeCycle.java:231)
	at org.apache.ratis.util.LifeCycle.checkStateAndClose(LifeCycle.java:251)
	at org.apache.ratis.util.LifeCycle.checkStateAndClose(LifeCycle.java:229)
	at org.apache.ratis.server.impl.RaftServerProxy.close(RaftServerProxy.java:313)
	at java.util.concurrent.Executors$RunnableAdapter.call(Executors.java:511)
	at java.util.concurrent.FutureTask.run(FutureTask.java:266)
	at java.util.concurrent.ThreadPoolExecutor.runWorker(ThreadPoolExecutor.java:1149)
	at java.util.concurrent.ThreadPoolExecutor$Worker.run(ThreadPoolExecutor.java:624)
	... 1 more
2019-09-24 17:04:12,844 INFO  impl.RaftServerImpl (RaftServerImpl.java:setRole(170)) - s1@group-CF66ACB98618: changes role from  FOLLOWER to FOLLOWER at term 7 for recognizeCandidate:s0
2019-09-24 17:04:12,844 INFO  impl.LeaderElection (LeaderElection.java:run(137)) - s0@group-CF66ACB98618-LeaderElection167: IllegalArgumentException is safely ignored since this is already CLOSING
java.lang.IllegalArgumentException: s0@group-CF66ACB98618-SegmentedRaftLog is expected to be opened but it is CLOSED
	at org.apache.ratis.util.OpenCloseState.assertOpen(OpenCloseState.java:63)
	at org.apache.ratis.server.raftlog.RaftLog.checkLogState(RaftLog.java:102)
	at org.apache.ratis.server.raftlog.segmented.SegmentedRaftLog.getLastEntryTermIndex(SegmentedRaftLog.java:324)
	at org.apache.ratis.server.impl.LeaderElection.askForVotes(LeaderElection.java:180)
	at org.apache.ratis.server.impl.LeaderElection.run(LeaderElection.java:133)
	at java.lang.Thread.run(Thread.java:748)
Caused by: org.apache.ratis.util.OpenCloseState$CloseTrace: Close s0@group-CF66ACB98618-SegmentedRaftLog
	at org.apache.ratis.util.OpenCloseState.lambda$close$1(OpenCloseState.java:109)
	at java.util.concurrent.atomic.AtomicReference.getAndUpdate(AtomicReference.java:160)
	at org.apache.ratis.util.OpenCloseState.close(OpenCloseState.java:109)
	at org.apache.ratis.server.raftlog.RaftLog.close(RaftLog.java:437)
	at org.apache.ratis.server.raftlog.segmented.SegmentedRaftLog.close(SegmentedRaftLog.java:476)
	at org.apache.ratis.server.impl.ServerState.close(ServerState.java:388)
	at org.apache.ratis.server.impl.RaftServerImpl.lambda$shutdown$3(RaftServerImpl.java:269)
	at org.apache.ratis.util.LifeCycle.lambda$checkStateAndClose$2(LifeCycle.java:231)
	at org.apache.ratis.util.LifeCycle.checkStateAndClose(LifeCycle.java:251)
	at org.apache.ratis.util.LifeCycle.checkStateAndClose(LifeCycle.java:229)
	at org.apache.ratis.server.impl.RaftServerImpl.shutdown(RaftServerImpl.java:246)
	at org.apache.ratis.server.impl.RaftServerProxy$ImplMap.lambda$close$0(RaftServerProxy.java:107)
	at java.util.stream.ForEachOps$ForEachOp$OfRef.accept(ForEachOps.java:184)
	at java.util.stream.ReferencePipeline$3$1.accept(ReferencePipeline.java:193)
	at java.util.concurrent.ConcurrentHashMap$ValueSpliterator.forEachRemaining(ConcurrentHashMap.java:3566)
	at java.util.stream.AbstractPipeline.copyInto(AbstractPipeline.java:482)
	at java.util.stream.ForEachOps$ForEachTask.compute(ForEachOps.java:291)
	at java.util.concurrent.CountedCompleter.exec(CountedCompleter.java:731)
	at java.util.concurrent.ForkJoinTask.doExec(ForkJoinTask.java:289)
	at java.util.concurrent.ForkJoinTask.doInvoke(ForkJoinTask.java:401)
	at java.util.concurrent.ForkJoinTask.invoke(ForkJoinTask.java:734)
	at java.util.stream.ForEachOps$ForEachOp.evaluateParallel(ForEachOps.java:160)
	at java.util.stream.ForEachOps$ForEachOp$OfRef.evaluateParallel(ForEachOps.java:174)
	at java.util.stream.AbstractPipeline.evaluate(AbstractPipeline.java:233)
	at java.util.stream.ReferencePipeline.forEach(ReferencePipeline.java:418)
	at org.apache.ratis.server.impl.RaftServerProxy$ImplMap.close(RaftServerProxy.java:107)
	at org.apache.ratis.server.impl.RaftServerProxy.lambda$close$4(RaftServerProxy.java:315)
	at org.apache.ratis.util.LifeCycle.lambda$checkStateAndClose$2(LifeCycle.java:231)
	at org.apache.ratis.util.LifeCycle.checkStateAndClose(LifeCycle.java:251)
	at org.apache.ratis.util.LifeCycle.checkStateAndClose(LifeCycle.java:229)
	at org.apache.ratis.server.impl.RaftServerProxy.close(RaftServerProxy.java:313)
	at java.util.concurrent.Executors$RunnableAdapter.call(Executors.java:511)
	at java.util.concurrent.FutureTask.run(FutureTask.java:266)
	at java.util.concurrent.ThreadPoolExecutor.runWorker(ThreadPoolExecutor.java:1149)
	at java.util.concurrent.ThreadPoolExecutor$Worker.run(ThreadPoolExecutor.java:624)
	... 1 more
2019-09-24 17:04:12,846 INFO  impl.RoleInfo (RoleInfo.java:updateAndGet(143)) - s1: start FollowerState
2019-09-24 17:04:12,848 INFO  simulation.RequestHandler (RequestHandler.java:run(134)) - s1.serverHandler1 is stopped.
2019-09-24 17:04:12,848 INFO  impl.FollowerState (FollowerState.java:run(108)) - s1@group-CF66ACB98618-FollowerState: change to CANDIDATE, lastRpcTime:10507ms, electionTimeout:275ms
2019-09-24 17:04:12,848 INFO  impl.RoleInfo (RoleInfo.java:shutdownFollowerState(121)) - s1: shutdown FollowerState
2019-09-24 17:04:12,848 INFO  impl.RaftServerImpl (RaftServerImpl.java:setRole(170)) - s1@group-CF66ACB98618: changes role from  FOLLOWER to CANDIDATE at term 7 for changeToCandidate
2019-09-24 17:04:12,848 INFO  impl.FollowerState (FollowerState.java:run(117)) - s1@group-CF66ACB98618-FollowerState was interrupted: java.lang.InterruptedException: sleep interrupted
2019-09-24 17:04:12,848 INFO  impl.RoleInfo (RoleInfo.java:updateAndGet(143)) - s1: start LeaderElection
2019-09-24 17:04:12,849 INFO  impl.RaftServerImpl (RaftServerImpl.java:setRole(170)) - s1@group-CF66ACB98618: changes role from CANDIDATE to FOLLOWER at term 8 for recognizeCandidate:s0
2019-09-24 17:04:12,849 INFO  impl.RoleInfo (RoleInfo.java:shutdownLeaderElection(134)) - s1: shutdown LeaderElection
2019-09-24 17:04:12,849 INFO  impl.RoleInfo (RoleInfo.java:updateAndGet(143)) - s1: start FollowerState
2019-09-24 17:04:12,850 INFO  simulation.RequestHandler (RequestHandler.java:run(134)) - s1.serverHandler0 is stopped.
2019-09-24 17:04:12,850 INFO  ratis.MiniRaftCluster (MiniRaftCluster.java:shutdown(722)) - MiniRaftClusterWithSimulatedRpc shutdown completed
]]></system-out>
  </testcase>
  <testcase name="testLeaderStepDown" classname="org.apache.ratis.server.simulation.TestRaftReconfigurationWithSimulatedRpc" time="32.639"/>
  <testcase name="testKillLeaderDuringReconf" classname="org.apache.ratis.server.simulation.TestRaftReconfigurationWithSimulatedRpc" time="39.858"/>
  <testcase name="testLeaderNotReadyException" classname="org.apache.ratis.server.simulation.TestRaftReconfigurationWithSimulatedRpc" time="2.565"/>
  <testcase name="testOverlappedSetConfRequests" classname="org.apache.ratis.server.simulation.TestRaftReconfigurationWithSimulatedRpc" time="4.033"/>
  <testcase name="testReconfTwice" classname="org.apache.ratis.server.simulation.TestRaftReconfigurationWithSimulatedRpc" time="3.709"/>
  <testcase name="testReconfTimeout" classname="org.apache.ratis.server.simulation.TestRaftReconfigurationWithSimulatedRpc" time="13.641"/>
</testsuite>