<?xml version="1.0" encoding="UTF-8"?>
<testsuite xmlns:xsi="http://www.w3.org/2001/XMLSchema-instance" xsi:noNamespaceSchemaLocation="https://maven.apache.org/surefire/maven-surefire-plugin/xsd/surefire-test-report.xsd" name="org.apache.ratis.grpc.TestGroupManagementWithGrpc" time="44.939" tests="4" errors="3" skipped="0" failures="0">
  <properties>
    <property name="awt.toolkit" value="sun.awt.X11.XToolkit"/>
    <property name="file.encoding.pkg" value="sun.io"/>
    <property name="java.specification.version" value="1.8"/>
    <property name="sun.cpu.isalist" value=""/>
    <property name="sun.jnu.encoding" value="UTF-8"/>
    <property name="java.class.path" value="/workdir/ratis-test/target/test-classes:/workdir/ratis-test/target/classes:/workdir/ratis-common/target/classes:/home/user/.m2/repository/org/apache/ratis/ratis-thirdparty-misc/0.2.0/ratis-thirdparty-misc-0.2.0.jar:/workdir/ratis-proto/target/ratis-proto-0.5.0-SNAPSHOT.jar:/home/user/.m2/repository/org/slf4j/slf4j-log4j12/1.7.10/slf4j-log4j12-1.7.10.jar:/home/user/.m2/repository/log4j/log4j/1.2.17/log4j-1.2.17.jar:/workdir/ratis-common/target/test-classes:/workdir/ratis-client/target/classes:/workdir/ratis-server/target/classes:/workdir/ratis-metrics/target/classes:/home/user/.m2/repository/io/dropwizard/metrics/metrics-core/3.2.5/metrics-core-3.2.5.jar:/home/user/.m2/repository/com/github/joshelser/dropwizard-metrics-hadoop-metrics2-reporter/0.1.2/dropwizard-metrics-hadoop-metrics2-reporter-0.1.2.jar:/home/user/.m2/repository/org/apache/hadoop/hadoop-common/2.6.0/hadoop-common-2.6.0.jar:/home/user/.m2/repository/org/apache/hadoop/hadoop-annotations/2.6.0/hadoop-annotations-2.6.0.jar:/usr/lib/jvm/java-1.8-openjdk/jre/../lib/tools.jar:/home/user/.m2/repository/com/google/guava/guava/11.0.2/guava-11.0.2.jar:/home/user/.m2/repository/commons-cli/commons-cli/1.2/commons-cli-1.2.jar:/home/user/.m2/repository/org/apache/commons/commons-math3/3.1.1/commons-math3-3.1.1.jar:/home/user/.m2/repository/xmlenc/xmlenc/0.52/xmlenc-0.52.jar:/home/user/.m2/repository/commons-httpclient/commons-httpclient/3.1/commons-httpclient-3.1.jar:/home/user/.m2/repository/commons-codec/commons-codec/1.4/commons-codec-1.4.jar:/home/user/.m2/repository/commons-io/commons-io/2.4/commons-io-2.4.jar:/home/user/.m2/repository/commons-net/commons-net/3.1/commons-net-3.1.jar:/home/user/.m2/repository/commons-collections/commons-collections/3.2.1/commons-collections-3.2.1.jar:/home/user/.m2/repository/javax/servlet/servlet-api/2.5/servlet-api-2.5.jar:/home/user/.m2/repository/org/mortbay/jetty/jetty/6.1.26/jetty-6.1.26.jar:/home/user/.m2/repository/org/mortbay/jetty/jetty-util/6.1.26/jetty-util-6.1.26.jar:/home/user/.m2/repository/com/sun/jersey/jersey-core/1.9/jersey-core-1.9.jar:/home/user/.m2/repository/com/sun/jersey/jersey-json/1.9/jersey-json-1.9.jar:/home/user/.m2/repository/org/codehaus/jettison/jettison/1.1/jettison-1.1.jar:/home/user/.m2/repository/com/sun/xml/bind/jaxb-impl/2.2.3-1/jaxb-impl-2.2.3-1.jar:/home/user/.m2/repository/javax/xml/bind/jaxb-api/2.2.2/jaxb-api-2.2.2.jar:/home/user/.m2/repository/javax/xml/stream/stax-api/1.0-2/stax-api-1.0-2.jar:/home/user/.m2/repository/javax/activation/activation/1.1/activation-1.1.jar:/home/user/.m2/repository/org/codehaus/jackson/jackson-jaxrs/1.8.3/jackson-jaxrs-1.8.3.jar:/home/user/.m2/repository/org/codehaus/jackson/jackson-xc/1.8.3/jackson-xc-1.8.3.jar:/home/user/.m2/repository/com/sun/jersey/jersey-server/1.9/jersey-server-1.9.jar:/home/user/.m2/repository/asm/asm/3.1/asm-3.1.jar:/home/user/.m2/repository/tomcat/jasper-compiler/5.5.23/jasper-compiler-5.5.23.jar:/home/user/.m2/repository/tomcat/jasper-runtime/5.5.23/jasper-runtime-5.5.23.jar:/home/user/.m2/repository/javax/servlet/jsp/jsp-api/2.1/jsp-api-2.1.jar:/home/user/.m2/repository/commons-el/commons-el/1.0/commons-el-1.0.jar:/home/user/.m2/repository/commons-logging/commons-logging/1.1.3/commons-logging-1.1.3.jar:/home/user/.m2/repository/net/java/dev/jets3t/jets3t/0.9.0/jets3t-0.9.0.jar:/home/user/.m2/repository/org/apache/httpcomponents/httpclient/4.1.2/httpclient-4.1.2.jar:/home/user/.m2/repository/org/apache/httpcomponents/httpcore/4.1.2/httpcore-4.1.2.jar:/home/user/.m2/repository/com/jamesmurty/utils/java-xmlbuilder/0.4/java-xmlbuilder-0.4.jar:/home/user/.m2/repository/commons-lang/commons-lang/2.6/commons-lang-2.6.jar:/home/user/.m2/repository/commons-configuration/commons-configuration/1.6/commons-configuration-1.6.jar:/home/user/.m2/repository/commons-digester/commons-digester/1.8/commons-digester-1.8.jar:/home/user/.m2/repository/commons-beanutils/commons-beanutils/1.7.0/commons-beanutils-1.7.0.jar:/home/user/.m2/repository/commons-beanutils/commons-beanutils-core/1.8.0/commons-beanutils-core-1.8.0.jar:/home/user/.m2/repository/org/codehaus/jackson/jackson-core-asl/1.9.13/jackson-core-asl-1.9.13.jar:/home/user/.m2/repository/org/codehaus/jackson/jackson-mapper-asl/1.9.13/jackson-mapper-asl-1.9.13.jar:/home/user/.m2/repository/org/apache/avro/avro/1.7.4/avro-1.7.4.jar:/home/user/.m2/repository/com/thoughtworks/paranamer/paranamer/2.3/paranamer-2.3.jar:/home/user/.m2/repository/org/xerial/snappy/snappy-java/1.0.4.1/snappy-java-1.0.4.1.jar:/home/user/.m2/repository/com/google/protobuf/protobuf-java/2.5.0/protobuf-java-2.5.0.jar:/home/user/.m2/repository/com/google/code/gson/gson/2.2.4/gson-2.2.4.jar:/home/user/.m2/repository/org/apache/hadoop/hadoop-auth/2.6.0/hadoop-auth-2.6.0.jar:/home/user/.m2/repository/org/apache/directory/server/apacheds-kerberos-codec/2.0.0-M15/apacheds-kerberos-codec-2.0.0-M15.jar:/home/user/.m2/repository/org/apache/directory/server/apacheds-i18n/2.0.0-M15/apacheds-i18n-2.0.0-M15.jar:/home/user/.m2/repository/org/apache/directory/api/api-asn1-api/1.0.0-M20/api-asn1-api-1.0.0-M20.jar:/home/user/.m2/repository/org/apache/directory/api/api-util/1.0.0-M20/api-util-1.0.0-M20.jar:/home/user/.m2/repository/org/apache/curator/curator-framework/2.6.0/curator-framework-2.6.0.jar:/home/user/.m2/repository/com/jcraft/jsch/0.1.42/jsch-0.1.42.jar:/home/user/.m2/repository/org/apache/curator/curator-client/2.6.0/curator-client-2.6.0.jar:/home/user/.m2/repository/org/apache/curator/curator-recipes/2.6.0/curator-recipes-2.6.0.jar:/home/user/.m2/repository/com/google/code/findbugs/jsr305/1.3.9/jsr305-1.3.9.jar:/home/user/.m2/repository/org/htrace/htrace-core/3.0.4/htrace-core-3.0.4.jar:/home/user/.m2/repository/org/apache/zookeeper/zookeeper/3.4.6/zookeeper-3.4.6.jar:/home/user/.m2/repository/io/netty/netty/3.7.0.Final/netty-3.7.0.Final.jar:/home/user/.m2/repository/org/apache/commons/commons-compress/1.4.1/commons-compress-1.4.1.jar:/home/user/.m2/repository/org/tukaani/xz/1.0/xz-1.0.jar:/home/user/.m2/repository/io/dropwizard/metrics/metrics-jvm/3.2.5/metrics-jvm-3.2.5.jar:/home/user/.m2/repository/io/dropwizard/metrics/metrics-ganglia/3.2.5/metrics-ganglia-3.2.5.jar:/home/user/.m2/repository/info/ganglia/gmetric4j/gmetric4j/1.0.7/gmetric4j-1.0.7.jar:/workdir/ratis-server/target/test-classes:/workdir/ratis-netty/target/classes:/workdir/ratis-netty/target/test-classes:/workdir/ratis-grpc/target/classes:/workdir/ratis-grpc/target/test-classes:/home/user/.m2/repository/org/slf4j/slf4j-api/1.7.10/slf4j-api-1.7.10.jar:/home/user/.m2/repository/junit/junit/4.12/junit-4.12.jar:/home/user/.m2/repository/org/hamcrest/hamcrest-core/1.3/hamcrest-core-1.3.jar:/home/user/.m2/repository/org/mockito/mockito-all/1.8.5/mockito-all-1.8.5.jar:"/>
    <property name="java.vm.vendor" value="IcedTea"/>
    <property name="sun.arch.data.model" value="64"/>
    <property name="java.vendor.url" value="https://icedtea.classpath.org"/>
    <property name="user.timezone" value=""/>
    <property name="java.vm.specification.version" value="1.8"/>
    <property name="os.name" value="Linux"/>
    <property name="user.country" value="US"/>
    <property name="sun.java.launcher" value="SUN_STANDARD"/>
    <property name="sun.boot.library.path" value="/usr/lib/jvm/java-1.8-openjdk/jre/lib/amd64"/>
    <property name="sun.java.command" value="/workdir/ratis-test/target/surefire/surefirebooter6194174745654837764.jar /workdir/ratis-test/target/surefire 2019-09-24T16-02-41_483-jvmRun1 surefire7835356097421454510tmp surefire_74013880088832395409tmp"/>
    <property name="surefire.test.class.path" value="/workdir/ratis-test/target/test-classes:/workdir/ratis-test/target/classes:/workdir/ratis-common/target/classes:/home/user/.m2/repository/org/apache/ratis/ratis-thirdparty-misc/0.2.0/ratis-thirdparty-misc-0.2.0.jar:/workdir/ratis-proto/target/ratis-proto-0.5.0-SNAPSHOT.jar:/home/user/.m2/repository/org/slf4j/slf4j-log4j12/1.7.10/slf4j-log4j12-1.7.10.jar:/home/user/.m2/repository/log4j/log4j/1.2.17/log4j-1.2.17.jar:/workdir/ratis-common/target/test-classes:/workdir/ratis-client/target/classes:/workdir/ratis-server/target/classes:/workdir/ratis-metrics/target/classes:/home/user/.m2/repository/io/dropwizard/metrics/metrics-core/3.2.5/metrics-core-3.2.5.jar:/home/user/.m2/repository/com/github/joshelser/dropwizard-metrics-hadoop-metrics2-reporter/0.1.2/dropwizard-metrics-hadoop-metrics2-reporter-0.1.2.jar:/home/user/.m2/repository/org/apache/hadoop/hadoop-common/2.6.0/hadoop-common-2.6.0.jar:/home/user/.m2/repository/org/apache/hadoop/hadoop-annotations/2.6.0/hadoop-annotations-2.6.0.jar:/usr/lib/jvm/java-1.8-openjdk/jre/../lib/tools.jar:/home/user/.m2/repository/com/google/guava/guava/11.0.2/guava-11.0.2.jar:/home/user/.m2/repository/commons-cli/commons-cli/1.2/commons-cli-1.2.jar:/home/user/.m2/repository/org/apache/commons/commons-math3/3.1.1/commons-math3-3.1.1.jar:/home/user/.m2/repository/xmlenc/xmlenc/0.52/xmlenc-0.52.jar:/home/user/.m2/repository/commons-httpclient/commons-httpclient/3.1/commons-httpclient-3.1.jar:/home/user/.m2/repository/commons-codec/commons-codec/1.4/commons-codec-1.4.jar:/home/user/.m2/repository/commons-io/commons-io/2.4/commons-io-2.4.jar:/home/user/.m2/repository/commons-net/commons-net/3.1/commons-net-3.1.jar:/home/user/.m2/repository/commons-collections/commons-collections/3.2.1/commons-collections-3.2.1.jar:/home/user/.m2/repository/javax/servlet/servlet-api/2.5/servlet-api-2.5.jar:/home/user/.m2/repository/org/mortbay/jetty/jetty/6.1.26/jetty-6.1.26.jar:/home/user/.m2/repository/org/mortbay/jetty/jetty-util/6.1.26/jetty-util-6.1.26.jar:/home/user/.m2/repository/com/sun/jersey/jersey-core/1.9/jersey-core-1.9.jar:/home/user/.m2/repository/com/sun/jersey/jersey-json/1.9/jersey-json-1.9.jar:/home/user/.m2/repository/org/codehaus/jettison/jettison/1.1/jettison-1.1.jar:/home/user/.m2/repository/com/sun/xml/bind/jaxb-impl/2.2.3-1/jaxb-impl-2.2.3-1.jar:/home/user/.m2/repository/javax/xml/bind/jaxb-api/2.2.2/jaxb-api-2.2.2.jar:/home/user/.m2/repository/javax/xml/stream/stax-api/1.0-2/stax-api-1.0-2.jar:/home/user/.m2/repository/javax/activation/activation/1.1/activation-1.1.jar:/home/user/.m2/repository/org/codehaus/jackson/jackson-jaxrs/1.8.3/jackson-jaxrs-1.8.3.jar:/home/user/.m2/repository/org/codehaus/jackson/jackson-xc/1.8.3/jackson-xc-1.8.3.jar:/home/user/.m2/repository/com/sun/jersey/jersey-server/1.9/jersey-server-1.9.jar:/home/user/.m2/repository/asm/asm/3.1/asm-3.1.jar:/home/user/.m2/repository/tomcat/jasper-compiler/5.5.23/jasper-compiler-5.5.23.jar:/home/user/.m2/repository/tomcat/jasper-runtime/5.5.23/jasper-runtime-5.5.23.jar:/home/user/.m2/repository/javax/servlet/jsp/jsp-api/2.1/jsp-api-2.1.jar:/home/user/.m2/repository/commons-el/commons-el/1.0/commons-el-1.0.jar:/home/user/.m2/repository/commons-logging/commons-logging/1.1.3/commons-logging-1.1.3.jar:/home/user/.m2/repository/net/java/dev/jets3t/jets3t/0.9.0/jets3t-0.9.0.jar:/home/user/.m2/repository/org/apache/httpcomponents/httpclient/4.1.2/httpclient-4.1.2.jar:/home/user/.m2/repository/org/apache/httpcomponents/httpcore/4.1.2/httpcore-4.1.2.jar:/home/user/.m2/repository/com/jamesmurty/utils/java-xmlbuilder/0.4/java-xmlbuilder-0.4.jar:/home/user/.m2/repository/commons-lang/commons-lang/2.6/commons-lang-2.6.jar:/home/user/.m2/repository/commons-configuration/commons-configuration/1.6/commons-configuration-1.6.jar:/home/user/.m2/repository/commons-digester/commons-digester/1.8/commons-digester-1.8.jar:/home/user/.m2/repository/commons-beanutils/commons-beanutils/1.7.0/commons-beanutils-1.7.0.jar:/home/user/.m2/repository/commons-beanutils/commons-beanutils-core/1.8.0/commons-beanutils-core-1.8.0.jar:/home/user/.m2/repository/org/codehaus/jackson/jackson-core-asl/1.9.13/jackson-core-asl-1.9.13.jar:/home/user/.m2/repository/org/codehaus/jackson/jackson-mapper-asl/1.9.13/jackson-mapper-asl-1.9.13.jar:/home/user/.m2/repository/org/apache/avro/avro/1.7.4/avro-1.7.4.jar:/home/user/.m2/repository/com/thoughtworks/paranamer/paranamer/2.3/paranamer-2.3.jar:/home/user/.m2/repository/org/xerial/snappy/snappy-java/1.0.4.1/snappy-java-1.0.4.1.jar:/home/user/.m2/repository/com/google/protobuf/protobuf-java/2.5.0/protobuf-java-2.5.0.jar:/home/user/.m2/repository/com/google/code/gson/gson/2.2.4/gson-2.2.4.jar:/home/user/.m2/repository/org/apache/hadoop/hadoop-auth/2.6.0/hadoop-auth-2.6.0.jar:/home/user/.m2/repository/org/apache/directory/server/apacheds-kerberos-codec/2.0.0-M15/apacheds-kerberos-codec-2.0.0-M15.jar:/home/user/.m2/repository/org/apache/directory/server/apacheds-i18n/2.0.0-M15/apacheds-i18n-2.0.0-M15.jar:/home/user/.m2/repository/org/apache/directory/api/api-asn1-api/1.0.0-M20/api-asn1-api-1.0.0-M20.jar:/home/user/.m2/repository/org/apache/directory/api/api-util/1.0.0-M20/api-util-1.0.0-M20.jar:/home/user/.m2/repository/org/apache/curator/curator-framework/2.6.0/curator-framework-2.6.0.jar:/home/user/.m2/repository/com/jcraft/jsch/0.1.42/jsch-0.1.42.jar:/home/user/.m2/repository/org/apache/curator/curator-client/2.6.0/curator-client-2.6.0.jar:/home/user/.m2/repository/org/apache/curator/curator-recipes/2.6.0/curator-recipes-2.6.0.jar:/home/user/.m2/repository/com/google/code/findbugs/jsr305/1.3.9/jsr305-1.3.9.jar:/home/user/.m2/repository/org/htrace/htrace-core/3.0.4/htrace-core-3.0.4.jar:/home/user/.m2/repository/org/apache/zookeeper/zookeeper/3.4.6/zookeeper-3.4.6.jar:/home/user/.m2/repository/io/netty/netty/3.7.0.Final/netty-3.7.0.Final.jar:/home/user/.m2/repository/org/apache/commons/commons-compress/1.4.1/commons-compress-1.4.1.jar:/home/user/.m2/repository/org/tukaani/xz/1.0/xz-1.0.jar:/home/user/.m2/repository/io/dropwizard/metrics/metrics-jvm/3.2.5/metrics-jvm-3.2.5.jar:/home/user/.m2/repository/io/dropwizard/metrics/metrics-ganglia/3.2.5/metrics-ganglia-3.2.5.jar:/home/user/.m2/repository/info/ganglia/gmetric4j/gmetric4j/1.0.7/gmetric4j-1.0.7.jar:/workdir/ratis-server/target/test-classes:/workdir/ratis-netty/target/classes:/workdir/ratis-netty/target/test-classes:/workdir/ratis-grpc/target/classes:/workdir/ratis-grpc/target/test-classes:/home/user/.m2/repository/org/slf4j/slf4j-api/1.7.10/slf4j-api-1.7.10.jar:/home/user/.m2/repository/junit/junit/4.12/junit-4.12.jar:/home/user/.m2/repository/org/hamcrest/hamcrest-core/1.3/hamcrest-core-1.3.jar:/home/user/.m2/repository/org/mockito/mockito-all/1.8.5/mockito-all-1.8.5.jar:"/>
    <property name="sun.cpu.endian" value="little"/>
    <property name="user.home" value="/home/user"/>
    <property name="user.language" value="en"/>
    <property name="java.specification.vendor" value="Oracle Corporation"/>
    <property name="java.home" value="/usr/lib/jvm/java-1.8-openjdk/jre"/>
    <property name="basedir" value="/workdir/ratis-test"/>
    <property name="file.separator" value="/"/>
    <property name="line.separator" value="&#10;"/>
    <property name="java.vm.specification.vendor" value="Oracle Corporation"/>
    <property name="java.specification.name" value="Java Platform API Specification"/>
    <property name="java.awt.graphicsenv" value="sun.awt.X11GraphicsEnvironment"/>
    <property name="surefire.real.class.path" value="/workdir/ratis-test/target/surefire/surefirebooter6194174745654837764.jar"/>
    <property name="sun.boot.class.path" value="/usr/lib/jvm/java-1.8-openjdk/jre/lib/resources.jar:/usr/lib/jvm/java-1.8-openjdk/jre/lib/rt.jar:/usr/lib/jvm/java-1.8-openjdk/jre/lib/sunrsasign.jar:/usr/lib/jvm/java-1.8-openjdk/jre/lib/jsse.jar:/usr/lib/jvm/java-1.8-openjdk/jre/lib/jce.jar:/usr/lib/jvm/java-1.8-openjdk/jre/lib/charsets.jar:/usr/lib/jvm/java-1.8-openjdk/jre/lib/jfr.jar:/usr/lib/jvm/java-1.8-openjdk/jre/classes"/>
    <property name="sun.management.compiler" value="HotSpot 64-Bit Tiered Compilers"/>
    <property name="java.runtime.version" value="1.8.0_212-b04"/>
    <property name="java.net.preferIPv4Stack" value="true"/>
    <property name="user.name" value="jenkins1000"/>
    <property name="path.separator" value=":"/>
    <property name="os.version" value="3.10.0-957.12.2.el7.x86_64"/>
    <property name="java.endorsed.dirs" value="/usr/lib/jvm/java-1.8-openjdk/jre/lib/endorsed"/>
    <property name="java.runtime.name" value="OpenJDK Runtime Environment"/>
    <property name="file.encoding" value="UTF-8"/>
    <property name="java.vm.name" value="OpenJDK 64-Bit Server VM"/>
    <property name="localRepository" value="/home/user/.m2/repository"/>
    <property name="java.vendor.url.bug" value="https://icedtea.classpath.org/bugzilla"/>
    <property name="java.io.tmpdir" value="/tmp"/>
    <property name="java.version" value="1.8.0_212"/>
    <property name="user.dir" value="/workdir/ratis-test"/>
    <property name="os.arch" value="amd64"/>
    <property name="ratis.tmp.dir" value="/workdir/ratis-test/target/tmp"/>
    <property name="java.vm.specification.name" value="Java Virtual Machine Specification"/>
    <property name="java.awt.printerjob" value="sun.print.PSPrinterJob"/>
    <property name="ratis.log.dir" value="/workdir/ratis-test/target/log"/>
    <property name="sun.os.patch.level" value="unknown"/>
    <property name="java.library.path" value="/usr/lib/jvm/java-1.8-openjdk/jre/lib/amd64/server:/usr/lib/jvm/java-1.8-openjdk/jre/lib/amd64:/usr/lib/jvm/java-1.8-openjdk/jre/../lib/amd64:/usr/java/packages/lib/amd64:/usr/lib64:/lib64:/lib:/usr/lib"/>
    <property name="java.vm.info" value="mixed mode"/>
    <property name="java.vendor" value="IcedTea"/>
    <property name="java.vm.version" value="25.212-b04"/>
    <property name="java.ext.dirs" value="/usr/lib/jvm/java-1.8-openjdk/jre/lib/ext:/usr/java/packages/lib/ext"/>
    <property name="sun.io.unicode.encoding" value="UnicodeLittle"/>
    <property name="java.class.version" value="52.0"/>
  </properties>
  <testcase name="testSingleGroupRestart" classname="org.apache.ratis.grpc.TestGroupManagementWithGrpc" time="17.052"/>
  <testcase name="testMultiGroup5Nodes" classname="org.apache.ratis.grpc.TestGroupManagementWithGrpc" time="5.743">
    <error message="deadline exceeded after 2999178758ns" type="org.apache.ratis.protocol.TimeoutIOException">org.apache.ratis.protocol.TimeoutIOException: deadline exceeded after 2999178758ns
Caused by: org.apache.ratis.thirdparty.io.grpc.StatusRuntimeException: DEADLINE_EXCEEDED: deadline exceeded after 2999178758ns
</error>
    <system-out><![CDATA[2019-09-24 16:04:28,104 INFO  util.LogUtils (LogUtils.java:setLogLevel(41)) - Set org.apache.ratis.conf.ConfUtils log level to WARN
2019-09-24 16:04:28,105 INFO  util.LogUtils (LogUtils.java:setLogLevel(41)) - Set org.apache.ratis.util.FileUtils log level to TRACE
2019-09-24 16:04:28,105 INFO  util.LogUtils (LogUtils.java:setLogLevel(41)) - Set org.apache.ratis.server.impl.RaftServerProxy log level to DEBUG
2019-09-24 16:04:28,105 INFO  util.LogUtils (LogUtils.java:setLogLevel(41)) - Set org.apache.ratis.server.impl.RaftServerImpl log level to DEBUG
2019-09-24 16:04:28,105 INFO  util.LogUtils (LogUtils.java:setLogLevel(41)) - Set org.apache.ratis.client.RaftClient log level to DEBUG
| null | init | 34 |
2019-09-24 16:04:28,108 INFO  ratis.MiniRaftCluster (MiniRaftCluster.java:<init>(253)) - new MiniRaftClusterWithGrpc with group-83F5C3382149:[]
2019-09-24 16:04:28,108 INFO  impl.GroupManagementBaseTest (GroupManagementBaseTest.java:runMultiGroupTest(140)) - 

runMultiGroupTest with MiniRaftClusterWithGrpc[3, 4, 5]chosen=0: printing ALL groups
2019-09-24 16:04:28,109 INFO  impl.GroupManagementBaseTest (GroupManagementBaseTest.java:runMultiGroupTest(147)) - ids: [s0, s1, s2, s3, s4]
2019-09-24 16:04:28,110 INFO  ratis.MiniRaftCluster (MiniRaftCluster.java:newRaftServer(330)) - newRaftServer: s0, group-83F5C3382149:[], format? true
2019-09-24 16:04:28,110 TRACE util.FileUtils (FileUtils.java:deleteFully(88)) - deleteFully target/test/data/ca4e50c/MiniRaftClusterWithGrpcad38b086/s0
2019-09-24 16:04:28,111 TRACE util.FileUtils (FileUtils.java:deleteFully(104)) - deleteFully: target/test/data/ca4e50c/MiniRaftClusterWithGrpcad38b086/s0 does not exist.
2019-09-24 16:04:28,111 INFO  ratis.MiniRaftCluster (MiniRaftCluster.java:newRaftServer(335)) - Formatted directory target/test/data/ca4e50c/MiniRaftClusterWithGrpcad38b086/s0
2019-09-24 16:04:28,112 DEBUG impl.RaftServerProxy (ServerImplUtils.java:newRaftServer(39)) - newRaftServer: s0, group-83F5C3382149:[]
2019-09-24 16:04:28,112 INFO  impl.RaftServerProxy (ConfUtils.java:logGet(43)) - raft.rpc.type = GRPC (default)
2019-09-24 16:04:28,112 INFO  grpc.GrpcFactory (GrpcFactory.java:checkPooledByteBufAllocatorUseCacheForAllThreads(45)) - PERFORMANCE WARNING: useCacheForAllThreads is true that may cause Netty to create a lot garbage objects and, as a result, trigger GC.
	It is recommended to disable useCacheForAllThreads by setting -Dorg.apache.ratis.thirdparty.io.netty.allocator.useCacheForAllThreads=false in command line.
2019-09-24 16:04:28,113 INFO  grpc.GrpcConfigKeys$Server (ConfUtils.java:logGet(43)) - raft.grpc.server.port = 46375 (custom)
2019-09-24 16:04:28,113 INFO  server.GrpcService (ConfUtils.java:logGet(43)) - raft.grpc.message.size.max = 64MB (=67108864) (default)
2019-09-24 16:04:28,113 INFO  server.RaftServerConfigKeys (ConfUtils.java:logGet(43)) - raft.server.log.appender.buffer.byte-limit = 4MB (=4194304) (default)
2019-09-24 16:04:28,114 INFO  server.GrpcService (ConfUtils.java:logGet(43)) - raft.grpc.flow.control.window = 1MB (=1048576) (default)
2019-09-24 16:04:28,114 INFO  server.RaftServerConfigKeys (ConfUtils.java:logGet(43)) - raft.server.rpc.request.timeout = 3000ms (default)
2019-09-24 16:04:28,115 INFO  server.RaftServerConfigKeys (ConfUtils.java:logGet(43)) - raft.server.storage.dir = [/workdir/ratis-test/target/test/data/ca4e50c/MiniRaftClusterWithGrpcad38b086/s0] (custom)
2019-09-24 16:04:28,116 INFO  impl.RaftServerProxy (RaftServerProxy.java:addNew(89)) - s0: addNew group-83F5C3382149:[] returns group-83F5C3382149:java.util.concurrent.CompletableFuture@201edb36[Not completed]
2019-09-24 16:04:28,116 INFO  impl.RaftServerImpl (RaftServerImpl.java:<init>(95)) - s0: new RaftServerImpl for group-83F5C3382149:[] with BaseStateMachine:uninitialized
2019-09-24 16:04:28,116 INFO  ratis.MiniRaftCluster (MiniRaftCluster.java:newRaftServer(330)) - newRaftServer: s1, group-83F5C3382149:[], format? true
2019-09-24 16:04:28,117 INFO  server.RaftServerConfigKeys (ConfUtils.java:logGet(43)) - raft.server.rpc.timeout.min = 150ms (default)
2019-09-24 16:04:28,117 TRACE util.FileUtils (FileUtils.java:deleteFully(88)) - deleteFully target/test/data/ca4e50c/MiniRaftClusterWithGrpcad38b086/s1
2019-09-24 16:04:28,117 INFO  server.RaftServerConfigKeys (ConfUtils.java:logGet(43)) - raft.server.rpc.timeout.max = 300ms (default)
2019-09-24 16:04:28,117 TRACE util.FileUtils (FileUtils.java:deleteFully(104)) - deleteFully: target/test/data/ca4e50c/MiniRaftClusterWithGrpcad38b086/s1 does not exist.
2019-09-24 16:04:28,117 INFO  ratis.MiniRaftCluster (MiniRaftCluster.java:newRaftServer(335)) - Formatted directory target/test/data/ca4e50c/MiniRaftClusterWithGrpcad38b086/s1
2019-09-24 16:04:28,117 INFO  server.RaftServerConfigKeys (ConfUtils.java:logGet(43)) - raft.server.rpcslowness.timeout = 60s (default)
2019-09-24 16:04:28,118 DEBUG impl.RaftServerProxy (ServerImplUtils.java:newRaftServer(39)) - newRaftServer: s1, group-83F5C3382149:[]
2019-09-24 16:04:28,118 INFO  server.RaftServerConfigKeys (ConfUtils.java:logGet(43)) - raft.server.sleep.deviation.threshold = 300 (default)
2019-09-24 16:04:28,118 INFO  impl.RaftServerProxy (ConfUtils.java:logGet(43)) - raft.rpc.type = GRPC (default)
2019-09-24 16:04:28,118 INFO  server.RaftServerConfigKeys (ConfUtils.java:logGet(43)) - raft.server.log.appender.install.snapshot.enabled = true (default)
2019-09-24 16:04:28,118 INFO  grpc.GrpcFactory (GrpcFactory.java:checkPooledByteBufAllocatorUseCacheForAllThreads(45)) - PERFORMANCE WARNING: useCacheForAllThreads is true that may cause Netty to create a lot garbage objects and, as a result, trigger GC.
	It is recommended to disable useCacheForAllThreads by setting -Dorg.apache.ratis.thirdparty.io.netty.allocator.useCacheForAllThreads=false in command line.
2019-09-24 16:04:28,119 INFO  impl.RaftServerImpl (ServerState.java:<init>(103)) - s0@group-83F5C3382149: ConfigurationManager, init=-1: [], old=null, confs=<EMPTY_MAP>
2019-09-24 16:04:28,119 INFO  grpc.GrpcConfigKeys$Server (ConfUtils.java:logGet(43)) - raft.grpc.server.port = 33205 (custom)
2019-09-24 16:04:28,119 INFO  server.RaftServerConfigKeys (ConfUtils.java:logGet(43)) - raft.server.storage.dir = [/workdir/ratis-test/target/test/data/ca4e50c/MiniRaftClusterWithGrpcad38b086/s0] (custom)
2019-09-24 16:04:28,119 INFO  server.GrpcService (ConfUtils.java:logGet(43)) - raft.grpc.message.size.max = 64MB (=67108864) (default)
2019-09-24 16:04:28,120 INFO  server.RaftServerConfigKeys (ConfUtils.java:logGet(43)) - raft.server.log.corruption.policy = EXCEPTION (default)
2019-09-24 16:04:28,120 INFO  server.RaftServerConfigKeys (ConfUtils.java:logGet(43)) - raft.server.log.appender.buffer.byte-limit = 4MB (=4194304) (default)
2019-09-24 16:04:28,120 INFO  storage.RaftStorageDirectory (RaftStorageDirectory.java:analyzeStorage(246)) - The storage directory /workdir/ratis-test/target/test/data/ca4e50c/MiniRaftClusterWithGrpcad38b086/s0/1b149e29-cf35-40cb-8f63-83f5c3382149 does not exist. Creating ...
2019-09-24 16:04:28,120 INFO  server.GrpcService (ConfUtils.java:logGet(43)) - raft.grpc.flow.control.window = 1MB (=1048576) (default)
2019-09-24 16:04:28,121 INFO  server.RaftServerConfigKeys (ConfUtils.java:logGet(43)) - raft.server.rpc.request.timeout = 3000ms (default)
2019-09-24 16:04:28,121 TRACE util.FileUtils (LogUtils.java:runAndLog(61)) - Successfully ran Files.createDirectories /workdir/ratis-test/target/test/data/ca4e50c/MiniRaftClusterWithGrpcad38b086/s0/1b149e29-cf35-40cb-8f63-83f5c3382149
2019-09-24 16:04:28,121 INFO  server.RaftServerConfigKeys (ConfUtils.java:logGet(43)) - raft.server.storage.dir = [/workdir/ratis-test/target/test/data/ca4e50c/MiniRaftClusterWithGrpcad38b086/s1] (custom)
2019-09-24 16:04:28,122 INFO  impl.RaftServerProxy (RaftServerProxy.java:addNew(89)) - s1: addNew group-83F5C3382149:[] returns group-83F5C3382149:java.util.concurrent.CompletableFuture@444bdbaf[Not completed]
2019-09-24 16:04:28,122 INFO  ratis.MiniRaftCluster (MiniRaftCluster.java:newRaftServer(330)) - newRaftServer: s2, group-83F5C3382149:[], format? true
2019-09-24 16:04:28,122 INFO  impl.RaftServerImpl (RaftServerImpl.java:<init>(95)) - s1: new RaftServerImpl for group-83F5C3382149:[] with BaseStateMachine:uninitialized
2019-09-24 16:04:28,122 TRACE util.FileUtils (FileUtils.java:deleteFully(88)) - deleteFully target/test/data/ca4e50c/MiniRaftClusterWithGrpcad38b086/s2
2019-09-24 16:04:28,123 INFO  server.RaftServerConfigKeys (ConfUtils.java:logGet(43)) - raft.server.rpc.timeout.min = 150ms (default)
2019-09-24 16:04:28,123 TRACE util.FileUtils (FileUtils.java:deleteFully(104)) - deleteFully: target/test/data/ca4e50c/MiniRaftClusterWithGrpcad38b086/s2 does not exist.
2019-09-24 16:04:28,123 INFO  server.RaftServerConfigKeys (ConfUtils.java:logGet(43)) - raft.server.rpc.timeout.max = 300ms (default)
2019-09-24 16:04:28,124 INFO  ratis.MiniRaftCluster (MiniRaftCluster.java:newRaftServer(335)) - Formatted directory target/test/data/ca4e50c/MiniRaftClusterWithGrpcad38b086/s2
2019-09-24 16:04:28,124 INFO  server.RaftServerConfigKeys (ConfUtils.java:logGet(43)) - raft.server.rpcslowness.timeout = 60s (default)
2019-09-24 16:04:28,124 INFO  server.RaftServerConfigKeys (ConfUtils.java:logGet(43)) - raft.server.sleep.deviation.threshold = 300 (default)
2019-09-24 16:04:28,124 DEBUG impl.RaftServerProxy (ServerImplUtils.java:newRaftServer(39)) - newRaftServer: s2, group-83F5C3382149:[]
2019-09-24 16:04:28,124 INFO  server.RaftServerConfigKeys (ConfUtils.java:logGet(43)) - raft.server.log.appender.install.snapshot.enabled = true (default)
2019-09-24 16:04:28,125 INFO  impl.RaftServerProxy (ConfUtils.java:logGet(43)) - raft.rpc.type = GRPC (default)
2019-09-24 16:04:28,125 INFO  impl.RaftServerImpl (ServerState.java:<init>(103)) - s1@group-83F5C3382149: ConfigurationManager, init=-1: [], old=null, confs=<EMPTY_MAP>
2019-09-24 16:04:28,125 INFO  grpc.GrpcFactory (GrpcFactory.java:checkPooledByteBufAllocatorUseCacheForAllThreads(45)) - PERFORMANCE WARNING: useCacheForAllThreads is true that may cause Netty to create a lot garbage objects and, as a result, trigger GC.
	It is recommended to disable useCacheForAllThreads by setting -Dorg.apache.ratis.thirdparty.io.netty.allocator.useCacheForAllThreads=false in command line.
2019-09-24 16:04:28,125 INFO  server.RaftServerConfigKeys (ConfUtils.java:logGet(43)) - raft.server.storage.dir = [/workdir/ratis-test/target/test/data/ca4e50c/MiniRaftClusterWithGrpcad38b086/s1] (custom)
2019-09-24 16:04:28,125 INFO  grpc.GrpcConfigKeys$Server (ConfUtils.java:logGet(43)) - raft.grpc.server.port = 46589 (custom)
2019-09-24 16:04:28,126 INFO  server.RaftServerConfigKeys (ConfUtils.java:logGet(43)) - raft.server.log.corruption.policy = EXCEPTION (default)
2019-09-24 16:04:28,126 INFO  server.GrpcService (ConfUtils.java:logGet(43)) - raft.grpc.message.size.max = 64MB (=67108864) (default)
2019-09-24 16:04:28,126 INFO  storage.RaftStorageDirectory (RaftStorageDirectory.java:analyzeStorage(246)) - The storage directory /workdir/ratis-test/target/test/data/ca4e50c/MiniRaftClusterWithGrpcad38b086/s1/1b149e29-cf35-40cb-8f63-83f5c3382149 does not exist. Creating ...
2019-09-24 16:04:28,126 INFO  server.RaftServerConfigKeys (ConfUtils.java:logGet(43)) - raft.server.log.appender.buffer.byte-limit = 4MB (=4194304) (default)
2019-09-24 16:04:28,127 INFO  server.GrpcService (ConfUtils.java:logGet(43)) - raft.grpc.flow.control.window = 1MB (=1048576) (default)
2019-09-24 16:04:28,127 INFO  server.RaftServerConfigKeys (ConfUtils.java:logGet(43)) - raft.server.rpc.request.timeout = 3000ms (default)
2019-09-24 16:04:28,127 TRACE util.FileUtils (LogUtils.java:runAndLog(61)) - Successfully ran Files.createDirectories /workdir/ratis-test/target/test/data/ca4e50c/MiniRaftClusterWithGrpcad38b086/s1/1b149e29-cf35-40cb-8f63-83f5c3382149
2019-09-24 16:04:28,128 INFO  server.RaftServerConfigKeys (ConfUtils.java:logGet(43)) - raft.server.storage.dir = [/workdir/ratis-test/target/test/data/ca4e50c/MiniRaftClusterWithGrpcad38b086/s2] (custom)
2019-09-24 16:04:28,128 INFO  impl.RaftServerProxy (RaftServerProxy.java:addNew(89)) - s2: addNew group-83F5C3382149:[] returns group-83F5C3382149:java.util.concurrent.CompletableFuture@75a40a14[Not completed]
2019-09-24 16:04:28,128 INFO  impl.RaftServerImpl (RaftServerImpl.java:<init>(95)) - s2: new RaftServerImpl for group-83F5C3382149:[] with BaseStateMachine:uninitialized
2019-09-24 16:04:28,128 INFO  ratis.MiniRaftCluster (MiniRaftCluster.java:newRaftServer(330)) - newRaftServer: s3, group-83F5C3382149:[], format? true
2019-09-24 16:04:28,130 INFO  server.RaftServerConfigKeys (ConfUtils.java:logGet(43)) - raft.server.rpc.timeout.min = 150ms (default)
2019-09-24 16:04:28,130 TRACE util.FileUtils (FileUtils.java:deleteFully(88)) - deleteFully target/test/data/ca4e50c/MiniRaftClusterWithGrpcad38b086/s3
2019-09-24 16:04:28,130 INFO  server.RaftServerConfigKeys (ConfUtils.java:logGet(43)) - raft.server.rpc.timeout.max = 300ms (default)
2019-09-24 16:04:28,130 TRACE util.FileUtils (FileUtils.java:deleteFully(104)) - deleteFully: target/test/data/ca4e50c/MiniRaftClusterWithGrpcad38b086/s3 does not exist.
2019-09-24 16:04:28,131 INFO  ratis.MiniRaftCluster (MiniRaftCluster.java:newRaftServer(335)) - Formatted directory target/test/data/ca4e50c/MiniRaftClusterWithGrpcad38b086/s3
2019-09-24 16:04:28,131 INFO  server.RaftServerConfigKeys (ConfUtils.java:logGet(43)) - raft.server.rpcslowness.timeout = 60s (default)
2019-09-24 16:04:28,131 INFO  server.RaftServerConfigKeys (ConfUtils.java:logGet(43)) - raft.server.sleep.deviation.threshold = 300 (default)
2019-09-24 16:04:28,131 DEBUG impl.RaftServerProxy (ServerImplUtils.java:newRaftServer(39)) - newRaftServer: s3, group-83F5C3382149:[]
2019-09-24 16:04:28,131 INFO  server.RaftServerConfigKeys (ConfUtils.java:logGet(43)) - raft.server.log.appender.install.snapshot.enabled = true (default)
2019-09-24 16:04:28,131 INFO  impl.RaftServerProxy (ConfUtils.java:logGet(43)) - raft.rpc.type = GRPC (default)
2019-09-24 16:04:28,131 INFO  impl.RaftServerImpl (ServerState.java:<init>(103)) - s2@group-83F5C3382149: ConfigurationManager, init=-1: [], old=null, confs=<EMPTY_MAP>
2019-09-24 16:04:28,132 INFO  grpc.GrpcFactory (GrpcFactory.java:checkPooledByteBufAllocatorUseCacheForAllThreads(45)) - PERFORMANCE WARNING: useCacheForAllThreads is true that may cause Netty to create a lot garbage objects and, as a result, trigger GC.
	It is recommended to disable useCacheForAllThreads by setting -Dorg.apache.ratis.thirdparty.io.netty.allocator.useCacheForAllThreads=false in command line.
2019-09-24 16:04:28,132 INFO  server.RaftServerConfigKeys (ConfUtils.java:logGet(43)) - raft.server.storage.dir = [/workdir/ratis-test/target/test/data/ca4e50c/MiniRaftClusterWithGrpcad38b086/s2] (custom)
2019-09-24 16:04:28,132 INFO  grpc.GrpcConfigKeys$Server (ConfUtils.java:logGet(43)) - raft.grpc.server.port = 40519 (custom)
2019-09-24 16:04:28,132 INFO  server.RaftServerConfigKeys (ConfUtils.java:logGet(43)) - raft.server.log.corruption.policy = EXCEPTION (default)
2019-09-24 16:04:28,132 INFO  server.GrpcService (ConfUtils.java:logGet(43)) - raft.grpc.message.size.max = 64MB (=67108864) (default)
2019-09-24 16:04:28,133 INFO  storage.RaftStorageDirectory (RaftStorageDirectory.java:analyzeStorage(246)) - The storage directory /workdir/ratis-test/target/test/data/ca4e50c/MiniRaftClusterWithGrpcad38b086/s2/1b149e29-cf35-40cb-8f63-83f5c3382149 does not exist. Creating ...
2019-09-24 16:04:28,133 INFO  server.RaftServerConfigKeys (ConfUtils.java:logGet(43)) - raft.server.log.appender.buffer.byte-limit = 4MB (=4194304) (default)
2019-09-24 16:04:28,133 INFO  server.GrpcService (ConfUtils.java:logGet(43)) - raft.grpc.flow.control.window = 1MB (=1048576) (default)
2019-09-24 16:04:28,133 INFO  server.RaftServerConfigKeys (ConfUtils.java:logGet(43)) - raft.server.rpc.request.timeout = 3000ms (default)
2019-09-24 16:04:28,134 TRACE util.FileUtils (LogUtils.java:runAndLog(61)) - Successfully ran Files.createDirectories /workdir/ratis-test/target/test/data/ca4e50c/MiniRaftClusterWithGrpcad38b086/s2/1b149e29-cf35-40cb-8f63-83f5c3382149
2019-09-24 16:04:28,134 INFO  server.RaftServerConfigKeys (ConfUtils.java:logGet(43)) - raft.server.storage.dir = [/workdir/ratis-test/target/test/data/ca4e50c/MiniRaftClusterWithGrpcad38b086/s3] (custom)
2019-09-24 16:04:28,134 INFO  storage.RaftStorageDirectory (RaftStorageDirectory.java:tryLock(328)) - Lock on /workdir/ratis-test/target/test/data/ca4e50c/MiniRaftClusterWithGrpcad38b086/s1/1b149e29-cf35-40cb-8f63-83f5c3382149/in_use.lock acquired by nodename 2858@ratis-test-vphbd-3564017154
2019-09-24 16:04:28,134 INFO  storage.RaftStorageDirectory (RaftStorageDirectory.java:tryLock(328)) - Lock on /workdir/ratis-test/target/test/data/ca4e50c/MiniRaftClusterWithGrpcad38b086/s0/1b149e29-cf35-40cb-8f63-83f5c3382149/in_use.lock acquired by nodename 2858@ratis-test-vphbd-3564017154
2019-09-24 16:04:28,135 TRACE util.FileUtils (LogUtils.java:runAndLog(61)) - Successfully ran Files.createDirectories /workdir/ratis-test/target/test/data/ca4e50c/MiniRaftClusterWithGrpcad38b086/s1/1b149e29-cf35-40cb-8f63-83f5c3382149/current
2019-09-24 16:04:28,135 INFO  impl.RaftServerImpl (RaftServerImpl.java:<init>(95)) - s3: new RaftServerImpl for group-83F5C3382149:[] with BaseStateMachine:uninitialized
2019-09-24 16:04:28,135 INFO  impl.RaftServerProxy (RaftServerProxy.java:addNew(89)) - s3: addNew group-83F5C3382149:[] returns group-83F5C3382149:java.util.concurrent.CompletableFuture@511ddaf5[Not completed]
2019-09-24 16:04:28,137 INFO  storage.RaftStorageDirectory (RaftStorageDirectory.java:tryLock(328)) - Lock on /workdir/ratis-test/target/test/data/ca4e50c/MiniRaftClusterWithGrpcad38b086/s2/1b149e29-cf35-40cb-8f63-83f5c3382149/in_use.lock acquired by nodename 2858@ratis-test-vphbd-3564017154
2019-09-24 16:04:28,137 INFO  server.RaftServerConfigKeys (ConfUtils.java:logGet(43)) - raft.server.rpc.timeout.min = 150ms (default)
2019-09-24 16:04:28,137 TRACE util.FileUtils (LogUtils.java:runAndLog(61)) - Successfully ran Files.createDirectories /workdir/ratis-test/target/test/data/ca4e50c/MiniRaftClusterWithGrpcad38b086/s0/1b149e29-cf35-40cb-8f63-83f5c3382149/current
2019-09-24 16:04:28,137 TRACE util.FileUtils (LogUtils.java:runAndLog(61)) - Successfully ran Files.createDirectories /workdir/ratis-test/target/test/data/ca4e50c/MiniRaftClusterWithGrpcad38b086/s1/1b149e29-cf35-40cb-8f63-83f5c3382149/sm
2019-09-24 16:04:28,138 TRACE util.FileUtils (LogUtils.java:runAndLog(61)) - Successfully ran Files.createDirectories /workdir/ratis-test/target/test/data/ca4e50c/MiniRaftClusterWithGrpcad38b086/s0/1b149e29-cf35-40cb-8f63-83f5c3382149/sm
2019-09-24 16:04:28,137 INFO  server.RaftServerConfigKeys (ConfUtils.java:logGet(43)) - raft.server.rpc.timeout.max = 300ms (default)
2019-09-24 16:04:28,137 TRACE util.FileUtils (LogUtils.java:runAndLog(61)) - Successfully ran Files.createDirectories /workdir/ratis-test/target/test/data/ca4e50c/MiniRaftClusterWithGrpcad38b086/s2/1b149e29-cf35-40cb-8f63-83f5c3382149/current
2019-09-24 16:04:28,137 INFO  ratis.MiniRaftCluster (MiniRaftCluster.java:newRaftServer(330)) - newRaftServer: s4, group-83F5C3382149:[], format? true
2019-09-24 16:04:28,139 TRACE util.FileUtils (FileUtils.java:deleteFully(88)) - deleteFully target/test/data/ca4e50c/MiniRaftClusterWithGrpcad38b086/s4
2019-09-24 16:04:28,138 INFO  server.RaftServerConfigKeys (ConfUtils.java:logGet(43)) - raft.server.rpcslowness.timeout = 60s (default)
2019-09-24 16:04:28,139 TRACE util.FileUtils (FileUtils.java:deleteFully(104)) - deleteFully: target/test/data/ca4e50c/MiniRaftClusterWithGrpcad38b086/s4 does not exist.
2019-09-24 16:04:28,139 INFO  ratis.MiniRaftCluster (MiniRaftCluster.java:newRaftServer(335)) - Formatted directory target/test/data/ca4e50c/MiniRaftClusterWithGrpcad38b086/s4
2019-09-24 16:04:28,139 TRACE util.FileUtils (LogUtils.java:runAndLog(61)) - Successfully ran Files.createDirectories /workdir/ratis-test/target/test/data/ca4e50c/MiniRaftClusterWithGrpcad38b086/s2/1b149e29-cf35-40cb-8f63-83f5c3382149/sm
2019-09-24 16:04:28,139 INFO  server.RaftServerConfigKeys (ConfUtils.java:logGet(43)) - raft.server.sleep.deviation.threshold = 300 (default)
2019-09-24 16:04:28,140 DEBUG impl.RaftServerProxy (ServerImplUtils.java:newRaftServer(39)) - newRaftServer: s4, group-83F5C3382149:[]
2019-09-24 16:04:28,140 INFO  server.RaftServerConfigKeys (ConfUtils.java:logGet(43)) - raft.server.log.appender.install.snapshot.enabled = true (default)
2019-09-24 16:04:28,140 INFO  impl.RaftServerProxy (ConfUtils.java:logGet(43)) - raft.rpc.type = GRPC (default)
2019-09-24 16:04:28,140 INFO  impl.RaftServerImpl (ServerState.java:<init>(103)) - s3@group-83F5C3382149: ConfigurationManager, init=-1: [], old=null, confs=<EMPTY_MAP>
2019-09-24 16:04:28,140 INFO  grpc.GrpcFactory (GrpcFactory.java:checkPooledByteBufAllocatorUseCacheForAllThreads(45)) - PERFORMANCE WARNING: useCacheForAllThreads is true that may cause Netty to create a lot garbage objects and, as a result, trigger GC.
	It is recommended to disable useCacheForAllThreads by setting -Dorg.apache.ratis.thirdparty.io.netty.allocator.useCacheForAllThreads=false in command line.
2019-09-24 16:04:28,141 INFO  server.RaftServerConfigKeys (ConfUtils.java:logGet(43)) - raft.server.storage.dir = [/workdir/ratis-test/target/test/data/ca4e50c/MiniRaftClusterWithGrpcad38b086/s3] (custom)
2019-09-24 16:04:28,141 INFO  grpc.GrpcConfigKeys$Server (ConfUtils.java:logGet(43)) - raft.grpc.server.port = 45847 (custom)
2019-09-24 16:04:28,141 INFO  server.RaftServerConfigKeys (ConfUtils.java:logGet(43)) - raft.server.log.corruption.policy = EXCEPTION (default)
2019-09-24 16:04:28,141 INFO  server.GrpcService (ConfUtils.java:logGet(43)) - raft.grpc.message.size.max = 64MB (=67108864) (default)
2019-09-24 16:04:28,141 INFO  storage.RaftStorageDirectory (RaftStorageDirectory.java:analyzeStorage(246)) - The storage directory /workdir/ratis-test/target/test/data/ca4e50c/MiniRaftClusterWithGrpcad38b086/s3/1b149e29-cf35-40cb-8f63-83f5c3382149 does not exist. Creating ...
2019-09-24 16:04:28,142 INFO  server.RaftServerConfigKeys (ConfUtils.java:logGet(43)) - raft.server.log.appender.buffer.byte-limit = 4MB (=4194304) (default)
2019-09-24 16:04:28,142 INFO  server.GrpcService (ConfUtils.java:logGet(43)) - raft.grpc.flow.control.window = 1MB (=1048576) (default)
2019-09-24 16:04:28,142 INFO  server.RaftServerConfigKeys (ConfUtils.java:logGet(43)) - raft.server.rpc.request.timeout = 3000ms (default)
2019-09-24 16:04:28,142 TRACE util.FileUtils (LogUtils.java:runAndLog(61)) - Successfully ran Files.createDirectories /workdir/ratis-test/target/test/data/ca4e50c/MiniRaftClusterWithGrpcad38b086/s3/1b149e29-cf35-40cb-8f63-83f5c3382149
2019-09-24 16:04:28,143 INFO  server.RaftServerConfigKeys (ConfUtils.java:logGet(43)) - raft.server.storage.dir = [/workdir/ratis-test/target/test/data/ca4e50c/MiniRaftClusterWithGrpcad38b086/s4] (custom)
2019-09-24 16:04:28,143 INFO  impl.RaftServerProxy (RaftServerProxy.java:addNew(89)) - s4: addNew group-83F5C3382149:[] returns group-83F5C3382149:java.util.concurrent.CompletableFuture@45446153[Not completed]
2019-09-24 16:04:28,144 INFO  impl.RaftServerImpl (RaftServerImpl.java:<init>(95)) - s4: new RaftServerImpl for group-83F5C3382149:[] with BaseStateMachine:uninitialized
2019-09-24 16:04:28,144 INFO  impl.GroupManagementBaseTest (GroupManagementBaseTest.java:runMultiGroupTest(149)) - putNewServer: printing ALL groups
  s3:      NEW group-83F5C3382149:java.util.concurrent.CompletableFuture@511ddaf5[Not completed]
  s4:      NEW group-83F5C3382149:java.util.concurrent.CompletableFuture@45446153[Not completed]
  s0:      NEW group-83F5C3382149:java.util.concurrent.CompletableFuture@201edb36[Not completed]
  s1:      NEW group-83F5C3382149:java.util.concurrent.CompletableFuture@444bdbaf[Not completed]
  s2:      NEW group-83F5C3382149:java.util.concurrent.CompletableFuture@75a40a14[Not completed]
2019-09-24 16:04:28,145 INFO  server.RaftServerConfigKeys (ConfUtils.java:logGet(43)) - raft.server.rpc.timeout.min = 150ms (default)
2019-09-24 16:04:28,145 INFO  server.RaftServerConfigKeys (ConfUtils.java:logGet(43)) - raft.server.rpc.timeout.max = 300ms (default)
2019-09-24 16:04:28,145 INFO  server.RaftServerConfigKeys (ConfUtils.java:logGet(43)) - raft.server.rpcslowness.timeout = 60s (default)
2019-09-24 16:04:28,146 INFO  server.RaftServerConfigKeys (ConfUtils.java:logGet(43)) - raft.server.sleep.deviation.threshold = 300 (default)
2019-09-24 16:04:28,146 INFO  server.RaftServerConfigKeys (ConfUtils.java:logGet(43)) - raft.server.log.appender.install.snapshot.enabled = true (default)
2019-09-24 16:04:28,146 INFO  impl.RaftServerImpl (ServerState.java:<init>(103)) - s4@group-83F5C3382149: ConfigurationManager, init=-1: [], old=null, confs=<EMPTY_MAP>
2019-09-24 16:04:28,146 INFO  server.RaftServerConfigKeys (ConfUtils.java:logGet(43)) - raft.server.storage.dir = [/workdir/ratis-test/target/test/data/ca4e50c/MiniRaftClusterWithGrpcad38b086/s4] (custom)
2019-09-24 16:04:28,147 INFO  server.RaftServerConfigKeys (ConfUtils.java:logGet(43)) - raft.server.log.corruption.policy = EXCEPTION (default)
2019-09-24 16:04:28,147 INFO  storage.RaftStorageDirectory (RaftStorageDirectory.java:analyzeStorage(246)) - The storage directory /workdir/ratis-test/target/test/data/ca4e50c/MiniRaftClusterWithGrpcad38b086/s4/1b149e29-cf35-40cb-8f63-83f5c3382149 does not exist. Creating ...
2019-09-24 16:04:28,148 TRACE util.FileUtils (LogUtils.java:runAndLog(61)) - Successfully ran Files.createDirectories /workdir/ratis-test/target/test/data/ca4e50c/MiniRaftClusterWithGrpcad38b086/s4/1b149e29-cf35-40cb-8f63-83f5c3382149
2019-09-24 16:04:28,158 INFO  storage.RaftStorageDirectory (RaftStorageDirectory.java:tryLock(328)) - Lock on /workdir/ratis-test/target/test/data/ca4e50c/MiniRaftClusterWithGrpcad38b086/s4/1b149e29-cf35-40cb-8f63-83f5c3382149/in_use.lock acquired by nodename 2858@ratis-test-vphbd-3564017154
2019-09-24 16:04:28,158 INFO  storage.RaftStorage (RaftStorage.java:format(84)) - Storage directory /workdir/ratis-test/target/test/data/ca4e50c/MiniRaftClusterWithGrpcad38b086/s2/1b149e29-cf35-40cb-8f63-83f5c3382149 has been successfully formatted.
2019-09-24 16:04:28,158 INFO  storage.RaftStorage (RaftStorage.java:format(84)) - Storage directory /workdir/ratis-test/target/test/data/ca4e50c/MiniRaftClusterWithGrpcad38b086/s1/1b149e29-cf35-40cb-8f63-83f5c3382149 has been successfully formatted.
2019-09-24 16:04:28,158 INFO  storage.RaftStorage (RaftStorage.java:format(84)) - Storage directory /workdir/ratis-test/target/test/data/ca4e50c/MiniRaftClusterWithGrpcad38b086/s0/1b149e29-cf35-40cb-8f63-83f5c3382149 has been successfully formatted.
2019-09-24 16:04:28,158 INFO  storage.RaftStorageDirectory (RaftStorageDirectory.java:tryLock(328)) - Lock on /workdir/ratis-test/target/test/data/ca4e50c/MiniRaftClusterWithGrpcad38b086/s3/1b149e29-cf35-40cb-8f63-83f5c3382149/in_use.lock acquired by nodename 2858@ratis-test-vphbd-3564017154
2019-09-24 16:04:28,159 INFO  server.RaftServerConfigKeys (ConfUtils.java:logGet(43)) - raft.server.notification.no-leader.timeout = 60s (default)
2019-09-24 16:04:28,159 INFO  server.RaftServerConfigKeys (ConfUtils.java:logGet(43)) - raft.server.notification.no-leader.timeout = 60s (default)
2019-09-24 16:04:28,158 INFO  server.RaftServerConfigKeys (ConfUtils.java:logGet(43)) - raft.server.notification.no-leader.timeout = 60s (default)
2019-09-24 16:04:28,158 TRACE util.FileUtils (LogUtils.java:runAndLog(61)) - Successfully ran Files.createDirectories /workdir/ratis-test/target/test/data/ca4e50c/MiniRaftClusterWithGrpcad38b086/s4/1b149e29-cf35-40cb-8f63-83f5c3382149/current
2019-09-24 16:04:28,160 INFO  server.RaftServerConfigKeys (ConfUtils.java:logGet(43)) - raft.server.log.use.memory = false (default)
2019-09-24 16:04:28,159 INFO  server.RaftServerConfigKeys (ConfUtils.java:logGet(43)) - raft.server.log.use.memory = false (default)
2019-09-24 16:04:28,159 TRACE util.FileUtils (LogUtils.java:runAndLog(61)) - Successfully ran Files.createDirectories /workdir/ratis-test/target/test/data/ca4e50c/MiniRaftClusterWithGrpcad38b086/s3/1b149e29-cf35-40cb-8f63-83f5c3382149/current
2019-09-24 16:04:28,159 INFO  server.RaftServerConfigKeys (ConfUtils.java:logGet(43)) - raft.server.log.use.memory = false (default)
2019-09-24 16:04:28,161 TRACE util.FileUtils (LogUtils.java:runAndLog(61)) - Successfully ran Files.createDirectories /workdir/ratis-test/target/test/data/ca4e50c/MiniRaftClusterWithGrpcad38b086/s3/1b149e29-cf35-40cb-8f63-83f5c3382149/sm
2019-09-24 16:04:28,160 INFO  server.RaftServerConfigKeys (ConfUtils.java:logGet(43)) - raft.server.log.purge.gap = 1024 (default)
2019-09-24 16:04:28,160 INFO  server.RaftServerConfigKeys (ConfUtils.java:logGet(43)) - raft.server.log.purge.gap = 1024 (default)
2019-09-24 16:04:28,160 TRACE util.FileUtils (LogUtils.java:runAndLog(61)) - Successfully ran Files.createDirectories /workdir/ratis-test/target/test/data/ca4e50c/MiniRaftClusterWithGrpcad38b086/s4/1b149e29-cf35-40cb-8f63-83f5c3382149/sm
2019-09-24 16:04:28,161 INFO  server.RaftServerConfigKeys (ConfUtils.java:logGet(43)) - raft.server.log.appender.buffer.byte-limit = 4MB (=4194304) (default)
2019-09-24 16:04:28,161 INFO  server.RaftServerConfigKeys (ConfUtils.java:logGet(43)) - raft.server.log.appender.buffer.byte-limit = 4MB (=4194304) (default)
2019-09-24 16:04:28,161 INFO  server.RaftServerConfigKeys (ConfUtils.java:logGet(43)) - raft.server.log.purge.gap = 1024 (default)
2019-09-24 16:04:28,162 INFO  server.RaftServerConfigKeys (ConfUtils.java:logGet(43)) - raft.server.log.segment.size.max = 8MB (=8388608) (default)
2019-09-24 16:04:28,162 INFO  server.RaftServerConfigKeys (ConfUtils.java:logGet(43)) - raft.server.log.segment.size.max = 8MB (=8388608) (default)
2019-09-24 16:04:28,162 INFO  server.RaftServerConfigKeys (ConfUtils.java:logGet(43)) - raft.server.log.segment.cache.num.max = 6 (default)
2019-09-24 16:04:28,162 INFO  server.RaftServerConfigKeys (ConfUtils.java:logGet(43)) - raft.server.log.appender.buffer.byte-limit = 4MB (=4194304) (default)
2019-09-24 16:04:28,162 INFO  segmented.SegmentedRaftLogWorker (SegmentedRaftLogWorker.java:<init>(172)) - new s1@group-83F5C3382149-SegmentedRaftLogWorker for RaftStorage:Storage Directory /workdir/ratis-test/target/test/data/ca4e50c/MiniRaftClusterWithGrpcad38b086/s1/1b149e29-cf35-40cb-8f63-83f5c3382149
2019-09-24 16:04:28,162 INFO  server.RaftServerConfigKeys (ConfUtils.java:logGet(43)) - raft.server.log.segment.cache.num.max = 6 (default)
2019-09-24 16:04:28,163 INFO  server.RaftServerConfigKeys (ConfUtils.java:logGet(43)) - raft.server.log.queue.byte-limit = 64MB (=67108864) (default)
2019-09-24 16:04:28,163 INFO  server.RaftServerConfigKeys (ConfUtils.java:logGet(43)) - raft.server.log.segment.size.max = 8MB (=8388608) (default)
2019-09-24 16:04:28,163 INFO  server.RaftServerConfigKeys (ConfUtils.java:logGet(43)) - raft.server.log.queue.element-limit = 4096 (default)
2019-09-24 16:04:28,163 INFO  segmented.SegmentedRaftLogWorker (SegmentedRaftLogWorker.java:<init>(172)) - new s2@group-83F5C3382149-SegmentedRaftLogWorker for RaftStorage:Storage Directory /workdir/ratis-test/target/test/data/ca4e50c/MiniRaftClusterWithGrpcad38b086/s2/1b149e29-cf35-40cb-8f63-83f5c3382149
2019-09-24 16:04:28,164 INFO  server.RaftServerConfigKeys (ConfUtils.java:logGet(43)) - raft.server.log.segment.size.max = 8MB (=8388608) (default)
2019-09-24 16:04:28,163 INFO  server.RaftServerConfigKeys (ConfUtils.java:logGet(43)) - raft.server.log.segment.cache.num.max = 6 (default)
2019-09-24 16:04:28,164 INFO  server.RaftServerConfigKeys (ConfUtils.java:logGet(43)) - raft.server.log.preallocated.size = 4MB (=4194304) (default)
2019-09-24 16:04:28,164 INFO  server.RaftServerConfigKeys (ConfUtils.java:logGet(43)) - raft.server.log.queue.byte-limit = 64MB (=67108864) (default)
2019-09-24 16:04:28,164 INFO  server.RaftServerConfigKeys (ConfUtils.java:logGet(43)) - raft.server.log.write.buffer.size = 64KB (=65536) (default)
2019-09-24 16:04:28,164 INFO  segmented.SegmentedRaftLogWorker (SegmentedRaftLogWorker.java:<init>(172)) - new s0@group-83F5C3382149-SegmentedRaftLogWorker for RaftStorage:Storage Directory /workdir/ratis-test/target/test/data/ca4e50c/MiniRaftClusterWithGrpcad38b086/s0/1b149e29-cf35-40cb-8f63-83f5c3382149
2019-09-24 16:04:28,165 INFO  server.RaftServerConfigKeys (ConfUtils.java:logGet(43)) - raft.server.log.force.sync.num = 128 (default)
2019-09-24 16:04:28,164 INFO  server.RaftServerConfigKeys (ConfUtils.java:logGet(43)) - raft.server.log.queue.element-limit = 4096 (default)
2019-09-24 16:04:28,165 INFO  server.RaftServerConfigKeys (ConfUtils.java:logGet(43)) - raft.server.log.statemachine.data.sync = true (default)
2019-09-24 16:04:28,165 INFO  server.RaftServerConfigKeys (ConfUtils.java:logGet(43)) - raft.server.log.queue.byte-limit = 64MB (=67108864) (default)
2019-09-24 16:04:28,165 INFO  server.RaftServerConfigKeys (ConfUtils.java:logGet(43)) - raft.server.log.statemachine.data.sync.timeout = 10s (default)
2019-09-24 16:04:28,165 INFO  server.RaftServerConfigKeys (ConfUtils.java:logGet(43)) - raft.server.log.segment.size.max = 8MB (=8388608) (default)
2019-09-24 16:04:28,166 INFO  server.RaftServerConfigKeys (ConfUtils.java:logGet(43)) - raft.server.log.statemachine.data.sync.timeout.retry = -1 (default)
2019-09-24 16:04:28,166 INFO  server.RaftServerConfigKeys (ConfUtils.java:logGet(43)) - raft.server.log.queue.element-limit = 4096 (default)
2019-09-24 16:04:28,166 INFO  server.RaftServerConfigKeys (ConfUtils.java:logGet(43)) - raft.server.log.statemachine.data.caching.enabled = false (default)
2019-09-24 16:04:28,166 INFO  server.RaftServerConfigKeys (ConfUtils.java:logGet(43)) - raft.server.log.preallocated.size = 4MB (=4194304) (default)
2019-09-24 16:04:28,166 INFO  storage.RaftStorage (RaftStorage.java:format(84)) - Storage directory /workdir/ratis-test/target/test/data/ca4e50c/MiniRaftClusterWithGrpcad38b086/s4/1b149e29-cf35-40cb-8f63-83f5c3382149 has been successfully formatted.
2019-09-24 16:04:28,167 INFO  segmented.SegmentedRaftLogWorker (SegmentedRaftLogWorker.java:lambda$new$0(132)) - s1@group-83F5C3382149-SegmentedRaftLogWorker: flushIndex: setUnconditionally 0 -> -1
2019-09-24 16:04:28,166 INFO  storage.RaftStorage (RaftStorage.java:format(84)) - Storage directory /workdir/ratis-test/target/test/data/ca4e50c/MiniRaftClusterWithGrpcad38b086/s3/1b149e29-cf35-40cb-8f63-83f5c3382149 has been successfully formatted.
2019-09-24 16:04:28,166 INFO  server.RaftServerConfigKeys (ConfUtils.java:logGet(43)) - raft.server.log.segment.size.max = 8MB (=8388608) (default)
2019-09-24 16:04:28,167 INFO  server.RaftServerConfigKeys (ConfUtils.java:logGet(43)) - raft.server.snapshot.auto.trigger.enabled = false (default)
2019-09-24 16:04:28,167 INFO  server.RaftServerConfigKeys (ConfUtils.java:logGet(43)) - raft.server.notification.no-leader.timeout = 60s (default)
2019-09-24 16:04:28,167 INFO  server.RaftServerConfigKeys (ConfUtils.java:logGet(43)) - raft.server.notification.no-leader.timeout = 60s (default)
2019-09-24 16:04:28,167 INFO  server.RaftServerConfigKeys (ConfUtils.java:logGet(43)) - raft.server.log.write.buffer.size = 64KB (=65536) (default)
2019-09-24 16:04:28,168 INFO  server.RaftServerConfigKeys (ConfUtils.java:logGet(43)) - raft.server.log.use.memory = false (default)
2019-09-24 16:04:28,168 INFO  server.RaftServerConfigKeys (ConfUtils.java:logGet(43)) - raft.server.log.use.memory = false (default)
2019-09-24 16:04:28,167 INFO  server.RaftServerConfigKeys (ConfUtils.java:logGet(43)) - raft.server.snapshot.retention.file.num = -1 (default)
2019-09-24 16:04:28,167 INFO  server.RaftServerConfigKeys (ConfUtils.java:logGet(43)) - raft.server.log.preallocated.size = 4MB (=4194304) (default)
2019-09-24 16:04:28,168 INFO  server.RaftServerConfigKeys (ConfUtils.java:logGet(43)) - raft.server.log.purge.gap = 1024 (default)
2019-09-24 16:04:28,168 INFO  server.RaftServerConfigKeys (ConfUtils.java:logGet(43)) - raft.server.log.purge.gap = 1024 (default)
2019-09-24 16:04:28,168 INFO  server.RaftServerConfigKeys (ConfUtils.java:logGet(43)) - raft.server.log.force.sync.num = 128 (default)
2019-09-24 16:04:28,169 INFO  server.RaftServerConfigKeys (ConfUtils.java:logGet(43)) - raft.server.log.appender.buffer.byte-limit = 4MB (=4194304) (default)
2019-09-24 16:04:28,169 INFO  server.RaftServerConfigKeys (ConfUtils.java:logGet(43)) - raft.server.log.appender.buffer.byte-limit = 4MB (=4194304) (default)
2019-09-24 16:04:28,169 INFO  server.RaftServerConfigKeys (ConfUtils.java:logGet(43)) - raft.server.log.write.buffer.size = 64KB (=65536) (default)
2019-09-24 16:04:28,169 INFO  server.RaftServerConfigKeys (ConfUtils.java:logGet(43)) - raft.server.retrycache.expirytime = 60s (default)
2019-09-24 16:04:28,170 INFO  server.RaftServerConfigKeys (ConfUtils.java:logGet(43)) - raft.server.log.force.sync.num = 128 (default)
2019-09-24 16:04:28,170 INFO  server.RaftServerConfigKeys (ConfUtils.java:logGet(43)) - raft.server.log.segment.size.max = 8MB (=8388608) (default)
2019-09-24 16:04:28,169 INFO  server.RaftServerConfigKeys (ConfUtils.java:logGet(43)) - raft.server.log.segment.size.max = 8MB (=8388608) (default)
2019-09-24 16:04:28,169 INFO  server.RaftServerConfigKeys (ConfUtils.java:logGet(43)) - raft.server.log.statemachine.data.sync = true (default)
2019-09-24 16:04:28,171 INFO  server.RaftServerConfigKeys (ConfUtils.java:logGet(43)) - raft.server.log.segment.cache.num.max = 6 (default)
2019-09-24 16:04:28,170 INFO  server.RaftServerConfigKeys (ConfUtils.java:logGet(43)) - raft.server.log.segment.cache.num.max = 6 (default)
2019-09-24 16:04:28,170 INFO  server.RaftServerConfigKeys (ConfUtils.java:logGet(43)) - raft.server.log.statemachine.data.sync = true (default)
2019-09-24 16:04:28,172 INFO  segmented.SegmentedRaftLogWorker (SegmentedRaftLogWorker.java:<init>(172)) - new s3@group-83F5C3382149-SegmentedRaftLogWorker for RaftStorage:Storage Directory /workdir/ratis-test/target/test/data/ca4e50c/MiniRaftClusterWithGrpcad38b086/s3/1b149e29-cf35-40cb-8f63-83f5c3382149
2019-09-24 16:04:28,171 INFO  segmented.SegmentedRaftLogWorker (SegmentedRaftLogWorker.java:<init>(172)) - new s4@group-83F5C3382149-SegmentedRaftLogWorker for RaftStorage:Storage Directory /workdir/ratis-test/target/test/data/ca4e50c/MiniRaftClusterWithGrpcad38b086/s4/1b149e29-cf35-40cb-8f63-83f5c3382149
2019-09-24 16:04:28,171 INFO  server.RaftServerConfigKeys (ConfUtils.java:logGet(43)) - raft.server.log.statemachine.data.sync.timeout = 10s (default)
2019-09-24 16:04:28,172 INFO  server.RaftServerConfigKeys (ConfUtils.java:logGet(43)) - raft.server.log.statemachine.data.sync.timeout = 10s (default)
2019-09-24 16:04:28,173 INFO  server.RaftServerConfigKeys (ConfUtils.java:logGet(43)) - raft.server.log.statemachine.data.sync.timeout.retry = -1 (default)
2019-09-24 16:04:28,173 INFO  server.RaftServerConfigKeys (ConfUtils.java:logGet(43)) - raft.server.log.statemachine.data.sync.timeout.retry = -1 (default)
2019-09-24 16:04:28,174 INFO  server.RaftServerConfigKeys (ConfUtils.java:logGet(43)) - raft.server.log.statemachine.data.caching.enabled = false (default)
2019-09-24 16:04:28,174 INFO  server.RaftServerConfigKeys (ConfUtils.java:logGet(43)) - raft.server.log.statemachine.data.caching.enabled = false (default)
2019-09-24 16:04:28,174 INFO  segmented.SegmentedRaftLogWorker (SegmentedRaftLogWorker.java:lambda$new$0(132)) - s2@group-83F5C3382149-SegmentedRaftLogWorker: flushIndex: setUnconditionally 0 -> -1
2019-09-24 16:04:28,174 INFO  segmented.SegmentedRaftLogWorker (SegmentedRaftLogWorker.java:lambda$new$0(132)) - s0@group-83F5C3382149-SegmentedRaftLogWorker: flushIndex: setUnconditionally 0 -> -1
2019-09-24 16:04:28,175 INFO  server.RaftServerConfigKeys (ConfUtils.java:logGet(43)) - raft.server.snapshot.auto.trigger.enabled = false (default)
2019-09-24 16:04:28,175 INFO  server.RaftServerConfigKeys (ConfUtils.java:logGet(43)) - raft.server.snapshot.auto.trigger.enabled = false (default)
2019-09-24 16:04:28,175 INFO  server.RaftServerConfigKeys (ConfUtils.java:logGet(43)) - raft.server.snapshot.retention.file.num = -1 (default)
2019-09-24 16:04:28,175 INFO  server.RaftServerConfigKeys (ConfUtils.java:logGet(43)) - raft.server.snapshot.retention.file.num = -1 (default)
2019-09-24 16:04:28,175 INFO  server.RaftServerConfigKeys (ConfUtils.java:logGet(43)) - raft.server.retrycache.expirytime = 60s (default)
2019-09-24 16:04:28,176 INFO  server.RaftServerConfigKeys (ConfUtils.java:logGet(43)) - raft.server.retrycache.expirytime = 60s (default)
2019-09-24 16:04:28,182 INFO  server.RaftServerConfigKeys (ConfUtils.java:logGet(43)) - raft.server.log.queue.byte-limit = 64MB (=67108864) (default)
2019-09-24 16:04:28,182 INFO  server.RaftServerConfigKeys (ConfUtils.java:logGet(43)) - raft.server.log.queue.element-limit = 4096 (default)
2019-09-24 16:04:28,183 INFO  server.RaftServerConfigKeys (ConfUtils.java:logGet(43)) - raft.server.log.segment.size.max = 8MB (=8388608) (default)
2019-09-24 16:04:28,183 INFO  server.RaftServerConfigKeys (ConfUtils.java:logGet(43)) - raft.server.log.preallocated.size = 4MB (=4194304) (default)
2019-09-24 16:04:28,183 INFO  server.RaftServerConfigKeys (ConfUtils.java:logGet(43)) - raft.server.log.write.buffer.size = 64KB (=65536) (default)
2019-09-24 16:04:28,183 INFO  server.RaftServerConfigKeys (ConfUtils.java:logGet(43)) - raft.server.log.force.sync.num = 128 (default)
2019-09-24 16:04:28,183 INFO  server.RaftServerConfigKeys (ConfUtils.java:logGet(43)) - raft.server.log.statemachine.data.sync = true (default)
2019-09-24 16:04:28,183 INFO  server.RaftServerConfigKeys (ConfUtils.java:logGet(43)) - raft.server.log.queue.byte-limit = 64MB (=67108864) (default)
2019-09-24 16:04:28,183 INFO  server.RaftServerConfigKeys (ConfUtils.java:logGet(43)) - raft.server.log.statemachine.data.sync.timeout = 10s (default)
2019-09-24 16:04:28,184 INFO  server.RaftServerConfigKeys (ConfUtils.java:logGet(43)) - raft.server.log.queue.element-limit = 4096 (default)
2019-09-24 16:04:28,184 INFO  server.RaftServerConfigKeys (ConfUtils.java:logGet(43)) - raft.server.log.statemachine.data.sync.timeout.retry = -1 (default)
2019-09-24 16:04:28,185 INFO  server.RaftServerConfigKeys (ConfUtils.java:logGet(43)) - raft.server.log.segment.size.max = 8MB (=8388608) (default)
2019-09-24 16:04:28,185 INFO  server.RaftServerConfigKeys (ConfUtils.java:logGet(43)) - raft.server.log.preallocated.size = 4MB (=4194304) (default)
2019-09-24 16:04:28,185 INFO  server.RaftServerConfigKeys (ConfUtils.java:logGet(43)) - raft.server.log.statemachine.data.caching.enabled = false (default)
2019-09-24 16:04:28,185 INFO  server.RaftServerConfigKeys (ConfUtils.java:logGet(43)) - raft.server.log.write.buffer.size = 64KB (=65536) (default)
2019-09-24 16:04:28,185 INFO  server.RaftServerConfigKeys (ConfUtils.java:logGet(43)) - raft.server.log.force.sync.num = 128 (default)
2019-09-24 16:04:28,186 INFO  segmented.SegmentedRaftLogWorker (SegmentedRaftLogWorker.java:lambda$new$0(132)) - s3@group-83F5C3382149-SegmentedRaftLogWorker: flushIndex: setUnconditionally 0 -> -1
2019-09-24 16:04:28,186 INFO  server.RaftServerConfigKeys (ConfUtils.java:logGet(43)) - raft.server.log.statemachine.data.sync = true (default)
2019-09-24 16:04:28,186 INFO  server.RaftServerConfigKeys (ConfUtils.java:logGet(43)) - raft.server.log.statemachine.data.sync.timeout = 10s (default)
2019-09-24 16:04:28,186 INFO  server.RaftServerConfigKeys (ConfUtils.java:logGet(43)) - raft.server.snapshot.auto.trigger.enabled = false (default)
2019-09-24 16:04:28,186 INFO  server.RaftServerConfigKeys (ConfUtils.java:logGet(43)) - raft.server.log.statemachine.data.sync.timeout.retry = -1 (default)
2019-09-24 16:04:28,186 INFO  server.RaftServerConfigKeys (ConfUtils.java:logGet(43)) - raft.server.snapshot.retention.file.num = -1 (default)
2019-09-24 16:04:28,187 INFO  server.RaftServerConfigKeys (ConfUtils.java:logGet(43)) - raft.server.retrycache.expirytime = 60s (default)
2019-09-24 16:04:28,187 INFO  server.RaftServerConfigKeys (ConfUtils.java:logGet(43)) - raft.server.log.statemachine.data.caching.enabled = false (default)
2019-09-24 16:04:28,187 INFO  segmented.SegmentedRaftLogWorker (SegmentedRaftLogWorker.java:lambda$new$0(132)) - s4@group-83F5C3382149-SegmentedRaftLogWorker: flushIndex: setUnconditionally 0 -> -1
2019-09-24 16:04:28,188 INFO  server.RaftServerConfigKeys (ConfUtils.java:logGet(43)) - raft.server.snapshot.auto.trigger.enabled = false (default)
2019-09-24 16:04:28,188 INFO  server.RaftServerConfigKeys (ConfUtils.java:logGet(43)) - raft.server.snapshot.retention.file.num = -1 (default)
2019-09-24 16:04:28,188 INFO  server.RaftServerConfigKeys (ConfUtils.java:logGet(43)) - raft.server.retrycache.expirytime = 60s (default)
2019-09-24 16:04:28,193 ERROR impl.RaftServerImpl (RaftServerImpl.java:appendEntriesAsync(838)) - s0@group-EA9EDABE670D: Failed appendEntriesAsync serverRequest {
  requestorId: "s1"
  replyId: "s0"
  raftGroupId {
    id: "\230\210\030r\\\000A\027\247\017\352\236\332\276g\r"
  }
  slidingWindowEntry {
  }
}
leaderTerm: 6
previousLog {
  term: 1
}
leaderCommit: 18446744073709551615
commitInfos {
  server {
    id: "s1"
    address: "0.0.0.0:37964"
  }
  commitIndex: 18446744073709551615
}
commitInfos {
  server {
    id: "s0"
    address: "0.0.0.0:36225"
  }
  commitIndex: 18446744073709551615
}
commitInfos {
  server {
    id: "s2"
    address: "0.0.0.0:34453"
  }
  commitIndex: 18446744073709551615
}

java.lang.IllegalArgumentException: s0@group-EA9EDABE670D-SegmentedRaftLog is expected to be opened but it is CLOSED
	at org.apache.ratis.util.OpenCloseState.assertOpen(OpenCloseState.java:63)
	at org.apache.ratis.server.raftlog.RaftLog.checkLogState(RaftLog.java:102)
	at org.apache.ratis.server.raftlog.segmented.SegmentedRaftLog.getTermIndex(SegmentedRaftLog.java:307)
	at org.apache.ratis.server.raftlog.RaftLog.contains(RaftLog.java:141)
	at org.apache.ratis.server.impl.ServerState.containsTermIndex(ServerState.java:447)
	at org.apache.ratis.server.impl.RaftServerImpl.checkInconsistentAppendEntries(RaftServerImpl.java:997)
	at org.apache.ratis.server.impl.RaftServerImpl.checkInconsistentAppendEntries(RaftServerImpl.java:965)
	at org.apache.ratis.server.impl.RaftServerImpl.appendEntriesAsync(RaftServerImpl.java:931)
	at org.apache.ratis.server.impl.RaftServerImpl.appendEntriesAsync(RaftServerImpl.java:835)
	at org.apache.ratis.server.impl.RaftServerProxy.lambda$appendEntriesAsync$16(RaftServerProxy.java:449)
	at org.apache.ratis.server.impl.RaftServerProxy.lambda$null$5(RaftServerProxy.java:328)
	at org.apache.ratis.util.JavaUtils.callAsUnchecked(JavaUtils.java:109)
	at org.apache.ratis.server.impl.RaftServerProxy.lambda$submitRequest$6(RaftServerProxy.java:328)
	at java.util.concurrent.CompletableFuture.uniComposeStage(CompletableFuture.java:981)
	at java.util.concurrent.CompletableFuture.thenCompose(CompletableFuture.java:2124)
	at org.apache.ratis.server.impl.RaftServerProxy.submitRequest(RaftServerProxy.java:327)
	at org.apache.ratis.server.impl.RaftServerProxy.appendEntriesAsync(RaftServerProxy.java:449)
	at org.apache.ratis.grpc.server.GrpcServerProtocolService$1.process(GrpcServerProtocolService.java:158)
	at org.apache.ratis.grpc.server.GrpcServerProtocolService$1.process(GrpcServerProtocolService.java:155)
	at org.apache.ratis.grpc.server.GrpcServerProtocolService$ServerRequestStreamObserver.onNext(GrpcServerProtocolService.java:93)
	at org.apache.ratis.thirdparty.io.grpc.stub.ServerCalls$StreamingServerCallHandler$StreamingServerCallListener.onMessage(ServerCalls.java:248)
	at org.apache.ratis.thirdparty.io.grpc.internal.ServerCallImpl$ServerStreamListenerImpl.messagesAvailable(ServerCallImpl.java:263)
	at org.apache.ratis.thirdparty.io.grpc.internal.ServerImpl$JumpToApplicationThreadServerStreamListener$1MessagesAvailable.runInContext(ServerImpl.java:686)
	at org.apache.ratis.thirdparty.io.grpc.internal.ContextRunnable.run(ContextRunnable.java:37)
	at org.apache.ratis.thirdparty.io.grpc.internal.SerializingExecutor.run(SerializingExecutor.java:123)
	at java.util.concurrent.ThreadPoolExecutor.runWorker(ThreadPoolExecutor.java:1149)
	at java.util.concurrent.ThreadPoolExecutor$Worker.run(ThreadPoolExecutor.java:624)
	at java.lang.Thread.run(Thread.java:748)
Caused by: org.apache.ratis.util.OpenCloseState$CloseTrace: Close s0@group-EA9EDABE670D-SegmentedRaftLog
	at org.apache.ratis.util.OpenCloseState.lambda$close$1(OpenCloseState.java:109)
	at java.util.concurrent.atomic.AtomicReference.getAndUpdate(AtomicReference.java:160)
	at org.apache.ratis.util.OpenCloseState.close(OpenCloseState.java:109)
	at org.apache.ratis.server.raftlog.RaftLog.close(RaftLog.java:437)
	at org.apache.ratis.server.raftlog.segmented.SegmentedRaftLog.close(SegmentedRaftLog.java:476)
	at org.apache.ratis.server.impl.ServerState.close(ServerState.java:388)
	at org.apache.ratis.server.impl.RaftServerImpl.lambda$shutdown$3(RaftServerImpl.java:269)
	at org.apache.ratis.util.LifeCycle.lambda$checkStateAndClose$2(LifeCycle.java:231)
	at org.apache.ratis.util.LifeCycle.checkStateAndClose(LifeCycle.java:251)
	at org.apache.ratis.util.LifeCycle.checkStateAndClose(LifeCycle.java:229)
	at org.apache.ratis.server.impl.RaftServerImpl.shutdown(RaftServerImpl.java:246)
	at org.apache.ratis.server.impl.RaftServerProxy$ImplMap.lambda$close$0(RaftServerProxy.java:107)
	at java.util.stream.ForEachOps$ForEachOp$OfRef.accept(ForEachOps.java:184)
	at java.util.stream.ReferencePipeline$3$1.accept(ReferencePipeline.java:193)
	at java.util.concurrent.ConcurrentHashMap$ValueSpliterator.forEachRemaining(ConcurrentHashMap.java:3566)
	at java.util.stream.AbstractPipeline.copyInto(AbstractPipeline.java:482)
	at java.util.stream.ForEachOps$ForEachTask.compute(ForEachOps.java:291)
	at java.util.concurrent.CountedCompleter.exec(CountedCompleter.java:731)
	at java.util.concurrent.ForkJoinTask.doExec(ForkJoinTask.java:289)
	at java.util.concurrent.ForkJoinTask.doInvoke(ForkJoinTask.java:401)
	at java.util.concurrent.ForkJoinTask.invoke(ForkJoinTask.java:734)
	at java.util.stream.ForEachOps$ForEachOp.evaluateParallel(ForEachOps.java:160)
	at java.util.stream.ForEachOps$ForEachOp$OfRef.evaluateParallel(ForEachOps.java:174)
	at java.util.stream.AbstractPipeline.evaluate(AbstractPipeline.java:233)
	at java.util.stream.ReferencePipeline.forEach(ReferencePipeline.java:418)
	at org.apache.ratis.server.impl.RaftServerProxy$ImplMap.close(RaftServerProxy.java:107)
	at org.apache.ratis.server.impl.RaftServerProxy.lambda$close$4(RaftServerProxy.java:315)
	at org.apache.ratis.util.LifeCycle.lambda$checkStateAndClose$2(LifeCycle.java:231)
	at org.apache.ratis.util.LifeCycle.checkStateAndClose(LifeCycle.java:251)
	at org.apache.ratis.util.LifeCycle.checkStateAndClose(LifeCycle.java:229)
	at org.apache.ratis.server.impl.RaftServerProxy.close(RaftServerProxy.java:313)
	at java.util.concurrent.Executors$RunnableAdapter.call(Executors.java:511)
	at java.util.concurrent.FutureTask.run(FutureTask.java:266)
	... 3 more
2019-09-24 16:04:28,195 WARN  server.GrpcServerProtocolService (LogUtils.java:warn(134)) - s0: installSnapshot onError, lastRequest: s1->s0#0-t6, previous=(t:1, i:0), leaderCommit=-1, initializing? false, entries: <empty>: org.apache.ratis.thirdparty.io.grpc.StatusRuntimeException: CANCELLED: cancelled before receiving half close
2019-09-24 16:04:29,145 INFO  ratis.MiniRaftCluster (MiniRaftCluster.java:start(287)) - .............................................................. 
2019-09-24 16:04:29,146 INFO  ratis.MiniRaftCluster (MiniRaftCluster.java:start(288)) - ... 
2019-09-24 16:04:29,146 INFO  ratis.MiniRaftCluster (MiniRaftCluster.java:start(289)) - ...     Starting MiniRaftClusterWithGrpc
2019-09-24 16:04:29,146 INFO  ratis.MiniRaftCluster (MiniRaftCluster.java:start(290)) - ... 
2019-09-24 16:04:29,146 INFO  ratis.MiniRaftCluster (MiniRaftCluster.java:start(291)) - .............................................................. 
2019-09-24 16:04:29,148 INFO  ratis.MiniRaftCluster (MiniRaftCluster.java:initServers(265)) - servers = {s3=s3:      NEW      null s3@group-83F5C3382149:t0, leader=null, voted=null, raftlog=s3@group-83F5C3382149-SegmentedRaftLog:OPENED:c-1,f-1,i0, conf=-1: [], old=null NEW, s4=s4:      NEW      null s4@group-83F5C3382149:t0, leader=null, voted=null, raftlog=s4@group-83F5C3382149-SegmentedRaftLog:OPENED:c-1,f-1,i0, conf=-1: [], old=null NEW, s0=s0:      NEW      null s0@group-83F5C3382149:t0, leader=null, voted=null, raftlog=s0@group-83F5C3382149-SegmentedRaftLog:OPENED:c-1,f-1,i0, conf=-1: [], old=null NEW, s1=s1:      NEW      null s1@group-83F5C3382149:t0, leader=null, voted=null, raftlog=s1@group-83F5C3382149-SegmentedRaftLog:OPENED:c-1,f-1,i0, conf=-1: [], old=null NEW, s2=s2:      NEW      null s2@group-83F5C3382149:t0, leader=null, voted=null, raftlog=s2@group-83F5C3382149-SegmentedRaftLog:OPENED:c-1,f-1,i0, conf=-1: [], old=null NEW}
2019-09-24 16:04:29,149 INFO  impl.RaftServerImpl (RaftServerImpl.java:start(184)) - s3@group-83F5C3382149: start with initializing state, conf=-1: [], old=null
2019-09-24 16:04:29,149 INFO  impl.RaftServerImpl (RaftServerImpl.java:setRole(170)) - s3@group-83F5C3382149: changes role from      null to FOLLOWER at term 0 for startInitializing
2019-09-24 16:04:29,150 INFO  util.JmxRegister (JmxRegister.java:tryRegister(44)) - Successfully registered JMX Bean with object name Ratis:service=RaftServer,group=group-83F5C3382149,id=s3
2019-09-24 16:04:29,156 INFO  impl.RaftServerProxy (RaftServerProxy.java:lambda$start$3(299)) - s3: start RPC server
2019-09-24 16:04:29,158 INFO  server.GrpcService (GrpcService.java:startImpl(158)) - s3: GrpcService started, listening on 0.0.0.0/0.0.0.0:40519
2019-09-24 16:04:29,158 INFO  impl.RaftServerImpl (RaftServerImpl.java:start(184)) - s4@group-83F5C3382149: start with initializing state, conf=-1: [], old=null
2019-09-24 16:04:29,158 INFO  impl.RaftServerImpl (RaftServerImpl.java:setRole(170)) - s4@group-83F5C3382149: changes role from      null to FOLLOWER at term 0 for startInitializing
2019-09-24 16:04:29,159 INFO  util.JmxRegister (JmxRegister.java:tryRegister(44)) - Successfully registered JMX Bean with object name Ratis:service=RaftServer,group=group-83F5C3382149,id=s4
2019-09-24 16:04:29,162 INFO  impl.RaftServerProxy (RaftServerProxy.java:lambda$start$3(299)) - s4: start RPC server
2019-09-24 16:04:29,163 INFO  server.GrpcService (GrpcService.java:startImpl(158)) - s4: GrpcService started, listening on 0.0.0.0/0.0.0.0:45847
2019-09-24 16:04:29,163 INFO  impl.RaftServerImpl (RaftServerImpl.java:start(184)) - s0@group-83F5C3382149: start with initializing state, conf=-1: [], old=null
2019-09-24 16:04:29,163 INFO  impl.RaftServerImpl (RaftServerImpl.java:setRole(170)) - s0@group-83F5C3382149: changes role from      null to FOLLOWER at term 0 for startInitializing
2019-09-24 16:04:29,164 INFO  util.JmxRegister (JmxRegister.java:tryRegister(44)) - Successfully registered JMX Bean with object name Ratis:service=RaftServer,group=group-83F5C3382149,id=s0
2019-09-24 16:04:29,167 INFO  impl.RaftServerProxy (RaftServerProxy.java:lambda$start$3(299)) - s0: start RPC server
2019-09-24 16:04:29,168 INFO  server.GrpcService (GrpcService.java:startImpl(158)) - s0: GrpcService started, listening on 0.0.0.0/0.0.0.0:46375
2019-09-24 16:04:29,168 INFO  impl.RaftServerImpl (RaftServerImpl.java:start(184)) - s1@group-83F5C3382149: start with initializing state, conf=-1: [], old=null
2019-09-24 16:04:29,168 INFO  impl.RaftServerImpl (RaftServerImpl.java:setRole(170)) - s1@group-83F5C3382149: changes role from      null to FOLLOWER at term 0 for startInitializing
2019-09-24 16:04:29,169 INFO  util.JmxRegister (JmxRegister.java:tryRegister(44)) - Successfully registered JMX Bean with object name Ratis:service=RaftServer,group=group-83F5C3382149,id=s1
2019-09-24 16:04:29,171 INFO  impl.RaftServerProxy (RaftServerProxy.java:lambda$start$3(299)) - s1: start RPC server
2019-09-24 16:04:29,172 INFO  server.GrpcService (GrpcService.java:startImpl(158)) - s1: GrpcService started, listening on 0.0.0.0/0.0.0.0:33205
2019-09-24 16:04:29,173 INFO  impl.RaftServerImpl (RaftServerImpl.java:start(184)) - s2@group-83F5C3382149: start with initializing state, conf=-1: [], old=null
2019-09-24 16:04:29,173 INFO  impl.RaftServerImpl (RaftServerImpl.java:setRole(170)) - s2@group-83F5C3382149: changes role from      null to FOLLOWER at term 0 for startInitializing
2019-09-24 16:04:29,173 INFO  util.JmxRegister (JmxRegister.java:tryRegister(44)) - Successfully registered JMX Bean with object name Ratis:service=RaftServer,group=group-83F5C3382149,id=s2
2019-09-24 16:04:29,176 INFO  impl.RaftServerProxy (RaftServerProxy.java:lambda$start$3(299)) - s2: start RPC server
2019-09-24 16:04:29,177 INFO  server.GrpcService (GrpcService.java:startImpl(158)) - s2: GrpcService started, listening on 0.0.0.0/0.0.0.0:46589
2019-09-24 16:04:29,221 WARN  server.GrpcLogAppender (GrpcLogAppender.java:timeoutAppendRequest(200)) - s1@group-EA9EDABE670D->s0-GrpcLogAppender: appendEntries Timeout, request=s1->s0#0-t6, previous=(t:1, i:0), leaderCommit=-1, initializing? false, entries: <empty>
2019-09-24 16:04:30,178 INFO  impl.GroupManagementBaseTest (GroupManagementBaseTest.java:runMultiGroupTest(156)) - start: printing ALL groups
  s3:  RUNNING  FOLLOWER s3@group-83F5C3382149:t0, leader=null, voted=null, raftlog=s3@group-83F5C3382149-SegmentedRaftLog:OPENED:c-1,f-1,i0, conf=-1: [], old=null STARTING
  s4:  RUNNING  FOLLOWER s4@group-83F5C3382149:t0, leader=null, voted=null, raftlog=s4@group-83F5C3382149-SegmentedRaftLog:OPENED:c-1,f-1,i0, conf=-1: [], old=null STARTING
  s0:  RUNNING  FOLLOWER s0@group-83F5C3382149:t0, leader=null, voted=null, raftlog=s0@group-83F5C3382149-SegmentedRaftLog:OPENED:c-1,f-1,i0, conf=-1: [], old=null STARTING
  s1:  RUNNING  FOLLOWER s1@group-83F5C3382149:t0, leader=null, voted=null, raftlog=s1@group-83F5C3382149-SegmentedRaftLog:OPENED:c-1,f-1,i0, conf=-1: [], old=null STARTING
  s2:  RUNNING  FOLLOWER s2@group-83F5C3382149:t0, leader=null, voted=null, raftlog=s2@group-83F5C3382149-SegmentedRaftLog:OPENED:c-1,f-1,i0, conf=-1: [], old=null STARTING
2019-09-24 16:04:30,180 INFO  impl.GroupManagementBaseTest (GroupManagementBaseTest.java:runMultiGroupTest(169)) - 0) starting group-CBB7D3FE7667:[s0:0.0.0.0:46375, s1:0.0.0.0:33205, s2:0.0.0.0:46589]
2019-09-24 16:04:30,180 DEBUG client.RaftClient (ConfUtils.java:logGet(43)) - raft.rpc.type = GRPC (default)
2019-09-24 16:04:30,181 DEBUG client.RaftClient (RaftClientImpl.java:sendRequest(275)) - client-FBE48F5AB7B0: send GroupManagementRequest:client-FBE48F5AB7B0->s0@group-CBB7D3FE7667, cid=3, seq=0, RW, null, Add:group-CBB7D3FE7667:[s0:0.0.0.0:46375, s1:0.0.0.0:33205, s2:0.0.0.0:46589]
2019-09-24 16:04:30,194 INFO  impl.RaftServerProxy (RaftServerProxy.java:addNew(89)) - s0: addNew group-CBB7D3FE7667:[s0:0.0.0.0:46375, s1:0.0.0.0:33205, s2:0.0.0.0:46589] returns group-CBB7D3FE7667:java.util.concurrent.CompletableFuture@1e9105f4[Not completed]
2019-09-24 16:04:30,194 INFO  impl.RaftServerImpl (RaftServerImpl.java:<init>(95)) - s0: new RaftServerImpl for group-CBB7D3FE7667:[s0:0.0.0.0:46375, s1:0.0.0.0:33205, s2:0.0.0.0:46589] with BaseStateMachine:uninitialized
2019-09-24 16:04:30,194 INFO  server.RaftServerConfigKeys (ConfUtils.java:logGet(43)) - raft.server.rpc.timeout.min = 150ms (default)
2019-09-24 16:04:30,195 INFO  server.RaftServerConfigKeys (ConfUtils.java:logGet(43)) - raft.server.rpc.timeout.max = 300ms (default)
2019-09-24 16:04:30,195 INFO  server.RaftServerConfigKeys (ConfUtils.java:logGet(43)) - raft.server.rpcslowness.timeout = 60s (default)
2019-09-24 16:04:30,195 INFO  server.RaftServerConfigKeys (ConfUtils.java:logGet(43)) - raft.server.sleep.deviation.threshold = 300 (default)
2019-09-24 16:04:30,195 INFO  server.RaftServerConfigKeys (ConfUtils.java:logGet(43)) - raft.server.log.appender.install.snapshot.enabled = true (default)
2019-09-24 16:04:30,195 INFO  impl.RaftServerImpl (ServerState.java:<init>(103)) - s0@group-CBB7D3FE7667: ConfigurationManager, init=-1: [s0:0.0.0.0:46375, s1:0.0.0.0:33205, s2:0.0.0.0:46589], old=null, confs=<EMPTY_MAP>
2019-09-24 16:04:30,196 INFO  server.RaftServerConfigKeys (ConfUtils.java:logGet(43)) - raft.server.storage.dir = [/workdir/ratis-test/target/test/data/ca4e50c/MiniRaftClusterWithGrpcad38b086/s0] (custom)
2019-09-24 16:04:30,196 INFO  server.RaftServerConfigKeys (ConfUtils.java:logGet(43)) - raft.server.log.corruption.policy = EXCEPTION (default)
2019-09-24 16:04:30,196 INFO  storage.RaftStorageDirectory (RaftStorageDirectory.java:analyzeStorage(246)) - The storage directory /workdir/ratis-test/target/test/data/ca4e50c/MiniRaftClusterWithGrpcad38b086/s0/426cd502-3543-4153-8350-cbb7d3fe7667 does not exist. Creating ...
2019-09-24 16:04:30,197 TRACE util.FileUtils (LogUtils.java:runAndLog(61)) - Successfully ran Files.createDirectories /workdir/ratis-test/target/test/data/ca4e50c/MiniRaftClusterWithGrpcad38b086/s0/426cd502-3543-4153-8350-cbb7d3fe7667
2019-09-24 16:04:30,210 INFO  storage.RaftStorageDirectory (RaftStorageDirectory.java:tryLock(328)) - Lock on /workdir/ratis-test/target/test/data/ca4e50c/MiniRaftClusterWithGrpcad38b086/s0/426cd502-3543-4153-8350-cbb7d3fe7667/in_use.lock acquired by nodename 2858@ratis-test-vphbd-3564017154
2019-09-24 16:04:30,210 TRACE util.FileUtils (LogUtils.java:runAndLog(61)) - Successfully ran Files.createDirectories /workdir/ratis-test/target/test/data/ca4e50c/MiniRaftClusterWithGrpcad38b086/s0/426cd502-3543-4153-8350-cbb7d3fe7667/current
2019-09-24 16:04:30,211 TRACE util.FileUtils (LogUtils.java:runAndLog(61)) - Successfully ran Files.createDirectories /workdir/ratis-test/target/test/data/ca4e50c/MiniRaftClusterWithGrpcad38b086/s0/426cd502-3543-4153-8350-cbb7d3fe7667/sm
2019-09-24 16:04:30,224 INFO  storage.RaftStorage (RaftStorage.java:format(84)) - Storage directory /workdir/ratis-test/target/test/data/ca4e50c/MiniRaftClusterWithGrpcad38b086/s0/426cd502-3543-4153-8350-cbb7d3fe7667 has been successfully formatted.
2019-09-24 16:04:30,224 INFO  server.RaftServerConfigKeys (ConfUtils.java:logGet(43)) - raft.server.notification.no-leader.timeout = 60s (default)
2019-09-24 16:04:30,224 INFO  server.RaftServerConfigKeys (ConfUtils.java:logGet(43)) - raft.server.log.use.memory = false (default)
2019-09-24 16:04:30,224 INFO  server.RaftServerConfigKeys (ConfUtils.java:logGet(43)) - raft.server.log.purge.gap = 1024 (default)
2019-09-24 16:04:30,225 INFO  server.RaftServerConfigKeys (ConfUtils.java:logGet(43)) - raft.server.log.appender.buffer.byte-limit = 4MB (=4194304) (default)
2019-09-24 16:04:30,225 INFO  server.RaftServerConfigKeys (ConfUtils.java:logGet(43)) - raft.server.log.segment.size.max = 8MB (=8388608) (default)
2019-09-24 16:04:30,225 INFO  server.RaftServerConfigKeys (ConfUtils.java:logGet(43)) - raft.server.log.segment.cache.num.max = 6 (default)
2019-09-24 16:04:30,225 INFO  segmented.SegmentedRaftLogWorker (SegmentedRaftLogWorker.java:<init>(172)) - new s0@group-CBB7D3FE7667-SegmentedRaftLogWorker for RaftStorage:Storage Directory /workdir/ratis-test/target/test/data/ca4e50c/MiniRaftClusterWithGrpcad38b086/s0/426cd502-3543-4153-8350-cbb7d3fe7667
2019-09-24 16:04:30,225 INFO  server.RaftServerConfigKeys (ConfUtils.java:logGet(43)) - raft.server.log.queue.byte-limit = 64MB (=67108864) (default)
2019-09-24 16:04:30,226 INFO  server.RaftServerConfigKeys (ConfUtils.java:logGet(43)) - raft.server.log.queue.element-limit = 4096 (default)
2019-09-24 16:04:30,226 INFO  server.RaftServerConfigKeys (ConfUtils.java:logGet(43)) - raft.server.log.segment.size.max = 8MB (=8388608) (default)
2019-09-24 16:04:30,226 INFO  server.RaftServerConfigKeys (ConfUtils.java:logGet(43)) - raft.server.log.preallocated.size = 4MB (=4194304) (default)
2019-09-24 16:04:30,226 INFO  server.RaftServerConfigKeys (ConfUtils.java:logGet(43)) - raft.server.log.write.buffer.size = 64KB (=65536) (default)
2019-09-24 16:04:30,227 INFO  server.RaftServerConfigKeys (ConfUtils.java:logGet(43)) - raft.server.log.force.sync.num = 128 (default)
2019-09-24 16:04:30,227 INFO  server.RaftServerConfigKeys (ConfUtils.java:logGet(43)) - raft.server.log.statemachine.data.sync = true (default)
2019-09-24 16:04:30,227 INFO  server.RaftServerConfigKeys (ConfUtils.java:logGet(43)) - raft.server.log.statemachine.data.sync.timeout = 10s (default)
2019-09-24 16:04:30,227 INFO  server.RaftServerConfigKeys (ConfUtils.java:logGet(43)) - raft.server.log.statemachine.data.sync.timeout.retry = -1 (default)
2019-09-24 16:04:30,228 INFO  server.RaftServerConfigKeys (ConfUtils.java:logGet(43)) - raft.server.log.statemachine.data.caching.enabled = false (default)
2019-09-24 16:04:30,228 INFO  segmented.SegmentedRaftLogWorker (SegmentedRaftLogWorker.java:lambda$new$0(132)) - s0@group-CBB7D3FE7667-SegmentedRaftLogWorker: flushIndex: setUnconditionally 0 -> -1
2019-09-24 16:04:30,229 INFO  server.RaftServerConfigKeys (ConfUtils.java:logGet(43)) - raft.server.snapshot.auto.trigger.enabled = false (default)
2019-09-24 16:04:30,229 INFO  server.RaftServerConfigKeys (ConfUtils.java:logGet(43)) - raft.server.snapshot.retention.file.num = -1 (default)
2019-09-24 16:04:30,230 INFO  server.RaftServerConfigKeys (ConfUtils.java:logGet(43)) - raft.server.retrycache.expirytime = 60s (default)
2019-09-24 16:04:30,235 DEBUG impl.RaftServerProxy (RaftServerProxy.java:lambda$groupAddAsync$10(380)) - s0: newImpl =      null s0@group-CBB7D3FE7667:t0, leader=null, voted=null, raftlog=s0@group-CBB7D3FE7667-SegmentedRaftLog:OPENED:c-1,f-1,i0, conf=-1: [s0:0.0.0.0:46375, s1:0.0.0.0:33205, s2:0.0.0.0:46589], old=null NEW
2019-09-24 16:04:30,235 INFO  impl.RaftServerImpl (RaftServerImpl.java:start(181)) - s0@group-CBB7D3FE7667: start as a follower, conf=-1: [s0:0.0.0.0:46375, s1:0.0.0.0:33205, s2:0.0.0.0:46589], old=null
2019-09-24 16:04:30,236 INFO  impl.RaftServerImpl (RaftServerImpl.java:setRole(170)) - s0@group-CBB7D3FE7667: changes role from      null to FOLLOWER at term 0 for startAsFollower
2019-09-24 16:04:30,236 INFO  impl.RoleInfo (RoleInfo.java:updateAndGet(143)) - s0: start FollowerState
2019-09-24 16:04:30,237 INFO  util.JmxRegister (JmxRegister.java:tryRegister(44)) - Successfully registered JMX Bean with object name Ratis:service=RaftServer,group=group-CBB7D3FE7667,id=s0
2019-09-24 16:04:30,246 DEBUG client.RaftClient (RaftClientImpl.java:sendRequest(285)) - client-FBE48F5AB7B0: receive RaftClientReply:client-FBE48F5AB7B0->s0@group-CBB7D3FE7667, cid=3, SUCCESS, logIndex=0, commits[s0:c-1]
2019-09-24 16:04:30,251 DEBUG client.RaftClient (ConfUtils.java:logGet(43)) - raft.rpc.type = GRPC (default)
2019-09-24 16:04:30,251 DEBUG client.RaftClient (RaftClientImpl.java:sendRequest(275)) - client-5C9049866DC8: send GroupManagementRequest:client-5C9049866DC8->s1@group-CBB7D3FE7667, cid=4, seq=0, RW, null, Add:group-CBB7D3FE7667:[s0:0.0.0.0:46375, s1:0.0.0.0:33205, s2:0.0.0.0:46589]
2019-09-24 16:04:30,262 INFO  impl.RaftServerProxy (RaftServerProxy.java:addNew(89)) - s1: addNew group-CBB7D3FE7667:[s0:0.0.0.0:46375, s1:0.0.0.0:33205, s2:0.0.0.0:46589] returns group-CBB7D3FE7667:java.util.concurrent.CompletableFuture@34d73fd3[Not completed]
2019-09-24 16:04:30,262 INFO  impl.RaftServerImpl (RaftServerImpl.java:<init>(95)) - s1: new RaftServerImpl for group-CBB7D3FE7667:[s0:0.0.0.0:46375, s1:0.0.0.0:33205, s2:0.0.0.0:46589] with BaseStateMachine:uninitialized
2019-09-24 16:04:30,262 INFO  server.RaftServerConfigKeys (ConfUtils.java:logGet(43)) - raft.server.rpc.timeout.min = 150ms (default)
2019-09-24 16:04:30,262 INFO  server.RaftServerConfigKeys (ConfUtils.java:logGet(43)) - raft.server.rpc.timeout.max = 300ms (default)
2019-09-24 16:04:30,263 INFO  server.RaftServerConfigKeys (ConfUtils.java:logGet(43)) - raft.server.rpcslowness.timeout = 60s (default)
2019-09-24 16:04:30,263 INFO  server.RaftServerConfigKeys (ConfUtils.java:logGet(43)) - raft.server.sleep.deviation.threshold = 300 (default)
2019-09-24 16:04:30,263 INFO  server.RaftServerConfigKeys (ConfUtils.java:logGet(43)) - raft.server.log.appender.install.snapshot.enabled = true (default)
2019-09-24 16:04:30,263 INFO  impl.RaftServerImpl (ServerState.java:<init>(103)) - s1@group-CBB7D3FE7667: ConfigurationManager, init=-1: [s0:0.0.0.0:46375, s1:0.0.0.0:33205, s2:0.0.0.0:46589], old=null, confs=<EMPTY_MAP>
2019-09-24 16:04:30,263 INFO  server.RaftServerConfigKeys (ConfUtils.java:logGet(43)) - raft.server.storage.dir = [/workdir/ratis-test/target/test/data/ca4e50c/MiniRaftClusterWithGrpcad38b086/s1] (custom)
2019-09-24 16:04:30,264 INFO  server.RaftServerConfigKeys (ConfUtils.java:logGet(43)) - raft.server.log.corruption.policy = EXCEPTION (default)
2019-09-24 16:04:30,264 INFO  storage.RaftStorageDirectory (RaftStorageDirectory.java:analyzeStorage(246)) - The storage directory /workdir/ratis-test/target/test/data/ca4e50c/MiniRaftClusterWithGrpcad38b086/s1/426cd502-3543-4153-8350-cbb7d3fe7667 does not exist. Creating ...
2019-09-24 16:04:30,264 TRACE util.FileUtils (LogUtils.java:runAndLog(61)) - Successfully ran Files.createDirectories /workdir/ratis-test/target/test/data/ca4e50c/MiniRaftClusterWithGrpcad38b086/s1/426cd502-3543-4153-8350-cbb7d3fe7667
2019-09-24 16:04:30,277 INFO  storage.RaftStorageDirectory (RaftStorageDirectory.java:tryLock(328)) - Lock on /workdir/ratis-test/target/test/data/ca4e50c/MiniRaftClusterWithGrpcad38b086/s1/426cd502-3543-4153-8350-cbb7d3fe7667/in_use.lock acquired by nodename 2858@ratis-test-vphbd-3564017154
2019-09-24 16:04:30,278 TRACE util.FileUtils (LogUtils.java:runAndLog(61)) - Successfully ran Files.createDirectories /workdir/ratis-test/target/test/data/ca4e50c/MiniRaftClusterWithGrpcad38b086/s1/426cd502-3543-4153-8350-cbb7d3fe7667/current
2019-09-24 16:04:30,278 TRACE util.FileUtils (LogUtils.java:runAndLog(61)) - Successfully ran Files.createDirectories /workdir/ratis-test/target/test/data/ca4e50c/MiniRaftClusterWithGrpcad38b086/s1/426cd502-3543-4153-8350-cbb7d3fe7667/sm
2019-09-24 16:04:30,291 INFO  storage.RaftStorage (RaftStorage.java:format(84)) - Storage directory /workdir/ratis-test/target/test/data/ca4e50c/MiniRaftClusterWithGrpcad38b086/s1/426cd502-3543-4153-8350-cbb7d3fe7667 has been successfully formatted.
2019-09-24 16:04:30,291 INFO  server.RaftServerConfigKeys (ConfUtils.java:logGet(43)) - raft.server.notification.no-leader.timeout = 60s (default)
2019-09-24 16:04:30,291 INFO  server.RaftServerConfigKeys (ConfUtils.java:logGet(43)) - raft.server.log.use.memory = false (default)
2019-09-24 16:04:30,291 INFO  server.RaftServerConfigKeys (ConfUtils.java:logGet(43)) - raft.server.log.purge.gap = 1024 (default)
2019-09-24 16:04:30,292 INFO  server.RaftServerConfigKeys (ConfUtils.java:logGet(43)) - raft.server.log.appender.buffer.byte-limit = 4MB (=4194304) (default)
2019-09-24 16:04:30,292 INFO  server.RaftServerConfigKeys (ConfUtils.java:logGet(43)) - raft.server.log.segment.size.max = 8MB (=8388608) (default)
2019-09-24 16:04:30,292 INFO  server.RaftServerConfigKeys (ConfUtils.java:logGet(43)) - raft.server.log.segment.cache.num.max = 6 (default)
2019-09-24 16:04:30,292 INFO  segmented.SegmentedRaftLogWorker (SegmentedRaftLogWorker.java:<init>(172)) - new s1@group-CBB7D3FE7667-SegmentedRaftLogWorker for RaftStorage:Storage Directory /workdir/ratis-test/target/test/data/ca4e50c/MiniRaftClusterWithGrpcad38b086/s1/426cd502-3543-4153-8350-cbb7d3fe7667
2019-09-24 16:04:30,292 INFO  server.RaftServerConfigKeys (ConfUtils.java:logGet(43)) - raft.server.log.queue.byte-limit = 64MB (=67108864) (default)
2019-09-24 16:04:30,292 INFO  server.RaftServerConfigKeys (ConfUtils.java:logGet(43)) - raft.server.log.queue.element-limit = 4096 (default)
2019-09-24 16:04:30,293 INFO  server.RaftServerConfigKeys (ConfUtils.java:logGet(43)) - raft.server.log.segment.size.max = 8MB (=8388608) (default)
2019-09-24 16:04:30,293 INFO  server.RaftServerConfigKeys (ConfUtils.java:logGet(43)) - raft.server.log.preallocated.size = 4MB (=4194304) (default)
2019-09-24 16:04:30,293 INFO  server.RaftServerConfigKeys (ConfUtils.java:logGet(43)) - raft.server.log.write.buffer.size = 64KB (=65536) (default)
2019-09-24 16:04:30,293 INFO  server.RaftServerConfigKeys (ConfUtils.java:logGet(43)) - raft.server.log.force.sync.num = 128 (default)
2019-09-24 16:04:30,293 INFO  server.RaftServerConfigKeys (ConfUtils.java:logGet(43)) - raft.server.log.statemachine.data.sync = true (default)
2019-09-24 16:04:30,294 INFO  server.RaftServerConfigKeys (ConfUtils.java:logGet(43)) - raft.server.log.statemachine.data.sync.timeout = 10s (default)
2019-09-24 16:04:30,294 INFO  server.RaftServerConfigKeys (ConfUtils.java:logGet(43)) - raft.server.log.statemachine.data.sync.timeout.retry = -1 (default)
2019-09-24 16:04:30,294 INFO  server.RaftServerConfigKeys (ConfUtils.java:logGet(43)) - raft.server.log.statemachine.data.caching.enabled = false (default)
2019-09-24 16:04:30,294 INFO  segmented.SegmentedRaftLogWorker (SegmentedRaftLogWorker.java:lambda$new$0(132)) - s1@group-CBB7D3FE7667-SegmentedRaftLogWorker: flushIndex: setUnconditionally 0 -> -1
2019-09-24 16:04:30,295 INFO  server.RaftServerConfigKeys (ConfUtils.java:logGet(43)) - raft.server.snapshot.auto.trigger.enabled = false (default)
2019-09-24 16:04:30,295 INFO  server.RaftServerConfigKeys (ConfUtils.java:logGet(43)) - raft.server.snapshot.retention.file.num = -1 (default)
2019-09-24 16:04:30,295 INFO  server.RaftServerConfigKeys (ConfUtils.java:logGet(43)) - raft.server.retrycache.expirytime = 60s (default)
2019-09-24 16:04:30,299 DEBUG impl.RaftServerProxy (RaftServerProxy.java:lambda$groupAddAsync$10(380)) - s1: newImpl =      null s1@group-CBB7D3FE7667:t0, leader=null, voted=null, raftlog=s1@group-CBB7D3FE7667-SegmentedRaftLog:OPENED:c-1,f-1,i0, conf=-1: [s0:0.0.0.0:46375, s1:0.0.0.0:33205, s2:0.0.0.0:46589], old=null NEW
2019-09-24 16:04:30,299 INFO  impl.RaftServerImpl (RaftServerImpl.java:start(181)) - s1@group-CBB7D3FE7667: start as a follower, conf=-1: [s0:0.0.0.0:46375, s1:0.0.0.0:33205, s2:0.0.0.0:46589], old=null
2019-09-24 16:04:30,299 INFO  impl.RaftServerImpl (RaftServerImpl.java:setRole(170)) - s1@group-CBB7D3FE7667: changes role from      null to FOLLOWER at term 0 for startAsFollower
2019-09-24 16:04:30,299 INFO  impl.RoleInfo (RoleInfo.java:updateAndGet(143)) - s1: start FollowerState
2019-09-24 16:04:30,300 INFO  util.JmxRegister (JmxRegister.java:tryRegister(44)) - Successfully registered JMX Bean with object name Ratis:service=RaftServer,group=group-CBB7D3FE7667,id=s1
2019-09-24 16:04:30,308 DEBUG client.RaftClient (RaftClientImpl.java:sendRequest(285)) - client-5C9049866DC8: receive RaftClientReply:client-5C9049866DC8->s1@group-CBB7D3FE7667, cid=4, SUCCESS, logIndex=0, commits[s1:c-1]
2019-09-24 16:04:30,309 DEBUG client.RaftClient (ConfUtils.java:logGet(43)) - raft.rpc.type = GRPC (default)
2019-09-24 16:04:30,310 DEBUG client.RaftClient (RaftClientImpl.java:sendRequest(275)) - client-3FEDF0D45E81: send GroupManagementRequest:client-3FEDF0D45E81->s2@group-CBB7D3FE7667, cid=5, seq=0, RW, null, Add:group-CBB7D3FE7667:[s0:0.0.0.0:46375, s1:0.0.0.0:33205, s2:0.0.0.0:46589]
2019-09-24 16:04:30,319 INFO  impl.RaftServerProxy (RaftServerProxy.java:addNew(89)) - s2: addNew group-CBB7D3FE7667:[s0:0.0.0.0:46375, s1:0.0.0.0:33205, s2:0.0.0.0:46589] returns group-CBB7D3FE7667:java.util.concurrent.CompletableFuture@4be576e5[Not completed]
2019-09-24 16:04:30,319 INFO  impl.RaftServerImpl (RaftServerImpl.java:<init>(95)) - s2: new RaftServerImpl for group-CBB7D3FE7667:[s0:0.0.0.0:46375, s1:0.0.0.0:33205, s2:0.0.0.0:46589] with BaseStateMachine:uninitialized
2019-09-24 16:04:30,319 INFO  server.RaftServerConfigKeys (ConfUtils.java:logGet(43)) - raft.server.rpc.timeout.min = 150ms (default)
2019-09-24 16:04:30,320 INFO  server.RaftServerConfigKeys (ConfUtils.java:logGet(43)) - raft.server.rpc.timeout.max = 300ms (default)
2019-09-24 16:04:30,320 INFO  server.RaftServerConfigKeys (ConfUtils.java:logGet(43)) - raft.server.rpcslowness.timeout = 60s (default)
2019-09-24 16:04:30,320 INFO  server.RaftServerConfigKeys (ConfUtils.java:logGet(43)) - raft.server.sleep.deviation.threshold = 300 (default)
2019-09-24 16:04:30,320 INFO  server.RaftServerConfigKeys (ConfUtils.java:logGet(43)) - raft.server.log.appender.install.snapshot.enabled = true (default)
2019-09-24 16:04:30,320 INFO  impl.RaftServerImpl (ServerState.java:<init>(103)) - s2@group-CBB7D3FE7667: ConfigurationManager, init=-1: [s0:0.0.0.0:46375, s1:0.0.0.0:33205, s2:0.0.0.0:46589], old=null, confs=<EMPTY_MAP>
2019-09-24 16:04:30,321 INFO  server.RaftServerConfigKeys (ConfUtils.java:logGet(43)) - raft.server.storage.dir = [/workdir/ratis-test/target/test/data/ca4e50c/MiniRaftClusterWithGrpcad38b086/s2] (custom)
2019-09-24 16:04:30,321 INFO  server.RaftServerConfigKeys (ConfUtils.java:logGet(43)) - raft.server.log.corruption.policy = EXCEPTION (default)
2019-09-24 16:04:30,321 INFO  storage.RaftStorageDirectory (RaftStorageDirectory.java:analyzeStorage(246)) - The storage directory /workdir/ratis-test/target/test/data/ca4e50c/MiniRaftClusterWithGrpcad38b086/s2/426cd502-3543-4153-8350-cbb7d3fe7667 does not exist. Creating ...
2019-09-24 16:04:30,322 TRACE util.FileUtils (LogUtils.java:runAndLog(61)) - Successfully ran Files.createDirectories /workdir/ratis-test/target/test/data/ca4e50c/MiniRaftClusterWithGrpcad38b086/s2/426cd502-3543-4153-8350-cbb7d3fe7667
2019-09-24 16:04:30,334 INFO  storage.RaftStorageDirectory (RaftStorageDirectory.java:tryLock(328)) - Lock on /workdir/ratis-test/target/test/data/ca4e50c/MiniRaftClusterWithGrpcad38b086/s2/426cd502-3543-4153-8350-cbb7d3fe7667/in_use.lock acquired by nodename 2858@ratis-test-vphbd-3564017154
2019-09-24 16:04:30,335 TRACE util.FileUtils (LogUtils.java:runAndLog(61)) - Successfully ran Files.createDirectories /workdir/ratis-test/target/test/data/ca4e50c/MiniRaftClusterWithGrpcad38b086/s2/426cd502-3543-4153-8350-cbb7d3fe7667/current
2019-09-24 16:04:30,335 TRACE util.FileUtils (LogUtils.java:runAndLog(61)) - Successfully ran Files.createDirectories /workdir/ratis-test/target/test/data/ca4e50c/MiniRaftClusterWithGrpcad38b086/s2/426cd502-3543-4153-8350-cbb7d3fe7667/sm
2019-09-24 16:04:30,348 INFO  storage.RaftStorage (RaftStorage.java:format(84)) - Storage directory /workdir/ratis-test/target/test/data/ca4e50c/MiniRaftClusterWithGrpcad38b086/s2/426cd502-3543-4153-8350-cbb7d3fe7667 has been successfully formatted.
2019-09-24 16:04:30,348 INFO  server.RaftServerConfigKeys (ConfUtils.java:logGet(43)) - raft.server.notification.no-leader.timeout = 60s (default)
2019-09-24 16:04:30,348 INFO  server.RaftServerConfigKeys (ConfUtils.java:logGet(43)) - raft.server.log.use.memory = false (default)
2019-09-24 16:04:30,348 INFO  server.RaftServerConfigKeys (ConfUtils.java:logGet(43)) - raft.server.log.purge.gap = 1024 (default)
2019-09-24 16:04:30,348 INFO  server.RaftServerConfigKeys (ConfUtils.java:logGet(43)) - raft.server.log.appender.buffer.byte-limit = 4MB (=4194304) (default)
2019-09-24 16:04:30,349 INFO  server.RaftServerConfigKeys (ConfUtils.java:logGet(43)) - raft.server.log.segment.size.max = 8MB (=8388608) (default)
2019-09-24 16:04:30,349 INFO  server.RaftServerConfigKeys (ConfUtils.java:logGet(43)) - raft.server.log.segment.cache.num.max = 6 (default)
2019-09-24 16:04:30,349 INFO  segmented.SegmentedRaftLogWorker (SegmentedRaftLogWorker.java:<init>(172)) - new s2@group-CBB7D3FE7667-SegmentedRaftLogWorker for RaftStorage:Storage Directory /workdir/ratis-test/target/test/data/ca4e50c/MiniRaftClusterWithGrpcad38b086/s2/426cd502-3543-4153-8350-cbb7d3fe7667
2019-09-24 16:04:30,349 INFO  server.RaftServerConfigKeys (ConfUtils.java:logGet(43)) - raft.server.log.queue.byte-limit = 64MB (=67108864) (default)
2019-09-24 16:04:30,349 INFO  server.RaftServerConfigKeys (ConfUtils.java:logGet(43)) - raft.server.log.queue.element-limit = 4096 (default)
2019-09-24 16:04:30,349 INFO  server.RaftServerConfigKeys (ConfUtils.java:logGet(43)) - raft.server.log.segment.size.max = 8MB (=8388608) (default)
2019-09-24 16:04:30,350 INFO  server.RaftServerConfigKeys (ConfUtils.java:logGet(43)) - raft.server.log.preallocated.size = 4MB (=4194304) (default)
2019-09-24 16:04:30,350 INFO  server.RaftServerConfigKeys (ConfUtils.java:logGet(43)) - raft.server.log.write.buffer.size = 64KB (=65536) (default)
2019-09-24 16:04:30,350 INFO  server.RaftServerConfigKeys (ConfUtils.java:logGet(43)) - raft.server.log.force.sync.num = 128 (default)
2019-09-24 16:04:30,350 INFO  server.RaftServerConfigKeys (ConfUtils.java:logGet(43)) - raft.server.log.statemachine.data.sync = true (default)
2019-09-24 16:04:30,350 INFO  server.RaftServerConfigKeys (ConfUtils.java:logGet(43)) - raft.server.log.statemachine.data.sync.timeout = 10s (default)
2019-09-24 16:04:30,350 INFO  server.RaftServerConfigKeys (ConfUtils.java:logGet(43)) - raft.server.log.statemachine.data.sync.timeout.retry = -1 (default)
2019-09-24 16:04:30,351 INFO  server.RaftServerConfigKeys (ConfUtils.java:logGet(43)) - raft.server.log.statemachine.data.caching.enabled = false (default)
2019-09-24 16:04:30,351 INFO  segmented.SegmentedRaftLogWorker (SegmentedRaftLogWorker.java:lambda$new$0(132)) - s2@group-CBB7D3FE7667-SegmentedRaftLogWorker: flushIndex: setUnconditionally 0 -> -1
2019-09-24 16:04:30,351 INFO  server.RaftServerConfigKeys (ConfUtils.java:logGet(43)) - raft.server.snapshot.auto.trigger.enabled = false (default)
2019-09-24 16:04:30,352 INFO  server.RaftServerConfigKeys (ConfUtils.java:logGet(43)) - raft.server.snapshot.retention.file.num = -1 (default)
2019-09-24 16:04:30,352 INFO  server.RaftServerConfigKeys (ConfUtils.java:logGet(43)) - raft.server.retrycache.expirytime = 60s (default)
2019-09-24 16:04:30,355 DEBUG impl.RaftServerProxy (RaftServerProxy.java:lambda$groupAddAsync$10(380)) - s2: newImpl =      null s2@group-CBB7D3FE7667:t0, leader=null, voted=null, raftlog=s2@group-CBB7D3FE7667-SegmentedRaftLog:OPENED:c-1,f-1,i0, conf=-1: [s0:0.0.0.0:46375, s1:0.0.0.0:33205, s2:0.0.0.0:46589], old=null NEW
2019-09-24 16:04:30,356 INFO  impl.RaftServerImpl (RaftServerImpl.java:start(181)) - s2@group-CBB7D3FE7667: start as a follower, conf=-1: [s0:0.0.0.0:46375, s1:0.0.0.0:33205, s2:0.0.0.0:46589], old=null
2019-09-24 16:04:30,356 INFO  impl.RaftServerImpl (RaftServerImpl.java:setRole(170)) - s2@group-CBB7D3FE7667: changes role from      null to FOLLOWER at term 0 for startAsFollower
2019-09-24 16:04:30,356 INFO  impl.RoleInfo (RoleInfo.java:updateAndGet(143)) - s2: start FollowerState
2019-09-24 16:04:30,356 INFO  util.JmxRegister (JmxRegister.java:tryRegister(44)) - Successfully registered JMX Bean with object name Ratis:service=RaftServer,group=group-CBB7D3FE7667,id=s2
2019-09-24 16:04:30,364 DEBUG client.RaftClient (RaftClientImpl.java:sendRequest(285)) - client-3FEDF0D45E81: receive RaftClientReply:client-3FEDF0D45E81->s2@group-CBB7D3FE7667, cid=5, SUCCESS, logIndex=0, commits[s2:c-1]
2019-09-24 16:04:30,366 INFO  server.RaftServerConfigKeys (ConfUtils.java:logGet(43)) - raft.server.rpc.timeout.max = 300ms (default)
2019-09-24 16:04:30,369 INFO  ratis.RaftTestUtil (RaftTestUtil.java:waitForLeader(86)) - printing group-CBB7D3FE7667
  s0:  RUNNING [
   FOLLOWER s0@group-CBB7D3FE7667:t0, leader=null, voted=null, raftlog=s0@group-CBB7D3FE7667-SegmentedRaftLog:OPENED:c-1,f-1,i0, conf=-1: [s0:0.0.0.0:46375, s1:0.0.0.0:33205, s2:0.0.0.0:46589], old=null RUNNING
   FOLLOWER s0@group-83F5C3382149:t0, leader=null, voted=null, raftlog=s0@group-83F5C3382149-SegmentedRaftLog:OPENED:c-1,f-1,i0, conf=-1: [], old=null STARTING] size=2
  s1:  RUNNING [
   FOLLOWER s1@group-CBB7D3FE7667:t0, leader=null, voted=null, raftlog=s1@group-CBB7D3FE7667-SegmentedRaftLog:OPENED:c-1,f-1,i0, conf=-1: [s0:0.0.0.0:46375, s1:0.0.0.0:33205, s2:0.0.0.0:46589], old=null RUNNING
   FOLLOWER s1@group-83F5C3382149:t0, leader=null, voted=null, raftlog=s1@group-83F5C3382149-SegmentedRaftLog:OPENED:c-1,f-1,i0, conf=-1: [], old=null STARTING] size=2
  s2:  RUNNING [
   FOLLOWER s2@group-CBB7D3FE7667:t0, leader=null, voted=null, raftlog=s2@group-CBB7D3FE7667-SegmentedRaftLog:OPENED:c-1,f-1,i0, conf=-1: [s0:0.0.0.0:46375, s1:0.0.0.0:33205, s2:0.0.0.0:46589], old=null RUNNING
   FOLLOWER s2@group-83F5C3382149:t0, leader=null, voted=null, raftlog=s2@group-83F5C3382149-SegmentedRaftLog:OPENED:c-1,f-1,i0, conf=-1: [], old=null STARTING] size=2
2019-09-24 16:04:30,371 WARN  ratis.RaftTestUtil (JavaUtils.java:attempt(158)) - FAILED "waitForLeader-group-CBB7D3FE7667-(expectLeader? true)", attempt #1/100: java.lang.IllegalStateException: No leader yet  for group-CBB7D3FE7667: printing group-CBB7D3FE7667
  s0:  RUNNING [
   FOLLOWER s0@group-CBB7D3FE7667:t0, leader=null, voted=null, raftlog=s0@group-CBB7D3FE7667-SegmentedRaftLog:OPENED:c-1,f-1,i0, conf=-1: [s0:0.0.0.0:46375, s1:0.0.0.0:33205, s2:0.0.0.0:46589], old=null RUNNING
   FOLLOWER s0@group-83F5C3382149:t0, leader=null, voted=null, raftlog=s0@group-83F5C3382149-SegmentedRaftLog:OPENED:c-1,f-1,i0, conf=-1: [], old=null STARTING] size=2
  s1:  RUNNING [
   FOLLOWER s1@group-CBB7D3FE7667:t0, leader=null, voted=null, raftlog=s1@group-CBB7D3FE7667-SegmentedRaftLog:OPENED:c-1,f-1,i0, conf=-1: [s0:0.0.0.0:46375, s1:0.0.0.0:33205, s2:0.0.0.0:46589], old=null RUNNING
   FOLLOWER s1@group-83F5C3382149:t0, leader=null, voted=null, raftlog=s1@group-83F5C3382149-SegmentedRaftLog:OPENED:c-1,f-1,i0, conf=-1: [], old=null STARTING] size=2
  s2:  RUNNING [
   FOLLOWER s2@group-CBB7D3FE7667:t0, leader=null, voted=null, raftlog=s2@group-CBB7D3FE7667-SegmentedRaftLog:OPENED:c-1,f-1,i0, conf=-1: [s0:0.0.0.0:46375, s1:0.0.0.0:33205, s2:0.0.0.0:46589], old=null RUNNING
   FOLLOWER s2@group-83F5C3382149:t0, leader=null, voted=null, raftlog=s2@group-83F5C3382149-SegmentedRaftLog:OPENED:c-1,f-1,i0, conf=-1: [], old=null STARTING] size=2, sleep 450ms and then retry.
java.lang.IllegalStateException: No leader yet  for group-CBB7D3FE7667: printing group-CBB7D3FE7667
  s0:  RUNNING [
   FOLLOWER s0@group-CBB7D3FE7667:t0, leader=null, voted=null, raftlog=s0@group-CBB7D3FE7667-SegmentedRaftLog:OPENED:c-1,f-1,i0, conf=-1: [s0:0.0.0.0:46375, s1:0.0.0.0:33205, s2:0.0.0.0:46589], old=null RUNNING
   FOLLOWER s0@group-83F5C3382149:t0, leader=null, voted=null, raftlog=s0@group-83F5C3382149-SegmentedRaftLog:OPENED:c-1,f-1,i0, conf=-1: [], old=null STARTING] size=2
  s1:  RUNNING [
   FOLLOWER s1@group-CBB7D3FE7667:t0, leader=null, voted=null, raftlog=s1@group-CBB7D3FE7667-SegmentedRaftLog:OPENED:c-1,f-1,i0, conf=-1: [s0:0.0.0.0:46375, s1:0.0.0.0:33205, s2:0.0.0.0:46589], old=null RUNNING
   FOLLOWER s1@group-83F5C3382149:t0, leader=null, voted=null, raftlog=s1@group-83F5C3382149-SegmentedRaftLog:OPENED:c-1,f-1,i0, conf=-1: [], old=null STARTING] size=2
  s2:  RUNNING [
   FOLLOWER s2@group-CBB7D3FE7667:t0, leader=null, voted=null, raftlog=s2@group-CBB7D3FE7667-SegmentedRaftLog:OPENED:c-1,f-1,i0, conf=-1: [s0:0.0.0.0:46375, s1:0.0.0.0:33205, s2:0.0.0.0:46589], old=null RUNNING
   FOLLOWER s2@group-83F5C3382149:t0, leader=null, voted=null, raftlog=s2@group-83F5C3382149-SegmentedRaftLog:OPENED:c-1,f-1,i0, conf=-1: [], old=null STARTING] size=2
	at org.apache.ratis.MiniRaftCluster.newIllegalStateExceptionForNoLeaders(MiniRaftCluster.java:506)
	at org.apache.ratis.RaftTestUtil.lambda$waitForLeader$1(RaftTestUtil.java:90)
	at org.apache.ratis.MiniRaftCluster.getLeader(MiniRaftCluster.java:539)
	at org.apache.ratis.MiniRaftCluster.getLeader(MiniRaftCluster.java:532)
	at org.apache.ratis.RaftTestUtil.lambda$waitForLeader$3(RaftTestUtil.java:98)
	at org.apache.ratis.util.JavaUtils.attempt(JavaUtils.java:152)
	at org.apache.ratis.RaftTestUtil.waitForLeader(RaftTestUtil.java:97)
	at org.apache.ratis.RaftTestUtil.waitForLeader(RaftTestUtil.java:77)
	at org.apache.ratis.server.impl.GroupManagementBaseTest.runMultiGroupTest(GroupManagementBaseTest.java:175)
	at org.apache.ratis.server.impl.GroupManagementBaseTest.runMultiGroupTest(GroupManagementBaseTest.java:126)
	at org.apache.ratis.server.impl.GroupManagementBaseTest.testMultiGroup5Nodes(GroupManagementBaseTest.java:109)
	at sun.reflect.NativeMethodAccessorImpl.invoke0(Native Method)
	at sun.reflect.NativeMethodAccessorImpl.invoke(NativeMethodAccessorImpl.java:62)
	at sun.reflect.DelegatingMethodAccessorImpl.invoke(DelegatingMethodAccessorImpl.java:43)
	at java.lang.reflect.Method.invoke(Method.java:498)
	at org.junit.runners.model.FrameworkMethod$1.runReflectiveCall(FrameworkMethod.java:50)
	at org.junit.internal.runners.model.ReflectiveCallable.run(ReflectiveCallable.java:12)
	at org.junit.runners.model.FrameworkMethod.invokeExplosively(FrameworkMethod.java:47)
	at org.junit.internal.runners.statements.InvokeMethod.evaluate(InvokeMethod.java:17)
	at org.junit.internal.runners.statements.RunAfters.evaluate(RunAfters.java:27)
	at org.junit.internal.runners.statements.FailOnTimeout$CallableStatement.call(FailOnTimeout.java:298)
	at org.junit.internal.runners.statements.FailOnTimeout$CallableStatement.call(FailOnTimeout.java:292)
	at java.util.concurrent.FutureTask.run(FutureTask.java:266)
	at java.lang.Thread.run(Thread.java:748)
2019-09-24 16:04:30,517 INFO  impl.FollowerState (FollowerState.java:run(108)) - s0@group-CBB7D3FE7667-FollowerState: change to CANDIDATE, lastRpcTime:280ms, electionTimeout:280ms
2019-09-24 16:04:30,518 INFO  impl.RoleInfo (RoleInfo.java:shutdownFollowerState(121)) - s0: shutdown FollowerState
2019-09-24 16:04:30,518 INFO  impl.RaftServerImpl (RaftServerImpl.java:setRole(170)) - s0@group-CBB7D3FE7667: changes role from  FOLLOWER to CANDIDATE at term 0 for changeToCandidate
2019-09-24 16:04:30,518 INFO  impl.RoleInfo (RoleInfo.java:updateAndGet(143)) - s0: start LeaderElection
2019-09-24 16:04:30,533 INFO  impl.LeaderElection (LeaderElection.java:askForVotes(178)) - s0@group-CBB7D3FE7667-LeaderElection10: begin an election at term 1 for -1: [s0:0.0.0.0:46375, s1:0.0.0.0:33205, s2:0.0.0.0:46589], old=null
2019-09-24 16:04:30,545 DEBUG impl.RaftServerImpl (RaftServerImpl.java:requestVote(743)) - s1@group-CBB7D3FE7667: receive requestVote(s0, group-CBB7D3FE7667, 1, (t:0, i:0))
2019-09-24 16:04:30,545 DEBUG impl.RaftServerImpl (RaftServerImpl.java:requestVote(743)) - s2@group-CBB7D3FE7667: receive requestVote(s0, group-CBB7D3FE7667, 1, (t:0, i:0))
2019-09-24 16:04:30,545 INFO  impl.RaftServerImpl (RaftServerImpl.java:setRole(170)) - s1@group-CBB7D3FE7667: changes role from  FOLLOWER to FOLLOWER at term 1 for recognizeCandidate:s0
2019-09-24 16:04:30,545 INFO  impl.RaftServerImpl (RaftServerImpl.java:setRole(170)) - s2@group-CBB7D3FE7667: changes role from  FOLLOWER to FOLLOWER at term 1 for recognizeCandidate:s0
2019-09-24 16:04:30,545 INFO  impl.RoleInfo (RoleInfo.java:shutdownFollowerState(121)) - s1: shutdown FollowerState
2019-09-24 16:04:30,546 INFO  impl.RoleInfo (RoleInfo.java:shutdownFollowerState(121)) - s2: shutdown FollowerState
2019-09-24 16:04:30,546 INFO  impl.FollowerState (FollowerState.java:run(117)) - s1@group-CBB7D3FE7667-FollowerState was interrupted: java.lang.InterruptedException: sleep interrupted
2019-09-24 16:04:30,546 INFO  impl.RoleInfo (RoleInfo.java:updateAndGet(143)) - s1: start FollowerState
2019-09-24 16:04:30,546 INFO  impl.FollowerState (FollowerState.java:run(117)) - s2@group-CBB7D3FE7667-FollowerState was interrupted: java.lang.InterruptedException: sleep interrupted
2019-09-24 16:04:30,546 INFO  impl.RoleInfo (RoleInfo.java:updateAndGet(143)) - s2: start FollowerState
2019-09-24 16:04:30,561 DEBUG impl.RaftServerImpl (RaftServerImpl.java:requestVote(775)) - s1@group-CBB7D3FE7667 replies to vote request: s0<-s1#0:OK-t1. Peer's state: s1@group-CBB7D3FE7667:t1, leader=null, voted=s0, raftlog=s1@group-CBB7D3FE7667-SegmentedRaftLog:OPENED:c-1,f-1,i0, conf=-1: [s0:0.0.0.0:46375, s1:0.0.0.0:33205, s2:0.0.0.0:46589], old=null
2019-09-24 16:04:30,561 DEBUG impl.RaftServerImpl (RaftServerImpl.java:requestVote(775)) - s2@group-CBB7D3FE7667 replies to vote request: s0<-s2#0:OK-t1. Peer's state: s2@group-CBB7D3FE7667:t1, leader=null, voted=s0, raftlog=s2@group-CBB7D3FE7667-SegmentedRaftLog:OPENED:c-1,f-1,i0, conf=-1: [s0:0.0.0.0:46375, s1:0.0.0.0:33205, s2:0.0.0.0:46589], old=null
2019-09-24 16:04:30,564 INFO  impl.LeaderElection (LeaderElection.java:logAndReturn(56)) - s0@group-CBB7D3FE7667-LeaderElection10: Election PASSED; received 1 response(s) [s0<-s2#0:OK-t1] and 0 exception(s); s0@group-CBB7D3FE7667:t1, leader=null, voted=s0, raftlog=s0@group-CBB7D3FE7667-SegmentedRaftLog:OPENED:c-1,f-1,i0, conf=-1: [s0:0.0.0.0:46375, s1:0.0.0.0:33205, s2:0.0.0.0:46589], old=null
2019-09-24 16:04:30,565 INFO  impl.RoleInfo (RoleInfo.java:shutdownLeaderElection(134)) - s0: shutdown LeaderElection
2019-09-24 16:04:30,565 INFO  impl.RaftServerImpl (RaftServerImpl.java:setRole(170)) - s0@group-CBB7D3FE7667: changes role from CANDIDATE to LEADER at term 1 for changeToLeader
2019-09-24 16:04:30,566 INFO  impl.RaftServerImpl (ServerState.java:setLeader(254)) - s0@group-CBB7D3FE7667: change Leader from null to s0 at term 1 for becomeLeader, leader elected after 341ms
2019-09-24 16:04:30,566 INFO  server.RaftServerConfigKeys (ConfUtils.java:logGet(43)) - raft.server.staging.catchup.gap = 1000 (default)
2019-09-24 16:04:30,566 INFO  server.RaftServerConfigKeys (ConfUtils.java:logGet(43)) - raft.server.rpc.sleep.time = 25ms (default)
2019-09-24 16:04:30,566 INFO  server.RaftServerConfigKeys (ConfUtils.java:logGet(43)) - raft.server.write.element-limit = 4096 (default)
2019-09-24 16:04:30,567 INFO  server.RaftServerConfigKeys (ConfUtils.java:logGet(43)) - raft.server.watch.timeout = 10s (default)
2019-09-24 16:04:30,567 INFO  server.RaftServerConfigKeys (ConfUtils.java:logGet(43)) - raft.server.watch.timeout.denomination = 1s (default)
2019-09-24 16:04:30,567 INFO  server.RaftServerConfigKeys (ConfUtils.java:logGet(43)) - raft.server.watch.element-limit = 65536 (default)
2019-09-24 16:04:30,571 INFO  server.RaftServerConfigKeys (ConfUtils.java:logGet(43)) - raft.server.log.appender.snapshot.chunk.size.max = 16MB (=16777216) (default)
2019-09-24 16:04:30,571 INFO  server.RaftServerConfigKeys (ConfUtils.java:logGet(43)) - raft.server.log.appender.buffer.byte-limit = 4MB (=4194304) (default)
2019-09-24 16:04:30,572 INFO  server.RaftServerConfigKeys (ConfUtils.java:logGet(43)) - raft.server.log.appender.buffer.element-limit = 0 (default)
2019-09-24 16:04:30,572 INFO  grpc.GrpcConfigKeys$Server (ConfUtils.java:logGet(43)) - raft.grpc.server.leader.outstanding.appends.max = 128 (default)
2019-09-24 16:04:30,572 INFO  server.RaftServerConfigKeys (ConfUtils.java:logGet(43)) - raft.server.rpc.request.timeout = 3000ms (default)
2019-09-24 16:04:30,573 INFO  server.RaftServerConfigKeys (ConfUtils.java:logGet(43)) - raft.server.log.appender.install.snapshot.enabled = true (default)
2019-09-24 16:04:30,573 INFO  server.RaftServerConfigKeys (ConfUtils.java:logGet(43)) - raft.server.log.appender.snapshot.chunk.size.max = 16MB (=16777216) (default)
2019-09-24 16:04:30,573 INFO  server.RaftServerConfigKeys (ConfUtils.java:logGet(43)) - raft.server.log.appender.buffer.byte-limit = 4MB (=4194304) (default)
2019-09-24 16:04:30,573 INFO  server.RaftServerConfigKeys (ConfUtils.java:logGet(43)) - raft.server.log.appender.buffer.element-limit = 0 (default)
2019-09-24 16:04:30,574 INFO  grpc.GrpcConfigKeys$Server (ConfUtils.java:logGet(43)) - raft.grpc.server.leader.outstanding.appends.max = 128 (default)
2019-09-24 16:04:30,574 INFO  server.RaftServerConfigKeys (ConfUtils.java:logGet(43)) - raft.server.rpc.request.timeout = 3000ms (default)
2019-09-24 16:04:30,574 INFO  server.RaftServerConfigKeys (ConfUtils.java:logGet(43)) - raft.server.log.appender.install.snapshot.enabled = true (default)
2019-09-24 16:04:30,575 INFO  impl.RoleInfo (RoleInfo.java:updateAndGet(143)) - s0: start LeaderState
2019-09-24 16:04:30,575 INFO  segmented.SegmentedRaftLogWorker (SegmentedRaftLogWorker.java:startLogSegment(380)) - s0@group-CBB7D3FE7667-SegmentedRaftLogWorker: Starting segment from index:0
2019-09-24 16:04:30,576 INFO  impl.RaftServerImpl (ServerState.java:setRaftConf(355)) - s0@group-CBB7D3FE7667: set configuration 0: [s0:0.0.0.0:46375, s1:0.0.0.0:33205, s2:0.0.0.0:46589], old=null at 0
2019-09-24 16:04:30,580 INFO  impl.RaftServerImpl (ServerState.java:setLeader(254)) - s2@group-CBB7D3FE7667: change Leader from null to s0 at term 1 for appendEntries, leader elected after 232ms
2019-09-24 16:04:30,580 INFO  impl.RaftServerImpl (ServerState.java:setLeader(254)) - s1@group-CBB7D3FE7667: change Leader from null to s0 at term 1 for appendEntries, leader elected after 289ms
2019-09-24 16:04:30,586 DEBUG impl.RaftServerImpl (RaftServerImpl.java:logAppendEntries(850)) - s1@group-CBB7D3FE7667: receive appendEntries(s0, 1, null, -1, false, commits[s0:c-1, s1:c-1, s2:c-1], entries: (t:1, i:0), CONFIGURATIONENTRY
2019-09-24 16:04:30,586 DEBUG impl.RaftServerImpl (RaftServerImpl.java:logAppendEntries(850)) - s2@group-CBB7D3FE7667: receive appendEntries(s0, 1, null, -1, false, commits[s0:c-1, s1:c-1, s2:c-1], entries: (t:1, i:0), CONFIGURATIONENTRY
2019-09-24 16:04:30,587 INFO  impl.RaftServerImpl (ServerState.java:setRaftConf(355)) - s1@group-CBB7D3FE7667: set configuration 0: [s0:0.0.0.0:46375, s1:0.0.0.0:33205, s2:0.0.0.0:46589], old=null at 0
2019-09-24 16:04:30,587 INFO  impl.RaftServerImpl (ServerState.java:setRaftConf(355)) - s2@group-CBB7D3FE7667: set configuration 0: [s0:0.0.0.0:46375, s1:0.0.0.0:33205, s2:0.0.0.0:46589], old=null at 0
2019-09-24 16:04:30,587 INFO  segmented.SegmentedRaftLogWorker (SegmentedRaftLogWorker.java:startLogSegment(380)) - s1@group-CBB7D3FE7667-SegmentedRaftLogWorker: Starting segment from index:0
2019-09-24 16:04:30,587 INFO  segmented.SegmentedRaftLogWorker (SegmentedRaftLogWorker.java:startLogSegment(380)) - s2@group-CBB7D3FE7667-SegmentedRaftLogWorker: Starting segment from index:0
2019-09-24 16:04:30,823 INFO  ratis.RaftTestUtil (RaftTestUtil.java:waitForLeader(101)) - printing group-CBB7D3FE7667
  s0:  RUNNING [
     LEADER s0@group-CBB7D3FE7667:t1, leader=s0, voted=s0, raftlog=s0@group-CBB7D3FE7667-SegmentedRaftLog:OPENED:c-1,f-1,i0, conf=0: [s0:0.0.0.0:46375, s1:0.0.0.0:33205, s2:0.0.0.0:46589], old=null RUNNING
   FOLLOWER s0@group-83F5C3382149:t0, leader=null, voted=null, raftlog=s0@group-83F5C3382149-SegmentedRaftLog:OPENED:c-1,f-1,i0, conf=-1: [], old=null STARTING] size=2
  s1:  RUNNING [
   FOLLOWER s1@group-CBB7D3FE7667:t1, leader=s0, voted=s0, raftlog=s1@group-CBB7D3FE7667-SegmentedRaftLog:OPENED:c-1,f-1,i0, conf=0: [s0:0.0.0.0:46375, s1:0.0.0.0:33205, s2:0.0.0.0:46589], old=null RUNNING
   FOLLOWER s1@group-83F5C3382149:t0, leader=null, voted=null, raftlog=s1@group-83F5C3382149-SegmentedRaftLog:OPENED:c-1,f-1,i0, conf=-1: [], old=null STARTING] size=2
  s2:  RUNNING [
   FOLLOWER s2@group-CBB7D3FE7667:t1, leader=s0, voted=s0, raftlog=s2@group-CBB7D3FE7667-SegmentedRaftLog:OPENED:c-1,f-1,i0, conf=0: [s0:0.0.0.0:46375, s1:0.0.0.0:33205, s2:0.0.0.0:46589], old=null RUNNING
   FOLLOWER s2@group-83F5C3382149:t0, leader=null, voted=null, raftlog=s2@group-83F5C3382149-SegmentedRaftLog:OPENED:c-1,f-1,i0, conf=-1: [], old=null STARTING] size=2
2019-09-24 16:04:30,824 INFO  impl.GroupManagementBaseTest (GroupManagementBaseTest.java:runMultiGroupTest(169)) - 1) starting group-DFF3253C5C19:[s3:0.0.0.0:40519]
2019-09-24 16:04:30,824 DEBUG client.RaftClient (ConfUtils.java:logGet(43)) - raft.rpc.type = GRPC (default)
2019-09-24 16:04:30,825 DEBUG client.RaftClient (RaftClientImpl.java:sendRequest(275)) - client-620510791629: send GroupManagementRequest:client-620510791629->s3@group-DFF3253C5C19, cid=6, seq=0, RW, null, Add:group-DFF3253C5C19:[s3:0.0.0.0:40519]
2019-09-24 16:04:30,836 INFO  impl.RaftServerProxy (RaftServerProxy.java:addNew(89)) - s3: addNew group-DFF3253C5C19:[s3:0.0.0.0:40519] returns group-DFF3253C5C19:java.util.concurrent.CompletableFuture@3623b507[Not completed]
2019-09-24 16:04:30,836 INFO  impl.RaftServerImpl (RaftServerImpl.java:<init>(95)) - s3: new RaftServerImpl for group-DFF3253C5C19:[s3:0.0.0.0:40519] with BaseStateMachine:uninitialized
2019-09-24 16:04:30,837 INFO  server.RaftServerConfigKeys (ConfUtils.java:logGet(43)) - raft.server.rpc.timeout.min = 150ms (default)
2019-09-24 16:04:30,837 INFO  server.RaftServerConfigKeys (ConfUtils.java:logGet(43)) - raft.server.rpc.timeout.max = 300ms (default)
2019-09-24 16:04:30,837 INFO  server.RaftServerConfigKeys (ConfUtils.java:logGet(43)) - raft.server.rpcslowness.timeout = 60s (default)
2019-09-24 16:04:30,837 INFO  server.RaftServerConfigKeys (ConfUtils.java:logGet(43)) - raft.server.sleep.deviation.threshold = 300 (default)
2019-09-24 16:04:30,838 INFO  server.RaftServerConfigKeys (ConfUtils.java:logGet(43)) - raft.server.log.appender.install.snapshot.enabled = true (default)
2019-09-24 16:04:30,838 INFO  impl.RaftServerImpl (ServerState.java:<init>(103)) - s3@group-DFF3253C5C19: ConfigurationManager, init=-1: [s3:0.0.0.0:40519], old=null, confs=<EMPTY_MAP>
2019-09-24 16:04:30,838 INFO  server.RaftServerConfigKeys (ConfUtils.java:logGet(43)) - raft.server.storage.dir = [/workdir/ratis-test/target/test/data/ca4e50c/MiniRaftClusterWithGrpcad38b086/s3] (custom)
2019-09-24 16:04:30,839 INFO  server.RaftServerConfigKeys (ConfUtils.java:logGet(43)) - raft.server.log.corruption.policy = EXCEPTION (default)
2019-09-24 16:04:30,839 INFO  storage.RaftStorageDirectory (RaftStorageDirectory.java:analyzeStorage(246)) - The storage directory /workdir/ratis-test/target/test/data/ca4e50c/MiniRaftClusterWithGrpcad38b086/s3/53138108-c031-4b37-8c3f-dff3253c5c19 does not exist. Creating ...
2019-09-24 16:04:30,840 TRACE util.FileUtils (LogUtils.java:runAndLog(61)) - Successfully ran Files.createDirectories /workdir/ratis-test/target/test/data/ca4e50c/MiniRaftClusterWithGrpcad38b086/s3/53138108-c031-4b37-8c3f-dff3253c5c19
2019-09-24 16:04:33,587 WARN  server.GrpcLogAppender (GrpcLogAppender.java:timeoutAppendRequest(200)) - s0@group-CBB7D3FE7667->s1-GrpcLogAppender: appendEntries Timeout, request=s0->s1#1-t1, previous=(t:0, i:0), leaderCommit=-1, initializing? false, entries: size=1, first=(t:1, i:0), CONFIGURATIONENTRY
2019-09-24 16:04:33,587 WARN  server.GrpcLogAppender (GrpcLogAppender.java:timeoutAppendRequest(200)) - s0@group-CBB7D3FE7667->s2-GrpcLogAppender: appendEntries Timeout, request=s0->s2#1-t1, previous=(t:0, i:0), leaderCommit=-1, initializing? false, entries: size=1, first=(t:1, i:0), CONFIGURATIONENTRY
2019-09-24 16:04:33,661 WARN  server.GrpcLogAppender (GrpcLogAppender.java:timeoutAppendRequest(200)) - s0@group-CBB7D3FE7667->s2-GrpcLogAppender: appendEntries Timeout, request=s0->s2#2-t1, previous=(t:1, i:0), leaderCommit=-1, initializing? false, entries: <empty>
2019-09-24 16:04:33,661 WARN  server.GrpcLogAppender (GrpcLogAppender.java:timeoutAppendRequest(200)) - s0@group-CBB7D3FE7667->s1-GrpcLogAppender: appendEntries Timeout, request=s0->s1#2-t1, previous=(t:1, i:0), leaderCommit=-1, initializing? false, entries: <empty>
2019-09-24 16:04:33,737 WARN  server.GrpcLogAppender (GrpcLogAppender.java:timeoutAppendRequest(200)) - s0@group-CBB7D3FE7667->s1-GrpcLogAppender: appendEntries Timeout, request=s0->s1#3-t1, previous=(t:1, i:0), leaderCommit=-1, initializing? false, entries: <empty>
2019-09-24 16:04:33,737 WARN  server.GrpcLogAppender (GrpcLogAppender.java:timeoutAppendRequest(200)) - s0@group-CBB7D3FE7667->s2-GrpcLogAppender: appendEntries Timeout, request=s0->s2#3-t1, previous=(t:1, i:0), leaderCommit=-1, initializing? false, entries: <empty>
2019-09-24 16:04:33,813 WARN  server.GrpcLogAppender (GrpcLogAppender.java:timeoutAppendRequest(200)) - s0@group-CBB7D3FE7667->s2-GrpcLogAppender: appendEntries Timeout, request=s0->s2#4-t1, previous=(t:1, i:0), leaderCommit=-1, initializing? false, entries: <empty>
2019-09-24 16:04:33,813 WARN  server.GrpcLogAppender (GrpcLogAppender.java:timeoutAppendRequest(200)) - s0@group-CBB7D3FE7667->s1-GrpcLogAppender: appendEntries Timeout, request=s0->s1#4-t1, previous=(t:1, i:0), leaderCommit=-1, initializing? false, entries: <empty>
2019-09-24 16:04:33,828 DEBUG client.RaftClient (RaftClientImpl.java:handleIOException(343)) - client-620510791629: suggested new leader: null. Failed GroupManagementRequest:client-620510791629->s3@group-DFF3253C5C19, cid=6, seq=0, RW, null, Add:group-DFF3253C5C19:[s3:0.0.0.0:40519] with org.apache.ratis.protocol.TimeoutIOException: deadline exceeded after 2999178758ns
2019-09-24 16:04:33,832 DEBUG client.RaftClient (RaftClientImpl.java:handleIOException(362)) - client-620510791629: oldLeader=s3,  curLeader=s3, newLeader=null
]]></system-out>
    <system-err><![CDATA[Sep 24, 2019 4:04:28 PM org.apache.ratis.thirdparty.io.grpc.internal.SerializingExecutor run
SEVERE: Exception while executing runnable org.apache.ratis.thirdparty.io.grpc.internal.ServerImpl$JumpToApplicationThreadServerStreamListener$1Closed@2c37231f
org.apache.ratis.thirdparty.io.grpc.StatusRuntimeException: CANCELLED: call already cancelled
	at org.apache.ratis.thirdparty.io.grpc.Status.asRuntimeException(Status.java:517)
	at org.apache.ratis.thirdparty.io.grpc.stub.ServerCalls$ServerCallStreamObserverImpl.onCompleted(ServerCalls.java:356)
	at org.apache.ratis.grpc.server.GrpcServerProtocolService$ServerRequestStreamObserver.onError(GrpcServerProtocolService.java:121)
	at org.apache.ratis.thirdparty.io.grpc.stub.ServerCalls$StreamingServerCallHandler$StreamingServerCallListener.onCancel(ServerCalls.java:269)
	at org.apache.ratis.thirdparty.io.grpc.internal.ServerCallImpl$ServerStreamListenerImpl.closed(ServerCallImpl.java:293)
	at org.apache.ratis.thirdparty.io.grpc.internal.ServerImpl$JumpToApplicationThreadServerStreamListener$1Closed.runInContext(ServerImpl.java:741)
	at org.apache.ratis.thirdparty.io.grpc.internal.ContextRunnable.run(ContextRunnable.java:37)
	at org.apache.ratis.thirdparty.io.grpc.internal.SerializingExecutor.run(SerializingExecutor.java:123)
	at java.util.concurrent.ThreadPoolExecutor.runWorker(ThreadPoolExecutor.java:1149)
	at java.util.concurrent.ThreadPoolExecutor$Worker.run(ThreadPoolExecutor.java:624)
	at java.lang.Thread.run(Thread.java:748)

]]></system-err>
  </testcase>
  <testcase name="testMultiGroup7Nodes" classname="org.apache.ratis.grpc.TestGroupManagementWithGrpc" time="6.703">
    <error message="deadline exceeded after 2999646020ns" type="org.apache.ratis.protocol.TimeoutIOException">org.apache.ratis.protocol.TimeoutIOException: deadline exceeded after 2999646020ns
Caused by: org.apache.ratis.thirdparty.io.grpc.StatusRuntimeException: DEADLINE_EXCEEDED: deadline exceeded after 2999646020ns
</error>
    <system-out><![CDATA[2019-09-24 16:04:33,848 INFO  util.LogUtils (LogUtils.java:setLogLevel(41)) - Set org.apache.ratis.conf.ConfUtils log level to WARN
2019-09-24 16:04:33,848 INFO  util.LogUtils (LogUtils.java:setLogLevel(41)) - Set org.apache.ratis.util.FileUtils log level to TRACE
2019-09-24 16:04:33,849 INFO  util.LogUtils (LogUtils.java:setLogLevel(41)) - Set org.apache.ratis.server.impl.RaftServerProxy log level to DEBUG
2019-09-24 16:04:33,849 INFO  util.LogUtils (LogUtils.java:setLogLevel(41)) - Set org.apache.ratis.server.impl.RaftServerImpl log level to DEBUG
2019-09-24 16:04:33,849 INFO  util.LogUtils (LogUtils.java:setLogLevel(41)) - Set org.apache.ratis.client.RaftClient log level to DEBUG
| null | init | 82 |
2019-09-24 16:04:33,851 INFO  ratis.MiniRaftCluster (MiniRaftCluster.java:<init>(253)) - new MiniRaftClusterWithGrpc with group-43FA43FB2883:[]
2019-09-24 16:04:33,851 INFO  impl.GroupManagementBaseTest (GroupManagementBaseTest.java:runMultiGroupTest(140)) - 

runMultiGroupTest with MiniRaftClusterWithGrpc[1, 6, 7]chosen=1: printing ALL groups
2019-09-24 16:04:33,852 INFO  impl.GroupManagementBaseTest (GroupManagementBaseTest.java:runMultiGroupTest(147)) - ids: [s0, s1, s2, s3, s4, s5, s6]
2019-09-24 16:04:33,852 INFO  ratis.MiniRaftCluster (MiniRaftCluster.java:newRaftServer(330)) - newRaftServer: s0, group-43FA43FB2883:[], format? true
2019-09-24 16:04:33,852 TRACE util.FileUtils (FileUtils.java:deleteFully(88)) - deleteFully target/test/data/ca4e50c/MiniRaftClusterWithGrpce6429fb3/s0
2019-09-24 16:04:33,853 TRACE util.FileUtils (FileUtils.java:deleteFully(104)) - deleteFully: target/test/data/ca4e50c/MiniRaftClusterWithGrpce6429fb3/s0 does not exist.
2019-09-24 16:04:33,853 INFO  ratis.MiniRaftCluster (MiniRaftCluster.java:newRaftServer(335)) - Formatted directory target/test/data/ca4e50c/MiniRaftClusterWithGrpce6429fb3/s0
2019-09-24 16:04:33,853 DEBUG impl.RaftServerProxy (ServerImplUtils.java:newRaftServer(39)) - newRaftServer: s0, group-43FA43FB2883:[]
2019-09-24 16:04:33,854 INFO  impl.RaftServerProxy (ConfUtils.java:logGet(43)) - raft.rpc.type = GRPC (default)
2019-09-24 16:04:33,854 INFO  grpc.GrpcFactory (GrpcFactory.java:checkPooledByteBufAllocatorUseCacheForAllThreads(45)) - PERFORMANCE WARNING: useCacheForAllThreads is true that may cause Netty to create a lot garbage objects and, as a result, trigger GC.
	It is recommended to disable useCacheForAllThreads by setting -Dorg.apache.ratis.thirdparty.io.netty.allocator.useCacheForAllThreads=false in command line.
2019-09-24 16:04:33,854 INFO  grpc.GrpcConfigKeys$Server (ConfUtils.java:logGet(43)) - raft.grpc.server.port = 46775 (custom)
2019-09-24 16:04:33,855 INFO  server.GrpcService (ConfUtils.java:logGet(43)) - raft.grpc.message.size.max = 64MB (=67108864) (default)
2019-09-24 16:04:33,855 INFO  server.RaftServerConfigKeys (ConfUtils.java:logGet(43)) - raft.server.log.appender.buffer.byte-limit = 4MB (=4194304) (default)
2019-09-24 16:04:33,855 INFO  server.GrpcService (ConfUtils.java:logGet(43)) - raft.grpc.flow.control.window = 1MB (=1048576) (default)
2019-09-24 16:04:33,856 INFO  server.RaftServerConfigKeys (ConfUtils.java:logGet(43)) - raft.server.rpc.request.timeout = 3000ms (default)
2019-09-24 16:04:33,857 INFO  server.RaftServerConfigKeys (ConfUtils.java:logGet(43)) - raft.server.storage.dir = [/workdir/ratis-test/target/test/data/ca4e50c/MiniRaftClusterWithGrpce6429fb3/s0] (custom)
2019-09-24 16:04:33,858 INFO  impl.RaftServerProxy (RaftServerProxy.java:addNew(89)) - s0: addNew group-43FA43FB2883:[] returns group-43FA43FB2883:java.util.concurrent.CompletableFuture@4015e40b[Not completed]
2019-09-24 16:04:33,858 INFO  impl.RaftServerImpl (RaftServerImpl.java:<init>(95)) - s0: new RaftServerImpl for group-43FA43FB2883:[] with BaseStateMachine:uninitialized
2019-09-24 16:04:33,858 INFO  ratis.MiniRaftCluster (MiniRaftCluster.java:newRaftServer(330)) - newRaftServer: s1, group-43FA43FB2883:[], format? true
2019-09-24 16:04:33,859 INFO  server.RaftServerConfigKeys (ConfUtils.java:logGet(43)) - raft.server.rpc.timeout.min = 150ms (default)
2019-09-24 16:04:33,859 TRACE util.FileUtils (FileUtils.java:deleteFully(88)) - deleteFully target/test/data/ca4e50c/MiniRaftClusterWithGrpce6429fb3/s1
2019-09-24 16:04:33,859 INFO  server.RaftServerConfigKeys (ConfUtils.java:logGet(43)) - raft.server.rpc.timeout.max = 300ms (default)
2019-09-24 16:04:33,859 TRACE util.FileUtils (FileUtils.java:deleteFully(104)) - deleteFully: target/test/data/ca4e50c/MiniRaftClusterWithGrpce6429fb3/s1 does not exist.
2019-09-24 16:04:33,859 INFO  ratis.MiniRaftCluster (MiniRaftCluster.java:newRaftServer(335)) - Formatted directory target/test/data/ca4e50c/MiniRaftClusterWithGrpce6429fb3/s1
2019-09-24 16:04:33,859 INFO  server.RaftServerConfigKeys (ConfUtils.java:logGet(43)) - raft.server.rpcslowness.timeout = 60s (default)
2019-09-24 16:04:33,860 INFO  server.RaftServerConfigKeys (ConfUtils.java:logGet(43)) - raft.server.sleep.deviation.threshold = 300 (default)
2019-09-24 16:04:33,860 DEBUG impl.RaftServerProxy (ServerImplUtils.java:newRaftServer(39)) - newRaftServer: s1, group-43FA43FB2883:[]
2019-09-24 16:04:33,860 INFO  server.RaftServerConfigKeys (ConfUtils.java:logGet(43)) - raft.server.log.appender.install.snapshot.enabled = true (default)
2019-09-24 16:04:33,860 INFO  impl.RaftServerProxy (ConfUtils.java:logGet(43)) - raft.rpc.type = GRPC (default)
2019-09-24 16:04:33,860 INFO  impl.RaftServerImpl (ServerState.java:<init>(103)) - s0@group-43FA43FB2883: ConfigurationManager, init=-1: [], old=null, confs=<EMPTY_MAP>
2019-09-24 16:04:33,861 INFO  grpc.GrpcFactory (GrpcFactory.java:checkPooledByteBufAllocatorUseCacheForAllThreads(45)) - PERFORMANCE WARNING: useCacheForAllThreads is true that may cause Netty to create a lot garbage objects and, as a result, trigger GC.
	It is recommended to disable useCacheForAllThreads by setting -Dorg.apache.ratis.thirdparty.io.netty.allocator.useCacheForAllThreads=false in command line.
2019-09-24 16:04:33,861 INFO  server.RaftServerConfigKeys (ConfUtils.java:logGet(43)) - raft.server.storage.dir = [/workdir/ratis-test/target/test/data/ca4e50c/MiniRaftClusterWithGrpce6429fb3/s0] (custom)
2019-09-24 16:04:33,861 INFO  grpc.GrpcConfigKeys$Server (ConfUtils.java:logGet(43)) - raft.grpc.server.port = 37672 (custom)
2019-09-24 16:04:33,861 INFO  server.GrpcService (ConfUtils.java:logGet(43)) - raft.grpc.message.size.max = 64MB (=67108864) (default)
2019-09-24 16:04:33,861 INFO  server.RaftServerConfigKeys (ConfUtils.java:logGet(43)) - raft.server.log.corruption.policy = EXCEPTION (default)
2019-09-24 16:04:33,862 INFO  server.RaftServerConfigKeys (ConfUtils.java:logGet(43)) - raft.server.log.appender.buffer.byte-limit = 4MB (=4194304) (default)
2019-09-24 16:04:33,862 INFO  storage.RaftStorageDirectory (RaftStorageDirectory.java:analyzeStorage(246)) - The storage directory /workdir/ratis-test/target/test/data/ca4e50c/MiniRaftClusterWithGrpce6429fb3/s0/ce2a2cc3-8165-4fd2-9de9-43fa43fb2883 does not exist. Creating ...
2019-09-24 16:04:33,862 INFO  server.GrpcService (ConfUtils.java:logGet(43)) - raft.grpc.flow.control.window = 1MB (=1048576) (default)
2019-09-24 16:04:33,863 INFO  server.RaftServerConfigKeys (ConfUtils.java:logGet(43)) - raft.server.rpc.request.timeout = 3000ms (default)
2019-09-24 16:04:33,863 TRACE util.FileUtils (LogUtils.java:runAndLog(61)) - Successfully ran Files.createDirectories /workdir/ratis-test/target/test/data/ca4e50c/MiniRaftClusterWithGrpce6429fb3/s0/ce2a2cc3-8165-4fd2-9de9-43fa43fb2883
2019-09-24 16:04:33,863 INFO  server.RaftServerConfigKeys (ConfUtils.java:logGet(43)) - raft.server.storage.dir = [/workdir/ratis-test/target/test/data/ca4e50c/MiniRaftClusterWithGrpce6429fb3/s1] (custom)
2019-09-24 16:04:33,864 INFO  impl.RaftServerProxy (RaftServerProxy.java:addNew(89)) - s1: addNew group-43FA43FB2883:[] returns group-43FA43FB2883:java.util.concurrent.CompletableFuture@4fe09b0f[Not completed]
2019-09-24 16:04:33,864 INFO  impl.RaftServerImpl (RaftServerImpl.java:<init>(95)) - s1: new RaftServerImpl for group-43FA43FB2883:[] with BaseStateMachine:uninitialized
2019-09-24 16:04:33,864 INFO  ratis.MiniRaftCluster (MiniRaftCluster.java:newRaftServer(330)) - newRaftServer: s2, group-43FA43FB2883:[], format? true
2019-09-24 16:04:33,865 INFO  server.RaftServerConfigKeys (ConfUtils.java:logGet(43)) - raft.server.rpc.timeout.min = 150ms (default)
2019-09-24 16:04:33,865 TRACE util.FileUtils (FileUtils.java:deleteFully(88)) - deleteFully target/test/data/ca4e50c/MiniRaftClusterWithGrpce6429fb3/s2
2019-09-24 16:04:33,865 INFO  server.RaftServerConfigKeys (ConfUtils.java:logGet(43)) - raft.server.rpc.timeout.max = 300ms (default)
2019-09-24 16:04:33,865 TRACE util.FileUtils (FileUtils.java:deleteFully(104)) - deleteFully: target/test/data/ca4e50c/MiniRaftClusterWithGrpce6429fb3/s2 does not exist.
2019-09-24 16:04:33,865 INFO  server.RaftServerConfigKeys (ConfUtils.java:logGet(43)) - raft.server.rpcslowness.timeout = 60s (default)
2019-09-24 16:04:33,866 INFO  ratis.MiniRaftCluster (MiniRaftCluster.java:newRaftServer(335)) - Formatted directory target/test/data/ca4e50c/MiniRaftClusterWithGrpce6429fb3/s2
2019-09-24 16:04:33,866 INFO  server.RaftServerConfigKeys (ConfUtils.java:logGet(43)) - raft.server.sleep.deviation.threshold = 300 (default)
2019-09-24 16:04:33,866 INFO  server.RaftServerConfigKeys (ConfUtils.java:logGet(43)) - raft.server.log.appender.install.snapshot.enabled = true (default)
2019-09-24 16:04:33,866 DEBUG impl.RaftServerProxy (ServerImplUtils.java:newRaftServer(39)) - newRaftServer: s2, group-43FA43FB2883:[]
2019-09-24 16:04:33,866 INFO  impl.RaftServerImpl (ServerState.java:<init>(103)) - s1@group-43FA43FB2883: ConfigurationManager, init=-1: [], old=null, confs=<EMPTY_MAP>
2019-09-24 16:04:33,867 INFO  impl.RaftServerProxy (ConfUtils.java:logGet(43)) - raft.rpc.type = GRPC (default)
2019-09-24 16:04:33,867 INFO  server.RaftServerConfigKeys (ConfUtils.java:logGet(43)) - raft.server.storage.dir = [/workdir/ratis-test/target/test/data/ca4e50c/MiniRaftClusterWithGrpce6429fb3/s1] (custom)
2019-09-24 16:04:33,867 INFO  grpc.GrpcFactory (GrpcFactory.java:checkPooledByteBufAllocatorUseCacheForAllThreads(45)) - PERFORMANCE WARNING: useCacheForAllThreads is true that may cause Netty to create a lot garbage objects and, as a result, trigger GC.
	It is recommended to disable useCacheForAllThreads by setting -Dorg.apache.ratis.thirdparty.io.netty.allocator.useCacheForAllThreads=false in command line.
2019-09-24 16:04:33,867 INFO  server.RaftServerConfigKeys (ConfUtils.java:logGet(43)) - raft.server.log.corruption.policy = EXCEPTION (default)
2019-09-24 16:04:33,867 INFO  grpc.GrpcConfigKeys$Server (ConfUtils.java:logGet(43)) - raft.grpc.server.port = 40750 (custom)
2019-09-24 16:04:33,868 INFO  storage.RaftStorageDirectory (RaftStorageDirectory.java:analyzeStorage(246)) - The storage directory /workdir/ratis-test/target/test/data/ca4e50c/MiniRaftClusterWithGrpce6429fb3/s1/ce2a2cc3-8165-4fd2-9de9-43fa43fb2883 does not exist. Creating ...
2019-09-24 16:04:33,868 INFO  server.GrpcService (ConfUtils.java:logGet(43)) - raft.grpc.message.size.max = 64MB (=67108864) (default)
2019-09-24 16:04:33,868 INFO  server.RaftServerConfigKeys (ConfUtils.java:logGet(43)) - raft.server.log.appender.buffer.byte-limit = 4MB (=4194304) (default)
2019-09-24 16:04:33,868 TRACE util.FileUtils (LogUtils.java:runAndLog(61)) - Successfully ran Files.createDirectories /workdir/ratis-test/target/test/data/ca4e50c/MiniRaftClusterWithGrpce6429fb3/s1/ce2a2cc3-8165-4fd2-9de9-43fa43fb2883
2019-09-24 16:04:33,868 INFO  server.GrpcService (ConfUtils.java:logGet(43)) - raft.grpc.flow.control.window = 1MB (=1048576) (default)
2019-09-24 16:04:33,869 INFO  server.RaftServerConfigKeys (ConfUtils.java:logGet(43)) - raft.server.rpc.request.timeout = 3000ms (default)
2019-09-24 16:04:33,869 INFO  server.RaftServerConfigKeys (ConfUtils.java:logGet(43)) - raft.server.storage.dir = [/workdir/ratis-test/target/test/data/ca4e50c/MiniRaftClusterWithGrpce6429fb3/s2] (custom)
2019-09-24 16:04:33,870 INFO  impl.RaftServerProxy (RaftServerProxy.java:addNew(89)) - s2: addNew group-43FA43FB2883:[] returns group-43FA43FB2883:java.util.concurrent.CompletableFuture@1f97ce3a[Not completed]
2019-09-24 16:04:33,870 INFO  impl.RaftServerImpl (RaftServerImpl.java:<init>(95)) - s2: new RaftServerImpl for group-43FA43FB2883:[] with BaseStateMachine:uninitialized
2019-09-24 16:04:33,870 INFO  ratis.MiniRaftCluster (MiniRaftCluster.java:newRaftServer(330)) - newRaftServer: s3, group-43FA43FB2883:[], format? true
2019-09-24 16:04:33,871 INFO  server.RaftServerConfigKeys (ConfUtils.java:logGet(43)) - raft.server.rpc.timeout.min = 150ms (default)
2019-09-24 16:04:33,871 TRACE util.FileUtils (FileUtils.java:deleteFully(88)) - deleteFully target/test/data/ca4e50c/MiniRaftClusterWithGrpce6429fb3/s3
2019-09-24 16:04:33,871 INFO  server.RaftServerConfigKeys (ConfUtils.java:logGet(43)) - raft.server.rpc.timeout.max = 300ms (default)
2019-09-24 16:04:33,872 TRACE util.FileUtils (FileUtils.java:deleteFully(104)) - deleteFully: target/test/data/ca4e50c/MiniRaftClusterWithGrpce6429fb3/s3 does not exist.
2019-09-24 16:04:33,872 INFO  server.RaftServerConfigKeys (ConfUtils.java:logGet(43)) - raft.server.rpcslowness.timeout = 60s (default)
2019-09-24 16:04:33,872 INFO  ratis.MiniRaftCluster (MiniRaftCluster.java:newRaftServer(335)) - Formatted directory target/test/data/ca4e50c/MiniRaftClusterWithGrpce6429fb3/s3
2019-09-24 16:04:33,872 INFO  server.RaftServerConfigKeys (ConfUtils.java:logGet(43)) - raft.server.sleep.deviation.threshold = 300 (default)
2019-09-24 16:04:33,872 INFO  server.RaftServerConfigKeys (ConfUtils.java:logGet(43)) - raft.server.log.appender.install.snapshot.enabled = true (default)
2019-09-24 16:04:33,872 DEBUG impl.RaftServerProxy (ServerImplUtils.java:newRaftServer(39)) - newRaftServer: s3, group-43FA43FB2883:[]
2019-09-24 16:04:33,872 INFO  impl.RaftServerImpl (ServerState.java:<init>(103)) - s2@group-43FA43FB2883: ConfigurationManager, init=-1: [], old=null, confs=<EMPTY_MAP>
2019-09-24 16:04:33,873 INFO  impl.RaftServerProxy (ConfUtils.java:logGet(43)) - raft.rpc.type = GRPC (default)
2019-09-24 16:04:33,873 INFO  server.RaftServerConfigKeys (ConfUtils.java:logGet(43)) - raft.server.storage.dir = [/workdir/ratis-test/target/test/data/ca4e50c/MiniRaftClusterWithGrpce6429fb3/s2] (custom)
2019-09-24 16:04:33,873 INFO  grpc.GrpcFactory (GrpcFactory.java:checkPooledByteBufAllocatorUseCacheForAllThreads(45)) - PERFORMANCE WARNING: useCacheForAllThreads is true that may cause Netty to create a lot garbage objects and, as a result, trigger GC.
	It is recommended to disable useCacheForAllThreads by setting -Dorg.apache.ratis.thirdparty.io.netty.allocator.useCacheForAllThreads=false in command line.
2019-09-24 16:04:33,873 INFO  server.RaftServerConfigKeys (ConfUtils.java:logGet(43)) - raft.server.log.corruption.policy = EXCEPTION (default)
2019-09-24 16:04:33,873 INFO  grpc.GrpcConfigKeys$Server (ConfUtils.java:logGet(43)) - raft.grpc.server.port = 46508 (custom)
2019-09-24 16:04:33,874 INFO  storage.RaftStorageDirectory (RaftStorageDirectory.java:analyzeStorage(246)) - The storage directory /workdir/ratis-test/target/test/data/ca4e50c/MiniRaftClusterWithGrpce6429fb3/s2/ce2a2cc3-8165-4fd2-9de9-43fa43fb2883 does not exist. Creating ...
2019-09-24 16:04:33,874 INFO  server.GrpcService (ConfUtils.java:logGet(43)) - raft.grpc.message.size.max = 64MB (=67108864) (default)
2019-09-24 16:04:33,874 INFO  server.RaftServerConfigKeys (ConfUtils.java:logGet(43)) - raft.server.log.appender.buffer.byte-limit = 4MB (=4194304) (default)
2019-09-24 16:04:33,874 TRACE util.FileUtils (LogUtils.java:runAndLog(61)) - Successfully ran Files.createDirectories /workdir/ratis-test/target/test/data/ca4e50c/MiniRaftClusterWithGrpce6429fb3/s2/ce2a2cc3-8165-4fd2-9de9-43fa43fb2883
2019-09-24 16:04:33,874 INFO  server.GrpcService (ConfUtils.java:logGet(43)) - raft.grpc.flow.control.window = 1MB (=1048576) (default)
2019-09-24 16:04:33,875 INFO  server.RaftServerConfigKeys (ConfUtils.java:logGet(43)) - raft.server.rpc.request.timeout = 3000ms (default)
2019-09-24 16:04:33,876 INFO  server.RaftServerConfigKeys (ConfUtils.java:logGet(43)) - raft.server.storage.dir = [/workdir/ratis-test/target/test/data/ca4e50c/MiniRaftClusterWithGrpce6429fb3/s3] (custom)
2019-09-24 16:04:33,876 INFO  impl.RaftServerProxy (RaftServerProxy.java:addNew(89)) - s3: addNew group-43FA43FB2883:[] returns group-43FA43FB2883:java.util.concurrent.CompletableFuture@358511ea[Not completed]
2019-09-24 16:04:33,876 INFO  impl.RaftServerImpl (RaftServerImpl.java:<init>(95)) - s3: new RaftServerImpl for group-43FA43FB2883:[] with BaseStateMachine:uninitialized
2019-09-24 16:04:33,876 INFO  ratis.MiniRaftCluster (MiniRaftCluster.java:newRaftServer(330)) - newRaftServer: s4, group-43FA43FB2883:[], format? true
2019-09-24 16:04:33,877 INFO  server.RaftServerConfigKeys (ConfUtils.java:logGet(43)) - raft.server.rpc.timeout.min = 150ms (default)
2019-09-24 16:04:33,877 TRACE util.FileUtils (FileUtils.java:deleteFully(88)) - deleteFully target/test/data/ca4e50c/MiniRaftClusterWithGrpce6429fb3/s4
2019-09-24 16:04:33,877 INFO  server.RaftServerConfigKeys (ConfUtils.java:logGet(43)) - raft.server.rpc.timeout.max = 300ms (default)
2019-09-24 16:04:33,878 TRACE util.FileUtils (FileUtils.java:deleteFully(104)) - deleteFully: target/test/data/ca4e50c/MiniRaftClusterWithGrpce6429fb3/s4 does not exist.
2019-09-24 16:04:33,878 INFO  ratis.MiniRaftCluster (MiniRaftCluster.java:newRaftServer(335)) - Formatted directory target/test/data/ca4e50c/MiniRaftClusterWithGrpce6429fb3/s4
2019-09-24 16:04:33,878 INFO  server.RaftServerConfigKeys (ConfUtils.java:logGet(43)) - raft.server.rpcslowness.timeout = 60s (default)
2019-09-24 16:04:33,878 INFO  server.RaftServerConfigKeys (ConfUtils.java:logGet(43)) - raft.server.sleep.deviation.threshold = 300 (default)
2019-09-24 16:04:33,878 DEBUG impl.RaftServerProxy (ServerImplUtils.java:newRaftServer(39)) - newRaftServer: s4, group-43FA43FB2883:[]
2019-09-24 16:04:33,878 INFO  server.RaftServerConfigKeys (ConfUtils.java:logGet(43)) - raft.server.log.appender.install.snapshot.enabled = true (default)
2019-09-24 16:04:33,879 INFO  impl.RaftServerProxy (ConfUtils.java:logGet(43)) - raft.rpc.type = GRPC (default)
2019-09-24 16:04:33,879 INFO  impl.RaftServerImpl (ServerState.java:<init>(103)) - s3@group-43FA43FB2883: ConfigurationManager, init=-1: [], old=null, confs=<EMPTY_MAP>
2019-09-24 16:04:33,879 INFO  grpc.GrpcFactory (GrpcFactory.java:checkPooledByteBufAllocatorUseCacheForAllThreads(45)) - PERFORMANCE WARNING: useCacheForAllThreads is true that may cause Netty to create a lot garbage objects and, as a result, trigger GC.
	It is recommended to disable useCacheForAllThreads by setting -Dorg.apache.ratis.thirdparty.io.netty.allocator.useCacheForAllThreads=false in command line.
2019-09-24 16:04:33,879 INFO  server.RaftServerConfigKeys (ConfUtils.java:logGet(43)) - raft.server.storage.dir = [/workdir/ratis-test/target/test/data/ca4e50c/MiniRaftClusterWithGrpce6429fb3/s3] (custom)
2019-09-24 16:04:33,879 INFO  grpc.GrpcConfigKeys$Server (ConfUtils.java:logGet(43)) - raft.grpc.server.port = 36525 (custom)
2019-09-24 16:04:33,880 INFO  server.RaftServerConfigKeys (ConfUtils.java:logGet(43)) - raft.server.log.corruption.policy = EXCEPTION (default)
2019-09-24 16:04:33,880 INFO  server.GrpcService (ConfUtils.java:logGet(43)) - raft.grpc.message.size.max = 64MB (=67108864) (default)
2019-09-24 16:04:33,880 INFO  storage.RaftStorageDirectory (RaftStorageDirectory.java:analyzeStorage(246)) - The storage directory /workdir/ratis-test/target/test/data/ca4e50c/MiniRaftClusterWithGrpce6429fb3/s3/ce2a2cc3-8165-4fd2-9de9-43fa43fb2883 does not exist. Creating ...
2019-09-24 16:04:33,880 INFO  server.RaftServerConfigKeys (ConfUtils.java:logGet(43)) - raft.server.log.appender.buffer.byte-limit = 4MB (=4194304) (default)
2019-09-24 16:04:33,881 INFO  server.GrpcService (ConfUtils.java:logGet(43)) - raft.grpc.flow.control.window = 1MB (=1048576) (default)
2019-09-24 16:04:33,881 INFO  server.RaftServerConfigKeys (ConfUtils.java:logGet(43)) - raft.server.rpc.request.timeout = 3000ms (default)
2019-09-24 16:04:33,881 TRACE util.FileUtils (LogUtils.java:runAndLog(61)) - Successfully ran Files.createDirectories /workdir/ratis-test/target/test/data/ca4e50c/MiniRaftClusterWithGrpce6429fb3/s3/ce2a2cc3-8165-4fd2-9de9-43fa43fb2883
2019-09-24 16:04:33,881 INFO  server.RaftServerConfigKeys (ConfUtils.java:logGet(43)) - raft.server.storage.dir = [/workdir/ratis-test/target/test/data/ca4e50c/MiniRaftClusterWithGrpce6429fb3/s4] (custom)
2019-09-24 16:04:33,882 INFO  impl.RaftServerProxy (RaftServerProxy.java:addNew(89)) - s4: addNew group-43FA43FB2883:[] returns group-43FA43FB2883:java.util.concurrent.CompletableFuture@622b27d0[Not completed]
2019-09-24 16:04:33,928 INFO  impl.RaftServerImpl (RaftServerImpl.java:<init>(95)) - s4: new RaftServerImpl for group-43FA43FB2883:[] with BaseStateMachine:uninitialized
2019-09-24 16:04:33,930 WARN  server.GrpcLogAppender (GrpcLogAppender.java:timeoutAppendRequest(200)) - s0@group-CBB7D3FE7667->s2-GrpcLogAppender: appendEntries Timeout, request=s0->s2#5-t1, previous=(t:1, i:0), leaderCommit=-1, initializing? false, entries: <empty>
2019-09-24 16:04:33,930 INFO  ratis.MiniRaftCluster (MiniRaftCluster.java:newRaftServer(330)) - newRaftServer: s5, group-43FA43FB2883:[], format? true
2019-09-24 16:04:33,931 TRACE util.FileUtils (FileUtils.java:deleteFully(88)) - deleteFully target/test/data/ca4e50c/MiniRaftClusterWithGrpce6429fb3/s5
2019-09-24 16:04:33,929 WARN  server.GrpcLogAppender (GrpcLogAppender.java:timeoutAppendRequest(200)) - s0@group-CBB7D3FE7667->s1-GrpcLogAppender: appendEntries Timeout, request=s0->s1#5-t1, previous=(t:1, i:0), leaderCommit=-1, initializing? false, entries: <empty>
2019-09-24 16:04:33,931 TRACE util.FileUtils (FileUtils.java:deleteFully(104)) - deleteFully: target/test/data/ca4e50c/MiniRaftClusterWithGrpce6429fb3/s5 does not exist.
2019-09-24 16:04:33,932 INFO  ratis.MiniRaftCluster (MiniRaftCluster.java:newRaftServer(335)) - Formatted directory target/test/data/ca4e50c/MiniRaftClusterWithGrpce6429fb3/s5
2019-09-24 16:04:33,930 INFO  server.RaftServerConfigKeys (ConfUtils.java:logGet(43)) - raft.server.rpc.timeout.min = 150ms (default)
2019-09-24 16:04:33,932 INFO  server.RaftServerConfigKeys (ConfUtils.java:logGet(43)) - raft.server.rpc.timeout.max = 300ms (default)
2019-09-24 16:04:33,932 INFO  server.RaftServerConfigKeys (ConfUtils.java:logGet(43)) - raft.server.rpcslowness.timeout = 60s (default)
2019-09-24 16:04:33,932 DEBUG impl.RaftServerProxy (ServerImplUtils.java:newRaftServer(39)) - newRaftServer: s5, group-43FA43FB2883:[]
2019-09-24 16:04:33,932 INFO  server.RaftServerConfigKeys (ConfUtils.java:logGet(43)) - raft.server.sleep.deviation.threshold = 300 (default)
2019-09-24 16:04:33,933 INFO  impl.RaftServerProxy (ConfUtils.java:logGet(43)) - raft.rpc.type = GRPC (default)
2019-09-24 16:04:33,933 INFO  server.RaftServerConfigKeys (ConfUtils.java:logGet(43)) - raft.server.log.appender.install.snapshot.enabled = true (default)
2019-09-24 16:04:33,933 INFO  grpc.GrpcFactory (GrpcFactory.java:checkPooledByteBufAllocatorUseCacheForAllThreads(45)) - PERFORMANCE WARNING: useCacheForAllThreads is true that may cause Netty to create a lot garbage objects and, as a result, trigger GC.
	It is recommended to disable useCacheForAllThreads by setting -Dorg.apache.ratis.thirdparty.io.netty.allocator.useCacheForAllThreads=false in command line.
2019-09-24 16:04:33,933 INFO  impl.RaftServerImpl (ServerState.java:<init>(103)) - s4@group-43FA43FB2883: ConfigurationManager, init=-1: [], old=null, confs=<EMPTY_MAP>
2019-09-24 16:04:33,933 INFO  grpc.GrpcConfigKeys$Server (ConfUtils.java:logGet(43)) - raft.grpc.server.port = 38550 (custom)
2019-09-24 16:04:33,933 INFO  server.RaftServerConfigKeys (ConfUtils.java:logGet(43)) - raft.server.storage.dir = [/workdir/ratis-test/target/test/data/ca4e50c/MiniRaftClusterWithGrpce6429fb3/s4] (custom)
2019-09-24 16:04:33,934 INFO  server.GrpcService (ConfUtils.java:logGet(43)) - raft.grpc.message.size.max = 64MB (=67108864) (default)
2019-09-24 16:04:33,934 INFO  server.RaftServerConfigKeys (ConfUtils.java:logGet(43)) - raft.server.log.corruption.policy = EXCEPTION (default)
2019-09-24 16:04:33,934 INFO  server.RaftServerConfigKeys (ConfUtils.java:logGet(43)) - raft.server.log.appender.buffer.byte-limit = 4MB (=4194304) (default)
2019-09-24 16:04:33,934 INFO  storage.RaftStorageDirectory (RaftStorageDirectory.java:analyzeStorage(246)) - The storage directory /workdir/ratis-test/target/test/data/ca4e50c/MiniRaftClusterWithGrpce6429fb3/s4/ce2a2cc3-8165-4fd2-9de9-43fa43fb2883 does not exist. Creating ...
2019-09-24 16:04:33,934 INFO  server.GrpcService (ConfUtils.java:logGet(43)) - raft.grpc.flow.control.window = 1MB (=1048576) (default)
2019-09-24 16:04:33,935 INFO  server.RaftServerConfigKeys (ConfUtils.java:logGet(43)) - raft.server.rpc.request.timeout = 3000ms (default)
2019-09-24 16:04:33,935 TRACE util.FileUtils (LogUtils.java:runAndLog(61)) - Successfully ran Files.createDirectories /workdir/ratis-test/target/test/data/ca4e50c/MiniRaftClusterWithGrpce6429fb3/s4/ce2a2cc3-8165-4fd2-9de9-43fa43fb2883
2019-09-24 16:04:33,935 INFO  server.RaftServerConfigKeys (ConfUtils.java:logGet(43)) - raft.server.storage.dir = [/workdir/ratis-test/target/test/data/ca4e50c/MiniRaftClusterWithGrpce6429fb3/s5] (custom)
2019-09-24 16:04:33,936 INFO  impl.RaftServerProxy (RaftServerProxy.java:addNew(89)) - s5: addNew group-43FA43FB2883:[] returns group-43FA43FB2883:java.util.concurrent.CompletableFuture@ee6ce2[Not completed]
2019-09-24 16:04:33,936 INFO  impl.RaftServerImpl (RaftServerImpl.java:<init>(95)) - s5: new RaftServerImpl for group-43FA43FB2883:[] with BaseStateMachine:uninitialized
2019-09-24 16:04:33,936 INFO  ratis.MiniRaftCluster (MiniRaftCluster.java:newRaftServer(330)) - newRaftServer: s6, group-43FA43FB2883:[], format? true
2019-09-24 16:04:33,937 INFO  server.RaftServerConfigKeys (ConfUtils.java:logGet(43)) - raft.server.rpc.timeout.min = 150ms (default)
2019-09-24 16:04:33,937 TRACE util.FileUtils (FileUtils.java:deleteFully(88)) - deleteFully target/test/data/ca4e50c/MiniRaftClusterWithGrpce6429fb3/s6
2019-09-24 16:04:33,937 INFO  server.RaftServerConfigKeys (ConfUtils.java:logGet(43)) - raft.server.rpc.timeout.max = 300ms (default)
2019-09-24 16:04:33,938 TRACE util.FileUtils (FileUtils.java:deleteFully(104)) - deleteFully: target/test/data/ca4e50c/MiniRaftClusterWithGrpce6429fb3/s6 does not exist.
2019-09-24 16:04:33,938 INFO  server.RaftServerConfigKeys (ConfUtils.java:logGet(43)) - raft.server.rpcslowness.timeout = 60s (default)
2019-09-24 16:04:33,938 INFO  ratis.MiniRaftCluster (MiniRaftCluster.java:newRaftServer(335)) - Formatted directory target/test/data/ca4e50c/MiniRaftClusterWithGrpce6429fb3/s6
2019-09-24 16:04:33,938 INFO  server.RaftServerConfigKeys (ConfUtils.java:logGet(43)) - raft.server.sleep.deviation.threshold = 300 (default)
2019-09-24 16:04:33,938 INFO  server.RaftServerConfigKeys (ConfUtils.java:logGet(43)) - raft.server.log.appender.install.snapshot.enabled = true (default)
2019-09-24 16:04:33,938 DEBUG impl.RaftServerProxy (ServerImplUtils.java:newRaftServer(39)) - newRaftServer: s6, group-43FA43FB2883:[]
2019-09-24 16:04:33,938 INFO  impl.RaftServerImpl (ServerState.java:<init>(103)) - s5@group-43FA43FB2883: ConfigurationManager, init=-1: [], old=null, confs=<EMPTY_MAP>
2019-09-24 16:04:33,939 INFO  impl.RaftServerProxy (ConfUtils.java:logGet(43)) - raft.rpc.type = GRPC (default)
2019-09-24 16:04:33,939 INFO  server.RaftServerConfigKeys (ConfUtils.java:logGet(43)) - raft.server.storage.dir = [/workdir/ratis-test/target/test/data/ca4e50c/MiniRaftClusterWithGrpce6429fb3/s5] (custom)
2019-09-24 16:04:33,939 INFO  grpc.GrpcFactory (GrpcFactory.java:checkPooledByteBufAllocatorUseCacheForAllThreads(45)) - PERFORMANCE WARNING: useCacheForAllThreads is true that may cause Netty to create a lot garbage objects and, as a result, trigger GC.
	It is recommended to disable useCacheForAllThreads by setting -Dorg.apache.ratis.thirdparty.io.netty.allocator.useCacheForAllThreads=false in command line.
2019-09-24 16:04:33,939 INFO  server.RaftServerConfigKeys (ConfUtils.java:logGet(43)) - raft.server.log.corruption.policy = EXCEPTION (default)
2019-09-24 16:04:33,939 INFO  grpc.GrpcConfigKeys$Server (ConfUtils.java:logGet(43)) - raft.grpc.server.port = 41216 (custom)
2019-09-24 16:04:33,940 INFO  storage.RaftStorageDirectory (RaftStorageDirectory.java:analyzeStorage(246)) - The storage directory /workdir/ratis-test/target/test/data/ca4e50c/MiniRaftClusterWithGrpce6429fb3/s5/ce2a2cc3-8165-4fd2-9de9-43fa43fb2883 does not exist. Creating ...
2019-09-24 16:04:33,940 INFO  server.GrpcService (ConfUtils.java:logGet(43)) - raft.grpc.message.size.max = 64MB (=67108864) (default)
2019-09-24 16:04:33,940 INFO  server.RaftServerConfigKeys (ConfUtils.java:logGet(43)) - raft.server.log.appender.buffer.byte-limit = 4MB (=4194304) (default)
2019-09-24 16:04:33,940 INFO  server.GrpcService (ConfUtils.java:logGet(43)) - raft.grpc.flow.control.window = 1MB (=1048576) (default)
2019-09-24 16:04:33,940 TRACE util.FileUtils (LogUtils.java:runAndLog(61)) - Successfully ran Files.createDirectories /workdir/ratis-test/target/test/data/ca4e50c/MiniRaftClusterWithGrpce6429fb3/s5/ce2a2cc3-8165-4fd2-9de9-43fa43fb2883
2019-09-24 16:04:33,941 INFO  server.RaftServerConfigKeys (ConfUtils.java:logGet(43)) - raft.server.rpc.request.timeout = 3000ms (default)
2019-09-24 16:04:33,941 INFO  server.RaftServerConfigKeys (ConfUtils.java:logGet(43)) - raft.server.storage.dir = [/workdir/ratis-test/target/test/data/ca4e50c/MiniRaftClusterWithGrpce6429fb3/s6] (custom)
2019-09-24 16:04:33,942 INFO  impl.RaftServerProxy (RaftServerProxy.java:addNew(89)) - s6: addNew group-43FA43FB2883:[] returns group-43FA43FB2883:java.util.concurrent.CompletableFuture@69643293[Not completed]
2019-09-24 16:04:33,942 INFO  impl.RaftServerImpl (RaftServerImpl.java:<init>(95)) - s6: new RaftServerImpl for group-43FA43FB2883:[] with BaseStateMachine:uninitialized
2019-09-24 16:04:33,943 INFO  server.RaftServerConfigKeys (ConfUtils.java:logGet(43)) - raft.server.rpc.timeout.min = 150ms (default)
2019-09-24 16:04:33,943 INFO  impl.GroupManagementBaseTest (GroupManagementBaseTest.java:runMultiGroupTest(149)) - putNewServer: printing ALL groups
  s3:      NEW group-43FA43FB2883:java.util.concurrent.CompletableFuture@358511ea[Not completed]
  s4:      NEW group-43FA43FB2883:java.util.concurrent.CompletableFuture@622b27d0[Not completed]
  s5:      NEW group-43FA43FB2883:java.util.concurrent.CompletableFuture@ee6ce2[Not completed]
  s6:      NEW group-43FA43FB2883:java.util.concurrent.CompletableFuture@69643293[Not completed]
  s0:      NEW group-43FA43FB2883:java.util.concurrent.CompletableFuture@4015e40b[Not completed]
  s1:      NEW group-43FA43FB2883:java.util.concurrent.CompletableFuture@4fe09b0f[Not completed]
  s2:      NEW group-43FA43FB2883:java.util.concurrent.CompletableFuture@1f97ce3a[Not completed]
2019-09-24 16:04:33,943 INFO  server.RaftServerConfigKeys (ConfUtils.java:logGet(43)) - raft.server.rpc.timeout.max = 300ms (default)
2019-09-24 16:04:33,943 INFO  server.RaftServerConfigKeys (ConfUtils.java:logGet(43)) - raft.server.rpcslowness.timeout = 60s (default)
2019-09-24 16:04:33,943 INFO  server.RaftServerConfigKeys (ConfUtils.java:logGet(43)) - raft.server.sleep.deviation.threshold = 300 (default)
2019-09-24 16:04:33,943 INFO  server.RaftServerConfigKeys (ConfUtils.java:logGet(43)) - raft.server.log.appender.install.snapshot.enabled = true (default)
2019-09-24 16:04:33,944 INFO  impl.RaftServerImpl (ServerState.java:<init>(103)) - s6@group-43FA43FB2883: ConfigurationManager, init=-1: [], old=null, confs=<EMPTY_MAP>
2019-09-24 16:04:33,944 INFO  server.RaftServerConfigKeys (ConfUtils.java:logGet(43)) - raft.server.storage.dir = [/workdir/ratis-test/target/test/data/ca4e50c/MiniRaftClusterWithGrpce6429fb3/s6] (custom)
2019-09-24 16:04:33,944 INFO  server.RaftServerConfigKeys (ConfUtils.java:logGet(43)) - raft.server.log.corruption.policy = EXCEPTION (default)
2019-09-24 16:04:33,944 INFO  storage.RaftStorageDirectory (RaftStorageDirectory.java:analyzeStorage(246)) - The storage directory /workdir/ratis-test/target/test/data/ca4e50c/MiniRaftClusterWithGrpce6429fb3/s6/ce2a2cc3-8165-4fd2-9de9-43fa43fb2883 does not exist. Creating ...
2019-09-24 16:04:33,945 TRACE util.FileUtils (LogUtils.java:runAndLog(61)) - Successfully ran Files.createDirectories /workdir/ratis-test/target/test/data/ca4e50c/MiniRaftClusterWithGrpce6429fb3/s6/ce2a2cc3-8165-4fd2-9de9-43fa43fb2883
2019-09-24 16:04:33,964 WARN  server.GrpcLogAppender (GrpcLogAppender.java:timeoutAppendRequest(200)) - s0@group-CBB7D3FE7667->s2-GrpcLogAppender: appendEntries Timeout, request=s0->s2#6-t1, previous=(t:1, i:0), leaderCommit=-1, initializing? false, entries: <empty>
2019-09-24 16:04:33,965 WARN  server.GrpcLogAppender (GrpcLogAppender.java:timeoutAppendRequest(200)) - s0@group-CBB7D3FE7667->s1-GrpcLogAppender: appendEntries Timeout, request=s0->s1#6-t1, previous=(t:1, i:0), leaderCommit=-1, initializing? false, entries: <empty>
2019-09-24 16:04:34,040 WARN  server.GrpcLogAppender (GrpcLogAppender.java:timeoutAppendRequest(200)) - s0@group-CBB7D3FE7667->s1-GrpcLogAppender: appendEntries Timeout, request=s0->s1#7-t1, previous=(t:1, i:0), leaderCommit=-1, initializing? false, entries: <empty>
2019-09-24 16:04:34,040 WARN  server.GrpcLogAppender (GrpcLogAppender.java:timeoutAppendRequest(200)) - s0@group-CBB7D3FE7667->s2-GrpcLogAppender: appendEntries Timeout, request=s0->s2#7-t1, previous=(t:1, i:0), leaderCommit=-1, initializing? false, entries: <empty>
2019-09-24 16:04:34,116 WARN  server.GrpcLogAppender (GrpcLogAppender.java:timeoutAppendRequest(200)) - s0@group-CBB7D3FE7667->s2-GrpcLogAppender: appendEntries Timeout, request=s0->s2#8-t1, previous=(t:1, i:0), leaderCommit=-1, initializing? false, entries: <empty>
2019-09-24 16:04:34,116 WARN  server.GrpcLogAppender (GrpcLogAppender.java:timeoutAppendRequest(200)) - s0@group-CBB7D3FE7667->s1-GrpcLogAppender: appendEntries Timeout, request=s0->s1#8-t1, previous=(t:1, i:0), leaderCommit=-1, initializing? false, entries: <empty>
2019-09-24 16:04:34,191 WARN  server.GrpcLogAppender (GrpcLogAppender.java:timeoutAppendRequest(200)) - s0@group-CBB7D3FE7667->s2-GrpcLogAppender: appendEntries Timeout, request=s0->s2#9-t1, previous=(t:1, i:0), leaderCommit=-1, initializing? false, entries: <empty>
2019-09-24 16:04:34,191 WARN  server.GrpcLogAppender (GrpcLogAppender.java:timeoutAppendRequest(200)) - s0@group-CBB7D3FE7667->s1-GrpcLogAppender: appendEntries Timeout, request=s0->s1#9-t1, previous=(t:1, i:0), leaderCommit=-1, initializing? false, entries: <empty>
2019-09-24 16:04:34,267 WARN  server.GrpcLogAppender (GrpcLogAppender.java:timeoutAppendRequest(200)) - s0@group-CBB7D3FE7667->s2-GrpcLogAppender: appendEntries Timeout, request=s0->s2#10-t1, previous=(t:1, i:0), leaderCommit=-1, initializing? false, entries: <empty>
2019-09-24 16:04:34,267 WARN  server.GrpcLogAppender (GrpcLogAppender.java:timeoutAppendRequest(200)) - s0@group-CBB7D3FE7667->s1-GrpcLogAppender: appendEntries Timeout, request=s0->s1#10-t1, previous=(t:1, i:0), leaderCommit=-1, initializing? false, entries: <empty>
2019-09-24 16:04:34,343 WARN  server.GrpcLogAppender (GrpcLogAppender.java:timeoutAppendRequest(200)) - s0@group-CBB7D3FE7667->s2-GrpcLogAppender: appendEntries Timeout, request=s0->s2#11-t1, previous=(t:1, i:0), leaderCommit=-1, initializing? false, entries: <empty>
2019-09-24 16:04:34,343 WARN  server.GrpcLogAppender (GrpcLogAppender.java:timeoutAppendRequest(200)) - s0@group-CBB7D3FE7667->s1-GrpcLogAppender: appendEntries Timeout, request=s0->s1#11-t1, previous=(t:1, i:0), leaderCommit=-1, initializing? false, entries: <empty>
2019-09-24 16:04:34,418 WARN  server.GrpcLogAppender (GrpcLogAppender.java:timeoutAppendRequest(200)) - s0@group-CBB7D3FE7667->s2-GrpcLogAppender: appendEntries Timeout, request=s0->s2#12-t1, previous=(t:1, i:0), leaderCommit=-1, initializing? false, entries: <empty>
2019-09-24 16:04:34,419 WARN  server.GrpcLogAppender (GrpcLogAppender.java:timeoutAppendRequest(200)) - s0@group-CBB7D3FE7667->s1-GrpcLogAppender: appendEntries Timeout, request=s0->s1#12-t1, previous=(t:1, i:0), leaderCommit=-1, initializing? false, entries: <empty>
2019-09-24 16:04:34,494 WARN  server.GrpcLogAppender (GrpcLogAppender.java:timeoutAppendRequest(200)) - s0@group-CBB7D3FE7667->s2-GrpcLogAppender: appendEntries Timeout, request=s0->s2#13-t1, previous=(t:1, i:0), leaderCommit=-1, initializing? false, entries: <empty>
2019-09-24 16:04:34,494 WARN  server.GrpcLogAppender (GrpcLogAppender.java:timeoutAppendRequest(200)) - s0@group-CBB7D3FE7667->s1-GrpcLogAppender: appendEntries Timeout, request=s0->s1#13-t1, previous=(t:1, i:0), leaderCommit=-1, initializing? false, entries: <empty>
2019-09-24 16:04:34,570 WARN  server.GrpcLogAppender (GrpcLogAppender.java:timeoutAppendRequest(200)) - s0@group-CBB7D3FE7667->s2-GrpcLogAppender: appendEntries Timeout, request=s0->s2#14-t1, previous=(t:1, i:0), leaderCommit=-1, initializing? false, entries: <empty>
2019-09-24 16:04:34,570 WARN  server.GrpcLogAppender (GrpcLogAppender.java:timeoutAppendRequest(200)) - s0@group-CBB7D3FE7667->s1-GrpcLogAppender: appendEntries Timeout, request=s0->s1#14-t1, previous=(t:1, i:0), leaderCommit=-1, initializing? false, entries: <empty>
2019-09-24 16:04:34,645 WARN  server.GrpcLogAppender (GrpcLogAppender.java:timeoutAppendRequest(200)) - s0@group-CBB7D3FE7667->s1-GrpcLogAppender: appendEntries Timeout, request=s0->s1#15-t1, previous=(t:1, i:0), leaderCommit=-1, initializing? false, entries: <empty>
2019-09-24 16:04:34,645 WARN  server.GrpcLogAppender (GrpcLogAppender.java:timeoutAppendRequest(200)) - s0@group-CBB7D3FE7667->s2-GrpcLogAppender: appendEntries Timeout, request=s0->s2#15-t1, previous=(t:1, i:0), leaderCommit=-1, initializing? false, entries: <empty>
2019-09-24 16:04:34,721 WARN  server.GrpcLogAppender (GrpcLogAppender.java:timeoutAppendRequest(200)) - s0@group-CBB7D3FE7667->s1-GrpcLogAppender: appendEntries Timeout, request=s0->s1#16-t1, previous=(t:1, i:0), leaderCommit=-1, initializing? false, entries: <empty>
2019-09-24 16:04:34,721 WARN  server.GrpcLogAppender (GrpcLogAppender.java:timeoutAppendRequest(200)) - s0@group-CBB7D3FE7667->s2-GrpcLogAppender: appendEntries Timeout, request=s0->s2#16-t1, previous=(t:1, i:0), leaderCommit=-1, initializing? false, entries: <empty>
2019-09-24 16:04:34,797 WARN  server.GrpcLogAppender (GrpcLogAppender.java:timeoutAppendRequest(200)) - s0@group-CBB7D3FE7667->s1-GrpcLogAppender: appendEntries Timeout, request=s0->s1#17-t1, previous=(t:1, i:0), leaderCommit=-1, initializing? false, entries: <empty>
2019-09-24 16:04:34,797 WARN  server.GrpcLogAppender (GrpcLogAppender.java:timeoutAppendRequest(200)) - s0@group-CBB7D3FE7667->s2-GrpcLogAppender: appendEntries Timeout, request=s0->s2#17-t1, previous=(t:1, i:0), leaderCommit=-1, initializing? false, entries: <empty>
2019-09-24 16:04:34,872 WARN  server.GrpcLogAppender (GrpcLogAppender.java:timeoutAppendRequest(200)) - s0@group-CBB7D3FE7667->s1-GrpcLogAppender: appendEntries Timeout, request=s0->s1#18-t1, previous=(t:1, i:0), leaderCommit=-1, initializing? false, entries: <empty>
2019-09-24 16:04:34,872 WARN  server.GrpcLogAppender (GrpcLogAppender.java:timeoutAppendRequest(200)) - s0@group-CBB7D3FE7667->s2-GrpcLogAppender: appendEntries Timeout, request=s0->s2#18-t1, previous=(t:1, i:0), leaderCommit=-1, initializing? false, entries: <empty>
2019-09-24 16:04:34,943 INFO  ratis.MiniRaftCluster (MiniRaftCluster.java:start(287)) - .............................................................. 
2019-09-24 16:04:34,943 INFO  ratis.MiniRaftCluster (MiniRaftCluster.java:start(288)) - ... 
2019-09-24 16:04:34,944 INFO  ratis.MiniRaftCluster (MiniRaftCluster.java:start(289)) - ...     Starting MiniRaftClusterWithGrpc
2019-09-24 16:04:34,944 INFO  ratis.MiniRaftCluster (MiniRaftCluster.java:start(290)) - ... 
2019-09-24 16:04:34,944 INFO  ratis.MiniRaftCluster (MiniRaftCluster.java:start(291)) - .............................................................. 
2019-09-24 16:04:34,944 INFO  ratis.MiniRaftCluster (MiniRaftCluster.java:initServers(265)) - servers = {s3=s3:      NEW group-43FA43FB2883:java.util.concurrent.CompletableFuture@358511ea[Not completed], s4=s4:      NEW group-43FA43FB2883:java.util.concurrent.CompletableFuture@622b27d0[Not completed], s5=s5:      NEW group-43FA43FB2883:java.util.concurrent.CompletableFuture@ee6ce2[Not completed], s6=s6:      NEW group-43FA43FB2883:java.util.concurrent.CompletableFuture@69643293[Not completed], s0=s0:      NEW group-43FA43FB2883:java.util.concurrent.CompletableFuture@4015e40b[Not completed], s1=s1:      NEW group-43FA43FB2883:java.util.concurrent.CompletableFuture@4fe09b0f[Not completed], s2=s2:      NEW group-43FA43FB2883:java.util.concurrent.CompletableFuture@1f97ce3a[Not completed]}
2019-09-24 16:04:34,948 WARN  server.GrpcLogAppender (GrpcLogAppender.java:timeoutAppendRequest(200)) - s0@group-CBB7D3FE7667->s1-GrpcLogAppender: appendEntries Timeout, request=s0->s1#19-t1, previous=(t:1, i:0), leaderCommit=-1, initializing? false, entries: <empty>
2019-09-24 16:04:34,948 WARN  server.GrpcLogAppender (GrpcLogAppender.java:timeoutAppendRequest(200)) - s0@group-CBB7D3FE7667->s2-GrpcLogAppender: appendEntries Timeout, request=s0->s2#19-t1, previous=(t:1, i:0), leaderCommit=-1, initializing? false, entries: <empty>
2019-09-24 16:04:35,024 WARN  server.GrpcLogAppender (GrpcLogAppender.java:timeoutAppendRequest(200)) - s0@group-CBB7D3FE7667->s2-GrpcLogAppender: appendEntries Timeout, request=s0->s2#20-t1, previous=(t:1, i:0), leaderCommit=-1, initializing? false, entries: <empty>
2019-09-24 16:04:35,024 WARN  server.GrpcLogAppender (GrpcLogAppender.java:timeoutAppendRequest(200)) - s0@group-CBB7D3FE7667->s1-GrpcLogAppender: appendEntries Timeout, request=s0->s1#20-t1, previous=(t:1, i:0), leaderCommit=-1, initializing? false, entries: <empty>
2019-09-24 16:04:35,100 WARN  server.GrpcLogAppender (GrpcLogAppender.java:timeoutAppendRequest(200)) - s0@group-CBB7D3FE7667->s1-GrpcLogAppender: appendEntries Timeout, request=s0->s1#21-t1, previous=(t:1, i:0), leaderCommit=-1, initializing? false, entries: <empty>
2019-09-24 16:04:35,100 WARN  server.GrpcLogAppender (GrpcLogAppender.java:timeoutAppendRequest(200)) - s0@group-CBB7D3FE7667->s2-GrpcLogAppender: appendEntries Timeout, request=s0->s2#21-t1, previous=(t:1, i:0), leaderCommit=-1, initializing? false, entries: <empty>
2019-09-24 16:04:35,176 WARN  server.GrpcLogAppender (GrpcLogAppender.java:timeoutAppendRequest(200)) - s0@group-CBB7D3FE7667->s2-GrpcLogAppender: appendEntries Timeout, request=s0->s2#22-t1, previous=(t:1, i:0), leaderCommit=-1, initializing? false, entries: <empty>
2019-09-24 16:04:35,176 WARN  server.GrpcLogAppender (GrpcLogAppender.java:timeoutAppendRequest(200)) - s0@group-CBB7D3FE7667->s1-GrpcLogAppender: appendEntries Timeout, request=s0->s1#22-t1, previous=(t:1, i:0), leaderCommit=-1, initializing? false, entries: <empty>
2019-09-24 16:04:35,251 WARN  server.GrpcLogAppender (GrpcLogAppender.java:timeoutAppendRequest(200)) - s0@group-CBB7D3FE7667->s2-GrpcLogAppender: appendEntries Timeout, request=s0->s2#23-t1, previous=(t:1, i:0), leaderCommit=-1, initializing? false, entries: <empty>
2019-09-24 16:04:35,251 WARN  server.GrpcLogAppender (GrpcLogAppender.java:timeoutAppendRequest(200)) - s0@group-CBB7D3FE7667->s1-GrpcLogAppender: appendEntries Timeout, request=s0->s1#23-t1, previous=(t:1, i:0), leaderCommit=-1, initializing? false, entries: <empty>
2019-09-24 16:04:35,327 WARN  server.GrpcLogAppender (GrpcLogAppender.java:timeoutAppendRequest(200)) - s0@group-CBB7D3FE7667->s2-GrpcLogAppender: appendEntries Timeout, request=s0->s2#24-t1, previous=(t:1, i:0), leaderCommit=-1, initializing? false, entries: <empty>
2019-09-24 16:04:35,327 WARN  server.GrpcLogAppender (GrpcLogAppender.java:timeoutAppendRequest(200)) - s0@group-CBB7D3FE7667->s1-GrpcLogAppender: appendEntries Timeout, request=s0->s1#24-t1, previous=(t:1, i:0), leaderCommit=-1, initializing? false, entries: <empty>
2019-09-24 16:04:35,402 WARN  server.GrpcLogAppender (GrpcLogAppender.java:timeoutAppendRequest(200)) - s0@group-CBB7D3FE7667->s1-GrpcLogAppender: appendEntries Timeout, request=s0->s1#25-t1, previous=(t:1, i:0), leaderCommit=-1, initializing? false, entries: <empty>
2019-09-24 16:04:35,402 WARN  server.GrpcLogAppender (GrpcLogAppender.java:timeoutAppendRequest(200)) - s0@group-CBB7D3FE7667->s2-GrpcLogAppender: appendEntries Timeout, request=s0->s2#25-t1, previous=(t:1, i:0), leaderCommit=-1, initializing? false, entries: <empty>
2019-09-24 16:04:35,478 WARN  server.GrpcLogAppender (GrpcLogAppender.java:timeoutAppendRequest(200)) - s0@group-CBB7D3FE7667->s2-GrpcLogAppender: appendEntries Timeout, request=s0->s2#26-t1, previous=(t:1, i:0), leaderCommit=-1, initializing? false, entries: <empty>
2019-09-24 16:04:35,478 WARN  server.GrpcLogAppender (GrpcLogAppender.java:timeoutAppendRequest(200)) - s0@group-CBB7D3FE7667->s1-GrpcLogAppender: appendEntries Timeout, request=s0->s1#26-t1, previous=(t:1, i:0), leaderCommit=-1, initializing? false, entries: <empty>
2019-09-24 16:04:35,554 WARN  server.GrpcLogAppender (GrpcLogAppender.java:timeoutAppendRequest(200)) - s0@group-CBB7D3FE7667->s1-GrpcLogAppender: appendEntries Timeout, request=s0->s1#27-t1, previous=(t:1, i:0), leaderCommit=-1, initializing? false, entries: <empty>
2019-09-24 16:04:35,554 WARN  server.GrpcLogAppender (GrpcLogAppender.java:timeoutAppendRequest(200)) - s0@group-CBB7D3FE7667->s2-GrpcLogAppender: appendEntries Timeout, request=s0->s2#27-t1, previous=(t:1, i:0), leaderCommit=-1, initializing? false, entries: <empty>
2019-09-24 16:04:35,629 WARN  server.GrpcLogAppender (GrpcLogAppender.java:timeoutAppendRequest(200)) - s0@group-CBB7D3FE7667->s2-GrpcLogAppender: appendEntries Timeout, request=s0->s2#28-t1, previous=(t:1, i:0), leaderCommit=-1, initializing? false, entries: <empty>
2019-09-24 16:04:35,629 WARN  server.GrpcLogAppender (GrpcLogAppender.java:timeoutAppendRequest(200)) - s0@group-CBB7D3FE7667->s1-GrpcLogAppender: appendEntries Timeout, request=s0->s1#28-t1, previous=(t:1, i:0), leaderCommit=-1, initializing? false, entries: <empty>
2019-09-24 16:04:35,705 WARN  server.GrpcLogAppender (GrpcLogAppender.java:timeoutAppendRequest(200)) - s0@group-CBB7D3FE7667->s2-GrpcLogAppender: appendEntries Timeout, request=s0->s2#29-t1, previous=(t:1, i:0), leaderCommit=-1, initializing? false, entries: <empty>
2019-09-24 16:04:35,705 WARN  server.GrpcLogAppender (GrpcLogAppender.java:timeoutAppendRequest(200)) - s0@group-CBB7D3FE7667->s1-GrpcLogAppender: appendEntries Timeout, request=s0->s1#29-t1, previous=(t:1, i:0), leaderCommit=-1, initializing? false, entries: <empty>
2019-09-24 16:04:35,756 INFO  storage.RaftStorageDirectory (RaftStorageDirectory.java:tryLock(328)) - Lock on /workdir/ratis-test/target/test/data/ca4e50c/MiniRaftClusterWithGrpcad38b086/s3/53138108-c031-4b37-8c3f-dff3253c5c19/in_use.lock acquired by nodename 2858@ratis-test-vphbd-3564017154
2019-09-24 16:04:35,757 INFO  segmented.SegmentedRaftLogWorker (SegmentedRaftLogWorker.java:execute(569)) - s2@group-CBB7D3FE7667-SegmentedRaftLogWorker: created new log segment /workdir/ratis-test/target/test/data/ca4e50c/MiniRaftClusterWithGrpcad38b086/s2/426cd502-3543-4153-8350-cbb7d3fe7667/current/log_inprogress_0
2019-09-24 16:04:35,757 INFO  segmented.SegmentedRaftLogWorker (SegmentedRaftLogWorker.java:execute(569)) - s0@group-CBB7D3FE7667-SegmentedRaftLogWorker: created new log segment /workdir/ratis-test/target/test/data/ca4e50c/MiniRaftClusterWithGrpcad38b086/s0/426cd502-3543-4153-8350-cbb7d3fe7667/current/log_inprogress_0
2019-09-24 16:04:35,757 INFO  segmented.SegmentedRaftLogWorker (SegmentedRaftLogWorker.java:execute(569)) - s1@group-CBB7D3FE7667-SegmentedRaftLogWorker: created new log segment /workdir/ratis-test/target/test/data/ca4e50c/MiniRaftClusterWithGrpcad38b086/s1/426cd502-3543-4153-8350-cbb7d3fe7667/current/log_inprogress_0
2019-09-24 16:04:35,758 TRACE util.FileUtils (LogUtils.java:runAndLog(61)) - Successfully ran Files.createDirectories /workdir/ratis-test/target/test/data/ca4e50c/MiniRaftClusterWithGrpcad38b086/s3/53138108-c031-4b37-8c3f-dff3253c5c19/current
2019-09-24 16:04:35,758 TRACE util.FileUtils (LogUtils.java:runAndLog(61)) - Successfully ran Files.createDirectories /workdir/ratis-test/target/test/data/ca4e50c/MiniRaftClusterWithGrpcad38b086/s3/53138108-c031-4b37-8c3f-dff3253c5c19/sm
2019-09-24 16:04:35,781 WARN  server.GrpcLogAppender (GrpcLogAppender.java:timeoutAppendRequest(200)) - s0@group-CBB7D3FE7667->s1-GrpcLogAppender: appendEntries Timeout, request=s0->s1#30-t1, previous=(t:1, i:0), leaderCommit=-1, initializing? false, entries: <empty>
2019-09-24 16:04:35,781 WARN  server.GrpcLogAppender (GrpcLogAppender.java:timeoutAppendRequest(200)) - s0@group-CBB7D3FE7667->s2-GrpcLogAppender: appendEntries Timeout, request=s0->s2#30-t1, previous=(t:1, i:0), leaderCommit=-1, initializing? false, entries: <empty>
2019-09-24 16:04:35,856 WARN  server.GrpcLogAppender (GrpcLogAppender.java:timeoutAppendRequest(200)) - s0@group-CBB7D3FE7667->s2-GrpcLogAppender: appendEntries Timeout, request=s0->s2#31-t1, previous=(t:1, i:0), leaderCommit=-1, initializing? false, entries: <empty>
2019-09-24 16:04:35,856 WARN  server.GrpcLogAppender (GrpcLogAppender.java:timeoutAppendRequest(200)) - s0@group-CBB7D3FE7667->s1-GrpcLogAppender: appendEntries Timeout, request=s0->s1#31-t1, previous=(t:1, i:0), leaderCommit=-1, initializing? false, entries: <empty>
2019-09-24 16:04:35,906 INFO  storage.RaftStorageDirectory (RaftStorageDirectory.java:tryLock(328)) - Lock on /workdir/ratis-test/target/test/data/ca4e50c/MiniRaftClusterWithGrpce6429fb3/s5/ce2a2cc3-8165-4fd2-9de9-43fa43fb2883/in_use.lock acquired by nodename 2858@ratis-test-vphbd-3564017154
2019-09-24 16:04:35,906 INFO  storage.RaftStorageDirectory (RaftStorageDirectory.java:tryLock(328)) - Lock on /workdir/ratis-test/target/test/data/ca4e50c/MiniRaftClusterWithGrpce6429fb3/s3/ce2a2cc3-8165-4fd2-9de9-43fa43fb2883/in_use.lock acquired by nodename 2858@ratis-test-vphbd-3564017154
2019-09-24 16:04:35,906 INFO  storage.RaftStorageDirectory (RaftStorageDirectory.java:tryLock(328)) - Lock on /workdir/ratis-test/target/test/data/ca4e50c/MiniRaftClusterWithGrpce6429fb3/s0/ce2a2cc3-8165-4fd2-9de9-43fa43fb2883/in_use.lock acquired by nodename 2858@ratis-test-vphbd-3564017154
2019-09-24 16:04:35,906 INFO  storage.RaftStorageDirectory (RaftStorageDirectory.java:tryLock(328)) - Lock on /workdir/ratis-test/target/test/data/ca4e50c/MiniRaftClusterWithGrpce6429fb3/s1/ce2a2cc3-8165-4fd2-9de9-43fa43fb2883/in_use.lock acquired by nodename 2858@ratis-test-vphbd-3564017154
2019-09-24 16:04:35,907 TRACE util.FileUtils (LogUtils.java:runAndLog(61)) - Successfully ran Files.createDirectories /workdir/ratis-test/target/test/data/ca4e50c/MiniRaftClusterWithGrpce6429fb3/s0/ce2a2cc3-8165-4fd2-9de9-43fa43fb2883/current
2019-09-24 16:04:35,906 INFO  storage.RaftStorageDirectory (RaftStorageDirectory.java:tryLock(328)) - Lock on /workdir/ratis-test/target/test/data/ca4e50c/MiniRaftClusterWithGrpce6429fb3/s6/ce2a2cc3-8165-4fd2-9de9-43fa43fb2883/in_use.lock acquired by nodename 2858@ratis-test-vphbd-3564017154
2019-09-24 16:04:35,907 TRACE util.FileUtils (LogUtils.java:runAndLog(61)) - Successfully ran Files.createDirectories /workdir/ratis-test/target/test/data/ca4e50c/MiniRaftClusterWithGrpce6429fb3/s0/ce2a2cc3-8165-4fd2-9de9-43fa43fb2883/sm
2019-09-24 16:04:35,908 INFO  storage.RaftStorage (RaftStorage.java:format(84)) - Storage directory /workdir/ratis-test/target/test/data/ca4e50c/MiniRaftClusterWithGrpcad38b086/s3/53138108-c031-4b37-8c3f-dff3253c5c19 has been successfully formatted.
2019-09-24 16:04:35,906 INFO  storage.RaftStorageDirectory (RaftStorageDirectory.java:tryLock(328)) - Lock on /workdir/ratis-test/target/test/data/ca4e50c/MiniRaftClusterWithGrpce6429fb3/s2/ce2a2cc3-8165-4fd2-9de9-43fa43fb2883/in_use.lock acquired by nodename 2858@ratis-test-vphbd-3564017154
2019-09-24 16:04:35,906 INFO  storage.RaftStorageDirectory (RaftStorageDirectory.java:tryLock(328)) - Lock on /workdir/ratis-test/target/test/data/ca4e50c/MiniRaftClusterWithGrpce6429fb3/s4/ce2a2cc3-8165-4fd2-9de9-43fa43fb2883/in_use.lock acquired by nodename 2858@ratis-test-vphbd-3564017154
2019-09-24 16:04:35,908 INFO  server.RaftServerConfigKeys (ConfUtils.java:logGet(43)) - raft.server.notification.no-leader.timeout = 60s (default)
2019-09-24 16:04:35,908 TRACE util.FileUtils (LogUtils.java:runAndLog(61)) - Successfully ran Files.createDirectories /workdir/ratis-test/target/test/data/ca4e50c/MiniRaftClusterWithGrpce6429fb3/s6/ce2a2cc3-8165-4fd2-9de9-43fa43fb2883/current
2019-09-24 16:04:35,907 TRACE util.FileUtils (LogUtils.java:runAndLog(61)) - Successfully ran Files.createDirectories /workdir/ratis-test/target/test/data/ca4e50c/MiniRaftClusterWithGrpce6429fb3/s1/ce2a2cc3-8165-4fd2-9de9-43fa43fb2883/current
2019-09-24 16:04:35,907 TRACE util.FileUtils (LogUtils.java:runAndLog(61)) - Successfully ran Files.createDirectories /workdir/ratis-test/target/test/data/ca4e50c/MiniRaftClusterWithGrpce6429fb3/s3/ce2a2cc3-8165-4fd2-9de9-43fa43fb2883/current
2019-09-24 16:04:35,907 TRACE util.FileUtils (LogUtils.java:runAndLog(61)) - Successfully ran Files.createDirectories /workdir/ratis-test/target/test/data/ca4e50c/MiniRaftClusterWithGrpce6429fb3/s5/ce2a2cc3-8165-4fd2-9de9-43fa43fb2883/current
2019-09-24 16:04:35,910 TRACE util.FileUtils (LogUtils.java:runAndLog(61)) - Successfully ran Files.createDirectories /workdir/ratis-test/target/test/data/ca4e50c/MiniRaftClusterWithGrpce6429fb3/s3/ce2a2cc3-8165-4fd2-9de9-43fa43fb2883/sm
2019-09-24 16:04:35,909 TRACE util.FileUtils (LogUtils.java:runAndLog(61)) - Successfully ran Files.createDirectories /workdir/ratis-test/target/test/data/ca4e50c/MiniRaftClusterWithGrpce6429fb3/s1/ce2a2cc3-8165-4fd2-9de9-43fa43fb2883/sm
2019-09-24 16:04:35,909 TRACE util.FileUtils (LogUtils.java:runAndLog(61)) - Successfully ran Files.createDirectories /workdir/ratis-test/target/test/data/ca4e50c/MiniRaftClusterWithGrpce6429fb3/s6/ce2a2cc3-8165-4fd2-9de9-43fa43fb2883/sm
2019-09-24 16:04:35,909 TRACE util.FileUtils (LogUtils.java:runAndLog(61)) - Successfully ran Files.createDirectories /workdir/ratis-test/target/test/data/ca4e50c/MiniRaftClusterWithGrpce6429fb3/s4/ce2a2cc3-8165-4fd2-9de9-43fa43fb2883/current
2019-09-24 16:04:35,909 INFO  server.RaftServerConfigKeys (ConfUtils.java:logGet(43)) - raft.server.log.use.memory = false (default)
2019-09-24 16:04:35,911 TRACE util.FileUtils (LogUtils.java:runAndLog(61)) - Successfully ran Files.createDirectories /workdir/ratis-test/target/test/data/ca4e50c/MiniRaftClusterWithGrpce6429fb3/s4/ce2a2cc3-8165-4fd2-9de9-43fa43fb2883/sm
2019-09-24 16:04:35,908 TRACE util.FileUtils (LogUtils.java:runAndLog(61)) - Successfully ran Files.createDirectories /workdir/ratis-test/target/test/data/ca4e50c/MiniRaftClusterWithGrpce6429fb3/s2/ce2a2cc3-8165-4fd2-9de9-43fa43fb2883/current
2019-09-24 16:04:35,911 INFO  server.RaftServerConfigKeys (ConfUtils.java:logGet(43)) - raft.server.log.purge.gap = 1024 (default)
2019-09-24 16:04:35,912 INFO  server.RaftServerConfigKeys (ConfUtils.java:logGet(43)) - raft.server.log.appender.buffer.byte-limit = 4MB (=4194304) (default)
2019-09-24 16:04:35,910 TRACE util.FileUtils (LogUtils.java:runAndLog(61)) - Successfully ran Files.createDirectories /workdir/ratis-test/target/test/data/ca4e50c/MiniRaftClusterWithGrpce6429fb3/s5/ce2a2cc3-8165-4fd2-9de9-43fa43fb2883/sm
2019-09-24 16:04:35,912 INFO  server.RaftServerConfigKeys (ConfUtils.java:logGet(43)) - raft.server.log.segment.size.max = 8MB (=8388608) (default)
2019-09-24 16:04:35,912 TRACE util.FileUtils (LogUtils.java:runAndLog(61)) - Successfully ran Files.createDirectories /workdir/ratis-test/target/test/data/ca4e50c/MiniRaftClusterWithGrpce6429fb3/s2/ce2a2cc3-8165-4fd2-9de9-43fa43fb2883/sm
2019-09-24 16:04:35,912 INFO  server.RaftServerConfigKeys (ConfUtils.java:logGet(43)) - raft.server.log.segment.cache.num.max = 6 (default)
2019-09-24 16:04:35,913 INFO  segmented.SegmentedRaftLogWorker (SegmentedRaftLogWorker.java:<init>(172)) - new s3@group-DFF3253C5C19-SegmentedRaftLogWorker for RaftStorage:Storage Directory /workdir/ratis-test/target/test/data/ca4e50c/MiniRaftClusterWithGrpcad38b086/s3/53138108-c031-4b37-8c3f-dff3253c5c19
2019-09-24 16:04:35,913 INFO  server.RaftServerConfigKeys (ConfUtils.java:logGet(43)) - raft.server.log.queue.byte-limit = 64MB (=67108864) (default)
2019-09-24 16:04:35,913 INFO  server.RaftServerConfigKeys (ConfUtils.java:logGet(43)) - raft.server.log.queue.element-limit = 4096 (default)
2019-09-24 16:04:35,913 INFO  server.RaftServerConfigKeys (ConfUtils.java:logGet(43)) - raft.server.log.segment.size.max = 8MB (=8388608) (default)
2019-09-24 16:04:35,914 INFO  server.RaftServerConfigKeys (ConfUtils.java:logGet(43)) - raft.server.log.preallocated.size = 4MB (=4194304) (default)
2019-09-24 16:04:35,914 INFO  server.RaftServerConfigKeys (ConfUtils.java:logGet(43)) - raft.server.log.write.buffer.size = 64KB (=65536) (default)
2019-09-24 16:04:35,914 INFO  server.RaftServerConfigKeys (ConfUtils.java:logGet(43)) - raft.server.log.force.sync.num = 128 (default)
2019-09-24 16:04:35,914 INFO  server.RaftServerConfigKeys (ConfUtils.java:logGet(43)) - raft.server.log.statemachine.data.sync = true (default)
2019-09-24 16:04:35,914 INFO  server.RaftServerConfigKeys (ConfUtils.java:logGet(43)) - raft.server.log.statemachine.data.sync.timeout = 10s (default)
2019-09-24 16:04:35,915 INFO  server.RaftServerConfigKeys (ConfUtils.java:logGet(43)) - raft.server.log.statemachine.data.sync.timeout.retry = -1 (default)
2019-09-24 16:04:35,915 INFO  server.RaftServerConfigKeys (ConfUtils.java:logGet(43)) - raft.server.log.statemachine.data.caching.enabled = false (default)
2019-09-24 16:04:35,916 INFO  segmented.SegmentedRaftLogWorker (SegmentedRaftLogWorker.java:lambda$new$0(132)) - s3@group-DFF3253C5C19-SegmentedRaftLogWorker: flushIndex: setUnconditionally 0 -> -1
2019-09-24 16:04:35,916 INFO  server.RaftServerConfigKeys (ConfUtils.java:logGet(43)) - raft.server.snapshot.auto.trigger.enabled = false (default)
2019-09-24 16:04:35,916 INFO  server.RaftServerConfigKeys (ConfUtils.java:logGet(43)) - raft.server.snapshot.retention.file.num = -1 (default)
2019-09-24 16:04:35,916 INFO  server.RaftServerConfigKeys (ConfUtils.java:logGet(43)) - raft.server.retrycache.expirytime = 60s (default)
2019-09-24 16:04:35,921 DEBUG impl.RaftServerProxy (RaftServerProxy.java:lambda$groupAddAsync$10(380)) - s3: newImpl =      null s3@group-DFF3253C5C19:t0, leader=null, voted=null, raftlog=s3@group-DFF3253C5C19-SegmentedRaftLog:OPENED:c-1,f-1,i0, conf=-1: [s3:0.0.0.0:40519], old=null NEW
2019-09-24 16:04:35,922 INFO  impl.RaftServerImpl (RaftServerImpl.java:start(181)) - s3@group-DFF3253C5C19: start as a follower, conf=-1: [s3:0.0.0.0:40519], old=null
2019-09-24 16:04:35,922 INFO  impl.RaftServerImpl (RaftServerImpl.java:setRole(170)) - s3@group-DFF3253C5C19: changes role from      null to FOLLOWER at term 0 for startAsFollower
2019-09-24 16:04:35,922 INFO  storage.RaftStorage (RaftStorage.java:format(84)) - Storage directory /workdir/ratis-test/target/test/data/ca4e50c/MiniRaftClusterWithGrpce6429fb3/s1/ce2a2cc3-8165-4fd2-9de9-43fa43fb2883 has been successfully formatted.
2019-09-24 16:04:35,922 INFO  storage.RaftStorage (RaftStorage.java:format(84)) - Storage directory /workdir/ratis-test/target/test/data/ca4e50c/MiniRaftClusterWithGrpce6429fb3/s3/ce2a2cc3-8165-4fd2-9de9-43fa43fb2883 has been successfully formatted.
2019-09-24 16:04:35,922 INFO  storage.RaftStorage (RaftStorage.java:format(84)) - Storage directory /workdir/ratis-test/target/test/data/ca4e50c/MiniRaftClusterWithGrpce6429fb3/s2/ce2a2cc3-8165-4fd2-9de9-43fa43fb2883 has been successfully formatted.
2019-09-24 16:04:35,922 INFO  storage.RaftStorage (RaftStorage.java:format(84)) - Storage directory /workdir/ratis-test/target/test/data/ca4e50c/MiniRaftClusterWithGrpce6429fb3/s5/ce2a2cc3-8165-4fd2-9de9-43fa43fb2883 has been successfully formatted.
2019-09-24 16:04:35,922 INFO  storage.RaftStorage (RaftStorage.java:format(84)) - Storage directory /workdir/ratis-test/target/test/data/ca4e50c/MiniRaftClusterWithGrpce6429fb3/s0/ce2a2cc3-8165-4fd2-9de9-43fa43fb2883 has been successfully formatted.
2019-09-24 16:04:35,922 INFO  storage.RaftStorage (RaftStorage.java:format(84)) - Storage directory /workdir/ratis-test/target/test/data/ca4e50c/MiniRaftClusterWithGrpce6429fb3/s6/ce2a2cc3-8165-4fd2-9de9-43fa43fb2883 has been successfully formatted.
2019-09-24 16:04:35,922 INFO  storage.RaftStorage (RaftStorage.java:format(84)) - Storage directory /workdir/ratis-test/target/test/data/ca4e50c/MiniRaftClusterWithGrpce6429fb3/s4/ce2a2cc3-8165-4fd2-9de9-43fa43fb2883 has been successfully formatted.
2019-09-24 16:04:35,923 INFO  server.RaftServerConfigKeys (ConfUtils.java:logGet(43)) - raft.server.notification.no-leader.timeout = 60s (default)
2019-09-24 16:04:35,923 INFO  server.RaftServerConfigKeys (ConfUtils.java:logGet(43)) - raft.server.notification.no-leader.timeout = 60s (default)
2019-09-24 16:04:35,923 INFO  server.RaftServerConfigKeys (ConfUtils.java:logGet(43)) - raft.server.notification.no-leader.timeout = 60s (default)
2019-09-24 16:04:35,923 INFO  server.RaftServerConfigKeys (ConfUtils.java:logGet(43)) - raft.server.notification.no-leader.timeout = 60s (default)
2019-09-24 16:04:35,923 INFO  server.RaftServerConfigKeys (ConfUtils.java:logGet(43)) - raft.server.notification.no-leader.timeout = 60s (default)
2019-09-24 16:04:35,922 INFO  server.RaftServerConfigKeys (ConfUtils.java:logGet(43)) - raft.server.notification.no-leader.timeout = 60s (default)
2019-09-24 16:04:35,922 INFO  impl.RoleInfo (RoleInfo.java:updateAndGet(143)) - s3: start FollowerState
2019-09-24 16:04:35,925 INFO  server.RaftServerConfigKeys (ConfUtils.java:logGet(43)) - raft.server.log.use.memory = false (default)
2019-09-24 16:04:35,925 INFO  server.RaftServerConfigKeys (ConfUtils.java:logGet(43)) - raft.server.log.use.memory = false (default)
2019-09-24 16:04:35,924 INFO  server.RaftServerConfigKeys (ConfUtils.java:logGet(43)) - raft.server.log.use.memory = false (default)
2019-09-24 16:04:35,926 INFO  server.RaftServerConfigKeys (ConfUtils.java:logGet(43)) - raft.server.log.purge.gap = 1024 (default)
2019-09-24 16:04:35,924 INFO  server.RaftServerConfigKeys (ConfUtils.java:logGet(43)) - raft.server.log.use.memory = false (default)
2019-09-24 16:04:35,924 INFO  server.RaftServerConfigKeys (ConfUtils.java:logGet(43)) - raft.server.log.use.memory = false (default)
2019-09-24 16:04:35,924 INFO  server.RaftServerConfigKeys (ConfUtils.java:logGet(43)) - raft.server.log.use.memory = false (default)
2019-09-24 16:04:35,924 INFO  server.RaftServerConfigKeys (ConfUtils.java:logGet(43)) - raft.server.notification.no-leader.timeout = 60s (default)
2019-09-24 16:04:35,927 INFO  server.RaftServerConfigKeys (ConfUtils.java:logGet(43)) - raft.server.log.purge.gap = 1024 (default)
2019-09-24 16:04:35,927 INFO  server.RaftServerConfigKeys (ConfUtils.java:logGet(43)) - raft.server.log.purge.gap = 1024 (default)
2019-09-24 16:04:35,926 INFO  server.RaftServerConfigKeys (ConfUtils.java:logGet(43)) - raft.server.log.purge.gap = 1024 (default)
2019-09-24 16:04:35,926 INFO  server.RaftServerConfigKeys (ConfUtils.java:logGet(43)) - raft.server.log.appender.buffer.byte-limit = 4MB (=4194304) (default)
2019-09-24 16:04:35,926 INFO  util.JmxRegister (JmxRegister.java:tryRegister(44)) - Successfully registered JMX Bean with object name Ratis:service=RaftServer,group=group-DFF3253C5C19,id=s3
2019-09-24 16:04:35,926 INFO  server.RaftServerConfigKeys (ConfUtils.java:logGet(43)) - raft.server.log.purge.gap = 1024 (default)
2019-09-24 16:04:35,925 INFO  server.RaftServerConfigKeys (ConfUtils.java:logGet(43)) - raft.server.log.purge.gap = 1024 (default)
2019-09-24 16:04:35,928 INFO  server.RaftServerConfigKeys (ConfUtils.java:logGet(43)) - raft.server.log.appender.buffer.byte-limit = 4MB (=4194304) (default)
2019-09-24 16:04:35,928 INFO  server.RaftServerConfigKeys (ConfUtils.java:logGet(43)) - raft.server.log.segment.size.max = 8MB (=8388608) (default)
2019-09-24 16:04:35,928 INFO  server.RaftServerConfigKeys (ConfUtils.java:logGet(43)) - raft.server.log.appender.buffer.byte-limit = 4MB (=4194304) (default)
2019-09-24 16:04:35,927 INFO  server.RaftServerConfigKeys (ConfUtils.java:logGet(43)) - raft.server.log.appender.buffer.byte-limit = 4MB (=4194304) (default)
2019-09-24 16:04:35,927 INFO  server.RaftServerConfigKeys (ConfUtils.java:logGet(43)) - raft.server.log.appender.buffer.byte-limit = 4MB (=4194304) (default)
2019-09-24 16:04:35,927 INFO  server.RaftServerConfigKeys (ConfUtils.java:logGet(43)) - raft.server.log.use.memory = false (default)
2019-09-24 16:04:35,930 INFO  server.RaftServerConfigKeys (ConfUtils.java:logGet(43)) - raft.server.log.segment.size.max = 8MB (=8388608) (default)
2019-09-24 16:04:35,930 INFO  server.RaftServerConfigKeys (ConfUtils.java:logGet(43)) - raft.server.log.segment.size.max = 8MB (=8388608) (default)
2019-09-24 16:04:35,929 INFO  server.RaftServerConfigKeys (ConfUtils.java:logGet(43)) - raft.server.log.segment.size.max = 8MB (=8388608) (default)
2019-09-24 16:04:35,929 INFO  server.RaftServerConfigKeys (ConfUtils.java:logGet(43)) - raft.server.log.segment.cache.num.max = 6 (default)
2019-09-24 16:04:35,929 INFO  server.RaftServerConfigKeys (ConfUtils.java:logGet(43)) - raft.server.log.segment.size.max = 8MB (=8388608) (default)
2019-09-24 16:04:35,929 INFO  server.RaftServerConfigKeys (ConfUtils.java:logGet(43)) - raft.server.log.appender.buffer.byte-limit = 4MB (=4194304) (default)
2019-09-24 16:04:35,932 INFO  server.RaftServerConfigKeys (ConfUtils.java:logGet(43)) - raft.server.log.segment.cache.num.max = 6 (default)
2019-09-24 16:04:35,931 INFO  segmented.SegmentedRaftLogWorker (SegmentedRaftLogWorker.java:<init>(172)) - new s2@group-43FA43FB2883-SegmentedRaftLogWorker for RaftStorage:Storage Directory /workdir/ratis-test/target/test/data/ca4e50c/MiniRaftClusterWithGrpce6429fb3/s2/ce2a2cc3-8165-4fd2-9de9-43fa43fb2883
2019-09-24 16:04:35,931 INFO  server.RaftServerConfigKeys (ConfUtils.java:logGet(43)) - raft.server.log.segment.cache.num.max = 6 (default)
2019-09-24 16:04:35,931 INFO  server.RaftServerConfigKeys (ConfUtils.java:logGet(43)) - raft.server.log.segment.cache.num.max = 6 (default)
2019-09-24 16:04:35,930 INFO  server.RaftServerConfigKeys (ConfUtils.java:logGet(43)) - raft.server.log.segment.cache.num.max = 6 (default)
2019-09-24 16:04:35,930 INFO  server.RaftServerConfigKeys (ConfUtils.java:logGet(43)) - raft.server.log.purge.gap = 1024 (default)
2019-09-24 16:04:35,933 INFO  segmented.SegmentedRaftLogWorker (SegmentedRaftLogWorker.java:<init>(172)) - new s6@group-43FA43FB2883-SegmentedRaftLogWorker for RaftStorage:Storage Directory /workdir/ratis-test/target/test/data/ca4e50c/MiniRaftClusterWithGrpce6429fb3/s6/ce2a2cc3-8165-4fd2-9de9-43fa43fb2883
2019-09-24 16:04:35,933 INFO  segmented.SegmentedRaftLogWorker (SegmentedRaftLogWorker.java:<init>(172)) - new s0@group-43FA43FB2883-SegmentedRaftLogWorker for RaftStorage:Storage Directory /workdir/ratis-test/target/test/data/ca4e50c/MiniRaftClusterWithGrpce6429fb3/s0/ce2a2cc3-8165-4fd2-9de9-43fa43fb2883
2019-09-24 16:04:35,932 INFO  segmented.SegmentedRaftLogWorker (SegmentedRaftLogWorker.java:<init>(172)) - new s5@group-43FA43FB2883-SegmentedRaftLogWorker for RaftStorage:Storage Directory /workdir/ratis-test/target/test/data/ca4e50c/MiniRaftClusterWithGrpce6429fb3/s5/ce2a2cc3-8165-4fd2-9de9-43fa43fb2883
2019-09-24 16:04:35,932 WARN  server.GrpcLogAppender (GrpcLogAppender.java:timeoutAppendRequest(200)) - s0@group-CBB7D3FE7667->s2-GrpcLogAppender: appendEntries Timeout, request=s0->s2#32-t1, previous=(t:1, i:0), leaderCommit=-1, initializing? false, entries: <empty>
2019-09-24 16:04:35,932 WARN  server.GrpcLogAppender (GrpcLogAppender.java:timeoutAppendRequest(200)) - s0@group-CBB7D3FE7667->s1-GrpcLogAppender: appendEntries Timeout, request=s0->s1#32-t1, previous=(t:1, i:0), leaderCommit=-1, initializing? false, entries: <empty>
2019-09-24 16:04:35,932 INFO  server.RaftServerConfigKeys (ConfUtils.java:logGet(43)) - raft.server.log.queue.byte-limit = 64MB (=67108864) (default)
2019-09-24 16:04:35,932 INFO  segmented.SegmentedRaftLogWorker (SegmentedRaftLogWorker.java:<init>(172)) - new s3@group-43FA43FB2883-SegmentedRaftLogWorker for RaftStorage:Storage Directory /workdir/ratis-test/target/test/data/ca4e50c/MiniRaftClusterWithGrpce6429fb3/s3/ce2a2cc3-8165-4fd2-9de9-43fa43fb2883
2019-09-24 16:04:35,932 INFO  server.RaftServerConfigKeys (ConfUtils.java:logGet(43)) - raft.server.log.segment.size.max = 8MB (=8388608) (default)
2019-09-24 16:04:35,935 INFO  server.RaftServerConfigKeys (ConfUtils.java:logGet(43)) - raft.server.log.queue.byte-limit = 64MB (=67108864) (default)
2019-09-24 16:04:35,935 INFO  server.RaftServerConfigKeys (ConfUtils.java:logGet(43)) - raft.server.log.queue.element-limit = 4096 (default)
2019-09-24 16:04:35,934 INFO  server.RaftServerConfigKeys (ConfUtils.java:logGet(43)) - raft.server.log.queue.byte-limit = 64MB (=67108864) (default)
2019-09-24 16:04:35,933 INFO  server.RaftServerConfigKeys (ConfUtils.java:logGet(43)) - raft.server.log.appender.buffer.byte-limit = 4MB (=4194304) (default)
2019-09-24 16:04:35,936 INFO  server.RaftServerConfigKeys (ConfUtils.java:logGet(43)) - raft.server.log.queue.element-limit = 4096 (default)
2019-09-24 16:04:35,936 INFO  server.RaftServerConfigKeys (ConfUtils.java:logGet(43)) - raft.server.log.segment.size.max = 8MB (=8388608) (default)
2019-09-24 16:04:35,937 INFO  server.RaftServerConfigKeys (ConfUtils.java:logGet(43)) - raft.server.log.segment.size.max = 8MB (=8388608) (default)
2019-09-24 16:04:35,935 INFO  server.RaftServerConfigKeys (ConfUtils.java:logGet(43)) - raft.server.log.queue.element-limit = 4096 (default)
2019-09-24 16:04:35,935 INFO  server.RaftServerConfigKeys (ConfUtils.java:logGet(43)) - raft.server.log.segment.cache.num.max = 6 (default)
2019-09-24 16:04:35,937 INFO  server.RaftServerConfigKeys (ConfUtils.java:logGet(43)) - raft.server.log.segment.size.max = 8MB (=8388608) (default)
2019-09-24 16:04:35,937 INFO  server.RaftServerConfigKeys (ConfUtils.java:logGet(43)) - raft.server.log.preallocated.size = 4MB (=4194304) (default)
2019-09-24 16:04:35,938 INFO  server.RaftServerConfigKeys (ConfUtils.java:logGet(43)) - raft.server.log.write.buffer.size = 64KB (=65536) (default)
2019-09-24 16:04:35,937 INFO  server.RaftServerConfigKeys (ConfUtils.java:logGet(43)) - raft.server.log.preallocated.size = 4MB (=4194304) (default)
2019-09-24 16:04:35,936 INFO  server.RaftServerConfigKeys (ConfUtils.java:logGet(43)) - raft.server.log.segment.size.max = 8MB (=8388608) (default)
2019-09-24 16:04:35,938 INFO  server.RaftServerConfigKeys (ConfUtils.java:logGet(43)) - raft.server.log.write.buffer.size = 64KB (=65536) (default)
2019-09-24 16:04:35,938 INFO  server.RaftServerConfigKeys (ConfUtils.java:logGet(43)) - raft.server.log.force.sync.num = 128 (default)
2019-09-24 16:04:35,938 INFO  server.RaftServerConfigKeys (ConfUtils.java:logGet(43)) - raft.server.log.preallocated.size = 4MB (=4194304) (default)
2019-09-24 16:04:35,939 INFO  server.RaftServerConfigKeys (ConfUtils.java:logGet(43)) - raft.server.log.write.buffer.size = 64KB (=65536) (default)
2019-09-24 16:04:35,937 INFO  segmented.SegmentedRaftLogWorker (SegmentedRaftLogWorker.java:<init>(172)) - new s1@group-43FA43FB2883-SegmentedRaftLogWorker for RaftStorage:Storage Directory /workdir/ratis-test/target/test/data/ca4e50c/MiniRaftClusterWithGrpce6429fb3/s1/ce2a2cc3-8165-4fd2-9de9-43fa43fb2883
2019-09-24 16:04:35,939 INFO  server.RaftServerConfigKeys (ConfUtils.java:logGet(43)) - raft.server.log.force.sync.num = 128 (default)
2019-09-24 16:04:35,939 INFO  server.RaftServerConfigKeys (ConfUtils.java:logGet(43)) - raft.server.log.queue.byte-limit = 64MB (=67108864) (default)
2019-09-24 16:04:35,939 INFO  server.RaftServerConfigKeys (ConfUtils.java:logGet(43)) - raft.server.log.queue.byte-limit = 64MB (=67108864) (default)
2019-09-24 16:04:35,939 INFO  server.RaftServerConfigKeys (ConfUtils.java:logGet(43)) - raft.server.log.statemachine.data.sync = true (default)
2019-09-24 16:04:35,939 INFO  server.RaftServerConfigKeys (ConfUtils.java:logGet(43)) - raft.server.log.force.sync.num = 128 (default)
2019-09-24 16:04:35,939 INFO  server.RaftServerConfigKeys (ConfUtils.java:logGet(43)) - raft.server.log.segment.cache.num.max = 6 (default)
2019-09-24 16:04:35,941 INFO  server.RaftServerConfigKeys (ConfUtils.java:logGet(43)) - raft.server.log.statemachine.data.sync = true (default)
2019-09-24 16:04:35,940 INFO  server.RaftServerConfigKeys (ConfUtils.java:logGet(43)) - raft.server.log.statemachine.data.sync.timeout = 10s (default)
2019-09-24 16:04:35,940 INFO  server.RaftServerConfigKeys (ConfUtils.java:logGet(43)) - raft.server.log.queue.element-limit = 4096 (default)
2019-09-24 16:04:35,940 INFO  server.RaftServerConfigKeys (ConfUtils.java:logGet(43)) - raft.server.log.queue.element-limit = 4096 (default)
2019-09-24 16:04:35,940 INFO  server.RaftServerConfigKeys (ConfUtils.java:logGet(43)) - raft.server.log.statemachine.data.sync = true (default)
2019-09-24 16:04:35,940 INFO  server.RaftServerConfigKeys (ConfUtils.java:logGet(43)) - raft.server.log.queue.byte-limit = 64MB (=67108864) (default)
2019-09-24 16:04:35,942 INFO  server.RaftServerConfigKeys (ConfUtils.java:logGet(43)) - raft.server.log.statemachine.data.sync.timeout = 10s (default)
2019-09-24 16:04:35,942 INFO  server.RaftServerConfigKeys (ConfUtils.java:logGet(43)) - raft.server.log.segment.size.max = 8MB (=8388608) (default)
2019-09-24 16:04:35,942 INFO  server.RaftServerConfigKeys (ConfUtils.java:logGet(43)) - raft.server.log.segment.size.max = 8MB (=8388608) (default)
2019-09-24 16:04:35,941 INFO  server.RaftServerConfigKeys (ConfUtils.java:logGet(43)) - raft.server.log.statemachine.data.sync.timeout.retry = -1 (default)
2019-09-24 16:04:35,941 INFO  server.RaftServerConfigKeys (ConfUtils.java:logGet(43)) - raft.server.log.statemachine.data.sync.timeout = 10s (default)
2019-09-24 16:04:35,941 INFO  segmented.SegmentedRaftLogWorker (SegmentedRaftLogWorker.java:<init>(172)) - new s4@group-43FA43FB2883-SegmentedRaftLogWorker for RaftStorage:Storage Directory /workdir/ratis-test/target/test/data/ca4e50c/MiniRaftClusterWithGrpce6429fb3/s4/ce2a2cc3-8165-4fd2-9de9-43fa43fb2883
2019-09-24 16:04:35,944 INFO  server.RaftServerConfigKeys (ConfUtils.java:logGet(43)) - raft.server.log.statemachine.data.sync.timeout.retry = -1 (default)
2019-09-24 16:04:35,943 INFO  server.RaftServerConfigKeys (ConfUtils.java:logGet(43)) - raft.server.log.statemachine.data.caching.enabled = false (default)
2019-09-24 16:04:35,943 INFO  server.RaftServerConfigKeys (ConfUtils.java:logGet(43)) - raft.server.log.preallocated.size = 4MB (=4194304) (default)
2019-09-24 16:04:35,943 INFO  server.RaftServerConfigKeys (ConfUtils.java:logGet(43)) - raft.server.log.preallocated.size = 4MB (=4194304) (default)
2019-09-24 16:04:35,945 INFO  server.RaftServerConfigKeys (ConfUtils.java:logGet(43)) - raft.server.log.write.buffer.size = 64KB (=65536) (default)
2019-09-24 16:04:35,943 INFO  server.RaftServerConfigKeys (ConfUtils.java:logGet(43)) - raft.server.log.statemachine.data.sync.timeout.retry = -1 (default)
2019-09-24 16:04:35,942 INFO  server.RaftServerConfigKeys (ConfUtils.java:logGet(43)) - raft.server.log.queue.element-limit = 4096 (default)
2019-09-24 16:04:35,945 INFO  server.RaftServerConfigKeys (ConfUtils.java:logGet(43)) - raft.server.log.statemachine.data.caching.enabled = false (default)
2019-09-24 16:04:35,945 INFO  server.RaftServerConfigKeys (ConfUtils.java:logGet(43)) - raft.server.log.force.sync.num = 128 (default)
2019-09-24 16:04:35,946 INFO  server.RaftServerConfigKeys (ConfUtils.java:logGet(43)) - raft.server.log.statemachine.data.sync = true (default)
2019-09-24 16:04:35,945 INFO  server.RaftServerConfigKeys (ConfUtils.java:logGet(43)) - raft.server.log.write.buffer.size = 64KB (=65536) (default)
2019-09-24 16:04:35,945 INFO  segmented.SegmentedRaftLogWorker (SegmentedRaftLogWorker.java:lambda$new$0(132)) - s0@group-43FA43FB2883-SegmentedRaftLogWorker: flushIndex: setUnconditionally 0 -> -1
2019-09-24 16:04:35,944 INFO  server.RaftServerConfigKeys (ConfUtils.java:logGet(43)) - raft.server.log.statemachine.data.caching.enabled = false (default)
2019-09-24 16:04:35,944 INFO  server.RaftServerConfigKeys (ConfUtils.java:logGet(43)) - raft.server.log.queue.byte-limit = 64MB (=67108864) (default)
2019-09-24 16:04:35,947 INFO  server.RaftServerConfigKeys (ConfUtils.java:logGet(43)) - raft.server.snapshot.auto.trigger.enabled = false (default)
2019-09-24 16:04:35,946 INFO  server.RaftServerConfigKeys (ConfUtils.java:logGet(43)) - raft.server.log.force.sync.num = 128 (default)
2019-09-24 16:04:35,946 INFO  server.RaftServerConfigKeys (ConfUtils.java:logGet(43)) - raft.server.log.statemachine.data.sync.timeout = 10s (default)
2019-09-24 16:04:35,946 INFO  segmented.SegmentedRaftLogWorker (SegmentedRaftLogWorker.java:lambda$new$0(132)) - s3@group-43FA43FB2883-SegmentedRaftLogWorker: flushIndex: setUnconditionally 0 -> -1
2019-09-24 16:04:35,946 INFO  server.RaftServerConfigKeys (ConfUtils.java:logGet(43)) - raft.server.log.segment.size.max = 8MB (=8388608) (default)
2019-09-24 16:04:35,948 INFO  server.RaftServerConfigKeys (ConfUtils.java:logGet(43)) - raft.server.snapshot.auto.trigger.enabled = false (default)
2019-09-24 16:04:35,948 INFO  server.RaftServerConfigKeys (ConfUtils.java:logGet(43)) - raft.server.log.statemachine.data.sync.timeout.retry = -1 (default)
2019-09-24 16:04:35,948 INFO  server.RaftServerConfigKeys (ConfUtils.java:logGet(43)) - raft.server.log.statemachine.data.sync = true (default)
2019-09-24 16:04:35,949 INFO  server.RaftServerConfigKeys (ConfUtils.java:logGet(43)) - raft.server.log.statemachine.data.caching.enabled = false (default)
2019-09-24 16:04:35,947 INFO  server.RaftServerConfigKeys (ConfUtils.java:logGet(43)) - raft.server.snapshot.retention.file.num = -1 (default)
2019-09-24 16:04:35,949 INFO  segmented.SegmentedRaftLogWorker (SegmentedRaftLogWorker.java:lambda$new$0(132)) - s5@group-43FA43FB2883-SegmentedRaftLogWorker: flushIndex: setUnconditionally 0 -> -1
2019-09-24 16:04:35,947 INFO  segmented.SegmentedRaftLogWorker (SegmentedRaftLogWorker.java:lambda$new$0(132)) - s2@group-43FA43FB2883-SegmentedRaftLogWorker: flushIndex: setUnconditionally 0 -> -1
2019-09-24 16:04:35,950 INFO  server.RaftServerConfigKeys (ConfUtils.java:logGet(43)) - raft.server.snapshot.auto.trigger.enabled = false (default)
2019-09-24 16:04:35,947 INFO  server.RaftServerConfigKeys (ConfUtils.java:logGet(43)) - raft.server.log.queue.element-limit = 4096 (default)
2019-09-24 16:04:35,950 INFO  server.RaftServerConfigKeys (ConfUtils.java:logGet(43)) - raft.server.snapshot.auto.trigger.enabled = false (default)
2019-09-24 16:04:35,950 INFO  server.RaftServerConfigKeys (ConfUtils.java:logGet(43)) - raft.server.snapshot.retention.file.num = -1 (default)
2019-09-24 16:04:35,949 INFO  server.RaftServerConfigKeys (ConfUtils.java:logGet(43)) - raft.server.retrycache.expirytime = 60s (default)
2019-09-24 16:04:35,949 INFO  server.RaftServerConfigKeys (ConfUtils.java:logGet(43)) - raft.server.log.statemachine.data.sync.timeout = 10s (default)
2019-09-24 16:04:35,948 INFO  server.RaftServerConfigKeys (ConfUtils.java:logGet(43)) - raft.server.snapshot.retention.file.num = -1 (default)
2019-09-24 16:04:35,948 INFO  server.RaftServerConfigKeys (ConfUtils.java:logGet(43)) - raft.server.log.preallocated.size = 4MB (=4194304) (default)
2019-09-24 16:04:35,951 INFO  server.RaftServerConfigKeys (ConfUtils.java:logGet(43)) - raft.server.retrycache.expirytime = 60s (default)
2019-09-24 16:04:35,951 INFO  server.RaftServerConfigKeys (ConfUtils.java:logGet(43)) - raft.server.log.statemachine.data.sync.timeout.retry = -1 (default)
2019-09-24 16:04:35,951 INFO  server.RaftServerConfigKeys (ConfUtils.java:logGet(43)) - raft.server.retrycache.expirytime = 60s (default)
2019-09-24 16:04:35,950 INFO  server.RaftServerConfigKeys (ConfUtils.java:logGet(43)) - raft.server.snapshot.retention.file.num = -1 (default)
2019-09-24 16:04:35,950 INFO  server.RaftServerConfigKeys (ConfUtils.java:logGet(43)) - raft.server.log.segment.size.max = 8MB (=8388608) (default)
2019-09-24 16:04:35,952 INFO  server.RaftServerConfigKeys (ConfUtils.java:logGet(43)) - raft.server.retrycache.expirytime = 60s (default)
2019-09-24 16:04:35,952 INFO  server.RaftServerConfigKeys (ConfUtils.java:logGet(43)) - raft.server.log.statemachine.data.caching.enabled = false (default)
2019-09-24 16:04:35,952 INFO  server.RaftServerConfigKeys (ConfUtils.java:logGet(43)) - raft.server.log.write.buffer.size = 64KB (=65536) (default)
2019-09-24 16:04:35,953 INFO  server.RaftServerConfigKeys (ConfUtils.java:logGet(43)) - raft.server.log.preallocated.size = 4MB (=4194304) (default)
2019-09-24 16:04:35,953 INFO  server.RaftServerConfigKeys (ConfUtils.java:logGet(43)) - raft.server.log.force.sync.num = 128 (default)
2019-09-24 16:04:35,953 INFO  segmented.SegmentedRaftLogWorker (SegmentedRaftLogWorker.java:lambda$new$0(132)) - s6@group-43FA43FB2883-SegmentedRaftLogWorker: flushIndex: setUnconditionally 0 -> -1
2019-09-24 16:04:35,954 INFO  server.RaftServerConfigKeys (ConfUtils.java:logGet(43)) - raft.server.log.statemachine.data.sync = true (default)
2019-09-24 16:04:35,954 INFO  server.RaftServerConfigKeys (ConfUtils.java:logGet(43)) - raft.server.log.write.buffer.size = 64KB (=65536) (default)
2019-09-24 16:04:35,954 INFO  server.RaftServerConfigKeys (ConfUtils.java:logGet(43)) - raft.server.snapshot.auto.trigger.enabled = false (default)
2019-09-24 16:04:35,954 INFO  server.RaftServerConfigKeys (ConfUtils.java:logGet(43)) - raft.server.log.statemachine.data.sync.timeout = 10s (default)
2019-09-24 16:04:35,955 INFO  server.RaftServerConfigKeys (ConfUtils.java:logGet(43)) - raft.server.snapshot.retention.file.num = -1 (default)
2019-09-24 16:04:35,954 INFO  server.RaftServerConfigKeys (ConfUtils.java:logGet(43)) - raft.server.log.force.sync.num = 128 (default)
2019-09-24 16:04:35,955 INFO  server.RaftServerConfigKeys (ConfUtils.java:logGet(43)) - raft.server.retrycache.expirytime = 60s (default)
2019-09-24 16:04:35,955 INFO  server.RaftServerConfigKeys (ConfUtils.java:logGet(43)) - raft.server.log.statemachine.data.sync.timeout.retry = -1 (default)
2019-09-24 16:04:35,955 INFO  server.RaftServerConfigKeys (ConfUtils.java:logGet(43)) - raft.server.log.statemachine.data.sync = true (default)
2019-09-24 16:04:35,956 INFO  server.RaftServerConfigKeys (ConfUtils.java:logGet(43)) - raft.server.log.statemachine.data.caching.enabled = false (default)
2019-09-24 16:04:35,956 INFO  server.RaftServerConfigKeys (ConfUtils.java:logGet(43)) - raft.server.log.statemachine.data.sync.timeout = 10s (default)
2019-09-24 16:04:35,956 INFO  server.RaftServerConfigKeys (ConfUtils.java:logGet(43)) - raft.server.log.statemachine.data.sync.timeout.retry = -1 (default)
2019-09-24 16:04:35,956 INFO  segmented.SegmentedRaftLogWorker (SegmentedRaftLogWorker.java:lambda$new$0(132)) - s1@group-43FA43FB2883-SegmentedRaftLogWorker: flushIndex: setUnconditionally 0 -> -1
2019-09-24 16:04:35,957 INFO  server.RaftServerConfigKeys (ConfUtils.java:logGet(43)) - raft.server.log.statemachine.data.caching.enabled = false (default)
2019-09-24 16:04:35,957 INFO  server.RaftServerConfigKeys (ConfUtils.java:logGet(43)) - raft.server.snapshot.auto.trigger.enabled = false (default)
2019-09-24 16:04:35,957 INFO  server.RaftServerConfigKeys (ConfUtils.java:logGet(43)) - raft.server.snapshot.retention.file.num = -1 (default)
2019-09-24 16:04:35,957 INFO  segmented.SegmentedRaftLogWorker (SegmentedRaftLogWorker.java:lambda$new$0(132)) - s4@group-43FA43FB2883-SegmentedRaftLogWorker: flushIndex: setUnconditionally 0 -> -1
2019-09-24 16:04:35,958 INFO  server.RaftServerConfigKeys (ConfUtils.java:logGet(43)) - raft.server.retrycache.expirytime = 60s (default)
2019-09-24 16:04:35,958 INFO  server.RaftServerConfigKeys (ConfUtils.java:logGet(43)) - raft.server.snapshot.auto.trigger.enabled = false (default)
2019-09-24 16:04:35,958 INFO  server.RaftServerConfigKeys (ConfUtils.java:logGet(43)) - raft.server.snapshot.retention.file.num = -1 (default)
2019-09-24 16:04:35,958 INFO  server.RaftServerConfigKeys (ConfUtils.java:logGet(43)) - raft.server.retrycache.expirytime = 60s (default)
2019-09-24 16:04:35,967 INFO  impl.RaftServerImpl (RaftServerImpl.java:start(184)) - s3@group-43FA43FB2883: start with initializing state, conf=-1: [], old=null
2019-09-24 16:04:35,967 INFO  impl.RaftServerImpl (RaftServerImpl.java:setRole(170)) - s3@group-43FA43FB2883: changes role from      null to FOLLOWER at term 0 for startInitializing
2019-09-24 16:04:35,968 INFO  util.JmxRegister (JmxRegister.java:tryRegister(44)) - Successfully registered JMX Bean with object name Ratis:service=RaftServer,group=group-43FA43FB2883,id=s3
2019-09-24 16:04:35,976 INFO  impl.RaftServerProxy (RaftServerProxy.java:lambda$start$3(299)) - s3: start RPC server
2019-09-24 16:04:35,978 INFO  server.GrpcService (GrpcService.java:startImpl(158)) - s3: GrpcService started, listening on 0.0.0.0/0.0.0.0:46508
2019-09-24 16:04:35,979 INFO  impl.RaftServerImpl (RaftServerImpl.java:start(184)) - s4@group-43FA43FB2883: start with initializing state, conf=-1: [], old=null
2019-09-24 16:04:35,979 INFO  impl.RaftServerImpl (RaftServerImpl.java:setRole(170)) - s4@group-43FA43FB2883: changes role from      null to FOLLOWER at term 0 for startInitializing
2019-09-24 16:04:35,980 INFO  util.JmxRegister (JmxRegister.java:tryRegister(44)) - Successfully registered JMX Bean with object name Ratis:service=RaftServer,group=group-43FA43FB2883,id=s4
2019-09-24 16:04:35,984 INFO  impl.RaftServerProxy (RaftServerProxy.java:lambda$start$3(299)) - s4: start RPC server
2019-09-24 16:04:35,986 INFO  server.GrpcService (GrpcService.java:startImpl(158)) - s4: GrpcService started, listening on 0.0.0.0/0.0.0.0:36525
2019-09-24 16:04:35,986 INFO  impl.RaftServerImpl (RaftServerImpl.java:start(184)) - s5@group-43FA43FB2883: start with initializing state, conf=-1: [], old=null
2019-09-24 16:04:35,987 INFO  impl.RaftServerImpl (RaftServerImpl.java:setRole(170)) - s5@group-43FA43FB2883: changes role from      null to FOLLOWER at term 0 for startInitializing
2019-09-24 16:04:35,987 INFO  util.JmxRegister (JmxRegister.java:tryRegister(44)) - Successfully registered JMX Bean with object name Ratis:service=RaftServer,group=group-43FA43FB2883,id=s5
2019-09-24 16:04:35,991 INFO  impl.RaftServerProxy (RaftServerProxy.java:lambda$start$3(299)) - s5: start RPC server
2019-09-24 16:04:35,993 INFO  server.GrpcService (GrpcService.java:startImpl(158)) - s5: GrpcService started, listening on 0.0.0.0/0.0.0.0:38550
2019-09-24 16:04:35,993 INFO  impl.RaftServerImpl (RaftServerImpl.java:start(184)) - s6@group-43FA43FB2883: start with initializing state, conf=-1: [], old=null
2019-09-24 16:04:35,994 INFO  impl.RaftServerImpl (RaftServerImpl.java:setRole(170)) - s6@group-43FA43FB2883: changes role from      null to FOLLOWER at term 0 for startInitializing
2019-09-24 16:04:35,994 INFO  util.JmxRegister (JmxRegister.java:tryRegister(44)) - Successfully registered JMX Bean with object name Ratis:service=RaftServer,group=group-43FA43FB2883,id=s6
2019-09-24 16:04:35,998 INFO  impl.RaftServerProxy (RaftServerProxy.java:lambda$start$3(299)) - s6: start RPC server
2019-09-24 16:04:35,999 INFO  server.GrpcService (GrpcService.java:startImpl(158)) - s6: GrpcService started, listening on 0.0.0.0/0.0.0.0:41216
2019-09-24 16:04:36,000 INFO  impl.RaftServerImpl (RaftServerImpl.java:start(184)) - s0@group-43FA43FB2883: start with initializing state, conf=-1: [], old=null
2019-09-24 16:04:36,000 INFO  impl.RaftServerImpl (RaftServerImpl.java:setRole(170)) - s0@group-43FA43FB2883: changes role from      null to FOLLOWER at term 0 for startInitializing
2019-09-24 16:04:36,001 INFO  util.JmxRegister (JmxRegister.java:tryRegister(44)) - Successfully registered JMX Bean with object name Ratis:service=RaftServer,group=group-43FA43FB2883,id=s0
2019-09-24 16:04:36,005 INFO  impl.RaftServerProxy (RaftServerProxy.java:lambda$start$3(299)) - s0: start RPC server
2019-09-24 16:04:36,007 INFO  server.GrpcService (GrpcService.java:startImpl(158)) - s0: GrpcService started, listening on 0.0.0.0/0.0.0.0:46775
2019-09-24 16:04:36,008 INFO  impl.RaftServerImpl (RaftServerImpl.java:start(184)) - s1@group-43FA43FB2883: start with initializing state, conf=-1: [], old=null
2019-09-24 16:04:36,008 WARN  server.GrpcLogAppender (GrpcLogAppender.java:timeoutAppendRequest(200)) - s0@group-CBB7D3FE7667->s1-GrpcLogAppender: appendEntries Timeout, request=s0->s1#33-t1, previous=(t:1, i:0), leaderCommit=-1, initializing? false, entries: <empty>
2019-09-24 16:04:36,008 INFO  impl.RaftServerImpl (RaftServerImpl.java:setRole(170)) - s1@group-43FA43FB2883: changes role from      null to FOLLOWER at term 0 for startInitializing
2019-09-24 16:04:36,008 WARN  server.GrpcLogAppender (GrpcLogAppender.java:timeoutAppendRequest(200)) - s0@group-CBB7D3FE7667->s2-GrpcLogAppender: appendEntries Timeout, request=s0->s2#33-t1, previous=(t:1, i:0), leaderCommit=-1, initializing? false, entries: <empty>
2019-09-24 16:04:36,009 INFO  util.JmxRegister (JmxRegister.java:tryRegister(44)) - Successfully registered JMX Bean with object name Ratis:service=RaftServer,group=group-43FA43FB2883,id=s1
2019-09-24 16:04:36,014 INFO  impl.RaftServerProxy (RaftServerProxy.java:lambda$start$3(299)) - s1: start RPC server
2019-09-24 16:04:36,015 INFO  server.GrpcService (GrpcService.java:startImpl(158)) - s1: GrpcService started, listening on 0.0.0.0/0.0.0.0:37672
2019-09-24 16:04:36,016 INFO  impl.RaftServerImpl (RaftServerImpl.java:start(184)) - s2@group-43FA43FB2883: start with initializing state, conf=-1: [], old=null
2019-09-24 16:04:36,016 INFO  impl.RaftServerImpl (RaftServerImpl.java:setRole(170)) - s2@group-43FA43FB2883: changes role from      null to FOLLOWER at term 0 for startInitializing
2019-09-24 16:04:36,016 INFO  util.JmxRegister (JmxRegister.java:tryRegister(44)) - Successfully registered JMX Bean with object name Ratis:service=RaftServer,group=group-43FA43FB2883,id=s2
2019-09-24 16:04:36,021 INFO  impl.RaftServerProxy (RaftServerProxy.java:lambda$start$3(299)) - s2: start RPC server
2019-09-24 16:04:36,022 INFO  server.GrpcService (GrpcService.java:startImpl(158)) - s2: GrpcService started, listening on 0.0.0.0/0.0.0.0:40750
2019-09-24 16:04:36,084 WARN  server.GrpcLogAppender (GrpcLogAppender.java:timeoutAppendRequest(200)) - s0@group-CBB7D3FE7667->s1-GrpcLogAppender: appendEntries Timeout, request=s0->s1#34-t1, previous=(t:1, i:0), leaderCommit=-1, initializing? false, entries: <empty>
2019-09-24 16:04:36,084 WARN  server.GrpcLogAppender (GrpcLogAppender.java:timeoutAppendRequest(200)) - s0@group-CBB7D3FE7667->s2-GrpcLogAppender: appendEntries Timeout, request=s0->s2#34-t1, previous=(t:1, i:0), leaderCommit=-1, initializing? false, entries: <empty>
2019-09-24 16:04:36,159 WARN  server.GrpcLogAppender (GrpcLogAppender.java:timeoutAppendRequest(200)) - s0@group-CBB7D3FE7667->s1-GrpcLogAppender: appendEntries Timeout, request=s0->s1#35-t1, previous=(t:1, i:0), leaderCommit=-1, initializing? false, entries: <empty>
2019-09-24 16:04:36,159 WARN  server.GrpcLogAppender (GrpcLogAppender.java:timeoutAppendRequest(200)) - s0@group-CBB7D3FE7667->s2-GrpcLogAppender: appendEntries Timeout, request=s0->s2#35-t1, previous=(t:1, i:0), leaderCommit=-1, initializing? false, entries: <empty>
2019-09-24 16:04:36,161 INFO  impl.FollowerState (FollowerState.java:run(108)) - s3@group-DFF3253C5C19-FollowerState: change to CANDIDATE, lastRpcTime:238ms, electionTimeout:235ms
2019-09-24 16:04:36,161 INFO  impl.RoleInfo (RoleInfo.java:shutdownFollowerState(121)) - s3: shutdown FollowerState
2019-09-24 16:04:36,161 INFO  impl.RaftServerImpl (RaftServerImpl.java:setRole(170)) - s3@group-DFF3253C5C19: changes role from  FOLLOWER to CANDIDATE at term 0 for changeToCandidate
2019-09-24 16:04:36,161 INFO  impl.RoleInfo (RoleInfo.java:updateAndGet(143)) - s3: start LeaderElection
2019-09-24 16:04:36,177 INFO  impl.LeaderElection (LeaderElection.java:askForVotes(178)) - s3@group-DFF3253C5C19-LeaderElection11: begin an election at term 1 for -1: [s3:0.0.0.0:40519], old=null
2019-09-24 16:04:36,177 INFO  impl.RoleInfo (RoleInfo.java:shutdownLeaderElection(134)) - s3: shutdown LeaderElection
2019-09-24 16:04:36,177 INFO  impl.RaftServerImpl (RaftServerImpl.java:setRole(170)) - s3@group-DFF3253C5C19: changes role from CANDIDATE to LEADER at term 1 for changeToLeader
2019-09-24 16:04:36,177 INFO  impl.RaftServerImpl (ServerState.java:setLeader(254)) - s3@group-DFF3253C5C19: change Leader from null to s3 at term 1 for becomeLeader, leader elected after 269ms
2019-09-24 16:04:36,177 INFO  server.RaftServerConfigKeys (ConfUtils.java:logGet(43)) - raft.server.staging.catchup.gap = 1000 (default)
2019-09-24 16:04:36,178 INFO  server.RaftServerConfigKeys (ConfUtils.java:logGet(43)) - raft.server.rpc.sleep.time = 25ms (default)
2019-09-24 16:04:36,178 INFO  server.RaftServerConfigKeys (ConfUtils.java:logGet(43)) - raft.server.write.element-limit = 4096 (default)
2019-09-24 16:04:36,178 INFO  server.RaftServerConfigKeys (ConfUtils.java:logGet(43)) - raft.server.watch.timeout = 10s (default)
2019-09-24 16:04:36,178 INFO  server.RaftServerConfigKeys (ConfUtils.java:logGet(43)) - raft.server.watch.timeout.denomination = 1s (default)
2019-09-24 16:04:36,178 INFO  server.RaftServerConfigKeys (ConfUtils.java:logGet(43)) - raft.server.watch.element-limit = 65536 (default)
2019-09-24 16:04:36,182 INFO  impl.RoleInfo (RoleInfo.java:updateAndGet(143)) - s3: start LeaderState
2019-09-24 16:04:36,182 INFO  segmented.SegmentedRaftLogWorker (SegmentedRaftLogWorker.java:startLogSegment(380)) - s3@group-DFF3253C5C19-SegmentedRaftLogWorker: Starting segment from index:0
2019-09-24 16:04:36,183 INFO  impl.RaftServerImpl (ServerState.java:setRaftConf(355)) - s3@group-DFF3253C5C19: set configuration 0: [s3:0.0.0.0:40519], old=null at 0
2019-09-24 16:04:36,235 WARN  server.GrpcLogAppender (GrpcLogAppender.java:timeoutAppendRequest(200)) - s0@group-CBB7D3FE7667->s1-GrpcLogAppender: appendEntries Timeout, request=s0->s1#36-t1, previous=(t:1, i:0), leaderCommit=-1, initializing? false, entries: <empty>
2019-09-24 16:04:36,235 WARN  server.GrpcLogAppender (GrpcLogAppender.java:timeoutAppendRequest(200)) - s0@group-CBB7D3FE7667->s2-GrpcLogAppender: appendEntries Timeout, request=s0->s2#36-t1, previous=(t:1, i:0), leaderCommit=-1, initializing? false, entries: <empty>
2019-09-24 16:04:36,310 WARN  server.GrpcLogAppender (GrpcLogAppender.java:timeoutAppendRequest(200)) - s0@group-CBB7D3FE7667->s2-GrpcLogAppender: appendEntries Timeout, request=s0->s2#37-t1, previous=(t:1, i:0), leaderCommit=-1, initializing? false, entries: <empty>
2019-09-24 16:04:36,310 WARN  server.GrpcLogAppender (GrpcLogAppender.java:timeoutAppendRequest(200)) - s0@group-CBB7D3FE7667->s1-GrpcLogAppender: appendEntries Timeout, request=s0->s1#37-t1, previous=(t:1, i:0), leaderCommit=-1, initializing? false, entries: <empty>
2019-09-24 16:04:36,386 WARN  server.GrpcLogAppender (GrpcLogAppender.java:timeoutAppendRequest(200)) - s0@group-CBB7D3FE7667->s1-GrpcLogAppender: appendEntries Timeout, request=s0->s1#38-t1, previous=(t:1, i:0), leaderCommit=-1, initializing? false, entries: <empty>
2019-09-24 16:04:36,386 WARN  server.GrpcLogAppender (GrpcLogAppender.java:timeoutAppendRequest(200)) - s0@group-CBB7D3FE7667->s2-GrpcLogAppender: appendEntries Timeout, request=s0->s2#38-t1, previous=(t:1, i:0), leaderCommit=-1, initializing? false, entries: <empty>
2019-09-24 16:04:36,461 WARN  server.GrpcLogAppender (GrpcLogAppender.java:timeoutAppendRequest(200)) - s0@group-CBB7D3FE7667->s2-GrpcLogAppender: appendEntries Timeout, request=s0->s2#39-t1, previous=(t:1, i:0), leaderCommit=-1, initializing? false, entries: <empty>
2019-09-24 16:04:36,461 WARN  server.GrpcLogAppender (GrpcLogAppender.java:timeoutAppendRequest(200)) - s0@group-CBB7D3FE7667->s1-GrpcLogAppender: appendEntries Timeout, request=s0->s1#39-t1, previous=(t:1, i:0), leaderCommit=-1, initializing? false, entries: <empty>
2019-09-24 16:04:36,519 DEBUG impl.RaftServerImpl (RaftServerImpl.java:logAppendEntries(850)) - s1@group-CBB7D3FE7667: succeeded to handle AppendEntries. Reply: s0<-s1#1:OK,SUCCESS,nextIndex:1,term:1,followerCommit:-1
2019-09-24 16:04:36,529 WARN  server.GrpcLogAppender (GrpcLogAppender.java:onNextImpl(251)) - s0@group-CBB7D3FE7667->s1-AppendLogResponseHandler: Request not found, ignoring reply: s0<-s1#1:OK,SUCCESS,nextIndex:1,term:1,followerCommit:-1
2019-09-24 16:04:36,530 WARN  server.GrpcLogAppender (GrpcLogAppender.java:onNextImpl(251)) - s0@group-CBB7D3FE7667->s1-AppendLogResponseHandler: Request not found, ignoring reply: s0<-s1#2:OK,SUCCESS,nextIndex:1,term:1,followerCommit:-1
2019-09-24 16:04:36,530 WARN  server.GrpcLogAppender (GrpcLogAppender.java:onNextImpl(251)) - s0@group-CBB7D3FE7667->s1-AppendLogResponseHandler: Request not found, ignoring reply: s0<-s1#3:OK,SUCCESS,nextIndex:1,term:1,followerCommit:-1
2019-09-24 16:04:36,530 WARN  server.GrpcLogAppender (GrpcLogAppender.java:onNextImpl(251)) - s0@group-CBB7D3FE7667->s1-AppendLogResponseHandler: Request not found, ignoring reply: s0<-s1#4:OK,SUCCESS,nextIndex:1,term:1,followerCommit:-1
2019-09-24 16:04:36,531 WARN  server.GrpcLogAppender (GrpcLogAppender.java:onNextImpl(251)) - s0@group-CBB7D3FE7667->s1-AppendLogResponseHandler: Request not found, ignoring reply: s0<-s1#5:OK,SUCCESS,nextIndex:1,term:1,followerCommit:-1
2019-09-24 16:04:36,531 WARN  server.GrpcLogAppender (GrpcLogAppender.java:onNextImpl(251)) - s0@group-CBB7D3FE7667->s1-AppendLogResponseHandler: Request not found, ignoring reply: s0<-s1#6:OK,SUCCESS,nextIndex:1,term:1,followerCommit:-1
2019-09-24 16:04:36,532 WARN  server.GrpcLogAppender (GrpcLogAppender.java:onNextImpl(251)) - s0@group-CBB7D3FE7667->s1-AppendLogResponseHandler: Request not found, ignoring reply: s0<-s1#7:OK,SUCCESS,nextIndex:1,term:1,followerCommit:-1
2019-09-24 16:04:36,532 WARN  server.GrpcLogAppender (GrpcLogAppender.java:onNextImpl(251)) - s0@group-CBB7D3FE7667->s1-AppendLogResponseHandler: Request not found, ignoring reply: s0<-s1#8:OK,SUCCESS,nextIndex:1,term:1,followerCommit:-1
2019-09-24 16:04:36,532 WARN  server.GrpcLogAppender (GrpcLogAppender.java:onNextImpl(251)) - s0@group-CBB7D3FE7667->s1-AppendLogResponseHandler: Request not found, ignoring reply: s0<-s1#9:OK,SUCCESS,nextIndex:1,term:1,followerCommit:-1
2019-09-24 16:04:36,533 WARN  server.GrpcLogAppender (GrpcLogAppender.java:onNextImpl(251)) - s0@group-CBB7D3FE7667->s1-AppendLogResponseHandler: Request not found, ignoring reply: s0<-s1#10:OK,SUCCESS,nextIndex:1,term:1,followerCommit:-1
2019-09-24 16:04:36,533 WARN  server.GrpcLogAppender (GrpcLogAppender.java:onNextImpl(251)) - s0@group-CBB7D3FE7667->s1-AppendLogResponseHandler: Request not found, ignoring reply: s0<-s1#11:OK,SUCCESS,nextIndex:1,term:1,followerCommit:-1
2019-09-24 16:04:36,533 WARN  server.GrpcLogAppender (GrpcLogAppender.java:onNextImpl(251)) - s0@group-CBB7D3FE7667->s1-AppendLogResponseHandler: Request not found, ignoring reply: s0<-s1#12:OK,SUCCESS,nextIndex:1,term:1,followerCommit:-1
2019-09-24 16:04:36,534 WARN  server.GrpcLogAppender (GrpcLogAppender.java:onNextImpl(251)) - s0@group-CBB7D3FE7667->s1-AppendLogResponseHandler: Request not found, ignoring reply: s0<-s1#13:OK,SUCCESS,nextIndex:1,term:1,followerCommit:-1
2019-09-24 16:04:36,534 WARN  server.GrpcLogAppender (GrpcLogAppender.java:onNextImpl(251)) - s0@group-CBB7D3FE7667->s1-AppendLogResponseHandler: Request not found, ignoring reply: s0<-s1#14:OK,SUCCESS,nextIndex:1,term:1,followerCommit:-1
2019-09-24 16:04:36,534 WARN  server.GrpcLogAppender (GrpcLogAppender.java:onNextImpl(251)) - s0@group-CBB7D3FE7667->s1-AppendLogResponseHandler: Request not found, ignoring reply: s0<-s1#15:OK,SUCCESS,nextIndex:1,term:1,followerCommit:-1
2019-09-24 16:04:36,535 WARN  server.GrpcLogAppender (GrpcLogAppender.java:onNextImpl(251)) - s0@group-CBB7D3FE7667->s1-AppendLogResponseHandler: Request not found, ignoring reply: s0<-s1#16:OK,SUCCESS,nextIndex:1,term:1,followerCommit:-1
2019-09-24 16:04:36,535 WARN  server.GrpcLogAppender (GrpcLogAppender.java:onNextImpl(251)) - s0@group-CBB7D3FE7667->s1-AppendLogResponseHandler: Request not found, ignoring reply: s0<-s1#17:OK,SUCCESS,nextIndex:1,term:1,followerCommit:-1
2019-09-24 16:04:36,535 WARN  server.GrpcLogAppender (GrpcLogAppender.java:onNextImpl(251)) - s0@group-CBB7D3FE7667->s1-AppendLogResponseHandler: Request not found, ignoring reply: s0<-s1#18:OK,SUCCESS,nextIndex:1,term:1,followerCommit:-1
2019-09-24 16:04:36,536 WARN  server.GrpcLogAppender (GrpcLogAppender.java:onNextImpl(251)) - s0@group-CBB7D3FE7667->s1-AppendLogResponseHandler: Request not found, ignoring reply: s0<-s1#19:OK,SUCCESS,nextIndex:1,term:1,followerCommit:-1
2019-09-24 16:04:36,536 WARN  server.GrpcLogAppender (GrpcLogAppender.java:onNextImpl(251)) - s0@group-CBB7D3FE7667->s1-AppendLogResponseHandler: Request not found, ignoring reply: s0<-s1#20:OK,SUCCESS,nextIndex:1,term:1,followerCommit:-1
2019-09-24 16:04:36,536 WARN  server.GrpcLogAppender (GrpcLogAppender.java:onNextImpl(251)) - s0@group-CBB7D3FE7667->s1-AppendLogResponseHandler: Request not found, ignoring reply: s0<-s1#21:OK,SUCCESS,nextIndex:1,term:1,followerCommit:-1
2019-09-24 16:04:36,537 WARN  server.GrpcLogAppender (GrpcLogAppender.java:onNextImpl(251)) - s0@group-CBB7D3FE7667->s1-AppendLogResponseHandler: Request not found, ignoring reply: s0<-s1#22:OK,SUCCESS,nextIndex:1,term:1,followerCommit:-1
2019-09-24 16:04:36,537 WARN  server.GrpcLogAppender (GrpcLogAppender.java:timeoutAppendRequest(200)) - s0@group-CBB7D3FE7667->s2-GrpcLogAppender: appendEntries Timeout, request=s0->s2#40-t1, previous=(t:1, i:0), leaderCommit=-1, initializing? false, entries: <empty>
2019-09-24 16:04:36,537 WARN  server.GrpcLogAppender (GrpcLogAppender.java:timeoutAppendRequest(200)) - s0@group-CBB7D3FE7667->s1-GrpcLogAppender: appendEntries Timeout, request=s0->s1#40-t1, previous=(t:1, i:0), leaderCommit=-1, initializing? false, entries: <empty>
2019-09-24 16:04:36,537 WARN  server.GrpcLogAppender (GrpcLogAppender.java:onNextImpl(251)) - s0@group-CBB7D3FE7667->s1-AppendLogResponseHandler: Request not found, ignoring reply: s0<-s1#23:OK,SUCCESS,nextIndex:1,term:1,followerCommit:-1
2019-09-24 16:04:36,538 WARN  server.GrpcLogAppender (GrpcLogAppender.java:onNextImpl(251)) - s0@group-CBB7D3FE7667->s1-AppendLogResponseHandler: Request not found, ignoring reply: s0<-s1#24:OK,SUCCESS,nextIndex:1,term:1,followerCommit:-1
2019-09-24 16:04:36,538 WARN  server.GrpcLogAppender (GrpcLogAppender.java:onNextImpl(251)) - s0@group-CBB7D3FE7667->s1-AppendLogResponseHandler: Request not found, ignoring reply: s0<-s1#25:OK,SUCCESS,nextIndex:1,term:1,followerCommit:-1
2019-09-24 16:04:36,538 WARN  server.GrpcLogAppender (GrpcLogAppender.java:onNextImpl(251)) - s0@group-CBB7D3FE7667->s1-AppendLogResponseHandler: Request not found, ignoring reply: s0<-s1#26:OK,SUCCESS,nextIndex:1,term:1,followerCommit:-1
2019-09-24 16:04:36,539 WARN  server.GrpcLogAppender (GrpcLogAppender.java:onNextImpl(251)) - s0@group-CBB7D3FE7667->s1-AppendLogResponseHandler: Request not found, ignoring reply: s0<-s1#27:OK,SUCCESS,nextIndex:1,term:1,followerCommit:-1
2019-09-24 16:04:36,539 WARN  server.GrpcLogAppender (GrpcLogAppender.java:onNextImpl(251)) - s0@group-CBB7D3FE7667->s1-AppendLogResponseHandler: Request not found, ignoring reply: s0<-s1#28:OK,SUCCESS,nextIndex:1,term:1,followerCommit:-1
2019-09-24 16:04:36,539 WARN  server.GrpcLogAppender (GrpcLogAppender.java:onNextImpl(251)) - s0@group-CBB7D3FE7667->s1-AppendLogResponseHandler: Request not found, ignoring reply: s0<-s1#29:OK,SUCCESS,nextIndex:1,term:1,followerCommit:-1
2019-09-24 16:04:36,540 WARN  server.GrpcLogAppender (GrpcLogAppender.java:onNextImpl(251)) - s0@group-CBB7D3FE7667->s1-AppendLogResponseHandler: Request not found, ignoring reply: s0<-s1#30:OK,SUCCESS,nextIndex:1,term:1,followerCommit:-1
2019-09-24 16:04:36,540 WARN  server.GrpcLogAppender (GrpcLogAppender.java:onNextImpl(251)) - s0@group-CBB7D3FE7667->s1-AppendLogResponseHandler: Request not found, ignoring reply: s0<-s1#31:OK,SUCCESS,nextIndex:1,term:1,followerCommit:-1
2019-09-24 16:04:36,540 WARN  server.GrpcLogAppender (GrpcLogAppender.java:onNextImpl(251)) - s0@group-CBB7D3FE7667->s1-AppendLogResponseHandler: Request not found, ignoring reply: s0<-s1#32:OK,SUCCESS,nextIndex:1,term:1,followerCommit:-1
2019-09-24 16:04:36,541 WARN  server.GrpcLogAppender (GrpcLogAppender.java:onNextImpl(251)) - s0@group-CBB7D3FE7667->s1-AppendLogResponseHandler: Request not found, ignoring reply: s0<-s1#33:OK,SUCCESS,nextIndex:1,term:1,followerCommit:-1
2019-09-24 16:04:36,541 WARN  server.GrpcLogAppender (GrpcLogAppender.java:onNextImpl(251)) - s0@group-CBB7D3FE7667->s1-AppendLogResponseHandler: Request not found, ignoring reply: s0<-s1#34:OK,SUCCESS,nextIndex:1,term:1,followerCommit:-1
2019-09-24 16:04:36,541 WARN  server.GrpcLogAppender (GrpcLogAppender.java:onNextImpl(251)) - s0@group-CBB7D3FE7667->s1-AppendLogResponseHandler: Request not found, ignoring reply: s0<-s1#35:OK,SUCCESS,nextIndex:1,term:1,followerCommit:-1
2019-09-24 16:04:36,542 WARN  server.GrpcLogAppender (GrpcLogAppender.java:onNextImpl(251)) - s0@group-CBB7D3FE7667->s1-AppendLogResponseHandler: Request not found, ignoring reply: s0<-s1#36:OK,SUCCESS,nextIndex:1,term:1,followerCommit:-1
2019-09-24 16:04:36,542 WARN  server.GrpcLogAppender (GrpcLogAppender.java:onNextImpl(251)) - s0@group-CBB7D3FE7667->s1-AppendLogResponseHandler: Request not found, ignoring reply: s0<-s1#37:OK,SUCCESS,nextIndex:1,term:1,followerCommit:-1
2019-09-24 16:04:36,542 WARN  server.GrpcLogAppender (GrpcLogAppender.java:onNextImpl(251)) - s0@group-CBB7D3FE7667->s1-AppendLogResponseHandler: Request not found, ignoring reply: s0<-s1#38:OK,SUCCESS,nextIndex:1,term:1,followerCommit:-1
2019-09-24 16:04:36,543 WARN  server.GrpcLogAppender (GrpcLogAppender.java:onNextImpl(251)) - s0@group-CBB7D3FE7667->s1-AppendLogResponseHandler: Request not found, ignoring reply: s0<-s1#39:OK,SUCCESS,nextIndex:1,term:1,followerCommit:-1
2019-09-24 16:04:36,543 WARN  server.GrpcLogAppender (GrpcLogAppender.java:onNextImpl(251)) - s0@group-CBB7D3FE7667->s1-AppendLogResponseHandler: Request not found, ignoring reply: s0<-s1#40:OK,SUCCESS,nextIndex:1,term:1,followerCommit:-1
2019-09-24 16:04:36,577 DEBUG impl.RaftServerImpl (RaftServerImpl.java:logAppendEntries(850)) - s2@group-CBB7D3FE7667: succeeded to handle AppendEntries. Reply: s0<-s2#1:OK,SUCCESS,nextIndex:1,term:1,followerCommit:-1
2019-09-24 16:04:36,579 WARN  server.GrpcLogAppender (GrpcLogAppender.java:onNextImpl(251)) - s0@group-CBB7D3FE7667->s2-AppendLogResponseHandler: Request not found, ignoring reply: s0<-s2#1:OK,SUCCESS,nextIndex:1,term:1,followerCommit:-1
2019-09-24 16:04:36,580 WARN  server.GrpcLogAppender (GrpcLogAppender.java:onNextImpl(251)) - s0@group-CBB7D3FE7667->s2-AppendLogResponseHandler: Request not found, ignoring reply: s0<-s2#2:OK,SUCCESS,nextIndex:1,term:1,followerCommit:-1
2019-09-24 16:04:36,580 WARN  server.GrpcLogAppender (GrpcLogAppender.java:onNextImpl(251)) - s0@group-CBB7D3FE7667->s2-AppendLogResponseHandler: Request not found, ignoring reply: s0<-s2#3:OK,SUCCESS,nextIndex:1,term:1,followerCommit:-1
2019-09-24 16:04:36,581 WARN  server.GrpcLogAppender (GrpcLogAppender.java:onNextImpl(251)) - s0@group-CBB7D3FE7667->s2-AppendLogResponseHandler: Request not found, ignoring reply: s0<-s2#4:OK,SUCCESS,nextIndex:1,term:1,followerCommit:-1
2019-09-24 16:04:36,581 WARN  server.GrpcLogAppender (GrpcLogAppender.java:onNextImpl(251)) - s0@group-CBB7D3FE7667->s2-AppendLogResponseHandler: Request not found, ignoring reply: s0<-s2#5:OK,SUCCESS,nextIndex:1,term:1,followerCommit:-1
2019-09-24 16:04:36,582 WARN  server.GrpcLogAppender (GrpcLogAppender.java:onNextImpl(251)) - s0@group-CBB7D3FE7667->s2-AppendLogResponseHandler: Request not found, ignoring reply: s0<-s2#6:OK,SUCCESS,nextIndex:1,term:1,followerCommit:-1
2019-09-24 16:04:36,582 WARN  server.GrpcLogAppender (GrpcLogAppender.java:onNextImpl(251)) - s0@group-CBB7D3FE7667->s2-AppendLogResponseHandler: Request not found, ignoring reply: s0<-s2#7:OK,SUCCESS,nextIndex:1,term:1,followerCommit:-1
2019-09-24 16:04:36,583 WARN  server.GrpcLogAppender (GrpcLogAppender.java:onNextImpl(251)) - s0@group-CBB7D3FE7667->s2-AppendLogResponseHandler: Request not found, ignoring reply: s0<-s2#8:OK,SUCCESS,nextIndex:1,term:1,followerCommit:-1
2019-09-24 16:04:36,583 WARN  server.GrpcLogAppender (GrpcLogAppender.java:onNextImpl(251)) - s0@group-CBB7D3FE7667->s2-AppendLogResponseHandler: Request not found, ignoring reply: s0<-s2#9:OK,SUCCESS,nextIndex:1,term:1,followerCommit:-1
2019-09-24 16:04:36,583 WARN  server.GrpcLogAppender (GrpcLogAppender.java:onNextImpl(251)) - s0@group-CBB7D3FE7667->s2-AppendLogResponseHandler: Request not found, ignoring reply: s0<-s2#10:OK,SUCCESS,nextIndex:1,term:1,followerCommit:-1
2019-09-24 16:04:36,584 WARN  server.GrpcLogAppender (GrpcLogAppender.java:onNextImpl(251)) - s0@group-CBB7D3FE7667->s2-AppendLogResponseHandler: Request not found, ignoring reply: s0<-s2#11:OK,SUCCESS,nextIndex:1,term:1,followerCommit:-1
2019-09-24 16:04:36,584 WARN  server.GrpcLogAppender (GrpcLogAppender.java:onNextImpl(251)) - s0@group-CBB7D3FE7667->s2-AppendLogResponseHandler: Request not found, ignoring reply: s0<-s2#12:OK,SUCCESS,nextIndex:1,term:1,followerCommit:-1
2019-09-24 16:04:36,584 WARN  server.GrpcLogAppender (GrpcLogAppender.java:onNextImpl(251)) - s0@group-CBB7D3FE7667->s2-AppendLogResponseHandler: Request not found, ignoring reply: s0<-s2#13:OK,SUCCESS,nextIndex:1,term:1,followerCommit:-1
2019-09-24 16:04:36,585 WARN  server.GrpcLogAppender (GrpcLogAppender.java:onNextImpl(251)) - s0@group-CBB7D3FE7667->s2-AppendLogResponseHandler: Request not found, ignoring reply: s0<-s2#14:OK,SUCCESS,nextIndex:1,term:1,followerCommit:-1
2019-09-24 16:04:36,585 INFO  segmented.SegmentedRaftLogWorker (SegmentedRaftLogWorker.java:execute(569)) - s3@group-DFF3253C5C19-SegmentedRaftLogWorker: created new log segment /workdir/ratis-test/target/test/data/ca4e50c/MiniRaftClusterWithGrpcad38b086/s3/53138108-c031-4b37-8c3f-dff3253c5c19/current/log_inprogress_0
2019-09-24 16:04:36,585 WARN  server.GrpcLogAppender (GrpcLogAppender.java:onNextImpl(251)) - s0@group-CBB7D3FE7667->s2-AppendLogResponseHandler: Request not found, ignoring reply: s0<-s2#15:OK,SUCCESS,nextIndex:1,term:1,followerCommit:-1
2019-09-24 16:04:36,586 WARN  server.GrpcLogAppender (GrpcLogAppender.java:onNextImpl(251)) - s0@group-CBB7D3FE7667->s2-AppendLogResponseHandler: Request not found, ignoring reply: s0<-s2#16:OK,SUCCESS,nextIndex:1,term:1,followerCommit:-1
2019-09-24 16:04:36,586 WARN  server.GrpcLogAppender (GrpcLogAppender.java:onNextImpl(251)) - s0@group-CBB7D3FE7667->s2-AppendLogResponseHandler: Request not found, ignoring reply: s0<-s2#17:OK,SUCCESS,nextIndex:1,term:1,followerCommit:-1
2019-09-24 16:04:36,586 WARN  server.GrpcLogAppender (GrpcLogAppender.java:onNextImpl(251)) - s0@group-CBB7D3FE7667->s2-AppendLogResponseHandler: Request not found, ignoring reply: s0<-s2#18:OK,SUCCESS,nextIndex:1,term:1,followerCommit:-1
2019-09-24 16:04:36,587 WARN  server.GrpcLogAppender (GrpcLogAppender.java:onNextImpl(251)) - s0@group-CBB7D3FE7667->s2-AppendLogResponseHandler: Request not found, ignoring reply: s0<-s2#19:OK,SUCCESS,nextIndex:1,term:1,followerCommit:-1
2019-09-24 16:04:36,587 WARN  server.GrpcLogAppender (GrpcLogAppender.java:onNextImpl(251)) - s0@group-CBB7D3FE7667->s2-AppendLogResponseHandler: Request not found, ignoring reply: s0<-s2#20:OK,SUCCESS,nextIndex:1,term:1,followerCommit:-1
2019-09-24 16:04:36,587 WARN  server.GrpcLogAppender (GrpcLogAppender.java:onNextImpl(251)) - s0@group-CBB7D3FE7667->s2-AppendLogResponseHandler: Request not found, ignoring reply: s0<-s2#21:OK,SUCCESS,nextIndex:1,term:1,followerCommit:-1
2019-09-24 16:04:36,588 WARN  server.GrpcLogAppender (GrpcLogAppender.java:onNextImpl(251)) - s0@group-CBB7D3FE7667->s2-AppendLogResponseHandler: Request not found, ignoring reply: s0<-s2#22:OK,SUCCESS,nextIndex:1,term:1,followerCommit:-1
2019-09-24 16:04:36,588 WARN  server.GrpcLogAppender (GrpcLogAppender.java:onNextImpl(251)) - s0@group-CBB7D3FE7667->s2-AppendLogResponseHandler: Request not found, ignoring reply: s0<-s2#23:OK,SUCCESS,nextIndex:1,term:1,followerCommit:-1
2019-09-24 16:04:36,588 WARN  server.GrpcLogAppender (GrpcLogAppender.java:onNextImpl(251)) - s0@group-CBB7D3FE7667->s2-AppendLogResponseHandler: Request not found, ignoring reply: s0<-s2#24:OK,SUCCESS,nextIndex:1,term:1,followerCommit:-1
2019-09-24 16:04:36,589 WARN  server.GrpcLogAppender (GrpcLogAppender.java:onNextImpl(251)) - s0@group-CBB7D3FE7667->s2-AppendLogResponseHandler: Request not found, ignoring reply: s0<-s2#25:OK,SUCCESS,nextIndex:1,term:1,followerCommit:-1
2019-09-24 16:04:36,589 WARN  server.GrpcLogAppender (GrpcLogAppender.java:onNextImpl(251)) - s0@group-CBB7D3FE7667->s2-AppendLogResponseHandler: Request not found, ignoring reply: s0<-s2#26:OK,SUCCESS,nextIndex:1,term:1,followerCommit:-1
2019-09-24 16:04:36,590 WARN  server.GrpcLogAppender (GrpcLogAppender.java:onNextImpl(251)) - s0@group-CBB7D3FE7667->s2-AppendLogResponseHandler: Request not found, ignoring reply: s0<-s2#27:OK,SUCCESS,nextIndex:1,term:1,followerCommit:-1
2019-09-24 16:04:36,590 WARN  server.GrpcLogAppender (GrpcLogAppender.java:onNextImpl(251)) - s0@group-CBB7D3FE7667->s2-AppendLogResponseHandler: Request not found, ignoring reply: s0<-s2#28:OK,SUCCESS,nextIndex:1,term:1,followerCommit:-1
2019-09-24 16:04:36,590 WARN  server.GrpcLogAppender (GrpcLogAppender.java:onNextImpl(251)) - s0@group-CBB7D3FE7667->s2-AppendLogResponseHandler: Request not found, ignoring reply: s0<-s2#29:OK,SUCCESS,nextIndex:1,term:1,followerCommit:-1
2019-09-24 16:04:36,591 WARN  server.GrpcLogAppender (GrpcLogAppender.java:onNextImpl(251)) - s0@group-CBB7D3FE7667->s2-AppendLogResponseHandler: Request not found, ignoring reply: s0<-s2#30:OK,SUCCESS,nextIndex:1,term:1,followerCommit:-1
2019-09-24 16:04:36,591 WARN  server.GrpcLogAppender (GrpcLogAppender.java:onNextImpl(251)) - s0@group-CBB7D3FE7667->s2-AppendLogResponseHandler: Request not found, ignoring reply: s0<-s2#31:OK,SUCCESS,nextIndex:1,term:1,followerCommit:-1
2019-09-24 16:04:36,591 WARN  server.GrpcLogAppender (GrpcLogAppender.java:onNextImpl(251)) - s0@group-CBB7D3FE7667->s2-AppendLogResponseHandler: Request not found, ignoring reply: s0<-s2#32:OK,SUCCESS,nextIndex:1,term:1,followerCommit:-1
2019-09-24 16:04:36,592 WARN  server.GrpcLogAppender (GrpcLogAppender.java:onNextImpl(251)) - s0@group-CBB7D3FE7667->s2-AppendLogResponseHandler: Request not found, ignoring reply: s0<-s2#33:OK,SUCCESS,nextIndex:1,term:1,followerCommit:-1
2019-09-24 16:04:36,592 WARN  server.GrpcLogAppender (GrpcLogAppender.java:onNextImpl(251)) - s0@group-CBB7D3FE7667->s2-AppendLogResponseHandler: Request not found, ignoring reply: s0<-s2#34:OK,SUCCESS,nextIndex:1,term:1,followerCommit:-1
2019-09-24 16:04:36,592 WARN  server.GrpcLogAppender (GrpcLogAppender.java:onNextImpl(251)) - s0@group-CBB7D3FE7667->s2-AppendLogResponseHandler: Request not found, ignoring reply: s0<-s2#35:OK,SUCCESS,nextIndex:1,term:1,followerCommit:-1
2019-09-24 16:04:36,593 WARN  server.GrpcLogAppender (GrpcLogAppender.java:onNextImpl(251)) - s0@group-CBB7D3FE7667->s2-AppendLogResponseHandler: Request not found, ignoring reply: s0<-s2#36:OK,SUCCESS,nextIndex:1,term:1,followerCommit:-1
2019-09-24 16:04:36,593 WARN  server.GrpcLogAppender (GrpcLogAppender.java:onNextImpl(251)) - s0@group-CBB7D3FE7667->s2-AppendLogResponseHandler: Request not found, ignoring reply: s0<-s2#37:OK,SUCCESS,nextIndex:1,term:1,followerCommit:-1
2019-09-24 16:04:36,593 WARN  server.GrpcLogAppender (GrpcLogAppender.java:onNextImpl(251)) - s0@group-CBB7D3FE7667->s2-AppendLogResponseHandler: Request not found, ignoring reply: s0<-s2#38:OK,SUCCESS,nextIndex:1,term:1,followerCommit:-1
2019-09-24 16:04:36,594 WARN  server.GrpcLogAppender (GrpcLogAppender.java:onNextImpl(251)) - s0@group-CBB7D3FE7667->s2-AppendLogResponseHandler: Request not found, ignoring reply: s0<-s2#39:OK,SUCCESS,nextIndex:1,term:1,followerCommit:-1
2019-09-24 16:04:36,594 WARN  server.GrpcLogAppender (GrpcLogAppender.java:onNextImpl(251)) - s0@group-CBB7D3FE7667->s2-AppendLogResponseHandler: Request not found, ignoring reply: s0<-s2#40:OK,SUCCESS,nextIndex:1,term:1,followerCommit:-1
2019-09-24 16:04:37,023 INFO  impl.GroupManagementBaseTest (GroupManagementBaseTest.java:runMultiGroupTest(156)) - start: printing ALL groups
  s3:  RUNNING  FOLLOWER s3@group-43FA43FB2883:t0, leader=null, voted=null, raftlog=s3@group-43FA43FB2883-SegmentedRaftLog:OPENED:c-1,f-1,i0, conf=-1: [], old=null STARTING
  s4:  RUNNING  FOLLOWER s4@group-43FA43FB2883:t0, leader=null, voted=null, raftlog=s4@group-43FA43FB2883-SegmentedRaftLog:OPENED:c-1,f-1,i0, conf=-1: [], old=null STARTING
  s5:  RUNNING  FOLLOWER s5@group-43FA43FB2883:t0, leader=null, voted=null, raftlog=s5@group-43FA43FB2883-SegmentedRaftLog:OPENED:c-1,f-1,i0, conf=-1: [], old=null STARTING
  s6:  RUNNING  FOLLOWER s6@group-43FA43FB2883:t0, leader=null, voted=null, raftlog=s6@group-43FA43FB2883-SegmentedRaftLog:OPENED:c-1,f-1,i0, conf=-1: [], old=null STARTING
  s0:  RUNNING  FOLLOWER s0@group-43FA43FB2883:t0, leader=null, voted=null, raftlog=s0@group-43FA43FB2883-SegmentedRaftLog:OPENED:c-1,f-1,i0, conf=-1: [], old=null STARTING
  s1:  RUNNING  FOLLOWER s1@group-43FA43FB2883:t0, leader=null, voted=null, raftlog=s1@group-43FA43FB2883-SegmentedRaftLog:OPENED:c-1,f-1,i0, conf=-1: [], old=null STARTING
  s2:  RUNNING  FOLLOWER s2@group-43FA43FB2883:t0, leader=null, voted=null, raftlog=s2@group-43FA43FB2883-SegmentedRaftLog:OPENED:c-1,f-1,i0, conf=-1: [], old=null STARTING
2019-09-24 16:04:37,024 INFO  impl.GroupManagementBaseTest (GroupManagementBaseTest.java:runMultiGroupTest(169)) - 0) starting group-332776F71AC6:[s0:0.0.0.0:46775]
2019-09-24 16:04:37,025 DEBUG client.RaftClient (ConfUtils.java:logGet(43)) - raft.rpc.type = GRPC (default)
2019-09-24 16:04:37,025 DEBUG client.RaftClient (RaftClientImpl.java:sendRequest(275)) - client-09696D637F97: send GroupManagementRequest:client-09696D637F97->s0@group-332776F71AC6, cid=7, seq=0, RW, null, Add:group-332776F71AC6:[s0:0.0.0.0:46775]
2019-09-24 16:04:37,037 INFO  impl.RaftServerProxy (RaftServerProxy.java:addNew(89)) - s0: addNew group-332776F71AC6:[s0:0.0.0.0:46775] returns group-332776F71AC6:java.util.concurrent.CompletableFuture@6f4b8b67[Not completed]
2019-09-24 16:04:37,037 INFO  impl.RaftServerImpl (RaftServerImpl.java:<init>(95)) - s0: new RaftServerImpl for group-332776F71AC6:[s0:0.0.0.0:46775] with BaseStateMachine:uninitialized
2019-09-24 16:04:37,038 INFO  server.RaftServerConfigKeys (ConfUtils.java:logGet(43)) - raft.server.rpc.timeout.min = 150ms (default)
2019-09-24 16:04:37,038 INFO  server.RaftServerConfigKeys (ConfUtils.java:logGet(43)) - raft.server.rpc.timeout.max = 300ms (default)
2019-09-24 16:04:37,038 INFO  server.RaftServerConfigKeys (ConfUtils.java:logGet(43)) - raft.server.rpcslowness.timeout = 60s (default)
2019-09-24 16:04:37,038 INFO  server.RaftServerConfigKeys (ConfUtils.java:logGet(43)) - raft.server.sleep.deviation.threshold = 300 (default)
2019-09-24 16:04:37,038 INFO  server.RaftServerConfigKeys (ConfUtils.java:logGet(43)) - raft.server.log.appender.install.snapshot.enabled = true (default)
2019-09-24 16:04:37,039 INFO  impl.RaftServerImpl (ServerState.java:<init>(103)) - s0@group-332776F71AC6: ConfigurationManager, init=-1: [s0:0.0.0.0:46775], old=null, confs=<EMPTY_MAP>
2019-09-24 16:04:37,039 INFO  server.RaftServerConfigKeys (ConfUtils.java:logGet(43)) - raft.server.storage.dir = [/workdir/ratis-test/target/test/data/ca4e50c/MiniRaftClusterWithGrpce6429fb3/s0] (custom)
2019-09-24 16:04:37,040 INFO  server.RaftServerConfigKeys (ConfUtils.java:logGet(43)) - raft.server.log.corruption.policy = EXCEPTION (default)
2019-09-24 16:04:37,040 INFO  storage.RaftStorageDirectory (RaftStorageDirectory.java:analyzeStorage(246)) - The storage directory /workdir/ratis-test/target/test/data/ca4e50c/MiniRaftClusterWithGrpce6429fb3/s0/8d00de30-75ae-4ef8-b9e3-332776f71ac6 does not exist. Creating ...
2019-09-24 16:04:37,040 TRACE util.FileUtils (LogUtils.java:runAndLog(61)) - Successfully ran Files.createDirectories /workdir/ratis-test/target/test/data/ca4e50c/MiniRaftClusterWithGrpce6429fb3/s0/8d00de30-75ae-4ef8-b9e3-332776f71ac6
2019-09-24 16:04:37,053 INFO  storage.RaftStorageDirectory (RaftStorageDirectory.java:tryLock(328)) - Lock on /workdir/ratis-test/target/test/data/ca4e50c/MiniRaftClusterWithGrpce6429fb3/s0/8d00de30-75ae-4ef8-b9e3-332776f71ac6/in_use.lock acquired by nodename 2858@ratis-test-vphbd-3564017154
2019-09-24 16:04:37,054 TRACE util.FileUtils (LogUtils.java:runAndLog(61)) - Successfully ran Files.createDirectories /workdir/ratis-test/target/test/data/ca4e50c/MiniRaftClusterWithGrpce6429fb3/s0/8d00de30-75ae-4ef8-b9e3-332776f71ac6/current
2019-09-24 16:04:37,054 TRACE util.FileUtils (LogUtils.java:runAndLog(61)) - Successfully ran Files.createDirectories /workdir/ratis-test/target/test/data/ca4e50c/MiniRaftClusterWithGrpce6429fb3/s0/8d00de30-75ae-4ef8-b9e3-332776f71ac6/sm
2019-09-24 16:04:37,067 INFO  storage.RaftStorage (RaftStorage.java:format(84)) - Storage directory /workdir/ratis-test/target/test/data/ca4e50c/MiniRaftClusterWithGrpce6429fb3/s0/8d00de30-75ae-4ef8-b9e3-332776f71ac6 has been successfully formatted.
2019-09-24 16:04:37,067 INFO  server.RaftServerConfigKeys (ConfUtils.java:logGet(43)) - raft.server.notification.no-leader.timeout = 60s (default)
2019-09-24 16:04:37,068 INFO  server.RaftServerConfigKeys (ConfUtils.java:logGet(43)) - raft.server.log.use.memory = false (default)
2019-09-24 16:04:37,068 INFO  server.RaftServerConfigKeys (ConfUtils.java:logGet(43)) - raft.server.log.purge.gap = 1024 (default)
2019-09-24 16:04:37,068 INFO  server.RaftServerConfigKeys (ConfUtils.java:logGet(43)) - raft.server.log.appender.buffer.byte-limit = 4MB (=4194304) (default)
2019-09-24 16:04:37,068 INFO  server.RaftServerConfigKeys (ConfUtils.java:logGet(43)) - raft.server.log.segment.size.max = 8MB (=8388608) (default)
2019-09-24 16:04:37,069 INFO  server.RaftServerConfigKeys (ConfUtils.java:logGet(43)) - raft.server.log.segment.cache.num.max = 6 (default)
2019-09-24 16:04:37,069 INFO  segmented.SegmentedRaftLogWorker (SegmentedRaftLogWorker.java:<init>(172)) - new s0@group-332776F71AC6-SegmentedRaftLogWorker for RaftStorage:Storage Directory /workdir/ratis-test/target/test/data/ca4e50c/MiniRaftClusterWithGrpce6429fb3/s0/8d00de30-75ae-4ef8-b9e3-332776f71ac6
2019-09-24 16:04:37,071 INFO  server.RaftServerConfigKeys (ConfUtils.java:logGet(43)) - raft.server.log.queue.byte-limit = 64MB (=67108864) (default)
2019-09-24 16:04:37,071 INFO  server.RaftServerConfigKeys (ConfUtils.java:logGet(43)) - raft.server.log.queue.element-limit = 4096 (default)
2019-09-24 16:04:37,071 INFO  server.RaftServerConfigKeys (ConfUtils.java:logGet(43)) - raft.server.log.segment.size.max = 8MB (=8388608) (default)
2019-09-24 16:04:37,072 INFO  server.RaftServerConfigKeys (ConfUtils.java:logGet(43)) - raft.server.log.preallocated.size = 4MB (=4194304) (default)
2019-09-24 16:04:37,072 INFO  server.RaftServerConfigKeys (ConfUtils.java:logGet(43)) - raft.server.log.write.buffer.size = 64KB (=65536) (default)
2019-09-24 16:04:37,072 INFO  server.RaftServerConfigKeys (ConfUtils.java:logGet(43)) - raft.server.log.force.sync.num = 128 (default)
2019-09-24 16:04:37,072 INFO  server.RaftServerConfigKeys (ConfUtils.java:logGet(43)) - raft.server.log.statemachine.data.sync = true (default)
2019-09-24 16:04:37,072 INFO  server.RaftServerConfigKeys (ConfUtils.java:logGet(43)) - raft.server.log.statemachine.data.sync.timeout = 10s (default)
2019-09-24 16:04:37,073 INFO  server.RaftServerConfigKeys (ConfUtils.java:logGet(43)) - raft.server.log.statemachine.data.sync.timeout.retry = -1 (default)
2019-09-24 16:04:37,073 INFO  server.RaftServerConfigKeys (ConfUtils.java:logGet(43)) - raft.server.log.statemachine.data.caching.enabled = false (default)
2019-09-24 16:04:37,073 INFO  segmented.SegmentedRaftLogWorker (SegmentedRaftLogWorker.java:lambda$new$0(132)) - s0@group-332776F71AC6-SegmentedRaftLogWorker: flushIndex: setUnconditionally 0 -> -1
2019-09-24 16:04:37,074 INFO  server.RaftServerConfigKeys (ConfUtils.java:logGet(43)) - raft.server.snapshot.auto.trigger.enabled = false (default)
2019-09-24 16:04:37,074 INFO  server.RaftServerConfigKeys (ConfUtils.java:logGet(43)) - raft.server.snapshot.retention.file.num = -1 (default)
2019-09-24 16:04:37,074 INFO  server.RaftServerConfigKeys (ConfUtils.java:logGet(43)) - raft.server.retrycache.expirytime = 60s (default)
2019-09-24 16:04:37,079 DEBUG impl.RaftServerProxy (RaftServerProxy.java:lambda$groupAddAsync$10(380)) - s0: newImpl =      null s0@group-332776F71AC6:t0, leader=null, voted=null, raftlog=s0@group-332776F71AC6-SegmentedRaftLog:OPENED:c-1,f-1,i0, conf=-1: [s0:0.0.0.0:46775], old=null NEW
2019-09-24 16:04:37,079 INFO  impl.RaftServerImpl (RaftServerImpl.java:start(181)) - s0@group-332776F71AC6: start as a follower, conf=-1: [s0:0.0.0.0:46775], old=null
2019-09-24 16:04:37,079 INFO  impl.RaftServerImpl (RaftServerImpl.java:setRole(170)) - s0@group-332776F71AC6: changes role from      null to FOLLOWER at term 0 for startAsFollower
2019-09-24 16:04:37,079 INFO  impl.RoleInfo (RoleInfo.java:updateAndGet(143)) - s0: start FollowerState
2019-09-24 16:04:37,082 INFO  util.JmxRegister (JmxRegister.java:tryRegister(44)) - Successfully registered JMX Bean with object name Ratis:service=RaftServer,group=group-332776F71AC6,id=s0
2019-09-24 16:04:37,089 DEBUG client.RaftClient (RaftClientImpl.java:sendRequest(285)) - client-09696D637F97: receive RaftClientReply:client-09696D637F97->s0@group-332776F71AC6, cid=7, SUCCESS, logIndex=0, commits[s0:c-1]
2019-09-24 16:04:37,090 INFO  server.RaftServerConfigKeys (ConfUtils.java:logGet(43)) - raft.server.rpc.timeout.max = 300ms (default)
2019-09-24 16:04:37,092 INFO  ratis.RaftTestUtil (RaftTestUtil.java:waitForLeader(86)) - printing group-332776F71AC6
  s0:  RUNNING [
   FOLLOWER s0@group-332776F71AC6:t0, leader=null, voted=null, raftlog=s0@group-332776F71AC6-SegmentedRaftLog:OPENED:c-1,f-1,i0, conf=-1: [s0:0.0.0.0:46775], old=null RUNNING
   FOLLOWER s0@group-43FA43FB2883:t0, leader=null, voted=null, raftlog=s0@group-43FA43FB2883-SegmentedRaftLog:OPENED:c-1,f-1,i0, conf=-1: [], old=null STARTING] size=2
2019-09-24 16:04:37,092 WARN  ratis.RaftTestUtil (JavaUtils.java:attempt(158)) - FAILED "waitForLeader-group-332776F71AC6-(expectLeader? true)", attempt #1/100: java.lang.IllegalStateException: No leader yet  for group-332776F71AC6: printing group-332776F71AC6
  s0:  RUNNING [
   FOLLOWER s0@group-332776F71AC6:t0, leader=null, voted=null, raftlog=s0@group-332776F71AC6-SegmentedRaftLog:OPENED:c-1,f-1,i0, conf=-1: [s0:0.0.0.0:46775], old=null RUNNING
   FOLLOWER s0@group-43FA43FB2883:t0, leader=null, voted=null, raftlog=s0@group-43FA43FB2883-SegmentedRaftLog:OPENED:c-1,f-1,i0, conf=-1: [], old=null STARTING] size=2, sleep 450ms and then retry.
java.lang.IllegalStateException: No leader yet  for group-332776F71AC6: printing group-332776F71AC6
  s0:  RUNNING [
   FOLLOWER s0@group-332776F71AC6:t0, leader=null, voted=null, raftlog=s0@group-332776F71AC6-SegmentedRaftLog:OPENED:c-1,f-1,i0, conf=-1: [s0:0.0.0.0:46775], old=null RUNNING
   FOLLOWER s0@group-43FA43FB2883:t0, leader=null, voted=null, raftlog=s0@group-43FA43FB2883-SegmentedRaftLog:OPENED:c-1,f-1,i0, conf=-1: [], old=null STARTING] size=2
	at org.apache.ratis.MiniRaftCluster.newIllegalStateExceptionForNoLeaders(MiniRaftCluster.java:506)
	at org.apache.ratis.RaftTestUtil.lambda$waitForLeader$1(RaftTestUtil.java:90)
	at org.apache.ratis.MiniRaftCluster.getLeader(MiniRaftCluster.java:539)
	at org.apache.ratis.MiniRaftCluster.getLeader(MiniRaftCluster.java:532)
	at org.apache.ratis.RaftTestUtil.lambda$waitForLeader$3(RaftTestUtil.java:98)
	at org.apache.ratis.util.JavaUtils.attempt(JavaUtils.java:152)
	at org.apache.ratis.RaftTestUtil.waitForLeader(RaftTestUtil.java:97)
	at org.apache.ratis.RaftTestUtil.waitForLeader(RaftTestUtil.java:77)
	at org.apache.ratis.server.impl.GroupManagementBaseTest.runMultiGroupTest(GroupManagementBaseTest.java:175)
	at org.apache.ratis.server.impl.GroupManagementBaseTest.runMultiGroupTest(GroupManagementBaseTest.java:126)
	at org.apache.ratis.server.impl.GroupManagementBaseTest.testMultiGroup7Nodes(GroupManagementBaseTest.java:115)
	at sun.reflect.NativeMethodAccessorImpl.invoke0(Native Method)
	at sun.reflect.NativeMethodAccessorImpl.invoke(NativeMethodAccessorImpl.java:62)
	at sun.reflect.DelegatingMethodAccessorImpl.invoke(DelegatingMethodAccessorImpl.java:43)
	at java.lang.reflect.Method.invoke(Method.java:498)
	at org.junit.runners.model.FrameworkMethod$1.runReflectiveCall(FrameworkMethod.java:50)
	at org.junit.internal.runners.model.ReflectiveCallable.run(ReflectiveCallable.java:12)
	at org.junit.runners.model.FrameworkMethod.invokeExplosively(FrameworkMethod.java:47)
	at org.junit.internal.runners.statements.InvokeMethod.evaluate(InvokeMethod.java:17)
	at org.junit.internal.runners.statements.RunAfters.evaluate(RunAfters.java:27)
	at org.junit.internal.runners.statements.FailOnTimeout$CallableStatement.call(FailOnTimeout.java:298)
	at org.junit.internal.runners.statements.FailOnTimeout$CallableStatement.call(FailOnTimeout.java:292)
	at java.util.concurrent.FutureTask.run(FutureTask.java:266)
	at java.lang.Thread.run(Thread.java:748)
2019-09-24 16:04:37,314 INFO  impl.FollowerState (FollowerState.java:run(108)) - s0@group-332776F71AC6-FollowerState: change to CANDIDATE, lastRpcTime:234ms, electionTimeout:234ms
2019-09-24 16:04:37,315 INFO  impl.RoleInfo (RoleInfo.java:shutdownFollowerState(121)) - s0: shutdown FollowerState
2019-09-24 16:04:37,315 INFO  impl.RaftServerImpl (RaftServerImpl.java:setRole(170)) - s0@group-332776F71AC6: changes role from  FOLLOWER to CANDIDATE at term 0 for changeToCandidate
2019-09-24 16:04:37,315 INFO  impl.RoleInfo (RoleInfo.java:updateAndGet(143)) - s0: start LeaderElection
2019-09-24 16:04:37,331 INFO  impl.LeaderElection (LeaderElection.java:askForVotes(178)) - s0@group-332776F71AC6-LeaderElection12: begin an election at term 1 for -1: [s0:0.0.0.0:46775], old=null
2019-09-24 16:04:37,332 INFO  impl.RoleInfo (RoleInfo.java:shutdownLeaderElection(134)) - s0: shutdown LeaderElection
2019-09-24 16:04:37,332 INFO  impl.RaftServerImpl (RaftServerImpl.java:setRole(170)) - s0@group-332776F71AC6: changes role from CANDIDATE to LEADER at term 1 for changeToLeader
2019-09-24 16:04:37,332 INFO  impl.RaftServerImpl (ServerState.java:setLeader(254)) - s0@group-332776F71AC6: change Leader from null to s0 at term 1 for becomeLeader, leader elected after 264ms
2019-09-24 16:04:37,333 INFO  server.RaftServerConfigKeys (ConfUtils.java:logGet(43)) - raft.server.staging.catchup.gap = 1000 (default)
2019-09-24 16:04:37,333 INFO  server.RaftServerConfigKeys (ConfUtils.java:logGet(43)) - raft.server.rpc.sleep.time = 25ms (default)
2019-09-24 16:04:37,333 INFO  server.RaftServerConfigKeys (ConfUtils.java:logGet(43)) - raft.server.write.element-limit = 4096 (default)
2019-09-24 16:04:37,334 INFO  server.RaftServerConfigKeys (ConfUtils.java:logGet(43)) - raft.server.watch.timeout = 10s (default)
2019-09-24 16:04:37,334 INFO  server.RaftServerConfigKeys (ConfUtils.java:logGet(43)) - raft.server.watch.timeout.denomination = 1s (default)
2019-09-24 16:04:37,334 INFO  server.RaftServerConfigKeys (ConfUtils.java:logGet(43)) - raft.server.watch.element-limit = 65536 (default)
2019-09-24 16:04:37,340 INFO  impl.RoleInfo (RoleInfo.java:updateAndGet(143)) - s0: start LeaderState
2019-09-24 16:04:37,340 INFO  segmented.SegmentedRaftLogWorker (SegmentedRaftLogWorker.java:startLogSegment(380)) - s0@group-332776F71AC6-SegmentedRaftLogWorker: Starting segment from index:0
2019-09-24 16:04:37,341 INFO  impl.RaftServerImpl (ServerState.java:setRaftConf(355)) - s0@group-332776F71AC6: set configuration 0: [s0:0.0.0.0:46775], old=null at 0
2019-09-24 16:04:37,544 INFO  ratis.RaftTestUtil (RaftTestUtil.java:waitForLeader(101)) - printing group-332776F71AC6
  s0:  RUNNING [
     LEADER s0@group-332776F71AC6:t1, leader=s0, voted=s0, raftlog=s0@group-332776F71AC6-SegmentedRaftLog:OPENED:c-1,f-1,i0, conf=0: [s0:0.0.0.0:46775], old=null RUNNING
   FOLLOWER s0@group-43FA43FB2883:t0, leader=null, voted=null, raftlog=s0@group-43FA43FB2883-SegmentedRaftLog:OPENED:c-1,f-1,i0, conf=-1: [], old=null STARTING] size=2
2019-09-24 16:04:37,545 INFO  impl.GroupManagementBaseTest (GroupManagementBaseTest.java:runMultiGroupTest(169)) - 1) starting group-C767EAC39A60:[s3:0.0.0.0:46508, s4:0.0.0.0:36525, s5:0.0.0.0:38550, s1:0.0.0.0:37672, s2:0.0.0.0:40750]
2019-09-24 16:04:37,545 DEBUG client.RaftClient (ConfUtils.java:logGet(43)) - raft.rpc.type = GRPC (default)
2019-09-24 16:04:37,546 DEBUG client.RaftClient (RaftClientImpl.java:sendRequest(275)) - client-230E0B5AD117: send GroupManagementRequest:client-230E0B5AD117->s1@group-C767EAC39A60, cid=8, seq=0, RW, null, Add:group-C767EAC39A60:[s3:0.0.0.0:46508, s4:0.0.0.0:36525, s5:0.0.0.0:38550, s1:0.0.0.0:37672, s2:0.0.0.0:40750]
2019-09-24 16:04:37,559 INFO  impl.RaftServerProxy (RaftServerProxy.java:addNew(89)) - s1: addNew group-C767EAC39A60:[s3:0.0.0.0:46508, s4:0.0.0.0:36525, s5:0.0.0.0:38550, s1:0.0.0.0:37672, s2:0.0.0.0:40750] returns group-C767EAC39A60:java.util.concurrent.CompletableFuture@5e6ec0a3[Not completed]
2019-09-24 16:04:37,559 INFO  impl.RaftServerImpl (RaftServerImpl.java:<init>(95)) - s1: new RaftServerImpl for group-C767EAC39A60:[s3:0.0.0.0:46508, s4:0.0.0.0:36525, s5:0.0.0.0:38550, s1:0.0.0.0:37672, s2:0.0.0.0:40750] with BaseStateMachine:uninitialized
2019-09-24 16:04:37,559 INFO  server.RaftServerConfigKeys (ConfUtils.java:logGet(43)) - raft.server.rpc.timeout.min = 150ms (default)
2019-09-24 16:04:37,560 INFO  server.RaftServerConfigKeys (ConfUtils.java:logGet(43)) - raft.server.rpc.timeout.max = 300ms (default)
2019-09-24 16:04:37,560 INFO  server.RaftServerConfigKeys (ConfUtils.java:logGet(43)) - raft.server.rpcslowness.timeout = 60s (default)
2019-09-24 16:04:37,560 INFO  server.RaftServerConfigKeys (ConfUtils.java:logGet(43)) - raft.server.sleep.deviation.threshold = 300 (default)
2019-09-24 16:04:37,560 INFO  server.RaftServerConfigKeys (ConfUtils.java:logGet(43)) - raft.server.log.appender.install.snapshot.enabled = true (default)
2019-09-24 16:04:37,560 INFO  impl.RaftServerImpl (ServerState.java:<init>(103)) - s1@group-C767EAC39A60: ConfigurationManager, init=-1: [s3:0.0.0.0:46508, s4:0.0.0.0:36525, s5:0.0.0.0:38550, s1:0.0.0.0:37672, s2:0.0.0.0:40750], old=null, confs=<EMPTY_MAP>
2019-09-24 16:04:37,561 INFO  server.RaftServerConfigKeys (ConfUtils.java:logGet(43)) - raft.server.storage.dir = [/workdir/ratis-test/target/test/data/ca4e50c/MiniRaftClusterWithGrpce6429fb3/s1] (custom)
2019-09-24 16:04:37,561 INFO  server.RaftServerConfigKeys (ConfUtils.java:logGet(43)) - raft.server.log.corruption.policy = EXCEPTION (default)
2019-09-24 16:04:37,561 INFO  storage.RaftStorageDirectory (RaftStorageDirectory.java:analyzeStorage(246)) - The storage directory /workdir/ratis-test/target/test/data/ca4e50c/MiniRaftClusterWithGrpce6429fb3/s1/82f9cb01-1520-4c2d-918f-c767eac39a60 does not exist. Creating ...
2019-09-24 16:04:37,562 TRACE util.FileUtils (LogUtils.java:runAndLog(61)) - Successfully ran Files.createDirectories /workdir/ratis-test/target/test/data/ca4e50c/MiniRaftClusterWithGrpce6429fb3/s1/82f9cb01-1520-4c2d-918f-c767eac39a60
2019-09-24 16:04:39,179 INFO  ratis.MiniRaftCluster (MiniRaftCluster.java:lambda$null$5(297)) - TIMED-PRINT: printing ALL groups
  s3:  RUNNING [
   FOLLOWER s3@group-83F5C3382149:t0, leader=null, voted=null, raftlog=s3@group-83F5C3382149-SegmentedRaftLog:OPENED:c-1,f-1,i0, conf=-1: [], old=null STARTING
     LEADER s3@group-DFF3253C5C19:t1, leader=s3, voted=s3, raftlog=s3@group-DFF3253C5C19-SegmentedRaftLog:OPENED:c-1,f-1,i0, conf=0: [s3:0.0.0.0:40519], old=null RUNNING] size=2
  s4:  RUNNING  FOLLOWER s4@group-83F5C3382149:t0, leader=null, voted=null, raftlog=s4@group-83F5C3382149-SegmentedRaftLog:OPENED:c-1,f-1,i0, conf=-1: [], old=null STARTING
  s0:  RUNNING [
     LEADER s0@group-CBB7D3FE7667:t1, leader=s0, voted=s0, raftlog=s0@group-CBB7D3FE7667-SegmentedRaftLog:OPENED:c0,f0,i0, conf=0: [s0:0.0.0.0:46375, s1:0.0.0.0:33205, s2:0.0.0.0:46589], old=null RUNNING
   FOLLOWER s0@group-83F5C3382149:t0, leader=null, voted=null, raftlog=s0@group-83F5C3382149-SegmentedRaftLog:OPENED:c-1,f-1,i0, conf=-1: [], old=null STARTING] size=2
  s1:  RUNNING [
   FOLLOWER s1@group-CBB7D3FE7667:t1, leader=s0, voted=s0, raftlog=s1@group-CBB7D3FE7667-SegmentedRaftLog:OPENED:c0,f0,i0, conf=0: [s0:0.0.0.0:46375, s1:0.0.0.0:33205, s2:0.0.0.0:46589], old=null RUNNING
   FOLLOWER s1@group-83F5C3382149:t0, leader=null, voted=null, raftlog=s1@group-83F5C3382149-SegmentedRaftLog:OPENED:c-1,f-1,i0, conf=-1: [], old=null STARTING] size=2
  s2:  RUNNING [
   FOLLOWER s2@group-CBB7D3FE7667:t1, leader=s0, voted=s0, raftlog=s2@group-CBB7D3FE7667-SegmentedRaftLog:OPENED:c0,f0,i0, conf=0: [s0:0.0.0.0:46375, s1:0.0.0.0:33205, s2:0.0.0.0:46589], old=null RUNNING
   FOLLOWER s2@group-83F5C3382149:t0, leader=null, voted=null, raftlog=s2@group-83F5C3382149-SegmentedRaftLog:OPENED:c-1,f-1,i0, conf=-1: [], old=null STARTING] size=2
2019-09-24 16:04:40,549 DEBUG client.RaftClient (RaftClientImpl.java:handleIOException(343)) - client-230E0B5AD117: suggested new leader: null. Failed GroupManagementRequest:client-230E0B5AD117->s1@group-C767EAC39A60, cid=8, seq=0, RW, null, Add:group-C767EAC39A60:[s3:0.0.0.0:46508, s4:0.0.0.0:36525, s5:0.0.0.0:38550, s1:0.0.0.0:37672, s2:0.0.0.0:40750] with org.apache.ratis.protocol.TimeoutIOException: deadline exceeded after 2999646020ns
2019-09-24 16:04:40,549 DEBUG client.RaftClient (RaftClientImpl.java:handleIOException(362)) - client-230E0B5AD117: oldLeader=s1,  curLeader=s1, newLeader=null
]]></system-out>
  </testcase>
  <testcase name="testMultiGroup9Nodes" classname="org.apache.ratis.grpc.TestGroupManagementWithGrpc" time="15.259">
    <error message="deadline exceeded after 2999658671ns" type="org.apache.ratis.protocol.TimeoutIOException">org.apache.ratis.protocol.TimeoutIOException: deadline exceeded after 2999658671ns
Caused by: org.apache.ratis.thirdparty.io.grpc.StatusRuntimeException: DEADLINE_EXCEEDED: deadline exceeded after 2999658671ns
</error>
    <system-out><![CDATA[2019-09-24 16:04:40,553 INFO  util.LogUtils (LogUtils.java:setLogLevel(41)) - Set org.apache.ratis.conf.ConfUtils log level to WARN
2019-09-24 16:04:40,555 INFO  util.LogUtils (LogUtils.java:setLogLevel(41)) - Set org.apache.ratis.util.FileUtils log level to TRACE
2019-09-24 16:04:40,555 INFO  util.LogUtils (LogUtils.java:setLogLevel(41)) - Set org.apache.ratis.server.impl.RaftServerProxy log level to DEBUG
2019-09-24 16:04:40,555 INFO  util.LogUtils (LogUtils.java:setLogLevel(41)) - Set org.apache.ratis.server.impl.RaftServerImpl log level to DEBUG
2019-09-24 16:04:40,555 INFO  util.LogUtils (LogUtils.java:setLogLevel(41)) - Set org.apache.ratis.client.RaftClient log level to DEBUG
| null | init | 132 |
2019-09-24 16:04:40,557 INFO  ratis.MiniRaftCluster (MiniRaftCluster.java:<init>(253)) - new MiniRaftClusterWithGrpc with group-6A62D5A52E8A:[]
2019-09-24 16:04:40,558 INFO  impl.GroupManagementBaseTest (GroupManagementBaseTest.java:runMultiGroupTest(140)) - 

runMultiGroupTest with MiniRaftClusterWithGrpc[5, 8, 9]chosen=2: printing ALL groups
2019-09-24 16:04:40,558 INFO  impl.GroupManagementBaseTest (GroupManagementBaseTest.java:runMultiGroupTest(147)) - ids: [s0, s1, s2, s3, s4, s5, s6, s7, s8]
2019-09-24 16:04:40,559 INFO  ratis.MiniRaftCluster (MiniRaftCluster.java:newRaftServer(330)) - newRaftServer: s0, group-6A62D5A52E8A:[], format? true
2019-09-24 16:04:40,559 TRACE util.FileUtils (FileUtils.java:deleteFully(88)) - deleteFully target/test/data/ca4e50c/MiniRaftClusterWithGrpc5faab8f6/s0
2019-09-24 16:04:41,711 INFO  storage.RaftStorageDirectory (RaftStorageDirectory.java:tryLock(328)) - Lock on /workdir/ratis-test/target/test/data/ca4e50c/MiniRaftClusterWithGrpce6429fb3/s1/82f9cb01-1520-4c2d-918f-c767eac39a60/in_use.lock acquired by nodename 2858@ratis-test-vphbd-3564017154
2019-09-24 16:04:41,711 INFO  segmented.SegmentedRaftLogWorker (SegmentedRaftLogWorker.java:execute(569)) - s0@group-332776F71AC6-SegmentedRaftLogWorker: created new log segment /workdir/ratis-test/target/test/data/ca4e50c/MiniRaftClusterWithGrpce6429fb3/s0/8d00de30-75ae-4ef8-b9e3-332776f71ac6/current/log_inprogress_0
2019-09-24 16:04:41,712 TRACE util.FileUtils (LogUtils.java:runAndLog(61)) - Successfully ran Files.createDirectories /workdir/ratis-test/target/test/data/ca4e50c/MiniRaftClusterWithGrpce6429fb3/s1/82f9cb01-1520-4c2d-918f-c767eac39a60/current
2019-09-24 16:04:41,712 TRACE util.FileUtils (LogUtils.java:runAndLog(61)) - Successfully ran Files.createDirectories /workdir/ratis-test/target/test/data/ca4e50c/MiniRaftClusterWithGrpce6429fb3/s1/82f9cb01-1520-4c2d-918f-c767eac39a60/sm
2019-09-24 16:04:41,829 TRACE util.FileUtils (FileUtils.java:deleteFully(104)) - deleteFully: target/test/data/ca4e50c/MiniRaftClusterWithGrpc5faab8f6/s0 does not exist.
2019-09-24 16:04:41,829 INFO  ratis.MiniRaftCluster (MiniRaftCluster.java:newRaftServer(335)) - Formatted directory target/test/data/ca4e50c/MiniRaftClusterWithGrpc5faab8f6/s0
2019-09-24 16:04:41,830 DEBUG impl.RaftServerProxy (ServerImplUtils.java:newRaftServer(39)) - newRaftServer: s0, group-6A62D5A52E8A:[]
2019-09-24 16:04:41,830 INFO  impl.RaftServerProxy (ConfUtils.java:logGet(43)) - raft.rpc.type = GRPC (default)
2019-09-24 16:04:41,831 INFO  grpc.GrpcFactory (GrpcFactory.java:checkPooledByteBufAllocatorUseCacheForAllThreads(45)) - PERFORMANCE WARNING: useCacheForAllThreads is true that may cause Netty to create a lot garbage objects and, as a result, trigger GC.
	It is recommended to disable useCacheForAllThreads by setting -Dorg.apache.ratis.thirdparty.io.netty.allocator.useCacheForAllThreads=false in command line.
2019-09-24 16:04:41,831 INFO  grpc.GrpcConfigKeys$Server (ConfUtils.java:logGet(43)) - raft.grpc.server.port = 35997 (custom)
2019-09-24 16:04:41,831 INFO  server.GrpcService (ConfUtils.java:logGet(43)) - raft.grpc.message.size.max = 64MB (=67108864) (default)
2019-09-24 16:04:41,832 INFO  server.RaftServerConfigKeys (ConfUtils.java:logGet(43)) - raft.server.log.appender.buffer.byte-limit = 4MB (=4194304) (default)
2019-09-24 16:04:41,833 INFO  server.GrpcService (ConfUtils.java:logGet(43)) - raft.grpc.flow.control.window = 1MB (=1048576) (default)
2019-09-24 16:04:41,833 INFO  server.RaftServerConfigKeys (ConfUtils.java:logGet(43)) - raft.server.rpc.request.timeout = 3000ms (default)
2019-09-24 16:04:41,836 INFO  server.RaftServerConfigKeys (ConfUtils.java:logGet(43)) - raft.server.storage.dir = [/workdir/ratis-test/target/test/data/ca4e50c/MiniRaftClusterWithGrpc5faab8f6/s0] (custom)
2019-09-24 16:04:41,838 INFO  impl.RaftServerProxy (RaftServerProxy.java:addNew(89)) - s0: addNew group-6A62D5A52E8A:[] returns group-6A62D5A52E8A:java.util.concurrent.CompletableFuture@c1c4f33[Not completed]
2019-09-24 16:04:41,838 INFO  impl.RaftServerImpl (RaftServerImpl.java:<init>(95)) - s0: new RaftServerImpl for group-6A62D5A52E8A:[] with BaseStateMachine:uninitialized
2019-09-24 16:04:41,838 INFO  ratis.MiniRaftCluster (MiniRaftCluster.java:newRaftServer(330)) - newRaftServer: s1, group-6A62D5A52E8A:[], format? true
2019-09-24 16:04:41,840 INFO  server.RaftServerConfigKeys (ConfUtils.java:logGet(43)) - raft.server.rpc.timeout.min = 150ms (default)
2019-09-24 16:04:41,840 TRACE util.FileUtils (FileUtils.java:deleteFully(88)) - deleteFully target/test/data/ca4e50c/MiniRaftClusterWithGrpc5faab8f6/s1
2019-09-24 16:04:41,840 INFO  server.RaftServerConfigKeys (ConfUtils.java:logGet(43)) - raft.server.rpc.timeout.max = 300ms (default)
2019-09-24 16:04:41,841 INFO  server.RaftServerConfigKeys (ConfUtils.java:logGet(43)) - raft.server.rpcslowness.timeout = 60s (default)
2019-09-24 16:04:41,841 TRACE util.FileUtils (FileUtils.java:deleteFully(104)) - deleteFully: target/test/data/ca4e50c/MiniRaftClusterWithGrpc5faab8f6/s1 does not exist.
2019-09-24 16:04:41,841 INFO  server.RaftServerConfigKeys (ConfUtils.java:logGet(43)) - raft.server.sleep.deviation.threshold = 300 (default)
2019-09-24 16:04:41,841 INFO  ratis.MiniRaftCluster (MiniRaftCluster.java:newRaftServer(335)) - Formatted directory target/test/data/ca4e50c/MiniRaftClusterWithGrpc5faab8f6/s1
2019-09-24 16:04:41,841 INFO  server.RaftServerConfigKeys (ConfUtils.java:logGet(43)) - raft.server.log.appender.install.snapshot.enabled = true (default)
2019-09-24 16:04:41,842 INFO  impl.RaftServerImpl (ServerState.java:<init>(103)) - s0@group-6A62D5A52E8A: ConfigurationManager, init=-1: [], old=null, confs=<EMPTY_MAP>
2019-09-24 16:04:41,842 DEBUG impl.RaftServerProxy (ServerImplUtils.java:newRaftServer(39)) - newRaftServer: s1, group-6A62D5A52E8A:[]
2019-09-24 16:04:41,842 INFO  server.RaftServerConfigKeys (ConfUtils.java:logGet(43)) - raft.server.storage.dir = [/workdir/ratis-test/target/test/data/ca4e50c/MiniRaftClusterWithGrpc5faab8f6/s0] (custom)
2019-09-24 16:04:41,842 INFO  impl.RaftServerProxy (ConfUtils.java:logGet(43)) - raft.rpc.type = GRPC (default)
2019-09-24 16:04:41,843 INFO  server.RaftServerConfigKeys (ConfUtils.java:logGet(43)) - raft.server.log.corruption.policy = EXCEPTION (default)
2019-09-24 16:04:41,843 INFO  grpc.GrpcFactory (GrpcFactory.java:checkPooledByteBufAllocatorUseCacheForAllThreads(45)) - PERFORMANCE WARNING: useCacheForAllThreads is true that may cause Netty to create a lot garbage objects and, as a result, trigger GC.
	It is recommended to disable useCacheForAllThreads by setting -Dorg.apache.ratis.thirdparty.io.netty.allocator.useCacheForAllThreads=false in command line.
2019-09-24 16:04:41,843 INFO  storage.RaftStorageDirectory (RaftStorageDirectory.java:analyzeStorage(246)) - The storage directory /workdir/ratis-test/target/test/data/ca4e50c/MiniRaftClusterWithGrpc5faab8f6/s0/1f69b219-53a7-49ee-8928-6a62d5a52e8a does not exist. Creating ...
2019-09-24 16:04:41,843 INFO  grpc.GrpcConfigKeys$Server (ConfUtils.java:logGet(43)) - raft.grpc.server.port = 34886 (custom)
2019-09-24 16:04:41,844 INFO  server.GrpcService (ConfUtils.java:logGet(43)) - raft.grpc.message.size.max = 64MB (=67108864) (default)
2019-09-24 16:04:41,844 INFO  server.RaftServerConfigKeys (ConfUtils.java:logGet(43)) - raft.server.log.appender.buffer.byte-limit = 4MB (=4194304) (default)
2019-09-24 16:04:41,844 TRACE util.FileUtils (LogUtils.java:runAndLog(61)) - Successfully ran Files.createDirectories /workdir/ratis-test/target/test/data/ca4e50c/MiniRaftClusterWithGrpc5faab8f6/s0/1f69b219-53a7-49ee-8928-6a62d5a52e8a
2019-09-24 16:04:41,844 INFO  server.GrpcService (ConfUtils.java:logGet(43)) - raft.grpc.flow.control.window = 1MB (=1048576) (default)
2019-09-24 16:04:41,845 INFO  server.RaftServerConfigKeys (ConfUtils.java:logGet(43)) - raft.server.rpc.request.timeout = 3000ms (default)
2019-09-24 16:04:41,846 INFO  server.RaftServerConfigKeys (ConfUtils.java:logGet(43)) - raft.server.storage.dir = [/workdir/ratis-test/target/test/data/ca4e50c/MiniRaftClusterWithGrpc5faab8f6/s1] (custom)
2019-09-24 16:04:41,846 INFO  impl.RaftServerProxy (RaftServerProxy.java:addNew(89)) - s1: addNew group-6A62D5A52E8A:[] returns group-6A62D5A52E8A:java.util.concurrent.CompletableFuture@23802df[Not completed]
2019-09-24 16:04:41,847 INFO  impl.RaftServerImpl (RaftServerImpl.java:<init>(95)) - s1: new RaftServerImpl for group-6A62D5A52E8A:[] with BaseStateMachine:uninitialized
2019-09-24 16:04:41,847 INFO  ratis.MiniRaftCluster (MiniRaftCluster.java:newRaftServer(330)) - newRaftServer: s2, group-6A62D5A52E8A:[], format? true
2019-09-24 16:04:41,847 INFO  server.RaftServerConfigKeys (ConfUtils.java:logGet(43)) - raft.server.rpc.timeout.min = 150ms (default)
2019-09-24 16:04:41,848 TRACE util.FileUtils (FileUtils.java:deleteFully(88)) - deleteFully target/test/data/ca4e50c/MiniRaftClusterWithGrpc5faab8f6/s2
2019-09-24 16:04:41,848 INFO  server.RaftServerConfigKeys (ConfUtils.java:logGet(43)) - raft.server.rpc.timeout.max = 300ms (default)
2019-09-24 16:04:41,848 TRACE util.FileUtils (FileUtils.java:deleteFully(104)) - deleteFully: target/test/data/ca4e50c/MiniRaftClusterWithGrpc5faab8f6/s2 does not exist.
2019-09-24 16:04:41,848 INFO  server.RaftServerConfigKeys (ConfUtils.java:logGet(43)) - raft.server.rpcslowness.timeout = 60s (default)
2019-09-24 16:04:41,848 INFO  ratis.MiniRaftCluster (MiniRaftCluster.java:newRaftServer(335)) - Formatted directory target/test/data/ca4e50c/MiniRaftClusterWithGrpc5faab8f6/s2
2019-09-24 16:04:41,848 INFO  server.RaftServerConfigKeys (ConfUtils.java:logGet(43)) - raft.server.sleep.deviation.threshold = 300 (default)
2019-09-24 16:04:41,849 INFO  server.RaftServerConfigKeys (ConfUtils.java:logGet(43)) - raft.server.log.appender.install.snapshot.enabled = true (default)
2019-09-24 16:04:41,849 DEBUG impl.RaftServerProxy (ServerImplUtils.java:newRaftServer(39)) - newRaftServer: s2, group-6A62D5A52E8A:[]
2019-09-24 16:04:41,849 INFO  impl.RaftServerImpl (ServerState.java:<init>(103)) - s1@group-6A62D5A52E8A: ConfigurationManager, init=-1: [], old=null, confs=<EMPTY_MAP>
2019-09-24 16:04:41,849 INFO  impl.RaftServerProxy (ConfUtils.java:logGet(43)) - raft.rpc.type = GRPC (default)
2019-09-24 16:04:41,849 INFO  server.RaftServerConfigKeys (ConfUtils.java:logGet(43)) - raft.server.storage.dir = [/workdir/ratis-test/target/test/data/ca4e50c/MiniRaftClusterWithGrpc5faab8f6/s1] (custom)
2019-09-24 16:04:41,849 INFO  grpc.GrpcFactory (GrpcFactory.java:checkPooledByteBufAllocatorUseCacheForAllThreads(45)) - PERFORMANCE WARNING: useCacheForAllThreads is true that may cause Netty to create a lot garbage objects and, as a result, trigger GC.
	It is recommended to disable useCacheForAllThreads by setting -Dorg.apache.ratis.thirdparty.io.netty.allocator.useCacheForAllThreads=false in command line.
2019-09-24 16:04:41,850 INFO  server.RaftServerConfigKeys (ConfUtils.java:logGet(43)) - raft.server.log.corruption.policy = EXCEPTION (default)
2019-09-24 16:04:41,850 INFO  grpc.GrpcConfigKeys$Server (ConfUtils.java:logGet(43)) - raft.grpc.server.port = 44071 (custom)
2019-09-24 16:04:41,850 INFO  storage.RaftStorageDirectory (RaftStorageDirectory.java:analyzeStorage(246)) - The storage directory /workdir/ratis-test/target/test/data/ca4e50c/MiniRaftClusterWithGrpc5faab8f6/s1/1f69b219-53a7-49ee-8928-6a62d5a52e8a does not exist. Creating ...
2019-09-24 16:04:41,850 INFO  server.GrpcService (ConfUtils.java:logGet(43)) - raft.grpc.message.size.max = 64MB (=67108864) (default)
2019-09-24 16:04:41,850 INFO  server.RaftServerConfigKeys (ConfUtils.java:logGet(43)) - raft.server.log.appender.buffer.byte-limit = 4MB (=4194304) (default)
2019-09-24 16:04:41,851 TRACE util.FileUtils (LogUtils.java:runAndLog(61)) - Successfully ran Files.createDirectories /workdir/ratis-test/target/test/data/ca4e50c/MiniRaftClusterWithGrpc5faab8f6/s1/1f69b219-53a7-49ee-8928-6a62d5a52e8a
2019-09-24 16:04:41,851 INFO  server.GrpcService (ConfUtils.java:logGet(43)) - raft.grpc.flow.control.window = 1MB (=1048576) (default)
2019-09-24 16:04:41,851 INFO  server.RaftServerConfigKeys (ConfUtils.java:logGet(43)) - raft.server.rpc.request.timeout = 3000ms (default)
2019-09-24 16:04:41,852 INFO  server.RaftServerConfigKeys (ConfUtils.java:logGet(43)) - raft.server.storage.dir = [/workdir/ratis-test/target/test/data/ca4e50c/MiniRaftClusterWithGrpc5faab8f6/s2] (custom)
2019-09-24 16:04:41,852 INFO  impl.RaftServerProxy (RaftServerProxy.java:addNew(89)) - s2: addNew group-6A62D5A52E8A:[] returns group-6A62D5A52E8A:java.util.concurrent.CompletableFuture@5bd084a2[Not completed]
2019-09-24 16:04:41,852 INFO  impl.RaftServerImpl (RaftServerImpl.java:<init>(95)) - s2: new RaftServerImpl for group-6A62D5A52E8A:[] with BaseStateMachine:uninitialized
2019-09-24 16:04:41,852 INFO  ratis.MiniRaftCluster (MiniRaftCluster.java:newRaftServer(330)) - newRaftServer: s3, group-6A62D5A52E8A:[], format? true
2019-09-24 16:04:41,853 INFO  server.RaftServerConfigKeys (ConfUtils.java:logGet(43)) - raft.server.rpc.timeout.min = 150ms (default)
2019-09-24 16:04:41,853 TRACE util.FileUtils (FileUtils.java:deleteFully(88)) - deleteFully target/test/data/ca4e50c/MiniRaftClusterWithGrpc5faab8f6/s3
2019-09-24 16:04:41,854 INFO  server.RaftServerConfigKeys (ConfUtils.java:logGet(43)) - raft.server.rpc.timeout.max = 300ms (default)
2019-09-24 16:04:41,854 INFO  server.RaftServerConfigKeys (ConfUtils.java:logGet(43)) - raft.server.rpcslowness.timeout = 60s (default)
2019-09-24 16:04:41,854 TRACE util.FileUtils (FileUtils.java:deleteFully(104)) - deleteFully: target/test/data/ca4e50c/MiniRaftClusterWithGrpc5faab8f6/s3 does not exist.
2019-09-24 16:04:41,854 INFO  server.RaftServerConfigKeys (ConfUtils.java:logGet(43)) - raft.server.sleep.deviation.threshold = 300 (default)
2019-09-24 16:04:41,854 INFO  ratis.MiniRaftCluster (MiniRaftCluster.java:newRaftServer(335)) - Formatted directory target/test/data/ca4e50c/MiniRaftClusterWithGrpc5faab8f6/s3
2019-09-24 16:04:41,854 INFO  server.RaftServerConfigKeys (ConfUtils.java:logGet(43)) - raft.server.log.appender.install.snapshot.enabled = true (default)
2019-09-24 16:04:41,855 INFO  impl.RaftServerImpl (ServerState.java:<init>(103)) - s2@group-6A62D5A52E8A: ConfigurationManager, init=-1: [], old=null, confs=<EMPTY_MAP>
2019-09-24 16:04:41,855 DEBUG impl.RaftServerProxy (ServerImplUtils.java:newRaftServer(39)) - newRaftServer: s3, group-6A62D5A52E8A:[]
2019-09-24 16:04:41,855 INFO  server.RaftServerConfigKeys (ConfUtils.java:logGet(43)) - raft.server.storage.dir = [/workdir/ratis-test/target/test/data/ca4e50c/MiniRaftClusterWithGrpc5faab8f6/s2] (custom)
2019-09-24 16:04:41,855 INFO  impl.RaftServerProxy (ConfUtils.java:logGet(43)) - raft.rpc.type = GRPC (default)
2019-09-24 16:04:41,855 INFO  server.RaftServerConfigKeys (ConfUtils.java:logGet(43)) - raft.server.log.corruption.policy = EXCEPTION (default)
2019-09-24 16:04:41,855 INFO  grpc.GrpcFactory (GrpcFactory.java:checkPooledByteBufAllocatorUseCacheForAllThreads(45)) - PERFORMANCE WARNING: useCacheForAllThreads is true that may cause Netty to create a lot garbage objects and, as a result, trigger GC.
	It is recommended to disable useCacheForAllThreads by setting -Dorg.apache.ratis.thirdparty.io.netty.allocator.useCacheForAllThreads=false in command line.
2019-09-24 16:04:41,855 INFO  storage.RaftStorageDirectory (RaftStorageDirectory.java:analyzeStorage(246)) - The storage directory /workdir/ratis-test/target/test/data/ca4e50c/MiniRaftClusterWithGrpc5faab8f6/s2/1f69b219-53a7-49ee-8928-6a62d5a52e8a does not exist. Creating ...
2019-09-24 16:04:41,856 INFO  grpc.GrpcConfigKeys$Server (ConfUtils.java:logGet(43)) - raft.grpc.server.port = 33150 (custom)
2019-09-24 16:04:41,856 INFO  server.GrpcService (ConfUtils.java:logGet(43)) - raft.grpc.message.size.max = 64MB (=67108864) (default)
2019-09-24 16:04:41,856 TRACE util.FileUtils (LogUtils.java:runAndLog(61)) - Successfully ran Files.createDirectories /workdir/ratis-test/target/test/data/ca4e50c/MiniRaftClusterWithGrpc5faab8f6/s2/1f69b219-53a7-49ee-8928-6a62d5a52e8a
2019-09-24 16:04:41,856 INFO  server.RaftServerConfigKeys (ConfUtils.java:logGet(43)) - raft.server.log.appender.buffer.byte-limit = 4MB (=4194304) (default)
2019-09-24 16:04:41,857 INFO  server.GrpcService (ConfUtils.java:logGet(43)) - raft.grpc.flow.control.window = 1MB (=1048576) (default)
2019-09-24 16:04:41,857 INFO  server.RaftServerConfigKeys (ConfUtils.java:logGet(43)) - raft.server.rpc.request.timeout = 3000ms (default)
2019-09-24 16:04:41,857 INFO  server.RaftServerConfigKeys (ConfUtils.java:logGet(43)) - raft.server.storage.dir = [/workdir/ratis-test/target/test/data/ca4e50c/MiniRaftClusterWithGrpc5faab8f6/s3] (custom)
2019-09-24 16:04:41,858 INFO  impl.RaftServerProxy (RaftServerProxy.java:addNew(89)) - s3: addNew group-6A62D5A52E8A:[] returns group-6A62D5A52E8A:java.util.concurrent.CompletableFuture@567885a4[Not completed]
2019-09-24 16:04:41,858 INFO  impl.RaftServerImpl (RaftServerImpl.java:<init>(95)) - s3: new RaftServerImpl for group-6A62D5A52E8A:[] with BaseStateMachine:uninitialized
2019-09-24 16:04:41,858 INFO  ratis.MiniRaftCluster (MiniRaftCluster.java:newRaftServer(330)) - newRaftServer: s4, group-6A62D5A52E8A:[], format? true
2019-09-24 16:04:41,859 INFO  server.RaftServerConfigKeys (ConfUtils.java:logGet(43)) - raft.server.rpc.timeout.min = 150ms (default)
2019-09-24 16:04:41,859 TRACE util.FileUtils (FileUtils.java:deleteFully(88)) - deleteFully target/test/data/ca4e50c/MiniRaftClusterWithGrpc5faab8f6/s4
2019-09-24 16:04:41,859 INFO  server.RaftServerConfigKeys (ConfUtils.java:logGet(43)) - raft.server.rpc.timeout.max = 300ms (default)
2019-09-24 16:04:41,859 TRACE util.FileUtils (FileUtils.java:deleteFully(104)) - deleteFully: target/test/data/ca4e50c/MiniRaftClusterWithGrpc5faab8f6/s4 does not exist.
2019-09-24 16:04:41,859 INFO  server.RaftServerConfigKeys (ConfUtils.java:logGet(43)) - raft.server.rpcslowness.timeout = 60s (default)
2019-09-24 16:04:41,860 INFO  ratis.MiniRaftCluster (MiniRaftCluster.java:newRaftServer(335)) - Formatted directory target/test/data/ca4e50c/MiniRaftClusterWithGrpc5faab8f6/s4
2019-09-24 16:04:41,860 INFO  server.RaftServerConfigKeys (ConfUtils.java:logGet(43)) - raft.server.sleep.deviation.threshold = 300 (default)
2019-09-24 16:04:41,860 INFO  server.RaftServerConfigKeys (ConfUtils.java:logGet(43)) - raft.server.log.appender.install.snapshot.enabled = true (default)
2019-09-24 16:04:41,860 DEBUG impl.RaftServerProxy (ServerImplUtils.java:newRaftServer(39)) - newRaftServer: s4, group-6A62D5A52E8A:[]
2019-09-24 16:04:41,860 INFO  impl.RaftServerImpl (ServerState.java:<init>(103)) - s3@group-6A62D5A52E8A: ConfigurationManager, init=-1: [], old=null, confs=<EMPTY_MAP>
2019-09-24 16:04:41,860 INFO  impl.RaftServerProxy (ConfUtils.java:logGet(43)) - raft.rpc.type = GRPC (default)
2019-09-24 16:04:41,861 INFO  server.RaftServerConfigKeys (ConfUtils.java:logGet(43)) - raft.server.storage.dir = [/workdir/ratis-test/target/test/data/ca4e50c/MiniRaftClusterWithGrpc5faab8f6/s3] (custom)
2019-09-24 16:04:41,861 INFO  grpc.GrpcFactory (GrpcFactory.java:checkPooledByteBufAllocatorUseCacheForAllThreads(45)) - PERFORMANCE WARNING: useCacheForAllThreads is true that may cause Netty to create a lot garbage objects and, as a result, trigger GC.
	It is recommended to disable useCacheForAllThreads by setting -Dorg.apache.ratis.thirdparty.io.netty.allocator.useCacheForAllThreads=false in command line.
2019-09-24 16:04:41,861 INFO  server.RaftServerConfigKeys (ConfUtils.java:logGet(43)) - raft.server.log.corruption.policy = EXCEPTION (default)
2019-09-24 16:04:41,861 INFO  grpc.GrpcConfigKeys$Server (ConfUtils.java:logGet(43)) - raft.grpc.server.port = 39003 (custom)
2019-09-24 16:04:41,861 INFO  storage.RaftStorageDirectory (RaftStorageDirectory.java:analyzeStorage(246)) - The storage directory /workdir/ratis-test/target/test/data/ca4e50c/MiniRaftClusterWithGrpc5faab8f6/s3/1f69b219-53a7-49ee-8928-6a62d5a52e8a does not exist. Creating ...
2019-09-24 16:04:41,861 INFO  server.GrpcService (ConfUtils.java:logGet(43)) - raft.grpc.message.size.max = 64MB (=67108864) (default)
2019-09-24 16:04:41,862 INFO  server.RaftServerConfigKeys (ConfUtils.java:logGet(43)) - raft.server.log.appender.buffer.byte-limit = 4MB (=4194304) (default)
2019-09-24 16:04:41,862 TRACE util.FileUtils (LogUtils.java:runAndLog(61)) - Successfully ran Files.createDirectories /workdir/ratis-test/target/test/data/ca4e50c/MiniRaftClusterWithGrpc5faab8f6/s3/1f69b219-53a7-49ee-8928-6a62d5a52e8a
2019-09-24 16:04:41,862 INFO  server.GrpcService (ConfUtils.java:logGet(43)) - raft.grpc.flow.control.window = 1MB (=1048576) (default)
2019-09-24 16:04:41,862 INFO  server.RaftServerConfigKeys (ConfUtils.java:logGet(43)) - raft.server.rpc.request.timeout = 3000ms (default)
2019-09-24 16:04:41,863 INFO  server.RaftServerConfigKeys (ConfUtils.java:logGet(43)) - raft.server.storage.dir = [/workdir/ratis-test/target/test/data/ca4e50c/MiniRaftClusterWithGrpc5faab8f6/s4] (custom)
2019-09-24 16:04:41,863 INFO  impl.RaftServerProxy (RaftServerProxy.java:addNew(89)) - s4: addNew group-6A62D5A52E8A:[] returns group-6A62D5A52E8A:java.util.concurrent.CompletableFuture@7775039e[Not completed]
2019-09-24 16:04:41,864 INFO  impl.RaftServerImpl (RaftServerImpl.java:<init>(95)) - s4: new RaftServerImpl for group-6A62D5A52E8A:[] with BaseStateMachine:uninitialized
2019-09-24 16:04:41,864 INFO  ratis.MiniRaftCluster (MiniRaftCluster.java:newRaftServer(330)) - newRaftServer: s5, group-6A62D5A52E8A:[], format? true
2019-09-24 16:04:41,866 INFO  server.RaftServerConfigKeys (ConfUtils.java:logGet(43)) - raft.server.rpc.timeout.min = 150ms (default)
2019-09-24 16:04:41,866 TRACE util.FileUtils (FileUtils.java:deleteFully(88)) - deleteFully target/test/data/ca4e50c/MiniRaftClusterWithGrpc5faab8f6/s5
2019-09-24 16:04:41,866 INFO  server.RaftServerConfigKeys (ConfUtils.java:logGet(43)) - raft.server.rpc.timeout.max = 300ms (default)
2019-09-24 16:04:41,866 TRACE util.FileUtils (FileUtils.java:deleteFully(104)) - deleteFully: target/test/data/ca4e50c/MiniRaftClusterWithGrpc5faab8f6/s5 does not exist.
2019-09-24 16:04:41,866 INFO  ratis.MiniRaftCluster (MiniRaftCluster.java:newRaftServer(335)) - Formatted directory target/test/data/ca4e50c/MiniRaftClusterWithGrpc5faab8f6/s5
2019-09-24 16:04:41,866 INFO  server.RaftServerConfigKeys (ConfUtils.java:logGet(43)) - raft.server.rpcslowness.timeout = 60s (default)
2019-09-24 16:04:41,867 INFO  server.RaftServerConfigKeys (ConfUtils.java:logGet(43)) - raft.server.sleep.deviation.threshold = 300 (default)
2019-09-24 16:04:41,867 DEBUG impl.RaftServerProxy (ServerImplUtils.java:newRaftServer(39)) - newRaftServer: s5, group-6A62D5A52E8A:[]
2019-09-24 16:04:41,867 INFO  server.RaftServerConfigKeys (ConfUtils.java:logGet(43)) - raft.server.log.appender.install.snapshot.enabled = true (default)
2019-09-24 16:04:41,867 INFO  impl.RaftServerProxy (ConfUtils.java:logGet(43)) - raft.rpc.type = GRPC (default)
2019-09-24 16:04:41,867 INFO  impl.RaftServerImpl (ServerState.java:<init>(103)) - s4@group-6A62D5A52E8A: ConfigurationManager, init=-1: [], old=null, confs=<EMPTY_MAP>
2019-09-24 16:04:41,867 INFO  grpc.GrpcFactory (GrpcFactory.java:checkPooledByteBufAllocatorUseCacheForAllThreads(45)) - PERFORMANCE WARNING: useCacheForAllThreads is true that may cause Netty to create a lot garbage objects and, as a result, trigger GC.
	It is recommended to disable useCacheForAllThreads by setting -Dorg.apache.ratis.thirdparty.io.netty.allocator.useCacheForAllThreads=false in command line.
2019-09-24 16:04:41,867 INFO  server.RaftServerConfigKeys (ConfUtils.java:logGet(43)) - raft.server.storage.dir = [/workdir/ratis-test/target/test/data/ca4e50c/MiniRaftClusterWithGrpc5faab8f6/s4] (custom)
2019-09-24 16:04:41,868 INFO  grpc.GrpcConfigKeys$Server (ConfUtils.java:logGet(43)) - raft.grpc.server.port = 46326 (custom)
2019-09-24 16:04:41,868 INFO  server.RaftServerConfigKeys (ConfUtils.java:logGet(43)) - raft.server.log.corruption.policy = EXCEPTION (default)
2019-09-24 16:04:41,868 INFO  server.GrpcService (ConfUtils.java:logGet(43)) - raft.grpc.message.size.max = 64MB (=67108864) (default)
2019-09-24 16:04:41,868 INFO  storage.RaftStorageDirectory (RaftStorageDirectory.java:analyzeStorage(246)) - The storage directory /workdir/ratis-test/target/test/data/ca4e50c/MiniRaftClusterWithGrpc5faab8f6/s4/1f69b219-53a7-49ee-8928-6a62d5a52e8a does not exist. Creating ...
2019-09-24 16:04:41,868 INFO  server.RaftServerConfigKeys (ConfUtils.java:logGet(43)) - raft.server.log.appender.buffer.byte-limit = 4MB (=4194304) (default)
2019-09-24 16:04:41,869 INFO  server.GrpcService (ConfUtils.java:logGet(43)) - raft.grpc.flow.control.window = 1MB (=1048576) (default)
2019-09-24 16:04:41,869 TRACE util.FileUtils (LogUtils.java:runAndLog(61)) - Successfully ran Files.createDirectories /workdir/ratis-test/target/test/data/ca4e50c/MiniRaftClusterWithGrpc5faab8f6/s4/1f69b219-53a7-49ee-8928-6a62d5a52e8a
2019-09-24 16:04:41,869 INFO  server.RaftServerConfigKeys (ConfUtils.java:logGet(43)) - raft.server.rpc.request.timeout = 3000ms (default)
2019-09-24 16:04:41,870 INFO  server.RaftServerConfigKeys (ConfUtils.java:logGet(43)) - raft.server.storage.dir = [/workdir/ratis-test/target/test/data/ca4e50c/MiniRaftClusterWithGrpc5faab8f6/s5] (custom)
2019-09-24 16:04:41,870 INFO  impl.RaftServerProxy (RaftServerProxy.java:addNew(89)) - s5: addNew group-6A62D5A52E8A:[] returns group-6A62D5A52E8A:java.util.concurrent.CompletableFuture@581c1c23[Not completed]
2019-09-24 16:04:41,870 INFO  impl.RaftServerImpl (RaftServerImpl.java:<init>(95)) - s5: new RaftServerImpl for group-6A62D5A52E8A:[] with BaseStateMachine:uninitialized
2019-09-24 16:04:41,870 INFO  ratis.MiniRaftCluster (MiniRaftCluster.java:newRaftServer(330)) - newRaftServer: s6, group-6A62D5A52E8A:[], format? true
2019-09-24 16:04:41,871 INFO  server.RaftServerConfigKeys (ConfUtils.java:logGet(43)) - raft.server.rpc.timeout.min = 150ms (default)
2019-09-24 16:04:41,871 TRACE util.FileUtils (FileUtils.java:deleteFully(88)) - deleteFully target/test/data/ca4e50c/MiniRaftClusterWithGrpc5faab8f6/s6
2019-09-24 16:04:41,871 INFO  server.RaftServerConfigKeys (ConfUtils.java:logGet(43)) - raft.server.rpc.timeout.max = 300ms (default)
2019-09-24 16:04:41,872 TRACE util.FileUtils (FileUtils.java:deleteFully(104)) - deleteFully: target/test/data/ca4e50c/MiniRaftClusterWithGrpc5faab8f6/s6 does not exist.
2019-09-24 16:04:41,872 INFO  ratis.MiniRaftCluster (MiniRaftCluster.java:newRaftServer(335)) - Formatted directory target/test/data/ca4e50c/MiniRaftClusterWithGrpc5faab8f6/s6
2019-09-24 16:04:41,872 INFO  server.RaftServerConfigKeys (ConfUtils.java:logGet(43)) - raft.server.rpcslowness.timeout = 60s (default)
2019-09-24 16:04:41,872 INFO  server.RaftServerConfigKeys (ConfUtils.java:logGet(43)) - raft.server.sleep.deviation.threshold = 300 (default)
2019-09-24 16:04:41,872 DEBUG impl.RaftServerProxy (ServerImplUtils.java:newRaftServer(39)) - newRaftServer: s6, group-6A62D5A52E8A:[]
2019-09-24 16:04:41,872 INFO  server.RaftServerConfigKeys (ConfUtils.java:logGet(43)) - raft.server.log.appender.install.snapshot.enabled = true (default)
2019-09-24 16:04:41,872 INFO  impl.RaftServerProxy (ConfUtils.java:logGet(43)) - raft.rpc.type = GRPC (default)
2019-09-24 16:04:41,872 INFO  impl.RaftServerImpl (ServerState.java:<init>(103)) - s5@group-6A62D5A52E8A: ConfigurationManager, init=-1: [], old=null, confs=<EMPTY_MAP>
2019-09-24 16:04:41,873 INFO  grpc.GrpcFactory (GrpcFactory.java:checkPooledByteBufAllocatorUseCacheForAllThreads(45)) - PERFORMANCE WARNING: useCacheForAllThreads is true that may cause Netty to create a lot garbage objects and, as a result, trigger GC.
	It is recommended to disable useCacheForAllThreads by setting -Dorg.apache.ratis.thirdparty.io.netty.allocator.useCacheForAllThreads=false in command line.
2019-09-24 16:04:41,873 INFO  server.RaftServerConfigKeys (ConfUtils.java:logGet(43)) - raft.server.storage.dir = [/workdir/ratis-test/target/test/data/ca4e50c/MiniRaftClusterWithGrpc5faab8f6/s5] (custom)
2019-09-24 16:04:41,873 INFO  grpc.GrpcConfigKeys$Server (ConfUtils.java:logGet(43)) - raft.grpc.server.port = 35788 (custom)
2019-09-24 16:04:41,873 INFO  server.RaftServerConfigKeys (ConfUtils.java:logGet(43)) - raft.server.log.corruption.policy = EXCEPTION (default)
2019-09-24 16:04:41,873 INFO  server.GrpcService (ConfUtils.java:logGet(43)) - raft.grpc.message.size.max = 64MB (=67108864) (default)
2019-09-24 16:04:41,874 INFO  storage.RaftStorageDirectory (RaftStorageDirectory.java:analyzeStorage(246)) - The storage directory /workdir/ratis-test/target/test/data/ca4e50c/MiniRaftClusterWithGrpc5faab8f6/s5/1f69b219-53a7-49ee-8928-6a62d5a52e8a does not exist. Creating ...
2019-09-24 16:04:41,874 INFO  server.RaftServerConfigKeys (ConfUtils.java:logGet(43)) - raft.server.log.appender.buffer.byte-limit = 4MB (=4194304) (default)
2019-09-24 16:04:41,874 INFO  server.GrpcService (ConfUtils.java:logGet(43)) - raft.grpc.flow.control.window = 1MB (=1048576) (default)
2019-09-24 16:04:41,874 TRACE util.FileUtils (LogUtils.java:runAndLog(61)) - Successfully ran Files.createDirectories /workdir/ratis-test/target/test/data/ca4e50c/MiniRaftClusterWithGrpc5faab8f6/s5/1f69b219-53a7-49ee-8928-6a62d5a52e8a
2019-09-24 16:04:41,874 INFO  server.RaftServerConfigKeys (ConfUtils.java:logGet(43)) - raft.server.rpc.request.timeout = 3000ms (default)
2019-09-24 16:04:41,879 INFO  server.RaftServerConfigKeys (ConfUtils.java:logGet(43)) - raft.server.storage.dir = [/workdir/ratis-test/target/test/data/ca4e50c/MiniRaftClusterWithGrpc5faab8f6/s6] (custom)
2019-09-24 16:04:41,879 INFO  impl.RaftServerProxy (RaftServerProxy.java:addNew(89)) - s6: addNew group-6A62D5A52E8A:[] returns group-6A62D5A52E8A:java.util.concurrent.CompletableFuture@68ac28b7[Not completed]
2019-09-24 16:04:41,879 INFO  impl.RaftServerImpl (RaftServerImpl.java:<init>(95)) - s6: new RaftServerImpl for group-6A62D5A52E8A:[] with BaseStateMachine:uninitialized
2019-09-24 16:04:41,880 INFO  ratis.MiniRaftCluster (MiniRaftCluster.java:newRaftServer(330)) - newRaftServer: s7, group-6A62D5A52E8A:[], format? true
2019-09-24 16:04:41,880 INFO  server.RaftServerConfigKeys (ConfUtils.java:logGet(43)) - raft.server.rpc.timeout.min = 150ms (default)
2019-09-24 16:04:41,881 TRACE util.FileUtils (FileUtils.java:deleteFully(88)) - deleteFully target/test/data/ca4e50c/MiniRaftClusterWithGrpc5faab8f6/s7
2019-09-24 16:04:41,881 INFO  server.RaftServerConfigKeys (ConfUtils.java:logGet(43)) - raft.server.rpc.timeout.max = 300ms (default)
2019-09-24 16:04:41,881 INFO  server.RaftServerConfigKeys (ConfUtils.java:logGet(43)) - raft.server.rpcslowness.timeout = 60s (default)
2019-09-24 16:04:41,881 TRACE util.FileUtils (FileUtils.java:deleteFully(104)) - deleteFully: target/test/data/ca4e50c/MiniRaftClusterWithGrpc5faab8f6/s7 does not exist.
2019-09-24 16:04:41,881 INFO  server.RaftServerConfigKeys (ConfUtils.java:logGet(43)) - raft.server.sleep.deviation.threshold = 300 (default)
2019-09-24 16:04:41,881 INFO  ratis.MiniRaftCluster (MiniRaftCluster.java:newRaftServer(335)) - Formatted directory target/test/data/ca4e50c/MiniRaftClusterWithGrpc5faab8f6/s7
2019-09-24 16:04:41,882 INFO  server.RaftServerConfigKeys (ConfUtils.java:logGet(43)) - raft.server.log.appender.install.snapshot.enabled = true (default)
2019-09-24 16:04:41,882 INFO  impl.RaftServerImpl (ServerState.java:<init>(103)) - s6@group-6A62D5A52E8A: ConfigurationManager, init=-1: [], old=null, confs=<EMPTY_MAP>
2019-09-24 16:04:41,882 DEBUG impl.RaftServerProxy (ServerImplUtils.java:newRaftServer(39)) - newRaftServer: s7, group-6A62D5A52E8A:[]
2019-09-24 16:04:41,882 INFO  server.RaftServerConfigKeys (ConfUtils.java:logGet(43)) - raft.server.storage.dir = [/workdir/ratis-test/target/test/data/ca4e50c/MiniRaftClusterWithGrpc5faab8f6/s6] (custom)
2019-09-24 16:04:41,882 INFO  impl.RaftServerProxy (ConfUtils.java:logGet(43)) - raft.rpc.type = GRPC (default)
2019-09-24 16:04:41,883 INFO  server.RaftServerConfigKeys (ConfUtils.java:logGet(43)) - raft.server.log.corruption.policy = EXCEPTION (default)
2019-09-24 16:04:41,883 INFO  grpc.GrpcFactory (GrpcFactory.java:checkPooledByteBufAllocatorUseCacheForAllThreads(45)) - PERFORMANCE WARNING: useCacheForAllThreads is true that may cause Netty to create a lot garbage objects and, as a result, trigger GC.
	It is recommended to disable useCacheForAllThreads by setting -Dorg.apache.ratis.thirdparty.io.netty.allocator.useCacheForAllThreads=false in command line.
2019-09-24 16:04:41,883 INFO  storage.RaftStorageDirectory (RaftStorageDirectory.java:analyzeStorage(246)) - The storage directory /workdir/ratis-test/target/test/data/ca4e50c/MiniRaftClusterWithGrpc5faab8f6/s6/1f69b219-53a7-49ee-8928-6a62d5a52e8a does not exist. Creating ...
2019-09-24 16:04:41,883 INFO  grpc.GrpcConfigKeys$Server (ConfUtils.java:logGet(43)) - raft.grpc.server.port = 33307 (custom)
2019-09-24 16:04:41,884 INFO  server.GrpcService (ConfUtils.java:logGet(43)) - raft.grpc.message.size.max = 64MB (=67108864) (default)
2019-09-24 16:04:41,884 TRACE util.FileUtils (LogUtils.java:runAndLog(61)) - Successfully ran Files.createDirectories /workdir/ratis-test/target/test/data/ca4e50c/MiniRaftClusterWithGrpc5faab8f6/s6/1f69b219-53a7-49ee-8928-6a62d5a52e8a
2019-09-24 16:04:41,884 INFO  server.RaftServerConfigKeys (ConfUtils.java:logGet(43)) - raft.server.log.appender.buffer.byte-limit = 4MB (=4194304) (default)
2019-09-24 16:04:41,884 INFO  server.GrpcService (ConfUtils.java:logGet(43)) - raft.grpc.flow.control.window = 1MB (=1048576) (default)
2019-09-24 16:04:41,885 INFO  server.RaftServerConfigKeys (ConfUtils.java:logGet(43)) - raft.server.rpc.request.timeout = 3000ms (default)
2019-09-24 16:04:41,886 INFO  server.RaftServerConfigKeys (ConfUtils.java:logGet(43)) - raft.server.storage.dir = [/workdir/ratis-test/target/test/data/ca4e50c/MiniRaftClusterWithGrpc5faab8f6/s7] (custom)
2019-09-24 16:04:41,886 INFO  impl.RaftServerProxy (RaftServerProxy.java:addNew(89)) - s7: addNew group-6A62D5A52E8A:[] returns group-6A62D5A52E8A:java.util.concurrent.CompletableFuture@7f8a3e22[Not completed]
2019-09-24 16:04:41,886 INFO  impl.RaftServerImpl (RaftServerImpl.java:<init>(95)) - s7: new RaftServerImpl for group-6A62D5A52E8A:[] with BaseStateMachine:uninitialized
2019-09-24 16:04:41,887 INFO  ratis.MiniRaftCluster (MiniRaftCluster.java:newRaftServer(330)) - newRaftServer: s8, group-6A62D5A52E8A:[], format? true
2019-09-24 16:04:41,887 INFO  server.RaftServerConfigKeys (ConfUtils.java:logGet(43)) - raft.server.rpc.timeout.min = 150ms (default)
2019-09-24 16:04:41,887 TRACE util.FileUtils (FileUtils.java:deleteFully(88)) - deleteFully target/test/data/ca4e50c/MiniRaftClusterWithGrpc5faab8f6/s8
2019-09-24 16:04:41,888 INFO  server.RaftServerConfigKeys (ConfUtils.java:logGet(43)) - raft.server.rpc.timeout.max = 300ms (default)
2019-09-24 16:04:41,888 TRACE util.FileUtils (FileUtils.java:deleteFully(104)) - deleteFully: target/test/data/ca4e50c/MiniRaftClusterWithGrpc5faab8f6/s8 does not exist.
2019-09-24 16:04:41,888 INFO  ratis.MiniRaftCluster (MiniRaftCluster.java:newRaftServer(335)) - Formatted directory target/test/data/ca4e50c/MiniRaftClusterWithGrpc5faab8f6/s8
2019-09-24 16:04:41,888 INFO  server.RaftServerConfigKeys (ConfUtils.java:logGet(43)) - raft.server.rpcslowness.timeout = 60s (default)
2019-09-24 16:04:41,888 INFO  server.RaftServerConfigKeys (ConfUtils.java:logGet(43)) - raft.server.sleep.deviation.threshold = 300 (default)
2019-09-24 16:04:41,889 DEBUG impl.RaftServerProxy (ServerImplUtils.java:newRaftServer(39)) - newRaftServer: s8, group-6A62D5A52E8A:[]
2019-09-24 16:04:41,889 INFO  server.RaftServerConfigKeys (ConfUtils.java:logGet(43)) - raft.server.log.appender.install.snapshot.enabled = true (default)
2019-09-24 16:04:41,889 INFO  impl.RaftServerProxy (ConfUtils.java:logGet(43)) - raft.rpc.type = GRPC (default)
2019-09-24 16:04:41,889 INFO  impl.RaftServerImpl (ServerState.java:<init>(103)) - s7@group-6A62D5A52E8A: ConfigurationManager, init=-1: [], old=null, confs=<EMPTY_MAP>
2019-09-24 16:04:41,889 INFO  grpc.GrpcFactory (GrpcFactory.java:checkPooledByteBufAllocatorUseCacheForAllThreads(45)) - PERFORMANCE WARNING: useCacheForAllThreads is true that may cause Netty to create a lot garbage objects and, as a result, trigger GC.
	It is recommended to disable useCacheForAllThreads by setting -Dorg.apache.ratis.thirdparty.io.netty.allocator.useCacheForAllThreads=false in command line.
2019-09-24 16:04:41,890 INFO  server.RaftServerConfigKeys (ConfUtils.java:logGet(43)) - raft.server.storage.dir = [/workdir/ratis-test/target/test/data/ca4e50c/MiniRaftClusterWithGrpc5faab8f6/s7] (custom)
2019-09-24 16:04:41,890 INFO  grpc.GrpcConfigKeys$Server (ConfUtils.java:logGet(43)) - raft.grpc.server.port = 38580 (custom)
2019-09-24 16:04:41,890 INFO  server.RaftServerConfigKeys (ConfUtils.java:logGet(43)) - raft.server.log.corruption.policy = EXCEPTION (default)
2019-09-24 16:04:41,890 INFO  server.GrpcService (ConfUtils.java:logGet(43)) - raft.grpc.message.size.max = 64MB (=67108864) (default)
2019-09-24 16:04:41,890 INFO  storage.RaftStorageDirectory (RaftStorageDirectory.java:analyzeStorage(246)) - The storage directory /workdir/ratis-test/target/test/data/ca4e50c/MiniRaftClusterWithGrpc5faab8f6/s7/1f69b219-53a7-49ee-8928-6a62d5a52e8a does not exist. Creating ...
2019-09-24 16:04:41,891 INFO  server.RaftServerConfigKeys (ConfUtils.java:logGet(43)) - raft.server.log.appender.buffer.byte-limit = 4MB (=4194304) (default)
2019-09-24 16:04:41,891 INFO  server.GrpcService (ConfUtils.java:logGet(43)) - raft.grpc.flow.control.window = 1MB (=1048576) (default)
2019-09-24 16:04:41,891 TRACE util.FileUtils (LogUtils.java:runAndLog(61)) - Successfully ran Files.createDirectories /workdir/ratis-test/target/test/data/ca4e50c/MiniRaftClusterWithGrpc5faab8f6/s7/1f69b219-53a7-49ee-8928-6a62d5a52e8a
2019-09-24 16:04:41,891 INFO  server.RaftServerConfigKeys (ConfUtils.java:logGet(43)) - raft.server.rpc.request.timeout = 3000ms (default)
2019-09-24 16:04:41,892 INFO  server.RaftServerConfigKeys (ConfUtils.java:logGet(43)) - raft.server.storage.dir = [/workdir/ratis-test/target/test/data/ca4e50c/MiniRaftClusterWithGrpc5faab8f6/s8] (custom)
2019-09-24 16:04:41,893 INFO  impl.RaftServerProxy (RaftServerProxy.java:addNew(89)) - s8: addNew group-6A62D5A52E8A:[] returns group-6A62D5A52E8A:java.util.concurrent.CompletableFuture@3cce2204[Not completed]
2019-09-24 16:04:41,893 INFO  impl.RaftServerImpl (RaftServerImpl.java:<init>(95)) - s8: new RaftServerImpl for group-6A62D5A52E8A:[] with BaseStateMachine:uninitialized
2019-09-24 16:04:41,894 INFO  server.RaftServerConfigKeys (ConfUtils.java:logGet(43)) - raft.server.rpc.timeout.min = 150ms (default)
2019-09-24 16:04:41,894 INFO  server.RaftServerConfigKeys (ConfUtils.java:logGet(43)) - raft.server.rpc.timeout.max = 300ms (default)
2019-09-24 16:04:41,894 INFO  impl.GroupManagementBaseTest (GroupManagementBaseTest.java:runMultiGroupTest(149)) - putNewServer: printing ALL groups
  s3:      NEW group-6A62D5A52E8A:java.util.concurrent.CompletableFuture@567885a4[Not completed]
  s4:      NEW group-6A62D5A52E8A:java.util.concurrent.CompletableFuture@7775039e[Not completed]
  s5:      NEW group-6A62D5A52E8A:java.util.concurrent.CompletableFuture@581c1c23[Not completed]
  s6:      NEW group-6A62D5A52E8A:java.util.concurrent.CompletableFuture@68ac28b7[Not completed]
  s7:      NEW group-6A62D5A52E8A:java.util.concurrent.CompletableFuture@7f8a3e22[Not completed]
  s8:      NEW group-6A62D5A52E8A:java.util.concurrent.CompletableFuture@3cce2204[Not completed]
  s0:      NEW group-6A62D5A52E8A:java.util.concurrent.CompletableFuture@c1c4f33[Not completed]
  s1:      NEW group-6A62D5A52E8A:java.util.concurrent.CompletableFuture@23802df[Not completed]
  s2:      NEW group-6A62D5A52E8A:java.util.concurrent.CompletableFuture@5bd084a2[Not completed]
2019-09-24 16:04:41,894 INFO  server.RaftServerConfigKeys (ConfUtils.java:logGet(43)) - raft.server.rpcslowness.timeout = 60s (default)
2019-09-24 16:04:41,894 INFO  server.RaftServerConfigKeys (ConfUtils.java:logGet(43)) - raft.server.sleep.deviation.threshold = 300 (default)
2019-09-24 16:04:41,894 INFO  server.RaftServerConfigKeys (ConfUtils.java:logGet(43)) - raft.server.log.appender.install.snapshot.enabled = true (default)
2019-09-24 16:04:41,895 INFO  impl.RaftServerImpl (ServerState.java:<init>(103)) - s8@group-6A62D5A52E8A: ConfigurationManager, init=-1: [], old=null, confs=<EMPTY_MAP>
2019-09-24 16:04:41,895 INFO  server.RaftServerConfigKeys (ConfUtils.java:logGet(43)) - raft.server.storage.dir = [/workdir/ratis-test/target/test/data/ca4e50c/MiniRaftClusterWithGrpc5faab8f6/s8] (custom)
2019-09-24 16:04:41,895 INFO  server.RaftServerConfigKeys (ConfUtils.java:logGet(43)) - raft.server.log.corruption.policy = EXCEPTION (default)
2019-09-24 16:04:41,895 INFO  storage.RaftStorageDirectory (RaftStorageDirectory.java:analyzeStorage(246)) - The storage directory /workdir/ratis-test/target/test/data/ca4e50c/MiniRaftClusterWithGrpc5faab8f6/s8/1f69b219-53a7-49ee-8928-6a62d5a52e8a does not exist. Creating ...
2019-09-24 16:04:41,896 TRACE util.FileUtils (LogUtils.java:runAndLog(61)) - Successfully ran Files.createDirectories /workdir/ratis-test/target/test/data/ca4e50c/MiniRaftClusterWithGrpc5faab8f6/s8/1f69b219-53a7-49ee-8928-6a62d5a52e8a
2019-09-24 16:04:42,894 INFO  ratis.MiniRaftCluster (MiniRaftCluster.java:start(287)) - .............................................................. 
2019-09-24 16:04:42,896 INFO  ratis.MiniRaftCluster (MiniRaftCluster.java:start(288)) - ... 
2019-09-24 16:04:42,896 INFO  ratis.MiniRaftCluster (MiniRaftCluster.java:start(289)) - ...     Starting MiniRaftClusterWithGrpc
2019-09-24 16:04:42,896 INFO  ratis.MiniRaftCluster (MiniRaftCluster.java:start(290)) - ... 
2019-09-24 16:04:42,896 INFO  ratis.MiniRaftCluster (MiniRaftCluster.java:start(291)) - .............................................................. 
2019-09-24 16:04:42,896 INFO  ratis.MiniRaftCluster (MiniRaftCluster.java:initServers(265)) - servers = {s3=s3:      NEW group-6A62D5A52E8A:java.util.concurrent.CompletableFuture@567885a4[Not completed], s4=s4:      NEW group-6A62D5A52E8A:java.util.concurrent.CompletableFuture@7775039e[Not completed], s5=s5:      NEW group-6A62D5A52E8A:java.util.concurrent.CompletableFuture@581c1c23[Not completed], s6=s6:      NEW group-6A62D5A52E8A:java.util.concurrent.CompletableFuture@68ac28b7[Not completed], s7=s7:      NEW group-6A62D5A52E8A:java.util.concurrent.CompletableFuture@7f8a3e22[Not completed], s8=s8:      NEW group-6A62D5A52E8A:java.util.concurrent.CompletableFuture@3cce2204[Not completed], s0=s0:      NEW group-6A62D5A52E8A:java.util.concurrent.CompletableFuture@c1c4f33[Not completed], s1=s1:      NEW group-6A62D5A52E8A:java.util.concurrent.CompletableFuture@23802df[Not completed], s2=s2:      NEW group-6A62D5A52E8A:java.util.concurrent.CompletableFuture@5bd084a2[Not completed]}
2019-09-24 16:04:46,026 INFO  ratis.MiniRaftCluster (MiniRaftCluster.java:lambda$null$5(297)) - TIMED-PRINT: printing ALL groups
  s3:  RUNNING  FOLLOWER s3@group-43FA43FB2883:t0, leader=null, voted=null, raftlog=s3@group-43FA43FB2883-SegmentedRaftLog:OPENED:c-1,f-1,i0, conf=-1: [], old=null STARTING
  s4:  RUNNING  FOLLOWER s4@group-43FA43FB2883:t0, leader=null, voted=null, raftlog=s4@group-43FA43FB2883-SegmentedRaftLog:OPENED:c-1,f-1,i0, conf=-1: [], old=null STARTING
  s5:  RUNNING  FOLLOWER s5@group-43FA43FB2883:t0, leader=null, voted=null, raftlog=s5@group-43FA43FB2883-SegmentedRaftLog:OPENED:c-1,f-1,i0, conf=-1: [], old=null STARTING
  s6:  RUNNING  FOLLOWER s6@group-43FA43FB2883:t0, leader=null, voted=null, raftlog=s6@group-43FA43FB2883-SegmentedRaftLog:OPENED:c-1,f-1,i0, conf=-1: [], old=null STARTING
  s0:  RUNNING [
     LEADER s0@group-332776F71AC6:t1, leader=s0, voted=s0, raftlog=s0@group-332776F71AC6-SegmentedRaftLog:OPENED:c0,f0,i0, conf=0: [s0:0.0.0.0:46775], old=null RUNNING
   FOLLOWER s0@group-43FA43FB2883:t0, leader=null, voted=null, raftlog=s0@group-43FA43FB2883-SegmentedRaftLog:OPENED:c-1,f-1,i0, conf=-1: [], old=null STARTING] size=2
  s1:  RUNNING [
   FOLLOWER s1@group-43FA43FB2883:t0, leader=null, voted=null, raftlog=s1@group-43FA43FB2883-SegmentedRaftLog:OPENED:c-1,f-1,i0, conf=-1: [], old=null STARTING
  group-C767EAC39A60:java.util.concurrent.CompletableFuture@5e6ec0a3[Not completed, 1 dependents]] size=2
  s2:  RUNNING  FOLLOWER s2@group-43FA43FB2883:t0, leader=null, voted=null, raftlog=s2@group-43FA43FB2883-SegmentedRaftLog:OPENED:c-1,f-1,i0, conf=-1: [], old=null STARTING
2019-09-24 16:04:46,861 INFO  storage.RaftStorage (RaftStorage.java:format(84)) - Storage directory /workdir/ratis-test/target/test/data/ca4e50c/MiniRaftClusterWithGrpce6429fb3/s1/82f9cb01-1520-4c2d-918f-c767eac39a60 has been successfully formatted.
2019-09-24 16:04:46,862 INFO  server.RaftServerConfigKeys (ConfUtils.java:logGet(43)) - raft.server.notification.no-leader.timeout = 60s (default)
2019-09-24 16:04:46,863 INFO  server.RaftServerConfigKeys (ConfUtils.java:logGet(43)) - raft.server.log.use.memory = false (default)
2019-09-24 16:04:46,863 INFO  server.RaftServerConfigKeys (ConfUtils.java:logGet(43)) - raft.server.log.purge.gap = 1024 (default)
2019-09-24 16:04:46,863 INFO  server.RaftServerConfigKeys (ConfUtils.java:logGet(43)) - raft.server.log.appender.buffer.byte-limit = 4MB (=4194304) (default)
2019-09-24 16:04:46,863 INFO  server.RaftServerConfigKeys (ConfUtils.java:logGet(43)) - raft.server.log.segment.size.max = 8MB (=8388608) (default)
2019-09-24 16:04:46,864 INFO  server.RaftServerConfigKeys (ConfUtils.java:logGet(43)) - raft.server.log.segment.cache.num.max = 6 (default)
2019-09-24 16:04:46,864 INFO  segmented.SegmentedRaftLogWorker (SegmentedRaftLogWorker.java:<init>(172)) - new s1@group-C767EAC39A60-SegmentedRaftLogWorker for RaftStorage:Storage Directory /workdir/ratis-test/target/test/data/ca4e50c/MiniRaftClusterWithGrpce6429fb3/s1/82f9cb01-1520-4c2d-918f-c767eac39a60
2019-09-24 16:04:46,864 INFO  server.RaftServerConfigKeys (ConfUtils.java:logGet(43)) - raft.server.log.queue.byte-limit = 64MB (=67108864) (default)
2019-09-24 16:04:46,865 INFO  server.RaftServerConfigKeys (ConfUtils.java:logGet(43)) - raft.server.log.queue.element-limit = 4096 (default)
2019-09-24 16:04:46,865 INFO  server.RaftServerConfigKeys (ConfUtils.java:logGet(43)) - raft.server.log.segment.size.max = 8MB (=8388608) (default)
2019-09-24 16:04:46,865 INFO  server.RaftServerConfigKeys (ConfUtils.java:logGet(43)) - raft.server.log.preallocated.size = 4MB (=4194304) (default)
2019-09-24 16:04:46,865 INFO  server.RaftServerConfigKeys (ConfUtils.java:logGet(43)) - raft.server.log.write.buffer.size = 64KB (=65536) (default)
2019-09-24 16:04:46,866 INFO  server.RaftServerConfigKeys (ConfUtils.java:logGet(43)) - raft.server.log.force.sync.num = 128 (default)
2019-09-24 16:04:46,866 INFO  server.RaftServerConfigKeys (ConfUtils.java:logGet(43)) - raft.server.log.statemachine.data.sync = true (default)
2019-09-24 16:04:46,866 INFO  server.RaftServerConfigKeys (ConfUtils.java:logGet(43)) - raft.server.log.statemachine.data.sync.timeout = 10s (default)
2019-09-24 16:04:46,866 INFO  server.RaftServerConfigKeys (ConfUtils.java:logGet(43)) - raft.server.log.statemachine.data.sync.timeout.retry = -1 (default)
2019-09-24 16:04:46,867 INFO  server.RaftServerConfigKeys (ConfUtils.java:logGet(43)) - raft.server.log.statemachine.data.caching.enabled = false (default)
2019-09-24 16:04:46,868 INFO  segmented.SegmentedRaftLogWorker (SegmentedRaftLogWorker.java:lambda$new$0(132)) - s1@group-C767EAC39A60-SegmentedRaftLogWorker: flushIndex: setUnconditionally 0 -> -1
2019-09-24 16:04:46,868 INFO  server.RaftServerConfigKeys (ConfUtils.java:logGet(43)) - raft.server.snapshot.auto.trigger.enabled = false (default)
2019-09-24 16:04:46,868 INFO  server.RaftServerConfigKeys (ConfUtils.java:logGet(43)) - raft.server.snapshot.retention.file.num = -1 (default)
2019-09-24 16:04:46,869 INFO  server.RaftServerConfigKeys (ConfUtils.java:logGet(43)) - raft.server.retrycache.expirytime = 60s (default)
2019-09-24 16:04:46,876 DEBUG impl.RaftServerProxy (RaftServerProxy.java:lambda$groupAddAsync$10(380)) - s1: newImpl =      null s1@group-C767EAC39A60:t0, leader=null, voted=null, raftlog=s1@group-C767EAC39A60-SegmentedRaftLog:OPENED:c-1,f-1,i0, conf=-1: [s3:0.0.0.0:46508, s4:0.0.0.0:36525, s5:0.0.0.0:38550, s1:0.0.0.0:37672, s2:0.0.0.0:40750], old=null NEW
2019-09-24 16:04:46,876 INFO  impl.RaftServerImpl (RaftServerImpl.java:start(181)) - s1@group-C767EAC39A60: start as a follower, conf=-1: [s3:0.0.0.0:46508, s4:0.0.0.0:36525, s5:0.0.0.0:38550, s1:0.0.0.0:37672, s2:0.0.0.0:40750], old=null
2019-09-24 16:04:46,876 INFO  impl.RaftServerImpl (RaftServerImpl.java:setRole(170)) - s1@group-C767EAC39A60: changes role from      null to FOLLOWER at term 0 for startAsFollower
2019-09-24 16:04:46,876 INFO  impl.RoleInfo (RoleInfo.java:updateAndGet(143)) - s1: start FollowerState
2019-09-24 16:04:46,877 INFO  util.JmxRegister (JmxRegister.java:tryRegister(44)) - Successfully registered JMX Bean with object name Ratis:service=RaftServer,group=group-C767EAC39A60,id=s1
2019-09-24 16:04:47,079 INFO  impl.FollowerState (FollowerState.java:run(108)) - s1@group-C767EAC39A60-FollowerState: change to CANDIDATE, lastRpcTime:202ms, electionTimeout:202ms
2019-09-24 16:04:47,080 INFO  impl.RoleInfo (RoleInfo.java:shutdownFollowerState(121)) - s1: shutdown FollowerState
2019-09-24 16:04:47,080 INFO  impl.RaftServerImpl (RaftServerImpl.java:setRole(170)) - s1@group-C767EAC39A60: changes role from  FOLLOWER to CANDIDATE at term 0 for changeToCandidate
2019-09-24 16:04:47,081 INFO  impl.RoleInfo (RoleInfo.java:updateAndGet(143)) - s1: start LeaderElection
2019-09-24 16:04:49,178 INFO  ratis.MiniRaftCluster (MiniRaftCluster.java:lambda$null$5(297)) - TIMED-PRINT: printing ALL groups
  s3:  RUNNING [
   FOLLOWER s3@group-83F5C3382149:t0, leader=null, voted=null, raftlog=s3@group-83F5C3382149-SegmentedRaftLog:OPENED:c-1,f-1,i0, conf=-1: [], old=null STARTING
     LEADER s3@group-DFF3253C5C19:t1, leader=s3, voted=s3, raftlog=s3@group-DFF3253C5C19-SegmentedRaftLog:OPENED:c0,f0,i0, conf=0: [s3:0.0.0.0:40519], old=null RUNNING] size=2
  s4:  RUNNING  FOLLOWER s4@group-83F5C3382149:t0, leader=null, voted=null, raftlog=s4@group-83F5C3382149-SegmentedRaftLog:OPENED:c-1,f-1,i0, conf=-1: [], old=null STARTING
  s0:  RUNNING [
     LEADER s0@group-CBB7D3FE7667:t1, leader=s0, voted=s0, raftlog=s0@group-CBB7D3FE7667-SegmentedRaftLog:OPENED:c0,f0,i0, conf=0: [s0:0.0.0.0:46375, s1:0.0.0.0:33205, s2:0.0.0.0:46589], old=null RUNNING
   FOLLOWER s0@group-83F5C3382149:t0, leader=null, voted=null, raftlog=s0@group-83F5C3382149-SegmentedRaftLog:OPENED:c-1,f-1,i0, conf=-1: [], old=null STARTING] size=2
  s1:  RUNNING [
   FOLLOWER s1@group-CBB7D3FE7667:t1, leader=s0, voted=s0, raftlog=s1@group-CBB7D3FE7667-SegmentedRaftLog:OPENED:c0,f0,i0, conf=0: [s0:0.0.0.0:46375, s1:0.0.0.0:33205, s2:0.0.0.0:46589], old=null RUNNING
   FOLLOWER s1@group-83F5C3382149:t0, leader=null, voted=null, raftlog=s1@group-83F5C3382149-SegmentedRaftLog:OPENED:c-1,f-1,i0, conf=-1: [], old=null STARTING] size=2
  s2:  RUNNING [
   FOLLOWER s2@group-CBB7D3FE7667:t1, leader=s0, voted=s0, raftlog=s2@group-CBB7D3FE7667-SegmentedRaftLog:OPENED:c0,f0,i0, conf=0: [s0:0.0.0.0:46375, s1:0.0.0.0:33205, s2:0.0.0.0:46589], old=null RUNNING
   FOLLOWER s2@group-83F5C3382149:t0, leader=null, voted=null, raftlog=s2@group-83F5C3382149-SegmentedRaftLog:OPENED:c-1,f-1,i0, conf=-1: [], old=null STARTING] size=2
2019-09-24 16:04:50,971 INFO  storage.RaftStorageDirectory (RaftStorageDirectory.java:tryLock(328)) - Lock on /workdir/ratis-test/target/test/data/ca4e50c/MiniRaftClusterWithGrpc5faab8f6/s5/1f69b219-53a7-49ee-8928-6a62d5a52e8a/in_use.lock acquired by nodename 2858@ratis-test-vphbd-3564017154
2019-09-24 16:04:50,971 INFO  storage.RaftStorageDirectory (RaftStorageDirectory.java:tryLock(328)) - Lock on /workdir/ratis-test/target/test/data/ca4e50c/MiniRaftClusterWithGrpc5faab8f6/s0/1f69b219-53a7-49ee-8928-6a62d5a52e8a/in_use.lock acquired by nodename 2858@ratis-test-vphbd-3564017154
2019-09-24 16:04:50,971 INFO  storage.RaftStorageDirectory (RaftStorageDirectory.java:tryLock(328)) - Lock on /workdir/ratis-test/target/test/data/ca4e50c/MiniRaftClusterWithGrpc5faab8f6/s6/1f69b219-53a7-49ee-8928-6a62d5a52e8a/in_use.lock acquired by nodename 2858@ratis-test-vphbd-3564017154
2019-09-24 16:04:50,971 INFO  storage.RaftStorageDirectory (RaftStorageDirectory.java:tryLock(328)) - Lock on /workdir/ratis-test/target/test/data/ca4e50c/MiniRaftClusterWithGrpc5faab8f6/s3/1f69b219-53a7-49ee-8928-6a62d5a52e8a/in_use.lock acquired by nodename 2858@ratis-test-vphbd-3564017154
2019-09-24 16:04:50,971 INFO  storage.RaftStorageDirectory (RaftStorageDirectory.java:tryLock(328)) - Lock on /workdir/ratis-test/target/test/data/ca4e50c/MiniRaftClusterWithGrpc5faab8f6/s2/1f69b219-53a7-49ee-8928-6a62d5a52e8a/in_use.lock acquired by nodename 2858@ratis-test-vphbd-3564017154
2019-09-24 16:04:50,971 INFO  storage.RaftStorageDirectory (RaftStorageDirectory.java:tryLock(328)) - Lock on /workdir/ratis-test/target/test/data/ca4e50c/MiniRaftClusterWithGrpc5faab8f6/s1/1f69b219-53a7-49ee-8928-6a62d5a52e8a/in_use.lock acquired by nodename 2858@ratis-test-vphbd-3564017154
2019-09-24 16:04:50,971 INFO  storage.RaftStorageDirectory (RaftStorageDirectory.java:tryLock(328)) - Lock on /workdir/ratis-test/target/test/data/ca4e50c/MiniRaftClusterWithGrpc5faab8f6/s8/1f69b219-53a7-49ee-8928-6a62d5a52e8a/in_use.lock acquired by nodename 2858@ratis-test-vphbd-3564017154
2019-09-24 16:04:50,974 TRACE util.FileUtils (LogUtils.java:runAndLog(61)) - Successfully ran Files.createDirectories /workdir/ratis-test/target/test/data/ca4e50c/MiniRaftClusterWithGrpc5faab8f6/s1/1f69b219-53a7-49ee-8928-6a62d5a52e8a/current
2019-09-24 16:04:50,971 INFO  storage.RaftStorageDirectory (RaftStorageDirectory.java:tryLock(328)) - Lock on /workdir/ratis-test/target/test/data/ca4e50c/MiniRaftClusterWithGrpc5faab8f6/s4/1f69b219-53a7-49ee-8928-6a62d5a52e8a/in_use.lock acquired by nodename 2858@ratis-test-vphbd-3564017154
2019-09-24 16:04:50,971 INFO  storage.RaftStorageDirectory (RaftStorageDirectory.java:tryLock(328)) - Lock on /workdir/ratis-test/target/test/data/ca4e50c/MiniRaftClusterWithGrpc5faab8f6/s7/1f69b219-53a7-49ee-8928-6a62d5a52e8a/in_use.lock acquired by nodename 2858@ratis-test-vphbd-3564017154
2019-09-24 16:04:50,974 TRACE util.FileUtils (LogUtils.java:runAndLog(61)) - Successfully ran Files.createDirectories /workdir/ratis-test/target/test/data/ca4e50c/MiniRaftClusterWithGrpc5faab8f6/s4/1f69b219-53a7-49ee-8928-6a62d5a52e8a/current
2019-09-24 16:04:50,974 TRACE util.FileUtils (LogUtils.java:runAndLog(61)) - Successfully ran Files.createDirectories /workdir/ratis-test/target/test/data/ca4e50c/MiniRaftClusterWithGrpc5faab8f6/s1/1f69b219-53a7-49ee-8928-6a62d5a52e8a/sm
2019-09-24 16:04:50,974 TRACE util.FileUtils (LogUtils.java:runAndLog(61)) - Successfully ran Files.createDirectories /workdir/ratis-test/target/test/data/ca4e50c/MiniRaftClusterWithGrpc5faab8f6/s8/1f69b219-53a7-49ee-8928-6a62d5a52e8a/current
2019-09-24 16:04:50,974 TRACE util.FileUtils (LogUtils.java:runAndLog(61)) - Successfully ran Files.createDirectories /workdir/ratis-test/target/test/data/ca4e50c/MiniRaftClusterWithGrpc5faab8f6/s2/1f69b219-53a7-49ee-8928-6a62d5a52e8a/current
2019-09-24 16:04:50,973 TRACE util.FileUtils (LogUtils.java:runAndLog(61)) - Successfully ran Files.createDirectories /workdir/ratis-test/target/test/data/ca4e50c/MiniRaftClusterWithGrpc5faab8f6/s3/1f69b219-53a7-49ee-8928-6a62d5a52e8a/current
2019-09-24 16:04:50,973 TRACE util.FileUtils (LogUtils.java:runAndLog(61)) - Successfully ran Files.createDirectories /workdir/ratis-test/target/test/data/ca4e50c/MiniRaftClusterWithGrpc5faab8f6/s6/1f69b219-53a7-49ee-8928-6a62d5a52e8a/current
2019-09-24 16:04:50,973 TRACE util.FileUtils (LogUtils.java:runAndLog(61)) - Successfully ran Files.createDirectories /workdir/ratis-test/target/test/data/ca4e50c/MiniRaftClusterWithGrpc5faab8f6/s0/1f69b219-53a7-49ee-8928-6a62d5a52e8a/current
2019-09-24 16:04:50,976 TRACE util.FileUtils (LogUtils.java:runAndLog(61)) - Successfully ran Files.createDirectories /workdir/ratis-test/target/test/data/ca4e50c/MiniRaftClusterWithGrpc5faab8f6/s6/1f69b219-53a7-49ee-8928-6a62d5a52e8a/sm
2019-09-24 16:04:50,973 TRACE util.FileUtils (LogUtils.java:runAndLog(61)) - Successfully ran Files.createDirectories /workdir/ratis-test/target/test/data/ca4e50c/MiniRaftClusterWithGrpc5faab8f6/s5/1f69b219-53a7-49ee-8928-6a62d5a52e8a/current
2019-09-24 16:04:50,973 INFO  impl.LeaderElection (LeaderElection.java:askForVotes(178)) - s1@group-C767EAC39A60-LeaderElection13: begin an election at term 1 for -1: [s3:0.0.0.0:46508, s4:0.0.0.0:36525, s5:0.0.0.0:38550, s1:0.0.0.0:37672, s2:0.0.0.0:40750], old=null
2019-09-24 16:04:50,976 TRACE util.FileUtils (LogUtils.java:runAndLog(61)) - Successfully ran Files.createDirectories /workdir/ratis-test/target/test/data/ca4e50c/MiniRaftClusterWithGrpc5faab8f6/s5/1f69b219-53a7-49ee-8928-6a62d5a52e8a/sm
2019-09-24 16:04:50,976 TRACE util.FileUtils (LogUtils.java:runAndLog(61)) - Successfully ran Files.createDirectories /workdir/ratis-test/target/test/data/ca4e50c/MiniRaftClusterWithGrpc5faab8f6/s0/1f69b219-53a7-49ee-8928-6a62d5a52e8a/sm
2019-09-24 16:04:50,976 TRACE util.FileUtils (LogUtils.java:runAndLog(61)) - Successfully ran Files.createDirectories /workdir/ratis-test/target/test/data/ca4e50c/MiniRaftClusterWithGrpc5faab8f6/s3/1f69b219-53a7-49ee-8928-6a62d5a52e8a/sm
2019-09-24 16:04:50,975 TRACE util.FileUtils (LogUtils.java:runAndLog(61)) - Successfully ran Files.createDirectories /workdir/ratis-test/target/test/data/ca4e50c/MiniRaftClusterWithGrpc5faab8f6/s2/1f69b219-53a7-49ee-8928-6a62d5a52e8a/sm
2019-09-24 16:04:50,975 TRACE util.FileUtils (LogUtils.java:runAndLog(61)) - Successfully ran Files.createDirectories /workdir/ratis-test/target/test/data/ca4e50c/MiniRaftClusterWithGrpc5faab8f6/s8/1f69b219-53a7-49ee-8928-6a62d5a52e8a/sm
2019-09-24 16:04:50,975 TRACE util.FileUtils (LogUtils.java:runAndLog(61)) - Successfully ran Files.createDirectories /workdir/ratis-test/target/test/data/ca4e50c/MiniRaftClusterWithGrpc5faab8f6/s4/1f69b219-53a7-49ee-8928-6a62d5a52e8a/sm
2019-09-24 16:04:50,975 TRACE util.FileUtils (LogUtils.java:runAndLog(61)) - Successfully ran Files.createDirectories /workdir/ratis-test/target/test/data/ca4e50c/MiniRaftClusterWithGrpc5faab8f6/s7/1f69b219-53a7-49ee-8928-6a62d5a52e8a/current
2019-09-24 16:04:50,978 TRACE util.FileUtils (LogUtils.java:runAndLog(61)) - Successfully ran Files.createDirectories /workdir/ratis-test/target/test/data/ca4e50c/MiniRaftClusterWithGrpc5faab8f6/s7/1f69b219-53a7-49ee-8928-6a62d5a52e8a/sm
2019-09-24 16:04:50,990 INFO  storage.RaftStorage (RaftStorage.java:format(84)) - Storage directory /workdir/ratis-test/target/test/data/ca4e50c/MiniRaftClusterWithGrpc5faab8f6/s8/1f69b219-53a7-49ee-8928-6a62d5a52e8a has been successfully formatted.
2019-09-24 16:04:50,990 INFO  storage.RaftStorage (RaftStorage.java:format(84)) - Storage directory /workdir/ratis-test/target/test/data/ca4e50c/MiniRaftClusterWithGrpc5faab8f6/s3/1f69b219-53a7-49ee-8928-6a62d5a52e8a has been successfully formatted.
2019-09-24 16:04:50,990 INFO  server.RaftServerConfigKeys (ConfUtils.java:logGet(43)) - raft.server.notification.no-leader.timeout = 60s (default)
2019-09-24 16:04:50,990 INFO  storage.RaftStorage (RaftStorage.java:format(84)) - Storage directory /workdir/ratis-test/target/test/data/ca4e50c/MiniRaftClusterWithGrpc5faab8f6/s7/1f69b219-53a7-49ee-8928-6a62d5a52e8a has been successfully formatted.
2019-09-24 16:04:50,990 INFO  storage.RaftStorage (RaftStorage.java:format(84)) - Storage directory /workdir/ratis-test/target/test/data/ca4e50c/MiniRaftClusterWithGrpc5faab8f6/s0/1f69b219-53a7-49ee-8928-6a62d5a52e8a has been successfully formatted.
2019-09-24 16:04:50,990 INFO  storage.RaftStorage (RaftStorage.java:format(84)) - Storage directory /workdir/ratis-test/target/test/data/ca4e50c/MiniRaftClusterWithGrpc5faab8f6/s2/1f69b219-53a7-49ee-8928-6a62d5a52e8a has been successfully formatted.
2019-09-24 16:04:50,990 INFO  storage.RaftStorage (RaftStorage.java:format(84)) - Storage directory /workdir/ratis-test/target/test/data/ca4e50c/MiniRaftClusterWithGrpc5faab8f6/s5/1f69b219-53a7-49ee-8928-6a62d5a52e8a has been successfully formatted.
2019-09-24 16:04:50,990 INFO  storage.RaftStorage (RaftStorage.java:format(84)) - Storage directory /workdir/ratis-test/target/test/data/ca4e50c/MiniRaftClusterWithGrpc5faab8f6/s1/1f69b219-53a7-49ee-8928-6a62d5a52e8a has been successfully formatted.
2019-09-24 16:04:50,990 INFO  storage.RaftStorage (RaftStorage.java:format(84)) - Storage directory /workdir/ratis-test/target/test/data/ca4e50c/MiniRaftClusterWithGrpc5faab8f6/s6/1f69b219-53a7-49ee-8928-6a62d5a52e8a has been successfully formatted.
2019-09-24 16:04:50,990 WARN  server.GrpcServerProtocolService (LogUtils.java:warn(136)) - s2: Failed requestVote s1->s2#0
org.apache.ratis.protocol.GroupMismatchException: s2: group-C767EAC39A60 not found.
	at org.apache.ratis.server.impl.RaftServerProxy$ImplMap.get(RaftServerProxy.java:122)
	at org.apache.ratis.server.impl.RaftServerProxy.getImplFuture(RaftServerProxy.java:269)
	at org.apache.ratis.server.impl.RaftServerProxy.getImpl(RaftServerProxy.java:278)
	at org.apache.ratis.server.impl.RaftServerProxy.getImpl(RaftServerProxy.java:273)
	at org.apache.ratis.server.impl.RaftServerProxy.requestVote(RaftServerProxy.java:443)
	at org.apache.ratis.grpc.server.GrpcServerProtocolService.requestVote(GrpcServerProtocolService.java:142)
	at org.apache.ratis.proto.grpc.RaftServerProtocolServiceGrpc$MethodHandlers.invoke(RaftServerProtocolServiceGrpc.java:319)
	at org.apache.ratis.thirdparty.io.grpc.stub.ServerCalls$UnaryServerCallHandler$UnaryServerCallListener.onHalfClose(ServerCalls.java:171)
	at org.apache.ratis.thirdparty.io.grpc.internal.ServerCallImpl$ServerStreamListenerImpl.halfClosed(ServerCallImpl.java:283)
	at org.apache.ratis.thirdparty.io.grpc.internal.ServerImpl$JumpToApplicationThreadServerStreamListener$1HalfClosed.runInContext(ServerImpl.java:710)
	at org.apache.ratis.thirdparty.io.grpc.internal.ContextRunnable.run(ContextRunnable.java:37)
	at org.apache.ratis.thirdparty.io.grpc.internal.SerializingExecutor.run(SerializingExecutor.java:123)
	at java.util.concurrent.ThreadPoolExecutor.runWorker(ThreadPoolExecutor.java:1149)
	at java.util.concurrent.ThreadPoolExecutor$Worker.run(ThreadPoolExecutor.java:624)
	at java.lang.Thread.run(Thread.java:748)
2019-09-24 16:04:50,990 INFO  storage.RaftStorage (RaftStorage.java:format(84)) - Storage directory /workdir/ratis-test/target/test/data/ca4e50c/MiniRaftClusterWithGrpc5faab8f6/s4/1f69b219-53a7-49ee-8928-6a62d5a52e8a has been successfully formatted.
2019-09-24 16:04:50,991 INFO  server.RaftServerConfigKeys (ConfUtils.java:logGet(43)) - raft.server.notification.no-leader.timeout = 60s (default)
2019-09-24 16:04:50,991 INFO  server.RaftServerConfigKeys (ConfUtils.java:logGet(43)) - raft.server.notification.no-leader.timeout = 60s (default)
2019-09-24 16:04:50,991 INFO  server.RaftServerConfigKeys (ConfUtils.java:logGet(43)) - raft.server.notification.no-leader.timeout = 60s (default)
2019-09-24 16:04:50,992 INFO  server.RaftServerConfigKeys (ConfUtils.java:logGet(43)) - raft.server.log.use.memory = false (default)
2019-09-24 16:04:50,991 INFO  server.RaftServerConfigKeys (ConfUtils.java:logGet(43)) - raft.server.notification.no-leader.timeout = 60s (default)
2019-09-24 16:04:50,990 INFO  server.RaftServerConfigKeys (ConfUtils.java:logGet(43)) - raft.server.notification.no-leader.timeout = 60s (default)
2019-09-24 16:04:50,990 INFO  server.RaftServerConfigKeys (ConfUtils.java:logGet(43)) - raft.server.notification.no-leader.timeout = 60s (default)
2019-09-24 16:04:50,990 WARN  server.GrpcServerProtocolService (LogUtils.java:warn(136)) - s5: Failed requestVote s1->s5#0
org.apache.ratis.protocol.GroupMismatchException: s5: group-C767EAC39A60 not found.
	at org.apache.ratis.server.impl.RaftServerProxy$ImplMap.get(RaftServerProxy.java:122)
	at org.apache.ratis.server.impl.RaftServerProxy.getImplFuture(RaftServerProxy.java:269)
	at org.apache.ratis.server.impl.RaftServerProxy.getImpl(RaftServerProxy.java:278)
	at org.apache.ratis.server.impl.RaftServerProxy.getImpl(RaftServerProxy.java:273)
	at org.apache.ratis.server.impl.RaftServerProxy.requestVote(RaftServerProxy.java:443)
	at org.apache.ratis.grpc.server.GrpcServerProtocolService.requestVote(GrpcServerProtocolService.java:142)
	at org.apache.ratis.proto.grpc.RaftServerProtocolServiceGrpc$MethodHandlers.invoke(RaftServerProtocolServiceGrpc.java:319)
	at org.apache.ratis.thirdparty.io.grpc.stub.ServerCalls$UnaryServerCallHandler$UnaryServerCallListener.onHalfClose(ServerCalls.java:171)
	at org.apache.ratis.thirdparty.io.grpc.internal.ServerCallImpl$ServerStreamListenerImpl.halfClosed(ServerCallImpl.java:283)
	at org.apache.ratis.thirdparty.io.grpc.internal.ServerImpl$JumpToApplicationThreadServerStreamListener$1HalfClosed.runInContext(ServerImpl.java:710)
	at org.apache.ratis.thirdparty.io.grpc.internal.ContextRunnable.run(ContextRunnable.java:37)
	at org.apache.ratis.thirdparty.io.grpc.internal.SerializingExecutor.run(SerializingExecutor.java:123)
	at java.util.concurrent.ThreadPoolExecutor.runWorker(ThreadPoolExecutor.java:1149)
	at java.util.concurrent.ThreadPoolExecutor$Worker.run(ThreadPoolExecutor.java:624)
	at java.lang.Thread.run(Thread.java:748)
2019-09-24 16:04:50,990 INFO  server.RaftServerConfigKeys (ConfUtils.java:logGet(43)) - raft.server.log.use.memory = false (default)
2019-09-24 16:04:50,990 WARN  server.GrpcServerProtocolService (LogUtils.java:warn(136)) - s3: Failed requestVote s1->s3#0
org.apache.ratis.protocol.GroupMismatchException: s3: group-C767EAC39A60 not found.
	at org.apache.ratis.server.impl.RaftServerProxy$ImplMap.get(RaftServerProxy.java:122)
	at org.apache.ratis.server.impl.RaftServerProxy.getImplFuture(RaftServerProxy.java:269)
	at org.apache.ratis.server.impl.RaftServerProxy.getImpl(RaftServerProxy.java:278)
	at org.apache.ratis.server.impl.RaftServerProxy.getImpl(RaftServerProxy.java:273)
	at org.apache.ratis.server.impl.RaftServerProxy.requestVote(RaftServerProxy.java:443)
	at org.apache.ratis.grpc.server.GrpcServerProtocolService.requestVote(GrpcServerProtocolService.java:142)
	at org.apache.ratis.proto.grpc.RaftServerProtocolServiceGrpc$MethodHandlers.invoke(RaftServerProtocolServiceGrpc.java:319)
	at org.apache.ratis.thirdparty.io.grpc.stub.ServerCalls$UnaryServerCallHandler$UnaryServerCallListener.onHalfClose(ServerCalls.java:171)
	at org.apache.ratis.thirdparty.io.grpc.internal.ServerCallImpl$ServerStreamListenerImpl.halfClosed(ServerCallImpl.java:283)
	at org.apache.ratis.thirdparty.io.grpc.internal.ServerImpl$JumpToApplicationThreadServerStreamListener$1HalfClosed.runInContext(ServerImpl.java:710)
	at org.apache.ratis.thirdparty.io.grpc.internal.ContextRunnable.run(ContextRunnable.java:37)
	at org.apache.ratis.thirdparty.io.grpc.internal.SerializingExecutor.run(SerializingExecutor.java:123)
	at java.util.concurrent.ThreadPoolExecutor.runWorker(ThreadPoolExecutor.java:1149)
	at java.util.concurrent.ThreadPoolExecutor$Worker.run(ThreadPoolExecutor.java:624)
	at java.lang.Thread.run(Thread.java:748)
2019-09-24 16:04:50,990 INFO  server.RaftServerConfigKeys (ConfUtils.java:logGet(43)) - raft.server.notification.no-leader.timeout = 60s (default)
2019-09-24 16:04:50,990 WARN  server.GrpcServerProtocolService (LogUtils.java:warn(136)) - s4: Failed requestVote s1->s4#0
org.apache.ratis.protocol.GroupMismatchException: s4: group-C767EAC39A60 not found.
	at org.apache.ratis.server.impl.RaftServerProxy$ImplMap.get(RaftServerProxy.java:122)
	at org.apache.ratis.server.impl.RaftServerProxy.getImplFuture(RaftServerProxy.java:269)
	at org.apache.ratis.server.impl.RaftServerProxy.getImpl(RaftServerProxy.java:278)
	at org.apache.ratis.server.impl.RaftServerProxy.getImpl(RaftServerProxy.java:273)
	at org.apache.ratis.server.impl.RaftServerProxy.requestVote(RaftServerProxy.java:443)
	at org.apache.ratis.grpc.server.GrpcServerProtocolService.requestVote(GrpcServerProtocolService.java:142)
	at org.apache.ratis.proto.grpc.RaftServerProtocolServiceGrpc$MethodHandlers.invoke(RaftServerProtocolServiceGrpc.java:319)
	at org.apache.ratis.thirdparty.io.grpc.stub.ServerCalls$UnaryServerCallHandler$UnaryServerCallListener.onHalfClose(ServerCalls.java:171)
	at org.apache.ratis.thirdparty.io.grpc.internal.ServerCallImpl$ServerStreamListenerImpl.halfClosed(ServerCallImpl.java:283)
	at org.apache.ratis.thirdparty.io.grpc.internal.ServerImpl$JumpToApplicationThreadServerStreamListener$1HalfClosed.runInContext(ServerImpl.java:710)
	at org.apache.ratis.thirdparty.io.grpc.internal.ContextRunnable.run(ContextRunnable.java:37)
	at org.apache.ratis.thirdparty.io.grpc.internal.SerializingExecutor.run(SerializingExecutor.java:123)
	at java.util.concurrent.ThreadPoolExecutor.runWorker(ThreadPoolExecutor.java:1149)
	at java.util.concurrent.ThreadPoolExecutor$Worker.run(ThreadPoolExecutor.java:624)
	at java.lang.Thread.run(Thread.java:748)
2019-09-24 16:04:50,994 INFO  server.RaftServerConfigKeys (ConfUtils.java:logGet(43)) - raft.server.log.use.memory = false (default)
2019-09-24 16:04:50,994 INFO  server.RaftServerConfigKeys (ConfUtils.java:logGet(43)) - raft.server.log.purge.gap = 1024 (default)
2019-09-24 16:04:50,995 INFO  server.RaftServerConfigKeys (ConfUtils.java:logGet(43)) - raft.server.log.appender.buffer.byte-limit = 4MB (=4194304) (default)
2019-09-24 16:04:50,993 INFO  server.RaftServerConfigKeys (ConfUtils.java:logGet(43)) - raft.server.log.use.memory = false (default)
2019-09-24 16:04:50,993 INFO  server.RaftServerConfigKeys (ConfUtils.java:logGet(43)) - raft.server.log.use.memory = false (default)
2019-09-24 16:04:50,993 INFO  server.RaftServerConfigKeys (ConfUtils.java:logGet(43)) - raft.server.log.use.memory = false (default)
2019-09-24 16:04:50,992 INFO  server.RaftServerConfigKeys (ConfUtils.java:logGet(43)) - raft.server.log.purge.gap = 1024 (default)
2019-09-24 16:04:50,992 INFO  server.RaftServerConfigKeys (ConfUtils.java:logGet(43)) - raft.server.log.use.memory = false (default)
2019-09-24 16:04:50,992 INFO  server.RaftServerConfigKeys (ConfUtils.java:logGet(43)) - raft.server.log.use.memory = false (default)
2019-09-24 16:04:50,992 INFO  server.RaftServerConfigKeys (ConfUtils.java:logGet(43)) - raft.server.notification.no-leader.timeout = 60s (default)
2019-09-24 16:04:50,997 INFO  server.RaftServerConfigKeys (ConfUtils.java:logGet(43)) - raft.server.log.purge.gap = 1024 (default)
2019-09-24 16:04:50,996 INFO  server.RaftServerConfigKeys (ConfUtils.java:logGet(43)) - raft.server.log.purge.gap = 1024 (default)
2019-09-24 16:04:50,996 INFO  server.RaftServerConfigKeys (ConfUtils.java:logGet(43)) - raft.server.log.appender.buffer.byte-limit = 4MB (=4194304) (default)
2019-09-24 16:04:50,999 INFO  impl.LeaderElection (LogUtils.java:infoOrTrace(149)) - s1@group-C767EAC39A60-LeaderElection13 got exception when requesting votes: java.util.concurrent.ExecutionException: org.apache.ratis.thirdparty.io.grpc.StatusRuntimeException: INTERNAL: s5: group-C767EAC39A60 not found.
2019-09-24 16:04:50,996 INFO  server.RaftServerConfigKeys (ConfUtils.java:logGet(43)) - raft.server.log.purge.gap = 1024 (default)
2019-09-24 16:04:50,996 INFO  server.RaftServerConfigKeys (ConfUtils.java:logGet(43)) - raft.server.log.purge.gap = 1024 (default)
2019-09-24 16:04:50,996 INFO  server.RaftServerConfigKeys (ConfUtils.java:logGet(43)) - raft.server.log.purge.gap = 1024 (default)
2019-09-24 16:04:50,996 INFO  server.RaftServerConfigKeys (ConfUtils.java:logGet(43)) - raft.server.log.segment.size.max = 8MB (=8388608) (default)
2019-09-24 16:04:50,995 INFO  server.RaftServerConfigKeys (ConfUtils.java:logGet(43)) - raft.server.log.purge.gap = 1024 (default)
2019-09-24 16:04:51,000 INFO  server.RaftServerConfigKeys (ConfUtils.java:logGet(43)) - raft.server.log.segment.cache.num.max = 6 (default)
2019-09-24 16:04:51,001 INFO  segmented.SegmentedRaftLogWorker (SegmentedRaftLogWorker.java:<init>(172)) - new s8@group-6A62D5A52E8A-SegmentedRaftLogWorker for RaftStorage:Storage Directory /workdir/ratis-test/target/test/data/ca4e50c/MiniRaftClusterWithGrpc5faab8f6/s8/1f69b219-53a7-49ee-8928-6a62d5a52e8a
2019-09-24 16:04:51,000 INFO  server.RaftServerConfigKeys (ConfUtils.java:logGet(43)) - raft.server.log.appender.buffer.byte-limit = 4MB (=4194304) (default)
2019-09-24 16:04:51,000 INFO  server.RaftServerConfigKeys (ConfUtils.java:logGet(43)) - raft.server.log.appender.buffer.byte-limit = 4MB (=4194304) (default)
2019-09-24 16:04:51,000 INFO  server.RaftServerConfigKeys (ConfUtils.java:logGet(43)) - raft.server.log.appender.buffer.byte-limit = 4MB (=4194304) (default)
2019-09-24 16:04:50,999 INFO  impl.LeaderElection (LogUtils.java:infoOrTrace(149)) - s1@group-C767EAC39A60-LeaderElection13 got exception when requesting votes: java.util.concurrent.ExecutionException: org.apache.ratis.thirdparty.io.grpc.StatusRuntimeException: INTERNAL: s2: group-C767EAC39A60 not found.
2019-09-24 16:04:50,999 INFO  server.RaftServerConfigKeys (ConfUtils.java:logGet(43)) - raft.server.log.segment.size.max = 8MB (=8388608) (default)
2019-09-24 16:04:50,998 INFO  server.RaftServerConfigKeys (ConfUtils.java:logGet(43)) - raft.server.log.appender.buffer.byte-limit = 4MB (=4194304) (default)
2019-09-24 16:04:50,998 INFO  server.RaftServerConfigKeys (ConfUtils.java:logGet(43)) - raft.server.log.appender.buffer.byte-limit = 4MB (=4194304) (default)
2019-09-24 16:04:50,997 INFO  server.RaftServerConfigKeys (ConfUtils.java:logGet(43)) - raft.server.log.use.memory = false (default)
2019-09-24 16:04:51,003 INFO  server.RaftServerConfigKeys (ConfUtils.java:logGet(43)) - raft.server.log.segment.size.max = 8MB (=8388608) (default)
2019-09-24 16:04:51,002 INFO  server.RaftServerConfigKeys (ConfUtils.java:logGet(43)) - raft.server.log.segment.size.max = 8MB (=8388608) (default)
2019-09-24 16:04:51,002 INFO  server.RaftServerConfigKeys (ConfUtils.java:logGet(43)) - raft.server.log.segment.cache.num.max = 6 (default)
2019-09-24 16:04:51,002 INFO  impl.LeaderElection (LogUtils.java:infoOrTrace(149)) - s1@group-C767EAC39A60-LeaderElection13 got exception when requesting votes: java.util.concurrent.ExecutionException: org.apache.ratis.thirdparty.io.grpc.StatusRuntimeException: INTERNAL: s3: group-C767EAC39A60 not found.
2019-09-24 16:04:51,002 INFO  server.RaftServerConfigKeys (ConfUtils.java:logGet(43)) - raft.server.log.segment.size.max = 8MB (=8388608) (default)
2019-09-24 16:04:51,004 INFO  server.RaftServerConfigKeys (ConfUtils.java:logGet(43)) - raft.server.log.queue.byte-limit = 64MB (=67108864) (default)
2019-09-24 16:04:51,002 INFO  server.RaftServerConfigKeys (ConfUtils.java:logGet(43)) - raft.server.log.segment.size.max = 8MB (=8388608) (default)
2019-09-24 16:04:51,001 INFO  server.RaftServerConfigKeys (ConfUtils.java:logGet(43)) - raft.server.log.segment.size.max = 8MB (=8388608) (default)
2019-09-24 16:04:51,001 INFO  server.RaftServerConfigKeys (ConfUtils.java:logGet(43)) - raft.server.log.appender.buffer.byte-limit = 4MB (=4194304) (default)
2019-09-24 16:04:51,004 INFO  server.RaftServerConfigKeys (ConfUtils.java:logGet(43)) - raft.server.log.segment.cache.num.max = 6 (default)
2019-09-24 16:04:51,004 INFO  server.RaftServerConfigKeys (ConfUtils.java:logGet(43)) - raft.server.log.segment.cache.num.max = 6 (default)
2019-09-24 16:04:51,004 INFO  server.RaftServerConfigKeys (ConfUtils.java:logGet(43)) - raft.server.log.queue.element-limit = 4096 (default)
2019-09-24 16:04:51,004 INFO  server.RaftServerConfigKeys (ConfUtils.java:logGet(43)) - raft.server.log.segment.cache.num.max = 6 (default)
2019-09-24 16:04:51,004 INFO  impl.LeaderElection (LogUtils.java:infoOrTrace(149)) - s1@group-C767EAC39A60-LeaderElection13 got exception when requesting votes: java.util.concurrent.ExecutionException: org.apache.ratis.thirdparty.io.grpc.StatusRuntimeException: INTERNAL: s4: group-C767EAC39A60 not found.
2019-09-24 16:04:51,003 INFO  segmented.SegmentedRaftLogWorker (SegmentedRaftLogWorker.java:<init>(172)) - new s5@group-6A62D5A52E8A-SegmentedRaftLogWorker for RaftStorage:Storage Directory /workdir/ratis-test/target/test/data/ca4e50c/MiniRaftClusterWithGrpc5faab8f6/s5/1f69b219-53a7-49ee-8928-6a62d5a52e8a
2019-09-24 16:04:51,003 INFO  server.RaftServerConfigKeys (ConfUtils.java:logGet(43)) - raft.server.log.segment.cache.num.max = 6 (default)
2019-09-24 16:04:51,003 INFO  server.RaftServerConfigKeys (ConfUtils.java:logGet(43)) - raft.server.log.segment.cache.num.max = 6 (default)
2019-09-24 16:04:51,003 INFO  server.RaftServerConfigKeys (ConfUtils.java:logGet(43)) - raft.server.log.purge.gap = 1024 (default)
2019-09-24 16:04:51,006 INFO  segmented.SegmentedRaftLogWorker (SegmentedRaftLogWorker.java:<init>(172)) - new s6@group-6A62D5A52E8A-SegmentedRaftLogWorker for RaftStorage:Storage Directory /workdir/ratis-test/target/test/data/ca4e50c/MiniRaftClusterWithGrpc5faab8f6/s6/1f69b219-53a7-49ee-8928-6a62d5a52e8a
2019-09-24 16:04:51,006 INFO  segmented.SegmentedRaftLogWorker (SegmentedRaftLogWorker.java:<init>(172)) - new s1@group-6A62D5A52E8A-SegmentedRaftLogWorker for RaftStorage:Storage Directory /workdir/ratis-test/target/test/data/ca4e50c/MiniRaftClusterWithGrpc5faab8f6/s1/1f69b219-53a7-49ee-8928-6a62d5a52e8a
2019-09-24 16:04:51,005 INFO  server.RaftServerConfigKeys (ConfUtils.java:logGet(43)) - raft.server.log.queue.byte-limit = 64MB (=67108864) (default)
2019-09-24 16:04:51,005 INFO  impl.LeaderElection (LeaderElection.java:logAndReturn(56)) - s1@group-C767EAC39A60-LeaderElection13: Election REJECTED; received 0 response(s) [] and 4 exception(s); s1@group-C767EAC39A60:t1, leader=null, voted=s1, raftlog=s1@group-C767EAC39A60-SegmentedRaftLog:OPENED:c-1,f-1,i0, conf=-1: [s3:0.0.0.0:46508, s4:0.0.0.0:36525, s5:0.0.0.0:38550, s1:0.0.0.0:37672, s2:0.0.0.0:40750], old=null
2019-09-24 16:04:51,005 INFO  segmented.SegmentedRaftLogWorker (SegmentedRaftLogWorker.java:<init>(172)) - new s2@group-6A62D5A52E8A-SegmentedRaftLogWorker for RaftStorage:Storage Directory /workdir/ratis-test/target/test/data/ca4e50c/MiniRaftClusterWithGrpc5faab8f6/s2/1f69b219-53a7-49ee-8928-6a62d5a52e8a
2019-09-24 16:04:51,005 INFO  server.RaftServerConfigKeys (ConfUtils.java:logGet(43)) - raft.server.log.segment.size.max = 8MB (=8388608) (default)
2019-09-24 16:04:51,005 INFO  segmented.SegmentedRaftLogWorker (SegmentedRaftLogWorker.java:<init>(172)) - new s0@group-6A62D5A52E8A-SegmentedRaftLogWorker for RaftStorage:Storage Directory /workdir/ratis-test/target/test/data/ca4e50c/MiniRaftClusterWithGrpc5faab8f6/s0/1f69b219-53a7-49ee-8928-6a62d5a52e8a
2019-09-24 16:04:51,007 INFO  server.RaftServerConfigKeys (ConfUtils.java:logGet(43)) - raft.server.log.queue.byte-limit = 64MB (=67108864) (default)
2019-09-24 16:04:51,004 INFO  segmented.SegmentedRaftLogWorker (SegmentedRaftLogWorker.java:<init>(172)) - new s7@group-6A62D5A52E8A-SegmentedRaftLogWorker for RaftStorage:Storage Directory /workdir/ratis-test/target/test/data/ca4e50c/MiniRaftClusterWithGrpc5faab8f6/s7/1f69b219-53a7-49ee-8928-6a62d5a52e8a
2019-09-24 16:04:51,004 INFO  server.RaftServerConfigKeys (ConfUtils.java:logGet(43)) - raft.server.log.segment.size.max = 8MB (=8388608) (default)
2019-09-24 16:04:51,007 INFO  server.RaftServerConfigKeys (ConfUtils.java:logGet(43)) - raft.server.log.queue.element-limit = 4096 (default)
2019-09-24 16:04:51,007 INFO  server.RaftServerConfigKeys (ConfUtils.java:logGet(43)) - raft.server.log.preallocated.size = 4MB (=4194304) (default)
2019-09-24 16:04:51,007 INFO  server.RaftServerConfigKeys (ConfUtils.java:logGet(43)) - raft.server.log.queue.byte-limit = 64MB (=67108864) (default)
2019-09-24 16:04:51,007 INFO  impl.LeaderElection (LogUtils.java:infoOrTrace(149)) -   Exception 0: java.util.concurrent.ExecutionException: org.apache.ratis.thirdparty.io.grpc.StatusRuntimeException: INTERNAL: s5: group-C767EAC39A60 not found.
2019-09-24 16:04:51,008 INFO  impl.LeaderElection (LogUtils.java:infoOrTrace(149)) -   Exception 1: java.util.concurrent.ExecutionException: org.apache.ratis.thirdparty.io.grpc.StatusRuntimeException: INTERNAL: s2: group-C767EAC39A60 not found.
2019-09-24 16:04:51,007 INFO  server.RaftServerConfigKeys (ConfUtils.java:logGet(43)) - raft.server.log.queue.element-limit = 4096 (default)
2019-09-24 16:04:51,006 INFO  server.RaftServerConfigKeys (ConfUtils.java:logGet(43)) - raft.server.log.queue.byte-limit = 64MB (=67108864) (default)
2019-09-24 16:04:51,006 INFO  server.RaftServerConfigKeys (ConfUtils.java:logGet(43)) - raft.server.log.queue.byte-limit = 64MB (=67108864) (default)
2019-09-24 16:04:51,006 INFO  server.RaftServerConfigKeys (ConfUtils.java:logGet(43)) - raft.server.log.appender.buffer.byte-limit = 4MB (=4194304) (default)
2019-09-24 16:04:51,009 INFO  server.RaftServerConfigKeys (ConfUtils.java:logGet(43)) - raft.server.log.queue.element-limit = 4096 (default)
2019-09-24 16:04:51,009 INFO  server.RaftServerConfigKeys (ConfUtils.java:logGet(43)) - raft.server.log.queue.element-limit = 4096 (default)
2019-09-24 16:04:51,009 INFO  server.RaftServerConfigKeys (ConfUtils.java:logGet(43)) - raft.server.log.segment.size.max = 8MB (=8388608) (default)
2019-09-24 16:04:51,009 INFO  impl.LeaderElection (LogUtils.java:infoOrTrace(149)) -   Exception 2: java.util.concurrent.ExecutionException: org.apache.ratis.thirdparty.io.grpc.StatusRuntimeException: INTERNAL: s3: group-C767EAC39A60 not found.
2019-09-24 16:04:51,008 INFO  server.RaftServerConfigKeys (ConfUtils.java:logGet(43)) - raft.server.log.queue.element-limit = 4096 (default)
2019-09-24 16:04:51,008 INFO  server.RaftServerConfigKeys (ConfUtils.java:logGet(43)) - raft.server.log.write.buffer.size = 64KB (=65536) (default)
2019-09-24 16:04:51,008 INFO  server.RaftServerConfigKeys (ConfUtils.java:logGet(43)) - raft.server.log.segment.size.max = 8MB (=8388608) (default)
2019-09-24 16:04:51,008 INFO  server.RaftServerConfigKeys (ConfUtils.java:logGet(43)) - raft.server.log.segment.cache.num.max = 6 (default)
2019-09-24 16:04:51,011 INFO  server.RaftServerConfigKeys (ConfUtils.java:logGet(43)) - raft.server.log.queue.byte-limit = 64MB (=67108864) (default)
2019-09-24 16:04:51,011 INFO  server.RaftServerConfigKeys (ConfUtils.java:logGet(43)) - raft.server.log.preallocated.size = 4MB (=4194304) (default)
2019-09-24 16:04:51,010 INFO  server.RaftServerConfigKeys (ConfUtils.java:logGet(43)) - raft.server.log.force.sync.num = 128 (default)
2019-09-24 16:04:51,010 INFO  server.RaftServerConfigKeys (ConfUtils.java:logGet(43)) - raft.server.log.segment.size.max = 8MB (=8388608) (default)
2019-09-24 16:04:51,010 INFO  impl.LeaderElection (LogUtils.java:infoOrTrace(149)) -   Exception 3: java.util.concurrent.ExecutionException: org.apache.ratis.thirdparty.io.grpc.StatusRuntimeException: INTERNAL: s4: group-C767EAC39A60 not found.
2019-09-24 16:04:51,010 INFO  server.RaftServerConfigKeys (ConfUtils.java:logGet(43)) - raft.server.log.preallocated.size = 4MB (=4194304) (default)
2019-09-24 16:04:51,010 INFO  server.RaftServerConfigKeys (ConfUtils.java:logGet(43)) - raft.server.log.segment.size.max = 8MB (=8388608) (default)
2019-09-24 16:04:51,010 INFO  server.RaftServerConfigKeys (ConfUtils.java:logGet(43)) - raft.server.log.segment.size.max = 8MB (=8388608) (default)
2019-09-24 16:04:51,009 INFO  server.RaftServerConfigKeys (ConfUtils.java:logGet(43)) - raft.server.log.segment.size.max = 8MB (=8388608) (default)
2019-09-24 16:04:51,012 INFO  server.RaftServerConfigKeys (ConfUtils.java:logGet(43)) - raft.server.log.preallocated.size = 4MB (=4194304) (default)
2019-09-24 16:04:51,012 INFO  server.RaftServerConfigKeys (ConfUtils.java:logGet(43)) - raft.server.log.preallocated.size = 4MB (=4194304) (default)
2019-09-24 16:04:51,012 INFO  server.RaftServerConfigKeys (ConfUtils.java:logGet(43)) - raft.server.log.write.buffer.size = 64KB (=65536) (default)
2019-09-24 16:04:51,012 INFO  impl.RaftServerImpl (RaftServerImpl.java:setRole(170)) - s1@group-C767EAC39A60: changes role from CANDIDATE to FOLLOWER at term 1 for DISCOVERED_A_NEW_TERM
2019-09-24 16:04:51,011 INFO  server.RaftServerConfigKeys (ConfUtils.java:logGet(43)) - raft.server.log.preallocated.size = 4MB (=4194304) (default)
2019-09-24 16:04:51,011 INFO  server.RaftServerConfigKeys (ConfUtils.java:logGet(43)) - raft.server.log.statemachine.data.sync = true (default)
2019-09-24 16:04:51,011 INFO  server.RaftServerConfigKeys (ConfUtils.java:logGet(43)) - raft.server.log.write.buffer.size = 64KB (=65536) (default)
2019-09-24 16:04:51,011 INFO  server.RaftServerConfigKeys (ConfUtils.java:logGet(43)) - raft.server.log.queue.element-limit = 4096 (default)
2019-09-24 16:04:51,011 INFO  segmented.SegmentedRaftLogWorker (SegmentedRaftLogWorker.java:<init>(172)) - new s3@group-6A62D5A52E8A-SegmentedRaftLogWorker for RaftStorage:Storage Directory /workdir/ratis-test/target/test/data/ca4e50c/MiniRaftClusterWithGrpc5faab8f6/s3/1f69b219-53a7-49ee-8928-6a62d5a52e8a
2019-09-24 16:04:51,014 INFO  server.RaftServerConfigKeys (ConfUtils.java:logGet(43)) - raft.server.log.segment.size.max = 8MB (=8388608) (default)
2019-09-24 16:04:51,014 INFO  server.RaftServerConfigKeys (ConfUtils.java:logGet(43)) - raft.server.log.force.sync.num = 128 (default)
2019-09-24 16:04:51,013 INFO  server.RaftServerConfigKeys (ConfUtils.java:logGet(43)) - raft.server.log.statemachine.data.sync.timeout = 10s (default)
2019-09-24 16:04:51,013 INFO  server.RaftServerConfigKeys (ConfUtils.java:logGet(43)) - raft.server.log.write.buffer.size = 64KB (=65536) (default)
2019-09-24 16:04:51,013 INFO  impl.RoleInfo (RoleInfo.java:shutdownLeaderElection(134)) - s1: shutdown LeaderElection
2019-09-24 16:04:51,013 INFO  server.RaftServerConfigKeys (ConfUtils.java:logGet(43)) - raft.server.log.force.sync.num = 128 (default)
2019-09-24 16:04:51,013 INFO  server.RaftServerConfigKeys (ConfUtils.java:logGet(43)) - raft.server.log.write.buffer.size = 64KB (=65536) (default)
2019-09-24 16:04:51,013 INFO  server.RaftServerConfigKeys (ConfUtils.java:logGet(43)) - raft.server.log.write.buffer.size = 64KB (=65536) (default)
2019-09-24 16:04:51,012 INFO  server.RaftServerConfigKeys (ConfUtils.java:logGet(43)) - raft.server.log.segment.cache.num.max = 6 (default)
2019-09-24 16:04:51,015 INFO  server.RaftServerConfigKeys (ConfUtils.java:logGet(43)) - raft.server.log.force.sync.num = 128 (default)
2019-09-24 16:04:51,015 INFO  server.RaftServerConfigKeys (ConfUtils.java:logGet(43)) - raft.server.log.force.sync.num = 128 (default)
2019-09-24 16:04:51,015 INFO  server.RaftServerConfigKeys (ConfUtils.java:logGet(43)) - raft.server.log.statemachine.data.sync = true (default)
2019-09-24 16:04:51,015 INFO  impl.RoleInfo (RoleInfo.java:updateAndGet(143)) - s1: start FollowerState
2019-09-24 16:04:51,015 INFO  server.RaftServerConfigKeys (ConfUtils.java:logGet(43)) - raft.server.log.force.sync.num = 128 (default)
2019-09-24 16:04:51,014 INFO  server.RaftServerConfigKeys (ConfUtils.java:logGet(43)) - raft.server.log.statemachine.data.sync.timeout.retry = -1 (default)
2019-09-24 16:04:51,014 INFO  server.RaftServerConfigKeys (ConfUtils.java:logGet(43)) - raft.server.log.statemachine.data.sync = true (default)
2019-09-24 16:04:51,014 INFO  server.RaftServerConfigKeys (ConfUtils.java:logGet(43)) - raft.server.log.preallocated.size = 4MB (=4194304) (default)
2019-09-24 16:04:51,014 INFO  server.RaftServerConfigKeys (ConfUtils.java:logGet(43)) - raft.server.log.queue.byte-limit = 64MB (=67108864) (default)
2019-09-24 16:04:51,017 INFO  server.RaftServerConfigKeys (ConfUtils.java:logGet(43)) - raft.server.log.write.buffer.size = 64KB (=65536) (default)
2019-09-24 16:04:51,017 INFO  server.RaftServerConfigKeys (ConfUtils.java:logGet(43)) - raft.server.log.statemachine.data.caching.enabled = false (default)
2019-09-24 16:04:51,017 INFO  server.RaftServerConfigKeys (ConfUtils.java:logGet(43)) - raft.server.log.statemachine.data.sync.timeout = 10s (default)
2019-09-24 16:04:51,017 INFO  server.RaftServerConfigKeys (ConfUtils.java:logGet(43)) - raft.server.log.statemachine.data.sync = true (default)
2019-09-24 16:04:51,016 INFO  server.RaftServerConfigKeys (ConfUtils.java:logGet(43)) - raft.server.log.statemachine.data.sync.timeout = 10s (default)
2019-09-24 16:04:51,016 INFO  server.RaftServerConfigKeys (ConfUtils.java:logGet(43)) - raft.server.log.statemachine.data.sync = true (default)
2019-09-24 16:04:51,016 INFO  server.RaftServerConfigKeys (ConfUtils.java:logGet(43)) - raft.server.log.statemachine.data.sync = true (default)
2019-09-24 16:04:51,016 INFO  segmented.SegmentedRaftLogWorker (SegmentedRaftLogWorker.java:<init>(172)) - new s4@group-6A62D5A52E8A-SegmentedRaftLogWorker for RaftStorage:Storage Directory /workdir/ratis-test/target/test/data/ca4e50c/MiniRaftClusterWithGrpc5faab8f6/s4/1f69b219-53a7-49ee-8928-6a62d5a52e8a
2019-09-24 16:04:51,018 INFO  server.RaftServerConfigKeys (ConfUtils.java:logGet(43)) - raft.server.log.statemachine.data.sync.timeout = 10s (default)
2019-09-24 16:04:51,018 INFO  server.RaftServerConfigKeys (ConfUtils.java:logGet(43)) - raft.server.log.statemachine.data.sync.timeout = 10s (default)
2019-09-24 16:04:51,019 INFO  server.RaftServerConfigKeys (ConfUtils.java:logGet(43)) - raft.server.log.statemachine.data.sync.timeout.retry = -1 (default)
2019-09-24 16:04:51,018 INFO  server.RaftServerConfigKeys (ConfUtils.java:logGet(43)) - raft.server.log.statemachine.data.sync.timeout.retry = -1 (default)
2019-09-24 16:04:51,018 INFO  server.RaftServerConfigKeys (ConfUtils.java:logGet(43)) - raft.server.log.statemachine.data.sync.timeout = 10s (default)
2019-09-24 16:04:51,018 INFO  segmented.SegmentedRaftLogWorker (SegmentedRaftLogWorker.java:lambda$new$0(132)) - s8@group-6A62D5A52E8A-SegmentedRaftLogWorker: flushIndex: setUnconditionally 0 -> -1
2019-09-24 16:04:51,018 INFO  server.RaftServerConfigKeys (ConfUtils.java:logGet(43)) - raft.server.log.statemachine.data.sync.timeout.retry = -1 (default)
2019-09-24 16:04:51,017 INFO  server.RaftServerConfigKeys (ConfUtils.java:logGet(43)) - raft.server.log.force.sync.num = 128 (default)
2019-09-24 16:04:51,017 INFO  server.RaftServerConfigKeys (ConfUtils.java:logGet(43)) - raft.server.log.queue.element-limit = 4096 (default)
2019-09-24 16:04:51,020 INFO  server.RaftServerConfigKeys (ConfUtils.java:logGet(43)) - raft.server.log.statemachine.data.sync = true (default)
2019-09-24 16:04:51,020 INFO  server.RaftServerConfigKeys (ConfUtils.java:logGet(43)) - raft.server.snapshot.auto.trigger.enabled = false (default)
2019-09-24 16:04:51,020 INFO  server.RaftServerConfigKeys (ConfUtils.java:logGet(43)) - raft.server.log.statemachine.data.caching.enabled = false (default)
2019-09-24 16:04:51,020 INFO  server.RaftServerConfigKeys (ConfUtils.java:logGet(43)) - raft.server.log.statemachine.data.sync.timeout.retry = -1 (default)
2019-09-24 16:04:51,019 INFO  server.RaftServerConfigKeys (ConfUtils.java:logGet(43)) - raft.server.log.statemachine.data.caching.enabled = false (default)
2019-09-24 16:04:51,019 INFO  server.RaftServerConfigKeys (ConfUtils.java:logGet(43)) - raft.server.log.statemachine.data.caching.enabled = false (default)
2019-09-24 16:04:51,021 INFO  segmented.SegmentedRaftLogWorker (SegmentedRaftLogWorker.java:lambda$new$0(132)) - s5@group-6A62D5A52E8A-SegmentedRaftLogWorker: flushIndex: setUnconditionally 0 -> -1
2019-09-24 16:04:51,019 INFO  server.RaftServerConfigKeys (ConfUtils.java:logGet(43)) - raft.server.log.statemachine.data.sync.timeout.retry = -1 (default)
2019-09-24 16:04:51,019 INFO  server.RaftServerConfigKeys (ConfUtils.java:logGet(43)) - raft.server.log.queue.byte-limit = 64MB (=67108864) (default)
2019-09-24 16:04:51,022 INFO  server.RaftServerConfigKeys (ConfUtils.java:logGet(43)) - raft.server.log.statemachine.data.caching.enabled = false (default)
2019-09-24 16:04:51,022 INFO  server.RaftServerConfigKeys (ConfUtils.java:logGet(43)) - raft.server.snapshot.auto.trigger.enabled = false (default)
2019-09-24 16:04:51,022 INFO  server.RaftServerConfigKeys (ConfUtils.java:logGet(43)) - raft.server.snapshot.retention.file.num = -1 (default)
2019-09-24 16:04:51,022 INFO  segmented.SegmentedRaftLogWorker (SegmentedRaftLogWorker.java:lambda$new$0(132)) - s1@group-6A62D5A52E8A-SegmentedRaftLogWorker: flushIndex: setUnconditionally 0 -> -1
2019-09-24 16:04:51,021 INFO  server.RaftServerConfigKeys (ConfUtils.java:logGet(43)) - raft.server.log.statemachine.data.caching.enabled = false (default)
2019-09-24 16:04:51,021 INFO  segmented.SegmentedRaftLogWorker (SegmentedRaftLogWorker.java:lambda$new$0(132)) - s0@group-6A62D5A52E8A-SegmentedRaftLogWorker: flushIndex: setUnconditionally 0 -> -1
2019-09-24 16:04:51,021 INFO  server.RaftServerConfigKeys (ConfUtils.java:logGet(43)) - raft.server.snapshot.retention.file.num = -1 (default)
2019-09-24 16:04:51,021 INFO  server.RaftServerConfigKeys (ConfUtils.java:logGet(43)) - raft.server.log.statemachine.data.sync.timeout = 10s (default)
2019-09-24 16:04:51,020 INFO  server.RaftServerConfigKeys (ConfUtils.java:logGet(43)) - raft.server.log.segment.size.max = 8MB (=8388608) (default)
2019-09-24 16:04:51,023 INFO  server.RaftServerConfigKeys (ConfUtils.java:logGet(43)) - raft.server.log.statemachine.data.sync.timeout.retry = -1 (default)
2019-09-24 16:04:51,023 INFO  server.RaftServerConfigKeys (ConfUtils.java:logGet(43)) - raft.server.retrycache.expirytime = 60s (default)
2019-09-24 16:04:51,023 INFO  server.RaftServerConfigKeys (ConfUtils.java:logGet(43)) - raft.server.snapshot.auto.trigger.enabled = false (default)
2019-09-24 16:04:51,023 INFO  segmented.SegmentedRaftLogWorker (SegmentedRaftLogWorker.java:lambda$new$0(132)) - s2@group-6A62D5A52E8A-SegmentedRaftLogWorker: flushIndex: setUnconditionally 0 -> -1
2019-09-24 16:04:51,023 INFO  server.RaftServerConfigKeys (ConfUtils.java:logGet(43)) - raft.server.snapshot.auto.trigger.enabled = false (default)
2019-09-24 16:04:51,024 INFO  server.RaftServerConfigKeys (ConfUtils.java:logGet(43)) - raft.server.snapshot.auto.trigger.enabled = false (default)
2019-09-24 16:04:51,022 INFO  server.RaftServerConfigKeys (ConfUtils.java:logGet(43)) - raft.server.retrycache.expirytime = 60s (default)
2019-09-24 16:04:51,022 INFO  segmented.SegmentedRaftLogWorker (SegmentedRaftLogWorker.java:lambda$new$0(132)) - s6@group-6A62D5A52E8A-SegmentedRaftLogWorker: flushIndex: setUnconditionally 0 -> -1
2019-09-24 16:04:51,022 INFO  server.RaftServerConfigKeys (ConfUtils.java:logGet(43)) - raft.server.log.queue.element-limit = 4096 (default)
2019-09-24 16:04:51,025 INFO  server.RaftServerConfigKeys (ConfUtils.java:logGet(43)) - raft.server.snapshot.retention.file.num = -1 (default)
2019-09-24 16:04:51,024 INFO  server.RaftServerConfigKeys (ConfUtils.java:logGet(43)) - raft.server.snapshot.retention.file.num = -1 (default)
2019-09-24 16:04:51,025 INFO  server.RaftServerConfigKeys (ConfUtils.java:logGet(43)) - raft.server.retrycache.expirytime = 60s (default)
2019-09-24 16:04:51,024 INFO  server.RaftServerConfigKeys (ConfUtils.java:logGet(43)) - raft.server.snapshot.retention.file.num = -1 (default)
2019-09-24 16:04:51,024 INFO  server.RaftServerConfigKeys (ConfUtils.java:logGet(43)) - raft.server.log.statemachine.data.caching.enabled = false (default)
2019-09-24 16:04:51,024 INFO  server.RaftServerConfigKeys (ConfUtils.java:logGet(43)) - raft.server.log.preallocated.size = 4MB (=4194304) (default)
2019-09-24 16:04:51,026 INFO  server.RaftServerConfigKeys (ConfUtils.java:logGet(43)) - raft.server.retrycache.expirytime = 60s (default)
2019-09-24 16:04:51,025 INFO  server.RaftServerConfigKeys (ConfUtils.java:logGet(43)) - raft.server.retrycache.expirytime = 60s (default)
2019-09-24 16:04:51,025 INFO  server.RaftServerConfigKeys (ConfUtils.java:logGet(43)) - raft.server.log.segment.size.max = 8MB (=8388608) (default)
2019-09-24 16:04:51,027 INFO  server.RaftServerConfigKeys (ConfUtils.java:logGet(43)) - raft.server.log.preallocated.size = 4MB (=4194304) (default)
2019-09-24 16:04:51,025 INFO  server.RaftServerConfigKeys (ConfUtils.java:logGet(43)) - raft.server.snapshot.auto.trigger.enabled = false (default)
2019-09-24 16:04:51,027 INFO  server.RaftServerConfigKeys (ConfUtils.java:logGet(43)) - raft.server.log.write.buffer.size = 64KB (=65536) (default)
2019-09-24 16:04:51,026 INFO  segmented.SegmentedRaftLogWorker (SegmentedRaftLogWorker.java:lambda$new$0(132)) - s7@group-6A62D5A52E8A-SegmentedRaftLogWorker: flushIndex: setUnconditionally 0 -> -1
2019-09-24 16:04:51,026 INFO  server.RaftServerConfigKeys (ConfUtils.java:logGet(43)) - raft.server.log.write.buffer.size = 64KB (=65536) (default)
2019-09-24 16:04:51,027 INFO  server.RaftServerConfigKeys (ConfUtils.java:logGet(43)) - raft.server.log.force.sync.num = 128 (default)
2019-09-24 16:04:51,027 INFO  server.RaftServerConfigKeys (ConfUtils.java:logGet(43)) - raft.server.snapshot.retention.file.num = -1 (default)
2019-09-24 16:04:51,028 INFO  server.RaftServerConfigKeys (ConfUtils.java:logGet(43)) - raft.server.snapshot.auto.trigger.enabled = false (default)
2019-09-24 16:04:51,028 INFO  server.RaftServerConfigKeys (ConfUtils.java:logGet(43)) - raft.server.log.statemachine.data.sync = true (default)
2019-09-24 16:04:51,028 INFO  server.RaftServerConfigKeys (ConfUtils.java:logGet(43)) - raft.server.log.force.sync.num = 128 (default)
2019-09-24 16:04:51,028 INFO  server.RaftServerConfigKeys (ConfUtils.java:logGet(43)) - raft.server.log.statemachine.data.sync.timeout = 10s (default)
2019-09-24 16:04:51,028 INFO  server.RaftServerConfigKeys (ConfUtils.java:logGet(43)) - raft.server.snapshot.retention.file.num = -1 (default)
2019-09-24 16:04:51,028 INFO  server.RaftServerConfigKeys (ConfUtils.java:logGet(43)) - raft.server.retrycache.expirytime = 60s (default)
2019-09-24 16:04:51,029 INFO  server.RaftServerConfigKeys (ConfUtils.java:logGet(43)) - raft.server.retrycache.expirytime = 60s (default)
2019-09-24 16:04:51,028 INFO  server.RaftServerConfigKeys (ConfUtils.java:logGet(43)) - raft.server.log.statemachine.data.sync.timeout.retry = -1 (default)
2019-09-24 16:04:51,028 INFO  server.RaftServerConfigKeys (ConfUtils.java:logGet(43)) - raft.server.log.statemachine.data.sync = true (default)
2019-09-24 16:04:51,029 INFO  server.RaftServerConfigKeys (ConfUtils.java:logGet(43)) - raft.server.log.statemachine.data.caching.enabled = false (default)
2019-09-24 16:04:51,029 INFO  server.RaftServerConfigKeys (ConfUtils.java:logGet(43)) - raft.server.log.statemachine.data.sync.timeout = 10s (default)
2019-09-24 16:04:51,030 INFO  server.RaftServerConfigKeys (ConfUtils.java:logGet(43)) - raft.server.log.statemachine.data.sync.timeout.retry = -1 (default)
2019-09-24 16:04:51,030 INFO  segmented.SegmentedRaftLogWorker (SegmentedRaftLogWorker.java:lambda$new$0(132)) - s4@group-6A62D5A52E8A-SegmentedRaftLogWorker: flushIndex: setUnconditionally 0 -> -1
2019-09-24 16:04:51,030 INFO  server.RaftServerConfigKeys (ConfUtils.java:logGet(43)) - raft.server.log.statemachine.data.caching.enabled = false (default)
2019-09-24 16:04:51,030 INFO  server.RaftServerConfigKeys (ConfUtils.java:logGet(43)) - raft.server.snapshot.auto.trigger.enabled = false (default)
2019-09-24 16:04:51,030 INFO  server.RaftServerConfigKeys (ConfUtils.java:logGet(43)) - raft.server.snapshot.retention.file.num = -1 (default)
2019-09-24 16:04:51,030 INFO  segmented.SegmentedRaftLogWorker (SegmentedRaftLogWorker.java:lambda$new$0(132)) - s3@group-6A62D5A52E8A-SegmentedRaftLogWorker: flushIndex: setUnconditionally 0 -> -1
2019-09-24 16:04:51,030 INFO  server.RaftServerConfigKeys (ConfUtils.java:logGet(43)) - raft.server.retrycache.expirytime = 60s (default)
2019-09-24 16:04:51,031 INFO  server.RaftServerConfigKeys (ConfUtils.java:logGet(43)) - raft.server.snapshot.auto.trigger.enabled = false (default)
2019-09-24 16:04:51,031 INFO  server.RaftServerConfigKeys (ConfUtils.java:logGet(43)) - raft.server.snapshot.retention.file.num = -1 (default)
2019-09-24 16:04:51,031 INFO  server.RaftServerConfigKeys (ConfUtils.java:logGet(43)) - raft.server.retrycache.expirytime = 60s (default)
2019-09-24 16:04:51,041 INFO  impl.RaftServerImpl (RaftServerImpl.java:start(184)) - s3@group-6A62D5A52E8A: start with initializing state, conf=-1: [], old=null
2019-09-24 16:04:51,041 INFO  impl.RaftServerImpl (RaftServerImpl.java:setRole(170)) - s3@group-6A62D5A52E8A: changes role from      null to FOLLOWER at term 0 for startInitializing
2019-09-24 16:04:51,042 INFO  util.JmxRegister (JmxRegister.java:tryRegister(44)) - Successfully registered JMX Bean with object name Ratis:service=RaftServer,group=group-6A62D5A52E8A,id=s3
2019-09-24 16:04:51,046 INFO  impl.RaftServerProxy (RaftServerProxy.java:lambda$start$3(299)) - s3: start RPC server
2019-09-24 16:04:51,049 INFO  server.GrpcService (GrpcService.java:startImpl(158)) - s3: GrpcService started, listening on 0.0.0.0/0.0.0.0:33150
2019-09-24 16:04:51,050 INFO  impl.RaftServerImpl (RaftServerImpl.java:start(184)) - s4@group-6A62D5A52E8A: start with initializing state, conf=-1: [], old=null
2019-09-24 16:04:51,050 INFO  impl.RaftServerImpl (RaftServerImpl.java:setRole(170)) - s4@group-6A62D5A52E8A: changes role from      null to FOLLOWER at term 0 for startInitializing
2019-09-24 16:04:51,051 INFO  util.JmxRegister (JmxRegister.java:tryRegister(44)) - Successfully registered JMX Bean with object name Ratis:service=RaftServer,group=group-6A62D5A52E8A,id=s4
2019-09-24 16:04:51,054 INFO  impl.RaftServerProxy (RaftServerProxy.java:lambda$start$3(299)) - s4: start RPC server
2019-09-24 16:04:51,055 INFO  server.GrpcService (GrpcService.java:startImpl(158)) - s4: GrpcService started, listening on 0.0.0.0/0.0.0.0:39003
2019-09-24 16:04:51,056 INFO  impl.RaftServerImpl (RaftServerImpl.java:start(184)) - s5@group-6A62D5A52E8A: start with initializing state, conf=-1: [], old=null
2019-09-24 16:04:51,057 INFO  impl.RaftServerImpl (RaftServerImpl.java:setRole(170)) - s5@group-6A62D5A52E8A: changes role from      null to FOLLOWER at term 0 for startInitializing
2019-09-24 16:04:51,057 INFO  util.JmxRegister (JmxRegister.java:tryRegister(44)) - Successfully registered JMX Bean with object name Ratis:service=RaftServer,group=group-6A62D5A52E8A,id=s5
2019-09-24 16:04:51,060 INFO  impl.RaftServerProxy (RaftServerProxy.java:lambda$start$3(299)) - s5: start RPC server
2019-09-24 16:04:51,062 INFO  server.GrpcService (GrpcService.java:startImpl(158)) - s5: GrpcService started, listening on 0.0.0.0/0.0.0.0:46326
2019-09-24 16:04:51,062 INFO  impl.RaftServerImpl (RaftServerImpl.java:start(184)) - s6@group-6A62D5A52E8A: start with initializing state, conf=-1: [], old=null
2019-09-24 16:04:51,063 INFO  impl.RaftServerImpl (RaftServerImpl.java:setRole(170)) - s6@group-6A62D5A52E8A: changes role from      null to FOLLOWER at term 0 for startInitializing
2019-09-24 16:04:51,063 INFO  util.JmxRegister (JmxRegister.java:tryRegister(44)) - Successfully registered JMX Bean with object name Ratis:service=RaftServer,group=group-6A62D5A52E8A,id=s6
2019-09-24 16:04:51,066 INFO  impl.RaftServerProxy (RaftServerProxy.java:lambda$start$3(299)) - s6: start RPC server
2019-09-24 16:04:51,067 INFO  server.GrpcService (GrpcService.java:startImpl(158)) - s6: GrpcService started, listening on 0.0.0.0/0.0.0.0:35788
2019-09-24 16:04:51,068 INFO  impl.RaftServerImpl (RaftServerImpl.java:start(184)) - s7@group-6A62D5A52E8A: start with initializing state, conf=-1: [], old=null
2019-09-24 16:04:51,068 INFO  impl.RaftServerImpl (RaftServerImpl.java:setRole(170)) - s7@group-6A62D5A52E8A: changes role from      null to FOLLOWER at term 0 for startInitializing
2019-09-24 16:04:51,069 INFO  util.JmxRegister (JmxRegister.java:tryRegister(44)) - Successfully registered JMX Bean with object name Ratis:service=RaftServer,group=group-6A62D5A52E8A,id=s7
2019-09-24 16:04:51,072 INFO  impl.RaftServerProxy (RaftServerProxy.java:lambda$start$3(299)) - s7: start RPC server
2019-09-24 16:04:51,075 INFO  server.GrpcService (GrpcService.java:startImpl(158)) - s7: GrpcService started, listening on 0.0.0.0/0.0.0.0:33307
2019-09-24 16:04:51,076 INFO  impl.RaftServerImpl (RaftServerImpl.java:start(184)) - s8@group-6A62D5A52E8A: start with initializing state, conf=-1: [], old=null
2019-09-24 16:04:51,076 INFO  impl.RaftServerImpl (RaftServerImpl.java:setRole(170)) - s8@group-6A62D5A52E8A: changes role from      null to FOLLOWER at term 0 for startInitializing
2019-09-24 16:04:51,076 INFO  util.JmxRegister (JmxRegister.java:tryRegister(44)) - Successfully registered JMX Bean with object name Ratis:service=RaftServer,group=group-6A62D5A52E8A,id=s8
2019-09-24 16:04:51,080 INFO  impl.RaftServerProxy (RaftServerProxy.java:lambda$start$3(299)) - s8: start RPC server
2019-09-24 16:04:51,081 INFO  server.GrpcService (GrpcService.java:startImpl(158)) - s8: GrpcService started, listening on 0.0.0.0/0.0.0.0:38580
2019-09-24 16:04:51,082 INFO  impl.RaftServerImpl (RaftServerImpl.java:start(184)) - s0@group-6A62D5A52E8A: start with initializing state, conf=-1: [], old=null
2019-09-24 16:04:51,082 INFO  impl.RaftServerImpl (RaftServerImpl.java:setRole(170)) - s0@group-6A62D5A52E8A: changes role from      null to FOLLOWER at term 0 for startInitializing
2019-09-24 16:04:51,082 INFO  util.JmxRegister (JmxRegister.java:tryRegister(44)) - Successfully registered JMX Bean with object name Ratis:service=RaftServer,group=group-6A62D5A52E8A,id=s0
2019-09-24 16:04:51,085 INFO  impl.RaftServerProxy (RaftServerProxy.java:lambda$start$3(299)) - s0: start RPC server
2019-09-24 16:04:51,087 INFO  server.GrpcService (GrpcService.java:startImpl(158)) - s0: GrpcService started, listening on 0.0.0.0/0.0.0.0:35997
2019-09-24 16:04:51,088 INFO  impl.RaftServerImpl (RaftServerImpl.java:start(184)) - s1@group-6A62D5A52E8A: start with initializing state, conf=-1: [], old=null
2019-09-24 16:04:51,088 INFO  impl.RaftServerImpl (RaftServerImpl.java:setRole(170)) - s1@group-6A62D5A52E8A: changes role from      null to FOLLOWER at term 0 for startInitializing
2019-09-24 16:04:51,088 INFO  util.JmxRegister (JmxRegister.java:tryRegister(44)) - Successfully registered JMX Bean with object name Ratis:service=RaftServer,group=group-6A62D5A52E8A,id=s1
2019-09-24 16:04:51,092 INFO  impl.RaftServerProxy (RaftServerProxy.java:lambda$start$3(299)) - s1: start RPC server
2019-09-24 16:04:51,093 INFO  server.GrpcService (GrpcService.java:startImpl(158)) - s1: GrpcService started, listening on 0.0.0.0/0.0.0.0:34886
2019-09-24 16:04:51,094 INFO  impl.RaftServerImpl (RaftServerImpl.java:start(184)) - s2@group-6A62D5A52E8A: start with initializing state, conf=-1: [], old=null
2019-09-24 16:04:51,094 INFO  impl.RaftServerImpl (RaftServerImpl.java:setRole(170)) - s2@group-6A62D5A52E8A: changes role from      null to FOLLOWER at term 0 for startInitializing
2019-09-24 16:04:51,094 INFO  util.JmxRegister (JmxRegister.java:tryRegister(44)) - Successfully registered JMX Bean with object name Ratis:service=RaftServer,group=group-6A62D5A52E8A,id=s2
2019-09-24 16:04:51,097 INFO  impl.RaftServerProxy (RaftServerProxy.java:lambda$start$3(299)) - s2: start RPC server
2019-09-24 16:04:51,099 INFO  server.GrpcService (GrpcService.java:startImpl(158)) - s2: GrpcService started, listening on 0.0.0.0/0.0.0.0:44071
2019-09-24 16:04:51,312 INFO  impl.FollowerState (FollowerState.java:run(108)) - s1@group-C767EAC39A60-FollowerState: change to CANDIDATE, lastRpcTime:296ms, electionTimeout:295ms
2019-09-24 16:04:51,312 INFO  impl.RoleInfo (RoleInfo.java:shutdownFollowerState(121)) - s1: shutdown FollowerState
2019-09-24 16:04:51,312 INFO  impl.RaftServerImpl (RaftServerImpl.java:setRole(170)) - s1@group-C767EAC39A60: changes role from  FOLLOWER to CANDIDATE at term 1 for changeToCandidate
2019-09-24 16:04:51,312 INFO  impl.RoleInfo (RoleInfo.java:updateAndGet(143)) - s1: start LeaderElection
2019-09-24 16:04:51,328 INFO  impl.LeaderElection (LeaderElection.java:askForVotes(178)) - s1@group-C767EAC39A60-LeaderElection14: begin an election at term 2 for -1: [s3:0.0.0.0:46508, s4:0.0.0.0:36525, s5:0.0.0.0:38550, s1:0.0.0.0:37672, s2:0.0.0.0:40750], old=null
2019-09-24 16:04:51,334 WARN  server.GrpcServerProtocolService (LogUtils.java:warn(136)) - s2: Failed requestVote s1->s2#0
org.apache.ratis.protocol.GroupMismatchException: s2: group-C767EAC39A60 not found.
	at org.apache.ratis.server.impl.RaftServerProxy$ImplMap.get(RaftServerProxy.java:122)
	at org.apache.ratis.server.impl.RaftServerProxy.getImplFuture(RaftServerProxy.java:269)
	at org.apache.ratis.server.impl.RaftServerProxy.getImpl(RaftServerProxy.java:278)
	at org.apache.ratis.server.impl.RaftServerProxy.getImpl(RaftServerProxy.java:273)
	at org.apache.ratis.server.impl.RaftServerProxy.requestVote(RaftServerProxy.java:443)
	at org.apache.ratis.grpc.server.GrpcServerProtocolService.requestVote(GrpcServerProtocolService.java:142)
	at org.apache.ratis.proto.grpc.RaftServerProtocolServiceGrpc$MethodHandlers.invoke(RaftServerProtocolServiceGrpc.java:319)
	at org.apache.ratis.thirdparty.io.grpc.stub.ServerCalls$UnaryServerCallHandler$UnaryServerCallListener.onHalfClose(ServerCalls.java:171)
	at org.apache.ratis.thirdparty.io.grpc.internal.ServerCallImpl$ServerStreamListenerImpl.halfClosed(ServerCallImpl.java:283)
	at org.apache.ratis.thirdparty.io.grpc.internal.ServerImpl$JumpToApplicationThreadServerStreamListener$1HalfClosed.runInContext(ServerImpl.java:710)
	at org.apache.ratis.thirdparty.io.grpc.internal.ContextRunnable.run(ContextRunnable.java:37)
	at org.apache.ratis.thirdparty.io.grpc.internal.SerializingExecutor.run(SerializingExecutor.java:123)
	at java.util.concurrent.ThreadPoolExecutor.runWorker(ThreadPoolExecutor.java:1149)
	at java.util.concurrent.ThreadPoolExecutor$Worker.run(ThreadPoolExecutor.java:624)
	at java.lang.Thread.run(Thread.java:748)
2019-09-24 16:04:51,335 WARN  server.GrpcServerProtocolService (LogUtils.java:warn(136)) - s4: Failed requestVote s1->s4#0
org.apache.ratis.protocol.GroupMismatchException: s4: group-C767EAC39A60 not found.
	at org.apache.ratis.server.impl.RaftServerProxy$ImplMap.get(RaftServerProxy.java:122)
	at org.apache.ratis.server.impl.RaftServerProxy.getImplFuture(RaftServerProxy.java:269)
	at org.apache.ratis.server.impl.RaftServerProxy.getImpl(RaftServerProxy.java:278)
	at org.apache.ratis.server.impl.RaftServerProxy.getImpl(RaftServerProxy.java:273)
	at org.apache.ratis.server.impl.RaftServerProxy.requestVote(RaftServerProxy.java:443)
	at org.apache.ratis.grpc.server.GrpcServerProtocolService.requestVote(GrpcServerProtocolService.java:142)
	at org.apache.ratis.proto.grpc.RaftServerProtocolServiceGrpc$MethodHandlers.invoke(RaftServerProtocolServiceGrpc.java:319)
	at org.apache.ratis.thirdparty.io.grpc.stub.ServerCalls$UnaryServerCallHandler$UnaryServerCallListener.onHalfClose(ServerCalls.java:171)
	at org.apache.ratis.thirdparty.io.grpc.internal.ServerCallImpl$ServerStreamListenerImpl.halfClosed(ServerCallImpl.java:283)
	at org.apache.ratis.thirdparty.io.grpc.internal.ServerImpl$JumpToApplicationThreadServerStreamListener$1HalfClosed.runInContext(ServerImpl.java:710)
	at org.apache.ratis.thirdparty.io.grpc.internal.ContextRunnable.run(ContextRunnable.java:37)
	at org.apache.ratis.thirdparty.io.grpc.internal.SerializingExecutor.run(SerializingExecutor.java:123)
	at java.util.concurrent.ThreadPoolExecutor.runWorker(ThreadPoolExecutor.java:1149)
	at java.util.concurrent.ThreadPoolExecutor$Worker.run(ThreadPoolExecutor.java:624)
	at java.lang.Thread.run(Thread.java:748)
2019-09-24 16:04:51,334 WARN  server.GrpcServerProtocolService (LogUtils.java:warn(136)) - s3: Failed requestVote s1->s3#0
org.apache.ratis.protocol.GroupMismatchException: s3: group-C767EAC39A60 not found.
	at org.apache.ratis.server.impl.RaftServerProxy$ImplMap.get(RaftServerProxy.java:122)
	at org.apache.ratis.server.impl.RaftServerProxy.getImplFuture(RaftServerProxy.java:269)
	at org.apache.ratis.server.impl.RaftServerProxy.getImpl(RaftServerProxy.java:278)
	at org.apache.ratis.server.impl.RaftServerProxy.getImpl(RaftServerProxy.java:273)
	at org.apache.ratis.server.impl.RaftServerProxy.requestVote(RaftServerProxy.java:443)
	at org.apache.ratis.grpc.server.GrpcServerProtocolService.requestVote(GrpcServerProtocolService.java:142)
	at org.apache.ratis.proto.grpc.RaftServerProtocolServiceGrpc$MethodHandlers.invoke(RaftServerProtocolServiceGrpc.java:319)
	at org.apache.ratis.thirdparty.io.grpc.stub.ServerCalls$UnaryServerCallHandler$UnaryServerCallListener.onHalfClose(ServerCalls.java:171)
	at org.apache.ratis.thirdparty.io.grpc.internal.ServerCallImpl$ServerStreamListenerImpl.halfClosed(ServerCallImpl.java:283)
	at org.apache.ratis.thirdparty.io.grpc.internal.ServerImpl$JumpToApplicationThreadServerStreamListener$1HalfClosed.runInContext(ServerImpl.java:710)
	at org.apache.ratis.thirdparty.io.grpc.internal.ContextRunnable.run(ContextRunnable.java:37)
	at org.apache.ratis.thirdparty.io.grpc.internal.SerializingExecutor.run(SerializingExecutor.java:123)
	at java.util.concurrent.ThreadPoolExecutor.runWorker(ThreadPoolExecutor.java:1149)
	at java.util.concurrent.ThreadPoolExecutor$Worker.run(ThreadPoolExecutor.java:624)
	at java.lang.Thread.run(Thread.java:748)
2019-09-24 16:04:51,336 WARN  server.GrpcServerProtocolService (LogUtils.java:warn(136)) - s5: Failed requestVote s1->s5#0
org.apache.ratis.protocol.GroupMismatchException: s5: group-C767EAC39A60 not found.
	at org.apache.ratis.server.impl.RaftServerProxy$ImplMap.get(RaftServerProxy.java:122)
	at org.apache.ratis.server.impl.RaftServerProxy.getImplFuture(RaftServerProxy.java:269)
	at org.apache.ratis.server.impl.RaftServerProxy.getImpl(RaftServerProxy.java:278)
	at org.apache.ratis.server.impl.RaftServerProxy.getImpl(RaftServerProxy.java:273)
	at org.apache.ratis.server.impl.RaftServerProxy.requestVote(RaftServerProxy.java:443)
	at org.apache.ratis.grpc.server.GrpcServerProtocolService.requestVote(GrpcServerProtocolService.java:142)
	at org.apache.ratis.proto.grpc.RaftServerProtocolServiceGrpc$MethodHandlers.invoke(RaftServerProtocolServiceGrpc.java:319)
	at org.apache.ratis.thirdparty.io.grpc.stub.ServerCalls$UnaryServerCallHandler$UnaryServerCallListener.onHalfClose(ServerCalls.java:171)
	at org.apache.ratis.thirdparty.io.grpc.internal.ServerCallImpl$ServerStreamListenerImpl.halfClosed(ServerCallImpl.java:283)
	at org.apache.ratis.thirdparty.io.grpc.internal.ServerImpl$JumpToApplicationThreadServerStreamListener$1HalfClosed.runInContext(ServerImpl.java:710)
	at org.apache.ratis.thirdparty.io.grpc.internal.ContextRunnable.run(ContextRunnable.java:37)
	at org.apache.ratis.thirdparty.io.grpc.internal.SerializingExecutor.run(SerializingExecutor.java:123)
	at java.util.concurrent.ThreadPoolExecutor.runWorker(ThreadPoolExecutor.java:1149)
	at java.util.concurrent.ThreadPoolExecutor$Worker.run(ThreadPoolExecutor.java:624)
	at java.lang.Thread.run(Thread.java:748)
2019-09-24 16:04:51,339 INFO  impl.LeaderElection (LogUtils.java:infoOrTrace(149)) - s1@group-C767EAC39A60-LeaderElection14 got exception when requesting votes: java.util.concurrent.ExecutionException: org.apache.ratis.thirdparty.io.grpc.StatusRuntimeException: INTERNAL: s2: group-C767EAC39A60 not found.
2019-09-24 16:04:51,339 INFO  impl.LeaderElection (LogUtils.java:infoOrTrace(149)) - s1@group-C767EAC39A60-LeaderElection14 got exception when requesting votes: java.util.concurrent.ExecutionException: org.apache.ratis.thirdparty.io.grpc.StatusRuntimeException: INTERNAL: s4: group-C767EAC39A60 not found.
2019-09-24 16:04:51,341 INFO  impl.LeaderElection (LogUtils.java:infoOrTrace(149)) - s1@group-C767EAC39A60-LeaderElection14 got exception when requesting votes: java.util.concurrent.ExecutionException: org.apache.ratis.thirdparty.io.grpc.StatusRuntimeException: INTERNAL: s3: group-C767EAC39A60 not found.
2019-09-24 16:04:51,342 INFO  impl.LeaderElection (LogUtils.java:infoOrTrace(149)) - s1@group-C767EAC39A60-LeaderElection14 got exception when requesting votes: java.util.concurrent.ExecutionException: org.apache.ratis.thirdparty.io.grpc.StatusRuntimeException: INTERNAL: s5: group-C767EAC39A60 not found.
2019-09-24 16:04:51,342 INFO  impl.LeaderElection (LeaderElection.java:logAndReturn(56)) - s1@group-C767EAC39A60-LeaderElection14: Election REJECTED; received 0 response(s) [] and 4 exception(s); s1@group-C767EAC39A60:t2, leader=null, voted=s1, raftlog=s1@group-C767EAC39A60-SegmentedRaftLog:OPENED:c-1,f-1,i0, conf=-1: [s3:0.0.0.0:46508, s4:0.0.0.0:36525, s5:0.0.0.0:38550, s1:0.0.0.0:37672, s2:0.0.0.0:40750], old=null
2019-09-24 16:04:51,343 INFO  impl.LeaderElection (LogUtils.java:infoOrTrace(149)) -   Exception 0: java.util.concurrent.ExecutionException: org.apache.ratis.thirdparty.io.grpc.StatusRuntimeException: INTERNAL: s2: group-C767EAC39A60 not found.
2019-09-24 16:04:51,343 INFO  impl.LeaderElection (LogUtils.java:infoOrTrace(149)) -   Exception 1: java.util.concurrent.ExecutionException: org.apache.ratis.thirdparty.io.grpc.StatusRuntimeException: INTERNAL: s4: group-C767EAC39A60 not found.
2019-09-24 16:04:51,343 INFO  impl.LeaderElection (LogUtils.java:infoOrTrace(149)) -   Exception 2: java.util.concurrent.ExecutionException: org.apache.ratis.thirdparty.io.grpc.StatusRuntimeException: INTERNAL: s3: group-C767EAC39A60 not found.
2019-09-24 16:04:51,343 INFO  impl.LeaderElection (LogUtils.java:infoOrTrace(149)) -   Exception 3: java.util.concurrent.ExecutionException: org.apache.ratis.thirdparty.io.grpc.StatusRuntimeException: INTERNAL: s5: group-C767EAC39A60 not found.
2019-09-24 16:04:51,343 INFO  impl.RaftServerImpl (RaftServerImpl.java:setRole(170)) - s1@group-C767EAC39A60: changes role from CANDIDATE to FOLLOWER at term 2 for DISCOVERED_A_NEW_TERM
2019-09-24 16:04:51,343 INFO  impl.RoleInfo (RoleInfo.java:shutdownLeaderElection(134)) - s1: shutdown LeaderElection
2019-09-24 16:04:51,344 INFO  impl.RoleInfo (RoleInfo.java:updateAndGet(143)) - s1: start FollowerState
2019-09-24 16:04:51,616 INFO  impl.FollowerState (FollowerState.java:run(108)) - s1@group-C767EAC39A60-FollowerState: change to CANDIDATE, lastRpcTime:272ms, electionTimeout:272ms
2019-09-24 16:04:51,616 INFO  impl.RoleInfo (RoleInfo.java:shutdownFollowerState(121)) - s1: shutdown FollowerState
2019-09-24 16:04:51,617 INFO  impl.RaftServerImpl (RaftServerImpl.java:setRole(170)) - s1@group-C767EAC39A60: changes role from  FOLLOWER to CANDIDATE at term 2 for changeToCandidate
2019-09-24 16:04:51,617 INFO  impl.RoleInfo (RoleInfo.java:updateAndGet(143)) - s1: start LeaderElection
2019-09-24 16:04:51,632 INFO  impl.LeaderElection (LeaderElection.java:askForVotes(178)) - s1@group-C767EAC39A60-LeaderElection15: begin an election at term 3 for -1: [s3:0.0.0.0:46508, s4:0.0.0.0:36525, s5:0.0.0.0:38550, s1:0.0.0.0:37672, s2:0.0.0.0:40750], old=null
2019-09-24 16:04:51,636 WARN  server.GrpcServerProtocolService (LogUtils.java:warn(136)) - s3: Failed requestVote s1->s3#0
org.apache.ratis.protocol.GroupMismatchException: s3: group-C767EAC39A60 not found.
	at org.apache.ratis.server.impl.RaftServerProxy$ImplMap.get(RaftServerProxy.java:122)
	at org.apache.ratis.server.impl.RaftServerProxy.getImplFuture(RaftServerProxy.java:269)
	at org.apache.ratis.server.impl.RaftServerProxy.getImpl(RaftServerProxy.java:278)
	at org.apache.ratis.server.impl.RaftServerProxy.getImpl(RaftServerProxy.java:273)
	at org.apache.ratis.server.impl.RaftServerProxy.requestVote(RaftServerProxy.java:443)
	at org.apache.ratis.grpc.server.GrpcServerProtocolService.requestVote(GrpcServerProtocolService.java:142)
	at org.apache.ratis.proto.grpc.RaftServerProtocolServiceGrpc$MethodHandlers.invoke(RaftServerProtocolServiceGrpc.java:319)
	at org.apache.ratis.thirdparty.io.grpc.stub.ServerCalls$UnaryServerCallHandler$UnaryServerCallListener.onHalfClose(ServerCalls.java:171)
	at org.apache.ratis.thirdparty.io.grpc.internal.ServerCallImpl$ServerStreamListenerImpl.halfClosed(ServerCallImpl.java:283)
	at org.apache.ratis.thirdparty.io.grpc.internal.ServerImpl$JumpToApplicationThreadServerStreamListener$1HalfClosed.runInContext(ServerImpl.java:710)
	at org.apache.ratis.thirdparty.io.grpc.internal.ContextRunnable.run(ContextRunnable.java:37)
	at org.apache.ratis.thirdparty.io.grpc.internal.SerializingExecutor.run(SerializingExecutor.java:123)
	at java.util.concurrent.ThreadPoolExecutor.runWorker(ThreadPoolExecutor.java:1149)
	at java.util.concurrent.ThreadPoolExecutor$Worker.run(ThreadPoolExecutor.java:624)
	at java.lang.Thread.run(Thread.java:748)
2019-09-24 16:04:51,637 WARN  server.GrpcServerProtocolService (LogUtils.java:warn(136)) - s4: Failed requestVote s1->s4#0
org.apache.ratis.protocol.GroupMismatchException: s4: group-C767EAC39A60 not found.
	at org.apache.ratis.server.impl.RaftServerProxy$ImplMap.get(RaftServerProxy.java:122)
	at org.apache.ratis.server.impl.RaftServerProxy.getImplFuture(RaftServerProxy.java:269)
	at org.apache.ratis.server.impl.RaftServerProxy.getImpl(RaftServerProxy.java:278)
	at org.apache.ratis.server.impl.RaftServerProxy.getImpl(RaftServerProxy.java:273)
	at org.apache.ratis.server.impl.RaftServerProxy.requestVote(RaftServerProxy.java:443)
	at org.apache.ratis.grpc.server.GrpcServerProtocolService.requestVote(GrpcServerProtocolService.java:142)
	at org.apache.ratis.proto.grpc.RaftServerProtocolServiceGrpc$MethodHandlers.invoke(RaftServerProtocolServiceGrpc.java:319)
	at org.apache.ratis.thirdparty.io.grpc.stub.ServerCalls$UnaryServerCallHandler$UnaryServerCallListener.onHalfClose(ServerCalls.java:171)
	at org.apache.ratis.thirdparty.io.grpc.internal.ServerCallImpl$ServerStreamListenerImpl.halfClosed(ServerCallImpl.java:283)
	at org.apache.ratis.thirdparty.io.grpc.internal.ServerImpl$JumpToApplicationThreadServerStreamListener$1HalfClosed.runInContext(ServerImpl.java:710)
	at org.apache.ratis.thirdparty.io.grpc.internal.ContextRunnable.run(ContextRunnable.java:37)
	at org.apache.ratis.thirdparty.io.grpc.internal.SerializingExecutor.run(SerializingExecutor.java:123)
	at java.util.concurrent.ThreadPoolExecutor.runWorker(ThreadPoolExecutor.java:1149)
	at java.util.concurrent.ThreadPoolExecutor$Worker.run(ThreadPoolExecutor.java:624)
	at java.lang.Thread.run(Thread.java:748)
2019-09-24 16:04:51,639 WARN  server.GrpcServerProtocolService (LogUtils.java:warn(136)) - s5: Failed requestVote s1->s5#0
org.apache.ratis.protocol.GroupMismatchException: s5: group-C767EAC39A60 not found.
	at org.apache.ratis.server.impl.RaftServerProxy$ImplMap.get(RaftServerProxy.java:122)
	at org.apache.ratis.server.impl.RaftServerProxy.getImplFuture(RaftServerProxy.java:269)
	at org.apache.ratis.server.impl.RaftServerProxy.getImpl(RaftServerProxy.java:278)
	at org.apache.ratis.server.impl.RaftServerProxy.getImpl(RaftServerProxy.java:273)
	at org.apache.ratis.server.impl.RaftServerProxy.requestVote(RaftServerProxy.java:443)
	at org.apache.ratis.grpc.server.GrpcServerProtocolService.requestVote(GrpcServerProtocolService.java:142)
	at org.apache.ratis.proto.grpc.RaftServerProtocolServiceGrpc$MethodHandlers.invoke(RaftServerProtocolServiceGrpc.java:319)
	at org.apache.ratis.thirdparty.io.grpc.stub.ServerCalls$UnaryServerCallHandler$UnaryServerCallListener.onHalfClose(ServerCalls.java:171)
	at org.apache.ratis.thirdparty.io.grpc.internal.ServerCallImpl$ServerStreamListenerImpl.halfClosed(ServerCallImpl.java:283)
	at org.apache.ratis.thirdparty.io.grpc.internal.ServerImpl$JumpToApplicationThreadServerStreamListener$1HalfClosed.runInContext(ServerImpl.java:710)
	at org.apache.ratis.thirdparty.io.grpc.internal.ContextRunnable.run(ContextRunnable.java:37)
	at org.apache.ratis.thirdparty.io.grpc.internal.SerializingExecutor.run(SerializingExecutor.java:123)
	at java.util.concurrent.ThreadPoolExecutor.runWorker(ThreadPoolExecutor.java:1149)
	at java.util.concurrent.ThreadPoolExecutor$Worker.run(ThreadPoolExecutor.java:624)
	at java.lang.Thread.run(Thread.java:748)
2019-09-24 16:04:51,637 WARN  server.GrpcServerProtocolService (LogUtils.java:warn(136)) - s2: Failed requestVote s1->s2#0
org.apache.ratis.protocol.GroupMismatchException: s2: group-C767EAC39A60 not found.
	at org.apache.ratis.server.impl.RaftServerProxy$ImplMap.get(RaftServerProxy.java:122)
	at org.apache.ratis.server.impl.RaftServerProxy.getImplFuture(RaftServerProxy.java:269)
	at org.apache.ratis.server.impl.RaftServerProxy.getImpl(RaftServerProxy.java:278)
	at org.apache.ratis.server.impl.RaftServerProxy.getImpl(RaftServerProxy.java:273)
	at org.apache.ratis.server.impl.RaftServerProxy.requestVote(RaftServerProxy.java:443)
	at org.apache.ratis.grpc.server.GrpcServerProtocolService.requestVote(GrpcServerProtocolService.java:142)
	at org.apache.ratis.proto.grpc.RaftServerProtocolServiceGrpc$MethodHandlers.invoke(RaftServerProtocolServiceGrpc.java:319)
	at org.apache.ratis.thirdparty.io.grpc.stub.ServerCalls$UnaryServerCallHandler$UnaryServerCallListener.onHalfClose(ServerCalls.java:171)
	at org.apache.ratis.thirdparty.io.grpc.internal.ServerCallImpl$ServerStreamListenerImpl.halfClosed(ServerCallImpl.java:283)
	at org.apache.ratis.thirdparty.io.grpc.internal.ServerImpl$JumpToApplicationThreadServerStreamListener$1HalfClosed.runInContext(ServerImpl.java:710)
	at org.apache.ratis.thirdparty.io.grpc.internal.ContextRunnable.run(ContextRunnable.java:37)
	at org.apache.ratis.thirdparty.io.grpc.internal.SerializingExecutor.run(SerializingExecutor.java:123)
	at java.util.concurrent.ThreadPoolExecutor.runWorker(ThreadPoolExecutor.java:1149)
	at java.util.concurrent.ThreadPoolExecutor$Worker.run(ThreadPoolExecutor.java:624)
	at java.lang.Thread.run(Thread.java:748)
2019-09-24 16:04:51,642 INFO  impl.LeaderElection (LogUtils.java:infoOrTrace(149)) - s1@group-C767EAC39A60-LeaderElection15 got exception when requesting votes: java.util.concurrent.ExecutionException: org.apache.ratis.thirdparty.io.grpc.StatusRuntimeException: INTERNAL: s3: group-C767EAC39A60 not found.
2019-09-24 16:04:51,642 INFO  impl.LeaderElection (LogUtils.java:infoOrTrace(149)) - s1@group-C767EAC39A60-LeaderElection15 got exception when requesting votes: java.util.concurrent.ExecutionException: org.apache.ratis.thirdparty.io.grpc.StatusRuntimeException: INTERNAL: s4: group-C767EAC39A60 not found.
2019-09-24 16:04:51,643 INFO  impl.LeaderElection (LogUtils.java:infoOrTrace(149)) - s1@group-C767EAC39A60-LeaderElection15 got exception when requesting votes: java.util.concurrent.ExecutionException: org.apache.ratis.thirdparty.io.grpc.StatusRuntimeException: INTERNAL: s5: group-C767EAC39A60 not found.
2019-09-24 16:04:51,643 INFO  impl.LeaderElection (LogUtils.java:infoOrTrace(149)) - s1@group-C767EAC39A60-LeaderElection15 got exception when requesting votes: java.util.concurrent.ExecutionException: org.apache.ratis.thirdparty.io.grpc.StatusRuntimeException: INTERNAL: s2: group-C767EAC39A60 not found.
2019-09-24 16:04:51,644 INFO  impl.LeaderElection (LeaderElection.java:logAndReturn(56)) - s1@group-C767EAC39A60-LeaderElection15: Election REJECTED; received 0 response(s) [] and 4 exception(s); s1@group-C767EAC39A60:t3, leader=null, voted=s1, raftlog=s1@group-C767EAC39A60-SegmentedRaftLog:OPENED:c-1,f-1,i0, conf=-1: [s3:0.0.0.0:46508, s4:0.0.0.0:36525, s5:0.0.0.0:38550, s1:0.0.0.0:37672, s2:0.0.0.0:40750], old=null
2019-09-24 16:04:51,644 INFO  impl.LeaderElection (LogUtils.java:infoOrTrace(149)) -   Exception 0: java.util.concurrent.ExecutionException: org.apache.ratis.thirdparty.io.grpc.StatusRuntimeException: INTERNAL: s3: group-C767EAC39A60 not found.
2019-09-24 16:04:51,644 INFO  impl.LeaderElection (LogUtils.java:infoOrTrace(149)) -   Exception 1: java.util.concurrent.ExecutionException: org.apache.ratis.thirdparty.io.grpc.StatusRuntimeException: INTERNAL: s4: group-C767EAC39A60 not found.
2019-09-24 16:04:51,644 INFO  impl.LeaderElection (LogUtils.java:infoOrTrace(149)) -   Exception 2: java.util.concurrent.ExecutionException: org.apache.ratis.thirdparty.io.grpc.StatusRuntimeException: INTERNAL: s5: group-C767EAC39A60 not found.
2019-09-24 16:04:51,644 INFO  impl.LeaderElection (LogUtils.java:infoOrTrace(149)) -   Exception 3: java.util.concurrent.ExecutionException: org.apache.ratis.thirdparty.io.grpc.StatusRuntimeException: INTERNAL: s2: group-C767EAC39A60 not found.
2019-09-24 16:04:51,644 INFO  impl.RaftServerImpl (RaftServerImpl.java:setRole(170)) - s1@group-C767EAC39A60: changes role from CANDIDATE to FOLLOWER at term 3 for DISCOVERED_A_NEW_TERM
2019-09-24 16:04:51,644 INFO  impl.RoleInfo (RoleInfo.java:shutdownLeaderElection(134)) - s1: shutdown LeaderElection
2019-09-24 16:04:51,645 INFO  impl.RoleInfo (RoleInfo.java:updateAndGet(143)) - s1: start FollowerState
2019-09-24 16:04:51,823 INFO  impl.FollowerState (FollowerState.java:run(108)) - s1@group-C767EAC39A60-FollowerState: change to CANDIDATE, lastRpcTime:178ms, electionTimeout:178ms
2019-09-24 16:04:51,823 INFO  impl.RoleInfo (RoleInfo.java:shutdownFollowerState(121)) - s1: shutdown FollowerState
2019-09-24 16:04:51,824 INFO  impl.RaftServerImpl (RaftServerImpl.java:setRole(170)) - s1@group-C767EAC39A60: changes role from  FOLLOWER to CANDIDATE at term 3 for changeToCandidate
2019-09-24 16:04:51,824 INFO  impl.RoleInfo (RoleInfo.java:updateAndGet(143)) - s1: start LeaderElection
2019-09-24 16:04:51,839 INFO  impl.LeaderElection (LeaderElection.java:askForVotes(178)) - s1@group-C767EAC39A60-LeaderElection16: begin an election at term 4 for -1: [s3:0.0.0.0:46508, s4:0.0.0.0:36525, s5:0.0.0.0:38550, s1:0.0.0.0:37672, s2:0.0.0.0:40750], old=null
2019-09-24 16:04:51,843 WARN  server.GrpcServerProtocolService (LogUtils.java:warn(136)) - s5: Failed requestVote s1->s5#0
org.apache.ratis.protocol.GroupMismatchException: s5: group-C767EAC39A60 not found.
	at org.apache.ratis.server.impl.RaftServerProxy$ImplMap.get(RaftServerProxy.java:122)
	at org.apache.ratis.server.impl.RaftServerProxy.getImplFuture(RaftServerProxy.java:269)
	at org.apache.ratis.server.impl.RaftServerProxy.getImpl(RaftServerProxy.java:278)
	at org.apache.ratis.server.impl.RaftServerProxy.getImpl(RaftServerProxy.java:273)
	at org.apache.ratis.server.impl.RaftServerProxy.requestVote(RaftServerProxy.java:443)
	at org.apache.ratis.grpc.server.GrpcServerProtocolService.requestVote(GrpcServerProtocolService.java:142)
	at org.apache.ratis.proto.grpc.RaftServerProtocolServiceGrpc$MethodHandlers.invoke(RaftServerProtocolServiceGrpc.java:319)
	at org.apache.ratis.thirdparty.io.grpc.stub.ServerCalls$UnaryServerCallHandler$UnaryServerCallListener.onHalfClose(ServerCalls.java:171)
	at org.apache.ratis.thirdparty.io.grpc.internal.ServerCallImpl$ServerStreamListenerImpl.halfClosed(ServerCallImpl.java:283)
	at org.apache.ratis.thirdparty.io.grpc.internal.ServerImpl$JumpToApplicationThreadServerStreamListener$1HalfClosed.runInContext(ServerImpl.java:710)
	at org.apache.ratis.thirdparty.io.grpc.internal.ContextRunnable.run(ContextRunnable.java:37)
	at org.apache.ratis.thirdparty.io.grpc.internal.SerializingExecutor.run(SerializingExecutor.java:123)
	at java.util.concurrent.ThreadPoolExecutor.runWorker(ThreadPoolExecutor.java:1149)
	at java.util.concurrent.ThreadPoolExecutor$Worker.run(ThreadPoolExecutor.java:624)
	at java.lang.Thread.run(Thread.java:748)
2019-09-24 16:04:51,844 WARN  server.GrpcServerProtocolService (LogUtils.java:warn(136)) - s2: Failed requestVote s1->s2#0
org.apache.ratis.protocol.GroupMismatchException: s2: group-C767EAC39A60 not found.
	at org.apache.ratis.server.impl.RaftServerProxy$ImplMap.get(RaftServerProxy.java:122)
	at org.apache.ratis.server.impl.RaftServerProxy.getImplFuture(RaftServerProxy.java:269)
	at org.apache.ratis.server.impl.RaftServerProxy.getImpl(RaftServerProxy.java:278)
	at org.apache.ratis.server.impl.RaftServerProxy.getImpl(RaftServerProxy.java:273)
	at org.apache.ratis.server.impl.RaftServerProxy.requestVote(RaftServerProxy.java:443)
	at org.apache.ratis.grpc.server.GrpcServerProtocolService.requestVote(GrpcServerProtocolService.java:142)
	at org.apache.ratis.proto.grpc.RaftServerProtocolServiceGrpc$MethodHandlers.invoke(RaftServerProtocolServiceGrpc.java:319)
	at org.apache.ratis.thirdparty.io.grpc.stub.ServerCalls$UnaryServerCallHandler$UnaryServerCallListener.onHalfClose(ServerCalls.java:171)
	at org.apache.ratis.thirdparty.io.grpc.internal.ServerCallImpl$ServerStreamListenerImpl.halfClosed(ServerCallImpl.java:283)
	at org.apache.ratis.thirdparty.io.grpc.internal.ServerImpl$JumpToApplicationThreadServerStreamListener$1HalfClosed.runInContext(ServerImpl.java:710)
	at org.apache.ratis.thirdparty.io.grpc.internal.ContextRunnable.run(ContextRunnable.java:37)
	at org.apache.ratis.thirdparty.io.grpc.internal.SerializingExecutor.run(SerializingExecutor.java:123)
	at java.util.concurrent.ThreadPoolExecutor.runWorker(ThreadPoolExecutor.java:1149)
	at java.util.concurrent.ThreadPoolExecutor$Worker.run(ThreadPoolExecutor.java:624)
	at java.lang.Thread.run(Thread.java:748)
2019-09-24 16:04:51,845 WARN  server.GrpcServerProtocolService (LogUtils.java:warn(136)) - s3: Failed requestVote s1->s3#0
org.apache.ratis.protocol.GroupMismatchException: s3: group-C767EAC39A60 not found.
	at org.apache.ratis.server.impl.RaftServerProxy$ImplMap.get(RaftServerProxy.java:122)
	at org.apache.ratis.server.impl.RaftServerProxy.getImplFuture(RaftServerProxy.java:269)
	at org.apache.ratis.server.impl.RaftServerProxy.getImpl(RaftServerProxy.java:278)
	at org.apache.ratis.server.impl.RaftServerProxy.getImpl(RaftServerProxy.java:273)
	at org.apache.ratis.server.impl.RaftServerProxy.requestVote(RaftServerProxy.java:443)
	at org.apache.ratis.grpc.server.GrpcServerProtocolService.requestVote(GrpcServerProtocolService.java:142)
	at org.apache.ratis.proto.grpc.RaftServerProtocolServiceGrpc$MethodHandlers.invoke(RaftServerProtocolServiceGrpc.java:319)
	at org.apache.ratis.thirdparty.io.grpc.stub.ServerCalls$UnaryServerCallHandler$UnaryServerCallListener.onHalfClose(ServerCalls.java:171)
	at org.apache.ratis.thirdparty.io.grpc.internal.ServerCallImpl$ServerStreamListenerImpl.halfClosed(ServerCallImpl.java:283)
	at org.apache.ratis.thirdparty.io.grpc.internal.ServerImpl$JumpToApplicationThreadServerStreamListener$1HalfClosed.runInContext(ServerImpl.java:710)
	at org.apache.ratis.thirdparty.io.grpc.internal.ContextRunnable.run(ContextRunnable.java:37)
	at org.apache.ratis.thirdparty.io.grpc.internal.SerializingExecutor.run(SerializingExecutor.java:123)
	at java.util.concurrent.ThreadPoolExecutor.runWorker(ThreadPoolExecutor.java:1149)
	at java.util.concurrent.ThreadPoolExecutor$Worker.run(ThreadPoolExecutor.java:624)
	at java.lang.Thread.run(Thread.java:748)
2019-09-24 16:04:51,846 WARN  server.GrpcServerProtocolService (LogUtils.java:warn(136)) - s4: Failed requestVote s1->s4#0
org.apache.ratis.protocol.GroupMismatchException: s4: group-C767EAC39A60 not found.
	at org.apache.ratis.server.impl.RaftServerProxy$ImplMap.get(RaftServerProxy.java:122)
	at org.apache.ratis.server.impl.RaftServerProxy.getImplFuture(RaftServerProxy.java:269)
	at org.apache.ratis.server.impl.RaftServerProxy.getImpl(RaftServerProxy.java:278)
	at org.apache.ratis.server.impl.RaftServerProxy.getImpl(RaftServerProxy.java:273)
	at org.apache.ratis.server.impl.RaftServerProxy.requestVote(RaftServerProxy.java:443)
	at org.apache.ratis.grpc.server.GrpcServerProtocolService.requestVote(GrpcServerProtocolService.java:142)
	at org.apache.ratis.proto.grpc.RaftServerProtocolServiceGrpc$MethodHandlers.invoke(RaftServerProtocolServiceGrpc.java:319)
	at org.apache.ratis.thirdparty.io.grpc.stub.ServerCalls$UnaryServerCallHandler$UnaryServerCallListener.onHalfClose(ServerCalls.java:171)
	at org.apache.ratis.thirdparty.io.grpc.internal.ServerCallImpl$ServerStreamListenerImpl.halfClosed(ServerCallImpl.java:283)
	at org.apache.ratis.thirdparty.io.grpc.internal.ServerImpl$JumpToApplicationThreadServerStreamListener$1HalfClosed.runInContext(ServerImpl.java:710)
	at org.apache.ratis.thirdparty.io.grpc.internal.ContextRunnable.run(ContextRunnable.java:37)
	at org.apache.ratis.thirdparty.io.grpc.internal.SerializingExecutor.run(SerializingExecutor.java:123)
	at java.util.concurrent.ThreadPoolExecutor.runWorker(ThreadPoolExecutor.java:1149)
	at java.util.concurrent.ThreadPoolExecutor$Worker.run(ThreadPoolExecutor.java:624)
	at java.lang.Thread.run(Thread.java:748)
2019-09-24 16:04:51,849 INFO  impl.LeaderElection (LogUtils.java:infoOrTrace(149)) - s1@group-C767EAC39A60-LeaderElection16 got exception when requesting votes: java.util.concurrent.ExecutionException: org.apache.ratis.thirdparty.io.grpc.StatusRuntimeException: INTERNAL: s5: group-C767EAC39A60 not found.
2019-09-24 16:04:51,849 INFO  impl.LeaderElection (LogUtils.java:infoOrTrace(149)) - s1@group-C767EAC39A60-LeaderElection16 got exception when requesting votes: java.util.concurrent.ExecutionException: org.apache.ratis.thirdparty.io.grpc.StatusRuntimeException: INTERNAL: s2: group-C767EAC39A60 not found.
2019-09-24 16:04:51,849 INFO  impl.LeaderElection (LogUtils.java:infoOrTrace(149)) - s1@group-C767EAC39A60-LeaderElection16 got exception when requesting votes: java.util.concurrent.ExecutionException: org.apache.ratis.thirdparty.io.grpc.StatusRuntimeException: INTERNAL: s3: group-C767EAC39A60 not found.
2019-09-24 16:04:51,850 INFO  impl.LeaderElection (LogUtils.java:infoOrTrace(149)) - s1@group-C767EAC39A60-LeaderElection16 got exception when requesting votes: java.util.concurrent.ExecutionException: org.apache.ratis.thirdparty.io.grpc.StatusRuntimeException: INTERNAL: s4: group-C767EAC39A60 not found.
2019-09-24 16:04:51,850 INFO  impl.LeaderElection (LeaderElection.java:logAndReturn(56)) - s1@group-C767EAC39A60-LeaderElection16: Election REJECTED; received 0 response(s) [] and 4 exception(s); s1@group-C767EAC39A60:t4, leader=null, voted=s1, raftlog=s1@group-C767EAC39A60-SegmentedRaftLog:OPENED:c-1,f-1,i0, conf=-1: [s3:0.0.0.0:46508, s4:0.0.0.0:36525, s5:0.0.0.0:38550, s1:0.0.0.0:37672, s2:0.0.0.0:40750], old=null
2019-09-24 16:04:51,851 INFO  impl.LeaderElection (LogUtils.java:infoOrTrace(149)) -   Exception 0: java.util.concurrent.ExecutionException: org.apache.ratis.thirdparty.io.grpc.StatusRuntimeException: INTERNAL: s5: group-C767EAC39A60 not found.
2019-09-24 16:04:51,851 INFO  impl.LeaderElection (LogUtils.java:infoOrTrace(149)) -   Exception 1: java.util.concurrent.ExecutionException: org.apache.ratis.thirdparty.io.grpc.StatusRuntimeException: INTERNAL: s2: group-C767EAC39A60 not found.
2019-09-24 16:04:51,851 INFO  impl.LeaderElection (LogUtils.java:infoOrTrace(149)) -   Exception 2: java.util.concurrent.ExecutionException: org.apache.ratis.thirdparty.io.grpc.StatusRuntimeException: INTERNAL: s3: group-C767EAC39A60 not found.
2019-09-24 16:04:51,851 INFO  impl.LeaderElection (LogUtils.java:infoOrTrace(149)) -   Exception 3: java.util.concurrent.ExecutionException: org.apache.ratis.thirdparty.io.grpc.StatusRuntimeException: INTERNAL: s4: group-C767EAC39A60 not found.
2019-09-24 16:04:51,851 INFO  impl.RaftServerImpl (RaftServerImpl.java:setRole(170)) - s1@group-C767EAC39A60: changes role from CANDIDATE to FOLLOWER at term 4 for DISCOVERED_A_NEW_TERM
2019-09-24 16:04:51,851 INFO  impl.RoleInfo (RoleInfo.java:shutdownLeaderElection(134)) - s1: shutdown LeaderElection
2019-09-24 16:04:51,852 INFO  impl.RoleInfo (RoleInfo.java:updateAndGet(143)) - s1: start FollowerState
2019-09-24 16:04:52,063 INFO  impl.FollowerState (FollowerState.java:run(108)) - s1@group-C767EAC39A60-FollowerState: change to CANDIDATE, lastRpcTime:211ms, electionTimeout:211ms
2019-09-24 16:04:52,063 INFO  impl.RoleInfo (RoleInfo.java:shutdownFollowerState(121)) - s1: shutdown FollowerState
2019-09-24 16:04:52,064 INFO  impl.RaftServerImpl (RaftServerImpl.java:setRole(170)) - s1@group-C767EAC39A60: changes role from  FOLLOWER to CANDIDATE at term 4 for changeToCandidate
2019-09-24 16:04:52,064 INFO  impl.RoleInfo (RoleInfo.java:updateAndGet(143)) - s1: start LeaderElection
2019-09-24 16:04:52,088 INFO  impl.LeaderElection (LeaderElection.java:askForVotes(178)) - s1@group-C767EAC39A60-LeaderElection17: begin an election at term 5 for -1: [s3:0.0.0.0:46508, s4:0.0.0.0:36525, s5:0.0.0.0:38550, s1:0.0.0.0:37672, s2:0.0.0.0:40750], old=null
2019-09-24 16:04:52,093 WARN  server.GrpcServerProtocolService (LogUtils.java:warn(136)) - s5: Failed requestVote s1->s5#0
org.apache.ratis.protocol.GroupMismatchException: s5: group-C767EAC39A60 not found.
	at org.apache.ratis.server.impl.RaftServerProxy$ImplMap.get(RaftServerProxy.java:122)
	at org.apache.ratis.server.impl.RaftServerProxy.getImplFuture(RaftServerProxy.java:269)
	at org.apache.ratis.server.impl.RaftServerProxy.getImpl(RaftServerProxy.java:278)
	at org.apache.ratis.server.impl.RaftServerProxy.getImpl(RaftServerProxy.java:273)
	at org.apache.ratis.server.impl.RaftServerProxy.requestVote(RaftServerProxy.java:443)
	at org.apache.ratis.grpc.server.GrpcServerProtocolService.requestVote(GrpcServerProtocolService.java:142)
	at org.apache.ratis.proto.grpc.RaftServerProtocolServiceGrpc$MethodHandlers.invoke(RaftServerProtocolServiceGrpc.java:319)
	at org.apache.ratis.thirdparty.io.grpc.stub.ServerCalls$UnaryServerCallHandler$UnaryServerCallListener.onHalfClose(ServerCalls.java:171)
	at org.apache.ratis.thirdparty.io.grpc.internal.ServerCallImpl$ServerStreamListenerImpl.halfClosed(ServerCallImpl.java:283)
	at org.apache.ratis.thirdparty.io.grpc.internal.ServerImpl$JumpToApplicationThreadServerStreamListener$1HalfClosed.runInContext(ServerImpl.java:710)
	at org.apache.ratis.thirdparty.io.grpc.internal.ContextRunnable.run(ContextRunnable.java:37)
	at org.apache.ratis.thirdparty.io.grpc.internal.SerializingExecutor.run(SerializingExecutor.java:123)
	at java.util.concurrent.ThreadPoolExecutor.runWorker(ThreadPoolExecutor.java:1149)
	at java.util.concurrent.ThreadPoolExecutor$Worker.run(ThreadPoolExecutor.java:624)
	at java.lang.Thread.run(Thread.java:748)
2019-09-24 16:04:52,093 WARN  server.GrpcServerProtocolService (LogUtils.java:warn(136)) - s2: Failed requestVote s1->s2#0
org.apache.ratis.protocol.GroupMismatchException: s2: group-C767EAC39A60 not found.
	at org.apache.ratis.server.impl.RaftServerProxy$ImplMap.get(RaftServerProxy.java:122)
	at org.apache.ratis.server.impl.RaftServerProxy.getImplFuture(RaftServerProxy.java:269)
	at org.apache.ratis.server.impl.RaftServerProxy.getImpl(RaftServerProxy.java:278)
	at org.apache.ratis.server.impl.RaftServerProxy.getImpl(RaftServerProxy.java:273)
	at org.apache.ratis.server.impl.RaftServerProxy.requestVote(RaftServerProxy.java:443)
	at org.apache.ratis.grpc.server.GrpcServerProtocolService.requestVote(GrpcServerProtocolService.java:142)
	at org.apache.ratis.proto.grpc.RaftServerProtocolServiceGrpc$MethodHandlers.invoke(RaftServerProtocolServiceGrpc.java:319)
	at org.apache.ratis.thirdparty.io.grpc.stub.ServerCalls$UnaryServerCallHandler$UnaryServerCallListener.onHalfClose(ServerCalls.java:171)
	at org.apache.ratis.thirdparty.io.grpc.internal.ServerCallImpl$ServerStreamListenerImpl.halfClosed(ServerCallImpl.java:283)
	at org.apache.ratis.thirdparty.io.grpc.internal.ServerImpl$JumpToApplicationThreadServerStreamListener$1HalfClosed.runInContext(ServerImpl.java:710)
	at org.apache.ratis.thirdparty.io.grpc.internal.ContextRunnable.run(ContextRunnable.java:37)
	at org.apache.ratis.thirdparty.io.grpc.internal.SerializingExecutor.run(SerializingExecutor.java:123)
	at java.util.concurrent.ThreadPoolExecutor.runWorker(ThreadPoolExecutor.java:1149)
	at java.util.concurrent.ThreadPoolExecutor$Worker.run(ThreadPoolExecutor.java:624)
	at java.lang.Thread.run(Thread.java:748)
2019-09-24 16:04:52,093 WARN  server.GrpcServerProtocolService (LogUtils.java:warn(136)) - s3: Failed requestVote s1->s3#0
org.apache.ratis.protocol.GroupMismatchException: s3: group-C767EAC39A60 not found.
	at org.apache.ratis.server.impl.RaftServerProxy$ImplMap.get(RaftServerProxy.java:122)
	at org.apache.ratis.server.impl.RaftServerProxy.getImplFuture(RaftServerProxy.java:269)
	at org.apache.ratis.server.impl.RaftServerProxy.getImpl(RaftServerProxy.java:278)
	at org.apache.ratis.server.impl.RaftServerProxy.getImpl(RaftServerProxy.java:273)
	at org.apache.ratis.server.impl.RaftServerProxy.requestVote(RaftServerProxy.java:443)
	at org.apache.ratis.grpc.server.GrpcServerProtocolService.requestVote(GrpcServerProtocolService.java:142)
	at org.apache.ratis.proto.grpc.RaftServerProtocolServiceGrpc$MethodHandlers.invoke(RaftServerProtocolServiceGrpc.java:319)
	at org.apache.ratis.thirdparty.io.grpc.stub.ServerCalls$UnaryServerCallHandler$UnaryServerCallListener.onHalfClose(ServerCalls.java:171)
	at org.apache.ratis.thirdparty.io.grpc.internal.ServerCallImpl$ServerStreamListenerImpl.halfClosed(ServerCallImpl.java:283)
	at org.apache.ratis.thirdparty.io.grpc.internal.ServerImpl$JumpToApplicationThreadServerStreamListener$1HalfClosed.runInContext(ServerImpl.java:710)
	at org.apache.ratis.thirdparty.io.grpc.internal.ContextRunnable.run(ContextRunnable.java:37)
	at org.apache.ratis.thirdparty.io.grpc.internal.SerializingExecutor.run(SerializingExecutor.java:123)
	at java.util.concurrent.ThreadPoolExecutor.runWorker(ThreadPoolExecutor.java:1149)
	at java.util.concurrent.ThreadPoolExecutor$Worker.run(ThreadPoolExecutor.java:624)
	at java.lang.Thread.run(Thread.java:748)
2019-09-24 16:04:52,094 WARN  server.GrpcServerProtocolService (LogUtils.java:warn(136)) - s4: Failed requestVote s1->s4#0
org.apache.ratis.protocol.GroupMismatchException: s4: group-C767EAC39A60 not found.
	at org.apache.ratis.server.impl.RaftServerProxy$ImplMap.get(RaftServerProxy.java:122)
	at org.apache.ratis.server.impl.RaftServerProxy.getImplFuture(RaftServerProxy.java:269)
	at org.apache.ratis.server.impl.RaftServerProxy.getImpl(RaftServerProxy.java:278)
	at org.apache.ratis.server.impl.RaftServerProxy.getImpl(RaftServerProxy.java:273)
	at org.apache.ratis.server.impl.RaftServerProxy.requestVote(RaftServerProxy.java:443)
	at org.apache.ratis.grpc.server.GrpcServerProtocolService.requestVote(GrpcServerProtocolService.java:142)
	at org.apache.ratis.proto.grpc.RaftServerProtocolServiceGrpc$MethodHandlers.invoke(RaftServerProtocolServiceGrpc.java:319)
	at org.apache.ratis.thirdparty.io.grpc.stub.ServerCalls$UnaryServerCallHandler$UnaryServerCallListener.onHalfClose(ServerCalls.java:171)
	at org.apache.ratis.thirdparty.io.grpc.internal.ServerCallImpl$ServerStreamListenerImpl.halfClosed(ServerCallImpl.java:283)
	at org.apache.ratis.thirdparty.io.grpc.internal.ServerImpl$JumpToApplicationThreadServerStreamListener$1HalfClosed.runInContext(ServerImpl.java:710)
	at org.apache.ratis.thirdparty.io.grpc.internal.ContextRunnable.run(ContextRunnable.java:37)
	at org.apache.ratis.thirdparty.io.grpc.internal.SerializingExecutor.run(SerializingExecutor.java:123)
	at java.util.concurrent.ThreadPoolExecutor.runWorker(ThreadPoolExecutor.java:1149)
	at java.util.concurrent.ThreadPoolExecutor$Worker.run(ThreadPoolExecutor.java:624)
	at java.lang.Thread.run(Thread.java:748)
2019-09-24 16:04:52,099 INFO  impl.LeaderElection (LogUtils.java:infoOrTrace(149)) - s1@group-C767EAC39A60-LeaderElection17 got exception when requesting votes: java.util.concurrent.ExecutionException: org.apache.ratis.thirdparty.io.grpc.StatusRuntimeException: INTERNAL: s5: group-C767EAC39A60 not found.
2019-09-24 16:04:52,100 INFO  impl.LeaderElection (LogUtils.java:infoOrTrace(149)) - s1@group-C767EAC39A60-LeaderElection17 got exception when requesting votes: java.util.concurrent.ExecutionException: org.apache.ratis.thirdparty.io.grpc.StatusRuntimeException: INTERNAL: s2: group-C767EAC39A60 not found.
2019-09-24 16:04:52,100 INFO  impl.GroupManagementBaseTest (GroupManagementBaseTest.java:runMultiGroupTest(156)) - start: printing ALL groups
  s3:  RUNNING  FOLLOWER s3@group-6A62D5A52E8A:t0, leader=null, voted=null, raftlog=s3@group-6A62D5A52E8A-SegmentedRaftLog:OPENED:c-1,f-1,i0, conf=-1: [], old=null STARTING
  s4:  RUNNING  FOLLOWER s4@group-6A62D5A52E8A:t0, leader=null, voted=null, raftlog=s4@group-6A62D5A52E8A-SegmentedRaftLog:OPENED:c-1,f-1,i0, conf=-1: [], old=null STARTING
  s5:  RUNNING  FOLLOWER s5@group-6A62D5A52E8A:t0, leader=null, voted=null, raftlog=s5@group-6A62D5A52E8A-SegmentedRaftLog:OPENED:c-1,f-1,i0, conf=-1: [], old=null STARTING
  s6:  RUNNING  FOLLOWER s6@group-6A62D5A52E8A:t0, leader=null, voted=null, raftlog=s6@group-6A62D5A52E8A-SegmentedRaftLog:OPENED:c-1,f-1,i0, conf=-1: [], old=null STARTING
  s7:  RUNNING  FOLLOWER s7@group-6A62D5A52E8A:t0, leader=null, voted=null, raftlog=s7@group-6A62D5A52E8A-SegmentedRaftLog:OPENED:c-1,f-1,i0, conf=-1: [], old=null STARTING
  s8:  RUNNING  FOLLOWER s8@group-6A62D5A52E8A:t0, leader=null, voted=null, raftlog=s8@group-6A62D5A52E8A-SegmentedRaftLog:OPENED:c-1,f-1,i0, conf=-1: [], old=null STARTING
  s0:  RUNNING  FOLLOWER s0@group-6A62D5A52E8A:t0, leader=null, voted=null, raftlog=s0@group-6A62D5A52E8A-SegmentedRaftLog:OPENED:c-1,f-1,i0, conf=-1: [], old=null STARTING
  s1:  RUNNING  FOLLOWER s1@group-6A62D5A52E8A:t0, leader=null, voted=null, raftlog=s1@group-6A62D5A52E8A-SegmentedRaftLog:OPENED:c-1,f-1,i0, conf=-1: [], old=null STARTING
  s2:  RUNNING  FOLLOWER s2@group-6A62D5A52E8A:t0, leader=null, voted=null, raftlog=s2@group-6A62D5A52E8A-SegmentedRaftLog:OPENED:c-1,f-1,i0, conf=-1: [], old=null STARTING
2019-09-24 16:04:52,101 INFO  impl.LeaderElection (LogUtils.java:infoOrTrace(149)) - s1@group-C767EAC39A60-LeaderElection17 got exception when requesting votes: java.util.concurrent.ExecutionException: org.apache.ratis.thirdparty.io.grpc.StatusRuntimeException: INTERNAL: s3: group-C767EAC39A60 not found.
2019-09-24 16:04:52,101 INFO  impl.GroupManagementBaseTest (GroupManagementBaseTest.java:runMultiGroupTest(169)) - 0) starting group-ABC9918E99D5:[s3:0.0.0.0:33150, s4:0.0.0.0:39003, s0:0.0.0.0:35997, s1:0.0.0.0:34886, s2:0.0.0.0:44071]
2019-09-24 16:04:52,102 INFO  impl.LeaderElection (LogUtils.java:infoOrTrace(149)) - s1@group-C767EAC39A60-LeaderElection17 got exception when requesting votes: java.util.concurrent.ExecutionException: org.apache.ratis.thirdparty.io.grpc.StatusRuntimeException: INTERNAL: s4: group-C767EAC39A60 not found.
2019-09-24 16:04:52,102 DEBUG client.RaftClient (ConfUtils.java:logGet(43)) - raft.rpc.type = GRPC (default)
2019-09-24 16:04:52,102 INFO  impl.LeaderElection (LeaderElection.java:logAndReturn(56)) - s1@group-C767EAC39A60-LeaderElection17: Election REJECTED; received 0 response(s) [] and 4 exception(s); s1@group-C767EAC39A60:t5, leader=null, voted=s1, raftlog=s1@group-C767EAC39A60-SegmentedRaftLog:OPENED:c-1,f-1,i0, conf=-1: [s3:0.0.0.0:46508, s4:0.0.0.0:36525, s5:0.0.0.0:38550, s1:0.0.0.0:37672, s2:0.0.0.0:40750], old=null
2019-09-24 16:04:52,103 INFO  impl.LeaderElection (LogUtils.java:infoOrTrace(149)) -   Exception 0: java.util.concurrent.ExecutionException: org.apache.ratis.thirdparty.io.grpc.StatusRuntimeException: INTERNAL: s5: group-C767EAC39A60 not found.
2019-09-24 16:04:52,103 INFO  impl.LeaderElection (LogUtils.java:infoOrTrace(149)) -   Exception 1: java.util.concurrent.ExecutionException: org.apache.ratis.thirdparty.io.grpc.StatusRuntimeException: INTERNAL: s2: group-C767EAC39A60 not found.
2019-09-24 16:04:52,103 INFO  impl.LeaderElection (LogUtils.java:infoOrTrace(149)) -   Exception 2: java.util.concurrent.ExecutionException: org.apache.ratis.thirdparty.io.grpc.StatusRuntimeException: INTERNAL: s3: group-C767EAC39A60 not found.
2019-09-24 16:04:52,103 INFO  impl.LeaderElection (LogUtils.java:infoOrTrace(149)) -   Exception 3: java.util.concurrent.ExecutionException: org.apache.ratis.thirdparty.io.grpc.StatusRuntimeException: INTERNAL: s4: group-C767EAC39A60 not found.
2019-09-24 16:04:52,103 INFO  impl.RaftServerImpl (RaftServerImpl.java:setRole(170)) - s1@group-C767EAC39A60: changes role from CANDIDATE to FOLLOWER at term 5 for DISCOVERED_A_NEW_TERM
2019-09-24 16:04:52,104 INFO  impl.RoleInfo (RoleInfo.java:shutdownLeaderElection(134)) - s1: shutdown LeaderElection
2019-09-24 16:04:52,104 DEBUG client.RaftClient (RaftClientImpl.java:sendRequest(275)) - client-1F036E7908B5: send GroupManagementRequest:client-1F036E7908B5->s0@group-ABC9918E99D5, cid=9, seq=0, RW, null, Add:group-ABC9918E99D5:[s3:0.0.0.0:33150, s4:0.0.0.0:39003, s0:0.0.0.0:35997, s1:0.0.0.0:34886, s2:0.0.0.0:44071]
2019-09-24 16:04:52,104 INFO  impl.RoleInfo (RoleInfo.java:updateAndGet(143)) - s1: start FollowerState
2019-09-24 16:04:52,112 INFO  impl.RaftServerProxy (RaftServerProxy.java:addNew(89)) - s0: addNew group-ABC9918E99D5:[s3:0.0.0.0:33150, s4:0.0.0.0:39003, s0:0.0.0.0:35997, s1:0.0.0.0:34886, s2:0.0.0.0:44071] returns group-ABC9918E99D5:java.util.concurrent.CompletableFuture@52b868cf[Not completed]
2019-09-24 16:04:52,112 INFO  impl.RaftServerImpl (RaftServerImpl.java:<init>(95)) - s0: new RaftServerImpl for group-ABC9918E99D5:[s3:0.0.0.0:33150, s4:0.0.0.0:39003, s0:0.0.0.0:35997, s1:0.0.0.0:34886, s2:0.0.0.0:44071] with BaseStateMachine:uninitialized
2019-09-24 16:04:52,113 INFO  server.RaftServerConfigKeys (ConfUtils.java:logGet(43)) - raft.server.rpc.timeout.min = 150ms (default)
2019-09-24 16:04:52,113 INFO  server.RaftServerConfigKeys (ConfUtils.java:logGet(43)) - raft.server.rpc.timeout.max = 300ms (default)
2019-09-24 16:04:52,113 INFO  server.RaftServerConfigKeys (ConfUtils.java:logGet(43)) - raft.server.rpcslowness.timeout = 60s (default)
2019-09-24 16:04:52,113 INFO  server.RaftServerConfigKeys (ConfUtils.java:logGet(43)) - raft.server.sleep.deviation.threshold = 300 (default)
2019-09-24 16:04:52,113 INFO  server.RaftServerConfigKeys (ConfUtils.java:logGet(43)) - raft.server.log.appender.install.snapshot.enabled = true (default)
2019-09-24 16:04:52,113 INFO  impl.RaftServerImpl (ServerState.java:<init>(103)) - s0@group-ABC9918E99D5: ConfigurationManager, init=-1: [s3:0.0.0.0:33150, s4:0.0.0.0:39003, s0:0.0.0.0:35997, s1:0.0.0.0:34886, s2:0.0.0.0:44071], old=null, confs=<EMPTY_MAP>
2019-09-24 16:04:52,114 INFO  server.RaftServerConfigKeys (ConfUtils.java:logGet(43)) - raft.server.storage.dir = [/workdir/ratis-test/target/test/data/ca4e50c/MiniRaftClusterWithGrpc5faab8f6/s0] (custom)
2019-09-24 16:04:52,114 INFO  server.RaftServerConfigKeys (ConfUtils.java:logGet(43)) - raft.server.log.corruption.policy = EXCEPTION (default)
2019-09-24 16:04:52,114 INFO  storage.RaftStorageDirectory (RaftStorageDirectory.java:analyzeStorage(246)) - The storage directory /workdir/ratis-test/target/test/data/ca4e50c/MiniRaftClusterWithGrpc5faab8f6/s0/9f253c40-9bcb-4797-b4cc-abc9918e99d5 does not exist. Creating ...
2019-09-24 16:04:52,115 TRACE util.FileUtils (LogUtils.java:runAndLog(61)) - Successfully ran Files.createDirectories /workdir/ratis-test/target/test/data/ca4e50c/MiniRaftClusterWithGrpc5faab8f6/s0/9f253c40-9bcb-4797-b4cc-abc9918e99d5
2019-09-24 16:04:52,127 INFO  storage.RaftStorageDirectory (RaftStorageDirectory.java:tryLock(328)) - Lock on /workdir/ratis-test/target/test/data/ca4e50c/MiniRaftClusterWithGrpc5faab8f6/s0/9f253c40-9bcb-4797-b4cc-abc9918e99d5/in_use.lock acquired by nodename 2858@ratis-test-vphbd-3564017154
2019-09-24 16:04:52,128 TRACE util.FileUtils (LogUtils.java:runAndLog(61)) - Successfully ran Files.createDirectories /workdir/ratis-test/target/test/data/ca4e50c/MiniRaftClusterWithGrpc5faab8f6/s0/9f253c40-9bcb-4797-b4cc-abc9918e99d5/current
2019-09-24 16:04:52,128 TRACE util.FileUtils (LogUtils.java:runAndLog(61)) - Successfully ran Files.createDirectories /workdir/ratis-test/target/test/data/ca4e50c/MiniRaftClusterWithGrpc5faab8f6/s0/9f253c40-9bcb-4797-b4cc-abc9918e99d5/sm
2019-09-24 16:04:52,141 INFO  storage.RaftStorage (RaftStorage.java:format(84)) - Storage directory /workdir/ratis-test/target/test/data/ca4e50c/MiniRaftClusterWithGrpc5faab8f6/s0/9f253c40-9bcb-4797-b4cc-abc9918e99d5 has been successfully formatted.
2019-09-24 16:04:52,141 INFO  server.RaftServerConfigKeys (ConfUtils.java:logGet(43)) - raft.server.notification.no-leader.timeout = 60s (default)
2019-09-24 16:04:52,141 INFO  server.RaftServerConfigKeys (ConfUtils.java:logGet(43)) - raft.server.log.use.memory = false (default)
2019-09-24 16:04:52,142 INFO  server.RaftServerConfigKeys (ConfUtils.java:logGet(43)) - raft.server.log.purge.gap = 1024 (default)
2019-09-24 16:04:52,142 INFO  server.RaftServerConfigKeys (ConfUtils.java:logGet(43)) - raft.server.log.appender.buffer.byte-limit = 4MB (=4194304) (default)
2019-09-24 16:04:52,142 INFO  server.RaftServerConfigKeys (ConfUtils.java:logGet(43)) - raft.server.log.segment.size.max = 8MB (=8388608) (default)
2019-09-24 16:04:52,142 INFO  server.RaftServerConfigKeys (ConfUtils.java:logGet(43)) - raft.server.log.segment.cache.num.max = 6 (default)
2019-09-24 16:04:52,142 INFO  segmented.SegmentedRaftLogWorker (SegmentedRaftLogWorker.java:<init>(172)) - new s0@group-ABC9918E99D5-SegmentedRaftLogWorker for RaftStorage:Storage Directory /workdir/ratis-test/target/test/data/ca4e50c/MiniRaftClusterWithGrpc5faab8f6/s0/9f253c40-9bcb-4797-b4cc-abc9918e99d5
2019-09-24 16:04:52,142 INFO  server.RaftServerConfigKeys (ConfUtils.java:logGet(43)) - raft.server.log.queue.byte-limit = 64MB (=67108864) (default)
2019-09-24 16:04:52,143 INFO  server.RaftServerConfigKeys (ConfUtils.java:logGet(43)) - raft.server.log.queue.element-limit = 4096 (default)
2019-09-24 16:04:52,143 INFO  server.RaftServerConfigKeys (ConfUtils.java:logGet(43)) - raft.server.log.segment.size.max = 8MB (=8388608) (default)
2019-09-24 16:04:52,143 INFO  server.RaftServerConfigKeys (ConfUtils.java:logGet(43)) - raft.server.log.preallocated.size = 4MB (=4194304) (default)
2019-09-24 16:04:52,143 INFO  server.RaftServerConfigKeys (ConfUtils.java:logGet(43)) - raft.server.log.write.buffer.size = 64KB (=65536) (default)
2019-09-24 16:04:52,143 INFO  server.RaftServerConfigKeys (ConfUtils.java:logGet(43)) - raft.server.log.force.sync.num = 128 (default)
2019-09-24 16:04:52,143 INFO  server.RaftServerConfigKeys (ConfUtils.java:logGet(43)) - raft.server.log.statemachine.data.sync = true (default)
2019-09-24 16:04:52,144 INFO  server.RaftServerConfigKeys (ConfUtils.java:logGet(43)) - raft.server.log.statemachine.data.sync.timeout = 10s (default)
2019-09-24 16:04:52,144 INFO  server.RaftServerConfigKeys (ConfUtils.java:logGet(43)) - raft.server.log.statemachine.data.sync.timeout.retry = -1 (default)
2019-09-24 16:04:52,144 INFO  server.RaftServerConfigKeys (ConfUtils.java:logGet(43)) - raft.server.log.statemachine.data.caching.enabled = false (default)
2019-09-24 16:04:52,144 INFO  segmented.SegmentedRaftLogWorker (SegmentedRaftLogWorker.java:lambda$new$0(132)) - s0@group-ABC9918E99D5-SegmentedRaftLogWorker: flushIndex: setUnconditionally 0 -> -1
2019-09-24 16:04:52,145 INFO  server.RaftServerConfigKeys (ConfUtils.java:logGet(43)) - raft.server.snapshot.auto.trigger.enabled = false (default)
2019-09-24 16:04:52,145 INFO  server.RaftServerConfigKeys (ConfUtils.java:logGet(43)) - raft.server.snapshot.retention.file.num = -1 (default)
2019-09-24 16:04:52,145 INFO  server.RaftServerConfigKeys (ConfUtils.java:logGet(43)) - raft.server.retrycache.expirytime = 60s (default)
2019-09-24 16:04:52,148 DEBUG impl.RaftServerProxy (RaftServerProxy.java:lambda$groupAddAsync$10(380)) - s0: newImpl =      null s0@group-ABC9918E99D5:t0, leader=null, voted=null, raftlog=s0@group-ABC9918E99D5-SegmentedRaftLog:OPENED:c-1,f-1,i0, conf=-1: [s3:0.0.0.0:33150, s4:0.0.0.0:39003, s0:0.0.0.0:35997, s1:0.0.0.0:34886, s2:0.0.0.0:44071], old=null NEW
2019-09-24 16:04:52,148 INFO  impl.RaftServerImpl (RaftServerImpl.java:start(181)) - s0@group-ABC9918E99D5: start as a follower, conf=-1: [s3:0.0.0.0:33150, s4:0.0.0.0:39003, s0:0.0.0.0:35997, s1:0.0.0.0:34886, s2:0.0.0.0:44071], old=null
2019-09-24 16:04:52,148 INFO  impl.RaftServerImpl (RaftServerImpl.java:setRole(170)) - s0@group-ABC9918E99D5: changes role from      null to FOLLOWER at term 0 for startAsFollower
2019-09-24 16:04:52,148 INFO  impl.RoleInfo (RoleInfo.java:updateAndGet(143)) - s0: start FollowerState
2019-09-24 16:04:52,149 INFO  util.JmxRegister (JmxRegister.java:tryRegister(44)) - Successfully registered JMX Bean with object name Ratis:service=RaftServer,group=group-ABC9918E99D5,id=s0
2019-09-24 16:04:52,154 DEBUG client.RaftClient (RaftClientImpl.java:sendRequest(285)) - client-1F036E7908B5: receive RaftClientReply:client-1F036E7908B5->s0@group-ABC9918E99D5, cid=9, SUCCESS, logIndex=0, commits[s0:c-1]
2019-09-24 16:04:52,156 DEBUG client.RaftClient (ConfUtils.java:logGet(43)) - raft.rpc.type = GRPC (default)
2019-09-24 16:04:52,156 DEBUG client.RaftClient (RaftClientImpl.java:sendRequest(275)) - client-2B1489B3357A: send GroupManagementRequest:client-2B1489B3357A->s1@group-ABC9918E99D5, cid=10, seq=0, RW, null, Add:group-ABC9918E99D5:[s3:0.0.0.0:33150, s4:0.0.0.0:39003, s0:0.0.0.0:35997, s1:0.0.0.0:34886, s2:0.0.0.0:44071]
2019-09-24 16:04:52,164 INFO  impl.RaftServerProxy (RaftServerProxy.java:addNew(89)) - s1: addNew group-ABC9918E99D5:[s3:0.0.0.0:33150, s4:0.0.0.0:39003, s0:0.0.0.0:35997, s1:0.0.0.0:34886, s2:0.0.0.0:44071] returns group-ABC9918E99D5:java.util.concurrent.CompletableFuture@269dbe7[Not completed]
2019-09-24 16:04:52,164 INFO  impl.RaftServerImpl (RaftServerImpl.java:<init>(95)) - s1: new RaftServerImpl for group-ABC9918E99D5:[s3:0.0.0.0:33150, s4:0.0.0.0:39003, s0:0.0.0.0:35997, s1:0.0.0.0:34886, s2:0.0.0.0:44071] with BaseStateMachine:uninitialized
2019-09-24 16:04:52,164 INFO  server.RaftServerConfigKeys (ConfUtils.java:logGet(43)) - raft.server.rpc.timeout.min = 150ms (default)
2019-09-24 16:04:52,165 INFO  server.RaftServerConfigKeys (ConfUtils.java:logGet(43)) - raft.server.rpc.timeout.max = 300ms (default)
2019-09-24 16:04:52,165 INFO  server.RaftServerConfigKeys (ConfUtils.java:logGet(43)) - raft.server.rpcslowness.timeout = 60s (default)
2019-09-24 16:04:52,165 INFO  server.RaftServerConfigKeys (ConfUtils.java:logGet(43)) - raft.server.sleep.deviation.threshold = 300 (default)
2019-09-24 16:04:52,165 INFO  server.RaftServerConfigKeys (ConfUtils.java:logGet(43)) - raft.server.log.appender.install.snapshot.enabled = true (default)
2019-09-24 16:04:52,165 INFO  impl.RaftServerImpl (ServerState.java:<init>(103)) - s1@group-ABC9918E99D5: ConfigurationManager, init=-1: [s3:0.0.0.0:33150, s4:0.0.0.0:39003, s0:0.0.0.0:35997, s1:0.0.0.0:34886, s2:0.0.0.0:44071], old=null, confs=<EMPTY_MAP>
2019-09-24 16:04:52,166 INFO  server.RaftServerConfigKeys (ConfUtils.java:logGet(43)) - raft.server.storage.dir = [/workdir/ratis-test/target/test/data/ca4e50c/MiniRaftClusterWithGrpc5faab8f6/s1] (custom)
2019-09-24 16:04:52,166 INFO  server.RaftServerConfigKeys (ConfUtils.java:logGet(43)) - raft.server.log.corruption.policy = EXCEPTION (default)
2019-09-24 16:04:52,166 INFO  storage.RaftStorageDirectory (RaftStorageDirectory.java:analyzeStorage(246)) - The storage directory /workdir/ratis-test/target/test/data/ca4e50c/MiniRaftClusterWithGrpc5faab8f6/s1/9f253c40-9bcb-4797-b4cc-abc9918e99d5 does not exist. Creating ...
2019-09-24 16:04:52,166 TRACE util.FileUtils (LogUtils.java:runAndLog(61)) - Successfully ran Files.createDirectories /workdir/ratis-test/target/test/data/ca4e50c/MiniRaftClusterWithGrpc5faab8f6/s1/9f253c40-9bcb-4797-b4cc-abc9918e99d5
2019-09-24 16:04:52,180 INFO  storage.RaftStorageDirectory (RaftStorageDirectory.java:tryLock(328)) - Lock on /workdir/ratis-test/target/test/data/ca4e50c/MiniRaftClusterWithGrpc5faab8f6/s1/9f253c40-9bcb-4797-b4cc-abc9918e99d5/in_use.lock acquired by nodename 2858@ratis-test-vphbd-3564017154
2019-09-24 16:04:52,181 TRACE util.FileUtils (LogUtils.java:runAndLog(61)) - Successfully ran Files.createDirectories /workdir/ratis-test/target/test/data/ca4e50c/MiniRaftClusterWithGrpc5faab8f6/s1/9f253c40-9bcb-4797-b4cc-abc9918e99d5/current
2019-09-24 16:04:52,181 TRACE util.FileUtils (LogUtils.java:runAndLog(61)) - Successfully ran Files.createDirectories /workdir/ratis-test/target/test/data/ca4e50c/MiniRaftClusterWithGrpc5faab8f6/s1/9f253c40-9bcb-4797-b4cc-abc9918e99d5/sm
2019-09-24 16:04:52,194 INFO  storage.RaftStorage (RaftStorage.java:format(84)) - Storage directory /workdir/ratis-test/target/test/data/ca4e50c/MiniRaftClusterWithGrpc5faab8f6/s1/9f253c40-9bcb-4797-b4cc-abc9918e99d5 has been successfully formatted.
2019-09-24 16:04:52,194 INFO  server.RaftServerConfigKeys (ConfUtils.java:logGet(43)) - raft.server.notification.no-leader.timeout = 60s (default)
2019-09-24 16:04:52,195 INFO  server.RaftServerConfigKeys (ConfUtils.java:logGet(43)) - raft.server.log.use.memory = false (default)
2019-09-24 16:04:52,195 INFO  server.RaftServerConfigKeys (ConfUtils.java:logGet(43)) - raft.server.log.purge.gap = 1024 (default)
2019-09-24 16:04:52,195 INFO  server.RaftServerConfigKeys (ConfUtils.java:logGet(43)) - raft.server.log.appender.buffer.byte-limit = 4MB (=4194304) (default)
2019-09-24 16:04:52,195 INFO  server.RaftServerConfigKeys (ConfUtils.java:logGet(43)) - raft.server.log.segment.size.max = 8MB (=8388608) (default)
2019-09-24 16:04:52,195 INFO  server.RaftServerConfigKeys (ConfUtils.java:logGet(43)) - raft.server.log.segment.cache.num.max = 6 (default)
2019-09-24 16:04:52,195 INFO  segmented.SegmentedRaftLogWorker (SegmentedRaftLogWorker.java:<init>(172)) - new s1@group-ABC9918E99D5-SegmentedRaftLogWorker for RaftStorage:Storage Directory /workdir/ratis-test/target/test/data/ca4e50c/MiniRaftClusterWithGrpc5faab8f6/s1/9f253c40-9bcb-4797-b4cc-abc9918e99d5
2019-09-24 16:04:52,196 INFO  server.RaftServerConfigKeys (ConfUtils.java:logGet(43)) - raft.server.log.queue.byte-limit = 64MB (=67108864) (default)
2019-09-24 16:04:52,196 INFO  server.RaftServerConfigKeys (ConfUtils.java:logGet(43)) - raft.server.log.queue.element-limit = 4096 (default)
2019-09-24 16:04:52,196 INFO  server.RaftServerConfigKeys (ConfUtils.java:logGet(43)) - raft.server.log.segment.size.max = 8MB (=8388608) (default)
2019-09-24 16:04:52,196 INFO  server.RaftServerConfigKeys (ConfUtils.java:logGet(43)) - raft.server.log.preallocated.size = 4MB (=4194304) (default)
2019-09-24 16:04:52,196 INFO  server.RaftServerConfigKeys (ConfUtils.java:logGet(43)) - raft.server.log.write.buffer.size = 64KB (=65536) (default)
2019-09-24 16:04:52,197 INFO  server.RaftServerConfigKeys (ConfUtils.java:logGet(43)) - raft.server.log.force.sync.num = 128 (default)
2019-09-24 16:04:52,197 INFO  server.RaftServerConfigKeys (ConfUtils.java:logGet(43)) - raft.server.log.statemachine.data.sync = true (default)
2019-09-24 16:04:52,197 INFO  server.RaftServerConfigKeys (ConfUtils.java:logGet(43)) - raft.server.log.statemachine.data.sync.timeout = 10s (default)
2019-09-24 16:04:52,197 INFO  server.RaftServerConfigKeys (ConfUtils.java:logGet(43)) - raft.server.log.statemachine.data.sync.timeout.retry = -1 (default)
2019-09-24 16:04:52,197 INFO  server.RaftServerConfigKeys (ConfUtils.java:logGet(43)) - raft.server.log.statemachine.data.caching.enabled = false (default)
2019-09-24 16:04:52,198 INFO  segmented.SegmentedRaftLogWorker (SegmentedRaftLogWorker.java:lambda$new$0(132)) - s1@group-ABC9918E99D5-SegmentedRaftLogWorker: flushIndex: setUnconditionally 0 -> -1
2019-09-24 16:04:52,198 INFO  server.RaftServerConfigKeys (ConfUtils.java:logGet(43)) - raft.server.snapshot.auto.trigger.enabled = false (default)
2019-09-24 16:04:52,198 INFO  server.RaftServerConfigKeys (ConfUtils.java:logGet(43)) - raft.server.snapshot.retention.file.num = -1 (default)
2019-09-24 16:04:52,198 INFO  server.RaftServerConfigKeys (ConfUtils.java:logGet(43)) - raft.server.retrycache.expirytime = 60s (default)
2019-09-24 16:04:52,201 DEBUG impl.RaftServerProxy (RaftServerProxy.java:lambda$groupAddAsync$10(380)) - s1: newImpl =      null s1@group-ABC9918E99D5:t0, leader=null, voted=null, raftlog=s1@group-ABC9918E99D5-SegmentedRaftLog:OPENED:c-1,f-1,i0, conf=-1: [s3:0.0.0.0:33150, s4:0.0.0.0:39003, s0:0.0.0.0:35997, s1:0.0.0.0:34886, s2:0.0.0.0:44071], old=null NEW
2019-09-24 16:04:52,202 INFO  impl.RaftServerImpl (RaftServerImpl.java:start(181)) - s1@group-ABC9918E99D5: start as a follower, conf=-1: [s3:0.0.0.0:33150, s4:0.0.0.0:39003, s0:0.0.0.0:35997, s1:0.0.0.0:34886, s2:0.0.0.0:44071], old=null
2019-09-24 16:04:52,202 INFO  impl.RaftServerImpl (RaftServerImpl.java:setRole(170)) - s1@group-ABC9918E99D5: changes role from      null to FOLLOWER at term 0 for startAsFollower
2019-09-24 16:04:52,202 INFO  impl.RoleInfo (RoleInfo.java:updateAndGet(143)) - s1: start FollowerState
2019-09-24 16:04:52,202 INFO  util.JmxRegister (JmxRegister.java:tryRegister(44)) - Successfully registered JMX Bean with object name Ratis:service=RaftServer,group=group-ABC9918E99D5,id=s1
2019-09-24 16:04:52,207 DEBUG client.RaftClient (RaftClientImpl.java:sendRequest(285)) - client-2B1489B3357A: receive RaftClientReply:client-2B1489B3357A->s1@group-ABC9918E99D5, cid=10, SUCCESS, logIndex=0, commits[s1:c-1]
2019-09-24 16:04:52,208 DEBUG client.RaftClient (ConfUtils.java:logGet(43)) - raft.rpc.type = GRPC (default)
2019-09-24 16:04:52,209 DEBUG client.RaftClient (RaftClientImpl.java:sendRequest(275)) - client-C67843ACF8F6: send GroupManagementRequest:client-C67843ACF8F6->s2@group-ABC9918E99D5, cid=11, seq=0, RW, null, Add:group-ABC9918E99D5:[s3:0.0.0.0:33150, s4:0.0.0.0:39003, s0:0.0.0.0:35997, s1:0.0.0.0:34886, s2:0.0.0.0:44071]
2019-09-24 16:04:52,215 INFO  impl.RaftServerProxy (RaftServerProxy.java:addNew(89)) - s2: addNew group-ABC9918E99D5:[s3:0.0.0.0:33150, s4:0.0.0.0:39003, s0:0.0.0.0:35997, s1:0.0.0.0:34886, s2:0.0.0.0:44071] returns group-ABC9918E99D5:java.util.concurrent.CompletableFuture@b22e32a[Not completed]
2019-09-24 16:04:52,215 INFO  impl.RaftServerImpl (RaftServerImpl.java:<init>(95)) - s2: new RaftServerImpl for group-ABC9918E99D5:[s3:0.0.0.0:33150, s4:0.0.0.0:39003, s0:0.0.0.0:35997, s1:0.0.0.0:34886, s2:0.0.0.0:44071] with BaseStateMachine:uninitialized
2019-09-24 16:04:52,216 INFO  server.RaftServerConfigKeys (ConfUtils.java:logGet(43)) - raft.server.rpc.timeout.min = 150ms (default)
2019-09-24 16:04:52,216 INFO  server.RaftServerConfigKeys (ConfUtils.java:logGet(43)) - raft.server.rpc.timeout.max = 300ms (default)
2019-09-24 16:04:52,216 INFO  server.RaftServerConfigKeys (ConfUtils.java:logGet(43)) - raft.server.rpcslowness.timeout = 60s (default)
2019-09-24 16:04:52,216 INFO  server.RaftServerConfigKeys (ConfUtils.java:logGet(43)) - raft.server.sleep.deviation.threshold = 300 (default)
2019-09-24 16:04:52,216 INFO  server.RaftServerConfigKeys (ConfUtils.java:logGet(43)) - raft.server.log.appender.install.snapshot.enabled = true (default)
2019-09-24 16:04:52,216 INFO  impl.RaftServerImpl (ServerState.java:<init>(103)) - s2@group-ABC9918E99D5: ConfigurationManager, init=-1: [s3:0.0.0.0:33150, s4:0.0.0.0:39003, s0:0.0.0.0:35997, s1:0.0.0.0:34886, s2:0.0.0.0:44071], old=null, confs=<EMPTY_MAP>
2019-09-24 16:04:52,217 INFO  server.RaftServerConfigKeys (ConfUtils.java:logGet(43)) - raft.server.storage.dir = [/workdir/ratis-test/target/test/data/ca4e50c/MiniRaftClusterWithGrpc5faab8f6/s2] (custom)
2019-09-24 16:04:52,217 INFO  server.RaftServerConfigKeys (ConfUtils.java:logGet(43)) - raft.server.log.corruption.policy = EXCEPTION (default)
2019-09-24 16:04:52,217 INFO  storage.RaftStorageDirectory (RaftStorageDirectory.java:analyzeStorage(246)) - The storage directory /workdir/ratis-test/target/test/data/ca4e50c/MiniRaftClusterWithGrpc5faab8f6/s2/9f253c40-9bcb-4797-b4cc-abc9918e99d5 does not exist. Creating ...
2019-09-24 16:04:52,218 TRACE util.FileUtils (LogUtils.java:runAndLog(61)) - Successfully ran Files.createDirectories /workdir/ratis-test/target/test/data/ca4e50c/MiniRaftClusterWithGrpc5faab8f6/s2/9f253c40-9bcb-4797-b4cc-abc9918e99d5
2019-09-24 16:04:52,231 INFO  storage.RaftStorageDirectory (RaftStorageDirectory.java:tryLock(328)) - Lock on /workdir/ratis-test/target/test/data/ca4e50c/MiniRaftClusterWithGrpc5faab8f6/s2/9f253c40-9bcb-4797-b4cc-abc9918e99d5/in_use.lock acquired by nodename 2858@ratis-test-vphbd-3564017154
2019-09-24 16:04:52,231 TRACE util.FileUtils (LogUtils.java:runAndLog(61)) - Successfully ran Files.createDirectories /workdir/ratis-test/target/test/data/ca4e50c/MiniRaftClusterWithGrpc5faab8f6/s2/9f253c40-9bcb-4797-b4cc-abc9918e99d5/current
2019-09-24 16:04:52,231 TRACE util.FileUtils (LogUtils.java:runAndLog(61)) - Successfully ran Files.createDirectories /workdir/ratis-test/target/test/data/ca4e50c/MiniRaftClusterWithGrpc5faab8f6/s2/9f253c40-9bcb-4797-b4cc-abc9918e99d5/sm
2019-09-24 16:04:52,244 INFO  storage.RaftStorage (RaftStorage.java:format(84)) - Storage directory /workdir/ratis-test/target/test/data/ca4e50c/MiniRaftClusterWithGrpc5faab8f6/s2/9f253c40-9bcb-4797-b4cc-abc9918e99d5 has been successfully formatted.
2019-09-24 16:04:52,244 INFO  server.RaftServerConfigKeys (ConfUtils.java:logGet(43)) - raft.server.notification.no-leader.timeout = 60s (default)
2019-09-24 16:04:52,244 INFO  server.RaftServerConfigKeys (ConfUtils.java:logGet(43)) - raft.server.log.use.memory = false (default)
2019-09-24 16:04:52,245 INFO  server.RaftServerConfigKeys (ConfUtils.java:logGet(43)) - raft.server.log.purge.gap = 1024 (default)
2019-09-24 16:04:52,245 INFO  server.RaftServerConfigKeys (ConfUtils.java:logGet(43)) - raft.server.log.appender.buffer.byte-limit = 4MB (=4194304) (default)
2019-09-24 16:04:52,245 INFO  server.RaftServerConfigKeys (ConfUtils.java:logGet(43)) - raft.server.log.segment.size.max = 8MB (=8388608) (default)
2019-09-24 16:04:52,245 INFO  server.RaftServerConfigKeys (ConfUtils.java:logGet(43)) - raft.server.log.segment.cache.num.max = 6 (default)
2019-09-24 16:04:52,245 INFO  segmented.SegmentedRaftLogWorker (SegmentedRaftLogWorker.java:<init>(172)) - new s2@group-ABC9918E99D5-SegmentedRaftLogWorker for RaftStorage:Storage Directory /workdir/ratis-test/target/test/data/ca4e50c/MiniRaftClusterWithGrpc5faab8f6/s2/9f253c40-9bcb-4797-b4cc-abc9918e99d5
2019-09-24 16:04:52,245 INFO  server.RaftServerConfigKeys (ConfUtils.java:logGet(43)) - raft.server.log.queue.byte-limit = 64MB (=67108864) (default)
2019-09-24 16:04:52,246 INFO  server.RaftServerConfigKeys (ConfUtils.java:logGet(43)) - raft.server.log.queue.element-limit = 4096 (default)
2019-09-24 16:04:52,246 INFO  server.RaftServerConfigKeys (ConfUtils.java:logGet(43)) - raft.server.log.segment.size.max = 8MB (=8388608) (default)
2019-09-24 16:04:52,246 INFO  server.RaftServerConfigKeys (ConfUtils.java:logGet(43)) - raft.server.log.preallocated.size = 4MB (=4194304) (default)
2019-09-24 16:04:52,246 INFO  server.RaftServerConfigKeys (ConfUtils.java:logGet(43)) - raft.server.log.write.buffer.size = 64KB (=65536) (default)
2019-09-24 16:04:52,246 INFO  server.RaftServerConfigKeys (ConfUtils.java:logGet(43)) - raft.server.log.force.sync.num = 128 (default)
2019-09-24 16:04:52,246 INFO  server.RaftServerConfigKeys (ConfUtils.java:logGet(43)) - raft.server.log.statemachine.data.sync = true (default)
2019-09-24 16:04:52,247 INFO  server.RaftServerConfigKeys (ConfUtils.java:logGet(43)) - raft.server.log.statemachine.data.sync.timeout = 10s (default)
2019-09-24 16:04:52,247 INFO  server.RaftServerConfigKeys (ConfUtils.java:logGet(43)) - raft.server.log.statemachine.data.sync.timeout.retry = -1 (default)
2019-09-24 16:04:52,247 INFO  server.RaftServerConfigKeys (ConfUtils.java:logGet(43)) - raft.server.log.statemachine.data.caching.enabled = false (default)
2019-09-24 16:04:52,247 INFO  segmented.SegmentedRaftLogWorker (SegmentedRaftLogWorker.java:lambda$new$0(132)) - s2@group-ABC9918E99D5-SegmentedRaftLogWorker: flushIndex: setUnconditionally 0 -> -1
2019-09-24 16:04:52,248 INFO  server.RaftServerConfigKeys (ConfUtils.java:logGet(43)) - raft.server.snapshot.auto.trigger.enabled = false (default)
2019-09-24 16:04:52,248 INFO  server.RaftServerConfigKeys (ConfUtils.java:logGet(43)) - raft.server.snapshot.retention.file.num = -1 (default)
2019-09-24 16:04:52,248 INFO  server.RaftServerConfigKeys (ConfUtils.java:logGet(43)) - raft.server.retrycache.expirytime = 60s (default)
2019-09-24 16:04:52,251 DEBUG impl.RaftServerProxy (RaftServerProxy.java:lambda$groupAddAsync$10(380)) - s2: newImpl =      null s2@group-ABC9918E99D5:t0, leader=null, voted=null, raftlog=s2@group-ABC9918E99D5-SegmentedRaftLog:OPENED:c-1,f-1,i0, conf=-1: [s3:0.0.0.0:33150, s4:0.0.0.0:39003, s0:0.0.0.0:35997, s1:0.0.0.0:34886, s2:0.0.0.0:44071], old=null NEW
2019-09-24 16:04:52,251 INFO  impl.RaftServerImpl (RaftServerImpl.java:start(181)) - s2@group-ABC9918E99D5: start as a follower, conf=-1: [s3:0.0.0.0:33150, s4:0.0.0.0:39003, s0:0.0.0.0:35997, s1:0.0.0.0:34886, s2:0.0.0.0:44071], old=null
2019-09-24 16:04:52,251 INFO  impl.RaftServerImpl (RaftServerImpl.java:setRole(170)) - s2@group-ABC9918E99D5: changes role from      null to FOLLOWER at term 0 for startAsFollower
2019-09-24 16:04:52,252 INFO  impl.RoleInfo (RoleInfo.java:updateAndGet(143)) - s2: start FollowerState
2019-09-24 16:04:52,252 INFO  util.JmxRegister (JmxRegister.java:tryRegister(44)) - Successfully registered JMX Bean with object name Ratis:service=RaftServer,group=group-ABC9918E99D5,id=s2
2019-09-24 16:04:52,258 DEBUG client.RaftClient (RaftClientImpl.java:sendRequest(285)) - client-C67843ACF8F6: receive RaftClientReply:client-C67843ACF8F6->s2@group-ABC9918E99D5, cid=11, SUCCESS, logIndex=0, commits[s2:c-1]
2019-09-24 16:04:52,259 DEBUG client.RaftClient (ConfUtils.java:logGet(43)) - raft.rpc.type = GRPC (default)
2019-09-24 16:04:52,259 DEBUG client.RaftClient (RaftClientImpl.java:sendRequest(275)) - client-08155B545E02: send GroupManagementRequest:client-08155B545E02->s3@group-ABC9918E99D5, cid=12, seq=0, RW, null, Add:group-ABC9918E99D5:[s3:0.0.0.0:33150, s4:0.0.0.0:39003, s0:0.0.0.0:35997, s1:0.0.0.0:34886, s2:0.0.0.0:44071]
2019-09-24 16:04:52,267 INFO  impl.RaftServerProxy (RaftServerProxy.java:addNew(89)) - s3: addNew group-ABC9918E99D5:[s3:0.0.0.0:33150, s4:0.0.0.0:39003, s0:0.0.0.0:35997, s1:0.0.0.0:34886, s2:0.0.0.0:44071] returns group-ABC9918E99D5:java.util.concurrent.CompletableFuture@2c6d036b[Not completed]
2019-09-24 16:04:52,268 INFO  impl.RaftServerImpl (RaftServerImpl.java:<init>(95)) - s3: new RaftServerImpl for group-ABC9918E99D5:[s3:0.0.0.0:33150, s4:0.0.0.0:39003, s0:0.0.0.0:35997, s1:0.0.0.0:34886, s2:0.0.0.0:44071] with BaseStateMachine:uninitialized
2019-09-24 16:04:52,268 INFO  server.RaftServerConfigKeys (ConfUtils.java:logGet(43)) - raft.server.rpc.timeout.min = 150ms (default)
2019-09-24 16:04:52,268 INFO  server.RaftServerConfigKeys (ConfUtils.java:logGet(43)) - raft.server.rpc.timeout.max = 300ms (default)
2019-09-24 16:04:52,268 INFO  server.RaftServerConfigKeys (ConfUtils.java:logGet(43)) - raft.server.rpcslowness.timeout = 60s (default)
2019-09-24 16:04:52,268 INFO  server.RaftServerConfigKeys (ConfUtils.java:logGet(43)) - raft.server.sleep.deviation.threshold = 300 (default)
2019-09-24 16:04:52,269 INFO  server.RaftServerConfigKeys (ConfUtils.java:logGet(43)) - raft.server.log.appender.install.snapshot.enabled = true (default)
2019-09-24 16:04:52,269 INFO  impl.RaftServerImpl (ServerState.java:<init>(103)) - s3@group-ABC9918E99D5: ConfigurationManager, init=-1: [s3:0.0.0.0:33150, s4:0.0.0.0:39003, s0:0.0.0.0:35997, s1:0.0.0.0:34886, s2:0.0.0.0:44071], old=null, confs=<EMPTY_MAP>
2019-09-24 16:04:52,269 INFO  server.RaftServerConfigKeys (ConfUtils.java:logGet(43)) - raft.server.storage.dir = [/workdir/ratis-test/target/test/data/ca4e50c/MiniRaftClusterWithGrpc5faab8f6/s3] (custom)
2019-09-24 16:04:52,269 INFO  server.RaftServerConfigKeys (ConfUtils.java:logGet(43)) - raft.server.log.corruption.policy = EXCEPTION (default)
2019-09-24 16:04:52,270 INFO  storage.RaftStorageDirectory (RaftStorageDirectory.java:analyzeStorage(246)) - The storage directory /workdir/ratis-test/target/test/data/ca4e50c/MiniRaftClusterWithGrpc5faab8f6/s3/9f253c40-9bcb-4797-b4cc-abc9918e99d5 does not exist. Creating ...
2019-09-24 16:04:52,270 TRACE util.FileUtils (LogUtils.java:runAndLog(61)) - Successfully ran Files.createDirectories /workdir/ratis-test/target/test/data/ca4e50c/MiniRaftClusterWithGrpc5faab8f6/s3/9f253c40-9bcb-4797-b4cc-abc9918e99d5
2019-09-24 16:04:52,276 INFO  impl.FollowerState (FollowerState.java:run(108)) - s1@group-C767EAC39A60-FollowerState: change to CANDIDATE, lastRpcTime:171ms, electionTimeout:171ms
2019-09-24 16:04:52,276 INFO  impl.RoleInfo (RoleInfo.java:shutdownFollowerState(121)) - s1: shutdown FollowerState
2019-09-24 16:04:52,276 INFO  impl.RaftServerImpl (RaftServerImpl.java:setRole(170)) - s1@group-C767EAC39A60: changes role from  FOLLOWER to CANDIDATE at term 5 for changeToCandidate
2019-09-24 16:04:52,276 INFO  impl.RoleInfo (RoleInfo.java:updateAndGet(143)) - s1: start LeaderElection
2019-09-24 16:04:52,283 INFO  storage.RaftStorageDirectory (RaftStorageDirectory.java:tryLock(328)) - Lock on /workdir/ratis-test/target/test/data/ca4e50c/MiniRaftClusterWithGrpc5faab8f6/s3/9f253c40-9bcb-4797-b4cc-abc9918e99d5/in_use.lock acquired by nodename 2858@ratis-test-vphbd-3564017154
2019-09-24 16:04:52,283 INFO  impl.LeaderElection (LeaderElection.java:askForVotes(178)) - s1@group-C767EAC39A60-LeaderElection18: begin an election at term 6 for -1: [s3:0.0.0.0:46508, s4:0.0.0.0:36525, s5:0.0.0.0:38550, s1:0.0.0.0:37672, s2:0.0.0.0:40750], old=null
2019-09-24 16:04:52,283 TRACE util.FileUtils (LogUtils.java:runAndLog(61)) - Successfully ran Files.createDirectories /workdir/ratis-test/target/test/data/ca4e50c/MiniRaftClusterWithGrpc5faab8f6/s3/9f253c40-9bcb-4797-b4cc-abc9918e99d5/current
2019-09-24 16:04:52,284 TRACE util.FileUtils (LogUtils.java:runAndLog(61)) - Successfully ran Files.createDirectories /workdir/ratis-test/target/test/data/ca4e50c/MiniRaftClusterWithGrpc5faab8f6/s3/9f253c40-9bcb-4797-b4cc-abc9918e99d5/sm
2019-09-24 16:04:52,286 WARN  server.GrpcServerProtocolService (LogUtils.java:warn(136)) - s2: Failed requestVote s1->s2#0
org.apache.ratis.protocol.GroupMismatchException: s2: group-C767EAC39A60 not found.
	at org.apache.ratis.server.impl.RaftServerProxy$ImplMap.get(RaftServerProxy.java:122)
	at org.apache.ratis.server.impl.RaftServerProxy.getImplFuture(RaftServerProxy.java:269)
	at org.apache.ratis.server.impl.RaftServerProxy.getImpl(RaftServerProxy.java:278)
	at org.apache.ratis.server.impl.RaftServerProxy.getImpl(RaftServerProxy.java:273)
	at org.apache.ratis.server.impl.RaftServerProxy.requestVote(RaftServerProxy.java:443)
	at org.apache.ratis.grpc.server.GrpcServerProtocolService.requestVote(GrpcServerProtocolService.java:142)
	at org.apache.ratis.proto.grpc.RaftServerProtocolServiceGrpc$MethodHandlers.invoke(RaftServerProtocolServiceGrpc.java:319)
	at org.apache.ratis.thirdparty.io.grpc.stub.ServerCalls$UnaryServerCallHandler$UnaryServerCallListener.onHalfClose(ServerCalls.java:171)
	at org.apache.ratis.thirdparty.io.grpc.internal.ServerCallImpl$ServerStreamListenerImpl.halfClosed(ServerCallImpl.java:283)
	at org.apache.ratis.thirdparty.io.grpc.internal.ServerImpl$JumpToApplicationThreadServerStreamListener$1HalfClosed.runInContext(ServerImpl.java:710)
	at org.apache.ratis.thirdparty.io.grpc.internal.ContextRunnable.run(ContextRunnable.java:37)
	at org.apache.ratis.thirdparty.io.grpc.internal.SerializingExecutor.run(SerializingExecutor.java:123)
	at java.util.concurrent.ThreadPoolExecutor.runWorker(ThreadPoolExecutor.java:1149)
	at java.util.concurrent.ThreadPoolExecutor$Worker.run(ThreadPoolExecutor.java:624)
	at java.lang.Thread.run(Thread.java:748)
2019-09-24 16:04:52,287 WARN  server.GrpcServerProtocolService (LogUtils.java:warn(136)) - s4: Failed requestVote s1->s4#0
org.apache.ratis.protocol.GroupMismatchException: s4: group-C767EAC39A60 not found.
	at org.apache.ratis.server.impl.RaftServerProxy$ImplMap.get(RaftServerProxy.java:122)
	at org.apache.ratis.server.impl.RaftServerProxy.getImplFuture(RaftServerProxy.java:269)
	at org.apache.ratis.server.impl.RaftServerProxy.getImpl(RaftServerProxy.java:278)
	at org.apache.ratis.server.impl.RaftServerProxy.getImpl(RaftServerProxy.java:273)
	at org.apache.ratis.server.impl.RaftServerProxy.requestVote(RaftServerProxy.java:443)
	at org.apache.ratis.grpc.server.GrpcServerProtocolService.requestVote(GrpcServerProtocolService.java:142)
	at org.apache.ratis.proto.grpc.RaftServerProtocolServiceGrpc$MethodHandlers.invoke(RaftServerProtocolServiceGrpc.java:319)
	at org.apache.ratis.thirdparty.io.grpc.stub.ServerCalls$UnaryServerCallHandler$UnaryServerCallListener.onHalfClose(ServerCalls.java:171)
	at org.apache.ratis.thirdparty.io.grpc.internal.ServerCallImpl$ServerStreamListenerImpl.halfClosed(ServerCallImpl.java:283)
	at org.apache.ratis.thirdparty.io.grpc.internal.ServerImpl$JumpToApplicationThreadServerStreamListener$1HalfClosed.runInContext(ServerImpl.java:710)
	at org.apache.ratis.thirdparty.io.grpc.internal.ContextRunnable.run(ContextRunnable.java:37)
	at org.apache.ratis.thirdparty.io.grpc.internal.SerializingExecutor.run(SerializingExecutor.java:123)
	at java.util.concurrent.ThreadPoolExecutor.runWorker(ThreadPoolExecutor.java:1149)
	at java.util.concurrent.ThreadPoolExecutor$Worker.run(ThreadPoolExecutor.java:624)
	at java.lang.Thread.run(Thread.java:748)
2019-09-24 16:04:52,287 WARN  server.GrpcServerProtocolService (LogUtils.java:warn(136)) - s5: Failed requestVote s1->s5#0
org.apache.ratis.protocol.GroupMismatchException: s5: group-C767EAC39A60 not found.
	at org.apache.ratis.server.impl.RaftServerProxy$ImplMap.get(RaftServerProxy.java:122)
	at org.apache.ratis.server.impl.RaftServerProxy.getImplFuture(RaftServerProxy.java:269)
	at org.apache.ratis.server.impl.RaftServerProxy.getImpl(RaftServerProxy.java:278)
	at org.apache.ratis.server.impl.RaftServerProxy.getImpl(RaftServerProxy.java:273)
	at org.apache.ratis.server.impl.RaftServerProxy.requestVote(RaftServerProxy.java:443)
	at org.apache.ratis.grpc.server.GrpcServerProtocolService.requestVote(GrpcServerProtocolService.java:142)
	at org.apache.ratis.proto.grpc.RaftServerProtocolServiceGrpc$MethodHandlers.invoke(RaftServerProtocolServiceGrpc.java:319)
	at org.apache.ratis.thirdparty.io.grpc.stub.ServerCalls$UnaryServerCallHandler$UnaryServerCallListener.onHalfClose(ServerCalls.java:171)
	at org.apache.ratis.thirdparty.io.grpc.internal.ServerCallImpl$ServerStreamListenerImpl.halfClosed(ServerCallImpl.java:283)
	at org.apache.ratis.thirdparty.io.grpc.internal.ServerImpl$JumpToApplicationThreadServerStreamListener$1HalfClosed.runInContext(ServerImpl.java:710)
	at org.apache.ratis.thirdparty.io.grpc.internal.ContextRunnable.run(ContextRunnable.java:37)
	at org.apache.ratis.thirdparty.io.grpc.internal.SerializingExecutor.run(SerializingExecutor.java:123)
	at java.util.concurrent.ThreadPoolExecutor.runWorker(ThreadPoolExecutor.java:1149)
	at java.util.concurrent.ThreadPoolExecutor$Worker.run(ThreadPoolExecutor.java:624)
	at java.lang.Thread.run(Thread.java:748)
2019-09-24 16:04:52,286 WARN  server.GrpcServerProtocolService (LogUtils.java:warn(136)) - s3: Failed requestVote s1->s3#0
org.apache.ratis.protocol.GroupMismatchException: s3: group-C767EAC39A60 not found.
	at org.apache.ratis.server.impl.RaftServerProxy$ImplMap.get(RaftServerProxy.java:122)
	at org.apache.ratis.server.impl.RaftServerProxy.getImplFuture(RaftServerProxy.java:269)
	at org.apache.ratis.server.impl.RaftServerProxy.getImpl(RaftServerProxy.java:278)
	at org.apache.ratis.server.impl.RaftServerProxy.getImpl(RaftServerProxy.java:273)
	at org.apache.ratis.server.impl.RaftServerProxy.requestVote(RaftServerProxy.java:443)
	at org.apache.ratis.grpc.server.GrpcServerProtocolService.requestVote(GrpcServerProtocolService.java:142)
	at org.apache.ratis.proto.grpc.RaftServerProtocolServiceGrpc$MethodHandlers.invoke(RaftServerProtocolServiceGrpc.java:319)
	at org.apache.ratis.thirdparty.io.grpc.stub.ServerCalls$UnaryServerCallHandler$UnaryServerCallListener.onHalfClose(ServerCalls.java:171)
	at org.apache.ratis.thirdparty.io.grpc.internal.ServerCallImpl$ServerStreamListenerImpl.halfClosed(ServerCallImpl.java:283)
	at org.apache.ratis.thirdparty.io.grpc.internal.ServerImpl$JumpToApplicationThreadServerStreamListener$1HalfClosed.runInContext(ServerImpl.java:710)
	at org.apache.ratis.thirdparty.io.grpc.internal.ContextRunnable.run(ContextRunnable.java:37)
	at org.apache.ratis.thirdparty.io.grpc.internal.SerializingExecutor.run(SerializingExecutor.java:123)
	at java.util.concurrent.ThreadPoolExecutor.runWorker(ThreadPoolExecutor.java:1149)
	at java.util.concurrent.ThreadPoolExecutor$Worker.run(ThreadPoolExecutor.java:624)
	at java.lang.Thread.run(Thread.java:748)
2019-09-24 16:04:52,289 INFO  impl.LeaderElection (LogUtils.java:infoOrTrace(149)) - s1@group-C767EAC39A60-LeaderElection18 got exception when requesting votes: java.util.concurrent.ExecutionException: org.apache.ratis.thirdparty.io.grpc.StatusRuntimeException: INTERNAL: s2: group-C767EAC39A60 not found.
2019-09-24 16:04:52,290 INFO  impl.LeaderElection (LogUtils.java:infoOrTrace(149)) - s1@group-C767EAC39A60-LeaderElection18 got exception when requesting votes: java.util.concurrent.ExecutionException: org.apache.ratis.thirdparty.io.grpc.StatusRuntimeException: INTERNAL: s4: group-C767EAC39A60 not found.
2019-09-24 16:04:52,291 INFO  impl.LeaderElection (LogUtils.java:infoOrTrace(149)) - s1@group-C767EAC39A60-LeaderElection18 got exception when requesting votes: java.util.concurrent.ExecutionException: org.apache.ratis.thirdparty.io.grpc.StatusRuntimeException: INTERNAL: s5: group-C767EAC39A60 not found.
2019-09-24 16:04:52,291 INFO  impl.LeaderElection (LogUtils.java:infoOrTrace(149)) - s1@group-C767EAC39A60-LeaderElection18 got exception when requesting votes: java.util.concurrent.ExecutionException: org.apache.ratis.thirdparty.io.grpc.StatusRuntimeException: INTERNAL: s3: group-C767EAC39A60 not found.
2019-09-24 16:04:52,291 INFO  impl.LeaderElection (LeaderElection.java:logAndReturn(56)) - s1@group-C767EAC39A60-LeaderElection18: Election REJECTED; received 0 response(s) [] and 4 exception(s); s1@group-C767EAC39A60:t6, leader=null, voted=s1, raftlog=s1@group-C767EAC39A60-SegmentedRaftLog:OPENED:c-1,f-1,i0, conf=-1: [s3:0.0.0.0:46508, s4:0.0.0.0:36525, s5:0.0.0.0:38550, s1:0.0.0.0:37672, s2:0.0.0.0:40750], old=null
2019-09-24 16:04:52,292 INFO  impl.LeaderElection (LogUtils.java:infoOrTrace(149)) -   Exception 0: java.util.concurrent.ExecutionException: org.apache.ratis.thirdparty.io.grpc.StatusRuntimeException: INTERNAL: s2: group-C767EAC39A60 not found.
2019-09-24 16:04:52,292 INFO  impl.LeaderElection (LogUtils.java:infoOrTrace(149)) -   Exception 1: java.util.concurrent.ExecutionException: org.apache.ratis.thirdparty.io.grpc.StatusRuntimeException: INTERNAL: s4: group-C767EAC39A60 not found.
2019-09-24 16:04:52,292 INFO  impl.LeaderElection (LogUtils.java:infoOrTrace(149)) -   Exception 2: java.util.concurrent.ExecutionException: org.apache.ratis.thirdparty.io.grpc.StatusRuntimeException: INTERNAL: s5: group-C767EAC39A60 not found.
2019-09-24 16:04:52,292 INFO  impl.LeaderElection (LogUtils.java:infoOrTrace(149)) -   Exception 3: java.util.concurrent.ExecutionException: org.apache.ratis.thirdparty.io.grpc.StatusRuntimeException: INTERNAL: s3: group-C767EAC39A60 not found.
2019-09-24 16:04:52,292 INFO  impl.RaftServerImpl (RaftServerImpl.java:setRole(170)) - s1@group-C767EAC39A60: changes role from CANDIDATE to FOLLOWER at term 6 for DISCOVERED_A_NEW_TERM
2019-09-24 16:04:52,292 INFO  impl.RoleInfo (RoleInfo.java:shutdownLeaderElection(134)) - s1: shutdown LeaderElection
2019-09-24 16:04:52,293 INFO  impl.RoleInfo (RoleInfo.java:updateAndGet(143)) - s1: start FollowerState
2019-09-24 16:04:52,296 INFO  storage.RaftStorage (RaftStorage.java:format(84)) - Storage directory /workdir/ratis-test/target/test/data/ca4e50c/MiniRaftClusterWithGrpc5faab8f6/s3/9f253c40-9bcb-4797-b4cc-abc9918e99d5 has been successfully formatted.
2019-09-24 16:04:52,296 INFO  server.RaftServerConfigKeys (ConfUtils.java:logGet(43)) - raft.server.notification.no-leader.timeout = 60s (default)
2019-09-24 16:04:52,296 INFO  server.RaftServerConfigKeys (ConfUtils.java:logGet(43)) - raft.server.log.use.memory = false (default)
2019-09-24 16:04:52,297 INFO  server.RaftServerConfigKeys (ConfUtils.java:logGet(43)) - raft.server.log.purge.gap = 1024 (default)
2019-09-24 16:04:52,297 INFO  server.RaftServerConfigKeys (ConfUtils.java:logGet(43)) - raft.server.log.appender.buffer.byte-limit = 4MB (=4194304) (default)
2019-09-24 16:04:52,297 INFO  server.RaftServerConfigKeys (ConfUtils.java:logGet(43)) - raft.server.log.segment.size.max = 8MB (=8388608) (default)
2019-09-24 16:04:52,297 INFO  server.RaftServerConfigKeys (ConfUtils.java:logGet(43)) - raft.server.log.segment.cache.num.max = 6 (default)
2019-09-24 16:04:52,297 INFO  segmented.SegmentedRaftLogWorker (SegmentedRaftLogWorker.java:<init>(172)) - new s3@group-ABC9918E99D5-SegmentedRaftLogWorker for RaftStorage:Storage Directory /workdir/ratis-test/target/test/data/ca4e50c/MiniRaftClusterWithGrpc5faab8f6/s3/9f253c40-9bcb-4797-b4cc-abc9918e99d5
2019-09-24 16:04:52,297 INFO  server.RaftServerConfigKeys (ConfUtils.java:logGet(43)) - raft.server.log.queue.byte-limit = 64MB (=67108864) (default)
2019-09-24 16:04:52,297 INFO  server.RaftServerConfigKeys (ConfUtils.java:logGet(43)) - raft.server.log.queue.element-limit = 4096 (default)
2019-09-24 16:04:52,298 INFO  server.RaftServerConfigKeys (ConfUtils.java:logGet(43)) - raft.server.log.segment.size.max = 8MB (=8388608) (default)
2019-09-24 16:04:52,298 INFO  server.RaftServerConfigKeys (ConfUtils.java:logGet(43)) - raft.server.log.preallocated.size = 4MB (=4194304) (default)
2019-09-24 16:04:52,298 INFO  server.RaftServerConfigKeys (ConfUtils.java:logGet(43)) - raft.server.log.write.buffer.size = 64KB (=65536) (default)
2019-09-24 16:04:52,298 INFO  server.RaftServerConfigKeys (ConfUtils.java:logGet(43)) - raft.server.log.force.sync.num = 128 (default)
2019-09-24 16:04:52,298 INFO  server.RaftServerConfigKeys (ConfUtils.java:logGet(43)) - raft.server.log.statemachine.data.sync = true (default)
2019-09-24 16:04:52,298 INFO  server.RaftServerConfigKeys (ConfUtils.java:logGet(43)) - raft.server.log.statemachine.data.sync.timeout = 10s (default)
2019-09-24 16:04:52,298 INFO  server.RaftServerConfigKeys (ConfUtils.java:logGet(43)) - raft.server.log.statemachine.data.sync.timeout.retry = -1 (default)
2019-09-24 16:04:52,298 INFO  server.RaftServerConfigKeys (ConfUtils.java:logGet(43)) - raft.server.log.statemachine.data.caching.enabled = false (default)
2019-09-24 16:04:52,299 INFO  segmented.SegmentedRaftLogWorker (SegmentedRaftLogWorker.java:lambda$new$0(132)) - s3@group-ABC9918E99D5-SegmentedRaftLogWorker: flushIndex: setUnconditionally 0 -> -1
2019-09-24 16:04:52,299 INFO  server.RaftServerConfigKeys (ConfUtils.java:logGet(43)) - raft.server.snapshot.auto.trigger.enabled = false (default)
2019-09-24 16:04:52,299 INFO  server.RaftServerConfigKeys (ConfUtils.java:logGet(43)) - raft.server.snapshot.retention.file.num = -1 (default)
2019-09-24 16:04:52,299 INFO  server.RaftServerConfigKeys (ConfUtils.java:logGet(43)) - raft.server.retrycache.expirytime = 60s (default)
2019-09-24 16:04:52,301 DEBUG impl.RaftServerProxy (RaftServerProxy.java:lambda$groupAddAsync$10(380)) - s3: newImpl =      null s3@group-ABC9918E99D5:t0, leader=null, voted=null, raftlog=s3@group-ABC9918E99D5-SegmentedRaftLog:OPENED:c-1,f-1,i0, conf=-1: [s3:0.0.0.0:33150, s4:0.0.0.0:39003, s0:0.0.0.0:35997, s1:0.0.0.0:34886, s2:0.0.0.0:44071], old=null NEW
2019-09-24 16:04:52,301 INFO  impl.RaftServerImpl (RaftServerImpl.java:start(181)) - s3@group-ABC9918E99D5: start as a follower, conf=-1: [s3:0.0.0.0:33150, s4:0.0.0.0:39003, s0:0.0.0.0:35997, s1:0.0.0.0:34886, s2:0.0.0.0:44071], old=null
2019-09-24 16:04:52,301 INFO  impl.RaftServerImpl (RaftServerImpl.java:setRole(170)) - s3@group-ABC9918E99D5: changes role from      null to FOLLOWER at term 0 for startAsFollower
2019-09-24 16:04:52,301 INFO  impl.RoleInfo (RoleInfo.java:updateAndGet(143)) - s3: start FollowerState
2019-09-24 16:04:52,302 INFO  util.JmxRegister (JmxRegister.java:tryRegister(44)) - Successfully registered JMX Bean with object name Ratis:service=RaftServer,group=group-ABC9918E99D5,id=s3
2019-09-24 16:04:52,308 DEBUG client.RaftClient (RaftClientImpl.java:sendRequest(285)) - client-08155B545E02: receive RaftClientReply:client-08155B545E02->s3@group-ABC9918E99D5, cid=12, SUCCESS, logIndex=0, commits[s3:c-1]
2019-09-24 16:04:52,310 DEBUG client.RaftClient (ConfUtils.java:logGet(43)) - raft.rpc.type = GRPC (default)
2019-09-24 16:04:52,310 DEBUG client.RaftClient (RaftClientImpl.java:sendRequest(275)) - client-C58B2180FB87: send GroupManagementRequest:client-C58B2180FB87->s4@group-ABC9918E99D5, cid=13, seq=0, RW, null, Add:group-ABC9918E99D5:[s3:0.0.0.0:33150, s4:0.0.0.0:39003, s0:0.0.0.0:35997, s1:0.0.0.0:34886, s2:0.0.0.0:44071]
2019-09-24 16:04:52,317 INFO  impl.RaftServerProxy (RaftServerProxy.java:addNew(89)) - s4: addNew group-ABC9918E99D5:[s3:0.0.0.0:33150, s4:0.0.0.0:39003, s0:0.0.0.0:35997, s1:0.0.0.0:34886, s2:0.0.0.0:44071] returns group-ABC9918E99D5:java.util.concurrent.CompletableFuture@ed3dbb4[Not completed]
2019-09-24 16:04:52,317 INFO  impl.RaftServerImpl (RaftServerImpl.java:<init>(95)) - s4: new RaftServerImpl for group-ABC9918E99D5:[s3:0.0.0.0:33150, s4:0.0.0.0:39003, s0:0.0.0.0:35997, s1:0.0.0.0:34886, s2:0.0.0.0:44071] with BaseStateMachine:uninitialized
2019-09-24 16:04:52,317 INFO  server.RaftServerConfigKeys (ConfUtils.java:logGet(43)) - raft.server.rpc.timeout.min = 150ms (default)
2019-09-24 16:04:52,317 INFO  server.RaftServerConfigKeys (ConfUtils.java:logGet(43)) - raft.server.rpc.timeout.max = 300ms (default)
2019-09-24 16:04:52,318 INFO  server.RaftServerConfigKeys (ConfUtils.java:logGet(43)) - raft.server.rpcslowness.timeout = 60s (default)
2019-09-24 16:04:52,318 INFO  server.RaftServerConfigKeys (ConfUtils.java:logGet(43)) - raft.server.sleep.deviation.threshold = 300 (default)
2019-09-24 16:04:52,318 INFO  server.RaftServerConfigKeys (ConfUtils.java:logGet(43)) - raft.server.log.appender.install.snapshot.enabled = true (default)
2019-09-24 16:04:52,318 INFO  impl.RaftServerImpl (ServerState.java:<init>(103)) - s4@group-ABC9918E99D5: ConfigurationManager, init=-1: [s3:0.0.0.0:33150, s4:0.0.0.0:39003, s0:0.0.0.0:35997, s1:0.0.0.0:34886, s2:0.0.0.0:44071], old=null, confs=<EMPTY_MAP>
2019-09-24 16:04:52,318 INFO  server.RaftServerConfigKeys (ConfUtils.java:logGet(43)) - raft.server.storage.dir = [/workdir/ratis-test/target/test/data/ca4e50c/MiniRaftClusterWithGrpc5faab8f6/s4] (custom)
2019-09-24 16:04:52,319 INFO  server.RaftServerConfigKeys (ConfUtils.java:logGet(43)) - raft.server.log.corruption.policy = EXCEPTION (default)
2019-09-24 16:04:52,319 INFO  storage.RaftStorageDirectory (RaftStorageDirectory.java:analyzeStorage(246)) - The storage directory /workdir/ratis-test/target/test/data/ca4e50c/MiniRaftClusterWithGrpc5faab8f6/s4/9f253c40-9bcb-4797-b4cc-abc9918e99d5 does not exist. Creating ...
2019-09-24 16:04:52,319 TRACE util.FileUtils (LogUtils.java:runAndLog(61)) - Successfully ran Files.createDirectories /workdir/ratis-test/target/test/data/ca4e50c/MiniRaftClusterWithGrpc5faab8f6/s4/9f253c40-9bcb-4797-b4cc-abc9918e99d5
2019-09-24 16:04:52,333 INFO  storage.RaftStorageDirectory (RaftStorageDirectory.java:tryLock(328)) - Lock on /workdir/ratis-test/target/test/data/ca4e50c/MiniRaftClusterWithGrpc5faab8f6/s4/9f253c40-9bcb-4797-b4cc-abc9918e99d5/in_use.lock acquired by nodename 2858@ratis-test-vphbd-3564017154
2019-09-24 16:04:52,333 TRACE util.FileUtils (LogUtils.java:runAndLog(61)) - Successfully ran Files.createDirectories /workdir/ratis-test/target/test/data/ca4e50c/MiniRaftClusterWithGrpc5faab8f6/s4/9f253c40-9bcb-4797-b4cc-abc9918e99d5/current
2019-09-24 16:04:52,333 TRACE util.FileUtils (LogUtils.java:runAndLog(61)) - Successfully ran Files.createDirectories /workdir/ratis-test/target/test/data/ca4e50c/MiniRaftClusterWithGrpc5faab8f6/s4/9f253c40-9bcb-4797-b4cc-abc9918e99d5/sm
2019-09-24 16:04:52,337 INFO  storage.RaftStorage (RaftStorage.java:format(84)) - Storage directory /workdir/ratis-test/target/test/data/ca4e50c/MiniRaftClusterWithGrpc5faab8f6/s4/9f253c40-9bcb-4797-b4cc-abc9918e99d5 has been successfully formatted.
2019-09-24 16:04:52,337 INFO  server.RaftServerConfigKeys (ConfUtils.java:logGet(43)) - raft.server.notification.no-leader.timeout = 60s (default)
2019-09-24 16:04:52,337 INFO  server.RaftServerConfigKeys (ConfUtils.java:logGet(43)) - raft.server.log.use.memory = false (default)
2019-09-24 16:04:52,337 INFO  server.RaftServerConfigKeys (ConfUtils.java:logGet(43)) - raft.server.log.purge.gap = 1024 (default)
2019-09-24 16:04:52,337 INFO  server.RaftServerConfigKeys (ConfUtils.java:logGet(43)) - raft.server.log.appender.buffer.byte-limit = 4MB (=4194304) (default)
2019-09-24 16:04:52,337 INFO  server.RaftServerConfigKeys (ConfUtils.java:logGet(43)) - raft.server.log.segment.size.max = 8MB (=8388608) (default)
2019-09-24 16:04:52,338 INFO  server.RaftServerConfigKeys (ConfUtils.java:logGet(43)) - raft.server.log.segment.cache.num.max = 6 (default)
2019-09-24 16:04:52,338 INFO  segmented.SegmentedRaftLogWorker (SegmentedRaftLogWorker.java:<init>(172)) - new s4@group-ABC9918E99D5-SegmentedRaftLogWorker for RaftStorage:Storage Directory /workdir/ratis-test/target/test/data/ca4e50c/MiniRaftClusterWithGrpc5faab8f6/s4/9f253c40-9bcb-4797-b4cc-abc9918e99d5
2019-09-24 16:04:52,338 INFO  server.RaftServerConfigKeys (ConfUtils.java:logGet(43)) - raft.server.log.queue.byte-limit = 64MB (=67108864) (default)
2019-09-24 16:04:52,338 INFO  server.RaftServerConfigKeys (ConfUtils.java:logGet(43)) - raft.server.log.queue.element-limit = 4096 (default)
2019-09-24 16:04:52,338 INFO  server.RaftServerConfigKeys (ConfUtils.java:logGet(43)) - raft.server.log.segment.size.max = 8MB (=8388608) (default)
2019-09-24 16:04:52,338 INFO  server.RaftServerConfigKeys (ConfUtils.java:logGet(43)) - raft.server.log.preallocated.size = 4MB (=4194304) (default)
2019-09-24 16:04:52,338 INFO  server.RaftServerConfigKeys (ConfUtils.java:logGet(43)) - raft.server.log.write.buffer.size = 64KB (=65536) (default)
2019-09-24 16:04:52,339 INFO  server.RaftServerConfigKeys (ConfUtils.java:logGet(43)) - raft.server.log.force.sync.num = 128 (default)
2019-09-24 16:04:52,339 INFO  server.RaftServerConfigKeys (ConfUtils.java:logGet(43)) - raft.server.log.statemachine.data.sync = true (default)
2019-09-24 16:04:52,339 INFO  server.RaftServerConfigKeys (ConfUtils.java:logGet(43)) - raft.server.log.statemachine.data.sync.timeout = 10s (default)
2019-09-24 16:04:52,339 INFO  server.RaftServerConfigKeys (ConfUtils.java:logGet(43)) - raft.server.log.statemachine.data.sync.timeout.retry = -1 (default)
2019-09-24 16:04:52,339 INFO  server.RaftServerConfigKeys (ConfUtils.java:logGet(43)) - raft.server.log.statemachine.data.caching.enabled = false (default)
2019-09-24 16:04:52,339 INFO  segmented.SegmentedRaftLogWorker (SegmentedRaftLogWorker.java:lambda$new$0(132)) - s4@group-ABC9918E99D5-SegmentedRaftLogWorker: flushIndex: setUnconditionally 0 -> -1
2019-09-24 16:04:52,340 INFO  server.RaftServerConfigKeys (ConfUtils.java:logGet(43)) - raft.server.snapshot.auto.trigger.enabled = false (default)
2019-09-24 16:04:52,340 INFO  server.RaftServerConfigKeys (ConfUtils.java:logGet(43)) - raft.server.snapshot.retention.file.num = -1 (default)
2019-09-24 16:04:52,340 INFO  server.RaftServerConfigKeys (ConfUtils.java:logGet(43)) - raft.server.retrycache.expirytime = 60s (default)
2019-09-24 16:04:52,343 DEBUG impl.RaftServerProxy (RaftServerProxy.java:lambda$groupAddAsync$10(380)) - s4: newImpl =      null s4@group-ABC9918E99D5:t0, leader=null, voted=null, raftlog=s4@group-ABC9918E99D5-SegmentedRaftLog:OPENED:c-1,f-1,i0, conf=-1: [s3:0.0.0.0:33150, s4:0.0.0.0:39003, s0:0.0.0.0:35997, s1:0.0.0.0:34886, s2:0.0.0.0:44071], old=null NEW
2019-09-24 16:04:52,343 INFO  impl.RaftServerImpl (RaftServerImpl.java:start(181)) - s4@group-ABC9918E99D5: start as a follower, conf=-1: [s3:0.0.0.0:33150, s4:0.0.0.0:39003, s0:0.0.0.0:35997, s1:0.0.0.0:34886, s2:0.0.0.0:44071], old=null
2019-09-24 16:04:52,343 INFO  impl.RaftServerImpl (RaftServerImpl.java:setRole(170)) - s4@group-ABC9918E99D5: changes role from      null to FOLLOWER at term 0 for startAsFollower
2019-09-24 16:04:52,343 INFO  impl.RoleInfo (RoleInfo.java:updateAndGet(143)) - s4: start FollowerState
2019-09-24 16:04:52,343 INFO  util.JmxRegister (JmxRegister.java:tryRegister(44)) - Successfully registered JMX Bean with object name Ratis:service=RaftServer,group=group-ABC9918E99D5,id=s4
2019-09-24 16:04:52,348 DEBUG client.RaftClient (RaftClientImpl.java:sendRequest(285)) - client-C58B2180FB87: receive RaftClientReply:client-C58B2180FB87->s4@group-ABC9918E99D5, cid=13, SUCCESS, logIndex=0, commits[s4:c-1]
2019-09-24 16:04:52,349 INFO  server.RaftServerConfigKeys (ConfUtils.java:logGet(43)) - raft.server.rpc.timeout.max = 300ms (default)
2019-09-24 16:04:52,354 INFO  ratis.RaftTestUtil (RaftTestUtil.java:waitForLeader(86)) - printing group-ABC9918E99D5
  s3:  RUNNING [
   FOLLOWER s3@group-ABC9918E99D5:t0, leader=null, voted=null, raftlog=s3@group-ABC9918E99D5-SegmentedRaftLog:OPENED:c-1,f-1,i0, conf=-1: [s3:0.0.0.0:33150, s4:0.0.0.0:39003, s0:0.0.0.0:35997, s1:0.0.0.0:34886, s2:0.0.0.0:44071], old=null RUNNING
   FOLLOWER s3@group-6A62D5A52E8A:t0, leader=null, voted=null, raftlog=s3@group-6A62D5A52E8A-SegmentedRaftLog:OPENED:c-1,f-1,i0, conf=-1: [], old=null STARTING] size=2
  s4:  RUNNING [
   FOLLOWER s4@group-ABC9918E99D5:t0, leader=null, voted=null, raftlog=s4@group-ABC9918E99D5-SegmentedRaftLog:OPENED:c-1,f-1,i0, conf=-1: [s3:0.0.0.0:33150, s4:0.0.0.0:39003, s0:0.0.0.0:35997, s1:0.0.0.0:34886, s2:0.0.0.0:44071], old=null RUNNING
   FOLLOWER s4@group-6A62D5A52E8A:t0, leader=null, voted=null, raftlog=s4@group-6A62D5A52E8A-SegmentedRaftLog:OPENED:c-1,f-1,i0, conf=-1: [], old=null STARTING] size=2
  s0:  RUNNING [
   FOLLOWER s0@group-ABC9918E99D5:t0, leader=null, voted=null, raftlog=s0@group-ABC9918E99D5-SegmentedRaftLog:OPENED:c-1,f-1,i0, conf=-1: [s3:0.0.0.0:33150, s4:0.0.0.0:39003, s0:0.0.0.0:35997, s1:0.0.0.0:34886, s2:0.0.0.0:44071], old=null RUNNING
   FOLLOWER s0@group-6A62D5A52E8A:t0, leader=null, voted=null, raftlog=s0@group-6A62D5A52E8A-SegmentedRaftLog:OPENED:c-1,f-1,i0, conf=-1: [], old=null STARTING] size=2
  s1:  RUNNING [
   FOLLOWER s1@group-ABC9918E99D5:t0, leader=null, voted=null, raftlog=s1@group-ABC9918E99D5-SegmentedRaftLog:OPENED:c-1,f-1,i0, conf=-1: [s3:0.0.0.0:33150, s4:0.0.0.0:39003, s0:0.0.0.0:35997, s1:0.0.0.0:34886, s2:0.0.0.0:44071], old=null RUNNING
   FOLLOWER s1@group-6A62D5A52E8A:t0, leader=null, voted=null, raftlog=s1@group-6A62D5A52E8A-SegmentedRaftLog:OPENED:c-1,f-1,i0, conf=-1: [], old=null STARTING] size=2
  s2:  RUNNING [
   FOLLOWER s2@group-ABC9918E99D5:t0, leader=null, voted=null, raftlog=s2@group-ABC9918E99D5-SegmentedRaftLog:OPENED:c-1,f-1,i0, conf=-1: [s3:0.0.0.0:33150, s4:0.0.0.0:39003, s0:0.0.0.0:35997, s1:0.0.0.0:34886, s2:0.0.0.0:44071], old=null RUNNING
   FOLLOWER s2@group-6A62D5A52E8A:t0, leader=null, voted=null, raftlog=s2@group-6A62D5A52E8A-SegmentedRaftLog:OPENED:c-1,f-1,i0, conf=-1: [], old=null STARTING] size=2
2019-09-24 16:04:52,355 WARN  ratis.RaftTestUtil (JavaUtils.java:attempt(158)) - FAILED "waitForLeader-group-ABC9918E99D5-(expectLeader? true)", attempt #1/100: java.lang.IllegalStateException: No leader yet  for group-ABC9918E99D5: printing group-ABC9918E99D5
  s3:  RUNNING [
   FOLLOWER s3@group-ABC9918E99D5:t0, leader=null, voted=null, raftlog=s3@group-ABC9918E99D5-SegmentedRaftLog:OPENED:c-1,f-1,i0, conf=-1: [s3:0.0.0.0:33150, s4:0.0.0.0:39003, s0:0.0.0.0:35997, s1:0.0.0.0:34886, s2:0.0.0.0:44071], old=null RUNNING
   FOLLOWER s3@group-6A62D5A52E8A:t0, leader=null, voted=null, raftlog=s3@group-6A62D5A52E8A-SegmentedRaftLog:OPENED:c-1,f-1,i0, conf=-1: [], old=null STARTING] size=2
  s4:  RUNNING [
   FOLLOWER s4@group-ABC9918E99D5:t0, leader=null, voted=null, raftlog=s4@group-ABC9918E99D5-SegmentedRaftLog:OPENED:c-1,f-1,i0, conf=-1: [s3:0.0.0.0:33150, s4:0.0.0.0:39003, s0:0.0.0.0:35997, s1:0.0.0.0:34886, s2:0.0.0.0:44071], old=null RUNNING
   FOLLOWER s4@group-6A62D5A52E8A:t0, leader=null, voted=null, raftlog=s4@group-6A62D5A52E8A-SegmentedRaftLog:OPENED:c-1,f-1,i0, conf=-1: [], old=null STARTING] size=2
  s0:  RUNNING [
   FOLLOWER s0@group-ABC9918E99D5:t0, leader=null, voted=null, raftlog=s0@group-ABC9918E99D5-SegmentedRaftLog:OPENED:c-1,f-1,i0, conf=-1: [s3:0.0.0.0:33150, s4:0.0.0.0:39003, s0:0.0.0.0:35997, s1:0.0.0.0:34886, s2:0.0.0.0:44071], old=null RUNNING
   FOLLOWER s0@group-6A62D5A52E8A:t0, leader=null, voted=null, raftlog=s0@group-6A62D5A52E8A-SegmentedRaftLog:OPENED:c-1,f-1,i0, conf=-1: [], old=null STARTING] size=2
  s1:  RUNNING [
   FOLLOWER s1@group-ABC9918E99D5:t0, leader=null, voted=null, raftlog=s1@group-ABC9918E99D5-SegmentedRaftLog:OPENED:c-1,f-1,i0, conf=-1: [s3:0.0.0.0:33150, s4:0.0.0.0:39003, s0:0.0.0.0:35997, s1:0.0.0.0:34886, s2:0.0.0.0:44071], old=null RUNNING
   FOLLOWER s1@group-6A62D5A52E8A:t0, leader=null, voted=null, raftlog=s1@group-6A62D5A52E8A-SegmentedRaftLog:OPENED:c-1,f-1,i0, conf=-1: [], old=null STARTING] size=2
  s2:  RUNNING [
   FOLLOWER s2@group-ABC9918E99D5:t0, leader=null, voted=null, raftlog=s2@group-ABC9918E99D5-SegmentedRaftLog:OPENED:c-1,f-1,i0, conf=-1: [s3:0.0.0.0:33150, s4:0.0.0.0:39003, s0:0.0.0.0:35997, s1:0.0.0.0:34886, s2:0.0.0.0:44071], old=null RUNNING
   FOLLOWER s2@group-6A62D5A52E8A:t0, leader=null, voted=null, raftlog=s2@group-6A62D5A52E8A-SegmentedRaftLog:OPENED:c-1,f-1,i0, conf=-1: [], old=null STARTING] size=2, sleep 450ms and then retry.
java.lang.IllegalStateException: No leader yet  for group-ABC9918E99D5: printing group-ABC9918E99D5
  s3:  RUNNING [
   FOLLOWER s3@group-ABC9918E99D5:t0, leader=null, voted=null, raftlog=s3@group-ABC9918E99D5-SegmentedRaftLog:OPENED:c-1,f-1,i0, conf=-1: [s3:0.0.0.0:33150, s4:0.0.0.0:39003, s0:0.0.0.0:35997, s1:0.0.0.0:34886, s2:0.0.0.0:44071], old=null RUNNING
   FOLLOWER s3@group-6A62D5A52E8A:t0, leader=null, voted=null, raftlog=s3@group-6A62D5A52E8A-SegmentedRaftLog:OPENED:c-1,f-1,i0, conf=-1: [], old=null STARTING] size=2
  s4:  RUNNING [
   FOLLOWER s4@group-ABC9918E99D5:t0, leader=null, voted=null, raftlog=s4@group-ABC9918E99D5-SegmentedRaftLog:OPENED:c-1,f-1,i0, conf=-1: [s3:0.0.0.0:33150, s4:0.0.0.0:39003, s0:0.0.0.0:35997, s1:0.0.0.0:34886, s2:0.0.0.0:44071], old=null RUNNING
   FOLLOWER s4@group-6A62D5A52E8A:t0, leader=null, voted=null, raftlog=s4@group-6A62D5A52E8A-SegmentedRaftLog:OPENED:c-1,f-1,i0, conf=-1: [], old=null STARTING] size=2
  s0:  RUNNING [
   FOLLOWER s0@group-ABC9918E99D5:t0, leader=null, voted=null, raftlog=s0@group-ABC9918E99D5-SegmentedRaftLog:OPENED:c-1,f-1,i0, conf=-1: [s3:0.0.0.0:33150, s4:0.0.0.0:39003, s0:0.0.0.0:35997, s1:0.0.0.0:34886, s2:0.0.0.0:44071], old=null RUNNING
   FOLLOWER s0@group-6A62D5A52E8A:t0, leader=null, voted=null, raftlog=s0@group-6A62D5A52E8A-SegmentedRaftLog:OPENED:c-1,f-1,i0, conf=-1: [], old=null STARTING] size=2
  s1:  RUNNING [
   FOLLOWER s1@group-ABC9918E99D5:t0, leader=null, voted=null, raftlog=s1@group-ABC9918E99D5-SegmentedRaftLog:OPENED:c-1,f-1,i0, conf=-1: [s3:0.0.0.0:33150, s4:0.0.0.0:39003, s0:0.0.0.0:35997, s1:0.0.0.0:34886, s2:0.0.0.0:44071], old=null RUNNING
   FOLLOWER s1@group-6A62D5A52E8A:t0, leader=null, voted=null, raftlog=s1@group-6A62D5A52E8A-SegmentedRaftLog:OPENED:c-1,f-1,i0, conf=-1: [], old=null STARTING] size=2
  s2:  RUNNING [
   FOLLOWER s2@group-ABC9918E99D5:t0, leader=null, voted=null, raftlog=s2@group-ABC9918E99D5-SegmentedRaftLog:OPENED:c-1,f-1,i0, conf=-1: [s3:0.0.0.0:33150, s4:0.0.0.0:39003, s0:0.0.0.0:35997, s1:0.0.0.0:34886, s2:0.0.0.0:44071], old=null RUNNING
   FOLLOWER s2@group-6A62D5A52E8A:t0, leader=null, voted=null, raftlog=s2@group-6A62D5A52E8A-SegmentedRaftLog:OPENED:c-1,f-1,i0, conf=-1: [], old=null STARTING] size=2
	at org.apache.ratis.MiniRaftCluster.newIllegalStateExceptionForNoLeaders(MiniRaftCluster.java:506)
	at org.apache.ratis.RaftTestUtil.lambda$waitForLeader$1(RaftTestUtil.java:90)
	at org.apache.ratis.MiniRaftCluster.getLeader(MiniRaftCluster.java:539)
	at org.apache.ratis.MiniRaftCluster.getLeader(MiniRaftCluster.java:532)
	at org.apache.ratis.RaftTestUtil.lambda$waitForLeader$3(RaftTestUtil.java:98)
	at org.apache.ratis.util.JavaUtils.attempt(JavaUtils.java:152)
	at org.apache.ratis.RaftTestUtil.waitForLeader(RaftTestUtil.java:97)
	at org.apache.ratis.RaftTestUtil.waitForLeader(RaftTestUtil.java:77)
	at org.apache.ratis.server.impl.GroupManagementBaseTest.runMultiGroupTest(GroupManagementBaseTest.java:175)
	at org.apache.ratis.server.impl.GroupManagementBaseTest.runMultiGroupTest(GroupManagementBaseTest.java:126)
	at org.apache.ratis.server.impl.GroupManagementBaseTest.testMultiGroup9Nodes(GroupManagementBaseTest.java:121)
	at sun.reflect.NativeMethodAccessorImpl.invoke0(Native Method)
	at sun.reflect.NativeMethodAccessorImpl.invoke(NativeMethodAccessorImpl.java:62)
	at sun.reflect.DelegatingMethodAccessorImpl.invoke(DelegatingMethodAccessorImpl.java:43)
	at java.lang.reflect.Method.invoke(Method.java:498)
	at org.junit.runners.model.FrameworkMethod$1.runReflectiveCall(FrameworkMethod.java:50)
	at org.junit.internal.runners.model.ReflectiveCallable.run(ReflectiveCallable.java:12)
	at org.junit.runners.model.FrameworkMethod.invokeExplosively(FrameworkMethod.java:47)
	at org.junit.internal.runners.statements.InvokeMethod.evaluate(InvokeMethod.java:17)
	at org.junit.internal.runners.statements.RunAfters.evaluate(RunAfters.java:27)
	at org.junit.internal.runners.statements.FailOnTimeout$CallableStatement.call(FailOnTimeout.java:298)
	at org.junit.internal.runners.statements.FailOnTimeout$CallableStatement.call(FailOnTimeout.java:292)
	at java.util.concurrent.FutureTask.run(FutureTask.java:266)
	at java.lang.Thread.run(Thread.java:748)
2019-09-24 16:04:52,362 INFO  impl.FollowerState (FollowerState.java:run(108)) - s1@group-ABC9918E99D5-FollowerState: change to CANDIDATE, lastRpcTime:160ms, electionTimeout:160ms
2019-09-24 16:04:52,363 INFO  impl.RoleInfo (RoleInfo.java:shutdownFollowerState(121)) - s1: shutdown FollowerState
2019-09-24 16:04:52,363 INFO  impl.RaftServerImpl (RaftServerImpl.java:setRole(170)) - s1@group-ABC9918E99D5: changes role from  FOLLOWER to CANDIDATE at term 0 for changeToCandidate
2019-09-24 16:04:52,363 INFO  impl.RoleInfo (RoleInfo.java:updateAndGet(143)) - s1: start LeaderElection
2019-09-24 16:04:52,369 INFO  impl.FollowerState (FollowerState.java:run(108)) - s0@group-ABC9918E99D5-FollowerState: change to CANDIDATE, lastRpcTime:220ms, electionTimeout:220ms
2019-09-24 16:04:52,370 INFO  impl.RoleInfo (RoleInfo.java:shutdownFollowerState(121)) - s0: shutdown FollowerState
2019-09-24 16:04:52,370 INFO  impl.RaftServerImpl (RaftServerImpl.java:setRole(170)) - s0@group-ABC9918E99D5: changes role from  FOLLOWER to CANDIDATE at term 0 for changeToCandidate
2019-09-24 16:04:52,370 INFO  impl.RoleInfo (RoleInfo.java:updateAndGet(143)) - s0: start LeaderElection
2019-09-24 16:04:52,379 INFO  impl.LeaderElection (LeaderElection.java:askForVotes(178)) - s1@group-ABC9918E99D5-LeaderElection19: begin an election at term 1 for -1: [s3:0.0.0.0:33150, s4:0.0.0.0:39003, s0:0.0.0.0:35997, s1:0.0.0.0:34886, s2:0.0.0.0:44071], old=null
2019-09-24 16:04:52,379 INFO  impl.LeaderElection (LeaderElection.java:askForVotes(178)) - s0@group-ABC9918E99D5-LeaderElection20: begin an election at term 1 for -1: [s3:0.0.0.0:33150, s4:0.0.0.0:39003, s0:0.0.0.0:35997, s1:0.0.0.0:34886, s2:0.0.0.0:44071], old=null
2019-09-24 16:04:52,394 DEBUG impl.RaftServerImpl (RaftServerImpl.java:requestVote(743)) - s3@group-ABC9918E99D5: receive requestVote(s1, group-ABC9918E99D5, 1, (t:0, i:0))
2019-09-24 16:04:52,394 DEBUG impl.RaftServerImpl (RaftServerImpl.java:requestVote(743)) - s2@group-ABC9918E99D5: receive requestVote(s1, group-ABC9918E99D5, 1, (t:0, i:0))
2019-09-24 16:04:52,395 DEBUG impl.RaftServerImpl (RaftServerImpl.java:requestVote(743)) - s2@group-ABC9918E99D5: receive requestVote(s0, group-ABC9918E99D5, 1, (t:0, i:0))
2019-09-24 16:04:52,395 INFO  impl.RaftServerImpl (RaftServerImpl.java:setRole(170)) - s3@group-ABC9918E99D5: changes role from  FOLLOWER to FOLLOWER at term 1 for recognizeCandidate:s1
2019-09-24 16:04:52,394 DEBUG impl.RaftServerImpl (RaftServerImpl.java:requestVote(743)) - s4@group-ABC9918E99D5: receive requestVote(s0, group-ABC9918E99D5, 1, (t:0, i:0))
2019-09-24 16:04:52,396 INFO  impl.RoleInfo (RoleInfo.java:shutdownFollowerState(121)) - s3: shutdown FollowerState
2019-09-24 16:04:52,396 DEBUG impl.RaftServerImpl (RaftServerImpl.java:requestVote(743)) - s3@group-ABC9918E99D5: receive requestVote(s0, group-ABC9918E99D5, 1, (t:0, i:0))
2019-09-24 16:04:52,396 DEBUG impl.RaftServerImpl (RaftServerImpl.java:requestVote(743)) - s0@group-ABC9918E99D5: receive requestVote(s1, group-ABC9918E99D5, 1, (t:0, i:0))
2019-09-24 16:04:52,395 INFO  impl.RaftServerImpl (RaftServerImpl.java:setRole(170)) - s2@group-ABC9918E99D5: changes role from  FOLLOWER to FOLLOWER at term 1 for recognizeCandidate:s1
2019-09-24 16:04:52,397 DEBUG impl.RaftServerImpl (RaftServerImpl.java:requestVote(775)) - s0@group-ABC9918E99D5 replies to vote request: s1<-s0#0:FAIL-t1. Peer's state: s0@group-ABC9918E99D5:t1, leader=null, voted=s0, raftlog=s0@group-ABC9918E99D5-SegmentedRaftLog:OPENED:c-1,f-1,i0, conf=-1: [s3:0.0.0.0:33150, s4:0.0.0.0:39003, s0:0.0.0.0:35997, s1:0.0.0.0:34886, s2:0.0.0.0:44071], old=null
2019-09-24 16:04:52,396 DEBUG impl.RaftServerImpl (RaftServerImpl.java:requestVote(743)) - s4@group-ABC9918E99D5: receive requestVote(s1, group-ABC9918E99D5, 1, (t:0, i:0))
2019-09-24 16:04:52,396 INFO  impl.FollowerState (FollowerState.java:run(117)) - s3@group-ABC9918E99D5-FollowerState was interrupted: java.lang.InterruptedException: sleep interrupted
2019-09-24 16:04:52,396 INFO  impl.RoleInfo (RoleInfo.java:updateAndGet(143)) - s3: start FollowerState
2019-09-24 16:04:52,396 INFO  impl.RaftServerImpl (RaftServerImpl.java:setRole(170)) - s4@group-ABC9918E99D5: changes role from  FOLLOWER to FOLLOWER at term 1 for recognizeCandidate:s0
2019-09-24 16:04:52,399 DEBUG impl.RaftServerImpl (RaftServerImpl.java:requestVote(743)) - s1@group-ABC9918E99D5: receive requestVote(s0, group-ABC9918E99D5, 1, (t:0, i:0))
2019-09-24 16:04:52,397 INFO  impl.RoleInfo (RoleInfo.java:shutdownFollowerState(121)) - s2: shutdown FollowerState
2019-09-24 16:04:52,401 DEBUG impl.RaftServerImpl (RaftServerImpl.java:requestVote(775)) - s1@group-ABC9918E99D5 replies to vote request: s0<-s1#0:FAIL-t1. Peer's state: s1@group-ABC9918E99D5:t1, leader=null, voted=s1, raftlog=s1@group-ABC9918E99D5-SegmentedRaftLog:OPENED:c-1,f-1,i0, conf=-1: [s3:0.0.0.0:33150, s4:0.0.0.0:39003, s0:0.0.0.0:35997, s1:0.0.0.0:34886, s2:0.0.0.0:44071], old=null
2019-09-24 16:04:52,400 INFO  impl.RoleInfo (RoleInfo.java:shutdownFollowerState(121)) - s4: shutdown FollowerState
2019-09-24 16:04:52,401 INFO  impl.FollowerState (FollowerState.java:run(117)) - s2@group-ABC9918E99D5-FollowerState was interrupted: java.lang.InterruptedException: sleep interrupted
2019-09-24 16:04:52,401 INFO  impl.RoleInfo (RoleInfo.java:updateAndGet(143)) - s2: start FollowerState
2019-09-24 16:04:52,401 INFO  impl.FollowerState (FollowerState.java:run(117)) - s4@group-ABC9918E99D5-FollowerState was interrupted: java.lang.InterruptedException: sleep interrupted
2019-09-24 16:04:52,401 INFO  impl.RoleInfo (RoleInfo.java:updateAndGet(143)) - s4: start FollowerState
2019-09-24 16:04:52,427 DEBUG impl.RaftServerImpl (RaftServerImpl.java:requestVote(775)) - s2@group-ABC9918E99D5 replies to vote request: s1<-s2#0:OK-t1. Peer's state: s2@group-ABC9918E99D5:t1, leader=null, voted=s1, raftlog=s2@group-ABC9918E99D5-SegmentedRaftLog:OPENED:c-1,f-1,i0, conf=-1: [s3:0.0.0.0:33150, s4:0.0.0.0:39003, s0:0.0.0.0:35997, s1:0.0.0.0:34886, s2:0.0.0.0:44071], old=null
2019-09-24 16:04:52,427 DEBUG impl.RaftServerImpl (RaftServerImpl.java:requestVote(775)) - s3@group-ABC9918E99D5 replies to vote request: s1<-s3#0:OK-t1. Peer's state: s3@group-ABC9918E99D5:t1, leader=null, voted=s1, raftlog=s3@group-ABC9918E99D5-SegmentedRaftLog:OPENED:c-1,f-1,i0, conf=-1: [s3:0.0.0.0:33150, s4:0.0.0.0:39003, s0:0.0.0.0:35997, s1:0.0.0.0:34886, s2:0.0.0.0:44071], old=null
2019-09-24 16:04:52,427 DEBUG impl.RaftServerImpl (RaftServerImpl.java:requestVote(775)) - s4@group-ABC9918E99D5 replies to vote request: s0<-s4#0:OK-t1. Peer's state: s4@group-ABC9918E99D5:t1, leader=null, voted=s0, raftlog=s4@group-ABC9918E99D5-SegmentedRaftLog:OPENED:c-1,f-1,i0, conf=-1: [s3:0.0.0.0:33150, s4:0.0.0.0:39003, s0:0.0.0.0:35997, s1:0.0.0.0:34886, s2:0.0.0.0:44071], old=null
2019-09-24 16:04:52,428 DEBUG impl.RaftServerImpl (RaftServerImpl.java:requestVote(775)) - s3@group-ABC9918E99D5 replies to vote request: s0<-s3#0:FAIL-t1. Peer's state: s3@group-ABC9918E99D5:t1, leader=null, voted=s1, raftlog=s3@group-ABC9918E99D5-SegmentedRaftLog:OPENED:c-1,f-1,i0, conf=-1: [s3:0.0.0.0:33150, s4:0.0.0.0:39003, s0:0.0.0.0:35997, s1:0.0.0.0:34886, s2:0.0.0.0:44071], old=null
2019-09-24 16:04:52,428 DEBUG impl.RaftServerImpl (RaftServerImpl.java:requestVote(775)) - s2@group-ABC9918E99D5 replies to vote request: s0<-s2#0:FAIL-t1. Peer's state: s2@group-ABC9918E99D5:t1, leader=null, voted=s1, raftlog=s2@group-ABC9918E99D5-SegmentedRaftLog:OPENED:c-1,f-1,i0, conf=-1: [s3:0.0.0.0:33150, s4:0.0.0.0:39003, s0:0.0.0.0:35997, s1:0.0.0.0:34886, s2:0.0.0.0:44071], old=null
2019-09-24 16:04:52,428 DEBUG impl.RaftServerImpl (RaftServerImpl.java:requestVote(775)) - s4@group-ABC9918E99D5 replies to vote request: s1<-s4#0:FAIL-t1. Peer's state: s4@group-ABC9918E99D5:t1, leader=null, voted=s0, raftlog=s4@group-ABC9918E99D5-SegmentedRaftLog:OPENED:c-1,f-1,i0, conf=-1: [s3:0.0.0.0:33150, s4:0.0.0.0:39003, s0:0.0.0.0:35997, s1:0.0.0.0:34886, s2:0.0.0.0:44071], old=null
2019-09-24 16:04:52,432 INFO  impl.LeaderElection (LeaderElection.java:logAndReturn(56)) - s0@group-ABC9918E99D5-LeaderElection20: Election REJECTED; received 4 response(s) [s0<-s3#0:FAIL-t1, s0<-s4#0:OK-t1, s0<-s1#0:FAIL-t1, s0<-s2#0:FAIL-t1] and 0 exception(s); s0@group-ABC9918E99D5:t1, leader=null, voted=s0, raftlog=s0@group-ABC9918E99D5-SegmentedRaftLog:OPENED:c-1,f-1,i0, conf=-1: [s3:0.0.0.0:33150, s4:0.0.0.0:39003, s0:0.0.0.0:35997, s1:0.0.0.0:34886, s2:0.0.0.0:44071], old=null
2019-09-24 16:04:52,432 INFO  impl.LeaderElection (LeaderElection.java:logAndReturn(56)) - s1@group-ABC9918E99D5-LeaderElection19: Election PASSED; received 3 response(s) [s1<-s3#0:OK-t1, s1<-s0#0:FAIL-t1, s1<-s2#0:OK-t1] and 0 exception(s); s1@group-ABC9918E99D5:t1, leader=null, voted=s1, raftlog=s1@group-ABC9918E99D5-SegmentedRaftLog:OPENED:c-1,f-1,i0, conf=-1: [s3:0.0.0.0:33150, s4:0.0.0.0:39003, s0:0.0.0.0:35997, s1:0.0.0.0:34886, s2:0.0.0.0:44071], old=null
2019-09-24 16:04:52,433 INFO  impl.RoleInfo (RoleInfo.java:shutdownLeaderElection(134)) - s1: shutdown LeaderElection
2019-09-24 16:04:52,433 INFO  impl.RaftServerImpl (RaftServerImpl.java:setRole(170)) - s0@group-ABC9918E99D5: changes role from CANDIDATE to FOLLOWER at term 1 for DISCOVERED_A_NEW_TERM
2019-09-24 16:04:52,433 INFO  impl.RaftServerImpl (RaftServerImpl.java:setRole(170)) - s1@group-ABC9918E99D5: changes role from CANDIDATE to LEADER at term 1 for changeToLeader
2019-09-24 16:04:52,434 INFO  impl.RoleInfo (RoleInfo.java:shutdownLeaderElection(134)) - s0: shutdown LeaderElection
2019-09-24 16:04:52,434 INFO  impl.RaftServerImpl (ServerState.java:setLeader(254)) - s1@group-ABC9918E99D5: change Leader from null to s1 at term 1 for becomeLeader, leader elected after 239ms
2019-09-24 16:04:52,434 INFO  impl.RoleInfo (RoleInfo.java:updateAndGet(143)) - s0: start FollowerState
2019-09-24 16:04:52,434 INFO  server.RaftServerConfigKeys (ConfUtils.java:logGet(43)) - raft.server.staging.catchup.gap = 1000 (default)
2019-09-24 16:04:52,434 INFO  server.RaftServerConfigKeys (ConfUtils.java:logGet(43)) - raft.server.rpc.sleep.time = 25ms (default)
2019-09-24 16:04:52,435 INFO  server.RaftServerConfigKeys (ConfUtils.java:logGet(43)) - raft.server.write.element-limit = 4096 (default)
2019-09-24 16:04:52,435 INFO  server.RaftServerConfigKeys (ConfUtils.java:logGet(43)) - raft.server.watch.timeout = 10s (default)
2019-09-24 16:04:52,435 INFO  server.RaftServerConfigKeys (ConfUtils.java:logGet(43)) - raft.server.watch.timeout.denomination = 1s (default)
2019-09-24 16:04:52,435 INFO  server.RaftServerConfigKeys (ConfUtils.java:logGet(43)) - raft.server.watch.element-limit = 65536 (default)
2019-09-24 16:04:52,437 INFO  server.RaftServerConfigKeys (ConfUtils.java:logGet(43)) - raft.server.log.appender.snapshot.chunk.size.max = 16MB (=16777216) (default)
2019-09-24 16:04:52,437 INFO  server.RaftServerConfigKeys (ConfUtils.java:logGet(43)) - raft.server.log.appender.buffer.byte-limit = 4MB (=4194304) (default)
2019-09-24 16:04:52,437 INFO  server.RaftServerConfigKeys (ConfUtils.java:logGet(43)) - raft.server.log.appender.buffer.element-limit = 0 (default)
2019-09-24 16:04:52,438 INFO  grpc.GrpcConfigKeys$Server (ConfUtils.java:logGet(43)) - raft.grpc.server.leader.outstanding.appends.max = 128 (default)
2019-09-24 16:04:52,438 INFO  server.RaftServerConfigKeys (ConfUtils.java:logGet(43)) - raft.server.rpc.request.timeout = 3000ms (default)
2019-09-24 16:04:52,438 INFO  server.RaftServerConfigKeys (ConfUtils.java:logGet(43)) - raft.server.log.appender.install.snapshot.enabled = true (default)
2019-09-24 16:04:52,438 INFO  server.RaftServerConfigKeys (ConfUtils.java:logGet(43)) - raft.server.log.appender.snapshot.chunk.size.max = 16MB (=16777216) (default)
2019-09-24 16:04:52,438 INFO  server.RaftServerConfigKeys (ConfUtils.java:logGet(43)) - raft.server.log.appender.buffer.byte-limit = 4MB (=4194304) (default)
2019-09-24 16:04:52,438 INFO  server.RaftServerConfigKeys (ConfUtils.java:logGet(43)) - raft.server.log.appender.buffer.element-limit = 0 (default)
2019-09-24 16:04:52,438 INFO  grpc.GrpcConfigKeys$Server (ConfUtils.java:logGet(43)) - raft.grpc.server.leader.outstanding.appends.max = 128 (default)
2019-09-24 16:04:52,439 INFO  server.RaftServerConfigKeys (ConfUtils.java:logGet(43)) - raft.server.rpc.request.timeout = 3000ms (default)
2019-09-24 16:04:52,439 INFO  server.RaftServerConfigKeys (ConfUtils.java:logGet(43)) - raft.server.log.appender.install.snapshot.enabled = true (default)
2019-09-24 16:04:52,439 INFO  server.RaftServerConfigKeys (ConfUtils.java:logGet(43)) - raft.server.log.appender.snapshot.chunk.size.max = 16MB (=16777216) (default)
2019-09-24 16:04:52,439 INFO  server.RaftServerConfigKeys (ConfUtils.java:logGet(43)) - raft.server.log.appender.buffer.byte-limit = 4MB (=4194304) (default)
2019-09-24 16:04:52,439 INFO  server.RaftServerConfigKeys (ConfUtils.java:logGet(43)) - raft.server.log.appender.buffer.element-limit = 0 (default)
2019-09-24 16:04:52,439 INFO  grpc.GrpcConfigKeys$Server (ConfUtils.java:logGet(43)) - raft.grpc.server.leader.outstanding.appends.max = 128 (default)
2019-09-24 16:04:52,439 INFO  server.RaftServerConfigKeys (ConfUtils.java:logGet(43)) - raft.server.rpc.request.timeout = 3000ms (default)
2019-09-24 16:04:52,440 INFO  server.RaftServerConfigKeys (ConfUtils.java:logGet(43)) - raft.server.log.appender.install.snapshot.enabled = true (default)
2019-09-24 16:04:52,440 INFO  server.RaftServerConfigKeys (ConfUtils.java:logGet(43)) - raft.server.log.appender.snapshot.chunk.size.max = 16MB (=16777216) (default)
2019-09-24 16:04:52,440 INFO  server.RaftServerConfigKeys (ConfUtils.java:logGet(43)) - raft.server.log.appender.buffer.byte-limit = 4MB (=4194304) (default)
2019-09-24 16:04:52,440 INFO  server.RaftServerConfigKeys (ConfUtils.java:logGet(43)) - raft.server.log.appender.buffer.element-limit = 0 (default)
2019-09-24 16:04:52,440 INFO  grpc.GrpcConfigKeys$Server (ConfUtils.java:logGet(43)) - raft.grpc.server.leader.outstanding.appends.max = 128 (default)
2019-09-24 16:04:52,440 INFO  server.RaftServerConfigKeys (ConfUtils.java:logGet(43)) - raft.server.rpc.request.timeout = 3000ms (default)
2019-09-24 16:04:52,440 INFO  server.RaftServerConfigKeys (ConfUtils.java:logGet(43)) - raft.server.log.appender.install.snapshot.enabled = true (default)
2019-09-24 16:04:52,441 INFO  impl.RoleInfo (RoleInfo.java:updateAndGet(143)) - s1: start LeaderState
2019-09-24 16:04:52,441 INFO  segmented.SegmentedRaftLogWorker (SegmentedRaftLogWorker.java:startLogSegment(380)) - s1@group-ABC9918E99D5-SegmentedRaftLogWorker: Starting segment from index:0
2019-09-24 16:04:52,442 INFO  impl.RaftServerImpl (ServerState.java:setRaftConf(355)) - s1@group-ABC9918E99D5: set configuration 0: [s3:0.0.0.0:33150, s4:0.0.0.0:39003, s0:0.0.0.0:35997, s1:0.0.0.0:34886, s2:0.0.0.0:44071], old=null at 0
2019-09-24 16:04:52,444 INFO  impl.RaftServerImpl (ServerState.java:setLeader(254)) - s2@group-ABC9918E99D5: change Leader from null to s1 at term 1 for appendEntries, leader elected after 199ms
2019-09-24 16:04:52,444 INFO  impl.RaftServerImpl (ServerState.java:setLeader(254)) - s4@group-ABC9918E99D5: change Leader from null to s1 at term 1 for appendEntries, leader elected after 107ms
2019-09-24 16:04:52,444 INFO  impl.RaftServerImpl (ServerState.java:setLeader(254)) - s3@group-ABC9918E99D5: change Leader from null to s1 at term 1 for appendEntries, leader elected after 147ms
2019-09-24 16:04:52,444 INFO  impl.RaftServerImpl (ServerState.java:setLeader(254)) - s0@group-ABC9918E99D5: change Leader from null to s1 at term 1 for appendEntries, leader elected after 303ms
2019-09-24 16:04:52,446 DEBUG impl.RaftServerImpl (RaftServerImpl.java:logAppendEntries(850)) - s4@group-ABC9918E99D5: receive appendEntries(s1, 1, null, -1, false, commits[s1:c-1, s3:c-1, s4:c-1, s0:c-1, s2:c-1], entries: (t:1, i:0), CONFIGURATIONENTRY
2019-09-24 16:04:52,446 DEBUG impl.RaftServerImpl (RaftServerImpl.java:logAppendEntries(850)) - s3@group-ABC9918E99D5: receive appendEntries(s1, 1, null, -1, false, commits[s1:c-1, s3:c-1, s4:c-1, s0:c-1, s2:c-1], entries: (t:1, i:0), CONFIGURATIONENTRY
2019-09-24 16:04:52,447 INFO  impl.RaftServerImpl (ServerState.java:setRaftConf(355)) - s4@group-ABC9918E99D5: set configuration 0: [s3:0.0.0.0:33150, s4:0.0.0.0:39003, s0:0.0.0.0:35997, s1:0.0.0.0:34886, s2:0.0.0.0:44071], old=null at 0
2019-09-24 16:04:52,446 DEBUG impl.RaftServerImpl (RaftServerImpl.java:logAppendEntries(850)) - s2@group-ABC9918E99D5: receive appendEntries(s1, 1, null, -1, false, commits[s1:c-1, s3:c-1, s4:c-1, s0:c-1, s2:c-1], entries: (t:1, i:0), CONFIGURATIONENTRY
2019-09-24 16:04:52,447 INFO  segmented.SegmentedRaftLogWorker (SegmentedRaftLogWorker.java:startLogSegment(380)) - s4@group-ABC9918E99D5-SegmentedRaftLogWorker: Starting segment from index:0
2019-09-24 16:04:52,447 INFO  impl.RaftServerImpl (ServerState.java:setRaftConf(355)) - s3@group-ABC9918E99D5: set configuration 0: [s3:0.0.0.0:33150, s4:0.0.0.0:39003, s0:0.0.0.0:35997, s1:0.0.0.0:34886, s2:0.0.0.0:44071], old=null at 0
2019-09-24 16:04:52,447 DEBUG impl.RaftServerImpl (RaftServerImpl.java:logAppendEntries(850)) - s0@group-ABC9918E99D5: receive appendEntries(s1, 1, null, -1, false, commits[s1:c-1, s3:c-1, s4:c-1, s0:c-1, s2:c-1], entries: (t:1, i:0), CONFIGURATIONENTRY
2019-09-24 16:04:52,447 INFO  segmented.SegmentedRaftLogWorker (SegmentedRaftLogWorker.java:startLogSegment(380)) - s3@group-ABC9918E99D5-SegmentedRaftLogWorker: Starting segment from index:0
2019-09-24 16:04:52,447 INFO  impl.RaftServerImpl (ServerState.java:setRaftConf(355)) - s2@group-ABC9918E99D5: set configuration 0: [s3:0.0.0.0:33150, s4:0.0.0.0:39003, s0:0.0.0.0:35997, s1:0.0.0.0:34886, s2:0.0.0.0:44071], old=null at 0
2019-09-24 16:04:52,448 INFO  impl.RaftServerImpl (ServerState.java:setRaftConf(355)) - s0@group-ABC9918E99D5: set configuration 0: [s3:0.0.0.0:33150, s4:0.0.0.0:39003, s0:0.0.0.0:35997, s1:0.0.0.0:34886, s2:0.0.0.0:44071], old=null at 0
2019-09-24 16:04:52,448 INFO  segmented.SegmentedRaftLogWorker (SegmentedRaftLogWorker.java:startLogSegment(380)) - s2@group-ABC9918E99D5-SegmentedRaftLogWorker: Starting segment from index:0
2019-09-24 16:04:52,448 INFO  segmented.SegmentedRaftLogWorker (SegmentedRaftLogWorker.java:startLogSegment(380)) - s0@group-ABC9918E99D5-SegmentedRaftLogWorker: Starting segment from index:0
2019-09-24 16:04:52,542 INFO  impl.FollowerState (FollowerState.java:run(108)) - s1@group-C767EAC39A60-FollowerState: change to CANDIDATE, lastRpcTime:249ms, electionTimeout:249ms
2019-09-24 16:04:52,542 INFO  impl.RoleInfo (RoleInfo.java:shutdownFollowerState(121)) - s1: shutdown FollowerState
2019-09-24 16:04:52,542 INFO  impl.RaftServerImpl (RaftServerImpl.java:setRole(170)) - s1@group-C767EAC39A60: changes role from  FOLLOWER to CANDIDATE at term 6 for changeToCandidate
2019-09-24 16:04:52,618 INFO  impl.RoleInfo (RoleInfo.java:updateAndGet(143)) - s1: start LeaderElection
2019-09-24 16:04:52,806 INFO  ratis.RaftTestUtil (RaftTestUtil.java:waitForLeader(101)) - printing group-ABC9918E99D5
  s3:  RUNNING [
   FOLLOWER s3@group-ABC9918E99D5:t1, leader=s1, voted=s1, raftlog=s3@group-ABC9918E99D5-SegmentedRaftLog:OPENED:c-1,f-1,i0, conf=0: [s3:0.0.0.0:33150, s4:0.0.0.0:39003, s0:0.0.0.0:35997, s1:0.0.0.0:34886, s2:0.0.0.0:44071], old=null RUNNING
   FOLLOWER s3@group-6A62D5A52E8A:t0, leader=null, voted=null, raftlog=s3@group-6A62D5A52E8A-SegmentedRaftLog:OPENED:c-1,f-1,i0, conf=-1: [], old=null STARTING] size=2
  s4:  RUNNING [
   FOLLOWER s4@group-ABC9918E99D5:t1, leader=s1, voted=s0, raftlog=s4@group-ABC9918E99D5-SegmentedRaftLog:OPENED:c-1,f-1,i0, conf=0: [s3:0.0.0.0:33150, s4:0.0.0.0:39003, s0:0.0.0.0:35997, s1:0.0.0.0:34886, s2:0.0.0.0:44071], old=null RUNNING
   FOLLOWER s4@group-6A62D5A52E8A:t0, leader=null, voted=null, raftlog=s4@group-6A62D5A52E8A-SegmentedRaftLog:OPENED:c-1,f-1,i0, conf=-1: [], old=null STARTING] size=2
  s0:  RUNNING [
   FOLLOWER s0@group-ABC9918E99D5:t1, leader=s1, voted=s0, raftlog=s0@group-ABC9918E99D5-SegmentedRaftLog:OPENED:c-1,f-1,i0, conf=0: [s3:0.0.0.0:33150, s4:0.0.0.0:39003, s0:0.0.0.0:35997, s1:0.0.0.0:34886, s2:0.0.0.0:44071], old=null RUNNING
   FOLLOWER s0@group-6A62D5A52E8A:t0, leader=null, voted=null, raftlog=s0@group-6A62D5A52E8A-SegmentedRaftLog:OPENED:c-1,f-1,i0, conf=-1: [], old=null STARTING] size=2
  s1:  RUNNING [
     LEADER s1@group-ABC9918E99D5:t1, leader=s1, voted=s1, raftlog=s1@group-ABC9918E99D5-SegmentedRaftLog:OPENED:c-1,f-1,i0, conf=0: [s3:0.0.0.0:33150, s4:0.0.0.0:39003, s0:0.0.0.0:35997, s1:0.0.0.0:34886, s2:0.0.0.0:44071], old=null RUNNING
   FOLLOWER s1@group-6A62D5A52E8A:t0, leader=null, voted=null, raftlog=s1@group-6A62D5A52E8A-SegmentedRaftLog:OPENED:c-1,f-1,i0, conf=-1: [], old=null STARTING] size=2
  s2:  RUNNING [
   FOLLOWER s2@group-ABC9918E99D5:t1, leader=s1, voted=s1, raftlog=s2@group-ABC9918E99D5-SegmentedRaftLog:OPENED:c-1,f-1,i0, conf=0: [s3:0.0.0.0:33150, s4:0.0.0.0:39003, s0:0.0.0.0:35997, s1:0.0.0.0:34886, s2:0.0.0.0:44071], old=null RUNNING
   FOLLOWER s2@group-6A62D5A52E8A:t0, leader=null, voted=null, raftlog=s2@group-6A62D5A52E8A-SegmentedRaftLog:OPENED:c-1,f-1,i0, conf=-1: [], old=null STARTING] size=2
2019-09-24 16:04:52,807 INFO  impl.GroupManagementBaseTest (GroupManagementBaseTest.java:runMultiGroupTest(169)) - 1) starting group-61569C945080:[s5:0.0.0.0:46326, s6:0.0.0.0:35788, s7:0.0.0.0:33307]
2019-09-24 16:04:52,807 DEBUG client.RaftClient (ConfUtils.java:logGet(43)) - raft.rpc.type = GRPC (default)
2019-09-24 16:04:52,808 DEBUG client.RaftClient (RaftClientImpl.java:sendRequest(275)) - client-16C6E13FADE9: send GroupManagementRequest:client-16C6E13FADE9->s5@group-61569C945080, cid=14, seq=0, RW, null, Add:group-61569C945080:[s5:0.0.0.0:46326, s6:0.0.0.0:35788, s7:0.0.0.0:33307]
2019-09-24 16:04:52,815 INFO  impl.RaftServerProxy (RaftServerProxy.java:addNew(89)) - s5: addNew group-61569C945080:[s5:0.0.0.0:46326, s6:0.0.0.0:35788, s7:0.0.0.0:33307] returns group-61569C945080:java.util.concurrent.CompletableFuture@6f547d02[Not completed]
2019-09-24 16:04:52,816 INFO  impl.RaftServerImpl (RaftServerImpl.java:<init>(95)) - s5: new RaftServerImpl for group-61569C945080:[s5:0.0.0.0:46326, s6:0.0.0.0:35788, s7:0.0.0.0:33307] with BaseStateMachine:uninitialized
2019-09-24 16:04:52,816 INFO  server.RaftServerConfigKeys (ConfUtils.java:logGet(43)) - raft.server.rpc.timeout.min = 150ms (default)
2019-09-24 16:04:52,817 INFO  server.RaftServerConfigKeys (ConfUtils.java:logGet(43)) - raft.server.rpc.timeout.max = 300ms (default)
2019-09-24 16:04:52,817 INFO  server.RaftServerConfigKeys (ConfUtils.java:logGet(43)) - raft.server.rpcslowness.timeout = 60s (default)
2019-09-24 16:04:52,817 INFO  server.RaftServerConfigKeys (ConfUtils.java:logGet(43)) - raft.server.sleep.deviation.threshold = 300 (default)
2019-09-24 16:04:52,817 INFO  server.RaftServerConfigKeys (ConfUtils.java:logGet(43)) - raft.server.log.appender.install.snapshot.enabled = true (default)
2019-09-24 16:04:52,817 INFO  impl.RaftServerImpl (ServerState.java:<init>(103)) - s5@group-61569C945080: ConfigurationManager, init=-1: [s5:0.0.0.0:46326, s6:0.0.0.0:35788, s7:0.0.0.0:33307], old=null, confs=<EMPTY_MAP>
2019-09-24 16:04:52,818 INFO  server.RaftServerConfigKeys (ConfUtils.java:logGet(43)) - raft.server.storage.dir = [/workdir/ratis-test/target/test/data/ca4e50c/MiniRaftClusterWithGrpc5faab8f6/s5] (custom)
2019-09-24 16:04:52,818 INFO  server.RaftServerConfigKeys (ConfUtils.java:logGet(43)) - raft.server.log.corruption.policy = EXCEPTION (default)
2019-09-24 16:04:52,818 INFO  storage.RaftStorageDirectory (RaftStorageDirectory.java:analyzeStorage(246)) - The storage directory /workdir/ratis-test/target/test/data/ca4e50c/MiniRaftClusterWithGrpc5faab8f6/s5/598b849c-d69f-48f3-9169-61569c945080 does not exist. Creating ...
2019-09-24 16:04:52,819 TRACE util.FileUtils (LogUtils.java:runAndLog(61)) - Successfully ran Files.createDirectories /workdir/ratis-test/target/test/data/ca4e50c/MiniRaftClusterWithGrpc5faab8f6/s5/598b849c-d69f-48f3-9169-61569c945080
2019-09-24 16:04:55,446 WARN  server.GrpcLogAppender (GrpcLogAppender.java:timeoutAppendRequest(200)) - s1@group-ABC9918E99D5->s4-GrpcLogAppender: appendEntries Timeout, request=s1->s4#1-t1, previous=(t:0, i:0), leaderCommit=-1, initializing? false, entries: size=1, first=(t:1, i:0), CONFIGURATIONENTRY
2019-09-24 16:04:55,446 WARN  server.GrpcLogAppender (GrpcLogAppender.java:timeoutAppendRequest(200)) - s1@group-ABC9918E99D5->s2-GrpcLogAppender: appendEntries Timeout, request=s1->s2#1-t1, previous=(t:0, i:0), leaderCommit=-1, initializing? false, entries: size=1, first=(t:1, i:0), CONFIGURATIONENTRY
2019-09-24 16:04:55,446 WARN  server.GrpcLogAppender (GrpcLogAppender.java:timeoutAppendRequest(200)) - s1@group-ABC9918E99D5->s3-GrpcLogAppender: appendEntries Timeout, request=s1->s3#1-t1, previous=(t:0, i:0), leaderCommit=-1, initializing? false, entries: size=1, first=(t:1, i:0), CONFIGURATIONENTRY
2019-09-24 16:04:55,447 WARN  server.GrpcLogAppender (GrpcLogAppender.java:timeoutAppendRequest(200)) - s1@group-ABC9918E99D5->s0-GrpcLogAppender: appendEntries Timeout, request=s1->s0#1-t1, previous=(t:0, i:0), leaderCommit=-1, initializing? false, entries: size=1, first=(t:1, i:0), CONFIGURATIONENTRY
2019-09-24 16:04:55,521 WARN  server.GrpcLogAppender (GrpcLogAppender.java:timeoutAppendRequest(200)) - s1@group-ABC9918E99D5->s4-GrpcLogAppender: appendEntries Timeout, request=s1->s4#2-t1, previous=(t:1, i:0), leaderCommit=-1, initializing? false, entries: <empty>
2019-09-24 16:04:55,522 WARN  server.GrpcLogAppender (GrpcLogAppender.java:timeoutAppendRequest(200)) - s1@group-ABC9918E99D5->s3-GrpcLogAppender: appendEntries Timeout, request=s1->s3#2-t1, previous=(t:1, i:0), leaderCommit=-1, initializing? false, entries: <empty>
2019-09-24 16:04:55,521 WARN  server.GrpcLogAppender (GrpcLogAppender.java:timeoutAppendRequest(200)) - s1@group-ABC9918E99D5->s2-GrpcLogAppender: appendEntries Timeout, request=s1->s2#2-t1, previous=(t:1, i:0), leaderCommit=-1, initializing? false, entries: <empty>
2019-09-24 16:04:55,522 WARN  server.GrpcLogAppender (GrpcLogAppender.java:timeoutAppendRequest(200)) - s1@group-ABC9918E99D5->s0-GrpcLogAppender: appendEntries Timeout, request=s1->s0#2-t1, previous=(t:1, i:0), leaderCommit=-1, initializing? false, entries: <empty>
2019-09-24 16:04:55,597 WARN  server.GrpcLogAppender (GrpcLogAppender.java:timeoutAppendRequest(200)) - s1@group-ABC9918E99D5->s4-GrpcLogAppender: appendEntries Timeout, request=s1->s4#3-t1, previous=(t:1, i:0), leaderCommit=-1, initializing? false, entries: <empty>
2019-09-24 16:04:55,597 WARN  server.GrpcLogAppender (GrpcLogAppender.java:timeoutAppendRequest(200)) - s1@group-ABC9918E99D5->s0-GrpcLogAppender: appendEntries Timeout, request=s1->s0#3-t1, previous=(t:1, i:0), leaderCommit=-1, initializing? false, entries: <empty>
2019-09-24 16:04:55,597 WARN  server.GrpcLogAppender (GrpcLogAppender.java:timeoutAppendRequest(200)) - s1@group-ABC9918E99D5->s3-GrpcLogAppender: appendEntries Timeout, request=s1->s3#3-t1, previous=(t:1, i:0), leaderCommit=-1, initializing? false, entries: <empty>
2019-09-24 16:04:55,597 WARN  server.GrpcLogAppender (GrpcLogAppender.java:timeoutAppendRequest(200)) - s1@group-ABC9918E99D5->s2-GrpcLogAppender: appendEntries Timeout, request=s1->s2#3-t1, previous=(t:1, i:0), leaderCommit=-1, initializing? false, entries: <empty>
2019-09-24 16:04:55,672 WARN  server.GrpcLogAppender (GrpcLogAppender.java:timeoutAppendRequest(200)) - s1@group-ABC9918E99D5->s2-GrpcLogAppender: appendEntries Timeout, request=s1->s2#4-t1, previous=(t:1, i:0), leaderCommit=-1, initializing? false, entries: <empty>
2019-09-24 16:04:55,672 WARN  server.GrpcLogAppender (GrpcLogAppender.java:timeoutAppendRequest(200)) - s1@group-ABC9918E99D5->s3-GrpcLogAppender: appendEntries Timeout, request=s1->s3#4-t1, previous=(t:1, i:0), leaderCommit=-1, initializing? false, entries: <empty>
2019-09-24 16:04:55,672 WARN  server.GrpcLogAppender (GrpcLogAppender.java:timeoutAppendRequest(200)) - s1@group-ABC9918E99D5->s0-GrpcLogAppender: appendEntries Timeout, request=s1->s0#4-t1, previous=(t:1, i:0), leaderCommit=-1, initializing? false, entries: <empty>
2019-09-24 16:04:55,672 WARN  server.GrpcLogAppender (GrpcLogAppender.java:timeoutAppendRequest(200)) - s1@group-ABC9918E99D5->s4-GrpcLogAppender: appendEntries Timeout, request=s1->s4#4-t1, previous=(t:1, i:0), leaderCommit=-1, initializing? false, entries: <empty>
2019-09-24 16:04:55,747 WARN  server.GrpcLogAppender (GrpcLogAppender.java:timeoutAppendRequest(200)) - s1@group-ABC9918E99D5->s2-GrpcLogAppender: appendEntries Timeout, request=s1->s2#5-t1, previous=(t:1, i:0), leaderCommit=-1, initializing? false, entries: <empty>
2019-09-24 16:04:55,747 WARN  server.GrpcLogAppender (GrpcLogAppender.java:timeoutAppendRequest(200)) - s1@group-ABC9918E99D5->s0-GrpcLogAppender: appendEntries Timeout, request=s1->s0#5-t1, previous=(t:1, i:0), leaderCommit=-1, initializing? false, entries: <empty>
2019-09-24 16:04:55,747 WARN  server.GrpcLogAppender (GrpcLogAppender.java:timeoutAppendRequest(200)) - s1@group-ABC9918E99D5->s3-GrpcLogAppender: appendEntries Timeout, request=s1->s3#5-t1, previous=(t:1, i:0), leaderCommit=-1, initializing? false, entries: <empty>
2019-09-24 16:04:55,747 WARN  server.GrpcLogAppender (GrpcLogAppender.java:timeoutAppendRequest(200)) - s1@group-ABC9918E99D5->s4-GrpcLogAppender: appendEntries Timeout, request=s1->s4#5-t1, previous=(t:1, i:0), leaderCommit=-1, initializing? false, entries: <empty>
2019-09-24 16:04:55,810 DEBUG client.RaftClient (RaftClientImpl.java:handleIOException(343)) - client-16C6E13FADE9: suggested new leader: null. Failed GroupManagementRequest:client-16C6E13FADE9->s5@group-61569C945080, cid=14, seq=0, RW, null, Add:group-61569C945080:[s5:0.0.0.0:46326, s6:0.0.0.0:35788, s7:0.0.0.0:33307] with org.apache.ratis.protocol.TimeoutIOException: deadline exceeded after 2999658671ns
2019-09-24 16:04:55,811 DEBUG client.RaftClient (RaftClientImpl.java:handleIOException(362)) - client-16C6E13FADE9: oldLeader=s5,  curLeader=s5, newLeader=null
]]></system-out>
  </testcase>
</testsuite>