<?xml version="1.0" encoding="UTF-8"?>
<testsuite xmlns:xsi="http://www.w3.org/2001/XMLSchema-instance" xsi:noNamespaceSchemaLocation="https://maven.apache.org/surefire/maven-surefire-plugin/xsd/surefire-test-report.xsd" name="org.apache.ratis.grpc.TestRaftOutputStreamWithGrpc" time="98.023" tests="4" errors="3" skipped="0" failures="0">
  <properties>
    <property name="awt.toolkit" value="sun.awt.X11.XToolkit"/>
    <property name="file.encoding.pkg" value="sun.io"/>
    <property name="java.specification.version" value="1.8"/>
    <property name="sun.cpu.isalist" value=""/>
    <property name="sun.jnu.encoding" value="UTF-8"/>
    <property name="java.class.path" value="/workdir/ratis-test/target/test-classes:/workdir/ratis-test/target/classes:/workdir/ratis-common/target/classes:/home/user/.m2/repository/org/apache/ratis/ratis-thirdparty-misc/0.2.0/ratis-thirdparty-misc-0.2.0.jar:/workdir/ratis-proto/target/ratis-proto-0.5.0-SNAPSHOT.jar:/home/user/.m2/repository/org/slf4j/slf4j-log4j12/1.7.10/slf4j-log4j12-1.7.10.jar:/home/user/.m2/repository/log4j/log4j/1.2.17/log4j-1.2.17.jar:/workdir/ratis-common/target/test-classes:/workdir/ratis-client/target/classes:/workdir/ratis-server/target/classes:/workdir/ratis-metrics/target/classes:/home/user/.m2/repository/io/dropwizard/metrics/metrics-core/3.2.5/metrics-core-3.2.5.jar:/home/user/.m2/repository/com/github/joshelser/dropwizard-metrics-hadoop-metrics2-reporter/0.1.2/dropwizard-metrics-hadoop-metrics2-reporter-0.1.2.jar:/home/user/.m2/repository/org/apache/hadoop/hadoop-common/2.6.0/hadoop-common-2.6.0.jar:/home/user/.m2/repository/org/apache/hadoop/hadoop-annotations/2.6.0/hadoop-annotations-2.6.0.jar:/usr/lib/jvm/java-1.8-openjdk/jre/../lib/tools.jar:/home/user/.m2/repository/com/google/guava/guava/11.0.2/guava-11.0.2.jar:/home/user/.m2/repository/commons-cli/commons-cli/1.2/commons-cli-1.2.jar:/home/user/.m2/repository/org/apache/commons/commons-math3/3.1.1/commons-math3-3.1.1.jar:/home/user/.m2/repository/xmlenc/xmlenc/0.52/xmlenc-0.52.jar:/home/user/.m2/repository/commons-httpclient/commons-httpclient/3.1/commons-httpclient-3.1.jar:/home/user/.m2/repository/commons-codec/commons-codec/1.4/commons-codec-1.4.jar:/home/user/.m2/repository/commons-io/commons-io/2.4/commons-io-2.4.jar:/home/user/.m2/repository/commons-net/commons-net/3.1/commons-net-3.1.jar:/home/user/.m2/repository/commons-collections/commons-collections/3.2.1/commons-collections-3.2.1.jar:/home/user/.m2/repository/javax/servlet/servlet-api/2.5/servlet-api-2.5.jar:/home/user/.m2/repository/org/mortbay/jetty/jetty/6.1.26/jetty-6.1.26.jar:/home/user/.m2/repository/org/mortbay/jetty/jetty-util/6.1.26/jetty-util-6.1.26.jar:/home/user/.m2/repository/com/sun/jersey/jersey-core/1.9/jersey-core-1.9.jar:/home/user/.m2/repository/com/sun/jersey/jersey-json/1.9/jersey-json-1.9.jar:/home/user/.m2/repository/org/codehaus/jettison/jettison/1.1/jettison-1.1.jar:/home/user/.m2/repository/com/sun/xml/bind/jaxb-impl/2.2.3-1/jaxb-impl-2.2.3-1.jar:/home/user/.m2/repository/javax/xml/bind/jaxb-api/2.2.2/jaxb-api-2.2.2.jar:/home/user/.m2/repository/javax/xml/stream/stax-api/1.0-2/stax-api-1.0-2.jar:/home/user/.m2/repository/javax/activation/activation/1.1/activation-1.1.jar:/home/user/.m2/repository/org/codehaus/jackson/jackson-jaxrs/1.8.3/jackson-jaxrs-1.8.3.jar:/home/user/.m2/repository/org/codehaus/jackson/jackson-xc/1.8.3/jackson-xc-1.8.3.jar:/home/user/.m2/repository/com/sun/jersey/jersey-server/1.9/jersey-server-1.9.jar:/home/user/.m2/repository/asm/asm/3.1/asm-3.1.jar:/home/user/.m2/repository/tomcat/jasper-compiler/5.5.23/jasper-compiler-5.5.23.jar:/home/user/.m2/repository/tomcat/jasper-runtime/5.5.23/jasper-runtime-5.5.23.jar:/home/user/.m2/repository/javax/servlet/jsp/jsp-api/2.1/jsp-api-2.1.jar:/home/user/.m2/repository/commons-el/commons-el/1.0/commons-el-1.0.jar:/home/user/.m2/repository/commons-logging/commons-logging/1.1.3/commons-logging-1.1.3.jar:/home/user/.m2/repository/net/java/dev/jets3t/jets3t/0.9.0/jets3t-0.9.0.jar:/home/user/.m2/repository/org/apache/httpcomponents/httpclient/4.1.2/httpclient-4.1.2.jar:/home/user/.m2/repository/org/apache/httpcomponents/httpcore/4.1.2/httpcore-4.1.2.jar:/home/user/.m2/repository/com/jamesmurty/utils/java-xmlbuilder/0.4/java-xmlbuilder-0.4.jar:/home/user/.m2/repository/commons-lang/commons-lang/2.6/commons-lang-2.6.jar:/home/user/.m2/repository/commons-configuration/commons-configuration/1.6/commons-configuration-1.6.jar:/home/user/.m2/repository/commons-digester/commons-digester/1.8/commons-digester-1.8.jar:/home/user/.m2/repository/commons-beanutils/commons-beanutils/1.7.0/commons-beanutils-1.7.0.jar:/home/user/.m2/repository/commons-beanutils/commons-beanutils-core/1.8.0/commons-beanutils-core-1.8.0.jar:/home/user/.m2/repository/org/codehaus/jackson/jackson-core-asl/1.9.13/jackson-core-asl-1.9.13.jar:/home/user/.m2/repository/org/codehaus/jackson/jackson-mapper-asl/1.9.13/jackson-mapper-asl-1.9.13.jar:/home/user/.m2/repository/org/apache/avro/avro/1.7.4/avro-1.7.4.jar:/home/user/.m2/repository/com/thoughtworks/paranamer/paranamer/2.3/paranamer-2.3.jar:/home/user/.m2/repository/org/xerial/snappy/snappy-java/1.0.4.1/snappy-java-1.0.4.1.jar:/home/user/.m2/repository/com/google/protobuf/protobuf-java/2.5.0/protobuf-java-2.5.0.jar:/home/user/.m2/repository/com/google/code/gson/gson/2.2.4/gson-2.2.4.jar:/home/user/.m2/repository/org/apache/hadoop/hadoop-auth/2.6.0/hadoop-auth-2.6.0.jar:/home/user/.m2/repository/org/apache/directory/server/apacheds-kerberos-codec/2.0.0-M15/apacheds-kerberos-codec-2.0.0-M15.jar:/home/user/.m2/repository/org/apache/directory/server/apacheds-i18n/2.0.0-M15/apacheds-i18n-2.0.0-M15.jar:/home/user/.m2/repository/org/apache/directory/api/api-asn1-api/1.0.0-M20/api-asn1-api-1.0.0-M20.jar:/home/user/.m2/repository/org/apache/directory/api/api-util/1.0.0-M20/api-util-1.0.0-M20.jar:/home/user/.m2/repository/org/apache/curator/curator-framework/2.6.0/curator-framework-2.6.0.jar:/home/user/.m2/repository/com/jcraft/jsch/0.1.42/jsch-0.1.42.jar:/home/user/.m2/repository/org/apache/curator/curator-client/2.6.0/curator-client-2.6.0.jar:/home/user/.m2/repository/org/apache/curator/curator-recipes/2.6.0/curator-recipes-2.6.0.jar:/home/user/.m2/repository/com/google/code/findbugs/jsr305/1.3.9/jsr305-1.3.9.jar:/home/user/.m2/repository/org/htrace/htrace-core/3.0.4/htrace-core-3.0.4.jar:/home/user/.m2/repository/org/apache/zookeeper/zookeeper/3.4.6/zookeeper-3.4.6.jar:/home/user/.m2/repository/io/netty/netty/3.7.0.Final/netty-3.7.0.Final.jar:/home/user/.m2/repository/org/apache/commons/commons-compress/1.4.1/commons-compress-1.4.1.jar:/home/user/.m2/repository/org/tukaani/xz/1.0/xz-1.0.jar:/home/user/.m2/repository/io/dropwizard/metrics/metrics-jvm/3.2.5/metrics-jvm-3.2.5.jar:/home/user/.m2/repository/io/dropwizard/metrics/metrics-ganglia/3.2.5/metrics-ganglia-3.2.5.jar:/home/user/.m2/repository/info/ganglia/gmetric4j/gmetric4j/1.0.7/gmetric4j-1.0.7.jar:/workdir/ratis-server/target/test-classes:/workdir/ratis-netty/target/classes:/workdir/ratis-netty/target/test-classes:/workdir/ratis-grpc/target/classes:/workdir/ratis-grpc/target/test-classes:/home/user/.m2/repository/org/slf4j/slf4j-api/1.7.10/slf4j-api-1.7.10.jar:/home/user/.m2/repository/junit/junit/4.12/junit-4.12.jar:/home/user/.m2/repository/org/hamcrest/hamcrest-core/1.3/hamcrest-core-1.3.jar:/home/user/.m2/repository/org/mockito/mockito-all/1.8.5/mockito-all-1.8.5.jar:"/>
    <property name="java.vm.vendor" value="IcedTea"/>
    <property name="sun.arch.data.model" value="64"/>
    <property name="java.vendor.url" value="https://icedtea.classpath.org"/>
    <property name="user.timezone" value=""/>
    <property name="java.vm.specification.version" value="1.8"/>
    <property name="os.name" value="Linux"/>
    <property name="user.country" value="US"/>
    <property name="sun.java.launcher" value="SUN_STANDARD"/>
    <property name="sun.boot.library.path" value="/usr/lib/jvm/java-1.8-openjdk/jre/lib/amd64"/>
    <property name="sun.java.command" value="/workdir/ratis-test/target/surefire/surefirebooter5389709027755886336.jar /workdir/ratis-test/target/surefire 2019-09-24T16-02-41_483-jvmRun1 surefire8947411471322613534tmp surefire_166377205899011127005tmp"/>
    <property name="surefire.test.class.path" value="/workdir/ratis-test/target/test-classes:/workdir/ratis-test/target/classes:/workdir/ratis-common/target/classes:/home/user/.m2/repository/org/apache/ratis/ratis-thirdparty-misc/0.2.0/ratis-thirdparty-misc-0.2.0.jar:/workdir/ratis-proto/target/ratis-proto-0.5.0-SNAPSHOT.jar:/home/user/.m2/repository/org/slf4j/slf4j-log4j12/1.7.10/slf4j-log4j12-1.7.10.jar:/home/user/.m2/repository/log4j/log4j/1.2.17/log4j-1.2.17.jar:/workdir/ratis-common/target/test-classes:/workdir/ratis-client/target/classes:/workdir/ratis-server/target/classes:/workdir/ratis-metrics/target/classes:/home/user/.m2/repository/io/dropwizard/metrics/metrics-core/3.2.5/metrics-core-3.2.5.jar:/home/user/.m2/repository/com/github/joshelser/dropwizard-metrics-hadoop-metrics2-reporter/0.1.2/dropwizard-metrics-hadoop-metrics2-reporter-0.1.2.jar:/home/user/.m2/repository/org/apache/hadoop/hadoop-common/2.6.0/hadoop-common-2.6.0.jar:/home/user/.m2/repository/org/apache/hadoop/hadoop-annotations/2.6.0/hadoop-annotations-2.6.0.jar:/usr/lib/jvm/java-1.8-openjdk/jre/../lib/tools.jar:/home/user/.m2/repository/com/google/guava/guava/11.0.2/guava-11.0.2.jar:/home/user/.m2/repository/commons-cli/commons-cli/1.2/commons-cli-1.2.jar:/home/user/.m2/repository/org/apache/commons/commons-math3/3.1.1/commons-math3-3.1.1.jar:/home/user/.m2/repository/xmlenc/xmlenc/0.52/xmlenc-0.52.jar:/home/user/.m2/repository/commons-httpclient/commons-httpclient/3.1/commons-httpclient-3.1.jar:/home/user/.m2/repository/commons-codec/commons-codec/1.4/commons-codec-1.4.jar:/home/user/.m2/repository/commons-io/commons-io/2.4/commons-io-2.4.jar:/home/user/.m2/repository/commons-net/commons-net/3.1/commons-net-3.1.jar:/home/user/.m2/repository/commons-collections/commons-collections/3.2.1/commons-collections-3.2.1.jar:/home/user/.m2/repository/javax/servlet/servlet-api/2.5/servlet-api-2.5.jar:/home/user/.m2/repository/org/mortbay/jetty/jetty/6.1.26/jetty-6.1.26.jar:/home/user/.m2/repository/org/mortbay/jetty/jetty-util/6.1.26/jetty-util-6.1.26.jar:/home/user/.m2/repository/com/sun/jersey/jersey-core/1.9/jersey-core-1.9.jar:/home/user/.m2/repository/com/sun/jersey/jersey-json/1.9/jersey-json-1.9.jar:/home/user/.m2/repository/org/codehaus/jettison/jettison/1.1/jettison-1.1.jar:/home/user/.m2/repository/com/sun/xml/bind/jaxb-impl/2.2.3-1/jaxb-impl-2.2.3-1.jar:/home/user/.m2/repository/javax/xml/bind/jaxb-api/2.2.2/jaxb-api-2.2.2.jar:/home/user/.m2/repository/javax/xml/stream/stax-api/1.0-2/stax-api-1.0-2.jar:/home/user/.m2/repository/javax/activation/activation/1.1/activation-1.1.jar:/home/user/.m2/repository/org/codehaus/jackson/jackson-jaxrs/1.8.3/jackson-jaxrs-1.8.3.jar:/home/user/.m2/repository/org/codehaus/jackson/jackson-xc/1.8.3/jackson-xc-1.8.3.jar:/home/user/.m2/repository/com/sun/jersey/jersey-server/1.9/jersey-server-1.9.jar:/home/user/.m2/repository/asm/asm/3.1/asm-3.1.jar:/home/user/.m2/repository/tomcat/jasper-compiler/5.5.23/jasper-compiler-5.5.23.jar:/home/user/.m2/repository/tomcat/jasper-runtime/5.5.23/jasper-runtime-5.5.23.jar:/home/user/.m2/repository/javax/servlet/jsp/jsp-api/2.1/jsp-api-2.1.jar:/home/user/.m2/repository/commons-el/commons-el/1.0/commons-el-1.0.jar:/home/user/.m2/repository/commons-logging/commons-logging/1.1.3/commons-logging-1.1.3.jar:/home/user/.m2/repository/net/java/dev/jets3t/jets3t/0.9.0/jets3t-0.9.0.jar:/home/user/.m2/repository/org/apache/httpcomponents/httpclient/4.1.2/httpclient-4.1.2.jar:/home/user/.m2/repository/org/apache/httpcomponents/httpcore/4.1.2/httpcore-4.1.2.jar:/home/user/.m2/repository/com/jamesmurty/utils/java-xmlbuilder/0.4/java-xmlbuilder-0.4.jar:/home/user/.m2/repository/commons-lang/commons-lang/2.6/commons-lang-2.6.jar:/home/user/.m2/repository/commons-configuration/commons-configuration/1.6/commons-configuration-1.6.jar:/home/user/.m2/repository/commons-digester/commons-digester/1.8/commons-digester-1.8.jar:/home/user/.m2/repository/commons-beanutils/commons-beanutils/1.7.0/commons-beanutils-1.7.0.jar:/home/user/.m2/repository/commons-beanutils/commons-beanutils-core/1.8.0/commons-beanutils-core-1.8.0.jar:/home/user/.m2/repository/org/codehaus/jackson/jackson-core-asl/1.9.13/jackson-core-asl-1.9.13.jar:/home/user/.m2/repository/org/codehaus/jackson/jackson-mapper-asl/1.9.13/jackson-mapper-asl-1.9.13.jar:/home/user/.m2/repository/org/apache/avro/avro/1.7.4/avro-1.7.4.jar:/home/user/.m2/repository/com/thoughtworks/paranamer/paranamer/2.3/paranamer-2.3.jar:/home/user/.m2/repository/org/xerial/snappy/snappy-java/1.0.4.1/snappy-java-1.0.4.1.jar:/home/user/.m2/repository/com/google/protobuf/protobuf-java/2.5.0/protobuf-java-2.5.0.jar:/home/user/.m2/repository/com/google/code/gson/gson/2.2.4/gson-2.2.4.jar:/home/user/.m2/repository/org/apache/hadoop/hadoop-auth/2.6.0/hadoop-auth-2.6.0.jar:/home/user/.m2/repository/org/apache/directory/server/apacheds-kerberos-codec/2.0.0-M15/apacheds-kerberos-codec-2.0.0-M15.jar:/home/user/.m2/repository/org/apache/directory/server/apacheds-i18n/2.0.0-M15/apacheds-i18n-2.0.0-M15.jar:/home/user/.m2/repository/org/apache/directory/api/api-asn1-api/1.0.0-M20/api-asn1-api-1.0.0-M20.jar:/home/user/.m2/repository/org/apache/directory/api/api-util/1.0.0-M20/api-util-1.0.0-M20.jar:/home/user/.m2/repository/org/apache/curator/curator-framework/2.6.0/curator-framework-2.6.0.jar:/home/user/.m2/repository/com/jcraft/jsch/0.1.42/jsch-0.1.42.jar:/home/user/.m2/repository/org/apache/curator/curator-client/2.6.0/curator-client-2.6.0.jar:/home/user/.m2/repository/org/apache/curator/curator-recipes/2.6.0/curator-recipes-2.6.0.jar:/home/user/.m2/repository/com/google/code/findbugs/jsr305/1.3.9/jsr305-1.3.9.jar:/home/user/.m2/repository/org/htrace/htrace-core/3.0.4/htrace-core-3.0.4.jar:/home/user/.m2/repository/org/apache/zookeeper/zookeeper/3.4.6/zookeeper-3.4.6.jar:/home/user/.m2/repository/io/netty/netty/3.7.0.Final/netty-3.7.0.Final.jar:/home/user/.m2/repository/org/apache/commons/commons-compress/1.4.1/commons-compress-1.4.1.jar:/home/user/.m2/repository/org/tukaani/xz/1.0/xz-1.0.jar:/home/user/.m2/repository/io/dropwizard/metrics/metrics-jvm/3.2.5/metrics-jvm-3.2.5.jar:/home/user/.m2/repository/io/dropwizard/metrics/metrics-ganglia/3.2.5/metrics-ganglia-3.2.5.jar:/home/user/.m2/repository/info/ganglia/gmetric4j/gmetric4j/1.0.7/gmetric4j-1.0.7.jar:/workdir/ratis-server/target/test-classes:/workdir/ratis-netty/target/classes:/workdir/ratis-netty/target/test-classes:/workdir/ratis-grpc/target/classes:/workdir/ratis-grpc/target/test-classes:/home/user/.m2/repository/org/slf4j/slf4j-api/1.7.10/slf4j-api-1.7.10.jar:/home/user/.m2/repository/junit/junit/4.12/junit-4.12.jar:/home/user/.m2/repository/org/hamcrest/hamcrest-core/1.3/hamcrest-core-1.3.jar:/home/user/.m2/repository/org/mockito/mockito-all/1.8.5/mockito-all-1.8.5.jar:"/>
    <property name="sun.cpu.endian" value="little"/>
    <property name="user.home" value="/home/user"/>
    <property name="user.language" value="en"/>
    <property name="java.specification.vendor" value="Oracle Corporation"/>
    <property name="java.home" value="/usr/lib/jvm/java-1.8-openjdk/jre"/>
    <property name="basedir" value="/workdir/ratis-test"/>
    <property name="file.separator" value="/"/>
    <property name="line.separator" value="&#10;"/>
    <property name="java.vm.specification.vendor" value="Oracle Corporation"/>
    <property name="java.specification.name" value="Java Platform API Specification"/>
    <property name="java.awt.graphicsenv" value="sun.awt.X11GraphicsEnvironment"/>
    <property name="surefire.real.class.path" value="/workdir/ratis-test/target/surefire/surefirebooter5389709027755886336.jar"/>
    <property name="sun.boot.class.path" value="/usr/lib/jvm/java-1.8-openjdk/jre/lib/resources.jar:/usr/lib/jvm/java-1.8-openjdk/jre/lib/rt.jar:/usr/lib/jvm/java-1.8-openjdk/jre/lib/sunrsasign.jar:/usr/lib/jvm/java-1.8-openjdk/jre/lib/jsse.jar:/usr/lib/jvm/java-1.8-openjdk/jre/lib/jce.jar:/usr/lib/jvm/java-1.8-openjdk/jre/lib/charsets.jar:/usr/lib/jvm/java-1.8-openjdk/jre/lib/jfr.jar:/usr/lib/jvm/java-1.8-openjdk/jre/classes"/>
    <property name="sun.management.compiler" value="HotSpot 64-Bit Tiered Compilers"/>
    <property name="java.runtime.version" value="1.8.0_212-b04"/>
    <property name="java.net.preferIPv4Stack" value="true"/>
    <property name="user.name" value="jenkins1000"/>
    <property name="path.separator" value=":"/>
    <property name="os.version" value="3.10.0-957.12.2.el7.x86_64"/>
    <property name="java.endorsed.dirs" value="/usr/lib/jvm/java-1.8-openjdk/jre/lib/endorsed"/>
    <property name="java.runtime.name" value="OpenJDK Runtime Environment"/>
    <property name="file.encoding" value="UTF-8"/>
    <property name="java.vm.name" value="OpenJDK 64-Bit Server VM"/>
    <property name="localRepository" value="/home/user/.m2/repository"/>
    <property name="java.vendor.url.bug" value="https://icedtea.classpath.org/bugzilla"/>
    <property name="java.io.tmpdir" value="/tmp"/>
    <property name="java.version" value="1.8.0_212"/>
    <property name="user.dir" value="/workdir/ratis-test"/>
    <property name="os.arch" value="amd64"/>
    <property name="ratis.tmp.dir" value="/workdir/ratis-test/target/tmp"/>
    <property name="java.vm.specification.name" value="Java Virtual Machine Specification"/>
    <property name="java.awt.printerjob" value="sun.print.PSPrinterJob"/>
    <property name="ratis.log.dir" value="/workdir/ratis-test/target/log"/>
    <property name="sun.os.patch.level" value="unknown"/>
    <property name="java.library.path" value="/usr/lib/jvm/java-1.8-openjdk/jre/lib/amd64/server:/usr/lib/jvm/java-1.8-openjdk/jre/lib/amd64:/usr/lib/jvm/java-1.8-openjdk/jre/../lib/amd64:/usr/java/packages/lib/amd64:/usr/lib64:/lib64:/lib:/usr/lib"/>
    <property name="java.vm.info" value="mixed mode"/>
    <property name="java.vendor" value="IcedTea"/>
    <property name="java.vm.version" value="25.212-b04"/>
    <property name="java.ext.dirs" value="/usr/lib/jvm/java-1.8-openjdk/jre/lib/ext:/usr/java/packages/lib/ext"/>
    <property name="sun.io.unicode.encoding" value="UnicodeLittle"/>
    <property name="java.class.version" value="52.0"/>
  </properties>
  <testcase name="testSimpleWrite" classname="org.apache.ratis.grpc.TestRaftOutputStreamWithGrpc" time="30.016">
    <error message="test timed out after 30 seconds" type="org.junit.runners.model.TestTimedOutException">org.junit.runners.model.TestTimedOutException: test timed out after 30 seconds
</error>
    <system-out><![CDATA[2019-09-24 16:16:12,824 INFO  util.LogUtils (LogUtils.java:setLogLevel(41)) - Set org.apache.ratis.conf.ConfUtils log level to WARN
2019-09-24 16:16:12,827 INFO  util.LogUtils (LogUtils.java:setLogLevel(41)) - Set org.apache.ratis.util.FileUtils log level to TRACE
2019-09-24 16:16:12,836 INFO  util.LogUtils (LogUtils.java:setLogLevel(41)) - Set org.apache.ratis.grpc.client.GrpcClientProtocolService log level to TRACE
2019-09-24 16:16:12,849 INFO  ratis.MiniRaftCluster (MiniRaftCluster.java:runWithNewCluster(119)) - Running runWithNewCluster
2019-09-24 16:16:12,923 INFO  ratis.MiniRaftCluster (MiniRaftCluster.java:<init>(253)) - new MiniRaftClusterWithGrpc with group-5C26748AB2B1:[s0:0.0.0.0:36823, s1:0.0.0.0:40855, s2:0.0.0.0:34862]
2019-09-24 16:16:12,924 INFO  ratis.MiniRaftCluster (MiniRaftCluster.java:start(287)) - .............................................................. 
2019-09-24 16:16:12,924 INFO  ratis.MiniRaftCluster (MiniRaftCluster.java:start(288)) - ... 
2019-09-24 16:16:12,924 INFO  ratis.MiniRaftCluster (MiniRaftCluster.java:start(289)) - ...     Starting MiniRaftClusterWithGrpc
2019-09-24 16:16:12,924 INFO  ratis.MiniRaftCluster (MiniRaftCluster.java:start(290)) - ... 
2019-09-24 16:16:12,925 INFO  ratis.MiniRaftCluster (MiniRaftCluster.java:start(291)) - .............................................................. 
2019-09-24 16:16:12,925 INFO  ratis.MiniRaftCluster (MiniRaftCluster.java:initServers(265)) - servers = {}
2019-09-24 16:16:12,935 INFO  ratis.MiniRaftCluster (MiniRaftCluster.java:newRaftServer(330)) - newRaftServer: s0, group-5C26748AB2B1:[s0:0.0.0.0:36823, s1:0.0.0.0:40855, s2:0.0.0.0:34862], format? true
2019-09-24 16:16:12,938 TRACE util.FileUtils (FileUtils.java:deleteFully(88)) - deleteFully target/test/data/9f1a7c06/MiniRaftClusterWithGrpcfb8a2ce7/s0
2019-09-24 16:16:12,945 TRACE util.FileUtils (FileUtils.java:deleteFully(104)) - deleteFully: target/test/data/9f1a7c06/MiniRaftClusterWithGrpcfb8a2ce7/s0 does not exist.
2019-09-24 16:16:12,945 INFO  ratis.MiniRaftCluster (MiniRaftCluster.java:newRaftServer(335)) - Formatted directory target/test/data/9f1a7c06/MiniRaftClusterWithGrpcfb8a2ce7/s0
2019-09-24 16:16:12,960 INFO  impl.RaftServerProxy (ConfUtils.java:logGet(43)) - raft.rpc.type = GRPC (default)
2019-09-24 16:16:13,034 INFO  grpc.GrpcFactory (GrpcFactory.java:checkPooledByteBufAllocatorUseCacheForAllThreads(45)) - PERFORMANCE WARNING: useCacheForAllThreads is true that may cause Netty to create a lot garbage objects and, as a result, trigger GC.
	It is recommended to disable useCacheForAllThreads by setting -Dorg.apache.ratis.thirdparty.io.netty.allocator.useCacheForAllThreads=false in command line.
2019-09-24 16:16:13,038 INFO  grpc.GrpcConfigKeys$Server (ConfUtils.java:logGet(43)) - raft.grpc.server.port = 36823 (custom)
2019-09-24 16:16:13,040 INFO  server.GrpcService (ConfUtils.java:logGet(43)) - raft.grpc.message.size.max = 64MB (=67108864) (default)
2019-09-24 16:16:13,044 INFO  server.RaftServerConfigKeys (ConfUtils.java:logGet(43)) - raft.server.log.appender.buffer.byte-limit = 4MB (=4194304) (default)
2019-09-24 16:16:13,044 INFO  server.GrpcService (ConfUtils.java:logGet(43)) - raft.grpc.flow.control.window = 1MB (=1048576) (default)
2019-09-24 16:16:13,049 INFO  server.RaftServerConfigKeys (ConfUtils.java:logGet(43)) - raft.server.rpc.request.timeout = 3000ms (default)
2019-09-24 16:16:13,225 INFO  server.RaftServerConfigKeys (ConfUtils.java:logGet(43)) - raft.server.storage.dir = [/workdir/ratis-test/target/test/data/9f1a7c06/MiniRaftClusterWithGrpcfb8a2ce7/s0] (custom)
2019-09-24 16:16:13,241 INFO  impl.RaftServerProxy (RaftServerProxy.java:addNew(89)) - s0: addNew group-5C26748AB2B1:[s0:0.0.0.0:36823, s1:0.0.0.0:40855, s2:0.0.0.0:34862] returns group-5C26748AB2B1:java.util.concurrent.CompletableFuture@1fa421d5[Not completed]
2019-09-24 16:16:13,242 INFO  ratis.MiniRaftCluster (MiniRaftCluster.java:newRaftServer(330)) - newRaftServer: s1, group-5C26748AB2B1:[s0:0.0.0.0:36823, s1:0.0.0.0:40855, s2:0.0.0.0:34862], format? true
2019-09-24 16:16:13,242 TRACE util.FileUtils (FileUtils.java:deleteFully(88)) - deleteFully target/test/data/9f1a7c06/MiniRaftClusterWithGrpcfb8a2ce7/s1
2019-09-24 16:16:13,243 TRACE util.FileUtils (FileUtils.java:deleteFully(104)) - deleteFully: target/test/data/9f1a7c06/MiniRaftClusterWithGrpcfb8a2ce7/s1 does not exist.
2019-09-24 16:16:13,243 INFO  ratis.MiniRaftCluster (MiniRaftCluster.java:newRaftServer(335)) - Formatted directory target/test/data/9f1a7c06/MiniRaftClusterWithGrpcfb8a2ce7/s1
2019-09-24 16:16:13,244 INFO  impl.RaftServerProxy (ConfUtils.java:logGet(43)) - raft.rpc.type = GRPC (default)
2019-09-24 16:16:13,244 INFO  grpc.GrpcFactory (GrpcFactory.java:checkPooledByteBufAllocatorUseCacheForAllThreads(45)) - PERFORMANCE WARNING: useCacheForAllThreads is true that may cause Netty to create a lot garbage objects and, as a result, trigger GC.
	It is recommended to disable useCacheForAllThreads by setting -Dorg.apache.ratis.thirdparty.io.netty.allocator.useCacheForAllThreads=false in command line.
2019-09-24 16:16:13,245 INFO  grpc.GrpcConfigKeys$Server (ConfUtils.java:logGet(43)) - raft.grpc.server.port = 40855 (custom)
2019-09-24 16:16:13,245 INFO  server.GrpcService (ConfUtils.java:logGet(43)) - raft.grpc.message.size.max = 64MB (=67108864) (default)
2019-09-24 16:16:13,246 INFO  server.RaftServerConfigKeys (ConfUtils.java:logGet(43)) - raft.server.log.appender.buffer.byte-limit = 4MB (=4194304) (default)
2019-09-24 16:16:13,246 INFO  server.GrpcService (ConfUtils.java:logGet(43)) - raft.grpc.flow.control.window = 1MB (=1048576) (default)
2019-09-24 16:16:13,247 INFO  server.RaftServerConfigKeys (ConfUtils.java:logGet(43)) - raft.server.rpc.request.timeout = 3000ms (default)
2019-09-24 16:16:13,248 INFO  server.RaftServerConfigKeys (ConfUtils.java:logGet(43)) - raft.server.storage.dir = [/workdir/ratis-test/target/test/data/9f1a7c06/MiniRaftClusterWithGrpcfb8a2ce7/s1] (custom)
2019-09-24 16:16:13,249 INFO  impl.RaftServerProxy (RaftServerProxy.java:addNew(89)) - s1: addNew group-5C26748AB2B1:[s0:0.0.0.0:36823, s1:0.0.0.0:40855, s2:0.0.0.0:34862] returns group-5C26748AB2B1:java.util.concurrent.CompletableFuture@72c4e183[Not completed]
2019-09-24 16:16:13,249 INFO  ratis.MiniRaftCluster (MiniRaftCluster.java:newRaftServer(330)) - newRaftServer: s2, group-5C26748AB2B1:[s0:0.0.0.0:36823, s1:0.0.0.0:40855, s2:0.0.0.0:34862], format? true
2019-09-24 16:16:13,249 TRACE util.FileUtils (FileUtils.java:deleteFully(88)) - deleteFully target/test/data/9f1a7c06/MiniRaftClusterWithGrpcfb8a2ce7/s2
2019-09-24 16:16:13,250 TRACE util.FileUtils (FileUtils.java:deleteFully(104)) - deleteFully: target/test/data/9f1a7c06/MiniRaftClusterWithGrpcfb8a2ce7/s2 does not exist.
2019-09-24 16:16:13,250 INFO  ratis.MiniRaftCluster (MiniRaftCluster.java:newRaftServer(335)) - Formatted directory target/test/data/9f1a7c06/MiniRaftClusterWithGrpcfb8a2ce7/s2
2019-09-24 16:16:13,251 INFO  impl.RaftServerProxy (ConfUtils.java:logGet(43)) - raft.rpc.type = GRPC (default)
2019-09-24 16:16:13,251 INFO  grpc.GrpcFactory (GrpcFactory.java:checkPooledByteBufAllocatorUseCacheForAllThreads(45)) - PERFORMANCE WARNING: useCacheForAllThreads is true that may cause Netty to create a lot garbage objects and, as a result, trigger GC.
	It is recommended to disable useCacheForAllThreads by setting -Dorg.apache.ratis.thirdparty.io.netty.allocator.useCacheForAllThreads=false in command line.
2019-09-24 16:16:13,252 INFO  grpc.GrpcConfigKeys$Server (ConfUtils.java:logGet(43)) - raft.grpc.server.port = 34862 (custom)
2019-09-24 16:16:13,252 INFO  server.GrpcService (ConfUtils.java:logGet(43)) - raft.grpc.message.size.max = 64MB (=67108864) (default)
2019-09-24 16:16:13,253 INFO  server.RaftServerConfigKeys (ConfUtils.java:logGet(43)) - raft.server.log.appender.buffer.byte-limit = 4MB (=4194304) (default)
2019-09-24 16:16:13,253 INFO  server.GrpcService (ConfUtils.java:logGet(43)) - raft.grpc.flow.control.window = 1MB (=1048576) (default)
2019-09-24 16:16:13,254 INFO  server.RaftServerConfigKeys (ConfUtils.java:logGet(43)) - raft.server.rpc.request.timeout = 3000ms (default)
2019-09-24 16:16:13,255 INFO  server.RaftServerConfigKeys (ConfUtils.java:logGet(43)) - raft.server.storage.dir = [/workdir/ratis-test/target/test/data/9f1a7c06/MiniRaftClusterWithGrpcfb8a2ce7/s2] (custom)
2019-09-24 16:16:13,255 INFO  impl.RaftServerProxy (RaftServerProxy.java:addNew(89)) - s2: addNew group-5C26748AB2B1:[s0:0.0.0.0:36823, s1:0.0.0.0:40855, s2:0.0.0.0:34862] returns group-5C26748AB2B1:java.util.concurrent.CompletableFuture@2c95b50[Not completed]
2019-09-24 16:16:13,258 INFO  impl.RaftServerImpl (RaftServerImpl.java:<init>(95)) - s2: new RaftServerImpl for group-5C26748AB2B1:[s0:0.0.0.0:36823, s1:0.0.0.0:40855, s2:0.0.0.0:34862] with BaseStateMachine:uninitialized
2019-09-24 16:16:13,258 INFO  impl.RaftServerImpl (RaftServerImpl.java:<init>(95)) - s0: new RaftServerImpl for group-5C26748AB2B1:[s0:0.0.0.0:36823, s1:0.0.0.0:40855, s2:0.0.0.0:34862] with BaseStateMachine:uninitialized
2019-09-24 16:16:13,258 INFO  impl.RaftServerImpl (RaftServerImpl.java:<init>(95)) - s1: new RaftServerImpl for group-5C26748AB2B1:[s0:0.0.0.0:36823, s1:0.0.0.0:40855, s2:0.0.0.0:34862] with BaseStateMachine:uninitialized
2019-09-24 16:16:13,260 INFO  server.RaftServerConfigKeys (ConfUtils.java:logGet(43)) - raft.server.rpc.timeout.min = 150ms (default)
2019-09-24 16:16:13,260 INFO  server.RaftServerConfigKeys (ConfUtils.java:logGet(43)) - raft.server.rpc.timeout.min = 150ms (default)
2019-09-24 16:16:13,260 INFO  server.RaftServerConfigKeys (ConfUtils.java:logGet(43)) - raft.server.rpc.timeout.min = 150ms (default)
2019-09-24 16:16:13,260 INFO  server.RaftServerConfigKeys (ConfUtils.java:logGet(43)) - raft.server.rpc.timeout.max = 300ms (default)
2019-09-24 16:16:13,260 INFO  server.RaftServerConfigKeys (ConfUtils.java:logGet(43)) - raft.server.rpc.timeout.max = 300ms (default)
2019-09-24 16:16:13,261 INFO  server.RaftServerConfigKeys (ConfUtils.java:logGet(43)) - raft.server.rpc.timeout.max = 300ms (default)
2019-09-24 16:16:13,261 INFO  server.RaftServerConfigKeys (ConfUtils.java:logGet(43)) - raft.server.rpcslowness.timeout = 60s (default)
2019-09-24 16:16:13,261 INFO  server.RaftServerConfigKeys (ConfUtils.java:logGet(43)) - raft.server.rpcslowness.timeout = 60s (default)
2019-09-24 16:16:13,261 INFO  server.RaftServerConfigKeys (ConfUtils.java:logGet(43)) - raft.server.rpcslowness.timeout = 60s (default)
2019-09-24 16:16:13,262 INFO  server.RaftServerConfigKeys (ConfUtils.java:logGet(43)) - raft.server.sleep.deviation.threshold = 300 (default)
2019-09-24 16:16:13,262 INFO  server.RaftServerConfigKeys (ConfUtils.java:logGet(43)) - raft.server.sleep.deviation.threshold = 300 (default)
2019-09-24 16:16:13,262 INFO  server.RaftServerConfigKeys (ConfUtils.java:logGet(43)) - raft.server.sleep.deviation.threshold = 300 (default)
2019-09-24 16:16:13,263 INFO  server.RaftServerConfigKeys (ConfUtils.java:logGet(43)) - raft.server.log.appender.install.snapshot.enabled = true (default)
2019-09-24 16:16:13,263 INFO  server.RaftServerConfigKeys (ConfUtils.java:logGet(43)) - raft.server.log.appender.install.snapshot.enabled = true (default)
2019-09-24 16:16:13,263 INFO  server.RaftServerConfigKeys (ConfUtils.java:logGet(43)) - raft.server.log.appender.install.snapshot.enabled = true (default)
2019-09-24 16:16:13,268 INFO  impl.RaftServerImpl (ServerState.java:<init>(103)) - s2@group-5C26748AB2B1: ConfigurationManager, init=-1: [s0:0.0.0.0:36823, s1:0.0.0.0:40855, s2:0.0.0.0:34862], old=null, confs=<EMPTY_MAP>
2019-09-24 16:16:13,268 INFO  impl.RaftServerImpl (ServerState.java:<init>(103)) - s0@group-5C26748AB2B1: ConfigurationManager, init=-1: [s0:0.0.0.0:36823, s1:0.0.0.0:40855, s2:0.0.0.0:34862], old=null, confs=<EMPTY_MAP>
2019-09-24 16:16:13,268 INFO  impl.RaftServerImpl (ServerState.java:<init>(103)) - s1@group-5C26748AB2B1: ConfigurationManager, init=-1: [s0:0.0.0.0:36823, s1:0.0.0.0:40855, s2:0.0.0.0:34862], old=null, confs=<EMPTY_MAP>
2019-09-24 16:16:13,269 INFO  server.RaftServerConfigKeys (ConfUtils.java:logGet(43)) - raft.server.storage.dir = [/workdir/ratis-test/target/test/data/9f1a7c06/MiniRaftClusterWithGrpcfb8a2ce7/s2] (custom)
2019-09-24 16:16:13,269 INFO  server.RaftServerConfigKeys (ConfUtils.java:logGet(43)) - raft.server.storage.dir = [/workdir/ratis-test/target/test/data/9f1a7c06/MiniRaftClusterWithGrpcfb8a2ce7/s0] (custom)
2019-09-24 16:16:13,269 INFO  server.RaftServerConfigKeys (ConfUtils.java:logGet(43)) - raft.server.storage.dir = [/workdir/ratis-test/target/test/data/9f1a7c06/MiniRaftClusterWithGrpcfb8a2ce7/s1] (custom)
2019-09-24 16:16:13,279 INFO  server.RaftServerConfigKeys (ConfUtils.java:logGet(43)) - raft.server.log.corruption.policy = EXCEPTION (default)
2019-09-24 16:16:13,279 INFO  server.RaftServerConfigKeys (ConfUtils.java:logGet(43)) - raft.server.log.corruption.policy = EXCEPTION (default)
2019-09-24 16:16:13,279 INFO  server.RaftServerConfigKeys (ConfUtils.java:logGet(43)) - raft.server.log.corruption.policy = EXCEPTION (default)
2019-09-24 16:16:13,281 INFO  storage.RaftStorageDirectory (RaftStorageDirectory.java:analyzeStorage(246)) - The storage directory /workdir/ratis-test/target/test/data/9f1a7c06/MiniRaftClusterWithGrpcfb8a2ce7/s2/12103f4a-e71c-4607-98df-5c26748ab2b1 does not exist. Creating ...
2019-09-24 16:16:13,281 INFO  storage.RaftStorageDirectory (RaftStorageDirectory.java:analyzeStorage(246)) - The storage directory /workdir/ratis-test/target/test/data/9f1a7c06/MiniRaftClusterWithGrpcfb8a2ce7/s0/12103f4a-e71c-4607-98df-5c26748ab2b1 does not exist. Creating ...
2019-09-24 16:16:13,281 INFO  storage.RaftStorageDirectory (RaftStorageDirectory.java:analyzeStorage(246)) - The storage directory /workdir/ratis-test/target/test/data/9f1a7c06/MiniRaftClusterWithGrpcfb8a2ce7/s1/12103f4a-e71c-4607-98df-5c26748ab2b1 does not exist. Creating ...
2019-09-24 16:16:13,283 TRACE util.FileUtils (LogUtils.java:runAndLog(61)) - Successfully ran Files.createDirectories /workdir/ratis-test/target/test/data/9f1a7c06/MiniRaftClusterWithGrpcfb8a2ce7/s2/12103f4a-e71c-4607-98df-5c26748ab2b1
2019-09-24 16:16:13,283 TRACE util.FileUtils (LogUtils.java:runAndLog(61)) - Successfully ran Files.createDirectories /workdir/ratis-test/target/test/data/9f1a7c06/MiniRaftClusterWithGrpcfb8a2ce7/s1/12103f4a-e71c-4607-98df-5c26748ab2b1
2019-09-24 16:16:13,283 TRACE util.FileUtils (LogUtils.java:runAndLog(61)) - Successfully ran Files.createDirectories /workdir/ratis-test/target/test/data/9f1a7c06/MiniRaftClusterWithGrpcfb8a2ce7/s0/12103f4a-e71c-4607-98df-5c26748ab2b1
2019-09-24 16:16:13,324 INFO  storage.RaftStorageDirectory (RaftStorageDirectory.java:tryLock(328)) - Lock on /workdir/ratis-test/target/test/data/9f1a7c06/MiniRaftClusterWithGrpcfb8a2ce7/s2/12103f4a-e71c-4607-98df-5c26748ab2b1/in_use.lock acquired by nodename 27404@ratis-test-vphbd-3564017154
2019-09-24 16:16:13,324 INFO  storage.RaftStorageDirectory (RaftStorageDirectory.java:tryLock(328)) - Lock on /workdir/ratis-test/target/test/data/9f1a7c06/MiniRaftClusterWithGrpcfb8a2ce7/s1/12103f4a-e71c-4607-98df-5c26748ab2b1/in_use.lock acquired by nodename 27404@ratis-test-vphbd-3564017154
2019-09-24 16:16:13,324 INFO  storage.RaftStorageDirectory (RaftStorageDirectory.java:tryLock(328)) - Lock on /workdir/ratis-test/target/test/data/9f1a7c06/MiniRaftClusterWithGrpcfb8a2ce7/s0/12103f4a-e71c-4607-98df-5c26748ab2b1/in_use.lock acquired by nodename 27404@ratis-test-vphbd-3564017154
2019-09-24 16:16:13,325 TRACE util.FileUtils (LogUtils.java:runAndLog(61)) - Successfully ran Files.createDirectories /workdir/ratis-test/target/test/data/9f1a7c06/MiniRaftClusterWithGrpcfb8a2ce7/s1/12103f4a-e71c-4607-98df-5c26748ab2b1/current
2019-09-24 16:16:13,325 TRACE util.FileUtils (LogUtils.java:runAndLog(61)) - Successfully ran Files.createDirectories /workdir/ratis-test/target/test/data/9f1a7c06/MiniRaftClusterWithGrpcfb8a2ce7/s2/12103f4a-e71c-4607-98df-5c26748ab2b1/current
2019-09-24 16:16:13,326 TRACE util.FileUtils (LogUtils.java:runAndLog(61)) - Successfully ran Files.createDirectories /workdir/ratis-test/target/test/data/9f1a7c06/MiniRaftClusterWithGrpcfb8a2ce7/s0/12103f4a-e71c-4607-98df-5c26748ab2b1/current
2019-09-24 16:16:13,326 TRACE util.FileUtils (LogUtils.java:runAndLog(61)) - Successfully ran Files.createDirectories /workdir/ratis-test/target/test/data/9f1a7c06/MiniRaftClusterWithGrpcfb8a2ce7/s2/12103f4a-e71c-4607-98df-5c26748ab2b1/sm
2019-09-24 16:16:13,326 TRACE util.FileUtils (LogUtils.java:runAndLog(61)) - Successfully ran Files.createDirectories /workdir/ratis-test/target/test/data/9f1a7c06/MiniRaftClusterWithGrpcfb8a2ce7/s1/12103f4a-e71c-4607-98df-5c26748ab2b1/sm
2019-09-24 16:16:13,326 TRACE util.FileUtils (LogUtils.java:runAndLog(61)) - Successfully ran Files.createDirectories /workdir/ratis-test/target/test/data/9f1a7c06/MiniRaftClusterWithGrpcfb8a2ce7/s0/12103f4a-e71c-4607-98df-5c26748ab2b1/sm
2019-09-24 16:16:18,460 INFO  storage.RaftStorage (RaftStorage.java:format(84)) - Storage directory /workdir/ratis-test/target/test/data/9f1a7c06/MiniRaftClusterWithGrpcfb8a2ce7/s0/12103f4a-e71c-4607-98df-5c26748ab2b1 has been successfully formatted.
2019-09-24 16:16:18,460 INFO  storage.RaftStorage (RaftStorage.java:format(84)) - Storage directory /workdir/ratis-test/target/test/data/9f1a7c06/MiniRaftClusterWithGrpcfb8a2ce7/s2/12103f4a-e71c-4607-98df-5c26748ab2b1 has been successfully formatted.
2019-09-24 16:16:18,460 INFO  storage.RaftStorage (RaftStorage.java:format(84)) - Storage directory /workdir/ratis-test/target/test/data/9f1a7c06/MiniRaftClusterWithGrpcfb8a2ce7/s1/12103f4a-e71c-4607-98df-5c26748ab2b1 has been successfully formatted.
2019-09-24 16:16:18,465 INFO  server.RaftServerConfigKeys (ConfUtils.java:logGet(43)) - raft.server.notification.no-leader.timeout = 60s (default)
2019-09-24 16:16:18,465 INFO  server.RaftServerConfigKeys (ConfUtils.java:logGet(43)) - raft.server.notification.no-leader.timeout = 60s (default)
2019-09-24 16:16:18,465 INFO  server.RaftServerConfigKeys (ConfUtils.java:logGet(43)) - raft.server.notification.no-leader.timeout = 60s (default)
2019-09-24 16:16:18,471 INFO  server.RaftServerConfigKeys (ConfUtils.java:logGet(43)) - raft.server.log.use.memory = false (default)
2019-09-24 16:16:18,471 INFO  server.RaftServerConfigKeys (ConfUtils.java:logGet(43)) - raft.server.log.use.memory = false (default)
2019-09-24 16:16:18,471 INFO  server.RaftServerConfigKeys (ConfUtils.java:logGet(43)) - raft.server.log.use.memory = false (default)
2019-09-24 16:16:18,485 INFO  server.RaftServerConfigKeys (ConfUtils.java:logGet(43)) - raft.server.log.purge.gap = 1024 (default)
2019-09-24 16:16:18,485 INFO  server.RaftServerConfigKeys (ConfUtils.java:logGet(43)) - raft.server.log.purge.gap = 1024 (default)
2019-09-24 16:16:18,485 INFO  server.RaftServerConfigKeys (ConfUtils.java:logGet(43)) - raft.server.log.appender.buffer.byte-limit = 4MB (=4194304) (default)
2019-09-24 16:16:18,485 INFO  server.RaftServerConfigKeys (ConfUtils.java:logGet(43)) - raft.server.log.purge.gap = 1024 (default)
2019-09-24 16:16:18,486 INFO  server.RaftServerConfigKeys (ConfUtils.java:logGet(43)) - raft.server.log.appender.buffer.byte-limit = 4MB (=4194304) (default)
2019-09-24 16:16:18,486 INFO  server.RaftServerConfigKeys (ConfUtils.java:logGet(43)) - raft.server.log.appender.buffer.byte-limit = 4MB (=4194304) (default)
2019-09-24 16:16:18,489 INFO  server.RaftServerConfigKeys (ConfUtils.java:logGet(43)) - raft.server.log.segment.size.max = 8MB (=8388608) (default)
2019-09-24 16:16:18,489 INFO  server.RaftServerConfigKeys (ConfUtils.java:logGet(43)) - raft.server.log.segment.size.max = 8MB (=8388608) (default)
2019-09-24 16:16:18,489 INFO  server.RaftServerConfigKeys (ConfUtils.java:logGet(43)) - raft.server.log.segment.size.max = 8MB (=8388608) (default)
2019-09-24 16:16:18,496 INFO  server.RaftServerConfigKeys (ConfUtils.java:logGet(43)) - raft.server.log.segment.cache.num.max = 6 (default)
2019-09-24 16:16:18,496 INFO  server.RaftServerConfigKeys (ConfUtils.java:logGet(43)) - raft.server.log.segment.cache.num.max = 6 (default)
2019-09-24 16:16:18,496 INFO  server.RaftServerConfigKeys (ConfUtils.java:logGet(43)) - raft.server.log.segment.cache.num.max = 6 (default)
2019-09-24 16:16:18,505 INFO  segmented.SegmentedRaftLogWorker (SegmentedRaftLogWorker.java:<init>(172)) - new s1@group-5C26748AB2B1-SegmentedRaftLogWorker for RaftStorage:Storage Directory /workdir/ratis-test/target/test/data/9f1a7c06/MiniRaftClusterWithGrpcfb8a2ce7/s1/12103f4a-e71c-4607-98df-5c26748ab2b1
2019-09-24 16:16:18,505 INFO  segmented.SegmentedRaftLogWorker (SegmentedRaftLogWorker.java:<init>(172)) - new s2@group-5C26748AB2B1-SegmentedRaftLogWorker for RaftStorage:Storage Directory /workdir/ratis-test/target/test/data/9f1a7c06/MiniRaftClusterWithGrpcfb8a2ce7/s2/12103f4a-e71c-4607-98df-5c26748ab2b1
2019-09-24 16:16:18,505 INFO  segmented.SegmentedRaftLogWorker (SegmentedRaftLogWorker.java:<init>(172)) - new s0@group-5C26748AB2B1-SegmentedRaftLogWorker for RaftStorage:Storage Directory /workdir/ratis-test/target/test/data/9f1a7c06/MiniRaftClusterWithGrpcfb8a2ce7/s0/12103f4a-e71c-4607-98df-5c26748ab2b1
2019-09-24 16:16:18,594 WARN  impl.MetricsConfig (MetricsConfig.java:loadFirst(124)) - Cannot locate configuration: tried hadoop-metrics2-ratis.properties,hadoop-metrics2.properties
2019-09-24 16:16:18,691 INFO  impl.MetricsSystemImpl (MetricsSystemImpl.java:startTimer(376)) - Scheduled snapshot period at 10 second(s).
2019-09-24 16:16:18,692 INFO  impl.MetricsSystemImpl (MetricsSystemImpl.java:start(191)) - ratis metrics system started
2019-09-24 16:16:18,699 INFO  metrics.MetricRegistries (MetricRegistriesLoader.java:load(64)) - Loaded MetricRegistries class org.apache.ratis.metrics.impl.MetricRegistriesImpl
2019-09-24 16:16:18,749 INFO  server.RaftServerConfigKeys (ConfUtils.java:logGet(43)) - raft.server.log.queue.byte-limit = 64MB (=67108864) (default)
2019-09-24 16:16:18,750 INFO  server.RaftServerConfigKeys (ConfUtils.java:logGet(43)) - raft.server.log.queue.element-limit = 4096 (default)
2019-09-24 16:16:18,751 INFO  server.RaftServerConfigKeys (ConfUtils.java:logGet(43)) - raft.server.log.queue.byte-limit = 64MB (=67108864) (default)
2019-09-24 16:16:18,751 INFO  server.RaftServerConfigKeys (ConfUtils.java:logGet(43)) - raft.server.log.queue.byte-limit = 64MB (=67108864) (default)
2019-09-24 16:16:18,751 INFO  server.RaftServerConfigKeys (ConfUtils.java:logGet(43)) - raft.server.log.queue.element-limit = 4096 (default)
2019-09-24 16:16:18,752 INFO  server.RaftServerConfigKeys (ConfUtils.java:logGet(43)) - raft.server.log.queue.element-limit = 4096 (default)
2019-09-24 16:16:18,753 INFO  server.RaftServerConfigKeys (ConfUtils.java:logGet(43)) - raft.server.log.segment.size.max = 8MB (=8388608) (default)
2019-09-24 16:16:18,753 INFO  server.RaftServerConfigKeys (ConfUtils.java:logGet(43)) - raft.server.log.segment.size.max = 8MB (=8388608) (default)
2019-09-24 16:16:18,753 INFO  server.RaftServerConfigKeys (ConfUtils.java:logGet(43)) - raft.server.log.segment.size.max = 8MB (=8388608) (default)
2019-09-24 16:16:18,754 INFO  server.RaftServerConfigKeys (ConfUtils.java:logGet(43)) - raft.server.log.preallocated.size = 4MB (=4194304) (default)
2019-09-24 16:16:18,754 INFO  server.RaftServerConfigKeys (ConfUtils.java:logGet(43)) - raft.server.log.preallocated.size = 4MB (=4194304) (default)
2019-09-24 16:16:18,754 INFO  server.RaftServerConfigKeys (ConfUtils.java:logGet(43)) - raft.server.log.preallocated.size = 4MB (=4194304) (default)
2019-09-24 16:16:18,755 INFO  server.RaftServerConfigKeys (ConfUtils.java:logGet(43)) - raft.server.log.write.buffer.size = 64KB (=65536) (default)
2019-09-24 16:16:18,755 INFO  server.RaftServerConfigKeys (ConfUtils.java:logGet(43)) - raft.server.log.write.buffer.size = 64KB (=65536) (default)
2019-09-24 16:16:18,755 INFO  server.RaftServerConfigKeys (ConfUtils.java:logGet(43)) - raft.server.log.write.buffer.size = 64KB (=65536) (default)
2019-09-24 16:16:18,755 INFO  server.RaftServerConfigKeys (ConfUtils.java:logGet(43)) - raft.server.log.force.sync.num = 128 (default)
2019-09-24 16:16:18,756 INFO  server.RaftServerConfigKeys (ConfUtils.java:logGet(43)) - raft.server.log.force.sync.num = 128 (default)
2019-09-24 16:16:18,756 INFO  server.RaftServerConfigKeys (ConfUtils.java:logGet(43)) - raft.server.log.force.sync.num = 128 (default)
2019-09-24 16:16:18,757 INFO  server.RaftServerConfigKeys (ConfUtils.java:logGet(43)) - raft.server.log.statemachine.data.sync = true (default)
2019-09-24 16:16:18,758 INFO  server.RaftServerConfigKeys (ConfUtils.java:logGet(43)) - raft.server.log.statemachine.data.sync = true (default)
2019-09-24 16:16:18,758 INFO  server.RaftServerConfigKeys (ConfUtils.java:logGet(43)) - raft.server.log.statemachine.data.sync.timeout = 10s (default)
2019-09-24 16:16:18,758 INFO  server.RaftServerConfigKeys (ConfUtils.java:logGet(43)) - raft.server.log.statemachine.data.sync = true (default)
2019-09-24 16:16:18,758 INFO  server.RaftServerConfigKeys (ConfUtils.java:logGet(43)) - raft.server.log.statemachine.data.sync.timeout = 10s (default)
2019-09-24 16:16:18,758 INFO  server.RaftServerConfigKeys (ConfUtils.java:logGet(43)) - raft.server.log.statemachine.data.sync.timeout = 10s (default)
2019-09-24 16:16:18,758 INFO  server.RaftServerConfigKeys (ConfUtils.java:logGet(43)) - raft.server.log.statemachine.data.sync.timeout.retry = -1 (default)
2019-09-24 16:16:18,758 INFO  server.RaftServerConfigKeys (ConfUtils.java:logGet(43)) - raft.server.log.statemachine.data.sync.timeout.retry = -1 (default)
2019-09-24 16:16:18,759 INFO  server.RaftServerConfigKeys (ConfUtils.java:logGet(43)) - raft.server.log.statemachine.data.sync.timeout.retry = -1 (default)
2019-09-24 16:16:18,774 INFO  server.RaftServerConfigKeys (ConfUtils.java:logGet(43)) - raft.server.log.statemachine.data.caching.enabled = false (default)
2019-09-24 16:16:18,774 INFO  server.RaftServerConfigKeys (ConfUtils.java:logGet(43)) - raft.server.log.statemachine.data.caching.enabled = false (default)
2019-09-24 16:16:18,774 INFO  server.RaftServerConfigKeys (ConfUtils.java:logGet(43)) - raft.server.log.statemachine.data.caching.enabled = false (default)
2019-09-24 16:16:18,787 INFO  segmented.SegmentedRaftLogWorker (SegmentedRaftLogWorker.java:lambda$new$0(132)) - s0@group-5C26748AB2B1-SegmentedRaftLogWorker: flushIndex: setUnconditionally 0 -> -1
2019-09-24 16:16:18,787 INFO  segmented.SegmentedRaftLogWorker (SegmentedRaftLogWorker.java:lambda$new$0(132)) - s2@group-5C26748AB2B1-SegmentedRaftLogWorker: flushIndex: setUnconditionally 0 -> -1
2019-09-24 16:16:18,787 INFO  segmented.SegmentedRaftLogWorker (SegmentedRaftLogWorker.java:lambda$new$0(132)) - s1@group-5C26748AB2B1-SegmentedRaftLogWorker: flushIndex: setUnconditionally 0 -> -1
2019-09-24 16:16:18,794 INFO  server.RaftServerConfigKeys (ConfUtils.java:logGet(43)) - raft.server.snapshot.auto.trigger.enabled = false (default)
2019-09-24 16:16:18,794 INFO  server.RaftServerConfigKeys (ConfUtils.java:logGet(43)) - raft.server.snapshot.auto.trigger.enabled = false (default)
2019-09-24 16:16:18,794 INFO  server.RaftServerConfigKeys (ConfUtils.java:logGet(43)) - raft.server.snapshot.auto.trigger.enabled = false (default)
2019-09-24 16:16:18,795 INFO  server.RaftServerConfigKeys (ConfUtils.java:logGet(43)) - raft.server.snapshot.retention.file.num = -1 (default)
2019-09-24 16:16:18,795 INFO  server.RaftServerConfigKeys (ConfUtils.java:logGet(43)) - raft.server.snapshot.retention.file.num = -1 (default)
2019-09-24 16:16:18,795 INFO  server.RaftServerConfigKeys (ConfUtils.java:logGet(43)) - raft.server.snapshot.retention.file.num = -1 (default)
2019-09-24 16:16:18,797 INFO  server.RaftServerConfigKeys (ConfUtils.java:logGet(43)) - raft.server.retrycache.expirytime = 60s (default)
2019-09-24 16:16:18,797 INFO  server.RaftServerConfigKeys (ConfUtils.java:logGet(43)) - raft.server.retrycache.expirytime = 60s (default)
2019-09-24 16:16:18,797 INFO  server.RaftServerConfigKeys (ConfUtils.java:logGet(43)) - raft.server.retrycache.expirytime = 60s (default)
2019-09-24 16:16:18,835 INFO  impl.RaftServerImpl (RaftServerImpl.java:start(181)) - s0@group-5C26748AB2B1: start as a follower, conf=-1: [s0:0.0.0.0:36823, s1:0.0.0.0:40855, s2:0.0.0.0:34862], old=null
2019-09-24 16:16:18,838 INFO  impl.RaftServerImpl (RaftServerImpl.java:setRole(170)) - s0@group-5C26748AB2B1: changes role from      null to FOLLOWER at term 0 for startAsFollower
2019-09-24 16:16:18,840 INFO  impl.RoleInfo (RoleInfo.java:updateAndGet(143)) - s0: start FollowerState
2019-09-24 16:16:18,845 INFO  util.JmxRegister (JmxRegister.java:tryRegister(44)) - Successfully registered JMX Bean with object name Ratis:service=RaftServer,group=group-5C26748AB2B1,id=s0
2019-09-24 16:16:18,855 INFO  impl.RaftServerProxy (RaftServerProxy.java:lambda$start$3(299)) - s0: start RPC server
2019-09-24 16:16:18,971 INFO  server.GrpcService (GrpcService.java:startImpl(158)) - s0: GrpcService started, listening on 0.0.0.0/0.0.0.0:36823
2019-09-24 16:16:18,971 INFO  impl.RaftServerImpl (RaftServerImpl.java:start(181)) - s1@group-5C26748AB2B1: start as a follower, conf=-1: [s0:0.0.0.0:36823, s1:0.0.0.0:40855, s2:0.0.0.0:34862], old=null
2019-09-24 16:16:18,972 INFO  impl.RaftServerImpl (RaftServerImpl.java:setRole(170)) - s1@group-5C26748AB2B1: changes role from      null to FOLLOWER at term 0 for startAsFollower
2019-09-24 16:16:18,972 INFO  impl.RoleInfo (RoleInfo.java:updateAndGet(143)) - s1: start FollowerState
2019-09-24 16:16:18,972 INFO  util.JmxRegister (JmxRegister.java:tryRegister(44)) - Successfully registered JMX Bean with object name Ratis:service=RaftServer,group=group-5C26748AB2B1,id=s1
2019-09-24 16:16:18,977 INFO  impl.RaftServerProxy (RaftServerProxy.java:lambda$start$3(299)) - s1: start RPC server
2019-09-24 16:16:18,979 INFO  server.GrpcService (GrpcService.java:startImpl(158)) - s1: GrpcService started, listening on 0.0.0.0/0.0.0.0:40855
2019-09-24 16:16:18,979 INFO  impl.RaftServerImpl (RaftServerImpl.java:start(181)) - s2@group-5C26748AB2B1: start as a follower, conf=-1: [s0:0.0.0.0:36823, s1:0.0.0.0:40855, s2:0.0.0.0:34862], old=null
2019-09-24 16:16:18,979 INFO  impl.RaftServerImpl (RaftServerImpl.java:setRole(170)) - s2@group-5C26748AB2B1: changes role from      null to FOLLOWER at term 0 for startAsFollower
2019-09-24 16:16:18,980 INFO  impl.RoleInfo (RoleInfo.java:updateAndGet(143)) - s2: start FollowerState
2019-09-24 16:16:18,980 INFO  util.JmxRegister (JmxRegister.java:tryRegister(44)) - Successfully registered JMX Bean with object name Ratis:service=RaftServer,group=group-5C26748AB2B1,id=s2
2019-09-24 16:16:18,984 INFO  impl.RaftServerProxy (RaftServerProxy.java:lambda$start$3(299)) - s2: start RPC server
2019-09-24 16:16:18,985 INFO  server.GrpcService (GrpcService.java:startImpl(158)) - s2: GrpcService started, listening on 0.0.0.0/0.0.0.0:34862
2019-09-24 16:16:19,139 INFO  impl.FollowerState (FollowerState.java:run(108)) - s0@group-5C26748AB2B1-FollowerState: change to CANDIDATE, lastRpcTime:299ms, electionTimeout:216ms
2019-09-24 16:16:19,142 INFO  impl.RoleInfo (RoleInfo.java:shutdownFollowerState(121)) - s0: shutdown FollowerState
2019-09-24 16:16:19,142 INFO  impl.RaftServerImpl (RaftServerImpl.java:setRole(170)) - s0@group-5C26748AB2B1: changes role from  FOLLOWER to CANDIDATE at term 0 for changeToCandidate
2019-09-24 16:16:19,142 INFO  impl.FollowerState (FollowerState.java:run(108)) - s1@group-5C26748AB2B1-FollowerState: change to CANDIDATE, lastRpcTime:170ms, electionTimeout:170ms
2019-09-24 16:16:19,144 INFO  impl.RoleInfo (RoleInfo.java:shutdownFollowerState(121)) - s1: shutdown FollowerState
2019-09-24 16:16:19,144 INFO  impl.RaftServerImpl (RaftServerImpl.java:setRole(170)) - s1@group-5C26748AB2B1: changes role from  FOLLOWER to CANDIDATE at term 0 for changeToCandidate
2019-09-24 16:16:19,149 INFO  impl.RoleInfo (RoleInfo.java:updateAndGet(143)) - s0: start LeaderElection
2019-09-24 16:16:19,149 INFO  impl.RoleInfo (RoleInfo.java:updateAndGet(143)) - s1: start LeaderElection
2019-09-24 16:16:19,164 INFO  impl.LeaderElection (LeaderElection.java:askForVotes(178)) - s1@group-5C26748AB2B1-LeaderElection2: begin an election at term 1 for -1: [s0:0.0.0.0:36823, s1:0.0.0.0:40855, s2:0.0.0.0:34862], old=null
2019-09-24 16:16:19,164 INFO  impl.LeaderElection (LeaderElection.java:askForVotes(178)) - s0@group-5C26748AB2B1-LeaderElection1: begin an election at term 1 for -1: [s0:0.0.0.0:36823, s1:0.0.0.0:40855, s2:0.0.0.0:34862], old=null
2019-09-24 16:16:19,273 INFO  impl.FollowerState (FollowerState.java:run(108)) - s2@group-5C26748AB2B1-FollowerState: change to CANDIDATE, lastRpcTime:293ms, electionTimeout:293ms
2019-09-24 16:16:19,274 INFO  impl.RoleInfo (RoleInfo.java:shutdownFollowerState(121)) - s2: shutdown FollowerState
2019-09-24 16:16:19,274 INFO  impl.RaftServerImpl (RaftServerImpl.java:setRole(170)) - s2@group-5C26748AB2B1: changes role from  FOLLOWER to CANDIDATE at term 0 for changeToCandidate
2019-09-24 16:16:19,274 INFO  impl.RoleInfo (RoleInfo.java:updateAndGet(143)) - s2: start LeaderElection
2019-09-24 16:16:19,289 INFO  impl.LeaderElection (LeaderElection.java:askForVotes(178)) - s2@group-5C26748AB2B1-LeaderElection3: begin an election at term 1 for -1: [s0:0.0.0.0:36823, s1:0.0.0.0:40855, s2:0.0.0.0:34862], old=null
2019-09-24 16:16:19,366 INFO  impl.LeaderElection (LeaderElection.java:logAndReturn(56)) - s1@group-5C26748AB2B1-LeaderElection2: Election TIMEOUT; received 0 response(s) [] and 0 exception(s); s1@group-5C26748AB2B1:t1, leader=null, voted=s1, raftlog=s1@group-5C26748AB2B1-SegmentedRaftLog:OPENED:c-1,f-1,i0, conf=-1: [s0:0.0.0.0:36823, s1:0.0.0.0:40855, s2:0.0.0.0:34862], old=null
2019-09-24 16:16:19,379 INFO  impl.LeaderElection (LeaderElection.java:askForVotes(178)) - s1@group-5C26748AB2B1-LeaderElection2: begin an election at term 2 for -1: [s0:0.0.0.0:36823, s1:0.0.0.0:40855, s2:0.0.0.0:34862], old=null
2019-09-24 16:16:19,386 INFO  impl.LeaderElection (LeaderElection.java:logAndReturn(56)) - s0@group-5C26748AB2B1-LeaderElection1: Election TIMEOUT; received 0 response(s) [] and 0 exception(s); s0@group-5C26748AB2B1:t1, leader=null, voted=s0, raftlog=s0@group-5C26748AB2B1-SegmentedRaftLog:OPENED:c-1,f-1,i0, conf=-1: [s0:0.0.0.0:36823, s1:0.0.0.0:40855, s2:0.0.0.0:34862], old=null
2019-09-24 16:16:19,399 INFO  impl.LeaderElection (LeaderElection.java:askForVotes(178)) - s0@group-5C26748AB2B1-LeaderElection1: begin an election at term 2 for -1: [s0:0.0.0.0:36823, s1:0.0.0.0:40855, s2:0.0.0.0:34862], old=null
2019-09-24 16:16:19,509 INFO  impl.LeaderElection (LeaderElection.java:logAndReturn(56)) - s2@group-5C26748AB2B1-LeaderElection3: Election TIMEOUT; received 0 response(s) [] and 0 exception(s); s2@group-5C26748AB2B1:t1, leader=null, voted=s2, raftlog=s2@group-5C26748AB2B1-SegmentedRaftLog:OPENED:c-1,f-1,i0, conf=-1: [s0:0.0.0.0:36823, s1:0.0.0.0:40855, s2:0.0.0.0:34862], old=null
2019-09-24 16:16:19,520 DEBUG client.GrpcClientProtocolService (GrpcClientProtocolService.java:<init>(175)) - new 0-OrderedRequestStreamObserver0
2019-09-24 16:16:19,523 INFO  impl.LeaderElection (LeaderElection.java:askForVotes(178)) - s2@group-5C26748AB2B1-LeaderElection3: begin an election at term 2 for -1: [s0:0.0.0.0:36823, s1:0.0.0.0:40855, s2:0.0.0.0:34862], old=null
2019-09-24 16:16:19,567 INFO  impl.LeaderElection (LeaderElection.java:logAndReturn(56)) - s0@group-5C26748AB2B1-LeaderElection1: Election REJECTED; received 2 response(s) [s0<-s1#0:FAIL-t2, s0<-s2#0:FAIL-t2] and 0 exception(s); s0@group-5C26748AB2B1:t2, leader=null, voted=s0, raftlog=s0@group-5C26748AB2B1-SegmentedRaftLog:OPENED:c-1,f-1,i0, conf=-1: [s0:0.0.0.0:36823, s1:0.0.0.0:40855, s2:0.0.0.0:34862], old=null
2019-09-24 16:16:19,567 INFO  impl.LeaderElection (LeaderElection.java:logAndReturn(56)) - s1@group-5C26748AB2B1-LeaderElection2: Election REJECTED; received 2 response(s) [s1<-s0#0:FAIL-t2, s1<-s2#0:FAIL-t2] and 0 exception(s); s1@group-5C26748AB2B1:t2, leader=null, voted=s1, raftlog=s1@group-5C26748AB2B1-SegmentedRaftLog:OPENED:c-1,f-1,i0, conf=-1: [s0:0.0.0.0:36823, s1:0.0.0.0:40855, s2:0.0.0.0:34862], old=null
2019-09-24 16:16:19,567 INFO  impl.LeaderElection (LeaderElection.java:logAndReturn(56)) - s2@group-5C26748AB2B1-LeaderElection3: Election REJECTED; received 2 response(s) [s2<-s0#0:FAIL-t2, s2<-s1#0:FAIL-t2] and 0 exception(s); s2@group-5C26748AB2B1:t2, leader=null, voted=s2, raftlog=s2@group-5C26748AB2B1-SegmentedRaftLog:OPENED:c-1,f-1,i0, conf=-1: [s0:0.0.0.0:36823, s1:0.0.0.0:40855, s2:0.0.0.0:34862], old=null
2019-09-24 16:16:19,570 INFO  impl.RaftServerImpl (RaftServerImpl.java:setRole(170)) - s0@group-5C26748AB2B1: changes role from CANDIDATE to FOLLOWER at term 2 for DISCOVERED_A_NEW_TERM
2019-09-24 16:16:19,570 INFO  impl.RaftServerImpl (RaftServerImpl.java:setRole(170)) - s2@group-5C26748AB2B1: changes role from CANDIDATE to FOLLOWER at term 2 for DISCOVERED_A_NEW_TERM
2019-09-24 16:16:19,570 INFO  impl.RaftServerImpl (RaftServerImpl.java:setRole(170)) - s1@group-5C26748AB2B1: changes role from CANDIDATE to FOLLOWER at term 2 for DISCOVERED_A_NEW_TERM
2019-09-24 16:16:19,570 INFO  impl.RoleInfo (RoleInfo.java:shutdownLeaderElection(134)) - s0: shutdown LeaderElection
2019-09-24 16:16:19,570 DEBUG client.GrpcClientProtocolService (GrpcClientProtocolService.java:sendReply(353)) - 0-OrderedRequestStreamObserver0: sendReply seq=1, RaftClientReply:client-EDB41257C35F->s0@group-5C26748AB2B1, cid=0, FAILED org.apache.ratis.protocol.NotLeaderException: Server s0@group-5C26748AB2B1 is not the leader, logIndex=0, commits[s0:c-1]
2019-09-24 16:16:19,570 INFO  impl.RoleInfo (RoleInfo.java:shutdownLeaderElection(134)) - s1: shutdown LeaderElection
2019-09-24 16:16:19,570 INFO  impl.RoleInfo (RoleInfo.java:shutdownLeaderElection(134)) - s2: shutdown LeaderElection
2019-09-24 16:16:19,571 INFO  impl.RoleInfo (RoleInfo.java:updateAndGet(143)) - s0: start FollowerState
2019-09-24 16:16:19,571 INFO  impl.RoleInfo (RoleInfo.java:updateAndGet(143)) - s2: start FollowerState
2019-09-24 16:16:19,571 INFO  impl.RoleInfo (RoleInfo.java:updateAndGet(143)) - s1: start FollowerState
2019-09-24 16:16:19,597 DEBUG client.GrpcClientProtocolService (GrpcClientProtocolService.java:close(374)) - 0-OrderedRequestStreamObserver0: close
2019-09-24 16:16:19,714 DEBUG client.GrpcClientProtocolService (GrpcClientProtocolService.java:<init>(175)) - new 0-OrderedRequestStreamObserver0
2019-09-24 16:16:19,716 DEBUG client.GrpcClientProtocolService (GrpcClientProtocolService.java:sendReply(353)) - 0-OrderedRequestStreamObserver0: sendReply seq=1, RaftClientReply:client-EDB41257C35F->s2@group-5C26748AB2B1, cid=0, FAILED org.apache.ratis.protocol.NotLeaderException: Server s2@group-5C26748AB2B1 is not the leader, logIndex=0, commits[s2:c-1]
2019-09-24 16:16:19,722 DEBUG client.GrpcClientProtocolService (GrpcClientProtocolService.java:close(374)) - 0-OrderedRequestStreamObserver0: close
2019-09-24 16:16:19,746 INFO  impl.FollowerState (FollowerState.java:run(108)) - s2@group-5C26748AB2B1-FollowerState: change to CANDIDATE, lastRpcTime:174ms, electionTimeout:174ms
2019-09-24 16:16:19,746 INFO  impl.RoleInfo (RoleInfo.java:shutdownFollowerState(121)) - s2: shutdown FollowerState
2019-09-24 16:16:19,746 INFO  impl.RaftServerImpl (RaftServerImpl.java:setRole(170)) - s2@group-5C26748AB2B1: changes role from  FOLLOWER to CANDIDATE at term 2 for changeToCandidate
2019-09-24 16:16:19,747 INFO  impl.RoleInfo (RoleInfo.java:updateAndGet(143)) - s2: start LeaderElection
2019-09-24 16:16:19,760 INFO  impl.LeaderElection (LeaderElection.java:askForVotes(178)) - s2@group-5C26748AB2B1-LeaderElection4: begin an election at term 3 for -1: [s0:0.0.0.0:36823, s1:0.0.0.0:40855, s2:0.0.0.0:34862], old=null
2019-09-24 16:16:19,765 INFO  impl.RaftServerImpl (RaftServerImpl.java:setRole(170)) - s0@group-5C26748AB2B1: changes role from  FOLLOWER to FOLLOWER at term 3 for recognizeCandidate:s2
2019-09-24 16:16:19,765 INFO  impl.RaftServerImpl (RaftServerImpl.java:setRole(170)) - s1@group-5C26748AB2B1: changes role from  FOLLOWER to FOLLOWER at term 3 for recognizeCandidate:s2
2019-09-24 16:16:19,765 INFO  impl.RoleInfo (RoleInfo.java:shutdownFollowerState(121)) - s0: shutdown FollowerState
2019-09-24 16:16:19,766 INFO  impl.RoleInfo (RoleInfo.java:shutdownFollowerState(121)) - s1: shutdown FollowerState
2019-09-24 16:16:19,766 INFO  impl.RoleInfo (RoleInfo.java:updateAndGet(143)) - s0: start FollowerState
2019-09-24 16:16:19,766 INFO  impl.FollowerState (FollowerState.java:run(117)) - s0@group-5C26748AB2B1-FollowerState was interrupted: java.lang.InterruptedException: sleep interrupted
2019-09-24 16:16:19,766 INFO  impl.FollowerState (FollowerState.java:run(117)) - s1@group-5C26748AB2B1-FollowerState was interrupted: java.lang.InterruptedException: sleep interrupted
2019-09-24 16:16:19,766 INFO  impl.RoleInfo (RoleInfo.java:updateAndGet(143)) - s1: start FollowerState
2019-09-24 16:16:19,793 INFO  impl.LeaderElection (LeaderElection.java:logAndReturn(56)) - s2@group-5C26748AB2B1-LeaderElection4: Election PASSED; received 1 response(s) [s2<-s0#0:OK-t3] and 0 exception(s); s2@group-5C26748AB2B1:t3, leader=null, voted=s2, raftlog=s2@group-5C26748AB2B1-SegmentedRaftLog:OPENED:c-1,f-1,i0, conf=-1: [s0:0.0.0.0:36823, s1:0.0.0.0:40855, s2:0.0.0.0:34862], old=null
2019-09-24 16:16:19,793 INFO  impl.RoleInfo (RoleInfo.java:shutdownLeaderElection(134)) - s2: shutdown LeaderElection
2019-09-24 16:16:19,794 INFO  impl.RaftServerImpl (RaftServerImpl.java:setRole(170)) - s2@group-5C26748AB2B1: changes role from CANDIDATE to LEADER at term 3 for changeToLeader
2019-09-24 16:16:19,795 INFO  impl.RaftServerImpl (ServerState.java:setLeader(254)) - s2@group-5C26748AB2B1: change Leader from null to s2 at term 3 for becomeLeader, leader elected after 1330ms
2019-09-24 16:16:19,802 INFO  server.RaftServerConfigKeys (ConfUtils.java:logGet(43)) - raft.server.staging.catchup.gap = 1000 (default)
2019-09-24 16:16:19,802 INFO  server.RaftServerConfigKeys (ConfUtils.java:logGet(43)) - raft.server.rpc.sleep.time = 25ms (default)
2019-09-24 16:16:19,809 INFO  server.RaftServerConfigKeys (ConfUtils.java:logGet(43)) - raft.server.write.element-limit = 4096 (default)
2019-09-24 16:16:19,814 INFO  server.RaftServerConfigKeys (ConfUtils.java:logGet(43)) - raft.server.watch.timeout = 10s (default)
2019-09-24 16:16:19,814 INFO  server.RaftServerConfigKeys (ConfUtils.java:logGet(43)) - raft.server.watch.timeout.denomination = 1s (default)
2019-09-24 16:16:19,815 INFO  server.RaftServerConfigKeys (ConfUtils.java:logGet(43)) - raft.server.watch.element-limit = 65536 (default)
2019-09-24 16:16:19,832 DEBUG client.GrpcClientProtocolService (GrpcClientProtocolService.java:<init>(175)) - new 0-OrderedRequestStreamObserver0
2019-09-24 16:16:19,832 INFO  server.RaftServerConfigKeys (ConfUtils.java:logGet(43)) - raft.server.log.appender.snapshot.chunk.size.max = 16MB (=16777216) (default)
2019-09-24 16:16:19,833 INFO  server.RaftServerConfigKeys (ConfUtils.java:logGet(43)) - raft.server.log.appender.buffer.byte-limit = 4MB (=4194304) (default)
2019-09-24 16:16:19,834 DEBUG client.GrpcClientProtocolService (GrpcClientProtocolService.java:sendReply(353)) - 0-OrderedRequestStreamObserver0: sendReply seq=1, RaftClientReply:client-EDB41257C35F->s1@group-5C26748AB2B1, cid=0, FAILED org.apache.ratis.protocol.NotLeaderException: Server s1@group-5C26748AB2B1 is not the leader, logIndex=0, commits[s1:c-1]
2019-09-24 16:16:19,834 INFO  server.RaftServerConfigKeys (ConfUtils.java:logGet(43)) - raft.server.log.appender.buffer.element-limit = 0 (default)
2019-09-24 16:16:19,840 DEBUG client.GrpcClientProtocolService (GrpcClientProtocolService.java:close(374)) - 0-OrderedRequestStreamObserver0: close
2019-09-24 16:16:19,840 INFO  grpc.GrpcConfigKeys$Server (ConfUtils.java:logGet(43)) - raft.grpc.server.leader.outstanding.appends.max = 128 (default)
2019-09-24 16:16:19,841 INFO  server.RaftServerConfigKeys (ConfUtils.java:logGet(43)) - raft.server.rpc.request.timeout = 3000ms (default)
2019-09-24 16:16:19,841 INFO  server.RaftServerConfigKeys (ConfUtils.java:logGet(43)) - raft.server.log.appender.install.snapshot.enabled = true (default)
2019-09-24 16:16:19,842 INFO  server.RaftServerConfigKeys (ConfUtils.java:logGet(43)) - raft.server.log.appender.snapshot.chunk.size.max = 16MB (=16777216) (default)
2019-09-24 16:16:19,843 INFO  server.RaftServerConfigKeys (ConfUtils.java:logGet(43)) - raft.server.log.appender.buffer.byte-limit = 4MB (=4194304) (default)
2019-09-24 16:16:19,843 INFO  server.RaftServerConfigKeys (ConfUtils.java:logGet(43)) - raft.server.log.appender.buffer.element-limit = 0 (default)
2019-09-24 16:16:19,843 INFO  grpc.GrpcConfigKeys$Server (ConfUtils.java:logGet(43)) - raft.grpc.server.leader.outstanding.appends.max = 128 (default)
2019-09-24 16:16:19,843 INFO  server.RaftServerConfigKeys (ConfUtils.java:logGet(43)) - raft.server.rpc.request.timeout = 3000ms (default)
2019-09-24 16:16:19,844 INFO  server.RaftServerConfigKeys (ConfUtils.java:logGet(43)) - raft.server.log.appender.install.snapshot.enabled = true (default)
2019-09-24 16:16:19,846 INFO  impl.RoleInfo (RoleInfo.java:updateAndGet(143)) - s2: start LeaderState
2019-09-24 16:16:19,863 INFO  segmented.SegmentedRaftLogWorker (SegmentedRaftLogWorker.java:startLogSegment(380)) - s2@group-5C26748AB2B1-SegmentedRaftLogWorker: Starting segment from index:0
2019-09-24 16:16:19,872 INFO  impl.RaftServerImpl (ServerState.java:setRaftConf(355)) - s2@group-5C26748AB2B1: set configuration 0: [s0:0.0.0.0:36823, s1:0.0.0.0:40855, s2:0.0.0.0:34862], old=null at 0
2019-09-24 16:16:19,891 INFO  impl.RaftServerImpl (ServerState.java:setLeader(254)) - s0@group-5C26748AB2B1: change Leader from null to s2 at term 3 for appendEntries, leader elected after 1427ms
2019-09-24 16:16:19,891 INFO  impl.RaftServerImpl (ServerState.java:setLeader(254)) - s1@group-5C26748AB2B1: change Leader from null to s2 at term 3 for appendEntries, leader elected after 1427ms
2019-09-24 16:16:19,919 INFO  impl.RaftServerImpl (ServerState.java:setRaftConf(355)) - s0@group-5C26748AB2B1: set configuration 0: [s0:0.0.0.0:36823, s1:0.0.0.0:40855, s2:0.0.0.0:34862], old=null at 0
2019-09-24 16:16:19,919 INFO  impl.RaftServerImpl (ServerState.java:setRaftConf(355)) - s1@group-5C26748AB2B1: set configuration 0: [s0:0.0.0.0:36823, s1:0.0.0.0:40855, s2:0.0.0.0:34862], old=null at 0
2019-09-24 16:16:19,919 INFO  segmented.SegmentedRaftLogWorker (SegmentedRaftLogWorker.java:startLogSegment(380)) - s0@group-5C26748AB2B1-SegmentedRaftLogWorker: Starting segment from index:0
2019-09-24 16:16:19,920 INFO  segmented.SegmentedRaftLogWorker (SegmentedRaftLogWorker.java:startLogSegment(380)) - s1@group-5C26748AB2B1-SegmentedRaftLogWorker: Starting segment from index:0
2019-09-24 16:16:19,949 DEBUG client.GrpcClientProtocolService (GrpcClientProtocolService.java:<init>(175)) - new 1-OrderedRequestStreamObserver1
2019-09-24 16:16:19,951 DEBUG client.GrpcClientProtocolService (GrpcClientProtocolService.java:sendReply(353)) - 1-OrderedRequestStreamObserver1: sendReply seq=1, RaftClientReply:client-EDB41257C35F->s2@group-5C26748AB2B1, cid=0, FAILED org.apache.ratis.protocol.LeaderNotReadyException: s2@group-5C26748AB2B1 is in LEADER state but not ready yet., logIndex=0, commits[s2:c-1, s0:c-1, s1:c-1]
2019-09-24 16:16:20,064 DEBUG client.GrpcClientProtocolService (GrpcClientProtocolService.java:close(374)) - 1-OrderedRequestStreamObserver1: close
2019-09-24 16:16:20,174 DEBUG client.GrpcClientProtocolService (GrpcClientProtocolService.java:<init>(175)) - new 2-OrderedRequestStreamObserver2
2019-09-24 16:16:20,176 DEBUG client.GrpcClientProtocolService (GrpcClientProtocolService.java:sendReply(353)) - 2-OrderedRequestStreamObserver2: sendReply seq=1, RaftClientReply:client-EDB41257C35F->s2@group-5C26748AB2B1, cid=0, FAILED org.apache.ratis.protocol.LeaderNotReadyException: s2@group-5C26748AB2B1 is in LEADER state but not ready yet., logIndex=0, commits[s2:c-1, s0:c-1, s1:c-1]
2019-09-24 16:16:20,281 DEBUG client.GrpcClientProtocolService (GrpcClientProtocolService.java:close(374)) - 2-OrderedRequestStreamObserver2: close
2019-09-24 16:16:20,390 DEBUG client.GrpcClientProtocolService (GrpcClientProtocolService.java:<init>(175)) - new 3-OrderedRequestStreamObserver3
2019-09-24 16:16:20,392 DEBUG client.GrpcClientProtocolService (GrpcClientProtocolService.java:sendReply(353)) - 3-OrderedRequestStreamObserver3: sendReply seq=1, RaftClientReply:client-EDB41257C35F->s2@group-5C26748AB2B1, cid=0, FAILED org.apache.ratis.protocol.LeaderNotReadyException: s2@group-5C26748AB2B1 is in LEADER state but not ready yet., logIndex=0, commits[s2:c-1, s0:c-1, s1:c-1]
2019-09-24 16:16:20,497 DEBUG client.GrpcClientProtocolService (GrpcClientProtocolService.java:close(374)) - 3-OrderedRequestStreamObserver3: close
2019-09-24 16:16:20,608 DEBUG client.GrpcClientProtocolService (GrpcClientProtocolService.java:<init>(175)) - new 4-OrderedRequestStreamObserver4
2019-09-24 16:16:20,610 DEBUG client.GrpcClientProtocolService (GrpcClientProtocolService.java:sendReply(353)) - 4-OrderedRequestStreamObserver4: sendReply seq=1, RaftClientReply:client-EDB41257C35F->s2@group-5C26748AB2B1, cid=0, FAILED org.apache.ratis.protocol.LeaderNotReadyException: s2@group-5C26748AB2B1 is in LEADER state but not ready yet., logIndex=0, commits[s2:c-1, s0:c-1, s1:c-1]
2019-09-24 16:16:20,716 DEBUG client.GrpcClientProtocolService (GrpcClientProtocolService.java:close(374)) - 4-OrderedRequestStreamObserver4: close
2019-09-24 16:16:20,826 DEBUG client.GrpcClientProtocolService (GrpcClientProtocolService.java:<init>(175)) - new 5-OrderedRequestStreamObserver5
2019-09-24 16:16:20,829 DEBUG client.GrpcClientProtocolService (GrpcClientProtocolService.java:sendReply(353)) - 5-OrderedRequestStreamObserver5: sendReply seq=1, RaftClientReply:client-EDB41257C35F->s2@group-5C26748AB2B1, cid=0, FAILED org.apache.ratis.protocol.LeaderNotReadyException: s2@group-5C26748AB2B1 is in LEADER state but not ready yet., logIndex=0, commits[s2:c-1, s0:c-1, s1:c-1]
2019-09-24 16:16:20,934 DEBUG client.GrpcClientProtocolService (GrpcClientProtocolService.java:close(374)) - 5-OrderedRequestStreamObserver5: close
2019-09-24 16:16:21,044 DEBUG client.GrpcClientProtocolService (GrpcClientProtocolService.java:<init>(175)) - new 6-OrderedRequestStreamObserver6
2019-09-24 16:16:21,047 DEBUG client.GrpcClientProtocolService (GrpcClientProtocolService.java:sendReply(353)) - 6-OrderedRequestStreamObserver6: sendReply seq=1, RaftClientReply:client-EDB41257C35F->s2@group-5C26748AB2B1, cid=0, FAILED org.apache.ratis.protocol.LeaderNotReadyException: s2@group-5C26748AB2B1 is in LEADER state but not ready yet., logIndex=0, commits[s2:c-1, s0:c-1, s1:c-1]
2019-09-24 16:16:21,152 DEBUG client.GrpcClientProtocolService (GrpcClientProtocolService.java:close(374)) - 6-OrderedRequestStreamObserver6: close
2019-09-24 16:16:21,261 DEBUG client.GrpcClientProtocolService (GrpcClientProtocolService.java:<init>(175)) - new 7-OrderedRequestStreamObserver7
2019-09-24 16:16:21,263 DEBUG client.GrpcClientProtocolService (GrpcClientProtocolService.java:sendReply(353)) - 7-OrderedRequestStreamObserver7: sendReply seq=1, RaftClientReply:client-EDB41257C35F->s2@group-5C26748AB2B1, cid=0, FAILED org.apache.ratis.protocol.LeaderNotReadyException: s2@group-5C26748AB2B1 is in LEADER state but not ready yet., logIndex=0, commits[s2:c-1, s0:c-1, s1:c-1]
2019-09-24 16:16:21,368 DEBUG client.GrpcClientProtocolService (GrpcClientProtocolService.java:close(374)) - 7-OrderedRequestStreamObserver7: close
2019-09-24 16:16:21,477 DEBUG client.GrpcClientProtocolService (GrpcClientProtocolService.java:<init>(175)) - new 8-OrderedRequestStreamObserver8
2019-09-24 16:16:21,479 DEBUG client.GrpcClientProtocolService (GrpcClientProtocolService.java:sendReply(353)) - 8-OrderedRequestStreamObserver8: sendReply seq=1, RaftClientReply:client-EDB41257C35F->s2@group-5C26748AB2B1, cid=0, FAILED org.apache.ratis.protocol.LeaderNotReadyException: s2@group-5C26748AB2B1 is in LEADER state but not ready yet., logIndex=0, commits[s2:c-1, s0:c-1, s1:c-1]
2019-09-24 16:16:21,583 DEBUG client.GrpcClientProtocolService (GrpcClientProtocolService.java:close(374)) - 8-OrderedRequestStreamObserver8: close
2019-09-24 16:16:21,692 DEBUG client.GrpcClientProtocolService (GrpcClientProtocolService.java:<init>(175)) - new 9-OrderedRequestStreamObserver9
2019-09-24 16:16:21,695 DEBUG client.GrpcClientProtocolService (GrpcClientProtocolService.java:sendReply(353)) - 9-OrderedRequestStreamObserver9: sendReply seq=1, RaftClientReply:client-EDB41257C35F->s2@group-5C26748AB2B1, cid=0, FAILED org.apache.ratis.protocol.LeaderNotReadyException: s2@group-5C26748AB2B1 is in LEADER state but not ready yet., logIndex=0, commits[s2:c-1, s0:c-1, s1:c-1]
2019-09-24 16:16:21,800 DEBUG client.GrpcClientProtocolService (GrpcClientProtocolService.java:close(374)) - 9-OrderedRequestStreamObserver9: close
2019-09-24 16:16:21,908 DEBUG client.GrpcClientProtocolService (GrpcClientProtocolService.java:<init>(175)) - new 10-OrderedRequestStreamObserver10
2019-09-24 16:16:21,910 DEBUG client.GrpcClientProtocolService (GrpcClientProtocolService.java:sendReply(353)) - 10-OrderedRequestStreamObserver10: sendReply seq=1, RaftClientReply:client-EDB41257C35F->s2@group-5C26748AB2B1, cid=0, FAILED org.apache.ratis.protocol.LeaderNotReadyException: s2@group-5C26748AB2B1 is in LEADER state but not ready yet., logIndex=0, commits[s2:c-1, s0:c-1, s1:c-1]
2019-09-24 16:16:22,014 DEBUG client.GrpcClientProtocolService (GrpcClientProtocolService.java:close(374)) - 10-OrderedRequestStreamObserver10: close
2019-09-24 16:16:22,121 DEBUG client.GrpcClientProtocolService (GrpcClientProtocolService.java:<init>(175)) - new 11-OrderedRequestStreamObserver11
2019-09-24 16:16:22,123 DEBUG client.GrpcClientProtocolService (GrpcClientProtocolService.java:sendReply(353)) - 11-OrderedRequestStreamObserver11: sendReply seq=1, RaftClientReply:client-EDB41257C35F->s2@group-5C26748AB2B1, cid=0, FAILED org.apache.ratis.protocol.LeaderNotReadyException: s2@group-5C26748AB2B1 is in LEADER state but not ready yet., logIndex=0, commits[s2:c-1, s0:c-1, s1:c-1]
2019-09-24 16:16:22,228 DEBUG client.GrpcClientProtocolService (GrpcClientProtocolService.java:close(374)) - 11-OrderedRequestStreamObserver11: close
2019-09-24 16:16:22,240 INFO  segmented.SegmentedRaftLogWorker (SegmentedRaftLogWorker.java:execute(569)) - s2@group-5C26748AB2B1-SegmentedRaftLogWorker: created new log segment /workdir/ratis-test/target/test/data/9f1a7c06/MiniRaftClusterWithGrpcfb8a2ce7/s2/12103f4a-e71c-4607-98df-5c26748ab2b1/current/log_inprogress_0
2019-09-24 16:16:22,240 INFO  segmented.SegmentedRaftLogWorker (SegmentedRaftLogWorker.java:execute(569)) - s1@group-5C26748AB2B1-SegmentedRaftLogWorker: created new log segment /workdir/ratis-test/target/test/data/9f1a7c06/MiniRaftClusterWithGrpcfb8a2ce7/s1/12103f4a-e71c-4607-98df-5c26748ab2b1/current/log_inprogress_0
2019-09-24 16:16:22,240 INFO  segmented.SegmentedRaftLogWorker (SegmentedRaftLogWorker.java:execute(569)) - s0@group-5C26748AB2B1-SegmentedRaftLogWorker: created new log segment /workdir/ratis-test/target/test/data/9f1a7c06/MiniRaftClusterWithGrpcfb8a2ce7/s0/12103f4a-e71c-4607-98df-5c26748ab2b1/current/log_inprogress_0
2019-09-24 16:16:22,335 DEBUG client.GrpcClientProtocolService (GrpcClientProtocolService.java:<init>(175)) - new 12-OrderedRequestStreamObserver12
2019-09-24 16:16:22,337 DEBUG client.GrpcClientProtocolService (GrpcClientProtocolService.java:sendReply(353)) - 12-OrderedRequestStreamObserver12: sendReply seq=1, RaftClientReply:client-EDB41257C35F->s2@group-5C26748AB2B1, cid=0, FAILED org.apache.ratis.protocol.LeaderNotReadyException: s2@group-5C26748AB2B1 is in LEADER state but not ready yet., logIndex=0, commits[s2:c-1, s0:c-1, s1:c-1]
2019-09-24 16:16:22,441 DEBUG client.GrpcClientProtocolService (GrpcClientProtocolService.java:close(374)) - 12-OrderedRequestStreamObserver12: close
2019-09-24 16:16:22,548 DEBUG client.GrpcClientProtocolService (GrpcClientProtocolService.java:<init>(175)) - new 13-OrderedRequestStreamObserver13
2019-09-24 16:16:22,550 DEBUG client.GrpcClientProtocolService (GrpcClientProtocolService.java:sendReply(353)) - 13-OrderedRequestStreamObserver13: sendReply seq=1, RaftClientReply:client-EDB41257C35F->s2@group-5C26748AB2B1, cid=0, FAILED org.apache.ratis.protocol.LeaderNotReadyException: s2@group-5C26748AB2B1 is in LEADER state but not ready yet., logIndex=0, commits[s2:c-1, s0:c-1, s1:c-1]
2019-09-24 16:16:22,653 DEBUG client.GrpcClientProtocolService (GrpcClientProtocolService.java:close(374)) - 13-OrderedRequestStreamObserver13: close
2019-09-24 16:16:22,768 DEBUG client.GrpcClientProtocolService (GrpcClientProtocolService.java:<init>(175)) - new 14-OrderedRequestStreamObserver14
2019-09-24 16:16:22,773 DEBUG client.GrpcClientProtocolService (GrpcClientProtocolService.java:sendReply(353)) - 14-OrderedRequestStreamObserver14: sendReply seq=1, RaftClientReply:client-EDB41257C35F->s2@group-5C26748AB2B1, cid=0, FAILED org.apache.ratis.protocol.LeaderNotReadyException: s2@group-5C26748AB2B1 is in LEADER state but not ready yet., logIndex=0, commits[s2:c-1, s0:c-1, s1:c-1]
2019-09-24 16:16:22,879 DEBUG client.GrpcClientProtocolService (GrpcClientProtocolService.java:close(374)) - 14-OrderedRequestStreamObserver14: close
2019-09-24 16:16:22,918 WARN  server.GrpcLogAppender (GrpcLogAppender.java:timeoutAppendRequest(200)) - s2@group-5C26748AB2B1->s1-GrpcLogAppender: appendEntries Timeout, request=s2->s1#1-t3, previous=(t:0, i:0), leaderCommit=-1, initializing? false, entries: size=1, first=(t:3, i:0), CONFIGURATIONENTRY
2019-09-24 16:16:22,918 WARN  server.GrpcLogAppender (GrpcLogAppender.java:timeoutAppendRequest(200)) - s2@group-5C26748AB2B1->s0-GrpcLogAppender: appendEntries Timeout, request=s2->s0#1-t3, previous=(t:0, i:0), leaderCommit=-1, initializing? false, entries: size=1, first=(t:3, i:0), CONFIGURATIONENTRY
2019-09-24 16:16:22,987 DEBUG client.GrpcClientProtocolService (GrpcClientProtocolService.java:<init>(175)) - new 15-OrderedRequestStreamObserver15
2019-09-24 16:16:22,989 DEBUG client.GrpcClientProtocolService (GrpcClientProtocolService.java:sendReply(353)) - 15-OrderedRequestStreamObserver15: sendReply seq=1, RaftClientReply:client-EDB41257C35F->s2@group-5C26748AB2B1, cid=0, FAILED org.apache.ratis.protocol.LeaderNotReadyException: s2@group-5C26748AB2B1 is in LEADER state but not ready yet., logIndex=0, commits[s2:c-1, s0:c-1, s1:c-1]
2019-09-24 16:16:22,993 WARN  server.GrpcLogAppender (GrpcLogAppender.java:timeoutAppendRequest(200)) - s2@group-5C26748AB2B1->s0-GrpcLogAppender: appendEntries Timeout, request=s2->s0#2-t3, previous=(t:3, i:0), leaderCommit=-1, initializing? false, entries: <empty>
2019-09-24 16:16:22,993 WARN  server.GrpcLogAppender (GrpcLogAppender.java:timeoutAppendRequest(200)) - s2@group-5C26748AB2B1->s1-GrpcLogAppender: appendEntries Timeout, request=s2->s1#2-t3, previous=(t:3, i:0), leaderCommit=-1, initializing? false, entries: <empty>
2019-09-24 16:16:23,069 WARN  server.GrpcLogAppender (GrpcLogAppender.java:timeoutAppendRequest(200)) - s2@group-5C26748AB2B1->s0-GrpcLogAppender: appendEntries Timeout, request=s2->s0#3-t3, previous=(t:3, i:0), leaderCommit=-1, initializing? false, entries: <empty>
2019-09-24 16:16:23,069 WARN  server.GrpcLogAppender (GrpcLogAppender.java:timeoutAppendRequest(200)) - s2@group-5C26748AB2B1->s1-GrpcLogAppender: appendEntries Timeout, request=s2->s1#3-t3, previous=(t:3, i:0), leaderCommit=-1, initializing? false, entries: <empty>
2019-09-24 16:16:23,094 DEBUG client.GrpcClientProtocolService (GrpcClientProtocolService.java:close(374)) - 15-OrderedRequestStreamObserver15: close
2019-09-24 16:16:23,144 WARN  server.GrpcLogAppender (GrpcLogAppender.java:timeoutAppendRequest(200)) - s2@group-5C26748AB2B1->s0-GrpcLogAppender: appendEntries Timeout, request=s2->s0#4-t3, previous=(t:3, i:0), leaderCommit=-1, initializing? false, entries: <empty>
2019-09-24 16:16:23,144 WARN  server.GrpcLogAppender (GrpcLogAppender.java:timeoutAppendRequest(200)) - s2@group-5C26748AB2B1->s1-GrpcLogAppender: appendEntries Timeout, request=s2->s1#4-t3, previous=(t:3, i:0), leaderCommit=-1, initializing? false, entries: <empty>
2019-09-24 16:16:23,188 WARN  server.GrpcLogAppender (GrpcLogAppender.java:onNextImpl(251)) - s2@group-5C26748AB2B1->s1-AppendLogResponseHandler: Request not found, ignoring reply: s2<-s1#1:OK,SUCCESS,nextIndex:1,term:3,followerCommit:-1
2019-09-24 16:16:23,188 WARN  server.GrpcLogAppender (GrpcLogAppender.java:onNextImpl(251)) - s2@group-5C26748AB2B1->s0-AppendLogResponseHandler: Request not found, ignoring reply: s2<-s0#1:OK,SUCCESS,nextIndex:1,term:3,followerCommit:-1
2019-09-24 16:16:23,200 WARN  server.GrpcLogAppender (GrpcLogAppender.java:onNextImpl(251)) - s2@group-5C26748AB2B1->s0-AppendLogResponseHandler: Request not found, ignoring reply: s2<-s0#2:OK,SUCCESS,nextIndex:1,term:3,followerCommit:-1
2019-09-24 16:16:23,201 WARN  server.GrpcLogAppender (GrpcLogAppender.java:onNextImpl(251)) - s2@group-5C26748AB2B1->s0-AppendLogResponseHandler: Request not found, ignoring reply: s2<-s0#3:OK,SUCCESS,nextIndex:1,term:3,followerCommit:-1
2019-09-24 16:16:23,201 WARN  server.GrpcLogAppender (GrpcLogAppender.java:onNextImpl(251)) - s2@group-5C26748AB2B1->s1-AppendLogResponseHandler: Request not found, ignoring reply: s2<-s1#2:OK,SUCCESS,nextIndex:1,term:3,followerCommit:-1
2019-09-24 16:16:23,201 WARN  server.GrpcLogAppender (GrpcLogAppender.java:onNextImpl(251)) - s2@group-5C26748AB2B1->s0-AppendLogResponseHandler: Request not found, ignoring reply: s2<-s0#4:OK,SUCCESS,nextIndex:1,term:3,followerCommit:-1
2019-09-24 16:16:23,201 WARN  server.GrpcLogAppender (GrpcLogAppender.java:onNextImpl(251)) - s2@group-5C26748AB2B1->s1-AppendLogResponseHandler: Request not found, ignoring reply: s2<-s1#3:OK,SUCCESS,nextIndex:1,term:3,followerCommit:-1
2019-09-24 16:16:23,202 WARN  server.GrpcLogAppender (GrpcLogAppender.java:onNextImpl(251)) - s2@group-5C26748AB2B1->s1-AppendLogResponseHandler: Request not found, ignoring reply: s2<-s1#4:OK,SUCCESS,nextIndex:1,term:3,followerCommit:-1
2019-09-24 16:16:23,204 DEBUG client.GrpcClientProtocolService (GrpcClientProtocolService.java:<init>(175)) - new 16-OrderedRequestStreamObserver16
2019-09-24 16:16:23,245 DEBUG client.GrpcClientProtocolService (GrpcClientProtocolService.java:sendReply(353)) - 16-OrderedRequestStreamObserver16: sendReply seq=1, RaftClientReply:client-EDB41257C35F->s2@group-5C26748AB2B1, cid=0, SUCCESS, logIndex=1, commits[s2:c1, s0:c0, s1:c0]
2019-09-24 16:16:23,264 DEBUG client.GrpcClientProtocolService (GrpcClientProtocolService.java:sendReply(353)) - 16-OrderedRequestStreamObserver16: sendReply seq=2, RaftClientReply:client-EDB41257C35F->s2@group-5C26748AB2B1, cid=1, SUCCESS, logIndex=3, commits[s2:c3, s0:c0, s1:c2]
2019-09-24 16:16:23,268 DEBUG client.GrpcClientProtocolService (GrpcClientProtocolService.java:sendReply(353)) - 16-OrderedRequestStreamObserver16: sendReply seq=3, RaftClientReply:client-EDB41257C35F->s2@group-5C26748AB2B1, cid=2, SUCCESS, logIndex=4, commits[s2:c4, s0:c0, s1:c2]
2019-09-24 16:16:23,269 DEBUG client.GrpcClientProtocolService (GrpcClientProtocolService.java:sendReply(353)) - 16-OrderedRequestStreamObserver16: sendReply seq=4, RaftClientReply:client-EDB41257C35F->s2@group-5C26748AB2B1, cid=3, SUCCESS, logIndex=5, commits[s2:c5, s0:c0, s1:c2]
2019-09-24 16:16:23,271 DEBUG client.GrpcClientProtocolService (GrpcClientProtocolService.java:sendReply(353)) - 16-OrderedRequestStreamObserver16: sendReply seq=5, RaftClientReply:client-EDB41257C35F->s2@group-5C26748AB2B1, cid=4, SUCCESS, logIndex=6, commits[s2:c6, s0:c0, s1:c2]
2019-09-24 16:16:23,326 DEBUG client.GrpcClientProtocolService (GrpcClientProtocolService.java:sendReply(353)) - 16-OrderedRequestStreamObserver16: sendReply seq=6, RaftClientReply:client-EDB41257C35F->s2@group-5C26748AB2B1, cid=5, SUCCESS, logIndex=7, commits[s2:c7, s0:c0, s1:c2]
2019-09-24 16:16:23,329 DEBUG client.GrpcClientProtocolService (GrpcClientProtocolService.java:sendReply(353)) - 16-OrderedRequestStreamObserver16: sendReply seq=7, RaftClientReply:client-EDB41257C35F->s2@group-5C26748AB2B1, cid=6, SUCCESS, logIndex=8, commits[s2:c8, s0:c0, s1:c2]
2019-09-24 16:16:23,330 DEBUG client.GrpcClientProtocolService (GrpcClientProtocolService.java:sendReply(353)) - 16-OrderedRequestStreamObserver16: sendReply seq=8, RaftClientReply:client-EDB41257C35F->s2@group-5C26748AB2B1, cid=7, SUCCESS, logIndex=9, commits[s2:c9, s0:c0, s1:c2]
2019-09-24 16:16:23,331 DEBUG client.GrpcClientProtocolService (GrpcClientProtocolService.java:sendReply(353)) - 16-OrderedRequestStreamObserver16: sendReply seq=9, RaftClientReply:client-EDB41257C35F->s2@group-5C26748AB2B1, cid=8, SUCCESS, logIndex=10, commits[s2:c10, s0:c0, s1:c2]
2019-09-24 16:16:23,332 DEBUG client.GrpcClientProtocolService (GrpcClientProtocolService.java:sendReply(353)) - 16-OrderedRequestStreamObserver16: sendReply seq=10, RaftClientReply:client-EDB41257C35F->s2@group-5C26748AB2B1, cid=9, SUCCESS, logIndex=11, commits[s2:c12, s0:c1, s1:c2]
2019-09-24 16:16:23,332 DEBUG client.GrpcClientProtocolService (GrpcClientProtocolService.java:sendReply(353)) - 16-OrderedRequestStreamObserver16: sendReply seq=11, RaftClientReply:client-EDB41257C35F->s2@group-5C26748AB2B1, cid=10, SUCCESS, logIndex=12, commits[s2:c13, s0:c2, s1:c2]
2019-09-24 16:16:23,333 DEBUG client.GrpcClientProtocolService (GrpcClientProtocolService.java:sendReply(353)) - 16-OrderedRequestStreamObserver16: sendReply seq=12, RaftClientReply:client-EDB41257C35F->s2@group-5C26748AB2B1, cid=11, SUCCESS, logIndex=13, commits[s2:c13, s0:c2, s1:c2]
2019-09-24 16:16:23,333 DEBUG client.GrpcClientProtocolService (GrpcClientProtocolService.java:sendReply(353)) - 16-OrderedRequestStreamObserver16: sendReply seq=13, RaftClientReply:client-EDB41257C35F->s2@group-5C26748AB2B1, cid=12, SUCCESS, logIndex=14, commits[s2:c14, s0:c2, s1:c3]
2019-09-24 16:16:23,347 DEBUG client.GrpcClientProtocolService (GrpcClientProtocolService.java:sendReply(353)) - 16-OrderedRequestStreamObserver16: sendReply seq=14, RaftClientReply:client-EDB41257C35F->s2@group-5C26748AB2B1, cid=13, SUCCESS, logIndex=18, commits[s2:c18, s0:c5, s1:c5]
2019-09-24 16:16:23,350 DEBUG client.GrpcClientProtocolService (GrpcClientProtocolService.java:sendReply(353)) - 16-OrderedRequestStreamObserver16: sendReply seq=15, RaftClientReply:client-EDB41257C35F->s2@group-5C26748AB2B1, cid=14, SUCCESS, logIndex=22, commits[s2:c22, s0:c8, s1:c5]
2019-09-24 16:16:23,352 DEBUG client.GrpcClientProtocolService (GrpcClientProtocolService.java:sendReply(353)) - 16-OrderedRequestStreamObserver16: sendReply seq=16, RaftClientReply:client-EDB41257C35F->s2@group-5C26748AB2B1, cid=15, SUCCESS, logIndex=25, commits[s2:c25, s0:c13, s1:c10]
2019-09-24 16:16:23,353 DEBUG client.GrpcClientProtocolService (GrpcClientProtocolService.java:sendReply(353)) - 16-OrderedRequestStreamObserver16: sendReply seq=17, RaftClientReply:client-EDB41257C35F->s2@group-5C26748AB2B1, cid=16, SUCCESS, logIndex=29, commits[s2:c29, s0:c16, s1:c16]
2019-09-24 16:16:23,355 DEBUG client.GrpcClientProtocolService (GrpcClientProtocolService.java:sendReply(353)) - 16-OrderedRequestStreamObserver16: sendReply seq=18, RaftClientReply:client-EDB41257C35F->s2@group-5C26748AB2B1, cid=17, SUCCESS, logIndex=30, commits[s2:c32, s0:c16, s1:c16]
2019-09-24 16:16:23,356 DEBUG client.GrpcClientProtocolService (GrpcClientProtocolService.java:sendReply(353)) - 16-OrderedRequestStreamObserver16: sendReply seq=19, RaftClientReply:client-EDB41257C35F->s2@group-5C26748AB2B1, cid=18, SUCCESS, logIndex=31, commits[s2:c34, s0:c16, s1:c16]
2019-09-24 16:16:23,356 DEBUG client.GrpcClientProtocolService (GrpcClientProtocolService.java:sendReply(353)) - 16-OrderedRequestStreamObserver16: sendReply seq=20, RaftClientReply:client-EDB41257C35F->s2@group-5C26748AB2B1, cid=19, SUCCESS, logIndex=32, commits[s2:c35, s0:c16, s1:c16]
2019-09-24 16:16:23,357 DEBUG client.GrpcClientProtocolService (GrpcClientProtocolService.java:sendReply(353)) - 16-OrderedRequestStreamObserver16: sendReply seq=21, RaftClientReply:client-EDB41257C35F->s2@group-5C26748AB2B1, cid=20, SUCCESS, logIndex=33, commits[s2:c35, s0:c16, s1:c16]
2019-09-24 16:16:23,358 DEBUG client.GrpcClientProtocolService (GrpcClientProtocolService.java:sendReply(353)) - 16-OrderedRequestStreamObserver16: sendReply seq=22, RaftClientReply:client-EDB41257C35F->s2@group-5C26748AB2B1, cid=21, SUCCESS, logIndex=34, commits[s2:c37, s0:c16, s1:c16]
2019-09-24 16:16:23,358 DEBUG client.GrpcClientProtocolService (GrpcClientProtocolService.java:sendReply(353)) - 16-OrderedRequestStreamObserver16: sendReply seq=23, RaftClientReply:client-EDB41257C35F->s2@group-5C26748AB2B1, cid=22, SUCCESS, logIndex=35, commits[s2:c40, s0:c16, s1:c16]
2019-09-24 16:16:23,358 DEBUG client.GrpcClientProtocolService (GrpcClientProtocolService.java:sendReply(353)) - 16-OrderedRequestStreamObserver16: sendReply seq=24, RaftClientReply:client-EDB41257C35F->s2@group-5C26748AB2B1, cid=23, SUCCESS, logIndex=36, commits[s2:c42, s0:c16, s1:c16]
2019-09-24 16:16:23,359 DEBUG client.GrpcClientProtocolService (GrpcClientProtocolService.java:sendReply(353)) - 16-OrderedRequestStreamObserver16: sendReply seq=25, RaftClientReply:client-EDB41257C35F->s2@group-5C26748AB2B1, cid=24, SUCCESS, logIndex=37, commits[s2:c42, s0:c16, s1:c16]
2019-09-24 16:16:23,360 DEBUG client.GrpcClientProtocolService (GrpcClientProtocolService.java:sendReply(353)) - 16-OrderedRequestStreamObserver16: sendReply seq=26, RaftClientReply:client-EDB41257C35F->s2@group-5C26748AB2B1, cid=25, SUCCESS, logIndex=38, commits[s2:c42, s0:c16, s1:c16]
2019-09-24 16:16:23,360 DEBUG client.GrpcClientProtocolService (GrpcClientProtocolService.java:sendReply(353)) - 16-OrderedRequestStreamObserver16: sendReply seq=27, RaftClientReply:client-EDB41257C35F->s2@group-5C26748AB2B1, cid=26, SUCCESS, logIndex=39, commits[s2:c42, s0:c16, s1:c16]
2019-09-24 16:16:23,361 DEBUG client.GrpcClientProtocolService (GrpcClientProtocolService.java:sendReply(353)) - 16-OrderedRequestStreamObserver16: sendReply seq=28, RaftClientReply:client-EDB41257C35F->s2@group-5C26748AB2B1, cid=27, SUCCESS, logIndex=40, commits[s2:c42, s0:c16, s1:c16]
2019-09-24 16:16:23,361 DEBUG client.GrpcClientProtocolService (GrpcClientProtocolService.java:sendReply(353)) - 16-OrderedRequestStreamObserver16: sendReply seq=29, RaftClientReply:client-EDB41257C35F->s2@group-5C26748AB2B1, cid=28, SUCCESS, logIndex=41, commits[s2:c42, s0:c16, s1:c16]
2019-09-24 16:16:23,361 DEBUG client.GrpcClientProtocolService (GrpcClientProtocolService.java:sendReply(353)) - 16-OrderedRequestStreamObserver16: sendReply seq=30, RaftClientReply:client-EDB41257C35F->s2@group-5C26748AB2B1, cid=29, SUCCESS, logIndex=42, commits[s2:c42, s0:c16, s1:c16]
2019-09-24 16:16:23,373 DEBUG client.GrpcClientProtocolService (GrpcClientProtocolService.java:sendReply(353)) - 16-OrderedRequestStreamObserver16: sendReply seq=31, RaftClientReply:client-EDB41257C35F->s2@group-5C26748AB2B1, cid=30, SUCCESS, logIndex=43, commits[s2:c43, s0:c16, s1:c16]
2019-09-24 16:16:23,374 DEBUG client.GrpcClientProtocolService (GrpcClientProtocolService.java:sendReply(353)) - 16-OrderedRequestStreamObserver16: sendReply seq=32, RaftClientReply:client-EDB41257C35F->s2@group-5C26748AB2B1, cid=31, SUCCESS, logIndex=44, commits[s2:c45, s0:c17, s1:c16]
2019-09-24 16:16:23,375 DEBUG client.GrpcClientProtocolService (GrpcClientProtocolService.java:sendReply(353)) - 16-OrderedRequestStreamObserver16: sendReply seq=33, RaftClientReply:client-EDB41257C35F->s2@group-5C26748AB2B1, cid=32, SUCCESS, logIndex=45, commits[s2:c45, s0:c17, s1:c16]
2019-09-24 16:16:23,375 DEBUG client.GrpcClientProtocolService (GrpcClientProtocolService.java:sendReply(353)) - 16-OrderedRequestStreamObserver16: sendReply seq=34, RaftClientReply:client-EDB41257C35F->s2@group-5C26748AB2B1, cid=33, SUCCESS, logIndex=46, commits[s2:c49, s0:c18, s1:c17]
2019-09-24 16:16:23,376 DEBUG client.GrpcClientProtocolService (GrpcClientProtocolService.java:sendReply(353)) - 16-OrderedRequestStreamObserver16: sendReply seq=35, RaftClientReply:client-EDB41257C35F->s2@group-5C26748AB2B1, cid=34, SUCCESS, logIndex=47, commits[s2:c51, s0:c18, s1:c17]
2019-09-24 16:16:23,377 DEBUG client.GrpcClientProtocolService (GrpcClientProtocolService.java:sendReply(353)) - 16-OrderedRequestStreamObserver16: sendReply seq=36, RaftClientReply:client-EDB41257C35F->s2@group-5C26748AB2B1, cid=35, SUCCESS, logIndex=48, commits[s2:c51, s0:c18, s1:c17]
2019-09-24 16:16:23,378 DEBUG client.GrpcClientProtocolService (GrpcClientProtocolService.java:sendReply(353)) - 16-OrderedRequestStreamObserver16: sendReply seq=37, RaftClientReply:client-EDB41257C35F->s2@group-5C26748AB2B1, cid=36, SUCCESS, logIndex=49, commits[s2:c51, s0:c18, s1:c18]
2019-09-24 16:16:23,378 DEBUG client.GrpcClientProtocolService (GrpcClientProtocolService.java:sendReply(353)) - 16-OrderedRequestStreamObserver16: sendReply seq=38, RaftClientReply:client-EDB41257C35F->s2@group-5C26748AB2B1, cid=37, SUCCESS, logIndex=51, commits[s2:c51, s0:c18, s1:c22]
2019-09-24 16:16:23,380 DEBUG client.GrpcClientProtocolService (GrpcClientProtocolService.java:sendReply(353)) - 16-OrderedRequestStreamObserver16: sendReply seq=39, RaftClientReply:client-EDB41257C35F->s2@group-5C26748AB2B1, cid=38, SUCCESS, logIndex=55, commits[s2:c55, s0:c18, s1:c32]
2019-09-24 16:16:23,384 DEBUG client.GrpcClientProtocolService (GrpcClientProtocolService.java:sendReply(353)) - 16-OrderedRequestStreamObserver16: sendReply seq=40, RaftClientReply:client-EDB41257C35F->s2@group-5C26748AB2B1, cid=39, SUCCESS, logIndex=60, commits[s2:c60, s0:c29, s1:c35]
2019-09-24 16:16:23,386 DEBUG client.GrpcClientProtocolService (GrpcClientProtocolService.java:sendReply(353)) - 16-OrderedRequestStreamObserver16: sendReply seq=41, RaftClientReply:client-EDB41257C35F->s2@group-5C26748AB2B1, cid=40, SUCCESS, logIndex=65, commits[s2:c65, s0:c35, s1:c42]
2019-09-24 16:16:23,391 DEBUG client.GrpcClientProtocolService (GrpcClientProtocolService.java:sendReply(353)) - 16-OrderedRequestStreamObserver16: sendReply seq=42, RaftClientReply:client-EDB41257C35F->s2@group-5C26748AB2B1, cid=41, SUCCESS, logIndex=66, commits[s2:c69, s0:c41, s1:c42]
2019-09-24 16:16:23,392 DEBUG client.GrpcClientProtocolService (GrpcClientProtocolService.java:sendReply(353)) - 16-OrderedRequestStreamObserver16: sendReply seq=43, RaftClientReply:client-EDB41257C35F->s2@group-5C26748AB2B1, cid=42, SUCCESS, logIndex=67, commits[s2:c69, s0:c42, s1:c42]
2019-09-24 16:16:23,393 DEBUG client.GrpcClientProtocolService (GrpcClientProtocolService.java:sendReply(353)) - 16-OrderedRequestStreamObserver16: sendReply seq=44, RaftClientReply:client-EDB41257C35F->s2@group-5C26748AB2B1, cid=43, SUCCESS, logIndex=68, commits[s2:c72, s0:c42, s1:c42]
2019-09-24 16:16:23,393 DEBUG client.GrpcClientProtocolService (GrpcClientProtocolService.java:sendReply(353)) - 16-OrderedRequestStreamObserver16: sendReply seq=45, RaftClientReply:client-EDB41257C35F->s2@group-5C26748AB2B1, cid=44, SUCCESS, logIndex=69, commits[s2:c74, s0:c42, s1:c42]
2019-09-24 16:16:23,393 DEBUG client.GrpcClientProtocolService (GrpcClientProtocolService.java:sendReply(353)) - 16-OrderedRequestStreamObserver16: sendReply seq=46, RaftClientReply:client-EDB41257C35F->s2@group-5C26748AB2B1, cid=45, SUCCESS, logIndex=70, commits[s2:c76, s0:c42, s1:c42]
2019-09-24 16:16:23,394 DEBUG client.GrpcClientProtocolService (GrpcClientProtocolService.java:sendReply(353)) - 16-OrderedRequestStreamObserver16: sendReply seq=47, RaftClientReply:client-EDB41257C35F->s2@group-5C26748AB2B1, cid=46, SUCCESS, logIndex=71, commits[s2:c78, s0:c42, s1:c42]
2019-09-24 16:16:23,395 DEBUG client.GrpcClientProtocolService (GrpcClientProtocolService.java:sendReply(353)) - 16-OrderedRequestStreamObserver16: sendReply seq=48, RaftClientReply:client-EDB41257C35F->s2@group-5C26748AB2B1, cid=47, SUCCESS, logIndex=72, commits[s2:c80, s0:c42, s1:c42]
2019-09-24 16:16:23,396 DEBUG client.GrpcClientProtocolService (GrpcClientProtocolService.java:sendReply(353)) - 16-OrderedRequestStreamObserver16: sendReply seq=49, RaftClientReply:client-EDB41257C35F->s2@group-5C26748AB2B1, cid=48, SUCCESS, logIndex=73, commits[s2:c80, s0:c42, s1:c42]
2019-09-24 16:16:23,397 DEBUG client.GrpcClientProtocolService (GrpcClientProtocolService.java:sendReply(353)) - 16-OrderedRequestStreamObserver16: sendReply seq=50, RaftClientReply:client-EDB41257C35F->s2@group-5C26748AB2B1, cid=49, SUCCESS, logIndex=74, commits[s2:c80, s0:c42, s1:c42]
2019-09-24 16:16:23,397 DEBUG client.GrpcClientProtocolService (GrpcClientProtocolService.java:sendReply(353)) - 16-OrderedRequestStreamObserver16: sendReply seq=51, RaftClientReply:client-EDB41257C35F->s2@group-5C26748AB2B1, cid=50, SUCCESS, logIndex=75, commits[s2:c80, s0:c42, s1:c42]
2019-09-24 16:16:23,397 DEBUG client.GrpcClientProtocolService (GrpcClientProtocolService.java:sendReply(353)) - 16-OrderedRequestStreamObserver16: sendReply seq=52, RaftClientReply:client-EDB41257C35F->s2@group-5C26748AB2B1, cid=51, SUCCESS, logIndex=76, commits[s2:c80, s0:c42, s1:c42]
2019-09-24 16:16:23,398 DEBUG client.GrpcClientProtocolService (GrpcClientProtocolService.java:sendReply(353)) - 16-OrderedRequestStreamObserver16: sendReply seq=53, RaftClientReply:client-EDB41257C35F->s2@group-5C26748AB2B1, cid=52, SUCCESS, logIndex=77, commits[s2:c80, s0:c42, s1:c42]
2019-09-24 16:16:23,398 DEBUG client.GrpcClientProtocolService (GrpcClientProtocolService.java:sendReply(353)) - 16-OrderedRequestStreamObserver16: sendReply seq=54, RaftClientReply:client-EDB41257C35F->s2@group-5C26748AB2B1, cid=53, SUCCESS, logIndex=78, commits[s2:c80, s0:c42, s1:c42]
2019-09-24 16:16:23,399 DEBUG client.GrpcClientProtocolService (GrpcClientProtocolService.java:sendReply(353)) - 16-OrderedRequestStreamObserver16: sendReply seq=55, RaftClientReply:client-EDB41257C35F->s2@group-5C26748AB2B1, cid=54, SUCCESS, logIndex=79, commits[s2:c80, s0:c42, s1:c42]
2019-09-24 16:16:23,399 DEBUG client.GrpcClientProtocolService (GrpcClientProtocolService.java:sendReply(353)) - 16-OrderedRequestStreamObserver16: sendReply seq=56, RaftClientReply:client-EDB41257C35F->s2@group-5C26748AB2B1, cid=55, SUCCESS, logIndex=80, commits[s2:c80, s0:c42, s1:c42]
2019-09-24 16:16:23,400 DEBUG client.GrpcClientProtocolService (GrpcClientProtocolService.java:sendReply(353)) - 16-OrderedRequestStreamObserver16: sendReply seq=57, RaftClientReply:client-EDB41257C35F->s2@group-5C26748AB2B1, cid=56, SUCCESS, logIndex=81, commits[s2:c82, s0:c42, s1:c42]
2019-09-24 16:16:23,401 DEBUG client.GrpcClientProtocolService (GrpcClientProtocolService.java:sendReply(353)) - 16-OrderedRequestStreamObserver16: sendReply seq=58, RaftClientReply:client-EDB41257C35F->s2@group-5C26748AB2B1, cid=57, SUCCESS, logIndex=82, commits[s2:c83, s0:c42, s1:c42]
2019-09-24 16:16:23,402 DEBUG client.GrpcClientProtocolService (GrpcClientProtocolService.java:sendReply(353)) - 16-OrderedRequestStreamObserver16: sendReply seq=59, RaftClientReply:client-EDB41257C35F->s2@group-5C26748AB2B1, cid=58, SUCCESS, logIndex=83, commits[s2:c83, s0:c42, s1:c42]
2019-09-24 16:16:23,402 DEBUG client.GrpcClientProtocolService (GrpcClientProtocolService.java:sendReply(353)) - 16-OrderedRequestStreamObserver16: sendReply seq=60, RaftClientReply:client-EDB41257C35F->s2@group-5C26748AB2B1, cid=59, SUCCESS, logIndex=84, commits[s2:c84, s0:c42, s1:c43]
2019-09-24 16:16:23,402 DEBUG client.GrpcClientProtocolService (GrpcClientProtocolService.java:sendReply(353)) - 16-OrderedRequestStreamObserver16: sendReply seq=61, RaftClientReply:client-EDB41257C35F->s2@group-5C26748AB2B1, cid=60, SUCCESS, logIndex=85, commits[s2:c85, s0:c42, s1:c45]
2019-09-24 16:16:23,402 DEBUG client.GrpcClientProtocolService (GrpcClientProtocolService.java:sendReply(353)) - 16-OrderedRequestStreamObserver16: sendReply seq=62, RaftClientReply:client-EDB41257C35F->s2@group-5C26748AB2B1, cid=61, SUCCESS, logIndex=88, commits[s2:c88, s0:c42, s1:c45]
2019-09-24 16:16:23,403 DEBUG client.GrpcClientProtocolService (GrpcClientProtocolService.java:sendReply(353)) - 16-OrderedRequestStreamObserver16: sendReply seq=63, RaftClientReply:client-EDB41257C35F->s2@group-5C26748AB2B1, cid=62, SUCCESS, logIndex=91, commits[s2:c91, s0:c42, s1:c54]
2019-09-24 16:16:23,403 DEBUG client.GrpcClientProtocolService (GrpcClientProtocolService.java:sendReply(353)) - 16-OrderedRequestStreamObserver16: sendReply seq=64, RaftClientReply:client-EDB41257C35F->s2@group-5C26748AB2B1, cid=63, SUCCESS, logIndex=92, commits[s2:c93, s0:c42, s1:c55]
2019-09-24 16:16:23,403 DEBUG client.GrpcClientProtocolService (GrpcClientProtocolService.java:sendReply(353)) - 16-OrderedRequestStreamObserver16: sendReply seq=65, RaftClientReply:client-EDB41257C35F->s2@group-5C26748AB2B1, cid=64, SUCCESS, logIndex=94, commits[s2:c94, s0:c42, s1:c55]
2019-09-24 16:16:23,404 DEBUG client.GrpcClientProtocolService (GrpcClientProtocolService.java:sendReply(353)) - 16-OrderedRequestStreamObserver16: sendReply seq=66, RaftClientReply:client-EDB41257C35F->s2@group-5C26748AB2B1, cid=65, SUCCESS, logIndex=95, commits[s2:c95, s0:c42, s1:c58]
2019-09-24 16:16:23,404 DEBUG client.GrpcClientProtocolService (GrpcClientProtocolService.java:sendReply(353)) - 16-OrderedRequestStreamObserver16: sendReply seq=67, RaftClientReply:client-EDB41257C35F->s2@group-5C26748AB2B1, cid=66, SUCCESS, logIndex=96, commits[s2:c97, s0:c42, s1:c60]
2019-09-24 16:16:23,404 DEBUG client.GrpcClientProtocolService (GrpcClientProtocolService.java:sendReply(353)) - 16-OrderedRequestStreamObserver16: sendReply seq=68, RaftClientReply:client-EDB41257C35F->s2@group-5C26748AB2B1, cid=67, SUCCESS, logIndex=98, commits[s2:c98, s0:c42, s1:c62]
2019-09-24 16:16:23,405 DEBUG client.GrpcClientProtocolService (GrpcClientProtocolService.java:sendReply(353)) - 16-OrderedRequestStreamObserver16: sendReply seq=69, RaftClientReply:client-EDB41257C35F->s2@group-5C26748AB2B1, cid=68, SUCCESS, logIndex=100, commits[s2:c100, s0:c42, s1:c65]
2019-09-24 16:16:24,064 DEBUG client.GrpcClientProtocolService (GrpcClientProtocolService.java:sendReply(353)) - 16-OrderedRequestStreamObserver16: sendReply seq=70, RaftClientReply:client-EDB41257C35F->s2@group-5C26748AB2B1, cid=69, SUCCESS, logIndex=108, commits[s2:c108, s0:c72, s1:c100]
2019-09-24 16:16:24,067 DEBUG client.GrpcClientProtocolService (GrpcClientProtocolService.java:sendReply(353)) - 16-OrderedRequestStreamObserver16: sendReply seq=71, RaftClientReply:client-EDB41257C35F->s2@group-5C26748AB2B1, cid=70, SUCCESS, logIndex=119, commits[s2:c119, s0:c72, s1:c100]
2019-09-24 16:16:24,071 DEBUG client.GrpcClientProtocolService (GrpcClientProtocolService.java:sendReply(353)) - 16-OrderedRequestStreamObserver16: sendReply seq=72, RaftClientReply:client-EDB41257C35F->s2@group-5C26748AB2B1, cid=71, SUCCESS, logIndex=120, commits[s2:c120, s0:c72, s1:c100]
2019-09-24 16:16:24,072 DEBUG client.GrpcClientProtocolService (GrpcClientProtocolService.java:sendReply(353)) - 16-OrderedRequestStreamObserver16: sendReply seq=73, RaftClientReply:client-EDB41257C35F->s2@group-5C26748AB2B1, cid=72, SUCCESS, logIndex=121, commits[s2:c122, s0:c72, s1:c100]
2019-09-24 16:16:24,073 DEBUG client.GrpcClientProtocolService (GrpcClientProtocolService.java:sendReply(353)) - 16-OrderedRequestStreamObserver16: sendReply seq=74, RaftClientReply:client-EDB41257C35F->s2@group-5C26748AB2B1, cid=73, SUCCESS, logIndex=122, commits[s2:c122, s0:c72, s1:c100]
2019-09-24 16:16:24,075 DEBUG client.GrpcClientProtocolService (GrpcClientProtocolService.java:sendReply(353)) - 16-OrderedRequestStreamObserver16: sendReply seq=75, RaftClientReply:client-EDB41257C35F->s2@group-5C26748AB2B1, cid=74, SUCCESS, logIndex=123, commits[s2:c124, s0:c72, s1:c100]
2019-09-24 16:16:24,077 DEBUG client.GrpcClientProtocolService (GrpcClientProtocolService.java:sendReply(353)) - 16-OrderedRequestStreamObserver16: sendReply seq=76, RaftClientReply:client-EDB41257C35F->s2@group-5C26748AB2B1, cid=75, SUCCESS, logIndex=124, commits[s2:c129, s0:c72, s1:c100]
2019-09-24 16:16:24,078 DEBUG client.GrpcClientProtocolService (GrpcClientProtocolService.java:sendReply(353)) - 16-OrderedRequestStreamObserver16: sendReply seq=77, RaftClientReply:client-EDB41257C35F->s2@group-5C26748AB2B1, cid=76, SUCCESS, logIndex=125, commits[s2:c129, s0:c72, s1:c100]
2019-09-24 16:16:24,078 DEBUG client.GrpcClientProtocolService (GrpcClientProtocolService.java:sendReply(353)) - 16-OrderedRequestStreamObserver16: sendReply seq=78, RaftClientReply:client-EDB41257C35F->s2@group-5C26748AB2B1, cid=77, SUCCESS, logIndex=126, commits[s2:c135, s0:c72, s1:c100]
2019-09-24 16:16:24,079 DEBUG client.GrpcClientProtocolService (GrpcClientProtocolService.java:sendReply(353)) - 16-OrderedRequestStreamObserver16: sendReply seq=79, RaftClientReply:client-EDB41257C35F->s2@group-5C26748AB2B1, cid=78, SUCCESS, logIndex=127, commits[s2:c137, s0:c72, s1:c100]
2019-09-24 16:16:24,079 DEBUG client.GrpcClientProtocolService (GrpcClientProtocolService.java:sendReply(353)) - 16-OrderedRequestStreamObserver16: sendReply seq=80, RaftClientReply:client-EDB41257C35F->s2@group-5C26748AB2B1, cid=79, SUCCESS, logIndex=128, commits[s2:c139, s0:c72, s1:c100]
2019-09-24 16:16:24,079 DEBUG client.GrpcClientProtocolService (GrpcClientProtocolService.java:sendReply(353)) - 16-OrderedRequestStreamObserver16: sendReply seq=81, RaftClientReply:client-EDB41257C35F->s2@group-5C26748AB2B1, cid=80, SUCCESS, logIndex=129, commits[s2:c140, s0:c72, s1:c100]
2019-09-24 16:16:24,082 DEBUG client.GrpcClientProtocolService (GrpcClientProtocolService.java:sendReply(353)) - 16-OrderedRequestStreamObserver16: sendReply seq=82, RaftClientReply:client-EDB41257C35F->s2@group-5C26748AB2B1, cid=81, SUCCESS, logIndex=130, commits[s2:c141, s0:c72, s1:c100]
2019-09-24 16:16:24,083 DEBUG client.GrpcClientProtocolService (GrpcClientProtocolService.java:sendReply(353)) - 16-OrderedRequestStreamObserver16: sendReply seq=83, RaftClientReply:client-EDB41257C35F->s2@group-5C26748AB2B1, cid=82, SUCCESS, logIndex=131, commits[s2:c143, s0:c72, s1:c100]
2019-09-24 16:16:24,083 DEBUG client.GrpcClientProtocolService (GrpcClientProtocolService.java:sendReply(353)) - 16-OrderedRequestStreamObserver16: sendReply seq=84, RaftClientReply:client-EDB41257C35F->s2@group-5C26748AB2B1, cid=83, SUCCESS, logIndex=132, commits[s2:c143, s0:c72, s1:c100]
2019-09-24 16:16:24,084 DEBUG client.GrpcClientProtocolService (GrpcClientProtocolService.java:sendReply(353)) - 16-OrderedRequestStreamObserver16: sendReply seq=85, RaftClientReply:client-EDB41257C35F->s2@group-5C26748AB2B1, cid=84, SUCCESS, logIndex=133, commits[s2:c145, s0:c72, s1:c100]
2019-09-24 16:16:24,085 DEBUG client.GrpcClientProtocolService (GrpcClientProtocolService.java:sendReply(353)) - 16-OrderedRequestStreamObserver16: sendReply seq=86, RaftClientReply:client-EDB41257C35F->s2@group-5C26748AB2B1, cid=85, SUCCESS, logIndex=134, commits[s2:c147, s0:c72, s1:c100]
2019-09-24 16:16:24,085 DEBUG client.GrpcClientProtocolService (GrpcClientProtocolService.java:sendReply(353)) - 16-OrderedRequestStreamObserver16: sendReply seq=87, RaftClientReply:client-EDB41257C35F->s2@group-5C26748AB2B1, cid=86, SUCCESS, logIndex=135, commits[s2:c150, s0:c72, s1:c100]
2019-09-24 16:16:24,086 DEBUG client.GrpcClientProtocolService (GrpcClientProtocolService.java:sendReply(353)) - 16-OrderedRequestStreamObserver16: sendReply seq=88, RaftClientReply:client-EDB41257C35F->s2@group-5C26748AB2B1, cid=87, SUCCESS, logIndex=136, commits[s2:c152, s0:c72, s1:c100]
2019-09-24 16:16:24,086 DEBUG client.GrpcClientProtocolService (GrpcClientProtocolService.java:sendReply(353)) - 16-OrderedRequestStreamObserver16: sendReply seq=89, RaftClientReply:client-EDB41257C35F->s2@group-5C26748AB2B1, cid=88, SUCCESS, logIndex=137, commits[s2:c155, s0:c72, s1:c100]
2019-09-24 16:16:24,087 DEBUG client.GrpcClientProtocolService (GrpcClientProtocolService.java:sendReply(353)) - 16-OrderedRequestStreamObserver16: sendReply seq=90, RaftClientReply:client-EDB41257C35F->s2@group-5C26748AB2B1, cid=89, SUCCESS, logIndex=138, commits[s2:c155, s0:c72, s1:c100]
2019-09-24 16:16:24,087 DEBUG client.GrpcClientProtocolService (GrpcClientProtocolService.java:sendReply(353)) - 16-OrderedRequestStreamObserver16: sendReply seq=91, RaftClientReply:client-EDB41257C35F->s2@group-5C26748AB2B1, cid=90, SUCCESS, logIndex=139, commits[s2:c158, s0:c72, s1:c100]
2019-09-24 16:16:24,090 DEBUG client.GrpcClientProtocolService (GrpcClientProtocolService.java:sendReply(353)) - 16-OrderedRequestStreamObserver16: sendReply seq=92, RaftClientReply:client-EDB41257C35F->s2@group-5C26748AB2B1, cid=91, SUCCESS, logIndex=140, commits[s2:c158, s0:c72, s1:c100]
2019-09-24 16:16:24,091 DEBUG client.GrpcClientProtocolService (GrpcClientProtocolService.java:sendReply(353)) - 16-OrderedRequestStreamObserver16: sendReply seq=93, RaftClientReply:client-EDB41257C35F->s2@group-5C26748AB2B1, cid=92, SUCCESS, logIndex=141, commits[s2:c162, s0:c72, s1:c100]
2019-09-24 16:16:24,091 DEBUG client.GrpcClientProtocolService (GrpcClientProtocolService.java:sendReply(353)) - 16-OrderedRequestStreamObserver16: sendReply seq=94, RaftClientReply:client-EDB41257C35F->s2@group-5C26748AB2B1, cid=93, SUCCESS, logIndex=142, commits[s2:c162, s0:c72, s1:c100]
2019-09-24 16:16:24,091 DEBUG client.GrpcClientProtocolService (GrpcClientProtocolService.java:sendReply(353)) - 16-OrderedRequestStreamObserver16: sendReply seq=95, RaftClientReply:client-EDB41257C35F->s2@group-5C26748AB2B1, cid=94, SUCCESS, logIndex=143, commits[s2:c170, s0:c72, s1:c100]
2019-09-24 16:16:24,092 DEBUG client.GrpcClientProtocolService (GrpcClientProtocolService.java:sendReply(353)) - 16-OrderedRequestStreamObserver16: sendReply seq=96, RaftClientReply:client-EDB41257C35F->s2@group-5C26748AB2B1, cid=95, SUCCESS, logIndex=144, commits[s2:c175, s0:c72, s1:c100]
2019-09-24 16:16:24,092 DEBUG client.GrpcClientProtocolService (GrpcClientProtocolService.java:sendReply(353)) - 16-OrderedRequestStreamObserver16: sendReply seq=97, RaftClientReply:client-EDB41257C35F->s2@group-5C26748AB2B1, cid=96, SUCCESS, logIndex=145, commits[s2:c178, s0:c72, s1:c100]
2019-09-24 16:16:24,092 DEBUG client.GrpcClientProtocolService (GrpcClientProtocolService.java:sendReply(353)) - 16-OrderedRequestStreamObserver16: sendReply seq=98, RaftClientReply:client-EDB41257C35F->s2@group-5C26748AB2B1, cid=97, SUCCESS, logIndex=146, commits[s2:c179, s0:c72, s1:c100]
2019-09-24 16:16:24,092 DEBUG client.GrpcClientProtocolService (GrpcClientProtocolService.java:sendReply(353)) - 16-OrderedRequestStreamObserver16: sendReply seq=99, RaftClientReply:client-EDB41257C35F->s2@group-5C26748AB2B1, cid=98, SUCCESS, logIndex=147, commits[s2:c181, s0:c72, s1:c100]
2019-09-24 16:16:24,093 DEBUG client.GrpcClientProtocolService (GrpcClientProtocolService.java:sendReply(353)) - 16-OrderedRequestStreamObserver16: sendReply seq=100, RaftClientReply:client-EDB41257C35F->s2@group-5C26748AB2B1, cid=99, SUCCESS, logIndex=148, commits[s2:c182, s0:c72, s1:c100]
2019-09-24 16:16:24,093 DEBUG client.GrpcClientProtocolService (GrpcClientProtocolService.java:sendReply(353)) - 16-OrderedRequestStreamObserver16: sendReply seq=101, RaftClientReply:client-EDB41257C35F->s2@group-5C26748AB2B1, cid=100, SUCCESS, logIndex=149, commits[s2:c183, s0:c72, s1:c100]
2019-09-24 16:16:24,096 DEBUG client.GrpcClientProtocolService (GrpcClientProtocolService.java:sendReply(353)) - 16-OrderedRequestStreamObserver16: sendReply seq=102, RaftClientReply:client-EDB41257C35F->s2@group-5C26748AB2B1, cid=101, SUCCESS, logIndex=150, commits[s2:c191, s0:c72, s1:c100]
2019-09-24 16:16:24,096 DEBUG client.GrpcClientProtocolService (GrpcClientProtocolService.java:sendReply(353)) - 16-OrderedRequestStreamObserver16: sendReply seq=103, RaftClientReply:client-EDB41257C35F->s2@group-5C26748AB2B1, cid=102, SUCCESS, logIndex=151, commits[s2:c193, s0:c72, s1:c100]
2019-09-24 16:16:24,097 DEBUG client.GrpcClientProtocolService (GrpcClientProtocolService.java:sendReply(353)) - 16-OrderedRequestStreamObserver16: sendReply seq=104, RaftClientReply:client-EDB41257C35F->s2@group-5C26748AB2B1, cid=103, SUCCESS, logIndex=152, commits[s2:c195, s0:c72, s1:c100]
2019-09-24 16:16:24,097 DEBUG client.GrpcClientProtocolService (GrpcClientProtocolService.java:sendReply(353)) - 16-OrderedRequestStreamObserver16: sendReply seq=105, RaftClientReply:client-EDB41257C35F->s2@group-5C26748AB2B1, cid=104, SUCCESS, logIndex=153, commits[s2:c195, s0:c72, s1:c100]
2019-09-24 16:16:24,097 DEBUG client.GrpcClientProtocolService (GrpcClientProtocolService.java:sendReply(353)) - 16-OrderedRequestStreamObserver16: sendReply seq=106, RaftClientReply:client-EDB41257C35F->s2@group-5C26748AB2B1, cid=105, SUCCESS, logIndex=154, commits[s2:c200, s0:c72, s1:c100]
2019-09-24 16:16:24,098 DEBUG client.GrpcClientProtocolService (GrpcClientProtocolService.java:sendReply(353)) - 16-OrderedRequestStreamObserver16: sendReply seq=107, RaftClientReply:client-EDB41257C35F->s2@group-5C26748AB2B1, cid=106, SUCCESS, logIndex=155, commits[s2:c200, s0:c72, s1:c100]
2019-09-24 16:16:24,098 DEBUG client.GrpcClientProtocolService (GrpcClientProtocolService.java:sendReply(353)) - 16-OrderedRequestStreamObserver16: sendReply seq=108, RaftClientReply:client-EDB41257C35F->s2@group-5C26748AB2B1, cid=107, SUCCESS, logIndex=156, commits[s2:c200, s0:c72, s1:c100]
2019-09-24 16:16:24,098 DEBUG client.GrpcClientProtocolService (GrpcClientProtocolService.java:sendReply(353)) - 16-OrderedRequestStreamObserver16: sendReply seq=109, RaftClientReply:client-EDB41257C35F->s2@group-5C26748AB2B1, cid=108, SUCCESS, logIndex=157, commits[s2:c200, s0:c72, s1:c100]
2019-09-24 16:16:24,099 DEBUG client.GrpcClientProtocolService (GrpcClientProtocolService.java:sendReply(353)) - 16-OrderedRequestStreamObserver16: sendReply seq=110, RaftClientReply:client-EDB41257C35F->s2@group-5C26748AB2B1, cid=109, SUCCESS, logIndex=158, commits[s2:c200, s0:c72, s1:c100]
2019-09-24 16:16:24,099 DEBUG client.GrpcClientProtocolService (GrpcClientProtocolService.java:sendReply(353)) - 16-OrderedRequestStreamObserver16: sendReply seq=111, RaftClientReply:client-EDB41257C35F->s2@group-5C26748AB2B1, cid=110, SUCCESS, logIndex=159, commits[s2:c200, s0:c72, s1:c100]
2019-09-24 16:16:24,100 DEBUG client.GrpcClientProtocolService (GrpcClientProtocolService.java:sendReply(353)) - 16-OrderedRequestStreamObserver16: sendReply seq=112, RaftClientReply:client-EDB41257C35F->s2@group-5C26748AB2B1, cid=111, SUCCESS, logIndex=160, commits[s2:c200, s0:c72, s1:c100]
2019-09-24 16:16:24,100 DEBUG client.GrpcClientProtocolService (GrpcClientProtocolService.java:sendReply(353)) - 16-OrderedRequestStreamObserver16: sendReply seq=113, RaftClientReply:client-EDB41257C35F->s2@group-5C26748AB2B1, cid=112, SUCCESS, logIndex=161, commits[s2:c200, s0:c72, s1:c100]
2019-09-24 16:16:24,100 DEBUG client.GrpcClientProtocolService (GrpcClientProtocolService.java:sendReply(353)) - 16-OrderedRequestStreamObserver16: sendReply seq=114, RaftClientReply:client-EDB41257C35F->s2@group-5C26748AB2B1, cid=113, SUCCESS, logIndex=162, commits[s2:c200, s0:c72, s1:c100]
2019-09-24 16:16:24,101 DEBUG client.GrpcClientProtocolService (GrpcClientProtocolService.java:sendReply(353)) - 16-OrderedRequestStreamObserver16: sendReply seq=115, RaftClientReply:client-EDB41257C35F->s2@group-5C26748AB2B1, cid=114, SUCCESS, logIndex=163, commits[s2:c200, s0:c72, s1:c100]
2019-09-24 16:16:24,101 DEBUG client.GrpcClientProtocolService (GrpcClientProtocolService.java:sendReply(353)) - 16-OrderedRequestStreamObserver16: sendReply seq=116, RaftClientReply:client-EDB41257C35F->s2@group-5C26748AB2B1, cid=115, SUCCESS, logIndex=164, commits[s2:c200, s0:c72, s1:c100]
2019-09-24 16:16:24,102 DEBUG client.GrpcClientProtocolService (GrpcClientProtocolService.java:sendReply(353)) - 16-OrderedRequestStreamObserver16: sendReply seq=117, RaftClientReply:client-EDB41257C35F->s2@group-5C26748AB2B1, cid=116, SUCCESS, logIndex=165, commits[s2:c200, s0:c72, s1:c100]
2019-09-24 16:16:24,102 DEBUG client.GrpcClientProtocolService (GrpcClientProtocolService.java:sendReply(353)) - 16-OrderedRequestStreamObserver16: sendReply seq=118, RaftClientReply:client-EDB41257C35F->s2@group-5C26748AB2B1, cid=117, SUCCESS, logIndex=166, commits[s2:c200, s0:c72, s1:c100]
2019-09-24 16:16:24,102 DEBUG client.GrpcClientProtocolService (GrpcClientProtocolService.java:sendReply(353)) - 16-OrderedRequestStreamObserver16: sendReply seq=119, RaftClientReply:client-EDB41257C35F->s2@group-5C26748AB2B1, cid=118, SUCCESS, logIndex=167, commits[s2:c200, s0:c72, s1:c100]
2019-09-24 16:16:24,106 DEBUG client.GrpcClientProtocolService (GrpcClientProtocolService.java:sendReply(353)) - 16-OrderedRequestStreamObserver16: sendReply seq=120, RaftClientReply:client-EDB41257C35F->s2@group-5C26748AB2B1, cid=119, SUCCESS, logIndex=168, commits[s2:c200, s0:c72, s1:c100]
2019-09-24 16:16:24,107 DEBUG client.GrpcClientProtocolService (GrpcClientProtocolService.java:sendReply(353)) - 16-OrderedRequestStreamObserver16: sendReply seq=121, RaftClientReply:client-EDB41257C35F->s2@group-5C26748AB2B1, cid=120, SUCCESS, logIndex=169, commits[s2:c200, s0:c72, s1:c100]
2019-09-24 16:16:24,107 DEBUG client.GrpcClientProtocolService (GrpcClientProtocolService.java:sendReply(353)) - 16-OrderedRequestStreamObserver16: sendReply seq=122, RaftClientReply:client-EDB41257C35F->s2@group-5C26748AB2B1, cid=121, SUCCESS, logIndex=170, commits[s2:c200, s0:c72, s1:c100]
2019-09-24 16:16:24,108 DEBUG client.GrpcClientProtocolService (GrpcClientProtocolService.java:sendReply(353)) - 16-OrderedRequestStreamObserver16: sendReply seq=123, RaftClientReply:client-EDB41257C35F->s2@group-5C26748AB2B1, cid=122, SUCCESS, logIndex=171, commits[s2:c200, s0:c72, s1:c100]
2019-09-24 16:16:24,108 DEBUG client.GrpcClientProtocolService (GrpcClientProtocolService.java:sendReply(353)) - 16-OrderedRequestStreamObserver16: sendReply seq=124, RaftClientReply:client-EDB41257C35F->s2@group-5C26748AB2B1, cid=123, SUCCESS, logIndex=172, commits[s2:c200, s0:c72, s1:c100]
2019-09-24 16:16:24,109 DEBUG client.GrpcClientProtocolService (GrpcClientProtocolService.java:sendReply(353)) - 16-OrderedRequestStreamObserver16: sendReply seq=125, RaftClientReply:client-EDB41257C35F->s2@group-5C26748AB2B1, cid=124, SUCCESS, logIndex=173, commits[s2:c200, s0:c72, s1:c100]
2019-09-24 16:16:24,109 DEBUG client.GrpcClientProtocolService (GrpcClientProtocolService.java:sendReply(353)) - 16-OrderedRequestStreamObserver16: sendReply seq=126, RaftClientReply:client-EDB41257C35F->s2@group-5C26748AB2B1, cid=125, SUCCESS, logIndex=174, commits[s2:c200, s0:c72, s1:c100]
2019-09-24 16:16:24,110 DEBUG client.GrpcClientProtocolService (GrpcClientProtocolService.java:sendReply(353)) - 16-OrderedRequestStreamObserver16: sendReply seq=127, RaftClientReply:client-EDB41257C35F->s2@group-5C26748AB2B1, cid=126, SUCCESS, logIndex=175, commits[s2:c200, s0:c72, s1:c100]
2019-09-24 16:16:24,110 DEBUG client.GrpcClientProtocolService (GrpcClientProtocolService.java:sendReply(353)) - 16-OrderedRequestStreamObserver16: sendReply seq=128, RaftClientReply:client-EDB41257C35F->s2@group-5C26748AB2B1, cid=127, SUCCESS, logIndex=176, commits[s2:c200, s0:c72, s1:c100]
2019-09-24 16:16:24,110 DEBUG client.GrpcClientProtocolService (GrpcClientProtocolService.java:sendReply(353)) - 16-OrderedRequestStreamObserver16: sendReply seq=129, RaftClientReply:client-EDB41257C35F->s2@group-5C26748AB2B1, cid=128, SUCCESS, logIndex=177, commits[s2:c204, s0:c72, s1:c100]
2019-09-24 16:16:24,111 DEBUG client.GrpcClientProtocolService (GrpcClientProtocolService.java:sendReply(353)) - 16-OrderedRequestStreamObserver16: sendReply seq=130, RaftClientReply:client-EDB41257C35F->s2@group-5C26748AB2B1, cid=129, SUCCESS, logIndex=178, commits[s2:c204, s0:c72, s1:c100]
2019-09-24 16:16:24,111 DEBUG client.GrpcClientProtocolService (GrpcClientProtocolService.java:sendReply(353)) - 16-OrderedRequestStreamObserver16: sendReply seq=131, RaftClientReply:client-EDB41257C35F->s2@group-5C26748AB2B1, cid=130, SUCCESS, logIndex=179, commits[s2:c205, s0:c72, s1:c100]
2019-09-24 16:16:24,112 DEBUG client.GrpcClientProtocolService (GrpcClientProtocolService.java:sendReply(353)) - 16-OrderedRequestStreamObserver16: sendReply seq=132, RaftClientReply:client-EDB41257C35F->s2@group-5C26748AB2B1, cid=131, SUCCESS, logIndex=180, commits[s2:c208, s0:c72, s1:c100]
2019-09-24 16:16:24,112 DEBUG client.GrpcClientProtocolService (GrpcClientProtocolService.java:sendReply(353)) - 16-OrderedRequestStreamObserver16: sendReply seq=133, RaftClientReply:client-EDB41257C35F->s2@group-5C26748AB2B1, cid=132, SUCCESS, logIndex=181, commits[s2:c209, s0:c72, s1:c100]
2019-09-24 16:16:24,112 DEBUG client.GrpcClientProtocolService (GrpcClientProtocolService.java:sendReply(353)) - 16-OrderedRequestStreamObserver16: sendReply seq=134, RaftClientReply:client-EDB41257C35F->s2@group-5C26748AB2B1, cid=133, SUCCESS, logIndex=182, commits[s2:c210, s0:c72, s1:c100]
2019-09-24 16:16:24,113 DEBUG client.GrpcClientProtocolService (GrpcClientProtocolService.java:sendReply(353)) - 16-OrderedRequestStreamObserver16: sendReply seq=135, RaftClientReply:client-EDB41257C35F->s2@group-5C26748AB2B1, cid=134, SUCCESS, logIndex=183, commits[s2:c211, s0:c72, s1:c100]
2019-09-24 16:16:24,113 DEBUG client.GrpcClientProtocolService (GrpcClientProtocolService.java:sendReply(353)) - 16-OrderedRequestStreamObserver16: sendReply seq=136, RaftClientReply:client-EDB41257C35F->s2@group-5C26748AB2B1, cid=135, SUCCESS, logIndex=184, commits[s2:c212, s0:c72, s1:c100]
2019-09-24 16:16:24,114 DEBUG client.GrpcClientProtocolService (GrpcClientProtocolService.java:sendReply(353)) - 16-OrderedRequestStreamObserver16: sendReply seq=137, RaftClientReply:client-EDB41257C35F->s2@group-5C26748AB2B1, cid=136, SUCCESS, logIndex=185, commits[s2:c213, s0:c72, s1:c100]
2019-09-24 16:16:24,114 DEBUG client.GrpcClientProtocolService (GrpcClientProtocolService.java:sendReply(353)) - 16-OrderedRequestStreamObserver16: sendReply seq=138, RaftClientReply:client-EDB41257C35F->s2@group-5C26748AB2B1, cid=137, SUCCESS, logIndex=186, commits[s2:c214, s0:c72, s1:c100]
2019-09-24 16:16:24,114 DEBUG client.GrpcClientProtocolService (GrpcClientProtocolService.java:sendReply(353)) - 16-OrderedRequestStreamObserver16: sendReply seq=139, RaftClientReply:client-EDB41257C35F->s2@group-5C26748AB2B1, cid=138, SUCCESS, logIndex=187, commits[s2:c215, s0:c72, s1:c100]
2019-09-24 16:16:24,115 DEBUG client.GrpcClientProtocolService (GrpcClientProtocolService.java:sendReply(353)) - 16-OrderedRequestStreamObserver16: sendReply seq=140, RaftClientReply:client-EDB41257C35F->s2@group-5C26748AB2B1, cid=139, SUCCESS, logIndex=188, commits[s2:c216, s0:c72, s1:c100]
2019-09-24 16:16:24,115 DEBUG client.GrpcClientProtocolService (GrpcClientProtocolService.java:sendReply(353)) - 16-OrderedRequestStreamObserver16: sendReply seq=141, RaftClientReply:client-EDB41257C35F->s2@group-5C26748AB2B1, cid=140, SUCCESS, logIndex=189, commits[s2:c217, s0:c72, s1:c100]
2019-09-24 16:16:24,116 DEBUG client.GrpcClientProtocolService (GrpcClientProtocolService.java:sendReply(353)) - 16-OrderedRequestStreamObserver16: sendReply seq=142, RaftClientReply:client-EDB41257C35F->s2@group-5C26748AB2B1, cid=141, SUCCESS, logIndex=190, commits[s2:c217, s0:c72, s1:c100]
2019-09-24 16:16:24,116 DEBUG client.GrpcClientProtocolService (GrpcClientProtocolService.java:sendReply(353)) - 16-OrderedRequestStreamObserver16: sendReply seq=143, RaftClientReply:client-EDB41257C35F->s2@group-5C26748AB2B1, cid=142, SUCCESS, logIndex=191, commits[s2:c217, s0:c72, s1:c100]
2019-09-24 16:16:24,117 DEBUG client.GrpcClientProtocolService (GrpcClientProtocolService.java:sendReply(353)) - 16-OrderedRequestStreamObserver16: sendReply seq=144, RaftClientReply:client-EDB41257C35F->s2@group-5C26748AB2B1, cid=143, SUCCESS, logIndex=192, commits[s2:c217, s0:c72, s1:c100]
2019-09-24 16:16:24,117 DEBUG client.GrpcClientProtocolService (GrpcClientProtocolService.java:sendReply(353)) - 16-OrderedRequestStreamObserver16: sendReply seq=145, RaftClientReply:client-EDB41257C35F->s2@group-5C26748AB2B1, cid=144, SUCCESS, logIndex=193, commits[s2:c217, s0:c72, s1:c100]
2019-09-24 16:16:24,117 DEBUG client.GrpcClientProtocolService (GrpcClientProtocolService.java:sendReply(353)) - 16-OrderedRequestStreamObserver16: sendReply seq=146, RaftClientReply:client-EDB41257C35F->s2@group-5C26748AB2B1, cid=145, SUCCESS, logIndex=194, commits[s2:c217, s0:c72, s1:c100]
2019-09-24 16:16:24,118 DEBUG client.GrpcClientProtocolService (GrpcClientProtocolService.java:sendReply(353)) - 16-OrderedRequestStreamObserver16: sendReply seq=147, RaftClientReply:client-EDB41257C35F->s2@group-5C26748AB2B1, cid=146, SUCCESS, logIndex=195, commits[s2:c217, s0:c72, s1:c100]
2019-09-24 16:16:24,118 DEBUG client.GrpcClientProtocolService (GrpcClientProtocolService.java:sendReply(353)) - 16-OrderedRequestStreamObserver16: sendReply seq=148, RaftClientReply:client-EDB41257C35F->s2@group-5C26748AB2B1, cid=147, SUCCESS, logIndex=196, commits[s2:c217, s0:c72, s1:c100]
2019-09-24 16:16:24,118 DEBUG client.GrpcClientProtocolService (GrpcClientProtocolService.java:sendReply(353)) - 16-OrderedRequestStreamObserver16: sendReply seq=149, RaftClientReply:client-EDB41257C35F->s2@group-5C26748AB2B1, cid=148, SUCCESS, logIndex=197, commits[s2:c217, s0:c72, s1:c100]
2019-09-24 16:16:24,119 DEBUG client.GrpcClientProtocolService (GrpcClientProtocolService.java:sendReply(353)) - 16-OrderedRequestStreamObserver16: sendReply seq=150, RaftClientReply:client-EDB41257C35F->s2@group-5C26748AB2B1, cid=149, SUCCESS, logIndex=198, commits[s2:c217, s0:c72, s1:c100]
2019-09-24 16:16:24,119 DEBUG client.GrpcClientProtocolService (GrpcClientProtocolService.java:sendReply(353)) - 16-OrderedRequestStreamObserver16: sendReply seq=151, RaftClientReply:client-EDB41257C35F->s2@group-5C26748AB2B1, cid=150, SUCCESS, logIndex=199, commits[s2:c217, s0:c72, s1:c100]
2019-09-24 16:16:24,119 DEBUG client.GrpcClientProtocolService (GrpcClientProtocolService.java:sendReply(353)) - 16-OrderedRequestStreamObserver16: sendReply seq=152, RaftClientReply:client-EDB41257C35F->s2@group-5C26748AB2B1, cid=151, SUCCESS, logIndex=200, commits[s2:c217, s0:c72, s1:c100]
2019-09-24 16:16:24,119 DEBUG client.GrpcClientProtocolService (GrpcClientProtocolService.java:sendReply(353)) - 16-OrderedRequestStreamObserver16: sendReply seq=153, RaftClientReply:client-EDB41257C35F->s2@group-5C26748AB2B1, cid=152, SUCCESS, logIndex=201, commits[s2:c217, s0:c72, s1:c100]
2019-09-24 16:16:24,120 DEBUG client.GrpcClientProtocolService (GrpcClientProtocolService.java:sendReply(353)) - 16-OrderedRequestStreamObserver16: sendReply seq=154, RaftClientReply:client-EDB41257C35F->s2@group-5C26748AB2B1, cid=153, SUCCESS, logIndex=202, commits[s2:c217, s0:c72, s1:c100]
2019-09-24 16:16:24,120 DEBUG client.GrpcClientProtocolService (GrpcClientProtocolService.java:sendReply(353)) - 16-OrderedRequestStreamObserver16: sendReply seq=155, RaftClientReply:client-EDB41257C35F->s2@group-5C26748AB2B1, cid=154, SUCCESS, logIndex=203, commits[s2:c217, s0:c72, s1:c100]
2019-09-24 16:16:24,120 DEBUG client.GrpcClientProtocolService (GrpcClientProtocolService.java:sendReply(353)) - 16-OrderedRequestStreamObserver16: sendReply seq=156, RaftClientReply:client-EDB41257C35F->s2@group-5C26748AB2B1, cid=155, SUCCESS, logIndex=204, commits[s2:c217, s0:c72, s1:c100]
2019-09-24 16:16:24,121 DEBUG client.GrpcClientProtocolService (GrpcClientProtocolService.java:sendReply(353)) - 16-OrderedRequestStreamObserver16: sendReply seq=157, RaftClientReply:client-EDB41257C35F->s2@group-5C26748AB2B1, cid=156, SUCCESS, logIndex=205, commits[s2:c217, s0:c72, s1:c100]
2019-09-24 16:16:24,121 DEBUG client.GrpcClientProtocolService (GrpcClientProtocolService.java:sendReply(353)) - 16-OrderedRequestStreamObserver16: sendReply seq=158, RaftClientReply:client-EDB41257C35F->s2@group-5C26748AB2B1, cid=157, SUCCESS, logIndex=206, commits[s2:c217, s0:c72, s1:c100]
2019-09-24 16:16:24,121 DEBUG client.GrpcClientProtocolService (GrpcClientProtocolService.java:sendReply(353)) - 16-OrderedRequestStreamObserver16: sendReply seq=159, RaftClientReply:client-EDB41257C35F->s2@group-5C26748AB2B1, cid=158, SUCCESS, logIndex=207, commits[s2:c217, s0:c72, s1:c100]
2019-09-24 16:16:24,121 DEBUG client.GrpcClientProtocolService (GrpcClientProtocolService.java:sendReply(353)) - 16-OrderedRequestStreamObserver16: sendReply seq=160, RaftClientReply:client-EDB41257C35F->s2@group-5C26748AB2B1, cid=159, SUCCESS, logIndex=208, commits[s2:c217, s0:c72, s1:c100]
2019-09-24 16:16:24,123 DEBUG client.GrpcClientProtocolService (GrpcClientProtocolService.java:sendReply(353)) - 16-OrderedRequestStreamObserver16: sendReply seq=161, RaftClientReply:client-EDB41257C35F->s2@group-5C26748AB2B1, cid=160, SUCCESS, logIndex=209, commits[s2:c217, s0:c72, s1:c100]
2019-09-24 16:16:24,124 DEBUG client.GrpcClientProtocolService (GrpcClientProtocolService.java:sendReply(353)) - 16-OrderedRequestStreamObserver16: sendReply seq=162, RaftClientReply:client-EDB41257C35F->s2@group-5C26748AB2B1, cid=161, SUCCESS, logIndex=210, commits[s2:c217, s0:c72, s1:c100]
2019-09-24 16:16:24,124 DEBUG client.GrpcClientProtocolService (GrpcClientProtocolService.java:sendReply(353)) - 16-OrderedRequestStreamObserver16: sendReply seq=163, RaftClientReply:client-EDB41257C35F->s2@group-5C26748AB2B1, cid=162, SUCCESS, logIndex=211, commits[s2:c217, s0:c72, s1:c100]
2019-09-24 16:16:24,125 DEBUG client.GrpcClientProtocolService (GrpcClientProtocolService.java:sendReply(353)) - 16-OrderedRequestStreamObserver16: sendReply seq=164, RaftClientReply:client-EDB41257C35F->s2@group-5C26748AB2B1, cid=163, SUCCESS, logIndex=212, commits[s2:c217, s0:c72, s1:c100]
2019-09-24 16:16:24,125 DEBUG client.GrpcClientProtocolService (GrpcClientProtocolService.java:sendReply(353)) - 16-OrderedRequestStreamObserver16: sendReply seq=165, RaftClientReply:client-EDB41257C35F->s2@group-5C26748AB2B1, cid=164, SUCCESS, logIndex=213, commits[s2:c217, s0:c72, s1:c100]
2019-09-24 16:16:24,125 DEBUG client.GrpcClientProtocolService (GrpcClientProtocolService.java:sendReply(353)) - 16-OrderedRequestStreamObserver16: sendReply seq=166, RaftClientReply:client-EDB41257C35F->s2@group-5C26748AB2B1, cid=165, SUCCESS, logIndex=214, commits[s2:c217, s0:c72, s1:c100]
2019-09-24 16:16:24,125 DEBUG client.GrpcClientProtocolService (GrpcClientProtocolService.java:sendReply(353)) - 16-OrderedRequestStreamObserver16: sendReply seq=167, RaftClientReply:client-EDB41257C35F->s2@group-5C26748AB2B1, cid=166, SUCCESS, logIndex=215, commits[s2:c217, s0:c72, s1:c100]
2019-09-24 16:16:24,126 DEBUG client.GrpcClientProtocolService (GrpcClientProtocolService.java:sendReply(353)) - 16-OrderedRequestStreamObserver16: sendReply seq=168, RaftClientReply:client-EDB41257C35F->s2@group-5C26748AB2B1, cid=167, SUCCESS, logIndex=216, commits[s2:c217, s0:c72, s1:c100]
2019-09-24 16:16:24,126 DEBUG client.GrpcClientProtocolService (GrpcClientProtocolService.java:sendReply(353)) - 16-OrderedRequestStreamObserver16: sendReply seq=169, RaftClientReply:client-EDB41257C35F->s2@group-5C26748AB2B1, cid=168, SUCCESS, logIndex=217, commits[s2:c217, s0:c72, s1:c100]
2019-09-24 16:16:26,389 WARN  server.GrpcLogAppender (GrpcLogAppender.java:timeoutAppendRequest(200)) - s2@group-5C26748AB2B1->s0-GrpcLogAppender: appendEntries Timeout, request=s2->s0#146-t3, previous=(t:3, i:103), leaderCommit=74, initializing? false, entries: size=1, first=(t:3, i:104), METADATAENTRY(c74)
2019-09-24 16:16:26,389 WARN  server.GrpcLogAppender (GrpcLogAppender.java:timeoutAppendRequest(200)) - s2@group-5C26748AB2B1->s0-GrpcLogAppender: appendEntries Timeout, request=s2->s0#147-t3, previous=(t:3, i:104), leaderCommit=76, initializing? false, entries: size=1, first=(t:3, i:105), METADATAENTRY(c76)
2019-09-24 16:16:26,390 WARN  server.GrpcLogAppender (GrpcLogAppender.java:timeoutAppendRequest(200)) - s2@group-5C26748AB2B1->s0-GrpcLogAppender: appendEntries Timeout, request=s2->s0#148-t3, previous=(t:3, i:105), leaderCommit=78, initializing? false, entries: size=1, first=(t:3, i:106), METADATAENTRY(c78)
2019-09-24 16:16:26,390 WARN  server.GrpcLogAppender (GrpcLogAppender.java:timeoutAppendRequest(200)) - s2@group-5C26748AB2B1->s0-GrpcLogAppender: appendEntries Timeout, request=s2->s0#149-t3, previous=(t:3, i:106), leaderCommit=80, initializing? false, entries: size=1, first=(t:3, i:107), METADATAENTRY(c80)
2019-09-24 16:16:26,395 WARN  server.GrpcLogAppender (GrpcLogAppender.java:timeoutAppendRequest(200)) - s2@group-5C26748AB2B1->s0-GrpcLogAppender: appendEntries Timeout, request=s2->s0#150-t3, previous=(t:3, i:107), leaderCommit=82, initializing? false, entries: size=1, first=(t:3, i:108), STATEMACHINELOGENTRY, client-EDB41257C35F, cid=69
2019-09-24 16:16:26,395 WARN  server.GrpcLogAppender (GrpcLogAppender.java:timeoutAppendRequest(200)) - s2@group-5C26748AB2B1->s0-GrpcLogAppender: appendEntries Timeout, request=s2->s0#151-t3, previous=(t:3, i:108), leaderCommit=82, initializing? false, entries: size=1, first=(t:3, i:109), METADATAENTRY(c82)
2019-09-24 16:16:26,396 WARN  server.GrpcLogAppender (GrpcLogAppender.java:timeoutAppendRequest(200)) - s2@group-5C26748AB2B1->s0-GrpcLogAppender: appendEntries Timeout, request=s2->s0#152-t3, previous=(t:3, i:109), leaderCommit=83, initializing? false, entries: size=1, first=(t:3, i:110), METADATAENTRY(c83)
2019-09-24 16:16:26,396 WARN  server.GrpcLogAppender (GrpcLogAppender.java:timeoutAppendRequest(200)) - s2@group-5C26748AB2B1->s0-GrpcLogAppender: appendEntries Timeout, request=s2->s0#153-t3, previous=(t:3, i:110), leaderCommit=84, initializing? false, entries: size=1, first=(t:3, i:111), METADATAENTRY(c84)
2019-09-24 16:16:26,396 WARN  server.GrpcLogAppender (GrpcLogAppender.java:timeoutAppendRequest(200)) - s2@group-5C26748AB2B1->s0-GrpcLogAppender: appendEntries Timeout, request=s2->s0#154-t3, previous=(t:3, i:111), leaderCommit=85, initializing? false, entries: size=1, first=(t:3, i:112), METADATAENTRY(c85)
2019-09-24 16:16:26,397 WARN  server.GrpcLogAppender (GrpcLogAppender.java:timeoutAppendRequest(200)) - s2@group-5C26748AB2B1->s0-GrpcLogAppender: appendEntries Timeout, request=s2->s0#155-t3, previous=(t:3, i:112), leaderCommit=88, initializing? false, entries: size=1, first=(t:3, i:113), METADATAENTRY(c88)
2019-09-24 16:16:26,398 WARN  server.GrpcLogAppender (GrpcLogAppender.java:timeoutAppendRequest(200)) - s2@group-5C26748AB2B1->s0-GrpcLogAppender: appendEntries Timeout, request=s2->s0#156-t3, previous=(t:3, i:113), leaderCommit=91, initializing? false, entries: size=1, first=(t:3, i:114), METADATAENTRY(c91)
2019-09-24 16:16:26,399 WARN  server.GrpcLogAppender (GrpcLogAppender.java:timeoutAppendRequest(200)) - s2@group-5C26748AB2B1->s0-GrpcLogAppender: appendEntries Timeout, request=s2->s0#157-t3, previous=(t:3, i:114), leaderCommit=94, initializing? false, entries: size=1, first=(t:3, i:115), METADATAENTRY(c94)
2019-09-24 16:16:26,399 WARN  server.GrpcLogAppender (GrpcLogAppender.java:timeoutAppendRequest(200)) - s2@group-5C26748AB2B1->s0-GrpcLogAppender: appendEntries Timeout, request=s2->s0#158-t3, previous=(t:3, i:115), leaderCommit=97, initializing? false, entries: size=1, first=(t:3, i:116), METADATAENTRY(c95)
2019-09-24 16:16:26,400 WARN  server.GrpcLogAppender (GrpcLogAppender.java:timeoutAppendRequest(200)) - s2@group-5C26748AB2B1->s0-GrpcLogAppender: appendEntries Timeout, request=s2->s0#159-t3, previous=(t:3, i:116), leaderCommit=98, initializing? false, entries: size=1, first=(t:3, i:117), METADATAENTRY(c98)
2019-09-24 16:16:26,400 WARN  server.GrpcLogAppender (GrpcLogAppender.java:timeoutAppendRequest(200)) - s2@group-5C26748AB2B1->s0-GrpcLogAppender: appendEntries Timeout, request=s2->s0#160-t3, previous=(t:3, i:117), leaderCommit=100, initializing? false, entries: size=1, first=(t:3, i:118), METADATAENTRY(c100)
2019-09-24 16:16:26,406 WARN  server.GrpcLogAppender (GrpcLogAppender.java:timeoutAppendRequest(200)) - s2@group-5C26748AB2B1->s0-GrpcLogAppender: appendEntries Timeout, request=s2->s0#161-t3, previous=(t:3, i:118), leaderCommit=100, initializing? false, entries: size=1, first=(t:3, i:119), STATEMACHINELOGENTRY, client-EDB41257C35F, cid=70
2019-09-24 16:16:26,406 WARN  server.GrpcLogAppender (GrpcLogAppender.java:timeoutAppendRequest(200)) - s2@group-5C26748AB2B1->s0-GrpcLogAppender: appendEntries Timeout, request=s2->s0#162-t3, previous=(t:3, i:119), leaderCommit=100, initializing? false, entries: size=1, first=(t:3, i:120), STATEMACHINELOGENTRY, client-EDB41257C35F, cid=71
2019-09-24 16:16:26,407 WARN  server.GrpcLogAppender (GrpcLogAppender.java:timeoutAppendRequest(200)) - s2@group-5C26748AB2B1->s0-GrpcLogAppender: appendEntries Timeout, request=s2->s0#163-t3, previous=(t:3, i:120), leaderCommit=100, initializing? false, entries: size=1, first=(t:3, i:121), STATEMACHINELOGENTRY, client-EDB41257C35F, cid=72
2019-09-24 16:16:26,407 WARN  server.GrpcLogAppender (GrpcLogAppender.java:timeoutAppendRequest(200)) - s2@group-5C26748AB2B1->s0-GrpcLogAppender: appendEntries Timeout, request=s2->s0#164-t3, previous=(t:3, i:121), leaderCommit=100, initializing? false, entries: size=1, first=(t:3, i:122), STATEMACHINELOGENTRY, client-EDB41257C35F, cid=73
2019-09-24 16:16:26,407 WARN  server.GrpcLogAppender (GrpcLogAppender.java:timeoutAppendRequest(200)) - s2@group-5C26748AB2B1->s0-GrpcLogAppender: appendEntries Timeout, request=s2->s0#165-t3, previous=(t:3, i:122), leaderCommit=100, initializing? false, entries: size=1, first=(t:3, i:123), STATEMACHINELOGENTRY, client-EDB41257C35F, cid=74
2019-09-24 16:16:26,408 WARN  server.GrpcLogAppender (GrpcLogAppender.java:timeoutAppendRequest(200)) - s2@group-5C26748AB2B1->s0-GrpcLogAppender: appendEntries Timeout, request=s2->s0#166-t3, previous=(t:3, i:123), leaderCommit=100, initializing? false, entries: size=1, first=(t:3, i:124), STATEMACHINELOGENTRY, client-EDB41257C35F, cid=75
2019-09-24 16:16:26,408 WARN  server.GrpcLogAppender (GrpcLogAppender.java:timeoutAppendRequest(200)) - s2@group-5C26748AB2B1->s0-GrpcLogAppender: appendEntries Timeout, request=s2->s0#167-t3, previous=(t:3, i:124), leaderCommit=100, initializing? false, entries: size=1, first=(t:3, i:125), STATEMACHINELOGENTRY, client-EDB41257C35F, cid=76
2019-09-24 16:16:26,409 WARN  server.GrpcLogAppender (GrpcLogAppender.java:timeoutAppendRequest(200)) - s2@group-5C26748AB2B1->s0-GrpcLogAppender: appendEntries Timeout, request=s2->s0#168-t3, previous=(t:3, i:125), leaderCommit=100, initializing? false, entries: size=1, first=(t:3, i:126), STATEMACHINELOGENTRY, client-EDB41257C35F, cid=77
2019-09-24 16:16:26,409 WARN  server.GrpcLogAppender (GrpcLogAppender.java:timeoutAppendRequest(200)) - s2@group-5C26748AB2B1->s0-GrpcLogAppender: appendEntries Timeout, request=s2->s0#169-t3, previous=(t:3, i:126), leaderCommit=100, initializing? false, entries: size=1, first=(t:3, i:127), STATEMACHINELOGENTRY, client-EDB41257C35F, cid=78
2019-09-24 16:16:26,410 WARN  server.GrpcLogAppender (GrpcLogAppender.java:timeoutAppendRequest(200)) - s2@group-5C26748AB2B1->s0-GrpcLogAppender: appendEntries Timeout, request=s2->s0#170-t3, previous=(t:3, i:127), leaderCommit=100, initializing? false, entries: size=1, first=(t:3, i:128), STATEMACHINELOGENTRY, client-EDB41257C35F, cid=79
2019-09-24 16:16:26,410 WARN  server.GrpcLogAppender (GrpcLogAppender.java:timeoutAppendRequest(200)) - s2@group-5C26748AB2B1->s0-GrpcLogAppender: appendEntries Timeout, request=s2->s0#171-t3, previous=(t:3, i:128), leaderCommit=100, initializing? false, entries: size=1, first=(t:3, i:129), STATEMACHINELOGENTRY, client-EDB41257C35F, cid=80
2019-09-24 16:16:26,411 WARN  server.GrpcLogAppender (GrpcLogAppender.java:timeoutAppendRequest(200)) - s2@group-5C26748AB2B1->s0-GrpcLogAppender: appendEntries Timeout, request=s2->s0#172-t3, previous=(t:3, i:129), leaderCommit=100, initializing? false, entries: size=1, first=(t:3, i:130), STATEMACHINELOGENTRY, client-EDB41257C35F, cid=81
2019-09-24 16:16:26,411 WARN  server.GrpcLogAppender (GrpcLogAppender.java:timeoutAppendRequest(200)) - s2@group-5C26748AB2B1->s0-GrpcLogAppender: appendEntries Timeout, request=s2->s0#173-t3, previous=(t:3, i:130), leaderCommit=100, initializing? false, entries: size=1, first=(t:3, i:131), STATEMACHINELOGENTRY, client-EDB41257C35F, cid=82
2019-09-24 16:16:26,411 WARN  server.GrpcLogAppender (GrpcLogAppender.java:timeoutAppendRequest(200)) - s2@group-5C26748AB2B1->s0-GrpcLogAppender: appendEntries Timeout, request=s2->s0#174-t3, previous=(t:3, i:131), leaderCommit=100, initializing? false, entries: size=1, first=(t:3, i:132), STATEMACHINELOGENTRY, client-EDB41257C35F, cid=83
2019-09-24 16:16:26,412 WARN  server.GrpcLogAppender (GrpcLogAppender.java:timeoutAppendRequest(200)) - s2@group-5C26748AB2B1->s0-GrpcLogAppender: appendEntries Timeout, request=s2->s0#175-t3, previous=(t:3, i:132), leaderCommit=100, initializing? false, entries: size=1, first=(t:3, i:133), STATEMACHINELOGENTRY, client-EDB41257C35F, cid=84
2019-09-24 16:16:26,412 WARN  server.GrpcLogAppender (GrpcLogAppender.java:timeoutAppendRequest(200)) - s2@group-5C26748AB2B1->s0-GrpcLogAppender: appendEntries Timeout, request=s2->s0#176-t3, previous=(t:3, i:133), leaderCommit=100, initializing? false, entries: size=1, first=(t:3, i:134), STATEMACHINELOGENTRY, client-EDB41257C35F, cid=85
2019-09-24 16:16:26,413 WARN  server.GrpcLogAppender (GrpcLogAppender.java:timeoutAppendRequest(200)) - s2@group-5C26748AB2B1->s0-GrpcLogAppender: appendEntries Timeout, request=s2->s0#177-t3, previous=(t:3, i:134), leaderCommit=100, initializing? false, entries: size=1, first=(t:3, i:135), STATEMACHINELOGENTRY, client-EDB41257C35F, cid=86
2019-09-24 16:16:26,413 WARN  server.GrpcLogAppender (GrpcLogAppender.java:timeoutAppendRequest(200)) - s2@group-5C26748AB2B1->s0-GrpcLogAppender: appendEntries Timeout, request=s2->s0#178-t3, previous=(t:3, i:135), leaderCommit=100, initializing? false, entries: size=1, first=(t:3, i:136), STATEMACHINELOGENTRY, client-EDB41257C35F, cid=87
2019-09-24 16:16:26,414 WARN  server.GrpcLogAppender (GrpcLogAppender.java:timeoutAppendRequest(200)) - s2@group-5C26748AB2B1->s0-GrpcLogAppender: appendEntries Timeout, request=s2->s0#179-t3, previous=(t:3, i:136), leaderCommit=100, initializing? false, entries: size=1, first=(t:3, i:137), STATEMACHINELOGENTRY, client-EDB41257C35F, cid=88
2019-09-24 16:16:26,414 WARN  server.GrpcLogAppender (GrpcLogAppender.java:timeoutAppendRequest(200)) - s2@group-5C26748AB2B1->s0-GrpcLogAppender: appendEntries Timeout, request=s2->s0#180-t3, previous=(t:3, i:137), leaderCommit=100, initializing? false, entries: size=1, first=(t:3, i:138), STATEMACHINELOGENTRY, client-EDB41257C35F, cid=89
2019-09-24 16:16:26,415 WARN  server.GrpcLogAppender (GrpcLogAppender.java:timeoutAppendRequest(200)) - s2@group-5C26748AB2B1->s0-GrpcLogAppender: appendEntries Timeout, request=s2->s0#181-t3, previous=(t:3, i:138), leaderCommit=100, initializing? false, entries: size=1, first=(t:3, i:139), STATEMACHINELOGENTRY, client-EDB41257C35F, cid=90
2019-09-24 16:16:26,415 WARN  server.GrpcLogAppender (GrpcLogAppender.java:timeoutAppendRequest(200)) - s2@group-5C26748AB2B1->s0-GrpcLogAppender: appendEntries Timeout, request=s2->s0#182-t3, previous=(t:3, i:139), leaderCommit=100, initializing? false, entries: size=1, first=(t:3, i:140), STATEMACHINELOGENTRY, client-EDB41257C35F, cid=91
2019-09-24 16:16:26,415 WARN  server.GrpcLogAppender (GrpcLogAppender.java:timeoutAppendRequest(200)) - s2@group-5C26748AB2B1->s0-GrpcLogAppender: appendEntries Timeout, request=s2->s0#183-t3, previous=(t:3, i:140), leaderCommit=100, initializing? false, entries: size=1, first=(t:3, i:141), STATEMACHINELOGENTRY, client-EDB41257C35F, cid=92
2019-09-24 16:16:26,416 WARN  server.GrpcLogAppender (GrpcLogAppender.java:timeoutAppendRequest(200)) - s2@group-5C26748AB2B1->s0-GrpcLogAppender: appendEntries Timeout, request=s2->s0#184-t3, previous=(t:3, i:141), leaderCommit=100, initializing? false, entries: size=1, first=(t:3, i:142), STATEMACHINELOGENTRY, client-EDB41257C35F, cid=93
2019-09-24 16:16:26,416 WARN  server.GrpcLogAppender (GrpcLogAppender.java:timeoutAppendRequest(200)) - s2@group-5C26748AB2B1->s0-GrpcLogAppender: appendEntries Timeout, request=s2->s0#185-t3, previous=(t:3, i:142), leaderCommit=100, initializing? false, entries: size=1, first=(t:3, i:143), STATEMACHINELOGENTRY, client-EDB41257C35F, cid=94
2019-09-24 16:16:26,417 WARN  server.GrpcLogAppender (GrpcLogAppender.java:timeoutAppendRequest(200)) - s2@group-5C26748AB2B1->s0-GrpcLogAppender: appendEntries Timeout, request=s2->s0#186-t3, previous=(t:3, i:143), leaderCommit=100, initializing? false, entries: size=1, first=(t:3, i:144), STATEMACHINELOGENTRY, client-EDB41257C35F, cid=95
2019-09-24 16:16:26,417 WARN  server.GrpcLogAppender (GrpcLogAppender.java:timeoutAppendRequest(200)) - s2@group-5C26748AB2B1->s0-GrpcLogAppender: appendEntries Timeout, request=s2->s0#187-t3, previous=(t:3, i:144), leaderCommit=100, initializing? false, entries: size=1, first=(t:3, i:145), STATEMACHINELOGENTRY, client-EDB41257C35F, cid=96
2019-09-24 16:16:26,418 WARN  server.GrpcLogAppender (GrpcLogAppender.java:timeoutAppendRequest(200)) - s2@group-5C26748AB2B1->s0-GrpcLogAppender: appendEntries Timeout, request=s2->s0#188-t3, previous=(t:3, i:145), leaderCommit=100, initializing? false, entries: size=1, first=(t:3, i:146), STATEMACHINELOGENTRY, client-EDB41257C35F, cid=97
2019-09-24 16:16:26,418 WARN  server.GrpcLogAppender (GrpcLogAppender.java:timeoutAppendRequest(200)) - s2@group-5C26748AB2B1->s0-GrpcLogAppender: appendEntries Timeout, request=s2->s0#189-t3, previous=(t:3, i:146), leaderCommit=100, initializing? false, entries: size=1, first=(t:3, i:147), STATEMACHINELOGENTRY, client-EDB41257C35F, cid=98
2019-09-24 16:16:26,418 WARN  server.GrpcLogAppender (GrpcLogAppender.java:timeoutAppendRequest(200)) - s2@group-5C26748AB2B1->s0-GrpcLogAppender: appendEntries Timeout, request=s2->s0#190-t3, previous=(t:3, i:147), leaderCommit=100, initializing? false, entries: size=1, first=(t:3, i:148), STATEMACHINELOGENTRY, client-EDB41257C35F, cid=99
2019-09-24 16:16:26,419 WARN  server.GrpcLogAppender (GrpcLogAppender.java:timeoutAppendRequest(200)) - s2@group-5C26748AB2B1->s0-GrpcLogAppender: appendEntries Timeout, request=s2->s0#191-t3, previous=(t:3, i:148), leaderCommit=100, initializing? false, entries: size=1, first=(t:3, i:149), STATEMACHINELOGENTRY, client-EDB41257C35F, cid=100
2019-09-24 16:16:26,419 WARN  server.GrpcLogAppender (GrpcLogAppender.java:timeoutAppendRequest(200)) - s2@group-5C26748AB2B1->s0-GrpcLogAppender: appendEntries Timeout, request=s2->s0#192-t3, previous=(t:3, i:149), leaderCommit=100, initializing? false, entries: size=1, first=(t:3, i:150), STATEMACHINELOGENTRY, client-EDB41257C35F, cid=101
2019-09-24 16:16:26,419 WARN  server.GrpcLogAppender (GrpcLogAppender.java:timeoutAppendRequest(200)) - s2@group-5C26748AB2B1->s0-GrpcLogAppender: appendEntries Timeout, request=s2->s0#193-t3, previous=(t:3, i:150), leaderCommit=100, initializing? false, entries: size=1, first=(t:3, i:151), STATEMACHINELOGENTRY, client-EDB41257C35F, cid=102
2019-09-24 16:16:26,420 WARN  server.GrpcLogAppender (GrpcLogAppender.java:timeoutAppendRequest(200)) - s2@group-5C26748AB2B1->s0-GrpcLogAppender: appendEntries Timeout, request=s2->s0#194-t3, previous=(t:3, i:151), leaderCommit=100, initializing? false, entries: size=1, first=(t:3, i:152), STATEMACHINELOGENTRY, client-EDB41257C35F, cid=103
2019-09-24 16:16:26,420 WARN  server.GrpcLogAppender (GrpcLogAppender.java:timeoutAppendRequest(200)) - s2@group-5C26748AB2B1->s0-GrpcLogAppender: appendEntries Timeout, request=s2->s0#195-t3, previous=(t:3, i:152), leaderCommit=100, initializing? false, entries: size=1, first=(t:3, i:153), STATEMACHINELOGENTRY, client-EDB41257C35F, cid=104
2019-09-24 16:16:26,421 WARN  server.GrpcLogAppender (GrpcLogAppender.java:timeoutAppendRequest(200)) - s2@group-5C26748AB2B1->s0-GrpcLogAppender: appendEntries Timeout, request=s2->s0#196-t3, previous=(t:3, i:153), leaderCommit=100, initializing? false, entries: size=1, first=(t:3, i:154), STATEMACHINELOGENTRY, client-EDB41257C35F, cid=105
2019-09-24 16:16:26,421 WARN  server.GrpcLogAppender (GrpcLogAppender.java:timeoutAppendRequest(200)) - s2@group-5C26748AB2B1->s0-GrpcLogAppender: appendEntries Timeout, request=s2->s0#197-t3, previous=(t:3, i:154), leaderCommit=100, initializing? false, entries: size=1, first=(t:3, i:155), STATEMACHINELOGENTRY, client-EDB41257C35F, cid=106
2019-09-24 16:16:26,422 WARN  server.GrpcLogAppender (GrpcLogAppender.java:timeoutAppendRequest(200)) - s2@group-5C26748AB2B1->s0-GrpcLogAppender: appendEntries Timeout, request=s2->s0#198-t3, previous=(t:3, i:155), leaderCommit=100, initializing? false, entries: size=1, first=(t:3, i:156), STATEMACHINELOGENTRY, client-EDB41257C35F, cid=107
2019-09-24 16:16:26,422 WARN  server.GrpcLogAppender (GrpcLogAppender.java:timeoutAppendRequest(200)) - s2@group-5C26748AB2B1->s0-GrpcLogAppender: appendEntries Timeout, request=s2->s0#199-t3, previous=(t:3, i:156), leaderCommit=100, initializing? false, entries: size=1, first=(t:3, i:157), STATEMACHINELOGENTRY, client-EDB41257C35F, cid=108
2019-09-24 16:16:26,423 WARN  server.GrpcLogAppender (GrpcLogAppender.java:timeoutAppendRequest(200)) - s2@group-5C26748AB2B1->s0-GrpcLogAppender: appendEntries Timeout, request=s2->s0#200-t3, previous=(t:3, i:157), leaderCommit=100, initializing? false, entries: size=1, first=(t:3, i:158), STATEMACHINELOGENTRY, client-EDB41257C35F, cid=109
2019-09-24 16:16:26,423 WARN  server.GrpcLogAppender (GrpcLogAppender.java:timeoutAppendRequest(200)) - s2@group-5C26748AB2B1->s0-GrpcLogAppender: appendEntries Timeout, request=s2->s0#201-t3, previous=(t:3, i:158), leaderCommit=100, initializing? false, entries: size=1, first=(t:3, i:159), STATEMACHINELOGENTRY, client-EDB41257C35F, cid=110
2019-09-24 16:16:26,423 WARN  server.GrpcLogAppender (GrpcLogAppender.java:timeoutAppendRequest(200)) - s2@group-5C26748AB2B1->s0-GrpcLogAppender: appendEntries Timeout, request=s2->s0#202-t3, previous=(t:3, i:159), leaderCommit=100, initializing? false, entries: size=1, first=(t:3, i:160), STATEMACHINELOGENTRY, client-EDB41257C35F, cid=111
2019-09-24 16:16:26,424 WARN  server.GrpcLogAppender (GrpcLogAppender.java:timeoutAppendRequest(200)) - s2@group-5C26748AB2B1->s0-GrpcLogAppender: appendEntries Timeout, request=s2->s0#203-t3, previous=(t:3, i:160), leaderCommit=100, initializing? false, entries: size=1, first=(t:3, i:161), STATEMACHINELOGENTRY, client-EDB41257C35F, cid=112
2019-09-24 16:16:26,424 WARN  server.GrpcLogAppender (GrpcLogAppender.java:timeoutAppendRequest(200)) - s2@group-5C26748AB2B1->s0-GrpcLogAppender: appendEntries Timeout, request=s2->s0#204-t3, previous=(t:3, i:161), leaderCommit=100, initializing? false, entries: size=1, first=(t:3, i:162), STATEMACHINELOGENTRY, client-EDB41257C35F, cid=113
2019-09-24 16:16:26,425 WARN  server.GrpcLogAppender (GrpcLogAppender.java:timeoutAppendRequest(200)) - s2@group-5C26748AB2B1->s0-GrpcLogAppender: appendEntries Timeout, request=s2->s0#205-t3, previous=(t:3, i:162), leaderCommit=100, initializing? false, entries: size=1, first=(t:3, i:163), STATEMACHINELOGENTRY, client-EDB41257C35F, cid=114
2019-09-24 16:16:26,425 WARN  server.GrpcLogAppender (GrpcLogAppender.java:timeoutAppendRequest(200)) - s2@group-5C26748AB2B1->s0-GrpcLogAppender: appendEntries Timeout, request=s2->s0#206-t3, previous=(t:3, i:163), leaderCommit=100, initializing? false, entries: size=1, first=(t:3, i:164), STATEMACHINELOGENTRY, client-EDB41257C35F, cid=115
2019-09-24 16:16:26,426 WARN  server.GrpcLogAppender (GrpcLogAppender.java:timeoutAppendRequest(200)) - s2@group-5C26748AB2B1->s0-GrpcLogAppender: appendEntries Timeout, request=s2->s0#207-t3, previous=(t:3, i:164), leaderCommit=100, initializing? false, entries: size=1, first=(t:3, i:165), STATEMACHINELOGENTRY, client-EDB41257C35F, cid=116
2019-09-24 16:16:26,426 WARN  server.GrpcLogAppender (GrpcLogAppender.java:timeoutAppendRequest(200)) - s2@group-5C26748AB2B1->s0-GrpcLogAppender: appendEntries Timeout, request=s2->s0#208-t3, previous=(t:3, i:165), leaderCommit=100, initializing? false, entries: size=1, first=(t:3, i:166), STATEMACHINELOGENTRY, client-EDB41257C35F, cid=117
2019-09-24 16:16:26,426 WARN  server.GrpcLogAppender (GrpcLogAppender.java:timeoutAppendRequest(200)) - s2@group-5C26748AB2B1->s0-GrpcLogAppender: appendEntries Timeout, request=s2->s0#209-t3, previous=(t:3, i:166), leaderCommit=100, initializing? false, entries: size=1, first=(t:3, i:167), STATEMACHINELOGENTRY, client-EDB41257C35F, cid=118
2019-09-24 16:16:26,427 WARN  server.GrpcLogAppender (GrpcLogAppender.java:timeoutAppendRequest(200)) - s2@group-5C26748AB2B1->s0-GrpcLogAppender: appendEntries Timeout, request=s2->s0#210-t3, previous=(t:3, i:167), leaderCommit=100, initializing? false, entries: size=1, first=(t:3, i:168), STATEMACHINELOGENTRY, client-EDB41257C35F, cid=119
2019-09-24 16:16:26,427 WARN  server.GrpcLogAppender (GrpcLogAppender.java:timeoutAppendRequest(200)) - s2@group-5C26748AB2B1->s0-GrpcLogAppender: appendEntries Timeout, request=s2->s0#211-t3, previous=(t:3, i:168), leaderCommit=100, initializing? false, entries: size=1, first=(t:3, i:169), STATEMACHINELOGENTRY, client-EDB41257C35F, cid=120
2019-09-24 16:16:26,428 WARN  server.GrpcLogAppender (GrpcLogAppender.java:timeoutAppendRequest(200)) - s2@group-5C26748AB2B1->s0-GrpcLogAppender: appendEntries Timeout, request=s2->s0#212-t3, previous=(t:3, i:169), leaderCommit=100, initializing? false, entries: size=1, first=(t:3, i:170), STATEMACHINELOGENTRY, client-EDB41257C35F, cid=121
2019-09-24 16:16:26,429 WARN  server.GrpcLogAppender (GrpcLogAppender.java:timeoutAppendRequest(200)) - s2@group-5C26748AB2B1->s0-GrpcLogAppender: appendEntries Timeout, request=s2->s0#213-t3, previous=(t:3, i:170), leaderCommit=100, initializing? false, entries: size=1, first=(t:3, i:171), STATEMACHINELOGENTRY, client-EDB41257C35F, cid=122
2019-09-24 16:16:26,429 WARN  server.GrpcLogAppender (GrpcLogAppender.java:timeoutAppendRequest(200)) - s2@group-5C26748AB2B1->s0-GrpcLogAppender: appendEntries Timeout, request=s2->s0#214-t3, previous=(t:3, i:171), leaderCommit=100, initializing? false, entries: size=1, first=(t:3, i:172), STATEMACHINELOGENTRY, client-EDB41257C35F, cid=123
2019-09-24 16:16:26,429 WARN  server.GrpcLogAppender (GrpcLogAppender.java:timeoutAppendRequest(200)) - s2@group-5C26748AB2B1->s0-GrpcLogAppender: appendEntries Timeout, request=s2->s0#215-t3, previous=(t:3, i:172), leaderCommit=100, initializing? false, entries: size=1, first=(t:3, i:173), STATEMACHINELOGENTRY, client-EDB41257C35F, cid=124
2019-09-24 16:16:26,430 WARN  server.GrpcLogAppender (GrpcLogAppender.java:timeoutAppendRequest(200)) - s2@group-5C26748AB2B1->s0-GrpcLogAppender: appendEntries Timeout, request=s2->s0#216-t3, previous=(t:3, i:173), leaderCommit=100, initializing? false, entries: size=1, first=(t:3, i:174), STATEMACHINELOGENTRY, client-EDB41257C35F, cid=125
2019-09-24 16:16:26,430 WARN  server.GrpcLogAppender (GrpcLogAppender.java:timeoutAppendRequest(200)) - s2@group-5C26748AB2B1->s0-GrpcLogAppender: appendEntries Timeout, request=s2->s0#217-t3, previous=(t:3, i:174), leaderCommit=100, initializing? false, entries: size=1, first=(t:3, i:175), STATEMACHINELOGENTRY, client-EDB41257C35F, cid=126
2019-09-24 16:16:26,431 WARN  server.GrpcLogAppender (GrpcLogAppender.java:timeoutAppendRequest(200)) - s2@group-5C26748AB2B1->s0-GrpcLogAppender: appendEntries Timeout, request=s2->s0#218-t3, previous=(t:3, i:175), leaderCommit=100, initializing? false, entries: size=1, first=(t:3, i:176), STATEMACHINELOGENTRY, client-EDB41257C35F, cid=127
2019-09-24 16:16:26,431 WARN  server.GrpcLogAppender (GrpcLogAppender.java:timeoutAppendRequest(200)) - s2@group-5C26748AB2B1->s0-GrpcLogAppender: appendEntries Timeout, request=s2->s0#219-t3, previous=(t:3, i:176), leaderCommit=100, initializing? false, entries: size=1, first=(t:3, i:177), STATEMACHINELOGENTRY, client-EDB41257C35F, cid=128
2019-09-24 16:16:26,432 WARN  server.GrpcLogAppender (GrpcLogAppender.java:timeoutAppendRequest(200)) - s2@group-5C26748AB2B1->s0-GrpcLogAppender: appendEntries Timeout, request=s2->s0#220-t3, previous=(t:3, i:177), leaderCommit=100, initializing? false, entries: size=1, first=(t:3, i:178), STATEMACHINELOGENTRY, client-EDB41257C35F, cid=129
2019-09-24 16:16:26,432 WARN  server.GrpcLogAppender (GrpcLogAppender.java:timeoutAppendRequest(200)) - s2@group-5C26748AB2B1->s0-GrpcLogAppender: appendEntries Timeout, request=s2->s0#221-t3, previous=(t:3, i:178), leaderCommit=100, initializing? false, entries: size=1, first=(t:3, i:179), STATEMACHINELOGENTRY, client-EDB41257C35F, cid=130
2019-09-24 16:16:26,432 WARN  server.GrpcLogAppender (GrpcLogAppender.java:timeoutAppendRequest(200)) - s2@group-5C26748AB2B1->s0-GrpcLogAppender: appendEntries Timeout, request=s2->s0#222-t3, previous=(t:3, i:179), leaderCommit=100, initializing? false, entries: size=1, first=(t:3, i:180), STATEMACHINELOGENTRY, client-EDB41257C35F, cid=131
2019-09-24 16:16:26,433 WARN  server.GrpcLogAppender (GrpcLogAppender.java:timeoutAppendRequest(200)) - s2@group-5C26748AB2B1->s0-GrpcLogAppender: appendEntries Timeout, request=s2->s0#223-t3, previous=(t:3, i:180), leaderCommit=100, initializing? false, entries: size=1, first=(t:3, i:181), STATEMACHINELOGENTRY, client-EDB41257C35F, cid=132
2019-09-24 16:16:26,433 WARN  server.GrpcLogAppender (GrpcLogAppender.java:timeoutAppendRequest(200)) - s2@group-5C26748AB2B1->s0-GrpcLogAppender: appendEntries Timeout, request=s2->s0#224-t3, previous=(t:3, i:181), leaderCommit=100, initializing? false, entries: size=1, first=(t:3, i:182), STATEMACHINELOGENTRY, client-EDB41257C35F, cid=133
2019-09-24 16:16:26,433 WARN  server.GrpcLogAppender (GrpcLogAppender.java:timeoutAppendRequest(200)) - s2@group-5C26748AB2B1->s0-GrpcLogAppender: appendEntries Timeout, request=s2->s0#225-t3, previous=(t:3, i:182), leaderCommit=100, initializing? false, entries: size=1, first=(t:3, i:183), STATEMACHINELOGENTRY, client-EDB41257C35F, cid=134
2019-09-24 16:16:26,434 WARN  server.GrpcLogAppender (GrpcLogAppender.java:timeoutAppendRequest(200)) - s2@group-5C26748AB2B1->s0-GrpcLogAppender: appendEntries Timeout, request=s2->s0#226-t3, previous=(t:3, i:183), leaderCommit=100, initializing? false, entries: size=1, first=(t:3, i:184), STATEMACHINELOGENTRY, client-EDB41257C35F, cid=135
2019-09-24 16:16:26,434 WARN  server.GrpcLogAppender (GrpcLogAppender.java:timeoutAppendRequest(200)) - s2@group-5C26748AB2B1->s0-GrpcLogAppender: appendEntries Timeout, request=s2->s0#227-t3, previous=(t:3, i:184), leaderCommit=100, initializing? false, entries: size=1, first=(t:3, i:185), STATEMACHINELOGENTRY, client-EDB41257C35F, cid=136
2019-09-24 16:16:26,434 WARN  server.GrpcLogAppender (GrpcLogAppender.java:timeoutAppendRequest(200)) - s2@group-5C26748AB2B1->s0-GrpcLogAppender: appendEntries Timeout, request=s2->s0#228-t3, previous=(t:3, i:185), leaderCommit=100, initializing? false, entries: size=1, first=(t:3, i:186), STATEMACHINELOGENTRY, client-EDB41257C35F, cid=137
2019-09-24 16:16:26,435 WARN  server.GrpcLogAppender (GrpcLogAppender.java:timeoutAppendRequest(200)) - s2@group-5C26748AB2B1->s0-GrpcLogAppender: appendEntries Timeout, request=s2->s0#229-t3, previous=(t:3, i:186), leaderCommit=100, initializing? false, entries: size=1, first=(t:3, i:187), STATEMACHINELOGENTRY, client-EDB41257C35F, cid=138
2019-09-24 16:16:26,435 WARN  server.GrpcLogAppender (GrpcLogAppender.java:timeoutAppendRequest(200)) - s2@group-5C26748AB2B1->s0-GrpcLogAppender: appendEntries Timeout, request=s2->s0#230-t3, previous=(t:3, i:187), leaderCommit=100, initializing? false, entries: size=1, first=(t:3, i:188), STATEMACHINELOGENTRY, client-EDB41257C35F, cid=139
2019-09-24 16:16:26,436 WARN  server.GrpcLogAppender (GrpcLogAppender.java:timeoutAppendRequest(200)) - s2@group-5C26748AB2B1->s0-GrpcLogAppender: appendEntries Timeout, request=s2->s0#231-t3, previous=(t:3, i:188), leaderCommit=100, initializing? false, entries: size=1, first=(t:3, i:189), STATEMACHINELOGENTRY, client-EDB41257C35F, cid=140
2019-09-24 16:16:26,436 WARN  server.GrpcLogAppender (GrpcLogAppender.java:timeoutAppendRequest(200)) - s2@group-5C26748AB2B1->s0-GrpcLogAppender: appendEntries Timeout, request=s2->s0#232-t3, previous=(t:3, i:189), leaderCommit=100, initializing? false, entries: size=1, first=(t:3, i:190), STATEMACHINELOGENTRY, client-EDB41257C35F, cid=141
2019-09-24 16:16:26,436 WARN  server.GrpcLogAppender (GrpcLogAppender.java:timeoutAppendRequest(200)) - s2@group-5C26748AB2B1->s0-GrpcLogAppender: appendEntries Timeout, request=s2->s0#233-t3, previous=(t:3, i:190), leaderCommit=100, initializing? false, entries: size=1, first=(t:3, i:191), STATEMACHINELOGENTRY, client-EDB41257C35F, cid=142
2019-09-24 16:16:26,437 WARN  server.GrpcLogAppender (GrpcLogAppender.java:timeoutAppendRequest(200)) - s2@group-5C26748AB2B1->s0-GrpcLogAppender: appendEntries Timeout, request=s2->s0#234-t3, previous=(t:3, i:191), leaderCommit=100, initializing? false, entries: size=1, first=(t:3, i:192), STATEMACHINELOGENTRY, client-EDB41257C35F, cid=143
2019-09-24 16:16:26,437 WARN  server.GrpcLogAppender (GrpcLogAppender.java:timeoutAppendRequest(200)) - s2@group-5C26748AB2B1->s0-GrpcLogAppender: appendEntries Timeout, request=s2->s0#235-t3, previous=(t:3, i:192), leaderCommit=100, initializing? false, entries: size=1, first=(t:3, i:193), STATEMACHINELOGENTRY, client-EDB41257C35F, cid=144
2019-09-24 16:16:26,437 WARN  server.GrpcLogAppender (GrpcLogAppender.java:timeoutAppendRequest(200)) - s2@group-5C26748AB2B1->s0-GrpcLogAppender: appendEntries Timeout, request=s2->s0#236-t3, previous=(t:3, i:193), leaderCommit=100, initializing? false, entries: size=1, first=(t:3, i:194), STATEMACHINELOGENTRY, client-EDB41257C35F, cid=145
2019-09-24 16:16:26,438 WARN  server.GrpcLogAppender (GrpcLogAppender.java:timeoutAppendRequest(200)) - s2@group-5C26748AB2B1->s0-GrpcLogAppender: appendEntries Timeout, request=s2->s0#237-t3, previous=(t:3, i:194), leaderCommit=100, initializing? false, entries: size=1, first=(t:3, i:195), STATEMACHINELOGENTRY, client-EDB41257C35F, cid=146
2019-09-24 16:16:26,438 WARN  server.GrpcLogAppender (GrpcLogAppender.java:timeoutAppendRequest(200)) - s2@group-5C26748AB2B1->s0-GrpcLogAppender: appendEntries Timeout, request=s2->s0#238-t3, previous=(t:3, i:195), leaderCommit=100, initializing? false, entries: size=1, first=(t:3, i:196), STATEMACHINELOGENTRY, client-EDB41257C35F, cid=147
2019-09-24 16:16:26,438 WARN  server.GrpcLogAppender (GrpcLogAppender.java:timeoutAppendRequest(200)) - s2@group-5C26748AB2B1->s0-GrpcLogAppender: appendEntries Timeout, request=s2->s0#239-t3, previous=(t:3, i:196), leaderCommit=100, initializing? false, entries: size=1, first=(t:3, i:197), STATEMACHINELOGENTRY, client-EDB41257C35F, cid=148
2019-09-24 16:16:26,439 WARN  server.GrpcLogAppender (GrpcLogAppender.java:timeoutAppendRequest(200)) - s2@group-5C26748AB2B1->s0-GrpcLogAppender: appendEntries Timeout, request=s2->s0#240-t3, previous=(t:3, i:197), leaderCommit=100, initializing? false, entries: size=1, first=(t:3, i:198), STATEMACHINELOGENTRY, client-EDB41257C35F, cid=149
2019-09-24 16:16:26,439 WARN  server.GrpcLogAppender (GrpcLogAppender.java:timeoutAppendRequest(200)) - s2@group-5C26748AB2B1->s0-GrpcLogAppender: appendEntries Timeout, request=s2->s0#241-t3, previous=(t:3, i:198), leaderCommit=100, initializing? false, entries: size=1, first=(t:3, i:199), STATEMACHINELOGENTRY, client-EDB41257C35F, cid=150
2019-09-24 16:16:26,440 WARN  server.GrpcLogAppender (GrpcLogAppender.java:timeoutAppendRequest(200)) - s2@group-5C26748AB2B1->s0-GrpcLogAppender: appendEntries Timeout, request=s2->s0#242-t3, previous=(t:3, i:199), leaderCommit=100, initializing? false, entries: size=1, first=(t:3, i:200), STATEMACHINELOGENTRY, client-EDB41257C35F, cid=151
2019-09-24 16:16:26,440 WARN  server.GrpcLogAppender (GrpcLogAppender.java:timeoutAppendRequest(200)) - s2@group-5C26748AB2B1->s0-GrpcLogAppender: appendEntries Timeout, request=s2->s0#243-t3, previous=(t:3, i:200), leaderCommit=100, initializing? false, entries: size=1, first=(t:3, i:201), STATEMACHINELOGENTRY, client-EDB41257C35F, cid=152
2019-09-24 16:16:26,440 WARN  server.GrpcLogAppender (GrpcLogAppender.java:timeoutAppendRequest(200)) - s2@group-5C26748AB2B1->s0-GrpcLogAppender: appendEntries Timeout, request=s2->s0#244-t3, previous=(t:3, i:201), leaderCommit=100, initializing? false, entries: size=1, first=(t:3, i:202), STATEMACHINELOGENTRY, client-EDB41257C35F, cid=153
2019-09-24 16:16:26,441 WARN  server.GrpcLogAppender (GrpcLogAppender.java:timeoutAppendRequest(200)) - s2@group-5C26748AB2B1->s0-GrpcLogAppender: appendEntries Timeout, request=s2->s0#245-t3, previous=(t:3, i:202), leaderCommit=100, initializing? false, entries: size=1, first=(t:3, i:203), STATEMACHINELOGENTRY, client-EDB41257C35F, cid=154
2019-09-24 16:16:26,441 WARN  server.GrpcLogAppender (GrpcLogAppender.java:timeoutAppendRequest(200)) - s2@group-5C26748AB2B1->s0-GrpcLogAppender: appendEntries Timeout, request=s2->s0#246-t3, previous=(t:3, i:203), leaderCommit=100, initializing? false, entries: size=1, first=(t:3, i:204), STATEMACHINELOGENTRY, client-EDB41257C35F, cid=155
2019-09-24 16:16:26,442 WARN  server.GrpcLogAppender (GrpcLogAppender.java:timeoutAppendRequest(200)) - s2@group-5C26748AB2B1->s0-GrpcLogAppender: appendEntries Timeout, request=s2->s0#247-t3, previous=(t:3, i:204), leaderCommit=100, initializing? false, entries: size=1, first=(t:3, i:205), STATEMACHINELOGENTRY, client-EDB41257C35F, cid=156
2019-09-24 16:16:26,442 WARN  server.GrpcLogAppender (GrpcLogAppender.java:timeoutAppendRequest(200)) - s2@group-5C26748AB2B1->s0-GrpcLogAppender: appendEntries Timeout, request=s2->s0#248-t3, previous=(t:3, i:205), leaderCommit=100, initializing? false, entries: size=1, first=(t:3, i:206), STATEMACHINELOGENTRY, client-EDB41257C35F, cid=157
2019-09-24 16:16:26,443 WARN  server.GrpcLogAppender (GrpcLogAppender.java:timeoutAppendRequest(200)) - s2@group-5C26748AB2B1->s0-GrpcLogAppender: appendEntries Timeout, request=s2->s0#249-t3, previous=(t:3, i:206), leaderCommit=100, initializing? false, entries: size=1, first=(t:3, i:207), STATEMACHINELOGENTRY, client-EDB41257C35F, cid=158
2019-09-24 16:16:26,443 WARN  server.GrpcLogAppender (GrpcLogAppender.java:timeoutAppendRequest(200)) - s2@group-5C26748AB2B1->s0-GrpcLogAppender: appendEntries Timeout, request=s2->s0#250-t3, previous=(t:3, i:207), leaderCommit=100, initializing? false, entries: size=1, first=(t:3, i:208), STATEMACHINELOGENTRY, client-EDB41257C35F, cid=159
2019-09-24 16:16:26,444 WARN  server.GrpcLogAppender (GrpcLogAppender.java:timeoutAppendRequest(200)) - s2@group-5C26748AB2B1->s0-GrpcLogAppender: appendEntries Timeout, request=s2->s0#251-t3, previous=(t:3, i:208), leaderCommit=100, initializing? false, entries: size=1, first=(t:3, i:209), STATEMACHINELOGENTRY, client-EDB41257C35F, cid=160
2019-09-24 16:16:26,444 WARN  server.GrpcLogAppender (GrpcLogAppender.java:timeoutAppendRequest(200)) - s2@group-5C26748AB2B1->s0-GrpcLogAppender: appendEntries Timeout, request=s2->s0#252-t3, previous=(t:3, i:209), leaderCommit=100, initializing? false, entries: size=1, first=(t:3, i:210), STATEMACHINELOGENTRY, client-EDB41257C35F, cid=161
2019-09-24 16:16:27,043 WARN  server.GrpcLogAppender (GrpcLogAppender.java:timeoutAppendRequest(200)) - s2@group-5C26748AB2B1->s0-GrpcLogAppender: appendEntries Timeout, request=s2->s0#253-t3, previous=(t:3, i:210), leaderCommit=102, initializing? false, entries: size=7, first=(t:3, i:211), STATEMACHINELOGENTRY, client-EDB41257C35F, cid=162
2019-09-24 16:16:27,063 WARN  server.GrpcLogAppender (GrpcLogAppender.java:timeoutAppendRequest(200)) - s2@group-5C26748AB2B1->s0-GrpcLogAppender: appendEntries Timeout, request=s2->s0#254-t3, previous=(t:3, i:217), leaderCommit=108, initializing? false, entries: size=1, first=(t:3, i:218), METADATAENTRY(c108)
2019-09-24 16:16:27,063 WARN  server.GrpcLogAppender (GrpcLogAppender.java:timeoutAppendRequest(200)) - s2@group-5C26748AB2B1->s1-GrpcLogAppender: appendEntries Timeout, request=s2->s1#266-t3, previous=(t:3, i:217), leaderCommit=108, initializing? false, entries: size=1, first=(t:3, i:218), METADATAENTRY(c108)
2019-09-24 16:16:27,066 WARN  server.GrpcLogAppender (GrpcLogAppender.java:timeoutAppendRequest(200)) - s2@group-5C26748AB2B1->s0-GrpcLogAppender: appendEntries Timeout, request=s2->s0#255-t3, previous=(t:3, i:218), leaderCommit=119, initializing? false, entries: size=1, first=(t:3, i:219), METADATAENTRY(c119)
2019-09-24 16:16:27,066 WARN  server.GrpcLogAppender (GrpcLogAppender.java:timeoutAppendRequest(200)) - s2@group-5C26748AB2B1->s1-GrpcLogAppender: appendEntries Timeout, request=s2->s1#267-t3, previous=(t:3, i:218), leaderCommit=119, initializing? false, entries: size=1, first=(t:3, i:219), METADATAENTRY(c119)
2019-09-24 16:16:27,067 WARN  server.GrpcLogAppender (GrpcLogAppender.java:timeoutAppendRequest(200)) - s2@group-5C26748AB2B1->s0-GrpcLogAppender: appendEntries Timeout, request=s2->s0#256-t3, previous=(t:3, i:219), leaderCommit=120, initializing? false, entries: size=1, first=(t:3, i:220), METADATAENTRY(c120)
2019-09-24 16:16:27,067 WARN  server.GrpcLogAppender (GrpcLogAppender.java:timeoutAppendRequest(200)) - s2@group-5C26748AB2B1->s1-GrpcLogAppender: appendEntries Timeout, request=s2->s1#268-t3, previous=(t:3, i:219), leaderCommit=120, initializing? false, entries: size=1, first=(t:3, i:220), METADATAENTRY(c120)
2019-09-24 16:16:27,067 WARN  server.GrpcLogAppender (GrpcLogAppender.java:timeoutAppendRequest(200)) - s2@group-5C26748AB2B1->s0-GrpcLogAppender: appendEntries Timeout, request=s2->s0#257-t3, previous=(t:3, i:220), leaderCommit=122, initializing? false, entries: size=1, first=(t:3, i:221), METADATAENTRY(c122)
2019-09-24 16:16:27,067 WARN  server.GrpcLogAppender (GrpcLogAppender.java:timeoutAppendRequest(200)) - s2@group-5C26748AB2B1->s1-GrpcLogAppender: appendEntries Timeout, request=s2->s1#269-t3, previous=(t:3, i:220), leaderCommit=122, initializing? false, entries: size=1, first=(t:3, i:221), METADATAENTRY(c122)
2019-09-24 16:16:27,068 WARN  server.GrpcLogAppender (GrpcLogAppender.java:timeoutAppendRequest(200)) - s2@group-5C26748AB2B1->s1-GrpcLogAppender: appendEntries Timeout, request=s2->s1#270-t3, previous=(t:3, i:221), leaderCommit=124, initializing? false, entries: size=1, first=(t:3, i:222), METADATAENTRY(c124)
2019-09-24 16:16:27,068 WARN  server.GrpcLogAppender (GrpcLogAppender.java:timeoutAppendRequest(200)) - s2@group-5C26748AB2B1->s0-GrpcLogAppender: appendEntries Timeout, request=s2->s0#258-t3, previous=(t:3, i:221), leaderCommit=124, initializing? false, entries: size=1, first=(t:3, i:222), METADATAENTRY(c124)
2019-09-24 16:16:27,069 WARN  server.GrpcLogAppender (GrpcLogAppender.java:timeoutAppendRequest(200)) - s2@group-5C26748AB2B1->s0-GrpcLogAppender: appendEntries Timeout, request=s2->s0#259-t3, previous=(t:3, i:222), leaderCommit=127, initializing? false, entries: size=1, first=(t:3, i:223), METADATAENTRY(c127)
2019-09-24 16:16:27,069 WARN  server.GrpcLogAppender (GrpcLogAppender.java:timeoutAppendRequest(200)) - s2@group-5C26748AB2B1->s1-GrpcLogAppender: appendEntries Timeout, request=s2->s1#271-t3, previous=(t:3, i:222), leaderCommit=127, initializing? false, entries: size=1, first=(t:3, i:223), METADATAENTRY(c127)
2019-09-24 16:16:27,070 WARN  server.GrpcLogAppender (GrpcLogAppender.java:timeoutAppendRequest(200)) - s2@group-5C26748AB2B1->s1-GrpcLogAppender: appendEntries Timeout, request=s2->s1#272-t3, previous=(t:3, i:223), leaderCommit=129, initializing? false, entries: size=1, first=(t:3, i:224), METADATAENTRY(c129)
2019-09-24 16:16:27,070 WARN  server.GrpcLogAppender (GrpcLogAppender.java:timeoutAppendRequest(200)) - s2@group-5C26748AB2B1->s0-GrpcLogAppender: appendEntries Timeout, request=s2->s0#260-t3, previous=(t:3, i:223), leaderCommit=129, initializing? false, entries: size=1, first=(t:3, i:224), METADATAENTRY(c129)
2019-09-24 16:16:27,070 WARN  server.GrpcLogAppender (GrpcLogAppender.java:timeoutAppendRequest(200)) - s2@group-5C26748AB2B1->s0-GrpcLogAppender: appendEntries Timeout, request=s2->s0#261-t3, previous=(t:3, i:224), leaderCommit=130, initializing? false, entries: size=1, first=(t:3, i:225), METADATAENTRY(c130)
2019-09-24 16:16:27,070 WARN  server.GrpcLogAppender (GrpcLogAppender.java:timeoutAppendRequest(200)) - s2@group-5C26748AB2B1->s1-GrpcLogAppender: appendEntries Timeout, request=s2->s1#273-t3, previous=(t:3, i:224), leaderCommit=130, initializing? false, entries: size=1, first=(t:3, i:225), METADATAENTRY(c130)
2019-09-24 16:16:27,071 WARN  server.GrpcLogAppender (GrpcLogAppender.java:timeoutAppendRequest(200)) - s2@group-5C26748AB2B1->s0-GrpcLogAppender: appendEntries Timeout, request=s2->s0#262-t3, previous=(t:3, i:225), leaderCommit=133, initializing? false, entries: size=2, first=(t:3, i:226), STATEMACHINELOGENTRY, client-EDB41257C35F, cid=169
2019-09-24 16:16:27,071 WARN  server.GrpcLogAppender (GrpcLogAppender.java:timeoutAppendRequest(200)) - s2@group-5C26748AB2B1->s1-GrpcLogAppender: appendEntries Timeout, request=s2->s1#274-t3, previous=(t:3, i:225), leaderCommit=133, initializing? false, entries: size=2, first=(t:3, i:226), STATEMACHINELOGENTRY, client-EDB41257C35F, cid=169
2019-09-24 16:16:27,072 WARN  server.GrpcLogAppender (GrpcLogAppender.java:timeoutAppendRequest(200)) - s2@group-5C26748AB2B1->s0-GrpcLogAppender: appendEntries Timeout, request=s2->s0#263-t3, previous=(t:3, i:227), leaderCommit=135, initializing? false, entries: size=1, first=(t:3, i:228), METADATAENTRY(c135)
2019-09-24 16:16:27,072 WARN  server.GrpcLogAppender (GrpcLogAppender.java:timeoutAppendRequest(200)) - s2@group-5C26748AB2B1->s1-GrpcLogAppender: appendEntries Timeout, request=s2->s1#275-t3, previous=(t:3, i:227), leaderCommit=135, initializing? false, entries: size=1, first=(t:3, i:228), METADATAENTRY(c135)
2019-09-24 16:16:27,072 WARN  server.GrpcLogAppender (GrpcLogAppender.java:timeoutAppendRequest(200)) - s2@group-5C26748AB2B1->s0-GrpcLogAppender: appendEntries Timeout, request=s2->s0#264-t3, previous=(t:3, i:228), leaderCommit=137, initializing? false, entries: size=1, first=(t:3, i:229), METADATAENTRY(c137)
2019-09-24 16:16:27,072 WARN  server.GrpcLogAppender (GrpcLogAppender.java:timeoutAppendRequest(200)) - s2@group-5C26748AB2B1->s1-GrpcLogAppender: appendEntries Timeout, request=s2->s1#276-t3, previous=(t:3, i:228), leaderCommit=137, initializing? false, entries: size=1, first=(t:3, i:229), METADATAENTRY(c137)
2019-09-24 16:16:27,073 WARN  server.GrpcLogAppender (GrpcLogAppender.java:timeoutAppendRequest(200)) - s2@group-5C26748AB2B1->s1-GrpcLogAppender: appendEntries Timeout, request=s2->s1#277-t3, previous=(t:3, i:229), leaderCommit=139, initializing? false, entries: size=1, first=(t:3, i:230), METADATAENTRY(c139)
2019-09-24 16:16:27,073 WARN  server.GrpcLogAppender (GrpcLogAppender.java:timeoutAppendRequest(200)) - s2@group-5C26748AB2B1->s0-GrpcLogAppender: appendEntries Timeout, request=s2->s0#265-t3, previous=(t:3, i:229), leaderCommit=139, initializing? false, entries: size=1, first=(t:3, i:230), METADATAENTRY(c139)
2019-09-24 16:16:27,073 WARN  server.GrpcLogAppender (GrpcLogAppender.java:timeoutAppendRequest(200)) - s2@group-5C26748AB2B1->s1-GrpcLogAppender: appendEntries Timeout, request=s2->s1#278-t3, previous=(t:3, i:230), leaderCommit=140, initializing? false, entries: size=1, first=(t:3, i:231), METADATAENTRY(c140)
2019-09-24 16:16:27,073 WARN  server.GrpcLogAppender (GrpcLogAppender.java:timeoutAppendRequest(200)) - s2@group-5C26748AB2B1->s0-GrpcLogAppender: appendEntries Timeout, request=s2->s0#266-t3, previous=(t:3, i:230), leaderCommit=140, initializing? false, entries: size=1, first=(t:3, i:231), METADATAENTRY(c140)
2019-09-24 16:16:27,074 WARN  server.GrpcLogAppender (GrpcLogAppender.java:timeoutAppendRequest(200)) - s2@group-5C26748AB2B1->s0-GrpcLogAppender: appendEntries Timeout, request=s2->s0#267-t3, previous=(t:3, i:231), leaderCommit=141, initializing? false, entries: size=1, first=(t:3, i:232), METADATAENTRY(c141)
2019-09-24 16:16:27,074 WARN  server.GrpcLogAppender (GrpcLogAppender.java:timeoutAppendRequest(200)) - s2@group-5C26748AB2B1->s1-GrpcLogAppender: appendEntries Timeout, request=s2->s1#279-t3, previous=(t:3, i:231), leaderCommit=141, initializing? false, entries: size=1, first=(t:3, i:232), METADATAENTRY(c141)
2019-09-24 16:16:27,075 WARN  server.GrpcLogAppender (GrpcLogAppender.java:timeoutAppendRequest(200)) - s2@group-5C26748AB2B1->s1-GrpcLogAppender: appendEntries Timeout, request=s2->s1#280-t3, previous=(t:3, i:232), leaderCommit=143, initializing? false, entries: size=1, first=(t:3, i:233), METADATAENTRY(c143)
2019-09-24 16:16:27,075 WARN  server.GrpcLogAppender (GrpcLogAppender.java:timeoutAppendRequest(200)) - s2@group-5C26748AB2B1->s0-GrpcLogAppender: appendEntries Timeout, request=s2->s0#268-t3, previous=(t:3, i:232), leaderCommit=143, initializing? false, entries: size=1, first=(t:3, i:233), METADATAENTRY(c143)
2019-09-24 16:16:27,076 WARN  server.GrpcLogAppender (GrpcLogAppender.java:timeoutAppendRequest(200)) - s2@group-5C26748AB2B1->s0-GrpcLogAppender: appendEntries Timeout, request=s2->s0#269-t3, previous=(t:3, i:233), leaderCommit=145, initializing? false, entries: size=1, first=(t:3, i:234), STATEMACHINELOGENTRY, client-EDB41257C35F, cid=170
2019-09-24 16:16:27,076 WARN  server.GrpcLogAppender (GrpcLogAppender.java:timeoutAppendRequest(200)) - s2@group-5C26748AB2B1->s1-GrpcLogAppender: appendEntries Timeout, request=s2->s1#281-t3, previous=(t:3, i:233), leaderCommit=145, initializing? false, entries: size=2, first=(t:3, i:234), STATEMACHINELOGENTRY, client-EDB41257C35F, cid=170
2019-09-24 16:16:27,076 WARN  server.GrpcLogAppender (GrpcLogAppender.java:timeoutAppendRequest(200)) - s2@group-5C26748AB2B1->s0-GrpcLogAppender: appendEntries Timeout, request=s2->s0#270-t3, previous=(t:3, i:234), leaderCommit=145, initializing? false, entries: size=1, first=(t:3, i:235), METADATAENTRY(c145)
2019-09-24 16:16:27,077 WARN  server.GrpcLogAppender (GrpcLogAppender.java:timeoutAppendRequest(200)) - s2@group-5C26748AB2B1->s0-GrpcLogAppender: appendEntries Timeout, request=s2->s0#271-t3, previous=(t:3, i:235), leaderCommit=147, initializing? false, entries: size=1, first=(t:3, i:236), METADATAENTRY(c147)
2019-09-24 16:16:27,077 WARN  server.GrpcLogAppender (GrpcLogAppender.java:timeoutAppendRequest(200)) - s2@group-5C26748AB2B1->s1-GrpcLogAppender: appendEntries Timeout, request=s2->s1#282-t3, previous=(t:3, i:235), leaderCommit=147, initializing? false, entries: size=1, first=(t:3, i:236), METADATAENTRY(c147)
2019-09-24 16:16:27,077 WARN  server.GrpcLogAppender (GrpcLogAppender.java:timeoutAppendRequest(200)) - s2@group-5C26748AB2B1->s0-GrpcLogAppender: appendEntries Timeout, request=s2->s0#272-t3, previous=(t:3, i:236), leaderCommit=150, initializing? false, entries: size=1, first=(t:3, i:237), METADATAENTRY(c150)
2019-09-24 16:16:27,077 WARN  server.GrpcLogAppender (GrpcLogAppender.java:timeoutAppendRequest(200)) - s2@group-5C26748AB2B1->s1-GrpcLogAppender: appendEntries Timeout, request=s2->s1#283-t3, previous=(t:3, i:236), leaderCommit=150, initializing? false, entries: size=1, first=(t:3, i:237), METADATAENTRY(c150)
2019-09-24 16:16:27,078 WARN  server.GrpcLogAppender (GrpcLogAppender.java:timeoutAppendRequest(200)) - s2@group-5C26748AB2B1->s1-GrpcLogAppender: appendEntries Timeout, request=s2->s1#284-t3, previous=(t:3, i:237), leaderCommit=152, initializing? false, entries: size=1, first=(t:3, i:238), METADATAENTRY(c152)
2019-09-24 16:16:27,078 WARN  server.GrpcLogAppender (GrpcLogAppender.java:timeoutAppendRequest(200)) - s2@group-5C26748AB2B1->s0-GrpcLogAppender: appendEntries Timeout, request=s2->s0#273-t3, previous=(t:3, i:237), leaderCommit=152, initializing? false, entries: size=1, first=(t:3, i:238), METADATAENTRY(c152)
2019-09-24 16:16:27,078 WARN  server.GrpcLogAppender (GrpcLogAppender.java:timeoutAppendRequest(200)) - s2@group-5C26748AB2B1->s1-GrpcLogAppender: appendEntries Timeout, request=s2->s1#285-t3, previous=(t:3, i:238), leaderCommit=154, initializing? false, entries: size=1, first=(t:3, i:239), METADATAENTRY(c154)
2019-09-24 16:16:27,078 WARN  server.GrpcLogAppender (GrpcLogAppender.java:timeoutAppendRequest(200)) - s2@group-5C26748AB2B1->s1-GrpcLogAppender: appendEntries Timeout, request=s2->s1#286-t3, previous=(t:3, i:239), leaderCommit=155, initializing? false, entries: size=1, first=(t:3, i:240), METADATAENTRY(c155)
2019-09-24 16:16:27,079 WARN  server.GrpcLogAppender (GrpcLogAppender.java:timeoutAppendRequest(200)) - s2@group-5C26748AB2B1->s1-GrpcLogAppender: appendEntries Timeout, request=s2->s1#287-t3, previous=(t:3, i:240), leaderCommit=156, initializing? false, entries: size=1, first=(t:3, i:241), METADATAENTRY(c156)
2019-09-24 16:16:27,079 WARN  server.GrpcLogAppender (GrpcLogAppender.java:timeoutAppendRequest(200)) - s2@group-5C26748AB2B1->s1-GrpcLogAppender: appendEntries Timeout, request=s2->s1#288-t3, previous=(t:3, i:241), leaderCommit=158, initializing? false, entries: size=1, first=(t:3, i:242), METADATAENTRY(c158)
2019-09-24 16:16:27,080 WARN  server.GrpcLogAppender (GrpcLogAppender.java:timeoutAppendRequest(200)) - s2@group-5C26748AB2B1->s1-GrpcLogAppender: appendEntries Timeout, request=s2->s1#289-t3, previous=(t:3, i:242), leaderCommit=160, initializing? false, entries: size=1, first=(t:3, i:243), METADATAENTRY(c160)
2019-09-24 16:16:27,081 WARN  server.GrpcLogAppender (GrpcLogAppender.java:timeoutAppendRequest(200)) - s2@group-5C26748AB2B1->s1-GrpcLogAppender: appendEntries Timeout, request=s2->s1#290-t3, previous=(t:3, i:243), leaderCommit=162, initializing? false, entries: size=1, first=(t:3, i:244), METADATAENTRY(c162)
2019-09-24 16:16:27,082 WARN  server.GrpcLogAppender (GrpcLogAppender.java:timeoutAppendRequest(200)) - s2@group-5C26748AB2B1->s1-GrpcLogAppender: appendEntries Timeout, request=s2->s1#291-t3, previous=(t:3, i:244), leaderCommit=162, initializing? false, entries: size=1, first=(t:3, i:245), STATEMACHINELOGENTRY, client-EDB41257C35F, cid=171
2019-09-24 16:16:27,083 WARN  server.GrpcLogAppender (GrpcLogAppender.java:timeoutAppendRequest(200)) - s2@group-5C26748AB2B1->s1-GrpcLogAppender: appendEntries Timeout, request=s2->s1#292-t3, previous=(t:3, i:245), leaderCommit=170, initializing? false, entries: size=1, first=(t:3, i:246), METADATAENTRY(c170)
2019-09-24 16:16:27,084 WARN  server.GrpcLogAppender (GrpcLogAppender.java:timeoutAppendRequest(200)) - s2@group-5C26748AB2B1->s1-GrpcLogAppender: appendEntries Timeout, request=s2->s1#293-t3, previous=(t:3, i:246), leaderCommit=175, initializing? false, entries: size=1, first=(t:3, i:247), METADATAENTRY(c175)
2019-09-24 16:16:27,084 WARN  server.GrpcLogAppender (GrpcLogAppender.java:timeoutAppendRequest(200)) - s2@group-5C26748AB2B1->s1-GrpcLogAppender: appendEntries Timeout, request=s2->s1#294-t3, previous=(t:3, i:247), leaderCommit=178, initializing? false, entries: size=1, first=(t:3, i:248), METADATAENTRY(c178)
2019-09-24 16:16:27,085 WARN  server.GrpcLogAppender (GrpcLogAppender.java:timeoutAppendRequest(200)) - s2@group-5C26748AB2B1->s1-GrpcLogAppender: appendEntries Timeout, request=s2->s1#295-t3, previous=(t:3, i:248), leaderCommit=179, initializing? false, entries: size=1, first=(t:3, i:249), METADATAENTRY(c179)
2019-09-24 16:16:27,085 WARN  server.GrpcLogAppender (GrpcLogAppender.java:timeoutAppendRequest(200)) - s2@group-5C26748AB2B1->s1-GrpcLogAppender: appendEntries Timeout, request=s2->s1#296-t3, previous=(t:3, i:249), leaderCommit=181, initializing? false, entries: size=1, first=(t:3, i:250), METADATAENTRY(c181)
2019-09-24 16:16:27,086 WARN  server.GrpcLogAppender (GrpcLogAppender.java:timeoutAppendRequest(200)) - s2@group-5C26748AB2B1->s1-GrpcLogAppender: appendEntries Timeout, request=s2->s1#297-t3, previous=(t:3, i:250), leaderCommit=182, initializing? false, entries: size=1, first=(t:3, i:251), METADATAENTRY(c182)
2019-09-24 16:16:27,086 WARN  server.GrpcLogAppender (GrpcLogAppender.java:timeoutAppendRequest(200)) - s2@group-5C26748AB2B1->s1-GrpcLogAppender: appendEntries Timeout, request=s2->s1#298-t3, previous=(t:3, i:251), leaderCommit=183, initializing? false, entries: size=1, first=(t:3, i:252), METADATAENTRY(c183)
2019-09-24 16:16:27,087 WARN  server.GrpcLogAppender (GrpcLogAppender.java:timeoutAppendRequest(200)) - s2@group-5C26748AB2B1->s1-GrpcLogAppender: appendEntries Timeout, request=s2->s1#299-t3, previous=(t:3, i:252), leaderCommit=191, initializing? false, entries: size=1, first=(t:3, i:253), METADATAENTRY(c191)
2019-09-24 16:16:27,088 WARN  server.GrpcLogAppender (GrpcLogAppender.java:timeoutAppendRequest(200)) - s2@group-5C26748AB2B1->s1-GrpcLogAppender: appendEntries Timeout, request=s2->s1#300-t3, previous=(t:3, i:253), leaderCommit=193, initializing? false, entries: size=1, first=(t:3, i:254), METADATAENTRY(c193)
2019-09-24 16:16:27,088 WARN  server.GrpcLogAppender (GrpcLogAppender.java:timeoutAppendRequest(200)) - s2@group-5C26748AB2B1->s1-GrpcLogAppender: appendEntries Timeout, request=s2->s1#301-t3, previous=(t:3, i:254), leaderCommit=195, initializing? false, entries: size=1, first=(t:3, i:255), METADATAENTRY(c195)
2019-09-24 16:16:27,090 WARN  server.GrpcLogAppender (GrpcLogAppender.java:timeoutAppendRequest(200)) - s2@group-5C26748AB2B1->s1-GrpcLogAppender: appendEntries Timeout, request=s2->s1#302-t3, previous=(t:3, i:255), leaderCommit=195, initializing? false, entries: size=1, first=(t:3, i:256), STATEMACHINELOGENTRY, client-EDB41257C35F, cid=172
2019-09-24 16:16:27,091 WARN  server.GrpcLogAppender (GrpcLogAppender.java:timeoutAppendRequest(200)) - s2@group-5C26748AB2B1->s1-GrpcLogAppender: appendEntries Timeout, request=s2->s1#303-t3, previous=(t:3, i:256), leaderCommit=200, initializing? false, entries: size=1, first=(t:3, i:257), METADATAENTRY(c200)
2019-09-24 16:16:27,096 WARN  server.GrpcLogAppender (GrpcLogAppender.java:timeoutAppendRequest(200)) - s2@group-5C26748AB2B1->s1-GrpcLogAppender: appendEntries Timeout, request=s2->s1#304-t3, previous=(t:3, i:257), leaderCommit=201, initializing? false, entries: size=1, first=(t:3, i:258), METADATAENTRY(c201)
2019-09-24 16:16:27,096 WARN  server.GrpcLogAppender (GrpcLogAppender.java:timeoutAppendRequest(200)) - s2@group-5C26748AB2B1->s1-GrpcLogAppender: appendEntries Timeout, request=s2->s1#305-t3, previous=(t:3, i:258), leaderCommit=201, initializing? false, entries: size=1, first=(t:3, i:259), STATEMACHINELOGENTRY, client-EDB41257C35F, cid=173
2019-09-24 16:16:27,096 WARN  server.GrpcLogAppender (GrpcLogAppender.java:timeoutAppendRequest(200)) - s2@group-5C26748AB2B1->s1-GrpcLogAppender: appendEntries Timeout, request=s2->s1#306-t3, previous=(t:3, i:259), leaderCommit=204, initializing? false, entries: size=1, first=(t:3, i:260), METADATAENTRY(c204)
2019-09-24 16:16:27,096 WARN  server.GrpcLogAppender (GrpcLogAppender.java:timeoutAppendRequest(200)) - s2@group-5C26748AB2B1->s1-GrpcLogAppender: appendEntries Timeout, request=s2->s1#307-t3, previous=(t:3, i:260), leaderCommit=205, initializing? false, entries: size=1, first=(t:3, i:261), METADATAENTRY(c205)
2019-09-24 16:16:27,097 WARN  server.GrpcLogAppender (GrpcLogAppender.java:timeoutAppendRequest(200)) - s2@group-5C26748AB2B1->s1-GrpcLogAppender: appendEntries Timeout, request=s2->s1#308-t3, previous=(t:3, i:261), leaderCommit=207, initializing? false, entries: size=1, first=(t:3, i:262), METADATAENTRY(c207)
2019-09-24 16:16:27,097 WARN  server.GrpcLogAppender (GrpcLogAppender.java:timeoutAppendRequest(200)) - s2@group-5C26748AB2B1->s1-GrpcLogAppender: appendEntries Timeout, request=s2->s1#309-t3, previous=(t:3, i:262), leaderCommit=208, initializing? false, entries: size=1, first=(t:3, i:263), METADATAENTRY(c208)
2019-09-24 16:16:27,097 WARN  server.GrpcLogAppender (GrpcLogAppender.java:timeoutAppendRequest(200)) - s2@group-5C26748AB2B1->s1-GrpcLogAppender: appendEntries Timeout, request=s2->s1#310-t3, previous=(t:3, i:263), leaderCommit=209, initializing? false, entries: size=1, first=(t:3, i:264), METADATAENTRY(c209)
2019-09-24 16:16:27,097 WARN  server.GrpcLogAppender (GrpcLogAppender.java:timeoutAppendRequest(200)) - s2@group-5C26748AB2B1->s1-GrpcLogAppender: appendEntries Timeout, request=s2->s1#311-t3, previous=(t:3, i:264), leaderCommit=210, initializing? false, entries: size=1, first=(t:3, i:265), METADATAENTRY(c210)
2019-09-24 16:16:27,098 WARN  server.GrpcLogAppender (GrpcLogAppender.java:timeoutAppendRequest(200)) - s2@group-5C26748AB2B1->s1-GrpcLogAppender: appendEntries Timeout, request=s2->s1#312-t3, previous=(t:3, i:265), leaderCommit=211, initializing? false, entries: size=1, first=(t:3, i:266), METADATAENTRY(c211)
2019-09-24 16:16:27,098 WARN  server.GrpcLogAppender (GrpcLogAppender.java:timeoutAppendRequest(200)) - s2@group-5C26748AB2B1->s1-GrpcLogAppender: appendEntries Timeout, request=s2->s1#313-t3, previous=(t:3, i:266), leaderCommit=212, initializing? false, entries: size=1, first=(t:3, i:267), METADATAENTRY(c212)
2019-09-24 16:16:27,098 WARN  server.GrpcLogAppender (GrpcLogAppender.java:timeoutAppendRequest(200)) - s2@group-5C26748AB2B1->s1-GrpcLogAppender: appendEntries Timeout, request=s2->s1#314-t3, previous=(t:3, i:267), leaderCommit=213, initializing? false, entries: size=1, first=(t:3, i:268), METADATAENTRY(c213)
2019-09-24 16:16:27,098 WARN  server.GrpcLogAppender (GrpcLogAppender.java:timeoutAppendRequest(200)) - s2@group-5C26748AB2B1->s1-GrpcLogAppender: appendEntries Timeout, request=s2->s1#315-t3, previous=(t:3, i:268), leaderCommit=214, initializing? false, entries: size=1, first=(t:3, i:269), METADATAENTRY(c214)
2019-09-24 16:16:27,099 WARN  server.GrpcLogAppender (GrpcLogAppender.java:timeoutAppendRequest(200)) - s2@group-5C26748AB2B1->s1-GrpcLogAppender: appendEntries Timeout, request=s2->s1#316-t3, previous=(t:3, i:269), leaderCommit=215, initializing? false, entries: size=1, first=(t:3, i:270), METADATAENTRY(c215)
2019-09-24 16:16:27,099 WARN  server.GrpcLogAppender (GrpcLogAppender.java:timeoutAppendRequest(200)) - s2@group-5C26748AB2B1->s1-GrpcLogAppender: appendEntries Timeout, request=s2->s1#317-t3, previous=(t:3, i:270), leaderCommit=216, initializing? false, entries: size=1, first=(t:3, i:271), METADATAENTRY(c216)
2019-09-24 16:16:27,099 WARN  server.GrpcLogAppender (GrpcLogAppender.java:timeoutAppendRequest(200)) - s2@group-5C26748AB2B1->s1-GrpcLogAppender: appendEntries Timeout, request=s2->s1#318-t3, previous=(t:3, i:271), leaderCommit=217, initializing? false, entries: size=1, first=(t:3, i:272), METADATAENTRY(c217)
2019-09-24 16:16:27,106 WARN  server.GrpcLogAppender (GrpcLogAppender.java:timeoutAppendRequest(200)) - s2@group-5C26748AB2B1->s1-GrpcLogAppender: appendEntries Timeout, request=s2->s1#319-t3, previous=(t:3, i:272), leaderCommit=217, initializing? false, entries: size=1, first=(t:3, i:273), STATEMACHINELOGENTRY, client-EDB41257C35F, cid=174
2019-09-24 16:16:27,122 WARN  server.GrpcLogAppender (GrpcLogAppender.java:timeoutAppendRequest(200)) - s2@group-5C26748AB2B1->s1-GrpcLogAppender: appendEntries Timeout, request=s2->s1#320-t3, previous=(t:3, i:273), leaderCommit=217, initializing? false, entries: size=1, first=(t:3, i:274), STATEMACHINELOGENTRY, client-EDB41257C35F, cid=175
2019-09-24 16:16:27,123 WARN  server.GrpcLogAppender (GrpcLogAppender.java:timeoutAppendRequest(200)) - s2@group-5C26748AB2B1->s1-GrpcLogAppender: appendEntries Timeout, request=s2->s1#321-t3, previous=(t:3, i:274), leaderCommit=217, initializing? false, entries: size=1, first=(t:3, i:275), STATEMACHINELOGENTRY, client-EDB41257C35F, cid=176
2019-09-24 16:16:27,123 WARN  server.GrpcLogAppender (GrpcLogAppender.java:timeoutAppendRequest(200)) - s2@group-5C26748AB2B1->s1-GrpcLogAppender: appendEntries Timeout, request=s2->s1#322-t3, previous=(t:3, i:275), leaderCommit=217, initializing? false, entries: size=1, first=(t:3, i:276), STATEMACHINELOGENTRY, client-EDB41257C35F, cid=177
2019-09-24 16:16:27,127 WARN  server.GrpcLogAppender (GrpcLogAppender.java:timeoutAppendRequest(200)) - s2@group-5C26748AB2B1->s1-GrpcLogAppender: appendEntries Timeout, request=s2->s1#323-t3, previous=(t:3, i:276), leaderCommit=217, initializing? false, entries: size=1, first=(t:3, i:277), STATEMACHINELOGENTRY, client-EDB41257C35F, cid=178
2019-09-24 16:16:27,127 WARN  server.GrpcLogAppender (GrpcLogAppender.java:timeoutAppendRequest(200)) - s2@group-5C26748AB2B1->s1-GrpcLogAppender: appendEntries Timeout, request=s2->s1#324-t3, previous=(t:3, i:277), leaderCommit=217, initializing? false, entries: size=1, first=(t:3, i:278), STATEMACHINELOGENTRY, client-EDB41257C35F, cid=179
2019-09-24 16:16:27,128 WARN  server.GrpcLogAppender (GrpcLogAppender.java:timeoutAppendRequest(200)) - s2@group-5C26748AB2B1->s1-GrpcLogAppender: appendEntries Timeout, request=s2->s1#325-t3, previous=(t:3, i:278), leaderCommit=217, initializing? false, entries: size=1, first=(t:3, i:279), STATEMACHINELOGENTRY, client-EDB41257C35F, cid=180
2019-09-24 16:16:27,128 WARN  server.GrpcLogAppender (GrpcLogAppender.java:timeoutAppendRequest(200)) - s2@group-5C26748AB2B1->s1-GrpcLogAppender: appendEntries Timeout, request=s2->s1#326-t3, previous=(t:3, i:279), leaderCommit=217, initializing? false, entries: size=1, first=(t:3, i:280), STATEMACHINELOGENTRY, client-EDB41257C35F, cid=181
2019-09-24 16:16:27,128 WARN  server.GrpcLogAppender (GrpcLogAppender.java:timeoutAppendRequest(200)) - s2@group-5C26748AB2B1->s1-GrpcLogAppender: appendEntries Timeout, request=s2->s1#327-t3, previous=(t:3, i:280), leaderCommit=217, initializing? false, entries: size=1, first=(t:3, i:281), STATEMACHINELOGENTRY, client-EDB41257C35F, cid=182
2019-09-24 16:16:27,129 WARN  server.GrpcLogAppender (GrpcLogAppender.java:timeoutAppendRequest(200)) - s2@group-5C26748AB2B1->s1-GrpcLogAppender: appendEntries Timeout, request=s2->s1#328-t3, previous=(t:3, i:281), leaderCommit=217, initializing? false, entries: size=1, first=(t:3, i:282), STATEMACHINELOGENTRY, client-EDB41257C35F, cid=183
2019-09-24 16:16:27,129 WARN  server.GrpcLogAppender (GrpcLogAppender.java:timeoutAppendRequest(200)) - s2@group-5C26748AB2B1->s1-GrpcLogAppender: appendEntries Timeout, request=s2->s1#329-t3, previous=(t:3, i:282), leaderCommit=217, initializing? false, entries: size=1, first=(t:3, i:283), STATEMACHINELOGENTRY, client-EDB41257C35F, cid=184
2019-09-24 16:16:27,129 WARN  server.GrpcLogAppender (GrpcLogAppender.java:timeoutAppendRequest(200)) - s2@group-5C26748AB2B1->s1-GrpcLogAppender: appendEntries Timeout, request=s2->s1#330-t3, previous=(t:3, i:283), leaderCommit=217, initializing? false, entries: size=1, first=(t:3, i:284), STATEMACHINELOGENTRY, client-EDB41257C35F, cid=185
2019-09-24 16:16:27,130 WARN  server.GrpcLogAppender (GrpcLogAppender.java:timeoutAppendRequest(200)) - s2@group-5C26748AB2B1->s1-GrpcLogAppender: appendEntries Timeout, request=s2->s1#331-t3, previous=(t:3, i:284), leaderCommit=217, initializing? false, entries: size=1, first=(t:3, i:285), STATEMACHINELOGENTRY, client-EDB41257C35F, cid=186
2019-09-24 16:16:27,130 WARN  server.GrpcLogAppender (GrpcLogAppender.java:timeoutAppendRequest(200)) - s2@group-5C26748AB2B1->s1-GrpcLogAppender: appendEntries Timeout, request=s2->s1#332-t3, previous=(t:3, i:285), leaderCommit=217, initializing? false, entries: size=1, first=(t:3, i:286), STATEMACHINELOGENTRY, client-EDB41257C35F, cid=187
2019-09-24 16:16:27,131 WARN  server.GrpcLogAppender (GrpcLogAppender.java:timeoutAppendRequest(200)) - s2@group-5C26748AB2B1->s1-GrpcLogAppender: appendEntries Timeout, request=s2->s1#333-t3, previous=(t:3, i:286), leaderCommit=217, initializing? false, entries: size=1, first=(t:3, i:287), STATEMACHINELOGENTRY, client-EDB41257C35F, cid=188
2019-09-24 16:16:27,131 WARN  server.GrpcLogAppender (GrpcLogAppender.java:timeoutAppendRequest(200)) - s2@group-5C26748AB2B1->s1-GrpcLogAppender: appendEntries Timeout, request=s2->s1#334-t3, previous=(t:3, i:287), leaderCommit=217, initializing? false, entries: size=1, first=(t:3, i:288), STATEMACHINELOGENTRY, client-EDB41257C35F, cid=189
2019-09-24 16:16:27,132 WARN  server.GrpcLogAppender (GrpcLogAppender.java:timeoutAppendRequest(200)) - s2@group-5C26748AB2B1->s1-GrpcLogAppender: appendEntries Timeout, request=s2->s1#335-t3, previous=(t:3, i:288), leaderCommit=217, initializing? false, entries: size=1, first=(t:3, i:289), STATEMACHINELOGENTRY, client-EDB41257C35F, cid=190
2019-09-24 16:16:27,132 WARN  server.GrpcLogAppender (GrpcLogAppender.java:timeoutAppendRequest(200)) - s2@group-5C26748AB2B1->s1-GrpcLogAppender: appendEntries Timeout, request=s2->s1#336-t3, previous=(t:3, i:289), leaderCommit=217, initializing? false, entries: size=1, first=(t:3, i:290), STATEMACHINELOGENTRY, client-EDB41257C35F, cid=191
2019-09-24 16:16:27,132 WARN  server.GrpcLogAppender (GrpcLogAppender.java:timeoutAppendRequest(200)) - s2@group-5C26748AB2B1->s1-GrpcLogAppender: appendEntries Timeout, request=s2->s1#337-t3, previous=(t:3, i:290), leaderCommit=217, initializing? false, entries: size=1, first=(t:3, i:291), STATEMACHINELOGENTRY, client-EDB41257C35F, cid=192
2019-09-24 16:16:27,133 WARN  server.GrpcLogAppender (GrpcLogAppender.java:timeoutAppendRequest(200)) - s2@group-5C26748AB2B1->s1-GrpcLogAppender: appendEntries Timeout, request=s2->s1#338-t3, previous=(t:3, i:291), leaderCommit=217, initializing? false, entries: size=1, first=(t:3, i:292), STATEMACHINELOGENTRY, client-EDB41257C35F, cid=193
2019-09-24 16:16:27,133 WARN  server.GrpcLogAppender (GrpcLogAppender.java:timeoutAppendRequest(200)) - s2@group-5C26748AB2B1->s1-GrpcLogAppender: appendEntries Timeout, request=s2->s1#339-t3, previous=(t:3, i:292), leaderCommit=217, initializing? false, entries: size=1, first=(t:3, i:293), STATEMACHINELOGENTRY, client-EDB41257C35F, cid=194
2019-09-24 16:16:27,134 WARN  server.GrpcLogAppender (GrpcLogAppender.java:timeoutAppendRequest(200)) - s2@group-5C26748AB2B1->s1-GrpcLogAppender: appendEntries Timeout, request=s2->s1#340-t3, previous=(t:3, i:293), leaderCommit=217, initializing? false, entries: size=1, first=(t:3, i:294), STATEMACHINELOGENTRY, client-EDB41257C35F, cid=195
2019-09-24 16:16:27,134 WARN  server.GrpcLogAppender (GrpcLogAppender.java:timeoutAppendRequest(200)) - s2@group-5C26748AB2B1->s1-GrpcLogAppender: appendEntries Timeout, request=s2->s1#341-t3, previous=(t:3, i:294), leaderCommit=217, initializing? false, entries: size=1, first=(t:3, i:295), STATEMACHINELOGENTRY, client-EDB41257C35F, cid=196
2019-09-24 16:16:27,135 WARN  server.GrpcLogAppender (GrpcLogAppender.java:timeoutAppendRequest(200)) - s2@group-5C26748AB2B1->s1-GrpcLogAppender: appendEntries Timeout, request=s2->s1#342-t3, previous=(t:3, i:295), leaderCommit=217, initializing? false, entries: size=1, first=(t:3, i:296), STATEMACHINELOGENTRY, client-EDB41257C35F, cid=197
2019-09-24 16:16:27,135 WARN  server.GrpcLogAppender (GrpcLogAppender.java:timeoutAppendRequest(200)) - s2@group-5C26748AB2B1->s1-GrpcLogAppender: appendEntries Timeout, request=s2->s1#343-t3, previous=(t:3, i:296), leaderCommit=217, initializing? false, entries: size=1, first=(t:3, i:297), STATEMACHINELOGENTRY, client-EDB41257C35F, cid=198
2019-09-24 16:16:27,136 WARN  server.GrpcLogAppender (GrpcLogAppender.java:timeoutAppendRequest(200)) - s2@group-5C26748AB2B1->s1-GrpcLogAppender: appendEntries Timeout, request=s2->s1#344-t3, previous=(t:3, i:297), leaderCommit=217, initializing? false, entries: size=1, first=(t:3, i:298), STATEMACHINELOGENTRY, client-EDB41257C35F, cid=199
2019-09-24 16:16:27,136 WARN  server.GrpcLogAppender (GrpcLogAppender.java:timeoutAppendRequest(200)) - s2@group-5C26748AB2B1->s1-GrpcLogAppender: appendEntries Timeout, request=s2->s1#345-t3, previous=(t:3, i:298), leaderCommit=217, initializing? false, entries: size=1, first=(t:3, i:299), STATEMACHINELOGENTRY, client-EDB41257C35F, cid=200
2019-09-24 16:16:27,136 WARN  server.GrpcLogAppender (GrpcLogAppender.java:timeoutAppendRequest(200)) - s2@group-5C26748AB2B1->s1-GrpcLogAppender: appendEntries Timeout, request=s2->s1#346-t3, previous=(t:3, i:299), leaderCommit=217, initializing? false, entries: size=1, first=(t:3, i:300), STATEMACHINELOGENTRY, client-EDB41257C35F, cid=201
2019-09-24 16:16:27,137 WARN  server.GrpcLogAppender (GrpcLogAppender.java:timeoutAppendRequest(200)) - s2@group-5C26748AB2B1->s1-GrpcLogAppender: appendEntries Timeout, request=s2->s1#347-t3, previous=(t:3, i:300), leaderCommit=217, initializing? false, entries: size=1, first=(t:3, i:301), STATEMACHINELOGENTRY, client-EDB41257C35F, cid=202
2019-09-24 16:16:27,137 WARN  server.GrpcLogAppender (GrpcLogAppender.java:timeoutAppendRequest(200)) - s2@group-5C26748AB2B1->s1-GrpcLogAppender: appendEntries Timeout, request=s2->s1#348-t3, previous=(t:3, i:301), leaderCommit=217, initializing? false, entries: size=1, first=(t:3, i:302), STATEMACHINELOGENTRY, client-EDB41257C35F, cid=203
2019-09-24 16:16:27,138 WARN  server.GrpcLogAppender (GrpcLogAppender.java:timeoutAppendRequest(200)) - s2@group-5C26748AB2B1->s1-GrpcLogAppender: appendEntries Timeout, request=s2->s1#349-t3, previous=(t:3, i:302), leaderCommit=217, initializing? false, entries: size=1, first=(t:3, i:303), STATEMACHINELOGENTRY, client-EDB41257C35F, cid=204
2019-09-24 16:16:27,138 WARN  server.GrpcLogAppender (GrpcLogAppender.java:timeoutAppendRequest(200)) - s2@group-5C26748AB2B1->s1-GrpcLogAppender: appendEntries Timeout, request=s2->s1#350-t3, previous=(t:3, i:303), leaderCommit=217, initializing? false, entries: size=1, first=(t:3, i:304), STATEMACHINELOGENTRY, client-EDB41257C35F, cid=205
2019-09-24 16:16:27,138 WARN  server.GrpcLogAppender (GrpcLogAppender.java:timeoutAppendRequest(200)) - s2@group-5C26748AB2B1->s1-GrpcLogAppender: appendEntries Timeout, request=s2->s1#351-t3, previous=(t:3, i:304), leaderCommit=217, initializing? false, entries: size=1, first=(t:3, i:305), STATEMACHINELOGENTRY, client-EDB41257C35F, cid=206
2019-09-24 16:16:27,139 WARN  server.GrpcLogAppender (GrpcLogAppender.java:timeoutAppendRequest(200)) - s2@group-5C26748AB2B1->s1-GrpcLogAppender: appendEntries Timeout, request=s2->s1#352-t3, previous=(t:3, i:305), leaderCommit=217, initializing? false, entries: size=1, first=(t:3, i:306), STATEMACHINELOGENTRY, client-EDB41257C35F, cid=207
2019-09-24 16:16:27,139 WARN  server.GrpcLogAppender (GrpcLogAppender.java:timeoutAppendRequest(200)) - s2@group-5C26748AB2B1->s1-GrpcLogAppender: appendEntries Timeout, request=s2->s1#353-t3, previous=(t:3, i:306), leaderCommit=217, initializing? false, entries: size=1, first=(t:3, i:307), STATEMACHINELOGENTRY, client-EDB41257C35F, cid=208
2019-09-24 16:16:27,139 WARN  server.GrpcLogAppender (GrpcLogAppender.java:timeoutAppendRequest(200)) - s2@group-5C26748AB2B1->s1-GrpcLogAppender: appendEntries Timeout, request=s2->s1#354-t3, previous=(t:3, i:307), leaderCommit=217, initializing? false, entries: size=1, first=(t:3, i:308), STATEMACHINELOGENTRY, client-EDB41257C35F, cid=209
2019-09-24 16:16:27,140 WARN  server.GrpcLogAppender (GrpcLogAppender.java:timeoutAppendRequest(200)) - s2@group-5C26748AB2B1->s1-GrpcLogAppender: appendEntries Timeout, request=s2->s1#355-t3, previous=(t:3, i:308), leaderCommit=217, initializing? false, entries: size=1, first=(t:3, i:309), STATEMACHINELOGENTRY, client-EDB41257C35F, cid=210
2019-09-24 16:16:27,140 WARN  server.GrpcLogAppender (GrpcLogAppender.java:timeoutAppendRequest(200)) - s2@group-5C26748AB2B1->s1-GrpcLogAppender: appendEntries Timeout, request=s2->s1#356-t3, previous=(t:3, i:309), leaderCommit=217, initializing? false, entries: size=1, first=(t:3, i:310), STATEMACHINELOGENTRY, client-EDB41257C35F, cid=211
2019-09-24 16:16:27,141 WARN  server.GrpcLogAppender (GrpcLogAppender.java:timeoutAppendRequest(200)) - s2@group-5C26748AB2B1->s1-GrpcLogAppender: appendEntries Timeout, request=s2->s1#357-t3, previous=(t:3, i:310), leaderCommit=217, initializing? false, entries: size=1, first=(t:3, i:311), STATEMACHINELOGENTRY, client-EDB41257C35F, cid=212
2019-09-24 16:16:27,141 WARN  server.GrpcLogAppender (GrpcLogAppender.java:timeoutAppendRequest(200)) - s2@group-5C26748AB2B1->s1-GrpcLogAppender: appendEntries Timeout, request=s2->s1#358-t3, previous=(t:3, i:311), leaderCommit=217, initializing? false, entries: size=1, first=(t:3, i:312), STATEMACHINELOGENTRY, client-EDB41257C35F, cid=213
2019-09-24 16:16:27,142 WARN  server.GrpcLogAppender (GrpcLogAppender.java:timeoutAppendRequest(200)) - s2@group-5C26748AB2B1->s1-GrpcLogAppender: appendEntries Timeout, request=s2->s1#359-t3, previous=(t:3, i:312), leaderCommit=217, initializing? false, entries: size=1, first=(t:3, i:313), STATEMACHINELOGENTRY, client-EDB41257C35F, cid=214
2019-09-24 16:16:27,142 WARN  server.GrpcLogAppender (GrpcLogAppender.java:timeoutAppendRequest(200)) - s2@group-5C26748AB2B1->s1-GrpcLogAppender: appendEntries Timeout, request=s2->s1#360-t3, previous=(t:3, i:313), leaderCommit=217, initializing? false, entries: size=1, first=(t:3, i:314), STATEMACHINELOGENTRY, client-EDB41257C35F, cid=215
2019-09-24 16:16:27,142 WARN  server.GrpcLogAppender (GrpcLogAppender.java:timeoutAppendRequest(200)) - s2@group-5C26748AB2B1->s1-GrpcLogAppender: appendEntries Timeout, request=s2->s1#361-t3, previous=(t:3, i:314), leaderCommit=217, initializing? false, entries: size=1, first=(t:3, i:315), STATEMACHINELOGENTRY, client-EDB41257C35F, cid=216
2019-09-24 16:16:27,143 WARN  server.GrpcLogAppender (GrpcLogAppender.java:timeoutAppendRequest(200)) - s2@group-5C26748AB2B1->s1-GrpcLogAppender: appendEntries Timeout, request=s2->s1#362-t3, previous=(t:3, i:315), leaderCommit=217, initializing? false, entries: size=1, first=(t:3, i:316), STATEMACHINELOGENTRY, client-EDB41257C35F, cid=217
2019-09-24 16:16:27,143 WARN  server.GrpcLogAppender (GrpcLogAppender.java:timeoutAppendRequest(200)) - s2@group-5C26748AB2B1->s1-GrpcLogAppender: appendEntries Timeout, request=s2->s1#363-t3, previous=(t:3, i:316), leaderCommit=217, initializing? false, entries: size=1, first=(t:3, i:317), STATEMACHINELOGENTRY, client-EDB41257C35F, cid=218
2019-09-24 16:16:27,143 WARN  server.GrpcLogAppender (GrpcLogAppender.java:timeoutAppendRequest(200)) - s2@group-5C26748AB2B1->s1-GrpcLogAppender: appendEntries Timeout, request=s2->s1#364-t3, previous=(t:3, i:317), leaderCommit=217, initializing? false, entries: size=1, first=(t:3, i:318), STATEMACHINELOGENTRY, client-EDB41257C35F, cid=219
2019-09-24 16:16:27,144 WARN  server.GrpcLogAppender (GrpcLogAppender.java:timeoutAppendRequest(200)) - s2@group-5C26748AB2B1->s1-GrpcLogAppender: appendEntries Timeout, request=s2->s1#365-t3, previous=(t:3, i:318), leaderCommit=217, initializing? false, entries: size=1, first=(t:3, i:319), STATEMACHINELOGENTRY, client-EDB41257C35F, cid=220
2019-09-24 16:16:27,144 WARN  server.GrpcLogAppender (GrpcLogAppender.java:timeoutAppendRequest(200)) - s2@group-5C26748AB2B1->s1-GrpcLogAppender: appendEntries Timeout, request=s2->s1#366-t3, previous=(t:3, i:319), leaderCommit=217, initializing? false, entries: size=1, first=(t:3, i:320), STATEMACHINELOGENTRY, client-EDB41257C35F, cid=221
2019-09-24 16:16:27,145 WARN  server.GrpcLogAppender (GrpcLogAppender.java:timeoutAppendRequest(200)) - s2@group-5C26748AB2B1->s1-GrpcLogAppender: appendEntries Timeout, request=s2->s1#367-t3, previous=(t:3, i:320), leaderCommit=217, initializing? false, entries: size=1, first=(t:3, i:321), STATEMACHINELOGENTRY, client-EDB41257C35F, cid=222
2019-09-24 16:16:27,145 WARN  server.GrpcLogAppender (GrpcLogAppender.java:timeoutAppendRequest(200)) - s2@group-5C26748AB2B1->s1-GrpcLogAppender: appendEntries Timeout, request=s2->s1#368-t3, previous=(t:3, i:321), leaderCommit=217, initializing? false, entries: size=1, first=(t:3, i:322), STATEMACHINELOGENTRY, client-EDB41257C35F, cid=223
2019-09-24 16:16:27,145 WARN  server.GrpcLogAppender (GrpcLogAppender.java:timeoutAppendRequest(200)) - s2@group-5C26748AB2B1->s1-GrpcLogAppender: appendEntries Timeout, request=s2->s1#369-t3, previous=(t:3, i:322), leaderCommit=217, initializing? false, entries: size=1, first=(t:3, i:323), STATEMACHINELOGENTRY, client-EDB41257C35F, cid=224
2019-09-24 16:16:27,146 WARN  server.GrpcLogAppender (GrpcLogAppender.java:timeoutAppendRequest(200)) - s2@group-5C26748AB2B1->s1-GrpcLogAppender: appendEntries Timeout, request=s2->s1#370-t3, previous=(t:3, i:323), leaderCommit=217, initializing? false, entries: size=1, first=(t:3, i:324), STATEMACHINELOGENTRY, client-EDB41257C35F, cid=225
2019-09-24 16:16:27,146 WARN  server.GrpcLogAppender (GrpcLogAppender.java:timeoutAppendRequest(200)) - s2@group-5C26748AB2B1->s1-GrpcLogAppender: appendEntries Timeout, request=s2->s1#371-t3, previous=(t:3, i:324), leaderCommit=217, initializing? false, entries: size=1, first=(t:3, i:325), STATEMACHINELOGENTRY, client-EDB41257C35F, cid=226
2019-09-24 16:16:27,146 WARN  server.GrpcLogAppender (GrpcLogAppender.java:timeoutAppendRequest(200)) - s2@group-5C26748AB2B1->s1-GrpcLogAppender: appendEntries Timeout, request=s2->s1#372-t3, previous=(t:3, i:325), leaderCommit=217, initializing? false, entries: size=1, first=(t:3, i:326), STATEMACHINELOGENTRY, client-EDB41257C35F, cid=227
2019-09-24 16:16:27,147 WARN  server.GrpcLogAppender (GrpcLogAppender.java:timeoutAppendRequest(200)) - s2@group-5C26748AB2B1->s1-GrpcLogAppender: appendEntries Timeout, request=s2->s1#373-t3, previous=(t:3, i:326), leaderCommit=217, initializing? false, entries: size=1, first=(t:3, i:327), STATEMACHINELOGENTRY, client-EDB41257C35F, cid=228
2019-09-24 16:16:27,147 WARN  server.GrpcLogAppender (GrpcLogAppender.java:timeoutAppendRequest(200)) - s2@group-5C26748AB2B1->s1-GrpcLogAppender: appendEntries Timeout, request=s2->s1#374-t3, previous=(t:3, i:327), leaderCommit=217, initializing? false, entries: size=1, first=(t:3, i:328), STATEMACHINELOGENTRY, client-EDB41257C35F, cid=229
2019-09-24 16:16:27,147 WARN  server.GrpcLogAppender (GrpcLogAppender.java:timeoutAppendRequest(200)) - s2@group-5C26748AB2B1->s1-GrpcLogAppender: appendEntries Timeout, request=s2->s1#375-t3, previous=(t:3, i:328), leaderCommit=217, initializing? false, entries: size=1, first=(t:3, i:329), STATEMACHINELOGENTRY, client-EDB41257C35F, cid=230
2019-09-24 16:16:27,148 WARN  server.GrpcLogAppender (GrpcLogAppender.java:timeoutAppendRequest(200)) - s2@group-5C26748AB2B1->s1-GrpcLogAppender: appendEntries Timeout, request=s2->s1#376-t3, previous=(t:3, i:329), leaderCommit=217, initializing? false, entries: size=1, first=(t:3, i:330), STATEMACHINELOGENTRY, client-EDB41257C35F, cid=231
2019-09-24 16:16:27,148 WARN  server.GrpcLogAppender (GrpcLogAppender.java:timeoutAppendRequest(200)) - s2@group-5C26748AB2B1->s1-GrpcLogAppender: appendEntries Timeout, request=s2->s1#377-t3, previous=(t:3, i:330), leaderCommit=217, initializing? false, entries: size=1, first=(t:3, i:331), STATEMACHINELOGENTRY, client-EDB41257C35F, cid=232
2019-09-24 16:16:27,149 WARN  server.GrpcLogAppender (GrpcLogAppender.java:timeoutAppendRequest(200)) - s2@group-5C26748AB2B1->s1-GrpcLogAppender: appendEntries Timeout, request=s2->s1#378-t3, previous=(t:3, i:331), leaderCommit=217, initializing? false, entries: size=1, first=(t:3, i:332), STATEMACHINELOGENTRY, client-EDB41257C35F, cid=233
2019-09-24 16:16:27,149 WARN  server.GrpcLogAppender (GrpcLogAppender.java:timeoutAppendRequest(200)) - s2@group-5C26748AB2B1->s1-GrpcLogAppender: appendEntries Timeout, request=s2->s1#379-t3, previous=(t:3, i:332), leaderCommit=217, initializing? false, entries: size=1, first=(t:3, i:333), STATEMACHINELOGENTRY, client-EDB41257C35F, cid=234
2019-09-24 16:16:27,149 WARN  server.GrpcLogAppender (GrpcLogAppender.java:timeoutAppendRequest(200)) - s2@group-5C26748AB2B1->s1-GrpcLogAppender: appendEntries Timeout, request=s2->s1#380-t3, previous=(t:3, i:333), leaderCommit=217, initializing? false, entries: size=1, first=(t:3, i:334), STATEMACHINELOGENTRY, client-EDB41257C35F, cid=235
2019-09-24 16:16:27,150 WARN  server.GrpcLogAppender (GrpcLogAppender.java:timeoutAppendRequest(200)) - s2@group-5C26748AB2B1->s1-GrpcLogAppender: appendEntries Timeout, request=s2->s1#381-t3, previous=(t:3, i:334), leaderCommit=217, initializing? false, entries: size=1, first=(t:3, i:335), STATEMACHINELOGENTRY, client-EDB41257C35F, cid=236
2019-09-24 16:16:27,150 WARN  server.GrpcLogAppender (GrpcLogAppender.java:timeoutAppendRequest(200)) - s2@group-5C26748AB2B1->s1-GrpcLogAppender: appendEntries Timeout, request=s2->s1#382-t3, previous=(t:3, i:335), leaderCommit=217, initializing? false, entries: size=1, first=(t:3, i:336), STATEMACHINELOGENTRY, client-EDB41257C35F, cid=237
2019-09-24 16:16:27,151 WARN  server.GrpcLogAppender (GrpcLogAppender.java:timeoutAppendRequest(200)) - s2@group-5C26748AB2B1->s1-GrpcLogAppender: appendEntries Timeout, request=s2->s1#383-t3, previous=(t:3, i:336), leaderCommit=217, initializing? false, entries: size=1, first=(t:3, i:337), STATEMACHINELOGENTRY, client-EDB41257C35F, cid=238
2019-09-24 16:16:27,151 WARN  server.GrpcLogAppender (GrpcLogAppender.java:timeoutAppendRequest(200)) - s2@group-5C26748AB2B1->s1-GrpcLogAppender: appendEntries Timeout, request=s2->s1#384-t3, previous=(t:3, i:337), leaderCommit=217, initializing? false, entries: size=1, first=(t:3, i:338), STATEMACHINELOGENTRY, client-EDB41257C35F, cid=239
2019-09-24 16:16:27,151 WARN  server.GrpcLogAppender (GrpcLogAppender.java:timeoutAppendRequest(200)) - s2@group-5C26748AB2B1->s1-GrpcLogAppender: appendEntries Timeout, request=s2->s1#385-t3, previous=(t:3, i:338), leaderCommit=217, initializing? false, entries: size=1, first=(t:3, i:339), STATEMACHINELOGENTRY, client-EDB41257C35F, cid=240
2019-09-24 16:16:27,152 WARN  server.GrpcLogAppender (GrpcLogAppender.java:timeoutAppendRequest(200)) - s2@group-5C26748AB2B1->s1-GrpcLogAppender: appendEntries Timeout, request=s2->s1#386-t3, previous=(t:3, i:339), leaderCommit=217, initializing? false, entries: size=1, first=(t:3, i:340), STATEMACHINELOGENTRY, client-EDB41257C35F, cid=241
2019-09-24 16:16:27,152 WARN  server.GrpcLogAppender (GrpcLogAppender.java:timeoutAppendRequest(200)) - s2@group-5C26748AB2B1->s1-GrpcLogAppender: appendEntries Timeout, request=s2->s1#387-t3, previous=(t:3, i:340), leaderCommit=217, initializing? false, entries: size=1, first=(t:3, i:341), STATEMACHINELOGENTRY, client-EDB41257C35F, cid=242
2019-09-24 16:16:27,153 WARN  server.GrpcLogAppender (GrpcLogAppender.java:timeoutAppendRequest(200)) - s2@group-5C26748AB2B1->s1-GrpcLogAppender: appendEntries Timeout, request=s2->s1#388-t3, previous=(t:3, i:341), leaderCommit=217, initializing? false, entries: size=1, first=(t:3, i:342), STATEMACHINELOGENTRY, client-EDB41257C35F, cid=243
2019-09-24 16:16:27,153 WARN  server.GrpcLogAppender (GrpcLogAppender.java:timeoutAppendRequest(200)) - s2@group-5C26748AB2B1->s1-GrpcLogAppender: appendEntries Timeout, request=s2->s1#389-t3, previous=(t:3, i:342), leaderCommit=217, initializing? false, entries: size=1, first=(t:3, i:343), STATEMACHINELOGENTRY, client-EDB41257C35F, cid=244
2019-09-24 16:16:27,153 WARN  server.GrpcLogAppender (GrpcLogAppender.java:timeoutAppendRequest(200)) - s2@group-5C26748AB2B1->s1-GrpcLogAppender: appendEntries Timeout, request=s2->s1#390-t3, previous=(t:3, i:343), leaderCommit=217, initializing? false, entries: size=1, first=(t:3, i:344), STATEMACHINELOGENTRY, client-EDB41257C35F, cid=245
2019-09-24 16:16:27,154 WARN  server.GrpcLogAppender (GrpcLogAppender.java:timeoutAppendRequest(200)) - s2@group-5C26748AB2B1->s1-GrpcLogAppender: appendEntries Timeout, request=s2->s1#391-t3, previous=(t:3, i:344), leaderCommit=217, initializing? false, entries: size=1, first=(t:3, i:345), STATEMACHINELOGENTRY, client-EDB41257C35F, cid=246
2019-09-24 16:16:27,154 WARN  server.GrpcLogAppender (GrpcLogAppender.java:timeoutAppendRequest(200)) - s2@group-5C26748AB2B1->s1-GrpcLogAppender: appendEntries Timeout, request=s2->s1#392-t3, previous=(t:3, i:345), leaderCommit=217, initializing? false, entries: size=1, first=(t:3, i:346), STATEMACHINELOGENTRY, client-EDB41257C35F, cid=247
2019-09-24 16:16:27,154 WARN  server.GrpcLogAppender (GrpcLogAppender.java:timeoutAppendRequest(200)) - s2@group-5C26748AB2B1->s1-GrpcLogAppender: appendEntries Timeout, request=s2->s1#393-t3, previous=(t:3, i:346), leaderCommit=217, initializing? false, entries: size=1, first=(t:3, i:347), STATEMACHINELOGENTRY, client-EDB41257C35F, cid=248
2019-09-24 16:16:27,173 DEBUG client.GrpcClientProtocolService (GrpcClientProtocolService.java:responseError(257)) - 16-OrderedRequestStreamObserver16: Failed onNext for client-EDB41257C35F->s2#169-170* in 16-OrderedRequestStreamObserver16
java.lang.IllegalStateException: Entry already exists for key 170 in map SlidingWindow$Server:16-OrderedRequestStreamObserver16:requests
	at org.apache.ratis.util.Preconditions.assertTrue(Preconditions.java:75)
	at org.apache.ratis.util.CollectionUtils.putNew(CollectionUtils.java:94)
	at org.apache.ratis.util.SlidingWindow$RequestMap.putNewRequest(SlidingWindow.java:126)
	at org.apache.ratis.util.SlidingWindow$Server.receivedRequest(SlidingWindow.java:420)
	at org.apache.ratis.grpc.client.GrpcClientProtocolService$OrderedRequestStreamObserver.processClientRequest(GrpcClientProtocolService.java:345)
	at org.apache.ratis.grpc.client.GrpcClientProtocolService$RequestStreamObserver.onNext(GrpcClientProtocolService.java:240)
	at org.apache.ratis.grpc.client.GrpcClientProtocolService$RequestStreamObserver.onNext(GrpcClientProtocolService.java:168)
	at org.apache.ratis.thirdparty.io.grpc.stub.ServerCalls$StreamingServerCallHandler$StreamingServerCallListener.onMessage(ServerCalls.java:248)
	at org.apache.ratis.thirdparty.io.grpc.internal.ServerCallImpl$ServerStreamListenerImpl.messagesAvailable(ServerCallImpl.java:263)
	at org.apache.ratis.thirdparty.io.grpc.internal.ServerImpl$JumpToApplicationThreadServerStreamListener$1MessagesAvailable.runInContext(ServerImpl.java:686)
	at org.apache.ratis.thirdparty.io.grpc.internal.ContextRunnable.run(ContextRunnable.java:37)
	at org.apache.ratis.thirdparty.io.grpc.internal.SerializingExecutor.run(SerializingExecutor.java:123)
	at java.util.concurrent.ThreadPoolExecutor.runWorker(ThreadPoolExecutor.java:1149)
	at java.util.concurrent.ThreadPoolExecutor$Worker.run(ThreadPoolExecutor.java:624)
	at java.lang.Thread.run(Thread.java:748)
2019-09-24 16:16:27,329 DEBUG client.GrpcClientProtocolService (GrpcClientProtocolService.java:<init>(175)) - new 1-OrderedRequestStreamObserver1
2019-09-24 16:16:27,332 DEBUG client.GrpcClientProtocolService (GrpcClientProtocolService.java:sendReply(353)) - 1-OrderedRequestStreamObserver1: sendReply seq=170, RaftClientReply:client-EDB41257C35F->s1@group-5C26748AB2B1, cid=169, FAILED org.apache.ratis.protocol.NotLeaderException: Server s1@group-5C26748AB2B1 is not the leader s2:0.0.0.0:34862, logIndex=0, commits[s1:c217, s0:c72, s2:c217]
2019-09-24 16:16:27,337 DEBUG client.GrpcClientProtocolService (GrpcClientProtocolService.java:close(374)) - 1-OrderedRequestStreamObserver1: close
2019-09-24 16:16:27,344 DEBUG client.GrpcClientProtocolService (GrpcClientProtocolService.java:<init>(175)) - new 17-OrderedRequestStreamObserver17
2019-09-24 16:16:28,991 INFO  ratis.MiniRaftCluster (MiniRaftCluster.java:lambda$null$5(297)) - TIMED-PRINT: printing ALL groups
  s0:  RUNNING  FOLLOWER s0@group-5C26748AB2B1:t3, leader=s2, voted=s2, raftlog=s0@group-5C26748AB2B1-SegmentedRaftLog:OPENED:c103,f103,i367, conf=0: [s0:0.0.0.0:36823, s1:0.0.0.0:40855, s2:0.0.0.0:34862], old=null RUNNING
  s1:  RUNNING  FOLLOWER s1@group-5C26748AB2B1:t3, leader=s2, voted=s2, raftlog=s1@group-5C26748AB2B1-SegmentedRaftLog:OPENED:c217,f217,i367, conf=0: [s0:0.0.0.0:36823, s1:0.0.0.0:40855, s2:0.0.0.0:34862], old=null RUNNING
  s2:  RUNNING    LEADER s2@group-5C26748AB2B1:t3, leader=s2, voted=s2, raftlog=s2@group-5C26748AB2B1-SegmentedRaftLog:OPENED:c217,f217,i367, conf=0: [s0:0.0.0.0:36823, s1:0.0.0.0:40855, s2:0.0.0.0:34862], old=null RUNNING
2019-09-24 16:16:29,170 WARN  server.GrpcLogAppender (GrpcLogAppender.java:onNextImpl(251)) - s2@group-5C26748AB2B1->s1-AppendLogResponseHandler: Request not found, ignoring reply: s2<-s1#266:OK,SUCCESS,nextIndex:219,term:3,followerCommit:217
2019-09-24 16:16:29,170 WARN  server.GrpcLogAppender (GrpcLogAppender.java:onNextImpl(251)) - s2@group-5C26748AB2B1->s0-AppendLogResponseHandler: Request not found, ignoring reply: s2<-s0#146:OK,SUCCESS,nextIndex:105,term:3,followerCommit:103
2019-09-24 16:16:29,171 WARN  server.GrpcLogAppender (GrpcLogAppender.java:onNextImpl(251)) - s2@group-5C26748AB2B1->s1-AppendLogResponseHandler: Request not found, ignoring reply: s2<-s1#267:OK,SUCCESS,nextIndex:220,term:3,followerCommit:217
2019-09-24 16:16:29,172 WARN  server.GrpcLogAppender (GrpcLogAppender.java:onNextImpl(251)) - s2@group-5C26748AB2B1->s0-AppendLogResponseHandler: Request not found, ignoring reply: s2<-s0#147:OK,SUCCESS,nextIndex:106,term:3,followerCommit:103
2019-09-24 16:16:29,172 WARN  server.GrpcLogAppender (GrpcLogAppender.java:onNextImpl(251)) - s2@group-5C26748AB2B1->s1-AppendLogResponseHandler: Request not found, ignoring reply: s2<-s1#268:OK,SUCCESS,nextIndex:221,term:3,followerCommit:217
2019-09-24 16:16:29,172 WARN  server.GrpcLogAppender (GrpcLogAppender.java:onNextImpl(251)) - s2@group-5C26748AB2B1->s0-AppendLogResponseHandler: Request not found, ignoring reply: s2<-s0#148:OK,SUCCESS,nextIndex:107,term:3,followerCommit:103
2019-09-24 16:16:29,173 WARN  server.GrpcLogAppender (GrpcLogAppender.java:onNextImpl(251)) - s2@group-5C26748AB2B1->s1-AppendLogResponseHandler: Request not found, ignoring reply: s2<-s1#269:OK,SUCCESS,nextIndex:222,term:3,followerCommit:217
2019-09-24 16:16:29,173 WARN  server.GrpcLogAppender (GrpcLogAppender.java:onNextImpl(251)) - s2@group-5C26748AB2B1->s0-AppendLogResponseHandler: Request not found, ignoring reply: s2<-s0#149:OK,SUCCESS,nextIndex:108,term:3,followerCommit:103
2019-09-24 16:16:29,173 WARN  server.GrpcLogAppender (GrpcLogAppender.java:onNextImpl(251)) - s2@group-5C26748AB2B1->s1-AppendLogResponseHandler: Request not found, ignoring reply: s2<-s1#270:OK,SUCCESS,nextIndex:223,term:3,followerCommit:217
2019-09-24 16:16:29,173 WARN  server.GrpcLogAppender (GrpcLogAppender.java:onNextImpl(251)) - s2@group-5C26748AB2B1->s0-AppendLogResponseHandler: Request not found, ignoring reply: s2<-s0#150:OK,SUCCESS,nextIndex:109,term:3,followerCommit:103
2019-09-24 16:16:29,174 WARN  server.GrpcLogAppender (GrpcLogAppender.java:onNextImpl(251)) - s2@group-5C26748AB2B1->s0-AppendLogResponseHandler: Request not found, ignoring reply: s2<-s0#151:OK,SUCCESS,nextIndex:110,term:3,followerCommit:103
2019-09-24 16:16:29,174 WARN  server.GrpcLogAppender (GrpcLogAppender.java:onNextImpl(251)) - s2@group-5C26748AB2B1->s1-AppendLogResponseHandler: Request not found, ignoring reply: s2<-s1#271:OK,SUCCESS,nextIndex:224,term:3,followerCommit:217
2019-09-24 16:16:29,175 WARN  server.GrpcLogAppender (GrpcLogAppender.java:onNextImpl(251)) - s2@group-5C26748AB2B1->s0-AppendLogResponseHandler: Request not found, ignoring reply: s2<-s0#152:OK,SUCCESS,nextIndex:111,term:3,followerCommit:103
2019-09-24 16:16:29,175 WARN  server.GrpcLogAppender (GrpcLogAppender.java:onNextImpl(251)) - s2@group-5C26748AB2B1->s1-AppendLogResponseHandler: Request not found, ignoring reply: s2<-s1#272:OK,SUCCESS,nextIndex:225,term:3,followerCommit:217
2019-09-24 16:16:29,175 WARN  server.GrpcLogAppender (GrpcLogAppender.java:onNextImpl(251)) - s2@group-5C26748AB2B1->s0-AppendLogResponseHandler: Request not found, ignoring reply: s2<-s0#153:OK,SUCCESS,nextIndex:112,term:3,followerCommit:103
2019-09-24 16:16:29,175 WARN  server.GrpcLogAppender (GrpcLogAppender.java:onNextImpl(251)) - s2@group-5C26748AB2B1->s1-AppendLogResponseHandler: Request not found, ignoring reply: s2<-s1#273:OK,SUCCESS,nextIndex:226,term:3,followerCommit:217
2019-09-24 16:16:29,176 WARN  server.GrpcLogAppender (GrpcLogAppender.java:onNextImpl(251)) - s2@group-5C26748AB2B1->s0-AppendLogResponseHandler: Request not found, ignoring reply: s2<-s0#154:OK,SUCCESS,nextIndex:113,term:3,followerCommit:103
2019-09-24 16:16:29,176 WARN  server.GrpcLogAppender (GrpcLogAppender.java:onNextImpl(251)) - s2@group-5C26748AB2B1->s1-AppendLogResponseHandler: Request not found, ignoring reply: s2<-s1#274:OK,SUCCESS,nextIndex:228,term:3,followerCommit:217
2019-09-24 16:16:29,176 WARN  server.GrpcLogAppender (GrpcLogAppender.java:onNextImpl(251)) - s2@group-5C26748AB2B1->s0-AppendLogResponseHandler: Request not found, ignoring reply: s2<-s0#155:OK,SUCCESS,nextIndex:114,term:3,followerCommit:103
2019-09-24 16:16:29,176 WARN  server.GrpcLogAppender (GrpcLogAppender.java:onNextImpl(251)) - s2@group-5C26748AB2B1->s1-AppendLogResponseHandler: Request not found, ignoring reply: s2<-s1#275:OK,SUCCESS,nextIndex:229,term:3,followerCommit:217
2019-09-24 16:16:29,176 WARN  server.GrpcLogAppender (GrpcLogAppender.java:onNextImpl(251)) - s2@group-5C26748AB2B1->s0-AppendLogResponseHandler: Request not found, ignoring reply: s2<-s0#156:OK,SUCCESS,nextIndex:115,term:3,followerCommit:103
2019-09-24 16:16:29,177 WARN  server.GrpcLogAppender (GrpcLogAppender.java:onNextImpl(251)) - s2@group-5C26748AB2B1->s1-AppendLogResponseHandler: Request not found, ignoring reply: s2<-s1#276:OK,SUCCESS,nextIndex:230,term:3,followerCommit:217
2019-09-24 16:16:29,177 WARN  server.GrpcLogAppender (GrpcLogAppender.java:onNextImpl(251)) - s2@group-5C26748AB2B1->s0-AppendLogResponseHandler: Request not found, ignoring reply: s2<-s0#157:OK,SUCCESS,nextIndex:116,term:3,followerCommit:103
2019-09-24 16:16:29,177 WARN  server.GrpcLogAppender (GrpcLogAppender.java:onNextImpl(251)) - s2@group-5C26748AB2B1->s1-AppendLogResponseHandler: Request not found, ignoring reply: s2<-s1#277:OK,SUCCESS,nextIndex:231,term:3,followerCommit:217
2019-09-24 16:16:29,177 WARN  server.GrpcLogAppender (GrpcLogAppender.java:onNextImpl(251)) - s2@group-5C26748AB2B1->s0-AppendLogResponseHandler: Request not found, ignoring reply: s2<-s0#158:OK,SUCCESS,nextIndex:117,term:3,followerCommit:103
2019-09-24 16:16:29,178 WARN  server.GrpcLogAppender (GrpcLogAppender.java:onNextImpl(251)) - s2@group-5C26748AB2B1->s1-AppendLogResponseHandler: Request not found, ignoring reply: s2<-s1#278:OK,SUCCESS,nextIndex:232,term:3,followerCommit:217
2019-09-24 16:16:29,178 WARN  server.GrpcLogAppender (GrpcLogAppender.java:onNextImpl(251)) - s2@group-5C26748AB2B1->s0-AppendLogResponseHandler: Request not found, ignoring reply: s2<-s0#159:OK,SUCCESS,nextIndex:118,term:3,followerCommit:103
2019-09-24 16:16:29,178 WARN  server.GrpcLogAppender (GrpcLogAppender.java:onNextImpl(251)) - s2@group-5C26748AB2B1->s1-AppendLogResponseHandler: Request not found, ignoring reply: s2<-s1#279:OK,SUCCESS,nextIndex:233,term:3,followerCommit:217
2019-09-24 16:16:29,178 WARN  server.GrpcLogAppender (GrpcLogAppender.java:onNextImpl(251)) - s2@group-5C26748AB2B1->s0-AppendLogResponseHandler: Request not found, ignoring reply: s2<-s0#160:OK,SUCCESS,nextIndex:119,term:3,followerCommit:103
2019-09-24 16:16:29,178 WARN  server.GrpcLogAppender (GrpcLogAppender.java:onNextImpl(251)) - s2@group-5C26748AB2B1->s1-AppendLogResponseHandler: Request not found, ignoring reply: s2<-s1#280:OK,SUCCESS,nextIndex:234,term:3,followerCommit:217
2019-09-24 16:16:29,179 WARN  server.GrpcLogAppender (GrpcLogAppender.java:onNextImpl(251)) - s2@group-5C26748AB2B1->s0-AppendLogResponseHandler: Request not found, ignoring reply: s2<-s0#161:OK,SUCCESS,nextIndex:120,term:3,followerCommit:103
2019-09-24 16:16:29,179 WARN  server.GrpcLogAppender (GrpcLogAppender.java:onNextImpl(251)) - s2@group-5C26748AB2B1->s1-AppendLogResponseHandler: Request not found, ignoring reply: s2<-s1#281:OK,SUCCESS,nextIndex:236,term:3,followerCommit:217
2019-09-24 16:16:29,179 WARN  server.GrpcLogAppender (GrpcLogAppender.java:onNextImpl(251)) - s2@group-5C26748AB2B1->s0-AppendLogResponseHandler: Request not found, ignoring reply: s2<-s0#162:OK,SUCCESS,nextIndex:121,term:3,followerCommit:103
2019-09-24 16:16:29,179 WARN  server.GrpcLogAppender (GrpcLogAppender.java:onNextImpl(251)) - s2@group-5C26748AB2B1->s1-AppendLogResponseHandler: Request not found, ignoring reply: s2<-s1#282:OK,SUCCESS,nextIndex:237,term:3,followerCommit:217
2019-09-24 16:16:29,180 WARN  server.GrpcLogAppender (GrpcLogAppender.java:onNextImpl(251)) - s2@group-5C26748AB2B1->s0-AppendLogResponseHandler: Request not found, ignoring reply: s2<-s0#163:OK,SUCCESS,nextIndex:122,term:3,followerCommit:103
2019-09-24 16:16:29,180 WARN  server.GrpcLogAppender (GrpcLogAppender.java:onNextImpl(251)) - s2@group-5C26748AB2B1->s1-AppendLogResponseHandler: Request not found, ignoring reply: s2<-s1#283:OK,SUCCESS,nextIndex:238,term:3,followerCommit:217
2019-09-24 16:16:29,180 WARN  server.GrpcLogAppender (GrpcLogAppender.java:onNextImpl(251)) - s2@group-5C26748AB2B1->s0-AppendLogResponseHandler: Request not found, ignoring reply: s2<-s0#164:OK,SUCCESS,nextIndex:123,term:3,followerCommit:103
2019-09-24 16:16:29,180 WARN  server.GrpcLogAppender (GrpcLogAppender.java:onNextImpl(251)) - s2@group-5C26748AB2B1->s1-AppendLogResponseHandler: Request not found, ignoring reply: s2<-s1#284:OK,SUCCESS,nextIndex:239,term:3,followerCommit:217
2019-09-24 16:16:29,181 WARN  server.GrpcLogAppender (GrpcLogAppender.java:onNextImpl(251)) - s2@group-5C26748AB2B1->s0-AppendLogResponseHandler: Request not found, ignoring reply: s2<-s0#165:OK,SUCCESS,nextIndex:124,term:3,followerCommit:103
2019-09-24 16:16:29,181 WARN  server.GrpcLogAppender (GrpcLogAppender.java:onNextImpl(251)) - s2@group-5C26748AB2B1->s1-AppendLogResponseHandler: Request not found, ignoring reply: s2<-s1#285:OK,SUCCESS,nextIndex:240,term:3,followerCommit:217
2019-09-24 16:16:29,181 WARN  server.GrpcLogAppender (GrpcLogAppender.java:onNextImpl(251)) - s2@group-5C26748AB2B1->s0-AppendLogResponseHandler: Request not found, ignoring reply: s2<-s0#166:OK,SUCCESS,nextIndex:125,term:3,followerCommit:103
2019-09-24 16:16:29,182 WARN  server.GrpcLogAppender (GrpcLogAppender.java:onNextImpl(251)) - s2@group-5C26748AB2B1->s1-AppendLogResponseHandler: Request not found, ignoring reply: s2<-s1#286:OK,SUCCESS,nextIndex:241,term:3,followerCommit:217
2019-09-24 16:16:29,182 WARN  server.GrpcLogAppender (GrpcLogAppender.java:onNextImpl(251)) - s2@group-5C26748AB2B1->s0-AppendLogResponseHandler: Request not found, ignoring reply: s2<-s0#167:OK,SUCCESS,nextIndex:126,term:3,followerCommit:103
2019-09-24 16:16:29,182 WARN  server.GrpcLogAppender (GrpcLogAppender.java:onNextImpl(251)) - s2@group-5C26748AB2B1->s1-AppendLogResponseHandler: Request not found, ignoring reply: s2<-s1#287:OK,SUCCESS,nextIndex:242,term:3,followerCommit:217
2019-09-24 16:16:29,182 WARN  server.GrpcLogAppender (GrpcLogAppender.java:onNextImpl(251)) - s2@group-5C26748AB2B1->s0-AppendLogResponseHandler: Request not found, ignoring reply: s2<-s0#168:OK,SUCCESS,nextIndex:127,term:3,followerCommit:103
2019-09-24 16:16:29,183 WARN  server.GrpcLogAppender (GrpcLogAppender.java:onNextImpl(251)) - s2@group-5C26748AB2B1->s1-AppendLogResponseHandler: Request not found, ignoring reply: s2<-s1#288:OK,SUCCESS,nextIndex:243,term:3,followerCommit:217
2019-09-24 16:16:29,183 WARN  server.GrpcLogAppender (GrpcLogAppender.java:onNextImpl(251)) - s2@group-5C26748AB2B1->s0-AppendLogResponseHandler: Request not found, ignoring reply: s2<-s0#169:OK,SUCCESS,nextIndex:128,term:3,followerCommit:103
2019-09-24 16:16:29,183 WARN  server.GrpcLogAppender (GrpcLogAppender.java:onNextImpl(251)) - s2@group-5C26748AB2B1->s1-AppendLogResponseHandler: Request not found, ignoring reply: s2<-s1#289:OK,SUCCESS,nextIndex:244,term:3,followerCommit:217
2019-09-24 16:16:29,183 WARN  server.GrpcLogAppender (GrpcLogAppender.java:onNextImpl(251)) - s2@group-5C26748AB2B1->s0-AppendLogResponseHandler: Request not found, ignoring reply: s2<-s0#170:OK,SUCCESS,nextIndex:129,term:3,followerCommit:103
2019-09-24 16:16:29,184 WARN  server.GrpcLogAppender (GrpcLogAppender.java:onNextImpl(251)) - s2@group-5C26748AB2B1->s1-AppendLogResponseHandler: Request not found, ignoring reply: s2<-s1#290:OK,SUCCESS,nextIndex:245,term:3,followerCommit:217
2019-09-24 16:16:29,184 WARN  server.GrpcLogAppender (GrpcLogAppender.java:onNextImpl(251)) - s2@group-5C26748AB2B1->s0-AppendLogResponseHandler: Request not found, ignoring reply: s2<-s0#171:OK,SUCCESS,nextIndex:130,term:3,followerCommit:103
2019-09-24 16:16:29,184 WARN  server.GrpcLogAppender (GrpcLogAppender.java:onNextImpl(251)) - s2@group-5C26748AB2B1->s1-AppendLogResponseHandler: Request not found, ignoring reply: s2<-s1#291:OK,SUCCESS,nextIndex:246,term:3,followerCommit:217
2019-09-24 16:16:29,185 WARN  server.GrpcLogAppender (GrpcLogAppender.java:onNextImpl(251)) - s2@group-5C26748AB2B1->s0-AppendLogResponseHandler: Request not found, ignoring reply: s2<-s0#172:OK,SUCCESS,nextIndex:131,term:3,followerCommit:103
2019-09-24 16:16:29,185 WARN  server.GrpcLogAppender (GrpcLogAppender.java:onNextImpl(251)) - s2@group-5C26748AB2B1->s1-AppendLogResponseHandler: Request not found, ignoring reply: s2<-s1#292:OK,SUCCESS,nextIndex:247,term:3,followerCommit:217
2019-09-24 16:16:29,185 WARN  server.GrpcLogAppender (GrpcLogAppender.java:onNextImpl(251)) - s2@group-5C26748AB2B1->s0-AppendLogResponseHandler: Request not found, ignoring reply: s2<-s0#173:OK,SUCCESS,nextIndex:132,term:3,followerCommit:103
2019-09-24 16:16:29,185 WARN  server.GrpcLogAppender (GrpcLogAppender.java:onNextImpl(251)) - s2@group-5C26748AB2B1->s1-AppendLogResponseHandler: Request not found, ignoring reply: s2<-s1#293:OK,SUCCESS,nextIndex:248,term:3,followerCommit:217
2019-09-24 16:16:29,185 WARN  server.GrpcLogAppender (GrpcLogAppender.java:onNextImpl(251)) - s2@group-5C26748AB2B1->s0-AppendLogResponseHandler: Request not found, ignoring reply: s2<-s0#174:OK,SUCCESS,nextIndex:133,term:3,followerCommit:103
2019-09-24 16:16:29,186 WARN  server.GrpcLogAppender (GrpcLogAppender.java:onNextImpl(251)) - s2@group-5C26748AB2B1->s1-AppendLogResponseHandler: Request not found, ignoring reply: s2<-s1#294:OK,SUCCESS,nextIndex:249,term:3,followerCommit:217
2019-09-24 16:16:29,186 WARN  server.GrpcLogAppender (GrpcLogAppender.java:onNextImpl(251)) - s2@group-5C26748AB2B1->s0-AppendLogResponseHandler: Request not found, ignoring reply: s2<-s0#175:OK,SUCCESS,nextIndex:134,term:3,followerCommit:103
2019-09-24 16:16:29,186 WARN  server.GrpcLogAppender (GrpcLogAppender.java:onNextImpl(251)) - s2@group-5C26748AB2B1->s1-AppendLogResponseHandler: Request not found, ignoring reply: s2<-s1#295:OK,SUCCESS,nextIndex:250,term:3,followerCommit:217
2019-09-24 16:16:29,186 WARN  server.GrpcLogAppender (GrpcLogAppender.java:onNextImpl(251)) - s2@group-5C26748AB2B1->s0-AppendLogResponseHandler: Request not found, ignoring reply: s2<-s0#176:OK,SUCCESS,nextIndex:135,term:3,followerCommit:103
2019-09-24 16:16:29,186 WARN  server.GrpcLogAppender (GrpcLogAppender.java:onNextImpl(251)) - s2@group-5C26748AB2B1->s1-AppendLogResponseHandler: Request not found, ignoring reply: s2<-s1#296:OK,SUCCESS,nextIndex:251,term:3,followerCommit:217
2019-09-24 16:16:29,187 WARN  server.GrpcLogAppender (GrpcLogAppender.java:onNextImpl(251)) - s2@group-5C26748AB2B1->s0-AppendLogResponseHandler: Request not found, ignoring reply: s2<-s0#177:OK,SUCCESS,nextIndex:136,term:3,followerCommit:103
2019-09-24 16:16:29,187 WARN  server.GrpcLogAppender (GrpcLogAppender.java:onNextImpl(251)) - s2@group-5C26748AB2B1->s1-AppendLogResponseHandler: Request not found, ignoring reply: s2<-s1#297:OK,SUCCESS,nextIndex:252,term:3,followerCommit:217
2019-09-24 16:16:29,187 WARN  server.GrpcLogAppender (GrpcLogAppender.java:onNextImpl(251)) - s2@group-5C26748AB2B1->s1-AppendLogResponseHandler: Request not found, ignoring reply: s2<-s1#298:OK,SUCCESS,nextIndex:253,term:3,followerCommit:217
2019-09-24 16:16:29,187 WARN  server.GrpcLogAppender (GrpcLogAppender.java:onNextImpl(251)) - s2@group-5C26748AB2B1->s0-AppendLogResponseHandler: Request not found, ignoring reply: s2<-s0#178:OK,SUCCESS,nextIndex:137,term:3,followerCommit:103
2019-09-24 16:16:29,188 WARN  server.GrpcLogAppender (GrpcLogAppender.java:onNextImpl(251)) - s2@group-5C26748AB2B1->s0-AppendLogResponseHandler: Request not found, ignoring reply: s2<-s0#179:OK,SUCCESS,nextIndex:138,term:3,followerCommit:103
2019-09-24 16:16:29,188 WARN  server.GrpcLogAppender (GrpcLogAppender.java:onNextImpl(251)) - s2@group-5C26748AB2B1->s0-AppendLogResponseHandler: Request not found, ignoring reply: s2<-s0#180:OK,SUCCESS,nextIndex:139,term:3,followerCommit:103
2019-09-24 16:16:29,189 WARN  server.GrpcLogAppender (GrpcLogAppender.java:onNextImpl(251)) - s2@group-5C26748AB2B1->s0-AppendLogResponseHandler: Request not found, ignoring reply: s2<-s0#181:OK,SUCCESS,nextIndex:140,term:3,followerCommit:103
2019-09-24 16:16:29,189 WARN  server.GrpcLogAppender (GrpcLogAppender.java:onNextImpl(251)) - s2@group-5C26748AB2B1->s0-AppendLogResponseHandler: Request not found, ignoring reply: s2<-s0#182:OK,SUCCESS,nextIndex:141,term:3,followerCommit:103
2019-09-24 16:16:29,189 WARN  server.GrpcLogAppender (GrpcLogAppender.java:onNextImpl(251)) - s2@group-5C26748AB2B1->s0-AppendLogResponseHandler: Request not found, ignoring reply: s2<-s0#183:OK,SUCCESS,nextIndex:142,term:3,followerCommit:103
2019-09-24 16:16:29,190 WARN  server.GrpcLogAppender (GrpcLogAppender.java:onNextImpl(251)) - s2@group-5C26748AB2B1->s0-AppendLogResponseHandler: Request not found, ignoring reply: s2<-s0#184:OK,SUCCESS,nextIndex:143,term:3,followerCommit:103
2019-09-24 16:16:29,190 WARN  server.GrpcLogAppender (GrpcLogAppender.java:onNextImpl(251)) - s2@group-5C26748AB2B1->s0-AppendLogResponseHandler: Request not found, ignoring reply: s2<-s0#185:OK,SUCCESS,nextIndex:144,term:3,followerCommit:103
2019-09-24 16:16:29,190 WARN  server.GrpcLogAppender (GrpcLogAppender.java:onNextImpl(251)) - s2@group-5C26748AB2B1->s0-AppendLogResponseHandler: Request not found, ignoring reply: s2<-s0#186:OK,SUCCESS,nextIndex:145,term:3,followerCommit:103
2019-09-24 16:16:29,190 WARN  server.GrpcLogAppender (GrpcLogAppender.java:onNextImpl(251)) - s2@group-5C26748AB2B1->s0-AppendLogResponseHandler: Request not found, ignoring reply: s2<-s0#187:OK,SUCCESS,nextIndex:146,term:3,followerCommit:103
2019-09-24 16:16:29,191 WARN  server.GrpcLogAppender (GrpcLogAppender.java:onNextImpl(251)) - s2@group-5C26748AB2B1->s0-AppendLogResponseHandler: Request not found, ignoring reply: s2<-s0#188:OK,SUCCESS,nextIndex:147,term:3,followerCommit:103
2019-09-24 16:16:29,191 WARN  server.GrpcLogAppender (GrpcLogAppender.java:onNextImpl(251)) - s2@group-5C26748AB2B1->s0-AppendLogResponseHandler: Request not found, ignoring reply: s2<-s0#189:OK,SUCCESS,nextIndex:148,term:3,followerCommit:103
2019-09-24 16:16:29,192 WARN  server.GrpcLogAppender (GrpcLogAppender.java:onNextImpl(251)) - s2@group-5C26748AB2B1->s0-AppendLogResponseHandler: Request not found, ignoring reply: s2<-s0#190:OK,SUCCESS,nextIndex:149,term:3,followerCommit:103
2019-09-24 16:16:29,192 WARN  server.GrpcLogAppender (GrpcLogAppender.java:onNextImpl(251)) - s2@group-5C26748AB2B1->s0-AppendLogResponseHandler: Request not found, ignoring reply: s2<-s0#191:OK,SUCCESS,nextIndex:150,term:3,followerCommit:103
2019-09-24 16:16:29,192 WARN  server.GrpcLogAppender (GrpcLogAppender.java:onNextImpl(251)) - s2@group-5C26748AB2B1->s0-AppendLogResponseHandler: Request not found, ignoring reply: s2<-s0#192:OK,SUCCESS,nextIndex:151,term:3,followerCommit:103
2019-09-24 16:16:29,193 WARN  server.GrpcLogAppender (GrpcLogAppender.java:onNextImpl(251)) - s2@group-5C26748AB2B1->s0-AppendLogResponseHandler: Request not found, ignoring reply: s2<-s0#193:OK,SUCCESS,nextIndex:152,term:3,followerCommit:103
2019-09-24 16:16:29,193 WARN  server.GrpcLogAppender (GrpcLogAppender.java:onNextImpl(251)) - s2@group-5C26748AB2B1->s0-AppendLogResponseHandler: Request not found, ignoring reply: s2<-s0#194:OK,SUCCESS,nextIndex:153,term:3,followerCommit:103
2019-09-24 16:16:29,193 WARN  server.GrpcLogAppender (GrpcLogAppender.java:onNextImpl(251)) - s2@group-5C26748AB2B1->s0-AppendLogResponseHandler: Request not found, ignoring reply: s2<-s0#195:OK,SUCCESS,nextIndex:154,term:3,followerCommit:103
2019-09-24 16:16:29,194 WARN  server.GrpcLogAppender (GrpcLogAppender.java:onNextImpl(251)) - s2@group-5C26748AB2B1->s0-AppendLogResponseHandler: Request not found, ignoring reply: s2<-s0#196:OK,SUCCESS,nextIndex:155,term:3,followerCommit:103
2019-09-24 16:16:29,194 WARN  server.GrpcLogAppender (GrpcLogAppender.java:onNextImpl(251)) - s2@group-5C26748AB2B1->s0-AppendLogResponseHandler: Request not found, ignoring reply: s2<-s0#197:OK,SUCCESS,nextIndex:156,term:3,followerCommit:103
2019-09-24 16:16:29,194 WARN  server.GrpcLogAppender (GrpcLogAppender.java:onNextImpl(251)) - s2@group-5C26748AB2B1->s0-AppendLogResponseHandler: Request not found, ignoring reply: s2<-s0#198:OK,SUCCESS,nextIndex:157,term:3,followerCommit:103
2019-09-24 16:16:29,194 WARN  server.GrpcLogAppender (GrpcLogAppender.java:onNextImpl(251)) - s2@group-5C26748AB2B1->s0-AppendLogResponseHandler: Request not found, ignoring reply: s2<-s0#199:OK,SUCCESS,nextIndex:158,term:3,followerCommit:103
2019-09-24 16:16:29,195 WARN  server.GrpcLogAppender (GrpcLogAppender.java:onNextImpl(251)) - s2@group-5C26748AB2B1->s0-AppendLogResponseHandler: Request not found, ignoring reply: s2<-s0#200:OK,SUCCESS,nextIndex:159,term:3,followerCommit:103
2019-09-24 16:16:29,195 WARN  server.GrpcLogAppender (GrpcLogAppender.java:onNextImpl(251)) - s2@group-5C26748AB2B1->s0-AppendLogResponseHandler: Request not found, ignoring reply: s2<-s0#201:OK,SUCCESS,nextIndex:160,term:3,followerCommit:103
2019-09-24 16:16:29,195 WARN  server.GrpcLogAppender (GrpcLogAppender.java:onNextImpl(251)) - s2@group-5C26748AB2B1->s0-AppendLogResponseHandler: Request not found, ignoring reply: s2<-s0#202:OK,SUCCESS,nextIndex:161,term:3,followerCommit:103
2019-09-24 16:16:29,195 WARN  server.GrpcLogAppender (GrpcLogAppender.java:onNextImpl(251)) - s2@group-5C26748AB2B1->s0-AppendLogResponseHandler: Request not found, ignoring reply: s2<-s0#203:OK,SUCCESS,nextIndex:162,term:3,followerCommit:103
2019-09-24 16:16:29,196 WARN  server.GrpcLogAppender (GrpcLogAppender.java:onNextImpl(251)) - s2@group-5C26748AB2B1->s0-AppendLogResponseHandler: Request not found, ignoring reply: s2<-s0#204:OK,SUCCESS,nextIndex:163,term:3,followerCommit:103
2019-09-24 16:16:29,196 WARN  server.GrpcLogAppender (GrpcLogAppender.java:onNextImpl(251)) - s2@group-5C26748AB2B1->s0-AppendLogResponseHandler: Request not found, ignoring reply: s2<-s0#205:OK,SUCCESS,nextIndex:164,term:3,followerCommit:103
2019-09-24 16:16:29,196 WARN  server.GrpcLogAppender (GrpcLogAppender.java:onNextImpl(251)) - s2@group-5C26748AB2B1->s0-AppendLogResponseHandler: Request not found, ignoring reply: s2<-s0#206:OK,SUCCESS,nextIndex:165,term:3,followerCommit:103
2019-09-24 16:16:29,196 WARN  server.GrpcLogAppender (GrpcLogAppender.java:onNextImpl(251)) - s2@group-5C26748AB2B1->s0-AppendLogResponseHandler: Request not found, ignoring reply: s2<-s0#207:OK,SUCCESS,nextIndex:166,term:3,followerCommit:103
2019-09-24 16:16:29,197 WARN  server.GrpcLogAppender (GrpcLogAppender.java:onNextImpl(251)) - s2@group-5C26748AB2B1->s0-AppendLogResponseHandler: Request not found, ignoring reply: s2<-s0#208:OK,SUCCESS,nextIndex:167,term:3,followerCommit:103
2019-09-24 16:16:29,197 WARN  server.GrpcLogAppender (GrpcLogAppender.java:onNextImpl(251)) - s2@group-5C26748AB2B1->s0-AppendLogResponseHandler: Request not found, ignoring reply: s2<-s0#209:OK,SUCCESS,nextIndex:168,term:3,followerCommit:103
2019-09-24 16:16:29,197 WARN  server.GrpcLogAppender (GrpcLogAppender.java:onNextImpl(251)) - s2@group-5C26748AB2B1->s0-AppendLogResponseHandler: Request not found, ignoring reply: s2<-s0#210:OK,SUCCESS,nextIndex:169,term:3,followerCommit:103
2019-09-24 16:16:29,197 WARN  server.GrpcLogAppender (GrpcLogAppender.java:onNextImpl(251)) - s2@group-5C26748AB2B1->s0-AppendLogResponseHandler: Request not found, ignoring reply: s2<-s0#211:OK,SUCCESS,nextIndex:170,term:3,followerCommit:103
2019-09-24 16:16:29,198 WARN  server.GrpcLogAppender (GrpcLogAppender.java:onNextImpl(251)) - s2@group-5C26748AB2B1->s0-AppendLogResponseHandler: Request not found, ignoring reply: s2<-s0#212:OK,SUCCESS,nextIndex:171,term:3,followerCommit:103
2019-09-24 16:16:29,198 WARN  server.GrpcLogAppender (GrpcLogAppender.java:onNextImpl(251)) - s2@group-5C26748AB2B1->s0-AppendLogResponseHandler: Request not found, ignoring reply: s2<-s0#213:OK,SUCCESS,nextIndex:172,term:3,followerCommit:103
2019-09-24 16:16:29,198 WARN  server.GrpcLogAppender (GrpcLogAppender.java:onNextImpl(251)) - s2@group-5C26748AB2B1->s0-AppendLogResponseHandler: Request not found, ignoring reply: s2<-s0#214:OK,SUCCESS,nextIndex:173,term:3,followerCommit:103
2019-09-24 16:16:29,199 WARN  server.GrpcLogAppender (GrpcLogAppender.java:onNextImpl(251)) - s2@group-5C26748AB2B1->s0-AppendLogResponseHandler: Request not found, ignoring reply: s2<-s0#215:OK,SUCCESS,nextIndex:174,term:3,followerCommit:103
2019-09-24 16:16:29,199 WARN  server.GrpcLogAppender (GrpcLogAppender.java:onNextImpl(251)) - s2@group-5C26748AB2B1->s0-AppendLogResponseHandler: Request not found, ignoring reply: s2<-s0#216:OK,SUCCESS,nextIndex:175,term:3,followerCommit:103
2019-09-24 16:16:29,199 WARN  server.GrpcLogAppender (GrpcLogAppender.java:onNextImpl(251)) - s2@group-5C26748AB2B1->s0-AppendLogResponseHandler: Request not found, ignoring reply: s2<-s0#217:OK,SUCCESS,nextIndex:176,term:3,followerCommit:103
2019-09-24 16:16:29,199 WARN  server.GrpcLogAppender (GrpcLogAppender.java:onNextImpl(251)) - s2@group-5C26748AB2B1->s0-AppendLogResponseHandler: Request not found, ignoring reply: s2<-s0#218:OK,SUCCESS,nextIndex:177,term:3,followerCommit:103
2019-09-24 16:16:29,199 WARN  server.GrpcLogAppender (GrpcLogAppender.java:onNextImpl(251)) - s2@group-5C26748AB2B1->s0-AppendLogResponseHandler: Request not found, ignoring reply: s2<-s0#219:OK,SUCCESS,nextIndex:178,term:3,followerCommit:103
2019-09-24 16:16:29,200 WARN  server.GrpcLogAppender (GrpcLogAppender.java:onNextImpl(251)) - s2@group-5C26748AB2B1->s0-AppendLogResponseHandler: Request not found, ignoring reply: s2<-s0#220:OK,SUCCESS,nextIndex:179,term:3,followerCommit:103
2019-09-24 16:16:29,200 WARN  server.GrpcLogAppender (GrpcLogAppender.java:onNextImpl(251)) - s2@group-5C26748AB2B1->s0-AppendLogResponseHandler: Request not found, ignoring reply: s2<-s0#221:OK,SUCCESS,nextIndex:180,term:3,followerCommit:103
2019-09-24 16:16:29,200 WARN  server.GrpcLogAppender (GrpcLogAppender.java:onNextImpl(251)) - s2@group-5C26748AB2B1->s0-AppendLogResponseHandler: Request not found, ignoring reply: s2<-s0#222:OK,SUCCESS,nextIndex:181,term:3,followerCommit:103
2019-09-24 16:16:29,200 WARN  server.GrpcLogAppender (GrpcLogAppender.java:onNextImpl(251)) - s2@group-5C26748AB2B1->s0-AppendLogResponseHandler: Request not found, ignoring reply: s2<-s0#223:OK,SUCCESS,nextIndex:182,term:3,followerCommit:103
2019-09-24 16:16:29,201 WARN  server.GrpcLogAppender (GrpcLogAppender.java:onNextImpl(251)) - s2@group-5C26748AB2B1->s0-AppendLogResponseHandler: Request not found, ignoring reply: s2<-s0#224:OK,SUCCESS,nextIndex:183,term:3,followerCommit:103
2019-09-24 16:16:29,201 WARN  server.GrpcLogAppender (GrpcLogAppender.java:onNextImpl(251)) - s2@group-5C26748AB2B1->s0-AppendLogResponseHandler: Request not found, ignoring reply: s2<-s0#225:OK,SUCCESS,nextIndex:184,term:3,followerCommit:103
2019-09-24 16:16:29,201 WARN  server.GrpcLogAppender (GrpcLogAppender.java:onNextImpl(251)) - s2@group-5C26748AB2B1->s0-AppendLogResponseHandler: Request not found, ignoring reply: s2<-s0#226:OK,SUCCESS,nextIndex:185,term:3,followerCommit:103
2019-09-24 16:16:29,201 WARN  server.GrpcLogAppender (GrpcLogAppender.java:onNextImpl(251)) - s2@group-5C26748AB2B1->s0-AppendLogResponseHandler: Request not found, ignoring reply: s2<-s0#227:OK,SUCCESS,nextIndex:186,term:3,followerCommit:103
2019-09-24 16:16:29,202 WARN  server.GrpcLogAppender (GrpcLogAppender.java:onNextImpl(251)) - s2@group-5C26748AB2B1->s0-AppendLogResponseHandler: Request not found, ignoring reply: s2<-s0#228:OK,SUCCESS,nextIndex:187,term:3,followerCommit:103
2019-09-24 16:16:29,202 WARN  server.GrpcLogAppender (GrpcLogAppender.java:onNextImpl(251)) - s2@group-5C26748AB2B1->s0-AppendLogResponseHandler: Request not found, ignoring reply: s2<-s0#229:OK,SUCCESS,nextIndex:188,term:3,followerCommit:103
2019-09-24 16:16:29,202 WARN  server.GrpcLogAppender (GrpcLogAppender.java:onNextImpl(251)) - s2@group-5C26748AB2B1->s0-AppendLogResponseHandler: Request not found, ignoring reply: s2<-s0#230:OK,SUCCESS,nextIndex:189,term:3,followerCommit:103
2019-09-24 16:16:29,202 WARN  server.GrpcLogAppender (GrpcLogAppender.java:onNextImpl(251)) - s2@group-5C26748AB2B1->s0-AppendLogResponseHandler: Request not found, ignoring reply: s2<-s0#231:OK,SUCCESS,nextIndex:190,term:3,followerCommit:103
2019-09-24 16:16:29,202 WARN  server.GrpcLogAppender (GrpcLogAppender.java:onNextImpl(251)) - s2@group-5C26748AB2B1->s0-AppendLogResponseHandler: Request not found, ignoring reply: s2<-s0#232:OK,SUCCESS,nextIndex:191,term:3,followerCommit:103
2019-09-24 16:16:29,203 WARN  server.GrpcLogAppender (GrpcLogAppender.java:onNextImpl(251)) - s2@group-5C26748AB2B1->s0-AppendLogResponseHandler: Request not found, ignoring reply: s2<-s0#233:OK,SUCCESS,nextIndex:192,term:3,followerCommit:103
2019-09-24 16:16:29,203 WARN  server.GrpcLogAppender (GrpcLogAppender.java:onNextImpl(251)) - s2@group-5C26748AB2B1->s0-AppendLogResponseHandler: Request not found, ignoring reply: s2<-s0#234:OK,SUCCESS,nextIndex:193,term:3,followerCommit:103
2019-09-24 16:16:29,203 WARN  server.GrpcLogAppender (GrpcLogAppender.java:onNextImpl(251)) - s2@group-5C26748AB2B1->s0-AppendLogResponseHandler: Request not found, ignoring reply: s2<-s0#235:OK,SUCCESS,nextIndex:194,term:3,followerCommit:103
2019-09-24 16:16:29,203 WARN  server.GrpcLogAppender (GrpcLogAppender.java:onNextImpl(251)) - s2@group-5C26748AB2B1->s0-AppendLogResponseHandler: Request not found, ignoring reply: s2<-s0#236:OK,SUCCESS,nextIndex:195,term:3,followerCommit:103
2019-09-24 16:16:29,204 WARN  server.GrpcLogAppender (GrpcLogAppender.java:onNextImpl(251)) - s2@group-5C26748AB2B1->s0-AppendLogResponseHandler: Request not found, ignoring reply: s2<-s0#237:OK,SUCCESS,nextIndex:196,term:3,followerCommit:103
2019-09-24 16:16:29,204 WARN  server.GrpcLogAppender (GrpcLogAppender.java:onNextImpl(251)) - s2@group-5C26748AB2B1->s0-AppendLogResponseHandler: Request not found, ignoring reply: s2<-s0#238:OK,SUCCESS,nextIndex:197,term:3,followerCommit:103
2019-09-24 16:16:29,204 WARN  server.GrpcLogAppender (GrpcLogAppender.java:onNextImpl(251)) - s2@group-5C26748AB2B1->s0-AppendLogResponseHandler: Request not found, ignoring reply: s2<-s0#239:OK,SUCCESS,nextIndex:198,term:3,followerCommit:103
2019-09-24 16:16:29,204 WARN  server.GrpcLogAppender (GrpcLogAppender.java:onNextImpl(251)) - s2@group-5C26748AB2B1->s0-AppendLogResponseHandler: Request not found, ignoring reply: s2<-s0#240:OK,SUCCESS,nextIndex:199,term:3,followerCommit:103
2019-09-24 16:16:29,204 WARN  server.GrpcLogAppender (GrpcLogAppender.java:onNextImpl(251)) - s2@group-5C26748AB2B1->s0-AppendLogResponseHandler: Request not found, ignoring reply: s2<-s0#241:OK,SUCCESS,nextIndex:200,term:3,followerCommit:103
2019-09-24 16:16:29,205 WARN  server.GrpcLogAppender (GrpcLogAppender.java:onNextImpl(251)) - s2@group-5C26748AB2B1->s0-AppendLogResponseHandler: Request not found, ignoring reply: s2<-s0#242:OK,SUCCESS,nextIndex:201,term:3,followerCommit:103
2019-09-24 16:16:29,205 WARN  server.GrpcLogAppender (GrpcLogAppender.java:onNextImpl(251)) - s2@group-5C26748AB2B1->s0-AppendLogResponseHandler: Request not found, ignoring reply: s2<-s0#243:OK,SUCCESS,nextIndex:202,term:3,followerCommit:103
2019-09-24 16:16:29,205 WARN  server.GrpcLogAppender (GrpcLogAppender.java:onNextImpl(251)) - s2@group-5C26748AB2B1->s0-AppendLogResponseHandler: Request not found, ignoring reply: s2<-s0#244:OK,SUCCESS,nextIndex:203,term:3,followerCommit:103
2019-09-24 16:16:29,205 WARN  server.GrpcLogAppender (GrpcLogAppender.java:onNextImpl(251)) - s2@group-5C26748AB2B1->s0-AppendLogResponseHandler: Request not found, ignoring reply: s2<-s0#245:OK,SUCCESS,nextIndex:204,term:3,followerCommit:103
2019-09-24 16:16:29,205 WARN  server.GrpcLogAppender (GrpcLogAppender.java:onNextImpl(251)) - s2@group-5C26748AB2B1->s0-AppendLogResponseHandler: Request not found, ignoring reply: s2<-s0#246:OK,SUCCESS,nextIndex:205,term:3,followerCommit:103
2019-09-24 16:16:29,206 WARN  server.GrpcLogAppender (GrpcLogAppender.java:onNextImpl(251)) - s2@group-5C26748AB2B1->s0-AppendLogResponseHandler: Request not found, ignoring reply: s2<-s0#247:OK,SUCCESS,nextIndex:206,term:3,followerCommit:103
2019-09-24 16:16:29,206 WARN  server.GrpcLogAppender (GrpcLogAppender.java:onNextImpl(251)) - s2@group-5C26748AB2B1->s0-AppendLogResponseHandler: Request not found, ignoring reply: s2<-s0#248:OK,SUCCESS,nextIndex:207,term:3,followerCommit:103
2019-09-24 16:16:29,206 WARN  server.GrpcLogAppender (GrpcLogAppender.java:onNextImpl(251)) - s2@group-5C26748AB2B1->s0-AppendLogResponseHandler: Request not found, ignoring reply: s2<-s0#249:OK,SUCCESS,nextIndex:208,term:3,followerCommit:103
2019-09-24 16:16:29,207 WARN  server.GrpcLogAppender (GrpcLogAppender.java:onNextImpl(251)) - s2@group-5C26748AB2B1->s0-AppendLogResponseHandler: Request not found, ignoring reply: s2<-s0#250:OK,SUCCESS,nextIndex:209,term:3,followerCommit:103
2019-09-24 16:16:29,207 WARN  server.GrpcLogAppender (GrpcLogAppender.java:onNextImpl(251)) - s2@group-5C26748AB2B1->s0-AppendLogResponseHandler: Request not found, ignoring reply: s2<-s0#251:OK,SUCCESS,nextIndex:210,term:3,followerCommit:103
2019-09-24 16:16:29,207 WARN  server.GrpcLogAppender (GrpcLogAppender.java:onNextImpl(251)) - s2@group-5C26748AB2B1->s0-AppendLogResponseHandler: Request not found, ignoring reply: s2<-s0#252:OK,SUCCESS,nextIndex:211,term:3,followerCommit:103
2019-09-24 16:16:29,207 WARN  server.GrpcLogAppender (GrpcLogAppender.java:onNextImpl(251)) - s2@group-5C26748AB2B1->s0-AppendLogResponseHandler: Request not found, ignoring reply: s2<-s0#253:OK,SUCCESS,nextIndex:218,term:3,followerCommit:103
2019-09-24 16:16:29,416 WARN  server.GrpcLogAppender (GrpcLogAppender.java:timeoutAppendRequest(200)) - s2@group-5C26748AB2B1->s0-GrpcLogAppender: appendEntries Timeout, request=s2->s0#274-t3, previous=(t:3, i:238), leaderCommit=217, initializing? false, entries: <empty>
2019-09-24 16:16:29,420 WARN  server.GrpcLogAppender (GrpcLogAppender.java:timeoutAppendRequest(200)) - s2@group-5C26748AB2B1->s0-GrpcLogAppender: appendEntries Timeout, request=s2->s0#275-t3, previous=(t:3, i:238), leaderCommit=217, initializing? false, entries: size=129, first=(t:3, i:239), METADATAENTRY(c154)
2019-09-24 16:16:29,495 WARN  server.GrpcLogAppender (GrpcLogAppender.java:timeoutAppendRequest(200)) - s2@group-5C26748AB2B1->s0-GrpcLogAppender: appendEntries Timeout, request=s2->s0#276-t3, previous=(t:3, i:367), leaderCommit=217, initializing? false, entries: <empty>
2019-09-24 16:16:29,571 WARN  server.GrpcLogAppender (GrpcLogAppender.java:timeoutAppendRequest(200)) - s2@group-5C26748AB2B1->s0-GrpcLogAppender: appendEntries Timeout, request=s2->s0#277-t3, previous=(t:3, i:367), leaderCommit=217, initializing? false, entries: <empty>
2019-09-24 16:16:29,646 WARN  server.GrpcLogAppender (GrpcLogAppender.java:timeoutAppendRequest(200)) - s2@group-5C26748AB2B1->s0-GrpcLogAppender: appendEntries Timeout, request=s2->s0#278-t3, previous=(t:3, i:367), leaderCommit=217, initializing? false, entries: <empty>
2019-09-24 16:16:29,721 WARN  server.GrpcLogAppender (GrpcLogAppender.java:timeoutAppendRequest(200)) - s2@group-5C26748AB2B1->s0-GrpcLogAppender: appendEntries Timeout, request=s2->s0#279-t3, previous=(t:3, i:367), leaderCommit=217, initializing? false, entries: <empty>
2019-09-24 16:16:29,797 WARN  server.GrpcLogAppender (GrpcLogAppender.java:timeoutAppendRequest(200)) - s2@group-5C26748AB2B1->s0-GrpcLogAppender: appendEntries Timeout, request=s2->s0#280-t3, previous=(t:3, i:367), leaderCommit=217, initializing? false, entries: <empty>
2019-09-24 16:16:29,872 WARN  server.GrpcLogAppender (GrpcLogAppender.java:timeoutAppendRequest(200)) - s2@group-5C26748AB2B1->s0-GrpcLogAppender: appendEntries Timeout, request=s2->s0#281-t3, previous=(t:3, i:367), leaderCommit=217, initializing? false, entries: <empty>
2019-09-24 16:16:29,948 WARN  server.GrpcLogAppender (GrpcLogAppender.java:timeoutAppendRequest(200)) - s2@group-5C26748AB2B1->s0-GrpcLogAppender: appendEntries Timeout, request=s2->s0#282-t3, previous=(t:3, i:367), leaderCommit=217, initializing? false, entries: <empty>
2019-09-24 16:16:30,023 WARN  server.GrpcLogAppender (GrpcLogAppender.java:timeoutAppendRequest(200)) - s2@group-5C26748AB2B1->s0-GrpcLogAppender: appendEntries Timeout, request=s2->s0#283-t3, previous=(t:3, i:367), leaderCommit=217, initializing? false, entries: <empty>
2019-09-24 16:16:30,092 WARN  server.GrpcLogAppender (GrpcLogAppender.java:timeoutAppendRequest(200)) - s2@group-5C26748AB2B1->s1-GrpcLogAppender: appendEntries Timeout, request=s2->s1#394-t3, previous=(t:3, i:347), leaderCommit=217, initializing? false, entries: <empty>
2019-09-24 16:16:30,093 WARN  server.GrpcLogAppender (GrpcLogAppender.java:timeoutAppendRequest(200)) - s2@group-5C26748AB2B1->s1-GrpcLogAppender: appendEntries Timeout, request=s2->s1#395-t3, previous=(t:3, i:347), leaderCommit=217, initializing? false, entries: size=20, first=(t:3, i:348), STATEMACHINELOGENTRY, client-EDB41257C35F, cid=249
2019-09-24 16:16:30,099 WARN  server.GrpcLogAppender (GrpcLogAppender.java:timeoutAppendRequest(200)) - s2@group-5C26748AB2B1->s0-GrpcLogAppender: appendEntries Timeout, request=s2->s0#284-t3, previous=(t:3, i:367), leaderCommit=217, initializing? false, entries: <empty>
2019-09-24 16:16:30,169 WARN  server.GrpcLogAppender (GrpcLogAppender.java:timeoutAppendRequest(200)) - s2@group-5C26748AB2B1->s1-GrpcLogAppender: appendEntries Timeout, request=s2->s1#396-t3, previous=(t:3, i:367), leaderCommit=217, initializing? false, entries: <empty>
2019-09-24 16:16:30,174 WARN  server.GrpcLogAppender (GrpcLogAppender.java:timeoutAppendRequest(200)) - s2@group-5C26748AB2B1->s0-GrpcLogAppender: appendEntries Timeout, request=s2->s0#285-t3, previous=(t:3, i:367), leaderCommit=217, initializing? false, entries: <empty>
2019-09-24 16:16:30,244 WARN  server.GrpcLogAppender (GrpcLogAppender.java:timeoutAppendRequest(200)) - s2@group-5C26748AB2B1->s1-GrpcLogAppender: appendEntries Timeout, request=s2->s1#397-t3, previous=(t:3, i:367), leaderCommit=217, initializing? false, entries: <empty>
2019-09-24 16:16:30,249 WARN  server.GrpcLogAppender (GrpcLogAppender.java:timeoutAppendRequest(200)) - s2@group-5C26748AB2B1->s0-GrpcLogAppender: appendEntries Timeout, request=s2->s0#286-t3, previous=(t:3, i:367), leaderCommit=217, initializing? false, entries: <empty>
2019-09-24 16:16:30,320 WARN  server.GrpcLogAppender (GrpcLogAppender.java:timeoutAppendRequest(200)) - s2@group-5C26748AB2B1->s1-GrpcLogAppender: appendEntries Timeout, request=s2->s1#398-t3, previous=(t:3, i:367), leaderCommit=217, initializing? false, entries: <empty>
2019-09-24 16:16:30,325 WARN  server.GrpcLogAppender (GrpcLogAppender.java:timeoutAppendRequest(200)) - s2@group-5C26748AB2B1->s0-GrpcLogAppender: appendEntries Timeout, request=s2->s0#287-t3, previous=(t:3, i:367), leaderCommit=217, initializing? false, entries: <empty>
2019-09-24 16:16:30,395 WARN  server.GrpcLogAppender (GrpcLogAppender.java:timeoutAppendRequest(200)) - s2@group-5C26748AB2B1->s1-GrpcLogAppender: appendEntries Timeout, request=s2->s1#399-t3, previous=(t:3, i:367), leaderCommit=217, initializing? false, entries: <empty>
2019-09-24 16:16:30,400 WARN  server.GrpcLogAppender (GrpcLogAppender.java:timeoutAppendRequest(200)) - s2@group-5C26748AB2B1->s0-GrpcLogAppender: appendEntries Timeout, request=s2->s0#288-t3, previous=(t:3, i:367), leaderCommit=217, initializing? false, entries: <empty>
2019-09-24 16:16:30,442 DEBUG client.GrpcClientProtocolService (GrpcClientProtocolService.java:responseError(257)) - 17-OrderedRequestStreamObserver17: Failed onNext for client-EDB41257C35F->s2#169-170* in 17-OrderedRequestStreamObserver17
java.lang.IllegalStateException: Entry already exists for key 170 in map SlidingWindow$Server:17-OrderedRequestStreamObserver17:requests
	at org.apache.ratis.util.Preconditions.assertTrue(Preconditions.java:75)
	at org.apache.ratis.util.CollectionUtils.putNew(CollectionUtils.java:94)
	at org.apache.ratis.util.SlidingWindow$RequestMap.putNewRequest(SlidingWindow.java:126)
	at org.apache.ratis.util.SlidingWindow$Server.receivedRequest(SlidingWindow.java:420)
	at org.apache.ratis.grpc.client.GrpcClientProtocolService$OrderedRequestStreamObserver.processClientRequest(GrpcClientProtocolService.java:345)
	at org.apache.ratis.grpc.client.GrpcClientProtocolService$RequestStreamObserver.onNext(GrpcClientProtocolService.java:240)
	at org.apache.ratis.grpc.client.GrpcClientProtocolService$RequestStreamObserver.onNext(GrpcClientProtocolService.java:168)
	at org.apache.ratis.thirdparty.io.grpc.stub.ServerCalls$StreamingServerCallHandler$StreamingServerCallListener.onMessage(ServerCalls.java:248)
	at org.apache.ratis.thirdparty.io.grpc.internal.ServerCallImpl$ServerStreamListenerImpl.messagesAvailable(ServerCallImpl.java:263)
	at org.apache.ratis.thirdparty.io.grpc.internal.ServerImpl$JumpToApplicationThreadServerStreamListener$1MessagesAvailable.runInContext(ServerImpl.java:686)
	at org.apache.ratis.thirdparty.io.grpc.internal.ContextRunnable.run(ContextRunnable.java:37)
	at org.apache.ratis.thirdparty.io.grpc.internal.SerializingExecutor.run(SerializingExecutor.java:123)
	at java.util.concurrent.ThreadPoolExecutor.runWorker(ThreadPoolExecutor.java:1149)
	at java.util.concurrent.ThreadPoolExecutor$Worker.run(ThreadPoolExecutor.java:624)
	at java.lang.Thread.run(Thread.java:748)
2019-09-24 16:16:30,470 WARN  server.GrpcLogAppender (GrpcLogAppender.java:timeoutAppendRequest(200)) - s2@group-5C26748AB2B1->s1-GrpcLogAppender: appendEntries Timeout, request=s2->s1#400-t3, previous=(t:3, i:367), leaderCommit=217, initializing? false, entries: <empty>
2019-09-24 16:16:30,475 WARN  server.GrpcLogAppender (GrpcLogAppender.java:timeoutAppendRequest(200)) - s2@group-5C26748AB2B1->s0-GrpcLogAppender: appendEntries Timeout, request=s2->s0#289-t3, previous=(t:3, i:367), leaderCommit=217, initializing? false, entries: <empty>
2019-09-24 16:16:30,546 WARN  server.GrpcLogAppender (GrpcLogAppender.java:timeoutAppendRequest(200)) - s2@group-5C26748AB2B1->s1-GrpcLogAppender: appendEntries Timeout, request=s2->s1#401-t3, previous=(t:3, i:367), leaderCommit=217, initializing? false, entries: <empty>
2019-09-24 16:16:30,551 WARN  server.GrpcLogAppender (GrpcLogAppender.java:timeoutAppendRequest(200)) - s2@group-5C26748AB2B1->s0-GrpcLogAppender: appendEntries Timeout, request=s2->s0#290-t3, previous=(t:3, i:367), leaderCommit=217, initializing? false, entries: <empty>
2019-09-24 16:16:30,560 DEBUG client.GrpcClientProtocolService (GrpcClientProtocolService.java:<init>(175)) - new 2-OrderedRequestStreamObserver2
2019-09-24 16:16:30,562 DEBUG client.GrpcClientProtocolService (GrpcClientProtocolService.java:sendReply(353)) - 2-OrderedRequestStreamObserver2: sendReply seq=170, RaftClientReply:client-EDB41257C35F->s1@group-5C26748AB2B1, cid=169, FAILED org.apache.ratis.protocol.NotLeaderException: Server s1@group-5C26748AB2B1 is not the leader s2:0.0.0.0:34862, logIndex=0, commits[s1:c217, s0:c72, s2:c217]
2019-09-24 16:16:30,566 DEBUG client.GrpcClientProtocolService (GrpcClientProtocolService.java:close(374)) - 2-OrderedRequestStreamObserver2: close
2019-09-24 16:16:30,572 DEBUG client.GrpcClientProtocolService (GrpcClientProtocolService.java:<init>(175)) - new 18-OrderedRequestStreamObserver18
2019-09-24 16:16:30,621 WARN  server.GrpcLogAppender (GrpcLogAppender.java:timeoutAppendRequest(200)) - s2@group-5C26748AB2B1->s1-GrpcLogAppender: appendEntries Timeout, request=s2->s1#402-t3, previous=(t:3, i:367), leaderCommit=217, initializing? false, entries: <empty>
2019-09-24 16:16:30,626 WARN  server.GrpcLogAppender (GrpcLogAppender.java:timeoutAppendRequest(200)) - s2@group-5C26748AB2B1->s0-GrpcLogAppender: appendEntries Timeout, request=s2->s0#291-t3, previous=(t:3, i:367), leaderCommit=217, initializing? false, entries: <empty>
2019-09-24 16:16:30,696 WARN  server.GrpcLogAppender (GrpcLogAppender.java:timeoutAppendRequest(200)) - s2@group-5C26748AB2B1->s1-GrpcLogAppender: appendEntries Timeout, request=s2->s1#403-t3, previous=(t:3, i:367), leaderCommit=217, initializing? false, entries: <empty>
2019-09-24 16:16:30,701 WARN  server.GrpcLogAppender (GrpcLogAppender.java:timeoutAppendRequest(200)) - s2@group-5C26748AB2B1->s0-GrpcLogAppender: appendEntries Timeout, request=s2->s0#292-t3, previous=(t:3, i:367), leaderCommit=217, initializing? false, entries: <empty>
2019-09-24 16:16:30,772 WARN  server.GrpcLogAppender (GrpcLogAppender.java:timeoutAppendRequest(200)) - s2@group-5C26748AB2B1->s1-GrpcLogAppender: appendEntries Timeout, request=s2->s1#404-t3, previous=(t:3, i:367), leaderCommit=217, initializing? false, entries: <empty>
2019-09-24 16:16:30,777 WARN  server.GrpcLogAppender (GrpcLogAppender.java:timeoutAppendRequest(200)) - s2@group-5C26748AB2B1->s0-GrpcLogAppender: appendEntries Timeout, request=s2->s0#293-t3, previous=(t:3, i:367), leaderCommit=217, initializing? false, entries: <empty>
2019-09-24 16:16:30,848 WARN  server.GrpcLogAppender (GrpcLogAppender.java:timeoutAppendRequest(200)) - s2@group-5C26748AB2B1->s1-GrpcLogAppender: appendEntries Timeout, request=s2->s1#405-t3, previous=(t:3, i:367), leaderCommit=217, initializing? false, entries: <empty>
2019-09-24 16:16:30,852 WARN  server.GrpcLogAppender (GrpcLogAppender.java:timeoutAppendRequest(200)) - s2@group-5C26748AB2B1->s0-GrpcLogAppender: appendEntries Timeout, request=s2->s0#294-t3, previous=(t:3, i:367), leaderCommit=217, initializing? false, entries: <empty>
2019-09-24 16:16:30,924 WARN  server.GrpcLogAppender (GrpcLogAppender.java:timeoutAppendRequest(200)) - s2@group-5C26748AB2B1->s1-GrpcLogAppender: appendEntries Timeout, request=s2->s1#406-t3, previous=(t:3, i:367), leaderCommit=217, initializing? false, entries: <empty>
2019-09-24 16:16:30,927 WARN  server.GrpcLogAppender (GrpcLogAppender.java:timeoutAppendRequest(200)) - s2@group-5C26748AB2B1->s0-GrpcLogAppender: appendEntries Timeout, request=s2->s0#295-t3, previous=(t:3, i:367), leaderCommit=217, initializing? false, entries: <empty>
2019-09-24 16:16:30,999 WARN  server.GrpcLogAppender (GrpcLogAppender.java:timeoutAppendRequest(200)) - s2@group-5C26748AB2B1->s1-GrpcLogAppender: appendEntries Timeout, request=s2->s1#407-t3, previous=(t:3, i:367), leaderCommit=217, initializing? false, entries: <empty>
2019-09-24 16:16:31,003 WARN  server.GrpcLogAppender (GrpcLogAppender.java:timeoutAppendRequest(200)) - s2@group-5C26748AB2B1->s0-GrpcLogAppender: appendEntries Timeout, request=s2->s0#296-t3, previous=(t:3, i:367), leaderCommit=217, initializing? false, entries: <empty>
2019-09-24 16:16:31,075 WARN  server.GrpcLogAppender (GrpcLogAppender.java:timeoutAppendRequest(200)) - s2@group-5C26748AB2B1->s1-GrpcLogAppender: appendEntries Timeout, request=s2->s1#408-t3, previous=(t:3, i:367), leaderCommit=217, initializing? false, entries: <empty>
2019-09-24 16:16:31,078 WARN  server.GrpcLogAppender (GrpcLogAppender.java:timeoutAppendRequest(200)) - s2@group-5C26748AB2B1->s0-GrpcLogAppender: appendEntries Timeout, request=s2->s0#297-t3, previous=(t:3, i:367), leaderCommit=217, initializing? false, entries: <empty>
2019-09-24 16:16:31,150 WARN  server.GrpcLogAppender (GrpcLogAppender.java:timeoutAppendRequest(200)) - s2@group-5C26748AB2B1->s1-GrpcLogAppender: appendEntries Timeout, request=s2->s1#409-t3, previous=(t:3, i:367), leaderCommit=217, initializing? false, entries: <empty>
2019-09-24 16:16:31,153 WARN  server.GrpcLogAppender (GrpcLogAppender.java:timeoutAppendRequest(200)) - s2@group-5C26748AB2B1->s0-GrpcLogAppender: appendEntries Timeout, request=s2->s0#298-t3, previous=(t:3, i:367), leaderCommit=217, initializing? false, entries: <empty>
2019-09-24 16:16:31,225 WARN  server.GrpcLogAppender (GrpcLogAppender.java:timeoutAppendRequest(200)) - s2@group-5C26748AB2B1->s1-GrpcLogAppender: appendEntries Timeout, request=s2->s1#410-t3, previous=(t:3, i:367), leaderCommit=217, initializing? false, entries: <empty>
2019-09-24 16:16:31,229 WARN  server.GrpcLogAppender (GrpcLogAppender.java:timeoutAppendRequest(200)) - s2@group-5C26748AB2B1->s0-GrpcLogAppender: appendEntries Timeout, request=s2->s0#299-t3, previous=(t:3, i:367), leaderCommit=217, initializing? false, entries: <empty>
2019-09-24 16:16:31,301 WARN  server.GrpcLogAppender (GrpcLogAppender.java:timeoutAppendRequest(200)) - s2@group-5C26748AB2B1->s1-GrpcLogAppender: appendEntries Timeout, request=s2->s1#411-t3, previous=(t:3, i:367), leaderCommit=217, initializing? false, entries: <empty>
2019-09-24 16:16:31,304 WARN  server.GrpcLogAppender (GrpcLogAppender.java:timeoutAppendRequest(200)) - s2@group-5C26748AB2B1->s0-GrpcLogAppender: appendEntries Timeout, request=s2->s0#300-t3, previous=(t:3, i:367), leaderCommit=217, initializing? false, entries: <empty>
2019-09-24 16:16:31,378 WARN  server.GrpcLogAppender (GrpcLogAppender.java:timeoutAppendRequest(200)) - s2@group-5C26748AB2B1->s1-GrpcLogAppender: appendEntries Timeout, request=s2->s1#412-t3, previous=(t:3, i:367), leaderCommit=217, initializing? false, entries: <empty>
2019-09-24 16:16:31,380 WARN  server.GrpcLogAppender (GrpcLogAppender.java:timeoutAppendRequest(200)) - s2@group-5C26748AB2B1->s0-GrpcLogAppender: appendEntries Timeout, request=s2->s0#301-t3, previous=(t:3, i:367), leaderCommit=217, initializing? false, entries: <empty>
2019-09-24 16:16:31,453 WARN  server.GrpcLogAppender (GrpcLogAppender.java:timeoutAppendRequest(200)) - s2@group-5C26748AB2B1->s1-GrpcLogAppender: appendEntries Timeout, request=s2->s1#413-t3, previous=(t:3, i:367), leaderCommit=217, initializing? false, entries: <empty>
2019-09-24 16:16:31,455 WARN  server.GrpcLogAppender (GrpcLogAppender.java:timeoutAppendRequest(200)) - s2@group-5C26748AB2B1->s0-GrpcLogAppender: appendEntries Timeout, request=s2->s0#302-t3, previous=(t:3, i:367), leaderCommit=217, initializing? false, entries: <empty>
2019-09-24 16:16:31,529 WARN  server.GrpcLogAppender (GrpcLogAppender.java:timeoutAppendRequest(200)) - s2@group-5C26748AB2B1->s1-GrpcLogAppender: appendEntries Timeout, request=s2->s1#414-t3, previous=(t:3, i:367), leaderCommit=217, initializing? false, entries: <empty>
2019-09-24 16:16:31,530 WARN  server.GrpcLogAppender (GrpcLogAppender.java:timeoutAppendRequest(200)) - s2@group-5C26748AB2B1->s0-GrpcLogAppender: appendEntries Timeout, request=s2->s0#303-t3, previous=(t:3, i:367), leaderCommit=217, initializing? false, entries: <empty>
2019-09-24 16:16:31,604 WARN  server.GrpcLogAppender (GrpcLogAppender.java:timeoutAppendRequest(200)) - s2@group-5C26748AB2B1->s1-GrpcLogAppender: appendEntries Timeout, request=s2->s1#415-t3, previous=(t:3, i:367), leaderCommit=217, initializing? false, entries: <empty>
2019-09-24 16:16:31,606 WARN  server.GrpcLogAppender (GrpcLogAppender.java:timeoutAppendRequest(200)) - s2@group-5C26748AB2B1->s0-GrpcLogAppender: appendEntries Timeout, request=s2->s0#304-t3, previous=(t:3, i:367), leaderCommit=217, initializing? false, entries: <empty>
2019-09-24 16:16:31,680 WARN  server.GrpcLogAppender (GrpcLogAppender.java:timeoutAppendRequest(200)) - s2@group-5C26748AB2B1->s1-GrpcLogAppender: appendEntries Timeout, request=s2->s1#416-t3, previous=(t:3, i:367), leaderCommit=217, initializing? false, entries: <empty>
2019-09-24 16:16:31,681 WARN  server.GrpcLogAppender (GrpcLogAppender.java:timeoutAppendRequest(200)) - s2@group-5C26748AB2B1->s0-GrpcLogAppender: appendEntries Timeout, request=s2->s0#305-t3, previous=(t:3, i:367), leaderCommit=217, initializing? false, entries: <empty>
2019-09-24 16:16:31,755 WARN  server.GrpcLogAppender (GrpcLogAppender.java:timeoutAppendRequest(200)) - s2@group-5C26748AB2B1->s1-GrpcLogAppender: appendEntries Timeout, request=s2->s1#417-t3, previous=(t:3, i:367), leaderCommit=217, initializing? false, entries: <empty>
2019-09-24 16:16:31,756 WARN  server.GrpcLogAppender (GrpcLogAppender.java:timeoutAppendRequest(200)) - s2@group-5C26748AB2B1->s0-GrpcLogAppender: appendEntries Timeout, request=s2->s0#306-t3, previous=(t:3, i:367), leaderCommit=217, initializing? false, entries: <empty>
2019-09-24 16:16:31,830 WARN  server.GrpcLogAppender (GrpcLogAppender.java:timeoutAppendRequest(200)) - s2@group-5C26748AB2B1->s1-GrpcLogAppender: appendEntries Timeout, request=s2->s1#418-t3, previous=(t:3, i:367), leaderCommit=217, initializing? false, entries: <empty>
2019-09-24 16:16:31,831 WARN  server.GrpcLogAppender (GrpcLogAppender.java:timeoutAppendRequest(200)) - s2@group-5C26748AB2B1->s0-GrpcLogAppender: appendEntries Timeout, request=s2->s0#307-t3, previous=(t:3, i:367), leaderCommit=217, initializing? false, entries: <empty>
2019-09-24 16:16:31,906 WARN  server.GrpcLogAppender (GrpcLogAppender.java:timeoutAppendRequest(200)) - s2@group-5C26748AB2B1->s1-GrpcLogAppender: appendEntries Timeout, request=s2->s1#419-t3, previous=(t:3, i:367), leaderCommit=217, initializing? false, entries: <empty>
2019-09-24 16:16:31,907 WARN  server.GrpcLogAppender (GrpcLogAppender.java:timeoutAppendRequest(200)) - s2@group-5C26748AB2B1->s0-GrpcLogAppender: appendEntries Timeout, request=s2->s0#308-t3, previous=(t:3, i:367), leaderCommit=217, initializing? false, entries: <empty>
2019-09-24 16:16:31,981 WARN  server.GrpcLogAppender (GrpcLogAppender.java:timeoutAppendRequest(200)) - s2@group-5C26748AB2B1->s1-GrpcLogAppender: appendEntries Timeout, request=s2->s1#420-t3, previous=(t:3, i:367), leaderCommit=217, initializing? false, entries: <empty>
2019-09-24 16:16:31,982 WARN  server.GrpcLogAppender (GrpcLogAppender.java:timeoutAppendRequest(200)) - s2@group-5C26748AB2B1->s0-GrpcLogAppender: appendEntries Timeout, request=s2->s0#309-t3, previous=(t:3, i:367), leaderCommit=217, initializing? false, entries: <empty>
2019-09-24 16:16:32,057 WARN  server.GrpcLogAppender (GrpcLogAppender.java:timeoutAppendRequest(200)) - s2@group-5C26748AB2B1->s1-GrpcLogAppender: appendEntries Timeout, request=s2->s1#421-t3, previous=(t:3, i:367), leaderCommit=217, initializing? false, entries: <empty>
2019-09-24 16:16:32,057 WARN  server.GrpcLogAppender (GrpcLogAppender.java:timeoutAppendRequest(200)) - s2@group-5C26748AB2B1->s0-GrpcLogAppender: appendEntries Timeout, request=s2->s0#310-t3, previous=(t:3, i:367), leaderCommit=217, initializing? false, entries: <empty>
2019-09-24 16:16:32,132 WARN  server.GrpcLogAppender (GrpcLogAppender.java:timeoutAppendRequest(200)) - s2@group-5C26748AB2B1->s1-GrpcLogAppender: appendEntries Timeout, request=s2->s1#422-t3, previous=(t:3, i:367), leaderCommit=217, initializing? false, entries: <empty>
2019-09-24 16:16:32,133 WARN  server.GrpcLogAppender (GrpcLogAppender.java:timeoutAppendRequest(200)) - s2@group-5C26748AB2B1->s0-GrpcLogAppender: appendEntries Timeout, request=s2->s0#311-t3, previous=(t:3, i:367), leaderCommit=217, initializing? false, entries: <empty>
2019-09-24 16:16:32,263 WARN  server.GrpcLogAppender (GrpcLogAppender.java:timeoutAppendRequest(200)) - s2@group-5C26748AB2B1->s1-GrpcLogAppender: appendEntries Timeout, request=s2->s1#423-t3, previous=(t:3, i:367), leaderCommit=217, initializing? false, entries: <empty>
2019-09-24 16:16:32,283 WARN  server.GrpcLogAppender (GrpcLogAppender.java:timeoutAppendRequest(200)) - s2@group-5C26748AB2B1->s0-GrpcLogAppender: appendEntries Timeout, request=s2->s0#312-t3, previous=(t:3, i:367), leaderCommit=217, initializing? false, entries: <empty>
2019-09-24 16:16:32,339 WARN  server.GrpcLogAppender (GrpcLogAppender.java:timeoutAppendRequest(200)) - s2@group-5C26748AB2B1->s1-GrpcLogAppender: appendEntries Timeout, request=s2->s1#424-t3, previous=(t:3, i:367), leaderCommit=217, initializing? false, entries: <empty>
2019-09-24 16:16:32,358 WARN  server.GrpcLogAppender (GrpcLogAppender.java:timeoutAppendRequest(200)) - s2@group-5C26748AB2B1->s0-GrpcLogAppender: appendEntries Timeout, request=s2->s0#313-t3, previous=(t:3, i:367), leaderCommit=217, initializing? false, entries: <empty>
2019-09-24 16:16:32,414 WARN  server.GrpcLogAppender (GrpcLogAppender.java:timeoutAppendRequest(200)) - s2@group-5C26748AB2B1->s1-GrpcLogAppender: appendEntries Timeout, request=s2->s1#425-t3, previous=(t:3, i:367), leaderCommit=217, initializing? false, entries: <empty>
2019-09-24 16:16:32,434 WARN  server.GrpcLogAppender (GrpcLogAppender.java:timeoutAppendRequest(200)) - s2@group-5C26748AB2B1->s0-GrpcLogAppender: appendEntries Timeout, request=s2->s0#314-t3, previous=(t:3, i:367), leaderCommit=217, initializing? false, entries: <empty>
2019-09-24 16:16:32,489 WARN  server.GrpcLogAppender (GrpcLogAppender.java:timeoutAppendRequest(200)) - s2@group-5C26748AB2B1->s1-GrpcLogAppender: appendEntries Timeout, request=s2->s1#426-t3, previous=(t:3, i:367), leaderCommit=217, initializing? false, entries: <empty>
2019-09-24 16:16:32,509 WARN  server.GrpcLogAppender (GrpcLogAppender.java:timeoutAppendRequest(200)) - s2@group-5C26748AB2B1->s0-GrpcLogAppender: appendEntries Timeout, request=s2->s0#315-t3, previous=(t:3, i:367), leaderCommit=217, initializing? false, entries: <empty>
2019-09-24 16:16:32,565 WARN  server.GrpcLogAppender (GrpcLogAppender.java:timeoutAppendRequest(200)) - s2@group-5C26748AB2B1->s1-GrpcLogAppender: appendEntries Timeout, request=s2->s1#427-t3, previous=(t:3, i:367), leaderCommit=217, initializing? false, entries: <empty>
2019-09-24 16:16:32,584 WARN  server.GrpcLogAppender (GrpcLogAppender.java:timeoutAppendRequest(200)) - s2@group-5C26748AB2B1->s0-GrpcLogAppender: appendEntries Timeout, request=s2->s0#316-t3, previous=(t:3, i:367), leaderCommit=217, initializing? false, entries: <empty>
2019-09-24 16:16:32,640 WARN  server.GrpcLogAppender (GrpcLogAppender.java:timeoutAppendRequest(200)) - s2@group-5C26748AB2B1->s1-GrpcLogAppender: appendEntries Timeout, request=s2->s1#428-t3, previous=(t:3, i:367), leaderCommit=217, initializing? false, entries: <empty>
2019-09-24 16:16:32,660 WARN  server.GrpcLogAppender (GrpcLogAppender.java:timeoutAppendRequest(200)) - s2@group-5C26748AB2B1->s0-GrpcLogAppender: appendEntries Timeout, request=s2->s0#317-t3, previous=(t:3, i:367), leaderCommit=217, initializing? false, entries: <empty>
2019-09-24 16:16:32,715 WARN  server.GrpcLogAppender (GrpcLogAppender.java:timeoutAppendRequest(200)) - s2@group-5C26748AB2B1->s1-GrpcLogAppender: appendEntries Timeout, request=s2->s1#429-t3, previous=(t:3, i:367), leaderCommit=217, initializing? false, entries: <empty>
2019-09-24 16:16:32,735 WARN  server.GrpcLogAppender (GrpcLogAppender.java:timeoutAppendRequest(200)) - s2@group-5C26748AB2B1->s0-GrpcLogAppender: appendEntries Timeout, request=s2->s0#318-t3, previous=(t:3, i:367), leaderCommit=217, initializing? false, entries: <empty>
2019-09-24 16:16:32,791 WARN  server.GrpcLogAppender (GrpcLogAppender.java:timeoutAppendRequest(200)) - s2@group-5C26748AB2B1->s1-GrpcLogAppender: appendEntries Timeout, request=s2->s1#430-t3, previous=(t:3, i:367), leaderCommit=217, initializing? false, entries: <empty>
2019-09-24 16:16:32,810 WARN  server.GrpcLogAppender (GrpcLogAppender.java:timeoutAppendRequest(200)) - s2@group-5C26748AB2B1->s0-GrpcLogAppender: appendEntries Timeout, request=s2->s0#319-t3, previous=(t:3, i:367), leaderCommit=217, initializing? false, entries: <empty>
2019-09-24 16:16:32,866 WARN  server.GrpcLogAppender (GrpcLogAppender.java:timeoutAppendRequest(200)) - s2@group-5C26748AB2B1->s1-GrpcLogAppender: appendEntries Timeout, request=s2->s1#431-t3, previous=(t:3, i:367), leaderCommit=217, initializing? false, entries: <empty>
2019-09-24 16:16:32,955 WARN  server.GrpcLogAppender (GrpcLogAppender.java:timeoutAppendRequest(200)) - s2@group-5C26748AB2B1->s0-GrpcLogAppender: appendEntries Timeout, request=s2->s0#320-t3, previous=(t:3, i:367), leaderCommit=217, initializing? false, entries: <empty>
2019-09-24 16:16:32,955 WARN  server.GrpcLogAppender (GrpcLogAppender.java:timeoutAppendRequest(200)) - s2@group-5C26748AB2B1->s1-GrpcLogAppender: appendEntries Timeout, request=s2->s1#432-t3, previous=(t:3, i:367), leaderCommit=217, initializing? false, entries: <empty>
2019-09-24 16:16:32,961 WARN  server.GrpcLogAppender (GrpcLogAppender.java:timeoutAppendRequest(200)) - s2@group-5C26748AB2B1->s0-GrpcLogAppender: appendEntries Timeout, request=s2->s0#321-t3, previous=(t:3, i:367), leaderCommit=217, initializing? false, entries: <empty>
2019-09-24 16:16:33,016 WARN  server.GrpcLogAppender (GrpcLogAppender.java:timeoutAppendRequest(200)) - s2@group-5C26748AB2B1->s1-GrpcLogAppender: appendEntries Timeout, request=s2->s1#433-t3, previous=(t:3, i:367), leaderCommit=217, initializing? false, entries: <empty>
2019-09-24 16:16:33,036 WARN  server.GrpcLogAppender (GrpcLogAppender.java:timeoutAppendRequest(200)) - s2@group-5C26748AB2B1->s0-GrpcLogAppender: appendEntries Timeout, request=s2->s0#322-t3, previous=(t:3, i:367), leaderCommit=217, initializing? false, entries: <empty>
2019-09-24 16:16:33,092 WARN  server.GrpcLogAppender (GrpcLogAppender.java:timeoutAppendRequest(200)) - s2@group-5C26748AB2B1->s1-GrpcLogAppender: appendEntries Timeout, request=s2->s1#434-t3, previous=(t:3, i:367), leaderCommit=217, initializing? false, entries: <empty>
2019-09-24 16:16:33,111 WARN  server.GrpcLogAppender (GrpcLogAppender.java:timeoutAppendRequest(200)) - s2@group-5C26748AB2B1->s0-GrpcLogAppender: appendEntries Timeout, request=s2->s0#323-t3, previous=(t:3, i:367), leaderCommit=217, initializing? false, entries: <empty>
2019-09-24 16:16:33,167 WARN  server.GrpcLogAppender (GrpcLogAppender.java:timeoutAppendRequest(200)) - s2@group-5C26748AB2B1->s1-GrpcLogAppender: appendEntries Timeout, request=s2->s1#435-t3, previous=(t:3, i:367), leaderCommit=217, initializing? false, entries: <empty>
2019-09-24 16:16:33,187 WARN  server.GrpcLogAppender (GrpcLogAppender.java:timeoutAppendRequest(200)) - s2@group-5C26748AB2B1->s0-GrpcLogAppender: appendEntries Timeout, request=s2->s0#324-t3, previous=(t:3, i:367), leaderCommit=217, initializing? false, entries: <empty>
2019-09-24 16:16:33,242 WARN  server.GrpcLogAppender (GrpcLogAppender.java:timeoutAppendRequest(200)) - s2@group-5C26748AB2B1->s1-GrpcLogAppender: appendEntries Timeout, request=s2->s1#436-t3, previous=(t:3, i:367), leaderCommit=217, initializing? false, entries: <empty>
2019-09-24 16:16:33,262 WARN  server.GrpcLogAppender (GrpcLogAppender.java:timeoutAppendRequest(200)) - s2@group-5C26748AB2B1->s0-GrpcLogAppender: appendEntries Timeout, request=s2->s0#325-t3, previous=(t:3, i:367), leaderCommit=217, initializing? false, entries: <empty>
2019-09-24 16:16:33,317 WARN  server.GrpcLogAppender (GrpcLogAppender.java:timeoutAppendRequest(200)) - s2@group-5C26748AB2B1->s1-GrpcLogAppender: appendEntries Timeout, request=s2->s1#437-t3, previous=(t:3, i:367), leaderCommit=217, initializing? false, entries: <empty>
2019-09-24 16:16:33,337 WARN  server.GrpcLogAppender (GrpcLogAppender.java:timeoutAppendRequest(200)) - s2@group-5C26748AB2B1->s0-GrpcLogAppender: appendEntries Timeout, request=s2->s0#326-t3, previous=(t:3, i:367), leaderCommit=217, initializing? false, entries: <empty>
2019-09-24 16:16:33,393 WARN  server.GrpcLogAppender (GrpcLogAppender.java:timeoutAppendRequest(200)) - s2@group-5C26748AB2B1->s1-GrpcLogAppender: appendEntries Timeout, request=s2->s1#438-t3, previous=(t:3, i:367), leaderCommit=217, initializing? false, entries: <empty>
2019-09-24 16:16:33,412 WARN  server.GrpcLogAppender (GrpcLogAppender.java:timeoutAppendRequest(200)) - s2@group-5C26748AB2B1->s0-GrpcLogAppender: appendEntries Timeout, request=s2->s0#327-t3, previous=(t:3, i:367), leaderCommit=217, initializing? false, entries: <empty>
2019-09-24 16:16:33,468 WARN  server.GrpcLogAppender (GrpcLogAppender.java:timeoutAppendRequest(200)) - s2@group-5C26748AB2B1->s1-GrpcLogAppender: appendEntries Timeout, request=s2->s1#439-t3, previous=(t:3, i:367), leaderCommit=217, initializing? false, entries: <empty>
2019-09-24 16:16:33,488 WARN  server.GrpcLogAppender (GrpcLogAppender.java:timeoutAppendRequest(200)) - s2@group-5C26748AB2B1->s0-GrpcLogAppender: appendEntries Timeout, request=s2->s0#328-t3, previous=(t:3, i:367), leaderCommit=217, initializing? false, entries: <empty>
2019-09-24 16:16:33,543 WARN  server.GrpcLogAppender (GrpcLogAppender.java:timeoutAppendRequest(200)) - s2@group-5C26748AB2B1->s1-GrpcLogAppender: appendEntries Timeout, request=s2->s1#440-t3, previous=(t:3, i:367), leaderCommit=217, initializing? false, entries: <empty>
2019-09-24 16:16:33,563 WARN  server.GrpcLogAppender (GrpcLogAppender.java:timeoutAppendRequest(200)) - s2@group-5C26748AB2B1->s0-GrpcLogAppender: appendEntries Timeout, request=s2->s0#329-t3, previous=(t:3, i:367), leaderCommit=217, initializing? false, entries: <empty>
2019-09-24 16:16:33,619 WARN  server.GrpcLogAppender (GrpcLogAppender.java:timeoutAppendRequest(200)) - s2@group-5C26748AB2B1->s1-GrpcLogAppender: appendEntries Timeout, request=s2->s1#441-t3, previous=(t:3, i:367), leaderCommit=217, initializing? false, entries: <empty>
2019-09-24 16:16:33,638 WARN  server.GrpcLogAppender (GrpcLogAppender.java:timeoutAppendRequest(200)) - s2@group-5C26748AB2B1->s0-GrpcLogAppender: appendEntries Timeout, request=s2->s0#330-t3, previous=(t:3, i:367), leaderCommit=217, initializing? false, entries: <empty>
2019-09-24 16:16:33,670 DEBUG client.GrpcClientProtocolService (GrpcClientProtocolService.java:responseError(257)) - 18-OrderedRequestStreamObserver18: Failed onNext for client-EDB41257C35F->s2#169-170* in 18-OrderedRequestStreamObserver18
java.lang.IllegalStateException: Entry already exists for key 170 in map SlidingWindow$Server:18-OrderedRequestStreamObserver18:requests
	at org.apache.ratis.util.Preconditions.assertTrue(Preconditions.java:75)
	at org.apache.ratis.util.CollectionUtils.putNew(CollectionUtils.java:94)
	at org.apache.ratis.util.SlidingWindow$RequestMap.putNewRequest(SlidingWindow.java:126)
	at org.apache.ratis.util.SlidingWindow$Server.receivedRequest(SlidingWindow.java:420)
	at org.apache.ratis.grpc.client.GrpcClientProtocolService$OrderedRequestStreamObserver.processClientRequest(GrpcClientProtocolService.java:345)
	at org.apache.ratis.grpc.client.GrpcClientProtocolService$RequestStreamObserver.onNext(GrpcClientProtocolService.java:240)
	at org.apache.ratis.grpc.client.GrpcClientProtocolService$RequestStreamObserver.onNext(GrpcClientProtocolService.java:168)
	at org.apache.ratis.thirdparty.io.grpc.stub.ServerCalls$StreamingServerCallHandler$StreamingServerCallListener.onMessage(ServerCalls.java:248)
	at org.apache.ratis.thirdparty.io.grpc.internal.ServerCallImpl$ServerStreamListenerImpl.messagesAvailable(ServerCallImpl.java:263)
	at org.apache.ratis.thirdparty.io.grpc.internal.ServerImpl$JumpToApplicationThreadServerStreamListener$1MessagesAvailable.runInContext(ServerImpl.java:686)
	at org.apache.ratis.thirdparty.io.grpc.internal.ContextRunnable.run(ContextRunnable.java:37)
	at org.apache.ratis.thirdparty.io.grpc.internal.SerializingExecutor.run(SerializingExecutor.java:123)
	at java.util.concurrent.ThreadPoolExecutor.runWorker(ThreadPoolExecutor.java:1149)
	at java.util.concurrent.ThreadPoolExecutor$Worker.run(ThreadPoolExecutor.java:624)
	at java.lang.Thread.run(Thread.java:748)
2019-09-24 16:16:33,688 WARN  server.GrpcLogAppender (GrpcLogAppender.java:onNextImpl(251)) - s2@group-5C26748AB2B1->s0-AppendLogResponseHandler: Request not found, ignoring reply: s2<-s0#254:OK,SUCCESS,nextIndex:219,term:3,followerCommit:217
2019-09-24 16:16:33,689 WARN  server.GrpcLogAppender (GrpcLogAppender.java:onNextImpl(251)) - s2@group-5C26748AB2B1->s0-AppendLogResponseHandler: Request not found, ignoring reply: s2<-s0#255:OK,SUCCESS,nextIndex:220,term:3,followerCommit:217
2019-09-24 16:16:33,689 WARN  server.GrpcLogAppender (GrpcLogAppender.java:onNextImpl(251)) - s2@group-5C26748AB2B1->s0-AppendLogResponseHandler: Request not found, ignoring reply: s2<-s0#256:OK,SUCCESS,nextIndex:221,term:3,followerCommit:217
2019-09-24 16:16:33,690 WARN  server.GrpcLogAppender (GrpcLogAppender.java:onNextImpl(251)) - s2@group-5C26748AB2B1->s0-AppendLogResponseHandler: Request not found, ignoring reply: s2<-s0#257:OK,SUCCESS,nextIndex:222,term:3,followerCommit:217
2019-09-24 16:16:33,690 WARN  server.GrpcLogAppender (GrpcLogAppender.java:onNextImpl(251)) - s2@group-5C26748AB2B1->s0-AppendLogResponseHandler: Request not found, ignoring reply: s2<-s0#258:OK,SUCCESS,nextIndex:223,term:3,followerCommit:217
2019-09-24 16:16:33,691 WARN  server.GrpcLogAppender (GrpcLogAppender.java:onNextImpl(251)) - s2@group-5C26748AB2B1->s1-AppendLogResponseHandler: Request not found, ignoring reply: s2<-s1#299:OK,SUCCESS,nextIndex:254,term:3,followerCommit:217
2019-09-24 16:16:33,691 WARN  server.GrpcLogAppender (GrpcLogAppender.java:onNextImpl(251)) - s2@group-5C26748AB2B1->s0-AppendLogResponseHandler: Request not found, ignoring reply: s2<-s0#259:OK,SUCCESS,nextIndex:224,term:3,followerCommit:217
2019-09-24 16:16:33,691 WARN  server.GrpcLogAppender (GrpcLogAppender.java:onNextImpl(251)) - s2@group-5C26748AB2B1->s1-AppendLogResponseHandler: Request not found, ignoring reply: s2<-s1#300:OK,SUCCESS,nextIndex:255,term:3,followerCommit:217
2019-09-24 16:16:33,691 WARN  server.GrpcLogAppender (GrpcLogAppender.java:onNextImpl(251)) - s2@group-5C26748AB2B1->s0-AppendLogResponseHandler: Request not found, ignoring reply: s2<-s0#260:OK,SUCCESS,nextIndex:225,term:3,followerCommit:217
2019-09-24 16:16:33,692 WARN  server.GrpcLogAppender (GrpcLogAppender.java:onNextImpl(251)) - s2@group-5C26748AB2B1->s1-AppendLogResponseHandler: Request not found, ignoring reply: s2<-s1#301:OK,SUCCESS,nextIndex:256,term:3,followerCommit:217
2019-09-24 16:16:33,692 WARN  server.GrpcLogAppender (GrpcLogAppender.java:onNextImpl(251)) - s2@group-5C26748AB2B1->s0-AppendLogResponseHandler: Request not found, ignoring reply: s2<-s0#261:OK,SUCCESS,nextIndex:226,term:3,followerCommit:217
2019-09-24 16:16:33,692 WARN  server.GrpcLogAppender (GrpcLogAppender.java:onNextImpl(251)) - s2@group-5C26748AB2B1->s1-AppendLogResponseHandler: Request not found, ignoring reply: s2<-s1#302:OK,SUCCESS,nextIndex:257,term:3,followerCommit:217
2019-09-24 16:16:33,692 WARN  server.GrpcLogAppender (GrpcLogAppender.java:onNextImpl(251)) - s2@group-5C26748AB2B1->s0-AppendLogResponseHandler: Request not found, ignoring reply: s2<-s0#262:OK,SUCCESS,nextIndex:228,term:3,followerCommit:217
2019-09-24 16:16:33,692 WARN  server.GrpcLogAppender (GrpcLogAppender.java:onNextImpl(251)) - s2@group-5C26748AB2B1->s1-AppendLogResponseHandler: Request not found, ignoring reply: s2<-s1#303:OK,SUCCESS,nextIndex:258,term:3,followerCommit:217
2019-09-24 16:16:33,693 WARN  server.GrpcLogAppender (GrpcLogAppender.java:onNextImpl(251)) - s2@group-5C26748AB2B1->s0-AppendLogResponseHandler: Request not found, ignoring reply: s2<-s0#263:OK,SUCCESS,nextIndex:229,term:3,followerCommit:217
2019-09-24 16:16:33,693 WARN  server.GrpcLogAppender (GrpcLogAppender.java:onNextImpl(251)) - s2@group-5C26748AB2B1->s1-AppendLogResponseHandler: Request not found, ignoring reply: s2<-s1#304:OK,SUCCESS,nextIndex:259,term:3,followerCommit:217
2019-09-24 16:16:33,693 WARN  server.GrpcLogAppender (GrpcLogAppender.java:onNextImpl(251)) - s2@group-5C26748AB2B1->s0-AppendLogResponseHandler: Request not found, ignoring reply: s2<-s0#264:OK,SUCCESS,nextIndex:230,term:3,followerCommit:217
2019-09-24 16:16:33,693 WARN  server.GrpcLogAppender (GrpcLogAppender.java:onNextImpl(251)) - s2@group-5C26748AB2B1->s1-AppendLogResponseHandler: Request not found, ignoring reply: s2<-s1#305:OK,SUCCESS,nextIndex:260,term:3,followerCommit:217
2019-09-24 16:16:33,693 WARN  server.GrpcLogAppender (GrpcLogAppender.java:onNextImpl(251)) - s2@group-5C26748AB2B1->s0-AppendLogResponseHandler: Request not found, ignoring reply: s2<-s0#265:OK,SUCCESS,nextIndex:231,term:3,followerCommit:217
2019-09-24 16:16:33,694 WARN  server.GrpcLogAppender (GrpcLogAppender.java:onNextImpl(251)) - s2@group-5C26748AB2B1->s1-AppendLogResponseHandler: Request not found, ignoring reply: s2<-s1#306:OK,SUCCESS,nextIndex:261,term:3,followerCommit:217
2019-09-24 16:16:33,694 WARN  server.GrpcLogAppender (GrpcLogAppender.java:onNextImpl(251)) - s2@group-5C26748AB2B1->s0-AppendLogResponseHandler: Request not found, ignoring reply: s2<-s0#266:OK,SUCCESS,nextIndex:232,term:3,followerCommit:217
2019-09-24 16:16:33,694 WARN  server.GrpcLogAppender (GrpcLogAppender.java:onNextImpl(251)) - s2@group-5C26748AB2B1->s1-AppendLogResponseHandler: Request not found, ignoring reply: s2<-s1#307:OK,SUCCESS,nextIndex:262,term:3,followerCommit:217
2019-09-24 16:16:33,694 WARN  server.GrpcLogAppender (GrpcLogAppender.java:timeoutAppendRequest(200)) - s2@group-5C26748AB2B1->s1-GrpcLogAppender: appendEntries Timeout, request=s2->s1#442-t3, previous=(t:3, i:367), leaderCommit=217, initializing? false, entries: <empty>
2019-09-24 16:16:33,695 WARN  server.GrpcLogAppender (GrpcLogAppender.java:onNextImpl(251)) - s2@group-5C26748AB2B1->s1-AppendLogResponseHandler: Request not found, ignoring reply: s2<-s1#308:OK,SUCCESS,nextIndex:263,term:3,followerCommit:217
2019-09-24 16:16:33,694 WARN  server.GrpcLogAppender (GrpcLogAppender.java:onNextImpl(251)) - s2@group-5C26748AB2B1->s0-AppendLogResponseHandler: Request not found, ignoring reply: s2<-s0#267:OK,SUCCESS,nextIndex:233,term:3,followerCommit:217
2019-09-24 16:16:33,695 WARN  server.GrpcLogAppender (GrpcLogAppender.java:onNextImpl(251)) - s2@group-5C26748AB2B1->s1-AppendLogResponseHandler: Request not found, ignoring reply: s2<-s1#309:OK,SUCCESS,nextIndex:264,term:3,followerCommit:217
2019-09-24 16:16:33,695 WARN  server.GrpcLogAppender (GrpcLogAppender.java:onNextImpl(251)) - s2@group-5C26748AB2B1->s0-AppendLogResponseHandler: Request not found, ignoring reply: s2<-s0#268:OK,SUCCESS,nextIndex:234,term:3,followerCommit:217
2019-09-24 16:16:33,695 WARN  server.GrpcLogAppender (GrpcLogAppender.java:onNextImpl(251)) - s2@group-5C26748AB2B1->s1-AppendLogResponseHandler: Request not found, ignoring reply: s2<-s1#310:OK,SUCCESS,nextIndex:265,term:3,followerCommit:217
2019-09-24 16:16:33,696 WARN  server.GrpcLogAppender (GrpcLogAppender.java:onNextImpl(251)) - s2@group-5C26748AB2B1->s0-AppendLogResponseHandler: Request not found, ignoring reply: s2<-s0#269:OK,SUCCESS,nextIndex:235,term:3,followerCommit:217
2019-09-24 16:16:33,696 WARN  server.GrpcLogAppender (GrpcLogAppender.java:onNextImpl(251)) - s2@group-5C26748AB2B1->s1-AppendLogResponseHandler: Request not found, ignoring reply: s2<-s1#311:OK,SUCCESS,nextIndex:266,term:3,followerCommit:217
2019-09-24 16:16:33,696 WARN  server.GrpcLogAppender (GrpcLogAppender.java:onNextImpl(251)) - s2@group-5C26748AB2B1->s0-AppendLogResponseHandler: Request not found, ignoring reply: s2<-s0#270:OK,SUCCESS,nextIndex:236,term:3,followerCommit:217
2019-09-24 16:16:33,696 WARN  server.GrpcLogAppender (GrpcLogAppender.java:onNextImpl(251)) - s2@group-5C26748AB2B1->s1-AppendLogResponseHandler: Request not found, ignoring reply: s2<-s1#312:OK,SUCCESS,nextIndex:267,term:3,followerCommit:217
2019-09-24 16:16:33,697 WARN  server.GrpcLogAppender (GrpcLogAppender.java:onNextImpl(251)) - s2@group-5C26748AB2B1->s0-AppendLogResponseHandler: Request not found, ignoring reply: s2<-s0#271:OK,SUCCESS,nextIndex:237,term:3,followerCommit:217
2019-09-24 16:16:33,697 WARN  server.GrpcLogAppender (GrpcLogAppender.java:onNextImpl(251)) - s2@group-5C26748AB2B1->s1-AppendLogResponseHandler: Request not found, ignoring reply: s2<-s1#313:OK,SUCCESS,nextIndex:268,term:3,followerCommit:217
2019-09-24 16:16:33,697 WARN  server.GrpcLogAppender (GrpcLogAppender.java:onNextImpl(251)) - s2@group-5C26748AB2B1->s0-AppendLogResponseHandler: Request not found, ignoring reply: s2<-s0#272:OK,SUCCESS,nextIndex:238,term:3,followerCommit:217
2019-09-24 16:16:33,697 WARN  server.GrpcLogAppender (GrpcLogAppender.java:onNextImpl(251)) - s2@group-5C26748AB2B1->s1-AppendLogResponseHandler: Request not found, ignoring reply: s2<-s1#314:OK,SUCCESS,nextIndex:269,term:3,followerCommit:217
2019-09-24 16:16:33,697 WARN  server.GrpcLogAppender (GrpcLogAppender.java:onNextImpl(251)) - s2@group-5C26748AB2B1->s0-AppendLogResponseHandler: Request not found, ignoring reply: s2<-s0#273:OK,SUCCESS,nextIndex:239,term:3,followerCommit:217
2019-09-24 16:16:33,698 WARN  server.GrpcLogAppender (GrpcLogAppender.java:onNextImpl(251)) - s2@group-5C26748AB2B1->s1-AppendLogResponseHandler: Request not found, ignoring reply: s2<-s1#315:OK,SUCCESS,nextIndex:270,term:3,followerCommit:217
2019-09-24 16:16:33,698 WARN  server.GrpcLogAppender (GrpcLogAppender.java:onNextImpl(251)) - s2@group-5C26748AB2B1->s0-AppendLogResponseHandler: Request not found, ignoring reply: s2<-s0#274:OK,SUCCESS,nextIndex:239,term:3,followerCommit:103
2019-09-24 16:16:33,698 WARN  server.GrpcLogAppender (GrpcLogAppender.java:onNextImpl(251)) - s2@group-5C26748AB2B1->s1-AppendLogResponseHandler: Request not found, ignoring reply: s2<-s1#316:OK,SUCCESS,nextIndex:271,term:3,followerCommit:217
2019-09-24 16:16:33,699 WARN  server.GrpcLogAppender (GrpcLogAppender.java:onNextImpl(251)) - s2@group-5C26748AB2B1->s1-AppendLogResponseHandler: Request not found, ignoring reply: s2<-s1#317:OK,SUCCESS,nextIndex:272,term:3,followerCommit:217
2019-09-24 16:16:33,699 WARN  server.GrpcLogAppender (GrpcLogAppender.java:onNextImpl(251)) - s2@group-5C26748AB2B1->s1-AppendLogResponseHandler: Request not found, ignoring reply: s2<-s1#318:OK,SUCCESS,nextIndex:273,term:3,followerCommit:217
2019-09-24 16:16:33,699 WARN  server.GrpcLogAppender (GrpcLogAppender.java:onNextImpl(251)) - s2@group-5C26748AB2B1->s1-AppendLogResponseHandler: Request not found, ignoring reply: s2<-s1#319:OK,SUCCESS,nextIndex:274,term:3,followerCommit:217
2019-09-24 16:16:33,700 WARN  server.GrpcLogAppender (GrpcLogAppender.java:onNextImpl(251)) - s2@group-5C26748AB2B1->s1-AppendLogResponseHandler: Request not found, ignoring reply: s2<-s1#320:OK,SUCCESS,nextIndex:275,term:3,followerCommit:217
2019-09-24 16:16:33,700 WARN  server.GrpcLogAppender (GrpcLogAppender.java:onNextImpl(251)) - s2@group-5C26748AB2B1->s1-AppendLogResponseHandler: Request not found, ignoring reply: s2<-s1#321:OK,SUCCESS,nextIndex:276,term:3,followerCommit:217
2019-09-24 16:16:33,700 WARN  server.GrpcLogAppender (GrpcLogAppender.java:onNextImpl(251)) - s2@group-5C26748AB2B1->s1-AppendLogResponseHandler: Request not found, ignoring reply: s2<-s1#322:OK,SUCCESS,nextIndex:277,term:3,followerCommit:217
2019-09-24 16:16:33,701 WARN  server.GrpcLogAppender (GrpcLogAppender.java:onNextImpl(251)) - s2@group-5C26748AB2B1->s1-AppendLogResponseHandler: Request not found, ignoring reply: s2<-s1#323:OK,SUCCESS,nextIndex:278,term:3,followerCommit:217
2019-09-24 16:16:33,701 WARN  server.GrpcLogAppender (GrpcLogAppender.java:onNextImpl(251)) - s2@group-5C26748AB2B1->s1-AppendLogResponseHandler: Request not found, ignoring reply: s2<-s1#324:OK,SUCCESS,nextIndex:279,term:3,followerCommit:217
2019-09-24 16:16:33,701 WARN  server.GrpcLogAppender (GrpcLogAppender.java:onNextImpl(251)) - s2@group-5C26748AB2B1->s1-AppendLogResponseHandler: Request not found, ignoring reply: s2<-s1#325:OK,SUCCESS,nextIndex:280,term:3,followerCommit:217
2019-09-24 16:16:33,702 WARN  server.GrpcLogAppender (GrpcLogAppender.java:onNextImpl(251)) - s2@group-5C26748AB2B1->s1-AppendLogResponseHandler: Request not found, ignoring reply: s2<-s1#326:OK,SUCCESS,nextIndex:281,term:3,followerCommit:217
2019-09-24 16:16:33,702 WARN  server.GrpcLogAppender (GrpcLogAppender.java:onNextImpl(251)) - s2@group-5C26748AB2B1->s1-AppendLogResponseHandler: Request not found, ignoring reply: s2<-s1#327:OK,SUCCESS,nextIndex:282,term:3,followerCommit:217
2019-09-24 16:16:33,702 WARN  server.GrpcLogAppender (GrpcLogAppender.java:onNextImpl(251)) - s2@group-5C26748AB2B1->s1-AppendLogResponseHandler: Request not found, ignoring reply: s2<-s1#328:OK,SUCCESS,nextIndex:283,term:3,followerCommit:217
2019-09-24 16:16:33,703 WARN  server.GrpcLogAppender (GrpcLogAppender.java:onNextImpl(251)) - s2@group-5C26748AB2B1->s1-AppendLogResponseHandler: Request not found, ignoring reply: s2<-s1#329:OK,SUCCESS,nextIndex:284,term:3,followerCommit:217
2019-09-24 16:16:33,703 WARN  server.GrpcLogAppender (GrpcLogAppender.java:onNextImpl(251)) - s2@group-5C26748AB2B1->s1-AppendLogResponseHandler: Request not found, ignoring reply: s2<-s1#330:OK,SUCCESS,nextIndex:285,term:3,followerCommit:217
2019-09-24 16:16:33,703 WARN  server.GrpcLogAppender (GrpcLogAppender.java:onNextImpl(251)) - s2@group-5C26748AB2B1->s1-AppendLogResponseHandler: Request not found, ignoring reply: s2<-s1#331:OK,SUCCESS,nextIndex:286,term:3,followerCommit:217
2019-09-24 16:16:33,703 WARN  server.GrpcLogAppender (GrpcLogAppender.java:onNextImpl(251)) - s2@group-5C26748AB2B1->s1-AppendLogResponseHandler: Request not found, ignoring reply: s2<-s1#332:OK,SUCCESS,nextIndex:287,term:3,followerCommit:217
2019-09-24 16:16:33,704 WARN  server.GrpcLogAppender (GrpcLogAppender.java:onNextImpl(251)) - s2@group-5C26748AB2B1->s1-AppendLogResponseHandler: Request not found, ignoring reply: s2<-s1#333:OK,SUCCESS,nextIndex:288,term:3,followerCommit:217
2019-09-24 16:16:33,704 WARN  server.GrpcLogAppender (GrpcLogAppender.java:onNextImpl(251)) - s2@group-5C26748AB2B1->s1-AppendLogResponseHandler: Request not found, ignoring reply: s2<-s1#334:OK,SUCCESS,nextIndex:289,term:3,followerCommit:217
2019-09-24 16:16:33,704 WARN  server.GrpcLogAppender (GrpcLogAppender.java:onNextImpl(251)) - s2@group-5C26748AB2B1->s1-AppendLogResponseHandler: Request not found, ignoring reply: s2<-s1#335:OK,SUCCESS,nextIndex:290,term:3,followerCommit:217
2019-09-24 16:16:33,704 WARN  server.GrpcLogAppender (GrpcLogAppender.java:onNextImpl(251)) - s2@group-5C26748AB2B1->s1-AppendLogResponseHandler: Request not found, ignoring reply: s2<-s1#336:OK,SUCCESS,nextIndex:291,term:3,followerCommit:217
2019-09-24 16:16:33,705 WARN  server.GrpcLogAppender (GrpcLogAppender.java:onNextImpl(251)) - s2@group-5C26748AB2B1->s1-AppendLogResponseHandler: Request not found, ignoring reply: s2<-s1#337:OK,SUCCESS,nextIndex:292,term:3,followerCommit:217
2019-09-24 16:16:33,705 WARN  server.GrpcLogAppender (GrpcLogAppender.java:onNextImpl(251)) - s2@group-5C26748AB2B1->s1-AppendLogResponseHandler: Request not found, ignoring reply: s2<-s1#338:OK,SUCCESS,nextIndex:293,term:3,followerCommit:217
2019-09-24 16:16:33,705 WARN  server.GrpcLogAppender (GrpcLogAppender.java:onNextImpl(251)) - s2@group-5C26748AB2B1->s1-AppendLogResponseHandler: Request not found, ignoring reply: s2<-s1#339:OK,SUCCESS,nextIndex:294,term:3,followerCommit:217
2019-09-24 16:16:33,705 WARN  server.GrpcLogAppender (GrpcLogAppender.java:onNextImpl(251)) - s2@group-5C26748AB2B1->s1-AppendLogResponseHandler: Request not found, ignoring reply: s2<-s1#340:OK,SUCCESS,nextIndex:295,term:3,followerCommit:217
2019-09-24 16:16:33,706 WARN  server.GrpcLogAppender (GrpcLogAppender.java:onNextImpl(251)) - s2@group-5C26748AB2B1->s1-AppendLogResponseHandler: Request not found, ignoring reply: s2<-s1#341:OK,SUCCESS,nextIndex:296,term:3,followerCommit:217
2019-09-24 16:16:33,706 WARN  server.GrpcLogAppender (GrpcLogAppender.java:onNextImpl(251)) - s2@group-5C26748AB2B1->s1-AppendLogResponseHandler: Request not found, ignoring reply: s2<-s1#342:OK,SUCCESS,nextIndex:297,term:3,followerCommit:217
2019-09-24 16:16:33,706 WARN  server.GrpcLogAppender (GrpcLogAppender.java:onNextImpl(251)) - s2@group-5C26748AB2B1->s1-AppendLogResponseHandler: Request not found, ignoring reply: s2<-s1#343:OK,SUCCESS,nextIndex:298,term:3,followerCommit:217
2019-09-24 16:16:33,706 WARN  server.GrpcLogAppender (GrpcLogAppender.java:onNextImpl(251)) - s2@group-5C26748AB2B1->s1-AppendLogResponseHandler: Request not found, ignoring reply: s2<-s1#344:OK,SUCCESS,nextIndex:299,term:3,followerCommit:217
2019-09-24 16:16:33,707 WARN  server.GrpcLogAppender (GrpcLogAppender.java:onNextImpl(251)) - s2@group-5C26748AB2B1->s1-AppendLogResponseHandler: Request not found, ignoring reply: s2<-s1#345:OK,SUCCESS,nextIndex:300,term:3,followerCommit:217
2019-09-24 16:16:33,707 WARN  server.GrpcLogAppender (GrpcLogAppender.java:onNextImpl(251)) - s2@group-5C26748AB2B1->s1-AppendLogResponseHandler: Request not found, ignoring reply: s2<-s1#346:OK,SUCCESS,nextIndex:301,term:3,followerCommit:217
2019-09-24 16:16:33,707 WARN  server.GrpcLogAppender (GrpcLogAppender.java:onNextImpl(251)) - s2@group-5C26748AB2B1->s1-AppendLogResponseHandler: Request not found, ignoring reply: s2<-s1#347:OK,SUCCESS,nextIndex:302,term:3,followerCommit:217
2019-09-24 16:16:33,707 WARN  server.GrpcLogAppender (GrpcLogAppender.java:onNextImpl(251)) - s2@group-5C26748AB2B1->s1-AppendLogResponseHandler: Request not found, ignoring reply: s2<-s1#348:OK,SUCCESS,nextIndex:303,term:3,followerCommit:217
2019-09-24 16:16:33,707 WARN  server.GrpcLogAppender (GrpcLogAppender.java:onNextImpl(251)) - s2@group-5C26748AB2B1->s1-AppendLogResponseHandler: Request not found, ignoring reply: s2<-s1#349:OK,SUCCESS,nextIndex:304,term:3,followerCommit:217
2019-09-24 16:16:33,708 WARN  server.GrpcLogAppender (GrpcLogAppender.java:onNextImpl(251)) - s2@group-5C26748AB2B1->s1-AppendLogResponseHandler: Request not found, ignoring reply: s2<-s1#350:OK,SUCCESS,nextIndex:305,term:3,followerCommit:217
2019-09-24 16:16:33,708 WARN  server.GrpcLogAppender (GrpcLogAppender.java:onNextImpl(251)) - s2@group-5C26748AB2B1->s1-AppendLogResponseHandler: Request not found, ignoring reply: s2<-s1#351:OK,SUCCESS,nextIndex:306,term:3,followerCommit:217
2019-09-24 16:16:33,708 WARN  server.GrpcLogAppender (GrpcLogAppender.java:onNextImpl(251)) - s2@group-5C26748AB2B1->s1-AppendLogResponseHandler: Request not found, ignoring reply: s2<-s1#352:OK,SUCCESS,nextIndex:307,term:3,followerCommit:217
2019-09-24 16:16:33,708 WARN  server.GrpcLogAppender (GrpcLogAppender.java:onNextImpl(251)) - s2@group-5C26748AB2B1->s1-AppendLogResponseHandler: Request not found, ignoring reply: s2<-s1#353:OK,SUCCESS,nextIndex:308,term:3,followerCommit:217
2019-09-24 16:16:33,708 WARN  server.GrpcLogAppender (GrpcLogAppender.java:onNextImpl(251)) - s2@group-5C26748AB2B1->s1-AppendLogResponseHandler: Request not found, ignoring reply: s2<-s1#354:OK,SUCCESS,nextIndex:309,term:3,followerCommit:217
2019-09-24 16:16:33,709 WARN  server.GrpcLogAppender (GrpcLogAppender.java:onNextImpl(251)) - s2@group-5C26748AB2B1->s1-AppendLogResponseHandler: Request not found, ignoring reply: s2<-s1#355:OK,SUCCESS,nextIndex:310,term:3,followerCommit:217
2019-09-24 16:16:33,709 WARN  server.GrpcLogAppender (GrpcLogAppender.java:onNextImpl(251)) - s2@group-5C26748AB2B1->s1-AppendLogResponseHandler: Request not found, ignoring reply: s2<-s1#356:OK,SUCCESS,nextIndex:311,term:3,followerCommit:217
2019-09-24 16:16:33,709 WARN  server.GrpcLogAppender (GrpcLogAppender.java:onNextImpl(251)) - s2@group-5C26748AB2B1->s1-AppendLogResponseHandler: Request not found, ignoring reply: s2<-s1#357:OK,SUCCESS,nextIndex:312,term:3,followerCommit:217
2019-09-24 16:16:33,709 WARN  server.GrpcLogAppender (GrpcLogAppender.java:onNextImpl(251)) - s2@group-5C26748AB2B1->s1-AppendLogResponseHandler: Request not found, ignoring reply: s2<-s1#358:OK,SUCCESS,nextIndex:313,term:3,followerCommit:217
2019-09-24 16:16:33,709 WARN  server.GrpcLogAppender (GrpcLogAppender.java:onNextImpl(251)) - s2@group-5C26748AB2B1->s1-AppendLogResponseHandler: Request not found, ignoring reply: s2<-s1#359:OK,SUCCESS,nextIndex:314,term:3,followerCommit:217
2019-09-24 16:16:33,710 WARN  server.GrpcLogAppender (GrpcLogAppender.java:onNextImpl(251)) - s2@group-5C26748AB2B1->s1-AppendLogResponseHandler: Request not found, ignoring reply: s2<-s1#360:OK,SUCCESS,nextIndex:315,term:3,followerCommit:217
2019-09-24 16:16:33,710 WARN  server.GrpcLogAppender (GrpcLogAppender.java:onNextImpl(251)) - s2@group-5C26748AB2B1->s1-AppendLogResponseHandler: Request not found, ignoring reply: s2<-s1#361:OK,SUCCESS,nextIndex:316,term:3,followerCommit:217
2019-09-24 16:16:33,710 WARN  server.GrpcLogAppender (GrpcLogAppender.java:onNextImpl(251)) - s2@group-5C26748AB2B1->s1-AppendLogResponseHandler: Request not found, ignoring reply: s2<-s1#362:OK,SUCCESS,nextIndex:317,term:3,followerCommit:217
2019-09-24 16:16:33,710 WARN  server.GrpcLogAppender (GrpcLogAppender.java:onNextImpl(251)) - s2@group-5C26748AB2B1->s1-AppendLogResponseHandler: Request not found, ignoring reply: s2<-s1#363:OK,SUCCESS,nextIndex:318,term:3,followerCommit:217
2019-09-24 16:16:33,711 WARN  server.GrpcLogAppender (GrpcLogAppender.java:onNextImpl(251)) - s2@group-5C26748AB2B1->s1-AppendLogResponseHandler: Request not found, ignoring reply: s2<-s1#364:OK,SUCCESS,nextIndex:319,term:3,followerCommit:217
2019-09-24 16:16:33,711 WARN  server.GrpcLogAppender (GrpcLogAppender.java:onNextImpl(251)) - s2@group-5C26748AB2B1->s1-AppendLogResponseHandler: Request not found, ignoring reply: s2<-s1#365:OK,SUCCESS,nextIndex:320,term:3,followerCommit:217
2019-09-24 16:16:33,711 WARN  server.GrpcLogAppender (GrpcLogAppender.java:onNextImpl(251)) - s2@group-5C26748AB2B1->s1-AppendLogResponseHandler: Request not found, ignoring reply: s2<-s1#366:OK,SUCCESS,nextIndex:321,term:3,followerCommit:217
2019-09-24 16:16:33,711 WARN  server.GrpcLogAppender (GrpcLogAppender.java:onNextImpl(251)) - s2@group-5C26748AB2B1->s1-AppendLogResponseHandler: Request not found, ignoring reply: s2<-s1#367:OK,SUCCESS,nextIndex:322,term:3,followerCommit:217
2019-09-24 16:16:33,711 WARN  server.GrpcLogAppender (GrpcLogAppender.java:onNextImpl(251)) - s2@group-5C26748AB2B1->s1-AppendLogResponseHandler: Request not found, ignoring reply: s2<-s1#368:OK,SUCCESS,nextIndex:323,term:3,followerCommit:217
2019-09-24 16:16:33,712 WARN  server.GrpcLogAppender (GrpcLogAppender.java:onNextImpl(251)) - s2@group-5C26748AB2B1->s1-AppendLogResponseHandler: Request not found, ignoring reply: s2<-s1#369:OK,SUCCESS,nextIndex:324,term:3,followerCommit:217
2019-09-24 16:16:33,712 WARN  server.GrpcLogAppender (GrpcLogAppender.java:onNextImpl(251)) - s2@group-5C26748AB2B1->s1-AppendLogResponseHandler: Request not found, ignoring reply: s2<-s1#370:OK,SUCCESS,nextIndex:325,term:3,followerCommit:217
2019-09-24 16:16:33,712 WARN  server.GrpcLogAppender (GrpcLogAppender.java:onNextImpl(251)) - s2@group-5C26748AB2B1->s1-AppendLogResponseHandler: Request not found, ignoring reply: s2<-s1#371:OK,SUCCESS,nextIndex:326,term:3,followerCommit:217
2019-09-24 16:16:33,712 WARN  server.GrpcLogAppender (GrpcLogAppender.java:onNextImpl(251)) - s2@group-5C26748AB2B1->s1-AppendLogResponseHandler: Request not found, ignoring reply: s2<-s1#372:OK,SUCCESS,nextIndex:327,term:3,followerCommit:217
2019-09-24 16:16:33,712 WARN  server.GrpcLogAppender (GrpcLogAppender.java:onNextImpl(251)) - s2@group-5C26748AB2B1->s1-AppendLogResponseHandler: Request not found, ignoring reply: s2<-s1#373:OK,SUCCESS,nextIndex:328,term:3,followerCommit:217
2019-09-24 16:16:33,712 WARN  server.GrpcLogAppender (GrpcLogAppender.java:onNextImpl(251)) - s2@group-5C26748AB2B1->s1-AppendLogResponseHandler: Request not found, ignoring reply: s2<-s1#374:OK,SUCCESS,nextIndex:329,term:3,followerCommit:217
2019-09-24 16:16:33,713 WARN  server.GrpcLogAppender (GrpcLogAppender.java:onNextImpl(251)) - s2@group-5C26748AB2B1->s1-AppendLogResponseHandler: Request not found, ignoring reply: s2<-s1#375:OK,SUCCESS,nextIndex:330,term:3,followerCommit:217
2019-09-24 16:16:33,713 WARN  server.GrpcLogAppender (GrpcLogAppender.java:onNextImpl(251)) - s2@group-5C26748AB2B1->s1-AppendLogResponseHandler: Request not found, ignoring reply: s2<-s1#376:OK,SUCCESS,nextIndex:331,term:3,followerCommit:217
2019-09-24 16:16:33,713 WARN  server.GrpcLogAppender (GrpcLogAppender.java:onNextImpl(251)) - s2@group-5C26748AB2B1->s1-AppendLogResponseHandler: Request not found, ignoring reply: s2<-s1#377:OK,SUCCESS,nextIndex:332,term:3,followerCommit:217
2019-09-24 16:16:33,713 WARN  server.GrpcLogAppender (GrpcLogAppender.java:onNextImpl(251)) - s2@group-5C26748AB2B1->s1-AppendLogResponseHandler: Request not found, ignoring reply: s2<-s1#378:OK,SUCCESS,nextIndex:333,term:3,followerCommit:217
2019-09-24 16:16:33,713 WARN  server.GrpcLogAppender (GrpcLogAppender.java:timeoutAppendRequest(200)) - s2@group-5C26748AB2B1->s0-GrpcLogAppender: appendEntries Timeout, request=s2->s0#331-t3, previous=(t:3, i:367), leaderCommit=217, initializing? false, entries: <empty>
2019-09-24 16:16:33,713 WARN  server.GrpcLogAppender (GrpcLogAppender.java:onNextImpl(251)) - s2@group-5C26748AB2B1->s1-AppendLogResponseHandler: Request not found, ignoring reply: s2<-s1#379:OK,SUCCESS,nextIndex:334,term:3,followerCommit:217
2019-09-24 16:16:33,714 WARN  server.GrpcLogAppender (GrpcLogAppender.java:onNextImpl(251)) - s2@group-5C26748AB2B1->s1-AppendLogResponseHandler: Request not found, ignoring reply: s2<-s1#380:OK,SUCCESS,nextIndex:335,term:3,followerCommit:217
2019-09-24 16:16:33,714 WARN  server.GrpcLogAppender (GrpcLogAppender.java:onNextImpl(251)) - s2@group-5C26748AB2B1->s1-AppendLogResponseHandler: Request not found, ignoring reply: s2<-s1#381:OK,SUCCESS,nextIndex:336,term:3,followerCommit:217
2019-09-24 16:16:33,714 WARN  server.GrpcLogAppender (GrpcLogAppender.java:onNextImpl(251)) - s2@group-5C26748AB2B1->s1-AppendLogResponseHandler: Request not found, ignoring reply: s2<-s1#382:OK,SUCCESS,nextIndex:337,term:3,followerCommit:217
2019-09-24 16:16:33,714 WARN  server.GrpcLogAppender (GrpcLogAppender.java:onNextImpl(251)) - s2@group-5C26748AB2B1->s1-AppendLogResponseHandler: Request not found, ignoring reply: s2<-s1#383:OK,SUCCESS,nextIndex:338,term:3,followerCommit:217
2019-09-24 16:16:33,715 WARN  server.GrpcLogAppender (GrpcLogAppender.java:onNextImpl(251)) - s2@group-5C26748AB2B1->s1-AppendLogResponseHandler: Request not found, ignoring reply: s2<-s1#384:OK,SUCCESS,nextIndex:339,term:3,followerCommit:217
2019-09-24 16:16:33,715 WARN  server.GrpcLogAppender (GrpcLogAppender.java:onNextImpl(251)) - s2@group-5C26748AB2B1->s1-AppendLogResponseHandler: Request not found, ignoring reply: s2<-s1#385:OK,SUCCESS,nextIndex:340,term:3,followerCommit:217
2019-09-24 16:16:33,715 WARN  server.GrpcLogAppender (GrpcLogAppender.java:onNextImpl(251)) - s2@group-5C26748AB2B1->s1-AppendLogResponseHandler: Request not found, ignoring reply: s2<-s1#386:OK,SUCCESS,nextIndex:341,term:3,followerCommit:217
2019-09-24 16:16:33,715 WARN  server.GrpcLogAppender (GrpcLogAppender.java:onNextImpl(251)) - s2@group-5C26748AB2B1->s1-AppendLogResponseHandler: Request not found, ignoring reply: s2<-s1#387:OK,SUCCESS,nextIndex:342,term:3,followerCommit:217
2019-09-24 16:16:33,715 WARN  server.GrpcLogAppender (GrpcLogAppender.java:onNextImpl(251)) - s2@group-5C26748AB2B1->s1-AppendLogResponseHandler: Request not found, ignoring reply: s2<-s1#388:OK,SUCCESS,nextIndex:343,term:3,followerCommit:217
2019-09-24 16:16:33,716 WARN  server.GrpcLogAppender (GrpcLogAppender.java:onNextImpl(251)) - s2@group-5C26748AB2B1->s1-AppendLogResponseHandler: Request not found, ignoring reply: s2<-s1#389:OK,SUCCESS,nextIndex:344,term:3,followerCommit:217
2019-09-24 16:16:33,716 WARN  server.GrpcLogAppender (GrpcLogAppender.java:onNextImpl(251)) - s2@group-5C26748AB2B1->s1-AppendLogResponseHandler: Request not found, ignoring reply: s2<-s1#390:OK,SUCCESS,nextIndex:345,term:3,followerCommit:217
2019-09-24 16:16:33,716 WARN  server.GrpcLogAppender (GrpcLogAppender.java:onNextImpl(251)) - s2@group-5C26748AB2B1->s1-AppendLogResponseHandler: Request not found, ignoring reply: s2<-s1#391:OK,SUCCESS,nextIndex:346,term:3,followerCommit:217
2019-09-24 16:16:33,716 WARN  server.GrpcLogAppender (GrpcLogAppender.java:onNextImpl(251)) - s2@group-5C26748AB2B1->s1-AppendLogResponseHandler: Request not found, ignoring reply: s2<-s1#392:OK,SUCCESS,nextIndex:347,term:3,followerCommit:217
2019-09-24 16:16:33,717 WARN  server.GrpcLogAppender (GrpcLogAppender.java:onNextImpl(251)) - s2@group-5C26748AB2B1->s1-AppendLogResponseHandler: Request not found, ignoring reply: s2<-s1#393:OK,SUCCESS,nextIndex:348,term:3,followerCommit:217
2019-09-24 16:16:33,717 WARN  server.GrpcLogAppender (GrpcLogAppender.java:onNextImpl(251)) - s2@group-5C26748AB2B1->s1-AppendLogResponseHandler: Request not found, ignoring reply: s2<-s1#394:OK,SUCCESS,nextIndex:348,term:3,followerCommit:217
2019-09-24 16:16:33,717 WARN  server.GrpcLogAppender (GrpcLogAppender.java:onNextImpl(251)) - s2@group-5C26748AB2B1->s1-AppendLogResponseHandler: Request not found, ignoring reply: s2<-s1#395:OK,SUCCESS,nextIndex:368,term:3,followerCommit:217
2019-09-24 16:16:33,717 WARN  server.GrpcLogAppender (GrpcLogAppender.java:onNextImpl(251)) - s2@group-5C26748AB2B1->s1-AppendLogResponseHandler: Request not found, ignoring reply: s2<-s1#396:OK,SUCCESS,nextIndex:368,term:3,followerCommit:217
2019-09-24 16:16:33,717 WARN  server.GrpcLogAppender (GrpcLogAppender.java:onNextImpl(251)) - s2@group-5C26748AB2B1->s1-AppendLogResponseHandler: Request not found, ignoring reply: s2<-s1#397:OK,SUCCESS,nextIndex:368,term:3,followerCommit:217
2019-09-24 16:16:33,718 WARN  server.GrpcLogAppender (GrpcLogAppender.java:onNextImpl(251)) - s2@group-5C26748AB2B1->s1-AppendLogResponseHandler: Request not found, ignoring reply: s2<-s1#398:OK,SUCCESS,nextIndex:368,term:3,followerCommit:217
2019-09-24 16:16:33,718 WARN  server.GrpcLogAppender (GrpcLogAppender.java:onNextImpl(251)) - s2@group-5C26748AB2B1->s1-AppendLogResponseHandler: Request not found, ignoring reply: s2<-s1#399:OK,SUCCESS,nextIndex:368,term:3,followerCommit:217
2019-09-24 16:16:33,718 WARN  server.GrpcLogAppender (GrpcLogAppender.java:onNextImpl(251)) - s2@group-5C26748AB2B1->s1-AppendLogResponseHandler: Request not found, ignoring reply: s2<-s1#400:OK,SUCCESS,nextIndex:368,term:3,followerCommit:217
2019-09-24 16:16:33,718 WARN  server.GrpcLogAppender (GrpcLogAppender.java:onNextImpl(251)) - s2@group-5C26748AB2B1->s1-AppendLogResponseHandler: Request not found, ignoring reply: s2<-s1#401:OK,SUCCESS,nextIndex:368,term:3,followerCommit:217
2019-09-24 16:16:33,718 WARN  server.GrpcLogAppender (GrpcLogAppender.java:onNextImpl(251)) - s2@group-5C26748AB2B1->s1-AppendLogResponseHandler: Request not found, ignoring reply: s2<-s1#402:OK,SUCCESS,nextIndex:368,term:3,followerCommit:217
2019-09-24 16:16:33,719 WARN  server.GrpcLogAppender (GrpcLogAppender.java:onNextImpl(251)) - s2@group-5C26748AB2B1->s1-AppendLogResponseHandler: Request not found, ignoring reply: s2<-s1#403:OK,SUCCESS,nextIndex:368,term:3,followerCommit:217
2019-09-24 16:16:33,719 WARN  server.GrpcLogAppender (GrpcLogAppender.java:onNextImpl(251)) - s2@group-5C26748AB2B1->s1-AppendLogResponseHandler: Request not found, ignoring reply: s2<-s1#404:OK,SUCCESS,nextIndex:368,term:3,followerCommit:217
2019-09-24 16:16:33,719 WARN  server.GrpcLogAppender (GrpcLogAppender.java:onNextImpl(251)) - s2@group-5C26748AB2B1->s1-AppendLogResponseHandler: Request not found, ignoring reply: s2<-s1#405:OK,SUCCESS,nextIndex:368,term:3,followerCommit:217
2019-09-24 16:16:33,719 WARN  server.GrpcLogAppender (GrpcLogAppender.java:onNextImpl(251)) - s2@group-5C26748AB2B1->s1-AppendLogResponseHandler: Request not found, ignoring reply: s2<-s1#406:OK,SUCCESS,nextIndex:368,term:3,followerCommit:217
2019-09-24 16:16:33,719 WARN  server.GrpcLogAppender (GrpcLogAppender.java:onNextImpl(251)) - s2@group-5C26748AB2B1->s1-AppendLogResponseHandler: Request not found, ignoring reply: s2<-s1#407:OK,SUCCESS,nextIndex:368,term:3,followerCommit:217
2019-09-24 16:16:33,720 WARN  server.GrpcLogAppender (GrpcLogAppender.java:onNextImpl(251)) - s2@group-5C26748AB2B1->s1-AppendLogResponseHandler: Request not found, ignoring reply: s2<-s1#408:OK,SUCCESS,nextIndex:368,term:3,followerCommit:217
2019-09-24 16:16:33,720 WARN  server.GrpcLogAppender (GrpcLogAppender.java:onNextImpl(251)) - s2@group-5C26748AB2B1->s1-AppendLogResponseHandler: Request not found, ignoring reply: s2<-s1#409:OK,SUCCESS,nextIndex:368,term:3,followerCommit:217
2019-09-24 16:16:33,720 WARN  server.GrpcLogAppender (GrpcLogAppender.java:onNextImpl(251)) - s2@group-5C26748AB2B1->s1-AppendLogResponseHandler: Request not found, ignoring reply: s2<-s1#410:OK,SUCCESS,nextIndex:368,term:3,followerCommit:217
2019-09-24 16:16:33,720 WARN  server.GrpcLogAppender (GrpcLogAppender.java:onNextImpl(251)) - s2@group-5C26748AB2B1->s1-AppendLogResponseHandler: Request not found, ignoring reply: s2<-s1#411:OK,SUCCESS,nextIndex:368,term:3,followerCommit:217
2019-09-24 16:16:33,720 WARN  server.GrpcLogAppender (GrpcLogAppender.java:onNextImpl(251)) - s2@group-5C26748AB2B1->s1-AppendLogResponseHandler: Request not found, ignoring reply: s2<-s1#412:OK,SUCCESS,nextIndex:368,term:3,followerCommit:217
2019-09-24 16:16:33,721 WARN  server.GrpcLogAppender (GrpcLogAppender.java:onNextImpl(251)) - s2@group-5C26748AB2B1->s1-AppendLogResponseHandler: Request not found, ignoring reply: s2<-s1#413:OK,SUCCESS,nextIndex:368,term:3,followerCommit:217
2019-09-24 16:16:33,721 WARN  server.GrpcLogAppender (GrpcLogAppender.java:onNextImpl(251)) - s2@group-5C26748AB2B1->s1-AppendLogResponseHandler: Request not found, ignoring reply: s2<-s1#414:OK,SUCCESS,nextIndex:368,term:3,followerCommit:217
2019-09-24 16:16:33,721 WARN  server.GrpcLogAppender (GrpcLogAppender.java:onNextImpl(251)) - s2@group-5C26748AB2B1->s1-AppendLogResponseHandler: Request not found, ignoring reply: s2<-s1#415:OK,SUCCESS,nextIndex:368,term:3,followerCommit:217
2019-09-24 16:16:33,721 WARN  server.GrpcLogAppender (GrpcLogAppender.java:onNextImpl(251)) - s2@group-5C26748AB2B1->s1-AppendLogResponseHandler: Request not found, ignoring reply: s2<-s1#416:OK,SUCCESS,nextIndex:368,term:3,followerCommit:217
2019-09-24 16:16:33,721 WARN  server.GrpcLogAppender (GrpcLogAppender.java:onNextImpl(251)) - s2@group-5C26748AB2B1->s1-AppendLogResponseHandler: Request not found, ignoring reply: s2<-s1#417:OK,SUCCESS,nextIndex:368,term:3,followerCommit:217
2019-09-24 16:16:33,722 WARN  server.GrpcLogAppender (GrpcLogAppender.java:onNextImpl(251)) - s2@group-5C26748AB2B1->s1-AppendLogResponseHandler: Request not found, ignoring reply: s2<-s1#418:OK,SUCCESS,nextIndex:368,term:3,followerCommit:217
2019-09-24 16:16:33,722 WARN  server.GrpcLogAppender (GrpcLogAppender.java:onNextImpl(251)) - s2@group-5C26748AB2B1->s1-AppendLogResponseHandler: Request not found, ignoring reply: s2<-s1#419:OK,SUCCESS,nextIndex:368,term:3,followerCommit:217
2019-09-24 16:16:33,722 WARN  server.GrpcLogAppender (GrpcLogAppender.java:onNextImpl(251)) - s2@group-5C26748AB2B1->s1-AppendLogResponseHandler: Request not found, ignoring reply: s2<-s1#420:OK,SUCCESS,nextIndex:368,term:3,followerCommit:217
2019-09-24 16:16:33,722 WARN  server.GrpcLogAppender (GrpcLogAppender.java:onNextImpl(251)) - s2@group-5C26748AB2B1->s1-AppendLogResponseHandler: Request not found, ignoring reply: s2<-s1#421:OK,SUCCESS,nextIndex:368,term:3,followerCommit:217
2019-09-24 16:16:33,722 WARN  server.GrpcLogAppender (GrpcLogAppender.java:onNextImpl(251)) - s2@group-5C26748AB2B1->s1-AppendLogResponseHandler: Request not found, ignoring reply: s2<-s1#422:OK,SUCCESS,nextIndex:368,term:3,followerCommit:217
2019-09-24 16:16:33,723 WARN  server.GrpcLogAppender (GrpcLogAppender.java:onNextImpl(251)) - s2@group-5C26748AB2B1->s1-AppendLogResponseHandler: Request not found, ignoring reply: s2<-s1#423:OK,SUCCESS,nextIndex:368,term:3,followerCommit:217
2019-09-24 16:16:33,723 WARN  server.GrpcLogAppender (GrpcLogAppender.java:onNextImpl(251)) - s2@group-5C26748AB2B1->s1-AppendLogResponseHandler: Request not found, ignoring reply: s2<-s1#424:OK,SUCCESS,nextIndex:368,term:3,followerCommit:217
2019-09-24 16:16:33,723 WARN  server.GrpcLogAppender (GrpcLogAppender.java:onNextImpl(251)) - s2@group-5C26748AB2B1->s1-AppendLogResponseHandler: Request not found, ignoring reply: s2<-s1#425:OK,SUCCESS,nextIndex:368,term:3,followerCommit:217
2019-09-24 16:16:33,723 WARN  server.GrpcLogAppender (GrpcLogAppender.java:onNextImpl(251)) - s2@group-5C26748AB2B1->s1-AppendLogResponseHandler: Request not found, ignoring reply: s2<-s1#426:OK,SUCCESS,nextIndex:368,term:3,followerCommit:217
2019-09-24 16:16:33,723 WARN  server.GrpcLogAppender (GrpcLogAppender.java:onNextImpl(251)) - s2@group-5C26748AB2B1->s1-AppendLogResponseHandler: Request not found, ignoring reply: s2<-s1#427:OK,SUCCESS,nextIndex:368,term:3,followerCommit:217
2019-09-24 16:16:33,723 WARN  server.GrpcLogAppender (GrpcLogAppender.java:onNextImpl(251)) - s2@group-5C26748AB2B1->s1-AppendLogResponseHandler: Request not found, ignoring reply: s2<-s1#428:OK,SUCCESS,nextIndex:368,term:3,followerCommit:217
2019-09-24 16:16:33,724 WARN  server.GrpcLogAppender (GrpcLogAppender.java:onNextImpl(251)) - s2@group-5C26748AB2B1->s1-AppendLogResponseHandler: Request not found, ignoring reply: s2<-s1#429:OK,SUCCESS,nextIndex:368,term:3,followerCommit:217
2019-09-24 16:16:33,724 WARN  server.GrpcLogAppender (GrpcLogAppender.java:onNextImpl(251)) - s2@group-5C26748AB2B1->s1-AppendLogResponseHandler: Request not found, ignoring reply: s2<-s1#430:OK,SUCCESS,nextIndex:368,term:3,followerCommit:217
2019-09-24 16:16:33,724 WARN  server.GrpcLogAppender (GrpcLogAppender.java:onNextImpl(251)) - s2@group-5C26748AB2B1->s1-AppendLogResponseHandler: Request not found, ignoring reply: s2<-s1#431:OK,SUCCESS,nextIndex:368,term:3,followerCommit:217
2019-09-24 16:16:33,724 WARN  server.GrpcLogAppender (GrpcLogAppender.java:onNextImpl(251)) - s2@group-5C26748AB2B1->s1-AppendLogResponseHandler: Request not found, ignoring reply: s2<-s1#432:OK,SUCCESS,nextIndex:368,term:3,followerCommit:217
2019-09-24 16:16:33,724 WARN  server.GrpcLogAppender (GrpcLogAppender.java:onNextImpl(251)) - s2@group-5C26748AB2B1->s1-AppendLogResponseHandler: Request not found, ignoring reply: s2<-s1#433:OK,SUCCESS,nextIndex:368,term:3,followerCommit:217
2019-09-24 16:16:33,725 WARN  server.GrpcLogAppender (GrpcLogAppender.java:onNextImpl(251)) - s2@group-5C26748AB2B1->s1-AppendLogResponseHandler: Request not found, ignoring reply: s2<-s1#434:OK,SUCCESS,nextIndex:368,term:3,followerCommit:217
2019-09-24 16:16:33,725 WARN  server.GrpcLogAppender (GrpcLogAppender.java:onNextImpl(251)) - s2@group-5C26748AB2B1->s1-AppendLogResponseHandler: Request not found, ignoring reply: s2<-s1#435:OK,SUCCESS,nextIndex:368,term:3,followerCommit:217
2019-09-24 16:16:33,725 WARN  server.GrpcLogAppender (GrpcLogAppender.java:onNextImpl(251)) - s2@group-5C26748AB2B1->s1-AppendLogResponseHandler: Request not found, ignoring reply: s2<-s1#436:OK,SUCCESS,nextIndex:368,term:3,followerCommit:217
2019-09-24 16:16:33,725 WARN  server.GrpcLogAppender (GrpcLogAppender.java:onNextImpl(251)) - s2@group-5C26748AB2B1->s1-AppendLogResponseHandler: Request not found, ignoring reply: s2<-s1#437:OK,SUCCESS,nextIndex:368,term:3,followerCommit:217
2019-09-24 16:16:33,725 WARN  server.GrpcLogAppender (GrpcLogAppender.java:onNextImpl(251)) - s2@group-5C26748AB2B1->s1-AppendLogResponseHandler: Request not found, ignoring reply: s2<-s1#438:OK,SUCCESS,nextIndex:368,term:3,followerCommit:217
2019-09-24 16:16:33,725 WARN  server.GrpcLogAppender (GrpcLogAppender.java:onNextImpl(251)) - s2@group-5C26748AB2B1->s1-AppendLogResponseHandler: Request not found, ignoring reply: s2<-s1#439:OK,SUCCESS,nextIndex:368,term:3,followerCommit:217
2019-09-24 16:16:33,726 WARN  server.GrpcLogAppender (GrpcLogAppender.java:onNextImpl(251)) - s2@group-5C26748AB2B1->s1-AppendLogResponseHandler: Request not found, ignoring reply: s2<-s1#440:OK,SUCCESS,nextIndex:368,term:3,followerCommit:217
2019-09-24 16:16:33,726 WARN  server.GrpcLogAppender (GrpcLogAppender.java:onNextImpl(251)) - s2@group-5C26748AB2B1->s1-AppendLogResponseHandler: Request not found, ignoring reply: s2<-s1#441:OK,SUCCESS,nextIndex:368,term:3,followerCommit:217
2019-09-24 16:16:33,726 WARN  server.GrpcLogAppender (GrpcLogAppender.java:onNextImpl(251)) - s2@group-5C26748AB2B1->s1-AppendLogResponseHandler: Request not found, ignoring reply: s2<-s1#442:OK,SUCCESS,nextIndex:368,term:3,followerCommit:217
2019-09-24 16:16:33,787 DEBUG client.GrpcClientProtocolService (GrpcClientProtocolService.java:<init>(175)) - new 1-OrderedRequestStreamObserver1
2019-09-24 16:16:33,789 WARN  server.GrpcLogAppender (GrpcLogAppender.java:timeoutAppendRequest(200)) - s2@group-5C26748AB2B1->s0-GrpcLogAppender: appendEntries Timeout, request=s2->s0#332-t3, previous=(t:3, i:367), leaderCommit=217, initializing? false, entries: <empty>
2019-09-24 16:16:33,789 DEBUG client.GrpcClientProtocolService (GrpcClientProtocolService.java:sendReply(353)) - 1-OrderedRequestStreamObserver1: sendReply seq=170, RaftClientReply:client-EDB41257C35F->s0@group-5C26748AB2B1, cid=169, FAILED org.apache.ratis.protocol.NotLeaderException: Server s0@group-5C26748AB2B1 is not the leader s2:0.0.0.0:34862, logIndex=0, commits[s0:c217, s1:c217, s2:c346]
2019-09-24 16:16:33,793 DEBUG client.GrpcClientProtocolService (GrpcClientProtocolService.java:close(374)) - 1-OrderedRequestStreamObserver1: close
2019-09-24 16:16:33,799 DEBUG client.GrpcClientProtocolService (GrpcClientProtocolService.java:<init>(175)) - new 19-OrderedRequestStreamObserver19
2019-09-24 16:16:33,800 DEBUG client.GrpcClientProtocolService (GrpcClientProtocolService.java:sendReply(353)) - 19-OrderedRequestStreamObserver19: sendReply seq=170, RaftClientReply:client-EDB41257C35F->s2@group-5C26748AB2B1, cid=169, SUCCESS, logIndex=226, commits[s2:c346, s0:c72, s1:c217]
2019-09-24 16:16:33,803 DEBUG client.GrpcClientProtocolService (GrpcClientProtocolService.java:sendReply(353)) - 19-OrderedRequestStreamObserver19: sendReply seq=171, RaftClientReply:client-EDB41257C35F->s2@group-5C26748AB2B1, cid=170, SUCCESS, logIndex=234, commits[s2:c346, s0:c72, s1:c217]
2019-09-24 16:16:33,804 DEBUG client.GrpcClientProtocolService (GrpcClientProtocolService.java:sendReply(353)) - 19-OrderedRequestStreamObserver19: sendReply seq=172, RaftClientReply:client-EDB41257C35F->s2@group-5C26748AB2B1, cid=171, SUCCESS, logIndex=245, commits[s2:c346, s0:c72, s1:c217]
2019-09-24 16:16:33,806 DEBUG client.GrpcClientProtocolService (GrpcClientProtocolService.java:sendReply(353)) - 19-OrderedRequestStreamObserver19: sendReply seq=173, RaftClientReply:client-EDB41257C35F->s2@group-5C26748AB2B1, cid=172, SUCCESS, logIndex=256, commits[s2:c346, s0:c72, s1:c217]
2019-09-24 16:16:33,808 DEBUG client.GrpcClientProtocolService (GrpcClientProtocolService.java:sendReply(353)) - 19-OrderedRequestStreamObserver19: sendReply seq=174, RaftClientReply:client-EDB41257C35F->s2@group-5C26748AB2B1, cid=173, SUCCESS, logIndex=259, commits[s2:c346, s0:c72, s1:c217]
2019-09-24 16:16:33,809 DEBUG client.GrpcClientProtocolService (GrpcClientProtocolService.java:sendReply(353)) - 19-OrderedRequestStreamObserver19: sendReply seq=175, RaftClientReply:client-EDB41257C35F->s2@group-5C26748AB2B1, cid=174, SUCCESS, logIndex=273, commits[s2:c346, s0:c72, s1:c217]
2019-09-24 16:16:33,811 DEBUG client.GrpcClientProtocolService (GrpcClientProtocolService.java:sendReply(353)) - 19-OrderedRequestStreamObserver19: sendReply seq=176, RaftClientReply:client-EDB41257C35F->s2@group-5C26748AB2B1, cid=175, SUCCESS, logIndex=274, commits[s2:c346, s0:c72, s1:c217]
2019-09-24 16:16:33,812 DEBUG client.GrpcClientProtocolService (GrpcClientProtocolService.java:sendReply(353)) - 19-OrderedRequestStreamObserver19: sendReply seq=177, RaftClientReply:client-EDB41257C35F->s2@group-5C26748AB2B1, cid=176, SUCCESS, logIndex=275, commits[s2:c346, s0:c72, s1:c217]
2019-09-24 16:16:33,814 DEBUG client.GrpcClientProtocolService (GrpcClientProtocolService.java:sendReply(353)) - 19-OrderedRequestStreamObserver19: sendReply seq=178, RaftClientReply:client-EDB41257C35F->s2@group-5C26748AB2B1, cid=177, SUCCESS, logIndex=276, commits[s2:c346, s0:c72, s1:c217]
2019-09-24 16:16:33,815 DEBUG client.GrpcClientProtocolService (GrpcClientProtocolService.java:sendReply(353)) - 19-OrderedRequestStreamObserver19: sendReply seq=179, RaftClientReply:client-EDB41257C35F->s2@group-5C26748AB2B1, cid=178, SUCCESS, logIndex=277, commits[s2:c346, s0:c72, s1:c217]
2019-09-24 16:16:33,816 DEBUG client.GrpcClientProtocolService (GrpcClientProtocolService.java:sendReply(353)) - 19-OrderedRequestStreamObserver19: sendReply seq=180, RaftClientReply:client-EDB41257C35F->s2@group-5C26748AB2B1, cid=179, SUCCESS, logIndex=278, commits[s2:c346, s0:c72, s1:c217]
2019-09-24 16:16:33,817 DEBUG client.GrpcClientProtocolService (GrpcClientProtocolService.java:sendReply(353)) - 19-OrderedRequestStreamObserver19: sendReply seq=181, RaftClientReply:client-EDB41257C35F->s2@group-5C26748AB2B1, cid=180, SUCCESS, logIndex=279, commits[s2:c346, s0:c72, s1:c217]
2019-09-24 16:16:33,818 DEBUG client.GrpcClientProtocolService (GrpcClientProtocolService.java:sendReply(353)) - 19-OrderedRequestStreamObserver19: sendReply seq=182, RaftClientReply:client-EDB41257C35F->s2@group-5C26748AB2B1, cid=181, SUCCESS, logIndex=280, commits[s2:c346, s0:c72, s1:c217]
2019-09-24 16:16:33,818 DEBUG client.GrpcClientProtocolService (GrpcClientProtocolService.java:sendReply(353)) - 19-OrderedRequestStreamObserver19: sendReply seq=183, RaftClientReply:client-EDB41257C35F->s2@group-5C26748AB2B1, cid=182, SUCCESS, logIndex=281, commits[s2:c346, s0:c72, s1:c217]
2019-09-24 16:16:33,819 DEBUG client.GrpcClientProtocolService (GrpcClientProtocolService.java:sendReply(353)) - 19-OrderedRequestStreamObserver19: sendReply seq=184, RaftClientReply:client-EDB41257C35F->s2@group-5C26748AB2B1, cid=183, SUCCESS, logIndex=282, commits[s2:c346, s0:c72, s1:c217]
2019-09-24 16:16:33,820 DEBUG client.GrpcClientProtocolService (GrpcClientProtocolService.java:sendReply(353)) - 19-OrderedRequestStreamObserver19: sendReply seq=185, RaftClientReply:client-EDB41257C35F->s2@group-5C26748AB2B1, cid=184, SUCCESS, logIndex=283, commits[s2:c346, s0:c72, s1:c217]
2019-09-24 16:16:33,821 DEBUG client.GrpcClientProtocolService (GrpcClientProtocolService.java:sendReply(353)) - 19-OrderedRequestStreamObserver19: sendReply seq=186, RaftClientReply:client-EDB41257C35F->s2@group-5C26748AB2B1, cid=185, SUCCESS, logIndex=284, commits[s2:c346, s0:c72, s1:c217]
2019-09-24 16:16:33,822 DEBUG client.GrpcClientProtocolService (GrpcClientProtocolService.java:sendReply(353)) - 19-OrderedRequestStreamObserver19: sendReply seq=187, RaftClientReply:client-EDB41257C35F->s2@group-5C26748AB2B1, cid=186, SUCCESS, logIndex=285, commits[s2:c346, s0:c72, s1:c217]
2019-09-24 16:16:33,823 DEBUG client.GrpcClientProtocolService (GrpcClientProtocolService.java:sendReply(353)) - 19-OrderedRequestStreamObserver19: sendReply seq=188, RaftClientReply:client-EDB41257C35F->s2@group-5C26748AB2B1, cid=187, SUCCESS, logIndex=286, commits[s2:c346, s0:c72, s1:c217]
2019-09-24 16:16:33,824 DEBUG client.GrpcClientProtocolService (GrpcClientProtocolService.java:sendReply(353)) - 19-OrderedRequestStreamObserver19: sendReply seq=189, RaftClientReply:client-EDB41257C35F->s2@group-5C26748AB2B1, cid=188, SUCCESS, logIndex=287, commits[s2:c346, s0:c72, s1:c217]
2019-09-24 16:16:33,825 DEBUG client.GrpcClientProtocolService (GrpcClientProtocolService.java:sendReply(353)) - 19-OrderedRequestStreamObserver19: sendReply seq=190, RaftClientReply:client-EDB41257C35F->s2@group-5C26748AB2B1, cid=189, SUCCESS, logIndex=288, commits[s2:c346, s0:c72, s1:c217]
2019-09-24 16:16:33,825 DEBUG client.GrpcClientProtocolService (GrpcClientProtocolService.java:sendReply(353)) - 19-OrderedRequestStreamObserver19: sendReply seq=191, RaftClientReply:client-EDB41257C35F->s2@group-5C26748AB2B1, cid=190, SUCCESS, logIndex=289, commits[s2:c346, s0:c72, s1:c217]
2019-09-24 16:16:33,826 DEBUG client.GrpcClientProtocolService (GrpcClientProtocolService.java:sendReply(353)) - 19-OrderedRequestStreamObserver19: sendReply seq=192, RaftClientReply:client-EDB41257C35F->s2@group-5C26748AB2B1, cid=191, SUCCESS, logIndex=290, commits[s2:c346, s0:c72, s1:c217]
2019-09-24 16:16:33,827 DEBUG client.GrpcClientProtocolService (GrpcClientProtocolService.java:sendReply(353)) - 19-OrderedRequestStreamObserver19: sendReply seq=193, RaftClientReply:client-EDB41257C35F->s2@group-5C26748AB2B1, cid=192, SUCCESS, logIndex=291, commits[s2:c346, s0:c72, s1:c217]
2019-09-24 16:16:33,828 DEBUG client.GrpcClientProtocolService (GrpcClientProtocolService.java:sendReply(353)) - 19-OrderedRequestStreamObserver19: sendReply seq=194, RaftClientReply:client-EDB41257C35F->s2@group-5C26748AB2B1, cid=193, SUCCESS, logIndex=292, commits[s2:c346, s0:c72, s1:c217]
2019-09-24 16:16:33,829 DEBUG client.GrpcClientProtocolService (GrpcClientProtocolService.java:sendReply(353)) - 19-OrderedRequestStreamObserver19: sendReply seq=195, RaftClientReply:client-EDB41257C35F->s2@group-5C26748AB2B1, cid=194, SUCCESS, logIndex=293, commits[s2:c346, s0:c72, s1:c217]
2019-09-24 16:16:33,830 DEBUG client.GrpcClientProtocolService (GrpcClientProtocolService.java:sendReply(353)) - 19-OrderedRequestStreamObserver19: sendReply seq=196, RaftClientReply:client-EDB41257C35F->s2@group-5C26748AB2B1, cid=195, SUCCESS, logIndex=294, commits[s2:c346, s0:c72, s1:c217]
2019-09-24 16:16:33,831 DEBUG client.GrpcClientProtocolService (GrpcClientProtocolService.java:sendReply(353)) - 19-OrderedRequestStreamObserver19: sendReply seq=197, RaftClientReply:client-EDB41257C35F->s2@group-5C26748AB2B1, cid=196, SUCCESS, logIndex=295, commits[s2:c346, s0:c72, s1:c217]
2019-09-24 16:16:33,832 DEBUG client.GrpcClientProtocolService (GrpcClientProtocolService.java:sendReply(353)) - 19-OrderedRequestStreamObserver19: sendReply seq=198, RaftClientReply:client-EDB41257C35F->s2@group-5C26748AB2B1, cid=197, SUCCESS, logIndex=296, commits[s2:c346, s0:c72, s1:c217]
2019-09-24 16:16:33,832 DEBUG client.GrpcClientProtocolService (GrpcClientProtocolService.java:sendReply(353)) - 19-OrderedRequestStreamObserver19: sendReply seq=199, RaftClientReply:client-EDB41257C35F->s2@group-5C26748AB2B1, cid=198, SUCCESS, logIndex=297, commits[s2:c346, s0:c72, s1:c217]
2019-09-24 16:16:33,833 DEBUG client.GrpcClientProtocolService (GrpcClientProtocolService.java:sendReply(353)) - 19-OrderedRequestStreamObserver19: sendReply seq=200, RaftClientReply:client-EDB41257C35F->s2@group-5C26748AB2B1, cid=199, SUCCESS, logIndex=298, commits[s2:c346, s0:c72, s1:c217]
2019-09-24 16:16:33,834 DEBUG client.GrpcClientProtocolService (GrpcClientProtocolService.java:sendReply(353)) - 19-OrderedRequestStreamObserver19: sendReply seq=201, RaftClientReply:client-EDB41257C35F->s2@group-5C26748AB2B1, cid=200, SUCCESS, logIndex=299, commits[s2:c346, s0:c72, s1:c217]
2019-09-24 16:16:33,835 DEBUG client.GrpcClientProtocolService (GrpcClientProtocolService.java:sendReply(353)) - 19-OrderedRequestStreamObserver19: sendReply seq=202, RaftClientReply:client-EDB41257C35F->s2@group-5C26748AB2B1, cid=201, SUCCESS, logIndex=300, commits[s2:c346, s0:c72, s1:c217]
2019-09-24 16:16:33,836 DEBUG client.GrpcClientProtocolService (GrpcClientProtocolService.java:sendReply(353)) - 19-OrderedRequestStreamObserver19: sendReply seq=203, RaftClientReply:client-EDB41257C35F->s2@group-5C26748AB2B1, cid=202, SUCCESS, logIndex=301, commits[s2:c346, s0:c72, s1:c217]
2019-09-24 16:16:33,837 DEBUG client.GrpcClientProtocolService (GrpcClientProtocolService.java:sendReply(353)) - 19-OrderedRequestStreamObserver19: sendReply seq=204, RaftClientReply:client-EDB41257C35F->s2@group-5C26748AB2B1, cid=203, SUCCESS, logIndex=302, commits[s2:c346, s0:c72, s1:c217]
2019-09-24 16:16:33,838 DEBUG client.GrpcClientProtocolService (GrpcClientProtocolService.java:sendReply(353)) - 19-OrderedRequestStreamObserver19: sendReply seq=205, RaftClientReply:client-EDB41257C35F->s2@group-5C26748AB2B1, cid=204, SUCCESS, logIndex=303, commits[s2:c346, s0:c72, s1:c217]
2019-09-24 16:16:33,838 DEBUG client.GrpcClientProtocolService (GrpcClientProtocolService.java:sendReply(353)) - 19-OrderedRequestStreamObserver19: sendReply seq=206, RaftClientReply:client-EDB41257C35F->s2@group-5C26748AB2B1, cid=205, SUCCESS, logIndex=304, commits[s2:c346, s0:c72, s1:c217]
2019-09-24 16:16:33,839 DEBUG client.GrpcClientProtocolService (GrpcClientProtocolService.java:sendReply(353)) - 19-OrderedRequestStreamObserver19: sendReply seq=207, RaftClientReply:client-EDB41257C35F->s2@group-5C26748AB2B1, cid=206, SUCCESS, logIndex=305, commits[s2:c346, s0:c72, s1:c217]
2019-09-24 16:16:33,840 DEBUG client.GrpcClientProtocolService (GrpcClientProtocolService.java:sendReply(353)) - 19-OrderedRequestStreamObserver19: sendReply seq=208, RaftClientReply:client-EDB41257C35F->s2@group-5C26748AB2B1, cid=207, SUCCESS, logIndex=306, commits[s2:c346, s0:c72, s1:c217]
2019-09-24 16:16:33,841 DEBUG client.GrpcClientProtocolService (GrpcClientProtocolService.java:sendReply(353)) - 19-OrderedRequestStreamObserver19: sendReply seq=209, RaftClientReply:client-EDB41257C35F->s2@group-5C26748AB2B1, cid=208, SUCCESS, logIndex=307, commits[s2:c346, s0:c72, s1:c217]
2019-09-24 16:16:33,842 DEBUG client.GrpcClientProtocolService (GrpcClientProtocolService.java:sendReply(353)) - 19-OrderedRequestStreamObserver19: sendReply seq=210, RaftClientReply:client-EDB41257C35F->s2@group-5C26748AB2B1, cid=209, SUCCESS, logIndex=308, commits[s2:c346, s0:c72, s1:c217]
2019-09-24 16:16:33,842 DEBUG client.GrpcClientProtocolService (GrpcClientProtocolService.java:sendReply(353)) - 19-OrderedRequestStreamObserver19: sendReply seq=211, RaftClientReply:client-EDB41257C35F->s2@group-5C26748AB2B1, cid=210, SUCCESS, logIndex=309, commits[s2:c346, s0:c72, s1:c217]
2019-09-24 16:16:33,844 DEBUG client.GrpcClientProtocolService (GrpcClientProtocolService.java:sendReply(353)) - 19-OrderedRequestStreamObserver19: sendReply seq=212, RaftClientReply:client-EDB41257C35F->s2@group-5C26748AB2B1, cid=211, SUCCESS, logIndex=310, commits[s2:c346, s0:c72, s1:c217]
2019-09-24 16:16:33,845 DEBUG client.GrpcClientProtocolService (GrpcClientProtocolService.java:sendReply(353)) - 19-OrderedRequestStreamObserver19: sendReply seq=213, RaftClientReply:client-EDB41257C35F->s2@group-5C26748AB2B1, cid=212, SUCCESS, logIndex=311, commits[s2:c346, s0:c72, s1:c217]
2019-09-24 16:16:33,846 DEBUG client.GrpcClientProtocolService (GrpcClientProtocolService.java:sendReply(353)) - 19-OrderedRequestStreamObserver19: sendReply seq=214, RaftClientReply:client-EDB41257C35F->s2@group-5C26748AB2B1, cid=213, SUCCESS, logIndex=312, commits[s2:c346, s0:c72, s1:c217]
2019-09-24 16:16:33,846 DEBUG client.GrpcClientProtocolService (GrpcClientProtocolService.java:sendReply(353)) - 19-OrderedRequestStreamObserver19: sendReply seq=215, RaftClientReply:client-EDB41257C35F->s2@group-5C26748AB2B1, cid=214, SUCCESS, logIndex=313, commits[s2:c346, s0:c72, s1:c217]
2019-09-24 16:16:33,847 DEBUG client.GrpcClientProtocolService (GrpcClientProtocolService.java:sendReply(353)) - 19-OrderedRequestStreamObserver19: sendReply seq=216, RaftClientReply:client-EDB41257C35F->s2@group-5C26748AB2B1, cid=215, SUCCESS, logIndex=314, commits[s2:c346, s0:c72, s1:c217]
2019-09-24 16:16:33,848 DEBUG client.GrpcClientProtocolService (GrpcClientProtocolService.java:sendReply(353)) - 19-OrderedRequestStreamObserver19: sendReply seq=217, RaftClientReply:client-EDB41257C35F->s2@group-5C26748AB2B1, cid=216, SUCCESS, logIndex=315, commits[s2:c346, s0:c72, s1:c217]
2019-09-24 16:16:33,849 DEBUG client.GrpcClientProtocolService (GrpcClientProtocolService.java:sendReply(353)) - 19-OrderedRequestStreamObserver19: sendReply seq=218, RaftClientReply:client-EDB41257C35F->s2@group-5C26748AB2B1, cid=217, SUCCESS, logIndex=316, commits[s2:c346, s0:c72, s1:c217]
2019-09-24 16:16:33,850 DEBUG client.GrpcClientProtocolService (GrpcClientProtocolService.java:sendReply(353)) - 19-OrderedRequestStreamObserver19: sendReply seq=219, RaftClientReply:client-EDB41257C35F->s2@group-5C26748AB2B1, cid=218, SUCCESS, logIndex=317, commits[s2:c346, s0:c72, s1:c217]
2019-09-24 16:16:33,850 DEBUG client.GrpcClientProtocolService (GrpcClientProtocolService.java:sendReply(353)) - 19-OrderedRequestStreamObserver19: sendReply seq=220, RaftClientReply:client-EDB41257C35F->s2@group-5C26748AB2B1, cid=219, SUCCESS, logIndex=318, commits[s2:c346, s0:c72, s1:c217]
2019-09-24 16:16:33,851 DEBUG client.GrpcClientProtocolService (GrpcClientProtocolService.java:sendReply(353)) - 19-OrderedRequestStreamObserver19: sendReply seq=221, RaftClientReply:client-EDB41257C35F->s2@group-5C26748AB2B1, cid=220, SUCCESS, logIndex=319, commits[s2:c346, s0:c72, s1:c217]
2019-09-24 16:16:33,852 DEBUG client.GrpcClientProtocolService (GrpcClientProtocolService.java:sendReply(353)) - 19-OrderedRequestStreamObserver19: sendReply seq=222, RaftClientReply:client-EDB41257C35F->s2@group-5C26748AB2B1, cid=221, SUCCESS, logIndex=320, commits[s2:c346, s0:c72, s1:c217]
2019-09-24 16:16:33,853 DEBUG client.GrpcClientProtocolService (GrpcClientProtocolService.java:sendReply(353)) - 19-OrderedRequestStreamObserver19: sendReply seq=223, RaftClientReply:client-EDB41257C35F->s2@group-5C26748AB2B1, cid=222, SUCCESS, logIndex=321, commits[s2:c346, s0:c72, s1:c217]
2019-09-24 16:16:33,853 DEBUG client.GrpcClientProtocolService (GrpcClientProtocolService.java:sendReply(353)) - 19-OrderedRequestStreamObserver19: sendReply seq=224, RaftClientReply:client-EDB41257C35F->s2@group-5C26748AB2B1, cid=223, SUCCESS, logIndex=322, commits[s2:c346, s0:c72, s1:c217]
2019-09-24 16:16:33,854 DEBUG client.GrpcClientProtocolService (GrpcClientProtocolService.java:sendReply(353)) - 19-OrderedRequestStreamObserver19: sendReply seq=225, RaftClientReply:client-EDB41257C35F->s2@group-5C26748AB2B1, cid=224, SUCCESS, logIndex=323, commits[s2:c346, s0:c72, s1:c217]
2019-09-24 16:16:33,855 DEBUG client.GrpcClientProtocolService (GrpcClientProtocolService.java:sendReply(353)) - 19-OrderedRequestStreamObserver19: sendReply seq=226, RaftClientReply:client-EDB41257C35F->s2@group-5C26748AB2B1, cid=225, SUCCESS, logIndex=324, commits[s2:c346, s0:c72, s1:c217]
2019-09-24 16:16:33,856 DEBUG client.GrpcClientProtocolService (GrpcClientProtocolService.java:sendReply(353)) - 19-OrderedRequestStreamObserver19: sendReply seq=227, RaftClientReply:client-EDB41257C35F->s2@group-5C26748AB2B1, cid=226, SUCCESS, logIndex=325, commits[s2:c346, s0:c72, s1:c217]
2019-09-24 16:16:33,857 DEBUG client.GrpcClientProtocolService (GrpcClientProtocolService.java:sendReply(353)) - 19-OrderedRequestStreamObserver19: sendReply seq=228, RaftClientReply:client-EDB41257C35F->s2@group-5C26748AB2B1, cid=227, SUCCESS, logIndex=326, commits[s2:c346, s0:c72, s1:c217]
2019-09-24 16:16:33,857 DEBUG client.GrpcClientProtocolService (GrpcClientProtocolService.java:sendReply(353)) - 19-OrderedRequestStreamObserver19: sendReply seq=229, RaftClientReply:client-EDB41257C35F->s2@group-5C26748AB2B1, cid=228, SUCCESS, logIndex=327, commits[s2:c346, s0:c72, s1:c217]
2019-09-24 16:16:33,858 DEBUG client.GrpcClientProtocolService (GrpcClientProtocolService.java:sendReply(353)) - 19-OrderedRequestStreamObserver19: sendReply seq=230, RaftClientReply:client-EDB41257C35F->s2@group-5C26748AB2B1, cid=229, SUCCESS, logIndex=328, commits[s2:c346, s0:c72, s1:c217]
2019-09-24 16:16:33,859 DEBUG client.GrpcClientProtocolService (GrpcClientProtocolService.java:sendReply(353)) - 19-OrderedRequestStreamObserver19: sendReply seq=231, RaftClientReply:client-EDB41257C35F->s2@group-5C26748AB2B1, cid=230, SUCCESS, logIndex=329, commits[s2:c346, s0:c72, s1:c217]
2019-09-24 16:16:33,859 DEBUG client.GrpcClientProtocolService (GrpcClientProtocolService.java:sendReply(353)) - 19-OrderedRequestStreamObserver19: sendReply seq=232, RaftClientReply:client-EDB41257C35F->s2@group-5C26748AB2B1, cid=231, SUCCESS, logIndex=330, commits[s2:c346, s0:c72, s1:c217]
2019-09-24 16:16:33,860 DEBUG client.GrpcClientProtocolService (GrpcClientProtocolService.java:sendReply(353)) - 19-OrderedRequestStreamObserver19: sendReply seq=233, RaftClientReply:client-EDB41257C35F->s2@group-5C26748AB2B1, cid=232, SUCCESS, logIndex=331, commits[s2:c346, s0:c72, s1:c217]
2019-09-24 16:16:33,861 DEBUG client.GrpcClientProtocolService (GrpcClientProtocolService.java:sendReply(353)) - 19-OrderedRequestStreamObserver19: sendReply seq=234, RaftClientReply:client-EDB41257C35F->s2@group-5C26748AB2B1, cid=233, SUCCESS, logIndex=332, commits[s2:c346, s0:c72, s1:c217]
2019-09-24 16:16:33,862 DEBUG client.GrpcClientProtocolService (GrpcClientProtocolService.java:sendReply(353)) - 19-OrderedRequestStreamObserver19: sendReply seq=235, RaftClientReply:client-EDB41257C35F->s2@group-5C26748AB2B1, cid=234, SUCCESS, logIndex=333, commits[s2:c346, s0:c72, s1:c217]
2019-09-24 16:16:33,863 DEBUG client.GrpcClientProtocolService (GrpcClientProtocolService.java:sendReply(353)) - 19-OrderedRequestStreamObserver19: sendReply seq=236, RaftClientReply:client-EDB41257C35F->s2@group-5C26748AB2B1, cid=235, SUCCESS, logIndex=334, commits[s2:c346, s0:c72, s1:c217]
2019-09-24 16:16:33,864 DEBUG client.GrpcClientProtocolService (GrpcClientProtocolService.java:sendReply(353)) - 19-OrderedRequestStreamObserver19: sendReply seq=237, RaftClientReply:client-EDB41257C35F->s2@group-5C26748AB2B1, cid=236, SUCCESS, logIndex=335, commits[s2:c346, s0:c72, s1:c217]
2019-09-24 16:16:33,864 WARN  server.GrpcLogAppender (GrpcLogAppender.java:timeoutAppendRequest(200)) - s2@group-5C26748AB2B1->s0-GrpcLogAppender: appendEntries Timeout, request=s2->s0#333-t3, previous=(t:3, i:367), leaderCommit=217, initializing? false, entries: <empty>
2019-09-24 16:16:33,865 DEBUG client.GrpcClientProtocolService (GrpcClientProtocolService.java:sendReply(353)) - 19-OrderedRequestStreamObserver19: sendReply seq=238, RaftClientReply:client-EDB41257C35F->s2@group-5C26748AB2B1, cid=237, SUCCESS, logIndex=336, commits[s2:c346, s0:c72, s1:c217]
2019-09-24 16:16:33,866 DEBUG client.GrpcClientProtocolService (GrpcClientProtocolService.java:sendReply(353)) - 19-OrderedRequestStreamObserver19: sendReply seq=239, RaftClientReply:client-EDB41257C35F->s2@group-5C26748AB2B1, cid=238, SUCCESS, logIndex=337, commits[s2:c346, s0:c72, s1:c217]
2019-09-24 16:16:33,866 DEBUG client.GrpcClientProtocolService (GrpcClientProtocolService.java:sendReply(353)) - 19-OrderedRequestStreamObserver19: sendReply seq=240, RaftClientReply:client-EDB41257C35F->s2@group-5C26748AB2B1, cid=239, SUCCESS, logIndex=338, commits[s2:c346, s0:c72, s1:c217]
2019-09-24 16:16:33,867 DEBUG client.GrpcClientProtocolService (GrpcClientProtocolService.java:sendReply(353)) - 19-OrderedRequestStreamObserver19: sendReply seq=241, RaftClientReply:client-EDB41257C35F->s2@group-5C26748AB2B1, cid=240, SUCCESS, logIndex=339, commits[s2:c346, s0:c72, s1:c217]
2019-09-24 16:16:33,868 DEBUG client.GrpcClientProtocolService (GrpcClientProtocolService.java:sendReply(353)) - 19-OrderedRequestStreamObserver19: sendReply seq=242, RaftClientReply:client-EDB41257C35F->s2@group-5C26748AB2B1, cid=241, SUCCESS, logIndex=340, commits[s2:c346, s0:c72, s1:c217]
2019-09-24 16:16:33,868 DEBUG client.GrpcClientProtocolService (GrpcClientProtocolService.java:sendReply(353)) - 19-OrderedRequestStreamObserver19: sendReply seq=243, RaftClientReply:client-EDB41257C35F->s2@group-5C26748AB2B1, cid=242, SUCCESS, logIndex=341, commits[s2:c346, s0:c72, s1:c217]
2019-09-24 16:16:33,869 DEBUG client.GrpcClientProtocolService (GrpcClientProtocolService.java:sendReply(353)) - 19-OrderedRequestStreamObserver19: sendReply seq=244, RaftClientReply:client-EDB41257C35F->s2@group-5C26748AB2B1, cid=243, SUCCESS, logIndex=342, commits[s2:c346, s0:c72, s1:c217]
2019-09-24 16:16:33,870 DEBUG client.GrpcClientProtocolService (GrpcClientProtocolService.java:sendReply(353)) - 19-OrderedRequestStreamObserver19: sendReply seq=245, RaftClientReply:client-EDB41257C35F->s2@group-5C26748AB2B1, cid=244, SUCCESS, logIndex=343, commits[s2:c346, s0:c72, s1:c217]
2019-09-24 16:16:33,871 DEBUG client.GrpcClientProtocolService (GrpcClientProtocolService.java:sendReply(353)) - 19-OrderedRequestStreamObserver19: sendReply seq=246, RaftClientReply:client-EDB41257C35F->s2@group-5C26748AB2B1, cid=245, SUCCESS, logIndex=344, commits[s2:c346, s0:c72, s1:c217]
2019-09-24 16:16:33,872 DEBUG client.GrpcClientProtocolService (GrpcClientProtocolService.java:sendReply(353)) - 19-OrderedRequestStreamObserver19: sendReply seq=247, RaftClientReply:client-EDB41257C35F->s2@group-5C26748AB2B1, cid=246, SUCCESS, logIndex=345, commits[s2:c346, s0:c72, s1:c217]
2019-09-24 16:16:33,872 DEBUG client.GrpcClientProtocolService (GrpcClientProtocolService.java:sendReply(353)) - 19-OrderedRequestStreamObserver19: sendReply seq=248, RaftClientReply:client-EDB41257C35F->s2@group-5C26748AB2B1, cid=247, SUCCESS, logIndex=346, commits[s2:c346, s0:c72, s1:c217]
2019-09-24 16:16:33,939 WARN  server.GrpcLogAppender (GrpcLogAppender.java:timeoutAppendRequest(200)) - s2@group-5C26748AB2B1->s0-GrpcLogAppender: appendEntries Timeout, request=s2->s0#334-t3, previous=(t:3, i:367), leaderCommit=217, initializing? false, entries: <empty>
2019-09-24 16:16:34,015 WARN  server.GrpcLogAppender (GrpcLogAppender.java:timeoutAppendRequest(200)) - s2@group-5C26748AB2B1->s0-GrpcLogAppender: appendEntries Timeout, request=s2->s0#335-t3, previous=(t:3, i:367), leaderCommit=217, initializing? false, entries: <empty>
2019-09-24 16:16:34,090 WARN  server.GrpcLogAppender (GrpcLogAppender.java:timeoutAppendRequest(200)) - s2@group-5C26748AB2B1->s0-GrpcLogAppender: appendEntries Timeout, request=s2->s0#336-t3, previous=(t:3, i:367), leaderCommit=217, initializing? false, entries: <empty>
2019-09-24 16:16:34,165 WARN  server.GrpcLogAppender (GrpcLogAppender.java:timeoutAppendRequest(200)) - s2@group-5C26748AB2B1->s0-GrpcLogAppender: appendEntries Timeout, request=s2->s0#337-t3, previous=(t:3, i:367), leaderCommit=217, initializing? false, entries: <empty>
2019-09-24 16:16:34,240 WARN  server.GrpcLogAppender (GrpcLogAppender.java:timeoutAppendRequest(200)) - s2@group-5C26748AB2B1->s0-GrpcLogAppender: appendEntries Timeout, request=s2->s0#338-t3, previous=(t:3, i:367), leaderCommit=217, initializing? false, entries: <empty>
2019-09-24 16:16:34,315 WARN  server.GrpcLogAppender (GrpcLogAppender.java:timeoutAppendRequest(200)) - s2@group-5C26748AB2B1->s0-GrpcLogAppender: appendEntries Timeout, request=s2->s0#339-t3, previous=(t:3, i:367), leaderCommit=217, initializing? false, entries: <empty>
2019-09-24 16:16:34,391 WARN  server.GrpcLogAppender (GrpcLogAppender.java:timeoutAppendRequest(200)) - s2@group-5C26748AB2B1->s0-GrpcLogAppender: appendEntries Timeout, request=s2->s0#340-t3, previous=(t:3, i:367), leaderCommit=217, initializing? false, entries: <empty>
2019-09-24 16:16:34,466 WARN  server.GrpcLogAppender (GrpcLogAppender.java:timeoutAppendRequest(200)) - s2@group-5C26748AB2B1->s0-GrpcLogAppender: appendEntries Timeout, request=s2->s0#341-t3, previous=(t:3, i:367), leaderCommit=217, initializing? false, entries: <empty>
2019-09-24 16:16:34,541 WARN  server.GrpcLogAppender (GrpcLogAppender.java:timeoutAppendRequest(200)) - s2@group-5C26748AB2B1->s0-GrpcLogAppender: appendEntries Timeout, request=s2->s0#342-t3, previous=(t:3, i:367), leaderCommit=217, initializing? false, entries: <empty>
2019-09-24 16:16:34,616 WARN  server.GrpcLogAppender (GrpcLogAppender.java:timeoutAppendRequest(200)) - s2@group-5C26748AB2B1->s0-GrpcLogAppender: appendEntries Timeout, request=s2->s0#343-t3, previous=(t:3, i:367), leaderCommit=217, initializing? false, entries: <empty>
2019-09-24 16:16:34,692 WARN  server.GrpcLogAppender (GrpcLogAppender.java:timeoutAppendRequest(200)) - s2@group-5C26748AB2B1->s0-GrpcLogAppender: appendEntries Timeout, request=s2->s0#344-t3, previous=(t:3, i:367), leaderCommit=217, initializing? false, entries: <empty>
2019-09-24 16:16:34,767 WARN  server.GrpcLogAppender (GrpcLogAppender.java:timeoutAppendRequest(200)) - s2@group-5C26748AB2B1->s0-GrpcLogAppender: appendEntries Timeout, request=s2->s0#345-t3, previous=(t:3, i:367), leaderCommit=217, initializing? false, entries: <empty>
2019-09-24 16:16:34,818 WARN  server.GrpcLogAppender (GrpcLogAppender.java:onNextImpl(251)) - s2@group-5C26748AB2B1->s0-AppendLogResponseHandler: Request not found, ignoring reply: s2<-s0#275:OK,SUCCESS,nextIndex:368,term:3,followerCommit:345
2019-09-24 16:16:34,818 DEBUG client.GrpcClientProtocolService (GrpcClientProtocolService.java:sendReply(353)) - 19-OrderedRequestStreamObserver19: sendReply seq=249, RaftClientReply:client-EDB41257C35F->s2@group-5C26748AB2B1, cid=248, SUCCESS, logIndex=347, commits[s2:c367, s0:c72, s1:c217]
2019-09-24 16:16:34,819 WARN  server.GrpcLogAppender (GrpcLogAppender.java:onNextImpl(251)) - s2@group-5C26748AB2B1->s0-AppendLogResponseHandler: Request not found, ignoring reply: s2<-s0#276:OK,SUCCESS,nextIndex:368,term:3,followerCommit:103
2019-09-24 16:16:34,819 WARN  server.GrpcLogAppender (GrpcLogAppender.java:onNextImpl(251)) - s2@group-5C26748AB2B1->s0-AppendLogResponseHandler: Request not found, ignoring reply: s2<-s0#277:OK,SUCCESS,nextIndex:368,term:3,followerCommit:103
2019-09-24 16:16:34,820 WARN  server.GrpcLogAppender (GrpcLogAppender.java:onNextImpl(251)) - s2@group-5C26748AB2B1->s0-AppendLogResponseHandler: Request not found, ignoring reply: s2<-s0#278:OK,SUCCESS,nextIndex:368,term:3,followerCommit:103
2019-09-24 16:16:34,826 DEBUG client.GrpcClientProtocolService (GrpcClientProtocolService.java:sendReply(353)) - 19-OrderedRequestStreamObserver19: sendReply seq=250, RaftClientReply:client-EDB41257C35F->s2@group-5C26748AB2B1, cid=249, SUCCESS, logIndex=348, commits[s2:c367, s0:c72, s1:c217]
2019-09-24 16:16:34,829 WARN  server.GrpcLogAppender (GrpcLogAppender.java:onNextImpl(251)) - s2@group-5C26748AB2B1->s0-AppendLogResponseHandler: Request not found, ignoring reply: s2<-s0#279:OK,SUCCESS,nextIndex:368,term:3,followerCommit:103
2019-09-24 16:16:34,829 WARN  server.GrpcLogAppender (GrpcLogAppender.java:onNextImpl(251)) - s2@group-5C26748AB2B1->s0-AppendLogResponseHandler: Request not found, ignoring reply: s2<-s0#280:OK,SUCCESS,nextIndex:368,term:3,followerCommit:103
2019-09-24 16:16:34,830 WARN  server.GrpcLogAppender (GrpcLogAppender.java:onNextImpl(251)) - s2@group-5C26748AB2B1->s0-AppendLogResponseHandler: Request not found, ignoring reply: s2<-s0#281:OK,SUCCESS,nextIndex:368,term:3,followerCommit:103
2019-09-24 16:16:34,830 DEBUG client.GrpcClientProtocolService (GrpcClientProtocolService.java:sendReply(353)) - 19-OrderedRequestStreamObserver19: sendReply seq=251, RaftClientReply:client-EDB41257C35F->s2@group-5C26748AB2B1, cid=250, SUCCESS, logIndex=349, commits[s2:c367, s0:c72, s1:c346]
2019-09-24 16:16:34,830 WARN  server.GrpcLogAppender (GrpcLogAppender.java:onNextImpl(251)) - s2@group-5C26748AB2B1->s0-AppendLogResponseHandler: Request not found, ignoring reply: s2<-s0#282:OK,SUCCESS,nextIndex:368,term:3,followerCommit:103
2019-09-24 16:16:34,831 WARN  server.GrpcLogAppender (GrpcLogAppender.java:onNextImpl(251)) - s2@group-5C26748AB2B1->s0-AppendLogResponseHandler: Request not found, ignoring reply: s2<-s0#283:OK,SUCCESS,nextIndex:368,term:3,followerCommit:103
2019-09-24 16:16:34,832 WARN  server.GrpcLogAppender (GrpcLogAppender.java:onNextImpl(251)) - s2@group-5C26748AB2B1->s0-AppendLogResponseHandler: Request not found, ignoring reply: s2<-s0#284:OK,SUCCESS,nextIndex:368,term:3,followerCommit:103
2019-09-24 16:16:34,832 WARN  server.GrpcLogAppender (GrpcLogAppender.java:onNextImpl(251)) - s2@group-5C26748AB2B1->s0-AppendLogResponseHandler: Request not found, ignoring reply: s2<-s0#285:OK,SUCCESS,nextIndex:368,term:3,followerCommit:103
2019-09-24 16:16:34,832 DEBUG client.GrpcClientProtocolService (GrpcClientProtocolService.java:sendReply(353)) - 19-OrderedRequestStreamObserver19: sendReply seq=252, RaftClientReply:client-EDB41257C35F->s2@group-5C26748AB2B1, cid=251, SUCCESS, logIndex=350, commits[s2:c367, s0:c72, s1:c346]
2019-09-24 16:16:34,832 WARN  server.GrpcLogAppender (GrpcLogAppender.java:onNextImpl(251)) - s2@group-5C26748AB2B1->s0-AppendLogResponseHandler: Request not found, ignoring reply: s2<-s0#286:OK,SUCCESS,nextIndex:368,term:3,followerCommit:103
2019-09-24 16:16:34,833 WARN  server.GrpcLogAppender (GrpcLogAppender.java:onNextImpl(251)) - s2@group-5C26748AB2B1->s0-AppendLogResponseHandler: Request not found, ignoring reply: s2<-s0#287:OK,SUCCESS,nextIndex:368,term:3,followerCommit:103
2019-09-24 16:16:34,833 WARN  server.GrpcLogAppender (GrpcLogAppender.java:onNextImpl(251)) - s2@group-5C26748AB2B1->s0-AppendLogResponseHandler: Request not found, ignoring reply: s2<-s0#288:OK,SUCCESS,nextIndex:368,term:3,followerCommit:103
2019-09-24 16:16:34,833 WARN  server.GrpcLogAppender (GrpcLogAppender.java:onNextImpl(251)) - s2@group-5C26748AB2B1->s0-AppendLogResponseHandler: Request not found, ignoring reply: s2<-s0#289:OK,SUCCESS,nextIndex:368,term:3,followerCommit:103
2019-09-24 16:16:34,833 WARN  server.GrpcLogAppender (GrpcLogAppender.java:onNextImpl(251)) - s2@group-5C26748AB2B1->s0-AppendLogResponseHandler: Request not found, ignoring reply: s2<-s0#290:OK,SUCCESS,nextIndex:368,term:3,followerCommit:103
2019-09-24 16:16:34,833 DEBUG client.GrpcClientProtocolService (GrpcClientProtocolService.java:sendReply(353)) - 19-OrderedRequestStreamObserver19: sendReply seq=253, RaftClientReply:client-EDB41257C35F->s2@group-5C26748AB2B1, cid=252, SUCCESS, logIndex=351, commits[s2:c367, s0:c72, s1:c346]
2019-09-24 16:16:34,833 WARN  server.GrpcLogAppender (GrpcLogAppender.java:onNextImpl(251)) - s2@group-5C26748AB2B1->s0-AppendLogResponseHandler: Request not found, ignoring reply: s2<-s0#291:OK,SUCCESS,nextIndex:368,term:3,followerCommit:103
2019-09-24 16:16:34,834 WARN  server.GrpcLogAppender (GrpcLogAppender.java:onNextImpl(251)) - s2@group-5C26748AB2B1->s0-AppendLogResponseHandler: Request not found, ignoring reply: s2<-s0#292:OK,SUCCESS,nextIndex:368,term:3,followerCommit:103
2019-09-24 16:16:34,834 DEBUG client.GrpcClientProtocolService (GrpcClientProtocolService.java:sendReply(353)) - 19-OrderedRequestStreamObserver19: sendReply seq=254, RaftClientReply:client-EDB41257C35F->s2@group-5C26748AB2B1, cid=253, SUCCESS, logIndex=352, commits[s2:c367, s0:c72, s1:c346]
2019-09-24 16:16:34,834 WARN  server.GrpcLogAppender (GrpcLogAppender.java:onNextImpl(251)) - s2@group-5C26748AB2B1->s0-AppendLogResponseHandler: Request not found, ignoring reply: s2<-s0#293:OK,SUCCESS,nextIndex:368,term:3,followerCommit:103
2019-09-24 16:16:34,834 WARN  server.GrpcLogAppender (GrpcLogAppender.java:onNextImpl(251)) - s2@group-5C26748AB2B1->s0-AppendLogResponseHandler: Request not found, ignoring reply: s2<-s0#294:OK,SUCCESS,nextIndex:368,term:3,followerCommit:103
2019-09-24 16:16:34,834 DEBUG client.GrpcClientProtocolService (GrpcClientProtocolService.java:sendReply(353)) - 19-OrderedRequestStreamObserver19: sendReply seq=255, RaftClientReply:client-EDB41257C35F->s2@group-5C26748AB2B1, cid=254, SUCCESS, logIndex=353, commits[s2:c368, s0:c72, s1:c346]
2019-09-24 16:16:34,835 WARN  server.GrpcLogAppender (GrpcLogAppender.java:onNextImpl(251)) - s2@group-5C26748AB2B1->s0-AppendLogResponseHandler: Request not found, ignoring reply: s2<-s0#295:OK,SUCCESS,nextIndex:368,term:3,followerCommit:103
2019-09-24 16:16:34,835 WARN  server.GrpcLogAppender (GrpcLogAppender.java:onNextImpl(251)) - s2@group-5C26748AB2B1->s0-AppendLogResponseHandler: Request not found, ignoring reply: s2<-s0#296:OK,SUCCESS,nextIndex:368,term:3,followerCommit:103
2019-09-24 16:16:34,835 WARN  server.GrpcLogAppender (GrpcLogAppender.java:onNextImpl(251)) - s2@group-5C26748AB2B1->s0-AppendLogResponseHandler: Request not found, ignoring reply: s2<-s0#297:OK,SUCCESS,nextIndex:368,term:3,followerCommit:103
2019-09-24 16:16:34,836 WARN  server.GrpcLogAppender (GrpcLogAppender.java:onNextImpl(251)) - s2@group-5C26748AB2B1->s0-AppendLogResponseHandler: Request not found, ignoring reply: s2<-s0#298:OK,SUCCESS,nextIndex:368,term:3,followerCommit:103
2019-09-24 16:16:34,836 WARN  server.GrpcLogAppender (GrpcLogAppender.java:onNextImpl(251)) - s2@group-5C26748AB2B1->s0-AppendLogResponseHandler: Request not found, ignoring reply: s2<-s0#299:OK,SUCCESS,nextIndex:368,term:3,followerCommit:103
2019-09-24 16:16:34,836 WARN  server.GrpcLogAppender (GrpcLogAppender.java:onNextImpl(251)) - s2@group-5C26748AB2B1->s0-AppendLogResponseHandler: Request not found, ignoring reply: s2<-s0#300:OK,SUCCESS,nextIndex:368,term:3,followerCommit:103
2019-09-24 16:16:34,836 WARN  server.GrpcLogAppender (GrpcLogAppender.java:onNextImpl(251)) - s2@group-5C26748AB2B1->s0-AppendLogResponseHandler: Request not found, ignoring reply: s2<-s0#301:OK,SUCCESS,nextIndex:368,term:3,followerCommit:103
2019-09-24 16:16:34,837 WARN  server.GrpcLogAppender (GrpcLogAppender.java:onNextImpl(251)) - s2@group-5C26748AB2B1->s0-AppendLogResponseHandler: Request not found, ignoring reply: s2<-s0#302:OK,SUCCESS,nextIndex:368,term:3,followerCommit:103
2019-09-24 16:16:34,837 WARN  server.GrpcLogAppender (GrpcLogAppender.java:onNextImpl(251)) - s2@group-5C26748AB2B1->s0-AppendLogResponseHandler: Request not found, ignoring reply: s2<-s0#303:OK,SUCCESS,nextIndex:368,term:3,followerCommit:103
2019-09-24 16:16:34,837 DEBUG client.GrpcClientProtocolService (GrpcClientProtocolService.java:sendReply(353)) - 19-OrderedRequestStreamObserver19: sendReply seq=256, RaftClientReply:client-EDB41257C35F->s2@group-5C26748AB2B1, cid=255, SUCCESS, logIndex=354, commits[s2:c369, s0:c72, s1:c346]
2019-09-24 16:16:34,837 WARN  server.GrpcLogAppender (GrpcLogAppender.java:onNextImpl(251)) - s2@group-5C26748AB2B1->s0-AppendLogResponseHandler: Request not found, ignoring reply: s2<-s0#304:OK,SUCCESS,nextIndex:368,term:3,followerCommit:103
2019-09-24 16:16:34,838 WARN  server.GrpcLogAppender (GrpcLogAppender.java:onNextImpl(251)) - s2@group-5C26748AB2B1->s0-AppendLogResponseHandler: Request not found, ignoring reply: s2<-s0#305:OK,SUCCESS,nextIndex:368,term:3,followerCommit:103
2019-09-24 16:16:34,838 WARN  server.GrpcLogAppender (GrpcLogAppender.java:onNextImpl(251)) - s2@group-5C26748AB2B1->s0-AppendLogResponseHandler: Request not found, ignoring reply: s2<-s0#306:OK,SUCCESS,nextIndex:368,term:3,followerCommit:103
2019-09-24 16:16:34,838 WARN  server.GrpcLogAppender (GrpcLogAppender.java:onNextImpl(251)) - s2@group-5C26748AB2B1->s0-AppendLogResponseHandler: Request not found, ignoring reply: s2<-s0#307:OK,SUCCESS,nextIndex:368,term:3,followerCommit:103
2019-09-24 16:16:34,839 WARN  server.GrpcLogAppender (GrpcLogAppender.java:onNextImpl(251)) - s2@group-5C26748AB2B1->s0-AppendLogResponseHandler: Request not found, ignoring reply: s2<-s0#308:OK,SUCCESS,nextIndex:368,term:3,followerCommit:103
2019-09-24 16:16:34,839 WARN  server.GrpcLogAppender (GrpcLogAppender.java:onNextImpl(251)) - s2@group-5C26748AB2B1->s0-AppendLogResponseHandler: Request not found, ignoring reply: s2<-s0#309:OK,SUCCESS,nextIndex:368,term:3,followerCommit:103
2019-09-24 16:16:34,839 WARN  server.GrpcLogAppender (GrpcLogAppender.java:onNextImpl(251)) - s2@group-5C26748AB2B1->s0-AppendLogResponseHandler: Request not found, ignoring reply: s2<-s0#310:OK,SUCCESS,nextIndex:368,term:3,followerCommit:103
2019-09-24 16:16:34,839 WARN  server.GrpcLogAppender (GrpcLogAppender.java:onNextImpl(251)) - s2@group-5C26748AB2B1->s0-AppendLogResponseHandler: Request not found, ignoring reply: s2<-s0#311:OK,SUCCESS,nextIndex:368,term:3,followerCommit:103
2019-09-24 16:16:34,840 WARN  server.GrpcLogAppender (GrpcLogAppender.java:onNextImpl(251)) - s2@group-5C26748AB2B1->s0-AppendLogResponseHandler: Request not found, ignoring reply: s2<-s0#312:OK,SUCCESS,nextIndex:368,term:3,followerCommit:217
2019-09-24 16:16:34,840 WARN  server.GrpcLogAppender (GrpcLogAppender.java:onNextImpl(251)) - s2@group-5C26748AB2B1->s0-AppendLogResponseHandler: Request not found, ignoring reply: s2<-s0#313:OK,SUCCESS,nextIndex:368,term:3,followerCommit:217
2019-09-24 16:16:34,840 DEBUG client.GrpcClientProtocolService (GrpcClientProtocolService.java:sendReply(353)) - 19-OrderedRequestStreamObserver19: sendReply seq=257, RaftClientReply:client-EDB41257C35F->s2@group-5C26748AB2B1, cid=256, SUCCESS, logIndex=355, commits[s2:c369, s0:c72, s1:c346]
2019-09-24 16:16:34,840 WARN  server.GrpcLogAppender (GrpcLogAppender.java:onNextImpl(251)) - s2@group-5C26748AB2B1->s0-AppendLogResponseHandler: Request not found, ignoring reply: s2<-s0#314:OK,SUCCESS,nextIndex:368,term:3,followerCommit:217
2019-09-24 16:16:34,841 WARN  server.GrpcLogAppender (GrpcLogAppender.java:onNextImpl(251)) - s2@group-5C26748AB2B1->s0-AppendLogResponseHandler: Request not found, ignoring reply: s2<-s0#315:OK,SUCCESS,nextIndex:368,term:3,followerCommit:217
2019-09-24 16:16:34,841 WARN  server.GrpcLogAppender (GrpcLogAppender.java:onNextImpl(251)) - s2@group-5C26748AB2B1->s0-AppendLogResponseHandler: Request not found, ignoring reply: s2<-s0#316:OK,SUCCESS,nextIndex:368,term:3,followerCommit:217
2019-09-24 16:16:34,841 WARN  server.GrpcLogAppender (GrpcLogAppender.java:onNextImpl(251)) - s2@group-5C26748AB2B1->s0-AppendLogResponseHandler: Request not found, ignoring reply: s2<-s0#317:OK,SUCCESS,nextIndex:368,term:3,followerCommit:217
2019-09-24 16:16:34,841 WARN  server.GrpcLogAppender (GrpcLogAppender.java:onNextImpl(251)) - s2@group-5C26748AB2B1->s0-AppendLogResponseHandler: Request not found, ignoring reply: s2<-s0#318:OK,SUCCESS,nextIndex:368,term:3,followerCommit:217
2019-09-24 16:16:34,842 WARN  server.GrpcLogAppender (GrpcLogAppender.java:onNextImpl(251)) - s2@group-5C26748AB2B1->s0-AppendLogResponseHandler: Request not found, ignoring reply: s2<-s0#319:OK,SUCCESS,nextIndex:368,term:3,followerCommit:217
2019-09-24 16:16:34,842 WARN  server.GrpcLogAppender (GrpcLogAppender.java:onNextImpl(251)) - s2@group-5C26748AB2B1->s0-AppendLogResponseHandler: Request not found, ignoring reply: s2<-s0#320:OK,SUCCESS,nextIndex:368,term:3,followerCommit:217
2019-09-24 16:16:34,842 DEBUG client.GrpcClientProtocolService (GrpcClientProtocolService.java:sendReply(353)) - 19-OrderedRequestStreamObserver19: sendReply seq=258, RaftClientReply:client-EDB41257C35F->s2@group-5C26748AB2B1, cid=257, SUCCESS, logIndex=356, commits[s2:c373, s0:c72, s1:c346]
2019-09-24 16:16:34,842 WARN  server.GrpcLogAppender (GrpcLogAppender.java:onNextImpl(251)) - s2@group-5C26748AB2B1->s0-AppendLogResponseHandler: Request not found, ignoring reply: s2<-s0#321:OK,SUCCESS,nextIndex:368,term:3,followerCommit:217
2019-09-24 16:16:34,842 WARN  server.GrpcLogAppender (GrpcLogAppender.java:timeoutAppendRequest(200)) - s2@group-5C26748AB2B1->s0-GrpcLogAppender: appendEntries Timeout, request=s2->s0#346-t3, previous=(t:3, i:367), leaderCommit=217, initializing? false, entries: <empty>
2019-09-24 16:16:34,842 WARN  server.GrpcLogAppender (GrpcLogAppender.java:onNextImpl(251)) - s2@group-5C26748AB2B1->s0-AppendLogResponseHandler: Request not found, ignoring reply: s2<-s0#322:OK,SUCCESS,nextIndex:368,term:3,followerCommit:217
2019-09-24 16:16:34,843 WARN  server.GrpcLogAppender (GrpcLogAppender.java:onNextImpl(251)) - s2@group-5C26748AB2B1->s0-AppendLogResponseHandler: Request not found, ignoring reply: s2<-s0#323:OK,SUCCESS,nextIndex:368,term:3,followerCommit:217
2019-09-24 16:16:34,843 DEBUG client.GrpcClientProtocolService (GrpcClientProtocolService.java:sendReply(353)) - 19-OrderedRequestStreamObserver19: sendReply seq=259, RaftClientReply:client-EDB41257C35F->s2@group-5C26748AB2B1, cid=258, SUCCESS, logIndex=357, commits[s2:c373, s0:c72, s1:c346]
2019-09-24 16:16:34,843 WARN  server.GrpcLogAppender (GrpcLogAppender.java:onNextImpl(251)) - s2@group-5C26748AB2B1->s0-AppendLogResponseHandler: Request not found, ignoring reply: s2<-s0#324:OK,SUCCESS,nextIndex:368,term:3,followerCommit:217
2019-09-24 16:16:34,843 DEBUG client.GrpcClientProtocolService (GrpcClientProtocolService.java:sendReply(353)) - 19-OrderedRequestStreamObserver19: sendReply seq=260, RaftClientReply:client-EDB41257C35F->s2@group-5C26748AB2B1, cid=259, SUCCESS, logIndex=358, commits[s2:c375, s0:c72, s1:c346]
2019-09-24 16:16:34,844 WARN  server.GrpcLogAppender (GrpcLogAppender.java:onNextImpl(251)) - s2@group-5C26748AB2B1->s0-AppendLogResponseHandler: Request not found, ignoring reply: s2<-s0#325:OK,SUCCESS,nextIndex:368,term:3,followerCommit:217
2019-09-24 16:16:34,844 WARN  server.GrpcLogAppender (GrpcLogAppender.java:onNextImpl(251)) - s2@group-5C26748AB2B1->s0-AppendLogResponseHandler: Request not found, ignoring reply: s2<-s0#326:OK,SUCCESS,nextIndex:368,term:3,followerCommit:217
2019-09-24 16:16:34,845 WARN  server.GrpcLogAppender (GrpcLogAppender.java:onNextImpl(251)) - s2@group-5C26748AB2B1->s0-AppendLogResponseHandler: Request not found, ignoring reply: s2<-s0#327:OK,SUCCESS,nextIndex:368,term:3,followerCommit:217
2019-09-24 16:16:34,845 DEBUG client.GrpcClientProtocolService (GrpcClientProtocolService.java:sendReply(353)) - 19-OrderedRequestStreamObserver19: sendReply seq=261, RaftClientReply:client-EDB41257C35F->s2@group-5C26748AB2B1, cid=260, SUCCESS, logIndex=359, commits[s2:c375, s0:c72, s1:c346]
2019-09-24 16:16:34,845 WARN  server.GrpcLogAppender (GrpcLogAppender.java:onNextImpl(251)) - s2@group-5C26748AB2B1->s0-AppendLogResponseHandler: Request not found, ignoring reply: s2<-s0#328:OK,SUCCESS,nextIndex:368,term:3,followerCommit:217
2019-09-24 16:16:34,845 WARN  server.GrpcLogAppender (GrpcLogAppender.java:onNextImpl(251)) - s2@group-5C26748AB2B1->s0-AppendLogResponseHandler: Request not found, ignoring reply: s2<-s0#329:OK,SUCCESS,nextIndex:368,term:3,followerCommit:217
2019-09-24 16:16:34,846 WARN  server.GrpcLogAppender (GrpcLogAppender.java:onNextImpl(251)) - s2@group-5C26748AB2B1->s0-AppendLogResponseHandler: Request not found, ignoring reply: s2<-s0#330:OK,SUCCESS,nextIndex:368,term:3,followerCommit:217
2019-09-24 16:16:34,846 WARN  server.GrpcLogAppender (GrpcLogAppender.java:onNextImpl(251)) - s2@group-5C26748AB2B1->s0-AppendLogResponseHandler: Request not found, ignoring reply: s2<-s0#331:OK,SUCCESS,nextIndex:368,term:3,followerCommit:217
2019-09-24 16:16:34,846 DEBUG client.GrpcClientProtocolService (GrpcClientProtocolService.java:sendReply(353)) - 19-OrderedRequestStreamObserver19: sendReply seq=262, RaftClientReply:client-EDB41257C35F->s2@group-5C26748AB2B1, cid=261, SUCCESS, logIndex=360, commits[s2:c375, s0:c72, s1:c346]
2019-09-24 16:16:34,846 WARN  server.GrpcLogAppender (GrpcLogAppender.java:onNextImpl(251)) - s2@group-5C26748AB2B1->s0-AppendLogResponseHandler: Request not found, ignoring reply: s2<-s0#332:OK,SUCCESS,nextIndex:368,term:3,followerCommit:217
2019-09-24 16:16:34,847 DEBUG client.GrpcClientProtocolService (GrpcClientProtocolService.java:sendReply(353)) - 19-OrderedRequestStreamObserver19: sendReply seq=263, RaftClientReply:client-EDB41257C35F->s2@group-5C26748AB2B1, cid=262, SUCCESS, logIndex=361, commits[s2:c382, s0:c72, s1:c346]
2019-09-24 16:16:34,847 WARN  server.GrpcLogAppender (GrpcLogAppender.java:onNextImpl(251)) - s2@group-5C26748AB2B1->s0-AppendLogResponseHandler: Request not found, ignoring reply: s2<-s0#333:OK,SUCCESS,nextIndex:368,term:3,followerCommit:217
2019-09-24 16:16:34,847 DEBUG client.GrpcClientProtocolService (GrpcClientProtocolService.java:sendReply(353)) - 19-OrderedRequestStreamObserver19: sendReply seq=264, RaftClientReply:client-EDB41257C35F->s2@group-5C26748AB2B1, cid=263, SUCCESS, logIndex=362, commits[s2:c384, s0:c72, s1:c346]
2019-09-24 16:16:34,847 WARN  server.GrpcLogAppender (GrpcLogAppender.java:onNextImpl(251)) - s2@group-5C26748AB2B1->s0-AppendLogResponseHandler: Request not found, ignoring reply: s2<-s0#334:OK,SUCCESS,nextIndex:368,term:3,followerCommit:217
2019-09-24 16:16:34,848 WARN  server.GrpcLogAppender (GrpcLogAppender.java:onNextImpl(251)) - s2@group-5C26748AB2B1->s0-AppendLogResponseHandler: Request not found, ignoring reply: s2<-s0#335:OK,SUCCESS,nextIndex:368,term:3,followerCommit:217
2019-09-24 16:16:34,848 DEBUG client.GrpcClientProtocolService (GrpcClientProtocolService.java:sendReply(353)) - 19-OrderedRequestStreamObserver19: sendReply seq=265, RaftClientReply:client-EDB41257C35F->s2@group-5C26748AB2B1, cid=264, SUCCESS, logIndex=363, commits[s2:c388, s0:c72, s1:c346]
2019-09-24 16:16:34,848 WARN  server.GrpcLogAppender (GrpcLogAppender.java:onNextImpl(251)) - s2@group-5C26748AB2B1->s0-AppendLogResponseHandler: Request not found, ignoring reply: s2<-s0#336:OK,SUCCESS,nextIndex:368,term:3,followerCommit:217
2019-09-24 16:16:34,849 WARN  server.GrpcLogAppender (GrpcLogAppender.java:onNextImpl(251)) - s2@group-5C26748AB2B1->s0-AppendLogResponseHandler: Request not found, ignoring reply: s2<-s0#337:OK,SUCCESS,nextIndex:368,term:3,followerCommit:217
2019-09-24 16:16:34,849 WARN  server.GrpcLogAppender (GrpcLogAppender.java:onNextImpl(251)) - s2@group-5C26748AB2B1->s0-AppendLogResponseHandler: Request not found, ignoring reply: s2<-s0#338:OK,SUCCESS,nextIndex:368,term:3,followerCommit:217
2019-09-24 16:16:34,849 WARN  server.GrpcLogAppender (GrpcLogAppender.java:onNextImpl(251)) - s2@group-5C26748AB2B1->s0-AppendLogResponseHandler: Request not found, ignoring reply: s2<-s0#339:OK,SUCCESS,nextIndex:368,term:3,followerCommit:217
2019-09-24 16:16:34,849 WARN  server.GrpcLogAppender (GrpcLogAppender.java:onNextImpl(251)) - s2@group-5C26748AB2B1->s0-AppendLogResponseHandler: Request not found, ignoring reply: s2<-s0#340:OK,SUCCESS,nextIndex:368,term:3,followerCommit:217
2019-09-24 16:16:34,850 WARN  server.GrpcLogAppender (GrpcLogAppender.java:onNextImpl(251)) - s2@group-5C26748AB2B1->s0-AppendLogResponseHandler: Request not found, ignoring reply: s2<-s0#341:OK,SUCCESS,nextIndex:368,term:3,followerCommit:217
2019-09-24 16:16:34,850 WARN  server.GrpcLogAppender (GrpcLogAppender.java:onNextImpl(251)) - s2@group-5C26748AB2B1->s0-AppendLogResponseHandler: Request not found, ignoring reply: s2<-s0#342:OK,SUCCESS,nextIndex:368,term:3,followerCommit:217
2019-09-24 16:16:34,850 DEBUG client.GrpcClientProtocolService (GrpcClientProtocolService.java:sendReply(353)) - 19-OrderedRequestStreamObserver19: sendReply seq=266, RaftClientReply:client-EDB41257C35F->s2@group-5C26748AB2B1, cid=265, SUCCESS, logIndex=364, commits[s2:c394, s0:c72, s1:c346]
2019-09-24 16:16:34,850 WARN  server.GrpcLogAppender (GrpcLogAppender.java:onNextImpl(251)) - s2@group-5C26748AB2B1->s0-AppendLogResponseHandler: Request not found, ignoring reply: s2<-s0#343:OK,SUCCESS,nextIndex:368,term:3,followerCommit:217
2019-09-24 16:16:34,851 WARN  server.GrpcLogAppender (GrpcLogAppender.java:onNextImpl(251)) - s2@group-5C26748AB2B1->s0-AppendLogResponseHandler: Request not found, ignoring reply: s2<-s0#344:OK,SUCCESS,nextIndex:368,term:3,followerCommit:217
2019-09-24 16:16:34,851 WARN  server.GrpcLogAppender (GrpcLogAppender.java:onNextImpl(251)) - s2@group-5C26748AB2B1->s0-AppendLogResponseHandler: Request not found, ignoring reply: s2<-s0#345:OK,SUCCESS,nextIndex:368,term:3,followerCommit:217
2019-09-24 16:16:34,851 WARN  server.GrpcLogAppender (GrpcLogAppender.java:onNextImpl(251)) - s2@group-5C26748AB2B1->s0-AppendLogResponseHandler: Request not found, ignoring reply: s2<-s0#346:OK,SUCCESS,nextIndex:368,term:3,followerCommit:217
2019-09-24 16:16:34,852 DEBUG client.GrpcClientProtocolService (GrpcClientProtocolService.java:sendReply(353)) - 19-OrderedRequestStreamObserver19: sendReply seq=267, RaftClientReply:client-EDB41257C35F->s2@group-5C26748AB2B1, cid=266, SUCCESS, logIndex=365, commits[s2:c396, s0:c72, s1:c346]
2019-09-24 16:16:34,855 DEBUG client.GrpcClientProtocolService (GrpcClientProtocolService.java:sendReply(353)) - 19-OrderedRequestStreamObserver19: sendReply seq=268, RaftClientReply:client-EDB41257C35F->s2@group-5C26748AB2B1, cid=267, SUCCESS, logIndex=366, commits[s2:c399, s0:c72, s1:c346]
2019-09-24 16:16:34,856 DEBUG client.GrpcClientProtocolService (GrpcClientProtocolService.java:sendReply(353)) - 19-OrderedRequestStreamObserver19: sendReply seq=269, RaftClientReply:client-EDB41257C35F->s2@group-5C26748AB2B1, cid=268, SUCCESS, logIndex=367, commits[s2:c404, s0:c217, s1:c346]
2019-09-24 16:16:34,857 DEBUG client.GrpcClientProtocolService (GrpcClientProtocolService.java:sendReply(353)) - 19-OrderedRequestStreamObserver19: sendReply seq=270, RaftClientReply:client-EDB41257C35F->s2@group-5C26748AB2B1, cid=269, SUCCESS, logIndex=369, commits[s2:c406, s0:c217, s1:c346]
2019-09-24 16:16:34,859 DEBUG client.GrpcClientProtocolService (GrpcClientProtocolService.java:sendReply(353)) - 19-OrderedRequestStreamObserver19: sendReply seq=271, RaftClientReply:client-EDB41257C35F->s2@group-5C26748AB2B1, cid=270, SUCCESS, logIndex=370, commits[s2:c406, s0:c217, s1:c346]
2019-09-24 16:16:34,859 DEBUG client.GrpcClientProtocolService (GrpcClientProtocolService.java:sendReply(353)) - 19-OrderedRequestStreamObserver19: sendReply seq=272, RaftClientReply:client-EDB41257C35F->s2@group-5C26748AB2B1, cid=271, SUCCESS, logIndex=371, commits[s2:c406, s0:c346, s1:c346]
2019-09-24 16:16:34,861 DEBUG client.GrpcClientProtocolService (GrpcClientProtocolService.java:sendReply(353)) - 19-OrderedRequestStreamObserver19: sendReply seq=273, RaftClientReply:client-EDB41257C35F->s2@group-5C26748AB2B1, cid=272, SUCCESS, logIndex=372, commits[s2:c406, s0:c346, s1:c346]
2019-09-24 16:16:34,862 DEBUG client.GrpcClientProtocolService (GrpcClientProtocolService.java:sendReply(353)) - 19-OrderedRequestStreamObserver19: sendReply seq=274, RaftClientReply:client-EDB41257C35F->s2@group-5C26748AB2B1, cid=273, SUCCESS, logIndex=373, commits[s2:c409, s0:c346, s1:c346]
2019-09-24 16:16:34,862 DEBUG client.GrpcClientProtocolService (GrpcClientProtocolService.java:sendReply(353)) - 19-OrderedRequestStreamObserver19: sendReply seq=275, RaftClientReply:client-EDB41257C35F->s2@group-5C26748AB2B1, cid=274, SUCCESS, logIndex=374, commits[s2:c417, s0:c346, s1:c346]
2019-09-24 16:16:34,863 DEBUG client.GrpcClientProtocolService (GrpcClientProtocolService.java:sendReply(353)) - 19-OrderedRequestStreamObserver19: sendReply seq=276, RaftClientReply:client-EDB41257C35F->s2@group-5C26748AB2B1, cid=275, SUCCESS, logIndex=375, commits[s2:c417, s0:c346, s1:c346]
2019-09-24 16:16:34,863 DEBUG client.GrpcClientProtocolService (GrpcClientProtocolService.java:sendReply(353)) - 19-OrderedRequestStreamObserver19: sendReply seq=277, RaftClientReply:client-EDB41257C35F->s2@group-5C26748AB2B1, cid=276, SUCCESS, logIndex=376, commits[s2:c423, s0:c346, s1:c346]
2019-09-24 16:16:34,863 DEBUG client.GrpcClientProtocolService (GrpcClientProtocolService.java:sendReply(353)) - 19-OrderedRequestStreamObserver19: sendReply seq=278, RaftClientReply:client-EDB41257C35F->s2@group-5C26748AB2B1, cid=277, SUCCESS, logIndex=377, commits[s2:c423, s0:c346, s1:c346]
2019-09-24 16:16:34,864 DEBUG client.GrpcClientProtocolService (GrpcClientProtocolService.java:sendReply(353)) - 19-OrderedRequestStreamObserver19: sendReply seq=279, RaftClientReply:client-EDB41257C35F->s2@group-5C26748AB2B1, cid=278, SUCCESS, logIndex=378, commits[s2:c423, s0:c346, s1:c346]
2019-09-24 16:16:34,866 DEBUG client.GrpcClientProtocolService (GrpcClientProtocolService.java:sendReply(353)) - 19-OrderedRequestStreamObserver19: sendReply seq=280, RaftClientReply:client-EDB41257C35F->s2@group-5C26748AB2B1, cid=279, SUCCESS, logIndex=379, commits[s2:c423, s0:c346, s1:c346]
2019-09-24 16:16:34,866 DEBUG client.GrpcClientProtocolService (GrpcClientProtocolService.java:sendReply(353)) - 19-OrderedRequestStreamObserver19: sendReply seq=281, RaftClientReply:client-EDB41257C35F->s2@group-5C26748AB2B1, cid=280, SUCCESS, logIndex=380, commits[s2:c427, s0:c346, s1:c346]
2019-09-24 16:16:34,866 DEBUG client.GrpcClientProtocolService (GrpcClientProtocolService.java:sendReply(353)) - 19-OrderedRequestStreamObserver19: sendReply seq=282, RaftClientReply:client-EDB41257C35F->s2@group-5C26748AB2B1, cid=281, SUCCESS, logIndex=381, commits[s2:c427, s0:c346, s1:c346]
2019-09-24 16:16:34,867 DEBUG client.GrpcClientProtocolService (GrpcClientProtocolService.java:sendReply(353)) - 19-OrderedRequestStreamObserver19: sendReply seq=283, RaftClientReply:client-EDB41257C35F->s2@group-5C26748AB2B1, cid=282, SUCCESS, logIndex=382, commits[s2:c432, s0:c346, s1:c346]
2019-09-24 16:16:34,869 DEBUG client.GrpcClientProtocolService (GrpcClientProtocolService.java:sendReply(353)) - 19-OrderedRequestStreamObserver19: sendReply seq=284, RaftClientReply:client-EDB41257C35F->s2@group-5C26748AB2B1, cid=283, SUCCESS, logIndex=383, commits[s2:c434, s0:c346, s1:c346]
2019-09-24 16:16:34,871 DEBUG client.GrpcClientProtocolService (GrpcClientProtocolService.java:sendReply(353)) - 19-OrderedRequestStreamObserver19: sendReply seq=285, RaftClientReply:client-EDB41257C35F->s2@group-5C26748AB2B1, cid=284, SUCCESS, logIndex=384, commits[s2:c434, s0:c346, s1:c346]
2019-09-24 16:16:34,871 DEBUG client.GrpcClientProtocolService (GrpcClientProtocolService.java:sendReply(353)) - 19-OrderedRequestStreamObserver19: sendReply seq=286, RaftClientReply:client-EDB41257C35F->s2@group-5C26748AB2B1, cid=285, SUCCESS, logIndex=385, commits[s2:c441, s0:c346, s1:c346]
2019-09-24 16:16:34,871 DEBUG client.GrpcClientProtocolService (GrpcClientProtocolService.java:sendReply(353)) - 19-OrderedRequestStreamObserver19: sendReply seq=287, RaftClientReply:client-EDB41257C35F->s2@group-5C26748AB2B1, cid=286, SUCCESS, logIndex=386, commits[s2:c441, s0:c346, s1:c346]
2019-09-24 16:16:34,872 DEBUG client.GrpcClientProtocolService (GrpcClientProtocolService.java:sendReply(353)) - 19-OrderedRequestStreamObserver19: sendReply seq=288, RaftClientReply:client-EDB41257C35F->s2@group-5C26748AB2B1, cid=287, SUCCESS, logIndex=387, commits[s2:c447, s0:c346, s1:c346]
2019-09-24 16:16:34,872 DEBUG client.GrpcClientProtocolService (GrpcClientProtocolService.java:sendReply(353)) - 19-OrderedRequestStreamObserver19: sendReply seq=289, RaftClientReply:client-EDB41257C35F->s2@group-5C26748AB2B1, cid=288, SUCCESS, logIndex=388, commits[s2:c447, s0:c346, s1:c346]
2019-09-24 16:16:34,874 DEBUG client.GrpcClientProtocolService (GrpcClientProtocolService.java:sendReply(353)) - 19-OrderedRequestStreamObserver19: sendReply seq=290, RaftClientReply:client-EDB41257C35F->s2@group-5C26748AB2B1, cid=289, SUCCESS, logIndex=389, commits[s2:c447, s0:c373, s1:c346]
2019-09-24 16:16:34,876 DEBUG client.GrpcClientProtocolService (GrpcClientProtocolService.java:sendReply(353)) - 19-OrderedRequestStreamObserver19: sendReply seq=291, RaftClientReply:client-EDB41257C35F->s2@group-5C26748AB2B1, cid=290, SUCCESS, logIndex=390, commits[s2:c455, s0:c382, s1:c346]
2019-09-24 16:16:34,876 DEBUG client.GrpcClientProtocolService (GrpcClientProtocolService.java:sendReply(353)) - 19-OrderedRequestStreamObserver19: sendReply seq=292, RaftClientReply:client-EDB41257C35F->s2@group-5C26748AB2B1, cid=291, SUCCESS, logIndex=391, commits[s2:c455, s0:c384, s1:c346]
2019-09-24 16:16:34,876 DEBUG client.GrpcClientProtocolService (GrpcClientProtocolService.java:sendReply(353)) - 19-OrderedRequestStreamObserver19: sendReply seq=293, RaftClientReply:client-EDB41257C35F->s2@group-5C26748AB2B1, cid=292, SUCCESS, logIndex=392, commits[s2:c458, s0:c386, s1:c346]
2019-09-24 16:16:34,877 DEBUG client.GrpcClientProtocolService (GrpcClientProtocolService.java:sendReply(353)) - 19-OrderedRequestStreamObserver19: sendReply seq=294, RaftClientReply:client-EDB41257C35F->s2@group-5C26748AB2B1, cid=293, SUCCESS, logIndex=393, commits[s2:c458, s0:c403, s1:c346]
2019-09-24 16:16:34,877 DEBUG client.GrpcClientProtocolService (GrpcClientProtocolService.java:sendReply(353)) - 19-OrderedRequestStreamObserver19: sendReply seq=295, RaftClientReply:client-EDB41257C35F->s2@group-5C26748AB2B1, cid=294, SUCCESS, logIndex=394, commits[s2:c476, s0:c403, s1:c346]
2019-09-24 16:16:34,877 DEBUG client.GrpcClientProtocolService (GrpcClientProtocolService.java:sendReply(353)) - 19-OrderedRequestStreamObserver19: sendReply seq=296, RaftClientReply:client-EDB41257C35F->s2@group-5C26748AB2B1, cid=295, SUCCESS, logIndex=395, commits[s2:c476, s0:c417, s1:c346]
2019-09-24 16:16:34,880 DEBUG client.GrpcClientProtocolService (GrpcClientProtocolService.java:sendReply(353)) - 19-OrderedRequestStreamObserver19: sendReply seq=297, RaftClientReply:client-EDB41257C35F->s2@group-5C26748AB2B1, cid=296, SUCCESS, logIndex=396, commits[s2:c481, s0:c417, s1:c346]
2019-09-24 16:16:34,881 DEBUG client.GrpcClientProtocolService (GrpcClientProtocolService.java:sendReply(353)) - 19-OrderedRequestStreamObserver19: sendReply seq=298, RaftClientReply:client-EDB41257C35F->s2@group-5C26748AB2B1, cid=297, SUCCESS, logIndex=397, commits[s2:c481, s0:c423, s1:c346]
2019-09-24 16:16:34,881 DEBUG client.GrpcClientProtocolService (GrpcClientProtocolService.java:sendReply(353)) - 19-OrderedRequestStreamObserver19: sendReply seq=299, RaftClientReply:client-EDB41257C35F->s2@group-5C26748AB2B1, cid=298, SUCCESS, logIndex=398, commits[s2:c481, s0:c423, s1:c367]
2019-09-24 16:16:34,882 DEBUG client.GrpcClientProtocolService (GrpcClientProtocolService.java:sendReply(353)) - 19-OrderedRequestStreamObserver19: sendReply seq=300, RaftClientReply:client-EDB41257C35F->s2@group-5C26748AB2B1, cid=299, SUCCESS, logIndex=399, commits[s2:c483, s0:c426, s1:c369]
2019-09-24 16:16:34,882 DEBUG client.GrpcClientProtocolService (GrpcClientProtocolService.java:sendReply(353)) - 19-OrderedRequestStreamObserver19: sendReply seq=301, RaftClientReply:client-EDB41257C35F->s2@group-5C26748AB2B1, cid=300, SUCCESS, logIndex=400, commits[s2:c484, s0:c426, s1:c375]
2019-09-24 16:16:34,882 DEBUG client.GrpcClientProtocolService (GrpcClientProtocolService.java:sendReply(353)) - 19-OrderedRequestStreamObserver19: sendReply seq=302, RaftClientReply:client-EDB41257C35F->s2@group-5C26748AB2B1, cid=301, SUCCESS, logIndex=401, commits[s2:c484, s0:c426, s1:c375]
2019-09-24 16:16:34,883 DEBUG client.GrpcClientProtocolService (GrpcClientProtocolService.java:sendReply(353)) - 19-OrderedRequestStreamObserver19: sendReply seq=303, RaftClientReply:client-EDB41257C35F->s2@group-5C26748AB2B1, cid=302, SUCCESS, logIndex=402, commits[s2:c484, s0:c427, s1:c375]
2019-09-24 16:16:34,883 DEBUG client.GrpcClientProtocolService (GrpcClientProtocolService.java:sendReply(353)) - 19-OrderedRequestStreamObserver19: sendReply seq=304, RaftClientReply:client-EDB41257C35F->s2@group-5C26748AB2B1, cid=303, SUCCESS, logIndex=403, commits[s2:c485, s0:c427, s1:c375]
2019-09-24 16:16:34,883 DEBUG client.GrpcClientProtocolService (GrpcClientProtocolService.java:sendReply(353)) - 19-OrderedRequestStreamObserver19: sendReply seq=305, RaftClientReply:client-EDB41257C35F->s2@group-5C26748AB2B1, cid=304, SUCCESS, logIndex=404, commits[s2:c485, s0:c427, s1:c375]
2019-09-24 16:16:34,883 DEBUG client.GrpcClientProtocolService (GrpcClientProtocolService.java:sendReply(353)) - 19-OrderedRequestStreamObserver19: sendReply seq=306, RaftClientReply:client-EDB41257C35F->s2@group-5C26748AB2B1, cid=305, SUCCESS, logIndex=405, commits[s2:c485, s0:c427, s1:c375]
2019-09-24 16:16:34,884 DEBUG client.GrpcClientProtocolService (GrpcClientProtocolService.java:sendReply(353)) - 19-OrderedRequestStreamObserver19: sendReply seq=307, RaftClientReply:client-EDB41257C35F->s2@group-5C26748AB2B1, cid=306, SUCCESS, logIndex=406, commits[s2:c485, s0:c427, s1:c375]
2019-09-24 16:16:34,884 DEBUG client.GrpcClientProtocolService (GrpcClientProtocolService.java:sendReply(353)) - 19-OrderedRequestStreamObserver19: sendReply seq=308, RaftClientReply:client-EDB41257C35F->s2@group-5C26748AB2B1, cid=307, SUCCESS, logIndex=407, commits[s2:c485, s0:c427, s1:c375]
2019-09-24 16:16:34,884 DEBUG client.GrpcClientProtocolService (GrpcClientProtocolService.java:sendReply(353)) - 19-OrderedRequestStreamObserver19: sendReply seq=309, RaftClientReply:client-EDB41257C35F->s2@group-5C26748AB2B1, cid=308, SUCCESS, logIndex=408, commits[s2:c485, s0:c427, s1:c375]
2019-09-24 16:16:34,884 DEBUG client.GrpcClientProtocolService (GrpcClientProtocolService.java:sendReply(353)) - 19-OrderedRequestStreamObserver19: sendReply seq=310, RaftClientReply:client-EDB41257C35F->s2@group-5C26748AB2B1, cid=309, SUCCESS, logIndex=409, commits[s2:c485, s0:c427, s1:c375]
2019-09-24 16:16:34,885 DEBUG client.GrpcClientProtocolService (GrpcClientProtocolService.java:sendReply(353)) - 19-OrderedRequestStreamObserver19: sendReply seq=311, RaftClientReply:client-EDB41257C35F->s2@group-5C26748AB2B1, cid=310, SUCCESS, logIndex=410, commits[s2:c485, s0:c427, s1:c384]
2019-09-24 16:16:34,885 DEBUG client.GrpcClientProtocolService (GrpcClientProtocolService.java:sendReply(353)) - 19-OrderedRequestStreamObserver19: sendReply seq=312, RaftClientReply:client-EDB41257C35F->s2@group-5C26748AB2B1, cid=311, SUCCESS, logIndex=411, commits[s2:c485, s0:c427, s1:c384]
2019-09-24 16:16:34,887 DEBUG client.GrpcClientProtocolService (GrpcClientProtocolService.java:sendReply(353)) - 19-OrderedRequestStreamObserver19: sendReply seq=313, RaftClientReply:client-EDB41257C35F->s2@group-5C26748AB2B1, cid=312, SUCCESS, logIndex=412, commits[s2:c485, s0:c427, s1:c384]
2019-09-24 16:16:34,888 DEBUG client.GrpcClientProtocolService (GrpcClientProtocolService.java:sendReply(353)) - 19-OrderedRequestStreamObserver19: sendReply seq=314, RaftClientReply:client-EDB41257C35F->s2@group-5C26748AB2B1, cid=313, SUCCESS, logIndex=413, commits[s2:c485, s0:c427, s1:c384]
2019-09-24 16:16:34,888 DEBUG client.GrpcClientProtocolService (GrpcClientProtocolService.java:sendReply(353)) - 19-OrderedRequestStreamObserver19: sendReply seq=315, RaftClientReply:client-EDB41257C35F->s2@group-5C26748AB2B1, cid=314, SUCCESS, logIndex=414, commits[s2:c485, s0:c427, s1:c386]
2019-09-24 16:16:34,889 DEBUG client.GrpcClientProtocolService (GrpcClientProtocolService.java:sendReply(353)) - 19-OrderedRequestStreamObserver19: sendReply seq=316, RaftClientReply:client-EDB41257C35F->s2@group-5C26748AB2B1, cid=315, SUCCESS, logIndex=415, commits[s2:c485, s0:c427, s1:c391]
2019-09-24 16:16:34,889 DEBUG client.GrpcClientProtocolService (GrpcClientProtocolService.java:sendReply(353)) - 19-OrderedRequestStreamObserver19: sendReply seq=317, RaftClientReply:client-EDB41257C35F->s2@group-5C26748AB2B1, cid=316, SUCCESS, logIndex=416, commits[s2:c485, s0:c427, s1:c393]
2019-09-24 16:16:34,889 DEBUG client.GrpcClientProtocolService (GrpcClientProtocolService.java:sendReply(353)) - 19-OrderedRequestStreamObserver19: sendReply seq=318, RaftClientReply:client-EDB41257C35F->s2@group-5C26748AB2B1, cid=317, SUCCESS, logIndex=417, commits[s2:c485, s0:c427, s1:c399]
2019-09-24 16:16:34,889 DEBUG client.GrpcClientProtocolService (GrpcClientProtocolService.java:sendReply(353)) - 19-OrderedRequestStreamObserver19: sendReply seq=319, RaftClientReply:client-EDB41257C35F->s2@group-5C26748AB2B1, cid=318, SUCCESS, logIndex=418, commits[s2:c485, s0:c427, s1:c402]
2019-09-24 16:16:34,889 DEBUG client.GrpcClientProtocolService (GrpcClientProtocolService.java:sendReply(353)) - 19-OrderedRequestStreamObserver19: sendReply seq=320, RaftClientReply:client-EDB41257C35F->s2@group-5C26748AB2B1, cid=319, SUCCESS, logIndex=419, commits[s2:c485, s0:c427, s1:c406]
2019-09-24 16:16:34,890 DEBUG client.GrpcClientProtocolService (GrpcClientProtocolService.java:sendReply(353)) - 19-OrderedRequestStreamObserver19: sendReply seq=321, RaftClientReply:client-EDB41257C35F->s2@group-5C26748AB2B1, cid=320, SUCCESS, logIndex=420, commits[s2:c485, s0:c427, s1:c423]
2019-09-24 16:16:34,890 DEBUG client.GrpcClientProtocolService (GrpcClientProtocolService.java:sendReply(353)) - 19-OrderedRequestStreamObserver19: sendReply seq=322, RaftClientReply:client-EDB41257C35F->s2@group-5C26748AB2B1, cid=321, SUCCESS, logIndex=421, commits[s2:c485, s0:c427, s1:c427]
2019-09-24 16:16:34,890 DEBUG client.GrpcClientProtocolService (GrpcClientProtocolService.java:sendReply(353)) - 19-OrderedRequestStreamObserver19: sendReply seq=323, RaftClientReply:client-EDB41257C35F->s2@group-5C26748AB2B1, cid=322, SUCCESS, logIndex=422, commits[s2:c485, s0:c431, s1:c441]
2019-09-24 16:16:34,890 DEBUG client.GrpcClientProtocolService (GrpcClientProtocolService.java:sendReply(353)) - 19-OrderedRequestStreamObserver19: sendReply seq=324, RaftClientReply:client-EDB41257C35F->s2@group-5C26748AB2B1, cid=323, SUCCESS, logIndex=423, commits[s2:c485, s0:c434, s1:c446]
2019-09-24 16:16:34,891 DEBUG client.GrpcClientProtocolService (GrpcClientProtocolService.java:sendReply(353)) - 19-OrderedRequestStreamObserver19: sendReply seq=325, RaftClientReply:client-EDB41257C35F->s2@group-5C26748AB2B1, cid=324, SUCCESS, logIndex=424, commits[s2:c491, s0:c434, s1:c447]
2019-09-24 16:16:34,891 DEBUG client.GrpcClientProtocolService (GrpcClientProtocolService.java:sendReply(353)) - 19-OrderedRequestStreamObserver19: sendReply seq=326, RaftClientReply:client-EDB41257C35F->s2@group-5C26748AB2B1, cid=325, SUCCESS, logIndex=425, commits[s2:c493, s0:c434, s1:c455]
2019-09-24 16:16:34,891 DEBUG client.GrpcClientProtocolService (GrpcClientProtocolService.java:sendReply(353)) - 19-OrderedRequestStreamObserver19: sendReply seq=327, RaftClientReply:client-EDB41257C35F->s2@group-5C26748AB2B1, cid=326, SUCCESS, logIndex=426, commits[s2:c494, s0:c434, s1:c455]
2019-09-24 16:16:34,891 DEBUG client.GrpcClientProtocolService (GrpcClientProtocolService.java:sendReply(353)) - 19-OrderedRequestStreamObserver19: sendReply seq=328, RaftClientReply:client-EDB41257C35F->s2@group-5C26748AB2B1, cid=327, SUCCESS, logIndex=427, commits[s2:c494, s0:c441, s1:c455]
2019-09-24 16:16:34,891 DEBUG client.GrpcClientProtocolService (GrpcClientProtocolService.java:sendReply(353)) - 19-OrderedRequestStreamObserver19: sendReply seq=329, RaftClientReply:client-EDB41257C35F->s2@group-5C26748AB2B1, cid=328, SUCCESS, logIndex=428, commits[s2:c494, s0:c450, s1:c455]
2019-09-24 16:16:34,892 DEBUG client.GrpcClientProtocolService (GrpcClientProtocolService.java:sendReply(353)) - 19-OrderedRequestStreamObserver19: sendReply seq=330, RaftClientReply:client-EDB41257C35F->s2@group-5C26748AB2B1, cid=329, SUCCESS, logIndex=429, commits[s2:c494, s0:c450, s1:c455]
2019-09-24 16:16:34,892 DEBUG client.GrpcClientProtocolService (GrpcClientProtocolService.java:sendReply(353)) - 19-OrderedRequestStreamObserver19: sendReply seq=331, RaftClientReply:client-EDB41257C35F->s2@group-5C26748AB2B1, cid=330, SUCCESS, logIndex=430, commits[s2:c495, s0:c455, s1:c485]
2019-09-24 16:16:34,894 DEBUG client.GrpcClientProtocolService (GrpcClientProtocolService.java:sendReply(353)) - 19-OrderedRequestStreamObserver19: sendReply seq=332, RaftClientReply:client-EDB41257C35F->s2@group-5C26748AB2B1, cid=331, SUCCESS, logIndex=431, commits[s2:c496, s0:c455, s1:c485]
2019-09-24 16:16:34,894 DEBUG client.GrpcClientProtocolService (GrpcClientProtocolService.java:sendReply(353)) - 19-OrderedRequestStreamObserver19: sendReply seq=333, RaftClientReply:client-EDB41257C35F->s2@group-5C26748AB2B1, cid=332, SUCCESS, logIndex=432, commits[s2:c496, s0:c455, s1:c485]
2019-09-24 16:16:34,894 DEBUG client.GrpcClientProtocolService (GrpcClientProtocolService.java:sendReply(353)) - 19-OrderedRequestStreamObserver19: sendReply seq=334, RaftClientReply:client-EDB41257C35F->s2@group-5C26748AB2B1, cid=333, SUCCESS, logIndex=433, commits[s2:c496, s0:c455, s1:c485]
2019-09-24 16:16:34,895 DEBUG client.GrpcClientProtocolService (GrpcClientProtocolService.java:sendReply(353)) - 19-OrderedRequestStreamObserver19: sendReply seq=335, RaftClientReply:client-EDB41257C35F->s2@group-5C26748AB2B1, cid=334, SUCCESS, logIndex=434, commits[s2:c496, s0:c455, s1:c485]
2019-09-24 16:16:34,895 DEBUG client.GrpcClientProtocolService (GrpcClientProtocolService.java:sendReply(353)) - 19-OrderedRequestStreamObserver19: sendReply seq=336, RaftClientReply:client-EDB41257C35F->s2@group-5C26748AB2B1, cid=335, SUCCESS, logIndex=435, commits[s2:c496, s0:c483, s1:c485]
2019-09-24 16:16:34,895 DEBUG client.GrpcClientProtocolService (GrpcClientProtocolService.java:sendReply(353)) - 19-OrderedRequestStreamObserver19: sendReply seq=337, RaftClientReply:client-EDB41257C35F->s2@group-5C26748AB2B1, cid=336, SUCCESS, logIndex=436, commits[s2:c496, s0:c493, s1:c493]
2019-09-24 16:16:34,895 DEBUG client.GrpcClientProtocolService (GrpcClientProtocolService.java:sendReply(353)) - 19-OrderedRequestStreamObserver19: sendReply seq=338, RaftClientReply:client-EDB41257C35F->s2@group-5C26748AB2B1, cid=337, SUCCESS, logIndex=437, commits[s2:c497, s0:c494, s1:c493]
2019-09-24 16:16:34,895 DEBUG client.GrpcClientProtocolService (GrpcClientProtocolService.java:sendReply(353)) - 19-OrderedRequestStreamObserver19: sendReply seq=339, RaftClientReply:client-EDB41257C35F->s2@group-5C26748AB2B1, cid=338, SUCCESS, logIndex=438, commits[s2:c498, s0:c494, s1:c493]
2019-09-24 16:16:34,896 DEBUG client.GrpcClientProtocolService (GrpcClientProtocolService.java:sendReply(353)) - 19-OrderedRequestStreamObserver19: sendReply seq=340, RaftClientReply:client-EDB41257C35F->s2@group-5C26748AB2B1, cid=339, SUCCESS, logIndex=439, commits[s2:c498, s0:c494, s1:c493]
2019-09-24 16:16:34,896 DEBUG client.GrpcClientProtocolService (GrpcClientProtocolService.java:sendReply(353)) - 19-OrderedRequestStreamObserver19: sendReply seq=341, RaftClientReply:client-EDB41257C35F->s2@group-5C26748AB2B1, cid=340, SUCCESS, logIndex=440, commits[s2:c498, s0:c494, s1:c493]
2019-09-24 16:16:34,896 DEBUG client.GrpcClientProtocolService (GrpcClientProtocolService.java:sendReply(353)) - 19-OrderedRequestStreamObserver19: sendReply seq=342, RaftClientReply:client-EDB41257C35F->s2@group-5C26748AB2B1, cid=341, SUCCESS, logIndex=441, commits[s2:c498, s0:c494, s1:c494]
2019-09-24 16:16:34,896 DEBUG client.GrpcClientProtocolService (GrpcClientProtocolService.java:sendReply(353)) - 19-OrderedRequestStreamObserver19: sendReply seq=343, RaftClientReply:client-EDB41257C35F->s2@group-5C26748AB2B1, cid=342, SUCCESS, logIndex=442, commits[s2:c498, s0:c494, s1:c494]
2019-09-24 16:16:34,896 DEBUG client.GrpcClientProtocolService (GrpcClientProtocolService.java:sendReply(353)) - 19-OrderedRequestStreamObserver19: sendReply seq=344, RaftClientReply:client-EDB41257C35F->s2@group-5C26748AB2B1, cid=343, SUCCESS, logIndex=443, commits[s2:c498, s0:c494, s1:c496]
2019-09-24 16:16:34,896 DEBUG client.GrpcClientProtocolService (GrpcClientProtocolService.java:sendReply(353)) - 19-OrderedRequestStreamObserver19: sendReply seq=345, RaftClientReply:client-EDB41257C35F->s2@group-5C26748AB2B1, cid=344, SUCCESS, logIndex=444, commits[s2:c499, s0:c494, s1:c496]
2019-09-24 16:16:34,897 DEBUG client.GrpcClientProtocolService (GrpcClientProtocolService.java:sendReply(353)) - 19-OrderedRequestStreamObserver19: sendReply seq=346, RaftClientReply:client-EDB41257C35F->s2@group-5C26748AB2B1, cid=345, SUCCESS, logIndex=445, commits[s2:c499, s0:c494, s1:c496]
2019-09-24 16:16:34,897 DEBUG client.GrpcClientProtocolService (GrpcClientProtocolService.java:sendReply(353)) - 19-OrderedRequestStreamObserver19: sendReply seq=347, RaftClientReply:client-EDB41257C35F->s2@group-5C26748AB2B1, cid=346, SUCCESS, logIndex=446, commits[s2:c499, s0:c494, s1:c496]
2019-09-24 16:16:34,897 DEBUG client.GrpcClientProtocolService (GrpcClientProtocolService.java:sendReply(353)) - 19-OrderedRequestStreamObserver19: sendReply seq=348, RaftClientReply:client-EDB41257C35F->s2@group-5C26748AB2B1, cid=347, SUCCESS, logIndex=447, commits[s2:c499, s0:c494, s1:c496]
2019-09-24 16:16:34,897 DEBUG client.GrpcClientProtocolService (GrpcClientProtocolService.java:sendReply(353)) - 19-OrderedRequestStreamObserver19: sendReply seq=349, RaftClientReply:client-EDB41257C35F->s2@group-5C26748AB2B1, cid=348, SUCCESS, logIndex=452, commits[s2:c499, s0:c494, s1:c496]
2019-09-24 16:16:34,897 DEBUG client.GrpcClientProtocolService (GrpcClientProtocolService.java:sendReply(353)) - 19-OrderedRequestStreamObserver19: sendReply seq=350, RaftClientReply:client-EDB41257C35F->s2@group-5C26748AB2B1, cid=349, SUCCESS, logIndex=454, commits[s2:c499, s0:c494, s1:c496]
2019-09-24 16:16:34,897 DEBUG client.GrpcClientProtocolService (GrpcClientProtocolService.java:sendReply(353)) - 19-OrderedRequestStreamObserver19: sendReply seq=351, RaftClientReply:client-EDB41257C35F->s2@group-5C26748AB2B1, cid=350, SUCCESS, logIndex=461, commits[s2:c499, s0:c494, s1:c496]
2019-09-24 16:16:34,898 DEBUG client.GrpcClientProtocolService (GrpcClientProtocolService.java:sendReply(353)) - 19-OrderedRequestStreamObserver19: sendReply seq=352, RaftClientReply:client-EDB41257C35F->s2@group-5C26748AB2B1, cid=351, SUCCESS, logIndex=470, commits[s2:c499, s0:c494, s1:c496]
2019-09-24 16:16:34,898 DEBUG client.GrpcClientProtocolService (GrpcClientProtocolService.java:sendReply(353)) - 19-OrderedRequestStreamObserver19: sendReply seq=353, RaftClientReply:client-EDB41257C35F->s2@group-5C26748AB2B1, cid=352, SUCCESS, logIndex=472, commits[s2:c499, s0:c494, s1:c496]
2019-09-24 16:16:34,898 DEBUG client.GrpcClientProtocolService (GrpcClientProtocolService.java:sendReply(353)) - 19-OrderedRequestStreamObserver19: sendReply seq=354, RaftClientReply:client-EDB41257C35F->s2@group-5C26748AB2B1, cid=353, SUCCESS, logIndex=475, commits[s2:c499, s0:c494, s1:c496]
2019-09-24 16:16:34,898 DEBUG client.GrpcClientProtocolService (GrpcClientProtocolService.java:sendReply(353)) - 19-OrderedRequestStreamObserver19: sendReply seq=355, RaftClientReply:client-EDB41257C35F->s2@group-5C26748AB2B1, cid=354, SUCCESS, logIndex=479, commits[s2:c499, s0:c494, s1:c496]
2019-09-24 16:16:34,898 DEBUG client.GrpcClientProtocolService (GrpcClientProtocolService.java:sendReply(353)) - 19-OrderedRequestStreamObserver19: sendReply seq=356, RaftClientReply:client-EDB41257C35F->s2@group-5C26748AB2B1, cid=355, SUCCESS, logIndex=483, commits[s2:c499, s0:c496, s1:c496]
2019-09-24 16:16:34,898 DEBUG client.GrpcClientProtocolService (GrpcClientProtocolService.java:sendReply(353)) - 19-OrderedRequestStreamObserver19: sendReply seq=357, RaftClientReply:client-EDB41257C35F->s2@group-5C26748AB2B1, cid=356, SUCCESS, logIndex=493, commits[s2:c499, s0:c496, s1:c496]
2019-09-24 16:16:34,898 DEBUG client.GrpcClientProtocolService (GrpcClientProtocolService.java:sendReply(353)) - 19-OrderedRequestStreamObserver19: sendReply seq=358, RaftClientReply:client-EDB41257C35F->s2@group-5C26748AB2B1, cid=357, SUCCESS, logIndex=494, commits[s2:c499, s0:c496, s1:c496]
2019-09-24 16:16:34,899 DEBUG client.GrpcClientProtocolService (GrpcClientProtocolService.java:sendReply(353)) - 19-OrderedRequestStreamObserver19: sendReply seq=359, RaftClientReply:client-EDB41257C35F->s2@group-5C26748AB2B1, cid=358, SUCCESS, logIndex=496, commits[s2:c500, s0:c496, s1:c496]
2019-09-24 16:16:34,899 DEBUG client.GrpcClientProtocolService (GrpcClientProtocolService.java:sendReply(353)) - 19-OrderedRequestStreamObserver19: sendReply seq=360, RaftClientReply:client-EDB41257C35F->s2@group-5C26748AB2B1, cid=359, SUCCESS, logIndex=500, commits[s2:c500, s0:c496, s1:c496]
2019-09-24 16:16:34,901 DEBUG client.GrpcClientProtocolService (GrpcClientProtocolService.java:sendReply(353)) - 19-OrderedRequestStreamObserver19: sendReply seq=361, RaftClientReply:client-EDB41257C35F->s2@group-5C26748AB2B1, cid=360, SUCCESS, logIndex=502, commits[s2:c502, s0:c500, s1:c500]
2019-09-24 16:16:34,904 DEBUG client.GrpcClientProtocolService (GrpcClientProtocolService.java:sendReply(353)) - 19-OrderedRequestStreamObserver19: sendReply seq=362, RaftClientReply:client-EDB41257C35F->s2@group-5C26748AB2B1, cid=361, SUCCESS, logIndex=503, commits[s2:c503, s0:c501, s1:c500]
2019-09-24 16:16:34,906 DEBUG client.GrpcClientProtocolService (GrpcClientProtocolService.java:sendReply(353)) - 19-OrderedRequestStreamObserver19: sendReply seq=363, RaftClientReply:client-EDB41257C35F->s2@group-5C26748AB2B1, cid=362, SUCCESS, logIndex=504, commits[s2:c505, s0:c501, s1:c500]
2019-09-24 16:16:34,906 DEBUG client.GrpcClientProtocolService (GrpcClientProtocolService.java:sendReply(353)) - 19-OrderedRequestStreamObserver19: sendReply seq=364, RaftClientReply:client-EDB41257C35F->s2@group-5C26748AB2B1, cid=363, SUCCESS, logIndex=505, commits[s2:c505, s0:c501, s1:c501]
2019-09-24 16:16:34,906 DEBUG client.GrpcClientProtocolService (GrpcClientProtocolService.java:sendReply(353)) - 19-OrderedRequestStreamObserver19: sendReply seq=365, RaftClientReply:client-EDB41257C35F->s2@group-5C26748AB2B1, cid=364, SUCCESS, logIndex=506, commits[s2:c507, s0:c501, s1:c501]
2019-09-24 16:16:34,906 DEBUG client.GrpcClientProtocolService (GrpcClientProtocolService.java:sendReply(353)) - 19-OrderedRequestStreamObserver19: sendReply seq=366, RaftClientReply:client-EDB41257C35F->s2@group-5C26748AB2B1, cid=365, SUCCESS, logIndex=507, commits[s2:c508, s0:c501, s1:c501]
2019-09-24 16:16:34,910 DEBUG client.GrpcClientProtocolService (GrpcClientProtocolService.java:sendReply(353)) - 19-OrderedRequestStreamObserver19: sendReply seq=367, RaftClientReply:client-EDB41257C35F->s2@group-5C26748AB2B1, cid=366, SUCCESS, logIndex=508, commits[s2:c509, s0:c501, s1:c501]
2019-09-24 16:16:34,913 DEBUG client.GrpcClientProtocolService (GrpcClientProtocolService.java:sendReply(353)) - 19-OrderedRequestStreamObserver19: sendReply seq=368, RaftClientReply:client-EDB41257C35F->s2@group-5C26748AB2B1, cid=367, SUCCESS, logIndex=509, commits[s2:c509, s0:c502, s1:c501]
2019-09-24 16:16:34,913 DEBUG client.GrpcClientProtocolService (GrpcClientProtocolService.java:sendReply(353)) - 19-OrderedRequestStreamObserver19: sendReply seq=369, RaftClientReply:client-EDB41257C35F->s2@group-5C26748AB2B1, cid=368, SUCCESS, logIndex=511, commits[s2:c511, s0:c502, s1:c501]
2019-09-24 16:16:34,913 DEBUG client.GrpcClientProtocolService (GrpcClientProtocolService.java:sendReply(353)) - 19-OrderedRequestStreamObserver19: sendReply seq=370, RaftClientReply:client-EDB41257C35F->s2@group-5C26748AB2B1, cid=369, SUCCESS, logIndex=512, commits[s2:c512, s0:c502, s1:c501]
2019-09-24 16:16:34,914 DEBUG client.GrpcClientProtocolService (GrpcClientProtocolService.java:sendReply(353)) - 19-OrderedRequestStreamObserver19: sendReply seq=371, RaftClientReply:client-EDB41257C35F->s2@group-5C26748AB2B1, cid=370, SUCCESS, logIndex=513, commits[s2:c513, s0:c502, s1:c501]
2019-09-24 16:16:34,915 DEBUG client.GrpcClientProtocolService (GrpcClientProtocolService.java:sendReply(353)) - 19-OrderedRequestStreamObserver19: sendReply seq=372, RaftClientReply:client-EDB41257C35F->s2@group-5C26748AB2B1, cid=371, SUCCESS, logIndex=514, commits[s2:c514, s0:c502, s1:c501]
2019-09-24 16:16:34,915 DEBUG client.GrpcClientProtocolService (GrpcClientProtocolService.java:sendReply(353)) - 19-OrderedRequestStreamObserver19: sendReply seq=373, RaftClientReply:client-EDB41257C35F->s2@group-5C26748AB2B1, cid=372, SUCCESS, logIndex=515, commits[s2:c519, s0:c505, s1:c501]
2019-09-24 16:16:34,915 DEBUG client.GrpcClientProtocolService (GrpcClientProtocolService.java:sendReply(353)) - 19-OrderedRequestStreamObserver19: sendReply seq=374, RaftClientReply:client-EDB41257C35F->s2@group-5C26748AB2B1, cid=373, SUCCESS, logIndex=517, commits[s2:c519, s0:c505, s1:c501]
2019-09-24 16:16:34,915 DEBUG client.GrpcClientProtocolService (GrpcClientProtocolService.java:sendReply(353)) - 19-OrderedRequestStreamObserver19: sendReply seq=375, RaftClientReply:client-EDB41257C35F->s2@group-5C26748AB2B1, cid=374, SUCCESS, logIndex=520, commits[s2:c520, s0:c507, s1:c501]
2019-09-24 16:16:34,919 DEBUG client.GrpcClientProtocolService (GrpcClientProtocolService.java:sendReply(353)) - 19-OrderedRequestStreamObserver19: sendReply seq=376, RaftClientReply:client-EDB41257C35F->s2@group-5C26748AB2B1, cid=375, SUCCESS, logIndex=528, commits[s2:c528, s0:c511, s1:c521]
2019-09-24 16:16:34,920 DEBUG client.GrpcClientProtocolService (GrpcClientProtocolService.java:sendReply(353)) - 19-OrderedRequestStreamObserver19: sendReply seq=377, RaftClientReply:client-EDB41257C35F->s2@group-5C26748AB2B1, cid=376, SUCCESS, logIndex=530, commits[s2:c530, s0:c514, s1:c523]
2019-09-24 16:16:34,921 DEBUG client.GrpcClientProtocolService (GrpcClientProtocolService.java:sendReply(353)) - 19-OrderedRequestStreamObserver19: sendReply seq=378, RaftClientReply:client-EDB41257C35F->s2@group-5C26748AB2B1, cid=377, SUCCESS, logIndex=531, commits[s2:c532, s0:c520, s1:c523]
2019-09-24 16:16:34,922 DEBUG client.GrpcClientProtocolService (GrpcClientProtocolService.java:sendReply(353)) - 19-OrderedRequestStreamObserver19: sendReply seq=379, RaftClientReply:client-EDB41257C35F->s2@group-5C26748AB2B1, cid=378, SUCCESS, logIndex=532, commits[s2:c532, s0:c520, s1:c523]
2019-09-24 16:16:34,924 DEBUG client.GrpcClientProtocolService (GrpcClientProtocolService.java:sendReply(353)) - 19-OrderedRequestStreamObserver19: sendReply seq=380, RaftClientReply:client-EDB41257C35F->s2@group-5C26748AB2B1, cid=379, SUCCESS, logIndex=533, commits[s2:c533, s0:c520, s1:c523]
2019-09-24 16:16:34,925 DEBUG client.GrpcClientProtocolService (GrpcClientProtocolService.java:sendReply(353)) - 19-OrderedRequestStreamObserver19: sendReply seq=381, RaftClientReply:client-EDB41257C35F->s2@group-5C26748AB2B1, cid=380, SUCCESS, logIndex=534, commits[s2:c536, s0:c520, s1:c523]
2019-09-24 16:16:34,925 DEBUG client.GrpcClientProtocolService (GrpcClientProtocolService.java:sendReply(353)) - 19-OrderedRequestStreamObserver19: sendReply seq=382, RaftClientReply:client-EDB41257C35F->s2@group-5C26748AB2B1, cid=381, SUCCESS, logIndex=535, commits[s2:c536, s0:c520, s1:c523]
2019-09-24 16:16:34,925 DEBUG client.GrpcClientProtocolService (GrpcClientProtocolService.java:sendReply(353)) - 19-OrderedRequestStreamObserver19: sendReply seq=383, RaftClientReply:client-EDB41257C35F->s2@group-5C26748AB2B1, cid=382, SUCCESS, logIndex=536, commits[s2:c536, s0:c523, s1:c523]
2019-09-24 16:16:34,926 DEBUG client.GrpcClientProtocolService (GrpcClientProtocolService.java:sendReply(353)) - 19-OrderedRequestStreamObserver19: sendReply seq=384, RaftClientReply:client-EDB41257C35F->s2@group-5C26748AB2B1, cid=383, SUCCESS, logIndex=537, commits[s2:c537, s0:c523, s1:c528]
2019-09-24 16:16:34,926 DEBUG client.GrpcClientProtocolService (GrpcClientProtocolService.java:sendReply(353)) - 19-OrderedRequestStreamObserver19: sendReply seq=385, RaftClientReply:client-EDB41257C35F->s2@group-5C26748AB2B1, cid=384, SUCCESS, logIndex=538, commits[s2:c538, s0:c528, s1:c528]
2019-09-24 16:16:34,926 DEBUG client.GrpcClientProtocolService (GrpcClientProtocolService.java:sendReply(353)) - 19-OrderedRequestStreamObserver19: sendReply seq=386, RaftClientReply:client-EDB41257C35F->s2@group-5C26748AB2B1, cid=385, SUCCESS, logIndex=540, commits[s2:c541, s0:c529, s1:c528]
2019-09-24 16:16:34,927 DEBUG client.GrpcClientProtocolService (GrpcClientProtocolService.java:sendReply(353)) - 19-OrderedRequestStreamObserver19: sendReply seq=387, RaftClientReply:client-EDB41257C35F->s2@group-5C26748AB2B1, cid=386, SUCCESS, logIndex=541, commits[s2:c542, s0:c532, s1:c528]
2019-09-24 16:16:34,927 DEBUG client.GrpcClientProtocolService (GrpcClientProtocolService.java:sendReply(353)) - 19-OrderedRequestStreamObserver19: sendReply seq=388, RaftClientReply:client-EDB41257C35F->s2@group-5C26748AB2B1, cid=387, SUCCESS, logIndex=544, commits[s2:c544, s0:c532, s1:c528]
2019-09-24 16:16:34,934 DEBUG client.GrpcClientProtocolService (GrpcClientProtocolService.java:sendReply(353)) - 19-OrderedRequestStreamObserver19: sendReply seq=389, RaftClientReply:client-EDB41257C35F->s2@group-5C26748AB2B1, cid=388, SUCCESS, logIndex=551, commits[s2:c551, s0:c544, s1:c538]
2019-09-24 16:16:34,936 DEBUG client.GrpcClientProtocolService (GrpcClientProtocolService.java:sendReply(353)) - 19-OrderedRequestStreamObserver19: sendReply seq=390, RaftClientReply:client-EDB41257C35F->s2@group-5C26748AB2B1, cid=389, SUCCESS, logIndex=552, commits[s2:c553, s0:c544, s1:c538]
2019-09-24 16:16:34,938 DEBUG client.GrpcClientProtocolService (GrpcClientProtocolService.java:sendReply(353)) - 19-OrderedRequestStreamObserver19: sendReply seq=391, RaftClientReply:client-EDB41257C35F->s2@group-5C26748AB2B1, cid=390, SUCCESS, logIndex=553, commits[s2:c555, s0:c544, s1:c544]
2019-09-24 16:16:34,938 DEBUG client.GrpcClientProtocolService (GrpcClientProtocolService.java:sendReply(353)) - 19-OrderedRequestStreamObserver19: sendReply seq=392, RaftClientReply:client-EDB41257C35F->s2@group-5C26748AB2B1, cid=391, SUCCESS, logIndex=554, commits[s2:c564, s0:c544, s1:c544]
2019-09-24 16:16:34,939 DEBUG client.GrpcClientProtocolService (GrpcClientProtocolService.java:sendReply(353)) - 19-OrderedRequestStreamObserver19: sendReply seq=393, RaftClientReply:client-EDB41257C35F->s2@group-5C26748AB2B1, cid=392, SUCCESS, logIndex=555, commits[s2:c564, s0:c544, s1:c544]
2019-09-24 16:16:34,940 DEBUG client.GrpcClientProtocolService (GrpcClientProtocolService.java:sendReply(353)) - 19-OrderedRequestStreamObserver19: sendReply seq=394, RaftClientReply:client-EDB41257C35F->s2@group-5C26748AB2B1, cid=393, SUCCESS, logIndex=556, commits[s2:c564, s0:c544, s1:c544]
2019-09-24 16:16:34,941 DEBUG client.GrpcClientProtocolService (GrpcClientProtocolService.java:sendReply(353)) - 19-OrderedRequestStreamObserver19: sendReply seq=395, RaftClientReply:client-EDB41257C35F->s2@group-5C26748AB2B1, cid=394, SUCCESS, logIndex=557, commits[s2:c564, s0:c544, s1:c544]
2019-09-24 16:16:34,941 DEBUG client.GrpcClientProtocolService (GrpcClientProtocolService.java:sendReply(353)) - 19-OrderedRequestStreamObserver19: sendReply seq=396, RaftClientReply:client-EDB41257C35F->s2@group-5C26748AB2B1, cid=395, SUCCESS, logIndex=558, commits[s2:c564, s0:c544, s1:c544]
2019-09-24 16:16:34,941 DEBUG client.GrpcClientProtocolService (GrpcClientProtocolService.java:sendReply(353)) - 19-OrderedRequestStreamObserver19: sendReply seq=397, RaftClientReply:client-EDB41257C35F->s2@group-5C26748AB2B1, cid=396, SUCCESS, logIndex=559, commits[s2:c567, s0:c544, s1:c544]
2019-09-24 16:16:34,941 DEBUG client.GrpcClientProtocolService (GrpcClientProtocolService.java:sendReply(353)) - 19-OrderedRequestStreamObserver19: sendReply seq=398, RaftClientReply:client-EDB41257C35F->s2@group-5C26748AB2B1, cid=397, SUCCESS, logIndex=560, commits[s2:c567, s0:c547, s1:c544]
2019-09-24 16:16:34,942 DEBUG client.GrpcClientProtocolService (GrpcClientProtocolService.java:sendReply(353)) - 19-OrderedRequestStreamObserver19: sendReply seq=399, RaftClientReply:client-EDB41257C35F->s2@group-5C26748AB2B1, cid=398, SUCCESS, logIndex=561, commits[s2:c570, s0:c547, s1:c544]
2019-09-24 16:16:34,942 DEBUG client.GrpcClientProtocolService (GrpcClientProtocolService.java:sendReply(353)) - 19-OrderedRequestStreamObserver19: sendReply seq=400, RaftClientReply:client-EDB41257C35F->s2@group-5C26748AB2B1, cid=399, SUCCESS, logIndex=562, commits[s2:c570, s0:c547, s1:c544]
2019-09-24 16:16:34,942 DEBUG client.GrpcClientProtocolService (GrpcClientProtocolService.java:sendReply(353)) - 19-OrderedRequestStreamObserver19: sendReply seq=401, RaftClientReply:client-EDB41257C35F->s2@group-5C26748AB2B1, cid=400, SUCCESS, logIndex=563, commits[s2:c570, s0:c547, s1:c544]
2019-09-24 16:16:34,942 DEBUG client.GrpcClientProtocolService (GrpcClientProtocolService.java:sendReply(353)) - 19-OrderedRequestStreamObserver19: sendReply seq=402, RaftClientReply:client-EDB41257C35F->s2@group-5C26748AB2B1, cid=401, SUCCESS, logIndex=564, commits[s2:c570, s0:c547, s1:c544]
2019-09-24 16:16:34,944 DEBUG client.GrpcClientProtocolService (GrpcClientProtocolService.java:sendReply(353)) - 19-OrderedRequestStreamObserver19: sendReply seq=403, RaftClientReply:client-EDB41257C35F->s2@group-5C26748AB2B1, cid=402, SUCCESS, logIndex=565, commits[s2:c570, s0:c548, s1:c544]
2019-09-24 16:16:34,946 DEBUG client.GrpcClientProtocolService (GrpcClientProtocolService.java:sendReply(353)) - 19-OrderedRequestStreamObserver19: sendReply seq=404, RaftClientReply:client-EDB41257C35F->s2@group-5C26748AB2B1, cid=403, SUCCESS, logIndex=566, commits[s2:c572, s0:c551, s1:c544]
2019-09-24 16:16:34,946 DEBUG client.GrpcClientProtocolService (GrpcClientProtocolService.java:sendReply(353)) - 19-OrderedRequestStreamObserver19: sendReply seq=405, RaftClientReply:client-EDB41257C35F->s2@group-5C26748AB2B1, cid=404, SUCCESS, logIndex=567, commits[s2:c575, s0:c551, s1:c544]
2019-09-24 16:16:34,947 DEBUG client.GrpcClientProtocolService (GrpcClientProtocolService.java:sendReply(353)) - 19-OrderedRequestStreamObserver19: sendReply seq=406, RaftClientReply:client-EDB41257C35F->s2@group-5C26748AB2B1, cid=405, SUCCESS, logIndex=568, commits[s2:c576, s0:c551, s1:c544]
2019-09-24 16:16:34,947 DEBUG client.GrpcClientProtocolService (GrpcClientProtocolService.java:sendReply(353)) - 19-OrderedRequestStreamObserver19: sendReply seq=407, RaftClientReply:client-EDB41257C35F->s2@group-5C26748AB2B1, cid=406, SUCCESS, logIndex=569, commits[s2:c576, s0:c551, s1:c544]
2019-09-24 16:16:34,947 DEBUG client.GrpcClientProtocolService (GrpcClientProtocolService.java:sendReply(353)) - 19-OrderedRequestStreamObserver19: sendReply seq=408, RaftClientReply:client-EDB41257C35F->s2@group-5C26748AB2B1, cid=407, SUCCESS, logIndex=570, commits[s2:c576, s0:c551, s1:c544]
2019-09-24 16:16:34,947 DEBUG client.GrpcClientProtocolService (GrpcClientProtocolService.java:sendReply(353)) - 19-OrderedRequestStreamObserver19: sendReply seq=409, RaftClientReply:client-EDB41257C35F->s2@group-5C26748AB2B1, cid=408, SUCCESS, logIndex=571, commits[s2:c576, s0:c551, s1:c544]
2019-09-24 16:16:34,947 DEBUG client.GrpcClientProtocolService (GrpcClientProtocolService.java:sendReply(353)) - 19-OrderedRequestStreamObserver19: sendReply seq=410, RaftClientReply:client-EDB41257C35F->s2@group-5C26748AB2B1, cid=409, SUCCESS, logIndex=572, commits[s2:c576, s0:c551, s1:c544]
2019-09-24 16:16:34,948 DEBUG client.GrpcClientProtocolService (GrpcClientProtocolService.java:sendReply(353)) - 19-OrderedRequestStreamObserver19: sendReply seq=411, RaftClientReply:client-EDB41257C35F->s2@group-5C26748AB2B1, cid=410, SUCCESS, logIndex=573, commits[s2:c576, s0:c551, s1:c544]
2019-09-24 16:16:34,948 DEBUG client.GrpcClientProtocolService (GrpcClientProtocolService.java:sendReply(353)) - 19-OrderedRequestStreamObserver19: sendReply seq=412, RaftClientReply:client-EDB41257C35F->s2@group-5C26748AB2B1, cid=411, SUCCESS, logIndex=574, commits[s2:c576, s0:c552, s1:c544]
2019-09-24 16:16:34,948 DEBUG client.GrpcClientProtocolService (GrpcClientProtocolService.java:sendReply(353)) - 19-OrderedRequestStreamObserver19: sendReply seq=413, RaftClientReply:client-EDB41257C35F->s2@group-5C26748AB2B1, cid=412, SUCCESS, logIndex=575, commits[s2:c577, s0:c553, s1:c544]
2019-09-24 16:16:34,948 DEBUG client.GrpcClientProtocolService (GrpcClientProtocolService.java:sendReply(353)) - 19-OrderedRequestStreamObserver19: sendReply seq=414, RaftClientReply:client-EDB41257C35F->s2@group-5C26748AB2B1, cid=413, SUCCESS, logIndex=577, commits[s2:c583, s0:c564, s1:c544]
2019-09-24 16:16:34,948 DEBUG client.GrpcClientProtocolService (GrpcClientProtocolService.java:sendReply(353)) - 19-OrderedRequestStreamObserver19: sendReply seq=415, RaftClientReply:client-EDB41257C35F->s2@group-5C26748AB2B1, cid=414, SUCCESS, logIndex=580, commits[s2:c583, s0:c566, s1:c544]
2019-09-24 16:16:34,949 DEBUG client.GrpcClientProtocolService (GrpcClientProtocolService.java:sendReply(353)) - 19-OrderedRequestStreamObserver19: sendReply seq=416, RaftClientReply:client-EDB41257C35F->s2@group-5C26748AB2B1, cid=415, SUCCESS, logIndex=582, commits[s2:c586, s0:c570, s1:c544]
2019-09-24 16:16:34,949 DEBUG client.GrpcClientProtocolService (GrpcClientProtocolService.java:sendReply(353)) - 19-OrderedRequestStreamObserver19: sendReply seq=417, RaftClientReply:client-EDB41257C35F->s2@group-5C26748AB2B1, cid=416, SUCCESS, logIndex=585, commits[s2:c588, s0:c570, s1:c546]
2019-09-24 16:16:34,949 DEBUG client.GrpcClientProtocolService (GrpcClientProtocolService.java:sendReply(353)) - 19-OrderedRequestStreamObserver19: sendReply seq=418, RaftClientReply:client-EDB41257C35F->s2@group-5C26748AB2B1, cid=417, SUCCESS, logIndex=591, commits[s2:c591, s0:c576, s1:c551]
2019-09-24 16:16:34,950 DEBUG client.GrpcClientProtocolService (GrpcClientProtocolService.java:sendReply(353)) - 19-OrderedRequestStreamObserver19: sendReply seq=419, RaftClientReply:client-EDB41257C35F->s2@group-5C26748AB2B1, cid=418, SUCCESS, logIndex=593, commits[s2:c593, s0:c588, s1:c562]
2019-09-24 16:16:34,951 DEBUG client.GrpcClientProtocolService (GrpcClientProtocolService.java:sendReply(353)) - 19-OrderedRequestStreamObserver19: sendReply seq=420, RaftClientReply:client-EDB41257C35F->s2@group-5C26748AB2B1, cid=419, SUCCESS, logIndex=596, commits[s2:c596, s0:c594, s1:c593]
2019-09-24 16:16:34,953 DEBUG client.GrpcClientProtocolService (GrpcClientProtocolService.java:sendReply(353)) - 19-OrderedRequestStreamObserver19: sendReply seq=421, RaftClientReply:client-EDB41257C35F->s2@group-5C26748AB2B1, cid=420, SUCCESS, logIndex=597, commits[s2:c597, s0:c595, s1:c594]
2019-09-24 16:16:34,954 DEBUG client.GrpcClientProtocolService (GrpcClientProtocolService.java:sendReply(353)) - 19-OrderedRequestStreamObserver19: sendReply seq=422, RaftClientReply:client-EDB41257C35F->s2@group-5C26748AB2B1, cid=421, SUCCESS, logIndex=598, commits[s2:c598, s0:c595, s1:c595]
2019-09-24 16:16:34,955 DEBUG client.GrpcClientProtocolService (GrpcClientProtocolService.java:sendReply(353)) - 19-OrderedRequestStreamObserver19: sendReply seq=423, RaftClientReply:client-EDB41257C35F->s2@group-5C26748AB2B1, cid=422, SUCCESS, logIndex=599, commits[s2:c601, s0:c595, s1:c595]
2019-09-24 16:16:34,957 DEBUG client.GrpcClientProtocolService (GrpcClientProtocolService.java:sendReply(353)) - 19-OrderedRequestStreamObserver19: sendReply seq=424, RaftClientReply:client-EDB41257C35F->s2@group-5C26748AB2B1, cid=423, SUCCESS, logIndex=600, commits[s2:c601, s0:c595, s1:c595]
2019-09-24 16:16:34,958 DEBUG client.GrpcClientProtocolService (GrpcClientProtocolService.java:sendReply(353)) - 19-OrderedRequestStreamObserver19: sendReply seq=425, RaftClientReply:client-EDB41257C35F->s2@group-5C26748AB2B1, cid=424, SUCCESS, logIndex=601, commits[s2:c601, s0:c595, s1:c595]
2019-09-24 16:16:34,958 DEBUG client.GrpcClientProtocolService (GrpcClientProtocolService.java:sendReply(353)) - 19-OrderedRequestStreamObserver19: sendReply seq=426, RaftClientReply:client-EDB41257C35F->s2@group-5C26748AB2B1, cid=425, SUCCESS, logIndex=602, commits[s2:c602, s0:c596, s1:c595]
2019-09-24 16:16:34,958 DEBUG client.GrpcClientProtocolService (GrpcClientProtocolService.java:sendReply(353)) - 19-OrderedRequestStreamObserver19: sendReply seq=427, RaftClientReply:client-EDB41257C35F->s2@group-5C26748AB2B1, cid=426, SUCCESS, logIndex=603, commits[s2:c603, s0:c596, s1:c595]
2019-09-24 16:16:34,959 DEBUG client.GrpcClientProtocolService (GrpcClientProtocolService.java:sendReply(353)) - 19-OrderedRequestStreamObserver19: sendReply seq=428, RaftClientReply:client-EDB41257C35F->s2@group-5C26748AB2B1, cid=427, SUCCESS, logIndex=605, commits[s2:c605, s0:c596, s1:c595]
2019-09-24 16:16:34,960 DEBUG client.GrpcClientProtocolService (GrpcClientProtocolService.java:sendReply(353)) - 19-OrderedRequestStreamObserver19: sendReply seq=429, RaftClientReply:client-EDB41257C35F->s2@group-5C26748AB2B1, cid=428, SUCCESS, logIndex=606, commits[s2:c606, s0:c596, s1:c596]
2019-09-24 16:16:34,961 DEBUG client.GrpcClientProtocolService (GrpcClientProtocolService.java:sendReply(353)) - 19-OrderedRequestStreamObserver19: sendReply seq=430, RaftClientReply:client-EDB41257C35F->s2@group-5C26748AB2B1, cid=429, SUCCESS, logIndex=607, commits[s2:c607, s0:c596, s1:c596]
2019-09-24 16:16:34,961 DEBUG client.GrpcClientProtocolService (GrpcClientProtocolService.java:sendReply(353)) - 19-OrderedRequestStreamObserver19: sendReply seq=431, RaftClientReply:client-EDB41257C35F->s2@group-5C26748AB2B1, cid=430, SUCCESS, logIndex=608, commits[s2:c611, s0:c596, s1:c596]
2019-09-24 16:16:34,961 DEBUG client.GrpcClientProtocolService (GrpcClientProtocolService.java:sendReply(353)) - 19-OrderedRequestStreamObserver19: sendReply seq=432, RaftClientReply:client-EDB41257C35F->s2@group-5C26748AB2B1, cid=431, SUCCESS, logIndex=609, commits[s2:c611, s0:c596, s1:c596]
2019-09-24 16:16:34,962 DEBUG client.GrpcClientProtocolService (GrpcClientProtocolService.java:sendReply(353)) - 19-OrderedRequestStreamObserver19: sendReply seq=433, RaftClientReply:client-EDB41257C35F->s2@group-5C26748AB2B1, cid=432, SUCCESS, logIndex=610, commits[s2:c611, s0:c596, s1:c596]
2019-09-24 16:16:34,963 DEBUG client.GrpcClientProtocolService (GrpcClientProtocolService.java:sendReply(353)) - 19-OrderedRequestStreamObserver19: sendReply seq=434, RaftClientReply:client-EDB41257C35F->s2@group-5C26748AB2B1, cid=433, SUCCESS, logIndex=611, commits[s2:c611, s0:c596, s1:c596]
2019-09-24 16:16:34,963 DEBUG client.GrpcClientProtocolService (GrpcClientProtocolService.java:sendReply(353)) - 19-OrderedRequestStreamObserver19: sendReply seq=435, RaftClientReply:client-EDB41257C35F->s2@group-5C26748AB2B1, cid=434, SUCCESS, logIndex=612, commits[s2:c612, s0:c596, s1:c596]
2019-09-24 16:16:34,964 DEBUG client.GrpcClientProtocolService (GrpcClientProtocolService.java:sendReply(353)) - 19-OrderedRequestStreamObserver19: sendReply seq=436, RaftClientReply:client-EDB41257C35F->s2@group-5C26748AB2B1, cid=435, SUCCESS, logIndex=614, commits[s2:c614, s0:c596, s1:c598]
2019-09-24 16:16:34,964 DEBUG client.GrpcClientProtocolService (GrpcClientProtocolService.java:sendReply(353)) - 19-OrderedRequestStreamObserver19: sendReply seq=437, RaftClientReply:client-EDB41257C35F->s2@group-5C26748AB2B1, cid=436, SUCCESS, logIndex=615, commits[s2:c615, s0:c596, s1:c601]
2019-09-24 16:16:34,964 DEBUG client.GrpcClientProtocolService (GrpcClientProtocolService.java:sendReply(353)) - 19-OrderedRequestStreamObserver19: sendReply seq=438, RaftClientReply:client-EDB41257C35F->s2@group-5C26748AB2B1, cid=437, SUCCESS, logIndex=617, commits[s2:c619, s0:c598, s1:c603]
2019-09-24 16:16:34,965 DEBUG client.GrpcClientProtocolService (GrpcClientProtocolService.java:sendReply(353)) - 19-OrderedRequestStreamObserver19: sendReply seq=439, RaftClientReply:client-EDB41257C35F->s2@group-5C26748AB2B1, cid=438, SUCCESS, logIndex=621, commits[s2:c621, s0:c598, s1:c603]
2019-09-24 16:16:34,965 DEBUG client.GrpcClientProtocolService (GrpcClientProtocolService.java:sendReply(353)) - 19-OrderedRequestStreamObserver19: sendReply seq=440, RaftClientReply:client-EDB41257C35F->s2@group-5C26748AB2B1, cid=439, SUCCESS, logIndex=627, commits[s2:c627, s0:c601, s1:c612]
2019-09-24 16:16:34,967 DEBUG client.GrpcClientProtocolService (GrpcClientProtocolService.java:sendReply(353)) - 19-OrderedRequestStreamObserver19: sendReply seq=441, RaftClientReply:client-EDB41257C35F->s2@group-5C26748AB2B1, cid=440, SUCCESS, logIndex=631, commits[s2:c631, s0:c615, s1:c615]
2019-09-24 16:16:34,968 DEBUG client.GrpcClientProtocolService (GrpcClientProtocolService.java:sendReply(353)) - 19-OrderedRequestStreamObserver19: sendReply seq=442, RaftClientReply:client-EDB41257C35F->s2@group-5C26748AB2B1, cid=441, SUCCESS, logIndex=633, commits[s2:c633, s0:c615, s1:c621]
2019-09-24 16:16:34,979 DEBUG client.GrpcClientProtocolService (GrpcClientProtocolService.java:sendReply(353)) - 19-OrderedRequestStreamObserver19: sendReply seq=443, RaftClientReply:client-EDB41257C35F->s2@group-5C26748AB2B1, cid=442, SUCCESS, logIndex=635, commits[s2:c635, s0:c627, s1:c628]
2019-09-24 16:16:34,980 DEBUG client.GrpcClientProtocolService (GrpcClientProtocolService.java:sendReply(353)) - 19-OrderedRequestStreamObserver19: sendReply seq=444, RaftClientReply:client-EDB41257C35F->s2@group-5C26748AB2B1, cid=443, SUCCESS, logIndex=636, commits[s2:c636, s0:c630, s1:c628]
2019-09-24 16:16:34,986 DEBUG client.GrpcClientProtocolService (GrpcClientProtocolService.java:sendReply(353)) - 19-OrderedRequestStreamObserver19: sendReply seq=445, RaftClientReply:client-EDB41257C35F->s2@group-5C26748AB2B1, cid=444, SUCCESS, logIndex=637, commits[s2:c637, s0:c630, s1:c630]
2019-09-24 16:16:34,988 DEBUG client.GrpcClientProtocolService (GrpcClientProtocolService.java:sendReply(353)) - 19-OrderedRequestStreamObserver19: sendReply seq=446, RaftClientReply:client-EDB41257C35F->s2@group-5C26748AB2B1, cid=445, SUCCESS, logIndex=638, commits[s2:c638, s0:c630, s1:c630]
2019-09-24 16:16:34,989 DEBUG client.GrpcClientProtocolService (GrpcClientProtocolService.java:sendReply(353)) - 19-OrderedRequestStreamObserver19: sendReply seq=447, RaftClientReply:client-EDB41257C35F->s2@group-5C26748AB2B1, cid=446, SUCCESS, logIndex=639, commits[s2:c641, s0:c630, s1:c631]
2019-09-24 16:16:34,989 DEBUG client.GrpcClientProtocolService (GrpcClientProtocolService.java:sendReply(353)) - 19-OrderedRequestStreamObserver19: sendReply seq=448, RaftClientReply:client-EDB41257C35F->s2@group-5C26748AB2B1, cid=447, SUCCESS, logIndex=640, commits[s2:c641, s0:c630, s1:c631]
2019-09-24 16:16:34,990 DEBUG client.GrpcClientProtocolService (GrpcClientProtocolService.java:sendReply(353)) - 19-OrderedRequestStreamObserver19: sendReply seq=449, RaftClientReply:client-EDB41257C35F->s2@group-5C26748AB2B1, cid=448, SUCCESS, logIndex=642, commits[s2:c646, s0:c630, s1:c633]
2019-09-24 16:16:34,992 DEBUG client.GrpcClientProtocolService (GrpcClientProtocolService.java:sendReply(353)) - 19-OrderedRequestStreamObserver19: sendReply seq=450, RaftClientReply:client-EDB41257C35F->s2@group-5C26748AB2B1, cid=449, SUCCESS, logIndex=643, commits[s2:c652, s0:c631, s1:c633]
2019-09-24 16:16:34,993 DEBUG client.GrpcClientProtocolService (GrpcClientProtocolService.java:sendReply(353)) - 19-OrderedRequestStreamObserver19: sendReply seq=451, RaftClientReply:client-EDB41257C35F->s2@group-5C26748AB2B1, cid=450, SUCCESS, logIndex=645, commits[s2:c652, s0:c631, s1:c633]
2019-09-24 16:16:34,993 DEBUG client.GrpcClientProtocolService (GrpcClientProtocolService.java:sendReply(353)) - 19-OrderedRequestStreamObserver19: sendReply seq=452, RaftClientReply:client-EDB41257C35F->s2@group-5C26748AB2B1, cid=451, SUCCESS, logIndex=646, commits[s2:c658, s0:c633, s1:c633]
2019-09-24 16:16:34,993 DEBUG client.GrpcClientProtocolService (GrpcClientProtocolService.java:sendReply(353)) - 19-OrderedRequestStreamObserver19: sendReply seq=453, RaftClientReply:client-EDB41257C35F->s2@group-5C26748AB2B1, cid=452, SUCCESS, logIndex=647, commits[s2:c658, s0:c633, s1:c633]
2019-09-24 16:16:34,993 DEBUG client.GrpcClientProtocolService (GrpcClientProtocolService.java:sendReply(353)) - 19-OrderedRequestStreamObserver19: sendReply seq=454, RaftClientReply:client-EDB41257C35F->s2@group-5C26748AB2B1, cid=453, SUCCESS, logIndex=648, commits[s2:c658, s0:c633, s1:c633]
2019-09-24 16:16:34,994 DEBUG client.GrpcClientProtocolService (GrpcClientProtocolService.java:sendReply(353)) - 19-OrderedRequestStreamObserver19: sendReply seq=455, RaftClientReply:client-EDB41257C35F->s2@group-5C26748AB2B1, cid=454, SUCCESS, logIndex=649, commits[s2:c658, s0:c633, s1:c633]
2019-09-24 16:16:34,994 DEBUG client.GrpcClientProtocolService (GrpcClientProtocolService.java:sendReply(353)) - 19-OrderedRequestStreamObserver19: sendReply seq=456, RaftClientReply:client-EDB41257C35F->s2@group-5C26748AB2B1, cid=455, SUCCESS, logIndex=650, commits[s2:c658, s0:c633, s1:c633]
2019-09-24 16:16:34,994 DEBUG client.GrpcClientProtocolService (GrpcClientProtocolService.java:sendReply(353)) - 19-OrderedRequestStreamObserver19: sendReply seq=457, RaftClientReply:client-EDB41257C35F->s2@group-5C26748AB2B1, cid=456, SUCCESS, logIndex=651, commits[s2:c662, s0:c633, s1:c633]
2019-09-24 16:16:34,996 DEBUG client.GrpcClientProtocolService (GrpcClientProtocolService.java:sendReply(353)) - 19-OrderedRequestStreamObserver19: sendReply seq=458, RaftClientReply:client-EDB41257C35F->s2@group-5C26748AB2B1, cid=457, SUCCESS, logIndex=652, commits[s2:c663, s0:c633, s1:c633]
2019-09-24 16:16:34,997 DEBUG client.GrpcClientProtocolService (GrpcClientProtocolService.java:sendReply(353)) - 19-OrderedRequestStreamObserver19: sendReply seq=459, RaftClientReply:client-EDB41257C35F->s2@group-5C26748AB2B1, cid=458, SUCCESS, logIndex=653, commits[s2:c663, s0:c633, s1:c633]
2019-09-24 16:16:34,997 DEBUG client.GrpcClientProtocolService (GrpcClientProtocolService.java:sendReply(353)) - 19-OrderedRequestStreamObserver19: sendReply seq=460, RaftClientReply:client-EDB41257C35F->s2@group-5C26748AB2B1, cid=459, SUCCESS, logIndex=654, commits[s2:c663, s0:c633, s1:c633]
2019-09-24 16:16:34,997 DEBUG client.GrpcClientProtocolService (GrpcClientProtocolService.java:sendReply(353)) - 19-OrderedRequestStreamObserver19: sendReply seq=461, RaftClientReply:client-EDB41257C35F->s2@group-5C26748AB2B1, cid=460, SUCCESS, logIndex=655, commits[s2:c663, s0:c633, s1:c633]
2019-09-24 16:16:34,998 DEBUG client.GrpcClientProtocolService (GrpcClientProtocolService.java:sendReply(353)) - 19-OrderedRequestStreamObserver19: sendReply seq=462, RaftClientReply:client-EDB41257C35F->s2@group-5C26748AB2B1, cid=461, SUCCESS, logIndex=656, commits[s2:c669, s0:c633, s1:c633]
2019-09-24 16:16:34,998 DEBUG client.GrpcClientProtocolService (GrpcClientProtocolService.java:sendReply(353)) - 19-OrderedRequestStreamObserver19: sendReply seq=463, RaftClientReply:client-EDB41257C35F->s2@group-5C26748AB2B1, cid=462, SUCCESS, logIndex=657, commits[s2:c673, s0:c633, s1:c633]
2019-09-24 16:16:34,998 DEBUG client.GrpcClientProtocolService (GrpcClientProtocolService.java:sendReply(353)) - 19-OrderedRequestStreamObserver19: sendReply seq=464, RaftClientReply:client-EDB41257C35F->s2@group-5C26748AB2B1, cid=463, SUCCESS, logIndex=658, commits[s2:c673, s0:c633, s1:c633]
2019-09-24 16:16:34,998 DEBUG client.GrpcClientProtocolService (GrpcClientProtocolService.java:sendReply(353)) - 19-OrderedRequestStreamObserver19: sendReply seq=465, RaftClientReply:client-EDB41257C35F->s2@group-5C26748AB2B1, cid=464, SUCCESS, logIndex=659, commits[s2:c676, s0:c633, s1:c633]
2019-09-24 16:16:34,999 DEBUG client.GrpcClientProtocolService (GrpcClientProtocolService.java:sendReply(353)) - 19-OrderedRequestStreamObserver19: sendReply seq=466, RaftClientReply:client-EDB41257C35F->s2@group-5C26748AB2B1, cid=465, SUCCESS, logIndex=660, commits[s2:c676, s0:c633, s1:c633]
2019-09-24 16:16:34,999 DEBUG client.GrpcClientProtocolService (GrpcClientProtocolService.java:sendReply(353)) - 19-OrderedRequestStreamObserver19: sendReply seq=467, RaftClientReply:client-EDB41257C35F->s2@group-5C26748AB2B1, cid=466, SUCCESS, logIndex=661, commits[s2:c678, s0:c633, s1:c633]
2019-09-24 16:16:35,001 DEBUG client.GrpcClientProtocolService (GrpcClientProtocolService.java:sendReply(353)) - 19-OrderedRequestStreamObserver19: sendReply seq=468, RaftClientReply:client-EDB41257C35F->s2@group-5C26748AB2B1, cid=467, SUCCESS, logIndex=662, commits[s2:c680, s0:c633, s1:c633]
2019-09-24 16:16:35,001 DEBUG client.GrpcClientProtocolService (GrpcClientProtocolService.java:sendReply(353)) - 19-OrderedRequestStreamObserver19: sendReply seq=469, RaftClientReply:client-EDB41257C35F->s2@group-5C26748AB2B1, cid=468, SUCCESS, logIndex=663, commits[s2:c681, s0:c633, s1:c633]
2019-09-24 16:16:35,001 DEBUG client.GrpcClientProtocolService (GrpcClientProtocolService.java:sendReply(353)) - 19-OrderedRequestStreamObserver19: sendReply seq=470, RaftClientReply:client-EDB41257C35F->s2@group-5C26748AB2B1, cid=469, SUCCESS, logIndex=664, commits[s2:c682, s0:c633, s1:c633]
2019-09-24 16:16:35,002 DEBUG client.GrpcClientProtocolService (GrpcClientProtocolService.java:sendReply(353)) - 19-OrderedRequestStreamObserver19: sendReply seq=471, RaftClientReply:client-EDB41257C35F->s2@group-5C26748AB2B1, cid=470, SUCCESS, logIndex=665, commits[s2:c685, s0:c633, s1:c633]
2019-09-24 16:16:35,002 DEBUG client.GrpcClientProtocolService (GrpcClientProtocolService.java:sendReply(353)) - 19-OrderedRequestStreamObserver19: sendReply seq=472, RaftClientReply:client-EDB41257C35F->s2@group-5C26748AB2B1, cid=471, SUCCESS, logIndex=666, commits[s2:c686, s0:c633, s1:c633]
2019-09-24 16:16:35,002 DEBUG client.GrpcClientProtocolService (GrpcClientProtocolService.java:sendReply(353)) - 19-OrderedRequestStreamObserver19: sendReply seq=473, RaftClientReply:client-EDB41257C35F->s2@group-5C26748AB2B1, cid=472, SUCCESS, logIndex=667, commits[s2:c689, s0:c633, s1:c633]
2019-09-24 16:16:35,002 DEBUG client.GrpcClientProtocolService (GrpcClientProtocolService.java:sendReply(353)) - 19-OrderedRequestStreamObserver19: sendReply seq=474, RaftClientReply:client-EDB41257C35F->s2@group-5C26748AB2B1, cid=473, SUCCESS, logIndex=668, commits[s2:c689, s0:c633, s1:c633]
2019-09-24 16:16:35,002 DEBUG client.GrpcClientProtocolService (GrpcClientProtocolService.java:sendReply(353)) - 19-OrderedRequestStreamObserver19: sendReply seq=475, RaftClientReply:client-EDB41257C35F->s2@group-5C26748AB2B1, cid=474, SUCCESS, logIndex=669, commits[s2:c689, s0:c633, s1:c633]
2019-09-24 16:16:35,004 DEBUG client.GrpcClientProtocolService (GrpcClientProtocolService.java:sendReply(353)) - 19-OrderedRequestStreamObserver19: sendReply seq=476, RaftClientReply:client-EDB41257C35F->s2@group-5C26748AB2B1, cid=475, SUCCESS, logIndex=670, commits[s2:c689, s0:c633, s1:c633]
2019-09-24 16:16:35,005 DEBUG client.GrpcClientProtocolService (GrpcClientProtocolService.java:sendReply(353)) - 19-OrderedRequestStreamObserver19: sendReply seq=477, RaftClientReply:client-EDB41257C35F->s2@group-5C26748AB2B1, cid=476, SUCCESS, logIndex=671, commits[s2:c695, s0:c633, s1:c633]
2019-09-24 16:16:35,005 DEBUG client.GrpcClientProtocolService (GrpcClientProtocolService.java:sendReply(353)) - 19-OrderedRequestStreamObserver19: sendReply seq=478, RaftClientReply:client-EDB41257C35F->s2@group-5C26748AB2B1, cid=477, SUCCESS, logIndex=672, commits[s2:c696, s0:c633, s1:c633]
2019-09-24 16:16:35,005 DEBUG client.GrpcClientProtocolService (GrpcClientProtocolService.java:sendReply(353)) - 19-OrderedRequestStreamObserver19: sendReply seq=479, RaftClientReply:client-EDB41257C35F->s2@group-5C26748AB2B1, cid=478, SUCCESS, logIndex=673, commits[s2:c696, s0:c633, s1:c633]
2019-09-24 16:16:35,005 DEBUG client.GrpcClientProtocolService (GrpcClientProtocolService.java:sendReply(353)) - 19-OrderedRequestStreamObserver19: sendReply seq=480, RaftClientReply:client-EDB41257C35F->s2@group-5C26748AB2B1, cid=479, SUCCESS, logIndex=674, commits[s2:c696, s0:c633, s1:c633]
2019-09-24 16:16:35,005 DEBUG client.GrpcClientProtocolService (GrpcClientProtocolService.java:sendReply(353)) - 19-OrderedRequestStreamObserver19: sendReply seq=481, RaftClientReply:client-EDB41257C35F->s2@group-5C26748AB2B1, cid=480, SUCCESS, logIndex=675, commits[s2:c696, s0:c633, s1:c633]
2019-09-24 16:16:35,005 DEBUG client.GrpcClientProtocolService (GrpcClientProtocolService.java:sendReply(353)) - 19-OrderedRequestStreamObserver19: sendReply seq=482, RaftClientReply:client-EDB41257C35F->s2@group-5C26748AB2B1, cid=481, SUCCESS, logIndex=676, commits[s2:c696, s0:c633, s1:c633]
2019-09-24 16:16:35,006 DEBUG client.GrpcClientProtocolService (GrpcClientProtocolService.java:sendReply(353)) - 19-OrderedRequestStreamObserver19: sendReply seq=483, RaftClientReply:client-EDB41257C35F->s2@group-5C26748AB2B1, cid=482, SUCCESS, logIndex=677, commits[s2:c696, s0:c633, s1:c633]
2019-09-24 16:16:35,006 DEBUG client.GrpcClientProtocolService (GrpcClientProtocolService.java:sendReply(353)) - 19-OrderedRequestStreamObserver19: sendReply seq=484, RaftClientReply:client-EDB41257C35F->s2@group-5C26748AB2B1, cid=483, SUCCESS, logIndex=678, commits[s2:c696, s0:c633, s1:c633]
2019-09-24 16:16:35,006 DEBUG client.GrpcClientProtocolService (GrpcClientProtocolService.java:sendReply(353)) - 19-OrderedRequestStreamObserver19: sendReply seq=485, RaftClientReply:client-EDB41257C35F->s2@group-5C26748AB2B1, cid=484, SUCCESS, logIndex=679, commits[s2:c696, s0:c633, s1:c633]
2019-09-24 16:16:35,006 DEBUG client.GrpcClientProtocolService (GrpcClientProtocolService.java:sendReply(353)) - 19-OrderedRequestStreamObserver19: sendReply seq=486, RaftClientReply:client-EDB41257C35F->s2@group-5C26748AB2B1, cid=485, SUCCESS, logIndex=680, commits[s2:c696, s0:c633, s1:c633]
2019-09-24 16:16:35,006 DEBUG client.GrpcClientProtocolService (GrpcClientProtocolService.java:sendReply(353)) - 19-OrderedRequestStreamObserver19: sendReply seq=487, RaftClientReply:client-EDB41257C35F->s2@group-5C26748AB2B1, cid=486, SUCCESS, logIndex=681, commits[s2:c696, s0:c633, s1:c633]
2019-09-24 16:16:35,006 DEBUG client.GrpcClientProtocolService (GrpcClientProtocolService.java:sendReply(353)) - 19-OrderedRequestStreamObserver19: sendReply seq=488, RaftClientReply:client-EDB41257C35F->s2@group-5C26748AB2B1, cid=487, SUCCESS, logIndex=682, commits[s2:c696, s0:c633, s1:c633]
2019-09-24 16:16:35,131 DEBUG client.GrpcClientProtocolService (GrpcClientProtocolService.java:sendReply(353)) - 19-OrderedRequestStreamObserver19: sendReply seq=489, RaftClientReply:client-EDB41257C35F->s2@group-5C26748AB2B1, cid=488, SUCCESS, logIndex=683, commits[s2:c696, s0:c633, s1:c633]
2019-09-24 16:16:35,134 DEBUG client.GrpcClientProtocolService (GrpcClientProtocolService.java:sendReply(353)) - 19-OrderedRequestStreamObserver19: sendReply seq=490, RaftClientReply:client-EDB41257C35F->s2@group-5C26748AB2B1, cid=489, SUCCESS, logIndex=684, commits[s2:c696, s0:c633, s1:c633]
2019-09-24 16:16:35,134 DEBUG client.GrpcClientProtocolService (GrpcClientProtocolService.java:sendReply(353)) - 19-OrderedRequestStreamObserver19: sendReply seq=491, RaftClientReply:client-EDB41257C35F->s2@group-5C26748AB2B1, cid=490, SUCCESS, logIndex=685, commits[s2:c696, s0:c633, s1:c633]
2019-09-24 16:16:35,135 DEBUG client.GrpcClientProtocolService (GrpcClientProtocolService.java:sendReply(353)) - 19-OrderedRequestStreamObserver19: sendReply seq=492, RaftClientReply:client-EDB41257C35F->s2@group-5C26748AB2B1, cid=491, SUCCESS, logIndex=686, commits[s2:c696, s0:c633, s1:c633]
2019-09-24 16:16:35,135 DEBUG client.GrpcClientProtocolService (GrpcClientProtocolService.java:sendReply(353)) - 19-OrderedRequestStreamObserver19: sendReply seq=493, RaftClientReply:client-EDB41257C35F->s2@group-5C26748AB2B1, cid=492, SUCCESS, logIndex=687, commits[s2:c697, s0:c633, s1:c633]
2019-09-24 16:16:35,136 DEBUG client.GrpcClientProtocolService (GrpcClientProtocolService.java:sendReply(353)) - 19-OrderedRequestStreamObserver19: sendReply seq=494, RaftClientReply:client-EDB41257C35F->s2@group-5C26748AB2B1, cid=493, SUCCESS, logIndex=688, commits[s2:c697, s0:c634, s1:c633]
2019-09-24 16:16:35,136 DEBUG client.GrpcClientProtocolService (GrpcClientProtocolService.java:sendReply(353)) - 19-OrderedRequestStreamObserver19: sendReply seq=495, RaftClientReply:client-EDB41257C35F->s2@group-5C26748AB2B1, cid=494, SUCCESS, logIndex=689, commits[s2:c699, s0:c634, s1:c633]
2019-09-24 16:16:35,137 DEBUG client.GrpcClientProtocolService (GrpcClientProtocolService.java:sendReply(353)) - 19-OrderedRequestStreamObserver19: sendReply seq=496, RaftClientReply:client-EDB41257C35F->s2@group-5C26748AB2B1, cid=495, SUCCESS, logIndex=690, commits[s2:c699, s0:c634, s1:c633]
2019-09-24 16:16:35,137 DEBUG client.GrpcClientProtocolService (GrpcClientProtocolService.java:sendReply(353)) - 19-OrderedRequestStreamObserver19: sendReply seq=497, RaftClientReply:client-EDB41257C35F->s2@group-5C26748AB2B1, cid=496, SUCCESS, logIndex=691, commits[s2:c699, s0:c634, s1:c633]
2019-09-24 16:16:35,138 DEBUG client.GrpcClientProtocolService (GrpcClientProtocolService.java:sendReply(353)) - 19-OrderedRequestStreamObserver19: sendReply seq=498, RaftClientReply:client-EDB41257C35F->s2@group-5C26748AB2B1, cid=497, SUCCESS, logIndex=692, commits[s2:c699, s0:c634, s1:c633]
2019-09-24 16:16:35,138 DEBUG client.GrpcClientProtocolService (GrpcClientProtocolService.java:sendReply(353)) - 19-OrderedRequestStreamObserver19: sendReply seq=499, RaftClientReply:client-EDB41257C35F->s2@group-5C26748AB2B1, cid=498, SUCCESS, logIndex=693, commits[s2:c699, s0:c634, s1:c633]
2019-09-24 16:16:35,138 DEBUG client.GrpcClientProtocolService (GrpcClientProtocolService.java:sendReply(353)) - 19-OrderedRequestStreamObserver19: sendReply seq=500, RaftClientReply:client-EDB41257C35F->s2@group-5C26748AB2B1, cid=499, SUCCESS, logIndex=694, commits[s2:c699, s0:c634, s1:c633]
2019-09-24 16:16:35,139 DEBUG client.GrpcClientProtocolService (GrpcClientProtocolService.java:sendReply(353)) - 19-OrderedRequestStreamObserver19: sendReply seq=501, RaftClientReply:client-EDB41257C35F->s2@group-5C26748AB2B1, cid=500, SUCCESS, logIndex=695, commits[s2:c699, s0:c634, s1:c633]
2019-09-24 16:16:35,139 DEBUG client.GrpcClientProtocolService (GrpcClientProtocolService.java:sendReply(353)) - 19-OrderedRequestStreamObserver19: sendReply seq=502, RaftClientReply:client-EDB41257C35F->s2@group-5C26748AB2B1, cid=501, SUCCESS, logIndex=696, commits[s2:c699, s0:c634, s1:c633]
2019-09-24 16:16:35,140 DEBUG client.GrpcClientProtocolService (GrpcClientProtocolService.java:sendReply(353)) - 19-OrderedRequestStreamObserver19: sendReply seq=503, RaftClientReply:client-EDB41257C35F->s2@group-5C26748AB2B1, cid=502, SUCCESS, logIndex=697, commits[s2:c699, s0:c634, s1:c633]
2019-09-24 16:16:35,140 DEBUG client.GrpcClientProtocolService (GrpcClientProtocolService.java:sendReply(353)) - 19-OrderedRequestStreamObserver19: sendReply seq=504, RaftClientReply:client-EDB41257C35F->s2@group-5C26748AB2B1, cid=503, SUCCESS, logIndex=698, commits[s2:c699, s0:c634, s1:c633]
2019-09-24 16:16:35,141 DEBUG client.GrpcClientProtocolService (GrpcClientProtocolService.java:sendReply(353)) - 19-OrderedRequestStreamObserver19: sendReply seq=505, RaftClientReply:client-EDB41257C35F->s2@group-5C26748AB2B1, cid=504, SUCCESS, logIndex=699, commits[s2:c699, s0:c634, s1:c633]
2019-09-24 16:16:35,142 DEBUG client.GrpcClientProtocolService (GrpcClientProtocolService.java:sendReply(353)) - 19-OrderedRequestStreamObserver19: sendReply seq=506, RaftClientReply:client-EDB41257C35F->s2@group-5C26748AB2B1, cid=505, SUCCESS, logIndex=701, commits[s2:c701, s0:c635, s1:c633]
2019-09-24 16:16:35,143 DEBUG client.GrpcClientProtocolService (GrpcClientProtocolService.java:sendReply(353)) - 19-OrderedRequestStreamObserver19: sendReply seq=507, RaftClientReply:client-EDB41257C35F->s2@group-5C26748AB2B1, cid=506, SUCCESS, logIndex=702, commits[s2:c703, s0:c636, s1:c633]
2019-09-24 16:16:35,650 DEBUG client.GrpcClientProtocolService (GrpcClientProtocolService.java:sendReply(353)) - 19-OrderedRequestStreamObserver19: sendReply seq=508, RaftClientReply:client-EDB41257C35F->s2@group-5C26748AB2B1, cid=507, SUCCESS, logIndex=710, commits[s2:c733, s0:c699, s1:c699]
2019-09-24 16:16:35,651 DEBUG client.GrpcClientProtocolService (GrpcClientProtocolService.java:sendReply(353)) - 19-OrderedRequestStreamObserver19: sendReply seq=509, RaftClientReply:client-EDB41257C35F->s2@group-5C26748AB2B1, cid=508, SUCCESS, logIndex=722, commits[s2:c733, s0:c699, s1:c699]
2019-09-24 16:16:35,655 DEBUG client.GrpcClientProtocolService (GrpcClientProtocolService.java:sendReply(353)) - 19-OrderedRequestStreamObserver19: sendReply seq=510, RaftClientReply:client-EDB41257C35F->s2@group-5C26748AB2B1, cid=509, SUCCESS, logIndex=734, commits[s2:c734, s0:c708, s1:c699]
2019-09-24 16:16:35,705 DEBUG client.GrpcClientProtocolService (GrpcClientProtocolService.java:sendReply(353)) - 19-OrderedRequestStreamObserver19: sendReply seq=511, RaftClientReply:client-EDB41257C35F->s2@group-5C26748AB2B1, cid=510, SUCCESS, logIndex=740, commits[s2:c740, s0:c708, s1:c708]
2019-09-24 16:16:38,051 DEBUG client.GrpcClientProtocolService (GrpcClientProtocolService.java:responseError(257)) - 19-OrderedRequestStreamObserver19: Failed onNext for client-EDB41257C35F->s2#511-512* in 19-OrderedRequestStreamObserver19
java.lang.IllegalStateException: Entry already exists for key 512 in map SlidingWindow$Server:19-OrderedRequestStreamObserver19:requests
	at org.apache.ratis.util.Preconditions.assertTrue(Preconditions.java:75)
	at org.apache.ratis.util.CollectionUtils.putNew(CollectionUtils.java:94)
	at org.apache.ratis.util.SlidingWindow$RequestMap.putNewRequest(SlidingWindow.java:126)
	at org.apache.ratis.util.SlidingWindow$Server.receivedRequest(SlidingWindow.java:420)
	at org.apache.ratis.grpc.client.GrpcClientProtocolService$OrderedRequestStreamObserver.processClientRequest(GrpcClientProtocolService.java:345)
	at org.apache.ratis.grpc.client.GrpcClientProtocolService$RequestStreamObserver.onNext(GrpcClientProtocolService.java:240)
	at org.apache.ratis.grpc.client.GrpcClientProtocolService$RequestStreamObserver.onNext(GrpcClientProtocolService.java:168)
	at org.apache.ratis.thirdparty.io.grpc.stub.ServerCalls$StreamingServerCallHandler$StreamingServerCallListener.onMessage(ServerCalls.java:248)
	at org.apache.ratis.thirdparty.io.grpc.internal.ServerCallImpl$ServerStreamListenerImpl.messagesAvailable(ServerCallImpl.java:263)
	at org.apache.ratis.thirdparty.io.grpc.internal.ServerImpl$JumpToApplicationThreadServerStreamListener$1MessagesAvailable.runInContext(ServerImpl.java:686)
	at org.apache.ratis.thirdparty.io.grpc.internal.ContextRunnable.run(ContextRunnable.java:37)
	at org.apache.ratis.thirdparty.io.grpc.internal.SerializingExecutor.run(SerializingExecutor.java:123)
	at java.util.concurrent.ThreadPoolExecutor.runWorker(ThreadPoolExecutor.java:1149)
	at java.util.concurrent.ThreadPoolExecutor$Worker.run(ThreadPoolExecutor.java:624)
	at java.lang.Thread.run(Thread.java:748)
2019-09-24 16:16:38,142 WARN  server.GrpcLogAppender (GrpcLogAppender.java:timeoutAppendRequest(200)) - s2@group-5C26748AB2B1->s1-GrpcLogAppender: appendEntries Timeout, request=s2->s1#861-t3, previous=(t:3, i:739), leaderCommit=708, initializing? false, entries: size=1, first=(t:3, i:740), STATEMACHINELOGENTRY, client-EDB41257C35F, cid=510
2019-09-24 16:16:38,143 WARN  server.GrpcLogAppender (GrpcLogAppender.java:timeoutAppendRequest(200)) - s2@group-5C26748AB2B1->s1-GrpcLogAppender: appendEntries Timeout, request=s2->s1#862-t3, previous=(t:3, i:740), leaderCommit=708, initializing? false, entries: size=1, first=(t:3, i:741), METADATAENTRY(c722)
2019-09-24 16:16:38,143 WARN  server.GrpcLogAppender (GrpcLogAppender.java:timeoutAppendRequest(200)) - s2@group-5C26748AB2B1->s0-GrpcLogAppender: appendEntries Timeout, request=s2->s0#737-t3, previous=(t:3, i:740), leaderCommit=708, initializing? false, entries: size=1, first=(t:3, i:741), METADATAENTRY(c722)
2019-09-24 16:16:38,144 WARN  server.GrpcLogAppender (GrpcLogAppender.java:timeoutAppendRequest(200)) - s2@group-5C26748AB2B1->s0-GrpcLogAppender: appendEntries Timeout, request=s2->s0#738-t3, previous=(t:3, i:741), leaderCommit=708, initializing? false, entries: size=1, first=(t:3, i:742), STATEMACHINELOGENTRY, client-EDB41257C35F, cid=511
2019-09-24 16:16:38,144 WARN  server.GrpcLogAppender (GrpcLogAppender.java:timeoutAppendRequest(200)) - s2@group-5C26748AB2B1->s1-GrpcLogAppender: appendEntries Timeout, request=s2->s1#863-t3, previous=(t:3, i:741), leaderCommit=708, initializing? false, entries: size=1, first=(t:3, i:742), STATEMACHINELOGENTRY, client-EDB41257C35F, cid=511
2019-09-24 16:16:38,144 WARN  server.GrpcLogAppender (GrpcLogAppender.java:timeoutAppendRequest(200)) - s2@group-5C26748AB2B1->s0-GrpcLogAppender: appendEntries Timeout, request=s2->s0#739-t3, previous=(t:3, i:742), leaderCommit=708, initializing? false, entries: size=1, first=(t:3, i:743), STATEMACHINELOGENTRY, client-EDB41257C35F, cid=512
2019-09-24 16:16:38,144 WARN  server.GrpcLogAppender (GrpcLogAppender.java:timeoutAppendRequest(200)) - s2@group-5C26748AB2B1->s1-GrpcLogAppender: appendEntries Timeout, request=s2->s1#864-t3, previous=(t:3, i:742), leaderCommit=708, initializing? false, entries: size=1, first=(t:3, i:743), STATEMACHINELOGENTRY, client-EDB41257C35F, cid=512
2019-09-24 16:16:38,144 WARN  server.GrpcLogAppender (GrpcLogAppender.java:timeoutAppendRequest(200)) - s2@group-5C26748AB2B1->s0-GrpcLogAppender: appendEntries Timeout, request=s2->s0#740-t3, previous=(t:3, i:743), leaderCommit=708, initializing? false, entries: size=1, first=(t:3, i:744), STATEMACHINELOGENTRY, client-EDB41257C35F, cid=513
2019-09-24 16:16:38,145 WARN  server.GrpcLogAppender (GrpcLogAppender.java:timeoutAppendRequest(200)) - s2@group-5C26748AB2B1->s1-GrpcLogAppender: appendEntries Timeout, request=s2->s1#865-t3, previous=(t:3, i:743), leaderCommit=708, initializing? false, entries: size=1, first=(t:3, i:744), STATEMACHINELOGENTRY, client-EDB41257C35F, cid=513
2019-09-24 16:16:38,145 WARN  server.GrpcLogAppender (GrpcLogAppender.java:timeoutAppendRequest(200)) - s2@group-5C26748AB2B1->s0-GrpcLogAppender: appendEntries Timeout, request=s2->s0#741-t3, previous=(t:3, i:744), leaderCommit=708, initializing? false, entries: size=1, first=(t:3, i:745), STATEMACHINELOGENTRY, client-EDB41257C35F, cid=514
2019-09-24 16:16:38,145 WARN  server.GrpcLogAppender (GrpcLogAppender.java:timeoutAppendRequest(200)) - s2@group-5C26748AB2B1->s1-GrpcLogAppender: appendEntries Timeout, request=s2->s1#866-t3, previous=(t:3, i:744), leaderCommit=708, initializing? false, entries: size=1, first=(t:3, i:745), STATEMACHINELOGENTRY, client-EDB41257C35F, cid=514
2019-09-24 16:16:38,145 WARN  server.GrpcLogAppender (GrpcLogAppender.java:timeoutAppendRequest(200)) - s2@group-5C26748AB2B1->s0-GrpcLogAppender: appendEntries Timeout, request=s2->s0#742-t3, previous=(t:3, i:745), leaderCommit=708, initializing? false, entries: size=1, first=(t:3, i:746), STATEMACHINELOGENTRY, client-EDB41257C35F, cid=515
2019-09-24 16:16:38,145 WARN  server.GrpcLogAppender (GrpcLogAppender.java:timeoutAppendRequest(200)) - s2@group-5C26748AB2B1->s1-GrpcLogAppender: appendEntries Timeout, request=s2->s1#867-t3, previous=(t:3, i:745), leaderCommit=708, initializing? false, entries: size=1, first=(t:3, i:746), STATEMACHINELOGENTRY, client-EDB41257C35F, cid=515
2019-09-24 16:16:38,145 WARN  server.GrpcLogAppender (GrpcLogAppender.java:timeoutAppendRequest(200)) - s2@group-5C26748AB2B1->s0-GrpcLogAppender: appendEntries Timeout, request=s2->s0#743-t3, previous=(t:3, i:746), leaderCommit=708, initializing? false, entries: size=1, first=(t:3, i:747), STATEMACHINELOGENTRY, client-EDB41257C35F, cid=516
2019-09-24 16:16:38,146 WARN  server.GrpcLogAppender (GrpcLogAppender.java:timeoutAppendRequest(200)) - s2@group-5C26748AB2B1->s1-GrpcLogAppender: appendEntries Timeout, request=s2->s1#868-t3, previous=(t:3, i:746), leaderCommit=708, initializing? false, entries: size=1, first=(t:3, i:747), STATEMACHINELOGENTRY, client-EDB41257C35F, cid=516
2019-09-24 16:16:38,146 WARN  server.GrpcLogAppender (GrpcLogAppender.java:timeoutAppendRequest(200)) - s2@group-5C26748AB2B1->s0-GrpcLogAppender: appendEntries Timeout, request=s2->s0#744-t3, previous=(t:3, i:747), leaderCommit=708, initializing? false, entries: size=1, first=(t:3, i:748), STATEMACHINELOGENTRY, client-EDB41257C35F, cid=517
2019-09-24 16:16:38,146 WARN  server.GrpcLogAppender (GrpcLogAppender.java:timeoutAppendRequest(200)) - s2@group-5C26748AB2B1->s1-GrpcLogAppender: appendEntries Timeout, request=s2->s1#869-t3, previous=(t:3, i:747), leaderCommit=708, initializing? false, entries: size=1, first=(t:3, i:748), STATEMACHINELOGENTRY, client-EDB41257C35F, cid=517
2019-09-24 16:16:38,146 WARN  server.GrpcLogAppender (GrpcLogAppender.java:timeoutAppendRequest(200)) - s2@group-5C26748AB2B1->s0-GrpcLogAppender: appendEntries Timeout, request=s2->s0#745-t3, previous=(t:3, i:748), leaderCommit=708, initializing? false, entries: size=1, first=(t:3, i:749), STATEMACHINELOGENTRY, client-EDB41257C35F, cid=518
2019-09-24 16:16:38,146 WARN  server.GrpcLogAppender (GrpcLogAppender.java:timeoutAppendRequest(200)) - s2@group-5C26748AB2B1->s1-GrpcLogAppender: appendEntries Timeout, request=s2->s1#870-t3, previous=(t:3, i:748), leaderCommit=708, initializing? false, entries: size=1, first=(t:3, i:749), STATEMACHINELOGENTRY, client-EDB41257C35F, cid=518
2019-09-24 16:16:38,146 WARN  server.GrpcLogAppender (GrpcLogAppender.java:timeoutAppendRequest(200)) - s2@group-5C26748AB2B1->s0-GrpcLogAppender: appendEntries Timeout, request=s2->s0#746-t3, previous=(t:3, i:749), leaderCommit=708, initializing? false, entries: size=1, first=(t:3, i:750), STATEMACHINELOGENTRY, client-EDB41257C35F, cid=519
2019-09-24 16:16:38,146 WARN  server.GrpcLogAppender (GrpcLogAppender.java:timeoutAppendRequest(200)) - s2@group-5C26748AB2B1->s1-GrpcLogAppender: appendEntries Timeout, request=s2->s1#871-t3, previous=(t:3, i:749), leaderCommit=708, initializing? false, entries: size=1, first=(t:3, i:750), STATEMACHINELOGENTRY, client-EDB41257C35F, cid=519
2019-09-24 16:16:38,147 WARN  server.GrpcLogAppender (GrpcLogAppender.java:timeoutAppendRequest(200)) - s2@group-5C26748AB2B1->s0-GrpcLogAppender: appendEntries Timeout, request=s2->s0#747-t3, previous=(t:3, i:750), leaderCommit=708, initializing? false, entries: size=1, first=(t:3, i:751), STATEMACHINELOGENTRY, client-EDB41257C35F, cid=520
2019-09-24 16:16:38,147 WARN  server.GrpcLogAppender (GrpcLogAppender.java:timeoutAppendRequest(200)) - s2@group-5C26748AB2B1->s1-GrpcLogAppender: appendEntries Timeout, request=s2->s1#872-t3, previous=(t:3, i:750), leaderCommit=708, initializing? false, entries: size=1, first=(t:3, i:751), STATEMACHINELOGENTRY, client-EDB41257C35F, cid=520
2019-09-24 16:16:38,147 WARN  server.GrpcLogAppender (GrpcLogAppender.java:timeoutAppendRequest(200)) - s2@group-5C26748AB2B1->s0-GrpcLogAppender: appendEntries Timeout, request=s2->s0#748-t3, previous=(t:3, i:751), leaderCommit=708, initializing? false, entries: size=1, first=(t:3, i:752), STATEMACHINELOGENTRY, client-EDB41257C35F, cid=521
2019-09-24 16:16:38,147 WARN  server.GrpcLogAppender (GrpcLogAppender.java:timeoutAppendRequest(200)) - s2@group-5C26748AB2B1->s1-GrpcLogAppender: appendEntries Timeout, request=s2->s1#873-t3, previous=(t:3, i:751), leaderCommit=708, initializing? false, entries: size=1, first=(t:3, i:752), STATEMACHINELOGENTRY, client-EDB41257C35F, cid=521
2019-09-24 16:16:38,147 WARN  server.GrpcLogAppender (GrpcLogAppender.java:timeoutAppendRequest(200)) - s2@group-5C26748AB2B1->s0-GrpcLogAppender: appendEntries Timeout, request=s2->s0#749-t3, previous=(t:3, i:752), leaderCommit=708, initializing? false, entries: size=1, first=(t:3, i:753), STATEMACHINELOGENTRY, client-EDB41257C35F, cid=522
2019-09-24 16:16:38,147 WARN  server.GrpcLogAppender (GrpcLogAppender.java:timeoutAppendRequest(200)) - s2@group-5C26748AB2B1->s1-GrpcLogAppender: appendEntries Timeout, request=s2->s1#874-t3, previous=(t:3, i:752), leaderCommit=708, initializing? false, entries: size=1, first=(t:3, i:753), STATEMACHINELOGENTRY, client-EDB41257C35F, cid=522
2019-09-24 16:16:38,148 WARN  server.GrpcLogAppender (GrpcLogAppender.java:timeoutAppendRequest(200)) - s2@group-5C26748AB2B1->s0-GrpcLogAppender: appendEntries Timeout, request=s2->s0#750-t3, previous=(t:3, i:753), leaderCommit=708, initializing? false, entries: size=1, first=(t:3, i:754), STATEMACHINELOGENTRY, client-EDB41257C35F, cid=523
2019-09-24 16:16:38,148 WARN  server.GrpcLogAppender (GrpcLogAppender.java:timeoutAppendRequest(200)) - s2@group-5C26748AB2B1->s1-GrpcLogAppender: appendEntries Timeout, request=s2->s1#875-t3, previous=(t:3, i:753), leaderCommit=708, initializing? false, entries: size=1, first=(t:3, i:754), STATEMACHINELOGENTRY, client-EDB41257C35F, cid=523
2019-09-24 16:16:38,148 WARN  server.GrpcLogAppender (GrpcLogAppender.java:timeoutAppendRequest(200)) - s2@group-5C26748AB2B1->s0-GrpcLogAppender: appendEntries Timeout, request=s2->s0#751-t3, previous=(t:3, i:754), leaderCommit=708, initializing? false, entries: size=1, first=(t:3, i:755), STATEMACHINELOGENTRY, client-EDB41257C35F, cid=524
2019-09-24 16:16:38,148 WARN  server.GrpcLogAppender (GrpcLogAppender.java:timeoutAppendRequest(200)) - s2@group-5C26748AB2B1->s1-GrpcLogAppender: appendEntries Timeout, request=s2->s1#876-t3, previous=(t:3, i:754), leaderCommit=708, initializing? false, entries: size=1, first=(t:3, i:755), STATEMACHINELOGENTRY, client-EDB41257C35F, cid=524
2019-09-24 16:16:38,148 WARN  server.GrpcLogAppender (GrpcLogAppender.java:timeoutAppendRequest(200)) - s2@group-5C26748AB2B1->s0-GrpcLogAppender: appendEntries Timeout, request=s2->s0#752-t3, previous=(t:3, i:755), leaderCommit=708, initializing? false, entries: size=1, first=(t:3, i:756), STATEMACHINELOGENTRY, client-EDB41257C35F, cid=525
2019-09-24 16:16:38,148 WARN  server.GrpcLogAppender (GrpcLogAppender.java:timeoutAppendRequest(200)) - s2@group-5C26748AB2B1->s1-GrpcLogAppender: appendEntries Timeout, request=s2->s1#877-t3, previous=(t:3, i:755), leaderCommit=708, initializing? false, entries: size=1, first=(t:3, i:756), STATEMACHINELOGENTRY, client-EDB41257C35F, cid=525
2019-09-24 16:16:38,148 WARN  server.GrpcLogAppender (GrpcLogAppender.java:timeoutAppendRequest(200)) - s2@group-5C26748AB2B1->s0-GrpcLogAppender: appendEntries Timeout, request=s2->s0#753-t3, previous=(t:3, i:756), leaderCommit=708, initializing? false, entries: size=1, first=(t:3, i:757), STATEMACHINELOGENTRY, client-EDB41257C35F, cid=526
2019-09-24 16:16:38,149 WARN  server.GrpcLogAppender (GrpcLogAppender.java:timeoutAppendRequest(200)) - s2@group-5C26748AB2B1->s1-GrpcLogAppender: appendEntries Timeout, request=s2->s1#878-t3, previous=(t:3, i:756), leaderCommit=708, initializing? false, entries: size=1, first=(t:3, i:757), STATEMACHINELOGENTRY, client-EDB41257C35F, cid=526
2019-09-24 16:16:38,149 WARN  server.GrpcLogAppender (GrpcLogAppender.java:timeoutAppendRequest(200)) - s2@group-5C26748AB2B1->s0-GrpcLogAppender: appendEntries Timeout, request=s2->s0#754-t3, previous=(t:3, i:757), leaderCommit=708, initializing? false, entries: size=1, first=(t:3, i:758), STATEMACHINELOGENTRY, client-EDB41257C35F, cid=527
2019-09-24 16:16:38,149 WARN  server.GrpcLogAppender (GrpcLogAppender.java:timeoutAppendRequest(200)) - s2@group-5C26748AB2B1->s1-GrpcLogAppender: appendEntries Timeout, request=s2->s1#879-t3, previous=(t:3, i:757), leaderCommit=708, initializing? false, entries: size=1, first=(t:3, i:758), STATEMACHINELOGENTRY, client-EDB41257C35F, cid=527
2019-09-24 16:16:38,149 WARN  server.GrpcLogAppender (GrpcLogAppender.java:timeoutAppendRequest(200)) - s2@group-5C26748AB2B1->s0-GrpcLogAppender: appendEntries Timeout, request=s2->s0#755-t3, previous=(t:3, i:758), leaderCommit=708, initializing? false, entries: size=1, first=(t:3, i:759), STATEMACHINELOGENTRY, client-EDB41257C35F, cid=528
2019-09-24 16:16:38,149 WARN  server.GrpcLogAppender (GrpcLogAppender.java:timeoutAppendRequest(200)) - s2@group-5C26748AB2B1->s1-GrpcLogAppender: appendEntries Timeout, request=s2->s1#880-t3, previous=(t:3, i:758), leaderCommit=708, initializing? false, entries: size=1, first=(t:3, i:759), STATEMACHINELOGENTRY, client-EDB41257C35F, cid=528
2019-09-24 16:16:38,149 WARN  server.GrpcLogAppender (GrpcLogAppender.java:timeoutAppendRequest(200)) - s2@group-5C26748AB2B1->s0-GrpcLogAppender: appendEntries Timeout, request=s2->s0#756-t3, previous=(t:3, i:759), leaderCommit=708, initializing? false, entries: size=1, first=(t:3, i:760), STATEMACHINELOGENTRY, client-EDB41257C35F, cid=529
2019-09-24 16:16:38,150 WARN  server.GrpcLogAppender (GrpcLogAppender.java:timeoutAppendRequest(200)) - s2@group-5C26748AB2B1->s1-GrpcLogAppender: appendEntries Timeout, request=s2->s1#881-t3, previous=(t:3, i:759), leaderCommit=708, initializing? false, entries: size=1, first=(t:3, i:760), STATEMACHINELOGENTRY, client-EDB41257C35F, cid=529
2019-09-24 16:16:38,150 WARN  server.GrpcLogAppender (GrpcLogAppender.java:timeoutAppendRequest(200)) - s2@group-5C26748AB2B1->s0-GrpcLogAppender: appendEntries Timeout, request=s2->s0#757-t3, previous=(t:3, i:760), leaderCommit=708, initializing? false, entries: size=1, first=(t:3, i:761), STATEMACHINELOGENTRY, client-EDB41257C35F, cid=530
2019-09-24 16:16:38,150 WARN  server.GrpcLogAppender (GrpcLogAppender.java:timeoutAppendRequest(200)) - s2@group-5C26748AB2B1->s1-GrpcLogAppender: appendEntries Timeout, request=s2->s1#882-t3, previous=(t:3, i:760), leaderCommit=708, initializing? false, entries: size=1, first=(t:3, i:761), STATEMACHINELOGENTRY, client-EDB41257C35F, cid=530
2019-09-24 16:16:38,150 WARN  server.GrpcLogAppender (GrpcLogAppender.java:timeoutAppendRequest(200)) - s2@group-5C26748AB2B1->s0-GrpcLogAppender: appendEntries Timeout, request=s2->s0#758-t3, previous=(t:3, i:761), leaderCommit=708, initializing? false, entries: size=1, first=(t:3, i:762), STATEMACHINELOGENTRY, client-EDB41257C35F, cid=531
2019-09-24 16:16:38,150 WARN  server.GrpcLogAppender (GrpcLogAppender.java:timeoutAppendRequest(200)) - s2@group-5C26748AB2B1->s1-GrpcLogAppender: appendEntries Timeout, request=s2->s1#883-t3, previous=(t:3, i:761), leaderCommit=708, initializing? false, entries: size=1, first=(t:3, i:762), STATEMACHINELOGENTRY, client-EDB41257C35F, cid=531
2019-09-24 16:16:38,150 WARN  server.GrpcLogAppender (GrpcLogAppender.java:timeoutAppendRequest(200)) - s2@group-5C26748AB2B1->s0-GrpcLogAppender: appendEntries Timeout, request=s2->s0#759-t3, previous=(t:3, i:762), leaderCommit=708, initializing? false, entries: size=1, first=(t:3, i:763), STATEMACHINELOGENTRY, client-EDB41257C35F, cid=532
2019-09-24 16:16:38,150 WARN  server.GrpcLogAppender (GrpcLogAppender.java:timeoutAppendRequest(200)) - s2@group-5C26748AB2B1->s1-GrpcLogAppender: appendEntries Timeout, request=s2->s1#884-t3, previous=(t:3, i:762), leaderCommit=708, initializing? false, entries: size=1, first=(t:3, i:763), STATEMACHINELOGENTRY, client-EDB41257C35F, cid=532
2019-09-24 16:16:38,151 WARN  server.GrpcLogAppender (GrpcLogAppender.java:timeoutAppendRequest(200)) - s2@group-5C26748AB2B1->s0-GrpcLogAppender: appendEntries Timeout, request=s2->s0#760-t3, previous=(t:3, i:763), leaderCommit=708, initializing? false, entries: size=1, first=(t:3, i:764), STATEMACHINELOGENTRY, client-EDB41257C35F, cid=533
2019-09-24 16:16:38,151 WARN  server.GrpcLogAppender (GrpcLogAppender.java:timeoutAppendRequest(200)) - s2@group-5C26748AB2B1->s1-GrpcLogAppender: appendEntries Timeout, request=s2->s1#885-t3, previous=(t:3, i:763), leaderCommit=708, initializing? false, entries: size=1, first=(t:3, i:764), STATEMACHINELOGENTRY, client-EDB41257C35F, cid=533
2019-09-24 16:16:38,151 WARN  server.GrpcLogAppender (GrpcLogAppender.java:timeoutAppendRequest(200)) - s2@group-5C26748AB2B1->s0-GrpcLogAppender: appendEntries Timeout, request=s2->s0#761-t3, previous=(t:3, i:764), leaderCommit=708, initializing? false, entries: size=1, first=(t:3, i:765), STATEMACHINELOGENTRY, client-EDB41257C35F, cid=534
2019-09-24 16:16:38,151 WARN  server.GrpcLogAppender (GrpcLogAppender.java:timeoutAppendRequest(200)) - s2@group-5C26748AB2B1->s1-GrpcLogAppender: appendEntries Timeout, request=s2->s1#886-t3, previous=(t:3, i:764), leaderCommit=708, initializing? false, entries: size=1, first=(t:3, i:765), STATEMACHINELOGENTRY, client-EDB41257C35F, cid=534
2019-09-24 16:16:38,151 WARN  server.GrpcLogAppender (GrpcLogAppender.java:timeoutAppendRequest(200)) - s2@group-5C26748AB2B1->s0-GrpcLogAppender: appendEntries Timeout, request=s2->s0#762-t3, previous=(t:3, i:765), leaderCommit=708, initializing? false, entries: size=1, first=(t:3, i:766), STATEMACHINELOGENTRY, client-EDB41257C35F, cid=535
2019-09-24 16:16:38,151 WARN  server.GrpcLogAppender (GrpcLogAppender.java:timeoutAppendRequest(200)) - s2@group-5C26748AB2B1->s1-GrpcLogAppender: appendEntries Timeout, request=s2->s1#887-t3, previous=(t:3, i:765), leaderCommit=708, initializing? false, entries: size=1, first=(t:3, i:766), STATEMACHINELOGENTRY, client-EDB41257C35F, cid=535
2019-09-24 16:16:38,151 WARN  server.GrpcLogAppender (GrpcLogAppender.java:timeoutAppendRequest(200)) - s2@group-5C26748AB2B1->s0-GrpcLogAppender: appendEntries Timeout, request=s2->s0#763-t3, previous=(t:3, i:766), leaderCommit=708, initializing? false, entries: size=1, first=(t:3, i:767), STATEMACHINELOGENTRY, client-EDB41257C35F, cid=536
2019-09-24 16:16:38,152 WARN  server.GrpcLogAppender (GrpcLogAppender.java:timeoutAppendRequest(200)) - s2@group-5C26748AB2B1->s1-GrpcLogAppender: appendEntries Timeout, request=s2->s1#888-t3, previous=(t:3, i:766), leaderCommit=708, initializing? false, entries: size=1, first=(t:3, i:767), STATEMACHINELOGENTRY, client-EDB41257C35F, cid=536
2019-09-24 16:16:38,152 WARN  server.GrpcLogAppender (GrpcLogAppender.java:timeoutAppendRequest(200)) - s2@group-5C26748AB2B1->s0-GrpcLogAppender: appendEntries Timeout, request=s2->s0#764-t3, previous=(t:3, i:767), leaderCommit=708, initializing? false, entries: size=1, first=(t:3, i:768), STATEMACHINELOGENTRY, client-EDB41257C35F, cid=537
2019-09-24 16:16:38,152 WARN  server.GrpcLogAppender (GrpcLogAppender.java:timeoutAppendRequest(200)) - s2@group-5C26748AB2B1->s1-GrpcLogAppender: appendEntries Timeout, request=s2->s1#889-t3, previous=(t:3, i:767), leaderCommit=708, initializing? false, entries: size=1, first=(t:3, i:768), STATEMACHINELOGENTRY, client-EDB41257C35F, cid=537
2019-09-24 16:16:38,152 WARN  server.GrpcLogAppender (GrpcLogAppender.java:timeoutAppendRequest(200)) - s2@group-5C26748AB2B1->s0-GrpcLogAppender: appendEntries Timeout, request=s2->s0#765-t3, previous=(t:3, i:768), leaderCommit=708, initializing? false, entries: size=1, first=(t:3, i:769), STATEMACHINELOGENTRY, client-EDB41257C35F, cid=538
2019-09-24 16:16:38,152 WARN  server.GrpcLogAppender (GrpcLogAppender.java:timeoutAppendRequest(200)) - s2@group-5C26748AB2B1->s1-GrpcLogAppender: appendEntries Timeout, request=s2->s1#890-t3, previous=(t:3, i:768), leaderCommit=708, initializing? false, entries: size=1, first=(t:3, i:769), STATEMACHINELOGENTRY, client-EDB41257C35F, cid=538
2019-09-24 16:16:38,152 WARN  server.GrpcLogAppender (GrpcLogAppender.java:timeoutAppendRequest(200)) - s2@group-5C26748AB2B1->s0-GrpcLogAppender: appendEntries Timeout, request=s2->s0#766-t3, previous=(t:3, i:769), leaderCommit=708, initializing? false, entries: size=1, first=(t:3, i:770), STATEMACHINELOGENTRY, client-EDB41257C35F, cid=539
2019-09-24 16:16:38,153 WARN  server.GrpcLogAppender (GrpcLogAppender.java:timeoutAppendRequest(200)) - s2@group-5C26748AB2B1->s1-GrpcLogAppender: appendEntries Timeout, request=s2->s1#891-t3, previous=(t:3, i:769), leaderCommit=708, initializing? false, entries: size=1, first=(t:3, i:770), STATEMACHINELOGENTRY, client-EDB41257C35F, cid=539
2019-09-24 16:16:38,153 WARN  server.GrpcLogAppender (GrpcLogAppender.java:timeoutAppendRequest(200)) - s2@group-5C26748AB2B1->s0-GrpcLogAppender: appendEntries Timeout, request=s2->s0#767-t3, previous=(t:3, i:770), leaderCommit=708, initializing? false, entries: size=1, first=(t:3, i:771), STATEMACHINELOGENTRY, client-EDB41257C35F, cid=540
2019-09-24 16:16:38,153 WARN  server.GrpcLogAppender (GrpcLogAppender.java:timeoutAppendRequest(200)) - s2@group-5C26748AB2B1->s1-GrpcLogAppender: appendEntries Timeout, request=s2->s1#892-t3, previous=(t:3, i:770), leaderCommit=708, initializing? false, entries: size=1, first=(t:3, i:771), STATEMACHINELOGENTRY, client-EDB41257C35F, cid=540
2019-09-24 16:16:38,153 WARN  server.GrpcLogAppender (GrpcLogAppender.java:timeoutAppendRequest(200)) - s2@group-5C26748AB2B1->s0-GrpcLogAppender: appendEntries Timeout, request=s2->s0#768-t3, previous=(t:3, i:771), leaderCommit=708, initializing? false, entries: size=1, first=(t:3, i:772), STATEMACHINELOGENTRY, client-EDB41257C35F, cid=541
2019-09-24 16:16:38,153 WARN  server.GrpcLogAppender (GrpcLogAppender.java:timeoutAppendRequest(200)) - s2@group-5C26748AB2B1->s1-GrpcLogAppender: appendEntries Timeout, request=s2->s1#893-t3, previous=(t:3, i:771), leaderCommit=708, initializing? false, entries: size=1, first=(t:3, i:772), STATEMACHINELOGENTRY, client-EDB41257C35F, cid=541
2019-09-24 16:16:38,153 WARN  server.GrpcLogAppender (GrpcLogAppender.java:timeoutAppendRequest(200)) - s2@group-5C26748AB2B1->s0-GrpcLogAppender: appendEntries Timeout, request=s2->s0#769-t3, previous=(t:3, i:772), leaderCommit=708, initializing? false, entries: size=1, first=(t:3, i:773), STATEMACHINELOGENTRY, client-EDB41257C35F, cid=542
2019-09-24 16:16:38,153 WARN  server.GrpcLogAppender (GrpcLogAppender.java:timeoutAppendRequest(200)) - s2@group-5C26748AB2B1->s1-GrpcLogAppender: appendEntries Timeout, request=s2->s1#894-t3, previous=(t:3, i:772), leaderCommit=708, initializing? false, entries: size=1, first=(t:3, i:773), STATEMACHINELOGENTRY, client-EDB41257C35F, cid=542
2019-09-24 16:16:38,154 WARN  server.GrpcLogAppender (GrpcLogAppender.java:timeoutAppendRequest(200)) - s2@group-5C26748AB2B1->s0-GrpcLogAppender: appendEntries Timeout, request=s2->s0#770-t3, previous=(t:3, i:773), leaderCommit=708, initializing? false, entries: size=1, first=(t:3, i:774), STATEMACHINELOGENTRY, client-EDB41257C35F, cid=543
2019-09-24 16:16:38,154 WARN  server.GrpcLogAppender (GrpcLogAppender.java:timeoutAppendRequest(200)) - s2@group-5C26748AB2B1->s1-GrpcLogAppender: appendEntries Timeout, request=s2->s1#895-t3, previous=(t:3, i:773), leaderCommit=708, initializing? false, entries: size=1, first=(t:3, i:774), STATEMACHINELOGENTRY, client-EDB41257C35F, cid=543
2019-09-24 16:16:38,154 WARN  server.GrpcLogAppender (GrpcLogAppender.java:timeoutAppendRequest(200)) - s2@group-5C26748AB2B1->s0-GrpcLogAppender: appendEntries Timeout, request=s2->s0#771-t3, previous=(t:3, i:774), leaderCommit=708, initializing? false, entries: size=1, first=(t:3, i:775), STATEMACHINELOGENTRY, client-EDB41257C35F, cid=544
2019-09-24 16:16:38,154 WARN  server.GrpcLogAppender (GrpcLogAppender.java:timeoutAppendRequest(200)) - s2@group-5C26748AB2B1->s1-GrpcLogAppender: appendEntries Timeout, request=s2->s1#896-t3, previous=(t:3, i:774), leaderCommit=708, initializing? false, entries: size=1, first=(t:3, i:775), STATEMACHINELOGENTRY, client-EDB41257C35F, cid=544
2019-09-24 16:16:38,154 WARN  server.GrpcLogAppender (GrpcLogAppender.java:timeoutAppendRequest(200)) - s2@group-5C26748AB2B1->s0-GrpcLogAppender: appendEntries Timeout, request=s2->s0#772-t3, previous=(t:3, i:775), leaderCommit=708, initializing? false, entries: size=1, first=(t:3, i:776), STATEMACHINELOGENTRY, client-EDB41257C35F, cid=545
2019-09-24 16:16:38,154 WARN  server.GrpcLogAppender (GrpcLogAppender.java:timeoutAppendRequest(200)) - s2@group-5C26748AB2B1->s1-GrpcLogAppender: appendEntries Timeout, request=s2->s1#897-t3, previous=(t:3, i:775), leaderCommit=708, initializing? false, entries: size=1, first=(t:3, i:776), STATEMACHINELOGENTRY, client-EDB41257C35F, cid=545
2019-09-24 16:16:38,154 WARN  server.GrpcLogAppender (GrpcLogAppender.java:timeoutAppendRequest(200)) - s2@group-5C26748AB2B1->s0-GrpcLogAppender: appendEntries Timeout, request=s2->s0#773-t3, previous=(t:3, i:776), leaderCommit=708, initializing? false, entries: size=1, first=(t:3, i:777), STATEMACHINELOGENTRY, client-EDB41257C35F, cid=546
2019-09-24 16:16:38,155 WARN  server.GrpcLogAppender (GrpcLogAppender.java:timeoutAppendRequest(200)) - s2@group-5C26748AB2B1->s1-GrpcLogAppender: appendEntries Timeout, request=s2->s1#898-t3, previous=(t:3, i:776), leaderCommit=708, initializing? false, entries: size=1, first=(t:3, i:777), STATEMACHINELOGENTRY, client-EDB41257C35F, cid=546
2019-09-24 16:16:38,155 WARN  server.GrpcLogAppender (GrpcLogAppender.java:timeoutAppendRequest(200)) - s2@group-5C26748AB2B1->s0-GrpcLogAppender: appendEntries Timeout, request=s2->s0#774-t3, previous=(t:3, i:777), leaderCommit=708, initializing? false, entries: size=1, first=(t:3, i:778), STATEMACHINELOGENTRY, client-EDB41257C35F, cid=547
2019-09-24 16:16:38,155 WARN  server.GrpcLogAppender (GrpcLogAppender.java:timeoutAppendRequest(200)) - s2@group-5C26748AB2B1->s1-GrpcLogAppender: appendEntries Timeout, request=s2->s1#899-t3, previous=(t:3, i:777), leaderCommit=708, initializing? false, entries: size=1, first=(t:3, i:778), STATEMACHINELOGENTRY, client-EDB41257C35F, cid=547
2019-09-24 16:16:38,155 WARN  server.GrpcLogAppender (GrpcLogAppender.java:timeoutAppendRequest(200)) - s2@group-5C26748AB2B1->s0-GrpcLogAppender: appendEntries Timeout, request=s2->s0#775-t3, previous=(t:3, i:778), leaderCommit=708, initializing? false, entries: size=1, first=(t:3, i:779), STATEMACHINELOGENTRY, client-EDB41257C35F, cid=548
2019-09-24 16:16:38,155 WARN  server.GrpcLogAppender (GrpcLogAppender.java:timeoutAppendRequest(200)) - s2@group-5C26748AB2B1->s1-GrpcLogAppender: appendEntries Timeout, request=s2->s1#900-t3, previous=(t:3, i:778), leaderCommit=708, initializing? false, entries: size=1, first=(t:3, i:779), STATEMACHINELOGENTRY, client-EDB41257C35F, cid=548
2019-09-24 16:16:38,155 WARN  server.GrpcLogAppender (GrpcLogAppender.java:timeoutAppendRequest(200)) - s2@group-5C26748AB2B1->s0-GrpcLogAppender: appendEntries Timeout, request=s2->s0#776-t3, previous=(t:3, i:779), leaderCommit=708, initializing? false, entries: size=1, first=(t:3, i:780), STATEMACHINELOGENTRY, client-EDB41257C35F, cid=549
2019-09-24 16:16:38,155 WARN  server.GrpcLogAppender (GrpcLogAppender.java:timeoutAppendRequest(200)) - s2@group-5C26748AB2B1->s1-GrpcLogAppender: appendEntries Timeout, request=s2->s1#901-t3, previous=(t:3, i:779), leaderCommit=708, initializing? false, entries: size=1, first=(t:3, i:780), STATEMACHINELOGENTRY, client-EDB41257C35F, cid=549
2019-09-24 16:16:38,156 WARN  server.GrpcLogAppender (GrpcLogAppender.java:timeoutAppendRequest(200)) - s2@group-5C26748AB2B1->s0-GrpcLogAppender: appendEntries Timeout, request=s2->s0#777-t3, previous=(t:3, i:780), leaderCommit=708, initializing? false, entries: size=1, first=(t:3, i:781), STATEMACHINELOGENTRY, client-EDB41257C35F, cid=550
2019-09-24 16:16:38,156 WARN  server.GrpcLogAppender (GrpcLogAppender.java:timeoutAppendRequest(200)) - s2@group-5C26748AB2B1->s1-GrpcLogAppender: appendEntries Timeout, request=s2->s1#902-t3, previous=(t:3, i:780), leaderCommit=708, initializing? false, entries: size=1, first=(t:3, i:781), STATEMACHINELOGENTRY, client-EDB41257C35F, cid=550
2019-09-24 16:16:38,156 WARN  server.GrpcLogAppender (GrpcLogAppender.java:timeoutAppendRequest(200)) - s2@group-5C26748AB2B1->s0-GrpcLogAppender: appendEntries Timeout, request=s2->s0#778-t3, previous=(t:3, i:781), leaderCommit=708, initializing? false, entries: size=1, first=(t:3, i:782), STATEMACHINELOGENTRY, client-EDB41257C35F, cid=551
2019-09-24 16:16:38,156 WARN  server.GrpcLogAppender (GrpcLogAppender.java:timeoutAppendRequest(200)) - s2@group-5C26748AB2B1->s1-GrpcLogAppender: appendEntries Timeout, request=s2->s1#903-t3, previous=(t:3, i:781), leaderCommit=708, initializing? false, entries: size=1, first=(t:3, i:782), STATEMACHINELOGENTRY, client-EDB41257C35F, cid=551
2019-09-24 16:16:38,156 WARN  server.GrpcLogAppender (GrpcLogAppender.java:timeoutAppendRequest(200)) - s2@group-5C26748AB2B1->s0-GrpcLogAppender: appendEntries Timeout, request=s2->s0#779-t3, previous=(t:3, i:782), leaderCommit=708, initializing? false, entries: size=1, first=(t:3, i:783), STATEMACHINELOGENTRY, client-EDB41257C35F, cid=552
2019-09-24 16:16:38,156 WARN  server.GrpcLogAppender (GrpcLogAppender.java:timeoutAppendRequest(200)) - s2@group-5C26748AB2B1->s1-GrpcLogAppender: appendEntries Timeout, request=s2->s1#904-t3, previous=(t:3, i:782), leaderCommit=708, initializing? false, entries: size=1, first=(t:3, i:783), STATEMACHINELOGENTRY, client-EDB41257C35F, cid=552
2019-09-24 16:16:38,156 WARN  server.GrpcLogAppender (GrpcLogAppender.java:timeoutAppendRequest(200)) - s2@group-5C26748AB2B1->s0-GrpcLogAppender: appendEntries Timeout, request=s2->s0#780-t3, previous=(t:3, i:783), leaderCommit=708, initializing? false, entries: size=1, first=(t:3, i:784), STATEMACHINELOGENTRY, client-EDB41257C35F, cid=553
2019-09-24 16:16:38,157 WARN  server.GrpcLogAppender (GrpcLogAppender.java:timeoutAppendRequest(200)) - s2@group-5C26748AB2B1->s1-GrpcLogAppender: appendEntries Timeout, request=s2->s1#905-t3, previous=(t:3, i:783), leaderCommit=708, initializing? false, entries: size=1, first=(t:3, i:784), STATEMACHINELOGENTRY, client-EDB41257C35F, cid=553
2019-09-24 16:16:38,157 WARN  server.GrpcLogAppender (GrpcLogAppender.java:timeoutAppendRequest(200)) - s2@group-5C26748AB2B1->s0-GrpcLogAppender: appendEntries Timeout, request=s2->s0#781-t3, previous=(t:3, i:784), leaderCommit=708, initializing? false, entries: size=1, first=(t:3, i:785), STATEMACHINELOGENTRY, client-EDB41257C35F, cid=554
2019-09-24 16:16:38,157 WARN  server.GrpcLogAppender (GrpcLogAppender.java:timeoutAppendRequest(200)) - s2@group-5C26748AB2B1->s1-GrpcLogAppender: appendEntries Timeout, request=s2->s1#906-t3, previous=(t:3, i:784), leaderCommit=708, initializing? false, entries: size=1, first=(t:3, i:785), STATEMACHINELOGENTRY, client-EDB41257C35F, cid=554
2019-09-24 16:16:38,157 WARN  server.GrpcLogAppender (GrpcLogAppender.java:timeoutAppendRequest(200)) - s2@group-5C26748AB2B1->s0-GrpcLogAppender: appendEntries Timeout, request=s2->s0#782-t3, previous=(t:3, i:785), leaderCommit=708, initializing? false, entries: size=1, first=(t:3, i:786), STATEMACHINELOGENTRY, client-EDB41257C35F, cid=555
2019-09-24 16:16:38,157 WARN  server.GrpcLogAppender (GrpcLogAppender.java:timeoutAppendRequest(200)) - s2@group-5C26748AB2B1->s1-GrpcLogAppender: appendEntries Timeout, request=s2->s1#907-t3, previous=(t:3, i:785), leaderCommit=708, initializing? false, entries: size=1, first=(t:3, i:786), STATEMACHINELOGENTRY, client-EDB41257C35F, cid=555
2019-09-24 16:16:38,157 WARN  server.GrpcLogAppender (GrpcLogAppender.java:timeoutAppendRequest(200)) - s2@group-5C26748AB2B1->s0-GrpcLogAppender: appendEntries Timeout, request=s2->s0#783-t3, previous=(t:3, i:786), leaderCommit=708, initializing? false, entries: size=1, first=(t:3, i:787), STATEMACHINELOGENTRY, client-EDB41257C35F, cid=556
2019-09-24 16:16:38,157 WARN  server.GrpcLogAppender (GrpcLogAppender.java:timeoutAppendRequest(200)) - s2@group-5C26748AB2B1->s1-GrpcLogAppender: appendEntries Timeout, request=s2->s1#908-t3, previous=(t:3, i:786), leaderCommit=708, initializing? false, entries: size=1, first=(t:3, i:787), STATEMACHINELOGENTRY, client-EDB41257C35F, cid=556
2019-09-24 16:16:38,158 WARN  server.GrpcLogAppender (GrpcLogAppender.java:timeoutAppendRequest(200)) - s2@group-5C26748AB2B1->s0-GrpcLogAppender: appendEntries Timeout, request=s2->s0#784-t3, previous=(t:3, i:787), leaderCommit=708, initializing? false, entries: size=1, first=(t:3, i:788), STATEMACHINELOGENTRY, client-EDB41257C35F, cid=557
2019-09-24 16:16:38,158 WARN  server.GrpcLogAppender (GrpcLogAppender.java:timeoutAppendRequest(200)) - s2@group-5C26748AB2B1->s1-GrpcLogAppender: appendEntries Timeout, request=s2->s1#909-t3, previous=(t:3, i:787), leaderCommit=708, initializing? false, entries: size=1, first=(t:3, i:788), STATEMACHINELOGENTRY, client-EDB41257C35F, cid=557
2019-09-24 16:16:38,158 WARN  server.GrpcLogAppender (GrpcLogAppender.java:timeoutAppendRequest(200)) - s2@group-5C26748AB2B1->s0-GrpcLogAppender: appendEntries Timeout, request=s2->s0#785-t3, previous=(t:3, i:788), leaderCommit=708, initializing? false, entries: size=1, first=(t:3, i:789), STATEMACHINELOGENTRY, client-EDB41257C35F, cid=558
2019-09-24 16:16:38,158 WARN  server.GrpcLogAppender (GrpcLogAppender.java:timeoutAppendRequest(200)) - s2@group-5C26748AB2B1->s1-GrpcLogAppender: appendEntries Timeout, request=s2->s1#910-t3, previous=(t:3, i:788), leaderCommit=708, initializing? false, entries: size=1, first=(t:3, i:789), STATEMACHINELOGENTRY, client-EDB41257C35F, cid=558
2019-09-24 16:16:38,158 WARN  server.GrpcLogAppender (GrpcLogAppender.java:timeoutAppendRequest(200)) - s2@group-5C26748AB2B1->s0-GrpcLogAppender: appendEntries Timeout, request=s2->s0#786-t3, previous=(t:3, i:789), leaderCommit=708, initializing? false, entries: size=1, first=(t:3, i:790), STATEMACHINELOGENTRY, client-EDB41257C35F, cid=559
2019-09-24 16:16:38,158 WARN  server.GrpcLogAppender (GrpcLogAppender.java:timeoutAppendRequest(200)) - s2@group-5C26748AB2B1->s1-GrpcLogAppender: appendEntries Timeout, request=s2->s1#911-t3, previous=(t:3, i:789), leaderCommit=708, initializing? false, entries: size=1, first=(t:3, i:790), STATEMACHINELOGENTRY, client-EDB41257C35F, cid=559
2019-09-24 16:16:38,158 WARN  server.GrpcLogAppender (GrpcLogAppender.java:timeoutAppendRequest(200)) - s2@group-5C26748AB2B1->s0-GrpcLogAppender: appendEntries Timeout, request=s2->s0#787-t3, previous=(t:3, i:790), leaderCommit=708, initializing? false, entries: size=1, first=(t:3, i:791), STATEMACHINELOGENTRY, client-EDB41257C35F, cid=560
2019-09-24 16:16:38,159 WARN  server.GrpcLogAppender (GrpcLogAppender.java:timeoutAppendRequest(200)) - s2@group-5C26748AB2B1->s1-GrpcLogAppender: appendEntries Timeout, request=s2->s1#912-t3, previous=(t:3, i:790), leaderCommit=708, initializing? false, entries: size=1, first=(t:3, i:791), STATEMACHINELOGENTRY, client-EDB41257C35F, cid=560
2019-09-24 16:16:38,159 WARN  server.GrpcLogAppender (GrpcLogAppender.java:timeoutAppendRequest(200)) - s2@group-5C26748AB2B1->s0-GrpcLogAppender: appendEntries Timeout, request=s2->s0#788-t3, previous=(t:3, i:791), leaderCommit=708, initializing? false, entries: size=1, first=(t:3, i:792), STATEMACHINELOGENTRY, client-EDB41257C35F, cid=561
2019-09-24 16:16:38,159 WARN  server.GrpcLogAppender (GrpcLogAppender.java:timeoutAppendRequest(200)) - s2@group-5C26748AB2B1->s1-GrpcLogAppender: appendEntries Timeout, request=s2->s1#913-t3, previous=(t:3, i:791), leaderCommit=708, initializing? false, entries: size=1, first=(t:3, i:792), STATEMACHINELOGENTRY, client-EDB41257C35F, cid=561
2019-09-24 16:16:38,159 WARN  server.GrpcLogAppender (GrpcLogAppender.java:timeoutAppendRequest(200)) - s2@group-5C26748AB2B1->s0-GrpcLogAppender: appendEntries Timeout, request=s2->s0#789-t3, previous=(t:3, i:792), leaderCommit=708, initializing? false, entries: size=1, first=(t:3, i:793), STATEMACHINELOGENTRY, client-EDB41257C35F, cid=562
2019-09-24 16:16:38,159 WARN  server.GrpcLogAppender (GrpcLogAppender.java:timeoutAppendRequest(200)) - s2@group-5C26748AB2B1->s1-GrpcLogAppender: appendEntries Timeout, request=s2->s1#914-t3, previous=(t:3, i:792), leaderCommit=708, initializing? false, entries: size=1, first=(t:3, i:793), STATEMACHINELOGENTRY, client-EDB41257C35F, cid=562
2019-09-24 16:16:38,159 WARN  server.GrpcLogAppender (GrpcLogAppender.java:timeoutAppendRequest(200)) - s2@group-5C26748AB2B1->s0-GrpcLogAppender: appendEntries Timeout, request=s2->s0#790-t3, previous=(t:3, i:793), leaderCommit=708, initializing? false, entries: size=1, first=(t:3, i:794), STATEMACHINELOGENTRY, client-EDB41257C35F, cid=563
2019-09-24 16:16:38,159 WARN  server.GrpcLogAppender (GrpcLogAppender.java:timeoutAppendRequest(200)) - s2@group-5C26748AB2B1->s1-GrpcLogAppender: appendEntries Timeout, request=s2->s1#915-t3, previous=(t:3, i:793), leaderCommit=708, initializing? false, entries: size=1, first=(t:3, i:794), STATEMACHINELOGENTRY, client-EDB41257C35F, cid=563
2019-09-24 16:16:38,160 WARN  server.GrpcLogAppender (GrpcLogAppender.java:timeoutAppendRequest(200)) - s2@group-5C26748AB2B1->s0-GrpcLogAppender: appendEntries Timeout, request=s2->s0#791-t3, previous=(t:3, i:794), leaderCommit=708, initializing? false, entries: size=1, first=(t:3, i:795), STATEMACHINELOGENTRY, client-EDB41257C35F, cid=564
2019-09-24 16:16:38,160 WARN  server.GrpcLogAppender (GrpcLogAppender.java:timeoutAppendRequest(200)) - s2@group-5C26748AB2B1->s1-GrpcLogAppender: appendEntries Timeout, request=s2->s1#916-t3, previous=(t:3, i:794), leaderCommit=708, initializing? false, entries: size=1, first=(t:3, i:795), STATEMACHINELOGENTRY, client-EDB41257C35F, cid=564
2019-09-24 16:16:38,160 WARN  server.GrpcLogAppender (GrpcLogAppender.java:timeoutAppendRequest(200)) - s2@group-5C26748AB2B1->s0-GrpcLogAppender: appendEntries Timeout, request=s2->s0#792-t3, previous=(t:3, i:795), leaderCommit=708, initializing? false, entries: size=1, first=(t:3, i:796), STATEMACHINELOGENTRY, client-EDB41257C35F, cid=565
2019-09-24 16:16:38,160 WARN  server.GrpcLogAppender (GrpcLogAppender.java:timeoutAppendRequest(200)) - s2@group-5C26748AB2B1->s1-GrpcLogAppender: appendEntries Timeout, request=s2->s1#917-t3, previous=(t:3, i:795), leaderCommit=708, initializing? false, entries: size=1, first=(t:3, i:796), STATEMACHINELOGENTRY, client-EDB41257C35F, cid=565
2019-09-24 16:16:38,160 WARN  server.GrpcLogAppender (GrpcLogAppender.java:timeoutAppendRequest(200)) - s2@group-5C26748AB2B1->s0-GrpcLogAppender: appendEntries Timeout, request=s2->s0#793-t3, previous=(t:3, i:796), leaderCommit=708, initializing? false, entries: size=1, first=(t:3, i:797), STATEMACHINELOGENTRY, client-EDB41257C35F, cid=566
2019-09-24 16:16:38,160 WARN  server.GrpcLogAppender (GrpcLogAppender.java:timeoutAppendRequest(200)) - s2@group-5C26748AB2B1->s1-GrpcLogAppender: appendEntries Timeout, request=s2->s1#918-t3, previous=(t:3, i:796), leaderCommit=708, initializing? false, entries: size=1, first=(t:3, i:797), STATEMACHINELOGENTRY, client-EDB41257C35F, cid=566
2019-09-24 16:16:38,160 WARN  server.GrpcLogAppender (GrpcLogAppender.java:timeoutAppendRequest(200)) - s2@group-5C26748AB2B1->s0-GrpcLogAppender: appendEntries Timeout, request=s2->s0#794-t3, previous=(t:3, i:797), leaderCommit=708, initializing? false, entries: size=1, first=(t:3, i:798), STATEMACHINELOGENTRY, client-EDB41257C35F, cid=567
2019-09-24 16:16:38,161 WARN  server.GrpcLogAppender (GrpcLogAppender.java:timeoutAppendRequest(200)) - s2@group-5C26748AB2B1->s1-GrpcLogAppender: appendEntries Timeout, request=s2->s1#919-t3, previous=(t:3, i:797), leaderCommit=708, initializing? false, entries: size=1, first=(t:3, i:798), STATEMACHINELOGENTRY, client-EDB41257C35F, cid=567
2019-09-24 16:16:38,161 WARN  server.GrpcLogAppender (GrpcLogAppender.java:timeoutAppendRequest(200)) - s2@group-5C26748AB2B1->s0-GrpcLogAppender: appendEntries Timeout, request=s2->s0#795-t3, previous=(t:3, i:798), leaderCommit=708, initializing? false, entries: size=1, first=(t:3, i:799), STATEMACHINELOGENTRY, client-EDB41257C35F, cid=568
2019-09-24 16:16:38,161 WARN  server.GrpcLogAppender (GrpcLogAppender.java:timeoutAppendRequest(200)) - s2@group-5C26748AB2B1->s1-GrpcLogAppender: appendEntries Timeout, request=s2->s1#920-t3, previous=(t:3, i:798), leaderCommit=708, initializing? false, entries: size=1, first=(t:3, i:799), STATEMACHINELOGENTRY, client-EDB41257C35F, cid=568
2019-09-24 16:16:38,161 WARN  server.GrpcLogAppender (GrpcLogAppender.java:timeoutAppendRequest(200)) - s2@group-5C26748AB2B1->s0-GrpcLogAppender: appendEntries Timeout, request=s2->s0#796-t3, previous=(t:3, i:799), leaderCommit=708, initializing? false, entries: size=1, first=(t:3, i:800), STATEMACHINELOGENTRY, client-EDB41257C35F, cid=569
2019-09-24 16:16:38,161 WARN  server.GrpcLogAppender (GrpcLogAppender.java:timeoutAppendRequest(200)) - s2@group-5C26748AB2B1->s1-GrpcLogAppender: appendEntries Timeout, request=s2->s1#921-t3, previous=(t:3, i:799), leaderCommit=708, initializing? false, entries: size=1, first=(t:3, i:800), STATEMACHINELOGENTRY, client-EDB41257C35F, cid=569
2019-09-24 16:16:38,161 WARN  server.GrpcLogAppender (GrpcLogAppender.java:timeoutAppendRequest(200)) - s2@group-5C26748AB2B1->s0-GrpcLogAppender: appendEntries Timeout, request=s2->s0#797-t3, previous=(t:3, i:800), leaderCommit=708, initializing? false, entries: size=1, first=(t:3, i:801), STATEMACHINELOGENTRY, client-EDB41257C35F, cid=570
2019-09-24 16:16:38,161 WARN  server.GrpcLogAppender (GrpcLogAppender.java:timeoutAppendRequest(200)) - s2@group-5C26748AB2B1->s1-GrpcLogAppender: appendEntries Timeout, request=s2->s1#922-t3, previous=(t:3, i:800), leaderCommit=708, initializing? false, entries: size=1, first=(t:3, i:801), STATEMACHINELOGENTRY, client-EDB41257C35F, cid=570
2019-09-24 16:16:38,162 WARN  server.GrpcLogAppender (GrpcLogAppender.java:timeoutAppendRequest(200)) - s2@group-5C26748AB2B1->s0-GrpcLogAppender: appendEntries Timeout, request=s2->s0#798-t3, previous=(t:3, i:801), leaderCommit=708, initializing? false, entries: size=1, first=(t:3, i:802), STATEMACHINELOGENTRY, client-EDB41257C35F, cid=571
2019-09-24 16:16:38,162 WARN  server.GrpcLogAppender (GrpcLogAppender.java:timeoutAppendRequest(200)) - s2@group-5C26748AB2B1->s1-GrpcLogAppender: appendEntries Timeout, request=s2->s1#923-t3, previous=(t:3, i:801), leaderCommit=708, initializing? false, entries: size=1, first=(t:3, i:802), STATEMACHINELOGENTRY, client-EDB41257C35F, cid=571
2019-09-24 16:16:38,162 WARN  server.GrpcLogAppender (GrpcLogAppender.java:timeoutAppendRequest(200)) - s2@group-5C26748AB2B1->s0-GrpcLogAppender: appendEntries Timeout, request=s2->s0#799-t3, previous=(t:3, i:802), leaderCommit=708, initializing? false, entries: size=1, first=(t:3, i:803), STATEMACHINELOGENTRY, client-EDB41257C35F, cid=572
2019-09-24 16:16:38,162 WARN  server.GrpcLogAppender (GrpcLogAppender.java:timeoutAppendRequest(200)) - s2@group-5C26748AB2B1->s1-GrpcLogAppender: appendEntries Timeout, request=s2->s1#924-t3, previous=(t:3, i:802), leaderCommit=708, initializing? false, entries: size=1, first=(t:3, i:803), STATEMACHINELOGENTRY, client-EDB41257C35F, cid=572
2019-09-24 16:16:38,162 WARN  server.GrpcLogAppender (GrpcLogAppender.java:timeoutAppendRequest(200)) - s2@group-5C26748AB2B1->s0-GrpcLogAppender: appendEntries Timeout, request=s2->s0#800-t3, previous=(t:3, i:803), leaderCommit=708, initializing? false, entries: size=1, first=(t:3, i:804), STATEMACHINELOGENTRY, client-EDB41257C35F, cid=573
2019-09-24 16:16:38,162 WARN  server.GrpcLogAppender (GrpcLogAppender.java:timeoutAppendRequest(200)) - s2@group-5C26748AB2B1->s1-GrpcLogAppender: appendEntries Timeout, request=s2->s1#925-t3, previous=(t:3, i:803), leaderCommit=708, initializing? false, entries: size=1, first=(t:3, i:804), STATEMACHINELOGENTRY, client-EDB41257C35F, cid=573
2019-09-24 16:16:38,162 WARN  server.GrpcLogAppender (GrpcLogAppender.java:timeoutAppendRequest(200)) - s2@group-5C26748AB2B1->s0-GrpcLogAppender: appendEntries Timeout, request=s2->s0#801-t3, previous=(t:3, i:804), leaderCommit=708, initializing? false, entries: size=1, first=(t:3, i:805), STATEMACHINELOGENTRY, client-EDB41257C35F, cid=574
2019-09-24 16:16:38,163 WARN  server.GrpcLogAppender (GrpcLogAppender.java:timeoutAppendRequest(200)) - s2@group-5C26748AB2B1->s0-GrpcLogAppender: appendEntries Timeout, request=s2->s0#802-t3, previous=(t:3, i:805), leaderCommit=708, initializing? false, entries: size=1, first=(t:3, i:806), STATEMACHINELOGENTRY, client-EDB41257C35F, cid=575
2019-09-24 16:16:38,163 WARN  server.GrpcLogAppender (GrpcLogAppender.java:timeoutAppendRequest(200)) - s2@group-5C26748AB2B1->s1-GrpcLogAppender: appendEntries Timeout, request=s2->s1#926-t3, previous=(t:3, i:804), leaderCommit=708, initializing? false, entries: size=1, first=(t:3, i:805), STATEMACHINELOGENTRY, client-EDB41257C35F, cid=574
2019-09-24 16:16:38,163 WARN  server.GrpcLogAppender (GrpcLogAppender.java:timeoutAppendRequest(200)) - s2@group-5C26748AB2B1->s0-GrpcLogAppender: appendEntries Timeout, request=s2->s0#803-t3, previous=(t:3, i:806), leaderCommit=708, initializing? false, entries: size=1, first=(t:3, i:807), STATEMACHINELOGENTRY, client-EDB41257C35F, cid=576
2019-09-24 16:16:38,163 WARN  server.GrpcLogAppender (GrpcLogAppender.java:timeoutAppendRequest(200)) - s2@group-5C26748AB2B1->s1-GrpcLogAppender: appendEntries Timeout, request=s2->s1#927-t3, previous=(t:3, i:805), leaderCommit=708, initializing? false, entries: size=1, first=(t:3, i:806), STATEMACHINELOGENTRY, client-EDB41257C35F, cid=575
2019-09-24 16:16:38,163 WARN  server.GrpcLogAppender (GrpcLogAppender.java:timeoutAppendRequest(200)) - s2@group-5C26748AB2B1->s0-GrpcLogAppender: appendEntries Timeout, request=s2->s0#804-t3, previous=(t:3, i:807), leaderCommit=708, initializing? false, entries: size=1, first=(t:3, i:808), STATEMACHINELOGENTRY, client-EDB41257C35F, cid=577
2019-09-24 16:16:38,163 WARN  server.GrpcLogAppender (GrpcLogAppender.java:timeoutAppendRequest(200)) - s2@group-5C26748AB2B1->s1-GrpcLogAppender: appendEntries Timeout, request=s2->s1#928-t3, previous=(t:3, i:806), leaderCommit=708, initializing? false, entries: size=1, first=(t:3, i:807), STATEMACHINELOGENTRY, client-EDB41257C35F, cid=576
2019-09-24 16:16:38,163 WARN  server.GrpcLogAppender (GrpcLogAppender.java:timeoutAppendRequest(200)) - s2@group-5C26748AB2B1->s0-GrpcLogAppender: appendEntries Timeout, request=s2->s0#805-t3, previous=(t:3, i:808), leaderCommit=708, initializing? false, entries: size=1, first=(t:3, i:809), STATEMACHINELOGENTRY, client-EDB41257C35F, cid=578
2019-09-24 16:16:38,164 WARN  server.GrpcLogAppender (GrpcLogAppender.java:timeoutAppendRequest(200)) - s2@group-5C26748AB2B1->s1-GrpcLogAppender: appendEntries Timeout, request=s2->s1#929-t3, previous=(t:3, i:807), leaderCommit=708, initializing? false, entries: size=1, first=(t:3, i:808), STATEMACHINELOGENTRY, client-EDB41257C35F, cid=577
2019-09-24 16:16:38,164 WARN  server.GrpcLogAppender (GrpcLogAppender.java:timeoutAppendRequest(200)) - s2@group-5C26748AB2B1->s0-GrpcLogAppender: appendEntries Timeout, request=s2->s0#806-t3, previous=(t:3, i:809), leaderCommit=708, initializing? false, entries: size=1, first=(t:3, i:810), STATEMACHINELOGENTRY, client-EDB41257C35F, cid=579
2019-09-24 16:16:38,164 WARN  server.GrpcLogAppender (GrpcLogAppender.java:timeoutAppendRequest(200)) - s2@group-5C26748AB2B1->s1-GrpcLogAppender: appendEntries Timeout, request=s2->s1#930-t3, previous=(t:3, i:808), leaderCommit=708, initializing? false, entries: size=1, first=(t:3, i:809), STATEMACHINELOGENTRY, client-EDB41257C35F, cid=578
2019-09-24 16:16:38,164 WARN  server.GrpcLogAppender (GrpcLogAppender.java:timeoutAppendRequest(200)) - s2@group-5C26748AB2B1->s0-GrpcLogAppender: appendEntries Timeout, request=s2->s0#807-t3, previous=(t:3, i:810), leaderCommit=708, initializing? false, entries: size=1, first=(t:3, i:811), STATEMACHINELOGENTRY, client-EDB41257C35F, cid=580
2019-09-24 16:16:38,164 WARN  server.GrpcLogAppender (GrpcLogAppender.java:timeoutAppendRequest(200)) - s2@group-5C26748AB2B1->s1-GrpcLogAppender: appendEntries Timeout, request=s2->s1#931-t3, previous=(t:3, i:809), leaderCommit=708, initializing? false, entries: size=1, first=(t:3, i:810), STATEMACHINELOGENTRY, client-EDB41257C35F, cid=579
2019-09-24 16:16:38,164 WARN  server.GrpcLogAppender (GrpcLogAppender.java:timeoutAppendRequest(200)) - s2@group-5C26748AB2B1->s0-GrpcLogAppender: appendEntries Timeout, request=s2->s0#808-t3, previous=(t:3, i:811), leaderCommit=708, initializing? false, entries: size=1, first=(t:3, i:812), STATEMACHINELOGENTRY, client-EDB41257C35F, cid=581
2019-09-24 16:16:38,164 WARN  server.GrpcLogAppender (GrpcLogAppender.java:timeoutAppendRequest(200)) - s2@group-5C26748AB2B1->s1-GrpcLogAppender: appendEntries Timeout, request=s2->s1#932-t3, previous=(t:3, i:810), leaderCommit=708, initializing? false, entries: size=1, first=(t:3, i:811), STATEMACHINELOGENTRY, client-EDB41257C35F, cid=580
2019-09-24 16:16:38,165 WARN  server.GrpcLogAppender (GrpcLogAppender.java:timeoutAppendRequest(200)) - s2@group-5C26748AB2B1->s0-GrpcLogAppender: appendEntries Timeout, request=s2->s0#809-t3, previous=(t:3, i:812), leaderCommit=708, initializing? false, entries: size=1, first=(t:3, i:813), STATEMACHINELOGENTRY, client-EDB41257C35F, cid=582
2019-09-24 16:16:38,165 WARN  server.GrpcLogAppender (GrpcLogAppender.java:timeoutAppendRequest(200)) - s2@group-5C26748AB2B1->s1-GrpcLogAppender: appendEntries Timeout, request=s2->s1#933-t3, previous=(t:3, i:811), leaderCommit=708, initializing? false, entries: size=1, first=(t:3, i:812), STATEMACHINELOGENTRY, client-EDB41257C35F, cid=581
2019-09-24 16:16:38,165 WARN  server.GrpcLogAppender (GrpcLogAppender.java:timeoutAppendRequest(200)) - s2@group-5C26748AB2B1->s0-GrpcLogAppender: appendEntries Timeout, request=s2->s0#810-t3, previous=(t:3, i:813), leaderCommit=708, initializing? false, entries: size=1, first=(t:3, i:814), STATEMACHINELOGENTRY, client-EDB41257C35F, cid=583
2019-09-24 16:16:38,165 WARN  server.GrpcLogAppender (GrpcLogAppender.java:timeoutAppendRequest(200)) - s2@group-5C26748AB2B1->s1-GrpcLogAppender: appendEntries Timeout, request=s2->s1#934-t3, previous=(t:3, i:812), leaderCommit=708, initializing? false, entries: size=1, first=(t:3, i:813), STATEMACHINELOGENTRY, client-EDB41257C35F, cid=582
2019-09-24 16:16:38,165 WARN  server.GrpcLogAppender (GrpcLogAppender.java:timeoutAppendRequest(200)) - s2@group-5C26748AB2B1->s0-GrpcLogAppender: appendEntries Timeout, request=s2->s0#811-t3, previous=(t:3, i:814), leaderCommit=708, initializing? false, entries: size=1, first=(t:3, i:815), STATEMACHINELOGENTRY, client-EDB41257C35F, cid=584
2019-09-24 16:16:38,165 WARN  server.GrpcLogAppender (GrpcLogAppender.java:timeoutAppendRequest(200)) - s2@group-5C26748AB2B1->s1-GrpcLogAppender: appendEntries Timeout, request=s2->s1#935-t3, previous=(t:3, i:813), leaderCommit=708, initializing? false, entries: size=1, first=(t:3, i:814), STATEMACHINELOGENTRY, client-EDB41257C35F, cid=583
2019-09-24 16:16:38,165 WARN  server.GrpcLogAppender (GrpcLogAppender.java:timeoutAppendRequest(200)) - s2@group-5C26748AB2B1->s0-GrpcLogAppender: appendEntries Timeout, request=s2->s0#812-t3, previous=(t:3, i:815), leaderCommit=708, initializing? false, entries: size=1, first=(t:3, i:816), STATEMACHINELOGENTRY, client-EDB41257C35F, cid=585
2019-09-24 16:16:38,166 WARN  server.GrpcLogAppender (GrpcLogAppender.java:timeoutAppendRequest(200)) - s2@group-5C26748AB2B1->s1-GrpcLogAppender: appendEntries Timeout, request=s2->s1#936-t3, previous=(t:3, i:814), leaderCommit=708, initializing? false, entries: size=1, first=(t:3, i:815), STATEMACHINELOGENTRY, client-EDB41257C35F, cid=584
2019-09-24 16:16:38,166 WARN  server.GrpcLogAppender (GrpcLogAppender.java:timeoutAppendRequest(200)) - s2@group-5C26748AB2B1->s0-GrpcLogAppender: appendEntries Timeout, request=s2->s0#813-t3, previous=(t:3, i:816), leaderCommit=708, initializing? false, entries: size=1, first=(t:3, i:817), STATEMACHINELOGENTRY, client-EDB41257C35F, cid=586
2019-09-24 16:16:38,166 WARN  server.GrpcLogAppender (GrpcLogAppender.java:timeoutAppendRequest(200)) - s2@group-5C26748AB2B1->s1-GrpcLogAppender: appendEntries Timeout, request=s2->s1#937-t3, previous=(t:3, i:815), leaderCommit=708, initializing? false, entries: size=1, first=(t:3, i:816), STATEMACHINELOGENTRY, client-EDB41257C35F, cid=585
2019-09-24 16:16:38,166 WARN  server.GrpcLogAppender (GrpcLogAppender.java:timeoutAppendRequest(200)) - s2@group-5C26748AB2B1->s0-GrpcLogAppender: appendEntries Timeout, request=s2->s0#814-t3, previous=(t:3, i:817), leaderCommit=708, initializing? false, entries: size=1, first=(t:3, i:818), STATEMACHINELOGENTRY, client-EDB41257C35F, cid=587
2019-09-24 16:16:38,166 WARN  server.GrpcLogAppender (GrpcLogAppender.java:timeoutAppendRequest(200)) - s2@group-5C26748AB2B1->s1-GrpcLogAppender: appendEntries Timeout, request=s2->s1#938-t3, previous=(t:3, i:816), leaderCommit=708, initializing? false, entries: size=1, first=(t:3, i:817), STATEMACHINELOGENTRY, client-EDB41257C35F, cid=586
2019-09-24 16:16:38,166 WARN  server.GrpcLogAppender (GrpcLogAppender.java:timeoutAppendRequest(200)) - s2@group-5C26748AB2B1->s0-GrpcLogAppender: appendEntries Timeout, request=s2->s0#815-t3, previous=(t:3, i:818), leaderCommit=708, initializing? false, entries: size=1, first=(t:3, i:819), STATEMACHINELOGENTRY, client-EDB41257C35F, cid=588
2019-09-24 16:16:38,167 WARN  server.GrpcLogAppender (GrpcLogAppender.java:timeoutAppendRequest(200)) - s2@group-5C26748AB2B1->s1-GrpcLogAppender: appendEntries Timeout, request=s2->s1#939-t3, previous=(t:3, i:817), leaderCommit=708, initializing? false, entries: size=1, first=(t:3, i:818), STATEMACHINELOGENTRY, client-EDB41257C35F, cid=587
2019-09-24 16:16:38,167 WARN  server.GrpcLogAppender (GrpcLogAppender.java:timeoutAppendRequest(200)) - s2@group-5C26748AB2B1->s0-GrpcLogAppender: appendEntries Timeout, request=s2->s0#816-t3, previous=(t:3, i:819), leaderCommit=708, initializing? false, entries: size=1, first=(t:3, i:820), STATEMACHINELOGENTRY, client-EDB41257C35F, cid=589
2019-09-24 16:16:38,167 WARN  server.GrpcLogAppender (GrpcLogAppender.java:timeoutAppendRequest(200)) - s2@group-5C26748AB2B1->s1-GrpcLogAppender: appendEntries Timeout, request=s2->s1#940-t3, previous=(t:3, i:818), leaderCommit=708, initializing? false, entries: size=1, first=(t:3, i:819), STATEMACHINELOGENTRY, client-EDB41257C35F, cid=588
2019-09-24 16:16:38,167 WARN  server.GrpcLogAppender (GrpcLogAppender.java:timeoutAppendRequest(200)) - s2@group-5C26748AB2B1->s0-GrpcLogAppender: appendEntries Timeout, request=s2->s0#817-t3, previous=(t:3, i:820), leaderCommit=708, initializing? false, entries: size=1, first=(t:3, i:821), STATEMACHINELOGENTRY, client-EDB41257C35F, cid=590
2019-09-24 16:16:38,168 WARN  server.GrpcLogAppender (GrpcLogAppender.java:timeoutAppendRequest(200)) - s2@group-5C26748AB2B1->s1-GrpcLogAppender: appendEntries Timeout, request=s2->s1#941-t3, previous=(t:3, i:819), leaderCommit=708, initializing? false, entries: size=1, first=(t:3, i:820), STATEMACHINELOGENTRY, client-EDB41257C35F, cid=589
2019-09-24 16:16:38,168 WARN  server.GrpcLogAppender (GrpcLogAppender.java:timeoutAppendRequest(200)) - s2@group-5C26748AB2B1->s0-GrpcLogAppender: appendEntries Timeout, request=s2->s0#818-t3, previous=(t:3, i:821), leaderCommit=708, initializing? false, entries: size=1, first=(t:3, i:822), STATEMACHINELOGENTRY, client-EDB41257C35F, cid=591
2019-09-24 16:16:38,168 WARN  server.GrpcLogAppender (GrpcLogAppender.java:timeoutAppendRequest(200)) - s2@group-5C26748AB2B1->s1-GrpcLogAppender: appendEntries Timeout, request=s2->s1#942-t3, previous=(t:3, i:820), leaderCommit=708, initializing? false, entries: size=1, first=(t:3, i:821), STATEMACHINELOGENTRY, client-EDB41257C35F, cid=590
2019-09-24 16:16:38,168 WARN  server.GrpcLogAppender (GrpcLogAppender.java:timeoutAppendRequest(200)) - s2@group-5C26748AB2B1->s0-GrpcLogAppender: appendEntries Timeout, request=s2->s0#819-t3, previous=(t:3, i:822), leaderCommit=708, initializing? false, entries: size=1, first=(t:3, i:823), STATEMACHINELOGENTRY, client-EDB41257C35F, cid=592
2019-09-24 16:16:38,168 WARN  server.GrpcLogAppender (GrpcLogAppender.java:timeoutAppendRequest(200)) - s2@group-5C26748AB2B1->s1-GrpcLogAppender: appendEntries Timeout, request=s2->s1#943-t3, previous=(t:3, i:821), leaderCommit=708, initializing? false, entries: size=1, first=(t:3, i:822), STATEMACHINELOGENTRY, client-EDB41257C35F, cid=591
2019-09-24 16:16:38,168 WARN  server.GrpcLogAppender (GrpcLogAppender.java:timeoutAppendRequest(200)) - s2@group-5C26748AB2B1->s0-GrpcLogAppender: appendEntries Timeout, request=s2->s0#820-t3, previous=(t:3, i:823), leaderCommit=708, initializing? false, entries: size=1, first=(t:3, i:824), STATEMACHINELOGENTRY, client-EDB41257C35F, cid=593
2019-09-24 16:16:38,169 WARN  server.GrpcLogAppender (GrpcLogAppender.java:timeoutAppendRequest(200)) - s2@group-5C26748AB2B1->s1-GrpcLogAppender: appendEntries Timeout, request=s2->s1#944-t3, previous=(t:3, i:822), leaderCommit=708, initializing? false, entries: size=1, first=(t:3, i:823), STATEMACHINELOGENTRY, client-EDB41257C35F, cid=592
2019-09-24 16:16:38,169 WARN  server.GrpcLogAppender (GrpcLogAppender.java:timeoutAppendRequest(200)) - s2@group-5C26748AB2B1->s0-GrpcLogAppender: appendEntries Timeout, request=s2->s0#821-t3, previous=(t:3, i:824), leaderCommit=708, initializing? false, entries: size=1, first=(t:3, i:825), STATEMACHINELOGENTRY, client-EDB41257C35F, cid=594
2019-09-24 16:16:38,169 WARN  server.GrpcLogAppender (GrpcLogAppender.java:timeoutAppendRequest(200)) - s2@group-5C26748AB2B1->s1-GrpcLogAppender: appendEntries Timeout, request=s2->s1#945-t3, previous=(t:3, i:823), leaderCommit=708, initializing? false, entries: size=1, first=(t:3, i:824), STATEMACHINELOGENTRY, client-EDB41257C35F, cid=593
2019-09-24 16:16:38,169 WARN  server.GrpcLogAppender (GrpcLogAppender.java:timeoutAppendRequest(200)) - s2@group-5C26748AB2B1->s0-GrpcLogAppender: appendEntries Timeout, request=s2->s0#822-t3, previous=(t:3, i:825), leaderCommit=708, initializing? false, entries: size=1, first=(t:3, i:826), STATEMACHINELOGENTRY, client-EDB41257C35F, cid=595
2019-09-24 16:16:38,169 WARN  server.GrpcLogAppender (GrpcLogAppender.java:timeoutAppendRequest(200)) - s2@group-5C26748AB2B1->s1-GrpcLogAppender: appendEntries Timeout, request=s2->s1#946-t3, previous=(t:3, i:824), leaderCommit=708, initializing? false, entries: size=1, first=(t:3, i:825), STATEMACHINELOGENTRY, client-EDB41257C35F, cid=594
2019-09-24 16:16:38,169 WARN  server.GrpcLogAppender (GrpcLogAppender.java:timeoutAppendRequest(200)) - s2@group-5C26748AB2B1->s0-GrpcLogAppender: appendEntries Timeout, request=s2->s0#823-t3, previous=(t:3, i:826), leaderCommit=708, initializing? false, entries: size=1, first=(t:3, i:827), STATEMACHINELOGENTRY, client-EDB41257C35F, cid=596
2019-09-24 16:16:38,170 WARN  server.GrpcLogAppender (GrpcLogAppender.java:timeoutAppendRequest(200)) - s2@group-5C26748AB2B1->s1-GrpcLogAppender: appendEntries Timeout, request=s2->s1#947-t3, previous=(t:3, i:825), leaderCommit=708, initializing? false, entries: size=1, first=(t:3, i:826), STATEMACHINELOGENTRY, client-EDB41257C35F, cid=595
2019-09-24 16:16:38,170 WARN  server.GrpcLogAppender (GrpcLogAppender.java:timeoutAppendRequest(200)) - s2@group-5C26748AB2B1->s0-GrpcLogAppender: appendEntries Timeout, request=s2->s0#824-t3, previous=(t:3, i:827), leaderCommit=708, initializing? false, entries: size=1, first=(t:3, i:828), STATEMACHINELOGENTRY, client-EDB41257C35F, cid=597
2019-09-24 16:16:38,170 WARN  server.GrpcLogAppender (GrpcLogAppender.java:timeoutAppendRequest(200)) - s2@group-5C26748AB2B1->s1-GrpcLogAppender: appendEntries Timeout, request=s2->s1#948-t3, previous=(t:3, i:826), leaderCommit=708, initializing? false, entries: size=1, first=(t:3, i:827), STATEMACHINELOGENTRY, client-EDB41257C35F, cid=596
2019-09-24 16:16:38,170 WARN  server.GrpcLogAppender (GrpcLogAppender.java:timeoutAppendRequest(200)) - s2@group-5C26748AB2B1->s0-GrpcLogAppender: appendEntries Timeout, request=s2->s0#825-t3, previous=(t:3, i:828), leaderCommit=708, initializing? false, entries: size=1, first=(t:3, i:829), STATEMACHINELOGENTRY, client-EDB41257C35F, cid=598
2019-09-24 16:16:38,170 WARN  server.GrpcLogAppender (GrpcLogAppender.java:timeoutAppendRequest(200)) - s2@group-5C26748AB2B1->s1-GrpcLogAppender: appendEntries Timeout, request=s2->s1#949-t3, previous=(t:3, i:827), leaderCommit=708, initializing? false, entries: size=1, first=(t:3, i:828), STATEMACHINELOGENTRY, client-EDB41257C35F, cid=597
2019-09-24 16:16:38,170 WARN  server.GrpcLogAppender (GrpcLogAppender.java:timeoutAppendRequest(200)) - s2@group-5C26748AB2B1->s0-GrpcLogAppender: appendEntries Timeout, request=s2->s0#826-t3, previous=(t:3, i:829), leaderCommit=708, initializing? false, entries: size=1, first=(t:3, i:830), STATEMACHINELOGENTRY, client-EDB41257C35F, cid=599
2019-09-24 16:16:38,170 WARN  server.GrpcLogAppender (GrpcLogAppender.java:timeoutAppendRequest(200)) - s2@group-5C26748AB2B1->s1-GrpcLogAppender: appendEntries Timeout, request=s2->s1#950-t3, previous=(t:3, i:828), leaderCommit=708, initializing? false, entries: size=1, first=(t:3, i:829), STATEMACHINELOGENTRY, client-EDB41257C35F, cid=598
2019-09-24 16:16:38,170 WARN  server.GrpcLogAppender (GrpcLogAppender.java:timeoutAppendRequest(200)) - s2@group-5C26748AB2B1->s0-GrpcLogAppender: appendEntries Timeout, request=s2->s0#827-t3, previous=(t:3, i:830), leaderCommit=708, initializing? false, entries: size=1, first=(t:3, i:831), STATEMACHINELOGENTRY, client-EDB41257C35F, cid=600
2019-09-24 16:16:38,171 WARN  server.GrpcLogAppender (GrpcLogAppender.java:timeoutAppendRequest(200)) - s2@group-5C26748AB2B1->s1-GrpcLogAppender: appendEntries Timeout, request=s2->s1#951-t3, previous=(t:3, i:829), leaderCommit=708, initializing? false, entries: size=1, first=(t:3, i:830), STATEMACHINELOGENTRY, client-EDB41257C35F, cid=599
2019-09-24 16:16:38,171 WARN  server.GrpcLogAppender (GrpcLogAppender.java:timeoutAppendRequest(200)) - s2@group-5C26748AB2B1->s0-GrpcLogAppender: appendEntries Timeout, request=s2->s0#828-t3, previous=(t:3, i:831), leaderCommit=708, initializing? false, entries: size=1, first=(t:3, i:832), STATEMACHINELOGENTRY, client-EDB41257C35F, cid=601
2019-09-24 16:16:38,171 WARN  server.GrpcLogAppender (GrpcLogAppender.java:timeoutAppendRequest(200)) - s2@group-5C26748AB2B1->s1-GrpcLogAppender: appendEntries Timeout, request=s2->s1#952-t3, previous=(t:3, i:830), leaderCommit=708, initializing? false, entries: size=1, first=(t:3, i:831), STATEMACHINELOGENTRY, client-EDB41257C35F, cid=600
2019-09-24 16:16:38,171 WARN  server.GrpcLogAppender (GrpcLogAppender.java:timeoutAppendRequest(200)) - s2@group-5C26748AB2B1->s0-GrpcLogAppender: appendEntries Timeout, request=s2->s0#829-t3, previous=(t:3, i:832), leaderCommit=708, initializing? false, entries: size=1, first=(t:3, i:833), STATEMACHINELOGENTRY, client-EDB41257C35F, cid=602
2019-09-24 16:16:38,171 WARN  server.GrpcLogAppender (GrpcLogAppender.java:timeoutAppendRequest(200)) - s2@group-5C26748AB2B1->s1-GrpcLogAppender: appendEntries Timeout, request=s2->s1#953-t3, previous=(t:3, i:831), leaderCommit=708, initializing? false, entries: size=1, first=(t:3, i:832), STATEMACHINELOGENTRY, client-EDB41257C35F, cid=601
2019-09-24 16:16:38,171 WARN  server.GrpcLogAppender (GrpcLogAppender.java:timeoutAppendRequest(200)) - s2@group-5C26748AB2B1->s0-GrpcLogAppender: appendEntries Timeout, request=s2->s0#830-t3, previous=(t:3, i:833), leaderCommit=708, initializing? false, entries: size=1, first=(t:3, i:834), STATEMACHINELOGENTRY, client-EDB41257C35F, cid=603
2019-09-24 16:16:38,171 WARN  server.GrpcLogAppender (GrpcLogAppender.java:timeoutAppendRequest(200)) - s2@group-5C26748AB2B1->s1-GrpcLogAppender: appendEntries Timeout, request=s2->s1#954-t3, previous=(t:3, i:832), leaderCommit=708, initializing? false, entries: size=1, first=(t:3, i:833), STATEMACHINELOGENTRY, client-EDB41257C35F, cid=602
2019-09-24 16:16:38,172 WARN  server.GrpcLogAppender (GrpcLogAppender.java:timeoutAppendRequest(200)) - s2@group-5C26748AB2B1->s0-GrpcLogAppender: appendEntries Timeout, request=s2->s0#831-t3, previous=(t:3, i:834), leaderCommit=708, initializing? false, entries: size=1, first=(t:3, i:835), STATEMACHINELOGENTRY, client-EDB41257C35F, cid=604
2019-09-24 16:16:38,172 WARN  server.GrpcLogAppender (GrpcLogAppender.java:timeoutAppendRequest(200)) - s2@group-5C26748AB2B1->s1-GrpcLogAppender: appendEntries Timeout, request=s2->s1#955-t3, previous=(t:3, i:833), leaderCommit=708, initializing? false, entries: size=1, first=(t:3, i:834), STATEMACHINELOGENTRY, client-EDB41257C35F, cid=603
2019-09-24 16:16:38,172 WARN  server.GrpcLogAppender (GrpcLogAppender.java:timeoutAppendRequest(200)) - s2@group-5C26748AB2B1->s0-GrpcLogAppender: appendEntries Timeout, request=s2->s0#832-t3, previous=(t:3, i:835), leaderCommit=708, initializing? false, entries: size=1, first=(t:3, i:836), STATEMACHINELOGENTRY, client-EDB41257C35F, cid=605
2019-09-24 16:16:38,172 WARN  server.GrpcLogAppender (GrpcLogAppender.java:timeoutAppendRequest(200)) - s2@group-5C26748AB2B1->s1-GrpcLogAppender: appendEntries Timeout, request=s2->s1#956-t3, previous=(t:3, i:834), leaderCommit=708, initializing? false, entries: size=1, first=(t:3, i:835), STATEMACHINELOGENTRY, client-EDB41257C35F, cid=604
2019-09-24 16:16:38,172 WARN  server.GrpcLogAppender (GrpcLogAppender.java:timeoutAppendRequest(200)) - s2@group-5C26748AB2B1->s0-GrpcLogAppender: appendEntries Timeout, request=s2->s0#833-t3, previous=(t:3, i:836), leaderCommit=708, initializing? false, entries: size=1, first=(t:3, i:837), STATEMACHINELOGENTRY, client-EDB41257C35F, cid=606
2019-09-24 16:16:38,172 WARN  server.GrpcLogAppender (GrpcLogAppender.java:timeoutAppendRequest(200)) - s2@group-5C26748AB2B1->s1-GrpcLogAppender: appendEntries Timeout, request=s2->s1#957-t3, previous=(t:3, i:835), leaderCommit=708, initializing? false, entries: size=1, first=(t:3, i:836), STATEMACHINELOGENTRY, client-EDB41257C35F, cid=605
2019-09-24 16:16:38,173 WARN  server.GrpcLogAppender (GrpcLogAppender.java:timeoutAppendRequest(200)) - s2@group-5C26748AB2B1->s1-GrpcLogAppender: appendEntries Timeout, request=s2->s1#958-t3, previous=(t:3, i:836), leaderCommit=708, initializing? false, entries: size=1, first=(t:3, i:837), STATEMACHINELOGENTRY, client-EDB41257C35F, cid=606
2019-09-24 16:16:38,174 DEBUG client.GrpcClientProtocolService (GrpcClientProtocolService.java:<init>(175)) - new 3-OrderedRequestStreamObserver3
2019-09-24 16:16:38,176 DEBUG client.GrpcClientProtocolService (GrpcClientProtocolService.java:sendReply(353)) - 3-OrderedRequestStreamObserver3: sendReply seq=512, RaftClientReply:client-EDB41257C35F->s1@group-5C26748AB2B1, cid=511, FAILED org.apache.ratis.protocol.NotLeaderException: Server s1@group-5C26748AB2B1 is not the leader s2:0.0.0.0:34862, logIndex=0, commits[s1:c739, s0:c708, s2:c740]
2019-09-24 16:16:38,180 DEBUG client.GrpcClientProtocolService (GrpcClientProtocolService.java:close(374)) - 3-OrderedRequestStreamObserver3: close
2019-09-24 16:16:38,186 DEBUG client.GrpcClientProtocolService (GrpcClientProtocolService.java:<init>(175)) - new 20-OrderedRequestStreamObserver20
2019-09-24 16:16:38,239 WARN  server.GrpcLogAppender (GrpcLogAppender.java:timeoutAppendRequest(200)) - s2@group-5C26748AB2B1->s1-GrpcLogAppender: appendEntries Timeout, request=s2->s1#959-t3, previous=(t:3, i:837), leaderCommit=708, initializing? false, entries: <empty>
2019-09-24 16:16:38,239 WARN  server.GrpcLogAppender (GrpcLogAppender.java:timeoutAppendRequest(200)) - s2@group-5C26748AB2B1->s0-GrpcLogAppender: appendEntries Timeout, request=s2->s0#834-t3, previous=(t:3, i:837), leaderCommit=708, initializing? false, entries: <empty>
2019-09-24 16:16:38,315 WARN  server.GrpcLogAppender (GrpcLogAppender.java:timeoutAppendRequest(200)) - s2@group-5C26748AB2B1->s1-GrpcLogAppender: appendEntries Timeout, request=s2->s1#960-t3, previous=(t:3, i:837), leaderCommit=708, initializing? false, entries: <empty>
2019-09-24 16:16:38,315 WARN  server.GrpcLogAppender (GrpcLogAppender.java:timeoutAppendRequest(200)) - s2@group-5C26748AB2B1->s0-GrpcLogAppender: appendEntries Timeout, request=s2->s0#835-t3, previous=(t:3, i:837), leaderCommit=708, initializing? false, entries: <empty>
2019-09-24 16:16:38,390 WARN  server.GrpcLogAppender (GrpcLogAppender.java:timeoutAppendRequest(200)) - s2@group-5C26748AB2B1->s0-GrpcLogAppender: appendEntries Timeout, request=s2->s0#836-t3, previous=(t:3, i:837), leaderCommit=708, initializing? false, entries: <empty>
2019-09-24 16:16:38,390 WARN  server.GrpcLogAppender (GrpcLogAppender.java:timeoutAppendRequest(200)) - s2@group-5C26748AB2B1->s1-GrpcLogAppender: appendEntries Timeout, request=s2->s1#961-t3, previous=(t:3, i:837), leaderCommit=708, initializing? false, entries: <empty>
2019-09-24 16:16:38,465 WARN  server.GrpcLogAppender (GrpcLogAppender.java:timeoutAppendRequest(200)) - s2@group-5C26748AB2B1->s0-GrpcLogAppender: appendEntries Timeout, request=s2->s0#837-t3, previous=(t:3, i:837), leaderCommit=708, initializing? false, entries: <empty>
2019-09-24 16:16:38,465 WARN  server.GrpcLogAppender (GrpcLogAppender.java:timeoutAppendRequest(200)) - s2@group-5C26748AB2B1->s1-GrpcLogAppender: appendEntries Timeout, request=s2->s1#962-t3, previous=(t:3, i:837), leaderCommit=708, initializing? false, entries: <empty>
2019-09-24 16:16:38,541 WARN  server.GrpcLogAppender (GrpcLogAppender.java:timeoutAppendRequest(200)) - s2@group-5C26748AB2B1->s0-GrpcLogAppender: appendEntries Timeout, request=s2->s0#838-t3, previous=(t:3, i:837), leaderCommit=708, initializing? false, entries: <empty>
2019-09-24 16:16:38,541 WARN  server.GrpcLogAppender (GrpcLogAppender.java:timeoutAppendRequest(200)) - s2@group-5C26748AB2B1->s1-GrpcLogAppender: appendEntries Timeout, request=s2->s1#963-t3, previous=(t:3, i:837), leaderCommit=708, initializing? false, entries: <empty>
2019-09-24 16:16:38,616 WARN  server.GrpcLogAppender (GrpcLogAppender.java:timeoutAppendRequest(200)) - s2@group-5C26748AB2B1->s0-GrpcLogAppender: appendEntries Timeout, request=s2->s0#839-t3, previous=(t:3, i:837), leaderCommit=708, initializing? false, entries: <empty>
2019-09-24 16:16:38,616 WARN  server.GrpcLogAppender (GrpcLogAppender.java:timeoutAppendRequest(200)) - s2@group-5C26748AB2B1->s1-GrpcLogAppender: appendEntries Timeout, request=s2->s1#964-t3, previous=(t:3, i:837), leaderCommit=708, initializing? false, entries: <empty>
2019-09-24 16:16:38,653 WARN  server.GrpcLogAppender (GrpcLogAppender.java:timeoutAppendRequest(200)) - s2@group-5C26748AB2B1->s0-GrpcLogAppender: appendEntries Timeout, request=s2->s0#840-t3, previous=(t:3, i:837), leaderCommit=733, initializing? false, entries: size=1, first=(t:3, i:838), STATEMACHINELOGENTRY, client-EDB41257C35F, cid=607
2019-09-24 16:16:38,653 WARN  server.GrpcLogAppender (GrpcLogAppender.java:timeoutAppendRequest(200)) - s2@group-5C26748AB2B1->s1-GrpcLogAppender: appendEntries Timeout, request=s2->s1#965-t3, previous=(t:3, i:837), leaderCommit=733, initializing? false, entries: size=1, first=(t:3, i:838), STATEMACHINELOGENTRY, client-EDB41257C35F, cid=607
2019-09-24 16:16:38,653 WARN  server.GrpcLogAppender (GrpcLogAppender.java:timeoutAppendRequest(200)) - s2@group-5C26748AB2B1->s0-GrpcLogAppender: appendEntries Timeout, request=s2->s0#841-t3, previous=(t:3, i:838), leaderCommit=733, initializing? false, entries: size=1, first=(t:3, i:839), STATEMACHINELOGENTRY, client-EDB41257C35F, cid=608
2019-09-24 16:16:38,653 WARN  server.GrpcLogAppender (GrpcLogAppender.java:timeoutAppendRequest(200)) - s2@group-5C26748AB2B1->s1-GrpcLogAppender: appendEntries Timeout, request=s2->s1#966-t3, previous=(t:3, i:838), leaderCommit=733, initializing? false, entries: size=1, first=(t:3, i:839), STATEMACHINELOGENTRY, client-EDB41257C35F, cid=608
2019-09-24 16:16:38,654 WARN  server.GrpcLogAppender (GrpcLogAppender.java:timeoutAppendRequest(200)) - s2@group-5C26748AB2B1->s0-GrpcLogAppender: appendEntries Timeout, request=s2->s0#842-t3, previous=(t:3, i:839), leaderCommit=734, initializing? false, entries: size=1, first=(t:3, i:840), METADATAENTRY(c734)
2019-09-24 16:16:38,654 WARN  server.GrpcLogAppender (GrpcLogAppender.java:timeoutAppendRequest(200)) - s2@group-5C26748AB2B1->s1-GrpcLogAppender: appendEntries Timeout, request=s2->s1#967-t3, previous=(t:3, i:839), leaderCommit=734, initializing? false, entries: size=1, first=(t:3, i:840), METADATAENTRY(c734)
2019-09-24 16:16:38,657 WARN  server.GrpcLogAppender (GrpcLogAppender.java:timeoutAppendRequest(200)) - s2@group-5C26748AB2B1->s1-GrpcLogAppender: appendEntries Timeout, request=s2->s1#968-t3, previous=(t:3, i:840), leaderCommit=737, initializing? false, entries: size=1, first=(t:3, i:841), STATEMACHINELOGENTRY, client-EDB41257C35F, cid=609
2019-09-24 16:16:38,657 WARN  server.GrpcLogAppender (GrpcLogAppender.java:timeoutAppendRequest(200)) - s2@group-5C26748AB2B1->s0-GrpcLogAppender: appendEntries Timeout, request=s2->s0#843-t3, previous=(t:3, i:840), leaderCommit=737, initializing? false, entries: size=1, first=(t:3, i:841), STATEMACHINELOGENTRY, client-EDB41257C35F, cid=609
2019-09-24 16:16:38,705 WARN  server.GrpcLogAppender (GrpcLogAppender.java:timeoutAppendRequest(200)) - s2@group-5C26748AB2B1->s1-GrpcLogAppender: appendEntries Timeout, request=s2->s1#969-t3, previous=(t:3, i:841), leaderCommit=740, initializing? false, entries: size=1, first=(t:3, i:842), METADATAENTRY(c740)
2019-09-24 16:16:38,705 WARN  server.GrpcLogAppender (GrpcLogAppender.java:timeoutAppendRequest(200)) - s2@group-5C26748AB2B1->s0-GrpcLogAppender: appendEntries Timeout, request=s2->s0#844-t3, previous=(t:3, i:841), leaderCommit=740, initializing? false, entries: size=1, first=(t:3, i:842), METADATAENTRY(c740)
2019-09-24 16:16:38,707 WARN  server.GrpcLogAppender (GrpcLogAppender.java:timeoutAppendRequest(200)) - s2@group-5C26748AB2B1->s0-GrpcLogAppender: appendEntries Timeout, request=s2->s0#845-t3, previous=(t:3, i:842), leaderCommit=740, initializing? false, entries: size=1, first=(t:3, i:843), STATEMACHINELOGENTRY, client-EDB41257C35F, cid=610
2019-09-24 16:16:38,707 WARN  server.GrpcLogAppender (GrpcLogAppender.java:timeoutAppendRequest(200)) - s2@group-5C26748AB2B1->s1-GrpcLogAppender: appendEntries Timeout, request=s2->s1#970-t3, previous=(t:3, i:842), leaderCommit=740, initializing? false, entries: size=1, first=(t:3, i:843), STATEMACHINELOGENTRY, client-EDB41257C35F, cid=610
2019-09-24 16:16:38,784 WARN  server.GrpcLogAppender (GrpcLogAppender.java:timeoutAppendRequest(200)) - s2@group-5C26748AB2B1->s0-GrpcLogAppender: appendEntries Timeout, request=s2->s0#846-t3, previous=(t:3, i:843), leaderCommit=740, initializing? false, entries: <empty>
2019-09-24 16:16:38,784 WARN  server.GrpcLogAppender (GrpcLogAppender.java:timeoutAppendRequest(200)) - s2@group-5C26748AB2B1->s1-GrpcLogAppender: appendEntries Timeout, request=s2->s1#971-t3, previous=(t:3, i:843), leaderCommit=740, initializing? false, entries: <empty>
2019-09-24 16:16:38,859 WARN  server.GrpcLogAppender (GrpcLogAppender.java:timeoutAppendRequest(200)) - s2@group-5C26748AB2B1->s0-GrpcLogAppender: appendEntries Timeout, request=s2->s0#847-t3, previous=(t:3, i:843), leaderCommit=740, initializing? false, entries: <empty>
2019-09-24 16:16:38,860 WARN  server.GrpcLogAppender (GrpcLogAppender.java:timeoutAppendRequest(200)) - s2@group-5C26748AB2B1->s1-GrpcLogAppender: appendEntries Timeout, request=s2->s1#972-t3, previous=(t:3, i:843), leaderCommit=740, initializing? false, entries: <empty>
2019-09-24 16:16:38,934 WARN  server.GrpcLogAppender (GrpcLogAppender.java:timeoutAppendRequest(200)) - s2@group-5C26748AB2B1->s0-GrpcLogAppender: appendEntries Timeout, request=s2->s0#848-t3, previous=(t:3, i:843), leaderCommit=740, initializing? false, entries: <empty>
2019-09-24 16:16:38,935 WARN  server.GrpcLogAppender (GrpcLogAppender.java:timeoutAppendRequest(200)) - s2@group-5C26748AB2B1->s1-GrpcLogAppender: appendEntries Timeout, request=s2->s1#973-t3, previous=(t:3, i:843), leaderCommit=740, initializing? false, entries: <empty>
2019-09-24 16:16:38,988 INFO  ratis.MiniRaftCluster (MiniRaftCluster.java:lambda$null$5(297)) - TIMED-PRINT: printing ALL groups
  s0:  RUNNING  FOLLOWER s0@group-5C26748AB2B1:t3, leader=s2, voted=s2, raftlog=s0@group-5C26748AB2B1-SegmentedRaftLog:OPENED:c740,f740,i843, conf=0: [s0:0.0.0.0:36823, s1:0.0.0.0:40855, s2:0.0.0.0:34862], old=null RUNNING
  s1:  RUNNING  FOLLOWER s1@group-5C26748AB2B1:t3, leader=s2, voted=s2, raftlog=s1@group-5C26748AB2B1-SegmentedRaftLog:OPENED:c739,f739,i843, conf=0: [s0:0.0.0.0:36823, s1:0.0.0.0:40855, s2:0.0.0.0:34862], old=null RUNNING
  s2:  RUNNING    LEADER s2@group-5C26748AB2B1:t3, leader=s2, voted=s2, raftlog=s2@group-5C26748AB2B1-SegmentedRaftLog:OPENED:c740,f837,i843, conf=0: [s0:0.0.0.0:36823, s1:0.0.0.0:40855, s2:0.0.0.0:34862], old=null RUNNING
2019-09-24 16:16:39,010 WARN  server.GrpcLogAppender (GrpcLogAppender.java:timeoutAppendRequest(200)) - s2@group-5C26748AB2B1->s0-GrpcLogAppender: appendEntries Timeout, request=s2->s0#849-t3, previous=(t:3, i:843), leaderCommit=740, initializing? false, entries: <empty>
2019-09-24 16:16:39,010 WARN  server.GrpcLogAppender (GrpcLogAppender.java:timeoutAppendRequest(200)) - s2@group-5C26748AB2B1->s1-GrpcLogAppender: appendEntries Timeout, request=s2->s1#974-t3, previous=(t:3, i:843), leaderCommit=740, initializing? false, entries: <empty>
2019-09-24 16:16:39,085 WARN  server.GrpcLogAppender (GrpcLogAppender.java:timeoutAppendRequest(200)) - s2@group-5C26748AB2B1->s0-GrpcLogAppender: appendEntries Timeout, request=s2->s0#850-t3, previous=(t:3, i:843), leaderCommit=740, initializing? false, entries: <empty>
2019-09-24 16:16:39,086 WARN  server.GrpcLogAppender (GrpcLogAppender.java:timeoutAppendRequest(200)) - s2@group-5C26748AB2B1->s1-GrpcLogAppender: appendEntries Timeout, request=s2->s1#975-t3, previous=(t:3, i:843), leaderCommit=740, initializing? false, entries: <empty>
2019-09-24 16:16:39,161 WARN  server.GrpcLogAppender (GrpcLogAppender.java:timeoutAppendRequest(200)) - s2@group-5C26748AB2B1->s0-GrpcLogAppender: appendEntries Timeout, request=s2->s0#851-t3, previous=(t:3, i:843), leaderCommit=740, initializing? false, entries: <empty>
2019-09-24 16:16:39,161 WARN  server.GrpcLogAppender (GrpcLogAppender.java:timeoutAppendRequest(200)) - s2@group-5C26748AB2B1->s1-GrpcLogAppender: appendEntries Timeout, request=s2->s1#976-t3, previous=(t:3, i:843), leaderCommit=740, initializing? false, entries: <empty>
2019-09-24 16:16:39,236 WARN  server.GrpcLogAppender (GrpcLogAppender.java:timeoutAppendRequest(200)) - s2@group-5C26748AB2B1->s0-GrpcLogAppender: appendEntries Timeout, request=s2->s0#852-t3, previous=(t:3, i:843), leaderCommit=740, initializing? false, entries: <empty>
2019-09-24 16:16:39,236 WARN  server.GrpcLogAppender (GrpcLogAppender.java:timeoutAppendRequest(200)) - s2@group-5C26748AB2B1->s1-GrpcLogAppender: appendEntries Timeout, request=s2->s1#977-t3, previous=(t:3, i:843), leaderCommit=740, initializing? false, entries: <empty>
2019-09-24 16:16:39,311 WARN  server.GrpcLogAppender (GrpcLogAppender.java:timeoutAppendRequest(200)) - s2@group-5C26748AB2B1->s0-GrpcLogAppender: appendEntries Timeout, request=s2->s0#853-t3, previous=(t:3, i:843), leaderCommit=740, initializing? false, entries: <empty>
2019-09-24 16:16:39,311 WARN  server.GrpcLogAppender (GrpcLogAppender.java:timeoutAppendRequest(200)) - s2@group-5C26748AB2B1->s1-GrpcLogAppender: appendEntries Timeout, request=s2->s1#978-t3, previous=(t:3, i:843), leaderCommit=740, initializing? false, entries: <empty>
2019-09-24 16:16:39,386 WARN  server.GrpcLogAppender (GrpcLogAppender.java:timeoutAppendRequest(200)) - s2@group-5C26748AB2B1->s0-GrpcLogAppender: appendEntries Timeout, request=s2->s0#854-t3, previous=(t:3, i:843), leaderCommit=740, initializing? false, entries: <empty>
2019-09-24 16:16:39,386 WARN  server.GrpcLogAppender (GrpcLogAppender.java:timeoutAppendRequest(200)) - s2@group-5C26748AB2B1->s1-GrpcLogAppender: appendEntries Timeout, request=s2->s1#979-t3, previous=(t:3, i:843), leaderCommit=740, initializing? false, entries: <empty>
2019-09-24 16:16:39,461 WARN  server.GrpcLogAppender (GrpcLogAppender.java:timeoutAppendRequest(200)) - s2@group-5C26748AB2B1->s0-GrpcLogAppender: appendEntries Timeout, request=s2->s0#855-t3, previous=(t:3, i:843), leaderCommit=740, initializing? false, entries: <empty>
2019-09-24 16:16:39,462 WARN  server.GrpcLogAppender (GrpcLogAppender.java:timeoutAppendRequest(200)) - s2@group-5C26748AB2B1->s1-GrpcLogAppender: appendEntries Timeout, request=s2->s1#980-t3, previous=(t:3, i:843), leaderCommit=740, initializing? false, entries: <empty>
2019-09-24 16:16:39,537 WARN  server.GrpcLogAppender (GrpcLogAppender.java:timeoutAppendRequest(200)) - s2@group-5C26748AB2B1->s0-GrpcLogAppender: appendEntries Timeout, request=s2->s0#856-t3, previous=(t:3, i:843), leaderCommit=740, initializing? false, entries: <empty>
2019-09-24 16:16:39,537 WARN  server.GrpcLogAppender (GrpcLogAppender.java:timeoutAppendRequest(200)) - s2@group-5C26748AB2B1->s1-GrpcLogAppender: appendEntries Timeout, request=s2->s1#981-t3, previous=(t:3, i:843), leaderCommit=740, initializing? false, entries: <empty>
2019-09-24 16:16:39,612 WARN  server.GrpcLogAppender (GrpcLogAppender.java:timeoutAppendRequest(200)) - s2@group-5C26748AB2B1->s0-GrpcLogAppender: appendEntries Timeout, request=s2->s0#857-t3, previous=(t:3, i:843), leaderCommit=740, initializing? false, entries: <empty>
2019-09-24 16:16:39,612 WARN  server.GrpcLogAppender (GrpcLogAppender.java:timeoutAppendRequest(200)) - s2@group-5C26748AB2B1->s1-GrpcLogAppender: appendEntries Timeout, request=s2->s1#982-t3, previous=(t:3, i:843), leaderCommit=740, initializing? false, entries: <empty>
2019-09-24 16:16:39,687 WARN  server.GrpcLogAppender (GrpcLogAppender.java:timeoutAppendRequest(200)) - s2@group-5C26748AB2B1->s0-GrpcLogAppender: appendEntries Timeout, request=s2->s0#858-t3, previous=(t:3, i:843), leaderCommit=740, initializing? false, entries: <empty>
2019-09-24 16:16:39,687 WARN  server.GrpcLogAppender (GrpcLogAppender.java:timeoutAppendRequest(200)) - s2@group-5C26748AB2B1->s1-GrpcLogAppender: appendEntries Timeout, request=s2->s1#983-t3, previous=(t:3, i:843), leaderCommit=740, initializing? false, entries: <empty>
2019-09-24 16:16:39,762 WARN  server.GrpcLogAppender (GrpcLogAppender.java:timeoutAppendRequest(200)) - s2@group-5C26748AB2B1->s0-GrpcLogAppender: appendEntries Timeout, request=s2->s0#859-t3, previous=(t:3, i:843), leaderCommit=740, initializing? false, entries: <empty>
2019-09-24 16:16:39,763 WARN  server.GrpcLogAppender (GrpcLogAppender.java:timeoutAppendRequest(200)) - s2@group-5C26748AB2B1->s1-GrpcLogAppender: appendEntries Timeout, request=s2->s1#984-t3, previous=(t:3, i:843), leaderCommit=740, initializing? false, entries: <empty>
2019-09-24 16:16:39,838 WARN  server.GrpcLogAppender (GrpcLogAppender.java:timeoutAppendRequest(200)) - s2@group-5C26748AB2B1->s1-GrpcLogAppender: appendEntries Timeout, request=s2->s1#985-t3, previous=(t:3, i:843), leaderCommit=740, initializing? false, entries: <empty>
2019-09-24 16:16:39,838 WARN  server.GrpcLogAppender (GrpcLogAppender.java:timeoutAppendRequest(200)) - s2@group-5C26748AB2B1->s0-GrpcLogAppender: appendEntries Timeout, request=s2->s0#860-t3, previous=(t:3, i:843), leaderCommit=740, initializing? false, entries: <empty>
2019-09-24 16:16:39,913 WARN  server.GrpcLogAppender (GrpcLogAppender.java:timeoutAppendRequest(200)) - s2@group-5C26748AB2B1->s0-GrpcLogAppender: appendEntries Timeout, request=s2->s0#861-t3, previous=(t:3, i:843), leaderCommit=740, initializing? false, entries: <empty>
2019-09-24 16:16:39,913 WARN  server.GrpcLogAppender (GrpcLogAppender.java:timeoutAppendRequest(200)) - s2@group-5C26748AB2B1->s1-GrpcLogAppender: appendEntries Timeout, request=s2->s1#986-t3, previous=(t:3, i:843), leaderCommit=740, initializing? false, entries: <empty>
2019-09-24 16:16:39,988 WARN  server.GrpcLogAppender (GrpcLogAppender.java:timeoutAppendRequest(200)) - s2@group-5C26748AB2B1->s0-GrpcLogAppender: appendEntries Timeout, request=s2->s0#862-t3, previous=(t:3, i:843), leaderCommit=740, initializing? false, entries: <empty>
2019-09-24 16:16:39,988 WARN  server.GrpcLogAppender (GrpcLogAppender.java:timeoutAppendRequest(200)) - s2@group-5C26748AB2B1->s1-GrpcLogAppender: appendEntries Timeout, request=s2->s1#987-t3, previous=(t:3, i:843), leaderCommit=740, initializing? false, entries: <empty>
2019-09-24 16:16:40,063 WARN  server.GrpcLogAppender (GrpcLogAppender.java:timeoutAppendRequest(200)) - s2@group-5C26748AB2B1->s0-GrpcLogAppender: appendEntries Timeout, request=s2->s0#863-t3, previous=(t:3, i:843), leaderCommit=740, initializing? false, entries: <empty>
2019-09-24 16:16:40,064 WARN  server.GrpcLogAppender (GrpcLogAppender.java:timeoutAppendRequest(200)) - s2@group-5C26748AB2B1->s1-GrpcLogAppender: appendEntries Timeout, request=s2->s1#988-t3, previous=(t:3, i:843), leaderCommit=740, initializing? false, entries: <empty>
2019-09-24 16:16:40,139 WARN  server.GrpcLogAppender (GrpcLogAppender.java:timeoutAppendRequest(200)) - s2@group-5C26748AB2B1->s0-GrpcLogAppender: appendEntries Timeout, request=s2->s0#864-t3, previous=(t:3, i:843), leaderCommit=740, initializing? false, entries: <empty>
2019-09-24 16:16:40,728 WARN  server.GrpcLogAppender (GrpcLogAppender.java:onNextImpl(251)) - s2@group-5C26748AB2B1->s0-AppendLogResponseHandler: Request not found, ignoring reply: s2<-s0#737:OK,SUCCESS,nextIndex:742,term:3,followerCommit:740
2019-09-24 16:16:40,729 WARN  server.GrpcLogAppender (GrpcLogAppender.java:onNextImpl(251)) - s2@group-5C26748AB2B1->s0-AppendLogResponseHandler: Request not found, ignoring reply: s2<-s0#738:OK,SUCCESS,nextIndex:743,term:3,followerCommit:740
2019-09-24 16:16:40,730 WARN  server.GrpcLogAppender (GrpcLogAppender.java:onNextImpl(251)) - s2@group-5C26748AB2B1->s0-AppendLogResponseHandler: Request not found, ignoring reply: s2<-s0#739:OK,SUCCESS,nextIndex:744,term:3,followerCommit:740
2019-09-24 16:16:40,730 WARN  server.GrpcLogAppender (GrpcLogAppender.java:onNextImpl(251)) - s2@group-5C26748AB2B1->s0-AppendLogResponseHandler: Request not found, ignoring reply: s2<-s0#740:OK,SUCCESS,nextIndex:745,term:3,followerCommit:740
2019-09-24 16:16:40,730 WARN  server.GrpcLogAppender (GrpcLogAppender.java:onNextImpl(251)) - s2@group-5C26748AB2B1->s0-AppendLogResponseHandler: Request not found, ignoring reply: s2<-s0#741:OK,SUCCESS,nextIndex:746,term:3,followerCommit:740
2019-09-24 16:16:40,731 WARN  server.GrpcLogAppender (GrpcLogAppender.java:onNextImpl(251)) - s2@group-5C26748AB2B1->s0-AppendLogResponseHandler: Request not found, ignoring reply: s2<-s0#742:OK,SUCCESS,nextIndex:747,term:3,followerCommit:740
2019-09-24 16:16:40,731 WARN  server.GrpcLogAppender (GrpcLogAppender.java:onNextImpl(251)) - s2@group-5C26748AB2B1->s0-AppendLogResponseHandler: Request not found, ignoring reply: s2<-s0#743:OK,SUCCESS,nextIndex:748,term:3,followerCommit:740
2019-09-24 16:16:40,732 WARN  server.GrpcLogAppender (GrpcLogAppender.java:onNextImpl(251)) - s2@group-5C26748AB2B1->s0-AppendLogResponseHandler: Request not found, ignoring reply: s2<-s0#744:OK,SUCCESS,nextIndex:749,term:3,followerCommit:740
2019-09-24 16:16:40,733 WARN  server.GrpcLogAppender (GrpcLogAppender.java:onNextImpl(251)) - s2@group-5C26748AB2B1->s0-AppendLogResponseHandler: Request not found, ignoring reply: s2<-s0#745:OK,SUCCESS,nextIndex:750,term:3,followerCommit:740
2019-09-24 16:16:40,733 WARN  server.GrpcLogAppender (GrpcLogAppender.java:onNextImpl(251)) - s2@group-5C26748AB2B1->s0-AppendLogResponseHandler: Request not found, ignoring reply: s2<-s0#746:OK,SUCCESS,nextIndex:751,term:3,followerCommit:740
2019-09-24 16:16:40,734 WARN  server.GrpcLogAppender (GrpcLogAppender.java:onNextImpl(251)) - s2@group-5C26748AB2B1->s0-AppendLogResponseHandler: Request not found, ignoring reply: s2<-s0#747:OK,SUCCESS,nextIndex:752,term:3,followerCommit:740
2019-09-24 16:16:40,734 WARN  server.GrpcLogAppender (GrpcLogAppender.java:onNextImpl(251)) - s2@group-5C26748AB2B1->s0-AppendLogResponseHandler: Request not found, ignoring reply: s2<-s0#748:OK,SUCCESS,nextIndex:753,term:3,followerCommit:740
2019-09-24 16:16:40,734 WARN  server.GrpcLogAppender (GrpcLogAppender.java:onNextImpl(251)) - s2@group-5C26748AB2B1->s0-AppendLogResponseHandler: Request not found, ignoring reply: s2<-s0#749:OK,SUCCESS,nextIndex:754,term:3,followerCommit:740
2019-09-24 16:16:40,734 WARN  server.GrpcLogAppender (GrpcLogAppender.java:onNextImpl(251)) - s2@group-5C26748AB2B1->s0-AppendLogResponseHandler: Request not found, ignoring reply: s2<-s0#750:OK,SUCCESS,nextIndex:755,term:3,followerCommit:740
2019-09-24 16:16:40,735 WARN  server.GrpcLogAppender (GrpcLogAppender.java:onNextImpl(251)) - s2@group-5C26748AB2B1->s0-AppendLogResponseHandler: Request not found, ignoring reply: s2<-s0#751:OK,SUCCESS,nextIndex:756,term:3,followerCommit:740
2019-09-24 16:16:40,735 WARN  server.GrpcLogAppender (GrpcLogAppender.java:onNextImpl(251)) - s2@group-5C26748AB2B1->s0-AppendLogResponseHandler: Request not found, ignoring reply: s2<-s0#752:OK,SUCCESS,nextIndex:757,term:3,followerCommit:740
2019-09-24 16:16:40,735 WARN  server.GrpcLogAppender (GrpcLogAppender.java:onNextImpl(251)) - s2@group-5C26748AB2B1->s0-AppendLogResponseHandler: Request not found, ignoring reply: s2<-s0#753:OK,SUCCESS,nextIndex:758,term:3,followerCommit:740
2019-09-24 16:16:40,736 WARN  server.GrpcLogAppender (GrpcLogAppender.java:onNextImpl(251)) - s2@group-5C26748AB2B1->s0-AppendLogResponseHandler: Request not found, ignoring reply: s2<-s0#754:OK,SUCCESS,nextIndex:759,term:3,followerCommit:740
2019-09-24 16:16:40,736 WARN  server.GrpcLogAppender (GrpcLogAppender.java:onNextImpl(251)) - s2@group-5C26748AB2B1->s0-AppendLogResponseHandler: Request not found, ignoring reply: s2<-s0#755:OK,SUCCESS,nextIndex:760,term:3,followerCommit:740
2019-09-24 16:16:40,736 WARN  server.GrpcLogAppender (GrpcLogAppender.java:onNextImpl(251)) - s2@group-5C26748AB2B1->s0-AppendLogResponseHandler: Request not found, ignoring reply: s2<-s0#756:OK,SUCCESS,nextIndex:761,term:3,followerCommit:740
2019-09-24 16:16:40,737 WARN  server.GrpcLogAppender (GrpcLogAppender.java:onNextImpl(251)) - s2@group-5C26748AB2B1->s0-AppendLogResponseHandler: Request not found, ignoring reply: s2<-s0#757:OK,SUCCESS,nextIndex:762,term:3,followerCommit:740
2019-09-24 16:16:40,737 WARN  server.GrpcLogAppender (GrpcLogAppender.java:onNextImpl(251)) - s2@group-5C26748AB2B1->s0-AppendLogResponseHandler: Request not found, ignoring reply: s2<-s0#758:OK,SUCCESS,nextIndex:763,term:3,followerCommit:740
2019-09-24 16:16:40,737 WARN  server.GrpcLogAppender (GrpcLogAppender.java:onNextImpl(251)) - s2@group-5C26748AB2B1->s0-AppendLogResponseHandler: Request not found, ignoring reply: s2<-s0#759:OK,SUCCESS,nextIndex:764,term:3,followerCommit:740
2019-09-24 16:16:40,738 WARN  server.GrpcLogAppender (GrpcLogAppender.java:onNextImpl(251)) - s2@group-5C26748AB2B1->s0-AppendLogResponseHandler: Request not found, ignoring reply: s2<-s0#760:OK,SUCCESS,nextIndex:765,term:3,followerCommit:740
2019-09-24 16:16:40,738 WARN  server.GrpcLogAppender (GrpcLogAppender.java:onNextImpl(251)) - s2@group-5C26748AB2B1->s0-AppendLogResponseHandler: Request not found, ignoring reply: s2<-s0#761:OK,SUCCESS,nextIndex:766,term:3,followerCommit:740
2019-09-24 16:16:40,738 WARN  server.GrpcLogAppender (GrpcLogAppender.java:onNextImpl(251)) - s2@group-5C26748AB2B1->s0-AppendLogResponseHandler: Request not found, ignoring reply: s2<-s0#762:OK,SUCCESS,nextIndex:767,term:3,followerCommit:740
2019-09-24 16:16:40,739 WARN  server.GrpcLogAppender (GrpcLogAppender.java:onNextImpl(251)) - s2@group-5C26748AB2B1->s0-AppendLogResponseHandler: Request not found, ignoring reply: s2<-s0#763:OK,SUCCESS,nextIndex:768,term:3,followerCommit:740
2019-09-24 16:16:40,739 WARN  server.GrpcLogAppender (GrpcLogAppender.java:onNextImpl(251)) - s2@group-5C26748AB2B1->s0-AppendLogResponseHandler: Request not found, ignoring reply: s2<-s0#764:OK,SUCCESS,nextIndex:769,term:3,followerCommit:740
2019-09-24 16:16:40,739 WARN  server.GrpcLogAppender (GrpcLogAppender.java:onNextImpl(251)) - s2@group-5C26748AB2B1->s1-AppendLogResponseHandler: Request not found, ignoring reply: s2<-s1#861:OK,SUCCESS,nextIndex:741,term:3,followerCommit:739
2019-09-24 16:16:40,739 WARN  server.GrpcLogAppender (GrpcLogAppender.java:onNextImpl(251)) - s2@group-5C26748AB2B1->s0-AppendLogResponseHandler: Request not found, ignoring reply: s2<-s0#765:OK,SUCCESS,nextIndex:770,term:3,followerCommit:740
2019-09-24 16:16:40,740 WARN  server.GrpcLogAppender (GrpcLogAppender.java:onNextImpl(251)) - s2@group-5C26748AB2B1->s1-AppendLogResponseHandler: Request not found, ignoring reply: s2<-s1#862:OK,SUCCESS,nextIndex:742,term:3,followerCommit:739
2019-09-24 16:16:40,740 WARN  server.GrpcLogAppender (GrpcLogAppender.java:onNextImpl(251)) - s2@group-5C26748AB2B1->s0-AppendLogResponseHandler: Request not found, ignoring reply: s2<-s0#766:OK,SUCCESS,nextIndex:771,term:3,followerCommit:740
2019-09-24 16:16:40,740 WARN  server.GrpcLogAppender (GrpcLogAppender.java:onNextImpl(251)) - s2@group-5C26748AB2B1->s1-AppendLogResponseHandler: Request not found, ignoring reply: s2<-s1#863:OK,SUCCESS,nextIndex:743,term:3,followerCommit:739
2019-09-24 16:16:40,741 WARN  server.GrpcLogAppender (GrpcLogAppender.java:onNextImpl(251)) - s2@group-5C26748AB2B1->s0-AppendLogResponseHandler: Request not found, ignoring reply: s2<-s0#767:OK,SUCCESS,nextIndex:772,term:3,followerCommit:740
2019-09-24 16:16:40,741 WARN  server.GrpcLogAppender (GrpcLogAppender.java:onNextImpl(251)) - s2@group-5C26748AB2B1->s1-AppendLogResponseHandler: Request not found, ignoring reply: s2<-s1#864:OK,SUCCESS,nextIndex:744,term:3,followerCommit:739
2019-09-24 16:16:40,741 WARN  server.GrpcLogAppender (GrpcLogAppender.java:onNextImpl(251)) - s2@group-5C26748AB2B1->s0-AppendLogResponseHandler: Request not found, ignoring reply: s2<-s0#768:OK,SUCCESS,nextIndex:773,term:3,followerCommit:740
2019-09-24 16:16:40,741 WARN  server.GrpcLogAppender (GrpcLogAppender.java:onNextImpl(251)) - s2@group-5C26748AB2B1->s1-AppendLogResponseHandler: Request not found, ignoring reply: s2<-s1#865:OK,SUCCESS,nextIndex:745,term:3,followerCommit:739
2019-09-24 16:16:40,741 WARN  server.GrpcLogAppender (GrpcLogAppender.java:onNextImpl(251)) - s2@group-5C26748AB2B1->s0-AppendLogResponseHandler: Request not found, ignoring reply: s2<-s0#769:OK,SUCCESS,nextIndex:774,term:3,followerCommit:740
2019-09-24 16:16:40,741 WARN  server.GrpcLogAppender (GrpcLogAppender.java:onNextImpl(251)) - s2@group-5C26748AB2B1->s1-AppendLogResponseHandler: Request not found, ignoring reply: s2<-s1#866:OK,SUCCESS,nextIndex:746,term:3,followerCommit:739
2019-09-24 16:16:40,742 WARN  server.GrpcLogAppender (GrpcLogAppender.java:onNextImpl(251)) - s2@group-5C26748AB2B1->s0-AppendLogResponseHandler: Request not found, ignoring reply: s2<-s0#770:OK,SUCCESS,nextIndex:775,term:3,followerCommit:740
2019-09-24 16:16:40,742 WARN  server.GrpcLogAppender (GrpcLogAppender.java:onNextImpl(251)) - s2@group-5C26748AB2B1->s1-AppendLogResponseHandler: Request not found, ignoring reply: s2<-s1#867:OK,SUCCESS,nextIndex:747,term:3,followerCommit:739
2019-09-24 16:16:40,742 WARN  server.GrpcLogAppender (GrpcLogAppender.java:onNextImpl(251)) - s2@group-5C26748AB2B1->s0-AppendLogResponseHandler: Request not found, ignoring reply: s2<-s0#771:OK,SUCCESS,nextIndex:776,term:3,followerCommit:740
2019-09-24 16:16:40,742 WARN  server.GrpcLogAppender (GrpcLogAppender.java:onNextImpl(251)) - s2@group-5C26748AB2B1->s0-AppendLogResponseHandler: Request not found, ignoring reply: s2<-s0#772:OK,SUCCESS,nextIndex:777,term:3,followerCommit:740
2019-09-24 16:16:40,743 WARN  server.GrpcLogAppender (GrpcLogAppender.java:onNextImpl(251)) - s2@group-5C26748AB2B1->s0-AppendLogResponseHandler: Request not found, ignoring reply: s2<-s0#773:OK,SUCCESS,nextIndex:778,term:3,followerCommit:740
2019-09-24 16:16:40,743 WARN  server.GrpcLogAppender (GrpcLogAppender.java:onNextImpl(251)) - s2@group-5C26748AB2B1->s1-AppendLogResponseHandler: Request not found, ignoring reply: s2<-s1#868:OK,SUCCESS,nextIndex:748,term:3,followerCommit:739
2019-09-24 16:16:40,743 WARN  server.GrpcLogAppender (GrpcLogAppender.java:onNextImpl(251)) - s2@group-5C26748AB2B1->s0-AppendLogResponseHandler: Request not found, ignoring reply: s2<-s0#774:OK,SUCCESS,nextIndex:779,term:3,followerCommit:740
2019-09-24 16:16:40,743 WARN  server.GrpcLogAppender (GrpcLogAppender.java:onNextImpl(251)) - s2@group-5C26748AB2B1->s1-AppendLogResponseHandler: Request not found, ignoring reply: s2<-s1#869:OK,SUCCESS,nextIndex:749,term:3,followerCommit:739
2019-09-24 16:16:40,743 WARN  server.GrpcLogAppender (GrpcLogAppender.java:onNextImpl(251)) - s2@group-5C26748AB2B1->s0-AppendLogResponseHandler: Request not found, ignoring reply: s2<-s0#775:OK,SUCCESS,nextIndex:780,term:3,followerCommit:740
2019-09-24 16:16:40,744 WARN  server.GrpcLogAppender (GrpcLogAppender.java:onNextImpl(251)) - s2@group-5C26748AB2B1->s1-AppendLogResponseHandler: Request not found, ignoring reply: s2<-s1#870:OK,SUCCESS,nextIndex:750,term:3,followerCommit:739
2019-09-24 16:16:40,744 WARN  server.GrpcLogAppender (GrpcLogAppender.java:onNextImpl(251)) - s2@group-5C26748AB2B1->s0-AppendLogResponseHandler: Request not found, ignoring reply: s2<-s0#776:OK,SUCCESS,nextIndex:781,term:3,followerCommit:740
2019-09-24 16:16:40,744 WARN  server.GrpcLogAppender (GrpcLogAppender.java:onNextImpl(251)) - s2@group-5C26748AB2B1->s1-AppendLogResponseHandler: Request not found, ignoring reply: s2<-s1#871:OK,SUCCESS,nextIndex:751,term:3,followerCommit:739
2019-09-24 16:16:40,744 WARN  server.GrpcLogAppender (GrpcLogAppender.java:onNextImpl(251)) - s2@group-5C26748AB2B1->s0-AppendLogResponseHandler: Request not found, ignoring reply: s2<-s0#777:OK,SUCCESS,nextIndex:782,term:3,followerCommit:740
2019-09-24 16:16:40,744 WARN  server.GrpcLogAppender (GrpcLogAppender.java:onNextImpl(251)) - s2@group-5C26748AB2B1->s1-AppendLogResponseHandler: Request not found, ignoring reply: s2<-s1#872:OK,SUCCESS,nextIndex:752,term:3,followerCommit:739
2019-09-24 16:16:40,744 WARN  server.GrpcLogAppender (GrpcLogAppender.java:onNextImpl(251)) - s2@group-5C26748AB2B1->s0-AppendLogResponseHandler: Request not found, ignoring reply: s2<-s0#778:OK,SUCCESS,nextIndex:783,term:3,followerCommit:740
2019-09-24 16:16:40,745 WARN  server.GrpcLogAppender (GrpcLogAppender.java:onNextImpl(251)) - s2@group-5C26748AB2B1->s1-AppendLogResponseHandler: Request not found, ignoring reply: s2<-s1#873:OK,SUCCESS,nextIndex:753,term:3,followerCommit:739
2019-09-24 16:16:40,745 WARN  server.GrpcLogAppender (GrpcLogAppender.java:onNextImpl(251)) - s2@group-5C26748AB2B1->s0-AppendLogResponseHandler: Request not found, ignoring reply: s2<-s0#779:OK,SUCCESS,nextIndex:784,term:3,followerCommit:740
2019-09-24 16:16:40,745 WARN  server.GrpcLogAppender (GrpcLogAppender.java:onNextImpl(251)) - s2@group-5C26748AB2B1->s1-AppendLogResponseHandler: Request not found, ignoring reply: s2<-s1#874:OK,SUCCESS,nextIndex:754,term:3,followerCommit:739
2019-09-24 16:16:40,745 WARN  server.GrpcLogAppender (GrpcLogAppender.java:onNextImpl(251)) - s2@group-5C26748AB2B1->s0-AppendLogResponseHandler: Request not found, ignoring reply: s2<-s0#780:OK,SUCCESS,nextIndex:785,term:3,followerCommit:740
2019-09-24 16:16:40,746 WARN  server.GrpcLogAppender (GrpcLogAppender.java:onNextImpl(251)) - s2@group-5C26748AB2B1->s1-AppendLogResponseHandler: Request not found, ignoring reply: s2<-s1#875:OK,SUCCESS,nextIndex:755,term:3,followerCommit:739
2019-09-24 16:16:40,746 WARN  server.GrpcLogAppender (GrpcLogAppender.java:onNextImpl(251)) - s2@group-5C26748AB2B1->s0-AppendLogResponseHandler: Request not found, ignoring reply: s2<-s0#781:OK,SUCCESS,nextIndex:786,term:3,followerCommit:740
2019-09-24 16:16:40,746 WARN  server.GrpcLogAppender (GrpcLogAppender.java:onNextImpl(251)) - s2@group-5C26748AB2B1->s1-AppendLogResponseHandler: Request not found, ignoring reply: s2<-s1#876:OK,SUCCESS,nextIndex:756,term:3,followerCommit:739
2019-09-24 16:16:40,746 WARN  server.GrpcLogAppender (GrpcLogAppender.java:onNextImpl(251)) - s2@group-5C26748AB2B1->s0-AppendLogResponseHandler: Request not found, ignoring reply: s2<-s0#782:OK,SUCCESS,nextIndex:787,term:3,followerCommit:740
2019-09-24 16:16:40,746 WARN  server.GrpcLogAppender (GrpcLogAppender.java:onNextImpl(251)) - s2@group-5C26748AB2B1->s1-AppendLogResponseHandler: Request not found, ignoring reply: s2<-s1#877:OK,SUCCESS,nextIndex:757,term:3,followerCommit:739
2019-09-24 16:16:40,746 WARN  server.GrpcLogAppender (GrpcLogAppender.java:onNextImpl(251)) - s2@group-5C26748AB2B1->s0-AppendLogResponseHandler: Request not found, ignoring reply: s2<-s0#783:OK,SUCCESS,nextIndex:788,term:3,followerCommit:740
2019-09-24 16:16:40,747 WARN  server.GrpcLogAppender (GrpcLogAppender.java:onNextImpl(251)) - s2@group-5C26748AB2B1->s1-AppendLogResponseHandler: Request not found, ignoring reply: s2<-s1#878:OK,SUCCESS,nextIndex:758,term:3,followerCommit:739
2019-09-24 16:16:40,747 WARN  server.GrpcLogAppender (GrpcLogAppender.java:onNextImpl(251)) - s2@group-5C26748AB2B1->s0-AppendLogResponseHandler: Request not found, ignoring reply: s2<-s0#784:OK,SUCCESS,nextIndex:789,term:3,followerCommit:740
2019-09-24 16:16:40,747 WARN  server.GrpcLogAppender (GrpcLogAppender.java:onNextImpl(251)) - s2@group-5C26748AB2B1->s1-AppendLogResponseHandler: Request not found, ignoring reply: s2<-s1#879:OK,SUCCESS,nextIndex:759,term:3,followerCommit:739
2019-09-24 16:16:40,747 WARN  server.GrpcLogAppender (GrpcLogAppender.java:onNextImpl(251)) - s2@group-5C26748AB2B1->s0-AppendLogResponseHandler: Request not found, ignoring reply: s2<-s0#785:OK,SUCCESS,nextIndex:790,term:3,followerCommit:740
2019-09-24 16:16:40,747 WARN  server.GrpcLogAppender (GrpcLogAppender.java:onNextImpl(251)) - s2@group-5C26748AB2B1->s1-AppendLogResponseHandler: Request not found, ignoring reply: s2<-s1#880:OK,SUCCESS,nextIndex:760,term:3,followerCommit:739
2019-09-24 16:16:40,748 WARN  server.GrpcLogAppender (GrpcLogAppender.java:onNextImpl(251)) - s2@group-5C26748AB2B1->s1-AppendLogResponseHandler: Request not found, ignoring reply: s2<-s1#881:OK,SUCCESS,nextIndex:761,term:3,followerCommit:739
2019-09-24 16:16:40,748 WARN  server.GrpcLogAppender (GrpcLogAppender.java:onNextImpl(251)) - s2@group-5C26748AB2B1->s0-AppendLogResponseHandler: Request not found, ignoring reply: s2<-s0#786:OK,SUCCESS,nextIndex:791,term:3,followerCommit:740
2019-09-24 16:16:40,748 WARN  server.GrpcLogAppender (GrpcLogAppender.java:onNextImpl(251)) - s2@group-5C26748AB2B1->s1-AppendLogResponseHandler: Request not found, ignoring reply: s2<-s1#882:OK,SUCCESS,nextIndex:762,term:3,followerCommit:739
2019-09-24 16:16:40,748 WARN  server.GrpcLogAppender (GrpcLogAppender.java:onNextImpl(251)) - s2@group-5C26748AB2B1->s0-AppendLogResponseHandler: Request not found, ignoring reply: s2<-s0#787:OK,SUCCESS,nextIndex:792,term:3,followerCommit:740
2019-09-24 16:16:40,749 WARN  server.GrpcLogAppender (GrpcLogAppender.java:onNextImpl(251)) - s2@group-5C26748AB2B1->s0-AppendLogResponseHandler: Request not found, ignoring reply: s2<-s0#788:OK,SUCCESS,nextIndex:793,term:3,followerCommit:740
2019-09-24 16:16:40,749 WARN  server.GrpcLogAppender (GrpcLogAppender.java:onNextImpl(251)) - s2@group-5C26748AB2B1->s1-AppendLogResponseHandler: Request not found, ignoring reply: s2<-s1#883:OK,SUCCESS,nextIndex:763,term:3,followerCommit:739
2019-09-24 16:16:40,749 WARN  server.GrpcLogAppender (GrpcLogAppender.java:onNextImpl(251)) - s2@group-5C26748AB2B1->s0-AppendLogResponseHandler: Request not found, ignoring reply: s2<-s0#789:OK,SUCCESS,nextIndex:794,term:3,followerCommit:740
2019-09-24 16:16:40,749 WARN  server.GrpcLogAppender (GrpcLogAppender.java:onNextImpl(251)) - s2@group-5C26748AB2B1->s1-AppendLogResponseHandler: Request not found, ignoring reply: s2<-s1#884:OK,SUCCESS,nextIndex:764,term:3,followerCommit:739
2019-09-24 16:16:40,749 WARN  server.GrpcLogAppender (GrpcLogAppender.java:onNextImpl(251)) - s2@group-5C26748AB2B1->s0-AppendLogResponseHandler: Request not found, ignoring reply: s2<-s0#790:OK,SUCCESS,nextIndex:795,term:3,followerCommit:740
2019-09-24 16:16:40,750 WARN  server.GrpcLogAppender (GrpcLogAppender.java:onNextImpl(251)) - s2@group-5C26748AB2B1->s1-AppendLogResponseHandler: Request not found, ignoring reply: s2<-s1#885:OK,SUCCESS,nextIndex:765,term:3,followerCommit:739
2019-09-24 16:16:40,750 WARN  server.GrpcLogAppender (GrpcLogAppender.java:onNextImpl(251)) - s2@group-5C26748AB2B1->s0-AppendLogResponseHandler: Request not found, ignoring reply: s2<-s0#791:OK,SUCCESS,nextIndex:796,term:3,followerCommit:740
2019-09-24 16:16:40,750 WARN  server.GrpcLogAppender (GrpcLogAppender.java:onNextImpl(251)) - s2@group-5C26748AB2B1->s1-AppendLogResponseHandler: Request not found, ignoring reply: s2<-s1#886:OK,SUCCESS,nextIndex:766,term:3,followerCommit:739
2019-09-24 16:16:40,750 WARN  server.GrpcLogAppender (GrpcLogAppender.java:onNextImpl(251)) - s2@group-5C26748AB2B1->s0-AppendLogResponseHandler: Request not found, ignoring reply: s2<-s0#792:OK,SUCCESS,nextIndex:797,term:3,followerCommit:740
2019-09-24 16:16:40,751 WARN  server.GrpcLogAppender (GrpcLogAppender.java:onNextImpl(251)) - s2@group-5C26748AB2B1->s1-AppendLogResponseHandler: Request not found, ignoring reply: s2<-s1#887:OK,SUCCESS,nextIndex:767,term:3,followerCommit:739
2019-09-24 16:16:40,751 WARN  server.GrpcLogAppender (GrpcLogAppender.java:onNextImpl(251)) - s2@group-5C26748AB2B1->s0-AppendLogResponseHandler: Request not found, ignoring reply: s2<-s0#793:OK,SUCCESS,nextIndex:798,term:3,followerCommit:740
2019-09-24 16:16:40,751 WARN  server.GrpcLogAppender (GrpcLogAppender.java:onNextImpl(251)) - s2@group-5C26748AB2B1->s1-AppendLogResponseHandler: Request not found, ignoring reply: s2<-s1#888:OK,SUCCESS,nextIndex:768,term:3,followerCommit:739
2019-09-24 16:16:40,751 WARN  server.GrpcLogAppender (GrpcLogAppender.java:onNextImpl(251)) - s2@group-5C26748AB2B1->s0-AppendLogResponseHandler: Request not found, ignoring reply: s2<-s0#794:OK,SUCCESS,nextIndex:799,term:3,followerCommit:740
2019-09-24 16:16:40,751 WARN  server.GrpcLogAppender (GrpcLogAppender.java:onNextImpl(251)) - s2@group-5C26748AB2B1->s1-AppendLogResponseHandler: Request not found, ignoring reply: s2<-s1#889:OK,SUCCESS,nextIndex:769,term:3,followerCommit:739
2019-09-24 16:16:40,751 WARN  server.GrpcLogAppender (GrpcLogAppender.java:onNextImpl(251)) - s2@group-5C26748AB2B1->s0-AppendLogResponseHandler: Request not found, ignoring reply: s2<-s0#795:OK,SUCCESS,nextIndex:800,term:3,followerCommit:740
2019-09-24 16:16:40,752 WARN  server.GrpcLogAppender (GrpcLogAppender.java:onNextImpl(251)) - s2@group-5C26748AB2B1->s1-AppendLogResponseHandler: Request not found, ignoring reply: s2<-s1#890:OK,SUCCESS,nextIndex:770,term:3,followerCommit:739
2019-09-24 16:16:40,752 WARN  server.GrpcLogAppender (GrpcLogAppender.java:onNextImpl(251)) - s2@group-5C26748AB2B1->s0-AppendLogResponseHandler: Request not found, ignoring reply: s2<-s0#796:OK,SUCCESS,nextIndex:801,term:3,followerCommit:740
2019-09-24 16:16:40,752 WARN  server.GrpcLogAppender (GrpcLogAppender.java:onNextImpl(251)) - s2@group-5C26748AB2B1->s1-AppendLogResponseHandler: Request not found, ignoring reply: s2<-s1#891:OK,SUCCESS,nextIndex:771,term:3,followerCommit:739
2019-09-24 16:16:40,752 WARN  server.GrpcLogAppender (GrpcLogAppender.java:onNextImpl(251)) - s2@group-5C26748AB2B1->s0-AppendLogResponseHandler: Request not found, ignoring reply: s2<-s0#797:OK,SUCCESS,nextIndex:802,term:3,followerCommit:740
2019-09-24 16:16:40,752 WARN  server.GrpcLogAppender (GrpcLogAppender.java:onNextImpl(251)) - s2@group-5C26748AB2B1->s1-AppendLogResponseHandler: Request not found, ignoring reply: s2<-s1#892:OK,SUCCESS,nextIndex:772,term:3,followerCommit:739
2019-09-24 16:16:40,753 WARN  server.GrpcLogAppender (GrpcLogAppender.java:onNextImpl(251)) - s2@group-5C26748AB2B1->s0-AppendLogResponseHandler: Request not found, ignoring reply: s2<-s0#798:OK,SUCCESS,nextIndex:803,term:3,followerCommit:740
2019-09-24 16:16:40,753 WARN  server.GrpcLogAppender (GrpcLogAppender.java:onNextImpl(251)) - s2@group-5C26748AB2B1->s1-AppendLogResponseHandler: Request not found, ignoring reply: s2<-s1#893:OK,SUCCESS,nextIndex:773,term:3,followerCommit:739
2019-09-24 16:16:40,753 WARN  server.GrpcLogAppender (GrpcLogAppender.java:onNextImpl(251)) - s2@group-5C26748AB2B1->s0-AppendLogResponseHandler: Request not found, ignoring reply: s2<-s0#799:OK,SUCCESS,nextIndex:804,term:3,followerCommit:740
2019-09-24 16:16:40,753 WARN  server.GrpcLogAppender (GrpcLogAppender.java:onNextImpl(251)) - s2@group-5C26748AB2B1->s1-AppendLogResponseHandler: Request not found, ignoring reply: s2<-s1#894:OK,SUCCESS,nextIndex:774,term:3,followerCommit:739
2019-09-24 16:16:40,754 WARN  server.GrpcLogAppender (GrpcLogAppender.java:onNextImpl(251)) - s2@group-5C26748AB2B1->s0-AppendLogResponseHandler: Request not found, ignoring reply: s2<-s0#800:OK,SUCCESS,nextIndex:805,term:3,followerCommit:740
2019-09-24 16:16:40,754 WARN  server.GrpcLogAppender (GrpcLogAppender.java:onNextImpl(251)) - s2@group-5C26748AB2B1->s1-AppendLogResponseHandler: Request not found, ignoring reply: s2<-s1#895:OK,SUCCESS,nextIndex:775,term:3,followerCommit:739
2019-09-24 16:16:40,754 WARN  server.GrpcLogAppender (GrpcLogAppender.java:onNextImpl(251)) - s2@group-5C26748AB2B1->s0-AppendLogResponseHandler: Request not found, ignoring reply: s2<-s0#801:OK,SUCCESS,nextIndex:806,term:3,followerCommit:740
2019-09-24 16:16:40,754 WARN  server.GrpcLogAppender (GrpcLogAppender.java:onNextImpl(251)) - s2@group-5C26748AB2B1->s1-AppendLogResponseHandler: Request not found, ignoring reply: s2<-s1#896:OK,SUCCESS,nextIndex:776,term:3,followerCommit:739
2019-09-24 16:16:40,754 WARN  server.GrpcLogAppender (GrpcLogAppender.java:onNextImpl(251)) - s2@group-5C26748AB2B1->s0-AppendLogResponseHandler: Request not found, ignoring reply: s2<-s0#802:OK,SUCCESS,nextIndex:807,term:3,followerCommit:740
2019-09-24 16:16:40,755 WARN  server.GrpcLogAppender (GrpcLogAppender.java:onNextImpl(251)) - s2@group-5C26748AB2B1->s1-AppendLogResponseHandler: Request not found, ignoring reply: s2<-s1#897:OK,SUCCESS,nextIndex:777,term:3,followerCommit:739
2019-09-24 16:16:40,755 WARN  server.GrpcLogAppender (GrpcLogAppender.java:onNextImpl(251)) - s2@group-5C26748AB2B1->s0-AppendLogResponseHandler: Request not found, ignoring reply: s2<-s0#803:OK,SUCCESS,nextIndex:808,term:3,followerCommit:740
2019-09-24 16:16:40,755 WARN  server.GrpcLogAppender (GrpcLogAppender.java:onNextImpl(251)) - s2@group-5C26748AB2B1->s1-AppendLogResponseHandler: Request not found, ignoring reply: s2<-s1#898:OK,SUCCESS,nextIndex:778,term:3,followerCommit:739
2019-09-24 16:16:40,755 WARN  server.GrpcLogAppender (GrpcLogAppender.java:onNextImpl(251)) - s2@group-5C26748AB2B1->s0-AppendLogResponseHandler: Request not found, ignoring reply: s2<-s0#804:OK,SUCCESS,nextIndex:809,term:3,followerCommit:740
2019-09-24 16:16:40,755 WARN  server.GrpcLogAppender (GrpcLogAppender.java:onNextImpl(251)) - s2@group-5C26748AB2B1->s1-AppendLogResponseHandler: Request not found, ignoring reply: s2<-s1#899:OK,SUCCESS,nextIndex:779,term:3,followerCommit:739
2019-09-24 16:16:40,755 WARN  server.GrpcLogAppender (GrpcLogAppender.java:onNextImpl(251)) - s2@group-5C26748AB2B1->s0-AppendLogResponseHandler: Request not found, ignoring reply: s2<-s0#805:OK,SUCCESS,nextIndex:810,term:3,followerCommit:740
2019-09-24 16:16:40,756 WARN  server.GrpcLogAppender (GrpcLogAppender.java:onNextImpl(251)) - s2@group-5C26748AB2B1->s1-AppendLogResponseHandler: Request not found, ignoring reply: s2<-s1#900:OK,SUCCESS,nextIndex:780,term:3,followerCommit:739
2019-09-24 16:16:40,756 WARN  server.GrpcLogAppender (GrpcLogAppender.java:onNextImpl(251)) - s2@group-5C26748AB2B1->s0-AppendLogResponseHandler: Request not found, ignoring reply: s2<-s0#806:OK,SUCCESS,nextIndex:811,term:3,followerCommit:740
2019-09-24 16:16:40,756 WARN  server.GrpcLogAppender (GrpcLogAppender.java:onNextImpl(251)) - s2@group-5C26748AB2B1->s1-AppendLogResponseHandler: Request not found, ignoring reply: s2<-s1#901:OK,SUCCESS,nextIndex:781,term:3,followerCommit:739
2019-09-24 16:16:40,756 WARN  server.GrpcLogAppender (GrpcLogAppender.java:onNextImpl(251)) - s2@group-5C26748AB2B1->s0-AppendLogResponseHandler: Request not found, ignoring reply: s2<-s0#807:OK,SUCCESS,nextIndex:812,term:3,followerCommit:740
2019-09-24 16:16:40,756 WARN  server.GrpcLogAppender (GrpcLogAppender.java:onNextImpl(251)) - s2@group-5C26748AB2B1->s1-AppendLogResponseHandler: Request not found, ignoring reply: s2<-s1#902:OK,SUCCESS,nextIndex:782,term:3,followerCommit:739
2019-09-24 16:16:40,756 WARN  server.GrpcLogAppender (GrpcLogAppender.java:onNextImpl(251)) - s2@group-5C26748AB2B1->s0-AppendLogResponseHandler: Request not found, ignoring reply: s2<-s0#808:OK,SUCCESS,nextIndex:813,term:3,followerCommit:740
2019-09-24 16:16:40,757 WARN  server.GrpcLogAppender (GrpcLogAppender.java:onNextImpl(251)) - s2@group-5C26748AB2B1->s1-AppendLogResponseHandler: Request not found, ignoring reply: s2<-s1#903:OK,SUCCESS,nextIndex:783,term:3,followerCommit:739
2019-09-24 16:16:40,757 WARN  server.GrpcLogAppender (GrpcLogAppender.java:onNextImpl(251)) - s2@group-5C26748AB2B1->s0-AppendLogResponseHandler: Request not found, ignoring reply: s2<-s0#809:OK,SUCCESS,nextIndex:814,term:3,followerCommit:740
2019-09-24 16:16:40,757 WARN  server.GrpcLogAppender (GrpcLogAppender.java:onNextImpl(251)) - s2@group-5C26748AB2B1->s1-AppendLogResponseHandler: Request not found, ignoring reply: s2<-s1#904:OK,SUCCESS,nextIndex:784,term:3,followerCommit:739
2019-09-24 16:16:40,757 WARN  server.GrpcLogAppender (GrpcLogAppender.java:onNextImpl(251)) - s2@group-5C26748AB2B1->s0-AppendLogResponseHandler: Request not found, ignoring reply: s2<-s0#810:OK,SUCCESS,nextIndex:815,term:3,followerCommit:740
2019-09-24 16:16:40,757 WARN  server.GrpcLogAppender (GrpcLogAppender.java:onNextImpl(251)) - s2@group-5C26748AB2B1->s1-AppendLogResponseHandler: Request not found, ignoring reply: s2<-s1#905:OK,SUCCESS,nextIndex:785,term:3,followerCommit:739
2019-09-24 16:16:40,757 WARN  server.GrpcLogAppender (GrpcLogAppender.java:onNextImpl(251)) - s2@group-5C26748AB2B1->s0-AppendLogResponseHandler: Request not found, ignoring reply: s2<-s0#811:OK,SUCCESS,nextIndex:816,term:3,followerCommit:740
2019-09-24 16:16:40,758 WARN  server.GrpcLogAppender (GrpcLogAppender.java:onNextImpl(251)) - s2@group-5C26748AB2B1->s1-AppendLogResponseHandler: Request not found, ignoring reply: s2<-s1#906:OK,SUCCESS,nextIndex:786,term:3,followerCommit:739
2019-09-24 16:16:40,758 WARN  server.GrpcLogAppender (GrpcLogAppender.java:onNextImpl(251)) - s2@group-5C26748AB2B1->s0-AppendLogResponseHandler: Request not found, ignoring reply: s2<-s0#812:OK,SUCCESS,nextIndex:817,term:3,followerCommit:740
2019-09-24 16:16:40,758 WARN  server.GrpcLogAppender (GrpcLogAppender.java:onNextImpl(251)) - s2@group-5C26748AB2B1->s1-AppendLogResponseHandler: Request not found, ignoring reply: s2<-s1#907:OK,SUCCESS,nextIndex:787,term:3,followerCommit:739
2019-09-24 16:16:40,758 WARN  server.GrpcLogAppender (GrpcLogAppender.java:onNextImpl(251)) - s2@group-5C26748AB2B1->s0-AppendLogResponseHandler: Request not found, ignoring reply: s2<-s0#813:OK,SUCCESS,nextIndex:818,term:3,followerCommit:740
2019-09-24 16:16:40,758 WARN  server.GrpcLogAppender (GrpcLogAppender.java:onNextImpl(251)) - s2@group-5C26748AB2B1->s1-AppendLogResponseHandler: Request not found, ignoring reply: s2<-s1#908:OK,SUCCESS,nextIndex:788,term:3,followerCommit:739
2019-09-24 16:16:40,758 WARN  server.GrpcLogAppender (GrpcLogAppender.java:onNextImpl(251)) - s2@group-5C26748AB2B1->s0-AppendLogResponseHandler: Request not found, ignoring reply: s2<-s0#814:OK,SUCCESS,nextIndex:819,term:3,followerCommit:740
2019-09-24 16:16:40,759 WARN  server.GrpcLogAppender (GrpcLogAppender.java:onNextImpl(251)) - s2@group-5C26748AB2B1->s1-AppendLogResponseHandler: Request not found, ignoring reply: s2<-s1#909:OK,SUCCESS,nextIndex:789,term:3,followerCommit:739
2019-09-24 16:16:40,759 WARN  server.GrpcLogAppender (GrpcLogAppender.java:onNextImpl(251)) - s2@group-5C26748AB2B1->s0-AppendLogResponseHandler: Request not found, ignoring reply: s2<-s0#815:OK,SUCCESS,nextIndex:820,term:3,followerCommit:740
2019-09-24 16:16:40,759 WARN  server.GrpcLogAppender (GrpcLogAppender.java:onNextImpl(251)) - s2@group-5C26748AB2B1->s1-AppendLogResponseHandler: Request not found, ignoring reply: s2<-s1#910:OK,SUCCESS,nextIndex:790,term:3,followerCommit:739
2019-09-24 16:16:40,759 WARN  server.GrpcLogAppender (GrpcLogAppender.java:onNextImpl(251)) - s2@group-5C26748AB2B1->s0-AppendLogResponseHandler: Request not found, ignoring reply: s2<-s0#816:OK,SUCCESS,nextIndex:821,term:3,followerCommit:740
2019-09-24 16:16:40,759 WARN  server.GrpcLogAppender (GrpcLogAppender.java:onNextImpl(251)) - s2@group-5C26748AB2B1->s1-AppendLogResponseHandler: Request not found, ignoring reply: s2<-s1#911:OK,SUCCESS,nextIndex:791,term:3,followerCommit:739
2019-09-24 16:16:40,760 WARN  server.GrpcLogAppender (GrpcLogAppender.java:onNextImpl(251)) - s2@group-5C26748AB2B1->s0-AppendLogResponseHandler: Request not found, ignoring reply: s2<-s0#817:OK,SUCCESS,nextIndex:822,term:3,followerCommit:740
2019-09-24 16:16:40,760 WARN  server.GrpcLogAppender (GrpcLogAppender.java:onNextImpl(251)) - s2@group-5C26748AB2B1->s1-AppendLogResponseHandler: Request not found, ignoring reply: s2<-s1#912:OK,SUCCESS,nextIndex:792,term:3,followerCommit:739
2019-09-24 16:16:40,760 WARN  server.GrpcLogAppender (GrpcLogAppender.java:onNextImpl(251)) - s2@group-5C26748AB2B1->s0-AppendLogResponseHandler: Request not found, ignoring reply: s2<-s0#818:OK,SUCCESS,nextIndex:823,term:3,followerCommit:740
2019-09-24 16:16:40,760 WARN  server.GrpcLogAppender (GrpcLogAppender.java:onNextImpl(251)) - s2@group-5C26748AB2B1->s1-AppendLogResponseHandler: Request not found, ignoring reply: s2<-s1#913:OK,SUCCESS,nextIndex:793,term:3,followerCommit:739
2019-09-24 16:16:40,760 WARN  server.GrpcLogAppender (GrpcLogAppender.java:onNextImpl(251)) - s2@group-5C26748AB2B1->s0-AppendLogResponseHandler: Request not found, ignoring reply: s2<-s0#819:OK,SUCCESS,nextIndex:824,term:3,followerCommit:740
2019-09-24 16:16:40,761 WARN  server.GrpcLogAppender (GrpcLogAppender.java:onNextImpl(251)) - s2@group-5C26748AB2B1->s1-AppendLogResponseHandler: Request not found, ignoring reply: s2<-s1#914:OK,SUCCESS,nextIndex:794,term:3,followerCommit:739
2019-09-24 16:16:40,761 WARN  server.GrpcLogAppender (GrpcLogAppender.java:onNextImpl(251)) - s2@group-5C26748AB2B1->s0-AppendLogResponseHandler: Request not found, ignoring reply: s2<-s0#820:OK,SUCCESS,nextIndex:825,term:3,followerCommit:740
2019-09-24 16:16:40,761 WARN  server.GrpcLogAppender (GrpcLogAppender.java:onNextImpl(251)) - s2@group-5C26748AB2B1->s1-AppendLogResponseHandler: Request not found, ignoring reply: s2<-s1#915:OK,SUCCESS,nextIndex:795,term:3,followerCommit:739
2019-09-24 16:16:40,761 WARN  server.GrpcLogAppender (GrpcLogAppender.java:onNextImpl(251)) - s2@group-5C26748AB2B1->s0-AppendLogResponseHandler: Request not found, ignoring reply: s2<-s0#821:OK,SUCCESS,nextIndex:826,term:3,followerCommit:740
2019-09-24 16:16:40,761 WARN  server.GrpcLogAppender (GrpcLogAppender.java:onNextImpl(251)) - s2@group-5C26748AB2B1->s1-AppendLogResponseHandler: Request not found, ignoring reply: s2<-s1#916:OK,SUCCESS,nextIndex:796,term:3,followerCommit:739
2019-09-24 16:16:40,761 WARN  server.GrpcLogAppender (GrpcLogAppender.java:onNextImpl(251)) - s2@group-5C26748AB2B1->s0-AppendLogResponseHandler: Request not found, ignoring reply: s2<-s0#822:OK,SUCCESS,nextIndex:827,term:3,followerCommit:740
2019-09-24 16:16:40,762 WARN  server.GrpcLogAppender (GrpcLogAppender.java:onNextImpl(251)) - s2@group-5C26748AB2B1->s1-AppendLogResponseHandler: Request not found, ignoring reply: s2<-s1#917:OK,SUCCESS,nextIndex:797,term:3,followerCommit:739
2019-09-24 16:16:40,762 WARN  server.GrpcLogAppender (GrpcLogAppender.java:onNextImpl(251)) - s2@group-5C26748AB2B1->s0-AppendLogResponseHandler: Request not found, ignoring reply: s2<-s0#823:OK,SUCCESS,nextIndex:828,term:3,followerCommit:740
2019-09-24 16:16:40,762 WARN  server.GrpcLogAppender (GrpcLogAppender.java:onNextImpl(251)) - s2@group-5C26748AB2B1->s1-AppendLogResponseHandler: Request not found, ignoring reply: s2<-s1#918:OK,SUCCESS,nextIndex:798,term:3,followerCommit:739
2019-09-24 16:16:40,762 WARN  server.GrpcLogAppender (GrpcLogAppender.java:onNextImpl(251)) - s2@group-5C26748AB2B1->s0-AppendLogResponseHandler: Request not found, ignoring reply: s2<-s0#824:OK,SUCCESS,nextIndex:829,term:3,followerCommit:740
2019-09-24 16:16:40,762 WARN  server.GrpcLogAppender (GrpcLogAppender.java:onNextImpl(251)) - s2@group-5C26748AB2B1->s1-AppendLogResponseHandler: Request not found, ignoring reply: s2<-s1#919:OK,SUCCESS,nextIndex:799,term:3,followerCommit:739
2019-09-24 16:16:40,762 WARN  server.GrpcLogAppender (GrpcLogAppender.java:onNextImpl(251)) - s2@group-5C26748AB2B1->s0-AppendLogResponseHandler: Request not found, ignoring reply: s2<-s0#825:OK,SUCCESS,nextIndex:830,term:3,followerCommit:740
2019-09-24 16:16:40,762 WARN  server.GrpcLogAppender (GrpcLogAppender.java:onNextImpl(251)) - s2@group-5C26748AB2B1->s1-AppendLogResponseHandler: Request not found, ignoring reply: s2<-s1#920:OK,SUCCESS,nextIndex:800,term:3,followerCommit:739
2019-09-24 16:16:40,763 WARN  server.GrpcLogAppender (GrpcLogAppender.java:onNextImpl(251)) - s2@group-5C26748AB2B1->s0-AppendLogResponseHandler: Request not found, ignoring reply: s2<-s0#826:OK,SUCCESS,nextIndex:831,term:3,followerCommit:740
2019-09-24 16:16:40,763 WARN  server.GrpcLogAppender (GrpcLogAppender.java:onNextImpl(251)) - s2@group-5C26748AB2B1->s1-AppendLogResponseHandler: Request not found, ignoring reply: s2<-s1#921:OK,SUCCESS,nextIndex:801,term:3,followerCommit:739
2019-09-24 16:16:40,763 WARN  server.GrpcLogAppender (GrpcLogAppender.java:onNextImpl(251)) - s2@group-5C26748AB2B1->s0-AppendLogResponseHandler: Request not found, ignoring reply: s2<-s0#827:OK,SUCCESS,nextIndex:832,term:3,followerCommit:740
2019-09-24 16:16:40,763 WARN  server.GrpcLogAppender (GrpcLogAppender.java:onNextImpl(251)) - s2@group-5C26748AB2B1->s1-AppendLogResponseHandler: Request not found, ignoring reply: s2<-s1#922:OK,SUCCESS,nextIndex:802,term:3,followerCommit:739
2019-09-24 16:16:40,763 WARN  server.GrpcLogAppender (GrpcLogAppender.java:onNextImpl(251)) - s2@group-5C26748AB2B1->s0-AppendLogResponseHandler: Request not found, ignoring reply: s2<-s0#828:OK,SUCCESS,nextIndex:833,term:3,followerCommit:740
2019-09-24 16:16:40,763 WARN  server.GrpcLogAppender (GrpcLogAppender.java:onNextImpl(251)) - s2@group-5C26748AB2B1->s1-AppendLogResponseHandler: Request not found, ignoring reply: s2<-s1#923:OK,SUCCESS,nextIndex:803,term:3,followerCommit:739
2019-09-24 16:16:40,763 WARN  server.GrpcLogAppender (GrpcLogAppender.java:onNextImpl(251)) - s2@group-5C26748AB2B1->s0-AppendLogResponseHandler: Request not found, ignoring reply: s2<-s0#829:OK,SUCCESS,nextIndex:834,term:3,followerCommit:740
2019-09-24 16:16:40,763 WARN  server.GrpcLogAppender (GrpcLogAppender.java:onNextImpl(251)) - s2@group-5C26748AB2B1->s1-AppendLogResponseHandler: Request not found, ignoring reply: s2<-s1#924:OK,SUCCESS,nextIndex:804,term:3,followerCommit:739
2019-09-24 16:16:40,764 WARN  server.GrpcLogAppender (GrpcLogAppender.java:onNextImpl(251)) - s2@group-5C26748AB2B1->s0-AppendLogResponseHandler: Request not found, ignoring reply: s2<-s0#830:OK,SUCCESS,nextIndex:835,term:3,followerCommit:740
2019-09-24 16:16:40,764 WARN  server.GrpcLogAppender (GrpcLogAppender.java:onNextImpl(251)) - s2@group-5C26748AB2B1->s1-AppendLogResponseHandler: Request not found, ignoring reply: s2<-s1#925:OK,SUCCESS,nextIndex:805,term:3,followerCommit:739
2019-09-24 16:16:40,764 WARN  server.GrpcLogAppender (GrpcLogAppender.java:onNextImpl(251)) - s2@group-5C26748AB2B1->s0-AppendLogResponseHandler: Request not found, ignoring reply: s2<-s0#831:OK,SUCCESS,nextIndex:836,term:3,followerCommit:740
2019-09-24 16:16:40,764 WARN  server.GrpcLogAppender (GrpcLogAppender.java:onNextImpl(251)) - s2@group-5C26748AB2B1->s1-AppendLogResponseHandler: Request not found, ignoring reply: s2<-s1#926:OK,SUCCESS,nextIndex:806,term:3,followerCommit:739
2019-09-24 16:16:40,764 WARN  server.GrpcLogAppender (GrpcLogAppender.java:onNextImpl(251)) - s2@group-5C26748AB2B1->s0-AppendLogResponseHandler: Request not found, ignoring reply: s2<-s0#832:OK,SUCCESS,nextIndex:837,term:3,followerCommit:740
2019-09-24 16:16:40,764 WARN  server.GrpcLogAppender (GrpcLogAppender.java:onNextImpl(251)) - s2@group-5C26748AB2B1->s1-AppendLogResponseHandler: Request not found, ignoring reply: s2<-s1#927:OK,SUCCESS,nextIndex:807,term:3,followerCommit:739
2019-09-24 16:16:40,764 WARN  server.GrpcLogAppender (GrpcLogAppender.java:onNextImpl(251)) - s2@group-5C26748AB2B1->s0-AppendLogResponseHandler: Request not found, ignoring reply: s2<-s0#833:OK,SUCCESS,nextIndex:838,term:3,followerCommit:740
2019-09-24 16:16:40,765 WARN  server.GrpcLogAppender (GrpcLogAppender.java:onNextImpl(251)) - s2@group-5C26748AB2B1->s1-AppendLogResponseHandler: Request not found, ignoring reply: s2<-s1#928:OK,SUCCESS,nextIndex:808,term:3,followerCommit:739
2019-09-24 16:16:40,765 WARN  server.GrpcLogAppender (GrpcLogAppender.java:onNextImpl(251)) - s2@group-5C26748AB2B1->s0-AppendLogResponseHandler: Request not found, ignoring reply: s2<-s0#834:OK,SUCCESS,nextIndex:838,term:3,followerCommit:708
2019-09-24 16:16:40,765 WARN  server.GrpcLogAppender (GrpcLogAppender.java:onNextImpl(251)) - s2@group-5C26748AB2B1->s1-AppendLogResponseHandler: Request not found, ignoring reply: s2<-s1#929:OK,SUCCESS,nextIndex:809,term:3,followerCommit:739
2019-09-24 16:16:40,765 WARN  server.GrpcLogAppender (GrpcLogAppender.java:onNextImpl(251)) - s2@group-5C26748AB2B1->s0-AppendLogResponseHandler: Request not found, ignoring reply: s2<-s0#835:OK,SUCCESS,nextIndex:838,term:3,followerCommit:708
2019-09-24 16:16:40,765 WARN  server.GrpcLogAppender (GrpcLogAppender.java:onNextImpl(251)) - s2@group-5C26748AB2B1->s1-AppendLogResponseHandler: Request not found, ignoring reply: s2<-s1#930:OK,SUCCESS,nextIndex:810,term:3,followerCommit:739
2019-09-24 16:16:40,765 WARN  server.GrpcLogAppender (GrpcLogAppender.java:onNextImpl(251)) - s2@group-5C26748AB2B1->s0-AppendLogResponseHandler: Request not found, ignoring reply: s2<-s0#836:OK,SUCCESS,nextIndex:838,term:3,followerCommit:708
2019-09-24 16:16:40,765 WARN  server.GrpcLogAppender (GrpcLogAppender.java:onNextImpl(251)) - s2@group-5C26748AB2B1->s1-AppendLogResponseHandler: Request not found, ignoring reply: s2<-s1#931:OK,SUCCESS,nextIndex:811,term:3,followerCommit:739
2019-09-24 16:16:40,765 WARN  server.GrpcLogAppender (GrpcLogAppender.java:onNextImpl(251)) - s2@group-5C26748AB2B1->s0-AppendLogResponseHandler: Request not found, ignoring reply: s2<-s0#837:OK,SUCCESS,nextIndex:838,term:3,followerCommit:708
2019-09-24 16:16:40,766 WARN  server.GrpcLogAppender (GrpcLogAppender.java:onNextImpl(251)) - s2@group-5C26748AB2B1->s1-AppendLogResponseHandler: Request not found, ignoring reply: s2<-s1#932:OK,SUCCESS,nextIndex:812,term:3,followerCommit:739
2019-09-24 16:16:40,766 WARN  server.GrpcLogAppender (GrpcLogAppender.java:onNextImpl(251)) - s2@group-5C26748AB2B1->s0-AppendLogResponseHandler: Request not found, ignoring reply: s2<-s0#838:OK,SUCCESS,nextIndex:838,term:3,followerCommit:708
2019-09-24 16:16:40,766 WARN  server.GrpcLogAppender (GrpcLogAppender.java:onNextImpl(251)) - s2@group-5C26748AB2B1->s1-AppendLogResponseHandler: Request not found, ignoring reply: s2<-s1#933:OK,SUCCESS,nextIndex:813,term:3,followerCommit:739
2019-09-24 16:16:40,766 WARN  server.GrpcLogAppender (GrpcLogAppender.java:onNextImpl(251)) - s2@group-5C26748AB2B1->s0-AppendLogResponseHandler: Request not found, ignoring reply: s2<-s0#839:OK,SUCCESS,nextIndex:838,term:3,followerCommit:708
2019-09-24 16:16:40,766 WARN  server.GrpcLogAppender (GrpcLogAppender.java:onNextImpl(251)) - s2@group-5C26748AB2B1->s1-AppendLogResponseHandler: Request not found, ignoring reply: s2<-s1#934:OK,SUCCESS,nextIndex:814,term:3,followerCommit:739
2019-09-24 16:16:40,766 WARN  server.GrpcLogAppender (GrpcLogAppender.java:onNextImpl(251)) - s2@group-5C26748AB2B1->s0-AppendLogResponseHandler: Request not found, ignoring reply: s2<-s0#840:OK,SUCCESS,nextIndex:839,term:3,followerCommit:740
2019-09-24 16:16:40,766 WARN  server.GrpcLogAppender (GrpcLogAppender.java:onNextImpl(251)) - s2@group-5C26748AB2B1->s1-AppendLogResponseHandler: Request not found, ignoring reply: s2<-s1#935:OK,SUCCESS,nextIndex:815,term:3,followerCommit:739
2019-09-24 16:16:40,766 WARN  server.GrpcLogAppender (GrpcLogAppender.java:onNextImpl(251)) - s2@group-5C26748AB2B1->s0-AppendLogResponseHandler: Request not found, ignoring reply: s2<-s0#841:OK,SUCCESS,nextIndex:840,term:3,followerCommit:740
2019-09-24 16:16:40,767 WARN  server.GrpcLogAppender (GrpcLogAppender.java:onNextImpl(251)) - s2@group-5C26748AB2B1->s1-AppendLogResponseHandler: Request not found, ignoring reply: s2<-s1#936:OK,SUCCESS,nextIndex:816,term:3,followerCommit:739
2019-09-24 16:16:40,767 WARN  server.GrpcLogAppender (GrpcLogAppender.java:onNextImpl(251)) - s2@group-5C26748AB2B1->s0-AppendLogResponseHandler: Request not found, ignoring reply: s2<-s0#842:OK,SUCCESS,nextIndex:841,term:3,followerCommit:740
2019-09-24 16:16:40,767 WARN  server.GrpcLogAppender (GrpcLogAppender.java:onNextImpl(251)) - s2@group-5C26748AB2B1->s1-AppendLogResponseHandler: Request not found, ignoring reply: s2<-s1#937:OK,SUCCESS,nextIndex:817,term:3,followerCommit:739
2019-09-24 16:16:40,767 WARN  server.GrpcLogAppender (GrpcLogAppender.java:onNextImpl(251)) - s2@group-5C26748AB2B1->s1-AppendLogResponseHandler: Request not found, ignoring reply: s2<-s1#938:OK,SUCCESS,nextIndex:818,term:3,followerCommit:739
2019-09-24 16:16:40,767 WARN  server.GrpcLogAppender (GrpcLogAppender.java:onNextImpl(251)) - s2@group-5C26748AB2B1->s1-AppendLogResponseHandler: Request not found, ignoring reply: s2<-s1#939:OK,SUCCESS,nextIndex:819,term:3,followerCommit:739
2019-09-24 16:16:40,767 WARN  server.GrpcLogAppender (GrpcLogAppender.java:onNextImpl(251)) - s2@group-5C26748AB2B1->s1-AppendLogResponseHandler: Request not found, ignoring reply: s2<-s1#940:OK,SUCCESS,nextIndex:820,term:3,followerCommit:739
2019-09-24 16:16:40,768 WARN  server.GrpcLogAppender (GrpcLogAppender.java:onNextImpl(251)) - s2@group-5C26748AB2B1->s1-AppendLogResponseHandler: Request not found, ignoring reply: s2<-s1#941:OK,SUCCESS,nextIndex:821,term:3,followerCommit:739
2019-09-24 16:16:40,768 WARN  server.GrpcLogAppender (GrpcLogAppender.java:onNextImpl(251)) - s2@group-5C26748AB2B1->s1-AppendLogResponseHandler: Request not found, ignoring reply: s2<-s1#942:OK,SUCCESS,nextIndex:822,term:3,followerCommit:739
2019-09-24 16:16:40,768 WARN  server.GrpcLogAppender (GrpcLogAppender.java:onNextImpl(251)) - s2@group-5C26748AB2B1->s1-AppendLogResponseHandler: Request not found, ignoring reply: s2<-s1#943:OK,SUCCESS,nextIndex:823,term:3,followerCommit:739
2019-09-24 16:16:40,768 WARN  server.GrpcLogAppender (GrpcLogAppender.java:onNextImpl(251)) - s2@group-5C26748AB2B1->s1-AppendLogResponseHandler: Request not found, ignoring reply: s2<-s1#944:OK,SUCCESS,nextIndex:824,term:3,followerCommit:739
2019-09-24 16:16:40,768 WARN  server.GrpcLogAppender (GrpcLogAppender.java:onNextImpl(251)) - s2@group-5C26748AB2B1->s1-AppendLogResponseHandler: Request not found, ignoring reply: s2<-s1#945:OK,SUCCESS,nextIndex:825,term:3,followerCommit:739
2019-09-24 16:16:40,769 WARN  server.GrpcLogAppender (GrpcLogAppender.java:onNextImpl(251)) - s2@group-5C26748AB2B1->s1-AppendLogResponseHandler: Request not found, ignoring reply: s2<-s1#946:OK,SUCCESS,nextIndex:826,term:3,followerCommit:739
2019-09-24 16:16:40,769 WARN  server.GrpcLogAppender (GrpcLogAppender.java:onNextImpl(251)) - s2@group-5C26748AB2B1->s1-AppendLogResponseHandler: Request not found, ignoring reply: s2<-s1#947:OK,SUCCESS,nextIndex:827,term:3,followerCommit:739
2019-09-24 16:16:40,769 WARN  server.GrpcLogAppender (GrpcLogAppender.java:onNextImpl(251)) - s2@group-5C26748AB2B1->s1-AppendLogResponseHandler: Request not found, ignoring reply: s2<-s1#948:OK,SUCCESS,nextIndex:828,term:3,followerCommit:739
2019-09-24 16:16:40,769 WARN  server.GrpcLogAppender (GrpcLogAppender.java:onNextImpl(251)) - s2@group-5C26748AB2B1->s1-AppendLogResponseHandler: Request not found, ignoring reply: s2<-s1#949:OK,SUCCESS,nextIndex:829,term:3,followerCommit:739
2019-09-24 16:16:40,769 WARN  server.GrpcLogAppender (GrpcLogAppender.java:onNextImpl(251)) - s2@group-5C26748AB2B1->s1-AppendLogResponseHandler: Request not found, ignoring reply: s2<-s1#950:OK,SUCCESS,nextIndex:830,term:3,followerCommit:739
2019-09-24 16:16:40,769 WARN  server.GrpcLogAppender (GrpcLogAppender.java:onNextImpl(251)) - s2@group-5C26748AB2B1->s1-AppendLogResponseHandler: Request not found, ignoring reply: s2<-s1#951:OK,SUCCESS,nextIndex:831,term:3,followerCommit:739
2019-09-24 16:16:40,770 WARN  server.GrpcLogAppender (GrpcLogAppender.java:onNextImpl(251)) - s2@group-5C26748AB2B1->s1-AppendLogResponseHandler: Request not found, ignoring reply: s2<-s1#952:OK,SUCCESS,nextIndex:832,term:3,followerCommit:739
2019-09-24 16:16:40,770 WARN  server.GrpcLogAppender (GrpcLogAppender.java:onNextImpl(251)) - s2@group-5C26748AB2B1->s1-AppendLogResponseHandler: Request not found, ignoring reply: s2<-s1#953:OK,SUCCESS,nextIndex:833,term:3,followerCommit:739
2019-09-24 16:16:40,770 WARN  server.GrpcLogAppender (GrpcLogAppender.java:onNextImpl(251)) - s2@group-5C26748AB2B1->s1-AppendLogResponseHandler: Request not found, ignoring reply: s2<-s1#954:OK,SUCCESS,nextIndex:834,term:3,followerCommit:739
2019-09-24 16:16:40,770 WARN  server.GrpcLogAppender (GrpcLogAppender.java:onNextImpl(251)) - s2@group-5C26748AB2B1->s1-AppendLogResponseHandler: Request not found, ignoring reply: s2<-s1#955:OK,SUCCESS,nextIndex:835,term:3,followerCommit:739
2019-09-24 16:16:40,770 WARN  server.GrpcLogAppender (GrpcLogAppender.java:onNextImpl(251)) - s2@group-5C26748AB2B1->s1-AppendLogResponseHandler: Request not found, ignoring reply: s2<-s1#956:OK,SUCCESS,nextIndex:836,term:3,followerCommit:739
2019-09-24 16:16:40,770 WARN  server.GrpcLogAppender (GrpcLogAppender.java:onNextImpl(251)) - s2@group-5C26748AB2B1->s1-AppendLogResponseHandler: Request not found, ignoring reply: s2<-s1#957:OK,SUCCESS,nextIndex:837,term:3,followerCommit:739
2019-09-24 16:16:40,771 WARN  server.GrpcLogAppender (GrpcLogAppender.java:onNextImpl(251)) - s2@group-5C26748AB2B1->s1-AppendLogResponseHandler: Request not found, ignoring reply: s2<-s1#958:OK,SUCCESS,nextIndex:838,term:3,followerCommit:739
2019-09-24 16:16:40,771 WARN  server.GrpcLogAppender (GrpcLogAppender.java:onNextImpl(251)) - s2@group-5C26748AB2B1->s1-AppendLogResponseHandler: Request not found, ignoring reply: s2<-s1#959:OK,SUCCESS,nextIndex:838,term:3,followerCommit:708
2019-09-24 16:16:40,771 WARN  server.GrpcLogAppender (GrpcLogAppender.java:onNextImpl(251)) - s2@group-5C26748AB2B1->s1-AppendLogResponseHandler: Request not found, ignoring reply: s2<-s1#960:OK,SUCCESS,nextIndex:838,term:3,followerCommit:708
2019-09-24 16:16:40,771 WARN  server.GrpcLogAppender (GrpcLogAppender.java:onNextImpl(251)) - s2@group-5C26748AB2B1->s1-AppendLogResponseHandler: Request not found, ignoring reply: s2<-s1#961:OK,SUCCESS,nextIndex:838,term:3,followerCommit:708
2019-09-24 16:16:40,771 WARN  server.GrpcLogAppender (GrpcLogAppender.java:onNextImpl(251)) - s2@group-5C26748AB2B1->s1-AppendLogResponseHandler: Request not found, ignoring reply: s2<-s1#962:OK,SUCCESS,nextIndex:838,term:3,followerCommit:708
2019-09-24 16:16:40,771 WARN  server.GrpcLogAppender (GrpcLogAppender.java:onNextImpl(251)) - s2@group-5C26748AB2B1->s1-AppendLogResponseHandler: Request not found, ignoring reply: s2<-s1#963:OK,SUCCESS,nextIndex:838,term:3,followerCommit:708
2019-09-24 16:16:40,772 WARN  server.GrpcLogAppender (GrpcLogAppender.java:onNextImpl(251)) - s2@group-5C26748AB2B1->s1-AppendLogResponseHandler: Request not found, ignoring reply: s2<-s1#964:OK,SUCCESS,nextIndex:838,term:3,followerCommit:708
2019-09-24 16:16:40,772 WARN  server.GrpcLogAppender (GrpcLogAppender.java:onNextImpl(251)) - s2@group-5C26748AB2B1->s1-AppendLogResponseHandler: Request not found, ignoring reply: s2<-s1#965:OK,SUCCESS,nextIndex:839,term:3,followerCommit:739
2019-09-24 16:16:40,772 WARN  server.GrpcLogAppender (GrpcLogAppender.java:onNextImpl(251)) - s2@group-5C26748AB2B1->s1-AppendLogResponseHandler: Request not found, ignoring reply: s2<-s1#966:OK,SUCCESS,nextIndex:840,term:3,followerCommit:739
2019-09-24 16:16:40,772 WARN  server.GrpcLogAppender (GrpcLogAppender.java:onNextImpl(251)) - s2@group-5C26748AB2B1->s1-AppendLogResponseHandler: Request not found, ignoring reply: s2<-s1#967:OK,SUCCESS,nextIndex:841,term:3,followerCommit:739
2019-09-24 16:16:41,191 WARN  server.GrpcLogAppender (GrpcLogAppender.java:timeoutAppendRequest(200)) - s2@group-5C26748AB2B1->s1-GrpcLogAppender: appendEntries Timeout, request=s2->s1#989-t3, previous=(t:3, i:843), leaderCommit=740, initializing? false, entries: <empty>
2019-09-24 16:16:41,191 WARN  server.GrpcLogAppender (GrpcLogAppender.java:timeoutAppendRequest(200)) - s2@group-5C26748AB2B1->s0-GrpcLogAppender: appendEntries Timeout, request=s2->s0#865-t3, previous=(t:3, i:843), leaderCommit=740, initializing? false, entries: <empty>
2019-09-24 16:16:41,266 WARN  server.GrpcLogAppender (GrpcLogAppender.java:timeoutAppendRequest(200)) - s2@group-5C26748AB2B1->s1-GrpcLogAppender: appendEntries Timeout, request=s2->s1#990-t3, previous=(t:3, i:843), leaderCommit=740, initializing? false, entries: <empty>
2019-09-24 16:16:41,266 WARN  server.GrpcLogAppender (GrpcLogAppender.java:timeoutAppendRequest(200)) - s2@group-5C26748AB2B1->s0-GrpcLogAppender: appendEntries Timeout, request=s2->s0#866-t3, previous=(t:3, i:843), leaderCommit=740, initializing? false, entries: <empty>
2019-09-24 16:16:41,284 DEBUG client.GrpcClientProtocolService (GrpcClientProtocolService.java:responseError(257)) - 20-OrderedRequestStreamObserver20: Failed onNext for client-EDB41257C35F->s2#511-512* in 20-OrderedRequestStreamObserver20
java.lang.IllegalStateException: Entry already exists for key 512 in map SlidingWindow$Server:20-OrderedRequestStreamObserver20:requests
	at org.apache.ratis.util.Preconditions.assertTrue(Preconditions.java:75)
	at org.apache.ratis.util.CollectionUtils.putNew(CollectionUtils.java:94)
	at org.apache.ratis.util.SlidingWindow$RequestMap.putNewRequest(SlidingWindow.java:126)
	at org.apache.ratis.util.SlidingWindow$Server.receivedRequest(SlidingWindow.java:420)
	at org.apache.ratis.grpc.client.GrpcClientProtocolService$OrderedRequestStreamObserver.processClientRequest(GrpcClientProtocolService.java:345)
	at org.apache.ratis.grpc.client.GrpcClientProtocolService$RequestStreamObserver.onNext(GrpcClientProtocolService.java:240)
	at org.apache.ratis.grpc.client.GrpcClientProtocolService$RequestStreamObserver.onNext(GrpcClientProtocolService.java:168)
	at org.apache.ratis.thirdparty.io.grpc.stub.ServerCalls$StreamingServerCallHandler$StreamingServerCallListener.onMessage(ServerCalls.java:248)
	at org.apache.ratis.thirdparty.io.grpc.internal.ServerCallImpl$ServerStreamListenerImpl.messagesAvailable(ServerCallImpl.java:263)
	at org.apache.ratis.thirdparty.io.grpc.internal.ServerImpl$JumpToApplicationThreadServerStreamListener$1MessagesAvailable.runInContext(ServerImpl.java:686)
	at org.apache.ratis.thirdparty.io.grpc.internal.ContextRunnable.run(ContextRunnable.java:37)
	at org.apache.ratis.thirdparty.io.grpc.internal.SerializingExecutor.run(SerializingExecutor.java:123)
	at java.util.concurrent.ThreadPoolExecutor.runWorker(ThreadPoolExecutor.java:1149)
	at java.util.concurrent.ThreadPoolExecutor$Worker.run(ThreadPoolExecutor.java:624)
	at java.lang.Thread.run(Thread.java:748)
2019-09-24 16:16:41,341 WARN  server.GrpcLogAppender (GrpcLogAppender.java:timeoutAppendRequest(200)) - s2@group-5C26748AB2B1->s0-GrpcLogAppender: appendEntries Timeout, request=s2->s0#867-t3, previous=(t:3, i:843), leaderCommit=740, initializing? false, entries: <empty>
2019-09-24 16:16:41,341 WARN  server.GrpcLogAppender (GrpcLogAppender.java:timeoutAppendRequest(200)) - s2@group-5C26748AB2B1->s1-GrpcLogAppender: appendEntries Timeout, request=s2->s1#991-t3, previous=(t:3, i:843), leaderCommit=740, initializing? false, entries: <empty>
2019-09-24 16:16:41,401 DEBUG client.GrpcClientProtocolService (GrpcClientProtocolService.java:<init>(175)) - new 4-OrderedRequestStreamObserver4
2019-09-24 16:16:41,403 DEBUG client.GrpcClientProtocolService (GrpcClientProtocolService.java:sendReply(353)) - 4-OrderedRequestStreamObserver4: sendReply seq=512, RaftClientReply:client-EDB41257C35F->s1@group-5C26748AB2B1, cid=511, FAILED org.apache.ratis.protocol.NotLeaderException: Server s1@group-5C26748AB2B1 is not the leader s2:0.0.0.0:34862, logIndex=0, commits[s1:c740, s0:c708, s2:c740]
2019-09-24 16:16:41,407 DEBUG client.GrpcClientProtocolService (GrpcClientProtocolService.java:close(374)) - 4-OrderedRequestStreamObserver4: close
2019-09-24 16:16:41,412 DEBUG client.GrpcClientProtocolService (GrpcClientProtocolService.java:<init>(175)) - new 21-OrderedRequestStreamObserver21
2019-09-24 16:16:41,416 WARN  server.GrpcLogAppender (GrpcLogAppender.java:timeoutAppendRequest(200)) - s2@group-5C26748AB2B1->s1-GrpcLogAppender: appendEntries Timeout, request=s2->s1#992-t3, previous=(t:3, i:843), leaderCommit=740, initializing? false, entries: <empty>
2019-09-24 16:16:41,416 WARN  server.GrpcLogAppender (GrpcLogAppender.java:timeoutAppendRequest(200)) - s2@group-5C26748AB2B1->s0-GrpcLogAppender: appendEntries Timeout, request=s2->s0#868-t3, previous=(t:3, i:843), leaderCommit=740, initializing? false, entries: <empty>
2019-09-24 16:16:41,492 WARN  server.GrpcLogAppender (GrpcLogAppender.java:timeoutAppendRequest(200)) - s2@group-5C26748AB2B1->s0-GrpcLogAppender: appendEntries Timeout, request=s2->s0#869-t3, previous=(t:3, i:843), leaderCommit=740, initializing? false, entries: <empty>
2019-09-24 16:16:41,492 WARN  server.GrpcLogAppender (GrpcLogAppender.java:timeoutAppendRequest(200)) - s2@group-5C26748AB2B1->s1-GrpcLogAppender: appendEntries Timeout, request=s2->s1#993-t3, previous=(t:3, i:843), leaderCommit=740, initializing? false, entries: <empty>
2019-09-24 16:16:41,567 WARN  server.GrpcLogAppender (GrpcLogAppender.java:timeoutAppendRequest(200)) - s2@group-5C26748AB2B1->s0-GrpcLogAppender: appendEntries Timeout, request=s2->s0#870-t3, previous=(t:3, i:843), leaderCommit=740, initializing? false, entries: <empty>
2019-09-24 16:16:41,567 WARN  server.GrpcLogAppender (GrpcLogAppender.java:timeoutAppendRequest(200)) - s2@group-5C26748AB2B1->s1-GrpcLogAppender: appendEntries Timeout, request=s2->s1#994-t3, previous=(t:3, i:843), leaderCommit=740, initializing? false, entries: <empty>
2019-09-24 16:16:41,642 WARN  server.GrpcLogAppender (GrpcLogAppender.java:timeoutAppendRequest(200)) - s2@group-5C26748AB2B1->s0-GrpcLogAppender: appendEntries Timeout, request=s2->s0#871-t3, previous=(t:3, i:843), leaderCommit=740, initializing? false, entries: <empty>
2019-09-24 16:16:41,642 WARN  server.GrpcLogAppender (GrpcLogAppender.java:timeoutAppendRequest(200)) - s2@group-5C26748AB2B1->s1-GrpcLogAppender: appendEntries Timeout, request=s2->s1#995-t3, previous=(t:3, i:843), leaderCommit=740, initializing? false, entries: <empty>
2019-09-24 16:16:41,717 WARN  server.GrpcLogAppender (GrpcLogAppender.java:timeoutAppendRequest(200)) - s2@group-5C26748AB2B1->s1-GrpcLogAppender: appendEntries Timeout, request=s2->s1#996-t3, previous=(t:3, i:843), leaderCommit=740, initializing? false, entries: <empty>
2019-09-24 16:16:41,717 WARN  server.GrpcLogAppender (GrpcLogAppender.java:timeoutAppendRequest(200)) - s2@group-5C26748AB2B1->s0-GrpcLogAppender: appendEntries Timeout, request=s2->s0#872-t3, previous=(t:3, i:843), leaderCommit=740, initializing? false, entries: <empty>
2019-09-24 16:16:41,793 WARN  server.GrpcLogAppender (GrpcLogAppender.java:timeoutAppendRequest(200)) - s2@group-5C26748AB2B1->s1-GrpcLogAppender: appendEntries Timeout, request=s2->s1#997-t3, previous=(t:3, i:843), leaderCommit=740, initializing? false, entries: <empty>
2019-09-24 16:16:41,793 WARN  server.GrpcLogAppender (GrpcLogAppender.java:timeoutAppendRequest(200)) - s2@group-5C26748AB2B1->s0-GrpcLogAppender: appendEntries Timeout, request=s2->s0#873-t3, previous=(t:3, i:843), leaderCommit=740, initializing? false, entries: <empty>
2019-09-24 16:16:41,868 WARN  server.GrpcLogAppender (GrpcLogAppender.java:timeoutAppendRequest(200)) - s2@group-5C26748AB2B1->s1-GrpcLogAppender: appendEntries Timeout, request=s2->s1#998-t3, previous=(t:3, i:843), leaderCommit=740, initializing? false, entries: <empty>
2019-09-24 16:16:41,868 WARN  server.GrpcLogAppender (GrpcLogAppender.java:timeoutAppendRequest(200)) - s2@group-5C26748AB2B1->s0-GrpcLogAppender: appendEntries Timeout, request=s2->s0#874-t3, previous=(t:3, i:843), leaderCommit=740, initializing? false, entries: <empty>
2019-09-24 16:16:41,943 WARN  server.GrpcLogAppender (GrpcLogAppender.java:timeoutAppendRequest(200)) - s2@group-5C26748AB2B1->s0-GrpcLogAppender: appendEntries Timeout, request=s2->s0#875-t3, previous=(t:3, i:843), leaderCommit=740, initializing? false, entries: <empty>
2019-09-24 16:16:41,943 WARN  server.GrpcLogAppender (GrpcLogAppender.java:timeoutAppendRequest(200)) - s2@group-5C26748AB2B1->s1-GrpcLogAppender: appendEntries Timeout, request=s2->s1#999-t3, previous=(t:3, i:843), leaderCommit=740, initializing? false, entries: <empty>
2019-09-24 16:16:42,018 WARN  server.GrpcLogAppender (GrpcLogAppender.java:timeoutAppendRequest(200)) - s2@group-5C26748AB2B1->s0-GrpcLogAppender: appendEntries Timeout, request=s2->s0#876-t3, previous=(t:3, i:843), leaderCommit=740, initializing? false, entries: <empty>
2019-09-24 16:16:42,018 WARN  server.GrpcLogAppender (GrpcLogAppender.java:timeoutAppendRequest(200)) - s2@group-5C26748AB2B1->s1-GrpcLogAppender: appendEntries Timeout, request=s2->s1#1000-t3, previous=(t:3, i:843), leaderCommit=740, initializing? false, entries: <empty>
2019-09-24 16:16:42,094 WARN  server.GrpcLogAppender (GrpcLogAppender.java:timeoutAppendRequest(200)) - s2@group-5C26748AB2B1->s0-GrpcLogAppender: appendEntries Timeout, request=s2->s0#877-t3, previous=(t:3, i:843), leaderCommit=740, initializing? false, entries: <empty>
2019-09-24 16:16:42,094 WARN  server.GrpcLogAppender (GrpcLogAppender.java:timeoutAppendRequest(200)) - s2@group-5C26748AB2B1->s1-GrpcLogAppender: appendEntries Timeout, request=s2->s1#1001-t3, previous=(t:3, i:843), leaderCommit=740, initializing? false, entries: <empty>
2019-09-24 16:16:42,169 WARN  server.GrpcLogAppender (GrpcLogAppender.java:timeoutAppendRequest(200)) - s2@group-5C26748AB2B1->s0-GrpcLogAppender: appendEntries Timeout, request=s2->s0#878-t3, previous=(t:3, i:843), leaderCommit=740, initializing? false, entries: <empty>
2019-09-24 16:16:42,169 WARN  server.GrpcLogAppender (GrpcLogAppender.java:timeoutAppendRequest(200)) - s2@group-5C26748AB2B1->s1-GrpcLogAppender: appendEntries Timeout, request=s2->s1#1002-t3, previous=(t:3, i:843), leaderCommit=740, initializing? false, entries: <empty>
2019-09-24 16:16:42,244 WARN  server.GrpcLogAppender (GrpcLogAppender.java:timeoutAppendRequest(200)) - s2@group-5C26748AB2B1->s0-GrpcLogAppender: appendEntries Timeout, request=s2->s0#879-t3, previous=(t:3, i:843), leaderCommit=740, initializing? false, entries: <empty>
2019-09-24 16:16:42,244 WARN  server.GrpcLogAppender (GrpcLogAppender.java:timeoutAppendRequest(200)) - s2@group-5C26748AB2B1->s1-GrpcLogAppender: appendEntries Timeout, request=s2->s1#1003-t3, previous=(t:3, i:843), leaderCommit=740, initializing? false, entries: <empty>
2019-09-24 16:16:42,320 WARN  server.GrpcLogAppender (GrpcLogAppender.java:timeoutAppendRequest(200)) - s2@group-5C26748AB2B1->s1-GrpcLogAppender: appendEntries Timeout, request=s2->s1#1004-t3, previous=(t:3, i:843), leaderCommit=740, initializing? false, entries: <empty>
2019-09-24 16:16:42,320 WARN  server.GrpcLogAppender (GrpcLogAppender.java:timeoutAppendRequest(200)) - s2@group-5C26748AB2B1->s0-GrpcLogAppender: appendEntries Timeout, request=s2->s0#880-t3, previous=(t:3, i:843), leaderCommit=740, initializing? false, entries: <empty>
2019-09-24 16:16:42,395 WARN  server.GrpcLogAppender (GrpcLogAppender.java:timeoutAppendRequest(200)) - s2@group-5C26748AB2B1->s0-GrpcLogAppender: appendEntries Timeout, request=s2->s0#881-t3, previous=(t:3, i:843), leaderCommit=740, initializing? false, entries: <empty>
2019-09-24 16:16:42,395 WARN  server.GrpcLogAppender (GrpcLogAppender.java:timeoutAppendRequest(200)) - s2@group-5C26748AB2B1->s1-GrpcLogAppender: appendEntries Timeout, request=s2->s1#1005-t3, previous=(t:3, i:843), leaderCommit=740, initializing? false, entries: <empty>
2019-09-24 16:16:42,470 WARN  server.GrpcLogAppender (GrpcLogAppender.java:timeoutAppendRequest(200)) - s2@group-5C26748AB2B1->s0-GrpcLogAppender: appendEntries Timeout, request=s2->s0#882-t3, previous=(t:3, i:843), leaderCommit=740, initializing? false, entries: <empty>
2019-09-24 16:16:42,470 WARN  server.GrpcLogAppender (GrpcLogAppender.java:timeoutAppendRequest(200)) - s2@group-5C26748AB2B1->s1-GrpcLogAppender: appendEntries Timeout, request=s2->s1#1006-t3, previous=(t:3, i:843), leaderCommit=740, initializing? false, entries: <empty>
2019-09-24 16:16:42,545 WARN  server.GrpcLogAppender (GrpcLogAppender.java:timeoutAppendRequest(200)) - s2@group-5C26748AB2B1->s0-GrpcLogAppender: appendEntries Timeout, request=s2->s0#883-t3, previous=(t:3, i:843), leaderCommit=740, initializing? false, entries: <empty>
2019-09-24 16:16:42,546 WARN  server.GrpcLogAppender (GrpcLogAppender.java:timeoutAppendRequest(200)) - s2@group-5C26748AB2B1->s1-GrpcLogAppender: appendEntries Timeout, request=s2->s1#1007-t3, previous=(t:3, i:843), leaderCommit=740, initializing? false, entries: <empty>
2019-09-24 16:16:42,621 WARN  server.GrpcLogAppender (GrpcLogAppender.java:timeoutAppendRequest(200)) - s2@group-5C26748AB2B1->s0-GrpcLogAppender: appendEntries Timeout, request=s2->s0#884-t3, previous=(t:3, i:843), leaderCommit=740, initializing? false, entries: <empty>
2019-09-24 16:16:42,621 WARN  server.GrpcLogAppender (GrpcLogAppender.java:timeoutAppendRequest(200)) - s2@group-5C26748AB2B1->s1-GrpcLogAppender: appendEntries Timeout, request=s2->s1#1008-t3, previous=(t:3, i:843), leaderCommit=740, initializing? false, entries: <empty>
2019-09-24 16:16:42,696 WARN  server.GrpcLogAppender (GrpcLogAppender.java:timeoutAppendRequest(200)) - s2@group-5C26748AB2B1->s0-GrpcLogAppender: appendEntries Timeout, request=s2->s0#885-t3, previous=(t:3, i:843), leaderCommit=740, initializing? false, entries: <empty>
2019-09-24 16:16:42,696 WARN  server.GrpcLogAppender (GrpcLogAppender.java:timeoutAppendRequest(200)) - s2@group-5C26748AB2B1->s1-GrpcLogAppender: appendEntries Timeout, request=s2->s1#1009-t3, previous=(t:3, i:843), leaderCommit=740, initializing? false, entries: <empty>
2019-09-24 16:16:42,771 WARN  server.GrpcLogAppender (GrpcLogAppender.java:timeoutAppendRequest(200)) - s2@group-5C26748AB2B1->s0-GrpcLogAppender: appendEntries Timeout, request=s2->s0#886-t3, previous=(t:3, i:843), leaderCommit=740, initializing? false, entries: <empty>
2019-09-24 16:16:42,771 WARN  server.GrpcLogAppender (GrpcLogAppender.java:timeoutAppendRequest(200)) - s2@group-5C26748AB2B1->s1-GrpcLogAppender: appendEntries Timeout, request=s2->s1#1010-t3, previous=(t:3, i:843), leaderCommit=740, initializing? false, entries: <empty>
2019-09-24 16:16:42,847 WARN  server.GrpcLogAppender (GrpcLogAppender.java:timeoutAppendRequest(200)) - s2@group-5C26748AB2B1->s0-GrpcLogAppender: appendEntries Timeout, request=s2->s0#887-t3, previous=(t:3, i:843), leaderCommit=740, initializing? false, entries: <empty>
2019-09-24 16:16:42,847 WARN  server.GrpcLogAppender (GrpcLogAppender.java:timeoutAppendRequest(200)) - s2@group-5C26748AB2B1->s1-GrpcLogAppender: appendEntries Timeout, request=s2->s1#1011-t3, previous=(t:3, i:843), leaderCommit=740, initializing? false, entries: <empty>
]]></system-out>
  </testcase>
  <testcase name="testWriteAndFlush" classname="org.apache.ratis.grpc.TestRaftOutputStreamWithGrpc" time="30.002">
    <error message="test timed out after 30 seconds" type="org.junit.runners.model.TestTimedOutException">org.junit.runners.model.TestTimedOutException: test timed out after 30 seconds
</error>
    <system-out><![CDATA[
2019-09-24 04:16:42,854 org.junit.runners.model.TestTimedOutException: test timed out after 30 seconds
	at sun.misc.Unsafe.park(Native Method)
	at java.util.concurrent.locks.LockSupport.park(LockSupport.java:175)
	at java.util.concurrent.locks.AbstractQueuedSynchronizer.parkAndCheckInterrupt(AbstractQueuedSynchronizer.java:836)
	at java.util.concurrent.locks.AbstractQueuedSynchronizer.doAcquireSharedInterruptibly(AbstractQueuedSynchronizer.java:997)
	at java.util.concurrent.locks.AbstractQueuedSynchronizer.acquireSharedInterruptibly(AbstractQueuedSynchronizer.java:1304)
	at java.util.concurrent.Semaphore.acquire(Semaphore.java:312)
	at org.apache.ratis.client.impl.OrderedAsync.send(OrderedAsync.java:146)
	at org.apache.ratis.client.impl.RaftClientImpl.sendAsync(RaftClientImpl.java:144)
	at org.apache.ratis.client.impl.RaftClientImpl.sendAsync(RaftClientImpl.java:124)
	at org.apache.ratis.client.impl.RaftOutputStream.flushAsync(RaftOutputStream.java:90)
	at org.apache.ratis.client.impl.RaftOutputStream.flushIfNecessary(RaftOutputStream.java:79)
	at org.apache.ratis.client.impl.RaftOutputStream.write(RaftOutputStream.java:73)
	at java.io.OutputStream.write(OutputStream.java:75)
	at org.apache.ratis.OutputStreamBaseTest.runTestSimpleWrite(OutputStreamBaseTest.java:80)
	at org.apache.ratis.OutputStreamBaseTest$$Lambda$12/1340470216.accept(Unknown Source)
	at org.apache.ratis.MiniRaftCluster$Factory$Get.runWithNewCluster(MiniRaftCluster.java:125)
	at org.apache.ratis.MiniRaftCluster$Factory$Get.runWithNewCluster(MiniRaftCluster.java:113)
	at org.apache.ratis.OutputStreamBaseTest.testSimpleWrite(OutputStreamBaseTest.java:72)
	at sun.reflect.NativeMethodAccessorImpl.invoke0(Native Method)
	at sun.reflect.NativeMethodAccessorImpl.invoke(NativeMethodAccessorImpl.java:62)
	at sun.reflect.DelegatingMethodAccessorImpl.invoke(DelegatingMethodAccessorImpl.java:43)
	at java.lang.reflect.Method.invoke(Method.java:498)
	at org.junit.runners.model.FrameworkMethod$1.runReflectiveCall(FrameworkMethod.java:50)
	at org.junit.internal.runners.model.ReflectiveCallable.run(ReflectiveCallable.java:12)
	at org.junit.runners.model.FrameworkMethod.invokeExplosively(FrameworkMethod.java:47)
	at org.junit.internal.runners.statements.InvokeMethod.evaluate(InvokeMethod.java:17)
	at org.junit.internal.runners.statements.RunAfters.evaluate(RunAfters.java:27)
	at org.junit.internal.runners.statements.FailOnTimeout$CallableStatement.call(FailOnTimeout.java:298)
	at org.junit.internal.runners.statements.FailOnTimeout$CallableStatement.call(FailOnTimeout.java:292)
	at java.util.concurrent.FutureTask.run(FutureTask.java:266)
	at java.lang.Thread.run(Thread.java:748)
2019-09-24 16:16:42,931 WARN  server.GrpcLogAppender (GrpcLogAppender.java:timeoutAppendRequest(200)) - s2@group-5C26748AB2B1->s0-GrpcLogAppender: appendEntries Timeout, request=s2->s0#888-t3, previous=(t:3, i:843), leaderCommit=740, initializing? false, entries: <empty>
2019-09-24 16:16:42,931 WARN  server.GrpcLogAppender (GrpcLogAppender.java:timeoutAppendRequest(200)) - s2@group-5C26748AB2B1->s1-GrpcLogAppender: appendEntries Timeout, request=s2->s1#1012-t3, previous=(t:3, i:843), leaderCommit=740, initializing? false, entries: <empty>
"java.util.concurrent.ThreadPoolExecutor$Worker@1e83f797[State = -1, empty queue]" Id=2681 RUNNABLE
	at java.util.concurrent.ScheduledThreadPoolExecutor$DelayedWorkQueue.poll(ScheduledThreadPoolExecutor.java:809)
	at java.util.concurrent.ThreadPoolExecutor.getTask(ThreadPoolExecutor.java:1073)
	at java.util.concurrent.ThreadPoolExecutor.runWorker(ThreadPoolExecutor.java:1134)
	at java.util.concurrent.ThreadPoolExecutor$Worker.run(ThreadPoolExecutor.java:624)
	at java.lang.Thread.run(Thread.java:748)


"java.util.concurrent.ThreadPoolExecutor$Worker@87c1255[State = -1, empty queue]" Id=90 TIMED_WAITING on java.util.concurrent.locks.AbstractQueuedSynchronizer$ConditionObject@6a2bcfcb
	at sun.misc.Unsafe.park(Native Method)
	-  waiting on java.util.concurrent.locks.AbstractQueuedSynchronizer$ConditionObject@6a2bcfcb
	at java.util.concurrent.locks.LockSupport.parkNanos(LockSupport.java:215)
	at java.util.concurrent.locks.AbstractQueuedSynchronizer$ConditionObject.awaitNanos(AbstractQueuedSynchronizer.java:2078)
	at java.util.concurrent.ScheduledThreadPoolExecutor$DelayedWorkQueue.take(ScheduledThreadPoolExecutor.java:1093)
	at java.util.concurrent.ScheduledThreadPoolExecutor$DelayedWorkQueue.take(ScheduledThreadPoolExecutor.java:809)
	at java.util.concurrent.ThreadPoolExecutor.getTask(ThreadPoolExecutor.java:1074)
	at java.util.concurrent.ThreadPoolExecutor.runWorker(ThreadPoolExecutor.java:1134)
	at java.util.concurrent.ThreadPoolExecutor$Worker.run(ThreadPoolExecutor.java:624)
	...


"java.util.concurrent.ThreadPoolExecutor$Worker@10aa2617[State = -1, empty queue]" Id=89 TIMED_WAITING on java.util.concurrent.locks.AbstractQueuedSynchronizer$ConditionObject@4de8b406
	at sun.misc.Unsafe.park(Native Method)
	-  waiting on java.util.concurrent.locks.AbstractQueuedSynchronizer$ConditionObject@4de8b406
	at java.util.concurrent.locks.LockSupport.parkNanos(LockSupport.java:215)
	at java.util.concurrent.locks.AbstractQueuedSynchronizer$ConditionObject.awaitNanos(AbstractQueuedSynchronizer.java:2078)
	at java.util.concurrent.ScheduledThreadPoolExecutor$DelayedWorkQueue.take(ScheduledThreadPoolExecutor.java:1093)
	at java.util.concurrent.ScheduledThreadPoolExecutor$DelayedWorkQueue.take(ScheduledThreadPoolExecutor.java:809)
	at java.util.concurrent.ThreadPoolExecutor.getTask(ThreadPoolExecutor.java:1074)
	at java.util.concurrent.ThreadPoolExecutor.runWorker(ThreadPoolExecutor.java:1134)
	at java.util.concurrent.ThreadPoolExecutor$Worker.run(ThreadPoolExecutor.java:624)
	...


"org.apache.ratis.server.impl.LogAppender$AppenderDaemon$$Lambda$396/1810530706@5a74ec03" Id=88 TIMED_WAITING on org.apache.ratis.grpc.server.GrpcLogAppender@3c756e4d
	at java.lang.Object.wait(Native Method)
	-  waiting on org.apache.ratis.grpc.server.GrpcLogAppender@3c756e4d
	at org.apache.ratis.grpc.server.GrpcLogAppender.mayWait(GrpcLogAppender.java:141)
	at org.apache.ratis.grpc.server.GrpcLogAppender.runAppenderImpl(GrpcLogAppender.java:95)
	at org.apache.ratis.server.impl.LogAppender$AppenderDaemon.run(LogAppender.java:76)
	at org.apache.ratis.server.impl.LogAppender$AppenderDaemon$$Lambda$396/1810530706.run(Unknown Source)
	at java.lang.Thread.run(Thread.java:748)


"org.apache.ratis.server.impl.LogAppender$AppenderDaemon$$Lambda$396/1810530706@601af580" Id=87 TIMED_WAITING on org.apache.ratis.grpc.server.GrpcLogAppender@7c0e2abd
	at java.lang.Object.wait(Native Method)
	-  waiting on org.apache.ratis.grpc.server.GrpcLogAppender@7c0e2abd
	at org.apache.ratis.grpc.server.GrpcLogAppender.mayWait(GrpcLogAppender.java:141)
	at org.apache.ratis.grpc.server.GrpcLogAppender.runAppenderImpl(GrpcLogAppender.java:95)
	at org.apache.ratis.server.impl.LogAppender$AppenderDaemon.run(LogAppender.java:76)
	at org.apache.ratis.server.impl.LogAppender$AppenderDaemon$$Lambda$396/1810530706.run(Unknown Source)
	at java.lang.Thread.run(Thread.java:748)


"Thread-37" Id=83 TIMED_WAITING on java.util.concurrent.locks.AbstractQueuedSynchronizer$ConditionObject@48eff760
	at sun.misc.Unsafe.park(Native Method)
	-  waiting on java.util.concurrent.locks.AbstractQueuedSynchronizer$ConditionObject@48eff760
	at java.util.concurrent.locks.LockSupport.parkNanos(LockSupport.java:215)
	at java.util.concurrent.locks.AbstractQueuedSynchronizer$ConditionObject.awaitNanos(AbstractQueuedSynchronizer.java:2078)
	at java.util.concurrent.ArrayBlockingQueue.poll(ArrayBlockingQueue.java:418)
	at org.apache.ratis.server.impl.LeaderState$EventQueue.poll(LeaderState.java:116)
	at org.apache.ratis.server.impl.LeaderState$EventProcessor.run(LeaderState.java:468)


"metrics-hadoop-metrics2-reporter-10-thread-1" Id=84 TIMED_WAITING on java.util.concurrent.locks.AbstractQueuedSynchronizer$ConditionObject@402f32ff
	at sun.misc.Unsafe.park(Native Method)
	-  waiting on java.util.concurrent.locks.AbstractQueuedSynchronizer$ConditionObject@402f32ff
	at java.util.concurrent.locks.LockSupport.parkNanos(LockSupport.java:215)
	at java.util.concurrent.locks.AbstractQueuedSynchronizer$ConditionObject.awaitNanos(AbstractQueuedSynchronizer.java:2078)
	at java.util.concurrent.ScheduledThreadPoolExecutor$DelayedWorkQueue.take(ScheduledThreadPoolExecutor.java:1093)
	at java.util.concurrent.ScheduledThreadPoolExecutor$DelayedWorkQueue.take(ScheduledThreadPoolExecutor.java:809)
	at java.util.concurrent.ThreadPoolExecutor.getTask(ThreadPoolExecutor.java:1074)
	at java.util.concurrent.ThreadPoolExecutor.runWorker(ThreadPoolExecutor.java:1134)
	at java.util.concurrent.ThreadPoolExecutor$Worker.run(ThreadPoolExecutor.java:624)
	...


"Thread-36" Id=82 TIMED_WAITING
	at java.lang.Thread.sleep(Native Method)
	at org.apache.ratis.util.JavaUtils.sleep(JavaUtils.java:247)
	at org.apache.ratis.server.impl.FollowerState.run(FollowerState.java:97)


"Thread-35" Id=81 TIMED_WAITING
	at java.lang.Thread.sleep(Native Method)
	at org.apache.ratis.util.JavaUtils.sleep(JavaUtils.java:247)
	at org.apache.ratis.server.impl.FollowerState.run(FollowerState.java:97)


"java.util.concurrent.ThreadPoolExecutor$Worker@6ea31ed9[State = -1, empty queue]" Id=75 RUNNABLE
	at java.util.concurrent.ScheduledThreadPoolExecutor$DelayedWorkQueue.poll(ScheduledThreadPoolExecutor.java:809)
	at java.util.concurrent.ThreadPoolExecutor.getTask(ThreadPoolExecutor.java:1073)
	at java.util.concurrent.ThreadPoolExecutor.runWorker(ThreadPoolExecutor.java:1134)
	at java.util.concurrent.ThreadPoolExecutor$Worker.run(ThreadPoolExecutor.java:624)
	at java.lang.Thread.run(Thread.java:748)


"grpc-default-executor-12" Id=70 TIMED_WAITING on java.util.concurrent.SynchronousQueue$TransferStack@573f2bb1
	at sun.misc.Unsafe.park(Native Method)
	-  waiting on java.util.concurrent.SynchronousQueue$TransferStack@573f2bb1
	at java.util.concurrent.locks.LockSupport.parkNanos(LockSupport.java:215)
	at java.util.concurrent.SynchronousQueue$TransferStack.awaitFulfill(SynchronousQueue.java:460)
	at java.util.concurrent.SynchronousQueue$TransferStack.transfer(SynchronousQueue.java:362)
	at java.util.concurrent.SynchronousQueue.poll(SynchronousQueue.java:941)
	at java.util.concurrent.ThreadPoolExecutor.getTask(ThreadPoolExecutor.java:1073)
	at java.util.concurrent.ThreadPoolExecutor.runWorker(ThreadPoolExecutor.java:1134)
	at java.util.concurrent.ThreadPoolExecutor$Worker.run(ThreadPoolExecutor.java:624)
	...


"grpc-default-executor-11" Id=69 TIMED_WAITING on java.util.concurrent.SynchronousQueue$TransferStack@573f2bb1
	at sun.misc.Unsafe.park(Native Method)
	-  waiting on java.util.concurrent.SynchronousQueue$TransferStack@573f2bb1
	at java.util.concurrent.locks.LockSupport.parkNanos(LockSupport.java:215)
	at java.util.concurrent.SynchronousQueue$TransferStack.awaitFulfill(SynchronousQueue.java:460)
	at java.util.concurrent.SynchronousQueue$TransferStack.transfer(SynchronousQueue.java:362)
	at java.util.concurrent.SynchronousQueue.poll(SynchronousQueue.java:941)
	at java.util.concurrent.ThreadPoolExecutor.getTask(ThreadPoolExecutor.java:1073)
	at java.util.concurrent.ThreadPoolExecutor.runWorker(ThreadPoolExecutor.java:1134)
	at java.util.concurrent.ThreadPoolExecutor$Worker.run(ThreadPoolExecutor.java:624)
	...


"grpc-default-executor-10" Id=66 TIMED_WAITING on java.util.concurrent.SynchronousQueue$TransferStack@573f2bb1
	at sun.misc.Unsafe.park(Native Method)
	-  waiting on java.util.concurrent.SynchronousQueue$TransferStack@573f2bb1
	at java.util.concurrent.locks.LockSupport.parkNanos(LockSupport.java:215)
	at java.util.concurrent.SynchronousQueue$TransferStack.awaitFulfill(SynchronousQueue.java:460)
	at java.util.concurrent.SynchronousQueue$TransferStack.transfer(SynchronousQueue.java:362)
	at java.util.concurrent.SynchronousQueue.poll(SynchronousQueue.java:941)
	at java.util.concurrent.ThreadPoolExecutor.getTask(ThreadPoolExecutor.java:1073)
	at java.util.concurrent.ThreadPoolExecutor.runWorker(ThreadPoolExecutor.java:1134)
	at java.util.concurrent.ThreadPoolExecutor$Worker.run(ThreadPoolExecutor.java:624)
	...


"grpc-default-executor-9" Id=65 TIMED_WAITING on java.util.concurrent.SynchronousQueue$TransferStack@573f2bb1
	at sun.misc.Unsafe.park(Native Method)
	-  waiting on java.util.concurrent.SynchronousQueue$TransferStack@573f2bb1
	at java.util.concurrent.locks.LockSupport.parkNanos(LockSupport.java:215)
	at java.util.concurrent.SynchronousQueue$TransferStack.awaitFulfill(SynchronousQueue.java:460)
	at java.util.concurrent.SynchronousQueue$TransferStack.transfer(SynchronousQueue.java:362)
	at java.util.concurrent.SynchronousQueue.poll(SynchronousQueue.java:941)
	at java.util.concurrent.ThreadPoolExecutor.getTask(ThreadPoolExecutor.java:1073)
	at java.util.concurrent.ThreadPoolExecutor.runWorker(ThreadPoolExecutor.java:1134)
	at java.util.concurrent.ThreadPoolExecutor$Worker.run(ThreadPoolExecutor.java:624)
	...


"grpc-default-executor-8" Id=64 TIMED_WAITING on java.util.concurrent.SynchronousQueue$TransferStack@573f2bb1
	at sun.misc.Unsafe.park(Native Method)
	-  waiting on java.util.concurrent.SynchronousQueue$TransferStack@573f2bb1
	at java.util.concurrent.locks.LockSupport.parkNanos(LockSupport.java:215)
	at java.util.concurrent.SynchronousQueue$TransferStack.awaitFulfill(SynchronousQueue.java:460)
	at java.util.concurrent.SynchronousQueue$TransferStack.transfer(SynchronousQueue.java:362)
	at java.util.concurrent.SynchronousQueue.poll(SynchronousQueue.java:941)
	at java.util.concurrent.ThreadPoolExecutor.getTask(ThreadPoolExecutor.java:1073)
	at java.util.concurrent.ThreadPoolExecutor.runWorker(ThreadPoolExecutor.java:1134)
	at java.util.concurrent.ThreadPoolExecutor$Worker.run(ThreadPoolExecutor.java:624)
	...


"grpc-default-executor-7" Id=63 TIMED_WAITING on java.util.concurrent.SynchronousQueue$TransferStack@573f2bb1
	at sun.misc.Unsafe.park(Native Method)
	-  waiting on java.util.concurrent.SynchronousQueue$TransferStack@573f2bb1
	at java.util.concurrent.locks.LockSupport.parkNanos(LockSupport.java:215)
	at java.util.concurrent.SynchronousQueue$TransferStack.awaitFulfill(SynchronousQueue.java:460)
	at java.util.concurrent.SynchronousQueue$TransferStack.transfer(SynchronousQueue.java:362)
	at java.util.concurrent.SynchronousQueue.poll(SynchronousQueue.java:941)
	at java.util.concurrent.ThreadPoolExecutor.getTask(ThreadPoolExecutor.java:1073)
	at java.util.concurrent.ThreadPoolExecutor.runWorker(ThreadPoolExecutor.java:1134)
	at java.util.concurrent.ThreadPoolExecutor$Worker.run(ThreadPoolExecutor.java:624)
	...


"grpc-default-executor-6" Id=58 TIMED_WAITING on java.util.concurrent.SynchronousQueue$TransferStack@573f2bb1
	at sun.misc.Unsafe.park(Native Method)
	-  waiting on java.util.concurrent.SynchronousQueue$TransferStack@573f2bb1
	at java.util.concurrent.locks.LockSupport.parkNanos(LockSupport.java:215)
	at java.util.concurrent.SynchronousQueue$TransferStack.awaitFulfill(SynchronousQueue.java:460)
	at java.util.concurrent.SynchronousQueue$TransferStack.transfer(SynchronousQueue.java:362)
	at java.util.concurrent.SynchronousQueue.poll(SynchronousQueue.java:941)
	at java.util.concurrent.ThreadPoolExecutor.getTask(ThreadPoolExecutor.java:1073)
	at java.util.concurrent.ThreadPoolExecutor.runWorker(ThreadPoolExecutor.java:1134)
	at java.util.concurrent.ThreadPoolExecutor$Worker.run(ThreadPoolExecutor.java:624)
	...


"grpc-default-executor-5" Id=57 TIMED_WAITING on java.util.concurrent.SynchronousQueue$TransferStack@573f2bb1
	at sun.misc.Unsafe.park(Native Method)
	-  waiting on java.util.concurrent.SynchronousQueue$TransferStack@573f2bb1
	at java.util.concurrent.locks.LockSupport.parkNanos(LockSupport.java:215)
	at java.util.concurrent.SynchronousQueue$TransferStack.awaitFulfill(SynchronousQueue.java:460)
	at java.util.concurrent.SynchronousQueue$TransferStack.transfer(SynchronousQueue.java:362)
	at java.util.concurrent.SynchronousQueue.poll(SynchronousQueue.java:941)
	at java.util.concurrent.ThreadPoolExecutor.getTask(ThreadPoolExecutor.java:1073)
	at java.util.concurrent.ThreadPoolExecutor.runWorker(ThreadPoolExecutor.java:1134)
	at java.util.concurrent.ThreadPoolExecutor$Worker.run(ThreadPoolExecutor.java:624)
	...


"grpc-default-executor-1" Id=49 TIMED_WAITING on java.util.concurrent.SynchronousQueue$TransferStack@573f2bb1
	at sun.misc.Unsafe.park(Native Method)
	-  waiting on java.util.concurrent.SynchronousQueue$TransferStack@573f2bb1
	at java.util.concurrent.locks.LockSupport.parkNanos(LockSupport.java:215)
	at java.util.concurrent.SynchronousQueue$TransferStack.awaitFulfill(SynchronousQueue.java:460)
	at java.util.concurrent.SynchronousQueue$TransferStack.transfer(SynchronousQueue.java:362)
	at java.util.concurrent.SynchronousQueue.poll(SynchronousQueue.java:941)
	at java.util.concurrent.ThreadPoolExecutor.getTask(ThreadPoolExecutor.java:1073)
	at java.util.concurrent.ThreadPoolExecutor.runWorker(ThreadPoolExecutor.java:1134)
	at java.util.concurrent.ThreadPoolExecutor$Worker.run(ThreadPoolExecutor.java:624)
	...


"grpc-default-executor-2" Id=48 TIMED_WAITING on java.util.concurrent.SynchronousQueue$TransferStack@573f2bb1
	at sun.misc.Unsafe.park(Native Method)
	-  waiting on java.util.concurrent.SynchronousQueue$TransferStack@573f2bb1
	at java.util.concurrent.locks.LockSupport.parkNanos(LockSupport.java:215)
	at java.util.concurrent.SynchronousQueue$TransferStack.awaitFulfill(SynchronousQueue.java:460)
	at java.util.concurrent.SynchronousQueue$TransferStack.transfer(SynchronousQueue.java:362)
	at java.util.concurrent.SynchronousQueue.poll(SynchronousQueue.java:941)
	at java.util.concurrent.ThreadPoolExecutor.getTask(ThreadPoolExecutor.java:1073)
	at java.util.concurrent.ThreadPoolExecutor.runWorker(ThreadPoolExecutor.java:1134)
	at java.util.concurrent.ThreadPoolExecutor$Worker.run(ThreadPoolExecutor.java:624)
	...


"grpc-default-executor-4" Id=51 TIMED_WAITING on java.util.concurrent.SynchronousQueue$TransferStack@573f2bb1
	at sun.misc.Unsafe.park(Native Method)
	-  waiting on java.util.concurrent.SynchronousQueue$TransferStack@573f2bb1
	at java.util.concurrent.locks.LockSupport.parkNanos(LockSupport.java:215)
	at java.util.concurrent.SynchronousQueue$TransferStack.awaitFulfill(SynchronousQueue.java:460)
	at java.util.concurrent.SynchronousQueue$TransferStack.transfer(SynchronousQueue.java:362)
	at java.util.concurrent.SynchronousQueue.poll(SynchronousQueue.java:941)
	at java.util.concurrent.ThreadPoolExecutor.getTask(ThreadPoolExecutor.java:1073)
	at java.util.concurrent.ThreadPoolExecutor.runWorker(ThreadPoolExecutor.java:1134)
	at java.util.concurrent.ThreadPoolExecutor$Worker.run(ThreadPoolExecutor.java:624)
	...


"grpc-default-executor-3" Id=52 TIMED_WAITING on java.util.concurrent.SynchronousQueue$TransferStack@573f2bb1
	at sun.misc.Unsafe.park(Native Method)
	-  waiting on java.util.concurrent.SynchronousQueue$TransferStack@573f2bb1
	at java.util.concurrent.locks.LockSupport.parkNanos(LockSupport.java:215)
	at java.util.concurrent.SynchronousQueue$TransferStack.awaitFulfill(SynchronousQueue.java:460)
	at java.util.concurrent.SynchronousQueue$TransferStack.transfer(SynchronousQueue.java:362)
	at java.util.concurrent.SynchronousQueue.poll(SynchronousQueue.java:941)
	at java.util.concurrent.ThreadPoolExecutor.getTask(ThreadPoolExecutor.java:1073)
	at java.util.concurrent.ThreadPoolExecutor.runWorker(ThreadPoolExecutor.java:1134)
	at java.util.concurrent.ThreadPoolExecutor$Worker.run(ThreadPoolExecutor.java:624)
	...


"grpc-default-executor-0" Id=50 TIMED_WAITING on java.util.concurrent.SynchronousQueue$TransferStack@573f2bb1
	at sun.misc.Unsafe.park(Native Method)
	-  waiting on java.util.concurrent.SynchronousQueue$TransferStack@573f2bb1
	at java.util.concurrent.locks.LockSupport.parkNanos(LockSupport.java:215)
	at java.util.concurrent.SynchronousQueue$TransferStack.awaitFulfill(SynchronousQueue.java:460)
	at java.util.concurrent.SynchronousQueue$TransferStack.transfer(SynchronousQueue.java:362)
	at java.util.concurrent.SynchronousQueue.poll(SynchronousQueue.java:941)
	at java.util.concurrent.ThreadPoolExecutor.getTask(ThreadPoolExecutor.java:1073)
	at java.util.concurrent.ThreadPoolExecutor.runWorker(ThreadPoolExecutor.java:1134)
	at java.util.concurrent.ThreadPoolExecutor$Worker.run(ThreadPoolExecutor.java:624)
	...


"grpc-default-worker-ELG-3-3" Id=46 RUNNABLE (in native)
	at sun.nio.ch.EPollArrayWrapper.epollWait(Native Method)
	at sun.nio.ch.EPollArrayWrapper.poll(EPollArrayWrapper.java:269)
	at sun.nio.ch.EPollSelectorImpl.doSelect(EPollSelectorImpl.java:93)
	at sun.nio.ch.SelectorImpl.lockAndDoSelect(SelectorImpl.java:86)
	-  locked org.apache.ratis.thirdparty.io.netty.channel.nio.SelectedSelectionKeySet@5ae9a829
	-  locked java.util.Collections$UnmodifiableSet@6d8a00e3
	-  locked sun.nio.ch.EPollSelectorImpl@548b7f67
	at sun.nio.ch.SelectorImpl.select(SelectorImpl.java:97)
	at org.apache.ratis.thirdparty.io.netty.channel.nio.SelectedSelectionKeySetSelector.select(SelectedSelectionKeySetSelector.java:62)
	at org.apache.ratis.thirdparty.io.netty.channel.nio.NioEventLoop.select(NioEventLoop.java:753)
	at org.apache.ratis.thirdparty.io.netty.channel.nio.NioEventLoop.run(NioEventLoop.java:408)
	...


"grpc-default-worker-ELG-3-4" Id=47 RUNNABLE (in native)
	at sun.nio.ch.EPollArrayWrapper.epollWait(Native Method)
	at sun.nio.ch.EPollArrayWrapper.poll(EPollArrayWrapper.java:269)
	at sun.nio.ch.EPollSelectorImpl.doSelect(EPollSelectorImpl.java:93)
	at sun.nio.ch.SelectorImpl.lockAndDoSelect(SelectorImpl.java:86)
	-  locked org.apache.ratis.thirdparty.io.netty.channel.nio.SelectedSelectionKeySet@7ac7a4e4
	-  locked java.util.Collections$UnmodifiableSet@6d78f375
	-  locked sun.nio.ch.EPollSelectorImpl@50c87b21
	at sun.nio.ch.SelectorImpl.select(SelectorImpl.java:97)
	at org.apache.ratis.thirdparty.io.netty.channel.nio.SelectedSelectionKeySetSelector.select(SelectedSelectionKeySetSelector.java:62)
	at org.apache.ratis.thirdparty.io.netty.channel.nio.NioEventLoop.select(NioEventLoop.java:753)
	at org.apache.ratis.thirdparty.io.netty.channel.nio.NioEventLoop.run(NioEventLoop.java:408)
	...


"grpc-default-worker-ELG-3-2" Id=45 RUNNABLE (in native)
	at sun.nio.ch.EPollArrayWrapper.epollWait(Native Method)
	at sun.nio.ch.EPollArrayWrapper.poll(EPollArrayWrapper.java:269)
	at sun.nio.ch.EPollSelectorImpl.doSelect(EPollSelectorImpl.java:93)
	at sun.nio.ch.SelectorImpl.lockAndDoSelect(SelectorImpl.java:86)
	-  locked org.apache.ratis.thirdparty.io.netty.channel.nio.SelectedSelectionKeySet@5f375618
	-  locked java.util.Collections$UnmodifiableSet@1810399e
	-  locked sun.nio.ch.EPollSelectorImpl@32d992b2
	at sun.nio.ch.SelectorImpl.select(SelectorImpl.java:97)
	at org.apache.ratis.thirdparty.io.netty.channel.nio.SelectedSelectionKeySetSelector.select(SelectedSelectionKeySetSelector.java:62)
	at org.apache.ratis.thirdparty.io.netty.channel.nio.NioEventLoop.select(NioEventLoop.java:753)
	at org.apache.ratis.thirdparty.io.netty.channel.nio.NioEventLoop.run(NioEventLoop.java:408)
	...


"grpc-default-worker-ELG-3-1" Id=44 RUNNABLE (in native)
	at sun.nio.ch.EPollArrayWrapper.epollWait(Native Method)
	at sun.nio.ch.EPollArrayWrapper.poll(EPollArrayWrapper.java:269)
	at sun.nio.ch.EPollSelectorImpl.doSelect(EPollSelectorImpl.java:93)
	at sun.nio.ch.SelectorImpl.lockAndDoSelect(SelectorImpl.java:86)
	-  locked org.apache.ratis.thirdparty.io.netty.channel.nio.SelectedSelectionKeySet@215be6bb
	-  locked java.util.Collections$UnmodifiableSet@4439f31e
	-  locked sun.nio.ch.EPollSelectorImpl@5dfcfece
	at sun.nio.ch.SelectorImpl.select(SelectorImpl.java:97)
	at org.apache.ratis.thirdparty.io.netty.channel.nio.SelectedSelectionKeySetSelector.select(SelectedSelectionKeySetSelector.java:62)
	at org.apache.ratis.thirdparty.io.netty.channel.nio.NioEventLoop.select(NioEventLoop.java:753)
	at org.apache.ratis.thirdparty.io.netty.channel.nio.NioEventLoop.run(NioEventLoop.java:408)
	...


"Timer-0" Id=37 TIMED_WAITING on java.util.TaskQueue@23ceabc1
	at java.lang.Object.wait(Native Method)
	-  waiting on java.util.TaskQueue@23ceabc1
	at java.util.TimerThread.mainLoop(Timer.java:552)
	at java.util.TimerThread.run(Timer.java:505)


"s2@group-5C26748AB2B1-StateMachineUpdater" Id=24 WAITING on org.apache.ratis.server.impl.StateMachineUpdater@5d5eef3d
	at java.lang.Object.wait(Native Method)
	-  waiting on org.apache.ratis.server.impl.StateMachineUpdater@5d5eef3d
	at java.lang.Object.wait(Object.java:502)
	at org.apache.ratis.server.impl.StateMachineUpdater.waitForCommit(StateMachineUpdater.java:194)
	at org.apache.ratis.server.impl.StateMachineUpdater.run(StateMachineUpdater.java:159)
	at java.lang.Thread.run(Thread.java:748)


"metrics-hadoop-metrics2-reporter-9-thread-1" Id=36 TIMED_WAITING on java.util.concurrent.locks.AbstractQueuedSynchronizer$ConditionObject@56f4468b
	at sun.misc.Unsafe.park(Native Method)
	-  waiting on java.util.concurrent.locks.AbstractQueuedSynchronizer$ConditionObject@56f4468b
	at java.util.concurrent.locks.LockSupport.parkNanos(LockSupport.java:215)
	at java.util.concurrent.locks.AbstractQueuedSynchronizer$ConditionObject.awaitNanos(AbstractQueuedSynchronizer.java:2078)
	at java.util.concurrent.ScheduledThreadPoolExecutor$DelayedWorkQueue.take(ScheduledThreadPoolExecutor.java:1093)
	at java.util.concurrent.ScheduledThreadPoolExecutor$DelayedWorkQueue.take(ScheduledThreadPoolExecutor.java:809)
	at java.util.concurrent.ThreadPoolExecutor.getTask(ThreadPoolExecutor.java:1074)
	at java.util.concurrent.ThreadPoolExecutor.runWorker(ThreadPoolExecutor.java:1134)
	at java.util.concurrent.ThreadPoolExecutor$Worker.run(ThreadPoolExecutor.java:624)
	...


"s1@group-5C26748AB2B1-StateMachineUpdater" Id=26 WAITING on org.apache.ratis.server.impl.StateMachineUpdater@6cc4c815
	at java.lang.Object.wait(Native Method)
	-  waiting on org.apache.ratis.server.impl.StateMachineUpdater@6cc4c815
	at java.lang.Object.wait(Object.java:502)
	at org.apache.ratis.server.impl.StateMachineUpdater.waitForCommit(StateMachineUpdater.java:194)
	at org.apache.ratis.server.impl.StateMachineUpdater.run(StateMachineUpdater.java:159)
	at java.lang.Thread.run(Thread.java:748)


"metrics-hadoop-metrics2-reporter-8-thread-1" Id=34 TIMED_WAITING on java.util.concurrent.locks.AbstractQueuedSynchronizer$ConditionObject@3a82f6ef
	at sun.misc.Unsafe.park(Native Method)
	-  waiting on java.util.concurrent.locks.AbstractQueuedSynchronizer$ConditionObject@3a82f6ef
	at java.util.concurrent.locks.LockSupport.parkNanos(LockSupport.java:215)
	at java.util.concurrent.locks.AbstractQueuedSynchronizer$ConditionObject.awaitNanos(AbstractQueuedSynchronizer.java:2078)
	at java.util.concurrent.ScheduledThreadPoolExecutor$DelayedWorkQueue.take(ScheduledThreadPoolExecutor.java:1093)
	at java.util.concurrent.ScheduledThreadPoolExecutor$DelayedWorkQueue.take(ScheduledThreadPoolExecutor.java:809)
	at java.util.concurrent.ThreadPoolExecutor.getTask(ThreadPoolExecutor.java:1074)
	at java.util.concurrent.ThreadPoolExecutor.runWorker(ThreadPoolExecutor.java:1134)
	at java.util.concurrent.ThreadPoolExecutor$Worker.run(ThreadPoolExecutor.java:624)
	...


"grpc-default-boss-ELG-1-1" Id=32 RUNNABLE (in native)
	at sun.nio.ch.EPollArrayWrapper.epollWait(Native Method)
	at sun.nio.ch.EPollArrayWrapper.poll(EPollArrayWrapper.java:269)
	at sun.nio.ch.EPollSelectorImpl.doSelect(EPollSelectorImpl.java:93)
	at sun.nio.ch.SelectorImpl.lockAndDoSelect(SelectorImpl.java:86)
	-  locked org.apache.ratis.thirdparty.io.netty.channel.nio.SelectedSelectionKeySet@100fc185
	-  locked java.util.Collections$UnmodifiableSet@643b1d11
	-  locked sun.nio.ch.EPollSelectorImpl@2ef5e5e3
	at sun.nio.ch.SelectorImpl.select(SelectorImpl.java:97)
	at org.apache.ratis.thirdparty.io.netty.channel.nio.SelectedSelectionKeySetSelector.select(SelectedSelectionKeySetSelector.java:62)
	at org.apache.ratis.thirdparty.io.netty.channel.nio.NioEventLoop.select(NioEventLoop.java:753)
	at org.apache.ratis.thirdparty.io.netty.channel.nio.NioEventLoop.run(NioEventLoop.java:408)
	...


"s0@group-5C26748AB2B1-StateMachineUpdater" Id=25 WAITING on org.apache.ratis.server.impl.StateMachineUpdater@36d4b5c
	at java.lang.Object.wait(Native Method)
	-  waiting on org.apache.ratis.server.impl.StateMachineUpdater@36d4b5c
	at java.lang.Object.wait(Object.java:502)
	at org.apache.ratis.server.impl.StateMachineUpdater.waitForCommit(StateMachineUpdater.java:194)
	at org.apache.ratis.server.impl.StateMachineUpdater.run(StateMachineUpdater.java:159)
	at java.lang.Thread.run(Thread.java:748)


"metrics-hadoop-metrics2-reporter-7-thread-1" Id=31 TIMED_WAITING on java.util.concurrent.locks.AbstractQueuedSynchronizer$ConditionObject@6d00a15d
	at sun.misc.Unsafe.park(Native Method)
	-  waiting on java.util.concurrent.locks.AbstractQueuedSynchronizer$ConditionObject@6d00a15d
	at java.util.concurrent.locks.LockSupport.parkNanos(LockSupport.java:215)
	at java.util.concurrent.locks.AbstractQueuedSynchronizer$ConditionObject.awaitNanos(AbstractQueuedSynchronizer.java:2078)
	at java.util.concurrent.ScheduledThreadPoolExecutor$DelayedWorkQueue.take(ScheduledThreadPoolExecutor.java:1093)
	at java.util.concurrent.ScheduledThreadPoolExecutor$DelayedWorkQueue.take(ScheduledThreadPoolExecutor.java:809)
	at java.util.concurrent.ThreadPoolExecutor.getTask(ThreadPoolExecutor.java:1074)
	at java.util.concurrent.ThreadPoolExecutor.runWorker(ThreadPoolExecutor.java:1134)
	at java.util.concurrent.ThreadPoolExecutor$Worker.run(ThreadPoolExecutor.java:624)
	...


"metrics-hadoop-metrics2-reporter-4-thread-1" Id=29 TIMED_WAITING on java.util.concurrent.locks.AbstractQueuedSynchronizer$ConditionObject@51efea79
	at sun.misc.Unsafe.park(Native Method)
	-  waiting on java.util.concurrent.locks.AbstractQueuedSynchronizer$ConditionObject@51efea79
	at java.util.concurrent.locks.LockSupport.parkNanos(LockSupport.java:215)
	at java.util.concurrent.locks.AbstractQueuedSynchronizer$ConditionObject.awaitNanos(AbstractQueuedSynchronizer.java:2078)
	at java.util.concurrent.ScheduledThreadPoolExecutor$DelayedWorkQueue.take(ScheduledThreadPoolExecutor.java:1093)
	at java.util.concurrent.ScheduledThreadPoolExecutor$DelayedWorkQueue.take(ScheduledThreadPoolExecutor.java:809)
	at java.util.concurrent.ThreadPoolExecutor.getTask(ThreadPoolExecutor.java:1074)
	at java.util.concurrent.ThreadPoolExecutor.runWorker(ThreadPoolExecutor.java:1134)
	at java.util.concurrent.ThreadPoolExecutor$Worker.run(ThreadPoolExecutor.java:624)
	...


"metrics-hadoop-metrics2-reporter-6-thread-1" Id=28 TIMED_WAITING on java.util.concurrent.locks.AbstractQueuedSynchronizer$ConditionObject@5034c75a
	at sun.misc.Unsafe.park(Native Method)
	-  waiting on java.util.concurrent.locks.AbstractQueuedSynchronizer$ConditionObject@5034c75a
	at java.util.concurrent.locks.LockSupport.parkNanos(LockSupport.java:215)
	at java.util.concurrent.locks.AbstractQueuedSynchronizer$ConditionObject.awaitNanos(AbstractQueuedSynchronizer.java:2078)
	at java.util.concurrent.ScheduledThreadPoolExecutor$DelayedWorkQueue.take(ScheduledThreadPoolExecutor.java:1093)
	at java.util.concurrent.ScheduledThreadPoolExecutor$DelayedWorkQueue.take(ScheduledThreadPoolExecutor.java:809)
	at java.util.concurrent.ThreadPoolExecutor.getTask(ThreadPoolExecutor.java:1074)
	at java.util.concurrent.ThreadPoolExecutor.runWorker(ThreadPoolExecutor.java:1134)
	at java.util.concurrent.ThreadPoolExecutor$Worker.run(ThreadPoolExecutor.java:624)
	...


"metrics-hadoop-metrics2-reporter-5-thread-1" Id=27 TIMED_WAITING on java.util.concurrent.locks.AbstractQueuedSynchronizer$ConditionObject@396a51ab
	at sun.misc.Unsafe.park(Native Method)
	-  waiting on java.util.concurrent.locks.AbstractQueuedSynchronizer$ConditionObject@396a51ab
	at java.util.concurrent.locks.LockSupport.parkNanos(LockSupport.java:215)
	at java.util.concurrent.locks.AbstractQueuedSynchronizer$ConditionObject.awaitNanos(AbstractQueuedSynchronizer.java:2078)
	at java.util.concurrent.ScheduledThreadPoolExecutor$DelayedWorkQueue.take(ScheduledThreadPoolExecutor.java:1093)
	at java.util.concurrent.ScheduledThreadPoolExecutor$DelayedWorkQueue.take(ScheduledThreadPoolExecutor.java:809)
	at java.util.concurrent.ThreadPoolExecutor.getTask(ThreadPoolExecutor.java:1074)
	at java.util.concurrent.ThreadPoolExecutor.runWorker(ThreadPoolExecutor.java:1134)
	at java.util.concurrent.ThreadPoolExecutor$Worker.run(ThreadPoolExecutor.java:624)
	...


"s1@group-5C26748AB2B1-SegmentedRaftLogWorker" Id=22 RUNNABLE (in native)
	at sun.nio.ch.FileDispatcherImpl.force0(Native Method)
	at sun.nio.ch.FileDispatcherImpl.force(FileDispatcherImpl.java:80)
	at sun.nio.ch.FileChannelImpl.force(FileChannelImpl.java:388)
	at org.apache.ratis.server.raftlog.segmented.BufferedWriteChannel.flush(BufferedWriteChannel.java:90)
	at org.apache.ratis.server.raftlog.segmented.SegmentedRaftLogOutputStream.flush(SegmentedRaftLogOutputStream.java:160)
	at org.apache.ratis.server.raftlog.segmented.SegmentedRaftLogWorker.flushWrites(SegmentedRaftLogWorker.java:349)
	at org.apache.ratis.server.raftlog.segmented.SegmentedRaftLogWorker.access$1000(SegmentedRaftLogWorker.java:60)
	at org.apache.ratis.server.raftlog.segmented.SegmentedRaftLogWorker$WriteLog.execute(SegmentedRaftLogWorker.java:487)
	...


"s2@group-5C26748AB2B1-SegmentedRaftLogWorker" Id=21 RUNNABLE (in native)
	at sun.nio.ch.FileDispatcherImpl.force0(Native Method)
	at sun.nio.ch.FileDispatcherImpl.force(FileDispatcherImpl.java:80)
	at sun.nio.ch.FileChannelImpl.force(FileChannelImpl.java:388)
	at org.apache.ratis.server.raftlog.segmented.BufferedWriteChannel.flush(BufferedWriteChannel.java:90)
	at org.apache.ratis.server.raftlog.segmented.SegmentedRaftLogOutputStream.flush(SegmentedRaftLogOutputStream.java:160)
	at org.apache.ratis.server.raftlog.segmented.SegmentedRaftLogWorker.flushWrites(SegmentedRaftLogWorker.java:349)
	at org.apache.ratis.server.raftlog.segmented.SegmentedRaftLogWorker.access$1000(SegmentedRaftLogWorker.java:60)
	at org.apache.ratis.server.raftlog.segmented.SegmentedRaftLogWorker$WriteLog.execute(SegmentedRaftLogWorker.java:487)
	...


"s0@group-5C26748AB2B1-SegmentedRaftLogWorker" Id=23 RUNNABLE (in native)
	at sun.nio.ch.FileDispatcherImpl.force0(Native Method)
	at sun.nio.ch.FileDispatcherImpl.force(FileDispatcherImpl.java:80)
	at sun.nio.ch.FileChannelImpl.force(FileChannelImpl.java:388)
	at org.apache.ratis.server.raftlog.segmented.BufferedWriteChannel.flush(BufferedWriteChannel.java:90)
	at org.apache.ratis.server.raftlog.segmented.SegmentedRaftLogOutputStream.flush(SegmentedRaftLogOutputStream.java:160)
	at org.apache.ratis.server.raftlog.segmented.SegmentedRaftLogWorker.flushWrites(SegmentedRaftLogWorker.java:349)
	at org.apache.ratis.server.raftlog.segmented.SegmentedRaftLogWorker.access$1000(SegmentedRaftLogWorker.java:60)
	at org.apache.ratis.server.raftlog.segmented.SegmentedRaftLogWorker$WriteLog.execute(SegmentedRaftLogWorker.java:487)
	...


"metrics-hadoop-metrics2-reporter-3-thread-1" Id=20 TIMED_WAITING on java.util.concurrent.locks.AbstractQueuedSynchronizer$ConditionObject@51081592
	at sun.misc.Unsafe.park(Native Method)
	-  waiting on java.util.concurrent.locks.AbstractQueuedSynchronizer$ConditionObject@51081592
	at java.util.concurrent.locks.LockSupport.parkNanos(LockSupport.java:215)
	at java.util.concurrent.locks.AbstractQueuedSynchronizer$ConditionObject.awaitNanos(AbstractQueuedSynchronizer.java:2078)
	at java.util.concurrent.ScheduledThreadPoolExecutor$DelayedWorkQueue.take(ScheduledThreadPoolExecutor.java:1093)
	at java.util.concurrent.ScheduledThreadPoolExecutor$DelayedWorkQueue.take(ScheduledThreadPoolExecutor.java:809)
	at java.util.concurrent.ThreadPoolExecutor.getTask(ThreadPoolExecutor.java:1074)
	at java.util.concurrent.ThreadPoolExecutor.runWorker(ThreadPoolExecutor.java:1134)
	at java.util.concurrent.ThreadPoolExecutor$Worker.run(ThreadPoolExecutor.java:624)
	...


"metrics-hadoop-metrics2-reporter-2-thread-1" Id=19 TIMED_WAITING on java.util.concurrent.locks.AbstractQueuedSynchronizer$ConditionObject@7f9a81e8
	at sun.misc.Unsafe.park(Native Method)
	-  waiting on java.util.concurrent.locks.AbstractQueuedSynchronizer$ConditionObject@7f9a81e8
	at java.util.concurrent.locks.LockSupport.parkNanos(LockSupport.java:215)
	at java.util.concurrent.locks.AbstractQueuedSynchronizer$ConditionObject.awaitNanos(AbstractQueuedSynchronizer.java:2078)
	at java.util.concurrent.ScheduledThreadPoolExecutor$DelayedWorkQueue.take(ScheduledThreadPoolExecutor.java:1093)
	at java.util.concurrent.ScheduledThreadPoolExecutor$DelayedWorkQueue.take(ScheduledThreadPoolExecutor.java:809)
	at java.util.concurrent.ThreadPoolExecutor.getTask(ThreadPoolExecutor.java:1074)
	at java.util.concurrent.ThreadPoolExecutor.runWorker(ThreadPoolExecutor.java:1134)
	at java.util.concurrent.ThreadPoolExecutor$Worker.run(ThreadPoolExecutor.java:624)
	...


"metrics-hadoop-metrics2-reporter-1-thread-1" Id=18 TIMED_WAITING on java.util.concurrent.locks.AbstractQueuedSynchronizer$ConditionObject@9629756
	at sun.misc.Unsafe.park(Native Method)
	-  waiting on java.util.concurrent.locks.AbstractQueuedSynchronizer$ConditionObject@9629756
	at java.util.concurrent.locks.LockSupport.parkNanos(LockSupport.java:215)
	at java.util.concurrent.locks.AbstractQueuedSynchronizer$ConditionObject.awaitNanos(AbstractQueuedSynchronizer.java:2078)
	at java.util.concurrent.ScheduledThreadPoolExecutor$DelayedWorkQueue.take(ScheduledThreadPoolExecutor.java:1093)
	at java.util.concurrent.ScheduledThreadPoolExecutor$DelayedWorkQueue.take(ScheduledThreadPoolExecutor.java:809)
	at java.util.concurrent.ThreadPoolExecutor.getTask(ThreadPoolExecutor.java:1074)
	at java.util.concurrent.ThreadPoolExecutor.runWorker(ThreadPoolExecutor.java:1134)
	at java.util.concurrent.ThreadPoolExecutor$Worker.run(ThreadPoolExecutor.java:624)
	...


"Timer for 'ratis' metrics system" Id=17 TIMED_WAITING on java.util.TaskQueue@62ee68d8
	at java.lang.Object.wait(Native Method)
	-  waiting on java.util.TaskQueue@62ee68d8
	at java.util.TimerThread.mainLoop(Timer.java:552)
	at java.util.TimerThread.run(Timer.java:505)


"pool-3-thread-1" Id=16 WAITING on java.util.concurrent.locks.AbstractQueuedSynchronizer$ConditionObject@735b5592
	at sun.misc.Unsafe.park(Native Method)
	-  waiting on java.util.concurrent.locks.AbstractQueuedSynchronizer$ConditionObject@735b5592
	at java.util.concurrent.locks.LockSupport.park(LockSupport.java:175)
	at java.util.concurrent.locks.AbstractQueuedSynchronizer$ConditionObject.await(AbstractQueuedSynchronizer.java:2039)
	at java.util.concurrent.LinkedBlockingQueue.take(LinkedBlockingQueue.java:442)
	at java.util.concurrent.ThreadPoolExecutor.getTask(ThreadPoolExecutor.java:1074)
	at java.util.concurrent.ThreadPoolExecutor.runWorker(ThreadPoolExecutor.java:1134)
	at java.util.concurrent.ThreadPoolExecutor$Worker.run(ThreadPoolExecutor.java:624)
	at java.lang.Thread.run(Thread.java:748)


"pool-2-thread-1" Id=15 WAITING on java.util.concurrent.locks.AbstractQueuedSynchronizer$ConditionObject@58651fd0
	at sun.misc.Unsafe.park(Native Method)
	-  waiting on java.util.concurrent.locks.AbstractQueuedSynchronizer$ConditionObject@58651fd0
	at java.util.concurrent.locks.LockSupport.park(LockSupport.java:175)
	at java.util.concurrent.locks.AbstractQueuedSynchronizer$ConditionObject.await(AbstractQueuedSynchronizer.java:2039)
	at java.util.concurrent.LinkedBlockingQueue.take(LinkedBlockingQueue.java:442)
	at java.util.concurrent.ThreadPoolExecutor.getTask(ThreadPoolExecutor.java:1074)
	at java.util.concurrent.ThreadPoolExecutor.runWorker(ThreadPoolExecutor.java:1134)
	at java.util.concurrent.ThreadPoolExecutor$Worker.run(ThreadPoolExecutor.java:624)
	at java.lang.Thread.run(Thread.java:748)


"pool-1-thread-1" Id=14 WAITING on java.util.concurrent.locks.AbstractQueuedSynchronizer$ConditionObject@4520ebad
	at sun.misc.Unsafe.park(Native Method)
	-  waiting on java.util.concurrent.locks.AbstractQueuedSynchronizer$ConditionObject@4520ebad
	at java.util.concurrent.locks.LockSupport.park(LockSupport.java:175)
	at java.util.concurrent.locks.AbstractQueuedSynchronizer$ConditionObject.await(AbstractQueuedSynchronizer.java:2039)
	at java.util.concurrent.LinkedBlockingQueue.take(LinkedBlockingQueue.java:442)
	at java.util.concurrent.ThreadPoolExecutor.getTask(ThreadPoolExecutor.java:1074)
	at java.util.concurrent.ThreadPoolExecutor.runWorker(ThreadPoolExecutor.java:1134)
	at java.util.concurrent.ThreadPoolExecutor$Worker.run(ThreadPoolExecutor.java:624)
	at java.lang.Thread.run(Thread.java:748)


"Time-limited test" Id=12 WAITING on java.util.concurrent.Semaphore$NonfairSync@5419f379
	at sun.misc.Unsafe.park(Native Method)
	-  waiting on java.util.concurrent.Semaphore$NonfairSync@5419f379
	at java.util.concurrent.locks.LockSupport.park(LockSupport.java:175)
	at java.util.concurrent.locks.AbstractQueuedSynchronizer.parkAndCheckInterrupt(AbstractQueuedSynchronizer.java:836)
	at java.util.concurrent.locks.AbstractQueuedSynchronizer.doAcquireSharedInterruptibly(AbstractQueuedSynchronizer.java:997)
	at java.util.concurrent.locks.AbstractQueuedSynchronizer.acquireSharedInterruptibly(AbstractQueuedSynchronizer.java:1304)
	at java.util.concurrent.Semaphore.acquire(Semaphore.java:312)
	at org.apache.ratis.client.impl.OrderedAsync.send(OrderedAsync.java:146)
	at org.apache.ratis.client.impl.RaftClientImpl.sendAsync(RaftClientImpl.java:144)
	...


"process reaper" Id=10 TIMED_WAITING on java.util.concurrent.SynchronousQueue$TransferStack@7dc7cbad
	at sun.misc.Unsafe.park(Native Method)
	-  waiting on java.util.concurrent.SynchronousQueue$TransferStack@7dc7cbad
	at java.util.concurrent.locks.LockSupport.parkNanos(LockSupport.java:215)
	at java.util.concurrent.SynchronousQueue$TransferStack.awaitFulfill(SynchronousQueue.java:460)
	at java.util.concurrent.SynchronousQueue$TransferStack.transfer(SynchronousQueue.java:362)
	at java.util.concurrent.SynchronousQueue.poll(SynchronousQueue.java:941)
	at java.util.concurrent.ThreadPoolExecutor.getTask(ThreadPoolExecutor.java:1073)
	at java.util.concurrent.ThreadPoolExecutor.runWorker(ThreadPoolExecutor.java:1134)
	at java.util.concurrent.ThreadPoolExecutor$Worker.run(ThreadPoolExecutor.java:624)
	...


"surefire-forkedjvm-ping-30s" Id=9 TIMED_WAITING on java.util.concurrent.locks.AbstractQueuedSynchronizer$ConditionObject@d2cc05a
	at sun.misc.Unsafe.park(Native Method)
	-  waiting on java.util.concurrent.locks.AbstractQueuedSynchronizer$ConditionObject@d2cc05a
	at java.util.concurrent.locks.LockSupport.parkNanos(LockSupport.java:215)
	at java.util.concurrent.locks.AbstractQueuedSynchronizer$ConditionObject.awaitNanos(AbstractQueuedSynchronizer.java:2078)
	at java.util.concurrent.ScheduledThreadPoolExecutor$DelayedWorkQueue.take(ScheduledThreadPoolExecutor.java:1093)
	at java.util.concurrent.ScheduledThreadPoolExecutor$DelayedWorkQueue.take(ScheduledThreadPoolExecutor.java:809)
	at java.util.concurrent.ThreadPoolExecutor.getTask(ThreadPoolExecutor.java:1074)
	at java.util.concurrent.ThreadPoolExecutor.runWorker(ThreadPoolExecutor.java:1134)
	at java.util.concurrent.ThreadPoolExecutor$Worker.run(ThreadPoolExecutor.java:624)
	...


"surefire-forkedjvm-command-thread" Id=8 RUNNABLE (in native)
	at java.io.FileInputStream.readBytes(Native Method)
	at java.io.FileInputStream.read(FileInputStream.java:255)
	at java.io.BufferedInputStream.fill(BufferedInputStream.java:246)
	at java.io.BufferedInputStream.read(BufferedInputStream.java:265)
	-  locked java.io.BufferedInputStream@4f933fd1
	at java.io.DataInputStream.readInt(DataInputStream.java:387)
	at org.apache.maven.surefire.booter.MasterProcessCommand.decode(MasterProcessCommand.java:115)
	at org.apache.maven.surefire.booter.CommandReader$CommandRunnable.run(CommandReader.java:390)
	at java.lang.Thread.run(Thread.java:748)


"Signal Dispatcher" Id=4 RUNNABLE


"Finalizer" Id=3 WAITING on java.lang.ref.ReferenceQueue$Lock@548a9f61
	at java.lang.Object.wait(Native Method)
	-  waiting on java.lang.ref.ReferenceQueue$Lock@548a9f61
	at java.lang.ref.ReferenceQueue.remove(ReferenceQueue.java:144)
	at java.lang.ref.ReferenceQueue.remove(ReferenceQueue.java:165)
	at java.lang.ref.Finalizer$FinalizerThread.run(Finalizer.java:216)


"Reference Handler" Id=2 WAITING on java.lang.ref.Reference$Lock@1753acfe
	at java.lang.Object.wait(Native Method)
	-  waiting on java.lang.ref.Reference$Lock@1753acfe
	at java.lang.Object.wait(Object.java:502)
	at java.lang.ref.Reference.tryHandlePending(Reference.java:191)
	at java.lang.ref.Reference$ReferenceHandler.run(Reference.java:153)


"main" Id=1 RUNNABLE
	at sun.management.ThreadImpl.dumpThreads0(Native Method)
	at sun.management.ThreadImpl.dumpAllThreads(ThreadImpl.java:454)
	at org.apache.ratis.util.JavaUtils.dumpAllThreads(JavaUtils.java:214)
	at org.apache.ratis.JUnitRunListener.testFailure(JUnitRunListener.java:65)
	at org.junit.runner.notification.SynchronizedRunListener.testFailure(SynchronizedRunListener.java:63)
	-  locked org.apache.maven.surefire.common.junit4.Notifier@7c16905e
	at org.junit.runner.notification.RunNotifier$4.notifyListener(RunNotifier.java:142)
	at org.junit.runner.notification.RunNotifier$SafeNotifier.run(RunNotifier.java:72)
	at org.junit.runner.notification.RunNotifier.fireTestFailures(RunNotifier.java:138)
	...


2019-09-24 16:16:42,941 INFO  util.LogUtils (LogUtils.java:setLogLevel(41)) - Set org.apache.ratis.conf.ConfUtils log level to WARN
2019-09-24 16:16:42,941 INFO  util.LogUtils (LogUtils.java:setLogLevel(41)) - Set org.apache.ratis.util.FileUtils log level to TRACE
2019-09-24 16:16:42,941 INFO  util.LogUtils (LogUtils.java:setLogLevel(41)) - Set org.apache.ratis.grpc.client.GrpcClientProtocolService log level to TRACE
2019-09-24 16:16:42,943 INFO  ratis.MiniRaftCluster (MiniRaftCluster.java:runWithNewCluster(119)) - Running runWithNewCluster
2019-09-24 16:16:42,944 INFO  ratis.MiniRaftCluster (MiniRaftCluster.java:<init>(253)) - new MiniRaftClusterWithGrpc with group-E77E9FD8E08A:[s0:0.0.0.0:34097, s1:0.0.0.0:42213, s2:0.0.0.0:41839]
2019-09-24 16:16:42,945 INFO  ratis.MiniRaftCluster (MiniRaftCluster.java:start(287)) - .............................................................. 
2019-09-24 16:16:42,945 INFO  ratis.MiniRaftCluster (MiniRaftCluster.java:start(288)) - ... 
2019-09-24 16:16:42,945 INFO  ratis.MiniRaftCluster (MiniRaftCluster.java:start(289)) - ...     Starting MiniRaftClusterWithGrpc
2019-09-24 16:16:42,945 INFO  ratis.MiniRaftCluster (MiniRaftCluster.java:start(290)) - ... 
2019-09-24 16:16:42,945 INFO  ratis.MiniRaftCluster (MiniRaftCluster.java:start(291)) - .............................................................. 
2019-09-24 16:16:42,945 INFO  ratis.MiniRaftCluster (MiniRaftCluster.java:initServers(265)) - servers = {}
2019-09-24 16:16:42,945 INFO  ratis.MiniRaftCluster (MiniRaftCluster.java:newRaftServer(330)) - newRaftServer: s0, group-E77E9FD8E08A:[s0:0.0.0.0:34097, s1:0.0.0.0:42213, s2:0.0.0.0:41839], format? true
2019-09-24 16:16:42,946 TRACE util.FileUtils (FileUtils.java:deleteFully(88)) - deleteFully target/test/data/9f1a7c06/MiniRaftClusterWithGrpc642c4063/s0
2019-09-24 16:16:42,946 TRACE util.FileUtils (FileUtils.java:deleteFully(104)) - deleteFully: target/test/data/9f1a7c06/MiniRaftClusterWithGrpc642c4063/s0 does not exist.
2019-09-24 16:16:42,946 INFO  ratis.MiniRaftCluster (MiniRaftCluster.java:newRaftServer(335)) - Formatted directory target/test/data/9f1a7c06/MiniRaftClusterWithGrpc642c4063/s0
2019-09-24 16:16:42,947 INFO  impl.RaftServerProxy (ConfUtils.java:logGet(43)) - raft.rpc.type = GRPC (default)
2019-09-24 16:16:42,947 INFO  grpc.GrpcFactory (GrpcFactory.java:checkPooledByteBufAllocatorUseCacheForAllThreads(45)) - PERFORMANCE WARNING: useCacheForAllThreads is true that may cause Netty to create a lot garbage objects and, as a result, trigger GC.
	It is recommended to disable useCacheForAllThreads by setting -Dorg.apache.ratis.thirdparty.io.netty.allocator.useCacheForAllThreads=false in command line.
2019-09-24 16:16:42,948 INFO  grpc.GrpcConfigKeys$Server (ConfUtils.java:logGet(43)) - raft.grpc.server.port = 34097 (custom)
2019-09-24 16:16:42,948 INFO  server.GrpcService (ConfUtils.java:logGet(43)) - raft.grpc.message.size.max = 64MB (=67108864) (default)
2019-09-24 16:16:42,948 INFO  server.RaftServerConfigKeys (ConfUtils.java:logGet(43)) - raft.server.log.appender.buffer.byte-limit = 4MB (=4194304) (default)
2019-09-24 16:16:42,949 INFO  server.GrpcService (ConfUtils.java:logGet(43)) - raft.grpc.flow.control.window = 1MB (=1048576) (default)
2019-09-24 16:16:42,949 INFO  server.RaftServerConfigKeys (ConfUtils.java:logGet(43)) - raft.server.rpc.request.timeout = 3000ms (default)
2019-09-24 16:16:42,950 INFO  server.RaftServerConfigKeys (ConfUtils.java:logGet(43)) - raft.server.storage.dir = [/workdir/ratis-test/target/test/data/9f1a7c06/MiniRaftClusterWithGrpc642c4063/s0] (custom)
2019-09-24 16:16:42,951 INFO  impl.RaftServerProxy (RaftServerProxy.java:addNew(89)) - s0: addNew group-E77E9FD8E08A:[s0:0.0.0.0:34097, s1:0.0.0.0:42213, s2:0.0.0.0:41839] returns group-E77E9FD8E08A:java.util.concurrent.CompletableFuture@6b64d486[Not completed]
2019-09-24 16:16:42,951 INFO  ratis.MiniRaftCluster (MiniRaftCluster.java:newRaftServer(330)) - newRaftServer: s1, group-E77E9FD8E08A:[s0:0.0.0.0:34097, s1:0.0.0.0:42213, s2:0.0.0.0:41839], format? true
2019-09-24 16:16:42,951 INFO  impl.RaftServerImpl (RaftServerImpl.java:<init>(95)) - s0: new RaftServerImpl for group-E77E9FD8E08A:[s0:0.0.0.0:34097, s1:0.0.0.0:42213, s2:0.0.0.0:41839] with BaseStateMachine:uninitialized
2019-09-24 16:16:42,951 TRACE util.FileUtils (FileUtils.java:deleteFully(88)) - deleteFully target/test/data/9f1a7c06/MiniRaftClusterWithGrpc642c4063/s1
2019-09-24 16:16:42,952 INFO  server.RaftServerConfigKeys (ConfUtils.java:logGet(43)) - raft.server.rpc.timeout.min = 150ms (default)
2019-09-24 16:16:42,952 TRACE util.FileUtils (FileUtils.java:deleteFully(104)) - deleteFully: target/test/data/9f1a7c06/MiniRaftClusterWithGrpc642c4063/s1 does not exist.
2019-09-24 16:16:42,952 INFO  server.RaftServerConfigKeys (ConfUtils.java:logGet(43)) - raft.server.rpc.timeout.max = 300ms (default)
2019-09-24 16:16:42,952 INFO  ratis.MiniRaftCluster (MiniRaftCluster.java:newRaftServer(335)) - Formatted directory target/test/data/9f1a7c06/MiniRaftClusterWithGrpc642c4063/s1
2019-09-24 16:16:42,952 INFO  server.RaftServerConfigKeys (ConfUtils.java:logGet(43)) - raft.server.rpcslowness.timeout = 60s (default)
2019-09-24 16:16:42,953 INFO  server.RaftServerConfigKeys (ConfUtils.java:logGet(43)) - raft.server.sleep.deviation.threshold = 300 (default)
2019-09-24 16:16:42,953 INFO  impl.RaftServerProxy (ConfUtils.java:logGet(43)) - raft.rpc.type = GRPC (default)
2019-09-24 16:16:42,953 INFO  server.RaftServerConfigKeys (ConfUtils.java:logGet(43)) - raft.server.log.appender.install.snapshot.enabled = true (default)
2019-09-24 16:16:42,953 INFO  grpc.GrpcFactory (GrpcFactory.java:checkPooledByteBufAllocatorUseCacheForAllThreads(45)) - PERFORMANCE WARNING: useCacheForAllThreads is true that may cause Netty to create a lot garbage objects and, as a result, trigger GC.
	It is recommended to disable useCacheForAllThreads by setting -Dorg.apache.ratis.thirdparty.io.netty.allocator.useCacheForAllThreads=false in command line.
2019-09-24 16:16:42,953 INFO  impl.RaftServerImpl (ServerState.java:<init>(103)) - s0@group-E77E9FD8E08A: ConfigurationManager, init=-1: [s0:0.0.0.0:34097, s1:0.0.0.0:42213, s2:0.0.0.0:41839], old=null, confs=<EMPTY_MAP>
2019-09-24 16:16:42,953 INFO  grpc.GrpcConfigKeys$Server (ConfUtils.java:logGet(43)) - raft.grpc.server.port = 42213 (custom)
2019-09-24 16:16:42,953 INFO  server.RaftServerConfigKeys (ConfUtils.java:logGet(43)) - raft.server.storage.dir = [/workdir/ratis-test/target/test/data/9f1a7c06/MiniRaftClusterWithGrpc642c4063/s0] (custom)
2019-09-24 16:16:42,953 INFO  server.GrpcService (ConfUtils.java:logGet(43)) - raft.grpc.message.size.max = 64MB (=67108864) (default)
2019-09-24 16:16:42,954 INFO  server.RaftServerConfigKeys (ConfUtils.java:logGet(43)) - raft.server.log.appender.buffer.byte-limit = 4MB (=4194304) (default)
2019-09-24 16:16:42,954 INFO  server.RaftServerConfigKeys (ConfUtils.java:logGet(43)) - raft.server.log.corruption.policy = EXCEPTION (default)
2019-09-24 16:16:42,954 INFO  server.GrpcService (ConfUtils.java:logGet(43)) - raft.grpc.flow.control.window = 1MB (=1048576) (default)
2019-09-24 16:16:42,954 INFO  storage.RaftStorageDirectory (RaftStorageDirectory.java:analyzeStorage(246)) - The storage directory /workdir/ratis-test/target/test/data/9f1a7c06/MiniRaftClusterWithGrpc642c4063/s0/d79ae1dc-8d4c-4702-8acc-e77e9fd8e08a does not exist. Creating ...
2019-09-24 16:16:42,954 INFO  server.RaftServerConfigKeys (ConfUtils.java:logGet(43)) - raft.server.rpc.request.timeout = 3000ms (default)
2019-09-24 16:16:42,955 INFO  server.RaftServerConfigKeys (ConfUtils.java:logGet(43)) - raft.server.storage.dir = [/workdir/ratis-test/target/test/data/9f1a7c06/MiniRaftClusterWithGrpc642c4063/s1] (custom)
2019-09-24 16:16:42,955 TRACE util.FileUtils (LogUtils.java:runAndLog(61)) - Successfully ran Files.createDirectories /workdir/ratis-test/target/test/data/9f1a7c06/MiniRaftClusterWithGrpc642c4063/s0/d79ae1dc-8d4c-4702-8acc-e77e9fd8e08a
2019-09-24 16:16:42,955 INFO  impl.RaftServerProxy (RaftServerProxy.java:addNew(89)) - s1: addNew group-E77E9FD8E08A:[s0:0.0.0.0:34097, s1:0.0.0.0:42213, s2:0.0.0.0:41839] returns group-E77E9FD8E08A:java.util.concurrent.CompletableFuture@40018c49[Not completed]
2019-09-24 16:16:42,956 INFO  ratis.MiniRaftCluster (MiniRaftCluster.java:newRaftServer(330)) - newRaftServer: s2, group-E77E9FD8E08A:[s0:0.0.0.0:34097, s1:0.0.0.0:42213, s2:0.0.0.0:41839], format? true
2019-09-24 16:16:42,956 TRACE util.FileUtils (FileUtils.java:deleteFully(88)) - deleteFully target/test/data/9f1a7c06/MiniRaftClusterWithGrpc642c4063/s2
2019-09-24 16:16:42,956 INFO  impl.RaftServerImpl (RaftServerImpl.java:<init>(95)) - s1: new RaftServerImpl for group-E77E9FD8E08A:[s0:0.0.0.0:34097, s1:0.0.0.0:42213, s2:0.0.0.0:41839] with BaseStateMachine:uninitialized
2019-09-24 16:16:42,956 TRACE util.FileUtils (FileUtils.java:deleteFully(104)) - deleteFully: target/test/data/9f1a7c06/MiniRaftClusterWithGrpc642c4063/s2 does not exist.
2019-09-24 16:16:42,957 INFO  server.RaftServerConfigKeys (ConfUtils.java:logGet(43)) - raft.server.rpc.timeout.min = 150ms (default)
2019-09-24 16:16:42,957 INFO  ratis.MiniRaftCluster (MiniRaftCluster.java:newRaftServer(335)) - Formatted directory target/test/data/9f1a7c06/MiniRaftClusterWithGrpc642c4063/s2
2019-09-24 16:16:42,957 INFO  server.RaftServerConfigKeys (ConfUtils.java:logGet(43)) - raft.server.rpc.timeout.max = 300ms (default)
2019-09-24 16:16:42,957 INFO  impl.RaftServerProxy (ConfUtils.java:logGet(43)) - raft.rpc.type = GRPC (default)
2019-09-24 16:16:42,957 INFO  server.RaftServerConfigKeys (ConfUtils.java:logGet(43)) - raft.server.rpcslowness.timeout = 60s (default)
2019-09-24 16:16:42,957 INFO  grpc.GrpcFactory (GrpcFactory.java:checkPooledByteBufAllocatorUseCacheForAllThreads(45)) - PERFORMANCE WARNING: useCacheForAllThreads is true that may cause Netty to create a lot garbage objects and, as a result, trigger GC.
	It is recommended to disable useCacheForAllThreads by setting -Dorg.apache.ratis.thirdparty.io.netty.allocator.useCacheForAllThreads=false in command line.
2019-09-24 16:16:42,958 INFO  server.RaftServerConfigKeys (ConfUtils.java:logGet(43)) - raft.server.sleep.deviation.threshold = 300 (default)
2019-09-24 16:16:42,958 INFO  grpc.GrpcConfigKeys$Server (ConfUtils.java:logGet(43)) - raft.grpc.server.port = 41839 (custom)
2019-09-24 16:16:42,958 INFO  server.RaftServerConfigKeys (ConfUtils.java:logGet(43)) - raft.server.log.appender.install.snapshot.enabled = true (default)
2019-09-24 16:16:42,958 INFO  server.GrpcService (ConfUtils.java:logGet(43)) - raft.grpc.message.size.max = 64MB (=67108864) (default)
2019-09-24 16:16:42,958 INFO  impl.RaftServerImpl (ServerState.java:<init>(103)) - s1@group-E77E9FD8E08A: ConfigurationManager, init=-1: [s0:0.0.0.0:34097, s1:0.0.0.0:42213, s2:0.0.0.0:41839], old=null, confs=<EMPTY_MAP>
2019-09-24 16:16:42,958 INFO  server.RaftServerConfigKeys (ConfUtils.java:logGet(43)) - raft.server.log.appender.buffer.byte-limit = 4MB (=4194304) (default)
2019-09-24 16:16:42,959 INFO  server.RaftServerConfigKeys (ConfUtils.java:logGet(43)) - raft.server.storage.dir = [/workdir/ratis-test/target/test/data/9f1a7c06/MiniRaftClusterWithGrpc642c4063/s1] (custom)
2019-09-24 16:16:42,959 INFO  server.GrpcService (ConfUtils.java:logGet(43)) - raft.grpc.flow.control.window = 1MB (=1048576) (default)
2019-09-24 16:16:42,959 INFO  server.RaftServerConfigKeys (ConfUtils.java:logGet(43)) - raft.server.log.corruption.policy = EXCEPTION (default)
2019-09-24 16:16:42,959 INFO  server.RaftServerConfigKeys (ConfUtils.java:logGet(43)) - raft.server.rpc.request.timeout = 3000ms (default)
2019-09-24 16:16:42,959 INFO  storage.RaftStorageDirectory (RaftStorageDirectory.java:analyzeStorage(246)) - The storage directory /workdir/ratis-test/target/test/data/9f1a7c06/MiniRaftClusterWithGrpc642c4063/s1/d79ae1dc-8d4c-4702-8acc-e77e9fd8e08a does not exist. Creating ...
2019-09-24 16:16:42,960 INFO  server.RaftServerConfigKeys (ConfUtils.java:logGet(43)) - raft.server.storage.dir = [/workdir/ratis-test/target/test/data/9f1a7c06/MiniRaftClusterWithGrpc642c4063/s2] (custom)
2019-09-24 16:16:42,960 INFO  impl.RaftServerProxy (RaftServerProxy.java:addNew(89)) - s2: addNew group-E77E9FD8E08A:[s0:0.0.0.0:34097, s1:0.0.0.0:42213, s2:0.0.0.0:41839] returns group-E77E9FD8E08A:java.util.concurrent.CompletableFuture@8600668[Not completed]
2019-09-24 16:16:42,960 INFO  impl.RaftServerImpl (RaftServerImpl.java:<init>(95)) - s2: new RaftServerImpl for group-E77E9FD8E08A:[s0:0.0.0.0:34097, s1:0.0.0.0:42213, s2:0.0.0.0:41839] with BaseStateMachine:uninitialized
2019-09-24 16:16:42,960 TRACE util.FileUtils (LogUtils.java:runAndLog(61)) - Successfully ran Files.createDirectories /workdir/ratis-test/target/test/data/9f1a7c06/MiniRaftClusterWithGrpc642c4063/s1/d79ae1dc-8d4c-4702-8acc-e77e9fd8e08a
2019-09-24 16:16:42,961 INFO  server.RaftServerConfigKeys (ConfUtils.java:logGet(43)) - raft.server.rpc.timeout.min = 150ms (default)
2019-09-24 16:16:42,961 INFO  server.RaftServerConfigKeys (ConfUtils.java:logGet(43)) - raft.server.rpc.timeout.max = 300ms (default)
2019-09-24 16:16:42,961 INFO  server.RaftServerConfigKeys (ConfUtils.java:logGet(43)) - raft.server.rpcslowness.timeout = 60s (default)
2019-09-24 16:16:42,961 INFO  server.RaftServerConfigKeys (ConfUtils.java:logGet(43)) - raft.server.sleep.deviation.threshold = 300 (default)
2019-09-24 16:16:42,961 INFO  server.RaftServerConfigKeys (ConfUtils.java:logGet(43)) - raft.server.log.appender.install.snapshot.enabled = true (default)
2019-09-24 16:16:42,962 INFO  impl.RaftServerImpl (ServerState.java:<init>(103)) - s2@group-E77E9FD8E08A: ConfigurationManager, init=-1: [s0:0.0.0.0:34097, s1:0.0.0.0:42213, s2:0.0.0.0:41839], old=null, confs=<EMPTY_MAP>
2019-09-24 16:16:42,962 INFO  server.RaftServerConfigKeys (ConfUtils.java:logGet(43)) - raft.server.storage.dir = [/workdir/ratis-test/target/test/data/9f1a7c06/MiniRaftClusterWithGrpc642c4063/s2] (custom)
2019-09-24 16:16:42,962 INFO  server.RaftServerConfigKeys (ConfUtils.java:logGet(43)) - raft.server.log.corruption.policy = EXCEPTION (default)
2019-09-24 16:16:42,962 INFO  storage.RaftStorageDirectory (RaftStorageDirectory.java:analyzeStorage(246)) - The storage directory /workdir/ratis-test/target/test/data/9f1a7c06/MiniRaftClusterWithGrpc642c4063/s2/d79ae1dc-8d4c-4702-8acc-e77e9fd8e08a does not exist. Creating ...
2019-09-24 16:16:42,962 TRACE util.FileUtils (LogUtils.java:runAndLog(61)) - Successfully ran Files.createDirectories /workdir/ratis-test/target/test/data/9f1a7c06/MiniRaftClusterWithGrpc642c4063/s2/d79ae1dc-8d4c-4702-8acc-e77e9fd8e08a
2019-09-24 16:16:42,997 WARN  server.GrpcLogAppender (GrpcLogAppender.java:timeoutAppendRequest(200)) - s2@group-5C26748AB2B1->s0-GrpcLogAppender: appendEntries Timeout, request=s2->s0#889-t3, previous=(t:3, i:843), leaderCommit=740, initializing? false, entries: <empty>
2019-09-24 16:16:42,997 WARN  server.GrpcLogAppender (GrpcLogAppender.java:timeoutAppendRequest(200)) - s2@group-5C26748AB2B1->s1-GrpcLogAppender: appendEntries Timeout, request=s2->s1#1013-t3, previous=(t:3, i:843), leaderCommit=740, initializing? false, entries: <empty>
2019-09-24 16:16:43,073 WARN  server.GrpcLogAppender (GrpcLogAppender.java:timeoutAppendRequest(200)) - s2@group-5C26748AB2B1->s1-GrpcLogAppender: appendEntries Timeout, request=s2->s1#1014-t3, previous=(t:3, i:843), leaderCommit=740, initializing? false, entries: <empty>
2019-09-24 16:16:43,073 WARN  server.GrpcLogAppender (GrpcLogAppender.java:timeoutAppendRequest(200)) - s2@group-5C26748AB2B1->s0-GrpcLogAppender: appendEntries Timeout, request=s2->s0#890-t3, previous=(t:3, i:843), leaderCommit=740, initializing? false, entries: <empty>
2019-09-24 16:16:43,148 WARN  server.GrpcLogAppender (GrpcLogAppender.java:timeoutAppendRequest(200)) - s2@group-5C26748AB2B1->s0-GrpcLogAppender: appendEntries Timeout, request=s2->s0#891-t3, previous=(t:3, i:843), leaderCommit=740, initializing? false, entries: <empty>
2019-09-24 16:16:43,148 WARN  server.GrpcLogAppender (GrpcLogAppender.java:timeoutAppendRequest(200)) - s2@group-5C26748AB2B1->s1-GrpcLogAppender: appendEntries Timeout, request=s2->s1#1015-t3, previous=(t:3, i:843), leaderCommit=740, initializing? false, entries: <empty>
2019-09-24 16:16:43,223 WARN  server.GrpcLogAppender (GrpcLogAppender.java:timeoutAppendRequest(200)) - s2@group-5C26748AB2B1->s1-GrpcLogAppender: appendEntries Timeout, request=s2->s1#1016-t3, previous=(t:3, i:843), leaderCommit=740, initializing? false, entries: <empty>
2019-09-24 16:16:43,223 WARN  server.GrpcLogAppender (GrpcLogAppender.java:timeoutAppendRequest(200)) - s2@group-5C26748AB2B1->s0-GrpcLogAppender: appendEntries Timeout, request=s2->s0#892-t3, previous=(t:3, i:843), leaderCommit=740, initializing? false, entries: <empty>
2019-09-24 16:16:43,298 WARN  server.GrpcLogAppender (GrpcLogAppender.java:timeoutAppendRequest(200)) - s2@group-5C26748AB2B1->s1-GrpcLogAppender: appendEntries Timeout, request=s2->s1#1017-t3, previous=(t:3, i:843), leaderCommit=740, initializing? false, entries: <empty>
2019-09-24 16:16:43,298 WARN  server.GrpcLogAppender (GrpcLogAppender.java:timeoutAppendRequest(200)) - s2@group-5C26748AB2B1->s0-GrpcLogAppender: appendEntries Timeout, request=s2->s0#893-t3, previous=(t:3, i:843), leaderCommit=740, initializing? false, entries: <empty>
2019-09-24 16:16:43,374 WARN  server.GrpcLogAppender (GrpcLogAppender.java:timeoutAppendRequest(200)) - s2@group-5C26748AB2B1->s1-GrpcLogAppender: appendEntries Timeout, request=s2->s1#1018-t3, previous=(t:3, i:843), leaderCommit=740, initializing? false, entries: <empty>
2019-09-24 16:16:43,374 WARN  server.GrpcLogAppender (GrpcLogAppender.java:timeoutAppendRequest(200)) - s2@group-5C26748AB2B1->s0-GrpcLogAppender: appendEntries Timeout, request=s2->s0#894-t3, previous=(t:3, i:843), leaderCommit=740, initializing? false, entries: <empty>
2019-09-24 16:16:43,449 WARN  server.GrpcLogAppender (GrpcLogAppender.java:timeoutAppendRequest(200)) - s2@group-5C26748AB2B1->s1-GrpcLogAppender: appendEntries Timeout, request=s2->s1#1019-t3, previous=(t:3, i:843), leaderCommit=740, initializing? false, entries: <empty>
2019-09-24 16:16:43,449 WARN  server.GrpcLogAppender (GrpcLogAppender.java:timeoutAppendRequest(200)) - s2@group-5C26748AB2B1->s0-GrpcLogAppender: appendEntries Timeout, request=s2->s0#895-t3, previous=(t:3, i:843), leaderCommit=740, initializing? false, entries: <empty>
2019-09-24 16:16:43,524 WARN  server.GrpcLogAppender (GrpcLogAppender.java:timeoutAppendRequest(200)) - s2@group-5C26748AB2B1->s1-GrpcLogAppender: appendEntries Timeout, request=s2->s1#1020-t3, previous=(t:3, i:843), leaderCommit=740, initializing? false, entries: <empty>
2019-09-24 16:16:43,524 WARN  server.GrpcLogAppender (GrpcLogAppender.java:timeoutAppendRequest(200)) - s2@group-5C26748AB2B1->s0-GrpcLogAppender: appendEntries Timeout, request=s2->s0#896-t3, previous=(t:3, i:843), leaderCommit=740, initializing? false, entries: <empty>
2019-09-24 16:16:43,599 WARN  server.GrpcLogAppender (GrpcLogAppender.java:timeoutAppendRequest(200)) - s2@group-5C26748AB2B1->s1-GrpcLogAppender: appendEntries Timeout, request=s2->s1#1021-t3, previous=(t:3, i:843), leaderCommit=740, initializing? false, entries: <empty>
2019-09-24 16:16:43,599 WARN  server.GrpcLogAppender (GrpcLogAppender.java:timeoutAppendRequest(200)) - s2@group-5C26748AB2B1->s0-GrpcLogAppender: appendEntries Timeout, request=s2->s0#897-t3, previous=(t:3, i:843), leaderCommit=740, initializing? false, entries: <empty>
2019-09-24 16:16:43,675 WARN  server.GrpcLogAppender (GrpcLogAppender.java:timeoutAppendRequest(200)) - s2@group-5C26748AB2B1->s0-GrpcLogAppender: appendEntries Timeout, request=s2->s0#898-t3, previous=(t:3, i:843), leaderCommit=740, initializing? false, entries: <empty>
2019-09-24 16:16:43,675 WARN  server.GrpcLogAppender (GrpcLogAppender.java:timeoutAppendRequest(200)) - s2@group-5C26748AB2B1->s1-GrpcLogAppender: appendEntries Timeout, request=s2->s1#1022-t3, previous=(t:3, i:843), leaderCommit=740, initializing? false, entries: <empty>
2019-09-24 16:16:43,842 WARN  server.GrpcLogAppender (GrpcLogAppender.java:timeoutAppendRequest(200)) - s2@group-5C26748AB2B1->s0-GrpcLogAppender: appendEntries Timeout, request=s2->s0#899-t3, previous=(t:3, i:843), leaderCommit=740, initializing? false, entries: <empty>
2019-09-24 16:16:43,848 WARN  server.GrpcLogAppender (GrpcLogAppender.java:timeoutAppendRequest(200)) - s2@group-5C26748AB2B1->s1-GrpcLogAppender: appendEntries Timeout, request=s2->s1#1023-t3, previous=(t:3, i:843), leaderCommit=740, initializing? false, entries: <empty>
2019-09-24 16:16:43,917 WARN  server.GrpcLogAppender (GrpcLogAppender.java:timeoutAppendRequest(200)) - s2@group-5C26748AB2B1->s0-GrpcLogAppender: appendEntries Timeout, request=s2->s0#900-t3, previous=(t:3, i:843), leaderCommit=740, initializing? false, entries: <empty>
2019-09-24 16:16:43,924 WARN  server.GrpcLogAppender (GrpcLogAppender.java:timeoutAppendRequest(200)) - s2@group-5C26748AB2B1->s1-GrpcLogAppender: appendEntries Timeout, request=s2->s1#1024-t3, previous=(t:3, i:843), leaderCommit=740, initializing? false, entries: <empty>
2019-09-24 16:16:43,993 WARN  server.GrpcLogAppender (GrpcLogAppender.java:timeoutAppendRequest(200)) - s2@group-5C26748AB2B1->s0-GrpcLogAppender: appendEntries Timeout, request=s2->s0#901-t3, previous=(t:3, i:843), leaderCommit=740, initializing? false, entries: <empty>
2019-09-24 16:16:43,999 WARN  server.GrpcLogAppender (GrpcLogAppender.java:timeoutAppendRequest(200)) - s2@group-5C26748AB2B1->s1-GrpcLogAppender: appendEntries Timeout, request=s2->s1#1025-t3, previous=(t:3, i:843), leaderCommit=740, initializing? false, entries: <empty>
2019-09-24 16:16:44,068 WARN  server.GrpcLogAppender (GrpcLogAppender.java:timeoutAppendRequest(200)) - s2@group-5C26748AB2B1->s0-GrpcLogAppender: appendEntries Timeout, request=s2->s0#902-t3, previous=(t:3, i:843), leaderCommit=740, initializing? false, entries: <empty>
2019-09-24 16:16:44,074 WARN  server.GrpcLogAppender (GrpcLogAppender.java:timeoutAppendRequest(200)) - s2@group-5C26748AB2B1->s1-GrpcLogAppender: appendEntries Timeout, request=s2->s1#1026-t3, previous=(t:3, i:843), leaderCommit=740, initializing? false, entries: <empty>
2019-09-24 16:16:44,143 WARN  server.GrpcLogAppender (GrpcLogAppender.java:timeoutAppendRequest(200)) - s2@group-5C26748AB2B1->s0-GrpcLogAppender: appendEntries Timeout, request=s2->s0#903-t3, previous=(t:3, i:843), leaderCommit=740, initializing? false, entries: <empty>
2019-09-24 16:16:44,149 WARN  server.GrpcLogAppender (GrpcLogAppender.java:timeoutAppendRequest(200)) - s2@group-5C26748AB2B1->s1-GrpcLogAppender: appendEntries Timeout, request=s2->s1#1027-t3, previous=(t:3, i:843), leaderCommit=740, initializing? false, entries: <empty>
2019-09-24 16:16:44,218 WARN  server.GrpcLogAppender (GrpcLogAppender.java:timeoutAppendRequest(200)) - s2@group-5C26748AB2B1->s0-GrpcLogAppender: appendEntries Timeout, request=s2->s0#904-t3, previous=(t:3, i:843), leaderCommit=740, initializing? false, entries: <empty>
2019-09-24 16:16:44,224 WARN  server.GrpcLogAppender (GrpcLogAppender.java:timeoutAppendRequest(200)) - s2@group-5C26748AB2B1->s1-GrpcLogAppender: appendEntries Timeout, request=s2->s1#1028-t3, previous=(t:3, i:843), leaderCommit=740, initializing? false, entries: <empty>
2019-09-24 16:16:44,293 WARN  server.GrpcLogAppender (GrpcLogAppender.java:timeoutAppendRequest(200)) - s2@group-5C26748AB2B1->s0-GrpcLogAppender: appendEntries Timeout, request=s2->s0#905-t3, previous=(t:3, i:843), leaderCommit=740, initializing? false, entries: <empty>
2019-09-24 16:16:44,300 WARN  server.GrpcLogAppender (GrpcLogAppender.java:timeoutAppendRequest(200)) - s2@group-5C26748AB2B1->s1-GrpcLogAppender: appendEntries Timeout, request=s2->s1#1029-t3, previous=(t:3, i:843), leaderCommit=740, initializing? false, entries: <empty>
2019-09-24 16:16:44,368 WARN  server.GrpcLogAppender (GrpcLogAppender.java:timeoutAppendRequest(200)) - s2@group-5C26748AB2B1->s0-GrpcLogAppender: appendEntries Timeout, request=s2->s0#906-t3, previous=(t:3, i:843), leaderCommit=740, initializing? false, entries: <empty>
2019-09-24 16:16:44,375 WARN  server.GrpcLogAppender (GrpcLogAppender.java:timeoutAppendRequest(200)) - s2@group-5C26748AB2B1->s1-GrpcLogAppender: appendEntries Timeout, request=s2->s1#1030-t3, previous=(t:3, i:843), leaderCommit=740, initializing? false, entries: <empty>
2019-09-24 16:16:44,444 WARN  server.GrpcLogAppender (GrpcLogAppender.java:timeoutAppendRequest(200)) - s2@group-5C26748AB2B1->s0-GrpcLogAppender: appendEntries Timeout, request=s2->s0#907-t3, previous=(t:3, i:843), leaderCommit=740, initializing? false, entries: <empty>
2019-09-24 16:16:44,450 WARN  server.GrpcLogAppender (GrpcLogAppender.java:timeoutAppendRequest(200)) - s2@group-5C26748AB2B1->s1-GrpcLogAppender: appendEntries Timeout, request=s2->s1#1031-t3, previous=(t:3, i:843), leaderCommit=740, initializing? false, entries: <empty>
2019-09-24 16:16:44,510 DEBUG client.GrpcClientProtocolService (GrpcClientProtocolService.java:responseError(257)) - 21-OrderedRequestStreamObserver21: Failed onNext for client-EDB41257C35F->s2#511-512* in 21-OrderedRequestStreamObserver21
java.lang.IllegalStateException: Entry already exists for key 512 in map SlidingWindow$Server:21-OrderedRequestStreamObserver21:requests
	at org.apache.ratis.util.Preconditions.assertTrue(Preconditions.java:75)
	at org.apache.ratis.util.CollectionUtils.putNew(CollectionUtils.java:94)
	at org.apache.ratis.util.SlidingWindow$RequestMap.putNewRequest(SlidingWindow.java:126)
	at org.apache.ratis.util.SlidingWindow$Server.receivedRequest(SlidingWindow.java:420)
	at org.apache.ratis.grpc.client.GrpcClientProtocolService$OrderedRequestStreamObserver.processClientRequest(GrpcClientProtocolService.java:345)
	at org.apache.ratis.grpc.client.GrpcClientProtocolService$RequestStreamObserver.onNext(GrpcClientProtocolService.java:240)
	at org.apache.ratis.grpc.client.GrpcClientProtocolService$RequestStreamObserver.onNext(GrpcClientProtocolService.java:168)
	at org.apache.ratis.thirdparty.io.grpc.stub.ServerCalls$StreamingServerCallHandler$StreamingServerCallListener.onMessage(ServerCalls.java:248)
	at org.apache.ratis.thirdparty.io.grpc.internal.ServerCallImpl$ServerStreamListenerImpl.messagesAvailable(ServerCallImpl.java:263)
	at org.apache.ratis.thirdparty.io.grpc.internal.ServerImpl$JumpToApplicationThreadServerStreamListener$1MessagesAvailable.runInContext(ServerImpl.java:686)
	at org.apache.ratis.thirdparty.io.grpc.internal.ContextRunnable.run(ContextRunnable.java:37)
	at org.apache.ratis.thirdparty.io.grpc.internal.SerializingExecutor.run(SerializingExecutor.java:123)
	at java.util.concurrent.ThreadPoolExecutor.runWorker(ThreadPoolExecutor.java:1149)
	at java.util.concurrent.ThreadPoolExecutor$Worker.run(ThreadPoolExecutor.java:624)
	at java.lang.Thread.run(Thread.java:748)
2019-09-24 16:16:44,520 WARN  server.GrpcLogAppender (GrpcLogAppender.java:timeoutAppendRequest(200)) - s2@group-5C26748AB2B1->s0-GrpcLogAppender: appendEntries Timeout, request=s2->s0#908-t3, previous=(t:3, i:843), leaderCommit=740, initializing? false, entries: <empty>
2019-09-24 16:16:44,525 WARN  server.GrpcLogAppender (GrpcLogAppender.java:timeoutAppendRequest(200)) - s2@group-5C26748AB2B1->s1-GrpcLogAppender: appendEntries Timeout, request=s2->s1#1032-t3, previous=(t:3, i:843), leaderCommit=740, initializing? false, entries: <empty>
2019-09-24 16:16:44,594 WARN  server.GrpcLogAppender (GrpcLogAppender.java:timeoutAppendRequest(200)) - s2@group-5C26748AB2B1->s0-GrpcLogAppender: appendEntries Timeout, request=s2->s0#909-t3, previous=(t:3, i:843), leaderCommit=740, initializing? false, entries: <empty>
2019-09-24 16:16:44,601 WARN  server.GrpcLogAppender (GrpcLogAppender.java:timeoutAppendRequest(200)) - s2@group-5C26748AB2B1->s1-GrpcLogAppender: appendEntries Timeout, request=s2->s1#1033-t3, previous=(t:3, i:843), leaderCommit=740, initializing? false, entries: <empty>
2019-09-24 16:16:44,625 DEBUG client.GrpcClientProtocolService (GrpcClientProtocolService.java:<init>(175)) - new 2-OrderedRequestStreamObserver2
2019-09-24 16:16:44,627 DEBUG client.GrpcClientProtocolService (GrpcClientProtocolService.java:sendReply(353)) - 2-OrderedRequestStreamObserver2: sendReply seq=512, RaftClientReply:client-EDB41257C35F->s0@group-5C26748AB2B1, cid=511, FAILED org.apache.ratis.protocol.NotLeaderException: Server s0@group-5C26748AB2B1 is not the leader s2:0.0.0.0:34862, logIndex=0, commits[s0:c740, s1:c708, s2:c740]
2019-09-24 16:16:44,631 DEBUG client.GrpcClientProtocolService (GrpcClientProtocolService.java:close(374)) - 2-OrderedRequestStreamObserver2: close
2019-09-24 16:16:44,637 DEBUG client.GrpcClientProtocolService (GrpcClientProtocolService.java:<init>(175)) - new 22-OrderedRequestStreamObserver22
2019-09-24 16:16:44,669 WARN  server.GrpcLogAppender (GrpcLogAppender.java:timeoutAppendRequest(200)) - s2@group-5C26748AB2B1->s0-GrpcLogAppender: appendEntries Timeout, request=s2->s0#910-t3, previous=(t:3, i:843), leaderCommit=740, initializing? false, entries: <empty>
2019-09-24 16:16:44,676 WARN  server.GrpcLogAppender (GrpcLogAppender.java:timeoutAppendRequest(200)) - s2@group-5C26748AB2B1->s1-GrpcLogAppender: appendEntries Timeout, request=s2->s1#1034-t3, previous=(t:3, i:843), leaderCommit=740, initializing? false, entries: <empty>
2019-09-24 16:16:44,745 WARN  server.GrpcLogAppender (GrpcLogAppender.java:timeoutAppendRequest(200)) - s2@group-5C26748AB2B1->s0-GrpcLogAppender: appendEntries Timeout, request=s2->s0#911-t3, previous=(t:3, i:843), leaderCommit=740, initializing? false, entries: <empty>
2019-09-24 16:16:44,751 WARN  server.GrpcLogAppender (GrpcLogAppender.java:timeoutAppendRequest(200)) - s2@group-5C26748AB2B1->s1-GrpcLogAppender: appendEntries Timeout, request=s2->s1#1035-t3, previous=(t:3, i:843), leaderCommit=740, initializing? false, entries: <empty>
2019-09-24 16:16:44,820 WARN  server.GrpcLogAppender (GrpcLogAppender.java:timeoutAppendRequest(200)) - s2@group-5C26748AB2B1->s0-GrpcLogAppender: appendEntries Timeout, request=s2->s0#912-t3, previous=(t:3, i:843), leaderCommit=740, initializing? false, entries: <empty>
2019-09-24 16:16:44,826 WARN  server.GrpcLogAppender (GrpcLogAppender.java:timeoutAppendRequest(200)) - s2@group-5C26748AB2B1->s1-GrpcLogAppender: appendEntries Timeout, request=s2->s1#1036-t3, previous=(t:3, i:843), leaderCommit=740, initializing? false, entries: <empty>
2019-09-24 16:16:44,894 WARN  server.GrpcLogAppender (GrpcLogAppender.java:onNextImpl(251)) - s2@group-5C26748AB2B1->s1-AppendLogResponseHandler: Request not found, ignoring reply: s2<-s1#968:OK,SUCCESS,nextIndex:842,term:3,followerCommit:740
2019-09-24 16:16:44,894 WARN  server.GrpcLogAppender (GrpcLogAppender.java:onNextImpl(251)) - s2@group-5C26748AB2B1->s0-AppendLogResponseHandler: Request not found, ignoring reply: s2<-s0#843:OK,SUCCESS,nextIndex:842,term:3,followerCommit:740
2019-09-24 16:16:44,895 WARN  server.GrpcLogAppender (GrpcLogAppender.java:onNextImpl(251)) - s2@group-5C26748AB2B1->s1-AppendLogResponseHandler: Request not found, ignoring reply: s2<-s1#969:OK,SUCCESS,nextIndex:843,term:3,followerCommit:740
2019-09-24 16:16:44,895 WARN  server.GrpcLogAppender (GrpcLogAppender.java:onNextImpl(251)) - s2@group-5C26748AB2B1->s0-AppendLogResponseHandler: Request not found, ignoring reply: s2<-s0#844:OK,SUCCESS,nextIndex:843,term:3,followerCommit:740
2019-09-24 16:16:44,895 WARN  server.GrpcLogAppender (GrpcLogAppender.java:onNextImpl(251)) - s2@group-5C26748AB2B1->s1-AppendLogResponseHandler: Request not found, ignoring reply: s2<-s1#970:OK,SUCCESS,nextIndex:844,term:3,followerCommit:740
2019-09-24 16:16:44,895 WARN  server.GrpcLogAppender (GrpcLogAppender.java:timeoutAppendRequest(200)) - s2@group-5C26748AB2B1->s0-GrpcLogAppender: appendEntries Timeout, request=s2->s0#913-t3, previous=(t:3, i:843), leaderCommit=740, initializing? false, entries: <empty>
2019-09-24 16:16:44,895 WARN  server.GrpcLogAppender (GrpcLogAppender.java:onNextImpl(251)) - s2@group-5C26748AB2B1->s1-AppendLogResponseHandler: Request not found, ignoring reply: s2<-s1#971:OK,SUCCESS,nextIndex:844,term:3,followerCommit:739
2019-09-24 16:16:44,895 WARN  server.GrpcLogAppender (GrpcLogAppender.java:onNextImpl(251)) - s2@group-5C26748AB2B1->s0-AppendLogResponseHandler: Request not found, ignoring reply: s2<-s0#845:OK,SUCCESS,nextIndex:844,term:3,followerCommit:740
2019-09-24 16:16:44,896 WARN  server.GrpcLogAppender (GrpcLogAppender.java:onNextImpl(251)) - s2@group-5C26748AB2B1->s1-AppendLogResponseHandler: Request not found, ignoring reply: s2<-s1#972:OK,SUCCESS,nextIndex:844,term:3,followerCommit:739
2019-09-24 16:16:44,896 WARN  server.GrpcLogAppender (GrpcLogAppender.java:onNextImpl(251)) - s2@group-5C26748AB2B1->s0-AppendLogResponseHandler: Request not found, ignoring reply: s2<-s0#846:OK,SUCCESS,nextIndex:844,term:3,followerCommit:740
2019-09-24 16:16:44,896 WARN  server.GrpcLogAppender (GrpcLogAppender.java:onNextImpl(251)) - s2@group-5C26748AB2B1->s1-AppendLogResponseHandler: Request not found, ignoring reply: s2<-s1#973:OK,SUCCESS,nextIndex:844,term:3,followerCommit:739
2019-09-24 16:16:44,896 WARN  server.GrpcLogAppender (GrpcLogAppender.java:onNextImpl(251)) - s2@group-5C26748AB2B1->s0-AppendLogResponseHandler: Request not found, ignoring reply: s2<-s0#847:OK,SUCCESS,nextIndex:844,term:3,followerCommit:740
2019-09-24 16:16:44,896 WARN  server.GrpcLogAppender (GrpcLogAppender.java:onNextImpl(251)) - s2@group-5C26748AB2B1->s1-AppendLogResponseHandler: Request not found, ignoring reply: s2<-s1#974:OK,SUCCESS,nextIndex:844,term:3,followerCommit:739
2019-09-24 16:16:44,896 WARN  server.GrpcLogAppender (GrpcLogAppender.java:onNextImpl(251)) - s2@group-5C26748AB2B1->s0-AppendLogResponseHandler: Request not found, ignoring reply: s2<-s0#848:OK,SUCCESS,nextIndex:844,term:3,followerCommit:740
2019-09-24 16:16:44,897 WARN  server.GrpcLogAppender (GrpcLogAppender.java:onNextImpl(251)) - s2@group-5C26748AB2B1->s1-AppendLogResponseHandler: Request not found, ignoring reply: s2<-s1#975:OK,SUCCESS,nextIndex:844,term:3,followerCommit:739
2019-09-24 16:16:44,897 WARN  server.GrpcLogAppender (GrpcLogAppender.java:onNextImpl(251)) - s2@group-5C26748AB2B1->s0-AppendLogResponseHandler: Request not found, ignoring reply: s2<-s0#849:OK,SUCCESS,nextIndex:844,term:3,followerCommit:740
2019-09-24 16:16:44,897 WARN  server.GrpcLogAppender (GrpcLogAppender.java:onNextImpl(251)) - s2@group-5C26748AB2B1->s1-AppendLogResponseHandler: Request not found, ignoring reply: s2<-s1#976:OK,SUCCESS,nextIndex:844,term:3,followerCommit:739
2019-09-24 16:16:44,897 WARN  server.GrpcLogAppender (GrpcLogAppender.java:onNextImpl(251)) - s2@group-5C26748AB2B1->s0-AppendLogResponseHandler: Request not found, ignoring reply: s2<-s0#850:OK,SUCCESS,nextIndex:844,term:3,followerCommit:740
2019-09-24 16:16:44,897 WARN  server.GrpcLogAppender (GrpcLogAppender.java:onNextImpl(251)) - s2@group-5C26748AB2B1->s1-AppendLogResponseHandler: Request not found, ignoring reply: s2<-s1#977:OK,SUCCESS,nextIndex:844,term:3,followerCommit:739
2019-09-24 16:16:44,897 WARN  server.GrpcLogAppender (GrpcLogAppender.java:onNextImpl(251)) - s2@group-5C26748AB2B1->s0-AppendLogResponseHandler: Request not found, ignoring reply: s2<-s0#851:OK,SUCCESS,nextIndex:844,term:3,followerCommit:740
2019-09-24 16:16:44,897 WARN  server.GrpcLogAppender (GrpcLogAppender.java:onNextImpl(251)) - s2@group-5C26748AB2B1->s1-AppendLogResponseHandler: Request not found, ignoring reply: s2<-s1#978:OK,SUCCESS,nextIndex:844,term:3,followerCommit:739
2019-09-24 16:16:44,898 WARN  server.GrpcLogAppender (GrpcLogAppender.java:onNextImpl(251)) - s2@group-5C26748AB2B1->s0-AppendLogResponseHandler: Request not found, ignoring reply: s2<-s0#852:OK,SUCCESS,nextIndex:844,term:3,followerCommit:740
2019-09-24 16:16:44,898 WARN  server.GrpcLogAppender (GrpcLogAppender.java:onNextImpl(251)) - s2@group-5C26748AB2B1->s1-AppendLogResponseHandler: Request not found, ignoring reply: s2<-s1#979:OK,SUCCESS,nextIndex:844,term:3,followerCommit:739
2019-09-24 16:16:44,898 WARN  server.GrpcLogAppender (GrpcLogAppender.java:onNextImpl(251)) - s2@group-5C26748AB2B1->s0-AppendLogResponseHandler: Request not found, ignoring reply: s2<-s0#853:OK,SUCCESS,nextIndex:844,term:3,followerCommit:740
2019-09-24 16:16:44,898 WARN  server.GrpcLogAppender (GrpcLogAppender.java:onNextImpl(251)) - s2@group-5C26748AB2B1->s1-AppendLogResponseHandler: Request not found, ignoring reply: s2<-s1#980:OK,SUCCESS,nextIndex:844,term:3,followerCommit:739
2019-09-24 16:16:44,898 WARN  server.GrpcLogAppender (GrpcLogAppender.java:onNextImpl(251)) - s2@group-5C26748AB2B1->s0-AppendLogResponseHandler: Request not found, ignoring reply: s2<-s0#854:OK,SUCCESS,nextIndex:844,term:3,followerCommit:740
2019-09-24 16:16:44,898 WARN  server.GrpcLogAppender (GrpcLogAppender.java:onNextImpl(251)) - s2@group-5C26748AB2B1->s1-AppendLogResponseHandler: Request not found, ignoring reply: s2<-s1#981:OK,SUCCESS,nextIndex:844,term:3,followerCommit:739
2019-09-24 16:16:44,898 WARN  server.GrpcLogAppender (GrpcLogAppender.java:onNextImpl(251)) - s2@group-5C26748AB2B1->s0-AppendLogResponseHandler: Request not found, ignoring reply: s2<-s0#855:OK,SUCCESS,nextIndex:844,term:3,followerCommit:740
2019-09-24 16:16:44,899 WARN  server.GrpcLogAppender (GrpcLogAppender.java:onNextImpl(251)) - s2@group-5C26748AB2B1->s1-AppendLogResponseHandler: Request not found, ignoring reply: s2<-s1#982:OK,SUCCESS,nextIndex:844,term:3,followerCommit:739
2019-09-24 16:16:44,899 WARN  server.GrpcLogAppender (GrpcLogAppender.java:onNextImpl(251)) - s2@group-5C26748AB2B1->s0-AppendLogResponseHandler: Request not found, ignoring reply: s2<-s0#856:OK,SUCCESS,nextIndex:844,term:3,followerCommit:740
2019-09-24 16:16:44,899 WARN  server.GrpcLogAppender (GrpcLogAppender.java:onNextImpl(251)) - s2@group-5C26748AB2B1->s1-AppendLogResponseHandler: Request not found, ignoring reply: s2<-s1#983:OK,SUCCESS,nextIndex:844,term:3,followerCommit:739
2019-09-24 16:16:44,899 WARN  server.GrpcLogAppender (GrpcLogAppender.java:onNextImpl(251)) - s2@group-5C26748AB2B1->s0-AppendLogResponseHandler: Request not found, ignoring reply: s2<-s0#857:OK,SUCCESS,nextIndex:844,term:3,followerCommit:740
2019-09-24 16:16:44,899 WARN  server.GrpcLogAppender (GrpcLogAppender.java:onNextImpl(251)) - s2@group-5C26748AB2B1->s1-AppendLogResponseHandler: Request not found, ignoring reply: s2<-s1#984:OK,SUCCESS,nextIndex:844,term:3,followerCommit:739
2019-09-24 16:16:44,899 WARN  server.GrpcLogAppender (GrpcLogAppender.java:onNextImpl(251)) - s2@group-5C26748AB2B1->s0-AppendLogResponseHandler: Request not found, ignoring reply: s2<-s0#858:OK,SUCCESS,nextIndex:844,term:3,followerCommit:740
2019-09-24 16:16:44,899 WARN  server.GrpcLogAppender (GrpcLogAppender.java:onNextImpl(251)) - s2@group-5C26748AB2B1->s1-AppendLogResponseHandler: Request not found, ignoring reply: s2<-s1#985:OK,SUCCESS,nextIndex:844,term:3,followerCommit:739
2019-09-24 16:16:44,900 WARN  server.GrpcLogAppender (GrpcLogAppender.java:onNextImpl(251)) - s2@group-5C26748AB2B1->s0-AppendLogResponseHandler: Request not found, ignoring reply: s2<-s0#859:OK,SUCCESS,nextIndex:844,term:3,followerCommit:740
2019-09-24 16:16:44,900 WARN  server.GrpcLogAppender (GrpcLogAppender.java:onNextImpl(251)) - s2@group-5C26748AB2B1->s1-AppendLogResponseHandler: Request not found, ignoring reply: s2<-s1#986:OK,SUCCESS,nextIndex:844,term:3,followerCommit:739
2019-09-24 16:16:44,900 WARN  server.GrpcLogAppender (GrpcLogAppender.java:onNextImpl(251)) - s2@group-5C26748AB2B1->s0-AppendLogResponseHandler: Request not found, ignoring reply: s2<-s0#860:OK,SUCCESS,nextIndex:844,term:3,followerCommit:740
2019-09-24 16:16:44,900 WARN  server.GrpcLogAppender (GrpcLogAppender.java:onNextImpl(251)) - s2@group-5C26748AB2B1->s1-AppendLogResponseHandler: Request not found, ignoring reply: s2<-s1#987:OK,SUCCESS,nextIndex:844,term:3,followerCommit:739
2019-09-24 16:16:44,900 WARN  server.GrpcLogAppender (GrpcLogAppender.java:onNextImpl(251)) - s2@group-5C26748AB2B1->s0-AppendLogResponseHandler: Request not found, ignoring reply: s2<-s0#861:OK,SUCCESS,nextIndex:844,term:3,followerCommit:740
2019-09-24 16:16:44,900 WARN  server.GrpcLogAppender (GrpcLogAppender.java:onNextImpl(251)) - s2@group-5C26748AB2B1->s1-AppendLogResponseHandler: Request not found, ignoring reply: s2<-s1#988:OK,SUCCESS,nextIndex:844,term:3,followerCommit:739
2019-09-24 16:16:44,900 WARN  server.GrpcLogAppender (GrpcLogAppender.java:onNextImpl(251)) - s2@group-5C26748AB2B1->s0-AppendLogResponseHandler: Request not found, ignoring reply: s2<-s0#862:OK,SUCCESS,nextIndex:844,term:3,followerCommit:740
2019-09-24 16:16:44,901 WARN  server.GrpcLogAppender (GrpcLogAppender.java:onNextImpl(251)) - s2@group-5C26748AB2B1->s1-AppendLogResponseHandler: Request not found, ignoring reply: s2<-s1#989:OK,SUCCESS,nextIndex:844,term:3,followerCommit:739
2019-09-24 16:16:44,901 WARN  server.GrpcLogAppender (GrpcLogAppender.java:onNextImpl(251)) - s2@group-5C26748AB2B1->s0-AppendLogResponseHandler: Request not found, ignoring reply: s2<-s0#863:OK,SUCCESS,nextIndex:844,term:3,followerCommit:740
2019-09-24 16:16:44,901 WARN  server.GrpcLogAppender (GrpcLogAppender.java:onNextImpl(251)) - s2@group-5C26748AB2B1->s1-AppendLogResponseHandler: Request not found, ignoring reply: s2<-s1#990:OK,SUCCESS,nextIndex:844,term:3,followerCommit:739
2019-09-24 16:16:44,901 WARN  server.GrpcLogAppender (GrpcLogAppender.java:onNextImpl(251)) - s2@group-5C26748AB2B1->s0-AppendLogResponseHandler: Request not found, ignoring reply: s2<-s0#864:OK,SUCCESS,nextIndex:844,term:3,followerCommit:740
2019-09-24 16:16:44,901 WARN  server.GrpcLogAppender (GrpcLogAppender.java:onNextImpl(251)) - s2@group-5C26748AB2B1->s1-AppendLogResponseHandler: Request not found, ignoring reply: s2<-s1#991:OK,SUCCESS,nextIndex:844,term:3,followerCommit:739
2019-09-24 16:16:44,901 WARN  server.GrpcLogAppender (GrpcLogAppender.java:onNextImpl(251)) - s2@group-5C26748AB2B1->s0-AppendLogResponseHandler: Request not found, ignoring reply: s2<-s0#865:OK,SUCCESS,nextIndex:844,term:3,followerCommit:740
2019-09-24 16:16:44,901 WARN  server.GrpcLogAppender (GrpcLogAppender.java:timeoutAppendRequest(200)) - s2@group-5C26748AB2B1->s1-GrpcLogAppender: appendEntries Timeout, request=s2->s1#1037-t3, previous=(t:3, i:843), leaderCommit=740, initializing? false, entries: <empty>
2019-09-24 16:16:44,901 WARN  server.GrpcLogAppender (GrpcLogAppender.java:onNextImpl(251)) - s2@group-5C26748AB2B1->s1-AppendLogResponseHandler: Request not found, ignoring reply: s2<-s1#992:OK,SUCCESS,nextIndex:844,term:3,followerCommit:739
2019-09-24 16:16:44,901 WARN  server.GrpcLogAppender (GrpcLogAppender.java:onNextImpl(251)) - s2@group-5C26748AB2B1->s0-AppendLogResponseHandler: Request not found, ignoring reply: s2<-s0#866:OK,SUCCESS,nextIndex:844,term:3,followerCommit:740
2019-09-24 16:16:44,902 WARN  server.GrpcLogAppender (GrpcLogAppender.java:onNextImpl(251)) - s2@group-5C26748AB2B1->s1-AppendLogResponseHandler: Request not found, ignoring reply: s2<-s1#993:OK,SUCCESS,nextIndex:844,term:3,followerCommit:739
2019-09-24 16:16:44,902 WARN  server.GrpcLogAppender (GrpcLogAppender.java:onNextImpl(251)) - s2@group-5C26748AB2B1->s0-AppendLogResponseHandler: Request not found, ignoring reply: s2<-s0#867:OK,SUCCESS,nextIndex:844,term:3,followerCommit:740
2019-09-24 16:16:44,902 WARN  server.GrpcLogAppender (GrpcLogAppender.java:onNextImpl(251)) - s2@group-5C26748AB2B1->s1-AppendLogResponseHandler: Request not found, ignoring reply: s2<-s1#994:OK,SUCCESS,nextIndex:844,term:3,followerCommit:739
2019-09-24 16:16:44,902 WARN  server.GrpcLogAppender (GrpcLogAppender.java:onNextImpl(251)) - s2@group-5C26748AB2B1->s0-AppendLogResponseHandler: Request not found, ignoring reply: s2<-s0#868:OK,SUCCESS,nextIndex:844,term:3,followerCommit:740
2019-09-24 16:16:44,902 WARN  server.GrpcLogAppender (GrpcLogAppender.java:onNextImpl(251)) - s2@group-5C26748AB2B1->s1-AppendLogResponseHandler: Request not found, ignoring reply: s2<-s1#995:OK,SUCCESS,nextIndex:844,term:3,followerCommit:739
2019-09-24 16:16:44,902 WARN  server.GrpcLogAppender (GrpcLogAppender.java:onNextImpl(251)) - s2@group-5C26748AB2B1->s0-AppendLogResponseHandler: Request not found, ignoring reply: s2<-s0#869:OK,SUCCESS,nextIndex:844,term:3,followerCommit:740
2019-09-24 16:16:44,903 WARN  server.GrpcLogAppender (GrpcLogAppender.java:onNextImpl(251)) - s2@group-5C26748AB2B1->s1-AppendLogResponseHandler: Request not found, ignoring reply: s2<-s1#996:OK,SUCCESS,nextIndex:844,term:3,followerCommit:739
2019-09-24 16:16:44,903 WARN  server.GrpcLogAppender (GrpcLogAppender.java:onNextImpl(251)) - s2@group-5C26748AB2B1->s0-AppendLogResponseHandler: Request not found, ignoring reply: s2<-s0#870:OK,SUCCESS,nextIndex:844,term:3,followerCommit:740
2019-09-24 16:16:44,903 WARN  server.GrpcLogAppender (GrpcLogAppender.java:onNextImpl(251)) - s2@group-5C26748AB2B1->s1-AppendLogResponseHandler: Request not found, ignoring reply: s2<-s1#997:OK,SUCCESS,nextIndex:844,term:3,followerCommit:739
2019-09-24 16:16:44,903 WARN  server.GrpcLogAppender (GrpcLogAppender.java:onNextImpl(251)) - s2@group-5C26748AB2B1->s0-AppendLogResponseHandler: Request not found, ignoring reply: s2<-s0#871:OK,SUCCESS,nextIndex:844,term:3,followerCommit:740
2019-09-24 16:16:44,903 WARN  server.GrpcLogAppender (GrpcLogAppender.java:onNextImpl(251)) - s2@group-5C26748AB2B1->s1-AppendLogResponseHandler: Request not found, ignoring reply: s2<-s1#998:OK,SUCCESS,nextIndex:844,term:3,followerCommit:739
2019-09-24 16:16:44,903 WARN  server.GrpcLogAppender (GrpcLogAppender.java:onNextImpl(251)) - s2@group-5C26748AB2B1->s0-AppendLogResponseHandler: Request not found, ignoring reply: s2<-s0#872:OK,SUCCESS,nextIndex:844,term:3,followerCommit:740
2019-09-24 16:16:44,903 WARN  server.GrpcLogAppender (GrpcLogAppender.java:onNextImpl(251)) - s2@group-5C26748AB2B1->s1-AppendLogResponseHandler: Request not found, ignoring reply: s2<-s1#999:OK,SUCCESS,nextIndex:844,term:3,followerCommit:739
2019-09-24 16:16:44,903 WARN  server.GrpcLogAppender (GrpcLogAppender.java:onNextImpl(251)) - s2@group-5C26748AB2B1->s0-AppendLogResponseHandler: Request not found, ignoring reply: s2<-s0#873:OK,SUCCESS,nextIndex:844,term:3,followerCommit:740
2019-09-24 16:16:44,904 WARN  server.GrpcLogAppender (GrpcLogAppender.java:onNextImpl(251)) - s2@group-5C26748AB2B1->s1-AppendLogResponseHandler: Request not found, ignoring reply: s2<-s1#1000:OK,SUCCESS,nextIndex:844,term:3,followerCommit:739
2019-09-24 16:16:44,904 WARN  server.GrpcLogAppender (GrpcLogAppender.java:onNextImpl(251)) - s2@group-5C26748AB2B1->s0-AppendLogResponseHandler: Request not found, ignoring reply: s2<-s0#874:OK,SUCCESS,nextIndex:844,term:3,followerCommit:740
2019-09-24 16:16:44,904 WARN  server.GrpcLogAppender (GrpcLogAppender.java:onNextImpl(251)) - s2@group-5C26748AB2B1->s1-AppendLogResponseHandler: Request not found, ignoring reply: s2<-s1#1001:OK,SUCCESS,nextIndex:844,term:3,followerCommit:739
2019-09-24 16:16:44,904 WARN  server.GrpcLogAppender (GrpcLogAppender.java:onNextImpl(251)) - s2@group-5C26748AB2B1->s0-AppendLogResponseHandler: Request not found, ignoring reply: s2<-s0#875:OK,SUCCESS,nextIndex:844,term:3,followerCommit:740
2019-09-24 16:16:44,904 WARN  server.GrpcLogAppender (GrpcLogAppender.java:onNextImpl(251)) - s2@group-5C26748AB2B1->s1-AppendLogResponseHandler: Request not found, ignoring reply: s2<-s1#1002:OK,SUCCESS,nextIndex:844,term:3,followerCommit:739
2019-09-24 16:16:44,904 WARN  server.GrpcLogAppender (GrpcLogAppender.java:onNextImpl(251)) - s2@group-5C26748AB2B1->s0-AppendLogResponseHandler: Request not found, ignoring reply: s2<-s0#876:OK,SUCCESS,nextIndex:844,term:3,followerCommit:740
2019-09-24 16:16:44,905 WARN  server.GrpcLogAppender (GrpcLogAppender.java:onNextImpl(251)) - s2@group-5C26748AB2B1->s1-AppendLogResponseHandler: Request not found, ignoring reply: s2<-s1#1003:OK,SUCCESS,nextIndex:844,term:3,followerCommit:739
2019-09-24 16:16:44,905 WARN  server.GrpcLogAppender (GrpcLogAppender.java:onNextImpl(251)) - s2@group-5C26748AB2B1->s0-AppendLogResponseHandler: Request not found, ignoring reply: s2<-s0#877:OK,SUCCESS,nextIndex:844,term:3,followerCommit:740
2019-09-24 16:16:44,905 WARN  server.GrpcLogAppender (GrpcLogAppender.java:onNextImpl(251)) - s2@group-5C26748AB2B1->s1-AppendLogResponseHandler: Request not found, ignoring reply: s2<-s1#1004:OK,SUCCESS,nextIndex:844,term:3,followerCommit:739
2019-09-24 16:16:44,905 WARN  server.GrpcLogAppender (GrpcLogAppender.java:onNextImpl(251)) - s2@group-5C26748AB2B1->s0-AppendLogResponseHandler: Request not found, ignoring reply: s2<-s0#878:OK,SUCCESS,nextIndex:844,term:3,followerCommit:740
2019-09-24 16:16:44,905 WARN  server.GrpcLogAppender (GrpcLogAppender.java:onNextImpl(251)) - s2@group-5C26748AB2B1->s1-AppendLogResponseHandler: Request not found, ignoring reply: s2<-s1#1005:OK,SUCCESS,nextIndex:844,term:3,followerCommit:739
2019-09-24 16:16:44,905 WARN  server.GrpcLogAppender (GrpcLogAppender.java:onNextImpl(251)) - s2@group-5C26748AB2B1->s0-AppendLogResponseHandler: Request not found, ignoring reply: s2<-s0#879:OK,SUCCESS,nextIndex:844,term:3,followerCommit:740
2019-09-24 16:16:44,905 WARN  server.GrpcLogAppender (GrpcLogAppender.java:onNextImpl(251)) - s2@group-5C26748AB2B1->s1-AppendLogResponseHandler: Request not found, ignoring reply: s2<-s1#1006:OK,SUCCESS,nextIndex:844,term:3,followerCommit:739
2019-09-24 16:16:44,906 WARN  server.GrpcLogAppender (GrpcLogAppender.java:onNextImpl(251)) - s2@group-5C26748AB2B1->s0-AppendLogResponseHandler: Request not found, ignoring reply: s2<-s0#880:OK,SUCCESS,nextIndex:844,term:3,followerCommit:740
2019-09-24 16:16:44,906 WARN  server.GrpcLogAppender (GrpcLogAppender.java:onNextImpl(251)) - s2@group-5C26748AB2B1->s1-AppendLogResponseHandler: Request not found, ignoring reply: s2<-s1#1007:OK,SUCCESS,nextIndex:844,term:3,followerCommit:739
2019-09-24 16:16:44,906 WARN  server.GrpcLogAppender (GrpcLogAppender.java:onNextImpl(251)) - s2@group-5C26748AB2B1->s0-AppendLogResponseHandler: Request not found, ignoring reply: s2<-s0#881:OK,SUCCESS,nextIndex:844,term:3,followerCommit:740
2019-09-24 16:16:44,906 WARN  server.GrpcLogAppender (GrpcLogAppender.java:onNextImpl(251)) - s2@group-5C26748AB2B1->s1-AppendLogResponseHandler: Request not found, ignoring reply: s2<-s1#1008:OK,SUCCESS,nextIndex:844,term:3,followerCommit:739
2019-09-24 16:16:44,906 WARN  server.GrpcLogAppender (GrpcLogAppender.java:onNextImpl(251)) - s2@group-5C26748AB2B1->s0-AppendLogResponseHandler: Request not found, ignoring reply: s2<-s0#882:OK,SUCCESS,nextIndex:844,term:3,followerCommit:740
2019-09-24 16:16:44,906 WARN  server.GrpcLogAppender (GrpcLogAppender.java:onNextImpl(251)) - s2@group-5C26748AB2B1->s1-AppendLogResponseHandler: Request not found, ignoring reply: s2<-s1#1009:OK,SUCCESS,nextIndex:844,term:3,followerCommit:739
2019-09-24 16:16:44,906 WARN  server.GrpcLogAppender (GrpcLogAppender.java:onNextImpl(251)) - s2@group-5C26748AB2B1->s0-AppendLogResponseHandler: Request not found, ignoring reply: s2<-s0#883:OK,SUCCESS,nextIndex:844,term:3,followerCommit:740
2019-09-24 16:16:44,907 WARN  server.GrpcLogAppender (GrpcLogAppender.java:onNextImpl(251)) - s2@group-5C26748AB2B1->s1-AppendLogResponseHandler: Request not found, ignoring reply: s2<-s1#1010:OK,SUCCESS,nextIndex:844,term:3,followerCommit:739
2019-09-24 16:16:44,907 WARN  server.GrpcLogAppender (GrpcLogAppender.java:onNextImpl(251)) - s2@group-5C26748AB2B1->s0-AppendLogResponseHandler: Request not found, ignoring reply: s2<-s0#884:OK,SUCCESS,nextIndex:844,term:3,followerCommit:740
2019-09-24 16:16:44,907 WARN  server.GrpcLogAppender (GrpcLogAppender.java:onNextImpl(251)) - s2@group-5C26748AB2B1->s1-AppendLogResponseHandler: Request not found, ignoring reply: s2<-s1#1011:OK,SUCCESS,nextIndex:844,term:3,followerCommit:739
2019-09-24 16:16:44,907 WARN  server.GrpcLogAppender (GrpcLogAppender.java:onNextImpl(251)) - s2@group-5C26748AB2B1->s0-AppendLogResponseHandler: Request not found, ignoring reply: s2<-s0#885:OK,SUCCESS,nextIndex:844,term:3,followerCommit:740
2019-09-24 16:16:44,907 WARN  server.GrpcLogAppender (GrpcLogAppender.java:onNextImpl(251)) - s2@group-5C26748AB2B1->s1-AppendLogResponseHandler: Request not found, ignoring reply: s2<-s1#1012:OK,SUCCESS,nextIndex:844,term:3,followerCommit:739
2019-09-24 16:16:44,907 WARN  server.GrpcLogAppender (GrpcLogAppender.java:onNextImpl(251)) - s2@group-5C26748AB2B1->s0-AppendLogResponseHandler: Request not found, ignoring reply: s2<-s0#886:OK,SUCCESS,nextIndex:844,term:3,followerCommit:740
2019-09-24 16:16:44,907 WARN  server.GrpcLogAppender (GrpcLogAppender.java:onNextImpl(251)) - s2@group-5C26748AB2B1->s1-AppendLogResponseHandler: Request not found, ignoring reply: s2<-s1#1013:OK,SUCCESS,nextIndex:844,term:3,followerCommit:739
2019-09-24 16:16:44,908 WARN  server.GrpcLogAppender (GrpcLogAppender.java:onNextImpl(251)) - s2@group-5C26748AB2B1->s0-AppendLogResponseHandler: Request not found, ignoring reply: s2<-s0#887:OK,SUCCESS,nextIndex:844,term:3,followerCommit:740
2019-09-24 16:16:44,908 WARN  server.GrpcLogAppender (GrpcLogAppender.java:onNextImpl(251)) - s2@group-5C26748AB2B1->s1-AppendLogResponseHandler: Request not found, ignoring reply: s2<-s1#1014:OK,SUCCESS,nextIndex:844,term:3,followerCommit:739
2019-09-24 16:16:44,908 WARN  server.GrpcLogAppender (GrpcLogAppender.java:onNextImpl(251)) - s2@group-5C26748AB2B1->s0-AppendLogResponseHandler: Request not found, ignoring reply: s2<-s0#888:OK,SUCCESS,nextIndex:844,term:3,followerCommit:740
2019-09-24 16:16:44,908 WARN  server.GrpcLogAppender (GrpcLogAppender.java:onNextImpl(251)) - s2@group-5C26748AB2B1->s1-AppendLogResponseHandler: Request not found, ignoring reply: s2<-s1#1015:OK,SUCCESS,nextIndex:844,term:3,followerCommit:739
2019-09-24 16:16:44,908 WARN  server.GrpcLogAppender (GrpcLogAppender.java:onNextImpl(251)) - s2@group-5C26748AB2B1->s0-AppendLogResponseHandler: Request not found, ignoring reply: s2<-s0#889:OK,SUCCESS,nextIndex:844,term:3,followerCommit:740
2019-09-24 16:16:44,908 WARN  server.GrpcLogAppender (GrpcLogAppender.java:onNextImpl(251)) - s2@group-5C26748AB2B1->s1-AppendLogResponseHandler: Request not found, ignoring reply: s2<-s1#1016:OK,SUCCESS,nextIndex:844,term:3,followerCommit:739
2019-09-24 16:16:44,908 WARN  server.GrpcLogAppender (GrpcLogAppender.java:onNextImpl(251)) - s2@group-5C26748AB2B1->s0-AppendLogResponseHandler: Request not found, ignoring reply: s2<-s0#890:OK,SUCCESS,nextIndex:844,term:3,followerCommit:740
2019-09-24 16:16:44,909 WARN  server.GrpcLogAppender (GrpcLogAppender.java:onNextImpl(251)) - s2@group-5C26748AB2B1->s1-AppendLogResponseHandler: Request not found, ignoring reply: s2<-s1#1017:OK,SUCCESS,nextIndex:844,term:3,followerCommit:739
2019-09-24 16:16:44,909 WARN  server.GrpcLogAppender (GrpcLogAppender.java:onNextImpl(251)) - s2@group-5C26748AB2B1->s0-AppendLogResponseHandler: Request not found, ignoring reply: s2<-s0#891:OK,SUCCESS,nextIndex:844,term:3,followerCommit:740
2019-09-24 16:16:44,909 WARN  server.GrpcLogAppender (GrpcLogAppender.java:onNextImpl(251)) - s2@group-5C26748AB2B1->s1-AppendLogResponseHandler: Request not found, ignoring reply: s2<-s1#1018:OK,SUCCESS,nextIndex:844,term:3,followerCommit:739
2019-09-24 16:16:44,909 WARN  server.GrpcLogAppender (GrpcLogAppender.java:onNextImpl(251)) - s2@group-5C26748AB2B1->s0-AppendLogResponseHandler: Request not found, ignoring reply: s2<-s0#892:OK,SUCCESS,nextIndex:844,term:3,followerCommit:740
2019-09-24 16:16:44,909 WARN  server.GrpcLogAppender (GrpcLogAppender.java:onNextImpl(251)) - s2@group-5C26748AB2B1->s1-AppendLogResponseHandler: Request not found, ignoring reply: s2<-s1#1019:OK,SUCCESS,nextIndex:844,term:3,followerCommit:739
2019-09-24 16:16:44,909 WARN  server.GrpcLogAppender (GrpcLogAppender.java:onNextImpl(251)) - s2@group-5C26748AB2B1->s0-AppendLogResponseHandler: Request not found, ignoring reply: s2<-s0#893:OK,SUCCESS,nextIndex:844,term:3,followerCommit:740
2019-09-24 16:16:44,909 WARN  server.GrpcLogAppender (GrpcLogAppender.java:onNextImpl(251)) - s2@group-5C26748AB2B1->s1-AppendLogResponseHandler: Request not found, ignoring reply: s2<-s1#1020:OK,SUCCESS,nextIndex:844,term:3,followerCommit:739
2019-09-24 16:16:44,909 WARN  server.GrpcLogAppender (GrpcLogAppender.java:onNextImpl(251)) - s2@group-5C26748AB2B1->s0-AppendLogResponseHandler: Request not found, ignoring reply: s2<-s0#894:OK,SUCCESS,nextIndex:844,term:3,followerCommit:740
2019-09-24 16:16:44,910 WARN  server.GrpcLogAppender (GrpcLogAppender.java:onNextImpl(251)) - s2@group-5C26748AB2B1->s1-AppendLogResponseHandler: Request not found, ignoring reply: s2<-s1#1021:OK,SUCCESS,nextIndex:844,term:3,followerCommit:739
2019-09-24 16:16:44,910 WARN  server.GrpcLogAppender (GrpcLogAppender.java:onNextImpl(251)) - s2@group-5C26748AB2B1->s0-AppendLogResponseHandler: Request not found, ignoring reply: s2<-s0#895:OK,SUCCESS,nextIndex:844,term:3,followerCommit:740
2019-09-24 16:16:44,910 WARN  server.GrpcLogAppender (GrpcLogAppender.java:onNextImpl(251)) - s2@group-5C26748AB2B1->s1-AppendLogResponseHandler: Request not found, ignoring reply: s2<-s1#1022:OK,SUCCESS,nextIndex:844,term:3,followerCommit:739
2019-09-24 16:16:44,910 WARN  server.GrpcLogAppender (GrpcLogAppender.java:onNextImpl(251)) - s2@group-5C26748AB2B1->s0-AppendLogResponseHandler: Request not found, ignoring reply: s2<-s0#896:OK,SUCCESS,nextIndex:844,term:3,followerCommit:740
2019-09-24 16:16:44,910 WARN  server.GrpcLogAppender (GrpcLogAppender.java:onNextImpl(251)) - s2@group-5C26748AB2B1->s1-AppendLogResponseHandler: Request not found, ignoring reply: s2<-s1#1023:OK,SUCCESS,nextIndex:844,term:3,followerCommit:740
2019-09-24 16:16:44,910 WARN  server.GrpcLogAppender (GrpcLogAppender.java:onNextImpl(251)) - s2@group-5C26748AB2B1->s0-AppendLogResponseHandler: Request not found, ignoring reply: s2<-s0#897:OK,SUCCESS,nextIndex:844,term:3,followerCommit:740
2019-09-24 16:16:44,910 WARN  server.GrpcLogAppender (GrpcLogAppender.java:onNextImpl(251)) - s2@group-5C26748AB2B1->s1-AppendLogResponseHandler: Request not found, ignoring reply: s2<-s1#1024:OK,SUCCESS,nextIndex:844,term:3,followerCommit:740
2019-09-24 16:16:44,911 WARN  server.GrpcLogAppender (GrpcLogAppender.java:onNextImpl(251)) - s2@group-5C26748AB2B1->s0-AppendLogResponseHandler: Request not found, ignoring reply: s2<-s0#898:OK,SUCCESS,nextIndex:844,term:3,followerCommit:740
2019-09-24 16:16:44,911 WARN  server.GrpcLogAppender (GrpcLogAppender.java:onNextImpl(251)) - s2@group-5C26748AB2B1->s1-AppendLogResponseHandler: Request not found, ignoring reply: s2<-s1#1025:OK,SUCCESS,nextIndex:844,term:3,followerCommit:740
2019-09-24 16:16:44,911 WARN  server.GrpcLogAppender (GrpcLogAppender.java:onNextImpl(251)) - s2@group-5C26748AB2B1->s0-AppendLogResponseHandler: Request not found, ignoring reply: s2<-s0#899:OK,SUCCESS,nextIndex:844,term:3,followerCommit:740
2019-09-24 16:16:44,911 WARN  server.GrpcLogAppender (GrpcLogAppender.java:onNextImpl(251)) - s2@group-5C26748AB2B1->s1-AppendLogResponseHandler: Request not found, ignoring reply: s2<-s1#1026:OK,SUCCESS,nextIndex:844,term:3,followerCommit:740
2019-09-24 16:16:44,911 WARN  server.GrpcLogAppender (GrpcLogAppender.java:onNextImpl(251)) - s2@group-5C26748AB2B1->s0-AppendLogResponseHandler: Request not found, ignoring reply: s2<-s0#900:OK,SUCCESS,nextIndex:844,term:3,followerCommit:740
2019-09-24 16:16:44,911 WARN  server.GrpcLogAppender (GrpcLogAppender.java:onNextImpl(251)) - s2@group-5C26748AB2B1->s1-AppendLogResponseHandler: Request not found, ignoring reply: s2<-s1#1027:OK,SUCCESS,nextIndex:844,term:3,followerCommit:740
2019-09-24 16:16:44,911 WARN  server.GrpcLogAppender (GrpcLogAppender.java:onNextImpl(251)) - s2@group-5C26748AB2B1->s0-AppendLogResponseHandler: Request not found, ignoring reply: s2<-s0#901:OK,SUCCESS,nextIndex:844,term:3,followerCommit:740
2019-09-24 16:16:44,911 WARN  server.GrpcLogAppender (GrpcLogAppender.java:onNextImpl(251)) - s2@group-5C26748AB2B1->s1-AppendLogResponseHandler: Request not found, ignoring reply: s2<-s1#1028:OK,SUCCESS,nextIndex:844,term:3,followerCommit:740
2019-09-24 16:16:44,912 WARN  server.GrpcLogAppender (GrpcLogAppender.java:onNextImpl(251)) - s2@group-5C26748AB2B1->s0-AppendLogResponseHandler: Request not found, ignoring reply: s2<-s0#902:OK,SUCCESS,nextIndex:844,term:3,followerCommit:740
2019-09-24 16:16:44,912 WARN  server.GrpcLogAppender (GrpcLogAppender.java:onNextImpl(251)) - s2@group-5C26748AB2B1->s1-AppendLogResponseHandler: Request not found, ignoring reply: s2<-s1#1029:OK,SUCCESS,nextIndex:844,term:3,followerCommit:740
2019-09-24 16:16:44,912 WARN  server.GrpcLogAppender (GrpcLogAppender.java:onNextImpl(251)) - s2@group-5C26748AB2B1->s0-AppendLogResponseHandler: Request not found, ignoring reply: s2<-s0#903:OK,SUCCESS,nextIndex:844,term:3,followerCommit:740
2019-09-24 16:16:44,912 WARN  server.GrpcLogAppender (GrpcLogAppender.java:onNextImpl(251)) - s2@group-5C26748AB2B1->s1-AppendLogResponseHandler: Request not found, ignoring reply: s2<-s1#1030:OK,SUCCESS,nextIndex:844,term:3,followerCommit:740
2019-09-24 16:16:44,912 WARN  server.GrpcLogAppender (GrpcLogAppender.java:onNextImpl(251)) - s2@group-5C26748AB2B1->s0-AppendLogResponseHandler: Request not found, ignoring reply: s2<-s0#904:OK,SUCCESS,nextIndex:844,term:3,followerCommit:740
2019-09-24 16:16:44,912 WARN  server.GrpcLogAppender (GrpcLogAppender.java:onNextImpl(251)) - s2@group-5C26748AB2B1->s1-AppendLogResponseHandler: Request not found, ignoring reply: s2<-s1#1031:OK,SUCCESS,nextIndex:844,term:3,followerCommit:740
2019-09-24 16:16:44,912 WARN  server.GrpcLogAppender (GrpcLogAppender.java:onNextImpl(251)) - s2@group-5C26748AB2B1->s0-AppendLogResponseHandler: Request not found, ignoring reply: s2<-s0#905:OK,SUCCESS,nextIndex:844,term:3,followerCommit:740
2019-09-24 16:16:44,913 WARN  server.GrpcLogAppender (GrpcLogAppender.java:onNextImpl(251)) - s2@group-5C26748AB2B1->s1-AppendLogResponseHandler: Request not found, ignoring reply: s2<-s1#1032:OK,SUCCESS,nextIndex:844,term:3,followerCommit:740
2019-09-24 16:16:44,913 WARN  server.GrpcLogAppender (GrpcLogAppender.java:onNextImpl(251)) - s2@group-5C26748AB2B1->s0-AppendLogResponseHandler: Request not found, ignoring reply: s2<-s0#906:OK,SUCCESS,nextIndex:844,term:3,followerCommit:740
2019-09-24 16:16:44,913 WARN  server.GrpcLogAppender (GrpcLogAppender.java:onNextImpl(251)) - s2@group-5C26748AB2B1->s1-AppendLogResponseHandler: Request not found, ignoring reply: s2<-s1#1033:OK,SUCCESS,nextIndex:844,term:3,followerCommit:740
2019-09-24 16:16:44,913 WARN  server.GrpcLogAppender (GrpcLogAppender.java:onNextImpl(251)) - s2@group-5C26748AB2B1->s0-AppendLogResponseHandler: Request not found, ignoring reply: s2<-s0#907:OK,SUCCESS,nextIndex:844,term:3,followerCommit:740
2019-09-24 16:16:44,913 WARN  server.GrpcLogAppender (GrpcLogAppender.java:onNextImpl(251)) - s2@group-5C26748AB2B1->s1-AppendLogResponseHandler: Request not found, ignoring reply: s2<-s1#1034:OK,SUCCESS,nextIndex:844,term:3,followerCommit:740
2019-09-24 16:16:44,913 WARN  server.GrpcLogAppender (GrpcLogAppender.java:onNextImpl(251)) - s2@group-5C26748AB2B1->s0-AppendLogResponseHandler: Request not found, ignoring reply: s2<-s0#908:OK,SUCCESS,nextIndex:844,term:3,followerCommit:740
2019-09-24 16:16:44,913 WARN  server.GrpcLogAppender (GrpcLogAppender.java:onNextImpl(251)) - s2@group-5C26748AB2B1->s1-AppendLogResponseHandler: Request not found, ignoring reply: s2<-s1#1035:OK,SUCCESS,nextIndex:844,term:3,followerCommit:740
2019-09-24 16:16:44,913 WARN  server.GrpcLogAppender (GrpcLogAppender.java:onNextImpl(251)) - s2@group-5C26748AB2B1->s0-AppendLogResponseHandler: Request not found, ignoring reply: s2<-s0#909:OK,SUCCESS,nextIndex:844,term:3,followerCommit:740
2019-09-24 16:16:44,914 WARN  server.GrpcLogAppender (GrpcLogAppender.java:onNextImpl(251)) - s2@group-5C26748AB2B1->s1-AppendLogResponseHandler: Request not found, ignoring reply: s2<-s1#1036:OK,SUCCESS,nextIndex:844,term:3,followerCommit:740
2019-09-24 16:16:44,914 WARN  server.GrpcLogAppender (GrpcLogAppender.java:onNextImpl(251)) - s2@group-5C26748AB2B1->s0-AppendLogResponseHandler: Request not found, ignoring reply: s2<-s0#910:OK,SUCCESS,nextIndex:844,term:3,followerCommit:740
2019-09-24 16:16:44,914 WARN  server.GrpcLogAppender (GrpcLogAppender.java:onNextImpl(251)) - s2@group-5C26748AB2B1->s1-AppendLogResponseHandler: Request not found, ignoring reply: s2<-s1#1037:OK,SUCCESS,nextIndex:844,term:3,followerCommit:740
2019-09-24 16:16:44,914 WARN  server.GrpcLogAppender (GrpcLogAppender.java:onNextImpl(251)) - s2@group-5C26748AB2B1->s0-AppendLogResponseHandler: Request not found, ignoring reply: s2<-s0#911:OK,SUCCESS,nextIndex:844,term:3,followerCommit:740
2019-09-24 16:16:44,914 WARN  server.GrpcLogAppender (GrpcLogAppender.java:onNextImpl(251)) - s2@group-5C26748AB2B1->s0-AppendLogResponseHandler: Request not found, ignoring reply: s2<-s0#912:OK,SUCCESS,nextIndex:844,term:3,followerCommit:740
2019-09-24 16:16:44,914 WARN  server.GrpcLogAppender (GrpcLogAppender.java:onNextImpl(251)) - s2@group-5C26748AB2B1->s0-AppendLogResponseHandler: Request not found, ignoring reply: s2<-s0#913:OK,SUCCESS,nextIndex:844,term:3,followerCommit:740
2019-09-24 16:16:44,916 DEBUG client.GrpcClientProtocolService (GrpcClientProtocolService.java:sendReply(353)) - 22-OrderedRequestStreamObserver22: sendReply seq=512, RaftClientReply:client-EDB41257C35F->s2@group-5C26748AB2B1, cid=511, SUCCESS, logIndex=742, commits[s2:c843, s0:c740, s1:c740]
2019-09-24 16:16:44,931 DEBUG client.GrpcClientProtocolService (GrpcClientProtocolService.java:sendReply(353)) - 22-OrderedRequestStreamObserver22: sendReply seq=513, RaftClientReply:client-EDB41257C35F->s2@group-5C26748AB2B1, cid=512, SUCCESS, logIndex=743, commits[s2:c843, s0:c740, s1:c740]
2019-09-24 16:16:44,936 DEBUG client.GrpcClientProtocolService (GrpcClientProtocolService.java:sendReply(353)) - 22-OrderedRequestStreamObserver22: sendReply seq=514, RaftClientReply:client-EDB41257C35F->s2@group-5C26748AB2B1, cid=513, SUCCESS, logIndex=744, commits[s2:c843, s0:c740, s1:c740]
2019-09-24 16:16:44,937 DEBUG client.GrpcClientProtocolService (GrpcClientProtocolService.java:sendReply(353)) - 22-OrderedRequestStreamObserver22: sendReply seq=515, RaftClientReply:client-EDB41257C35F->s2@group-5C26748AB2B1, cid=514, SUCCESS, logIndex=745, commits[s2:c843, s0:c740, s1:c740]
2019-09-24 16:16:44,939 DEBUG client.GrpcClientProtocolService (GrpcClientProtocolService.java:sendReply(353)) - 22-OrderedRequestStreamObserver22: sendReply seq=516, RaftClientReply:client-EDB41257C35F->s2@group-5C26748AB2B1, cid=515, SUCCESS, logIndex=746, commits[s2:c843, s0:c740, s1:c740]
2019-09-24 16:16:44,939 DEBUG client.GrpcClientProtocolService (GrpcClientProtocolService.java:sendReply(353)) - 22-OrderedRequestStreamObserver22: sendReply seq=517, RaftClientReply:client-EDB41257C35F->s2@group-5C26748AB2B1, cid=516, SUCCESS, logIndex=747, commits[s2:c843, s0:c740, s1:c740]
2019-09-24 16:16:44,940 DEBUG client.GrpcClientProtocolService (GrpcClientProtocolService.java:sendReply(353)) - 22-OrderedRequestStreamObserver22: sendReply seq=518, RaftClientReply:client-EDB41257C35F->s2@group-5C26748AB2B1, cid=517, SUCCESS, logIndex=748, commits[s2:c843, s0:c740, s1:c740]
2019-09-24 16:16:44,940 DEBUG client.GrpcClientProtocolService (GrpcClientProtocolService.java:sendReply(353)) - 22-OrderedRequestStreamObserver22: sendReply seq=519, RaftClientReply:client-EDB41257C35F->s2@group-5C26748AB2B1, cid=518, SUCCESS, logIndex=749, commits[s2:c843, s0:c740, s1:c740]
2019-09-24 16:16:44,941 DEBUG client.GrpcClientProtocolService (GrpcClientProtocolService.java:sendReply(353)) - 22-OrderedRequestStreamObserver22: sendReply seq=520, RaftClientReply:client-EDB41257C35F->s2@group-5C26748AB2B1, cid=519, SUCCESS, logIndex=750, commits[s2:c843, s0:c740, s1:c740]
2019-09-24 16:16:44,941 DEBUG client.GrpcClientProtocolService (GrpcClientProtocolService.java:sendReply(353)) - 22-OrderedRequestStreamObserver22: sendReply seq=521, RaftClientReply:client-EDB41257C35F->s2@group-5C26748AB2B1, cid=520, SUCCESS, logIndex=751, commits[s2:c843, s0:c740, s1:c740]
2019-09-24 16:16:44,942 INFO  storage.RaftStorageDirectory (RaftStorageDirectory.java:tryLock(328)) - Lock on /workdir/ratis-test/target/test/data/9f1a7c06/MiniRaftClusterWithGrpc642c4063/s1/d79ae1dc-8d4c-4702-8acc-e77e9fd8e08a/in_use.lock acquired by nodename 27404@ratis-test-vphbd-3564017154
2019-09-24 16:16:44,942 DEBUG client.GrpcClientProtocolService (GrpcClientProtocolService.java:sendReply(353)) - 22-OrderedRequestStreamObserver22: sendReply seq=522, RaftClientReply:client-EDB41257C35F->s2@group-5C26748AB2B1, cid=521, SUCCESS, logIndex=752, commits[s2:c843, s0:c740, s1:c740]
2019-09-24 16:16:44,942 INFO  storage.RaftStorageDirectory (RaftStorageDirectory.java:tryLock(328)) - Lock on /workdir/ratis-test/target/test/data/9f1a7c06/MiniRaftClusterWithGrpc642c4063/s0/d79ae1dc-8d4c-4702-8acc-e77e9fd8e08a/in_use.lock acquired by nodename 27404@ratis-test-vphbd-3564017154
2019-09-24 16:16:44,942 INFO  storage.RaftStorageDirectory (RaftStorageDirectory.java:tryLock(328)) - Lock on /workdir/ratis-test/target/test/data/9f1a7c06/MiniRaftClusterWithGrpc642c4063/s2/d79ae1dc-8d4c-4702-8acc-e77e9fd8e08a/in_use.lock acquired by nodename 27404@ratis-test-vphbd-3564017154
2019-09-24 16:16:44,943 TRACE util.FileUtils (LogUtils.java:runAndLog(61)) - Successfully ran Files.createDirectories /workdir/ratis-test/target/test/data/9f1a7c06/MiniRaftClusterWithGrpc642c4063/s0/d79ae1dc-8d4c-4702-8acc-e77e9fd8e08a/current
2019-09-24 16:16:44,942 TRACE util.FileUtils (LogUtils.java:runAndLog(61)) - Successfully ran Files.createDirectories /workdir/ratis-test/target/test/data/9f1a7c06/MiniRaftClusterWithGrpc642c4063/s1/d79ae1dc-8d4c-4702-8acc-e77e9fd8e08a/current
2019-09-24 16:16:44,943 DEBUG client.GrpcClientProtocolService (GrpcClientProtocolService.java:sendReply(353)) - 22-OrderedRequestStreamObserver22: sendReply seq=523, RaftClientReply:client-EDB41257C35F->s2@group-5C26748AB2B1, cid=522, SUCCESS, logIndex=753, commits[s2:c843, s0:c740, s1:c740]
2019-09-24 16:16:44,943 TRACE util.FileUtils (LogUtils.java:runAndLog(61)) - Successfully ran Files.createDirectories /workdir/ratis-test/target/test/data/9f1a7c06/MiniRaftClusterWithGrpc642c4063/s1/d79ae1dc-8d4c-4702-8acc-e77e9fd8e08a/sm
2019-09-24 16:16:44,943 TRACE util.FileUtils (LogUtils.java:runAndLog(61)) - Successfully ran Files.createDirectories /workdir/ratis-test/target/test/data/9f1a7c06/MiniRaftClusterWithGrpc642c4063/s2/d79ae1dc-8d4c-4702-8acc-e77e9fd8e08a/current
2019-09-24 16:16:44,943 TRACE util.FileUtils (LogUtils.java:runAndLog(61)) - Successfully ran Files.createDirectories /workdir/ratis-test/target/test/data/9f1a7c06/MiniRaftClusterWithGrpc642c4063/s0/d79ae1dc-8d4c-4702-8acc-e77e9fd8e08a/sm
2019-09-24 16:16:44,943 TRACE util.FileUtils (LogUtils.java:runAndLog(61)) - Successfully ran Files.createDirectories /workdir/ratis-test/target/test/data/9f1a7c06/MiniRaftClusterWithGrpc642c4063/s2/d79ae1dc-8d4c-4702-8acc-e77e9fd8e08a/sm
2019-09-24 16:16:44,943 DEBUG client.GrpcClientProtocolService (GrpcClientProtocolService.java:sendReply(353)) - 22-OrderedRequestStreamObserver22: sendReply seq=524, RaftClientReply:client-EDB41257C35F->s2@group-5C26748AB2B1, cid=523, SUCCESS, logIndex=754, commits[s2:c843, s0:c740, s1:c740]
2019-09-24 16:16:44,944 DEBUG client.GrpcClientProtocolService (GrpcClientProtocolService.java:sendReply(353)) - 22-OrderedRequestStreamObserver22: sendReply seq=525, RaftClientReply:client-EDB41257C35F->s2@group-5C26748AB2B1, cid=524, SUCCESS, logIndex=755, commits[s2:c843, s0:c740, s1:c740]
2019-09-24 16:16:44,945 DEBUG client.GrpcClientProtocolService (GrpcClientProtocolService.java:sendReply(353)) - 22-OrderedRequestStreamObserver22: sendReply seq=526, RaftClientReply:client-EDB41257C35F->s2@group-5C26748AB2B1, cid=525, SUCCESS, logIndex=756, commits[s2:c843, s0:c740, s1:c740]
2019-09-24 16:16:44,946 DEBUG client.GrpcClientProtocolService (GrpcClientProtocolService.java:sendReply(353)) - 22-OrderedRequestStreamObserver22: sendReply seq=527, RaftClientReply:client-EDB41257C35F->s2@group-5C26748AB2B1, cid=526, SUCCESS, logIndex=757, commits[s2:c843, s0:c740, s1:c740]
2019-09-24 16:16:44,946 DEBUG client.GrpcClientProtocolService (GrpcClientProtocolService.java:sendReply(353)) - 22-OrderedRequestStreamObserver22: sendReply seq=528, RaftClientReply:client-EDB41257C35F->s2@group-5C26748AB2B1, cid=527, SUCCESS, logIndex=758, commits[s2:c843, s0:c740, s1:c740]
2019-09-24 16:16:44,947 DEBUG client.GrpcClientProtocolService (GrpcClientProtocolService.java:sendReply(353)) - 22-OrderedRequestStreamObserver22: sendReply seq=529, RaftClientReply:client-EDB41257C35F->s2@group-5C26748AB2B1, cid=528, SUCCESS, logIndex=759, commits[s2:c843, s0:c740, s1:c740]
2019-09-24 16:16:44,947 DEBUG client.GrpcClientProtocolService (GrpcClientProtocolService.java:sendReply(353)) - 22-OrderedRequestStreamObserver22: sendReply seq=530, RaftClientReply:client-EDB41257C35F->s2@group-5C26748AB2B1, cid=529, SUCCESS, logIndex=760, commits[s2:c843, s0:c740, s1:c740]
2019-09-24 16:16:44,948 DEBUG client.GrpcClientProtocolService (GrpcClientProtocolService.java:sendReply(353)) - 22-OrderedRequestStreamObserver22: sendReply seq=531, RaftClientReply:client-EDB41257C35F->s2@group-5C26748AB2B1, cid=530, SUCCESS, logIndex=761, commits[s2:c843, s0:c740, s1:c740]
2019-09-24 16:16:44,948 DEBUG client.GrpcClientProtocolService (GrpcClientProtocolService.java:sendReply(353)) - 22-OrderedRequestStreamObserver22: sendReply seq=532, RaftClientReply:client-EDB41257C35F->s2@group-5C26748AB2B1, cid=531, SUCCESS, logIndex=762, commits[s2:c843, s0:c740, s1:c740]
2019-09-24 16:16:44,949 DEBUG client.GrpcClientProtocolService (GrpcClientProtocolService.java:sendReply(353)) - 22-OrderedRequestStreamObserver22: sendReply seq=533, RaftClientReply:client-EDB41257C35F->s2@group-5C26748AB2B1, cid=532, SUCCESS, logIndex=763, commits[s2:c843, s0:c740, s1:c740]
2019-09-24 16:16:44,949 DEBUG client.GrpcClientProtocolService (GrpcClientProtocolService.java:sendReply(353)) - 22-OrderedRequestStreamObserver22: sendReply seq=534, RaftClientReply:client-EDB41257C35F->s2@group-5C26748AB2B1, cid=533, SUCCESS, logIndex=764, commits[s2:c843, s0:c740, s1:c740]
2019-09-24 16:16:44,950 DEBUG client.GrpcClientProtocolService (GrpcClientProtocolService.java:sendReply(353)) - 22-OrderedRequestStreamObserver22: sendReply seq=535, RaftClientReply:client-EDB41257C35F->s2@group-5C26748AB2B1, cid=534, SUCCESS, logIndex=765, commits[s2:c843, s0:c740, s1:c740]
2019-09-24 16:16:44,950 DEBUG client.GrpcClientProtocolService (GrpcClientProtocolService.java:sendReply(353)) - 22-OrderedRequestStreamObserver22: sendReply seq=536, RaftClientReply:client-EDB41257C35F->s2@group-5C26748AB2B1, cid=535, SUCCESS, logIndex=766, commits[s2:c843, s0:c740, s1:c740]
2019-09-24 16:16:44,951 DEBUG client.GrpcClientProtocolService (GrpcClientProtocolService.java:sendReply(353)) - 22-OrderedRequestStreamObserver22: sendReply seq=537, RaftClientReply:client-EDB41257C35F->s2@group-5C26748AB2B1, cid=536, SUCCESS, logIndex=767, commits[s2:c843, s0:c740, s1:c740]
2019-09-24 16:16:44,951 DEBUG client.GrpcClientProtocolService (GrpcClientProtocolService.java:sendReply(353)) - 22-OrderedRequestStreamObserver22: sendReply seq=538, RaftClientReply:client-EDB41257C35F->s2@group-5C26748AB2B1, cid=537, SUCCESS, logIndex=768, commits[s2:c843, s0:c740, s1:c740]
2019-09-24 16:16:44,952 DEBUG client.GrpcClientProtocolService (GrpcClientProtocolService.java:sendReply(353)) - 22-OrderedRequestStreamObserver22: sendReply seq=539, RaftClientReply:client-EDB41257C35F->s2@group-5C26748AB2B1, cid=538, SUCCESS, logIndex=769, commits[s2:c843, s0:c740, s1:c740]
2019-09-24 16:16:44,952 DEBUG client.GrpcClientProtocolService (GrpcClientProtocolService.java:sendReply(353)) - 22-OrderedRequestStreamObserver22: sendReply seq=540, RaftClientReply:client-EDB41257C35F->s2@group-5C26748AB2B1, cid=539, SUCCESS, logIndex=770, commits[s2:c843, s0:c740, s1:c740]
2019-09-24 16:16:44,953 DEBUG client.GrpcClientProtocolService (GrpcClientProtocolService.java:sendReply(353)) - 22-OrderedRequestStreamObserver22: sendReply seq=541, RaftClientReply:client-EDB41257C35F->s2@group-5C26748AB2B1, cid=540, SUCCESS, logIndex=771, commits[s2:c843, s0:c740, s1:c740]
2019-09-24 16:16:44,953 DEBUG client.GrpcClientProtocolService (GrpcClientProtocolService.java:sendReply(353)) - 22-OrderedRequestStreamObserver22: sendReply seq=542, RaftClientReply:client-EDB41257C35F->s2@group-5C26748AB2B1, cid=541, SUCCESS, logIndex=772, commits[s2:c843, s0:c740, s1:c740]
2019-09-24 16:16:44,954 DEBUG client.GrpcClientProtocolService (GrpcClientProtocolService.java:sendReply(353)) - 22-OrderedRequestStreamObserver22: sendReply seq=543, RaftClientReply:client-EDB41257C35F->s2@group-5C26748AB2B1, cid=542, SUCCESS, logIndex=773, commits[s2:c843, s0:c740, s1:c740]
2019-09-24 16:16:44,954 DEBUG client.GrpcClientProtocolService (GrpcClientProtocolService.java:sendReply(353)) - 22-OrderedRequestStreamObserver22: sendReply seq=544, RaftClientReply:client-EDB41257C35F->s2@group-5C26748AB2B1, cid=543, SUCCESS, logIndex=774, commits[s2:c843, s0:c740, s1:c740]
2019-09-24 16:16:44,955 DEBUG client.GrpcClientProtocolService (GrpcClientProtocolService.java:sendReply(353)) - 22-OrderedRequestStreamObserver22: sendReply seq=545, RaftClientReply:client-EDB41257C35F->s2@group-5C26748AB2B1, cid=544, SUCCESS, logIndex=775, commits[s2:c843, s0:c740, s1:c740]
2019-09-24 16:16:44,956 DEBUG client.GrpcClientProtocolService (GrpcClientProtocolService.java:sendReply(353)) - 22-OrderedRequestStreamObserver22: sendReply seq=546, RaftClientReply:client-EDB41257C35F->s2@group-5C26748AB2B1, cid=545, SUCCESS, logIndex=776, commits[s2:c843, s0:c740, s1:c740]
2019-09-24 16:16:44,956 DEBUG client.GrpcClientProtocolService (GrpcClientProtocolService.java:sendReply(353)) - 22-OrderedRequestStreamObserver22: sendReply seq=547, RaftClientReply:client-EDB41257C35F->s2@group-5C26748AB2B1, cid=546, SUCCESS, logIndex=777, commits[s2:c843, s0:c740, s1:c740]
2019-09-24 16:16:44,957 INFO  storage.RaftStorage (RaftStorage.java:format(84)) - Storage directory /workdir/ratis-test/target/test/data/9f1a7c06/MiniRaftClusterWithGrpc642c4063/s1/d79ae1dc-8d4c-4702-8acc-e77e9fd8e08a has been successfully formatted.
2019-09-24 16:16:44,957 DEBUG client.GrpcClientProtocolService (GrpcClientProtocolService.java:sendReply(353)) - 22-OrderedRequestStreamObserver22: sendReply seq=548, RaftClientReply:client-EDB41257C35F->s2@group-5C26748AB2B1, cid=547, SUCCESS, logIndex=778, commits[s2:c843, s0:c740, s1:c740]
2019-09-24 16:16:44,957 INFO  storage.RaftStorage (RaftStorage.java:format(84)) - Storage directory /workdir/ratis-test/target/test/data/9f1a7c06/MiniRaftClusterWithGrpc642c4063/s2/d79ae1dc-8d4c-4702-8acc-e77e9fd8e08a has been successfully formatted.
2019-09-24 16:16:44,957 INFO  storage.RaftStorage (RaftStorage.java:format(84)) - Storage directory /workdir/ratis-test/target/test/data/9f1a7c06/MiniRaftClusterWithGrpc642c4063/s0/d79ae1dc-8d4c-4702-8acc-e77e9fd8e08a has been successfully formatted.
2019-09-24 16:16:44,957 INFO  server.RaftServerConfigKeys (ConfUtils.java:logGet(43)) - raft.server.notification.no-leader.timeout = 60s (default)
2019-09-24 16:16:44,957 INFO  server.RaftServerConfigKeys (ConfUtils.java:logGet(43)) - raft.server.notification.no-leader.timeout = 60s (default)
2019-09-24 16:16:44,957 DEBUG client.GrpcClientProtocolService (GrpcClientProtocolService.java:sendReply(353)) - 22-OrderedRequestStreamObserver22: sendReply seq=549, RaftClientReply:client-EDB41257C35F->s2@group-5C26748AB2B1, cid=548, SUCCESS, logIndex=779, commits[s2:c843, s0:c740, s1:c740]
2019-09-24 16:16:44,957 INFO  server.RaftServerConfigKeys (ConfUtils.java:logGet(43)) - raft.server.notification.no-leader.timeout = 60s (default)
2019-09-24 16:16:44,958 INFO  server.RaftServerConfigKeys (ConfUtils.java:logGet(43)) - raft.server.log.use.memory = false (default)
2019-09-24 16:16:44,958 INFO  server.RaftServerConfigKeys (ConfUtils.java:logGet(43)) - raft.server.log.use.memory = false (default)
2019-09-24 16:16:44,958 INFO  server.RaftServerConfigKeys (ConfUtils.java:logGet(43)) - raft.server.log.purge.gap = 1024 (default)
2019-09-24 16:16:44,958 INFO  server.RaftServerConfigKeys (ConfUtils.java:logGet(43)) - raft.server.log.use.memory = false (default)
2019-09-24 16:16:44,958 INFO  server.RaftServerConfigKeys (ConfUtils.java:logGet(43)) - raft.server.log.appender.buffer.byte-limit = 4MB (=4194304) (default)
2019-09-24 16:16:44,958 INFO  server.RaftServerConfigKeys (ConfUtils.java:logGet(43)) - raft.server.log.purge.gap = 1024 (default)
2019-09-24 16:16:44,958 DEBUG client.GrpcClientProtocolService (GrpcClientProtocolService.java:sendReply(353)) - 22-OrderedRequestStreamObserver22: sendReply seq=550, RaftClientReply:client-EDB41257C35F->s2@group-5C26748AB2B1, cid=549, SUCCESS, logIndex=780, commits[s2:c843, s0:c740, s1:c740]
2019-09-24 16:16:44,959 INFO  server.RaftServerConfigKeys (ConfUtils.java:logGet(43)) - raft.server.log.appender.buffer.byte-limit = 4MB (=4194304) (default)
2019-09-24 16:16:44,958 INFO  server.RaftServerConfigKeys (ConfUtils.java:logGet(43)) - raft.server.log.segment.size.max = 8MB (=8388608) (default)
2019-09-24 16:16:44,958 INFO  server.RaftServerConfigKeys (ConfUtils.java:logGet(43)) - raft.server.log.purge.gap = 1024 (default)
2019-09-24 16:16:44,959 DEBUG client.GrpcClientProtocolService (GrpcClientProtocolService.java:sendReply(353)) - 22-OrderedRequestStreamObserver22: sendReply seq=551, RaftClientReply:client-EDB41257C35F->s2@group-5C26748AB2B1, cid=550, SUCCESS, logIndex=781, commits[s2:c843, s0:c740, s1:c740]
2019-09-24 16:16:44,959 INFO  server.RaftServerConfigKeys (ConfUtils.java:logGet(43)) - raft.server.log.segment.cache.num.max = 6 (default)
2019-09-24 16:16:44,959 INFO  server.RaftServerConfigKeys (ConfUtils.java:logGet(43)) - raft.server.log.segment.size.max = 8MB (=8388608) (default)
2019-09-24 16:16:44,959 INFO  segmented.SegmentedRaftLogWorker (SegmentedRaftLogWorker.java:<init>(172)) - new s1@group-E77E9FD8E08A-SegmentedRaftLogWorker for RaftStorage:Storage Directory /workdir/ratis-test/target/test/data/9f1a7c06/MiniRaftClusterWithGrpc642c4063/s1/d79ae1dc-8d4c-4702-8acc-e77e9fd8e08a
2019-09-24 16:16:44,959 INFO  server.RaftServerConfigKeys (ConfUtils.java:logGet(43)) - raft.server.log.appender.buffer.byte-limit = 4MB (=4194304) (default)
2019-09-24 16:16:44,960 INFO  server.RaftServerConfigKeys (ConfUtils.java:logGet(43)) - raft.server.log.segment.cache.num.max = 6 (default)
2019-09-24 16:16:44,960 DEBUG client.GrpcClientProtocolService (GrpcClientProtocolService.java:sendReply(353)) - 22-OrderedRequestStreamObserver22: sendReply seq=552, RaftClientReply:client-EDB41257C35F->s2@group-5C26748AB2B1, cid=551, SUCCESS, logIndex=782, commits[s2:c843, s0:c740, s1:c740]
2019-09-24 16:16:44,960 INFO  server.RaftServerConfigKeys (ConfUtils.java:logGet(43)) - raft.server.log.segment.size.max = 8MB (=8388608) (default)
2019-09-24 16:16:44,960 INFO  server.RaftServerConfigKeys (ConfUtils.java:logGet(43)) - raft.server.log.queue.byte-limit = 64MB (=67108864) (default)
2019-09-24 16:16:44,960 INFO  server.RaftServerConfigKeys (ConfUtils.java:logGet(43)) - raft.server.log.segment.cache.num.max = 6 (default)
2019-09-24 16:16:44,960 INFO  segmented.SegmentedRaftLogWorker (SegmentedRaftLogWorker.java:<init>(172)) - new s0@group-E77E9FD8E08A-SegmentedRaftLogWorker for RaftStorage:Storage Directory /workdir/ratis-test/target/test/data/9f1a7c06/MiniRaftClusterWithGrpc642c4063/s0/d79ae1dc-8d4c-4702-8acc-e77e9fd8e08a
2019-09-24 16:16:44,960 INFO  segmented.SegmentedRaftLogWorker (SegmentedRaftLogWorker.java:<init>(172)) - new s2@group-E77E9FD8E08A-SegmentedRaftLogWorker for RaftStorage:Storage Directory /workdir/ratis-test/target/test/data/9f1a7c06/MiniRaftClusterWithGrpc642c4063/s2/d79ae1dc-8d4c-4702-8acc-e77e9fd8e08a
2019-09-24 16:16:44,961 INFO  server.RaftServerConfigKeys (ConfUtils.java:logGet(43)) - raft.server.log.queue.byte-limit = 64MB (=67108864) (default)
2019-09-24 16:16:44,960 INFO  server.RaftServerConfigKeys (ConfUtils.java:logGet(43)) - raft.server.log.queue.element-limit = 4096 (default)
2019-09-24 16:16:44,961 INFO  server.RaftServerConfigKeys (ConfUtils.java:logGet(43)) - raft.server.log.queue.element-limit = 4096 (default)
2019-09-24 16:16:44,961 INFO  server.RaftServerConfigKeys (ConfUtils.java:logGet(43)) - raft.server.log.queue.byte-limit = 64MB (=67108864) (default)
2019-09-24 16:16:44,961 DEBUG client.GrpcClientProtocolService (GrpcClientProtocolService.java:sendReply(353)) - 22-OrderedRequestStreamObserver22: sendReply seq=553, RaftClientReply:client-EDB41257C35F->s2@group-5C26748AB2B1, cid=552, SUCCESS, logIndex=783, commits[s2:c843, s0:c740, s1:c740]
2019-09-24 16:16:44,961 INFO  server.RaftServerConfigKeys (ConfUtils.java:logGet(43)) - raft.server.log.queue.element-limit = 4096 (default)
2019-09-24 16:16:44,961 INFO  server.RaftServerConfigKeys (ConfUtils.java:logGet(43)) - raft.server.log.segment.size.max = 8MB (=8388608) (default)
2019-09-24 16:16:44,961 INFO  server.RaftServerConfigKeys (ConfUtils.java:logGet(43)) - raft.server.log.segment.size.max = 8MB (=8388608) (default)
2019-09-24 16:16:44,962 INFO  server.RaftServerConfigKeys (ConfUtils.java:logGet(43)) - raft.server.log.preallocated.size = 4MB (=4194304) (default)
2019-09-24 16:16:44,962 INFO  server.RaftServerConfigKeys (ConfUtils.java:logGet(43)) - raft.server.log.segment.size.max = 8MB (=8388608) (default)
2019-09-24 16:16:44,962 INFO  server.RaftServerConfigKeys (ConfUtils.java:logGet(43)) - raft.server.log.write.buffer.size = 64KB (=65536) (default)
2019-09-24 16:16:44,962 DEBUG client.GrpcClientProtocolService (GrpcClientProtocolService.java:sendReply(353)) - 22-OrderedRequestStreamObserver22: sendReply seq=554, RaftClientReply:client-EDB41257C35F->s2@group-5C26748AB2B1, cid=553, SUCCESS, logIndex=784, commits[s2:c843, s0:c740, s1:c740]
2019-09-24 16:16:44,962 INFO  server.RaftServerConfigKeys (ConfUtils.java:logGet(43)) - raft.server.log.preallocated.size = 4MB (=4194304) (default)
2019-09-24 16:16:44,962 INFO  server.RaftServerConfigKeys (ConfUtils.java:logGet(43)) - raft.server.log.force.sync.num = 128 (default)
2019-09-24 16:16:44,962 INFO  server.RaftServerConfigKeys (ConfUtils.java:logGet(43)) - raft.server.log.preallocated.size = 4MB (=4194304) (default)
2019-09-24 16:16:44,963 INFO  server.RaftServerConfigKeys (ConfUtils.java:logGet(43)) - raft.server.log.statemachine.data.sync = true (default)
2019-09-24 16:16:44,962 INFO  server.RaftServerConfigKeys (ConfUtils.java:logGet(43)) - raft.server.log.write.buffer.size = 64KB (=65536) (default)
2019-09-24 16:16:44,963 INFO  server.RaftServerConfigKeys (ConfUtils.java:logGet(43)) - raft.server.log.statemachine.data.sync.timeout = 10s (default)
2019-09-24 16:16:44,963 DEBUG client.GrpcClientProtocolService (GrpcClientProtocolService.java:sendReply(353)) - 22-OrderedRequestStreamObserver22: sendReply seq=555, RaftClientReply:client-EDB41257C35F->s2@group-5C26748AB2B1, cid=554, SUCCESS, logIndex=785, commits[s2:c843, s0:c740, s1:c740]
2019-09-24 16:16:44,963 INFO  server.RaftServerConfigKeys (ConfUtils.java:logGet(43)) - raft.server.log.write.buffer.size = 64KB (=65536) (default)
2019-09-24 16:16:44,963 INFO  server.RaftServerConfigKeys (ConfUtils.java:logGet(43)) - raft.server.log.statemachine.data.sync.timeout.retry = -1 (default)
2019-09-24 16:16:44,963 INFO  server.RaftServerConfigKeys (ConfUtils.java:logGet(43)) - raft.server.log.force.sync.num = 128 (default)
2019-09-24 16:16:44,964 INFO  server.RaftServerConfigKeys (ConfUtils.java:logGet(43)) - raft.server.log.statemachine.data.caching.enabled = false (default)
2019-09-24 16:16:44,963 INFO  server.RaftServerConfigKeys (ConfUtils.java:logGet(43)) - raft.server.log.force.sync.num = 128 (default)
2019-09-24 16:16:44,964 DEBUG client.GrpcClientProtocolService (GrpcClientProtocolService.java:sendReply(353)) - 22-OrderedRequestStreamObserver22: sendReply seq=556, RaftClientReply:client-EDB41257C35F->s2@group-5C26748AB2B1, cid=555, SUCCESS, logIndex=786, commits[s2:c843, s0:c740, s1:c740]
2019-09-24 16:16:44,964 INFO  server.RaftServerConfigKeys (ConfUtils.java:logGet(43)) - raft.server.log.statemachine.data.sync = true (default)
2019-09-24 16:16:44,964 INFO  segmented.SegmentedRaftLogWorker (SegmentedRaftLogWorker.java:lambda$new$0(132)) - s0@group-E77E9FD8E08A-SegmentedRaftLogWorker: flushIndex: setUnconditionally 0 -> -1
2019-09-24 16:16:44,964 INFO  server.RaftServerConfigKeys (ConfUtils.java:logGet(43)) - raft.server.log.statemachine.data.sync = true (default)
2019-09-24 16:16:44,964 INFO  server.RaftServerConfigKeys (ConfUtils.java:logGet(43)) - raft.server.log.statemachine.data.sync.timeout = 10s (default)
2019-09-24 16:16:44,965 INFO  server.RaftServerConfigKeys (ConfUtils.java:logGet(43)) - raft.server.log.statemachine.data.sync.timeout = 10s (default)
2019-09-24 16:16:44,965 INFO  server.RaftServerConfigKeys (ConfUtils.java:logGet(43)) - raft.server.snapshot.auto.trigger.enabled = false (default)
2019-09-24 16:16:44,965 INFO  server.RaftServerConfigKeys (ConfUtils.java:logGet(43)) - raft.server.log.statemachine.data.sync.timeout.retry = -1 (default)
2019-09-24 16:16:44,965 DEBUG client.GrpcClientProtocolService (GrpcClientProtocolService.java:sendReply(353)) - 22-OrderedRequestStreamObserver22: sendReply seq=557, RaftClientReply:client-EDB41257C35F->s2@group-5C26748AB2B1, cid=556, SUCCESS, logIndex=787, commits[s2:c843, s0:c740, s1:c740]
2019-09-24 16:16:44,965 INFO  server.RaftServerConfigKeys (ConfUtils.java:logGet(43)) - raft.server.log.statemachine.data.sync.timeout.retry = -1 (default)
2019-09-24 16:16:44,965 INFO  server.RaftServerConfigKeys (ConfUtils.java:logGet(43)) - raft.server.log.statemachine.data.caching.enabled = false (default)
2019-09-24 16:16:44,965 INFO  server.RaftServerConfigKeys (ConfUtils.java:logGet(43)) - raft.server.snapshot.retention.file.num = -1 (default)
2019-09-24 16:16:44,965 INFO  server.RaftServerConfigKeys (ConfUtils.java:logGet(43)) - raft.server.log.statemachine.data.caching.enabled = false (default)
2019-09-24 16:16:44,966 INFO  server.RaftServerConfigKeys (ConfUtils.java:logGet(43)) - raft.server.retrycache.expirytime = 60s (default)
2019-09-24 16:16:44,966 INFO  segmented.SegmentedRaftLogWorker (SegmentedRaftLogWorker.java:lambda$new$0(132)) - s2@group-E77E9FD8E08A-SegmentedRaftLogWorker: flushIndex: setUnconditionally 0 -> -1
2019-09-24 16:16:44,966 DEBUG client.GrpcClientProtocolService (GrpcClientProtocolService.java:sendReply(353)) - 22-OrderedRequestStreamObserver22: sendReply seq=558, RaftClientReply:client-EDB41257C35F->s2@group-5C26748AB2B1, cid=557, SUCCESS, logIndex=788, commits[s2:c843, s0:c740, s1:c740]
2019-09-24 16:16:44,966 INFO  segmented.SegmentedRaftLogWorker (SegmentedRaftLogWorker.java:lambda$new$0(132)) - s1@group-E77E9FD8E08A-SegmentedRaftLogWorker: flushIndex: setUnconditionally 0 -> -1
2019-09-24 16:16:44,966 INFO  server.RaftServerConfigKeys (ConfUtils.java:logGet(43)) - raft.server.snapshot.auto.trigger.enabled = false (default)
2019-09-24 16:16:44,966 INFO  server.RaftServerConfigKeys (ConfUtils.java:logGet(43)) - raft.server.snapshot.auto.trigger.enabled = false (default)
2019-09-24 16:16:44,966 INFO  server.RaftServerConfigKeys (ConfUtils.java:logGet(43)) - raft.server.snapshot.retention.file.num = -1 (default)
2019-09-24 16:16:44,967 INFO  server.RaftServerConfigKeys (ConfUtils.java:logGet(43)) - raft.server.snapshot.retention.file.num = -1 (default)
2019-09-24 16:16:44,967 INFO  server.RaftServerConfigKeys (ConfUtils.java:logGet(43)) - raft.server.retrycache.expirytime = 60s (default)
2019-09-24 16:16:44,967 INFO  server.RaftServerConfigKeys (ConfUtils.java:logGet(43)) - raft.server.retrycache.expirytime = 60s (default)
2019-09-24 16:16:44,967 DEBUG client.GrpcClientProtocolService (GrpcClientProtocolService.java:sendReply(353)) - 22-OrderedRequestStreamObserver22: sendReply seq=559, RaftClientReply:client-EDB41257C35F->s2@group-5C26748AB2B1, cid=558, SUCCESS, logIndex=789, commits[s2:c843, s0:c740, s1:c740]
2019-09-24 16:16:44,968 DEBUG client.GrpcClientProtocolService (GrpcClientProtocolService.java:sendReply(353)) - 22-OrderedRequestStreamObserver22: sendReply seq=560, RaftClientReply:client-EDB41257C35F->s2@group-5C26748AB2B1, cid=559, SUCCESS, logIndex=790, commits[s2:c843, s0:c740, s1:c740]
2019-09-24 16:16:44,969 DEBUG client.GrpcClientProtocolService (GrpcClientProtocolService.java:sendReply(353)) - 22-OrderedRequestStreamObserver22: sendReply seq=561, RaftClientReply:client-EDB41257C35F->s2@group-5C26748AB2B1, cid=560, SUCCESS, logIndex=791, commits[s2:c843, s0:c740, s1:c740]
2019-09-24 16:16:44,969 DEBUG client.GrpcClientProtocolService (GrpcClientProtocolService.java:sendReply(353)) - 22-OrderedRequestStreamObserver22: sendReply seq=562, RaftClientReply:client-EDB41257C35F->s2@group-5C26748AB2B1, cid=561, SUCCESS, logIndex=792, commits[s2:c843, s0:c740, s1:c740]
2019-09-24 16:16:44,971 DEBUG client.GrpcClientProtocolService (GrpcClientProtocolService.java:sendReply(353)) - 22-OrderedRequestStreamObserver22: sendReply seq=563, RaftClientReply:client-EDB41257C35F->s2@group-5C26748AB2B1, cid=562, SUCCESS, logIndex=793, commits[s2:c843, s0:c740, s1:c740]
2019-09-24 16:16:44,971 DEBUG client.GrpcClientProtocolService (GrpcClientProtocolService.java:sendReply(353)) - 22-OrderedRequestStreamObserver22: sendReply seq=564, RaftClientReply:client-EDB41257C35F->s2@group-5C26748AB2B1, cid=563, SUCCESS, logIndex=794, commits[s2:c843, s0:c740, s1:c740]
2019-09-24 16:16:44,972 DEBUG client.GrpcClientProtocolService (GrpcClientProtocolService.java:sendReply(353)) - 22-OrderedRequestStreamObserver22: sendReply seq=565, RaftClientReply:client-EDB41257C35F->s2@group-5C26748AB2B1, cid=564, SUCCESS, logIndex=795, commits[s2:c843, s0:c740, s1:c740]
2019-09-24 16:16:44,973 INFO  impl.RaftServerImpl (RaftServerImpl.java:start(181)) - s0@group-E77E9FD8E08A: start as a follower, conf=-1: [s0:0.0.0.0:34097, s1:0.0.0.0:42213, s2:0.0.0.0:41839], old=null
2019-09-24 16:16:44,974 DEBUG client.GrpcClientProtocolService (GrpcClientProtocolService.java:sendReply(353)) - 22-OrderedRequestStreamObserver22: sendReply seq=566, RaftClientReply:client-EDB41257C35F->s2@group-5C26748AB2B1, cid=565, SUCCESS, logIndex=796, commits[s2:c843, s0:c740, s1:c740]
2019-09-24 16:16:44,974 INFO  impl.RaftServerImpl (RaftServerImpl.java:setRole(170)) - s0@group-E77E9FD8E08A: changes role from      null to FOLLOWER at term 0 for startAsFollower
2019-09-24 16:16:44,974 INFO  impl.RoleInfo (RoleInfo.java:updateAndGet(143)) - s0: start FollowerState
2019-09-24 16:16:44,975 DEBUG client.GrpcClientProtocolService (GrpcClientProtocolService.java:sendReply(353)) - 22-OrderedRequestStreamObserver22: sendReply seq=567, RaftClientReply:client-EDB41257C35F->s2@group-5C26748AB2B1, cid=566, SUCCESS, logIndex=797, commits[s2:c843, s0:c740, s1:c740]
2019-09-24 16:16:44,975 INFO  util.JmxRegister (JmxRegister.java:tryRegister(44)) - Successfully registered JMX Bean with object name Ratis:service=RaftServer,group=group-E77E9FD8E08A,id=s0
2019-09-24 16:16:44,975 DEBUG client.GrpcClientProtocolService (GrpcClientProtocolService.java:sendReply(353)) - 22-OrderedRequestStreamObserver22: sendReply seq=568, RaftClientReply:client-EDB41257C35F->s2@group-5C26748AB2B1, cid=567, SUCCESS, logIndex=798, commits[s2:c843, s0:c740, s1:c740]
2019-09-24 16:16:44,976 DEBUG client.GrpcClientProtocolService (GrpcClientProtocolService.java:sendReply(353)) - 22-OrderedRequestStreamObserver22: sendReply seq=569, RaftClientReply:client-EDB41257C35F->s2@group-5C26748AB2B1, cid=568, SUCCESS, logIndex=799, commits[s2:c843, s0:c740, s1:c740]
2019-09-24 16:16:44,977 DEBUG client.GrpcClientProtocolService (GrpcClientProtocolService.java:sendReply(353)) - 22-OrderedRequestStreamObserver22: sendReply seq=570, RaftClientReply:client-EDB41257C35F->s2@group-5C26748AB2B1, cid=569, SUCCESS, logIndex=800, commits[s2:c843, s0:c740, s1:c740]
2019-09-24 16:16:44,978 DEBUG client.GrpcClientProtocolService (GrpcClientProtocolService.java:sendReply(353)) - 22-OrderedRequestStreamObserver22: sendReply seq=571, RaftClientReply:client-EDB41257C35F->s2@group-5C26748AB2B1, cid=570, SUCCESS, logIndex=801, commits[s2:c843, s0:c740, s1:c740]
2019-09-24 16:16:44,978 DEBUG client.GrpcClientProtocolService (GrpcClientProtocolService.java:sendReply(353)) - 22-OrderedRequestStreamObserver22: sendReply seq=572, RaftClientReply:client-EDB41257C35F->s2@group-5C26748AB2B1, cid=571, SUCCESS, logIndex=802, commits[s2:c843, s0:c740, s1:c740]
2019-09-24 16:16:44,979 DEBUG client.GrpcClientProtocolService (GrpcClientProtocolService.java:sendReply(353)) - 22-OrderedRequestStreamObserver22: sendReply seq=573, RaftClientReply:client-EDB41257C35F->s2@group-5C26748AB2B1, cid=572, SUCCESS, logIndex=803, commits[s2:c843, s0:c740, s1:c740]
2019-09-24 16:16:44,979 INFO  impl.RaftServerProxy (RaftServerProxy.java:lambda$start$3(299)) - s0: start RPC server
2019-09-24 16:16:44,980 DEBUG client.GrpcClientProtocolService (GrpcClientProtocolService.java:sendReply(353)) - 22-OrderedRequestStreamObserver22: sendReply seq=574, RaftClientReply:client-EDB41257C35F->s2@group-5C26748AB2B1, cid=573, SUCCESS, logIndex=804, commits[s2:c843, s0:c740, s1:c740]
2019-09-24 16:16:44,980 DEBUG client.GrpcClientProtocolService (GrpcClientProtocolService.java:sendReply(353)) - 22-OrderedRequestStreamObserver22: sendReply seq=575, RaftClientReply:client-EDB41257C35F->s2@group-5C26748AB2B1, cid=574, SUCCESS, logIndex=805, commits[s2:c843, s0:c740, s1:c740]
2019-09-24 16:16:44,981 INFO  server.GrpcService (GrpcService.java:startImpl(158)) - s0: GrpcService started, listening on 0.0.0.0/0.0.0.0:34097
2019-09-24 16:16:44,981 DEBUG client.GrpcClientProtocolService (GrpcClientProtocolService.java:sendReply(353)) - 22-OrderedRequestStreamObserver22: sendReply seq=576, RaftClientReply:client-EDB41257C35F->s2@group-5C26748AB2B1, cid=575, SUCCESS, logIndex=806, commits[s2:c843, s0:c740, s1:c740]
2019-09-24 16:16:44,981 INFO  impl.RaftServerImpl (RaftServerImpl.java:start(181)) - s1@group-E77E9FD8E08A: start as a follower, conf=-1: [s0:0.0.0.0:34097, s1:0.0.0.0:42213, s2:0.0.0.0:41839], old=null
2019-09-24 16:16:44,981 INFO  impl.RaftServerImpl (RaftServerImpl.java:setRole(170)) - s1@group-E77E9FD8E08A: changes role from      null to FOLLOWER at term 0 for startAsFollower
2019-09-24 16:16:44,982 INFO  impl.RoleInfo (RoleInfo.java:updateAndGet(143)) - s1: start FollowerState
2019-09-24 16:16:44,982 DEBUG client.GrpcClientProtocolService (GrpcClientProtocolService.java:sendReply(353)) - 22-OrderedRequestStreamObserver22: sendReply seq=577, RaftClientReply:client-EDB41257C35F->s2@group-5C26748AB2B1, cid=576, SUCCESS, logIndex=807, commits[s2:c843, s0:c740, s1:c740]
2019-09-24 16:16:44,982 INFO  util.JmxRegister (JmxRegister.java:tryRegister(44)) - Successfully registered JMX Bean with object name Ratis:service=RaftServer,group=group-E77E9FD8E08A,id=s1
2019-09-24 16:16:44,982 DEBUG client.GrpcClientProtocolService (GrpcClientProtocolService.java:sendReply(353)) - 22-OrderedRequestStreamObserver22: sendReply seq=578, RaftClientReply:client-EDB41257C35F->s2@group-5C26748AB2B1, cid=577, SUCCESS, logIndex=808, commits[s2:c843, s0:c740, s1:c740]
2019-09-24 16:16:44,983 DEBUG client.GrpcClientProtocolService (GrpcClientProtocolService.java:sendReply(353)) - 22-OrderedRequestStreamObserver22: sendReply seq=579, RaftClientReply:client-EDB41257C35F->s2@group-5C26748AB2B1, cid=578, SUCCESS, logIndex=809, commits[s2:c843, s0:c740, s1:c740]
2019-09-24 16:16:44,984 DEBUG client.GrpcClientProtocolService (GrpcClientProtocolService.java:sendReply(353)) - 22-OrderedRequestStreamObserver22: sendReply seq=580, RaftClientReply:client-EDB41257C35F->s2@group-5C26748AB2B1, cid=579, SUCCESS, logIndex=810, commits[s2:c843, s0:c740, s1:c740]
2019-09-24 16:16:44,984 DEBUG client.GrpcClientProtocolService (GrpcClientProtocolService.java:sendReply(353)) - 22-OrderedRequestStreamObserver22: sendReply seq=581, RaftClientReply:client-EDB41257C35F->s2@group-5C26748AB2B1, cid=580, SUCCESS, logIndex=811, commits[s2:c843, s0:c740, s1:c740]
2019-09-24 16:16:44,985 DEBUG client.GrpcClientProtocolService (GrpcClientProtocolService.java:sendReply(353)) - 22-OrderedRequestStreamObserver22: sendReply seq=582, RaftClientReply:client-EDB41257C35F->s2@group-5C26748AB2B1, cid=581, SUCCESS, logIndex=812, commits[s2:c843, s0:c740, s1:c740]
2019-09-24 16:16:44,985 INFO  impl.RaftServerProxy (RaftServerProxy.java:lambda$start$3(299)) - s1: start RPC server
2019-09-24 16:16:44,986 DEBUG client.GrpcClientProtocolService (GrpcClientProtocolService.java:sendReply(353)) - 22-OrderedRequestStreamObserver22: sendReply seq=583, RaftClientReply:client-EDB41257C35F->s2@group-5C26748AB2B1, cid=582, SUCCESS, logIndex=813, commits[s2:c843, s0:c740, s1:c740]
2019-09-24 16:16:44,986 INFO  server.GrpcService (GrpcService.java:startImpl(158)) - s1: GrpcService started, listening on 0.0.0.0/0.0.0.0:42213
2019-09-24 16:16:44,987 INFO  impl.RaftServerImpl (RaftServerImpl.java:start(181)) - s2@group-E77E9FD8E08A: start as a follower, conf=-1: [s0:0.0.0.0:34097, s1:0.0.0.0:42213, s2:0.0.0.0:41839], old=null
2019-09-24 16:16:44,987 INFO  impl.RaftServerImpl (RaftServerImpl.java:setRole(170)) - s2@group-E77E9FD8E08A: changes role from      null to FOLLOWER at term 0 for startAsFollower
2019-09-24 16:16:44,987 DEBUG client.GrpcClientProtocolService (GrpcClientProtocolService.java:sendReply(353)) - 22-OrderedRequestStreamObserver22: sendReply seq=584, RaftClientReply:client-EDB41257C35F->s2@group-5C26748AB2B1, cid=583, SUCCESS, logIndex=814, commits[s2:c843, s0:c740, s1:c740]
2019-09-24 16:16:44,987 INFO  impl.RoleInfo (RoleInfo.java:updateAndGet(143)) - s2: start FollowerState
2019-09-24 16:16:44,988 INFO  util.JmxRegister (JmxRegister.java:tryRegister(44)) - Successfully registered JMX Bean with object name Ratis:service=RaftServer,group=group-E77E9FD8E08A,id=s2
2019-09-24 16:16:44,988 DEBUG client.GrpcClientProtocolService (GrpcClientProtocolService.java:sendReply(353)) - 22-OrderedRequestStreamObserver22: sendReply seq=585, RaftClientReply:client-EDB41257C35F->s2@group-5C26748AB2B1, cid=584, SUCCESS, logIndex=815, commits[s2:c843, s0:c740, s1:c740]
2019-09-24 16:16:44,989 DEBUG client.GrpcClientProtocolService (GrpcClientProtocolService.java:sendReply(353)) - 22-OrderedRequestStreamObserver22: sendReply seq=586, RaftClientReply:client-EDB41257C35F->s2@group-5C26748AB2B1, cid=585, SUCCESS, logIndex=816, commits[s2:c843, s0:c740, s1:c740]
2019-09-24 16:16:44,989 DEBUG client.GrpcClientProtocolService (GrpcClientProtocolService.java:sendReply(353)) - 22-OrderedRequestStreamObserver22: sendReply seq=587, RaftClientReply:client-EDB41257C35F->s2@group-5C26748AB2B1, cid=586, SUCCESS, logIndex=817, commits[s2:c843, s0:c740, s1:c740]
2019-09-24 16:16:44,990 DEBUG client.GrpcClientProtocolService (GrpcClientProtocolService.java:sendReply(353)) - 22-OrderedRequestStreamObserver22: sendReply seq=588, RaftClientReply:client-EDB41257C35F->s2@group-5C26748AB2B1, cid=587, SUCCESS, logIndex=818, commits[s2:c843, s0:c740, s1:c740]
2019-09-24 16:16:44,991 DEBUG client.GrpcClientProtocolService (GrpcClientProtocolService.java:sendReply(353)) - 22-OrderedRequestStreamObserver22: sendReply seq=589, RaftClientReply:client-EDB41257C35F->s2@group-5C26748AB2B1, cid=588, SUCCESS, logIndex=819, commits[s2:c843, s0:c740, s1:c740]
2019-09-24 16:16:44,991 DEBUG client.GrpcClientProtocolService (GrpcClientProtocolService.java:sendReply(353)) - 22-OrderedRequestStreamObserver22: sendReply seq=590, RaftClientReply:client-EDB41257C35F->s2@group-5C26748AB2B1, cid=589, SUCCESS, logIndex=820, commits[s2:c843, s0:c740, s1:c740]
2019-09-24 16:16:44,991 INFO  impl.RaftServerProxy (RaftServerProxy.java:lambda$start$3(299)) - s2: start RPC server
2019-09-24 16:16:44,992 DEBUG client.GrpcClientProtocolService (GrpcClientProtocolService.java:sendReply(353)) - 22-OrderedRequestStreamObserver22: sendReply seq=591, RaftClientReply:client-EDB41257C35F->s2@group-5C26748AB2B1, cid=590, SUCCESS, logIndex=821, commits[s2:c843, s0:c740, s1:c740]
2019-09-24 16:16:44,992 INFO  server.GrpcService (GrpcService.java:startImpl(158)) - s2: GrpcService started, listening on 0.0.0.0/0.0.0.0:41839
2019-09-24 16:16:44,993 DEBUG client.GrpcClientProtocolService (GrpcClientProtocolService.java:sendReply(353)) - 22-OrderedRequestStreamObserver22: sendReply seq=592, RaftClientReply:client-EDB41257C35F->s2@group-5C26748AB2B1, cid=591, SUCCESS, logIndex=822, commits[s2:c843, s0:c740, s1:c740]
2019-09-24 16:16:44,993 DEBUG client.GrpcClientProtocolService (GrpcClientProtocolService.java:sendReply(353)) - 22-OrderedRequestStreamObserver22: sendReply seq=593, RaftClientReply:client-EDB41257C35F->s2@group-5C26748AB2B1, cid=592, SUCCESS, logIndex=823, commits[s2:c843, s0:c740, s1:c740]
2019-09-24 16:16:44,994 DEBUG client.GrpcClientProtocolService (GrpcClientProtocolService.java:sendReply(353)) - 22-OrderedRequestStreamObserver22: sendReply seq=594, RaftClientReply:client-EDB41257C35F->s2@group-5C26748AB2B1, cid=593, SUCCESS, logIndex=824, commits[s2:c843, s0:c740, s1:c740]
2019-09-24 16:16:44,995 DEBUG client.GrpcClientProtocolService (GrpcClientProtocolService.java:sendReply(353)) - 22-OrderedRequestStreamObserver22: sendReply seq=595, RaftClientReply:client-EDB41257C35F->s2@group-5C26748AB2B1, cid=594, SUCCESS, logIndex=825, commits[s2:c843, s0:c740, s1:c740]
2019-09-24 16:16:44,995 INFO  server.RaftServerConfigKeys (ConfUtils.java:logGet(43)) - raft.server.rpc.timeout.max = 300ms (default)
2019-09-24 16:16:44,995 DEBUG client.GrpcClientProtocolService (GrpcClientProtocolService.java:sendReply(353)) - 22-OrderedRequestStreamObserver22: sendReply seq=596, RaftClientReply:client-EDB41257C35F->s2@group-5C26748AB2B1, cid=595, SUCCESS, logIndex=826, commits[s2:c843, s0:c740, s1:c740]
2019-09-24 16:16:44,996 DEBUG client.GrpcClientProtocolService (GrpcClientProtocolService.java:sendReply(353)) - 22-OrderedRequestStreamObserver22: sendReply seq=597, RaftClientReply:client-EDB41257C35F->s2@group-5C26748AB2B1, cid=596, SUCCESS, logIndex=827, commits[s2:c843, s0:c740, s1:c740]
2019-09-24 16:16:44,996 INFO  ratis.RaftTestUtil (RaftTestUtil.java:waitForLeader(86)) - printing ALL groups
  s0:  RUNNING  FOLLOWER s0@group-E77E9FD8E08A:t0, leader=null, voted=null, raftlog=s0@group-E77E9FD8E08A-SegmentedRaftLog:OPENED:c-1,f-1,i0, conf=-1: [s0:0.0.0.0:34097, s1:0.0.0.0:42213, s2:0.0.0.0:41839], old=null RUNNING
  s1:  RUNNING  FOLLOWER s1@group-E77E9FD8E08A:t0, leader=null, voted=null, raftlog=s1@group-E77E9FD8E08A-SegmentedRaftLog:OPENED:c-1,f-1,i0, conf=-1: [s0:0.0.0.0:34097, s1:0.0.0.0:42213, s2:0.0.0.0:41839], old=null RUNNING
  s2:  RUNNING  FOLLOWER s2@group-E77E9FD8E08A:t0, leader=null, voted=null, raftlog=s2@group-E77E9FD8E08A-SegmentedRaftLog:OPENED:c-1,f-1,i0, conf=-1: [s0:0.0.0.0:34097, s1:0.0.0.0:42213, s2:0.0.0.0:41839], old=null RUNNING
2019-09-24 16:16:44,996 DEBUG client.GrpcClientProtocolService (GrpcClientProtocolService.java:sendReply(353)) - 22-OrderedRequestStreamObserver22: sendReply seq=598, RaftClientReply:client-EDB41257C35F->s2@group-5C26748AB2B1, cid=597, SUCCESS, logIndex=828, commits[s2:c843, s0:c740, s1:c740]
2019-09-24 16:16:44,997 DEBUG client.GrpcClientProtocolService (GrpcClientProtocolService.java:sendReply(353)) - 22-OrderedRequestStreamObserver22: sendReply seq=599, RaftClientReply:client-EDB41257C35F->s2@group-5C26748AB2B1, cid=598, SUCCESS, logIndex=829, commits[s2:c843, s0:c740, s1:c740]
2019-09-24 16:16:44,997 DEBUG client.GrpcClientProtocolService (GrpcClientProtocolService.java:sendReply(353)) - 22-OrderedRequestStreamObserver22: sendReply seq=600, RaftClientReply:client-EDB41257C35F->s2@group-5C26748AB2B1, cid=599, SUCCESS, logIndex=830, commits[s2:c843, s0:c740, s1:c843]
2019-09-24 16:16:44,998 DEBUG client.GrpcClientProtocolService (GrpcClientProtocolService.java:sendReply(353)) - 22-OrderedRequestStreamObserver22: sendReply seq=601, RaftClientReply:client-EDB41257C35F->s2@group-5C26748AB2B1, cid=600, SUCCESS, logIndex=831, commits[s2:c843, s0:c740, s1:c843]
2019-09-24 16:16:44,999 DEBUG client.GrpcClientProtocolService (GrpcClientProtocolService.java:sendReply(353)) - 22-OrderedRequestStreamObserver22: sendReply seq=602, RaftClientReply:client-EDB41257C35F->s2@group-5C26748AB2B1, cid=601, SUCCESS, logIndex=832, commits[s2:c844, s0:c843, s1:c843]
2019-09-24 16:16:44,999 DEBUG client.GrpcClientProtocolService (GrpcClientProtocolService.java:sendReply(353)) - 22-OrderedRequestStreamObserver22: sendReply seq=603, RaftClientReply:client-EDB41257C35F->s2@group-5C26748AB2B1, cid=602, SUCCESS, logIndex=833, commits[s2:c844, s0:c843, s1:c843]
2019-09-24 16:16:45,000 DEBUG client.GrpcClientProtocolService (GrpcClientProtocolService.java:sendReply(353)) - 22-OrderedRequestStreamObserver22: sendReply seq=604, RaftClientReply:client-EDB41257C35F->s2@group-5C26748AB2B1, cid=603, SUCCESS, logIndex=834, commits[s2:c844, s0:c843, s1:c843]
2019-09-24 16:16:45,001 WARN  ratis.RaftTestUtil (JavaUtils.java:attempt(158)) - FAILED "waitForLeader-null-(expectLeader? true)", attempt #1/100: java.lang.IllegalStateException: No leader yet : printing ALL groups
  s0:  RUNNING  FOLLOWER s0@group-E77E9FD8E08A:t0, leader=null, voted=null, raftlog=s0@group-E77E9FD8E08A-SegmentedRaftLog:OPENED:c-1,f-1,i0, conf=-1: [s0:0.0.0.0:34097, s1:0.0.0.0:42213, s2:0.0.0.0:41839], old=null RUNNING
  s1:  RUNNING  FOLLOWER s1@group-E77E9FD8E08A:t0, leader=null, voted=null, raftlog=s1@group-E77E9FD8E08A-SegmentedRaftLog:OPENED:c-1,f-1,i0, conf=-1: [s0:0.0.0.0:34097, s1:0.0.0.0:42213, s2:0.0.0.0:41839], old=null RUNNING
  s2:  RUNNING  FOLLOWER s2@group-E77E9FD8E08A:t0, leader=null, voted=null, raftlog=s2@group-E77E9FD8E08A-SegmentedRaftLog:OPENED:c-1,f-1,i0, conf=-1: [s0:0.0.0.0:34097, s1:0.0.0.0:42213, s2:0.0.0.0:41839], old=null RUNNING, sleep 450ms and then retry.
java.lang.IllegalStateException: No leader yet : printing ALL groups
  s0:  RUNNING  FOLLOWER s0@group-E77E9FD8E08A:t0, leader=null, voted=null, raftlog=s0@group-E77E9FD8E08A-SegmentedRaftLog:OPENED:c-1,f-1,i0, conf=-1: [s0:0.0.0.0:34097, s1:0.0.0.0:42213, s2:0.0.0.0:41839], old=null RUNNING
  s1:  RUNNING  FOLLOWER s1@group-E77E9FD8E08A:t0, leader=null, voted=null, raftlog=s1@group-E77E9FD8E08A-SegmentedRaftLog:OPENED:c-1,f-1,i0, conf=-1: [s0:0.0.0.0:34097, s1:0.0.0.0:42213, s2:0.0.0.0:41839], old=null RUNNING
  s2:  RUNNING  FOLLOWER s2@group-E77E9FD8E08A:t0, leader=null, voted=null, raftlog=s2@group-E77E9FD8E08A-SegmentedRaftLog:OPENED:c-1,f-1,i0, conf=-1: [s0:0.0.0.0:34097, s1:0.0.0.0:42213, s2:0.0.0.0:41839], old=null RUNNING
	at org.apache.ratis.MiniRaftCluster.newIllegalStateExceptionForNoLeaders(MiniRaftCluster.java:506)
	at org.apache.ratis.RaftTestUtil.lambda$waitForLeader$1(RaftTestUtil.java:90)
	at org.apache.ratis.MiniRaftCluster.getLeader(MiniRaftCluster.java:539)
	at org.apache.ratis.MiniRaftCluster.getLeader(MiniRaftCluster.java:532)
	at org.apache.ratis.RaftTestUtil.lambda$waitForLeader$3(RaftTestUtil.java:98)
	at org.apache.ratis.util.JavaUtils.attempt(JavaUtils.java:152)
	at org.apache.ratis.RaftTestUtil.waitForLeader(RaftTestUtil.java:97)
	at org.apache.ratis.RaftTestUtil.waitForLeader(RaftTestUtil.java:77)
	at org.apache.ratis.RaftTestUtil.waitForLeader(RaftTestUtil.java:72)
	at org.apache.ratis.OutputStreamBaseTest.runTestWriteAndFlush(OutputStreamBaseTest.java:121)
	at org.apache.ratis.MiniRaftCluster$Factory$Get.runWithNewCluster(MiniRaftCluster.java:125)
	at org.apache.ratis.MiniRaftCluster$Factory$Get.runWithNewCluster(MiniRaftCluster.java:113)
	at org.apache.ratis.OutputStreamBaseTest.testWriteAndFlush(OutputStreamBaseTest.java:116)
	at sun.reflect.NativeMethodAccessorImpl.invoke0(Native Method)
	at sun.reflect.NativeMethodAccessorImpl.invoke(NativeMethodAccessorImpl.java:62)
	at sun.reflect.DelegatingMethodAccessorImpl.invoke(DelegatingMethodAccessorImpl.java:43)
	at java.lang.reflect.Method.invoke(Method.java:498)
	at org.junit.runners.model.FrameworkMethod$1.runReflectiveCall(FrameworkMethod.java:50)
	at org.junit.internal.runners.model.ReflectiveCallable.run(ReflectiveCallable.java:12)
	at org.junit.runners.model.FrameworkMethod.invokeExplosively(FrameworkMethod.java:47)
	at org.junit.internal.runners.statements.InvokeMethod.evaluate(InvokeMethod.java:17)
	at org.junit.internal.runners.statements.RunAfters.evaluate(RunAfters.java:27)
	at org.junit.internal.runners.statements.FailOnTimeout$CallableStatement.call(FailOnTimeout.java:298)
	at org.junit.internal.runners.statements.FailOnTimeout$CallableStatement.call(FailOnTimeout.java:292)
	at java.util.concurrent.FutureTask.run(FutureTask.java:266)
	at java.lang.Thread.run(Thread.java:748)
2019-09-24 16:16:45,001 DEBUG client.GrpcClientProtocolService (GrpcClientProtocolService.java:sendReply(353)) - 22-OrderedRequestStreamObserver22: sendReply seq=605, RaftClientReply:client-EDB41257C35F->s2@group-5C26748AB2B1, cid=604, SUCCESS, logIndex=835, commits[s2:c844, s0:c843, s1:c843]
2019-09-24 16:16:45,002 DEBUG client.GrpcClientProtocolService (GrpcClientProtocolService.java:sendReply(353)) - 22-OrderedRequestStreamObserver22: sendReply seq=606, RaftClientReply:client-EDB41257C35F->s2@group-5C26748AB2B1, cid=605, SUCCESS, logIndex=836, commits[s2:c844, s0:c843, s1:c843]
2019-09-24 16:16:45,003 DEBUG client.GrpcClientProtocolService (GrpcClientProtocolService.java:sendReply(353)) - 22-OrderedRequestStreamObserver22: sendReply seq=607, RaftClientReply:client-EDB41257C35F->s2@group-5C26748AB2B1, cid=606, SUCCESS, logIndex=837, commits[s2:c844, s0:c843, s1:c843]
2019-09-24 16:16:45,003 DEBUG client.GrpcClientProtocolService (GrpcClientProtocolService.java:sendReply(353)) - 22-OrderedRequestStreamObserver22: sendReply seq=608, RaftClientReply:client-EDB41257C35F->s2@group-5C26748AB2B1, cid=607, SUCCESS, logIndex=838, commits[s2:c844, s0:c843, s1:c843]
2019-09-24 16:16:45,004 DEBUG client.GrpcClientProtocolService (GrpcClientProtocolService.java:sendReply(353)) - 22-OrderedRequestStreamObserver22: sendReply seq=609, RaftClientReply:client-EDB41257C35F->s2@group-5C26748AB2B1, cid=608, SUCCESS, logIndex=839, commits[s2:c844, s0:c843, s1:c843]
2019-09-24 16:16:45,005 DEBUG client.GrpcClientProtocolService (GrpcClientProtocolService.java:sendReply(353)) - 22-OrderedRequestStreamObserver22: sendReply seq=610, RaftClientReply:client-EDB41257C35F->s2@group-5C26748AB2B1, cid=609, SUCCESS, logIndex=841, commits[s2:c844, s0:c843, s1:c843]
2019-09-24 16:16:45,006 DEBUG client.GrpcClientProtocolService (GrpcClientProtocolService.java:sendReply(353)) - 22-OrderedRequestStreamObserver22: sendReply seq=611, RaftClientReply:client-EDB41257C35F->s2@group-5C26748AB2B1, cid=610, SUCCESS, logIndex=843, commits[s2:c844, s0:c843, s1:c843]
2019-09-24 16:16:45,022 DEBUG client.GrpcClientProtocolService (GrpcClientProtocolService.java:sendReply(353)) - 22-OrderedRequestStreamObserver22: sendReply seq=612, RaftClientReply:client-EDB41257C35F->s2@group-5C26748AB2B1, cid=611, SUCCESS, logIndex=845, commits[s2:c846, s0:c844, s1:c843]
2019-09-24 16:16:45,022 DEBUG client.GrpcClientProtocolService (GrpcClientProtocolService.java:sendReply(353)) - 22-OrderedRequestStreamObserver22: sendReply seq=613, RaftClientReply:client-EDB41257C35F->s2@group-5C26748AB2B1, cid=612, SUCCESS, logIndex=846, commits[s2:c846, s0:c844, s1:c844]
2019-09-24 16:16:45,043 DEBUG client.GrpcClientProtocolService (GrpcClientProtocolService.java:sendReply(353)) - 22-OrderedRequestStreamObserver22: sendReply seq=614, RaftClientReply:client-EDB41257C35F->s2@group-5C26748AB2B1, cid=613, SUCCESS, logIndex=847, commits[s2:c847, s0:c844, s1:c844]
2019-09-24 16:16:45,045 DEBUG client.GrpcClientProtocolService (GrpcClientProtocolService.java:sendReply(353)) - 22-OrderedRequestStreamObserver22: sendReply seq=615, RaftClientReply:client-EDB41257C35F->s2@group-5C26748AB2B1, cid=614, SUCCESS, logIndex=848, commits[s2:c848, s0:c844, s1:c844]
2019-09-24 16:16:45,046 DEBUG client.GrpcClientProtocolService (GrpcClientProtocolService.java:sendReply(353)) - 22-OrderedRequestStreamObserver22: sendReply seq=616, RaftClientReply:client-EDB41257C35F->s2@group-5C26748AB2B1, cid=615, SUCCESS, logIndex=849, commits[s2:c852, s0:c844, s1:c844]
2019-09-24 16:16:45,047 DEBUG client.GrpcClientProtocolService (GrpcClientProtocolService.java:sendReply(353)) - 22-OrderedRequestStreamObserver22: sendReply seq=617, RaftClientReply:client-EDB41257C35F->s2@group-5C26748AB2B1, cid=616, SUCCESS, logIndex=850, commits[s2:c853, s0:c844, s1:c844]
2019-09-24 16:16:45,047 DEBUG client.GrpcClientProtocolService (GrpcClientProtocolService.java:sendReply(353)) - 22-OrderedRequestStreamObserver22: sendReply seq=618, RaftClientReply:client-EDB41257C35F->s2@group-5C26748AB2B1, cid=617, SUCCESS, logIndex=851, commits[s2:c853, s0:c844, s1:c844]
2019-09-24 16:16:45,050 DEBUG client.GrpcClientProtocolService (GrpcClientProtocolService.java:sendReply(353)) - 22-OrderedRequestStreamObserver22: sendReply seq=619, RaftClientReply:client-EDB41257C35F->s2@group-5C26748AB2B1, cid=618, SUCCESS, logIndex=852, commits[s2:c854, s0:c844, s1:c844]
2019-09-24 16:16:45,053 DEBUG client.GrpcClientProtocolService (GrpcClientProtocolService.java:sendReply(353)) - 22-OrderedRequestStreamObserver22: sendReply seq=620, RaftClientReply:client-EDB41257C35F->s2@group-5C26748AB2B1, cid=619, SUCCESS, logIndex=853, commits[s2:c857, s0:c844, s1:c844]
2019-09-24 16:16:45,053 DEBUG client.GrpcClientProtocolService (GrpcClientProtocolService.java:sendReply(353)) - 22-OrderedRequestStreamObserver22: sendReply seq=621, RaftClientReply:client-EDB41257C35F->s2@group-5C26748AB2B1, cid=620, SUCCESS, logIndex=854, commits[s2:c857, s0:c844, s1:c844]
2019-09-24 16:16:45,053 DEBUG client.GrpcClientProtocolService (GrpcClientProtocolService.java:sendReply(353)) - 22-OrderedRequestStreamObserver22: sendReply seq=622, RaftClientReply:client-EDB41257C35F->s2@group-5C26748AB2B1, cid=621, SUCCESS, logIndex=855, commits[s2:c857, s0:c844, s1:c844]
2019-09-24 16:16:45,054 DEBUG client.GrpcClientProtocolService (GrpcClientProtocolService.java:sendReply(353)) - 22-OrderedRequestStreamObserver22: sendReply seq=623, RaftClientReply:client-EDB41257C35F->s2@group-5C26748AB2B1, cid=622, SUCCESS, logIndex=856, commits[s2:c862, s0:c844, s1:c844]
2019-09-24 16:16:45,054 DEBUG client.GrpcClientProtocolService (GrpcClientProtocolService.java:sendReply(353)) - 22-OrderedRequestStreamObserver22: sendReply seq=624, RaftClientReply:client-EDB41257C35F->s2@group-5C26748AB2B1, cid=623, SUCCESS, logIndex=857, commits[s2:c862, s0:c844, s1:c844]
2019-09-24 16:16:45,054 DEBUG client.GrpcClientProtocolService (GrpcClientProtocolService.java:sendReply(353)) - 22-OrderedRequestStreamObserver22: sendReply seq=625, RaftClientReply:client-EDB41257C35F->s2@group-5C26748AB2B1, cid=624, SUCCESS, logIndex=858, commits[s2:c862, s0:c844, s1:c844]
2019-09-24 16:16:45,056 DEBUG client.GrpcClientProtocolService (GrpcClientProtocolService.java:sendReply(353)) - 22-OrderedRequestStreamObserver22: sendReply seq=626, RaftClientReply:client-EDB41257C35F->s2@group-5C26748AB2B1, cid=625, SUCCESS, logIndex=859, commits[s2:c869, s0:c844, s1:c844]
2019-09-24 16:16:45,057 DEBUG client.GrpcClientProtocolService (GrpcClientProtocolService.java:sendReply(353)) - 22-OrderedRequestStreamObserver22: sendReply seq=627, RaftClientReply:client-EDB41257C35F->s2@group-5C26748AB2B1, cid=626, SUCCESS, logIndex=860, commits[s2:c869, s0:c844, s1:c844]
2019-09-24 16:16:45,057 DEBUG client.GrpcClientProtocolService (GrpcClientProtocolService.java:sendReply(353)) - 22-OrderedRequestStreamObserver22: sendReply seq=628, RaftClientReply:client-EDB41257C35F->s2@group-5C26748AB2B1, cid=627, SUCCESS, logIndex=861, commits[s2:c869, s0:c844, s1:c844]
2019-09-24 16:16:45,058 DEBUG client.GrpcClientProtocolService (GrpcClientProtocolService.java:sendReply(353)) - 22-OrderedRequestStreamObserver22: sendReply seq=629, RaftClientReply:client-EDB41257C35F->s2@group-5C26748AB2B1, cid=628, SUCCESS, logIndex=862, commits[s2:c869, s0:c844, s1:c844]
2019-09-24 16:16:45,058 DEBUG client.GrpcClientProtocolService (GrpcClientProtocolService.java:sendReply(353)) - 22-OrderedRequestStreamObserver22: sendReply seq=630, RaftClientReply:client-EDB41257C35F->s2@group-5C26748AB2B1, cid=629, SUCCESS, logIndex=863, commits[s2:c869, s0:c844, s1:c844]
2019-09-24 16:16:45,058 DEBUG client.GrpcClientProtocolService (GrpcClientProtocolService.java:sendReply(353)) - 22-OrderedRequestStreamObserver22: sendReply seq=631, RaftClientReply:client-EDB41257C35F->s2@group-5C26748AB2B1, cid=630, SUCCESS, logIndex=864, commits[s2:c873, s0:c844, s1:c844]
2019-09-24 16:16:45,058 DEBUG client.GrpcClientProtocolService (GrpcClientProtocolService.java:sendReply(353)) - 22-OrderedRequestStreamObserver22: sendReply seq=632, RaftClientReply:client-EDB41257C35F->s2@group-5C26748AB2B1, cid=631, SUCCESS, logIndex=865, commits[s2:c876, s0:c844, s1:c844]
2019-09-24 16:16:45,058 DEBUG client.GrpcClientProtocolService (GrpcClientProtocolService.java:sendReply(353)) - 22-OrderedRequestStreamObserver22: sendReply seq=633, RaftClientReply:client-EDB41257C35F->s2@group-5C26748AB2B1, cid=632, SUCCESS, logIndex=866, commits[s2:c876, s0:c844, s1:c844]
2019-09-24 16:16:45,061 DEBUG client.GrpcClientProtocolService (GrpcClientProtocolService.java:sendReply(353)) - 22-OrderedRequestStreamObserver22: sendReply seq=634, RaftClientReply:client-EDB41257C35F->s2@group-5C26748AB2B1, cid=633, SUCCESS, logIndex=867, commits[s2:c878, s0:c844, s1:c844]
2019-09-24 16:16:45,063 DEBUG client.GrpcClientProtocolService (GrpcClientProtocolService.java:sendReply(353)) - 22-OrderedRequestStreamObserver22: sendReply seq=635, RaftClientReply:client-EDB41257C35F->s2@group-5C26748AB2B1, cid=634, SUCCESS, logIndex=868, commits[s2:c891, s0:c844, s1:c844]
2019-09-24 16:16:45,063 DEBUG client.GrpcClientProtocolService (GrpcClientProtocolService.java:sendReply(353)) - 22-OrderedRequestStreamObserver22: sendReply seq=636, RaftClientReply:client-EDB41257C35F->s2@group-5C26748AB2B1, cid=635, SUCCESS, logIndex=869, commits[s2:c891, s0:c844, s1:c844]
2019-09-24 16:16:45,063 DEBUG client.GrpcClientProtocolService (GrpcClientProtocolService.java:sendReply(353)) - 22-OrderedRequestStreamObserver22: sendReply seq=637, RaftClientReply:client-EDB41257C35F->s2@group-5C26748AB2B1, cid=636, SUCCESS, logIndex=870, commits[s2:c896, s0:c844, s1:c844]
2019-09-24 16:16:45,063 DEBUG client.GrpcClientProtocolService (GrpcClientProtocolService.java:sendReply(353)) - 22-OrderedRequestStreamObserver22: sendReply seq=638, RaftClientReply:client-EDB41257C35F->s2@group-5C26748AB2B1, cid=637, SUCCESS, logIndex=871, commits[s2:c896, s0:c844, s1:c844]
2019-09-24 16:16:45,064 DEBUG client.GrpcClientProtocolService (GrpcClientProtocolService.java:sendReply(353)) - 22-OrderedRequestStreamObserver22: sendReply seq=639, RaftClientReply:client-EDB41257C35F->s2@group-5C26748AB2B1, cid=638, SUCCESS, logIndex=872, commits[s2:c900, s0:c844, s1:c844]
2019-09-24 16:16:45,064 DEBUG client.GrpcClientProtocolService (GrpcClientProtocolService.java:sendReply(353)) - 22-OrderedRequestStreamObserver22: sendReply seq=640, RaftClientReply:client-EDB41257C35F->s2@group-5C26748AB2B1, cid=639, SUCCESS, logIndex=873, commits[s2:c900, s0:c844, s1:c844]
2019-09-24 16:16:45,064 DEBUG client.GrpcClientProtocolService (GrpcClientProtocolService.java:sendReply(353)) - 22-OrderedRequestStreamObserver22: sendReply seq=641, RaftClientReply:client-EDB41257C35F->s2@group-5C26748AB2B1, cid=640, SUCCESS, logIndex=874, commits[s2:c901, s0:c844, s1:c844]
2019-09-24 16:16:45,065 DEBUG client.GrpcClientProtocolService (GrpcClientProtocolService.java:sendReply(353)) - 22-OrderedRequestStreamObserver22: sendReply seq=642, RaftClientReply:client-EDB41257C35F->s2@group-5C26748AB2B1, cid=641, SUCCESS, logIndex=875, commits[s2:c908, s0:c844, s1:c844]
2019-09-24 16:16:45,066 DEBUG client.GrpcClientProtocolService (GrpcClientProtocolService.java:sendReply(353)) - 22-OrderedRequestStreamObserver22: sendReply seq=643, RaftClientReply:client-EDB41257C35F->s2@group-5C26748AB2B1, cid=642, SUCCESS, logIndex=876, commits[s2:c916, s0:c844, s1:c844]
2019-09-24 16:16:45,066 DEBUG client.GrpcClientProtocolService (GrpcClientProtocolService.java:sendReply(353)) - 22-OrderedRequestStreamObserver22: sendReply seq=644, RaftClientReply:client-EDB41257C35F->s2@group-5C26748AB2B1, cid=643, SUCCESS, logIndex=877, commits[s2:c921, s0:c844, s1:c844]
2019-09-24 16:16:45,066 DEBUG client.GrpcClientProtocolService (GrpcClientProtocolService.java:sendReply(353)) - 22-OrderedRequestStreamObserver22: sendReply seq=645, RaftClientReply:client-EDB41257C35F->s2@group-5C26748AB2B1, cid=644, SUCCESS, logIndex=878, commits[s2:c921, s0:c844, s1:c844]
2019-09-24 16:16:45,067 DEBUG client.GrpcClientProtocolService (GrpcClientProtocolService.java:sendReply(353)) - 22-OrderedRequestStreamObserver22: sendReply seq=646, RaftClientReply:client-EDB41257C35F->s2@group-5C26748AB2B1, cid=645, SUCCESS, logIndex=879, commits[s2:c921, s0:c844, s1:c844]
2019-09-24 16:16:45,067 DEBUG client.GrpcClientProtocolService (GrpcClientProtocolService.java:sendReply(353)) - 22-OrderedRequestStreamObserver22: sendReply seq=647, RaftClientReply:client-EDB41257C35F->s2@group-5C26748AB2B1, cid=646, SUCCESS, logIndex=880, commits[s2:c927, s0:c844, s1:c844]
2019-09-24 16:16:45,067 DEBUG client.GrpcClientProtocolService (GrpcClientProtocolService.java:sendReply(353)) - 22-OrderedRequestStreamObserver22: sendReply seq=648, RaftClientReply:client-EDB41257C35F->s2@group-5C26748AB2B1, cid=647, SUCCESS, logIndex=881, commits[s2:c927, s0:c844, s1:c844]
2019-09-24 16:16:45,068 DEBUG client.GrpcClientProtocolService (GrpcClientProtocolService.java:sendReply(353)) - 22-OrderedRequestStreamObserver22: sendReply seq=649, RaftClientReply:client-EDB41257C35F->s2@group-5C26748AB2B1, cid=648, SUCCESS, logIndex=882, commits[s2:c929, s0:c844, s1:c844]
2019-09-24 16:16:45,069 DEBUG client.GrpcClientProtocolService (GrpcClientProtocolService.java:sendReply(353)) - 22-OrderedRequestStreamObserver22: sendReply seq=650, RaftClientReply:client-EDB41257C35F->s2@group-5C26748AB2B1, cid=649, SUCCESS, logIndex=883, commits[s2:c934, s0:c844, s1:c844]
2019-09-24 16:16:45,069 DEBUG client.GrpcClientProtocolService (GrpcClientProtocolService.java:sendReply(353)) - 22-OrderedRequestStreamObserver22: sendReply seq=651, RaftClientReply:client-EDB41257C35F->s2@group-5C26748AB2B1, cid=650, SUCCESS, logIndex=884, commits[s2:c934, s0:c844, s1:c844]
2019-09-24 16:16:45,070 DEBUG client.GrpcClientProtocolService (GrpcClientProtocolService.java:sendReply(353)) - 22-OrderedRequestStreamObserver22: sendReply seq=652, RaftClientReply:client-EDB41257C35F->s2@group-5C26748AB2B1, cid=651, SUCCESS, logIndex=885, commits[s2:c935, s0:c844, s1:c844]
2019-09-24 16:16:45,070 DEBUG client.GrpcClientProtocolService (GrpcClientProtocolService.java:sendReply(353)) - 22-OrderedRequestStreamObserver22: sendReply seq=653, RaftClientReply:client-EDB41257C35F->s2@group-5C26748AB2B1, cid=652, SUCCESS, logIndex=886, commits[s2:c938, s0:c844, s1:c844]
2019-09-24 16:16:45,070 DEBUG client.GrpcClientProtocolService (GrpcClientProtocolService.java:sendReply(353)) - 22-OrderedRequestStreamObserver22: sendReply seq=654, RaftClientReply:client-EDB41257C35F->s2@group-5C26748AB2B1, cid=653, SUCCESS, logIndex=887, commits[s2:c938, s0:c844, s1:c844]
2019-09-24 16:16:45,071 DEBUG client.GrpcClientProtocolService (GrpcClientProtocolService.java:sendReply(353)) - 22-OrderedRequestStreamObserver22: sendReply seq=655, RaftClientReply:client-EDB41257C35F->s2@group-5C26748AB2B1, cid=654, SUCCESS, logIndex=888, commits[s2:c938, s0:c844, s1:c844]
2019-09-24 16:16:45,071 DEBUG client.GrpcClientProtocolService (GrpcClientProtocolService.java:sendReply(353)) - 22-OrderedRequestStreamObserver22: sendReply seq=656, RaftClientReply:client-EDB41257C35F->s2@group-5C26748AB2B1, cid=655, SUCCESS, logIndex=889, commits[s2:c938, s0:c844, s1:c844]
2019-09-24 16:16:45,071 DEBUG client.GrpcClientProtocolService (GrpcClientProtocolService.java:sendReply(353)) - 22-OrderedRequestStreamObserver22: sendReply seq=657, RaftClientReply:client-EDB41257C35F->s2@group-5C26748AB2B1, cid=656, SUCCESS, logIndex=890, commits[s2:c938, s0:c844, s1:c844]
2019-09-24 16:16:45,073 DEBUG client.GrpcClientProtocolService (GrpcClientProtocolService.java:sendReply(353)) - 22-OrderedRequestStreamObserver22: sendReply seq=658, RaftClientReply:client-EDB41257C35F->s2@group-5C26748AB2B1, cid=657, SUCCESS, logIndex=891, commits[s2:c938, s0:c844, s1:c844]
2019-09-24 16:16:45,074 DEBUG client.GrpcClientProtocolService (GrpcClientProtocolService.java:sendReply(353)) - 22-OrderedRequestStreamObserver22: sendReply seq=659, RaftClientReply:client-EDB41257C35F->s2@group-5C26748AB2B1, cid=658, SUCCESS, logIndex=892, commits[s2:c938, s0:c844, s1:c844]
2019-09-24 16:16:45,074 DEBUG client.GrpcClientProtocolService (GrpcClientProtocolService.java:sendReply(353)) - 22-OrderedRequestStreamObserver22: sendReply seq=660, RaftClientReply:client-EDB41257C35F->s2@group-5C26748AB2B1, cid=659, SUCCESS, logIndex=893, commits[s2:c938, s0:c844, s1:c844]
2019-09-24 16:16:45,074 DEBUG client.GrpcClientProtocolService (GrpcClientProtocolService.java:sendReply(353)) - 22-OrderedRequestStreamObserver22: sendReply seq=661, RaftClientReply:client-EDB41257C35F->s2@group-5C26748AB2B1, cid=660, SUCCESS, logIndex=894, commits[s2:c938, s0:c844, s1:c844]
2019-09-24 16:16:45,074 DEBUG client.GrpcClientProtocolService (GrpcClientProtocolService.java:sendReply(353)) - 22-OrderedRequestStreamObserver22: sendReply seq=662, RaftClientReply:client-EDB41257C35F->s2@group-5C26748AB2B1, cid=661, SUCCESS, logIndex=895, commits[s2:c938, s0:c844, s1:c844]
2019-09-24 16:16:45,075 DEBUG client.GrpcClientProtocolService (GrpcClientProtocolService.java:sendReply(353)) - 22-OrderedRequestStreamObserver22: sendReply seq=663, RaftClientReply:client-EDB41257C35F->s2@group-5C26748AB2B1, cid=662, SUCCESS, logIndex=896, commits[s2:c940, s0:c844, s1:c844]
2019-09-24 16:16:45,075 DEBUG client.GrpcClientProtocolService (GrpcClientProtocolService.java:sendReply(353)) - 22-OrderedRequestStreamObserver22: sendReply seq=664, RaftClientReply:client-EDB41257C35F->s2@group-5C26748AB2B1, cid=663, SUCCESS, logIndex=897, commits[s2:c940, s0:c844, s1:c846]
2019-09-24 16:16:45,075 DEBUG client.GrpcClientProtocolService (GrpcClientProtocolService.java:sendReply(353)) - 22-OrderedRequestStreamObserver22: sendReply seq=665, RaftClientReply:client-EDB41257C35F->s2@group-5C26748AB2B1, cid=664, SUCCESS, logIndex=898, commits[s2:c944, s0:c844, s1:c846]
2019-09-24 16:16:45,075 DEBUG client.GrpcClientProtocolService (GrpcClientProtocolService.java:sendReply(353)) - 22-OrderedRequestStreamObserver22: sendReply seq=666, RaftClientReply:client-EDB41257C35F->s2@group-5C26748AB2B1, cid=665, SUCCESS, logIndex=899, commits[s2:c944, s0:c844, s1:c848]
2019-09-24 16:16:45,076 DEBUG client.GrpcClientProtocolService (GrpcClientProtocolService.java:sendReply(353)) - 22-OrderedRequestStreamObserver22: sendReply seq=667, RaftClientReply:client-EDB41257C35F->s2@group-5C26748AB2B1, cid=666, SUCCESS, logIndex=900, commits[s2:c948, s0:c844, s1:c853]
2019-09-24 16:16:45,078 DEBUG client.GrpcClientProtocolService (GrpcClientProtocolService.java:sendReply(353)) - 22-OrderedRequestStreamObserver22: sendReply seq=668, RaftClientReply:client-EDB41257C35F->s2@group-5C26748AB2B1, cid=667, SUCCESS, logIndex=901, commits[s2:c948, s0:c844, s1:c853]
2019-09-24 16:16:45,078 DEBUG client.GrpcClientProtocolService (GrpcClientProtocolService.java:sendReply(353)) - 22-OrderedRequestStreamObserver22: sendReply seq=669, RaftClientReply:client-EDB41257C35F->s2@group-5C26748AB2B1, cid=668, SUCCESS, logIndex=902, commits[s2:c951, s0:c844, s1:c869]
2019-09-24 16:16:45,078 DEBUG client.GrpcClientProtocolService (GrpcClientProtocolService.java:sendReply(353)) - 22-OrderedRequestStreamObserver22: sendReply seq=670, RaftClientReply:client-EDB41257C35F->s2@group-5C26748AB2B1, cid=669, SUCCESS, logIndex=903, commits[s2:c955, s0:c844, s1:c869]
2019-09-24 16:16:45,079 DEBUG client.GrpcClientProtocolService (GrpcClientProtocolService.java:sendReply(353)) - 22-OrderedRequestStreamObserver22: sendReply seq=671, RaftClientReply:client-EDB41257C35F->s2@group-5C26748AB2B1, cid=670, SUCCESS, logIndex=904, commits[s2:c955, s0:c844, s1:c869]
2019-09-24 16:16:45,079 DEBUG client.GrpcClientProtocolService (GrpcClientProtocolService.java:sendReply(353)) - 22-OrderedRequestStreamObserver22: sendReply seq=672, RaftClientReply:client-EDB41257C35F->s2@group-5C26748AB2B1, cid=671, SUCCESS, logIndex=905, commits[s2:c955, s0:c844, s1:c869]
2019-09-24 16:16:45,079 DEBUG client.GrpcClientProtocolService (GrpcClientProtocolService.java:sendReply(353)) - 22-OrderedRequestStreamObserver22: sendReply seq=673, RaftClientReply:client-EDB41257C35F->s2@group-5C26748AB2B1, cid=672, SUCCESS, logIndex=906, commits[s2:c955, s0:c844, s1:c878]
2019-09-24 16:16:45,081 DEBUG client.GrpcClientProtocolService (GrpcClientProtocolService.java:sendReply(353)) - 22-OrderedRequestStreamObserver22: sendReply seq=674, RaftClientReply:client-EDB41257C35F->s2@group-5C26748AB2B1, cid=673, SUCCESS, logIndex=907, commits[s2:c959, s0:c844, s1:c896]
2019-09-24 16:16:45,081 DEBUG client.GrpcClientProtocolService (GrpcClientProtocolService.java:sendReply(353)) - 22-OrderedRequestStreamObserver22: sendReply seq=675, RaftClientReply:client-EDB41257C35F->s2@group-5C26748AB2B1, cid=674, SUCCESS, logIndex=908, commits[s2:c963, s0:c844, s1:c896]
2019-09-24 16:16:45,081 DEBUG client.GrpcClientProtocolService (GrpcClientProtocolService.java:sendReply(353)) - 22-OrderedRequestStreamObserver22: sendReply seq=676, RaftClientReply:client-EDB41257C35F->s2@group-5C26748AB2B1, cid=675, SUCCESS, logIndex=909, commits[s2:c963, s0:c844, s1:c896]
2019-09-24 16:16:45,082 DEBUG client.GrpcClientProtocolService (GrpcClientProtocolService.java:sendReply(353)) - 22-OrderedRequestStreamObserver22: sendReply seq=677, RaftClientReply:client-EDB41257C35F->s2@group-5C26748AB2B1, cid=676, SUCCESS, logIndex=910, commits[s2:c963, s0:c844, s1:c921]
2019-09-24 16:16:45,082 DEBUG client.GrpcClientProtocolService (GrpcClientProtocolService.java:sendReply(353)) - 22-OrderedRequestStreamObserver22: sendReply seq=678, RaftClientReply:client-EDB41257C35F->s2@group-5C26748AB2B1, cid=677, SUCCESS, logIndex=911, commits[s2:c963, s0:c844, s1:c921]
2019-09-24 16:16:45,082 DEBUG client.GrpcClientProtocolService (GrpcClientProtocolService.java:sendReply(353)) - 22-OrderedRequestStreamObserver22: sendReply seq=679, RaftClientReply:client-EDB41257C35F->s2@group-5C26748AB2B1, cid=678, SUCCESS, logIndex=912, commits[s2:c968, s0:c844, s1:c924]
2019-09-24 16:16:45,082 DEBUG client.GrpcClientProtocolService (GrpcClientProtocolService.java:sendReply(353)) - 22-OrderedRequestStreamObserver22: sendReply seq=680, RaftClientReply:client-EDB41257C35F->s2@group-5C26748AB2B1, cid=679, SUCCESS, logIndex=913, commits[s2:c970, s0:c844, s1:c927]
2019-09-24 16:16:45,082 DEBUG client.GrpcClientProtocolService (GrpcClientProtocolService.java:sendReply(353)) - 22-OrderedRequestStreamObserver22: sendReply seq=681, RaftClientReply:client-EDB41257C35F->s2@group-5C26748AB2B1, cid=680, SUCCESS, logIndex=914, commits[s2:c971, s0:c844, s1:c934]
2019-09-24 16:16:45,082 DEBUG client.GrpcClientProtocolService (GrpcClientProtocolService.java:sendReply(353)) - 22-OrderedRequestStreamObserver22: sendReply seq=682, RaftClientReply:client-EDB41257C35F->s2@group-5C26748AB2B1, cid=681, SUCCESS, logIndex=915, commits[s2:c973, s0:c844, s1:c934]
2019-09-24 16:16:45,082 DEBUG client.GrpcClientProtocolService (GrpcClientProtocolService.java:sendReply(353)) - 22-OrderedRequestStreamObserver22: sendReply seq=683, RaftClientReply:client-EDB41257C35F->s2@group-5C26748AB2B1, cid=682, SUCCESS, logIndex=916, commits[s2:c974, s0:c844, s1:c934]
2019-09-24 16:16:45,083 DEBUG client.GrpcClientProtocolService (GrpcClientProtocolService.java:sendReply(353)) - 22-OrderedRequestStreamObserver22: sendReply seq=684, RaftClientReply:client-EDB41257C35F->s2@group-5C26748AB2B1, cid=683, SUCCESS, logIndex=917, commits[s2:c974, s0:c844, s1:c934]
2019-09-24 16:16:45,083 DEBUG client.GrpcClientProtocolService (GrpcClientProtocolService.java:sendReply(353)) - 22-OrderedRequestStreamObserver22: sendReply seq=685, RaftClientReply:client-EDB41257C35F->s2@group-5C26748AB2B1, cid=684, SUCCESS, logIndex=918, commits[s2:c974, s0:c844, s1:c934]
2019-09-24 16:16:45,083 DEBUG client.GrpcClientProtocolService (GrpcClientProtocolService.java:sendReply(353)) - 22-OrderedRequestStreamObserver22: sendReply seq=686, RaftClientReply:client-EDB41257C35F->s2@group-5C26748AB2B1, cid=685, SUCCESS, logIndex=919, commits[s2:c974, s0:c844, s1:c934]
2019-09-24 16:16:45,083 DEBUG client.GrpcClientProtocolService (GrpcClientProtocolService.java:sendReply(353)) - 22-OrderedRequestStreamObserver22: sendReply seq=687, RaftClientReply:client-EDB41257C35F->s2@group-5C26748AB2B1, cid=686, SUCCESS, logIndex=920, commits[s2:c974, s0:c844, s1:c934]
2019-09-24 16:16:45,083 DEBUG client.GrpcClientProtocolService (GrpcClientProtocolService.java:sendReply(353)) - 22-OrderedRequestStreamObserver22: sendReply seq=688, RaftClientReply:client-EDB41257C35F->s2@group-5C26748AB2B1, cid=687, SUCCESS, logIndex=921, commits[s2:c974, s0:c844, s1:c934]
2019-09-24 16:16:45,083 DEBUG client.GrpcClientProtocolService (GrpcClientProtocolService.java:sendReply(353)) - 22-OrderedRequestStreamObserver22: sendReply seq=689, RaftClientReply:client-EDB41257C35F->s2@group-5C26748AB2B1, cid=688, SUCCESS, logIndex=922, commits[s2:c974, s0:c844, s1:c934]
2019-09-24 16:16:45,083 DEBUG client.GrpcClientProtocolService (GrpcClientProtocolService.java:sendReply(353)) - 22-OrderedRequestStreamObserver22: sendReply seq=690, RaftClientReply:client-EDB41257C35F->s2@group-5C26748AB2B1, cid=689, SUCCESS, logIndex=923, commits[s2:c974, s0:c844, s1:c934]
2019-09-24 16:16:45,083 DEBUG client.GrpcClientProtocolService (GrpcClientProtocolService.java:sendReply(353)) - 22-OrderedRequestStreamObserver22: sendReply seq=691, RaftClientReply:client-EDB41257C35F->s2@group-5C26748AB2B1, cid=690, SUCCESS, logIndex=924, commits[s2:c974, s0:c844, s1:c934]
2019-09-24 16:16:45,084 DEBUG client.GrpcClientProtocolService (GrpcClientProtocolService.java:sendReply(353)) - 22-OrderedRequestStreamObserver22: sendReply seq=692, RaftClientReply:client-EDB41257C35F->s2@group-5C26748AB2B1, cid=691, SUCCESS, logIndex=925, commits[s2:c974, s0:c844, s1:c934]
2019-09-24 16:16:45,084 DEBUG client.GrpcClientProtocolService (GrpcClientProtocolService.java:sendReply(353)) - 22-OrderedRequestStreamObserver22: sendReply seq=693, RaftClientReply:client-EDB41257C35F->s2@group-5C26748AB2B1, cid=692, SUCCESS, logIndex=926, commits[s2:c974, s0:c844, s1:c934]
2019-09-24 16:16:45,084 DEBUG client.GrpcClientProtocolService (GrpcClientProtocolService.java:sendReply(353)) - 22-OrderedRequestStreamObserver22: sendReply seq=694, RaftClientReply:client-EDB41257C35F->s2@group-5C26748AB2B1, cid=693, SUCCESS, logIndex=927, commits[s2:c974, s0:c844, s1:c934]
2019-09-24 16:16:45,084 DEBUG client.GrpcClientProtocolService (GrpcClientProtocolService.java:sendReply(353)) - 22-OrderedRequestStreamObserver22: sendReply seq=695, RaftClientReply:client-EDB41257C35F->s2@group-5C26748AB2B1, cid=694, SUCCESS, logIndex=928, commits[s2:c974, s0:c844, s1:c934]
2019-09-24 16:16:45,084 DEBUG client.GrpcClientProtocolService (GrpcClientProtocolService.java:sendReply(353)) - 22-OrderedRequestStreamObserver22: sendReply seq=696, RaftClientReply:client-EDB41257C35F->s2@group-5C26748AB2B1, cid=695, SUCCESS, logIndex=929, commits[s2:c974, s0:c844, s1:c934]
2019-09-24 16:16:45,085 DEBUG client.GrpcClientProtocolService (GrpcClientProtocolService.java:sendReply(353)) - 22-OrderedRequestStreamObserver22: sendReply seq=697, RaftClientReply:client-EDB41257C35F->s2@group-5C26748AB2B1, cid=696, SUCCESS, logIndex=930, commits[s2:c974, s0:c844, s1:c934]
2019-09-24 16:16:45,085 DEBUG client.GrpcClientProtocolService (GrpcClientProtocolService.java:sendReply(353)) - 22-OrderedRequestStreamObserver22: sendReply seq=698, RaftClientReply:client-EDB41257C35F->s2@group-5C26748AB2B1, cid=697, SUCCESS, logIndex=931, commits[s2:c974, s0:c844, s1:c934]
2019-09-24 16:16:45,086 DEBUG client.GrpcClientProtocolService (GrpcClientProtocolService.java:sendReply(353)) - 22-OrderedRequestStreamObserver22: sendReply seq=699, RaftClientReply:client-EDB41257C35F->s2@group-5C26748AB2B1, cid=698, SUCCESS, logIndex=932, commits[s2:c974, s0:c844, s1:c934]
2019-09-24 16:16:45,086 DEBUG client.GrpcClientProtocolService (GrpcClientProtocolService.java:sendReply(353)) - 22-OrderedRequestStreamObserver22: sendReply seq=700, RaftClientReply:client-EDB41257C35F->s2@group-5C26748AB2B1, cid=699, SUCCESS, logIndex=933, commits[s2:c974, s0:c844, s1:c934]
2019-09-24 16:16:45,086 DEBUG client.GrpcClientProtocolService (GrpcClientProtocolService.java:sendReply(353)) - 22-OrderedRequestStreamObserver22: sendReply seq=701, RaftClientReply:client-EDB41257C35F->s2@group-5C26748AB2B1, cid=700, SUCCESS, logIndex=934, commits[s2:c974, s0:c844, s1:c934]
2019-09-24 16:16:45,086 DEBUG client.GrpcClientProtocolService (GrpcClientProtocolService.java:sendReply(353)) - 22-OrderedRequestStreamObserver22: sendReply seq=702, RaftClientReply:client-EDB41257C35F->s2@group-5C26748AB2B1, cid=701, SUCCESS, logIndex=935, commits[s2:c974, s0:c844, s1:c934]
2019-09-24 16:16:45,086 DEBUG client.GrpcClientProtocolService (GrpcClientProtocolService.java:sendReply(353)) - 22-OrderedRequestStreamObserver22: sendReply seq=703, RaftClientReply:client-EDB41257C35F->s2@group-5C26748AB2B1, cid=702, SUCCESS, logIndex=936, commits[s2:c974, s0:c844, s1:c934]
2019-09-24 16:16:45,086 DEBUG client.GrpcClientProtocolService (GrpcClientProtocolService.java:sendReply(353)) - 22-OrderedRequestStreamObserver22: sendReply seq=704, RaftClientReply:client-EDB41257C35F->s2@group-5C26748AB2B1, cid=703, SUCCESS, logIndex=937, commits[s2:c974, s0:c844, s1:c934]
2019-09-24 16:16:45,086 DEBUG client.GrpcClientProtocolService (GrpcClientProtocolService.java:sendReply(353)) - 22-OrderedRequestStreamObserver22: sendReply seq=705, RaftClientReply:client-EDB41257C35F->s2@group-5C26748AB2B1, cid=704, SUCCESS, logIndex=938, commits[s2:c974, s0:c844, s1:c934]
2019-09-24 16:16:45,086 DEBUG client.GrpcClientProtocolService (GrpcClientProtocolService.java:sendReply(353)) - 22-OrderedRequestStreamObserver22: sendReply seq=706, RaftClientReply:client-EDB41257C35F->s2@group-5C26748AB2B1, cid=705, SUCCESS, logIndex=939, commits[s2:c974, s0:c844, s1:c934]
2019-09-24 16:16:45,087 DEBUG client.GrpcClientProtocolService (GrpcClientProtocolService.java:sendReply(353)) - 22-OrderedRequestStreamObserver22: sendReply seq=707, RaftClientReply:client-EDB41257C35F->s2@group-5C26748AB2B1, cid=706, SUCCESS, logIndex=940, commits[s2:c974, s0:c844, s1:c934]
2019-09-24 16:16:45,087 DEBUG client.GrpcClientProtocolService (GrpcClientProtocolService.java:sendReply(353)) - 22-OrderedRequestStreamObserver22: sendReply seq=708, RaftClientReply:client-EDB41257C35F->s2@group-5C26748AB2B1, cid=707, SUCCESS, logIndex=941, commits[s2:c974, s0:c844, s1:c934]
2019-09-24 16:16:45,087 DEBUG client.GrpcClientProtocolService (GrpcClientProtocolService.java:sendReply(353)) - 22-OrderedRequestStreamObserver22: sendReply seq=709, RaftClientReply:client-EDB41257C35F->s2@group-5C26748AB2B1, cid=708, SUCCESS, logIndex=943, commits[s2:c974, s0:c844, s1:c934]
2019-09-24 16:16:45,087 DEBUG client.GrpcClientProtocolService (GrpcClientProtocolService.java:sendReply(353)) - 22-OrderedRequestStreamObserver22: sendReply seq=710, RaftClientReply:client-EDB41257C35F->s2@group-5C26748AB2B1, cid=709, SUCCESS, logIndex=944, commits[s2:c974, s0:c844, s1:c934]
2019-09-24 16:16:45,087 DEBUG client.GrpcClientProtocolService (GrpcClientProtocolService.java:sendReply(353)) - 22-OrderedRequestStreamObserver22: sendReply seq=711, RaftClientReply:client-EDB41257C35F->s2@group-5C26748AB2B1, cid=710, SUCCESS, logIndex=945, commits[s2:c974, s0:c844, s1:c934]
2019-09-24 16:16:45,087 DEBUG client.GrpcClientProtocolService (GrpcClientProtocolService.java:sendReply(353)) - 22-OrderedRequestStreamObserver22: sendReply seq=712, RaftClientReply:client-EDB41257C35F->s2@group-5C26748AB2B1, cid=711, SUCCESS, logIndex=946, commits[s2:c974, s0:c844, s1:c934]
2019-09-24 16:16:45,087 DEBUG client.GrpcClientProtocolService (GrpcClientProtocolService.java:sendReply(353)) - 22-OrderedRequestStreamObserver22: sendReply seq=713, RaftClientReply:client-EDB41257C35F->s2@group-5C26748AB2B1, cid=712, SUCCESS, logIndex=947, commits[s2:c974, s0:c844, s1:c934]
2019-09-24 16:16:45,087 DEBUG client.GrpcClientProtocolService (GrpcClientProtocolService.java:sendReply(353)) - 22-OrderedRequestStreamObserver22: sendReply seq=714, RaftClientReply:client-EDB41257C35F->s2@group-5C26748AB2B1, cid=713, SUCCESS, logIndex=956, commits[s2:c974, s0:c844, s1:c934]
2019-09-24 16:16:45,088 DEBUG client.GrpcClientProtocolService (GrpcClientProtocolService.java:sendReply(353)) - 22-OrderedRequestStreamObserver22: sendReply seq=715, RaftClientReply:client-EDB41257C35F->s2@group-5C26748AB2B1, cid=714, SUCCESS, logIndex=962, commits[s2:c974, s0:c844, s1:c934]
2019-09-24 16:16:45,088 DEBUG client.GrpcClientProtocolService (GrpcClientProtocolService.java:sendReply(353)) - 22-OrderedRequestStreamObserver22: sendReply seq=716, RaftClientReply:client-EDB41257C35F->s2@group-5C26748AB2B1, cid=715, SUCCESS, logIndex=969, commits[s2:c974, s0:c844, s1:c934]
2019-09-24 16:16:45,088 DEBUG client.GrpcClientProtocolService (GrpcClientProtocolService.java:sendReply(353)) - 22-OrderedRequestStreamObserver22: sendReply seq=717, RaftClientReply:client-EDB41257C35F->s2@group-5C26748AB2B1, cid=716, SUCCESS, logIndex=974, commits[s2:c974, s0:c844, s1:c934]
2019-09-24 16:16:45,102 DEBUG client.GrpcClientProtocolService (GrpcClientProtocolService.java:sendReply(353)) - 22-OrderedRequestStreamObserver22: sendReply seq=718, RaftClientReply:client-EDB41257C35F->s2@group-5C26748AB2B1, cid=717, SUCCESS, logIndex=979, commits[s2:c979, s0:c846, s1:c948]
2019-09-24 16:16:45,105 DEBUG client.GrpcClientProtocolService (GrpcClientProtocolService.java:sendReply(353)) - 22-OrderedRequestStreamObserver22: sendReply seq=719, RaftClientReply:client-EDB41257C35F->s2@group-5C26748AB2B1, cid=718, SUCCESS, logIndex=982, commits[s2:c982, s0:c908, s1:c974]
2019-09-24 16:16:45,106 DEBUG client.GrpcClientProtocolService (GrpcClientProtocolService.java:sendReply(353)) - 22-OrderedRequestStreamObserver22: sendReply seq=720, RaftClientReply:client-EDB41257C35F->s2@group-5C26748AB2B1, cid=719, SUCCESS, logIndex=983, commits[s2:c985, s0:c908, s1:c974]
2019-09-24 16:16:45,109 DEBUG client.GrpcClientProtocolService (GrpcClientProtocolService.java:sendReply(353)) - 22-OrderedRequestStreamObserver22: sendReply seq=721, RaftClientReply:client-EDB41257C35F->s2@group-5C26748AB2B1, cid=720, SUCCESS, logIndex=984, commits[s2:c985, s0:c916, s1:c974]
2019-09-24 16:16:45,110 DEBUG client.GrpcClientProtocolService (GrpcClientProtocolService.java:sendReply(353)) - 22-OrderedRequestStreamObserver22: sendReply seq=722, RaftClientReply:client-EDB41257C35F->s2@group-5C26748AB2B1, cid=721, SUCCESS, logIndex=985, commits[s2:c985, s0:c924, s1:c974]
2019-09-24 16:16:45,110 DEBUG client.GrpcClientProtocolService (GrpcClientProtocolService.java:sendReply(353)) - 22-OrderedRequestStreamObserver22: sendReply seq=723, RaftClientReply:client-EDB41257C35F->s2@group-5C26748AB2B1, cid=722, SUCCESS, logIndex=986, commits[s2:c991, s0:c924, s1:c974]
2019-09-24 16:16:45,110 DEBUG client.GrpcClientProtocolService (GrpcClientProtocolService.java:sendReply(353)) - 22-OrderedRequestStreamObserver22: sendReply seq=724, RaftClientReply:client-EDB41257C35F->s2@group-5C26748AB2B1, cid=723, SUCCESS, logIndex=987, commits[s2:c994, s0:c934, s1:c974]
2019-09-24 16:16:45,110 DEBUG client.GrpcClientProtocolService (GrpcClientProtocolService.java:sendReply(353)) - 22-OrderedRequestStreamObserver22: sendReply seq=725, RaftClientReply:client-EDB41257C35F->s2@group-5C26748AB2B1, cid=724, SUCCESS, logIndex=988, commits[s2:c995, s0:c934, s1:c974]
2019-09-24 16:16:45,112 DEBUG client.GrpcClientProtocolService (GrpcClientProtocolService.java:sendReply(353)) - 22-OrderedRequestStreamObserver22: sendReply seq=726, RaftClientReply:client-EDB41257C35F->s2@group-5C26748AB2B1, cid=725, SUCCESS, logIndex=989, commits[s2:c995, s0:c934, s1:c974]
2019-09-24 16:16:45,113 DEBUG client.GrpcClientProtocolService (GrpcClientProtocolService.java:sendReply(353)) - 22-OrderedRequestStreamObserver22: sendReply seq=727, RaftClientReply:client-EDB41257C35F->s2@group-5C26748AB2B1, cid=726, SUCCESS, logIndex=990, commits[s2:c995, s0:c934, s1:c974]
2019-09-24 16:16:45,113 DEBUG client.GrpcClientProtocolService (GrpcClientProtocolService.java:sendReply(353)) - 22-OrderedRequestStreamObserver22: sendReply seq=728, RaftClientReply:client-EDB41257C35F->s2@group-5C26748AB2B1, cid=727, SUCCESS, logIndex=991, commits[s2:c995, s0:c934, s1:c974]
2019-09-24 16:16:45,113 DEBUG client.GrpcClientProtocolService (GrpcClientProtocolService.java:sendReply(353)) - 22-OrderedRequestStreamObserver22: sendReply seq=729, RaftClientReply:client-EDB41257C35F->s2@group-5C26748AB2B1, cid=728, SUCCESS, logIndex=992, commits[s2:c995, s0:c934, s1:c974]
2019-09-24 16:16:45,113 DEBUG client.GrpcClientProtocolService (GrpcClientProtocolService.java:sendReply(353)) - 22-OrderedRequestStreamObserver22: sendReply seq=730, RaftClientReply:client-EDB41257C35F->s2@group-5C26748AB2B1, cid=729, SUCCESS, logIndex=993, commits[s2:c995, s0:c938, s1:c974]
2019-09-24 16:16:45,113 DEBUG client.GrpcClientProtocolService (GrpcClientProtocolService.java:sendReply(353)) - 22-OrderedRequestStreamObserver22: sendReply seq=731, RaftClientReply:client-EDB41257C35F->s2@group-5C26748AB2B1, cid=730, SUCCESS, logIndex=994, commits[s2:c995, s0:c948, s1:c974]
2019-09-24 16:16:45,114 DEBUG client.GrpcClientProtocolService (GrpcClientProtocolService.java:sendReply(353)) - 22-OrderedRequestStreamObserver22: sendReply seq=732, RaftClientReply:client-EDB41257C35F->s2@group-5C26748AB2B1, cid=731, SUCCESS, logIndex=995, commits[s2:c996, s0:c948, s1:c974]
2019-09-24 16:16:45,114 DEBUG client.GrpcClientProtocolService (GrpcClientProtocolService.java:sendReply(353)) - 22-OrderedRequestStreamObserver22: sendReply seq=733, RaftClientReply:client-EDB41257C35F->s2@group-5C26748AB2B1, cid=732, SUCCESS, logIndex=996, commits[s2:c998, s0:c948, s1:c974]
2019-09-24 16:16:45,115 DEBUG client.GrpcClientProtocolService (GrpcClientProtocolService.java:sendReply(353)) - 22-OrderedRequestStreamObserver22: sendReply seq=734, RaftClientReply:client-EDB41257C35F->s2@group-5C26748AB2B1, cid=733, SUCCESS, logIndex=997, commits[s2:c1004, s0:c948, s1:c974]
2019-09-24 16:16:45,116 DEBUG client.GrpcClientProtocolService (GrpcClientProtocolService.java:sendReply(353)) - 22-OrderedRequestStreamObserver22: sendReply seq=735, RaftClientReply:client-EDB41257C35F->s2@group-5C26748AB2B1, cid=734, SUCCESS, logIndex=998, commits[s2:c1004, s0:c948, s1:c974]
2019-09-24 16:16:45,116 DEBUG client.GrpcClientProtocolService (GrpcClientProtocolService.java:sendReply(353)) - 22-OrderedRequestStreamObserver22: sendReply seq=736, RaftClientReply:client-EDB41257C35F->s2@group-5C26748AB2B1, cid=735, SUCCESS, logIndex=999, commits[s2:c1015, s0:c948, s1:c974]
2019-09-24 16:16:45,116 DEBUG client.GrpcClientProtocolService (GrpcClientProtocolService.java:sendReply(353)) - 22-OrderedRequestStreamObserver22: sendReply seq=737, RaftClientReply:client-EDB41257C35F->s2@group-5C26748AB2B1, cid=736, SUCCESS, logIndex=1000, commits[s2:c1015, s0:c948, s1:c974]
2019-09-24 16:16:45,116 DEBUG client.GrpcClientProtocolService (GrpcClientProtocolService.java:sendReply(353)) - 22-OrderedRequestStreamObserver22: sendReply seq=738, RaftClientReply:client-EDB41257C35F->s2@group-5C26748AB2B1, cid=737, SUCCESS, logIndex=1001, commits[s2:c1015, s0:c948, s1:c974]
2019-09-24 16:16:45,116 DEBUG client.GrpcClientProtocolService (GrpcClientProtocolService.java:sendReply(353)) - 22-OrderedRequestStreamObserver22: sendReply seq=739, RaftClientReply:client-EDB41257C35F->s2@group-5C26748AB2B1, cid=738, SUCCESS, logIndex=1002, commits[s2:c1015, s0:c948, s1:c974]
2019-09-24 16:16:45,117 DEBUG client.GrpcClientProtocolService (GrpcClientProtocolService.java:sendReply(353)) - 22-OrderedRequestStreamObserver22: sendReply seq=740, RaftClientReply:client-EDB41257C35F->s2@group-5C26748AB2B1, cid=739, SUCCESS, logIndex=1003, commits[s2:c1016, s0:c948, s1:c974]
2019-09-24 16:16:45,117 DEBUG client.GrpcClientProtocolService (GrpcClientProtocolService.java:sendReply(353)) - 22-OrderedRequestStreamObserver22: sendReply seq=741, RaftClientReply:client-EDB41257C35F->s2@group-5C26748AB2B1, cid=740, SUCCESS, logIndex=1004, commits[s2:c1019, s0:c948, s1:c974]
2019-09-24 16:16:45,117 DEBUG client.GrpcClientProtocolService (GrpcClientProtocolService.java:sendReply(353)) - 22-OrderedRequestStreamObserver22: sendReply seq=742, RaftClientReply:client-EDB41257C35F->s2@group-5C26748AB2B1, cid=741, SUCCESS, logIndex=1005, commits[s2:c1020, s0:c948, s1:c974]
2019-09-24 16:16:45,118 DEBUG client.GrpcClientProtocolService (GrpcClientProtocolService.java:sendReply(353)) - 22-OrderedRequestStreamObserver22: sendReply seq=743, RaftClientReply:client-EDB41257C35F->s2@group-5C26748AB2B1, cid=742, SUCCESS, logIndex=1006, commits[s2:c1021, s0:c948, s1:c974]
2019-09-24 16:16:45,119 DEBUG client.GrpcClientProtocolService (GrpcClientProtocolService.java:sendReply(353)) - 22-OrderedRequestStreamObserver22: sendReply seq=744, RaftClientReply:client-EDB41257C35F->s2@group-5C26748AB2B1, cid=743, SUCCESS, logIndex=1007, commits[s2:c1024, s0:c948, s1:c974]
2019-09-24 16:16:45,119 DEBUG client.GrpcClientProtocolService (GrpcClientProtocolService.java:sendReply(353)) - 22-OrderedRequestStreamObserver22: sendReply seq=745, RaftClientReply:client-EDB41257C35F->s2@group-5C26748AB2B1, cid=744, SUCCESS, logIndex=1008, commits[s2:c1028, s0:c948, s1:c974]
2019-09-24 16:16:45,119 DEBUG client.GrpcClientProtocolService (GrpcClientProtocolService.java:sendReply(353)) - 22-OrderedRequestStreamObserver22: sendReply seq=746, RaftClientReply:client-EDB41257C35F->s2@group-5C26748AB2B1, cid=745, SUCCESS, logIndex=1009, commits[s2:c1028, s0:c948, s1:c974]
2019-09-24 16:16:45,119 DEBUG client.GrpcClientProtocolService (GrpcClientProtocolService.java:sendReply(353)) - 22-OrderedRequestStreamObserver22: sendReply seq=747, RaftClientReply:client-EDB41257C35F->s2@group-5C26748AB2B1, cid=746, SUCCESS, logIndex=1010, commits[s2:c1028, s0:c948, s1:c974]
2019-09-24 16:16:45,120 DEBUG client.GrpcClientProtocolService (GrpcClientProtocolService.java:sendReply(353)) - 22-OrderedRequestStreamObserver22: sendReply seq=748, RaftClientReply:client-EDB41257C35F->s2@group-5C26748AB2B1, cid=747, SUCCESS, logIndex=1011, commits[s2:c1028, s0:c948, s1:c974]
2019-09-24 16:16:45,120 DEBUG client.GrpcClientProtocolService (GrpcClientProtocolService.java:sendReply(353)) - 22-OrderedRequestStreamObserver22: sendReply seq=749, RaftClientReply:client-EDB41257C35F->s2@group-5C26748AB2B1, cid=748, SUCCESS, logIndex=1012, commits[s2:c1028, s0:c948, s1:c974]
2019-09-24 16:16:45,120 DEBUG client.GrpcClientProtocolService (GrpcClientProtocolService.java:sendReply(353)) - 22-OrderedRequestStreamObserver22: sendReply seq=750, RaftClientReply:client-EDB41257C35F->s2@group-5C26748AB2B1, cid=749, SUCCESS, logIndex=1013, commits[s2:c1034, s0:c948, s1:c974]
2019-09-24 16:16:45,120 DEBUG client.GrpcClientProtocolService (GrpcClientProtocolService.java:sendReply(353)) - 22-OrderedRequestStreamObserver22: sendReply seq=751, RaftClientReply:client-EDB41257C35F->s2@group-5C26748AB2B1, cid=750, SUCCESS, logIndex=1014, commits[s2:c1034, s0:c948, s1:c974]
2019-09-24 16:16:45,122 DEBUG client.GrpcClientProtocolService (GrpcClientProtocolService.java:sendReply(353)) - 22-OrderedRequestStreamObserver22: sendReply seq=752, RaftClientReply:client-EDB41257C35F->s2@group-5C26748AB2B1, cid=751, SUCCESS, logIndex=1015, commits[s2:c1036, s0:c948, s1:c974]
2019-09-24 16:16:45,123 DEBUG client.GrpcClientProtocolService (GrpcClientProtocolService.java:sendReply(353)) - 22-OrderedRequestStreamObserver22: sendReply seq=753, RaftClientReply:client-EDB41257C35F->s2@group-5C26748AB2B1, cid=752, SUCCESS, logIndex=1016, commits[s2:c1039, s0:c948, s1:c974]
2019-09-24 16:16:45,123 DEBUG client.GrpcClientProtocolService (GrpcClientProtocolService.java:sendReply(353)) - 22-OrderedRequestStreamObserver22: sendReply seq=754, RaftClientReply:client-EDB41257C35F->s2@group-5C26748AB2B1, cid=753, SUCCESS, logIndex=1017, commits[s2:c1039, s0:c948, s1:c974]
2019-09-24 16:16:45,123 DEBUG client.GrpcClientProtocolService (GrpcClientProtocolService.java:sendReply(353)) - 22-OrderedRequestStreamObserver22: sendReply seq=755, RaftClientReply:client-EDB41257C35F->s2@group-5C26748AB2B1, cid=754, SUCCESS, logIndex=1018, commits[s2:c1051, s0:c948, s1:c974]
2019-09-24 16:16:45,124 DEBUG client.GrpcClientProtocolService (GrpcClientProtocolService.java:sendReply(353)) - 22-OrderedRequestStreamObserver22: sendReply seq=756, RaftClientReply:client-EDB41257C35F->s2@group-5C26748AB2B1, cid=755, SUCCESS, logIndex=1019, commits[s2:c1051, s0:c948, s1:c974]
2019-09-24 16:16:45,124 DEBUG client.GrpcClientProtocolService (GrpcClientProtocolService.java:sendReply(353)) - 22-OrderedRequestStreamObserver22: sendReply seq=757, RaftClientReply:client-EDB41257C35F->s2@group-5C26748AB2B1, cid=756, SUCCESS, logIndex=1020, commits[s2:c1057, s0:c948, s1:c974]
2019-09-24 16:16:45,124 DEBUG client.GrpcClientProtocolService (GrpcClientProtocolService.java:sendReply(353)) - 22-OrderedRequestStreamObserver22: sendReply seq=758, RaftClientReply:client-EDB41257C35F->s2@group-5C26748AB2B1, cid=757, SUCCESS, logIndex=1021, commits[s2:c1057, s0:c948, s1:c974]
2019-09-24 16:16:45,125 DEBUG client.GrpcClientProtocolService (GrpcClientProtocolService.java:sendReply(353)) - 22-OrderedRequestStreamObserver22: sendReply seq=759, RaftClientReply:client-EDB41257C35F->s2@group-5C26748AB2B1, cid=758, SUCCESS, logIndex=1022, commits[s2:c1061, s0:c948, s1:c974]
2019-09-24 16:16:45,125 DEBUG client.GrpcClientProtocolService (GrpcClientProtocolService.java:sendReply(353)) - 22-OrderedRequestStreamObserver22: sendReply seq=760, RaftClientReply:client-EDB41257C35F->s2@group-5C26748AB2B1, cid=759, SUCCESS, logIndex=1023, commits[s2:c1062, s0:c948, s1:c974]
2019-09-24 16:16:45,125 DEBUG client.GrpcClientProtocolService (GrpcClientProtocolService.java:sendReply(353)) - 22-OrderedRequestStreamObserver22: sendReply seq=761, RaftClientReply:client-EDB41257C35F->s2@group-5C26748AB2B1, cid=760, SUCCESS, logIndex=1024, commits[s2:c1067, s0:c948, s1:c974]
2019-09-24 16:16:45,125 DEBUG client.GrpcClientProtocolService (GrpcClientProtocolService.java:sendReply(353)) - 22-OrderedRequestStreamObserver22: sendReply seq=762, RaftClientReply:client-EDB41257C35F->s2@group-5C26748AB2B1, cid=761, SUCCESS, logIndex=1025, commits[s2:c1067, s0:c948, s1:c974]
2019-09-24 16:16:45,125 DEBUG client.GrpcClientProtocolService (GrpcClientProtocolService.java:sendReply(353)) - 22-OrderedRequestStreamObserver22: sendReply seq=763, RaftClientReply:client-EDB41257C35F->s2@group-5C26748AB2B1, cid=762, SUCCESS, logIndex=1026, commits[s2:c1069, s0:c948, s1:c974]
2019-09-24 16:16:45,126 DEBUG client.GrpcClientProtocolService (GrpcClientProtocolService.java:sendReply(353)) - 22-OrderedRequestStreamObserver22: sendReply seq=764, RaftClientReply:client-EDB41257C35F->s2@group-5C26748AB2B1, cid=763, SUCCESS, logIndex=1027, commits[s2:c1069, s0:c948, s1:c974]
2019-09-24 16:16:45,126 DEBUG client.GrpcClientProtocolService (GrpcClientProtocolService.java:sendReply(353)) - 22-OrderedRequestStreamObserver22: sendReply seq=765, RaftClientReply:client-EDB41257C35F->s2@group-5C26748AB2B1, cid=764, SUCCESS, logIndex=1028, commits[s2:c1070, s0:c948, s1:c974]
2019-09-24 16:16:45,126 DEBUG client.GrpcClientProtocolService (GrpcClientProtocolService.java:sendReply(353)) - 22-OrderedRequestStreamObserver22: sendReply seq=766, RaftClientReply:client-EDB41257C35F->s2@group-5C26748AB2B1, cid=765, SUCCESS, logIndex=1029, commits[s2:c1074, s0:c948, s1:c974]
2019-09-24 16:16:45,126 DEBUG client.GrpcClientProtocolService (GrpcClientProtocolService.java:sendReply(353)) - 22-OrderedRequestStreamObserver22: sendReply seq=767, RaftClientReply:client-EDB41257C35F->s2@group-5C26748AB2B1, cid=766, SUCCESS, logIndex=1030, commits[s2:c1074, s0:c948, s1:c974]
2019-09-24 16:16:45,126 DEBUG client.GrpcClientProtocolService (GrpcClientProtocolService.java:sendReply(353)) - 22-OrderedRequestStreamObserver22: sendReply seq=768, RaftClientReply:client-EDB41257C35F->s2@group-5C26748AB2B1, cid=767, SUCCESS, logIndex=1031, commits[s2:c1077, s0:c948, s1:c974]
2019-09-24 16:16:45,126 DEBUG client.GrpcClientProtocolService (GrpcClientProtocolService.java:sendReply(353)) - 22-OrderedRequestStreamObserver22: sendReply seq=769, RaftClientReply:client-EDB41257C35F->s2@group-5C26748AB2B1, cid=768, SUCCESS, logIndex=1032, commits[s2:c1078, s0:c948, s1:c974]
2019-09-24 16:16:45,126 DEBUG client.GrpcClientProtocolService (GrpcClientProtocolService.java:sendReply(353)) - 22-OrderedRequestStreamObserver22: sendReply seq=770, RaftClientReply:client-EDB41257C35F->s2@group-5C26748AB2B1, cid=769, SUCCESS, logIndex=1033, commits[s2:c1078, s0:c948, s1:c974]
2019-09-24 16:16:45,126 DEBUG client.GrpcClientProtocolService (GrpcClientProtocolService.java:sendReply(353)) - 22-OrderedRequestStreamObserver22: sendReply seq=771, RaftClientReply:client-EDB41257C35F->s2@group-5C26748AB2B1, cid=770, SUCCESS, logIndex=1034, commits[s2:c1078, s0:c948, s1:c974]
2019-09-24 16:16:45,127 DEBUG client.GrpcClientProtocolService (GrpcClientProtocolService.java:sendReply(353)) - 22-OrderedRequestStreamObserver22: sendReply seq=772, RaftClientReply:client-EDB41257C35F->s2@group-5C26748AB2B1, cid=771, SUCCESS, logIndex=1035, commits[s2:c1078, s0:c948, s1:c974]
2019-09-24 16:16:45,127 DEBUG client.GrpcClientProtocolService (GrpcClientProtocolService.java:sendReply(353)) - 22-OrderedRequestStreamObserver22: sendReply seq=773, RaftClientReply:client-EDB41257C35F->s2@group-5C26748AB2B1, cid=772, SUCCESS, logIndex=1036, commits[s2:c1078, s0:c948, s1:c974]
2019-09-24 16:16:45,128 DEBUG client.GrpcClientProtocolService (GrpcClientProtocolService.java:sendReply(353)) - 22-OrderedRequestStreamObserver22: sendReply seq=774, RaftClientReply:client-EDB41257C35F->s2@group-5C26748AB2B1, cid=773, SUCCESS, logIndex=1037, commits[s2:c1078, s0:c948, s1:c974]
2019-09-24 16:16:45,128 DEBUG client.GrpcClientProtocolService (GrpcClientProtocolService.java:sendReply(353)) - 22-OrderedRequestStreamObserver22: sendReply seq=775, RaftClientReply:client-EDB41257C35F->s2@group-5C26748AB2B1, cid=774, SUCCESS, logIndex=1038, commits[s2:c1078, s0:c948, s1:c974]
2019-09-24 16:16:45,129 DEBUG client.GrpcClientProtocolService (GrpcClientProtocolService.java:sendReply(353)) - 22-OrderedRequestStreamObserver22: sendReply seq=776, RaftClientReply:client-EDB41257C35F->s2@group-5C26748AB2B1, cid=775, SUCCESS, logIndex=1039, commits[s2:c1078, s0:c948, s1:c974]
2019-09-24 16:16:45,129 DEBUG client.GrpcClientProtocolService (GrpcClientProtocolService.java:sendReply(353)) - 22-OrderedRequestStreamObserver22: sendReply seq=777, RaftClientReply:client-EDB41257C35F->s2@group-5C26748AB2B1, cid=776, SUCCESS, logIndex=1040, commits[s2:c1078, s0:c948, s1:c974]
2019-09-24 16:16:45,129 DEBUG client.GrpcClientProtocolService (GrpcClientProtocolService.java:sendReply(353)) - 22-OrderedRequestStreamObserver22: sendReply seq=778, RaftClientReply:client-EDB41257C35F->s2@group-5C26748AB2B1, cid=777, SUCCESS, logIndex=1041, commits[s2:c1079, s0:c948, s1:c974]
2019-09-24 16:16:45,129 DEBUG client.GrpcClientProtocolService (GrpcClientProtocolService.java:sendReply(353)) - 22-OrderedRequestStreamObserver22: sendReply seq=779, RaftClientReply:client-EDB41257C35F->s2@group-5C26748AB2B1, cid=778, SUCCESS, logIndex=1042, commits[s2:c1080, s0:c948, s1:c974]
2019-09-24 16:16:45,129 DEBUG client.GrpcClientProtocolService (GrpcClientProtocolService.java:sendReply(353)) - 22-OrderedRequestStreamObserver22: sendReply seq=780, RaftClientReply:client-EDB41257C35F->s2@group-5C26748AB2B1, cid=779, SUCCESS, logIndex=1043, commits[s2:c1080, s0:c948, s1:c974]
2019-09-24 16:16:45,129 DEBUG client.GrpcClientProtocolService (GrpcClientProtocolService.java:sendReply(353)) - 22-OrderedRequestStreamObserver22: sendReply seq=781, RaftClientReply:client-EDB41257C35F->s2@group-5C26748AB2B1, cid=780, SUCCESS, logIndex=1044, commits[s2:c1080, s0:c948, s1:c974]
2019-09-24 16:16:45,130 DEBUG client.GrpcClientProtocolService (GrpcClientProtocolService.java:sendReply(353)) - 22-OrderedRequestStreamObserver22: sendReply seq=782, RaftClientReply:client-EDB41257C35F->s2@group-5C26748AB2B1, cid=781, SUCCESS, logIndex=1045, commits[s2:c1080, s0:c948, s1:c974]
2019-09-24 16:16:45,130 DEBUG client.GrpcClientProtocolService (GrpcClientProtocolService.java:sendReply(353)) - 22-OrderedRequestStreamObserver22: sendReply seq=783, RaftClientReply:client-EDB41257C35F->s2@group-5C26748AB2B1, cid=782, SUCCESS, logIndex=1046, commits[s2:c1080, s0:c948, s1:c974]
2019-09-24 16:16:45,130 DEBUG client.GrpcClientProtocolService (GrpcClientProtocolService.java:sendReply(353)) - 22-OrderedRequestStreamObserver22: sendReply seq=784, RaftClientReply:client-EDB41257C35F->s2@group-5C26748AB2B1, cid=783, SUCCESS, logIndex=1047, commits[s2:c1080, s0:c948, s1:c974]
2019-09-24 16:16:45,130 DEBUG client.GrpcClientProtocolService (GrpcClientProtocolService.java:sendReply(353)) - 22-OrderedRequestStreamObserver22: sendReply seq=785, RaftClientReply:client-EDB41257C35F->s2@group-5C26748AB2B1, cid=784, SUCCESS, logIndex=1048, commits[s2:c1080, s0:c948, s1:c974]
2019-09-24 16:16:45,130 DEBUG client.GrpcClientProtocolService (GrpcClientProtocolService.java:sendReply(353)) - 22-OrderedRequestStreamObserver22: sendReply seq=786, RaftClientReply:client-EDB41257C35F->s2@group-5C26748AB2B1, cid=785, SUCCESS, logIndex=1049, commits[s2:c1080, s0:c948, s1:c974]
2019-09-24 16:16:45,130 DEBUG client.GrpcClientProtocolService (GrpcClientProtocolService.java:sendReply(353)) - 22-OrderedRequestStreamObserver22: sendReply seq=787, RaftClientReply:client-EDB41257C35F->s2@group-5C26748AB2B1, cid=786, SUCCESS, logIndex=1050, commits[s2:c1080, s0:c948, s1:c974]
2019-09-24 16:16:45,130 DEBUG client.GrpcClientProtocolService (GrpcClientProtocolService.java:sendReply(353)) - 22-OrderedRequestStreamObserver22: sendReply seq=788, RaftClientReply:client-EDB41257C35F->s2@group-5C26748AB2B1, cid=787, SUCCESS, logIndex=1051, commits[s2:c1080, s0:c948, s1:c974]
2019-09-24 16:16:45,131 DEBUG client.GrpcClientProtocolService (GrpcClientProtocolService.java:sendReply(353)) - 22-OrderedRequestStreamObserver22: sendReply seq=789, RaftClientReply:client-EDB41257C35F->s2@group-5C26748AB2B1, cid=788, SUCCESS, logIndex=1052, commits[s2:c1080, s0:c948, s1:c974]
2019-09-24 16:16:45,131 DEBUG client.GrpcClientProtocolService (GrpcClientProtocolService.java:sendReply(353)) - 22-OrderedRequestStreamObserver22: sendReply seq=790, RaftClientReply:client-EDB41257C35F->s2@group-5C26748AB2B1, cid=789, SUCCESS, logIndex=1053, commits[s2:c1080, s0:c948, s1:c974]
2019-09-24 16:16:45,131 DEBUG client.GrpcClientProtocolService (GrpcClientProtocolService.java:sendReply(353)) - 22-OrderedRequestStreamObserver22: sendReply seq=791, RaftClientReply:client-EDB41257C35F->s2@group-5C26748AB2B1, cid=790, SUCCESS, logIndex=1054, commits[s2:c1080, s0:c948, s1:c974]
2019-09-24 16:16:45,133 DEBUG client.GrpcClientProtocolService (GrpcClientProtocolService.java:sendReply(353)) - 22-OrderedRequestStreamObserver22: sendReply seq=792, RaftClientReply:client-EDB41257C35F->s2@group-5C26748AB2B1, cid=791, SUCCESS, logIndex=1055, commits[s2:c1080, s0:c948, s1:c974]
2019-09-24 16:16:45,133 DEBUG client.GrpcClientProtocolService (GrpcClientProtocolService.java:sendReply(353)) - 22-OrderedRequestStreamObserver22: sendReply seq=793, RaftClientReply:client-EDB41257C35F->s2@group-5C26748AB2B1, cid=792, SUCCESS, logIndex=1056, commits[s2:c1080, s0:c948, s1:c974]
2019-09-24 16:16:45,133 DEBUG client.GrpcClientProtocolService (GrpcClientProtocolService.java:sendReply(353)) - 22-OrderedRequestStreamObserver22: sendReply seq=794, RaftClientReply:client-EDB41257C35F->s2@group-5C26748AB2B1, cid=793, SUCCESS, logIndex=1057, commits[s2:c1080, s0:c948, s1:c974]
2019-09-24 16:16:45,133 DEBUG client.GrpcClientProtocolService (GrpcClientProtocolService.java:sendReply(353)) - 22-OrderedRequestStreamObserver22: sendReply seq=795, RaftClientReply:client-EDB41257C35F->s2@group-5C26748AB2B1, cid=794, SUCCESS, logIndex=1058, commits[s2:c1080, s0:c948, s1:c974]
2019-09-24 16:16:45,133 DEBUG client.GrpcClientProtocolService (GrpcClientProtocolService.java:sendReply(353)) - 22-OrderedRequestStreamObserver22: sendReply seq=796, RaftClientReply:client-EDB41257C35F->s2@group-5C26748AB2B1, cid=795, SUCCESS, logIndex=1059, commits[s2:c1080, s0:c948, s1:c974]
2019-09-24 16:16:45,133 DEBUG client.GrpcClientProtocolService (GrpcClientProtocolService.java:sendReply(353)) - 22-OrderedRequestStreamObserver22: sendReply seq=797, RaftClientReply:client-EDB41257C35F->s2@group-5C26748AB2B1, cid=796, SUCCESS, logIndex=1060, commits[s2:c1080, s0:c948, s1:c974]
2019-09-24 16:16:45,134 DEBUG client.GrpcClientProtocolService (GrpcClientProtocolService.java:sendReply(353)) - 22-OrderedRequestStreamObserver22: sendReply seq=798, RaftClientReply:client-EDB41257C35F->s2@group-5C26748AB2B1, cid=797, SUCCESS, logIndex=1061, commits[s2:c1080, s0:c948, s1:c974]
2019-09-24 16:16:45,134 DEBUG client.GrpcClientProtocolService (GrpcClientProtocolService.java:sendReply(353)) - 22-OrderedRequestStreamObserver22: sendReply seq=799, RaftClientReply:client-EDB41257C35F->s2@group-5C26748AB2B1, cid=798, SUCCESS, logIndex=1062, commits[s2:c1080, s0:c948, s1:c974]
2019-09-24 16:16:45,134 DEBUG client.GrpcClientProtocolService (GrpcClientProtocolService.java:sendReply(353)) - 22-OrderedRequestStreamObserver22: sendReply seq=800, RaftClientReply:client-EDB41257C35F->s2@group-5C26748AB2B1, cid=799, SUCCESS, logIndex=1063, commits[s2:c1080, s0:c948, s1:c974]
2019-09-24 16:16:45,134 DEBUG client.GrpcClientProtocolService (GrpcClientProtocolService.java:sendReply(353)) - 22-OrderedRequestStreamObserver22: sendReply seq=801, RaftClientReply:client-EDB41257C35F->s2@group-5C26748AB2B1, cid=800, SUCCESS, logIndex=1064, commits[s2:c1080, s0:c948, s1:c974]
2019-09-24 16:16:45,135 INFO  impl.FollowerState (FollowerState.java:run(108)) - s0@group-E77E9FD8E08A-FollowerState: change to CANDIDATE, lastRpcTime:160ms, electionTimeout:160ms
2019-09-24 16:16:45,135 INFO  impl.RoleInfo (RoleInfo.java:shutdownFollowerState(121)) - s0: shutdown FollowerState
2019-09-24 16:16:45,135 INFO  impl.RaftServerImpl (RaftServerImpl.java:setRole(170)) - s0@group-E77E9FD8E08A: changes role from  FOLLOWER to CANDIDATE at term 0 for changeToCandidate
2019-09-24 16:16:45,136 INFO  impl.RoleInfo (RoleInfo.java:updateAndGet(143)) - s0: start LeaderElection
2019-09-24 16:16:45,136 DEBUG client.GrpcClientProtocolService (GrpcClientProtocolService.java:sendReply(353)) - 22-OrderedRequestStreamObserver22: sendReply seq=802, RaftClientReply:client-EDB41257C35F->s2@group-5C26748AB2B1, cid=801, SUCCESS, logIndex=1065, commits[s2:c1080, s0:c948, s1:c974]
2019-09-24 16:16:45,216 INFO  impl.FollowerState (FollowerState.java:run(108)) - s2@group-E77E9FD8E08A-FollowerState: change to CANDIDATE, lastRpcTime:228ms, electionTimeout:218ms
2019-09-24 16:16:45,219 INFO  impl.RoleInfo (RoleInfo.java:shutdownFollowerState(121)) - s2: shutdown FollowerState
2019-09-24 16:16:45,219 INFO  impl.RaftServerImpl (RaftServerImpl.java:setRole(170)) - s2@group-E77E9FD8E08A: changes role from  FOLLOWER to CANDIDATE at term 0 for changeToCandidate
2019-09-24 16:16:45,220 INFO  impl.RoleInfo (RoleInfo.java:updateAndGet(143)) - s2: start LeaderElection
2019-09-24 16:16:45,222 DEBUG client.GrpcClientProtocolService (GrpcClientProtocolService.java:sendReply(353)) - 22-OrderedRequestStreamObserver22: sendReply seq=803, RaftClientReply:client-EDB41257C35F->s2@group-5C26748AB2B1, cid=802, SUCCESS, logIndex=1066, commits[s2:c1080, s0:c948, s1:c974]
2019-09-24 16:16:45,223 DEBUG client.GrpcClientProtocolService (GrpcClientProtocolService.java:sendReply(353)) - 22-OrderedRequestStreamObserver22: sendReply seq=804, RaftClientReply:client-EDB41257C35F->s2@group-5C26748AB2B1, cid=803, SUCCESS, logIndex=1067, commits[s2:c1080, s0:c948, s1:c974]
2019-09-24 16:16:45,223 DEBUG client.GrpcClientProtocolService (GrpcClientProtocolService.java:sendReply(353)) - 22-OrderedRequestStreamObserver22: sendReply seq=805, RaftClientReply:client-EDB41257C35F->s2@group-5C26748AB2B1, cid=804, SUCCESS, logIndex=1068, commits[s2:c1080, s0:c948, s1:c974]
2019-09-24 16:16:45,223 DEBUG client.GrpcClientProtocolService (GrpcClientProtocolService.java:sendReply(353)) - 22-OrderedRequestStreamObserver22: sendReply seq=806, RaftClientReply:client-EDB41257C35F->s2@group-5C26748AB2B1, cid=805, SUCCESS, logIndex=1069, commits[s2:c1080, s0:c948, s1:c974]
2019-09-24 16:16:45,223 DEBUG client.GrpcClientProtocolService (GrpcClientProtocolService.java:sendReply(353)) - 22-OrderedRequestStreamObserver22: sendReply seq=807, RaftClientReply:client-EDB41257C35F->s2@group-5C26748AB2B1, cid=806, SUCCESS, logIndex=1070, commits[s2:c1080, s0:c948, s1:c974]
2019-09-24 16:16:45,223 DEBUG client.GrpcClientProtocolService (GrpcClientProtocolService.java:sendReply(353)) - 22-OrderedRequestStreamObserver22: sendReply seq=808, RaftClientReply:client-EDB41257C35F->s2@group-5C26748AB2B1, cid=807, SUCCESS, logIndex=1071, commits[s2:c1080, s0:c948, s1:c974]
2019-09-24 16:16:45,224 DEBUG client.GrpcClientProtocolService (GrpcClientProtocolService.java:sendReply(353)) - 22-OrderedRequestStreamObserver22: sendReply seq=809, RaftClientReply:client-EDB41257C35F->s2@group-5C26748AB2B1, cid=808, SUCCESS, logIndex=1072, commits[s2:c1080, s0:c948, s1:c974]
2019-09-24 16:16:45,224 DEBUG client.GrpcClientProtocolService (GrpcClientProtocolService.java:sendReply(353)) - 22-OrderedRequestStreamObserver22: sendReply seq=810, RaftClientReply:client-EDB41257C35F->s2@group-5C26748AB2B1, cid=809, SUCCESS, logIndex=1073, commits[s2:c1080, s0:c948, s1:c974]
2019-09-24 16:16:45,224 DEBUG client.GrpcClientProtocolService (GrpcClientProtocolService.java:sendReply(353)) - 22-OrderedRequestStreamObserver22: sendReply seq=811, RaftClientReply:client-EDB41257C35F->s2@group-5C26748AB2B1, cid=810, SUCCESS, logIndex=1074, commits[s2:c1080, s0:c948, s1:c974]
2019-09-24 16:16:45,225 DEBUG client.GrpcClientProtocolService (GrpcClientProtocolService.java:sendReply(353)) - 22-OrderedRequestStreamObserver22: sendReply seq=812, RaftClientReply:client-EDB41257C35F->s2@group-5C26748AB2B1, cid=811, SUCCESS, logIndex=1075, commits[s2:c1080, s0:c948, s1:c974]
2019-09-24 16:16:45,225 DEBUG client.GrpcClientProtocolService (GrpcClientProtocolService.java:sendReply(353)) - 22-OrderedRequestStreamObserver22: sendReply seq=813, RaftClientReply:client-EDB41257C35F->s2@group-5C26748AB2B1, cid=812, SUCCESS, logIndex=1076, commits[s2:c1080, s0:c948, s1:c974]
2019-09-24 16:16:45,225 DEBUG client.GrpcClientProtocolService (GrpcClientProtocolService.java:sendReply(353)) - 22-OrderedRequestStreamObserver22: sendReply seq=814, RaftClientReply:client-EDB41257C35F->s2@group-5C26748AB2B1, cid=813, SUCCESS, logIndex=1077, commits[s2:c1080, s0:c948, s1:c974]
2019-09-24 16:16:45,225 DEBUG client.GrpcClientProtocolService (GrpcClientProtocolService.java:sendReply(353)) - 22-OrderedRequestStreamObserver22: sendReply seq=815, RaftClientReply:client-EDB41257C35F->s2@group-5C26748AB2B1, cid=814, SUCCESS, logIndex=1078, commits[s2:c1080, s0:c948, s1:c974]
2019-09-24 16:16:45,226 DEBUG client.GrpcClientProtocolService (GrpcClientProtocolService.java:sendReply(353)) - 22-OrderedRequestStreamObserver22: sendReply seq=816, RaftClientReply:client-EDB41257C35F->s2@group-5C26748AB2B1, cid=815, SUCCESS, logIndex=1079, commits[s2:c1080, s0:c948, s1:c974]
2019-09-24 16:16:45,226 DEBUG client.GrpcClientProtocolService (GrpcClientProtocolService.java:sendReply(353)) - 22-OrderedRequestStreamObserver22: sendReply seq=817, RaftClientReply:client-EDB41257C35F->s2@group-5C26748AB2B1, cid=816, SUCCESS, logIndex=1080, commits[s2:c1080, s0:c948, s1:c974]
2019-09-24 16:16:45,226 INFO  impl.FollowerState (FollowerState.java:run(108)) - s1@group-E77E9FD8E08A-FollowerState: change to CANDIDATE, lastRpcTime:244ms, electionTimeout:244ms
2019-09-24 16:16:45,226 DEBUG client.GrpcClientProtocolService (GrpcClientProtocolService.java:sendReply(353)) - 22-OrderedRequestStreamObserver22: sendReply seq=818, RaftClientReply:client-EDB41257C35F->s2@group-5C26748AB2B1, cid=817, SUCCESS, logIndex=1082, commits[s2:c1082, s0:c974, s1:c982]
2019-09-24 16:16:45,227 INFO  impl.RoleInfo (RoleInfo.java:shutdownFollowerState(121)) - s1: shutdown FollowerState
2019-09-24 16:16:45,227 INFO  impl.RaftServerImpl (RaftServerImpl.java:setRole(170)) - s1@group-E77E9FD8E08A: changes role from  FOLLOWER to CANDIDATE at term 0 for changeToCandidate
2019-09-24 16:16:45,227 DEBUG client.GrpcClientProtocolService (GrpcClientProtocolService.java:sendReply(353)) - 22-OrderedRequestStreamObserver22: sendReply seq=819, RaftClientReply:client-EDB41257C35F->s2@group-5C26748AB2B1, cid=818, SUCCESS, logIndex=1088, commits[s2:c1094, s0:c974, s1:c1012]
2019-09-24 16:16:45,227 INFO  impl.RoleInfo (RoleInfo.java:updateAndGet(143)) - s1: start LeaderElection
2019-09-24 16:16:45,231 DEBUG client.GrpcClientProtocolService (GrpcClientProtocolService.java:sendReply(353)) - 22-OrderedRequestStreamObserver22: sendReply seq=820, RaftClientReply:client-EDB41257C35F->s2@group-5C26748AB2B1, cid=819, SUCCESS, logIndex=1093, commits[s2:c1094, s0:c974, s1:c1039]
2019-09-24 16:16:45,231 DEBUG client.GrpcClientProtocolService (GrpcClientProtocolService.java:sendReply(353)) - 22-OrderedRequestStreamObserver22: sendReply seq=821, RaftClientReply:client-EDB41257C35F->s2@group-5C26748AB2B1, cid=820, SUCCESS, logIndex=1101, commits[s2:c1107, s0:c974, s1:c1039]
2019-09-24 16:16:45,231 DEBUG client.GrpcClientProtocolService (GrpcClientProtocolService.java:sendReply(353)) - 22-OrderedRequestStreamObserver22: sendReply seq=822, RaftClientReply:client-EDB41257C35F->s2@group-5C26748AB2B1, cid=821, SUCCESS, logIndex=1108, commits[s2:c1108, s0:c974, s1:c1067]
2019-09-24 16:16:45,232 DEBUG client.GrpcClientProtocolService (GrpcClientProtocolService.java:sendReply(353)) - 22-OrderedRequestStreamObserver22: sendReply seq=823, RaftClientReply:client-EDB41257C35F->s2@group-5C26748AB2B1, cid=822, SUCCESS, logIndex=1118, commits[s2:c1120, s0:c1087, s1:c1094]
2019-09-24 16:16:45,452 WARN  ratis.RaftTestUtil (JavaUtils.java:attempt(158)) - FAILED "waitForLeader-null-(expectLeader? true)", attempt #2/100: java.lang.IllegalStateException: No leader yet : printing ALL groups
  s0:  RUNNING CANDIDATE s0@group-E77E9FD8E08A:t1, leader=null, voted=s0, raftlog=s0@group-E77E9FD8E08A-SegmentedRaftLog:OPENED:c-1,f-1,i0, conf=-1: [s0:0.0.0.0:34097, s1:0.0.0.0:42213, s2:0.0.0.0:41839], old=null RUNNING
  s1:  RUNNING CANDIDATE s1@group-E77E9FD8E08A:t1, leader=null, voted=s1, raftlog=s1@group-E77E9FD8E08A-SegmentedRaftLog:OPENED:c-1,f-1,i0, conf=-1: [s0:0.0.0.0:34097, s1:0.0.0.0:42213, s2:0.0.0.0:41839], old=null RUNNING
  s2:  RUNNING CANDIDATE s2@group-E77E9FD8E08A:t1, leader=null, voted=s2, raftlog=s2@group-E77E9FD8E08A-SegmentedRaftLog:OPENED:c-1,f-1,i0, conf=-1: [s0:0.0.0.0:34097, s1:0.0.0.0:42213, s2:0.0.0.0:41839], old=null RUNNING, sleep 450ms and then retry.
java.lang.IllegalStateException: No leader yet : printing ALL groups
  s0:  RUNNING CANDIDATE s0@group-E77E9FD8E08A:t1, leader=null, voted=s0, raftlog=s0@group-E77E9FD8E08A-SegmentedRaftLog:OPENED:c-1,f-1,i0, conf=-1: [s0:0.0.0.0:34097, s1:0.0.0.0:42213, s2:0.0.0.0:41839], old=null RUNNING
  s1:  RUNNING CANDIDATE s1@group-E77E9FD8E08A:t1, leader=null, voted=s1, raftlog=s1@group-E77E9FD8E08A-SegmentedRaftLog:OPENED:c-1,f-1,i0, conf=-1: [s0:0.0.0.0:34097, s1:0.0.0.0:42213, s2:0.0.0.0:41839], old=null RUNNING
  s2:  RUNNING CANDIDATE s2@group-E77E9FD8E08A:t1, leader=null, voted=s2, raftlog=s2@group-E77E9FD8E08A-SegmentedRaftLog:OPENED:c-1,f-1,i0, conf=-1: [s0:0.0.0.0:34097, s1:0.0.0.0:42213, s2:0.0.0.0:41839], old=null RUNNING
	at org.apache.ratis.MiniRaftCluster.newIllegalStateExceptionForNoLeaders(MiniRaftCluster.java:506)
	at org.apache.ratis.RaftTestUtil.lambda$waitForLeader$1(RaftTestUtil.java:90)
	at org.apache.ratis.MiniRaftCluster.getLeader(MiniRaftCluster.java:539)
	at org.apache.ratis.MiniRaftCluster.getLeader(MiniRaftCluster.java:532)
	at org.apache.ratis.RaftTestUtil.lambda$waitForLeader$3(RaftTestUtil.java:98)
	at org.apache.ratis.util.JavaUtils.attempt(JavaUtils.java:152)
	at org.apache.ratis.RaftTestUtil.waitForLeader(RaftTestUtil.java:97)
	at org.apache.ratis.RaftTestUtil.waitForLeader(RaftTestUtil.java:77)
	at org.apache.ratis.RaftTestUtil.waitForLeader(RaftTestUtil.java:72)
	at org.apache.ratis.OutputStreamBaseTest.runTestWriteAndFlush(OutputStreamBaseTest.java:121)
	at org.apache.ratis.MiniRaftCluster$Factory$Get.runWithNewCluster(MiniRaftCluster.java:125)
	at org.apache.ratis.MiniRaftCluster$Factory$Get.runWithNewCluster(MiniRaftCluster.java:113)
	at org.apache.ratis.OutputStreamBaseTest.testWriteAndFlush(OutputStreamBaseTest.java:116)
	at sun.reflect.NativeMethodAccessorImpl.invoke0(Native Method)
	at sun.reflect.NativeMethodAccessorImpl.invoke(NativeMethodAccessorImpl.java:62)
	at sun.reflect.DelegatingMethodAccessorImpl.invoke(DelegatingMethodAccessorImpl.java:43)
	at java.lang.reflect.Method.invoke(Method.java:498)
	at org.junit.runners.model.FrameworkMethod$1.runReflectiveCall(FrameworkMethod.java:50)
	at org.junit.internal.runners.model.ReflectiveCallable.run(ReflectiveCallable.java:12)
	at org.junit.runners.model.FrameworkMethod.invokeExplosively(FrameworkMethod.java:47)
	at org.junit.internal.runners.statements.InvokeMethod.evaluate(InvokeMethod.java:17)
	at org.junit.internal.runners.statements.RunAfters.evaluate(RunAfters.java:27)
	at org.junit.internal.runners.statements.FailOnTimeout$CallableStatement.call(FailOnTimeout.java:298)
	at org.junit.internal.runners.statements.FailOnTimeout$CallableStatement.call(FailOnTimeout.java:292)
	at java.util.concurrent.FutureTask.run(FutureTask.java:266)
	at java.lang.Thread.run(Thread.java:748)
2019-09-24 16:16:45,903 WARN  ratis.RaftTestUtil (JavaUtils.java:attempt(158)) - FAILED "waitForLeader-null-(expectLeader? true)", attempt #3/100: java.lang.IllegalStateException: No leader yet : printing ALL groups
  s0:  RUNNING CANDIDATE s0@group-E77E9FD8E08A:t1, leader=null, voted=s0, raftlog=s0@group-E77E9FD8E08A-SegmentedRaftLog:OPENED:c-1,f-1,i0, conf=-1: [s0:0.0.0.0:34097, s1:0.0.0.0:42213, s2:0.0.0.0:41839], old=null RUNNING
  s1:  RUNNING CANDIDATE s1@group-E77E9FD8E08A:t1, leader=null, voted=s1, raftlog=s1@group-E77E9FD8E08A-SegmentedRaftLog:OPENED:c-1,f-1,i0, conf=-1: [s0:0.0.0.0:34097, s1:0.0.0.0:42213, s2:0.0.0.0:41839], old=null RUNNING
  s2:  RUNNING CANDIDATE s2@group-E77E9FD8E08A:t1, leader=null, voted=s2, raftlog=s2@group-E77E9FD8E08A-SegmentedRaftLog:OPENED:c-1,f-1,i0, conf=-1: [s0:0.0.0.0:34097, s1:0.0.0.0:42213, s2:0.0.0.0:41839], old=null RUNNING, sleep 450ms and then retry.
java.lang.IllegalStateException: No leader yet : printing ALL groups
  s0:  RUNNING CANDIDATE s0@group-E77E9FD8E08A:t1, leader=null, voted=s0, raftlog=s0@group-E77E9FD8E08A-SegmentedRaftLog:OPENED:c-1,f-1,i0, conf=-1: [s0:0.0.0.0:34097, s1:0.0.0.0:42213, s2:0.0.0.0:41839], old=null RUNNING
  s1:  RUNNING CANDIDATE s1@group-E77E9FD8E08A:t1, leader=null, voted=s1, raftlog=s1@group-E77E9FD8E08A-SegmentedRaftLog:OPENED:c-1,f-1,i0, conf=-1: [s0:0.0.0.0:34097, s1:0.0.0.0:42213, s2:0.0.0.0:41839], old=null RUNNING
  s2:  RUNNING CANDIDATE s2@group-E77E9FD8E08A:t1, leader=null, voted=s2, raftlog=s2@group-E77E9FD8E08A-SegmentedRaftLog:OPENED:c-1,f-1,i0, conf=-1: [s0:0.0.0.0:34097, s1:0.0.0.0:42213, s2:0.0.0.0:41839], old=null RUNNING
	at org.apache.ratis.MiniRaftCluster.newIllegalStateExceptionForNoLeaders(MiniRaftCluster.java:506)
	at org.apache.ratis.RaftTestUtil.lambda$waitForLeader$1(RaftTestUtil.java:90)
	at org.apache.ratis.MiniRaftCluster.getLeader(MiniRaftCluster.java:539)
	at org.apache.ratis.MiniRaftCluster.getLeader(MiniRaftCluster.java:532)
	at org.apache.ratis.RaftTestUtil.lambda$waitForLeader$3(RaftTestUtil.java:98)
	at org.apache.ratis.util.JavaUtils.attempt(JavaUtils.java:152)
	at org.apache.ratis.RaftTestUtil.waitForLeader(RaftTestUtil.java:97)
	at org.apache.ratis.RaftTestUtil.waitForLeader(RaftTestUtil.java:77)
	at org.apache.ratis.RaftTestUtil.waitForLeader(RaftTestUtil.java:72)
	at org.apache.ratis.OutputStreamBaseTest.runTestWriteAndFlush(OutputStreamBaseTest.java:121)
	at org.apache.ratis.MiniRaftCluster$Factory$Get.runWithNewCluster(MiniRaftCluster.java:125)
	at org.apache.ratis.MiniRaftCluster$Factory$Get.runWithNewCluster(MiniRaftCluster.java:113)
	at org.apache.ratis.OutputStreamBaseTest.testWriteAndFlush(OutputStreamBaseTest.java:116)
	at sun.reflect.NativeMethodAccessorImpl.invoke0(Native Method)
	at sun.reflect.NativeMethodAccessorImpl.invoke(NativeMethodAccessorImpl.java:62)
	at sun.reflect.DelegatingMethodAccessorImpl.invoke(DelegatingMethodAccessorImpl.java:43)
	at java.lang.reflect.Method.invoke(Method.java:498)
	at org.junit.runners.model.FrameworkMethod$1.runReflectiveCall(FrameworkMethod.java:50)
	at org.junit.internal.runners.model.ReflectiveCallable.run(ReflectiveCallable.java:12)
	at org.junit.runners.model.FrameworkMethod.invokeExplosively(FrameworkMethod.java:47)
	at org.junit.internal.runners.statements.InvokeMethod.evaluate(InvokeMethod.java:17)
	at org.junit.internal.runners.statements.RunAfters.evaluate(RunAfters.java:27)
	at org.junit.internal.runners.statements.FailOnTimeout$CallableStatement.call(FailOnTimeout.java:298)
	at org.junit.internal.runners.statements.FailOnTimeout$CallableStatement.call(FailOnTimeout.java:292)
	at java.util.concurrent.FutureTask.run(FutureTask.java:266)
	at java.lang.Thread.run(Thread.java:748)
2019-09-24 16:16:46,355 WARN  ratis.RaftTestUtil (JavaUtils.java:attempt(158)) - FAILED "waitForLeader-null-(expectLeader? true)", attempt #4/100: java.lang.IllegalStateException: No leader yet : printing ALL groups
  s0:  RUNNING CANDIDATE s0@group-E77E9FD8E08A:t1, leader=null, voted=s0, raftlog=s0@group-E77E9FD8E08A-SegmentedRaftLog:OPENED:c-1,f-1,i0, conf=-1: [s0:0.0.0.0:34097, s1:0.0.0.0:42213, s2:0.0.0.0:41839], old=null RUNNING
  s1:  RUNNING CANDIDATE s1@group-E77E9FD8E08A:t1, leader=null, voted=s1, raftlog=s1@group-E77E9FD8E08A-SegmentedRaftLog:OPENED:c-1,f-1,i0, conf=-1: [s0:0.0.0.0:34097, s1:0.0.0.0:42213, s2:0.0.0.0:41839], old=null RUNNING
  s2:  RUNNING CANDIDATE s2@group-E77E9FD8E08A:t1, leader=null, voted=s2, raftlog=s2@group-E77E9FD8E08A-SegmentedRaftLog:OPENED:c-1,f-1,i0, conf=-1: [s0:0.0.0.0:34097, s1:0.0.0.0:42213, s2:0.0.0.0:41839], old=null RUNNING, sleep 450ms and then retry.
java.lang.IllegalStateException: No leader yet : printing ALL groups
  s0:  RUNNING CANDIDATE s0@group-E77E9FD8E08A:t1, leader=null, voted=s0, raftlog=s0@group-E77E9FD8E08A-SegmentedRaftLog:OPENED:c-1,f-1,i0, conf=-1: [s0:0.0.0.0:34097, s1:0.0.0.0:42213, s2:0.0.0.0:41839], old=null RUNNING
  s1:  RUNNING CANDIDATE s1@group-E77E9FD8E08A:t1, leader=null, voted=s1, raftlog=s1@group-E77E9FD8E08A-SegmentedRaftLog:OPENED:c-1,f-1,i0, conf=-1: [s0:0.0.0.0:34097, s1:0.0.0.0:42213, s2:0.0.0.0:41839], old=null RUNNING
  s2:  RUNNING CANDIDATE s2@group-E77E9FD8E08A:t1, leader=null, voted=s2, raftlog=s2@group-E77E9FD8E08A-SegmentedRaftLog:OPENED:c-1,f-1,i0, conf=-1: [s0:0.0.0.0:34097, s1:0.0.0.0:42213, s2:0.0.0.0:41839], old=null RUNNING
	at org.apache.ratis.MiniRaftCluster.newIllegalStateExceptionForNoLeaders(MiniRaftCluster.java:506)
	at org.apache.ratis.RaftTestUtil.lambda$waitForLeader$1(RaftTestUtil.java:90)
	at org.apache.ratis.MiniRaftCluster.getLeader(MiniRaftCluster.java:539)
	at org.apache.ratis.MiniRaftCluster.getLeader(MiniRaftCluster.java:532)
	at org.apache.ratis.RaftTestUtil.lambda$waitForLeader$3(RaftTestUtil.java:98)
	at org.apache.ratis.util.JavaUtils.attempt(JavaUtils.java:152)
	at org.apache.ratis.RaftTestUtil.waitForLeader(RaftTestUtil.java:97)
	at org.apache.ratis.RaftTestUtil.waitForLeader(RaftTestUtil.java:77)
	at org.apache.ratis.RaftTestUtil.waitForLeader(RaftTestUtil.java:72)
	at org.apache.ratis.OutputStreamBaseTest.runTestWriteAndFlush(OutputStreamBaseTest.java:121)
	at org.apache.ratis.MiniRaftCluster$Factory$Get.runWithNewCluster(MiniRaftCluster.java:125)
	at org.apache.ratis.MiniRaftCluster$Factory$Get.runWithNewCluster(MiniRaftCluster.java:113)
	at org.apache.ratis.OutputStreamBaseTest.testWriteAndFlush(OutputStreamBaseTest.java:116)
	at sun.reflect.NativeMethodAccessorImpl.invoke0(Native Method)
	at sun.reflect.NativeMethodAccessorImpl.invoke(NativeMethodAccessorImpl.java:62)
	at sun.reflect.DelegatingMethodAccessorImpl.invoke(DelegatingMethodAccessorImpl.java:43)
	at java.lang.reflect.Method.invoke(Method.java:498)
	at org.junit.runners.model.FrameworkMethod$1.runReflectiveCall(FrameworkMethod.java:50)
	at org.junit.internal.runners.model.ReflectiveCallable.run(ReflectiveCallable.java:12)
	at org.junit.runners.model.FrameworkMethod.invokeExplosively(FrameworkMethod.java:47)
	at org.junit.internal.runners.statements.InvokeMethod.evaluate(InvokeMethod.java:17)
	at org.junit.internal.runners.statements.RunAfters.evaluate(RunAfters.java:27)
	at org.junit.internal.runners.statements.FailOnTimeout$CallableStatement.call(FailOnTimeout.java:298)
	at org.junit.internal.runners.statements.FailOnTimeout$CallableStatement.call(FailOnTimeout.java:292)
	at java.util.concurrent.FutureTask.run(FutureTask.java:266)
	at java.lang.Thread.run(Thread.java:748)
2019-09-24 16:16:46,806 WARN  ratis.RaftTestUtil (JavaUtils.java:attempt(158)) - FAILED "waitForLeader-null-(expectLeader? true)", attempt #5/100: java.lang.IllegalStateException: No leader yet : printing ALL groups
  s0:  RUNNING CANDIDATE s0@group-E77E9FD8E08A:t1, leader=null, voted=s0, raftlog=s0@group-E77E9FD8E08A-SegmentedRaftLog:OPENED:c-1,f-1,i0, conf=-1: [s0:0.0.0.0:34097, s1:0.0.0.0:42213, s2:0.0.0.0:41839], old=null RUNNING
  s1:  RUNNING CANDIDATE s1@group-E77E9FD8E08A:t1, leader=null, voted=s1, raftlog=s1@group-E77E9FD8E08A-SegmentedRaftLog:OPENED:c-1,f-1,i0, conf=-1: [s0:0.0.0.0:34097, s1:0.0.0.0:42213, s2:0.0.0.0:41839], old=null RUNNING
  s2:  RUNNING CANDIDATE s2@group-E77E9FD8E08A:t1, leader=null, voted=s2, raftlog=s2@group-E77E9FD8E08A-SegmentedRaftLog:OPENED:c-1,f-1,i0, conf=-1: [s0:0.0.0.0:34097, s1:0.0.0.0:42213, s2:0.0.0.0:41839], old=null RUNNING, sleep 450ms and then retry.
java.lang.IllegalStateException: No leader yet : printing ALL groups
  s0:  RUNNING CANDIDATE s0@group-E77E9FD8E08A:t1, leader=null, voted=s0, raftlog=s0@group-E77E9FD8E08A-SegmentedRaftLog:OPENED:c-1,f-1,i0, conf=-1: [s0:0.0.0.0:34097, s1:0.0.0.0:42213, s2:0.0.0.0:41839], old=null RUNNING
  s1:  RUNNING CANDIDATE s1@group-E77E9FD8E08A:t1, leader=null, voted=s1, raftlog=s1@group-E77E9FD8E08A-SegmentedRaftLog:OPENED:c-1,f-1,i0, conf=-1: [s0:0.0.0.0:34097, s1:0.0.0.0:42213, s2:0.0.0.0:41839], old=null RUNNING
  s2:  RUNNING CANDIDATE s2@group-E77E9FD8E08A:t1, leader=null, voted=s2, raftlog=s2@group-E77E9FD8E08A-SegmentedRaftLog:OPENED:c-1,f-1,i0, conf=-1: [s0:0.0.0.0:34097, s1:0.0.0.0:42213, s2:0.0.0.0:41839], old=null RUNNING
	at org.apache.ratis.MiniRaftCluster.newIllegalStateExceptionForNoLeaders(MiniRaftCluster.java:506)
	at org.apache.ratis.RaftTestUtil.lambda$waitForLeader$1(RaftTestUtil.java:90)
	at org.apache.ratis.MiniRaftCluster.getLeader(MiniRaftCluster.java:539)
	at org.apache.ratis.MiniRaftCluster.getLeader(MiniRaftCluster.java:532)
	at org.apache.ratis.RaftTestUtil.lambda$waitForLeader$3(RaftTestUtil.java:98)
	at org.apache.ratis.util.JavaUtils.attempt(JavaUtils.java:152)
	at org.apache.ratis.RaftTestUtil.waitForLeader(RaftTestUtil.java:97)
	at org.apache.ratis.RaftTestUtil.waitForLeader(RaftTestUtil.java:77)
	at org.apache.ratis.RaftTestUtil.waitForLeader(RaftTestUtil.java:72)
	at org.apache.ratis.OutputStreamBaseTest.runTestWriteAndFlush(OutputStreamBaseTest.java:121)
	at org.apache.ratis.MiniRaftCluster$Factory$Get.runWithNewCluster(MiniRaftCluster.java:125)
	at org.apache.ratis.MiniRaftCluster$Factory$Get.runWithNewCluster(MiniRaftCluster.java:113)
	at org.apache.ratis.OutputStreamBaseTest.testWriteAndFlush(OutputStreamBaseTest.java:116)
	at sun.reflect.NativeMethodAccessorImpl.invoke0(Native Method)
	at sun.reflect.NativeMethodAccessorImpl.invoke(NativeMethodAccessorImpl.java:62)
	at sun.reflect.DelegatingMethodAccessorImpl.invoke(DelegatingMethodAccessorImpl.java:43)
	at java.lang.reflect.Method.invoke(Method.java:498)
	at org.junit.runners.model.FrameworkMethod$1.runReflectiveCall(FrameworkMethod.java:50)
	at org.junit.internal.runners.model.ReflectiveCallable.run(ReflectiveCallable.java:12)
	at org.junit.runners.model.FrameworkMethod.invokeExplosively(FrameworkMethod.java:47)
	at org.junit.internal.runners.statements.InvokeMethod.evaluate(InvokeMethod.java:17)
	at org.junit.internal.runners.statements.RunAfters.evaluate(RunAfters.java:27)
	at org.junit.internal.runners.statements.FailOnTimeout$CallableStatement.call(FailOnTimeout.java:298)
	at org.junit.internal.runners.statements.FailOnTimeout$CallableStatement.call(FailOnTimeout.java:292)
	at java.util.concurrent.FutureTask.run(FutureTask.java:266)
	at java.lang.Thread.run(Thread.java:748)
2019-09-24 16:16:47,258 WARN  ratis.RaftTestUtil (JavaUtils.java:attempt(158)) - FAILED "waitForLeader-null-(expectLeader? true)", attempt #6/100: java.lang.IllegalStateException: No leader yet : printing ALL groups
  s0:  RUNNING CANDIDATE s0@group-E77E9FD8E08A:t1, leader=null, voted=s0, raftlog=s0@group-E77E9FD8E08A-SegmentedRaftLog:OPENED:c-1,f-1,i0, conf=-1: [s0:0.0.0.0:34097, s1:0.0.0.0:42213, s2:0.0.0.0:41839], old=null RUNNING
  s1:  RUNNING CANDIDATE s1@group-E77E9FD8E08A:t1, leader=null, voted=s1, raftlog=s1@group-E77E9FD8E08A-SegmentedRaftLog:OPENED:c-1,f-1,i0, conf=-1: [s0:0.0.0.0:34097, s1:0.0.0.0:42213, s2:0.0.0.0:41839], old=null RUNNING
  s2:  RUNNING CANDIDATE s2@group-E77E9FD8E08A:t1, leader=null, voted=s2, raftlog=s2@group-E77E9FD8E08A-SegmentedRaftLog:OPENED:c-1,f-1,i0, conf=-1: [s0:0.0.0.0:34097, s1:0.0.0.0:42213, s2:0.0.0.0:41839], old=null RUNNING, sleep 450ms and then retry.
java.lang.IllegalStateException: No leader yet : printing ALL groups
  s0:  RUNNING CANDIDATE s0@group-E77E9FD8E08A:t1, leader=null, voted=s0, raftlog=s0@group-E77E9FD8E08A-SegmentedRaftLog:OPENED:c-1,f-1,i0, conf=-1: [s0:0.0.0.0:34097, s1:0.0.0.0:42213, s2:0.0.0.0:41839], old=null RUNNING
  s1:  RUNNING CANDIDATE s1@group-E77E9FD8E08A:t1, leader=null, voted=s1, raftlog=s1@group-E77E9FD8E08A-SegmentedRaftLog:OPENED:c-1,f-1,i0, conf=-1: [s0:0.0.0.0:34097, s1:0.0.0.0:42213, s2:0.0.0.0:41839], old=null RUNNING
  s2:  RUNNING CANDIDATE s2@group-E77E9FD8E08A:t1, leader=null, voted=s2, raftlog=s2@group-E77E9FD8E08A-SegmentedRaftLog:OPENED:c-1,f-1,i0, conf=-1: [s0:0.0.0.0:34097, s1:0.0.0.0:42213, s2:0.0.0.0:41839], old=null RUNNING
	at org.apache.ratis.MiniRaftCluster.newIllegalStateExceptionForNoLeaders(MiniRaftCluster.java:506)
	at org.apache.ratis.RaftTestUtil.lambda$waitForLeader$1(RaftTestUtil.java:90)
	at org.apache.ratis.MiniRaftCluster.getLeader(MiniRaftCluster.java:539)
	at org.apache.ratis.MiniRaftCluster.getLeader(MiniRaftCluster.java:532)
	at org.apache.ratis.RaftTestUtil.lambda$waitForLeader$3(RaftTestUtil.java:98)
	at org.apache.ratis.util.JavaUtils.attempt(JavaUtils.java:152)
	at org.apache.ratis.RaftTestUtil.waitForLeader(RaftTestUtil.java:97)
	at org.apache.ratis.RaftTestUtil.waitForLeader(RaftTestUtil.java:77)
	at org.apache.ratis.RaftTestUtil.waitForLeader(RaftTestUtil.java:72)
	at org.apache.ratis.OutputStreamBaseTest.runTestWriteAndFlush(OutputStreamBaseTest.java:121)
	at org.apache.ratis.MiniRaftCluster$Factory$Get.runWithNewCluster(MiniRaftCluster.java:125)
	at org.apache.ratis.MiniRaftCluster$Factory$Get.runWithNewCluster(MiniRaftCluster.java:113)
	at org.apache.ratis.OutputStreamBaseTest.testWriteAndFlush(OutputStreamBaseTest.java:116)
	at sun.reflect.NativeMethodAccessorImpl.invoke0(Native Method)
	at sun.reflect.NativeMethodAccessorImpl.invoke(NativeMethodAccessorImpl.java:62)
	at sun.reflect.DelegatingMethodAccessorImpl.invoke(DelegatingMethodAccessorImpl.java:43)
	at java.lang.reflect.Method.invoke(Method.java:498)
	at org.junit.runners.model.FrameworkMethod$1.runReflectiveCall(FrameworkMethod.java:50)
	at org.junit.internal.runners.model.ReflectiveCallable.run(ReflectiveCallable.java:12)
	at org.junit.runners.model.FrameworkMethod.invokeExplosively(FrameworkMethod.java:47)
	at org.junit.internal.runners.statements.InvokeMethod.evaluate(InvokeMethod.java:17)
	at org.junit.internal.runners.statements.RunAfters.evaluate(RunAfters.java:27)
	at org.junit.internal.runners.statements.FailOnTimeout$CallableStatement.call(FailOnTimeout.java:298)
	at org.junit.internal.runners.statements.FailOnTimeout$CallableStatement.call(FailOnTimeout.java:292)
	at java.util.concurrent.FutureTask.run(FutureTask.java:266)
	at java.lang.Thread.run(Thread.java:748)
2019-09-24 16:16:47,709 WARN  ratis.RaftTestUtil (JavaUtils.java:attempt(158)) - FAILED "waitForLeader-null-(expectLeader? true)", attempt #7/100: java.lang.IllegalStateException: No leader yet : printing ALL groups
  s0:  RUNNING CANDIDATE s0@group-E77E9FD8E08A:t1, leader=null, voted=s0, raftlog=s0@group-E77E9FD8E08A-SegmentedRaftLog:OPENED:c-1,f-1,i0, conf=-1: [s0:0.0.0.0:34097, s1:0.0.0.0:42213, s2:0.0.0.0:41839], old=null RUNNING
  s1:  RUNNING CANDIDATE s1@group-E77E9FD8E08A:t1, leader=null, voted=s1, raftlog=s1@group-E77E9FD8E08A-SegmentedRaftLog:OPENED:c-1,f-1,i0, conf=-1: [s0:0.0.0.0:34097, s1:0.0.0.0:42213, s2:0.0.0.0:41839], old=null RUNNING
  s2:  RUNNING CANDIDATE s2@group-E77E9FD8E08A:t1, leader=null, voted=s2, raftlog=s2@group-E77E9FD8E08A-SegmentedRaftLog:OPENED:c-1,f-1,i0, conf=-1: [s0:0.0.0.0:34097, s1:0.0.0.0:42213, s2:0.0.0.0:41839], old=null RUNNING, sleep 450ms and then retry.
java.lang.IllegalStateException: No leader yet : printing ALL groups
  s0:  RUNNING CANDIDATE s0@group-E77E9FD8E08A:t1, leader=null, voted=s0, raftlog=s0@group-E77E9FD8E08A-SegmentedRaftLog:OPENED:c-1,f-1,i0, conf=-1: [s0:0.0.0.0:34097, s1:0.0.0.0:42213, s2:0.0.0.0:41839], old=null RUNNING
  s1:  RUNNING CANDIDATE s1@group-E77E9FD8E08A:t1, leader=null, voted=s1, raftlog=s1@group-E77E9FD8E08A-SegmentedRaftLog:OPENED:c-1,f-1,i0, conf=-1: [s0:0.0.0.0:34097, s1:0.0.0.0:42213, s2:0.0.0.0:41839], old=null RUNNING
  s2:  RUNNING CANDIDATE s2@group-E77E9FD8E08A:t1, leader=null, voted=s2, raftlog=s2@group-E77E9FD8E08A-SegmentedRaftLog:OPENED:c-1,f-1,i0, conf=-1: [s0:0.0.0.0:34097, s1:0.0.0.0:42213, s2:0.0.0.0:41839], old=null RUNNING
	at org.apache.ratis.MiniRaftCluster.newIllegalStateExceptionForNoLeaders(MiniRaftCluster.java:506)
	at org.apache.ratis.RaftTestUtil.lambda$waitForLeader$1(RaftTestUtil.java:90)
	at org.apache.ratis.MiniRaftCluster.getLeader(MiniRaftCluster.java:539)
	at org.apache.ratis.MiniRaftCluster.getLeader(MiniRaftCluster.java:532)
	at org.apache.ratis.RaftTestUtil.lambda$waitForLeader$3(RaftTestUtil.java:98)
	at org.apache.ratis.util.JavaUtils.attempt(JavaUtils.java:152)
	at org.apache.ratis.RaftTestUtil.waitForLeader(RaftTestUtil.java:97)
	at org.apache.ratis.RaftTestUtil.waitForLeader(RaftTestUtil.java:77)
	at org.apache.ratis.RaftTestUtil.waitForLeader(RaftTestUtil.java:72)
	at org.apache.ratis.OutputStreamBaseTest.runTestWriteAndFlush(OutputStreamBaseTest.java:121)
	at org.apache.ratis.MiniRaftCluster$Factory$Get.runWithNewCluster(MiniRaftCluster.java:125)
	at org.apache.ratis.MiniRaftCluster$Factory$Get.runWithNewCluster(MiniRaftCluster.java:113)
	at org.apache.ratis.OutputStreamBaseTest.testWriteAndFlush(OutputStreamBaseTest.java:116)
	at sun.reflect.NativeMethodAccessorImpl.invoke0(Native Method)
	at sun.reflect.NativeMethodAccessorImpl.invoke(NativeMethodAccessorImpl.java:62)
	at sun.reflect.DelegatingMethodAccessorImpl.invoke(DelegatingMethodAccessorImpl.java:43)
	at java.lang.reflect.Method.invoke(Method.java:498)
	at org.junit.runners.model.FrameworkMethod$1.runReflectiveCall(FrameworkMethod.java:50)
	at org.junit.internal.runners.model.ReflectiveCallable.run(ReflectiveCallable.java:12)
	at org.junit.runners.model.FrameworkMethod.invokeExplosively(FrameworkMethod.java:47)
	at org.junit.internal.runners.statements.InvokeMethod.evaluate(InvokeMethod.java:17)
	at org.junit.internal.runners.statements.RunAfters.evaluate(RunAfters.java:27)
	at org.junit.internal.runners.statements.FailOnTimeout$CallableStatement.call(FailOnTimeout.java:298)
	at org.junit.internal.runners.statements.FailOnTimeout$CallableStatement.call(FailOnTimeout.java:292)
	at java.util.concurrent.FutureTask.run(FutureTask.java:266)
	at java.lang.Thread.run(Thread.java:748)
2019-09-24 16:16:48,109 WARN  server.GrpcLogAppender (GrpcLogAppender.java:timeoutAppendRequest(200)) - s2@group-5C26748AB2B1->s0-GrpcLogAppender: appendEntries Timeout, request=s2->s0#1184-t3, previous=(t:3, i:1087), leaderCommit=995, initializing? false, entries: size=1, first=(t:3, i:1088), STATEMACHINELOGENTRY, client-EDB41257C35F, cid=818
2019-09-24 16:16:48,110 WARN  server.GrpcLogAppender (GrpcLogAppender.java:timeoutAppendRequest(200)) - s2@group-5C26748AB2B1->s0-GrpcLogAppender: appendEntries Timeout, request=s2->s0#1185-t3, previous=(t:3, i:1088), leaderCommit=996, initializing? false, entries: size=1, first=(t:3, i:1089), METADATAENTRY(c996)
2019-09-24 16:16:48,110 WARN  server.GrpcLogAppender (GrpcLogAppender.java:timeoutAppendRequest(200)) - s2@group-5C26748AB2B1->s0-GrpcLogAppender: appendEntries Timeout, request=s2->s0#1186-t3, previous=(t:3, i:1089), leaderCommit=998, initializing? false, entries: size=1, first=(t:3, i:1090), METADATAENTRY(c998)
2019-09-24 16:16:48,110 WARN  server.GrpcLogAppender (GrpcLogAppender.java:timeoutAppendRequest(200)) - s2@group-5C26748AB2B1->s0-GrpcLogAppender: appendEntries Timeout, request=s2->s0#1187-t3, previous=(t:3, i:1090), leaderCommit=1001, initializing? false, entries: size=1, first=(t:3, i:1091), METADATAENTRY(c1001)
2019-09-24 16:16:48,111 WARN  server.GrpcLogAppender (GrpcLogAppender.java:timeoutAppendRequest(200)) - s2@group-5C26748AB2B1->s0-GrpcLogAppender: appendEntries Timeout, request=s2->s0#1188-t3, previous=(t:3, i:1091), leaderCommit=1004, initializing? false, entries: size=1, first=(t:3, i:1092), METADATAENTRY(c1004)
2019-09-24 16:16:48,112 WARN  server.GrpcLogAppender (GrpcLogAppender.java:timeoutAppendRequest(200)) - s2@group-5C26748AB2B1->s0-GrpcLogAppender: appendEntries Timeout, request=s2->s0#1189-t3, previous=(t:3, i:1092), leaderCommit=1004, initializing? false, entries: size=1, first=(t:3, i:1093), STATEMACHINELOGENTRY, client-EDB41257C35F, cid=819
2019-09-24 16:16:48,112 WARN  server.GrpcLogAppender (GrpcLogAppender.java:timeoutAppendRequest(200)) - s2@group-5C26748AB2B1->s0-GrpcLogAppender: appendEntries Timeout, request=s2->s0#1190-t3, previous=(t:3, i:1093), leaderCommit=1012, initializing? false, entries: size=1, first=(t:3, i:1094), METADATAENTRY(c1012)
2019-09-24 16:16:48,112 WARN  server.GrpcLogAppender (GrpcLogAppender.java:timeoutAppendRequest(200)) - s2@group-5C26748AB2B1->s0-GrpcLogAppender: appendEntries Timeout, request=s2->s0#1191-t3, previous=(t:3, i:1094), leaderCommit=1015, initializing? false, entries: size=1, first=(t:3, i:1095), METADATAENTRY(c1015)
2019-09-24 16:16:48,113 WARN  server.GrpcLogAppender (GrpcLogAppender.java:timeoutAppendRequest(200)) - s2@group-5C26748AB2B1->s0-GrpcLogAppender: appendEntries Timeout, request=s2->s0#1192-t3, previous=(t:3, i:1095), leaderCommit=1016, initializing? false, entries: size=1, first=(t:3, i:1096), METADATAENTRY(c1016)
2019-09-24 16:16:48,113 WARN  server.GrpcLogAppender (GrpcLogAppender.java:timeoutAppendRequest(200)) - s2@group-5C26748AB2B1->s0-GrpcLogAppender: appendEntries Timeout, request=s2->s0#1193-t3, previous=(t:3, i:1096), leaderCommit=1019, initializing? false, entries: size=1, first=(t:3, i:1097), METADATAENTRY(c1019)
2019-09-24 16:16:48,113 WARN  server.GrpcLogAppender (GrpcLogAppender.java:timeoutAppendRequest(200)) - s2@group-5C26748AB2B1->s0-GrpcLogAppender: appendEntries Timeout, request=s2->s0#1194-t3, previous=(t:3, i:1097), leaderCommit=1020, initializing? false, entries: size=1, first=(t:3, i:1098), METADATAENTRY(c1020)
2019-09-24 16:16:48,114 WARN  server.GrpcLogAppender (GrpcLogAppender.java:timeoutAppendRequest(200)) - s2@group-5C26748AB2B1->s0-GrpcLogAppender: appendEntries Timeout, request=s2->s0#1195-t3, previous=(t:3, i:1098), leaderCommit=1021, initializing? false, entries: size=1, first=(t:3, i:1099), METADATAENTRY(c1021)
2019-09-24 16:16:48,114 WARN  server.GrpcLogAppender (GrpcLogAppender.java:timeoutAppendRequest(200)) - s2@group-5C26748AB2B1->s0-GrpcLogAppender: appendEntries Timeout, request=s2->s0#1196-t3, previous=(t:3, i:1099), leaderCommit=1024, initializing? false, entries: size=1, first=(t:3, i:1100), METADATAENTRY(c1024)
2019-09-24 16:16:48,115 WARN  server.GrpcLogAppender (GrpcLogAppender.java:timeoutAppendRequest(200)) - s2@group-5C26748AB2B1->s0-GrpcLogAppender: appendEntries Timeout, request=s2->s0#1197-t3, previous=(t:3, i:1100), leaderCommit=1024, initializing? false, entries: size=1, first=(t:3, i:1101), STATEMACHINELOGENTRY, client-EDB41257C35F, cid=820
2019-09-24 16:16:48,115 WARN  server.GrpcLogAppender (GrpcLogAppender.java:timeoutAppendRequest(200)) - s2@group-5C26748AB2B1->s0-GrpcLogAppender: appendEntries Timeout, request=s2->s0#1198-t3, previous=(t:3, i:1101), leaderCommit=1028, initializing? false, entries: size=1, first=(t:3, i:1102), METADATAENTRY(c1028)
2019-09-24 16:16:48,116 WARN  server.GrpcLogAppender (GrpcLogAppender.java:timeoutAppendRequest(200)) - s2@group-5C26748AB2B1->s0-GrpcLogAppender: appendEntries Timeout, request=s2->s0#1199-t3, previous=(t:3, i:1102), leaderCommit=1032, initializing? false, entries: size=1, first=(t:3, i:1103), METADATAENTRY(c1032)
2019-09-24 16:16:48,116 WARN  server.GrpcLogAppender (GrpcLogAppender.java:timeoutAppendRequest(200)) - s2@group-5C26748AB2B1->s0-GrpcLogAppender: appendEntries Timeout, request=s2->s0#1200-t3, previous=(t:3, i:1103), leaderCommit=1034, initializing? false, entries: size=1, first=(t:3, i:1104), METADATAENTRY(c1034)
2019-09-24 16:16:48,116 WARN  server.GrpcLogAppender (GrpcLogAppender.java:timeoutAppendRequest(200)) - s2@group-5C26748AB2B1->s0-GrpcLogAppender: appendEntries Timeout, request=s2->s0#1201-t3, previous=(t:3, i:1104), leaderCommit=1036, initializing? false, entries: size=1, first=(t:3, i:1105), METADATAENTRY(c1036)
2019-09-24 16:16:48,117 WARN  server.GrpcLogAppender (GrpcLogAppender.java:timeoutAppendRequest(200)) - s2@group-5C26748AB2B1->s0-GrpcLogAppender: appendEntries Timeout, request=s2->s0#1202-t3, previous=(t:3, i:1105), leaderCommit=1039, initializing? false, entries: size=1, first=(t:3, i:1106), METADATAENTRY(c1037)
2019-09-24 16:16:48,117 WARN  server.GrpcLogAppender (GrpcLogAppender.java:timeoutAppendRequest(200)) - s2@group-5C26748AB2B1->s0-GrpcLogAppender: appendEntries Timeout, request=s2->s0#1203-t3, previous=(t:3, i:1106), leaderCommit=1039, initializing? false, entries: size=1, first=(t:3, i:1107), METADATAENTRY(c1039)
2019-09-24 16:16:48,118 WARN  server.GrpcLogAppender (GrpcLogAppender.java:timeoutAppendRequest(200)) - s2@group-5C26748AB2B1->s0-GrpcLogAppender: appendEntries Timeout, request=s2->s0#1204-t3, previous=(t:3, i:1107), leaderCommit=1039, initializing? false, entries: size=1, first=(t:3, i:1108), STATEMACHINELOGENTRY, client-EDB41257C35F, cid=821
2019-09-24 16:16:48,119 WARN  server.GrpcLogAppender (GrpcLogAppender.java:timeoutAppendRequest(200)) - s2@group-5C26748AB2B1->s0-GrpcLogAppender: appendEntries Timeout, request=s2->s0#1205-t3, previous=(t:3, i:1108), leaderCommit=1051, initializing? false, entries: size=1, first=(t:3, i:1109), METADATAENTRY(c1051)
2019-09-24 16:16:48,120 WARN  server.GrpcLogAppender (GrpcLogAppender.java:timeoutAppendRequest(200)) - s2@group-5C26748AB2B1->s0-GrpcLogAppender: appendEntries Timeout, request=s2->s0#1206-t3, previous=(t:3, i:1109), leaderCommit=1054, initializing? false, entries: size=1, first=(t:3, i:1110), METADATAENTRY(c1052)
2019-09-24 16:16:48,120 WARN  server.GrpcLogAppender (GrpcLogAppender.java:timeoutAppendRequest(200)) - s2@group-5C26748AB2B1->s0-GrpcLogAppender: appendEntries Timeout, request=s2->s0#1207-t3, previous=(t:3, i:1110), leaderCommit=1054, initializing? false, entries: size=1, first=(t:3, i:1111), METADATAENTRY(c1054)
2019-09-24 16:16:48,120 WARN  server.GrpcLogAppender (GrpcLogAppender.java:timeoutAppendRequest(200)) - s2@group-5C26748AB2B1->s0-GrpcLogAppender: appendEntries Timeout, request=s2->s0#1208-t3, previous=(t:3, i:1111), leaderCommit=1057, initializing? false, entries: size=1, first=(t:3, i:1112), METADATAENTRY(c1057)
2019-09-24 16:16:48,120 WARN  server.GrpcLogAppender (GrpcLogAppender.java:timeoutAppendRequest(200)) - s2@group-5C26748AB2B1->s0-GrpcLogAppender: appendEntries Timeout, request=s2->s0#1209-t3, previous=(t:3, i:1112), leaderCommit=1060, initializing? false, entries: size=1, first=(t:3, i:1113), METADATAENTRY(c1060)
2019-09-24 16:16:48,120 WARN  server.GrpcLogAppender (GrpcLogAppender.java:timeoutAppendRequest(200)) - s2@group-5C26748AB2B1->s0-GrpcLogAppender: appendEntries Timeout, request=s2->s0#1210-t3, previous=(t:3, i:1113), leaderCommit=1061, initializing? false, entries: size=1, first=(t:3, i:1114), METADATAENTRY(c1061)
2019-09-24 16:16:48,120 WARN  server.GrpcLogAppender (GrpcLogAppender.java:timeoutAppendRequest(200)) - s2@group-5C26748AB2B1->s0-GrpcLogAppender: appendEntries Timeout, request=s2->s0#1211-t3, previous=(t:3, i:1114), leaderCommit=1062, initializing? false, entries: size=1, first=(t:3, i:1115), METADATAENTRY(c1062)
2019-09-24 16:16:48,121 WARN  server.GrpcLogAppender (GrpcLogAppender.java:timeoutAppendRequest(200)) - s2@group-5C26748AB2B1->s0-GrpcLogAppender: appendEntries Timeout, request=s2->s0#1212-t3, previous=(t:3, i:1115), leaderCommit=1063, initializing? false, entries: size=1, first=(t:3, i:1116), METADATAENTRY(c1063)
2019-09-24 16:16:48,122 WARN  server.GrpcLogAppender (GrpcLogAppender.java:timeoutAppendRequest(200)) - s2@group-5C26748AB2B1->s0-GrpcLogAppender: appendEntries Timeout, request=s2->s0#1213-t3, previous=(t:3, i:1116), leaderCommit=1067, initializing? false, entries: size=1, first=(t:3, i:1117), METADATAENTRY(c1067)
2019-09-24 16:16:48,122 WARN  server.GrpcLogAppender (GrpcLogAppender.java:timeoutAppendRequest(200)) - s2@group-5C26748AB2B1->s0-GrpcLogAppender: appendEntries Timeout, request=s2->s0#1214-t3, previous=(t:3, i:1117), leaderCommit=1067, initializing? false, entries: size=1, first=(t:3, i:1118), STATEMACHINELOGENTRY, client-EDB41257C35F, cid=822
2019-09-24 16:16:48,122 WARN  server.GrpcLogAppender (GrpcLogAppender.java:timeoutAppendRequest(200)) - s2@group-5C26748AB2B1->s0-GrpcLogAppender: appendEntries Timeout, request=s2->s0#1215-t3, previous=(t:3, i:1118), leaderCommit=1069, initializing? false, entries: size=1, first=(t:3, i:1119), METADATAENTRY(c1069)
2019-09-24 16:16:48,123 WARN  server.GrpcLogAppender (GrpcLogAppender.java:timeoutAppendRequest(200)) - s2@group-5C26748AB2B1->s1-GrpcLogAppender: appendEntries Timeout, request=s2->s1#1353-t3, previous=(t:3, i:1121), leaderCommit=1077, initializing? false, entries: size=1, first=(t:3, i:1122), METADATAENTRY(c1077)
2019-09-24 16:16:48,124 WARN  server.GrpcLogAppender (GrpcLogAppender.java:timeoutAppendRequest(200)) - s2@group-5C26748AB2B1->s1-GrpcLogAppender: appendEntries Timeout, request=s2->s1#1354-t3, previous=(t:3, i:1122), leaderCommit=1078, initializing? false, entries: size=1, first=(t:3, i:1123), METADATAENTRY(c1078)
2019-09-24 16:16:48,125 WARN  server.GrpcLogAppender (GrpcLogAppender.java:timeoutAppendRequest(200)) - s2@group-5C26748AB2B1->s1-GrpcLogAppender: appendEntries Timeout, request=s2->s1#1355-t3, previous=(t:3, i:1123), leaderCommit=1078, initializing? false, entries: size=1, first=(t:3, i:1124), STATEMACHINELOGENTRY, client-EDB41257C35F, cid=823
2019-09-24 16:16:48,125 WARN  server.GrpcLogAppender (GrpcLogAppender.java:timeoutAppendRequest(200)) - s2@group-5C26748AB2B1->s1-GrpcLogAppender: appendEntries Timeout, request=s2->s1#1356-t3, previous=(t:3, i:1124), leaderCommit=1079, initializing? false, entries: size=1, first=(t:3, i:1125), METADATAENTRY(c1079)
2019-09-24 16:16:48,125 WARN  server.GrpcLogAppender (GrpcLogAppender.java:timeoutAppendRequest(200)) - s2@group-5C26748AB2B1->s1-GrpcLogAppender: appendEntries Timeout, request=s2->s1#1357-t3, previous=(t:3, i:1125), leaderCommit=1080, initializing? false, entries: size=1, first=(t:3, i:1126), METADATAENTRY(c1080)
2019-09-24 16:16:48,128 WARN  server.GrpcLogAppender (GrpcLogAppender.java:timeoutAppendRequest(200)) - s2@group-5C26748AB2B1->s1-GrpcLogAppender: appendEntries Timeout, request=s2->s1#1358-t3, previous=(t:3, i:1126), leaderCommit=1080, initializing? false, entries: size=1, first=(t:3, i:1127), STATEMACHINELOGENTRY, client-EDB41257C35F, cid=824
2019-09-24 16:16:48,131 WARN  server.GrpcLogAppender (GrpcLogAppender.java:timeoutAppendRequest(200)) - s2@group-5C26748AB2B1->s0-GrpcLogAppender: appendEntries Timeout, request=s2->s0#1216-t3, previous=(t:3, i:1119), leaderCommit=1080, initializing? false, entries: size=8, first=(t:3, i:1120), METADATAENTRY(c1070)
2019-09-24 16:16:48,133 WARN  server.GrpcLogAppender (GrpcLogAppender.java:timeoutAppendRequest(200)) - s2@group-5C26748AB2B1->s0-GrpcLogAppender: appendEntries Timeout, request=s2->s0#1217-t3, previous=(t:3, i:1127), leaderCommit=1082, initializing? false, entries: size=1, first=(t:3, i:1128), METADATAENTRY(c1082)
2019-09-24 16:16:48,133 WARN  server.GrpcLogAppender (GrpcLogAppender.java:timeoutAppendRequest(200)) - s2@group-5C26748AB2B1->s1-GrpcLogAppender: appendEntries Timeout, request=s2->s1#1359-t3, previous=(t:3, i:1127), leaderCommit=1082, initializing? false, entries: size=1, first=(t:3, i:1128), METADATAENTRY(c1082)
2019-09-24 16:16:48,137 WARN  server.GrpcLogAppender (GrpcLogAppender.java:timeoutAppendRequest(200)) - s2@group-5C26748AB2B1->s1-GrpcLogAppender: appendEntries Timeout, request=s2->s1#1360-t3, previous=(t:3, i:1128), leaderCommit=1094, initializing? false, entries: size=1, first=(t:3, i:1129), STATEMACHINELOGENTRY, client-EDB41257C35F, cid=825
2019-09-24 16:16:48,137 WARN  server.GrpcLogAppender (GrpcLogAppender.java:timeoutAppendRequest(200)) - s2@group-5C26748AB2B1->s0-GrpcLogAppender: appendEntries Timeout, request=s2->s0#1218-t3, previous=(t:3, i:1128), leaderCommit=1094, initializing? false, entries: size=1, first=(t:3, i:1129), STATEMACHINELOGENTRY, client-EDB41257C35F, cid=825
2019-09-24 16:16:48,161 WARN  ratis.RaftTestUtil (JavaUtils.java:attempt(158)) - FAILED "waitForLeader-null-(expectLeader? true)", attempt #8/100: java.lang.IllegalStateException: No leader yet : printing ALL groups
  s0:  RUNNING CANDIDATE s0@group-E77E9FD8E08A:t1, leader=null, voted=s0, raftlog=s0@group-E77E9FD8E08A-SegmentedRaftLog:OPENED:c-1,f-1,i0, conf=-1: [s0:0.0.0.0:34097, s1:0.0.0.0:42213, s2:0.0.0.0:41839], old=null RUNNING
  s1:  RUNNING CANDIDATE s1@group-E77E9FD8E08A:t1, leader=null, voted=s1, raftlog=s1@group-E77E9FD8E08A-SegmentedRaftLog:OPENED:c-1,f-1,i0, conf=-1: [s0:0.0.0.0:34097, s1:0.0.0.0:42213, s2:0.0.0.0:41839], old=null RUNNING
  s2:  RUNNING CANDIDATE s2@group-E77E9FD8E08A:t1, leader=null, voted=s2, raftlog=s2@group-E77E9FD8E08A-SegmentedRaftLog:OPENED:c-1,f-1,i0, conf=-1: [s0:0.0.0.0:34097, s1:0.0.0.0:42213, s2:0.0.0.0:41839], old=null RUNNING, sleep 450ms and then retry.
java.lang.IllegalStateException: No leader yet : printing ALL groups
  s0:  RUNNING CANDIDATE s0@group-E77E9FD8E08A:t1, leader=null, voted=s0, raftlog=s0@group-E77E9FD8E08A-SegmentedRaftLog:OPENED:c-1,f-1,i0, conf=-1: [s0:0.0.0.0:34097, s1:0.0.0.0:42213, s2:0.0.0.0:41839], old=null RUNNING
  s1:  RUNNING CANDIDATE s1@group-E77E9FD8E08A:t1, leader=null, voted=s1, raftlog=s1@group-E77E9FD8E08A-SegmentedRaftLog:OPENED:c-1,f-1,i0, conf=-1: [s0:0.0.0.0:34097, s1:0.0.0.0:42213, s2:0.0.0.0:41839], old=null RUNNING
  s2:  RUNNING CANDIDATE s2@group-E77E9FD8E08A:t1, leader=null, voted=s2, raftlog=s2@group-E77E9FD8E08A-SegmentedRaftLog:OPENED:c-1,f-1,i0, conf=-1: [s0:0.0.0.0:34097, s1:0.0.0.0:42213, s2:0.0.0.0:41839], old=null RUNNING
	at org.apache.ratis.MiniRaftCluster.newIllegalStateExceptionForNoLeaders(MiniRaftCluster.java:506)
	at org.apache.ratis.RaftTestUtil.lambda$waitForLeader$1(RaftTestUtil.java:90)
	at org.apache.ratis.MiniRaftCluster.getLeader(MiniRaftCluster.java:539)
	at org.apache.ratis.MiniRaftCluster.getLeader(MiniRaftCluster.java:532)
	at org.apache.ratis.RaftTestUtil.lambda$waitForLeader$3(RaftTestUtil.java:98)
	at org.apache.ratis.util.JavaUtils.attempt(JavaUtils.java:152)
	at org.apache.ratis.RaftTestUtil.waitForLeader(RaftTestUtil.java:97)
	at org.apache.ratis.RaftTestUtil.waitForLeader(RaftTestUtil.java:77)
	at org.apache.ratis.RaftTestUtil.waitForLeader(RaftTestUtil.java:72)
	at org.apache.ratis.OutputStreamBaseTest.runTestWriteAndFlush(OutputStreamBaseTest.java:121)
	at org.apache.ratis.MiniRaftCluster$Factory$Get.runWithNewCluster(MiniRaftCluster.java:125)
	at org.apache.ratis.MiniRaftCluster$Factory$Get.runWithNewCluster(MiniRaftCluster.java:113)
	at org.apache.ratis.OutputStreamBaseTest.testWriteAndFlush(OutputStreamBaseTest.java:116)
	at sun.reflect.NativeMethodAccessorImpl.invoke0(Native Method)
	at sun.reflect.NativeMethodAccessorImpl.invoke(NativeMethodAccessorImpl.java:62)
	at sun.reflect.DelegatingMethodAccessorImpl.invoke(DelegatingMethodAccessorImpl.java:43)
	at java.lang.reflect.Method.invoke(Method.java:498)
	at org.junit.runners.model.FrameworkMethod$1.runReflectiveCall(FrameworkMethod.java:50)
	at org.junit.internal.runners.model.ReflectiveCallable.run(ReflectiveCallable.java:12)
	at org.junit.runners.model.FrameworkMethod.invokeExplosively(FrameworkMethod.java:47)
	at org.junit.internal.runners.statements.InvokeMethod.evaluate(InvokeMethod.java:17)
	at org.junit.internal.runners.statements.RunAfters.evaluate(RunAfters.java:27)
	at org.junit.internal.runners.statements.FailOnTimeout$CallableStatement.call(FailOnTimeout.java:298)
	at org.junit.internal.runners.statements.FailOnTimeout$CallableStatement.call(FailOnTimeout.java:292)
	at java.util.concurrent.FutureTask.run(FutureTask.java:266)
	at java.lang.Thread.run(Thread.java:748)
2019-09-24 16:16:48,212 DEBUG client.GrpcClientProtocolService (GrpcClientProtocolService.java:responseError(257)) - 22-OrderedRequestStreamObserver22: Failed onNext for client-EDB41257C35F->s2#823-824* in 22-OrderedRequestStreamObserver22
java.lang.IllegalStateException: Entry already exists for key 824 in map SlidingWindow$Server:22-OrderedRequestStreamObserver22:requests
	at org.apache.ratis.util.Preconditions.assertTrue(Preconditions.java:75)
	at org.apache.ratis.util.CollectionUtils.putNew(CollectionUtils.java:94)
	at org.apache.ratis.util.SlidingWindow$RequestMap.putNewRequest(SlidingWindow.java:126)
	at org.apache.ratis.util.SlidingWindow$Server.receivedRequest(SlidingWindow.java:420)
	at org.apache.ratis.grpc.client.GrpcClientProtocolService$OrderedRequestStreamObserver.processClientRequest(GrpcClientProtocolService.java:345)
	at org.apache.ratis.grpc.client.GrpcClientProtocolService$RequestStreamObserver.onNext(GrpcClientProtocolService.java:240)
	at org.apache.ratis.grpc.client.GrpcClientProtocolService$RequestStreamObserver.onNext(GrpcClientProtocolService.java:168)
	at org.apache.ratis.thirdparty.io.grpc.stub.ServerCalls$StreamingServerCallHandler$StreamingServerCallListener.onMessage(ServerCalls.java:248)
	at org.apache.ratis.thirdparty.io.grpc.internal.ServerCallImpl$ServerStreamListenerImpl.messagesAvailable(ServerCallImpl.java:263)
	at org.apache.ratis.thirdparty.io.grpc.internal.ServerImpl$JumpToApplicationThreadServerStreamListener$1MessagesAvailable.runInContext(ServerImpl.java:686)
	at org.apache.ratis.thirdparty.io.grpc.internal.ContextRunnable.run(ContextRunnable.java:37)
	at org.apache.ratis.thirdparty.io.grpc.internal.SerializingExecutor.run(SerializingExecutor.java:123)
	at java.util.concurrent.ThreadPoolExecutor.runWorker(ThreadPoolExecutor.java:1149)
	at java.util.concurrent.ThreadPoolExecutor$Worker.run(ThreadPoolExecutor.java:624)
	at java.lang.Thread.run(Thread.java:748)
2019-09-24 16:16:48,220 WARN  server.GrpcLogAppender (GrpcLogAppender.java:timeoutAppendRequest(200)) - s2@group-5C26748AB2B1->s0-GrpcLogAppender: appendEntries Timeout, request=s2->s0#1219-t3, previous=(t:3, i:1129), leaderCommit=1094, initializing? false, entries: <empty>
2019-09-24 16:16:48,220 WARN  server.GrpcLogAppender (GrpcLogAppender.java:timeoutAppendRequest(200)) - s2@group-5C26748AB2B1->s1-GrpcLogAppender: appendEntries Timeout, request=s2->s1#1361-t3, previous=(t:3, i:1129), leaderCommit=1094, initializing? false, entries: <empty>
2019-09-24 16:16:48,222 WARN  server.GrpcLogAppender (GrpcLogAppender.java:timeoutAppendRequest(200)) - s2@group-5C26748AB2B1->s1-GrpcLogAppender: appendEntries Timeout, request=s2->s1#1362-t3, previous=(t:3, i:1129), leaderCommit=1109, initializing? false, entries: size=1, first=(t:3, i:1130), METADATAENTRY(c1108)
2019-09-24 16:16:48,222 WARN  server.GrpcLogAppender (GrpcLogAppender.java:timeoutAppendRequest(200)) - s2@group-5C26748AB2B1->s0-GrpcLogAppender: appendEntries Timeout, request=s2->s0#1220-t3, previous=(t:3, i:1129), leaderCommit=1109, initializing? false, entries: size=1, first=(t:3, i:1130), METADATAENTRY(c1108)
2019-09-24 16:16:48,233 WARN  server.GrpcLogAppender (GrpcLogAppender.java:timeoutAppendRequest(200)) - s2@group-5C26748AB2B1->s0-GrpcLogAppender: appendEntries Timeout, request=s2->s0#1221-t3, previous=(t:3, i:1130), leaderCommit=1121, initializing? false, entries: size=1, first=(t:3, i:1131), STATEMACHINELOGENTRY, client-EDB41257C35F, cid=826
2019-09-24 16:16:48,233 WARN  server.GrpcLogAppender (GrpcLogAppender.java:timeoutAppendRequest(200)) - s2@group-5C26748AB2B1->s1-GrpcLogAppender: appendEntries Timeout, request=s2->s1#1363-t3, previous=(t:3, i:1130), leaderCommit=1121, initializing? false, entries: size=1, first=(t:3, i:1131), STATEMACHINELOGENTRY, client-EDB41257C35F, cid=826
2019-09-24 16:16:48,233 WARN  server.GrpcLogAppender (GrpcLogAppender.java:timeoutAppendRequest(200)) - s2@group-5C26748AB2B1->s0-GrpcLogAppender: appendEntries Timeout, request=s2->s0#1222-t3, previous=(t:3, i:1131), leaderCommit=1121, initializing? false, entries: size=1, first=(t:3, i:1132), STATEMACHINELOGENTRY, client-EDB41257C35F, cid=827
2019-09-24 16:16:48,233 WARN  server.GrpcLogAppender (GrpcLogAppender.java:timeoutAppendRequest(200)) - s2@group-5C26748AB2B1->s1-GrpcLogAppender: appendEntries Timeout, request=s2->s1#1364-t3, previous=(t:3, i:1131), leaderCommit=1121, initializing? false, entries: size=1, first=(t:3, i:1132), STATEMACHINELOGENTRY, client-EDB41257C35F, cid=827
2019-09-24 16:16:48,233 WARN  server.GrpcLogAppender (GrpcLogAppender.java:timeoutAppendRequest(200)) - s2@group-5C26748AB2B1->s0-GrpcLogAppender: appendEntries Timeout, request=s2->s0#1223-t3, previous=(t:3, i:1132), leaderCommit=1121, initializing? false, entries: size=1, first=(t:3, i:1133), STATEMACHINELOGENTRY, client-EDB41257C35F, cid=828
2019-09-24 16:16:48,233 WARN  server.GrpcLogAppender (GrpcLogAppender.java:timeoutAppendRequest(200)) - s2@group-5C26748AB2B1->s1-GrpcLogAppender: appendEntries Timeout, request=s2->s1#1365-t3, previous=(t:3, i:1132), leaderCommit=1121, initializing? false, entries: size=1, first=(t:3, i:1133), STATEMACHINELOGENTRY, client-EDB41257C35F, cid=828
2019-09-24 16:16:48,234 WARN  server.GrpcLogAppender (GrpcLogAppender.java:timeoutAppendRequest(200)) - s2@group-5C26748AB2B1->s0-GrpcLogAppender: appendEntries Timeout, request=s2->s0#1224-t3, previous=(t:3, i:1133), leaderCommit=1121, initializing? false, entries: size=1, first=(t:3, i:1134), STATEMACHINELOGENTRY, client-EDB41257C35F, cid=829
2019-09-24 16:16:48,234 WARN  server.GrpcLogAppender (GrpcLogAppender.java:timeoutAppendRequest(200)) - s2@group-5C26748AB2B1->s1-GrpcLogAppender: appendEntries Timeout, request=s2->s1#1366-t3, previous=(t:3, i:1133), leaderCommit=1121, initializing? false, entries: size=1, first=(t:3, i:1134), STATEMACHINELOGENTRY, client-EDB41257C35F, cid=829
2019-09-24 16:16:48,234 WARN  server.GrpcLogAppender (GrpcLogAppender.java:timeoutAppendRequest(200)) - s2@group-5C26748AB2B1->s0-GrpcLogAppender: appendEntries Timeout, request=s2->s0#1225-t3, previous=(t:3, i:1134), leaderCommit=1121, initializing? false, entries: size=1, first=(t:3, i:1135), STATEMACHINELOGENTRY, client-EDB41257C35F, cid=830
2019-09-24 16:16:48,234 WARN  server.GrpcLogAppender (GrpcLogAppender.java:timeoutAppendRequest(200)) - s2@group-5C26748AB2B1->s1-GrpcLogAppender: appendEntries Timeout, request=s2->s1#1367-t3, previous=(t:3, i:1134), leaderCommit=1121, initializing? false, entries: size=1, first=(t:3, i:1135), STATEMACHINELOGENTRY, client-EDB41257C35F, cid=830
2019-09-24 16:16:48,234 WARN  server.GrpcLogAppender (GrpcLogAppender.java:timeoutAppendRequest(200)) - s2@group-5C26748AB2B1->s0-GrpcLogAppender: appendEntries Timeout, request=s2->s0#1226-t3, previous=(t:3, i:1135), leaderCommit=1121, initializing? false, entries: size=1, first=(t:3, i:1136), STATEMACHINELOGENTRY, client-EDB41257C35F, cid=831
2019-09-24 16:16:48,234 WARN  server.GrpcLogAppender (GrpcLogAppender.java:timeoutAppendRequest(200)) - s2@group-5C26748AB2B1->s1-GrpcLogAppender: appendEntries Timeout, request=s2->s1#1368-t3, previous=(t:3, i:1135), leaderCommit=1121, initializing? false, entries: size=1, first=(t:3, i:1136), STATEMACHINELOGENTRY, client-EDB41257C35F, cid=831
2019-09-24 16:16:48,235 WARN  server.GrpcLogAppender (GrpcLogAppender.java:timeoutAppendRequest(200)) - s2@group-5C26748AB2B1->s0-GrpcLogAppender: appendEntries Timeout, request=s2->s0#1227-t3, previous=(t:3, i:1136), leaderCommit=1121, initializing? false, entries: size=1, first=(t:3, i:1137), STATEMACHINELOGENTRY, client-EDB41257C35F, cid=832
2019-09-24 16:16:48,235 WARN  server.GrpcLogAppender (GrpcLogAppender.java:timeoutAppendRequest(200)) - s2@group-5C26748AB2B1->s1-GrpcLogAppender: appendEntries Timeout, request=s2->s1#1369-t3, previous=(t:3, i:1136), leaderCommit=1121, initializing? false, entries: size=1, first=(t:3, i:1137), STATEMACHINELOGENTRY, client-EDB41257C35F, cid=832
2019-09-24 16:16:48,235 WARN  server.GrpcLogAppender (GrpcLogAppender.java:timeoutAppendRequest(200)) - s2@group-5C26748AB2B1->s0-GrpcLogAppender: appendEntries Timeout, request=s2->s0#1228-t3, previous=(t:3, i:1137), leaderCommit=1121, initializing? false, entries: size=1, first=(t:3, i:1138), STATEMACHINELOGENTRY, client-EDB41257C35F, cid=833
2019-09-24 16:16:48,235 WARN  server.GrpcLogAppender (GrpcLogAppender.java:timeoutAppendRequest(200)) - s2@group-5C26748AB2B1->s1-GrpcLogAppender: appendEntries Timeout, request=s2->s1#1370-t3, previous=(t:3, i:1137), leaderCommit=1121, initializing? false, entries: size=1, first=(t:3, i:1138), STATEMACHINELOGENTRY, client-EDB41257C35F, cid=833
2019-09-24 16:16:48,235 WARN  server.GrpcLogAppender (GrpcLogAppender.java:timeoutAppendRequest(200)) - s2@group-5C26748AB2B1->s0-GrpcLogAppender: appendEntries Timeout, request=s2->s0#1229-t3, previous=(t:3, i:1138), leaderCommit=1121, initializing? false, entries: size=1, first=(t:3, i:1139), STATEMACHINELOGENTRY, client-EDB41257C35F, cid=834
2019-09-24 16:16:48,235 WARN  server.GrpcLogAppender (GrpcLogAppender.java:timeoutAppendRequest(200)) - s2@group-5C26748AB2B1->s1-GrpcLogAppender: appendEntries Timeout, request=s2->s1#1371-t3, previous=(t:3, i:1138), leaderCommit=1121, initializing? false, entries: size=1, first=(t:3, i:1139), STATEMACHINELOGENTRY, client-EDB41257C35F, cid=834
2019-09-24 16:16:48,236 WARN  server.GrpcLogAppender (GrpcLogAppender.java:timeoutAppendRequest(200)) - s2@group-5C26748AB2B1->s0-GrpcLogAppender: appendEntries Timeout, request=s2->s0#1230-t3, previous=(t:3, i:1139), leaderCommit=1121, initializing? false, entries: size=1, first=(t:3, i:1140), STATEMACHINELOGENTRY, client-EDB41257C35F, cid=835
2019-09-24 16:16:48,236 WARN  server.GrpcLogAppender (GrpcLogAppender.java:timeoutAppendRequest(200)) - s2@group-5C26748AB2B1->s1-GrpcLogAppender: appendEntries Timeout, request=s2->s1#1372-t3, previous=(t:3, i:1139), leaderCommit=1121, initializing? false, entries: size=1, first=(t:3, i:1140), STATEMACHINELOGENTRY, client-EDB41257C35F, cid=835
2019-09-24 16:16:48,236 WARN  server.GrpcLogAppender (GrpcLogAppender.java:timeoutAppendRequest(200)) - s2@group-5C26748AB2B1->s0-GrpcLogAppender: appendEntries Timeout, request=s2->s0#1231-t3, previous=(t:3, i:1140), leaderCommit=1121, initializing? false, entries: size=1, first=(t:3, i:1141), STATEMACHINELOGENTRY, client-EDB41257C35F, cid=836
2019-09-24 16:16:48,236 WARN  server.GrpcLogAppender (GrpcLogAppender.java:timeoutAppendRequest(200)) - s2@group-5C26748AB2B1->s1-GrpcLogAppender: appendEntries Timeout, request=s2->s1#1373-t3, previous=(t:3, i:1140), leaderCommit=1121, initializing? false, entries: size=1, first=(t:3, i:1141), STATEMACHINELOGENTRY, client-EDB41257C35F, cid=836
2019-09-24 16:16:48,236 WARN  server.GrpcLogAppender (GrpcLogAppender.java:timeoutAppendRequest(200)) - s2@group-5C26748AB2B1->s0-GrpcLogAppender: appendEntries Timeout, request=s2->s0#1232-t3, previous=(t:3, i:1141), leaderCommit=1121, initializing? false, entries: size=1, first=(t:3, i:1142), STATEMACHINELOGENTRY, client-EDB41257C35F, cid=837
2019-09-24 16:16:48,236 WARN  server.GrpcLogAppender (GrpcLogAppender.java:timeoutAppendRequest(200)) - s2@group-5C26748AB2B1->s1-GrpcLogAppender: appendEntries Timeout, request=s2->s1#1374-t3, previous=(t:3, i:1141), leaderCommit=1121, initializing? false, entries: size=1, first=(t:3, i:1142), STATEMACHINELOGENTRY, client-EDB41257C35F, cid=837
2019-09-24 16:16:48,237 WARN  server.GrpcLogAppender (GrpcLogAppender.java:timeoutAppendRequest(200)) - s2@group-5C26748AB2B1->s0-GrpcLogAppender: appendEntries Timeout, request=s2->s0#1233-t3, previous=(t:3, i:1142), leaderCommit=1121, initializing? false, entries: size=1, first=(t:3, i:1143), STATEMACHINELOGENTRY, client-EDB41257C35F, cid=838
2019-09-24 16:16:48,237 WARN  server.GrpcLogAppender (GrpcLogAppender.java:timeoutAppendRequest(200)) - s2@group-5C26748AB2B1->s1-GrpcLogAppender: appendEntries Timeout, request=s2->s1#1375-t3, previous=(t:3, i:1142), leaderCommit=1121, initializing? false, entries: size=1, first=(t:3, i:1143), STATEMACHINELOGENTRY, client-EDB41257C35F, cid=838
2019-09-24 16:16:48,237 WARN  server.GrpcLogAppender (GrpcLogAppender.java:timeoutAppendRequest(200)) - s2@group-5C26748AB2B1->s0-GrpcLogAppender: appendEntries Timeout, request=s2->s0#1234-t3, previous=(t:3, i:1143), leaderCommit=1121, initializing? false, entries: size=1, first=(t:3, i:1144), STATEMACHINELOGENTRY, client-EDB41257C35F, cid=839
2019-09-24 16:16:48,237 WARN  server.GrpcLogAppender (GrpcLogAppender.java:timeoutAppendRequest(200)) - s2@group-5C26748AB2B1->s1-GrpcLogAppender: appendEntries Timeout, request=s2->s1#1376-t3, previous=(t:3, i:1143), leaderCommit=1121, initializing? false, entries: size=1, first=(t:3, i:1144), STATEMACHINELOGENTRY, client-EDB41257C35F, cid=839
2019-09-24 16:16:48,237 WARN  server.GrpcLogAppender (GrpcLogAppender.java:timeoutAppendRequest(200)) - s2@group-5C26748AB2B1->s0-GrpcLogAppender: appendEntries Timeout, request=s2->s0#1235-t3, previous=(t:3, i:1144), leaderCommit=1121, initializing? false, entries: size=1, first=(t:3, i:1145), STATEMACHINELOGENTRY, client-EDB41257C35F, cid=840
2019-09-24 16:16:48,237 WARN  server.GrpcLogAppender (GrpcLogAppender.java:timeoutAppendRequest(200)) - s2@group-5C26748AB2B1->s1-GrpcLogAppender: appendEntries Timeout, request=s2->s1#1377-t3, previous=(t:3, i:1144), leaderCommit=1121, initializing? false, entries: size=1, first=(t:3, i:1145), STATEMACHINELOGENTRY, client-EDB41257C35F, cid=840
2019-09-24 16:16:48,238 WARN  server.GrpcLogAppender (GrpcLogAppender.java:timeoutAppendRequest(200)) - s2@group-5C26748AB2B1->s0-GrpcLogAppender: appendEntries Timeout, request=s2->s0#1236-t3, previous=(t:3, i:1145), leaderCommit=1121, initializing? false, entries: size=1, first=(t:3, i:1146), STATEMACHINELOGENTRY, client-EDB41257C35F, cid=841
2019-09-24 16:16:48,238 WARN  server.GrpcLogAppender (GrpcLogAppender.java:timeoutAppendRequest(200)) - s2@group-5C26748AB2B1->s1-GrpcLogAppender: appendEntries Timeout, request=s2->s1#1378-t3, previous=(t:3, i:1145), leaderCommit=1121, initializing? false, entries: size=1, first=(t:3, i:1146), STATEMACHINELOGENTRY, client-EDB41257C35F, cid=841
2019-09-24 16:16:48,238 WARN  server.GrpcLogAppender (GrpcLogAppender.java:timeoutAppendRequest(200)) - s2@group-5C26748AB2B1->s0-GrpcLogAppender: appendEntries Timeout, request=s2->s0#1237-t3, previous=(t:3, i:1146), leaderCommit=1121, initializing? false, entries: size=1, first=(t:3, i:1147), STATEMACHINELOGENTRY, client-EDB41257C35F, cid=842
2019-09-24 16:16:48,238 WARN  server.GrpcLogAppender (GrpcLogAppender.java:timeoutAppendRequest(200)) - s2@group-5C26748AB2B1->s1-GrpcLogAppender: appendEntries Timeout, request=s2->s1#1379-t3, previous=(t:3, i:1146), leaderCommit=1121, initializing? false, entries: size=1, first=(t:3, i:1147), STATEMACHINELOGENTRY, client-EDB41257C35F, cid=842
2019-09-24 16:16:48,238 WARN  server.GrpcLogAppender (GrpcLogAppender.java:timeoutAppendRequest(200)) - s2@group-5C26748AB2B1->s0-GrpcLogAppender: appendEntries Timeout, request=s2->s0#1238-t3, previous=(t:3, i:1147), leaderCommit=1121, initializing? false, entries: size=1, first=(t:3, i:1148), STATEMACHINELOGENTRY, client-EDB41257C35F, cid=843
2019-09-24 16:16:48,238 WARN  server.GrpcLogAppender (GrpcLogAppender.java:timeoutAppendRequest(200)) - s2@group-5C26748AB2B1->s1-GrpcLogAppender: appendEntries Timeout, request=s2->s1#1380-t3, previous=(t:3, i:1147), leaderCommit=1121, initializing? false, entries: size=1, first=(t:3, i:1148), STATEMACHINELOGENTRY, client-EDB41257C35F, cid=843
2019-09-24 16:16:48,238 WARN  server.GrpcLogAppender (GrpcLogAppender.java:timeoutAppendRequest(200)) - s2@group-5C26748AB2B1->s0-GrpcLogAppender: appendEntries Timeout, request=s2->s0#1239-t3, previous=(t:3, i:1148), leaderCommit=1121, initializing? false, entries: size=1, first=(t:3, i:1149), STATEMACHINELOGENTRY, client-EDB41257C35F, cid=844
2019-09-24 16:16:48,239 WARN  server.GrpcLogAppender (GrpcLogAppender.java:timeoutAppendRequest(200)) - s2@group-5C26748AB2B1->s1-GrpcLogAppender: appendEntries Timeout, request=s2->s1#1381-t3, previous=(t:3, i:1148), leaderCommit=1121, initializing? false, entries: size=1, first=(t:3, i:1149), STATEMACHINELOGENTRY, client-EDB41257C35F, cid=844
2019-09-24 16:16:48,239 WARN  server.GrpcLogAppender (GrpcLogAppender.java:timeoutAppendRequest(200)) - s2@group-5C26748AB2B1->s0-GrpcLogAppender: appendEntries Timeout, request=s2->s0#1240-t3, previous=(t:3, i:1149), leaderCommit=1121, initializing? false, entries: size=1, first=(t:3, i:1150), STATEMACHINELOGENTRY, client-EDB41257C35F, cid=845
2019-09-24 16:16:48,239 WARN  server.GrpcLogAppender (GrpcLogAppender.java:timeoutAppendRequest(200)) - s2@group-5C26748AB2B1->s1-GrpcLogAppender: appendEntries Timeout, request=s2->s1#1382-t3, previous=(t:3, i:1149), leaderCommit=1121, initializing? false, entries: size=1, first=(t:3, i:1150), STATEMACHINELOGENTRY, client-EDB41257C35F, cid=845
2019-09-24 16:16:48,239 WARN  server.GrpcLogAppender (GrpcLogAppender.java:timeoutAppendRequest(200)) - s2@group-5C26748AB2B1->s0-GrpcLogAppender: appendEntries Timeout, request=s2->s0#1241-t3, previous=(t:3, i:1150), leaderCommit=1121, initializing? false, entries: size=1, first=(t:3, i:1151), STATEMACHINELOGENTRY, client-EDB41257C35F, cid=846
2019-09-24 16:16:48,239 WARN  server.GrpcLogAppender (GrpcLogAppender.java:timeoutAppendRequest(200)) - s2@group-5C26748AB2B1->s1-GrpcLogAppender: appendEntries Timeout, request=s2->s1#1383-t3, previous=(t:3, i:1150), leaderCommit=1121, initializing? false, entries: size=1, first=(t:3, i:1151), STATEMACHINELOGENTRY, client-EDB41257C35F, cid=846
2019-09-24 16:16:48,239 WARN  server.GrpcLogAppender (GrpcLogAppender.java:timeoutAppendRequest(200)) - s2@group-5C26748AB2B1->s0-GrpcLogAppender: appendEntries Timeout, request=s2->s0#1242-t3, previous=(t:3, i:1151), leaderCommit=1121, initializing? false, entries: size=1, first=(t:3, i:1152), STATEMACHINELOGENTRY, client-EDB41257C35F, cid=847
2019-09-24 16:16:48,240 WARN  server.GrpcLogAppender (GrpcLogAppender.java:timeoutAppendRequest(200)) - s2@group-5C26748AB2B1->s1-GrpcLogAppender: appendEntries Timeout, request=s2->s1#1384-t3, previous=(t:3, i:1151), leaderCommit=1121, initializing? false, entries: size=1, first=(t:3, i:1152), STATEMACHINELOGENTRY, client-EDB41257C35F, cid=847
2019-09-24 16:16:48,240 WARN  server.GrpcLogAppender (GrpcLogAppender.java:timeoutAppendRequest(200)) - s2@group-5C26748AB2B1->s0-GrpcLogAppender: appendEntries Timeout, request=s2->s0#1243-t3, previous=(t:3, i:1152), leaderCommit=1121, initializing? false, entries: size=1, first=(t:3, i:1153), STATEMACHINELOGENTRY, client-EDB41257C35F, cid=848
2019-09-24 16:16:48,240 WARN  server.GrpcLogAppender (GrpcLogAppender.java:timeoutAppendRequest(200)) - s2@group-5C26748AB2B1->s1-GrpcLogAppender: appendEntries Timeout, request=s2->s1#1385-t3, previous=(t:3, i:1152), leaderCommit=1121, initializing? false, entries: size=1, first=(t:3, i:1153), STATEMACHINELOGENTRY, client-EDB41257C35F, cid=848
2019-09-24 16:16:48,240 WARN  server.GrpcLogAppender (GrpcLogAppender.java:timeoutAppendRequest(200)) - s2@group-5C26748AB2B1->s0-GrpcLogAppender: appendEntries Timeout, request=s2->s0#1244-t3, previous=(t:3, i:1153), leaderCommit=1121, initializing? false, entries: size=1, first=(t:3, i:1154), STATEMACHINELOGENTRY, client-EDB41257C35F, cid=849
2019-09-24 16:16:48,240 WARN  server.GrpcLogAppender (GrpcLogAppender.java:timeoutAppendRequest(200)) - s2@group-5C26748AB2B1->s1-GrpcLogAppender: appendEntries Timeout, request=s2->s1#1386-t3, previous=(t:3, i:1153), leaderCommit=1121, initializing? false, entries: size=1, first=(t:3, i:1154), STATEMACHINELOGENTRY, client-EDB41257C35F, cid=849
2019-09-24 16:16:48,240 WARN  server.GrpcLogAppender (GrpcLogAppender.java:timeoutAppendRequest(200)) - s2@group-5C26748AB2B1->s0-GrpcLogAppender: appendEntries Timeout, request=s2->s0#1245-t3, previous=(t:3, i:1154), leaderCommit=1121, initializing? false, entries: size=1, first=(t:3, i:1155), STATEMACHINELOGENTRY, client-EDB41257C35F, cid=850
2019-09-24 16:16:48,241 WARN  server.GrpcLogAppender (GrpcLogAppender.java:timeoutAppendRequest(200)) - s2@group-5C26748AB2B1->s1-GrpcLogAppender: appendEntries Timeout, request=s2->s1#1387-t3, previous=(t:3, i:1154), leaderCommit=1121, initializing? false, entries: size=1, first=(t:3, i:1155), STATEMACHINELOGENTRY, client-EDB41257C35F, cid=850
2019-09-24 16:16:48,241 WARN  server.GrpcLogAppender (GrpcLogAppender.java:timeoutAppendRequest(200)) - s2@group-5C26748AB2B1->s0-GrpcLogAppender: appendEntries Timeout, request=s2->s0#1246-t3, previous=(t:3, i:1155), leaderCommit=1121, initializing? false, entries: size=1, first=(t:3, i:1156), STATEMACHINELOGENTRY, client-EDB41257C35F, cid=851
2019-09-24 16:16:48,241 WARN  server.GrpcLogAppender (GrpcLogAppender.java:timeoutAppendRequest(200)) - s2@group-5C26748AB2B1->s1-GrpcLogAppender: appendEntries Timeout, request=s2->s1#1388-t3, previous=(t:3, i:1155), leaderCommit=1121, initializing? false, entries: size=1, first=(t:3, i:1156), STATEMACHINELOGENTRY, client-EDB41257C35F, cid=851
2019-09-24 16:16:48,241 WARN  server.GrpcLogAppender (GrpcLogAppender.java:timeoutAppendRequest(200)) - s2@group-5C26748AB2B1->s0-GrpcLogAppender: appendEntries Timeout, request=s2->s0#1247-t3, previous=(t:3, i:1156), leaderCommit=1121, initializing? false, entries: size=1, first=(t:3, i:1157), STATEMACHINELOGENTRY, client-EDB41257C35F, cid=852
2019-09-24 16:16:48,241 WARN  server.GrpcLogAppender (GrpcLogAppender.java:timeoutAppendRequest(200)) - s2@group-5C26748AB2B1->s1-GrpcLogAppender: appendEntries Timeout, request=s2->s1#1389-t3, previous=(t:3, i:1156), leaderCommit=1121, initializing? false, entries: size=1, first=(t:3, i:1157), STATEMACHINELOGENTRY, client-EDB41257C35F, cid=852
2019-09-24 16:16:48,241 WARN  server.GrpcLogAppender (GrpcLogAppender.java:timeoutAppendRequest(200)) - s2@group-5C26748AB2B1->s0-GrpcLogAppender: appendEntries Timeout, request=s2->s0#1248-t3, previous=(t:3, i:1157), leaderCommit=1121, initializing? false, entries: size=1, first=(t:3, i:1158), STATEMACHINELOGENTRY, client-EDB41257C35F, cid=853
2019-09-24 16:16:48,241 WARN  server.GrpcLogAppender (GrpcLogAppender.java:timeoutAppendRequest(200)) - s2@group-5C26748AB2B1->s1-GrpcLogAppender: appendEntries Timeout, request=s2->s1#1390-t3, previous=(t:3, i:1157), leaderCommit=1121, initializing? false, entries: size=1, first=(t:3, i:1158), STATEMACHINELOGENTRY, client-EDB41257C35F, cid=853
2019-09-24 16:16:48,242 WARN  server.GrpcLogAppender (GrpcLogAppender.java:timeoutAppendRequest(200)) - s2@group-5C26748AB2B1->s0-GrpcLogAppender: appendEntries Timeout, request=s2->s0#1249-t3, previous=(t:3, i:1158), leaderCommit=1121, initializing? false, entries: size=1, first=(t:3, i:1159), STATEMACHINELOGENTRY, client-EDB41257C35F, cid=854
2019-09-24 16:16:48,242 WARN  server.GrpcLogAppender (GrpcLogAppender.java:timeoutAppendRequest(200)) - s2@group-5C26748AB2B1->s1-GrpcLogAppender: appendEntries Timeout, request=s2->s1#1391-t3, previous=(t:3, i:1158), leaderCommit=1121, initializing? false, entries: size=1, first=(t:3, i:1159), STATEMACHINELOGENTRY, client-EDB41257C35F, cid=854
2019-09-24 16:16:48,242 WARN  server.GrpcLogAppender (GrpcLogAppender.java:timeoutAppendRequest(200)) - s2@group-5C26748AB2B1->s0-GrpcLogAppender: appendEntries Timeout, request=s2->s0#1250-t3, previous=(t:3, i:1159), leaderCommit=1121, initializing? false, entries: size=1, first=(t:3, i:1160), STATEMACHINELOGENTRY, client-EDB41257C35F, cid=855
2019-09-24 16:16:48,242 WARN  server.GrpcLogAppender (GrpcLogAppender.java:timeoutAppendRequest(200)) - s2@group-5C26748AB2B1->s1-GrpcLogAppender: appendEntries Timeout, request=s2->s1#1392-t3, previous=(t:3, i:1159), leaderCommit=1121, initializing? false, entries: size=1, first=(t:3, i:1160), STATEMACHINELOGENTRY, client-EDB41257C35F, cid=855
2019-09-24 16:16:48,242 WARN  server.GrpcLogAppender (GrpcLogAppender.java:timeoutAppendRequest(200)) - s2@group-5C26748AB2B1->s0-GrpcLogAppender: appendEntries Timeout, request=s2->s0#1251-t3, previous=(t:3, i:1160), leaderCommit=1121, initializing? false, entries: size=1, first=(t:3, i:1161), STATEMACHINELOGENTRY, client-EDB41257C35F, cid=856
2019-09-24 16:16:48,242 WARN  server.GrpcLogAppender (GrpcLogAppender.java:timeoutAppendRequest(200)) - s2@group-5C26748AB2B1->s1-GrpcLogAppender: appendEntries Timeout, request=s2->s1#1393-t3, previous=(t:3, i:1160), leaderCommit=1121, initializing? false, entries: size=1, first=(t:3, i:1161), STATEMACHINELOGENTRY, client-EDB41257C35F, cid=856
2019-09-24 16:16:48,243 WARN  server.GrpcLogAppender (GrpcLogAppender.java:timeoutAppendRequest(200)) - s2@group-5C26748AB2B1->s0-GrpcLogAppender: appendEntries Timeout, request=s2->s0#1252-t3, previous=(t:3, i:1161), leaderCommit=1121, initializing? false, entries: size=1, first=(t:3, i:1162), STATEMACHINELOGENTRY, client-EDB41257C35F, cid=857
2019-09-24 16:16:48,243 WARN  server.GrpcLogAppender (GrpcLogAppender.java:timeoutAppendRequest(200)) - s2@group-5C26748AB2B1->s1-GrpcLogAppender: appendEntries Timeout, request=s2->s1#1394-t3, previous=(t:3, i:1161), leaderCommit=1121, initializing? false, entries: size=1, first=(t:3, i:1162), STATEMACHINELOGENTRY, client-EDB41257C35F, cid=857
2019-09-24 16:16:48,243 WARN  server.GrpcLogAppender (GrpcLogAppender.java:timeoutAppendRequest(200)) - s2@group-5C26748AB2B1->s0-GrpcLogAppender: appendEntries Timeout, request=s2->s0#1253-t3, previous=(t:3, i:1162), leaderCommit=1121, initializing? false, entries: size=1, first=(t:3, i:1163), STATEMACHINELOGENTRY, client-EDB41257C35F, cid=858
2019-09-24 16:16:48,243 WARN  server.GrpcLogAppender (GrpcLogAppender.java:timeoutAppendRequest(200)) - s2@group-5C26748AB2B1->s1-GrpcLogAppender: appendEntries Timeout, request=s2->s1#1395-t3, previous=(t:3, i:1162), leaderCommit=1121, initializing? false, entries: size=1, first=(t:3, i:1163), STATEMACHINELOGENTRY, client-EDB41257C35F, cid=858
2019-09-24 16:16:48,243 WARN  server.GrpcLogAppender (GrpcLogAppender.java:timeoutAppendRequest(200)) - s2@group-5C26748AB2B1->s0-GrpcLogAppender: appendEntries Timeout, request=s2->s0#1254-t3, previous=(t:3, i:1163), leaderCommit=1121, initializing? false, entries: size=1, first=(t:3, i:1164), STATEMACHINELOGENTRY, client-EDB41257C35F, cid=859
2019-09-24 16:16:48,243 WARN  server.GrpcLogAppender (GrpcLogAppender.java:timeoutAppendRequest(200)) - s2@group-5C26748AB2B1->s1-GrpcLogAppender: appendEntries Timeout, request=s2->s1#1396-t3, previous=(t:3, i:1163), leaderCommit=1121, initializing? false, entries: size=1, first=(t:3, i:1164), STATEMACHINELOGENTRY, client-EDB41257C35F, cid=859
2019-09-24 16:16:48,243 WARN  server.GrpcLogAppender (GrpcLogAppender.java:timeoutAppendRequest(200)) - s2@group-5C26748AB2B1->s0-GrpcLogAppender: appendEntries Timeout, request=s2->s0#1255-t3, previous=(t:3, i:1164), leaderCommit=1121, initializing? false, entries: size=1, first=(t:3, i:1165), STATEMACHINELOGENTRY, client-EDB41257C35F, cid=860
2019-09-24 16:16:48,244 WARN  server.GrpcLogAppender (GrpcLogAppender.java:timeoutAppendRequest(200)) - s2@group-5C26748AB2B1->s1-GrpcLogAppender: appendEntries Timeout, request=s2->s1#1397-t3, previous=(t:3, i:1164), leaderCommit=1121, initializing? false, entries: size=1, first=(t:3, i:1165), STATEMACHINELOGENTRY, client-EDB41257C35F, cid=860
2019-09-24 16:16:48,244 WARN  server.GrpcLogAppender (GrpcLogAppender.java:timeoutAppendRequest(200)) - s2@group-5C26748AB2B1->s0-GrpcLogAppender: appendEntries Timeout, request=s2->s0#1256-t3, previous=(t:3, i:1165), leaderCommit=1121, initializing? false, entries: size=1, first=(t:3, i:1166), STATEMACHINELOGENTRY, client-EDB41257C35F, cid=861
2019-09-24 16:16:48,244 WARN  server.GrpcLogAppender (GrpcLogAppender.java:timeoutAppendRequest(200)) - s2@group-5C26748AB2B1->s1-GrpcLogAppender: appendEntries Timeout, request=s2->s1#1398-t3, previous=(t:3, i:1165), leaderCommit=1121, initializing? false, entries: size=1, first=(t:3, i:1166), STATEMACHINELOGENTRY, client-EDB41257C35F, cid=861
2019-09-24 16:16:48,244 WARN  server.GrpcLogAppender (GrpcLogAppender.java:timeoutAppendRequest(200)) - s2@group-5C26748AB2B1->s0-GrpcLogAppender: appendEntries Timeout, request=s2->s0#1257-t3, previous=(t:3, i:1166), leaderCommit=1121, initializing? false, entries: size=1, first=(t:3, i:1167), STATEMACHINELOGENTRY, client-EDB41257C35F, cid=862
2019-09-24 16:16:48,244 WARN  server.GrpcLogAppender (GrpcLogAppender.java:timeoutAppendRequest(200)) - s2@group-5C26748AB2B1->s1-GrpcLogAppender: appendEntries Timeout, request=s2->s1#1399-t3, previous=(t:3, i:1166), leaderCommit=1121, initializing? false, entries: size=1, first=(t:3, i:1167), STATEMACHINELOGENTRY, client-EDB41257C35F, cid=862
2019-09-24 16:16:48,244 WARN  server.GrpcLogAppender (GrpcLogAppender.java:timeoutAppendRequest(200)) - s2@group-5C26748AB2B1->s0-GrpcLogAppender: appendEntries Timeout, request=s2->s0#1258-t3, previous=(t:3, i:1167), leaderCommit=1121, initializing? false, entries: size=1, first=(t:3, i:1168), STATEMACHINELOGENTRY, client-EDB41257C35F, cid=863
2019-09-24 16:16:48,244 WARN  server.GrpcLogAppender (GrpcLogAppender.java:timeoutAppendRequest(200)) - s2@group-5C26748AB2B1->s1-GrpcLogAppender: appendEntries Timeout, request=s2->s1#1400-t3, previous=(t:3, i:1167), leaderCommit=1121, initializing? false, entries: size=1, first=(t:3, i:1168), STATEMACHINELOGENTRY, client-EDB41257C35F, cid=863
2019-09-24 16:16:48,245 WARN  server.GrpcLogAppender (GrpcLogAppender.java:timeoutAppendRequest(200)) - s2@group-5C26748AB2B1->s0-GrpcLogAppender: appendEntries Timeout, request=s2->s0#1259-t3, previous=(t:3, i:1168), leaderCommit=1121, initializing? false, entries: size=1, first=(t:3, i:1169), STATEMACHINELOGENTRY, client-EDB41257C35F, cid=864
2019-09-24 16:16:48,245 WARN  server.GrpcLogAppender (GrpcLogAppender.java:timeoutAppendRequest(200)) - s2@group-5C26748AB2B1->s1-GrpcLogAppender: appendEntries Timeout, request=s2->s1#1401-t3, previous=(t:3, i:1168), leaderCommit=1121, initializing? false, entries: size=1, first=(t:3, i:1169), STATEMACHINELOGENTRY, client-EDB41257C35F, cid=864
2019-09-24 16:16:48,245 WARN  server.GrpcLogAppender (GrpcLogAppender.java:timeoutAppendRequest(200)) - s2@group-5C26748AB2B1->s0-GrpcLogAppender: appendEntries Timeout, request=s2->s0#1260-t3, previous=(t:3, i:1169), leaderCommit=1121, initializing? false, entries: size=1, first=(t:3, i:1170), STATEMACHINELOGENTRY, client-EDB41257C35F, cid=865
2019-09-24 16:16:48,245 WARN  server.GrpcLogAppender (GrpcLogAppender.java:timeoutAppendRequest(200)) - s2@group-5C26748AB2B1->s1-GrpcLogAppender: appendEntries Timeout, request=s2->s1#1402-t3, previous=(t:3, i:1169), leaderCommit=1121, initializing? false, entries: size=1, first=(t:3, i:1170), STATEMACHINELOGENTRY, client-EDB41257C35F, cid=865
2019-09-24 16:16:48,245 WARN  server.GrpcLogAppender (GrpcLogAppender.java:timeoutAppendRequest(200)) - s2@group-5C26748AB2B1->s0-GrpcLogAppender: appendEntries Timeout, request=s2->s0#1261-t3, previous=(t:3, i:1170), leaderCommit=1121, initializing? false, entries: size=1, first=(t:3, i:1171), STATEMACHINELOGENTRY, client-EDB41257C35F, cid=866
2019-09-24 16:16:48,245 WARN  server.GrpcLogAppender (GrpcLogAppender.java:timeoutAppendRequest(200)) - s2@group-5C26748AB2B1->s1-GrpcLogAppender: appendEntries Timeout, request=s2->s1#1403-t3, previous=(t:3, i:1170), leaderCommit=1121, initializing? false, entries: size=1, first=(t:3, i:1171), STATEMACHINELOGENTRY, client-EDB41257C35F, cid=866
2019-09-24 16:16:48,245 WARN  server.GrpcLogAppender (GrpcLogAppender.java:timeoutAppendRequest(200)) - s2@group-5C26748AB2B1->s0-GrpcLogAppender: appendEntries Timeout, request=s2->s0#1262-t3, previous=(t:3, i:1171), leaderCommit=1121, initializing? false, entries: size=1, first=(t:3, i:1172), STATEMACHINELOGENTRY, client-EDB41257C35F, cid=867
2019-09-24 16:16:48,246 WARN  server.GrpcLogAppender (GrpcLogAppender.java:timeoutAppendRequest(200)) - s2@group-5C26748AB2B1->s1-GrpcLogAppender: appendEntries Timeout, request=s2->s1#1404-t3, previous=(t:3, i:1171), leaderCommit=1121, initializing? false, entries: size=1, first=(t:3, i:1172), STATEMACHINELOGENTRY, client-EDB41257C35F, cid=867
2019-09-24 16:16:48,246 WARN  server.GrpcLogAppender (GrpcLogAppender.java:timeoutAppendRequest(200)) - s2@group-5C26748AB2B1->s0-GrpcLogAppender: appendEntries Timeout, request=s2->s0#1263-t3, previous=(t:3, i:1172), leaderCommit=1121, initializing? false, entries: size=1, first=(t:3, i:1173), STATEMACHINELOGENTRY, client-EDB41257C35F, cid=868
2019-09-24 16:16:48,246 WARN  server.GrpcLogAppender (GrpcLogAppender.java:timeoutAppendRequest(200)) - s2@group-5C26748AB2B1->s1-GrpcLogAppender: appendEntries Timeout, request=s2->s1#1405-t3, previous=(t:3, i:1172), leaderCommit=1121, initializing? false, entries: size=1, first=(t:3, i:1173), STATEMACHINELOGENTRY, client-EDB41257C35F, cid=868
2019-09-24 16:16:48,246 WARN  server.GrpcLogAppender (GrpcLogAppender.java:timeoutAppendRequest(200)) - s2@group-5C26748AB2B1->s0-GrpcLogAppender: appendEntries Timeout, request=s2->s0#1264-t3, previous=(t:3, i:1173), leaderCommit=1121, initializing? false, entries: size=1, first=(t:3, i:1174), STATEMACHINELOGENTRY, client-EDB41257C35F, cid=869
2019-09-24 16:16:48,246 WARN  server.GrpcLogAppender (GrpcLogAppender.java:timeoutAppendRequest(200)) - s2@group-5C26748AB2B1->s1-GrpcLogAppender: appendEntries Timeout, request=s2->s1#1406-t3, previous=(t:3, i:1173), leaderCommit=1121, initializing? false, entries: size=1, first=(t:3, i:1174), STATEMACHINELOGENTRY, client-EDB41257C35F, cid=869
2019-09-24 16:16:48,246 WARN  server.GrpcLogAppender (GrpcLogAppender.java:timeoutAppendRequest(200)) - s2@group-5C26748AB2B1->s0-GrpcLogAppender: appendEntries Timeout, request=s2->s0#1265-t3, previous=(t:3, i:1174), leaderCommit=1121, initializing? false, entries: size=1, first=(t:3, i:1175), STATEMACHINELOGENTRY, client-EDB41257C35F, cid=870
2019-09-24 16:16:48,247 WARN  server.GrpcLogAppender (GrpcLogAppender.java:timeoutAppendRequest(200)) - s2@group-5C26748AB2B1->s1-GrpcLogAppender: appendEntries Timeout, request=s2->s1#1407-t3, previous=(t:3, i:1174), leaderCommit=1121, initializing? false, entries: size=1, first=(t:3, i:1175), STATEMACHINELOGENTRY, client-EDB41257C35F, cid=870
2019-09-24 16:16:48,247 WARN  server.GrpcLogAppender (GrpcLogAppender.java:timeoutAppendRequest(200)) - s2@group-5C26748AB2B1->s0-GrpcLogAppender: appendEntries Timeout, request=s2->s0#1266-t3, previous=(t:3, i:1175), leaderCommit=1121, initializing? false, entries: size=1, first=(t:3, i:1176), STATEMACHINELOGENTRY, client-EDB41257C35F, cid=871
2019-09-24 16:16:48,247 WARN  server.GrpcLogAppender (GrpcLogAppender.java:timeoutAppendRequest(200)) - s2@group-5C26748AB2B1->s1-GrpcLogAppender: appendEntries Timeout, request=s2->s1#1408-t3, previous=(t:3, i:1175), leaderCommit=1121, initializing? false, entries: size=1, first=(t:3, i:1176), STATEMACHINELOGENTRY, client-EDB41257C35F, cid=871
2019-09-24 16:16:48,247 WARN  server.GrpcLogAppender (GrpcLogAppender.java:timeoutAppendRequest(200)) - s2@group-5C26748AB2B1->s0-GrpcLogAppender: appendEntries Timeout, request=s2->s0#1267-t3, previous=(t:3, i:1176), leaderCommit=1121, initializing? false, entries: size=1, first=(t:3, i:1177), STATEMACHINELOGENTRY, client-EDB41257C35F, cid=872
2019-09-24 16:16:48,247 WARN  server.GrpcLogAppender (GrpcLogAppender.java:timeoutAppendRequest(200)) - s2@group-5C26748AB2B1->s1-GrpcLogAppender: appendEntries Timeout, request=s2->s1#1409-t3, previous=(t:3, i:1176), leaderCommit=1121, initializing? false, entries: size=1, first=(t:3, i:1177), STATEMACHINELOGENTRY, client-EDB41257C35F, cid=872
2019-09-24 16:16:48,247 WARN  server.GrpcLogAppender (GrpcLogAppender.java:timeoutAppendRequest(200)) - s2@group-5C26748AB2B1->s0-GrpcLogAppender: appendEntries Timeout, request=s2->s0#1268-t3, previous=(t:3, i:1177), leaderCommit=1121, initializing? false, entries: size=1, first=(t:3, i:1178), STATEMACHINELOGENTRY, client-EDB41257C35F, cid=873
2019-09-24 16:16:48,247 WARN  server.GrpcLogAppender (GrpcLogAppender.java:timeoutAppendRequest(200)) - s2@group-5C26748AB2B1->s1-GrpcLogAppender: appendEntries Timeout, request=s2->s1#1410-t3, previous=(t:3, i:1177), leaderCommit=1121, initializing? false, entries: size=1, first=(t:3, i:1178), STATEMACHINELOGENTRY, client-EDB41257C35F, cid=873
2019-09-24 16:16:48,248 WARN  server.GrpcLogAppender (GrpcLogAppender.java:timeoutAppendRequest(200)) - s2@group-5C26748AB2B1->s0-GrpcLogAppender: appendEntries Timeout, request=s2->s0#1269-t3, previous=(t:3, i:1178), leaderCommit=1121, initializing? false, entries: size=1, first=(t:3, i:1179), STATEMACHINELOGENTRY, client-EDB41257C35F, cid=874
2019-09-24 16:16:48,248 WARN  server.GrpcLogAppender (GrpcLogAppender.java:timeoutAppendRequest(200)) - s2@group-5C26748AB2B1->s1-GrpcLogAppender: appendEntries Timeout, request=s2->s1#1411-t3, previous=(t:3, i:1178), leaderCommit=1121, initializing? false, entries: size=1, first=(t:3, i:1179), STATEMACHINELOGENTRY, client-EDB41257C35F, cid=874
2019-09-24 16:16:48,248 WARN  server.GrpcLogAppender (GrpcLogAppender.java:timeoutAppendRequest(200)) - s2@group-5C26748AB2B1->s0-GrpcLogAppender: appendEntries Timeout, request=s2->s0#1270-t3, previous=(t:3, i:1179), leaderCommit=1121, initializing? false, entries: size=1, first=(t:3, i:1180), STATEMACHINELOGENTRY, client-EDB41257C35F, cid=875
2019-09-24 16:16:48,248 WARN  server.GrpcLogAppender (GrpcLogAppender.java:timeoutAppendRequest(200)) - s2@group-5C26748AB2B1->s1-GrpcLogAppender: appendEntries Timeout, request=s2->s1#1412-t3, previous=(t:3, i:1179), leaderCommit=1121, initializing? false, entries: size=1, first=(t:3, i:1180), STATEMACHINELOGENTRY, client-EDB41257C35F, cid=875
2019-09-24 16:16:48,248 WARN  server.GrpcLogAppender (GrpcLogAppender.java:timeoutAppendRequest(200)) - s2@group-5C26748AB2B1->s0-GrpcLogAppender: appendEntries Timeout, request=s2->s0#1271-t3, previous=(t:3, i:1180), leaderCommit=1121, initializing? false, entries: size=1, first=(t:3, i:1181), STATEMACHINELOGENTRY, client-EDB41257C35F, cid=876
2019-09-24 16:16:48,248 WARN  server.GrpcLogAppender (GrpcLogAppender.java:timeoutAppendRequest(200)) - s2@group-5C26748AB2B1->s1-GrpcLogAppender: appendEntries Timeout, request=s2->s1#1413-t3, previous=(t:3, i:1180), leaderCommit=1121, initializing? false, entries: size=1, first=(t:3, i:1181), STATEMACHINELOGENTRY, client-EDB41257C35F, cid=876
2019-09-24 16:16:48,249 WARN  server.GrpcLogAppender (GrpcLogAppender.java:timeoutAppendRequest(200)) - s2@group-5C26748AB2B1->s0-GrpcLogAppender: appendEntries Timeout, request=s2->s0#1272-t3, previous=(t:3, i:1181), leaderCommit=1121, initializing? false, entries: size=1, first=(t:3, i:1182), STATEMACHINELOGENTRY, client-EDB41257C35F, cid=877
2019-09-24 16:16:48,249 WARN  server.GrpcLogAppender (GrpcLogAppender.java:timeoutAppendRequest(200)) - s2@group-5C26748AB2B1->s1-GrpcLogAppender: appendEntries Timeout, request=s2->s1#1414-t3, previous=(t:3, i:1181), leaderCommit=1121, initializing? false, entries: size=1, first=(t:3, i:1182), STATEMACHINELOGENTRY, client-EDB41257C35F, cid=877
2019-09-24 16:16:48,249 WARN  server.GrpcLogAppender (GrpcLogAppender.java:timeoutAppendRequest(200)) - s2@group-5C26748AB2B1->s0-GrpcLogAppender: appendEntries Timeout, request=s2->s0#1273-t3, previous=(t:3, i:1182), leaderCommit=1121, initializing? false, entries: size=1, first=(t:3, i:1183), STATEMACHINELOGENTRY, client-EDB41257C35F, cid=878
2019-09-24 16:16:48,249 WARN  server.GrpcLogAppender (GrpcLogAppender.java:timeoutAppendRequest(200)) - s2@group-5C26748AB2B1->s1-GrpcLogAppender: appendEntries Timeout, request=s2->s1#1415-t3, previous=(t:3, i:1182), leaderCommit=1121, initializing? false, entries: size=1, first=(t:3, i:1183), STATEMACHINELOGENTRY, client-EDB41257C35F, cid=878
2019-09-24 16:16:48,249 WARN  server.GrpcLogAppender (GrpcLogAppender.java:timeoutAppendRequest(200)) - s2@group-5C26748AB2B1->s0-GrpcLogAppender: appendEntries Timeout, request=s2->s0#1274-t3, previous=(t:3, i:1183), leaderCommit=1121, initializing? false, entries: size=1, first=(t:3, i:1184), STATEMACHINELOGENTRY, client-EDB41257C35F, cid=879
2019-09-24 16:16:48,249 WARN  server.GrpcLogAppender (GrpcLogAppender.java:timeoutAppendRequest(200)) - s2@group-5C26748AB2B1->s1-GrpcLogAppender: appendEntries Timeout, request=s2->s1#1416-t3, previous=(t:3, i:1183), leaderCommit=1121, initializing? false, entries: size=1, first=(t:3, i:1184), STATEMACHINELOGENTRY, client-EDB41257C35F, cid=879
2019-09-24 16:16:48,249 WARN  server.GrpcLogAppender (GrpcLogAppender.java:timeoutAppendRequest(200)) - s2@group-5C26748AB2B1->s0-GrpcLogAppender: appendEntries Timeout, request=s2->s0#1275-t3, previous=(t:3, i:1184), leaderCommit=1121, initializing? false, entries: size=1, first=(t:3, i:1185), STATEMACHINELOGENTRY, client-EDB41257C35F, cid=880
2019-09-24 16:16:48,250 WARN  server.GrpcLogAppender (GrpcLogAppender.java:timeoutAppendRequest(200)) - s2@group-5C26748AB2B1->s1-GrpcLogAppender: appendEntries Timeout, request=s2->s1#1417-t3, previous=(t:3, i:1184), leaderCommit=1121, initializing? false, entries: size=1, first=(t:3, i:1185), STATEMACHINELOGENTRY, client-EDB41257C35F, cid=880
2019-09-24 16:16:48,250 WARN  server.GrpcLogAppender (GrpcLogAppender.java:timeoutAppendRequest(200)) - s2@group-5C26748AB2B1->s0-GrpcLogAppender: appendEntries Timeout, request=s2->s0#1276-t3, previous=(t:3, i:1185), leaderCommit=1121, initializing? false, entries: size=1, first=(t:3, i:1186), STATEMACHINELOGENTRY, client-EDB41257C35F, cid=881
2019-09-24 16:16:48,250 WARN  server.GrpcLogAppender (GrpcLogAppender.java:timeoutAppendRequest(200)) - s2@group-5C26748AB2B1->s1-GrpcLogAppender: appendEntries Timeout, request=s2->s1#1418-t3, previous=(t:3, i:1185), leaderCommit=1121, initializing? false, entries: size=1, first=(t:3, i:1186), STATEMACHINELOGENTRY, client-EDB41257C35F, cid=881
2019-09-24 16:16:48,250 WARN  server.GrpcLogAppender (GrpcLogAppender.java:timeoutAppendRequest(200)) - s2@group-5C26748AB2B1->s0-GrpcLogAppender: appendEntries Timeout, request=s2->s0#1277-t3, previous=(t:3, i:1186), leaderCommit=1121, initializing? false, entries: size=1, first=(t:3, i:1187), STATEMACHINELOGENTRY, client-EDB41257C35F, cid=882
2019-09-24 16:16:48,250 WARN  server.GrpcLogAppender (GrpcLogAppender.java:timeoutAppendRequest(200)) - s2@group-5C26748AB2B1->s1-GrpcLogAppender: appendEntries Timeout, request=s2->s1#1419-t3, previous=(t:3, i:1186), leaderCommit=1121, initializing? false, entries: size=1, first=(t:3, i:1187), STATEMACHINELOGENTRY, client-EDB41257C35F, cid=882
2019-09-24 16:16:48,250 WARN  server.GrpcLogAppender (GrpcLogAppender.java:timeoutAppendRequest(200)) - s2@group-5C26748AB2B1->s0-GrpcLogAppender: appendEntries Timeout, request=s2->s0#1278-t3, previous=(t:3, i:1187), leaderCommit=1121, initializing? false, entries: size=1, first=(t:3, i:1188), STATEMACHINELOGENTRY, client-EDB41257C35F, cid=883
2019-09-24 16:16:48,250 WARN  server.GrpcLogAppender (GrpcLogAppender.java:timeoutAppendRequest(200)) - s2@group-5C26748AB2B1->s1-GrpcLogAppender: appendEntries Timeout, request=s2->s1#1420-t3, previous=(t:3, i:1187), leaderCommit=1121, initializing? false, entries: size=1, first=(t:3, i:1188), STATEMACHINELOGENTRY, client-EDB41257C35F, cid=883
2019-09-24 16:16:48,251 WARN  server.GrpcLogAppender (GrpcLogAppender.java:timeoutAppendRequest(200)) - s2@group-5C26748AB2B1->s0-GrpcLogAppender: appendEntries Timeout, request=s2->s0#1279-t3, previous=(t:3, i:1188), leaderCommit=1121, initializing? false, entries: size=1, first=(t:3, i:1189), STATEMACHINELOGENTRY, client-EDB41257C35F, cid=884
2019-09-24 16:16:48,251 WARN  server.GrpcLogAppender (GrpcLogAppender.java:timeoutAppendRequest(200)) - s2@group-5C26748AB2B1->s1-GrpcLogAppender: appendEntries Timeout, request=s2->s1#1421-t3, previous=(t:3, i:1188), leaderCommit=1121, initializing? false, entries: size=1, first=(t:3, i:1189), STATEMACHINELOGENTRY, client-EDB41257C35F, cid=884
2019-09-24 16:16:48,251 WARN  server.GrpcLogAppender (GrpcLogAppender.java:timeoutAppendRequest(200)) - s2@group-5C26748AB2B1->s0-GrpcLogAppender: appendEntries Timeout, request=s2->s0#1280-t3, previous=(t:3, i:1189), leaderCommit=1121, initializing? false, entries: size=1, first=(t:3, i:1190), STATEMACHINELOGENTRY, client-EDB41257C35F, cid=885
2019-09-24 16:16:48,251 WARN  server.GrpcLogAppender (GrpcLogAppender.java:timeoutAppendRequest(200)) - s2@group-5C26748AB2B1->s1-GrpcLogAppender: appendEntries Timeout, request=s2->s1#1422-t3, previous=(t:3, i:1189), leaderCommit=1121, initializing? false, entries: size=1, first=(t:3, i:1190), STATEMACHINELOGENTRY, client-EDB41257C35F, cid=885
2019-09-24 16:16:48,251 WARN  server.GrpcLogAppender (GrpcLogAppender.java:timeoutAppendRequest(200)) - s2@group-5C26748AB2B1->s0-GrpcLogAppender: appendEntries Timeout, request=s2->s0#1281-t3, previous=(t:3, i:1190), leaderCommit=1121, initializing? false, entries: size=1, first=(t:3, i:1191), STATEMACHINELOGENTRY, client-EDB41257C35F, cid=886
2019-09-24 16:16:48,251 WARN  server.GrpcLogAppender (GrpcLogAppender.java:timeoutAppendRequest(200)) - s2@group-5C26748AB2B1->s1-GrpcLogAppender: appendEntries Timeout, request=s2->s1#1423-t3, previous=(t:3, i:1190), leaderCommit=1121, initializing? false, entries: size=1, first=(t:3, i:1191), STATEMACHINELOGENTRY, client-EDB41257C35F, cid=886
2019-09-24 16:16:48,251 WARN  server.GrpcLogAppender (GrpcLogAppender.java:timeoutAppendRequest(200)) - s2@group-5C26748AB2B1->s0-GrpcLogAppender: appendEntries Timeout, request=s2->s0#1282-t3, previous=(t:3, i:1191), leaderCommit=1121, initializing? false, entries: size=1, first=(t:3, i:1192), STATEMACHINELOGENTRY, client-EDB41257C35F, cid=887
2019-09-24 16:16:48,252 WARN  server.GrpcLogAppender (GrpcLogAppender.java:timeoutAppendRequest(200)) - s2@group-5C26748AB2B1->s1-GrpcLogAppender: appendEntries Timeout, request=s2->s1#1424-t3, previous=(t:3, i:1191), leaderCommit=1121, initializing? false, entries: size=1, first=(t:3, i:1192), STATEMACHINELOGENTRY, client-EDB41257C35F, cid=887
2019-09-24 16:16:48,252 WARN  server.GrpcLogAppender (GrpcLogAppender.java:timeoutAppendRequest(200)) - s2@group-5C26748AB2B1->s0-GrpcLogAppender: appendEntries Timeout, request=s2->s0#1283-t3, previous=(t:3, i:1192), leaderCommit=1121, initializing? false, entries: size=1, first=(t:3, i:1193), STATEMACHINELOGENTRY, client-EDB41257C35F, cid=888
2019-09-24 16:16:48,252 WARN  server.GrpcLogAppender (GrpcLogAppender.java:timeoutAppendRequest(200)) - s2@group-5C26748AB2B1->s1-GrpcLogAppender: appendEntries Timeout, request=s2->s1#1425-t3, previous=(t:3, i:1192), leaderCommit=1121, initializing? false, entries: size=1, first=(t:3, i:1193), STATEMACHINELOGENTRY, client-EDB41257C35F, cid=888
2019-09-24 16:16:48,252 WARN  server.GrpcLogAppender (GrpcLogAppender.java:timeoutAppendRequest(200)) - s2@group-5C26748AB2B1->s0-GrpcLogAppender: appendEntries Timeout, request=s2->s0#1284-t3, previous=(t:3, i:1193), leaderCommit=1121, initializing? false, entries: size=1, first=(t:3, i:1194), STATEMACHINELOGENTRY, client-EDB41257C35F, cid=889
2019-09-24 16:16:48,252 WARN  server.GrpcLogAppender (GrpcLogAppender.java:timeoutAppendRequest(200)) - s2@group-5C26748AB2B1->s1-GrpcLogAppender: appendEntries Timeout, request=s2->s1#1426-t3, previous=(t:3, i:1193), leaderCommit=1121, initializing? false, entries: size=1, first=(t:3, i:1194), STATEMACHINELOGENTRY, client-EDB41257C35F, cid=889
2019-09-24 16:16:48,252 WARN  server.GrpcLogAppender (GrpcLogAppender.java:timeoutAppendRequest(200)) - s2@group-5C26748AB2B1->s0-GrpcLogAppender: appendEntries Timeout, request=s2->s0#1285-t3, previous=(t:3, i:1194), leaderCommit=1121, initializing? false, entries: size=1, first=(t:3, i:1195), STATEMACHINELOGENTRY, client-EDB41257C35F, cid=890
2019-09-24 16:16:48,252 WARN  server.GrpcLogAppender (GrpcLogAppender.java:timeoutAppendRequest(200)) - s2@group-5C26748AB2B1->s1-GrpcLogAppender: appendEntries Timeout, request=s2->s1#1427-t3, previous=(t:3, i:1194), leaderCommit=1121, initializing? false, entries: size=1, first=(t:3, i:1195), STATEMACHINELOGENTRY, client-EDB41257C35F, cid=890
2019-09-24 16:16:48,253 WARN  server.GrpcLogAppender (GrpcLogAppender.java:timeoutAppendRequest(200)) - s2@group-5C26748AB2B1->s0-GrpcLogAppender: appendEntries Timeout, request=s2->s0#1286-t3, previous=(t:3, i:1195), leaderCommit=1121, initializing? false, entries: size=1, first=(t:3, i:1196), STATEMACHINELOGENTRY, client-EDB41257C35F, cid=891
2019-09-24 16:16:48,253 WARN  server.GrpcLogAppender (GrpcLogAppender.java:timeoutAppendRequest(200)) - s2@group-5C26748AB2B1->s1-GrpcLogAppender: appendEntries Timeout, request=s2->s1#1428-t3, previous=(t:3, i:1195), leaderCommit=1121, initializing? false, entries: size=1, first=(t:3, i:1196), STATEMACHINELOGENTRY, client-EDB41257C35F, cid=891
2019-09-24 16:16:48,253 WARN  server.GrpcLogAppender (GrpcLogAppender.java:timeoutAppendRequest(200)) - s2@group-5C26748AB2B1->s0-GrpcLogAppender: appendEntries Timeout, request=s2->s0#1287-t3, previous=(t:3, i:1196), leaderCommit=1121, initializing? false, entries: size=1, first=(t:3, i:1197), STATEMACHINELOGENTRY, client-EDB41257C35F, cid=892
2019-09-24 16:16:48,253 WARN  server.GrpcLogAppender (GrpcLogAppender.java:timeoutAppendRequest(200)) - s2@group-5C26748AB2B1->s1-GrpcLogAppender: appendEntries Timeout, request=s2->s1#1429-t3, previous=(t:3, i:1196), leaderCommit=1121, initializing? false, entries: size=1, first=(t:3, i:1197), STATEMACHINELOGENTRY, client-EDB41257C35F, cid=892
2019-09-24 16:16:48,253 WARN  server.GrpcLogAppender (GrpcLogAppender.java:timeoutAppendRequest(200)) - s2@group-5C26748AB2B1->s0-GrpcLogAppender: appendEntries Timeout, request=s2->s0#1288-t3, previous=(t:3, i:1197), leaderCommit=1121, initializing? false, entries: size=1, first=(t:3, i:1198), STATEMACHINELOGENTRY, client-EDB41257C35F, cid=893
2019-09-24 16:16:48,253 WARN  server.GrpcLogAppender (GrpcLogAppender.java:timeoutAppendRequest(200)) - s2@group-5C26748AB2B1->s1-GrpcLogAppender: appendEntries Timeout, request=s2->s1#1430-t3, previous=(t:3, i:1197), leaderCommit=1121, initializing? false, entries: size=1, first=(t:3, i:1198), STATEMACHINELOGENTRY, client-EDB41257C35F, cid=893
2019-09-24 16:16:48,253 WARN  server.GrpcLogAppender (GrpcLogAppender.java:timeoutAppendRequest(200)) - s2@group-5C26748AB2B1->s0-GrpcLogAppender: appendEntries Timeout, request=s2->s0#1289-t3, previous=(t:3, i:1198), leaderCommit=1121, initializing? false, entries: size=1, first=(t:3, i:1199), STATEMACHINELOGENTRY, client-EDB41257C35F, cid=894
2019-09-24 16:16:48,254 WARN  server.GrpcLogAppender (GrpcLogAppender.java:timeoutAppendRequest(200)) - s2@group-5C26748AB2B1->s1-GrpcLogAppender: appendEntries Timeout, request=s2->s1#1431-t3, previous=(t:3, i:1198), leaderCommit=1121, initializing? false, entries: size=1, first=(t:3, i:1199), STATEMACHINELOGENTRY, client-EDB41257C35F, cid=894
2019-09-24 16:16:48,254 WARN  server.GrpcLogAppender (GrpcLogAppender.java:timeoutAppendRequest(200)) - s2@group-5C26748AB2B1->s0-GrpcLogAppender: appendEntries Timeout, request=s2->s0#1290-t3, previous=(t:3, i:1199), leaderCommit=1121, initializing? false, entries: size=1, first=(t:3, i:1200), STATEMACHINELOGENTRY, client-EDB41257C35F, cid=895
2019-09-24 16:16:48,254 WARN  server.GrpcLogAppender (GrpcLogAppender.java:timeoutAppendRequest(200)) - s2@group-5C26748AB2B1->s1-GrpcLogAppender: appendEntries Timeout, request=s2->s1#1432-t3, previous=(t:3, i:1199), leaderCommit=1121, initializing? false, entries: size=1, first=(t:3, i:1200), STATEMACHINELOGENTRY, client-EDB41257C35F, cid=895
2019-09-24 16:16:48,254 WARN  server.GrpcLogAppender (GrpcLogAppender.java:timeoutAppendRequest(200)) - s2@group-5C26748AB2B1->s0-GrpcLogAppender: appendEntries Timeout, request=s2->s0#1291-t3, previous=(t:3, i:1200), leaderCommit=1121, initializing? false, entries: size=1, first=(t:3, i:1201), STATEMACHINELOGENTRY, client-EDB41257C35F, cid=896
2019-09-24 16:16:48,254 WARN  server.GrpcLogAppender (GrpcLogAppender.java:timeoutAppendRequest(200)) - s2@group-5C26748AB2B1->s1-GrpcLogAppender: appendEntries Timeout, request=s2->s1#1433-t3, previous=(t:3, i:1200), leaderCommit=1121, initializing? false, entries: size=1, first=(t:3, i:1201), STATEMACHINELOGENTRY, client-EDB41257C35F, cid=896
2019-09-24 16:16:48,254 WARN  server.GrpcLogAppender (GrpcLogAppender.java:timeoutAppendRequest(200)) - s2@group-5C26748AB2B1->s0-GrpcLogAppender: appendEntries Timeout, request=s2->s0#1292-t3, previous=(t:3, i:1201), leaderCommit=1121, initializing? false, entries: size=1, first=(t:3, i:1202), STATEMACHINELOGENTRY, client-EDB41257C35F, cid=897
2019-09-24 16:16:48,254 WARN  server.GrpcLogAppender (GrpcLogAppender.java:timeoutAppendRequest(200)) - s2@group-5C26748AB2B1->s1-GrpcLogAppender: appendEntries Timeout, request=s2->s1#1434-t3, previous=(t:3, i:1201), leaderCommit=1121, initializing? false, entries: size=1, first=(t:3, i:1202), STATEMACHINELOGENTRY, client-EDB41257C35F, cid=897
2019-09-24 16:16:48,255 WARN  server.GrpcLogAppender (GrpcLogAppender.java:timeoutAppendRequest(200)) - s2@group-5C26748AB2B1->s0-GrpcLogAppender: appendEntries Timeout, request=s2->s0#1293-t3, previous=(t:3, i:1202), leaderCommit=1121, initializing? false, entries: size=1, first=(t:3, i:1203), STATEMACHINELOGENTRY, client-EDB41257C35F, cid=898
2019-09-24 16:16:48,255 WARN  server.GrpcLogAppender (GrpcLogAppender.java:timeoutAppendRequest(200)) - s2@group-5C26748AB2B1->s1-GrpcLogAppender: appendEntries Timeout, request=s2->s1#1435-t3, previous=(t:3, i:1202), leaderCommit=1121, initializing? false, entries: size=1, first=(t:3, i:1203), STATEMACHINELOGENTRY, client-EDB41257C35F, cid=898
2019-09-24 16:16:48,255 WARN  server.GrpcLogAppender (GrpcLogAppender.java:timeoutAppendRequest(200)) - s2@group-5C26748AB2B1->s0-GrpcLogAppender: appendEntries Timeout, request=s2->s0#1294-t3, previous=(t:3, i:1203), leaderCommit=1121, initializing? false, entries: size=1, first=(t:3, i:1204), STATEMACHINELOGENTRY, client-EDB41257C35F, cid=899
2019-09-24 16:16:48,255 WARN  server.GrpcLogAppender (GrpcLogAppender.java:timeoutAppendRequest(200)) - s2@group-5C26748AB2B1->s1-GrpcLogAppender: appendEntries Timeout, request=s2->s1#1436-t3, previous=(t:3, i:1203), leaderCommit=1121, initializing? false, entries: size=1, first=(t:3, i:1204), STATEMACHINELOGENTRY, client-EDB41257C35F, cid=899
2019-09-24 16:16:48,255 WARN  server.GrpcLogAppender (GrpcLogAppender.java:timeoutAppendRequest(200)) - s2@group-5C26748AB2B1->s0-GrpcLogAppender: appendEntries Timeout, request=s2->s0#1295-t3, previous=(t:3, i:1204), leaderCommit=1121, initializing? false, entries: size=1, first=(t:3, i:1205), STATEMACHINELOGENTRY, client-EDB41257C35F, cid=900
2019-09-24 16:16:48,255 WARN  server.GrpcLogAppender (GrpcLogAppender.java:timeoutAppendRequest(200)) - s2@group-5C26748AB2B1->s1-GrpcLogAppender: appendEntries Timeout, request=s2->s1#1437-t3, previous=(t:3, i:1204), leaderCommit=1121, initializing? false, entries: size=1, first=(t:3, i:1205), STATEMACHINELOGENTRY, client-EDB41257C35F, cid=900
2019-09-24 16:16:48,255 WARN  server.GrpcLogAppender (GrpcLogAppender.java:timeoutAppendRequest(200)) - s2@group-5C26748AB2B1->s0-GrpcLogAppender: appendEntries Timeout, request=s2->s0#1296-t3, previous=(t:3, i:1205), leaderCommit=1121, initializing? false, entries: size=1, first=(t:3, i:1206), STATEMACHINELOGENTRY, client-EDB41257C35F, cid=901
2019-09-24 16:16:48,256 WARN  server.GrpcLogAppender (GrpcLogAppender.java:timeoutAppendRequest(200)) - s2@group-5C26748AB2B1->s1-GrpcLogAppender: appendEntries Timeout, request=s2->s1#1438-t3, previous=(t:3, i:1205), leaderCommit=1121, initializing? false, entries: size=1, first=(t:3, i:1206), STATEMACHINELOGENTRY, client-EDB41257C35F, cid=901
2019-09-24 16:16:48,256 WARN  server.GrpcLogAppender (GrpcLogAppender.java:timeoutAppendRequest(200)) - s2@group-5C26748AB2B1->s0-GrpcLogAppender: appendEntries Timeout, request=s2->s0#1297-t3, previous=(t:3, i:1206), leaderCommit=1121, initializing? false, entries: size=1, first=(t:3, i:1207), STATEMACHINELOGENTRY, client-EDB41257C35F, cid=902
2019-09-24 16:16:48,256 WARN  server.GrpcLogAppender (GrpcLogAppender.java:timeoutAppendRequest(200)) - s2@group-5C26748AB2B1->s1-GrpcLogAppender: appendEntries Timeout, request=s2->s1#1439-t3, previous=(t:3, i:1206), leaderCommit=1121, initializing? false, entries: size=1, first=(t:3, i:1207), STATEMACHINELOGENTRY, client-EDB41257C35F, cid=902
2019-09-24 16:16:48,256 WARN  server.GrpcLogAppender (GrpcLogAppender.java:timeoutAppendRequest(200)) - s2@group-5C26748AB2B1->s0-GrpcLogAppender: appendEntries Timeout, request=s2->s0#1298-t3, previous=(t:3, i:1207), leaderCommit=1121, initializing? false, entries: size=1, first=(t:3, i:1208), STATEMACHINELOGENTRY, client-EDB41257C35F, cid=903
2019-09-24 16:16:48,256 WARN  server.GrpcLogAppender (GrpcLogAppender.java:timeoutAppendRequest(200)) - s2@group-5C26748AB2B1->s1-GrpcLogAppender: appendEntries Timeout, request=s2->s1#1440-t3, previous=(t:3, i:1207), leaderCommit=1121, initializing? false, entries: size=1, first=(t:3, i:1208), STATEMACHINELOGENTRY, client-EDB41257C35F, cid=903
2019-09-24 16:16:48,256 WARN  server.GrpcLogAppender (GrpcLogAppender.java:timeoutAppendRequest(200)) - s2@group-5C26748AB2B1->s0-GrpcLogAppender: appendEntries Timeout, request=s2->s0#1299-t3, previous=(t:3, i:1208), leaderCommit=1121, initializing? false, entries: size=1, first=(t:3, i:1209), STATEMACHINELOGENTRY, client-EDB41257C35F, cid=904
2019-09-24 16:16:48,256 WARN  server.GrpcLogAppender (GrpcLogAppender.java:timeoutAppendRequest(200)) - s2@group-5C26748AB2B1->s1-GrpcLogAppender: appendEntries Timeout, request=s2->s1#1441-t3, previous=(t:3, i:1208), leaderCommit=1121, initializing? false, entries: size=1, first=(t:3, i:1209), STATEMACHINELOGENTRY, client-EDB41257C35F, cid=904
2019-09-24 16:16:48,257 WARN  server.GrpcLogAppender (GrpcLogAppender.java:timeoutAppendRequest(200)) - s2@group-5C26748AB2B1->s0-GrpcLogAppender: appendEntries Timeout, request=s2->s0#1300-t3, previous=(t:3, i:1209), leaderCommit=1121, initializing? false, entries: size=1, first=(t:3, i:1210), STATEMACHINELOGENTRY, client-EDB41257C35F, cid=905
2019-09-24 16:16:48,257 WARN  server.GrpcLogAppender (GrpcLogAppender.java:timeoutAppendRequest(200)) - s2@group-5C26748AB2B1->s1-GrpcLogAppender: appendEntries Timeout, request=s2->s1#1442-t3, previous=(t:3, i:1209), leaderCommit=1121, initializing? false, entries: size=1, first=(t:3, i:1210), STATEMACHINELOGENTRY, client-EDB41257C35F, cid=905
2019-09-24 16:16:48,257 WARN  server.GrpcLogAppender (GrpcLogAppender.java:timeoutAppendRequest(200)) - s2@group-5C26748AB2B1->s0-GrpcLogAppender: appendEntries Timeout, request=s2->s0#1301-t3, previous=(t:3, i:1210), leaderCommit=1121, initializing? false, entries: size=1, first=(t:3, i:1211), STATEMACHINELOGENTRY, client-EDB41257C35F, cid=906
2019-09-24 16:16:48,257 WARN  server.GrpcLogAppender (GrpcLogAppender.java:timeoutAppendRequest(200)) - s2@group-5C26748AB2B1->s1-GrpcLogAppender: appendEntries Timeout, request=s2->s1#1443-t3, previous=(t:3, i:1210), leaderCommit=1121, initializing? false, entries: size=1, first=(t:3, i:1211), STATEMACHINELOGENTRY, client-EDB41257C35F, cid=906
2019-09-24 16:16:48,257 WARN  server.GrpcLogAppender (GrpcLogAppender.java:timeoutAppendRequest(200)) - s2@group-5C26748AB2B1->s0-GrpcLogAppender: appendEntries Timeout, request=s2->s0#1302-t3, previous=(t:3, i:1211), leaderCommit=1121, initializing? false, entries: size=1, first=(t:3, i:1212), STATEMACHINELOGENTRY, client-EDB41257C35F, cid=907
2019-09-24 16:16:48,257 WARN  server.GrpcLogAppender (GrpcLogAppender.java:timeoutAppendRequest(200)) - s2@group-5C26748AB2B1->s1-GrpcLogAppender: appendEntries Timeout, request=s2->s1#1444-t3, previous=(t:3, i:1211), leaderCommit=1121, initializing? false, entries: size=1, first=(t:3, i:1212), STATEMACHINELOGENTRY, client-EDB41257C35F, cid=907
2019-09-24 16:16:48,257 WARN  server.GrpcLogAppender (GrpcLogAppender.java:timeoutAppendRequest(200)) - s2@group-5C26748AB2B1->s0-GrpcLogAppender: appendEntries Timeout, request=s2->s0#1303-t3, previous=(t:3, i:1212), leaderCommit=1121, initializing? false, entries: size=1, first=(t:3, i:1213), STATEMACHINELOGENTRY, client-EDB41257C35F, cid=908
2019-09-24 16:16:48,257 WARN  server.GrpcLogAppender (GrpcLogAppender.java:timeoutAppendRequest(200)) - s2@group-5C26748AB2B1->s1-GrpcLogAppender: appendEntries Timeout, request=s2->s1#1445-t3, previous=(t:3, i:1212), leaderCommit=1121, initializing? false, entries: size=1, first=(t:3, i:1213), STATEMACHINELOGENTRY, client-EDB41257C35F, cid=908
2019-09-24 16:16:48,258 WARN  server.GrpcLogAppender (GrpcLogAppender.java:timeoutAppendRequest(200)) - s2@group-5C26748AB2B1->s0-GrpcLogAppender: appendEntries Timeout, request=s2->s0#1304-t3, previous=(t:3, i:1213), leaderCommit=1121, initializing? false, entries: size=1, first=(t:3, i:1214), STATEMACHINELOGENTRY, client-EDB41257C35F, cid=909
2019-09-24 16:16:48,258 WARN  server.GrpcLogAppender (GrpcLogAppender.java:timeoutAppendRequest(200)) - s2@group-5C26748AB2B1->s1-GrpcLogAppender: appendEntries Timeout, request=s2->s1#1446-t3, previous=(t:3, i:1213), leaderCommit=1121, initializing? false, entries: size=1, first=(t:3, i:1214), STATEMACHINELOGENTRY, client-EDB41257C35F, cid=909
2019-09-24 16:16:48,258 WARN  server.GrpcLogAppender (GrpcLogAppender.java:timeoutAppendRequest(200)) - s2@group-5C26748AB2B1->s0-GrpcLogAppender: appendEntries Timeout, request=s2->s0#1305-t3, previous=(t:3, i:1214), leaderCommit=1121, initializing? false, entries: size=1, first=(t:3, i:1215), STATEMACHINELOGENTRY, client-EDB41257C35F, cid=910
2019-09-24 16:16:48,258 WARN  server.GrpcLogAppender (GrpcLogAppender.java:timeoutAppendRequest(200)) - s2@group-5C26748AB2B1->s1-GrpcLogAppender: appendEntries Timeout, request=s2->s1#1447-t3, previous=(t:3, i:1214), leaderCommit=1121, initializing? false, entries: size=1, first=(t:3, i:1215), STATEMACHINELOGENTRY, client-EDB41257C35F, cid=910
2019-09-24 16:16:48,258 WARN  server.GrpcLogAppender (GrpcLogAppender.java:timeoutAppendRequest(200)) - s2@group-5C26748AB2B1->s0-GrpcLogAppender: appendEntries Timeout, request=s2->s0#1306-t3, previous=(t:3, i:1215), leaderCommit=1121, initializing? false, entries: size=1, first=(t:3, i:1216), STATEMACHINELOGENTRY, client-EDB41257C35F, cid=911
2019-09-24 16:16:48,258 WARN  server.GrpcLogAppender (GrpcLogAppender.java:timeoutAppendRequest(200)) - s2@group-5C26748AB2B1->s1-GrpcLogAppender: appendEntries Timeout, request=s2->s1#1448-t3, previous=(t:3, i:1215), leaderCommit=1121, initializing? false, entries: size=1, first=(t:3, i:1216), STATEMACHINELOGENTRY, client-EDB41257C35F, cid=911
2019-09-24 16:16:48,259 WARN  server.GrpcLogAppender (GrpcLogAppender.java:timeoutAppendRequest(200)) - s2@group-5C26748AB2B1->s0-GrpcLogAppender: appendEntries Timeout, request=s2->s0#1307-t3, previous=(t:3, i:1216), leaderCommit=1121, initializing? false, entries: size=1, first=(t:3, i:1217), STATEMACHINELOGENTRY, client-EDB41257C35F, cid=912
2019-09-24 16:16:48,259 WARN  server.GrpcLogAppender (GrpcLogAppender.java:timeoutAppendRequest(200)) - s2@group-5C26748AB2B1->s1-GrpcLogAppender: appendEntries Timeout, request=s2->s1#1449-t3, previous=(t:3, i:1216), leaderCommit=1121, initializing? false, entries: size=1, first=(t:3, i:1217), STATEMACHINELOGENTRY, client-EDB41257C35F, cid=912
2019-09-24 16:16:48,259 WARN  server.GrpcLogAppender (GrpcLogAppender.java:timeoutAppendRequest(200)) - s2@group-5C26748AB2B1->s0-GrpcLogAppender: appendEntries Timeout, request=s2->s0#1308-t3, previous=(t:3, i:1217), leaderCommit=1121, initializing? false, entries: size=1, first=(t:3, i:1218), STATEMACHINELOGENTRY, client-EDB41257C35F, cid=913
2019-09-24 16:16:48,259 WARN  server.GrpcLogAppender (GrpcLogAppender.java:timeoutAppendRequest(200)) - s2@group-5C26748AB2B1->s1-GrpcLogAppender: appendEntries Timeout, request=s2->s1#1450-t3, previous=(t:3, i:1217), leaderCommit=1121, initializing? false, entries: size=1, first=(t:3, i:1218), STATEMACHINELOGENTRY, client-EDB41257C35F, cid=913
2019-09-24 16:16:48,259 WARN  server.GrpcLogAppender (GrpcLogAppender.java:timeoutAppendRequest(200)) - s2@group-5C26748AB2B1->s0-GrpcLogAppender: appendEntries Timeout, request=s2->s0#1309-t3, previous=(t:3, i:1218), leaderCommit=1121, initializing? false, entries: size=1, first=(t:3, i:1219), STATEMACHINELOGENTRY, client-EDB41257C35F, cid=914
2019-09-24 16:16:48,259 WARN  server.GrpcLogAppender (GrpcLogAppender.java:timeoutAppendRequest(200)) - s2@group-5C26748AB2B1->s1-GrpcLogAppender: appendEntries Timeout, request=s2->s1#1451-t3, previous=(t:3, i:1218), leaderCommit=1121, initializing? false, entries: size=1, first=(t:3, i:1219), STATEMACHINELOGENTRY, client-EDB41257C35F, cid=914
2019-09-24 16:16:48,259 WARN  server.GrpcLogAppender (GrpcLogAppender.java:timeoutAppendRequest(200)) - s2@group-5C26748AB2B1->s0-GrpcLogAppender: appendEntries Timeout, request=s2->s0#1310-t3, previous=(t:3, i:1219), leaderCommit=1121, initializing? false, entries: size=1, first=(t:3, i:1220), STATEMACHINELOGENTRY, client-EDB41257C35F, cid=915
2019-09-24 16:16:48,259 WARN  server.GrpcLogAppender (GrpcLogAppender.java:timeoutAppendRequest(200)) - s2@group-5C26748AB2B1->s1-GrpcLogAppender: appendEntries Timeout, request=s2->s1#1452-t3, previous=(t:3, i:1219), leaderCommit=1121, initializing? false, entries: size=1, first=(t:3, i:1220), STATEMACHINELOGENTRY, client-EDB41257C35F, cid=915
2019-09-24 16:16:48,260 WARN  server.GrpcLogAppender (GrpcLogAppender.java:timeoutAppendRequest(200)) - s2@group-5C26748AB2B1->s0-GrpcLogAppender: appendEntries Timeout, request=s2->s0#1311-t3, previous=(t:3, i:1220), leaderCommit=1121, initializing? false, entries: size=1, first=(t:3, i:1221), STATEMACHINELOGENTRY, client-EDB41257C35F, cid=916
2019-09-24 16:16:48,260 WARN  server.GrpcLogAppender (GrpcLogAppender.java:timeoutAppendRequest(200)) - s2@group-5C26748AB2B1->s1-GrpcLogAppender: appendEntries Timeout, request=s2->s1#1453-t3, previous=(t:3, i:1220), leaderCommit=1121, initializing? false, entries: size=1, first=(t:3, i:1221), STATEMACHINELOGENTRY, client-EDB41257C35F, cid=916
2019-09-24 16:16:48,260 WARN  server.GrpcLogAppender (GrpcLogAppender.java:timeoutAppendRequest(200)) - s2@group-5C26748AB2B1->s1-GrpcLogAppender: appendEntries Timeout, request=s2->s1#1454-t3, previous=(t:3, i:1221), leaderCommit=1121, initializing? false, entries: size=1, first=(t:3, i:1222), STATEMACHINELOGENTRY, client-EDB41257C35F, cid=917
2019-09-24 16:16:48,260 WARN  server.GrpcLogAppender (GrpcLogAppender.java:timeoutAppendRequest(200)) - s2@group-5C26748AB2B1->s1-GrpcLogAppender: appendEntries Timeout, request=s2->s1#1455-t3, previous=(t:3, i:1222), leaderCommit=1121, initializing? false, entries: size=1, first=(t:3, i:1223), STATEMACHINELOGENTRY, client-EDB41257C35F, cid=918
2019-09-24 16:16:48,260 WARN  server.GrpcLogAppender (GrpcLogAppender.java:timeoutAppendRequest(200)) - s2@group-5C26748AB2B1->s1-GrpcLogAppender: appendEntries Timeout, request=s2->s1#1456-t3, previous=(t:3, i:1223), leaderCommit=1121, initializing? false, entries: size=1, first=(t:3, i:1224), STATEMACHINELOGENTRY, client-EDB41257C35F, cid=919
2019-09-24 16:16:48,261 WARN  server.GrpcLogAppender (GrpcLogAppender.java:timeoutAppendRequest(200)) - s2@group-5C26748AB2B1->s1-GrpcLogAppender: appendEntries Timeout, request=s2->s1#1457-t3, previous=(t:3, i:1224), leaderCommit=1121, initializing? false, entries: size=1, first=(t:3, i:1225), STATEMACHINELOGENTRY, client-EDB41257C35F, cid=920
2019-09-24 16:16:48,261 WARN  server.GrpcLogAppender (GrpcLogAppender.java:timeoutAppendRequest(200)) - s2@group-5C26748AB2B1->s1-GrpcLogAppender: appendEntries Timeout, request=s2->s1#1458-t3, previous=(t:3, i:1225), leaderCommit=1121, initializing? false, entries: size=1, first=(t:3, i:1226), STATEMACHINELOGENTRY, client-EDB41257C35F, cid=921
2019-09-24 16:16:48,261 WARN  server.GrpcLogAppender (GrpcLogAppender.java:timeoutAppendRequest(200)) - s2@group-5C26748AB2B1->s1-GrpcLogAppender: appendEntries Timeout, request=s2->s1#1459-t3, previous=(t:3, i:1226), leaderCommit=1121, initializing? false, entries: size=1, first=(t:3, i:1227), STATEMACHINELOGENTRY, client-EDB41257C35F, cid=922
2019-09-24 16:16:48,327 WARN  server.GrpcLogAppender (GrpcLogAppender.java:timeoutAppendRequest(200)) - s2@group-5C26748AB2B1->s1-GrpcLogAppender: appendEntries Timeout, request=s2->s1#1460-t3, previous=(t:3, i:1227), leaderCommit=1121, initializing? false, entries: <empty>
2019-09-24 16:16:48,328 DEBUG client.GrpcClientProtocolService (GrpcClientProtocolService.java:<init>(175)) - new 3-OrderedRequestStreamObserver3
2019-09-24 16:16:48,329 DEBUG client.GrpcClientProtocolService (GrpcClientProtocolService.java:sendReply(353)) - 3-OrderedRequestStreamObserver3: sendReply seq=824, RaftClientReply:client-EDB41257C35F->s0@group-5C26748AB2B1, cid=823, FAILED org.apache.ratis.protocol.NotLeaderException: Server s0@group-5C26748AB2B1 is not the leader s2:0.0.0.0:34862, logIndex=0, commits[s0:c1087, s1:c1094, s2:c1121]
2019-09-24 16:16:48,334 DEBUG client.GrpcClientProtocolService (GrpcClientProtocolService.java:close(374)) - 3-OrderedRequestStreamObserver3: close
2019-09-24 16:16:48,340 DEBUG client.GrpcClientProtocolService (GrpcClientProtocolService.java:<init>(175)) - new 23-OrderedRequestStreamObserver23
2019-09-24 16:16:48,403 WARN  server.GrpcLogAppender (GrpcLogAppender.java:timeoutAppendRequest(200)) - s2@group-5C26748AB2B1->s1-GrpcLogAppender: appendEntries Timeout, request=s2->s1#1461-t3, previous=(t:3, i:1227), leaderCommit=1121, initializing? false, entries: <empty>
2019-09-24 16:16:48,478 WARN  server.GrpcLogAppender (GrpcLogAppender.java:timeoutAppendRequest(200)) - s2@group-5C26748AB2B1->s1-GrpcLogAppender: appendEntries Timeout, request=s2->s1#1462-t3, previous=(t:3, i:1227), leaderCommit=1121, initializing? false, entries: <empty>
2019-09-24 16:16:48,553 WARN  server.GrpcLogAppender (GrpcLogAppender.java:timeoutAppendRequest(200)) - s2@group-5C26748AB2B1->s1-GrpcLogAppender: appendEntries Timeout, request=s2->s1#1463-t3, previous=(t:3, i:1227), leaderCommit=1121, initializing? false, entries: <empty>
2019-09-24 16:16:48,612 WARN  ratis.RaftTestUtil (JavaUtils.java:attempt(158)) - FAILED "waitForLeader-null-(expectLeader? true)", attempt #9/100: java.lang.IllegalStateException: No leader yet : printing ALL groups
  s0:  RUNNING CANDIDATE s0@group-E77E9FD8E08A:t1, leader=null, voted=s0, raftlog=s0@group-E77E9FD8E08A-SegmentedRaftLog:OPENED:c-1,f-1,i0, conf=-1: [s0:0.0.0.0:34097, s1:0.0.0.0:42213, s2:0.0.0.0:41839], old=null RUNNING
  s1:  RUNNING CANDIDATE s1@group-E77E9FD8E08A:t1, leader=null, voted=s1, raftlog=s1@group-E77E9FD8E08A-SegmentedRaftLog:OPENED:c-1,f-1,i0, conf=-1: [s0:0.0.0.0:34097, s1:0.0.0.0:42213, s2:0.0.0.0:41839], old=null RUNNING
  s2:  RUNNING CANDIDATE s2@group-E77E9FD8E08A:t1, leader=null, voted=s2, raftlog=s2@group-E77E9FD8E08A-SegmentedRaftLog:OPENED:c-1,f-1,i0, conf=-1: [s0:0.0.0.0:34097, s1:0.0.0.0:42213, s2:0.0.0.0:41839], old=null RUNNING, sleep 450ms and then retry.
java.lang.IllegalStateException: No leader yet : printing ALL groups
  s0:  RUNNING CANDIDATE s0@group-E77E9FD8E08A:t1, leader=null, voted=s0, raftlog=s0@group-E77E9FD8E08A-SegmentedRaftLog:OPENED:c-1,f-1,i0, conf=-1: [s0:0.0.0.0:34097, s1:0.0.0.0:42213, s2:0.0.0.0:41839], old=null RUNNING
  s1:  RUNNING CANDIDATE s1@group-E77E9FD8E08A:t1, leader=null, voted=s1, raftlog=s1@group-E77E9FD8E08A-SegmentedRaftLog:OPENED:c-1,f-1,i0, conf=-1: [s0:0.0.0.0:34097, s1:0.0.0.0:42213, s2:0.0.0.0:41839], old=null RUNNING
  s2:  RUNNING CANDIDATE s2@group-E77E9FD8E08A:t1, leader=null, voted=s2, raftlog=s2@group-E77E9FD8E08A-SegmentedRaftLog:OPENED:c-1,f-1,i0, conf=-1: [s0:0.0.0.0:34097, s1:0.0.0.0:42213, s2:0.0.0.0:41839], old=null RUNNING
	at org.apache.ratis.MiniRaftCluster.newIllegalStateExceptionForNoLeaders(MiniRaftCluster.java:506)
	at org.apache.ratis.RaftTestUtil.lambda$waitForLeader$1(RaftTestUtil.java:90)
	at org.apache.ratis.MiniRaftCluster.getLeader(MiniRaftCluster.java:539)
	at org.apache.ratis.MiniRaftCluster.getLeader(MiniRaftCluster.java:532)
	at org.apache.ratis.RaftTestUtil.lambda$waitForLeader$3(RaftTestUtil.java:98)
	at org.apache.ratis.util.JavaUtils.attempt(JavaUtils.java:152)
	at org.apache.ratis.RaftTestUtil.waitForLeader(RaftTestUtil.java:97)
	at org.apache.ratis.RaftTestUtil.waitForLeader(RaftTestUtil.java:77)
	at org.apache.ratis.RaftTestUtil.waitForLeader(RaftTestUtil.java:72)
	at org.apache.ratis.OutputStreamBaseTest.runTestWriteAndFlush(OutputStreamBaseTest.java:121)
	at org.apache.ratis.MiniRaftCluster$Factory$Get.runWithNewCluster(MiniRaftCluster.java:125)
	at org.apache.ratis.MiniRaftCluster$Factory$Get.runWithNewCluster(MiniRaftCluster.java:113)
	at org.apache.ratis.OutputStreamBaseTest.testWriteAndFlush(OutputStreamBaseTest.java:116)
	at sun.reflect.NativeMethodAccessorImpl.invoke0(Native Method)
	at sun.reflect.NativeMethodAccessorImpl.invoke(NativeMethodAccessorImpl.java:62)
	at sun.reflect.DelegatingMethodAccessorImpl.invoke(DelegatingMethodAccessorImpl.java:43)
	at java.lang.reflect.Method.invoke(Method.java:498)
	at org.junit.runners.model.FrameworkMethod$1.runReflectiveCall(FrameworkMethod.java:50)
	at org.junit.internal.runners.model.ReflectiveCallable.run(ReflectiveCallable.java:12)
	at org.junit.runners.model.FrameworkMethod.invokeExplosively(FrameworkMethod.java:47)
	at org.junit.internal.runners.statements.InvokeMethod.evaluate(InvokeMethod.java:17)
	at org.junit.internal.runners.statements.RunAfters.evaluate(RunAfters.java:27)
	at org.junit.internal.runners.statements.FailOnTimeout$CallableStatement.call(FailOnTimeout.java:298)
	at org.junit.internal.runners.statements.FailOnTimeout$CallableStatement.call(FailOnTimeout.java:292)
	at java.util.concurrent.FutureTask.run(FutureTask.java:266)
	at java.lang.Thread.run(Thread.java:748)
2019-09-24 16:16:48,628 WARN  server.GrpcLogAppender (GrpcLogAppender.java:timeoutAppendRequest(200)) - s2@group-5C26748AB2B1->s1-GrpcLogAppender: appendEntries Timeout, request=s2->s1#1464-t3, previous=(t:3, i:1227), leaderCommit=1121, initializing? false, entries: <empty>
2019-09-24 16:16:48,704 WARN  server.GrpcLogAppender (GrpcLogAppender.java:timeoutAppendRequest(200)) - s2@group-5C26748AB2B1->s1-GrpcLogAppender: appendEntries Timeout, request=s2->s1#1465-t3, previous=(t:3, i:1227), leaderCommit=1121, initializing? false, entries: <empty>
2019-09-24 16:16:48,779 WARN  server.GrpcLogAppender (GrpcLogAppender.java:timeoutAppendRequest(200)) - s2@group-5C26748AB2B1->s1-GrpcLogAppender: appendEntries Timeout, request=s2->s1#1466-t3, previous=(t:3, i:1227), leaderCommit=1121, initializing? false, entries: <empty>
2019-09-24 16:16:48,854 WARN  server.GrpcLogAppender (GrpcLogAppender.java:timeoutAppendRequest(200)) - s2@group-5C26748AB2B1->s1-GrpcLogAppender: appendEntries Timeout, request=s2->s1#1467-t3, previous=(t:3, i:1227), leaderCommit=1121, initializing? false, entries: <empty>
2019-09-24 16:16:48,929 WARN  server.GrpcLogAppender (GrpcLogAppender.java:timeoutAppendRequest(200)) - s2@group-5C26748AB2B1->s1-GrpcLogAppender: appendEntries Timeout, request=s2->s1#1468-t3, previous=(t:3, i:1227), leaderCommit=1121, initializing? false, entries: <empty>
2019-09-24 16:16:48,987 INFO  ratis.MiniRaftCluster (MiniRaftCluster.java:lambda$null$5(297)) - TIMED-PRINT: printing ALL groups
  s0:  RUNNING  FOLLOWER s0@group-5C26748AB2B1:t3, leader=s2, voted=s2, raftlog=s0@group-5C26748AB2B1-SegmentedRaftLog:OPENED:c1087,f1087,i1227, conf=0: [s0:0.0.0.0:36823, s1:0.0.0.0:40855, s2:0.0.0.0:34862], old=null RUNNING
  s1:  RUNNING  FOLLOWER s1@group-5C26748AB2B1:t3, leader=s2, voted=s2, raftlog=s1@group-5C26748AB2B1-SegmentedRaftLog:OPENED:c1121,f1121,i1227, conf=0: [s0:0.0.0.0:36823, s1:0.0.0.0:40855, s2:0.0.0.0:34862], old=null RUNNING
  s2:  RUNNING    LEADER s2@group-5C26748AB2B1:t3, leader=s2, voted=s2, raftlog=s2@group-5C26748AB2B1-SegmentedRaftLog:OPENED:c1121,f1128,i1227, conf=0: [s0:0.0.0.0:36823, s1:0.0.0.0:40855, s2:0.0.0.0:34862], old=null RUNNING
2019-09-24 16:16:49,004 WARN  server.GrpcLogAppender (GrpcLogAppender.java:timeoutAppendRequest(200)) - s2@group-5C26748AB2B1->s1-GrpcLogAppender: appendEntries Timeout, request=s2->s1#1469-t3, previous=(t:3, i:1227), leaderCommit=1121, initializing? false, entries: <empty>
2019-09-24 16:16:49,063 WARN  ratis.RaftTestUtil (JavaUtils.java:attempt(158)) - FAILED "waitForLeader-null-(expectLeader? true)", attempt #10/100: java.lang.IllegalStateException: No leader yet : printing ALL groups
  s0:  RUNNING CANDIDATE s0@group-E77E9FD8E08A:t1, leader=null, voted=s0, raftlog=s0@group-E77E9FD8E08A-SegmentedRaftLog:OPENED:c-1,f-1,i0, conf=-1: [s0:0.0.0.0:34097, s1:0.0.0.0:42213, s2:0.0.0.0:41839], old=null RUNNING
  s1:  RUNNING CANDIDATE s1@group-E77E9FD8E08A:t1, leader=null, voted=s1, raftlog=s1@group-E77E9FD8E08A-SegmentedRaftLog:OPENED:c-1,f-1,i0, conf=-1: [s0:0.0.0.0:34097, s1:0.0.0.0:42213, s2:0.0.0.0:41839], old=null RUNNING
  s2:  RUNNING CANDIDATE s2@group-E77E9FD8E08A:t1, leader=null, voted=s2, raftlog=s2@group-E77E9FD8E08A-SegmentedRaftLog:OPENED:c-1,f-1,i0, conf=-1: [s0:0.0.0.0:34097, s1:0.0.0.0:42213, s2:0.0.0.0:41839], old=null RUNNING, sleep 450ms and then retry.
java.lang.IllegalStateException: No leader yet : printing ALL groups
  s0:  RUNNING CANDIDATE s0@group-E77E9FD8E08A:t1, leader=null, voted=s0, raftlog=s0@group-E77E9FD8E08A-SegmentedRaftLog:OPENED:c-1,f-1,i0, conf=-1: [s0:0.0.0.0:34097, s1:0.0.0.0:42213, s2:0.0.0.0:41839], old=null RUNNING
  s1:  RUNNING CANDIDATE s1@group-E77E9FD8E08A:t1, leader=null, voted=s1, raftlog=s1@group-E77E9FD8E08A-SegmentedRaftLog:OPENED:c-1,f-1,i0, conf=-1: [s0:0.0.0.0:34097, s1:0.0.0.0:42213, s2:0.0.0.0:41839], old=null RUNNING
  s2:  RUNNING CANDIDATE s2@group-E77E9FD8E08A:t1, leader=null, voted=s2, raftlog=s2@group-E77E9FD8E08A-SegmentedRaftLog:OPENED:c-1,f-1,i0, conf=-1: [s0:0.0.0.0:34097, s1:0.0.0.0:42213, s2:0.0.0.0:41839], old=null RUNNING
	at org.apache.ratis.MiniRaftCluster.newIllegalStateExceptionForNoLeaders(MiniRaftCluster.java:506)
	at org.apache.ratis.RaftTestUtil.lambda$waitForLeader$1(RaftTestUtil.java:90)
	at org.apache.ratis.MiniRaftCluster.getLeader(MiniRaftCluster.java:539)
	at org.apache.ratis.MiniRaftCluster.getLeader(MiniRaftCluster.java:532)
	at org.apache.ratis.RaftTestUtil.lambda$waitForLeader$3(RaftTestUtil.java:98)
	at org.apache.ratis.util.JavaUtils.attempt(JavaUtils.java:152)
	at org.apache.ratis.RaftTestUtil.waitForLeader(RaftTestUtil.java:97)
	at org.apache.ratis.RaftTestUtil.waitForLeader(RaftTestUtil.java:77)
	at org.apache.ratis.RaftTestUtil.waitForLeader(RaftTestUtil.java:72)
	at org.apache.ratis.OutputStreamBaseTest.runTestWriteAndFlush(OutputStreamBaseTest.java:121)
	at org.apache.ratis.MiniRaftCluster$Factory$Get.runWithNewCluster(MiniRaftCluster.java:125)
	at org.apache.ratis.MiniRaftCluster$Factory$Get.runWithNewCluster(MiniRaftCluster.java:113)
	at org.apache.ratis.OutputStreamBaseTest.testWriteAndFlush(OutputStreamBaseTest.java:116)
	at sun.reflect.NativeMethodAccessorImpl.invoke0(Native Method)
	at sun.reflect.NativeMethodAccessorImpl.invoke(NativeMethodAccessorImpl.java:62)
	at sun.reflect.DelegatingMethodAccessorImpl.invoke(DelegatingMethodAccessorImpl.java:43)
	at java.lang.reflect.Method.invoke(Method.java:498)
	at org.junit.runners.model.FrameworkMethod$1.runReflectiveCall(FrameworkMethod.java:50)
	at org.junit.internal.runners.model.ReflectiveCallable.run(ReflectiveCallable.java:12)
	at org.junit.runners.model.FrameworkMethod.invokeExplosively(FrameworkMethod.java:47)
	at org.junit.internal.runners.statements.InvokeMethod.evaluate(InvokeMethod.java:17)
	at org.junit.internal.runners.statements.RunAfters.evaluate(RunAfters.java:27)
	at org.junit.internal.runners.statements.FailOnTimeout$CallableStatement.call(FailOnTimeout.java:298)
	at org.junit.internal.runners.statements.FailOnTimeout$CallableStatement.call(FailOnTimeout.java:292)
	at java.util.concurrent.FutureTask.run(FutureTask.java:266)
	at java.lang.Thread.run(Thread.java:748)
2019-09-24 16:16:49,079 WARN  server.GrpcLogAppender (GrpcLogAppender.java:timeoutAppendRequest(200)) - s2@group-5C26748AB2B1->s1-GrpcLogAppender: appendEntries Timeout, request=s2->s1#1470-t3, previous=(t:3, i:1227), leaderCommit=1121, initializing? false, entries: <empty>
2019-09-24 16:16:49,154 WARN  server.GrpcLogAppender (GrpcLogAppender.java:timeoutAppendRequest(200)) - s2@group-5C26748AB2B1->s1-GrpcLogAppender: appendEntries Timeout, request=s2->s1#1471-t3, previous=(t:3, i:1227), leaderCommit=1121, initializing? false, entries: <empty>
2019-09-24 16:16:49,229 WARN  server.GrpcLogAppender (GrpcLogAppender.java:timeoutAppendRequest(200)) - s2@group-5C26748AB2B1->s1-GrpcLogAppender: appendEntries Timeout, request=s2->s1#1472-t3, previous=(t:3, i:1227), leaderCommit=1121, initializing? false, entries: <empty>
2019-09-24 16:16:49,305 WARN  server.GrpcLogAppender (GrpcLogAppender.java:timeoutAppendRequest(200)) - s2@group-5C26748AB2B1->s1-GrpcLogAppender: appendEntries Timeout, request=s2->s1#1473-t3, previous=(t:3, i:1227), leaderCommit=1121, initializing? false, entries: <empty>
2019-09-24 16:16:49,380 WARN  server.GrpcLogAppender (GrpcLogAppender.java:timeoutAppendRequest(200)) - s2@group-5C26748AB2B1->s1-GrpcLogAppender: appendEntries Timeout, request=s2->s1#1474-t3, previous=(t:3, i:1227), leaderCommit=1121, initializing? false, entries: <empty>
2019-09-24 16:16:49,455 WARN  server.GrpcLogAppender (GrpcLogAppender.java:timeoutAppendRequest(200)) - s2@group-5C26748AB2B1->s1-GrpcLogAppender: appendEntries Timeout, request=s2->s1#1475-t3, previous=(t:3, i:1227), leaderCommit=1121, initializing? false, entries: <empty>
2019-09-24 16:16:49,515 WARN  ratis.RaftTestUtil (JavaUtils.java:attempt(158)) - FAILED "waitForLeader-null-(expectLeader? true)", attempt #11/100: java.lang.IllegalStateException: No leader yet : printing ALL groups
  s0:  RUNNING CANDIDATE s0@group-E77E9FD8E08A:t1, leader=null, voted=s0, raftlog=s0@group-E77E9FD8E08A-SegmentedRaftLog:OPENED:c-1,f-1,i0, conf=-1: [s0:0.0.0.0:34097, s1:0.0.0.0:42213, s2:0.0.0.0:41839], old=null RUNNING
  s1:  RUNNING CANDIDATE s1@group-E77E9FD8E08A:t1, leader=null, voted=s1, raftlog=s1@group-E77E9FD8E08A-SegmentedRaftLog:OPENED:c-1,f-1,i0, conf=-1: [s0:0.0.0.0:34097, s1:0.0.0.0:42213, s2:0.0.0.0:41839], old=null RUNNING
  s2:  RUNNING CANDIDATE s2@group-E77E9FD8E08A:t1, leader=null, voted=s2, raftlog=s2@group-E77E9FD8E08A-SegmentedRaftLog:OPENED:c-1,f-1,i0, conf=-1: [s0:0.0.0.0:34097, s1:0.0.0.0:42213, s2:0.0.0.0:41839], old=null RUNNING, sleep 450ms and then retry.
java.lang.IllegalStateException: No leader yet : printing ALL groups
  s0:  RUNNING CANDIDATE s0@group-E77E9FD8E08A:t1, leader=null, voted=s0, raftlog=s0@group-E77E9FD8E08A-SegmentedRaftLog:OPENED:c-1,f-1,i0, conf=-1: [s0:0.0.0.0:34097, s1:0.0.0.0:42213, s2:0.0.0.0:41839], old=null RUNNING
  s1:  RUNNING CANDIDATE s1@group-E77E9FD8E08A:t1, leader=null, voted=s1, raftlog=s1@group-E77E9FD8E08A-SegmentedRaftLog:OPENED:c-1,f-1,i0, conf=-1: [s0:0.0.0.0:34097, s1:0.0.0.0:42213, s2:0.0.0.0:41839], old=null RUNNING
  s2:  RUNNING CANDIDATE s2@group-E77E9FD8E08A:t1, leader=null, voted=s2, raftlog=s2@group-E77E9FD8E08A-SegmentedRaftLog:OPENED:c-1,f-1,i0, conf=-1: [s0:0.0.0.0:34097, s1:0.0.0.0:42213, s2:0.0.0.0:41839], old=null RUNNING
	at org.apache.ratis.MiniRaftCluster.newIllegalStateExceptionForNoLeaders(MiniRaftCluster.java:506)
	at org.apache.ratis.RaftTestUtil.lambda$waitForLeader$1(RaftTestUtil.java:90)
	at org.apache.ratis.MiniRaftCluster.getLeader(MiniRaftCluster.java:539)
	at org.apache.ratis.MiniRaftCluster.getLeader(MiniRaftCluster.java:532)
	at org.apache.ratis.RaftTestUtil.lambda$waitForLeader$3(RaftTestUtil.java:98)
	at org.apache.ratis.util.JavaUtils.attempt(JavaUtils.java:152)
	at org.apache.ratis.RaftTestUtil.waitForLeader(RaftTestUtil.java:97)
	at org.apache.ratis.RaftTestUtil.waitForLeader(RaftTestUtil.java:77)
	at org.apache.ratis.RaftTestUtil.waitForLeader(RaftTestUtil.java:72)
	at org.apache.ratis.OutputStreamBaseTest.runTestWriteAndFlush(OutputStreamBaseTest.java:121)
	at org.apache.ratis.MiniRaftCluster$Factory$Get.runWithNewCluster(MiniRaftCluster.java:125)
	at org.apache.ratis.MiniRaftCluster$Factory$Get.runWithNewCluster(MiniRaftCluster.java:113)
	at org.apache.ratis.OutputStreamBaseTest.testWriteAndFlush(OutputStreamBaseTest.java:116)
	at sun.reflect.NativeMethodAccessorImpl.invoke0(Native Method)
	at sun.reflect.NativeMethodAccessorImpl.invoke(NativeMethodAccessorImpl.java:62)
	at sun.reflect.DelegatingMethodAccessorImpl.invoke(DelegatingMethodAccessorImpl.java:43)
	at java.lang.reflect.Method.invoke(Method.java:498)
	at org.junit.runners.model.FrameworkMethod$1.runReflectiveCall(FrameworkMethod.java:50)
	at org.junit.internal.runners.model.ReflectiveCallable.run(ReflectiveCallable.java:12)
	at org.junit.runners.model.FrameworkMethod.invokeExplosively(FrameworkMethod.java:47)
	at org.junit.internal.runners.statements.InvokeMethod.evaluate(InvokeMethod.java:17)
	at org.junit.internal.runners.statements.RunAfters.evaluate(RunAfters.java:27)
	at org.junit.internal.runners.statements.FailOnTimeout$CallableStatement.call(FailOnTimeout.java:298)
	at org.junit.internal.runners.statements.FailOnTimeout$CallableStatement.call(FailOnTimeout.java:292)
	at java.util.concurrent.FutureTask.run(FutureTask.java:266)
	at java.lang.Thread.run(Thread.java:748)
2019-09-24 16:16:49,530 WARN  server.GrpcLogAppender (GrpcLogAppender.java:timeoutAppendRequest(200)) - s2@group-5C26748AB2B1->s1-GrpcLogAppender: appendEntries Timeout, request=s2->s1#1476-t3, previous=(t:3, i:1227), leaderCommit=1121, initializing? false, entries: <empty>
2019-09-24 16:16:49,605 WARN  server.GrpcLogAppender (GrpcLogAppender.java:timeoutAppendRequest(200)) - s2@group-5C26748AB2B1->s1-GrpcLogAppender: appendEntries Timeout, request=s2->s1#1477-t3, previous=(t:3, i:1227), leaderCommit=1121, initializing? false, entries: <empty>
2019-09-24 16:16:49,680 WARN  server.GrpcLogAppender (GrpcLogAppender.java:timeoutAppendRequest(200)) - s2@group-5C26748AB2B1->s1-GrpcLogAppender: appendEntries Timeout, request=s2->s1#1478-t3, previous=(t:3, i:1227), leaderCommit=1121, initializing? false, entries: <empty>
2019-09-24 16:16:49,755 WARN  server.GrpcLogAppender (GrpcLogAppender.java:timeoutAppendRequest(200)) - s2@group-5C26748AB2B1->s1-GrpcLogAppender: appendEntries Timeout, request=s2->s1#1479-t3, previous=(t:3, i:1227), leaderCommit=1121, initializing? false, entries: <empty>
2019-09-24 16:16:49,831 WARN  server.GrpcLogAppender (GrpcLogAppender.java:timeoutAppendRequest(200)) - s2@group-5C26748AB2B1->s1-GrpcLogAppender: appendEntries Timeout, request=s2->s1#1480-t3, previous=(t:3, i:1227), leaderCommit=1121, initializing? false, entries: <empty>
2019-09-24 16:16:49,967 WARN  ratis.RaftTestUtil (JavaUtils.java:attempt(158)) - FAILED "waitForLeader-null-(expectLeader? true)", attempt #12/100: java.lang.IllegalStateException: No leader yet : printing ALL groups
  s0:  RUNNING CANDIDATE s0@group-E77E9FD8E08A:t1, leader=null, voted=s0, raftlog=s0@group-E77E9FD8E08A-SegmentedRaftLog:OPENED:c-1,f-1,i0, conf=-1: [s0:0.0.0.0:34097, s1:0.0.0.0:42213, s2:0.0.0.0:41839], old=null RUNNING
  s1:  RUNNING CANDIDATE s1@group-E77E9FD8E08A:t1, leader=null, voted=s1, raftlog=s1@group-E77E9FD8E08A-SegmentedRaftLog:OPENED:c-1,f-1,i0, conf=-1: [s0:0.0.0.0:34097, s1:0.0.0.0:42213, s2:0.0.0.0:41839], old=null RUNNING
  s2:  RUNNING CANDIDATE s2@group-E77E9FD8E08A:t1, leader=null, voted=s2, raftlog=s2@group-E77E9FD8E08A-SegmentedRaftLog:OPENED:c-1,f-1,i0, conf=-1: [s0:0.0.0.0:34097, s1:0.0.0.0:42213, s2:0.0.0.0:41839], old=null RUNNING, sleep 450ms and then retry.
java.lang.IllegalStateException: No leader yet : printing ALL groups
  s0:  RUNNING CANDIDATE s0@group-E77E9FD8E08A:t1, leader=null, voted=s0, raftlog=s0@group-E77E9FD8E08A-SegmentedRaftLog:OPENED:c-1,f-1,i0, conf=-1: [s0:0.0.0.0:34097, s1:0.0.0.0:42213, s2:0.0.0.0:41839], old=null RUNNING
  s1:  RUNNING CANDIDATE s1@group-E77E9FD8E08A:t1, leader=null, voted=s1, raftlog=s1@group-E77E9FD8E08A-SegmentedRaftLog:OPENED:c-1,f-1,i0, conf=-1: [s0:0.0.0.0:34097, s1:0.0.0.0:42213, s2:0.0.0.0:41839], old=null RUNNING
  s2:  RUNNING CANDIDATE s2@group-E77E9FD8E08A:t1, leader=null, voted=s2, raftlog=s2@group-E77E9FD8E08A-SegmentedRaftLog:OPENED:c-1,f-1,i0, conf=-1: [s0:0.0.0.0:34097, s1:0.0.0.0:42213, s2:0.0.0.0:41839], old=null RUNNING
	at org.apache.ratis.MiniRaftCluster.newIllegalStateExceptionForNoLeaders(MiniRaftCluster.java:506)
	at org.apache.ratis.RaftTestUtil.lambda$waitForLeader$1(RaftTestUtil.java:90)
	at org.apache.ratis.MiniRaftCluster.getLeader(MiniRaftCluster.java:539)
	at org.apache.ratis.MiniRaftCluster.getLeader(MiniRaftCluster.java:532)
	at org.apache.ratis.RaftTestUtil.lambda$waitForLeader$3(RaftTestUtil.java:98)
	at org.apache.ratis.util.JavaUtils.attempt(JavaUtils.java:152)
	at org.apache.ratis.RaftTestUtil.waitForLeader(RaftTestUtil.java:97)
	at org.apache.ratis.RaftTestUtil.waitForLeader(RaftTestUtil.java:77)
	at org.apache.ratis.RaftTestUtil.waitForLeader(RaftTestUtil.java:72)
	at org.apache.ratis.OutputStreamBaseTest.runTestWriteAndFlush(OutputStreamBaseTest.java:121)
	at org.apache.ratis.MiniRaftCluster$Factory$Get.runWithNewCluster(MiniRaftCluster.java:125)
	at org.apache.ratis.MiniRaftCluster$Factory$Get.runWithNewCluster(MiniRaftCluster.java:113)
	at org.apache.ratis.OutputStreamBaseTest.testWriteAndFlush(OutputStreamBaseTest.java:116)
	at sun.reflect.NativeMethodAccessorImpl.invoke0(Native Method)
	at sun.reflect.NativeMethodAccessorImpl.invoke(NativeMethodAccessorImpl.java:62)
	at sun.reflect.DelegatingMethodAccessorImpl.invoke(DelegatingMethodAccessorImpl.java:43)
	at java.lang.reflect.Method.invoke(Method.java:498)
	at org.junit.runners.model.FrameworkMethod$1.runReflectiveCall(FrameworkMethod.java:50)
	at org.junit.internal.runners.model.ReflectiveCallable.run(ReflectiveCallable.java:12)
	at org.junit.runners.model.FrameworkMethod.invokeExplosively(FrameworkMethod.java:47)
	at org.junit.internal.runners.statements.InvokeMethod.evaluate(InvokeMethod.java:17)
	at org.junit.internal.runners.statements.RunAfters.evaluate(RunAfters.java:27)
	at org.junit.internal.runners.statements.FailOnTimeout$CallableStatement.call(FailOnTimeout.java:298)
	at org.junit.internal.runners.statements.FailOnTimeout$CallableStatement.call(FailOnTimeout.java:292)
	at java.util.concurrent.FutureTask.run(FutureTask.java:266)
	at java.lang.Thread.run(Thread.java:748)
2019-09-24 16:16:50,393 INFO  impl.LeaderElection (LeaderElection.java:askForVotes(178)) - s0@group-E77E9FD8E08A-LeaderElection5: begin an election at term 1 for -1: [s0:0.0.0.0:34097, s1:0.0.0.0:42213, s2:0.0.0.0:41839], old=null
2019-09-24 16:16:50,393 INFO  impl.LeaderElection (LeaderElection.java:askForVotes(178)) - s2@group-E77E9FD8E08A-LeaderElection6: begin an election at term 1 for -1: [s0:0.0.0.0:34097, s1:0.0.0.0:42213, s2:0.0.0.0:41839], old=null
2019-09-24 16:16:50,393 INFO  impl.LeaderElection (LeaderElection.java:askForVotes(178)) - s1@group-E77E9FD8E08A-LeaderElection7: begin an election at term 1 for -1: [s0:0.0.0.0:34097, s1:0.0.0.0:42213, s2:0.0.0.0:41839], old=null
2019-09-24 16:16:50,410 INFO  impl.LeaderElection (LeaderElection.java:logAndReturn(56)) - s0@group-E77E9FD8E08A-LeaderElection5: Election REJECTED; received 2 response(s) [s0<-s1#0:FAIL-t1, s0<-s2#0:FAIL-t1] and 0 exception(s); s0@group-E77E9FD8E08A:t1, leader=null, voted=s0, raftlog=s0@group-E77E9FD8E08A-SegmentedRaftLog:OPENED:c-1,f-1,i0, conf=-1: [s0:0.0.0.0:34097, s1:0.0.0.0:42213, s2:0.0.0.0:41839], old=null
2019-09-24 16:16:50,411 INFO  impl.RaftServerImpl (RaftServerImpl.java:setRole(170)) - s0@group-E77E9FD8E08A: changes role from CANDIDATE to FOLLOWER at term 1 for DISCOVERED_A_NEW_TERM
2019-09-24 16:16:50,411 INFO  impl.RoleInfo (RoleInfo.java:shutdownLeaderElection(134)) - s0: shutdown LeaderElection
2019-09-24 16:16:50,411 INFO  impl.LeaderElection (LeaderElection.java:logAndReturn(56)) - s1@group-E77E9FD8E08A-LeaderElection7: Election REJECTED; received 2 response(s) [s1<-s0#0:FAIL-t1, s1<-s2#0:FAIL-t1] and 0 exception(s); s1@group-E77E9FD8E08A:t1, leader=null, voted=s1, raftlog=s1@group-E77E9FD8E08A-SegmentedRaftLog:OPENED:c-1,f-1,i0, conf=-1: [s0:0.0.0.0:34097, s1:0.0.0.0:42213, s2:0.0.0.0:41839], old=null
2019-09-24 16:16:50,411 INFO  impl.RoleInfo (RoleInfo.java:updateAndGet(143)) - s0: start FollowerState
2019-09-24 16:16:50,411 INFO  impl.RaftServerImpl (RaftServerImpl.java:setRole(170)) - s1@group-E77E9FD8E08A: changes role from CANDIDATE to FOLLOWER at term 1 for DISCOVERED_A_NEW_TERM
2019-09-24 16:16:50,412 INFO  impl.RoleInfo (RoleInfo.java:shutdownLeaderElection(134)) - s1: shutdown LeaderElection
2019-09-24 16:16:50,412 INFO  impl.LeaderElection (LeaderElection.java:logAndReturn(56)) - s2@group-E77E9FD8E08A-LeaderElection6: Election REJECTED; received 2 response(s) [s2<-s0#0:FAIL-t1, s2<-s1#0:FAIL-t1] and 0 exception(s); s2@group-E77E9FD8E08A:t1, leader=null, voted=s2, raftlog=s2@group-E77E9FD8E08A-SegmentedRaftLog:OPENED:c-1,f-1,i0, conf=-1: [s0:0.0.0.0:34097, s1:0.0.0.0:42213, s2:0.0.0.0:41839], old=null
2019-09-24 16:16:50,412 INFO  impl.RoleInfo (RoleInfo.java:updateAndGet(143)) - s1: start FollowerState
2019-09-24 16:16:50,412 INFO  impl.RaftServerImpl (RaftServerImpl.java:setRole(170)) - s2@group-E77E9FD8E08A: changes role from CANDIDATE to FOLLOWER at term 1 for DISCOVERED_A_NEW_TERM
2019-09-24 16:16:50,412 INFO  impl.RoleInfo (RoleInfo.java:shutdownLeaderElection(134)) - s2: shutdown LeaderElection
2019-09-24 16:16:50,413 INFO  impl.RoleInfo (RoleInfo.java:updateAndGet(143)) - s2: start FollowerState
2019-09-24 16:16:50,419 WARN  ratis.RaftTestUtil (JavaUtils.java:attempt(158)) - FAILED "waitForLeader-null-(expectLeader? true)", attempt #13/100: java.lang.IllegalStateException: No leader yet : printing ALL groups
  s0:  RUNNING  FOLLOWER s0@group-E77E9FD8E08A:t1, leader=null, voted=s0, raftlog=s0@group-E77E9FD8E08A-SegmentedRaftLog:OPENED:c-1,f-1,i0, conf=-1: [s0:0.0.0.0:34097, s1:0.0.0.0:42213, s2:0.0.0.0:41839], old=null RUNNING
  s1:  RUNNING  FOLLOWER s1@group-E77E9FD8E08A:t1, leader=null, voted=s1, raftlog=s1@group-E77E9FD8E08A-SegmentedRaftLog:OPENED:c-1,f-1,i0, conf=-1: [s0:0.0.0.0:34097, s1:0.0.0.0:42213, s2:0.0.0.0:41839], old=null RUNNING
  s2:  RUNNING  FOLLOWER s2@group-E77E9FD8E08A:t1, leader=null, voted=s2, raftlog=s2@group-E77E9FD8E08A-SegmentedRaftLog:OPENED:c-1,f-1,i0, conf=-1: [s0:0.0.0.0:34097, s1:0.0.0.0:42213, s2:0.0.0.0:41839], old=null RUNNING, sleep 450ms and then retry.
java.lang.IllegalStateException: No leader yet : printing ALL groups
  s0:  RUNNING  FOLLOWER s0@group-E77E9FD8E08A:t1, leader=null, voted=s0, raftlog=s0@group-E77E9FD8E08A-SegmentedRaftLog:OPENED:c-1,f-1,i0, conf=-1: [s0:0.0.0.0:34097, s1:0.0.0.0:42213, s2:0.0.0.0:41839], old=null RUNNING
  s1:  RUNNING  FOLLOWER s1@group-E77E9FD8E08A:t1, leader=null, voted=s1, raftlog=s1@group-E77E9FD8E08A-SegmentedRaftLog:OPENED:c-1,f-1,i0, conf=-1: [s0:0.0.0.0:34097, s1:0.0.0.0:42213, s2:0.0.0.0:41839], old=null RUNNING
  s2:  RUNNING  FOLLOWER s2@group-E77E9FD8E08A:t1, leader=null, voted=s2, raftlog=s2@group-E77E9FD8E08A-SegmentedRaftLog:OPENED:c-1,f-1,i0, conf=-1: [s0:0.0.0.0:34097, s1:0.0.0.0:42213, s2:0.0.0.0:41839], old=null RUNNING
	at org.apache.ratis.MiniRaftCluster.newIllegalStateExceptionForNoLeaders(MiniRaftCluster.java:506)
	at org.apache.ratis.RaftTestUtil.lambda$waitForLeader$1(RaftTestUtil.java:90)
	at org.apache.ratis.MiniRaftCluster.getLeader(MiniRaftCluster.java:539)
	at org.apache.ratis.MiniRaftCluster.getLeader(MiniRaftCluster.java:532)
	at org.apache.ratis.RaftTestUtil.lambda$waitForLeader$3(RaftTestUtil.java:98)
	at org.apache.ratis.util.JavaUtils.attempt(JavaUtils.java:152)
	at org.apache.ratis.RaftTestUtil.waitForLeader(RaftTestUtil.java:97)
	at org.apache.ratis.RaftTestUtil.waitForLeader(RaftTestUtil.java:77)
	at org.apache.ratis.RaftTestUtil.waitForLeader(RaftTestUtil.java:72)
	at org.apache.ratis.OutputStreamBaseTest.runTestWriteAndFlush(OutputStreamBaseTest.java:121)
	at org.apache.ratis.MiniRaftCluster$Factory$Get.runWithNewCluster(MiniRaftCluster.java:125)
	at org.apache.ratis.MiniRaftCluster$Factory$Get.runWithNewCluster(MiniRaftCluster.java:113)
	at org.apache.ratis.OutputStreamBaseTest.testWriteAndFlush(OutputStreamBaseTest.java:116)
	at sun.reflect.NativeMethodAccessorImpl.invoke0(Native Method)
	at sun.reflect.NativeMethodAccessorImpl.invoke(NativeMethodAccessorImpl.java:62)
	at sun.reflect.DelegatingMethodAccessorImpl.invoke(DelegatingMethodAccessorImpl.java:43)
	at java.lang.reflect.Method.invoke(Method.java:498)
	at org.junit.runners.model.FrameworkMethod$1.runReflectiveCall(FrameworkMethod.java:50)
	at org.junit.internal.runners.model.ReflectiveCallable.run(ReflectiveCallable.java:12)
	at org.junit.runners.model.FrameworkMethod.invokeExplosively(FrameworkMethod.java:47)
	at org.junit.internal.runners.statements.InvokeMethod.evaluate(InvokeMethod.java:17)
	at org.junit.internal.runners.statements.RunAfters.evaluate(RunAfters.java:27)
	at org.junit.internal.runners.statements.FailOnTimeout$CallableStatement.call(FailOnTimeout.java:298)
	at org.junit.internal.runners.statements.FailOnTimeout$CallableStatement.call(FailOnTimeout.java:292)
	at java.util.concurrent.FutureTask.run(FutureTask.java:266)
	at java.lang.Thread.run(Thread.java:748)
2019-09-24 16:16:50,465 WARN  server.GrpcLogAppender (GrpcLogAppender.java:onNextImpl(251)) - s2@group-5C26748AB2B1->s0-AppendLogResponseHandler: Request not found, ignoring reply: s2<-s0#1184:OK,SUCCESS,nextIndex:1089,term:3,followerCommit:1087
2019-09-24 16:16:50,466 WARN  server.GrpcLogAppender (GrpcLogAppender.java:onNextImpl(251)) - s2@group-5C26748AB2B1->s1-AppendLogResponseHandler: Request not found, ignoring reply: s2<-s1#1353:OK,SUCCESS,nextIndex:1123,term:3,followerCommit:1121
2019-09-24 16:16:50,466 WARN  server.GrpcLogAppender (GrpcLogAppender.java:onNextImpl(251)) - s2@group-5C26748AB2B1->s1-AppendLogResponseHandler: Request not found, ignoring reply: s2<-s1#1354:OK,SUCCESS,nextIndex:1124,term:3,followerCommit:1121
2019-09-24 16:16:50,467 WARN  server.GrpcLogAppender (GrpcLogAppender.java:onNextImpl(251)) - s2@group-5C26748AB2B1->s1-AppendLogResponseHandler: Request not found, ignoring reply: s2<-s1#1355:OK,SUCCESS,nextIndex:1125,term:3,followerCommit:1121
2019-09-24 16:16:50,467 WARN  server.GrpcLogAppender (GrpcLogAppender.java:onNextImpl(251)) - s2@group-5C26748AB2B1->s0-AppendLogResponseHandler: Request not found, ignoring reply: s2<-s0#1185:OK,SUCCESS,nextIndex:1090,term:3,followerCommit:1087
2019-09-24 16:16:50,467 WARN  server.GrpcLogAppender (GrpcLogAppender.java:onNextImpl(251)) - s2@group-5C26748AB2B1->s1-AppendLogResponseHandler: Request not found, ignoring reply: s2<-s1#1356:OK,SUCCESS,nextIndex:1126,term:3,followerCommit:1121
2019-09-24 16:16:50,468 WARN  server.GrpcLogAppender (GrpcLogAppender.java:onNextImpl(251)) - s2@group-5C26748AB2B1->s0-AppendLogResponseHandler: Request not found, ignoring reply: s2<-s0#1186:OK,SUCCESS,nextIndex:1091,term:3,followerCommit:1087
2019-09-24 16:16:50,469 WARN  server.GrpcLogAppender (GrpcLogAppender.java:onNextImpl(251)) - s2@group-5C26748AB2B1->s1-AppendLogResponseHandler: Request not found, ignoring reply: s2<-s1#1357:OK,SUCCESS,nextIndex:1127,term:3,followerCommit:1121
2019-09-24 16:16:50,469 WARN  server.GrpcLogAppender (GrpcLogAppender.java:onNextImpl(251)) - s2@group-5C26748AB2B1->s0-AppendLogResponseHandler: Request not found, ignoring reply: s2<-s0#1187:OK,SUCCESS,nextIndex:1092,term:3,followerCommit:1087
2019-09-24 16:16:50,469 WARN  server.GrpcLogAppender (GrpcLogAppender.java:onNextImpl(251)) - s2@group-5C26748AB2B1->s1-AppendLogResponseHandler: Request not found, ignoring reply: s2<-s1#1358:OK,SUCCESS,nextIndex:1128,term:3,followerCommit:1121
2019-09-24 16:16:50,469 WARN  server.GrpcLogAppender (GrpcLogAppender.java:onNextImpl(251)) - s2@group-5C26748AB2B1->s0-AppendLogResponseHandler: Request not found, ignoring reply: s2<-s0#1188:OK,SUCCESS,nextIndex:1093,term:3,followerCommit:1087
2019-09-24 16:16:50,469 WARN  server.GrpcLogAppender (GrpcLogAppender.java:onNextImpl(251)) - s2@group-5C26748AB2B1->s1-AppendLogResponseHandler: Request not found, ignoring reply: s2<-s1#1359:OK,SUCCESS,nextIndex:1129,term:3,followerCommit:1121
2019-09-24 16:16:50,470 WARN  server.GrpcLogAppender (GrpcLogAppender.java:onNextImpl(251)) - s2@group-5C26748AB2B1->s0-AppendLogResponseHandler: Request not found, ignoring reply: s2<-s0#1189:OK,SUCCESS,nextIndex:1094,term:3,followerCommit:1087
2019-09-24 16:16:50,470 WARN  server.GrpcLogAppender (GrpcLogAppender.java:onNextImpl(251)) - s2@group-5C26748AB2B1->s1-AppendLogResponseHandler: Request not found, ignoring reply: s2<-s1#1360:OK,SUCCESS,nextIndex:1130,term:3,followerCommit:1121
2019-09-24 16:16:50,470 WARN  server.GrpcLogAppender (GrpcLogAppender.java:onNextImpl(251)) - s2@group-5C26748AB2B1->s0-AppendLogResponseHandler: Request not found, ignoring reply: s2<-s0#1190:OK,SUCCESS,nextIndex:1095,term:3,followerCommit:1087
2019-09-24 16:16:50,470 WARN  server.GrpcLogAppender (GrpcLogAppender.java:onNextImpl(251)) - s2@group-5C26748AB2B1->s1-AppendLogResponseHandler: Request not found, ignoring reply: s2<-s1#1361:OK,SUCCESS,nextIndex:1130,term:3,followerCommit:1094
2019-09-24 16:16:50,470 WARN  server.GrpcLogAppender (GrpcLogAppender.java:onNextImpl(251)) - s2@group-5C26748AB2B1->s1-AppendLogResponseHandler: Request not found, ignoring reply: s2<-s1#1362:OK,SUCCESS,nextIndex:1131,term:3,followerCommit:1121
2019-09-24 16:16:50,471 WARN  server.GrpcLogAppender (GrpcLogAppender.java:onNextImpl(251)) - s2@group-5C26748AB2B1->s0-AppendLogResponseHandler: Request not found, ignoring reply: s2<-s0#1191:OK,SUCCESS,nextIndex:1096,term:3,followerCommit:1087
2019-09-24 16:16:50,471 WARN  server.GrpcLogAppender (GrpcLogAppender.java:onNextImpl(251)) - s2@group-5C26748AB2B1->s0-AppendLogResponseHandler: Request not found, ignoring reply: s2<-s0#1192:OK,SUCCESS,nextIndex:1097,term:3,followerCommit:1087
2019-09-24 16:16:50,472 WARN  server.GrpcLogAppender (GrpcLogAppender.java:onNextImpl(251)) - s2@group-5C26748AB2B1->s0-AppendLogResponseHandler: Request not found, ignoring reply: s2<-s0#1193:OK,SUCCESS,nextIndex:1098,term:3,followerCommit:1087
2019-09-24 16:16:50,472 WARN  server.GrpcLogAppender (GrpcLogAppender.java:onNextImpl(251)) - s2@group-5C26748AB2B1->s0-AppendLogResponseHandler: Request not found, ignoring reply: s2<-s0#1194:OK,SUCCESS,nextIndex:1099,term:3,followerCommit:1087
2019-09-24 16:16:50,472 WARN  server.GrpcLogAppender (GrpcLogAppender.java:onNextImpl(251)) - s2@group-5C26748AB2B1->s0-AppendLogResponseHandler: Request not found, ignoring reply: s2<-s0#1195:OK,SUCCESS,nextIndex:1100,term:3,followerCommit:1087
2019-09-24 16:16:50,472 WARN  server.GrpcLogAppender (GrpcLogAppender.java:onNextImpl(251)) - s2@group-5C26748AB2B1->s0-AppendLogResponseHandler: Request not found, ignoring reply: s2<-s0#1196:OK,SUCCESS,nextIndex:1101,term:3,followerCommit:1087
2019-09-24 16:16:50,473 WARN  server.GrpcLogAppender (GrpcLogAppender.java:onNextImpl(251)) - s2@group-5C26748AB2B1->s0-AppendLogResponseHandler: Request not found, ignoring reply: s2<-s0#1197:OK,SUCCESS,nextIndex:1102,term:3,followerCommit:1087
2019-09-24 16:16:50,473 WARN  server.GrpcLogAppender (GrpcLogAppender.java:onNextImpl(251)) - s2@group-5C26748AB2B1->s0-AppendLogResponseHandler: Request not found, ignoring reply: s2<-s0#1198:OK,SUCCESS,nextIndex:1103,term:3,followerCommit:1087
2019-09-24 16:16:50,473 WARN  server.GrpcLogAppender (GrpcLogAppender.java:onNextImpl(251)) - s2@group-5C26748AB2B1->s0-AppendLogResponseHandler: Request not found, ignoring reply: s2<-s0#1199:OK,SUCCESS,nextIndex:1104,term:3,followerCommit:1087
2019-09-24 16:16:50,474 WARN  server.GrpcLogAppender (GrpcLogAppender.java:onNextImpl(251)) - s2@group-5C26748AB2B1->s0-AppendLogResponseHandler: Request not found, ignoring reply: s2<-s0#1200:OK,SUCCESS,nextIndex:1105,term:3,followerCommit:1087
2019-09-24 16:16:50,474 WARN  server.GrpcLogAppender (GrpcLogAppender.java:onNextImpl(251)) - s2@group-5C26748AB2B1->s0-AppendLogResponseHandler: Request not found, ignoring reply: s2<-s0#1201:OK,SUCCESS,nextIndex:1106,term:3,followerCommit:1087
2019-09-24 16:16:50,475 WARN  server.GrpcLogAppender (GrpcLogAppender.java:onNextImpl(251)) - s2@group-5C26748AB2B1->s0-AppendLogResponseHandler: Request not found, ignoring reply: s2<-s0#1202:OK,SUCCESS,nextIndex:1107,term:3,followerCommit:1109
2019-09-24 16:16:50,475 WARN  server.GrpcLogAppender (GrpcLogAppender.java:onNextImpl(251)) - s2@group-5C26748AB2B1->s0-AppendLogResponseHandler: Request not found, ignoring reply: s2<-s0#1203:OK,SUCCESS,nextIndex:1108,term:3,followerCommit:1087
2019-09-24 16:16:50,475 WARN  server.GrpcLogAppender (GrpcLogAppender.java:onNextImpl(251)) - s2@group-5C26748AB2B1->s0-AppendLogResponseHandler: Request not found, ignoring reply: s2<-s0#1204:OK,SUCCESS,nextIndex:1109,term:3,followerCommit:1109
2019-09-24 16:16:50,476 WARN  server.GrpcLogAppender (GrpcLogAppender.java:onNextImpl(251)) - s2@group-5C26748AB2B1->s0-AppendLogResponseHandler: Request not found, ignoring reply: s2<-s0#1205:OK,SUCCESS,nextIndex:1110,term:3,followerCommit:1087
2019-09-24 16:16:50,476 WARN  server.GrpcLogAppender (GrpcLogAppender.java:onNextImpl(251)) - s2@group-5C26748AB2B1->s0-AppendLogResponseHandler: Request not found, ignoring reply: s2<-s0#1206:OK,SUCCESS,nextIndex:1111,term:3,followerCommit:1109
2019-09-24 16:16:50,476 WARN  server.GrpcLogAppender (GrpcLogAppender.java:onNextImpl(251)) - s2@group-5C26748AB2B1->s0-AppendLogResponseHandler: Request not found, ignoring reply: s2<-s0#1207:OK,SUCCESS,nextIndex:1112,term:3,followerCommit:1087
2019-09-24 16:16:50,476 WARN  server.GrpcLogAppender (GrpcLogAppender.java:onNextImpl(251)) - s2@group-5C26748AB2B1->s0-AppendLogResponseHandler: Request not found, ignoring reply: s2<-s0#1208:OK,SUCCESS,nextIndex:1113,term:3,followerCommit:1109
2019-09-24 16:16:50,476 WARN  server.GrpcLogAppender (GrpcLogAppender.java:onNextImpl(251)) - s2@group-5C26748AB2B1->s0-AppendLogResponseHandler: Request not found, ignoring reply: s2<-s0#1209:OK,SUCCESS,nextIndex:1114,term:3,followerCommit:1087
2019-09-24 16:16:50,476 WARN  server.GrpcLogAppender (GrpcLogAppender.java:onNextImpl(251)) - s2@group-5C26748AB2B1->s0-AppendLogResponseHandler: Request not found, ignoring reply: s2<-s0#1210:OK,SUCCESS,nextIndex:1115,term:3,followerCommit:1109
2019-09-24 16:16:50,477 WARN  server.GrpcLogAppender (GrpcLogAppender.java:onNextImpl(251)) - s2@group-5C26748AB2B1->s0-AppendLogResponseHandler: Request not found, ignoring reply: s2<-s0#1211:OK,SUCCESS,nextIndex:1116,term:3,followerCommit:1109
2019-09-24 16:16:50,477 WARN  server.GrpcLogAppender (GrpcLogAppender.java:onNextImpl(251)) - s2@group-5C26748AB2B1->s0-AppendLogResponseHandler: Request not found, ignoring reply: s2<-s0#1212:OK,SUCCESS,nextIndex:1117,term:3,followerCommit:1109
2019-09-24 16:16:50,477 WARN  server.GrpcLogAppender (GrpcLogAppender.java:onNextImpl(251)) - s2@group-5C26748AB2B1->s0-AppendLogResponseHandler: Request not found, ignoring reply: s2<-s0#1213:OK,SUCCESS,nextIndex:1118,term:3,followerCommit:1087
2019-09-24 16:16:50,477 WARN  server.GrpcLogAppender (GrpcLogAppender.java:onNextImpl(251)) - s2@group-5C26748AB2B1->s0-AppendLogResponseHandler: Request not found, ignoring reply: s2<-s0#1214:OK,SUCCESS,nextIndex:1119,term:3,followerCommit:1109
2019-09-24 16:16:50,477 WARN  server.GrpcLogAppender (GrpcLogAppender.java:onNextImpl(251)) - s2@group-5C26748AB2B1->s0-AppendLogResponseHandler: Request not found, ignoring reply: s2<-s0#1215:OK,SUCCESS,nextIndex:1120,term:3,followerCommit:1109
2019-09-24 16:16:50,477 WARN  server.GrpcLogAppender (GrpcLogAppender.java:onNextImpl(251)) - s2@group-5C26748AB2B1->s0-AppendLogResponseHandler: Request not found, ignoring reply: s2<-s0#1216:OK,SUCCESS,nextIndex:1128,term:3,followerCommit:1087
2019-09-24 16:16:50,477 WARN  server.GrpcLogAppender (GrpcLogAppender.java:onNextImpl(251)) - s2@group-5C26748AB2B1->s0-AppendLogResponseHandler: Request not found, ignoring reply: s2<-s0#1217:OK,SUCCESS,nextIndex:1129,term:3,followerCommit:1121
2019-09-24 16:16:50,478 WARN  server.GrpcLogAppender (GrpcLogAppender.java:onNextImpl(251)) - s2@group-5C26748AB2B1->s0-AppendLogResponseHandler: Request not found, ignoring reply: s2<-s0#1218:OK,SUCCESS,nextIndex:1130,term:3,followerCommit:1121
2019-09-24 16:16:50,478 WARN  server.GrpcLogAppender (GrpcLogAppender.java:onNextImpl(251)) - s2@group-5C26748AB2B1->s0-AppendLogResponseHandler: Request not found, ignoring reply: s2<-s0#1219:OK,SUCCESS,nextIndex:1130,term:3,followerCommit:1087
2019-09-24 16:16:50,478 WARN  server.GrpcLogAppender (GrpcLogAppender.java:onNextImpl(251)) - s2@group-5C26748AB2B1->s0-AppendLogResponseHandler: Request not found, ignoring reply: s2<-s0#1220:OK,SUCCESS,nextIndex:1131,term:3,followerCommit:1109
2019-09-24 16:16:50,478 WARN  server.GrpcLogAppender (GrpcLogAppender.java:onNextImpl(251)) - s2@group-5C26748AB2B1->s0-AppendLogResponseHandler: Request not found, ignoring reply: s2<-s0#1221:OK,SUCCESS,nextIndex:1132,term:3,followerCommit:1121
2019-09-24 16:16:50,478 WARN  server.GrpcLogAppender (GrpcLogAppender.java:onNextImpl(251)) - s2@group-5C26748AB2B1->s0-AppendLogResponseHandler: Request not found, ignoring reply: s2<-s0#1222:OK,SUCCESS,nextIndex:1133,term:3,followerCommit:1121
2019-09-24 16:16:50,478 WARN  server.GrpcLogAppender (GrpcLogAppender.java:onNextImpl(251)) - s2@group-5C26748AB2B1->s0-AppendLogResponseHandler: Request not found, ignoring reply: s2<-s0#1223:OK,SUCCESS,nextIndex:1134,term:3,followerCommit:1121
2019-09-24 16:16:50,478 WARN  server.GrpcLogAppender (GrpcLogAppender.java:onNextImpl(251)) - s2@group-5C26748AB2B1->s0-AppendLogResponseHandler: Request not found, ignoring reply: s2<-s0#1224:OK,SUCCESS,nextIndex:1135,term:3,followerCommit:1121
2019-09-24 16:16:50,479 WARN  server.GrpcLogAppender (GrpcLogAppender.java:onNextImpl(251)) - s2@group-5C26748AB2B1->s0-AppendLogResponseHandler: Request not found, ignoring reply: s2<-s0#1225:OK,SUCCESS,nextIndex:1136,term:3,followerCommit:1121
2019-09-24 16:16:50,479 WARN  server.GrpcLogAppender (GrpcLogAppender.java:onNextImpl(251)) - s2@group-5C26748AB2B1->s0-AppendLogResponseHandler: Request not found, ignoring reply: s2<-s0#1226:OK,SUCCESS,nextIndex:1137,term:3,followerCommit:1121
2019-09-24 16:16:50,479 WARN  server.GrpcLogAppender (GrpcLogAppender.java:onNextImpl(251)) - s2@group-5C26748AB2B1->s0-AppendLogResponseHandler: Request not found, ignoring reply: s2<-s0#1227:OK,SUCCESS,nextIndex:1138,term:3,followerCommit:1121
2019-09-24 16:16:50,479 WARN  server.GrpcLogAppender (GrpcLogAppender.java:onNextImpl(251)) - s2@group-5C26748AB2B1->s0-AppendLogResponseHandler: Request not found, ignoring reply: s2<-s0#1228:OK,SUCCESS,nextIndex:1139,term:3,followerCommit:1121
2019-09-24 16:16:50,479 WARN  server.GrpcLogAppender (GrpcLogAppender.java:onNextImpl(251)) - s2@group-5C26748AB2B1->s0-AppendLogResponseHandler: Request not found, ignoring reply: s2<-s0#1229:OK,SUCCESS,nextIndex:1140,term:3,followerCommit:1121
2019-09-24 16:16:50,620 INFO  impl.FollowerState (FollowerState.java:run(108)) - s2@group-E77E9FD8E08A-FollowerState: change to CANDIDATE, lastRpcTime:207ms, electionTimeout:207ms
2019-09-24 16:16:50,620 INFO  impl.RoleInfo (RoleInfo.java:shutdownFollowerState(121)) - s2: shutdown FollowerState
2019-09-24 16:16:50,620 INFO  impl.RaftServerImpl (RaftServerImpl.java:setRole(170)) - s2@group-E77E9FD8E08A: changes role from  FOLLOWER to CANDIDATE at term 1 for changeToCandidate
2019-09-24 16:16:50,621 INFO  impl.RoleInfo (RoleInfo.java:updateAndGet(143)) - s2: start LeaderElection
2019-09-24 16:16:50,651 INFO  impl.FollowerState (FollowerState.java:run(108)) - s1@group-E77E9FD8E08A-FollowerState: change to CANDIDATE, lastRpcTime:238ms, electionTimeout:238ms
2019-09-24 16:16:50,651 INFO  impl.RoleInfo (RoleInfo.java:shutdownFollowerState(121)) - s1: shutdown FollowerState
2019-09-24 16:16:50,651 INFO  impl.RaftServerImpl (RaftServerImpl.java:setRole(170)) - s1@group-E77E9FD8E08A: changes role from  FOLLOWER to CANDIDATE at term 1 for changeToCandidate
2019-09-24 16:16:50,651 INFO  impl.RoleInfo (RoleInfo.java:updateAndGet(143)) - s1: start LeaderElection
2019-09-24 16:16:50,655 INFO  impl.FollowerState (FollowerState.java:run(108)) - s0@group-E77E9FD8E08A-FollowerState: change to CANDIDATE, lastRpcTime:243ms, electionTimeout:243ms
2019-09-24 16:16:50,655 INFO  impl.RoleInfo (RoleInfo.java:shutdownFollowerState(121)) - s0: shutdown FollowerState
2019-09-24 16:16:50,655 INFO  impl.RaftServerImpl (RaftServerImpl.java:setRole(170)) - s0@group-E77E9FD8E08A: changes role from  FOLLOWER to CANDIDATE at term 1 for changeToCandidate
2019-09-24 16:16:50,656 INFO  impl.RoleInfo (RoleInfo.java:updateAndGet(143)) - s0: start LeaderElection
2019-09-24 16:16:50,872 WARN  ratis.RaftTestUtil (JavaUtils.java:attempt(158)) - FAILED "waitForLeader-null-(expectLeader? true)", attempt #14/100: java.lang.IllegalStateException: No leader yet : printing ALL groups
  s0:  RUNNING CANDIDATE s0@group-E77E9FD8E08A:t2, leader=null, voted=s0, raftlog=s0@group-E77E9FD8E08A-SegmentedRaftLog:OPENED:c-1,f-1,i0, conf=-1: [s0:0.0.0.0:34097, s1:0.0.0.0:42213, s2:0.0.0.0:41839], old=null RUNNING
  s1:  RUNNING CANDIDATE s1@group-E77E9FD8E08A:t2, leader=null, voted=s1, raftlog=s1@group-E77E9FD8E08A-SegmentedRaftLog:OPENED:c-1,f-1,i0, conf=-1: [s0:0.0.0.0:34097, s1:0.0.0.0:42213, s2:0.0.0.0:41839], old=null RUNNING
  s2:  RUNNING CANDIDATE s2@group-E77E9FD8E08A:t2, leader=null, voted=s2, raftlog=s2@group-E77E9FD8E08A-SegmentedRaftLog:OPENED:c-1,f-1,i0, conf=-1: [s0:0.0.0.0:34097, s1:0.0.0.0:42213, s2:0.0.0.0:41839], old=null RUNNING, sleep 450ms and then retry.
java.lang.IllegalStateException: No leader yet : printing ALL groups
  s0:  RUNNING CANDIDATE s0@group-E77E9FD8E08A:t2, leader=null, voted=s0, raftlog=s0@group-E77E9FD8E08A-SegmentedRaftLog:OPENED:c-1,f-1,i0, conf=-1: [s0:0.0.0.0:34097, s1:0.0.0.0:42213, s2:0.0.0.0:41839], old=null RUNNING
  s1:  RUNNING CANDIDATE s1@group-E77E9FD8E08A:t2, leader=null, voted=s1, raftlog=s1@group-E77E9FD8E08A-SegmentedRaftLog:OPENED:c-1,f-1,i0, conf=-1: [s0:0.0.0.0:34097, s1:0.0.0.0:42213, s2:0.0.0.0:41839], old=null RUNNING
  s2:  RUNNING CANDIDATE s2@group-E77E9FD8E08A:t2, leader=null, voted=s2, raftlog=s2@group-E77E9FD8E08A-SegmentedRaftLog:OPENED:c-1,f-1,i0, conf=-1: [s0:0.0.0.0:34097, s1:0.0.0.0:42213, s2:0.0.0.0:41839], old=null RUNNING
	at org.apache.ratis.MiniRaftCluster.newIllegalStateExceptionForNoLeaders(MiniRaftCluster.java:506)
	at org.apache.ratis.RaftTestUtil.lambda$waitForLeader$1(RaftTestUtil.java:90)
	at org.apache.ratis.MiniRaftCluster.getLeader(MiniRaftCluster.java:539)
	at org.apache.ratis.MiniRaftCluster.getLeader(MiniRaftCluster.java:532)
	at org.apache.ratis.RaftTestUtil.lambda$waitForLeader$3(RaftTestUtil.java:98)
	at org.apache.ratis.util.JavaUtils.attempt(JavaUtils.java:152)
	at org.apache.ratis.RaftTestUtil.waitForLeader(RaftTestUtil.java:97)
	at org.apache.ratis.RaftTestUtil.waitForLeader(RaftTestUtil.java:77)
	at org.apache.ratis.RaftTestUtil.waitForLeader(RaftTestUtil.java:72)
	at org.apache.ratis.OutputStreamBaseTest.runTestWriteAndFlush(OutputStreamBaseTest.java:121)
	at org.apache.ratis.MiniRaftCluster$Factory$Get.runWithNewCluster(MiniRaftCluster.java:125)
	at org.apache.ratis.MiniRaftCluster$Factory$Get.runWithNewCluster(MiniRaftCluster.java:113)
	at org.apache.ratis.OutputStreamBaseTest.testWriteAndFlush(OutputStreamBaseTest.java:116)
	at sun.reflect.NativeMethodAccessorImpl.invoke0(Native Method)
	at sun.reflect.NativeMethodAccessorImpl.invoke(NativeMethodAccessorImpl.java:62)
	at sun.reflect.DelegatingMethodAccessorImpl.invoke(DelegatingMethodAccessorImpl.java:43)
	at java.lang.reflect.Method.invoke(Method.java:498)
	at org.junit.runners.model.FrameworkMethod$1.runReflectiveCall(FrameworkMethod.java:50)
	at org.junit.internal.runners.model.ReflectiveCallable.run(ReflectiveCallable.java:12)
	at org.junit.runners.model.FrameworkMethod.invokeExplosively(FrameworkMethod.java:47)
	at org.junit.internal.runners.statements.InvokeMethod.evaluate(InvokeMethod.java:17)
	at org.junit.internal.runners.statements.RunAfters.evaluate(RunAfters.java:27)
	at org.junit.internal.runners.statements.FailOnTimeout$CallableStatement.call(FailOnTimeout.java:298)
	at org.junit.internal.runners.statements.FailOnTimeout$CallableStatement.call(FailOnTimeout.java:292)
	at java.util.concurrent.FutureTask.run(FutureTask.java:266)
	at java.lang.Thread.run(Thread.java:748)
2019-09-24 16:16:51,183 WARN  server.GrpcLogAppender (GrpcLogAppender.java:timeoutAppendRequest(200)) - s2@group-5C26748AB2B1->s0-GrpcLogAppender: appendEntries Timeout, request=s2->s0#1312-t3, previous=(t:3, i:1221), leaderCommit=1121, initializing? false, entries: <empty>
2019-09-24 16:16:51,183 WARN  server.GrpcLogAppender (GrpcLogAppender.java:timeoutAppendRequest(200)) - s2@group-5C26748AB2B1->s1-GrpcLogAppender: appendEntries Timeout, request=s2->s1#1481-t3, previous=(t:3, i:1227), leaderCommit=1121, initializing? false, entries: <empty>
2019-09-24 16:16:51,187 WARN  server.GrpcLogAppender (GrpcLogAppender.java:timeoutAppendRequest(200)) - s2@group-5C26748AB2B1->s0-GrpcLogAppender: appendEntries Timeout, request=s2->s0#1313-t3, previous=(t:3, i:1221), leaderCommit=1121, initializing? false, entries: size=6, first=(t:3, i:1222), STATEMACHINELOGENTRY, client-EDB41257C35F, cid=917
2019-09-24 16:16:51,257 WARN  server.GrpcLogAppender (GrpcLogAppender.java:timeoutAppendRequest(200)) - s2@group-5C26748AB2B1->s0-GrpcLogAppender: appendEntries Timeout, request=s2->s0#1314-t3, previous=(t:3, i:1227), leaderCommit=1121, initializing? false, entries: <empty>
2019-09-24 16:16:51,258 WARN  server.GrpcLogAppender (GrpcLogAppender.java:timeoutAppendRequest(200)) - s2@group-5C26748AB2B1->s1-GrpcLogAppender: appendEntries Timeout, request=s2->s1#1482-t3, previous=(t:3, i:1227), leaderCommit=1121, initializing? false, entries: <empty>
2019-09-24 16:16:51,325 WARN  ratis.RaftTestUtil (JavaUtils.java:attempt(158)) - FAILED "waitForLeader-null-(expectLeader? true)", attempt #15/100: java.lang.IllegalStateException: No leader yet : printing ALL groups
  s0:  RUNNING CANDIDATE s0@group-E77E9FD8E08A:t2, leader=null, voted=s0, raftlog=s0@group-E77E9FD8E08A-SegmentedRaftLog:OPENED:c-1,f-1,i0, conf=-1: [s0:0.0.0.0:34097, s1:0.0.0.0:42213, s2:0.0.0.0:41839], old=null RUNNING
  s1:  RUNNING CANDIDATE s1@group-E77E9FD8E08A:t2, leader=null, voted=s1, raftlog=s1@group-E77E9FD8E08A-SegmentedRaftLog:OPENED:c-1,f-1,i0, conf=-1: [s0:0.0.0.0:34097, s1:0.0.0.0:42213, s2:0.0.0.0:41839], old=null RUNNING
  s2:  RUNNING CANDIDATE s2@group-E77E9FD8E08A:t2, leader=null, voted=s2, raftlog=s2@group-E77E9FD8E08A-SegmentedRaftLog:OPENED:c-1,f-1,i0, conf=-1: [s0:0.0.0.0:34097, s1:0.0.0.0:42213, s2:0.0.0.0:41839], old=null RUNNING, sleep 450ms and then retry.
java.lang.IllegalStateException: No leader yet : printing ALL groups
  s0:  RUNNING CANDIDATE s0@group-E77E9FD8E08A:t2, leader=null, voted=s0, raftlog=s0@group-E77E9FD8E08A-SegmentedRaftLog:OPENED:c-1,f-1,i0, conf=-1: [s0:0.0.0.0:34097, s1:0.0.0.0:42213, s2:0.0.0.0:41839], old=null RUNNING
  s1:  RUNNING CANDIDATE s1@group-E77E9FD8E08A:t2, leader=null, voted=s1, raftlog=s1@group-E77E9FD8E08A-SegmentedRaftLog:OPENED:c-1,f-1,i0, conf=-1: [s0:0.0.0.0:34097, s1:0.0.0.0:42213, s2:0.0.0.0:41839], old=null RUNNING
  s2:  RUNNING CANDIDATE s2@group-E77E9FD8E08A:t2, leader=null, voted=s2, raftlog=s2@group-E77E9FD8E08A-SegmentedRaftLog:OPENED:c-1,f-1,i0, conf=-1: [s0:0.0.0.0:34097, s1:0.0.0.0:42213, s2:0.0.0.0:41839], old=null RUNNING
	at org.apache.ratis.MiniRaftCluster.newIllegalStateExceptionForNoLeaders(MiniRaftCluster.java:506)
	at org.apache.ratis.RaftTestUtil.lambda$waitForLeader$1(RaftTestUtil.java:90)
	at org.apache.ratis.MiniRaftCluster.getLeader(MiniRaftCluster.java:539)
	at org.apache.ratis.MiniRaftCluster.getLeader(MiniRaftCluster.java:532)
	at org.apache.ratis.RaftTestUtil.lambda$waitForLeader$3(RaftTestUtil.java:98)
	at org.apache.ratis.util.JavaUtils.attempt(JavaUtils.java:152)
	at org.apache.ratis.RaftTestUtil.waitForLeader(RaftTestUtil.java:97)
	at org.apache.ratis.RaftTestUtil.waitForLeader(RaftTestUtil.java:77)
	at org.apache.ratis.RaftTestUtil.waitForLeader(RaftTestUtil.java:72)
	at org.apache.ratis.OutputStreamBaseTest.runTestWriteAndFlush(OutputStreamBaseTest.java:121)
	at org.apache.ratis.MiniRaftCluster$Factory$Get.runWithNewCluster(MiniRaftCluster.java:125)
	at org.apache.ratis.MiniRaftCluster$Factory$Get.runWithNewCluster(MiniRaftCluster.java:113)
	at org.apache.ratis.OutputStreamBaseTest.testWriteAndFlush(OutputStreamBaseTest.java:116)
	at sun.reflect.NativeMethodAccessorImpl.invoke0(Native Method)
	at sun.reflect.NativeMethodAccessorImpl.invoke(NativeMethodAccessorImpl.java:62)
	at sun.reflect.DelegatingMethodAccessorImpl.invoke(DelegatingMethodAccessorImpl.java:43)
	at java.lang.reflect.Method.invoke(Method.java:498)
	at org.junit.runners.model.FrameworkMethod$1.runReflectiveCall(FrameworkMethod.java:50)
	at org.junit.internal.runners.model.ReflectiveCallable.run(ReflectiveCallable.java:12)
	at org.junit.runners.model.FrameworkMethod.invokeExplosively(FrameworkMethod.java:47)
	at org.junit.internal.runners.statements.InvokeMethod.evaluate(InvokeMethod.java:17)
	at org.junit.internal.runners.statements.RunAfters.evaluate(RunAfters.java:27)
	at org.junit.internal.runners.statements.FailOnTimeout$CallableStatement.call(FailOnTimeout.java:298)
	at org.junit.internal.runners.statements.FailOnTimeout$CallableStatement.call(FailOnTimeout.java:292)
	at java.util.concurrent.FutureTask.run(FutureTask.java:266)
	at java.lang.Thread.run(Thread.java:748)
2019-09-24 16:16:51,334 WARN  server.GrpcLogAppender (GrpcLogAppender.java:timeoutAppendRequest(200)) - s2@group-5C26748AB2B1->s1-GrpcLogAppender: appendEntries Timeout, request=s2->s1#1483-t3, previous=(t:3, i:1227), leaderCommit=1121, initializing? false, entries: <empty>
2019-09-24 16:16:51,334 WARN  server.GrpcLogAppender (GrpcLogAppender.java:timeoutAppendRequest(200)) - s2@group-5C26748AB2B1->s0-GrpcLogAppender: appendEntries Timeout, request=s2->s0#1315-t3, previous=(t:3, i:1227), leaderCommit=1121, initializing? false, entries: <empty>
2019-09-24 16:16:51,409 WARN  server.GrpcLogAppender (GrpcLogAppender.java:timeoutAppendRequest(200)) - s2@group-5C26748AB2B1->s1-GrpcLogAppender: appendEntries Timeout, request=s2->s1#1484-t3, previous=(t:3, i:1227), leaderCommit=1121, initializing? false, entries: <empty>
2019-09-24 16:16:51,409 WARN  server.GrpcLogAppender (GrpcLogAppender.java:timeoutAppendRequest(200)) - s2@group-5C26748AB2B1->s0-GrpcLogAppender: appendEntries Timeout, request=s2->s0#1316-t3, previous=(t:3, i:1227), leaderCommit=1121, initializing? false, entries: <empty>
2019-09-24 16:16:51,439 DEBUG client.GrpcClientProtocolService (GrpcClientProtocolService.java:responseError(257)) - 23-OrderedRequestStreamObserver23: Failed onNext for client-EDB41257C35F->s2#823-824* in 23-OrderedRequestStreamObserver23
java.lang.IllegalStateException: Entry already exists for key 824 in map SlidingWindow$Server:23-OrderedRequestStreamObserver23:requests
	at org.apache.ratis.util.Preconditions.assertTrue(Preconditions.java:75)
	at org.apache.ratis.util.CollectionUtils.putNew(CollectionUtils.java:94)
	at org.apache.ratis.util.SlidingWindow$RequestMap.putNewRequest(SlidingWindow.java:126)
	at org.apache.ratis.util.SlidingWindow$Server.receivedRequest(SlidingWindow.java:420)
	at org.apache.ratis.grpc.client.GrpcClientProtocolService$OrderedRequestStreamObserver.processClientRequest(GrpcClientProtocolService.java:345)
	at org.apache.ratis.grpc.client.GrpcClientProtocolService$RequestStreamObserver.onNext(GrpcClientProtocolService.java:240)
	at org.apache.ratis.grpc.client.GrpcClientProtocolService$RequestStreamObserver.onNext(GrpcClientProtocolService.java:168)
	at org.apache.ratis.thirdparty.io.grpc.stub.ServerCalls$StreamingServerCallHandler$StreamingServerCallListener.onMessage(ServerCalls.java:248)
	at org.apache.ratis.thirdparty.io.grpc.internal.ServerCallImpl$ServerStreamListenerImpl.messagesAvailable(ServerCallImpl.java:263)
	at org.apache.ratis.thirdparty.io.grpc.internal.ServerImpl$JumpToApplicationThreadServerStreamListener$1MessagesAvailable.runInContext(ServerImpl.java:686)
	at org.apache.ratis.thirdparty.io.grpc.internal.ContextRunnable.run(ContextRunnable.java:37)
	at org.apache.ratis.thirdparty.io.grpc.internal.SerializingExecutor.run(SerializingExecutor.java:123)
	at java.util.concurrent.ThreadPoolExecutor.runWorker(ThreadPoolExecutor.java:1149)
	at java.util.concurrent.ThreadPoolExecutor$Worker.run(ThreadPoolExecutor.java:624)
	at java.lang.Thread.run(Thread.java:748)
2019-09-24 16:16:51,484 WARN  server.GrpcLogAppender (GrpcLogAppender.java:timeoutAppendRequest(200)) - s2@group-5C26748AB2B1->s1-GrpcLogAppender: appendEntries Timeout, request=s2->s1#1485-t3, previous=(t:3, i:1227), leaderCommit=1121, initializing? false, entries: <empty>
2019-09-24 16:16:51,484 WARN  server.GrpcLogAppender (GrpcLogAppender.java:timeoutAppendRequest(200)) - s2@group-5C26748AB2B1->s0-GrpcLogAppender: appendEntries Timeout, request=s2->s0#1317-t3, previous=(t:3, i:1227), leaderCommit=1121, initializing? false, entries: <empty>
2019-09-24 16:16:51,559 DEBUG client.GrpcClientProtocolService (GrpcClientProtocolService.java:<init>(175)) - new 5-OrderedRequestStreamObserver5
2019-09-24 16:16:51,559 WARN  server.GrpcLogAppender (GrpcLogAppender.java:timeoutAppendRequest(200)) - s2@group-5C26748AB2B1->s1-GrpcLogAppender: appendEntries Timeout, request=s2->s1#1486-t3, previous=(t:3, i:1227), leaderCommit=1121, initializing? false, entries: <empty>
2019-09-24 16:16:51,559 WARN  server.GrpcLogAppender (GrpcLogAppender.java:timeoutAppendRequest(200)) - s2@group-5C26748AB2B1->s0-GrpcLogAppender: appendEntries Timeout, request=s2->s0#1318-t3, previous=(t:3, i:1227), leaderCommit=1121, initializing? false, entries: <empty>
2019-09-24 16:16:51,561 DEBUG client.GrpcClientProtocolService (GrpcClientProtocolService.java:sendReply(353)) - 5-OrderedRequestStreamObserver5: sendReply seq=824, RaftClientReply:client-EDB41257C35F->s1@group-5C26748AB2B1, cid=823, FAILED org.apache.ratis.protocol.NotLeaderException: Server s1@group-5C26748AB2B1 is not the leader s2:0.0.0.0:34862, logIndex=0, commits[s1:c1121, s0:c1087, s2:c1121]
2019-09-24 16:16:51,565 DEBUG client.GrpcClientProtocolService (GrpcClientProtocolService.java:close(374)) - 5-OrderedRequestStreamObserver5: close
2019-09-24 16:16:51,570 DEBUG client.GrpcClientProtocolService (GrpcClientProtocolService.java:<init>(175)) - new 24-OrderedRequestStreamObserver24
2019-09-24 16:16:51,634 WARN  server.GrpcLogAppender (GrpcLogAppender.java:timeoutAppendRequest(200)) - s2@group-5C26748AB2B1->s1-GrpcLogAppender: appendEntries Timeout, request=s2->s1#1487-t3, previous=(t:3, i:1227), leaderCommit=1121, initializing? false, entries: <empty>
2019-09-24 16:16:51,635 WARN  server.GrpcLogAppender (GrpcLogAppender.java:timeoutAppendRequest(200)) - s2@group-5C26748AB2B1->s0-GrpcLogAppender: appendEntries Timeout, request=s2->s0#1319-t3, previous=(t:3, i:1227), leaderCommit=1121, initializing? false, entries: <empty>
2019-09-24 16:16:51,710 WARN  server.GrpcLogAppender (GrpcLogAppender.java:timeoutAppendRequest(200)) - s2@group-5C26748AB2B1->s1-GrpcLogAppender: appendEntries Timeout, request=s2->s1#1488-t3, previous=(t:3, i:1227), leaderCommit=1121, initializing? false, entries: <empty>
2019-09-24 16:16:51,710 WARN  server.GrpcLogAppender (GrpcLogAppender.java:timeoutAppendRequest(200)) - s2@group-5C26748AB2B1->s0-GrpcLogAppender: appendEntries Timeout, request=s2->s0#1320-t3, previous=(t:3, i:1227), leaderCommit=1121, initializing? false, entries: <empty>
2019-09-24 16:16:51,777 WARN  ratis.RaftTestUtil (JavaUtils.java:attempt(158)) - FAILED "waitForLeader-null-(expectLeader? true)", attempt #16/100: java.lang.IllegalStateException: No leader yet : printing ALL groups
  s0:  RUNNING CANDIDATE s0@group-E77E9FD8E08A:t2, leader=null, voted=s0, raftlog=s0@group-E77E9FD8E08A-SegmentedRaftLog:OPENED:c-1,f-1,i0, conf=-1: [s0:0.0.0.0:34097, s1:0.0.0.0:42213, s2:0.0.0.0:41839], old=null RUNNING
  s1:  RUNNING CANDIDATE s1@group-E77E9FD8E08A:t2, leader=null, voted=s1, raftlog=s1@group-E77E9FD8E08A-SegmentedRaftLog:OPENED:c-1,f-1,i0, conf=-1: [s0:0.0.0.0:34097, s1:0.0.0.0:42213, s2:0.0.0.0:41839], old=null RUNNING
  s2:  RUNNING CANDIDATE s2@group-E77E9FD8E08A:t2, leader=null, voted=s2, raftlog=s2@group-E77E9FD8E08A-SegmentedRaftLog:OPENED:c-1,f-1,i0, conf=-1: [s0:0.0.0.0:34097, s1:0.0.0.0:42213, s2:0.0.0.0:41839], old=null RUNNING, sleep 450ms and then retry.
java.lang.IllegalStateException: No leader yet : printing ALL groups
  s0:  RUNNING CANDIDATE s0@group-E77E9FD8E08A:t2, leader=null, voted=s0, raftlog=s0@group-E77E9FD8E08A-SegmentedRaftLog:OPENED:c-1,f-1,i0, conf=-1: [s0:0.0.0.0:34097, s1:0.0.0.0:42213, s2:0.0.0.0:41839], old=null RUNNING
  s1:  RUNNING CANDIDATE s1@group-E77E9FD8E08A:t2, leader=null, voted=s1, raftlog=s1@group-E77E9FD8E08A-SegmentedRaftLog:OPENED:c-1,f-1,i0, conf=-1: [s0:0.0.0.0:34097, s1:0.0.0.0:42213, s2:0.0.0.0:41839], old=null RUNNING
  s2:  RUNNING CANDIDATE s2@group-E77E9FD8E08A:t2, leader=null, voted=s2, raftlog=s2@group-E77E9FD8E08A-SegmentedRaftLog:OPENED:c-1,f-1,i0, conf=-1: [s0:0.0.0.0:34097, s1:0.0.0.0:42213, s2:0.0.0.0:41839], old=null RUNNING
	at org.apache.ratis.MiniRaftCluster.newIllegalStateExceptionForNoLeaders(MiniRaftCluster.java:506)
	at org.apache.ratis.RaftTestUtil.lambda$waitForLeader$1(RaftTestUtil.java:90)
	at org.apache.ratis.MiniRaftCluster.getLeader(MiniRaftCluster.java:539)
	at org.apache.ratis.MiniRaftCluster.getLeader(MiniRaftCluster.java:532)
	at org.apache.ratis.RaftTestUtil.lambda$waitForLeader$3(RaftTestUtil.java:98)
	at org.apache.ratis.util.JavaUtils.attempt(JavaUtils.java:152)
	at org.apache.ratis.RaftTestUtil.waitForLeader(RaftTestUtil.java:97)
	at org.apache.ratis.RaftTestUtil.waitForLeader(RaftTestUtil.java:77)
	at org.apache.ratis.RaftTestUtil.waitForLeader(RaftTestUtil.java:72)
	at org.apache.ratis.OutputStreamBaseTest.runTestWriteAndFlush(OutputStreamBaseTest.java:121)
	at org.apache.ratis.MiniRaftCluster$Factory$Get.runWithNewCluster(MiniRaftCluster.java:125)
	at org.apache.ratis.MiniRaftCluster$Factory$Get.runWithNewCluster(MiniRaftCluster.java:113)
	at org.apache.ratis.OutputStreamBaseTest.testWriteAndFlush(OutputStreamBaseTest.java:116)
	at sun.reflect.NativeMethodAccessorImpl.invoke0(Native Method)
	at sun.reflect.NativeMethodAccessorImpl.invoke(NativeMethodAccessorImpl.java:62)
	at sun.reflect.DelegatingMethodAccessorImpl.invoke(DelegatingMethodAccessorImpl.java:43)
	at java.lang.reflect.Method.invoke(Method.java:498)
	at org.junit.runners.model.FrameworkMethod$1.runReflectiveCall(FrameworkMethod.java:50)
	at org.junit.internal.runners.model.ReflectiveCallable.run(ReflectiveCallable.java:12)
	at org.junit.runners.model.FrameworkMethod.invokeExplosively(FrameworkMethod.java:47)
	at org.junit.internal.runners.statements.InvokeMethod.evaluate(InvokeMethod.java:17)
	at org.junit.internal.runners.statements.RunAfters.evaluate(RunAfters.java:27)
	at org.junit.internal.runners.statements.FailOnTimeout$CallableStatement.call(FailOnTimeout.java:298)
	at org.junit.internal.runners.statements.FailOnTimeout$CallableStatement.call(FailOnTimeout.java:292)
	at java.util.concurrent.FutureTask.run(FutureTask.java:266)
	at java.lang.Thread.run(Thread.java:748)
2019-09-24 16:16:51,785 WARN  server.GrpcLogAppender (GrpcLogAppender.java:timeoutAppendRequest(200)) - s2@group-5C26748AB2B1->s1-GrpcLogAppender: appendEntries Timeout, request=s2->s1#1489-t3, previous=(t:3, i:1227), leaderCommit=1121, initializing? false, entries: <empty>
2019-09-24 16:16:51,785 WARN  server.GrpcLogAppender (GrpcLogAppender.java:timeoutAppendRequest(200)) - s2@group-5C26748AB2B1->s0-GrpcLogAppender: appendEntries Timeout, request=s2->s0#1321-t3, previous=(t:3, i:1227), leaderCommit=1121, initializing? false, entries: <empty>
2019-09-24 16:16:51,861 WARN  server.GrpcLogAppender (GrpcLogAppender.java:timeoutAppendRequest(200)) - s2@group-5C26748AB2B1->s1-GrpcLogAppender: appendEntries Timeout, request=s2->s1#1490-t3, previous=(t:3, i:1227), leaderCommit=1121, initializing? false, entries: <empty>
2019-09-24 16:16:51,861 WARN  server.GrpcLogAppender (GrpcLogAppender.java:timeoutAppendRequest(200)) - s2@group-5C26748AB2B1->s0-GrpcLogAppender: appendEntries Timeout, request=s2->s0#1322-t3, previous=(t:3, i:1227), leaderCommit=1121, initializing? false, entries: <empty>
2019-09-24 16:16:51,936 WARN  server.GrpcLogAppender (GrpcLogAppender.java:timeoutAppendRequest(200)) - s2@group-5C26748AB2B1->s0-GrpcLogAppender: appendEntries Timeout, request=s2->s0#1323-t3, previous=(t:3, i:1227), leaderCommit=1121, initializing? false, entries: <empty>
2019-09-24 16:16:51,936 WARN  server.GrpcLogAppender (GrpcLogAppender.java:timeoutAppendRequest(200)) - s2@group-5C26748AB2B1->s1-GrpcLogAppender: appendEntries Timeout, request=s2->s1#1491-t3, previous=(t:3, i:1227), leaderCommit=1121, initializing? false, entries: <empty>
2019-09-24 16:16:52,011 WARN  server.GrpcLogAppender (GrpcLogAppender.java:timeoutAppendRequest(200)) - s2@group-5C26748AB2B1->s0-GrpcLogAppender: appendEntries Timeout, request=s2->s0#1324-t3, previous=(t:3, i:1227), leaderCommit=1121, initializing? false, entries: <empty>
2019-09-24 16:16:52,012 WARN  server.GrpcLogAppender (GrpcLogAppender.java:timeoutAppendRequest(200)) - s2@group-5C26748AB2B1->s1-GrpcLogAppender: appendEntries Timeout, request=s2->s1#1492-t3, previous=(t:3, i:1227), leaderCommit=1121, initializing? false, entries: <empty>
2019-09-24 16:16:52,087 WARN  server.GrpcLogAppender (GrpcLogAppender.java:timeoutAppendRequest(200)) - s2@group-5C26748AB2B1->s0-GrpcLogAppender: appendEntries Timeout, request=s2->s0#1325-t3, previous=(t:3, i:1227), leaderCommit=1121, initializing? false, entries: <empty>
2019-09-24 16:16:52,087 WARN  server.GrpcLogAppender (GrpcLogAppender.java:timeoutAppendRequest(200)) - s2@group-5C26748AB2B1->s1-GrpcLogAppender: appendEntries Timeout, request=s2->s1#1493-t3, previous=(t:3, i:1227), leaderCommit=1121, initializing? false, entries: <empty>
2019-09-24 16:16:52,162 WARN  server.GrpcLogAppender (GrpcLogAppender.java:timeoutAppendRequest(200)) - s2@group-5C26748AB2B1->s1-GrpcLogAppender: appendEntries Timeout, request=s2->s1#1494-t3, previous=(t:3, i:1227), leaderCommit=1121, initializing? false, entries: <empty>
2019-09-24 16:16:52,162 WARN  server.GrpcLogAppender (GrpcLogAppender.java:timeoutAppendRequest(200)) - s2@group-5C26748AB2B1->s0-GrpcLogAppender: appendEntries Timeout, request=s2->s0#1326-t3, previous=(t:3, i:1227), leaderCommit=1121, initializing? false, entries: <empty>
2019-09-24 16:16:52,229 WARN  ratis.RaftTestUtil (JavaUtils.java:attempt(158)) - FAILED "waitForLeader-null-(expectLeader? true)", attempt #17/100: java.lang.IllegalStateException: No leader yet : printing ALL groups
  s0:  RUNNING CANDIDATE s0@group-E77E9FD8E08A:t2, leader=null, voted=s0, raftlog=s0@group-E77E9FD8E08A-SegmentedRaftLog:OPENED:c-1,f-1,i0, conf=-1: [s0:0.0.0.0:34097, s1:0.0.0.0:42213, s2:0.0.0.0:41839], old=null RUNNING
  s1:  RUNNING CANDIDATE s1@group-E77E9FD8E08A:t2, leader=null, voted=s1, raftlog=s1@group-E77E9FD8E08A-SegmentedRaftLog:OPENED:c-1,f-1,i0, conf=-1: [s0:0.0.0.0:34097, s1:0.0.0.0:42213, s2:0.0.0.0:41839], old=null RUNNING
  s2:  RUNNING CANDIDATE s2@group-E77E9FD8E08A:t2, leader=null, voted=s2, raftlog=s2@group-E77E9FD8E08A-SegmentedRaftLog:OPENED:c-1,f-1,i0, conf=-1: [s0:0.0.0.0:34097, s1:0.0.0.0:42213, s2:0.0.0.0:41839], old=null RUNNING, sleep 450ms and then retry.
java.lang.IllegalStateException: No leader yet : printing ALL groups
  s0:  RUNNING CANDIDATE s0@group-E77E9FD8E08A:t2, leader=null, voted=s0, raftlog=s0@group-E77E9FD8E08A-SegmentedRaftLog:OPENED:c-1,f-1,i0, conf=-1: [s0:0.0.0.0:34097, s1:0.0.0.0:42213, s2:0.0.0.0:41839], old=null RUNNING
  s1:  RUNNING CANDIDATE s1@group-E77E9FD8E08A:t2, leader=null, voted=s1, raftlog=s1@group-E77E9FD8E08A-SegmentedRaftLog:OPENED:c-1,f-1,i0, conf=-1: [s0:0.0.0.0:34097, s1:0.0.0.0:42213, s2:0.0.0.0:41839], old=null RUNNING
  s2:  RUNNING CANDIDATE s2@group-E77E9FD8E08A:t2, leader=null, voted=s2, raftlog=s2@group-E77E9FD8E08A-SegmentedRaftLog:OPENED:c-1,f-1,i0, conf=-1: [s0:0.0.0.0:34097, s1:0.0.0.0:42213, s2:0.0.0.0:41839], old=null RUNNING
	at org.apache.ratis.MiniRaftCluster.newIllegalStateExceptionForNoLeaders(MiniRaftCluster.java:506)
	at org.apache.ratis.RaftTestUtil.lambda$waitForLeader$1(RaftTestUtil.java:90)
	at org.apache.ratis.MiniRaftCluster.getLeader(MiniRaftCluster.java:539)
	at org.apache.ratis.MiniRaftCluster.getLeader(MiniRaftCluster.java:532)
	at org.apache.ratis.RaftTestUtil.lambda$waitForLeader$3(RaftTestUtil.java:98)
	at org.apache.ratis.util.JavaUtils.attempt(JavaUtils.java:152)
	at org.apache.ratis.RaftTestUtil.waitForLeader(RaftTestUtil.java:97)
	at org.apache.ratis.RaftTestUtil.waitForLeader(RaftTestUtil.java:77)
	at org.apache.ratis.RaftTestUtil.waitForLeader(RaftTestUtil.java:72)
	at org.apache.ratis.OutputStreamBaseTest.runTestWriteAndFlush(OutputStreamBaseTest.java:121)
	at org.apache.ratis.MiniRaftCluster$Factory$Get.runWithNewCluster(MiniRaftCluster.java:125)
	at org.apache.ratis.MiniRaftCluster$Factory$Get.runWithNewCluster(MiniRaftCluster.java:113)
	at org.apache.ratis.OutputStreamBaseTest.testWriteAndFlush(OutputStreamBaseTest.java:116)
	at sun.reflect.NativeMethodAccessorImpl.invoke0(Native Method)
	at sun.reflect.NativeMethodAccessorImpl.invoke(NativeMethodAccessorImpl.java:62)
	at sun.reflect.DelegatingMethodAccessorImpl.invoke(DelegatingMethodAccessorImpl.java:43)
	at java.lang.reflect.Method.invoke(Method.java:498)
	at org.junit.runners.model.FrameworkMethod$1.runReflectiveCall(FrameworkMethod.java:50)
	at org.junit.internal.runners.model.ReflectiveCallable.run(ReflectiveCallable.java:12)
	at org.junit.runners.model.FrameworkMethod.invokeExplosively(FrameworkMethod.java:47)
	at org.junit.internal.runners.statements.InvokeMethod.evaluate(InvokeMethod.java:17)
	at org.junit.internal.runners.statements.RunAfters.evaluate(RunAfters.java:27)
	at org.junit.internal.runners.statements.FailOnTimeout$CallableStatement.call(FailOnTimeout.java:298)
	at org.junit.internal.runners.statements.FailOnTimeout$CallableStatement.call(FailOnTimeout.java:292)
	at java.util.concurrent.FutureTask.run(FutureTask.java:266)
	at java.lang.Thread.run(Thread.java:748)
2019-09-24 16:16:52,237 WARN  server.GrpcLogAppender (GrpcLogAppender.java:timeoutAppendRequest(200)) - s2@group-5C26748AB2B1->s1-GrpcLogAppender: appendEntries Timeout, request=s2->s1#1495-t3, previous=(t:3, i:1227), leaderCommit=1121, initializing? false, entries: <empty>
2019-09-24 16:16:52,237 WARN  server.GrpcLogAppender (GrpcLogAppender.java:timeoutAppendRequest(200)) - s2@group-5C26748AB2B1->s0-GrpcLogAppender: appendEntries Timeout, request=s2->s0#1327-t3, previous=(t:3, i:1227), leaderCommit=1121, initializing? false, entries: <empty>
2019-09-24 16:16:52,312 WARN  server.GrpcLogAppender (GrpcLogAppender.java:timeoutAppendRequest(200)) - s2@group-5C26748AB2B1->s1-GrpcLogAppender: appendEntries Timeout, request=s2->s1#1496-t3, previous=(t:3, i:1227), leaderCommit=1121, initializing? false, entries: <empty>
2019-09-24 16:16:52,312 WARN  server.GrpcLogAppender (GrpcLogAppender.java:timeoutAppendRequest(200)) - s2@group-5C26748AB2B1->s0-GrpcLogAppender: appendEntries Timeout, request=s2->s0#1328-t3, previous=(t:3, i:1227), leaderCommit=1121, initializing? false, entries: <empty>
2019-09-24 16:16:52,388 WARN  server.GrpcLogAppender (GrpcLogAppender.java:timeoutAppendRequest(200)) - s2@group-5C26748AB2B1->s0-GrpcLogAppender: appendEntries Timeout, request=s2->s0#1329-t3, previous=(t:3, i:1227), leaderCommit=1121, initializing? false, entries: <empty>
2019-09-24 16:16:52,388 WARN  server.GrpcLogAppender (GrpcLogAppender.java:timeoutAppendRequest(200)) - s2@group-5C26748AB2B1->s1-GrpcLogAppender: appendEntries Timeout, request=s2->s1#1497-t3, previous=(t:3, i:1227), leaderCommit=1121, initializing? false, entries: <empty>
2019-09-24 16:16:52,463 WARN  server.GrpcLogAppender (GrpcLogAppender.java:timeoutAppendRequest(200)) - s2@group-5C26748AB2B1->s0-GrpcLogAppender: appendEntries Timeout, request=s2->s0#1330-t3, previous=(t:3, i:1227), leaderCommit=1121, initializing? false, entries: <empty>
2019-09-24 16:16:52,463 WARN  server.GrpcLogAppender (GrpcLogAppender.java:timeoutAppendRequest(200)) - s2@group-5C26748AB2B1->s1-GrpcLogAppender: appendEntries Timeout, request=s2->s1#1498-t3, previous=(t:3, i:1227), leaderCommit=1121, initializing? false, entries: <empty>
2019-09-24 16:16:52,538 WARN  server.GrpcLogAppender (GrpcLogAppender.java:timeoutAppendRequest(200)) - s2@group-5C26748AB2B1->s0-GrpcLogAppender: appendEntries Timeout, request=s2->s0#1331-t3, previous=(t:3, i:1227), leaderCommit=1121, initializing? false, entries: <empty>
2019-09-24 16:16:52,538 WARN  server.GrpcLogAppender (GrpcLogAppender.java:timeoutAppendRequest(200)) - s2@group-5C26748AB2B1->s1-GrpcLogAppender: appendEntries Timeout, request=s2->s1#1499-t3, previous=(t:3, i:1227), leaderCommit=1121, initializing? false, entries: <empty>
2019-09-24 16:16:52,613 WARN  server.GrpcLogAppender (GrpcLogAppender.java:timeoutAppendRequest(200)) - s2@group-5C26748AB2B1->s0-GrpcLogAppender: appendEntries Timeout, request=s2->s0#1332-t3, previous=(t:3, i:1227), leaderCommit=1121, initializing? false, entries: <empty>
2019-09-24 16:16:52,613 WARN  server.GrpcLogAppender (GrpcLogAppender.java:timeoutAppendRequest(200)) - s2@group-5C26748AB2B1->s1-GrpcLogAppender: appendEntries Timeout, request=s2->s1#1500-t3, previous=(t:3, i:1227), leaderCommit=1121, initializing? false, entries: <empty>
2019-09-24 16:16:52,680 WARN  ratis.RaftTestUtil (JavaUtils.java:attempt(158)) - FAILED "waitForLeader-null-(expectLeader? true)", attempt #18/100: java.lang.IllegalStateException: No leader yet : printing ALL groups
  s0:  RUNNING CANDIDATE s0@group-E77E9FD8E08A:t2, leader=null, voted=s0, raftlog=s0@group-E77E9FD8E08A-SegmentedRaftLog:OPENED:c-1,f-1,i0, conf=-1: [s0:0.0.0.0:34097, s1:0.0.0.0:42213, s2:0.0.0.0:41839], old=null RUNNING
  s1:  RUNNING CANDIDATE s1@group-E77E9FD8E08A:t2, leader=null, voted=s1, raftlog=s1@group-E77E9FD8E08A-SegmentedRaftLog:OPENED:c-1,f-1,i0, conf=-1: [s0:0.0.0.0:34097, s1:0.0.0.0:42213, s2:0.0.0.0:41839], old=null RUNNING
  s2:  RUNNING CANDIDATE s2@group-E77E9FD8E08A:t2, leader=null, voted=s2, raftlog=s2@group-E77E9FD8E08A-SegmentedRaftLog:OPENED:c-1,f-1,i0, conf=-1: [s0:0.0.0.0:34097, s1:0.0.0.0:42213, s2:0.0.0.0:41839], old=null RUNNING, sleep 450ms and then retry.
java.lang.IllegalStateException: No leader yet : printing ALL groups
  s0:  RUNNING CANDIDATE s0@group-E77E9FD8E08A:t2, leader=null, voted=s0, raftlog=s0@group-E77E9FD8E08A-SegmentedRaftLog:OPENED:c-1,f-1,i0, conf=-1: [s0:0.0.0.0:34097, s1:0.0.0.0:42213, s2:0.0.0.0:41839], old=null RUNNING
  s1:  RUNNING CANDIDATE s1@group-E77E9FD8E08A:t2, leader=null, voted=s1, raftlog=s1@group-E77E9FD8E08A-SegmentedRaftLog:OPENED:c-1,f-1,i0, conf=-1: [s0:0.0.0.0:34097, s1:0.0.0.0:42213, s2:0.0.0.0:41839], old=null RUNNING
  s2:  RUNNING CANDIDATE s2@group-E77E9FD8E08A:t2, leader=null, voted=s2, raftlog=s2@group-E77E9FD8E08A-SegmentedRaftLog:OPENED:c-1,f-1,i0, conf=-1: [s0:0.0.0.0:34097, s1:0.0.0.0:42213, s2:0.0.0.0:41839], old=null RUNNING
	at org.apache.ratis.MiniRaftCluster.newIllegalStateExceptionForNoLeaders(MiniRaftCluster.java:506)
	at org.apache.ratis.RaftTestUtil.lambda$waitForLeader$1(RaftTestUtil.java:90)
	at org.apache.ratis.MiniRaftCluster.getLeader(MiniRaftCluster.java:539)
	at org.apache.ratis.MiniRaftCluster.getLeader(MiniRaftCluster.java:532)
	at org.apache.ratis.RaftTestUtil.lambda$waitForLeader$3(RaftTestUtil.java:98)
	at org.apache.ratis.util.JavaUtils.attempt(JavaUtils.java:152)
	at org.apache.ratis.RaftTestUtil.waitForLeader(RaftTestUtil.java:97)
	at org.apache.ratis.RaftTestUtil.waitForLeader(RaftTestUtil.java:77)
	at org.apache.ratis.RaftTestUtil.waitForLeader(RaftTestUtil.java:72)
	at org.apache.ratis.OutputStreamBaseTest.runTestWriteAndFlush(OutputStreamBaseTest.java:121)
	at org.apache.ratis.MiniRaftCluster$Factory$Get.runWithNewCluster(MiniRaftCluster.java:125)
	at org.apache.ratis.MiniRaftCluster$Factory$Get.runWithNewCluster(MiniRaftCluster.java:113)
	at org.apache.ratis.OutputStreamBaseTest.testWriteAndFlush(OutputStreamBaseTest.java:116)
	at sun.reflect.NativeMethodAccessorImpl.invoke0(Native Method)
	at sun.reflect.NativeMethodAccessorImpl.invoke(NativeMethodAccessorImpl.java:62)
	at sun.reflect.DelegatingMethodAccessorImpl.invoke(DelegatingMethodAccessorImpl.java:43)
	at java.lang.reflect.Method.invoke(Method.java:498)
	at org.junit.runners.model.FrameworkMethod$1.runReflectiveCall(FrameworkMethod.java:50)
	at org.junit.internal.runners.model.ReflectiveCallable.run(ReflectiveCallable.java:12)
	at org.junit.runners.model.FrameworkMethod.invokeExplosively(FrameworkMethod.java:47)
	at org.junit.internal.runners.statements.InvokeMethod.evaluate(InvokeMethod.java:17)
	at org.junit.internal.runners.statements.RunAfters.evaluate(RunAfters.java:27)
	at org.junit.internal.runners.statements.FailOnTimeout$CallableStatement.call(FailOnTimeout.java:298)
	at org.junit.internal.runners.statements.FailOnTimeout$CallableStatement.call(FailOnTimeout.java:292)
	at java.util.concurrent.FutureTask.run(FutureTask.java:266)
	at java.lang.Thread.run(Thread.java:748)
2019-09-24 16:16:52,688 WARN  server.GrpcLogAppender (GrpcLogAppender.java:timeoutAppendRequest(200)) - s2@group-5C26748AB2B1->s0-GrpcLogAppender: appendEntries Timeout, request=s2->s0#1333-t3, previous=(t:3, i:1227), leaderCommit=1121, initializing? false, entries: <empty>
2019-09-24 16:16:52,689 WARN  server.GrpcLogAppender (GrpcLogAppender.java:timeoutAppendRequest(200)) - s2@group-5C26748AB2B1->s1-GrpcLogAppender: appendEntries Timeout, request=s2->s1#1501-t3, previous=(t:3, i:1227), leaderCommit=1121, initializing? false, entries: <empty>
2019-09-24 16:16:52,764 WARN  server.GrpcLogAppender (GrpcLogAppender.java:timeoutAppendRequest(200)) - s2@group-5C26748AB2B1->s0-GrpcLogAppender: appendEntries Timeout, request=s2->s0#1334-t3, previous=(t:3, i:1227), leaderCommit=1121, initializing? false, entries: <empty>
2019-09-24 16:16:52,764 WARN  server.GrpcLogAppender (GrpcLogAppender.java:timeoutAppendRequest(200)) - s2@group-5C26748AB2B1->s1-GrpcLogAppender: appendEntries Timeout, request=s2->s1#1502-t3, previous=(t:3, i:1227), leaderCommit=1121, initializing? false, entries: <empty>
2019-09-24 16:16:52,839 WARN  server.GrpcLogAppender (GrpcLogAppender.java:timeoutAppendRequest(200)) - s2@group-5C26748AB2B1->s0-GrpcLogAppender: appendEntries Timeout, request=s2->s0#1335-t3, previous=(t:3, i:1227), leaderCommit=1121, initializing? false, entries: <empty>
2019-09-24 16:16:52,839 WARN  server.GrpcLogAppender (GrpcLogAppender.java:timeoutAppendRequest(200)) - s2@group-5C26748AB2B1->s1-GrpcLogAppender: appendEntries Timeout, request=s2->s1#1503-t3, previous=(t:3, i:1227), leaderCommit=1121, initializing? false, entries: <empty>
2019-09-24 16:16:52,914 WARN  server.GrpcLogAppender (GrpcLogAppender.java:timeoutAppendRequest(200)) - s2@group-5C26748AB2B1->s0-GrpcLogAppender: appendEntries Timeout, request=s2->s0#1336-t3, previous=(t:3, i:1227), leaderCommit=1121, initializing? false, entries: <empty>
2019-09-24 16:16:52,914 WARN  server.GrpcLogAppender (GrpcLogAppender.java:timeoutAppendRequest(200)) - s2@group-5C26748AB2B1->s1-GrpcLogAppender: appendEntries Timeout, request=s2->s1#1504-t3, previous=(t:3, i:1227), leaderCommit=1121, initializing? false, entries: <empty>
2019-09-24 16:16:52,989 WARN  server.GrpcLogAppender (GrpcLogAppender.java:timeoutAppendRequest(200)) - s2@group-5C26748AB2B1->s0-GrpcLogAppender: appendEntries Timeout, request=s2->s0#1337-t3, previous=(t:3, i:1227), leaderCommit=1121, initializing? false, entries: <empty>
2019-09-24 16:16:52,990 WARN  server.GrpcLogAppender (GrpcLogAppender.java:timeoutAppendRequest(200)) - s2@group-5C26748AB2B1->s1-GrpcLogAppender: appendEntries Timeout, request=s2->s1#1505-t3, previous=(t:3, i:1227), leaderCommit=1121, initializing? false, entries: <empty>
2019-09-24 16:16:53,065 WARN  server.GrpcLogAppender (GrpcLogAppender.java:timeoutAppendRequest(200)) - s2@group-5C26748AB2B1->s0-GrpcLogAppender: appendEntries Timeout, request=s2->s0#1338-t3, previous=(t:3, i:1227), leaderCommit=1121, initializing? false, entries: <empty>
2019-09-24 16:16:53,065 WARN  server.GrpcLogAppender (GrpcLogAppender.java:timeoutAppendRequest(200)) - s2@group-5C26748AB2B1->s1-GrpcLogAppender: appendEntries Timeout, request=s2->s1#1506-t3, previous=(t:3, i:1227), leaderCommit=1121, initializing? false, entries: <empty>
2019-09-24 16:16:53,131 WARN  ratis.RaftTestUtil (JavaUtils.java:attempt(158)) - FAILED "waitForLeader-null-(expectLeader? true)", attempt #19/100: java.lang.IllegalStateException: No leader yet : printing ALL groups
  s0:  RUNNING CANDIDATE s0@group-E77E9FD8E08A:t2, leader=null, voted=s0, raftlog=s0@group-E77E9FD8E08A-SegmentedRaftLog:OPENED:c-1,f-1,i0, conf=-1: [s0:0.0.0.0:34097, s1:0.0.0.0:42213, s2:0.0.0.0:41839], old=null RUNNING
  s1:  RUNNING CANDIDATE s1@group-E77E9FD8E08A:t2, leader=null, voted=s1, raftlog=s1@group-E77E9FD8E08A-SegmentedRaftLog:OPENED:c-1,f-1,i0, conf=-1: [s0:0.0.0.0:34097, s1:0.0.0.0:42213, s2:0.0.0.0:41839], old=null RUNNING
  s2:  RUNNING CANDIDATE s2@group-E77E9FD8E08A:t2, leader=null, voted=s2, raftlog=s2@group-E77E9FD8E08A-SegmentedRaftLog:OPENED:c-1,f-1,i0, conf=-1: [s0:0.0.0.0:34097, s1:0.0.0.0:42213, s2:0.0.0.0:41839], old=null RUNNING, sleep 450ms and then retry.
java.lang.IllegalStateException: No leader yet : printing ALL groups
  s0:  RUNNING CANDIDATE s0@group-E77E9FD8E08A:t2, leader=null, voted=s0, raftlog=s0@group-E77E9FD8E08A-SegmentedRaftLog:OPENED:c-1,f-1,i0, conf=-1: [s0:0.0.0.0:34097, s1:0.0.0.0:42213, s2:0.0.0.0:41839], old=null RUNNING
  s1:  RUNNING CANDIDATE s1@group-E77E9FD8E08A:t2, leader=null, voted=s1, raftlog=s1@group-E77E9FD8E08A-SegmentedRaftLog:OPENED:c-1,f-1,i0, conf=-1: [s0:0.0.0.0:34097, s1:0.0.0.0:42213, s2:0.0.0.0:41839], old=null RUNNING
  s2:  RUNNING CANDIDATE s2@group-E77E9FD8E08A:t2, leader=null, voted=s2, raftlog=s2@group-E77E9FD8E08A-SegmentedRaftLog:OPENED:c-1,f-1,i0, conf=-1: [s0:0.0.0.0:34097, s1:0.0.0.0:42213, s2:0.0.0.0:41839], old=null RUNNING
	at org.apache.ratis.MiniRaftCluster.newIllegalStateExceptionForNoLeaders(MiniRaftCluster.java:506)
	at org.apache.ratis.RaftTestUtil.lambda$waitForLeader$1(RaftTestUtil.java:90)
	at org.apache.ratis.MiniRaftCluster.getLeader(MiniRaftCluster.java:539)
	at org.apache.ratis.MiniRaftCluster.getLeader(MiniRaftCluster.java:532)
	at org.apache.ratis.RaftTestUtil.lambda$waitForLeader$3(RaftTestUtil.java:98)
	at org.apache.ratis.util.JavaUtils.attempt(JavaUtils.java:152)
	at org.apache.ratis.RaftTestUtil.waitForLeader(RaftTestUtil.java:97)
	at org.apache.ratis.RaftTestUtil.waitForLeader(RaftTestUtil.java:77)
	at org.apache.ratis.RaftTestUtil.waitForLeader(RaftTestUtil.java:72)
	at org.apache.ratis.OutputStreamBaseTest.runTestWriteAndFlush(OutputStreamBaseTest.java:121)
	at org.apache.ratis.MiniRaftCluster$Factory$Get.runWithNewCluster(MiniRaftCluster.java:125)
	at org.apache.ratis.MiniRaftCluster$Factory$Get.runWithNewCluster(MiniRaftCluster.java:113)
	at org.apache.ratis.OutputStreamBaseTest.testWriteAndFlush(OutputStreamBaseTest.java:116)
	at sun.reflect.NativeMethodAccessorImpl.invoke0(Native Method)
	at sun.reflect.NativeMethodAccessorImpl.invoke(NativeMethodAccessorImpl.java:62)
	at sun.reflect.DelegatingMethodAccessorImpl.invoke(DelegatingMethodAccessorImpl.java:43)
	at java.lang.reflect.Method.invoke(Method.java:498)
	at org.junit.runners.model.FrameworkMethod$1.runReflectiveCall(FrameworkMethod.java:50)
	at org.junit.internal.runners.model.ReflectiveCallable.run(ReflectiveCallable.java:12)
	at org.junit.runners.model.FrameworkMethod.invokeExplosively(FrameworkMethod.java:47)
	at org.junit.internal.runners.statements.InvokeMethod.evaluate(InvokeMethod.java:17)
	at org.junit.internal.runners.statements.RunAfters.evaluate(RunAfters.java:27)
	at org.junit.internal.runners.statements.FailOnTimeout$CallableStatement.call(FailOnTimeout.java:298)
	at org.junit.internal.runners.statements.FailOnTimeout$CallableStatement.call(FailOnTimeout.java:292)
	at java.util.concurrent.FutureTask.run(FutureTask.java:266)
	at java.lang.Thread.run(Thread.java:748)
2019-09-24 16:16:53,140 WARN  server.GrpcLogAppender (GrpcLogAppender.java:timeoutAppendRequest(200)) - s2@group-5C26748AB2B1->s0-GrpcLogAppender: appendEntries Timeout, request=s2->s0#1339-t3, previous=(t:3, i:1227), leaderCommit=1121, initializing? false, entries: <empty>
2019-09-24 16:16:53,140 WARN  server.GrpcLogAppender (GrpcLogAppender.java:timeoutAppendRequest(200)) - s2@group-5C26748AB2B1->s1-GrpcLogAppender: appendEntries Timeout, request=s2->s1#1507-t3, previous=(t:3, i:1227), leaderCommit=1121, initializing? false, entries: <empty>
2019-09-24 16:16:53,215 WARN  server.GrpcLogAppender (GrpcLogAppender.java:timeoutAppendRequest(200)) - s2@group-5C26748AB2B1->s0-GrpcLogAppender: appendEntries Timeout, request=s2->s0#1340-t3, previous=(t:3, i:1227), leaderCommit=1121, initializing? false, entries: <empty>
2019-09-24 16:16:53,215 WARN  server.GrpcLogAppender (GrpcLogAppender.java:timeoutAppendRequest(200)) - s2@group-5C26748AB2B1->s1-GrpcLogAppender: appendEntries Timeout, request=s2->s1#1508-t3, previous=(t:3, i:1227), leaderCommit=1121, initializing? false, entries: <empty>
2019-09-24 16:16:53,290 WARN  server.GrpcLogAppender (GrpcLogAppender.java:timeoutAppendRequest(200)) - s2@group-5C26748AB2B1->s0-GrpcLogAppender: appendEntries Timeout, request=s2->s0#1341-t3, previous=(t:3, i:1227), leaderCommit=1121, initializing? false, entries: <empty>
2019-09-24 16:16:53,290 WARN  server.GrpcLogAppender (GrpcLogAppender.java:timeoutAppendRequest(200)) - s2@group-5C26748AB2B1->s1-GrpcLogAppender: appendEntries Timeout, request=s2->s1#1509-t3, previous=(t:3, i:1227), leaderCommit=1121, initializing? false, entries: <empty>
2019-09-24 16:16:53,366 WARN  server.GrpcLogAppender (GrpcLogAppender.java:timeoutAppendRequest(200)) - s2@group-5C26748AB2B1->s0-GrpcLogAppender: appendEntries Timeout, request=s2->s0#1342-t3, previous=(t:3, i:1227), leaderCommit=1121, initializing? false, entries: <empty>
2019-09-24 16:16:53,366 WARN  server.GrpcLogAppender (GrpcLogAppender.java:timeoutAppendRequest(200)) - s2@group-5C26748AB2B1->s1-GrpcLogAppender: appendEntries Timeout, request=s2->s1#1510-t3, previous=(t:3, i:1227), leaderCommit=1121, initializing? false, entries: <empty>
2019-09-24 16:16:53,441 WARN  server.GrpcLogAppender (GrpcLogAppender.java:timeoutAppendRequest(200)) - s2@group-5C26748AB2B1->s1-GrpcLogAppender: appendEntries Timeout, request=s2->s1#1511-t3, previous=(t:3, i:1227), leaderCommit=1121, initializing? false, entries: <empty>
2019-09-24 16:16:53,441 WARN  server.GrpcLogAppender (GrpcLogAppender.java:timeoutAppendRequest(200)) - s2@group-5C26748AB2B1->s0-GrpcLogAppender: appendEntries Timeout, request=s2->s0#1343-t3, previous=(t:3, i:1227), leaderCommit=1121, initializing? false, entries: <empty>
2019-09-24 16:16:53,546 WARN  server.GrpcLogAppender (GrpcLogAppender.java:timeoutAppendRequest(200)) - s2@group-5C26748AB2B1->s1-GrpcLogAppender: appendEntries Timeout, request=s2->s1#1512-t3, previous=(t:3, i:1227), leaderCommit=1121, initializing? false, entries: <empty>
2019-09-24 16:16:53,555 WARN  server.GrpcLogAppender (GrpcLogAppender.java:timeoutAppendRequest(200)) - s2@group-5C26748AB2B1->s0-GrpcLogAppender: appendEntries Timeout, request=s2->s0#1344-t3, previous=(t:3, i:1227), leaderCommit=1121, initializing? false, entries: <empty>
2019-09-24 16:16:53,583 WARN  ratis.RaftTestUtil (JavaUtils.java:attempt(158)) - FAILED "waitForLeader-null-(expectLeader? true)", attempt #20/100: java.lang.IllegalStateException: No leader yet : printing ALL groups
  s0:  RUNNING CANDIDATE s0@group-E77E9FD8E08A:t2, leader=null, voted=s0, raftlog=s0@group-E77E9FD8E08A-SegmentedRaftLog:OPENED:c-1,f-1,i0, conf=-1: [s0:0.0.0.0:34097, s1:0.0.0.0:42213, s2:0.0.0.0:41839], old=null RUNNING
  s1:  RUNNING CANDIDATE s1@group-E77E9FD8E08A:t2, leader=null, voted=s1, raftlog=s1@group-E77E9FD8E08A-SegmentedRaftLog:OPENED:c-1,f-1,i0, conf=-1: [s0:0.0.0.0:34097, s1:0.0.0.0:42213, s2:0.0.0.0:41839], old=null RUNNING
  s2:  RUNNING CANDIDATE s2@group-E77E9FD8E08A:t2, leader=null, voted=s2, raftlog=s2@group-E77E9FD8E08A-SegmentedRaftLog:OPENED:c-1,f-1,i0, conf=-1: [s0:0.0.0.0:34097, s1:0.0.0.0:42213, s2:0.0.0.0:41839], old=null RUNNING, sleep 450ms and then retry.
java.lang.IllegalStateException: No leader yet : printing ALL groups
  s0:  RUNNING CANDIDATE s0@group-E77E9FD8E08A:t2, leader=null, voted=s0, raftlog=s0@group-E77E9FD8E08A-SegmentedRaftLog:OPENED:c-1,f-1,i0, conf=-1: [s0:0.0.0.0:34097, s1:0.0.0.0:42213, s2:0.0.0.0:41839], old=null RUNNING
  s1:  RUNNING CANDIDATE s1@group-E77E9FD8E08A:t2, leader=null, voted=s1, raftlog=s1@group-E77E9FD8E08A-SegmentedRaftLog:OPENED:c-1,f-1,i0, conf=-1: [s0:0.0.0.0:34097, s1:0.0.0.0:42213, s2:0.0.0.0:41839], old=null RUNNING
  s2:  RUNNING CANDIDATE s2@group-E77E9FD8E08A:t2, leader=null, voted=s2, raftlog=s2@group-E77E9FD8E08A-SegmentedRaftLog:OPENED:c-1,f-1,i0, conf=-1: [s0:0.0.0.0:34097, s1:0.0.0.0:42213, s2:0.0.0.0:41839], old=null RUNNING
	at org.apache.ratis.MiniRaftCluster.newIllegalStateExceptionForNoLeaders(MiniRaftCluster.java:506)
	at org.apache.ratis.RaftTestUtil.lambda$waitForLeader$1(RaftTestUtil.java:90)
	at org.apache.ratis.MiniRaftCluster.getLeader(MiniRaftCluster.java:539)
	at org.apache.ratis.MiniRaftCluster.getLeader(MiniRaftCluster.java:532)
	at org.apache.ratis.RaftTestUtil.lambda$waitForLeader$3(RaftTestUtil.java:98)
	at org.apache.ratis.util.JavaUtils.attempt(JavaUtils.java:152)
	at org.apache.ratis.RaftTestUtil.waitForLeader(RaftTestUtil.java:97)
	at org.apache.ratis.RaftTestUtil.waitForLeader(RaftTestUtil.java:77)
	at org.apache.ratis.RaftTestUtil.waitForLeader(RaftTestUtil.java:72)
	at org.apache.ratis.OutputStreamBaseTest.runTestWriteAndFlush(OutputStreamBaseTest.java:121)
	at org.apache.ratis.MiniRaftCluster$Factory$Get.runWithNewCluster(MiniRaftCluster.java:125)
	at org.apache.ratis.MiniRaftCluster$Factory$Get.runWithNewCluster(MiniRaftCluster.java:113)
	at org.apache.ratis.OutputStreamBaseTest.testWriteAndFlush(OutputStreamBaseTest.java:116)
	at sun.reflect.NativeMethodAccessorImpl.invoke0(Native Method)
	at sun.reflect.NativeMethodAccessorImpl.invoke(NativeMethodAccessorImpl.java:62)
	at sun.reflect.DelegatingMethodAccessorImpl.invoke(DelegatingMethodAccessorImpl.java:43)
	at java.lang.reflect.Method.invoke(Method.java:498)
	at org.junit.runners.model.FrameworkMethod$1.runReflectiveCall(FrameworkMethod.java:50)
	at org.junit.internal.runners.model.ReflectiveCallable.run(ReflectiveCallable.java:12)
	at org.junit.runners.model.FrameworkMethod.invokeExplosively(FrameworkMethod.java:47)
	at org.junit.internal.runners.statements.InvokeMethod.evaluate(InvokeMethod.java:17)
	at org.junit.internal.runners.statements.RunAfters.evaluate(RunAfters.java:27)
	at org.junit.internal.runners.statements.FailOnTimeout$CallableStatement.call(FailOnTimeout.java:298)
	at org.junit.internal.runners.statements.FailOnTimeout$CallableStatement.call(FailOnTimeout.java:292)
	at java.util.concurrent.FutureTask.run(FutureTask.java:266)
	at java.lang.Thread.run(Thread.java:748)
2019-09-24 16:16:53,622 WARN  server.GrpcLogAppender (GrpcLogAppender.java:timeoutAppendRequest(200)) - s2@group-5C26748AB2B1->s1-GrpcLogAppender: appendEntries Timeout, request=s2->s1#1513-t3, previous=(t:3, i:1227), leaderCommit=1121, initializing? false, entries: <empty>
2019-09-24 16:16:53,630 WARN  server.GrpcLogAppender (GrpcLogAppender.java:timeoutAppendRequest(200)) - s2@group-5C26748AB2B1->s0-GrpcLogAppender: appendEntries Timeout, request=s2->s0#1345-t3, previous=(t:3, i:1227), leaderCommit=1121, initializing? false, entries: <empty>
2019-09-24 16:16:53,697 WARN  server.GrpcLogAppender (GrpcLogAppender.java:timeoutAppendRequest(200)) - s2@group-5C26748AB2B1->s1-GrpcLogAppender: appendEntries Timeout, request=s2->s1#1514-t3, previous=(t:3, i:1227), leaderCommit=1121, initializing? false, entries: <empty>
2019-09-24 16:16:53,706 WARN  server.GrpcLogAppender (GrpcLogAppender.java:timeoutAppendRequest(200)) - s2@group-5C26748AB2B1->s0-GrpcLogAppender: appendEntries Timeout, request=s2->s0#1346-t3, previous=(t:3, i:1227), leaderCommit=1121, initializing? false, entries: <empty>
2019-09-24 16:16:53,773 WARN  server.GrpcLogAppender (GrpcLogAppender.java:timeoutAppendRequest(200)) - s2@group-5C26748AB2B1->s1-GrpcLogAppender: appendEntries Timeout, request=s2->s1#1515-t3, previous=(t:3, i:1227), leaderCommit=1121, initializing? false, entries: <empty>
2019-09-24 16:16:53,781 WARN  server.GrpcLogAppender (GrpcLogAppender.java:timeoutAppendRequest(200)) - s2@group-5C26748AB2B1->s0-GrpcLogAppender: appendEntries Timeout, request=s2->s0#1347-t3, previous=(t:3, i:1227), leaderCommit=1121, initializing? false, entries: <empty>
2019-09-24 16:16:53,848 WARN  server.GrpcLogAppender (GrpcLogAppender.java:timeoutAppendRequest(200)) - s2@group-5C26748AB2B1->s1-GrpcLogAppender: appendEntries Timeout, request=s2->s1#1516-t3, previous=(t:3, i:1227), leaderCommit=1121, initializing? false, entries: <empty>
2019-09-24 16:16:53,856 WARN  server.GrpcLogAppender (GrpcLogAppender.java:timeoutAppendRequest(200)) - s2@group-5C26748AB2B1->s0-GrpcLogAppender: appendEntries Timeout, request=s2->s0#1348-t3, previous=(t:3, i:1227), leaderCommit=1121, initializing? false, entries: <empty>
2019-09-24 16:16:53,923 WARN  server.GrpcLogAppender (GrpcLogAppender.java:timeoutAppendRequest(200)) - s2@group-5C26748AB2B1->s1-GrpcLogAppender: appendEntries Timeout, request=s2->s1#1517-t3, previous=(t:3, i:1227), leaderCommit=1121, initializing? false, entries: <empty>
2019-09-24 16:16:53,931 WARN  server.GrpcLogAppender (GrpcLogAppender.java:timeoutAppendRequest(200)) - s2@group-5C26748AB2B1->s0-GrpcLogAppender: appendEntries Timeout, request=s2->s0#1349-t3, previous=(t:3, i:1227), leaderCommit=1121, initializing? false, entries: <empty>
2019-09-24 16:16:53,998 WARN  server.GrpcLogAppender (GrpcLogAppender.java:timeoutAppendRequest(200)) - s2@group-5C26748AB2B1->s1-GrpcLogAppender: appendEntries Timeout, request=s2->s1#1518-t3, previous=(t:3, i:1227), leaderCommit=1121, initializing? false, entries: <empty>
2019-09-24 16:16:54,006 WARN  server.GrpcLogAppender (GrpcLogAppender.java:timeoutAppendRequest(200)) - s2@group-5C26748AB2B1->s0-GrpcLogAppender: appendEntries Timeout, request=s2->s0#1350-t3, previous=(t:3, i:1227), leaderCommit=1121, initializing? false, entries: <empty>
2019-09-24 16:16:54,035 WARN  ratis.RaftTestUtil (JavaUtils.java:attempt(158)) - FAILED "waitForLeader-null-(expectLeader? true)", attempt #21/100: java.lang.IllegalStateException: No leader yet : printing ALL groups
  s0:  RUNNING CANDIDATE s0@group-E77E9FD8E08A:t2, leader=null, voted=s0, raftlog=s0@group-E77E9FD8E08A-SegmentedRaftLog:OPENED:c-1,f-1,i0, conf=-1: [s0:0.0.0.0:34097, s1:0.0.0.0:42213, s2:0.0.0.0:41839], old=null RUNNING
  s1:  RUNNING CANDIDATE s1@group-E77E9FD8E08A:t2, leader=null, voted=s1, raftlog=s1@group-E77E9FD8E08A-SegmentedRaftLog:OPENED:c-1,f-1,i0, conf=-1: [s0:0.0.0.0:34097, s1:0.0.0.0:42213, s2:0.0.0.0:41839], old=null RUNNING
  s2:  RUNNING CANDIDATE s2@group-E77E9FD8E08A:t2, leader=null, voted=s2, raftlog=s2@group-E77E9FD8E08A-SegmentedRaftLog:OPENED:c-1,f-1,i0, conf=-1: [s0:0.0.0.0:34097, s1:0.0.0.0:42213, s2:0.0.0.0:41839], old=null RUNNING, sleep 450ms and then retry.
java.lang.IllegalStateException: No leader yet : printing ALL groups
  s0:  RUNNING CANDIDATE s0@group-E77E9FD8E08A:t2, leader=null, voted=s0, raftlog=s0@group-E77E9FD8E08A-SegmentedRaftLog:OPENED:c-1,f-1,i0, conf=-1: [s0:0.0.0.0:34097, s1:0.0.0.0:42213, s2:0.0.0.0:41839], old=null RUNNING
  s1:  RUNNING CANDIDATE s1@group-E77E9FD8E08A:t2, leader=null, voted=s1, raftlog=s1@group-E77E9FD8E08A-SegmentedRaftLog:OPENED:c-1,f-1,i0, conf=-1: [s0:0.0.0.0:34097, s1:0.0.0.0:42213, s2:0.0.0.0:41839], old=null RUNNING
  s2:  RUNNING CANDIDATE s2@group-E77E9FD8E08A:t2, leader=null, voted=s2, raftlog=s2@group-E77E9FD8E08A-SegmentedRaftLog:OPENED:c-1,f-1,i0, conf=-1: [s0:0.0.0.0:34097, s1:0.0.0.0:42213, s2:0.0.0.0:41839], old=null RUNNING
	at org.apache.ratis.MiniRaftCluster.newIllegalStateExceptionForNoLeaders(MiniRaftCluster.java:506)
	at org.apache.ratis.RaftTestUtil.lambda$waitForLeader$1(RaftTestUtil.java:90)
	at org.apache.ratis.MiniRaftCluster.getLeader(MiniRaftCluster.java:539)
	at org.apache.ratis.MiniRaftCluster.getLeader(MiniRaftCluster.java:532)
	at org.apache.ratis.RaftTestUtil.lambda$waitForLeader$3(RaftTestUtil.java:98)
	at org.apache.ratis.util.JavaUtils.attempt(JavaUtils.java:152)
	at org.apache.ratis.RaftTestUtil.waitForLeader(RaftTestUtil.java:97)
	at org.apache.ratis.RaftTestUtil.waitForLeader(RaftTestUtil.java:77)
	at org.apache.ratis.RaftTestUtil.waitForLeader(RaftTestUtil.java:72)
	at org.apache.ratis.OutputStreamBaseTest.runTestWriteAndFlush(OutputStreamBaseTest.java:121)
	at org.apache.ratis.MiniRaftCluster$Factory$Get.runWithNewCluster(MiniRaftCluster.java:125)
	at org.apache.ratis.MiniRaftCluster$Factory$Get.runWithNewCluster(MiniRaftCluster.java:113)
	at org.apache.ratis.OutputStreamBaseTest.testWriteAndFlush(OutputStreamBaseTest.java:116)
	at sun.reflect.NativeMethodAccessorImpl.invoke0(Native Method)
	at sun.reflect.NativeMethodAccessorImpl.invoke(NativeMethodAccessorImpl.java:62)
	at sun.reflect.DelegatingMethodAccessorImpl.invoke(DelegatingMethodAccessorImpl.java:43)
	at java.lang.reflect.Method.invoke(Method.java:498)
	at org.junit.runners.model.FrameworkMethod$1.runReflectiveCall(FrameworkMethod.java:50)
	at org.junit.internal.runners.model.ReflectiveCallable.run(ReflectiveCallable.java:12)
	at org.junit.runners.model.FrameworkMethod.invokeExplosively(FrameworkMethod.java:47)
	at org.junit.internal.runners.statements.InvokeMethod.evaluate(InvokeMethod.java:17)
	at org.junit.internal.runners.statements.RunAfters.evaluate(RunAfters.java:27)
	at org.junit.internal.runners.statements.FailOnTimeout$CallableStatement.call(FailOnTimeout.java:298)
	at org.junit.internal.runners.statements.FailOnTimeout$CallableStatement.call(FailOnTimeout.java:292)
	at java.util.concurrent.FutureTask.run(FutureTask.java:266)
	at java.lang.Thread.run(Thread.java:748)
2019-09-24 16:16:54,074 WARN  server.GrpcLogAppender (GrpcLogAppender.java:timeoutAppendRequest(200)) - s2@group-5C26748AB2B1->s1-GrpcLogAppender: appendEntries Timeout, request=s2->s1#1519-t3, previous=(t:3, i:1227), leaderCommit=1121, initializing? false, entries: <empty>
2019-09-24 16:16:54,082 WARN  server.GrpcLogAppender (GrpcLogAppender.java:timeoutAppendRequest(200)) - s2@group-5C26748AB2B1->s0-GrpcLogAppender: appendEntries Timeout, request=s2->s0#1351-t3, previous=(t:3, i:1227), leaderCommit=1121, initializing? false, entries: <empty>
2019-09-24 16:16:54,150 WARN  server.GrpcLogAppender (GrpcLogAppender.java:timeoutAppendRequest(200)) - s2@group-5C26748AB2B1->s1-GrpcLogAppender: appendEntries Timeout, request=s2->s1#1520-t3, previous=(t:3, i:1227), leaderCommit=1121, initializing? false, entries: <empty>
2019-09-24 16:16:54,157 WARN  server.GrpcLogAppender (GrpcLogAppender.java:timeoutAppendRequest(200)) - s2@group-5C26748AB2B1->s0-GrpcLogAppender: appendEntries Timeout, request=s2->s0#1352-t3, previous=(t:3, i:1227), leaderCommit=1121, initializing? false, entries: <empty>
2019-09-24 16:16:54,225 WARN  server.GrpcLogAppender (GrpcLogAppender.java:timeoutAppendRequest(200)) - s2@group-5C26748AB2B1->s1-GrpcLogAppender: appendEntries Timeout, request=s2->s1#1521-t3, previous=(t:3, i:1227), leaderCommit=1121, initializing? false, entries: <empty>
2019-09-24 16:16:54,232 WARN  server.GrpcLogAppender (GrpcLogAppender.java:timeoutAppendRequest(200)) - s2@group-5C26748AB2B1->s0-GrpcLogAppender: appendEntries Timeout, request=s2->s0#1353-t3, previous=(t:3, i:1227), leaderCommit=1121, initializing? false, entries: <empty>
2019-09-24 16:16:54,301 WARN  server.GrpcLogAppender (GrpcLogAppender.java:timeoutAppendRequest(200)) - s2@group-5C26748AB2B1->s1-GrpcLogAppender: appendEntries Timeout, request=s2->s1#1522-t3, previous=(t:3, i:1227), leaderCommit=1121, initializing? false, entries: <empty>
2019-09-24 16:16:54,307 WARN  server.GrpcLogAppender (GrpcLogAppender.java:timeoutAppendRequest(200)) - s2@group-5C26748AB2B1->s0-GrpcLogAppender: appendEntries Timeout, request=s2->s0#1354-t3, previous=(t:3, i:1227), leaderCommit=1121, initializing? false, entries: <empty>
2019-09-24 16:16:54,376 WARN  server.GrpcLogAppender (GrpcLogAppender.java:timeoutAppendRequest(200)) - s2@group-5C26748AB2B1->s1-GrpcLogAppender: appendEntries Timeout, request=s2->s1#1523-t3, previous=(t:3, i:1227), leaderCommit=1121, initializing? false, entries: <empty>
2019-09-24 16:16:54,382 WARN  server.GrpcLogAppender (GrpcLogAppender.java:timeoutAppendRequest(200)) - s2@group-5C26748AB2B1->s0-GrpcLogAppender: appendEntries Timeout, request=s2->s0#1355-t3, previous=(t:3, i:1227), leaderCommit=1121, initializing? false, entries: <empty>
2019-09-24 16:16:54,451 WARN  server.GrpcLogAppender (GrpcLogAppender.java:timeoutAppendRequest(200)) - s2@group-5C26748AB2B1->s1-GrpcLogAppender: appendEntries Timeout, request=s2->s1#1524-t3, previous=(t:3, i:1227), leaderCommit=1121, initializing? false, entries: <empty>
2019-09-24 16:16:54,458 WARN  server.GrpcLogAppender (GrpcLogAppender.java:timeoutAppendRequest(200)) - s2@group-5C26748AB2B1->s0-GrpcLogAppender: appendEntries Timeout, request=s2->s0#1356-t3, previous=(t:3, i:1227), leaderCommit=1121, initializing? false, entries: <empty>
2019-09-24 16:16:54,488 WARN  ratis.RaftTestUtil (JavaUtils.java:attempt(158)) - FAILED "waitForLeader-null-(expectLeader? true)", attempt #22/100: java.lang.IllegalStateException: No leader yet : printing ALL groups
  s0:  RUNNING CANDIDATE s0@group-E77E9FD8E08A:t2, leader=null, voted=s0, raftlog=s0@group-E77E9FD8E08A-SegmentedRaftLog:OPENED:c-1,f-1,i0, conf=-1: [s0:0.0.0.0:34097, s1:0.0.0.0:42213, s2:0.0.0.0:41839], old=null RUNNING
  s1:  RUNNING CANDIDATE s1@group-E77E9FD8E08A:t2, leader=null, voted=s1, raftlog=s1@group-E77E9FD8E08A-SegmentedRaftLog:OPENED:c-1,f-1,i0, conf=-1: [s0:0.0.0.0:34097, s1:0.0.0.0:42213, s2:0.0.0.0:41839], old=null RUNNING
  s2:  RUNNING CANDIDATE s2@group-E77E9FD8E08A:t2, leader=null, voted=s2, raftlog=s2@group-E77E9FD8E08A-SegmentedRaftLog:OPENED:c-1,f-1,i0, conf=-1: [s0:0.0.0.0:34097, s1:0.0.0.0:42213, s2:0.0.0.0:41839], old=null RUNNING, sleep 450ms and then retry.
java.lang.IllegalStateException: No leader yet : printing ALL groups
  s0:  RUNNING CANDIDATE s0@group-E77E9FD8E08A:t2, leader=null, voted=s0, raftlog=s0@group-E77E9FD8E08A-SegmentedRaftLog:OPENED:c-1,f-1,i0, conf=-1: [s0:0.0.0.0:34097, s1:0.0.0.0:42213, s2:0.0.0.0:41839], old=null RUNNING
  s1:  RUNNING CANDIDATE s1@group-E77E9FD8E08A:t2, leader=null, voted=s1, raftlog=s1@group-E77E9FD8E08A-SegmentedRaftLog:OPENED:c-1,f-1,i0, conf=-1: [s0:0.0.0.0:34097, s1:0.0.0.0:42213, s2:0.0.0.0:41839], old=null RUNNING
  s2:  RUNNING CANDIDATE s2@group-E77E9FD8E08A:t2, leader=null, voted=s2, raftlog=s2@group-E77E9FD8E08A-SegmentedRaftLog:OPENED:c-1,f-1,i0, conf=-1: [s0:0.0.0.0:34097, s1:0.0.0.0:42213, s2:0.0.0.0:41839], old=null RUNNING
	at org.apache.ratis.MiniRaftCluster.newIllegalStateExceptionForNoLeaders(MiniRaftCluster.java:506)
	at org.apache.ratis.RaftTestUtil.lambda$waitForLeader$1(RaftTestUtil.java:90)
	at org.apache.ratis.MiniRaftCluster.getLeader(MiniRaftCluster.java:539)
	at org.apache.ratis.MiniRaftCluster.getLeader(MiniRaftCluster.java:532)
	at org.apache.ratis.RaftTestUtil.lambda$waitForLeader$3(RaftTestUtil.java:98)
	at org.apache.ratis.util.JavaUtils.attempt(JavaUtils.java:152)
	at org.apache.ratis.RaftTestUtil.waitForLeader(RaftTestUtil.java:97)
	at org.apache.ratis.RaftTestUtil.waitForLeader(RaftTestUtil.java:77)
	at org.apache.ratis.RaftTestUtil.waitForLeader(RaftTestUtil.java:72)
	at org.apache.ratis.OutputStreamBaseTest.runTestWriteAndFlush(OutputStreamBaseTest.java:121)
	at org.apache.ratis.MiniRaftCluster$Factory$Get.runWithNewCluster(MiniRaftCluster.java:125)
	at org.apache.ratis.MiniRaftCluster$Factory$Get.runWithNewCluster(MiniRaftCluster.java:113)
	at org.apache.ratis.OutputStreamBaseTest.testWriteAndFlush(OutputStreamBaseTest.java:116)
	at sun.reflect.NativeMethodAccessorImpl.invoke0(Native Method)
	at sun.reflect.NativeMethodAccessorImpl.invoke(NativeMethodAccessorImpl.java:62)
	at sun.reflect.DelegatingMethodAccessorImpl.invoke(DelegatingMethodAccessorImpl.java:43)
	at java.lang.reflect.Method.invoke(Method.java:498)
	at org.junit.runners.model.FrameworkMethod$1.runReflectiveCall(FrameworkMethod.java:50)
	at org.junit.internal.runners.model.ReflectiveCallable.run(ReflectiveCallable.java:12)
	at org.junit.runners.model.FrameworkMethod.invokeExplosively(FrameworkMethod.java:47)
	at org.junit.internal.runners.statements.InvokeMethod.evaluate(InvokeMethod.java:17)
	at org.junit.internal.runners.statements.RunAfters.evaluate(RunAfters.java:27)
	at org.junit.internal.runners.statements.FailOnTimeout$CallableStatement.call(FailOnTimeout.java:298)
	at org.junit.internal.runners.statements.FailOnTimeout$CallableStatement.call(FailOnTimeout.java:292)
	at java.util.concurrent.FutureTask.run(FutureTask.java:266)
	at java.lang.Thread.run(Thread.java:748)
2019-09-24 16:16:54,526 WARN  server.GrpcLogAppender (GrpcLogAppender.java:timeoutAppendRequest(200)) - s2@group-5C26748AB2B1->s1-GrpcLogAppender: appendEntries Timeout, request=s2->s1#1525-t3, previous=(t:3, i:1227), leaderCommit=1121, initializing? false, entries: <empty>
2019-09-24 16:16:54,533 WARN  server.GrpcLogAppender (GrpcLogAppender.java:timeoutAppendRequest(200)) - s2@group-5C26748AB2B1->s0-GrpcLogAppender: appendEntries Timeout, request=s2->s0#1357-t3, previous=(t:3, i:1227), leaderCommit=1121, initializing? false, entries: <empty>
2019-09-24 16:16:54,601 WARN  server.GrpcLogAppender (GrpcLogAppender.java:timeoutAppendRequest(200)) - s2@group-5C26748AB2B1->s1-GrpcLogAppender: appendEntries Timeout, request=s2->s1#1526-t3, previous=(t:3, i:1227), leaderCommit=1121, initializing? false, entries: <empty>
2019-09-24 16:16:54,608 WARN  server.GrpcLogAppender (GrpcLogAppender.java:timeoutAppendRequest(200)) - s2@group-5C26748AB2B1->s0-GrpcLogAppender: appendEntries Timeout, request=s2->s0#1358-t3, previous=(t:3, i:1227), leaderCommit=1121, initializing? false, entries: <empty>
2019-09-24 16:16:54,669 DEBUG client.GrpcClientProtocolService (GrpcClientProtocolService.java:responseError(257)) - 24-OrderedRequestStreamObserver24: Failed onNext for client-EDB41257C35F->s2#823-824* in 24-OrderedRequestStreamObserver24
java.lang.IllegalStateException: Entry already exists for key 824 in map SlidingWindow$Server:24-OrderedRequestStreamObserver24:requests
	at org.apache.ratis.util.Preconditions.assertTrue(Preconditions.java:75)
	at org.apache.ratis.util.CollectionUtils.putNew(CollectionUtils.java:94)
	at org.apache.ratis.util.SlidingWindow$RequestMap.putNewRequest(SlidingWindow.java:126)
	at org.apache.ratis.util.SlidingWindow$Server.receivedRequest(SlidingWindow.java:420)
	at org.apache.ratis.grpc.client.GrpcClientProtocolService$OrderedRequestStreamObserver.processClientRequest(GrpcClientProtocolService.java:345)
	at org.apache.ratis.grpc.client.GrpcClientProtocolService$RequestStreamObserver.onNext(GrpcClientProtocolService.java:240)
	at org.apache.ratis.grpc.client.GrpcClientProtocolService$RequestStreamObserver.onNext(GrpcClientProtocolService.java:168)
	at org.apache.ratis.thirdparty.io.grpc.stub.ServerCalls$StreamingServerCallHandler$StreamingServerCallListener.onMessage(ServerCalls.java:248)
	at org.apache.ratis.thirdparty.io.grpc.internal.ServerCallImpl$ServerStreamListenerImpl.messagesAvailable(ServerCallImpl.java:263)
	at org.apache.ratis.thirdparty.io.grpc.internal.ServerImpl$JumpToApplicationThreadServerStreamListener$1MessagesAvailable.runInContext(ServerImpl.java:686)
	at org.apache.ratis.thirdparty.io.grpc.internal.ContextRunnable.run(ContextRunnable.java:37)
	at org.apache.ratis.thirdparty.io.grpc.internal.SerializingExecutor.run(SerializingExecutor.java:123)
	at java.util.concurrent.ThreadPoolExecutor.runWorker(ThreadPoolExecutor.java:1149)
	at java.util.concurrent.ThreadPoolExecutor$Worker.run(ThreadPoolExecutor.java:624)
	at java.lang.Thread.run(Thread.java:748)
2019-09-24 16:16:54,677 WARN  server.GrpcLogAppender (GrpcLogAppender.java:timeoutAppendRequest(200)) - s2@group-5C26748AB2B1->s1-GrpcLogAppender: appendEntries Timeout, request=s2->s1#1527-t3, previous=(t:3, i:1227), leaderCommit=1121, initializing? false, entries: <empty>
2019-09-24 16:16:54,686 WARN  server.GrpcLogAppender (GrpcLogAppender.java:timeoutAppendRequest(200)) - s2@group-5C26748AB2B1->s0-GrpcLogAppender: appendEntries Timeout, request=s2->s0#1359-t3, previous=(t:3, i:1227), leaderCommit=1121, initializing? false, entries: <empty>
2019-09-24 16:16:54,752 WARN  server.GrpcLogAppender (GrpcLogAppender.java:timeoutAppendRequest(200)) - s2@group-5C26748AB2B1->s1-GrpcLogAppender: appendEntries Timeout, request=s2->s1#1528-t3, previous=(t:3, i:1227), leaderCommit=1121, initializing? false, entries: <empty>
2019-09-24 16:16:54,759 WARN  server.GrpcLogAppender (GrpcLogAppender.java:timeoutAppendRequest(200)) - s2@group-5C26748AB2B1->s0-GrpcLogAppender: appendEntries Timeout, request=s2->s0#1360-t3, previous=(t:3, i:1227), leaderCommit=1121, initializing? false, entries: <empty>
2019-09-24 16:16:54,799 DEBUG client.GrpcClientProtocolService (GrpcClientProtocolService.java:<init>(175)) - new 6-OrderedRequestStreamObserver6
2019-09-24 16:16:54,800 DEBUG client.GrpcClientProtocolService (GrpcClientProtocolService.java:sendReply(353)) - 6-OrderedRequestStreamObserver6: sendReply seq=824, RaftClientReply:client-EDB41257C35F->s1@group-5C26748AB2B1, cid=823, FAILED org.apache.ratis.protocol.NotLeaderException: Server s1@group-5C26748AB2B1 is not the leader s2:0.0.0.0:34862, logIndex=0, commits[s1:c1121, s0:c1087, s2:c1121]
2019-09-24 16:16:54,804 DEBUG client.GrpcClientProtocolService (GrpcClientProtocolService.java:close(374)) - 6-OrderedRequestStreamObserver6: close
2019-09-24 16:16:54,809 DEBUG client.GrpcClientProtocolService (GrpcClientProtocolService.java:<init>(175)) - new 25-OrderedRequestStreamObserver25
2019-09-24 16:16:54,827 WARN  server.GrpcLogAppender (GrpcLogAppender.java:timeoutAppendRequest(200)) - s2@group-5C26748AB2B1->s1-GrpcLogAppender: appendEntries Timeout, request=s2->s1#1529-t3, previous=(t:3, i:1227), leaderCommit=1121, initializing? false, entries: <empty>
2019-09-24 16:16:54,834 WARN  server.GrpcLogAppender (GrpcLogAppender.java:timeoutAppendRequest(200)) - s2@group-5C26748AB2B1->s0-GrpcLogAppender: appendEntries Timeout, request=s2->s0#1361-t3, previous=(t:3, i:1227), leaderCommit=1121, initializing? false, entries: <empty>
2019-09-24 16:16:54,902 WARN  server.GrpcLogAppender (GrpcLogAppender.java:timeoutAppendRequest(200)) - s2@group-5C26748AB2B1->s1-GrpcLogAppender: appendEntries Timeout, request=s2->s1#1530-t3, previous=(t:3, i:1227), leaderCommit=1121, initializing? false, entries: <empty>
2019-09-24 16:16:54,909 WARN  server.GrpcLogAppender (GrpcLogAppender.java:timeoutAppendRequest(200)) - s2@group-5C26748AB2B1->s0-GrpcLogAppender: appendEntries Timeout, request=s2->s0#1362-t3, previous=(t:3, i:1227), leaderCommit=1121, initializing? false, entries: <empty>
2019-09-24 16:16:54,940 WARN  ratis.RaftTestUtil (JavaUtils.java:attempt(158)) - FAILED "waitForLeader-null-(expectLeader? true)", attempt #23/100: java.lang.IllegalStateException: No leader yet : printing ALL groups
  s0:  RUNNING CANDIDATE s0@group-E77E9FD8E08A:t2, leader=null, voted=s0, raftlog=s0@group-E77E9FD8E08A-SegmentedRaftLog:OPENED:c-1,f-1,i0, conf=-1: [s0:0.0.0.0:34097, s1:0.0.0.0:42213, s2:0.0.0.0:41839], old=null RUNNING
  s1:  RUNNING CANDIDATE s1@group-E77E9FD8E08A:t2, leader=null, voted=s1, raftlog=s1@group-E77E9FD8E08A-SegmentedRaftLog:OPENED:c-1,f-1,i0, conf=-1: [s0:0.0.0.0:34097, s1:0.0.0.0:42213, s2:0.0.0.0:41839], old=null RUNNING
  s2:  RUNNING CANDIDATE s2@group-E77E9FD8E08A:t2, leader=null, voted=s2, raftlog=s2@group-E77E9FD8E08A-SegmentedRaftLog:OPENED:c-1,f-1,i0, conf=-1: [s0:0.0.0.0:34097, s1:0.0.0.0:42213, s2:0.0.0.0:41839], old=null RUNNING, sleep 450ms and then retry.
java.lang.IllegalStateException: No leader yet : printing ALL groups
  s0:  RUNNING CANDIDATE s0@group-E77E9FD8E08A:t2, leader=null, voted=s0, raftlog=s0@group-E77E9FD8E08A-SegmentedRaftLog:OPENED:c-1,f-1,i0, conf=-1: [s0:0.0.0.0:34097, s1:0.0.0.0:42213, s2:0.0.0.0:41839], old=null RUNNING
  s1:  RUNNING CANDIDATE s1@group-E77E9FD8E08A:t2, leader=null, voted=s1, raftlog=s1@group-E77E9FD8E08A-SegmentedRaftLog:OPENED:c-1,f-1,i0, conf=-1: [s0:0.0.0.0:34097, s1:0.0.0.0:42213, s2:0.0.0.0:41839], old=null RUNNING
  s2:  RUNNING CANDIDATE s2@group-E77E9FD8E08A:t2, leader=null, voted=s2, raftlog=s2@group-E77E9FD8E08A-SegmentedRaftLog:OPENED:c-1,f-1,i0, conf=-1: [s0:0.0.0.0:34097, s1:0.0.0.0:42213, s2:0.0.0.0:41839], old=null RUNNING
	at org.apache.ratis.MiniRaftCluster.newIllegalStateExceptionForNoLeaders(MiniRaftCluster.java:506)
	at org.apache.ratis.RaftTestUtil.lambda$waitForLeader$1(RaftTestUtil.java:90)
	at org.apache.ratis.MiniRaftCluster.getLeader(MiniRaftCluster.java:539)
	at org.apache.ratis.MiniRaftCluster.getLeader(MiniRaftCluster.java:532)
	at org.apache.ratis.RaftTestUtil.lambda$waitForLeader$3(RaftTestUtil.java:98)
	at org.apache.ratis.util.JavaUtils.attempt(JavaUtils.java:152)
	at org.apache.ratis.RaftTestUtil.waitForLeader(RaftTestUtil.java:97)
	at org.apache.ratis.RaftTestUtil.waitForLeader(RaftTestUtil.java:77)
	at org.apache.ratis.RaftTestUtil.waitForLeader(RaftTestUtil.java:72)
	at org.apache.ratis.OutputStreamBaseTest.runTestWriteAndFlush(OutputStreamBaseTest.java:121)
	at org.apache.ratis.MiniRaftCluster$Factory$Get.runWithNewCluster(MiniRaftCluster.java:125)
	at org.apache.ratis.MiniRaftCluster$Factory$Get.runWithNewCluster(MiniRaftCluster.java:113)
	at org.apache.ratis.OutputStreamBaseTest.testWriteAndFlush(OutputStreamBaseTest.java:116)
	at sun.reflect.NativeMethodAccessorImpl.invoke0(Native Method)
	at sun.reflect.NativeMethodAccessorImpl.invoke(NativeMethodAccessorImpl.java:62)
	at sun.reflect.DelegatingMethodAccessorImpl.invoke(DelegatingMethodAccessorImpl.java:43)
	at java.lang.reflect.Method.invoke(Method.java:498)
	at org.junit.runners.model.FrameworkMethod$1.runReflectiveCall(FrameworkMethod.java:50)
	at org.junit.internal.runners.model.ReflectiveCallable.run(ReflectiveCallable.java:12)
	at org.junit.runners.model.FrameworkMethod.invokeExplosively(FrameworkMethod.java:47)
	at org.junit.internal.runners.statements.InvokeMethod.evaluate(InvokeMethod.java:17)
	at org.junit.internal.runners.statements.RunAfters.evaluate(RunAfters.java:27)
	at org.junit.internal.runners.statements.FailOnTimeout$CallableStatement.call(FailOnTimeout.java:298)
	at org.junit.internal.runners.statements.FailOnTimeout$CallableStatement.call(FailOnTimeout.java:292)
	at java.util.concurrent.FutureTask.run(FutureTask.java:266)
	at java.lang.Thread.run(Thread.java:748)
2019-09-24 16:16:54,977 WARN  server.GrpcLogAppender (GrpcLogAppender.java:timeoutAppendRequest(200)) - s2@group-5C26748AB2B1->s1-GrpcLogAppender: appendEntries Timeout, request=s2->s1#1531-t3, previous=(t:3, i:1227), leaderCommit=1121, initializing? false, entries: <empty>
2019-09-24 16:16:54,984 WARN  server.GrpcLogAppender (GrpcLogAppender.java:timeoutAppendRequest(200)) - s2@group-5C26748AB2B1->s0-GrpcLogAppender: appendEntries Timeout, request=s2->s0#1363-t3, previous=(t:3, i:1227), leaderCommit=1121, initializing? false, entries: <empty>
2019-09-24 16:16:54,993 INFO  ratis.MiniRaftCluster (MiniRaftCluster.java:lambda$null$5(297)) - TIMED-PRINT: printing ALL groups
  s0:  RUNNING CANDIDATE s0@group-E77E9FD8E08A:t2, leader=null, voted=s0, raftlog=s0@group-E77E9FD8E08A-SegmentedRaftLog:OPENED:c-1,f-1,i0, conf=-1: [s0:0.0.0.0:34097, s1:0.0.0.0:42213, s2:0.0.0.0:41839], old=null RUNNING
  s1:  RUNNING CANDIDATE s1@group-E77E9FD8E08A:t2, leader=null, voted=s1, raftlog=s1@group-E77E9FD8E08A-SegmentedRaftLog:OPENED:c-1,f-1,i0, conf=-1: [s0:0.0.0.0:34097, s1:0.0.0.0:42213, s2:0.0.0.0:41839], old=null RUNNING
  s2:  RUNNING CANDIDATE s2@group-E77E9FD8E08A:t2, leader=null, voted=s2, raftlog=s2@group-E77E9FD8E08A-SegmentedRaftLog:OPENED:c-1,f-1,i0, conf=-1: [s0:0.0.0.0:34097, s1:0.0.0.0:42213, s2:0.0.0.0:41839], old=null RUNNING
2019-09-24 16:16:55,053 WARN  server.GrpcLogAppender (GrpcLogAppender.java:timeoutAppendRequest(200)) - s2@group-5C26748AB2B1->s1-GrpcLogAppender: appendEntries Timeout, request=s2->s1#1532-t3, previous=(t:3, i:1227), leaderCommit=1121, initializing? false, entries: <empty>
2019-09-24 16:16:55,060 WARN  server.GrpcLogAppender (GrpcLogAppender.java:timeoutAppendRequest(200)) - s2@group-5C26748AB2B1->s0-GrpcLogAppender: appendEntries Timeout, request=s2->s0#1364-t3, previous=(t:3, i:1227), leaderCommit=1121, initializing? false, entries: <empty>
2019-09-24 16:16:55,128 WARN  server.GrpcLogAppender (GrpcLogAppender.java:timeoutAppendRequest(200)) - s2@group-5C26748AB2B1->s1-GrpcLogAppender: appendEntries Timeout, request=s2->s1#1533-t3, previous=(t:3, i:1227), leaderCommit=1121, initializing? false, entries: <empty>
2019-09-24 16:16:55,135 WARN  server.GrpcLogAppender (GrpcLogAppender.java:timeoutAppendRequest(200)) - s2@group-5C26748AB2B1->s0-GrpcLogAppender: appendEntries Timeout, request=s2->s0#1365-t3, previous=(t:3, i:1227), leaderCommit=1121, initializing? false, entries: <empty>
2019-09-24 16:16:55,203 WARN  server.GrpcLogAppender (GrpcLogAppender.java:timeoutAppendRequest(200)) - s2@group-5C26748AB2B1->s1-GrpcLogAppender: appendEntries Timeout, request=s2->s1#1534-t3, previous=(t:3, i:1227), leaderCommit=1121, initializing? false, entries: <empty>
2019-09-24 16:16:55,210 WARN  server.GrpcLogAppender (GrpcLogAppender.java:timeoutAppendRequest(200)) - s2@group-5C26748AB2B1->s0-GrpcLogAppender: appendEntries Timeout, request=s2->s0#1366-t3, previous=(t:3, i:1227), leaderCommit=1121, initializing? false, entries: <empty>
2019-09-24 16:16:55,278 WARN  server.GrpcLogAppender (GrpcLogAppender.java:timeoutAppendRequest(200)) - s2@group-5C26748AB2B1->s1-GrpcLogAppender: appendEntries Timeout, request=s2->s1#1535-t3, previous=(t:3, i:1227), leaderCommit=1121, initializing? false, entries: <empty>
2019-09-24 16:16:55,285 WARN  server.GrpcLogAppender (GrpcLogAppender.java:timeoutAppendRequest(200)) - s2@group-5C26748AB2B1->s0-GrpcLogAppender: appendEntries Timeout, request=s2->s0#1367-t3, previous=(t:3, i:1227), leaderCommit=1121, initializing? false, entries: <empty>
2019-09-24 16:16:55,354 WARN  server.GrpcLogAppender (GrpcLogAppender.java:timeoutAppendRequest(200)) - s2@group-5C26748AB2B1->s1-GrpcLogAppender: appendEntries Timeout, request=s2->s1#1536-t3, previous=(t:3, i:1227), leaderCommit=1121, initializing? false, entries: <empty>
2019-09-24 16:16:55,360 WARN  server.GrpcLogAppender (GrpcLogAppender.java:timeoutAppendRequest(200)) - s2@group-5C26748AB2B1->s0-GrpcLogAppender: appendEntries Timeout, request=s2->s0#1368-t3, previous=(t:3, i:1227), leaderCommit=1121, initializing? false, entries: <empty>
2019-09-24 16:16:55,391 WARN  ratis.RaftTestUtil (JavaUtils.java:attempt(158)) - FAILED "waitForLeader-null-(expectLeader? true)", attempt #24/100: java.lang.IllegalStateException: No leader yet : printing ALL groups
  s0:  RUNNING CANDIDATE s0@group-E77E9FD8E08A:t2, leader=null, voted=s0, raftlog=s0@group-E77E9FD8E08A-SegmentedRaftLog:OPENED:c-1,f-1,i0, conf=-1: [s0:0.0.0.0:34097, s1:0.0.0.0:42213, s2:0.0.0.0:41839], old=null RUNNING
  s1:  RUNNING CANDIDATE s1@group-E77E9FD8E08A:t2, leader=null, voted=s1, raftlog=s1@group-E77E9FD8E08A-SegmentedRaftLog:OPENED:c-1,f-1,i0, conf=-1: [s0:0.0.0.0:34097, s1:0.0.0.0:42213, s2:0.0.0.0:41839], old=null RUNNING
  s2:  RUNNING CANDIDATE s2@group-E77E9FD8E08A:t2, leader=null, voted=s2, raftlog=s2@group-E77E9FD8E08A-SegmentedRaftLog:OPENED:c-1,f-1,i0, conf=-1: [s0:0.0.0.0:34097, s1:0.0.0.0:42213, s2:0.0.0.0:41839], old=null RUNNING, sleep 450ms and then retry.
java.lang.IllegalStateException: No leader yet : printing ALL groups
  s0:  RUNNING CANDIDATE s0@group-E77E9FD8E08A:t2, leader=null, voted=s0, raftlog=s0@group-E77E9FD8E08A-SegmentedRaftLog:OPENED:c-1,f-1,i0, conf=-1: [s0:0.0.0.0:34097, s1:0.0.0.0:42213, s2:0.0.0.0:41839], old=null RUNNING
  s1:  RUNNING CANDIDATE s1@group-E77E9FD8E08A:t2, leader=null, voted=s1, raftlog=s1@group-E77E9FD8E08A-SegmentedRaftLog:OPENED:c-1,f-1,i0, conf=-1: [s0:0.0.0.0:34097, s1:0.0.0.0:42213, s2:0.0.0.0:41839], old=null RUNNING
  s2:  RUNNING CANDIDATE s2@group-E77E9FD8E08A:t2, leader=null, voted=s2, raftlog=s2@group-E77E9FD8E08A-SegmentedRaftLog:OPENED:c-1,f-1,i0, conf=-1: [s0:0.0.0.0:34097, s1:0.0.0.0:42213, s2:0.0.0.0:41839], old=null RUNNING
	at org.apache.ratis.MiniRaftCluster.newIllegalStateExceptionForNoLeaders(MiniRaftCluster.java:506)
	at org.apache.ratis.RaftTestUtil.lambda$waitForLeader$1(RaftTestUtil.java:90)
	at org.apache.ratis.MiniRaftCluster.getLeader(MiniRaftCluster.java:539)
	at org.apache.ratis.MiniRaftCluster.getLeader(MiniRaftCluster.java:532)
	at org.apache.ratis.RaftTestUtil.lambda$waitForLeader$3(RaftTestUtil.java:98)
	at org.apache.ratis.util.JavaUtils.attempt(JavaUtils.java:152)
	at org.apache.ratis.RaftTestUtil.waitForLeader(RaftTestUtil.java:97)
	at org.apache.ratis.RaftTestUtil.waitForLeader(RaftTestUtil.java:77)
	at org.apache.ratis.RaftTestUtil.waitForLeader(RaftTestUtil.java:72)
	at org.apache.ratis.OutputStreamBaseTest.runTestWriteAndFlush(OutputStreamBaseTest.java:121)
	at org.apache.ratis.MiniRaftCluster$Factory$Get.runWithNewCluster(MiniRaftCluster.java:125)
	at org.apache.ratis.MiniRaftCluster$Factory$Get.runWithNewCluster(MiniRaftCluster.java:113)
	at org.apache.ratis.OutputStreamBaseTest.testWriteAndFlush(OutputStreamBaseTest.java:116)
	at sun.reflect.NativeMethodAccessorImpl.invoke0(Native Method)
	at sun.reflect.NativeMethodAccessorImpl.invoke(NativeMethodAccessorImpl.java:62)
	at sun.reflect.DelegatingMethodAccessorImpl.invoke(DelegatingMethodAccessorImpl.java:43)
	at java.lang.reflect.Method.invoke(Method.java:498)
	at org.junit.runners.model.FrameworkMethod$1.runReflectiveCall(FrameworkMethod.java:50)
	at org.junit.internal.runners.model.ReflectiveCallable.run(ReflectiveCallable.java:12)
	at org.junit.runners.model.FrameworkMethod.invokeExplosively(FrameworkMethod.java:47)
	at org.junit.internal.runners.statements.InvokeMethod.evaluate(InvokeMethod.java:17)
	at org.junit.internal.runners.statements.RunAfters.evaluate(RunAfters.java:27)
	at org.junit.internal.runners.statements.FailOnTimeout$CallableStatement.call(FailOnTimeout.java:298)
	at org.junit.internal.runners.statements.FailOnTimeout$CallableStatement.call(FailOnTimeout.java:292)
	at java.util.concurrent.FutureTask.run(FutureTask.java:266)
	at java.lang.Thread.run(Thread.java:748)
2019-09-24 16:16:55,429 WARN  server.GrpcLogAppender (GrpcLogAppender.java:timeoutAppendRequest(200)) - s2@group-5C26748AB2B1->s1-GrpcLogAppender: appendEntries Timeout, request=s2->s1#1537-t3, previous=(t:3, i:1227), leaderCommit=1121, initializing? false, entries: <empty>
2019-09-24 16:16:55,436 WARN  server.GrpcLogAppender (GrpcLogAppender.java:timeoutAppendRequest(200)) - s2@group-5C26748AB2B1->s0-GrpcLogAppender: appendEntries Timeout, request=s2->s0#1369-t3, previous=(t:3, i:1227), leaderCommit=1121, initializing? false, entries: <empty>
2019-09-24 16:16:55,504 WARN  server.GrpcLogAppender (GrpcLogAppender.java:timeoutAppendRequest(200)) - s2@group-5C26748AB2B1->s1-GrpcLogAppender: appendEntries Timeout, request=s2->s1#1538-t3, previous=(t:3, i:1227), leaderCommit=1121, initializing? false, entries: <empty>
2019-09-24 16:16:55,511 WARN  server.GrpcLogAppender (GrpcLogAppender.java:timeoutAppendRequest(200)) - s2@group-5C26748AB2B1->s0-GrpcLogAppender: appendEntries Timeout, request=s2->s0#1370-t3, previous=(t:3, i:1227), leaderCommit=1121, initializing? false, entries: <empty>
2019-09-24 16:16:55,579 WARN  server.GrpcLogAppender (GrpcLogAppender.java:timeoutAppendRequest(200)) - s2@group-5C26748AB2B1->s1-GrpcLogAppender: appendEntries Timeout, request=s2->s1#1539-t3, previous=(t:3, i:1227), leaderCommit=1121, initializing? false, entries: <empty>
2019-09-24 16:16:55,586 WARN  server.GrpcLogAppender (GrpcLogAppender.java:timeoutAppendRequest(200)) - s2@group-5C26748AB2B1->s0-GrpcLogAppender: appendEntries Timeout, request=s2->s0#1371-t3, previous=(t:3, i:1227), leaderCommit=1121, initializing? false, entries: <empty>
2019-09-24 16:16:55,655 WARN  server.GrpcLogAppender (GrpcLogAppender.java:timeoutAppendRequest(200)) - s2@group-5C26748AB2B1->s1-GrpcLogAppender: appendEntries Timeout, request=s2->s1#1540-t3, previous=(t:3, i:1227), leaderCommit=1121, initializing? false, entries: <empty>
2019-09-24 16:16:55,658 WARN  server.GrpcLogAppender (GrpcLogAppender.java:onNextImpl(251)) - s2@group-5C26748AB2B1->s0-AppendLogResponseHandler: Request not found, ignoring reply: s2<-s0#1230:OK,SUCCESS,nextIndex:1141,term:3,followerCommit:1121
2019-09-24 16:16:55,659 WARN  server.GrpcLogAppender (GrpcLogAppender.java:onNextImpl(251)) - s2@group-5C26748AB2B1->s0-AppendLogResponseHandler: Request not found, ignoring reply: s2<-s0#1231:OK,SUCCESS,nextIndex:1142,term:3,followerCommit:1121
2019-09-24 16:16:55,659 WARN  server.GrpcLogAppender (GrpcLogAppender.java:onNextImpl(251)) - s2@group-5C26748AB2B1->s1-AppendLogResponseHandler: Request not found, ignoring reply: s2<-s1#1363:OK,SUCCESS,nextIndex:1132,term:3,followerCommit:1121
2019-09-24 16:16:55,659 WARN  server.GrpcLogAppender (GrpcLogAppender.java:onNextImpl(251)) - s2@group-5C26748AB2B1->s0-AppendLogResponseHandler: Request not found, ignoring reply: s2<-s0#1232:OK,SUCCESS,nextIndex:1143,term:3,followerCommit:1121
2019-09-24 16:16:55,659 WARN  server.GrpcLogAppender (GrpcLogAppender.java:onNextImpl(251)) - s2@group-5C26748AB2B1->s1-AppendLogResponseHandler: Request not found, ignoring reply: s2<-s1#1364:OK,SUCCESS,nextIndex:1133,term:3,followerCommit:1121
2019-09-24 16:16:55,659 WARN  server.GrpcLogAppender (GrpcLogAppender.java:onNextImpl(251)) - s2@group-5C26748AB2B1->s0-AppendLogResponseHandler: Request not found, ignoring reply: s2<-s0#1233:OK,SUCCESS,nextIndex:1144,term:3,followerCommit:1121
2019-09-24 16:16:55,660 WARN  server.GrpcLogAppender (GrpcLogAppender.java:onNextImpl(251)) - s2@group-5C26748AB2B1->s1-AppendLogResponseHandler: Request not found, ignoring reply: s2<-s1#1365:OK,SUCCESS,nextIndex:1134,term:3,followerCommit:1121
2019-09-24 16:16:55,660 WARN  server.GrpcLogAppender (GrpcLogAppender.java:onNextImpl(251)) - s2@group-5C26748AB2B1->s0-AppendLogResponseHandler: Request not found, ignoring reply: s2<-s0#1234:OK,SUCCESS,nextIndex:1145,term:3,followerCommit:1121
2019-09-24 16:16:55,660 WARN  server.GrpcLogAppender (GrpcLogAppender.java:onNextImpl(251)) - s2@group-5C26748AB2B1->s1-AppendLogResponseHandler: Request not found, ignoring reply: s2<-s1#1366:OK,SUCCESS,nextIndex:1135,term:3,followerCommit:1121
2019-09-24 16:16:55,660 WARN  server.GrpcLogAppender (GrpcLogAppender.java:onNextImpl(251)) - s2@group-5C26748AB2B1->s0-AppendLogResponseHandler: Request not found, ignoring reply: s2<-s0#1235:OK,SUCCESS,nextIndex:1146,term:3,followerCommit:1121
2019-09-24 16:16:55,661 WARN  server.GrpcLogAppender (GrpcLogAppender.java:onNextImpl(251)) - s2@group-5C26748AB2B1->s1-AppendLogResponseHandler: Request not found, ignoring reply: s2<-s1#1367:OK,SUCCESS,nextIndex:1136,term:3,followerCommit:1121
2019-09-24 16:16:55,661 WARN  server.GrpcLogAppender (GrpcLogAppender.java:onNextImpl(251)) - s2@group-5C26748AB2B1->s0-AppendLogResponseHandler: Request not found, ignoring reply: s2<-s0#1236:OK,SUCCESS,nextIndex:1147,term:3,followerCommit:1121
2019-09-24 16:16:55,661 WARN  server.GrpcLogAppender (GrpcLogAppender.java:onNextImpl(251)) - s2@group-5C26748AB2B1->s1-AppendLogResponseHandler: Request not found, ignoring reply: s2<-s1#1368:OK,SUCCESS,nextIndex:1137,term:3,followerCommit:1121
2019-09-24 16:16:55,661 WARN  server.GrpcLogAppender (GrpcLogAppender.java:onNextImpl(251)) - s2@group-5C26748AB2B1->s0-AppendLogResponseHandler: Request not found, ignoring reply: s2<-s0#1237:OK,SUCCESS,nextIndex:1148,term:3,followerCommit:1121
2019-09-24 16:16:55,661 WARN  server.GrpcLogAppender (GrpcLogAppender.java:onNextImpl(251)) - s2@group-5C26748AB2B1->s1-AppendLogResponseHandler: Request not found, ignoring reply: s2<-s1#1369:OK,SUCCESS,nextIndex:1138,term:3,followerCommit:1121
2019-09-24 16:16:55,661 WARN  server.GrpcLogAppender (GrpcLogAppender.java:timeoutAppendRequest(200)) - s2@group-5C26748AB2B1->s0-GrpcLogAppender: appendEntries Timeout, request=s2->s0#1372-t3, previous=(t:3, i:1227), leaderCommit=1121, initializing? false, entries: <empty>
2019-09-24 16:16:55,662 WARN  server.GrpcLogAppender (GrpcLogAppender.java:onNextImpl(251)) - s2@group-5C26748AB2B1->s1-AppendLogResponseHandler: Request not found, ignoring reply: s2<-s1#1370:OK,SUCCESS,nextIndex:1139,term:3,followerCommit:1121
2019-09-24 16:16:55,662 WARN  server.GrpcLogAppender (GrpcLogAppender.java:onNextImpl(251)) - s2@group-5C26748AB2B1->s0-AppendLogResponseHandler: Request not found, ignoring reply: s2<-s0#1238:OK,SUCCESS,nextIndex:1149,term:3,followerCommit:1121
2019-09-24 16:16:55,662 WARN  server.GrpcLogAppender (GrpcLogAppender.java:onNextImpl(251)) - s2@group-5C26748AB2B1->s1-AppendLogResponseHandler: Request not found, ignoring reply: s2<-s1#1371:OK,SUCCESS,nextIndex:1140,term:3,followerCommit:1121
2019-09-24 16:16:55,663 WARN  server.GrpcLogAppender (GrpcLogAppender.java:onNextImpl(251)) - s2@group-5C26748AB2B1->s0-AppendLogResponseHandler: Request not found, ignoring reply: s2<-s0#1239:OK,SUCCESS,nextIndex:1150,term:3,followerCommit:1121
2019-09-24 16:16:55,663 WARN  server.GrpcLogAppender (GrpcLogAppender.java:onNextImpl(251)) - s2@group-5C26748AB2B1->s1-AppendLogResponseHandler: Request not found, ignoring reply: s2<-s1#1372:OK,SUCCESS,nextIndex:1141,term:3,followerCommit:1121
2019-09-24 16:16:55,663 WARN  server.GrpcLogAppender (GrpcLogAppender.java:onNextImpl(251)) - s2@group-5C26748AB2B1->s0-AppendLogResponseHandler: Request not found, ignoring reply: s2<-s0#1240:OK,SUCCESS,nextIndex:1151,term:3,followerCommit:1121
2019-09-24 16:16:55,663 WARN  server.GrpcLogAppender (GrpcLogAppender.java:onNextImpl(251)) - s2@group-5C26748AB2B1->s1-AppendLogResponseHandler: Request not found, ignoring reply: s2<-s1#1373:OK,SUCCESS,nextIndex:1142,term:3,followerCommit:1121
2019-09-24 16:16:55,664 WARN  server.GrpcLogAppender (GrpcLogAppender.java:onNextImpl(251)) - s2@group-5C26748AB2B1->s0-AppendLogResponseHandler: Request not found, ignoring reply: s2<-s0#1241:OK,SUCCESS,nextIndex:1152,term:3,followerCommit:1121
2019-09-24 16:16:55,664 WARN  server.GrpcLogAppender (GrpcLogAppender.java:onNextImpl(251)) - s2@group-5C26748AB2B1->s1-AppendLogResponseHandler: Request not found, ignoring reply: s2<-s1#1374:OK,SUCCESS,nextIndex:1143,term:3,followerCommit:1121
2019-09-24 16:16:55,664 WARN  server.GrpcLogAppender (GrpcLogAppender.java:onNextImpl(251)) - s2@group-5C26748AB2B1->s0-AppendLogResponseHandler: Request not found, ignoring reply: s2<-s0#1242:OK,SUCCESS,nextIndex:1153,term:3,followerCommit:1121
2019-09-24 16:16:55,665 WARN  server.GrpcLogAppender (GrpcLogAppender.java:onNextImpl(251)) - s2@group-5C26748AB2B1->s0-AppendLogResponseHandler: Request not found, ignoring reply: s2<-s0#1243:OK,SUCCESS,nextIndex:1154,term:3,followerCommit:1121
2019-09-24 16:16:55,665 WARN  server.GrpcLogAppender (GrpcLogAppender.java:onNextImpl(251)) - s2@group-5C26748AB2B1->s1-AppendLogResponseHandler: Request not found, ignoring reply: s2<-s1#1375:OK,SUCCESS,nextIndex:1144,term:3,followerCommit:1121
2019-09-24 16:16:55,665 WARN  server.GrpcLogAppender (GrpcLogAppender.java:onNextImpl(251)) - s2@group-5C26748AB2B1->s0-AppendLogResponseHandler: Request not found, ignoring reply: s2<-s0#1244:OK,SUCCESS,nextIndex:1155,term:3,followerCommit:1121
2019-09-24 16:16:55,665 WARN  server.GrpcLogAppender (GrpcLogAppender.java:onNextImpl(251)) - s2@group-5C26748AB2B1->s1-AppendLogResponseHandler: Request not found, ignoring reply: s2<-s1#1376:OK,SUCCESS,nextIndex:1145,term:3,followerCommit:1121
2019-09-24 16:16:55,665 WARN  server.GrpcLogAppender (GrpcLogAppender.java:onNextImpl(251)) - s2@group-5C26748AB2B1->s0-AppendLogResponseHandler: Request not found, ignoring reply: s2<-s0#1245:OK,SUCCESS,nextIndex:1156,term:3,followerCommit:1121
2019-09-24 16:16:55,666 WARN  server.GrpcLogAppender (GrpcLogAppender.java:onNextImpl(251)) - s2@group-5C26748AB2B1->s1-AppendLogResponseHandler: Request not found, ignoring reply: s2<-s1#1377:OK,SUCCESS,nextIndex:1146,term:3,followerCommit:1121
2019-09-24 16:16:55,666 WARN  server.GrpcLogAppender (GrpcLogAppender.java:onNextImpl(251)) - s2@group-5C26748AB2B1->s0-AppendLogResponseHandler: Request not found, ignoring reply: s2<-s0#1246:OK,SUCCESS,nextIndex:1157,term:3,followerCommit:1121
2019-09-24 16:16:55,666 WARN  server.GrpcLogAppender (GrpcLogAppender.java:onNextImpl(251)) - s2@group-5C26748AB2B1->s1-AppendLogResponseHandler: Request not found, ignoring reply: s2<-s1#1378:OK,SUCCESS,nextIndex:1147,term:3,followerCommit:1121
2019-09-24 16:16:55,666 WARN  server.GrpcLogAppender (GrpcLogAppender.java:onNextImpl(251)) - s2@group-5C26748AB2B1->s0-AppendLogResponseHandler: Request not found, ignoring reply: s2<-s0#1247:OK,SUCCESS,nextIndex:1158,term:3,followerCommit:1121
2019-09-24 16:16:55,667 WARN  server.GrpcLogAppender (GrpcLogAppender.java:onNextImpl(251)) - s2@group-5C26748AB2B1->s1-AppendLogResponseHandler: Request not found, ignoring reply: s2<-s1#1379:OK,SUCCESS,nextIndex:1148,term:3,followerCommit:1121
2019-09-24 16:16:55,667 WARN  server.GrpcLogAppender (GrpcLogAppender.java:onNextImpl(251)) - s2@group-5C26748AB2B1->s0-AppendLogResponseHandler: Request not found, ignoring reply: s2<-s0#1248:OK,SUCCESS,nextIndex:1159,term:3,followerCommit:1121
2019-09-24 16:16:55,667 WARN  server.GrpcLogAppender (GrpcLogAppender.java:onNextImpl(251)) - s2@group-5C26748AB2B1->s1-AppendLogResponseHandler: Request not found, ignoring reply: s2<-s1#1380:OK,SUCCESS,nextIndex:1149,term:3,followerCommit:1121
2019-09-24 16:16:55,667 WARN  server.GrpcLogAppender (GrpcLogAppender.java:onNextImpl(251)) - s2@group-5C26748AB2B1->s0-AppendLogResponseHandler: Request not found, ignoring reply: s2<-s0#1249:OK,SUCCESS,nextIndex:1160,term:3,followerCommit:1121
2019-09-24 16:16:55,668 WARN  server.GrpcLogAppender (GrpcLogAppender.java:onNextImpl(251)) - s2@group-5C26748AB2B1->s1-AppendLogResponseHandler: Request not found, ignoring reply: s2<-s1#1381:OK,SUCCESS,nextIndex:1150,term:3,followerCommit:1121
2019-09-24 16:16:55,668 WARN  server.GrpcLogAppender (GrpcLogAppender.java:onNextImpl(251)) - s2@group-5C26748AB2B1->s0-AppendLogResponseHandler: Request not found, ignoring reply: s2<-s0#1250:OK,SUCCESS,nextIndex:1161,term:3,followerCommit:1121
2019-09-24 16:16:55,668 WARN  server.GrpcLogAppender (GrpcLogAppender.java:onNextImpl(251)) - s2@group-5C26748AB2B1->s1-AppendLogResponseHandler: Request not found, ignoring reply: s2<-s1#1382:OK,SUCCESS,nextIndex:1151,term:3,followerCommit:1121
2019-09-24 16:16:55,668 WARN  server.GrpcLogAppender (GrpcLogAppender.java:onNextImpl(251)) - s2@group-5C26748AB2B1->s0-AppendLogResponseHandler: Request not found, ignoring reply: s2<-s0#1251:OK,SUCCESS,nextIndex:1162,term:3,followerCommit:1121
2019-09-24 16:16:55,668 WARN  server.GrpcLogAppender (GrpcLogAppender.java:onNextImpl(251)) - s2@group-5C26748AB2B1->s1-AppendLogResponseHandler: Request not found, ignoring reply: s2<-s1#1383:OK,SUCCESS,nextIndex:1152,term:3,followerCommit:1121
2019-09-24 16:16:55,669 WARN  server.GrpcLogAppender (GrpcLogAppender.java:onNextImpl(251)) - s2@group-5C26748AB2B1->s0-AppendLogResponseHandler: Request not found, ignoring reply: s2<-s0#1252:OK,SUCCESS,nextIndex:1163,term:3,followerCommit:1121
2019-09-24 16:16:55,669 WARN  server.GrpcLogAppender (GrpcLogAppender.java:onNextImpl(251)) - s2@group-5C26748AB2B1->s1-AppendLogResponseHandler: Request not found, ignoring reply: s2<-s1#1384:OK,SUCCESS,nextIndex:1153,term:3,followerCommit:1121
2019-09-24 16:16:55,669 WARN  server.GrpcLogAppender (GrpcLogAppender.java:onNextImpl(251)) - s2@group-5C26748AB2B1->s0-AppendLogResponseHandler: Request not found, ignoring reply: s2<-s0#1253:OK,SUCCESS,nextIndex:1164,term:3,followerCommit:1121
2019-09-24 16:16:55,669 WARN  server.GrpcLogAppender (GrpcLogAppender.java:onNextImpl(251)) - s2@group-5C26748AB2B1->s1-AppendLogResponseHandler: Request not found, ignoring reply: s2<-s1#1385:OK,SUCCESS,nextIndex:1154,term:3,followerCommit:1121
2019-09-24 16:16:55,669 WARN  server.GrpcLogAppender (GrpcLogAppender.java:onNextImpl(251)) - s2@group-5C26748AB2B1->s0-AppendLogResponseHandler: Request not found, ignoring reply: s2<-s0#1254:OK,SUCCESS,nextIndex:1165,term:3,followerCommit:1121
2019-09-24 16:16:55,669 WARN  server.GrpcLogAppender (GrpcLogAppender.java:onNextImpl(251)) - s2@group-5C26748AB2B1->s1-AppendLogResponseHandler: Request not found, ignoring reply: s2<-s1#1386:OK,SUCCESS,nextIndex:1155,term:3,followerCommit:1121
2019-09-24 16:16:55,670 WARN  server.GrpcLogAppender (GrpcLogAppender.java:onNextImpl(251)) - s2@group-5C26748AB2B1->s0-AppendLogResponseHandler: Request not found, ignoring reply: s2<-s0#1255:OK,SUCCESS,nextIndex:1166,term:3,followerCommit:1121
2019-09-24 16:16:55,670 WARN  server.GrpcLogAppender (GrpcLogAppender.java:onNextImpl(251)) - s2@group-5C26748AB2B1->s1-AppendLogResponseHandler: Request not found, ignoring reply: s2<-s1#1387:OK,SUCCESS,nextIndex:1156,term:3,followerCommit:1121
2019-09-24 16:16:55,670 WARN  server.GrpcLogAppender (GrpcLogAppender.java:onNextImpl(251)) - s2@group-5C26748AB2B1->s0-AppendLogResponseHandler: Request not found, ignoring reply: s2<-s0#1256:OK,SUCCESS,nextIndex:1167,term:3,followerCommit:1121
2019-09-24 16:16:55,670 WARN  server.GrpcLogAppender (GrpcLogAppender.java:onNextImpl(251)) - s2@group-5C26748AB2B1->s1-AppendLogResponseHandler: Request not found, ignoring reply: s2<-s1#1388:OK,SUCCESS,nextIndex:1157,term:3,followerCommit:1121
2019-09-24 16:16:55,670 WARN  server.GrpcLogAppender (GrpcLogAppender.java:onNextImpl(251)) - s2@group-5C26748AB2B1->s0-AppendLogResponseHandler: Request not found, ignoring reply: s2<-s0#1257:OK,SUCCESS,nextIndex:1168,term:3,followerCommit:1121
2019-09-24 16:16:55,671 WARN  server.GrpcLogAppender (GrpcLogAppender.java:onNextImpl(251)) - s2@group-5C26748AB2B1->s1-AppendLogResponseHandler: Request not found, ignoring reply: s2<-s1#1389:OK,SUCCESS,nextIndex:1158,term:3,followerCommit:1121
2019-09-24 16:16:55,671 WARN  server.GrpcLogAppender (GrpcLogAppender.java:onNextImpl(251)) - s2@group-5C26748AB2B1->s0-AppendLogResponseHandler: Request not found, ignoring reply: s2<-s0#1258:OK,SUCCESS,nextIndex:1169,term:3,followerCommit:1121
2019-09-24 16:16:55,671 WARN  server.GrpcLogAppender (GrpcLogAppender.java:onNextImpl(251)) - s2@group-5C26748AB2B1->s1-AppendLogResponseHandler: Request not found, ignoring reply: s2<-s1#1390:OK,SUCCESS,nextIndex:1159,term:3,followerCommit:1121
2019-09-24 16:16:55,671 WARN  server.GrpcLogAppender (GrpcLogAppender.java:onNextImpl(251)) - s2@group-5C26748AB2B1->s0-AppendLogResponseHandler: Request not found, ignoring reply: s2<-s0#1259:OK,SUCCESS,nextIndex:1170,term:3,followerCommit:1121
2019-09-24 16:16:55,671 WARN  server.GrpcLogAppender (GrpcLogAppender.java:onNextImpl(251)) - s2@group-5C26748AB2B1->s1-AppendLogResponseHandler: Request not found, ignoring reply: s2<-s1#1391:OK,SUCCESS,nextIndex:1160,term:3,followerCommit:1121
2019-09-24 16:16:55,671 WARN  server.GrpcLogAppender (GrpcLogAppender.java:onNextImpl(251)) - s2@group-5C26748AB2B1->s0-AppendLogResponseHandler: Request not found, ignoring reply: s2<-s0#1260:OK,SUCCESS,nextIndex:1171,term:3,followerCommit:1121
2019-09-24 16:16:55,672 WARN  server.GrpcLogAppender (GrpcLogAppender.java:onNextImpl(251)) - s2@group-5C26748AB2B1->s1-AppendLogResponseHandler: Request not found, ignoring reply: s2<-s1#1392:OK,SUCCESS,nextIndex:1161,term:3,followerCommit:1121
2019-09-24 16:16:55,672 WARN  server.GrpcLogAppender (GrpcLogAppender.java:onNextImpl(251)) - s2@group-5C26748AB2B1->s0-AppendLogResponseHandler: Request not found, ignoring reply: s2<-s0#1261:OK,SUCCESS,nextIndex:1172,term:3,followerCommit:1121
2019-09-24 16:16:55,672 WARN  server.GrpcLogAppender (GrpcLogAppender.java:onNextImpl(251)) - s2@group-5C26748AB2B1->s1-AppendLogResponseHandler: Request not found, ignoring reply: s2<-s1#1393:OK,SUCCESS,nextIndex:1162,term:3,followerCommit:1121
2019-09-24 16:16:55,672 WARN  server.GrpcLogAppender (GrpcLogAppender.java:onNextImpl(251)) - s2@group-5C26748AB2B1->s0-AppendLogResponseHandler: Request not found, ignoring reply: s2<-s0#1262:OK,SUCCESS,nextIndex:1173,term:3,followerCommit:1121
2019-09-24 16:16:55,673 WARN  server.GrpcLogAppender (GrpcLogAppender.java:onNextImpl(251)) - s2@group-5C26748AB2B1->s1-AppendLogResponseHandler: Request not found, ignoring reply: s2<-s1#1394:OK,SUCCESS,nextIndex:1163,term:3,followerCommit:1121
2019-09-24 16:16:55,673 WARN  server.GrpcLogAppender (GrpcLogAppender.java:onNextImpl(251)) - s2@group-5C26748AB2B1->s0-AppendLogResponseHandler: Request not found, ignoring reply: s2<-s0#1263:OK,SUCCESS,nextIndex:1174,term:3,followerCommit:1121
2019-09-24 16:16:55,673 WARN  server.GrpcLogAppender (GrpcLogAppender.java:onNextImpl(251)) - s2@group-5C26748AB2B1->s1-AppendLogResponseHandler: Request not found, ignoring reply: s2<-s1#1395:OK,SUCCESS,nextIndex:1164,term:3,followerCommit:1121
2019-09-24 16:16:55,674 WARN  server.GrpcLogAppender (GrpcLogAppender.java:onNextImpl(251)) - s2@group-5C26748AB2B1->s0-AppendLogResponseHandler: Request not found, ignoring reply: s2<-s0#1264:OK,SUCCESS,nextIndex:1175,term:3,followerCommit:1121
2019-09-24 16:16:55,674 WARN  server.GrpcLogAppender (GrpcLogAppender.java:onNextImpl(251)) - s2@group-5C26748AB2B1->s1-AppendLogResponseHandler: Request not found, ignoring reply: s2<-s1#1396:OK,SUCCESS,nextIndex:1165,term:3,followerCommit:1121
2019-09-24 16:16:55,674 WARN  server.GrpcLogAppender (GrpcLogAppender.java:onNextImpl(251)) - s2@group-5C26748AB2B1->s0-AppendLogResponseHandler: Request not found, ignoring reply: s2<-s0#1265:OK,SUCCESS,nextIndex:1176,term:3,followerCommit:1121
2019-09-24 16:16:55,674 WARN  server.GrpcLogAppender (GrpcLogAppender.java:onNextImpl(251)) - s2@group-5C26748AB2B1->s1-AppendLogResponseHandler: Request not found, ignoring reply: s2<-s1#1397:OK,SUCCESS,nextIndex:1166,term:3,followerCommit:1121
2019-09-24 16:16:55,675 WARN  server.GrpcLogAppender (GrpcLogAppender.java:onNextImpl(251)) - s2@group-5C26748AB2B1->s0-AppendLogResponseHandler: Request not found, ignoring reply: s2<-s0#1266:OK,SUCCESS,nextIndex:1177,term:3,followerCommit:1121
2019-09-24 16:16:55,675 WARN  server.GrpcLogAppender (GrpcLogAppender.java:onNextImpl(251)) - s2@group-5C26748AB2B1->s1-AppendLogResponseHandler: Request not found, ignoring reply: s2<-s1#1398:OK,SUCCESS,nextIndex:1167,term:3,followerCommit:1121
2019-09-24 16:16:55,675 WARN  server.GrpcLogAppender (GrpcLogAppender.java:onNextImpl(251)) - s2@group-5C26748AB2B1->s0-AppendLogResponseHandler: Request not found, ignoring reply: s2<-s0#1267:OK,SUCCESS,nextIndex:1178,term:3,followerCommit:1121
2019-09-24 16:16:55,675 WARN  server.GrpcLogAppender (GrpcLogAppender.java:onNextImpl(251)) - s2@group-5C26748AB2B1->s1-AppendLogResponseHandler: Request not found, ignoring reply: s2<-s1#1399:OK,SUCCESS,nextIndex:1168,term:3,followerCommit:1121
2019-09-24 16:16:55,676 WARN  server.GrpcLogAppender (GrpcLogAppender.java:onNextImpl(251)) - s2@group-5C26748AB2B1->s0-AppendLogResponseHandler: Request not found, ignoring reply: s2<-s0#1268:OK,SUCCESS,nextIndex:1179,term:3,followerCommit:1121
2019-09-24 16:16:55,676 WARN  server.GrpcLogAppender (GrpcLogAppender.java:onNextImpl(251)) - s2@group-5C26748AB2B1->s1-AppendLogResponseHandler: Request not found, ignoring reply: s2<-s1#1400:OK,SUCCESS,nextIndex:1169,term:3,followerCommit:1121
2019-09-24 16:16:55,676 WARN  server.GrpcLogAppender (GrpcLogAppender.java:onNextImpl(251)) - s2@group-5C26748AB2B1->s0-AppendLogResponseHandler: Request not found, ignoring reply: s2<-s0#1269:OK,SUCCESS,nextIndex:1180,term:3,followerCommit:1121
2019-09-24 16:16:55,676 WARN  server.GrpcLogAppender (GrpcLogAppender.java:onNextImpl(251)) - s2@group-5C26748AB2B1->s1-AppendLogResponseHandler: Request not found, ignoring reply: s2<-s1#1401:OK,SUCCESS,nextIndex:1170,term:3,followerCommit:1121
2019-09-24 16:16:55,676 WARN  server.GrpcLogAppender (GrpcLogAppender.java:onNextImpl(251)) - s2@group-5C26748AB2B1->s0-AppendLogResponseHandler: Request not found, ignoring reply: s2<-s0#1270:OK,SUCCESS,nextIndex:1181,term:3,followerCommit:1121
2019-09-24 16:16:55,677 WARN  server.GrpcLogAppender (GrpcLogAppender.java:onNextImpl(251)) - s2@group-5C26748AB2B1->s1-AppendLogResponseHandler: Request not found, ignoring reply: s2<-s1#1402:OK,SUCCESS,nextIndex:1171,term:3,followerCommit:1121
2019-09-24 16:16:55,677 WARN  server.GrpcLogAppender (GrpcLogAppender.java:onNextImpl(251)) - s2@group-5C26748AB2B1->s0-AppendLogResponseHandler: Request not found, ignoring reply: s2<-s0#1271:OK,SUCCESS,nextIndex:1182,term:3,followerCommit:1121
2019-09-24 16:16:55,677 WARN  server.GrpcLogAppender (GrpcLogAppender.java:onNextImpl(251)) - s2@group-5C26748AB2B1->s1-AppendLogResponseHandler: Request not found, ignoring reply: s2<-s1#1403:OK,SUCCESS,nextIndex:1172,term:3,followerCommit:1121
2019-09-24 16:16:55,677 WARN  server.GrpcLogAppender (GrpcLogAppender.java:onNextImpl(251)) - s2@group-5C26748AB2B1->s0-AppendLogResponseHandler: Request not found, ignoring reply: s2<-s0#1272:OK,SUCCESS,nextIndex:1183,term:3,followerCommit:1121
2019-09-24 16:16:55,678 WARN  server.GrpcLogAppender (GrpcLogAppender.java:onNextImpl(251)) - s2@group-5C26748AB2B1->s1-AppendLogResponseHandler: Request not found, ignoring reply: s2<-s1#1404:OK,SUCCESS,nextIndex:1173,term:3,followerCommit:1121
2019-09-24 16:16:55,678 WARN  server.GrpcLogAppender (GrpcLogAppender.java:onNextImpl(251)) - s2@group-5C26748AB2B1->s0-AppendLogResponseHandler: Request not found, ignoring reply: s2<-s0#1273:OK,SUCCESS,nextIndex:1184,term:3,followerCommit:1121
2019-09-24 16:16:55,678 WARN  server.GrpcLogAppender (GrpcLogAppender.java:onNextImpl(251)) - s2@group-5C26748AB2B1->s1-AppendLogResponseHandler: Request not found, ignoring reply: s2<-s1#1405:OK,SUCCESS,nextIndex:1174,term:3,followerCommit:1121
2019-09-24 16:16:55,678 WARN  server.GrpcLogAppender (GrpcLogAppender.java:onNextImpl(251)) - s2@group-5C26748AB2B1->s0-AppendLogResponseHandler: Request not found, ignoring reply: s2<-s0#1274:OK,SUCCESS,nextIndex:1185,term:3,followerCommit:1121
2019-09-24 16:16:55,678 WARN  server.GrpcLogAppender (GrpcLogAppender.java:onNextImpl(251)) - s2@group-5C26748AB2B1->s1-AppendLogResponseHandler: Request not found, ignoring reply: s2<-s1#1406:OK,SUCCESS,nextIndex:1175,term:3,followerCommit:1121
2019-09-24 16:16:55,679 WARN  server.GrpcLogAppender (GrpcLogAppender.java:onNextImpl(251)) - s2@group-5C26748AB2B1->s0-AppendLogResponseHandler: Request not found, ignoring reply: s2<-s0#1275:OK,SUCCESS,nextIndex:1186,term:3,followerCommit:1121
2019-09-24 16:16:55,679 WARN  server.GrpcLogAppender (GrpcLogAppender.java:onNextImpl(251)) - s2@group-5C26748AB2B1->s1-AppendLogResponseHandler: Request not found, ignoring reply: s2<-s1#1407:OK,SUCCESS,nextIndex:1176,term:3,followerCommit:1121
2019-09-24 16:16:55,679 WARN  server.GrpcLogAppender (GrpcLogAppender.java:onNextImpl(251)) - s2@group-5C26748AB2B1->s0-AppendLogResponseHandler: Request not found, ignoring reply: s2<-s0#1276:OK,SUCCESS,nextIndex:1187,term:3,followerCommit:1121
2019-09-24 16:16:55,679 WARN  server.GrpcLogAppender (GrpcLogAppender.java:onNextImpl(251)) - s2@group-5C26748AB2B1->s1-AppendLogResponseHandler: Request not found, ignoring reply: s2<-s1#1408:OK,SUCCESS,nextIndex:1177,term:3,followerCommit:1121
2019-09-24 16:16:55,679 WARN  server.GrpcLogAppender (GrpcLogAppender.java:onNextImpl(251)) - s2@group-5C26748AB2B1->s0-AppendLogResponseHandler: Request not found, ignoring reply: s2<-s0#1277:OK,SUCCESS,nextIndex:1188,term:3,followerCommit:1121
2019-09-24 16:16:55,680 WARN  server.GrpcLogAppender (GrpcLogAppender.java:onNextImpl(251)) - s2@group-5C26748AB2B1->s1-AppendLogResponseHandler: Request not found, ignoring reply: s2<-s1#1409:OK,SUCCESS,nextIndex:1178,term:3,followerCommit:1121
2019-09-24 16:16:55,680 WARN  server.GrpcLogAppender (GrpcLogAppender.java:onNextImpl(251)) - s2@group-5C26748AB2B1->s0-AppendLogResponseHandler: Request not found, ignoring reply: s2<-s0#1278:OK,SUCCESS,nextIndex:1189,term:3,followerCommit:1121
2019-09-24 16:16:55,680 WARN  server.GrpcLogAppender (GrpcLogAppender.java:onNextImpl(251)) - s2@group-5C26748AB2B1->s1-AppendLogResponseHandler: Request not found, ignoring reply: s2<-s1#1410:OK,SUCCESS,nextIndex:1179,term:3,followerCommit:1121
2019-09-24 16:16:55,680 WARN  server.GrpcLogAppender (GrpcLogAppender.java:onNextImpl(251)) - s2@group-5C26748AB2B1->s0-AppendLogResponseHandler: Request not found, ignoring reply: s2<-s0#1279:OK,SUCCESS,nextIndex:1190,term:3,followerCommit:1121
2019-09-24 16:16:55,681 WARN  server.GrpcLogAppender (GrpcLogAppender.java:onNextImpl(251)) - s2@group-5C26748AB2B1->s1-AppendLogResponseHandler: Request not found, ignoring reply: s2<-s1#1411:OK,SUCCESS,nextIndex:1180,term:3,followerCommit:1121
2019-09-24 16:16:55,681 WARN  server.GrpcLogAppender (GrpcLogAppender.java:onNextImpl(251)) - s2@group-5C26748AB2B1->s0-AppendLogResponseHandler: Request not found, ignoring reply: s2<-s0#1280:OK,SUCCESS,nextIndex:1191,term:3,followerCommit:1121
2019-09-24 16:16:55,681 WARN  server.GrpcLogAppender (GrpcLogAppender.java:onNextImpl(251)) - s2@group-5C26748AB2B1->s1-AppendLogResponseHandler: Request not found, ignoring reply: s2<-s1#1412:OK,SUCCESS,nextIndex:1181,term:3,followerCommit:1121
2019-09-24 16:16:55,681 WARN  server.GrpcLogAppender (GrpcLogAppender.java:onNextImpl(251)) - s2@group-5C26748AB2B1->s0-AppendLogResponseHandler: Request not found, ignoring reply: s2<-s0#1281:OK,SUCCESS,nextIndex:1192,term:3,followerCommit:1121
2019-09-24 16:16:55,681 WARN  server.GrpcLogAppender (GrpcLogAppender.java:onNextImpl(251)) - s2@group-5C26748AB2B1->s1-AppendLogResponseHandler: Request not found, ignoring reply: s2<-s1#1413:OK,SUCCESS,nextIndex:1182,term:3,followerCommit:1121
2019-09-24 16:16:55,682 WARN  server.GrpcLogAppender (GrpcLogAppender.java:onNextImpl(251)) - s2@group-5C26748AB2B1->s0-AppendLogResponseHandler: Request not found, ignoring reply: s2<-s0#1282:OK,SUCCESS,nextIndex:1193,term:3,followerCommit:1121
2019-09-24 16:16:55,682 WARN  server.GrpcLogAppender (GrpcLogAppender.java:onNextImpl(251)) - s2@group-5C26748AB2B1->s1-AppendLogResponseHandler: Request not found, ignoring reply: s2<-s1#1414:OK,SUCCESS,nextIndex:1183,term:3,followerCommit:1121
2019-09-24 16:16:55,682 WARN  server.GrpcLogAppender (GrpcLogAppender.java:onNextImpl(251)) - s2@group-5C26748AB2B1->s0-AppendLogResponseHandler: Request not found, ignoring reply: s2<-s0#1283:OK,SUCCESS,nextIndex:1194,term:3,followerCommit:1121
2019-09-24 16:16:55,682 WARN  server.GrpcLogAppender (GrpcLogAppender.java:onNextImpl(251)) - s2@group-5C26748AB2B1->s1-AppendLogResponseHandler: Request not found, ignoring reply: s2<-s1#1415:OK,SUCCESS,nextIndex:1184,term:3,followerCommit:1121
2019-09-24 16:16:55,682 WARN  server.GrpcLogAppender (GrpcLogAppender.java:onNextImpl(251)) - s2@group-5C26748AB2B1->s0-AppendLogResponseHandler: Request not found, ignoring reply: s2<-s0#1284:OK,SUCCESS,nextIndex:1195,term:3,followerCommit:1121
2019-09-24 16:16:55,683 WARN  server.GrpcLogAppender (GrpcLogAppender.java:onNextImpl(251)) - s2@group-5C26748AB2B1->s1-AppendLogResponseHandler: Request not found, ignoring reply: s2<-s1#1416:OK,SUCCESS,nextIndex:1185,term:3,followerCommit:1121
2019-09-24 16:16:55,683 WARN  server.GrpcLogAppender (GrpcLogAppender.java:onNextImpl(251)) - s2@group-5C26748AB2B1->s0-AppendLogResponseHandler: Request not found, ignoring reply: s2<-s0#1285:OK,SUCCESS,nextIndex:1196,term:3,followerCommit:1121
2019-09-24 16:16:55,683 WARN  server.GrpcLogAppender (GrpcLogAppender.java:onNextImpl(251)) - s2@group-5C26748AB2B1->s1-AppendLogResponseHandler: Request not found, ignoring reply: s2<-s1#1417:OK,SUCCESS,nextIndex:1186,term:3,followerCommit:1121
2019-09-24 16:16:55,683 WARN  server.GrpcLogAppender (GrpcLogAppender.java:onNextImpl(251)) - s2@group-5C26748AB2B1->s0-AppendLogResponseHandler: Request not found, ignoring reply: s2<-s0#1286:OK,SUCCESS,nextIndex:1197,term:3,followerCommit:1121
2019-09-24 16:16:55,684 WARN  server.GrpcLogAppender (GrpcLogAppender.java:onNextImpl(251)) - s2@group-5C26748AB2B1->s1-AppendLogResponseHandler: Request not found, ignoring reply: s2<-s1#1418:OK,SUCCESS,nextIndex:1187,term:3,followerCommit:1121
2019-09-24 16:16:55,684 WARN  server.GrpcLogAppender (GrpcLogAppender.java:onNextImpl(251)) - s2@group-5C26748AB2B1->s0-AppendLogResponseHandler: Request not found, ignoring reply: s2<-s0#1287:OK,SUCCESS,nextIndex:1198,term:3,followerCommit:1121
2019-09-24 16:16:55,684 WARN  server.GrpcLogAppender (GrpcLogAppender.java:onNextImpl(251)) - s2@group-5C26748AB2B1->s1-AppendLogResponseHandler: Request not found, ignoring reply: s2<-s1#1419:OK,SUCCESS,nextIndex:1188,term:3,followerCommit:1121
2019-09-24 16:16:55,684 WARN  server.GrpcLogAppender (GrpcLogAppender.java:onNextImpl(251)) - s2@group-5C26748AB2B1->s0-AppendLogResponseHandler: Request not found, ignoring reply: s2<-s0#1288:OK,SUCCESS,nextIndex:1199,term:3,followerCommit:1121
2019-09-24 16:16:55,685 WARN  server.GrpcLogAppender (GrpcLogAppender.java:onNextImpl(251)) - s2@group-5C26748AB2B1->s1-AppendLogResponseHandler: Request not found, ignoring reply: s2<-s1#1420:OK,SUCCESS,nextIndex:1189,term:3,followerCommit:1121
2019-09-24 16:16:55,685 WARN  server.GrpcLogAppender (GrpcLogAppender.java:onNextImpl(251)) - s2@group-5C26748AB2B1->s0-AppendLogResponseHandler: Request not found, ignoring reply: s2<-s0#1289:OK,SUCCESS,nextIndex:1200,term:3,followerCommit:1121
2019-09-24 16:16:55,685 WARN  server.GrpcLogAppender (GrpcLogAppender.java:onNextImpl(251)) - s2@group-5C26748AB2B1->s1-AppendLogResponseHandler: Request not found, ignoring reply: s2<-s1#1421:OK,SUCCESS,nextIndex:1190,term:3,followerCommit:1121
2019-09-24 16:16:55,685 WARN  server.GrpcLogAppender (GrpcLogAppender.java:onNextImpl(251)) - s2@group-5C26748AB2B1->s0-AppendLogResponseHandler: Request not found, ignoring reply: s2<-s0#1290:OK,SUCCESS,nextIndex:1201,term:3,followerCommit:1121
2019-09-24 16:16:55,686 WARN  server.GrpcLogAppender (GrpcLogAppender.java:onNextImpl(251)) - s2@group-5C26748AB2B1->s1-AppendLogResponseHandler: Request not found, ignoring reply: s2<-s1#1422:OK,SUCCESS,nextIndex:1191,term:3,followerCommit:1121
2019-09-24 16:16:55,686 WARN  server.GrpcLogAppender (GrpcLogAppender.java:onNextImpl(251)) - s2@group-5C26748AB2B1->s0-AppendLogResponseHandler: Request not found, ignoring reply: s2<-s0#1291:OK,SUCCESS,nextIndex:1202,term:3,followerCommit:1121
2019-09-24 16:16:55,686 WARN  server.GrpcLogAppender (GrpcLogAppender.java:onNextImpl(251)) - s2@group-5C26748AB2B1->s1-AppendLogResponseHandler: Request not found, ignoring reply: s2<-s1#1423:OK,SUCCESS,nextIndex:1192,term:3,followerCommit:1121
2019-09-24 16:16:55,686 WARN  server.GrpcLogAppender (GrpcLogAppender.java:onNextImpl(251)) - s2@group-5C26748AB2B1->s0-AppendLogResponseHandler: Request not found, ignoring reply: s2<-s0#1292:OK,SUCCESS,nextIndex:1203,term:3,followerCommit:1121
2019-09-24 16:16:55,686 WARN  server.GrpcLogAppender (GrpcLogAppender.java:onNextImpl(251)) - s2@group-5C26748AB2B1->s1-AppendLogResponseHandler: Request not found, ignoring reply: s2<-s1#1424:OK,SUCCESS,nextIndex:1193,term:3,followerCommit:1121
2019-09-24 16:16:55,686 WARN  server.GrpcLogAppender (GrpcLogAppender.java:onNextImpl(251)) - s2@group-5C26748AB2B1->s0-AppendLogResponseHandler: Request not found, ignoring reply: s2<-s0#1293:OK,SUCCESS,nextIndex:1204,term:3,followerCommit:1121
2019-09-24 16:16:55,687 WARN  server.GrpcLogAppender (GrpcLogAppender.java:onNextImpl(251)) - s2@group-5C26748AB2B1->s1-AppendLogResponseHandler: Request not found, ignoring reply: s2<-s1#1425:OK,SUCCESS,nextIndex:1194,term:3,followerCommit:1121
2019-09-24 16:16:55,687 WARN  server.GrpcLogAppender (GrpcLogAppender.java:onNextImpl(251)) - s2@group-5C26748AB2B1->s0-AppendLogResponseHandler: Request not found, ignoring reply: s2<-s0#1294:OK,SUCCESS,nextIndex:1205,term:3,followerCommit:1121
2019-09-24 16:16:55,687 WARN  server.GrpcLogAppender (GrpcLogAppender.java:onNextImpl(251)) - s2@group-5C26748AB2B1->s1-AppendLogResponseHandler: Request not found, ignoring reply: s2<-s1#1426:OK,SUCCESS,nextIndex:1195,term:3,followerCommit:1121
2019-09-24 16:16:55,687 WARN  server.GrpcLogAppender (GrpcLogAppender.java:onNextImpl(251)) - s2@group-5C26748AB2B1->s0-AppendLogResponseHandler: Request not found, ignoring reply: s2<-s0#1295:OK,SUCCESS,nextIndex:1206,term:3,followerCommit:1121
2019-09-24 16:16:55,688 WARN  server.GrpcLogAppender (GrpcLogAppender.java:onNextImpl(251)) - s2@group-5C26748AB2B1->s1-AppendLogResponseHandler: Request not found, ignoring reply: s2<-s1#1427:OK,SUCCESS,nextIndex:1196,term:3,followerCommit:1121
2019-09-24 16:16:55,688 WARN  server.GrpcLogAppender (GrpcLogAppender.java:onNextImpl(251)) - s2@group-5C26748AB2B1->s0-AppendLogResponseHandler: Request not found, ignoring reply: s2<-s0#1296:OK,SUCCESS,nextIndex:1207,term:3,followerCommit:1121
2019-09-24 16:16:55,688 WARN  server.GrpcLogAppender (GrpcLogAppender.java:onNextImpl(251)) - s2@group-5C26748AB2B1->s1-AppendLogResponseHandler: Request not found, ignoring reply: s2<-s1#1428:OK,SUCCESS,nextIndex:1197,term:3,followerCommit:1121
2019-09-24 16:16:55,688 WARN  server.GrpcLogAppender (GrpcLogAppender.java:onNextImpl(251)) - s2@group-5C26748AB2B1->s0-AppendLogResponseHandler: Request not found, ignoring reply: s2<-s0#1297:OK,SUCCESS,nextIndex:1208,term:3,followerCommit:1121
2019-09-24 16:16:55,688 WARN  server.GrpcLogAppender (GrpcLogAppender.java:onNextImpl(251)) - s2@group-5C26748AB2B1->s1-AppendLogResponseHandler: Request not found, ignoring reply: s2<-s1#1429:OK,SUCCESS,nextIndex:1198,term:3,followerCommit:1121
2019-09-24 16:16:55,688 WARN  server.GrpcLogAppender (GrpcLogAppender.java:onNextImpl(251)) - s2@group-5C26748AB2B1->s0-AppendLogResponseHandler: Request not found, ignoring reply: s2<-s0#1298:OK,SUCCESS,nextIndex:1209,term:3,followerCommit:1121
2019-09-24 16:16:55,689 WARN  server.GrpcLogAppender (GrpcLogAppender.java:onNextImpl(251)) - s2@group-5C26748AB2B1->s1-AppendLogResponseHandler: Request not found, ignoring reply: s2<-s1#1430:OK,SUCCESS,nextIndex:1199,term:3,followerCommit:1121
2019-09-24 16:16:55,689 WARN  server.GrpcLogAppender (GrpcLogAppender.java:onNextImpl(251)) - s2@group-5C26748AB2B1->s0-AppendLogResponseHandler: Request not found, ignoring reply: s2<-s0#1299:OK,SUCCESS,nextIndex:1210,term:3,followerCommit:1121
2019-09-24 16:16:55,689 WARN  server.GrpcLogAppender (GrpcLogAppender.java:onNextImpl(251)) - s2@group-5C26748AB2B1->s1-AppendLogResponseHandler: Request not found, ignoring reply: s2<-s1#1431:OK,SUCCESS,nextIndex:1200,term:3,followerCommit:1121
2019-09-24 16:16:55,689 WARN  server.GrpcLogAppender (GrpcLogAppender.java:onNextImpl(251)) - s2@group-5C26748AB2B1->s0-AppendLogResponseHandler: Request not found, ignoring reply: s2<-s0#1300:OK,SUCCESS,nextIndex:1211,term:3,followerCommit:1121
2019-09-24 16:16:55,689 WARN  server.GrpcLogAppender (GrpcLogAppender.java:onNextImpl(251)) - s2@group-5C26748AB2B1->s1-AppendLogResponseHandler: Request not found, ignoring reply: s2<-s1#1432:OK,SUCCESS,nextIndex:1201,term:3,followerCommit:1121
2019-09-24 16:16:55,690 WARN  server.GrpcLogAppender (GrpcLogAppender.java:onNextImpl(251)) - s2@group-5C26748AB2B1->s0-AppendLogResponseHandler: Request not found, ignoring reply: s2<-s0#1301:OK,SUCCESS,nextIndex:1212,term:3,followerCommit:1121
2019-09-24 16:16:55,690 WARN  server.GrpcLogAppender (GrpcLogAppender.java:onNextImpl(251)) - s2@group-5C26748AB2B1->s1-AppendLogResponseHandler: Request not found, ignoring reply: s2<-s1#1433:OK,SUCCESS,nextIndex:1202,term:3,followerCommit:1121
2019-09-24 16:16:55,690 WARN  server.GrpcLogAppender (GrpcLogAppender.java:onNextImpl(251)) - s2@group-5C26748AB2B1->s0-AppendLogResponseHandler: Request not found, ignoring reply: s2<-s0#1302:OK,SUCCESS,nextIndex:1213,term:3,followerCommit:1121
2019-09-24 16:16:55,690 WARN  server.GrpcLogAppender (GrpcLogAppender.java:onNextImpl(251)) - s2@group-5C26748AB2B1->s1-AppendLogResponseHandler: Request not found, ignoring reply: s2<-s1#1434:OK,SUCCESS,nextIndex:1203,term:3,followerCommit:1121
2019-09-24 16:16:55,690 WARN  server.GrpcLogAppender (GrpcLogAppender.java:onNextImpl(251)) - s2@group-5C26748AB2B1->s0-AppendLogResponseHandler: Request not found, ignoring reply: s2<-s0#1303:OK,SUCCESS,nextIndex:1214,term:3,followerCommit:1121
2019-09-24 16:16:55,690 WARN  server.GrpcLogAppender (GrpcLogAppender.java:onNextImpl(251)) - s2@group-5C26748AB2B1->s1-AppendLogResponseHandler: Request not found, ignoring reply: s2<-s1#1435:OK,SUCCESS,nextIndex:1204,term:3,followerCommit:1121
2019-09-24 16:16:55,691 WARN  server.GrpcLogAppender (GrpcLogAppender.java:onNextImpl(251)) - s2@group-5C26748AB2B1->s0-AppendLogResponseHandler: Request not found, ignoring reply: s2<-s0#1304:OK,SUCCESS,nextIndex:1215,term:3,followerCommit:1121
2019-09-24 16:16:55,691 WARN  server.GrpcLogAppender (GrpcLogAppender.java:onNextImpl(251)) - s2@group-5C26748AB2B1->s1-AppendLogResponseHandler: Request not found, ignoring reply: s2<-s1#1436:OK,SUCCESS,nextIndex:1205,term:3,followerCommit:1121
2019-09-24 16:16:55,691 WARN  server.GrpcLogAppender (GrpcLogAppender.java:onNextImpl(251)) - s2@group-5C26748AB2B1->s0-AppendLogResponseHandler: Request not found, ignoring reply: s2<-s0#1305:OK,SUCCESS,nextIndex:1216,term:3,followerCommit:1121
2019-09-24 16:16:55,691 WARN  server.GrpcLogAppender (GrpcLogAppender.java:onNextImpl(251)) - s2@group-5C26748AB2B1->s1-AppendLogResponseHandler: Request not found, ignoring reply: s2<-s1#1437:OK,SUCCESS,nextIndex:1206,term:3,followerCommit:1121
2019-09-24 16:16:55,691 WARN  server.GrpcLogAppender (GrpcLogAppender.java:onNextImpl(251)) - s2@group-5C26748AB2B1->s0-AppendLogResponseHandler: Request not found, ignoring reply: s2<-s0#1306:OK,SUCCESS,nextIndex:1217,term:3,followerCommit:1121
2019-09-24 16:16:55,691 WARN  server.GrpcLogAppender (GrpcLogAppender.java:onNextImpl(251)) - s2@group-5C26748AB2B1->s1-AppendLogResponseHandler: Request not found, ignoring reply: s2<-s1#1438:OK,SUCCESS,nextIndex:1207,term:3,followerCommit:1121
2019-09-24 16:16:55,692 WARN  server.GrpcLogAppender (GrpcLogAppender.java:onNextImpl(251)) - s2@group-5C26748AB2B1->s0-AppendLogResponseHandler: Request not found, ignoring reply: s2<-s0#1307:OK,SUCCESS,nextIndex:1218,term:3,followerCommit:1121
2019-09-24 16:16:55,692 WARN  server.GrpcLogAppender (GrpcLogAppender.java:onNextImpl(251)) - s2@group-5C26748AB2B1->s1-AppendLogResponseHandler: Request not found, ignoring reply: s2<-s1#1439:OK,SUCCESS,nextIndex:1208,term:3,followerCommit:1121
2019-09-24 16:16:55,692 WARN  server.GrpcLogAppender (GrpcLogAppender.java:onNextImpl(251)) - s2@group-5C26748AB2B1->s0-AppendLogResponseHandler: Request not found, ignoring reply: s2<-s0#1308:OK,SUCCESS,nextIndex:1219,term:3,followerCommit:1121
2019-09-24 16:16:55,692 WARN  server.GrpcLogAppender (GrpcLogAppender.java:onNextImpl(251)) - s2@group-5C26748AB2B1->s1-AppendLogResponseHandler: Request not found, ignoring reply: s2<-s1#1440:OK,SUCCESS,nextIndex:1209,term:3,followerCommit:1121
2019-09-24 16:16:55,692 WARN  server.GrpcLogAppender (GrpcLogAppender.java:onNextImpl(251)) - s2@group-5C26748AB2B1->s0-AppendLogResponseHandler: Request not found, ignoring reply: s2<-s0#1309:OK,SUCCESS,nextIndex:1220,term:3,followerCommit:1121
2019-09-24 16:16:55,692 WARN  server.GrpcLogAppender (GrpcLogAppender.java:onNextImpl(251)) - s2@group-5C26748AB2B1->s1-AppendLogResponseHandler: Request not found, ignoring reply: s2<-s1#1441:OK,SUCCESS,nextIndex:1210,term:3,followerCommit:1121
2019-09-24 16:16:55,693 WARN  server.GrpcLogAppender (GrpcLogAppender.java:onNextImpl(251)) - s2@group-5C26748AB2B1->s0-AppendLogResponseHandler: Request not found, ignoring reply: s2<-s0#1310:OK,SUCCESS,nextIndex:1221,term:3,followerCommit:1121
2019-09-24 16:16:55,693 WARN  server.GrpcLogAppender (GrpcLogAppender.java:onNextImpl(251)) - s2@group-5C26748AB2B1->s1-AppendLogResponseHandler: Request not found, ignoring reply: s2<-s1#1442:OK,SUCCESS,nextIndex:1211,term:3,followerCommit:1121
2019-09-24 16:16:55,693 WARN  server.GrpcLogAppender (GrpcLogAppender.java:onNextImpl(251)) - s2@group-5C26748AB2B1->s0-AppendLogResponseHandler: Request not found, ignoring reply: s2<-s0#1311:OK,SUCCESS,nextIndex:1222,term:3,followerCommit:1121
2019-09-24 16:16:55,693 WARN  server.GrpcLogAppender (GrpcLogAppender.java:onNextImpl(251)) - s2@group-5C26748AB2B1->s1-AppendLogResponseHandler: Request not found, ignoring reply: s2<-s1#1443:OK,SUCCESS,nextIndex:1212,term:3,followerCommit:1121
2019-09-24 16:16:55,693 WARN  server.GrpcLogAppender (GrpcLogAppender.java:onNextImpl(251)) - s2@group-5C26748AB2B1->s0-AppendLogResponseHandler: Request not found, ignoring reply: s2<-s0#1312:OK,SUCCESS,nextIndex:1222,term:3,followerCommit:1087
2019-09-24 16:16:55,693 WARN  server.GrpcLogAppender (GrpcLogAppender.java:onNextImpl(251)) - s2@group-5C26748AB2B1->s1-AppendLogResponseHandler: Request not found, ignoring reply: s2<-s1#1444:OK,SUCCESS,nextIndex:1213,term:3,followerCommit:1121
2019-09-24 16:16:55,694 WARN  server.GrpcLogAppender (GrpcLogAppender.java:onNextImpl(251)) - s2@group-5C26748AB2B1->s0-AppendLogResponseHandler: Request not found, ignoring reply: s2<-s0#1313:OK,SUCCESS,nextIndex:1228,term:3,followerCommit:1121
2019-09-24 16:16:55,694 WARN  server.GrpcLogAppender (GrpcLogAppender.java:onNextImpl(251)) - s2@group-5C26748AB2B1->s1-AppendLogResponseHandler: Request not found, ignoring reply: s2<-s1#1445:OK,SUCCESS,nextIndex:1214,term:3,followerCommit:1121
2019-09-24 16:16:55,694 WARN  server.GrpcLogAppender (GrpcLogAppender.java:onNextImpl(251)) - s2@group-5C26748AB2B1->s0-AppendLogResponseHandler: Request not found, ignoring reply: s2<-s0#1314:OK,SUCCESS,nextIndex:1228,term:3,followerCommit:1087
2019-09-24 16:16:55,694 WARN  server.GrpcLogAppender (GrpcLogAppender.java:onNextImpl(251)) - s2@group-5C26748AB2B1->s1-AppendLogResponseHandler: Request not found, ignoring reply: s2<-s1#1446:OK,SUCCESS,nextIndex:1215,term:3,followerCommit:1121
2019-09-24 16:16:55,694 WARN  server.GrpcLogAppender (GrpcLogAppender.java:onNextImpl(251)) - s2@group-5C26748AB2B1->s0-AppendLogResponseHandler: Request not found, ignoring reply: s2<-s0#1315:OK,SUCCESS,nextIndex:1228,term:3,followerCommit:1087
2019-09-24 16:16:55,694 WARN  server.GrpcLogAppender (GrpcLogAppender.java:onNextImpl(251)) - s2@group-5C26748AB2B1->s1-AppendLogResponseHandler: Request not found, ignoring reply: s2<-s1#1447:OK,SUCCESS,nextIndex:1216,term:3,followerCommit:1121
2019-09-24 16:16:55,695 WARN  server.GrpcLogAppender (GrpcLogAppender.java:onNextImpl(251)) - s2@group-5C26748AB2B1->s0-AppendLogResponseHandler: Request not found, ignoring reply: s2<-s0#1316:OK,SUCCESS,nextIndex:1228,term:3,followerCommit:1087
2019-09-24 16:16:55,695 WARN  server.GrpcLogAppender (GrpcLogAppender.java:onNextImpl(251)) - s2@group-5C26748AB2B1->s1-AppendLogResponseHandler: Request not found, ignoring reply: s2<-s1#1448:OK,SUCCESS,nextIndex:1217,term:3,followerCommit:1121
2019-09-24 16:16:55,695 WARN  server.GrpcLogAppender (GrpcLogAppender.java:onNextImpl(251)) - s2@group-5C26748AB2B1->s0-AppendLogResponseHandler: Request not found, ignoring reply: s2<-s0#1317:OK,SUCCESS,nextIndex:1228,term:3,followerCommit:1087
2019-09-24 16:16:55,695 WARN  server.GrpcLogAppender (GrpcLogAppender.java:onNextImpl(251)) - s2@group-5C26748AB2B1->s1-AppendLogResponseHandler: Request not found, ignoring reply: s2<-s1#1449:OK,SUCCESS,nextIndex:1218,term:3,followerCommit:1121
2019-09-24 16:16:55,695 WARN  server.GrpcLogAppender (GrpcLogAppender.java:onNextImpl(251)) - s2@group-5C26748AB2B1->s0-AppendLogResponseHandler: Request not found, ignoring reply: s2<-s0#1318:OK,SUCCESS,nextIndex:1228,term:3,followerCommit:1087
2019-09-24 16:16:55,695 WARN  server.GrpcLogAppender (GrpcLogAppender.java:onNextImpl(251)) - s2@group-5C26748AB2B1->s1-AppendLogResponseHandler: Request not found, ignoring reply: s2<-s1#1450:OK,SUCCESS,nextIndex:1219,term:3,followerCommit:1121
2019-09-24 16:16:55,696 WARN  server.GrpcLogAppender (GrpcLogAppender.java:onNextImpl(251)) - s2@group-5C26748AB2B1->s0-AppendLogResponseHandler: Request not found, ignoring reply: s2<-s0#1319:OK,SUCCESS,nextIndex:1228,term:3,followerCommit:1087
2019-09-24 16:16:55,696 WARN  server.GrpcLogAppender (GrpcLogAppender.java:onNextImpl(251)) - s2@group-5C26748AB2B1->s1-AppendLogResponseHandler: Request not found, ignoring reply: s2<-s1#1451:OK,SUCCESS,nextIndex:1220,term:3,followerCommit:1121
2019-09-24 16:16:55,696 WARN  server.GrpcLogAppender (GrpcLogAppender.java:onNextImpl(251)) - s2@group-5C26748AB2B1->s0-AppendLogResponseHandler: Request not found, ignoring reply: s2<-s0#1320:OK,SUCCESS,nextIndex:1228,term:3,followerCommit:1087
2019-09-24 16:16:55,696 WARN  server.GrpcLogAppender (GrpcLogAppender.java:onNextImpl(251)) - s2@group-5C26748AB2B1->s1-AppendLogResponseHandler: Request not found, ignoring reply: s2<-s1#1452:OK,SUCCESS,nextIndex:1221,term:3,followerCommit:1121
2019-09-24 16:16:55,696 WARN  server.GrpcLogAppender (GrpcLogAppender.java:onNextImpl(251)) - s2@group-5C26748AB2B1->s0-AppendLogResponseHandler: Request not found, ignoring reply: s2<-s0#1321:OK,SUCCESS,nextIndex:1228,term:3,followerCommit:1087
2019-09-24 16:16:55,696 WARN  server.GrpcLogAppender (GrpcLogAppender.java:onNextImpl(251)) - s2@group-5C26748AB2B1->s1-AppendLogResponseHandler: Request not found, ignoring reply: s2<-s1#1453:OK,SUCCESS,nextIndex:1222,term:3,followerCommit:1121
2019-09-24 16:16:55,697 WARN  server.GrpcLogAppender (GrpcLogAppender.java:onNextImpl(251)) - s2@group-5C26748AB2B1->s0-AppendLogResponseHandler: Request not found, ignoring reply: s2<-s0#1322:OK,SUCCESS,nextIndex:1228,term:3,followerCommit:1087
2019-09-24 16:16:55,697 WARN  server.GrpcLogAppender (GrpcLogAppender.java:onNextImpl(251)) - s2@group-5C26748AB2B1->s1-AppendLogResponseHandler: Request not found, ignoring reply: s2<-s1#1454:OK,SUCCESS,nextIndex:1223,term:3,followerCommit:1121
2019-09-24 16:16:55,697 WARN  server.GrpcLogAppender (GrpcLogAppender.java:onNextImpl(251)) - s2@group-5C26748AB2B1->s0-AppendLogResponseHandler: Request not found, ignoring reply: s2<-s0#1323:OK,SUCCESS,nextIndex:1228,term:3,followerCommit:1087
2019-09-24 16:16:55,697 WARN  server.GrpcLogAppender (GrpcLogAppender.java:onNextImpl(251)) - s2@group-5C26748AB2B1->s1-AppendLogResponseHandler: Request not found, ignoring reply: s2<-s1#1455:OK,SUCCESS,nextIndex:1224,term:3,followerCommit:1121
2019-09-24 16:16:55,697 WARN  server.GrpcLogAppender (GrpcLogAppender.java:onNextImpl(251)) - s2@group-5C26748AB2B1->s0-AppendLogResponseHandler: Request not found, ignoring reply: s2<-s0#1324:OK,SUCCESS,nextIndex:1228,term:3,followerCommit:1087
2019-09-24 16:16:55,697 WARN  server.GrpcLogAppender (GrpcLogAppender.java:onNextImpl(251)) - s2@group-5C26748AB2B1->s1-AppendLogResponseHandler: Request not found, ignoring reply: s2<-s1#1456:OK,SUCCESS,nextIndex:1225,term:3,followerCommit:1121
2019-09-24 16:16:55,697 WARN  server.GrpcLogAppender (GrpcLogAppender.java:onNextImpl(251)) - s2@group-5C26748AB2B1->s0-AppendLogResponseHandler: Request not found, ignoring reply: s2<-s0#1325:OK,SUCCESS,nextIndex:1228,term:3,followerCommit:1087
2019-09-24 16:16:55,698 WARN  server.GrpcLogAppender (GrpcLogAppender.java:onNextImpl(251)) - s2@group-5C26748AB2B1->s1-AppendLogResponseHandler: Request not found, ignoring reply: s2<-s1#1457:OK,SUCCESS,nextIndex:1226,term:3,followerCommit:1121
2019-09-24 16:16:55,698 WARN  server.GrpcLogAppender (GrpcLogAppender.java:onNextImpl(251)) - s2@group-5C26748AB2B1->s0-AppendLogResponseHandler: Request not found, ignoring reply: s2<-s0#1326:OK,SUCCESS,nextIndex:1228,term:3,followerCommit:1087
2019-09-24 16:16:55,698 WARN  server.GrpcLogAppender (GrpcLogAppender.java:onNextImpl(251)) - s2@group-5C26748AB2B1->s1-AppendLogResponseHandler: Request not found, ignoring reply: s2<-s1#1458:OK,SUCCESS,nextIndex:1227,term:3,followerCommit:1121
2019-09-24 16:16:55,698 WARN  server.GrpcLogAppender (GrpcLogAppender.java:onNextImpl(251)) - s2@group-5C26748AB2B1->s0-AppendLogResponseHandler: Request not found, ignoring reply: s2<-s0#1327:OK,SUCCESS,nextIndex:1228,term:3,followerCommit:1087
2019-09-24 16:16:55,698 WARN  server.GrpcLogAppender (GrpcLogAppender.java:onNextImpl(251)) - s2@group-5C26748AB2B1->s1-AppendLogResponseHandler: Request not found, ignoring reply: s2<-s1#1459:OK,SUCCESS,nextIndex:1228,term:3,followerCommit:1121
2019-09-24 16:16:55,698 WARN  server.GrpcLogAppender (GrpcLogAppender.java:onNextImpl(251)) - s2@group-5C26748AB2B1->s0-AppendLogResponseHandler: Request not found, ignoring reply: s2<-s0#1328:OK,SUCCESS,nextIndex:1228,term:3,followerCommit:1087
2019-09-24 16:16:55,699 WARN  server.GrpcLogAppender (GrpcLogAppender.java:onNextImpl(251)) - s2@group-5C26748AB2B1->s1-AppendLogResponseHandler: Request not found, ignoring reply: s2<-s1#1460:OK,SUCCESS,nextIndex:1228,term:3,followerCommit:1121
2019-09-24 16:16:55,699 WARN  server.GrpcLogAppender (GrpcLogAppender.java:onNextImpl(251)) - s2@group-5C26748AB2B1->s0-AppendLogResponseHandler: Request not found, ignoring reply: s2<-s0#1329:OK,SUCCESS,nextIndex:1228,term:3,followerCommit:1087
2019-09-24 16:16:55,699 WARN  server.GrpcLogAppender (GrpcLogAppender.java:onNextImpl(251)) - s2@group-5C26748AB2B1->s1-AppendLogResponseHandler: Request not found, ignoring reply: s2<-s1#1461:OK,SUCCESS,nextIndex:1228,term:3,followerCommit:1121
2019-09-24 16:16:55,699 WARN  server.GrpcLogAppender (GrpcLogAppender.java:onNextImpl(251)) - s2@group-5C26748AB2B1->s0-AppendLogResponseHandler: Request not found, ignoring reply: s2<-s0#1330:OK,SUCCESS,nextIndex:1228,term:3,followerCommit:1087
2019-09-24 16:16:55,699 WARN  server.GrpcLogAppender (GrpcLogAppender.java:onNextImpl(251)) - s2@group-5C26748AB2B1->s1-AppendLogResponseHandler: Request not found, ignoring reply: s2<-s1#1462:OK,SUCCESS,nextIndex:1228,term:3,followerCommit:1121
2019-09-24 16:16:55,699 WARN  server.GrpcLogAppender (GrpcLogAppender.java:onNextImpl(251)) - s2@group-5C26748AB2B1->s0-AppendLogResponseHandler: Request not found, ignoring reply: s2<-s0#1331:OK,SUCCESS,nextIndex:1228,term:3,followerCommit:1087
2019-09-24 16:16:55,700 WARN  server.GrpcLogAppender (GrpcLogAppender.java:onNextImpl(251)) - s2@group-5C26748AB2B1->s1-AppendLogResponseHandler: Request not found, ignoring reply: s2<-s1#1463:OK,SUCCESS,nextIndex:1228,term:3,followerCommit:1121
2019-09-24 16:16:55,700 WARN  server.GrpcLogAppender (GrpcLogAppender.java:onNextImpl(251)) - s2@group-5C26748AB2B1->s0-AppendLogResponseHandler: Request not found, ignoring reply: s2<-s0#1332:OK,SUCCESS,nextIndex:1228,term:3,followerCommit:1087
2019-09-24 16:16:55,700 WARN  server.GrpcLogAppender (GrpcLogAppender.java:onNextImpl(251)) - s2@group-5C26748AB2B1->s1-AppendLogResponseHandler: Request not found, ignoring reply: s2<-s1#1464:OK,SUCCESS,nextIndex:1228,term:3,followerCommit:1121
2019-09-24 16:16:55,700 WARN  server.GrpcLogAppender (GrpcLogAppender.java:onNextImpl(251)) - s2@group-5C26748AB2B1->s0-AppendLogResponseHandler: Request not found, ignoring reply: s2<-s0#1333:OK,SUCCESS,nextIndex:1228,term:3,followerCommit:1087
2019-09-24 16:16:55,700 WARN  server.GrpcLogAppender (GrpcLogAppender.java:onNextImpl(251)) - s2@group-5C26748AB2B1->s1-AppendLogResponseHandler: Request not found, ignoring reply: s2<-s1#1465:OK,SUCCESS,nextIndex:1228,term:3,followerCommit:1121
2019-09-24 16:16:55,700 WARN  server.GrpcLogAppender (GrpcLogAppender.java:onNextImpl(251)) - s2@group-5C26748AB2B1->s0-AppendLogResponseHandler: Request not found, ignoring reply: s2<-s0#1334:OK,SUCCESS,nextIndex:1228,term:3,followerCommit:1087
2019-09-24 16:16:55,700 WARN  server.GrpcLogAppender (GrpcLogAppender.java:onNextImpl(251)) - s2@group-5C26748AB2B1->s1-AppendLogResponseHandler: Request not found, ignoring reply: s2<-s1#1466:OK,SUCCESS,nextIndex:1228,term:3,followerCommit:1121
2019-09-24 16:16:55,701 WARN  server.GrpcLogAppender (GrpcLogAppender.java:onNextImpl(251)) - s2@group-5C26748AB2B1->s0-AppendLogResponseHandler: Request not found, ignoring reply: s2<-s0#1335:OK,SUCCESS,nextIndex:1228,term:3,followerCommit:1087
2019-09-24 16:16:55,701 WARN  server.GrpcLogAppender (GrpcLogAppender.java:onNextImpl(251)) - s2@group-5C26748AB2B1->s1-AppendLogResponseHandler: Request not found, ignoring reply: s2<-s1#1467:OK,SUCCESS,nextIndex:1228,term:3,followerCommit:1121
2019-09-24 16:16:55,701 WARN  server.GrpcLogAppender (GrpcLogAppender.java:onNextImpl(251)) - s2@group-5C26748AB2B1->s0-AppendLogResponseHandler: Request not found, ignoring reply: s2<-s0#1336:OK,SUCCESS,nextIndex:1228,term:3,followerCommit:1087
2019-09-24 16:16:55,701 WARN  server.GrpcLogAppender (GrpcLogAppender.java:onNextImpl(251)) - s2@group-5C26748AB2B1->s1-AppendLogResponseHandler: Request not found, ignoring reply: s2<-s1#1468:OK,SUCCESS,nextIndex:1228,term:3,followerCommit:1121
2019-09-24 16:16:55,701 WARN  server.GrpcLogAppender (GrpcLogAppender.java:onNextImpl(251)) - s2@group-5C26748AB2B1->s0-AppendLogResponseHandler: Request not found, ignoring reply: s2<-s0#1337:OK,SUCCESS,nextIndex:1228,term:3,followerCommit:1087
2019-09-24 16:16:55,701 WARN  server.GrpcLogAppender (GrpcLogAppender.java:onNextImpl(251)) - s2@group-5C26748AB2B1->s1-AppendLogResponseHandler: Request not found, ignoring reply: s2<-s1#1469:OK,SUCCESS,nextIndex:1228,term:3,followerCommit:1121
2019-09-24 16:16:55,701 WARN  server.GrpcLogAppender (GrpcLogAppender.java:onNextImpl(251)) - s2@group-5C26748AB2B1->s0-AppendLogResponseHandler: Request not found, ignoring reply: s2<-s0#1338:OK,SUCCESS,nextIndex:1228,term:3,followerCommit:1087
2019-09-24 16:16:55,702 WARN  server.GrpcLogAppender (GrpcLogAppender.java:onNextImpl(251)) - s2@group-5C26748AB2B1->s1-AppendLogResponseHandler: Request not found, ignoring reply: s2<-s1#1470:OK,SUCCESS,nextIndex:1228,term:3,followerCommit:1121
2019-09-24 16:16:55,702 WARN  server.GrpcLogAppender (GrpcLogAppender.java:onNextImpl(251)) - s2@group-5C26748AB2B1->s0-AppendLogResponseHandler: Request not found, ignoring reply: s2<-s0#1339:OK,SUCCESS,nextIndex:1228,term:3,followerCommit:1087
2019-09-24 16:16:55,702 WARN  server.GrpcLogAppender (GrpcLogAppender.java:onNextImpl(251)) - s2@group-5C26748AB2B1->s1-AppendLogResponseHandler: Request not found, ignoring reply: s2<-s1#1471:OK,SUCCESS,nextIndex:1228,term:3,followerCommit:1121
2019-09-24 16:16:55,702 WARN  server.GrpcLogAppender (GrpcLogAppender.java:onNextImpl(251)) - s2@group-5C26748AB2B1->s0-AppendLogResponseHandler: Request not found, ignoring reply: s2<-s0#1340:OK,SUCCESS,nextIndex:1228,term:3,followerCommit:1087
2019-09-24 16:16:55,702 WARN  server.GrpcLogAppender (GrpcLogAppender.java:onNextImpl(251)) - s2@group-5C26748AB2B1->s1-AppendLogResponseHandler: Request not found, ignoring reply: s2<-s1#1472:OK,SUCCESS,nextIndex:1228,term:3,followerCommit:1121
2019-09-24 16:16:55,702 WARN  server.GrpcLogAppender (GrpcLogAppender.java:onNextImpl(251)) - s2@group-5C26748AB2B1->s0-AppendLogResponseHandler: Request not found, ignoring reply: s2<-s0#1341:OK,SUCCESS,nextIndex:1228,term:3,followerCommit:1087
2019-09-24 16:16:55,703 WARN  server.GrpcLogAppender (GrpcLogAppender.java:onNextImpl(251)) - s2@group-5C26748AB2B1->s1-AppendLogResponseHandler: Request not found, ignoring reply: s2<-s1#1473:OK,SUCCESS,nextIndex:1228,term:3,followerCommit:1121
2019-09-24 16:16:55,703 WARN  server.GrpcLogAppender (GrpcLogAppender.java:onNextImpl(251)) - s2@group-5C26748AB2B1->s0-AppendLogResponseHandler: Request not found, ignoring reply: s2<-s0#1342:OK,SUCCESS,nextIndex:1228,term:3,followerCommit:1087
2019-09-24 16:16:55,703 WARN  server.GrpcLogAppender (GrpcLogAppender.java:onNextImpl(251)) - s2@group-5C26748AB2B1->s1-AppendLogResponseHandler: Request not found, ignoring reply: s2<-s1#1474:OK,SUCCESS,nextIndex:1228,term:3,followerCommit:1121
2019-09-24 16:16:55,703 WARN  server.GrpcLogAppender (GrpcLogAppender.java:onNextImpl(251)) - s2@group-5C26748AB2B1->s0-AppendLogResponseHandler: Request not found, ignoring reply: s2<-s0#1343:OK,SUCCESS,nextIndex:1228,term:3,followerCommit:1087
2019-09-24 16:16:55,703 WARN  server.GrpcLogAppender (GrpcLogAppender.java:onNextImpl(251)) - s2@group-5C26748AB2B1->s1-AppendLogResponseHandler: Request not found, ignoring reply: s2<-s1#1475:OK,SUCCESS,nextIndex:1228,term:3,followerCommit:1121
2019-09-24 16:16:55,703 WARN  server.GrpcLogAppender (GrpcLogAppender.java:onNextImpl(251)) - s2@group-5C26748AB2B1->s0-AppendLogResponseHandler: Request not found, ignoring reply: s2<-s0#1344:OK,SUCCESS,nextIndex:1228,term:3,followerCommit:1121
2019-09-24 16:16:55,703 WARN  server.GrpcLogAppender (GrpcLogAppender.java:onNextImpl(251)) - s2@group-5C26748AB2B1->s1-AppendLogResponseHandler: Request not found, ignoring reply: s2<-s1#1476:OK,SUCCESS,nextIndex:1228,term:3,followerCommit:1121
2019-09-24 16:16:55,704 WARN  server.GrpcLogAppender (GrpcLogAppender.java:onNextImpl(251)) - s2@group-5C26748AB2B1->s0-AppendLogResponseHandler: Request not found, ignoring reply: s2<-s0#1345:OK,SUCCESS,nextIndex:1228,term:3,followerCommit:1121
2019-09-24 16:16:55,704 WARN  server.GrpcLogAppender (GrpcLogAppender.java:onNextImpl(251)) - s2@group-5C26748AB2B1->s1-AppendLogResponseHandler: Request not found, ignoring reply: s2<-s1#1477:OK,SUCCESS,nextIndex:1228,term:3,followerCommit:1121
2019-09-24 16:16:55,704 WARN  server.GrpcLogAppender (GrpcLogAppender.java:onNextImpl(251)) - s2@group-5C26748AB2B1->s0-AppendLogResponseHandler: Request not found, ignoring reply: s2<-s0#1346:OK,SUCCESS,nextIndex:1228,term:3,followerCommit:1121
2019-09-24 16:16:55,704 WARN  server.GrpcLogAppender (GrpcLogAppender.java:onNextImpl(251)) - s2@group-5C26748AB2B1->s1-AppendLogResponseHandler: Request not found, ignoring reply: s2<-s1#1478:OK,SUCCESS,nextIndex:1228,term:3,followerCommit:1121
2019-09-24 16:16:55,704 WARN  server.GrpcLogAppender (GrpcLogAppender.java:onNextImpl(251)) - s2@group-5C26748AB2B1->s0-AppendLogResponseHandler: Request not found, ignoring reply: s2<-s0#1347:OK,SUCCESS,nextIndex:1228,term:3,followerCommit:1121
2019-09-24 16:16:55,704 WARN  server.GrpcLogAppender (GrpcLogAppender.java:onNextImpl(251)) - s2@group-5C26748AB2B1->s1-AppendLogResponseHandler: Request not found, ignoring reply: s2<-s1#1479:OK,SUCCESS,nextIndex:1228,term:3,followerCommit:1121
2019-09-24 16:16:55,704 WARN  server.GrpcLogAppender (GrpcLogAppender.java:onNextImpl(251)) - s2@group-5C26748AB2B1->s0-AppendLogResponseHandler: Request not found, ignoring reply: s2<-s0#1348:OK,SUCCESS,nextIndex:1228,term:3,followerCommit:1121
2019-09-24 16:16:55,705 WARN  server.GrpcLogAppender (GrpcLogAppender.java:onNextImpl(251)) - s2@group-5C26748AB2B1->s1-AppendLogResponseHandler: Request not found, ignoring reply: s2<-s1#1480:OK,SUCCESS,nextIndex:1228,term:3,followerCommit:1121
2019-09-24 16:16:55,705 WARN  server.GrpcLogAppender (GrpcLogAppender.java:onNextImpl(251)) - s2@group-5C26748AB2B1->s0-AppendLogResponseHandler: Request not found, ignoring reply: s2<-s0#1349:OK,SUCCESS,nextIndex:1228,term:3,followerCommit:1121
2019-09-24 16:16:55,705 WARN  server.GrpcLogAppender (GrpcLogAppender.java:onNextImpl(251)) - s2@group-5C26748AB2B1->s1-AppendLogResponseHandler: Request not found, ignoring reply: s2<-s1#1481:OK,SUCCESS,nextIndex:1228,term:3,followerCommit:1121
2019-09-24 16:16:55,705 WARN  server.GrpcLogAppender (GrpcLogAppender.java:onNextImpl(251)) - s2@group-5C26748AB2B1->s0-AppendLogResponseHandler: Request not found, ignoring reply: s2<-s0#1350:OK,SUCCESS,nextIndex:1228,term:3,followerCommit:1121
2019-09-24 16:16:55,705 WARN  server.GrpcLogAppender (GrpcLogAppender.java:onNextImpl(251)) - s2@group-5C26748AB2B1->s1-AppendLogResponseHandler: Request not found, ignoring reply: s2<-s1#1482:OK,SUCCESS,nextIndex:1228,term:3,followerCommit:1121
2019-09-24 16:16:55,705 WARN  server.GrpcLogAppender (GrpcLogAppender.java:onNextImpl(251)) - s2@group-5C26748AB2B1->s0-AppendLogResponseHandler: Request not found, ignoring reply: s2<-s0#1351:OK,SUCCESS,nextIndex:1228,term:3,followerCommit:1121
2019-09-24 16:16:55,706 WARN  server.GrpcLogAppender (GrpcLogAppender.java:onNextImpl(251)) - s2@group-5C26748AB2B1->s1-AppendLogResponseHandler: Request not found, ignoring reply: s2<-s1#1483:OK,SUCCESS,nextIndex:1228,term:3,followerCommit:1121
2019-09-24 16:16:55,706 WARN  server.GrpcLogAppender (GrpcLogAppender.java:onNextImpl(251)) - s2@group-5C26748AB2B1->s0-AppendLogResponseHandler: Request not found, ignoring reply: s2<-s0#1352:OK,SUCCESS,nextIndex:1228,term:3,followerCommit:1121
2019-09-24 16:16:55,706 WARN  server.GrpcLogAppender (GrpcLogAppender.java:onNextImpl(251)) - s2@group-5C26748AB2B1->s1-AppendLogResponseHandler: Request not found, ignoring reply: s2<-s1#1484:OK,SUCCESS,nextIndex:1228,term:3,followerCommit:1121
2019-09-24 16:16:55,706 WARN  server.GrpcLogAppender (GrpcLogAppender.java:onNextImpl(251)) - s2@group-5C26748AB2B1->s0-AppendLogResponseHandler: Request not found, ignoring reply: s2<-s0#1353:OK,SUCCESS,nextIndex:1228,term:3,followerCommit:1121
2019-09-24 16:16:55,706 WARN  server.GrpcLogAppender (GrpcLogAppender.java:onNextImpl(251)) - s2@group-5C26748AB2B1->s1-AppendLogResponseHandler: Request not found, ignoring reply: s2<-s1#1485:OK,SUCCESS,nextIndex:1228,term:3,followerCommit:1121
2019-09-24 16:16:55,706 WARN  server.GrpcLogAppender (GrpcLogAppender.java:onNextImpl(251)) - s2@group-5C26748AB2B1->s0-AppendLogResponseHandler: Request not found, ignoring reply: s2<-s0#1354:OK,SUCCESS,nextIndex:1228,term:3,followerCommit:1121
2019-09-24 16:16:55,707 WARN  server.GrpcLogAppender (GrpcLogAppender.java:onNextImpl(251)) - s2@group-5C26748AB2B1->s1-AppendLogResponseHandler: Request not found, ignoring reply: s2<-s1#1486:OK,SUCCESS,nextIndex:1228,term:3,followerCommit:1121
2019-09-24 16:16:55,707 WARN  server.GrpcLogAppender (GrpcLogAppender.java:onNextImpl(251)) - s2@group-5C26748AB2B1->s0-AppendLogResponseHandler: Request not found, ignoring reply: s2<-s0#1355:OK,SUCCESS,nextIndex:1228,term:3,followerCommit:1121
2019-09-24 16:16:55,707 WARN  server.GrpcLogAppender (GrpcLogAppender.java:onNextImpl(251)) - s2@group-5C26748AB2B1->s1-AppendLogResponseHandler: Request not found, ignoring reply: s2<-s1#1487:OK,SUCCESS,nextIndex:1228,term:3,followerCommit:1121
2019-09-24 16:16:55,707 WARN  server.GrpcLogAppender (GrpcLogAppender.java:onNextImpl(251)) - s2@group-5C26748AB2B1->s0-AppendLogResponseHandler: Request not found, ignoring reply: s2<-s0#1356:OK,SUCCESS,nextIndex:1228,term:3,followerCommit:1121
2019-09-24 16:16:55,707 WARN  server.GrpcLogAppender (GrpcLogAppender.java:onNextImpl(251)) - s2@group-5C26748AB2B1->s1-AppendLogResponseHandler: Request not found, ignoring reply: s2<-s1#1488:OK,SUCCESS,nextIndex:1228,term:3,followerCommit:1121
2019-09-24 16:16:55,707 WARN  server.GrpcLogAppender (GrpcLogAppender.java:onNextImpl(251)) - s2@group-5C26748AB2B1->s0-AppendLogResponseHandler: Request not found, ignoring reply: s2<-s0#1357:OK,SUCCESS,nextIndex:1228,term:3,followerCommit:1121
2019-09-24 16:16:55,707 WARN  server.GrpcLogAppender (GrpcLogAppender.java:onNextImpl(251)) - s2@group-5C26748AB2B1->s1-AppendLogResponseHandler: Request not found, ignoring reply: s2<-s1#1489:OK,SUCCESS,nextIndex:1228,term:3,followerCommit:1121
2019-09-24 16:16:55,708 WARN  server.GrpcLogAppender (GrpcLogAppender.java:onNextImpl(251)) - s2@group-5C26748AB2B1->s0-AppendLogResponseHandler: Request not found, ignoring reply: s2<-s0#1358:OK,SUCCESS,nextIndex:1228,term:3,followerCommit:1121
2019-09-24 16:16:55,708 WARN  server.GrpcLogAppender (GrpcLogAppender.java:onNextImpl(251)) - s2@group-5C26748AB2B1->s1-AppendLogResponseHandler: Request not found, ignoring reply: s2<-s1#1490:OK,SUCCESS,nextIndex:1228,term:3,followerCommit:1121
2019-09-24 16:16:55,708 WARN  server.GrpcLogAppender (GrpcLogAppender.java:onNextImpl(251)) - s2@group-5C26748AB2B1->s0-AppendLogResponseHandler: Request not found, ignoring reply: s2<-s0#1359:OK,SUCCESS,nextIndex:1228,term:3,followerCommit:1121
2019-09-24 16:16:55,708 WARN  server.GrpcLogAppender (GrpcLogAppender.java:onNextImpl(251)) - s2@group-5C26748AB2B1->s1-AppendLogResponseHandler: Request not found, ignoring reply: s2<-s1#1491:OK,SUCCESS,nextIndex:1228,term:3,followerCommit:1121
2019-09-24 16:16:55,708 WARN  server.GrpcLogAppender (GrpcLogAppender.java:onNextImpl(251)) - s2@group-5C26748AB2B1->s0-AppendLogResponseHandler: Request not found, ignoring reply: s2<-s0#1360:OK,SUCCESS,nextIndex:1228,term:3,followerCommit:1121
2019-09-24 16:16:55,708 WARN  server.GrpcLogAppender (GrpcLogAppender.java:onNextImpl(251)) - s2@group-5C26748AB2B1->s1-AppendLogResponseHandler: Request not found, ignoring reply: s2<-s1#1492:OK,SUCCESS,nextIndex:1228,term:3,followerCommit:1121
2019-09-24 16:16:55,708 WARN  server.GrpcLogAppender (GrpcLogAppender.java:onNextImpl(251)) - s2@group-5C26748AB2B1->s0-AppendLogResponseHandler: Request not found, ignoring reply: s2<-s0#1361:OK,SUCCESS,nextIndex:1228,term:3,followerCommit:1121
2019-09-24 16:16:55,709 WARN  server.GrpcLogAppender (GrpcLogAppender.java:onNextImpl(251)) - s2@group-5C26748AB2B1->s1-AppendLogResponseHandler: Request not found, ignoring reply: s2<-s1#1493:OK,SUCCESS,nextIndex:1228,term:3,followerCommit:1121
2019-09-24 16:16:55,709 WARN  server.GrpcLogAppender (GrpcLogAppender.java:onNextImpl(251)) - s2@group-5C26748AB2B1->s0-AppendLogResponseHandler: Request not found, ignoring reply: s2<-s0#1362:OK,SUCCESS,nextIndex:1228,term:3,followerCommit:1121
2019-09-24 16:16:55,709 WARN  server.GrpcLogAppender (GrpcLogAppender.java:onNextImpl(251)) - s2@group-5C26748AB2B1->s1-AppendLogResponseHandler: Request not found, ignoring reply: s2<-s1#1494:OK,SUCCESS,nextIndex:1228,term:3,followerCommit:1121
2019-09-24 16:16:55,709 WARN  server.GrpcLogAppender (GrpcLogAppender.java:onNextImpl(251)) - s2@group-5C26748AB2B1->s0-AppendLogResponseHandler: Request not found, ignoring reply: s2<-s0#1363:OK,SUCCESS,nextIndex:1228,term:3,followerCommit:1121
2019-09-24 16:16:55,709 WARN  server.GrpcLogAppender (GrpcLogAppender.java:onNextImpl(251)) - s2@group-5C26748AB2B1->s1-AppendLogResponseHandler: Request not found, ignoring reply: s2<-s1#1495:OK,SUCCESS,nextIndex:1228,term:3,followerCommit:1121
2019-09-24 16:16:55,709 WARN  server.GrpcLogAppender (GrpcLogAppender.java:onNextImpl(251)) - s2@group-5C26748AB2B1->s0-AppendLogResponseHandler: Request not found, ignoring reply: s2<-s0#1364:OK,SUCCESS,nextIndex:1228,term:3,followerCommit:1121
2019-09-24 16:16:55,710 WARN  server.GrpcLogAppender (GrpcLogAppender.java:onNextImpl(251)) - s2@group-5C26748AB2B1->s1-AppendLogResponseHandler: Request not found, ignoring reply: s2<-s1#1496:OK,SUCCESS,nextIndex:1228,term:3,followerCommit:1121
2019-09-24 16:16:55,710 WARN  server.GrpcLogAppender (GrpcLogAppender.java:onNextImpl(251)) - s2@group-5C26748AB2B1->s0-AppendLogResponseHandler: Request not found, ignoring reply: s2<-s0#1365:OK,SUCCESS,nextIndex:1228,term:3,followerCommit:1121
2019-09-24 16:16:55,710 WARN  server.GrpcLogAppender (GrpcLogAppender.java:onNextImpl(251)) - s2@group-5C26748AB2B1->s1-AppendLogResponseHandler: Request not found, ignoring reply: s2<-s1#1497:OK,SUCCESS,nextIndex:1228,term:3,followerCommit:1121
2019-09-24 16:16:55,710 WARN  server.GrpcLogAppender (GrpcLogAppender.java:onNextImpl(251)) - s2@group-5C26748AB2B1->s0-AppendLogResponseHandler: Request not found, ignoring reply: s2<-s0#1366:OK,SUCCESS,nextIndex:1228,term:3,followerCommit:1121
2019-09-24 16:16:55,710 WARN  server.GrpcLogAppender (GrpcLogAppender.java:onNextImpl(251)) - s2@group-5C26748AB2B1->s1-AppendLogResponseHandler: Request not found, ignoring reply: s2<-s1#1498:OK,SUCCESS,nextIndex:1228,term:3,followerCommit:1121
2019-09-24 16:16:55,710 WARN  server.GrpcLogAppender (GrpcLogAppender.java:onNextImpl(251)) - s2@group-5C26748AB2B1->s0-AppendLogResponseHandler: Request not found, ignoring reply: s2<-s0#1367:OK,SUCCESS,nextIndex:1228,term:3,followerCommit:1121
2019-09-24 16:16:55,710 WARN  server.GrpcLogAppender (GrpcLogAppender.java:onNextImpl(251)) - s2@group-5C26748AB2B1->s1-AppendLogResponseHandler: Request not found, ignoring reply: s2<-s1#1499:OK,SUCCESS,nextIndex:1228,term:3,followerCommit:1121
2019-09-24 16:16:55,711 WARN  server.GrpcLogAppender (GrpcLogAppender.java:onNextImpl(251)) - s2@group-5C26748AB2B1->s0-AppendLogResponseHandler: Request not found, ignoring reply: s2<-s0#1368:OK,SUCCESS,nextIndex:1228,term:3,followerCommit:1121
2019-09-24 16:16:55,711 WARN  server.GrpcLogAppender (GrpcLogAppender.java:onNextImpl(251)) - s2@group-5C26748AB2B1->s1-AppendLogResponseHandler: Request not found, ignoring reply: s2<-s1#1500:OK,SUCCESS,nextIndex:1228,term:3,followerCommit:1121
2019-09-24 16:16:55,711 WARN  server.GrpcLogAppender (GrpcLogAppender.java:onNextImpl(251)) - s2@group-5C26748AB2B1->s0-AppendLogResponseHandler: Request not found, ignoring reply: s2<-s0#1369:OK,SUCCESS,nextIndex:1228,term:3,followerCommit:1121
2019-09-24 16:16:55,711 WARN  server.GrpcLogAppender (GrpcLogAppender.java:onNextImpl(251)) - s2@group-5C26748AB2B1->s1-AppendLogResponseHandler: Request not found, ignoring reply: s2<-s1#1501:OK,SUCCESS,nextIndex:1228,term:3,followerCommit:1121
2019-09-24 16:16:55,711 WARN  server.GrpcLogAppender (GrpcLogAppender.java:onNextImpl(251)) - s2@group-5C26748AB2B1->s0-AppendLogResponseHandler: Request not found, ignoring reply: s2<-s0#1370:OK,SUCCESS,nextIndex:1228,term:3,followerCommit:1121
2019-09-24 16:16:55,711 WARN  server.GrpcLogAppender (GrpcLogAppender.java:onNextImpl(251)) - s2@group-5C26748AB2B1->s1-AppendLogResponseHandler: Request not found, ignoring reply: s2<-s1#1502:OK,SUCCESS,nextIndex:1228,term:3,followerCommit:1121
2019-09-24 16:16:55,711 WARN  server.GrpcLogAppender (GrpcLogAppender.java:onNextImpl(251)) - s2@group-5C26748AB2B1->s0-AppendLogResponseHandler: Request not found, ignoring reply: s2<-s0#1371:OK,SUCCESS,nextIndex:1228,term:3,followerCommit:1121
2019-09-24 16:16:55,712 WARN  server.GrpcLogAppender (GrpcLogAppender.java:onNextImpl(251)) - s2@group-5C26748AB2B1->s1-AppendLogResponseHandler: Request not found, ignoring reply: s2<-s1#1503:OK,SUCCESS,nextIndex:1228,term:3,followerCommit:1121
2019-09-24 16:16:55,712 WARN  server.GrpcLogAppender (GrpcLogAppender.java:onNextImpl(251)) - s2@group-5C26748AB2B1->s0-AppendLogResponseHandler: Request not found, ignoring reply: s2<-s0#1372:OK,SUCCESS,nextIndex:1228,term:3,followerCommit:1121
2019-09-24 16:16:55,712 WARN  server.GrpcLogAppender (GrpcLogAppender.java:onNextImpl(251)) - s2@group-5C26748AB2B1->s1-AppendLogResponseHandler: Request not found, ignoring reply: s2<-s1#1504:OK,SUCCESS,nextIndex:1228,term:3,followerCommit:1121
2019-09-24 16:16:55,712 WARN  server.GrpcLogAppender (GrpcLogAppender.java:onNextImpl(251)) - s2@group-5C26748AB2B1->s1-AppendLogResponseHandler: Request not found, ignoring reply: s2<-s1#1505:OK,SUCCESS,nextIndex:1228,term:3,followerCommit:1121
2019-09-24 16:16:55,713 WARN  server.GrpcLogAppender (GrpcLogAppender.java:onNextImpl(251)) - s2@group-5C26748AB2B1->s1-AppendLogResponseHandler: Request not found, ignoring reply: s2<-s1#1506:OK,SUCCESS,nextIndex:1228,term:3,followerCommit:1121
2019-09-24 16:16:55,713 WARN  server.GrpcLogAppender (GrpcLogAppender.java:onNextImpl(251)) - s2@group-5C26748AB2B1->s1-AppendLogResponseHandler: Request not found, ignoring reply: s2<-s1#1507:OK,SUCCESS,nextIndex:1228,term:3,followerCommit:1121
2019-09-24 16:16:55,714 DEBUG client.GrpcClientProtocolService (GrpcClientProtocolService.java:sendReply(353)) - 25-OrderedRequestStreamObserver25: sendReply seq=824, RaftClientReply:client-EDB41257C35F->s2@group-5C26748AB2B1, cid=823, SUCCESS, logIndex=1124, commits[s2:c1227, s0:c1121, s1:c1094]
2019-09-24 16:16:55,714 WARN  server.GrpcLogAppender (GrpcLogAppender.java:onNextImpl(251)) - s2@group-5C26748AB2B1->s1-AppendLogResponseHandler: Request not found, ignoring reply: s2<-s1#1508:OK,SUCCESS,nextIndex:1228,term:3,followerCommit:1121
2019-09-24 16:16:55,715 WARN  server.GrpcLogAppender (GrpcLogAppender.java:onNextImpl(251)) - s2@group-5C26748AB2B1->s1-AppendLogResponseHandler: Request not found, ignoring reply: s2<-s1#1509:OK,SUCCESS,nextIndex:1228,term:3,followerCommit:1121
2019-09-24 16:16:55,715 WARN  server.GrpcLogAppender (GrpcLogAppender.java:onNextImpl(251)) - s2@group-5C26748AB2B1->s1-AppendLogResponseHandler: Request not found, ignoring reply: s2<-s1#1510:OK,SUCCESS,nextIndex:1228,term:3,followerCommit:1121
2019-09-24 16:16:55,715 WARN  server.GrpcLogAppender (GrpcLogAppender.java:onNextImpl(251)) - s2@group-5C26748AB2B1->s1-AppendLogResponseHandler: Request not found, ignoring reply: s2<-s1#1511:OK,SUCCESS,nextIndex:1228,term:3,followerCommit:1121
2019-09-24 16:16:55,716 WARN  server.GrpcLogAppender (GrpcLogAppender.java:onNextImpl(251)) - s2@group-5C26748AB2B1->s1-AppendLogResponseHandler: Request not found, ignoring reply: s2<-s1#1512:OK,SUCCESS,nextIndex:1228,term:3,followerCommit:1121
2019-09-24 16:16:55,716 WARN  server.GrpcLogAppender (GrpcLogAppender.java:onNextImpl(251)) - s2@group-5C26748AB2B1->s1-AppendLogResponseHandler: Request not found, ignoring reply: s2<-s1#1513:OK,SUCCESS,nextIndex:1228,term:3,followerCommit:1121
2019-09-24 16:16:55,718 WARN  server.GrpcLogAppender (GrpcLogAppender.java:onNextImpl(251)) - s2@group-5C26748AB2B1->s1-AppendLogResponseHandler: Request not found, ignoring reply: s2<-s1#1514:OK,SUCCESS,nextIndex:1228,term:3,followerCommit:1121
2019-09-24 16:16:55,718 WARN  server.GrpcLogAppender (GrpcLogAppender.java:onNextImpl(251)) - s2@group-5C26748AB2B1->s1-AppendLogResponseHandler: Request not found, ignoring reply: s2<-s1#1515:OK,SUCCESS,nextIndex:1228,term:3,followerCommit:1121
2019-09-24 16:16:55,718 WARN  server.GrpcLogAppender (GrpcLogAppender.java:onNextImpl(251)) - s2@group-5C26748AB2B1->s1-AppendLogResponseHandler: Request not found, ignoring reply: s2<-s1#1516:OK,SUCCESS,nextIndex:1228,term:3,followerCommit:1121
2019-09-24 16:16:55,718 DEBUG client.GrpcClientProtocolService (GrpcClientProtocolService.java:sendReply(353)) - 25-OrderedRequestStreamObserver25: sendReply seq=825, RaftClientReply:client-EDB41257C35F->s2@group-5C26748AB2B1, cid=824, SUCCESS, logIndex=1127, commits[s2:c1227, s0:c1121, s1:c1094]
2019-09-24 16:16:55,718 WARN  server.GrpcLogAppender (GrpcLogAppender.java:onNextImpl(251)) - s2@group-5C26748AB2B1->s1-AppendLogResponseHandler: Request not found, ignoring reply: s2<-s1#1517:OK,SUCCESS,nextIndex:1228,term:3,followerCommit:1121
2019-09-24 16:16:55,719 WARN  server.GrpcLogAppender (GrpcLogAppender.java:onNextImpl(251)) - s2@group-5C26748AB2B1->s1-AppendLogResponseHandler: Request not found, ignoring reply: s2<-s1#1518:OK,SUCCESS,nextIndex:1228,term:3,followerCommit:1121
2019-09-24 16:16:55,719 WARN  server.GrpcLogAppender (GrpcLogAppender.java:onNextImpl(251)) - s2@group-5C26748AB2B1->s1-AppendLogResponseHandler: Request not found, ignoring reply: s2<-s1#1519:OK,SUCCESS,nextIndex:1228,term:3,followerCommit:1121
2019-09-24 16:16:55,719 WARN  server.GrpcLogAppender (GrpcLogAppender.java:onNextImpl(251)) - s2@group-5C26748AB2B1->s1-AppendLogResponseHandler: Request not found, ignoring reply: s2<-s1#1520:OK,SUCCESS,nextIndex:1228,term:3,followerCommit:1121
2019-09-24 16:16:55,720 DEBUG client.GrpcClientProtocolService (GrpcClientProtocolService.java:sendReply(353)) - 25-OrderedRequestStreamObserver25: sendReply seq=826, RaftClientReply:client-EDB41257C35F->s2@group-5C26748AB2B1, cid=825, SUCCESS, logIndex=1129, commits[s2:c1227, s0:c1121, s1:c1094]
2019-09-24 16:16:55,720 WARN  server.GrpcLogAppender (GrpcLogAppender.java:onNextImpl(251)) - s2@group-5C26748AB2B1->s1-AppendLogResponseHandler: Request not found, ignoring reply: s2<-s1#1521:OK,SUCCESS,nextIndex:1228,term:3,followerCommit:1121
2019-09-24 16:16:55,720 WARN  server.GrpcLogAppender (GrpcLogAppender.java:onNextImpl(251)) - s2@group-5C26748AB2B1->s1-AppendLogResponseHandler: Request not found, ignoring reply: s2<-s1#1522:OK,SUCCESS,nextIndex:1228,term:3,followerCommit:1121
2019-09-24 16:16:55,720 WARN  server.GrpcLogAppender (GrpcLogAppender.java:onNextImpl(251)) - s2@group-5C26748AB2B1->s1-AppendLogResponseHandler: Request not found, ignoring reply: s2<-s1#1523:OK,SUCCESS,nextIndex:1228,term:3,followerCommit:1121
2019-09-24 16:16:55,720 WARN  server.GrpcLogAppender (GrpcLogAppender.java:onNextImpl(251)) - s2@group-5C26748AB2B1->s1-AppendLogResponseHandler: Request not found, ignoring reply: s2<-s1#1524:OK,SUCCESS,nextIndex:1228,term:3,followerCommit:1121
2019-09-24 16:16:55,721 WARN  server.GrpcLogAppender (GrpcLogAppender.java:onNextImpl(251)) - s2@group-5C26748AB2B1->s1-AppendLogResponseHandler: Request not found, ignoring reply: s2<-s1#1525:OK,SUCCESS,nextIndex:1228,term:3,followerCommit:1121
2019-09-24 16:16:55,721 WARN  server.GrpcLogAppender (GrpcLogAppender.java:onNextImpl(251)) - s2@group-5C26748AB2B1->s1-AppendLogResponseHandler: Request not found, ignoring reply: s2<-s1#1526:OK,SUCCESS,nextIndex:1228,term:3,followerCommit:1121
2019-09-24 16:16:55,721 DEBUG client.GrpcClientProtocolService (GrpcClientProtocolService.java:sendReply(353)) - 25-OrderedRequestStreamObserver25: sendReply seq=827, RaftClientReply:client-EDB41257C35F->s2@group-5C26748AB2B1, cid=826, SUCCESS, logIndex=1131, commits[s2:c1227, s0:c1121, s1:c1094]
2019-09-24 16:16:55,721 WARN  server.GrpcLogAppender (GrpcLogAppender.java:onNextImpl(251)) - s2@group-5C26748AB2B1->s1-AppendLogResponseHandler: Request not found, ignoring reply: s2<-s1#1527:OK,SUCCESS,nextIndex:1228,term:3,followerCommit:1121
2019-09-24 16:16:55,721 WARN  server.GrpcLogAppender (GrpcLogAppender.java:onNextImpl(251)) - s2@group-5C26748AB2B1->s1-AppendLogResponseHandler: Request not found, ignoring reply: s2<-s1#1528:OK,SUCCESS,nextIndex:1228,term:3,followerCommit:1121
2019-09-24 16:16:55,722 WARN  server.GrpcLogAppender (GrpcLogAppender.java:onNextImpl(251)) - s2@group-5C26748AB2B1->s1-AppendLogResponseHandler: Request not found, ignoring reply: s2<-s1#1529:OK,SUCCESS,nextIndex:1228,term:3,followerCommit:1121
2019-09-24 16:16:55,722 DEBUG client.GrpcClientProtocolService (GrpcClientProtocolService.java:sendReply(353)) - 25-OrderedRequestStreamObserver25: sendReply seq=828, RaftClientReply:client-EDB41257C35F->s2@group-5C26748AB2B1, cid=827, SUCCESS, logIndex=1132, commits[s2:c1227, s0:c1121, s1:c1094]
2019-09-24 16:16:55,722 WARN  server.GrpcLogAppender (GrpcLogAppender.java:onNextImpl(251)) - s2@group-5C26748AB2B1->s1-AppendLogResponseHandler: Request not found, ignoring reply: s2<-s1#1530:OK,SUCCESS,nextIndex:1228,term:3,followerCommit:1121
2019-09-24 16:16:55,722 WARN  server.GrpcLogAppender (GrpcLogAppender.java:onNextImpl(251)) - s2@group-5C26748AB2B1->s1-AppendLogResponseHandler: Request not found, ignoring reply: s2<-s1#1531:OK,SUCCESS,nextIndex:1228,term:3,followerCommit:1121
2019-09-24 16:16:55,723 WARN  server.GrpcLogAppender (GrpcLogAppender.java:onNextImpl(251)) - s2@group-5C26748AB2B1->s1-AppendLogResponseHandler: Request not found, ignoring reply: s2<-s1#1532:OK,SUCCESS,nextIndex:1228,term:3,followerCommit:1121
2019-09-24 16:16:55,723 WARN  server.GrpcLogAppender (GrpcLogAppender.java:onNextImpl(251)) - s2@group-5C26748AB2B1->s1-AppendLogResponseHandler: Request not found, ignoring reply: s2<-s1#1533:OK,SUCCESS,nextIndex:1228,term:3,followerCommit:1121
2019-09-24 16:16:55,723 WARN  server.GrpcLogAppender (GrpcLogAppender.java:onNextImpl(251)) - s2@group-5C26748AB2B1->s1-AppendLogResponseHandler: Request not found, ignoring reply: s2<-s1#1534:OK,SUCCESS,nextIndex:1228,term:3,followerCommit:1121
2019-09-24 16:16:55,723 DEBUG client.GrpcClientProtocolService (GrpcClientProtocolService.java:sendReply(353)) - 25-OrderedRequestStreamObserver25: sendReply seq=829, RaftClientReply:client-EDB41257C35F->s2@group-5C26748AB2B1, cid=828, SUCCESS, logIndex=1133, commits[s2:c1227, s0:c1121, s1:c1094]
2019-09-24 16:16:55,723 WARN  server.GrpcLogAppender (GrpcLogAppender.java:onNextImpl(251)) - s2@group-5C26748AB2B1->s1-AppendLogResponseHandler: Request not found, ignoring reply: s2<-s1#1535:OK,SUCCESS,nextIndex:1228,term:3,followerCommit:1121
2019-09-24 16:16:55,724 WARN  server.GrpcLogAppender (GrpcLogAppender.java:onNextImpl(251)) - s2@group-5C26748AB2B1->s1-AppendLogResponseHandler: Request not found, ignoring reply: s2<-s1#1536:OK,SUCCESS,nextIndex:1228,term:3,followerCommit:1121
2019-09-24 16:16:55,724 WARN  server.GrpcLogAppender (GrpcLogAppender.java:onNextImpl(251)) - s2@group-5C26748AB2B1->s1-AppendLogResponseHandler: Request not found, ignoring reply: s2<-s1#1537:OK,SUCCESS,nextIndex:1228,term:3,followerCommit:1121
2019-09-24 16:16:55,724 WARN  server.GrpcLogAppender (GrpcLogAppender.java:onNextImpl(251)) - s2@group-5C26748AB2B1->s1-AppendLogResponseHandler: Request not found, ignoring reply: s2<-s1#1538:OK,SUCCESS,nextIndex:1228,term:3,followerCommit:1121
2019-09-24 16:16:55,725 WARN  server.GrpcLogAppender (GrpcLogAppender.java:onNextImpl(251)) - s2@group-5C26748AB2B1->s1-AppendLogResponseHandler: Request not found, ignoring reply: s2<-s1#1539:OK,SUCCESS,nextIndex:1228,term:3,followerCommit:1121
2019-09-24 16:16:55,725 WARN  server.GrpcLogAppender (GrpcLogAppender.java:onNextImpl(251)) - s2@group-5C26748AB2B1->s1-AppendLogResponseHandler: Request not found, ignoring reply: s2<-s1#1540:OK,SUCCESS,nextIndex:1228,term:3,followerCommit:1121
2019-09-24 16:16:55,725 DEBUG client.GrpcClientProtocolService (GrpcClientProtocolService.java:sendReply(353)) - 25-OrderedRequestStreamObserver25: sendReply seq=830, RaftClientReply:client-EDB41257C35F->s2@group-5C26748AB2B1, cid=829, SUCCESS, logIndex=1134, commits[s2:c1227, s0:c1121, s1:c1094]
2019-09-24 16:16:55,726 DEBUG client.GrpcClientProtocolService (GrpcClientProtocolService.java:sendReply(353)) - 25-OrderedRequestStreamObserver25: sendReply seq=831, RaftClientReply:client-EDB41257C35F->s2@group-5C26748AB2B1, cid=830, SUCCESS, logIndex=1135, commits[s2:c1227, s0:c1121, s1:c1094]
2019-09-24 16:16:55,727 DEBUG client.GrpcClientProtocolService (GrpcClientProtocolService.java:sendReply(353)) - 25-OrderedRequestStreamObserver25: sendReply seq=832, RaftClientReply:client-EDB41257C35F->s2@group-5C26748AB2B1, cid=831, SUCCESS, logIndex=1136, commits[s2:c1227, s0:c1121, s1:c1094]
2019-09-24 16:16:55,728 DEBUG client.GrpcClientProtocolService (GrpcClientProtocolService.java:sendReply(353)) - 25-OrderedRequestStreamObserver25: sendReply seq=833, RaftClientReply:client-EDB41257C35F->s2@group-5C26748AB2B1, cid=832, SUCCESS, logIndex=1137, commits[s2:c1227, s0:c1121, s1:c1094]
2019-09-24 16:16:55,729 DEBUG client.GrpcClientProtocolService (GrpcClientProtocolService.java:sendReply(353)) - 25-OrderedRequestStreamObserver25: sendReply seq=834, RaftClientReply:client-EDB41257C35F->s2@group-5C26748AB2B1, cid=833, SUCCESS, logIndex=1138, commits[s2:c1227, s0:c1121, s1:c1094]
2019-09-24 16:16:55,729 DEBUG client.GrpcClientProtocolService (GrpcClientProtocolService.java:sendReply(353)) - 25-OrderedRequestStreamObserver25: sendReply seq=835, RaftClientReply:client-EDB41257C35F->s2@group-5C26748AB2B1, cid=834, SUCCESS, logIndex=1139, commits[s2:c1227, s0:c1121, s1:c1094]
2019-09-24 16:16:55,731 DEBUG client.GrpcClientProtocolService (GrpcClientProtocolService.java:sendReply(353)) - 25-OrderedRequestStreamObserver25: sendReply seq=836, RaftClientReply:client-EDB41257C35F->s2@group-5C26748AB2B1, cid=835, SUCCESS, logIndex=1140, commits[s2:c1227, s0:c1121, s1:c1094]
2019-09-24 16:16:55,731 DEBUG client.GrpcClientProtocolService (GrpcClientProtocolService.java:sendReply(353)) - 25-OrderedRequestStreamObserver25: sendReply seq=837, RaftClientReply:client-EDB41257C35F->s2@group-5C26748AB2B1, cid=836, SUCCESS, logIndex=1141, commits[s2:c1227, s0:c1121, s1:c1094]
2019-09-24 16:16:55,732 INFO  impl.LeaderElection (LeaderElection.java:askForVotes(178)) - s2@group-E77E9FD8E08A-LeaderElection8: begin an election at term 2 for -1: [s0:0.0.0.0:34097, s1:0.0.0.0:42213, s2:0.0.0.0:41839], old=null
2019-09-24 16:16:55,732 INFO  impl.LeaderElection (LeaderElection.java:askForVotes(178)) - s1@group-E77E9FD8E08A-LeaderElection9: begin an election at term 2 for -1: [s0:0.0.0.0:34097, s1:0.0.0.0:42213, s2:0.0.0.0:41839], old=null
2019-09-24 16:16:55,732 INFO  impl.LeaderElection (LeaderElection.java:askForVotes(178)) - s0@group-E77E9FD8E08A-LeaderElection10: begin an election at term 2 for -1: [s0:0.0.0.0:34097, s1:0.0.0.0:42213, s2:0.0.0.0:41839], old=null
2019-09-24 16:16:55,732 DEBUG client.GrpcClientProtocolService (GrpcClientProtocolService.java:sendReply(353)) - 25-OrderedRequestStreamObserver25: sendReply seq=838, RaftClientReply:client-EDB41257C35F->s2@group-5C26748AB2B1, cid=837, SUCCESS, logIndex=1142, commits[s2:c1227, s0:c1121, s1:c1094]
2019-09-24 16:16:55,734 DEBUG client.GrpcClientProtocolService (GrpcClientProtocolService.java:sendReply(353)) - 25-OrderedRequestStreamObserver25: sendReply seq=839, RaftClientReply:client-EDB41257C35F->s2@group-5C26748AB2B1, cid=838, SUCCESS, logIndex=1143, commits[s2:c1227, s0:c1121, s1:c1094]
2019-09-24 16:16:55,736 DEBUG client.GrpcClientProtocolService (GrpcClientProtocolService.java:sendReply(353)) - 25-OrderedRequestStreamObserver25: sendReply seq=840, RaftClientReply:client-EDB41257C35F->s2@group-5C26748AB2B1, cid=839, SUCCESS, logIndex=1144, commits[s2:c1227, s0:c1121, s1:c1094]
2019-09-24 16:16:55,737 DEBUG client.GrpcClientProtocolService (GrpcClientProtocolService.java:sendReply(353)) - 25-OrderedRequestStreamObserver25: sendReply seq=841, RaftClientReply:client-EDB41257C35F->s2@group-5C26748AB2B1, cid=840, SUCCESS, logIndex=1145, commits[s2:c1227, s0:c1121, s1:c1094]
2019-09-24 16:16:55,739 INFO  impl.LeaderElection (LeaderElection.java:logAndReturn(56)) - s1@group-E77E9FD8E08A-LeaderElection9: Election REJECTED; received 2 response(s) [s1<-s0#0:FAIL-t2, s1<-s2#0:FAIL-t2] and 0 exception(s); s1@group-E77E9FD8E08A:t2, leader=null, voted=s1, raftlog=s1@group-E77E9FD8E08A-SegmentedRaftLog:OPENED:c-1,f-1,i0, conf=-1: [s0:0.0.0.0:34097, s1:0.0.0.0:42213, s2:0.0.0.0:41839], old=null
2019-09-24 16:16:55,739 DEBUG client.GrpcClientProtocolService (GrpcClientProtocolService.java:sendReply(353)) - 25-OrderedRequestStreamObserver25: sendReply seq=842, RaftClientReply:client-EDB41257C35F->s2@group-5C26748AB2B1, cid=841, SUCCESS, logIndex=1146, commits[s2:c1227, s0:c1121, s1:c1094]
2019-09-24 16:16:55,739 INFO  impl.RaftServerImpl (RaftServerImpl.java:setRole(170)) - s1@group-E77E9FD8E08A: changes role from CANDIDATE to FOLLOWER at term 2 for DISCOVERED_A_NEW_TERM
2019-09-24 16:16:55,740 INFO  impl.RoleInfo (RoleInfo.java:shutdownLeaderElection(134)) - s1: shutdown LeaderElection
2019-09-24 16:16:55,740 INFO  impl.RoleInfo (RoleInfo.java:updateAndGet(143)) - s1: start FollowerState
2019-09-24 16:16:55,740 INFO  impl.LeaderElection (LeaderElection.java:logAndReturn(56)) - s0@group-E77E9FD8E08A-LeaderElection10: Election REJECTED; received 2 response(s) [s0<-s1#0:FAIL-t2, s0<-s2#0:FAIL-t2] and 0 exception(s); s0@group-E77E9FD8E08A:t2, leader=null, voted=s0, raftlog=s0@group-E77E9FD8E08A-SegmentedRaftLog:OPENED:c-1,f-1,i0, conf=-1: [s0:0.0.0.0:34097, s1:0.0.0.0:42213, s2:0.0.0.0:41839], old=null
2019-09-24 16:16:55,740 DEBUG client.GrpcClientProtocolService (GrpcClientProtocolService.java:sendReply(353)) - 25-OrderedRequestStreamObserver25: sendReply seq=843, RaftClientReply:client-EDB41257C35F->s2@group-5C26748AB2B1, cid=842, SUCCESS, logIndex=1147, commits[s2:c1227, s0:c1121, s1:c1094]
2019-09-24 16:16:55,740 INFO  impl.RaftServerImpl (RaftServerImpl.java:setRole(170)) - s0@group-E77E9FD8E08A: changes role from CANDIDATE to FOLLOWER at term 2 for DISCOVERED_A_NEW_TERM
2019-09-24 16:16:55,740 INFO  impl.RoleInfo (RoleInfo.java:shutdownLeaderElection(134)) - s0: shutdown LeaderElection
2019-09-24 16:16:55,740 INFO  impl.RoleInfo (RoleInfo.java:updateAndGet(143)) - s0: start FollowerState
2019-09-24 16:16:55,741 INFO  impl.LeaderElection (LeaderElection.java:logAndReturn(56)) - s2@group-E77E9FD8E08A-LeaderElection8: Election REJECTED; received 2 response(s) [s2<-s0#0:FAIL-t2, s2<-s1#0:FAIL-t2] and 0 exception(s); s2@group-E77E9FD8E08A:t2, leader=null, voted=s2, raftlog=s2@group-E77E9FD8E08A-SegmentedRaftLog:OPENED:c-1,f-1,i0, conf=-1: [s0:0.0.0.0:34097, s1:0.0.0.0:42213, s2:0.0.0.0:41839], old=null
2019-09-24 16:16:55,741 DEBUG client.GrpcClientProtocolService (GrpcClientProtocolService.java:sendReply(353)) - 25-OrderedRequestStreamObserver25: sendReply seq=844, RaftClientReply:client-EDB41257C35F->s2@group-5C26748AB2B1, cid=843, SUCCESS, logIndex=1148, commits[s2:c1227, s0:c1121, s1:c1094]
2019-09-24 16:16:55,741 INFO  impl.RaftServerImpl (RaftServerImpl.java:setRole(170)) - s2@group-E77E9FD8E08A: changes role from CANDIDATE to FOLLOWER at term 2 for DISCOVERED_A_NEW_TERM
2019-09-24 16:16:55,741 INFO  impl.RoleInfo (RoleInfo.java:shutdownLeaderElection(134)) - s2: shutdown LeaderElection
2019-09-24 16:16:55,741 INFO  impl.RoleInfo (RoleInfo.java:updateAndGet(143)) - s2: start FollowerState
2019-09-24 16:16:55,742 DEBUG client.GrpcClientProtocolService (GrpcClientProtocolService.java:sendReply(353)) - 25-OrderedRequestStreamObserver25: sendReply seq=845, RaftClientReply:client-EDB41257C35F->s2@group-5C26748AB2B1, cid=844, SUCCESS, logIndex=1149, commits[s2:c1227, s0:c1121, s1:c1094]
2019-09-24 16:16:55,742 DEBUG client.GrpcClientProtocolService (GrpcClientProtocolService.java:sendReply(353)) - 25-OrderedRequestStreamObserver25: sendReply seq=846, RaftClientReply:client-EDB41257C35F->s2@group-5C26748AB2B1, cid=845, SUCCESS, logIndex=1150, commits[s2:c1227, s0:c1121, s1:c1094]
2019-09-24 16:16:55,743 DEBUG client.GrpcClientProtocolService (GrpcClientProtocolService.java:sendReply(353)) - 25-OrderedRequestStreamObserver25: sendReply seq=847, RaftClientReply:client-EDB41257C35F->s2@group-5C26748AB2B1, cid=846, SUCCESS, logIndex=1151, commits[s2:c1227, s0:c1121, s1:c1094]
2019-09-24 16:16:55,743 DEBUG client.GrpcClientProtocolService (GrpcClientProtocolService.java:sendReply(353)) - 25-OrderedRequestStreamObserver25: sendReply seq=848, RaftClientReply:client-EDB41257C35F->s2@group-5C26748AB2B1, cid=847, SUCCESS, logIndex=1152, commits[s2:c1227, s0:c1121, s1:c1094]
2019-09-24 16:16:55,744 DEBUG client.GrpcClientProtocolService (GrpcClientProtocolService.java:sendReply(353)) - 25-OrderedRequestStreamObserver25: sendReply seq=849, RaftClientReply:client-EDB41257C35F->s2@group-5C26748AB2B1, cid=848, SUCCESS, logIndex=1153, commits[s2:c1227, s0:c1121, s1:c1094]
2019-09-24 16:16:55,744 DEBUG client.GrpcClientProtocolService (GrpcClientProtocolService.java:sendReply(353)) - 25-OrderedRequestStreamObserver25: sendReply seq=850, RaftClientReply:client-EDB41257C35F->s2@group-5C26748AB2B1, cid=849, SUCCESS, logIndex=1154, commits[s2:c1227, s0:c1121, s1:c1094]
2019-09-24 16:16:55,745 DEBUG client.GrpcClientProtocolService (GrpcClientProtocolService.java:sendReply(353)) - 25-OrderedRequestStreamObserver25: sendReply seq=851, RaftClientReply:client-EDB41257C35F->s2@group-5C26748AB2B1, cid=850, SUCCESS, logIndex=1155, commits[s2:c1227, s0:c1121, s1:c1094]
2019-09-24 16:16:55,745 DEBUG client.GrpcClientProtocolService (GrpcClientProtocolService.java:sendReply(353)) - 25-OrderedRequestStreamObserver25: sendReply seq=852, RaftClientReply:client-EDB41257C35F->s2@group-5C26748AB2B1, cid=851, SUCCESS, logIndex=1156, commits[s2:c1227, s0:c1121, s1:c1094]
2019-09-24 16:16:55,746 DEBUG client.GrpcClientProtocolService (GrpcClientProtocolService.java:sendReply(353)) - 25-OrderedRequestStreamObserver25: sendReply seq=853, RaftClientReply:client-EDB41257C35F->s2@group-5C26748AB2B1, cid=852, SUCCESS, logIndex=1157, commits[s2:c1227, s0:c1121, s1:c1094]
2019-09-24 16:16:55,747 DEBUG client.GrpcClientProtocolService (GrpcClientProtocolService.java:sendReply(353)) - 25-OrderedRequestStreamObserver25: sendReply seq=854, RaftClientReply:client-EDB41257C35F->s2@group-5C26748AB2B1, cid=853, SUCCESS, logIndex=1158, commits[s2:c1227, s0:c1121, s1:c1094]
2019-09-24 16:16:55,747 DEBUG client.GrpcClientProtocolService (GrpcClientProtocolService.java:sendReply(353)) - 25-OrderedRequestStreamObserver25: sendReply seq=855, RaftClientReply:client-EDB41257C35F->s2@group-5C26748AB2B1, cid=854, SUCCESS, logIndex=1159, commits[s2:c1227, s0:c1121, s1:c1094]
2019-09-24 16:16:55,748 DEBUG client.GrpcClientProtocolService (GrpcClientProtocolService.java:sendReply(353)) - 25-OrderedRequestStreamObserver25: sendReply seq=856, RaftClientReply:client-EDB41257C35F->s2@group-5C26748AB2B1, cid=855, SUCCESS, logIndex=1160, commits[s2:c1227, s0:c1121, s1:c1094]
2019-09-24 16:16:55,749 DEBUG client.GrpcClientProtocolService (GrpcClientProtocolService.java:sendReply(353)) - 25-OrderedRequestStreamObserver25: sendReply seq=857, RaftClientReply:client-EDB41257C35F->s2@group-5C26748AB2B1, cid=856, SUCCESS, logIndex=1161, commits[s2:c1227, s0:c1121, s1:c1094]
2019-09-24 16:16:55,749 DEBUG client.GrpcClientProtocolService (GrpcClientProtocolService.java:sendReply(353)) - 25-OrderedRequestStreamObserver25: sendReply seq=858, RaftClientReply:client-EDB41257C35F->s2@group-5C26748AB2B1, cid=857, SUCCESS, logIndex=1162, commits[s2:c1227, s0:c1121, s1:c1094]
2019-09-24 16:16:55,750 DEBUG client.GrpcClientProtocolService (GrpcClientProtocolService.java:sendReply(353)) - 25-OrderedRequestStreamObserver25: sendReply seq=859, RaftClientReply:client-EDB41257C35F->s2@group-5C26748AB2B1, cid=858, SUCCESS, logIndex=1163, commits[s2:c1227, s0:c1121, s1:c1094]
2019-09-24 16:16:55,751 DEBUG client.GrpcClientProtocolService (GrpcClientProtocolService.java:sendReply(353)) - 25-OrderedRequestStreamObserver25: sendReply seq=860, RaftClientReply:client-EDB41257C35F->s2@group-5C26748AB2B1, cid=859, SUCCESS, logIndex=1164, commits[s2:c1227, s0:c1121, s1:c1094]
2019-09-24 16:16:55,752 DEBUG client.GrpcClientProtocolService (GrpcClientProtocolService.java:sendReply(353)) - 25-OrderedRequestStreamObserver25: sendReply seq=861, RaftClientReply:client-EDB41257C35F->s2@group-5C26748AB2B1, cid=860, SUCCESS, logIndex=1165, commits[s2:c1227, s0:c1121, s1:c1094]
2019-09-24 16:16:55,752 DEBUG client.GrpcClientProtocolService (GrpcClientProtocolService.java:sendReply(353)) - 25-OrderedRequestStreamObserver25: sendReply seq=862, RaftClientReply:client-EDB41257C35F->s2@group-5C26748AB2B1, cid=861, SUCCESS, logIndex=1166, commits[s2:c1227, s0:c1121, s1:c1094]
2019-09-24 16:16:55,753 DEBUG client.GrpcClientProtocolService (GrpcClientProtocolService.java:sendReply(353)) - 25-OrderedRequestStreamObserver25: sendReply seq=863, RaftClientReply:client-EDB41257C35F->s2@group-5C26748AB2B1, cid=862, SUCCESS, logIndex=1167, commits[s2:c1227, s0:c1121, s1:c1094]
2019-09-24 16:16:55,753 DEBUG client.GrpcClientProtocolService (GrpcClientProtocolService.java:sendReply(353)) - 25-OrderedRequestStreamObserver25: sendReply seq=864, RaftClientReply:client-EDB41257C35F->s2@group-5C26748AB2B1, cid=863, SUCCESS, logIndex=1168, commits[s2:c1227, s0:c1121, s1:c1094]
2019-09-24 16:16:55,754 DEBUG client.GrpcClientProtocolService (GrpcClientProtocolService.java:sendReply(353)) - 25-OrderedRequestStreamObserver25: sendReply seq=865, RaftClientReply:client-EDB41257C35F->s2@group-5C26748AB2B1, cid=864, SUCCESS, logIndex=1169, commits[s2:c1227, s0:c1121, s1:c1094]
2019-09-24 16:16:55,755 DEBUG client.GrpcClientProtocolService (GrpcClientProtocolService.java:sendReply(353)) - 25-OrderedRequestStreamObserver25: sendReply seq=866, RaftClientReply:client-EDB41257C35F->s2@group-5C26748AB2B1, cid=865, SUCCESS, logIndex=1170, commits[s2:c1227, s0:c1121, s1:c1094]
2019-09-24 16:16:55,755 DEBUG client.GrpcClientProtocolService (GrpcClientProtocolService.java:sendReply(353)) - 25-OrderedRequestStreamObserver25: sendReply seq=867, RaftClientReply:client-EDB41257C35F->s2@group-5C26748AB2B1, cid=866, SUCCESS, logIndex=1171, commits[s2:c1227, s0:c1121, s1:c1094]
2019-09-24 16:16:55,756 DEBUG client.GrpcClientProtocolService (GrpcClientProtocolService.java:sendReply(353)) - 25-OrderedRequestStreamObserver25: sendReply seq=868, RaftClientReply:client-EDB41257C35F->s2@group-5C26748AB2B1, cid=867, SUCCESS, logIndex=1172, commits[s2:c1227, s0:c1121, s1:c1094]
2019-09-24 16:16:55,756 DEBUG client.GrpcClientProtocolService (GrpcClientProtocolService.java:sendReply(353)) - 25-OrderedRequestStreamObserver25: sendReply seq=869, RaftClientReply:client-EDB41257C35F->s2@group-5C26748AB2B1, cid=868, SUCCESS, logIndex=1173, commits[s2:c1227, s0:c1121, s1:c1094]
2019-09-24 16:16:55,757 DEBUG client.GrpcClientProtocolService (GrpcClientProtocolService.java:sendReply(353)) - 25-OrderedRequestStreamObserver25: sendReply seq=870, RaftClientReply:client-EDB41257C35F->s2@group-5C26748AB2B1, cid=869, SUCCESS, logIndex=1174, commits[s2:c1227, s0:c1121, s1:c1094]
2019-09-24 16:16:55,757 DEBUG client.GrpcClientProtocolService (GrpcClientProtocolService.java:sendReply(353)) - 25-OrderedRequestStreamObserver25: sendReply seq=871, RaftClientReply:client-EDB41257C35F->s2@group-5C26748AB2B1, cid=870, SUCCESS, logIndex=1175, commits[s2:c1227, s0:c1121, s1:c1094]
2019-09-24 16:16:55,758 DEBUG client.GrpcClientProtocolService (GrpcClientProtocolService.java:sendReply(353)) - 25-OrderedRequestStreamObserver25: sendReply seq=872, RaftClientReply:client-EDB41257C35F->s2@group-5C26748AB2B1, cid=871, SUCCESS, logIndex=1176, commits[s2:c1227, s0:c1121, s1:c1094]
2019-09-24 16:16:55,758 DEBUG client.GrpcClientProtocolService (GrpcClientProtocolService.java:sendReply(353)) - 25-OrderedRequestStreamObserver25: sendReply seq=873, RaftClientReply:client-EDB41257C35F->s2@group-5C26748AB2B1, cid=872, SUCCESS, logIndex=1177, commits[s2:c1227, s0:c1121, s1:c1094]
2019-09-24 16:16:55,759 DEBUG client.GrpcClientProtocolService (GrpcClientProtocolService.java:sendReply(353)) - 25-OrderedRequestStreamObserver25: sendReply seq=874, RaftClientReply:client-EDB41257C35F->s2@group-5C26748AB2B1, cid=873, SUCCESS, logIndex=1178, commits[s2:c1227, s0:c1121, s1:c1094]
2019-09-24 16:16:55,760 DEBUG client.GrpcClientProtocolService (GrpcClientProtocolService.java:sendReply(353)) - 25-OrderedRequestStreamObserver25: sendReply seq=875, RaftClientReply:client-EDB41257C35F->s2@group-5C26748AB2B1, cid=874, SUCCESS, logIndex=1179, commits[s2:c1227, s0:c1121, s1:c1094]
2019-09-24 16:16:55,760 DEBUG client.GrpcClientProtocolService (GrpcClientProtocolService.java:sendReply(353)) - 25-OrderedRequestStreamObserver25: sendReply seq=876, RaftClientReply:client-EDB41257C35F->s2@group-5C26748AB2B1, cid=875, SUCCESS, logIndex=1180, commits[s2:c1227, s0:c1121, s1:c1094]
2019-09-24 16:16:55,761 DEBUG client.GrpcClientProtocolService (GrpcClientProtocolService.java:sendReply(353)) - 25-OrderedRequestStreamObserver25: sendReply seq=877, RaftClientReply:client-EDB41257C35F->s2@group-5C26748AB2B1, cid=876, SUCCESS, logIndex=1181, commits[s2:c1227, s0:c1121, s1:c1094]
2019-09-24 16:16:55,761 DEBUG client.GrpcClientProtocolService (GrpcClientProtocolService.java:sendReply(353)) - 25-OrderedRequestStreamObserver25: sendReply seq=878, RaftClientReply:client-EDB41257C35F->s2@group-5C26748AB2B1, cid=877, SUCCESS, logIndex=1182, commits[s2:c1227, s0:c1121, s1:c1094]
2019-09-24 16:16:55,762 DEBUG client.GrpcClientProtocolService (GrpcClientProtocolService.java:sendReply(353)) - 25-OrderedRequestStreamObserver25: sendReply seq=879, RaftClientReply:client-EDB41257C35F->s2@group-5C26748AB2B1, cid=878, SUCCESS, logIndex=1183, commits[s2:c1227, s0:c1121, s1:c1094]
2019-09-24 16:16:55,762 DEBUG client.GrpcClientProtocolService (GrpcClientProtocolService.java:sendReply(353)) - 25-OrderedRequestStreamObserver25: sendReply seq=880, RaftClientReply:client-EDB41257C35F->s2@group-5C26748AB2B1, cid=879, SUCCESS, logIndex=1184, commits[s2:c1227, s0:c1121, s1:c1094]
2019-09-24 16:16:55,763 DEBUG client.GrpcClientProtocolService (GrpcClientProtocolService.java:sendReply(353)) - 25-OrderedRequestStreamObserver25: sendReply seq=881, RaftClientReply:client-EDB41257C35F->s2@group-5C26748AB2B1, cid=880, SUCCESS, logIndex=1185, commits[s2:c1227, s0:c1121, s1:c1094]
2019-09-24 16:16:55,763 DEBUG client.GrpcClientProtocolService (GrpcClientProtocolService.java:sendReply(353)) - 25-OrderedRequestStreamObserver25: sendReply seq=882, RaftClientReply:client-EDB41257C35F->s2@group-5C26748AB2B1, cid=881, SUCCESS, logIndex=1186, commits[s2:c1227, s0:c1121, s1:c1094]
2019-09-24 16:16:55,764 DEBUG client.GrpcClientProtocolService (GrpcClientProtocolService.java:sendReply(353)) - 25-OrderedRequestStreamObserver25: sendReply seq=883, RaftClientReply:client-EDB41257C35F->s2@group-5C26748AB2B1, cid=882, SUCCESS, logIndex=1187, commits[s2:c1227, s0:c1121, s1:c1121]
2019-09-24 16:16:55,764 DEBUG client.GrpcClientProtocolService (GrpcClientProtocolService.java:sendReply(353)) - 25-OrderedRequestStreamObserver25: sendReply seq=884, RaftClientReply:client-EDB41257C35F->s2@group-5C26748AB2B1, cid=883, SUCCESS, logIndex=1188, commits[s2:c1227, s0:c1121, s1:c1121]
2019-09-24 16:16:55,765 DEBUG client.GrpcClientProtocolService (GrpcClientProtocolService.java:sendReply(353)) - 25-OrderedRequestStreamObserver25: sendReply seq=885, RaftClientReply:client-EDB41257C35F->s2@group-5C26748AB2B1, cid=884, SUCCESS, logIndex=1189, commits[s2:c1227, s0:c1121, s1:c1121]
2019-09-24 16:16:55,765 DEBUG client.GrpcClientProtocolService (GrpcClientProtocolService.java:sendReply(353)) - 25-OrderedRequestStreamObserver25: sendReply seq=886, RaftClientReply:client-EDB41257C35F->s2@group-5C26748AB2B1, cid=885, SUCCESS, logIndex=1190, commits[s2:c1227, s0:c1121, s1:c1121]
2019-09-24 16:16:55,766 DEBUG client.GrpcClientProtocolService (GrpcClientProtocolService.java:sendReply(353)) - 25-OrderedRequestStreamObserver25: sendReply seq=887, RaftClientReply:client-EDB41257C35F->s2@group-5C26748AB2B1, cid=886, SUCCESS, logIndex=1191, commits[s2:c1227, s0:c1121, s1:c1121]
2019-09-24 16:16:55,766 DEBUG client.GrpcClientProtocolService (GrpcClientProtocolService.java:sendReply(353)) - 25-OrderedRequestStreamObserver25: sendReply seq=888, RaftClientReply:client-EDB41257C35F->s2@group-5C26748AB2B1, cid=887, SUCCESS, logIndex=1192, commits[s2:c1227, s0:c1121, s1:c1121]
2019-09-24 16:16:55,767 DEBUG client.GrpcClientProtocolService (GrpcClientProtocolService.java:sendReply(353)) - 25-OrderedRequestStreamObserver25: sendReply seq=889, RaftClientReply:client-EDB41257C35F->s2@group-5C26748AB2B1, cid=888, SUCCESS, logIndex=1193, commits[s2:c1227, s0:c1121, s1:c1121]
2019-09-24 16:16:55,767 DEBUG client.GrpcClientProtocolService (GrpcClientProtocolService.java:sendReply(353)) - 25-OrderedRequestStreamObserver25: sendReply seq=890, RaftClientReply:client-EDB41257C35F->s2@group-5C26748AB2B1, cid=889, SUCCESS, logIndex=1194, commits[s2:c1227, s0:c1121, s1:c1121]
2019-09-24 16:16:55,768 DEBUG client.GrpcClientProtocolService (GrpcClientProtocolService.java:sendReply(353)) - 25-OrderedRequestStreamObserver25: sendReply seq=891, RaftClientReply:client-EDB41257C35F->s2@group-5C26748AB2B1, cid=890, SUCCESS, logIndex=1195, commits[s2:c1227, s0:c1121, s1:c1121]
2019-09-24 16:16:55,768 DEBUG client.GrpcClientProtocolService (GrpcClientProtocolService.java:sendReply(353)) - 25-OrderedRequestStreamObserver25: sendReply seq=892, RaftClientReply:client-EDB41257C35F->s2@group-5C26748AB2B1, cid=891, SUCCESS, logIndex=1196, commits[s2:c1227, s0:c1121, s1:c1121]
2019-09-24 16:16:55,769 DEBUG client.GrpcClientProtocolService (GrpcClientProtocolService.java:sendReply(353)) - 25-OrderedRequestStreamObserver25: sendReply seq=893, RaftClientReply:client-EDB41257C35F->s2@group-5C26748AB2B1, cid=892, SUCCESS, logIndex=1197, commits[s2:c1227, s0:c1121, s1:c1121]
2019-09-24 16:16:55,769 DEBUG client.GrpcClientProtocolService (GrpcClientProtocolService.java:sendReply(353)) - 25-OrderedRequestStreamObserver25: sendReply seq=894, RaftClientReply:client-EDB41257C35F->s2@group-5C26748AB2B1, cid=893, SUCCESS, logIndex=1198, commits[s2:c1227, s0:c1121, s1:c1121]
2019-09-24 16:16:55,770 DEBUG client.GrpcClientProtocolService (GrpcClientProtocolService.java:sendReply(353)) - 25-OrderedRequestStreamObserver25: sendReply seq=895, RaftClientReply:client-EDB41257C35F->s2@group-5C26748AB2B1, cid=894, SUCCESS, logIndex=1199, commits[s2:c1227, s0:c1121, s1:c1121]
2019-09-24 16:16:55,770 DEBUG client.GrpcClientProtocolService (GrpcClientProtocolService.java:sendReply(353)) - 25-OrderedRequestStreamObserver25: sendReply seq=896, RaftClientReply:client-EDB41257C35F->s2@group-5C26748AB2B1, cid=895, SUCCESS, logIndex=1200, commits[s2:c1227, s0:c1121, s1:c1121]
2019-09-24 16:16:55,771 DEBUG client.GrpcClientProtocolService (GrpcClientProtocolService.java:sendReply(353)) - 25-OrderedRequestStreamObserver25: sendReply seq=897, RaftClientReply:client-EDB41257C35F->s2@group-5C26748AB2B1, cid=896, SUCCESS, logIndex=1201, commits[s2:c1227, s0:c1121, s1:c1121]
2019-09-24 16:16:55,771 DEBUG client.GrpcClientProtocolService (GrpcClientProtocolService.java:sendReply(353)) - 25-OrderedRequestStreamObserver25: sendReply seq=898, RaftClientReply:client-EDB41257C35F->s2@group-5C26748AB2B1, cid=897, SUCCESS, logIndex=1202, commits[s2:c1227, s0:c1121, s1:c1121]
2019-09-24 16:16:55,772 DEBUG client.GrpcClientProtocolService (GrpcClientProtocolService.java:sendReply(353)) - 25-OrderedRequestStreamObserver25: sendReply seq=899, RaftClientReply:client-EDB41257C35F->s2@group-5C26748AB2B1, cid=898, SUCCESS, logIndex=1203, commits[s2:c1227, s0:c1121, s1:c1121]
2019-09-24 16:16:55,772 DEBUG client.GrpcClientProtocolService (GrpcClientProtocolService.java:sendReply(353)) - 25-OrderedRequestStreamObserver25: sendReply seq=900, RaftClientReply:client-EDB41257C35F->s2@group-5C26748AB2B1, cid=899, SUCCESS, logIndex=1204, commits[s2:c1227, s0:c1121, s1:c1121]
2019-09-24 16:16:55,773 DEBUG client.GrpcClientProtocolService (GrpcClientProtocolService.java:sendReply(353)) - 25-OrderedRequestStreamObserver25: sendReply seq=901, RaftClientReply:client-EDB41257C35F->s2@group-5C26748AB2B1, cid=900, SUCCESS, logIndex=1205, commits[s2:c1227, s0:c1121, s1:c1121]
2019-09-24 16:16:55,773 DEBUG client.GrpcClientProtocolService (GrpcClientProtocolService.java:sendReply(353)) - 25-OrderedRequestStreamObserver25: sendReply seq=902, RaftClientReply:client-EDB41257C35F->s2@group-5C26748AB2B1, cid=901, SUCCESS, logIndex=1206, commits[s2:c1227, s0:c1121, s1:c1121]
2019-09-24 16:16:55,774 DEBUG client.GrpcClientProtocolService (GrpcClientProtocolService.java:sendReply(353)) - 25-OrderedRequestStreamObserver25: sendReply seq=903, RaftClientReply:client-EDB41257C35F->s2@group-5C26748AB2B1, cid=902, SUCCESS, logIndex=1207, commits[s2:c1227, s0:c1121, s1:c1121]
2019-09-24 16:16:55,775 DEBUG client.GrpcClientProtocolService (GrpcClientProtocolService.java:sendReply(353)) - 25-OrderedRequestStreamObserver25: sendReply seq=904, RaftClientReply:client-EDB41257C35F->s2@group-5C26748AB2B1, cid=903, SUCCESS, logIndex=1208, commits[s2:c1227, s0:c1121, s1:c1121]
2019-09-24 16:16:55,775 DEBUG client.GrpcClientProtocolService (GrpcClientProtocolService.java:sendReply(353)) - 25-OrderedRequestStreamObserver25: sendReply seq=905, RaftClientReply:client-EDB41257C35F->s2@group-5C26748AB2B1, cid=904, SUCCESS, logIndex=1209, commits[s2:c1227, s0:c1121, s1:c1121]
2019-09-24 16:16:55,776 DEBUG client.GrpcClientProtocolService (GrpcClientProtocolService.java:sendReply(353)) - 25-OrderedRequestStreamObserver25: sendReply seq=906, RaftClientReply:client-EDB41257C35F->s2@group-5C26748AB2B1, cid=905, SUCCESS, logIndex=1210, commits[s2:c1227, s0:c1121, s1:c1121]
2019-09-24 16:16:55,776 DEBUG client.GrpcClientProtocolService (GrpcClientProtocolService.java:sendReply(353)) - 25-OrderedRequestStreamObserver25: sendReply seq=907, RaftClientReply:client-EDB41257C35F->s2@group-5C26748AB2B1, cid=906, SUCCESS, logIndex=1211, commits[s2:c1227, s0:c1121, s1:c1121]
2019-09-24 16:16:55,777 DEBUG client.GrpcClientProtocolService (GrpcClientProtocolService.java:sendReply(353)) - 25-OrderedRequestStreamObserver25: sendReply seq=908, RaftClientReply:client-EDB41257C35F->s2@group-5C26748AB2B1, cid=907, SUCCESS, logIndex=1212, commits[s2:c1227, s0:c1121, s1:c1121]
2019-09-24 16:16:55,777 DEBUG client.GrpcClientProtocolService (GrpcClientProtocolService.java:sendReply(353)) - 25-OrderedRequestStreamObserver25: sendReply seq=909, RaftClientReply:client-EDB41257C35F->s2@group-5C26748AB2B1, cid=908, SUCCESS, logIndex=1213, commits[s2:c1227, s0:c1121, s1:c1121]
2019-09-24 16:16:55,778 DEBUG client.GrpcClientProtocolService (GrpcClientProtocolService.java:sendReply(353)) - 25-OrderedRequestStreamObserver25: sendReply seq=910, RaftClientReply:client-EDB41257C35F->s2@group-5C26748AB2B1, cid=909, SUCCESS, logIndex=1214, commits[s2:c1227, s0:c1121, s1:c1121]
2019-09-24 16:16:55,779 DEBUG client.GrpcClientProtocolService (GrpcClientProtocolService.java:sendReply(353)) - 25-OrderedRequestStreamObserver25: sendReply seq=911, RaftClientReply:client-EDB41257C35F->s2@group-5C26748AB2B1, cid=910, SUCCESS, logIndex=1215, commits[s2:c1227, s0:c1121, s1:c1121]
2019-09-24 16:16:55,779 DEBUG client.GrpcClientProtocolService (GrpcClientProtocolService.java:sendReply(353)) - 25-OrderedRequestStreamObserver25: sendReply seq=912, RaftClientReply:client-EDB41257C35F->s2@group-5C26748AB2B1, cid=911, SUCCESS, logIndex=1216, commits[s2:c1227, s0:c1121, s1:c1121]
2019-09-24 16:16:55,779 DEBUG client.GrpcClientProtocolService (GrpcClientProtocolService.java:sendReply(353)) - 25-OrderedRequestStreamObserver25: sendReply seq=913, RaftClientReply:client-EDB41257C35F->s2@group-5C26748AB2B1, cid=912, SUCCESS, logIndex=1217, commits[s2:c1227, s0:c1121, s1:c1121]
2019-09-24 16:16:55,780 DEBUG client.GrpcClientProtocolService (GrpcClientProtocolService.java:sendReply(353)) - 25-OrderedRequestStreamObserver25: sendReply seq=914, RaftClientReply:client-EDB41257C35F->s2@group-5C26748AB2B1, cid=913, SUCCESS, logIndex=1218, commits[s2:c1227, s0:c1121, s1:c1121]
2019-09-24 16:16:55,781 DEBUG client.GrpcClientProtocolService (GrpcClientProtocolService.java:sendReply(353)) - 25-OrderedRequestStreamObserver25: sendReply seq=915, RaftClientReply:client-EDB41257C35F->s2@group-5C26748AB2B1, cid=914, SUCCESS, logIndex=1219, commits[s2:c1227, s0:c1121, s1:c1121]
2019-09-24 16:16:55,781 DEBUG client.GrpcClientProtocolService (GrpcClientProtocolService.java:sendReply(353)) - 25-OrderedRequestStreamObserver25: sendReply seq=916, RaftClientReply:client-EDB41257C35F->s2@group-5C26748AB2B1, cid=915, SUCCESS, logIndex=1220, commits[s2:c1227, s0:c1121, s1:c1121]
2019-09-24 16:16:55,782 DEBUG client.GrpcClientProtocolService (GrpcClientProtocolService.java:sendReply(353)) - 25-OrderedRequestStreamObserver25: sendReply seq=917, RaftClientReply:client-EDB41257C35F->s2@group-5C26748AB2B1, cid=916, SUCCESS, logIndex=1221, commits[s2:c1227, s0:c1121, s1:c1121]
2019-09-24 16:16:55,783 DEBUG client.GrpcClientProtocolService (GrpcClientProtocolService.java:sendReply(353)) - 25-OrderedRequestStreamObserver25: sendReply seq=918, RaftClientReply:client-EDB41257C35F->s2@group-5C26748AB2B1, cid=917, SUCCESS, logIndex=1222, commits[s2:c1227, s0:c1121, s1:c1121]
2019-09-24 16:16:55,783 DEBUG client.GrpcClientProtocolService (GrpcClientProtocolService.java:sendReply(353)) - 25-OrderedRequestStreamObserver25: sendReply seq=919, RaftClientReply:client-EDB41257C35F->s2@group-5C26748AB2B1, cid=918, SUCCESS, logIndex=1223, commits[s2:c1227, s0:c1121, s1:c1121]
2019-09-24 16:16:55,784 DEBUG client.GrpcClientProtocolService (GrpcClientProtocolService.java:sendReply(353)) - 25-OrderedRequestStreamObserver25: sendReply seq=920, RaftClientReply:client-EDB41257C35F->s2@group-5C26748AB2B1, cid=919, SUCCESS, logIndex=1224, commits[s2:c1227, s0:c1121, s1:c1121]
2019-09-24 16:16:55,784 DEBUG client.GrpcClientProtocolService (GrpcClientProtocolService.java:sendReply(353)) - 25-OrderedRequestStreamObserver25: sendReply seq=921, RaftClientReply:client-EDB41257C35F->s2@group-5C26748AB2B1, cid=920, SUCCESS, logIndex=1225, commits[s2:c1227, s0:c1121, s1:c1121]
2019-09-24 16:16:55,785 DEBUG client.GrpcClientProtocolService (GrpcClientProtocolService.java:sendReply(353)) - 25-OrderedRequestStreamObserver25: sendReply seq=922, RaftClientReply:client-EDB41257C35F->s2@group-5C26748AB2B1, cid=921, SUCCESS, logIndex=1226, commits[s2:c1227, s0:c1121, s1:c1121]
2019-09-24 16:16:55,786 DEBUG client.GrpcClientProtocolService (GrpcClientProtocolService.java:sendReply(353)) - 25-OrderedRequestStreamObserver25: sendReply seq=923, RaftClientReply:client-EDB41257C35F->s2@group-5C26748AB2B1, cid=922, SUCCESS, logIndex=1227, commits[s2:c1227, s0:c1121, s1:c1121]
2019-09-24 16:16:55,843 WARN  ratis.RaftTestUtil (JavaUtils.java:attempt(158)) - FAILED "waitForLeader-null-(expectLeader? true)", attempt #25/100: java.lang.IllegalStateException: No leader yet : printing ALL groups
  s0:  RUNNING  FOLLOWER s0@group-E77E9FD8E08A:t2, leader=null, voted=s0, raftlog=s0@group-E77E9FD8E08A-SegmentedRaftLog:OPENED:c-1,f-1,i0, conf=-1: [s0:0.0.0.0:34097, s1:0.0.0.0:42213, s2:0.0.0.0:41839], old=null RUNNING
  s1:  RUNNING  FOLLOWER s1@group-E77E9FD8E08A:t2, leader=null, voted=s1, raftlog=s1@group-E77E9FD8E08A-SegmentedRaftLog:OPENED:c-1,f-1,i0, conf=-1: [s0:0.0.0.0:34097, s1:0.0.0.0:42213, s2:0.0.0.0:41839], old=null RUNNING
  s2:  RUNNING  FOLLOWER s2@group-E77E9FD8E08A:t2, leader=null, voted=s2, raftlog=s2@group-E77E9FD8E08A-SegmentedRaftLog:OPENED:c-1,f-1,i0, conf=-1: [s0:0.0.0.0:34097, s1:0.0.0.0:42213, s2:0.0.0.0:41839], old=null RUNNING, sleep 450ms and then retry.
java.lang.IllegalStateException: No leader yet : printing ALL groups
  s0:  RUNNING  FOLLOWER s0@group-E77E9FD8E08A:t2, leader=null, voted=s0, raftlog=s0@group-E77E9FD8E08A-SegmentedRaftLog:OPENED:c-1,f-1,i0, conf=-1: [s0:0.0.0.0:34097, s1:0.0.0.0:42213, s2:0.0.0.0:41839], old=null RUNNING
  s1:  RUNNING  FOLLOWER s1@group-E77E9FD8E08A:t2, leader=null, voted=s1, raftlog=s1@group-E77E9FD8E08A-SegmentedRaftLog:OPENED:c-1,f-1,i0, conf=-1: [s0:0.0.0.0:34097, s1:0.0.0.0:42213, s2:0.0.0.0:41839], old=null RUNNING
  s2:  RUNNING  FOLLOWER s2@group-E77E9FD8E08A:t2, leader=null, voted=s2, raftlog=s2@group-E77E9FD8E08A-SegmentedRaftLog:OPENED:c-1,f-1,i0, conf=-1: [s0:0.0.0.0:34097, s1:0.0.0.0:42213, s2:0.0.0.0:41839], old=null RUNNING
	at org.apache.ratis.MiniRaftCluster.newIllegalStateExceptionForNoLeaders(MiniRaftCluster.java:506)
	at org.apache.ratis.RaftTestUtil.lambda$waitForLeader$1(RaftTestUtil.java:90)
	at org.apache.ratis.MiniRaftCluster.getLeader(MiniRaftCluster.java:539)
	at org.apache.ratis.MiniRaftCluster.getLeader(MiniRaftCluster.java:532)
	at org.apache.ratis.RaftTestUtil.lambda$waitForLeader$3(RaftTestUtil.java:98)
	at org.apache.ratis.util.JavaUtils.attempt(JavaUtils.java:152)
	at org.apache.ratis.RaftTestUtil.waitForLeader(RaftTestUtil.java:97)
	at org.apache.ratis.RaftTestUtil.waitForLeader(RaftTestUtil.java:77)
	at org.apache.ratis.RaftTestUtil.waitForLeader(RaftTestUtil.java:72)
	at org.apache.ratis.OutputStreamBaseTest.runTestWriteAndFlush(OutputStreamBaseTest.java:121)
	at org.apache.ratis.MiniRaftCluster$Factory$Get.runWithNewCluster(MiniRaftCluster.java:125)
	at org.apache.ratis.MiniRaftCluster$Factory$Get.runWithNewCluster(MiniRaftCluster.java:113)
	at org.apache.ratis.OutputStreamBaseTest.testWriteAndFlush(OutputStreamBaseTest.java:116)
	at sun.reflect.NativeMethodAccessorImpl.invoke0(Native Method)
	at sun.reflect.NativeMethodAccessorImpl.invoke(NativeMethodAccessorImpl.java:62)
	at sun.reflect.DelegatingMethodAccessorImpl.invoke(DelegatingMethodAccessorImpl.java:43)
	at java.lang.reflect.Method.invoke(Method.java:498)
	at org.junit.runners.model.FrameworkMethod$1.runReflectiveCall(FrameworkMethod.java:50)
	at org.junit.internal.runners.model.ReflectiveCallable.run(ReflectiveCallable.java:12)
	at org.junit.runners.model.FrameworkMethod.invokeExplosively(FrameworkMethod.java:47)
	at org.junit.internal.runners.statements.InvokeMethod.evaluate(InvokeMethod.java:17)
	at org.junit.internal.runners.statements.RunAfters.evaluate(RunAfters.java:27)
	at org.junit.internal.runners.statements.FailOnTimeout$CallableStatement.call(FailOnTimeout.java:298)
	at org.junit.internal.runners.statements.FailOnTimeout$CallableStatement.call(FailOnTimeout.java:292)
	at java.util.concurrent.FutureTask.run(FutureTask.java:266)
	at java.lang.Thread.run(Thread.java:748)
2019-09-24 16:16:55,952 INFO  impl.FollowerState (FollowerState.java:run(108)) - s2@group-E77E9FD8E08A-FollowerState: change to CANDIDATE, lastRpcTime:210ms, electionTimeout:210ms
2019-09-24 16:16:55,952 INFO  impl.RoleInfo (RoleInfo.java:shutdownFollowerState(121)) - s2: shutdown FollowerState
2019-09-24 16:16:55,952 INFO  impl.RaftServerImpl (RaftServerImpl.java:setRole(170)) - s2@group-E77E9FD8E08A: changes role from  FOLLOWER to CANDIDATE at term 2 for changeToCandidate
2019-09-24 16:16:55,953 INFO  impl.RoleInfo (RoleInfo.java:updateAndGet(143)) - s2: start LeaderElection
2019-09-24 16:16:55,963 INFO  impl.FollowerState (FollowerState.java:run(108)) - s1@group-E77E9FD8E08A-FollowerState: change to CANDIDATE, lastRpcTime:223ms, electionTimeout:223ms
2019-09-24 16:16:55,964 INFO  impl.RoleInfo (RoleInfo.java:shutdownFollowerState(121)) - s1: shutdown FollowerState
2019-09-24 16:16:55,964 INFO  impl.RaftServerImpl (RaftServerImpl.java:setRole(170)) - s1@group-E77E9FD8E08A: changes role from  FOLLOWER to CANDIDATE at term 2 for changeToCandidate
2019-09-24 16:16:55,964 INFO  impl.RoleInfo (RoleInfo.java:updateAndGet(143)) - s1: start LeaderElection
2019-09-24 16:16:55,966 INFO  impl.LeaderElection (LeaderElection.java:askForVotes(178)) - s2@group-E77E9FD8E08A-LeaderElection11: begin an election at term 3 for -1: [s0:0.0.0.0:34097, s1:0.0.0.0:42213, s2:0.0.0.0:41839], old=null
2019-09-24 16:16:55,969 INFO  impl.LeaderElection (LeaderElection.java:askForVotes(178)) - s1@group-E77E9FD8E08A-LeaderElection12: begin an election at term 3 for -1: [s0:0.0.0.0:34097, s1:0.0.0.0:42213, s2:0.0.0.0:41839], old=null
2019-09-24 16:16:55,970 INFO  impl.RaftServerImpl (RaftServerImpl.java:setRole(170)) - s0@group-E77E9FD8E08A: changes role from  FOLLOWER to FOLLOWER at term 3 for recognizeCandidate:s2
2019-09-24 16:16:55,970 INFO  impl.RoleInfo (RoleInfo.java:shutdownFollowerState(121)) - s0: shutdown FollowerState
2019-09-24 16:16:55,970 INFO  impl.RoleInfo (RoleInfo.java:updateAndGet(143)) - s0: start FollowerState
2019-09-24 16:16:55,970 INFO  impl.FollowerState (FollowerState.java:run(117)) - s0@group-E77E9FD8E08A-FollowerState was interrupted: java.lang.InterruptedException: sleep interrupted
2019-09-24 16:16:55,986 INFO  impl.LeaderElection (LeaderElection.java:logAndReturn(56)) - s2@group-E77E9FD8E08A-LeaderElection11: Election PASSED; received 2 response(s) [s2<-s0#0:OK-t3, s2<-s1#0:FAIL-t3] and 0 exception(s); s2@group-E77E9FD8E08A:t3, leader=null, voted=s2, raftlog=s2@group-E77E9FD8E08A-SegmentedRaftLog:OPENED:c-1,f-1,i0, conf=-1: [s0:0.0.0.0:34097, s1:0.0.0.0:42213, s2:0.0.0.0:41839], old=null
2019-09-24 16:16:55,987 INFO  impl.RoleInfo (RoleInfo.java:shutdownLeaderElection(134)) - s2: shutdown LeaderElection
2019-09-24 16:16:55,987 INFO  impl.LeaderElection (LeaderElection.java:logAndReturn(56)) - s1@group-E77E9FD8E08A-LeaderElection12: Election REJECTED; received 2 response(s) [s1<-s0#0:FAIL-t3, s1<-s2#0:FAIL-t3] and 0 exception(s); s1@group-E77E9FD8E08A:t3, leader=null, voted=s1, raftlog=s1@group-E77E9FD8E08A-SegmentedRaftLog:OPENED:c-1,f-1,i0, conf=-1: [s0:0.0.0.0:34097, s1:0.0.0.0:42213, s2:0.0.0.0:41839], old=null
2019-09-24 16:16:55,987 INFO  impl.RaftServerImpl (RaftServerImpl.java:setRole(170)) - s2@group-E77E9FD8E08A: changes role from CANDIDATE to LEADER at term 3 for changeToLeader
2019-09-24 16:16:55,987 INFO  impl.RaftServerImpl (RaftServerImpl.java:setRole(170)) - s1@group-E77E9FD8E08A: changes role from CANDIDATE to FOLLOWER at term 3 for DISCOVERED_A_NEW_TERM
2019-09-24 16:16:55,987 INFO  impl.RoleInfo (RoleInfo.java:shutdownLeaderElection(134)) - s1: shutdown LeaderElection
2019-09-24 16:16:55,987 INFO  impl.RaftServerImpl (ServerState.java:setLeader(254)) - s2@group-E77E9FD8E08A: change Leader from null to s2 at term 3 for becomeLeader, leader elected after 11029ms
2019-09-24 16:16:55,987 INFO  impl.RoleInfo (RoleInfo.java:updateAndGet(143)) - s1: start FollowerState
2019-09-24 16:16:55,988 INFO  server.RaftServerConfigKeys (ConfUtils.java:logGet(43)) - raft.server.staging.catchup.gap = 1000 (default)
2019-09-24 16:16:55,988 INFO  server.RaftServerConfigKeys (ConfUtils.java:logGet(43)) - raft.server.rpc.sleep.time = 25ms (default)
2019-09-24 16:16:55,988 INFO  server.RaftServerConfigKeys (ConfUtils.java:logGet(43)) - raft.server.write.element-limit = 4096 (default)
2019-09-24 16:16:55,988 INFO  server.RaftServerConfigKeys (ConfUtils.java:logGet(43)) - raft.server.watch.timeout = 10s (default)
2019-09-24 16:16:55,989 INFO  server.RaftServerConfigKeys (ConfUtils.java:logGet(43)) - raft.server.watch.timeout.denomination = 1s (default)
2019-09-24 16:16:55,989 INFO  server.RaftServerConfigKeys (ConfUtils.java:logGet(43)) - raft.server.watch.element-limit = 65536 (default)
2019-09-24 16:16:55,993 INFO  server.RaftServerConfigKeys (ConfUtils.java:logGet(43)) - raft.server.log.appender.snapshot.chunk.size.max = 16MB (=16777216) (default)
2019-09-24 16:16:55,994 INFO  server.RaftServerConfigKeys (ConfUtils.java:logGet(43)) - raft.server.log.appender.buffer.byte-limit = 4MB (=4194304) (default)
2019-09-24 16:16:55,994 INFO  server.RaftServerConfigKeys (ConfUtils.java:logGet(43)) - raft.server.log.appender.buffer.element-limit = 0 (default)
2019-09-24 16:16:55,994 INFO  grpc.GrpcConfigKeys$Server (ConfUtils.java:logGet(43)) - raft.grpc.server.leader.outstanding.appends.max = 128 (default)
2019-09-24 16:16:55,994 INFO  server.RaftServerConfigKeys (ConfUtils.java:logGet(43)) - raft.server.rpc.request.timeout = 3000ms (default)
2019-09-24 16:16:55,995 INFO  server.RaftServerConfigKeys (ConfUtils.java:logGet(43)) - raft.server.log.appender.install.snapshot.enabled = true (default)
2019-09-24 16:16:55,995 INFO  server.RaftServerConfigKeys (ConfUtils.java:logGet(43)) - raft.server.log.appender.snapshot.chunk.size.max = 16MB (=16777216) (default)
2019-09-24 16:16:55,995 INFO  server.RaftServerConfigKeys (ConfUtils.java:logGet(43)) - raft.server.log.appender.buffer.byte-limit = 4MB (=4194304) (default)
2019-09-24 16:16:55,995 INFO  server.RaftServerConfigKeys (ConfUtils.java:logGet(43)) - raft.server.log.appender.buffer.element-limit = 0 (default)
2019-09-24 16:16:55,995 INFO  grpc.GrpcConfigKeys$Server (ConfUtils.java:logGet(43)) - raft.grpc.server.leader.outstanding.appends.max = 128 (default)
2019-09-24 16:16:55,996 INFO  server.RaftServerConfigKeys (ConfUtils.java:logGet(43)) - raft.server.rpc.request.timeout = 3000ms (default)
2019-09-24 16:16:55,996 INFO  server.RaftServerConfigKeys (ConfUtils.java:logGet(43)) - raft.server.log.appender.install.snapshot.enabled = true (default)
2019-09-24 16:16:55,996 INFO  impl.RoleInfo (RoleInfo.java:updateAndGet(143)) - s2: start LeaderState
2019-09-24 16:16:55,996 INFO  segmented.SegmentedRaftLogWorker (SegmentedRaftLogWorker.java:startLogSegment(380)) - s2@group-E77E9FD8E08A-SegmentedRaftLogWorker: Starting segment from index:0
2019-09-24 16:16:55,998 INFO  impl.RaftServerImpl (ServerState.java:setRaftConf(355)) - s2@group-E77E9FD8E08A: set configuration 0: [s0:0.0.0.0:34097, s1:0.0.0.0:42213, s2:0.0.0.0:41839], old=null at 0
2019-09-24 16:16:56,000 INFO  impl.RaftServerImpl (ServerState.java:setLeader(254)) - s0@group-E77E9FD8E08A: change Leader from null to s2 at term 3 for appendEntries, leader elected after 11042ms
2019-09-24 16:16:56,000 INFO  impl.RaftServerImpl (ServerState.java:setLeader(254)) - s1@group-E77E9FD8E08A: change Leader from null to s2 at term 3 for appendEntries, leader elected after 11043ms
2019-09-24 16:16:56,002 INFO  impl.RaftServerImpl (ServerState.java:setRaftConf(355)) - s0@group-E77E9FD8E08A: set configuration 0: [s0:0.0.0.0:34097, s1:0.0.0.0:42213, s2:0.0.0.0:41839], old=null at 0
2019-09-24 16:16:56,002 INFO  impl.RaftServerImpl (ServerState.java:setRaftConf(355)) - s1@group-E77E9FD8E08A: set configuration 0: [s0:0.0.0.0:34097, s1:0.0.0.0:42213, s2:0.0.0.0:41839], old=null at 0
2019-09-24 16:16:56,002 INFO  segmented.SegmentedRaftLogWorker (SegmentedRaftLogWorker.java:startLogSegment(380)) - s0@group-E77E9FD8E08A-SegmentedRaftLogWorker: Starting segment from index:0
2019-09-24 16:16:56,003 INFO  segmented.SegmentedRaftLogWorker (SegmentedRaftLogWorker.java:startLogSegment(380)) - s1@group-E77E9FD8E08A-SegmentedRaftLogWorker: Starting segment from index:0
2019-09-24 16:16:56,294 INFO  ratis.RaftTestUtil (RaftTestUtil.java:waitForLeader(101)) - printing ALL groups
  s0:  RUNNING  FOLLOWER s0@group-E77E9FD8E08A:t3, leader=s2, voted=s2, raftlog=s0@group-E77E9FD8E08A-SegmentedRaftLog:OPENED:c-1,f-1,i0, conf=0: [s0:0.0.0.0:34097, s1:0.0.0.0:42213, s2:0.0.0.0:41839], old=null RUNNING
  s1:  RUNNING  FOLLOWER s1@group-E77E9FD8E08A:t3, leader=s2, voted=s1, raftlog=s1@group-E77E9FD8E08A-SegmentedRaftLog:OPENED:c-1,f-1,i0, conf=0: [s0:0.0.0.0:34097, s1:0.0.0.0:42213, s2:0.0.0.0:41839], old=null RUNNING
  s2:  RUNNING    LEADER s2@group-E77E9FD8E08A:t3, leader=s2, voted=s2, raftlog=s2@group-E77E9FD8E08A-SegmentedRaftLog:OPENED:c-1,f-1,i0, conf=0: [s0:0.0.0.0:34097, s1:0.0.0.0:42213, s2:0.0.0.0:41839], old=null RUNNING
2019-09-24 16:16:56,302 DEBUG client.GrpcClientProtocolService (GrpcClientProtocolService.java:<init>(175)) - new 0-OrderedRequestStreamObserver0
2019-09-24 16:16:56,304 DEBUG client.GrpcClientProtocolService (GrpcClientProtocolService.java:sendReply(353)) - 0-OrderedRequestStreamObserver0: sendReply seq=1, RaftClientReply:client-DE317CF077D2->s0@group-E77E9FD8E08A, cid=1023, FAILED org.apache.ratis.protocol.NotLeaderException: Server s0@group-E77E9FD8E08A is not the leader s2:0.0.0.0:41839, logIndex=0, commits[s0:c-1, s1:c-1, s2:c-1]
2019-09-24 16:16:56,309 DEBUG client.GrpcClientProtocolService (GrpcClientProtocolService.java:close(374)) - 0-OrderedRequestStreamObserver0: close
2019-09-24 16:16:56,316 DEBUG client.GrpcClientProtocolService (GrpcClientProtocolService.java:<init>(175)) - new 0-OrderedRequestStreamObserver0
2019-09-24 16:16:56,317 DEBUG client.GrpcClientProtocolService (GrpcClientProtocolService.java:sendReply(353)) - 0-OrderedRequestStreamObserver0: sendReply seq=1, RaftClientReply:client-DE317CF077D2->s2@group-E77E9FD8E08A, cid=1023, FAILED org.apache.ratis.protocol.LeaderNotReadyException: s2@group-E77E9FD8E08A is in LEADER state but not ready yet., logIndex=0, commits[s2:c-1, s0:c-1, s1:c-1]
2019-09-24 16:16:56,420 DEBUG client.GrpcClientProtocolService (GrpcClientProtocolService.java:close(374)) - 0-OrderedRequestStreamObserver0: close
2019-09-24 16:16:56,525 DEBUG client.GrpcClientProtocolService (GrpcClientProtocolService.java:<init>(175)) - new 1-OrderedRequestStreamObserver1
2019-09-24 16:16:56,526 DEBUG client.GrpcClientProtocolService (GrpcClientProtocolService.java:sendReply(353)) - 1-OrderedRequestStreamObserver1: sendReply seq=1, RaftClientReply:client-DE317CF077D2->s2@group-E77E9FD8E08A, cid=1023, FAILED org.apache.ratis.protocol.LeaderNotReadyException: s2@group-E77E9FD8E08A is in LEADER state but not ready yet., logIndex=0, commits[s2:c-1, s0:c-1, s1:c-1]
2019-09-24 16:16:56,628 DEBUG client.GrpcClientProtocolService (GrpcClientProtocolService.java:close(374)) - 1-OrderedRequestStreamObserver1: close
2019-09-24 16:16:56,733 DEBUG client.GrpcClientProtocolService (GrpcClientProtocolService.java:<init>(175)) - new 2-OrderedRequestStreamObserver2
2019-09-24 16:16:56,734 DEBUG client.GrpcClientProtocolService (GrpcClientProtocolService.java:sendReply(353)) - 2-OrderedRequestStreamObserver2: sendReply seq=1, RaftClientReply:client-DE317CF077D2->s2@group-E77E9FD8E08A, cid=1023, FAILED org.apache.ratis.protocol.LeaderNotReadyException: s2@group-E77E9FD8E08A is in LEADER state but not ready yet., logIndex=0, commits[s2:c-1, s0:c-1, s1:c-1]
2019-09-24 16:16:56,836 DEBUG client.GrpcClientProtocolService (GrpcClientProtocolService.java:close(374)) - 2-OrderedRequestStreamObserver2: close
2019-09-24 16:16:56,942 DEBUG client.GrpcClientProtocolService (GrpcClientProtocolService.java:<init>(175)) - new 3-OrderedRequestStreamObserver3
2019-09-24 16:16:56,944 DEBUG client.GrpcClientProtocolService (GrpcClientProtocolService.java:sendReply(353)) - 3-OrderedRequestStreamObserver3: sendReply seq=1, RaftClientReply:client-DE317CF077D2->s2@group-E77E9FD8E08A, cid=1023, FAILED org.apache.ratis.protocol.LeaderNotReadyException: s2@group-E77E9FD8E08A is in LEADER state but not ready yet., logIndex=0, commits[s2:c-1, s0:c-1, s1:c-1]
2019-09-24 16:16:57,046 DEBUG client.GrpcClientProtocolService (GrpcClientProtocolService.java:close(374)) - 3-OrderedRequestStreamObserver3: close
2019-09-24 16:16:57,153 DEBUG client.GrpcClientProtocolService (GrpcClientProtocolService.java:<init>(175)) - new 4-OrderedRequestStreamObserver4
2019-09-24 16:16:57,156 DEBUG client.GrpcClientProtocolService (GrpcClientProtocolService.java:sendReply(353)) - 4-OrderedRequestStreamObserver4: sendReply seq=1, RaftClientReply:client-DE317CF077D2->s2@group-E77E9FD8E08A, cid=1023, FAILED org.apache.ratis.protocol.LeaderNotReadyException: s2@group-E77E9FD8E08A is in LEADER state but not ready yet., logIndex=0, commits[s2:c-1, s0:c-1, s1:c-1]
2019-09-24 16:16:57,258 DEBUG client.GrpcClientProtocolService (GrpcClientProtocolService.java:close(374)) - 4-OrderedRequestStreamObserver4: close
2019-09-24 16:16:57,364 DEBUG client.GrpcClientProtocolService (GrpcClientProtocolService.java:<init>(175)) - new 5-OrderedRequestStreamObserver5
2019-09-24 16:16:57,366 DEBUG client.GrpcClientProtocolService (GrpcClientProtocolService.java:sendReply(353)) - 5-OrderedRequestStreamObserver5: sendReply seq=1, RaftClientReply:client-DE317CF077D2->s2@group-E77E9FD8E08A, cid=1023, FAILED org.apache.ratis.protocol.LeaderNotReadyException: s2@group-E77E9FD8E08A is in LEADER state but not ready yet., logIndex=0, commits[s2:c-1, s0:c-1, s1:c-1]
2019-09-24 16:16:57,469 DEBUG client.GrpcClientProtocolService (GrpcClientProtocolService.java:close(374)) - 5-OrderedRequestStreamObserver5: close
2019-09-24 16:16:57,580 DEBUG client.GrpcClientProtocolService (GrpcClientProtocolService.java:<init>(175)) - new 6-OrderedRequestStreamObserver6
2019-09-24 16:16:57,582 DEBUG client.GrpcClientProtocolService (GrpcClientProtocolService.java:sendReply(353)) - 6-OrderedRequestStreamObserver6: sendReply seq=1, RaftClientReply:client-DE317CF077D2->s2@group-E77E9FD8E08A, cid=1023, FAILED org.apache.ratis.protocol.LeaderNotReadyException: s2@group-E77E9FD8E08A is in LEADER state but not ready yet., logIndex=0, commits[s2:c-1, s0:c-1, s1:c-1]
2019-09-24 16:16:57,685 DEBUG client.GrpcClientProtocolService (GrpcClientProtocolService.java:close(374)) - 6-OrderedRequestStreamObserver6: close
2019-09-24 16:16:57,791 DEBUG client.GrpcClientProtocolService (GrpcClientProtocolService.java:<init>(175)) - new 7-OrderedRequestStreamObserver7
2019-09-24 16:16:57,792 DEBUG client.GrpcClientProtocolService (GrpcClientProtocolService.java:sendReply(353)) - 7-OrderedRequestStreamObserver7: sendReply seq=1, RaftClientReply:client-DE317CF077D2->s2@group-E77E9FD8E08A, cid=1023, FAILED org.apache.ratis.protocol.LeaderNotReadyException: s2@group-E77E9FD8E08A is in LEADER state but not ready yet., logIndex=0, commits[s2:c-1, s0:c-1, s1:c-1]
2019-09-24 16:16:57,894 DEBUG client.GrpcClientProtocolService (GrpcClientProtocolService.java:close(374)) - 7-OrderedRequestStreamObserver7: close
2019-09-24 16:16:58,001 DEBUG client.GrpcClientProtocolService (GrpcClientProtocolService.java:<init>(175)) - new 8-OrderedRequestStreamObserver8
2019-09-24 16:16:58,002 DEBUG client.GrpcClientProtocolService (GrpcClientProtocolService.java:sendReply(353)) - 8-OrderedRequestStreamObserver8: sendReply seq=1, RaftClientReply:client-DE317CF077D2->s2@group-E77E9FD8E08A, cid=1023, FAILED org.apache.ratis.protocol.LeaderNotReadyException: s2@group-E77E9FD8E08A is in LEADER state but not ready yet., logIndex=0, commits[s2:c-1, s0:c-1, s1:c-1]
2019-09-24 16:16:58,104 DEBUG client.GrpcClientProtocolService (GrpcClientProtocolService.java:close(374)) - 8-OrderedRequestStreamObserver8: close
2019-09-24 16:16:58,210 DEBUG client.GrpcClientProtocolService (GrpcClientProtocolService.java:<init>(175)) - new 9-OrderedRequestStreamObserver9
2019-09-24 16:16:58,211 DEBUG client.GrpcClientProtocolService (GrpcClientProtocolService.java:sendReply(353)) - 9-OrderedRequestStreamObserver9: sendReply seq=1, RaftClientReply:client-DE317CF077D2->s2@group-E77E9FD8E08A, cid=1023, FAILED org.apache.ratis.protocol.LeaderNotReadyException: s2@group-E77E9FD8E08A is in LEADER state but not ready yet., logIndex=0, commits[s2:c-1, s0:c-1, s1:c-1]
2019-09-24 16:16:58,313 DEBUG client.GrpcClientProtocolService (GrpcClientProtocolService.java:close(374)) - 9-OrderedRequestStreamObserver9: close
2019-09-24 16:16:58,418 DEBUG client.GrpcClientProtocolService (GrpcClientProtocolService.java:<init>(175)) - new 10-OrderedRequestStreamObserver10
2019-09-24 16:16:58,420 DEBUG client.GrpcClientProtocolService (GrpcClientProtocolService.java:sendReply(353)) - 10-OrderedRequestStreamObserver10: sendReply seq=1, RaftClientReply:client-DE317CF077D2->s2@group-E77E9FD8E08A, cid=1023, FAILED org.apache.ratis.protocol.LeaderNotReadyException: s2@group-E77E9FD8E08A is in LEADER state but not ready yet., logIndex=0, commits[s2:c-1, s0:c-1, s1:c-1]
2019-09-24 16:16:58,522 DEBUG client.GrpcClientProtocolService (GrpcClientProtocolService.java:close(374)) - 10-OrderedRequestStreamObserver10: close
2019-09-24 16:16:58,628 DEBUG client.GrpcClientProtocolService (GrpcClientProtocolService.java:<init>(175)) - new 11-OrderedRequestStreamObserver11
2019-09-24 16:16:58,629 DEBUG client.GrpcClientProtocolService (GrpcClientProtocolService.java:sendReply(353)) - 11-OrderedRequestStreamObserver11: sendReply seq=1, RaftClientReply:client-DE317CF077D2->s2@group-E77E9FD8E08A, cid=1023, FAILED org.apache.ratis.protocol.LeaderNotReadyException: s2@group-E77E9FD8E08A is in LEADER state but not ready yet., logIndex=0, commits[s2:c-1, s0:c-1, s1:c-1]
2019-09-24 16:16:58,713 WARN  server.GrpcLogAppender (GrpcLogAppender.java:timeoutAppendRequest(200)) - s2@group-5C26748AB2B1->s0-GrpcLogAppender: appendEntries Timeout, request=s2->s0#1412-t3, previous=(t:3, i:1227), leaderCommit=1227, initializing? false, entries: size=1, first=(t:3, i:1228), METADATAENTRY(c1227)
2019-09-24 16:16:58,713 WARN  server.GrpcLogAppender (GrpcLogAppender.java:timeoutAppendRequest(200)) - s2@group-5C26748AB2B1->s1-GrpcLogAppender: appendEntries Timeout, request=s2->s1#1580-t3, previous=(t:3, i:1227), leaderCommit=1227, initializing? false, entries: size=1, first=(t:3, i:1228), METADATAENTRY(c1227)
2019-09-24 16:16:58,731 DEBUG client.GrpcClientProtocolService (GrpcClientProtocolService.java:close(374)) - 11-OrderedRequestStreamObserver11: close
2019-09-24 16:16:58,786 WARN  server.GrpcLogAppender (GrpcLogAppender.java:timeoutAppendRequest(200)) - s2@group-5C26748AB2B1->s1-GrpcLogAppender: appendEntries Timeout, request=s2->s1#1581-t3, previous=(t:3, i:1228), leaderCommit=1227, initializing? false, entries: size=1, first=(t:3, i:1229), STATEMACHINELOGENTRY, client-EDB41257C35F, cid=923
2019-09-24 16:16:58,786 WARN  server.GrpcLogAppender (GrpcLogAppender.java:timeoutAppendRequest(200)) - s2@group-5C26748AB2B1->s0-GrpcLogAppender: appendEntries Timeout, request=s2->s0#1413-t3, previous=(t:3, i:1228), leaderCommit=1227, initializing? false, entries: size=1, first=(t:3, i:1229), STATEMACHINELOGENTRY, client-EDB41257C35F, cid=923
2019-09-24 16:16:58,787 WARN  server.GrpcLogAppender (GrpcLogAppender.java:timeoutAppendRequest(200)) - s2@group-5C26748AB2B1->s1-GrpcLogAppender: appendEntries Timeout, request=s2->s1#1582-t3, previous=(t:3, i:1229), leaderCommit=1227, initializing? false, entries: size=1, first=(t:3, i:1230), STATEMACHINELOGENTRY, client-EDB41257C35F, cid=924
2019-09-24 16:16:58,787 WARN  server.GrpcLogAppender (GrpcLogAppender.java:timeoutAppendRequest(200)) - s2@group-5C26748AB2B1->s0-GrpcLogAppender: appendEntries Timeout, request=s2->s0#1414-t3, previous=(t:3, i:1229), leaderCommit=1227, initializing? false, entries: size=1, first=(t:3, i:1230), STATEMACHINELOGENTRY, client-EDB41257C35F, cid=924
2019-09-24 16:16:58,787 WARN  server.GrpcLogAppender (GrpcLogAppender.java:timeoutAppendRequest(200)) - s2@group-5C26748AB2B1->s1-GrpcLogAppender: appendEntries Timeout, request=s2->s1#1583-t3, previous=(t:3, i:1230), leaderCommit=1227, initializing? false, entries: size=1, first=(t:3, i:1231), STATEMACHINELOGENTRY, client-EDB41257C35F, cid=925
2019-09-24 16:16:58,787 WARN  server.GrpcLogAppender (GrpcLogAppender.java:timeoutAppendRequest(200)) - s2@group-5C26748AB2B1->s0-GrpcLogAppender: appendEntries Timeout, request=s2->s0#1415-t3, previous=(t:3, i:1230), leaderCommit=1227, initializing? false, entries: size=1, first=(t:3, i:1231), STATEMACHINELOGENTRY, client-EDB41257C35F, cid=925
2019-09-24 16:16:58,787 WARN  server.GrpcLogAppender (GrpcLogAppender.java:timeoutAppendRequest(200)) - s2@group-5C26748AB2B1->s1-GrpcLogAppender: appendEntries Timeout, request=s2->s1#1584-t3, previous=(t:3, i:1231), leaderCommit=1227, initializing? false, entries: size=1, first=(t:3, i:1232), STATEMACHINELOGENTRY, client-EDB41257C35F, cid=926
2019-09-24 16:16:58,787 WARN  server.GrpcLogAppender (GrpcLogAppender.java:timeoutAppendRequest(200)) - s2@group-5C26748AB2B1->s0-GrpcLogAppender: appendEntries Timeout, request=s2->s0#1416-t3, previous=(t:3, i:1231), leaderCommit=1227, initializing? false, entries: size=1, first=(t:3, i:1232), STATEMACHINELOGENTRY, client-EDB41257C35F, cid=926
2019-09-24 16:16:58,787 WARN  server.GrpcLogAppender (GrpcLogAppender.java:timeoutAppendRequest(200)) - s2@group-5C26748AB2B1->s1-GrpcLogAppender: appendEntries Timeout, request=s2->s1#1585-t3, previous=(t:3, i:1232), leaderCommit=1227, initializing? false, entries: size=1, first=(t:3, i:1233), STATEMACHINELOGENTRY, client-EDB41257C35F, cid=927
2019-09-24 16:16:58,788 WARN  server.GrpcLogAppender (GrpcLogAppender.java:timeoutAppendRequest(200)) - s2@group-5C26748AB2B1->s0-GrpcLogAppender: appendEntries Timeout, request=s2->s0#1417-t3, previous=(t:3, i:1232), leaderCommit=1227, initializing? false, entries: size=1, first=(t:3, i:1233), STATEMACHINELOGENTRY, client-EDB41257C35F, cid=927
2019-09-24 16:16:58,788 WARN  server.GrpcLogAppender (GrpcLogAppender.java:timeoutAppendRequest(200)) - s2@group-5C26748AB2B1->s1-GrpcLogAppender: appendEntries Timeout, request=s2->s1#1586-t3, previous=(t:3, i:1233), leaderCommit=1227, initializing? false, entries: size=1, first=(t:3, i:1234), STATEMACHINELOGENTRY, client-EDB41257C35F, cid=928
2019-09-24 16:16:58,788 WARN  server.GrpcLogAppender (GrpcLogAppender.java:timeoutAppendRequest(200)) - s2@group-5C26748AB2B1->s0-GrpcLogAppender: appendEntries Timeout, request=s2->s0#1418-t3, previous=(t:3, i:1233), leaderCommit=1227, initializing? false, entries: size=1, first=(t:3, i:1234), STATEMACHINELOGENTRY, client-EDB41257C35F, cid=928
2019-09-24 16:16:58,788 WARN  server.GrpcLogAppender (GrpcLogAppender.java:timeoutAppendRequest(200)) - s2@group-5C26748AB2B1->s1-GrpcLogAppender: appendEntries Timeout, request=s2->s1#1587-t3, previous=(t:3, i:1234), leaderCommit=1227, initializing? false, entries: size=1, first=(t:3, i:1235), STATEMACHINELOGENTRY, client-EDB41257C35F, cid=929
2019-09-24 16:16:58,788 WARN  server.GrpcLogAppender (GrpcLogAppender.java:timeoutAppendRequest(200)) - s2@group-5C26748AB2B1->s0-GrpcLogAppender: appendEntries Timeout, request=s2->s0#1419-t3, previous=(t:3, i:1234), leaderCommit=1227, initializing? false, entries: size=1, first=(t:3, i:1235), STATEMACHINELOGENTRY, client-EDB41257C35F, cid=929
2019-09-24 16:16:58,788 WARN  server.GrpcLogAppender (GrpcLogAppender.java:timeoutAppendRequest(200)) - s2@group-5C26748AB2B1->s1-GrpcLogAppender: appendEntries Timeout, request=s2->s1#1588-t3, previous=(t:3, i:1235), leaderCommit=1227, initializing? false, entries: size=1, first=(t:3, i:1236), STATEMACHINELOGENTRY, client-EDB41257C35F, cid=930
2019-09-24 16:16:58,789 WARN  server.GrpcLogAppender (GrpcLogAppender.java:timeoutAppendRequest(200)) - s2@group-5C26748AB2B1->s0-GrpcLogAppender: appendEntries Timeout, request=s2->s0#1420-t3, previous=(t:3, i:1235), leaderCommit=1227, initializing? false, entries: size=1, first=(t:3, i:1236), STATEMACHINELOGENTRY, client-EDB41257C35F, cid=930
2019-09-24 16:16:58,789 WARN  server.GrpcLogAppender (GrpcLogAppender.java:timeoutAppendRequest(200)) - s2@group-5C26748AB2B1->s1-GrpcLogAppender: appendEntries Timeout, request=s2->s1#1589-t3, previous=(t:3, i:1236), leaderCommit=1227, initializing? false, entries: size=1, first=(t:3, i:1237), STATEMACHINELOGENTRY, client-EDB41257C35F, cid=931
2019-09-24 16:16:58,789 WARN  server.GrpcLogAppender (GrpcLogAppender.java:timeoutAppendRequest(200)) - s2@group-5C26748AB2B1->s0-GrpcLogAppender: appendEntries Timeout, request=s2->s0#1421-t3, previous=(t:3, i:1236), leaderCommit=1227, initializing? false, entries: size=1, first=(t:3, i:1237), STATEMACHINELOGENTRY, client-EDB41257C35F, cid=931
2019-09-24 16:16:58,789 WARN  server.GrpcLogAppender (GrpcLogAppender.java:timeoutAppendRequest(200)) - s2@group-5C26748AB2B1->s1-GrpcLogAppender: appendEntries Timeout, request=s2->s1#1590-t3, previous=(t:3, i:1237), leaderCommit=1227, initializing? false, entries: size=1, first=(t:3, i:1238), STATEMACHINELOGENTRY, client-EDB41257C35F, cid=932
2019-09-24 16:16:58,789 WARN  server.GrpcLogAppender (GrpcLogAppender.java:timeoutAppendRequest(200)) - s2@group-5C26748AB2B1->s0-GrpcLogAppender: appendEntries Timeout, request=s2->s0#1422-t3, previous=(t:3, i:1237), leaderCommit=1227, initializing? false, entries: size=1, first=(t:3, i:1238), STATEMACHINELOGENTRY, client-EDB41257C35F, cid=932
2019-09-24 16:16:58,789 WARN  server.GrpcLogAppender (GrpcLogAppender.java:timeoutAppendRequest(200)) - s2@group-5C26748AB2B1->s1-GrpcLogAppender: appendEntries Timeout, request=s2->s1#1591-t3, previous=(t:3, i:1238), leaderCommit=1227, initializing? false, entries: size=1, first=(t:3, i:1239), STATEMACHINELOGENTRY, client-EDB41257C35F, cid=933
2019-09-24 16:16:58,789 WARN  server.GrpcLogAppender (GrpcLogAppender.java:timeoutAppendRequest(200)) - s2@group-5C26748AB2B1->s0-GrpcLogAppender: appendEntries Timeout, request=s2->s0#1423-t3, previous=(t:3, i:1238), leaderCommit=1227, initializing? false, entries: size=1, first=(t:3, i:1239), STATEMACHINELOGENTRY, client-EDB41257C35F, cid=933
2019-09-24 16:16:58,790 WARN  server.GrpcLogAppender (GrpcLogAppender.java:timeoutAppendRequest(200)) - s2@group-5C26748AB2B1->s1-GrpcLogAppender: appendEntries Timeout, request=s2->s1#1592-t3, previous=(t:3, i:1239), leaderCommit=1227, initializing? false, entries: size=1, first=(t:3, i:1240), STATEMACHINELOGENTRY, client-EDB41257C35F, cid=934
2019-09-24 16:16:58,790 WARN  server.GrpcLogAppender (GrpcLogAppender.java:timeoutAppendRequest(200)) - s2@group-5C26748AB2B1->s0-GrpcLogAppender: appendEntries Timeout, request=s2->s0#1424-t3, previous=(t:3, i:1239), leaderCommit=1227, initializing? false, entries: size=1, first=(t:3, i:1240), STATEMACHINELOGENTRY, client-EDB41257C35F, cid=934
2019-09-24 16:16:58,790 WARN  server.GrpcLogAppender (GrpcLogAppender.java:timeoutAppendRequest(200)) - s2@group-5C26748AB2B1->s1-GrpcLogAppender: appendEntries Timeout, request=s2->s1#1593-t3, previous=(t:3, i:1240), leaderCommit=1227, initializing? false, entries: size=1, first=(t:3, i:1241), STATEMACHINELOGENTRY, client-EDB41257C35F, cid=935
2019-09-24 16:16:58,790 WARN  server.GrpcLogAppender (GrpcLogAppender.java:timeoutAppendRequest(200)) - s2@group-5C26748AB2B1->s0-GrpcLogAppender: appendEntries Timeout, request=s2->s0#1425-t3, previous=(t:3, i:1240), leaderCommit=1227, initializing? false, entries: size=1, first=(t:3, i:1241), STATEMACHINELOGENTRY, client-EDB41257C35F, cid=935
2019-09-24 16:16:58,790 WARN  server.GrpcLogAppender (GrpcLogAppender.java:timeoutAppendRequest(200)) - s2@group-5C26748AB2B1->s1-GrpcLogAppender: appendEntries Timeout, request=s2->s1#1594-t3, previous=(t:3, i:1241), leaderCommit=1227, initializing? false, entries: size=1, first=(t:3, i:1242), STATEMACHINELOGENTRY, client-EDB41257C35F, cid=936
2019-09-24 16:16:58,790 WARN  server.GrpcLogAppender (GrpcLogAppender.java:timeoutAppendRequest(200)) - s2@group-5C26748AB2B1->s0-GrpcLogAppender: appendEntries Timeout, request=s2->s0#1426-t3, previous=(t:3, i:1241), leaderCommit=1227, initializing? false, entries: size=1, first=(t:3, i:1242), STATEMACHINELOGENTRY, client-EDB41257C35F, cid=936
2019-09-24 16:16:58,790 WARN  server.GrpcLogAppender (GrpcLogAppender.java:timeoutAppendRequest(200)) - s2@group-5C26748AB2B1->s1-GrpcLogAppender: appendEntries Timeout, request=s2->s1#1595-t3, previous=(t:3, i:1242), leaderCommit=1227, initializing? false, entries: size=1, first=(t:3, i:1243), STATEMACHINELOGENTRY, client-EDB41257C35F, cid=937
2019-09-24 16:16:58,791 WARN  server.GrpcLogAppender (GrpcLogAppender.java:timeoutAppendRequest(200)) - s2@group-5C26748AB2B1->s0-GrpcLogAppender: appendEntries Timeout, request=s2->s0#1427-t3, previous=(t:3, i:1242), leaderCommit=1227, initializing? false, entries: size=1, first=(t:3, i:1243), STATEMACHINELOGENTRY, client-EDB41257C35F, cid=937
2019-09-24 16:16:58,791 WARN  server.GrpcLogAppender (GrpcLogAppender.java:timeoutAppendRequest(200)) - s2@group-5C26748AB2B1->s1-GrpcLogAppender: appendEntries Timeout, request=s2->s1#1596-t3, previous=(t:3, i:1243), leaderCommit=1227, initializing? false, entries: size=1, first=(t:3, i:1244), STATEMACHINELOGENTRY, client-EDB41257C35F, cid=938
2019-09-24 16:16:58,791 WARN  server.GrpcLogAppender (GrpcLogAppender.java:timeoutAppendRequest(200)) - s2@group-5C26748AB2B1->s0-GrpcLogAppender: appendEntries Timeout, request=s2->s0#1428-t3, previous=(t:3, i:1243), leaderCommit=1227, initializing? false, entries: size=1, first=(t:3, i:1244), STATEMACHINELOGENTRY, client-EDB41257C35F, cid=938
2019-09-24 16:16:58,791 WARN  server.GrpcLogAppender (GrpcLogAppender.java:timeoutAppendRequest(200)) - s2@group-5C26748AB2B1->s1-GrpcLogAppender: appendEntries Timeout, request=s2->s1#1597-t3, previous=(t:3, i:1244), leaderCommit=1227, initializing? false, entries: size=1, first=(t:3, i:1245), STATEMACHINELOGENTRY, client-EDB41257C35F, cid=939
2019-09-24 16:16:58,791 WARN  server.GrpcLogAppender (GrpcLogAppender.java:timeoutAppendRequest(200)) - s2@group-5C26748AB2B1->s0-GrpcLogAppender: appendEntries Timeout, request=s2->s0#1429-t3, previous=(t:3, i:1244), leaderCommit=1227, initializing? false, entries: size=1, first=(t:3, i:1245), STATEMACHINELOGENTRY, client-EDB41257C35F, cid=939
2019-09-24 16:16:58,791 WARN  server.GrpcLogAppender (GrpcLogAppender.java:timeoutAppendRequest(200)) - s2@group-5C26748AB2B1->s1-GrpcLogAppender: appendEntries Timeout, request=s2->s1#1598-t3, previous=(t:3, i:1245), leaderCommit=1227, initializing? false, entries: size=1, first=(t:3, i:1246), STATEMACHINELOGENTRY, client-EDB41257C35F, cid=940
2019-09-24 16:16:58,791 WARN  server.GrpcLogAppender (GrpcLogAppender.java:timeoutAppendRequest(200)) - s2@group-5C26748AB2B1->s0-GrpcLogAppender: appendEntries Timeout, request=s2->s0#1430-t3, previous=(t:3, i:1245), leaderCommit=1227, initializing? false, entries: size=1, first=(t:3, i:1246), STATEMACHINELOGENTRY, client-EDB41257C35F, cid=940
2019-09-24 16:16:58,792 WARN  server.GrpcLogAppender (GrpcLogAppender.java:timeoutAppendRequest(200)) - s2@group-5C26748AB2B1->s1-GrpcLogAppender: appendEntries Timeout, request=s2->s1#1599-t3, previous=(t:3, i:1246), leaderCommit=1227, initializing? false, entries: size=1, first=(t:3, i:1247), STATEMACHINELOGENTRY, client-EDB41257C35F, cid=941
2019-09-24 16:16:58,792 WARN  server.GrpcLogAppender (GrpcLogAppender.java:timeoutAppendRequest(200)) - s2@group-5C26748AB2B1->s0-GrpcLogAppender: appendEntries Timeout, request=s2->s0#1431-t3, previous=(t:3, i:1246), leaderCommit=1227, initializing? false, entries: size=1, first=(t:3, i:1247), STATEMACHINELOGENTRY, client-EDB41257C35F, cid=941
2019-09-24 16:16:58,792 WARN  server.GrpcLogAppender (GrpcLogAppender.java:timeoutAppendRequest(200)) - s2@group-5C26748AB2B1->s1-GrpcLogAppender: appendEntries Timeout, request=s2->s1#1600-t3, previous=(t:3, i:1247), leaderCommit=1227, initializing? false, entries: size=1, first=(t:3, i:1248), STATEMACHINELOGENTRY, client-EDB41257C35F, cid=942
2019-09-24 16:16:58,792 WARN  server.GrpcLogAppender (GrpcLogAppender.java:timeoutAppendRequest(200)) - s2@group-5C26748AB2B1->s0-GrpcLogAppender: appendEntries Timeout, request=s2->s0#1432-t3, previous=(t:3, i:1247), leaderCommit=1227, initializing? false, entries: size=1, first=(t:3, i:1248), STATEMACHINELOGENTRY, client-EDB41257C35F, cid=942
2019-09-24 16:16:58,792 WARN  server.GrpcLogAppender (GrpcLogAppender.java:timeoutAppendRequest(200)) - s2@group-5C26748AB2B1->s1-GrpcLogAppender: appendEntries Timeout, request=s2->s1#1601-t3, previous=(t:3, i:1248), leaderCommit=1227, initializing? false, entries: size=1, first=(t:3, i:1249), STATEMACHINELOGENTRY, client-EDB41257C35F, cid=943
2019-09-24 16:16:58,792 WARN  server.GrpcLogAppender (GrpcLogAppender.java:timeoutAppendRequest(200)) - s2@group-5C26748AB2B1->s0-GrpcLogAppender: appendEntries Timeout, request=s2->s0#1433-t3, previous=(t:3, i:1248), leaderCommit=1227, initializing? false, entries: size=1, first=(t:3, i:1249), STATEMACHINELOGENTRY, client-EDB41257C35F, cid=943
2019-09-24 16:16:58,792 WARN  server.GrpcLogAppender (GrpcLogAppender.java:timeoutAppendRequest(200)) - s2@group-5C26748AB2B1->s1-GrpcLogAppender: appendEntries Timeout, request=s2->s1#1602-t3, previous=(t:3, i:1249), leaderCommit=1227, initializing? false, entries: size=1, first=(t:3, i:1250), STATEMACHINELOGENTRY, client-EDB41257C35F, cid=944
2019-09-24 16:16:58,793 WARN  server.GrpcLogAppender (GrpcLogAppender.java:timeoutAppendRequest(200)) - s2@group-5C26748AB2B1->s0-GrpcLogAppender: appendEntries Timeout, request=s2->s0#1434-t3, previous=(t:3, i:1249), leaderCommit=1227, initializing? false, entries: size=1, first=(t:3, i:1250), STATEMACHINELOGENTRY, client-EDB41257C35F, cid=944
2019-09-24 16:16:58,793 WARN  server.GrpcLogAppender (GrpcLogAppender.java:timeoutAppendRequest(200)) - s2@group-5C26748AB2B1->s1-GrpcLogAppender: appendEntries Timeout, request=s2->s1#1603-t3, previous=(t:3, i:1250), leaderCommit=1227, initializing? false, entries: size=1, first=(t:3, i:1251), STATEMACHINELOGENTRY, client-EDB41257C35F, cid=945
2019-09-24 16:16:58,793 WARN  server.GrpcLogAppender (GrpcLogAppender.java:timeoutAppendRequest(200)) - s2@group-5C26748AB2B1->s0-GrpcLogAppender: appendEntries Timeout, request=s2->s0#1435-t3, previous=(t:3, i:1250), leaderCommit=1227, initializing? false, entries: size=1, first=(t:3, i:1251), STATEMACHINELOGENTRY, client-EDB41257C35F, cid=945
2019-09-24 16:16:58,793 WARN  server.GrpcLogAppender (GrpcLogAppender.java:timeoutAppendRequest(200)) - s2@group-5C26748AB2B1->s1-GrpcLogAppender: appendEntries Timeout, request=s2->s1#1604-t3, previous=(t:3, i:1251), leaderCommit=1227, initializing? false, entries: size=1, first=(t:3, i:1252), STATEMACHINELOGENTRY, client-EDB41257C35F, cid=946
2019-09-24 16:16:58,793 WARN  server.GrpcLogAppender (GrpcLogAppender.java:timeoutAppendRequest(200)) - s2@group-5C26748AB2B1->s0-GrpcLogAppender: appendEntries Timeout, request=s2->s0#1436-t3, previous=(t:3, i:1251), leaderCommit=1227, initializing? false, entries: size=1, first=(t:3, i:1252), STATEMACHINELOGENTRY, client-EDB41257C35F, cid=946
2019-09-24 16:16:58,793 WARN  server.GrpcLogAppender (GrpcLogAppender.java:timeoutAppendRequest(200)) - s2@group-5C26748AB2B1->s1-GrpcLogAppender: appendEntries Timeout, request=s2->s1#1605-t3, previous=(t:3, i:1252), leaderCommit=1227, initializing? false, entries: size=1, first=(t:3, i:1253), STATEMACHINELOGENTRY, client-EDB41257C35F, cid=947
2019-09-24 16:16:58,794 WARN  server.GrpcLogAppender (GrpcLogAppender.java:timeoutAppendRequest(200)) - s2@group-5C26748AB2B1->s0-GrpcLogAppender: appendEntries Timeout, request=s2->s0#1437-t3, previous=(t:3, i:1252), leaderCommit=1227, initializing? false, entries: size=1, first=(t:3, i:1253), STATEMACHINELOGENTRY, client-EDB41257C35F, cid=947
2019-09-24 16:16:58,794 WARN  server.GrpcLogAppender (GrpcLogAppender.java:timeoutAppendRequest(200)) - s2@group-5C26748AB2B1->s1-GrpcLogAppender: appendEntries Timeout, request=s2->s1#1606-t3, previous=(t:3, i:1253), leaderCommit=1227, initializing? false, entries: size=1, first=(t:3, i:1254), STATEMACHINELOGENTRY, client-EDB41257C35F, cid=948
2019-09-24 16:16:58,794 WARN  server.GrpcLogAppender (GrpcLogAppender.java:timeoutAppendRequest(200)) - s2@group-5C26748AB2B1->s0-GrpcLogAppender: appendEntries Timeout, request=s2->s0#1438-t3, previous=(t:3, i:1253), leaderCommit=1227, initializing? false, entries: size=1, first=(t:3, i:1254), STATEMACHINELOGENTRY, client-EDB41257C35F, cid=948
2019-09-24 16:16:58,794 WARN  server.GrpcLogAppender (GrpcLogAppender.java:timeoutAppendRequest(200)) - s2@group-5C26748AB2B1->s1-GrpcLogAppender: appendEntries Timeout, request=s2->s1#1607-t3, previous=(t:3, i:1254), leaderCommit=1227, initializing? false, entries: size=1, first=(t:3, i:1255), STATEMACHINELOGENTRY, client-EDB41257C35F, cid=949
2019-09-24 16:16:58,794 WARN  server.GrpcLogAppender (GrpcLogAppender.java:timeoutAppendRequest(200)) - s2@group-5C26748AB2B1->s0-GrpcLogAppender: appendEntries Timeout, request=s2->s0#1439-t3, previous=(t:3, i:1254), leaderCommit=1227, initializing? false, entries: size=1, first=(t:3, i:1255), STATEMACHINELOGENTRY, client-EDB41257C35F, cid=949
2019-09-24 16:16:58,794 WARN  server.GrpcLogAppender (GrpcLogAppender.java:timeoutAppendRequest(200)) - s2@group-5C26748AB2B1->s1-GrpcLogAppender: appendEntries Timeout, request=s2->s1#1608-t3, previous=(t:3, i:1255), leaderCommit=1227, initializing? false, entries: size=1, first=(t:3, i:1256), STATEMACHINELOGENTRY, client-EDB41257C35F, cid=950
2019-09-24 16:16:58,794 WARN  server.GrpcLogAppender (GrpcLogAppender.java:timeoutAppendRequest(200)) - s2@group-5C26748AB2B1->s0-GrpcLogAppender: appendEntries Timeout, request=s2->s0#1440-t3, previous=(t:3, i:1255), leaderCommit=1227, initializing? false, entries: size=1, first=(t:3, i:1256), STATEMACHINELOGENTRY, client-EDB41257C35F, cid=950
2019-09-24 16:16:58,795 WARN  server.GrpcLogAppender (GrpcLogAppender.java:timeoutAppendRequest(200)) - s2@group-5C26748AB2B1->s1-GrpcLogAppender: appendEntries Timeout, request=s2->s1#1609-t3, previous=(t:3, i:1256), leaderCommit=1227, initializing? false, entries: size=1, first=(t:3, i:1257), STATEMACHINELOGENTRY, client-EDB41257C35F, cid=951
2019-09-24 16:16:58,795 WARN  server.GrpcLogAppender (GrpcLogAppender.java:timeoutAppendRequest(200)) - s2@group-5C26748AB2B1->s0-GrpcLogAppender: appendEntries Timeout, request=s2->s0#1441-t3, previous=(t:3, i:1256), leaderCommit=1227, initializing? false, entries: size=1, first=(t:3, i:1257), STATEMACHINELOGENTRY, client-EDB41257C35F, cid=951
2019-09-24 16:16:58,795 WARN  server.GrpcLogAppender (GrpcLogAppender.java:timeoutAppendRequest(200)) - s2@group-5C26748AB2B1->s1-GrpcLogAppender: appendEntries Timeout, request=s2->s1#1610-t3, previous=(t:3, i:1257), leaderCommit=1227, initializing? false, entries: size=1, first=(t:3, i:1258), STATEMACHINELOGENTRY, client-EDB41257C35F, cid=952
2019-09-24 16:16:58,795 WARN  server.GrpcLogAppender (GrpcLogAppender.java:timeoutAppendRequest(200)) - s2@group-5C26748AB2B1->s0-GrpcLogAppender: appendEntries Timeout, request=s2->s0#1442-t3, previous=(t:3, i:1257), leaderCommit=1227, initializing? false, entries: size=1, first=(t:3, i:1258), STATEMACHINELOGENTRY, client-EDB41257C35F, cid=952
2019-09-24 16:16:58,795 WARN  server.GrpcLogAppender (GrpcLogAppender.java:timeoutAppendRequest(200)) - s2@group-5C26748AB2B1->s1-GrpcLogAppender: appendEntries Timeout, request=s2->s1#1611-t3, previous=(t:3, i:1258), leaderCommit=1227, initializing? false, entries: size=1, first=(t:3, i:1259), STATEMACHINELOGENTRY, client-EDB41257C35F, cid=953
2019-09-24 16:16:58,795 WARN  server.GrpcLogAppender (GrpcLogAppender.java:timeoutAppendRequest(200)) - s2@group-5C26748AB2B1->s0-GrpcLogAppender: appendEntries Timeout, request=s2->s0#1443-t3, previous=(t:3, i:1258), leaderCommit=1227, initializing? false, entries: size=1, first=(t:3, i:1259), STATEMACHINELOGENTRY, client-EDB41257C35F, cid=953
2019-09-24 16:16:58,795 WARN  server.GrpcLogAppender (GrpcLogAppender.java:timeoutAppendRequest(200)) - s2@group-5C26748AB2B1->s1-GrpcLogAppender: appendEntries Timeout, request=s2->s1#1612-t3, previous=(t:3, i:1259), leaderCommit=1227, initializing? false, entries: size=1, first=(t:3, i:1260), STATEMACHINELOGENTRY, client-EDB41257C35F, cid=954
2019-09-24 16:16:58,796 WARN  server.GrpcLogAppender (GrpcLogAppender.java:timeoutAppendRequest(200)) - s2@group-5C26748AB2B1->s0-GrpcLogAppender: appendEntries Timeout, request=s2->s0#1444-t3, previous=(t:3, i:1259), leaderCommit=1227, initializing? false, entries: size=1, first=(t:3, i:1260), STATEMACHINELOGENTRY, client-EDB41257C35F, cid=954
2019-09-24 16:16:58,796 WARN  server.GrpcLogAppender (GrpcLogAppender.java:timeoutAppendRequest(200)) - s2@group-5C26748AB2B1->s1-GrpcLogAppender: appendEntries Timeout, request=s2->s1#1613-t3, previous=(t:3, i:1260), leaderCommit=1227, initializing? false, entries: size=1, first=(t:3, i:1261), STATEMACHINELOGENTRY, client-EDB41257C35F, cid=955
2019-09-24 16:16:58,796 WARN  server.GrpcLogAppender (GrpcLogAppender.java:timeoutAppendRequest(200)) - s2@group-5C26748AB2B1->s0-GrpcLogAppender: appendEntries Timeout, request=s2->s0#1445-t3, previous=(t:3, i:1260), leaderCommit=1227, initializing? false, entries: size=1, first=(t:3, i:1261), STATEMACHINELOGENTRY, client-EDB41257C35F, cid=955
2019-09-24 16:16:58,796 WARN  server.GrpcLogAppender (GrpcLogAppender.java:timeoutAppendRequest(200)) - s2@group-5C26748AB2B1->s1-GrpcLogAppender: appendEntries Timeout, request=s2->s1#1614-t3, previous=(t:3, i:1261), leaderCommit=1227, initializing? false, entries: size=1, first=(t:3, i:1262), STATEMACHINELOGENTRY, client-EDB41257C35F, cid=956
2019-09-24 16:16:58,796 WARN  server.GrpcLogAppender (GrpcLogAppender.java:timeoutAppendRequest(200)) - s2@group-5C26748AB2B1->s0-GrpcLogAppender: appendEntries Timeout, request=s2->s0#1446-t3, previous=(t:3, i:1261), leaderCommit=1227, initializing? false, entries: size=1, first=(t:3, i:1262), STATEMACHINELOGENTRY, client-EDB41257C35F, cid=956
2019-09-24 16:16:58,796 WARN  server.GrpcLogAppender (GrpcLogAppender.java:timeoutAppendRequest(200)) - s2@group-5C26748AB2B1->s1-GrpcLogAppender: appendEntries Timeout, request=s2->s1#1615-t3, previous=(t:3, i:1262), leaderCommit=1227, initializing? false, entries: size=1, first=(t:3, i:1263), STATEMACHINELOGENTRY, client-EDB41257C35F, cid=957
2019-09-24 16:16:58,797 WARN  server.GrpcLogAppender (GrpcLogAppender.java:timeoutAppendRequest(200)) - s2@group-5C26748AB2B1->s0-GrpcLogAppender: appendEntries Timeout, request=s2->s0#1447-t3, previous=(t:3, i:1262), leaderCommit=1227, initializing? false, entries: size=1, first=(t:3, i:1263), STATEMACHINELOGENTRY, client-EDB41257C35F, cid=957
2019-09-24 16:16:58,797 WARN  server.GrpcLogAppender (GrpcLogAppender.java:timeoutAppendRequest(200)) - s2@group-5C26748AB2B1->s1-GrpcLogAppender: appendEntries Timeout, request=s2->s1#1616-t3, previous=(t:3, i:1263), leaderCommit=1227, initializing? false, entries: size=1, first=(t:3, i:1264), STATEMACHINELOGENTRY, client-EDB41257C35F, cid=958
2019-09-24 16:16:58,797 WARN  server.GrpcLogAppender (GrpcLogAppender.java:timeoutAppendRequest(200)) - s2@group-5C26748AB2B1->s0-GrpcLogAppender: appendEntries Timeout, request=s2->s0#1448-t3, previous=(t:3, i:1263), leaderCommit=1227, initializing? false, entries: size=1, first=(t:3, i:1264), STATEMACHINELOGENTRY, client-EDB41257C35F, cid=958
2019-09-24 16:16:58,797 WARN  server.GrpcLogAppender (GrpcLogAppender.java:timeoutAppendRequest(200)) - s2@group-5C26748AB2B1->s1-GrpcLogAppender: appendEntries Timeout, request=s2->s1#1617-t3, previous=(t:3, i:1264), leaderCommit=1227, initializing? false, entries: size=1, first=(t:3, i:1265), STATEMACHINELOGENTRY, client-EDB41257C35F, cid=959
2019-09-24 16:16:58,797 WARN  server.GrpcLogAppender (GrpcLogAppender.java:timeoutAppendRequest(200)) - s2@group-5C26748AB2B1->s0-GrpcLogAppender: appendEntries Timeout, request=s2->s0#1449-t3, previous=(t:3, i:1264), leaderCommit=1227, initializing? false, entries: size=1, first=(t:3, i:1265), STATEMACHINELOGENTRY, client-EDB41257C35F, cid=959
2019-09-24 16:16:58,797 WARN  server.GrpcLogAppender (GrpcLogAppender.java:timeoutAppendRequest(200)) - s2@group-5C26748AB2B1->s1-GrpcLogAppender: appendEntries Timeout, request=s2->s1#1618-t3, previous=(t:3, i:1265), leaderCommit=1227, initializing? false, entries: size=1, first=(t:3, i:1266), STATEMACHINELOGENTRY, client-EDB41257C35F, cid=960
2019-09-24 16:16:58,797 WARN  server.GrpcLogAppender (GrpcLogAppender.java:timeoutAppendRequest(200)) - s2@group-5C26748AB2B1->s0-GrpcLogAppender: appendEntries Timeout, request=s2->s0#1450-t3, previous=(t:3, i:1265), leaderCommit=1227, initializing? false, entries: size=1, first=(t:3, i:1266), STATEMACHINELOGENTRY, client-EDB41257C35F, cid=960
2019-09-24 16:16:58,797 WARN  server.GrpcLogAppender (GrpcLogAppender.java:timeoutAppendRequest(200)) - s2@group-5C26748AB2B1->s1-GrpcLogAppender: appendEntries Timeout, request=s2->s1#1619-t3, previous=(t:3, i:1266), leaderCommit=1227, initializing? false, entries: size=1, first=(t:3, i:1267), STATEMACHINELOGENTRY, client-EDB41257C35F, cid=961
2019-09-24 16:16:58,798 WARN  server.GrpcLogAppender (GrpcLogAppender.java:timeoutAppendRequest(200)) - s2@group-5C26748AB2B1->s0-GrpcLogAppender: appendEntries Timeout, request=s2->s0#1451-t3, previous=(t:3, i:1266), leaderCommit=1227, initializing? false, entries: size=1, first=(t:3, i:1267), STATEMACHINELOGENTRY, client-EDB41257C35F, cid=961
2019-09-24 16:16:58,798 WARN  server.GrpcLogAppender (GrpcLogAppender.java:timeoutAppendRequest(200)) - s2@group-5C26748AB2B1->s1-GrpcLogAppender: appendEntries Timeout, request=s2->s1#1620-t3, previous=(t:3, i:1267), leaderCommit=1227, initializing? false, entries: size=1, first=(t:3, i:1268), STATEMACHINELOGENTRY, client-EDB41257C35F, cid=962
2019-09-24 16:16:58,798 WARN  server.GrpcLogAppender (GrpcLogAppender.java:timeoutAppendRequest(200)) - s2@group-5C26748AB2B1->s0-GrpcLogAppender: appendEntries Timeout, request=s2->s0#1452-t3, previous=(t:3, i:1267), leaderCommit=1227, initializing? false, entries: size=1, first=(t:3, i:1268), STATEMACHINELOGENTRY, client-EDB41257C35F, cid=962
2019-09-24 16:16:58,798 WARN  server.GrpcLogAppender (GrpcLogAppender.java:timeoutAppendRequest(200)) - s2@group-5C26748AB2B1->s1-GrpcLogAppender: appendEntries Timeout, request=s2->s1#1621-t3, previous=(t:3, i:1268), leaderCommit=1227, initializing? false, entries: size=1, first=(t:3, i:1269), STATEMACHINELOGENTRY, client-EDB41257C35F, cid=963
2019-09-24 16:16:58,798 WARN  server.GrpcLogAppender (GrpcLogAppender.java:timeoutAppendRequest(200)) - s2@group-5C26748AB2B1->s0-GrpcLogAppender: appendEntries Timeout, request=s2->s0#1453-t3, previous=(t:3, i:1268), leaderCommit=1227, initializing? false, entries: size=1, first=(t:3, i:1269), STATEMACHINELOGENTRY, client-EDB41257C35F, cid=963
2019-09-24 16:16:58,798 WARN  server.GrpcLogAppender (GrpcLogAppender.java:timeoutAppendRequest(200)) - s2@group-5C26748AB2B1->s1-GrpcLogAppender: appendEntries Timeout, request=s2->s1#1622-t3, previous=(t:3, i:1269), leaderCommit=1227, initializing? false, entries: size=1, first=(t:3, i:1270), STATEMACHINELOGENTRY, client-EDB41257C35F, cid=964
2019-09-24 16:16:58,798 WARN  server.GrpcLogAppender (GrpcLogAppender.java:timeoutAppendRequest(200)) - s2@group-5C26748AB2B1->s0-GrpcLogAppender: appendEntries Timeout, request=s2->s0#1454-t3, previous=(t:3, i:1269), leaderCommit=1227, initializing? false, entries: size=1, first=(t:3, i:1270), STATEMACHINELOGENTRY, client-EDB41257C35F, cid=964
2019-09-24 16:16:58,799 WARN  server.GrpcLogAppender (GrpcLogAppender.java:timeoutAppendRequest(200)) - s2@group-5C26748AB2B1->s1-GrpcLogAppender: appendEntries Timeout, request=s2->s1#1623-t3, previous=(t:3, i:1270), leaderCommit=1227, initializing? false, entries: size=1, first=(t:3, i:1271), STATEMACHINELOGENTRY, client-EDB41257C35F, cid=965
2019-09-24 16:16:58,799 WARN  server.GrpcLogAppender (GrpcLogAppender.java:timeoutAppendRequest(200)) - s2@group-5C26748AB2B1->s0-GrpcLogAppender: appendEntries Timeout, request=s2->s0#1455-t3, previous=(t:3, i:1270), leaderCommit=1227, initializing? false, entries: size=1, first=(t:3, i:1271), STATEMACHINELOGENTRY, client-EDB41257C35F, cid=965
2019-09-24 16:16:58,799 WARN  server.GrpcLogAppender (GrpcLogAppender.java:timeoutAppendRequest(200)) - s2@group-5C26748AB2B1->s1-GrpcLogAppender: appendEntries Timeout, request=s2->s1#1624-t3, previous=(t:3, i:1271), leaderCommit=1227, initializing? false, entries: size=1, first=(t:3, i:1272), STATEMACHINELOGENTRY, client-EDB41257C35F, cid=966
2019-09-24 16:16:58,799 WARN  server.GrpcLogAppender (GrpcLogAppender.java:timeoutAppendRequest(200)) - s2@group-5C26748AB2B1->s0-GrpcLogAppender: appendEntries Timeout, request=s2->s0#1456-t3, previous=(t:3, i:1271), leaderCommit=1227, initializing? false, entries: size=1, first=(t:3, i:1272), STATEMACHINELOGENTRY, client-EDB41257C35F, cid=966
2019-09-24 16:16:58,799 WARN  server.GrpcLogAppender (GrpcLogAppender.java:timeoutAppendRequest(200)) - s2@group-5C26748AB2B1->s1-GrpcLogAppender: appendEntries Timeout, request=s2->s1#1625-t3, previous=(t:3, i:1272), leaderCommit=1227, initializing? false, entries: size=1, first=(t:3, i:1273), STATEMACHINELOGENTRY, client-EDB41257C35F, cid=967
2019-09-24 16:16:58,799 WARN  server.GrpcLogAppender (GrpcLogAppender.java:timeoutAppendRequest(200)) - s2@group-5C26748AB2B1->s0-GrpcLogAppender: appendEntries Timeout, request=s2->s0#1457-t3, previous=(t:3, i:1272), leaderCommit=1227, initializing? false, entries: size=1, first=(t:3, i:1273), STATEMACHINELOGENTRY, client-EDB41257C35F, cid=967
2019-09-24 16:16:58,799 WARN  server.GrpcLogAppender (GrpcLogAppender.java:timeoutAppendRequest(200)) - s2@group-5C26748AB2B1->s1-GrpcLogAppender: appendEntries Timeout, request=s2->s1#1626-t3, previous=(t:3, i:1273), leaderCommit=1227, initializing? false, entries: size=1, first=(t:3, i:1274), STATEMACHINELOGENTRY, client-EDB41257C35F, cid=968
2019-09-24 16:16:58,800 WARN  server.GrpcLogAppender (GrpcLogAppender.java:timeoutAppendRequest(200)) - s2@group-5C26748AB2B1->s0-GrpcLogAppender: appendEntries Timeout, request=s2->s0#1458-t3, previous=(t:3, i:1273), leaderCommit=1227, initializing? false, entries: size=1, first=(t:3, i:1274), STATEMACHINELOGENTRY, client-EDB41257C35F, cid=968
2019-09-24 16:16:58,800 WARN  server.GrpcLogAppender (GrpcLogAppender.java:timeoutAppendRequest(200)) - s2@group-5C26748AB2B1->s1-GrpcLogAppender: appendEntries Timeout, request=s2->s1#1627-t3, previous=(t:3, i:1274), leaderCommit=1227, initializing? false, entries: size=1, first=(t:3, i:1275), STATEMACHINELOGENTRY, client-EDB41257C35F, cid=969
2019-09-24 16:16:58,800 WARN  server.GrpcLogAppender (GrpcLogAppender.java:timeoutAppendRequest(200)) - s2@group-5C26748AB2B1->s0-GrpcLogAppender: appendEntries Timeout, request=s2->s0#1459-t3, previous=(t:3, i:1274), leaderCommit=1227, initializing? false, entries: size=1, first=(t:3, i:1275), STATEMACHINELOGENTRY, client-EDB41257C35F, cid=969
2019-09-24 16:16:58,800 WARN  server.GrpcLogAppender (GrpcLogAppender.java:timeoutAppendRequest(200)) - s2@group-5C26748AB2B1->s1-GrpcLogAppender: appendEntries Timeout, request=s2->s1#1628-t3, previous=(t:3, i:1275), leaderCommit=1227, initializing? false, entries: size=1, first=(t:3, i:1276), STATEMACHINELOGENTRY, client-EDB41257C35F, cid=970
2019-09-24 16:16:58,800 WARN  server.GrpcLogAppender (GrpcLogAppender.java:timeoutAppendRequest(200)) - s2@group-5C26748AB2B1->s0-GrpcLogAppender: appendEntries Timeout, request=s2->s0#1460-t3, previous=(t:3, i:1275), leaderCommit=1227, initializing? false, entries: size=1, first=(t:3, i:1276), STATEMACHINELOGENTRY, client-EDB41257C35F, cid=970
2019-09-24 16:16:58,800 WARN  server.GrpcLogAppender (GrpcLogAppender.java:timeoutAppendRequest(200)) - s2@group-5C26748AB2B1->s1-GrpcLogAppender: appendEntries Timeout, request=s2->s1#1629-t3, previous=(t:3, i:1276), leaderCommit=1227, initializing? false, entries: size=1, first=(t:3, i:1277), STATEMACHINELOGENTRY, client-EDB41257C35F, cid=971
2019-09-24 16:16:58,800 WARN  server.GrpcLogAppender (GrpcLogAppender.java:timeoutAppendRequest(200)) - s2@group-5C26748AB2B1->s0-GrpcLogAppender: appendEntries Timeout, request=s2->s0#1461-t3, previous=(t:3, i:1276), leaderCommit=1227, initializing? false, entries: size=1, first=(t:3, i:1277), STATEMACHINELOGENTRY, client-EDB41257C35F, cid=971
2019-09-24 16:16:58,801 WARN  server.GrpcLogAppender (GrpcLogAppender.java:timeoutAppendRequest(200)) - s2@group-5C26748AB2B1->s1-GrpcLogAppender: appendEntries Timeout, request=s2->s1#1630-t3, previous=(t:3, i:1277), leaderCommit=1227, initializing? false, entries: size=1, first=(t:3, i:1278), STATEMACHINELOGENTRY, client-EDB41257C35F, cid=972
2019-09-24 16:16:58,801 WARN  server.GrpcLogAppender (GrpcLogAppender.java:timeoutAppendRequest(200)) - s2@group-5C26748AB2B1->s0-GrpcLogAppender: appendEntries Timeout, request=s2->s0#1462-t3, previous=(t:3, i:1277), leaderCommit=1227, initializing? false, entries: size=1, first=(t:3, i:1278), STATEMACHINELOGENTRY, client-EDB41257C35F, cid=972
2019-09-24 16:16:58,801 WARN  server.GrpcLogAppender (GrpcLogAppender.java:timeoutAppendRequest(200)) - s2@group-5C26748AB2B1->s1-GrpcLogAppender: appendEntries Timeout, request=s2->s1#1631-t3, previous=(t:3, i:1278), leaderCommit=1227, initializing? false, entries: size=1, first=(t:3, i:1279), STATEMACHINELOGENTRY, client-EDB41257C35F, cid=973
2019-09-24 16:16:58,801 WARN  server.GrpcLogAppender (GrpcLogAppender.java:timeoutAppendRequest(200)) - s2@group-5C26748AB2B1->s0-GrpcLogAppender: appendEntries Timeout, request=s2->s0#1463-t3, previous=(t:3, i:1278), leaderCommit=1227, initializing? false, entries: size=1, first=(t:3, i:1279), STATEMACHINELOGENTRY, client-EDB41257C35F, cid=973
2019-09-24 16:16:58,801 WARN  server.GrpcLogAppender (GrpcLogAppender.java:timeoutAppendRequest(200)) - s2@group-5C26748AB2B1->s1-GrpcLogAppender: appendEntries Timeout, request=s2->s1#1632-t3, previous=(t:3, i:1279), leaderCommit=1227, initializing? false, entries: size=1, first=(t:3, i:1280), STATEMACHINELOGENTRY, client-EDB41257C35F, cid=974
2019-09-24 16:16:58,801 WARN  server.GrpcLogAppender (GrpcLogAppender.java:timeoutAppendRequest(200)) - s2@group-5C26748AB2B1->s0-GrpcLogAppender: appendEntries Timeout, request=s2->s0#1464-t3, previous=(t:3, i:1279), leaderCommit=1227, initializing? false, entries: size=1, first=(t:3, i:1280), STATEMACHINELOGENTRY, client-EDB41257C35F, cid=974
2019-09-24 16:16:58,801 WARN  server.GrpcLogAppender (GrpcLogAppender.java:timeoutAppendRequest(200)) - s2@group-5C26748AB2B1->s1-GrpcLogAppender: appendEntries Timeout, request=s2->s1#1633-t3, previous=(t:3, i:1280), leaderCommit=1227, initializing? false, entries: size=1, first=(t:3, i:1281), STATEMACHINELOGENTRY, client-EDB41257C35F, cid=975
2019-09-24 16:16:58,802 WARN  server.GrpcLogAppender (GrpcLogAppender.java:timeoutAppendRequest(200)) - s2@group-5C26748AB2B1->s0-GrpcLogAppender: appendEntries Timeout, request=s2->s0#1465-t3, previous=(t:3, i:1280), leaderCommit=1227, initializing? false, entries: size=1, first=(t:3, i:1281), STATEMACHINELOGENTRY, client-EDB41257C35F, cid=975
2019-09-24 16:16:58,802 WARN  server.GrpcLogAppender (GrpcLogAppender.java:timeoutAppendRequest(200)) - s2@group-5C26748AB2B1->s1-GrpcLogAppender: appendEntries Timeout, request=s2->s1#1634-t3, previous=(t:3, i:1281), leaderCommit=1227, initializing? false, entries: size=1, first=(t:3, i:1282), STATEMACHINELOGENTRY, client-EDB41257C35F, cid=976
2019-09-24 16:16:58,802 WARN  server.GrpcLogAppender (GrpcLogAppender.java:timeoutAppendRequest(200)) - s2@group-5C26748AB2B1->s0-GrpcLogAppender: appendEntries Timeout, request=s2->s0#1466-t3, previous=(t:3, i:1281), leaderCommit=1227, initializing? false, entries: size=1, first=(t:3, i:1282), STATEMACHINELOGENTRY, client-EDB41257C35F, cid=976
2019-09-24 16:16:58,802 WARN  server.GrpcLogAppender (GrpcLogAppender.java:timeoutAppendRequest(200)) - s2@group-5C26748AB2B1->s1-GrpcLogAppender: appendEntries Timeout, request=s2->s1#1635-t3, previous=(t:3, i:1282), leaderCommit=1227, initializing? false, entries: size=1, first=(t:3, i:1283), STATEMACHINELOGENTRY, client-EDB41257C35F, cid=977
2019-09-24 16:16:58,802 WARN  server.GrpcLogAppender (GrpcLogAppender.java:timeoutAppendRequest(200)) - s2@group-5C26748AB2B1->s0-GrpcLogAppender: appendEntries Timeout, request=s2->s0#1467-t3, previous=(t:3, i:1282), leaderCommit=1227, initializing? false, entries: size=1, first=(t:3, i:1283), STATEMACHINELOGENTRY, client-EDB41257C35F, cid=977
2019-09-24 16:16:58,802 WARN  server.GrpcLogAppender (GrpcLogAppender.java:timeoutAppendRequest(200)) - s2@group-5C26748AB2B1->s1-GrpcLogAppender: appendEntries Timeout, request=s2->s1#1636-t3, previous=(t:3, i:1283), leaderCommit=1227, initializing? false, entries: size=1, first=(t:3, i:1284), STATEMACHINELOGENTRY, client-EDB41257C35F, cid=978
2019-09-24 16:16:58,802 WARN  server.GrpcLogAppender (GrpcLogAppender.java:timeoutAppendRequest(200)) - s2@group-5C26748AB2B1->s0-GrpcLogAppender: appendEntries Timeout, request=s2->s0#1468-t3, previous=(t:3, i:1283), leaderCommit=1227, initializing? false, entries: size=1, first=(t:3, i:1284), STATEMACHINELOGENTRY, client-EDB41257C35F, cid=978
2019-09-24 16:16:58,802 WARN  server.GrpcLogAppender (GrpcLogAppender.java:timeoutAppendRequest(200)) - s2@group-5C26748AB2B1->s1-GrpcLogAppender: appendEntries Timeout, request=s2->s1#1637-t3, previous=(t:3, i:1284), leaderCommit=1227, initializing? false, entries: size=1, first=(t:3, i:1285), STATEMACHINELOGENTRY, client-EDB41257C35F, cid=979
2019-09-24 16:16:58,803 WARN  server.GrpcLogAppender (GrpcLogAppender.java:timeoutAppendRequest(200)) - s2@group-5C26748AB2B1->s0-GrpcLogAppender: appendEntries Timeout, request=s2->s0#1469-t3, previous=(t:3, i:1284), leaderCommit=1227, initializing? false, entries: size=1, first=(t:3, i:1285), STATEMACHINELOGENTRY, client-EDB41257C35F, cid=979
2019-09-24 16:16:58,803 WARN  server.GrpcLogAppender (GrpcLogAppender.java:timeoutAppendRequest(200)) - s2@group-5C26748AB2B1->s1-GrpcLogAppender: appendEntries Timeout, request=s2->s1#1638-t3, previous=(t:3, i:1285), leaderCommit=1227, initializing? false, entries: size=1, first=(t:3, i:1286), STATEMACHINELOGENTRY, client-EDB41257C35F, cid=980
2019-09-24 16:16:58,803 WARN  server.GrpcLogAppender (GrpcLogAppender.java:timeoutAppendRequest(200)) - s2@group-5C26748AB2B1->s0-GrpcLogAppender: appendEntries Timeout, request=s2->s0#1470-t3, previous=(t:3, i:1285), leaderCommit=1227, initializing? false, entries: size=1, first=(t:3, i:1286), STATEMACHINELOGENTRY, client-EDB41257C35F, cid=980
2019-09-24 16:16:58,803 WARN  server.GrpcLogAppender (GrpcLogAppender.java:timeoutAppendRequest(200)) - s2@group-5C26748AB2B1->s1-GrpcLogAppender: appendEntries Timeout, request=s2->s1#1639-t3, previous=(t:3, i:1286), leaderCommit=1227, initializing? false, entries: size=1, first=(t:3, i:1287), STATEMACHINELOGENTRY, client-EDB41257C35F, cid=981
2019-09-24 16:16:58,803 WARN  server.GrpcLogAppender (GrpcLogAppender.java:timeoutAppendRequest(200)) - s2@group-5C26748AB2B1->s0-GrpcLogAppender: appendEntries Timeout, request=s2->s0#1471-t3, previous=(t:3, i:1286), leaderCommit=1227, initializing? false, entries: size=1, first=(t:3, i:1287), STATEMACHINELOGENTRY, client-EDB41257C35F, cid=981
2019-09-24 16:16:58,803 WARN  server.GrpcLogAppender (GrpcLogAppender.java:timeoutAppendRequest(200)) - s2@group-5C26748AB2B1->s1-GrpcLogAppender: appendEntries Timeout, request=s2->s1#1640-t3, previous=(t:3, i:1287), leaderCommit=1227, initializing? false, entries: size=1, first=(t:3, i:1288), STATEMACHINELOGENTRY, client-EDB41257C35F, cid=982
2019-09-24 16:16:58,803 WARN  server.GrpcLogAppender (GrpcLogAppender.java:timeoutAppendRequest(200)) - s2@group-5C26748AB2B1->s0-GrpcLogAppender: appendEntries Timeout, request=s2->s0#1472-t3, previous=(t:3, i:1287), leaderCommit=1227, initializing? false, entries: size=1, first=(t:3, i:1288), STATEMACHINELOGENTRY, client-EDB41257C35F, cid=982
2019-09-24 16:16:58,804 WARN  server.GrpcLogAppender (GrpcLogAppender.java:timeoutAppendRequest(200)) - s2@group-5C26748AB2B1->s1-GrpcLogAppender: appendEntries Timeout, request=s2->s1#1641-t3, previous=(t:3, i:1288), leaderCommit=1227, initializing? false, entries: size=1, first=(t:3, i:1289), STATEMACHINELOGENTRY, client-EDB41257C35F, cid=983
2019-09-24 16:16:58,804 WARN  server.GrpcLogAppender (GrpcLogAppender.java:timeoutAppendRequest(200)) - s2@group-5C26748AB2B1->s0-GrpcLogAppender: appendEntries Timeout, request=s2->s0#1473-t3, previous=(t:3, i:1288), leaderCommit=1227, initializing? false, entries: size=1, first=(t:3, i:1289), STATEMACHINELOGENTRY, client-EDB41257C35F, cid=983
2019-09-24 16:16:58,804 WARN  server.GrpcLogAppender (GrpcLogAppender.java:timeoutAppendRequest(200)) - s2@group-5C26748AB2B1->s1-GrpcLogAppender: appendEntries Timeout, request=s2->s1#1642-t3, previous=(t:3, i:1289), leaderCommit=1227, initializing? false, entries: size=1, first=(t:3, i:1290), STATEMACHINELOGENTRY, client-EDB41257C35F, cid=984
2019-09-24 16:16:58,804 WARN  server.GrpcLogAppender (GrpcLogAppender.java:timeoutAppendRequest(200)) - s2@group-5C26748AB2B1->s0-GrpcLogAppender: appendEntries Timeout, request=s2->s0#1474-t3, previous=(t:3, i:1289), leaderCommit=1227, initializing? false, entries: size=1, first=(t:3, i:1290), STATEMACHINELOGENTRY, client-EDB41257C35F, cid=984
2019-09-24 16:16:58,804 WARN  server.GrpcLogAppender (GrpcLogAppender.java:timeoutAppendRequest(200)) - s2@group-5C26748AB2B1->s1-GrpcLogAppender: appendEntries Timeout, request=s2->s1#1643-t3, previous=(t:3, i:1290), leaderCommit=1227, initializing? false, entries: size=1, first=(t:3, i:1291), STATEMACHINELOGENTRY, client-EDB41257C35F, cid=985
2019-09-24 16:16:58,804 WARN  server.GrpcLogAppender (GrpcLogAppender.java:timeoutAppendRequest(200)) - s2@group-5C26748AB2B1->s0-GrpcLogAppender: appendEntries Timeout, request=s2->s0#1475-t3, previous=(t:3, i:1290), leaderCommit=1227, initializing? false, entries: size=1, first=(t:3, i:1291), STATEMACHINELOGENTRY, client-EDB41257C35F, cid=985
2019-09-24 16:16:58,804 WARN  server.GrpcLogAppender (GrpcLogAppender.java:timeoutAppendRequest(200)) - s2@group-5C26748AB2B1->s1-GrpcLogAppender: appendEntries Timeout, request=s2->s1#1644-t3, previous=(t:3, i:1291), leaderCommit=1227, initializing? false, entries: size=1, first=(t:3, i:1292), STATEMACHINELOGENTRY, client-EDB41257C35F, cid=986
2019-09-24 16:16:58,805 WARN  server.GrpcLogAppender (GrpcLogAppender.java:timeoutAppendRequest(200)) - s2@group-5C26748AB2B1->s0-GrpcLogAppender: appendEntries Timeout, request=s2->s0#1476-t3, previous=(t:3, i:1291), leaderCommit=1227, initializing? false, entries: size=1, first=(t:3, i:1292), STATEMACHINELOGENTRY, client-EDB41257C35F, cid=986
2019-09-24 16:16:58,805 WARN  server.GrpcLogAppender (GrpcLogAppender.java:timeoutAppendRequest(200)) - s2@group-5C26748AB2B1->s1-GrpcLogAppender: appendEntries Timeout, request=s2->s1#1645-t3, previous=(t:3, i:1292), leaderCommit=1227, initializing? false, entries: size=1, first=(t:3, i:1293), STATEMACHINELOGENTRY, client-EDB41257C35F, cid=987
2019-09-24 16:16:58,805 WARN  server.GrpcLogAppender (GrpcLogAppender.java:timeoutAppendRequest(200)) - s2@group-5C26748AB2B1->s0-GrpcLogAppender: appendEntries Timeout, request=s2->s0#1477-t3, previous=(t:3, i:1292), leaderCommit=1227, initializing? false, entries: size=1, first=(t:3, i:1293), STATEMACHINELOGENTRY, client-EDB41257C35F, cid=987
2019-09-24 16:16:58,805 WARN  server.GrpcLogAppender (GrpcLogAppender.java:timeoutAppendRequest(200)) - s2@group-5C26748AB2B1->s1-GrpcLogAppender: appendEntries Timeout, request=s2->s1#1646-t3, previous=(t:3, i:1293), leaderCommit=1227, initializing? false, entries: size=1, first=(t:3, i:1294), STATEMACHINELOGENTRY, client-EDB41257C35F, cid=988
2019-09-24 16:16:58,805 WARN  server.GrpcLogAppender (GrpcLogAppender.java:timeoutAppendRequest(200)) - s2@group-5C26748AB2B1->s0-GrpcLogAppender: appendEntries Timeout, request=s2->s0#1478-t3, previous=(t:3, i:1293), leaderCommit=1227, initializing? false, entries: size=1, first=(t:3, i:1294), STATEMACHINELOGENTRY, client-EDB41257C35F, cid=988
2019-09-24 16:16:58,805 WARN  server.GrpcLogAppender (GrpcLogAppender.java:timeoutAppendRequest(200)) - s2@group-5C26748AB2B1->s1-GrpcLogAppender: appendEntries Timeout, request=s2->s1#1647-t3, previous=(t:3, i:1294), leaderCommit=1227, initializing? false, entries: size=1, first=(t:3, i:1295), STATEMACHINELOGENTRY, client-EDB41257C35F, cid=989
2019-09-24 16:16:58,805 WARN  server.GrpcLogAppender (GrpcLogAppender.java:timeoutAppendRequest(200)) - s2@group-5C26748AB2B1->s0-GrpcLogAppender: appendEntries Timeout, request=s2->s0#1479-t3, previous=(t:3, i:1294), leaderCommit=1227, initializing? false, entries: size=1, first=(t:3, i:1295), STATEMACHINELOGENTRY, client-EDB41257C35F, cid=989
2019-09-24 16:16:58,805 WARN  server.GrpcLogAppender (GrpcLogAppender.java:timeoutAppendRequest(200)) - s2@group-5C26748AB2B1->s1-GrpcLogAppender: appendEntries Timeout, request=s2->s1#1648-t3, previous=(t:3, i:1295), leaderCommit=1227, initializing? false, entries: size=1, first=(t:3, i:1296), STATEMACHINELOGENTRY, client-EDB41257C35F, cid=990
2019-09-24 16:16:58,806 WARN  server.GrpcLogAppender (GrpcLogAppender.java:timeoutAppendRequest(200)) - s2@group-5C26748AB2B1->s0-GrpcLogAppender: appendEntries Timeout, request=s2->s0#1480-t3, previous=(t:3, i:1295), leaderCommit=1227, initializing? false, entries: size=1, first=(t:3, i:1296), STATEMACHINELOGENTRY, client-EDB41257C35F, cid=990
2019-09-24 16:16:58,806 WARN  server.GrpcLogAppender (GrpcLogAppender.java:timeoutAppendRequest(200)) - s2@group-5C26748AB2B1->s1-GrpcLogAppender: appendEntries Timeout, request=s2->s1#1649-t3, previous=(t:3, i:1296), leaderCommit=1227, initializing? false, entries: size=1, first=(t:3, i:1297), STATEMACHINELOGENTRY, client-EDB41257C35F, cid=991
2019-09-24 16:16:58,806 WARN  server.GrpcLogAppender (GrpcLogAppender.java:timeoutAppendRequest(200)) - s2@group-5C26748AB2B1->s0-GrpcLogAppender: appendEntries Timeout, request=s2->s0#1481-t3, previous=(t:3, i:1296), leaderCommit=1227, initializing? false, entries: size=1, first=(t:3, i:1297), STATEMACHINELOGENTRY, client-EDB41257C35F, cid=991
2019-09-24 16:16:58,806 WARN  server.GrpcLogAppender (GrpcLogAppender.java:timeoutAppendRequest(200)) - s2@group-5C26748AB2B1->s1-GrpcLogAppender: appendEntries Timeout, request=s2->s1#1650-t3, previous=(t:3, i:1297), leaderCommit=1227, initializing? false, entries: size=1, first=(t:3, i:1298), STATEMACHINELOGENTRY, client-EDB41257C35F, cid=992
2019-09-24 16:16:58,806 WARN  server.GrpcLogAppender (GrpcLogAppender.java:timeoutAppendRequest(200)) - s2@group-5C26748AB2B1->s0-GrpcLogAppender: appendEntries Timeout, request=s2->s0#1482-t3, previous=(t:3, i:1297), leaderCommit=1227, initializing? false, entries: size=1, first=(t:3, i:1298), STATEMACHINELOGENTRY, client-EDB41257C35F, cid=992
2019-09-24 16:16:58,806 WARN  server.GrpcLogAppender (GrpcLogAppender.java:timeoutAppendRequest(200)) - s2@group-5C26748AB2B1->s1-GrpcLogAppender: appendEntries Timeout, request=s2->s1#1651-t3, previous=(t:3, i:1298), leaderCommit=1227, initializing? false, entries: size=1, first=(t:3, i:1299), STATEMACHINELOGENTRY, client-EDB41257C35F, cid=993
2019-09-24 16:16:58,806 WARN  server.GrpcLogAppender (GrpcLogAppender.java:timeoutAppendRequest(200)) - s2@group-5C26748AB2B1->s0-GrpcLogAppender: appendEntries Timeout, request=s2->s0#1483-t3, previous=(t:3, i:1298), leaderCommit=1227, initializing? false, entries: size=1, first=(t:3, i:1299), STATEMACHINELOGENTRY, client-EDB41257C35F, cid=993
2019-09-24 16:16:58,806 WARN  server.GrpcLogAppender (GrpcLogAppender.java:timeoutAppendRequest(200)) - s2@group-5C26748AB2B1->s1-GrpcLogAppender: appendEntries Timeout, request=s2->s1#1652-t3, previous=(t:3, i:1299), leaderCommit=1227, initializing? false, entries: size=1, first=(t:3, i:1300), STATEMACHINELOGENTRY, client-EDB41257C35F, cid=994
2019-09-24 16:16:58,807 WARN  server.GrpcLogAppender (GrpcLogAppender.java:timeoutAppendRequest(200)) - s2@group-5C26748AB2B1->s0-GrpcLogAppender: appendEntries Timeout, request=s2->s0#1484-t3, previous=(t:3, i:1299), leaderCommit=1227, initializing? false, entries: size=1, first=(t:3, i:1300), STATEMACHINELOGENTRY, client-EDB41257C35F, cid=994
2019-09-24 16:16:58,807 WARN  server.GrpcLogAppender (GrpcLogAppender.java:timeoutAppendRequest(200)) - s2@group-5C26748AB2B1->s1-GrpcLogAppender: appendEntries Timeout, request=s2->s1#1653-t3, previous=(t:3, i:1300), leaderCommit=1227, initializing? false, entries: size=1, first=(t:3, i:1301), STATEMACHINELOGENTRY, client-EDB41257C35F, cid=995
2019-09-24 16:16:58,807 WARN  server.GrpcLogAppender (GrpcLogAppender.java:timeoutAppendRequest(200)) - s2@group-5C26748AB2B1->s0-GrpcLogAppender: appendEntries Timeout, request=s2->s0#1485-t3, previous=(t:3, i:1300), leaderCommit=1227, initializing? false, entries: size=1, first=(t:3, i:1301), STATEMACHINELOGENTRY, client-EDB41257C35F, cid=995
2019-09-24 16:16:58,807 WARN  server.GrpcLogAppender (GrpcLogAppender.java:timeoutAppendRequest(200)) - s2@group-5C26748AB2B1->s1-GrpcLogAppender: appendEntries Timeout, request=s2->s1#1654-t3, previous=(t:3, i:1301), leaderCommit=1227, initializing? false, entries: size=1, first=(t:3, i:1302), STATEMACHINELOGENTRY, client-EDB41257C35F, cid=996
2019-09-24 16:16:58,807 WARN  server.GrpcLogAppender (GrpcLogAppender.java:timeoutAppendRequest(200)) - s2@group-5C26748AB2B1->s0-GrpcLogAppender: appendEntries Timeout, request=s2->s0#1486-t3, previous=(t:3, i:1301), leaderCommit=1227, initializing? false, entries: size=1, first=(t:3, i:1302), STATEMACHINELOGENTRY, client-EDB41257C35F, cid=996
2019-09-24 16:16:58,807 WARN  server.GrpcLogAppender (GrpcLogAppender.java:timeoutAppendRequest(200)) - s2@group-5C26748AB2B1->s1-GrpcLogAppender: appendEntries Timeout, request=s2->s1#1655-t3, previous=(t:3, i:1302), leaderCommit=1227, initializing? false, entries: size=1, first=(t:3, i:1303), STATEMACHINELOGENTRY, client-EDB41257C35F, cid=997
2019-09-24 16:16:58,807 WARN  server.GrpcLogAppender (GrpcLogAppender.java:timeoutAppendRequest(200)) - s2@group-5C26748AB2B1->s0-GrpcLogAppender: appendEntries Timeout, request=s2->s0#1487-t3, previous=(t:3, i:1302), leaderCommit=1227, initializing? false, entries: size=1, first=(t:3, i:1303), STATEMACHINELOGENTRY, client-EDB41257C35F, cid=997
2019-09-24 16:16:58,807 WARN  server.GrpcLogAppender (GrpcLogAppender.java:timeoutAppendRequest(200)) - s2@group-5C26748AB2B1->s1-GrpcLogAppender: appendEntries Timeout, request=s2->s1#1656-t3, previous=(t:3, i:1303), leaderCommit=1227, initializing? false, entries: size=1, first=(t:3, i:1304), STATEMACHINELOGENTRY, client-EDB41257C35F, cid=998
2019-09-24 16:16:58,807 WARN  server.GrpcLogAppender (GrpcLogAppender.java:timeoutAppendRequest(200)) - s2@group-5C26748AB2B1->s0-GrpcLogAppender: appendEntries Timeout, request=s2->s0#1488-t3, previous=(t:3, i:1303), leaderCommit=1227, initializing? false, entries: size=1, first=(t:3, i:1304), STATEMACHINELOGENTRY, client-EDB41257C35F, cid=998
2019-09-24 16:16:58,808 WARN  server.GrpcLogAppender (GrpcLogAppender.java:timeoutAppendRequest(200)) - s2@group-5C26748AB2B1->s1-GrpcLogAppender: appendEntries Timeout, request=s2->s1#1657-t3, previous=(t:3, i:1304), leaderCommit=1227, initializing? false, entries: size=1, first=(t:3, i:1305), STATEMACHINELOGENTRY, client-EDB41257C35F, cid=999
2019-09-24 16:16:58,808 WARN  server.GrpcLogAppender (GrpcLogAppender.java:timeoutAppendRequest(200)) - s2@group-5C26748AB2B1->s0-GrpcLogAppender: appendEntries Timeout, request=s2->s0#1489-t3, previous=(t:3, i:1304), leaderCommit=1227, initializing? false, entries: size=1, first=(t:3, i:1305), STATEMACHINELOGENTRY, client-EDB41257C35F, cid=999
2019-09-24 16:16:58,808 WARN  server.GrpcLogAppender (GrpcLogAppender.java:timeoutAppendRequest(200)) - s2@group-5C26748AB2B1->s1-GrpcLogAppender: appendEntries Timeout, request=s2->s1#1658-t3, previous=(t:3, i:1305), leaderCommit=1227, initializing? false, entries: size=1, first=(t:3, i:1306), STATEMACHINELOGENTRY, client-EDB41257C35F, cid=1000
2019-09-24 16:16:58,808 WARN  server.GrpcLogAppender (GrpcLogAppender.java:timeoutAppendRequest(200)) - s2@group-5C26748AB2B1->s0-GrpcLogAppender: appendEntries Timeout, request=s2->s0#1490-t3, previous=(t:3, i:1305), leaderCommit=1227, initializing? false, entries: size=1, first=(t:3, i:1306), STATEMACHINELOGENTRY, client-EDB41257C35F, cid=1000
2019-09-24 16:16:58,808 WARN  server.GrpcLogAppender (GrpcLogAppender.java:timeoutAppendRequest(200)) - s2@group-5C26748AB2B1->s1-GrpcLogAppender: appendEntries Timeout, request=s2->s1#1659-t3, previous=(t:3, i:1306), leaderCommit=1227, initializing? false, entries: size=1, first=(t:3, i:1307), STATEMACHINELOGENTRY, client-EDB41257C35F, cid=1001
2019-09-24 16:16:58,808 WARN  server.GrpcLogAppender (GrpcLogAppender.java:timeoutAppendRequest(200)) - s2@group-5C26748AB2B1->s0-GrpcLogAppender: appendEntries Timeout, request=s2->s0#1491-t3, previous=(t:3, i:1306), leaderCommit=1227, initializing? false, entries: size=1, first=(t:3, i:1307), STATEMACHINELOGENTRY, client-EDB41257C35F, cid=1001
2019-09-24 16:16:58,808 WARN  server.GrpcLogAppender (GrpcLogAppender.java:timeoutAppendRequest(200)) - s2@group-5C26748AB2B1->s1-GrpcLogAppender: appendEntries Timeout, request=s2->s1#1660-t3, previous=(t:3, i:1307), leaderCommit=1227, initializing? false, entries: size=1, first=(t:3, i:1308), STATEMACHINELOGENTRY, client-EDB41257C35F, cid=1002
2019-09-24 16:16:58,808 WARN  server.GrpcLogAppender (GrpcLogAppender.java:timeoutAppendRequest(200)) - s2@group-5C26748AB2B1->s0-GrpcLogAppender: appendEntries Timeout, request=s2->s0#1492-t3, previous=(t:3, i:1307), leaderCommit=1227, initializing? false, entries: size=1, first=(t:3, i:1308), STATEMACHINELOGENTRY, client-EDB41257C35F, cid=1002
2019-09-24 16:16:58,809 WARN  server.GrpcLogAppender (GrpcLogAppender.java:timeoutAppendRequest(200)) - s2@group-5C26748AB2B1->s1-GrpcLogAppender: appendEntries Timeout, request=s2->s1#1661-t3, previous=(t:3, i:1308), leaderCommit=1227, initializing? false, entries: size=1, first=(t:3, i:1309), STATEMACHINELOGENTRY, client-EDB41257C35F, cid=1003
2019-09-24 16:16:58,809 WARN  server.GrpcLogAppender (GrpcLogAppender.java:timeoutAppendRequest(200)) - s2@group-5C26748AB2B1->s0-GrpcLogAppender: appendEntries Timeout, request=s2->s0#1493-t3, previous=(t:3, i:1308), leaderCommit=1227, initializing? false, entries: size=1, first=(t:3, i:1309), STATEMACHINELOGENTRY, client-EDB41257C35F, cid=1003
2019-09-24 16:16:58,809 WARN  server.GrpcLogAppender (GrpcLogAppender.java:timeoutAppendRequest(200)) - s2@group-5C26748AB2B1->s1-GrpcLogAppender: appendEntries Timeout, request=s2->s1#1662-t3, previous=(t:3, i:1309), leaderCommit=1227, initializing? false, entries: size=1, first=(t:3, i:1310), STATEMACHINELOGENTRY, client-EDB41257C35F, cid=1004
2019-09-24 16:16:58,809 WARN  server.GrpcLogAppender (GrpcLogAppender.java:timeoutAppendRequest(200)) - s2@group-5C26748AB2B1->s0-GrpcLogAppender: appendEntries Timeout, request=s2->s0#1494-t3, previous=(t:3, i:1309), leaderCommit=1227, initializing? false, entries: size=1, first=(t:3, i:1310), STATEMACHINELOGENTRY, client-EDB41257C35F, cid=1004
2019-09-24 16:16:58,809 WARN  server.GrpcLogAppender (GrpcLogAppender.java:timeoutAppendRequest(200)) - s2@group-5C26748AB2B1->s1-GrpcLogAppender: appendEntries Timeout, request=s2->s1#1663-t3, previous=(t:3, i:1310), leaderCommit=1227, initializing? false, entries: size=1, first=(t:3, i:1311), STATEMACHINELOGENTRY, client-EDB41257C35F, cid=1005
2019-09-24 16:16:58,809 WARN  server.GrpcLogAppender (GrpcLogAppender.java:timeoutAppendRequest(200)) - s2@group-5C26748AB2B1->s0-GrpcLogAppender: appendEntries Timeout, request=s2->s0#1495-t3, previous=(t:3, i:1310), leaderCommit=1227, initializing? false, entries: size=1, first=(t:3, i:1311), STATEMACHINELOGENTRY, client-EDB41257C35F, cid=1005
2019-09-24 16:16:58,809 WARN  server.GrpcLogAppender (GrpcLogAppender.java:timeoutAppendRequest(200)) - s2@group-5C26748AB2B1->s1-GrpcLogAppender: appendEntries Timeout, request=s2->s1#1664-t3, previous=(t:3, i:1311), leaderCommit=1227, initializing? false, entries: size=1, first=(t:3, i:1312), STATEMACHINELOGENTRY, client-EDB41257C35F, cid=1006
2019-09-24 16:16:58,809 WARN  server.GrpcLogAppender (GrpcLogAppender.java:timeoutAppendRequest(200)) - s2@group-5C26748AB2B1->s0-GrpcLogAppender: appendEntries Timeout, request=s2->s0#1496-t3, previous=(t:3, i:1311), leaderCommit=1227, initializing? false, entries: size=1, first=(t:3, i:1312), STATEMACHINELOGENTRY, client-EDB41257C35F, cid=1006
2019-09-24 16:16:58,809 WARN  server.GrpcLogAppender (GrpcLogAppender.java:timeoutAppendRequest(200)) - s2@group-5C26748AB2B1->s1-GrpcLogAppender: appendEntries Timeout, request=s2->s1#1665-t3, previous=(t:3, i:1312), leaderCommit=1227, initializing? false, entries: size=1, first=(t:3, i:1313), STATEMACHINELOGENTRY, client-EDB41257C35F, cid=1007
2019-09-24 16:16:58,809 WARN  server.GrpcLogAppender (GrpcLogAppender.java:timeoutAppendRequest(200)) - s2@group-5C26748AB2B1->s0-GrpcLogAppender: appendEntries Timeout, request=s2->s0#1497-t3, previous=(t:3, i:1312), leaderCommit=1227, initializing? false, entries: size=1, first=(t:3, i:1313), STATEMACHINELOGENTRY, client-EDB41257C35F, cid=1007
2019-09-24 16:16:58,810 WARN  server.GrpcLogAppender (GrpcLogAppender.java:timeoutAppendRequest(200)) - s2@group-5C26748AB2B1->s1-GrpcLogAppender: appendEntries Timeout, request=s2->s1#1666-t3, previous=(t:3, i:1313), leaderCommit=1227, initializing? false, entries: size=1, first=(t:3, i:1314), STATEMACHINELOGENTRY, client-EDB41257C35F, cid=1008
2019-09-24 16:16:58,810 WARN  server.GrpcLogAppender (GrpcLogAppender.java:timeoutAppendRequest(200)) - s2@group-5C26748AB2B1->s0-GrpcLogAppender: appendEntries Timeout, request=s2->s0#1498-t3, previous=(t:3, i:1313), leaderCommit=1227, initializing? false, entries: size=1, first=(t:3, i:1314), STATEMACHINELOGENTRY, client-EDB41257C35F, cid=1008
2019-09-24 16:16:58,810 WARN  server.GrpcLogAppender (GrpcLogAppender.java:timeoutAppendRequest(200)) - s2@group-5C26748AB2B1->s1-GrpcLogAppender: appendEntries Timeout, request=s2->s1#1667-t3, previous=(t:3, i:1314), leaderCommit=1227, initializing? false, entries: size=1, first=(t:3, i:1315), STATEMACHINELOGENTRY, client-EDB41257C35F, cid=1009
2019-09-24 16:16:58,810 WARN  server.GrpcLogAppender (GrpcLogAppender.java:timeoutAppendRequest(200)) - s2@group-5C26748AB2B1->s0-GrpcLogAppender: appendEntries Timeout, request=s2->s0#1499-t3, previous=(t:3, i:1314), leaderCommit=1227, initializing? false, entries: size=1, first=(t:3, i:1315), STATEMACHINELOGENTRY, client-EDB41257C35F, cid=1009
2019-09-24 16:16:58,810 WARN  server.GrpcLogAppender (GrpcLogAppender.java:timeoutAppendRequest(200)) - s2@group-5C26748AB2B1->s1-GrpcLogAppender: appendEntries Timeout, request=s2->s1#1668-t3, previous=(t:3, i:1315), leaderCommit=1227, initializing? false, entries: size=1, first=(t:3, i:1316), STATEMACHINELOGENTRY, client-EDB41257C35F, cid=1010
2019-09-24 16:16:58,810 WARN  server.GrpcLogAppender (GrpcLogAppender.java:timeoutAppendRequest(200)) - s2@group-5C26748AB2B1->s0-GrpcLogAppender: appendEntries Timeout, request=s2->s0#1500-t3, previous=(t:3, i:1315), leaderCommit=1227, initializing? false, entries: size=1, first=(t:3, i:1316), STATEMACHINELOGENTRY, client-EDB41257C35F, cid=1010
2019-09-24 16:16:58,810 WARN  server.GrpcLogAppender (GrpcLogAppender.java:timeoutAppendRequest(200)) - s2@group-5C26748AB2B1->s1-GrpcLogAppender: appendEntries Timeout, request=s2->s1#1669-t3, previous=(t:3, i:1316), leaderCommit=1227, initializing? false, entries: size=1, first=(t:3, i:1317), STATEMACHINELOGENTRY, client-EDB41257C35F, cid=1011
2019-09-24 16:16:58,810 WARN  server.GrpcLogAppender (GrpcLogAppender.java:timeoutAppendRequest(200)) - s2@group-5C26748AB2B1->s1-GrpcLogAppender: appendEntries Timeout, request=s2->s1#1670-t3, previous=(t:3, i:1317), leaderCommit=1227, initializing? false, entries: size=1, first=(t:3, i:1318), STATEMACHINELOGENTRY, client-EDB41257C35F, cid=1012
2019-09-24 16:16:58,810 WARN  server.GrpcLogAppender (GrpcLogAppender.java:timeoutAppendRequest(200)) - s2@group-5C26748AB2B1->s0-GrpcLogAppender: appendEntries Timeout, request=s2->s0#1501-t3, previous=(t:3, i:1316), leaderCommit=1227, initializing? false, entries: size=1, first=(t:3, i:1317), STATEMACHINELOGENTRY, client-EDB41257C35F, cid=1011
2019-09-24 16:16:58,810 WARN  server.GrpcLogAppender (GrpcLogAppender.java:timeoutAppendRequest(200)) - s2@group-5C26748AB2B1->s1-GrpcLogAppender: appendEntries Timeout, request=s2->s1#1671-t3, previous=(t:3, i:1318), leaderCommit=1227, initializing? false, entries: size=1, first=(t:3, i:1319), STATEMACHINELOGENTRY, client-EDB41257C35F, cid=1013
2019-09-24 16:16:58,810 WARN  server.GrpcLogAppender (GrpcLogAppender.java:timeoutAppendRequest(200)) - s2@group-5C26748AB2B1->s0-GrpcLogAppender: appendEntries Timeout, request=s2->s0#1502-t3, previous=(t:3, i:1317), leaderCommit=1227, initializing? false, entries: size=1, first=(t:3, i:1318), STATEMACHINELOGENTRY, client-EDB41257C35F, cid=1012
2019-09-24 16:16:58,811 WARN  server.GrpcLogAppender (GrpcLogAppender.java:timeoutAppendRequest(200)) - s2@group-5C26748AB2B1->s1-GrpcLogAppender: appendEntries Timeout, request=s2->s1#1672-t3, previous=(t:3, i:1319), leaderCommit=1227, initializing? false, entries: size=1, first=(t:3, i:1320), STATEMACHINELOGENTRY, client-EDB41257C35F, cid=1014
2019-09-24 16:16:58,811 WARN  server.GrpcLogAppender (GrpcLogAppender.java:timeoutAppendRequest(200)) - s2@group-5C26748AB2B1->s0-GrpcLogAppender: appendEntries Timeout, request=s2->s0#1503-t3, previous=(t:3, i:1318), leaderCommit=1227, initializing? false, entries: size=1, first=(t:3, i:1319), STATEMACHINELOGENTRY, client-EDB41257C35F, cid=1013
2019-09-24 16:16:58,811 WARN  server.GrpcLogAppender (GrpcLogAppender.java:timeoutAppendRequest(200)) - s2@group-5C26748AB2B1->s1-GrpcLogAppender: appendEntries Timeout, request=s2->s1#1673-t3, previous=(t:3, i:1320), leaderCommit=1227, initializing? false, entries: size=1, first=(t:3, i:1321), STATEMACHINELOGENTRY, client-EDB41257C35F, cid=1015
2019-09-24 16:16:58,811 WARN  server.GrpcLogAppender (GrpcLogAppender.java:timeoutAppendRequest(200)) - s2@group-5C26748AB2B1->s0-GrpcLogAppender: appendEntries Timeout, request=s2->s0#1504-t3, previous=(t:3, i:1319), leaderCommit=1227, initializing? false, entries: size=1, first=(t:3, i:1320), STATEMACHINELOGENTRY, client-EDB41257C35F, cid=1014
2019-09-24 16:16:58,811 WARN  server.GrpcLogAppender (GrpcLogAppender.java:timeoutAppendRequest(200)) - s2@group-5C26748AB2B1->s1-GrpcLogAppender: appendEntries Timeout, request=s2->s1#1674-t3, previous=(t:3, i:1321), leaderCommit=1227, initializing? false, entries: size=1, first=(t:3, i:1322), STATEMACHINELOGENTRY, client-EDB41257C35F, cid=1016
2019-09-24 16:16:58,811 WARN  server.GrpcLogAppender (GrpcLogAppender.java:timeoutAppendRequest(200)) - s2@group-5C26748AB2B1->s0-GrpcLogAppender: appendEntries Timeout, request=s2->s0#1505-t3, previous=(t:3, i:1320), leaderCommit=1227, initializing? false, entries: size=1, first=(t:3, i:1321), STATEMACHINELOGENTRY, client-EDB41257C35F, cid=1015
2019-09-24 16:16:58,811 WARN  server.GrpcLogAppender (GrpcLogAppender.java:timeoutAppendRequest(200)) - s2@group-5C26748AB2B1->s1-GrpcLogAppender: appendEntries Timeout, request=s2->s1#1675-t3, previous=(t:3, i:1322), leaderCommit=1227, initializing? false, entries: size=1, first=(t:3, i:1323), STATEMACHINELOGENTRY, client-EDB41257C35F, cid=1017
2019-09-24 16:16:58,811 WARN  server.GrpcLogAppender (GrpcLogAppender.java:timeoutAppendRequest(200)) - s2@group-5C26748AB2B1->s0-GrpcLogAppender: appendEntries Timeout, request=s2->s0#1506-t3, previous=(t:3, i:1321), leaderCommit=1227, initializing? false, entries: size=1, first=(t:3, i:1322), STATEMACHINELOGENTRY, client-EDB41257C35F, cid=1016
2019-09-24 16:16:58,811 WARN  server.GrpcLogAppender (GrpcLogAppender.java:timeoutAppendRequest(200)) - s2@group-5C26748AB2B1->s1-GrpcLogAppender: appendEntries Timeout, request=s2->s1#1676-t3, previous=(t:3, i:1323), leaderCommit=1227, initializing? false, entries: size=1, first=(t:3, i:1324), STATEMACHINELOGENTRY, client-EDB41257C35F, cid=1018
2019-09-24 16:16:58,811 WARN  server.GrpcLogAppender (GrpcLogAppender.java:timeoutAppendRequest(200)) - s2@group-5C26748AB2B1->s0-GrpcLogAppender: appendEntries Timeout, request=s2->s0#1507-t3, previous=(t:3, i:1322), leaderCommit=1227, initializing? false, entries: size=1, first=(t:3, i:1323), STATEMACHINELOGENTRY, client-EDB41257C35F, cid=1017
2019-09-24 16:16:58,812 WARN  server.GrpcLogAppender (GrpcLogAppender.java:timeoutAppendRequest(200)) - s2@group-5C26748AB2B1->s1-GrpcLogAppender: appendEntries Timeout, request=s2->s1#1677-t3, previous=(t:3, i:1324), leaderCommit=1227, initializing? false, entries: size=1, first=(t:3, i:1325), STATEMACHINELOGENTRY, client-EDB41257C35F, cid=1019
2019-09-24 16:16:58,812 WARN  server.GrpcLogAppender (GrpcLogAppender.java:timeoutAppendRequest(200)) - s2@group-5C26748AB2B1->s0-GrpcLogAppender: appendEntries Timeout, request=s2->s0#1508-t3, previous=(t:3, i:1323), leaderCommit=1227, initializing? false, entries: size=1, first=(t:3, i:1324), STATEMACHINELOGENTRY, client-EDB41257C35F, cid=1018
2019-09-24 16:16:58,812 WARN  server.GrpcLogAppender (GrpcLogAppender.java:timeoutAppendRequest(200)) - s2@group-5C26748AB2B1->s1-GrpcLogAppender: appendEntries Timeout, request=s2->s1#1678-t3, previous=(t:3, i:1325), leaderCommit=1227, initializing? false, entries: size=1, first=(t:3, i:1326), STATEMACHINELOGENTRY, client-EDB41257C35F, cid=1020
2019-09-24 16:16:58,812 WARN  server.GrpcLogAppender (GrpcLogAppender.java:timeoutAppendRequest(200)) - s2@group-5C26748AB2B1->s0-GrpcLogAppender: appendEntries Timeout, request=s2->s0#1509-t3, previous=(t:3, i:1324), leaderCommit=1227, initializing? false, entries: size=1, first=(t:3, i:1325), STATEMACHINELOGENTRY, client-EDB41257C35F, cid=1019
2019-09-24 16:16:58,812 WARN  server.GrpcLogAppender (GrpcLogAppender.java:timeoutAppendRequest(200)) - s2@group-5C26748AB2B1->s1-GrpcLogAppender: appendEntries Timeout, request=s2->s1#1679-t3, previous=(t:3, i:1326), leaderCommit=1227, initializing? false, entries: size=1, first=(t:3, i:1327), STATEMACHINELOGENTRY, client-EDB41257C35F, cid=1021
2019-09-24 16:16:58,812 WARN  server.GrpcLogAppender (GrpcLogAppender.java:timeoutAppendRequest(200)) - s2@group-5C26748AB2B1->s0-GrpcLogAppender: appendEntries Timeout, request=s2->s0#1510-t3, previous=(t:3, i:1325), leaderCommit=1227, initializing? false, entries: size=1, first=(t:3, i:1326), STATEMACHINELOGENTRY, client-EDB41257C35F, cid=1020
2019-09-24 16:16:58,812 WARN  server.GrpcLogAppender (GrpcLogAppender.java:timeoutAppendRequest(200)) - s2@group-5C26748AB2B1->s1-GrpcLogAppender: appendEntries Timeout, request=s2->s1#1680-t3, previous=(t:3, i:1327), leaderCommit=1227, initializing? false, entries: size=1, first=(t:3, i:1328), STATEMACHINELOGENTRY, client-EDB41257C35F, cid=1022
2019-09-24 16:16:58,812 WARN  server.GrpcLogAppender (GrpcLogAppender.java:timeoutAppendRequest(200)) - s2@group-5C26748AB2B1->s0-GrpcLogAppender: appendEntries Timeout, request=s2->s0#1511-t3, previous=(t:3, i:1326), leaderCommit=1227, initializing? false, entries: size=1, first=(t:3, i:1327), STATEMACHINELOGENTRY, client-EDB41257C35F, cid=1021
2019-09-24 16:16:58,813 WARN  server.GrpcLogAppender (GrpcLogAppender.java:timeoutAppendRequest(200)) - s2@group-5C26748AB2B1->s0-GrpcLogAppender: appendEntries Timeout, request=s2->s0#1512-t3, previous=(t:3, i:1327), leaderCommit=1227, initializing? false, entries: size=1, first=(t:3, i:1328), STATEMACHINELOGENTRY, client-EDB41257C35F, cid=1022
2019-09-24 16:16:58,824 DEBUG client.GrpcClientProtocolService (GrpcClientProtocolService.java:responseError(257)) - 25-OrderedRequestStreamObserver25: Failed onNext for client-EDB41257C35F->s2#923-924* in 25-OrderedRequestStreamObserver25
java.lang.IllegalStateException: Entry already exists for key 924 in map SlidingWindow$Server:25-OrderedRequestStreamObserver25:requests
	at org.apache.ratis.util.Preconditions.assertTrue(Preconditions.java:75)
	at org.apache.ratis.util.CollectionUtils.putNew(CollectionUtils.java:94)
	at org.apache.ratis.util.SlidingWindow$RequestMap.putNewRequest(SlidingWindow.java:126)
	at org.apache.ratis.util.SlidingWindow$Server.receivedRequest(SlidingWindow.java:420)
	at org.apache.ratis.grpc.client.GrpcClientProtocolService$OrderedRequestStreamObserver.processClientRequest(GrpcClientProtocolService.java:345)
	at org.apache.ratis.grpc.client.GrpcClientProtocolService$RequestStreamObserver.onNext(GrpcClientProtocolService.java:240)
	at org.apache.ratis.grpc.client.GrpcClientProtocolService$RequestStreamObserver.onNext(GrpcClientProtocolService.java:168)
	at org.apache.ratis.thirdparty.io.grpc.stub.ServerCalls$StreamingServerCallHandler$StreamingServerCallListener.onMessage(ServerCalls.java:248)
	at org.apache.ratis.thirdparty.io.grpc.internal.ServerCallImpl$ServerStreamListenerImpl.messagesAvailable(ServerCallImpl.java:263)
	at org.apache.ratis.thirdparty.io.grpc.internal.ServerImpl$JumpToApplicationThreadServerStreamListener$1MessagesAvailable.runInContext(ServerImpl.java:686)
	at org.apache.ratis.thirdparty.io.grpc.internal.ContextRunnable.run(ContextRunnable.java:37)
	at org.apache.ratis.thirdparty.io.grpc.internal.SerializingExecutor.run(SerializingExecutor.java:123)
	at java.util.concurrent.ThreadPoolExecutor.runWorker(ThreadPoolExecutor.java:1149)
	at java.util.concurrent.ThreadPoolExecutor$Worker.run(ThreadPoolExecutor.java:624)
	at java.lang.Thread.run(Thread.java:748)
2019-09-24 16:16:58,836 DEBUG client.GrpcClientProtocolService (GrpcClientProtocolService.java:<init>(175)) - new 12-OrderedRequestStreamObserver12
2019-09-24 16:16:58,837 DEBUG client.GrpcClientProtocolService (GrpcClientProtocolService.java:sendReply(353)) - 12-OrderedRequestStreamObserver12: sendReply seq=1, RaftClientReply:client-DE317CF077D2->s2@group-E77E9FD8E08A, cid=1023, FAILED org.apache.ratis.protocol.LeaderNotReadyException: s2@group-E77E9FD8E08A is in LEADER state but not ready yet., logIndex=0, commits[s2:c-1, s0:c-1, s1:c-1]
2019-09-24 16:16:58,874 WARN  server.GrpcLogAppender (GrpcLogAppender.java:timeoutAppendRequest(200)) - s2@group-5C26748AB2B1->s1-GrpcLogAppender: appendEntries Timeout, request=s2->s1#1681-t3, previous=(t:3, i:1328), leaderCommit=1227, initializing? false, entries: <empty>
2019-09-24 16:16:58,874 WARN  server.GrpcLogAppender (GrpcLogAppender.java:timeoutAppendRequest(200)) - s2@group-5C26748AB2B1->s0-GrpcLogAppender: appendEntries Timeout, request=s2->s0#1513-t3, previous=(t:3, i:1328), leaderCommit=1227, initializing? false, entries: <empty>
2019-09-24 16:16:58,935 DEBUG client.GrpcClientProtocolService (GrpcClientProtocolService.java:<init>(175)) - new 4-OrderedRequestStreamObserver4
2019-09-24 16:16:58,937 DEBUG client.GrpcClientProtocolService (GrpcClientProtocolService.java:sendReply(353)) - 4-OrderedRequestStreamObserver4: sendReply seq=924, RaftClientReply:client-EDB41257C35F->s0@group-5C26748AB2B1, cid=923, FAILED org.apache.ratis.protocol.NotLeaderException: Server s0@group-5C26748AB2B1 is not the leader s2:0.0.0.0:34862, logIndex=0, commits[s0:c1227, s1:c1121, s2:c1227]
2019-09-24 16:16:58,940 DEBUG client.GrpcClientProtocolService (GrpcClientProtocolService.java:close(374)) - 12-OrderedRequestStreamObserver12: close
2019-09-24 16:16:58,940 DEBUG client.GrpcClientProtocolService (GrpcClientProtocolService.java:close(374)) - 4-OrderedRequestStreamObserver4: close
2019-09-24 16:16:58,946 DEBUG client.GrpcClientProtocolService (GrpcClientProtocolService.java:<init>(175)) - new 26-OrderedRequestStreamObserver26
2019-09-24 16:16:58,950 WARN  server.GrpcLogAppender (GrpcLogAppender.java:timeoutAppendRequest(200)) - s2@group-5C26748AB2B1->s0-GrpcLogAppender: appendEntries Timeout, request=s2->s0#1514-t3, previous=(t:3, i:1328), leaderCommit=1227, initializing? false, entries: <empty>
2019-09-24 16:16:58,950 WARN  server.GrpcLogAppender (GrpcLogAppender.java:timeoutAppendRequest(200)) - s2@group-5C26748AB2B1->s1-GrpcLogAppender: appendEntries Timeout, request=s2->s1#1682-t3, previous=(t:3, i:1328), leaderCommit=1227, initializing? false, entries: <empty>
2019-09-24 16:16:58,988 INFO  ratis.MiniRaftCluster (MiniRaftCluster.java:lambda$null$5(297)) - TIMED-PRINT: printing ALL groups
  s0:  RUNNING  FOLLOWER s0@group-5C26748AB2B1:t3, leader=s2, voted=s2, raftlog=s0@group-5C26748AB2B1-SegmentedRaftLog:OPENED:c1227,f1227,i1328, conf=0: [s0:0.0.0.0:36823, s1:0.0.0.0:40855, s2:0.0.0.0:34862], old=null RUNNING
  s1:  RUNNING  FOLLOWER s1@group-5C26748AB2B1:t3, leader=s2, voted=s2, raftlog=s1@group-5C26748AB2B1-SegmentedRaftLog:OPENED:c1227,f1227,i1328, conf=0: [s0:0.0.0.0:36823, s1:0.0.0.0:40855, s2:0.0.0.0:34862], old=null RUNNING
  s2:  RUNNING    LEADER s2@group-5C26748AB2B1:t3, leader=s2, voted=s2, raftlog=s2@group-5C26748AB2B1-SegmentedRaftLog:OPENED:c1227,f1227,i1328, conf=0: [s0:0.0.0.0:36823, s1:0.0.0.0:40855, s2:0.0.0.0:34862], old=null RUNNING
2019-09-24 16:16:59,002 WARN  server.GrpcLogAppender (GrpcLogAppender.java:timeoutAppendRequest(200)) - s2@group-E77E9FD8E08A->s0-GrpcLogAppender: appendEntries Timeout, request=s2->s0#1-t3, previous=(t:0, i:0), leaderCommit=-1, initializing? false, entries: size=1, first=(t:3, i:0), CONFIGURATIONENTRY
2019-09-24 16:16:59,002 WARN  server.GrpcLogAppender (GrpcLogAppender.java:timeoutAppendRequest(200)) - s2@group-E77E9FD8E08A->s1-GrpcLogAppender: appendEntries Timeout, request=s2->s1#1-t3, previous=(t:0, i:0), leaderCommit=-1, initializing? false, entries: size=1, first=(t:3, i:0), CONFIGURATIONENTRY
2019-09-24 16:16:59,025 WARN  server.GrpcLogAppender (GrpcLogAppender.java:timeoutAppendRequest(200)) - s2@group-5C26748AB2B1->s0-GrpcLogAppender: appendEntries Timeout, request=s2->s0#1515-t3, previous=(t:3, i:1328), leaderCommit=1227, initializing? false, entries: <empty>
2019-09-24 16:16:59,025 WARN  server.GrpcLogAppender (GrpcLogAppender.java:timeoutAppendRequest(200)) - s2@group-5C26748AB2B1->s1-GrpcLogAppender: appendEntries Timeout, request=s2->s1#1683-t3, previous=(t:3, i:1328), leaderCommit=1227, initializing? false, entries: <empty>
2019-09-24 16:16:59,047 DEBUG client.GrpcClientProtocolService (GrpcClientProtocolService.java:<init>(175)) - new 13-OrderedRequestStreamObserver13
2019-09-24 16:16:59,048 DEBUG client.GrpcClientProtocolService (GrpcClientProtocolService.java:sendReply(353)) - 13-OrderedRequestStreamObserver13: sendReply seq=1, RaftClientReply:client-DE317CF077D2->s2@group-E77E9FD8E08A, cid=1023, FAILED org.apache.ratis.protocol.LeaderNotReadyException: s2@group-E77E9FD8E08A is in LEADER state but not ready yet., logIndex=0, commits[s2:c-1, s0:c-1, s1:c-1]
2019-09-24 16:16:59,077 WARN  server.GrpcLogAppender (GrpcLogAppender.java:timeoutAppendRequest(200)) - s2@group-E77E9FD8E08A->s0-GrpcLogAppender: appendEntries Timeout, request=s2->s0#2-t3, previous=(t:3, i:0), leaderCommit=-1, initializing? false, entries: <empty>
2019-09-24 16:16:59,077 WARN  server.GrpcLogAppender (GrpcLogAppender.java:timeoutAppendRequest(200)) - s2@group-E77E9FD8E08A->s1-GrpcLogAppender: appendEntries Timeout, request=s2->s1#2-t3, previous=(t:3, i:0), leaderCommit=-1, initializing? false, entries: <empty>
2019-09-24 16:16:59,101 WARN  server.GrpcLogAppender (GrpcLogAppender.java:timeoutAppendRequest(200)) - s2@group-5C26748AB2B1->s0-GrpcLogAppender: appendEntries Timeout, request=s2->s0#1516-t3, previous=(t:3, i:1328), leaderCommit=1227, initializing? false, entries: <empty>
2019-09-24 16:16:59,101 WARN  server.GrpcLogAppender (GrpcLogAppender.java:timeoutAppendRequest(200)) - s2@group-5C26748AB2B1->s1-GrpcLogAppender: appendEntries Timeout, request=s2->s1#1684-t3, previous=(t:3, i:1328), leaderCommit=1227, initializing? false, entries: <empty>
2019-09-24 16:16:59,150 DEBUG client.GrpcClientProtocolService (GrpcClientProtocolService.java:close(374)) - 13-OrderedRequestStreamObserver13: close
2019-09-24 16:16:59,153 WARN  server.GrpcLogAppender (GrpcLogAppender.java:timeoutAppendRequest(200)) - s2@group-E77E9FD8E08A->s1-GrpcLogAppender: appendEntries Timeout, request=s2->s1#3-t3, previous=(t:3, i:0), leaderCommit=-1, initializing? false, entries: <empty>
2019-09-24 16:16:59,153 WARN  server.GrpcLogAppender (GrpcLogAppender.java:timeoutAppendRequest(200)) - s2@group-E77E9FD8E08A->s0-GrpcLogAppender: appendEntries Timeout, request=s2->s0#3-t3, previous=(t:3, i:0), leaderCommit=-1, initializing? false, entries: <empty>
2019-09-24 16:16:59,176 WARN  server.GrpcLogAppender (GrpcLogAppender.java:timeoutAppendRequest(200)) - s2@group-5C26748AB2B1->s0-GrpcLogAppender: appendEntries Timeout, request=s2->s0#1517-t3, previous=(t:3, i:1328), leaderCommit=1227, initializing? false, entries: <empty>
2019-09-24 16:16:59,176 WARN  server.GrpcLogAppender (GrpcLogAppender.java:timeoutAppendRequest(200)) - s2@group-5C26748AB2B1->s1-GrpcLogAppender: appendEntries Timeout, request=s2->s1#1685-t3, previous=(t:3, i:1328), leaderCommit=1227, initializing? false, entries: <empty>
2019-09-24 16:16:59,228 WARN  server.GrpcLogAppender (GrpcLogAppender.java:timeoutAppendRequest(200)) - s2@group-E77E9FD8E08A->s0-GrpcLogAppender: appendEntries Timeout, request=s2->s0#4-t3, previous=(t:3, i:0), leaderCommit=-1, initializing? false, entries: <empty>
2019-09-24 16:16:59,228 WARN  server.GrpcLogAppender (GrpcLogAppender.java:timeoutAppendRequest(200)) - s2@group-E77E9FD8E08A->s1-GrpcLogAppender: appendEntries Timeout, request=s2->s1#4-t3, previous=(t:3, i:0), leaderCommit=-1, initializing? false, entries: <empty>
2019-09-24 16:16:59,251 WARN  server.GrpcLogAppender (GrpcLogAppender.java:timeoutAppendRequest(200)) - s2@group-5C26748AB2B1->s0-GrpcLogAppender: appendEntries Timeout, request=s2->s0#1518-t3, previous=(t:3, i:1328), leaderCommit=1227, initializing? false, entries: <empty>
2019-09-24 16:16:59,251 WARN  server.GrpcLogAppender (GrpcLogAppender.java:timeoutAppendRequest(200)) - s2@group-5C26748AB2B1->s1-GrpcLogAppender: appendEntries Timeout, request=s2->s1#1686-t3, previous=(t:3, i:1328), leaderCommit=1227, initializing? false, entries: <empty>
2019-09-24 16:16:59,256 DEBUG client.GrpcClientProtocolService (GrpcClientProtocolService.java:<init>(175)) - new 14-OrderedRequestStreamObserver14
2019-09-24 16:16:59,258 DEBUG client.GrpcClientProtocolService (GrpcClientProtocolService.java:sendReply(353)) - 14-OrderedRequestStreamObserver14: sendReply seq=1, RaftClientReply:client-DE317CF077D2->s2@group-E77E9FD8E08A, cid=1023, FAILED org.apache.ratis.protocol.LeaderNotReadyException: s2@group-E77E9FD8E08A is in LEADER state but not ready yet., logIndex=0, commits[s2:c-1, s0:c-1, s1:c-1]
2019-09-24 16:16:59,303 WARN  server.GrpcLogAppender (GrpcLogAppender.java:timeoutAppendRequest(200)) - s2@group-E77E9FD8E08A->s1-GrpcLogAppender: appendEntries Timeout, request=s2->s1#5-t3, previous=(t:3, i:0), leaderCommit=-1, initializing? false, entries: <empty>
2019-09-24 16:16:59,303 WARN  server.GrpcLogAppender (GrpcLogAppender.java:timeoutAppendRequest(200)) - s2@group-E77E9FD8E08A->s0-GrpcLogAppender: appendEntries Timeout, request=s2->s0#5-t3, previous=(t:3, i:0), leaderCommit=-1, initializing? false, entries: <empty>
2019-09-24 16:16:59,326 WARN  server.GrpcLogAppender (GrpcLogAppender.java:timeoutAppendRequest(200)) - s2@group-5C26748AB2B1->s1-GrpcLogAppender: appendEntries Timeout, request=s2->s1#1687-t3, previous=(t:3, i:1328), leaderCommit=1227, initializing? false, entries: <empty>
2019-09-24 16:16:59,326 WARN  server.GrpcLogAppender (GrpcLogAppender.java:timeoutAppendRequest(200)) - s2@group-5C26748AB2B1->s0-GrpcLogAppender: appendEntries Timeout, request=s2->s0#1519-t3, previous=(t:3, i:1328), leaderCommit=1227, initializing? false, entries: <empty>
2019-09-24 16:16:59,361 DEBUG client.GrpcClientProtocolService (GrpcClientProtocolService.java:close(374)) - 14-OrderedRequestStreamObserver14: close
2019-09-24 16:16:59,378 WARN  server.GrpcLogAppender (GrpcLogAppender.java:timeoutAppendRequest(200)) - s2@group-E77E9FD8E08A->s1-GrpcLogAppender: appendEntries Timeout, request=s2->s1#6-t3, previous=(t:3, i:0), leaderCommit=-1, initializing? false, entries: <empty>
2019-09-24 16:16:59,378 WARN  server.GrpcLogAppender (GrpcLogAppender.java:timeoutAppendRequest(200)) - s2@group-E77E9FD8E08A->s0-GrpcLogAppender: appendEntries Timeout, request=s2->s0#6-t3, previous=(t:3, i:0), leaderCommit=-1, initializing? false, entries: <empty>
2019-09-24 16:16:59,402 WARN  server.GrpcLogAppender (GrpcLogAppender.java:timeoutAppendRequest(200)) - s2@group-5C26748AB2B1->s0-GrpcLogAppender: appendEntries Timeout, request=s2->s0#1520-t3, previous=(t:3, i:1328), leaderCommit=1227, initializing? false, entries: <empty>
2019-09-24 16:16:59,402 WARN  server.GrpcLogAppender (GrpcLogAppender.java:timeoutAppendRequest(200)) - s2@group-5C26748AB2B1->s1-GrpcLogAppender: appendEntries Timeout, request=s2->s1#1688-t3, previous=(t:3, i:1328), leaderCommit=1227, initializing? false, entries: <empty>
2019-09-24 16:16:59,454 WARN  server.GrpcLogAppender (GrpcLogAppender.java:timeoutAppendRequest(200)) - s2@group-E77E9FD8E08A->s1-GrpcLogAppender: appendEntries Timeout, request=s2->s1#7-t3, previous=(t:3, i:0), leaderCommit=-1, initializing? false, entries: <empty>
2019-09-24 16:16:59,454 WARN  server.GrpcLogAppender (GrpcLogAppender.java:timeoutAppendRequest(200)) - s2@group-E77E9FD8E08A->s0-GrpcLogAppender: appendEntries Timeout, request=s2->s0#7-t3, previous=(t:3, i:0), leaderCommit=-1, initializing? false, entries: <empty>
2019-09-24 16:16:59,466 DEBUG client.GrpcClientProtocolService (GrpcClientProtocolService.java:<init>(175)) - new 15-OrderedRequestStreamObserver15
2019-09-24 16:16:59,467 DEBUG client.GrpcClientProtocolService (GrpcClientProtocolService.java:sendReply(353)) - 15-OrderedRequestStreamObserver15: sendReply seq=1, RaftClientReply:client-DE317CF077D2->s2@group-E77E9FD8E08A, cid=1023, FAILED org.apache.ratis.protocol.LeaderNotReadyException: s2@group-E77E9FD8E08A is in LEADER state but not ready yet., logIndex=0, commits[s2:c-1, s0:c-1, s1:c-1]
2019-09-24 16:16:59,477 WARN  server.GrpcLogAppender (GrpcLogAppender.java:timeoutAppendRequest(200)) - s2@group-5C26748AB2B1->s1-GrpcLogAppender: appendEntries Timeout, request=s2->s1#1689-t3, previous=(t:3, i:1328), leaderCommit=1227, initializing? false, entries: <empty>
2019-09-24 16:16:59,477 WARN  server.GrpcLogAppender (GrpcLogAppender.java:timeoutAppendRequest(200)) - s2@group-5C26748AB2B1->s0-GrpcLogAppender: appendEntries Timeout, request=s2->s0#1521-t3, previous=(t:3, i:1328), leaderCommit=1227, initializing? false, entries: <empty>
2019-09-24 16:16:59,529 WARN  server.GrpcLogAppender (GrpcLogAppender.java:timeoutAppendRequest(200)) - s2@group-E77E9FD8E08A->s1-GrpcLogAppender: appendEntries Timeout, request=s2->s1#8-t3, previous=(t:3, i:0), leaderCommit=-1, initializing? false, entries: <empty>
2019-09-24 16:16:59,529 WARN  server.GrpcLogAppender (GrpcLogAppender.java:timeoutAppendRequest(200)) - s2@group-E77E9FD8E08A->s0-GrpcLogAppender: appendEntries Timeout, request=s2->s0#8-t3, previous=(t:3, i:0), leaderCommit=-1, initializing? false, entries: <empty>
2019-09-24 16:16:59,552 WARN  server.GrpcLogAppender (GrpcLogAppender.java:timeoutAppendRequest(200)) - s2@group-5C26748AB2B1->s1-GrpcLogAppender: appendEntries Timeout, request=s2->s1#1690-t3, previous=(t:3, i:1328), leaderCommit=1227, initializing? false, entries: <empty>
2019-09-24 16:16:59,552 WARN  server.GrpcLogAppender (GrpcLogAppender.java:timeoutAppendRequest(200)) - s2@group-5C26748AB2B1->s0-GrpcLogAppender: appendEntries Timeout, request=s2->s0#1522-t3, previous=(t:3, i:1328), leaderCommit=1227, initializing? false, entries: <empty>
2019-09-24 16:16:59,569 DEBUG client.GrpcClientProtocolService (GrpcClientProtocolService.java:close(374)) - 15-OrderedRequestStreamObserver15: close
2019-09-24 16:16:59,604 WARN  server.GrpcLogAppender (GrpcLogAppender.java:timeoutAppendRequest(200)) - s2@group-E77E9FD8E08A->s1-GrpcLogAppender: appendEntries Timeout, request=s2->s1#9-t3, previous=(t:3, i:0), leaderCommit=-1, initializing? false, entries: <empty>
2019-09-24 16:16:59,604 WARN  server.GrpcLogAppender (GrpcLogAppender.java:timeoutAppendRequest(200)) - s2@group-E77E9FD8E08A->s0-GrpcLogAppender: appendEntries Timeout, request=s2->s0#9-t3, previous=(t:3, i:0), leaderCommit=-1, initializing? false, entries: <empty>
2019-09-24 16:16:59,627 WARN  server.GrpcLogAppender (GrpcLogAppender.java:timeoutAppendRequest(200)) - s2@group-5C26748AB2B1->s1-GrpcLogAppender: appendEntries Timeout, request=s2->s1#1691-t3, previous=(t:3, i:1328), leaderCommit=1227, initializing? false, entries: <empty>
2019-09-24 16:16:59,627 WARN  server.GrpcLogAppender (GrpcLogAppender.java:timeoutAppendRequest(200)) - s2@group-5C26748AB2B1->s0-GrpcLogAppender: appendEntries Timeout, request=s2->s0#1523-t3, previous=(t:3, i:1328), leaderCommit=1227, initializing? false, entries: <empty>
2019-09-24 16:16:59,676 DEBUG client.GrpcClientProtocolService (GrpcClientProtocolService.java:<init>(175)) - new 16-OrderedRequestStreamObserver16
2019-09-24 16:16:59,677 DEBUG client.GrpcClientProtocolService (GrpcClientProtocolService.java:sendReply(353)) - 16-OrderedRequestStreamObserver16: sendReply seq=1, RaftClientReply:client-DE317CF077D2->s2@group-E77E9FD8E08A, cid=1023, FAILED org.apache.ratis.protocol.LeaderNotReadyException: s2@group-E77E9FD8E08A is in LEADER state but not ready yet., logIndex=0, commits[s2:c-1, s0:c-1, s1:c-1]
2019-09-24 16:16:59,679 WARN  server.GrpcLogAppender (GrpcLogAppender.java:timeoutAppendRequest(200)) - s2@group-E77E9FD8E08A->s1-GrpcLogAppender: appendEntries Timeout, request=s2->s1#10-t3, previous=(t:3, i:0), leaderCommit=-1, initializing? false, entries: <empty>
2019-09-24 16:16:59,679 WARN  server.GrpcLogAppender (GrpcLogAppender.java:timeoutAppendRequest(200)) - s2@group-E77E9FD8E08A->s0-GrpcLogAppender: appendEntries Timeout, request=s2->s0#10-t3, previous=(t:3, i:0), leaderCommit=-1, initializing? false, entries: <empty>
2019-09-24 16:16:59,703 WARN  server.GrpcLogAppender (GrpcLogAppender.java:timeoutAppendRequest(200)) - s2@group-5C26748AB2B1->s0-GrpcLogAppender: appendEntries Timeout, request=s2->s0#1524-t3, previous=(t:3, i:1328), leaderCommit=1227, initializing? false, entries: <empty>
2019-09-24 16:16:59,703 WARN  server.GrpcLogAppender (GrpcLogAppender.java:timeoutAppendRequest(200)) - s2@group-5C26748AB2B1->s1-GrpcLogAppender: appendEntries Timeout, request=s2->s1#1692-t3, previous=(t:3, i:1328), leaderCommit=1227, initializing? false, entries: <empty>
2019-09-24 16:16:59,754 WARN  server.GrpcLogAppender (GrpcLogAppender.java:timeoutAppendRequest(200)) - s2@group-E77E9FD8E08A->s1-GrpcLogAppender: appendEntries Timeout, request=s2->s1#11-t3, previous=(t:3, i:0), leaderCommit=-1, initializing? false, entries: <empty>
2019-09-24 16:16:59,755 WARN  server.GrpcLogAppender (GrpcLogAppender.java:timeoutAppendRequest(200)) - s2@group-E77E9FD8E08A->s0-GrpcLogAppender: appendEntries Timeout, request=s2->s0#11-t3, previous=(t:3, i:0), leaderCommit=-1, initializing? false, entries: <empty>
2019-09-24 16:16:59,778 WARN  server.GrpcLogAppender (GrpcLogAppender.java:timeoutAppendRequest(200)) - s2@group-5C26748AB2B1->s0-GrpcLogAppender: appendEntries Timeout, request=s2->s0#1525-t3, previous=(t:3, i:1328), leaderCommit=1227, initializing? false, entries: <empty>
2019-09-24 16:16:59,778 WARN  server.GrpcLogAppender (GrpcLogAppender.java:timeoutAppendRequest(200)) - s2@group-5C26748AB2B1->s1-GrpcLogAppender: appendEntries Timeout, request=s2->s1#1693-t3, previous=(t:3, i:1328), leaderCommit=1227, initializing? false, entries: <empty>
2019-09-24 16:16:59,779 DEBUG client.GrpcClientProtocolService (GrpcClientProtocolService.java:close(374)) - 16-OrderedRequestStreamObserver16: close
2019-09-24 16:16:59,830 WARN  server.GrpcLogAppender (GrpcLogAppender.java:timeoutAppendRequest(200)) - s2@group-E77E9FD8E08A->s1-GrpcLogAppender: appendEntries Timeout, request=s2->s1#12-t3, previous=(t:3, i:0), leaderCommit=-1, initializing? false, entries: <empty>
2019-09-24 16:16:59,830 WARN  server.GrpcLogAppender (GrpcLogAppender.java:timeoutAppendRequest(200)) - s2@group-E77E9FD8E08A->s0-GrpcLogAppender: appendEntries Timeout, request=s2->s0#12-t3, previous=(t:3, i:0), leaderCommit=-1, initializing? false, entries: <empty>
2019-09-24 16:16:59,853 WARN  server.GrpcLogAppender (GrpcLogAppender.java:timeoutAppendRequest(200)) - s2@group-5C26748AB2B1->s0-GrpcLogAppender: appendEntries Timeout, request=s2->s0#1526-t3, previous=(t:3, i:1328), leaderCommit=1227, initializing? false, entries: <empty>
2019-09-24 16:16:59,853 WARN  server.GrpcLogAppender (GrpcLogAppender.java:timeoutAppendRequest(200)) - s2@group-5C26748AB2B1->s1-GrpcLogAppender: appendEntries Timeout, request=s2->s1#1694-t3, previous=(t:3, i:1328), leaderCommit=1227, initializing? false, entries: <empty>
2019-09-24 16:16:59,884 DEBUG client.GrpcClientProtocolService (GrpcClientProtocolService.java:<init>(175)) - new 17-OrderedRequestStreamObserver17
2019-09-24 16:16:59,886 DEBUG client.GrpcClientProtocolService (GrpcClientProtocolService.java:sendReply(353)) - 17-OrderedRequestStreamObserver17: sendReply seq=1, RaftClientReply:client-DE317CF077D2->s2@group-E77E9FD8E08A, cid=1023, FAILED org.apache.ratis.protocol.LeaderNotReadyException: s2@group-E77E9FD8E08A is in LEADER state but not ready yet., logIndex=0, commits[s2:c-1, s0:c-1, s1:c-1]
2019-09-24 16:16:59,905 WARN  server.GrpcLogAppender (GrpcLogAppender.java:timeoutAppendRequest(200)) - s2@group-E77E9FD8E08A->s1-GrpcLogAppender: appendEntries Timeout, request=s2->s1#13-t3, previous=(t:3, i:0), leaderCommit=-1, initializing? false, entries: <empty>
2019-09-24 16:16:59,905 WARN  server.GrpcLogAppender (GrpcLogAppender.java:timeoutAppendRequest(200)) - s2@group-E77E9FD8E08A->s0-GrpcLogAppender: appendEntries Timeout, request=s2->s0#13-t3, previous=(t:3, i:0), leaderCommit=-1, initializing? false, entries: <empty>
2019-09-24 16:16:59,928 WARN  server.GrpcLogAppender (GrpcLogAppender.java:timeoutAppendRequest(200)) - s2@group-5C26748AB2B1->s0-GrpcLogAppender: appendEntries Timeout, request=s2->s0#1527-t3, previous=(t:3, i:1328), leaderCommit=1227, initializing? false, entries: <empty>
2019-09-24 16:16:59,928 WARN  server.GrpcLogAppender (GrpcLogAppender.java:timeoutAppendRequest(200)) - s2@group-5C26748AB2B1->s1-GrpcLogAppender: appendEntries Timeout, request=s2->s1#1695-t3, previous=(t:3, i:1328), leaderCommit=1227, initializing? false, entries: <empty>
2019-09-24 16:16:59,980 WARN  server.GrpcLogAppender (GrpcLogAppender.java:timeoutAppendRequest(200)) - s2@group-E77E9FD8E08A->s1-GrpcLogAppender: appendEntries Timeout, request=s2->s1#14-t3, previous=(t:3, i:0), leaderCommit=-1, initializing? false, entries: <empty>
2019-09-24 16:16:59,980 WARN  server.GrpcLogAppender (GrpcLogAppender.java:timeoutAppendRequest(200)) - s2@group-E77E9FD8E08A->s0-GrpcLogAppender: appendEntries Timeout, request=s2->s0#14-t3, previous=(t:3, i:0), leaderCommit=-1, initializing? false, entries: <empty>
2019-09-24 16:16:59,988 DEBUG client.GrpcClientProtocolService (GrpcClientProtocolService.java:close(374)) - 17-OrderedRequestStreamObserver17: close
2019-09-24 16:17:00,004 WARN  server.GrpcLogAppender (GrpcLogAppender.java:timeoutAppendRequest(200)) - s2@group-5C26748AB2B1->s1-GrpcLogAppender: appendEntries Timeout, request=s2->s1#1696-t3, previous=(t:3, i:1328), leaderCommit=1227, initializing? false, entries: <empty>
2019-09-24 16:17:00,004 WARN  server.GrpcLogAppender (GrpcLogAppender.java:timeoutAppendRequest(200)) - s2@group-5C26748AB2B1->s0-GrpcLogAppender: appendEntries Timeout, request=s2->s0#1528-t3, previous=(t:3, i:1328), leaderCommit=1227, initializing? false, entries: <empty>
2019-09-24 16:17:00,056 WARN  server.GrpcLogAppender (GrpcLogAppender.java:timeoutAppendRequest(200)) - s2@group-E77E9FD8E08A->s1-GrpcLogAppender: appendEntries Timeout, request=s2->s1#15-t3, previous=(t:3, i:0), leaderCommit=-1, initializing? false, entries: <empty>
2019-09-24 16:17:00,056 WARN  server.GrpcLogAppender (GrpcLogAppender.java:timeoutAppendRequest(200)) - s2@group-E77E9FD8E08A->s0-GrpcLogAppender: appendEntries Timeout, request=s2->s0#15-t3, previous=(t:3, i:0), leaderCommit=-1, initializing? false, entries: <empty>
2019-09-24 16:17:00,079 WARN  server.GrpcLogAppender (GrpcLogAppender.java:timeoutAppendRequest(200)) - s2@group-5C26748AB2B1->s0-GrpcLogAppender: appendEntries Timeout, request=s2->s0#1529-t3, previous=(t:3, i:1328), leaderCommit=1227, initializing? false, entries: <empty>
2019-09-24 16:17:00,079 WARN  server.GrpcLogAppender (GrpcLogAppender.java:timeoutAppendRequest(200)) - s2@group-5C26748AB2B1->s1-GrpcLogAppender: appendEntries Timeout, request=s2->s1#1697-t3, previous=(t:3, i:1328), leaderCommit=1227, initializing? false, entries: <empty>
2019-09-24 16:17:00,094 DEBUG client.GrpcClientProtocolService (GrpcClientProtocolService.java:<init>(175)) - new 18-OrderedRequestStreamObserver18
2019-09-24 16:17:00,095 DEBUG client.GrpcClientProtocolService (GrpcClientProtocolService.java:sendReply(353)) - 18-OrderedRequestStreamObserver18: sendReply seq=1, RaftClientReply:client-DE317CF077D2->s2@group-E77E9FD8E08A, cid=1023, FAILED org.apache.ratis.protocol.LeaderNotReadyException: s2@group-E77E9FD8E08A is in LEADER state but not ready yet., logIndex=0, commits[s2:c-1, s0:c-1, s1:c-1]
2019-09-24 16:17:00,131 WARN  server.GrpcLogAppender (GrpcLogAppender.java:timeoutAppendRequest(200)) - s2@group-E77E9FD8E08A->s0-GrpcLogAppender: appendEntries Timeout, request=s2->s0#16-t3, previous=(t:3, i:0), leaderCommit=-1, initializing? false, entries: <empty>
2019-09-24 16:17:00,131 WARN  server.GrpcLogAppender (GrpcLogAppender.java:timeoutAppendRequest(200)) - s2@group-E77E9FD8E08A->s1-GrpcLogAppender: appendEntries Timeout, request=s2->s1#16-t3, previous=(t:3, i:0), leaderCommit=-1, initializing? false, entries: <empty>
2019-09-24 16:17:00,154 WARN  server.GrpcLogAppender (GrpcLogAppender.java:timeoutAppendRequest(200)) - s2@group-5C26748AB2B1->s0-GrpcLogAppender: appendEntries Timeout, request=s2->s0#1530-t3, previous=(t:3, i:1328), leaderCommit=1227, initializing? false, entries: <empty>
2019-09-24 16:17:00,154 WARN  server.GrpcLogAppender (GrpcLogAppender.java:timeoutAppendRequest(200)) - s2@group-5C26748AB2B1->s1-GrpcLogAppender: appendEntries Timeout, request=s2->s1#1698-t3, previous=(t:3, i:1328), leaderCommit=1227, initializing? false, entries: <empty>
2019-09-24 16:17:00,197 DEBUG client.GrpcClientProtocolService (GrpcClientProtocolService.java:close(374)) - 18-OrderedRequestStreamObserver18: close
2019-09-24 16:17:00,206 WARN  server.GrpcLogAppender (GrpcLogAppender.java:timeoutAppendRequest(200)) - s2@group-E77E9FD8E08A->s0-GrpcLogAppender: appendEntries Timeout, request=s2->s0#17-t3, previous=(t:3, i:0), leaderCommit=-1, initializing? false, entries: <empty>
2019-09-24 16:17:00,206 WARN  server.GrpcLogAppender (GrpcLogAppender.java:timeoutAppendRequest(200)) - s2@group-E77E9FD8E08A->s1-GrpcLogAppender: appendEntries Timeout, request=s2->s1#17-t3, previous=(t:3, i:0), leaderCommit=-1, initializing? false, entries: <empty>
2019-09-24 16:17:00,229 WARN  server.GrpcLogAppender (GrpcLogAppender.java:timeoutAppendRequest(200)) - s2@group-5C26748AB2B1->s0-GrpcLogAppender: appendEntries Timeout, request=s2->s0#1531-t3, previous=(t:3, i:1328), leaderCommit=1227, initializing? false, entries: <empty>
2019-09-24 16:17:00,230 WARN  server.GrpcLogAppender (GrpcLogAppender.java:timeoutAppendRequest(200)) - s2@group-5C26748AB2B1->s1-GrpcLogAppender: appendEntries Timeout, request=s2->s1#1699-t3, previous=(t:3, i:1328), leaderCommit=1227, initializing? false, entries: <empty>
2019-09-24 16:17:00,281 WARN  server.GrpcLogAppender (GrpcLogAppender.java:timeoutAppendRequest(200)) - s2@group-E77E9FD8E08A->s1-GrpcLogAppender: appendEntries Timeout, request=s2->s1#18-t3, previous=(t:3, i:0), leaderCommit=-1, initializing? false, entries: <empty>
2019-09-24 16:17:00,281 WARN  server.GrpcLogAppender (GrpcLogAppender.java:timeoutAppendRequest(200)) - s2@group-E77E9FD8E08A->s0-GrpcLogAppender: appendEntries Timeout, request=s2->s0#18-t3, previous=(t:3, i:0), leaderCommit=-1, initializing? false, entries: <empty>
2019-09-24 16:17:00,302 DEBUG client.GrpcClientProtocolService (GrpcClientProtocolService.java:<init>(175)) - new 19-OrderedRequestStreamObserver19
2019-09-24 16:17:00,303 DEBUG client.GrpcClientProtocolService (GrpcClientProtocolService.java:sendReply(353)) - 19-OrderedRequestStreamObserver19: sendReply seq=1, RaftClientReply:client-DE317CF077D2->s2@group-E77E9FD8E08A, cid=1023, FAILED org.apache.ratis.protocol.LeaderNotReadyException: s2@group-E77E9FD8E08A is in LEADER state but not ready yet., logIndex=0, commits[s2:c-1, s0:c-1, s1:c-1]
2019-09-24 16:17:00,305 WARN  server.GrpcLogAppender (GrpcLogAppender.java:timeoutAppendRequest(200)) - s2@group-5C26748AB2B1->s0-GrpcLogAppender: appendEntries Timeout, request=s2->s0#1532-t3, previous=(t:3, i:1328), leaderCommit=1227, initializing? false, entries: <empty>
2019-09-24 16:17:00,305 WARN  server.GrpcLogAppender (GrpcLogAppender.java:timeoutAppendRequest(200)) - s2@group-5C26748AB2B1->s1-GrpcLogAppender: appendEntries Timeout, request=s2->s1#1700-t3, previous=(t:3, i:1328), leaderCommit=1227, initializing? false, entries: <empty>
2019-09-24 16:17:00,357 WARN  server.GrpcLogAppender (GrpcLogAppender.java:timeoutAppendRequest(200)) - s2@group-E77E9FD8E08A->s1-GrpcLogAppender: appendEntries Timeout, request=s2->s1#19-t3, previous=(t:3, i:0), leaderCommit=-1, initializing? false, entries: <empty>
2019-09-24 16:17:00,357 WARN  server.GrpcLogAppender (GrpcLogAppender.java:timeoutAppendRequest(200)) - s2@group-E77E9FD8E08A->s0-GrpcLogAppender: appendEntries Timeout, request=s2->s0#19-t3, previous=(t:3, i:0), leaderCommit=-1, initializing? false, entries: <empty>
2019-09-24 16:17:00,380 WARN  server.GrpcLogAppender (GrpcLogAppender.java:timeoutAppendRequest(200)) - s2@group-5C26748AB2B1->s0-GrpcLogAppender: appendEntries Timeout, request=s2->s0#1533-t3, previous=(t:3, i:1328), leaderCommit=1227, initializing? false, entries: <empty>
2019-09-24 16:17:00,380 WARN  server.GrpcLogAppender (GrpcLogAppender.java:timeoutAppendRequest(200)) - s2@group-5C26748AB2B1->s1-GrpcLogAppender: appendEntries Timeout, request=s2->s1#1701-t3, previous=(t:3, i:1328), leaderCommit=1227, initializing? false, entries: <empty>
2019-09-24 16:17:00,405 DEBUG client.GrpcClientProtocolService (GrpcClientProtocolService.java:close(374)) - 19-OrderedRequestStreamObserver19: close
2019-09-24 16:17:00,433 WARN  server.GrpcLogAppender (GrpcLogAppender.java:timeoutAppendRequest(200)) - s2@group-E77E9FD8E08A->s0-GrpcLogAppender: appendEntries Timeout, request=s2->s0#20-t3, previous=(t:3, i:0), leaderCommit=-1, initializing? false, entries: <empty>
2019-09-24 16:17:00,433 WARN  server.GrpcLogAppender (GrpcLogAppender.java:timeoutAppendRequest(200)) - s2@group-E77E9FD8E08A->s1-GrpcLogAppender: appendEntries Timeout, request=s2->s1#20-t3, previous=(t:3, i:0), leaderCommit=-1, initializing? false, entries: <empty>
2019-09-24 16:17:00,455 WARN  server.GrpcLogAppender (GrpcLogAppender.java:timeoutAppendRequest(200)) - s2@group-5C26748AB2B1->s0-GrpcLogAppender: appendEntries Timeout, request=s2->s0#1534-t3, previous=(t:3, i:1328), leaderCommit=1227, initializing? false, entries: <empty>
2019-09-24 16:17:00,455 WARN  server.GrpcLogAppender (GrpcLogAppender.java:timeoutAppendRequest(200)) - s2@group-5C26748AB2B1->s1-GrpcLogAppender: appendEntries Timeout, request=s2->s1#1702-t3, previous=(t:3, i:1328), leaderCommit=1227, initializing? false, entries: <empty>
2019-09-24 16:17:00,508 WARN  server.GrpcLogAppender (GrpcLogAppender.java:timeoutAppendRequest(200)) - s2@group-E77E9FD8E08A->s0-GrpcLogAppender: appendEntries Timeout, request=s2->s0#21-t3, previous=(t:3, i:0), leaderCommit=-1, initializing? false, entries: <empty>
2019-09-24 16:17:00,508 WARN  server.GrpcLogAppender (GrpcLogAppender.java:timeoutAppendRequest(200)) - s2@group-E77E9FD8E08A->s1-GrpcLogAppender: appendEntries Timeout, request=s2->s1#21-t3, previous=(t:3, i:0), leaderCommit=-1, initializing? false, entries: <empty>
2019-09-24 16:17:00,511 DEBUG client.GrpcClientProtocolService (GrpcClientProtocolService.java:<init>(175)) - new 20-OrderedRequestStreamObserver20
2019-09-24 16:17:00,512 DEBUG client.GrpcClientProtocolService (GrpcClientProtocolService.java:sendReply(353)) - 20-OrderedRequestStreamObserver20: sendReply seq=1, RaftClientReply:client-DE317CF077D2->s2@group-E77E9FD8E08A, cid=1023, FAILED org.apache.ratis.protocol.LeaderNotReadyException: s2@group-E77E9FD8E08A is in LEADER state but not ready yet., logIndex=0, commits[s2:c-1, s0:c-1, s1:c-1]
2019-09-24 16:17:00,530 WARN  server.GrpcLogAppender (GrpcLogAppender.java:timeoutAppendRequest(200)) - s2@group-5C26748AB2B1->s0-GrpcLogAppender: appendEntries Timeout, request=s2->s0#1535-t3, previous=(t:3, i:1328), leaderCommit=1227, initializing? false, entries: <empty>
2019-09-24 16:17:00,530 WARN  server.GrpcLogAppender (GrpcLogAppender.java:timeoutAppendRequest(200)) - s2@group-5C26748AB2B1->s1-GrpcLogAppender: appendEntries Timeout, request=s2->s1#1703-t3, previous=(t:3, i:1328), leaderCommit=1227, initializing? false, entries: <empty>
2019-09-24 16:17:00,583 WARN  server.GrpcLogAppender (GrpcLogAppender.java:timeoutAppendRequest(200)) - s2@group-E77E9FD8E08A->s0-GrpcLogAppender: appendEntries Timeout, request=s2->s0#22-t3, previous=(t:3, i:0), leaderCommit=-1, initializing? false, entries: <empty>
2019-09-24 16:17:00,583 WARN  server.GrpcLogAppender (GrpcLogAppender.java:timeoutAppendRequest(200)) - s2@group-E77E9FD8E08A->s1-GrpcLogAppender: appendEntries Timeout, request=s2->s1#22-t3, previous=(t:3, i:0), leaderCommit=-1, initializing? false, entries: <empty>
2019-09-24 16:17:00,605 WARN  server.GrpcLogAppender (GrpcLogAppender.java:timeoutAppendRequest(200)) - s2@group-5C26748AB2B1->s0-GrpcLogAppender: appendEntries Timeout, request=s2->s0#1536-t3, previous=(t:3, i:1328), leaderCommit=1227, initializing? false, entries: <empty>
2019-09-24 16:17:00,606 WARN  server.GrpcLogAppender (GrpcLogAppender.java:timeoutAppendRequest(200)) - s2@group-5C26748AB2B1->s1-GrpcLogAppender: appendEntries Timeout, request=s2->s1#1704-t3, previous=(t:3, i:1328), leaderCommit=1227, initializing? false, entries: <empty>
2019-09-24 16:17:00,614 DEBUG client.GrpcClientProtocolService (GrpcClientProtocolService.java:close(374)) - 20-OrderedRequestStreamObserver20: close
2019-09-24 16:17:00,658 WARN  server.GrpcLogAppender (GrpcLogAppender.java:timeoutAppendRequest(200)) - s2@group-E77E9FD8E08A->s0-GrpcLogAppender: appendEntries Timeout, request=s2->s0#23-t3, previous=(t:3, i:0), leaderCommit=-1, initializing? false, entries: <empty>
2019-09-24 16:17:00,658 WARN  server.GrpcLogAppender (GrpcLogAppender.java:timeoutAppendRequest(200)) - s2@group-E77E9FD8E08A->s1-GrpcLogAppender: appendEntries Timeout, request=s2->s1#23-t3, previous=(t:3, i:0), leaderCommit=-1, initializing? false, entries: <empty>
2019-09-24 16:17:00,681 WARN  server.GrpcLogAppender (GrpcLogAppender.java:timeoutAppendRequest(200)) - s2@group-5C26748AB2B1->s0-GrpcLogAppender: appendEntries Timeout, request=s2->s0#1537-t3, previous=(t:3, i:1328), leaderCommit=1227, initializing? false, entries: <empty>
2019-09-24 16:17:00,681 WARN  server.GrpcLogAppender (GrpcLogAppender.java:timeoutAppendRequest(200)) - s2@group-5C26748AB2B1->s1-GrpcLogAppender: appendEntries Timeout, request=s2->s1#1705-t3, previous=(t:3, i:1328), leaderCommit=1227, initializing? false, entries: <empty>
2019-09-24 16:17:00,720 DEBUG client.GrpcClientProtocolService (GrpcClientProtocolService.java:<init>(175)) - new 21-OrderedRequestStreamObserver21
2019-09-24 16:17:00,721 DEBUG client.GrpcClientProtocolService (GrpcClientProtocolService.java:sendReply(353)) - 21-OrderedRequestStreamObserver21: sendReply seq=1, RaftClientReply:client-DE317CF077D2->s2@group-E77E9FD8E08A, cid=1023, FAILED org.apache.ratis.protocol.LeaderNotReadyException: s2@group-E77E9FD8E08A is in LEADER state but not ready yet., logIndex=0, commits[s2:c-1, s0:c-1, s1:c-1]
2019-09-24 16:17:00,734 WARN  server.GrpcLogAppender (GrpcLogAppender.java:timeoutAppendRequest(200)) - s2@group-E77E9FD8E08A->s1-GrpcLogAppender: appendEntries Timeout, request=s2->s1#24-t3, previous=(t:3, i:0), leaderCommit=-1, initializing? false, entries: <empty>
2019-09-24 16:17:00,734 WARN  server.GrpcLogAppender (GrpcLogAppender.java:timeoutAppendRequest(200)) - s2@group-E77E9FD8E08A->s0-GrpcLogAppender: appendEntries Timeout, request=s2->s0#24-t3, previous=(t:3, i:0), leaderCommit=-1, initializing? false, entries: <empty>
2019-09-24 16:17:00,756 WARN  server.GrpcLogAppender (GrpcLogAppender.java:timeoutAppendRequest(200)) - s2@group-5C26748AB2B1->s0-GrpcLogAppender: appendEntries Timeout, request=s2->s0#1538-t3, previous=(t:3, i:1328), leaderCommit=1227, initializing? false, entries: <empty>
2019-09-24 16:17:00,756 WARN  server.GrpcLogAppender (GrpcLogAppender.java:timeoutAppendRequest(200)) - s2@group-5C26748AB2B1->s1-GrpcLogAppender: appendEntries Timeout, request=s2->s1#1706-t3, previous=(t:3, i:1328), leaderCommit=1227, initializing? false, entries: <empty>
2019-09-24 16:17:00,809 WARN  server.GrpcLogAppender (GrpcLogAppender.java:timeoutAppendRequest(200)) - s2@group-E77E9FD8E08A->s0-GrpcLogAppender: appendEntries Timeout, request=s2->s0#25-t3, previous=(t:3, i:0), leaderCommit=-1, initializing? false, entries: <empty>
2019-09-24 16:17:00,809 WARN  server.GrpcLogAppender (GrpcLogAppender.java:timeoutAppendRequest(200)) - s2@group-E77E9FD8E08A->s1-GrpcLogAppender: appendEntries Timeout, request=s2->s1#25-t3, previous=(t:3, i:0), leaderCommit=-1, initializing? false, entries: <empty>
2019-09-24 16:17:00,827 DEBUG client.GrpcClientProtocolService (GrpcClientProtocolService.java:close(374)) - 21-OrderedRequestStreamObserver21: close
2019-09-24 16:17:00,831 WARN  server.GrpcLogAppender (GrpcLogAppender.java:timeoutAppendRequest(200)) - s2@group-5C26748AB2B1->s0-GrpcLogAppender: appendEntries Timeout, request=s2->s0#1539-t3, previous=(t:3, i:1328), leaderCommit=1227, initializing? false, entries: <empty>
2019-09-24 16:17:00,831 WARN  server.GrpcLogAppender (GrpcLogAppender.java:timeoutAppendRequest(200)) - s2@group-5C26748AB2B1->s1-GrpcLogAppender: appendEntries Timeout, request=s2->s1#1707-t3, previous=(t:3, i:1328), leaderCommit=1227, initializing? false, entries: <empty>
2019-09-24 16:17:00,884 WARN  server.GrpcLogAppender (GrpcLogAppender.java:timeoutAppendRequest(200)) - s2@group-E77E9FD8E08A->s0-GrpcLogAppender: appendEntries Timeout, request=s2->s0#26-t3, previous=(t:3, i:0), leaderCommit=-1, initializing? false, entries: <empty>
2019-09-24 16:17:00,884 WARN  server.GrpcLogAppender (GrpcLogAppender.java:timeoutAppendRequest(200)) - s2@group-E77E9FD8E08A->s1-GrpcLogAppender: appendEntries Timeout, request=s2->s1#26-t3, previous=(t:3, i:0), leaderCommit=-1, initializing? false, entries: <empty>
2019-09-24 16:17:00,937 DEBUG client.GrpcClientProtocolService (GrpcClientProtocolService.java:<init>(175)) - new 22-OrderedRequestStreamObserver22
2019-09-24 16:17:00,938 DEBUG client.GrpcClientProtocolService (GrpcClientProtocolService.java:sendReply(353)) - 22-OrderedRequestStreamObserver22: sendReply seq=1, RaftClientReply:client-DE317CF077D2->s2@group-E77E9FD8E08A, cid=1023, FAILED org.apache.ratis.protocol.LeaderNotReadyException: s2@group-E77E9FD8E08A is in LEADER state but not ready yet., logIndex=0, commits[s2:c-1, s0:c-1, s1:c-1]
2019-09-24 16:17:00,959 WARN  server.GrpcLogAppender (GrpcLogAppender.java:timeoutAppendRequest(200)) - s2@group-E77E9FD8E08A->s0-GrpcLogAppender: appendEntries Timeout, request=s2->s0#27-t3, previous=(t:3, i:0), leaderCommit=-1, initializing? false, entries: <empty>
2019-09-24 16:17:00,959 WARN  server.GrpcLogAppender (GrpcLogAppender.java:timeoutAppendRequest(200)) - s2@group-E77E9FD8E08A->s1-GrpcLogAppender: appendEntries Timeout, request=s2->s1#27-t3, previous=(t:3, i:0), leaderCommit=-1, initializing? false, entries: <empty>
2019-09-24 16:17:01,034 WARN  server.GrpcLogAppender (GrpcLogAppender.java:timeoutAppendRequest(200)) - s2@group-E77E9FD8E08A->s0-GrpcLogAppender: appendEntries Timeout, request=s2->s0#28-t3, previous=(t:3, i:0), leaderCommit=-1, initializing? false, entries: <empty>
2019-09-24 16:17:01,034 WARN  server.GrpcLogAppender (GrpcLogAppender.java:timeoutAppendRequest(200)) - s2@group-E77E9FD8E08A->s1-GrpcLogAppender: appendEntries Timeout, request=s2->s1#28-t3, previous=(t:3, i:0), leaderCommit=-1, initializing? false, entries: <empty>
2019-09-24 16:17:01,040 DEBUG client.GrpcClientProtocolService (GrpcClientProtocolService.java:close(374)) - 22-OrderedRequestStreamObserver22: close
2019-09-24 16:17:01,106 WARN  server.GrpcLogAppender (GrpcLogAppender.java:onNextImpl(251)) - s2@group-5C26748AB2B1->s0-AppendLogResponseHandler: Request not found, ignoring reply: s2<-s0#1412:OK,SUCCESS,nextIndex:1229,term:3,followerCommit:1227
2019-09-24 16:17:01,107 WARN  server.GrpcLogAppender (GrpcLogAppender.java:onNextImpl(251)) - s2@group-5C26748AB2B1->s1-AppendLogResponseHandler: Request not found, ignoring reply: s2<-s1#1580:OK,SUCCESS,nextIndex:1229,term:3,followerCommit:1227
2019-09-24 16:17:01,110 WARN  server.GrpcLogAppender (GrpcLogAppender.java:timeoutAppendRequest(200)) - s2@group-E77E9FD8E08A->s1-GrpcLogAppender: appendEntries Timeout, request=s2->s1#29-t3, previous=(t:3, i:0), leaderCommit=-1, initializing? false, entries: <empty>
2019-09-24 16:17:01,110 WARN  server.GrpcLogAppender (GrpcLogAppender.java:timeoutAppendRequest(200)) - s2@group-E77E9FD8E08A->s0-GrpcLogAppender: appendEntries Timeout, request=s2->s0#29-t3, previous=(t:3, i:0), leaderCommit=-1, initializing? false, entries: <empty>
2019-09-24 16:17:01,147 DEBUG client.GrpcClientProtocolService (GrpcClientProtocolService.java:<init>(175)) - new 23-OrderedRequestStreamObserver23
2019-09-24 16:17:01,148 DEBUG client.GrpcClientProtocolService (GrpcClientProtocolService.java:sendReply(353)) - 23-OrderedRequestStreamObserver23: sendReply seq=1, RaftClientReply:client-DE317CF077D2->s2@group-E77E9FD8E08A, cid=1023, FAILED org.apache.ratis.protocol.LeaderNotReadyException: s2@group-E77E9FD8E08A is in LEADER state but not ready yet., logIndex=0, commits[s2:c-1, s0:c-1, s1:c-1]
2019-09-24 16:17:01,185 WARN  server.GrpcLogAppender (GrpcLogAppender.java:timeoutAppendRequest(200)) - s2@group-E77E9FD8E08A->s1-GrpcLogAppender: appendEntries Timeout, request=s2->s1#30-t3, previous=(t:3, i:0), leaderCommit=-1, initializing? false, entries: <empty>
2019-09-24 16:17:01,185 WARN  server.GrpcLogAppender (GrpcLogAppender.java:timeoutAppendRequest(200)) - s2@group-E77E9FD8E08A->s0-GrpcLogAppender: appendEntries Timeout, request=s2->s0#30-t3, previous=(t:3, i:0), leaderCommit=-1, initializing? false, entries: <empty>
2019-09-24 16:17:01,253 DEBUG client.GrpcClientProtocolService (GrpcClientProtocolService.java:close(374)) - 23-OrderedRequestStreamObserver23: close
2019-09-24 16:17:01,260 WARN  server.GrpcLogAppender (GrpcLogAppender.java:timeoutAppendRequest(200)) - s2@group-E77E9FD8E08A->s1-GrpcLogAppender: appendEntries Timeout, request=s2->s1#31-t3, previous=(t:3, i:0), leaderCommit=-1, initializing? false, entries: <empty>
2019-09-24 16:17:01,260 WARN  server.GrpcLogAppender (GrpcLogAppender.java:timeoutAppendRequest(200)) - s2@group-E77E9FD8E08A->s0-GrpcLogAppender: appendEntries Timeout, request=s2->s0#31-t3, previous=(t:3, i:0), leaderCommit=-1, initializing? false, entries: <empty>
2019-09-24 16:17:01,335 WARN  server.GrpcLogAppender (GrpcLogAppender.java:timeoutAppendRequest(200)) - s2@group-E77E9FD8E08A->s1-GrpcLogAppender: appendEntries Timeout, request=s2->s1#32-t3, previous=(t:3, i:0), leaderCommit=-1, initializing? false, entries: <empty>
2019-09-24 16:17:01,335 WARN  server.GrpcLogAppender (GrpcLogAppender.java:timeoutAppendRequest(200)) - s2@group-E77E9FD8E08A->s0-GrpcLogAppender: appendEntries Timeout, request=s2->s0#32-t3, previous=(t:3, i:0), leaderCommit=-1, initializing? false, entries: <empty>
2019-09-24 16:17:01,365 DEBUG client.GrpcClientProtocolService (GrpcClientProtocolService.java:<init>(175)) - new 24-OrderedRequestStreamObserver24
2019-09-24 16:17:01,367 DEBUG client.GrpcClientProtocolService (GrpcClientProtocolService.java:sendReply(353)) - 24-OrderedRequestStreamObserver24: sendReply seq=1, RaftClientReply:client-DE317CF077D2->s2@group-E77E9FD8E08A, cid=1023, FAILED org.apache.ratis.protocol.LeaderNotReadyException: s2@group-E77E9FD8E08A is in LEADER state but not ready yet., logIndex=0, commits[s2:c-1, s0:c-1, s1:c-1]
2019-09-24 16:17:01,410 WARN  server.GrpcLogAppender (GrpcLogAppender.java:timeoutAppendRequest(200)) - s2@group-E77E9FD8E08A->s1-GrpcLogAppender: appendEntries Timeout, request=s2->s1#33-t3, previous=(t:3, i:0), leaderCommit=-1, initializing? false, entries: <empty>
2019-09-24 16:17:01,411 WARN  server.GrpcLogAppender (GrpcLogAppender.java:timeoutAppendRequest(200)) - s2@group-E77E9FD8E08A->s0-GrpcLogAppender: appendEntries Timeout, request=s2->s0#33-t3, previous=(t:3, i:0), leaderCommit=-1, initializing? false, entries: <empty>
2019-09-24 16:17:01,470 DEBUG client.GrpcClientProtocolService (GrpcClientProtocolService.java:close(374)) - 24-OrderedRequestStreamObserver24: close
2019-09-24 16:17:01,486 WARN  server.GrpcLogAppender (GrpcLogAppender.java:timeoutAppendRequest(200)) - s2@group-E77E9FD8E08A->s1-GrpcLogAppender: appendEntries Timeout, request=s2->s1#34-t3, previous=(t:3, i:0), leaderCommit=-1, initializing? false, entries: <empty>
2019-09-24 16:17:01,486 WARN  server.GrpcLogAppender (GrpcLogAppender.java:timeoutAppendRequest(200)) - s2@group-E77E9FD8E08A->s0-GrpcLogAppender: appendEntries Timeout, request=s2->s0#34-t3, previous=(t:3, i:0), leaderCommit=-1, initializing? false, entries: <empty>
2019-09-24 16:17:01,561 WARN  server.GrpcLogAppender (GrpcLogAppender.java:timeoutAppendRequest(200)) - s2@group-E77E9FD8E08A->s1-GrpcLogAppender: appendEntries Timeout, request=s2->s1#35-t3, previous=(t:3, i:0), leaderCommit=-1, initializing? false, entries: <empty>
2019-09-24 16:17:01,561 WARN  server.GrpcLogAppender (GrpcLogAppender.java:timeoutAppendRequest(200)) - s2@group-E77E9FD8E08A->s0-GrpcLogAppender: appendEntries Timeout, request=s2->s0#35-t3, previous=(t:3, i:0), leaderCommit=-1, initializing? false, entries: <empty>
2019-09-24 16:17:01,575 DEBUG client.GrpcClientProtocolService (GrpcClientProtocolService.java:<init>(175)) - new 25-OrderedRequestStreamObserver25
2019-09-24 16:17:01,576 DEBUG client.GrpcClientProtocolService (GrpcClientProtocolService.java:sendReply(353)) - 25-OrderedRequestStreamObserver25: sendReply seq=1, RaftClientReply:client-DE317CF077D2->s2@group-E77E9FD8E08A, cid=1023, FAILED org.apache.ratis.protocol.LeaderNotReadyException: s2@group-E77E9FD8E08A is in LEADER state but not ready yet., logIndex=0, commits[s2:c-1, s0:c-1, s1:c-1]
2019-09-24 16:17:01,636 WARN  server.GrpcLogAppender (GrpcLogAppender.java:timeoutAppendRequest(200)) - s2@group-E77E9FD8E08A->s1-GrpcLogAppender: appendEntries Timeout, request=s2->s1#36-t3, previous=(t:3, i:0), leaderCommit=-1, initializing? false, entries: <empty>
2019-09-24 16:17:01,636 WARN  server.GrpcLogAppender (GrpcLogAppender.java:timeoutAppendRequest(200)) - s2@group-E77E9FD8E08A->s0-GrpcLogAppender: appendEntries Timeout, request=s2->s0#36-t3, previous=(t:3, i:0), leaderCommit=-1, initializing? false, entries: <empty>
2019-09-24 16:17:01,678 DEBUG client.GrpcClientProtocolService (GrpcClientProtocolService.java:close(374)) - 25-OrderedRequestStreamObserver25: close
2019-09-24 16:17:01,711 WARN  server.GrpcLogAppender (GrpcLogAppender.java:timeoutAppendRequest(200)) - s2@group-E77E9FD8E08A->s1-GrpcLogAppender: appendEntries Timeout, request=s2->s1#37-t3, previous=(t:3, i:0), leaderCommit=-1, initializing? false, entries: <empty>
2019-09-24 16:17:01,711 WARN  server.GrpcLogAppender (GrpcLogAppender.java:timeoutAppendRequest(200)) - s2@group-E77E9FD8E08A->s0-GrpcLogAppender: appendEntries Timeout, request=s2->s0#37-t3, previous=(t:3, i:0), leaderCommit=-1, initializing? false, entries: <empty>
2019-09-24 16:17:01,733 WARN  server.GrpcLogAppender (GrpcLogAppender.java:timeoutAppendRequest(200)) - s2@group-5C26748AB2B1->s0-GrpcLogAppender: appendEntries Timeout, request=s2->s0#1540-t3, previous=(t:3, i:1328), leaderCommit=1227, initializing? false, entries: <empty>
2019-09-24 16:17:01,733 WARN  server.GrpcLogAppender (GrpcLogAppender.java:timeoutAppendRequest(200)) - s2@group-5C26748AB2B1->s1-GrpcLogAppender: appendEntries Timeout, request=s2->s1#1708-t3, previous=(t:3, i:1328), leaderCommit=1227, initializing? false, entries: <empty>
2019-09-24 16:17:01,784 DEBUG client.GrpcClientProtocolService (GrpcClientProtocolService.java:<init>(175)) - new 26-OrderedRequestStreamObserver26
2019-09-24 16:17:01,786 DEBUG client.GrpcClientProtocolService (GrpcClientProtocolService.java:sendReply(353)) - 26-OrderedRequestStreamObserver26: sendReply seq=1, RaftClientReply:client-DE317CF077D2->s2@group-E77E9FD8E08A, cid=1023, FAILED org.apache.ratis.protocol.LeaderNotReadyException: s2@group-E77E9FD8E08A is in LEADER state but not ready yet., logIndex=0, commits[s2:c-1, s0:c-1, s1:c-1]
2019-09-24 16:17:01,786 WARN  server.GrpcLogAppender (GrpcLogAppender.java:timeoutAppendRequest(200)) - s2@group-E77E9FD8E08A->s1-GrpcLogAppender: appendEntries Timeout, request=s2->s1#38-t3, previous=(t:3, i:0), leaderCommit=-1, initializing? false, entries: <empty>
2019-09-24 16:17:01,787 WARN  server.GrpcLogAppender (GrpcLogAppender.java:timeoutAppendRequest(200)) - s2@group-E77E9FD8E08A->s0-GrpcLogAppender: appendEntries Timeout, request=s2->s0#38-t3, previous=(t:3, i:0), leaderCommit=-1, initializing? false, entries: <empty>
2019-09-24 16:17:01,808 WARN  server.GrpcLogAppender (GrpcLogAppender.java:timeoutAppendRequest(200)) - s2@group-5C26748AB2B1->s0-GrpcLogAppender: appendEntries Timeout, request=s2->s0#1541-t3, previous=(t:3, i:1328), leaderCommit=1227, initializing? false, entries: <empty>
2019-09-24 16:17:01,808 WARN  server.GrpcLogAppender (GrpcLogAppender.java:timeoutAppendRequest(200)) - s2@group-5C26748AB2B1->s1-GrpcLogAppender: appendEntries Timeout, request=s2->s1#1709-t3, previous=(t:3, i:1328), leaderCommit=1227, initializing? false, entries: <empty>
2019-09-24 16:17:01,862 WARN  server.GrpcLogAppender (GrpcLogAppender.java:timeoutAppendRequest(200)) - s2@group-E77E9FD8E08A->s1-GrpcLogAppender: appendEntries Timeout, request=s2->s1#39-t3, previous=(t:3, i:0), leaderCommit=-1, initializing? false, entries: <empty>
2019-09-24 16:17:01,862 WARN  server.GrpcLogAppender (GrpcLogAppender.java:timeoutAppendRequest(200)) - s2@group-E77E9FD8E08A->s0-GrpcLogAppender: appendEntries Timeout, request=s2->s0#39-t3, previous=(t:3, i:0), leaderCommit=-1, initializing? false, entries: <empty>
2019-09-24 16:17:01,883 WARN  server.GrpcLogAppender (GrpcLogAppender.java:timeoutAppendRequest(200)) - s2@group-5C26748AB2B1->s0-GrpcLogAppender: appendEntries Timeout, request=s2->s0#1542-t3, previous=(t:3, i:1328), leaderCommit=1227, initializing? false, entries: <empty>
2019-09-24 16:17:01,883 WARN  server.GrpcLogAppender (GrpcLogAppender.java:timeoutAppendRequest(200)) - s2@group-5C26748AB2B1->s1-GrpcLogAppender: appendEntries Timeout, request=s2->s1#1710-t3, previous=(t:3, i:1328), leaderCommit=1227, initializing? false, entries: <empty>
2019-09-24 16:17:01,888 DEBUG client.GrpcClientProtocolService (GrpcClientProtocolService.java:close(374)) - 26-OrderedRequestStreamObserver26: close
2019-09-24 16:17:01,937 WARN  server.GrpcLogAppender (GrpcLogAppender.java:timeoutAppendRequest(200)) - s2@group-E77E9FD8E08A->s1-GrpcLogAppender: appendEntries Timeout, request=s2->s1#40-t3, previous=(t:3, i:0), leaderCommit=-1, initializing? false, entries: <empty>
2019-09-24 16:17:01,937 WARN  server.GrpcLogAppender (GrpcLogAppender.java:timeoutAppendRequest(200)) - s2@group-E77E9FD8E08A->s0-GrpcLogAppender: appendEntries Timeout, request=s2->s0#40-t3, previous=(t:3, i:0), leaderCommit=-1, initializing? false, entries: <empty>
2019-09-24 16:17:01,958 WARN  server.GrpcLogAppender (GrpcLogAppender.java:timeoutAppendRequest(200)) - s2@group-5C26748AB2B1->s0-GrpcLogAppender: appendEntries Timeout, request=s2->s0#1543-t3, previous=(t:3, i:1328), leaderCommit=1227, initializing? false, entries: <empty>
2019-09-24 16:17:01,958 WARN  server.GrpcLogAppender (GrpcLogAppender.java:timeoutAppendRequest(200)) - s2@group-5C26748AB2B1->s1-GrpcLogAppender: appendEntries Timeout, request=s2->s1#1711-t3, previous=(t:3, i:1328), leaderCommit=1227, initializing? false, entries: <empty>
2019-09-24 16:17:01,994 DEBUG client.GrpcClientProtocolService (GrpcClientProtocolService.java:<init>(175)) - new 27-OrderedRequestStreamObserver27
2019-09-24 16:17:01,995 DEBUG client.GrpcClientProtocolService (GrpcClientProtocolService.java:sendReply(353)) - 27-OrderedRequestStreamObserver27: sendReply seq=1, RaftClientReply:client-DE317CF077D2->s2@group-E77E9FD8E08A, cid=1023, FAILED org.apache.ratis.protocol.LeaderNotReadyException: s2@group-E77E9FD8E08A is in LEADER state but not ready yet., logIndex=0, commits[s2:c-1, s0:c-1, s1:c-1]
2019-09-24 16:17:02,012 WARN  server.GrpcLogAppender (GrpcLogAppender.java:timeoutAppendRequest(200)) - s2@group-E77E9FD8E08A->s1-GrpcLogAppender: appendEntries Timeout, request=s2->s1#41-t3, previous=(t:3, i:0), leaderCommit=-1, initializing? false, entries: <empty>
2019-09-24 16:17:02,012 WARN  server.GrpcLogAppender (GrpcLogAppender.java:timeoutAppendRequest(200)) - s2@group-E77E9FD8E08A->s0-GrpcLogAppender: appendEntries Timeout, request=s2->s0#41-t3, previous=(t:3, i:0), leaderCommit=-1, initializing? false, entries: <empty>
2019-09-24 16:17:02,033 WARN  server.GrpcLogAppender (GrpcLogAppender.java:timeoutAppendRequest(200)) - s2@group-5C26748AB2B1->s0-GrpcLogAppender: appendEntries Timeout, request=s2->s0#1544-t3, previous=(t:3, i:1328), leaderCommit=1227, initializing? false, entries: <empty>
2019-09-24 16:17:02,034 WARN  server.GrpcLogAppender (GrpcLogAppender.java:timeoutAppendRequest(200)) - s2@group-5C26748AB2B1->s1-GrpcLogAppender: appendEntries Timeout, request=s2->s1#1712-t3, previous=(t:3, i:1328), leaderCommit=1227, initializing? false, entries: <empty>
2019-09-24 16:17:02,045 DEBUG client.GrpcClientProtocolService (GrpcClientProtocolService.java:responseError(257)) - 26-OrderedRequestStreamObserver26: Failed onNext for client-EDB41257C35F->s2#923-924* in 26-OrderedRequestStreamObserver26
java.lang.IllegalStateException: Entry already exists for key 924 in map SlidingWindow$Server:26-OrderedRequestStreamObserver26:requests
	at org.apache.ratis.util.Preconditions.assertTrue(Preconditions.java:75)
	at org.apache.ratis.util.CollectionUtils.putNew(CollectionUtils.java:94)
	at org.apache.ratis.util.SlidingWindow$RequestMap.putNewRequest(SlidingWindow.java:126)
	at org.apache.ratis.util.SlidingWindow$Server.receivedRequest(SlidingWindow.java:420)
	at org.apache.ratis.grpc.client.GrpcClientProtocolService$OrderedRequestStreamObserver.processClientRequest(GrpcClientProtocolService.java:345)
	at org.apache.ratis.grpc.client.GrpcClientProtocolService$RequestStreamObserver.onNext(GrpcClientProtocolService.java:240)
	at org.apache.ratis.grpc.client.GrpcClientProtocolService$RequestStreamObserver.onNext(GrpcClientProtocolService.java:168)
	at org.apache.ratis.thirdparty.io.grpc.stub.ServerCalls$StreamingServerCallHandler$StreamingServerCallListener.onMessage(ServerCalls.java:248)
	at org.apache.ratis.thirdparty.io.grpc.internal.ServerCallImpl$ServerStreamListenerImpl.messagesAvailable(ServerCallImpl.java:263)
	at org.apache.ratis.thirdparty.io.grpc.internal.ServerImpl$JumpToApplicationThreadServerStreamListener$1MessagesAvailable.runInContext(ServerImpl.java:686)
	at org.apache.ratis.thirdparty.io.grpc.internal.ContextRunnable.run(ContextRunnable.java:37)
	at org.apache.ratis.thirdparty.io.grpc.internal.SerializingExecutor.run(SerializingExecutor.java:123)
	at java.util.concurrent.ThreadPoolExecutor.runWorker(ThreadPoolExecutor.java:1149)
	at java.util.concurrent.ThreadPoolExecutor$Worker.run(ThreadPoolExecutor.java:624)
	at java.lang.Thread.run(Thread.java:748)
2019-09-24 16:17:02,087 WARN  server.GrpcLogAppender (GrpcLogAppender.java:timeoutAppendRequest(200)) - s2@group-E77E9FD8E08A->s1-GrpcLogAppender: appendEntries Timeout, request=s2->s1#42-t3, previous=(t:3, i:0), leaderCommit=-1, initializing? false, entries: <empty>
2019-09-24 16:17:02,088 WARN  server.GrpcLogAppender (GrpcLogAppender.java:timeoutAppendRequest(200)) - s2@group-E77E9FD8E08A->s0-GrpcLogAppender: appendEntries Timeout, request=s2->s0#42-t3, previous=(t:3, i:0), leaderCommit=-1, initializing? false, entries: <empty>
2019-09-24 16:17:02,099 DEBUG client.GrpcClientProtocolService (GrpcClientProtocolService.java:close(374)) - 27-OrderedRequestStreamObserver27: close
2019-09-24 16:17:02,109 WARN  server.GrpcLogAppender (GrpcLogAppender.java:timeoutAppendRequest(200)) - s2@group-5C26748AB2B1->s0-GrpcLogAppender: appendEntries Timeout, request=s2->s0#1545-t3, previous=(t:3, i:1328), leaderCommit=1227, initializing? false, entries: <empty>
2019-09-24 16:17:02,109 WARN  server.GrpcLogAppender (GrpcLogAppender.java:timeoutAppendRequest(200)) - s2@group-5C26748AB2B1->s1-GrpcLogAppender: appendEntries Timeout, request=s2->s1#1713-t3, previous=(t:3, i:1328), leaderCommit=1227, initializing? false, entries: <empty>
2019-09-24 16:17:02,156 DEBUG client.GrpcClientProtocolService (GrpcClientProtocolService.java:<init>(175)) - new 5-OrderedRequestStreamObserver5
2019-09-24 16:17:02,157 DEBUG client.GrpcClientProtocolService (GrpcClientProtocolService.java:sendReply(353)) - 5-OrderedRequestStreamObserver5: sendReply seq=924, RaftClientReply:client-EDB41257C35F->s0@group-5C26748AB2B1, cid=923, FAILED org.apache.ratis.protocol.NotLeaderException: Server s0@group-5C26748AB2B1 is not the leader s2:0.0.0.0:34862, logIndex=0, commits[s0:c1227, s1:c1121, s2:c1227]
2019-09-24 16:17:02,160 DEBUG client.GrpcClientProtocolService (GrpcClientProtocolService.java:close(374)) - 5-OrderedRequestStreamObserver5: close
2019-09-24 16:17:02,162 WARN  server.GrpcLogAppender (GrpcLogAppender.java:timeoutAppendRequest(200)) - s2@group-E77E9FD8E08A->s1-GrpcLogAppender: appendEntries Timeout, request=s2->s1#43-t3, previous=(t:3, i:0), leaderCommit=-1, initializing? false, entries: <empty>
2019-09-24 16:17:02,163 WARN  server.GrpcLogAppender (GrpcLogAppender.java:timeoutAppendRequest(200)) - s2@group-E77E9FD8E08A->s0-GrpcLogAppender: appendEntries Timeout, request=s2->s0#43-t3, previous=(t:3, i:0), leaderCommit=-1, initializing? false, entries: <empty>
2019-09-24 16:17:02,165 DEBUG client.GrpcClientProtocolService (GrpcClientProtocolService.java:<init>(175)) - new 27-OrderedRequestStreamObserver27
2019-09-24 16:17:02,184 WARN  server.GrpcLogAppender (GrpcLogAppender.java:timeoutAppendRequest(200)) - s2@group-5C26748AB2B1->s0-GrpcLogAppender: appendEntries Timeout, request=s2->s0#1546-t3, previous=(t:3, i:1328), leaderCommit=1227, initializing? false, entries: <empty>
2019-09-24 16:17:02,184 WARN  server.GrpcLogAppender (GrpcLogAppender.java:timeoutAppendRequest(200)) - s2@group-5C26748AB2B1->s1-GrpcLogAppender: appendEntries Timeout, request=s2->s1#1714-t3, previous=(t:3, i:1328), leaderCommit=1227, initializing? false, entries: <empty>
2019-09-24 16:17:02,203 DEBUG client.GrpcClientProtocolService (GrpcClientProtocolService.java:<init>(175)) - new 28-OrderedRequestStreamObserver28
2019-09-24 16:17:02,204 DEBUG client.GrpcClientProtocolService (GrpcClientProtocolService.java:sendReply(353)) - 28-OrderedRequestStreamObserver28: sendReply seq=1, RaftClientReply:client-DE317CF077D2->s2@group-E77E9FD8E08A, cid=1023, FAILED org.apache.ratis.protocol.LeaderNotReadyException: s2@group-E77E9FD8E08A is in LEADER state but not ready yet., logIndex=0, commits[s2:c-1, s0:c-1, s1:c-1]
2019-09-24 16:17:02,238 WARN  server.GrpcLogAppender (GrpcLogAppender.java:timeoutAppendRequest(200)) - s2@group-E77E9FD8E08A->s1-GrpcLogAppender: appendEntries Timeout, request=s2->s1#44-t3, previous=(t:3, i:0), leaderCommit=-1, initializing? false, entries: <empty>
2019-09-24 16:17:02,238 WARN  server.GrpcLogAppender (GrpcLogAppender.java:timeoutAppendRequest(200)) - s2@group-E77E9FD8E08A->s0-GrpcLogAppender: appendEntries Timeout, request=s2->s0#44-t3, previous=(t:3, i:0), leaderCommit=-1, initializing? false, entries: <empty>
2019-09-24 16:17:02,260 WARN  server.GrpcLogAppender (GrpcLogAppender.java:timeoutAppendRequest(200)) - s2@group-5C26748AB2B1->s1-GrpcLogAppender: appendEntries Timeout, request=s2->s1#1715-t3, previous=(t:3, i:1328), leaderCommit=1227, initializing? false, entries: <empty>
2019-09-24 16:17:02,260 WARN  server.GrpcLogAppender (GrpcLogAppender.java:timeoutAppendRequest(200)) - s2@group-5C26748AB2B1->s0-GrpcLogAppender: appendEntries Timeout, request=s2->s0#1547-t3, previous=(t:3, i:1328), leaderCommit=1227, initializing? false, entries: <empty>
2019-09-24 16:17:02,307 DEBUG client.GrpcClientProtocolService (GrpcClientProtocolService.java:close(374)) - 28-OrderedRequestStreamObserver28: close
2019-09-24 16:17:02,313 WARN  server.GrpcLogAppender (GrpcLogAppender.java:timeoutAppendRequest(200)) - s2@group-E77E9FD8E08A->s1-GrpcLogAppender: appendEntries Timeout, request=s2->s1#45-t3, previous=(t:3, i:0), leaderCommit=-1, initializing? false, entries: <empty>
2019-09-24 16:17:02,313 WARN  server.GrpcLogAppender (GrpcLogAppender.java:timeoutAppendRequest(200)) - s2@group-E77E9FD8E08A->s0-GrpcLogAppender: appendEntries Timeout, request=s2->s0#45-t3, previous=(t:3, i:0), leaderCommit=-1, initializing? false, entries: <empty>
2019-09-24 16:17:02,335 WARN  server.GrpcLogAppender (GrpcLogAppender.java:timeoutAppendRequest(200)) - s2@group-5C26748AB2B1->s1-GrpcLogAppender: appendEntries Timeout, request=s2->s1#1716-t3, previous=(t:3, i:1328), leaderCommit=1227, initializing? false, entries: <empty>
2019-09-24 16:17:02,335 WARN  server.GrpcLogAppender (GrpcLogAppender.java:timeoutAppendRequest(200)) - s2@group-5C26748AB2B1->s0-GrpcLogAppender: appendEntries Timeout, request=s2->s0#1548-t3, previous=(t:3, i:1328), leaderCommit=1227, initializing? false, entries: <empty>
2019-09-24 16:17:02,388 WARN  server.GrpcLogAppender (GrpcLogAppender.java:timeoutAppendRequest(200)) - s2@group-E77E9FD8E08A->s1-GrpcLogAppender: appendEntries Timeout, request=s2->s1#46-t3, previous=(t:3, i:0), leaderCommit=-1, initializing? false, entries: <empty>
2019-09-24 16:17:02,388 WARN  server.GrpcLogAppender (GrpcLogAppender.java:timeoutAppendRequest(200)) - s2@group-E77E9FD8E08A->s0-GrpcLogAppender: appendEntries Timeout, request=s2->s0#46-t3, previous=(t:3, i:0), leaderCommit=-1, initializing? false, entries: <empty>
2019-09-24 16:17:02,410 WARN  server.GrpcLogAppender (GrpcLogAppender.java:timeoutAppendRequest(200)) - s2@group-5C26748AB2B1->s1-GrpcLogAppender: appendEntries Timeout, request=s2->s1#1717-t3, previous=(t:3, i:1328), leaderCommit=1227, initializing? false, entries: <empty>
2019-09-24 16:17:02,410 WARN  server.GrpcLogAppender (GrpcLogAppender.java:timeoutAppendRequest(200)) - s2@group-5C26748AB2B1->s0-GrpcLogAppender: appendEntries Timeout, request=s2->s0#1549-t3, previous=(t:3, i:1328), leaderCommit=1227, initializing? false, entries: <empty>
2019-09-24 16:17:02,412 DEBUG client.GrpcClientProtocolService (GrpcClientProtocolService.java:<init>(175)) - new 29-OrderedRequestStreamObserver29
2019-09-24 16:17:02,413 DEBUG client.GrpcClientProtocolService (GrpcClientProtocolService.java:sendReply(353)) - 29-OrderedRequestStreamObserver29: sendReply seq=1, RaftClientReply:client-DE317CF077D2->s2@group-E77E9FD8E08A, cid=1023, FAILED org.apache.ratis.protocol.LeaderNotReadyException: s2@group-E77E9FD8E08A is in LEADER state but not ready yet., logIndex=0, commits[s2:c-1, s0:c-1, s1:c-1]
2019-09-24 16:17:02,463 WARN  server.GrpcLogAppender (GrpcLogAppender.java:timeoutAppendRequest(200)) - s2@group-E77E9FD8E08A->s1-GrpcLogAppender: appendEntries Timeout, request=s2->s1#47-t3, previous=(t:3, i:0), leaderCommit=-1, initializing? false, entries: <empty>
2019-09-24 16:17:02,464 WARN  server.GrpcLogAppender (GrpcLogAppender.java:timeoutAppendRequest(200)) - s2@group-E77E9FD8E08A->s0-GrpcLogAppender: appendEntries Timeout, request=s2->s0#47-t3, previous=(t:3, i:0), leaderCommit=-1, initializing? false, entries: <empty>
2019-09-24 16:17:02,485 WARN  server.GrpcLogAppender (GrpcLogAppender.java:timeoutAppendRequest(200)) - s2@group-5C26748AB2B1->s1-GrpcLogAppender: appendEntries Timeout, request=s2->s1#1718-t3, previous=(t:3, i:1328), leaderCommit=1227, initializing? false, entries: <empty>
2019-09-24 16:17:02,486 WARN  server.GrpcLogAppender (GrpcLogAppender.java:timeoutAppendRequest(200)) - s2@group-5C26748AB2B1->s0-GrpcLogAppender: appendEntries Timeout, request=s2->s0#1550-t3, previous=(t:3, i:1328), leaderCommit=1227, initializing? false, entries: <empty>
2019-09-24 16:17:02,514 DEBUG client.GrpcClientProtocolService (GrpcClientProtocolService.java:close(374)) - 29-OrderedRequestStreamObserver29: close
2019-09-24 16:17:02,539 WARN  server.GrpcLogAppender (GrpcLogAppender.java:timeoutAppendRequest(200)) - s2@group-E77E9FD8E08A->s1-GrpcLogAppender: appendEntries Timeout, request=s2->s1#48-t3, previous=(t:3, i:0), leaderCommit=-1, initializing? false, entries: <empty>
2019-09-24 16:17:02,539 WARN  server.GrpcLogAppender (GrpcLogAppender.java:timeoutAppendRequest(200)) - s2@group-E77E9FD8E08A->s0-GrpcLogAppender: appendEntries Timeout, request=s2->s0#48-t3, previous=(t:3, i:0), leaderCommit=-1, initializing? false, entries: <empty>
2019-09-24 16:17:02,560 WARN  server.GrpcLogAppender (GrpcLogAppender.java:timeoutAppendRequest(200)) - s2@group-5C26748AB2B1->s1-GrpcLogAppender: appendEntries Timeout, request=s2->s1#1719-t3, previous=(t:3, i:1328), leaderCommit=1227, initializing? false, entries: <empty>
2019-09-24 16:17:02,561 WARN  server.GrpcLogAppender (GrpcLogAppender.java:timeoutAppendRequest(200)) - s2@group-5C26748AB2B1->s0-GrpcLogAppender: appendEntries Timeout, request=s2->s0#1551-t3, previous=(t:3, i:1328), leaderCommit=1227, initializing? false, entries: <empty>
2019-09-24 16:17:02,614 WARN  server.GrpcLogAppender (GrpcLogAppender.java:timeoutAppendRequest(200)) - s2@group-E77E9FD8E08A->s1-GrpcLogAppender: appendEntries Timeout, request=s2->s1#49-t3, previous=(t:3, i:0), leaderCommit=-1, initializing? false, entries: <empty>
2019-09-24 16:17:02,614 WARN  server.GrpcLogAppender (GrpcLogAppender.java:timeoutAppendRequest(200)) - s2@group-E77E9FD8E08A->s0-GrpcLogAppender: appendEntries Timeout, request=s2->s0#49-t3, previous=(t:3, i:0), leaderCommit=-1, initializing? false, entries: <empty>
2019-09-24 16:17:02,619 DEBUG client.GrpcClientProtocolService (GrpcClientProtocolService.java:<init>(175)) - new 30-OrderedRequestStreamObserver30
2019-09-24 16:17:02,621 DEBUG client.GrpcClientProtocolService (GrpcClientProtocolService.java:sendReply(353)) - 30-OrderedRequestStreamObserver30: sendReply seq=1, RaftClientReply:client-DE317CF077D2->s2@group-E77E9FD8E08A, cid=1023, FAILED org.apache.ratis.protocol.LeaderNotReadyException: s2@group-E77E9FD8E08A is in LEADER state but not ready yet., logIndex=0, commits[s2:c-1, s0:c-1, s1:c-1]
2019-09-24 16:17:02,636 WARN  server.GrpcLogAppender (GrpcLogAppender.java:timeoutAppendRequest(200)) - s2@group-5C26748AB2B1->s1-GrpcLogAppender: appendEntries Timeout, request=s2->s1#1720-t3, previous=(t:3, i:1328), leaderCommit=1227, initializing? false, entries: <empty>
2019-09-24 16:17:02,636 WARN  server.GrpcLogAppender (GrpcLogAppender.java:timeoutAppendRequest(200)) - s2@group-5C26748AB2B1->s0-GrpcLogAppender: appendEntries Timeout, request=s2->s0#1552-t3, previous=(t:3, i:1328), leaderCommit=1227, initializing? false, entries: <empty>
2019-09-24 16:17:02,689 WARN  server.GrpcLogAppender (GrpcLogAppender.java:timeoutAppendRequest(200)) - s2@group-E77E9FD8E08A->s1-GrpcLogAppender: appendEntries Timeout, request=s2->s1#50-t3, previous=(t:3, i:0), leaderCommit=-1, initializing? false, entries: <empty>
2019-09-24 16:17:02,689 WARN  server.GrpcLogAppender (GrpcLogAppender.java:timeoutAppendRequest(200)) - s2@group-E77E9FD8E08A->s0-GrpcLogAppender: appendEntries Timeout, request=s2->s0#50-t3, previous=(t:3, i:0), leaderCommit=-1, initializing? false, entries: <empty>
2019-09-24 16:17:02,711 WARN  server.GrpcLogAppender (GrpcLogAppender.java:timeoutAppendRequest(200)) - s2@group-5C26748AB2B1->s1-GrpcLogAppender: appendEntries Timeout, request=s2->s1#1721-t3, previous=(t:3, i:1328), leaderCommit=1227, initializing? false, entries: <empty>
2019-09-24 16:17:02,711 WARN  server.GrpcLogAppender (GrpcLogAppender.java:timeoutAppendRequest(200)) - s2@group-5C26748AB2B1->s0-GrpcLogAppender: appendEntries Timeout, request=s2->s0#1553-t3, previous=(t:3, i:1328), leaderCommit=1227, initializing? false, entries: <empty>
2019-09-24 16:17:02,723 DEBUG client.GrpcClientProtocolService (GrpcClientProtocolService.java:close(374)) - 30-OrderedRequestStreamObserver30: close
2019-09-24 16:17:02,764 WARN  server.GrpcLogAppender (GrpcLogAppender.java:timeoutAppendRequest(200)) - s2@group-E77E9FD8E08A->s1-GrpcLogAppender: appendEntries Timeout, request=s2->s1#51-t3, previous=(t:3, i:0), leaderCommit=-1, initializing? false, entries: <empty>
2019-09-24 16:17:02,764 WARN  server.GrpcLogAppender (GrpcLogAppender.java:timeoutAppendRequest(200)) - s2@group-E77E9FD8E08A->s0-GrpcLogAppender: appendEntries Timeout, request=s2->s0#51-t3, previous=(t:3, i:0), leaderCommit=-1, initializing? false, entries: <empty>
2019-09-24 16:17:02,786 WARN  server.GrpcLogAppender (GrpcLogAppender.java:timeoutAppendRequest(200)) - s2@group-5C26748AB2B1->s1-GrpcLogAppender: appendEntries Timeout, request=s2->s1#1722-t3, previous=(t:3, i:1328), leaderCommit=1227, initializing? false, entries: <empty>
2019-09-24 16:17:02,787 WARN  server.GrpcLogAppender (GrpcLogAppender.java:timeoutAppendRequest(200)) - s2@group-5C26748AB2B1->s0-GrpcLogAppender: appendEntries Timeout, request=s2->s0#1554-t3, previous=(t:3, i:1328), leaderCommit=1227, initializing? false, entries: <empty>
2019-09-24 16:17:02,829 DEBUG client.GrpcClientProtocolService (GrpcClientProtocolService.java:<init>(175)) - new 31-OrderedRequestStreamObserver31
2019-09-24 16:17:02,830 DEBUG client.GrpcClientProtocolService (GrpcClientProtocolService.java:sendReply(353)) - 31-OrderedRequestStreamObserver31: sendReply seq=1, RaftClientReply:client-DE317CF077D2->s2@group-E77E9FD8E08A, cid=1023, FAILED org.apache.ratis.protocol.LeaderNotReadyException: s2@group-E77E9FD8E08A is in LEADER state but not ready yet., logIndex=0, commits[s2:c-1, s0:c-1, s1:c-1]
2019-09-24 16:17:02,840 WARN  server.GrpcLogAppender (GrpcLogAppender.java:timeoutAppendRequest(200)) - s2@group-E77E9FD8E08A->s1-GrpcLogAppender: appendEntries Timeout, request=s2->s1#52-t3, previous=(t:3, i:0), leaderCommit=-1, initializing? false, entries: <empty>
2019-09-24 16:17:02,840 WARN  server.GrpcLogAppender (GrpcLogAppender.java:timeoutAppendRequest(200)) - s2@group-E77E9FD8E08A->s0-GrpcLogAppender: appendEntries Timeout, request=s2->s0#52-t3, previous=(t:3, i:0), leaderCommit=-1, initializing? false, entries: <empty>
2019-09-24 16:17:02,861 WARN  server.GrpcLogAppender (GrpcLogAppender.java:timeoutAppendRequest(200)) - s2@group-5C26748AB2B1->s1-GrpcLogAppender: appendEntries Timeout, request=s2->s1#1723-t3, previous=(t:3, i:1328), leaderCommit=1227, initializing? false, entries: <empty>
2019-09-24 16:17:02,862 WARN  server.GrpcLogAppender (GrpcLogAppender.java:timeoutAppendRequest(200)) - s2@group-5C26748AB2B1->s0-GrpcLogAppender: appendEntries Timeout, request=s2->s0#1555-t3, previous=(t:3, i:1328), leaderCommit=1227, initializing? false, entries: <empty>
2019-09-24 16:17:02,915 WARN  server.GrpcLogAppender (GrpcLogAppender.java:timeoutAppendRequest(200)) - s2@group-E77E9FD8E08A->s1-GrpcLogAppender: appendEntries Timeout, request=s2->s1#53-t3, previous=(t:3, i:0), leaderCommit=-1, initializing? false, entries: <empty>
2019-09-24 16:17:02,915 WARN  server.GrpcLogAppender (GrpcLogAppender.java:timeoutAppendRequest(200)) - s2@group-E77E9FD8E08A->s0-GrpcLogAppender: appendEntries Timeout, request=s2->s0#53-t3, previous=(t:3, i:0), leaderCommit=-1, initializing? false, entries: <empty>
2019-09-24 16:17:02,933 DEBUG client.GrpcClientProtocolService (GrpcClientProtocolService.java:close(374)) - 31-OrderedRequestStreamObserver31: close
2019-09-24 16:17:02,936 WARN  server.GrpcLogAppender (GrpcLogAppender.java:timeoutAppendRequest(200)) - s2@group-5C26748AB2B1->s1-GrpcLogAppender: appendEntries Timeout, request=s2->s1#1724-t3, previous=(t:3, i:1328), leaderCommit=1227, initializing? false, entries: <empty>
2019-09-24 16:17:02,937 WARN  server.GrpcLogAppender (GrpcLogAppender.java:timeoutAppendRequest(200)) - s2@group-5C26748AB2B1->s0-GrpcLogAppender: appendEntries Timeout, request=s2->s0#1556-t3, previous=(t:3, i:1328), leaderCommit=1227, initializing? false, entries: <empty>
2019-09-24 16:17:02,991 WARN  server.GrpcLogAppender (GrpcLogAppender.java:timeoutAppendRequest(200)) - s2@group-E77E9FD8E08A->s1-GrpcLogAppender: appendEntries Timeout, request=s2->s1#54-t3, previous=(t:3, i:0), leaderCommit=-1, initializing? false, entries: <empty>
2019-09-24 16:17:02,991 WARN  server.GrpcLogAppender (GrpcLogAppender.java:timeoutAppendRequest(200)) - s2@group-E77E9FD8E08A->s0-GrpcLogAppender: appendEntries Timeout, request=s2->s0#54-t3, previous=(t:3, i:0), leaderCommit=-1, initializing? false, entries: <empty>
2019-09-24 16:17:03,011 WARN  server.GrpcLogAppender (GrpcLogAppender.java:timeoutAppendRequest(200)) - s2@group-5C26748AB2B1->s1-GrpcLogAppender: appendEntries Timeout, request=s2->s1#1725-t3, previous=(t:3, i:1328), leaderCommit=1227, initializing? false, entries: <empty>
2019-09-24 16:17:03,012 WARN  server.GrpcLogAppender (GrpcLogAppender.java:timeoutAppendRequest(200)) - s2@group-5C26748AB2B1->s0-GrpcLogAppender: appendEntries Timeout, request=s2->s0#1557-t3, previous=(t:3, i:1328), leaderCommit=1227, initializing? false, entries: <empty>
2019-09-24 16:17:03,039 DEBUG client.GrpcClientProtocolService (GrpcClientProtocolService.java:<init>(175)) - new 32-OrderedRequestStreamObserver32
2019-09-24 16:17:03,045 DEBUG client.GrpcClientProtocolService (GrpcClientProtocolService.java:sendReply(353)) - 32-OrderedRequestStreamObserver32: sendReply seq=1, RaftClientReply:client-DE317CF077D2->s2@group-E77E9FD8E08A, cid=1023, FAILED org.apache.ratis.protocol.LeaderNotReadyException: s2@group-E77E9FD8E08A is in LEADER state but not ready yet., logIndex=0, commits[s2:c-1, s0:c-1, s1:c-1]
2019-09-24 16:17:03,065 WARN  server.GrpcLogAppender (GrpcLogAppender.java:timeoutAppendRequest(200)) - s2@group-E77E9FD8E08A->s1-GrpcLogAppender: appendEntries Timeout, request=s2->s1#55-t3, previous=(t:3, i:0), leaderCommit=-1, initializing? false, entries: <empty>
2019-09-24 16:17:03,065 WARN  server.GrpcLogAppender (GrpcLogAppender.java:timeoutAppendRequest(200)) - s2@group-E77E9FD8E08A->s0-GrpcLogAppender: appendEntries Timeout, request=s2->s0#55-t3, previous=(t:3, i:0), leaderCommit=-1, initializing? false, entries: <empty>
2019-09-24 16:17:03,086 WARN  server.GrpcLogAppender (GrpcLogAppender.java:timeoutAppendRequest(200)) - s2@group-5C26748AB2B1->s1-GrpcLogAppender: appendEntries Timeout, request=s2->s1#1726-t3, previous=(t:3, i:1328), leaderCommit=1227, initializing? false, entries: <empty>
2019-09-24 16:17:03,087 WARN  server.GrpcLogAppender (GrpcLogAppender.java:timeoutAppendRequest(200)) - s2@group-5C26748AB2B1->s0-GrpcLogAppender: appendEntries Timeout, request=s2->s0#1558-t3, previous=(t:3, i:1328), leaderCommit=1227, initializing? false, entries: <empty>
2019-09-24 16:17:03,140 WARN  server.GrpcLogAppender (GrpcLogAppender.java:timeoutAppendRequest(200)) - s2@group-E77E9FD8E08A->s1-GrpcLogAppender: appendEntries Timeout, request=s2->s1#56-t3, previous=(t:3, i:0), leaderCommit=-1, initializing? false, entries: <empty>
2019-09-24 16:17:03,141 WARN  server.GrpcLogAppender (GrpcLogAppender.java:timeoutAppendRequest(200)) - s2@group-E77E9FD8E08A->s0-GrpcLogAppender: appendEntries Timeout, request=s2->s0#56-t3, previous=(t:3, i:0), leaderCommit=-1, initializing? false, entries: <empty>
2019-09-24 16:17:03,147 DEBUG client.GrpcClientProtocolService (GrpcClientProtocolService.java:close(374)) - 32-OrderedRequestStreamObserver32: close
2019-09-24 16:17:03,161 WARN  server.GrpcLogAppender (GrpcLogAppender.java:timeoutAppendRequest(200)) - s2@group-5C26748AB2B1->s1-GrpcLogAppender: appendEntries Timeout, request=s2->s1#1727-t3, previous=(t:3, i:1328), leaderCommit=1227, initializing? false, entries: <empty>
2019-09-24 16:17:03,163 WARN  server.GrpcLogAppender (GrpcLogAppender.java:timeoutAppendRequest(200)) - s2@group-5C26748AB2B1->s0-GrpcLogAppender: appendEntries Timeout, request=s2->s0#1559-t3, previous=(t:3, i:1328), leaderCommit=1227, initializing? false, entries: <empty>
2019-09-24 16:17:03,216 WARN  server.GrpcLogAppender (GrpcLogAppender.java:timeoutAppendRequest(200)) - s2@group-E77E9FD8E08A->s1-GrpcLogAppender: appendEntries Timeout, request=s2->s1#57-t3, previous=(t:3, i:0), leaderCommit=-1, initializing? false, entries: <empty>
2019-09-24 16:17:03,216 WARN  server.GrpcLogAppender (GrpcLogAppender.java:timeoutAppendRequest(200)) - s2@group-E77E9FD8E08A->s0-GrpcLogAppender: appendEntries Timeout, request=s2->s0#57-t3, previous=(t:3, i:0), leaderCommit=-1, initializing? false, entries: <empty>
2019-09-24 16:17:03,237 WARN  server.GrpcLogAppender (GrpcLogAppender.java:timeoutAppendRequest(200)) - s2@group-5C26748AB2B1->s1-GrpcLogAppender: appendEntries Timeout, request=s2->s1#1728-t3, previous=(t:3, i:1328), leaderCommit=1227, initializing? false, entries: <empty>
2019-09-24 16:17:03,238 WARN  server.GrpcLogAppender (GrpcLogAppender.java:timeoutAppendRequest(200)) - s2@group-5C26748AB2B1->s0-GrpcLogAppender: appendEntries Timeout, request=s2->s0#1560-t3, previous=(t:3, i:1328), leaderCommit=1227, initializing? false, entries: <empty>
2019-09-24 16:17:03,252 DEBUG client.GrpcClientProtocolService (GrpcClientProtocolService.java:<init>(175)) - new 33-OrderedRequestStreamObserver33
2019-09-24 16:17:03,253 DEBUG client.GrpcClientProtocolService (GrpcClientProtocolService.java:sendReply(353)) - 33-OrderedRequestStreamObserver33: sendReply seq=1, RaftClientReply:client-DE317CF077D2->s2@group-E77E9FD8E08A, cid=1023, FAILED org.apache.ratis.protocol.LeaderNotReadyException: s2@group-E77E9FD8E08A is in LEADER state but not ready yet., logIndex=0, commits[s2:c-1, s0:c-1, s1:c-1]
2019-09-24 16:17:03,291 WARN  server.GrpcLogAppender (GrpcLogAppender.java:timeoutAppendRequest(200)) - s2@group-E77E9FD8E08A->s1-GrpcLogAppender: appendEntries Timeout, request=s2->s1#58-t3, previous=(t:3, i:0), leaderCommit=-1, initializing? false, entries: <empty>
2019-09-24 16:17:03,291 WARN  server.GrpcLogAppender (GrpcLogAppender.java:timeoutAppendRequest(200)) - s2@group-E77E9FD8E08A->s0-GrpcLogAppender: appendEntries Timeout, request=s2->s0#58-t3, previous=(t:3, i:0), leaderCommit=-1, initializing? false, entries: <empty>
2019-09-24 16:17:03,312 WARN  server.GrpcLogAppender (GrpcLogAppender.java:timeoutAppendRequest(200)) - s2@group-5C26748AB2B1->s1-GrpcLogAppender: appendEntries Timeout, request=s2->s1#1729-t3, previous=(t:3, i:1328), leaderCommit=1227, initializing? false, entries: <empty>
2019-09-24 16:17:03,313 WARN  server.GrpcLogAppender (GrpcLogAppender.java:timeoutAppendRequest(200)) - s2@group-5C26748AB2B1->s0-GrpcLogAppender: appendEntries Timeout, request=s2->s0#1561-t3, previous=(t:3, i:1328), leaderCommit=1227, initializing? false, entries: <empty>
2019-09-24 16:17:03,355 DEBUG client.GrpcClientProtocolService (GrpcClientProtocolService.java:close(374)) - 33-OrderedRequestStreamObserver33: close
2019-09-24 16:17:03,366 WARN  server.GrpcLogAppender (GrpcLogAppender.java:timeoutAppendRequest(200)) - s2@group-E77E9FD8E08A->s1-GrpcLogAppender: appendEntries Timeout, request=s2->s1#59-t3, previous=(t:3, i:0), leaderCommit=-1, initializing? false, entries: <empty>
2019-09-24 16:17:03,366 WARN  server.GrpcLogAppender (GrpcLogAppender.java:timeoutAppendRequest(200)) - s2@group-E77E9FD8E08A->s0-GrpcLogAppender: appendEntries Timeout, request=s2->s0#59-t3, previous=(t:3, i:0), leaderCommit=-1, initializing? false, entries: <empty>
2019-09-24 16:17:03,387 WARN  server.GrpcLogAppender (GrpcLogAppender.java:timeoutAppendRequest(200)) - s2@group-5C26748AB2B1->s1-GrpcLogAppender: appendEntries Timeout, request=s2->s1#1730-t3, previous=(t:3, i:1328), leaderCommit=1227, initializing? false, entries: <empty>
2019-09-24 16:17:03,388 WARN  server.GrpcLogAppender (GrpcLogAppender.java:timeoutAppendRequest(200)) - s2@group-5C26748AB2B1->s0-GrpcLogAppender: appendEntries Timeout, request=s2->s0#1562-t3, previous=(t:3, i:1328), leaderCommit=1227, initializing? false, entries: <empty>
2019-09-24 16:17:03,442 WARN  server.GrpcLogAppender (GrpcLogAppender.java:timeoutAppendRequest(200)) - s2@group-E77E9FD8E08A->s0-GrpcLogAppender: appendEntries Timeout, request=s2->s0#60-t3, previous=(t:3, i:0), leaderCommit=-1, initializing? false, entries: <empty>
2019-09-24 16:17:03,442 WARN  server.GrpcLogAppender (GrpcLogAppender.java:timeoutAppendRequest(200)) - s2@group-E77E9FD8E08A->s1-GrpcLogAppender: appendEntries Timeout, request=s2->s1#60-t3, previous=(t:3, i:0), leaderCommit=-1, initializing? false, entries: <empty>
2019-09-24 16:17:03,462 WARN  server.GrpcLogAppender (GrpcLogAppender.java:timeoutAppendRequest(200)) - s2@group-5C26748AB2B1->s1-GrpcLogAppender: appendEntries Timeout, request=s2->s1#1731-t3, previous=(t:3, i:1328), leaderCommit=1227, initializing? false, entries: <empty>
2019-09-24 16:17:03,464 WARN  server.GrpcLogAppender (GrpcLogAppender.java:timeoutAppendRequest(200)) - s2@group-5C26748AB2B1->s0-GrpcLogAppender: appendEntries Timeout, request=s2->s0#1563-t3, previous=(t:3, i:1328), leaderCommit=1227, initializing? false, entries: <empty>
2019-09-24 16:17:03,464 DEBUG client.GrpcClientProtocolService (GrpcClientProtocolService.java:<init>(175)) - new 34-OrderedRequestStreamObserver34
2019-09-24 16:17:03,466 DEBUG client.GrpcClientProtocolService (GrpcClientProtocolService.java:sendReply(353)) - 34-OrderedRequestStreamObserver34: sendReply seq=1, RaftClientReply:client-DE317CF077D2->s2@group-E77E9FD8E08A, cid=1023, FAILED org.apache.ratis.protocol.LeaderNotReadyException: s2@group-E77E9FD8E08A is in LEADER state but not ready yet., logIndex=0, commits[s2:c-1, s0:c-1, s1:c-1]
2019-09-24 16:17:03,517 WARN  server.GrpcLogAppender (GrpcLogAppender.java:timeoutAppendRequest(200)) - s2@group-E77E9FD8E08A->s1-GrpcLogAppender: appendEntries Timeout, request=s2->s1#61-t3, previous=(t:3, i:0), leaderCommit=-1, initializing? false, entries: <empty>
2019-09-24 16:17:03,517 WARN  server.GrpcLogAppender (GrpcLogAppender.java:timeoutAppendRequest(200)) - s2@group-E77E9FD8E08A->s0-GrpcLogAppender: appendEntries Timeout, request=s2->s0#61-t3, previous=(t:3, i:0), leaderCommit=-1, initializing? false, entries: <empty>
2019-09-24 16:17:03,537 WARN  server.GrpcLogAppender (GrpcLogAppender.java:timeoutAppendRequest(200)) - s2@group-5C26748AB2B1->s1-GrpcLogAppender: appendEntries Timeout, request=s2->s1#1732-t3, previous=(t:3, i:1328), leaderCommit=1227, initializing? false, entries: <empty>
2019-09-24 16:17:03,539 WARN  server.GrpcLogAppender (GrpcLogAppender.java:timeoutAppendRequest(200)) - s2@group-5C26748AB2B1->s0-GrpcLogAppender: appendEntries Timeout, request=s2->s0#1564-t3, previous=(t:3, i:1328), leaderCommit=1227, initializing? false, entries: <empty>
2019-09-24 16:17:03,568 DEBUG client.GrpcClientProtocolService (GrpcClientProtocolService.java:close(374)) - 34-OrderedRequestStreamObserver34: close
2019-09-24 16:17:03,592 WARN  server.GrpcLogAppender (GrpcLogAppender.java:timeoutAppendRequest(200)) - s2@group-E77E9FD8E08A->s1-GrpcLogAppender: appendEntries Timeout, request=s2->s1#62-t3, previous=(t:3, i:0), leaderCommit=-1, initializing? false, entries: <empty>
2019-09-24 16:17:03,592 WARN  server.GrpcLogAppender (GrpcLogAppender.java:timeoutAppendRequest(200)) - s2@group-E77E9FD8E08A->s0-GrpcLogAppender: appendEntries Timeout, request=s2->s0#62-t3, previous=(t:3, i:0), leaderCommit=-1, initializing? false, entries: <empty>
2019-09-24 16:17:03,612 WARN  server.GrpcLogAppender (GrpcLogAppender.java:timeoutAppendRequest(200)) - s2@group-5C26748AB2B1->s1-GrpcLogAppender: appendEntries Timeout, request=s2->s1#1733-t3, previous=(t:3, i:1328), leaderCommit=1227, initializing? false, entries: <empty>
2019-09-24 16:17:03,614 WARN  server.GrpcLogAppender (GrpcLogAppender.java:timeoutAppendRequest(200)) - s2@group-5C26748AB2B1->s0-GrpcLogAppender: appendEntries Timeout, request=s2->s0#1565-t3, previous=(t:3, i:1328), leaderCommit=1227, initializing? false, entries: <empty>
2019-09-24 16:17:03,667 WARN  server.GrpcLogAppender (GrpcLogAppender.java:timeoutAppendRequest(200)) - s2@group-E77E9FD8E08A->s1-GrpcLogAppender: appendEntries Timeout, request=s2->s1#63-t3, previous=(t:3, i:0), leaderCommit=-1, initializing? false, entries: <empty>
2019-09-24 16:17:03,667 WARN  server.GrpcLogAppender (GrpcLogAppender.java:timeoutAppendRequest(200)) - s2@group-E77E9FD8E08A->s0-GrpcLogAppender: appendEntries Timeout, request=s2->s0#63-t3, previous=(t:3, i:0), leaderCommit=-1, initializing? false, entries: <empty>
2019-09-24 16:17:03,672 DEBUG client.GrpcClientProtocolService (GrpcClientProtocolService.java:<init>(175)) - new 35-OrderedRequestStreamObserver35
2019-09-24 16:17:03,673 DEBUG client.GrpcClientProtocolService (GrpcClientProtocolService.java:sendReply(353)) - 35-OrderedRequestStreamObserver35: sendReply seq=1, RaftClientReply:client-DE317CF077D2->s2@group-E77E9FD8E08A, cid=1023, FAILED org.apache.ratis.protocol.LeaderNotReadyException: s2@group-E77E9FD8E08A is in LEADER state but not ready yet., logIndex=0, commits[s2:c-1, s0:c-1, s1:c-1]
2019-09-24 16:17:03,688 WARN  server.GrpcLogAppender (GrpcLogAppender.java:timeoutAppendRequest(200)) - s2@group-5C26748AB2B1->s1-GrpcLogAppender: appendEntries Timeout, request=s2->s1#1734-t3, previous=(t:3, i:1328), leaderCommit=1227, initializing? false, entries: <empty>
2019-09-24 16:17:03,689 WARN  server.GrpcLogAppender (GrpcLogAppender.java:timeoutAppendRequest(200)) - s2@group-5C26748AB2B1->s0-GrpcLogAppender: appendEntries Timeout, request=s2->s0#1566-t3, previous=(t:3, i:1328), leaderCommit=1227, initializing? false, entries: <empty>
2019-09-24 16:17:03,742 WARN  server.GrpcLogAppender (GrpcLogAppender.java:timeoutAppendRequest(200)) - s2@group-E77E9FD8E08A->s1-GrpcLogAppender: appendEntries Timeout, request=s2->s1#64-t3, previous=(t:3, i:0), leaderCommit=-1, initializing? false, entries: <empty>
2019-09-24 16:17:03,743 WARN  server.GrpcLogAppender (GrpcLogAppender.java:timeoutAppendRequest(200)) - s2@group-E77E9FD8E08A->s0-GrpcLogAppender: appendEntries Timeout, request=s2->s0#64-t3, previous=(t:3, i:0), leaderCommit=-1, initializing? false, entries: <empty>
2019-09-24 16:17:03,763 WARN  server.GrpcLogAppender (GrpcLogAppender.java:timeoutAppendRequest(200)) - s2@group-5C26748AB2B1->s1-GrpcLogAppender: appendEntries Timeout, request=s2->s1#1735-t3, previous=(t:3, i:1328), leaderCommit=1227, initializing? false, entries: <empty>
2019-09-24 16:17:03,764 WARN  server.GrpcLogAppender (GrpcLogAppender.java:timeoutAppendRequest(200)) - s2@group-5C26748AB2B1->s0-GrpcLogAppender: appendEntries Timeout, request=s2->s0#1567-t3, previous=(t:3, i:1328), leaderCommit=1227, initializing? false, entries: <empty>
2019-09-24 16:17:03,775 DEBUG client.GrpcClientProtocolService (GrpcClientProtocolService.java:close(374)) - 35-OrderedRequestStreamObserver35: close
2019-09-24 16:17:03,817 WARN  server.GrpcLogAppender (GrpcLogAppender.java:timeoutAppendRequest(200)) - s2@group-E77E9FD8E08A->s1-GrpcLogAppender: appendEntries Timeout, request=s2->s1#65-t3, previous=(t:3, i:0), leaderCommit=-1, initializing? false, entries: <empty>
2019-09-24 16:17:03,818 WARN  server.GrpcLogAppender (GrpcLogAppender.java:timeoutAppendRequest(200)) - s2@group-E77E9FD8E08A->s0-GrpcLogAppender: appendEntries Timeout, request=s2->s0#65-t3, previous=(t:3, i:0), leaderCommit=-1, initializing? false, entries: <empty>
2019-09-24 16:17:03,838 WARN  server.GrpcLogAppender (GrpcLogAppender.java:timeoutAppendRequest(200)) - s2@group-5C26748AB2B1->s1-GrpcLogAppender: appendEntries Timeout, request=s2->s1#1736-t3, previous=(t:3, i:1328), leaderCommit=1227, initializing? false, entries: <empty>
2019-09-24 16:17:03,840 WARN  server.GrpcLogAppender (GrpcLogAppender.java:timeoutAppendRequest(200)) - s2@group-5C26748AB2B1->s0-GrpcLogAppender: appendEntries Timeout, request=s2->s0#1568-t3, previous=(t:3, i:1328), leaderCommit=1227, initializing? false, entries: <empty>
2019-09-24 16:17:03,879 DEBUG client.GrpcClientProtocolService (GrpcClientProtocolService.java:<init>(175)) - new 36-OrderedRequestStreamObserver36
2019-09-24 16:17:03,879 DEBUG client.GrpcClientProtocolService (GrpcClientProtocolService.java:sendReply(353)) - 36-OrderedRequestStreamObserver36: sendReply seq=1, RaftClientReply:client-DE317CF077D2->s2@group-E77E9FD8E08A, cid=1023, FAILED org.apache.ratis.protocol.LeaderNotReadyException: s2@group-E77E9FD8E08A is in LEADER state but not ready yet., logIndex=0, commits[s2:c-1, s0:c-1, s1:c-1]
2019-09-24 16:17:03,893 WARN  server.GrpcLogAppender (GrpcLogAppender.java:timeoutAppendRequest(200)) - s2@group-E77E9FD8E08A->s1-GrpcLogAppender: appendEntries Timeout, request=s2->s1#66-t3, previous=(t:3, i:0), leaderCommit=-1, initializing? false, entries: <empty>
2019-09-24 16:17:03,893 WARN  server.GrpcLogAppender (GrpcLogAppender.java:timeoutAppendRequest(200)) - s2@group-E77E9FD8E08A->s0-GrpcLogAppender: appendEntries Timeout, request=s2->s0#66-t3, previous=(t:3, i:0), leaderCommit=-1, initializing? false, entries: <empty>
2019-09-24 16:17:03,913 WARN  server.GrpcLogAppender (GrpcLogAppender.java:timeoutAppendRequest(200)) - s2@group-5C26748AB2B1->s1-GrpcLogAppender: appendEntries Timeout, request=s2->s1#1737-t3, previous=(t:3, i:1328), leaderCommit=1227, initializing? false, entries: <empty>
2019-09-24 16:17:03,915 WARN  server.GrpcLogAppender (GrpcLogAppender.java:timeoutAppendRequest(200)) - s2@group-5C26748AB2B1->s0-GrpcLogAppender: appendEntries Timeout, request=s2->s0#1569-t3, previous=(t:3, i:1328), leaderCommit=1227, initializing? false, entries: <empty>
2019-09-24 16:17:03,968 WARN  server.GrpcLogAppender (GrpcLogAppender.java:timeoutAppendRequest(200)) - s2@group-E77E9FD8E08A->s1-GrpcLogAppender: appendEntries Timeout, request=s2->s1#67-t3, previous=(t:3, i:0), leaderCommit=-1, initializing? false, entries: <empty>
2019-09-24 16:17:03,968 WARN  server.GrpcLogAppender (GrpcLogAppender.java:timeoutAppendRequest(200)) - s2@group-E77E9FD8E08A->s0-GrpcLogAppender: appendEntries Timeout, request=s2->s0#67-t3, previous=(t:3, i:0), leaderCommit=-1, initializing? false, entries: <empty>
2019-09-24 16:17:03,981 DEBUG client.GrpcClientProtocolService (GrpcClientProtocolService.java:close(374)) - 36-OrderedRequestStreamObserver36: close
2019-09-24 16:17:03,988 WARN  server.GrpcLogAppender (GrpcLogAppender.java:timeoutAppendRequest(200)) - s2@group-5C26748AB2B1->s1-GrpcLogAppender: appendEntries Timeout, request=s2->s1#1738-t3, previous=(t:3, i:1328), leaderCommit=1227, initializing? false, entries: <empty>
2019-09-24 16:17:03,990 WARN  server.GrpcLogAppender (GrpcLogAppender.java:timeoutAppendRequest(200)) - s2@group-5C26748AB2B1->s0-GrpcLogAppender: appendEntries Timeout, request=s2->s0#1570-t3, previous=(t:3, i:1328), leaderCommit=1227, initializing? false, entries: <empty>
2019-09-24 16:17:04,043 WARN  server.GrpcLogAppender (GrpcLogAppender.java:timeoutAppendRequest(200)) - s2@group-E77E9FD8E08A->s1-GrpcLogAppender: appendEntries Timeout, request=s2->s1#68-t3, previous=(t:3, i:0), leaderCommit=-1, initializing? false, entries: <empty>
2019-09-24 16:17:04,044 WARN  server.GrpcLogAppender (GrpcLogAppender.java:timeoutAppendRequest(200)) - s2@group-E77E9FD8E08A->s0-GrpcLogAppender: appendEntries Timeout, request=s2->s0#68-t3, previous=(t:3, i:0), leaderCommit=-1, initializing? false, entries: <empty>
2019-09-24 16:17:04,064 WARN  server.GrpcLogAppender (GrpcLogAppender.java:timeoutAppendRequest(200)) - s2@group-5C26748AB2B1->s1-GrpcLogAppender: appendEntries Timeout, request=s2->s1#1739-t3, previous=(t:3, i:1328), leaderCommit=1227, initializing? false, entries: <empty>
2019-09-24 16:17:04,065 WARN  server.GrpcLogAppender (GrpcLogAppender.java:timeoutAppendRequest(200)) - s2@group-5C26748AB2B1->s0-GrpcLogAppender: appendEntries Timeout, request=s2->s0#1571-t3, previous=(t:3, i:1328), leaderCommit=1227, initializing? false, entries: <empty>
2019-09-24 16:17:04,085 DEBUG client.GrpcClientProtocolService (GrpcClientProtocolService.java:<init>(175)) - new 37-OrderedRequestStreamObserver37
2019-09-24 16:17:04,086 DEBUG client.GrpcClientProtocolService (GrpcClientProtocolService.java:sendReply(353)) - 37-OrderedRequestStreamObserver37: sendReply seq=1, RaftClientReply:client-DE317CF077D2->s2@group-E77E9FD8E08A, cid=1023, FAILED org.apache.ratis.protocol.LeaderNotReadyException: s2@group-E77E9FD8E08A is in LEADER state but not ready yet., logIndex=0, commits[s2:c-1, s0:c-1, s1:c-1]
2019-09-24 16:17:04,118 WARN  server.GrpcLogAppender (GrpcLogAppender.java:timeoutAppendRequest(200)) - s2@group-E77E9FD8E08A->s1-GrpcLogAppender: appendEntries Timeout, request=s2->s1#69-t3, previous=(t:3, i:0), leaderCommit=-1, initializing? false, entries: <empty>
2019-09-24 16:17:04,119 WARN  server.GrpcLogAppender (GrpcLogAppender.java:timeoutAppendRequest(200)) - s2@group-E77E9FD8E08A->s0-GrpcLogAppender: appendEntries Timeout, request=s2->s0#69-t3, previous=(t:3, i:0), leaderCommit=-1, initializing? false, entries: <empty>
2019-09-24 16:17:04,182 WARN  server.GrpcLogAppender (GrpcLogAppender.java:timeoutAppendRequest(200)) - s2@group-5C26748AB2B1->s0-GrpcLogAppender: appendEntries Timeout, request=s2->s0#1572-t3, previous=(t:3, i:1328), leaderCommit=1227, initializing? false, entries: <empty>
2019-09-24 16:17:04,183 WARN  server.GrpcLogAppender (GrpcLogAppender.java:timeoutAppendRequest(200)) - s2@group-5C26748AB2B1->s1-GrpcLogAppender: appendEntries Timeout, request=s2->s1#1740-t3, previous=(t:3, i:1328), leaderCommit=1227, initializing? false, entries: <empty>
2019-09-24 16:17:04,187 DEBUG client.GrpcClientProtocolService (GrpcClientProtocolService.java:close(374)) - 37-OrderedRequestStreamObserver37: close
2019-09-24 16:17:04,193 WARN  server.GrpcLogAppender (GrpcLogAppender.java:timeoutAppendRequest(200)) - s2@group-E77E9FD8E08A->s1-GrpcLogAppender: appendEntries Timeout, request=s2->s1#70-t3, previous=(t:3, i:0), leaderCommit=-1, initializing? false, entries: <empty>
2019-09-24 16:17:04,194 WARN  server.GrpcLogAppender (GrpcLogAppender.java:timeoutAppendRequest(200)) - s2@group-E77E9FD8E08A->s0-GrpcLogAppender: appendEntries Timeout, request=s2->s0#70-t3, previous=(t:3, i:0), leaderCommit=-1, initializing? false, entries: <empty>
2019-09-24 16:17:04,258 WARN  server.GrpcLogAppender (GrpcLogAppender.java:timeoutAppendRequest(200)) - s2@group-5C26748AB2B1->s0-GrpcLogAppender: appendEntries Timeout, request=s2->s0#1573-t3, previous=(t:3, i:1328), leaderCommit=1227, initializing? false, entries: <empty>
2019-09-24 16:17:04,258 WARN  server.GrpcLogAppender (GrpcLogAppender.java:timeoutAppendRequest(200)) - s2@group-5C26748AB2B1->s1-GrpcLogAppender: appendEntries Timeout, request=s2->s1#1741-t3, previous=(t:3, i:1328), leaderCommit=1227, initializing? false, entries: <empty>
2019-09-24 16:17:04,269 WARN  server.GrpcLogAppender (GrpcLogAppender.java:timeoutAppendRequest(200)) - s2@group-E77E9FD8E08A->s1-GrpcLogAppender: appendEntries Timeout, request=s2->s1#71-t3, previous=(t:3, i:0), leaderCommit=-1, initializing? false, entries: <empty>
2019-09-24 16:17:04,269 WARN  server.GrpcLogAppender (GrpcLogAppender.java:timeoutAppendRequest(200)) - s2@group-E77E9FD8E08A->s0-GrpcLogAppender: appendEntries Timeout, request=s2->s0#71-t3, previous=(t:3, i:0), leaderCommit=-1, initializing? false, entries: <empty>
2019-09-24 16:17:04,291 DEBUG client.GrpcClientProtocolService (GrpcClientProtocolService.java:<init>(175)) - new 38-OrderedRequestStreamObserver38
2019-09-24 16:17:04,292 DEBUG client.GrpcClientProtocolService (GrpcClientProtocolService.java:sendReply(353)) - 38-OrderedRequestStreamObserver38: sendReply seq=1, RaftClientReply:client-DE317CF077D2->s2@group-E77E9FD8E08A, cid=1023, FAILED org.apache.ratis.protocol.LeaderNotReadyException: s2@group-E77E9FD8E08A is in LEADER state but not ready yet., logIndex=0, commits[s2:c-1, s0:c-1, s1:c-1]
2019-09-24 16:17:04,333 WARN  server.GrpcLogAppender (GrpcLogAppender.java:timeoutAppendRequest(200)) - s2@group-5C26748AB2B1->s0-GrpcLogAppender: appendEntries Timeout, request=s2->s0#1574-t3, previous=(t:3, i:1328), leaderCommit=1227, initializing? false, entries: <empty>
2019-09-24 16:17:04,333 WARN  server.GrpcLogAppender (GrpcLogAppender.java:timeoutAppendRequest(200)) - s2@group-5C26748AB2B1->s1-GrpcLogAppender: appendEntries Timeout, request=s2->s1#1742-t3, previous=(t:3, i:1328), leaderCommit=1227, initializing? false, entries: <empty>
2019-09-24 16:17:04,344 WARN  server.GrpcLogAppender (GrpcLogAppender.java:timeoutAppendRequest(200)) - s2@group-E77E9FD8E08A->s1-GrpcLogAppender: appendEntries Timeout, request=s2->s1#72-t3, previous=(t:3, i:0), leaderCommit=-1, initializing? false, entries: <empty>
2019-09-24 16:17:04,345 WARN  server.GrpcLogAppender (GrpcLogAppender.java:timeoutAppendRequest(200)) - s2@group-E77E9FD8E08A->s0-GrpcLogAppender: appendEntries Timeout, request=s2->s0#72-t3, previous=(t:3, i:0), leaderCommit=-1, initializing? false, entries: <empty>
2019-09-24 16:17:04,393 DEBUG client.GrpcClientProtocolService (GrpcClientProtocolService.java:close(374)) - 38-OrderedRequestStreamObserver38: close
2019-09-24 16:17:04,408 WARN  server.GrpcLogAppender (GrpcLogAppender.java:timeoutAppendRequest(200)) - s2@group-5C26748AB2B1->s0-GrpcLogAppender: appendEntries Timeout, request=s2->s0#1575-t3, previous=(t:3, i:1328), leaderCommit=1227, initializing? false, entries: <empty>
2019-09-24 16:17:04,408 WARN  server.GrpcLogAppender (GrpcLogAppender.java:timeoutAppendRequest(200)) - s2@group-5C26748AB2B1->s1-GrpcLogAppender: appendEntries Timeout, request=s2->s1#1743-t3, previous=(t:3, i:1328), leaderCommit=1227, initializing? false, entries: <empty>
2019-09-24 16:17:04,419 WARN  server.GrpcLogAppender (GrpcLogAppender.java:timeoutAppendRequest(200)) - s2@group-E77E9FD8E08A->s1-GrpcLogAppender: appendEntries Timeout, request=s2->s1#73-t3, previous=(t:3, i:0), leaderCommit=-1, initializing? false, entries: <empty>
2019-09-24 16:17:04,420 WARN  server.GrpcLogAppender (GrpcLogAppender.java:timeoutAppendRequest(200)) - s2@group-E77E9FD8E08A->s0-GrpcLogAppender: appendEntries Timeout, request=s2->s0#73-t3, previous=(t:3, i:0), leaderCommit=-1, initializing? false, entries: <empty>
2019-09-24 16:17:04,483 WARN  server.GrpcLogAppender (GrpcLogAppender.java:timeoutAppendRequest(200)) - s2@group-5C26748AB2B1->s0-GrpcLogAppender: appendEntries Timeout, request=s2->s0#1576-t3, previous=(t:3, i:1328), leaderCommit=1227, initializing? false, entries: <empty>
2019-09-24 16:17:04,484 WARN  server.GrpcLogAppender (GrpcLogAppender.java:timeoutAppendRequest(200)) - s2@group-5C26748AB2B1->s1-GrpcLogAppender: appendEntries Timeout, request=s2->s1#1744-t3, previous=(t:3, i:1328), leaderCommit=1227, initializing? false, entries: <empty>
2019-09-24 16:17:04,494 WARN  server.GrpcLogAppender (GrpcLogAppender.java:timeoutAppendRequest(200)) - s2@group-E77E9FD8E08A->s1-GrpcLogAppender: appendEntries Timeout, request=s2->s1#74-t3, previous=(t:3, i:0), leaderCommit=-1, initializing? false, entries: <empty>
2019-09-24 16:17:04,495 WARN  server.GrpcLogAppender (GrpcLogAppender.java:timeoutAppendRequest(200)) - s2@group-E77E9FD8E08A->s0-GrpcLogAppender: appendEntries Timeout, request=s2->s0#74-t3, previous=(t:3, i:0), leaderCommit=-1, initializing? false, entries: <empty>
2019-09-24 16:17:04,498 DEBUG client.GrpcClientProtocolService (GrpcClientProtocolService.java:<init>(175)) - new 39-OrderedRequestStreamObserver39
2019-09-24 16:17:04,499 DEBUG client.GrpcClientProtocolService (GrpcClientProtocolService.java:sendReply(353)) - 39-OrderedRequestStreamObserver39: sendReply seq=1, RaftClientReply:client-DE317CF077D2->s2@group-E77E9FD8E08A, cid=1023, FAILED org.apache.ratis.protocol.LeaderNotReadyException: s2@group-E77E9FD8E08A is in LEADER state but not ready yet., logIndex=0, commits[s2:c-1, s0:c-1, s1:c-1]
2019-09-24 16:17:04,559 WARN  server.GrpcLogAppender (GrpcLogAppender.java:timeoutAppendRequest(200)) - s2@group-5C26748AB2B1->s0-GrpcLogAppender: appendEntries Timeout, request=s2->s0#1577-t3, previous=(t:3, i:1328), leaderCommit=1227, initializing? false, entries: <empty>
2019-09-24 16:17:04,559 WARN  server.GrpcLogAppender (GrpcLogAppender.java:timeoutAppendRequest(200)) - s2@group-5C26748AB2B1->s1-GrpcLogAppender: appendEntries Timeout, request=s2->s1#1745-t3, previous=(t:3, i:1328), leaderCommit=1227, initializing? false, entries: <empty>
2019-09-24 16:17:04,570 WARN  server.GrpcLogAppender (GrpcLogAppender.java:timeoutAppendRequest(200)) - s2@group-E77E9FD8E08A->s1-GrpcLogAppender: appendEntries Timeout, request=s2->s1#75-t3, previous=(t:3, i:0), leaderCommit=-1, initializing? false, entries: <empty>
2019-09-24 16:17:04,570 WARN  server.GrpcLogAppender (GrpcLogAppender.java:timeoutAppendRequest(200)) - s2@group-E77E9FD8E08A->s0-GrpcLogAppender: appendEntries Timeout, request=s2->s0#75-t3, previous=(t:3, i:0), leaderCommit=-1, initializing? false, entries: <empty>
2019-09-24 16:17:04,600 DEBUG client.GrpcClientProtocolService (GrpcClientProtocolService.java:close(374)) - 39-OrderedRequestStreamObserver39: close
2019-09-24 16:17:04,634 WARN  server.GrpcLogAppender (GrpcLogAppender.java:timeoutAppendRequest(200)) - s2@group-5C26748AB2B1->s0-GrpcLogAppender: appendEntries Timeout, request=s2->s0#1578-t3, previous=(t:3, i:1328), leaderCommit=1227, initializing? false, entries: <empty>
2019-09-24 16:17:04,634 WARN  server.GrpcLogAppender (GrpcLogAppender.java:timeoutAppendRequest(200)) - s2@group-5C26748AB2B1->s1-GrpcLogAppender: appendEntries Timeout, request=s2->s1#1746-t3, previous=(t:3, i:1328), leaderCommit=1227, initializing? false, entries: <empty>
2019-09-24 16:17:04,645 WARN  server.GrpcLogAppender (GrpcLogAppender.java:timeoutAppendRequest(200)) - s2@group-E77E9FD8E08A->s1-GrpcLogAppender: appendEntries Timeout, request=s2->s1#76-t3, previous=(t:3, i:0), leaderCommit=-1, initializing? false, entries: <empty>
2019-09-24 16:17:04,646 WARN  server.GrpcLogAppender (GrpcLogAppender.java:timeoutAppendRequest(200)) - s2@group-E77E9FD8E08A->s0-GrpcLogAppender: appendEntries Timeout, request=s2->s0#76-t3, previous=(t:3, i:0), leaderCommit=-1, initializing? false, entries: <empty>
2019-09-24 16:17:04,705 DEBUG client.GrpcClientProtocolService (GrpcClientProtocolService.java:<init>(175)) - new 40-OrderedRequestStreamObserver40
2019-09-24 16:17:04,706 DEBUG client.GrpcClientProtocolService (GrpcClientProtocolService.java:sendReply(353)) - 40-OrderedRequestStreamObserver40: sendReply seq=1, RaftClientReply:client-DE317CF077D2->s2@group-E77E9FD8E08A, cid=1023, FAILED org.apache.ratis.protocol.LeaderNotReadyException: s2@group-E77E9FD8E08A is in LEADER state but not ready yet., logIndex=0, commits[s2:c-1, s0:c-1, s1:c-1]
2019-09-24 16:17:04,709 WARN  server.GrpcLogAppender (GrpcLogAppender.java:timeoutAppendRequest(200)) - s2@group-5C26748AB2B1->s0-GrpcLogAppender: appendEntries Timeout, request=s2->s0#1579-t3, previous=(t:3, i:1328), leaderCommit=1227, initializing? false, entries: <empty>
2019-09-24 16:17:04,709 WARN  server.GrpcLogAppender (GrpcLogAppender.java:timeoutAppendRequest(200)) - s2@group-5C26748AB2B1->s1-GrpcLogAppender: appendEntries Timeout, request=s2->s1#1747-t3, previous=(t:3, i:1328), leaderCommit=1227, initializing? false, entries: <empty>
2019-09-24 16:17:04,720 WARN  server.GrpcLogAppender (GrpcLogAppender.java:timeoutAppendRequest(200)) - s2@group-E77E9FD8E08A->s1-GrpcLogAppender: appendEntries Timeout, request=s2->s1#77-t3, previous=(t:3, i:0), leaderCommit=-1, initializing? false, entries: <empty>
2019-09-24 16:17:04,721 WARN  server.GrpcLogAppender (GrpcLogAppender.java:timeoutAppendRequest(200)) - s2@group-E77E9FD8E08A->s0-GrpcLogAppender: appendEntries Timeout, request=s2->s0#77-t3, previous=(t:3, i:0), leaderCommit=-1, initializing? false, entries: <empty>
2019-09-24 16:17:04,784 WARN  server.GrpcLogAppender (GrpcLogAppender.java:timeoutAppendRequest(200)) - s2@group-5C26748AB2B1->s0-GrpcLogAppender: appendEntries Timeout, request=s2->s0#1580-t3, previous=(t:3, i:1328), leaderCommit=1227, initializing? false, entries: <empty>
2019-09-24 16:17:04,784 WARN  server.GrpcLogAppender (GrpcLogAppender.java:timeoutAppendRequest(200)) - s2@group-5C26748AB2B1->s1-GrpcLogAppender: appendEntries Timeout, request=s2->s1#1748-t3, previous=(t:3, i:1328), leaderCommit=1227, initializing? false, entries: <empty>
2019-09-24 16:17:04,795 WARN  server.GrpcLogAppender (GrpcLogAppender.java:timeoutAppendRequest(200)) - s2@group-E77E9FD8E08A->s1-GrpcLogAppender: appendEntries Timeout, request=s2->s1#78-t3, previous=(t:3, i:0), leaderCommit=-1, initializing? false, entries: <empty>
2019-09-24 16:17:04,796 WARN  server.GrpcLogAppender (GrpcLogAppender.java:timeoutAppendRequest(200)) - s2@group-E77E9FD8E08A->s0-GrpcLogAppender: appendEntries Timeout, request=s2->s0#78-t3, previous=(t:3, i:0), leaderCommit=-1, initializing? false, entries: <empty>
2019-09-24 16:17:04,807 DEBUG client.GrpcClientProtocolService (GrpcClientProtocolService.java:close(374)) - 40-OrderedRequestStreamObserver40: close
2019-09-24 16:17:04,860 WARN  server.GrpcLogAppender (GrpcLogAppender.java:timeoutAppendRequest(200)) - s2@group-5C26748AB2B1->s0-GrpcLogAppender: appendEntries Timeout, request=s2->s0#1581-t3, previous=(t:3, i:1328), leaderCommit=1227, initializing? false, entries: <empty>
2019-09-24 16:17:04,860 WARN  server.GrpcLogAppender (GrpcLogAppender.java:timeoutAppendRequest(200)) - s2@group-5C26748AB2B1->s1-GrpcLogAppender: appendEntries Timeout, request=s2->s1#1749-t3, previous=(t:3, i:1328), leaderCommit=1227, initializing? false, entries: <empty>
2019-09-24 16:17:04,870 WARN  server.GrpcLogAppender (GrpcLogAppender.java:timeoutAppendRequest(200)) - s2@group-E77E9FD8E08A->s1-GrpcLogAppender: appendEntries Timeout, request=s2->s1#79-t3, previous=(t:3, i:0), leaderCommit=-1, initializing? false, entries: <empty>
2019-09-24 16:17:04,871 WARN  server.GrpcLogAppender (GrpcLogAppender.java:timeoutAppendRequest(200)) - s2@group-E77E9FD8E08A->s0-GrpcLogAppender: appendEntries Timeout, request=s2->s0#79-t3, previous=(t:3, i:0), leaderCommit=-1, initializing? false, entries: <empty>
2019-09-24 16:17:04,912 DEBUG client.GrpcClientProtocolService (GrpcClientProtocolService.java:<init>(175)) - new 41-OrderedRequestStreamObserver41
2019-09-24 16:17:04,913 DEBUG client.GrpcClientProtocolService (GrpcClientProtocolService.java:sendReply(353)) - 41-OrderedRequestStreamObserver41: sendReply seq=1, RaftClientReply:client-DE317CF077D2->s2@group-E77E9FD8E08A, cid=1023, FAILED org.apache.ratis.protocol.LeaderNotReadyException: s2@group-E77E9FD8E08A is in LEADER state but not ready yet., logIndex=0, commits[s2:c-1, s0:c-1, s1:c-1]
2019-09-24 16:17:04,935 WARN  server.GrpcLogAppender (GrpcLogAppender.java:timeoutAppendRequest(200)) - s2@group-5C26748AB2B1->s0-GrpcLogAppender: appendEntries Timeout, request=s2->s0#1582-t3, previous=(t:3, i:1328), leaderCommit=1227, initializing? false, entries: <empty>
2019-09-24 16:17:04,935 WARN  server.GrpcLogAppender (GrpcLogAppender.java:timeoutAppendRequest(200)) - s2@group-5C26748AB2B1->s1-GrpcLogAppender: appendEntries Timeout, request=s2->s1#1750-t3, previous=(t:3, i:1328), leaderCommit=1227, initializing? false, entries: <empty>
2019-09-24 16:17:04,946 WARN  server.GrpcLogAppender (GrpcLogAppender.java:timeoutAppendRequest(200)) - s2@group-E77E9FD8E08A->s1-GrpcLogAppender: appendEntries Timeout, request=s2->s1#80-t3, previous=(t:3, i:0), leaderCommit=-1, initializing? false, entries: <empty>
2019-09-24 16:17:04,946 WARN  server.GrpcLogAppender (GrpcLogAppender.java:timeoutAppendRequest(200)) - s2@group-E77E9FD8E08A->s0-GrpcLogAppender: appendEntries Timeout, request=s2->s0#80-t3, previous=(t:3, i:0), leaderCommit=-1, initializing? false, entries: <empty>
2019-09-24 16:17:04,993 INFO  ratis.MiniRaftCluster (MiniRaftCluster.java:lambda$null$5(297)) - TIMED-PRINT: printing ALL groups
  s0:  RUNNING  FOLLOWER s0@group-E77E9FD8E08A:t3, leader=s2, voted=s2, raftlog=s0@group-E77E9FD8E08A-SegmentedRaftLog:OPENED:c-1,f-1,i0, conf=0: [s0:0.0.0.0:34097, s1:0.0.0.0:42213, s2:0.0.0.0:41839], old=null RUNNING
  s1:  RUNNING  FOLLOWER s1@group-E77E9FD8E08A:t3, leader=s2, voted=s1, raftlog=s1@group-E77E9FD8E08A-SegmentedRaftLog:OPENED:c-1,f-1,i0, conf=0: [s0:0.0.0.0:34097, s1:0.0.0.0:42213, s2:0.0.0.0:41839], old=null RUNNING
  s2:  RUNNING    LEADER s2@group-E77E9FD8E08A:t3, leader=s2, voted=s2, raftlog=s2@group-E77E9FD8E08A-SegmentedRaftLog:OPENED:c-1,f-1,i0, conf=0: [s0:0.0.0.0:34097, s1:0.0.0.0:42213, s2:0.0.0.0:41839], old=null RUNNING
2019-09-24 16:17:05,010 WARN  server.GrpcLogAppender (GrpcLogAppender.java:timeoutAppendRequest(200)) - s2@group-5C26748AB2B1->s0-GrpcLogAppender: appendEntries Timeout, request=s2->s0#1583-t3, previous=(t:3, i:1328), leaderCommit=1227, initializing? false, entries: <empty>
2019-09-24 16:17:05,010 WARN  server.GrpcLogAppender (GrpcLogAppender.java:timeoutAppendRequest(200)) - s2@group-5C26748AB2B1->s1-GrpcLogAppender: appendEntries Timeout, request=s2->s1#1751-t3, previous=(t:3, i:1328), leaderCommit=1227, initializing? false, entries: <empty>
2019-09-24 16:17:05,015 DEBUG client.GrpcClientProtocolService (GrpcClientProtocolService.java:close(374)) - 41-OrderedRequestStreamObserver41: close
2019-09-24 16:17:05,021 WARN  server.GrpcLogAppender (GrpcLogAppender.java:timeoutAppendRequest(200)) - s2@group-E77E9FD8E08A->s1-GrpcLogAppender: appendEntries Timeout, request=s2->s1#81-t3, previous=(t:3, i:0), leaderCommit=-1, initializing? false, entries: <empty>
2019-09-24 16:17:05,022 WARN  server.GrpcLogAppender (GrpcLogAppender.java:timeoutAppendRequest(200)) - s2@group-E77E9FD8E08A->s0-GrpcLogAppender: appendEntries Timeout, request=s2->s0#81-t3, previous=(t:3, i:0), leaderCommit=-1, initializing? false, entries: <empty>
2019-09-24 16:17:05,085 WARN  server.GrpcLogAppender (GrpcLogAppender.java:timeoutAppendRequest(200)) - s2@group-5C26748AB2B1->s0-GrpcLogAppender: appendEntries Timeout, request=s2->s0#1584-t3, previous=(t:3, i:1328), leaderCommit=1227, initializing? false, entries: <empty>
2019-09-24 16:17:05,085 WARN  server.GrpcLogAppender (GrpcLogAppender.java:timeoutAppendRequest(200)) - s2@group-5C26748AB2B1->s1-GrpcLogAppender: appendEntries Timeout, request=s2->s1#1752-t3, previous=(t:3, i:1328), leaderCommit=1227, initializing? false, entries: <empty>
2019-09-24 16:17:05,096 WARN  server.GrpcLogAppender (GrpcLogAppender.java:timeoutAppendRequest(200)) - s2@group-E77E9FD8E08A->s1-GrpcLogAppender: appendEntries Timeout, request=s2->s1#82-t3, previous=(t:3, i:0), leaderCommit=-1, initializing? false, entries: <empty>
2019-09-24 16:17:05,097 WARN  server.GrpcLogAppender (GrpcLogAppender.java:timeoutAppendRequest(200)) - s2@group-E77E9FD8E08A->s0-GrpcLogAppender: appendEntries Timeout, request=s2->s0#82-t3, previous=(t:3, i:0), leaderCommit=-1, initializing? false, entries: <empty>
2019-09-24 16:17:05,120 DEBUG client.GrpcClientProtocolService (GrpcClientProtocolService.java:<init>(175)) - new 42-OrderedRequestStreamObserver42
2019-09-24 16:17:05,121 DEBUG client.GrpcClientProtocolService (GrpcClientProtocolService.java:sendReply(353)) - 42-OrderedRequestStreamObserver42: sendReply seq=1, RaftClientReply:client-DE317CF077D2->s2@group-E77E9FD8E08A, cid=1023, FAILED org.apache.ratis.protocol.LeaderNotReadyException: s2@group-E77E9FD8E08A is in LEADER state but not ready yet., logIndex=0, commits[s2:c-1, s0:c-1, s1:c-1]
2019-09-24 16:17:05,160 WARN  server.GrpcLogAppender (GrpcLogAppender.java:timeoutAppendRequest(200)) - s2@group-5C26748AB2B1->s0-GrpcLogAppender: appendEntries Timeout, request=s2->s0#1585-t3, previous=(t:3, i:1328), leaderCommit=1227, initializing? false, entries: <empty>
2019-09-24 16:17:05,161 WARN  server.GrpcLogAppender (GrpcLogAppender.java:timeoutAppendRequest(200)) - s2@group-5C26748AB2B1->s1-GrpcLogAppender: appendEntries Timeout, request=s2->s1#1753-t3, previous=(t:3, i:1328), leaderCommit=1227, initializing? false, entries: <empty>
2019-09-24 16:17:05,171 WARN  server.GrpcLogAppender (GrpcLogAppender.java:timeoutAppendRequest(200)) - s2@group-E77E9FD8E08A->s1-GrpcLogAppender: appendEntries Timeout, request=s2->s1#83-t3, previous=(t:3, i:0), leaderCommit=-1, initializing? false, entries: <empty>
2019-09-24 16:17:05,172 WARN  server.GrpcLogAppender (GrpcLogAppender.java:timeoutAppendRequest(200)) - s2@group-E77E9FD8E08A->s0-GrpcLogAppender: appendEntries Timeout, request=s2->s0#83-t3, previous=(t:3, i:0), leaderCommit=-1, initializing? false, entries: <empty>
2019-09-24 16:17:05,223 DEBUG client.GrpcClientProtocolService (GrpcClientProtocolService.java:close(374)) - 42-OrderedRequestStreamObserver42: close
2019-09-24 16:17:05,236 WARN  server.GrpcLogAppender (GrpcLogAppender.java:timeoutAppendRequest(200)) - s2@group-5C26748AB2B1->s0-GrpcLogAppender: appendEntries Timeout, request=s2->s0#1586-t3, previous=(t:3, i:1328), leaderCommit=1227, initializing? false, entries: <empty>
2019-09-24 16:17:05,236 WARN  server.GrpcLogAppender (GrpcLogAppender.java:timeoutAppendRequest(200)) - s2@group-5C26748AB2B1->s1-GrpcLogAppender: appendEntries Timeout, request=s2->s1#1754-t3, previous=(t:3, i:1328), leaderCommit=1227, initializing? false, entries: <empty>
2019-09-24 16:17:05,247 WARN  server.GrpcLogAppender (GrpcLogAppender.java:timeoutAppendRequest(200)) - s2@group-E77E9FD8E08A->s1-GrpcLogAppender: appendEntries Timeout, request=s2->s1#84-t3, previous=(t:3, i:0), leaderCommit=-1, initializing? false, entries: <empty>
2019-09-24 16:17:05,247 WARN  server.GrpcLogAppender (GrpcLogAppender.java:timeoutAppendRequest(200)) - s2@group-E77E9FD8E08A->s0-GrpcLogAppender: appendEntries Timeout, request=s2->s0#84-t3, previous=(t:3, i:0), leaderCommit=-1, initializing? false, entries: <empty>
2019-09-24 16:17:05,264 DEBUG client.GrpcClientProtocolService (GrpcClientProtocolService.java:responseError(257)) - 27-OrderedRequestStreamObserver27: Failed onNext for client-EDB41257C35F->s2#923-924* in 27-OrderedRequestStreamObserver27
java.lang.IllegalStateException: Entry already exists for key 924 in map SlidingWindow$Server:27-OrderedRequestStreamObserver27:requests
	at org.apache.ratis.util.Preconditions.assertTrue(Preconditions.java:75)
	at org.apache.ratis.util.CollectionUtils.putNew(CollectionUtils.java:94)
	at org.apache.ratis.util.SlidingWindow$RequestMap.putNewRequest(SlidingWindow.java:126)
	at org.apache.ratis.util.SlidingWindow$Server.receivedRequest(SlidingWindow.java:420)
	at org.apache.ratis.grpc.client.GrpcClientProtocolService$OrderedRequestStreamObserver.processClientRequest(GrpcClientProtocolService.java:345)
	at org.apache.ratis.grpc.client.GrpcClientProtocolService$RequestStreamObserver.onNext(GrpcClientProtocolService.java:240)
	at org.apache.ratis.grpc.client.GrpcClientProtocolService$RequestStreamObserver.onNext(GrpcClientProtocolService.java:168)
	at org.apache.ratis.thirdparty.io.grpc.stub.ServerCalls$StreamingServerCallHandler$StreamingServerCallListener.onMessage(ServerCalls.java:248)
	at org.apache.ratis.thirdparty.io.grpc.internal.ServerCallImpl$ServerStreamListenerImpl.messagesAvailable(ServerCallImpl.java:263)
	at org.apache.ratis.thirdparty.io.grpc.internal.ServerImpl$JumpToApplicationThreadServerStreamListener$1MessagesAvailable.runInContext(ServerImpl.java:686)
	at org.apache.ratis.thirdparty.io.grpc.internal.ContextRunnable.run(ContextRunnable.java:37)
	at org.apache.ratis.thirdparty.io.grpc.internal.SerializingExecutor.run(SerializingExecutor.java:123)
	at java.util.concurrent.ThreadPoolExecutor.runWorker(ThreadPoolExecutor.java:1149)
	at java.util.concurrent.ThreadPoolExecutor$Worker.run(ThreadPoolExecutor.java:624)
	at java.lang.Thread.run(Thread.java:748)
2019-09-24 16:17:05,311 WARN  server.GrpcLogAppender (GrpcLogAppender.java:timeoutAppendRequest(200)) - s2@group-5C26748AB2B1->s0-GrpcLogAppender: appendEntries Timeout, request=s2->s0#1587-t3, previous=(t:3, i:1328), leaderCommit=1227, initializing? false, entries: <empty>
2019-09-24 16:17:05,311 WARN  server.GrpcLogAppender (GrpcLogAppender.java:timeoutAppendRequest(200)) - s2@group-5C26748AB2B1->s1-GrpcLogAppender: appendEntries Timeout, request=s2->s1#1755-t3, previous=(t:3, i:1328), leaderCommit=1227, initializing? false, entries: <empty>
2019-09-24 16:17:05,322 WARN  server.GrpcLogAppender (GrpcLogAppender.java:timeoutAppendRequest(200)) - s2@group-E77E9FD8E08A->s1-GrpcLogAppender: appendEntries Timeout, request=s2->s1#85-t3, previous=(t:3, i:0), leaderCommit=-1, initializing? false, entries: <empty>
2019-09-24 16:17:05,322 WARN  server.GrpcLogAppender (GrpcLogAppender.java:timeoutAppendRequest(200)) - s2@group-E77E9FD8E08A->s0-GrpcLogAppender: appendEntries Timeout, request=s2->s0#85-t3, previous=(t:3, i:0), leaderCommit=-1, initializing? false, entries: <empty>
2019-09-24 16:17:05,327 DEBUG client.GrpcClientProtocolService (GrpcClientProtocolService.java:<init>(175)) - new 43-OrderedRequestStreamObserver43
2019-09-24 16:17:05,328 DEBUG client.GrpcClientProtocolService (GrpcClientProtocolService.java:sendReply(353)) - 43-OrderedRequestStreamObserver43: sendReply seq=1, RaftClientReply:client-DE317CF077D2->s2@group-E77E9FD8E08A, cid=1023, FAILED org.apache.ratis.protocol.LeaderNotReadyException: s2@group-E77E9FD8E08A is in LEADER state but not ready yet., logIndex=0, commits[s2:c-1, s0:c-1, s1:c-1]
2019-09-24 16:17:05,374 DEBUG client.GrpcClientProtocolService (GrpcClientProtocolService.java:<init>(175)) - new 7-OrderedRequestStreamObserver7
2019-09-24 16:17:05,375 DEBUG client.GrpcClientProtocolService (GrpcClientProtocolService.java:sendReply(353)) - 7-OrderedRequestStreamObserver7: sendReply seq=924, RaftClientReply:client-EDB41257C35F->s1@group-5C26748AB2B1, cid=923, FAILED org.apache.ratis.protocol.NotLeaderException: Server s1@group-5C26748AB2B1 is not the leader s2:0.0.0.0:34862, logIndex=0, commits[s1:c1227, s0:c1121, s2:c1227]
2019-09-24 16:17:05,378 DEBUG client.GrpcClientProtocolService (GrpcClientProtocolService.java:close(374)) - 7-OrderedRequestStreamObserver7: close
2019-09-24 16:17:05,382 DEBUG client.GrpcClientProtocolService (GrpcClientProtocolService.java:<init>(175)) - new 28-OrderedRequestStreamObserver28
2019-09-24 16:17:05,386 WARN  server.GrpcLogAppender (GrpcLogAppender.java:timeoutAppendRequest(200)) - s2@group-5C26748AB2B1->s1-GrpcLogAppender: appendEntries Timeout, request=s2->s1#1756-t3, previous=(t:3, i:1328), leaderCommit=1227, initializing? false, entries: <empty>
2019-09-24 16:17:05,386 WARN  server.GrpcLogAppender (GrpcLogAppender.java:timeoutAppendRequest(200)) - s2@group-5C26748AB2B1->s0-GrpcLogAppender: appendEntries Timeout, request=s2->s0#1588-t3, previous=(t:3, i:1328), leaderCommit=1227, initializing? false, entries: <empty>
2019-09-24 16:17:05,397 WARN  server.GrpcLogAppender (GrpcLogAppender.java:timeoutAppendRequest(200)) - s2@group-E77E9FD8E08A->s1-GrpcLogAppender: appendEntries Timeout, request=s2->s1#86-t3, previous=(t:3, i:0), leaderCommit=-1, initializing? false, entries: <empty>
2019-09-24 16:17:05,398 WARN  server.GrpcLogAppender (GrpcLogAppender.java:timeoutAppendRequest(200)) - s2@group-E77E9FD8E08A->s0-GrpcLogAppender: appendEntries Timeout, request=s2->s0#86-t3, previous=(t:3, i:0), leaderCommit=-1, initializing? false, entries: <empty>
2019-09-24 16:17:05,430 DEBUG client.GrpcClientProtocolService (GrpcClientProtocolService.java:close(374)) - 43-OrderedRequestStreamObserver43: close
2019-09-24 16:17:05,461 WARN  server.GrpcLogAppender (GrpcLogAppender.java:timeoutAppendRequest(200)) - s2@group-5C26748AB2B1->s1-GrpcLogAppender: appendEntries Timeout, request=s2->s1#1757-t3, previous=(t:3, i:1328), leaderCommit=1227, initializing? false, entries: <empty>
2019-09-24 16:17:05,461 WARN  server.GrpcLogAppender (GrpcLogAppender.java:timeoutAppendRequest(200)) - s2@group-5C26748AB2B1->s0-GrpcLogAppender: appendEntries Timeout, request=s2->s0#1589-t3, previous=(t:3, i:1328), leaderCommit=1227, initializing? false, entries: <empty>
2019-09-24 16:17:05,472 WARN  server.GrpcLogAppender (GrpcLogAppender.java:timeoutAppendRequest(200)) - s2@group-E77E9FD8E08A->s1-GrpcLogAppender: appendEntries Timeout, request=s2->s1#87-t3, previous=(t:3, i:0), leaderCommit=-1, initializing? false, entries: <empty>
2019-09-24 16:17:05,473 WARN  server.GrpcLogAppender (GrpcLogAppender.java:timeoutAppendRequest(200)) - s2@group-E77E9FD8E08A->s0-GrpcLogAppender: appendEntries Timeout, request=s2->s0#87-t3, previous=(t:3, i:0), leaderCommit=-1, initializing? false, entries: <empty>
2019-09-24 16:17:05,533 DEBUG client.GrpcClientProtocolService (GrpcClientProtocolService.java:<init>(175)) - new 44-OrderedRequestStreamObserver44
2019-09-24 16:17:05,534 DEBUG client.GrpcClientProtocolService (GrpcClientProtocolService.java:sendReply(353)) - 44-OrderedRequestStreamObserver44: sendReply seq=1, RaftClientReply:client-DE317CF077D2->s2@group-E77E9FD8E08A, cid=1023, FAILED org.apache.ratis.protocol.LeaderNotReadyException: s2@group-E77E9FD8E08A is in LEADER state but not ready yet., logIndex=0, commits[s2:c-1, s0:c-1, s1:c-1]
2019-09-24 16:17:05,536 WARN  server.GrpcLogAppender (GrpcLogAppender.java:timeoutAppendRequest(200)) - s2@group-5C26748AB2B1->s1-GrpcLogAppender: appendEntries Timeout, request=s2->s1#1758-t3, previous=(t:3, i:1328), leaderCommit=1227, initializing? false, entries: <empty>
2019-09-24 16:17:05,537 WARN  server.GrpcLogAppender (GrpcLogAppender.java:timeoutAppendRequest(200)) - s2@group-5C26748AB2B1->s0-GrpcLogAppender: appendEntries Timeout, request=s2->s0#1590-t3, previous=(t:3, i:1328), leaderCommit=1227, initializing? false, entries: <empty>
2019-09-24 16:17:05,547 WARN  server.GrpcLogAppender (GrpcLogAppender.java:timeoutAppendRequest(200)) - s2@group-E77E9FD8E08A->s1-GrpcLogAppender: appendEntries Timeout, request=s2->s1#88-t3, previous=(t:3, i:0), leaderCommit=-1, initializing? false, entries: <empty>
2019-09-24 16:17:05,548 WARN  server.GrpcLogAppender (GrpcLogAppender.java:timeoutAppendRequest(200)) - s2@group-E77E9FD8E08A->s0-GrpcLogAppender: appendEntries Timeout, request=s2->s0#88-t3, previous=(t:3, i:0), leaderCommit=-1, initializing? false, entries: <empty>
2019-09-24 16:17:05,612 WARN  server.GrpcLogAppender (GrpcLogAppender.java:timeoutAppendRequest(200)) - s2@group-5C26748AB2B1->s1-GrpcLogAppender: appendEntries Timeout, request=s2->s1#1759-t3, previous=(t:3, i:1328), leaderCommit=1227, initializing? false, entries: <empty>
2019-09-24 16:17:05,612 WARN  server.GrpcLogAppender (GrpcLogAppender.java:timeoutAppendRequest(200)) - s2@group-5C26748AB2B1->s0-GrpcLogAppender: appendEntries Timeout, request=s2->s0#1591-t3, previous=(t:3, i:1328), leaderCommit=1227, initializing? false, entries: <empty>
2019-09-24 16:17:05,623 WARN  server.GrpcLogAppender (GrpcLogAppender.java:timeoutAppendRequest(200)) - s2@group-E77E9FD8E08A->s1-GrpcLogAppender: appendEntries Timeout, request=s2->s1#89-t3, previous=(t:3, i:0), leaderCommit=-1, initializing? false, entries: <empty>
2019-09-24 16:17:05,623 WARN  server.GrpcLogAppender (GrpcLogAppender.java:timeoutAppendRequest(200)) - s2@group-E77E9FD8E08A->s0-GrpcLogAppender: appendEntries Timeout, request=s2->s0#89-t3, previous=(t:3, i:0), leaderCommit=-1, initializing? false, entries: <empty>
2019-09-24 16:17:05,636 DEBUG client.GrpcClientProtocolService (GrpcClientProtocolService.java:close(374)) - 44-OrderedRequestStreamObserver44: close
2019-09-24 16:17:05,687 WARN  server.GrpcLogAppender (GrpcLogAppender.java:timeoutAppendRequest(200)) - s2@group-5C26748AB2B1->s1-GrpcLogAppender: appendEntries Timeout, request=s2->s1#1760-t3, previous=(t:3, i:1328), leaderCommit=1227, initializing? false, entries: <empty>
2019-09-24 16:17:05,687 WARN  server.GrpcLogAppender (GrpcLogAppender.java:timeoutAppendRequest(200)) - s2@group-5C26748AB2B1->s0-GrpcLogAppender: appendEntries Timeout, request=s2->s0#1592-t3, previous=(t:3, i:1328), leaderCommit=1227, initializing? false, entries: <empty>
2019-09-24 16:17:05,698 WARN  server.GrpcLogAppender (GrpcLogAppender.java:timeoutAppendRequest(200)) - s2@group-E77E9FD8E08A->s1-GrpcLogAppender: appendEntries Timeout, request=s2->s1#90-t3, previous=(t:3, i:0), leaderCommit=-1, initializing? false, entries: <empty>
2019-09-24 16:17:05,698 WARN  server.GrpcLogAppender (GrpcLogAppender.java:timeoutAppendRequest(200)) - s2@group-E77E9FD8E08A->s0-GrpcLogAppender: appendEntries Timeout, request=s2->s0#90-t3, previous=(t:3, i:0), leaderCommit=-1, initializing? false, entries: <empty>
2019-09-24 16:17:05,744 DEBUG client.GrpcClientProtocolService (GrpcClientProtocolService.java:<init>(175)) - new 45-OrderedRequestStreamObserver45
2019-09-24 16:17:05,746 DEBUG client.GrpcClientProtocolService (GrpcClientProtocolService.java:sendReply(353)) - 45-OrderedRequestStreamObserver45: sendReply seq=1, RaftClientReply:client-DE317CF077D2->s2@group-E77E9FD8E08A, cid=1023, FAILED org.apache.ratis.protocol.LeaderNotReadyException: s2@group-E77E9FD8E08A is in LEADER state but not ready yet., logIndex=0, commits[s2:c-1, s0:c-1, s1:c-1]
2019-09-24 16:17:05,762 WARN  server.GrpcLogAppender (GrpcLogAppender.java:timeoutAppendRequest(200)) - s2@group-5C26748AB2B1->s1-GrpcLogAppender: appendEntries Timeout, request=s2->s1#1761-t3, previous=(t:3, i:1328), leaderCommit=1227, initializing? false, entries: <empty>
2019-09-24 16:17:05,762 WARN  server.GrpcLogAppender (GrpcLogAppender.java:timeoutAppendRequest(200)) - s2@group-5C26748AB2B1->s0-GrpcLogAppender: appendEntries Timeout, request=s2->s0#1593-t3, previous=(t:3, i:1328), leaderCommit=1227, initializing? false, entries: <empty>
2019-09-24 16:17:05,773 WARN  server.GrpcLogAppender (GrpcLogAppender.java:timeoutAppendRequest(200)) - s2@group-E77E9FD8E08A->s1-GrpcLogAppender: appendEntries Timeout, request=s2->s1#91-t3, previous=(t:3, i:0), leaderCommit=-1, initializing? false, entries: <empty>
2019-09-24 16:17:05,774 WARN  server.GrpcLogAppender (GrpcLogAppender.java:timeoutAppendRequest(200)) - s2@group-E77E9FD8E08A->s0-GrpcLogAppender: appendEntries Timeout, request=s2->s0#91-t3, previous=(t:3, i:0), leaderCommit=-1, initializing? false, entries: <empty>
2019-09-24 16:17:05,837 WARN  server.GrpcLogAppender (GrpcLogAppender.java:timeoutAppendRequest(200)) - s2@group-5C26748AB2B1->s1-GrpcLogAppender: appendEntries Timeout, request=s2->s1#1762-t3, previous=(t:3, i:1328), leaderCommit=1227, initializing? false, entries: <empty>
2019-09-24 16:17:05,838 WARN  server.GrpcLogAppender (GrpcLogAppender.java:timeoutAppendRequest(200)) - s2@group-5C26748AB2B1->s0-GrpcLogAppender: appendEntries Timeout, request=s2->s0#1594-t3, previous=(t:3, i:1328), leaderCommit=1227, initializing? false, entries: <empty>
2019-09-24 16:17:05,848 WARN  server.GrpcLogAppender (GrpcLogAppender.java:timeoutAppendRequest(200)) - s2@group-E77E9FD8E08A->s1-GrpcLogAppender: appendEntries Timeout, request=s2->s1#92-t3, previous=(t:3, i:0), leaderCommit=-1, initializing? false, entries: <empty>
2019-09-24 16:17:05,849 WARN  server.GrpcLogAppender (GrpcLogAppender.java:timeoutAppendRequest(200)) - s2@group-E77E9FD8E08A->s0-GrpcLogAppender: appendEntries Timeout, request=s2->s0#92-t3, previous=(t:3, i:0), leaderCommit=-1, initializing? false, entries: <empty>
2019-09-24 16:17:05,849 DEBUG client.GrpcClientProtocolService (GrpcClientProtocolService.java:close(374)) - 45-OrderedRequestStreamObserver45: close
2019-09-24 16:17:05,912 WARN  server.GrpcLogAppender (GrpcLogAppender.java:timeoutAppendRequest(200)) - s2@group-5C26748AB2B1->s1-GrpcLogAppender: appendEntries Timeout, request=s2->s1#1763-t3, previous=(t:3, i:1328), leaderCommit=1227, initializing? false, entries: <empty>
2019-09-24 16:17:05,913 WARN  server.GrpcLogAppender (GrpcLogAppender.java:timeoutAppendRequest(200)) - s2@group-5C26748AB2B1->s0-GrpcLogAppender: appendEntries Timeout, request=s2->s0#1595-t3, previous=(t:3, i:1328), leaderCommit=1227, initializing? false, entries: <empty>
2019-09-24 16:17:05,924 WARN  server.GrpcLogAppender (GrpcLogAppender.java:timeoutAppendRequest(200)) - s2@group-E77E9FD8E08A->s1-GrpcLogAppender: appendEntries Timeout, request=s2->s1#93-t3, previous=(t:3, i:0), leaderCommit=-1, initializing? false, entries: <empty>
2019-09-24 16:17:05,924 WARN  server.GrpcLogAppender (GrpcLogAppender.java:timeoutAppendRequest(200)) - s2@group-E77E9FD8E08A->s0-GrpcLogAppender: appendEntries Timeout, request=s2->s0#93-t3, previous=(t:3, i:0), leaderCommit=-1, initializing? false, entries: <empty>
2019-09-24 16:17:05,954 DEBUG client.GrpcClientProtocolService (GrpcClientProtocolService.java:<init>(175)) - new 46-OrderedRequestStreamObserver46
2019-09-24 16:17:05,954 DEBUG client.GrpcClientProtocolService (GrpcClientProtocolService.java:sendReply(353)) - 46-OrderedRequestStreamObserver46: sendReply seq=1, RaftClientReply:client-DE317CF077D2->s2@group-E77E9FD8E08A, cid=1023, FAILED org.apache.ratis.protocol.LeaderNotReadyException: s2@group-E77E9FD8E08A is in LEADER state but not ready yet., logIndex=0, commits[s2:c-1, s0:c-1, s1:c-1]
2019-09-24 16:17:05,987 WARN  server.GrpcLogAppender (GrpcLogAppender.java:timeoutAppendRequest(200)) - s2@group-5C26748AB2B1->s1-GrpcLogAppender: appendEntries Timeout, request=s2->s1#1764-t3, previous=(t:3, i:1328), leaderCommit=1227, initializing? false, entries: <empty>
2019-09-24 16:17:05,988 WARN  server.GrpcLogAppender (GrpcLogAppender.java:timeoutAppendRequest(200)) - s2@group-5C26748AB2B1->s0-GrpcLogAppender: appendEntries Timeout, request=s2->s0#1596-t3, previous=(t:3, i:1328), leaderCommit=1227, initializing? false, entries: <empty>
2019-09-24 16:17:05,999 WARN  server.GrpcLogAppender (GrpcLogAppender.java:timeoutAppendRequest(200)) - s2@group-E77E9FD8E08A->s1-GrpcLogAppender: appendEntries Timeout, request=s2->s1#94-t3, previous=(t:3, i:0), leaderCommit=-1, initializing? false, entries: <empty>
2019-09-24 16:17:06,000 WARN  server.GrpcLogAppender (GrpcLogAppender.java:timeoutAppendRequest(200)) - s2@group-E77E9FD8E08A->s0-GrpcLogAppender: appendEntries Timeout, request=s2->s0#94-t3, previous=(t:3, i:0), leaderCommit=-1, initializing? false, entries: <empty>
2019-09-24 16:17:06,056 DEBUG client.GrpcClientProtocolService (GrpcClientProtocolService.java:close(374)) - 46-OrderedRequestStreamObserver46: close
2019-09-24 16:17:06,063 WARN  server.GrpcLogAppender (GrpcLogAppender.java:timeoutAppendRequest(200)) - s2@group-5C26748AB2B1->s1-GrpcLogAppender: appendEntries Timeout, request=s2->s1#1765-t3, previous=(t:3, i:1328), leaderCommit=1227, initializing? false, entries: <empty>
2019-09-24 16:17:06,064 WARN  server.GrpcLogAppender (GrpcLogAppender.java:timeoutAppendRequest(200)) - s2@group-5C26748AB2B1->s0-GrpcLogAppender: appendEntries Timeout, request=s2->s0#1597-t3, previous=(t:3, i:1328), leaderCommit=1227, initializing? false, entries: <empty>
2019-09-24 16:17:06,075 WARN  server.GrpcLogAppender (GrpcLogAppender.java:timeoutAppendRequest(200)) - s2@group-E77E9FD8E08A->s0-GrpcLogAppender: appendEntries Timeout, request=s2->s0#95-t3, previous=(t:3, i:0), leaderCommit=-1, initializing? false, entries: <empty>
2019-09-24 16:17:06,075 WARN  server.GrpcLogAppender (GrpcLogAppender.java:timeoutAppendRequest(200)) - s2@group-E77E9FD8E08A->s1-GrpcLogAppender: appendEntries Timeout, request=s2->s1#95-t3, previous=(t:3, i:0), leaderCommit=-1, initializing? false, entries: <empty>
2019-09-24 16:17:06,138 WARN  server.GrpcLogAppender (GrpcLogAppender.java:timeoutAppendRequest(200)) - s2@group-5C26748AB2B1->s1-GrpcLogAppender: appendEntries Timeout, request=s2->s1#1766-t3, previous=(t:3, i:1328), leaderCommit=1227, initializing? false, entries: <empty>
2019-09-24 16:17:06,139 WARN  server.GrpcLogAppender (GrpcLogAppender.java:timeoutAppendRequest(200)) - s2@group-5C26748AB2B1->s0-GrpcLogAppender: appendEntries Timeout, request=s2->s0#1598-t3, previous=(t:3, i:1328), leaderCommit=1227, initializing? false, entries: <empty>
2019-09-24 16:17:06,150 WARN  server.GrpcLogAppender (GrpcLogAppender.java:timeoutAppendRequest(200)) - s2@group-E77E9FD8E08A->s0-GrpcLogAppender: appendEntries Timeout, request=s2->s0#96-t3, previous=(t:3, i:0), leaderCommit=-1, initializing? false, entries: <empty>
2019-09-24 16:17:06,150 WARN  server.GrpcLogAppender (GrpcLogAppender.java:timeoutAppendRequest(200)) - s2@group-E77E9FD8E08A->s1-GrpcLogAppender: appendEntries Timeout, request=s2->s1#96-t3, previous=(t:3, i:0), leaderCommit=-1, initializing? false, entries: <empty>
2019-09-24 16:17:06,160 DEBUG client.GrpcClientProtocolService (GrpcClientProtocolService.java:<init>(175)) - new 47-OrderedRequestStreamObserver47
2019-09-24 16:17:06,161 DEBUG client.GrpcClientProtocolService (GrpcClientProtocolService.java:sendReply(353)) - 47-OrderedRequestStreamObserver47: sendReply seq=1, RaftClientReply:client-DE317CF077D2->s2@group-E77E9FD8E08A, cid=1023, FAILED org.apache.ratis.protocol.LeaderNotReadyException: s2@group-E77E9FD8E08A is in LEADER state but not ready yet., logIndex=0, commits[s2:c-1, s0:c-1, s1:c-1]
2019-09-24 16:17:06,213 WARN  server.GrpcLogAppender (GrpcLogAppender.java:timeoutAppendRequest(200)) - s2@group-5C26748AB2B1->s1-GrpcLogAppender: appendEntries Timeout, request=s2->s1#1767-t3, previous=(t:3, i:1328), leaderCommit=1227, initializing? false, entries: <empty>
2019-09-24 16:17:06,214 WARN  server.GrpcLogAppender (GrpcLogAppender.java:timeoutAppendRequest(200)) - s2@group-5C26748AB2B1->s0-GrpcLogAppender: appendEntries Timeout, request=s2->s0#1599-t3, previous=(t:3, i:1328), leaderCommit=1227, initializing? false, entries: <empty>
2019-09-24 16:17:06,225 WARN  server.GrpcLogAppender (GrpcLogAppender.java:timeoutAppendRequest(200)) - s2@group-E77E9FD8E08A->s0-GrpcLogAppender: appendEntries Timeout, request=s2->s0#97-t3, previous=(t:3, i:0), leaderCommit=-1, initializing? false, entries: <empty>
2019-09-24 16:17:06,225 WARN  server.GrpcLogAppender (GrpcLogAppender.java:timeoutAppendRequest(200)) - s2@group-E77E9FD8E08A->s1-GrpcLogAppender: appendEntries Timeout, request=s2->s1#97-t3, previous=(t:3, i:0), leaderCommit=-1, initializing? false, entries: <empty>
2019-09-24 16:17:06,262 DEBUG client.GrpcClientProtocolService (GrpcClientProtocolService.java:close(374)) - 47-OrderedRequestStreamObserver47: close
2019-09-24 16:17:06,288 WARN  server.GrpcLogAppender (GrpcLogAppender.java:timeoutAppendRequest(200)) - s2@group-5C26748AB2B1->s1-GrpcLogAppender: appendEntries Timeout, request=s2->s1#1768-t3, previous=(t:3, i:1328), leaderCommit=1227, initializing? false, entries: <empty>
2019-09-24 16:17:06,289 WARN  server.GrpcLogAppender (GrpcLogAppender.java:timeoutAppendRequest(200)) - s2@group-5C26748AB2B1->s0-GrpcLogAppender: appendEntries Timeout, request=s2->s0#1600-t3, previous=(t:3, i:1328), leaderCommit=1227, initializing? false, entries: <empty>
2019-09-24 16:17:06,300 WARN  server.GrpcLogAppender (GrpcLogAppender.java:timeoutAppendRequest(200)) - s2@group-E77E9FD8E08A->s0-GrpcLogAppender: appendEntries Timeout, request=s2->s0#98-t3, previous=(t:3, i:0), leaderCommit=-1, initializing? false, entries: <empty>
2019-09-24 16:17:06,300 WARN  server.GrpcLogAppender (GrpcLogAppender.java:timeoutAppendRequest(200)) - s2@group-E77E9FD8E08A->s1-GrpcLogAppender: appendEntries Timeout, request=s2->s1#98-t3, previous=(t:3, i:0), leaderCommit=-1, initializing? false, entries: <empty>
2019-09-24 16:17:06,364 WARN  server.GrpcLogAppender (GrpcLogAppender.java:timeoutAppendRequest(200)) - s2@group-5C26748AB2B1->s1-GrpcLogAppender: appendEntries Timeout, request=s2->s1#1769-t3, previous=(t:3, i:1328), leaderCommit=1227, initializing? false, entries: <empty>
2019-09-24 16:17:06,364 WARN  server.GrpcLogAppender (GrpcLogAppender.java:timeoutAppendRequest(200)) - s2@group-5C26748AB2B1->s0-GrpcLogAppender: appendEntries Timeout, request=s2->s0#1601-t3, previous=(t:3, i:1328), leaderCommit=1227, initializing? false, entries: <empty>
2019-09-24 16:17:06,367 WARN  server.GrpcLogAppender (GrpcLogAppender.java:onNextImpl(251)) - s2@group-5C26748AB2B1->s0-AppendLogResponseHandler: Request not found, ignoring reply: s2<-s0#1413:OK,SUCCESS,nextIndex:1230,term:3,followerCommit:1227
2019-09-24 16:17:06,367 WARN  server.GrpcLogAppender (GrpcLogAppender.java:onNextImpl(251)) - s2@group-5C26748AB2B1->s0-AppendLogResponseHandler: Request not found, ignoring reply: s2<-s0#1414:OK,SUCCESS,nextIndex:1231,term:3,followerCommit:1227
2019-09-24 16:17:06,368 WARN  server.GrpcLogAppender (GrpcLogAppender.java:onNextImpl(251)) - s2@group-5C26748AB2B1->s0-AppendLogResponseHandler: Request not found, ignoring reply: s2<-s0#1415:OK,SUCCESS,nextIndex:1232,term:3,followerCommit:1227
2019-09-24 16:17:06,368 WARN  server.GrpcLogAppender (GrpcLogAppender.java:onNextImpl(251)) - s2@group-5C26748AB2B1->s1-AppendLogResponseHandler: Request not found, ignoring reply: s2<-s1#1581:OK,SUCCESS,nextIndex:1230,term:3,followerCommit:1227
2019-09-24 16:17:06,369 WARN  server.GrpcLogAppender (GrpcLogAppender.java:onNextImpl(251)) - s2@group-5C26748AB2B1->s1-AppendLogResponseHandler: Request not found, ignoring reply: s2<-s1#1582:OK,SUCCESS,nextIndex:1231,term:3,followerCommit:1227
2019-09-24 16:17:06,369 WARN  server.GrpcLogAppender (GrpcLogAppender.java:onNextImpl(251)) - s2@group-5C26748AB2B1->s0-AppendLogResponseHandler: Request not found, ignoring reply: s2<-s0#1416:OK,SUCCESS,nextIndex:1233,term:3,followerCommit:1227
2019-09-24 16:17:06,369 DEBUG client.GrpcClientProtocolService (GrpcClientProtocolService.java:<init>(175)) - new 48-OrderedRequestStreamObserver48
2019-09-24 16:17:06,370 WARN  server.GrpcLogAppender (GrpcLogAppender.java:onNextImpl(251)) - s2@group-5C26748AB2B1->s0-AppendLogResponseHandler: Request not found, ignoring reply: s2<-s0#1417:OK,SUCCESS,nextIndex:1234,term:3,followerCommit:1227
2019-09-24 16:17:06,370 WARN  server.GrpcLogAppender (GrpcLogAppender.java:onNextImpl(251)) - s2@group-5C26748AB2B1->s0-AppendLogResponseHandler: Request not found, ignoring reply: s2<-s0#1418:OK,SUCCESS,nextIndex:1235,term:3,followerCommit:1227
2019-09-24 16:17:06,370 WARN  server.GrpcLogAppender (GrpcLogAppender.java:onNextImpl(251)) - s2@group-5C26748AB2B1->s0-AppendLogResponseHandler: Request not found, ignoring reply: s2<-s0#1419:OK,SUCCESS,nextIndex:1236,term:3,followerCommit:1227
2019-09-24 16:17:06,371 WARN  server.GrpcLogAppender (GrpcLogAppender.java:onNextImpl(251)) - s2@group-5C26748AB2B1->s0-AppendLogResponseHandler: Request not found, ignoring reply: s2<-s0#1420:OK,SUCCESS,nextIndex:1237,term:3,followerCommit:1227
2019-09-24 16:17:06,371 DEBUG client.GrpcClientProtocolService (GrpcClientProtocolService.java:sendReply(353)) - 48-OrderedRequestStreamObserver48: sendReply seq=1, RaftClientReply:client-DE317CF077D2->s2@group-E77E9FD8E08A, cid=1023, FAILED org.apache.ratis.protocol.LeaderNotReadyException: s2@group-E77E9FD8E08A is in LEADER state but not ready yet., logIndex=0, commits[s2:c-1, s0:c-1, s1:c-1]
2019-09-24 16:17:06,371 WARN  server.GrpcLogAppender (GrpcLogAppender.java:onNextImpl(251)) - s2@group-5C26748AB2B1->s1-AppendLogResponseHandler: Request not found, ignoring reply: s2<-s1#1583:OK,SUCCESS,nextIndex:1232,term:3,followerCommit:1227
2019-09-24 16:17:06,371 WARN  server.GrpcLogAppender (GrpcLogAppender.java:onNextImpl(251)) - s2@group-5C26748AB2B1->s0-AppendLogResponseHandler: Request not found, ignoring reply: s2<-s0#1421:OK,SUCCESS,nextIndex:1238,term:3,followerCommit:1227
2019-09-24 16:17:06,372 WARN  server.GrpcLogAppender (GrpcLogAppender.java:onNextImpl(251)) - s2@group-5C26748AB2B1->s0-AppendLogResponseHandler: Request not found, ignoring reply: s2<-s0#1422:OK,SUCCESS,nextIndex:1239,term:3,followerCommit:1227
2019-09-24 16:17:06,372 WARN  server.GrpcLogAppender (GrpcLogAppender.java:onNextImpl(251)) - s2@group-5C26748AB2B1->s1-AppendLogResponseHandler: Request not found, ignoring reply: s2<-s1#1584:OK,SUCCESS,nextIndex:1233,term:3,followerCommit:1227
2019-09-24 16:17:06,372 WARN  server.GrpcLogAppender (GrpcLogAppender.java:onNextImpl(251)) - s2@group-5C26748AB2B1->s0-AppendLogResponseHandler: Request not found, ignoring reply: s2<-s0#1423:OK,SUCCESS,nextIndex:1240,term:3,followerCommit:1227
2019-09-24 16:17:06,372 WARN  server.GrpcLogAppender (GrpcLogAppender.java:onNextImpl(251)) - s2@group-5C26748AB2B1->s1-AppendLogResponseHandler: Request not found, ignoring reply: s2<-s1#1585:OK,SUCCESS,nextIndex:1234,term:3,followerCommit:1227
2019-09-24 16:17:06,373 WARN  server.GrpcLogAppender (GrpcLogAppender.java:onNextImpl(251)) - s2@group-5C26748AB2B1->s0-AppendLogResponseHandler: Request not found, ignoring reply: s2<-s0#1424:OK,SUCCESS,nextIndex:1241,term:3,followerCommit:1227
2019-09-24 16:17:06,373 WARN  server.GrpcLogAppender (GrpcLogAppender.java:onNextImpl(251)) - s2@group-5C26748AB2B1->s1-AppendLogResponseHandler: Request not found, ignoring reply: s2<-s1#1586:OK,SUCCESS,nextIndex:1235,term:3,followerCommit:1227
2019-09-24 16:17:06,373 WARN  server.GrpcLogAppender (GrpcLogAppender.java:onNextImpl(251)) - s2@group-5C26748AB2B1->s0-AppendLogResponseHandler: Request not found, ignoring reply: s2<-s0#1425:OK,SUCCESS,nextIndex:1242,term:3,followerCommit:1227
2019-09-24 16:17:06,373 WARN  server.GrpcLogAppender (GrpcLogAppender.java:onNextImpl(251)) - s2@group-5C26748AB2B1->s1-AppendLogResponseHandler: Request not found, ignoring reply: s2<-s1#1587:OK,SUCCESS,nextIndex:1236,term:3,followerCommit:1227
2019-09-24 16:17:06,373 WARN  server.GrpcLogAppender (GrpcLogAppender.java:onNextImpl(251)) - s2@group-5C26748AB2B1->s0-AppendLogResponseHandler: Request not found, ignoring reply: s2<-s0#1426:OK,SUCCESS,nextIndex:1243,term:3,followerCommit:1227
2019-09-24 16:17:06,373 WARN  server.GrpcLogAppender (GrpcLogAppender.java:onNextImpl(251)) - s2@group-5C26748AB2B1->s1-AppendLogResponseHandler: Request not found, ignoring reply: s2<-s1#1588:OK,SUCCESS,nextIndex:1237,term:3,followerCommit:1227
2019-09-24 16:17:06,374 WARN  server.GrpcLogAppender (GrpcLogAppender.java:onNextImpl(251)) - s2@group-5C26748AB2B1->s0-AppendLogResponseHandler: Request not found, ignoring reply: s2<-s0#1427:OK,SUCCESS,nextIndex:1244,term:3,followerCommit:1227
2019-09-24 16:17:06,374 WARN  server.GrpcLogAppender (GrpcLogAppender.java:onNextImpl(251)) - s2@group-5C26748AB2B1->s0-AppendLogResponseHandler: Request not found, ignoring reply: s2<-s0#1428:OK,SUCCESS,nextIndex:1245,term:3,followerCommit:1227
2019-09-24 16:17:06,374 WARN  server.GrpcLogAppender (GrpcLogAppender.java:onNextImpl(251)) - s2@group-5C26748AB2B1->s1-AppendLogResponseHandler: Request not found, ignoring reply: s2<-s1#1589:OK,SUCCESS,nextIndex:1238,term:3,followerCommit:1227
2019-09-24 16:17:06,374 WARN  server.GrpcLogAppender (GrpcLogAppender.java:onNextImpl(251)) - s2@group-5C26748AB2B1->s0-AppendLogResponseHandler: Request not found, ignoring reply: s2<-s0#1429:OK,SUCCESS,nextIndex:1246,term:3,followerCommit:1227
2019-09-24 16:17:06,374 WARN  server.GrpcLogAppender (GrpcLogAppender.java:onNextImpl(251)) - s2@group-5C26748AB2B1->s1-AppendLogResponseHandler: Request not found, ignoring reply: s2<-s1#1590:OK,SUCCESS,nextIndex:1239,term:3,followerCommit:1227
2019-09-24 16:17:06,375 WARN  server.GrpcLogAppender (GrpcLogAppender.java:onNextImpl(251)) - s2@group-5C26748AB2B1->s0-AppendLogResponseHandler: Request not found, ignoring reply: s2<-s0#1430:OK,SUCCESS,nextIndex:1247,term:3,followerCommit:1227
2019-09-24 16:17:06,375 WARN  server.GrpcLogAppender (GrpcLogAppender.java:onNextImpl(251)) - s2@group-5C26748AB2B1->s1-AppendLogResponseHandler: Request not found, ignoring reply: s2<-s1#1591:OK,SUCCESS,nextIndex:1240,term:3,followerCommit:1227
2019-09-24 16:17:06,375 WARN  server.GrpcLogAppender (GrpcLogAppender.java:onNextImpl(251)) - s2@group-5C26748AB2B1->s0-AppendLogResponseHandler: Request not found, ignoring reply: s2<-s0#1431:OK,SUCCESS,nextIndex:1248,term:3,followerCommit:1227
2019-09-24 16:17:06,375 WARN  server.GrpcLogAppender (GrpcLogAppender.java:onNextImpl(251)) - s2@group-5C26748AB2B1->s1-AppendLogResponseHandler: Request not found, ignoring reply: s2<-s1#1592:OK,SUCCESS,nextIndex:1241,term:3,followerCommit:1227
2019-09-24 16:17:06,375 WARN  server.GrpcLogAppender (GrpcLogAppender.java:timeoutAppendRequest(200)) - s2@group-E77E9FD8E08A->s0-GrpcLogAppender: appendEntries Timeout, request=s2->s0#99-t3, previous=(t:3, i:0), leaderCommit=-1, initializing? false, entries: <empty>
2019-09-24 16:17:06,376 WARN  server.GrpcLogAppender (GrpcLogAppender.java:timeoutAppendRequest(200)) - s2@group-E77E9FD8E08A->s1-GrpcLogAppender: appendEntries Timeout, request=s2->s1#99-t3, previous=(t:3, i:0), leaderCommit=-1, initializing? false, entries: <empty>
2019-09-24 16:17:06,376 WARN  server.GrpcLogAppender (GrpcLogAppender.java:onNextImpl(251)) - s2@group-5C26748AB2B1->s0-AppendLogResponseHandler: Request not found, ignoring reply: s2<-s0#1432:OK,SUCCESS,nextIndex:1249,term:3,followerCommit:1227
2019-09-24 16:17:06,376 WARN  server.GrpcLogAppender (GrpcLogAppender.java:onNextImpl(251)) - s2@group-5C26748AB2B1->s1-AppendLogResponseHandler: Request not found, ignoring reply: s2<-s1#1593:OK,SUCCESS,nextIndex:1242,term:3,followerCommit:1227
2019-09-24 16:17:06,376 WARN  server.GrpcLogAppender (GrpcLogAppender.java:onNextImpl(251)) - s2@group-5C26748AB2B1->s0-AppendLogResponseHandler: Request not found, ignoring reply: s2<-s0#1433:OK,SUCCESS,nextIndex:1250,term:3,followerCommit:1227
2019-09-24 16:17:06,376 WARN  server.GrpcLogAppender (GrpcLogAppender.java:onNextImpl(251)) - s2@group-5C26748AB2B1->s1-AppendLogResponseHandler: Request not found, ignoring reply: s2<-s1#1594:OK,SUCCESS,nextIndex:1243,term:3,followerCommit:1227
2019-09-24 16:17:06,377 WARN  server.GrpcLogAppender (GrpcLogAppender.java:onNextImpl(251)) - s2@group-5C26748AB2B1->s0-AppendLogResponseHandler: Request not found, ignoring reply: s2<-s0#1434:OK,SUCCESS,nextIndex:1251,term:3,followerCommit:1227
2019-09-24 16:17:06,377 WARN  server.GrpcLogAppender (GrpcLogAppender.java:onNextImpl(251)) - s2@group-5C26748AB2B1->s1-AppendLogResponseHandler: Request not found, ignoring reply: s2<-s1#1595:OK,SUCCESS,nextIndex:1244,term:3,followerCommit:1227
2019-09-24 16:17:06,377 WARN  server.GrpcLogAppender (GrpcLogAppender.java:onNextImpl(251)) - s2@group-5C26748AB2B1->s0-AppendLogResponseHandler: Request not found, ignoring reply: s2<-s0#1435:OK,SUCCESS,nextIndex:1252,term:3,followerCommit:1227
2019-09-24 16:17:06,377 WARN  server.GrpcLogAppender (GrpcLogAppender.java:onNextImpl(251)) - s2@group-5C26748AB2B1->s1-AppendLogResponseHandler: Request not found, ignoring reply: s2<-s1#1596:OK,SUCCESS,nextIndex:1245,term:3,followerCommit:1227
2019-09-24 16:17:06,378 WARN  server.GrpcLogAppender (GrpcLogAppender.java:onNextImpl(251)) - s2@group-5C26748AB2B1->s0-AppendLogResponseHandler: Request not found, ignoring reply: s2<-s0#1436:OK,SUCCESS,nextIndex:1253,term:3,followerCommit:1227
2019-09-24 16:17:06,378 WARN  server.GrpcLogAppender (GrpcLogAppender.java:onNextImpl(251)) - s2@group-5C26748AB2B1->s1-AppendLogResponseHandler: Request not found, ignoring reply: s2<-s1#1597:OK,SUCCESS,nextIndex:1246,term:3,followerCommit:1227
2019-09-24 16:17:06,378 WARN  server.GrpcLogAppender (GrpcLogAppender.java:onNextImpl(251)) - s2@group-5C26748AB2B1->s0-AppendLogResponseHandler: Request not found, ignoring reply: s2<-s0#1437:OK,SUCCESS,nextIndex:1254,term:3,followerCommit:1227
2019-09-24 16:17:06,378 WARN  server.GrpcLogAppender (GrpcLogAppender.java:onNextImpl(251)) - s2@group-5C26748AB2B1->s1-AppendLogResponseHandler: Request not found, ignoring reply: s2<-s1#1598:OK,SUCCESS,nextIndex:1247,term:3,followerCommit:1227
2019-09-24 16:17:06,378 WARN  server.GrpcLogAppender (GrpcLogAppender.java:onNextImpl(251)) - s2@group-5C26748AB2B1->s0-AppendLogResponseHandler: Request not found, ignoring reply: s2<-s0#1438:OK,SUCCESS,nextIndex:1255,term:3,followerCommit:1227
2019-09-24 16:17:06,379 WARN  server.GrpcLogAppender (GrpcLogAppender.java:onNextImpl(251)) - s2@group-5C26748AB2B1->s1-AppendLogResponseHandler: Request not found, ignoring reply: s2<-s1#1599:OK,SUCCESS,nextIndex:1248,term:3,followerCommit:1227
2019-09-24 16:17:06,379 WARN  server.GrpcLogAppender (GrpcLogAppender.java:onNextImpl(251)) - s2@group-5C26748AB2B1->s0-AppendLogResponseHandler: Request not found, ignoring reply: s2<-s0#1439:OK,SUCCESS,nextIndex:1256,term:3,followerCommit:1227
2019-09-24 16:17:06,379 WARN  server.GrpcLogAppender (GrpcLogAppender.java:onNextImpl(251)) - s2@group-5C26748AB2B1->s1-AppendLogResponseHandler: Request not found, ignoring reply: s2<-s1#1600:OK,SUCCESS,nextIndex:1249,term:3,followerCommit:1227
2019-09-24 16:17:06,379 WARN  server.GrpcLogAppender (GrpcLogAppender.java:onNextImpl(251)) - s2@group-5C26748AB2B1->s0-AppendLogResponseHandler: Request not found, ignoring reply: s2<-s0#1440:OK,SUCCESS,nextIndex:1257,term:3,followerCommit:1227
2019-09-24 16:17:06,379 WARN  server.GrpcLogAppender (GrpcLogAppender.java:onNextImpl(251)) - s2@group-5C26748AB2B1->s1-AppendLogResponseHandler: Request not found, ignoring reply: s2<-s1#1601:OK,SUCCESS,nextIndex:1250,term:3,followerCommit:1227
2019-09-24 16:17:06,380 WARN  server.GrpcLogAppender (GrpcLogAppender.java:onNextImpl(251)) - s2@group-5C26748AB2B1->s0-AppendLogResponseHandler: Request not found, ignoring reply: s2<-s0#1441:OK,SUCCESS,nextIndex:1258,term:3,followerCommit:1227
2019-09-24 16:17:06,380 WARN  server.GrpcLogAppender (GrpcLogAppender.java:onNextImpl(251)) - s2@group-5C26748AB2B1->s1-AppendLogResponseHandler: Request not found, ignoring reply: s2<-s1#1602:OK,SUCCESS,nextIndex:1251,term:3,followerCommit:1227
2019-09-24 16:17:06,380 WARN  server.GrpcLogAppender (GrpcLogAppender.java:onNextImpl(251)) - s2@group-5C26748AB2B1->s0-AppendLogResponseHandler: Request not found, ignoring reply: s2<-s0#1442:OK,SUCCESS,nextIndex:1259,term:3,followerCommit:1227
2019-09-24 16:17:06,380 WARN  server.GrpcLogAppender (GrpcLogAppender.java:onNextImpl(251)) - s2@group-5C26748AB2B1->s1-AppendLogResponseHandler: Request not found, ignoring reply: s2<-s1#1603:OK,SUCCESS,nextIndex:1252,term:3,followerCommit:1227
2019-09-24 16:17:06,381 WARN  server.GrpcLogAppender (GrpcLogAppender.java:onNextImpl(251)) - s2@group-5C26748AB2B1->s0-AppendLogResponseHandler: Request not found, ignoring reply: s2<-s0#1443:OK,SUCCESS,nextIndex:1260,term:3,followerCommit:1227
2019-09-24 16:17:06,381 WARN  server.GrpcLogAppender (GrpcLogAppender.java:onNextImpl(251)) - s2@group-5C26748AB2B1->s1-AppendLogResponseHandler: Request not found, ignoring reply: s2<-s1#1604:OK,SUCCESS,nextIndex:1253,term:3,followerCommit:1227
2019-09-24 16:17:06,381 WARN  server.GrpcLogAppender (GrpcLogAppender.java:onNextImpl(251)) - s2@group-5C26748AB2B1->s0-AppendLogResponseHandler: Request not found, ignoring reply: s2<-s0#1444:OK,SUCCESS,nextIndex:1261,term:3,followerCommit:1227
2019-09-24 16:17:06,381 WARN  server.GrpcLogAppender (GrpcLogAppender.java:onNextImpl(251)) - s2@group-5C26748AB2B1->s1-AppendLogResponseHandler: Request not found, ignoring reply: s2<-s1#1605:OK,SUCCESS,nextIndex:1254,term:3,followerCommit:1227
2019-09-24 16:17:06,381 WARN  server.GrpcLogAppender (GrpcLogAppender.java:onNextImpl(251)) - s2@group-5C26748AB2B1->s0-AppendLogResponseHandler: Request not found, ignoring reply: s2<-s0#1445:OK,SUCCESS,nextIndex:1262,term:3,followerCommit:1227
2019-09-24 16:17:06,382 WARN  server.GrpcLogAppender (GrpcLogAppender.java:onNextImpl(251)) - s2@group-5C26748AB2B1->s1-AppendLogResponseHandler: Request not found, ignoring reply: s2<-s1#1606:OK,SUCCESS,nextIndex:1255,term:3,followerCommit:1227
2019-09-24 16:17:06,382 WARN  server.GrpcLogAppender (GrpcLogAppender.java:onNextImpl(251)) - s2@group-5C26748AB2B1->s0-AppendLogResponseHandler: Request not found, ignoring reply: s2<-s0#1446:OK,SUCCESS,nextIndex:1263,term:3,followerCommit:1227
2019-09-24 16:17:06,382 WARN  server.GrpcLogAppender (GrpcLogAppender.java:onNextImpl(251)) - s2@group-5C26748AB2B1->s1-AppendLogResponseHandler: Request not found, ignoring reply: s2<-s1#1607:OK,SUCCESS,nextIndex:1256,term:3,followerCommit:1227
2019-09-24 16:17:06,382 WARN  server.GrpcLogAppender (GrpcLogAppender.java:onNextImpl(251)) - s2@group-5C26748AB2B1->s0-AppendLogResponseHandler: Request not found, ignoring reply: s2<-s0#1447:OK,SUCCESS,nextIndex:1264,term:3,followerCommit:1227
2019-09-24 16:17:06,382 WARN  server.GrpcLogAppender (GrpcLogAppender.java:onNextImpl(251)) - s2@group-5C26748AB2B1->s1-AppendLogResponseHandler: Request not found, ignoring reply: s2<-s1#1608:OK,SUCCESS,nextIndex:1257,term:3,followerCommit:1227
2019-09-24 16:17:06,382 WARN  server.GrpcLogAppender (GrpcLogAppender.java:onNextImpl(251)) - s2@group-5C26748AB2B1->s0-AppendLogResponseHandler: Request not found, ignoring reply: s2<-s0#1448:OK,SUCCESS,nextIndex:1265,term:3,followerCommit:1227
2019-09-24 16:17:06,383 WARN  server.GrpcLogAppender (GrpcLogAppender.java:onNextImpl(251)) - s2@group-5C26748AB2B1->s1-AppendLogResponseHandler: Request not found, ignoring reply: s2<-s1#1609:OK,SUCCESS,nextIndex:1258,term:3,followerCommit:1227
2019-09-24 16:17:06,383 WARN  server.GrpcLogAppender (GrpcLogAppender.java:onNextImpl(251)) - s2@group-5C26748AB2B1->s0-AppendLogResponseHandler: Request not found, ignoring reply: s2<-s0#1449:OK,SUCCESS,nextIndex:1266,term:3,followerCommit:1227
2019-09-24 16:17:06,383 WARN  server.GrpcLogAppender (GrpcLogAppender.java:onNextImpl(251)) - s2@group-5C26748AB2B1->s1-AppendLogResponseHandler: Request not found, ignoring reply: s2<-s1#1610:OK,SUCCESS,nextIndex:1259,term:3,followerCommit:1227
2019-09-24 16:17:06,383 WARN  server.GrpcLogAppender (GrpcLogAppender.java:onNextImpl(251)) - s2@group-5C26748AB2B1->s0-AppendLogResponseHandler: Request not found, ignoring reply: s2<-s0#1450:OK,SUCCESS,nextIndex:1267,term:3,followerCommit:1227
2019-09-24 16:17:06,383 WARN  server.GrpcLogAppender (GrpcLogAppender.java:onNextImpl(251)) - s2@group-5C26748AB2B1->s1-AppendLogResponseHandler: Request not found, ignoring reply: s2<-s1#1611:OK,SUCCESS,nextIndex:1260,term:3,followerCommit:1227
2019-09-24 16:17:06,384 WARN  server.GrpcLogAppender (GrpcLogAppender.java:onNextImpl(251)) - s2@group-5C26748AB2B1->s0-AppendLogResponseHandler: Request not found, ignoring reply: s2<-s0#1451:OK,SUCCESS,nextIndex:1268,term:3,followerCommit:1227
2019-09-24 16:17:06,384 WARN  server.GrpcLogAppender (GrpcLogAppender.java:onNextImpl(251)) - s2@group-5C26748AB2B1->s1-AppendLogResponseHandler: Request not found, ignoring reply: s2<-s1#1612:OK,SUCCESS,nextIndex:1261,term:3,followerCommit:1227
2019-09-24 16:17:06,384 WARN  server.GrpcLogAppender (GrpcLogAppender.java:onNextImpl(251)) - s2@group-5C26748AB2B1->s0-AppendLogResponseHandler: Request not found, ignoring reply: s2<-s0#1452:OK,SUCCESS,nextIndex:1269,term:3,followerCommit:1227
2019-09-24 16:17:06,384 WARN  server.GrpcLogAppender (GrpcLogAppender.java:onNextImpl(251)) - s2@group-5C26748AB2B1->s1-AppendLogResponseHandler: Request not found, ignoring reply: s2<-s1#1613:OK,SUCCESS,nextIndex:1262,term:3,followerCommit:1227
2019-09-24 16:17:06,385 WARN  server.GrpcLogAppender (GrpcLogAppender.java:onNextImpl(251)) - s2@group-5C26748AB2B1->s0-AppendLogResponseHandler: Request not found, ignoring reply: s2<-s0#1453:OK,SUCCESS,nextIndex:1270,term:3,followerCommit:1227
2019-09-24 16:17:06,385 WARN  server.GrpcLogAppender (GrpcLogAppender.java:onNextImpl(251)) - s2@group-5C26748AB2B1->s1-AppendLogResponseHandler: Request not found, ignoring reply: s2<-s1#1614:OK,SUCCESS,nextIndex:1263,term:3,followerCommit:1227
2019-09-24 16:17:06,385 WARN  server.GrpcLogAppender (GrpcLogAppender.java:onNextImpl(251)) - s2@group-5C26748AB2B1->s0-AppendLogResponseHandler: Request not found, ignoring reply: s2<-s0#1454:OK,SUCCESS,nextIndex:1271,term:3,followerCommit:1227
2019-09-24 16:17:06,385 WARN  server.GrpcLogAppender (GrpcLogAppender.java:onNextImpl(251)) - s2@group-5C26748AB2B1->s1-AppendLogResponseHandler: Request not found, ignoring reply: s2<-s1#1615:OK,SUCCESS,nextIndex:1264,term:3,followerCommit:1227
2019-09-24 16:17:06,385 WARN  server.GrpcLogAppender (GrpcLogAppender.java:onNextImpl(251)) - s2@group-5C26748AB2B1->s0-AppendLogResponseHandler: Request not found, ignoring reply: s2<-s0#1455:OK,SUCCESS,nextIndex:1272,term:3,followerCommit:1227
2019-09-24 16:17:06,386 WARN  server.GrpcLogAppender (GrpcLogAppender.java:onNextImpl(251)) - s2@group-5C26748AB2B1->s1-AppendLogResponseHandler: Request not found, ignoring reply: s2<-s1#1616:OK,SUCCESS,nextIndex:1265,term:3,followerCommit:1227
2019-09-24 16:17:06,386 WARN  server.GrpcLogAppender (GrpcLogAppender.java:onNextImpl(251)) - s2@group-5C26748AB2B1->s0-AppendLogResponseHandler: Request not found, ignoring reply: s2<-s0#1456:OK,SUCCESS,nextIndex:1273,term:3,followerCommit:1227
2019-09-24 16:17:06,386 WARN  server.GrpcLogAppender (GrpcLogAppender.java:onNextImpl(251)) - s2@group-5C26748AB2B1->s1-AppendLogResponseHandler: Request not found, ignoring reply: s2<-s1#1617:OK,SUCCESS,nextIndex:1266,term:3,followerCommit:1227
2019-09-24 16:17:06,386 WARN  server.GrpcLogAppender (GrpcLogAppender.java:onNextImpl(251)) - s2@group-5C26748AB2B1->s0-AppendLogResponseHandler: Request not found, ignoring reply: s2<-s0#1457:OK,SUCCESS,nextIndex:1274,term:3,followerCommit:1227
2019-09-24 16:17:06,386 WARN  server.GrpcLogAppender (GrpcLogAppender.java:onNextImpl(251)) - s2@group-5C26748AB2B1->s1-AppendLogResponseHandler: Request not found, ignoring reply: s2<-s1#1618:OK,SUCCESS,nextIndex:1267,term:3,followerCommit:1227
2019-09-24 16:17:06,386 WARN  server.GrpcLogAppender (GrpcLogAppender.java:onNextImpl(251)) - s2@group-5C26748AB2B1->s0-AppendLogResponseHandler: Request not found, ignoring reply: s2<-s0#1458:OK,SUCCESS,nextIndex:1275,term:3,followerCommit:1227
2019-09-24 16:17:06,387 WARN  server.GrpcLogAppender (GrpcLogAppender.java:onNextImpl(251)) - s2@group-5C26748AB2B1->s1-AppendLogResponseHandler: Request not found, ignoring reply: s2<-s1#1619:OK,SUCCESS,nextIndex:1268,term:3,followerCommit:1227
2019-09-24 16:17:06,387 WARN  server.GrpcLogAppender (GrpcLogAppender.java:onNextImpl(251)) - s2@group-5C26748AB2B1->s0-AppendLogResponseHandler: Request not found, ignoring reply: s2<-s0#1459:OK,SUCCESS,nextIndex:1276,term:3,followerCommit:1227
2019-09-24 16:17:06,387 WARN  server.GrpcLogAppender (GrpcLogAppender.java:onNextImpl(251)) - s2@group-5C26748AB2B1->s1-AppendLogResponseHandler: Request not found, ignoring reply: s2<-s1#1620:OK,SUCCESS,nextIndex:1269,term:3,followerCommit:1227
2019-09-24 16:17:06,387 WARN  server.GrpcLogAppender (GrpcLogAppender.java:onNextImpl(251)) - s2@group-5C26748AB2B1->s0-AppendLogResponseHandler: Request not found, ignoring reply: s2<-s0#1460:OK,SUCCESS,nextIndex:1277,term:3,followerCommit:1227
2019-09-24 16:17:06,388 WARN  server.GrpcLogAppender (GrpcLogAppender.java:onNextImpl(251)) - s2@group-5C26748AB2B1->s1-AppendLogResponseHandler: Request not found, ignoring reply: s2<-s1#1621:OK,SUCCESS,nextIndex:1270,term:3,followerCommit:1227
2019-09-24 16:17:06,388 WARN  server.GrpcLogAppender (GrpcLogAppender.java:onNextImpl(251)) - s2@group-5C26748AB2B1->s0-AppendLogResponseHandler: Request not found, ignoring reply: s2<-s0#1461:OK,SUCCESS,nextIndex:1278,term:3,followerCommit:1227
2019-09-24 16:17:06,388 WARN  server.GrpcLogAppender (GrpcLogAppender.java:onNextImpl(251)) - s2@group-5C26748AB2B1->s1-AppendLogResponseHandler: Request not found, ignoring reply: s2<-s1#1622:OK,SUCCESS,nextIndex:1271,term:3,followerCommit:1227
2019-09-24 16:17:06,388 WARN  server.GrpcLogAppender (GrpcLogAppender.java:onNextImpl(251)) - s2@group-5C26748AB2B1->s0-AppendLogResponseHandler: Request not found, ignoring reply: s2<-s0#1462:OK,SUCCESS,nextIndex:1279,term:3,followerCommit:1227
2019-09-24 16:17:06,388 WARN  server.GrpcLogAppender (GrpcLogAppender.java:onNextImpl(251)) - s2@group-5C26748AB2B1->s1-AppendLogResponseHandler: Request not found, ignoring reply: s2<-s1#1623:OK,SUCCESS,nextIndex:1272,term:3,followerCommit:1227
2019-09-24 16:17:06,389 WARN  server.GrpcLogAppender (GrpcLogAppender.java:onNextImpl(251)) - s2@group-5C26748AB2B1->s0-AppendLogResponseHandler: Request not found, ignoring reply: s2<-s0#1463:OK,SUCCESS,nextIndex:1280,term:3,followerCommit:1227
2019-09-24 16:17:06,389 WARN  server.GrpcLogAppender (GrpcLogAppender.java:onNextImpl(251)) - s2@group-5C26748AB2B1->s1-AppendLogResponseHandler: Request not found, ignoring reply: s2<-s1#1624:OK,SUCCESS,nextIndex:1273,term:3,followerCommit:1227
2019-09-24 16:17:06,389 WARN  server.GrpcLogAppender (GrpcLogAppender.java:onNextImpl(251)) - s2@group-5C26748AB2B1->s0-AppendLogResponseHandler: Request not found, ignoring reply: s2<-s0#1464:OK,SUCCESS,nextIndex:1281,term:3,followerCommit:1227
2019-09-24 16:17:06,389 WARN  server.GrpcLogAppender (GrpcLogAppender.java:onNextImpl(251)) - s2@group-5C26748AB2B1->s1-AppendLogResponseHandler: Request not found, ignoring reply: s2<-s1#1625:OK,SUCCESS,nextIndex:1274,term:3,followerCommit:1227
2019-09-24 16:17:06,389 WARN  server.GrpcLogAppender (GrpcLogAppender.java:onNextImpl(251)) - s2@group-5C26748AB2B1->s1-AppendLogResponseHandler: Request not found, ignoring reply: s2<-s1#1626:OK,SUCCESS,nextIndex:1275,term:3,followerCommit:1227
2019-09-24 16:17:06,389 WARN  server.GrpcLogAppender (GrpcLogAppender.java:onNextImpl(251)) - s2@group-5C26748AB2B1->s0-AppendLogResponseHandler: Request not found, ignoring reply: s2<-s0#1465:OK,SUCCESS,nextIndex:1282,term:3,followerCommit:1227
2019-09-24 16:17:06,390 WARN  server.GrpcLogAppender (GrpcLogAppender.java:onNextImpl(251)) - s2@group-5C26748AB2B1->s1-AppendLogResponseHandler: Request not found, ignoring reply: s2<-s1#1627:OK,SUCCESS,nextIndex:1276,term:3,followerCommit:1227
2019-09-24 16:17:06,390 WARN  server.GrpcLogAppender (GrpcLogAppender.java:onNextImpl(251)) - s2@group-5C26748AB2B1->s0-AppendLogResponseHandler: Request not found, ignoring reply: s2<-s0#1466:OK,SUCCESS,nextIndex:1283,term:3,followerCommit:1227
2019-09-24 16:17:06,390 WARN  server.GrpcLogAppender (GrpcLogAppender.java:onNextImpl(251)) - s2@group-5C26748AB2B1->s1-AppendLogResponseHandler: Request not found, ignoring reply: s2<-s1#1628:OK,SUCCESS,nextIndex:1277,term:3,followerCommit:1227
2019-09-24 16:17:06,390 WARN  server.GrpcLogAppender (GrpcLogAppender.java:onNextImpl(251)) - s2@group-5C26748AB2B1->s0-AppendLogResponseHandler: Request not found, ignoring reply: s2<-s0#1467:OK,SUCCESS,nextIndex:1284,term:3,followerCommit:1227
2019-09-24 16:17:06,390 WARN  server.GrpcLogAppender (GrpcLogAppender.java:onNextImpl(251)) - s2@group-5C26748AB2B1->s1-AppendLogResponseHandler: Request not found, ignoring reply: s2<-s1#1629:OK,SUCCESS,nextIndex:1278,term:3,followerCommit:1227
2019-09-24 16:17:06,391 WARN  server.GrpcLogAppender (GrpcLogAppender.java:onNextImpl(251)) - s2@group-5C26748AB2B1->s0-AppendLogResponseHandler: Request not found, ignoring reply: s2<-s0#1468:OK,SUCCESS,nextIndex:1285,term:3,followerCommit:1227
2019-09-24 16:17:06,391 WARN  server.GrpcLogAppender (GrpcLogAppender.java:onNextImpl(251)) - s2@group-5C26748AB2B1->s1-AppendLogResponseHandler: Request not found, ignoring reply: s2<-s1#1630:OK,SUCCESS,nextIndex:1279,term:3,followerCommit:1227
2019-09-24 16:17:06,391 WARN  server.GrpcLogAppender (GrpcLogAppender.java:onNextImpl(251)) - s2@group-5C26748AB2B1->s0-AppendLogResponseHandler: Request not found, ignoring reply: s2<-s0#1469:OK,SUCCESS,nextIndex:1286,term:3,followerCommit:1227
2019-09-24 16:17:06,391 WARN  server.GrpcLogAppender (GrpcLogAppender.java:onNextImpl(251)) - s2@group-5C26748AB2B1->s1-AppendLogResponseHandler: Request not found, ignoring reply: s2<-s1#1631:OK,SUCCESS,nextIndex:1280,term:3,followerCommit:1227
2019-09-24 16:17:06,391 WARN  server.GrpcLogAppender (GrpcLogAppender.java:onNextImpl(251)) - s2@group-5C26748AB2B1->s0-AppendLogResponseHandler: Request not found, ignoring reply: s2<-s0#1470:OK,SUCCESS,nextIndex:1287,term:3,followerCommit:1227
2019-09-24 16:17:06,391 WARN  server.GrpcLogAppender (GrpcLogAppender.java:onNextImpl(251)) - s2@group-5C26748AB2B1->s1-AppendLogResponseHandler: Request not found, ignoring reply: s2<-s1#1632:OK,SUCCESS,nextIndex:1281,term:3,followerCommit:1227
2019-09-24 16:17:06,392 WARN  server.GrpcLogAppender (GrpcLogAppender.java:onNextImpl(251)) - s2@group-5C26748AB2B1->s0-AppendLogResponseHandler: Request not found, ignoring reply: s2<-s0#1471:OK,SUCCESS,nextIndex:1288,term:3,followerCommit:1227
2019-09-24 16:17:06,392 WARN  server.GrpcLogAppender (GrpcLogAppender.java:onNextImpl(251)) - s2@group-5C26748AB2B1->s1-AppendLogResponseHandler: Request not found, ignoring reply: s2<-s1#1633:OK,SUCCESS,nextIndex:1282,term:3,followerCommit:1227
2019-09-24 16:17:06,392 WARN  server.GrpcLogAppender (GrpcLogAppender.java:onNextImpl(251)) - s2@group-5C26748AB2B1->s0-AppendLogResponseHandler: Request not found, ignoring reply: s2<-s0#1472:OK,SUCCESS,nextIndex:1289,term:3,followerCommit:1227
2019-09-24 16:17:06,392 INFO  segmented.SegmentedRaftLogWorker (SegmentedRaftLogWorker.java:execute(569)) - s0@group-E77E9FD8E08A-SegmentedRaftLogWorker: created new log segment /workdir/ratis-test/target/test/data/9f1a7c06/MiniRaftClusterWithGrpc642c4063/s0/d79ae1dc-8d4c-4702-8acc-e77e9fd8e08a/current/log_inprogress_0
2019-09-24 16:17:06,392 INFO  segmented.SegmentedRaftLogWorker (SegmentedRaftLogWorker.java:execute(569)) - s2@group-E77E9FD8E08A-SegmentedRaftLogWorker: created new log segment /workdir/ratis-test/target/test/data/9f1a7c06/MiniRaftClusterWithGrpc642c4063/s2/d79ae1dc-8d4c-4702-8acc-e77e9fd8e08a/current/log_inprogress_0
2019-09-24 16:17:06,392 INFO  segmented.SegmentedRaftLogWorker (SegmentedRaftLogWorker.java:execute(569)) - s1@group-E77E9FD8E08A-SegmentedRaftLogWorker: created new log segment /workdir/ratis-test/target/test/data/9f1a7c06/MiniRaftClusterWithGrpc642c4063/s1/d79ae1dc-8d4c-4702-8acc-e77e9fd8e08a/current/log_inprogress_0
2019-09-24 16:17:06,392 WARN  server.GrpcLogAppender (GrpcLogAppender.java:onNextImpl(251)) - s2@group-5C26748AB2B1->s0-AppendLogResponseHandler: Request not found, ignoring reply: s2<-s0#1473:OK,SUCCESS,nextIndex:1290,term:3,followerCommit:1227
2019-09-24 16:17:06,392 WARN  server.GrpcLogAppender (GrpcLogAppender.java:onNextImpl(251)) - s2@group-5C26748AB2B1->s1-AppendLogResponseHandler: Request not found, ignoring reply: s2<-s1#1634:OK,SUCCESS,nextIndex:1283,term:3,followerCommit:1227
2019-09-24 16:17:06,393 WARN  server.GrpcLogAppender (GrpcLogAppender.java:onNextImpl(251)) - s2@group-5C26748AB2B1->s0-AppendLogResponseHandler: Request not found, ignoring reply: s2<-s0#1474:OK,SUCCESS,nextIndex:1291,term:3,followerCommit:1227
2019-09-24 16:17:06,393 WARN  server.GrpcLogAppender (GrpcLogAppender.java:onNextImpl(251)) - s2@group-5C26748AB2B1->s1-AppendLogResponseHandler: Request not found, ignoring reply: s2<-s1#1635:OK,SUCCESS,nextIndex:1284,term:3,followerCommit:1227
2019-09-24 16:17:06,393 WARN  server.GrpcLogAppender (GrpcLogAppender.java:onNextImpl(251)) - s2@group-5C26748AB2B1->s0-AppendLogResponseHandler: Request not found, ignoring reply: s2<-s0#1475:OK,SUCCESS,nextIndex:1292,term:3,followerCommit:1227
2019-09-24 16:17:06,394 WARN  server.GrpcLogAppender (GrpcLogAppender.java:onNextImpl(251)) - s2@group-5C26748AB2B1->s1-AppendLogResponseHandler: Request not found, ignoring reply: s2<-s1#1636:OK,SUCCESS,nextIndex:1285,term:3,followerCommit:1227
2019-09-24 16:17:06,394 WARN  server.GrpcLogAppender (GrpcLogAppender.java:onNextImpl(251)) - s2@group-5C26748AB2B1->s0-AppendLogResponseHandler: Request not found, ignoring reply: s2<-s0#1476:OK,SUCCESS,nextIndex:1293,term:3,followerCommit:1227
2019-09-24 16:17:06,394 WARN  server.GrpcLogAppender (GrpcLogAppender.java:onNextImpl(251)) - s2@group-5C26748AB2B1->s1-AppendLogResponseHandler: Request not found, ignoring reply: s2<-s1#1637:OK,SUCCESS,nextIndex:1286,term:3,followerCommit:1227
2019-09-24 16:17:06,394 WARN  server.GrpcLogAppender (GrpcLogAppender.java:onNextImpl(251)) - s2@group-5C26748AB2B1->s0-AppendLogResponseHandler: Request not found, ignoring reply: s2<-s0#1477:OK,SUCCESS,nextIndex:1294,term:3,followerCommit:1227
2019-09-24 16:17:06,394 WARN  server.GrpcLogAppender (GrpcLogAppender.java:onNextImpl(251)) - s2@group-5C26748AB2B1->s1-AppendLogResponseHandler: Request not found, ignoring reply: s2<-s1#1638:OK,SUCCESS,nextIndex:1287,term:3,followerCommit:1227
2019-09-24 16:17:06,395 WARN  server.GrpcLogAppender (GrpcLogAppender.java:onNextImpl(251)) - s2@group-5C26748AB2B1->s0-AppendLogResponseHandler: Request not found, ignoring reply: s2<-s0#1478:OK,SUCCESS,nextIndex:1295,term:3,followerCommit:1227
2019-09-24 16:17:06,395 WARN  server.GrpcLogAppender (GrpcLogAppender.java:onNextImpl(251)) - s2@group-5C26748AB2B1->s1-AppendLogResponseHandler: Request not found, ignoring reply: s2<-s1#1639:OK,SUCCESS,nextIndex:1288,term:3,followerCommit:1227
2019-09-24 16:17:06,395 WARN  server.GrpcLogAppender (GrpcLogAppender.java:onNextImpl(251)) - s2@group-5C26748AB2B1->s0-AppendLogResponseHandler: Request not found, ignoring reply: s2<-s0#1479:OK,SUCCESS,nextIndex:1296,term:3,followerCommit:1227
2019-09-24 16:17:06,395 WARN  server.GrpcLogAppender (GrpcLogAppender.java:onNextImpl(251)) - s2@group-5C26748AB2B1->s1-AppendLogResponseHandler: Request not found, ignoring reply: s2<-s1#1640:OK,SUCCESS,nextIndex:1289,term:3,followerCommit:1227
2019-09-24 16:17:06,395 WARN  server.GrpcLogAppender (GrpcLogAppender.java:onNextImpl(251)) - s2@group-5C26748AB2B1->s1-AppendLogResponseHandler: Request not found, ignoring reply: s2<-s1#1641:OK,SUCCESS,nextIndex:1290,term:3,followerCommit:1227
2019-09-24 16:17:06,395 WARN  server.GrpcLogAppender (GrpcLogAppender.java:onNextImpl(251)) - s2@group-5C26748AB2B1->s0-AppendLogResponseHandler: Request not found, ignoring reply: s2<-s0#1480:OK,SUCCESS,nextIndex:1297,term:3,followerCommit:1227
2019-09-24 16:17:06,396 WARN  server.GrpcLogAppender (GrpcLogAppender.java:onNextImpl(251)) - s2@group-5C26748AB2B1->s1-AppendLogResponseHandler: Request not found, ignoring reply: s2<-s1#1642:OK,SUCCESS,nextIndex:1291,term:3,followerCommit:1227
2019-09-24 16:17:06,396 WARN  server.GrpcLogAppender (GrpcLogAppender.java:onNextImpl(251)) - s2@group-5C26748AB2B1->s0-AppendLogResponseHandler: Request not found, ignoring reply: s2<-s0#1481:OK,SUCCESS,nextIndex:1298,term:3,followerCommit:1227
2019-09-24 16:17:06,396 WARN  server.GrpcLogAppender (GrpcLogAppender.java:onNextImpl(251)) - s2@group-5C26748AB2B1->s1-AppendLogResponseHandler: Request not found, ignoring reply: s2<-s1#1643:OK,SUCCESS,nextIndex:1292,term:3,followerCommit:1227
2019-09-24 16:17:06,396 WARN  server.GrpcLogAppender (GrpcLogAppender.java:onNextImpl(251)) - s2@group-5C26748AB2B1->s0-AppendLogResponseHandler: Request not found, ignoring reply: s2<-s0#1482:OK,SUCCESS,nextIndex:1299,term:3,followerCommit:1227
2019-09-24 16:17:06,397 WARN  server.GrpcLogAppender (GrpcLogAppender.java:onNextImpl(251)) - s2@group-5C26748AB2B1->s1-AppendLogResponseHandler: Request not found, ignoring reply: s2<-s1#1644:OK,SUCCESS,nextIndex:1293,term:3,followerCommit:1227
2019-09-24 16:17:06,397 WARN  server.GrpcLogAppender (GrpcLogAppender.java:onNextImpl(251)) - s2@group-5C26748AB2B1->s0-AppendLogResponseHandler: Request not found, ignoring reply: s2<-s0#1483:OK,SUCCESS,nextIndex:1300,term:3,followerCommit:1227
2019-09-24 16:17:06,397 WARN  server.GrpcLogAppender (GrpcLogAppender.java:onNextImpl(251)) - s2@group-5C26748AB2B1->s1-AppendLogResponseHandler: Request not found, ignoring reply: s2<-s1#1645:OK,SUCCESS,nextIndex:1294,term:3,followerCommit:1227
2019-09-24 16:17:06,397 WARN  server.GrpcLogAppender (GrpcLogAppender.java:onNextImpl(251)) - s2@group-5C26748AB2B1->s0-AppendLogResponseHandler: Request not found, ignoring reply: s2<-s0#1484:OK,SUCCESS,nextIndex:1301,term:3,followerCommit:1227
2019-09-24 16:17:06,397 WARN  server.GrpcLogAppender (GrpcLogAppender.java:onNextImpl(251)) - s2@group-5C26748AB2B1->s1-AppendLogResponseHandler: Request not found, ignoring reply: s2<-s1#1646:OK,SUCCESS,nextIndex:1295,term:3,followerCommit:1227
2019-09-24 16:17:06,398 WARN  server.GrpcLogAppender (GrpcLogAppender.java:onNextImpl(251)) - s2@group-5C26748AB2B1->s0-AppendLogResponseHandler: Request not found, ignoring reply: s2<-s0#1485:OK,SUCCESS,nextIndex:1302,term:3,followerCommit:1227
2019-09-24 16:17:06,398 WARN  server.GrpcLogAppender (GrpcLogAppender.java:onNextImpl(251)) - s2@group-5C26748AB2B1->s1-AppendLogResponseHandler: Request not found, ignoring reply: s2<-s1#1647:OK,SUCCESS,nextIndex:1296,term:3,followerCommit:1227
2019-09-24 16:17:06,398 WARN  server.GrpcLogAppender (GrpcLogAppender.java:onNextImpl(251)) - s2@group-5C26748AB2B1->s0-AppendLogResponseHandler: Request not found, ignoring reply: s2<-s0#1486:OK,SUCCESS,nextIndex:1303,term:3,followerCommit:1227
2019-09-24 16:17:06,398 WARN  server.GrpcLogAppender (GrpcLogAppender.java:onNextImpl(251)) - s2@group-5C26748AB2B1->s1-AppendLogResponseHandler: Request not found, ignoring reply: s2<-s1#1648:OK,SUCCESS,nextIndex:1297,term:3,followerCommit:1227
2019-09-24 16:17:06,398 WARN  server.GrpcLogAppender (GrpcLogAppender.java:onNextImpl(251)) - s2@group-5C26748AB2B1->s0-AppendLogResponseHandler: Request not found, ignoring reply: s2<-s0#1487:OK,SUCCESS,nextIndex:1304,term:3,followerCommit:1227
2019-09-24 16:17:06,399 WARN  server.GrpcLogAppender (GrpcLogAppender.java:onNextImpl(251)) - s2@group-5C26748AB2B1->s1-AppendLogResponseHandler: Request not found, ignoring reply: s2<-s1#1649:OK,SUCCESS,nextIndex:1298,term:3,followerCommit:1227
2019-09-24 16:17:06,399 WARN  server.GrpcLogAppender (GrpcLogAppender.java:onNextImpl(251)) - s2@group-5C26748AB2B1->s0-AppendLogResponseHandler: Request not found, ignoring reply: s2<-s0#1488:OK,SUCCESS,nextIndex:1305,term:3,followerCommit:1227
2019-09-24 16:17:06,399 WARN  server.GrpcLogAppender (GrpcLogAppender.java:onNextImpl(251)) - s2@group-5C26748AB2B1->s1-AppendLogResponseHandler: Request not found, ignoring reply: s2<-s1#1650:OK,SUCCESS,nextIndex:1299,term:3,followerCommit:1227
2019-09-24 16:17:06,399 WARN  server.GrpcLogAppender (GrpcLogAppender.java:onNextImpl(251)) - s2@group-5C26748AB2B1->s0-AppendLogResponseHandler: Request not found, ignoring reply: s2<-s0#1489:OK,SUCCESS,nextIndex:1306,term:3,followerCommit:1227
2019-09-24 16:17:06,399 WARN  server.GrpcLogAppender (GrpcLogAppender.java:onNextImpl(251)) - s2@group-5C26748AB2B1->s1-AppendLogResponseHandler: Request not found, ignoring reply: s2<-s1#1651:OK,SUCCESS,nextIndex:1300,term:3,followerCommit:1227
2019-09-24 16:17:06,399 WARN  server.GrpcLogAppender (GrpcLogAppender.java:onNextImpl(251)) - s2@group-5C26748AB2B1->s0-AppendLogResponseHandler: Request not found, ignoring reply: s2<-s0#1490:OK,SUCCESS,nextIndex:1307,term:3,followerCommit:1227
2019-09-24 16:17:06,399 WARN  server.GrpcLogAppender (GrpcLogAppender.java:onNextImpl(251)) - s2@group-5C26748AB2B1->s1-AppendLogResponseHandler: Request not found, ignoring reply: s2<-s1#1652:OK,SUCCESS,nextIndex:1301,term:3,followerCommit:1227
2019-09-24 16:17:06,400 WARN  server.GrpcLogAppender (GrpcLogAppender.java:onNextImpl(251)) - s2@group-5C26748AB2B1->s0-AppendLogResponseHandler: Request not found, ignoring reply: s2<-s0#1491:OK,SUCCESS,nextIndex:1308,term:3,followerCommit:1227
2019-09-24 16:17:06,400 WARN  server.GrpcLogAppender (GrpcLogAppender.java:onNextImpl(251)) - s2@group-5C26748AB2B1->s1-AppendLogResponseHandler: Request not found, ignoring reply: s2<-s1#1653:OK,SUCCESS,nextIndex:1302,term:3,followerCommit:1227
2019-09-24 16:17:06,400 WARN  server.GrpcLogAppender (GrpcLogAppender.java:onNextImpl(251)) - s2@group-5C26748AB2B1->s0-AppendLogResponseHandler: Request not found, ignoring reply: s2<-s0#1492:OK,SUCCESS,nextIndex:1309,term:3,followerCommit:1227
2019-09-24 16:17:06,400 WARN  server.GrpcLogAppender (GrpcLogAppender.java:onNextImpl(251)) - s2@group-5C26748AB2B1->s1-AppendLogResponseHandler: Request not found, ignoring reply: s2<-s1#1654:OK,SUCCESS,nextIndex:1303,term:3,followerCommit:1227
2019-09-24 16:17:06,400 WARN  server.GrpcLogAppender (GrpcLogAppender.java:onNextImpl(251)) - s2@group-5C26748AB2B1->s0-AppendLogResponseHandler: Request not found, ignoring reply: s2<-s0#1493:OK,SUCCESS,nextIndex:1310,term:3,followerCommit:1227
2019-09-24 16:17:06,400 WARN  server.GrpcLogAppender (GrpcLogAppender.java:onNextImpl(251)) - s2@group-5C26748AB2B1->s1-AppendLogResponseHandler: Request not found, ignoring reply: s2<-s1#1655:OK,SUCCESS,nextIndex:1304,term:3,followerCommit:1227
2019-09-24 16:17:06,400 WARN  server.GrpcLogAppender (GrpcLogAppender.java:onNextImpl(251)) - s2@group-5C26748AB2B1->s0-AppendLogResponseHandler: Request not found, ignoring reply: s2<-s0#1494:OK,SUCCESS,nextIndex:1311,term:3,followerCommit:1227
2019-09-24 16:17:06,400 WARN  server.GrpcLogAppender (GrpcLogAppender.java:onNextImpl(251)) - s2@group-5C26748AB2B1->s1-AppendLogResponseHandler: Request not found, ignoring reply: s2<-s1#1656:OK,SUCCESS,nextIndex:1305,term:3,followerCommit:1227
2019-09-24 16:17:06,401 WARN  server.GrpcLogAppender (GrpcLogAppender.java:onNextImpl(251)) - s2@group-5C26748AB2B1->s0-AppendLogResponseHandler: Request not found, ignoring reply: s2<-s0#1495:OK,SUCCESS,nextIndex:1312,term:3,followerCommit:1227
2019-09-24 16:17:06,401 WARN  server.GrpcLogAppender (GrpcLogAppender.java:onNextImpl(251)) - s2@group-5C26748AB2B1->s1-AppendLogResponseHandler: Request not found, ignoring reply: s2<-s1#1657:OK,SUCCESS,nextIndex:1306,term:3,followerCommit:1227
2019-09-24 16:17:06,401 WARN  server.GrpcLogAppender (GrpcLogAppender.java:onNextImpl(251)) - s2@group-5C26748AB2B1->s0-AppendLogResponseHandler: Request not found, ignoring reply: s2<-s0#1496:OK,SUCCESS,nextIndex:1313,term:3,followerCommit:1227
2019-09-24 16:17:06,401 WARN  server.GrpcLogAppender (GrpcLogAppender.java:onNextImpl(251)) - s2@group-5C26748AB2B1->s1-AppendLogResponseHandler: Request not found, ignoring reply: s2<-s1#1658:OK,SUCCESS,nextIndex:1307,term:3,followerCommit:1227
2019-09-24 16:17:06,401 WARN  server.GrpcLogAppender (GrpcLogAppender.java:onNextImpl(251)) - s2@group-5C26748AB2B1->s0-AppendLogResponseHandler: Request not found, ignoring reply: s2<-s0#1497:OK,SUCCESS,nextIndex:1314,term:3,followerCommit:1227
2019-09-24 16:17:06,401 WARN  server.GrpcLogAppender (GrpcLogAppender.java:onNextImpl(251)) - s2@group-5C26748AB2B1->s1-AppendLogResponseHandler: Request not found, ignoring reply: s2<-s1#1659:OK,SUCCESS,nextIndex:1308,term:3,followerCommit:1227
2019-09-24 16:17:06,401 WARN  server.GrpcLogAppender (GrpcLogAppender.java:onNextImpl(251)) - s2@group-5C26748AB2B1->s0-AppendLogResponseHandler: Request not found, ignoring reply: s2<-s0#1498:OK,SUCCESS,nextIndex:1315,term:3,followerCommit:1227
2019-09-24 16:17:06,402 WARN  server.GrpcLogAppender (GrpcLogAppender.java:onNextImpl(251)) - s2@group-5C26748AB2B1->s1-AppendLogResponseHandler: Request not found, ignoring reply: s2<-s1#1660:OK,SUCCESS,nextIndex:1309,term:3,followerCommit:1227
2019-09-24 16:17:06,402 WARN  server.GrpcLogAppender (GrpcLogAppender.java:onNextImpl(251)) - s2@group-5C26748AB2B1->s0-AppendLogResponseHandler: Request not found, ignoring reply: s2<-s0#1499:OK,SUCCESS,nextIndex:1316,term:3,followerCommit:1227
2019-09-24 16:17:06,402 WARN  server.GrpcLogAppender (GrpcLogAppender.java:onNextImpl(251)) - s2@group-5C26748AB2B1->s1-AppendLogResponseHandler: Request not found, ignoring reply: s2<-s1#1661:OK,SUCCESS,nextIndex:1310,term:3,followerCommit:1227
2019-09-24 16:17:06,402 WARN  server.GrpcLogAppender (GrpcLogAppender.java:onNextImpl(251)) - s2@group-5C26748AB2B1->s0-AppendLogResponseHandler: Request not found, ignoring reply: s2<-s0#1500:OK,SUCCESS,nextIndex:1317,term:3,followerCommit:1227
2019-09-24 16:17:06,402 WARN  server.GrpcLogAppender (GrpcLogAppender.java:onNextImpl(251)) - s2@group-5C26748AB2B1->s1-AppendLogResponseHandler: Request not found, ignoring reply: s2<-s1#1662:OK,SUCCESS,nextIndex:1311,term:3,followerCommit:1227
2019-09-24 16:17:06,402 WARN  server.GrpcLogAppender (GrpcLogAppender.java:onNextImpl(251)) - s2@group-5C26748AB2B1->s0-AppendLogResponseHandler: Request not found, ignoring reply: s2<-s0#1501:OK,SUCCESS,nextIndex:1318,term:3,followerCommit:1227
2019-09-24 16:17:06,402 WARN  server.GrpcLogAppender (GrpcLogAppender.java:onNextImpl(251)) - s2@group-5C26748AB2B1->s1-AppendLogResponseHandler: Request not found, ignoring reply: s2<-s1#1663:OK,SUCCESS,nextIndex:1312,term:3,followerCommit:1227
2019-09-24 16:17:06,402 WARN  server.GrpcLogAppender (GrpcLogAppender.java:onNextImpl(251)) - s2@group-5C26748AB2B1->s0-AppendLogResponseHandler: Request not found, ignoring reply: s2<-s0#1502:OK,SUCCESS,nextIndex:1319,term:3,followerCommit:1227
2019-09-24 16:17:06,403 WARN  server.GrpcLogAppender (GrpcLogAppender.java:onNextImpl(251)) - s2@group-5C26748AB2B1->s1-AppendLogResponseHandler: Request not found, ignoring reply: s2<-s1#1664:OK,SUCCESS,nextIndex:1313,term:3,followerCommit:1227
2019-09-24 16:17:06,403 WARN  server.GrpcLogAppender (GrpcLogAppender.java:onNextImpl(251)) - s2@group-5C26748AB2B1->s0-AppendLogResponseHandler: Request not found, ignoring reply: s2<-s0#1503:OK,SUCCESS,nextIndex:1320,term:3,followerCommit:1227
2019-09-24 16:17:06,403 WARN  server.GrpcLogAppender (GrpcLogAppender.java:onNextImpl(251)) - s2@group-5C26748AB2B1->s1-AppendLogResponseHandler: Request not found, ignoring reply: s2<-s1#1665:OK,SUCCESS,nextIndex:1314,term:3,followerCommit:1227
2019-09-24 16:17:06,403 WARN  server.GrpcLogAppender (GrpcLogAppender.java:onNextImpl(251)) - s2@group-5C26748AB2B1->s0-AppendLogResponseHandler: Request not found, ignoring reply: s2<-s0#1504:OK,SUCCESS,nextIndex:1321,term:3,followerCommit:1227
2019-09-24 16:17:06,403 WARN  server.GrpcLogAppender (GrpcLogAppender.java:onNextImpl(251)) - s2@group-5C26748AB2B1->s1-AppendLogResponseHandler: Request not found, ignoring reply: s2<-s1#1666:OK,SUCCESS,nextIndex:1315,term:3,followerCommit:1227
2019-09-24 16:17:06,403 WARN  server.GrpcLogAppender (GrpcLogAppender.java:onNextImpl(251)) - s2@group-5C26748AB2B1->s0-AppendLogResponseHandler: Request not found, ignoring reply: s2<-s0#1505:OK,SUCCESS,nextIndex:1322,term:3,followerCommit:1227
2019-09-24 16:17:06,403 WARN  server.GrpcLogAppender (GrpcLogAppender.java:onNextImpl(251)) - s2@group-5C26748AB2B1->s1-AppendLogResponseHandler: Request not found, ignoring reply: s2<-s1#1667:OK,SUCCESS,nextIndex:1316,term:3,followerCommit:1227
2019-09-24 16:17:06,404 WARN  server.GrpcLogAppender (GrpcLogAppender.java:onNextImpl(251)) - s2@group-5C26748AB2B1->s0-AppendLogResponseHandler: Request not found, ignoring reply: s2<-s0#1506:OK,SUCCESS,nextIndex:1323,term:3,followerCommit:1227
2019-09-24 16:17:06,404 WARN  server.GrpcLogAppender (GrpcLogAppender.java:onNextImpl(251)) - s2@group-5C26748AB2B1->s1-AppendLogResponseHandler: Request not found, ignoring reply: s2<-s1#1668:OK,SUCCESS,nextIndex:1317,term:3,followerCommit:1227
2019-09-24 16:17:06,404 WARN  server.GrpcLogAppender (GrpcLogAppender.java:onNextImpl(251)) - s2@group-5C26748AB2B1->s0-AppendLogResponseHandler: Request not found, ignoring reply: s2<-s0#1507:OK,SUCCESS,nextIndex:1324,term:3,followerCommit:1227
2019-09-24 16:17:06,404 WARN  server.GrpcLogAppender (GrpcLogAppender.java:onNextImpl(251)) - s2@group-5C26748AB2B1->s1-AppendLogResponseHandler: Request not found, ignoring reply: s2<-s1#1669:OK,SUCCESS,nextIndex:1318,term:3,followerCommit:1227
2019-09-24 16:17:06,404 WARN  server.GrpcLogAppender (GrpcLogAppender.java:onNextImpl(251)) - s2@group-5C26748AB2B1->s0-AppendLogResponseHandler: Request not found, ignoring reply: s2<-s0#1508:OK,SUCCESS,nextIndex:1325,term:3,followerCommit:1227
2019-09-24 16:17:06,404 WARN  server.GrpcLogAppender (GrpcLogAppender.java:onNextImpl(251)) - s2@group-5C26748AB2B1->s1-AppendLogResponseHandler: Request not found, ignoring reply: s2<-s1#1670:OK,SUCCESS,nextIndex:1319,term:3,followerCommit:1227
2019-09-24 16:17:06,404 WARN  server.GrpcLogAppender (GrpcLogAppender.java:onNextImpl(251)) - s2@group-5C26748AB2B1->s0-AppendLogResponseHandler: Request not found, ignoring reply: s2<-s0#1509:OK,SUCCESS,nextIndex:1326,term:3,followerCommit:1227
2019-09-24 16:17:06,405 WARN  server.GrpcLogAppender (GrpcLogAppender.java:onNextImpl(251)) - s2@group-5C26748AB2B1->s1-AppendLogResponseHandler: Request not found, ignoring reply: s2<-s1#1671:OK,SUCCESS,nextIndex:1320,term:3,followerCommit:1227
2019-09-24 16:17:06,405 WARN  server.GrpcLogAppender (GrpcLogAppender.java:onNextImpl(251)) - s2@group-5C26748AB2B1->s0-AppendLogResponseHandler: Request not found, ignoring reply: s2<-s0#1510:OK,SUCCESS,nextIndex:1327,term:3,followerCommit:1227
2019-09-24 16:17:06,405 WARN  server.GrpcLogAppender (GrpcLogAppender.java:onNextImpl(251)) - s2@group-5C26748AB2B1->s1-AppendLogResponseHandler: Request not found, ignoring reply: s2<-s1#1672:OK,SUCCESS,nextIndex:1321,term:3,followerCommit:1227
2019-09-24 16:17:06,405 WARN  server.GrpcLogAppender (GrpcLogAppender.java:onNextImpl(251)) - s2@group-5C26748AB2B1->s0-AppendLogResponseHandler: Request not found, ignoring reply: s2<-s0#1511:OK,SUCCESS,nextIndex:1328,term:3,followerCommit:1227
2019-09-24 16:17:06,405 WARN  server.GrpcLogAppender (GrpcLogAppender.java:onNextImpl(251)) - s2@group-5C26748AB2B1->s1-AppendLogResponseHandler: Request not found, ignoring reply: s2<-s1#1673:OK,SUCCESS,nextIndex:1322,term:3,followerCommit:1227
2019-09-24 16:17:06,405 WARN  server.GrpcLogAppender (GrpcLogAppender.java:onNextImpl(251)) - s2@group-5C26748AB2B1->s0-AppendLogResponseHandler: Request not found, ignoring reply: s2<-s0#1512:OK,SUCCESS,nextIndex:1329,term:3,followerCommit:1227
2019-09-24 16:17:06,405 WARN  server.GrpcLogAppender (GrpcLogAppender.java:onNextImpl(251)) - s2@group-5C26748AB2B1->s1-AppendLogResponseHandler: Request not found, ignoring reply: s2<-s1#1674:OK,SUCCESS,nextIndex:1323,term:3,followerCommit:1227
2019-09-24 16:17:06,406 WARN  server.GrpcLogAppender (GrpcLogAppender.java:onNextImpl(251)) - s2@group-5C26748AB2B1->s0-AppendLogResponseHandler: Request not found, ignoring reply: s2<-s0#1513:OK,SUCCESS,nextIndex:1329,term:3,followerCommit:1227
2019-09-24 16:17:06,406 WARN  server.GrpcLogAppender (GrpcLogAppender.java:onNextImpl(251)) - s2@group-5C26748AB2B1->s1-AppendLogResponseHandler: Request not found, ignoring reply: s2<-s1#1675:OK,SUCCESS,nextIndex:1324,term:3,followerCommit:1227
2019-09-24 16:17:06,406 WARN  server.GrpcLogAppender (GrpcLogAppender.java:onNextImpl(251)) - s2@group-5C26748AB2B1->s0-AppendLogResponseHandler: Request not found, ignoring reply: s2<-s0#1514:OK,SUCCESS,nextIndex:1329,term:3,followerCommit:1227
2019-09-24 16:17:06,406 WARN  server.GrpcLogAppender (GrpcLogAppender.java:onNextImpl(251)) - s2@group-5C26748AB2B1->s1-AppendLogResponseHandler: Request not found, ignoring reply: s2<-s1#1676:OK,SUCCESS,nextIndex:1325,term:3,followerCommit:1227
2019-09-24 16:17:06,406 WARN  server.GrpcLogAppender (GrpcLogAppender.java:onNextImpl(251)) - s2@group-5C26748AB2B1->s0-AppendLogResponseHandler: Request not found, ignoring reply: s2<-s0#1515:OK,SUCCESS,nextIndex:1329,term:3,followerCommit:1227
2019-09-24 16:17:06,406 WARN  server.GrpcLogAppender (GrpcLogAppender.java:onNextImpl(251)) - s2@group-5C26748AB2B1->s1-AppendLogResponseHandler: Request not found, ignoring reply: s2<-s1#1677:OK,SUCCESS,nextIndex:1326,term:3,followerCommit:1227
2019-09-24 16:17:06,406 WARN  server.GrpcLogAppender (GrpcLogAppender.java:onNextImpl(251)) - s2@group-5C26748AB2B1->s0-AppendLogResponseHandler: Request not found, ignoring reply: s2<-s0#1516:OK,SUCCESS,nextIndex:1329,term:3,followerCommit:1227
2019-09-24 16:17:06,407 WARN  server.GrpcLogAppender (GrpcLogAppender.java:onNextImpl(251)) - s2@group-5C26748AB2B1->s1-AppendLogResponseHandler: Request not found, ignoring reply: s2<-s1#1678:OK,SUCCESS,nextIndex:1327,term:3,followerCommit:1227
2019-09-24 16:17:06,407 WARN  server.GrpcLogAppender (GrpcLogAppender.java:onNextImpl(251)) - s2@group-5C26748AB2B1->s0-AppendLogResponseHandler: Request not found, ignoring reply: s2<-s0#1517:OK,SUCCESS,nextIndex:1329,term:3,followerCommit:1227
2019-09-24 16:17:06,407 WARN  server.GrpcLogAppender (GrpcLogAppender.java:onNextImpl(251)) - s2@group-5C26748AB2B1->s1-AppendLogResponseHandler: Request not found, ignoring reply: s2<-s1#1679:OK,SUCCESS,nextIndex:1328,term:3,followerCommit:1227
2019-09-24 16:17:06,407 WARN  server.GrpcLogAppender (GrpcLogAppender.java:onNextImpl(251)) - s2@group-5C26748AB2B1->s0-AppendLogResponseHandler: Request not found, ignoring reply: s2<-s0#1518:OK,SUCCESS,nextIndex:1329,term:3,followerCommit:1227
2019-09-24 16:17:06,407 WARN  server.GrpcLogAppender (GrpcLogAppender.java:onNextImpl(251)) - s2@group-5C26748AB2B1->s1-AppendLogResponseHandler: Request not found, ignoring reply: s2<-s1#1680:OK,SUCCESS,nextIndex:1329,term:3,followerCommit:1227
2019-09-24 16:17:06,407 WARN  server.GrpcLogAppender (GrpcLogAppender.java:onNextImpl(251)) - s2@group-5C26748AB2B1->s0-AppendLogResponseHandler: Request not found, ignoring reply: s2<-s0#1519:OK,SUCCESS,nextIndex:1329,term:3,followerCommit:1227
2019-09-24 16:17:06,407 WARN  server.GrpcLogAppender (GrpcLogAppender.java:onNextImpl(251)) - s2@group-5C26748AB2B1->s1-AppendLogResponseHandler: Request not found, ignoring reply: s2<-s1#1681:OK,SUCCESS,nextIndex:1329,term:3,followerCommit:1227
2019-09-24 16:17:06,407 WARN  server.GrpcLogAppender (GrpcLogAppender.java:onNextImpl(251)) - s2@group-5C26748AB2B1->s0-AppendLogResponseHandler: Request not found, ignoring reply: s2<-s0#1520:OK,SUCCESS,nextIndex:1329,term:3,followerCommit:1227
2019-09-24 16:17:06,408 WARN  server.GrpcLogAppender (GrpcLogAppender.java:onNextImpl(251)) - s2@group-5C26748AB2B1->s1-AppendLogResponseHandler: Request not found, ignoring reply: s2<-s1#1682:OK,SUCCESS,nextIndex:1329,term:3,followerCommit:1227
2019-09-24 16:17:06,408 WARN  server.GrpcLogAppender (GrpcLogAppender.java:onNextImpl(251)) - s2@group-5C26748AB2B1->s0-AppendLogResponseHandler: Request not found, ignoring reply: s2<-s0#1521:OK,SUCCESS,nextIndex:1329,term:3,followerCommit:1227
2019-09-24 16:17:06,408 WARN  server.GrpcLogAppender (GrpcLogAppender.java:onNextImpl(251)) - s2@group-5C26748AB2B1->s1-AppendLogResponseHandler: Request not found, ignoring reply: s2<-s1#1683:OK,SUCCESS,nextIndex:1329,term:3,followerCommit:1227
2019-09-24 16:17:06,408 WARN  server.GrpcLogAppender (GrpcLogAppender.java:onNextImpl(251)) - s2@group-5C26748AB2B1->s0-AppendLogResponseHandler: Request not found, ignoring reply: s2<-s0#1522:OK,SUCCESS,nextIndex:1329,term:3,followerCommit:1227
2019-09-24 16:17:06,408 WARN  server.GrpcLogAppender (GrpcLogAppender.java:onNextImpl(251)) - s2@group-5C26748AB2B1->s1-AppendLogResponseHandler: Request not found, ignoring reply: s2<-s1#1684:OK,SUCCESS,nextIndex:1329,term:3,followerCommit:1227
2019-09-24 16:17:06,408 WARN  server.GrpcLogAppender (GrpcLogAppender.java:onNextImpl(251)) - s2@group-5C26748AB2B1->s0-AppendLogResponseHandler: Request not found, ignoring reply: s2<-s0#1523:OK,SUCCESS,nextIndex:1329,term:3,followerCommit:1227
2019-09-24 16:17:06,408 WARN  server.GrpcLogAppender (GrpcLogAppender.java:onNextImpl(251)) - s2@group-5C26748AB2B1->s1-AppendLogResponseHandler: Request not found, ignoring reply: s2<-s1#1685:OK,SUCCESS,nextIndex:1329,term:3,followerCommit:1227
2019-09-24 16:17:06,409 WARN  server.GrpcLogAppender (GrpcLogAppender.java:onNextImpl(251)) - s2@group-5C26748AB2B1->s0-AppendLogResponseHandler: Request not found, ignoring reply: s2<-s0#1524:OK,SUCCESS,nextIndex:1329,term:3,followerCommit:1227
2019-09-24 16:17:06,409 WARN  server.GrpcLogAppender (GrpcLogAppender.java:onNextImpl(251)) - s2@group-5C26748AB2B1->s1-AppendLogResponseHandler: Request not found, ignoring reply: s2<-s1#1686:OK,SUCCESS,nextIndex:1329,term:3,followerCommit:1227
2019-09-24 16:17:06,409 WARN  server.GrpcLogAppender (GrpcLogAppender.java:onNextImpl(251)) - s2@group-5C26748AB2B1->s0-AppendLogResponseHandler: Request not found, ignoring reply: s2<-s0#1525:OK,SUCCESS,nextIndex:1329,term:3,followerCommit:1227
2019-09-24 16:17:06,409 WARN  server.GrpcLogAppender (GrpcLogAppender.java:onNextImpl(251)) - s2@group-5C26748AB2B1->s1-AppendLogResponseHandler: Request not found, ignoring reply: s2<-s1#1687:OK,SUCCESS,nextIndex:1329,term:3,followerCommit:1227
2019-09-24 16:17:06,409 WARN  server.GrpcLogAppender (GrpcLogAppender.java:onNextImpl(251)) - s2@group-5C26748AB2B1->s0-AppendLogResponseHandler: Request not found, ignoring reply: s2<-s0#1526:OK,SUCCESS,nextIndex:1329,term:3,followerCommit:1227
2019-09-24 16:17:06,409 WARN  server.GrpcLogAppender (GrpcLogAppender.java:onNextImpl(251)) - s2@group-5C26748AB2B1->s1-AppendLogResponseHandler: Request not found, ignoring reply: s2<-s1#1688:OK,SUCCESS,nextIndex:1329,term:3,followerCommit:1227
2019-09-24 16:17:06,409 WARN  server.GrpcLogAppender (GrpcLogAppender.java:onNextImpl(251)) - s2@group-5C26748AB2B1->s0-AppendLogResponseHandler: Request not found, ignoring reply: s2<-s0#1527:OK,SUCCESS,nextIndex:1329,term:3,followerCommit:1227
2019-09-24 16:17:06,409 WARN  server.GrpcLogAppender (GrpcLogAppender.java:onNextImpl(251)) - s2@group-5C26748AB2B1->s1-AppendLogResponseHandler: Request not found, ignoring reply: s2<-s1#1689:OK,SUCCESS,nextIndex:1329,term:3,followerCommit:1227
2019-09-24 16:17:06,410 WARN  server.GrpcLogAppender (GrpcLogAppender.java:onNextImpl(251)) - s2@group-5C26748AB2B1->s0-AppendLogResponseHandler: Request not found, ignoring reply: s2<-s0#1528:OK,SUCCESS,nextIndex:1329,term:3,followerCommit:1227
2019-09-24 16:17:06,410 WARN  server.GrpcLogAppender (GrpcLogAppender.java:onNextImpl(251)) - s2@group-5C26748AB2B1->s1-AppendLogResponseHandler: Request not found, ignoring reply: s2<-s1#1690:OK,SUCCESS,nextIndex:1329,term:3,followerCommit:1227
2019-09-24 16:17:06,410 WARN  server.GrpcLogAppender (GrpcLogAppender.java:onNextImpl(251)) - s2@group-5C26748AB2B1->s0-AppendLogResponseHandler: Request not found, ignoring reply: s2<-s0#1529:OK,SUCCESS,nextIndex:1329,term:3,followerCommit:1227
2019-09-24 16:17:06,410 WARN  server.GrpcLogAppender (GrpcLogAppender.java:onNextImpl(251)) - s2@group-5C26748AB2B1->s1-AppendLogResponseHandler: Request not found, ignoring reply: s2<-s1#1691:OK,SUCCESS,nextIndex:1329,term:3,followerCommit:1227
2019-09-24 16:17:06,410 WARN  server.GrpcLogAppender (GrpcLogAppender.java:onNextImpl(251)) - s2@group-5C26748AB2B1->s0-AppendLogResponseHandler: Request not found, ignoring reply: s2<-s0#1530:OK,SUCCESS,nextIndex:1329,term:3,followerCommit:1227
2019-09-24 16:17:06,410 WARN  server.GrpcLogAppender (GrpcLogAppender.java:onNextImpl(251)) - s2@group-5C26748AB2B1->s1-AppendLogResponseHandler: Request not found, ignoring reply: s2<-s1#1692:OK,SUCCESS,nextIndex:1329,term:3,followerCommit:1227
2019-09-24 16:17:06,410 WARN  server.GrpcLogAppender (GrpcLogAppender.java:onNextImpl(251)) - s2@group-5C26748AB2B1->s0-AppendLogResponseHandler: Request not found, ignoring reply: s2<-s0#1531:OK,SUCCESS,nextIndex:1329,term:3,followerCommit:1227
2019-09-24 16:17:06,411 WARN  server.GrpcLogAppender (GrpcLogAppender.java:onNextImpl(251)) - s2@group-5C26748AB2B1->s1-AppendLogResponseHandler: Request not found, ignoring reply: s2<-s1#1693:OK,SUCCESS,nextIndex:1329,term:3,followerCommit:1227
2019-09-24 16:17:06,411 WARN  server.GrpcLogAppender (GrpcLogAppender.java:onNextImpl(251)) - s2@group-5C26748AB2B1->s0-AppendLogResponseHandler: Request not found, ignoring reply: s2<-s0#1532:OK,SUCCESS,nextIndex:1329,term:3,followerCommit:1227
2019-09-24 16:17:06,411 WARN  server.GrpcLogAppender (GrpcLogAppender.java:onNextImpl(251)) - s2@group-5C26748AB2B1->s1-AppendLogResponseHandler: Request not found, ignoring reply: s2<-s1#1694:OK,SUCCESS,nextIndex:1329,term:3,followerCommit:1227
2019-09-24 16:17:06,411 WARN  server.GrpcLogAppender (GrpcLogAppender.java:onNextImpl(251)) - s2@group-5C26748AB2B1->s0-AppendLogResponseHandler: Request not found, ignoring reply: s2<-s0#1533:OK,SUCCESS,nextIndex:1329,term:3,followerCommit:1227
2019-09-24 16:17:06,411 WARN  server.GrpcLogAppender (GrpcLogAppender.java:onNextImpl(251)) - s2@group-5C26748AB2B1->s1-AppendLogResponseHandler: Request not found, ignoring reply: s2<-s1#1695:OK,SUCCESS,nextIndex:1329,term:3,followerCommit:1227
2019-09-24 16:17:06,411 WARN  server.GrpcLogAppender (GrpcLogAppender.java:onNextImpl(251)) - s2@group-5C26748AB2B1->s0-AppendLogResponseHandler: Request not found, ignoring reply: s2<-s0#1534:OK,SUCCESS,nextIndex:1329,term:3,followerCommit:1227
2019-09-24 16:17:06,411 WARN  server.GrpcLogAppender (GrpcLogAppender.java:onNextImpl(251)) - s2@group-5C26748AB2B1->s1-AppendLogResponseHandler: Request not found, ignoring reply: s2<-s1#1696:OK,SUCCESS,nextIndex:1329,term:3,followerCommit:1227
2019-09-24 16:17:06,412 WARN  server.GrpcLogAppender (GrpcLogAppender.java:onNextImpl(251)) - s2@group-5C26748AB2B1->s0-AppendLogResponseHandler: Request not found, ignoring reply: s2<-s0#1535:OK,SUCCESS,nextIndex:1329,term:3,followerCommit:1227
2019-09-24 16:17:06,412 WARN  server.GrpcLogAppender (GrpcLogAppender.java:onNextImpl(251)) - s2@group-5C26748AB2B1->s1-AppendLogResponseHandler: Request not found, ignoring reply: s2<-s1#1697:OK,SUCCESS,nextIndex:1329,term:3,followerCommit:1227
2019-09-24 16:17:06,412 WARN  server.GrpcLogAppender (GrpcLogAppender.java:onNextImpl(251)) - s2@group-5C26748AB2B1->s0-AppendLogResponseHandler: Request not found, ignoring reply: s2<-s0#1536:OK,SUCCESS,nextIndex:1329,term:3,followerCommit:1227
2019-09-24 16:17:06,412 WARN  server.GrpcLogAppender (GrpcLogAppender.java:onNextImpl(251)) - s2@group-5C26748AB2B1->s1-AppendLogResponseHandler: Request not found, ignoring reply: s2<-s1#1698:OK,SUCCESS,nextIndex:1329,term:3,followerCommit:1227
2019-09-24 16:17:06,412 WARN  server.GrpcLogAppender (GrpcLogAppender.java:onNextImpl(251)) - s2@group-5C26748AB2B1->s0-AppendLogResponseHandler: Request not found, ignoring reply: s2<-s0#1537:OK,SUCCESS,nextIndex:1329,term:3,followerCommit:1227
2019-09-24 16:17:06,412 WARN  server.GrpcLogAppender (GrpcLogAppender.java:onNextImpl(251)) - s2@group-5C26748AB2B1->s1-AppendLogResponseHandler: Request not found, ignoring reply: s2<-s1#1699:OK,SUCCESS,nextIndex:1329,term:3,followerCommit:1227
2019-09-24 16:17:06,412 WARN  server.GrpcLogAppender (GrpcLogAppender.java:onNextImpl(251)) - s2@group-5C26748AB2B1->s0-AppendLogResponseHandler: Request not found, ignoring reply: s2<-s0#1538:OK,SUCCESS,nextIndex:1329,term:3,followerCommit:1227
2019-09-24 16:17:06,412 WARN  server.GrpcLogAppender (GrpcLogAppender.java:onNextImpl(251)) - s2@group-5C26748AB2B1->s1-AppendLogResponseHandler: Request not found, ignoring reply: s2<-s1#1700:OK,SUCCESS,nextIndex:1329,term:3,followerCommit:1227
2019-09-24 16:17:06,413 WARN  server.GrpcLogAppender (GrpcLogAppender.java:onNextImpl(251)) - s2@group-5C26748AB2B1->s0-AppendLogResponseHandler: Request not found, ignoring reply: s2<-s0#1539:OK,SUCCESS,nextIndex:1329,term:3,followerCommit:1227
2019-09-24 16:17:06,413 WARN  server.GrpcLogAppender (GrpcLogAppender.java:onNextImpl(251)) - s2@group-5C26748AB2B1->s1-AppendLogResponseHandler: Request not found, ignoring reply: s2<-s1#1701:OK,SUCCESS,nextIndex:1329,term:3,followerCommit:1227
2019-09-24 16:17:06,413 WARN  server.GrpcLogAppender (GrpcLogAppender.java:onNextImpl(251)) - s2@group-5C26748AB2B1->s0-AppendLogResponseHandler: Request not found, ignoring reply: s2<-s0#1540:OK,SUCCESS,nextIndex:1329,term:3,followerCommit:1227
2019-09-24 16:17:06,413 WARN  server.GrpcLogAppender (GrpcLogAppender.java:onNextImpl(251)) - s2@group-5C26748AB2B1->s1-AppendLogResponseHandler: Request not found, ignoring reply: s2<-s1#1702:OK,SUCCESS,nextIndex:1329,term:3,followerCommit:1227
2019-09-24 16:17:06,413 WARN  server.GrpcLogAppender (GrpcLogAppender.java:onNextImpl(251)) - s2@group-5C26748AB2B1->s0-AppendLogResponseHandler: Request not found, ignoring reply: s2<-s0#1541:OK,SUCCESS,nextIndex:1329,term:3,followerCommit:1227
2019-09-24 16:17:06,413 WARN  server.GrpcLogAppender (GrpcLogAppender.java:onNextImpl(251)) - s2@group-5C26748AB2B1->s1-AppendLogResponseHandler: Request not found, ignoring reply: s2<-s1#1703:OK,SUCCESS,nextIndex:1329,term:3,followerCommit:1227
2019-09-24 16:17:06,413 WARN  server.GrpcLogAppender (GrpcLogAppender.java:onNextImpl(251)) - s2@group-5C26748AB2B1->s0-AppendLogResponseHandler: Request not found, ignoring reply: s2<-s0#1542:OK,SUCCESS,nextIndex:1329,term:3,followerCommit:1227
2019-09-24 16:17:06,413 WARN  server.GrpcLogAppender (GrpcLogAppender.java:onNextImpl(251)) - s2@group-5C26748AB2B1->s1-AppendLogResponseHandler: Request not found, ignoring reply: s2<-s1#1704:OK,SUCCESS,nextIndex:1329,term:3,followerCommit:1227
2019-09-24 16:17:06,414 WARN  server.GrpcLogAppender (GrpcLogAppender.java:onNextImpl(251)) - s2@group-5C26748AB2B1->s0-AppendLogResponseHandler: Request not found, ignoring reply: s2<-s0#1543:OK,SUCCESS,nextIndex:1329,term:3,followerCommit:1227
2019-09-24 16:17:06,414 WARN  server.GrpcLogAppender (GrpcLogAppender.java:onNextImpl(251)) - s2@group-5C26748AB2B1->s1-AppendLogResponseHandler: Request not found, ignoring reply: s2<-s1#1705:OK,SUCCESS,nextIndex:1329,term:3,followerCommit:1227
2019-09-24 16:17:06,414 WARN  server.GrpcLogAppender (GrpcLogAppender.java:onNextImpl(251)) - s2@group-5C26748AB2B1->s0-AppendLogResponseHandler: Request not found, ignoring reply: s2<-s0#1544:OK,SUCCESS,nextIndex:1329,term:3,followerCommit:1227
2019-09-24 16:17:06,414 WARN  server.GrpcLogAppender (GrpcLogAppender.java:onNextImpl(251)) - s2@group-5C26748AB2B1->s1-AppendLogResponseHandler: Request not found, ignoring reply: s2<-s1#1706:OK,SUCCESS,nextIndex:1329,term:3,followerCommit:1227
2019-09-24 16:17:06,414 WARN  server.GrpcLogAppender (GrpcLogAppender.java:onNextImpl(251)) - s2@group-5C26748AB2B1->s0-AppendLogResponseHandler: Request not found, ignoring reply: s2<-s0#1545:OK,SUCCESS,nextIndex:1329,term:3,followerCommit:1227
2019-09-24 16:17:06,414 WARN  server.GrpcLogAppender (GrpcLogAppender.java:onNextImpl(251)) - s2@group-5C26748AB2B1->s1-AppendLogResponseHandler: Request not found, ignoring reply: s2<-s1#1707:OK,SUCCESS,nextIndex:1329,term:3,followerCommit:1227
2019-09-24 16:17:06,414 WARN  server.GrpcLogAppender (GrpcLogAppender.java:onNextImpl(251)) - s2@group-5C26748AB2B1->s0-AppendLogResponseHandler: Request not found, ignoring reply: s2<-s0#1546:OK,SUCCESS,nextIndex:1329,term:3,followerCommit:1227
2019-09-24 16:17:06,414 WARN  server.GrpcLogAppender (GrpcLogAppender.java:onNextImpl(251)) - s2@group-5C26748AB2B1->s1-AppendLogResponseHandler: Request not found, ignoring reply: s2<-s1#1708:OK,SUCCESS,nextIndex:1329,term:3,followerCommit:1227
2019-09-24 16:17:06,415 WARN  server.GrpcLogAppender (GrpcLogAppender.java:onNextImpl(251)) - s2@group-5C26748AB2B1->s0-AppendLogResponseHandler: Request not found, ignoring reply: s2<-s0#1547:OK,SUCCESS,nextIndex:1329,term:3,followerCommit:1227
2019-09-24 16:17:06,415 WARN  server.GrpcLogAppender (GrpcLogAppender.java:onNextImpl(251)) - s2@group-5C26748AB2B1->s1-AppendLogResponseHandler: Request not found, ignoring reply: s2<-s1#1709:OK,SUCCESS,nextIndex:1329,term:3,followerCommit:1227
2019-09-24 16:17:06,415 WARN  server.GrpcLogAppender (GrpcLogAppender.java:onNextImpl(251)) - s2@group-5C26748AB2B1->s0-AppendLogResponseHandler: Request not found, ignoring reply: s2<-s0#1548:OK,SUCCESS,nextIndex:1329,term:3,followerCommit:1227
2019-09-24 16:17:06,415 WARN  server.GrpcLogAppender (GrpcLogAppender.java:onNextImpl(251)) - s2@group-5C26748AB2B1->s1-AppendLogResponseHandler: Request not found, ignoring reply: s2<-s1#1710:OK,SUCCESS,nextIndex:1329,term:3,followerCommit:1227
2019-09-24 16:17:06,415 WARN  server.GrpcLogAppender (GrpcLogAppender.java:onNextImpl(251)) - s2@group-5C26748AB2B1->s0-AppendLogResponseHandler: Request not found, ignoring reply: s2<-s0#1549:OK,SUCCESS,nextIndex:1329,term:3,followerCommit:1227
2019-09-24 16:17:06,415 WARN  server.GrpcLogAppender (GrpcLogAppender.java:onNextImpl(251)) - s2@group-5C26748AB2B1->s1-AppendLogResponseHandler: Request not found, ignoring reply: s2<-s1#1711:OK,SUCCESS,nextIndex:1329,term:3,followerCommit:1227
2019-09-24 16:17:06,415 WARN  server.GrpcLogAppender (GrpcLogAppender.java:onNextImpl(251)) - s2@group-5C26748AB2B1->s0-AppendLogResponseHandler: Request not found, ignoring reply: s2<-s0#1550:OK,SUCCESS,nextIndex:1329,term:3,followerCommit:1227
2019-09-24 16:17:06,415 WARN  server.GrpcLogAppender (GrpcLogAppender.java:onNextImpl(251)) - s2@group-5C26748AB2B1->s1-AppendLogResponseHandler: Request not found, ignoring reply: s2<-s1#1712:OK,SUCCESS,nextIndex:1329,term:3,followerCommit:1227
2019-09-24 16:17:06,416 WARN  server.GrpcLogAppender (GrpcLogAppender.java:onNextImpl(251)) - s2@group-5C26748AB2B1->s0-AppendLogResponseHandler: Request not found, ignoring reply: s2<-s0#1551:OK,SUCCESS,nextIndex:1329,term:3,followerCommit:1227
2019-09-24 16:17:06,416 WARN  server.GrpcLogAppender (GrpcLogAppender.java:onNextImpl(251)) - s2@group-5C26748AB2B1->s1-AppendLogResponseHandler: Request not found, ignoring reply: s2<-s1#1713:OK,SUCCESS,nextIndex:1329,term:3,followerCommit:1227
2019-09-24 16:17:06,416 WARN  server.GrpcLogAppender (GrpcLogAppender.java:onNextImpl(251)) - s2@group-5C26748AB2B1->s0-AppendLogResponseHandler: Request not found, ignoring reply: s2<-s0#1552:OK,SUCCESS,nextIndex:1329,term:3,followerCommit:1227
2019-09-24 16:17:06,416 WARN  server.GrpcLogAppender (GrpcLogAppender.java:onNextImpl(251)) - s2@group-5C26748AB2B1->s1-AppendLogResponseHandler: Request not found, ignoring reply: s2<-s1#1714:OK,SUCCESS,nextIndex:1329,term:3,followerCommit:1227
2019-09-24 16:17:06,416 WARN  server.GrpcLogAppender (GrpcLogAppender.java:onNextImpl(251)) - s2@group-5C26748AB2B1->s0-AppendLogResponseHandler: Request not found, ignoring reply: s2<-s0#1553:OK,SUCCESS,nextIndex:1329,term:3,followerCommit:1227
2019-09-24 16:17:06,416 WARN  server.GrpcLogAppender (GrpcLogAppender.java:onNextImpl(251)) - s2@group-5C26748AB2B1->s1-AppendLogResponseHandler: Request not found, ignoring reply: s2<-s1#1715:OK,SUCCESS,nextIndex:1329,term:3,followerCommit:1227
2019-09-24 16:17:06,416 WARN  server.GrpcLogAppender (GrpcLogAppender.java:onNextImpl(251)) - s2@group-5C26748AB2B1->s0-AppendLogResponseHandler: Request not found, ignoring reply: s2<-s0#1554:OK,SUCCESS,nextIndex:1329,term:3,followerCommit:1227
2019-09-24 16:17:06,416 WARN  server.GrpcLogAppender (GrpcLogAppender.java:onNextImpl(251)) - s2@group-5C26748AB2B1->s1-AppendLogResponseHandler: Request not found, ignoring reply: s2<-s1#1716:OK,SUCCESS,nextIndex:1329,term:3,followerCommit:1227
2019-09-24 16:17:06,417 WARN  server.GrpcLogAppender (GrpcLogAppender.java:onNextImpl(251)) - s2@group-5C26748AB2B1->s0-AppendLogResponseHandler: Request not found, ignoring reply: s2<-s0#1555:OK,SUCCESS,nextIndex:1329,term:3,followerCommit:1227
2019-09-24 16:17:06,417 WARN  server.GrpcLogAppender (GrpcLogAppender.java:onNextImpl(251)) - s2@group-5C26748AB2B1->s1-AppendLogResponseHandler: Request not found, ignoring reply: s2<-s1#1717:OK,SUCCESS,nextIndex:1329,term:3,followerCommit:1227
2019-09-24 16:17:06,417 WARN  server.GrpcLogAppender (GrpcLogAppender.java:onNextImpl(251)) - s2@group-5C26748AB2B1->s0-AppendLogResponseHandler: Request not found, ignoring reply: s2<-s0#1556:OK,SUCCESS,nextIndex:1329,term:3,followerCommit:1227
2019-09-24 16:17:06,417 WARN  server.GrpcLogAppender (GrpcLogAppender.java:onNextImpl(251)) - s2@group-5C26748AB2B1->s1-AppendLogResponseHandler: Request not found, ignoring reply: s2<-s1#1718:OK,SUCCESS,nextIndex:1329,term:3,followerCommit:1227
2019-09-24 16:17:06,417 WARN  server.GrpcLogAppender (GrpcLogAppender.java:onNextImpl(251)) - s2@group-5C26748AB2B1->s0-AppendLogResponseHandler: Request not found, ignoring reply: s2<-s0#1557:OK,SUCCESS,nextIndex:1329,term:3,followerCommit:1227
2019-09-24 16:17:06,417 WARN  server.GrpcLogAppender (GrpcLogAppender.java:onNextImpl(251)) - s2@group-5C26748AB2B1->s1-AppendLogResponseHandler: Request not found, ignoring reply: s2<-s1#1719:OK,SUCCESS,nextIndex:1329,term:3,followerCommit:1227
2019-09-24 16:17:06,417 WARN  server.GrpcLogAppender (GrpcLogAppender.java:onNextImpl(251)) - s2@group-5C26748AB2B1->s0-AppendLogResponseHandler: Request not found, ignoring reply: s2<-s0#1558:OK,SUCCESS,nextIndex:1329,term:3,followerCommit:1227
2019-09-24 16:17:06,417 WARN  server.GrpcLogAppender (GrpcLogAppender.java:onNextImpl(251)) - s2@group-5C26748AB2B1->s1-AppendLogResponseHandler: Request not found, ignoring reply: s2<-s1#1720:OK,SUCCESS,nextIndex:1329,term:3,followerCommit:1227
2019-09-24 16:17:06,417 WARN  server.GrpcLogAppender (GrpcLogAppender.java:onNextImpl(251)) - s2@group-5C26748AB2B1->s0-AppendLogResponseHandler: Request not found, ignoring reply: s2<-s0#1559:OK,SUCCESS,nextIndex:1329,term:3,followerCommit:1227
2019-09-24 16:17:06,418 WARN  server.GrpcLogAppender (GrpcLogAppender.java:onNextImpl(251)) - s2@group-5C26748AB2B1->s1-AppendLogResponseHandler: Request not found, ignoring reply: s2<-s1#1721:OK,SUCCESS,nextIndex:1329,term:3,followerCommit:1227
2019-09-24 16:17:06,418 WARN  server.GrpcLogAppender (GrpcLogAppender.java:onNextImpl(251)) - s2@group-5C26748AB2B1->s0-AppendLogResponseHandler: Request not found, ignoring reply: s2<-s0#1560:OK,SUCCESS,nextIndex:1329,term:3,followerCommit:1227
2019-09-24 16:17:06,418 WARN  server.GrpcLogAppender (GrpcLogAppender.java:onNextImpl(251)) - s2@group-5C26748AB2B1->s1-AppendLogResponseHandler: Request not found, ignoring reply: s2<-s1#1722:OK,SUCCESS,nextIndex:1329,term:3,followerCommit:1227
2019-09-24 16:17:06,418 WARN  server.GrpcLogAppender (GrpcLogAppender.java:onNextImpl(251)) - s2@group-5C26748AB2B1->s0-AppendLogResponseHandler: Request not found, ignoring reply: s2<-s0#1561:OK,SUCCESS,nextIndex:1329,term:3,followerCommit:1227
2019-09-24 16:17:06,418 WARN  server.GrpcLogAppender (GrpcLogAppender.java:onNextImpl(251)) - s2@group-5C26748AB2B1->s1-AppendLogResponseHandler: Request not found, ignoring reply: s2<-s1#1723:OK,SUCCESS,nextIndex:1329,term:3,followerCommit:1227
2019-09-24 16:17:06,418 WARN  server.GrpcLogAppender (GrpcLogAppender.java:onNextImpl(251)) - s2@group-5C26748AB2B1->s0-AppendLogResponseHandler: Request not found, ignoring reply: s2<-s0#1562:OK,SUCCESS,nextIndex:1329,term:3,followerCommit:1227
2019-09-24 16:17:06,418 WARN  server.GrpcLogAppender (GrpcLogAppender.java:onNextImpl(251)) - s2@group-5C26748AB2B1->s1-AppendLogResponseHandler: Request not found, ignoring reply: s2<-s1#1724:OK,SUCCESS,nextIndex:1329,term:3,followerCommit:1227
2019-09-24 16:17:06,418 WARN  server.GrpcLogAppender (GrpcLogAppender.java:onNextImpl(251)) - s2@group-5C26748AB2B1->s0-AppendLogResponseHandler: Request not found, ignoring reply: s2<-s0#1563:OK,SUCCESS,nextIndex:1329,term:3,followerCommit:1227
2019-09-24 16:17:06,419 WARN  server.GrpcLogAppender (GrpcLogAppender.java:onNextImpl(251)) - s2@group-5C26748AB2B1->s1-AppendLogResponseHandler: Request not found, ignoring reply: s2<-s1#1725:OK,SUCCESS,nextIndex:1329,term:3,followerCommit:1227
2019-09-24 16:17:06,419 WARN  server.GrpcLogAppender (GrpcLogAppender.java:onNextImpl(251)) - s2@group-5C26748AB2B1->s0-AppendLogResponseHandler: Request not found, ignoring reply: s2<-s0#1564:OK,SUCCESS,nextIndex:1329,term:3,followerCommit:1227
2019-09-24 16:17:06,419 WARN  server.GrpcLogAppender (GrpcLogAppender.java:onNextImpl(251)) - s2@group-5C26748AB2B1->s1-AppendLogResponseHandler: Request not found, ignoring reply: s2<-s1#1726:OK,SUCCESS,nextIndex:1329,term:3,followerCommit:1227
2019-09-24 16:17:06,419 WARN  server.GrpcLogAppender (GrpcLogAppender.java:onNextImpl(251)) - s2@group-5C26748AB2B1->s0-AppendLogResponseHandler: Request not found, ignoring reply: s2<-s0#1565:OK,SUCCESS,nextIndex:1329,term:3,followerCommit:1227
2019-09-24 16:17:06,419 WARN  server.GrpcLogAppender (GrpcLogAppender.java:onNextImpl(251)) - s2@group-5C26748AB2B1->s1-AppendLogResponseHandler: Request not found, ignoring reply: s2<-s1#1727:OK,SUCCESS,nextIndex:1329,term:3,followerCommit:1227
2019-09-24 16:17:06,419 WARN  server.GrpcLogAppender (GrpcLogAppender.java:onNextImpl(251)) - s2@group-5C26748AB2B1->s0-AppendLogResponseHandler: Request not found, ignoring reply: s2<-s0#1566:OK,SUCCESS,nextIndex:1329,term:3,followerCommit:1227
2019-09-24 16:17:06,419 WARN  server.GrpcLogAppender (GrpcLogAppender.java:onNextImpl(251)) - s2@group-5C26748AB2B1->s1-AppendLogResponseHandler: Request not found, ignoring reply: s2<-s1#1728:OK,SUCCESS,nextIndex:1329,term:3,followerCommit:1227
2019-09-24 16:17:06,419 WARN  server.GrpcLogAppender (GrpcLogAppender.java:onNextImpl(251)) - s2@group-5C26748AB2B1->s0-AppendLogResponseHandler: Request not found, ignoring reply: s2<-s0#1567:OK,SUCCESS,nextIndex:1329,term:3,followerCommit:1227
2019-09-24 16:17:06,420 WARN  server.GrpcLogAppender (GrpcLogAppender.java:onNextImpl(251)) - s2@group-5C26748AB2B1->s1-AppendLogResponseHandler: Request not found, ignoring reply: s2<-s1#1729:OK,SUCCESS,nextIndex:1329,term:3,followerCommit:1227
2019-09-24 16:17:06,420 WARN  server.GrpcLogAppender (GrpcLogAppender.java:onNextImpl(251)) - s2@group-5C26748AB2B1->s0-AppendLogResponseHandler: Request not found, ignoring reply: s2<-s0#1568:OK,SUCCESS,nextIndex:1329,term:3,followerCommit:1227
2019-09-24 16:17:06,420 WARN  server.GrpcLogAppender (GrpcLogAppender.java:onNextImpl(251)) - s2@group-5C26748AB2B1->s1-AppendLogResponseHandler: Request not found, ignoring reply: s2<-s1#1730:OK,SUCCESS,nextIndex:1329,term:3,followerCommit:1227
2019-09-24 16:17:06,420 WARN  server.GrpcLogAppender (GrpcLogAppender.java:onNextImpl(251)) - s2@group-5C26748AB2B1->s0-AppendLogResponseHandler: Request not found, ignoring reply: s2<-s0#1569:OK,SUCCESS,nextIndex:1329,term:3,followerCommit:1227
2019-09-24 16:17:06,420 WARN  server.GrpcLogAppender (GrpcLogAppender.java:onNextImpl(251)) - s2@group-5C26748AB2B1->s1-AppendLogResponseHandler: Request not found, ignoring reply: s2<-s1#1731:OK,SUCCESS,nextIndex:1329,term:3,followerCommit:1227
2019-09-24 16:17:06,420 WARN  server.GrpcLogAppender (GrpcLogAppender.java:onNextImpl(251)) - s2@group-5C26748AB2B1->s0-AppendLogResponseHandler: Request not found, ignoring reply: s2<-s0#1570:OK,SUCCESS,nextIndex:1329,term:3,followerCommit:1227
2019-09-24 16:17:06,420 WARN  server.GrpcLogAppender (GrpcLogAppender.java:onNextImpl(251)) - s2@group-5C26748AB2B1->s1-AppendLogResponseHandler: Request not found, ignoring reply: s2<-s1#1732:OK,SUCCESS,nextIndex:1329,term:3,followerCommit:1227
2019-09-24 16:17:06,420 WARN  server.GrpcLogAppender (GrpcLogAppender.java:onNextImpl(251)) - s2@group-5C26748AB2B1->s0-AppendLogResponseHandler: Request not found, ignoring reply: s2<-s0#1571:OK,SUCCESS,nextIndex:1329,term:3,followerCommit:1227
2019-09-24 16:17:06,421 WARN  server.GrpcLogAppender (GrpcLogAppender.java:onNextImpl(251)) - s2@group-5C26748AB2B1->s1-AppendLogResponseHandler: Request not found, ignoring reply: s2<-s1#1733:OK,SUCCESS,nextIndex:1329,term:3,followerCommit:1227
2019-09-24 16:17:06,421 WARN  server.GrpcLogAppender (GrpcLogAppender.java:onNextImpl(251)) - s2@group-5C26748AB2B1->s0-AppendLogResponseHandler: Request not found, ignoring reply: s2<-s0#1572:OK,SUCCESS,nextIndex:1329,term:3,followerCommit:1227
2019-09-24 16:17:06,421 WARN  server.GrpcLogAppender (GrpcLogAppender.java:onNextImpl(251)) - s2@group-5C26748AB2B1->s1-AppendLogResponseHandler: Request not found, ignoring reply: s2<-s1#1734:OK,SUCCESS,nextIndex:1329,term:3,followerCommit:1227
2019-09-24 16:17:06,421 WARN  server.GrpcLogAppender (GrpcLogAppender.java:onNextImpl(251)) - s2@group-5C26748AB2B1->s0-AppendLogResponseHandler: Request not found, ignoring reply: s2<-s0#1573:OK,SUCCESS,nextIndex:1329,term:3,followerCommit:1227
2019-09-24 16:17:06,421 WARN  server.GrpcLogAppender (GrpcLogAppender.java:onNextImpl(251)) - s2@group-5C26748AB2B1->s1-AppendLogResponseHandler: Request not found, ignoring reply: s2<-s1#1735:OK,SUCCESS,nextIndex:1329,term:3,followerCommit:1227
2019-09-24 16:17:06,421 WARN  server.GrpcLogAppender (GrpcLogAppender.java:onNextImpl(251)) - s2@group-5C26748AB2B1->s0-AppendLogResponseHandler: Request not found, ignoring reply: s2<-s0#1574:OK,SUCCESS,nextIndex:1329,term:3,followerCommit:1227
2019-09-24 16:17:06,421 WARN  server.GrpcLogAppender (GrpcLogAppender.java:onNextImpl(251)) - s2@group-5C26748AB2B1->s1-AppendLogResponseHandler: Request not found, ignoring reply: s2<-s1#1736:OK,SUCCESS,nextIndex:1329,term:3,followerCommit:1227
2019-09-24 16:17:06,421 WARN  server.GrpcLogAppender (GrpcLogAppender.java:onNextImpl(251)) - s2@group-5C26748AB2B1->s0-AppendLogResponseHandler: Request not found, ignoring reply: s2<-s0#1575:OK,SUCCESS,nextIndex:1329,term:3,followerCommit:1227
2019-09-24 16:17:06,421 WARN  server.GrpcLogAppender (GrpcLogAppender.java:onNextImpl(251)) - s2@group-5C26748AB2B1->s1-AppendLogResponseHandler: Request not found, ignoring reply: s2<-s1#1737:OK,SUCCESS,nextIndex:1329,term:3,followerCommit:1227
2019-09-24 16:17:06,422 WARN  server.GrpcLogAppender (GrpcLogAppender.java:onNextImpl(251)) - s2@group-5C26748AB2B1->s0-AppendLogResponseHandler: Request not found, ignoring reply: s2<-s0#1576:OK,SUCCESS,nextIndex:1329,term:3,followerCommit:1227
2019-09-24 16:17:06,422 WARN  server.GrpcLogAppender (GrpcLogAppender.java:onNextImpl(251)) - s2@group-5C26748AB2B1->s1-AppendLogResponseHandler: Request not found, ignoring reply: s2<-s1#1738:OK,SUCCESS,nextIndex:1329,term:3,followerCommit:1227
2019-09-24 16:17:06,422 WARN  server.GrpcLogAppender (GrpcLogAppender.java:onNextImpl(251)) - s2@group-5C26748AB2B1->s0-AppendLogResponseHandler: Request not found, ignoring reply: s2<-s0#1577:OK,SUCCESS,nextIndex:1329,term:3,followerCommit:1227
2019-09-24 16:17:06,422 WARN  server.GrpcLogAppender (GrpcLogAppender.java:onNextImpl(251)) - s2@group-5C26748AB2B1->s1-AppendLogResponseHandler: Request not found, ignoring reply: s2<-s1#1739:OK,SUCCESS,nextIndex:1329,term:3,followerCommit:1227
2019-09-24 16:17:06,422 WARN  server.GrpcLogAppender (GrpcLogAppender.java:onNextImpl(251)) - s2@group-5C26748AB2B1->s0-AppendLogResponseHandler: Request not found, ignoring reply: s2<-s0#1578:OK,SUCCESS,nextIndex:1329,term:3,followerCommit:1227
2019-09-24 16:17:06,422 WARN  server.GrpcLogAppender (GrpcLogAppender.java:onNextImpl(251)) - s2@group-5C26748AB2B1->s1-AppendLogResponseHandler: Request not found, ignoring reply: s2<-s1#1740:OK,SUCCESS,nextIndex:1329,term:3,followerCommit:1227
2019-09-24 16:17:06,422 WARN  server.GrpcLogAppender (GrpcLogAppender.java:onNextImpl(251)) - s2@group-5C26748AB2B1->s0-AppendLogResponseHandler: Request not found, ignoring reply: s2<-s0#1579:OK,SUCCESS,nextIndex:1329,term:3,followerCommit:1227
2019-09-24 16:17:06,422 WARN  server.GrpcLogAppender (GrpcLogAppender.java:onNextImpl(251)) - s2@group-5C26748AB2B1->s1-AppendLogResponseHandler: Request not found, ignoring reply: s2<-s1#1741:OK,SUCCESS,nextIndex:1329,term:3,followerCommit:1227
2019-09-24 16:17:06,422 WARN  server.GrpcLogAppender (GrpcLogAppender.java:onNextImpl(251)) - s2@group-5C26748AB2B1->s0-AppendLogResponseHandler: Request not found, ignoring reply: s2<-s0#1580:OK,SUCCESS,nextIndex:1329,term:3,followerCommit:1227
2019-09-24 16:17:06,423 WARN  server.GrpcLogAppender (GrpcLogAppender.java:onNextImpl(251)) - s2@group-5C26748AB2B1->s1-AppendLogResponseHandler: Request not found, ignoring reply: s2<-s1#1742:OK,SUCCESS,nextIndex:1329,term:3,followerCommit:1227
2019-09-24 16:17:06,423 WARN  server.GrpcLogAppender (GrpcLogAppender.java:onNextImpl(251)) - s2@group-5C26748AB2B1->s0-AppendLogResponseHandler: Request not found, ignoring reply: s2<-s0#1581:OK,SUCCESS,nextIndex:1329,term:3,followerCommit:1227
2019-09-24 16:17:06,423 WARN  server.GrpcLogAppender (GrpcLogAppender.java:onNextImpl(251)) - s2@group-5C26748AB2B1->s1-AppendLogResponseHandler: Request not found, ignoring reply: s2<-s1#1743:OK,SUCCESS,nextIndex:1329,term:3,followerCommit:1227
2019-09-24 16:17:06,423 WARN  server.GrpcLogAppender (GrpcLogAppender.java:onNextImpl(251)) - s2@group-5C26748AB2B1->s0-AppendLogResponseHandler: Request not found, ignoring reply: s2<-s0#1582:OK,SUCCESS,nextIndex:1329,term:3,followerCommit:1227
2019-09-24 16:17:06,423 WARN  server.GrpcLogAppender (GrpcLogAppender.java:onNextImpl(251)) - s2@group-5C26748AB2B1->s1-AppendLogResponseHandler: Request not found, ignoring reply: s2<-s1#1744:OK,SUCCESS,nextIndex:1329,term:3,followerCommit:1227
2019-09-24 16:17:06,423 WARN  server.GrpcLogAppender (GrpcLogAppender.java:onNextImpl(251)) - s2@group-5C26748AB2B1->s0-AppendLogResponseHandler: Request not found, ignoring reply: s2<-s0#1583:OK,SUCCESS,nextIndex:1329,term:3,followerCommit:1227
2019-09-24 16:17:06,423 WARN  server.GrpcLogAppender (GrpcLogAppender.java:onNextImpl(251)) - s2@group-5C26748AB2B1->s1-AppendLogResponseHandler: Request not found, ignoring reply: s2<-s1#1745:OK,SUCCESS,nextIndex:1329,term:3,followerCommit:1227
2019-09-24 16:17:06,423 WARN  server.GrpcLogAppender (GrpcLogAppender.java:onNextImpl(251)) - s2@group-5C26748AB2B1->s0-AppendLogResponseHandler: Request not found, ignoring reply: s2<-s0#1584:OK,SUCCESS,nextIndex:1329,term:3,followerCommit:1227
2019-09-24 16:17:06,424 WARN  server.GrpcLogAppender (GrpcLogAppender.java:onNextImpl(251)) - s2@group-5C26748AB2B1->s1-AppendLogResponseHandler: Request not found, ignoring reply: s2<-s1#1746:OK,SUCCESS,nextIndex:1329,term:3,followerCommit:1227
2019-09-24 16:17:06,424 WARN  server.GrpcLogAppender (GrpcLogAppender.java:onNextImpl(251)) - s2@group-5C26748AB2B1->s0-AppendLogResponseHandler: Request not found, ignoring reply: s2<-s0#1585:OK,SUCCESS,nextIndex:1329,term:3,followerCommit:1227
2019-09-24 16:17:06,424 WARN  server.GrpcLogAppender (GrpcLogAppender.java:onNextImpl(251)) - s2@group-5C26748AB2B1->s1-AppendLogResponseHandler: Request not found, ignoring reply: s2<-s1#1747:OK,SUCCESS,nextIndex:1329,term:3,followerCommit:1227
2019-09-24 16:17:06,424 WARN  server.GrpcLogAppender (GrpcLogAppender.java:onNextImpl(251)) - s2@group-5C26748AB2B1->s0-AppendLogResponseHandler: Request not found, ignoring reply: s2<-s0#1586:OK,SUCCESS,nextIndex:1329,term:3,followerCommit:1227
2019-09-24 16:17:06,424 WARN  server.GrpcLogAppender (GrpcLogAppender.java:onNextImpl(251)) - s2@group-5C26748AB2B1->s1-AppendLogResponseHandler: Request not found, ignoring reply: s2<-s1#1748:OK,SUCCESS,nextIndex:1329,term:3,followerCommit:1227
2019-09-24 16:17:06,424 WARN  server.GrpcLogAppender (GrpcLogAppender.java:onNextImpl(251)) - s2@group-5C26748AB2B1->s0-AppendLogResponseHandler: Request not found, ignoring reply: s2<-s0#1587:OK,SUCCESS,nextIndex:1329,term:3,followerCommit:1227
2019-09-24 16:17:06,424 WARN  server.GrpcLogAppender (GrpcLogAppender.java:onNextImpl(251)) - s2@group-5C26748AB2B1->s1-AppendLogResponseHandler: Request not found, ignoring reply: s2<-s1#1749:OK,SUCCESS,nextIndex:1329,term:3,followerCommit:1227
2019-09-24 16:17:06,424 WARN  server.GrpcLogAppender (GrpcLogAppender.java:onNextImpl(251)) - s2@group-5C26748AB2B1->s0-AppendLogResponseHandler: Request not found, ignoring reply: s2<-s0#1588:OK,SUCCESS,nextIndex:1329,term:3,followerCommit:1227
2019-09-24 16:17:06,424 WARN  server.GrpcLogAppender (GrpcLogAppender.java:onNextImpl(251)) - s2@group-5C26748AB2B1->s1-AppendLogResponseHandler: Request not found, ignoring reply: s2<-s1#1750:OK,SUCCESS,nextIndex:1329,term:3,followerCommit:1227
2019-09-24 16:17:06,425 WARN  server.GrpcLogAppender (GrpcLogAppender.java:onNextImpl(251)) - s2@group-5C26748AB2B1->s0-AppendLogResponseHandler: Request not found, ignoring reply: s2<-s0#1589:OK,SUCCESS,nextIndex:1329,term:3,followerCommit:1227
2019-09-24 16:17:06,425 WARN  server.GrpcLogAppender (GrpcLogAppender.java:onNextImpl(251)) - s2@group-5C26748AB2B1->s1-AppendLogResponseHandler: Request not found, ignoring reply: s2<-s1#1751:OK,SUCCESS,nextIndex:1329,term:3,followerCommit:1227
2019-09-24 16:17:06,425 WARN  server.GrpcLogAppender (GrpcLogAppender.java:onNextImpl(251)) - s2@group-5C26748AB2B1->s0-AppendLogResponseHandler: Request not found, ignoring reply: s2<-s0#1590:OK,SUCCESS,nextIndex:1329,term:3,followerCommit:1227
2019-09-24 16:17:06,425 WARN  server.GrpcLogAppender (GrpcLogAppender.java:onNextImpl(251)) - s2@group-5C26748AB2B1->s1-AppendLogResponseHandler: Request not found, ignoring reply: s2<-s1#1752:OK,SUCCESS,nextIndex:1329,term:3,followerCommit:1227
2019-09-24 16:17:06,425 WARN  server.GrpcLogAppender (GrpcLogAppender.java:onNextImpl(251)) - s2@group-5C26748AB2B1->s0-AppendLogResponseHandler: Request not found, ignoring reply: s2<-s0#1591:OK,SUCCESS,nextIndex:1329,term:3,followerCommit:1227
2019-09-24 16:17:06,425 WARN  server.GrpcLogAppender (GrpcLogAppender.java:onNextImpl(251)) - s2@group-5C26748AB2B1->s1-AppendLogResponseHandler: Request not found, ignoring reply: s2<-s1#1753:OK,SUCCESS,nextIndex:1329,term:3,followerCommit:1227
2019-09-24 16:17:06,425 WARN  server.GrpcLogAppender (GrpcLogAppender.java:onNextImpl(251)) - s2@group-5C26748AB2B1->s0-AppendLogResponseHandler: Request not found, ignoring reply: s2<-s0#1592:OK,SUCCESS,nextIndex:1329,term:3,followerCommit:1227
2019-09-24 16:17:06,425 WARN  server.GrpcLogAppender (GrpcLogAppender.java:onNextImpl(251)) - s2@group-5C26748AB2B1->s1-AppendLogResponseHandler: Request not found, ignoring reply: s2<-s1#1754:OK,SUCCESS,nextIndex:1329,term:3,followerCommit:1227
2019-09-24 16:17:06,425 WARN  server.GrpcLogAppender (GrpcLogAppender.java:onNextImpl(251)) - s2@group-5C26748AB2B1->s0-AppendLogResponseHandler: Request not found, ignoring reply: s2<-s0#1593:OK,SUCCESS,nextIndex:1329,term:3,followerCommit:1227
2019-09-24 16:17:06,426 WARN  server.GrpcLogAppender (GrpcLogAppender.java:onNextImpl(251)) - s2@group-5C26748AB2B1->s1-AppendLogResponseHandler: Request not found, ignoring reply: s2<-s1#1755:OK,SUCCESS,nextIndex:1329,term:3,followerCommit:1227
2019-09-24 16:17:06,426 WARN  server.GrpcLogAppender (GrpcLogAppender.java:onNextImpl(251)) - s2@group-5C26748AB2B1->s0-AppendLogResponseHandler: Request not found, ignoring reply: s2<-s0#1594:OK,SUCCESS,nextIndex:1329,term:3,followerCommit:1227
2019-09-24 16:17:06,426 WARN  server.GrpcLogAppender (GrpcLogAppender.java:onNextImpl(251)) - s2@group-5C26748AB2B1->s1-AppendLogResponseHandler: Request not found, ignoring reply: s2<-s1#1756:OK,SUCCESS,nextIndex:1329,term:3,followerCommit:1227
2019-09-24 16:17:06,426 WARN  server.GrpcLogAppender (GrpcLogAppender.java:onNextImpl(251)) - s2@group-5C26748AB2B1->s0-AppendLogResponseHandler: Request not found, ignoring reply: s2<-s0#1595:OK,SUCCESS,nextIndex:1329,term:3,followerCommit:1227
2019-09-24 16:17:06,426 WARN  server.GrpcLogAppender (GrpcLogAppender.java:onNextImpl(251)) - s2@group-5C26748AB2B1->s1-AppendLogResponseHandler: Request not found, ignoring reply: s2<-s1#1757:OK,SUCCESS,nextIndex:1329,term:3,followerCommit:1227
2019-09-24 16:17:06,426 WARN  server.GrpcLogAppender (GrpcLogAppender.java:onNextImpl(251)) - s2@group-5C26748AB2B1->s0-AppendLogResponseHandler: Request not found, ignoring reply: s2<-s0#1596:OK,SUCCESS,nextIndex:1329,term:3,followerCommit:1227
2019-09-24 16:17:06,426 WARN  server.GrpcLogAppender (GrpcLogAppender.java:onNextImpl(251)) - s2@group-5C26748AB2B1->s1-AppendLogResponseHandler: Request not found, ignoring reply: s2<-s1#1758:OK,SUCCESS,nextIndex:1329,term:3,followerCommit:1227
2019-09-24 16:17:06,426 WARN  server.GrpcLogAppender (GrpcLogAppender.java:onNextImpl(251)) - s2@group-5C26748AB2B1->s0-AppendLogResponseHandler: Request not found, ignoring reply: s2<-s0#1597:OK,SUCCESS,nextIndex:1329,term:3,followerCommit:1227
2019-09-24 16:17:06,427 WARN  server.GrpcLogAppender (GrpcLogAppender.java:onNextImpl(251)) - s2@group-5C26748AB2B1->s1-AppendLogResponseHandler: Request not found, ignoring reply: s2<-s1#1759:OK,SUCCESS,nextIndex:1329,term:3,followerCommit:1227
2019-09-24 16:17:06,427 WARN  server.GrpcLogAppender (GrpcLogAppender.java:onNextImpl(251)) - s2@group-5C26748AB2B1->s0-AppendLogResponseHandler: Request not found, ignoring reply: s2<-s0#1598:OK,SUCCESS,nextIndex:1329,term:3,followerCommit:1227
2019-09-24 16:17:06,427 WARN  server.GrpcLogAppender (GrpcLogAppender.java:onNextImpl(251)) - s2@group-5C26748AB2B1->s1-AppendLogResponseHandler: Request not found, ignoring reply: s2<-s1#1760:OK,SUCCESS,nextIndex:1329,term:3,followerCommit:1227
2019-09-24 16:17:06,427 WARN  server.GrpcLogAppender (GrpcLogAppender.java:onNextImpl(251)) - s2@group-5C26748AB2B1->s0-AppendLogResponseHandler: Request not found, ignoring reply: s2<-s0#1599:OK,SUCCESS,nextIndex:1329,term:3,followerCommit:1227
2019-09-24 16:17:06,427 WARN  server.GrpcLogAppender (GrpcLogAppender.java:onNextImpl(251)) - s2@group-5C26748AB2B1->s1-AppendLogResponseHandler: Request not found, ignoring reply: s2<-s1#1761:OK,SUCCESS,nextIndex:1329,term:3,followerCommit:1227
2019-09-24 16:17:06,427 WARN  server.GrpcLogAppender (GrpcLogAppender.java:onNextImpl(251)) - s2@group-5C26748AB2B1->s0-AppendLogResponseHandler: Request not found, ignoring reply: s2<-s0#1600:OK,SUCCESS,nextIndex:1329,term:3,followerCommit:1227
2019-09-24 16:17:06,427 WARN  server.GrpcLogAppender (GrpcLogAppender.java:onNextImpl(251)) - s2@group-5C26748AB2B1->s1-AppendLogResponseHandler: Request not found, ignoring reply: s2<-s1#1762:OK,SUCCESS,nextIndex:1329,term:3,followerCommit:1227
2019-09-24 16:17:06,427 WARN  server.GrpcLogAppender (GrpcLogAppender.java:onNextImpl(251)) - s2@group-5C26748AB2B1->s0-AppendLogResponseHandler: Request not found, ignoring reply: s2<-s0#1601:OK,SUCCESS,nextIndex:1329,term:3,followerCommit:1227
2019-09-24 16:17:06,427 WARN  server.GrpcLogAppender (GrpcLogAppender.java:onNextImpl(251)) - s2@group-5C26748AB2B1->s1-AppendLogResponseHandler: Request not found, ignoring reply: s2<-s1#1763:OK,SUCCESS,nextIndex:1329,term:3,followerCommit:1227
2019-09-24 16:17:06,428 WARN  server.GrpcLogAppender (GrpcLogAppender.java:onNextImpl(251)) - s2@group-5C26748AB2B1->s1-AppendLogResponseHandler: Request not found, ignoring reply: s2<-s1#1764:OK,SUCCESS,nextIndex:1329,term:3,followerCommit:1227
2019-09-24 16:17:06,428 WARN  server.GrpcLogAppender (GrpcLogAppender.java:onNextImpl(251)) - s2@group-5C26748AB2B1->s1-AppendLogResponseHandler: Request not found, ignoring reply: s2<-s1#1765:OK,SUCCESS,nextIndex:1329,term:3,followerCommit:1227
2019-09-24 16:17:06,428 WARN  server.GrpcLogAppender (GrpcLogAppender.java:onNextImpl(251)) - s2@group-5C26748AB2B1->s1-AppendLogResponseHandler: Request not found, ignoring reply: s2<-s1#1766:OK,SUCCESS,nextIndex:1329,term:3,followerCommit:1227
2019-09-24 16:17:06,428 WARN  server.GrpcLogAppender (GrpcLogAppender.java:onNextImpl(251)) - s2@group-5C26748AB2B1->s1-AppendLogResponseHandler: Request not found, ignoring reply: s2<-s1#1767:OK,SUCCESS,nextIndex:1329,term:3,followerCommit:1227
2019-09-24 16:17:06,428 WARN  server.GrpcLogAppender (GrpcLogAppender.java:onNextImpl(251)) - s2@group-5C26748AB2B1->s1-AppendLogResponseHandler: Request not found, ignoring reply: s2<-s1#1768:OK,SUCCESS,nextIndex:1329,term:3,followerCommit:1227
2019-09-24 16:17:06,429 WARN  server.GrpcLogAppender (GrpcLogAppender.java:onNextImpl(251)) - s2@group-5C26748AB2B1->s1-AppendLogResponseHandler: Request not found, ignoring reply: s2<-s1#1769:OK,SUCCESS,nextIndex:1329,term:3,followerCommit:1227
2019-09-24 16:17:06,429 DEBUG client.GrpcClientProtocolService (GrpcClientProtocolService.java:sendReply(353)) - 28-OrderedRequestStreamObserver28: sendReply seq=924, RaftClientReply:client-EDB41257C35F->s2@group-5C26748AB2B1, cid=923, SUCCESS, logIndex=1229, commits[s2:c1328, s0:c1227, s1:c1121]
2019-09-24 16:17:06,433 DEBUG client.GrpcClientProtocolService (GrpcClientProtocolService.java:sendReply(353)) - 28-OrderedRequestStreamObserver28: sendReply seq=925, RaftClientReply:client-EDB41257C35F->s2@group-5C26748AB2B1, cid=924, SUCCESS, logIndex=1230, commits[s2:c1328, s0:c1227, s1:c1227]
2019-09-24 16:17:06,434 DEBUG client.GrpcClientProtocolService (GrpcClientProtocolService.java:sendReply(353)) - 28-OrderedRequestStreamObserver28: sendReply seq=926, RaftClientReply:client-EDB41257C35F->s2@group-5C26748AB2B1, cid=925, SUCCESS, logIndex=1231, commits[s2:c1328, s0:c1227, s1:c1227]
2019-09-24 16:17:06,436 DEBUG client.GrpcClientProtocolService (GrpcClientProtocolService.java:sendReply(353)) - 28-OrderedRequestStreamObserver28: sendReply seq=927, RaftClientReply:client-EDB41257C35F->s2@group-5C26748AB2B1, cid=926, SUCCESS, logIndex=1232, commits[s2:c1328, s0:c1227, s1:c1227]
2019-09-24 16:17:06,438 DEBUG client.GrpcClientProtocolService (GrpcClientProtocolService.java:sendReply(353)) - 28-OrderedRequestStreamObserver28: sendReply seq=928, RaftClientReply:client-EDB41257C35F->s2@group-5C26748AB2B1, cid=927, SUCCESS, logIndex=1233, commits[s2:c1328, s0:c1227, s1:c1227]
2019-09-24 16:17:06,440 DEBUG client.GrpcClientProtocolService (GrpcClientProtocolService.java:sendReply(353)) - 28-OrderedRequestStreamObserver28: sendReply seq=929, RaftClientReply:client-EDB41257C35F->s2@group-5C26748AB2B1, cid=928, SUCCESS, logIndex=1234, commits[s2:c1328, s0:c1227, s1:c1227]
2019-09-24 16:17:06,442 DEBUG client.GrpcClientProtocolService (GrpcClientProtocolService.java:sendReply(353)) - 28-OrderedRequestStreamObserver28: sendReply seq=930, RaftClientReply:client-EDB41257C35F->s2@group-5C26748AB2B1, cid=929, SUCCESS, logIndex=1235, commits[s2:c1328, s0:c1227, s1:c1227]
2019-09-24 16:17:06,444 DEBUG client.GrpcClientProtocolService (GrpcClientProtocolService.java:sendReply(353)) - 28-OrderedRequestStreamObserver28: sendReply seq=931, RaftClientReply:client-EDB41257C35F->s2@group-5C26748AB2B1, cid=930, SUCCESS, logIndex=1236, commits[s2:c1328, s0:c1227, s1:c1227]
2019-09-24 16:17:06,445 DEBUG client.GrpcClientProtocolService (GrpcClientProtocolService.java:sendReply(353)) - 28-OrderedRequestStreamObserver28: sendReply seq=932, RaftClientReply:client-EDB41257C35F->s2@group-5C26748AB2B1, cid=931, SUCCESS, logIndex=1237, commits[s2:c1328, s0:c1227, s1:c1227]
2019-09-24 16:17:06,446 DEBUG client.GrpcClientProtocolService (GrpcClientProtocolService.java:sendReply(353)) - 28-OrderedRequestStreamObserver28: sendReply seq=933, RaftClientReply:client-EDB41257C35F->s2@group-5C26748AB2B1, cid=932, SUCCESS, logIndex=1238, commits[s2:c1328, s0:c1227, s1:c1227]
2019-09-24 16:17:06,447 DEBUG client.GrpcClientProtocolService (GrpcClientProtocolService.java:sendReply(353)) - 28-OrderedRequestStreamObserver28: sendReply seq=934, RaftClientReply:client-EDB41257C35F->s2@group-5C26748AB2B1, cid=933, SUCCESS, logIndex=1239, commits[s2:c1328, s0:c1227, s1:c1227]
2019-09-24 16:17:06,448 DEBUG client.GrpcClientProtocolService (GrpcClientProtocolService.java:sendReply(353)) - 28-OrderedRequestStreamObserver28: sendReply seq=935, RaftClientReply:client-EDB41257C35F->s2@group-5C26748AB2B1, cid=934, SUCCESS, logIndex=1240, commits[s2:c1328, s0:c1227, s1:c1227]
2019-09-24 16:17:06,448 DEBUG client.GrpcClientProtocolService (GrpcClientProtocolService.java:sendReply(353)) - 28-OrderedRequestStreamObserver28: sendReply seq=936, RaftClientReply:client-EDB41257C35F->s2@group-5C26748AB2B1, cid=935, SUCCESS, logIndex=1241, commits[s2:c1328, s0:c1227, s1:c1227]
2019-09-24 16:17:06,449 DEBUG client.GrpcClientProtocolService (GrpcClientProtocolService.java:sendReply(353)) - 28-OrderedRequestStreamObserver28: sendReply seq=937, RaftClientReply:client-EDB41257C35F->s2@group-5C26748AB2B1, cid=936, SUCCESS, logIndex=1242, commits[s2:c1328, s0:c1227, s1:c1227]
2019-09-24 16:17:06,450 DEBUG client.GrpcClientProtocolService (GrpcClientProtocolService.java:sendReply(353)) - 28-OrderedRequestStreamObserver28: sendReply seq=938, RaftClientReply:client-EDB41257C35F->s2@group-5C26748AB2B1, cid=937, SUCCESS, logIndex=1243, commits[s2:c1328, s0:c1227, s1:c1227]
2019-09-24 16:17:06,450 DEBUG client.GrpcClientProtocolService (GrpcClientProtocolService.java:sendReply(353)) - 28-OrderedRequestStreamObserver28: sendReply seq=939, RaftClientReply:client-EDB41257C35F->s2@group-5C26748AB2B1, cid=938, SUCCESS, logIndex=1244, commits[s2:c1328, s0:c1227, s1:c1227]
2019-09-24 16:17:06,450 WARN  server.GrpcLogAppender (GrpcLogAppender.java:timeoutAppendRequest(200)) - s2@group-E77E9FD8E08A->s0-GrpcLogAppender: appendEntries Timeout, request=s2->s0#100-t3, previous=(t:3, i:0), leaderCommit=-1, initializing? false, entries: <empty>
2019-09-24 16:17:06,451 WARN  server.GrpcLogAppender (GrpcLogAppender.java:timeoutAppendRequest(200)) - s2@group-E77E9FD8E08A->s1-GrpcLogAppender: appendEntries Timeout, request=s2->s1#100-t3, previous=(t:3, i:0), leaderCommit=-1, initializing? false, entries: <empty>
2019-09-24 16:17:06,451 DEBUG client.GrpcClientProtocolService (GrpcClientProtocolService.java:sendReply(353)) - 28-OrderedRequestStreamObserver28: sendReply seq=940, RaftClientReply:client-EDB41257C35F->s2@group-5C26748AB2B1, cid=939, SUCCESS, logIndex=1245, commits[s2:c1328, s0:c1227, s1:c1227]
2019-09-24 16:17:06,452 DEBUG client.GrpcClientProtocolService (GrpcClientProtocolService.java:sendReply(353)) - 28-OrderedRequestStreamObserver28: sendReply seq=941, RaftClientReply:client-EDB41257C35F->s2@group-5C26748AB2B1, cid=940, SUCCESS, logIndex=1246, commits[s2:c1328, s0:c1227, s1:c1227]
2019-09-24 16:17:06,452 DEBUG client.GrpcClientProtocolService (GrpcClientProtocolService.java:sendReply(353)) - 28-OrderedRequestStreamObserver28: sendReply seq=942, RaftClientReply:client-EDB41257C35F->s2@group-5C26748AB2B1, cid=941, SUCCESS, logIndex=1247, commits[s2:c1328, s0:c1227, s1:c1227]
2019-09-24 16:17:06,453 DEBUG client.GrpcClientProtocolService (GrpcClientProtocolService.java:sendReply(353)) - 28-OrderedRequestStreamObserver28: sendReply seq=943, RaftClientReply:client-EDB41257C35F->s2@group-5C26748AB2B1, cid=942, SUCCESS, logIndex=1248, commits[s2:c1328, s0:c1227, s1:c1227]
2019-09-24 16:17:06,453 DEBUG client.GrpcClientProtocolService (GrpcClientProtocolService.java:sendReply(353)) - 28-OrderedRequestStreamObserver28: sendReply seq=944, RaftClientReply:client-EDB41257C35F->s2@group-5C26748AB2B1, cid=943, SUCCESS, logIndex=1249, commits[s2:c1328, s0:c1227, s1:c1227]
2019-09-24 16:17:06,454 DEBUG client.GrpcClientProtocolService (GrpcClientProtocolService.java:sendReply(353)) - 28-OrderedRequestStreamObserver28: sendReply seq=945, RaftClientReply:client-EDB41257C35F->s2@group-5C26748AB2B1, cid=944, SUCCESS, logIndex=1250, commits[s2:c1328, s0:c1227, s1:c1227]
2019-09-24 16:17:06,454 DEBUG client.GrpcClientProtocolService (GrpcClientProtocolService.java:sendReply(353)) - 28-OrderedRequestStreamObserver28: sendReply seq=946, RaftClientReply:client-EDB41257C35F->s2@group-5C26748AB2B1, cid=945, SUCCESS, logIndex=1251, commits[s2:c1328, s0:c1227, s1:c1227]
2019-09-24 16:17:06,455 DEBUG client.GrpcClientProtocolService (GrpcClientProtocolService.java:sendReply(353)) - 28-OrderedRequestStreamObserver28: sendReply seq=947, RaftClientReply:client-EDB41257C35F->s2@group-5C26748AB2B1, cid=946, SUCCESS, logIndex=1252, commits[s2:c1328, s0:c1227, s1:c1227]
2019-09-24 16:17:06,456 DEBUG client.GrpcClientProtocolService (GrpcClientProtocolService.java:sendReply(353)) - 28-OrderedRequestStreamObserver28: sendReply seq=948, RaftClientReply:client-EDB41257C35F->s2@group-5C26748AB2B1, cid=947, SUCCESS, logIndex=1253, commits[s2:c1328, s0:c1227, s1:c1227]
2019-09-24 16:17:06,457 DEBUG client.GrpcClientProtocolService (GrpcClientProtocolService.java:sendReply(353)) - 28-OrderedRequestStreamObserver28: sendReply seq=949, RaftClientReply:client-EDB41257C35F->s2@group-5C26748AB2B1, cid=948, SUCCESS, logIndex=1254, commits[s2:c1328, s0:c1227, s1:c1227]
2019-09-24 16:17:06,457 DEBUG client.GrpcClientProtocolService (GrpcClientProtocolService.java:sendReply(353)) - 28-OrderedRequestStreamObserver28: sendReply seq=950, RaftClientReply:client-EDB41257C35F->s2@group-5C26748AB2B1, cid=949, SUCCESS, logIndex=1255, commits[s2:c1328, s0:c1227, s1:c1227]
2019-09-24 16:17:06,458 DEBUG client.GrpcClientProtocolService (GrpcClientProtocolService.java:sendReply(353)) - 28-OrderedRequestStreamObserver28: sendReply seq=951, RaftClientReply:client-EDB41257C35F->s2@group-5C26748AB2B1, cid=950, SUCCESS, logIndex=1256, commits[s2:c1328, s0:c1227, s1:c1227]
2019-09-24 16:17:06,459 DEBUG client.GrpcClientProtocolService (GrpcClientProtocolService.java:sendReply(353)) - 28-OrderedRequestStreamObserver28: sendReply seq=952, RaftClientReply:client-EDB41257C35F->s2@group-5C26748AB2B1, cid=951, SUCCESS, logIndex=1257, commits[s2:c1328, s0:c1227, s1:c1227]
2019-09-24 16:17:06,460 DEBUG client.GrpcClientProtocolService (GrpcClientProtocolService.java:sendReply(353)) - 28-OrderedRequestStreamObserver28: sendReply seq=953, RaftClientReply:client-EDB41257C35F->s2@group-5C26748AB2B1, cid=952, SUCCESS, logIndex=1258, commits[s2:c1328, s0:c1227, s1:c1227]
2019-09-24 16:17:06,460 DEBUG client.GrpcClientProtocolService (GrpcClientProtocolService.java:sendReply(353)) - 28-OrderedRequestStreamObserver28: sendReply seq=954, RaftClientReply:client-EDB41257C35F->s2@group-5C26748AB2B1, cid=953, SUCCESS, logIndex=1259, commits[s2:c1328, s0:c1227, s1:c1227]
2019-09-24 16:17:06,461 DEBUG client.GrpcClientProtocolService (GrpcClientProtocolService.java:sendReply(353)) - 28-OrderedRequestStreamObserver28: sendReply seq=955, RaftClientReply:client-EDB41257C35F->s2@group-5C26748AB2B1, cid=954, SUCCESS, logIndex=1260, commits[s2:c1328, s0:c1227, s1:c1227]
2019-09-24 16:17:06,461 DEBUG client.GrpcClientProtocolService (GrpcClientProtocolService.java:sendReply(353)) - 28-OrderedRequestStreamObserver28: sendReply seq=956, RaftClientReply:client-EDB41257C35F->s2@group-5C26748AB2B1, cid=955, SUCCESS, logIndex=1261, commits[s2:c1328, s0:c1227, s1:c1227]
2019-09-24 16:17:06,462 DEBUG client.GrpcClientProtocolService (GrpcClientProtocolService.java:sendReply(353)) - 28-OrderedRequestStreamObserver28: sendReply seq=957, RaftClientReply:client-EDB41257C35F->s2@group-5C26748AB2B1, cid=956, SUCCESS, logIndex=1262, commits[s2:c1328, s0:c1227, s1:c1227]
2019-09-24 16:17:06,463 DEBUG client.GrpcClientProtocolService (GrpcClientProtocolService.java:sendReply(353)) - 28-OrderedRequestStreamObserver28: sendReply seq=958, RaftClientReply:client-EDB41257C35F->s2@group-5C26748AB2B1, cid=957, SUCCESS, logIndex=1263, commits[s2:c1328, s0:c1227, s1:c1227]
2019-09-24 16:17:06,463 DEBUG client.GrpcClientProtocolService (GrpcClientProtocolService.java:sendReply(353)) - 28-OrderedRequestStreamObserver28: sendReply seq=959, RaftClientReply:client-EDB41257C35F->s2@group-5C26748AB2B1, cid=958, SUCCESS, logIndex=1264, commits[s2:c1328, s0:c1227, s1:c1227]
2019-09-24 16:17:06,464 DEBUG client.GrpcClientProtocolService (GrpcClientProtocolService.java:sendReply(353)) - 28-OrderedRequestStreamObserver28: sendReply seq=960, RaftClientReply:client-EDB41257C35F->s2@group-5C26748AB2B1, cid=959, SUCCESS, logIndex=1265, commits[s2:c1328, s0:c1227, s1:c1227]
2019-09-24 16:17:06,464 DEBUG client.GrpcClientProtocolService (GrpcClientProtocolService.java:sendReply(353)) - 28-OrderedRequestStreamObserver28: sendReply seq=961, RaftClientReply:client-EDB41257C35F->s2@group-5C26748AB2B1, cid=960, SUCCESS, logIndex=1266, commits[s2:c1328, s0:c1227, s1:c1227]
2019-09-24 16:17:06,465 DEBUG client.GrpcClientProtocolService (GrpcClientProtocolService.java:sendReply(353)) - 28-OrderedRequestStreamObserver28: sendReply seq=962, RaftClientReply:client-EDB41257C35F->s2@group-5C26748AB2B1, cid=961, SUCCESS, logIndex=1267, commits[s2:c1328, s0:c1227, s1:c1227]
2019-09-24 16:17:06,466 DEBUG client.GrpcClientProtocolService (GrpcClientProtocolService.java:sendReply(353)) - 28-OrderedRequestStreamObserver28: sendReply seq=963, RaftClientReply:client-EDB41257C35F->s2@group-5C26748AB2B1, cid=962, SUCCESS, logIndex=1268, commits[s2:c1328, s0:c1227, s1:c1227]
2019-09-24 16:17:06,466 DEBUG client.GrpcClientProtocolService (GrpcClientProtocolService.java:sendReply(353)) - 28-OrderedRequestStreamObserver28: sendReply seq=964, RaftClientReply:client-EDB41257C35F->s2@group-5C26748AB2B1, cid=963, SUCCESS, logIndex=1269, commits[s2:c1328, s0:c1227, s1:c1227]
2019-09-24 16:17:06,467 DEBUG client.GrpcClientProtocolService (GrpcClientProtocolService.java:sendReply(353)) - 28-OrderedRequestStreamObserver28: sendReply seq=965, RaftClientReply:client-EDB41257C35F->s2@group-5C26748AB2B1, cid=964, SUCCESS, logIndex=1270, commits[s2:c1328, s0:c1227, s1:c1227]
2019-09-24 16:17:06,467 DEBUG client.GrpcClientProtocolService (GrpcClientProtocolService.java:sendReply(353)) - 28-OrderedRequestStreamObserver28: sendReply seq=966, RaftClientReply:client-EDB41257C35F->s2@group-5C26748AB2B1, cid=965, SUCCESS, logIndex=1271, commits[s2:c1328, s0:c1227, s1:c1227]
2019-09-24 16:17:06,468 DEBUG client.GrpcClientProtocolService (GrpcClientProtocolService.java:sendReply(353)) - 28-OrderedRequestStreamObserver28: sendReply seq=967, RaftClientReply:client-EDB41257C35F->s2@group-5C26748AB2B1, cid=966, SUCCESS, logIndex=1272, commits[s2:c1328, s0:c1227, s1:c1227]
2019-09-24 16:17:06,468 DEBUG client.GrpcClientProtocolService (GrpcClientProtocolService.java:sendReply(353)) - 28-OrderedRequestStreamObserver28: sendReply seq=968, RaftClientReply:client-EDB41257C35F->s2@group-5C26748AB2B1, cid=967, SUCCESS, logIndex=1273, commits[s2:c1328, s0:c1227, s1:c1227]
2019-09-24 16:17:06,469 DEBUG client.GrpcClientProtocolService (GrpcClientProtocolService.java:sendReply(353)) - 28-OrderedRequestStreamObserver28: sendReply seq=969, RaftClientReply:client-EDB41257C35F->s2@group-5C26748AB2B1, cid=968, SUCCESS, logIndex=1274, commits[s2:c1328, s0:c1227, s1:c1227]
2019-09-24 16:17:06,469 DEBUG client.GrpcClientProtocolService (GrpcClientProtocolService.java:sendReply(353)) - 28-OrderedRequestStreamObserver28: sendReply seq=970, RaftClientReply:client-EDB41257C35F->s2@group-5C26748AB2B1, cid=969, SUCCESS, logIndex=1275, commits[s2:c1328, s0:c1227, s1:c1227]
2019-09-24 16:17:06,470 DEBUG client.GrpcClientProtocolService (GrpcClientProtocolService.java:sendReply(353)) - 28-OrderedRequestStreamObserver28: sendReply seq=971, RaftClientReply:client-EDB41257C35F->s2@group-5C26748AB2B1, cid=970, SUCCESS, logIndex=1276, commits[s2:c1328, s0:c1227, s1:c1227]
2019-09-24 16:17:06,470 DEBUG client.GrpcClientProtocolService (GrpcClientProtocolService.java:sendReply(353)) - 28-OrderedRequestStreamObserver28: sendReply seq=972, RaftClientReply:client-EDB41257C35F->s2@group-5C26748AB2B1, cid=971, SUCCESS, logIndex=1277, commits[s2:c1328, s0:c1227, s1:c1227]
2019-09-24 16:17:06,471 DEBUG client.GrpcClientProtocolService (GrpcClientProtocolService.java:sendReply(353)) - 28-OrderedRequestStreamObserver28: sendReply seq=973, RaftClientReply:client-EDB41257C35F->s2@group-5C26748AB2B1, cid=972, SUCCESS, logIndex=1278, commits[s2:c1328, s0:c1227, s1:c1227]
2019-09-24 16:17:06,471 DEBUG client.GrpcClientProtocolService (GrpcClientProtocolService.java:sendReply(353)) - 28-OrderedRequestStreamObserver28: sendReply seq=974, RaftClientReply:client-EDB41257C35F->s2@group-5C26748AB2B1, cid=973, SUCCESS, logIndex=1279, commits[s2:c1328, s0:c1227, s1:c1227]
2019-09-24 16:17:06,472 DEBUG client.GrpcClientProtocolService (GrpcClientProtocolService.java:sendReply(353)) - 28-OrderedRequestStreamObserver28: sendReply seq=975, RaftClientReply:client-EDB41257C35F->s2@group-5C26748AB2B1, cid=974, SUCCESS, logIndex=1280, commits[s2:c1328, s0:c1227, s1:c1227]
2019-09-24 16:17:06,472 DEBUG client.GrpcClientProtocolService (GrpcClientProtocolService.java:sendReply(353)) - 28-OrderedRequestStreamObserver28: sendReply seq=976, RaftClientReply:client-EDB41257C35F->s2@group-5C26748AB2B1, cid=975, SUCCESS, logIndex=1281, commits[s2:c1328, s0:c1227, s1:c1227]
2019-09-24 16:17:06,473 DEBUG client.GrpcClientProtocolService (GrpcClientProtocolService.java:sendReply(353)) - 28-OrderedRequestStreamObserver28: sendReply seq=977, RaftClientReply:client-EDB41257C35F->s2@group-5C26748AB2B1, cid=976, SUCCESS, logIndex=1282, commits[s2:c1328, s0:c1227, s1:c1227]
2019-09-24 16:17:06,473 DEBUG client.GrpcClientProtocolService (GrpcClientProtocolService.java:sendReply(353)) - 28-OrderedRequestStreamObserver28: sendReply seq=978, RaftClientReply:client-EDB41257C35F->s2@group-5C26748AB2B1, cid=977, SUCCESS, logIndex=1283, commits[s2:c1328, s0:c1227, s1:c1227]
2019-09-24 16:17:06,474 DEBUG client.GrpcClientProtocolService (GrpcClientProtocolService.java:sendReply(353)) - 28-OrderedRequestStreamObserver28: sendReply seq=979, RaftClientReply:client-EDB41257C35F->s2@group-5C26748AB2B1, cid=978, SUCCESS, logIndex=1284, commits[s2:c1328, s0:c1227, s1:c1227]
2019-09-24 16:17:06,475 DEBUG client.GrpcClientProtocolService (GrpcClientProtocolService.java:sendReply(353)) - 28-OrderedRequestStreamObserver28: sendReply seq=980, RaftClientReply:client-EDB41257C35F->s2@group-5C26748AB2B1, cid=979, SUCCESS, logIndex=1285, commits[s2:c1328, s0:c1227, s1:c1227]
2019-09-24 16:17:06,475 DEBUG client.GrpcClientProtocolService (GrpcClientProtocolService.java:sendReply(353)) - 28-OrderedRequestStreamObserver28: sendReply seq=981, RaftClientReply:client-EDB41257C35F->s2@group-5C26748AB2B1, cid=980, SUCCESS, logIndex=1286, commits[s2:c1328, s0:c1227, s1:c1227]
2019-09-24 16:17:06,476 DEBUG client.GrpcClientProtocolService (GrpcClientProtocolService.java:sendReply(353)) - 28-OrderedRequestStreamObserver28: sendReply seq=982, RaftClientReply:client-EDB41257C35F->s2@group-5C26748AB2B1, cid=981, SUCCESS, logIndex=1287, commits[s2:c1328, s0:c1227, s1:c1227]
2019-09-24 16:17:06,476 DEBUG client.GrpcClientProtocolService (GrpcClientProtocolService.java:sendReply(353)) - 28-OrderedRequestStreamObserver28: sendReply seq=983, RaftClientReply:client-EDB41257C35F->s2@group-5C26748AB2B1, cid=982, SUCCESS, logIndex=1288, commits[s2:c1328, s0:c1227, s1:c1227]
2019-09-24 16:17:06,476 DEBUG client.GrpcClientProtocolService (GrpcClientProtocolService.java:close(374)) - 48-OrderedRequestStreamObserver48: close
2019-09-24 16:17:06,477 DEBUG client.GrpcClientProtocolService (GrpcClientProtocolService.java:sendReply(353)) - 28-OrderedRequestStreamObserver28: sendReply seq=984, RaftClientReply:client-EDB41257C35F->s2@group-5C26748AB2B1, cid=983, SUCCESS, logIndex=1289, commits[s2:c1328, s0:c1227, s1:c1227]
2019-09-24 16:17:06,477 DEBUG client.GrpcClientProtocolService (GrpcClientProtocolService.java:sendReply(353)) - 28-OrderedRequestStreamObserver28: sendReply seq=985, RaftClientReply:client-EDB41257C35F->s2@group-5C26748AB2B1, cid=984, SUCCESS, logIndex=1290, commits[s2:c1328, s0:c1227, s1:c1227]
2019-09-24 16:17:06,478 DEBUG client.GrpcClientProtocolService (GrpcClientProtocolService.java:sendReply(353)) - 28-OrderedRequestStreamObserver28: sendReply seq=986, RaftClientReply:client-EDB41257C35F->s2@group-5C26748AB2B1, cid=985, SUCCESS, logIndex=1291, commits[s2:c1328, s0:c1227, s1:c1227]
2019-09-24 16:17:06,478 DEBUG client.GrpcClientProtocolService (GrpcClientProtocolService.java:sendReply(353)) - 28-OrderedRequestStreamObserver28: sendReply seq=987, RaftClientReply:client-EDB41257C35F->s2@group-5C26748AB2B1, cid=986, SUCCESS, logIndex=1292, commits[s2:c1328, s0:c1227, s1:c1227]
2019-09-24 16:17:06,479 DEBUG client.GrpcClientProtocolService (GrpcClientProtocolService.java:sendReply(353)) - 28-OrderedRequestStreamObserver28: sendReply seq=988, RaftClientReply:client-EDB41257C35F->s2@group-5C26748AB2B1, cid=987, SUCCESS, logIndex=1293, commits[s2:c1328, s0:c1227, s1:c1227]
2019-09-24 16:17:06,479 DEBUG client.GrpcClientProtocolService (GrpcClientProtocolService.java:sendReply(353)) - 28-OrderedRequestStreamObserver28: sendReply seq=989, RaftClientReply:client-EDB41257C35F->s2@group-5C26748AB2B1, cid=988, SUCCESS, logIndex=1294, commits[s2:c1328, s0:c1227, s1:c1227]
2019-09-24 16:17:06,480 DEBUG client.GrpcClientProtocolService (GrpcClientProtocolService.java:sendReply(353)) - 28-OrderedRequestStreamObserver28: sendReply seq=990, RaftClientReply:client-EDB41257C35F->s2@group-5C26748AB2B1, cid=989, SUCCESS, logIndex=1295, commits[s2:c1328, s0:c1227, s1:c1227]
2019-09-24 16:17:06,480 DEBUG client.GrpcClientProtocolService (GrpcClientProtocolService.java:sendReply(353)) - 28-OrderedRequestStreamObserver28: sendReply seq=991, RaftClientReply:client-EDB41257C35F->s2@group-5C26748AB2B1, cid=990, SUCCESS, logIndex=1296, commits[s2:c1328, s0:c1227, s1:c1227]
2019-09-24 16:17:06,481 DEBUG client.GrpcClientProtocolService (GrpcClientProtocolService.java:sendReply(353)) - 28-OrderedRequestStreamObserver28: sendReply seq=992, RaftClientReply:client-EDB41257C35F->s2@group-5C26748AB2B1, cid=991, SUCCESS, logIndex=1297, commits[s2:c1328, s0:c1227, s1:c1227]
2019-09-24 16:17:06,481 DEBUG client.GrpcClientProtocolService (GrpcClientProtocolService.java:sendReply(353)) - 28-OrderedRequestStreamObserver28: sendReply seq=993, RaftClientReply:client-EDB41257C35F->s2@group-5C26748AB2B1, cid=992, SUCCESS, logIndex=1298, commits[s2:c1328, s0:c1227, s1:c1227]
2019-09-24 16:17:06,482 DEBUG client.GrpcClientProtocolService (GrpcClientProtocolService.java:sendReply(353)) - 28-OrderedRequestStreamObserver28: sendReply seq=994, RaftClientReply:client-EDB41257C35F->s2@group-5C26748AB2B1, cid=993, SUCCESS, logIndex=1299, commits[s2:c1328, s0:c1227, s1:c1227]
2019-09-24 16:17:06,482 DEBUG client.GrpcClientProtocolService (GrpcClientProtocolService.java:sendReply(353)) - 28-OrderedRequestStreamObserver28: sendReply seq=995, RaftClientReply:client-EDB41257C35F->s2@group-5C26748AB2B1, cid=994, SUCCESS, logIndex=1300, commits[s2:c1328, s0:c1227, s1:c1227]
2019-09-24 16:17:06,483 DEBUG client.GrpcClientProtocolService (GrpcClientProtocolService.java:sendReply(353)) - 28-OrderedRequestStreamObserver28: sendReply seq=996, RaftClientReply:client-EDB41257C35F->s2@group-5C26748AB2B1, cid=995, SUCCESS, logIndex=1301, commits[s2:c1328, s0:c1227, s1:c1227]
2019-09-24 16:17:06,484 DEBUG client.GrpcClientProtocolService (GrpcClientProtocolService.java:sendReply(353)) - 28-OrderedRequestStreamObserver28: sendReply seq=997, RaftClientReply:client-EDB41257C35F->s2@group-5C26748AB2B1, cid=996, SUCCESS, logIndex=1302, commits[s2:c1328, s0:c1227, s1:c1227]
2019-09-24 16:17:06,485 DEBUG client.GrpcClientProtocolService (GrpcClientProtocolService.java:sendReply(353)) - 28-OrderedRequestStreamObserver28: sendReply seq=998, RaftClientReply:client-EDB41257C35F->s2@group-5C26748AB2B1, cid=997, SUCCESS, logIndex=1303, commits[s2:c1328, s0:c1227, s1:c1227]
2019-09-24 16:17:06,485 DEBUG client.GrpcClientProtocolService (GrpcClientProtocolService.java:sendReply(353)) - 28-OrderedRequestStreamObserver28: sendReply seq=999, RaftClientReply:client-EDB41257C35F->s2@group-5C26748AB2B1, cid=998, SUCCESS, logIndex=1304, commits[s2:c1328, s0:c1227, s1:c1227]
2019-09-24 16:17:06,486 DEBUG client.GrpcClientProtocolService (GrpcClientProtocolService.java:sendReply(353)) - 28-OrderedRequestStreamObserver28: sendReply seq=1000, RaftClientReply:client-EDB41257C35F->s2@group-5C26748AB2B1, cid=999, SUCCESS, logIndex=1305, commits[s2:c1328, s0:c1227, s1:c1227]
2019-09-24 16:17:06,487 DEBUG client.GrpcClientProtocolService (GrpcClientProtocolService.java:sendReply(353)) - 28-OrderedRequestStreamObserver28: sendReply seq=1001, RaftClientReply:client-EDB41257C35F->s2@group-5C26748AB2B1, cid=1000, SUCCESS, logIndex=1306, commits[s2:c1328, s0:c1227, s1:c1227]
2019-09-24 16:17:06,487 DEBUG client.GrpcClientProtocolService (GrpcClientProtocolService.java:sendReply(353)) - 28-OrderedRequestStreamObserver28: sendReply seq=1002, RaftClientReply:client-EDB41257C35F->s2@group-5C26748AB2B1, cid=1001, SUCCESS, logIndex=1307, commits[s2:c1328, s0:c1227, s1:c1227]
2019-09-24 16:17:06,488 DEBUG client.GrpcClientProtocolService (GrpcClientProtocolService.java:sendReply(353)) - 28-OrderedRequestStreamObserver28: sendReply seq=1003, RaftClientReply:client-EDB41257C35F->s2@group-5C26748AB2B1, cid=1002, SUCCESS, logIndex=1308, commits[s2:c1328, s0:c1227, s1:c1227]
2019-09-24 16:17:06,488 DEBUG client.GrpcClientProtocolService (GrpcClientProtocolService.java:sendReply(353)) - 28-OrderedRequestStreamObserver28: sendReply seq=1004, RaftClientReply:client-EDB41257C35F->s2@group-5C26748AB2B1, cid=1003, SUCCESS, logIndex=1309, commits[s2:c1328, s0:c1227, s1:c1227]
2019-09-24 16:17:06,489 DEBUG client.GrpcClientProtocolService (GrpcClientProtocolService.java:sendReply(353)) - 28-OrderedRequestStreamObserver28: sendReply seq=1005, RaftClientReply:client-EDB41257C35F->s2@group-5C26748AB2B1, cid=1004, SUCCESS, logIndex=1310, commits[s2:c1328, s0:c1227, s1:c1227]
2019-09-24 16:17:06,489 DEBUG client.GrpcClientProtocolService (GrpcClientProtocolService.java:sendReply(353)) - 28-OrderedRequestStreamObserver28: sendReply seq=1006, RaftClientReply:client-EDB41257C35F->s2@group-5C26748AB2B1, cid=1005, SUCCESS, logIndex=1311, commits[s2:c1328, s0:c1227, s1:c1227]
2019-09-24 16:17:06,490 DEBUG client.GrpcClientProtocolService (GrpcClientProtocolService.java:sendReply(353)) - 28-OrderedRequestStreamObserver28: sendReply seq=1007, RaftClientReply:client-EDB41257C35F->s2@group-5C26748AB2B1, cid=1006, SUCCESS, logIndex=1312, commits[s2:c1328, s0:c1227, s1:c1227]
2019-09-24 16:17:06,490 DEBUG client.GrpcClientProtocolService (GrpcClientProtocolService.java:sendReply(353)) - 28-OrderedRequestStreamObserver28: sendReply seq=1008, RaftClientReply:client-EDB41257C35F->s2@group-5C26748AB2B1, cid=1007, SUCCESS, logIndex=1313, commits[s2:c1328, s0:c1227, s1:c1227]
2019-09-24 16:17:06,491 DEBUG client.GrpcClientProtocolService (GrpcClientProtocolService.java:sendReply(353)) - 28-OrderedRequestStreamObserver28: sendReply seq=1009, RaftClientReply:client-EDB41257C35F->s2@group-5C26748AB2B1, cid=1008, SUCCESS, logIndex=1314, commits[s2:c1328, s0:c1227, s1:c1227]
2019-09-24 16:17:06,491 DEBUG client.GrpcClientProtocolService (GrpcClientProtocolService.java:sendReply(353)) - 28-OrderedRequestStreamObserver28: sendReply seq=1010, RaftClientReply:client-EDB41257C35F->s2@group-5C26748AB2B1, cid=1009, SUCCESS, logIndex=1315, commits[s2:c1328, s0:c1227, s1:c1227]
2019-09-24 16:17:06,492 DEBUG client.GrpcClientProtocolService (GrpcClientProtocolService.java:sendReply(353)) - 28-OrderedRequestStreamObserver28: sendReply seq=1011, RaftClientReply:client-EDB41257C35F->s2@group-5C26748AB2B1, cid=1010, SUCCESS, logIndex=1316, commits[s2:c1328, s0:c1227, s1:c1227]
2019-09-24 16:17:06,492 DEBUG client.GrpcClientProtocolService (GrpcClientProtocolService.java:sendReply(353)) - 28-OrderedRequestStreamObserver28: sendReply seq=1012, RaftClientReply:client-EDB41257C35F->s2@group-5C26748AB2B1, cid=1011, SUCCESS, logIndex=1317, commits[s2:c1328, s0:c1227, s1:c1227]
2019-09-24 16:17:06,493 DEBUG client.GrpcClientProtocolService (GrpcClientProtocolService.java:sendReply(353)) - 28-OrderedRequestStreamObserver28: sendReply seq=1013, RaftClientReply:client-EDB41257C35F->s2@group-5C26748AB2B1, cid=1012, SUCCESS, logIndex=1318, commits[s2:c1328, s0:c1227, s1:c1227]
2019-09-24 16:17:06,493 DEBUG client.GrpcClientProtocolService (GrpcClientProtocolService.java:sendReply(353)) - 28-OrderedRequestStreamObserver28: sendReply seq=1014, RaftClientReply:client-EDB41257C35F->s2@group-5C26748AB2B1, cid=1013, SUCCESS, logIndex=1319, commits[s2:c1328, s0:c1227, s1:c1227]
2019-09-24 16:17:06,494 DEBUG client.GrpcClientProtocolService (GrpcClientProtocolService.java:sendReply(353)) - 28-OrderedRequestStreamObserver28: sendReply seq=1015, RaftClientReply:client-EDB41257C35F->s2@group-5C26748AB2B1, cid=1014, SUCCESS, logIndex=1320, commits[s2:c1328, s0:c1227, s1:c1227]
2019-09-24 16:17:06,494 DEBUG client.GrpcClientProtocolService (GrpcClientProtocolService.java:sendReply(353)) - 28-OrderedRequestStreamObserver28: sendReply seq=1016, RaftClientReply:client-EDB41257C35F->s2@group-5C26748AB2B1, cid=1015, SUCCESS, logIndex=1321, commits[s2:c1328, s0:c1227, s1:c1227]
2019-09-24 16:17:06,495 DEBUG client.GrpcClientProtocolService (GrpcClientProtocolService.java:sendReply(353)) - 28-OrderedRequestStreamObserver28: sendReply seq=1017, RaftClientReply:client-EDB41257C35F->s2@group-5C26748AB2B1, cid=1016, SUCCESS, logIndex=1322, commits[s2:c1328, s0:c1227, s1:c1227]
2019-09-24 16:17:06,495 DEBUG client.GrpcClientProtocolService (GrpcClientProtocolService.java:sendReply(353)) - 28-OrderedRequestStreamObserver28: sendReply seq=1018, RaftClientReply:client-EDB41257C35F->s2@group-5C26748AB2B1, cid=1017, SUCCESS, logIndex=1323, commits[s2:c1328, s0:c1227, s1:c1227]
2019-09-24 16:17:06,496 DEBUG client.GrpcClientProtocolService (GrpcClientProtocolService.java:sendReply(353)) - 28-OrderedRequestStreamObserver28: sendReply seq=1019, RaftClientReply:client-EDB41257C35F->s2@group-5C26748AB2B1, cid=1018, SUCCESS, logIndex=1324, commits[s2:c1328, s0:c1227, s1:c1227]
2019-09-24 16:17:06,496 DEBUG client.GrpcClientProtocolService (GrpcClientProtocolService.java:sendReply(353)) - 28-OrderedRequestStreamObserver28: sendReply seq=1020, RaftClientReply:client-EDB41257C35F->s2@group-5C26748AB2B1, cid=1019, SUCCESS, logIndex=1325, commits[s2:c1328, s0:c1227, s1:c1227]
2019-09-24 16:17:06,497 DEBUG client.GrpcClientProtocolService (GrpcClientProtocolService.java:sendReply(353)) - 28-OrderedRequestStreamObserver28: sendReply seq=1021, RaftClientReply:client-EDB41257C35F->s2@group-5C26748AB2B1, cid=1020, SUCCESS, logIndex=1326, commits[s2:c1328, s0:c1227, s1:c1227]
2019-09-24 16:17:06,497 DEBUG client.GrpcClientProtocolService (GrpcClientProtocolService.java:sendReply(353)) - 28-OrderedRequestStreamObserver28: sendReply seq=1022, RaftClientReply:client-EDB41257C35F->s2@group-5C26748AB2B1, cid=1021, SUCCESS, logIndex=1327, commits[s2:c1328, s0:c1227, s1:c1227]
2019-09-24 16:17:06,498 DEBUG client.GrpcClientProtocolService (GrpcClientProtocolService.java:sendReply(353)) - 28-OrderedRequestStreamObserver28: sendReply seq=1023, RaftClientReply:client-EDB41257C35F->s2@group-5C26748AB2B1, cid=1022, SUCCESS, logIndex=1328, commits[s2:c1328, s0:c1227, s1:c1227]
2019-09-24 16:17:06,526 WARN  server.GrpcLogAppender (GrpcLogAppender.java:timeoutAppendRequest(200)) - s2@group-E77E9FD8E08A->s0-GrpcLogAppender: appendEntries Timeout, request=s2->s0#101-t3, previous=(t:3, i:0), leaderCommit=-1, initializing? false, entries: <empty>
2019-09-24 16:17:06,526 WARN  server.GrpcLogAppender (GrpcLogAppender.java:timeoutAppendRequest(200)) - s2@group-E77E9FD8E08A->s1-GrpcLogAppender: appendEntries Timeout, request=s2->s1#101-t3, previous=(t:3, i:0), leaderCommit=-1, initializing? false, entries: <empty>
2019-09-24 16:17:06,581 DEBUG client.GrpcClientProtocolService (GrpcClientProtocolService.java:<init>(175)) - new 49-OrderedRequestStreamObserver49
2019-09-24 16:17:06,581 DEBUG client.GrpcClientProtocolService (GrpcClientProtocolService.java:sendReply(353)) - 49-OrderedRequestStreamObserver49: sendReply seq=1, RaftClientReply:client-DE317CF077D2->s2@group-E77E9FD8E08A, cid=1023, FAILED org.apache.ratis.protocol.LeaderNotReadyException: s2@group-E77E9FD8E08A is in LEADER state but not ready yet., logIndex=0, commits[s2:c-1, s0:c-1, s1:c-1]
2019-09-24 16:17:06,601 WARN  server.GrpcLogAppender (GrpcLogAppender.java:timeoutAppendRequest(200)) - s2@group-E77E9FD8E08A->s0-GrpcLogAppender: appendEntries Timeout, request=s2->s0#102-t3, previous=(t:3, i:0), leaderCommit=-1, initializing? false, entries: <empty>
2019-09-24 16:17:06,601 WARN  server.GrpcLogAppender (GrpcLogAppender.java:timeoutAppendRequest(200)) - s2@group-E77E9FD8E08A->s1-GrpcLogAppender: appendEntries Timeout, request=s2->s1#102-t3, previous=(t:3, i:0), leaderCommit=-1, initializing? false, entries: <empty>
2019-09-24 16:17:06,676 WARN  server.GrpcLogAppender (GrpcLogAppender.java:timeoutAppendRequest(200)) - s2@group-E77E9FD8E08A->s0-GrpcLogAppender: appendEntries Timeout, request=s2->s0#103-t3, previous=(t:3, i:0), leaderCommit=-1, initializing? false, entries: <empty>
2019-09-24 16:17:06,676 WARN  server.GrpcLogAppender (GrpcLogAppender.java:timeoutAppendRequest(200)) - s2@group-E77E9FD8E08A->s1-GrpcLogAppender: appendEntries Timeout, request=s2->s1#103-t3, previous=(t:3, i:0), leaderCommit=-1, initializing? false, entries: <empty>
2019-09-24 16:17:06,683 DEBUG client.GrpcClientProtocolService (GrpcClientProtocolService.java:close(374)) - 49-OrderedRequestStreamObserver49: close
2019-09-24 16:17:06,751 WARN  server.GrpcLogAppender (GrpcLogAppender.java:timeoutAppendRequest(200)) - s2@group-E77E9FD8E08A->s0-GrpcLogAppender: appendEntries Timeout, request=s2->s0#104-t3, previous=(t:3, i:0), leaderCommit=-1, initializing? false, entries: <empty>
2019-09-24 16:17:06,752 WARN  server.GrpcLogAppender (GrpcLogAppender.java:timeoutAppendRequest(200)) - s2@group-E77E9FD8E08A->s1-GrpcLogAppender: appendEntries Timeout, request=s2->s1#104-t3, previous=(t:3, i:0), leaderCommit=-1, initializing? false, entries: <empty>
2019-09-24 16:17:06,788 DEBUG client.GrpcClientProtocolService (GrpcClientProtocolService.java:<init>(175)) - new 50-OrderedRequestStreamObserver50
2019-09-24 16:17:06,789 DEBUG client.GrpcClientProtocolService (GrpcClientProtocolService.java:sendReply(353)) - 50-OrderedRequestStreamObserver50: sendReply seq=1, RaftClientReply:client-DE317CF077D2->s2@group-E77E9FD8E08A, cid=1023, FAILED org.apache.ratis.protocol.LeaderNotReadyException: s2@group-E77E9FD8E08A is in LEADER state but not ready yet., logIndex=0, commits[s2:c-1, s0:c-1, s1:c-1]
2019-09-24 16:17:06,827 WARN  server.GrpcLogAppender (GrpcLogAppender.java:timeoutAppendRequest(200)) - s2@group-E77E9FD8E08A->s0-GrpcLogAppender: appendEntries Timeout, request=s2->s0#105-t3, previous=(t:3, i:0), leaderCommit=-1, initializing? false, entries: <empty>
2019-09-24 16:17:06,827 WARN  server.GrpcLogAppender (GrpcLogAppender.java:timeoutAppendRequest(200)) - s2@group-E77E9FD8E08A->s1-GrpcLogAppender: appendEntries Timeout, request=s2->s1#105-t3, previous=(t:3, i:0), leaderCommit=-1, initializing? false, entries: <empty>
2019-09-24 16:17:06,891 DEBUG client.GrpcClientProtocolService (GrpcClientProtocolService.java:close(374)) - 50-OrderedRequestStreamObserver50: close
2019-09-24 16:17:06,902 WARN  server.GrpcLogAppender (GrpcLogAppender.java:timeoutAppendRequest(200)) - s2@group-E77E9FD8E08A->s0-GrpcLogAppender: appendEntries Timeout, request=s2->s0#106-t3, previous=(t:3, i:0), leaderCommit=-1, initializing? false, entries: <empty>
2019-09-24 16:17:06,902 WARN  server.GrpcLogAppender (GrpcLogAppender.java:timeoutAppendRequest(200)) - s2@group-E77E9FD8E08A->s1-GrpcLogAppender: appendEntries Timeout, request=s2->s1#106-t3, previous=(t:3, i:0), leaderCommit=-1, initializing? false, entries: <empty>
2019-09-24 16:17:06,977 WARN  server.GrpcLogAppender (GrpcLogAppender.java:timeoutAppendRequest(200)) - s2@group-E77E9FD8E08A->s0-GrpcLogAppender: appendEntries Timeout, request=s2->s0#107-t3, previous=(t:3, i:0), leaderCommit=-1, initializing? false, entries: <empty>
2019-09-24 16:17:06,977 WARN  server.GrpcLogAppender (GrpcLogAppender.java:timeoutAppendRequest(200)) - s2@group-E77E9FD8E08A->s1-GrpcLogAppender: appendEntries Timeout, request=s2->s1#107-t3, previous=(t:3, i:0), leaderCommit=-1, initializing? false, entries: <empty>
2019-09-24 16:17:06,995 DEBUG client.GrpcClientProtocolService (GrpcClientProtocolService.java:<init>(175)) - new 51-OrderedRequestStreamObserver51
2019-09-24 16:17:06,996 DEBUG client.GrpcClientProtocolService (GrpcClientProtocolService.java:sendReply(353)) - 51-OrderedRequestStreamObserver51: sendReply seq=1, RaftClientReply:client-DE317CF077D2->s2@group-E77E9FD8E08A, cid=1023, FAILED org.apache.ratis.protocol.LeaderNotReadyException: s2@group-E77E9FD8E08A is in LEADER state but not ready yet., logIndex=0, commits[s2:c-1, s0:c-1, s1:c-1]
2019-09-24 16:17:07,052 WARN  server.GrpcLogAppender (GrpcLogAppender.java:timeoutAppendRequest(200)) - s2@group-E77E9FD8E08A->s0-GrpcLogAppender: appendEntries Timeout, request=s2->s0#108-t3, previous=(t:3, i:0), leaderCommit=-1, initializing? false, entries: <empty>
2019-09-24 16:17:07,053 WARN  server.GrpcLogAppender (GrpcLogAppender.java:timeoutAppendRequest(200)) - s2@group-E77E9FD8E08A->s1-GrpcLogAppender: appendEntries Timeout, request=s2->s1#108-t3, previous=(t:3, i:0), leaderCommit=-1, initializing? false, entries: <empty>
2019-09-24 16:17:07,098 DEBUG client.GrpcClientProtocolService (GrpcClientProtocolService.java:close(374)) - 51-OrderedRequestStreamObserver51: close
2019-09-24 16:17:07,127 WARN  server.GrpcLogAppender (GrpcLogAppender.java:timeoutAppendRequest(200)) - s2@group-E77E9FD8E08A->s0-GrpcLogAppender: appendEntries Timeout, request=s2->s0#109-t3, previous=(t:3, i:0), leaderCommit=-1, initializing? false, entries: <empty>
2019-09-24 16:17:07,128 WARN  server.GrpcLogAppender (GrpcLogAppender.java:timeoutAppendRequest(200)) - s2@group-E77E9FD8E08A->s1-GrpcLogAppender: appendEntries Timeout, request=s2->s1#109-t3, previous=(t:3, i:0), leaderCommit=-1, initializing? false, entries: <empty>
2019-09-24 16:17:07,202 DEBUG client.GrpcClientProtocolService (GrpcClientProtocolService.java:<init>(175)) - new 52-OrderedRequestStreamObserver52
2019-09-24 16:17:07,202 DEBUG client.GrpcClientProtocolService (GrpcClientProtocolService.java:sendReply(353)) - 52-OrderedRequestStreamObserver52: sendReply seq=1, RaftClientReply:client-DE317CF077D2->s2@group-E77E9FD8E08A, cid=1023, FAILED org.apache.ratis.protocol.LeaderNotReadyException: s2@group-E77E9FD8E08A is in LEADER state but not ready yet., logIndex=0, commits[s2:c-1, s0:c-1, s1:c-1]
2019-09-24 16:17:07,203 WARN  server.GrpcLogAppender (GrpcLogAppender.java:timeoutAppendRequest(200)) - s2@group-E77E9FD8E08A->s0-GrpcLogAppender: appendEntries Timeout, request=s2->s0#110-t3, previous=(t:3, i:0), leaderCommit=-1, initializing? false, entries: <empty>
2019-09-24 16:17:07,203 WARN  server.GrpcLogAppender (GrpcLogAppender.java:timeoutAppendRequest(200)) - s2@group-E77E9FD8E08A->s1-GrpcLogAppender: appendEntries Timeout, request=s2->s1#110-t3, previous=(t:3, i:0), leaderCommit=-1, initializing? false, entries: <empty>
2019-09-24 16:17:07,278 WARN  server.GrpcLogAppender (GrpcLogAppender.java:timeoutAppendRequest(200)) - s2@group-E77E9FD8E08A->s0-GrpcLogAppender: appendEntries Timeout, request=s2->s0#111-t3, previous=(t:3, i:0), leaderCommit=-1, initializing? false, entries: <empty>
2019-09-24 16:17:07,278 WARN  server.GrpcLogAppender (GrpcLogAppender.java:timeoutAppendRequest(200)) - s2@group-E77E9FD8E08A->s1-GrpcLogAppender: appendEntries Timeout, request=s2->s1#111-t3, previous=(t:3, i:0), leaderCommit=-1, initializing? false, entries: <empty>
2019-09-24 16:17:07,304 DEBUG client.GrpcClientProtocolService (GrpcClientProtocolService.java:close(374)) - 52-OrderedRequestStreamObserver52: close
2019-09-24 16:17:07,353 WARN  server.GrpcLogAppender (GrpcLogAppender.java:timeoutAppendRequest(200)) - s2@group-E77E9FD8E08A->s0-GrpcLogAppender: appendEntries Timeout, request=s2->s0#112-t3, previous=(t:3, i:0), leaderCommit=-1, initializing? false, entries: <empty>
2019-09-24 16:17:07,353 WARN  server.GrpcLogAppender (GrpcLogAppender.java:timeoutAppendRequest(200)) - s2@group-E77E9FD8E08A->s1-GrpcLogAppender: appendEntries Timeout, request=s2->s1#112-t3, previous=(t:3, i:0), leaderCommit=-1, initializing? false, entries: <empty>
2019-09-24 16:17:07,408 DEBUG client.GrpcClientProtocolService (GrpcClientProtocolService.java:<init>(175)) - new 53-OrderedRequestStreamObserver53
2019-09-24 16:17:07,409 DEBUG client.GrpcClientProtocolService (GrpcClientProtocolService.java:sendReply(353)) - 53-OrderedRequestStreamObserver53: sendReply seq=1, RaftClientReply:client-DE317CF077D2->s2@group-E77E9FD8E08A, cid=1023, FAILED org.apache.ratis.protocol.LeaderNotReadyException: s2@group-E77E9FD8E08A is in LEADER state but not ready yet., logIndex=0, commits[s2:c-1, s0:c-1, s1:c-1]
2019-09-24 16:17:07,428 WARN  server.GrpcLogAppender (GrpcLogAppender.java:timeoutAppendRequest(200)) - s2@group-E77E9FD8E08A->s0-GrpcLogAppender: appendEntries Timeout, request=s2->s0#113-t3, previous=(t:3, i:0), leaderCommit=-1, initializing? false, entries: <empty>
2019-09-24 16:17:07,429 WARN  server.GrpcLogAppender (GrpcLogAppender.java:timeoutAppendRequest(200)) - s2@group-E77E9FD8E08A->s1-GrpcLogAppender: appendEntries Timeout, request=s2->s1#113-t3, previous=(t:3, i:0), leaderCommit=-1, initializing? false, entries: <empty>
2019-09-24 16:17:07,503 WARN  server.GrpcLogAppender (GrpcLogAppender.java:timeoutAppendRequest(200)) - s2@group-E77E9FD8E08A->s0-GrpcLogAppender: appendEntries Timeout, request=s2->s0#114-t3, previous=(t:3, i:0), leaderCommit=-1, initializing? false, entries: <empty>
2019-09-24 16:17:07,504 WARN  server.GrpcLogAppender (GrpcLogAppender.java:timeoutAppendRequest(200)) - s2@group-E77E9FD8E08A->s1-GrpcLogAppender: appendEntries Timeout, request=s2->s1#114-t3, previous=(t:3, i:0), leaderCommit=-1, initializing? false, entries: <empty>
2019-09-24 16:17:07,511 DEBUG client.GrpcClientProtocolService (GrpcClientProtocolService.java:close(374)) - 53-OrderedRequestStreamObserver53: close
2019-09-24 16:17:07,578 WARN  server.GrpcLogAppender (GrpcLogAppender.java:timeoutAppendRequest(200)) - s2@group-E77E9FD8E08A->s0-GrpcLogAppender: appendEntries Timeout, request=s2->s0#115-t3, previous=(t:3, i:0), leaderCommit=-1, initializing? false, entries: <empty>
2019-09-24 16:17:07,579 WARN  server.GrpcLogAppender (GrpcLogAppender.java:timeoutAppendRequest(200)) - s2@group-E77E9FD8E08A->s1-GrpcLogAppender: appendEntries Timeout, request=s2->s1#115-t3, previous=(t:3, i:0), leaderCommit=-1, initializing? false, entries: <empty>
2019-09-24 16:17:07,616 DEBUG client.GrpcClientProtocolService (GrpcClientProtocolService.java:<init>(175)) - new 54-OrderedRequestStreamObserver54
2019-09-24 16:17:07,617 DEBUG client.GrpcClientProtocolService (GrpcClientProtocolService.java:sendReply(353)) - 54-OrderedRequestStreamObserver54: sendReply seq=1, RaftClientReply:client-DE317CF077D2->s2@group-E77E9FD8E08A, cid=1023, FAILED org.apache.ratis.protocol.LeaderNotReadyException: s2@group-E77E9FD8E08A is in LEADER state but not ready yet., logIndex=0, commits[s2:c-1, s0:c-1, s1:c-1]
2019-09-24 16:17:07,654 WARN  server.GrpcLogAppender (GrpcLogAppender.java:timeoutAppendRequest(200)) - s2@group-E77E9FD8E08A->s0-GrpcLogAppender: appendEntries Timeout, request=s2->s0#116-t3, previous=(t:3, i:0), leaderCommit=-1, initializing? false, entries: <empty>
2019-09-24 16:17:07,654 WARN  server.GrpcLogAppender (GrpcLogAppender.java:timeoutAppendRequest(200)) - s2@group-E77E9FD8E08A->s1-GrpcLogAppender: appendEntries Timeout, request=s2->s1#116-t3, previous=(t:3, i:0), leaderCommit=-1, initializing? false, entries: <empty>
2019-09-24 16:17:07,718 DEBUG client.GrpcClientProtocolService (GrpcClientProtocolService.java:close(374)) - 54-OrderedRequestStreamObserver54: close
2019-09-24 16:17:07,729 WARN  server.GrpcLogAppender (GrpcLogAppender.java:timeoutAppendRequest(200)) - s2@group-E77E9FD8E08A->s0-GrpcLogAppender: appendEntries Timeout, request=s2->s0#117-t3, previous=(t:3, i:0), leaderCommit=-1, initializing? false, entries: <empty>
2019-09-24 16:17:07,729 WARN  server.GrpcLogAppender (GrpcLogAppender.java:timeoutAppendRequest(200)) - s2@group-E77E9FD8E08A->s1-GrpcLogAppender: appendEntries Timeout, request=s2->s1#117-t3, previous=(t:3, i:0), leaderCommit=-1, initializing? false, entries: <empty>
2019-09-24 16:17:07,804 WARN  server.GrpcLogAppender (GrpcLogAppender.java:timeoutAppendRequest(200)) - s2@group-E77E9FD8E08A->s0-GrpcLogAppender: appendEntries Timeout, request=s2->s0#118-t3, previous=(t:3, i:0), leaderCommit=-1, initializing? false, entries: <empty>
2019-09-24 16:17:07,805 WARN  server.GrpcLogAppender (GrpcLogAppender.java:timeoutAppendRequest(200)) - s2@group-E77E9FD8E08A->s1-GrpcLogAppender: appendEntries Timeout, request=s2->s1#118-t3, previous=(t:3, i:0), leaderCommit=-1, initializing? false, entries: <empty>
2019-09-24 16:17:07,822 DEBUG client.GrpcClientProtocolService (GrpcClientProtocolService.java:<init>(175)) - new 55-OrderedRequestStreamObserver55
2019-09-24 16:17:07,823 DEBUG client.GrpcClientProtocolService (GrpcClientProtocolService.java:sendReply(353)) - 55-OrderedRequestStreamObserver55: sendReply seq=1, RaftClientReply:client-DE317CF077D2->s2@group-E77E9FD8E08A, cid=1023, FAILED org.apache.ratis.protocol.LeaderNotReadyException: s2@group-E77E9FD8E08A is in LEADER state but not ready yet., logIndex=0, commits[s2:c-1, s0:c-1, s1:c-1]
2019-09-24 16:17:07,879 WARN  server.GrpcLogAppender (GrpcLogAppender.java:timeoutAppendRequest(200)) - s2@group-E77E9FD8E08A->s0-GrpcLogAppender: appendEntries Timeout, request=s2->s0#119-t3, previous=(t:3, i:0), leaderCommit=-1, initializing? false, entries: <empty>
2019-09-24 16:17:07,880 WARN  server.GrpcLogAppender (GrpcLogAppender.java:timeoutAppendRequest(200)) - s2@group-E77E9FD8E08A->s1-GrpcLogAppender: appendEntries Timeout, request=s2->s1#119-t3, previous=(t:3, i:0), leaderCommit=-1, initializing? false, entries: <empty>
2019-09-24 16:17:07,924 DEBUG client.GrpcClientProtocolService (GrpcClientProtocolService.java:close(374)) - 55-OrderedRequestStreamObserver55: close
2019-09-24 16:17:07,954 WARN  server.GrpcLogAppender (GrpcLogAppender.java:timeoutAppendRequest(200)) - s2@group-E77E9FD8E08A->s0-GrpcLogAppender: appendEntries Timeout, request=s2->s0#120-t3, previous=(t:3, i:0), leaderCommit=-1, initializing? false, entries: <empty>
2019-09-24 16:17:07,955 WARN  server.GrpcLogAppender (GrpcLogAppender.java:timeoutAppendRequest(200)) - s2@group-E77E9FD8E08A->s1-GrpcLogAppender: appendEntries Timeout, request=s2->s1#120-t3, previous=(t:3, i:0), leaderCommit=-1, initializing? false, entries: <empty>
2019-09-24 16:17:08,028 DEBUG client.GrpcClientProtocolService (GrpcClientProtocolService.java:<init>(175)) - new 56-OrderedRequestStreamObserver56
2019-09-24 16:17:08,029 DEBUG client.GrpcClientProtocolService (GrpcClientProtocolService.java:sendReply(353)) - 56-OrderedRequestStreamObserver56: sendReply seq=1, RaftClientReply:client-DE317CF077D2->s2@group-E77E9FD8E08A, cid=1023, FAILED org.apache.ratis.protocol.LeaderNotReadyException: s2@group-E77E9FD8E08A is in LEADER state but not ready yet., logIndex=0, commits[s2:c-1, s0:c-1, s1:c-1]
2019-09-24 16:17:08,030 WARN  server.GrpcLogAppender (GrpcLogAppender.java:timeoutAppendRequest(200)) - s2@group-E77E9FD8E08A->s0-GrpcLogAppender: appendEntries Timeout, request=s2->s0#121-t3, previous=(t:3, i:0), leaderCommit=-1, initializing? false, entries: <empty>
2019-09-24 16:17:08,030 WARN  server.GrpcLogAppender (GrpcLogAppender.java:timeoutAppendRequest(200)) - s2@group-E77E9FD8E08A->s1-GrpcLogAppender: appendEntries Timeout, request=s2->s1#121-t3, previous=(t:3, i:0), leaderCommit=-1, initializing? false, entries: <empty>
2019-09-24 16:17:08,105 WARN  server.GrpcLogAppender (GrpcLogAppender.java:timeoutAppendRequest(200)) - s2@group-E77E9FD8E08A->s0-GrpcLogAppender: appendEntries Timeout, request=s2->s0#122-t3, previous=(t:3, i:0), leaderCommit=-1, initializing? false, entries: <empty>
2019-09-24 16:17:08,105 WARN  server.GrpcLogAppender (GrpcLogAppender.java:timeoutAppendRequest(200)) - s2@group-E77E9FD8E08A->s1-GrpcLogAppender: appendEntries Timeout, request=s2->s1#122-t3, previous=(t:3, i:0), leaderCommit=-1, initializing? false, entries: <empty>
2019-09-24 16:17:08,130 DEBUG client.GrpcClientProtocolService (GrpcClientProtocolService.java:close(374)) - 56-OrderedRequestStreamObserver56: close
2019-09-24 16:17:08,180 WARN  server.GrpcLogAppender (GrpcLogAppender.java:timeoutAppendRequest(200)) - s2@group-E77E9FD8E08A->s0-GrpcLogAppender: appendEntries Timeout, request=s2->s0#123-t3, previous=(t:3, i:0), leaderCommit=-1, initializing? false, entries: <empty>
2019-09-24 16:17:08,181 WARN  server.GrpcLogAppender (GrpcLogAppender.java:timeoutAppendRequest(200)) - s2@group-E77E9FD8E08A->s1-GrpcLogAppender: appendEntries Timeout, request=s2->s1#123-t3, previous=(t:3, i:0), leaderCommit=-1, initializing? false, entries: <empty>
2019-09-24 16:17:08,236 DEBUG client.GrpcClientProtocolService (GrpcClientProtocolService.java:<init>(175)) - new 57-OrderedRequestStreamObserver57
2019-09-24 16:17:08,237 DEBUG client.GrpcClientProtocolService (GrpcClientProtocolService.java:sendReply(353)) - 57-OrderedRequestStreamObserver57: sendReply seq=1, RaftClientReply:client-DE317CF077D2->s2@group-E77E9FD8E08A, cid=1023, FAILED org.apache.ratis.protocol.LeaderNotReadyException: s2@group-E77E9FD8E08A is in LEADER state but not ready yet., logIndex=0, commits[s2:c-1, s0:c-1, s1:c-1]
2019-09-24 16:17:08,255 WARN  server.GrpcLogAppender (GrpcLogAppender.java:timeoutAppendRequest(200)) - s2@group-E77E9FD8E08A->s0-GrpcLogAppender: appendEntries Timeout, request=s2->s0#124-t3, previous=(t:3, i:0), leaderCommit=-1, initializing? false, entries: <empty>
2019-09-24 16:17:08,256 WARN  server.GrpcLogAppender (GrpcLogAppender.java:timeoutAppendRequest(200)) - s2@group-E77E9FD8E08A->s1-GrpcLogAppender: appendEntries Timeout, request=s2->s1#124-t3, previous=(t:3, i:0), leaderCommit=-1, initializing? false, entries: <empty>
2019-09-24 16:17:08,330 WARN  server.GrpcLogAppender (GrpcLogAppender.java:timeoutAppendRequest(200)) - s2@group-E77E9FD8E08A->s0-GrpcLogAppender: appendEntries Timeout, request=s2->s0#125-t3, previous=(t:3, i:0), leaderCommit=-1, initializing? false, entries: <empty>
2019-09-24 16:17:08,331 WARN  server.GrpcLogAppender (GrpcLogAppender.java:timeoutAppendRequest(200)) - s2@group-E77E9FD8E08A->s1-GrpcLogAppender: appendEntries Timeout, request=s2->s1#125-t3, previous=(t:3, i:0), leaderCommit=-1, initializing? false, entries: <empty>
2019-09-24 16:17:08,339 DEBUG client.GrpcClientProtocolService (GrpcClientProtocolService.java:close(374)) - 57-OrderedRequestStreamObserver57: close
2019-09-24 16:17:08,406 WARN  server.GrpcLogAppender (GrpcLogAppender.java:timeoutAppendRequest(200)) - s2@group-E77E9FD8E08A->s0-GrpcLogAppender: appendEntries Timeout, request=s2->s0#126-t3, previous=(t:3, i:0), leaderCommit=-1, initializing? false, entries: <empty>
2019-09-24 16:17:08,406 WARN  server.GrpcLogAppender (GrpcLogAppender.java:timeoutAppendRequest(200)) - s2@group-E77E9FD8E08A->s1-GrpcLogAppender: appendEntries Timeout, request=s2->s1#126-t3, previous=(t:3, i:0), leaderCommit=-1, initializing? false, entries: <empty>
2019-09-24 16:17:08,442 DEBUG client.GrpcClientProtocolService (GrpcClientProtocolService.java:<init>(175)) - new 58-OrderedRequestStreamObserver58
2019-09-24 16:17:08,443 DEBUG client.GrpcClientProtocolService (GrpcClientProtocolService.java:sendReply(353)) - 58-OrderedRequestStreamObserver58: sendReply seq=1, RaftClientReply:client-DE317CF077D2->s2@group-E77E9FD8E08A, cid=1023, FAILED org.apache.ratis.protocol.LeaderNotReadyException: s2@group-E77E9FD8E08A is in LEADER state but not ready yet., logIndex=0, commits[s2:c-1, s0:c-1, s1:c-1]
2019-09-24 16:17:08,481 WARN  server.GrpcLogAppender (GrpcLogAppender.java:timeoutAppendRequest(200)) - s2@group-E77E9FD8E08A->s0-GrpcLogAppender: appendEntries Timeout, request=s2->s0#127-t3, previous=(t:3, i:0), leaderCommit=-1, initializing? false, entries: <empty>
2019-09-24 16:17:08,481 WARN  server.GrpcLogAppender (GrpcLogAppender.java:timeoutAppendRequest(200)) - s2@group-E77E9FD8E08A->s1-GrpcLogAppender: appendEntries Timeout, request=s2->s1#127-t3, previous=(t:3, i:0), leaderCommit=-1, initializing? false, entries: <empty>
2019-09-24 16:17:08,544 DEBUG client.GrpcClientProtocolService (GrpcClientProtocolService.java:close(374)) - 58-OrderedRequestStreamObserver58: close
2019-09-24 16:17:08,556 WARN  server.GrpcLogAppender (GrpcLogAppender.java:timeoutAppendRequest(200)) - s2@group-E77E9FD8E08A->s0-GrpcLogAppender: appendEntries Timeout, request=s2->s0#128-t3, previous=(t:3, i:0), leaderCommit=-1, initializing? false, entries: <empty>
2019-09-24 16:17:08,556 WARN  server.GrpcLogAppender (GrpcLogAppender.java:timeoutAppendRequest(200)) - s2@group-E77E9FD8E08A->s1-GrpcLogAppender: appendEntries Timeout, request=s2->s1#128-t3, previous=(t:3, i:0), leaderCommit=-1, initializing? false, entries: <empty>
2019-09-24 16:17:08,631 WARN  server.GrpcLogAppender (GrpcLogAppender.java:timeoutAppendRequest(200)) - s2@group-E77E9FD8E08A->s0-GrpcLogAppender: appendEntries Timeout, request=s2->s0#129-t3, previous=(t:3, i:0), leaderCommit=-1, initializing? false, entries: <empty>
2019-09-24 16:17:08,632 WARN  server.GrpcLogAppender (GrpcLogAppender.java:timeoutAppendRequest(200)) - s2@group-E77E9FD8E08A->s1-GrpcLogAppender: appendEntries Timeout, request=s2->s1#129-t3, previous=(t:3, i:0), leaderCommit=-1, initializing? false, entries: <empty>
2019-09-24 16:17:08,648 DEBUG client.GrpcClientProtocolService (GrpcClientProtocolService.java:<init>(175)) - new 59-OrderedRequestStreamObserver59
2019-09-24 16:17:08,649 DEBUG client.GrpcClientProtocolService (GrpcClientProtocolService.java:sendReply(353)) - 59-OrderedRequestStreamObserver59: sendReply seq=1, RaftClientReply:client-DE317CF077D2->s2@group-E77E9FD8E08A, cid=1023, FAILED org.apache.ratis.protocol.LeaderNotReadyException: s2@group-E77E9FD8E08A is in LEADER state but not ready yet., logIndex=0, commits[s2:c-1, s0:c-1, s1:c-1]
2019-09-24 16:17:08,706 WARN  server.GrpcLogAppender (GrpcLogAppender.java:timeoutAppendRequest(200)) - s2@group-E77E9FD8E08A->s0-GrpcLogAppender: appendEntries Timeout, request=s2->s0#130-t3, previous=(t:3, i:0), leaderCommit=-1, initializing? false, entries: <empty>
2019-09-24 16:17:08,707 WARN  server.GrpcLogAppender (GrpcLogAppender.java:timeoutAppendRequest(200)) - s2@group-E77E9FD8E08A->s1-GrpcLogAppender: appendEntries Timeout, request=s2->s1#130-t3, previous=(t:3, i:0), leaderCommit=-1, initializing? false, entries: <empty>
2019-09-24 16:17:08,750 DEBUG client.GrpcClientProtocolService (GrpcClientProtocolService.java:close(374)) - 59-OrderedRequestStreamObserver59: close
2019-09-24 16:17:08,934 WARN  server.GrpcLogAppender (GrpcLogAppender.java:timeoutAppendRequest(200)) - s2@group-E77E9FD8E08A->s0-GrpcLogAppender: appendEntries Timeout, request=s2->s0#131-t3, previous=(t:3, i:0), leaderCommit=-1, initializing? false, entries: <empty>
2019-09-24 16:17:08,934 WARN  server.GrpcLogAppender (GrpcLogAppender.java:timeoutAppendRequest(200)) - s2@group-E77E9FD8E08A->s1-GrpcLogAppender: appendEntries Timeout, request=s2->s1#131-t3, previous=(t:3, i:0), leaderCommit=-1, initializing? false, entries: <empty>
2019-09-24 16:17:08,934 WARN  server.GrpcLogAppender (GrpcLogAppender.java:timeoutAppendRequest(200)) - s2@group-E77E9FD8E08A->s0-GrpcLogAppender: appendEntries Timeout, request=s2->s0#132-t3, previous=(t:3, i:0), leaderCommit=-1, initializing? false, entries: <empty>
2019-09-24 16:17:08,934 WARN  server.GrpcLogAppender (GrpcLogAppender.java:timeoutAppendRequest(200)) - s2@group-E77E9FD8E08A->s1-GrpcLogAppender: appendEntries Timeout, request=s2->s1#132-t3, previous=(t:3, i:0), leaderCommit=-1, initializing? false, entries: <empty>
2019-09-24 16:17:08,934 WARN  server.GrpcLogAppender (GrpcLogAppender.java:timeoutAppendRequest(200)) - s2@group-E77E9FD8E08A->s0-GrpcLogAppender: appendEntries Timeout, request=s2->s0#133-t3, previous=(t:3, i:0), leaderCommit=-1, initializing? false, entries: <empty>
2019-09-24 16:17:08,935 WARN  server.GrpcLogAppender (GrpcLogAppender.java:timeoutAppendRequest(200)) - s2@group-E77E9FD8E08A->s1-GrpcLogAppender: appendEntries Timeout, request=s2->s1#133-t3, previous=(t:3, i:0), leaderCommit=-1, initializing? false, entries: <empty>
2019-09-24 16:17:08,938 DEBUG client.GrpcClientProtocolService (GrpcClientProtocolService.java:<init>(175)) - new 60-OrderedRequestStreamObserver60
2019-09-24 16:17:08,939 DEBUG client.GrpcClientProtocolService (GrpcClientProtocolService.java:sendReply(353)) - 60-OrderedRequestStreamObserver60: sendReply seq=1, RaftClientReply:client-DE317CF077D2->s2@group-E77E9FD8E08A, cid=1023, FAILED org.apache.ratis.protocol.LeaderNotReadyException: s2@group-E77E9FD8E08A is in LEADER state but not ready yet., logIndex=0, commits[s2:c-1, s0:c-1, s1:c-1]
2019-09-24 16:17:08,988 INFO  ratis.MiniRaftCluster (MiniRaftCluster.java:lambda$null$5(297)) - TIMED-PRINT: printing ALL groups
  s0:  RUNNING  FOLLOWER s0@group-5C26748AB2B1:t3, leader=s2, voted=s2, raftlog=s0@group-5C26748AB2B1-SegmentedRaftLog:OPENED:c1328,f1328,i1429, conf=0: [s0:0.0.0.0:36823, s1:0.0.0.0:40855, s2:0.0.0.0:34862], old=null RUNNING
  s1:  RUNNING  FOLLOWER s1@group-5C26748AB2B1:t3, leader=s2, voted=s2, raftlog=s1@group-5C26748AB2B1-SegmentedRaftLog:OPENED:c1328,f1328,i1429, conf=0: [s0:0.0.0.0:36823, s1:0.0.0.0:40855, s2:0.0.0.0:34862], old=null RUNNING
  s2:  RUNNING    LEADER s2@group-5C26748AB2B1:t3, leader=s2, voted=s2, raftlog=s2@group-5C26748AB2B1-SegmentedRaftLog:OPENED:c1328,f1328,i1429, conf=0: [s0:0.0.0.0:36823, s1:0.0.0.0:40855, s2:0.0.0.0:34862], old=null RUNNING
2019-09-24 16:17:09,007 WARN  server.GrpcLogAppender (GrpcLogAppender.java:timeoutAppendRequest(200)) - s2@group-E77E9FD8E08A->s0-GrpcLogAppender: appendEntries Timeout, request=s2->s0#134-t3, previous=(t:3, i:0), leaderCommit=-1, initializing? false, entries: <empty>
2019-09-24 16:17:09,008 WARN  server.GrpcLogAppender (GrpcLogAppender.java:timeoutAppendRequest(200)) - s2@group-E77E9FD8E08A->s1-GrpcLogAppender: appendEntries Timeout, request=s2->s1#134-t3, previous=(t:3, i:0), leaderCommit=-1, initializing? false, entries: <empty>
2019-09-24 16:17:09,041 DEBUG client.GrpcClientProtocolService (GrpcClientProtocolService.java:close(374)) - 60-OrderedRequestStreamObserver60: close
2019-09-24 16:17:09,082 WARN  server.GrpcLogAppender (GrpcLogAppender.java:timeoutAppendRequest(200)) - s2@group-E77E9FD8E08A->s0-GrpcLogAppender: appendEntries Timeout, request=s2->s0#135-t3, previous=(t:3, i:0), leaderCommit=-1, initializing? false, entries: <empty>
2019-09-24 16:17:09,083 WARN  server.GrpcLogAppender (GrpcLogAppender.java:timeoutAppendRequest(200)) - s2@group-E77E9FD8E08A->s1-GrpcLogAppender: appendEntries Timeout, request=s2->s1#135-t3, previous=(t:3, i:0), leaderCommit=-1, initializing? false, entries: <empty>
2019-09-24 16:17:09,151 DEBUG client.GrpcClientProtocolService (GrpcClientProtocolService.java:<init>(175)) - new 61-OrderedRequestStreamObserver61
2019-09-24 16:17:09,152 DEBUG client.GrpcClientProtocolService (GrpcClientProtocolService.java:sendReply(353)) - 61-OrderedRequestStreamObserver61: sendReply seq=1, RaftClientReply:client-DE317CF077D2->s2@group-E77E9FD8E08A, cid=1023, FAILED org.apache.ratis.protocol.LeaderNotReadyException: s2@group-E77E9FD8E08A is in LEADER state but not ready yet., logIndex=0, commits[s2:c-1, s0:c-1, s1:c-1]
2019-09-24 16:17:09,157 WARN  server.GrpcLogAppender (GrpcLogAppender.java:timeoutAppendRequest(200)) - s2@group-E77E9FD8E08A->s0-GrpcLogAppender: appendEntries Timeout, request=s2->s0#136-t3, previous=(t:3, i:0), leaderCommit=-1, initializing? false, entries: <empty>
2019-09-24 16:17:09,158 WARN  server.GrpcLogAppender (GrpcLogAppender.java:timeoutAppendRequest(200)) - s2@group-E77E9FD8E08A->s1-GrpcLogAppender: appendEntries Timeout, request=s2->s1#136-t3, previous=(t:3, i:0), leaderCommit=-1, initializing? false, entries: <empty>
2019-09-24 16:17:09,233 WARN  server.GrpcLogAppender (GrpcLogAppender.java:timeoutAppendRequest(200)) - s2@group-E77E9FD8E08A->s0-GrpcLogAppender: appendEntries Timeout, request=s2->s0#137-t3, previous=(t:3, i:0), leaderCommit=-1, initializing? false, entries: <empty>
2019-09-24 16:17:09,233 WARN  server.GrpcLogAppender (GrpcLogAppender.java:timeoutAppendRequest(200)) - s2@group-E77E9FD8E08A->s1-GrpcLogAppender: appendEntries Timeout, request=s2->s1#137-t3, previous=(t:3, i:0), leaderCommit=-1, initializing? false, entries: <empty>
2019-09-24 16:17:09,254 DEBUG client.GrpcClientProtocolService (GrpcClientProtocolService.java:close(374)) - 61-OrderedRequestStreamObserver61: close
2019-09-24 16:17:09,308 WARN  server.GrpcLogAppender (GrpcLogAppender.java:timeoutAppendRequest(200)) - s2@group-E77E9FD8E08A->s0-GrpcLogAppender: appendEntries Timeout, request=s2->s0#138-t3, previous=(t:3, i:0), leaderCommit=-1, initializing? false, entries: <empty>
2019-09-24 16:17:09,308 WARN  server.GrpcLogAppender (GrpcLogAppender.java:timeoutAppendRequest(200)) - s2@group-E77E9FD8E08A->s1-GrpcLogAppender: appendEntries Timeout, request=s2->s1#138-t3, previous=(t:3, i:0), leaderCommit=-1, initializing? false, entries: <empty>
2019-09-24 16:17:09,358 DEBUG client.GrpcClientProtocolService (GrpcClientProtocolService.java:<init>(175)) - new 62-OrderedRequestStreamObserver62
2019-09-24 16:17:09,359 DEBUG client.GrpcClientProtocolService (GrpcClientProtocolService.java:sendReply(353)) - 62-OrderedRequestStreamObserver62: sendReply seq=1, RaftClientReply:client-DE317CF077D2->s2@group-E77E9FD8E08A, cid=1023, FAILED org.apache.ratis.protocol.LeaderNotReadyException: s2@group-E77E9FD8E08A is in LEADER state but not ready yet., logIndex=0, commits[s2:c-1, s0:c-1, s1:c-1]
2019-09-24 16:17:09,383 WARN  server.GrpcLogAppender (GrpcLogAppender.java:timeoutAppendRequest(200)) - s2@group-E77E9FD8E08A->s0-GrpcLogAppender: appendEntries Timeout, request=s2->s0#139-t3, previous=(t:3, i:0), leaderCommit=-1, initializing? false, entries: <empty>
2019-09-24 16:17:09,384 WARN  server.GrpcLogAppender (GrpcLogAppender.java:timeoutAppendRequest(200)) - s2@group-E77E9FD8E08A->s1-GrpcLogAppender: appendEntries Timeout, request=s2->s1#139-t3, previous=(t:3, i:0), leaderCommit=-1, initializing? false, entries: <empty>
2019-09-24 16:17:09,429 WARN  server.GrpcLogAppender (GrpcLogAppender.java:timeoutAppendRequest(200)) - s2@group-5C26748AB2B1->s1-GrpcLogAppender: appendEntries Timeout, request=s2->s1#1809-t3, previous=(t:3, i:1328), leaderCommit=1328, initializing? false, entries: size=1, first=(t:3, i:1329), METADATAENTRY(c1328)
2019-09-24 16:17:09,429 WARN  server.GrpcLogAppender (GrpcLogAppender.java:timeoutAppendRequest(200)) - s2@group-5C26748AB2B1->s0-GrpcLogAppender: appendEntries Timeout, request=s2->s0#1641-t3, previous=(t:3, i:1328), leaderCommit=1328, initializing? false, entries: size=1, first=(t:3, i:1329), METADATAENTRY(c1328)
2019-09-24 16:17:09,458 WARN  server.GrpcLogAppender (GrpcLogAppender.java:timeoutAppendRequest(200)) - s2@group-E77E9FD8E08A->s0-GrpcLogAppender: appendEntries Timeout, request=s2->s0#140-t3, previous=(t:3, i:0), leaderCommit=-1, initializing? false, entries: <empty>
2019-09-24 16:17:09,459 WARN  server.GrpcLogAppender (GrpcLogAppender.java:timeoutAppendRequest(200)) - s2@group-E77E9FD8E08A->s1-GrpcLogAppender: appendEntries Timeout, request=s2->s1#140-t3, previous=(t:3, i:0), leaderCommit=-1, initializing? false, entries: <empty>
2019-09-24 16:17:09,460 DEBUG client.GrpcClientProtocolService (GrpcClientProtocolService.java:close(374)) - 62-OrderedRequestStreamObserver62: close
2019-09-24 16:17:09,498 WARN  server.GrpcLogAppender (GrpcLogAppender.java:timeoutAppendRequest(200)) - s2@group-5C26748AB2B1->s1-GrpcLogAppender: appendEntries Timeout, request=s2->s1#1810-t3, previous=(t:3, i:1329), leaderCommit=1328, initializing? false, entries: size=1, first=(t:3, i:1330), STATEMACHINELOGENTRY, client-EDB41257C35F, cid=1024
2019-09-24 16:17:09,498 WARN  server.GrpcLogAppender (GrpcLogAppender.java:timeoutAppendRequest(200)) - s2@group-5C26748AB2B1->s0-GrpcLogAppender: appendEntries Timeout, request=s2->s0#1642-t3, previous=(t:3, i:1329), leaderCommit=1328, initializing? false, entries: size=1, first=(t:3, i:1330), STATEMACHINELOGENTRY, client-EDB41257C35F, cid=1024
2019-09-24 16:17:09,499 WARN  server.GrpcLogAppender (GrpcLogAppender.java:timeoutAppendRequest(200)) - s2@group-5C26748AB2B1->s1-GrpcLogAppender: appendEntries Timeout, request=s2->s1#1811-t3, previous=(t:3, i:1330), leaderCommit=1328, initializing? false, entries: size=1, first=(t:3, i:1331), STATEMACHINELOGENTRY, client-EDB41257C35F, cid=1025
2019-09-24 16:17:09,499 WARN  server.GrpcLogAppender (GrpcLogAppender.java:timeoutAppendRequest(200)) - s2@group-5C26748AB2B1->s0-GrpcLogAppender: appendEntries Timeout, request=s2->s0#1643-t3, previous=(t:3, i:1330), leaderCommit=1328, initializing? false, entries: size=1, first=(t:3, i:1331), STATEMACHINELOGENTRY, client-EDB41257C35F, cid=1025
2019-09-24 16:17:09,499 WARN  server.GrpcLogAppender (GrpcLogAppender.java:timeoutAppendRequest(200)) - s2@group-5C26748AB2B1->s1-GrpcLogAppender: appendEntries Timeout, request=s2->s1#1812-t3, previous=(t:3, i:1331), leaderCommit=1328, initializing? false, entries: size=1, first=(t:3, i:1332), STATEMACHINELOGENTRY, client-EDB41257C35F, cid=1026
2019-09-24 16:17:09,499 WARN  server.GrpcLogAppender (GrpcLogAppender.java:timeoutAppendRequest(200)) - s2@group-5C26748AB2B1->s0-GrpcLogAppender: appendEntries Timeout, request=s2->s0#1644-t3, previous=(t:3, i:1331), leaderCommit=1328, initializing? false, entries: size=1, first=(t:3, i:1332), STATEMACHINELOGENTRY, client-EDB41257C35F, cid=1026
2019-09-24 16:17:09,499 WARN  server.GrpcLogAppender (GrpcLogAppender.java:timeoutAppendRequest(200)) - s2@group-5C26748AB2B1->s1-GrpcLogAppender: appendEntries Timeout, request=s2->s1#1813-t3, previous=(t:3, i:1332), leaderCommit=1328, initializing? false, entries: size=1, first=(t:3, i:1333), STATEMACHINELOGENTRY, client-EDB41257C35F, cid=1027
2019-09-24 16:17:09,499 WARN  server.GrpcLogAppender (GrpcLogAppender.java:timeoutAppendRequest(200)) - s2@group-5C26748AB2B1->s0-GrpcLogAppender: appendEntries Timeout, request=s2->s0#1645-t3, previous=(t:3, i:1332), leaderCommit=1328, initializing? false, entries: size=1, first=(t:3, i:1333), STATEMACHINELOGENTRY, client-EDB41257C35F, cid=1027
2019-09-24 16:17:09,499 WARN  server.GrpcLogAppender (GrpcLogAppender.java:timeoutAppendRequest(200)) - s2@group-5C26748AB2B1->s1-GrpcLogAppender: appendEntries Timeout, request=s2->s1#1814-t3, previous=(t:3, i:1333), leaderCommit=1328, initializing? false, entries: size=1, first=(t:3, i:1334), STATEMACHINELOGENTRY, client-EDB41257C35F, cid=1028
2019-09-24 16:17:09,499 WARN  server.GrpcLogAppender (GrpcLogAppender.java:timeoutAppendRequest(200)) - s2@group-5C26748AB2B1->s0-GrpcLogAppender: appendEntries Timeout, request=s2->s0#1646-t3, previous=(t:3, i:1333), leaderCommit=1328, initializing? false, entries: size=1, first=(t:3, i:1334), STATEMACHINELOGENTRY, client-EDB41257C35F, cid=1028
2019-09-24 16:17:09,500 WARN  server.GrpcLogAppender (GrpcLogAppender.java:timeoutAppendRequest(200)) - s2@group-5C26748AB2B1->s1-GrpcLogAppender: appendEntries Timeout, request=s2->s1#1815-t3, previous=(t:3, i:1334), leaderCommit=1328, initializing? false, entries: size=1, first=(t:3, i:1335), STATEMACHINELOGENTRY, client-EDB41257C35F, cid=1029
2019-09-24 16:17:09,500 WARN  server.GrpcLogAppender (GrpcLogAppender.java:timeoutAppendRequest(200)) - s2@group-5C26748AB2B1->s0-GrpcLogAppender: appendEntries Timeout, request=s2->s0#1647-t3, previous=(t:3, i:1334), leaderCommit=1328, initializing? false, entries: size=1, first=(t:3, i:1335), STATEMACHINELOGENTRY, client-EDB41257C35F, cid=1029
2019-09-24 16:17:09,500 WARN  server.GrpcLogAppender (GrpcLogAppender.java:timeoutAppendRequest(200)) - s2@group-5C26748AB2B1->s1-GrpcLogAppender: appendEntries Timeout, request=s2->s1#1816-t3, previous=(t:3, i:1335), leaderCommit=1328, initializing? false, entries: size=1, first=(t:3, i:1336), STATEMACHINELOGENTRY, client-EDB41257C35F, cid=1030
2019-09-24 16:17:09,500 WARN  server.GrpcLogAppender (GrpcLogAppender.java:timeoutAppendRequest(200)) - s2@group-5C26748AB2B1->s0-GrpcLogAppender: appendEntries Timeout, request=s2->s0#1648-t3, previous=(t:3, i:1335), leaderCommit=1328, initializing? false, entries: size=1, first=(t:3, i:1336), STATEMACHINELOGENTRY, client-EDB41257C35F, cid=1030
2019-09-24 16:17:09,500 WARN  server.GrpcLogAppender (GrpcLogAppender.java:timeoutAppendRequest(200)) - s2@group-5C26748AB2B1->s1-GrpcLogAppender: appendEntries Timeout, request=s2->s1#1817-t3, previous=(t:3, i:1336), leaderCommit=1328, initializing? false, entries: size=1, first=(t:3, i:1337), STATEMACHINELOGENTRY, client-EDB41257C35F, cid=1031
2019-09-24 16:17:09,500 WARN  server.GrpcLogAppender (GrpcLogAppender.java:timeoutAppendRequest(200)) - s2@group-5C26748AB2B1->s0-GrpcLogAppender: appendEntries Timeout, request=s2->s0#1649-t3, previous=(t:3, i:1336), leaderCommit=1328, initializing? false, entries: size=1, first=(t:3, i:1337), STATEMACHINELOGENTRY, client-EDB41257C35F, cid=1031
2019-09-24 16:17:09,500 WARN  server.GrpcLogAppender (GrpcLogAppender.java:timeoutAppendRequest(200)) - s2@group-5C26748AB2B1->s1-GrpcLogAppender: appendEntries Timeout, request=s2->s1#1818-t3, previous=(t:3, i:1337), leaderCommit=1328, initializing? false, entries: size=1, first=(t:3, i:1338), STATEMACHINELOGENTRY, client-EDB41257C35F, cid=1032
2019-09-24 16:17:09,500 WARN  server.GrpcLogAppender (GrpcLogAppender.java:timeoutAppendRequest(200)) - s2@group-5C26748AB2B1->s0-GrpcLogAppender: appendEntries Timeout, request=s2->s0#1650-t3, previous=(t:3, i:1337), leaderCommit=1328, initializing? false, entries: size=1, first=(t:3, i:1338), STATEMACHINELOGENTRY, client-EDB41257C35F, cid=1032
2019-09-24 16:17:09,500 WARN  server.GrpcLogAppender (GrpcLogAppender.java:timeoutAppendRequest(200)) - s2@group-5C26748AB2B1->s1-GrpcLogAppender: appendEntries Timeout, request=s2->s1#1819-t3, previous=(t:3, i:1338), leaderCommit=1328, initializing? false, entries: size=1, first=(t:3, i:1339), STATEMACHINELOGENTRY, client-EDB41257C35F, cid=1033
2019-09-24 16:17:09,501 WARN  server.GrpcLogAppender (GrpcLogAppender.java:timeoutAppendRequest(200)) - s2@group-5C26748AB2B1->s0-GrpcLogAppender: appendEntries Timeout, request=s2->s0#1651-t3, previous=(t:3, i:1338), leaderCommit=1328, initializing? false, entries: size=1, first=(t:3, i:1339), STATEMACHINELOGENTRY, client-EDB41257C35F, cid=1033
2019-09-24 16:17:09,501 WARN  server.GrpcLogAppender (GrpcLogAppender.java:timeoutAppendRequest(200)) - s2@group-5C26748AB2B1->s1-GrpcLogAppender: appendEntries Timeout, request=s2->s1#1820-t3, previous=(t:3, i:1339), leaderCommit=1328, initializing? false, entries: size=1, first=(t:3, i:1340), STATEMACHINELOGENTRY, client-EDB41257C35F, cid=1034
2019-09-24 16:17:09,501 WARN  server.GrpcLogAppender (GrpcLogAppender.java:timeoutAppendRequest(200)) - s2@group-5C26748AB2B1->s0-GrpcLogAppender: appendEntries Timeout, request=s2->s0#1652-t3, previous=(t:3, i:1339), leaderCommit=1328, initializing? false, entries: size=1, first=(t:3, i:1340), STATEMACHINELOGENTRY, client-EDB41257C35F, cid=1034
2019-09-24 16:17:09,501 WARN  server.GrpcLogAppender (GrpcLogAppender.java:timeoutAppendRequest(200)) - s2@group-5C26748AB2B1->s1-GrpcLogAppender: appendEntries Timeout, request=s2->s1#1821-t3, previous=(t:3, i:1340), leaderCommit=1328, initializing? false, entries: size=1, first=(t:3, i:1341), STATEMACHINELOGENTRY, client-EDB41257C35F, cid=1035
2019-09-24 16:17:09,501 WARN  server.GrpcLogAppender (GrpcLogAppender.java:timeoutAppendRequest(200)) - s2@group-5C26748AB2B1->s0-GrpcLogAppender: appendEntries Timeout, request=s2->s0#1653-t3, previous=(t:3, i:1340), leaderCommit=1328, initializing? false, entries: size=1, first=(t:3, i:1341), STATEMACHINELOGENTRY, client-EDB41257C35F, cid=1035
2019-09-24 16:17:09,501 WARN  server.GrpcLogAppender (GrpcLogAppender.java:timeoutAppendRequest(200)) - s2@group-5C26748AB2B1->s1-GrpcLogAppender: appendEntries Timeout, request=s2->s1#1822-t3, previous=(t:3, i:1341), leaderCommit=1328, initializing? false, entries: size=1, first=(t:3, i:1342), STATEMACHINELOGENTRY, client-EDB41257C35F, cid=1036
2019-09-24 16:17:09,501 WARN  server.GrpcLogAppender (GrpcLogAppender.java:timeoutAppendRequest(200)) - s2@group-5C26748AB2B1->s0-GrpcLogAppender: appendEntries Timeout, request=s2->s0#1654-t3, previous=(t:3, i:1341), leaderCommit=1328, initializing? false, entries: size=1, first=(t:3, i:1342), STATEMACHINELOGENTRY, client-EDB41257C35F, cid=1036
2019-09-24 16:17:09,502 WARN  server.GrpcLogAppender (GrpcLogAppender.java:timeoutAppendRequest(200)) - s2@group-5C26748AB2B1->s1-GrpcLogAppender: appendEntries Timeout, request=s2->s1#1823-t3, previous=(t:3, i:1342), leaderCommit=1328, initializing? false, entries: size=1, first=(t:3, i:1343), STATEMACHINELOGENTRY, client-EDB41257C35F, cid=1037
2019-09-24 16:17:09,502 WARN  server.GrpcLogAppender (GrpcLogAppender.java:timeoutAppendRequest(200)) - s2@group-5C26748AB2B1->s0-GrpcLogAppender: appendEntries Timeout, request=s2->s0#1655-t3, previous=(t:3, i:1342), leaderCommit=1328, initializing? false, entries: size=1, first=(t:3, i:1343), STATEMACHINELOGENTRY, client-EDB41257C35F, cid=1037
2019-09-24 16:17:09,502 WARN  server.GrpcLogAppender (GrpcLogAppender.java:timeoutAppendRequest(200)) - s2@group-5C26748AB2B1->s1-GrpcLogAppender: appendEntries Timeout, request=s2->s1#1824-t3, previous=(t:3, i:1343), leaderCommit=1328, initializing? false, entries: size=1, first=(t:3, i:1344), STATEMACHINELOGENTRY, client-EDB41257C35F, cid=1038
2019-09-24 16:17:09,502 WARN  server.GrpcLogAppender (GrpcLogAppender.java:timeoutAppendRequest(200)) - s2@group-5C26748AB2B1->s0-GrpcLogAppender: appendEntries Timeout, request=s2->s0#1656-t3, previous=(t:3, i:1343), leaderCommit=1328, initializing? false, entries: size=1, first=(t:3, i:1344), STATEMACHINELOGENTRY, client-EDB41257C35F, cid=1038
2019-09-24 16:17:09,502 WARN  server.GrpcLogAppender (GrpcLogAppender.java:timeoutAppendRequest(200)) - s2@group-5C26748AB2B1->s1-GrpcLogAppender: appendEntries Timeout, request=s2->s1#1825-t3, previous=(t:3, i:1344), leaderCommit=1328, initializing? false, entries: size=1, first=(t:3, i:1345), STATEMACHINELOGENTRY, client-EDB41257C35F, cid=1039
2019-09-24 16:17:09,502 WARN  server.GrpcLogAppender (GrpcLogAppender.java:timeoutAppendRequest(200)) - s2@group-5C26748AB2B1->s0-GrpcLogAppender: appendEntries Timeout, request=s2->s0#1657-t3, previous=(t:3, i:1344), leaderCommit=1328, initializing? false, entries: size=1, first=(t:3, i:1345), STATEMACHINELOGENTRY, client-EDB41257C35F, cid=1039
2019-09-24 16:17:09,502 WARN  server.GrpcLogAppender (GrpcLogAppender.java:timeoutAppendRequest(200)) - s2@group-5C26748AB2B1->s1-GrpcLogAppender: appendEntries Timeout, request=s2->s1#1826-t3, previous=(t:3, i:1345), leaderCommit=1328, initializing? false, entries: size=1, first=(t:3, i:1346), STATEMACHINELOGENTRY, client-EDB41257C35F, cid=1040
2019-09-24 16:17:09,502 WARN  server.GrpcLogAppender (GrpcLogAppender.java:timeoutAppendRequest(200)) - s2@group-5C26748AB2B1->s0-GrpcLogAppender: appendEntries Timeout, request=s2->s0#1658-t3, previous=(t:3, i:1345), leaderCommit=1328, initializing? false, entries: size=1, first=(t:3, i:1346), STATEMACHINELOGENTRY, client-EDB41257C35F, cid=1040
2019-09-24 16:17:09,503 WARN  server.GrpcLogAppender (GrpcLogAppender.java:timeoutAppendRequest(200)) - s2@group-5C26748AB2B1->s1-GrpcLogAppender: appendEntries Timeout, request=s2->s1#1827-t3, previous=(t:3, i:1346), leaderCommit=1328, initializing? false, entries: size=1, first=(t:3, i:1347), STATEMACHINELOGENTRY, client-EDB41257C35F, cid=1041
2019-09-24 16:17:09,503 WARN  server.GrpcLogAppender (GrpcLogAppender.java:timeoutAppendRequest(200)) - s2@group-5C26748AB2B1->s0-GrpcLogAppender: appendEntries Timeout, request=s2->s0#1659-t3, previous=(t:3, i:1346), leaderCommit=1328, initializing? false, entries: size=1, first=(t:3, i:1347), STATEMACHINELOGENTRY, client-EDB41257C35F, cid=1041
2019-09-24 16:17:09,503 WARN  server.GrpcLogAppender (GrpcLogAppender.java:timeoutAppendRequest(200)) - s2@group-5C26748AB2B1->s1-GrpcLogAppender: appendEntries Timeout, request=s2->s1#1828-t3, previous=(t:3, i:1347), leaderCommit=1328, initializing? false, entries: size=1, first=(t:3, i:1348), STATEMACHINELOGENTRY, client-EDB41257C35F, cid=1042
2019-09-24 16:17:09,503 WARN  server.GrpcLogAppender (GrpcLogAppender.java:timeoutAppendRequest(200)) - s2@group-5C26748AB2B1->s0-GrpcLogAppender: appendEntries Timeout, request=s2->s0#1660-t3, previous=(t:3, i:1347), leaderCommit=1328, initializing? false, entries: size=1, first=(t:3, i:1348), STATEMACHINELOGENTRY, client-EDB41257C35F, cid=1042
2019-09-24 16:17:09,503 WARN  server.GrpcLogAppender (GrpcLogAppender.java:timeoutAppendRequest(200)) - s2@group-5C26748AB2B1->s1-GrpcLogAppender: appendEntries Timeout, request=s2->s1#1829-t3, previous=(t:3, i:1348), leaderCommit=1328, initializing? false, entries: size=1, first=(t:3, i:1349), STATEMACHINELOGENTRY, client-EDB41257C35F, cid=1043
2019-09-24 16:17:09,503 WARN  server.GrpcLogAppender (GrpcLogAppender.java:timeoutAppendRequest(200)) - s2@group-5C26748AB2B1->s0-GrpcLogAppender: appendEntries Timeout, request=s2->s0#1661-t3, previous=(t:3, i:1348), leaderCommit=1328, initializing? false, entries: size=1, first=(t:3, i:1349), STATEMACHINELOGENTRY, client-EDB41257C35F, cid=1043
2019-09-24 16:17:09,503 WARN  server.GrpcLogAppender (GrpcLogAppender.java:timeoutAppendRequest(200)) - s2@group-5C26748AB2B1->s1-GrpcLogAppender: appendEntries Timeout, request=s2->s1#1830-t3, previous=(t:3, i:1349), leaderCommit=1328, initializing? false, entries: size=1, first=(t:3, i:1350), STATEMACHINELOGENTRY, client-EDB41257C35F, cid=1044
2019-09-24 16:17:09,503 WARN  server.GrpcLogAppender (GrpcLogAppender.java:timeoutAppendRequest(200)) - s2@group-5C26748AB2B1->s0-GrpcLogAppender: appendEntries Timeout, request=s2->s0#1662-t3, previous=(t:3, i:1349), leaderCommit=1328, initializing? false, entries: size=1, first=(t:3, i:1350), STATEMACHINELOGENTRY, client-EDB41257C35F, cid=1044
2019-09-24 16:17:09,504 WARN  server.GrpcLogAppender (GrpcLogAppender.java:timeoutAppendRequest(200)) - s2@group-5C26748AB2B1->s1-GrpcLogAppender: appendEntries Timeout, request=s2->s1#1831-t3, previous=(t:3, i:1350), leaderCommit=1328, initializing? false, entries: size=1, first=(t:3, i:1351), STATEMACHINELOGENTRY, client-EDB41257C35F, cid=1045
2019-09-24 16:17:09,504 WARN  server.GrpcLogAppender (GrpcLogAppender.java:timeoutAppendRequest(200)) - s2@group-5C26748AB2B1->s0-GrpcLogAppender: appendEntries Timeout, request=s2->s0#1663-t3, previous=(t:3, i:1350), leaderCommit=1328, initializing? false, entries: size=1, first=(t:3, i:1351), STATEMACHINELOGENTRY, client-EDB41257C35F, cid=1045
2019-09-24 16:17:09,504 WARN  server.GrpcLogAppender (GrpcLogAppender.java:timeoutAppendRequest(200)) - s2@group-5C26748AB2B1->s1-GrpcLogAppender: appendEntries Timeout, request=s2->s1#1832-t3, previous=(t:3, i:1351), leaderCommit=1328, initializing? false, entries: size=1, first=(t:3, i:1352), STATEMACHINELOGENTRY, client-EDB41257C35F, cid=1046
2019-09-24 16:17:09,504 WARN  server.GrpcLogAppender (GrpcLogAppender.java:timeoutAppendRequest(200)) - s2@group-5C26748AB2B1->s0-GrpcLogAppender: appendEntries Timeout, request=s2->s0#1664-t3, previous=(t:3, i:1351), leaderCommit=1328, initializing? false, entries: size=1, first=(t:3, i:1352), STATEMACHINELOGENTRY, client-EDB41257C35F, cid=1046
2019-09-24 16:17:09,504 WARN  server.GrpcLogAppender (GrpcLogAppender.java:timeoutAppendRequest(200)) - s2@group-5C26748AB2B1->s1-GrpcLogAppender: appendEntries Timeout, request=s2->s1#1833-t3, previous=(t:3, i:1352), leaderCommit=1328, initializing? false, entries: size=1, first=(t:3, i:1353), STATEMACHINELOGENTRY, client-EDB41257C35F, cid=1047
2019-09-24 16:17:09,504 WARN  server.GrpcLogAppender (GrpcLogAppender.java:timeoutAppendRequest(200)) - s2@group-5C26748AB2B1->s0-GrpcLogAppender: appendEntries Timeout, request=s2->s0#1665-t3, previous=(t:3, i:1352), leaderCommit=1328, initializing? false, entries: size=1, first=(t:3, i:1353), STATEMACHINELOGENTRY, client-EDB41257C35F, cid=1047
2019-09-24 16:17:09,504 WARN  server.GrpcLogAppender (GrpcLogAppender.java:timeoutAppendRequest(200)) - s2@group-5C26748AB2B1->s1-GrpcLogAppender: appendEntries Timeout, request=s2->s1#1834-t3, previous=(t:3, i:1353), leaderCommit=1328, initializing? false, entries: size=1, first=(t:3, i:1354), STATEMACHINELOGENTRY, client-EDB41257C35F, cid=1048
2019-09-24 16:17:09,504 WARN  server.GrpcLogAppender (GrpcLogAppender.java:timeoutAppendRequest(200)) - s2@group-5C26748AB2B1->s0-GrpcLogAppender: appendEntries Timeout, request=s2->s0#1666-t3, previous=(t:3, i:1353), leaderCommit=1328, initializing? false, entries: size=1, first=(t:3, i:1354), STATEMACHINELOGENTRY, client-EDB41257C35F, cid=1048
2019-09-24 16:17:09,504 WARN  server.GrpcLogAppender (GrpcLogAppender.java:timeoutAppendRequest(200)) - s2@group-5C26748AB2B1->s1-GrpcLogAppender: appendEntries Timeout, request=s2->s1#1835-t3, previous=(t:3, i:1354), leaderCommit=1328, initializing? false, entries: size=1, first=(t:3, i:1355), STATEMACHINELOGENTRY, client-EDB41257C35F, cid=1049
2019-09-24 16:17:09,505 WARN  server.GrpcLogAppender (GrpcLogAppender.java:timeoutAppendRequest(200)) - s2@group-5C26748AB2B1->s0-GrpcLogAppender: appendEntries Timeout, request=s2->s0#1667-t3, previous=(t:3, i:1354), leaderCommit=1328, initializing? false, entries: size=1, first=(t:3, i:1355), STATEMACHINELOGENTRY, client-EDB41257C35F, cid=1049
2019-09-24 16:17:09,505 WARN  server.GrpcLogAppender (GrpcLogAppender.java:timeoutAppendRequest(200)) - s2@group-5C26748AB2B1->s1-GrpcLogAppender: appendEntries Timeout, request=s2->s1#1836-t3, previous=(t:3, i:1355), leaderCommit=1328, initializing? false, entries: size=1, first=(t:3, i:1356), STATEMACHINELOGENTRY, client-EDB41257C35F, cid=1050
2019-09-24 16:17:09,505 WARN  server.GrpcLogAppender (GrpcLogAppender.java:timeoutAppendRequest(200)) - s2@group-5C26748AB2B1->s0-GrpcLogAppender: appendEntries Timeout, request=s2->s0#1668-t3, previous=(t:3, i:1355), leaderCommit=1328, initializing? false, entries: size=1, first=(t:3, i:1356), STATEMACHINELOGENTRY, client-EDB41257C35F, cid=1050
2019-09-24 16:17:09,505 WARN  server.GrpcLogAppender (GrpcLogAppender.java:timeoutAppendRequest(200)) - s2@group-5C26748AB2B1->s1-GrpcLogAppender: appendEntries Timeout, request=s2->s1#1837-t3, previous=(t:3, i:1356), leaderCommit=1328, initializing? false, entries: size=1, first=(t:3, i:1357), STATEMACHINELOGENTRY, client-EDB41257C35F, cid=1051
2019-09-24 16:17:09,505 WARN  server.GrpcLogAppender (GrpcLogAppender.java:timeoutAppendRequest(200)) - s2@group-5C26748AB2B1->s0-GrpcLogAppender: appendEntries Timeout, request=s2->s0#1669-t3, previous=(t:3, i:1356), leaderCommit=1328, initializing? false, entries: size=1, first=(t:3, i:1357), STATEMACHINELOGENTRY, client-EDB41257C35F, cid=1051
2019-09-24 16:17:09,505 WARN  server.GrpcLogAppender (GrpcLogAppender.java:timeoutAppendRequest(200)) - s2@group-5C26748AB2B1->s1-GrpcLogAppender: appendEntries Timeout, request=s2->s1#1838-t3, previous=(t:3, i:1357), leaderCommit=1328, initializing? false, entries: size=1, first=(t:3, i:1358), STATEMACHINELOGENTRY, client-EDB41257C35F, cid=1052
2019-09-24 16:17:09,505 WARN  server.GrpcLogAppender (GrpcLogAppender.java:timeoutAppendRequest(200)) - s2@group-5C26748AB2B1->s0-GrpcLogAppender: appendEntries Timeout, request=s2->s0#1670-t3, previous=(t:3, i:1357), leaderCommit=1328, initializing? false, entries: size=1, first=(t:3, i:1358), STATEMACHINELOGENTRY, client-EDB41257C35F, cid=1052
2019-09-24 16:17:09,505 WARN  server.GrpcLogAppender (GrpcLogAppender.java:timeoutAppendRequest(200)) - s2@group-5C26748AB2B1->s1-GrpcLogAppender: appendEntries Timeout, request=s2->s1#1839-t3, previous=(t:3, i:1358), leaderCommit=1328, initializing? false, entries: size=1, first=(t:3, i:1359), STATEMACHINELOGENTRY, client-EDB41257C35F, cid=1053
2019-09-24 16:17:09,506 WARN  server.GrpcLogAppender (GrpcLogAppender.java:timeoutAppendRequest(200)) - s2@group-5C26748AB2B1->s0-GrpcLogAppender: appendEntries Timeout, request=s2->s0#1671-t3, previous=(t:3, i:1358), leaderCommit=1328, initializing? false, entries: size=1, first=(t:3, i:1359), STATEMACHINELOGENTRY, client-EDB41257C35F, cid=1053
2019-09-24 16:17:09,506 WARN  server.GrpcLogAppender (GrpcLogAppender.java:timeoutAppendRequest(200)) - s2@group-5C26748AB2B1->s1-GrpcLogAppender: appendEntries Timeout, request=s2->s1#1840-t3, previous=(t:3, i:1359), leaderCommit=1328, initializing? false, entries: size=1, first=(t:3, i:1360), STATEMACHINELOGENTRY, client-EDB41257C35F, cid=1054
2019-09-24 16:17:09,506 WARN  server.GrpcLogAppender (GrpcLogAppender.java:timeoutAppendRequest(200)) - s2@group-5C26748AB2B1->s0-GrpcLogAppender: appendEntries Timeout, request=s2->s0#1672-t3, previous=(t:3, i:1359), leaderCommit=1328, initializing? false, entries: size=1, first=(t:3, i:1360), STATEMACHINELOGENTRY, client-EDB41257C35F, cid=1054
2019-09-24 16:17:09,506 WARN  server.GrpcLogAppender (GrpcLogAppender.java:timeoutAppendRequest(200)) - s2@group-5C26748AB2B1->s1-GrpcLogAppender: appendEntries Timeout, request=s2->s1#1841-t3, previous=(t:3, i:1360), leaderCommit=1328, initializing? false, entries: size=1, first=(t:3, i:1361), STATEMACHINELOGENTRY, client-EDB41257C35F, cid=1055
2019-09-24 16:17:09,506 WARN  server.GrpcLogAppender (GrpcLogAppender.java:timeoutAppendRequest(200)) - s2@group-5C26748AB2B1->s0-GrpcLogAppender: appendEntries Timeout, request=s2->s0#1673-t3, previous=(t:3, i:1360), leaderCommit=1328, initializing? false, entries: size=1, first=(t:3, i:1361), STATEMACHINELOGENTRY, client-EDB41257C35F, cid=1055
2019-09-24 16:17:09,506 WARN  server.GrpcLogAppender (GrpcLogAppender.java:timeoutAppendRequest(200)) - s2@group-5C26748AB2B1->s1-GrpcLogAppender: appendEntries Timeout, request=s2->s1#1842-t3, previous=(t:3, i:1361), leaderCommit=1328, initializing? false, entries: size=1, first=(t:3, i:1362), STATEMACHINELOGENTRY, client-EDB41257C35F, cid=1056
2019-09-24 16:17:09,506 WARN  server.GrpcLogAppender (GrpcLogAppender.java:timeoutAppendRequest(200)) - s2@group-5C26748AB2B1->s0-GrpcLogAppender: appendEntries Timeout, request=s2->s0#1674-t3, previous=(t:3, i:1361), leaderCommit=1328, initializing? false, entries: size=1, first=(t:3, i:1362), STATEMACHINELOGENTRY, client-EDB41257C35F, cid=1056
2019-09-24 16:17:09,506 WARN  server.GrpcLogAppender (GrpcLogAppender.java:timeoutAppendRequest(200)) - s2@group-5C26748AB2B1->s1-GrpcLogAppender: appendEntries Timeout, request=s2->s1#1843-t3, previous=(t:3, i:1362), leaderCommit=1328, initializing? false, entries: size=1, first=(t:3, i:1363), STATEMACHINELOGENTRY, client-EDB41257C35F, cid=1057
2019-09-24 16:17:09,506 WARN  server.GrpcLogAppender (GrpcLogAppender.java:timeoutAppendRequest(200)) - s2@group-5C26748AB2B1->s0-GrpcLogAppender: appendEntries Timeout, request=s2->s0#1675-t3, previous=(t:3, i:1362), leaderCommit=1328, initializing? false, entries: size=1, first=(t:3, i:1363), STATEMACHINELOGENTRY, client-EDB41257C35F, cid=1057
2019-09-24 16:17:09,506 WARN  server.GrpcLogAppender (GrpcLogAppender.java:timeoutAppendRequest(200)) - s2@group-5C26748AB2B1->s1-GrpcLogAppender: appendEntries Timeout, request=s2->s1#1844-t3, previous=(t:3, i:1363), leaderCommit=1328, initializing? false, entries: size=1, first=(t:3, i:1364), STATEMACHINELOGENTRY, client-EDB41257C35F, cid=1058
2019-09-24 16:17:09,507 WARN  server.GrpcLogAppender (GrpcLogAppender.java:timeoutAppendRequest(200)) - s2@group-5C26748AB2B1->s0-GrpcLogAppender: appendEntries Timeout, request=s2->s0#1676-t3, previous=(t:3, i:1363), leaderCommit=1328, initializing? false, entries: size=1, first=(t:3, i:1364), STATEMACHINELOGENTRY, client-EDB41257C35F, cid=1058
2019-09-24 16:17:09,507 WARN  server.GrpcLogAppender (GrpcLogAppender.java:timeoutAppendRequest(200)) - s2@group-5C26748AB2B1->s1-GrpcLogAppender: appendEntries Timeout, request=s2->s1#1845-t3, previous=(t:3, i:1364), leaderCommit=1328, initializing? false, entries: size=1, first=(t:3, i:1365), STATEMACHINELOGENTRY, client-EDB41257C35F, cid=1059
2019-09-24 16:17:09,507 WARN  server.GrpcLogAppender (GrpcLogAppender.java:timeoutAppendRequest(200)) - s2@group-5C26748AB2B1->s1-GrpcLogAppender: appendEntries Timeout, request=s2->s1#1846-t3, previous=(t:3, i:1365), leaderCommit=1328, initializing? false, entries: size=1, first=(t:3, i:1366), STATEMACHINELOGENTRY, client-EDB41257C35F, cid=1060
2019-09-24 16:17:09,507 WARN  server.GrpcLogAppender (GrpcLogAppender.java:timeoutAppendRequest(200)) - s2@group-5C26748AB2B1->s0-GrpcLogAppender: appendEntries Timeout, request=s2->s0#1677-t3, previous=(t:3, i:1364), leaderCommit=1328, initializing? false, entries: size=2, first=(t:3, i:1365), STATEMACHINELOGENTRY, client-EDB41257C35F, cid=1059
2019-09-24 16:17:09,507 WARN  server.GrpcLogAppender (GrpcLogAppender.java:timeoutAppendRequest(200)) - s2@group-5C26748AB2B1->s1-GrpcLogAppender: appendEntries Timeout, request=s2->s1#1847-t3, previous=(t:3, i:1366), leaderCommit=1328, initializing? false, entries: size=1, first=(t:3, i:1367), STATEMACHINELOGENTRY, client-EDB41257C35F, cid=1061
2019-09-24 16:17:09,507 WARN  server.GrpcLogAppender (GrpcLogAppender.java:timeoutAppendRequest(200)) - s2@group-5C26748AB2B1->s0-GrpcLogAppender: appendEntries Timeout, request=s2->s0#1678-t3, previous=(t:3, i:1366), leaderCommit=1328, initializing? false, entries: size=1, first=(t:3, i:1367), STATEMACHINELOGENTRY, client-EDB41257C35F, cid=1061
2019-09-24 16:17:09,507 WARN  server.GrpcLogAppender (GrpcLogAppender.java:timeoutAppendRequest(200)) - s2@group-5C26748AB2B1->s1-GrpcLogAppender: appendEntries Timeout, request=s2->s1#1848-t3, previous=(t:3, i:1367), leaderCommit=1328, initializing? false, entries: size=1, first=(t:3, i:1368), STATEMACHINELOGENTRY, client-EDB41257C35F, cid=1062
2019-09-24 16:17:09,507 WARN  server.GrpcLogAppender (GrpcLogAppender.java:timeoutAppendRequest(200)) - s2@group-5C26748AB2B1->s0-GrpcLogAppender: appendEntries Timeout, request=s2->s0#1679-t3, previous=(t:3, i:1367), leaderCommit=1328, initializing? false, entries: size=1, first=(t:3, i:1368), STATEMACHINELOGENTRY, client-EDB41257C35F, cid=1062
2019-09-24 16:17:09,507 WARN  server.GrpcLogAppender (GrpcLogAppender.java:timeoutAppendRequest(200)) - s2@group-5C26748AB2B1->s1-GrpcLogAppender: appendEntries Timeout, request=s2->s1#1849-t3, previous=(t:3, i:1368), leaderCommit=1328, initializing? false, entries: size=1, first=(t:3, i:1369), STATEMACHINELOGENTRY, client-EDB41257C35F, cid=1063
2019-09-24 16:17:09,508 WARN  server.GrpcLogAppender (GrpcLogAppender.java:timeoutAppendRequest(200)) - s2@group-5C26748AB2B1->s0-GrpcLogAppender: appendEntries Timeout, request=s2->s0#1680-t3, previous=(t:3, i:1368), leaderCommit=1328, initializing? false, entries: size=1, first=(t:3, i:1369), STATEMACHINELOGENTRY, client-EDB41257C35F, cid=1063
2019-09-24 16:17:09,508 WARN  server.GrpcLogAppender (GrpcLogAppender.java:timeoutAppendRequest(200)) - s2@group-5C26748AB2B1->s1-GrpcLogAppender: appendEntries Timeout, request=s2->s1#1850-t3, previous=(t:3, i:1369), leaderCommit=1328, initializing? false, entries: size=1, first=(t:3, i:1370), STATEMACHINELOGENTRY, client-EDB41257C35F, cid=1064
2019-09-24 16:17:09,508 WARN  server.GrpcLogAppender (GrpcLogAppender.java:timeoutAppendRequest(200)) - s2@group-5C26748AB2B1->s0-GrpcLogAppender: appendEntries Timeout, request=s2->s0#1681-t3, previous=(t:3, i:1369), leaderCommit=1328, initializing? false, entries: size=1, first=(t:3, i:1370), STATEMACHINELOGENTRY, client-EDB41257C35F, cid=1064
2019-09-24 16:17:09,508 WARN  server.GrpcLogAppender (GrpcLogAppender.java:timeoutAppendRequest(200)) - s2@group-5C26748AB2B1->s1-GrpcLogAppender: appendEntries Timeout, request=s2->s1#1851-t3, previous=(t:3, i:1370), leaderCommit=1328, initializing? false, entries: size=1, first=(t:3, i:1371), STATEMACHINELOGENTRY, client-EDB41257C35F, cid=1065
2019-09-24 16:17:09,508 WARN  server.GrpcLogAppender (GrpcLogAppender.java:timeoutAppendRequest(200)) - s2@group-5C26748AB2B1->s0-GrpcLogAppender: appendEntries Timeout, request=s2->s0#1682-t3, previous=(t:3, i:1370), leaderCommit=1328, initializing? false, entries: size=1, first=(t:3, i:1371), STATEMACHINELOGENTRY, client-EDB41257C35F, cid=1065
2019-09-24 16:17:09,508 WARN  server.GrpcLogAppender (GrpcLogAppender.java:timeoutAppendRequest(200)) - s2@group-5C26748AB2B1->s1-GrpcLogAppender: appendEntries Timeout, request=s2->s1#1852-t3, previous=(t:3, i:1371), leaderCommit=1328, initializing? false, entries: size=1, first=(t:3, i:1372), STATEMACHINELOGENTRY, client-EDB41257C35F, cid=1066
2019-09-24 16:17:09,508 WARN  server.GrpcLogAppender (GrpcLogAppender.java:timeoutAppendRequest(200)) - s2@group-5C26748AB2B1->s0-GrpcLogAppender: appendEntries Timeout, request=s2->s0#1683-t3, previous=(t:3, i:1371), leaderCommit=1328, initializing? false, entries: size=1, first=(t:3, i:1372), STATEMACHINELOGENTRY, client-EDB41257C35F, cid=1066
2019-09-24 16:17:09,508 WARN  server.GrpcLogAppender (GrpcLogAppender.java:timeoutAppendRequest(200)) - s2@group-5C26748AB2B1->s1-GrpcLogAppender: appendEntries Timeout, request=s2->s1#1853-t3, previous=(t:3, i:1372), leaderCommit=1328, initializing? false, entries: size=1, first=(t:3, i:1373), STATEMACHINELOGENTRY, client-EDB41257C35F, cid=1067
2019-09-24 16:17:09,509 WARN  server.GrpcLogAppender (GrpcLogAppender.java:timeoutAppendRequest(200)) - s2@group-5C26748AB2B1->s0-GrpcLogAppender: appendEntries Timeout, request=s2->s0#1684-t3, previous=(t:3, i:1372), leaderCommit=1328, initializing? false, entries: size=1, first=(t:3, i:1373), STATEMACHINELOGENTRY, client-EDB41257C35F, cid=1067
2019-09-24 16:17:09,509 WARN  server.GrpcLogAppender (GrpcLogAppender.java:timeoutAppendRequest(200)) - s2@group-5C26748AB2B1->s1-GrpcLogAppender: appendEntries Timeout, request=s2->s1#1854-t3, previous=(t:3, i:1373), leaderCommit=1328, initializing? false, entries: size=1, first=(t:3, i:1374), STATEMACHINELOGENTRY, client-EDB41257C35F, cid=1068
2019-09-24 16:17:09,509 WARN  server.GrpcLogAppender (GrpcLogAppender.java:timeoutAppendRequest(200)) - s2@group-5C26748AB2B1->s0-GrpcLogAppender: appendEntries Timeout, request=s2->s0#1685-t3, previous=(t:3, i:1373), leaderCommit=1328, initializing? false, entries: size=1, first=(t:3, i:1374), STATEMACHINELOGENTRY, client-EDB41257C35F, cid=1068
2019-09-24 16:17:09,509 WARN  server.GrpcLogAppender (GrpcLogAppender.java:timeoutAppendRequest(200)) - s2@group-5C26748AB2B1->s1-GrpcLogAppender: appendEntries Timeout, request=s2->s1#1855-t3, previous=(t:3, i:1374), leaderCommit=1328, initializing? false, entries: size=1, first=(t:3, i:1375), STATEMACHINELOGENTRY, client-EDB41257C35F, cid=1069
2019-09-24 16:17:09,509 WARN  server.GrpcLogAppender (GrpcLogAppender.java:timeoutAppendRequest(200)) - s2@group-5C26748AB2B1->s0-GrpcLogAppender: appendEntries Timeout, request=s2->s0#1686-t3, previous=(t:3, i:1374), leaderCommit=1328, initializing? false, entries: size=1, first=(t:3, i:1375), STATEMACHINELOGENTRY, client-EDB41257C35F, cid=1069
2019-09-24 16:17:09,509 WARN  server.GrpcLogAppender (GrpcLogAppender.java:timeoutAppendRequest(200)) - s2@group-5C26748AB2B1->s1-GrpcLogAppender: appendEntries Timeout, request=s2->s1#1856-t3, previous=(t:3, i:1375), leaderCommit=1328, initializing? false, entries: size=1, first=(t:3, i:1376), STATEMACHINELOGENTRY, client-EDB41257C35F, cid=1070
2019-09-24 16:17:09,509 WARN  server.GrpcLogAppender (GrpcLogAppender.java:timeoutAppendRequest(200)) - s2@group-5C26748AB2B1->s0-GrpcLogAppender: appendEntries Timeout, request=s2->s0#1687-t3, previous=(t:3, i:1375), leaderCommit=1328, initializing? false, entries: size=1, first=(t:3, i:1376), STATEMACHINELOGENTRY, client-EDB41257C35F, cid=1070
2019-09-24 16:17:09,509 WARN  server.GrpcLogAppender (GrpcLogAppender.java:timeoutAppendRequest(200)) - s2@group-5C26748AB2B1->s1-GrpcLogAppender: appendEntries Timeout, request=s2->s1#1857-t3, previous=(t:3, i:1376), leaderCommit=1328, initializing? false, entries: size=1, first=(t:3, i:1377), STATEMACHINELOGENTRY, client-EDB41257C35F, cid=1071
2019-09-24 16:17:09,510 WARN  server.GrpcLogAppender (GrpcLogAppender.java:timeoutAppendRequest(200)) - s2@group-5C26748AB2B1->s0-GrpcLogAppender: appendEntries Timeout, request=s2->s0#1688-t3, previous=(t:3, i:1376), leaderCommit=1328, initializing? false, entries: size=1, first=(t:3, i:1377), STATEMACHINELOGENTRY, client-EDB41257C35F, cid=1071
2019-09-24 16:17:09,510 WARN  server.GrpcLogAppender (GrpcLogAppender.java:timeoutAppendRequest(200)) - s2@group-5C26748AB2B1->s1-GrpcLogAppender: appendEntries Timeout, request=s2->s1#1858-t3, previous=(t:3, i:1377), leaderCommit=1328, initializing? false, entries: size=1, first=(t:3, i:1378), STATEMACHINELOGENTRY, client-EDB41257C35F, cid=1072
2019-09-24 16:17:09,510 WARN  server.GrpcLogAppender (GrpcLogAppender.java:timeoutAppendRequest(200)) - s2@group-5C26748AB2B1->s0-GrpcLogAppender: appendEntries Timeout, request=s2->s0#1689-t3, previous=(t:3, i:1377), leaderCommit=1328, initializing? false, entries: size=1, first=(t:3, i:1378), STATEMACHINELOGENTRY, client-EDB41257C35F, cid=1072
2019-09-24 16:17:09,510 WARN  server.GrpcLogAppender (GrpcLogAppender.java:timeoutAppendRequest(200)) - s2@group-5C26748AB2B1->s1-GrpcLogAppender: appendEntries Timeout, request=s2->s1#1859-t3, previous=(t:3, i:1378), leaderCommit=1328, initializing? false, entries: size=1, first=(t:3, i:1379), STATEMACHINELOGENTRY, client-EDB41257C35F, cid=1073
2019-09-24 16:17:09,510 WARN  server.GrpcLogAppender (GrpcLogAppender.java:timeoutAppendRequest(200)) - s2@group-5C26748AB2B1->s0-GrpcLogAppender: appendEntries Timeout, request=s2->s0#1690-t3, previous=(t:3, i:1378), leaderCommit=1328, initializing? false, entries: size=1, first=(t:3, i:1379), STATEMACHINELOGENTRY, client-EDB41257C35F, cid=1073
2019-09-24 16:17:09,510 WARN  server.GrpcLogAppender (GrpcLogAppender.java:timeoutAppendRequest(200)) - s2@group-5C26748AB2B1->s1-GrpcLogAppender: appendEntries Timeout, request=s2->s1#1860-t3, previous=(t:3, i:1379), leaderCommit=1328, initializing? false, entries: size=1, first=(t:3, i:1380), STATEMACHINELOGENTRY, client-EDB41257C35F, cid=1074
2019-09-24 16:17:09,510 WARN  server.GrpcLogAppender (GrpcLogAppender.java:timeoutAppendRequest(200)) - s2@group-5C26748AB2B1->s0-GrpcLogAppender: appendEntries Timeout, request=s2->s0#1691-t3, previous=(t:3, i:1379), leaderCommit=1328, initializing? false, entries: size=1, first=(t:3, i:1380), STATEMACHINELOGENTRY, client-EDB41257C35F, cid=1074
2019-09-24 16:17:09,510 WARN  server.GrpcLogAppender (GrpcLogAppender.java:timeoutAppendRequest(200)) - s2@group-5C26748AB2B1->s1-GrpcLogAppender: appendEntries Timeout, request=s2->s1#1861-t3, previous=(t:3, i:1380), leaderCommit=1328, initializing? false, entries: size=1, first=(t:3, i:1381), STATEMACHINELOGENTRY, client-EDB41257C35F, cid=1075
2019-09-24 16:17:09,511 WARN  server.GrpcLogAppender (GrpcLogAppender.java:timeoutAppendRequest(200)) - s2@group-5C26748AB2B1->s0-GrpcLogAppender: appendEntries Timeout, request=s2->s0#1692-t3, previous=(t:3, i:1380), leaderCommit=1328, initializing? false, entries: size=1, first=(t:3, i:1381), STATEMACHINELOGENTRY, client-EDB41257C35F, cid=1075
2019-09-24 16:17:09,511 WARN  server.GrpcLogAppender (GrpcLogAppender.java:timeoutAppendRequest(200)) - s2@group-5C26748AB2B1->s1-GrpcLogAppender: appendEntries Timeout, request=s2->s1#1862-t3, previous=(t:3, i:1381), leaderCommit=1328, initializing? false, entries: size=1, first=(t:3, i:1382), STATEMACHINELOGENTRY, client-EDB41257C35F, cid=1076
2019-09-24 16:17:09,511 WARN  server.GrpcLogAppender (GrpcLogAppender.java:timeoutAppendRequest(200)) - s2@group-5C26748AB2B1->s0-GrpcLogAppender: appendEntries Timeout, request=s2->s0#1693-t3, previous=(t:3, i:1381), leaderCommit=1328, initializing? false, entries: size=1, first=(t:3, i:1382), STATEMACHINELOGENTRY, client-EDB41257C35F, cid=1076
2019-09-24 16:17:09,511 WARN  server.GrpcLogAppender (GrpcLogAppender.java:timeoutAppendRequest(200)) - s2@group-5C26748AB2B1->s1-GrpcLogAppender: appendEntries Timeout, request=s2->s1#1863-t3, previous=(t:3, i:1382), leaderCommit=1328, initializing? false, entries: size=1, first=(t:3, i:1383), STATEMACHINELOGENTRY, client-EDB41257C35F, cid=1077
2019-09-24 16:17:09,511 WARN  server.GrpcLogAppender (GrpcLogAppender.java:timeoutAppendRequest(200)) - s2@group-5C26748AB2B1->s0-GrpcLogAppender: appendEntries Timeout, request=s2->s0#1694-t3, previous=(t:3, i:1382), leaderCommit=1328, initializing? false, entries: size=1, first=(t:3, i:1383), STATEMACHINELOGENTRY, client-EDB41257C35F, cid=1077
2019-09-24 16:17:09,511 WARN  server.GrpcLogAppender (GrpcLogAppender.java:timeoutAppendRequest(200)) - s2@group-5C26748AB2B1->s0-GrpcLogAppender: appendEntries Timeout, request=s2->s0#1695-t3, previous=(t:3, i:1383), leaderCommit=1328, initializing? false, entries: size=1, first=(t:3, i:1384), STATEMACHINELOGENTRY, client-EDB41257C35F, cid=1078
2019-09-24 16:17:09,511 WARN  server.GrpcLogAppender (GrpcLogAppender.java:timeoutAppendRequest(200)) - s2@group-5C26748AB2B1->s1-GrpcLogAppender: appendEntries Timeout, request=s2->s1#1864-t3, previous=(t:3, i:1383), leaderCommit=1328, initializing? false, entries: size=1, first=(t:3, i:1384), STATEMACHINELOGENTRY, client-EDB41257C35F, cid=1078
2019-09-24 16:17:09,511 WARN  server.GrpcLogAppender (GrpcLogAppender.java:timeoutAppendRequest(200)) - s2@group-5C26748AB2B1->s0-GrpcLogAppender: appendEntries Timeout, request=s2->s0#1696-t3, previous=(t:3, i:1384), leaderCommit=1328, initializing? false, entries: size=1, first=(t:3, i:1385), STATEMACHINELOGENTRY, client-EDB41257C35F, cid=1079
2019-09-24 16:17:09,512 WARN  server.GrpcLogAppender (GrpcLogAppender.java:timeoutAppendRequest(200)) - s2@group-5C26748AB2B1->s1-GrpcLogAppender: appendEntries Timeout, request=s2->s1#1865-t3, previous=(t:3, i:1384), leaderCommit=1328, initializing? false, entries: size=1, first=(t:3, i:1385), STATEMACHINELOGENTRY, client-EDB41257C35F, cid=1079
2019-09-24 16:17:09,512 WARN  server.GrpcLogAppender (GrpcLogAppender.java:timeoutAppendRequest(200)) - s2@group-5C26748AB2B1->s0-GrpcLogAppender: appendEntries Timeout, request=s2->s0#1697-t3, previous=(t:3, i:1385), leaderCommit=1328, initializing? false, entries: size=1, first=(t:3, i:1386), STATEMACHINELOGENTRY, client-EDB41257C35F, cid=1080
2019-09-24 16:17:09,512 WARN  server.GrpcLogAppender (GrpcLogAppender.java:timeoutAppendRequest(200)) - s2@group-5C26748AB2B1->s1-GrpcLogAppender: appendEntries Timeout, request=s2->s1#1866-t3, previous=(t:3, i:1385), leaderCommit=1328, initializing? false, entries: size=1, first=(t:3, i:1386), STATEMACHINELOGENTRY, client-EDB41257C35F, cid=1080
2019-09-24 16:17:09,512 WARN  server.GrpcLogAppender (GrpcLogAppender.java:timeoutAppendRequest(200)) - s2@group-5C26748AB2B1->s0-GrpcLogAppender: appendEntries Timeout, request=s2->s0#1698-t3, previous=(t:3, i:1386), leaderCommit=1328, initializing? false, entries: size=1, first=(t:3, i:1387), STATEMACHINELOGENTRY, client-EDB41257C35F, cid=1081
2019-09-24 16:17:09,512 WARN  server.GrpcLogAppender (GrpcLogAppender.java:timeoutAppendRequest(200)) - s2@group-5C26748AB2B1->s1-GrpcLogAppender: appendEntries Timeout, request=s2->s1#1867-t3, previous=(t:3, i:1386), leaderCommit=1328, initializing? false, entries: size=1, first=(t:3, i:1387), STATEMACHINELOGENTRY, client-EDB41257C35F, cid=1081
2019-09-24 16:17:09,512 WARN  server.GrpcLogAppender (GrpcLogAppender.java:timeoutAppendRequest(200)) - s2@group-5C26748AB2B1->s0-GrpcLogAppender: appendEntries Timeout, request=s2->s0#1699-t3, previous=(t:3, i:1387), leaderCommit=1328, initializing? false, entries: size=1, first=(t:3, i:1388), STATEMACHINELOGENTRY, client-EDB41257C35F, cid=1082
2019-09-24 16:17:09,512 WARN  server.GrpcLogAppender (GrpcLogAppender.java:timeoutAppendRequest(200)) - s2@group-5C26748AB2B1->s1-GrpcLogAppender: appendEntries Timeout, request=s2->s1#1868-t3, previous=(t:3, i:1387), leaderCommit=1328, initializing? false, entries: size=1, first=(t:3, i:1388), STATEMACHINELOGENTRY, client-EDB41257C35F, cid=1082
2019-09-24 16:17:09,513 WARN  server.GrpcLogAppender (GrpcLogAppender.java:timeoutAppendRequest(200)) - s2@group-5C26748AB2B1->s0-GrpcLogAppender: appendEntries Timeout, request=s2->s0#1700-t3, previous=(t:3, i:1388), leaderCommit=1328, initializing? false, entries: size=1, first=(t:3, i:1389), STATEMACHINELOGENTRY, client-EDB41257C35F, cid=1083
2019-09-24 16:17:09,513 WARN  server.GrpcLogAppender (GrpcLogAppender.java:timeoutAppendRequest(200)) - s2@group-5C26748AB2B1->s1-GrpcLogAppender: appendEntries Timeout, request=s2->s1#1869-t3, previous=(t:3, i:1388), leaderCommit=1328, initializing? false, entries: size=1, first=(t:3, i:1389), STATEMACHINELOGENTRY, client-EDB41257C35F, cid=1083
2019-09-24 16:17:09,513 WARN  server.GrpcLogAppender (GrpcLogAppender.java:timeoutAppendRequest(200)) - s2@group-5C26748AB2B1->s0-GrpcLogAppender: appendEntries Timeout, request=s2->s0#1701-t3, previous=(t:3, i:1389), leaderCommit=1328, initializing? false, entries: size=1, first=(t:3, i:1390), STATEMACHINELOGENTRY, client-EDB41257C35F, cid=1084
2019-09-24 16:17:09,513 WARN  server.GrpcLogAppender (GrpcLogAppender.java:timeoutAppendRequest(200)) - s2@group-5C26748AB2B1->s1-GrpcLogAppender: appendEntries Timeout, request=s2->s1#1870-t3, previous=(t:3, i:1389), leaderCommit=1328, initializing? false, entries: size=1, first=(t:3, i:1390), STATEMACHINELOGENTRY, client-EDB41257C35F, cid=1084
2019-09-24 16:17:09,513 WARN  server.GrpcLogAppender (GrpcLogAppender.java:timeoutAppendRequest(200)) - s2@group-5C26748AB2B1->s0-GrpcLogAppender: appendEntries Timeout, request=s2->s0#1702-t3, previous=(t:3, i:1390), leaderCommit=1328, initializing? false, entries: size=1, first=(t:3, i:1391), STATEMACHINELOGENTRY, client-EDB41257C35F, cid=1085
2019-09-24 16:17:09,513 WARN  server.GrpcLogAppender (GrpcLogAppender.java:timeoutAppendRequest(200)) - s2@group-5C26748AB2B1->s1-GrpcLogAppender: appendEntries Timeout, request=s2->s1#1871-t3, previous=(t:3, i:1390), leaderCommit=1328, initializing? false, entries: size=1, first=(t:3, i:1391), STATEMACHINELOGENTRY, client-EDB41257C35F, cid=1085
2019-09-24 16:17:09,513 WARN  server.GrpcLogAppender (GrpcLogAppender.java:timeoutAppendRequest(200)) - s2@group-5C26748AB2B1->s0-GrpcLogAppender: appendEntries Timeout, request=s2->s0#1703-t3, previous=(t:3, i:1391), leaderCommit=1328, initializing? false, entries: size=1, first=(t:3, i:1392), STATEMACHINELOGENTRY, client-EDB41257C35F, cid=1086
2019-09-24 16:17:09,514 WARN  server.GrpcLogAppender (GrpcLogAppender.java:timeoutAppendRequest(200)) - s2@group-5C26748AB2B1->s1-GrpcLogAppender: appendEntries Timeout, request=s2->s1#1872-t3, previous=(t:3, i:1391), leaderCommit=1328, initializing? false, entries: size=1, first=(t:3, i:1392), STATEMACHINELOGENTRY, client-EDB41257C35F, cid=1086
2019-09-24 16:17:09,514 WARN  server.GrpcLogAppender (GrpcLogAppender.java:timeoutAppendRequest(200)) - s2@group-5C26748AB2B1->s0-GrpcLogAppender: appendEntries Timeout, request=s2->s0#1704-t3, previous=(t:3, i:1392), leaderCommit=1328, initializing? false, entries: size=1, first=(t:3, i:1393), STATEMACHINELOGENTRY, client-EDB41257C35F, cid=1087
2019-09-24 16:17:09,514 WARN  server.GrpcLogAppender (GrpcLogAppender.java:timeoutAppendRequest(200)) - s2@group-5C26748AB2B1->s1-GrpcLogAppender: appendEntries Timeout, request=s2->s1#1873-t3, previous=(t:3, i:1392), leaderCommit=1328, initializing? false, entries: size=1, first=(t:3, i:1393), STATEMACHINELOGENTRY, client-EDB41257C35F, cid=1087
2019-09-24 16:17:09,514 WARN  server.GrpcLogAppender (GrpcLogAppender.java:timeoutAppendRequest(200)) - s2@group-5C26748AB2B1->s0-GrpcLogAppender: appendEntries Timeout, request=s2->s0#1705-t3, previous=(t:3, i:1393), leaderCommit=1328, initializing? false, entries: size=1, first=(t:3, i:1394), STATEMACHINELOGENTRY, client-EDB41257C35F, cid=1088
2019-09-24 16:17:09,514 WARN  server.GrpcLogAppender (GrpcLogAppender.java:timeoutAppendRequest(200)) - s2@group-5C26748AB2B1->s1-GrpcLogAppender: appendEntries Timeout, request=s2->s1#1874-t3, previous=(t:3, i:1393), leaderCommit=1328, initializing? false, entries: size=1, first=(t:3, i:1394), STATEMACHINELOGENTRY, client-EDB41257C35F, cid=1088
2019-09-24 16:17:09,514 WARN  server.GrpcLogAppender (GrpcLogAppender.java:timeoutAppendRequest(200)) - s2@group-5C26748AB2B1->s0-GrpcLogAppender: appendEntries Timeout, request=s2->s0#1706-t3, previous=(t:3, i:1394), leaderCommit=1328, initializing? false, entries: size=1, first=(t:3, i:1395), STATEMACHINELOGENTRY, client-EDB41257C35F, cid=1089
2019-09-24 16:17:09,514 WARN  server.GrpcLogAppender (GrpcLogAppender.java:timeoutAppendRequest(200)) - s2@group-5C26748AB2B1->s1-GrpcLogAppender: appendEntries Timeout, request=s2->s1#1875-t3, previous=(t:3, i:1394), leaderCommit=1328, initializing? false, entries: size=1, first=(t:3, i:1395), STATEMACHINELOGENTRY, client-EDB41257C35F, cid=1089
2019-09-24 16:17:09,515 WARN  server.GrpcLogAppender (GrpcLogAppender.java:timeoutAppendRequest(200)) - s2@group-5C26748AB2B1->s0-GrpcLogAppender: appendEntries Timeout, request=s2->s0#1707-t3, previous=(t:3, i:1395), leaderCommit=1328, initializing? false, entries: size=1, first=(t:3, i:1396), STATEMACHINELOGENTRY, client-EDB41257C35F, cid=1090
2019-09-24 16:17:09,515 WARN  server.GrpcLogAppender (GrpcLogAppender.java:timeoutAppendRequest(200)) - s2@group-5C26748AB2B1->s1-GrpcLogAppender: appendEntries Timeout, request=s2->s1#1876-t3, previous=(t:3, i:1395), leaderCommit=1328, initializing? false, entries: size=1, first=(t:3, i:1396), STATEMACHINELOGENTRY, client-EDB41257C35F, cid=1090
2019-09-24 16:17:09,515 WARN  server.GrpcLogAppender (GrpcLogAppender.java:timeoutAppendRequest(200)) - s2@group-5C26748AB2B1->s0-GrpcLogAppender: appendEntries Timeout, request=s2->s0#1708-t3, previous=(t:3, i:1396), leaderCommit=1328, initializing? false, entries: size=1, first=(t:3, i:1397), STATEMACHINELOGENTRY, client-EDB41257C35F, cid=1091
2019-09-24 16:17:09,515 WARN  server.GrpcLogAppender (GrpcLogAppender.java:timeoutAppendRequest(200)) - s2@group-5C26748AB2B1->s1-GrpcLogAppender: appendEntries Timeout, request=s2->s1#1877-t3, previous=(t:3, i:1396), leaderCommit=1328, initializing? false, entries: size=1, first=(t:3, i:1397), STATEMACHINELOGENTRY, client-EDB41257C35F, cid=1091
2019-09-24 16:17:09,515 WARN  server.GrpcLogAppender (GrpcLogAppender.java:timeoutAppendRequest(200)) - s2@group-5C26748AB2B1->s0-GrpcLogAppender: appendEntries Timeout, request=s2->s0#1709-t3, previous=(t:3, i:1397), leaderCommit=1328, initializing? false, entries: size=1, first=(t:3, i:1398), STATEMACHINELOGENTRY, client-EDB41257C35F, cid=1092
2019-09-24 16:17:09,515 WARN  server.GrpcLogAppender (GrpcLogAppender.java:timeoutAppendRequest(200)) - s2@group-5C26748AB2B1->s1-GrpcLogAppender: appendEntries Timeout, request=s2->s1#1878-t3, previous=(t:3, i:1397), leaderCommit=1328, initializing? false, entries: size=1, first=(t:3, i:1398), STATEMACHINELOGENTRY, client-EDB41257C35F, cid=1092
2019-09-24 16:17:09,515 WARN  server.GrpcLogAppender (GrpcLogAppender.java:timeoutAppendRequest(200)) - s2@group-5C26748AB2B1->s0-GrpcLogAppender: appendEntries Timeout, request=s2->s0#1710-t3, previous=(t:3, i:1398), leaderCommit=1328, initializing? false, entries: size=1, first=(t:3, i:1399), STATEMACHINELOGENTRY, client-EDB41257C35F, cid=1093
2019-09-24 16:17:09,515 WARN  server.GrpcLogAppender (GrpcLogAppender.java:timeoutAppendRequest(200)) - s2@group-5C26748AB2B1->s1-GrpcLogAppender: appendEntries Timeout, request=s2->s1#1879-t3, previous=(t:3, i:1398), leaderCommit=1328, initializing? false, entries: size=1, first=(t:3, i:1399), STATEMACHINELOGENTRY, client-EDB41257C35F, cid=1093
2019-09-24 16:17:09,516 WARN  server.GrpcLogAppender (GrpcLogAppender.java:timeoutAppendRequest(200)) - s2@group-5C26748AB2B1->s0-GrpcLogAppender: appendEntries Timeout, request=s2->s0#1711-t3, previous=(t:3, i:1399), leaderCommit=1328, initializing? false, entries: size=1, first=(t:3, i:1400), STATEMACHINELOGENTRY, client-EDB41257C35F, cid=1094
2019-09-24 16:17:09,516 WARN  server.GrpcLogAppender (GrpcLogAppender.java:timeoutAppendRequest(200)) - s2@group-5C26748AB2B1->s1-GrpcLogAppender: appendEntries Timeout, request=s2->s1#1880-t3, previous=(t:3, i:1399), leaderCommit=1328, initializing? false, entries: size=1, first=(t:3, i:1400), STATEMACHINELOGENTRY, client-EDB41257C35F, cid=1094
2019-09-24 16:17:09,516 WARN  server.GrpcLogAppender (GrpcLogAppender.java:timeoutAppendRequest(200)) - s2@group-5C26748AB2B1->s0-GrpcLogAppender: appendEntries Timeout, request=s2->s0#1712-t3, previous=(t:3, i:1400), leaderCommit=1328, initializing? false, entries: size=1, first=(t:3, i:1401), STATEMACHINELOGENTRY, client-EDB41257C35F, cid=1095
2019-09-24 16:17:09,516 WARN  server.GrpcLogAppender (GrpcLogAppender.java:timeoutAppendRequest(200)) - s2@group-5C26748AB2B1->s1-GrpcLogAppender: appendEntries Timeout, request=s2->s1#1881-t3, previous=(t:3, i:1400), leaderCommit=1328, initializing? false, entries: size=1, first=(t:3, i:1401), STATEMACHINELOGENTRY, client-EDB41257C35F, cid=1095
2019-09-24 16:17:09,516 WARN  server.GrpcLogAppender (GrpcLogAppender.java:timeoutAppendRequest(200)) - s2@group-5C26748AB2B1->s0-GrpcLogAppender: appendEntries Timeout, request=s2->s0#1713-t3, previous=(t:3, i:1401), leaderCommit=1328, initializing? false, entries: size=1, first=(t:3, i:1402), STATEMACHINELOGENTRY, client-EDB41257C35F, cid=1096
2019-09-24 16:17:09,516 WARN  server.GrpcLogAppender (GrpcLogAppender.java:timeoutAppendRequest(200)) - s2@group-5C26748AB2B1->s1-GrpcLogAppender: appendEntries Timeout, request=s2->s1#1882-t3, previous=(t:3, i:1401), leaderCommit=1328, initializing? false, entries: size=1, first=(t:3, i:1402), STATEMACHINELOGENTRY, client-EDB41257C35F, cid=1096
2019-09-24 16:17:09,516 WARN  server.GrpcLogAppender (GrpcLogAppender.java:timeoutAppendRequest(200)) - s2@group-5C26748AB2B1->s0-GrpcLogAppender: appendEntries Timeout, request=s2->s0#1714-t3, previous=(t:3, i:1402), leaderCommit=1328, initializing? false, entries: size=2, first=(t:3, i:1403), STATEMACHINELOGENTRY, client-EDB41257C35F, cid=1097
2019-09-24 16:17:09,517 WARN  server.GrpcLogAppender (GrpcLogAppender.java:timeoutAppendRequest(200)) - s2@group-5C26748AB2B1->s1-GrpcLogAppender: appendEntries Timeout, request=s2->s1#1883-t3, previous=(t:3, i:1402), leaderCommit=1328, initializing? false, entries: size=2, first=(t:3, i:1403), STATEMACHINELOGENTRY, client-EDB41257C35F, cid=1097
2019-09-24 16:17:09,517 WARN  server.GrpcLogAppender (GrpcLogAppender.java:timeoutAppendRequest(200)) - s2@group-5C26748AB2B1->s0-GrpcLogAppender: appendEntries Timeout, request=s2->s0#1715-t3, previous=(t:3, i:1404), leaderCommit=1328, initializing? false, entries: size=2, first=(t:3, i:1405), STATEMACHINELOGENTRY, client-EDB41257C35F, cid=1099
2019-09-24 16:17:09,517 WARN  server.GrpcLogAppender (GrpcLogAppender.java:timeoutAppendRequest(200)) - s2@group-5C26748AB2B1->s1-GrpcLogAppender: appendEntries Timeout, request=s2->s1#1884-t3, previous=(t:3, i:1404), leaderCommit=1328, initializing? false, entries: size=1, first=(t:3, i:1405), STATEMACHINELOGENTRY, client-EDB41257C35F, cid=1099
2019-09-24 16:17:09,517 WARN  server.GrpcLogAppender (GrpcLogAppender.java:timeoutAppendRequest(200)) - s2@group-5C26748AB2B1->s0-GrpcLogAppender: appendEntries Timeout, request=s2->s0#1716-t3, previous=(t:3, i:1406), leaderCommit=1328, initializing? false, entries: size=1, first=(t:3, i:1407), STATEMACHINELOGENTRY, client-EDB41257C35F, cid=1101
2019-09-24 16:17:09,517 WARN  server.GrpcLogAppender (GrpcLogAppender.java:timeoutAppendRequest(200)) - s2@group-5C26748AB2B1->s1-GrpcLogAppender: appendEntries Timeout, request=s2->s1#1885-t3, previous=(t:3, i:1405), leaderCommit=1328, initializing? false, entries: size=1, first=(t:3, i:1406), STATEMACHINELOGENTRY, client-EDB41257C35F, cid=1100
2019-09-24 16:17:09,517 WARN  server.GrpcLogAppender (GrpcLogAppender.java:timeoutAppendRequest(200)) - s2@group-5C26748AB2B1->s0-GrpcLogAppender: appendEntries Timeout, request=s2->s0#1717-t3, previous=(t:3, i:1407), leaderCommit=1328, initializing? false, entries: size=1, first=(t:3, i:1408), STATEMACHINELOGENTRY, client-EDB41257C35F, cid=1102
2019-09-24 16:17:09,517 WARN  server.GrpcLogAppender (GrpcLogAppender.java:timeoutAppendRequest(200)) - s2@group-5C26748AB2B1->s1-GrpcLogAppender: appendEntries Timeout, request=s2->s1#1886-t3, previous=(t:3, i:1406), leaderCommit=1328, initializing? false, entries: size=1, first=(t:3, i:1407), STATEMACHINELOGENTRY, client-EDB41257C35F, cid=1101
2019-09-24 16:17:09,518 WARN  server.GrpcLogAppender (GrpcLogAppender.java:timeoutAppendRequest(200)) - s2@group-5C26748AB2B1->s0-GrpcLogAppender: appendEntries Timeout, request=s2->s0#1718-t3, previous=(t:3, i:1408), leaderCommit=1328, initializing? false, entries: size=1, first=(t:3, i:1409), STATEMACHINELOGENTRY, client-EDB41257C35F, cid=1103
2019-09-24 16:17:09,518 WARN  server.GrpcLogAppender (GrpcLogAppender.java:timeoutAppendRequest(200)) - s2@group-5C26748AB2B1->s1-GrpcLogAppender: appendEntries Timeout, request=s2->s1#1887-t3, previous=(t:3, i:1407), leaderCommit=1328, initializing? false, entries: size=1, first=(t:3, i:1408), STATEMACHINELOGENTRY, client-EDB41257C35F, cid=1102
2019-09-24 16:17:09,518 WARN  server.GrpcLogAppender (GrpcLogAppender.java:timeoutAppendRequest(200)) - s2@group-5C26748AB2B1->s0-GrpcLogAppender: appendEntries Timeout, request=s2->s0#1719-t3, previous=(t:3, i:1409), leaderCommit=1328, initializing? false, entries: size=1, first=(t:3, i:1410), STATEMACHINELOGENTRY, client-EDB41257C35F, cid=1104
2019-09-24 16:17:09,518 WARN  server.GrpcLogAppender (GrpcLogAppender.java:timeoutAppendRequest(200)) - s2@group-5C26748AB2B1->s1-GrpcLogAppender: appendEntries Timeout, request=s2->s1#1888-t3, previous=(t:3, i:1408), leaderCommit=1328, initializing? false, entries: size=1, first=(t:3, i:1409), STATEMACHINELOGENTRY, client-EDB41257C35F, cid=1103
2019-09-24 16:17:09,518 WARN  server.GrpcLogAppender (GrpcLogAppender.java:timeoutAppendRequest(200)) - s2@group-5C26748AB2B1->s0-GrpcLogAppender: appendEntries Timeout, request=s2->s0#1720-t3, previous=(t:3, i:1410), leaderCommit=1328, initializing? false, entries: size=1, first=(t:3, i:1411), STATEMACHINELOGENTRY, client-EDB41257C35F, cid=1105
2019-09-24 16:17:09,518 WARN  server.GrpcLogAppender (GrpcLogAppender.java:timeoutAppendRequest(200)) - s2@group-5C26748AB2B1->s1-GrpcLogAppender: appendEntries Timeout, request=s2->s1#1889-t3, previous=(t:3, i:1409), leaderCommit=1328, initializing? false, entries: size=1, first=(t:3, i:1410), STATEMACHINELOGENTRY, client-EDB41257C35F, cid=1104
2019-09-24 16:17:09,518 WARN  server.GrpcLogAppender (GrpcLogAppender.java:timeoutAppendRequest(200)) - s2@group-5C26748AB2B1->s0-GrpcLogAppender: appendEntries Timeout, request=s2->s0#1721-t3, previous=(t:3, i:1411), leaderCommit=1328, initializing? false, entries: size=1, first=(t:3, i:1412), STATEMACHINELOGENTRY, client-EDB41257C35F, cid=1106
2019-09-24 16:17:09,519 WARN  server.GrpcLogAppender (GrpcLogAppender.java:timeoutAppendRequest(200)) - s2@group-5C26748AB2B1->s1-GrpcLogAppender: appendEntries Timeout, request=s2->s1#1890-t3, previous=(t:3, i:1410), leaderCommit=1328, initializing? false, entries: size=1, first=(t:3, i:1411), STATEMACHINELOGENTRY, client-EDB41257C35F, cid=1105
2019-09-24 16:17:09,519 WARN  server.GrpcLogAppender (GrpcLogAppender.java:timeoutAppendRequest(200)) - s2@group-5C26748AB2B1->s0-GrpcLogAppender: appendEntries Timeout, request=s2->s0#1722-t3, previous=(t:3, i:1412), leaderCommit=1328, initializing? false, entries: size=1, first=(t:3, i:1413), STATEMACHINELOGENTRY, client-EDB41257C35F, cid=1107
2019-09-24 16:17:09,519 WARN  server.GrpcLogAppender (GrpcLogAppender.java:timeoutAppendRequest(200)) - s2@group-5C26748AB2B1->s1-GrpcLogAppender: appendEntries Timeout, request=s2->s1#1891-t3, previous=(t:3, i:1411), leaderCommit=1328, initializing? false, entries: size=1, first=(t:3, i:1412), STATEMACHINELOGENTRY, client-EDB41257C35F, cid=1106
2019-09-24 16:17:09,519 WARN  server.GrpcLogAppender (GrpcLogAppender.java:timeoutAppendRequest(200)) - s2@group-5C26748AB2B1->s0-GrpcLogAppender: appendEntries Timeout, request=s2->s0#1723-t3, previous=(t:3, i:1413), leaderCommit=1328, initializing? false, entries: size=2, first=(t:3, i:1414), STATEMACHINELOGENTRY, client-EDB41257C35F, cid=1108
2019-09-24 16:17:09,519 WARN  server.GrpcLogAppender (GrpcLogAppender.java:timeoutAppendRequest(200)) - s2@group-5C26748AB2B1->s1-GrpcLogAppender: appendEntries Timeout, request=s2->s1#1892-t3, previous=(t:3, i:1412), leaderCommit=1328, initializing? false, entries: size=1, first=(t:3, i:1413), STATEMACHINELOGENTRY, client-EDB41257C35F, cid=1107
2019-09-24 16:17:09,519 WARN  server.GrpcLogAppender (GrpcLogAppender.java:timeoutAppendRequest(200)) - s2@group-5C26748AB2B1->s0-GrpcLogAppender: appendEntries Timeout, request=s2->s0#1724-t3, previous=(t:3, i:1415), leaderCommit=1328, initializing? false, entries: size=1, first=(t:3, i:1416), STATEMACHINELOGENTRY, client-EDB41257C35F, cid=1110
2019-09-24 16:17:09,519 WARN  server.GrpcLogAppender (GrpcLogAppender.java:timeoutAppendRequest(200)) - s2@group-5C26748AB2B1->s1-GrpcLogAppender: appendEntries Timeout, request=s2->s1#1893-t3, previous=(t:3, i:1413), leaderCommit=1328, initializing? false, entries: size=2, first=(t:3, i:1414), STATEMACHINELOGENTRY, client-EDB41257C35F, cid=1108
2019-09-24 16:17:09,519 WARN  server.GrpcLogAppender (GrpcLogAppender.java:timeoutAppendRequest(200)) - s2@group-5C26748AB2B1->s0-GrpcLogAppender: appendEntries Timeout, request=s2->s0#1725-t3, previous=(t:3, i:1416), leaderCommit=1328, initializing? false, entries: size=1, first=(t:3, i:1417), STATEMACHINELOGENTRY, client-EDB41257C35F, cid=1111
2019-09-24 16:17:09,520 WARN  server.GrpcLogAppender (GrpcLogAppender.java:timeoutAppendRequest(200)) - s2@group-5C26748AB2B1->s1-GrpcLogAppender: appendEntries Timeout, request=s2->s1#1894-t3, previous=(t:3, i:1415), leaderCommit=1328, initializing? false, entries: size=1, first=(t:3, i:1416), STATEMACHINELOGENTRY, client-EDB41257C35F, cid=1110
2019-09-24 16:17:09,520 WARN  server.GrpcLogAppender (GrpcLogAppender.java:timeoutAppendRequest(200)) - s2@group-5C26748AB2B1->s0-GrpcLogAppender: appendEntries Timeout, request=s2->s0#1726-t3, previous=(t:3, i:1417), leaderCommit=1328, initializing? false, entries: size=1, first=(t:3, i:1418), STATEMACHINELOGENTRY, client-EDB41257C35F, cid=1112
2019-09-24 16:17:09,520 WARN  server.GrpcLogAppender (GrpcLogAppender.java:timeoutAppendRequest(200)) - s2@group-5C26748AB2B1->s1-GrpcLogAppender: appendEntries Timeout, request=s2->s1#1895-t3, previous=(t:3, i:1416), leaderCommit=1328, initializing? false, entries: size=1, first=(t:3, i:1417), STATEMACHINELOGENTRY, client-EDB41257C35F, cid=1111
2019-09-24 16:17:09,520 WARN  server.GrpcLogAppender (GrpcLogAppender.java:timeoutAppendRequest(200)) - s2@group-5C26748AB2B1->s0-GrpcLogAppender: appendEntries Timeout, request=s2->s0#1727-t3, previous=(t:3, i:1418), leaderCommit=1328, initializing? false, entries: size=1, first=(t:3, i:1419), STATEMACHINELOGENTRY, client-EDB41257C35F, cid=1113
2019-09-24 16:17:09,520 WARN  server.GrpcLogAppender (GrpcLogAppender.java:timeoutAppendRequest(200)) - s2@group-5C26748AB2B1->s1-GrpcLogAppender: appendEntries Timeout, request=s2->s1#1896-t3, previous=(t:3, i:1417), leaderCommit=1328, initializing? false, entries: size=1, first=(t:3, i:1418), STATEMACHINELOGENTRY, client-EDB41257C35F, cid=1112
2019-09-24 16:17:09,520 WARN  server.GrpcLogAppender (GrpcLogAppender.java:timeoutAppendRequest(200)) - s2@group-5C26748AB2B1->s0-GrpcLogAppender: appendEntries Timeout, request=s2->s0#1728-t3, previous=(t:3, i:1419), leaderCommit=1328, initializing? false, entries: size=1, first=(t:3, i:1420), STATEMACHINELOGENTRY, client-EDB41257C35F, cid=1114
2019-09-24 16:17:09,520 WARN  server.GrpcLogAppender (GrpcLogAppender.java:timeoutAppendRequest(200)) - s2@group-5C26748AB2B1->s1-GrpcLogAppender: appendEntries Timeout, request=s2->s1#1897-t3, previous=(t:3, i:1418), leaderCommit=1328, initializing? false, entries: size=1, first=(t:3, i:1419), STATEMACHINELOGENTRY, client-EDB41257C35F, cid=1113
2019-09-24 16:17:09,521 WARN  server.GrpcLogAppender (GrpcLogAppender.java:timeoutAppendRequest(200)) - s2@group-5C26748AB2B1->s0-GrpcLogAppender: appendEntries Timeout, request=s2->s0#1729-t3, previous=(t:3, i:1420), leaderCommit=1328, initializing? false, entries: size=1, first=(t:3, i:1421), STATEMACHINELOGENTRY, client-EDB41257C35F, cid=1115
2019-09-24 16:17:09,521 WARN  server.GrpcLogAppender (GrpcLogAppender.java:timeoutAppendRequest(200)) - s2@group-5C26748AB2B1->s1-GrpcLogAppender: appendEntries Timeout, request=s2->s1#1898-t3, previous=(t:3, i:1419), leaderCommit=1328, initializing? false, entries: size=1, first=(t:3, i:1420), STATEMACHINELOGENTRY, client-EDB41257C35F, cid=1114
2019-09-24 16:17:09,521 WARN  server.GrpcLogAppender (GrpcLogAppender.java:timeoutAppendRequest(200)) - s2@group-5C26748AB2B1->s0-GrpcLogAppender: appendEntries Timeout, request=s2->s0#1730-t3, previous=(t:3, i:1421), leaderCommit=1328, initializing? false, entries: size=1, first=(t:3, i:1422), STATEMACHINELOGENTRY, client-EDB41257C35F, cid=1116
2019-09-24 16:17:09,521 WARN  server.GrpcLogAppender (GrpcLogAppender.java:timeoutAppendRequest(200)) - s2@group-5C26748AB2B1->s1-GrpcLogAppender: appendEntries Timeout, request=s2->s1#1899-t3, previous=(t:3, i:1420), leaderCommit=1328, initializing? false, entries: size=1, first=(t:3, i:1421), STATEMACHINELOGENTRY, client-EDB41257C35F, cid=1115
2019-09-24 16:17:09,521 WARN  server.GrpcLogAppender (GrpcLogAppender.java:timeoutAppendRequest(200)) - s2@group-5C26748AB2B1->s0-GrpcLogAppender: appendEntries Timeout, request=s2->s0#1731-t3, previous=(t:3, i:1422), leaderCommit=1328, initializing? false, entries: size=1, first=(t:3, i:1423), STATEMACHINELOGENTRY, client-EDB41257C35F, cid=1117
2019-09-24 16:17:09,521 WARN  server.GrpcLogAppender (GrpcLogAppender.java:timeoutAppendRequest(200)) - s2@group-5C26748AB2B1->s1-GrpcLogAppender: appendEntries Timeout, request=s2->s1#1900-t3, previous=(t:3, i:1421), leaderCommit=1328, initializing? false, entries: size=1, first=(t:3, i:1422), STATEMACHINELOGENTRY, client-EDB41257C35F, cid=1116
2019-09-24 16:17:09,521 WARN  server.GrpcLogAppender (GrpcLogAppender.java:timeoutAppendRequest(200)) - s2@group-5C26748AB2B1->s0-GrpcLogAppender: appendEntries Timeout, request=s2->s0#1732-t3, previous=(t:3, i:1423), leaderCommit=1328, initializing? false, entries: size=1, first=(t:3, i:1424), STATEMACHINELOGENTRY, client-EDB41257C35F, cid=1118
2019-09-24 16:17:09,521 WARN  server.GrpcLogAppender (GrpcLogAppender.java:timeoutAppendRequest(200)) - s2@group-5C26748AB2B1->s1-GrpcLogAppender: appendEntries Timeout, request=s2->s1#1901-t3, previous=(t:3, i:1422), leaderCommit=1328, initializing? false, entries: size=1, first=(t:3, i:1423), STATEMACHINELOGENTRY, client-EDB41257C35F, cid=1117
2019-09-24 16:17:09,522 WARN  server.GrpcLogAppender (GrpcLogAppender.java:timeoutAppendRequest(200)) - s2@group-5C26748AB2B1->s0-GrpcLogAppender: appendEntries Timeout, request=s2->s0#1733-t3, previous=(t:3, i:1424), leaderCommit=1328, initializing? false, entries: size=1, first=(t:3, i:1425), STATEMACHINELOGENTRY, client-EDB41257C35F, cid=1119
2019-09-24 16:17:09,522 WARN  server.GrpcLogAppender (GrpcLogAppender.java:timeoutAppendRequest(200)) - s2@group-5C26748AB2B1->s1-GrpcLogAppender: appendEntries Timeout, request=s2->s1#1902-t3, previous=(t:3, i:1423), leaderCommit=1328, initializing? false, entries: size=1, first=(t:3, i:1424), STATEMACHINELOGENTRY, client-EDB41257C35F, cid=1118
2019-09-24 16:17:09,522 WARN  server.GrpcLogAppender (GrpcLogAppender.java:timeoutAppendRequest(200)) - s2@group-5C26748AB2B1->s0-GrpcLogAppender: appendEntries Timeout, request=s2->s0#1734-t3, previous=(t:3, i:1425), leaderCommit=1328, initializing? false, entries: size=1, first=(t:3, i:1426), STATEMACHINELOGENTRY, client-EDB41257C35F, cid=1120
2019-09-24 16:17:09,522 WARN  server.GrpcLogAppender (GrpcLogAppender.java:timeoutAppendRequest(200)) - s2@group-5C26748AB2B1->s1-GrpcLogAppender: appendEntries Timeout, request=s2->s1#1903-t3, previous=(t:3, i:1424), leaderCommit=1328, initializing? false, entries: size=1, first=(t:3, i:1425), STATEMACHINELOGENTRY, client-EDB41257C35F, cid=1119
2019-09-24 16:17:09,522 WARN  server.GrpcLogAppender (GrpcLogAppender.java:timeoutAppendRequest(200)) - s2@group-5C26748AB2B1->s0-GrpcLogAppender: appendEntries Timeout, request=s2->s0#1735-t3, previous=(t:3, i:1426), leaderCommit=1328, initializing? false, entries: size=2, first=(t:3, i:1427), STATEMACHINELOGENTRY, client-EDB41257C35F, cid=1121
2019-09-24 16:17:09,522 WARN  server.GrpcLogAppender (GrpcLogAppender.java:timeoutAppendRequest(200)) - s2@group-5C26748AB2B1->s1-GrpcLogAppender: appendEntries Timeout, request=s2->s1#1904-t3, previous=(t:3, i:1425), leaderCommit=1328, initializing? false, entries: size=1, first=(t:3, i:1426), STATEMACHINELOGENTRY, client-EDB41257C35F, cid=1120
2019-09-24 16:17:09,522 WARN  server.GrpcLogAppender (GrpcLogAppender.java:timeoutAppendRequest(200)) - s2@group-5C26748AB2B1->s0-GrpcLogAppender: appendEntries Timeout, request=s2->s0#1736-t3, previous=(t:3, i:1428), leaderCommit=1328, initializing? false, entries: size=1, first=(t:3, i:1429), STATEMACHINELOGENTRY, client-EDB41257C35F, cid=1123
2019-09-24 16:17:09,523 WARN  server.GrpcLogAppender (GrpcLogAppender.java:timeoutAppendRequest(200)) - s2@group-5C26748AB2B1->s1-GrpcLogAppender: appendEntries Timeout, request=s2->s1#1905-t3, previous=(t:3, i:1426), leaderCommit=1328, initializing? false, entries: size=2, first=(t:3, i:1427), STATEMACHINELOGENTRY, client-EDB41257C35F, cid=1121
2019-09-24 16:17:09,523 WARN  server.GrpcLogAppender (GrpcLogAppender.java:timeoutAppendRequest(200)) - s2@group-5C26748AB2B1->s1-GrpcLogAppender: appendEntries Timeout, request=s2->s1#1906-t3, previous=(t:3, i:1428), leaderCommit=1328, initializing? false, entries: size=1, first=(t:3, i:1429), STATEMACHINELOGENTRY, client-EDB41257C35F, cid=1123
2019-09-24 16:17:09,534 WARN  server.GrpcLogAppender (GrpcLogAppender.java:timeoutAppendRequest(200)) - s2@group-E77E9FD8E08A->s0-GrpcLogAppender: appendEntries Timeout, request=s2->s0#141-t3, previous=(t:3, i:0), leaderCommit=-1, initializing? false, entries: <empty>
2019-09-24 16:17:09,534 WARN  server.GrpcLogAppender (GrpcLogAppender.java:timeoutAppendRequest(200)) - s2@group-E77E9FD8E08A->s1-GrpcLogAppender: appendEntries Timeout, request=s2->s1#141-t3, previous=(t:3, i:0), leaderCommit=-1, initializing? false, entries: <empty>
2019-09-24 16:17:09,539 DEBUG client.GrpcClientProtocolService (GrpcClientProtocolService.java:responseError(257)) - 28-OrderedRequestStreamObserver28: Failed onNext for client-EDB41257C35F->s2#1024-1024* in 28-OrderedRequestStreamObserver28
java.lang.IllegalStateException: Entry already exists for key 1024 in map SlidingWindow$Server:28-OrderedRequestStreamObserver28:requests
	at org.apache.ratis.util.Preconditions.assertTrue(Preconditions.java:75)
	at org.apache.ratis.util.CollectionUtils.putNew(CollectionUtils.java:94)
	at org.apache.ratis.util.SlidingWindow$RequestMap.putNewRequest(SlidingWindow.java:126)
	at org.apache.ratis.util.SlidingWindow$Server.receivedRequest(SlidingWindow.java:420)
	at org.apache.ratis.grpc.client.GrpcClientProtocolService$OrderedRequestStreamObserver.processClientRequest(GrpcClientProtocolService.java:345)
	at org.apache.ratis.grpc.client.GrpcClientProtocolService$RequestStreamObserver.onNext(GrpcClientProtocolService.java:240)
	at org.apache.ratis.grpc.client.GrpcClientProtocolService$RequestStreamObserver.onNext(GrpcClientProtocolService.java:168)
	at org.apache.ratis.thirdparty.io.grpc.stub.ServerCalls$StreamingServerCallHandler$StreamingServerCallListener.onMessage(ServerCalls.java:248)
	at org.apache.ratis.thirdparty.io.grpc.internal.ServerCallImpl$ServerStreamListenerImpl.messagesAvailable(ServerCallImpl.java:263)
	at org.apache.ratis.thirdparty.io.grpc.internal.ServerImpl$JumpToApplicationThreadServerStreamListener$1MessagesAvailable.runInContext(ServerImpl.java:686)
	at org.apache.ratis.thirdparty.io.grpc.internal.ContextRunnable.run(ContextRunnable.java:37)
	at org.apache.ratis.thirdparty.io.grpc.internal.SerializingExecutor.run(SerializingExecutor.java:123)
	at java.util.concurrent.ThreadPoolExecutor.runWorker(ThreadPoolExecutor.java:1149)
	at java.util.concurrent.ThreadPoolExecutor$Worker.run(ThreadPoolExecutor.java:624)
	at java.lang.Thread.run(Thread.java:748)
2019-09-24 16:17:09,564 DEBUG client.GrpcClientProtocolService (GrpcClientProtocolService.java:<init>(175)) - new 63-OrderedRequestStreamObserver63
2019-09-24 16:17:09,565 DEBUG client.GrpcClientProtocolService (GrpcClientProtocolService.java:sendReply(353)) - 63-OrderedRequestStreamObserver63: sendReply seq=1, RaftClientReply:client-DE317CF077D2->s2@group-E77E9FD8E08A, cid=1023, FAILED org.apache.ratis.protocol.LeaderNotReadyException: s2@group-E77E9FD8E08A is in LEADER state but not ready yet., logIndex=0, commits[s2:c-1, s0:c-1, s1:c-1]
2019-09-24 16:17:09,581 WARN  server.GrpcLogAppender (GrpcLogAppender.java:timeoutAppendRequest(200)) - s2@group-5C26748AB2B1->s1-GrpcLogAppender: appendEntries Timeout, request=s2->s1#1907-t3, previous=(t:3, i:1429), leaderCommit=1328, initializing? false, entries: <empty>
2019-09-24 16:17:09,581 WARN  server.GrpcLogAppender (GrpcLogAppender.java:timeoutAppendRequest(200)) - s2@group-5C26748AB2B1->s0-GrpcLogAppender: appendEntries Timeout, request=s2->s0#1737-t3, previous=(t:3, i:1429), leaderCommit=1328, initializing? false, entries: <empty>
2019-09-24 16:17:09,609 WARN  server.GrpcLogAppender (GrpcLogAppender.java:timeoutAppendRequest(200)) - s2@group-E77E9FD8E08A->s0-GrpcLogAppender: appendEntries Timeout, request=s2->s0#142-t3, previous=(t:3, i:0), leaderCommit=-1, initializing? false, entries: <empty>
2019-09-24 16:17:09,609 WARN  server.GrpcLogAppender (GrpcLogAppender.java:timeoutAppendRequest(200)) - s2@group-E77E9FD8E08A->s1-GrpcLogAppender: appendEntries Timeout, request=s2->s1#142-t3, previous=(t:3, i:0), leaderCommit=-1, initializing? false, entries: <empty>
2019-09-24 16:17:09,649 DEBUG client.GrpcClientProtocolService (GrpcClientProtocolService.java:<init>(175)) - new 8-OrderedRequestStreamObserver8
2019-09-24 16:17:09,650 DEBUG client.GrpcClientProtocolService (GrpcClientProtocolService.java:sendReply(353)) - 8-OrderedRequestStreamObserver8: sendReply seq=1024, RaftClientReply:client-EDB41257C35F->s1@group-5C26748AB2B1, cid=1024, FAILED org.apache.ratis.protocol.NotLeaderException: Server s1@group-5C26748AB2B1 is not the leader s2:0.0.0.0:34862, logIndex=0, commits[s1:c1328, s0:c1227, s2:c1328]
2019-09-24 16:17:09,653 DEBUG client.GrpcClientProtocolService (GrpcClientProtocolService.java:close(374)) - 8-OrderedRequestStreamObserver8: close
2019-09-24 16:17:09,656 DEBUG client.GrpcClientProtocolService (GrpcClientProtocolService.java:<init>(175)) - new 29-OrderedRequestStreamObserver29
2019-09-24 16:17:09,656 WARN  server.GrpcLogAppender (GrpcLogAppender.java:timeoutAppendRequest(200)) - s2@group-5C26748AB2B1->s0-GrpcLogAppender: appendEntries Timeout, request=s2->s0#1738-t3, previous=(t:3, i:1429), leaderCommit=1328, initializing? false, entries: <empty>
2019-09-24 16:17:09,656 WARN  server.GrpcLogAppender (GrpcLogAppender.java:timeoutAppendRequest(200)) - s2@group-5C26748AB2B1->s1-GrpcLogAppender: appendEntries Timeout, request=s2->s1#1908-t3, previous=(t:3, i:1429), leaderCommit=1328, initializing? false, entries: <empty>
2019-09-24 16:17:09,666 DEBUG client.GrpcClientProtocolService (GrpcClientProtocolService.java:close(374)) - 63-OrderedRequestStreamObserver63: close
2019-09-24 16:17:09,684 WARN  server.GrpcLogAppender (GrpcLogAppender.java:timeoutAppendRequest(200)) - s2@group-E77E9FD8E08A->s0-GrpcLogAppender: appendEntries Timeout, request=s2->s0#143-t3, previous=(t:3, i:0), leaderCommit=-1, initializing? false, entries: <empty>
2019-09-24 16:17:09,684 WARN  server.GrpcLogAppender (GrpcLogAppender.java:timeoutAppendRequest(200)) - s2@group-E77E9FD8E08A->s1-GrpcLogAppender: appendEntries Timeout, request=s2->s1#143-t3, previous=(t:3, i:0), leaderCommit=-1, initializing? false, entries: <empty>
2019-09-24 16:17:09,732 WARN  server.GrpcLogAppender (GrpcLogAppender.java:timeoutAppendRequest(200)) - s2@group-5C26748AB2B1->s0-GrpcLogAppender: appendEntries Timeout, request=s2->s0#1739-t3, previous=(t:3, i:1429), leaderCommit=1328, initializing? false, entries: <empty>
2019-09-24 16:17:09,732 WARN  server.GrpcLogAppender (GrpcLogAppender.java:timeoutAppendRequest(200)) - s2@group-5C26748AB2B1->s1-GrpcLogAppender: appendEntries Timeout, request=s2->s1#1909-t3, previous=(t:3, i:1429), leaderCommit=1328, initializing? false, entries: <empty>
2019-09-24 16:17:09,759 WARN  server.GrpcLogAppender (GrpcLogAppender.java:timeoutAppendRequest(200)) - s2@group-E77E9FD8E08A->s0-GrpcLogAppender: appendEntries Timeout, request=s2->s0#144-t3, previous=(t:3, i:0), leaderCommit=-1, initializing? false, entries: <empty>
2019-09-24 16:17:09,760 WARN  server.GrpcLogAppender (GrpcLogAppender.java:timeoutAppendRequest(200)) - s2@group-E77E9FD8E08A->s1-GrpcLogAppender: appendEntries Timeout, request=s2->s1#144-t3, previous=(t:3, i:0), leaderCommit=-1, initializing? false, entries: <empty>
2019-09-24 16:17:09,769 DEBUG client.GrpcClientProtocolService (GrpcClientProtocolService.java:<init>(175)) - new 64-OrderedRequestStreamObserver64
2019-09-24 16:17:09,770 DEBUG client.GrpcClientProtocolService (GrpcClientProtocolService.java:sendReply(353)) - 64-OrderedRequestStreamObserver64: sendReply seq=1, RaftClientReply:client-DE317CF077D2->s2@group-E77E9FD8E08A, cid=1023, FAILED org.apache.ratis.protocol.LeaderNotReadyException: s2@group-E77E9FD8E08A is in LEADER state but not ready yet., logIndex=0, commits[s2:c-1, s0:c-1, s1:c-1]
2019-09-24 16:17:09,807 WARN  server.GrpcLogAppender (GrpcLogAppender.java:timeoutAppendRequest(200)) - s2@group-5C26748AB2B1->s1-GrpcLogAppender: appendEntries Timeout, request=s2->s1#1910-t3, previous=(t:3, i:1429), leaderCommit=1328, initializing? false, entries: <empty>
2019-09-24 16:17:09,807 WARN  server.GrpcLogAppender (GrpcLogAppender.java:timeoutAppendRequest(200)) - s2@group-5C26748AB2B1->s0-GrpcLogAppender: appendEntries Timeout, request=s2->s0#1740-t3, previous=(t:3, i:1429), leaderCommit=1328, initializing? false, entries: <empty>
2019-09-24 16:17:09,834 WARN  server.GrpcLogAppender (GrpcLogAppender.java:timeoutAppendRequest(200)) - s2@group-E77E9FD8E08A->s0-GrpcLogAppender: appendEntries Timeout, request=s2->s0#145-t3, previous=(t:3, i:0), leaderCommit=-1, initializing? false, entries: <empty>
2019-09-24 16:17:09,835 WARN  server.GrpcLogAppender (GrpcLogAppender.java:timeoutAppendRequest(200)) - s2@group-E77E9FD8E08A->s1-GrpcLogAppender: appendEntries Timeout, request=s2->s1#145-t3, previous=(t:3, i:0), leaderCommit=-1, initializing? false, entries: <empty>
2019-09-24 16:17:09,871 DEBUG client.GrpcClientProtocolService (GrpcClientProtocolService.java:close(374)) - 64-OrderedRequestStreamObserver64: close
2019-09-24 16:17:09,882 WARN  server.GrpcLogAppender (GrpcLogAppender.java:timeoutAppendRequest(200)) - s2@group-5C26748AB2B1->s0-GrpcLogAppender: appendEntries Timeout, request=s2->s0#1741-t3, previous=(t:3, i:1429), leaderCommit=1328, initializing? false, entries: <empty>
2019-09-24 16:17:09,882 WARN  server.GrpcLogAppender (GrpcLogAppender.java:timeoutAppendRequest(200)) - s2@group-5C26748AB2B1->s1-GrpcLogAppender: appendEntries Timeout, request=s2->s1#1911-t3, previous=(t:3, i:1429), leaderCommit=1328, initializing? false, entries: <empty>
2019-09-24 16:17:09,909 WARN  server.GrpcLogAppender (GrpcLogAppender.java:timeoutAppendRequest(200)) - s2@group-E77E9FD8E08A->s0-GrpcLogAppender: appendEntries Timeout, request=s2->s0#146-t3, previous=(t:3, i:0), leaderCommit=-1, initializing? false, entries: <empty>
2019-09-24 16:17:09,910 WARN  server.GrpcLogAppender (GrpcLogAppender.java:timeoutAppendRequest(200)) - s2@group-E77E9FD8E08A->s1-GrpcLogAppender: appendEntries Timeout, request=s2->s1#146-t3, previous=(t:3, i:0), leaderCommit=-1, initializing? false, entries: <empty>
2019-09-24 16:17:09,957 WARN  server.GrpcLogAppender (GrpcLogAppender.java:timeoutAppendRequest(200)) - s2@group-5C26748AB2B1->s0-GrpcLogAppender: appendEntries Timeout, request=s2->s0#1742-t3, previous=(t:3, i:1429), leaderCommit=1328, initializing? false, entries: <empty>
2019-09-24 16:17:09,957 WARN  server.GrpcLogAppender (GrpcLogAppender.java:timeoutAppendRequest(200)) - s2@group-5C26748AB2B1->s1-GrpcLogAppender: appendEntries Timeout, request=s2->s1#1912-t3, previous=(t:3, i:1429), leaderCommit=1328, initializing? false, entries: <empty>
2019-09-24 16:17:09,975 DEBUG client.GrpcClientProtocolService (GrpcClientProtocolService.java:<init>(175)) - new 65-OrderedRequestStreamObserver65
2019-09-24 16:17:09,975 DEBUG client.GrpcClientProtocolService (GrpcClientProtocolService.java:sendReply(353)) - 65-OrderedRequestStreamObserver65: sendReply seq=1, RaftClientReply:client-DE317CF077D2->s2@group-E77E9FD8E08A, cid=1023, FAILED org.apache.ratis.protocol.LeaderNotReadyException: s2@group-E77E9FD8E08A is in LEADER state but not ready yet., logIndex=0, commits[s2:c-1, s0:c-1, s1:c-1]
2019-09-24 16:17:09,985 WARN  server.GrpcLogAppender (GrpcLogAppender.java:timeoutAppendRequest(200)) - s2@group-E77E9FD8E08A->s0-GrpcLogAppender: appendEntries Timeout, request=s2->s0#147-t3, previous=(t:3, i:0), leaderCommit=-1, initializing? false, entries: <empty>
2019-09-24 16:17:09,985 WARN  server.GrpcLogAppender (GrpcLogAppender.java:timeoutAppendRequest(200)) - s2@group-E77E9FD8E08A->s1-GrpcLogAppender: appendEntries Timeout, request=s2->s1#147-t3, previous=(t:3, i:0), leaderCommit=-1, initializing? false, entries: <empty>
2019-09-24 16:17:10,033 WARN  server.GrpcLogAppender (GrpcLogAppender.java:timeoutAppendRequest(200)) - s2@group-5C26748AB2B1->s0-GrpcLogAppender: appendEntries Timeout, request=s2->s0#1743-t3, previous=(t:3, i:1429), leaderCommit=1328, initializing? false, entries: <empty>
2019-09-24 16:17:10,033 WARN  server.GrpcLogAppender (GrpcLogAppender.java:timeoutAppendRequest(200)) - s2@group-5C26748AB2B1->s1-GrpcLogAppender: appendEntries Timeout, request=s2->s1#1913-t3, previous=(t:3, i:1429), leaderCommit=1328, initializing? false, entries: <empty>
2019-09-24 16:17:10,060 WARN  server.GrpcLogAppender (GrpcLogAppender.java:timeoutAppendRequest(200)) - s2@group-E77E9FD8E08A->s0-GrpcLogAppender: appendEntries Timeout, request=s2->s0#148-t3, previous=(t:3, i:0), leaderCommit=-1, initializing? false, entries: <empty>
2019-09-24 16:17:10,061 WARN  server.GrpcLogAppender (GrpcLogAppender.java:timeoutAppendRequest(200)) - s2@group-E77E9FD8E08A->s1-GrpcLogAppender: appendEntries Timeout, request=s2->s1#148-t3, previous=(t:3, i:0), leaderCommit=-1, initializing? false, entries: <empty>
2019-09-24 16:17:10,077 DEBUG client.GrpcClientProtocolService (GrpcClientProtocolService.java:close(374)) - 65-OrderedRequestStreamObserver65: close
2019-09-24 16:17:10,108 WARN  server.GrpcLogAppender (GrpcLogAppender.java:timeoutAppendRequest(200)) - s2@group-5C26748AB2B1->s1-GrpcLogAppender: appendEntries Timeout, request=s2->s1#1914-t3, previous=(t:3, i:1429), leaderCommit=1328, initializing? false, entries: <empty>
2019-09-24 16:17:10,108 WARN  server.GrpcLogAppender (GrpcLogAppender.java:timeoutAppendRequest(200)) - s2@group-5C26748AB2B1->s0-GrpcLogAppender: appendEntries Timeout, request=s2->s0#1744-t3, previous=(t:3, i:1429), leaderCommit=1328, initializing? false, entries: <empty>
2019-09-24 16:17:10,135 WARN  server.GrpcLogAppender (GrpcLogAppender.java:timeoutAppendRequest(200)) - s2@group-E77E9FD8E08A->s0-GrpcLogAppender: appendEntries Timeout, request=s2->s0#149-t3, previous=(t:3, i:0), leaderCommit=-1, initializing? false, entries: <empty>
2019-09-24 16:17:10,136 WARN  server.GrpcLogAppender (GrpcLogAppender.java:timeoutAppendRequest(200)) - s2@group-E77E9FD8E08A->s1-GrpcLogAppender: appendEntries Timeout, request=s2->s1#149-t3, previous=(t:3, i:0), leaderCommit=-1, initializing? false, entries: <empty>
2019-09-24 16:17:10,181 DEBUG client.GrpcClientProtocolService (GrpcClientProtocolService.java:<init>(175)) - new 66-OrderedRequestStreamObserver66
2019-09-24 16:17:10,182 DEBUG client.GrpcClientProtocolService (GrpcClientProtocolService.java:sendReply(353)) - 66-OrderedRequestStreamObserver66: sendReply seq=1, RaftClientReply:client-DE317CF077D2->s2@group-E77E9FD8E08A, cid=1023, FAILED org.apache.ratis.protocol.LeaderNotReadyException: s2@group-E77E9FD8E08A is in LEADER state but not ready yet., logIndex=0, commits[s2:c-1, s0:c-1, s1:c-1]
2019-09-24 16:17:10,183 WARN  server.GrpcLogAppender (GrpcLogAppender.java:timeoutAppendRequest(200)) - s2@group-5C26748AB2B1->s1-GrpcLogAppender: appendEntries Timeout, request=s2->s1#1915-t3, previous=(t:3, i:1429), leaderCommit=1328, initializing? false, entries: <empty>
2019-09-24 16:17:10,183 WARN  server.GrpcLogAppender (GrpcLogAppender.java:timeoutAppendRequest(200)) - s2@group-5C26748AB2B1->s0-GrpcLogAppender: appendEntries Timeout, request=s2->s0#1745-t3, previous=(t:3, i:1429), leaderCommit=1328, initializing? false, entries: <empty>
2019-09-24 16:17:10,210 WARN  server.GrpcLogAppender (GrpcLogAppender.java:timeoutAppendRequest(200)) - s2@group-E77E9FD8E08A->s0-GrpcLogAppender: appendEntries Timeout, request=s2->s0#150-t3, previous=(t:3, i:0), leaderCommit=-1, initializing? false, entries: <empty>
2019-09-24 16:17:10,211 WARN  server.GrpcLogAppender (GrpcLogAppender.java:timeoutAppendRequest(200)) - s2@group-E77E9FD8E08A->s1-GrpcLogAppender: appendEntries Timeout, request=s2->s1#150-t3, previous=(t:3, i:0), leaderCommit=-1, initializing? false, entries: <empty>
2019-09-24 16:17:10,258 WARN  server.GrpcLogAppender (GrpcLogAppender.java:timeoutAppendRequest(200)) - s2@group-5C26748AB2B1->s1-GrpcLogAppender: appendEntries Timeout, request=s2->s1#1916-t3, previous=(t:3, i:1429), leaderCommit=1328, initializing? false, entries: <empty>
2019-09-24 16:17:10,258 WARN  server.GrpcLogAppender (GrpcLogAppender.java:timeoutAppendRequest(200)) - s2@group-5C26748AB2B1->s0-GrpcLogAppender: appendEntries Timeout, request=s2->s0#1746-t3, previous=(t:3, i:1429), leaderCommit=1328, initializing? false, entries: <empty>
2019-09-24 16:17:10,283 DEBUG client.GrpcClientProtocolService (GrpcClientProtocolService.java:close(374)) - 66-OrderedRequestStreamObserver66: close
2019-09-24 16:17:10,286 WARN  server.GrpcLogAppender (GrpcLogAppender.java:timeoutAppendRequest(200)) - s2@group-E77E9FD8E08A->s0-GrpcLogAppender: appendEntries Timeout, request=s2->s0#151-t3, previous=(t:3, i:0), leaderCommit=-1, initializing? false, entries: <empty>
2019-09-24 16:17:10,286 WARN  server.GrpcLogAppender (GrpcLogAppender.java:timeoutAppendRequest(200)) - s2@group-E77E9FD8E08A->s1-GrpcLogAppender: appendEntries Timeout, request=s2->s1#151-t3, previous=(t:3, i:0), leaderCommit=-1, initializing? false, entries: <empty>
2019-09-24 16:17:10,333 WARN  server.GrpcLogAppender (GrpcLogAppender.java:timeoutAppendRequest(200)) - s2@group-5C26748AB2B1->s1-GrpcLogAppender: appendEntries Timeout, request=s2->s1#1917-t3, previous=(t:3, i:1429), leaderCommit=1328, initializing? false, entries: <empty>
2019-09-24 16:17:10,333 WARN  server.GrpcLogAppender (GrpcLogAppender.java:timeoutAppendRequest(200)) - s2@group-5C26748AB2B1->s0-GrpcLogAppender: appendEntries Timeout, request=s2->s0#1747-t3, previous=(t:3, i:1429), leaderCommit=1328, initializing? false, entries: <empty>
2019-09-24 16:17:10,361 WARN  server.GrpcLogAppender (GrpcLogAppender.java:timeoutAppendRequest(200)) - s2@group-E77E9FD8E08A->s0-GrpcLogAppender: appendEntries Timeout, request=s2->s0#152-t3, previous=(t:3, i:0), leaderCommit=-1, initializing? false, entries: <empty>
2019-09-24 16:17:10,361 WARN  server.GrpcLogAppender (GrpcLogAppender.java:timeoutAppendRequest(200)) - s2@group-E77E9FD8E08A->s1-GrpcLogAppender: appendEntries Timeout, request=s2->s1#152-t3, previous=(t:3, i:0), leaderCommit=-1, initializing? false, entries: <empty>
2019-09-24 16:17:10,388 DEBUG client.GrpcClientProtocolService (GrpcClientProtocolService.java:<init>(175)) - new 67-OrderedRequestStreamObserver67
2019-09-24 16:17:10,388 DEBUG client.GrpcClientProtocolService (GrpcClientProtocolService.java:sendReply(353)) - 67-OrderedRequestStreamObserver67: sendReply seq=1, RaftClientReply:client-DE317CF077D2->s2@group-E77E9FD8E08A, cid=1023, FAILED org.apache.ratis.protocol.LeaderNotReadyException: s2@group-E77E9FD8E08A is in LEADER state but not ready yet., logIndex=0, commits[s2:c-1, s0:c-1, s1:c-1]
2019-09-24 16:17:10,408 WARN  server.GrpcLogAppender (GrpcLogAppender.java:timeoutAppendRequest(200)) - s2@group-5C26748AB2B1->s1-GrpcLogAppender: appendEntries Timeout, request=s2->s1#1918-t3, previous=(t:3, i:1429), leaderCommit=1328, initializing? false, entries: <empty>
2019-09-24 16:17:10,408 WARN  server.GrpcLogAppender (GrpcLogAppender.java:timeoutAppendRequest(200)) - s2@group-5C26748AB2B1->s0-GrpcLogAppender: appendEntries Timeout, request=s2->s0#1748-t3, previous=(t:3, i:1429), leaderCommit=1328, initializing? false, entries: <empty>
2019-09-24 16:17:10,436 WARN  server.GrpcLogAppender (GrpcLogAppender.java:timeoutAppendRequest(200)) - s2@group-E77E9FD8E08A->s0-GrpcLogAppender: appendEntries Timeout, request=s2->s0#153-t3, previous=(t:3, i:0), leaderCommit=-1, initializing? false, entries: <empty>
2019-09-24 16:17:10,437 WARN  server.GrpcLogAppender (GrpcLogAppender.java:timeoutAppendRequest(200)) - s2@group-E77E9FD8E08A->s1-GrpcLogAppender: appendEntries Timeout, request=s2->s1#153-t3, previous=(t:3, i:0), leaderCommit=-1, initializing? false, entries: <empty>
2019-09-24 16:17:10,484 WARN  server.GrpcLogAppender (GrpcLogAppender.java:timeoutAppendRequest(200)) - s2@group-5C26748AB2B1->s1-GrpcLogAppender: appendEntries Timeout, request=s2->s1#1919-t3, previous=(t:3, i:1429), leaderCommit=1328, initializing? false, entries: <empty>
2019-09-24 16:17:10,484 WARN  server.GrpcLogAppender (GrpcLogAppender.java:timeoutAppendRequest(200)) - s2@group-5C26748AB2B1->s0-GrpcLogAppender: appendEntries Timeout, request=s2->s0#1749-t3, previous=(t:3, i:1429), leaderCommit=1328, initializing? false, entries: <empty>
2019-09-24 16:17:10,490 DEBUG client.GrpcClientProtocolService (GrpcClientProtocolService.java:close(374)) - 67-OrderedRequestStreamObserver67: close
2019-09-24 16:17:10,511 WARN  server.GrpcLogAppender (GrpcLogAppender.java:timeoutAppendRequest(200)) - s2@group-E77E9FD8E08A->s0-GrpcLogAppender: appendEntries Timeout, request=s2->s0#154-t3, previous=(t:3, i:0), leaderCommit=-1, initializing? false, entries: <empty>
2019-09-24 16:17:10,512 WARN  server.GrpcLogAppender (GrpcLogAppender.java:timeoutAppendRequest(200)) - s2@group-E77E9FD8E08A->s1-GrpcLogAppender: appendEntries Timeout, request=s2->s1#154-t3, previous=(t:3, i:0), leaderCommit=-1, initializing? false, entries: <empty>
2019-09-24 16:17:10,559 WARN  server.GrpcLogAppender (GrpcLogAppender.java:timeoutAppendRequest(200)) - s2@group-5C26748AB2B1->s1-GrpcLogAppender: appendEntries Timeout, request=s2->s1#1920-t3, previous=(t:3, i:1429), leaderCommit=1328, initializing? false, entries: <empty>
2019-09-24 16:17:10,559 WARN  server.GrpcLogAppender (GrpcLogAppender.java:timeoutAppendRequest(200)) - s2@group-5C26748AB2B1->s0-GrpcLogAppender: appendEntries Timeout, request=s2->s0#1750-t3, previous=(t:3, i:1429), leaderCommit=1328, initializing? false, entries: <empty>
2019-09-24 16:17:10,586 WARN  server.GrpcLogAppender (GrpcLogAppender.java:timeoutAppendRequest(200)) - s2@group-E77E9FD8E08A->s0-GrpcLogAppender: appendEntries Timeout, request=s2->s0#155-t3, previous=(t:3, i:0), leaderCommit=-1, initializing? false, entries: <empty>
2019-09-24 16:17:10,587 WARN  server.GrpcLogAppender (GrpcLogAppender.java:timeoutAppendRequest(200)) - s2@group-E77E9FD8E08A->s1-GrpcLogAppender: appendEntries Timeout, request=s2->s1#155-t3, previous=(t:3, i:0), leaderCommit=-1, initializing? false, entries: <empty>
2019-09-24 16:17:10,594 DEBUG client.GrpcClientProtocolService (GrpcClientProtocolService.java:<init>(175)) - new 68-OrderedRequestStreamObserver68
2019-09-24 16:17:10,595 DEBUG client.GrpcClientProtocolService (GrpcClientProtocolService.java:sendReply(353)) - 68-OrderedRequestStreamObserver68: sendReply seq=1, RaftClientReply:client-DE317CF077D2->s2@group-E77E9FD8E08A, cid=1023, FAILED org.apache.ratis.protocol.LeaderNotReadyException: s2@group-E77E9FD8E08A is in LEADER state but not ready yet., logIndex=0, commits[s2:c-1, s0:c-1, s1:c-1]
2019-09-24 16:17:10,634 WARN  server.GrpcLogAppender (GrpcLogAppender.java:timeoutAppendRequest(200)) - s2@group-5C26748AB2B1->s1-GrpcLogAppender: appendEntries Timeout, request=s2->s1#1921-t3, previous=(t:3, i:1429), leaderCommit=1328, initializing? false, entries: <empty>
2019-09-24 16:17:10,634 WARN  server.GrpcLogAppender (GrpcLogAppender.java:timeoutAppendRequest(200)) - s2@group-5C26748AB2B1->s0-GrpcLogAppender: appendEntries Timeout, request=s2->s0#1751-t3, previous=(t:3, i:1429), leaderCommit=1328, initializing? false, entries: <empty>
2019-09-24 16:17:10,662 WARN  server.GrpcLogAppender (GrpcLogAppender.java:timeoutAppendRequest(200)) - s2@group-E77E9FD8E08A->s0-GrpcLogAppender: appendEntries Timeout, request=s2->s0#156-t3, previous=(t:3, i:0), leaderCommit=-1, initializing? false, entries: <empty>
2019-09-24 16:17:10,662 WARN  server.GrpcLogAppender (GrpcLogAppender.java:timeoutAppendRequest(200)) - s2@group-E77E9FD8E08A->s1-GrpcLogAppender: appendEntries Timeout, request=s2->s1#156-t3, previous=(t:3, i:0), leaderCommit=-1, initializing? false, entries: <empty>
2019-09-24 16:17:10,696 DEBUG client.GrpcClientProtocolService (GrpcClientProtocolService.java:close(374)) - 68-OrderedRequestStreamObserver68: close
2019-09-24 16:17:10,709 WARN  server.GrpcLogAppender (GrpcLogAppender.java:timeoutAppendRequest(200)) - s2@group-5C26748AB2B1->s0-GrpcLogAppender: appendEntries Timeout, request=s2->s0#1752-t3, previous=(t:3, i:1429), leaderCommit=1328, initializing? false, entries: <empty>
2019-09-24 16:17:10,709 WARN  server.GrpcLogAppender (GrpcLogAppender.java:timeoutAppendRequest(200)) - s2@group-5C26748AB2B1->s1-GrpcLogAppender: appendEntries Timeout, request=s2->s1#1922-t3, previous=(t:3, i:1429), leaderCommit=1328, initializing? false, entries: <empty>
2019-09-24 16:17:10,737 WARN  server.GrpcLogAppender (GrpcLogAppender.java:timeoutAppendRequest(200)) - s2@group-E77E9FD8E08A->s0-GrpcLogAppender: appendEntries Timeout, request=s2->s0#157-t3, previous=(t:3, i:0), leaderCommit=-1, initializing? false, entries: <empty>
2019-09-24 16:17:10,737 WARN  server.GrpcLogAppender (GrpcLogAppender.java:timeoutAppendRequest(200)) - s2@group-E77E9FD8E08A->s1-GrpcLogAppender: appendEntries Timeout, request=s2->s1#157-t3, previous=(t:3, i:0), leaderCommit=-1, initializing? false, entries: <empty>
2019-09-24 16:17:10,785 WARN  server.GrpcLogAppender (GrpcLogAppender.java:timeoutAppendRequest(200)) - s2@group-5C26748AB2B1->s1-GrpcLogAppender: appendEntries Timeout, request=s2->s1#1923-t3, previous=(t:3, i:1429), leaderCommit=1328, initializing? false, entries: <empty>
2019-09-24 16:17:10,785 WARN  server.GrpcLogAppender (GrpcLogAppender.java:timeoutAppendRequest(200)) - s2@group-5C26748AB2B1->s0-GrpcLogAppender: appendEntries Timeout, request=s2->s0#1753-t3, previous=(t:3, i:1429), leaderCommit=1328, initializing? false, entries: <empty>
2019-09-24 16:17:10,803 DEBUG client.GrpcClientProtocolService (GrpcClientProtocolService.java:<init>(175)) - new 69-OrderedRequestStreamObserver69
2019-09-24 16:17:10,804 DEBUG client.GrpcClientProtocolService (GrpcClientProtocolService.java:sendReply(353)) - 69-OrderedRequestStreamObserver69: sendReply seq=1, RaftClientReply:client-DE317CF077D2->s2@group-E77E9FD8E08A, cid=1023, FAILED org.apache.ratis.protocol.LeaderNotReadyException: s2@group-E77E9FD8E08A is in LEADER state but not ready yet., logIndex=0, commits[s2:c-1, s0:c-1, s1:c-1]
2019-09-24 16:17:10,812 WARN  server.GrpcLogAppender (GrpcLogAppender.java:timeoutAppendRequest(200)) - s2@group-E77E9FD8E08A->s0-GrpcLogAppender: appendEntries Timeout, request=s2->s0#158-t3, previous=(t:3, i:0), leaderCommit=-1, initializing? false, entries: <empty>
2019-09-24 16:17:10,813 WARN  server.GrpcLogAppender (GrpcLogAppender.java:timeoutAppendRequest(200)) - s2@group-E77E9FD8E08A->s1-GrpcLogAppender: appendEntries Timeout, request=s2->s1#158-t3, previous=(t:3, i:0), leaderCommit=-1, initializing? false, entries: <empty>
2019-09-24 16:17:10,860 WARN  server.GrpcLogAppender (GrpcLogAppender.java:timeoutAppendRequest(200)) - s2@group-5C26748AB2B1->s1-GrpcLogAppender: appendEntries Timeout, request=s2->s1#1924-t3, previous=(t:3, i:1429), leaderCommit=1328, initializing? false, entries: <empty>
2019-09-24 16:17:10,860 WARN  server.GrpcLogAppender (GrpcLogAppender.java:timeoutAppendRequest(200)) - s2@group-5C26748AB2B1->s0-GrpcLogAppender: appendEntries Timeout, request=s2->s0#1754-t3, previous=(t:3, i:1429), leaderCommit=1328, initializing? false, entries: <empty>
2019-09-24 16:17:10,887 WARN  server.GrpcLogAppender (GrpcLogAppender.java:timeoutAppendRequest(200)) - s2@group-E77E9FD8E08A->s0-GrpcLogAppender: appendEntries Timeout, request=s2->s0#159-t3, previous=(t:3, i:0), leaderCommit=-1, initializing? false, entries: <empty>
2019-09-24 16:17:10,888 WARN  server.GrpcLogAppender (GrpcLogAppender.java:timeoutAppendRequest(200)) - s2@group-E77E9FD8E08A->s1-GrpcLogAppender: appendEntries Timeout, request=s2->s1#159-t3, previous=(t:3, i:0), leaderCommit=-1, initializing? false, entries: <empty>
2019-09-24 16:17:10,905 DEBUG client.GrpcClientProtocolService (GrpcClientProtocolService.java:close(374)) - 69-OrderedRequestStreamObserver69: close
2019-09-24 16:17:10,935 WARN  server.GrpcLogAppender (GrpcLogAppender.java:timeoutAppendRequest(200)) - s2@group-5C26748AB2B1->s1-GrpcLogAppender: appendEntries Timeout, request=s2->s1#1925-t3, previous=(t:3, i:1429), leaderCommit=1328, initializing? false, entries: <empty>
2019-09-24 16:17:10,935 WARN  server.GrpcLogAppender (GrpcLogAppender.java:timeoutAppendRequest(200)) - s2@group-5C26748AB2B1->s0-GrpcLogAppender: appendEntries Timeout, request=s2->s0#1755-t3, previous=(t:3, i:1429), leaderCommit=1328, initializing? false, entries: <empty>
2019-09-24 16:17:10,962 WARN  server.GrpcLogAppender (GrpcLogAppender.java:timeoutAppendRequest(200)) - s2@group-E77E9FD8E08A->s0-GrpcLogAppender: appendEntries Timeout, request=s2->s0#160-t3, previous=(t:3, i:0), leaderCommit=-1, initializing? false, entries: <empty>
2019-09-24 16:17:10,963 WARN  server.GrpcLogAppender (GrpcLogAppender.java:timeoutAppendRequest(200)) - s2@group-E77E9FD8E08A->s1-GrpcLogAppender: appendEntries Timeout, request=s2->s1#160-t3, previous=(t:3, i:0), leaderCommit=-1, initializing? false, entries: <empty>
2019-09-24 16:17:11,010 DEBUG client.GrpcClientProtocolService (GrpcClientProtocolService.java:<init>(175)) - new 70-OrderedRequestStreamObserver70
2019-09-24 16:17:11,010 WARN  server.GrpcLogAppender (GrpcLogAppender.java:timeoutAppendRequest(200)) - s2@group-5C26748AB2B1->s1-GrpcLogAppender: appendEntries Timeout, request=s2->s1#1926-t3, previous=(t:3, i:1429), leaderCommit=1328, initializing? false, entries: <empty>
2019-09-24 16:17:11,010 WARN  server.GrpcLogAppender (GrpcLogAppender.java:timeoutAppendRequest(200)) - s2@group-5C26748AB2B1->s0-GrpcLogAppender: appendEntries Timeout, request=s2->s0#1756-t3, previous=(t:3, i:1429), leaderCommit=1328, initializing? false, entries: <empty>
2019-09-24 16:17:11,011 DEBUG client.GrpcClientProtocolService (GrpcClientProtocolService.java:sendReply(353)) - 70-OrderedRequestStreamObserver70: sendReply seq=1, RaftClientReply:client-DE317CF077D2->s2@group-E77E9FD8E08A, cid=1023, FAILED org.apache.ratis.protocol.LeaderNotReadyException: s2@group-E77E9FD8E08A is in LEADER state but not ready yet., logIndex=0, commits[s2:c-1, s0:c-1, s1:c-1]
2019-09-24 16:17:11,038 WARN  server.GrpcLogAppender (GrpcLogAppender.java:timeoutAppendRequest(200)) - s2@group-E77E9FD8E08A->s0-GrpcLogAppender: appendEntries Timeout, request=s2->s0#161-t3, previous=(t:3, i:0), leaderCommit=-1, initializing? false, entries: <empty>
2019-09-24 16:17:11,038 WARN  server.GrpcLogAppender (GrpcLogAppender.java:timeoutAppendRequest(200)) - s2@group-E77E9FD8E08A->s1-GrpcLogAppender: appendEntries Timeout, request=s2->s1#161-t3, previous=(t:3, i:0), leaderCommit=-1, initializing? false, entries: <empty>
2019-09-24 16:17:11,086 WARN  server.GrpcLogAppender (GrpcLogAppender.java:timeoutAppendRequest(200)) - s2@group-5C26748AB2B1->s1-GrpcLogAppender: appendEntries Timeout, request=s2->s1#1927-t3, previous=(t:3, i:1429), leaderCommit=1328, initializing? false, entries: <empty>
2019-09-24 16:17:11,086 WARN  server.GrpcLogAppender (GrpcLogAppender.java:timeoutAppendRequest(200)) - s2@group-5C26748AB2B1->s0-GrpcLogAppender: appendEntries Timeout, request=s2->s0#1757-t3, previous=(t:3, i:1429), leaderCommit=1328, initializing? false, entries: <empty>
2019-09-24 16:17:11,112 DEBUG client.GrpcClientProtocolService (GrpcClientProtocolService.java:close(374)) - 70-OrderedRequestStreamObserver70: close
2019-09-24 16:17:11,113 WARN  server.GrpcLogAppender (GrpcLogAppender.java:timeoutAppendRequest(200)) - s2@group-E77E9FD8E08A->s0-GrpcLogAppender: appendEntries Timeout, request=s2->s0#162-t3, previous=(t:3, i:0), leaderCommit=-1, initializing? false, entries: <empty>
2019-09-24 16:17:11,114 WARN  server.GrpcLogAppender (GrpcLogAppender.java:timeoutAppendRequest(200)) - s2@group-E77E9FD8E08A->s1-GrpcLogAppender: appendEntries Timeout, request=s2->s1#162-t3, previous=(t:3, i:0), leaderCommit=-1, initializing? false, entries: <empty>
2019-09-24 16:17:11,162 WARN  server.GrpcLogAppender (GrpcLogAppender.java:timeoutAppendRequest(200)) - s2@group-5C26748AB2B1->s0-GrpcLogAppender: appendEntries Timeout, request=s2->s0#1758-t3, previous=(t:3, i:1429), leaderCommit=1328, initializing? false, entries: <empty>
2019-09-24 16:17:11,162 WARN  server.GrpcLogAppender (GrpcLogAppender.java:timeoutAppendRequest(200)) - s2@group-5C26748AB2B1->s1-GrpcLogAppender: appendEntries Timeout, request=s2->s1#1928-t3, previous=(t:3, i:1429), leaderCommit=1328, initializing? false, entries: <empty>
2019-09-24 16:17:11,188 WARN  server.GrpcLogAppender (GrpcLogAppender.java:timeoutAppendRequest(200)) - s2@group-E77E9FD8E08A->s0-GrpcLogAppender: appendEntries Timeout, request=s2->s0#163-t3, previous=(t:3, i:0), leaderCommit=-1, initializing? false, entries: <empty>
2019-09-24 16:17:11,189 WARN  server.GrpcLogAppender (GrpcLogAppender.java:timeoutAppendRequest(200)) - s2@group-E77E9FD8E08A->s1-GrpcLogAppender: appendEntries Timeout, request=s2->s1#163-t3, previous=(t:3, i:0), leaderCommit=-1, initializing? false, entries: <empty>
2019-09-24 16:17:11,219 DEBUG client.GrpcClientProtocolService (GrpcClientProtocolService.java:<init>(175)) - new 71-OrderedRequestStreamObserver71
2019-09-24 16:17:11,220 DEBUG client.GrpcClientProtocolService (GrpcClientProtocolService.java:sendReply(353)) - 71-OrderedRequestStreamObserver71: sendReply seq=1, RaftClientReply:client-DE317CF077D2->s2@group-E77E9FD8E08A, cid=1023, FAILED org.apache.ratis.protocol.LeaderNotReadyException: s2@group-E77E9FD8E08A is in LEADER state but not ready yet., logIndex=0, commits[s2:c-1, s0:c-1, s1:c-1]
2019-09-24 16:17:11,237 WARN  server.GrpcLogAppender (GrpcLogAppender.java:timeoutAppendRequest(200)) - s2@group-5C26748AB2B1->s0-GrpcLogAppender: appendEntries Timeout, request=s2->s0#1759-t3, previous=(t:3, i:1429), leaderCommit=1328, initializing? false, entries: <empty>
2019-09-24 16:17:11,237 WARN  server.GrpcLogAppender (GrpcLogAppender.java:timeoutAppendRequest(200)) - s2@group-5C26748AB2B1->s1-GrpcLogAppender: appendEntries Timeout, request=s2->s1#1929-t3, previous=(t:3, i:1429), leaderCommit=1328, initializing? false, entries: <empty>
2019-09-24 16:17:11,263 WARN  server.GrpcLogAppender (GrpcLogAppender.java:timeoutAppendRequest(200)) - s2@group-E77E9FD8E08A->s0-GrpcLogAppender: appendEntries Timeout, request=s2->s0#164-t3, previous=(t:3, i:0), leaderCommit=-1, initializing? false, entries: <empty>
2019-09-24 16:17:11,264 WARN  server.GrpcLogAppender (GrpcLogAppender.java:timeoutAppendRequest(200)) - s2@group-E77E9FD8E08A->s1-GrpcLogAppender: appendEntries Timeout, request=s2->s1#164-t3, previous=(t:3, i:0), leaderCommit=-1, initializing? false, entries: <empty>
2019-09-24 16:17:11,312 WARN  server.GrpcLogAppender (GrpcLogAppender.java:timeoutAppendRequest(200)) - s2@group-5C26748AB2B1->s1-GrpcLogAppender: appendEntries Timeout, request=s2->s1#1930-t3, previous=(t:3, i:1429), leaderCommit=1328, initializing? false, entries: <empty>
2019-09-24 16:17:11,312 WARN  server.GrpcLogAppender (GrpcLogAppender.java:timeoutAppendRequest(200)) - s2@group-5C26748AB2B1->s0-GrpcLogAppender: appendEntries Timeout, request=s2->s0#1760-t3, previous=(t:3, i:1429), leaderCommit=1328, initializing? false, entries: <empty>
2019-09-24 16:17:11,323 DEBUG client.GrpcClientProtocolService (GrpcClientProtocolService.java:close(374)) - 71-OrderedRequestStreamObserver71: close
2019-09-24 16:17:11,339 WARN  server.GrpcLogAppender (GrpcLogAppender.java:timeoutAppendRequest(200)) - s2@group-E77E9FD8E08A->s0-GrpcLogAppender: appendEntries Timeout, request=s2->s0#165-t3, previous=(t:3, i:0), leaderCommit=-1, initializing? false, entries: <empty>
2019-09-24 16:17:11,339 WARN  server.GrpcLogAppender (GrpcLogAppender.java:timeoutAppendRequest(200)) - s2@group-E77E9FD8E08A->s1-GrpcLogAppender: appendEntries Timeout, request=s2->s1#165-t3, previous=(t:3, i:0), leaderCommit=-1, initializing? false, entries: <empty>
2019-09-24 16:17:11,387 WARN  server.GrpcLogAppender (GrpcLogAppender.java:timeoutAppendRequest(200)) - s2@group-5C26748AB2B1->s1-GrpcLogAppender: appendEntries Timeout, request=s2->s1#1931-t3, previous=(t:3, i:1429), leaderCommit=1328, initializing? false, entries: <empty>
2019-09-24 16:17:11,387 WARN  server.GrpcLogAppender (GrpcLogAppender.java:timeoutAppendRequest(200)) - s2@group-5C26748AB2B1->s0-GrpcLogAppender: appendEntries Timeout, request=s2->s0#1761-t3, previous=(t:3, i:1429), leaderCommit=1328, initializing? false, entries: <empty>
2019-09-24 16:17:11,414 WARN  server.GrpcLogAppender (GrpcLogAppender.java:timeoutAppendRequest(200)) - s2@group-E77E9FD8E08A->s0-GrpcLogAppender: appendEntries Timeout, request=s2->s0#166-t3, previous=(t:3, i:0), leaderCommit=-1, initializing? false, entries: <empty>
2019-09-24 16:17:11,414 WARN  server.GrpcLogAppender (GrpcLogAppender.java:timeoutAppendRequest(200)) - s2@group-E77E9FD8E08A->s1-GrpcLogAppender: appendEntries Timeout, request=s2->s1#166-t3, previous=(t:3, i:0), leaderCommit=-1, initializing? false, entries: <empty>
2019-09-24 16:17:11,427 DEBUG client.GrpcClientProtocolService (GrpcClientProtocolService.java:<init>(175)) - new 72-OrderedRequestStreamObserver72
2019-09-24 16:17:11,428 DEBUG client.GrpcClientProtocolService (GrpcClientProtocolService.java:sendReply(353)) - 72-OrderedRequestStreamObserver72: sendReply seq=1, RaftClientReply:client-DE317CF077D2->s2@group-E77E9FD8E08A, cid=1023, FAILED org.apache.ratis.protocol.LeaderNotReadyException: s2@group-E77E9FD8E08A is in LEADER state but not ready yet., logIndex=0, commits[s2:c-1, s0:c-1, s1:c-1]
2019-09-24 16:17:11,462 WARN  server.GrpcLogAppender (GrpcLogAppender.java:timeoutAppendRequest(200)) - s2@group-5C26748AB2B1->s1-GrpcLogAppender: appendEntries Timeout, request=s2->s1#1932-t3, previous=(t:3, i:1429), leaderCommit=1328, initializing? false, entries: <empty>
2019-09-24 16:17:11,462 WARN  server.GrpcLogAppender (GrpcLogAppender.java:timeoutAppendRequest(200)) - s2@group-5C26748AB2B1->s0-GrpcLogAppender: appendEntries Timeout, request=s2->s0#1762-t3, previous=(t:3, i:1429), leaderCommit=1328, initializing? false, entries: <empty>
2019-09-24 16:17:11,489 WARN  server.GrpcLogAppender (GrpcLogAppender.java:timeoutAppendRequest(200)) - s2@group-E77E9FD8E08A->s0-GrpcLogAppender: appendEntries Timeout, request=s2->s0#167-t3, previous=(t:3, i:0), leaderCommit=-1, initializing? false, entries: <empty>
2019-09-24 16:17:11,490 WARN  server.GrpcLogAppender (GrpcLogAppender.java:timeoutAppendRequest(200)) - s2@group-E77E9FD8E08A->s1-GrpcLogAppender: appendEntries Timeout, request=s2->s1#167-t3, previous=(t:3, i:0), leaderCommit=-1, initializing? false, entries: <empty>
2019-09-24 16:17:11,529 DEBUG client.GrpcClientProtocolService (GrpcClientProtocolService.java:close(374)) - 72-OrderedRequestStreamObserver72: close
2019-09-24 16:17:11,537 WARN  server.GrpcLogAppender (GrpcLogAppender.java:timeoutAppendRequest(200)) - s2@group-5C26748AB2B1->s1-GrpcLogAppender: appendEntries Timeout, request=s2->s1#1933-t3, previous=(t:3, i:1429), leaderCommit=1328, initializing? false, entries: <empty>
2019-09-24 16:17:11,537 WARN  server.GrpcLogAppender (GrpcLogAppender.java:timeoutAppendRequest(200)) - s2@group-5C26748AB2B1->s0-GrpcLogAppender: appendEntries Timeout, request=s2->s0#1763-t3, previous=(t:3, i:1429), leaderCommit=1328, initializing? false, entries: <empty>
2019-09-24 16:17:11,564 WARN  server.GrpcLogAppender (GrpcLogAppender.java:timeoutAppendRequest(200)) - s2@group-E77E9FD8E08A->s0-GrpcLogAppender: appendEntries Timeout, request=s2->s0#168-t3, previous=(t:3, i:0), leaderCommit=-1, initializing? false, entries: <empty>
2019-09-24 16:17:11,565 WARN  server.GrpcLogAppender (GrpcLogAppender.java:timeoutAppendRequest(200)) - s2@group-E77E9FD8E08A->s1-GrpcLogAppender: appendEntries Timeout, request=s2->s1#168-t3, previous=(t:3, i:0), leaderCommit=-1, initializing? false, entries: <empty>
2019-09-24 16:17:11,575 WARN  server.GrpcLogAppender (GrpcLogAppender.java:onNextImpl(251)) - s2@group-E77E9FD8E08A->s1-AppendLogResponseHandler: Request not found, ignoring reply: s2<-s1#1:OK,SUCCESS,nextIndex:1,term:3,followerCommit:-1
2019-09-24 16:17:11,576 WARN  server.GrpcLogAppender (GrpcLogAppender.java:onNextImpl(251)) - s2@group-E77E9FD8E08A->s1-AppendLogResponseHandler: Request not found, ignoring reply: s2<-s1#2:OK,SUCCESS,nextIndex:1,term:3,followerCommit:-1
2019-09-24 16:17:11,576 WARN  server.GrpcLogAppender (GrpcLogAppender.java:onNextImpl(251)) - s2@group-E77E9FD8E08A->s1-AppendLogResponseHandler: Request not found, ignoring reply: s2<-s1#3:OK,SUCCESS,nextIndex:1,term:3,followerCommit:-1
2019-09-24 16:17:11,576 WARN  server.GrpcLogAppender (GrpcLogAppender.java:onNextImpl(251)) - s2@group-E77E9FD8E08A->s1-AppendLogResponseHandler: Request not found, ignoring reply: s2<-s1#4:OK,SUCCESS,nextIndex:1,term:3,followerCommit:-1
2019-09-24 16:17:11,577 WARN  server.GrpcLogAppender (GrpcLogAppender.java:onNextImpl(251)) - s2@group-E77E9FD8E08A->s1-AppendLogResponseHandler: Request not found, ignoring reply: s2<-s1#5:OK,SUCCESS,nextIndex:1,term:3,followerCommit:-1
2019-09-24 16:17:11,577 WARN  server.GrpcLogAppender (GrpcLogAppender.java:onNextImpl(251)) - s2@group-E77E9FD8E08A->s1-AppendLogResponseHandler: Request not found, ignoring reply: s2<-s1#6:OK,SUCCESS,nextIndex:1,term:3,followerCommit:-1
2019-09-24 16:17:11,577 WARN  server.GrpcLogAppender (GrpcLogAppender.java:onNextImpl(251)) - s2@group-E77E9FD8E08A->s1-AppendLogResponseHandler: Request not found, ignoring reply: s2<-s1#7:OK,SUCCESS,nextIndex:1,term:3,followerCommit:-1
2019-09-24 16:17:11,577 WARN  server.GrpcLogAppender (GrpcLogAppender.java:onNextImpl(251)) - s2@group-E77E9FD8E08A->s1-AppendLogResponseHandler: Request not found, ignoring reply: s2<-s1#8:OK,SUCCESS,nextIndex:1,term:3,followerCommit:-1
2019-09-24 16:17:11,577 WARN  server.GrpcLogAppender (GrpcLogAppender.java:onNextImpl(251)) - s2@group-E77E9FD8E08A->s1-AppendLogResponseHandler: Request not found, ignoring reply: s2<-s1#9:OK,SUCCESS,nextIndex:1,term:3,followerCommit:-1
2019-09-24 16:17:11,578 WARN  server.GrpcLogAppender (GrpcLogAppender.java:onNextImpl(251)) - s2@group-E77E9FD8E08A->s1-AppendLogResponseHandler: Request not found, ignoring reply: s2<-s1#10:OK,SUCCESS,nextIndex:1,term:3,followerCommit:-1
2019-09-24 16:17:11,578 WARN  server.GrpcLogAppender (GrpcLogAppender.java:onNextImpl(251)) - s2@group-E77E9FD8E08A->s1-AppendLogResponseHandler: Request not found, ignoring reply: s2<-s1#11:OK,SUCCESS,nextIndex:1,term:3,followerCommit:-1
2019-09-24 16:17:11,578 WARN  server.GrpcLogAppender (GrpcLogAppender.java:onNextImpl(251)) - s2@group-E77E9FD8E08A->s1-AppendLogResponseHandler: Request not found, ignoring reply: s2<-s1#12:OK,SUCCESS,nextIndex:1,term:3,followerCommit:-1
2019-09-24 16:17:11,578 WARN  server.GrpcLogAppender (GrpcLogAppender.java:onNextImpl(251)) - s2@group-E77E9FD8E08A->s1-AppendLogResponseHandler: Request not found, ignoring reply: s2<-s1#13:OK,SUCCESS,nextIndex:1,term:3,followerCommit:-1
2019-09-24 16:17:11,578 WARN  server.GrpcLogAppender (GrpcLogAppender.java:onNextImpl(251)) - s2@group-E77E9FD8E08A->s1-AppendLogResponseHandler: Request not found, ignoring reply: s2<-s1#14:OK,SUCCESS,nextIndex:1,term:3,followerCommit:-1
2019-09-24 16:17:11,579 WARN  server.GrpcLogAppender (GrpcLogAppender.java:onNextImpl(251)) - s2@group-E77E9FD8E08A->s1-AppendLogResponseHandler: Request not found, ignoring reply: s2<-s1#15:OK,SUCCESS,nextIndex:1,term:3,followerCommit:-1
2019-09-24 16:17:11,579 WARN  server.GrpcLogAppender (GrpcLogAppender.java:onNextImpl(251)) - s2@group-E77E9FD8E08A->s1-AppendLogResponseHandler: Request not found, ignoring reply: s2<-s1#16:OK,SUCCESS,nextIndex:1,term:3,followerCommit:-1
2019-09-24 16:17:11,579 WARN  server.GrpcLogAppender (GrpcLogAppender.java:onNextImpl(251)) - s2@group-E77E9FD8E08A->s1-AppendLogResponseHandler: Request not found, ignoring reply: s2<-s1#17:OK,SUCCESS,nextIndex:1,term:3,followerCommit:-1
2019-09-24 16:17:11,579 WARN  server.GrpcLogAppender (GrpcLogAppender.java:onNextImpl(251)) - s2@group-E77E9FD8E08A->s1-AppendLogResponseHandler: Request not found, ignoring reply: s2<-s1#18:OK,SUCCESS,nextIndex:1,term:3,followerCommit:-1
2019-09-24 16:17:11,579 WARN  server.GrpcLogAppender (GrpcLogAppender.java:onNextImpl(251)) - s2@group-E77E9FD8E08A->s1-AppendLogResponseHandler: Request not found, ignoring reply: s2<-s1#19:OK,SUCCESS,nextIndex:1,term:3,followerCommit:-1
2019-09-24 16:17:11,580 WARN  server.GrpcLogAppender (GrpcLogAppender.java:onNextImpl(251)) - s2@group-E77E9FD8E08A->s1-AppendLogResponseHandler: Request not found, ignoring reply: s2<-s1#20:OK,SUCCESS,nextIndex:1,term:3,followerCommit:-1
2019-09-24 16:17:11,580 WARN  server.GrpcLogAppender (GrpcLogAppender.java:onNextImpl(251)) - s2@group-E77E9FD8E08A->s1-AppendLogResponseHandler: Request not found, ignoring reply: s2<-s1#21:OK,SUCCESS,nextIndex:1,term:3,followerCommit:-1
2019-09-24 16:17:11,580 WARN  server.GrpcLogAppender (GrpcLogAppender.java:onNextImpl(251)) - s2@group-E77E9FD8E08A->s1-AppendLogResponseHandler: Request not found, ignoring reply: s2<-s1#22:OK,SUCCESS,nextIndex:1,term:3,followerCommit:-1
2019-09-24 16:17:11,580 WARN  server.GrpcLogAppender (GrpcLogAppender.java:onNextImpl(251)) - s2@group-E77E9FD8E08A->s1-AppendLogResponseHandler: Request not found, ignoring reply: s2<-s1#23:OK,SUCCESS,nextIndex:1,term:3,followerCommit:-1
2019-09-24 16:17:11,580 WARN  server.GrpcLogAppender (GrpcLogAppender.java:onNextImpl(251)) - s2@group-E77E9FD8E08A->s1-AppendLogResponseHandler: Request not found, ignoring reply: s2<-s1#24:OK,SUCCESS,nextIndex:1,term:3,followerCommit:-1
2019-09-24 16:17:11,580 WARN  server.GrpcLogAppender (GrpcLogAppender.java:onNextImpl(251)) - s2@group-E77E9FD8E08A->s1-AppendLogResponseHandler: Request not found, ignoring reply: s2<-s1#25:OK,SUCCESS,nextIndex:1,term:3,followerCommit:-1
2019-09-24 16:17:11,580 WARN  server.GrpcLogAppender (GrpcLogAppender.java:onNextImpl(251)) - s2@group-E77E9FD8E08A->s1-AppendLogResponseHandler: Request not found, ignoring reply: s2<-s1#26:OK,SUCCESS,nextIndex:1,term:3,followerCommit:-1
2019-09-24 16:17:11,581 WARN  server.GrpcLogAppender (GrpcLogAppender.java:onNextImpl(251)) - s2@group-E77E9FD8E08A->s1-AppendLogResponseHandler: Request not found, ignoring reply: s2<-s1#27:OK,SUCCESS,nextIndex:1,term:3,followerCommit:-1
2019-09-24 16:17:11,581 WARN  server.GrpcLogAppender (GrpcLogAppender.java:onNextImpl(251)) - s2@group-E77E9FD8E08A->s1-AppendLogResponseHandler: Request not found, ignoring reply: s2<-s1#28:OK,SUCCESS,nextIndex:1,term:3,followerCommit:-1
2019-09-24 16:17:11,581 WARN  server.GrpcLogAppender (GrpcLogAppender.java:onNextImpl(251)) - s2@group-E77E9FD8E08A->s1-AppendLogResponseHandler: Request not found, ignoring reply: s2<-s1#29:OK,SUCCESS,nextIndex:1,term:3,followerCommit:-1
2019-09-24 16:17:11,581 WARN  server.GrpcLogAppender (GrpcLogAppender.java:onNextImpl(251)) - s2@group-E77E9FD8E08A->s1-AppendLogResponseHandler: Request not found, ignoring reply: s2<-s1#30:OK,SUCCESS,nextIndex:1,term:3,followerCommit:-1
2019-09-24 16:17:11,581 WARN  server.GrpcLogAppender (GrpcLogAppender.java:onNextImpl(251)) - s2@group-E77E9FD8E08A->s1-AppendLogResponseHandler: Request not found, ignoring reply: s2<-s1#31:OK,SUCCESS,nextIndex:1,term:3,followerCommit:-1
2019-09-24 16:17:11,581 WARN  server.GrpcLogAppender (GrpcLogAppender.java:onNextImpl(251)) - s2@group-E77E9FD8E08A->s1-AppendLogResponseHandler: Request not found, ignoring reply: s2<-s1#32:OK,SUCCESS,nextIndex:1,term:3,followerCommit:-1
2019-09-24 16:17:11,581 WARN  server.GrpcLogAppender (GrpcLogAppender.java:onNextImpl(251)) - s2@group-E77E9FD8E08A->s1-AppendLogResponseHandler: Request not found, ignoring reply: s2<-s1#33:OK,SUCCESS,nextIndex:1,term:3,followerCommit:-1
2019-09-24 16:17:11,582 WARN  server.GrpcLogAppender (GrpcLogAppender.java:onNextImpl(251)) - s2@group-E77E9FD8E08A->s1-AppendLogResponseHandler: Request not found, ignoring reply: s2<-s1#34:OK,SUCCESS,nextIndex:1,term:3,followerCommit:-1
2019-09-24 16:17:11,582 WARN  server.GrpcLogAppender (GrpcLogAppender.java:onNextImpl(251)) - s2@group-E77E9FD8E08A->s1-AppendLogResponseHandler: Request not found, ignoring reply: s2<-s1#35:OK,SUCCESS,nextIndex:1,term:3,followerCommit:-1
2019-09-24 16:17:11,582 WARN  server.GrpcLogAppender (GrpcLogAppender.java:onNextImpl(251)) - s2@group-E77E9FD8E08A->s1-AppendLogResponseHandler: Request not found, ignoring reply: s2<-s1#36:OK,SUCCESS,nextIndex:1,term:3,followerCommit:-1
2019-09-24 16:17:11,582 WARN  server.GrpcLogAppender (GrpcLogAppender.java:onNextImpl(251)) - s2@group-E77E9FD8E08A->s1-AppendLogResponseHandler: Request not found, ignoring reply: s2<-s1#37:OK,SUCCESS,nextIndex:1,term:3,followerCommit:-1
2019-09-24 16:17:11,582 WARN  server.GrpcLogAppender (GrpcLogAppender.java:onNextImpl(251)) - s2@group-E77E9FD8E08A->s1-AppendLogResponseHandler: Request not found, ignoring reply: s2<-s1#38:OK,SUCCESS,nextIndex:1,term:3,followerCommit:-1
2019-09-24 16:17:11,582 WARN  server.GrpcLogAppender (GrpcLogAppender.java:onNextImpl(251)) - s2@group-E77E9FD8E08A->s1-AppendLogResponseHandler: Request not found, ignoring reply: s2<-s1#39:OK,SUCCESS,nextIndex:1,term:3,followerCommit:-1
2019-09-24 16:17:11,582 WARN  server.GrpcLogAppender (GrpcLogAppender.java:onNextImpl(251)) - s2@group-E77E9FD8E08A->s1-AppendLogResponseHandler: Request not found, ignoring reply: s2<-s1#40:OK,SUCCESS,nextIndex:1,term:3,followerCommit:-1
2019-09-24 16:17:11,583 WARN  server.GrpcLogAppender (GrpcLogAppender.java:onNextImpl(251)) - s2@group-E77E9FD8E08A->s1-AppendLogResponseHandler: Request not found, ignoring reply: s2<-s1#41:OK,SUCCESS,nextIndex:1,term:3,followerCommit:-1
2019-09-24 16:17:11,583 WARN  server.GrpcLogAppender (GrpcLogAppender.java:onNextImpl(251)) - s2@group-E77E9FD8E08A->s1-AppendLogResponseHandler: Request not found, ignoring reply: s2<-s1#42:OK,SUCCESS,nextIndex:1,term:3,followerCommit:-1
2019-09-24 16:17:11,583 WARN  server.GrpcLogAppender (GrpcLogAppender.java:onNextImpl(251)) - s2@group-E77E9FD8E08A->s1-AppendLogResponseHandler: Request not found, ignoring reply: s2<-s1#43:OK,SUCCESS,nextIndex:1,term:3,followerCommit:-1
2019-09-24 16:17:11,583 WARN  server.GrpcLogAppender (GrpcLogAppender.java:onNextImpl(251)) - s2@group-E77E9FD8E08A->s1-AppendLogResponseHandler: Request not found, ignoring reply: s2<-s1#44:OK,SUCCESS,nextIndex:1,term:3,followerCommit:-1
2019-09-24 16:17:11,584 WARN  server.GrpcLogAppender (GrpcLogAppender.java:onNextImpl(251)) - s2@group-E77E9FD8E08A->s1-AppendLogResponseHandler: Request not found, ignoring reply: s2<-s1#45:OK,SUCCESS,nextIndex:1,term:3,followerCommit:-1
2019-09-24 16:17:11,584 WARN  server.GrpcLogAppender (GrpcLogAppender.java:onNextImpl(251)) - s2@group-E77E9FD8E08A->s1-AppendLogResponseHandler: Request not found, ignoring reply: s2<-s1#46:OK,SUCCESS,nextIndex:1,term:3,followerCommit:-1
2019-09-24 16:17:11,584 WARN  server.GrpcLogAppender (GrpcLogAppender.java:onNextImpl(251)) - s2@group-E77E9FD8E08A->s1-AppendLogResponseHandler: Request not found, ignoring reply: s2<-s1#47:OK,SUCCESS,nextIndex:1,term:3,followerCommit:-1
2019-09-24 16:17:11,584 WARN  server.GrpcLogAppender (GrpcLogAppender.java:onNextImpl(251)) - s2@group-5C26748AB2B1->s0-AppendLogResponseHandler: Request not found, ignoring reply: s2<-s0#1641:OK,SUCCESS,nextIndex:1330,term:3,followerCommit:1328
2019-09-24 16:17:11,584 WARN  server.GrpcLogAppender (GrpcLogAppender.java:onNextImpl(251)) - s2@group-E77E9FD8E08A->s1-AppendLogResponseHandler: Request not found, ignoring reply: s2<-s1#48:OK,SUCCESS,nextIndex:1,term:3,followerCommit:-1
2019-09-24 16:17:11,585 WARN  server.GrpcLogAppender (GrpcLogAppender.java:onNextImpl(251)) - s2@group-E77E9FD8E08A->s1-AppendLogResponseHandler: Request not found, ignoring reply: s2<-s1#49:OK,SUCCESS,nextIndex:1,term:3,followerCommit:-1
2019-09-24 16:17:11,585 WARN  server.GrpcLogAppender (GrpcLogAppender.java:onNextImpl(251)) - s2@group-E77E9FD8E08A->s1-AppendLogResponseHandler: Request not found, ignoring reply: s2<-s1#50:OK,SUCCESS,nextIndex:1,term:3,followerCommit:-1
2019-09-24 16:17:11,585 WARN  server.GrpcLogAppender (GrpcLogAppender.java:onNextImpl(251)) - s2@group-E77E9FD8E08A->s0-AppendLogResponseHandler: Request not found, ignoring reply: s2<-s0#1:OK,SUCCESS,nextIndex:1,term:3,followerCommit:-1
2019-09-24 16:17:11,585 WARN  server.GrpcLogAppender (GrpcLogAppender.java:onNextImpl(251)) - s2@group-5C26748AB2B1->s1-AppendLogResponseHandler: Request not found, ignoring reply: s2<-s1#1809:OK,SUCCESS,nextIndex:1330,term:3,followerCommit:1328
2019-09-24 16:17:11,585 WARN  server.GrpcLogAppender (GrpcLogAppender.java:onNextImpl(251)) - s2@group-E77E9FD8E08A->s1-AppendLogResponseHandler: Request not found, ignoring reply: s2<-s1#51:OK,SUCCESS,nextIndex:1,term:3,followerCommit:-1
2019-09-24 16:17:11,586 WARN  server.GrpcLogAppender (GrpcLogAppender.java:onNextImpl(251)) - s2@group-E77E9FD8E08A->s0-AppendLogResponseHandler: Request not found, ignoring reply: s2<-s0#2:OK,SUCCESS,nextIndex:1,term:3,followerCommit:-1
2019-09-24 16:17:11,586 WARN  server.GrpcLogAppender (GrpcLogAppender.java:onNextImpl(251)) - s2@group-E77E9FD8E08A->s1-AppendLogResponseHandler: Request not found, ignoring reply: s2<-s1#52:OK,SUCCESS,nextIndex:1,term:3,followerCommit:-1
2019-09-24 16:17:11,586 WARN  server.GrpcLogAppender (GrpcLogAppender.java:onNextImpl(251)) - s2@group-E77E9FD8E08A->s0-AppendLogResponseHandler: Request not found, ignoring reply: s2<-s0#3:OK,SUCCESS,nextIndex:1,term:3,followerCommit:-1
2019-09-24 16:17:11,586 WARN  server.GrpcLogAppender (GrpcLogAppender.java:onNextImpl(251)) - s2@group-E77E9FD8E08A->s1-AppendLogResponseHandler: Request not found, ignoring reply: s2<-s1#53:OK,SUCCESS,nextIndex:1,term:3,followerCommit:-1
2019-09-24 16:17:11,586 WARN  server.GrpcLogAppender (GrpcLogAppender.java:onNextImpl(251)) - s2@group-E77E9FD8E08A->s0-AppendLogResponseHandler: Request not found, ignoring reply: s2<-s0#4:OK,SUCCESS,nextIndex:1,term:3,followerCommit:-1
2019-09-24 16:17:11,586 WARN  server.GrpcLogAppender (GrpcLogAppender.java:onNextImpl(251)) - s2@group-E77E9FD8E08A->s1-AppendLogResponseHandler: Request not found, ignoring reply: s2<-s1#54:OK,SUCCESS,nextIndex:1,term:3,followerCommit:-1
2019-09-24 16:17:11,587 WARN  server.GrpcLogAppender (GrpcLogAppender.java:onNextImpl(251)) - s2@group-E77E9FD8E08A->s0-AppendLogResponseHandler: Request not found, ignoring reply: s2<-s0#5:OK,SUCCESS,nextIndex:1,term:3,followerCommit:-1
2019-09-24 16:17:11,587 WARN  server.GrpcLogAppender (GrpcLogAppender.java:onNextImpl(251)) - s2@group-E77E9FD8E08A->s1-AppendLogResponseHandler: Request not found, ignoring reply: s2<-s1#55:OK,SUCCESS,nextIndex:1,term:3,followerCommit:-1
2019-09-24 16:17:11,587 WARN  server.GrpcLogAppender (GrpcLogAppender.java:onNextImpl(251)) - s2@group-E77E9FD8E08A->s0-AppendLogResponseHandler: Request not found, ignoring reply: s2<-s0#6:OK,SUCCESS,nextIndex:1,term:3,followerCommit:-1
2019-09-24 16:17:11,587 WARN  server.GrpcLogAppender (GrpcLogAppender.java:onNextImpl(251)) - s2@group-E77E9FD8E08A->s1-AppendLogResponseHandler: Request not found, ignoring reply: s2<-s1#56:OK,SUCCESS,nextIndex:1,term:3,followerCommit:-1
2019-09-24 16:17:11,587 WARN  server.GrpcLogAppender (GrpcLogAppender.java:onNextImpl(251)) - s2@group-E77E9FD8E08A->s0-AppendLogResponseHandler: Request not found, ignoring reply: s2<-s0#7:OK,SUCCESS,nextIndex:1,term:3,followerCommit:-1
2019-09-24 16:17:11,587 WARN  server.GrpcLogAppender (GrpcLogAppender.java:onNextImpl(251)) - s2@group-E77E9FD8E08A->s1-AppendLogResponseHandler: Request not found, ignoring reply: s2<-s1#57:OK,SUCCESS,nextIndex:1,term:3,followerCommit:-1
2019-09-24 16:17:11,587 WARN  server.GrpcLogAppender (GrpcLogAppender.java:onNextImpl(251)) - s2@group-E77E9FD8E08A->s0-AppendLogResponseHandler: Request not found, ignoring reply: s2<-s0#8:OK,SUCCESS,nextIndex:1,term:3,followerCommit:-1
2019-09-24 16:17:11,588 WARN  server.GrpcLogAppender (GrpcLogAppender.java:onNextImpl(251)) - s2@group-E77E9FD8E08A->s1-AppendLogResponseHandler: Request not found, ignoring reply: s2<-s1#58:OK,SUCCESS,nextIndex:1,term:3,followerCommit:-1
2019-09-24 16:17:11,588 WARN  server.GrpcLogAppender (GrpcLogAppender.java:onNextImpl(251)) - s2@group-E77E9FD8E08A->s0-AppendLogResponseHandler: Request not found, ignoring reply: s2<-s0#9:OK,SUCCESS,nextIndex:1,term:3,followerCommit:-1
2019-09-24 16:17:11,588 WARN  server.GrpcLogAppender (GrpcLogAppender.java:onNextImpl(251)) - s2@group-E77E9FD8E08A->s1-AppendLogResponseHandler: Request not found, ignoring reply: s2<-s1#59:OK,SUCCESS,nextIndex:1,term:3,followerCommit:-1
2019-09-24 16:17:11,588 WARN  server.GrpcLogAppender (GrpcLogAppender.java:onNextImpl(251)) - s2@group-E77E9FD8E08A->s0-AppendLogResponseHandler: Request not found, ignoring reply: s2<-s0#10:OK,SUCCESS,nextIndex:1,term:3,followerCommit:-1
2019-09-24 16:17:11,588 WARN  server.GrpcLogAppender (GrpcLogAppender.java:onNextImpl(251)) - s2@group-E77E9FD8E08A->s1-AppendLogResponseHandler: Request not found, ignoring reply: s2<-s1#60:OK,SUCCESS,nextIndex:1,term:3,followerCommit:-1
2019-09-24 16:17:11,588 WARN  server.GrpcLogAppender (GrpcLogAppender.java:onNextImpl(251)) - s2@group-E77E9FD8E08A->s0-AppendLogResponseHandler: Request not found, ignoring reply: s2<-s0#11:OK,SUCCESS,nextIndex:1,term:3,followerCommit:-1
2019-09-24 16:17:11,588 WARN  server.GrpcLogAppender (GrpcLogAppender.java:onNextImpl(251)) - s2@group-E77E9FD8E08A->s1-AppendLogResponseHandler: Request not found, ignoring reply: s2<-s1#61:OK,SUCCESS,nextIndex:1,term:3,followerCommit:-1
2019-09-24 16:17:11,588 WARN  server.GrpcLogAppender (GrpcLogAppender.java:onNextImpl(251)) - s2@group-E77E9FD8E08A->s0-AppendLogResponseHandler: Request not found, ignoring reply: s2<-s0#12:OK,SUCCESS,nextIndex:1,term:3,followerCommit:-1
2019-09-24 16:17:11,589 WARN  server.GrpcLogAppender (GrpcLogAppender.java:onNextImpl(251)) - s2@group-E77E9FD8E08A->s1-AppendLogResponseHandler: Request not found, ignoring reply: s2<-s1#62:OK,SUCCESS,nextIndex:1,term:3,followerCommit:-1
2019-09-24 16:17:11,589 WARN  server.GrpcLogAppender (GrpcLogAppender.java:onNextImpl(251)) - s2@group-E77E9FD8E08A->s0-AppendLogResponseHandler: Request not found, ignoring reply: s2<-s0#13:OK,SUCCESS,nextIndex:1,term:3,followerCommit:-1
2019-09-24 16:17:11,589 WARN  server.GrpcLogAppender (GrpcLogAppender.java:onNextImpl(251)) - s2@group-E77E9FD8E08A->s1-AppendLogResponseHandler: Request not found, ignoring reply: s2<-s1#63:OK,SUCCESS,nextIndex:1,term:3,followerCommit:-1
2019-09-24 16:17:11,589 WARN  server.GrpcLogAppender (GrpcLogAppender.java:onNextImpl(251)) - s2@group-E77E9FD8E08A->s0-AppendLogResponseHandler: Request not found, ignoring reply: s2<-s0#14:OK,SUCCESS,nextIndex:1,term:3,followerCommit:-1
2019-09-24 16:17:11,589 WARN  server.GrpcLogAppender (GrpcLogAppender.java:onNextImpl(251)) - s2@group-E77E9FD8E08A->s1-AppendLogResponseHandler: Request not found, ignoring reply: s2<-s1#64:OK,SUCCESS,nextIndex:1,term:3,followerCommit:-1
2019-09-24 16:17:11,589 WARN  server.GrpcLogAppender (GrpcLogAppender.java:onNextImpl(251)) - s2@group-E77E9FD8E08A->s0-AppendLogResponseHandler: Request not found, ignoring reply: s2<-s0#15:OK,SUCCESS,nextIndex:1,term:3,followerCommit:-1
2019-09-24 16:17:11,589 WARN  server.GrpcLogAppender (GrpcLogAppender.java:onNextImpl(251)) - s2@group-E77E9FD8E08A->s1-AppendLogResponseHandler: Request not found, ignoring reply: s2<-s1#65:OK,SUCCESS,nextIndex:1,term:3,followerCommit:-1
2019-09-24 16:17:11,589 WARN  server.GrpcLogAppender (GrpcLogAppender.java:onNextImpl(251)) - s2@group-E77E9FD8E08A->s0-AppendLogResponseHandler: Request not found, ignoring reply: s2<-s0#16:OK,SUCCESS,nextIndex:1,term:3,followerCommit:-1
2019-09-24 16:17:11,590 WARN  server.GrpcLogAppender (GrpcLogAppender.java:onNextImpl(251)) - s2@group-E77E9FD8E08A->s1-AppendLogResponseHandler: Request not found, ignoring reply: s2<-s1#66:OK,SUCCESS,nextIndex:1,term:3,followerCommit:-1
2019-09-24 16:17:11,590 WARN  server.GrpcLogAppender (GrpcLogAppender.java:onNextImpl(251)) - s2@group-E77E9FD8E08A->s0-AppendLogResponseHandler: Request not found, ignoring reply: s2<-s0#17:OK,SUCCESS,nextIndex:1,term:3,followerCommit:-1
2019-09-24 16:17:11,590 WARN  server.GrpcLogAppender (GrpcLogAppender.java:onNextImpl(251)) - s2@group-E77E9FD8E08A->s1-AppendLogResponseHandler: Request not found, ignoring reply: s2<-s1#67:OK,SUCCESS,nextIndex:1,term:3,followerCommit:-1
2019-09-24 16:17:11,590 WARN  server.GrpcLogAppender (GrpcLogAppender.java:onNextImpl(251)) - s2@group-E77E9FD8E08A->s0-AppendLogResponseHandler: Request not found, ignoring reply: s2<-s0#18:OK,SUCCESS,nextIndex:1,term:3,followerCommit:-1
2019-09-24 16:17:11,590 WARN  server.GrpcLogAppender (GrpcLogAppender.java:onNextImpl(251)) - s2@group-E77E9FD8E08A->s1-AppendLogResponseHandler: Request not found, ignoring reply: s2<-s1#68:OK,SUCCESS,nextIndex:1,term:3,followerCommit:-1
2019-09-24 16:17:11,590 WARN  server.GrpcLogAppender (GrpcLogAppender.java:onNextImpl(251)) - s2@group-E77E9FD8E08A->s0-AppendLogResponseHandler: Request not found, ignoring reply: s2<-s0#19:OK,SUCCESS,nextIndex:1,term:3,followerCommit:-1
2019-09-24 16:17:11,590 WARN  server.GrpcLogAppender (GrpcLogAppender.java:onNextImpl(251)) - s2@group-E77E9FD8E08A->s1-AppendLogResponseHandler: Request not found, ignoring reply: s2<-s1#69:OK,SUCCESS,nextIndex:1,term:3,followerCommit:-1
2019-09-24 16:17:11,590 WARN  server.GrpcLogAppender (GrpcLogAppender.java:onNextImpl(251)) - s2@group-E77E9FD8E08A->s0-AppendLogResponseHandler: Request not found, ignoring reply: s2<-s0#20:OK,SUCCESS,nextIndex:1,term:3,followerCommit:-1
2019-09-24 16:17:11,591 WARN  server.GrpcLogAppender (GrpcLogAppender.java:onNextImpl(251)) - s2@group-E77E9FD8E08A->s1-AppendLogResponseHandler: Request not found, ignoring reply: s2<-s1#70:OK,SUCCESS,nextIndex:1,term:3,followerCommit:-1
2019-09-24 16:17:11,591 WARN  server.GrpcLogAppender (GrpcLogAppender.java:onNextImpl(251)) - s2@group-E77E9FD8E08A->s0-AppendLogResponseHandler: Request not found, ignoring reply: s2<-s0#21:OK,SUCCESS,nextIndex:1,term:3,followerCommit:-1
2019-09-24 16:17:11,591 WARN  server.GrpcLogAppender (GrpcLogAppender.java:onNextImpl(251)) - s2@group-E77E9FD8E08A->s1-AppendLogResponseHandler: Request not found, ignoring reply: s2<-s1#71:OK,SUCCESS,nextIndex:1,term:3,followerCommit:-1
2019-09-24 16:17:11,591 WARN  server.GrpcLogAppender (GrpcLogAppender.java:onNextImpl(251)) - s2@group-E77E9FD8E08A->s0-AppendLogResponseHandler: Request not found, ignoring reply: s2<-s0#22:OK,SUCCESS,nextIndex:1,term:3,followerCommit:-1
2019-09-24 16:17:11,591 WARN  server.GrpcLogAppender (GrpcLogAppender.java:onNextImpl(251)) - s2@group-E77E9FD8E08A->s1-AppendLogResponseHandler: Request not found, ignoring reply: s2<-s1#72:OK,SUCCESS,nextIndex:1,term:3,followerCommit:-1
2019-09-24 16:17:11,591 WARN  server.GrpcLogAppender (GrpcLogAppender.java:onNextImpl(251)) - s2@group-E77E9FD8E08A->s0-AppendLogResponseHandler: Request not found, ignoring reply: s2<-s0#23:OK,SUCCESS,nextIndex:1,term:3,followerCommit:-1
2019-09-24 16:17:11,591 WARN  server.GrpcLogAppender (GrpcLogAppender.java:onNextImpl(251)) - s2@group-E77E9FD8E08A->s1-AppendLogResponseHandler: Request not found, ignoring reply: s2<-s1#73:OK,SUCCESS,nextIndex:1,term:3,followerCommit:-1
2019-09-24 16:17:11,591 WARN  server.GrpcLogAppender (GrpcLogAppender.java:onNextImpl(251)) - s2@group-E77E9FD8E08A->s0-AppendLogResponseHandler: Request not found, ignoring reply: s2<-s0#24:OK,SUCCESS,nextIndex:1,term:3,followerCommit:-1
2019-09-24 16:17:11,592 WARN  server.GrpcLogAppender (GrpcLogAppender.java:onNextImpl(251)) - s2@group-E77E9FD8E08A->s1-AppendLogResponseHandler: Request not found, ignoring reply: s2<-s1#74:OK,SUCCESS,nextIndex:1,term:3,followerCommit:-1
2019-09-24 16:17:11,592 WARN  server.GrpcLogAppender (GrpcLogAppender.java:onNextImpl(251)) - s2@group-E77E9FD8E08A->s0-AppendLogResponseHandler: Request not found, ignoring reply: s2<-s0#25:OK,SUCCESS,nextIndex:1,term:3,followerCommit:-1
2019-09-24 16:17:11,592 WARN  server.GrpcLogAppender (GrpcLogAppender.java:onNextImpl(251)) - s2@group-E77E9FD8E08A->s1-AppendLogResponseHandler: Request not found, ignoring reply: s2<-s1#75:OK,SUCCESS,nextIndex:1,term:3,followerCommit:-1
2019-09-24 16:17:11,592 WARN  server.GrpcLogAppender (GrpcLogAppender.java:onNextImpl(251)) - s2@group-E77E9FD8E08A->s0-AppendLogResponseHandler: Request not found, ignoring reply: s2<-s0#26:OK,SUCCESS,nextIndex:1,term:3,followerCommit:-1
2019-09-24 16:17:11,592 WARN  server.GrpcLogAppender (GrpcLogAppender.java:onNextImpl(251)) - s2@group-E77E9FD8E08A->s1-AppendLogResponseHandler: Request not found, ignoring reply: s2<-s1#76:OK,SUCCESS,nextIndex:1,term:3,followerCommit:-1
2019-09-24 16:17:11,592 WARN  server.GrpcLogAppender (GrpcLogAppender.java:onNextImpl(251)) - s2@group-E77E9FD8E08A->s0-AppendLogResponseHandler: Request not found, ignoring reply: s2<-s0#27:OK,SUCCESS,nextIndex:1,term:3,followerCommit:-1
2019-09-24 16:17:11,592 WARN  server.GrpcLogAppender (GrpcLogAppender.java:onNextImpl(251)) - s2@group-E77E9FD8E08A->s1-AppendLogResponseHandler: Request not found, ignoring reply: s2<-s1#77:OK,SUCCESS,nextIndex:1,term:3,followerCommit:-1
2019-09-24 16:17:11,592 WARN  server.GrpcLogAppender (GrpcLogAppender.java:onNextImpl(251)) - s2@group-E77E9FD8E08A->s0-AppendLogResponseHandler: Request not found, ignoring reply: s2<-s0#28:OK,SUCCESS,nextIndex:1,term:3,followerCommit:-1
2019-09-24 16:17:11,593 WARN  server.GrpcLogAppender (GrpcLogAppender.java:onNextImpl(251)) - s2@group-E77E9FD8E08A->s1-AppendLogResponseHandler: Request not found, ignoring reply: s2<-s1#78:OK,SUCCESS,nextIndex:1,term:3,followerCommit:-1
2019-09-24 16:17:11,593 WARN  server.GrpcLogAppender (GrpcLogAppender.java:onNextImpl(251)) - s2@group-E77E9FD8E08A->s0-AppendLogResponseHandler: Request not found, ignoring reply: s2<-s0#29:OK,SUCCESS,nextIndex:1,term:3,followerCommit:-1
2019-09-24 16:17:11,593 WARN  server.GrpcLogAppender (GrpcLogAppender.java:onNextImpl(251)) - s2@group-E77E9FD8E08A->s1-AppendLogResponseHandler: Request not found, ignoring reply: s2<-s1#79:OK,SUCCESS,nextIndex:1,term:3,followerCommit:-1
2019-09-24 16:17:11,593 WARN  server.GrpcLogAppender (GrpcLogAppender.java:onNextImpl(251)) - s2@group-E77E9FD8E08A->s0-AppendLogResponseHandler: Request not found, ignoring reply: s2<-s0#30:OK,SUCCESS,nextIndex:1,term:3,followerCommit:-1
2019-09-24 16:17:11,593 WARN  server.GrpcLogAppender (GrpcLogAppender.java:onNextImpl(251)) - s2@group-E77E9FD8E08A->s1-AppendLogResponseHandler: Request not found, ignoring reply: s2<-s1#80:OK,SUCCESS,nextIndex:1,term:3,followerCommit:-1
2019-09-24 16:17:11,593 WARN  server.GrpcLogAppender (GrpcLogAppender.java:onNextImpl(251)) - s2@group-E77E9FD8E08A->s0-AppendLogResponseHandler: Request not found, ignoring reply: s2<-s0#31:OK,SUCCESS,nextIndex:1,term:3,followerCommit:-1
2019-09-24 16:17:11,593 WARN  server.GrpcLogAppender (GrpcLogAppender.java:onNextImpl(251)) - s2@group-E77E9FD8E08A->s1-AppendLogResponseHandler: Request not found, ignoring reply: s2<-s1#81:OK,SUCCESS,nextIndex:1,term:3,followerCommit:-1
2019-09-24 16:17:11,593 WARN  server.GrpcLogAppender (GrpcLogAppender.java:onNextImpl(251)) - s2@group-E77E9FD8E08A->s0-AppendLogResponseHandler: Request not found, ignoring reply: s2<-s0#32:OK,SUCCESS,nextIndex:1,term:3,followerCommit:-1
2019-09-24 16:17:11,594 WARN  server.GrpcLogAppender (GrpcLogAppender.java:onNextImpl(251)) - s2@group-E77E9FD8E08A->s1-AppendLogResponseHandler: Request not found, ignoring reply: s2<-s1#82:OK,SUCCESS,nextIndex:1,term:3,followerCommit:-1
2019-09-24 16:17:11,594 WARN  server.GrpcLogAppender (GrpcLogAppender.java:onNextImpl(251)) - s2@group-E77E9FD8E08A->s0-AppendLogResponseHandler: Request not found, ignoring reply: s2<-s0#33:OK,SUCCESS,nextIndex:1,term:3,followerCommit:-1
2019-09-24 16:17:11,594 WARN  server.GrpcLogAppender (GrpcLogAppender.java:onNextImpl(251)) - s2@group-E77E9FD8E08A->s1-AppendLogResponseHandler: Request not found, ignoring reply: s2<-s1#83:OK,SUCCESS,nextIndex:1,term:3,followerCommit:-1
2019-09-24 16:17:11,594 WARN  server.GrpcLogAppender (GrpcLogAppender.java:onNextImpl(251)) - s2@group-E77E9FD8E08A->s0-AppendLogResponseHandler: Request not found, ignoring reply: s2<-s0#34:OK,SUCCESS,nextIndex:1,term:3,followerCommit:-1
2019-09-24 16:17:11,594 WARN  server.GrpcLogAppender (GrpcLogAppender.java:onNextImpl(251)) - s2@group-E77E9FD8E08A->s1-AppendLogResponseHandler: Request not found, ignoring reply: s2<-s1#84:OK,SUCCESS,nextIndex:1,term:3,followerCommit:-1
2019-09-24 16:17:11,594 WARN  server.GrpcLogAppender (GrpcLogAppender.java:onNextImpl(251)) - s2@group-E77E9FD8E08A->s0-AppendLogResponseHandler: Request not found, ignoring reply: s2<-s0#35:OK,SUCCESS,nextIndex:1,term:3,followerCommit:-1
2019-09-24 16:17:11,594 WARN  server.GrpcLogAppender (GrpcLogAppender.java:onNextImpl(251)) - s2@group-E77E9FD8E08A->s1-AppendLogResponseHandler: Request not found, ignoring reply: s2<-s1#85:OK,SUCCESS,nextIndex:1,term:3,followerCommit:-1
2019-09-24 16:17:11,594 WARN  server.GrpcLogAppender (GrpcLogAppender.java:onNextImpl(251)) - s2@group-E77E9FD8E08A->s0-AppendLogResponseHandler: Request not found, ignoring reply: s2<-s0#36:OK,SUCCESS,nextIndex:1,term:3,followerCommit:-1
2019-09-24 16:17:11,595 WARN  server.GrpcLogAppender (GrpcLogAppender.java:onNextImpl(251)) - s2@group-E77E9FD8E08A->s1-AppendLogResponseHandler: Request not found, ignoring reply: s2<-s1#86:OK,SUCCESS,nextIndex:1,term:3,followerCommit:-1
2019-09-24 16:17:11,595 WARN  server.GrpcLogAppender (GrpcLogAppender.java:onNextImpl(251)) - s2@group-E77E9FD8E08A->s0-AppendLogResponseHandler: Request not found, ignoring reply: s2<-s0#37:OK,SUCCESS,nextIndex:1,term:3,followerCommit:-1
2019-09-24 16:17:11,595 WARN  server.GrpcLogAppender (GrpcLogAppender.java:onNextImpl(251)) - s2@group-E77E9FD8E08A->s1-AppendLogResponseHandler: Request not found, ignoring reply: s2<-s1#87:OK,SUCCESS,nextIndex:1,term:3,followerCommit:-1
2019-09-24 16:17:11,595 WARN  server.GrpcLogAppender (GrpcLogAppender.java:onNextImpl(251)) - s2@group-E77E9FD8E08A->s0-AppendLogResponseHandler: Request not found, ignoring reply: s2<-s0#38:OK,SUCCESS,nextIndex:1,term:3,followerCommit:-1
2019-09-24 16:17:11,595 WARN  server.GrpcLogAppender (GrpcLogAppender.java:onNextImpl(251)) - s2@group-E77E9FD8E08A->s1-AppendLogResponseHandler: Request not found, ignoring reply: s2<-s1#88:OK,SUCCESS,nextIndex:1,term:3,followerCommit:-1
2019-09-24 16:17:11,595 WARN  server.GrpcLogAppender (GrpcLogAppender.java:onNextImpl(251)) - s2@group-E77E9FD8E08A->s0-AppendLogResponseHandler: Request not found, ignoring reply: s2<-s0#39:OK,SUCCESS,nextIndex:1,term:3,followerCommit:-1
2019-09-24 16:17:11,595 WARN  server.GrpcLogAppender (GrpcLogAppender.java:onNextImpl(251)) - s2@group-E77E9FD8E08A->s1-AppendLogResponseHandler: Request not found, ignoring reply: s2<-s1#89:OK,SUCCESS,nextIndex:1,term:3,followerCommit:-1
2019-09-24 16:17:11,596 WARN  server.GrpcLogAppender (GrpcLogAppender.java:onNextImpl(251)) - s2@group-E77E9FD8E08A->s0-AppendLogResponseHandler: Request not found, ignoring reply: s2<-s0#40:OK,SUCCESS,nextIndex:1,term:3,followerCommit:-1
2019-09-24 16:17:11,596 WARN  server.GrpcLogAppender (GrpcLogAppender.java:onNextImpl(251)) - s2@group-E77E9FD8E08A->s1-AppendLogResponseHandler: Request not found, ignoring reply: s2<-s1#90:OK,SUCCESS,nextIndex:1,term:3,followerCommit:-1
2019-09-24 16:17:11,596 WARN  server.GrpcLogAppender (GrpcLogAppender.java:onNextImpl(251)) - s2@group-E77E9FD8E08A->s0-AppendLogResponseHandler: Request not found, ignoring reply: s2<-s0#41:OK,SUCCESS,nextIndex:1,term:3,followerCommit:-1
2019-09-24 16:17:11,596 WARN  server.GrpcLogAppender (GrpcLogAppender.java:onNextImpl(251)) - s2@group-E77E9FD8E08A->s1-AppendLogResponseHandler: Request not found, ignoring reply: s2<-s1#91:OK,SUCCESS,nextIndex:1,term:3,followerCommit:-1
2019-09-24 16:17:11,596 WARN  server.GrpcLogAppender (GrpcLogAppender.java:onNextImpl(251)) - s2@group-E77E9FD8E08A->s0-AppendLogResponseHandler: Request not found, ignoring reply: s2<-s0#42:OK,SUCCESS,nextIndex:1,term:3,followerCommit:-1
2019-09-24 16:17:11,596 WARN  server.GrpcLogAppender (GrpcLogAppender.java:onNextImpl(251)) - s2@group-E77E9FD8E08A->s1-AppendLogResponseHandler: Request not found, ignoring reply: s2<-s1#92:OK,SUCCESS,nextIndex:1,term:3,followerCommit:-1
2019-09-24 16:17:11,596 WARN  server.GrpcLogAppender (GrpcLogAppender.java:onNextImpl(251)) - s2@group-E77E9FD8E08A->s0-AppendLogResponseHandler: Request not found, ignoring reply: s2<-s0#43:OK,SUCCESS,nextIndex:1,term:3,followerCommit:-1
2019-09-24 16:17:11,597 WARN  server.GrpcLogAppender (GrpcLogAppender.java:onNextImpl(251)) - s2@group-E77E9FD8E08A->s1-AppendLogResponseHandler: Request not found, ignoring reply: s2<-s1#93:OK,SUCCESS,nextIndex:1,term:3,followerCommit:-1
2019-09-24 16:17:11,597 WARN  server.GrpcLogAppender (GrpcLogAppender.java:onNextImpl(251)) - s2@group-E77E9FD8E08A->s0-AppendLogResponseHandler: Request not found, ignoring reply: s2<-s0#44:OK,SUCCESS,nextIndex:1,term:3,followerCommit:-1
2019-09-24 16:17:11,597 WARN  server.GrpcLogAppender (GrpcLogAppender.java:onNextImpl(251)) - s2@group-E77E9FD8E08A->s1-AppendLogResponseHandler: Request not found, ignoring reply: s2<-s1#94:OK,SUCCESS,nextIndex:1,term:3,followerCommit:-1
2019-09-24 16:17:11,597 WARN  server.GrpcLogAppender (GrpcLogAppender.java:onNextImpl(251)) - s2@group-E77E9FD8E08A->s0-AppendLogResponseHandler: Request not found, ignoring reply: s2<-s0#45:OK,SUCCESS,nextIndex:1,term:3,followerCommit:-1
2019-09-24 16:17:11,597 WARN  server.GrpcLogAppender (GrpcLogAppender.java:onNextImpl(251)) - s2@group-E77E9FD8E08A->s1-AppendLogResponseHandler: Request not found, ignoring reply: s2<-s1#95:OK,SUCCESS,nextIndex:1,term:3,followerCommit:-1
2019-09-24 16:17:11,597 WARN  server.GrpcLogAppender (GrpcLogAppender.java:onNextImpl(251)) - s2@group-E77E9FD8E08A->s0-AppendLogResponseHandler: Request not found, ignoring reply: s2<-s0#46:OK,SUCCESS,nextIndex:1,term:3,followerCommit:-1
2019-09-24 16:17:11,597 WARN  server.GrpcLogAppender (GrpcLogAppender.java:onNextImpl(251)) - s2@group-E77E9FD8E08A->s1-AppendLogResponseHandler: Request not found, ignoring reply: s2<-s1#96:OK,SUCCESS,nextIndex:1,term:3,followerCommit:-1
2019-09-24 16:17:11,597 WARN  server.GrpcLogAppender (GrpcLogAppender.java:onNextImpl(251)) - s2@group-E77E9FD8E08A->s0-AppendLogResponseHandler: Request not found, ignoring reply: s2<-s0#47:OK,SUCCESS,nextIndex:1,term:3,followerCommit:-1
2019-09-24 16:17:11,597 WARN  server.GrpcLogAppender (GrpcLogAppender.java:onNextImpl(251)) - s2@group-E77E9FD8E08A->s1-AppendLogResponseHandler: Request not found, ignoring reply: s2<-s1#97:OK,SUCCESS,nextIndex:1,term:3,followerCommit:-1
2019-09-24 16:17:11,598 WARN  server.GrpcLogAppender (GrpcLogAppender.java:onNextImpl(251)) - s2@group-E77E9FD8E08A->s0-AppendLogResponseHandler: Request not found, ignoring reply: s2<-s0#48:OK,SUCCESS,nextIndex:1,term:3,followerCommit:-1
2019-09-24 16:17:11,598 WARN  server.GrpcLogAppender (GrpcLogAppender.java:onNextImpl(251)) - s2@group-E77E9FD8E08A->s1-AppendLogResponseHandler: Request not found, ignoring reply: s2<-s1#98:OK,SUCCESS,nextIndex:1,term:3,followerCommit:-1
2019-09-24 16:17:11,598 WARN  server.GrpcLogAppender (GrpcLogAppender.java:onNextImpl(251)) - s2@group-E77E9FD8E08A->s0-AppendLogResponseHandler: Request not found, ignoring reply: s2<-s0#49:OK,SUCCESS,nextIndex:1,term:3,followerCommit:-1
2019-09-24 16:17:11,598 WARN  server.GrpcLogAppender (GrpcLogAppender.java:onNextImpl(251)) - s2@group-E77E9FD8E08A->s1-AppendLogResponseHandler: Request not found, ignoring reply: s2<-s1#99:OK,SUCCESS,nextIndex:1,term:3,followerCommit:-1
2019-09-24 16:17:11,598 WARN  server.GrpcLogAppender (GrpcLogAppender.java:onNextImpl(251)) - s2@group-E77E9FD8E08A->s0-AppendLogResponseHandler: Request not found, ignoring reply: s2<-s0#50:OK,SUCCESS,nextIndex:1,term:3,followerCommit:-1
2019-09-24 16:17:11,598 WARN  server.GrpcLogAppender (GrpcLogAppender.java:onNextImpl(251)) - s2@group-E77E9FD8E08A->s1-AppendLogResponseHandler: Request not found, ignoring reply: s2<-s1#100:OK,SUCCESS,nextIndex:1,term:3,followerCommit:-1
2019-09-24 16:17:11,598 WARN  server.GrpcLogAppender (GrpcLogAppender.java:onNextImpl(251)) - s2@group-E77E9FD8E08A->s0-AppendLogResponseHandler: Request not found, ignoring reply: s2<-s0#51:OK,SUCCESS,nextIndex:1,term:3,followerCommit:-1
2019-09-24 16:17:11,598 WARN  server.GrpcLogAppender (GrpcLogAppender.java:onNextImpl(251)) - s2@group-E77E9FD8E08A->s1-AppendLogResponseHandler: Request not found, ignoring reply: s2<-s1#101:OK,SUCCESS,nextIndex:1,term:3,followerCommit:-1
2019-09-24 16:17:11,599 WARN  server.GrpcLogAppender (GrpcLogAppender.java:onNextImpl(251)) - s2@group-E77E9FD8E08A->s0-AppendLogResponseHandler: Request not found, ignoring reply: s2<-s0#52:OK,SUCCESS,nextIndex:1,term:3,followerCommit:-1
2019-09-24 16:17:11,599 WARN  server.GrpcLogAppender (GrpcLogAppender.java:onNextImpl(251)) - s2@group-E77E9FD8E08A->s1-AppendLogResponseHandler: Request not found, ignoring reply: s2<-s1#102:OK,SUCCESS,nextIndex:1,term:3,followerCommit:-1
2019-09-24 16:17:11,599 WARN  server.GrpcLogAppender (GrpcLogAppender.java:onNextImpl(251)) - s2@group-E77E9FD8E08A->s0-AppendLogResponseHandler: Request not found, ignoring reply: s2<-s0#53:OK,SUCCESS,nextIndex:1,term:3,followerCommit:-1
2019-09-24 16:17:11,599 WARN  server.GrpcLogAppender (GrpcLogAppender.java:onNextImpl(251)) - s2@group-E77E9FD8E08A->s1-AppendLogResponseHandler: Request not found, ignoring reply: s2<-s1#103:OK,SUCCESS,nextIndex:1,term:3,followerCommit:-1
2019-09-24 16:17:11,599 WARN  server.GrpcLogAppender (GrpcLogAppender.java:onNextImpl(251)) - s2@group-E77E9FD8E08A->s0-AppendLogResponseHandler: Request not found, ignoring reply: s2<-s0#54:OK,SUCCESS,nextIndex:1,term:3,followerCommit:-1
2019-09-24 16:17:11,599 WARN  server.GrpcLogAppender (GrpcLogAppender.java:onNextImpl(251)) - s2@group-E77E9FD8E08A->s1-AppendLogResponseHandler: Request not found, ignoring reply: s2<-s1#104:OK,SUCCESS,nextIndex:1,term:3,followerCommit:-1
2019-09-24 16:17:11,599 WARN  server.GrpcLogAppender (GrpcLogAppender.java:onNextImpl(251)) - s2@group-E77E9FD8E08A->s0-AppendLogResponseHandler: Request not found, ignoring reply: s2<-s0#55:OK,SUCCESS,nextIndex:1,term:3,followerCommit:-1
2019-09-24 16:17:11,599 WARN  server.GrpcLogAppender (GrpcLogAppender.java:onNextImpl(251)) - s2@group-E77E9FD8E08A->s1-AppendLogResponseHandler: Request not found, ignoring reply: s2<-s1#105:OK,SUCCESS,nextIndex:1,term:3,followerCommit:-1
2019-09-24 16:17:11,599 WARN  server.GrpcLogAppender (GrpcLogAppender.java:onNextImpl(251)) - s2@group-E77E9FD8E08A->s0-AppendLogResponseHandler: Request not found, ignoring reply: s2<-s0#56:OK,SUCCESS,nextIndex:1,term:3,followerCommit:-1
2019-09-24 16:17:11,600 WARN  server.GrpcLogAppender (GrpcLogAppender.java:onNextImpl(251)) - s2@group-E77E9FD8E08A->s1-AppendLogResponseHandler: Request not found, ignoring reply: s2<-s1#106:OK,SUCCESS,nextIndex:1,term:3,followerCommit:-1
2019-09-24 16:17:11,600 WARN  server.GrpcLogAppender (GrpcLogAppender.java:onNextImpl(251)) - s2@group-E77E9FD8E08A->s0-AppendLogResponseHandler: Request not found, ignoring reply: s2<-s0#57:OK,SUCCESS,nextIndex:1,term:3,followerCommit:-1
2019-09-24 16:17:11,600 WARN  server.GrpcLogAppender (GrpcLogAppender.java:onNextImpl(251)) - s2@group-E77E9FD8E08A->s1-AppendLogResponseHandler: Request not found, ignoring reply: s2<-s1#107:OK,SUCCESS,nextIndex:1,term:3,followerCommit:-1
2019-09-24 16:17:11,600 WARN  server.GrpcLogAppender (GrpcLogAppender.java:onNextImpl(251)) - s2@group-E77E9FD8E08A->s0-AppendLogResponseHandler: Request not found, ignoring reply: s2<-s0#58:OK,SUCCESS,nextIndex:1,term:3,followerCommit:-1
2019-09-24 16:17:11,600 WARN  server.GrpcLogAppender (GrpcLogAppender.java:onNextImpl(251)) - s2@group-E77E9FD8E08A->s1-AppendLogResponseHandler: Request not found, ignoring reply: s2<-s1#108:OK,SUCCESS,nextIndex:1,term:3,followerCommit:-1
2019-09-24 16:17:11,600 WARN  server.GrpcLogAppender (GrpcLogAppender.java:onNextImpl(251)) - s2@group-E77E9FD8E08A->s0-AppendLogResponseHandler: Request not found, ignoring reply: s2<-s0#59:OK,SUCCESS,nextIndex:1,term:3,followerCommit:-1
2019-09-24 16:17:11,600 WARN  server.GrpcLogAppender (GrpcLogAppender.java:onNextImpl(251)) - s2@group-E77E9FD8E08A->s1-AppendLogResponseHandler: Request not found, ignoring reply: s2<-s1#109:OK,SUCCESS,nextIndex:1,term:3,followerCommit:-1
2019-09-24 16:17:11,600 WARN  server.GrpcLogAppender (GrpcLogAppender.java:onNextImpl(251)) - s2@group-E77E9FD8E08A->s0-AppendLogResponseHandler: Request not found, ignoring reply: s2<-s0#60:OK,SUCCESS,nextIndex:1,term:3,followerCommit:-1
2019-09-24 16:17:11,600 WARN  server.GrpcLogAppender (GrpcLogAppender.java:onNextImpl(251)) - s2@group-E77E9FD8E08A->s1-AppendLogResponseHandler: Request not found, ignoring reply: s2<-s1#110:OK,SUCCESS,nextIndex:1,term:3,followerCommit:-1
2019-09-24 16:17:11,601 WARN  server.GrpcLogAppender (GrpcLogAppender.java:onNextImpl(251)) - s2@group-E77E9FD8E08A->s0-AppendLogResponseHandler: Request not found, ignoring reply: s2<-s0#61:OK,SUCCESS,nextIndex:1,term:3,followerCommit:-1
2019-09-24 16:17:11,601 WARN  server.GrpcLogAppender (GrpcLogAppender.java:onNextImpl(251)) - s2@group-E77E9FD8E08A->s1-AppendLogResponseHandler: Request not found, ignoring reply: s2<-s1#111:OK,SUCCESS,nextIndex:1,term:3,followerCommit:-1
2019-09-24 16:17:11,601 WARN  server.GrpcLogAppender (GrpcLogAppender.java:onNextImpl(251)) - s2@group-E77E9FD8E08A->s0-AppendLogResponseHandler: Request not found, ignoring reply: s2<-s0#62:OK,SUCCESS,nextIndex:1,term:3,followerCommit:-1
2019-09-24 16:17:11,601 WARN  server.GrpcLogAppender (GrpcLogAppender.java:onNextImpl(251)) - s2@group-E77E9FD8E08A->s1-AppendLogResponseHandler: Request not found, ignoring reply: s2<-s1#112:OK,SUCCESS,nextIndex:1,term:3,followerCommit:-1
2019-09-24 16:17:11,601 WARN  server.GrpcLogAppender (GrpcLogAppender.java:onNextImpl(251)) - s2@group-E77E9FD8E08A->s0-AppendLogResponseHandler: Request not found, ignoring reply: s2<-s0#63:OK,SUCCESS,nextIndex:1,term:3,followerCommit:-1
2019-09-24 16:17:11,601 WARN  server.GrpcLogAppender (GrpcLogAppender.java:onNextImpl(251)) - s2@group-E77E9FD8E08A->s1-AppendLogResponseHandler: Request not found, ignoring reply: s2<-s1#113:OK,SUCCESS,nextIndex:1,term:3,followerCommit:-1
2019-09-24 16:17:11,601 WARN  server.GrpcLogAppender (GrpcLogAppender.java:onNextImpl(251)) - s2@group-E77E9FD8E08A->s0-AppendLogResponseHandler: Request not found, ignoring reply: s2<-s0#64:OK,SUCCESS,nextIndex:1,term:3,followerCommit:-1
2019-09-24 16:17:11,601 WARN  server.GrpcLogAppender (GrpcLogAppender.java:onNextImpl(251)) - s2@group-E77E9FD8E08A->s1-AppendLogResponseHandler: Request not found, ignoring reply: s2<-s1#114:OK,SUCCESS,nextIndex:1,term:3,followerCommit:-1
2019-09-24 16:17:11,602 WARN  server.GrpcLogAppender (GrpcLogAppender.java:onNextImpl(251)) - s2@group-E77E9FD8E08A->s0-AppendLogResponseHandler: Request not found, ignoring reply: s2<-s0#65:OK,SUCCESS,nextIndex:1,term:3,followerCommit:-1
2019-09-24 16:17:11,602 WARN  server.GrpcLogAppender (GrpcLogAppender.java:onNextImpl(251)) - s2@group-E77E9FD8E08A->s1-AppendLogResponseHandler: Request not found, ignoring reply: s2<-s1#115:OK,SUCCESS,nextIndex:1,term:3,followerCommit:-1
2019-09-24 16:17:11,602 WARN  server.GrpcLogAppender (GrpcLogAppender.java:onNextImpl(251)) - s2@group-E77E9FD8E08A->s0-AppendLogResponseHandler: Request not found, ignoring reply: s2<-s0#66:OK,SUCCESS,nextIndex:1,term:3,followerCommit:-1
2019-09-24 16:17:11,602 WARN  server.GrpcLogAppender (GrpcLogAppender.java:onNextImpl(251)) - s2@group-E77E9FD8E08A->s1-AppendLogResponseHandler: Request not found, ignoring reply: s2<-s1#116:OK,SUCCESS,nextIndex:1,term:3,followerCommit:-1
2019-09-24 16:17:11,602 WARN  server.GrpcLogAppender (GrpcLogAppender.java:onNextImpl(251)) - s2@group-E77E9FD8E08A->s0-AppendLogResponseHandler: Request not found, ignoring reply: s2<-s0#67:OK,SUCCESS,nextIndex:1,term:3,followerCommit:-1
2019-09-24 16:17:11,602 WARN  server.GrpcLogAppender (GrpcLogAppender.java:onNextImpl(251)) - s2@group-E77E9FD8E08A->s1-AppendLogResponseHandler: Request not found, ignoring reply: s2<-s1#117:OK,SUCCESS,nextIndex:1,term:3,followerCommit:-1
2019-09-24 16:17:11,602 WARN  server.GrpcLogAppender (GrpcLogAppender.java:onNextImpl(251)) - s2@group-E77E9FD8E08A->s0-AppendLogResponseHandler: Request not found, ignoring reply: s2<-s0#68:OK,SUCCESS,nextIndex:1,term:3,followerCommit:-1
2019-09-24 16:17:11,602 WARN  server.GrpcLogAppender (GrpcLogAppender.java:onNextImpl(251)) - s2@group-E77E9FD8E08A->s1-AppendLogResponseHandler: Request not found, ignoring reply: s2<-s1#118:OK,SUCCESS,nextIndex:1,term:3,followerCommit:-1
2019-09-24 16:17:11,602 WARN  server.GrpcLogAppender (GrpcLogAppender.java:onNextImpl(251)) - s2@group-E77E9FD8E08A->s0-AppendLogResponseHandler: Request not found, ignoring reply: s2<-s0#69:OK,SUCCESS,nextIndex:1,term:3,followerCommit:-1
2019-09-24 16:17:11,603 WARN  server.GrpcLogAppender (GrpcLogAppender.java:onNextImpl(251)) - s2@group-E77E9FD8E08A->s1-AppendLogResponseHandler: Request not found, ignoring reply: s2<-s1#119:OK,SUCCESS,nextIndex:1,term:3,followerCommit:-1
2019-09-24 16:17:11,603 WARN  server.GrpcLogAppender (GrpcLogAppender.java:onNextImpl(251)) - s2@group-E77E9FD8E08A->s0-AppendLogResponseHandler: Request not found, ignoring reply: s2<-s0#70:OK,SUCCESS,nextIndex:1,term:3,followerCommit:-1
2019-09-24 16:17:11,603 WARN  server.GrpcLogAppender (GrpcLogAppender.java:onNextImpl(251)) - s2@group-E77E9FD8E08A->s1-AppendLogResponseHandler: Request not found, ignoring reply: s2<-s1#120:OK,SUCCESS,nextIndex:1,term:3,followerCommit:-1
2019-09-24 16:17:11,603 WARN  server.GrpcLogAppender (GrpcLogAppender.java:onNextImpl(251)) - s2@group-E77E9FD8E08A->s0-AppendLogResponseHandler: Request not found, ignoring reply: s2<-s0#71:OK,SUCCESS,nextIndex:1,term:3,followerCommit:-1
2019-09-24 16:17:11,603 WARN  server.GrpcLogAppender (GrpcLogAppender.java:onNextImpl(251)) - s2@group-E77E9FD8E08A->s1-AppendLogResponseHandler: Request not found, ignoring reply: s2<-s1#121:OK,SUCCESS,nextIndex:1,term:3,followerCommit:-1
2019-09-24 16:17:11,603 WARN  server.GrpcLogAppender (GrpcLogAppender.java:onNextImpl(251)) - s2@group-E77E9FD8E08A->s0-AppendLogResponseHandler: Request not found, ignoring reply: s2<-s0#72:OK,SUCCESS,nextIndex:1,term:3,followerCommit:-1
2019-09-24 16:17:11,603 WARN  server.GrpcLogAppender (GrpcLogAppender.java:onNextImpl(251)) - s2@group-E77E9FD8E08A->s1-AppendLogResponseHandler: Request not found, ignoring reply: s2<-s1#122:OK,SUCCESS,nextIndex:1,term:3,followerCommit:-1
2019-09-24 16:17:11,603 WARN  server.GrpcLogAppender (GrpcLogAppender.java:onNextImpl(251)) - s2@group-E77E9FD8E08A->s0-AppendLogResponseHandler: Request not found, ignoring reply: s2<-s0#73:OK,SUCCESS,nextIndex:1,term:3,followerCommit:-1
2019-09-24 16:17:11,603 WARN  server.GrpcLogAppender (GrpcLogAppender.java:onNextImpl(251)) - s2@group-E77E9FD8E08A->s1-AppendLogResponseHandler: Request not found, ignoring reply: s2<-s1#123:OK,SUCCESS,nextIndex:1,term:3,followerCommit:-1
2019-09-24 16:17:11,604 WARN  server.GrpcLogAppender (GrpcLogAppender.java:onNextImpl(251)) - s2@group-E77E9FD8E08A->s0-AppendLogResponseHandler: Request not found, ignoring reply: s2<-s0#74:OK,SUCCESS,nextIndex:1,term:3,followerCommit:-1
2019-09-24 16:17:11,604 WARN  server.GrpcLogAppender (GrpcLogAppender.java:onNextImpl(251)) - s2@group-E77E9FD8E08A->s1-AppendLogResponseHandler: Request not found, ignoring reply: s2<-s1#124:OK,SUCCESS,nextIndex:1,term:3,followerCommit:-1
2019-09-24 16:17:11,604 WARN  server.GrpcLogAppender (GrpcLogAppender.java:onNextImpl(251)) - s2@group-E77E9FD8E08A->s0-AppendLogResponseHandler: Request not found, ignoring reply: s2<-s0#75:OK,SUCCESS,nextIndex:1,term:3,followerCommit:-1
2019-09-24 16:17:11,604 WARN  server.GrpcLogAppender (GrpcLogAppender.java:onNextImpl(251)) - s2@group-E77E9FD8E08A->s1-AppendLogResponseHandler: Request not found, ignoring reply: s2<-s1#125:OK,SUCCESS,nextIndex:1,term:3,followerCommit:-1
2019-09-24 16:17:11,604 WARN  server.GrpcLogAppender (GrpcLogAppender.java:onNextImpl(251)) - s2@group-E77E9FD8E08A->s0-AppendLogResponseHandler: Request not found, ignoring reply: s2<-s0#76:OK,SUCCESS,nextIndex:1,term:3,followerCommit:-1
2019-09-24 16:17:11,604 WARN  server.GrpcLogAppender (GrpcLogAppender.java:onNextImpl(251)) - s2@group-E77E9FD8E08A->s1-AppendLogResponseHandler: Request not found, ignoring reply: s2<-s1#126:OK,SUCCESS,nextIndex:1,term:3,followerCommit:-1
2019-09-24 16:17:11,604 WARN  server.GrpcLogAppender (GrpcLogAppender.java:onNextImpl(251)) - s2@group-E77E9FD8E08A->s0-AppendLogResponseHandler: Request not found, ignoring reply: s2<-s0#77:OK,SUCCESS,nextIndex:1,term:3,followerCommit:-1
2019-09-24 16:17:11,604 WARN  server.GrpcLogAppender (GrpcLogAppender.java:onNextImpl(251)) - s2@group-E77E9FD8E08A->s1-AppendLogResponseHandler: Request not found, ignoring reply: s2<-s1#127:OK,SUCCESS,nextIndex:1,term:3,followerCommit:-1
2019-09-24 16:17:11,604 WARN  server.GrpcLogAppender (GrpcLogAppender.java:onNextImpl(251)) - s2@group-E77E9FD8E08A->s0-AppendLogResponseHandler: Request not found, ignoring reply: s2<-s0#78:OK,SUCCESS,nextIndex:1,term:3,followerCommit:-1
2019-09-24 16:17:11,605 WARN  server.GrpcLogAppender (GrpcLogAppender.java:onNextImpl(251)) - s2@group-E77E9FD8E08A->s1-AppendLogResponseHandler: Request not found, ignoring reply: s2<-s1#128:OK,SUCCESS,nextIndex:1,term:3,followerCommit:-1
2019-09-24 16:17:11,605 WARN  server.GrpcLogAppender (GrpcLogAppender.java:onNextImpl(251)) - s2@group-E77E9FD8E08A->s0-AppendLogResponseHandler: Request not found, ignoring reply: s2<-s0#79:OK,SUCCESS,nextIndex:1,term:3,followerCommit:-1
2019-09-24 16:17:11,605 WARN  server.GrpcLogAppender (GrpcLogAppender.java:onNextImpl(251)) - s2@group-E77E9FD8E08A->s1-AppendLogResponseHandler: Request not found, ignoring reply: s2<-s1#129:OK,SUCCESS,nextIndex:1,term:3,followerCommit:-1
2019-09-24 16:17:11,605 WARN  server.GrpcLogAppender (GrpcLogAppender.java:onNextImpl(251)) - s2@group-E77E9FD8E08A->s0-AppendLogResponseHandler: Request not found, ignoring reply: s2<-s0#80:OK,SUCCESS,nextIndex:1,term:3,followerCommit:-1
2019-09-24 16:17:11,605 WARN  server.GrpcLogAppender (GrpcLogAppender.java:onNextImpl(251)) - s2@group-E77E9FD8E08A->s1-AppendLogResponseHandler: Request not found, ignoring reply: s2<-s1#130:OK,SUCCESS,nextIndex:1,term:3,followerCommit:-1
2019-09-24 16:17:11,605 WARN  server.GrpcLogAppender (GrpcLogAppender.java:onNextImpl(251)) - s2@group-E77E9FD8E08A->s0-AppendLogResponseHandler: Request not found, ignoring reply: s2<-s0#81:OK,SUCCESS,nextIndex:1,term:3,followerCommit:-1
2019-09-24 16:17:11,605 WARN  server.GrpcLogAppender (GrpcLogAppender.java:onNextImpl(251)) - s2@group-E77E9FD8E08A->s1-AppendLogResponseHandler: Request not found, ignoring reply: s2<-s1#131:OK,SUCCESS,nextIndex:1,term:3,followerCommit:-1
2019-09-24 16:17:11,605 WARN  server.GrpcLogAppender (GrpcLogAppender.java:onNextImpl(251)) - s2@group-E77E9FD8E08A->s0-AppendLogResponseHandler: Request not found, ignoring reply: s2<-s0#82:OK,SUCCESS,nextIndex:1,term:3,followerCommit:-1
2019-09-24 16:17:11,605 WARN  server.GrpcLogAppender (GrpcLogAppender.java:onNextImpl(251)) - s2@group-E77E9FD8E08A->s1-AppendLogResponseHandler: Request not found, ignoring reply: s2<-s1#132:OK,SUCCESS,nextIndex:1,term:3,followerCommit:-1
2019-09-24 16:17:11,606 WARN  server.GrpcLogAppender (GrpcLogAppender.java:onNextImpl(251)) - s2@group-E77E9FD8E08A->s0-AppendLogResponseHandler: Request not found, ignoring reply: s2<-s0#83:OK,SUCCESS,nextIndex:1,term:3,followerCommit:-1
2019-09-24 16:17:11,606 WARN  server.GrpcLogAppender (GrpcLogAppender.java:onNextImpl(251)) - s2@group-E77E9FD8E08A->s1-AppendLogResponseHandler: Request not found, ignoring reply: s2<-s1#133:OK,SUCCESS,nextIndex:1,term:3,followerCommit:-1
2019-09-24 16:17:11,606 WARN  server.GrpcLogAppender (GrpcLogAppender.java:onNextImpl(251)) - s2@group-E77E9FD8E08A->s0-AppendLogResponseHandler: Request not found, ignoring reply: s2<-s0#84:OK,SUCCESS,nextIndex:1,term:3,followerCommit:-1
2019-09-24 16:17:11,606 WARN  server.GrpcLogAppender (GrpcLogAppender.java:onNextImpl(251)) - s2@group-E77E9FD8E08A->s1-AppendLogResponseHandler: Request not found, ignoring reply: s2<-s1#134:OK,SUCCESS,nextIndex:1,term:3,followerCommit:-1
2019-09-24 16:17:11,606 WARN  server.GrpcLogAppender (GrpcLogAppender.java:onNextImpl(251)) - s2@group-E77E9FD8E08A->s0-AppendLogResponseHandler: Request not found, ignoring reply: s2<-s0#85:OK,SUCCESS,nextIndex:1,term:3,followerCommit:-1
2019-09-24 16:17:11,606 WARN  server.GrpcLogAppender (GrpcLogAppender.java:onNextImpl(251)) - s2@group-E77E9FD8E08A->s1-AppendLogResponseHandler: Request not found, ignoring reply: s2<-s1#135:OK,SUCCESS,nextIndex:1,term:3,followerCommit:-1
2019-09-24 16:17:11,606 WARN  server.GrpcLogAppender (GrpcLogAppender.java:onNextImpl(251)) - s2@group-E77E9FD8E08A->s0-AppendLogResponseHandler: Request not found, ignoring reply: s2<-s0#86:OK,SUCCESS,nextIndex:1,term:3,followerCommit:-1
2019-09-24 16:17:11,606 WARN  server.GrpcLogAppender (GrpcLogAppender.java:onNextImpl(251)) - s2@group-E77E9FD8E08A->s1-AppendLogResponseHandler: Request not found, ignoring reply: s2<-s1#136:OK,SUCCESS,nextIndex:1,term:3,followerCommit:-1
2019-09-24 16:17:11,606 WARN  server.GrpcLogAppender (GrpcLogAppender.java:onNextImpl(251)) - s2@group-E77E9FD8E08A->s0-AppendLogResponseHandler: Request not found, ignoring reply: s2<-s0#87:OK,SUCCESS,nextIndex:1,term:3,followerCommit:-1
2019-09-24 16:17:11,607 WARN  server.GrpcLogAppender (GrpcLogAppender.java:onNextImpl(251)) - s2@group-E77E9FD8E08A->s1-AppendLogResponseHandler: Request not found, ignoring reply: s2<-s1#137:OK,SUCCESS,nextIndex:1,term:3,followerCommit:-1
2019-09-24 16:17:11,607 WARN  server.GrpcLogAppender (GrpcLogAppender.java:onNextImpl(251)) - s2@group-E77E9FD8E08A->s0-AppendLogResponseHandler: Request not found, ignoring reply: s2<-s0#88:OK,SUCCESS,nextIndex:1,term:3,followerCommit:-1
2019-09-24 16:17:11,607 WARN  server.GrpcLogAppender (GrpcLogAppender.java:onNextImpl(251)) - s2@group-E77E9FD8E08A->s1-AppendLogResponseHandler: Request not found, ignoring reply: s2<-s1#138:OK,SUCCESS,nextIndex:1,term:3,followerCommit:-1
2019-09-24 16:17:11,607 WARN  server.GrpcLogAppender (GrpcLogAppender.java:onNextImpl(251)) - s2@group-E77E9FD8E08A->s0-AppendLogResponseHandler: Request not found, ignoring reply: s2<-s0#89:OK,SUCCESS,nextIndex:1,term:3,followerCommit:-1
2019-09-24 16:17:11,607 WARN  server.GrpcLogAppender (GrpcLogAppender.java:onNextImpl(251)) - s2@group-E77E9FD8E08A->s1-AppendLogResponseHandler: Request not found, ignoring reply: s2<-s1#139:OK,SUCCESS,nextIndex:1,term:3,followerCommit:-1
2019-09-24 16:17:11,607 WARN  server.GrpcLogAppender (GrpcLogAppender.java:onNextImpl(251)) - s2@group-E77E9FD8E08A->s0-AppendLogResponseHandler: Request not found, ignoring reply: s2<-s0#90:OK,SUCCESS,nextIndex:1,term:3,followerCommit:-1
2019-09-24 16:17:11,607 WARN  server.GrpcLogAppender (GrpcLogAppender.java:onNextImpl(251)) - s2@group-E77E9FD8E08A->s1-AppendLogResponseHandler: Request not found, ignoring reply: s2<-s1#140:OK,SUCCESS,nextIndex:1,term:3,followerCommit:-1
2019-09-24 16:17:11,607 WARN  server.GrpcLogAppender (GrpcLogAppender.java:onNextImpl(251)) - s2@group-E77E9FD8E08A->s0-AppendLogResponseHandler: Request not found, ignoring reply: s2<-s0#91:OK,SUCCESS,nextIndex:1,term:3,followerCommit:-1
2019-09-24 16:17:11,608 WARN  server.GrpcLogAppender (GrpcLogAppender.java:onNextImpl(251)) - s2@group-E77E9FD8E08A->s1-AppendLogResponseHandler: Request not found, ignoring reply: s2<-s1#141:OK,SUCCESS,nextIndex:1,term:3,followerCommit:-1
2019-09-24 16:17:11,608 WARN  server.GrpcLogAppender (GrpcLogAppender.java:onNextImpl(251)) - s2@group-E77E9FD8E08A->s0-AppendLogResponseHandler: Request not found, ignoring reply: s2<-s0#92:OK,SUCCESS,nextIndex:1,term:3,followerCommit:-1
2019-09-24 16:17:11,608 WARN  server.GrpcLogAppender (GrpcLogAppender.java:onNextImpl(251)) - s2@group-E77E9FD8E08A->s1-AppendLogResponseHandler: Request not found, ignoring reply: s2<-s1#142:OK,SUCCESS,nextIndex:1,term:3,followerCommit:-1
2019-09-24 16:17:11,608 WARN  server.GrpcLogAppender (GrpcLogAppender.java:onNextImpl(251)) - s2@group-E77E9FD8E08A->s0-AppendLogResponseHandler: Request not found, ignoring reply: s2<-s0#93:OK,SUCCESS,nextIndex:1,term:3,followerCommit:-1
2019-09-24 16:17:11,608 WARN  server.GrpcLogAppender (GrpcLogAppender.java:onNextImpl(251)) - s2@group-E77E9FD8E08A->s1-AppendLogResponseHandler: Request not found, ignoring reply: s2<-s1#143:OK,SUCCESS,nextIndex:1,term:3,followerCommit:-1
2019-09-24 16:17:11,608 WARN  server.GrpcLogAppender (GrpcLogAppender.java:onNextImpl(251)) - s2@group-E77E9FD8E08A->s0-AppendLogResponseHandler: Request not found, ignoring reply: s2<-s0#94:OK,SUCCESS,nextIndex:1,term:3,followerCommit:-1
2019-09-24 16:17:11,608 WARN  server.GrpcLogAppender (GrpcLogAppender.java:onNextImpl(251)) - s2@group-E77E9FD8E08A->s1-AppendLogResponseHandler: Request not found, ignoring reply: s2<-s1#144:OK,SUCCESS,nextIndex:1,term:3,followerCommit:-1
2019-09-24 16:17:11,609 WARN  server.GrpcLogAppender (GrpcLogAppender.java:onNextImpl(251)) - s2@group-E77E9FD8E08A->s0-AppendLogResponseHandler: Request not found, ignoring reply: s2<-s0#95:OK,SUCCESS,nextIndex:1,term:3,followerCommit:-1
2019-09-24 16:17:11,609 WARN  server.GrpcLogAppender (GrpcLogAppender.java:onNextImpl(251)) - s2@group-E77E9FD8E08A->s1-AppendLogResponseHandler: Request not found, ignoring reply: s2<-s1#145:OK,SUCCESS,nextIndex:1,term:3,followerCommit:-1
2019-09-24 16:17:11,609 WARN  server.GrpcLogAppender (GrpcLogAppender.java:onNextImpl(251)) - s2@group-E77E9FD8E08A->s0-AppendLogResponseHandler: Request not found, ignoring reply: s2<-s0#96:OK,SUCCESS,nextIndex:1,term:3,followerCommit:-1
2019-09-24 16:17:11,609 WARN  server.GrpcLogAppender (GrpcLogAppender.java:onNextImpl(251)) - s2@group-E77E9FD8E08A->s1-AppendLogResponseHandler: Request not found, ignoring reply: s2<-s1#146:OK,SUCCESS,nextIndex:1,term:3,followerCommit:-1
2019-09-24 16:17:11,609 WARN  server.GrpcLogAppender (GrpcLogAppender.java:onNextImpl(251)) - s2@group-E77E9FD8E08A->s0-AppendLogResponseHandler: Request not found, ignoring reply: s2<-s0#97:OK,SUCCESS,nextIndex:1,term:3,followerCommit:-1
2019-09-24 16:17:11,609 WARN  server.GrpcLogAppender (GrpcLogAppender.java:onNextImpl(251)) - s2@group-E77E9FD8E08A->s1-AppendLogResponseHandler: Request not found, ignoring reply: s2<-s1#147:OK,SUCCESS,nextIndex:1,term:3,followerCommit:-1
2019-09-24 16:17:11,609 WARN  server.GrpcLogAppender (GrpcLogAppender.java:onNextImpl(251)) - s2@group-E77E9FD8E08A->s0-AppendLogResponseHandler: Request not found, ignoring reply: s2<-s0#98:OK,SUCCESS,nextIndex:1,term:3,followerCommit:-1
2019-09-24 16:17:11,609 WARN  server.GrpcLogAppender (GrpcLogAppender.java:onNextImpl(251)) - s2@group-E77E9FD8E08A->s1-AppendLogResponseHandler: Request not found, ignoring reply: s2<-s1#148:OK,SUCCESS,nextIndex:1,term:3,followerCommit:-1
2019-09-24 16:17:11,610 WARN  server.GrpcLogAppender (GrpcLogAppender.java:onNextImpl(251)) - s2@group-E77E9FD8E08A->s0-AppendLogResponseHandler: Request not found, ignoring reply: s2<-s0#99:OK,SUCCESS,nextIndex:1,term:3,followerCommit:-1
2019-09-24 16:17:11,610 WARN  server.GrpcLogAppender (GrpcLogAppender.java:onNextImpl(251)) - s2@group-E77E9FD8E08A->s1-AppendLogResponseHandler: Request not found, ignoring reply: s2<-s1#149:OK,SUCCESS,nextIndex:1,term:3,followerCommit:-1
2019-09-24 16:17:11,610 WARN  server.GrpcLogAppender (GrpcLogAppender.java:onNextImpl(251)) - s2@group-E77E9FD8E08A->s0-AppendLogResponseHandler: Request not found, ignoring reply: s2<-s0#100:OK,SUCCESS,nextIndex:1,term:3,followerCommit:-1
2019-09-24 16:17:11,610 WARN  server.GrpcLogAppender (GrpcLogAppender.java:onNextImpl(251)) - s2@group-E77E9FD8E08A->s1-AppendLogResponseHandler: Request not found, ignoring reply: s2<-s1#150:OK,SUCCESS,nextIndex:1,term:3,followerCommit:-1
2019-09-24 16:17:11,610 WARN  server.GrpcLogAppender (GrpcLogAppender.java:onNextImpl(251)) - s2@group-E77E9FD8E08A->s0-AppendLogResponseHandler: Request not found, ignoring reply: s2<-s0#101:OK,SUCCESS,nextIndex:1,term:3,followerCommit:-1
2019-09-24 16:17:11,610 WARN  server.GrpcLogAppender (GrpcLogAppender.java:onNextImpl(251)) - s2@group-E77E9FD8E08A->s1-AppendLogResponseHandler: Request not found, ignoring reply: s2<-s1#151:OK,SUCCESS,nextIndex:1,term:3,followerCommit:-1
2019-09-24 16:17:11,610 WARN  server.GrpcLogAppender (GrpcLogAppender.java:onNextImpl(251)) - s2@group-E77E9FD8E08A->s0-AppendLogResponseHandler: Request not found, ignoring reply: s2<-s0#102:OK,SUCCESS,nextIndex:1,term:3,followerCommit:-1
2019-09-24 16:17:11,610 WARN  server.GrpcLogAppender (GrpcLogAppender.java:onNextImpl(251)) - s2@group-E77E9FD8E08A->s1-AppendLogResponseHandler: Request not found, ignoring reply: s2<-s1#152:OK,SUCCESS,nextIndex:1,term:3,followerCommit:-1
2019-09-24 16:17:11,611 WARN  server.GrpcLogAppender (GrpcLogAppender.java:onNextImpl(251)) - s2@group-E77E9FD8E08A->s0-AppendLogResponseHandler: Request not found, ignoring reply: s2<-s0#103:OK,SUCCESS,nextIndex:1,term:3,followerCommit:-1
2019-09-24 16:17:11,611 WARN  server.GrpcLogAppender (GrpcLogAppender.java:onNextImpl(251)) - s2@group-E77E9FD8E08A->s1-AppendLogResponseHandler: Request not found, ignoring reply: s2<-s1#153:OK,SUCCESS,nextIndex:1,term:3,followerCommit:-1
2019-09-24 16:17:11,611 WARN  server.GrpcLogAppender (GrpcLogAppender.java:onNextImpl(251)) - s2@group-E77E9FD8E08A->s0-AppendLogResponseHandler: Request not found, ignoring reply: s2<-s0#104:OK,SUCCESS,nextIndex:1,term:3,followerCommit:-1
2019-09-24 16:17:11,611 WARN  server.GrpcLogAppender (GrpcLogAppender.java:onNextImpl(251)) - s2@group-E77E9FD8E08A->s1-AppendLogResponseHandler: Request not found, ignoring reply: s2<-s1#154:OK,SUCCESS,nextIndex:1,term:3,followerCommit:-1
2019-09-24 16:17:11,611 WARN  server.GrpcLogAppender (GrpcLogAppender.java:onNextImpl(251)) - s2@group-E77E9FD8E08A->s0-AppendLogResponseHandler: Request not found, ignoring reply: s2<-s0#105:OK,SUCCESS,nextIndex:1,term:3,followerCommit:-1
2019-09-24 16:17:11,611 WARN  server.GrpcLogAppender (GrpcLogAppender.java:onNextImpl(251)) - s2@group-E77E9FD8E08A->s1-AppendLogResponseHandler: Request not found, ignoring reply: s2<-s1#155:OK,SUCCESS,nextIndex:1,term:3,followerCommit:-1
2019-09-24 16:17:11,611 WARN  server.GrpcLogAppender (GrpcLogAppender.java:onNextImpl(251)) - s2@group-E77E9FD8E08A->s0-AppendLogResponseHandler: Request not found, ignoring reply: s2<-s0#106:OK,SUCCESS,nextIndex:1,term:3,followerCommit:-1
2019-09-24 16:17:11,612 WARN  server.GrpcLogAppender (GrpcLogAppender.java:onNextImpl(251)) - s2@group-E77E9FD8E08A->s1-AppendLogResponseHandler: Request not found, ignoring reply: s2<-s1#156:OK,SUCCESS,nextIndex:1,term:3,followerCommit:-1
2019-09-24 16:17:11,612 WARN  server.GrpcLogAppender (GrpcLogAppender.java:onNextImpl(251)) - s2@group-E77E9FD8E08A->s0-AppendLogResponseHandler: Request not found, ignoring reply: s2<-s0#107:OK,SUCCESS,nextIndex:1,term:3,followerCommit:-1
2019-09-24 16:17:11,612 WARN  server.GrpcLogAppender (GrpcLogAppender.java:onNextImpl(251)) - s2@group-E77E9FD8E08A->s1-AppendLogResponseHandler: Request not found, ignoring reply: s2<-s1#157:OK,SUCCESS,nextIndex:1,term:3,followerCommit:-1
2019-09-24 16:17:11,612 WARN  server.GrpcLogAppender (GrpcLogAppender.java:onNextImpl(251)) - s2@group-E77E9FD8E08A->s0-AppendLogResponseHandler: Request not found, ignoring reply: s2<-s0#108:OK,SUCCESS,nextIndex:1,term:3,followerCommit:-1
2019-09-24 16:17:11,612 WARN  server.GrpcLogAppender (GrpcLogAppender.java:onNextImpl(251)) - s2@group-E77E9FD8E08A->s1-AppendLogResponseHandler: Request not found, ignoring reply: s2<-s1#158:OK,SUCCESS,nextIndex:1,term:3,followerCommit:-1
2019-09-24 16:17:11,612 WARN  server.GrpcLogAppender (GrpcLogAppender.java:onNextImpl(251)) - s2@group-E77E9FD8E08A->s0-AppendLogResponseHandler: Request not found, ignoring reply: s2<-s0#109:OK,SUCCESS,nextIndex:1,term:3,followerCommit:-1
2019-09-24 16:17:11,612 WARN  server.GrpcLogAppender (GrpcLogAppender.java:onNextImpl(251)) - s2@group-E77E9FD8E08A->s1-AppendLogResponseHandler: Request not found, ignoring reply: s2<-s1#159:OK,SUCCESS,nextIndex:1,term:3,followerCommit:-1
2019-09-24 16:17:11,613 WARN  server.GrpcLogAppender (GrpcLogAppender.java:onNextImpl(251)) - s2@group-E77E9FD8E08A->s0-AppendLogResponseHandler: Request not found, ignoring reply: s2<-s0#110:OK,SUCCESS,nextIndex:1,term:3,followerCommit:-1
2019-09-24 16:17:11,613 WARN  server.GrpcLogAppender (GrpcLogAppender.java:timeoutAppendRequest(200)) - s2@group-5C26748AB2B1->s0-GrpcLogAppender: appendEntries Timeout, request=s2->s0#1764-t3, previous=(t:3, i:1429), leaderCommit=1328, initializing? false, entries: <empty>
2019-09-24 16:17:11,613 WARN  server.GrpcLogAppender (GrpcLogAppender.java:timeoutAppendRequest(200)) - s2@group-5C26748AB2B1->s1-GrpcLogAppender: appendEntries Timeout, request=s2->s1#1934-t3, previous=(t:3, i:1429), leaderCommit=1328, initializing? false, entries: <empty>
2019-09-24 16:17:11,613 WARN  server.GrpcLogAppender (GrpcLogAppender.java:onNextImpl(251)) - s2@group-E77E9FD8E08A->s0-AppendLogResponseHandler: Request not found, ignoring reply: s2<-s0#111:OK,SUCCESS,nextIndex:1,term:3,followerCommit:-1
2019-09-24 16:17:11,613 WARN  server.GrpcLogAppender (GrpcLogAppender.java:onNextImpl(251)) - s2@group-E77E9FD8E08A->s1-AppendLogResponseHandler: Request not found, ignoring reply: s2<-s1#160:OK,SUCCESS,nextIndex:1,term:3,followerCommit:-1
2019-09-24 16:17:11,613 WARN  server.GrpcLogAppender (GrpcLogAppender.java:onNextImpl(251)) - s2@group-E77E9FD8E08A->s0-AppendLogResponseHandler: Request not found, ignoring reply: s2<-s0#112:OK,SUCCESS,nextIndex:1,term:3,followerCommit:-1
2019-09-24 16:17:11,613 WARN  server.GrpcLogAppender (GrpcLogAppender.java:onNextImpl(251)) - s2@group-E77E9FD8E08A->s1-AppendLogResponseHandler: Request not found, ignoring reply: s2<-s1#161:OK,SUCCESS,nextIndex:1,term:3,followerCommit:-1
2019-09-24 16:17:11,613 WARN  server.GrpcLogAppender (GrpcLogAppender.java:onNextImpl(251)) - s2@group-E77E9FD8E08A->s0-AppendLogResponseHandler: Request not found, ignoring reply: s2<-s0#113:OK,SUCCESS,nextIndex:1,term:3,followerCommit:-1
2019-09-24 16:17:11,614 WARN  server.GrpcLogAppender (GrpcLogAppender.java:onNextImpl(251)) - s2@group-E77E9FD8E08A->s1-AppendLogResponseHandler: Request not found, ignoring reply: s2<-s1#162:OK,SUCCESS,nextIndex:1,term:3,followerCommit:-1
2019-09-24 16:17:11,614 WARN  server.GrpcLogAppender (GrpcLogAppender.java:onNextImpl(251)) - s2@group-E77E9FD8E08A->s0-AppendLogResponseHandler: Request not found, ignoring reply: s2<-s0#114:OK,SUCCESS,nextIndex:1,term:3,followerCommit:-1
2019-09-24 16:17:11,614 WARN  server.GrpcLogAppender (GrpcLogAppender.java:onNextImpl(251)) - s2@group-E77E9FD8E08A->s1-AppendLogResponseHandler: Request not found, ignoring reply: s2<-s1#163:OK,SUCCESS,nextIndex:1,term:3,followerCommit:-1
2019-09-24 16:17:11,614 WARN  server.GrpcLogAppender (GrpcLogAppender.java:onNextImpl(251)) - s2@group-E77E9FD8E08A->s0-AppendLogResponseHandler: Request not found, ignoring reply: s2<-s0#115:OK,SUCCESS,nextIndex:1,term:3,followerCommit:-1
2019-09-24 16:17:11,614 WARN  server.GrpcLogAppender (GrpcLogAppender.java:onNextImpl(251)) - s2@group-E77E9FD8E08A->s1-AppendLogResponseHandler: Request not found, ignoring reply: s2<-s1#164:OK,SUCCESS,nextIndex:1,term:3,followerCommit:-1
2019-09-24 16:17:11,614 WARN  server.GrpcLogAppender (GrpcLogAppender.java:onNextImpl(251)) - s2@group-E77E9FD8E08A->s0-AppendLogResponseHandler: Request not found, ignoring reply: s2<-s0#116:OK,SUCCESS,nextIndex:1,term:3,followerCommit:-1
2019-09-24 16:17:11,614 WARN  server.GrpcLogAppender (GrpcLogAppender.java:onNextImpl(251)) - s2@group-E77E9FD8E08A->s1-AppendLogResponseHandler: Request not found, ignoring reply: s2<-s1#165:OK,SUCCESS,nextIndex:1,term:3,followerCommit:-1
2019-09-24 16:17:11,614 WARN  server.GrpcLogAppender (GrpcLogAppender.java:onNextImpl(251)) - s2@group-E77E9FD8E08A->s0-AppendLogResponseHandler: Request not found, ignoring reply: s2<-s0#117:OK,SUCCESS,nextIndex:1,term:3,followerCommit:-1
2019-09-24 16:17:11,615 WARN  server.GrpcLogAppender (GrpcLogAppender.java:onNextImpl(251)) - s2@group-E77E9FD8E08A->s1-AppendLogResponseHandler: Request not found, ignoring reply: s2<-s1#166:OK,SUCCESS,nextIndex:1,term:3,followerCommit:-1
2019-09-24 16:17:11,615 WARN  server.GrpcLogAppender (GrpcLogAppender.java:onNextImpl(251)) - s2@group-E77E9FD8E08A->s0-AppendLogResponseHandler: Request not found, ignoring reply: s2<-s0#118:OK,SUCCESS,nextIndex:1,term:3,followerCommit:-1
2019-09-24 16:17:11,615 WARN  server.GrpcLogAppender (GrpcLogAppender.java:onNextImpl(251)) - s2@group-E77E9FD8E08A->s1-AppendLogResponseHandler: Request not found, ignoring reply: s2<-s1#167:OK,SUCCESS,nextIndex:1,term:3,followerCommit:-1
2019-09-24 16:17:11,615 WARN  server.GrpcLogAppender (GrpcLogAppender.java:onNextImpl(251)) - s2@group-E77E9FD8E08A->s0-AppendLogResponseHandler: Request not found, ignoring reply: s2<-s0#119:OK,SUCCESS,nextIndex:1,term:3,followerCommit:-1
2019-09-24 16:17:11,615 WARN  server.GrpcLogAppender (GrpcLogAppender.java:onNextImpl(251)) - s2@group-E77E9FD8E08A->s1-AppendLogResponseHandler: Request not found, ignoring reply: s2<-s1#168:OK,SUCCESS,nextIndex:1,term:3,followerCommit:-1
2019-09-24 16:17:11,615 WARN  server.GrpcLogAppender (GrpcLogAppender.java:onNextImpl(251)) - s2@group-E77E9FD8E08A->s0-AppendLogResponseHandler: Request not found, ignoring reply: s2<-s0#120:OK,SUCCESS,nextIndex:1,term:3,followerCommit:-1
2019-09-24 16:17:11,615 WARN  server.GrpcLogAppender (GrpcLogAppender.java:onNextImpl(251)) - s2@group-E77E9FD8E08A->s0-AppendLogResponseHandler: Request not found, ignoring reply: s2<-s0#121:OK,SUCCESS,nextIndex:1,term:3,followerCommit:-1
2019-09-24 16:17:11,616 WARN  server.GrpcLogAppender (GrpcLogAppender.java:onNextImpl(251)) - s2@group-E77E9FD8E08A->s0-AppendLogResponseHandler: Request not found, ignoring reply: s2<-s0#122:OK,SUCCESS,nextIndex:1,term:3,followerCommit:-1
2019-09-24 16:17:11,616 WARN  server.GrpcLogAppender (GrpcLogAppender.java:onNextImpl(251)) - s2@group-E77E9FD8E08A->s0-AppendLogResponseHandler: Request not found, ignoring reply: s2<-s0#123:OK,SUCCESS,nextIndex:1,term:3,followerCommit:-1
2019-09-24 16:17:11,616 WARN  server.GrpcLogAppender (GrpcLogAppender.java:onNextImpl(251)) - s2@group-E77E9FD8E08A->s0-AppendLogResponseHandler: Request not found, ignoring reply: s2<-s0#124:OK,SUCCESS,nextIndex:1,term:3,followerCommit:-1
2019-09-24 16:17:11,616 WARN  server.GrpcLogAppender (GrpcLogAppender.java:onNextImpl(251)) - s2@group-E77E9FD8E08A->s0-AppendLogResponseHandler: Request not found, ignoring reply: s2<-s0#125:OK,SUCCESS,nextIndex:1,term:3,followerCommit:-1
2019-09-24 16:17:11,617 WARN  server.GrpcLogAppender (GrpcLogAppender.java:onNextImpl(251)) - s2@group-E77E9FD8E08A->s0-AppendLogResponseHandler: Request not found, ignoring reply: s2<-s0#126:OK,SUCCESS,nextIndex:1,term:3,followerCommit:-1
2019-09-24 16:17:11,617 WARN  server.GrpcLogAppender (GrpcLogAppender.java:onNextImpl(251)) - s2@group-E77E9FD8E08A->s0-AppendLogResponseHandler: Request not found, ignoring reply: s2<-s0#127:OK,SUCCESS,nextIndex:1,term:3,followerCommit:-1
2019-09-24 16:17:11,617 WARN  server.GrpcLogAppender (GrpcLogAppender.java:onNextImpl(251)) - s2@group-E77E9FD8E08A->s0-AppendLogResponseHandler: Request not found, ignoring reply: s2<-s0#128:OK,SUCCESS,nextIndex:1,term:3,followerCommit:-1
2019-09-24 16:17:11,617 WARN  server.GrpcLogAppender (GrpcLogAppender.java:onNextImpl(251)) - s2@group-E77E9FD8E08A->s0-AppendLogResponseHandler: Request not found, ignoring reply: s2<-s0#129:OK,SUCCESS,nextIndex:1,term:3,followerCommit:-1
2019-09-24 16:17:11,617 WARN  server.GrpcLogAppender (GrpcLogAppender.java:onNextImpl(251)) - s2@group-E77E9FD8E08A->s0-AppendLogResponseHandler: Request not found, ignoring reply: s2<-s0#130:OK,SUCCESS,nextIndex:1,term:3,followerCommit:-1
2019-09-24 16:17:11,617 WARN  server.GrpcLogAppender (GrpcLogAppender.java:onNextImpl(251)) - s2@group-E77E9FD8E08A->s0-AppendLogResponseHandler: Request not found, ignoring reply: s2<-s0#131:OK,SUCCESS,nextIndex:1,term:3,followerCommit:-1
2019-09-24 16:17:11,618 WARN  server.GrpcLogAppender (GrpcLogAppender.java:onNextImpl(251)) - s2@group-E77E9FD8E08A->s0-AppendLogResponseHandler: Request not found, ignoring reply: s2<-s0#132:OK,SUCCESS,nextIndex:1,term:3,followerCommit:-1
2019-09-24 16:17:11,618 WARN  server.GrpcLogAppender (GrpcLogAppender.java:onNextImpl(251)) - s2@group-E77E9FD8E08A->s0-AppendLogResponseHandler: Request not found, ignoring reply: s2<-s0#133:OK,SUCCESS,nextIndex:1,term:3,followerCommit:-1
2019-09-24 16:17:11,618 WARN  server.GrpcLogAppender (GrpcLogAppender.java:onNextImpl(251)) - s2@group-E77E9FD8E08A->s0-AppendLogResponseHandler: Request not found, ignoring reply: s2<-s0#134:OK,SUCCESS,nextIndex:1,term:3,followerCommit:-1
2019-09-24 16:17:11,618 WARN  server.GrpcLogAppender (GrpcLogAppender.java:onNextImpl(251)) - s2@group-E77E9FD8E08A->s0-AppendLogResponseHandler: Request not found, ignoring reply: s2<-s0#135:OK,SUCCESS,nextIndex:1,term:3,followerCommit:-1
2019-09-24 16:17:11,618 WARN  server.GrpcLogAppender (GrpcLogAppender.java:onNextImpl(251)) - s2@group-E77E9FD8E08A->s0-AppendLogResponseHandler: Request not found, ignoring reply: s2<-s0#136:OK,SUCCESS,nextIndex:1,term:3,followerCommit:-1
2019-09-24 16:17:11,618 WARN  server.GrpcLogAppender (GrpcLogAppender.java:onNextImpl(251)) - s2@group-E77E9FD8E08A->s0-AppendLogResponseHandler: Request not found, ignoring reply: s2<-s0#137:OK,SUCCESS,nextIndex:1,term:3,followerCommit:-1
2019-09-24 16:17:11,618 WARN  server.GrpcLogAppender (GrpcLogAppender.java:onNextImpl(251)) - s2@group-E77E9FD8E08A->s0-AppendLogResponseHandler: Request not found, ignoring reply: s2<-s0#138:OK,SUCCESS,nextIndex:1,term:3,followerCommit:-1
2019-09-24 16:17:11,619 WARN  server.GrpcLogAppender (GrpcLogAppender.java:onNextImpl(251)) - s2@group-E77E9FD8E08A->s0-AppendLogResponseHandler: Request not found, ignoring reply: s2<-s0#139:OK,SUCCESS,nextIndex:1,term:3,followerCommit:-1
2019-09-24 16:17:11,619 WARN  server.GrpcLogAppender (GrpcLogAppender.java:onNextImpl(251)) - s2@group-E77E9FD8E08A->s0-AppendLogResponseHandler: Request not found, ignoring reply: s2<-s0#140:OK,SUCCESS,nextIndex:1,term:3,followerCommit:-1
2019-09-24 16:17:11,619 WARN  server.GrpcLogAppender (GrpcLogAppender.java:onNextImpl(251)) - s2@group-E77E9FD8E08A->s0-AppendLogResponseHandler: Request not found, ignoring reply: s2<-s0#141:OK,SUCCESS,nextIndex:1,term:3,followerCommit:-1
2019-09-24 16:17:11,619 WARN  server.GrpcLogAppender (GrpcLogAppender.java:onNextImpl(251)) - s2@group-E77E9FD8E08A->s0-AppendLogResponseHandler: Request not found, ignoring reply: s2<-s0#142:OK,SUCCESS,nextIndex:1,term:3,followerCommit:-1
2019-09-24 16:17:11,619 WARN  server.GrpcLogAppender (GrpcLogAppender.java:onNextImpl(251)) - s2@group-E77E9FD8E08A->s0-AppendLogResponseHandler: Request not found, ignoring reply: s2<-s0#143:OK,SUCCESS,nextIndex:1,term:3,followerCommit:-1
2019-09-24 16:17:11,619 WARN  server.GrpcLogAppender (GrpcLogAppender.java:onNextImpl(251)) - s2@group-E77E9FD8E08A->s0-AppendLogResponseHandler: Request not found, ignoring reply: s2<-s0#144:OK,SUCCESS,nextIndex:1,term:3,followerCommit:-1
2019-09-24 16:17:11,619 WARN  server.GrpcLogAppender (GrpcLogAppender.java:onNextImpl(251)) - s2@group-E77E9FD8E08A->s0-AppendLogResponseHandler: Request not found, ignoring reply: s2<-s0#145:OK,SUCCESS,nextIndex:1,term:3,followerCommit:-1
2019-09-24 16:17:11,620 WARN  server.GrpcLogAppender (GrpcLogAppender.java:onNextImpl(251)) - s2@group-E77E9FD8E08A->s0-AppendLogResponseHandler: Request not found, ignoring reply: s2<-s0#146:OK,SUCCESS,nextIndex:1,term:3,followerCommit:-1
2019-09-24 16:17:11,620 WARN  server.GrpcLogAppender (GrpcLogAppender.java:onNextImpl(251)) - s2@group-E77E9FD8E08A->s0-AppendLogResponseHandler: Request not found, ignoring reply: s2<-s0#147:OK,SUCCESS,nextIndex:1,term:3,followerCommit:-1
2019-09-24 16:17:11,620 WARN  server.GrpcLogAppender (GrpcLogAppender.java:onNextImpl(251)) - s2@group-E77E9FD8E08A->s0-AppendLogResponseHandler: Request not found, ignoring reply: s2<-s0#148:OK,SUCCESS,nextIndex:1,term:3,followerCommit:-1
2019-09-24 16:17:11,620 WARN  server.GrpcLogAppender (GrpcLogAppender.java:onNextImpl(251)) - s2@group-E77E9FD8E08A->s0-AppendLogResponseHandler: Request not found, ignoring reply: s2<-s0#149:OK,SUCCESS,nextIndex:1,term:3,followerCommit:-1
2019-09-24 16:17:11,620 WARN  server.GrpcLogAppender (GrpcLogAppender.java:onNextImpl(251)) - s2@group-E77E9FD8E08A->s0-AppendLogResponseHandler: Request not found, ignoring reply: s2<-s0#150:OK,SUCCESS,nextIndex:1,term:3,followerCommit:-1
2019-09-24 16:17:11,620 WARN  server.GrpcLogAppender (GrpcLogAppender.java:onNextImpl(251)) - s2@group-E77E9FD8E08A->s0-AppendLogResponseHandler: Request not found, ignoring reply: s2<-s0#151:OK,SUCCESS,nextIndex:1,term:3,followerCommit:-1
2019-09-24 16:17:11,620 WARN  server.GrpcLogAppender (GrpcLogAppender.java:onNextImpl(251)) - s2@group-E77E9FD8E08A->s0-AppendLogResponseHandler: Request not found, ignoring reply: s2<-s0#152:OK,SUCCESS,nextIndex:1,term:3,followerCommit:-1
2019-09-24 16:17:11,620 WARN  server.GrpcLogAppender (GrpcLogAppender.java:onNextImpl(251)) - s2@group-E77E9FD8E08A->s0-AppendLogResponseHandler: Request not found, ignoring reply: s2<-s0#153:OK,SUCCESS,nextIndex:1,term:3,followerCommit:-1
2019-09-24 16:17:11,621 WARN  server.GrpcLogAppender (GrpcLogAppender.java:onNextImpl(251)) - s2@group-E77E9FD8E08A->s0-AppendLogResponseHandler: Request not found, ignoring reply: s2<-s0#154:OK,SUCCESS,nextIndex:1,term:3,followerCommit:-1
2019-09-24 16:17:11,621 WARN  server.GrpcLogAppender (GrpcLogAppender.java:onNextImpl(251)) - s2@group-E77E9FD8E08A->s0-AppendLogResponseHandler: Request not found, ignoring reply: s2<-s0#155:OK,SUCCESS,nextIndex:1,term:3,followerCommit:-1
2019-09-24 16:17:11,621 WARN  server.GrpcLogAppender (GrpcLogAppender.java:onNextImpl(251)) - s2@group-E77E9FD8E08A->s0-AppendLogResponseHandler: Request not found, ignoring reply: s2<-s0#156:OK,SUCCESS,nextIndex:1,term:3,followerCommit:-1
2019-09-24 16:17:11,621 WARN  server.GrpcLogAppender (GrpcLogAppender.java:onNextImpl(251)) - s2@group-E77E9FD8E08A->s0-AppendLogResponseHandler: Request not found, ignoring reply: s2<-s0#157:OK,SUCCESS,nextIndex:1,term:3,followerCommit:-1
2019-09-24 16:17:11,621 WARN  server.GrpcLogAppender (GrpcLogAppender.java:onNextImpl(251)) - s2@group-E77E9FD8E08A->s0-AppendLogResponseHandler: Request not found, ignoring reply: s2<-s0#158:OK,SUCCESS,nextIndex:1,term:3,followerCommit:-1
2019-09-24 16:17:11,621 WARN  server.GrpcLogAppender (GrpcLogAppender.java:onNextImpl(251)) - s2@group-E77E9FD8E08A->s0-AppendLogResponseHandler: Request not found, ignoring reply: s2<-s0#159:OK,SUCCESS,nextIndex:1,term:3,followerCommit:-1
2019-09-24 16:17:11,622 WARN  server.GrpcLogAppender (GrpcLogAppender.java:onNextImpl(251)) - s2@group-E77E9FD8E08A->s0-AppendLogResponseHandler: Request not found, ignoring reply: s2<-s0#160:OK,SUCCESS,nextIndex:1,term:3,followerCommit:-1
2019-09-24 16:17:11,622 WARN  server.GrpcLogAppender (GrpcLogAppender.java:onNextImpl(251)) - s2@group-E77E9FD8E08A->s0-AppendLogResponseHandler: Request not found, ignoring reply: s2<-s0#161:OK,SUCCESS,nextIndex:1,term:3,followerCommit:-1
2019-09-24 16:17:11,622 WARN  server.GrpcLogAppender (GrpcLogAppender.java:onNextImpl(251)) - s2@group-E77E9FD8E08A->s0-AppendLogResponseHandler: Request not found, ignoring reply: s2<-s0#162:OK,SUCCESS,nextIndex:1,term:3,followerCommit:-1
2019-09-24 16:17:11,622 WARN  server.GrpcLogAppender (GrpcLogAppender.java:onNextImpl(251)) - s2@group-E77E9FD8E08A->s0-AppendLogResponseHandler: Request not found, ignoring reply: s2<-s0#163:OK,SUCCESS,nextIndex:1,term:3,followerCommit:-1
2019-09-24 16:17:11,622 WARN  server.GrpcLogAppender (GrpcLogAppender.java:onNextImpl(251)) - s2@group-E77E9FD8E08A->s0-AppendLogResponseHandler: Request not found, ignoring reply: s2<-s0#164:OK,SUCCESS,nextIndex:1,term:3,followerCommit:-1
2019-09-24 16:17:11,622 WARN  server.GrpcLogAppender (GrpcLogAppender.java:onNextImpl(251)) - s2@group-E77E9FD8E08A->s0-AppendLogResponseHandler: Request not found, ignoring reply: s2<-s0#165:OK,SUCCESS,nextIndex:1,term:3,followerCommit:-1
2019-09-24 16:17:11,622 WARN  server.GrpcLogAppender (GrpcLogAppender.java:onNextImpl(251)) - s2@group-E77E9FD8E08A->s0-AppendLogResponseHandler: Request not found, ignoring reply: s2<-s0#166:OK,SUCCESS,nextIndex:1,term:3,followerCommit:-1
2019-09-24 16:17:11,623 WARN  server.GrpcLogAppender (GrpcLogAppender.java:onNextImpl(251)) - s2@group-E77E9FD8E08A->s0-AppendLogResponseHandler: Request not found, ignoring reply: s2<-s0#167:OK,SUCCESS,nextIndex:1,term:3,followerCommit:-1
2019-09-24 16:17:11,623 WARN  server.GrpcLogAppender (GrpcLogAppender.java:onNextImpl(251)) - s2@group-E77E9FD8E08A->s0-AppendLogResponseHandler: Request not found, ignoring reply: s2<-s0#168:OK,SUCCESS,nextIndex:1,term:3,followerCommit:-1
2019-09-24 16:17:11,633 DEBUG client.GrpcClientProtocolService (GrpcClientProtocolService.java:<init>(175)) - new 73-OrderedRequestStreamObserver73
2019-09-24 16:17:11,688 WARN  server.GrpcLogAppender (GrpcLogAppender.java:timeoutAppendRequest(200)) - s2@group-5C26748AB2B1->s0-GrpcLogAppender: appendEntries Timeout, request=s2->s0#1765-t3, previous=(t:3, i:1429), leaderCommit=1328, initializing? false, entries: <empty>
2019-09-24 16:17:11,688 WARN  server.GrpcLogAppender (GrpcLogAppender.java:timeoutAppendRequest(200)) - s2@group-5C26748AB2B1->s1-GrpcLogAppender: appendEntries Timeout, request=s2->s1#1935-t3, previous=(t:3, i:1429), leaderCommit=1328, initializing? false, entries: <empty>
2019-09-24 16:17:11,763 WARN  server.GrpcLogAppender (GrpcLogAppender.java:timeoutAppendRequest(200)) - s2@group-5C26748AB2B1->s0-GrpcLogAppender: appendEntries Timeout, request=s2->s0#1766-t3, previous=(t:3, i:1429), leaderCommit=1328, initializing? false, entries: <empty>
2019-09-24 16:17:11,763 WARN  server.GrpcLogAppender (GrpcLogAppender.java:timeoutAppendRequest(200)) - s2@group-5C26748AB2B1->s1-GrpcLogAppender: appendEntries Timeout, request=s2->s1#1936-t3, previous=(t:3, i:1429), leaderCommit=1328, initializing? false, entries: <empty>
2019-09-24 16:17:11,934 WARN  server.GrpcLogAppender (GrpcLogAppender.java:timeoutAppendRequest(200)) - s2@group-5C26748AB2B1->s0-GrpcLogAppender: appendEntries Timeout, request=s2->s0#1767-t3, previous=(t:3, i:1429), leaderCommit=1328, initializing? false, entries: <empty>
2019-09-24 16:17:12,010 WARN  server.GrpcLogAppender (GrpcLogAppender.java:timeoutAppendRequest(200)) - s2@group-5C26748AB2B1->s0-GrpcLogAppender: appendEntries Timeout, request=s2->s0#1768-t3, previous=(t:3, i:1429), leaderCommit=1328, initializing? false, entries: <empty>
2019-09-24 16:17:12,460 WARN  server.GrpcLogAppender (GrpcLogAppender.java:timeoutAppendRequest(200)) - s2@group-5C26748AB2B1->s1-GrpcLogAppender: appendEntries Timeout, request=s2->s1#1937-t3, previous=(t:3, i:1429), leaderCommit=1328, initializing? false, entries: <empty>
2019-09-24 16:17:12,461 WARN  server.GrpcLogAppender (GrpcLogAppender.java:timeoutAppendRequest(200)) - s2@group-5C26748AB2B1->s0-GrpcLogAppender: appendEntries Timeout, request=s2->s0#1769-t3, previous=(t:3, i:1429), leaderCommit=1328, initializing? false, entries: <empty>
2019-09-24 16:17:12,535 WARN  server.GrpcLogAppender (GrpcLogAppender.java:timeoutAppendRequest(200)) - s2@group-5C26748AB2B1->s1-GrpcLogAppender: appendEntries Timeout, request=s2->s1#1938-t3, previous=(t:3, i:1429), leaderCommit=1328, initializing? false, entries: <empty>
2019-09-24 16:17:12,536 WARN  server.GrpcLogAppender (GrpcLogAppender.java:timeoutAppendRequest(200)) - s2@group-5C26748AB2B1->s0-GrpcLogAppender: appendEntries Timeout, request=s2->s0#1770-t3, previous=(t:3, i:1429), leaderCommit=1328, initializing? false, entries: <empty>
2019-09-24 16:17:12,610 WARN  server.GrpcLogAppender (GrpcLogAppender.java:timeoutAppendRequest(200)) - s2@group-5C26748AB2B1->s1-GrpcLogAppender: appendEntries Timeout, request=s2->s1#1939-t3, previous=(t:3, i:1429), leaderCommit=1328, initializing? false, entries: <empty>
2019-09-24 16:17:12,611 WARN  server.GrpcLogAppender (GrpcLogAppender.java:timeoutAppendRequest(200)) - s2@group-5C26748AB2B1->s0-GrpcLogAppender: appendEntries Timeout, request=s2->s0#1771-t3, previous=(t:3, i:1429), leaderCommit=1328, initializing? false, entries: <empty>
2019-09-24 16:17:12,686 WARN  server.GrpcLogAppender (GrpcLogAppender.java:timeoutAppendRequest(200)) - s2@group-5C26748AB2B1->s1-GrpcLogAppender: appendEntries Timeout, request=s2->s1#1940-t3, previous=(t:3, i:1429), leaderCommit=1328, initializing? false, entries: <empty>
2019-09-24 16:17:12,686 WARN  server.GrpcLogAppender (GrpcLogAppender.java:timeoutAppendRequest(200)) - s2@group-5C26748AB2B1->s0-GrpcLogAppender: appendEntries Timeout, request=s2->s0#1772-t3, previous=(t:3, i:1429), leaderCommit=1328, initializing? false, entries: <empty>
2019-09-24 16:17:12,755 DEBUG client.GrpcClientProtocolService (GrpcClientProtocolService.java:responseError(257)) - 29-OrderedRequestStreamObserver29: Failed onNext for client-EDB41257C35F->s2#1024-1024* in 29-OrderedRequestStreamObserver29
java.lang.IllegalStateException: Entry already exists for key 1024 in map SlidingWindow$Server:29-OrderedRequestStreamObserver29:requests
	at org.apache.ratis.util.Preconditions.assertTrue(Preconditions.java:75)
	at org.apache.ratis.util.CollectionUtils.putNew(CollectionUtils.java:94)
	at org.apache.ratis.util.SlidingWindow$RequestMap.putNewRequest(SlidingWindow.java:126)
	at org.apache.ratis.util.SlidingWindow$Server.receivedRequest(SlidingWindow.java:420)
	at org.apache.ratis.grpc.client.GrpcClientProtocolService$OrderedRequestStreamObserver.processClientRequest(GrpcClientProtocolService.java:345)
	at org.apache.ratis.grpc.client.GrpcClientProtocolService$RequestStreamObserver.onNext(GrpcClientProtocolService.java:240)
	at org.apache.ratis.grpc.client.GrpcClientProtocolService$RequestStreamObserver.onNext(GrpcClientProtocolService.java:168)
	at org.apache.ratis.thirdparty.io.grpc.stub.ServerCalls$StreamingServerCallHandler$StreamingServerCallListener.onMessage(ServerCalls.java:248)
	at org.apache.ratis.thirdparty.io.grpc.internal.ServerCallImpl$ServerStreamListenerImpl.messagesAvailable(ServerCallImpl.java:263)
	at org.apache.ratis.thirdparty.io.grpc.internal.ServerImpl$JumpToApplicationThreadServerStreamListener$1MessagesAvailable.runInContext(ServerImpl.java:686)
	at org.apache.ratis.thirdparty.io.grpc.internal.ContextRunnable.run(ContextRunnable.java:37)
	at org.apache.ratis.thirdparty.io.grpc.internal.SerializingExecutor.run(SerializingExecutor.java:123)
	at java.util.concurrent.ThreadPoolExecutor.runWorker(ThreadPoolExecutor.java:1149)
	at java.util.concurrent.ThreadPoolExecutor$Worker.run(ThreadPoolExecutor.java:624)
	at java.lang.Thread.run(Thread.java:748)
2019-09-24 16:17:12,762 WARN  server.GrpcLogAppender (GrpcLogAppender.java:timeoutAppendRequest(200)) - s2@group-5C26748AB2B1->s0-GrpcLogAppender: appendEntries Timeout, request=s2->s0#1773-t3, previous=(t:3, i:1429), leaderCommit=1328, initializing? false, entries: <empty>
2019-09-24 16:17:12,762 WARN  server.GrpcLogAppender (GrpcLogAppender.java:timeoutAppendRequest(200)) - s2@group-5C26748AB2B1->s1-GrpcLogAppender: appendEntries Timeout, request=s2->s1#1941-t3, previous=(t:3, i:1429), leaderCommit=1328, initializing? false, entries: <empty>
2019-09-24 16:17:12,836 WARN  server.GrpcLogAppender (GrpcLogAppender.java:timeoutAppendRequest(200)) - s2@group-5C26748AB2B1->s1-GrpcLogAppender: appendEntries Timeout, request=s2->s1#1942-t3, previous=(t:3, i:1429), leaderCommit=1328, initializing? false, entries: <empty>
2019-09-24 16:17:12,837 WARN  server.GrpcLogAppender (GrpcLogAppender.java:timeoutAppendRequest(200)) - s2@group-5C26748AB2B1->s0-GrpcLogAppender: appendEntries Timeout, request=s2->s0#1774-t3, previous=(t:3, i:1429), leaderCommit=1328, initializing? false, entries: <empty>
2019-09-24 16:17:12,866 DEBUG client.GrpcClientProtocolService (GrpcClientProtocolService.java:<init>(175)) - new 6-OrderedRequestStreamObserver6
2019-09-24 16:17:12,867 DEBUG client.GrpcClientProtocolService (GrpcClientProtocolService.java:sendReply(353)) - 6-OrderedRequestStreamObserver6: sendReply seq=1024, RaftClientReply:client-EDB41257C35F->s0@group-5C26748AB2B1, cid=1024, FAILED org.apache.ratis.protocol.NotLeaderException: Server s0@group-5C26748AB2B1 is not the leader s2:0.0.0.0:34862, logIndex=0, commits[s0:c1328, s1:c1227, s2:c1328]
2019-09-24 16:17:12,870 DEBUG client.GrpcClientProtocolService (GrpcClientProtocolService.java:close(374)) - 6-OrderedRequestStreamObserver6: close
2019-09-24 16:17:12,874 DEBUG client.GrpcClientProtocolService (GrpcClientProtocolService.java:<init>(175)) - new 30-OrderedRequestStreamObserver30
2019-09-24 16:17:12,911 WARN  server.GrpcLogAppender (GrpcLogAppender.java:timeoutAppendRequest(200)) - s2@group-5C26748AB2B1->s1-GrpcLogAppender: appendEntries Timeout, request=s2->s1#1943-t3, previous=(t:3, i:1429), leaderCommit=1328, initializing? false, entries: <empty>
2019-09-24 16:17:12,912 WARN  server.GrpcLogAppender (GrpcLogAppender.java:timeoutAppendRequest(200)) - s2@group-5C26748AB2B1->s0-GrpcLogAppender: appendEntries Timeout, request=s2->s0#1775-t3, previous=(t:3, i:1429), leaderCommit=1328, initializing? false, entries: <empty>
]]></system-out>
  </testcase>
  <testcase name="testWriteWithOffset" classname="org.apache.ratis.grpc.TestRaftOutputStreamWithGrpc" time="25.667"/>
  <testcase name="testKillLeader" classname="org.apache.ratis.grpc.TestRaftOutputStreamWithGrpc" time="11.976">
    <error type="java.lang.NullPointerException">java.lang.NullPointerException
</error>
    <system-out><![CDATA[2019-09-24 16:17:38,690 DEBUG client.GrpcClientProtocolService (GrpcClientProtocolService.java:sendReply(353)) - 36-OrderedRequestStreamObserver36: sendReply seq=1821, RaftClientReply:client-EDB41257C35F->s2@group-5C26748AB2B1, cid=1829, SUCCESS, logIndex=2288, commits[s2:c2321, s0:c2238, s1:c2238]
2019-09-24 16:17:38,690 INFO  util.LogUtils (LogUtils.java:setLogLevel(41)) - Set org.apache.ratis.conf.ConfUtils log level to WARN
2019-09-24 16:17:38,690 DEBUG client.GrpcClientProtocolService (GrpcClientProtocolService.java:sendReply(353)) - 36-OrderedRequestStreamObserver36: sendReply seq=1822, RaftClientReply:client-EDB41257C35F->s2@group-5C26748AB2B1, cid=1830, SUCCESS, logIndex=2289, commits[s2:c2321, s0:c2238, s1:c2238]
2019-09-24 16:17:38,690 INFO  util.LogUtils (LogUtils.java:setLogLevel(41)) - Set org.apache.ratis.util.FileUtils log level to TRACE
2019-09-24 16:17:38,690 DEBUG client.GrpcClientProtocolService (GrpcClientProtocolService.java:sendReply(353)) - 36-OrderedRequestStreamObserver36: sendReply seq=1823, RaftClientReply:client-EDB41257C35F->s2@group-5C26748AB2B1, cid=1831, SUCCESS, logIndex=2290, commits[s2:c2321, s0:c2238, s1:c2238]
2019-09-24 16:17:38,690 INFO  util.LogUtils (LogUtils.java:setLogLevel(41)) - Set org.apache.ratis.grpc.client.GrpcClientProtocolService log level to TRACE
2019-09-24 16:17:38,691 DEBUG client.GrpcClientProtocolService (GrpcClientProtocolService.java:sendReply(353)) - 36-OrderedRequestStreamObserver36: sendReply seq=1824, RaftClientReply:client-EDB41257C35F->s2@group-5C26748AB2B1, cid=1832, SUCCESS, logIndex=2291, commits[s2:c2321, s0:c2238, s1:c2238]
2019-09-24 16:17:38,691 DEBUG client.GrpcClientProtocolService (GrpcClientProtocolService.java:sendReply(353)) - 36-OrderedRequestStreamObserver36: sendReply seq=1825, RaftClientReply:client-EDB41257C35F->s2@group-5C26748AB2B1, cid=1833, SUCCESS, logIndex=2292, commits[s2:c2321, s0:c2238, s1:c2238]
2019-09-24 16:17:38,691 DEBUG client.GrpcClientProtocolService (GrpcClientProtocolService.java:sendReply(353)) - 36-OrderedRequestStreamObserver36: sendReply seq=1826, RaftClientReply:client-EDB41257C35F->s2@group-5C26748AB2B1, cid=1834, SUCCESS, logIndex=2293, commits[s2:c2321, s0:c2238, s1:c2238]
2019-09-24 16:17:38,691 DEBUG client.GrpcClientProtocolService (GrpcClientProtocolService.java:sendReply(353)) - 36-OrderedRequestStreamObserver36: sendReply seq=1827, RaftClientReply:client-EDB41257C35F->s2@group-5C26748AB2B1, cid=1835, SUCCESS, logIndex=2294, commits[s2:c2321, s0:c2238, s1:c2238]
2019-09-24 16:17:38,691 DEBUG client.GrpcClientProtocolService (GrpcClientProtocolService.java:sendReply(353)) - 36-OrderedRequestStreamObserver36: sendReply seq=1828, RaftClientReply:client-EDB41257C35F->s2@group-5C26748AB2B1, cid=1836, SUCCESS, logIndex=2295, commits[s2:c2321, s0:c2238, s1:c2238]
2019-09-24 16:17:38,691 DEBUG client.GrpcClientProtocolService (GrpcClientProtocolService.java:sendReply(353)) - 36-OrderedRequestStreamObserver36: sendReply seq=1829, RaftClientReply:client-EDB41257C35F->s2@group-5C26748AB2B1, cid=1837, SUCCESS, logIndex=2296, commits[s2:c2321, s0:c2238, s1:c2238]
2019-09-24 16:17:38,691 DEBUG client.GrpcClientProtocolService (GrpcClientProtocolService.java:sendReply(353)) - 36-OrderedRequestStreamObserver36: sendReply seq=1830, RaftClientReply:client-EDB41257C35F->s2@group-5C26748AB2B1, cid=1838, SUCCESS, logIndex=2297, commits[s2:c2321, s0:c2238, s1:c2238]
2019-09-24 16:17:38,692 DEBUG client.GrpcClientProtocolService (GrpcClientProtocolService.java:sendReply(353)) - 36-OrderedRequestStreamObserver36: sendReply seq=1831, RaftClientReply:client-EDB41257C35F->s2@group-5C26748AB2B1, cid=1839, SUCCESS, logIndex=2298, commits[s2:c2321, s0:c2238, s1:c2238]
2019-09-24 16:17:38,692 DEBUG client.GrpcClientProtocolService (GrpcClientProtocolService.java:sendReply(353)) - 36-OrderedRequestStreamObserver36: sendReply seq=1832, RaftClientReply:client-EDB41257C35F->s2@group-5C26748AB2B1, cid=1840, SUCCESS, logIndex=2299, commits[s2:c2321, s0:c2238, s1:c2238]
2019-09-24 16:17:38,692 DEBUG client.GrpcClientProtocolService (GrpcClientProtocolService.java:sendReply(353)) - 36-OrderedRequestStreamObserver36: sendReply seq=1833, RaftClientReply:client-EDB41257C35F->s2@group-5C26748AB2B1, cid=1841, SUCCESS, logIndex=2300, commits[s2:c2321, s0:c2238, s1:c2238]
2019-09-24 16:17:38,692 DEBUG client.GrpcClientProtocolService (GrpcClientProtocolService.java:sendReply(353)) - 36-OrderedRequestStreamObserver36: sendReply seq=1834, RaftClientReply:client-EDB41257C35F->s2@group-5C26748AB2B1, cid=1842, SUCCESS, logIndex=2301, commits[s2:c2321, s0:c2238, s1:c2238]
2019-09-24 16:17:38,692 INFO  ratis.MiniRaftCluster (MiniRaftCluster.java:runWithNewCluster(119)) - Running runWithNewCluster
2019-09-24 16:17:38,692 DEBUG client.GrpcClientProtocolService (GrpcClientProtocolService.java:sendReply(353)) - 36-OrderedRequestStreamObserver36: sendReply seq=1835, RaftClientReply:client-EDB41257C35F->s2@group-5C26748AB2B1, cid=1843, SUCCESS, logIndex=2302, commits[s2:c2321, s0:c2238, s1:c2238]
2019-09-24 16:17:38,692 DEBUG client.GrpcClientProtocolService (GrpcClientProtocolService.java:sendReply(353)) - 36-OrderedRequestStreamObserver36: sendReply seq=1836, RaftClientReply:client-EDB41257C35F->s2@group-5C26748AB2B1, cid=1844, SUCCESS, logIndex=2303, commits[s2:c2321, s0:c2238, s1:c2238]
2019-09-24 16:17:38,692 DEBUG client.GrpcClientProtocolService (GrpcClientProtocolService.java:sendReply(353)) - 36-OrderedRequestStreamObserver36: sendReply seq=1837, RaftClientReply:client-EDB41257C35F->s2@group-5C26748AB2B1, cid=1845, SUCCESS, logIndex=2304, commits[s2:c2321, s0:c2238, s1:c2238]
2019-09-24 16:17:38,693 DEBUG client.GrpcClientProtocolService (GrpcClientProtocolService.java:sendReply(353)) - 36-OrderedRequestStreamObserver36: sendReply seq=1838, RaftClientReply:client-EDB41257C35F->s2@group-5C26748AB2B1, cid=1846, SUCCESS, logIndex=2305, commits[s2:c2321, s0:c2238, s1:c2238]
2019-09-24 16:17:38,693 DEBUG client.GrpcClientProtocolService (GrpcClientProtocolService.java:sendReply(353)) - 36-OrderedRequestStreamObserver36: sendReply seq=1839, RaftClientReply:client-EDB41257C35F->s2@group-5C26748AB2B1, cid=1847, SUCCESS, logIndex=2306, commits[s2:c2321, s0:c2238, s1:c2238]
2019-09-24 16:17:38,693 DEBUG client.GrpcClientProtocolService (GrpcClientProtocolService.java:sendReply(353)) - 36-OrderedRequestStreamObserver36: sendReply seq=1840, RaftClientReply:client-EDB41257C35F->s2@group-5C26748AB2B1, cid=1848, SUCCESS, logIndex=2307, commits[s2:c2321, s0:c2238, s1:c2238]
2019-09-24 16:17:38,693 INFO  ratis.MiniRaftCluster (MiniRaftCluster.java:<init>(253)) - new MiniRaftClusterWithGrpc with group-926153DB23B0:[s0:0.0.0.0:44349, s1:0.0.0.0:45730, s2:0.0.0.0:44794]
2019-09-24 16:17:38,693 DEBUG client.GrpcClientProtocolService (GrpcClientProtocolService.java:sendReply(353)) - 36-OrderedRequestStreamObserver36: sendReply seq=1841, RaftClientReply:client-EDB41257C35F->s2@group-5C26748AB2B1, cid=1849, SUCCESS, logIndex=2308, commits[s2:c2321, s0:c2238, s1:c2238]
2019-09-24 16:17:38,693 INFO  ratis.MiniRaftCluster (MiniRaftCluster.java:start(287)) - .............................................................. 
2019-09-24 16:17:38,693 INFO  ratis.MiniRaftCluster (MiniRaftCluster.java:start(288)) - ... 
2019-09-24 16:17:38,693 DEBUG client.GrpcClientProtocolService (GrpcClientProtocolService.java:sendReply(353)) - 36-OrderedRequestStreamObserver36: sendReply seq=1842, RaftClientReply:client-EDB41257C35F->s2@group-5C26748AB2B1, cid=1850, SUCCESS, logIndex=2309, commits[s2:c2321, s0:c2238, s1:c2238]
2019-09-24 16:17:38,693 INFO  ratis.MiniRaftCluster (MiniRaftCluster.java:start(289)) - ...     Starting MiniRaftClusterWithGrpc
2019-09-24 16:17:38,694 INFO  ratis.MiniRaftCluster (MiniRaftCluster.java:start(290)) - ... 
2019-09-24 16:17:38,694 INFO  ratis.MiniRaftCluster (MiniRaftCluster.java:start(291)) - .............................................................. 
2019-09-24 16:17:38,694 INFO  ratis.MiniRaftCluster (MiniRaftCluster.java:initServers(265)) - servers = {}
2019-09-24 16:17:38,694 DEBUG client.GrpcClientProtocolService (GrpcClientProtocolService.java:sendReply(353)) - 36-OrderedRequestStreamObserver36: sendReply seq=1843, RaftClientReply:client-EDB41257C35F->s2@group-5C26748AB2B1, cid=1851, SUCCESS, logIndex=2310, commits[s2:c2321, s0:c2238, s1:c2238]
2019-09-24 16:17:38,694 INFO  ratis.MiniRaftCluster (MiniRaftCluster.java:newRaftServer(330)) - newRaftServer: s0, group-926153DB23B0:[s0:0.0.0.0:44349, s1:0.0.0.0:45730, s2:0.0.0.0:44794], format? true
2019-09-24 16:17:38,694 DEBUG client.GrpcClientProtocolService (GrpcClientProtocolService.java:sendReply(353)) - 36-OrderedRequestStreamObserver36: sendReply seq=1844, RaftClientReply:client-EDB41257C35F->s2@group-5C26748AB2B1, cid=1852, SUCCESS, logIndex=2311, commits[s2:c2322, s0:c2238, s1:c2238]
2019-09-24 16:17:38,694 TRACE util.FileUtils (FileUtils.java:deleteFully(88)) - deleteFully target/test/data/9f1a7c06/MiniRaftClusterWithGrpc509d369e/s0
2019-09-24 16:17:38,694 DEBUG client.GrpcClientProtocolService (GrpcClientProtocolService.java:sendReply(353)) - 36-OrderedRequestStreamObserver36: sendReply seq=1845, RaftClientReply:client-EDB41257C35F->s2@group-5C26748AB2B1, cid=1853, SUCCESS, logIndex=2312, commits[s2:c2323, s0:c2238, s1:c2238]
2019-09-24 16:17:38,695 DEBUG client.GrpcClientProtocolService (GrpcClientProtocolService.java:sendReply(353)) - 36-OrderedRequestStreamObserver36: sendReply seq=1846, RaftClientReply:client-EDB41257C35F->s2@group-5C26748AB2B1, cid=1854, SUCCESS, logIndex=2313, commits[s2:c2323, s0:c2238, s1:c2238]
2019-09-24 16:17:38,695 TRACE util.FileUtils (FileUtils.java:deleteFully(104)) - deleteFully: target/test/data/9f1a7c06/MiniRaftClusterWithGrpc509d369e/s0 does not exist.
2019-09-24 16:17:38,695 INFO  ratis.MiniRaftCluster (MiniRaftCluster.java:newRaftServer(335)) - Formatted directory target/test/data/9f1a7c06/MiniRaftClusterWithGrpc509d369e/s0
2019-09-24 16:17:38,695 DEBUG client.GrpcClientProtocolService (GrpcClientProtocolService.java:sendReply(353)) - 36-OrderedRequestStreamObserver36: sendReply seq=1847, RaftClientReply:client-EDB41257C35F->s2@group-5C26748AB2B1, cid=1855, SUCCESS, logIndex=2314, commits[s2:c2326, s0:c2238, s1:c2238]
2019-09-24 16:17:38,695 DEBUG client.GrpcClientProtocolService (GrpcClientProtocolService.java:sendReply(353)) - 36-OrderedRequestStreamObserver36: sendReply seq=1848, RaftClientReply:client-EDB41257C35F->s2@group-5C26748AB2B1, cid=1856, SUCCESS, logIndex=2315, commits[s2:c2326, s0:c2238, s1:c2239]
2019-09-24 16:17:38,695 DEBUG client.GrpcClientProtocolService (GrpcClientProtocolService.java:sendReply(353)) - 36-OrderedRequestStreamObserver36: sendReply seq=1849, RaftClientReply:client-EDB41257C35F->s2@group-5C26748AB2B1, cid=1857, SUCCESS, logIndex=2316, commits[s2:c2332, s0:c2238, s1:c2266]
2019-09-24 16:17:38,695 INFO  impl.RaftServerProxy (ConfUtils.java:logGet(43)) - raft.rpc.type = GRPC (default)
2019-09-24 16:17:38,695 DEBUG client.GrpcClientProtocolService (GrpcClientProtocolService.java:sendReply(353)) - 36-OrderedRequestStreamObserver36: sendReply seq=1850, RaftClientReply:client-EDB41257C35F->s2@group-5C26748AB2B1, cid=1858, SUCCESS, logIndex=2317, commits[s2:c2332, s0:c2238, s1:c2266]
2019-09-24 16:17:38,696 INFO  grpc.GrpcFactory (GrpcFactory.java:checkPooledByteBufAllocatorUseCacheForAllThreads(45)) - PERFORMANCE WARNING: useCacheForAllThreads is true that may cause Netty to create a lot garbage objects and, as a result, trigger GC.
	It is recommended to disable useCacheForAllThreads by setting -Dorg.apache.ratis.thirdparty.io.netty.allocator.useCacheForAllThreads=false in command line.
2019-09-24 16:17:38,696 DEBUG client.GrpcClientProtocolService (GrpcClientProtocolService.java:sendReply(353)) - 36-OrderedRequestStreamObserver36: sendReply seq=1851, RaftClientReply:client-EDB41257C35F->s2@group-5C26748AB2B1, cid=1859, SUCCESS, logIndex=2318, commits[s2:c2332, s0:c2238, s1:c2266]
2019-09-24 16:17:38,696 INFO  grpc.GrpcConfigKeys$Server (ConfUtils.java:logGet(43)) - raft.grpc.server.port = 44349 (custom)
2019-09-24 16:17:38,696 DEBUG client.GrpcClientProtocolService (GrpcClientProtocolService.java:sendReply(353)) - 36-OrderedRequestStreamObserver36: sendReply seq=1852, RaftClientReply:client-EDB41257C35F->s2@group-5C26748AB2B1, cid=1860, SUCCESS, logIndex=2319, commits[s2:c2332, s0:c2238, s1:c2266]
2019-09-24 16:17:38,696 INFO  server.GrpcService (ConfUtils.java:logGet(43)) - raft.grpc.message.size.max = 64MB (=67108864) (default)
2019-09-24 16:17:38,696 DEBUG client.GrpcClientProtocolService (GrpcClientProtocolService.java:sendReply(353)) - 36-OrderedRequestStreamObserver36: sendReply seq=1853, RaftClientReply:client-EDB41257C35F->s2@group-5C26748AB2B1, cid=1861, SUCCESS, logIndex=2320, commits[s2:c2332, s0:c2238, s1:c2266]
2019-09-24 16:17:38,697 INFO  server.RaftServerConfigKeys (ConfUtils.java:logGet(43)) - raft.server.log.appender.buffer.byte-limit = 4MB (=4194304) (default)
2019-09-24 16:17:38,697 INFO  server.GrpcService (ConfUtils.java:logGet(43)) - raft.grpc.flow.control.window = 1MB (=1048576) (default)
2019-09-24 16:17:38,697 DEBUG client.GrpcClientProtocolService (GrpcClientProtocolService.java:sendReply(353)) - 36-OrderedRequestStreamObserver36: sendReply seq=1854, RaftClientReply:client-EDB41257C35F->s2@group-5C26748AB2B1, cid=1862, SUCCESS, logIndex=2321, commits[s2:c2332, s0:c2238, s1:c2283]
2019-09-24 16:17:38,697 INFO  server.RaftServerConfigKeys (ConfUtils.java:logGet(43)) - raft.server.rpc.request.timeout = 3000ms (default)
2019-09-24 16:17:38,697 DEBUG client.GrpcClientProtocolService (GrpcClientProtocolService.java:sendReply(353)) - 36-OrderedRequestStreamObserver36: sendReply seq=1855, RaftClientReply:client-EDB41257C35F->s2@group-5C26748AB2B1, cid=1863, SUCCESS, logIndex=2329, commits[s2:c2337, s0:c2266, s1:c2310]
2019-09-24 16:17:38,698 DEBUG client.GrpcClientProtocolService (GrpcClientProtocolService.java:sendReply(353)) - 36-OrderedRequestStreamObserver36: sendReply seq=1856, RaftClientReply:client-EDB41257C35F->s2@group-5C26748AB2B1, cid=1864, SUCCESS, logIndex=2331, commits[s2:c2345, s0:c2281, s1:c2310]
2019-09-24 16:17:38,698 DEBUG client.GrpcClientProtocolService (GrpcClientProtocolService.java:sendReply(353)) - 36-OrderedRequestStreamObserver36: sendReply seq=1857, RaftClientReply:client-EDB41257C35F->s2@group-5C26748AB2B1, cid=1865, SUCCESS, logIndex=2333, commits[s2:c2345, s0:c2283, s1:c2310]
2019-09-24 16:17:38,698 DEBUG client.GrpcClientProtocolService (GrpcClientProtocolService.java:sendReply(353)) - 36-OrderedRequestStreamObserver36: sendReply seq=1858, RaftClientReply:client-EDB41257C35F->s2@group-5C26748AB2B1, cid=1866, SUCCESS, logIndex=2334, commits[s2:c2345, s0:c2319, s1:c2310]
2019-09-24 16:17:38,698 DEBUG client.GrpcClientProtocolService (GrpcClientProtocolService.java:sendReply(353)) - 36-OrderedRequestStreamObserver36: sendReply seq=1859, RaftClientReply:client-EDB41257C35F->s2@group-5C26748AB2B1, cid=1867, SUCCESS, logIndex=2338, commits[s2:c2345, s0:c2319, s1:c2310]
2019-09-24 16:17:38,698 DEBUG client.GrpcClientProtocolService (GrpcClientProtocolService.java:sendReply(353)) - 36-OrderedRequestStreamObserver36: sendReply seq=1860, RaftClientReply:client-EDB41257C35F->s2@group-5C26748AB2B1, cid=1868, SUCCESS, logIndex=2340, commits[s2:c2345, s0:c2321, s1:c2310]
2019-09-24 16:17:38,698 INFO  server.RaftServerConfigKeys (ConfUtils.java:logGet(43)) - raft.server.storage.dir = [/workdir/ratis-test/target/test/data/9f1a7c06/MiniRaftClusterWithGrpc509d369e/s0] (custom)
2019-09-24 16:17:38,698 DEBUG client.GrpcClientProtocolService (GrpcClientProtocolService.java:sendReply(353)) - 36-OrderedRequestStreamObserver36: sendReply seq=1861, RaftClientReply:client-EDB41257C35F->s2@group-5C26748AB2B1, cid=1869, SUCCESS, logIndex=2345, commits[s2:c2349, s0:c2321, s1:c2310]
2019-09-24 16:17:38,698 DEBUG client.GrpcClientProtocolService (GrpcClientProtocolService.java:sendReply(353)) - 36-OrderedRequestStreamObserver36: sendReply seq=1862, RaftClientReply:client-EDB41257C35F->s2@group-5C26748AB2B1, cid=1870, SUCCESS, logIndex=2349, commits[s2:c2349, s0:c2321, s1:c2310]
2019-09-24 16:17:38,699 DEBUG client.GrpcClientProtocolService (GrpcClientProtocolService.java:sendReply(353)) - 36-OrderedRequestStreamObserver36: sendReply seq=1863, RaftClientReply:client-EDB41257C35F->s2@group-5C26748AB2B1, cid=1871, SUCCESS, logIndex=2350, commits[s2:c2350, s0:c2321, s1:c2310]
2019-09-24 16:17:38,699 INFO  impl.RaftServerProxy (RaftServerProxy.java:addNew(89)) - s0: addNew group-926153DB23B0:[s0:0.0.0.0:44349, s1:0.0.0.0:45730, s2:0.0.0.0:44794] returns group-926153DB23B0:java.util.concurrent.CompletableFuture@5a91724a[Not completed]
2019-09-24 16:17:38,699 INFO  impl.RaftServerImpl (RaftServerImpl.java:<init>(95)) - s0: new RaftServerImpl for group-926153DB23B0:[s0:0.0.0.0:44349, s1:0.0.0.0:45730, s2:0.0.0.0:44794] with BaseStateMachine:uninitialized
2019-09-24 16:17:38,699 INFO  ratis.MiniRaftCluster (MiniRaftCluster.java:newRaftServer(330)) - newRaftServer: s1, group-926153DB23B0:[s0:0.0.0.0:44349, s1:0.0.0.0:45730, s2:0.0.0.0:44794], format? true
2019-09-24 16:17:38,700 INFO  server.RaftServerConfigKeys (ConfUtils.java:logGet(43)) - raft.server.rpc.timeout.min = 150ms (default)
2019-09-24 16:17:38,700 TRACE util.FileUtils (FileUtils.java:deleteFully(88)) - deleteFully target/test/data/9f1a7c06/MiniRaftClusterWithGrpc509d369e/s1
2019-09-24 16:17:38,700 INFO  server.RaftServerConfigKeys (ConfUtils.java:logGet(43)) - raft.server.rpc.timeout.max = 300ms (default)
2019-09-24 16:17:38,700 INFO  server.RaftServerConfigKeys (ConfUtils.java:logGet(43)) - raft.server.rpcslowness.timeout = 60s (default)
2019-09-24 16:17:38,700 TRACE util.FileUtils (FileUtils.java:deleteFully(104)) - deleteFully: target/test/data/9f1a7c06/MiniRaftClusterWithGrpc509d369e/s1 does not exist.
2019-09-24 16:17:38,701 INFO  ratis.MiniRaftCluster (MiniRaftCluster.java:newRaftServer(335)) - Formatted directory target/test/data/9f1a7c06/MiniRaftClusterWithGrpc509d369e/s1
2019-09-24 16:17:38,700 INFO  server.RaftServerConfigKeys (ConfUtils.java:logGet(43)) - raft.server.sleep.deviation.threshold = 300 (default)
2019-09-24 16:17:38,701 INFO  server.RaftServerConfigKeys (ConfUtils.java:logGet(43)) - raft.server.log.appender.install.snapshot.enabled = true (default)
2019-09-24 16:17:38,701 INFO  impl.RaftServerProxy (ConfUtils.java:logGet(43)) - raft.rpc.type = GRPC (default)
2019-09-24 16:17:38,701 INFO  impl.RaftServerImpl (ServerState.java:<init>(103)) - s0@group-926153DB23B0: ConfigurationManager, init=-1: [s0:0.0.0.0:44349, s1:0.0.0.0:45730, s2:0.0.0.0:44794], old=null, confs=<EMPTY_MAP>
2019-09-24 16:17:38,701 INFO  grpc.GrpcFactory (GrpcFactory.java:checkPooledByteBufAllocatorUseCacheForAllThreads(45)) - PERFORMANCE WARNING: useCacheForAllThreads is true that may cause Netty to create a lot garbage objects and, as a result, trigger GC.
	It is recommended to disable useCacheForAllThreads by setting -Dorg.apache.ratis.thirdparty.io.netty.allocator.useCacheForAllThreads=false in command line.
2019-09-24 16:17:38,701 INFO  server.RaftServerConfigKeys (ConfUtils.java:logGet(43)) - raft.server.storage.dir = [/workdir/ratis-test/target/test/data/9f1a7c06/MiniRaftClusterWithGrpc509d369e/s0] (custom)
2019-09-24 16:17:38,702 INFO  grpc.GrpcConfigKeys$Server (ConfUtils.java:logGet(43)) - raft.grpc.server.port = 45730 (custom)
2019-09-24 16:17:38,702 INFO  server.RaftServerConfigKeys (ConfUtils.java:logGet(43)) - raft.server.log.corruption.policy = EXCEPTION (default)
2019-09-24 16:17:38,702 INFO  server.GrpcService (ConfUtils.java:logGet(43)) - raft.grpc.message.size.max = 64MB (=67108864) (default)
2019-09-24 16:17:38,702 INFO  storage.RaftStorageDirectory (RaftStorageDirectory.java:analyzeStorage(246)) - The storage directory /workdir/ratis-test/target/test/data/9f1a7c06/MiniRaftClusterWithGrpc509d369e/s0/9cc6f171-e8a8-44f4-b656-926153db23b0 does not exist. Creating ...
2019-09-24 16:17:38,702 INFO  server.RaftServerConfigKeys (ConfUtils.java:logGet(43)) - raft.server.log.appender.buffer.byte-limit = 4MB (=4194304) (default)
2019-09-24 16:17:38,703 INFO  server.GrpcService (ConfUtils.java:logGet(43)) - raft.grpc.flow.control.window = 1MB (=1048576) (default)
2019-09-24 16:17:38,703 INFO  server.RaftServerConfigKeys (ConfUtils.java:logGet(43)) - raft.server.rpc.request.timeout = 3000ms (default)
2019-09-24 16:17:38,703 TRACE util.FileUtils (LogUtils.java:runAndLog(61)) - Successfully ran Files.createDirectories /workdir/ratis-test/target/test/data/9f1a7c06/MiniRaftClusterWithGrpc509d369e/s0/9cc6f171-e8a8-44f4-b656-926153db23b0
2019-09-24 16:17:38,703 INFO  server.RaftServerConfigKeys (ConfUtils.java:logGet(43)) - raft.server.storage.dir = [/workdir/ratis-test/target/test/data/9f1a7c06/MiniRaftClusterWithGrpc509d369e/s1] (custom)
2019-09-24 16:17:38,704 INFO  impl.RaftServerProxy (RaftServerProxy.java:addNew(89)) - s1: addNew group-926153DB23B0:[s0:0.0.0.0:44349, s1:0.0.0.0:45730, s2:0.0.0.0:44794] returns group-926153DB23B0:java.util.concurrent.CompletableFuture@6427b4d1[Not completed]
2019-09-24 16:17:38,704 INFO  impl.RaftServerImpl (RaftServerImpl.java:<init>(95)) - s1: new RaftServerImpl for group-926153DB23B0:[s0:0.0.0.0:44349, s1:0.0.0.0:45730, s2:0.0.0.0:44794] with BaseStateMachine:uninitialized
2019-09-24 16:17:38,704 INFO  ratis.MiniRaftCluster (MiniRaftCluster.java:newRaftServer(330)) - newRaftServer: s2, group-926153DB23B0:[s0:0.0.0.0:44349, s1:0.0.0.0:45730, s2:0.0.0.0:44794], format? true
2019-09-24 16:17:38,705 INFO  server.RaftServerConfigKeys (ConfUtils.java:logGet(43)) - raft.server.rpc.timeout.min = 150ms (default)
2019-09-24 16:17:38,705 TRACE util.FileUtils (FileUtils.java:deleteFully(88)) - deleteFully target/test/data/9f1a7c06/MiniRaftClusterWithGrpc509d369e/s2
2019-09-24 16:17:38,705 INFO  server.RaftServerConfigKeys (ConfUtils.java:logGet(43)) - raft.server.rpc.timeout.max = 300ms (default)
2019-09-24 16:17:38,705 INFO  server.RaftServerConfigKeys (ConfUtils.java:logGet(43)) - raft.server.rpcslowness.timeout = 60s (default)
2019-09-24 16:17:38,705 TRACE util.FileUtils (FileUtils.java:deleteFully(104)) - deleteFully: target/test/data/9f1a7c06/MiniRaftClusterWithGrpc509d369e/s2 does not exist.
2019-09-24 16:17:38,705 INFO  server.RaftServerConfigKeys (ConfUtils.java:logGet(43)) - raft.server.sleep.deviation.threshold = 300 (default)
2019-09-24 16:17:38,705 INFO  ratis.MiniRaftCluster (MiniRaftCluster.java:newRaftServer(335)) - Formatted directory target/test/data/9f1a7c06/MiniRaftClusterWithGrpc509d369e/s2
2019-09-24 16:17:38,706 INFO  server.RaftServerConfigKeys (ConfUtils.java:logGet(43)) - raft.server.log.appender.install.snapshot.enabled = true (default)
2019-09-24 16:17:38,706 INFO  impl.RaftServerImpl (ServerState.java:<init>(103)) - s1@group-926153DB23B0: ConfigurationManager, init=-1: [s0:0.0.0.0:44349, s1:0.0.0.0:45730, s2:0.0.0.0:44794], old=null, confs=<EMPTY_MAP>
2019-09-24 16:17:38,706 INFO  impl.RaftServerProxy (ConfUtils.java:logGet(43)) - raft.rpc.type = GRPC (default)
2019-09-24 16:17:38,706 INFO  server.RaftServerConfigKeys (ConfUtils.java:logGet(43)) - raft.server.storage.dir = [/workdir/ratis-test/target/test/data/9f1a7c06/MiniRaftClusterWithGrpc509d369e/s1] (custom)
2019-09-24 16:17:38,706 INFO  grpc.GrpcFactory (GrpcFactory.java:checkPooledByteBufAllocatorUseCacheForAllThreads(45)) - PERFORMANCE WARNING: useCacheForAllThreads is true that may cause Netty to create a lot garbage objects and, as a result, trigger GC.
	It is recommended to disable useCacheForAllThreads by setting -Dorg.apache.ratis.thirdparty.io.netty.allocator.useCacheForAllThreads=false in command line.
2019-09-24 16:17:38,706 INFO  server.RaftServerConfigKeys (ConfUtils.java:logGet(43)) - raft.server.log.corruption.policy = EXCEPTION (default)
2019-09-24 16:17:38,707 INFO  grpc.GrpcConfigKeys$Server (ConfUtils.java:logGet(43)) - raft.grpc.server.port = 44794 (custom)
2019-09-24 16:17:38,707 INFO  storage.RaftStorageDirectory (RaftStorageDirectory.java:analyzeStorage(246)) - The storage directory /workdir/ratis-test/target/test/data/9f1a7c06/MiniRaftClusterWithGrpc509d369e/s1/9cc6f171-e8a8-44f4-b656-926153db23b0 does not exist. Creating ...
2019-09-24 16:17:38,707 INFO  server.GrpcService (ConfUtils.java:logGet(43)) - raft.grpc.message.size.max = 64MB (=67108864) (default)
2019-09-24 16:17:38,707 INFO  server.RaftServerConfigKeys (ConfUtils.java:logGet(43)) - raft.server.log.appender.buffer.byte-limit = 4MB (=4194304) (default)
2019-09-24 16:17:38,707 TRACE util.FileUtils (LogUtils.java:runAndLog(61)) - Successfully ran Files.createDirectories /workdir/ratis-test/target/test/data/9f1a7c06/MiniRaftClusterWithGrpc509d369e/s1/9cc6f171-e8a8-44f4-b656-926153db23b0
2019-09-24 16:17:38,707 INFO  server.GrpcService (ConfUtils.java:logGet(43)) - raft.grpc.flow.control.window = 1MB (=1048576) (default)
2019-09-24 16:17:38,708 INFO  server.RaftServerConfigKeys (ConfUtils.java:logGet(43)) - raft.server.rpc.request.timeout = 3000ms (default)
2019-09-24 16:17:38,708 INFO  server.RaftServerConfigKeys (ConfUtils.java:logGet(43)) - raft.server.storage.dir = [/workdir/ratis-test/target/test/data/9f1a7c06/MiniRaftClusterWithGrpc509d369e/s2] (custom)
2019-09-24 16:17:38,709 INFO  impl.RaftServerProxy (RaftServerProxy.java:addNew(89)) - s2: addNew group-926153DB23B0:[s0:0.0.0.0:44349, s1:0.0.0.0:45730, s2:0.0.0.0:44794] returns group-926153DB23B0:java.util.concurrent.CompletableFuture@3931869c[Not completed]
2019-09-24 16:17:38,709 INFO  impl.RaftServerImpl (RaftServerImpl.java:<init>(95)) - s2: new RaftServerImpl for group-926153DB23B0:[s0:0.0.0.0:44349, s1:0.0.0.0:45730, s2:0.0.0.0:44794] with BaseStateMachine:uninitialized
2019-09-24 16:17:38,709 INFO  server.RaftServerConfigKeys (ConfUtils.java:logGet(43)) - raft.server.rpc.timeout.min = 150ms (default)
2019-09-24 16:17:38,709 INFO  server.RaftServerConfigKeys (ConfUtils.java:logGet(43)) - raft.server.rpc.timeout.max = 300ms (default)
2019-09-24 16:17:38,709 INFO  server.RaftServerConfigKeys (ConfUtils.java:logGet(43)) - raft.server.rpcslowness.timeout = 60s (default)
2019-09-24 16:17:38,709 INFO  server.RaftServerConfigKeys (ConfUtils.java:logGet(43)) - raft.server.sleep.deviation.threshold = 300 (default)
2019-09-24 16:17:38,709 INFO  server.RaftServerConfigKeys (ConfUtils.java:logGet(43)) - raft.server.log.appender.install.snapshot.enabled = true (default)
2019-09-24 16:17:38,710 INFO  impl.RaftServerImpl (ServerState.java:<init>(103)) - s2@group-926153DB23B0: ConfigurationManager, init=-1: [s0:0.0.0.0:44349, s1:0.0.0.0:45730, s2:0.0.0.0:44794], old=null, confs=<EMPTY_MAP>
2019-09-24 16:17:38,710 INFO  server.RaftServerConfigKeys (ConfUtils.java:logGet(43)) - raft.server.storage.dir = [/workdir/ratis-test/target/test/data/9f1a7c06/MiniRaftClusterWithGrpc509d369e/s2] (custom)
2019-09-24 16:17:38,710 INFO  server.RaftServerConfigKeys (ConfUtils.java:logGet(43)) - raft.server.log.corruption.policy = EXCEPTION (default)
2019-09-24 16:17:38,710 INFO  storage.RaftStorageDirectory (RaftStorageDirectory.java:analyzeStorage(246)) - The storage directory /workdir/ratis-test/target/test/data/9f1a7c06/MiniRaftClusterWithGrpc509d369e/s2/9cc6f171-e8a8-44f4-b656-926153db23b0 does not exist. Creating ...
2019-09-24 16:17:38,710 TRACE util.FileUtils (LogUtils.java:runAndLog(61)) - Successfully ran Files.createDirectories /workdir/ratis-test/target/test/data/9f1a7c06/MiniRaftClusterWithGrpc509d369e/s2/9cc6f171-e8a8-44f4-b656-926153db23b0
2019-09-24 16:17:38,811 DEBUG client.GrpcClientProtocolService (GrpcClientProtocolService.java:sendReply(353)) - 36-OrderedRequestStreamObserver36: sendReply seq=1864, RaftClientReply:client-EDB41257C35F->s2@group-5C26748AB2B1, cid=1872, SUCCESS, logIndex=2352, commits[s2:c2353, s0:c2350, s1:c2345]
2019-09-24 16:17:38,811 DEBUG client.GrpcClientProtocolService (GrpcClientProtocolService.java:sendReply(353)) - 36-OrderedRequestStreamObserver36: sendReply seq=1865, RaftClientReply:client-EDB41257C35F->s2@group-5C26748AB2B1, cid=1873, SUCCESS, logIndex=2356, commits[s2:c2356, s0:c2350, s1:c2350]
2019-09-24 16:17:38,813 DEBUG client.GrpcClientProtocolService (GrpcClientProtocolService.java:sendReply(353)) - 36-OrderedRequestStreamObserver36: sendReply seq=1866, RaftClientReply:client-EDB41257C35F->s2@group-5C26748AB2B1, cid=1874, SUCCESS, logIndex=2357, commits[s2:c2357, s0:c2350, s1:c2350]
2019-09-24 16:17:38,814 DEBUG client.GrpcClientProtocolService (GrpcClientProtocolService.java:sendReply(353)) - 36-OrderedRequestStreamObserver36: sendReply seq=1867, RaftClientReply:client-EDB41257C35F->s2@group-5C26748AB2B1, cid=1875, SUCCESS, logIndex=2358, commits[s2:c2362, s0:c2350, s1:c2350]
2019-09-24 16:17:38,815 DEBUG client.GrpcClientProtocolService (GrpcClientProtocolService.java:sendReply(353)) - 36-OrderedRequestStreamObserver36: sendReply seq=1868, RaftClientReply:client-EDB41257C35F->s2@group-5C26748AB2B1, cid=1876, SUCCESS, logIndex=2359, commits[s2:c2363, s0:c2350, s1:c2350]
2019-09-24 16:17:38,816 DEBUG client.GrpcClientProtocolService (GrpcClientProtocolService.java:sendReply(353)) - 36-OrderedRequestStreamObserver36: sendReply seq=1869, RaftClientReply:client-EDB41257C35F->s2@group-5C26748AB2B1, cid=1877, SUCCESS, logIndex=2360, commits[s2:c2363, s0:c2350, s1:c2350]
2019-09-24 16:17:38,817 DEBUG client.GrpcClientProtocolService (GrpcClientProtocolService.java:sendReply(353)) - 36-OrderedRequestStreamObserver36: sendReply seq=1870, RaftClientReply:client-EDB41257C35F->s2@group-5C26748AB2B1, cid=1878, SUCCESS, logIndex=2361, commits[s2:c2363, s0:c2350, s1:c2350]
2019-09-24 16:17:38,817 DEBUG client.GrpcClientProtocolService (GrpcClientProtocolService.java:sendReply(353)) - 36-OrderedRequestStreamObserver36: sendReply seq=1871, RaftClientReply:client-EDB41257C35F->s2@group-5C26748AB2B1, cid=1879, SUCCESS, logIndex=2362, commits[s2:c2373, s0:c2350, s1:c2350]
2019-09-24 16:17:38,818 DEBUG client.GrpcClientProtocolService (GrpcClientProtocolService.java:sendReply(353)) - 36-OrderedRequestStreamObserver36: sendReply seq=1872, RaftClientReply:client-EDB41257C35F->s2@group-5C26748AB2B1, cid=1880, SUCCESS, logIndex=2363, commits[s2:c2373, s0:c2350, s1:c2350]
2019-09-24 16:17:38,819 INFO  storage.RaftStorageDirectory (RaftStorageDirectory.java:tryLock(328)) - Lock on /workdir/ratis-test/target/test/data/9f1a7c06/MiniRaftClusterWithGrpc509d369e/s2/9cc6f171-e8a8-44f4-b656-926153db23b0/in_use.lock acquired by nodename 27404@ratis-test-vphbd-3564017154
2019-09-24 16:17:38,819 DEBUG client.GrpcClientProtocolService (GrpcClientProtocolService.java:sendReply(353)) - 36-OrderedRequestStreamObserver36: sendReply seq=1873, RaftClientReply:client-EDB41257C35F->s2@group-5C26748AB2B1, cid=1881, SUCCESS, logIndex=2364, commits[s2:c2376, s0:c2350, s1:c2350]
2019-09-24 16:17:38,819 INFO  storage.RaftStorageDirectory (RaftStorageDirectory.java:tryLock(328)) - Lock on /workdir/ratis-test/target/test/data/9f1a7c06/MiniRaftClusterWithGrpc509d369e/s0/9cc6f171-e8a8-44f4-b656-926153db23b0/in_use.lock acquired by nodename 27404@ratis-test-vphbd-3564017154
2019-09-24 16:17:38,819 INFO  storage.RaftStorageDirectory (RaftStorageDirectory.java:tryLock(328)) - Lock on /workdir/ratis-test/target/test/data/9f1a7c06/MiniRaftClusterWithGrpc509d369e/s1/9cc6f171-e8a8-44f4-b656-926153db23b0/in_use.lock acquired by nodename 27404@ratis-test-vphbd-3564017154
2019-09-24 16:17:38,819 DEBUG client.GrpcClientProtocolService (GrpcClientProtocolService.java:sendReply(353)) - 36-OrderedRequestStreamObserver36: sendReply seq=1874, RaftClientReply:client-EDB41257C35F->s2@group-5C26748AB2B1, cid=1882, SUCCESS, logIndex=2365, commits[s2:c2376, s0:c2350, s1:c2350]
2019-09-24 16:17:38,819 TRACE util.FileUtils (LogUtils.java:runAndLog(61)) - Successfully ran Files.createDirectories /workdir/ratis-test/target/test/data/9f1a7c06/MiniRaftClusterWithGrpc509d369e/s2/9cc6f171-e8a8-44f4-b656-926153db23b0/current
2019-09-24 16:17:38,820 TRACE util.FileUtils (LogUtils.java:runAndLog(61)) - Successfully ran Files.createDirectories /workdir/ratis-test/target/test/data/9f1a7c06/MiniRaftClusterWithGrpc509d369e/s1/9cc6f171-e8a8-44f4-b656-926153db23b0/current
2019-09-24 16:17:38,820 TRACE util.FileUtils (LogUtils.java:runAndLog(61)) - Successfully ran Files.createDirectories /workdir/ratis-test/target/test/data/9f1a7c06/MiniRaftClusterWithGrpc509d369e/s0/9cc6f171-e8a8-44f4-b656-926153db23b0/current
2019-09-24 16:17:38,820 DEBUG client.GrpcClientProtocolService (GrpcClientProtocolService.java:sendReply(353)) - 36-OrderedRequestStreamObserver36: sendReply seq=1875, RaftClientReply:client-EDB41257C35F->s2@group-5C26748AB2B1, cid=1883, SUCCESS, logIndex=2366, commits[s2:c2376, s0:c2350, s1:c2350]
2019-09-24 16:17:38,821 TRACE util.FileUtils (LogUtils.java:runAndLog(61)) - Successfully ran Files.createDirectories /workdir/ratis-test/target/test/data/9f1a7c06/MiniRaftClusterWithGrpc509d369e/s1/9cc6f171-e8a8-44f4-b656-926153db23b0/sm
2019-09-24 16:17:38,820 TRACE util.FileUtils (LogUtils.java:runAndLog(61)) - Successfully ran Files.createDirectories /workdir/ratis-test/target/test/data/9f1a7c06/MiniRaftClusterWithGrpc509d369e/s2/9cc6f171-e8a8-44f4-b656-926153db23b0/sm
2019-09-24 16:17:38,821 DEBUG client.GrpcClientProtocolService (GrpcClientProtocolService.java:sendReply(353)) - 36-OrderedRequestStreamObserver36: sendReply seq=1876, RaftClientReply:client-EDB41257C35F->s2@group-5C26748AB2B1, cid=1884, SUCCESS, logIndex=2367, commits[s2:c2376, s0:c2350, s1:c2350]
2019-09-24 16:17:38,821 TRACE util.FileUtils (LogUtils.java:runAndLog(61)) - Successfully ran Files.createDirectories /workdir/ratis-test/target/test/data/9f1a7c06/MiniRaftClusterWithGrpc509d369e/s0/9cc6f171-e8a8-44f4-b656-926153db23b0/sm
2019-09-24 16:17:38,821 DEBUG client.GrpcClientProtocolService (GrpcClientProtocolService.java:sendReply(353)) - 36-OrderedRequestStreamObserver36: sendReply seq=1877, RaftClientReply:client-EDB41257C35F->s2@group-5C26748AB2B1, cid=1885, SUCCESS, logIndex=2368, commits[s2:c2376, s0:c2350, s1:c2350]
2019-09-24 16:17:38,822 DEBUG client.GrpcClientProtocolService (GrpcClientProtocolService.java:sendReply(353)) - 36-OrderedRequestStreamObserver36: sendReply seq=1878, RaftClientReply:client-EDB41257C35F->s2@group-5C26748AB2B1, cid=1886, SUCCESS, logIndex=2369, commits[s2:c2381, s0:c2350, s1:c2350]
2019-09-24 16:17:38,822 DEBUG client.GrpcClientProtocolService (GrpcClientProtocolService.java:sendReply(353)) - 36-OrderedRequestStreamObserver36: sendReply seq=1879, RaftClientReply:client-EDB41257C35F->s2@group-5C26748AB2B1, cid=1887, SUCCESS, logIndex=2370, commits[s2:c2381, s0:c2350, s1:c2350]
2019-09-24 16:17:38,822 DEBUG client.GrpcClientProtocolService (GrpcClientProtocolService.java:sendReply(353)) - 36-OrderedRequestStreamObserver36: sendReply seq=1880, RaftClientReply:client-EDB41257C35F->s2@group-5C26748AB2B1, cid=1888, SUCCESS, logIndex=2371, commits[s2:c2384, s0:c2350, s1:c2350]
2019-09-24 16:17:38,823 DEBUG client.GrpcClientProtocolService (GrpcClientProtocolService.java:sendReply(353)) - 36-OrderedRequestStreamObserver36: sendReply seq=1881, RaftClientReply:client-EDB41257C35F->s2@group-5C26748AB2B1, cid=1889, SUCCESS, logIndex=2372, commits[s2:c2384, s0:c2350, s1:c2350]
2019-09-24 16:17:38,824 DEBUG client.GrpcClientProtocolService (GrpcClientProtocolService.java:sendReply(353)) - 36-OrderedRequestStreamObserver36: sendReply seq=1882, RaftClientReply:client-EDB41257C35F->s2@group-5C26748AB2B1, cid=1890, SUCCESS, logIndex=2373, commits[s2:c2384, s0:c2350, s1:c2350]
2019-09-24 16:17:38,824 DEBUG client.GrpcClientProtocolService (GrpcClientProtocolService.java:sendReply(353)) - 36-OrderedRequestStreamObserver36: sendReply seq=1883, RaftClientReply:client-EDB41257C35F->s2@group-5C26748AB2B1, cid=1891, SUCCESS, logIndex=2374, commits[s2:c2384, s0:c2350, s1:c2350]
2019-09-24 16:17:38,825 DEBUG client.GrpcClientProtocolService (GrpcClientProtocolService.java:sendReply(353)) - 36-OrderedRequestStreamObserver36: sendReply seq=1884, RaftClientReply:client-EDB41257C35F->s2@group-5C26748AB2B1, cid=1892, SUCCESS, logIndex=2375, commits[s2:c2389, s0:c2350, s1:c2350]
2019-09-24 16:17:38,825 DEBUG client.GrpcClientProtocolService (GrpcClientProtocolService.java:sendReply(353)) - 36-OrderedRequestStreamObserver36: sendReply seq=1885, RaftClientReply:client-EDB41257C35F->s2@group-5C26748AB2B1, cid=1893, SUCCESS, logIndex=2376, commits[s2:c2390, s0:c2350, s1:c2350]
2019-09-24 16:17:38,825 DEBUG client.GrpcClientProtocolService (GrpcClientProtocolService.java:sendReply(353)) - 36-OrderedRequestStreamObserver36: sendReply seq=1886, RaftClientReply:client-EDB41257C35F->s2@group-5C26748AB2B1, cid=1894, SUCCESS, logIndex=2377, commits[s2:c2390, s0:c2350, s1:c2350]
2019-09-24 16:17:38,825 DEBUG client.GrpcClientProtocolService (GrpcClientProtocolService.java:sendReply(353)) - 36-OrderedRequestStreamObserver36: sendReply seq=1887, RaftClientReply:client-EDB41257C35F->s2@group-5C26748AB2B1, cid=1895, SUCCESS, logIndex=2378, commits[s2:c2393, s0:c2350, s1:c2350]
2019-09-24 16:17:38,826 DEBUG client.GrpcClientProtocolService (GrpcClientProtocolService.java:sendReply(353)) - 36-OrderedRequestStreamObserver36: sendReply seq=1888, RaftClientReply:client-EDB41257C35F->s2@group-5C26748AB2B1, cid=1896, SUCCESS, logIndex=2379, commits[s2:c2398, s0:c2350, s1:c2350]
2019-09-24 16:17:38,826 DEBUG client.GrpcClientProtocolService (GrpcClientProtocolService.java:sendReply(353)) - 36-OrderedRequestStreamObserver36: sendReply seq=1889, RaftClientReply:client-EDB41257C35F->s2@group-5C26748AB2B1, cid=1897, SUCCESS, logIndex=2380, commits[s2:c2398, s0:c2350, s1:c2350]
2019-09-24 16:17:38,826 DEBUG client.GrpcClientProtocolService (GrpcClientProtocolService.java:sendReply(353)) - 36-OrderedRequestStreamObserver36: sendReply seq=1890, RaftClientReply:client-EDB41257C35F->s2@group-5C26748AB2B1, cid=1898, SUCCESS, logIndex=2381, commits[s2:c2400, s0:c2350, s1:c2350]
2019-09-24 16:17:38,826 DEBUG client.GrpcClientProtocolService (GrpcClientProtocolService.java:sendReply(353)) - 36-OrderedRequestStreamObserver36: sendReply seq=1891, RaftClientReply:client-EDB41257C35F->s2@group-5C26748AB2B1, cid=1899, SUCCESS, logIndex=2382, commits[s2:c2400, s0:c2350, s1:c2350]
2019-09-24 16:17:38,826 DEBUG client.GrpcClientProtocolService (GrpcClientProtocolService.java:sendReply(353)) - 36-OrderedRequestStreamObserver36: sendReply seq=1892, RaftClientReply:client-EDB41257C35F->s2@group-5C26748AB2B1, cid=1900, SUCCESS, logIndex=2383, commits[s2:c2402, s0:c2350, s1:c2350]
2019-09-24 16:17:38,827 DEBUG client.GrpcClientProtocolService (GrpcClientProtocolService.java:sendReply(353)) - 36-OrderedRequestStreamObserver36: sendReply seq=1893, RaftClientReply:client-EDB41257C35F->s2@group-5C26748AB2B1, cid=1901, SUCCESS, logIndex=2384, commits[s2:c2402, s0:c2350, s1:c2350]
2019-09-24 16:17:38,827 DEBUG client.GrpcClientProtocolService (GrpcClientProtocolService.java:sendReply(353)) - 36-OrderedRequestStreamObserver36: sendReply seq=1894, RaftClientReply:client-EDB41257C35F->s2@group-5C26748AB2B1, cid=1902, SUCCESS, logIndex=2385, commits[s2:c2402, s0:c2350, s1:c2350]
2019-09-24 16:17:38,827 DEBUG client.GrpcClientProtocolService (GrpcClientProtocolService.java:sendReply(353)) - 36-OrderedRequestStreamObserver36: sendReply seq=1895, RaftClientReply:client-EDB41257C35F->s2@group-5C26748AB2B1, cid=1903, SUCCESS, logIndex=2386, commits[s2:c2402, s0:c2350, s1:c2350]
2019-09-24 16:17:38,835 INFO  storage.RaftStorage (RaftStorage.java:format(84)) - Storage directory /workdir/ratis-test/target/test/data/9f1a7c06/MiniRaftClusterWithGrpc509d369e/s2/9cc6f171-e8a8-44f4-b656-926153db23b0 has been successfully formatted.
2019-09-24 16:17:38,835 INFO  storage.RaftStorage (RaftStorage.java:format(84)) - Storage directory /workdir/ratis-test/target/test/data/9f1a7c06/MiniRaftClusterWithGrpc509d369e/s1/9cc6f171-e8a8-44f4-b656-926153db23b0 has been successfully formatted.
2019-09-24 16:17:38,835 INFO  storage.RaftStorage (RaftStorage.java:format(84)) - Storage directory /workdir/ratis-test/target/test/data/9f1a7c06/MiniRaftClusterWithGrpc509d369e/s0/9cc6f171-e8a8-44f4-b656-926153db23b0 has been successfully formatted.
2019-09-24 16:17:38,835 INFO  server.RaftServerConfigKeys (ConfUtils.java:logGet(43)) - raft.server.notification.no-leader.timeout = 60s (default)
2019-09-24 16:17:38,835 INFO  server.RaftServerConfigKeys (ConfUtils.java:logGet(43)) - raft.server.notification.no-leader.timeout = 60s (default)
2019-09-24 16:17:38,836 INFO  server.RaftServerConfigKeys (ConfUtils.java:logGet(43)) - raft.server.log.use.memory = false (default)
2019-09-24 16:17:38,835 INFO  server.RaftServerConfigKeys (ConfUtils.java:logGet(43)) - raft.server.notification.no-leader.timeout = 60s (default)
2019-09-24 16:17:38,836 INFO  server.RaftServerConfigKeys (ConfUtils.java:logGet(43)) - raft.server.log.purge.gap = 1024 (default)
2019-09-24 16:17:38,836 INFO  server.RaftServerConfigKeys (ConfUtils.java:logGet(43)) - raft.server.log.use.memory = false (default)
2019-09-24 16:17:38,837 INFO  server.RaftServerConfigKeys (ConfUtils.java:logGet(43)) - raft.server.log.appender.buffer.byte-limit = 4MB (=4194304) (default)
2019-09-24 16:17:38,836 INFO  server.RaftServerConfigKeys (ConfUtils.java:logGet(43)) - raft.server.log.use.memory = false (default)
2019-09-24 16:17:38,837 INFO  server.RaftServerConfigKeys (ConfUtils.java:logGet(43)) - raft.server.log.segment.size.max = 8MB (=8388608) (default)
2019-09-24 16:17:38,837 INFO  server.RaftServerConfigKeys (ConfUtils.java:logGet(43)) - raft.server.log.purge.gap = 1024 (default)
2019-09-24 16:17:38,837 INFO  server.RaftServerConfigKeys (ConfUtils.java:logGet(43)) - raft.server.log.segment.cache.num.max = 6 (default)
2019-09-24 16:17:38,837 INFO  server.RaftServerConfigKeys (ConfUtils.java:logGet(43)) - raft.server.log.purge.gap = 1024 (default)
2019-09-24 16:17:38,838 INFO  segmented.SegmentedRaftLogWorker (SegmentedRaftLogWorker.java:<init>(172)) - new s0@group-926153DB23B0-SegmentedRaftLogWorker for RaftStorage:Storage Directory /workdir/ratis-test/target/test/data/9f1a7c06/MiniRaftClusterWithGrpc509d369e/s0/9cc6f171-e8a8-44f4-b656-926153db23b0
2019-09-24 16:17:38,837 INFO  server.RaftServerConfigKeys (ConfUtils.java:logGet(43)) - raft.server.log.appender.buffer.byte-limit = 4MB (=4194304) (default)
2019-09-24 16:17:38,838 INFO  server.RaftServerConfigKeys (ConfUtils.java:logGet(43)) - raft.server.log.queue.byte-limit = 64MB (=67108864) (default)
2019-09-24 16:17:38,838 INFO  server.RaftServerConfigKeys (ConfUtils.java:logGet(43)) - raft.server.log.appender.buffer.byte-limit = 4MB (=4194304) (default)
2019-09-24 16:17:38,838 INFO  server.RaftServerConfigKeys (ConfUtils.java:logGet(43)) - raft.server.log.queue.element-limit = 4096 (default)
2019-09-24 16:17:38,838 INFO  server.RaftServerConfigKeys (ConfUtils.java:logGet(43)) - raft.server.log.segment.size.max = 8MB (=8388608) (default)
2019-09-24 16:17:38,839 INFO  server.RaftServerConfigKeys (ConfUtils.java:logGet(43)) - raft.server.log.segment.size.max = 8MB (=8388608) (default)
2019-09-24 16:17:38,839 INFO  server.RaftServerConfigKeys (ConfUtils.java:logGet(43)) - raft.server.log.segment.cache.num.max = 6 (default)
2019-09-24 16:17:38,839 INFO  server.RaftServerConfigKeys (ConfUtils.java:logGet(43)) - raft.server.log.segment.size.max = 8MB (=8388608) (default)
2019-09-24 16:17:38,839 INFO  segmented.SegmentedRaftLogWorker (SegmentedRaftLogWorker.java:<init>(172)) - new s2@group-926153DB23B0-SegmentedRaftLogWorker for RaftStorage:Storage Directory /workdir/ratis-test/target/test/data/9f1a7c06/MiniRaftClusterWithGrpc509d369e/s2/9cc6f171-e8a8-44f4-b656-926153db23b0
2019-09-24 16:17:38,839 INFO  server.RaftServerConfigKeys (ConfUtils.java:logGet(43)) - raft.server.log.preallocated.size = 4MB (=4194304) (default)
2019-09-24 16:17:38,840 INFO  server.RaftServerConfigKeys (ConfUtils.java:logGet(43)) - raft.server.log.queue.byte-limit = 64MB (=67108864) (default)
2019-09-24 16:17:38,839 INFO  server.RaftServerConfigKeys (ConfUtils.java:logGet(43)) - raft.server.log.segment.cache.num.max = 6 (default)
2019-09-24 16:17:38,840 INFO  server.RaftServerConfigKeys (ConfUtils.java:logGet(43)) - raft.server.log.queue.element-limit = 4096 (default)
2019-09-24 16:17:38,840 INFO  server.RaftServerConfigKeys (ConfUtils.java:logGet(43)) - raft.server.log.write.buffer.size = 64KB (=65536) (default)
2019-09-24 16:17:38,840 INFO  server.RaftServerConfigKeys (ConfUtils.java:logGet(43)) - raft.server.log.segment.size.max = 8MB (=8388608) (default)
2019-09-24 16:17:38,840 INFO  segmented.SegmentedRaftLogWorker (SegmentedRaftLogWorker.java:<init>(172)) - new s1@group-926153DB23B0-SegmentedRaftLogWorker for RaftStorage:Storage Directory /workdir/ratis-test/target/test/data/9f1a7c06/MiniRaftClusterWithGrpc509d369e/s1/9cc6f171-e8a8-44f4-b656-926153db23b0
2019-09-24 16:17:38,841 INFO  server.RaftServerConfigKeys (ConfUtils.java:logGet(43)) - raft.server.log.preallocated.size = 4MB (=4194304) (default)
2019-09-24 16:17:38,841 INFO  server.RaftServerConfigKeys (ConfUtils.java:logGet(43)) - raft.server.log.force.sync.num = 128 (default)
2019-09-24 16:17:38,841 INFO  server.RaftServerConfigKeys (ConfUtils.java:logGet(43)) - raft.server.log.write.buffer.size = 64KB (=65536) (default)
2019-09-24 16:17:38,841 INFO  server.RaftServerConfigKeys (ConfUtils.java:logGet(43)) - raft.server.log.force.sync.num = 128 (default)
2019-09-24 16:17:38,841 INFO  server.RaftServerConfigKeys (ConfUtils.java:logGet(43)) - raft.server.log.queue.byte-limit = 64MB (=67108864) (default)
2019-09-24 16:17:38,841 INFO  server.RaftServerConfigKeys (ConfUtils.java:logGet(43)) - raft.server.log.statemachine.data.sync = true (default)
2019-09-24 16:17:38,841 INFO  server.RaftServerConfigKeys (ConfUtils.java:logGet(43)) - raft.server.log.statemachine.data.sync = true (default)
2019-09-24 16:17:38,842 INFO  server.RaftServerConfigKeys (ConfUtils.java:logGet(43)) - raft.server.log.statemachine.data.sync.timeout = 10s (default)
2019-09-24 16:17:38,842 INFO  server.RaftServerConfigKeys (ConfUtils.java:logGet(43)) - raft.server.log.queue.element-limit = 4096 (default)
2019-09-24 16:17:38,842 INFO  server.RaftServerConfigKeys (ConfUtils.java:logGet(43)) - raft.server.log.statemachine.data.sync.timeout.retry = -1 (default)
2019-09-24 16:17:38,842 INFO  server.RaftServerConfigKeys (ConfUtils.java:logGet(43)) - raft.server.log.statemachine.data.sync.timeout = 10s (default)
2019-09-24 16:17:38,842 INFO  server.RaftServerConfigKeys (ConfUtils.java:logGet(43)) - raft.server.log.segment.size.max = 8MB (=8388608) (default)
2019-09-24 16:17:38,842 INFO  server.RaftServerConfigKeys (ConfUtils.java:logGet(43)) - raft.server.log.statemachine.data.sync.timeout.retry = -1 (default)
2019-09-24 16:17:38,843 INFO  server.RaftServerConfigKeys (ConfUtils.java:logGet(43)) - raft.server.log.preallocated.size = 4MB (=4194304) (default)
2019-09-24 16:17:38,843 INFO  server.RaftServerConfigKeys (ConfUtils.java:logGet(43)) - raft.server.log.statemachine.data.caching.enabled = false (default)
2019-09-24 16:17:38,843 INFO  server.RaftServerConfigKeys (ConfUtils.java:logGet(43)) - raft.server.log.write.buffer.size = 64KB (=65536) (default)
2019-09-24 16:17:38,843 INFO  server.RaftServerConfigKeys (ConfUtils.java:logGet(43)) - raft.server.log.force.sync.num = 128 (default)
2019-09-24 16:17:38,843 INFO  segmented.SegmentedRaftLogWorker (SegmentedRaftLogWorker.java:lambda$new$0(132)) - s0@group-926153DB23B0-SegmentedRaftLogWorker: flushIndex: setUnconditionally 0 -> -1
2019-09-24 16:17:38,843 INFO  server.RaftServerConfigKeys (ConfUtils.java:logGet(43)) - raft.server.log.statemachine.data.sync = true (default)
2019-09-24 16:17:38,844 INFO  server.RaftServerConfigKeys (ConfUtils.java:logGet(43)) - raft.server.log.statemachine.data.sync.timeout = 10s (default)
2019-09-24 16:17:38,844 INFO  server.RaftServerConfigKeys (ConfUtils.java:logGet(43)) - raft.server.log.statemachine.data.sync.timeout.retry = -1 (default)
2019-09-24 16:17:38,844 INFO  server.RaftServerConfigKeys (ConfUtils.java:logGet(43)) - raft.server.log.statemachine.data.caching.enabled = false (default)
2019-09-24 16:17:38,845 INFO  server.RaftServerConfigKeys (ConfUtils.java:logGet(43)) - raft.server.snapshot.auto.trigger.enabled = false (default)
2019-09-24 16:17:38,845 INFO  segmented.SegmentedRaftLogWorker (SegmentedRaftLogWorker.java:lambda$new$0(132)) - s2@group-926153DB23B0-SegmentedRaftLogWorker: flushIndex: setUnconditionally 0 -> -1
2019-09-24 16:17:38,845 INFO  server.RaftServerConfigKeys (ConfUtils.java:logGet(43)) - raft.server.log.statemachine.data.caching.enabled = false (default)
2019-09-24 16:17:38,846 INFO  server.RaftServerConfigKeys (ConfUtils.java:logGet(43)) - raft.server.snapshot.retention.file.num = -1 (default)
2019-09-24 16:17:38,846 INFO  server.RaftServerConfigKeys (ConfUtils.java:logGet(43)) - raft.server.snapshot.auto.trigger.enabled = false (default)
2019-09-24 16:17:38,846 DEBUG client.GrpcClientProtocolService (GrpcClientProtocolService.java:sendReply(353)) - 36-OrderedRequestStreamObserver36: sendReply seq=1896, RaftClientReply:client-EDB41257C35F->s2@group-5C26748AB2B1, cid=1904, SUCCESS, logIndex=2387, commits[s2:c2402, s0:c2350, s1:c2350]
2019-09-24 16:17:38,846 INFO  server.RaftServerConfigKeys (ConfUtils.java:logGet(43)) - raft.server.snapshot.retention.file.num = -1 (default)
2019-09-24 16:17:38,846 INFO  segmented.SegmentedRaftLogWorker (SegmentedRaftLogWorker.java:lambda$new$0(132)) - s1@group-926153DB23B0-SegmentedRaftLogWorker: flushIndex: setUnconditionally 0 -> -1
2019-09-24 16:17:38,848 INFO  server.RaftServerConfigKeys (ConfUtils.java:logGet(43)) - raft.server.snapshot.auto.trigger.enabled = false (default)
2019-09-24 16:17:38,848 INFO  server.RaftServerConfigKeys (ConfUtils.java:logGet(43)) - raft.server.retrycache.expirytime = 60s (default)
2019-09-24 16:17:38,848 INFO  server.RaftServerConfigKeys (ConfUtils.java:logGet(43)) - raft.server.retrycache.expirytime = 60s (default)
2019-09-24 16:17:38,848 INFO  server.RaftServerConfigKeys (ConfUtils.java:logGet(43)) - raft.server.snapshot.retention.file.num = -1 (default)
2019-09-24 16:17:38,848 DEBUG client.GrpcClientProtocolService (GrpcClientProtocolService.java:sendReply(353)) - 36-OrderedRequestStreamObserver36: sendReply seq=1897, RaftClientReply:client-EDB41257C35F->s2@group-5C26748AB2B1, cid=1905, SUCCESS, logIndex=2388, commits[s2:c2402, s0:c2350, s1:c2350]
2019-09-24 16:17:38,849 INFO  server.RaftServerConfigKeys (ConfUtils.java:logGet(43)) - raft.server.retrycache.expirytime = 60s (default)
2019-09-24 16:17:38,849 DEBUG client.GrpcClientProtocolService (GrpcClientProtocolService.java:sendReply(353)) - 36-OrderedRequestStreamObserver36: sendReply seq=1898, RaftClientReply:client-EDB41257C35F->s2@group-5C26748AB2B1, cid=1906, SUCCESS, logIndex=2389, commits[s2:c2407, s0:c2350, s1:c2350]
2019-09-24 16:17:38,849 DEBUG client.GrpcClientProtocolService (GrpcClientProtocolService.java:sendReply(353)) - 36-OrderedRequestStreamObserver36: sendReply seq=1899, RaftClientReply:client-EDB41257C35F->s2@group-5C26748AB2B1, cid=1907, SUCCESS, logIndex=2390, commits[s2:c2407, s0:c2350, s1:c2350]
2019-09-24 16:17:38,849 DEBUG client.GrpcClientProtocolService (GrpcClientProtocolService.java:sendReply(353)) - 36-OrderedRequestStreamObserver36: sendReply seq=1900, RaftClientReply:client-EDB41257C35F->s2@group-5C26748AB2B1, cid=1908, SUCCESS, logIndex=2391, commits[s2:c2407, s0:c2350, s1:c2350]
2019-09-24 16:17:38,850 DEBUG client.GrpcClientProtocolService (GrpcClientProtocolService.java:sendReply(353)) - 36-OrderedRequestStreamObserver36: sendReply seq=1901, RaftClientReply:client-EDB41257C35F->s2@group-5C26748AB2B1, cid=1909, SUCCESS, logIndex=2392, commits[s2:c2409, s0:c2350, s1:c2350]
2019-09-24 16:17:38,850 DEBUG client.GrpcClientProtocolService (GrpcClientProtocolService.java:sendReply(353)) - 36-OrderedRequestStreamObserver36: sendReply seq=1902, RaftClientReply:client-EDB41257C35F->s2@group-5C26748AB2B1, cid=1910, SUCCESS, logIndex=2393, commits[s2:c2411, s0:c2350, s1:c2350]
2019-09-24 16:17:38,850 DEBUG client.GrpcClientProtocolService (GrpcClientProtocolService.java:sendReply(353)) - 36-OrderedRequestStreamObserver36: sendReply seq=1903, RaftClientReply:client-EDB41257C35F->s2@group-5C26748AB2B1, cid=1911, SUCCESS, logIndex=2394, commits[s2:c2411, s0:c2350, s1:c2350]
2019-09-24 16:17:38,850 DEBUG client.GrpcClientProtocolService (GrpcClientProtocolService.java:sendReply(353)) - 36-OrderedRequestStreamObserver36: sendReply seq=1904, RaftClientReply:client-EDB41257C35F->s2@group-5C26748AB2B1, cid=1912, SUCCESS, logIndex=2395, commits[s2:c2411, s0:c2350, s1:c2350]
2019-09-24 16:17:38,851 DEBUG client.GrpcClientProtocolService (GrpcClientProtocolService.java:sendReply(353)) - 36-OrderedRequestStreamObserver36: sendReply seq=1905, RaftClientReply:client-EDB41257C35F->s2@group-5C26748AB2B1, cid=1913, SUCCESS, logIndex=2396, commits[s2:c2416, s0:c2350, s1:c2350]
2019-09-24 16:17:38,851 DEBUG client.GrpcClientProtocolService (GrpcClientProtocolService.java:sendReply(353)) - 36-OrderedRequestStreamObserver36: sendReply seq=1906, RaftClientReply:client-EDB41257C35F->s2@group-5C26748AB2B1, cid=1914, SUCCESS, logIndex=2397, commits[s2:c2416, s0:c2350, s1:c2350]
2019-09-24 16:17:38,851 DEBUG client.GrpcClientProtocolService (GrpcClientProtocolService.java:sendReply(353)) - 36-OrderedRequestStreamObserver36: sendReply seq=1907, RaftClientReply:client-EDB41257C35F->s2@group-5C26748AB2B1, cid=1915, SUCCESS, logIndex=2398, commits[s2:c2416, s0:c2350, s1:c2350]
2019-09-24 16:17:38,853 DEBUG client.GrpcClientProtocolService (GrpcClientProtocolService.java:sendReply(353)) - 36-OrderedRequestStreamObserver36: sendReply seq=1908, RaftClientReply:client-EDB41257C35F->s2@group-5C26748AB2B1, cid=1916, SUCCESS, logIndex=2399, commits[s2:c2418, s0:c2350, s1:c2350]
2019-09-24 16:17:38,854 DEBUG client.GrpcClientProtocolService (GrpcClientProtocolService.java:sendReply(353)) - 36-OrderedRequestStreamObserver36: sendReply seq=1909, RaftClientReply:client-EDB41257C35F->s2@group-5C26748AB2B1, cid=1917, SUCCESS, logIndex=2400, commits[s2:c2421, s0:c2350, s1:c2350]
2019-09-24 16:17:38,854 DEBUG client.GrpcClientProtocolService (GrpcClientProtocolService.java:sendReply(353)) - 36-OrderedRequestStreamObserver36: sendReply seq=1910, RaftClientReply:client-EDB41257C35F->s2@group-5C26748AB2B1, cid=1918, SUCCESS, logIndex=2401, commits[s2:c2421, s0:c2350, s1:c2350]
2019-09-24 16:17:38,855 DEBUG client.GrpcClientProtocolService (GrpcClientProtocolService.java:sendReply(353)) - 36-OrderedRequestStreamObserver36: sendReply seq=1911, RaftClientReply:client-EDB41257C35F->s2@group-5C26748AB2B1, cid=1919, SUCCESS, logIndex=2402, commits[s2:c2421, s0:c2350, s1:c2350]
2019-09-24 16:17:38,855 DEBUG client.GrpcClientProtocolService (GrpcClientProtocolService.java:sendReply(353)) - 36-OrderedRequestStreamObserver36: sendReply seq=1912, RaftClientReply:client-EDB41257C35F->s2@group-5C26748AB2B1, cid=1920, SUCCESS, logIndex=2403, commits[s2:c2421, s0:c2350, s1:c2350]
2019-09-24 16:17:38,855 DEBUG client.GrpcClientProtocolService (GrpcClientProtocolService.java:sendReply(353)) - 36-OrderedRequestStreamObserver36: sendReply seq=1913, RaftClientReply:client-EDB41257C35F->s2@group-5C26748AB2B1, cid=1921, SUCCESS, logIndex=2404, commits[s2:c2421, s0:c2350, s1:c2350]
2019-09-24 16:17:38,855 DEBUG client.GrpcClientProtocolService (GrpcClientProtocolService.java:sendReply(353)) - 36-OrderedRequestStreamObserver36: sendReply seq=1914, RaftClientReply:client-EDB41257C35F->s2@group-5C26748AB2B1, cid=1922, SUCCESS, logIndex=2405, commits[s2:c2421, s0:c2350, s1:c2350]
2019-09-24 16:17:38,856 DEBUG client.GrpcClientProtocolService (GrpcClientProtocolService.java:sendReply(353)) - 36-OrderedRequestStreamObserver36: sendReply seq=1915, RaftClientReply:client-EDB41257C35F->s2@group-5C26748AB2B1, cid=1923, SUCCESS, logIndex=2406, commits[s2:c2431, s0:c2350, s1:c2350]
2019-09-24 16:17:38,856 DEBUG client.GrpcClientProtocolService (GrpcClientProtocolService.java:sendReply(353)) - 36-OrderedRequestStreamObserver36: sendReply seq=1916, RaftClientReply:client-EDB41257C35F->s2@group-5C26748AB2B1, cid=1924, SUCCESS, logIndex=2407, commits[s2:c2431, s0:c2350, s1:c2350]
2019-09-24 16:17:38,856 DEBUG client.GrpcClientProtocolService (GrpcClientProtocolService.java:sendReply(353)) - 36-OrderedRequestStreamObserver36: sendReply seq=1917, RaftClientReply:client-EDB41257C35F->s2@group-5C26748AB2B1, cid=1925, SUCCESS, logIndex=2408, commits[s2:c2431, s0:c2350, s1:c2350]
2019-09-24 16:17:38,856 DEBUG client.GrpcClientProtocolService (GrpcClientProtocolService.java:sendReply(353)) - 36-OrderedRequestStreamObserver36: sendReply seq=1918, RaftClientReply:client-EDB41257C35F->s2@group-5C26748AB2B1, cid=1926, SUCCESS, logIndex=2409, commits[s2:c2431, s0:c2350, s1:c2350]
2019-09-24 16:17:38,856 DEBUG client.GrpcClientProtocolService (GrpcClientProtocolService.java:sendReply(353)) - 36-OrderedRequestStreamObserver36: sendReply seq=1919, RaftClientReply:client-EDB41257C35F->s2@group-5C26748AB2B1, cid=1927, SUCCESS, logIndex=2410, commits[s2:c2438, s0:c2350, s1:c2350]
2019-09-24 16:17:38,856 DEBUG client.GrpcClientProtocolService (GrpcClientProtocolService.java:sendReply(353)) - 36-OrderedRequestStreamObserver36: sendReply seq=1920, RaftClientReply:client-EDB41257C35F->s2@group-5C26748AB2B1, cid=1928, SUCCESS, logIndex=2411, commits[s2:c2438, s0:c2350, s1:c2350]
2019-09-24 16:17:38,856 DEBUG client.GrpcClientProtocolService (GrpcClientProtocolService.java:sendReply(353)) - 36-OrderedRequestStreamObserver36: sendReply seq=1921, RaftClientReply:client-EDB41257C35F->s2@group-5C26748AB2B1, cid=1929, SUCCESS, logIndex=2412, commits[s2:c2438, s0:c2350, s1:c2350]
2019-09-24 16:17:38,857 DEBUG client.GrpcClientProtocolService (GrpcClientProtocolService.java:sendReply(353)) - 36-OrderedRequestStreamObserver36: sendReply seq=1922, RaftClientReply:client-EDB41257C35F->s2@group-5C26748AB2B1, cid=1930, SUCCESS, logIndex=2413, commits[s2:c2438, s0:c2350, s1:c2350]
2019-09-24 16:17:38,857 DEBUG client.GrpcClientProtocolService (GrpcClientProtocolService.java:sendReply(353)) - 36-OrderedRequestStreamObserver36: sendReply seq=1923, RaftClientReply:client-EDB41257C35F->s2@group-5C26748AB2B1, cid=1931, SUCCESS, logIndex=2414, commits[s2:c2438, s0:c2350, s1:c2350]
2019-09-24 16:17:38,857 DEBUG client.GrpcClientProtocolService (GrpcClientProtocolService.java:sendReply(353)) - 36-OrderedRequestStreamObserver36: sendReply seq=1924, RaftClientReply:client-EDB41257C35F->s2@group-5C26748AB2B1, cid=1932, SUCCESS, logIndex=2415, commits[s2:c2444, s0:c2350, s1:c2350]
2019-09-24 16:17:38,858 DEBUG client.GrpcClientProtocolService (GrpcClientProtocolService.java:sendReply(353)) - 36-OrderedRequestStreamObserver36: sendReply seq=1925, RaftClientReply:client-EDB41257C35F->s2@group-5C26748AB2B1, cid=1933, SUCCESS, logIndex=2416, commits[s2:c2445, s0:c2350, s1:c2350]
2019-09-24 16:17:38,858 DEBUG client.GrpcClientProtocolService (GrpcClientProtocolService.java:sendReply(353)) - 36-OrderedRequestStreamObserver36: sendReply seq=1926, RaftClientReply:client-EDB41257C35F->s2@group-5C26748AB2B1, cid=1934, SUCCESS, logIndex=2417, commits[s2:c2446, s0:c2350, s1:c2350]
2019-09-24 16:17:38,858 DEBUG client.GrpcClientProtocolService (GrpcClientProtocolService.java:sendReply(353)) - 36-OrderedRequestStreamObserver36: sendReply seq=1927, RaftClientReply:client-EDB41257C35F->s2@group-5C26748AB2B1, cid=1935, SUCCESS, logIndex=2418, commits[s2:c2446, s0:c2350, s1:c2350]
2019-09-24 16:17:38,858 DEBUG client.GrpcClientProtocolService (GrpcClientProtocolService.java:sendReply(353)) - 36-OrderedRequestStreamObserver36: sendReply seq=1928, RaftClientReply:client-EDB41257C35F->s2@group-5C26748AB2B1, cid=1936, SUCCESS, logIndex=2419, commits[s2:c2449, s0:c2350, s1:c2350]
2019-09-24 16:17:38,859 DEBUG client.GrpcClientProtocolService (GrpcClientProtocolService.java:sendReply(353)) - 36-OrderedRequestStreamObserver36: sendReply seq=1929, RaftClientReply:client-EDB41257C35F->s2@group-5C26748AB2B1, cid=1937, SUCCESS, logIndex=2420, commits[s2:c2449, s0:c2350, s1:c2350]
2019-09-24 16:17:38,859 DEBUG client.GrpcClientProtocolService (GrpcClientProtocolService.java:sendReply(353)) - 36-OrderedRequestStreamObserver36: sendReply seq=1930, RaftClientReply:client-EDB41257C35F->s2@group-5C26748AB2B1, cid=1938, SUCCESS, logIndex=2421, commits[s2:c2449, s0:c2350, s1:c2350]
2019-09-24 16:17:38,859 DEBUG client.GrpcClientProtocolService (GrpcClientProtocolService.java:sendReply(353)) - 36-OrderedRequestStreamObserver36: sendReply seq=1931, RaftClientReply:client-EDB41257C35F->s2@group-5C26748AB2B1, cid=1939, SUCCESS, logIndex=2422, commits[s2:c2452, s0:c2350, s1:c2350]
2019-09-24 16:17:38,860 INFO  impl.RaftServerImpl (RaftServerImpl.java:start(181)) - s0@group-926153DB23B0: start as a follower, conf=-1: [s0:0.0.0.0:44349, s1:0.0.0.0:45730, s2:0.0.0.0:44794], old=null
2019-09-24 16:17:38,860 DEBUG client.GrpcClientProtocolService (GrpcClientProtocolService.java:sendReply(353)) - 36-OrderedRequestStreamObserver36: sendReply seq=1932, RaftClientReply:client-EDB41257C35F->s2@group-5C26748AB2B1, cid=1940, SUCCESS, logIndex=2423, commits[s2:c2452, s0:c2350, s1:c2350]
2019-09-24 16:17:38,860 INFO  impl.RaftServerImpl (RaftServerImpl.java:setRole(170)) - s0@group-926153DB23B0: changes role from      null to FOLLOWER at term 0 for startAsFollower
2019-09-24 16:17:38,860 DEBUG client.GrpcClientProtocolService (GrpcClientProtocolService.java:sendReply(353)) - 36-OrderedRequestStreamObserver36: sendReply seq=1933, RaftClientReply:client-EDB41257C35F->s2@group-5C26748AB2B1, cid=1941, SUCCESS, logIndex=2424, commits[s2:c2452, s0:c2350, s1:c2350]
2019-09-24 16:17:38,861 INFO  impl.RoleInfo (RoleInfo.java:updateAndGet(143)) - s0: start FollowerState
2019-09-24 16:17:38,861 DEBUG client.GrpcClientProtocolService (GrpcClientProtocolService.java:sendReply(353)) - 36-OrderedRequestStreamObserver36: sendReply seq=1934, RaftClientReply:client-EDB41257C35F->s2@group-5C26748AB2B1, cid=1942, SUCCESS, logIndex=2425, commits[s2:c2452, s0:c2350, s1:c2350]
2019-09-24 16:17:38,861 DEBUG client.GrpcClientProtocolService (GrpcClientProtocolService.java:sendReply(353)) - 36-OrderedRequestStreamObserver36: sendReply seq=1935, RaftClientReply:client-EDB41257C35F->s2@group-5C26748AB2B1, cid=1943, SUCCESS, logIndex=2426, commits[s2:c2452, s0:c2350, s1:c2350]
2019-09-24 16:17:38,861 INFO  util.JmxRegister (JmxRegister.java:tryRegister(44)) - Successfully registered JMX Bean with object name Ratis:service=RaftServer,group=group-926153DB23B0,id=s0
2019-09-24 16:17:38,861 DEBUG client.GrpcClientProtocolService (GrpcClientProtocolService.java:sendReply(353)) - 36-OrderedRequestStreamObserver36: sendReply seq=1936, RaftClientReply:client-EDB41257C35F->s2@group-5C26748AB2B1, cid=1944, SUCCESS, logIndex=2427, commits[s2:c2452, s0:c2350, s1:c2350]
2019-09-24 16:17:38,861 DEBUG client.GrpcClientProtocolService (GrpcClientProtocolService.java:sendReply(353)) - 36-OrderedRequestStreamObserver36: sendReply seq=1937, RaftClientReply:client-EDB41257C35F->s2@group-5C26748AB2B1, cid=1945, SUCCESS, logIndex=2428, commits[s2:c2452, s0:c2350, s1:c2350]
2019-09-24 16:17:38,862 DEBUG client.GrpcClientProtocolService (GrpcClientProtocolService.java:sendReply(353)) - 36-OrderedRequestStreamObserver36: sendReply seq=1938, RaftClientReply:client-EDB41257C35F->s2@group-5C26748AB2B1, cid=1946, SUCCESS, logIndex=2429, commits[s2:c2452, s0:c2350, s1:c2350]
2019-09-24 16:17:38,862 DEBUG client.GrpcClientProtocolService (GrpcClientProtocolService.java:sendReply(353)) - 36-OrderedRequestStreamObserver36: sendReply seq=1939, RaftClientReply:client-EDB41257C35F->s2@group-5C26748AB2B1, cid=1947, SUCCESS, logIndex=2430, commits[s2:c2454, s0:c2350, s1:c2350]
2019-09-24 16:17:38,862 DEBUG client.GrpcClientProtocolService (GrpcClientProtocolService.java:sendReply(353)) - 36-OrderedRequestStreamObserver36: sendReply seq=1940, RaftClientReply:client-EDB41257C35F->s2@group-5C26748AB2B1, cid=1948, SUCCESS, logIndex=2431, commits[s2:c2454, s0:c2350, s1:c2350]
2019-09-24 16:17:38,862 DEBUG client.GrpcClientProtocolService (GrpcClientProtocolService.java:sendReply(353)) - 36-OrderedRequestStreamObserver36: sendReply seq=1941, RaftClientReply:client-EDB41257C35F->s2@group-5C26748AB2B1, cid=1949, SUCCESS, logIndex=2432, commits[s2:c2454, s0:c2350, s1:c2350]
2019-09-24 16:17:38,863 DEBUG client.GrpcClientProtocolService (GrpcClientProtocolService.java:sendReply(353)) - 36-OrderedRequestStreamObserver36: sendReply seq=1942, RaftClientReply:client-EDB41257C35F->s2@group-5C26748AB2B1, cid=1950, SUCCESS, logIndex=2433, commits[s2:c2454, s0:c2350, s1:c2350]
2019-09-24 16:17:38,863 DEBUG client.GrpcClientProtocolService (GrpcClientProtocolService.java:sendReply(353)) - 36-OrderedRequestStreamObserver36: sendReply seq=1943, RaftClientReply:client-EDB41257C35F->s2@group-5C26748AB2B1, cid=1951, SUCCESS, logIndex=2434, commits[s2:c2454, s0:c2350, s1:c2350]
2019-09-24 16:17:38,863 DEBUG client.GrpcClientProtocolService (GrpcClientProtocolService.java:sendReply(353)) - 36-OrderedRequestStreamObserver36: sendReply seq=1944, RaftClientReply:client-EDB41257C35F->s2@group-5C26748AB2B1, cid=1952, SUCCESS, logIndex=2435, commits[s2:c2454, s0:c2350, s1:c2350]
2019-09-24 16:17:38,863 DEBUG client.GrpcClientProtocolService (GrpcClientProtocolService.java:sendReply(353)) - 36-OrderedRequestStreamObserver36: sendReply seq=1945, RaftClientReply:client-EDB41257C35F->s2@group-5C26748AB2B1, cid=1953, SUCCESS, logIndex=2436, commits[s2:c2454, s0:c2350, s1:c2350]
2019-09-24 16:17:38,863 DEBUG client.GrpcClientProtocolService (GrpcClientProtocolService.java:sendReply(353)) - 36-OrderedRequestStreamObserver36: sendReply seq=1946, RaftClientReply:client-EDB41257C35F->s2@group-5C26748AB2B1, cid=1954, SUCCESS, logIndex=2437, commits[s2:c2454, s0:c2350, s1:c2350]
2019-09-24 16:17:38,864 INFO  impl.RaftServerProxy (RaftServerProxy.java:lambda$start$3(299)) - s0: start RPC server
2019-09-24 16:17:38,864 DEBUG client.GrpcClientProtocolService (GrpcClientProtocolService.java:sendReply(353)) - 36-OrderedRequestStreamObserver36: sendReply seq=1947, RaftClientReply:client-EDB41257C35F->s2@group-5C26748AB2B1, cid=1955, SUCCESS, logIndex=2438, commits[s2:c2454, s0:c2350, s1:c2350]
2019-09-24 16:17:38,864 DEBUG client.GrpcClientProtocolService (GrpcClientProtocolService.java:sendReply(353)) - 36-OrderedRequestStreamObserver36: sendReply seq=1948, RaftClientReply:client-EDB41257C35F->s2@group-5C26748AB2B1, cid=1956, SUCCESS, logIndex=2439, commits[s2:c2454, s0:c2350, s1:c2350]
2019-09-24 16:17:38,865 DEBUG client.GrpcClientProtocolService (GrpcClientProtocolService.java:sendReply(353)) - 36-OrderedRequestStreamObserver36: sendReply seq=1949, RaftClientReply:client-EDB41257C35F->s2@group-5C26748AB2B1, cid=1957, SUCCESS, logIndex=2440, commits[s2:c2454, s0:c2350, s1:c2350]
2019-09-24 16:17:38,865 INFO  server.GrpcService (GrpcService.java:startImpl(158)) - s0: GrpcService started, listening on 0.0.0.0/0.0.0.0:44349
2019-09-24 16:17:38,865 DEBUG client.GrpcClientProtocolService (GrpcClientProtocolService.java:sendReply(353)) - 36-OrderedRequestStreamObserver36: sendReply seq=1950, RaftClientReply:client-EDB41257C35F->s2@group-5C26748AB2B1, cid=1958, SUCCESS, logIndex=2441, commits[s2:c2454, s0:c2350, s1:c2350]
2019-09-24 16:17:38,865 INFO  impl.RaftServerImpl (RaftServerImpl.java:start(181)) - s1@group-926153DB23B0: start as a follower, conf=-1: [s0:0.0.0.0:44349, s1:0.0.0.0:45730, s2:0.0.0.0:44794], old=null
2019-09-24 16:17:38,865 DEBUG client.GrpcClientProtocolService (GrpcClientProtocolService.java:sendReply(353)) - 36-OrderedRequestStreamObserver36: sendReply seq=1951, RaftClientReply:client-EDB41257C35F->s2@group-5C26748AB2B1, cid=1959, SUCCESS, logIndex=2442, commits[s2:c2454, s0:c2350, s1:c2350]
2019-09-24 16:17:38,865 INFO  impl.RaftServerImpl (RaftServerImpl.java:setRole(170)) - s1@group-926153DB23B0: changes role from      null to FOLLOWER at term 0 for startAsFollower
2019-09-24 16:17:38,865 DEBUG client.GrpcClientProtocolService (GrpcClientProtocolService.java:sendReply(353)) - 36-OrderedRequestStreamObserver36: sendReply seq=1952, RaftClientReply:client-EDB41257C35F->s2@group-5C26748AB2B1, cid=1960, SUCCESS, logIndex=2443, commits[s2:c2454, s0:c2350, s1:c2350]
2019-09-24 16:17:38,865 INFO  impl.RoleInfo (RoleInfo.java:updateAndGet(143)) - s1: start FollowerState
2019-09-24 16:17:38,866 DEBUG client.GrpcClientProtocolService (GrpcClientProtocolService.java:sendReply(353)) - 36-OrderedRequestStreamObserver36: sendReply seq=1953, RaftClientReply:client-EDB41257C35F->s2@group-5C26748AB2B1, cid=1961, SUCCESS, logIndex=2444, commits[s2:c2454, s0:c2350, s1:c2350]
2019-09-24 16:17:38,866 DEBUG client.GrpcClientProtocolService (GrpcClientProtocolService.java:sendReply(353)) - 36-OrderedRequestStreamObserver36: sendReply seq=1954, RaftClientReply:client-EDB41257C35F->s2@group-5C26748AB2B1, cid=1962, SUCCESS, logIndex=2445, commits[s2:c2454, s0:c2350, s1:c2350]
2019-09-24 16:17:38,866 INFO  util.JmxRegister (JmxRegister.java:tryRegister(44)) - Successfully registered JMX Bean with object name Ratis:service=RaftServer,group=group-926153DB23B0,id=s1
2019-09-24 16:17:38,866 DEBUG client.GrpcClientProtocolService (GrpcClientProtocolService.java:sendReply(353)) - 36-OrderedRequestStreamObserver36: sendReply seq=1955, RaftClientReply:client-EDB41257C35F->s2@group-5C26748AB2B1, cid=1963, SUCCESS, logIndex=2446, commits[s2:c2454, s0:c2350, s1:c2350]
2019-09-24 16:17:38,866 DEBUG client.GrpcClientProtocolService (GrpcClientProtocolService.java:sendReply(353)) - 36-OrderedRequestStreamObserver36: sendReply seq=1956, RaftClientReply:client-EDB41257C35F->s2@group-5C26748AB2B1, cid=1964, SUCCESS, logIndex=2447, commits[s2:c2454, s0:c2350, s1:c2350]
2019-09-24 16:17:38,866 DEBUG client.GrpcClientProtocolService (GrpcClientProtocolService.java:sendReply(353)) - 36-OrderedRequestStreamObserver36: sendReply seq=1957, RaftClientReply:client-EDB41257C35F->s2@group-5C26748AB2B1, cid=1965, SUCCESS, logIndex=2448, commits[s2:c2454, s0:c2350, s1:c2350]
2019-09-24 16:17:38,866 DEBUG client.GrpcClientProtocolService (GrpcClientProtocolService.java:sendReply(353)) - 36-OrderedRequestStreamObserver36: sendReply seq=1958, RaftClientReply:client-EDB41257C35F->s2@group-5C26748AB2B1, cid=1966, SUCCESS, logIndex=2449, commits[s2:c2454, s0:c2350, s1:c2350]
2019-09-24 16:17:38,867 DEBUG client.GrpcClientProtocolService (GrpcClientProtocolService.java:sendReply(353)) - 36-OrderedRequestStreamObserver36: sendReply seq=1959, RaftClientReply:client-EDB41257C35F->s2@group-5C26748AB2B1, cid=1967, SUCCESS, logIndex=2450, commits[s2:c2454, s0:c2350, s1:c2350]
2019-09-24 16:17:38,867 DEBUG client.GrpcClientProtocolService (GrpcClientProtocolService.java:sendReply(353)) - 36-OrderedRequestStreamObserver36: sendReply seq=1960, RaftClientReply:client-EDB41257C35F->s2@group-5C26748AB2B1, cid=1968, SUCCESS, logIndex=2451, commits[s2:c2454, s0:c2350, s1:c2350]
2019-09-24 16:17:38,867 DEBUG client.GrpcClientProtocolService (GrpcClientProtocolService.java:sendReply(353)) - 36-OrderedRequestStreamObserver36: sendReply seq=1961, RaftClientReply:client-EDB41257C35F->s2@group-5C26748AB2B1, cid=1969, SUCCESS, logIndex=2452, commits[s2:c2454, s0:c2350, s1:c2350]
2019-09-24 16:17:38,867 DEBUG client.GrpcClientProtocolService (GrpcClientProtocolService.java:sendReply(353)) - 36-OrderedRequestStreamObserver36: sendReply seq=1962, RaftClientReply:client-EDB41257C35F->s2@group-5C26748AB2B1, cid=1970, SUCCESS, logIndex=2453, commits[s2:c2454, s0:c2350, s1:c2350]
2019-09-24 16:17:38,867 DEBUG client.GrpcClientProtocolService (GrpcClientProtocolService.java:sendReply(353)) - 36-OrderedRequestStreamObserver36: sendReply seq=1963, RaftClientReply:client-EDB41257C35F->s2@group-5C26748AB2B1, cid=1971, SUCCESS, logIndex=2454, commits[s2:c2454, s0:c2350, s1:c2350]
2019-09-24 16:17:38,868 INFO  impl.RaftServerProxy (RaftServerProxy.java:lambda$start$3(299)) - s1: start RPC server
2019-09-24 16:17:38,869 INFO  server.GrpcService (GrpcService.java:startImpl(158)) - s1: GrpcService started, listening on 0.0.0.0/0.0.0.0:45730
2019-09-24 16:17:38,870 INFO  impl.RaftServerImpl (RaftServerImpl.java:start(181)) - s2@group-926153DB23B0: start as a follower, conf=-1: [s0:0.0.0.0:44349, s1:0.0.0.0:45730, s2:0.0.0.0:44794], old=null
2019-09-24 16:17:38,870 INFO  impl.RaftServerImpl (RaftServerImpl.java:setRole(170)) - s2@group-926153DB23B0: changes role from      null to FOLLOWER at term 0 for startAsFollower
2019-09-24 16:17:38,870 INFO  impl.RoleInfo (RoleInfo.java:updateAndGet(143)) - s2: start FollowerState
2019-09-24 16:17:38,870 INFO  util.JmxRegister (JmxRegister.java:tryRegister(44)) - Successfully registered JMX Bean with object name Ratis:service=RaftServer,group=group-926153DB23B0,id=s2
2019-09-24 16:17:38,874 INFO  impl.RaftServerProxy (RaftServerProxy.java:lambda$start$3(299)) - s2: start RPC server
2019-09-24 16:17:38,874 INFO  server.GrpcService (GrpcService.java:startImpl(158)) - s2: GrpcService started, listening on 0.0.0.0/0.0.0.0:44794
2019-09-24 16:17:38,875 INFO  server.RaftServerConfigKeys (ConfUtils.java:logGet(43)) - raft.server.rpc.timeout.max = 300ms (default)
2019-09-24 16:17:38,875 INFO  ratis.RaftTestUtil (RaftTestUtil.java:waitForLeader(86)) - printing ALL groups
  s0:  RUNNING  FOLLOWER s0@group-926153DB23B0:t0, leader=null, voted=null, raftlog=s0@group-926153DB23B0-SegmentedRaftLog:OPENED:c-1,f-1,i0, conf=-1: [s0:0.0.0.0:44349, s1:0.0.0.0:45730, s2:0.0.0.0:44794], old=null RUNNING
  s1:  RUNNING  FOLLOWER s1@group-926153DB23B0:t0, leader=null, voted=null, raftlog=s1@group-926153DB23B0-SegmentedRaftLog:OPENED:c-1,f-1,i0, conf=-1: [s0:0.0.0.0:44349, s1:0.0.0.0:45730, s2:0.0.0.0:44794], old=null RUNNING
  s2:  RUNNING  FOLLOWER s2@group-926153DB23B0:t0, leader=null, voted=null, raftlog=s2@group-926153DB23B0-SegmentedRaftLog:OPENED:c-1,f-1,i0, conf=-1: [s0:0.0.0.0:44349, s1:0.0.0.0:45730, s2:0.0.0.0:44794], old=null RUNNING
2019-09-24 16:17:38,876 WARN  ratis.RaftTestUtil (JavaUtils.java:attempt(158)) - FAILED "waitForLeader-null-(expectLeader? true)", attempt #1/100: java.lang.IllegalStateException: No leader yet : printing ALL groups
  s0:  RUNNING  FOLLOWER s0@group-926153DB23B0:t0, leader=null, voted=null, raftlog=s0@group-926153DB23B0-SegmentedRaftLog:OPENED:c-1,f-1,i0, conf=-1: [s0:0.0.0.0:44349, s1:0.0.0.0:45730, s2:0.0.0.0:44794], old=null RUNNING
  s1:  RUNNING  FOLLOWER s1@group-926153DB23B0:t0, leader=null, voted=null, raftlog=s1@group-926153DB23B0-SegmentedRaftLog:OPENED:c-1,f-1,i0, conf=-1: [s0:0.0.0.0:44349, s1:0.0.0.0:45730, s2:0.0.0.0:44794], old=null RUNNING
  s2:  RUNNING  FOLLOWER s2@group-926153DB23B0:t0, leader=null, voted=null, raftlog=s2@group-926153DB23B0-SegmentedRaftLog:OPENED:c-1,f-1,i0, conf=-1: [s0:0.0.0.0:44349, s1:0.0.0.0:45730, s2:0.0.0.0:44794], old=null RUNNING, sleep 450ms and then retry.
java.lang.IllegalStateException: No leader yet : printing ALL groups
  s0:  RUNNING  FOLLOWER s0@group-926153DB23B0:t0, leader=null, voted=null, raftlog=s0@group-926153DB23B0-SegmentedRaftLog:OPENED:c-1,f-1,i0, conf=-1: [s0:0.0.0.0:44349, s1:0.0.0.0:45730, s2:0.0.0.0:44794], old=null RUNNING
  s1:  RUNNING  FOLLOWER s1@group-926153DB23B0:t0, leader=null, voted=null, raftlog=s1@group-926153DB23B0-SegmentedRaftLog:OPENED:c-1,f-1,i0, conf=-1: [s0:0.0.0.0:44349, s1:0.0.0.0:45730, s2:0.0.0.0:44794], old=null RUNNING
  s2:  RUNNING  FOLLOWER s2@group-926153DB23B0:t0, leader=null, voted=null, raftlog=s2@group-926153DB23B0-SegmentedRaftLog:OPENED:c-1,f-1,i0, conf=-1: [s0:0.0.0.0:44349, s1:0.0.0.0:45730, s2:0.0.0.0:44794], old=null RUNNING
	at org.apache.ratis.MiniRaftCluster.newIllegalStateExceptionForNoLeaders(MiniRaftCluster.java:506)
	at org.apache.ratis.RaftTestUtil.lambda$waitForLeader$1(RaftTestUtil.java:90)
	at org.apache.ratis.MiniRaftCluster.getLeader(MiniRaftCluster.java:539)
	at org.apache.ratis.MiniRaftCluster.getLeader(MiniRaftCluster.java:532)
	at org.apache.ratis.RaftTestUtil.lambda$waitForLeader$3(RaftTestUtil.java:98)
	at org.apache.ratis.util.JavaUtils.attempt(JavaUtils.java:152)
	at org.apache.ratis.RaftTestUtil.waitForLeader(RaftTestUtil.java:97)
	at org.apache.ratis.RaftTestUtil.waitForLeader(RaftTestUtil.java:77)
	at org.apache.ratis.RaftTestUtil.waitForLeader(RaftTestUtil.java:72)
	at org.apache.ratis.OutputStreamBaseTest.runTestKillLeader(OutputStreamBaseTest.java:269)
	at org.apache.ratis.MiniRaftCluster$Factory$Get.runWithNewCluster(MiniRaftCluster.java:125)
	at org.apache.ratis.MiniRaftCluster$Factory$Get.runWithNewCluster(MiniRaftCluster.java:113)
	at org.apache.ratis.OutputStreamBaseTest.testKillLeader(OutputStreamBaseTest.java:264)
	at sun.reflect.NativeMethodAccessorImpl.invoke0(Native Method)
	at sun.reflect.NativeMethodAccessorImpl.invoke(NativeMethodAccessorImpl.java:62)
	at sun.reflect.DelegatingMethodAccessorImpl.invoke(DelegatingMethodAccessorImpl.java:43)
	at java.lang.reflect.Method.invoke(Method.java:498)
	at org.junit.runners.model.FrameworkMethod$1.runReflectiveCall(FrameworkMethod.java:50)
	at org.junit.internal.runners.model.ReflectiveCallable.run(ReflectiveCallable.java:12)
	at org.junit.runners.model.FrameworkMethod.invokeExplosively(FrameworkMethod.java:47)
	at org.junit.internal.runners.statements.InvokeMethod.evaluate(InvokeMethod.java:17)
	at org.junit.internal.runners.statements.RunAfters.evaluate(RunAfters.java:27)
	at org.junit.internal.runners.statements.FailOnTimeout$CallableStatement.call(FailOnTimeout.java:298)
	at org.junit.internal.runners.statements.FailOnTimeout$CallableStatement.call(FailOnTimeout.java:292)
	at java.util.concurrent.FutureTask.run(FutureTask.java:266)
	at java.lang.Thread.run(Thread.java:748)
2019-09-24 16:17:38,910 DEBUG client.GrpcClientProtocolService (GrpcClientProtocolService.java:sendReply(353)) - 36-OrderedRequestStreamObserver36: sendReply seq=1964, RaftClientReply:client-EDB41257C35F->s2@group-5C26748AB2B1, cid=1972, SUCCESS, logIndex=2459, commits[s2:c2459, s0:c2363, s1:c2362]
2019-09-24 16:17:38,914 DEBUG client.GrpcClientProtocolService (GrpcClientProtocolService.java:sendReply(353)) - 36-OrderedRequestStreamObserver36: sendReply seq=1965, RaftClientReply:client-EDB41257C35F->s2@group-5C26748AB2B1, cid=1973, SUCCESS, logIndex=2463, commits[s2:c2464, s0:c2381, s1:c2376]
2019-09-24 16:17:38,918 DEBUG client.GrpcClientProtocolService (GrpcClientProtocolService.java:sendReply(353)) - 36-OrderedRequestStreamObserver36: sendReply seq=1966, RaftClientReply:client-EDB41257C35F->s2@group-5C26748AB2B1, cid=1974, SUCCESS, logIndex=2466, commits[s2:c2466, s0:c2384, s1:c2376]
2019-09-24 16:17:38,920 DEBUG client.GrpcClientProtocolService (GrpcClientProtocolService.java:sendReply(353)) - 36-OrderedRequestStreamObserver36: sendReply seq=1967, RaftClientReply:client-EDB41257C35F->s2@group-5C26748AB2B1, cid=1975, SUCCESS, logIndex=2481, commits[s2:c2481, s0:c2411, s1:c2418]
2019-09-24 16:17:38,921 DEBUG client.GrpcClientProtocolService (GrpcClientProtocolService.java:sendReply(353)) - 36-OrderedRequestStreamObserver36: sendReply seq=1968, RaftClientReply:client-EDB41257C35F->s2@group-5C26748AB2B1, cid=1976, SUCCESS, logIndex=2483, commits[s2:c2490, s0:c2411, s1:c2438]
2019-09-24 16:17:38,923 DEBUG client.GrpcClientProtocolService (GrpcClientProtocolService.java:sendReply(353)) - 36-OrderedRequestStreamObserver36: sendReply seq=1969, RaftClientReply:client-EDB41257C35F->s2@group-5C26748AB2B1, cid=1977, SUCCESS, logIndex=2484, commits[s2:c2490, s0:c2418, s1:c2446]
2019-09-24 16:17:38,924 DEBUG client.GrpcClientProtocolService (GrpcClientProtocolService.java:sendReply(353)) - 36-OrderedRequestStreamObserver36: sendReply seq=1970, RaftClientReply:client-EDB41257C35F->s2@group-5C26748AB2B1, cid=1978, SUCCESS, logIndex=2485, commits[s2:c2497, s0:c2444, s1:c2449]
2019-09-24 16:17:38,924 DEBUG client.GrpcClientProtocolService (GrpcClientProtocolService.java:sendReply(353)) - 36-OrderedRequestStreamObserver36: sendReply seq=1971, RaftClientReply:client-EDB41257C35F->s2@group-5C26748AB2B1, cid=1979, SUCCESS, logIndex=2487, commits[s2:c2503, s0:c2444, s1:c2449]
2019-09-24 16:17:38,925 DEBUG client.GrpcClientProtocolService (GrpcClientProtocolService.java:sendReply(353)) - 36-OrderedRequestStreamObserver36: sendReply seq=1972, RaftClientReply:client-EDB41257C35F->s2@group-5C26748AB2B1, cid=1980, SUCCESS, logIndex=2488, commits[s2:c2503, s0:c2444, s1:c2449]
2019-09-24 16:17:38,925 DEBUG client.GrpcClientProtocolService (GrpcClientProtocolService.java:sendReply(353)) - 36-OrderedRequestStreamObserver36: sendReply seq=1973, RaftClientReply:client-EDB41257C35F->s2@group-5C26748AB2B1, cid=1981, SUCCESS, logIndex=2489, commits[s2:c2503, s0:c2444, s1:c2449]
2019-09-24 16:17:38,925 DEBUG client.GrpcClientProtocolService (GrpcClientProtocolService.java:sendReply(353)) - 36-OrderedRequestStreamObserver36: sendReply seq=1974, RaftClientReply:client-EDB41257C35F->s2@group-5C26748AB2B1, cid=1982, SUCCESS, logIndex=2491, commits[s2:c2504, s0:c2449, s1:c2452]
2019-09-24 16:17:38,925 DEBUG client.GrpcClientProtocolService (GrpcClientProtocolService.java:sendReply(353)) - 36-OrderedRequestStreamObserver36: sendReply seq=1975, RaftClientReply:client-EDB41257C35F->s2@group-5C26748AB2B1, cid=1983, SUCCESS, logIndex=2492, commits[s2:c2504, s0:c2452, s1:c2452]
2019-09-24 16:17:38,926 DEBUG client.GrpcClientProtocolService (GrpcClientProtocolService.java:sendReply(353)) - 36-OrderedRequestStreamObserver36: sendReply seq=1976, RaftClientReply:client-EDB41257C35F->s2@group-5C26748AB2B1, cid=1984, SUCCESS, logIndex=2493, commits[s2:c2508, s0:c2452, s1:c2452]
2019-09-24 16:17:38,927 DEBUG client.GrpcClientProtocolService (GrpcClientProtocolService.java:sendReply(353)) - 36-OrderedRequestStreamObserver36: sendReply seq=1977, RaftClientReply:client-EDB41257C35F->s2@group-5C26748AB2B1, cid=1985, SUCCESS, logIndex=2495, commits[s2:c2508, s0:c2454, s1:c2452]
2019-09-24 16:17:38,927 DEBUG client.GrpcClientProtocolService (GrpcClientProtocolService.java:sendReply(353)) - 36-OrderedRequestStreamObserver36: sendReply seq=1978, RaftClientReply:client-EDB41257C35F->s2@group-5C26748AB2B1, cid=1986, SUCCESS, logIndex=2498, commits[s2:c2509, s0:c2454, s1:c2452]
2019-09-24 16:17:38,927 DEBUG client.GrpcClientProtocolService (GrpcClientProtocolService.java:sendReply(353)) - 36-OrderedRequestStreamObserver36: sendReply seq=1979, RaftClientReply:client-EDB41257C35F->s2@group-5C26748AB2B1, cid=1987, SUCCESS, logIndex=2499, commits[s2:c2509, s0:c2454, s1:c2452]
2019-09-24 16:17:38,927 DEBUG client.GrpcClientProtocolService (GrpcClientProtocolService.java:sendReply(353)) - 36-OrderedRequestStreamObserver36: sendReply seq=1980, RaftClientReply:client-EDB41257C35F->s2@group-5C26748AB2B1, cid=1988, SUCCESS, logIndex=2501, commits[s2:c2510, s0:c2454, s1:c2452]
2019-09-24 16:17:38,927 DEBUG client.GrpcClientProtocolService (GrpcClientProtocolService.java:sendReply(353)) - 36-OrderedRequestStreamObserver36: sendReply seq=1981, RaftClientReply:client-EDB41257C35F->s2@group-5C26748AB2B1, cid=1989, SUCCESS, logIndex=2502, commits[s2:c2510, s0:c2454, s1:c2452]
2019-09-24 16:17:38,927 DEBUG client.GrpcClientProtocolService (GrpcClientProtocolService.java:sendReply(353)) - 36-OrderedRequestStreamObserver36: sendReply seq=1982, RaftClientReply:client-EDB41257C35F->s2@group-5C26748AB2B1, cid=1990, SUCCESS, logIndex=2503, commits[s2:c2510, s0:c2454, s1:c2452]
2019-09-24 16:17:38,928 DEBUG client.GrpcClientProtocolService (GrpcClientProtocolService.java:sendReply(353)) - 36-OrderedRequestStreamObserver36: sendReply seq=1983, RaftClientReply:client-EDB41257C35F->s2@group-5C26748AB2B1, cid=1991, SUCCESS, logIndex=2505, commits[s2:c2510, s0:c2454, s1:c2452]
2019-09-24 16:17:38,928 DEBUG client.GrpcClientProtocolService (GrpcClientProtocolService.java:sendReply(353)) - 36-OrderedRequestStreamObserver36: sendReply seq=1984, RaftClientReply:client-EDB41257C35F->s2@group-5C26748AB2B1, cid=1992, SUCCESS, logIndex=2506, commits[s2:c2510, s0:c2454, s1:c2452]
2019-09-24 16:17:38,928 DEBUG client.GrpcClientProtocolService (GrpcClientProtocolService.java:sendReply(353)) - 36-OrderedRequestStreamObserver36: sendReply seq=1985, RaftClientReply:client-EDB41257C35F->s2@group-5C26748AB2B1, cid=1993, SUCCESS, logIndex=2507, commits[s2:c2510, s0:c2454, s1:c2452]
2019-09-24 16:17:38,928 DEBUG client.GrpcClientProtocolService (GrpcClientProtocolService.java:sendReply(353)) - 36-OrderedRequestStreamObserver36: sendReply seq=1986, RaftClientReply:client-EDB41257C35F->s2@group-5C26748AB2B1, cid=1994, SUCCESS, logIndex=2508, commits[s2:c2510, s0:c2454, s1:c2452]
2019-09-24 16:17:38,928 DEBUG client.GrpcClientProtocolService (GrpcClientProtocolService.java:sendReply(353)) - 36-OrderedRequestStreamObserver36: sendReply seq=1987, RaftClientReply:client-EDB41257C35F->s2@group-5C26748AB2B1, cid=1995, SUCCESS, logIndex=2510, commits[s2:c2510, s0:c2454, s1:c2452]
2019-09-24 16:17:38,988 INFO  ratis.MiniRaftCluster (MiniRaftCluster.java:lambda$null$5(297)) - TIMED-PRINT: printing ALL groups
  s0:  RUNNING  FOLLOWER s0@group-5C26748AB2B1:t3, leader=s2, voted=s2, raftlog=s0@group-5C26748AB2B1-SegmentedRaftLog:OPENED:c2454,f2510,i2618, conf=0: [s0:0.0.0.0:36823, s1:0.0.0.0:40855, s2:0.0.0.0:34862], old=null RUNNING
  s1:  RUNNING  FOLLOWER s1@group-5C26748AB2B1:t3, leader=s2, voted=s2, raftlog=s1@group-5C26748AB2B1-SegmentedRaftLog:OPENED:c2452,f2506,i2618, conf=0: [s0:0.0.0.0:36823, s1:0.0.0.0:40855, s2:0.0.0.0:34862], old=null RUNNING
  s2:  RUNNING    LEADER s2@group-5C26748AB2B1:t3, leader=s2, voted=s2, raftlog=s2@group-5C26748AB2B1-SegmentedRaftLog:OPENED:c2510,f2587,i2618, conf=0: [s0:0.0.0.0:36823, s1:0.0.0.0:40855, s2:0.0.0.0:34862], old=null RUNNING
2019-09-24 16:17:39,013 DEBUG client.GrpcClientProtocolService (GrpcClientProtocolService.java:sendReply(353)) - 36-OrderedRequestStreamObserver36: sendReply seq=1988, RaftClientReply:client-EDB41257C35F->s2@group-5C26748AB2B1, cid=1996, SUCCESS, logIndex=2511, commits[s2:c2511, s0:c2454, s1:c2506]
2019-09-24 16:17:39,015 DEBUG client.GrpcClientProtocolService (GrpcClientProtocolService.java:sendReply(353)) - 36-OrderedRequestStreamObserver36: sendReply seq=1989, RaftClientReply:client-EDB41257C35F->s2@group-5C26748AB2B1, cid=1997, SUCCESS, logIndex=2512, commits[s2:c2512, s0:c2510, s1:c2506]
2019-09-24 16:17:39,019 DEBUG client.GrpcClientProtocolService (GrpcClientProtocolService.java:sendReply(353)) - 36-OrderedRequestStreamObserver36: sendReply seq=1990, RaftClientReply:client-EDB41257C35F->s2@group-5C26748AB2B1, cid=1998, SUCCESS, logIndex=2513, commits[s2:c2514, s0:c2510, s1:c2506]
2019-09-24 16:17:39,021 DEBUG client.GrpcClientProtocolService (GrpcClientProtocolService.java:sendReply(353)) - 36-OrderedRequestStreamObserver36: sendReply seq=1991, RaftClientReply:client-EDB41257C35F->s2@group-5C26748AB2B1, cid=1999, SUCCESS, logIndex=2514, commits[s2:c2514, s0:c2510, s1:c2506]
2019-09-24 16:17:39,021 DEBUG client.GrpcClientProtocolService (GrpcClientProtocolService.java:sendReply(353)) - 36-OrderedRequestStreamObserver36: sendReply seq=1992, RaftClientReply:client-EDB41257C35F->s2@group-5C26748AB2B1, cid=2000, SUCCESS, logIndex=2515, commits[s2:c2517, s0:c2510, s1:c2506]
2019-09-24 16:17:39,021 DEBUG client.GrpcClientProtocolService (GrpcClientProtocolService.java:sendReply(353)) - 36-OrderedRequestStreamObserver36: sendReply seq=1993, RaftClientReply:client-EDB41257C35F->s2@group-5C26748AB2B1, cid=2001, SUCCESS, logIndex=2516, commits[s2:c2517, s0:c2510, s1:c2506]
2019-09-24 16:17:39,022 DEBUG client.GrpcClientProtocolService (GrpcClientProtocolService.java:sendReply(353)) - 36-OrderedRequestStreamObserver36: sendReply seq=1994, RaftClientReply:client-EDB41257C35F->s2@group-5C26748AB2B1, cid=2002, SUCCESS, logIndex=2517, commits[s2:c2517, s0:c2510, s1:c2506]
2019-09-24 16:17:39,023 INFO  impl.FollowerState (FollowerState.java:run(108)) - s2@group-926153DB23B0-FollowerState: change to CANDIDATE, lastRpcTime:152ms, electionTimeout:152ms
2019-09-24 16:17:39,023 DEBUG client.GrpcClientProtocolService (GrpcClientProtocolService.java:sendReply(353)) - 36-OrderedRequestStreamObserver36: sendReply seq=1995, RaftClientReply:client-EDB41257C35F->s2@group-5C26748AB2B1, cid=2003, SUCCESS, logIndex=2518, commits[s2:c2518, s0:c2510, s1:c2506]
2019-09-24 16:17:39,023 INFO  impl.RoleInfo (RoleInfo.java:shutdownFollowerState(121)) - s2: shutdown FollowerState
2019-09-24 16:17:39,023 INFO  impl.RaftServerImpl (RaftServerImpl.java:setRole(170)) - s2@group-926153DB23B0: changes role from  FOLLOWER to CANDIDATE at term 0 for changeToCandidate
2019-09-24 16:17:39,024 INFO  impl.RoleInfo (RoleInfo.java:updateAndGet(143)) - s2: start LeaderElection
2019-09-24 16:17:39,026 DEBUG client.GrpcClientProtocolService (GrpcClientProtocolService.java:sendReply(353)) - 36-OrderedRequestStreamObserver36: sendReply seq=1996, RaftClientReply:client-EDB41257C35F->s2@group-5C26748AB2B1, cid=2004, SUCCESS, logIndex=2519, commits[s2:c2519, s0:c2510, s1:c2506]
2019-09-24 16:17:39,026 DEBUG client.GrpcClientProtocolService (GrpcClientProtocolService.java:sendReply(353)) - 36-OrderedRequestStreamObserver36: sendReply seq=1997, RaftClientReply:client-EDB41257C35F->s2@group-5C26748AB2B1, cid=2005, SUCCESS, logIndex=2520, commits[s2:c2521, s0:c2510, s1:c2506]
2019-09-24 16:17:39,026 DEBUG client.GrpcClientProtocolService (GrpcClientProtocolService.java:sendReply(353)) - 36-OrderedRequestStreamObserver36: sendReply seq=1998, RaftClientReply:client-EDB41257C35F->s2@group-5C26748AB2B1, cid=2006, SUCCESS, logIndex=2521, commits[s2:c2521, s0:c2510, s1:c2506]
2019-09-24 16:17:39,026 DEBUG client.GrpcClientProtocolService (GrpcClientProtocolService.java:sendReply(353)) - 36-OrderedRequestStreamObserver36: sendReply seq=1999, RaftClientReply:client-EDB41257C35F->s2@group-5C26748AB2B1, cid=2007, SUCCESS, logIndex=2522, commits[s2:c2526, s0:c2510, s1:c2506]
2019-09-24 16:17:39,026 DEBUG client.GrpcClientProtocolService (GrpcClientProtocolService.java:sendReply(353)) - 36-OrderedRequestStreamObserver36: sendReply seq=2000, RaftClientReply:client-EDB41257C35F->s2@group-5C26748AB2B1, cid=2008, SUCCESS, logIndex=2523, commits[s2:c2528, s0:c2510, s1:c2506]
2019-09-24 16:17:39,030 DEBUG client.GrpcClientProtocolService (GrpcClientProtocolService.java:sendReply(353)) - 36-OrderedRequestStreamObserver36: sendReply seq=2001, RaftClientReply:client-EDB41257C35F->s2@group-5C26748AB2B1, cid=2009, SUCCESS, logIndex=2524, commits[s2:c2533, s0:c2510, s1:c2506]
2019-09-24 16:17:39,030 DEBUG client.GrpcClientProtocolService (GrpcClientProtocolService.java:sendReply(353)) - 36-OrderedRequestStreamObserver36: sendReply seq=2002, RaftClientReply:client-EDB41257C35F->s2@group-5C26748AB2B1, cid=2010, SUCCESS, logIndex=2525, commits[s2:c2533, s0:c2510, s1:c2506]
2019-09-24 16:17:39,031 DEBUG client.GrpcClientProtocolService (GrpcClientProtocolService.java:sendReply(353)) - 36-OrderedRequestStreamObserver36: sendReply seq=2003, RaftClientReply:client-EDB41257C35F->s2@group-5C26748AB2B1, cid=2011, SUCCESS, logIndex=2526, commits[s2:c2536, s0:c2510, s1:c2506]
2019-09-24 16:17:39,031 DEBUG client.GrpcClientProtocolService (GrpcClientProtocolService.java:sendReply(353)) - 36-OrderedRequestStreamObserver36: sendReply seq=2004, RaftClientReply:client-EDB41257C35F->s2@group-5C26748AB2B1, cid=2012, SUCCESS, logIndex=2527, commits[s2:c2559, s0:c2510, s1:c2506]
2019-09-24 16:17:39,032 DEBUG client.GrpcClientProtocolService (GrpcClientProtocolService.java:sendReply(353)) - 36-OrderedRequestStreamObserver36: sendReply seq=2005, RaftClientReply:client-EDB41257C35F->s2@group-5C26748AB2B1, cid=2013, SUCCESS, logIndex=2528, commits[s2:c2559, s0:c2510, s1:c2506]
2019-09-24 16:17:39,032 DEBUG client.GrpcClientProtocolService (GrpcClientProtocolService.java:sendReply(353)) - 36-OrderedRequestStreamObserver36: sendReply seq=2006, RaftClientReply:client-EDB41257C35F->s2@group-5C26748AB2B1, cid=2014, SUCCESS, logIndex=2529, commits[s2:c2559, s0:c2510, s1:c2506]
2019-09-24 16:17:39,033 DEBUG client.GrpcClientProtocolService (GrpcClientProtocolService.java:sendReply(353)) - 36-OrderedRequestStreamObserver36: sendReply seq=2007, RaftClientReply:client-EDB41257C35F->s2@group-5C26748AB2B1, cid=2015, SUCCESS, logIndex=2530, commits[s2:c2559, s0:c2510, s1:c2506]
2019-09-24 16:17:39,034 DEBUG client.GrpcClientProtocolService (GrpcClientProtocolService.java:sendReply(353)) - 36-OrderedRequestStreamObserver36: sendReply seq=2008, RaftClientReply:client-EDB41257C35F->s2@group-5C26748AB2B1, cid=2016, SUCCESS, logIndex=2531, commits[s2:c2559, s0:c2510, s1:c2506]
2019-09-24 16:17:39,034 DEBUG client.GrpcClientProtocolService (GrpcClientProtocolService.java:sendReply(353)) - 36-OrderedRequestStreamObserver36: sendReply seq=2009, RaftClientReply:client-EDB41257C35F->s2@group-5C26748AB2B1, cid=2017, SUCCESS, logIndex=2532, commits[s2:c2559, s0:c2510, s1:c2506]
2019-09-24 16:17:39,034 DEBUG client.GrpcClientProtocolService (GrpcClientProtocolService.java:sendReply(353)) - 36-OrderedRequestStreamObserver36: sendReply seq=2010, RaftClientReply:client-EDB41257C35F->s2@group-5C26748AB2B1, cid=2018, SUCCESS, logIndex=2533, commits[s2:c2561, s0:c2510, s1:c2506]
2019-09-24 16:17:39,035 DEBUG client.GrpcClientProtocolService (GrpcClientProtocolService.java:sendReply(353)) - 36-OrderedRequestStreamObserver36: sendReply seq=2011, RaftClientReply:client-EDB41257C35F->s2@group-5C26748AB2B1, cid=2019, SUCCESS, logIndex=2534, commits[s2:c2566, s0:c2510, s1:c2506]
2019-09-24 16:17:39,035 DEBUG client.GrpcClientProtocolService (GrpcClientProtocolService.java:sendReply(353)) - 36-OrderedRequestStreamObserver36: sendReply seq=2012, RaftClientReply:client-EDB41257C35F->s2@group-5C26748AB2B1, cid=2020, SUCCESS, logIndex=2535, commits[s2:c2566, s0:c2510, s1:c2506]
2019-09-24 16:17:39,039 DEBUG client.GrpcClientProtocolService (GrpcClientProtocolService.java:sendReply(353)) - 36-OrderedRequestStreamObserver36: sendReply seq=2013, RaftClientReply:client-EDB41257C35F->s2@group-5C26748AB2B1, cid=2021, SUCCESS, logIndex=2536, commits[s2:c2568, s0:c2510, s1:c2506]
2019-09-24 16:17:39,039 DEBUG client.GrpcClientProtocolService (GrpcClientProtocolService.java:sendReply(353)) - 36-OrderedRequestStreamObserver36: sendReply seq=2014, RaftClientReply:client-EDB41257C35F->s2@group-5C26748AB2B1, cid=2022, SUCCESS, logIndex=2537, commits[s2:c2568, s0:c2510, s1:c2506]
2019-09-24 16:17:39,039 DEBUG client.GrpcClientProtocolService (GrpcClientProtocolService.java:sendReply(353)) - 36-OrderedRequestStreamObserver36: sendReply seq=2015, RaftClientReply:client-EDB41257C35F->s2@group-5C26748AB2B1, cid=2023, SUCCESS, logIndex=2538, commits[s2:c2584, s0:c2510, s1:c2506]
2019-09-24 16:17:39,040 DEBUG client.GrpcClientProtocolService (GrpcClientProtocolService.java:sendReply(353)) - 36-OrderedRequestStreamObserver36: sendReply seq=2016, RaftClientReply:client-EDB41257C35F->s2@group-5C26748AB2B1, cid=2024, SUCCESS, logIndex=2539, commits[s2:c2585, s0:c2510, s1:c2506]
2019-09-24 16:17:39,040 DEBUG client.GrpcClientProtocolService (GrpcClientProtocolService.java:sendReply(353)) - 36-OrderedRequestStreamObserver36: sendReply seq=2017, RaftClientReply:client-EDB41257C35F->s2@group-5C26748AB2B1, cid=2025, SUCCESS, logIndex=2540, commits[s2:c2585, s0:c2510, s1:c2506]
2019-09-24 16:17:39,041 DEBUG client.GrpcClientProtocolService (GrpcClientProtocolService.java:sendReply(353)) - 36-OrderedRequestStreamObserver36: sendReply seq=2018, RaftClientReply:client-EDB41257C35F->s2@group-5C26748AB2B1, cid=2026, SUCCESS, logIndex=2541, commits[s2:c2585, s0:c2510, s1:c2506]
2019-09-24 16:17:39,042 DEBUG client.GrpcClientProtocolService (GrpcClientProtocolService.java:sendReply(353)) - 36-OrderedRequestStreamObserver36: sendReply seq=2019, RaftClientReply:client-EDB41257C35F->s2@group-5C26748AB2B1, cid=2027, SUCCESS, logIndex=2542, commits[s2:c2588, s0:c2510, s1:c2506]
2019-09-24 16:17:39,042 DEBUG client.GrpcClientProtocolService (GrpcClientProtocolService.java:sendReply(353)) - 36-OrderedRequestStreamObserver36: sendReply seq=2020, RaftClientReply:client-EDB41257C35F->s2@group-5C26748AB2B1, cid=2028, SUCCESS, logIndex=2543, commits[s2:c2588, s0:c2510, s1:c2506]
2019-09-24 16:17:39,043 DEBUG client.GrpcClientProtocolService (GrpcClientProtocolService.java:sendReply(353)) - 36-OrderedRequestStreamObserver36: sendReply seq=2021, RaftClientReply:client-EDB41257C35F->s2@group-5C26748AB2B1, cid=2029, SUCCESS, logIndex=2544, commits[s2:c2588, s0:c2510, s1:c2506]
2019-09-24 16:17:39,043 DEBUG client.GrpcClientProtocolService (GrpcClientProtocolService.java:sendReply(353)) - 36-OrderedRequestStreamObserver36: sendReply seq=2022, RaftClientReply:client-EDB41257C35F->s2@group-5C26748AB2B1, cid=2030, SUCCESS, logIndex=2545, commits[s2:c2588, s0:c2510, s1:c2506]
2019-09-24 16:17:39,043 DEBUG client.GrpcClientProtocolService (GrpcClientProtocolService.java:sendReply(353)) - 36-OrderedRequestStreamObserver36: sendReply seq=2023, RaftClientReply:client-EDB41257C35F->s2@group-5C26748AB2B1, cid=2031, SUCCESS, logIndex=2546, commits[s2:c2588, s0:c2510, s1:c2506]
2019-09-24 16:17:39,043 DEBUG client.GrpcClientProtocolService (GrpcClientProtocolService.java:sendReply(353)) - 36-OrderedRequestStreamObserver36: sendReply seq=2024, RaftClientReply:client-EDB41257C35F->s2@group-5C26748AB2B1, cid=2032, SUCCESS, logIndex=2547, commits[s2:c2593, s0:c2510, s1:c2506]
2019-09-24 16:17:39,044 DEBUG client.GrpcClientProtocolService (GrpcClientProtocolService.java:sendReply(353)) - 36-OrderedRequestStreamObserver36: sendReply seq=2025, RaftClientReply:client-EDB41257C35F->s2@group-5C26748AB2B1, cid=2033, SUCCESS, logIndex=2548, commits[s2:c2593, s0:c2510, s1:c2506]
2019-09-24 16:17:39,045 DEBUG client.GrpcClientProtocolService (GrpcClientProtocolService.java:sendReply(353)) - 36-OrderedRequestStreamObserver36: sendReply seq=2026, RaftClientReply:client-EDB41257C35F->s2@group-5C26748AB2B1, cid=2034, SUCCESS, logIndex=2549, commits[s2:c2593, s0:c2510, s1:c2506]
2019-09-24 16:17:39,045 DEBUG client.GrpcClientProtocolService (GrpcClientProtocolService.java:sendReply(353)) - 36-OrderedRequestStreamObserver36: sendReply seq=2027, RaftClientReply:client-EDB41257C35F->s2@group-5C26748AB2B1, cid=2035, SUCCESS, logIndex=2550, commits[s2:c2594, s0:c2510, s1:c2506]
2019-09-24 16:17:39,045 DEBUG client.GrpcClientProtocolService (GrpcClientProtocolService.java:sendReply(353)) - 36-OrderedRequestStreamObserver36: sendReply seq=2028, RaftClientReply:client-EDB41257C35F->s2@group-5C26748AB2B1, cid=2036, SUCCESS, logIndex=2551, commits[s2:c2594, s0:c2510, s1:c2506]
2019-09-24 16:17:39,045 DEBUG client.GrpcClientProtocolService (GrpcClientProtocolService.java:sendReply(353)) - 36-OrderedRequestStreamObserver36: sendReply seq=2029, RaftClientReply:client-EDB41257C35F->s2@group-5C26748AB2B1, cid=2037, SUCCESS, logIndex=2552, commits[s2:c2594, s0:c2510, s1:c2506]
2019-09-24 16:17:39,045 DEBUG client.GrpcClientProtocolService (GrpcClientProtocolService.java:sendReply(353)) - 36-OrderedRequestStreamObserver36: sendReply seq=2030, RaftClientReply:client-EDB41257C35F->s2@group-5C26748AB2B1, cid=2038, SUCCESS, logIndex=2553, commits[s2:c2594, s0:c2510, s1:c2506]
2019-09-24 16:17:39,045 DEBUG client.GrpcClientProtocolService (GrpcClientProtocolService.java:sendReply(353)) - 36-OrderedRequestStreamObserver36: sendReply seq=2031, RaftClientReply:client-EDB41257C35F->s2@group-5C26748AB2B1, cid=2039, SUCCESS, logIndex=2554, commits[s2:c2594, s0:c2510, s1:c2506]
2019-09-24 16:17:39,046 DEBUG client.GrpcClientProtocolService (GrpcClientProtocolService.java:sendReply(353)) - 36-OrderedRequestStreamObserver36: sendReply seq=2032, RaftClientReply:client-EDB41257C35F->s2@group-5C26748AB2B1, cid=2040, SUCCESS, logIndex=2555, commits[s2:c2594, s0:c2510, s1:c2506]
2019-09-24 16:17:39,046 DEBUG client.GrpcClientProtocolService (GrpcClientProtocolService.java:sendReply(353)) - 36-OrderedRequestStreamObserver36: sendReply seq=2033, RaftClientReply:client-EDB41257C35F->s2@group-5C26748AB2B1, cid=2041, SUCCESS, logIndex=2556, commits[s2:c2594, s0:c2510, s1:c2506]
2019-09-24 16:17:39,046 DEBUG client.GrpcClientProtocolService (GrpcClientProtocolService.java:sendReply(353)) - 36-OrderedRequestStreamObserver36: sendReply seq=2034, RaftClientReply:client-EDB41257C35F->s2@group-5C26748AB2B1, cid=2042, SUCCESS, logIndex=2557, commits[s2:c2594, s0:c2510, s1:c2506]
2019-09-24 16:17:39,046 DEBUG client.GrpcClientProtocolService (GrpcClientProtocolService.java:sendReply(353)) - 36-OrderedRequestStreamObserver36: sendReply seq=2035, RaftClientReply:client-EDB41257C35F->s2@group-5C26748AB2B1, cid=2043, SUCCESS, logIndex=2558, commits[s2:c2594, s0:c2510, s1:c2506]
2019-09-24 16:17:39,046 DEBUG client.GrpcClientProtocolService (GrpcClientProtocolService.java:sendReply(353)) - 36-OrderedRequestStreamObserver36: sendReply seq=2036, RaftClientReply:client-EDB41257C35F->s2@group-5C26748AB2B1, cid=2044, SUCCESS, logIndex=2559, commits[s2:c2594, s0:c2510, s1:c2506]
2019-09-24 16:17:39,046 DEBUG client.GrpcClientProtocolService (GrpcClientProtocolService.java:sendReply(353)) - 36-OrderedRequestStreamObserver36: sendReply seq=2037, RaftClientReply:client-EDB41257C35F->s2@group-5C26748AB2B1, cid=2045, SUCCESS, logIndex=2560, commits[s2:c2594, s0:c2510, s1:c2506]
2019-09-24 16:17:39,046 DEBUG client.GrpcClientProtocolService (GrpcClientProtocolService.java:sendReply(353)) - 36-OrderedRequestStreamObserver36: sendReply seq=2038, RaftClientReply:client-EDB41257C35F->s2@group-5C26748AB2B1, cid=2046, SUCCESS, logIndex=2561, commits[s2:c2594, s0:c2510, s1:c2506]
2019-09-24 16:17:39,046 DEBUG client.GrpcClientProtocolService (GrpcClientProtocolService.java:sendReply(353)) - 36-OrderedRequestStreamObserver36: sendReply seq=2039, RaftClientReply:client-EDB41257C35F->s2@group-5C26748AB2B1, cid=2047, SUCCESS, logIndex=2562, commits[s2:c2594, s0:c2510, s1:c2506]
2019-09-24 16:17:39,047 DEBUG client.GrpcClientProtocolService (GrpcClientProtocolService.java:sendReply(353)) - 36-OrderedRequestStreamObserver36: sendReply seq=2040, RaftClientReply:client-EDB41257C35F->s2@group-5C26748AB2B1, cid=2048, SUCCESS, logIndex=2563, commits[s2:c2594, s0:c2510, s1:c2506]
2019-09-24 16:17:39,047 DEBUG client.GrpcClientProtocolService (GrpcClientProtocolService.java:sendReply(353)) - 36-OrderedRequestStreamObserver36: sendReply seq=2041, RaftClientReply:client-EDB41257C35F->s2@group-5C26748AB2B1, cid=2049, SUCCESS, logIndex=2564, commits[s2:c2594, s0:c2510, s1:c2506]
2019-09-24 16:17:39,048 DEBUG client.GrpcClientProtocolService (GrpcClientProtocolService.java:sendReply(353)) - 36-OrderedRequestStreamObserver36: sendReply seq=2042, RaftClientReply:client-EDB41257C35F->s2@group-5C26748AB2B1, cid=2050, SUCCESS, logIndex=2565, commits[s2:c2594, s0:c2510, s1:c2506]
2019-09-24 16:17:39,048 DEBUG client.GrpcClientProtocolService (GrpcClientProtocolService.java:sendReply(353)) - 36-OrderedRequestStreamObserver36: sendReply seq=2043, RaftClientReply:client-EDB41257C35F->s2@group-5C26748AB2B1, cid=2051, SUCCESS, logIndex=2566, commits[s2:c2594, s0:c2510, s1:c2506]
2019-09-24 16:17:39,048 DEBUG client.GrpcClientProtocolService (GrpcClientProtocolService.java:sendReply(353)) - 36-OrderedRequestStreamObserver36: sendReply seq=2044, RaftClientReply:client-EDB41257C35F->s2@group-5C26748AB2B1, cid=2052, SUCCESS, logIndex=2567, commits[s2:c2594, s0:c2510, s1:c2506]
2019-09-24 16:17:39,048 DEBUG client.GrpcClientProtocolService (GrpcClientProtocolService.java:sendReply(353)) - 36-OrderedRequestStreamObserver36: sendReply seq=2045, RaftClientReply:client-EDB41257C35F->s2@group-5C26748AB2B1, cid=2053, SUCCESS, logIndex=2568, commits[s2:c2594, s0:c2510, s1:c2506]
2019-09-24 16:17:39,048 DEBUG client.GrpcClientProtocolService (GrpcClientProtocolService.java:sendReply(353)) - 36-OrderedRequestStreamObserver36: sendReply seq=2046, RaftClientReply:client-EDB41257C35F->s2@group-5C26748AB2B1, cid=2054, SUCCESS, logIndex=2569, commits[s2:c2594, s0:c2510, s1:c2506]
2019-09-24 16:17:39,049 DEBUG client.GrpcClientProtocolService (GrpcClientProtocolService.java:sendReply(353)) - 36-OrderedRequestStreamObserver36: sendReply seq=2047, RaftClientReply:client-EDB41257C35F->s2@group-5C26748AB2B1, cid=2055, SUCCESS, logIndex=2570, commits[s2:c2594, s0:c2510, s1:c2506]
2019-09-24 16:17:39,049 DEBUG client.GrpcClientProtocolService (GrpcClientProtocolService.java:sendReply(353)) - 36-OrderedRequestStreamObserver36: sendReply seq=2048, RaftClientReply:client-EDB41257C35F->s2@group-5C26748AB2B1, cid=2056, SUCCESS, logIndex=2571, commits[s2:c2594, s0:c2510, s1:c2506]
2019-09-24 16:17:39,049 DEBUG client.GrpcClientProtocolService (GrpcClientProtocolService.java:sendReply(353)) - 36-OrderedRequestStreamObserver36: sendReply seq=2049, RaftClientReply:client-EDB41257C35F->s2@group-5C26748AB2B1, cid=2057, SUCCESS, logIndex=2572, commits[s2:c2594, s0:c2510, s1:c2506]
2019-09-24 16:17:39,049 DEBUG client.GrpcClientProtocolService (GrpcClientProtocolService.java:sendReply(353)) - 36-OrderedRequestStreamObserver36: sendReply seq=2050, RaftClientReply:client-EDB41257C35F->s2@group-5C26748AB2B1, cid=2058, SUCCESS, logIndex=2573, commits[s2:c2594, s0:c2510, s1:c2506]
2019-09-24 16:17:39,049 DEBUG client.GrpcClientProtocolService (GrpcClientProtocolService.java:sendReply(353)) - 36-OrderedRequestStreamObserver36: sendReply seq=2051, RaftClientReply:client-EDB41257C35F->s2@group-5C26748AB2B1, cid=2059, SUCCESS, logIndex=2574, commits[s2:c2594, s0:c2510, s1:c2506]
2019-09-24 16:17:39,049 DEBUG client.GrpcClientProtocolService (GrpcClientProtocolService.java:sendReply(353)) - 36-OrderedRequestStreamObserver36: sendReply seq=2052, RaftClientReply:client-EDB41257C35F->s2@group-5C26748AB2B1, cid=2060, SUCCESS, logIndex=2575, commits[s2:c2594, s0:c2510, s1:c2506]
2019-09-24 16:17:39,049 DEBUG client.GrpcClientProtocolService (GrpcClientProtocolService.java:sendReply(353)) - 36-OrderedRequestStreamObserver36: sendReply seq=2053, RaftClientReply:client-EDB41257C35F->s2@group-5C26748AB2B1, cid=2061, SUCCESS, logIndex=2576, commits[s2:c2594, s0:c2510, s1:c2506]
2019-09-24 16:17:39,049 DEBUG client.GrpcClientProtocolService (GrpcClientProtocolService.java:sendReply(353)) - 36-OrderedRequestStreamObserver36: sendReply seq=2054, RaftClientReply:client-EDB41257C35F->s2@group-5C26748AB2B1, cid=2062, SUCCESS, logIndex=2577, commits[s2:c2594, s0:c2510, s1:c2506]
2019-09-24 16:17:39,049 INFO  impl.LeaderElection (LeaderElection.java:askForVotes(178)) - s2@group-926153DB23B0-LeaderElection18: begin an election at term 1 for -1: [s0:0.0.0.0:44349, s1:0.0.0.0:45730, s2:0.0.0.0:44794], old=null
2019-09-24 16:17:39,049 DEBUG client.GrpcClientProtocolService (GrpcClientProtocolService.java:sendReply(353)) - 36-OrderedRequestStreamObserver36: sendReply seq=2055, RaftClientReply:client-EDB41257C35F->s2@group-5C26748AB2B1, cid=2063, SUCCESS, logIndex=2578, commits[s2:c2594, s0:c2510, s1:c2506]
2019-09-24 16:17:39,050 DEBUG client.GrpcClientProtocolService (GrpcClientProtocolService.java:sendReply(353)) - 36-OrderedRequestStreamObserver36: sendReply seq=2056, RaftClientReply:client-EDB41257C35F->s2@group-5C26748AB2B1, cid=2064, SUCCESS, logIndex=2579, commits[s2:c2594, s0:c2510, s1:c2506]
2019-09-24 16:17:39,050 DEBUG client.GrpcClientProtocolService (GrpcClientProtocolService.java:sendReply(353)) - 36-OrderedRequestStreamObserver36: sendReply seq=2057, RaftClientReply:client-EDB41257C35F->s2@group-5C26748AB2B1, cid=2065, SUCCESS, logIndex=2580, commits[s2:c2594, s0:c2510, s1:c2506]
2019-09-24 16:17:39,050 DEBUG client.GrpcClientProtocolService (GrpcClientProtocolService.java:sendReply(353)) - 36-OrderedRequestStreamObserver36: sendReply seq=2058, RaftClientReply:client-EDB41257C35F->s2@group-5C26748AB2B1, cid=2066, SUCCESS, logIndex=2581, commits[s2:c2594, s0:c2510, s1:c2506]
2019-09-24 16:17:39,050 DEBUG client.GrpcClientProtocolService (GrpcClientProtocolService.java:sendReply(353)) - 36-OrderedRequestStreamObserver36: sendReply seq=2059, RaftClientReply:client-EDB41257C35F->s2@group-5C26748AB2B1, cid=2067, SUCCESS, logIndex=2582, commits[s2:c2594, s0:c2510, s1:c2506]
2019-09-24 16:17:39,050 DEBUG client.GrpcClientProtocolService (GrpcClientProtocolService.java:sendReply(353)) - 36-OrderedRequestStreamObserver36: sendReply seq=2060, RaftClientReply:client-EDB41257C35F->s2@group-5C26748AB2B1, cid=2068, SUCCESS, logIndex=2583, commits[s2:c2594, s0:c2510, s1:c2506]
2019-09-24 16:17:39,050 DEBUG client.GrpcClientProtocolService (GrpcClientProtocolService.java:sendReply(353)) - 36-OrderedRequestStreamObserver36: sendReply seq=2061, RaftClientReply:client-EDB41257C35F->s2@group-5C26748AB2B1, cid=2069, SUCCESS, logIndex=2584, commits[s2:c2594, s0:c2510, s1:c2506]
2019-09-24 16:17:39,051 DEBUG client.GrpcClientProtocolService (GrpcClientProtocolService.java:sendReply(353)) - 36-OrderedRequestStreamObserver36: sendReply seq=2062, RaftClientReply:client-EDB41257C35F->s2@group-5C26748AB2B1, cid=2070, SUCCESS, logIndex=2585, commits[s2:c2594, s0:c2510, s1:c2506]
2019-09-24 16:17:39,051 DEBUG client.GrpcClientProtocolService (GrpcClientProtocolService.java:sendReply(353)) - 36-OrderedRequestStreamObserver36: sendReply seq=2063, RaftClientReply:client-EDB41257C35F->s2@group-5C26748AB2B1, cid=2071, SUCCESS, logIndex=2586, commits[s2:c2594, s0:c2510, s1:c2506]
2019-09-24 16:17:39,051 DEBUG client.GrpcClientProtocolService (GrpcClientProtocolService.java:sendReply(353)) - 36-OrderedRequestStreamObserver36: sendReply seq=2064, RaftClientReply:client-EDB41257C35F->s2@group-5C26748AB2B1, cid=2072, SUCCESS, logIndex=2590, commits[s2:c2594, s0:c2510, s1:c2506]
2019-09-24 16:17:39,051 DEBUG client.GrpcClientProtocolService (GrpcClientProtocolService.java:sendReply(353)) - 36-OrderedRequestStreamObserver36: sendReply seq=2065, RaftClientReply:client-EDB41257C35F->s2@group-5C26748AB2B1, cid=2073, SUCCESS, logIndex=2591, commits[s2:c2594, s0:c2510, s1:c2506]
2019-09-24 16:17:39,051 DEBUG client.GrpcClientProtocolService (GrpcClientProtocolService.java:sendReply(353)) - 36-OrderedRequestStreamObserver36: sendReply seq=2066, RaftClientReply:client-EDB41257C35F->s2@group-5C26748AB2B1, cid=2074, SUCCESS, logIndex=2593, commits[s2:c2594, s0:c2510, s1:c2506]
2019-09-24 16:17:39,053 INFO  impl.RaftServerImpl (RaftServerImpl.java:setRole(170)) - s0@group-926153DB23B0: changes role from  FOLLOWER to FOLLOWER at term 1 for recognizeCandidate:s2
2019-09-24 16:17:39,054 INFO  impl.RaftServerImpl (RaftServerImpl.java:setRole(170)) - s1@group-926153DB23B0: changes role from  FOLLOWER to FOLLOWER at term 1 for recognizeCandidate:s2
2019-09-24 16:17:39,054 INFO  impl.RoleInfo (RoleInfo.java:shutdownFollowerState(121)) - s1: shutdown FollowerState
2019-09-24 16:17:39,054 INFO  impl.RoleInfo (RoleInfo.java:shutdownFollowerState(121)) - s0: shutdown FollowerState
2019-09-24 16:17:39,054 INFO  impl.RoleInfo (RoleInfo.java:updateAndGet(143)) - s1: start FollowerState
2019-09-24 16:17:39,054 INFO  impl.FollowerState (FollowerState.java:run(117)) - s1@group-926153DB23B0-FollowerState was interrupted: java.lang.InterruptedException: sleep interrupted
2019-09-24 16:17:39,054 INFO  impl.FollowerState (FollowerState.java:run(117)) - s0@group-926153DB23B0-FollowerState was interrupted: java.lang.InterruptedException: sleep interrupted
2019-09-24 16:17:39,054 INFO  impl.RoleInfo (RoleInfo.java:updateAndGet(143)) - s0: start FollowerState
2019-09-24 16:17:39,064 DEBUG client.GrpcClientProtocolService (GrpcClientProtocolService.java:sendReply(353)) - 36-OrderedRequestStreamObserver36: sendReply seq=2067, RaftClientReply:client-EDB41257C35F->s2@group-5C26748AB2B1, cid=2075, SUCCESS, logIndex=2598, commits[s2:c2598, s0:c2510, s1:c2506]
2019-09-24 16:17:39,066 DEBUG client.GrpcClientProtocolService (GrpcClientProtocolService.java:sendReply(353)) - 36-OrderedRequestStreamObserver36: sendReply seq=2068, RaftClientReply:client-EDB41257C35F->s2@group-5C26748AB2B1, cid=2076, SUCCESS, logIndex=2599, commits[s2:c2600, s0:c2510, s1:c2510]
2019-09-24 16:17:39,069 DEBUG client.GrpcClientProtocolService (GrpcClientProtocolService.java:sendReply(353)) - 36-OrderedRequestStreamObserver36: sendReply seq=2069, RaftClientReply:client-EDB41257C35F->s2@group-5C26748AB2B1, cid=2077, SUCCESS, logIndex=2600, commits[s2:c2600, s0:c2510, s1:c2510]
2019-09-24 16:17:39,069 DEBUG client.GrpcClientProtocolService (GrpcClientProtocolService.java:sendReply(353)) - 36-OrderedRequestStreamObserver36: sendReply seq=2070, RaftClientReply:client-EDB41257C35F->s2@group-5C26748AB2B1, cid=2078, SUCCESS, logIndex=2601, commits[s2:c2605, s0:c2510, s1:c2510]
2019-09-24 16:17:39,069 DEBUG client.GrpcClientProtocolService (GrpcClientProtocolService.java:sendReply(353)) - 36-OrderedRequestStreamObserver36: sendReply seq=2071, RaftClientReply:client-EDB41257C35F->s2@group-5C26748AB2B1, cid=2079, SUCCESS, logIndex=2602, commits[s2:c2605, s0:c2510, s1:c2510]
2019-09-24 16:17:39,070 INFO  impl.LeaderElection (LeaderElection.java:logAndReturn(56)) - s2@group-926153DB23B0-LeaderElection18: Election PASSED; received 1 response(s) [s2<-s1#0:OK-t1] and 0 exception(s); s2@group-926153DB23B0:t1, leader=null, voted=s2, raftlog=s2@group-926153DB23B0-SegmentedRaftLog:OPENED:c-1,f-1,i0, conf=-1: [s0:0.0.0.0:44349, s1:0.0.0.0:45730, s2:0.0.0.0:44794], old=null
2019-09-24 16:17:39,070 DEBUG client.GrpcClientProtocolService (GrpcClientProtocolService.java:sendReply(353)) - 36-OrderedRequestStreamObserver36: sendReply seq=2072, RaftClientReply:client-EDB41257C35F->s2@group-5C26748AB2B1, cid=2080, SUCCESS, logIndex=2603, commits[s2:c2606, s0:c2510, s1:c2510]
2019-09-24 16:17:39,071 DEBUG client.GrpcClientProtocolService (GrpcClientProtocolService.java:sendReply(353)) - 36-OrderedRequestStreamObserver36: sendReply seq=2073, RaftClientReply:client-EDB41257C35F->s2@group-5C26748AB2B1, cid=2081, SUCCESS, logIndex=2604, commits[s2:c2610, s0:c2510, s1:c2510]
2019-09-24 16:17:39,071 DEBUG client.GrpcClientProtocolService (GrpcClientProtocolService.java:sendReply(353)) - 36-OrderedRequestStreamObserver36: sendReply seq=2074, RaftClientReply:client-EDB41257C35F->s2@group-5C26748AB2B1, cid=2082, SUCCESS, logIndex=2605, commits[s2:c2610, s0:c2510, s1:c2510]
2019-09-24 16:17:39,072 DEBUG client.GrpcClientProtocolService (GrpcClientProtocolService.java:sendReply(353)) - 36-OrderedRequestStreamObserver36: sendReply seq=2075, RaftClientReply:client-EDB41257C35F->s2@group-5C26748AB2B1, cid=2083, SUCCESS, logIndex=2606, commits[s2:c2616, s0:c2510, s1:c2510]
2019-09-24 16:17:39,072 INFO  impl.RoleInfo (RoleInfo.java:shutdownLeaderElection(134)) - s2: shutdown LeaderElection
2019-09-24 16:17:39,073 INFO  impl.RaftServerImpl (RaftServerImpl.java:setRole(170)) - s2@group-926153DB23B0: changes role from CANDIDATE to LEADER at term 1 for changeToLeader
2019-09-24 16:17:39,073 INFO  impl.RaftServerImpl (ServerState.java:setLeader(254)) - s2@group-926153DB23B0: change Leader from null to s2 at term 1 for becomeLeader, leader elected after 237ms
2019-09-24 16:17:39,073 INFO  server.RaftServerConfigKeys (ConfUtils.java:logGet(43)) - raft.server.staging.catchup.gap = 1000 (default)
2019-09-24 16:17:39,073 INFO  server.RaftServerConfigKeys (ConfUtils.java:logGet(43)) - raft.server.rpc.sleep.time = 25ms (default)
2019-09-24 16:17:39,073 DEBUG client.GrpcClientProtocolService (GrpcClientProtocolService.java:sendReply(353)) - 36-OrderedRequestStreamObserver36: sendReply seq=2076, RaftClientReply:client-EDB41257C35F->s2@group-5C26748AB2B1, cid=2084, SUCCESS, logIndex=2607, commits[s2:c2616, s0:c2510, s1:c2510]
2019-09-24 16:17:39,074 INFO  server.RaftServerConfigKeys (ConfUtils.java:logGet(43)) - raft.server.write.element-limit = 4096 (default)
2019-09-24 16:17:39,074 INFO  server.RaftServerConfigKeys (ConfUtils.java:logGet(43)) - raft.server.watch.timeout = 10s (default)
2019-09-24 16:17:39,075 INFO  server.RaftServerConfigKeys (ConfUtils.java:logGet(43)) - raft.server.watch.timeout.denomination = 1s (default)
2019-09-24 16:17:39,075 INFO  server.RaftServerConfigKeys (ConfUtils.java:logGet(43)) - raft.server.watch.element-limit = 65536 (default)
2019-09-24 16:17:39,075 DEBUG client.GrpcClientProtocolService (GrpcClientProtocolService.java:sendReply(353)) - 36-OrderedRequestStreamObserver36: sendReply seq=2077, RaftClientReply:client-EDB41257C35F->s2@group-5C26748AB2B1, cid=2085, SUCCESS, logIndex=2608, commits[s2:c2616, s0:c2510, s1:c2510]
2019-09-24 16:17:39,075 DEBUG client.GrpcClientProtocolService (GrpcClientProtocolService.java:sendReply(353)) - 36-OrderedRequestStreamObserver36: sendReply seq=2078, RaftClientReply:client-EDB41257C35F->s2@group-5C26748AB2B1, cid=2086, SUCCESS, logIndex=2609, commits[s2:c2616, s0:c2510, s1:c2519]
2019-09-24 16:17:39,076 DEBUG client.GrpcClientProtocolService (GrpcClientProtocolService.java:sendReply(353)) - 36-OrderedRequestStreamObserver36: sendReply seq=2079, RaftClientReply:client-EDB41257C35F->s2@group-5C26748AB2B1, cid=2087, SUCCESS, logIndex=2610, commits[s2:c2624, s0:c2510, s1:c2519]
2019-09-24 16:17:39,078 DEBUG client.GrpcClientProtocolService (GrpcClientProtocolService.java:sendReply(353)) - 36-OrderedRequestStreamObserver36: sendReply seq=2080, RaftClientReply:client-EDB41257C35F->s2@group-5C26748AB2B1, cid=2088, SUCCESS, logIndex=2611, commits[s2:c2624, s0:c2519, s1:c2519]
2019-09-24 16:17:39,078 DEBUG client.GrpcClientProtocolService (GrpcClientProtocolService.java:sendReply(353)) - 36-OrderedRequestStreamObserver36: sendReply seq=2081, RaftClientReply:client-EDB41257C35F->s2@group-5C26748AB2B1, cid=2089, SUCCESS, logIndex=2612, commits[s2:c2625, s0:c2519, s1:c2519]
2019-09-24 16:17:39,078 DEBUG client.GrpcClientProtocolService (GrpcClientProtocolService.java:sendReply(353)) - 36-OrderedRequestStreamObserver36: sendReply seq=2082, RaftClientReply:client-EDB41257C35F->s2@group-5C26748AB2B1, cid=2090, SUCCESS, logIndex=2613, commits[s2:c2625, s0:c2519, s1:c2519]
2019-09-24 16:17:39,079 DEBUG client.GrpcClientProtocolService (GrpcClientProtocolService.java:sendReply(353)) - 36-OrderedRequestStreamObserver36: sendReply seq=2083, RaftClientReply:client-EDB41257C35F->s2@group-5C26748AB2B1, cid=2091, SUCCESS, logIndex=2614, commits[s2:c2627, s0:c2519, s1:c2521]
2019-09-24 16:17:39,079 DEBUG client.GrpcClientProtocolService (GrpcClientProtocolService.java:sendReply(353)) - 36-OrderedRequestStreamObserver36: sendReply seq=2084, RaftClientReply:client-EDB41257C35F->s2@group-5C26748AB2B1, cid=2092, SUCCESS, logIndex=2615, commits[s2:c2627, s0:c2519, s1:c2528]
2019-09-24 16:17:39,079 INFO  server.RaftServerConfigKeys (ConfUtils.java:logGet(43)) - raft.server.log.appender.snapshot.chunk.size.max = 16MB (=16777216) (default)
2019-09-24 16:17:39,079 INFO  server.RaftServerConfigKeys (ConfUtils.java:logGet(43)) - raft.server.log.appender.buffer.byte-limit = 4MB (=4194304) (default)
2019-09-24 16:17:39,080 INFO  server.RaftServerConfigKeys (ConfUtils.java:logGet(43)) - raft.server.log.appender.buffer.element-limit = 0 (default)
2019-09-24 16:17:39,080 DEBUG client.GrpcClientProtocolService (GrpcClientProtocolService.java:sendReply(353)) - 36-OrderedRequestStreamObserver36: sendReply seq=2085, RaftClientReply:client-EDB41257C35F->s2@group-5C26748AB2B1, cid=2093, SUCCESS, logIndex=2616, commits[s2:c2633, s0:c2539, s1:c2536]
2019-09-24 16:17:39,080 DEBUG client.GrpcClientProtocolService (GrpcClientProtocolService.java:sendReply(353)) - 36-OrderedRequestStreamObserver36: sendReply seq=2086, RaftClientReply:client-EDB41257C35F->s2@group-5C26748AB2B1, cid=2094, SUCCESS, logIndex=2617, commits[s2:c2633, s0:c2559, s1:c2536]
2019-09-24 16:17:39,080 DEBUG client.GrpcClientProtocolService (GrpcClientProtocolService.java:sendReply(353)) - 36-OrderedRequestStreamObserver36: sendReply seq=2087, RaftClientReply:client-EDB41257C35F->s2@group-5C26748AB2B1, cid=2095, SUCCESS, logIndex=2618, commits[s2:c2635, s0:c2559, s1:c2561]
2019-09-24 16:17:39,080 INFO  grpc.GrpcConfigKeys$Server (ConfUtils.java:logGet(43)) - raft.grpc.server.leader.outstanding.appends.max = 128 (default)
2019-09-24 16:17:39,080 DEBUG client.GrpcClientProtocolService (GrpcClientProtocolService.java:sendReply(353)) - 36-OrderedRequestStreamObserver36: sendReply seq=2088, RaftClientReply:client-EDB41257C35F->s2@group-5C26748AB2B1, cid=2096, SUCCESS, logIndex=2625, commits[s2:c2637, s0:c2561, s1:c2561]
2019-09-24 16:17:39,080 INFO  server.RaftServerConfigKeys (ConfUtils.java:logGet(43)) - raft.server.rpc.request.timeout = 3000ms (default)
2019-09-24 16:17:39,080 DEBUG client.GrpcClientProtocolService (GrpcClientProtocolService.java:sendReply(353)) - 36-OrderedRequestStreamObserver36: sendReply seq=2089, RaftClientReply:client-EDB41257C35F->s2@group-5C26748AB2B1, cid=2097, SUCCESS, logIndex=2627, commits[s2:c2637, s0:c2561, s1:c2561]
2019-09-24 16:17:39,080 INFO  server.RaftServerConfigKeys (ConfUtils.java:logGet(43)) - raft.server.log.appender.install.snapshot.enabled = true (default)
2019-09-24 16:17:39,081 DEBUG client.GrpcClientProtocolService (GrpcClientProtocolService.java:sendReply(353)) - 36-OrderedRequestStreamObserver36: sendReply seq=2090, RaftClientReply:client-EDB41257C35F->s2@group-5C26748AB2B1, cid=2098, SUCCESS, logIndex=2631, commits[s2:c2637, s0:c2561, s1:c2561]
2019-09-24 16:17:39,081 DEBUG client.GrpcClientProtocolService (GrpcClientProtocolService.java:sendReply(353)) - 36-OrderedRequestStreamObserver36: sendReply seq=2091, RaftClientReply:client-EDB41257C35F->s2@group-5C26748AB2B1, cid=2099, SUCCESS, logIndex=2635, commits[s2:c2637, s0:c2566, s1:c2561]
2019-09-24 16:17:39,081 INFO  server.RaftServerConfigKeys (ConfUtils.java:logGet(43)) - raft.server.log.appender.snapshot.chunk.size.max = 16MB (=16777216) (default)
2019-09-24 16:17:39,081 INFO  server.RaftServerConfigKeys (ConfUtils.java:logGet(43)) - raft.server.log.appender.buffer.byte-limit = 4MB (=4194304) (default)
2019-09-24 16:17:39,081 DEBUG client.GrpcClientProtocolService (GrpcClientProtocolService.java:sendReply(353)) - 36-OrderedRequestStreamObserver36: sendReply seq=2092, RaftClientReply:client-EDB41257C35F->s2@group-5C26748AB2B1, cid=2100, SUCCESS, logIndex=2637, commits[s2:c2640, s0:c2568, s1:c2561]
2019-09-24 16:17:39,081 INFO  server.RaftServerConfigKeys (ConfUtils.java:logGet(43)) - raft.server.log.appender.buffer.element-limit = 0 (default)
2019-09-24 16:17:39,082 DEBUG client.GrpcClientProtocolService (GrpcClientProtocolService.java:sendReply(353)) - 36-OrderedRequestStreamObserver36: sendReply seq=2093, RaftClientReply:client-EDB41257C35F->s2@group-5C26748AB2B1, cid=2101, SUCCESS, logIndex=2640, commits[s2:c2641, s0:c2568, s1:c2584]
2019-09-24 16:17:39,082 INFO  grpc.GrpcConfigKeys$Server (ConfUtils.java:logGet(43)) - raft.grpc.server.leader.outstanding.appends.max = 128 (default)
2019-09-24 16:17:39,082 DEBUG client.GrpcClientProtocolService (GrpcClientProtocolService.java:sendReply(353)) - 36-OrderedRequestStreamObserver36: sendReply seq=2094, RaftClientReply:client-EDB41257C35F->s2@group-5C26748AB2B1, cid=2102, SUCCESS, logIndex=2643, commits[s2:c2643, s0:c2584, s1:c2585]
2019-09-24 16:17:39,082 INFO  server.RaftServerConfigKeys (ConfUtils.java:logGet(43)) - raft.server.rpc.request.timeout = 3000ms (default)
2019-09-24 16:17:39,082 DEBUG client.GrpcClientProtocolService (GrpcClientProtocolService.java:sendReply(353)) - 36-OrderedRequestStreamObserver36: sendReply seq=2095, RaftClientReply:client-EDB41257C35F->s2@group-5C26748AB2B1, cid=2103, SUCCESS, logIndex=2644, commits[s2:c2644, s0:c2593, s1:c2585]
2019-09-24 16:17:39,082 INFO  server.RaftServerConfigKeys (ConfUtils.java:logGet(43)) - raft.server.log.appender.install.snapshot.enabled = true (default)
2019-09-24 16:17:39,082 INFO  impl.RoleInfo (RoleInfo.java:updateAndGet(143)) - s2: start LeaderState
2019-09-24 16:17:39,083 INFO  segmented.SegmentedRaftLogWorker (SegmentedRaftLogWorker.java:startLogSegment(380)) - s2@group-926153DB23B0-SegmentedRaftLogWorker: Starting segment from index:0
2019-09-24 16:17:39,083 INFO  impl.RaftServerImpl (ServerState.java:setRaftConf(355)) - s2@group-926153DB23B0: set configuration 0: [s0:0.0.0.0:44349, s1:0.0.0.0:45730, s2:0.0.0.0:44794], old=null at 0
2019-09-24 16:17:39,085 INFO  impl.RaftServerImpl (ServerState.java:setLeader(254)) - s1@group-926153DB23B0: change Leader from null to s2 at term 1 for appendEntries, leader elected after 249ms
2019-09-24 16:17:39,086 INFO  impl.RaftServerImpl (ServerState.java:setLeader(254)) - s0@group-926153DB23B0: change Leader from null to s2 at term 1 for appendEntries, leader elected after 250ms
2019-09-24 16:17:39,086 INFO  impl.RaftServerImpl (ServerState.java:setRaftConf(355)) - s1@group-926153DB23B0: set configuration 0: [s0:0.0.0.0:44349, s1:0.0.0.0:45730, s2:0.0.0.0:44794], old=null at 0
2019-09-24 16:17:39,087 INFO  segmented.SegmentedRaftLogWorker (SegmentedRaftLogWorker.java:startLogSegment(380)) - s1@group-926153DB23B0-SegmentedRaftLogWorker: Starting segment from index:0
2019-09-24 16:17:39,087 INFO  impl.RaftServerImpl (ServerState.java:setRaftConf(355)) - s0@group-926153DB23B0: set configuration 0: [s0:0.0.0.0:44349, s1:0.0.0.0:45730, s2:0.0.0.0:44794], old=null at 0
2019-09-24 16:17:39,087 INFO  segmented.SegmentedRaftLogWorker (SegmentedRaftLogWorker.java:startLogSegment(380)) - s0@group-926153DB23B0-SegmentedRaftLogWorker: Starting segment from index:0
2019-09-24 16:17:39,154 DEBUG client.GrpcClientProtocolService (GrpcClientProtocolService.java:sendReply(353)) - 36-OrderedRequestStreamObserver36: sendReply seq=2096, RaftClientReply:client-EDB41257C35F->s2@group-5C26748AB2B1, cid=2104, SUCCESS, logIndex=2646, commits[s2:c2646, s0:c2593, s1:c2594]
2019-09-24 16:17:39,156 DEBUG client.GrpcClientProtocolService (GrpcClientProtocolService.java:sendReply(353)) - 36-OrderedRequestStreamObserver36: sendReply seq=2097, RaftClientReply:client-EDB41257C35F->s2@group-5C26748AB2B1, cid=2105, SUCCESS, logIndex=2647, commits[s2:c2649, s0:c2593, s1:c2594]
2019-09-24 16:17:39,157 DEBUG client.GrpcClientProtocolService (GrpcClientProtocolService.java:sendReply(353)) - 36-OrderedRequestStreamObserver36: sendReply seq=2098, RaftClientReply:client-EDB41257C35F->s2@group-5C26748AB2B1, cid=2106, SUCCESS, logIndex=2648, commits[s2:c2649, s0:c2594, s1:c2594]
2019-09-24 16:17:39,158 DEBUG client.GrpcClientProtocolService (GrpcClientProtocolService.java:sendReply(353)) - 36-OrderedRequestStreamObserver36: sendReply seq=2099, RaftClientReply:client-EDB41257C35F->s2@group-5C26748AB2B1, cid=2107, SUCCESS, logIndex=2649, commits[s2:c2650, s0:c2594, s1:c2594]
2019-09-24 16:17:39,159 DEBUG client.GrpcClientProtocolService (GrpcClientProtocolService.java:sendReply(353)) - 36-OrderedRequestStreamObserver36: sendReply seq=2100, RaftClientReply:client-EDB41257C35F->s2@group-5C26748AB2B1, cid=2108, SUCCESS, logIndex=2650, commits[s2:c2650, s0:c2594, s1:c2594]
2019-09-24 16:17:39,159 DEBUG client.GrpcClientProtocolService (GrpcClientProtocolService.java:sendReply(353)) - 36-OrderedRequestStreamObserver36: sendReply seq=2101, RaftClientReply:client-EDB41257C35F->s2@group-5C26748AB2B1, cid=2109, SUCCESS, logIndex=2651, commits[s2:c2653, s0:c2594, s1:c2594]
2019-09-24 16:17:39,159 DEBUG client.GrpcClientProtocolService (GrpcClientProtocolService.java:sendReply(353)) - 36-OrderedRequestStreamObserver36: sendReply seq=2102, RaftClientReply:client-EDB41257C35F->s2@group-5C26748AB2B1, cid=2110, SUCCESS, logIndex=2652, commits[s2:c2653, s0:c2594, s1:c2594]
2019-09-24 16:17:39,160 DEBUG client.GrpcClientProtocolService (GrpcClientProtocolService.java:sendReply(353)) - 36-OrderedRequestStreamObserver36: sendReply seq=2103, RaftClientReply:client-EDB41257C35F->s2@group-5C26748AB2B1, cid=2111, SUCCESS, logIndex=2653, commits[s2:c2657, s0:c2594, s1:c2594]
2019-09-24 16:17:39,163 DEBUG client.GrpcClientProtocolService (GrpcClientProtocolService.java:sendReply(353)) - 36-OrderedRequestStreamObserver36: sendReply seq=2104, RaftClientReply:client-EDB41257C35F->s2@group-5C26748AB2B1, cid=2112, SUCCESS, logIndex=2654, commits[s2:c2657, s0:c2594, s1:c2594]
2019-09-24 16:17:39,163 DEBUG client.GrpcClientProtocolService (GrpcClientProtocolService.java:sendReply(353)) - 36-OrderedRequestStreamObserver36: sendReply seq=2105, RaftClientReply:client-EDB41257C35F->s2@group-5C26748AB2B1, cid=2113, SUCCESS, logIndex=2655, commits[s2:c2657, s0:c2594, s1:c2594]
2019-09-24 16:17:39,164 DEBUG client.GrpcClientProtocolService (GrpcClientProtocolService.java:sendReply(353)) - 36-OrderedRequestStreamObserver36: sendReply seq=2106, RaftClientReply:client-EDB41257C35F->s2@group-5C26748AB2B1, cid=2114, SUCCESS, logIndex=2656, commits[s2:c2657, s0:c2594, s1:c2594]
2019-09-24 16:17:39,164 DEBUG client.GrpcClientProtocolService (GrpcClientProtocolService.java:sendReply(353)) - 36-OrderedRequestStreamObserver36: sendReply seq=2107, RaftClientReply:client-EDB41257C35F->s2@group-5C26748AB2B1, cid=2115, SUCCESS, logIndex=2657, commits[s2:c2657, s0:c2594, s1:c2594]
2019-09-24 16:17:39,164 DEBUG client.GrpcClientProtocolService (GrpcClientProtocolService.java:sendReply(353)) - 36-OrderedRequestStreamObserver36: sendReply seq=2108, RaftClientReply:client-EDB41257C35F->s2@group-5C26748AB2B1, cid=2116, SUCCESS, logIndex=2658, commits[s2:c2663, s0:c2594, s1:c2594]
2019-09-24 16:17:39,165 DEBUG client.GrpcClientProtocolService (GrpcClientProtocolService.java:sendReply(353)) - 36-OrderedRequestStreamObserver36: sendReply seq=2109, RaftClientReply:client-EDB41257C35F->s2@group-5C26748AB2B1, cid=2117, SUCCESS, logIndex=2659, commits[s2:c2663, s0:c2594, s1:c2594]
2019-09-24 16:17:39,166 DEBUG client.GrpcClientProtocolService (GrpcClientProtocolService.java:sendReply(353)) - 36-OrderedRequestStreamObserver36: sendReply seq=2110, RaftClientReply:client-EDB41257C35F->s2@group-5C26748AB2B1, cid=2118, SUCCESS, logIndex=2660, commits[s2:c2671, s0:c2594, s1:c2594]
2019-09-24 16:17:39,167 DEBUG client.GrpcClientProtocolService (GrpcClientProtocolService.java:sendReply(353)) - 36-OrderedRequestStreamObserver36: sendReply seq=2111, RaftClientReply:client-EDB41257C35F->s2@group-5C26748AB2B1, cid=2119, SUCCESS, logIndex=2661, commits[s2:c2671, s0:c2594, s1:c2594]
2019-09-24 16:17:39,167 DEBUG client.GrpcClientProtocolService (GrpcClientProtocolService.java:sendReply(353)) - 36-OrderedRequestStreamObserver36: sendReply seq=2112, RaftClientReply:client-EDB41257C35F->s2@group-5C26748AB2B1, cid=2120, SUCCESS, logIndex=2662, commits[s2:c2671, s0:c2594, s1:c2594]
2019-09-24 16:17:39,169 DEBUG client.GrpcClientProtocolService (GrpcClientProtocolService.java:sendReply(353)) - 36-OrderedRequestStreamObserver36: sendReply seq=2113, RaftClientReply:client-EDB41257C35F->s2@group-5C26748AB2B1, cid=2121, SUCCESS, logIndex=2663, commits[s2:c2671, s0:c2594, s1:c2594]
2019-09-24 16:17:39,171 DEBUG client.GrpcClientProtocolService (GrpcClientProtocolService.java:sendReply(353)) - 36-OrderedRequestStreamObserver36: sendReply seq=2114, RaftClientReply:client-EDB41257C35F->s2@group-5C26748AB2B1, cid=2122, SUCCESS, logIndex=2664, commits[s2:c2671, s0:c2594, s1:c2594]
2019-09-24 16:17:39,172 DEBUG client.GrpcClientProtocolService (GrpcClientProtocolService.java:sendReply(353)) - 36-OrderedRequestStreamObserver36: sendReply seq=2115, RaftClientReply:client-EDB41257C35F->s2@group-5C26748AB2B1, cid=2123, SUCCESS, logIndex=2665, commits[s2:c2678, s0:c2594, s1:c2594]
2019-09-24 16:17:39,172 DEBUG client.GrpcClientProtocolService (GrpcClientProtocolService.java:sendReply(353)) - 36-OrderedRequestStreamObserver36: sendReply seq=2116, RaftClientReply:client-EDB41257C35F->s2@group-5C26748AB2B1, cid=2124, SUCCESS, logIndex=2666, commits[s2:c2678, s0:c2594, s1:c2594]
2019-09-24 16:17:39,172 DEBUG client.GrpcClientProtocolService (GrpcClientProtocolService.java:sendReply(353)) - 36-OrderedRequestStreamObserver36: sendReply seq=2117, RaftClientReply:client-EDB41257C35F->s2@group-5C26748AB2B1, cid=2125, SUCCESS, logIndex=2667, commits[s2:c2678, s0:c2594, s1:c2594]
2019-09-24 16:17:39,177 DEBUG client.GrpcClientProtocolService (GrpcClientProtocolService.java:sendReply(353)) - 36-OrderedRequestStreamObserver36: sendReply seq=2118, RaftClientReply:client-EDB41257C35F->s2@group-5C26748AB2B1, cid=2126, SUCCESS, logIndex=2668, commits[s2:c2682, s0:c2594, s1:c2594]
2019-09-24 16:17:39,177 DEBUG client.GrpcClientProtocolService (GrpcClientProtocolService.java:sendReply(353)) - 36-OrderedRequestStreamObserver36: sendReply seq=2119, RaftClientReply:client-EDB41257C35F->s2@group-5C26748AB2B1, cid=2127, SUCCESS, logIndex=2669, commits[s2:c2682, s0:c2594, s1:c2594]
2019-09-24 16:17:39,177 DEBUG client.GrpcClientProtocolService (GrpcClientProtocolService.java:sendReply(353)) - 36-OrderedRequestStreamObserver36: sendReply seq=2120, RaftClientReply:client-EDB41257C35F->s2@group-5C26748AB2B1, cid=2128, SUCCESS, logIndex=2670, commits[s2:c2683, s0:c2594, s1:c2594]
2019-09-24 16:17:39,180 DEBUG client.GrpcClientProtocolService (GrpcClientProtocolService.java:sendReply(353)) - 36-OrderedRequestStreamObserver36: sendReply seq=2121, RaftClientReply:client-EDB41257C35F->s2@group-5C26748AB2B1, cid=2129, SUCCESS, logIndex=2671, commits[s2:c2685, s0:c2594, s1:c2594]
2019-09-24 16:17:39,182 DEBUG client.GrpcClientProtocolService (GrpcClientProtocolService.java:sendReply(353)) - 36-OrderedRequestStreamObserver36: sendReply seq=2122, RaftClientReply:client-EDB41257C35F->s2@group-5C26748AB2B1, cid=2130, SUCCESS, logIndex=2672, commits[s2:c2685, s0:c2594, s1:c2594]
2019-09-24 16:17:39,183 DEBUG client.GrpcClientProtocolService (GrpcClientProtocolService.java:sendReply(353)) - 36-OrderedRequestStreamObserver36: sendReply seq=2123, RaftClientReply:client-EDB41257C35F->s2@group-5C26748AB2B1, cid=2131, SUCCESS, logIndex=2673, commits[s2:c2689, s0:c2594, s1:c2594]
2019-09-24 16:17:39,184 DEBUG client.GrpcClientProtocolService (GrpcClientProtocolService.java:sendReply(353)) - 36-OrderedRequestStreamObserver36: sendReply seq=2124, RaftClientReply:client-EDB41257C35F->s2@group-5C26748AB2B1, cid=2132, SUCCESS, logIndex=2674, commits[s2:c2698, s0:c2594, s1:c2594]
2019-09-24 16:17:39,184 DEBUG client.GrpcClientProtocolService (GrpcClientProtocolService.java:sendReply(353)) - 36-OrderedRequestStreamObserver36: sendReply seq=2125, RaftClientReply:client-EDB41257C35F->s2@group-5C26748AB2B1, cid=2133, SUCCESS, logIndex=2675, commits[s2:c2698, s0:c2594, s1:c2594]
2019-09-24 16:17:39,184 DEBUG client.GrpcClientProtocolService (GrpcClientProtocolService.java:sendReply(353)) - 36-OrderedRequestStreamObserver36: sendReply seq=2126, RaftClientReply:client-EDB41257C35F->s2@group-5C26748AB2B1, cid=2134, SUCCESS, logIndex=2676, commits[s2:c2698, s0:c2594, s1:c2594]
2019-09-24 16:17:39,187 DEBUG client.GrpcClientProtocolService (GrpcClientProtocolService.java:sendReply(353)) - 36-OrderedRequestStreamObserver36: sendReply seq=2127, RaftClientReply:client-EDB41257C35F->s2@group-5C26748AB2B1, cid=2135, SUCCESS, logIndex=2677, commits[s2:c2701, s0:c2594, s1:c2594]
2019-09-24 16:17:39,190 DEBUG client.GrpcClientProtocolService (GrpcClientProtocolService.java:sendReply(353)) - 36-OrderedRequestStreamObserver36: sendReply seq=2128, RaftClientReply:client-EDB41257C35F->s2@group-5C26748AB2B1, cid=2136, SUCCESS, logIndex=2678, commits[s2:c2705, s0:c2594, s1:c2594]
2019-09-24 16:17:39,191 DEBUG client.GrpcClientProtocolService (GrpcClientProtocolService.java:sendReply(353)) - 36-OrderedRequestStreamObserver36: sendReply seq=2129, RaftClientReply:client-EDB41257C35F->s2@group-5C26748AB2B1, cid=2137, SUCCESS, logIndex=2679, commits[s2:c2705, s0:c2594, s1:c2594]
2019-09-24 16:17:39,191 DEBUG client.GrpcClientProtocolService (GrpcClientProtocolService.java:sendReply(353)) - 36-OrderedRequestStreamObserver36: sendReply seq=2130, RaftClientReply:client-EDB41257C35F->s2@group-5C26748AB2B1, cid=2138, SUCCESS, logIndex=2680, commits[s2:c2714, s0:c2594, s1:c2594]
2019-09-24 16:17:39,192 DEBUG client.GrpcClientProtocolService (GrpcClientProtocolService.java:sendReply(353)) - 36-OrderedRequestStreamObserver36: sendReply seq=2131, RaftClientReply:client-EDB41257C35F->s2@group-5C26748AB2B1, cid=2139, SUCCESS, logIndex=2681, commits[s2:c2714, s0:c2624, s1:c2598]
2019-09-24 16:17:39,192 DEBUG client.GrpcClientProtocolService (GrpcClientProtocolService.java:sendReply(353)) - 36-OrderedRequestStreamObserver36: sendReply seq=2132, RaftClientReply:client-EDB41257C35F->s2@group-5C26748AB2B1, cid=2140, SUCCESS, logIndex=2682, commits[s2:c2717, s0:c2624, s1:c2598]
2019-09-24 16:17:39,193 DEBUG client.GrpcClientProtocolService (GrpcClientProtocolService.java:sendReply(353)) - 36-OrderedRequestStreamObserver36: sendReply seq=2133, RaftClientReply:client-EDB41257C35F->s2@group-5C26748AB2B1, cid=2141, SUCCESS, logIndex=2683, commits[s2:c2717, s0:c2627, s1:c2598]
2019-09-24 16:17:39,193 DEBUG client.GrpcClientProtocolService (GrpcClientProtocolService.java:sendReply(353)) - 36-OrderedRequestStreamObserver36: sendReply seq=2134, RaftClientReply:client-EDB41257C35F->s2@group-5C26748AB2B1, cid=2142, SUCCESS, logIndex=2684, commits[s2:c2717, s0:c2635, s1:c2606]
2019-09-24 16:17:39,193 DEBUG client.GrpcClientProtocolService (GrpcClientProtocolService.java:sendReply(353)) - 36-OrderedRequestStreamObserver36: sendReply seq=2135, RaftClientReply:client-EDB41257C35F->s2@group-5C26748AB2B1, cid=2143, SUCCESS, logIndex=2685, commits[s2:c2717, s0:c2635, s1:c2624]
2019-09-24 16:17:39,194 DEBUG client.GrpcClientProtocolService (GrpcClientProtocolService.java:sendReply(353)) - 36-OrderedRequestStreamObserver36: sendReply seq=2136, RaftClientReply:client-EDB41257C35F->s2@group-5C26748AB2B1, cid=2144, SUCCESS, logIndex=2686, commits[s2:c2717, s0:c2640, s1:c2624]
2019-09-24 16:17:39,194 DEBUG client.GrpcClientProtocolService (GrpcClientProtocolService.java:sendReply(353)) - 36-OrderedRequestStreamObserver36: sendReply seq=2137, RaftClientReply:client-EDB41257C35F->s2@group-5C26748AB2B1, cid=2145, SUCCESS, logIndex=2687, commits[s2:c2717, s0:c2643, s1:c2624]
2019-09-24 16:17:39,194 DEBUG client.GrpcClientProtocolService (GrpcClientProtocolService.java:sendReply(353)) - 36-OrderedRequestStreamObserver36: sendReply seq=2138, RaftClientReply:client-EDB41257C35F->s2@group-5C26748AB2B1, cid=2146, SUCCESS, logIndex=2688, commits[s2:c2717, s0:c2643, s1:c2624]
2019-09-24 16:17:39,194 DEBUG client.GrpcClientProtocolService (GrpcClientProtocolService.java:sendReply(353)) - 36-OrderedRequestStreamObserver36: sendReply seq=2139, RaftClientReply:client-EDB41257C35F->s2@group-5C26748AB2B1, cid=2147, SUCCESS, logIndex=2689, commits[s2:c2717, s0:c2643, s1:c2627]
2019-09-24 16:17:39,195 DEBUG client.GrpcClientProtocolService (GrpcClientProtocolService.java:sendReply(353)) - 36-OrderedRequestStreamObserver36: sendReply seq=2140, RaftClientReply:client-EDB41257C35F->s2@group-5C26748AB2B1, cid=2148, SUCCESS, logIndex=2690, commits[s2:c2717, s0:c2643, s1:c2637]
2019-09-24 16:17:39,195 DEBUG client.GrpcClientProtocolService (GrpcClientProtocolService.java:sendReply(353)) - 36-OrderedRequestStreamObserver36: sendReply seq=2141, RaftClientReply:client-EDB41257C35F->s2@group-5C26748AB2B1, cid=2149, SUCCESS, logIndex=2691, commits[s2:c2717, s0:c2643, s1:c2640]
2019-09-24 16:17:39,195 DEBUG client.GrpcClientProtocolService (GrpcClientProtocolService.java:sendReply(353)) - 36-OrderedRequestStreamObserver36: sendReply seq=2142, RaftClientReply:client-EDB41257C35F->s2@group-5C26748AB2B1, cid=2150, SUCCESS, logIndex=2692, commits[s2:c2717, s0:c2643, s1:c2640]
2019-09-24 16:17:39,195 DEBUG client.GrpcClientProtocolService (GrpcClientProtocolService.java:sendReply(353)) - 36-OrderedRequestStreamObserver36: sendReply seq=2143, RaftClientReply:client-EDB41257C35F->s2@group-5C26748AB2B1, cid=2151, SUCCESS, logIndex=2693, commits[s2:c2717, s0:c2643, s1:c2640]
2019-09-24 16:17:39,196 DEBUG client.GrpcClientProtocolService (GrpcClientProtocolService.java:sendReply(353)) - 36-OrderedRequestStreamObserver36: sendReply seq=2144, RaftClientReply:client-EDB41257C35F->s2@group-5C26748AB2B1, cid=2152, SUCCESS, logIndex=2694, commits[s2:c2717, s0:c2643, s1:c2640]
2019-09-24 16:17:39,196 DEBUG client.GrpcClientProtocolService (GrpcClientProtocolService.java:sendReply(353)) - 36-OrderedRequestStreamObserver36: sendReply seq=2145, RaftClientReply:client-EDB41257C35F->s2@group-5C26748AB2B1, cid=2153, SUCCESS, logIndex=2695, commits[s2:c2717, s0:c2643, s1:c2640]
2019-09-24 16:17:39,196 DEBUG client.GrpcClientProtocolService (GrpcClientProtocolService.java:sendReply(353)) - 36-OrderedRequestStreamObserver36: sendReply seq=2146, RaftClientReply:client-EDB41257C35F->s2@group-5C26748AB2B1, cid=2154, SUCCESS, logIndex=2696, commits[s2:c2717, s0:c2643, s1:c2640]
2019-09-24 16:17:39,196 DEBUG client.GrpcClientProtocolService (GrpcClientProtocolService.java:sendReply(353)) - 36-OrderedRequestStreamObserver36: sendReply seq=2147, RaftClientReply:client-EDB41257C35F->s2@group-5C26748AB2B1, cid=2155, SUCCESS, logIndex=2697, commits[s2:c2717, s0:c2643, s1:c2640]
2019-09-24 16:17:39,196 DEBUG client.GrpcClientProtocolService (GrpcClientProtocolService.java:sendReply(353)) - 36-OrderedRequestStreamObserver36: sendReply seq=2148, RaftClientReply:client-EDB41257C35F->s2@group-5C26748AB2B1, cid=2156, SUCCESS, logIndex=2698, commits[s2:c2717, s0:c2643, s1:c2640]
2019-09-24 16:17:39,196 DEBUG client.GrpcClientProtocolService (GrpcClientProtocolService.java:sendReply(353)) - 36-OrderedRequestStreamObserver36: sendReply seq=2149, RaftClientReply:client-EDB41257C35F->s2@group-5C26748AB2B1, cid=2157, SUCCESS, logIndex=2699, commits[s2:c2717, s0:c2643, s1:c2640]
2019-09-24 16:17:39,197 DEBUG client.GrpcClientProtocolService (GrpcClientProtocolService.java:sendReply(353)) - 36-OrderedRequestStreamObserver36: sendReply seq=2150, RaftClientReply:client-EDB41257C35F->s2@group-5C26748AB2B1, cid=2158, SUCCESS, logIndex=2700, commits[s2:c2717, s0:c2643, s1:c2640]
2019-09-24 16:17:39,197 DEBUG client.GrpcClientProtocolService (GrpcClientProtocolService.java:sendReply(353)) - 36-OrderedRequestStreamObserver36: sendReply seq=2151, RaftClientReply:client-EDB41257C35F->s2@group-5C26748AB2B1, cid=2159, SUCCESS, logIndex=2701, commits[s2:c2717, s0:c2643, s1:c2640]
2019-09-24 16:17:39,197 DEBUG client.GrpcClientProtocolService (GrpcClientProtocolService.java:sendReply(353)) - 36-OrderedRequestStreamObserver36: sendReply seq=2152, RaftClientReply:client-EDB41257C35F->s2@group-5C26748AB2B1, cid=2160, SUCCESS, logIndex=2702, commits[s2:c2717, s0:c2643, s1:c2640]
2019-09-24 16:17:39,197 DEBUG client.GrpcClientProtocolService (GrpcClientProtocolService.java:sendReply(353)) - 36-OrderedRequestStreamObserver36: sendReply seq=2153, RaftClientReply:client-EDB41257C35F->s2@group-5C26748AB2B1, cid=2161, SUCCESS, logIndex=2703, commits[s2:c2717, s0:c2643, s1:c2640]
2019-09-24 16:17:39,197 DEBUG client.GrpcClientProtocolService (GrpcClientProtocolService.java:sendReply(353)) - 36-OrderedRequestStreamObserver36: sendReply seq=2154, RaftClientReply:client-EDB41257C35F->s2@group-5C26748AB2B1, cid=2162, SUCCESS, logIndex=2704, commits[s2:c2717, s0:c2643, s1:c2640]
2019-09-24 16:17:39,197 DEBUG client.GrpcClientProtocolService (GrpcClientProtocolService.java:sendReply(353)) - 36-OrderedRequestStreamObserver36: sendReply seq=2155, RaftClientReply:client-EDB41257C35F->s2@group-5C26748AB2B1, cid=2163, SUCCESS, logIndex=2705, commits[s2:c2717, s0:c2643, s1:c2640]
2019-09-24 16:17:39,197 DEBUG client.GrpcClientProtocolService (GrpcClientProtocolService.java:sendReply(353)) - 36-OrderedRequestStreamObserver36: sendReply seq=2156, RaftClientReply:client-EDB41257C35F->s2@group-5C26748AB2B1, cid=2164, SUCCESS, logIndex=2706, commits[s2:c2717, s0:c2643, s1:c2640]
2019-09-24 16:17:39,197 DEBUG client.GrpcClientProtocolService (GrpcClientProtocolService.java:sendReply(353)) - 36-OrderedRequestStreamObserver36: sendReply seq=2157, RaftClientReply:client-EDB41257C35F->s2@group-5C26748AB2B1, cid=2165, SUCCESS, logIndex=2707, commits[s2:c2717, s0:c2643, s1:c2640]
2019-09-24 16:17:39,197 DEBUG client.GrpcClientProtocolService (GrpcClientProtocolService.java:sendReply(353)) - 36-OrderedRequestStreamObserver36: sendReply seq=2158, RaftClientReply:client-EDB41257C35F->s2@group-5C26748AB2B1, cid=2166, SUCCESS, logIndex=2708, commits[s2:c2717, s0:c2643, s1:c2640]
2019-09-24 16:17:39,197 DEBUG client.GrpcClientProtocolService (GrpcClientProtocolService.java:sendReply(353)) - 36-OrderedRequestStreamObserver36: sendReply seq=2159, RaftClientReply:client-EDB41257C35F->s2@group-5C26748AB2B1, cid=2167, SUCCESS, logIndex=2709, commits[s2:c2717, s0:c2643, s1:c2640]
2019-09-24 16:17:39,197 DEBUG client.GrpcClientProtocolService (GrpcClientProtocolService.java:sendReply(353)) - 36-OrderedRequestStreamObserver36: sendReply seq=2160, RaftClientReply:client-EDB41257C35F->s2@group-5C26748AB2B1, cid=2168, SUCCESS, logIndex=2710, commits[s2:c2717, s0:c2643, s1:c2640]
2019-09-24 16:17:39,197 DEBUG client.GrpcClientProtocolService (GrpcClientProtocolService.java:sendReply(353)) - 36-OrderedRequestStreamObserver36: sendReply seq=2161, RaftClientReply:client-EDB41257C35F->s2@group-5C26748AB2B1, cid=2169, SUCCESS, logIndex=2711, commits[s2:c2717, s0:c2643, s1:c2640]
2019-09-24 16:17:39,198 DEBUG client.GrpcClientProtocolService (GrpcClientProtocolService.java:sendReply(353)) - 36-OrderedRequestStreamObserver36: sendReply seq=2162, RaftClientReply:client-EDB41257C35F->s2@group-5C26748AB2B1, cid=2170, SUCCESS, logIndex=2712, commits[s2:c2717, s0:c2643, s1:c2640]
2019-09-24 16:17:39,198 DEBUG client.GrpcClientProtocolService (GrpcClientProtocolService.java:sendReply(353)) - 36-OrderedRequestStreamObserver36: sendReply seq=2163, RaftClientReply:client-EDB41257C35F->s2@group-5C26748AB2B1, cid=2171, SUCCESS, logIndex=2713, commits[s2:c2717, s0:c2643, s1:c2640]
2019-09-24 16:17:39,198 DEBUG client.GrpcClientProtocolService (GrpcClientProtocolService.java:sendReply(353)) - 36-OrderedRequestStreamObserver36: sendReply seq=2164, RaftClientReply:client-EDB41257C35F->s2@group-5C26748AB2B1, cid=2172, SUCCESS, logIndex=2714, commits[s2:c2717, s0:c2643, s1:c2640]
2019-09-24 16:17:39,198 DEBUG client.GrpcClientProtocolService (GrpcClientProtocolService.java:sendReply(353)) - 36-OrderedRequestStreamObserver36: sendReply seq=2165, RaftClientReply:client-EDB41257C35F->s2@group-5C26748AB2B1, cid=2173, SUCCESS, logIndex=2715, commits[s2:c2717, s0:c2643, s1:c2640]
2019-09-24 16:17:39,198 DEBUG client.GrpcClientProtocolService (GrpcClientProtocolService.java:sendReply(353)) - 36-OrderedRequestStreamObserver36: sendReply seq=2166, RaftClientReply:client-EDB41257C35F->s2@group-5C26748AB2B1, cid=2174, SUCCESS, logIndex=2716, commits[s2:c2717, s0:c2643, s1:c2640]
2019-09-24 16:17:39,326 INFO  ratis.RaftTestUtil (RaftTestUtil.java:waitForLeader(101)) - printing ALL groups
  s0:  RUNNING  FOLLOWER s0@group-926153DB23B0:t1, leader=s2, voted=s2, raftlog=s0@group-926153DB23B0-SegmentedRaftLog:OPENED:c-1,f-1,i0, conf=0: [s0:0.0.0.0:44349, s1:0.0.0.0:45730, s2:0.0.0.0:44794], old=null RUNNING
  s1:  RUNNING  FOLLOWER s1@group-926153DB23B0:t1, leader=s2, voted=s2, raftlog=s1@group-926153DB23B0-SegmentedRaftLog:OPENED:c-1,f-1,i0, conf=0: [s0:0.0.0.0:44349, s1:0.0.0.0:45730, s2:0.0.0.0:44794], old=null RUNNING
  s2:  RUNNING    LEADER s2@group-926153DB23B0:t1, leader=s2, voted=s2, raftlog=s2@group-926153DB23B0-SegmentedRaftLog:OPENED:c-1,f-1,i0, conf=0: [s0:0.0.0.0:44349, s1:0.0.0.0:45730, s2:0.0.0.0:44794], old=null RUNNING
2019-09-24 16:17:39,328 INFO  grpc.TestRaftOutputStreamWithGrpc (OutputStreamBaseTest.java:lambda$runTestKillLeader$2(277)) - Writer thread starts
2019-09-24 16:17:39,334 DEBUG client.GrpcClientProtocolService (GrpcClientProtocolService.java:<init>(175)) - new 0-OrderedRequestStreamObserver0
2019-09-24 16:17:39,335 DEBUG client.GrpcClientProtocolService (GrpcClientProtocolService.java:sendReply(353)) - 0-OrderedRequestStreamObserver0: sendReply seq=1, RaftClientReply:client-FBE51ED1F687->s0@group-926153DB23B0, cid=2275, FAILED org.apache.ratis.protocol.NotLeaderException: Server s0@group-926153DB23B0 is not the leader s2:0.0.0.0:44794, logIndex=0, commits[s0:c-1, s1:c-1, s2:c-1]
2019-09-24 16:17:39,339 DEBUG client.GrpcClientProtocolService (GrpcClientProtocolService.java:close(374)) - 0-OrderedRequestStreamObserver0: close
2019-09-24 16:17:39,343 DEBUG client.GrpcClientProtocolService (GrpcClientProtocolService.java:<init>(175)) - new 0-OrderedRequestStreamObserver0
2019-09-24 16:17:39,344 DEBUG client.GrpcClientProtocolService (GrpcClientProtocolService.java:sendReply(353)) - 0-OrderedRequestStreamObserver0: sendReply seq=1, RaftClientReply:client-FBE51ED1F687->s2@group-926153DB23B0, cid=2275, FAILED org.apache.ratis.protocol.LeaderNotReadyException: s2@group-926153DB23B0 is in LEADER state but not ready yet., logIndex=0, commits[s2:c-1, s0:c-1, s1:c-1]
2019-09-24 16:17:39,445 DEBUG client.GrpcClientProtocolService (GrpcClientProtocolService.java:close(374)) - 0-OrderedRequestStreamObserver0: close
2019-09-24 16:17:39,505 INFO  segmented.SegmentedRaftLogWorker (SegmentedRaftLogWorker.java:execute(569)) - s2@group-926153DB23B0-SegmentedRaftLogWorker: created new log segment /workdir/ratis-test/target/test/data/9f1a7c06/MiniRaftClusterWithGrpc509d369e/s2/9cc6f171-e8a8-44f4-b656-926153db23b0/current/log_inprogress_0
2019-09-24 16:17:39,505 INFO  segmented.SegmentedRaftLogWorker (SegmentedRaftLogWorker.java:execute(569)) - s1@group-926153DB23B0-SegmentedRaftLogWorker: created new log segment /workdir/ratis-test/target/test/data/9f1a7c06/MiniRaftClusterWithGrpc509d369e/s1/9cc6f171-e8a8-44f4-b656-926153db23b0/current/log_inprogress_0
2019-09-24 16:17:39,505 INFO  segmented.SegmentedRaftLogWorker (SegmentedRaftLogWorker.java:execute(569)) - s0@group-926153DB23B0-SegmentedRaftLogWorker: created new log segment /workdir/ratis-test/target/test/data/9f1a7c06/MiniRaftClusterWithGrpc509d369e/s0/9cc6f171-e8a8-44f4-b656-926153db23b0/current/log_inprogress_0
2019-09-24 16:17:39,505 DEBUG client.GrpcClientProtocolService (GrpcClientProtocolService.java:sendReply(353)) - 36-OrderedRequestStreamObserver36: sendReply seq=2167, RaftClientReply:client-EDB41257C35F->s2@group-5C26748AB2B1, cid=2175, SUCCESS, logIndex=2725, commits[s2:c2732, s0:c2643, s1:c2640]
2019-09-24 16:17:39,506 DEBUG client.GrpcClientProtocolService (GrpcClientProtocolService.java:sendReply(353)) - 36-OrderedRequestStreamObserver36: sendReply seq=2168, RaftClientReply:client-EDB41257C35F->s2@group-5C26748AB2B1, cid=2176, SUCCESS, logIndex=2728, commits[s2:c2732, s0:c2643, s1:c2640]
2019-09-24 16:17:39,509 DEBUG client.GrpcClientProtocolService (GrpcClientProtocolService.java:sendReply(353)) - 36-OrderedRequestStreamObserver36: sendReply seq=2169, RaftClientReply:client-EDB41257C35F->s2@group-5C26748AB2B1, cid=2177, SUCCESS, logIndex=2734, commits[s2:c2734, s0:c2717, s1:c2717]
2019-09-24 16:17:39,510 DEBUG client.GrpcClientProtocolService (GrpcClientProtocolService.java:sendReply(353)) - 36-OrderedRequestStreamObserver36: sendReply seq=2170, RaftClientReply:client-EDB41257C35F->s2@group-5C26748AB2B1, cid=2178, SUCCESS, logIndex=2735, commits[s2:c2738, s0:c2717, s1:c2717]
2019-09-24 16:17:39,515 DEBUG client.GrpcClientProtocolService (GrpcClientProtocolService.java:sendReply(353)) - 36-OrderedRequestStreamObserver36: sendReply seq=2171, RaftClientReply:client-EDB41257C35F->s2@group-5C26748AB2B1, cid=2179, SUCCESS, logIndex=2736, commits[s2:c2738, s0:c2717, s1:c2717]
2019-09-24 16:17:39,518 DEBUG client.GrpcClientProtocolService (GrpcClientProtocolService.java:sendReply(353)) - 36-OrderedRequestStreamObserver36: sendReply seq=2172, RaftClientReply:client-EDB41257C35F->s2@group-5C26748AB2B1, cid=2180, SUCCESS, logIndex=2737, commits[s2:c2739, s0:c2717, s1:c2717]
2019-09-24 16:17:39,519 DEBUG client.GrpcClientProtocolService (GrpcClientProtocolService.java:sendReply(353)) - 36-OrderedRequestStreamObserver36: sendReply seq=2173, RaftClientReply:client-EDB41257C35F->s2@group-5C26748AB2B1, cid=2181, SUCCESS, logIndex=2738, commits[s2:c2739, s0:c2717, s1:c2717]
2019-09-24 16:17:39,521 DEBUG client.GrpcClientProtocolService (GrpcClientProtocolService.java:sendReply(353)) - 36-OrderedRequestStreamObserver36: sendReply seq=2174, RaftClientReply:client-EDB41257C35F->s2@group-5C26748AB2B1, cid=2182, SUCCESS, logIndex=2739, commits[s2:c2745, s0:c2717, s1:c2717]
2019-09-24 16:17:39,522 DEBUG client.GrpcClientProtocolService (GrpcClientProtocolService.java:sendReply(353)) - 36-OrderedRequestStreamObserver36: sendReply seq=2175, RaftClientReply:client-EDB41257C35F->s2@group-5C26748AB2B1, cid=2183, SUCCESS, logIndex=2740, commits[s2:c2748, s0:c2717, s1:c2717]
2019-09-24 16:17:39,523 DEBUG client.GrpcClientProtocolService (GrpcClientProtocolService.java:sendReply(353)) - 36-OrderedRequestStreamObserver36: sendReply seq=2176, RaftClientReply:client-EDB41257C35F->s2@group-5C26748AB2B1, cid=2184, SUCCESS, logIndex=2741, commits[s2:c2757, s0:c2717, s1:c2717]
2019-09-24 16:17:39,523 DEBUG client.GrpcClientProtocolService (GrpcClientProtocolService.java:sendReply(353)) - 36-OrderedRequestStreamObserver36: sendReply seq=2177, RaftClientReply:client-EDB41257C35F->s2@group-5C26748AB2B1, cid=2185, SUCCESS, logIndex=2742, commits[s2:c2765, s0:c2717, s1:c2717]
2019-09-24 16:17:39,523 DEBUG client.GrpcClientProtocolService (GrpcClientProtocolService.java:sendReply(353)) - 36-OrderedRequestStreamObserver36: sendReply seq=2178, RaftClientReply:client-EDB41257C35F->s2@group-5C26748AB2B1, cid=2186, SUCCESS, logIndex=2743, commits[s2:c2769, s0:c2717, s1:c2717]
2019-09-24 16:17:39,524 DEBUG client.GrpcClientProtocolService (GrpcClientProtocolService.java:sendReply(353)) - 36-OrderedRequestStreamObserver36: sendReply seq=2179, RaftClientReply:client-EDB41257C35F->s2@group-5C26748AB2B1, cid=2187, SUCCESS, logIndex=2744, commits[s2:c2769, s0:c2717, s1:c2717]
2019-09-24 16:17:39,524 DEBUG client.GrpcClientProtocolService (GrpcClientProtocolService.java:sendReply(353)) - 36-OrderedRequestStreamObserver36: sendReply seq=2180, RaftClientReply:client-EDB41257C35F->s2@group-5C26748AB2B1, cid=2188, SUCCESS, logIndex=2745, commits[s2:c2786, s0:c2717, s1:c2717]
2019-09-24 16:17:39,526 DEBUG client.GrpcClientProtocolService (GrpcClientProtocolService.java:sendReply(353)) - 36-OrderedRequestStreamObserver36: sendReply seq=2181, RaftClientReply:client-EDB41257C35F->s2@group-5C26748AB2B1, cid=2189, SUCCESS, logIndex=2746, commits[s2:c2786, s0:c2717, s1:c2717]
2019-09-24 16:17:39,526 DEBUG client.GrpcClientProtocolService (GrpcClientProtocolService.java:sendReply(353)) - 36-OrderedRequestStreamObserver36: sendReply seq=2182, RaftClientReply:client-EDB41257C35F->s2@group-5C26748AB2B1, cid=2190, SUCCESS, logIndex=2747, commits[s2:c2786, s0:c2717, s1:c2717]
2019-09-24 16:17:39,527 DEBUG client.GrpcClientProtocolService (GrpcClientProtocolService.java:sendReply(353)) - 36-OrderedRequestStreamObserver36: sendReply seq=2183, RaftClientReply:client-EDB41257C35F->s2@group-5C26748AB2B1, cid=2191, SUCCESS, logIndex=2748, commits[s2:c2786, s0:c2717, s1:c2717]
2019-09-24 16:17:39,528 DEBUG client.GrpcClientProtocolService (GrpcClientProtocolService.java:sendReply(353)) - 36-OrderedRequestStreamObserver36: sendReply seq=2184, RaftClientReply:client-EDB41257C35F->s2@group-5C26748AB2B1, cid=2192, SUCCESS, logIndex=2749, commits[s2:c2786, s0:c2717, s1:c2717]
2019-09-24 16:17:39,528 DEBUG client.GrpcClientProtocolService (GrpcClientProtocolService.java:sendReply(353)) - 36-OrderedRequestStreamObserver36: sendReply seq=2185, RaftClientReply:client-EDB41257C35F->s2@group-5C26748AB2B1, cid=2193, SUCCESS, logIndex=2750, commits[s2:c2786, s0:c2717, s1:c2717]
2019-09-24 16:17:39,528 DEBUG client.GrpcClientProtocolService (GrpcClientProtocolService.java:sendReply(353)) - 36-OrderedRequestStreamObserver36: sendReply seq=2186, RaftClientReply:client-EDB41257C35F->s2@group-5C26748AB2B1, cid=2194, SUCCESS, logIndex=2751, commits[s2:c2786, s0:c2717, s1:c2717]
2019-09-24 16:17:39,529 DEBUG client.GrpcClientProtocolService (GrpcClientProtocolService.java:sendReply(353)) - 36-OrderedRequestStreamObserver36: sendReply seq=2187, RaftClientReply:client-EDB41257C35F->s2@group-5C26748AB2B1, cid=2195, SUCCESS, logIndex=2752, commits[s2:c2786, s0:c2717, s1:c2717]
2019-09-24 16:17:39,531 DEBUG client.GrpcClientProtocolService (GrpcClientProtocolService.java:sendReply(353)) - 36-OrderedRequestStreamObserver36: sendReply seq=2188, RaftClientReply:client-EDB41257C35F->s2@group-5C26748AB2B1, cid=2196, SUCCESS, logIndex=2753, commits[s2:c2786, s0:c2717, s1:c2717]
2019-09-24 16:17:39,531 DEBUG client.GrpcClientProtocolService (GrpcClientProtocolService.java:sendReply(353)) - 36-OrderedRequestStreamObserver36: sendReply seq=2189, RaftClientReply:client-EDB41257C35F->s2@group-5C26748AB2B1, cid=2197, SUCCESS, logIndex=2754, commits[s2:c2786, s0:c2717, s1:c2717]
2019-09-24 16:17:39,531 DEBUG client.GrpcClientProtocolService (GrpcClientProtocolService.java:sendReply(353)) - 36-OrderedRequestStreamObserver36: sendReply seq=2190, RaftClientReply:client-EDB41257C35F->s2@group-5C26748AB2B1, cid=2198, SUCCESS, logIndex=2755, commits[s2:c2786, s0:c2717, s1:c2717]
2019-09-24 16:17:39,531 DEBUG client.GrpcClientProtocolService (GrpcClientProtocolService.java:sendReply(353)) - 36-OrderedRequestStreamObserver36: sendReply seq=2191, RaftClientReply:client-EDB41257C35F->s2@group-5C26748AB2B1, cid=2199, SUCCESS, logIndex=2756, commits[s2:c2786, s0:c2717, s1:c2717]
2019-09-24 16:17:39,532 DEBUG client.GrpcClientProtocolService (GrpcClientProtocolService.java:sendReply(353)) - 36-OrderedRequestStreamObserver36: sendReply seq=2192, RaftClientReply:client-EDB41257C35F->s2@group-5C26748AB2B1, cid=2200, SUCCESS, logIndex=2757, commits[s2:c2786, s0:c2717, s1:c2717]
2019-09-24 16:17:39,532 DEBUG client.GrpcClientProtocolService (GrpcClientProtocolService.java:sendReply(353)) - 36-OrderedRequestStreamObserver36: sendReply seq=2193, RaftClientReply:client-EDB41257C35F->s2@group-5C26748AB2B1, cid=2201, SUCCESS, logIndex=2758, commits[s2:c2786, s0:c2717, s1:c2717]
2019-09-24 16:17:39,532 DEBUG client.GrpcClientProtocolService (GrpcClientProtocolService.java:sendReply(353)) - 36-OrderedRequestStreamObserver36: sendReply seq=2194, RaftClientReply:client-EDB41257C35F->s2@group-5C26748AB2B1, cid=2202, SUCCESS, logIndex=2759, commits[s2:c2786, s0:c2717, s1:c2717]
2019-09-24 16:17:39,533 DEBUG client.GrpcClientProtocolService (GrpcClientProtocolService.java:sendReply(353)) - 36-OrderedRequestStreamObserver36: sendReply seq=2195, RaftClientReply:client-EDB41257C35F->s2@group-5C26748AB2B1, cid=2203, SUCCESS, logIndex=2760, commits[s2:c2786, s0:c2717, s1:c2717]
2019-09-24 16:17:39,533 DEBUG client.GrpcClientProtocolService (GrpcClientProtocolService.java:sendReply(353)) - 36-OrderedRequestStreamObserver36: sendReply seq=2196, RaftClientReply:client-EDB41257C35F->s2@group-5C26748AB2B1, cid=2204, SUCCESS, logIndex=2766, commits[s2:c2786, s0:c2717, s1:c2717]
2019-09-24 16:17:39,533 DEBUG client.GrpcClientProtocolService (GrpcClientProtocolService.java:sendReply(353)) - 36-OrderedRequestStreamObserver36: sendReply seq=2197, RaftClientReply:client-EDB41257C35F->s2@group-5C26748AB2B1, cid=2205, SUCCESS, logIndex=2767, commits[s2:c2786, s0:c2717, s1:c2717]
2019-09-24 16:17:39,533 DEBUG client.GrpcClientProtocolService (GrpcClientProtocolService.java:sendReply(353)) - 36-OrderedRequestStreamObserver36: sendReply seq=2198, RaftClientReply:client-EDB41257C35F->s2@group-5C26748AB2B1, cid=2206, SUCCESS, logIndex=2771, commits[s2:c2786, s0:c2717, s1:c2717]
2019-09-24 16:17:39,534 DEBUG client.GrpcClientProtocolService (GrpcClientProtocolService.java:sendReply(353)) - 36-OrderedRequestStreamObserver36: sendReply seq=2199, RaftClientReply:client-EDB41257C35F->s2@group-5C26748AB2B1, cid=2207, SUCCESS, logIndex=2773, commits[s2:c2786, s0:c2717, s1:c2717]
2019-09-24 16:17:39,534 DEBUG client.GrpcClientProtocolService (GrpcClientProtocolService.java:sendReply(353)) - 36-OrderedRequestStreamObserver36: sendReply seq=2200, RaftClientReply:client-EDB41257C35F->s2@group-5C26748AB2B1, cid=2208, SUCCESS, logIndex=2775, commits[s2:c2786, s0:c2717, s1:c2717]
2019-09-24 16:17:39,534 DEBUG client.GrpcClientProtocolService (GrpcClientProtocolService.java:sendReply(353)) - 36-OrderedRequestStreamObserver36: sendReply seq=2201, RaftClientReply:client-EDB41257C35F->s2@group-5C26748AB2B1, cid=2209, SUCCESS, logIndex=2778, commits[s2:c2786, s0:c2717, s1:c2717]
2019-09-24 16:17:39,534 DEBUG client.GrpcClientProtocolService (GrpcClientProtocolService.java:sendReply(353)) - 36-OrderedRequestStreamObserver36: sendReply seq=2202, RaftClientReply:client-EDB41257C35F->s2@group-5C26748AB2B1, cid=2210, SUCCESS, logIndex=2783, commits[s2:c2786, s0:c2717, s1:c2717]
2019-09-24 16:17:39,534 DEBUG client.GrpcClientProtocolService (GrpcClientProtocolService.java:sendReply(353)) - 36-OrderedRequestStreamObserver36: sendReply seq=2203, RaftClientReply:client-EDB41257C35F->s2@group-5C26748AB2B1, cid=2211, SUCCESS, logIndex=2785, commits[s2:c2786, s0:c2717, s1:c2717]
2019-09-24 16:17:39,541 DEBUG client.GrpcClientProtocolService (GrpcClientProtocolService.java:sendReply(353)) - 36-OrderedRequestStreamObserver36: sendReply seq=2204, RaftClientReply:client-EDB41257C35F->s2@group-5C26748AB2B1, cid=2212, SUCCESS, logIndex=2787, commits[s2:c2788, s0:c2717, s1:c2717]
2019-09-24 16:17:39,542 DEBUG client.GrpcClientProtocolService (GrpcClientProtocolService.java:sendReply(353)) - 36-OrderedRequestStreamObserver36: sendReply seq=2205, RaftClientReply:client-EDB41257C35F->s2@group-5C26748AB2B1, cid=2213, SUCCESS, logIndex=2788, commits[s2:c2792, s0:c2717, s1:c2717]
2019-09-24 16:17:39,543 DEBUG client.GrpcClientProtocolService (GrpcClientProtocolService.java:sendReply(353)) - 36-OrderedRequestStreamObserver36: sendReply seq=2206, RaftClientReply:client-EDB41257C35F->s2@group-5C26748AB2B1, cid=2214, SUCCESS, logIndex=2789, commits[s2:c2792, s0:c2717, s1:c2717]
2019-09-24 16:17:39,543 DEBUG client.GrpcClientProtocolService (GrpcClientProtocolService.java:sendReply(353)) - 36-OrderedRequestStreamObserver36: sendReply seq=2207, RaftClientReply:client-EDB41257C35F->s2@group-5C26748AB2B1, cid=2215, SUCCESS, logIndex=2790, commits[s2:c2792, s0:c2717, s1:c2717]
2019-09-24 16:17:39,544 DEBUG client.GrpcClientProtocolService (GrpcClientProtocolService.java:sendReply(353)) - 36-OrderedRequestStreamObserver36: sendReply seq=2208, RaftClientReply:client-EDB41257C35F->s2@group-5C26748AB2B1, cid=2216, SUCCESS, logIndex=2791, commits[s2:c2802, s0:c2717, s1:c2717]
2019-09-24 16:17:39,546 DEBUG client.GrpcClientProtocolService (GrpcClientProtocolService.java:sendReply(353)) - 36-OrderedRequestStreamObserver36: sendReply seq=2209, RaftClientReply:client-EDB41257C35F->s2@group-5C26748AB2B1, cid=2217, SUCCESS, logIndex=2792, commits[s2:c2802, s0:c2717, s1:c2717]
2019-09-24 16:17:39,548 DEBUG client.GrpcClientProtocolService (GrpcClientProtocolService.java:sendReply(353)) - 36-OrderedRequestStreamObserver36: sendReply seq=2210, RaftClientReply:client-EDB41257C35F->s2@group-5C26748AB2B1, cid=2218, SUCCESS, logIndex=2793, commits[s2:c2802, s0:c2717, s1:c2717]
2019-09-24 16:17:39,548 DEBUG client.GrpcClientProtocolService (GrpcClientProtocolService.java:sendReply(353)) - 36-OrderedRequestStreamObserver36: sendReply seq=2211, RaftClientReply:client-EDB41257C35F->s2@group-5C26748AB2B1, cid=2219, SUCCESS, logIndex=2794, commits[s2:c2802, s0:c2717, s1:c2717]
2019-09-24 16:17:39,549 DEBUG client.GrpcClientProtocolService (GrpcClientProtocolService.java:sendReply(353)) - 36-OrderedRequestStreamObserver36: sendReply seq=2212, RaftClientReply:client-EDB41257C35F->s2@group-5C26748AB2B1, cid=2220, SUCCESS, logIndex=2795, commits[s2:c2810, s0:c2717, s1:c2717]
2019-09-24 16:17:39,549 DEBUG client.GrpcClientProtocolService (GrpcClientProtocolService.java:sendReply(353)) - 36-OrderedRequestStreamObserver36: sendReply seq=2213, RaftClientReply:client-EDB41257C35F->s2@group-5C26748AB2B1, cid=2221, SUCCESS, logIndex=2796, commits[s2:c2821, s0:c2717, s1:c2717]
2019-09-24 16:17:39,550 DEBUG client.GrpcClientProtocolService (GrpcClientProtocolService.java:sendReply(353)) - 36-OrderedRequestStreamObserver36: sendReply seq=2214, RaftClientReply:client-EDB41257C35F->s2@group-5C26748AB2B1, cid=2222, SUCCESS, logIndex=2797, commits[s2:c2821, s0:c2717, s1:c2717]
2019-09-24 16:17:39,550 DEBUG client.GrpcClientProtocolService (GrpcClientProtocolService.java:sendReply(353)) - 36-OrderedRequestStreamObserver36: sendReply seq=2215, RaftClientReply:client-EDB41257C35F->s2@group-5C26748AB2B1, cid=2223, SUCCESS, logIndex=2798, commits[s2:c2821, s0:c2717, s1:c2717]
2019-09-24 16:17:39,551 DEBUG client.GrpcClientProtocolService (GrpcClientProtocolService.java:sendReply(353)) - 36-OrderedRequestStreamObserver36: sendReply seq=2216, RaftClientReply:client-EDB41257C35F->s2@group-5C26748AB2B1, cid=2224, SUCCESS, logIndex=2799, commits[s2:c2825, s0:c2717, s1:c2717]
2019-09-24 16:17:39,554 DEBUG client.GrpcClientProtocolService (GrpcClientProtocolService.java:sendReply(353)) - 36-OrderedRequestStreamObserver36: sendReply seq=2217, RaftClientReply:client-EDB41257C35F->s2@group-5C26748AB2B1, cid=2225, SUCCESS, logIndex=2800, commits[s2:c2825, s0:c2717, s1:c2717]
2019-09-24 16:17:39,554 DEBUG client.GrpcClientProtocolService (GrpcClientProtocolService.java:sendReply(353)) - 36-OrderedRequestStreamObserver36: sendReply seq=2218, RaftClientReply:client-EDB41257C35F->s2@group-5C26748AB2B1, cid=2226, SUCCESS, logIndex=2801, commits[s2:c2825, s0:c2717, s1:c2717]
2019-09-24 16:17:39,554 DEBUG client.GrpcClientProtocolService (GrpcClientProtocolService.java:sendReply(353)) - 36-OrderedRequestStreamObserver36: sendReply seq=2219, RaftClientReply:client-EDB41257C35F->s2@group-5C26748AB2B1, cid=2227, SUCCESS, logIndex=2802, commits[s2:c2825, s0:c2717, s1:c2717]
2019-09-24 16:17:39,555 DEBUG client.GrpcClientProtocolService (GrpcClientProtocolService.java:<init>(175)) - new 1-OrderedRequestStreamObserver1
2019-09-24 16:17:39,556 DEBUG client.GrpcClientProtocolService (GrpcClientProtocolService.java:sendReply(353)) - 36-OrderedRequestStreamObserver36: sendReply seq=2220, RaftClientReply:client-EDB41257C35F->s2@group-5C26748AB2B1, cid=2228, SUCCESS, logIndex=2803, commits[s2:c2825, s0:c2717, s1:c2717]
2019-09-24 16:17:39,556 DEBUG client.GrpcClientProtocolService (GrpcClientProtocolService.java:sendReply(353)) - 36-OrderedRequestStreamObserver36: sendReply seq=2221, RaftClientReply:client-EDB41257C35F->s2@group-5C26748AB2B1, cid=2229, SUCCESS, logIndex=2804, commits[s2:c2825, s0:c2717, s1:c2717]
2019-09-24 16:17:39,556 DEBUG client.GrpcClientProtocolService (GrpcClientProtocolService.java:sendReply(353)) - 36-OrderedRequestStreamObserver36: sendReply seq=2222, RaftClientReply:client-EDB41257C35F->s2@group-5C26748AB2B1, cid=2230, SUCCESS, logIndex=2805, commits[s2:c2830, s0:c2717, s1:c2717]
2019-09-24 16:17:39,557 DEBUG client.GrpcClientProtocolService (GrpcClientProtocolService.java:sendReply(353)) - 36-OrderedRequestStreamObserver36: sendReply seq=2223, RaftClientReply:client-EDB41257C35F->s2@group-5C26748AB2B1, cid=2231, SUCCESS, logIndex=2806, commits[s2:c2834, s0:c2717, s1:c2717]
2019-09-24 16:17:39,558 DEBUG client.GrpcClientProtocolService (GrpcClientProtocolService.java:sendReply(353)) - 36-OrderedRequestStreamObserver36: sendReply seq=2224, RaftClientReply:client-EDB41257C35F->s2@group-5C26748AB2B1, cid=2232, SUCCESS, logIndex=2807, commits[s2:c2834, s0:c2717, s1:c2717]
2019-09-24 16:17:39,559 DEBUG client.GrpcClientProtocolService (GrpcClientProtocolService.java:sendReply(353)) - 36-OrderedRequestStreamObserver36: sendReply seq=2225, RaftClientReply:client-EDB41257C35F->s2@group-5C26748AB2B1, cid=2233, SUCCESS, logIndex=2808, commits[s2:c2838, s0:c2717, s1:c2717]
2019-09-24 16:17:39,559 DEBUG client.GrpcClientProtocolService (GrpcClientProtocolService.java:sendReply(353)) - 36-OrderedRequestStreamObserver36: sendReply seq=2226, RaftClientReply:client-EDB41257C35F->s2@group-5C26748AB2B1, cid=2234, SUCCESS, logIndex=2809, commits[s2:c2839, s0:c2717, s1:c2717]
2019-09-24 16:17:39,559 DEBUG client.GrpcClientProtocolService (GrpcClientProtocolService.java:sendReply(353)) - 36-OrderedRequestStreamObserver36: sendReply seq=2227, RaftClientReply:client-EDB41257C35F->s2@group-5C26748AB2B1, cid=2235, SUCCESS, logIndex=2810, commits[s2:c2840, s0:c2717, s1:c2717]
2019-09-24 16:17:39,560 DEBUG client.GrpcClientProtocolService (GrpcClientProtocolService.java:sendReply(353)) - 36-OrderedRequestStreamObserver36: sendReply seq=2228, RaftClientReply:client-EDB41257C35F->s2@group-5C26748AB2B1, cid=2236, SUCCESS, logIndex=2811, commits[s2:c2841, s0:c2717, s1:c2717]
2019-09-24 16:17:39,560 DEBUG client.GrpcClientProtocolService (GrpcClientProtocolService.java:sendReply(353)) - 36-OrderedRequestStreamObserver36: sendReply seq=2229, RaftClientReply:client-EDB41257C35F->s2@group-5C26748AB2B1, cid=2237, SUCCESS, logIndex=2812, commits[s2:c2841, s0:c2717, s1:c2717]
2019-09-24 16:17:39,560 DEBUG client.GrpcClientProtocolService (GrpcClientProtocolService.java:sendReply(353)) - 36-OrderedRequestStreamObserver36: sendReply seq=2230, RaftClientReply:client-EDB41257C35F->s2@group-5C26748AB2B1, cid=2238, SUCCESS, logIndex=2813, commits[s2:c2841, s0:c2717, s1:c2717]
2019-09-24 16:17:39,561 DEBUG client.GrpcClientProtocolService (GrpcClientProtocolService.java:sendReply(353)) - 36-OrderedRequestStreamObserver36: sendReply seq=2231, RaftClientReply:client-EDB41257C35F->s2@group-5C26748AB2B1, cid=2239, SUCCESS, logIndex=2814, commits[s2:c2843, s0:c2717, s1:c2717]
2019-09-24 16:17:39,562 DEBUG client.GrpcClientProtocolService (GrpcClientProtocolService.java:sendReply(353)) - 36-OrderedRequestStreamObserver36: sendReply seq=2232, RaftClientReply:client-EDB41257C35F->s2@group-5C26748AB2B1, cid=2240, SUCCESS, logIndex=2815, commits[s2:c2843, s0:c2717, s1:c2717]
2019-09-24 16:17:39,562 DEBUG client.GrpcClientProtocolService (GrpcClientProtocolService.java:sendReply(353)) - 36-OrderedRequestStreamObserver36: sendReply seq=2233, RaftClientReply:client-EDB41257C35F->s2@group-5C26748AB2B1, cid=2241, SUCCESS, logIndex=2816, commits[s2:c2845, s0:c2717, s1:c2717]
2019-09-24 16:17:39,563 DEBUG client.GrpcClientProtocolService (GrpcClientProtocolService.java:sendReply(353)) - 36-OrderedRequestStreamObserver36: sendReply seq=2234, RaftClientReply:client-EDB41257C35F->s2@group-5C26748AB2B1, cid=2242, SUCCESS, logIndex=2817, commits[s2:c2845, s0:c2717, s1:c2717]
2019-09-24 16:17:39,564 DEBUG client.GrpcClientProtocolService (GrpcClientProtocolService.java:sendReply(353)) - 36-OrderedRequestStreamObserver36: sendReply seq=2235, RaftClientReply:client-EDB41257C35F->s2@group-5C26748AB2B1, cid=2243, SUCCESS, logIndex=2818, commits[s2:c2845, s0:c2733, s1:c2717]
2019-09-24 16:17:39,564 DEBUG client.GrpcClientProtocolService (GrpcClientProtocolService.java:sendReply(353)) - 36-OrderedRequestStreamObserver36: sendReply seq=2236, RaftClientReply:client-EDB41257C35F->s2@group-5C26748AB2B1, cid=2244, SUCCESS, logIndex=2819, commits[s2:c2853, s0:c2733, s1:c2735]
2019-09-24 16:17:39,564 DEBUG client.GrpcClientProtocolService (GrpcClientProtocolService.java:sendReply(353)) - 36-OrderedRequestStreamObserver36: sendReply seq=2237, RaftClientReply:client-EDB41257C35F->s2@group-5C26748AB2B1, cid=2245, SUCCESS, logIndex=2820, commits[s2:c2853, s0:c2733, s1:c2735]
2019-09-24 16:17:39,564 DEBUG client.GrpcClientProtocolService (GrpcClientProtocolService.java:sendReply(353)) - 36-OrderedRequestStreamObserver36: sendReply seq=2238, RaftClientReply:client-EDB41257C35F->s2@group-5C26748AB2B1, cid=2246, SUCCESS, logIndex=2821, commits[s2:c2853, s0:c2733, s1:c2735]
2019-09-24 16:17:39,565 DEBUG client.GrpcClientProtocolService (GrpcClientProtocolService.java:sendReply(353)) - 36-OrderedRequestStreamObserver36: sendReply seq=2239, RaftClientReply:client-EDB41257C35F->s2@group-5C26748AB2B1, cid=2247, SUCCESS, logIndex=2822, commits[s2:c2853, s0:c2733, s1:c2735]
2019-09-24 16:17:39,565 DEBUG client.GrpcClientProtocolService (GrpcClientProtocolService.java:sendReply(353)) - 36-OrderedRequestStreamObserver36: sendReply seq=2240, RaftClientReply:client-EDB41257C35F->s2@group-5C26748AB2B1, cid=2248, SUCCESS, logIndex=2823, commits[s2:c2853, s0:c2734, s1:c2735]
2019-09-24 16:17:39,565 DEBUG client.GrpcClientProtocolService (GrpcClientProtocolService.java:sendReply(353)) - 36-OrderedRequestStreamObserver36: sendReply seq=2241, RaftClientReply:client-EDB41257C35F->s2@group-5C26748AB2B1, cid=2249, SUCCESS, logIndex=2824, commits[s2:c2853, s0:c2739, s1:c2735]
2019-09-24 16:17:39,566 DEBUG client.GrpcClientProtocolService (GrpcClientProtocolService.java:sendReply(353)) - 36-OrderedRequestStreamObserver36: sendReply seq=2242, RaftClientReply:client-EDB41257C35F->s2@group-5C26748AB2B1, cid=2250, SUCCESS, logIndex=2825, commits[s2:c2855, s0:c2755, s1:c2739]
2019-09-24 16:17:39,566 DEBUG client.GrpcClientProtocolService (GrpcClientProtocolService.java:sendReply(353)) - 36-OrderedRequestStreamObserver36: sendReply seq=2243, RaftClientReply:client-EDB41257C35F->s2@group-5C26748AB2B1, cid=2251, SUCCESS, logIndex=2826, commits[s2:c2863, s0:c2769, s1:c2748]
2019-09-24 16:17:39,566 DEBUG client.GrpcClientProtocolService (GrpcClientProtocolService.java:sendReply(353)) - 36-OrderedRequestStreamObserver36: sendReply seq=2244, RaftClientReply:client-EDB41257C35F->s2@group-5C26748AB2B1, cid=2252, SUCCESS, logIndex=2827, commits[s2:c2863, s0:c2769, s1:c2757]
2019-09-24 16:17:39,567 DEBUG client.GrpcClientProtocolService (GrpcClientProtocolService.java:sendReply(353)) - 36-OrderedRequestStreamObserver36: sendReply seq=2245, RaftClientReply:client-EDB41257C35F->s2@group-5C26748AB2B1, cid=2253, SUCCESS, logIndex=2828, commits[s2:c2864, s0:c2786, s1:c2757]
2019-09-24 16:17:39,567 DEBUG client.GrpcClientProtocolService (GrpcClientProtocolService.java:sendReply(353)) - 36-OrderedRequestStreamObserver36: sendReply seq=2246, RaftClientReply:client-EDB41257C35F->s2@group-5C26748AB2B1, cid=2254, SUCCESS, logIndex=2829, commits[s2:c2864, s0:c2786, s1:c2757]
2019-09-24 16:17:39,567 DEBUG client.GrpcClientProtocolService (GrpcClientProtocolService.java:sendReply(353)) - 36-OrderedRequestStreamObserver36: sendReply seq=2247, RaftClientReply:client-EDB41257C35F->s2@group-5C26748AB2B1, cid=2255, SUCCESS, logIndex=2830, commits[s2:c2864, s0:c2786, s1:c2757]
2019-09-24 16:17:39,567 DEBUG client.GrpcClientProtocolService (GrpcClientProtocolService.java:sendReply(353)) - 36-OrderedRequestStreamObserver36: sendReply seq=2248, RaftClientReply:client-EDB41257C35F->s2@group-5C26748AB2B1, cid=2256, SUCCESS, logIndex=2831, commits[s2:c2864, s0:c2786, s1:c2757]
2019-09-24 16:17:39,567 DEBUG client.GrpcClientProtocolService (GrpcClientProtocolService.java:sendReply(353)) - 36-OrderedRequestStreamObserver36: sendReply seq=2249, RaftClientReply:client-EDB41257C35F->s2@group-5C26748AB2B1, cid=2257, SUCCESS, logIndex=2832, commits[s2:c2864, s0:c2786, s1:c2757]
2019-09-24 16:17:39,568 DEBUG client.GrpcClientProtocolService (GrpcClientProtocolService.java:sendReply(353)) - 36-OrderedRequestStreamObserver36: sendReply seq=2250, RaftClientReply:client-EDB41257C35F->s2@group-5C26748AB2B1, cid=2258, SUCCESS, logIndex=2833, commits[s2:c2864, s0:c2786, s1:c2757]
2019-09-24 16:17:39,568 DEBUG client.GrpcClientProtocolService (GrpcClientProtocolService.java:sendReply(353)) - 36-OrderedRequestStreamObserver36: sendReply seq=2251, RaftClientReply:client-EDB41257C35F->s2@group-5C26748AB2B1, cid=2259, SUCCESS, logIndex=2834, commits[s2:c2864, s0:c2786, s1:c2757]
2019-09-24 16:17:39,568 DEBUG client.GrpcClientProtocolService (GrpcClientProtocolService.java:sendReply(353)) - 36-OrderedRequestStreamObserver36: sendReply seq=2252, RaftClientReply:client-EDB41257C35F->s2@group-5C26748AB2B1, cid=2260, SUCCESS, logIndex=2835, commits[s2:c2864, s0:c2786, s1:c2757]
2019-09-24 16:17:39,568 DEBUG client.GrpcClientProtocolService (GrpcClientProtocolService.java:sendReply(353)) - 36-OrderedRequestStreamObserver36: sendReply seq=2253, RaftClientReply:client-EDB41257C35F->s2@group-5C26748AB2B1, cid=2261, SUCCESS, logIndex=2836, commits[s2:c2864, s0:c2786, s1:c2757]
2019-09-24 16:17:39,568 DEBUG client.GrpcClientProtocolService (GrpcClientProtocolService.java:sendReply(353)) - 36-OrderedRequestStreamObserver36: sendReply seq=2254, RaftClientReply:client-EDB41257C35F->s2@group-5C26748AB2B1, cid=2262, SUCCESS, logIndex=2837, commits[s2:c2864, s0:c2786, s1:c2757]
2019-09-24 16:17:39,568 DEBUG client.GrpcClientProtocolService (GrpcClientProtocolService.java:sendReply(353)) - 36-OrderedRequestStreamObserver36: sendReply seq=2255, RaftClientReply:client-EDB41257C35F->s2@group-5C26748AB2B1, cid=2263, SUCCESS, logIndex=2838, commits[s2:c2864, s0:c2786, s1:c2757]
2019-09-24 16:17:39,568 DEBUG client.GrpcClientProtocolService (GrpcClientProtocolService.java:sendReply(353)) - 36-OrderedRequestStreamObserver36: sendReply seq=2256, RaftClientReply:client-EDB41257C35F->s2@group-5C26748AB2B1, cid=2264, SUCCESS, logIndex=2839, commits[s2:c2864, s0:c2786, s1:c2757]
2019-09-24 16:17:39,569 DEBUG client.GrpcClientProtocolService (GrpcClientProtocolService.java:sendReply(353)) - 36-OrderedRequestStreamObserver36: sendReply seq=2257, RaftClientReply:client-EDB41257C35F->s2@group-5C26748AB2B1, cid=2265, SUCCESS, logIndex=2840, commits[s2:c2864, s0:c2786, s1:c2757]
2019-09-24 16:17:39,569 DEBUG client.GrpcClientProtocolService (GrpcClientProtocolService.java:sendReply(353)) - 36-OrderedRequestStreamObserver36: sendReply seq=2258, RaftClientReply:client-EDB41257C35F->s2@group-5C26748AB2B1, cid=2266, SUCCESS, logIndex=2841, commits[s2:c2864, s0:c2786, s1:c2757]
2019-09-24 16:17:39,569 DEBUG client.GrpcClientProtocolService (GrpcClientProtocolService.java:sendReply(353)) - 36-OrderedRequestStreamObserver36: sendReply seq=2259, RaftClientReply:client-EDB41257C35F->s2@group-5C26748AB2B1, cid=2267, SUCCESS, logIndex=2842, commits[s2:c2864, s0:c2786, s1:c2757]
2019-09-24 16:17:39,569 DEBUG client.GrpcClientProtocolService (GrpcClientProtocolService.java:sendReply(353)) - 36-OrderedRequestStreamObserver36: sendReply seq=2260, RaftClientReply:client-EDB41257C35F->s2@group-5C26748AB2B1, cid=2268, SUCCESS, logIndex=2843, commits[s2:c2864, s0:c2786, s1:c2757]
2019-09-24 16:17:39,569 DEBUG client.GrpcClientProtocolService (GrpcClientProtocolService.java:sendReply(353)) - 36-OrderedRequestStreamObserver36: sendReply seq=2261, RaftClientReply:client-EDB41257C35F->s2@group-5C26748AB2B1, cid=2269, SUCCESS, logIndex=2844, commits[s2:c2864, s0:c2786, s1:c2757]
2019-09-24 16:17:39,569 DEBUG client.GrpcClientProtocolService (GrpcClientProtocolService.java:sendReply(353)) - 36-OrderedRequestStreamObserver36: sendReply seq=2262, RaftClientReply:client-EDB41257C35F->s2@group-5C26748AB2B1, cid=2270, SUCCESS, logIndex=2845, commits[s2:c2864, s0:c2786, s1:c2757]
2019-09-24 16:17:39,570 DEBUG client.GrpcClientProtocolService (GrpcClientProtocolService.java:sendReply(353)) - 36-OrderedRequestStreamObserver36: sendReply seq=2263, RaftClientReply:client-EDB41257C35F->s2@group-5C26748AB2B1, cid=2271, SUCCESS, logIndex=2846, commits[s2:c2864, s0:c2786, s1:c2757]
2019-09-24 16:17:39,570 DEBUG client.GrpcClientProtocolService (GrpcClientProtocolService.java:sendReply(353)) - 36-OrderedRequestStreamObserver36: sendReply seq=2264, RaftClientReply:client-EDB41257C35F->s2@group-5C26748AB2B1, cid=2272, SUCCESS, logIndex=2847, commits[s2:c2864, s0:c2786, s1:c2757]
2019-09-24 16:17:39,570 DEBUG client.GrpcClientProtocolService (GrpcClientProtocolService.java:sendReply(353)) - 36-OrderedRequestStreamObserver36: sendReply seq=2265, RaftClientReply:client-EDB41257C35F->s2@group-5C26748AB2B1, cid=2273, SUCCESS, logIndex=2848, commits[s2:c2864, s0:c2786, s1:c2757]
2019-09-24 16:17:39,570 DEBUG client.GrpcClientProtocolService (GrpcClientProtocolService.java:sendReply(353)) - 36-OrderedRequestStreamObserver36: sendReply seq=2266, RaftClientReply:client-EDB41257C35F->s2@group-5C26748AB2B1, cid=2274, SUCCESS, logIndex=2849, commits[s2:c2864, s0:c2786, s1:c2757]
2019-09-24 16:17:39,570 DEBUG client.GrpcClientProtocolService (GrpcClientProtocolService.java:sendReply(353)) - 36-OrderedRequestStreamObserver36: sendReply seq=2267, RaftClientReply:client-EDB41257C35F->s2@group-5C26748AB2B1, cid=2293, SUCCESS, logIndex=2850, commits[s2:c2864, s0:c2786, s1:c2757]
2019-09-24 16:17:39,570 DEBUG client.GrpcClientProtocolService (GrpcClientProtocolService.java:sendReply(353)) - 36-OrderedRequestStreamObserver36: sendReply seq=2268, RaftClientReply:client-EDB41257C35F->s2@group-5C26748AB2B1, cid=2294, SUCCESS, logIndex=2851, commits[s2:c2864, s0:c2786, s1:c2757]
2019-09-24 16:17:39,570 DEBUG client.GrpcClientProtocolService (GrpcClientProtocolService.java:sendReply(353)) - 36-OrderedRequestStreamObserver36: sendReply seq=2269, RaftClientReply:client-EDB41257C35F->s2@group-5C26748AB2B1, cid=2295, SUCCESS, logIndex=2856, commits[s2:c2864, s0:c2786, s1:c2757]
2019-09-24 16:17:39,570 DEBUG client.GrpcClientProtocolService (GrpcClientProtocolService.java:sendReply(353)) - 36-OrderedRequestStreamObserver36: sendReply seq=2270, RaftClientReply:client-EDB41257C35F->s2@group-5C26748AB2B1, cid=2296, SUCCESS, logIndex=2862, commits[s2:c2864, s0:c2786, s1:c2757]
2019-09-24 16:17:39,570 DEBUG client.GrpcClientProtocolService (GrpcClientProtocolService.java:sendReply(353)) - 36-OrderedRequestStreamObserver36: sendReply seq=2271, RaftClientReply:client-EDB41257C35F->s2@group-5C26748AB2B1, cid=2298, SUCCESS, logIndex=2863, commits[s2:c2864, s0:c2786, s1:c2757]
2019-09-24 16:17:39,570 DEBUG client.GrpcClientProtocolService (GrpcClientProtocolService.java:sendReply(353)) - 36-OrderedRequestStreamObserver36: sendReply seq=2272, RaftClientReply:client-EDB41257C35F->s2@group-5C26748AB2B1, cid=2299, SUCCESS, logIndex=2864, commits[s2:c2864, s0:c2786, s1:c2757]
2019-09-24 16:17:39,585 DEBUG client.GrpcClientProtocolService (GrpcClientProtocolService.java:sendReply(353)) - 36-OrderedRequestStreamObserver36: sendReply seq=2273, RaftClientReply:client-EDB41257C35F->s2@group-5C26748AB2B1, cid=2300, SUCCESS, logIndex=2865, commits[s2:c2865, s0:c2786, s1:c2757]
2019-09-24 16:17:39,586 DEBUG client.GrpcClientProtocolService (GrpcClientProtocolService.java:sendReply(353)) - 1-OrderedRequestStreamObserver1: sendReply seq=1, RaftClientReply:client-FBE51ED1F687->s2@group-926153DB23B0, cid=2275, SUCCESS, logIndex=1, commits[s2:c1, s0:c-1, s1:c0]
2019-09-24 16:17:39,592 DEBUG client.GrpcClientProtocolService (GrpcClientProtocolService.java:sendReply(353)) - 36-OrderedRequestStreamObserver36: sendReply seq=2274, RaftClientReply:client-EDB41257C35F->s2@group-5C26748AB2B1, cid=2301, SUCCESS, logIndex=2866, commits[s2:c2868, s0:c2786, s1:c2757]
2019-09-24 16:17:39,593 DEBUG client.GrpcClientProtocolService (GrpcClientProtocolService.java:sendReply(353)) - 36-OrderedRequestStreamObserver36: sendReply seq=2275, RaftClientReply:client-EDB41257C35F->s2@group-5C26748AB2B1, cid=2302, SUCCESS, logIndex=2867, commits[s2:c2868, s0:c2786, s1:c2757]
2019-09-24 16:17:39,593 DEBUG client.GrpcClientProtocolService (GrpcClientProtocolService.java:sendReply(353)) - 36-OrderedRequestStreamObserver36: sendReply seq=2276, RaftClientReply:client-EDB41257C35F->s2@group-5C26748AB2B1, cid=2303, SUCCESS, logIndex=2868, commits[s2:c2868, s0:c2786, s1:c2769]
2019-09-24 16:17:39,593 DEBUG client.GrpcClientProtocolService (GrpcClientProtocolService.java:sendReply(353)) - 36-OrderedRequestStreamObserver36: sendReply seq=2277, RaftClientReply:client-EDB41257C35F->s2@group-5C26748AB2B1, cid=2304, SUCCESS, logIndex=2869, commits[s2:c2876, s0:c2786, s1:c2786]
2019-09-24 16:17:39,597 DEBUG client.GrpcClientProtocolService (GrpcClientProtocolService.java:sendReply(353)) - 36-OrderedRequestStreamObserver36: sendReply seq=2278, RaftClientReply:client-EDB41257C35F->s2@group-5C26748AB2B1, cid=2305, SUCCESS, logIndex=2870, commits[s2:c2876, s0:c2821, s1:c2786]
2019-09-24 16:17:39,598 DEBUG client.GrpcClientProtocolService (GrpcClientProtocolService.java:sendReply(353)) - 36-OrderedRequestStreamObserver36: sendReply seq=2279, RaftClientReply:client-EDB41257C35F->s2@group-5C26748AB2B1, cid=2306, SUCCESS, logIndex=2871, commits[s2:c2903, s0:c2839, s1:c2786]
2019-09-24 16:17:39,598 DEBUG client.GrpcClientProtocolService (GrpcClientProtocolService.java:sendReply(353)) - 36-OrderedRequestStreamObserver36: sendReply seq=2280, RaftClientReply:client-EDB41257C35F->s2@group-5C26748AB2B1, cid=2308, SUCCESS, logIndex=2872, commits[s2:c2903, s0:c2850, s1:c2786]
2019-09-24 16:17:39,599 DEBUG client.GrpcClientProtocolService (GrpcClientProtocolService.java:sendReply(353)) - 36-OrderedRequestStreamObserver36: sendReply seq=2281, RaftClientReply:client-EDB41257C35F->s2@group-5C26748AB2B1, cid=2309, SUCCESS, logIndex=2873, commits[s2:c2917, s0:c2850, s1:c2786]
2019-09-24 16:17:39,599 DEBUG client.GrpcClientProtocolService (GrpcClientProtocolService.java:sendReply(353)) - 36-OrderedRequestStreamObserver36: sendReply seq=2282, RaftClientReply:client-EDB41257C35F->s2@group-5C26748AB2B1, cid=2310, SUCCESS, logIndex=2874, commits[s2:c2917, s0:c2850, s1:c2786]
2019-09-24 16:17:39,599 DEBUG client.GrpcClientProtocolService (GrpcClientProtocolService.java:sendReply(353)) - 36-OrderedRequestStreamObserver36: sendReply seq=2283, RaftClientReply:client-EDB41257C35F->s2@group-5C26748AB2B1, cid=2311, SUCCESS, logIndex=2875, commits[s2:c2917, s0:c2850, s1:c2786]
2019-09-24 16:17:39,599 DEBUG client.GrpcClientProtocolService (GrpcClientProtocolService.java:sendReply(353)) - 36-OrderedRequestStreamObserver36: sendReply seq=2284, RaftClientReply:client-EDB41257C35F->s2@group-5C26748AB2B1, cid=2312, SUCCESS, logIndex=2876, commits[s2:c2917, s0:c2850, s1:c2786]
2019-09-24 16:17:39,600 DEBUG client.GrpcClientProtocolService (GrpcClientProtocolService.java:sendReply(353)) - 36-OrderedRequestStreamObserver36: sendReply seq=2285, RaftClientReply:client-EDB41257C35F->s2@group-5C26748AB2B1, cid=2313, SUCCESS, logIndex=2877, commits[s2:c2917, s0:c2850, s1:c2790]
2019-09-24 16:17:39,600 DEBUG client.GrpcClientProtocolService (GrpcClientProtocolService.java:sendReply(353)) - 36-OrderedRequestStreamObserver36: sendReply seq=2286, RaftClientReply:client-EDB41257C35F->s2@group-5C26748AB2B1, cid=2314, SUCCESS, logIndex=2878, commits[s2:c2917, s0:c2850, s1:c2790]
2019-09-24 16:17:39,600 DEBUG client.GrpcClientProtocolService (GrpcClientProtocolService.java:sendReply(353)) - 36-OrderedRequestStreamObserver36: sendReply seq=2287, RaftClientReply:client-EDB41257C35F->s2@group-5C26748AB2B1, cid=2315, SUCCESS, logIndex=2879, commits[s2:c2917, s0:c2850, s1:c2790]
2019-09-24 16:17:39,600 DEBUG client.GrpcClientProtocolService (GrpcClientProtocolService.java:sendReply(353)) - 36-OrderedRequestStreamObserver36: sendReply seq=2288, RaftClientReply:client-EDB41257C35F->s2@group-5C26748AB2B1, cid=2316, SUCCESS, logIndex=2880, commits[s2:c2917, s0:c2850, s1:c2821]
2019-09-24 16:17:39,601 DEBUG client.GrpcClientProtocolService (GrpcClientProtocolService.java:sendReply(353)) - 36-OrderedRequestStreamObserver36: sendReply seq=2289, RaftClientReply:client-EDB41257C35F->s2@group-5C26748AB2B1, cid=2317, SUCCESS, logIndex=2881, commits[s2:c2917, s0:c2850, s1:c2821]
2019-09-24 16:17:39,601 DEBUG client.GrpcClientProtocolService (GrpcClientProtocolService.java:sendReply(353)) - 36-OrderedRequestStreamObserver36: sendReply seq=2290, RaftClientReply:client-EDB41257C35F->s2@group-5C26748AB2B1, cid=2318, SUCCESS, logIndex=2882, commits[s2:c2917, s0:c2850, s1:c2821]
2019-09-24 16:17:39,602 DEBUG client.GrpcClientProtocolService (GrpcClientProtocolService.java:sendReply(353)) - 36-OrderedRequestStreamObserver36: sendReply seq=2291, RaftClientReply:client-EDB41257C35F->s2@group-5C26748AB2B1, cid=2319, SUCCESS, logIndex=2883, commits[s2:c2917, s0:c2850, s1:c2825]
2019-09-24 16:17:39,602 DEBUG client.GrpcClientProtocolService (GrpcClientProtocolService.java:sendReply(353)) - 36-OrderedRequestStreamObserver36: sendReply seq=2292, RaftClientReply:client-EDB41257C35F->s2@group-5C26748AB2B1, cid=2320, SUCCESS, logIndex=2884, commits[s2:c2917, s0:c2850, s1:c2825]
2019-09-24 16:17:39,602 DEBUG client.GrpcClientProtocolService (GrpcClientProtocolService.java:sendReply(353)) - 36-OrderedRequestStreamObserver36: sendReply seq=2293, RaftClientReply:client-EDB41257C35F->s2@group-5C26748AB2B1, cid=2321, SUCCESS, logIndex=2885, commits[s2:c2917, s0:c2850, s1:c2825]
2019-09-24 16:17:39,602 DEBUG client.GrpcClientProtocolService (GrpcClientProtocolService.java:sendReply(353)) - 36-OrderedRequestStreamObserver36: sendReply seq=2294, RaftClientReply:client-EDB41257C35F->s2@group-5C26748AB2B1, cid=2322, SUCCESS, logIndex=2886, commits[s2:c2917, s0:c2850, s1:c2825]
2019-09-24 16:17:39,602 DEBUG client.GrpcClientProtocolService (GrpcClientProtocolService.java:sendReply(353)) - 36-OrderedRequestStreamObserver36: sendReply seq=2295, RaftClientReply:client-EDB41257C35F->s2@group-5C26748AB2B1, cid=2323, SUCCESS, logIndex=2887, commits[s2:c2917, s0:c2850, s1:c2830]
2019-09-24 16:17:39,602 DEBUG client.GrpcClientProtocolService (GrpcClientProtocolService.java:sendReply(353)) - 36-OrderedRequestStreamObserver36: sendReply seq=2296, RaftClientReply:client-EDB41257C35F->s2@group-5C26748AB2B1, cid=2324, SUCCESS, logIndex=2888, commits[s2:c2917, s0:c2850, s1:c2834]
2019-09-24 16:17:39,603 DEBUG client.GrpcClientProtocolService (GrpcClientProtocolService.java:sendReply(353)) - 36-OrderedRequestStreamObserver36: sendReply seq=2297, RaftClientReply:client-EDB41257C35F->s2@group-5C26748AB2B1, cid=2325, SUCCESS, logIndex=2889, commits[s2:c2917, s0:c2850, s1:c2840]
2019-09-24 16:17:39,603 DEBUG client.GrpcClientProtocolService (GrpcClientProtocolService.java:sendReply(353)) - 36-OrderedRequestStreamObserver36: sendReply seq=2298, RaftClientReply:client-EDB41257C35F->s2@group-5C26748AB2B1, cid=2326, SUCCESS, logIndex=2890, commits[s2:c2917, s0:c2850, s1:c2845]
2019-09-24 16:17:39,603 DEBUG client.GrpcClientProtocolService (GrpcClientProtocolService.java:sendReply(353)) - 36-OrderedRequestStreamObserver36: sendReply seq=2299, RaftClientReply:client-EDB41257C35F->s2@group-5C26748AB2B1, cid=2327, SUCCESS, logIndex=2891, commits[s2:c2917, s0:c2850, s1:c2850]
2019-09-24 16:17:39,603 DEBUG client.GrpcClientProtocolService (GrpcClientProtocolService.java:sendReply(353)) - 36-OrderedRequestStreamObserver36: sendReply seq=2300, RaftClientReply:client-EDB41257C35F->s2@group-5C26748AB2B1, cid=2328, SUCCESS, logIndex=2892, commits[s2:c2917, s0:c2850, s1:c2850]
2019-09-24 16:17:39,603 DEBUG client.GrpcClientProtocolService (GrpcClientProtocolService.java:sendReply(353)) - 36-OrderedRequestStreamObserver36: sendReply seq=2301, RaftClientReply:client-EDB41257C35F->s2@group-5C26748AB2B1, cid=2329, SUCCESS, logIndex=2893, commits[s2:c2917, s0:c2850, s1:c2850]
2019-09-24 16:17:39,603 DEBUG client.GrpcClientProtocolService (GrpcClientProtocolService.java:sendReply(353)) - 36-OrderedRequestStreamObserver36: sendReply seq=2302, RaftClientReply:client-EDB41257C35F->s2@group-5C26748AB2B1, cid=2330, SUCCESS, logIndex=2894, commits[s2:c2917, s0:c2850, s1:c2850]
2019-09-24 16:17:39,603 DEBUG client.GrpcClientProtocolService (GrpcClientProtocolService.java:sendReply(353)) - 36-OrderedRequestStreamObserver36: sendReply seq=2303, RaftClientReply:client-EDB41257C35F->s2@group-5C26748AB2B1, cid=2331, SUCCESS, logIndex=2895, commits[s2:c2917, s0:c2850, s1:c2850]
2019-09-24 16:17:39,603 DEBUG client.GrpcClientProtocolService (GrpcClientProtocolService.java:sendReply(353)) - 36-OrderedRequestStreamObserver36: sendReply seq=2304, RaftClientReply:client-EDB41257C35F->s2@group-5C26748AB2B1, cid=2333, SUCCESS, logIndex=2904, commits[s2:c2917, s0:c2850, s1:c2850]
2019-09-24 16:17:39,604 DEBUG client.GrpcClientProtocolService (GrpcClientProtocolService.java:sendReply(353)) - 36-OrderedRequestStreamObserver36: sendReply seq=2305, RaftClientReply:client-EDB41257C35F->s2@group-5C26748AB2B1, cid=2334, SUCCESS, logIndex=2906, commits[s2:c2917, s0:c2850, s1:c2850]
2019-09-24 16:17:39,604 DEBUG client.GrpcClientProtocolService (GrpcClientProtocolService.java:sendReply(353)) - 36-OrderedRequestStreamObserver36: sendReply seq=2306, RaftClientReply:client-EDB41257C35F->s2@group-5C26748AB2B1, cid=2335, SUCCESS, logIndex=2915, commits[s2:c2917, s0:c2850, s1:c2850]
2019-09-24 16:17:39,713 DEBUG client.GrpcClientProtocolService (GrpcClientProtocolService.java:sendReply(353)) - 36-OrderedRequestStreamObserver36: sendReply seq=2307, RaftClientReply:client-EDB41257C35F->s2@group-5C26748AB2B1, cid=2336, SUCCESS, logIndex=2918, commits[s2:c2918, s0:c2917, s1:c2850]
2019-09-24 16:17:39,715 DEBUG client.GrpcClientProtocolService (GrpcClientProtocolService.java:sendReply(353)) - 36-OrderedRequestStreamObserver36: sendReply seq=2308, RaftClientReply:client-EDB41257C35F->s2@group-5C26748AB2B1, cid=2337, SUCCESS, logIndex=2921, commits[s2:c2921, s0:c2917, s1:c2917]
2019-09-24 16:17:39,718 DEBUG client.GrpcClientProtocolService (GrpcClientProtocolService.java:sendReply(353)) - 1-OrderedRequestStreamObserver1: sendReply seq=2, RaftClientReply:client-FBE51ED1F687->s2@group-926153DB23B0, cid=2276, SUCCESS, logIndex=3, commits[s2:c3, s0:c1, s1:c1]
2019-09-24 16:17:39,719 DEBUG client.GrpcClientProtocolService (GrpcClientProtocolService.java:sendReply(353)) - 36-OrderedRequestStreamObserver36: sendReply seq=2309, RaftClientReply:client-EDB41257C35F->s2@group-5C26748AB2B1, cid=2339, SUCCESS, logIndex=2922, commits[s2:c2922, s0:c2917, s1:c2917]
2019-09-24 16:17:39,722 DEBUG client.GrpcClientProtocolService (GrpcClientProtocolService.java:sendReply(353)) - 36-OrderedRequestStreamObserver36: sendReply seq=2310, RaftClientReply:client-EDB41257C35F->s2@group-5C26748AB2B1, cid=2340, SUCCESS, logIndex=2923, commits[s2:c2927, s0:c2917, s1:c2917]
2019-09-24 16:17:39,722 DEBUG client.GrpcClientProtocolService (GrpcClientProtocolService.java:sendReply(353)) - 36-OrderedRequestStreamObserver36: sendReply seq=2311, RaftClientReply:client-EDB41257C35F->s2@group-5C26748AB2B1, cid=2341, SUCCESS, logIndex=2924, commits[s2:c2927, s0:c2917, s1:c2917]
2019-09-24 16:17:39,722 DEBUG client.GrpcClientProtocolService (GrpcClientProtocolService.java:sendReply(353)) - 1-OrderedRequestStreamObserver1: sendReply seq=3, RaftClientReply:client-FBE51ED1F687->s2@group-926153DB23B0, cid=2277, SUCCESS, logIndex=4, commits[s2:c8, s0:c1, s1:c1]
2019-09-24 16:17:39,724 DEBUG client.GrpcClientProtocolService (GrpcClientProtocolService.java:sendReply(353)) - 36-OrderedRequestStreamObserver36: sendReply seq=2312, RaftClientReply:client-EDB41257C35F->s2@group-5C26748AB2B1, cid=2342, SUCCESS, logIndex=2925, commits[s2:c2927, s0:c2917, s1:c2917]
2019-09-24 16:17:39,727 DEBUG client.GrpcClientProtocolService (GrpcClientProtocolService.java:sendReply(353)) - 1-OrderedRequestStreamObserver1: sendReply seq=4, RaftClientReply:client-FBE51ED1F687->s2@group-926153DB23B0, cid=2278, SUCCESS, logIndex=5, commits[s2:c10, s0:c1, s1:c1]
2019-09-24 16:17:39,730 DEBUG client.GrpcClientProtocolService (GrpcClientProtocolService.java:sendReply(353)) - 36-OrderedRequestStreamObserver36: sendReply seq=2313, RaftClientReply:client-EDB41257C35F->s2@group-5C26748AB2B1, cid=2343, SUCCESS, logIndex=2926, commits[s2:c2927, s0:c2917, s1:c2917]
2019-09-24 16:17:39,730 DEBUG client.GrpcClientProtocolService (GrpcClientProtocolService.java:sendReply(353)) - 36-OrderedRequestStreamObserver36: sendReply seq=2314, RaftClientReply:client-EDB41257C35F->s2@group-5C26748AB2B1, cid=2344, SUCCESS, logIndex=2927, commits[s2:c2931, s0:c2917, s1:c2917]
2019-09-24 16:17:39,730 DEBUG client.GrpcClientProtocolService (GrpcClientProtocolService.java:sendReply(353)) - 36-OrderedRequestStreamObserver36: sendReply seq=2315, RaftClientReply:client-EDB41257C35F->s2@group-5C26748AB2B1, cid=2345, SUCCESS, logIndex=2928, commits[s2:c2931, s0:c2917, s1:c2917]
2019-09-24 16:17:39,730 DEBUG client.GrpcClientProtocolService (GrpcClientProtocolService.java:sendReply(353)) - 36-OrderedRequestStreamObserver36: sendReply seq=2316, RaftClientReply:client-EDB41257C35F->s2@group-5C26748AB2B1, cid=2346, SUCCESS, logIndex=2929, commits[s2:c2931, s0:c2917, s1:c2917]
2019-09-24 16:17:39,731 DEBUG client.GrpcClientProtocolService (GrpcClientProtocolService.java:sendReply(353)) - 36-OrderedRequestStreamObserver36: sendReply seq=2317, RaftClientReply:client-EDB41257C35F->s2@group-5C26748AB2B1, cid=2347, SUCCESS, logIndex=2930, commits[s2:c2931, s0:c2917, s1:c2917]
2019-09-24 16:17:39,731 DEBUG client.GrpcClientProtocolService (GrpcClientProtocolService.java:sendReply(353)) - 36-OrderedRequestStreamObserver36: sendReply seq=2318, RaftClientReply:client-EDB41257C35F->s2@group-5C26748AB2B1, cid=2349, SUCCESS, logIndex=2931, commits[s2:c2934, s0:c2917, s1:c2917]
2019-09-24 16:17:39,731 DEBUG client.GrpcClientProtocolService (GrpcClientProtocolService.java:sendReply(353)) - 36-OrderedRequestStreamObserver36: sendReply seq=2319, RaftClientReply:client-EDB41257C35F->s2@group-5C26748AB2B1, cid=2350, SUCCESS, logIndex=2932, commits[s2:c2934, s0:c2917, s1:c2917]
2019-09-24 16:17:39,732 DEBUG client.GrpcClientProtocolService (GrpcClientProtocolService.java:sendReply(353)) - 36-OrderedRequestStreamObserver36: sendReply seq=2320, RaftClientReply:client-EDB41257C35F->s2@group-5C26748AB2B1, cid=2351, SUCCESS, logIndex=2933, commits[s2:c2934, s0:c2917, s1:c2917]
2019-09-24 16:17:39,732 DEBUG client.GrpcClientProtocolService (GrpcClientProtocolService.java:sendReply(353)) - 1-OrderedRequestStreamObserver1: sendReply seq=5, RaftClientReply:client-FBE51ED1F687->s2@group-926153DB23B0, cid=2279, SUCCESS, logIndex=6, commits[s2:c10, s0:c1, s1:c1]
2019-09-24 16:17:39,732 DEBUG client.GrpcClientProtocolService (GrpcClientProtocolService.java:sendReply(353)) - 1-OrderedRequestStreamObserver1: sendReply seq=6, RaftClientReply:client-FBE51ED1F687->s2@group-926153DB23B0, cid=2280, SUCCESS, logIndex=7, commits[s2:c16, s0:c1, s1:c1]
2019-09-24 16:17:39,734 DEBUG client.GrpcClientProtocolService (GrpcClientProtocolService.java:sendReply(353)) - 36-OrderedRequestStreamObserver36: sendReply seq=2321, RaftClientReply:client-EDB41257C35F->s2@group-5C26748AB2B1, cid=2352, SUCCESS, logIndex=2934, commits[s2:c2934, s0:c2917, s1:c2917]
2019-09-24 16:17:39,734 DEBUG client.GrpcClientProtocolService (GrpcClientProtocolService.java:sendReply(353)) - 36-OrderedRequestStreamObserver36: sendReply seq=2322, RaftClientReply:client-EDB41257C35F->s2@group-5C26748AB2B1, cid=2353, SUCCESS, logIndex=2935, commits[s2:c2945, s0:c2917, s1:c2917]
2019-09-24 16:17:39,735 DEBUG client.GrpcClientProtocolService (GrpcClientProtocolService.java:sendReply(353)) - 36-OrderedRequestStreamObserver36: sendReply seq=2323, RaftClientReply:client-EDB41257C35F->s2@group-5C26748AB2B1, cid=2354, SUCCESS, logIndex=2936, commits[s2:c2953, s0:c2917, s1:c2917]
2019-09-24 16:17:39,735 DEBUG client.GrpcClientProtocolService (GrpcClientProtocolService.java:sendReply(353)) - 36-OrderedRequestStreamObserver36: sendReply seq=2324, RaftClientReply:client-EDB41257C35F->s2@group-5C26748AB2B1, cid=2355, SUCCESS, logIndex=2937, commits[s2:c2953, s0:c2917, s1:c2917]
2019-09-24 16:17:39,735 DEBUG client.GrpcClientProtocolService (GrpcClientProtocolService.java:sendReply(353)) - 1-OrderedRequestStreamObserver1: sendReply seq=7, RaftClientReply:client-FBE51ED1F687->s2@group-926153DB23B0, cid=2281, SUCCESS, logIndex=8, commits[s2:c16, s0:c1, s1:c1]
2019-09-24 16:17:39,735 DEBUG client.GrpcClientProtocolService (GrpcClientProtocolService.java:sendReply(353)) - 36-OrderedRequestStreamObserver36: sendReply seq=2325, RaftClientReply:client-EDB41257C35F->s2@group-5C26748AB2B1, cid=2356, SUCCESS, logIndex=2938, commits[s2:c2953, s0:c2917, s1:c2917]
2019-09-24 16:17:39,735 DEBUG client.GrpcClientProtocolService (GrpcClientProtocolService.java:sendReply(353)) - 36-OrderedRequestStreamObserver36: sendReply seq=2326, RaftClientReply:client-EDB41257C35F->s2@group-5C26748AB2B1, cid=2357, SUCCESS, logIndex=2939, commits[s2:c2953, s0:c2917, s1:c2917]
2019-09-24 16:17:39,738 DEBUG client.GrpcClientProtocolService (GrpcClientProtocolService.java:sendReply(353)) - 1-OrderedRequestStreamObserver1: sendReply seq=8, RaftClientReply:client-FBE51ED1F687->s2@group-926153DB23B0, cid=2282, SUCCESS, logIndex=9, commits[s2:c17, s0:c1, s1:c1]
2019-09-24 16:17:39,738 DEBUG client.GrpcClientProtocolService (GrpcClientProtocolService.java:sendReply(353)) - 1-OrderedRequestStreamObserver1: sendReply seq=9, RaftClientReply:client-FBE51ED1F687->s2@group-926153DB23B0, cid=2283, SUCCESS, logIndex=10, commits[s2:c17, s0:c1, s1:c1]
2019-09-24 16:17:39,738 DEBUG client.GrpcClientProtocolService (GrpcClientProtocolService.java:sendReply(353)) - 1-OrderedRequestStreamObserver1: sendReply seq=10, RaftClientReply:client-FBE51ED1F687->s2@group-926153DB23B0, cid=2284, SUCCESS, logIndex=11, commits[s2:c17, s0:c1, s1:c1]
2019-09-24 16:17:39,738 DEBUG client.GrpcClientProtocolService (GrpcClientProtocolService.java:sendReply(353)) - 1-OrderedRequestStreamObserver1: sendReply seq=11, RaftClientReply:client-FBE51ED1F687->s2@group-926153DB23B0, cid=2285, SUCCESS, logIndex=12, commits[s2:c17, s0:c1, s1:c1]
2019-09-24 16:17:39,738 DEBUG client.GrpcClientProtocolService (GrpcClientProtocolService.java:sendReply(353)) - 1-OrderedRequestStreamObserver1: sendReply seq=12, RaftClientReply:client-FBE51ED1F687->s2@group-926153DB23B0, cid=2286, SUCCESS, logIndex=13, commits[s2:c17, s0:c1, s1:c1]
2019-09-24 16:17:39,739 DEBUG client.GrpcClientProtocolService (GrpcClientProtocolService.java:sendReply(353)) - 1-OrderedRequestStreamObserver1: sendReply seq=13, RaftClientReply:client-FBE51ED1F687->s2@group-926153DB23B0, cid=2287, SUCCESS, logIndex=14, commits[s2:c17, s0:c1, s1:c1]
2019-09-24 16:17:39,739 DEBUG client.GrpcClientProtocolService (GrpcClientProtocolService.java:sendReply(353)) - 36-OrderedRequestStreamObserver36: sendReply seq=2327, RaftClientReply:client-EDB41257C35F->s2@group-5C26748AB2B1, cid=2358, SUCCESS, logIndex=2940, commits[s2:c2953, s0:c2917, s1:c2917]
2019-09-24 16:17:39,741 DEBUG client.GrpcClientProtocolService (GrpcClientProtocolService.java:sendReply(353)) - 36-OrderedRequestStreamObserver36: sendReply seq=2328, RaftClientReply:client-EDB41257C35F->s2@group-5C26748AB2B1, cid=2359, SUCCESS, logIndex=2941, commits[s2:c2953, s0:c2917, s1:c2917]
2019-09-24 16:17:39,741 DEBUG client.GrpcClientProtocolService (GrpcClientProtocolService.java:sendReply(353)) - 36-OrderedRequestStreamObserver36: sendReply seq=2329, RaftClientReply:client-EDB41257C35F->s2@group-5C26748AB2B1, cid=2360, SUCCESS, logIndex=2942, commits[s2:c2955, s0:c2917, s1:c2917]
2019-09-24 16:17:39,741 DEBUG client.GrpcClientProtocolService (GrpcClientProtocolService.java:sendReply(353)) - 36-OrderedRequestStreamObserver36: sendReply seq=2330, RaftClientReply:client-EDB41257C35F->s2@group-5C26748AB2B1, cid=2361, SUCCESS, logIndex=2943, commits[s2:c2955, s0:c2917, s1:c2917]
2019-09-24 16:17:39,741 DEBUG client.GrpcClientProtocolService (GrpcClientProtocolService.java:sendReply(353)) - 36-OrderedRequestStreamObserver36: sendReply seq=2331, RaftClientReply:client-EDB41257C35F->s2@group-5C26748AB2B1, cid=2362, SUCCESS, logIndex=2944, commits[s2:c2955, s0:c2917, s1:c2917]
2019-09-24 16:17:39,741 DEBUG client.GrpcClientProtocolService (GrpcClientProtocolService.java:sendReply(353)) - 36-OrderedRequestStreamObserver36: sendReply seq=2332, RaftClientReply:client-EDB41257C35F->s2@group-5C26748AB2B1, cid=2363, SUCCESS, logIndex=2945, commits[s2:c2959, s0:c2917, s1:c2917]
2019-09-24 16:17:39,742 DEBUG client.GrpcClientProtocolService (GrpcClientProtocolService.java:sendReply(353)) - 1-OrderedRequestStreamObserver1: sendReply seq=14, RaftClientReply:client-FBE51ED1F687->s2@group-926153DB23B0, cid=2288, SUCCESS, logIndex=15, commits[s2:c19, s0:c1, s1:c1]
2019-09-24 16:17:39,742 DEBUG client.GrpcClientProtocolService (GrpcClientProtocolService.java:sendReply(353)) - 1-OrderedRequestStreamObserver1: sendReply seq=15, RaftClientReply:client-FBE51ED1F687->s2@group-926153DB23B0, cid=2289, SUCCESS, logIndex=16, commits[s2:c19, s0:c1, s1:c1]
2019-09-24 16:17:39,742 DEBUG client.GrpcClientProtocolService (GrpcClientProtocolService.java:sendReply(353)) - 1-OrderedRequestStreamObserver1: sendReply seq=16, RaftClientReply:client-FBE51ED1F687->s2@group-926153DB23B0, cid=2290, SUCCESS, logIndex=17, commits[s2:c19, s0:c1, s1:c1]
2019-09-24 16:17:39,743 DEBUG client.GrpcClientProtocolService (GrpcClientProtocolService.java:sendReply(353)) - 36-OrderedRequestStreamObserver36: sendReply seq=2333, RaftClientReply:client-EDB41257C35F->s2@group-5C26748AB2B1, cid=2364, SUCCESS, logIndex=2946, commits[s2:c2959, s0:c2917, s1:c2917]
2019-09-24 16:17:39,744 DEBUG client.GrpcClientProtocolService (GrpcClientProtocolService.java:sendReply(353)) - 1-OrderedRequestStreamObserver1: sendReply seq=17, RaftClientReply:client-FBE51ED1F687->s2@group-926153DB23B0, cid=2291, SUCCESS, logIndex=18, commits[s2:c21, s0:c1, s1:c1]
2019-09-24 16:17:39,745 DEBUG client.GrpcClientProtocolService (GrpcClientProtocolService.java:sendReply(353)) - 1-OrderedRequestStreamObserver1: sendReply seq=18, RaftClientReply:client-FBE51ED1F687->s2@group-926153DB23B0, cid=2292, SUCCESS, logIndex=19, commits[s2:c21, s0:c1, s1:c1]
2019-09-24 16:17:39,745 DEBUG client.GrpcClientProtocolService (GrpcClientProtocolService.java:sendReply(353)) - 1-OrderedRequestStreamObserver1: sendReply seq=19, RaftClientReply:client-FBE51ED1F687->s2@group-926153DB23B0, cid=2297, SUCCESS, logIndex=20, commits[s2:c26, s0:c1, s1:c1]
2019-09-24 16:17:39,745 DEBUG client.GrpcClientProtocolService (GrpcClientProtocolService.java:sendReply(353)) - 1-OrderedRequestStreamObserver1: sendReply seq=20, RaftClientReply:client-FBE51ED1F687->s2@group-926153DB23B0, cid=2307, SUCCESS, logIndex=21, commits[s2:c26, s0:c1, s1:c1]
2019-09-24 16:17:39,745 DEBUG client.GrpcClientProtocolService (GrpcClientProtocolService.java:sendReply(353)) - 1-OrderedRequestStreamObserver1: sendReply seq=21, RaftClientReply:client-FBE51ED1F687->s2@group-926153DB23B0, cid=2332, SUCCESS, logIndex=22, commits[s2:c26, s0:c1, s1:c1]
2019-09-24 16:17:39,745 DEBUG client.GrpcClientProtocolService (GrpcClientProtocolService.java:sendReply(353)) - 1-OrderedRequestStreamObserver1: sendReply seq=22, RaftClientReply:client-FBE51ED1F687->s2@group-926153DB23B0, cid=2338, SUCCESS, logIndex=23, commits[s2:c26, s0:c1, s1:c1]
2019-09-24 16:17:39,745 DEBUG client.GrpcClientProtocolService (GrpcClientProtocolService.java:sendReply(353)) - 1-OrderedRequestStreamObserver1: sendReply seq=23, RaftClientReply:client-FBE51ED1F687->s2@group-926153DB23B0, cid=2348, SUCCESS, logIndex=24, commits[s2:c26, s0:c1, s1:c1]
2019-09-24 16:17:39,746 DEBUG client.GrpcClientProtocolService (GrpcClientProtocolService.java:sendReply(353)) - 36-OrderedRequestStreamObserver36: sendReply seq=2334, RaftClientReply:client-EDB41257C35F->s2@group-5C26748AB2B1, cid=2365, SUCCESS, logIndex=2947, commits[s2:c2963, s0:c2917, s1:c2917]
2019-09-24 16:17:39,746 DEBUG client.GrpcClientProtocolService (GrpcClientProtocolService.java:sendReply(353)) - 36-OrderedRequestStreamObserver36: sendReply seq=2335, RaftClientReply:client-EDB41257C35F->s2@group-5C26748AB2B1, cid=2366, SUCCESS, logIndex=2948, commits[s2:c2967, s0:c2917, s1:c2917]
2019-09-24 16:17:39,746 DEBUG client.GrpcClientProtocolService (GrpcClientProtocolService.java:sendReply(353)) - 36-OrderedRequestStreamObserver36: sendReply seq=2336, RaftClientReply:client-EDB41257C35F->s2@group-5C26748AB2B1, cid=2367, SUCCESS, logIndex=2949, commits[s2:c2967, s0:c2917, s1:c2917]
2019-09-24 16:17:39,747 DEBUG client.GrpcClientProtocolService (GrpcClientProtocolService.java:sendReply(353)) - 36-OrderedRequestStreamObserver36: sendReply seq=2337, RaftClientReply:client-EDB41257C35F->s2@group-5C26748AB2B1, cid=2368, SUCCESS, logIndex=2950, commits[s2:c2967, s0:c2917, s1:c2917]
2019-09-24 16:17:39,747 DEBUG client.GrpcClientProtocolService (GrpcClientProtocolService.java:sendReply(353)) - 36-OrderedRequestStreamObserver36: sendReply seq=2338, RaftClientReply:client-EDB41257C35F->s2@group-5C26748AB2B1, cid=2369, SUCCESS, logIndex=2951, commits[s2:c2969, s0:c2917, s1:c2917]
2019-09-24 16:17:39,747 DEBUG client.GrpcClientProtocolService (GrpcClientProtocolService.java:sendReply(353)) - 36-OrderedRequestStreamObserver36: sendReply seq=2339, RaftClientReply:client-EDB41257C35F->s2@group-5C26748AB2B1, cid=2371, SUCCESS, logIndex=2952, commits[s2:c2969, s0:c2917, s1:c2917]
2019-09-24 16:17:39,747 DEBUG client.GrpcClientProtocolService (GrpcClientProtocolService.java:sendReply(353)) - 36-OrderedRequestStreamObserver36: sendReply seq=2340, RaftClientReply:client-EDB41257C35F->s2@group-5C26748AB2B1, cid=2372, SUCCESS, logIndex=2953, commits[s2:c2969, s0:c2917, s1:c2917]
2019-09-24 16:17:39,747 DEBUG client.GrpcClientProtocolService (GrpcClientProtocolService.java:sendReply(353)) - 36-OrderedRequestStreamObserver36: sendReply seq=2341, RaftClientReply:client-EDB41257C35F->s2@group-5C26748AB2B1, cid=2373, SUCCESS, logIndex=2954, commits[s2:c2969, s0:c2917, s1:c2917]
2019-09-24 16:17:39,747 DEBUG client.GrpcClientProtocolService (GrpcClientProtocolService.java:sendReply(353)) - 36-OrderedRequestStreamObserver36: sendReply seq=2342, RaftClientReply:client-EDB41257C35F->s2@group-5C26748AB2B1, cid=2374, SUCCESS, logIndex=2955, commits[s2:c2969, s0:c2917, s1:c2917]
2019-09-24 16:17:39,747 DEBUG client.GrpcClientProtocolService (GrpcClientProtocolService.java:sendReply(353)) - 36-OrderedRequestStreamObserver36: sendReply seq=2343, RaftClientReply:client-EDB41257C35F->s2@group-5C26748AB2B1, cid=2375, SUCCESS, logIndex=2956, commits[s2:c2969, s0:c2917, s1:c2917]
2019-09-24 16:17:39,748 DEBUG client.GrpcClientProtocolService (GrpcClientProtocolService.java:sendReply(353)) - 36-OrderedRequestStreamObserver36: sendReply seq=2344, RaftClientReply:client-EDB41257C35F->s2@group-5C26748AB2B1, cid=2376, SUCCESS, logIndex=2957, commits[s2:c2971, s0:c2917, s1:c2917]
2019-09-24 16:17:39,748 DEBUG client.GrpcClientProtocolService (GrpcClientProtocolService.java:sendReply(353)) - 1-OrderedRequestStreamObserver1: sendReply seq=24, RaftClientReply:client-FBE51ED1F687->s2@group-926153DB23B0, cid=2370, SUCCESS, logIndex=25, commits[s2:c28, s0:c1, s1:c1]
2019-09-24 16:17:39,750 DEBUG client.GrpcClientProtocolService (GrpcClientProtocolService.java:sendReply(353)) - 1-OrderedRequestStreamObserver1: sendReply seq=25, RaftClientReply:client-FBE51ED1F687->s2@group-926153DB23B0, cid=2405, SUCCESS, logIndex=26, commits[s2:c28, s0:c1, s1:c1]
2019-09-24 16:17:39,750 DEBUG client.GrpcClientProtocolService (GrpcClientProtocolService.java:sendReply(353)) - 1-OrderedRequestStreamObserver1: sendReply seq=26, RaftClientReply:client-FBE51ED1F687->s2@group-926153DB23B0, cid=2406, SUCCESS, logIndex=27, commits[s2:c29, s0:c1, s1:c1]
2019-09-24 16:17:39,750 DEBUG client.GrpcClientProtocolService (GrpcClientProtocolService.java:sendReply(353)) - 1-OrderedRequestStreamObserver1: sendReply seq=27, RaftClientReply:client-FBE51ED1F687->s2@group-926153DB23B0, cid=2411, SUCCESS, logIndex=28, commits[s2:c29, s0:c1, s1:c1]
2019-09-24 16:17:39,751 DEBUG client.GrpcClientProtocolService (GrpcClientProtocolService.java:sendReply(353)) - 36-OrderedRequestStreamObserver36: sendReply seq=2345, RaftClientReply:client-EDB41257C35F->s2@group-5C26748AB2B1, cid=2377, SUCCESS, logIndex=2958, commits[s2:c2973, s0:c2917, s1:c2917]
2019-09-24 16:17:39,751 DEBUG client.GrpcClientProtocolService (GrpcClientProtocolService.java:sendReply(353)) - 1-OrderedRequestStreamObserver1: sendReply seq=28, RaftClientReply:client-FBE51ED1F687->s2@group-926153DB23B0, cid=2442, SUCCESS, logIndex=29, commits[s2:c29, s0:c1, s1:c1]
2019-09-24 16:17:39,751 DEBUG client.GrpcClientProtocolService (GrpcClientProtocolService.java:sendReply(353)) - 36-OrderedRequestStreamObserver36: sendReply seq=2346, RaftClientReply:client-EDB41257C35F->s2@group-5C26748AB2B1, cid=2378, SUCCESS, logIndex=2959, commits[s2:c2973, s0:c2917, s1:c2917]
2019-09-24 16:17:39,751 DEBUG client.GrpcClientProtocolService (GrpcClientProtocolService.java:sendReply(353)) - 36-OrderedRequestStreamObserver36: sendReply seq=2347, RaftClientReply:client-EDB41257C35F->s2@group-5C26748AB2B1, cid=2379, SUCCESS, logIndex=2960, commits[s2:c2973, s0:c2917, s1:c2917]
2019-09-24 16:17:39,751 DEBUG client.GrpcClientProtocolService (GrpcClientProtocolService.java:sendReply(353)) - 36-OrderedRequestStreamObserver36: sendReply seq=2348, RaftClientReply:client-EDB41257C35F->s2@group-5C26748AB2B1, cid=2380, SUCCESS, logIndex=2961, commits[s2:c2973, s0:c2917, s1:c2917]
2019-09-24 16:17:39,751 DEBUG client.GrpcClientProtocolService (GrpcClientProtocolService.java:sendReply(353)) - 36-OrderedRequestStreamObserver36: sendReply seq=2349, RaftClientReply:client-EDB41257C35F->s2@group-5C26748AB2B1, cid=2381, SUCCESS, logIndex=2962, commits[s2:c2977, s0:c2917, s1:c2917]
2019-09-24 16:17:39,752 DEBUG client.GrpcClientProtocolService (GrpcClientProtocolService.java:sendReply(353)) - 36-OrderedRequestStreamObserver36: sendReply seq=2350, RaftClientReply:client-EDB41257C35F->s2@group-5C26748AB2B1, cid=2382, SUCCESS, logIndex=2963, commits[s2:c2982, s0:c2917, s1:c2917]
2019-09-24 16:17:39,752 DEBUG client.GrpcClientProtocolService (GrpcClientProtocolService.java:sendReply(353)) - 1-OrderedRequestStreamObserver1: sendReply seq=29, RaftClientReply:client-FBE51ED1F687->s2@group-926153DB23B0, cid=2443, SUCCESS, logIndex=30, commits[s2:c30, s0:c1, s1:c1]
2019-09-24 16:17:39,752 DEBUG client.GrpcClientProtocolService (GrpcClientProtocolService.java:sendReply(353)) - 1-OrderedRequestStreamObserver1: sendReply seq=30, RaftClientReply:client-FBE51ED1F687->s2@group-926153DB23B0, cid=2444, SUCCESS, logIndex=31, commits[s2:c34, s0:c1, s1:c1]
2019-09-24 16:17:39,752 DEBUG client.GrpcClientProtocolService (GrpcClientProtocolService.java:sendReply(353)) - 36-OrderedRequestStreamObserver36: sendReply seq=2351, RaftClientReply:client-EDB41257C35F->s2@group-5C26748AB2B1, cid=2383, SUCCESS, logIndex=2964, commits[s2:c2982, s0:c2917, s1:c2917]
2019-09-24 16:17:39,753 DEBUG client.GrpcClientProtocolService (GrpcClientProtocolService.java:sendReply(353)) - 1-OrderedRequestStreamObserver1: sendReply seq=31, RaftClientReply:client-FBE51ED1F687->s2@group-926153DB23B0, cid=2445, SUCCESS, logIndex=32, commits[s2:c34, s0:c1, s1:c1]
2019-09-24 16:17:39,753 DEBUG client.GrpcClientProtocolService (GrpcClientProtocolService.java:sendReply(353)) - 36-OrderedRequestStreamObserver36: sendReply seq=2352, RaftClientReply:client-EDB41257C35F->s2@group-5C26748AB2B1, cid=2384, SUCCESS, logIndex=2965, commits[s2:c2982, s0:c2917, s1:c2917]
2019-09-24 16:17:39,753 DEBUG client.GrpcClientProtocolService (GrpcClientProtocolService.java:sendReply(353)) - 36-OrderedRequestStreamObserver36: sendReply seq=2353, RaftClientReply:client-EDB41257C35F->s2@group-5C26748AB2B1, cid=2385, SUCCESS, logIndex=2966, commits[s2:c2982, s0:c2917, s1:c2917]
2019-09-24 16:17:39,753 DEBUG client.GrpcClientProtocolService (GrpcClientProtocolService.java:sendReply(353)) - 1-OrderedRequestStreamObserver1: sendReply seq=32, RaftClientReply:client-FBE51ED1F687->s2@group-926153DB23B0, cid=2446, SUCCESS, logIndex=33, commits[s2:c34, s0:c1, s1:c1]
2019-09-24 16:17:39,753 DEBUG client.GrpcClientProtocolService (GrpcClientProtocolService.java:sendReply(353)) - 36-OrderedRequestStreamObserver36: sendReply seq=2354, RaftClientReply:client-EDB41257C35F->s2@group-5C26748AB2B1, cid=2386, SUCCESS, logIndex=2967, commits[s2:c2982, s0:c2917, s1:c2917]
2019-09-24 16:17:39,753 DEBUG client.GrpcClientProtocolService (GrpcClientProtocolService.java:sendReply(353)) - 1-OrderedRequestStreamObserver1: sendReply seq=33, RaftClientReply:client-FBE51ED1F687->s2@group-926153DB23B0, cid=2447, SUCCESS, logIndex=34, commits[s2:c34, s0:c1, s1:c1]
2019-09-24 16:17:39,754 DEBUG client.GrpcClientProtocolService (GrpcClientProtocolService.java:sendReply(353)) - 36-OrderedRequestStreamObserver36: sendReply seq=2355, RaftClientReply:client-EDB41257C35F->s2@group-5C26748AB2B1, cid=2387, SUCCESS, logIndex=2968, commits[s2:c2982, s0:c2917, s1:c2917]
2019-09-24 16:17:39,754 DEBUG client.GrpcClientProtocolService (GrpcClientProtocolService.java:sendReply(353)) - 36-OrderedRequestStreamObserver36: sendReply seq=2356, RaftClientReply:client-EDB41257C35F->s2@group-5C26748AB2B1, cid=2388, SUCCESS, logIndex=2969, commits[s2:c2990, s0:c2917, s1:c2917]
2019-09-24 16:17:39,754 DEBUG client.GrpcClientProtocolService (GrpcClientProtocolService.java:sendReply(353)) - 36-OrderedRequestStreamObserver36: sendReply seq=2357, RaftClientReply:client-EDB41257C35F->s2@group-5C26748AB2B1, cid=2389, SUCCESS, logIndex=2970, commits[s2:c2990, s0:c2917, s1:c2917]
2019-09-24 16:17:39,754 DEBUG client.GrpcClientProtocolService (GrpcClientProtocolService.java:sendReply(353)) - 36-OrderedRequestStreamObserver36: sendReply seq=2358, RaftClientReply:client-EDB41257C35F->s2@group-5C26748AB2B1, cid=2390, SUCCESS, logIndex=2971, commits[s2:c2990, s0:c2917, s1:c2917]
2019-09-24 16:17:39,754 DEBUG client.GrpcClientProtocolService (GrpcClientProtocolService.java:sendReply(353)) - 1-OrderedRequestStreamObserver1: sendReply seq=34, RaftClientReply:client-FBE51ED1F687->s2@group-926153DB23B0, cid=2448, SUCCESS, logIndex=35, commits[s2:c35, s0:c1, s1:c1]
2019-09-24 16:17:39,754 DEBUG client.GrpcClientProtocolService (GrpcClientProtocolService.java:sendReply(353)) - 36-OrderedRequestStreamObserver36: sendReply seq=2359, RaftClientReply:client-EDB41257C35F->s2@group-5C26748AB2B1, cid=2391, SUCCESS, logIndex=2972, commits[s2:c2990, s0:c2917, s1:c2917]
2019-09-24 16:17:39,756 DEBUG client.GrpcClientProtocolService (GrpcClientProtocolService.java:sendReply(353)) - 36-OrderedRequestStreamObserver36: sendReply seq=2360, RaftClientReply:client-EDB41257C35F->s2@group-5C26748AB2B1, cid=2392, SUCCESS, logIndex=2973, commits[s2:c2990, s0:c2917, s1:c2917]
2019-09-24 16:17:39,756 DEBUG client.GrpcClientProtocolService (GrpcClientProtocolService.java:sendReply(353)) - 1-OrderedRequestStreamObserver1: sendReply seq=35, RaftClientReply:client-FBE51ED1F687->s2@group-926153DB23B0, cid=2449, SUCCESS, logIndex=36, commits[s2:c39, s0:c1, s1:c1]
2019-09-24 16:17:39,756 DEBUG client.GrpcClientProtocolService (GrpcClientProtocolService.java:sendReply(353)) - 1-OrderedRequestStreamObserver1: sendReply seq=36, RaftClientReply:client-FBE51ED1F687->s2@group-926153DB23B0, cid=2450, SUCCESS, logIndex=37, commits[s2:c39, s0:c1, s1:c1]
2019-09-24 16:17:39,756 DEBUG client.GrpcClientProtocolService (GrpcClientProtocolService.java:sendReply(353)) - 1-OrderedRequestStreamObserver1: sendReply seq=37, RaftClientReply:client-FBE51ED1F687->s2@group-926153DB23B0, cid=2451, SUCCESS, logIndex=38, commits[s2:c39, s0:c1, s1:c1]
2019-09-24 16:17:39,756 DEBUG client.GrpcClientProtocolService (GrpcClientProtocolService.java:sendReply(353)) - 36-OrderedRequestStreamObserver36: sendReply seq=2361, RaftClientReply:client-EDB41257C35F->s2@group-5C26748AB2B1, cid=2393, SUCCESS, logIndex=2974, commits[s2:c2990, s0:c2917, s1:c2917]
2019-09-24 16:17:39,756 DEBUG client.GrpcClientProtocolService (GrpcClientProtocolService.java:sendReply(353)) - 1-OrderedRequestStreamObserver1: sendReply seq=38, RaftClientReply:client-FBE51ED1F687->s2@group-926153DB23B0, cid=2452, SUCCESS, logIndex=39, commits[s2:c39, s0:c1, s1:c1]
2019-09-24 16:17:39,756 DEBUG client.GrpcClientProtocolService (GrpcClientProtocolService.java:sendReply(353)) - 36-OrderedRequestStreamObserver36: sendReply seq=2362, RaftClientReply:client-EDB41257C35F->s2@group-5C26748AB2B1, cid=2394, SUCCESS, logIndex=2975, commits[s2:c2990, s0:c2917, s1:c2917]
2019-09-24 16:17:39,757 DEBUG client.GrpcClientProtocolService (GrpcClientProtocolService.java:sendReply(353)) - 36-OrderedRequestStreamObserver36: sendReply seq=2363, RaftClientReply:client-EDB41257C35F->s2@group-5C26748AB2B1, cid=2395, SUCCESS, logIndex=2976, commits[s2:c2990, s0:c2917, s1:c2917]
2019-09-24 16:17:39,757 DEBUG client.GrpcClientProtocolService (GrpcClientProtocolService.java:sendReply(353)) - 36-OrderedRequestStreamObserver36: sendReply seq=2364, RaftClientReply:client-EDB41257C35F->s2@group-5C26748AB2B1, cid=2396, SUCCESS, logIndex=2977, commits[s2:c2990, s0:c2917, s1:c2917]
2019-09-24 16:17:39,757 DEBUG client.GrpcClientProtocolService (GrpcClientProtocolService.java:sendReply(353)) - 36-OrderedRequestStreamObserver36: sendReply seq=2365, RaftClientReply:client-EDB41257C35F->s2@group-5C26748AB2B1, cid=2397, SUCCESS, logIndex=2978, commits[s2:c2990, s0:c2917, s1:c2917]
2019-09-24 16:17:39,757 DEBUG client.GrpcClientProtocolService (GrpcClientProtocolService.java:sendReply(353)) - 36-OrderedRequestStreamObserver36: sendReply seq=2366, RaftClientReply:client-EDB41257C35F->s2@group-5C26748AB2B1, cid=2398, SUCCESS, logIndex=2979, commits[s2:c2990, s0:c2917, s1:c2917]
2019-09-24 16:17:39,757 DEBUG client.GrpcClientProtocolService (GrpcClientProtocolService.java:sendReply(353)) - 36-OrderedRequestStreamObserver36: sendReply seq=2367, RaftClientReply:client-EDB41257C35F->s2@group-5C26748AB2B1, cid=2399, SUCCESS, logIndex=2980, commits[s2:c2990, s0:c2917, s1:c2917]
2019-09-24 16:17:39,757 DEBUG client.GrpcClientProtocolService (GrpcClientProtocolService.java:sendReply(353)) - 36-OrderedRequestStreamObserver36: sendReply seq=2368, RaftClientReply:client-EDB41257C35F->s2@group-5C26748AB2B1, cid=2400, SUCCESS, logIndex=2981, commits[s2:c2990, s0:c2917, s1:c2917]
2019-09-24 16:17:39,757 DEBUG client.GrpcClientProtocolService (GrpcClientProtocolService.java:sendReply(353)) - 36-OrderedRequestStreamObserver36: sendReply seq=2369, RaftClientReply:client-EDB41257C35F->s2@group-5C26748AB2B1, cid=2401, SUCCESS, logIndex=2982, commits[s2:c2990, s0:c2917, s1:c2917]
2019-09-24 16:17:39,757 DEBUG client.GrpcClientProtocolService (GrpcClientProtocolService.java:sendReply(353)) - 36-OrderedRequestStreamObserver36: sendReply seq=2370, RaftClientReply:client-EDB41257C35F->s2@group-5C26748AB2B1, cid=2402, SUCCESS, logIndex=2983, commits[s2:c2990, s0:c2917, s1:c2917]
2019-09-24 16:17:39,758 DEBUG client.GrpcClientProtocolService (GrpcClientProtocolService.java:sendReply(353)) - 36-OrderedRequestStreamObserver36: sendReply seq=2371, RaftClientReply:client-EDB41257C35F->s2@group-5C26748AB2B1, cid=2403, SUCCESS, logIndex=2984, commits[s2:c2990, s0:c2917, s1:c2917]
2019-09-24 16:17:39,758 DEBUG client.GrpcClientProtocolService (GrpcClientProtocolService.java:sendReply(353)) - 36-OrderedRequestStreamObserver36: sendReply seq=2372, RaftClientReply:client-EDB41257C35F->s2@group-5C26748AB2B1, cid=2404, SUCCESS, logIndex=2985, commits[s2:c2990, s0:c2917, s1:c2917]
2019-09-24 16:17:39,758 DEBUG client.GrpcClientProtocolService (GrpcClientProtocolService.java:sendReply(353)) - 36-OrderedRequestStreamObserver36: sendReply seq=2373, RaftClientReply:client-EDB41257C35F->s2@group-5C26748AB2B1, cid=2407, SUCCESS, logIndex=2990, commits[s2:c2990, s0:c2917, s1:c2917]
2019-09-24 16:17:39,764 DEBUG client.GrpcClientProtocolService (GrpcClientProtocolService.java:sendReply(353)) - 36-OrderedRequestStreamObserver36: sendReply seq=2374, RaftClientReply:client-EDB41257C35F->s2@group-5C26748AB2B1, cid=2408, SUCCESS, logIndex=2991, commits[s2:c2991, s0:c2917, s1:c2917]
2019-09-24 16:17:39,767 DEBUG client.GrpcClientProtocolService (GrpcClientProtocolService.java:sendReply(353)) - 36-OrderedRequestStreamObserver36: sendReply seq=2375, RaftClientReply:client-EDB41257C35F->s2@group-5C26748AB2B1, cid=2409, SUCCESS, logIndex=2992, commits[s2:c2992, s0:c2917, s1:c2917]
2019-09-24 16:17:39,768 DEBUG client.GrpcClientProtocolService (GrpcClientProtocolService.java:sendReply(353)) - 36-OrderedRequestStreamObserver36: sendReply seq=2376, RaftClientReply:client-EDB41257C35F->s2@group-5C26748AB2B1, cid=2410, SUCCESS, logIndex=2993, commits[s2:c2994, s0:c2917, s1:c2917]
2019-09-24 16:17:39,768 DEBUG client.GrpcClientProtocolService (GrpcClientProtocolService.java:sendReply(353)) - 36-OrderedRequestStreamObserver36: sendReply seq=2377, RaftClientReply:client-EDB41257C35F->s2@group-5C26748AB2B1, cid=2412, SUCCESS, logIndex=2994, commits[s2:c2994, s0:c2917, s1:c2917]
2019-09-24 16:17:39,770 DEBUG client.GrpcClientProtocolService (GrpcClientProtocolService.java:sendReply(353)) - 36-OrderedRequestStreamObserver36: sendReply seq=2378, RaftClientReply:client-EDB41257C35F->s2@group-5C26748AB2B1, cid=2413, SUCCESS, logIndex=2995, commits[s2:c2995, s0:c2917, s1:c2917]
2019-09-24 16:17:39,772 DEBUG client.GrpcClientProtocolService (GrpcClientProtocolService.java:sendReply(353)) - 36-OrderedRequestStreamObserver36: sendReply seq=2379, RaftClientReply:client-EDB41257C35F->s2@group-5C26748AB2B1, cid=2414, SUCCESS, logIndex=2996, commits[s2:c2996, s0:c2917, s1:c2917]
2019-09-24 16:17:39,772 DEBUG client.GrpcClientProtocolService (GrpcClientProtocolService.java:sendReply(353)) - 36-OrderedRequestStreamObserver36: sendReply seq=2380, RaftClientReply:client-EDB41257C35F->s2@group-5C26748AB2B1, cid=2415, SUCCESS, logIndex=2997, commits[s2:c2999, s0:c2917, s1:c2917]
2019-09-24 16:17:39,773 DEBUG client.GrpcClientProtocolService (GrpcClientProtocolService.java:sendReply(353)) - 36-OrderedRequestStreamObserver36: sendReply seq=2381, RaftClientReply:client-EDB41257C35F->s2@group-5C26748AB2B1, cid=2416, SUCCESS, logIndex=2998, commits[s2:c2999, s0:c2917, s1:c2917]
2019-09-24 16:17:39,773 DEBUG client.GrpcClientProtocolService (GrpcClientProtocolService.java:sendReply(353)) - 36-OrderedRequestStreamObserver36: sendReply seq=2382, RaftClientReply:client-EDB41257C35F->s2@group-5C26748AB2B1, cid=2417, SUCCESS, logIndex=2999, commits[s2:c3008, s0:c2917, s1:c2917]
2019-09-24 16:17:39,776 DEBUG client.GrpcClientProtocolService (GrpcClientProtocolService.java:sendReply(353)) - 36-OrderedRequestStreamObserver36: sendReply seq=2383, RaftClientReply:client-EDB41257C35F->s2@group-5C26748AB2B1, cid=2418, SUCCESS, logIndex=3000, commits[s2:c3008, s0:c2917, s1:c2917]
2019-09-24 16:17:39,776 DEBUG client.GrpcClientProtocolService (GrpcClientProtocolService.java:sendReply(353)) - 36-OrderedRequestStreamObserver36: sendReply seq=2384, RaftClientReply:client-EDB41257C35F->s2@group-5C26748AB2B1, cid=2419, SUCCESS, logIndex=3001, commits[s2:c3008, s0:c2917, s1:c2917]
2019-09-24 16:17:39,776 DEBUG client.GrpcClientProtocolService (GrpcClientProtocolService.java:sendReply(353)) - 36-OrderedRequestStreamObserver36: sendReply seq=2385, RaftClientReply:client-EDB41257C35F->s2@group-5C26748AB2B1, cid=2420, SUCCESS, logIndex=3002, commits[s2:c3008, s0:c2917, s1:c2917]
2019-09-24 16:17:39,776 DEBUG client.GrpcClientProtocolService (GrpcClientProtocolService.java:sendReply(353)) - 36-OrderedRequestStreamObserver36: sendReply seq=2386, RaftClientReply:client-EDB41257C35F->s2@group-5C26748AB2B1, cid=2421, SUCCESS, logIndex=3003, commits[s2:c3022, s0:c2917, s1:c2917]
2019-09-24 16:17:39,776 DEBUG client.GrpcClientProtocolService (GrpcClientProtocolService.java:sendReply(353)) - 36-OrderedRequestStreamObserver36: sendReply seq=2387, RaftClientReply:client-EDB41257C35F->s2@group-5C26748AB2B1, cid=2422, SUCCESS, logIndex=3004, commits[s2:c3022, s0:c2917, s1:c2917]
2019-09-24 16:17:39,777 DEBUG client.GrpcClientProtocolService (GrpcClientProtocolService.java:sendReply(353)) - 36-OrderedRequestStreamObserver36: sendReply seq=2388, RaftClientReply:client-EDB41257C35F->s2@group-5C26748AB2B1, cid=2423, SUCCESS, logIndex=3005, commits[s2:c3022, s0:c2917, s1:c2931]
2019-09-24 16:17:39,777 DEBUG client.GrpcClientProtocolService (GrpcClientProtocolService.java:sendReply(353)) - 36-OrderedRequestStreamObserver36: sendReply seq=2389, RaftClientReply:client-EDB41257C35F->s2@group-5C26748AB2B1, cid=2424, SUCCESS, logIndex=3006, commits[s2:c3022, s0:c2917, s1:c2931]
2019-09-24 16:17:39,777 DEBUG client.GrpcClientProtocolService (GrpcClientProtocolService.java:sendReply(353)) - 36-OrderedRequestStreamObserver36: sendReply seq=2390, RaftClientReply:client-EDB41257C35F->s2@group-5C26748AB2B1, cid=2425, SUCCESS, logIndex=3007, commits[s2:c3024, s0:c2917, s1:c2931]
2019-09-24 16:17:39,777 DEBUG client.GrpcClientProtocolService (GrpcClientProtocolService.java:sendReply(353)) - 36-OrderedRequestStreamObserver36: sendReply seq=2391, RaftClientReply:client-EDB41257C35F->s2@group-5C26748AB2B1, cid=2426, SUCCESS, logIndex=3008, commits[s2:c3024, s0:c2917, s1:c2931]
2019-09-24 16:17:39,778 DEBUG client.GrpcClientProtocolService (GrpcClientProtocolService.java:sendReply(353)) - 36-OrderedRequestStreamObserver36: sendReply seq=2392, RaftClientReply:client-EDB41257C35F->s2@group-5C26748AB2B1, cid=2427, SUCCESS, logIndex=3009, commits[s2:c3024, s0:c2917, s1:c2931]
2019-09-24 16:17:39,778 DEBUG client.GrpcClientProtocolService (GrpcClientProtocolService.java:sendReply(353)) - 36-OrderedRequestStreamObserver36: sendReply seq=2393, RaftClientReply:client-EDB41257C35F->s2@group-5C26748AB2B1, cid=2428, SUCCESS, logIndex=3010, commits[s2:c3024, s0:c2917, s1:c2953]
2019-09-24 16:17:39,779 DEBUG client.GrpcClientProtocolService (GrpcClientProtocolService.java:sendReply(353)) - 36-OrderedRequestStreamObserver36: sendReply seq=2394, RaftClientReply:client-EDB41257C35F->s2@group-5C26748AB2B1, cid=2429, SUCCESS, logIndex=3011, commits[s2:c3024, s0:c2917, s1:c2953]
2019-09-24 16:17:39,779 DEBUG client.GrpcClientProtocolService (GrpcClientProtocolService.java:sendReply(353)) - 36-OrderedRequestStreamObserver36: sendReply seq=2395, RaftClientReply:client-EDB41257C35F->s2@group-5C26748AB2B1, cid=2430, SUCCESS, logIndex=3012, commits[s2:c3024, s0:c2917, s1:c2953]
2019-09-24 16:17:39,779 DEBUG client.GrpcClientProtocolService (GrpcClientProtocolService.java:sendReply(353)) - 36-OrderedRequestStreamObserver36: sendReply seq=2396, RaftClientReply:client-EDB41257C35F->s2@group-5C26748AB2B1, cid=2431, SUCCESS, logIndex=3013, commits[s2:c3024, s0:c2934, s1:c2953]
2019-09-24 16:17:39,780 DEBUG client.GrpcClientProtocolService (GrpcClientProtocolService.java:sendReply(353)) - 36-OrderedRequestStreamObserver36: sendReply seq=2397, RaftClientReply:client-EDB41257C35F->s2@group-5C26748AB2B1, cid=2432, SUCCESS, logIndex=3014, commits[s2:c3024, s0:c2948, s1:c2953]
2019-09-24 16:17:39,781 DEBUG client.GrpcClientProtocolService (GrpcClientProtocolService.java:sendReply(353)) - 36-OrderedRequestStreamObserver36: sendReply seq=2398, RaftClientReply:client-EDB41257C35F->s2@group-5C26748AB2B1, cid=2433, SUCCESS, logIndex=3015, commits[s2:c3024, s0:c2948, s1:c2969]
2019-09-24 16:17:39,781 DEBUG client.GrpcClientProtocolService (GrpcClientProtocolService.java:sendReply(353)) - 36-OrderedRequestStreamObserver36: sendReply seq=2399, RaftClientReply:client-EDB41257C35F->s2@group-5C26748AB2B1, cid=2434, SUCCESS, logIndex=3016, commits[s2:c3024, s0:c2951, s1:c2973]
2019-09-24 16:17:39,781 DEBUG client.GrpcClientProtocolService (GrpcClientProtocolService.java:sendReply(353)) - 36-OrderedRequestStreamObserver36: sendReply seq=2400, RaftClientReply:client-EDB41257C35F->s2@group-5C26748AB2B1, cid=2435, SUCCESS, logIndex=3017, commits[s2:c3024, s0:c2951, s1:c2982]
2019-09-24 16:17:39,782 DEBUG client.GrpcClientProtocolService (GrpcClientProtocolService.java:sendReply(353)) - 36-OrderedRequestStreamObserver36: sendReply seq=2401, RaftClientReply:client-EDB41257C35F->s2@group-5C26748AB2B1, cid=2436, SUCCESS, logIndex=3018, commits[s2:c3024, s0:c2951, s1:c2982]
2019-09-24 16:17:39,782 DEBUG client.GrpcClientProtocolService (GrpcClientProtocolService.java:sendReply(353)) - 36-OrderedRequestStreamObserver36: sendReply seq=2402, RaftClientReply:client-EDB41257C35F->s2@group-5C26748AB2B1, cid=2437, SUCCESS, logIndex=3019, commits[s2:c3024, s0:c2969, s1:c2982]
2019-09-24 16:17:39,782 DEBUG client.GrpcClientProtocolService (GrpcClientProtocolService.java:sendReply(353)) - 36-OrderedRequestStreamObserver36: sendReply seq=2403, RaftClientReply:client-EDB41257C35F->s2@group-5C26748AB2B1, cid=2438, SUCCESS, logIndex=3020, commits[s2:c3024, s0:c2973, s1:c2982]
2019-09-24 16:17:39,783 DEBUG client.GrpcClientProtocolService (GrpcClientProtocolService.java:sendReply(353)) - 36-OrderedRequestStreamObserver36: sendReply seq=2404, RaftClientReply:client-EDB41257C35F->s2@group-5C26748AB2B1, cid=2439, SUCCESS, logIndex=3021, commits[s2:c3024, s0:c2973, s1:c2982]
2019-09-24 16:17:39,783 DEBUG client.GrpcClientProtocolService (GrpcClientProtocolService.java:sendReply(353)) - 36-OrderedRequestStreamObserver36: sendReply seq=2405, RaftClientReply:client-EDB41257C35F->s2@group-5C26748AB2B1, cid=2440, SUCCESS, logIndex=3022, commits[s2:c3024, s0:c2973, s1:c2982]
2019-09-24 16:17:39,783 DEBUG client.GrpcClientProtocolService (GrpcClientProtocolService.java:sendReply(353)) - 36-OrderedRequestStreamObserver36: sendReply seq=2406, RaftClientReply:client-EDB41257C35F->s2@group-5C26748AB2B1, cid=2441, SUCCESS, logIndex=3023, commits[s2:c3024, s0:c2973, s1:c2982]
2019-09-24 16:17:39,828 INFO  server.RaftServerConfigKeys (ConfUtils.java:logGet(43)) - raft.server.rpc.timeout.max = 300ms (default)
2019-09-24 16:17:39,829 INFO  ratis.RaftTestUtil (RaftTestUtil.java:waitForLeader(86)) - printing ALL groups
  s0:  RUNNING  FOLLOWER s0@group-926153DB23B0:t1, leader=s2, voted=s2, raftlog=s0@group-926153DB23B0-SegmentedRaftLog:OPENED:c30,f54,i65, conf=0: [s0:0.0.0.0:44349, s1:0.0.0.0:45730, s2:0.0.0.0:44794], old=null RUNNING
  s1:  RUNNING  FOLLOWER s1@group-926153DB23B0:t1, leader=s2, voted=s2, raftlog=s1@group-926153DB23B0-SegmentedRaftLog:OPENED:c1,f39,i65, conf=0: [s0:0.0.0.0:44349, s1:0.0.0.0:45730, s2:0.0.0.0:44794], old=null RUNNING
  s2:  RUNNING    LEADER s2@group-926153DB23B0:t1, leader=s2, voted=s2, raftlog=s2@group-926153DB23B0-SegmentedRaftLog:OPENED:c40,f40,i65, conf=0: [s0:0.0.0.0:44349, s1:0.0.0.0:45730, s2:0.0.0.0:44794], old=null RUNNING
2019-09-24 16:17:39,829 INFO  ratis.RaftTestUtil (RaftTestUtil.java:waitForLeader(101)) - printing ALL groups
  s0:  RUNNING  FOLLOWER s0@group-926153DB23B0:t1, leader=s2, voted=s2, raftlog=s0@group-926153DB23B0-SegmentedRaftLog:OPENED:c30,f54,i65, conf=0: [s0:0.0.0.0:44349, s1:0.0.0.0:45730, s2:0.0.0.0:44794], old=null RUNNING
  s1:  RUNNING  FOLLOWER s1@group-926153DB23B0:t1, leader=s2, voted=s2, raftlog=s1@group-926153DB23B0-SegmentedRaftLog:OPENED:c1,f39,i65, conf=0: [s0:0.0.0.0:44349, s1:0.0.0.0:45730, s2:0.0.0.0:44794], old=null RUNNING
  s2:  RUNNING    LEADER s2@group-926153DB23B0:t1, leader=s2, voted=s2, raftlog=s2@group-926153DB23B0-SegmentedRaftLog:OPENED:c40,f40,i65, conf=0: [s0:0.0.0.0:44349, s1:0.0.0.0:45730, s2:0.0.0.0:44794], old=null RUNNING
2019-09-24 16:17:39,830 INFO  ratis.RaftTestUtil (RaftTestUtil.java:waitAndKillLeader(117)) - killing leader =    LEADER s2@group-926153DB23B0:t1, leader=s2, voted=s2, raftlog=s2@group-926153DB23B0-SegmentedRaftLog:OPENED:c40,f40,i65, conf=0: [s0:0.0.0.0:44349, s1:0.0.0.0:45730, s2:0.0.0.0:44794], old=null RUNNING
2019-09-24 16:17:39,830 INFO  ratis.MiniRaftCluster (MiniRaftCluster.java:killServer(458)) - killServer s2
2019-09-24 16:17:39,830 INFO  impl.RaftServerProxy (RaftServerProxy.java:lambda$close$4(314)) - s2: close
2019-09-24 16:17:39,830 INFO  impl.RaftServerImpl (RaftServerImpl.java:lambda$shutdown$3(247)) - s2@group-926153DB23B0: shutdown
2019-09-24 16:17:39,831 INFO  util.JmxRegister (JmxRegister.java:unregister(73)) - Successfully un-registered JMX Bean with object name Ratis:service=RaftServer,group=group-926153DB23B0,id=s2
2019-09-24 16:17:39,831 INFO  impl.RoleInfo (RoleInfo.java:shutdownLeaderState(104)) - s2: shutdown LeaderState
2019-09-24 16:17:39,832 INFO  impl.PendingRequests (PendingRequests.java:sendNotLeaderResponses(202)) - s2@group-926153DB23B0-PendingRequests: sendNotLeaderResponses
2019-09-24 16:17:39,832 DEBUG client.GrpcClientProtocolService (GrpcClientProtocolService.java:responseError(257)) - 1-OrderedRequestStreamObserver1: Failed processClientRequest for RaftClientRequest:client-FBE51ED1F687->s2@group-926153DB23B0, cid=2564, seq=50, RW, Message:00000031
org.apache.ratis.protocol.ServerNotReadyException: s2@group-926153DB23B0 is not in [RUNNING]: current state is CLOSING
	at org.apache.ratis.server.impl.RaftServerImpl.lambda$assertLifeCycleState$9(RaftServerImpl.java:468)
	at org.apache.ratis.util.LifeCycle.assertCurrentState(LifeCycle.java:185)
	at org.apache.ratis.server.impl.RaftServerImpl.assertLifeCycleState(RaftServerImpl.java:467)
	at org.apache.ratis.server.impl.RaftServerImpl.submitClientRequestAsync(RaftServerImpl.java:532)
	at org.apache.ratis.server.impl.RaftServerProxy.lambda$submitClientRequestAsync$7(RaftServerProxy.java:333)
	at org.apache.ratis.server.impl.RaftServerProxy.lambda$null$5(RaftServerProxy.java:328)
	at org.apache.ratis.util.JavaUtils.callAsUnchecked(JavaUtils.java:109)
	at org.apache.ratis.server.impl.RaftServerProxy.lambda$submitRequest$6(RaftServerProxy.java:328)
	at java.util.concurrent.CompletableFuture.uniComposeStage(CompletableFuture.java:981)
	at java.util.concurrent.CompletableFuture.thenCompose(CompletableFuture.java:2124)
	at org.apache.ratis.server.impl.RaftServerProxy.submitRequest(RaftServerProxy.java:327)
	at org.apache.ratis.server.impl.RaftServerProxy.submitClientRequestAsync(RaftServerProxy.java:333)
	at org.apache.ratis.grpc.client.GrpcClientProtocolService$RequestStreamObserver.processClientRequest(GrpcClientProtocolService.java:220)
	at org.apache.ratis.grpc.client.GrpcClientProtocolService$OrderedRequestStreamObserver.processClientRequest(GrpcClientProtocolService.java:326)
	at org.apache.ratis.util.SlidingWindow$Server.processRequestsFromHead(SlidingWindow.java:429)
	at org.apache.ratis.util.SlidingWindow$Server.receivedRequest(SlidingWindow.java:421)
	at org.apache.ratis.grpc.client.GrpcClientProtocolService$OrderedRequestStreamObserver.processClientRequest(GrpcClientProtocolService.java:345)
	at org.apache.ratis.grpc.client.GrpcClientProtocolService$RequestStreamObserver.onNext(GrpcClientProtocolService.java:240)
	at org.apache.ratis.grpc.client.GrpcClientProtocolService$RequestStreamObserver.onNext(GrpcClientProtocolService.java:168)
	at org.apache.ratis.thirdparty.io.grpc.stub.ServerCalls$StreamingServerCallHandler$StreamingServerCallListener.onMessage(ServerCalls.java:248)
	at org.apache.ratis.thirdparty.io.grpc.internal.ServerCallImpl$ServerStreamListenerImpl.messagesAvailable(ServerCallImpl.java:263)
	at org.apache.ratis.thirdparty.io.grpc.internal.ServerImpl$JumpToApplicationThreadServerStreamListener$1MessagesAvailable.runInContext(ServerImpl.java:686)
	at org.apache.ratis.thirdparty.io.grpc.internal.ContextRunnable.run(ContextRunnable.java:37)
	at org.apache.ratis.thirdparty.io.grpc.internal.SerializingExecutor.run(SerializingExecutor.java:123)
	at java.util.concurrent.ThreadPoolExecutor.runWorker(ThreadPoolExecutor.java:1149)
	at java.util.concurrent.ThreadPoolExecutor$Worker.run(ThreadPoolExecutor.java:624)
	at java.lang.Thread.run(Thread.java:748)
2019-09-24 16:17:39,832 WARN  server.GrpcLogAppender (GrpcLogAppender.java:mayWait(143)) - s2@group-926153DB23B0->s0-GrpcLogAppender: Wait interrupted by java.lang.InterruptedException
2019-09-24 16:17:39,832 WARN  server.GrpcLogAppender (GrpcLogAppender.java:mayWait(143)) - s2@group-926153DB23B0->s1-GrpcLogAppender: Wait interrupted by java.lang.InterruptedException
2019-09-24 16:17:39,834 INFO  server.GrpcServerProtocolService (GrpcServerProtocolService.java:onCompleted(113)) - s0: Completed APPEND_ENTRIES, lastRequest: s2->s0#70-t1, previous=(t:1, i:64), leaderCommit=40, initializing? false, entries: size=1, first=(t:1, i:65), STATEMACHINELOGENTRY, client-FBE51ED1F687, cid=2563
2019-09-24 16:17:39,834 INFO  server.GrpcServerProtocolService (GrpcServerProtocolService.java:onCompleted(113)) - s1: Completed APPEND_ENTRIES, lastRequest: s2->s1#70-t1, previous=(t:1, i:64), leaderCommit=40, initializing? false, entries: size=1, first=(t:1, i:65), STATEMACHINELOGENTRY, client-FBE51ED1F687, cid=2563
2019-09-24 16:17:39,834 INFO  server.GrpcLogAppender (GrpcLogAppender.java:onCompleted(293)) - s2@group-926153DB23B0->s1-AppendLogResponseHandler: follower responses appendEntries COMPLETED
2019-09-24 16:17:39,835 DEBUG client.GrpcClientProtocolService (GrpcClientProtocolService.java:closeAllOrderedRequestStreamObservers(157)) - s2: closeAllOrderedRequestStreamObservers
2019-09-24 16:17:39,834 INFO  server.GrpcLogAppender (GrpcLogAppender.java:onCompleted(293)) - s2@group-926153DB23B0->s0-AppendLogResponseHandler: follower responses appendEntries COMPLETED
2019-09-24 16:17:39,836 INFO  impl.StateMachineUpdater (StateMachineUpdater.java:stopAndJoin(136)) - s2@group-926153DB23B0-StateMachineUpdater: set stopIndex = 40
2019-09-24 16:17:39,837 INFO  impl.RaftServerImpl (ServerState.java:close(386)) - s2@group-926153DB23B0: closes. applyIndex: 40
2019-09-24 16:17:39,837 INFO  impl.FollowerInfo (FollowerInfo.java:lambda$new$0(51)) - s2@group-926153DB23B0->s1: nextIndex: updateUnconditionally 66 -> 40
2019-09-24 16:17:39,837 INFO  impl.FollowerInfo (FollowerInfo.java:lambda$new$0(51)) - s2@group-926153DB23B0->s0: nextIndex: updateUnconditionally 66 -> 55
2019-09-24 16:17:39,850 DEBUG client.GrpcClientProtocolService (GrpcClientProtocolService.java:sendReply(353)) - 36-OrderedRequestStreamObserver36: sendReply seq=2407, RaftClientReply:client-EDB41257C35F->s2@group-5C26748AB2B1, cid=2453, SUCCESS, logIndex=3031, commits[s2:c3051, s0:c2982, s1:c2982]
2019-09-24 16:17:39,851 INFO  segmented.SegmentedRaftLogWorker (SegmentedRaftLogWorker.java:close(228)) - s2@group-926153DB23B0-SegmentedRaftLogWorker close()
2019-09-24 16:17:39,851 DEBUG client.GrpcClientProtocolService (GrpcClientProtocolService.java:sendReply(353)) - 36-OrderedRequestStreamObserver36: sendReply seq=2408, RaftClientReply:client-EDB41257C35F->s2@group-5C26748AB2B1, cid=2454, SUCCESS, logIndex=3032, commits[s2:c3051, s0:c2982, s1:c2982]
2019-09-24 16:17:39,851 DEBUG client.GrpcClientProtocolService (GrpcClientProtocolService.java:sendReply(353)) - 36-OrderedRequestStreamObserver36: sendReply seq=2409, RaftClientReply:client-EDB41257C35F->s2@group-5C26748AB2B1, cid=2456, SUCCESS, logIndex=3040, commits[s2:c3051, s0:c2982, s1:c2982]
2019-09-24 16:17:39,853 INFO  server.GrpcService (GrpcService.java:closeImpl(164)) - s2: shutdown server with port 44794 now
2019-09-24 16:17:39,853 DEBUG client.GrpcClientProtocolService (GrpcClientProtocolService.java:sendReply(353)) - 36-OrderedRequestStreamObserver36: sendReply seq=2410, RaftClientReply:client-EDB41257C35F->s2@group-5C26748AB2B1, cid=2457, SUCCESS, logIndex=3043, commits[s2:c3051, s0:c2982, s1:c2982]
2019-09-24 16:17:39,853 DEBUG client.GrpcClientProtocolService (GrpcClientProtocolService.java:sendReply(353)) - 36-OrderedRequestStreamObserver36: sendReply seq=2411, RaftClientReply:client-EDB41257C35F->s2@group-5C26748AB2B1, cid=2458, SUCCESS, logIndex=3044, commits[s2:c3051, s0:c2982, s1:c2982]
2019-09-24 16:17:39,853 INFO  server.GrpcService (GrpcService.java:closeImpl(172)) - s2: shutdown server with port 44794 successfully
2019-09-24 16:17:39,854 INFO  server.RaftServerConfigKeys (ConfUtils.java:logGet(43)) - raft.server.rpc.timeout.max = 300ms (default)
2019-09-24 16:17:39,854 INFO  ratis.RaftTestUtil (RaftTestUtil.java:waitForLeader(86)) - printing ALL groups
  s0:  RUNNING  FOLLOWER s0@group-926153DB23B0:t1, leader=s2, voted=s2, raftlog=s0@group-926153DB23B0-SegmentedRaftLog:OPENED:c39,f59,i65, conf=0: [s0:0.0.0.0:44349, s1:0.0.0.0:45730, s2:0.0.0.0:44794], old=null RUNNING
  s1:  RUNNING  FOLLOWER s1@group-926153DB23B0:t1, leader=s2, voted=s2, raftlog=s1@group-926153DB23B0-SegmentedRaftLog:OPENED:c4,f60,i65, conf=0: [s0:0.0.0.0:44349, s1:0.0.0.0:45730, s2:0.0.0.0:44794], old=null RUNNING
  s2:   CLOSED    LEADER s2@group-926153DB23B0:t1, leader=s2, voted=s2, raftlog=s2@group-926153DB23B0-SegmentedRaftLog:CLOSED:c40, conf=0: [s0:0.0.0.0:44349, s1:0.0.0.0:45730, s2:0.0.0.0:44794], old=null CLOSED
2019-09-24 16:17:39,855 DEBUG client.GrpcClientProtocolService (GrpcClientProtocolService.java:sendReply(353)) - 36-OrderedRequestStreamObserver36: sendReply seq=2412, RaftClientReply:client-EDB41257C35F->s2@group-5C26748AB2B1, cid=2460, SUCCESS, logIndex=3047, commits[s2:c3051, s0:c2982, s1:c2982]
2019-09-24 16:17:39,855 WARN  ratis.RaftTestUtil (JavaUtils.java:attempt(158)) - FAILED "waitForLeader-null-(expectLeader? true)", attempt #1/100: java.lang.IllegalStateException: No leader yet : printing ALL groups
  s0:  RUNNING  FOLLOWER s0@group-926153DB23B0:t1, leader=s2, voted=s2, raftlog=s0@group-926153DB23B0-SegmentedRaftLog:OPENED:c39,f59,i65, conf=0: [s0:0.0.0.0:44349, s1:0.0.0.0:45730, s2:0.0.0.0:44794], old=null RUNNING
  s1:  RUNNING  FOLLOWER s1@group-926153DB23B0:t1, leader=s2, voted=s2, raftlog=s1@group-926153DB23B0-SegmentedRaftLog:OPENED:c10,f60,i65, conf=0: [s0:0.0.0.0:44349, s1:0.0.0.0:45730, s2:0.0.0.0:44794], old=null RUNNING
  s2:   CLOSED    LEADER s2@group-926153DB23B0:t1, leader=s2, voted=s2, raftlog=s2@group-926153DB23B0-SegmentedRaftLog:CLOSED:c40, conf=0: [s0:0.0.0.0:44349, s1:0.0.0.0:45730, s2:0.0.0.0:44794], old=null CLOSED, sleep 450ms and then retry.
java.lang.IllegalStateException: No leader yet : printing ALL groups
  s0:  RUNNING  FOLLOWER s0@group-926153DB23B0:t1, leader=s2, voted=s2, raftlog=s0@group-926153DB23B0-SegmentedRaftLog:OPENED:c39,f59,i65, conf=0: [s0:0.0.0.0:44349, s1:0.0.0.0:45730, s2:0.0.0.0:44794], old=null RUNNING
  s1:  RUNNING  FOLLOWER s1@group-926153DB23B0:t1, leader=s2, voted=s2, raftlog=s1@group-926153DB23B0-SegmentedRaftLog:OPENED:c10,f60,i65, conf=0: [s0:0.0.0.0:44349, s1:0.0.0.0:45730, s2:0.0.0.0:44794], old=null RUNNING
  s2:   CLOSED    LEADER s2@group-926153DB23B0:t1, leader=s2, voted=s2, raftlog=s2@group-926153DB23B0-SegmentedRaftLog:CLOSED:c40, conf=0: [s0:0.0.0.0:44349, s1:0.0.0.0:45730, s2:0.0.0.0:44794], old=null CLOSED
	at org.apache.ratis.MiniRaftCluster.newIllegalStateExceptionForNoLeaders(MiniRaftCluster.java:506)
	at org.apache.ratis.RaftTestUtil.lambda$waitForLeader$1(RaftTestUtil.java:90)
	at org.apache.ratis.MiniRaftCluster.getLeader(MiniRaftCluster.java:539)
	at org.apache.ratis.MiniRaftCluster.getLeader(MiniRaftCluster.java:532)
	at org.apache.ratis.RaftTestUtil.lambda$waitForLeader$3(RaftTestUtil.java:98)
	at org.apache.ratis.util.JavaUtils.attempt(JavaUtils.java:152)
	at org.apache.ratis.RaftTestUtil.waitForLeader(RaftTestUtil.java:97)
	at org.apache.ratis.RaftTestUtil.waitForLeader(RaftTestUtil.java:77)
	at org.apache.ratis.RaftTestUtil.waitForLeader(RaftTestUtil.java:72)
	at org.apache.ratis.OutputStreamBaseTest.runTestKillLeader(OutputStreamBaseTest.java:297)
	at org.apache.ratis.MiniRaftCluster$Factory$Get.runWithNewCluster(MiniRaftCluster.java:125)
	at org.apache.ratis.MiniRaftCluster$Factory$Get.runWithNewCluster(MiniRaftCluster.java:113)
	at org.apache.ratis.OutputStreamBaseTest.testKillLeader(OutputStreamBaseTest.java:264)
	at sun.reflect.NativeMethodAccessorImpl.invoke0(Native Method)
	at sun.reflect.NativeMethodAccessorImpl.invoke(NativeMethodAccessorImpl.java:62)
	at sun.reflect.DelegatingMethodAccessorImpl.invoke(DelegatingMethodAccessorImpl.java:43)
	at java.lang.reflect.Method.invoke(Method.java:498)
	at org.junit.runners.model.FrameworkMethod$1.runReflectiveCall(FrameworkMethod.java:50)
	at org.junit.internal.runners.model.ReflectiveCallable.run(ReflectiveCallable.java:12)
	at org.junit.runners.model.FrameworkMethod.invokeExplosively(FrameworkMethod.java:47)
	at org.junit.internal.runners.statements.InvokeMethod.evaluate(InvokeMethod.java:17)
	at org.junit.internal.runners.statements.RunAfters.evaluate(RunAfters.java:27)
	at org.junit.internal.runners.statements.FailOnTimeout$CallableStatement.call(FailOnTimeout.java:298)
	at org.junit.internal.runners.statements.FailOnTimeout$CallableStatement.call(FailOnTimeout.java:292)
	at java.util.concurrent.FutureTask.run(FutureTask.java:266)
	at java.lang.Thread.run(Thread.java:748)
2019-09-24 16:17:39,857 DEBUG client.GrpcClientProtocolService (GrpcClientProtocolService.java:sendReply(353)) - 36-OrderedRequestStreamObserver36: sendReply seq=2413, RaftClientReply:client-EDB41257C35F->s2@group-5C26748AB2B1, cid=2461, SUCCESS, logIndex=3048, commits[s2:c3051, s0:c2982, s1:c2982]
2019-09-24 16:17:39,857 DEBUG client.GrpcClientProtocolService (GrpcClientProtocolService.java:sendReply(353)) - 36-OrderedRequestStreamObserver36: sendReply seq=2414, RaftClientReply:client-EDB41257C35F->s2@group-5C26748AB2B1, cid=2462, SUCCESS, logIndex=3051, commits[s2:c3051, s0:c2982, s1:c2982]
2019-09-24 16:17:39,860 DEBUG client.GrpcClientProtocolService (GrpcClientProtocolService.java:sendReply(353)) - 36-OrderedRequestStreamObserver36: sendReply seq=2415, RaftClientReply:client-EDB41257C35F->s2@group-5C26748AB2B1, cid=2463, SUCCESS, logIndex=3053, commits[s2:c3053, s0:c2990, s1:c2982]
2019-09-24 16:17:39,862 DEBUG client.GrpcClientProtocolService (GrpcClientProtocolService.java:sendReply(353)) - 36-OrderedRequestStreamObserver36: sendReply seq=2416, RaftClientReply:client-EDB41257C35F->s2@group-5C26748AB2B1, cid=2464, SUCCESS, logIndex=3054, commits[s2:c3062, s0:c2990, s1:c2995]
2019-09-24 16:17:39,863 DEBUG client.GrpcClientProtocolService (GrpcClientProtocolService.java:sendReply(353)) - 36-OrderedRequestStreamObserver36: sendReply seq=2417, RaftClientReply:client-EDB41257C35F->s2@group-5C26748AB2B1, cid=2465, SUCCESS, logIndex=3055, commits[s2:c3062, s0:c2996, s1:c2996]
2019-09-24 16:17:39,864 DEBUG client.GrpcClientProtocolService (GrpcClientProtocolService.java:sendReply(353)) - 36-OrderedRequestStreamObserver36: sendReply seq=2418, RaftClientReply:client-EDB41257C35F->s2@group-5C26748AB2B1, cid=2466, SUCCESS, logIndex=3056, commits[s2:c3064, s0:c3022, s1:c2996]
2019-09-24 16:17:39,864 DEBUG client.GrpcClientProtocolService (GrpcClientProtocolService.java:sendReply(353)) - 36-OrderedRequestStreamObserver36: sendReply seq=2419, RaftClientReply:client-EDB41257C35F->s2@group-5C26748AB2B1, cid=2467, SUCCESS, logIndex=3057, commits[s2:c3068, s0:c3024, s1:c3024]
2019-09-24 16:17:39,864 DEBUG client.GrpcClientProtocolService (GrpcClientProtocolService.java:sendReply(353)) - 36-OrderedRequestStreamObserver36: sendReply seq=2420, RaftClientReply:client-EDB41257C35F->s2@group-5C26748AB2B1, cid=2468, SUCCESS, logIndex=3066, commits[s2:c3070, s0:c3024, s1:c3024]
2019-09-24 16:17:39,864 DEBUG client.GrpcClientProtocolService (GrpcClientProtocolService.java:sendReply(353)) - 36-OrderedRequestStreamObserver36: sendReply seq=2421, RaftClientReply:client-EDB41257C35F->s2@group-5C26748AB2B1, cid=2469, SUCCESS, logIndex=3067, commits[s2:c3070, s0:c3024, s1:c3024]
2019-09-24 16:17:39,864 DEBUG client.GrpcClientProtocolService (GrpcClientProtocolService.java:sendReply(353)) - 36-OrderedRequestStreamObserver36: sendReply seq=2422, RaftClientReply:client-EDB41257C35F->s2@group-5C26748AB2B1, cid=2470, SUCCESS, logIndex=3069, commits[s2:c3071, s0:c3024, s1:c3024]
2019-09-24 16:17:39,865 DEBUG client.GrpcClientProtocolService (GrpcClientProtocolService.java:sendReply(353)) - 36-OrderedRequestStreamObserver36: sendReply seq=2423, RaftClientReply:client-EDB41257C35F->s2@group-5C26748AB2B1, cid=2471, SUCCESS, logIndex=3071, commits[s2:c3071, s0:c3024, s1:c3024]
2019-09-24 16:17:39,997 DEBUG client.GrpcClientProtocolService (GrpcClientProtocolService.java:sendReply(353)) - 36-OrderedRequestStreamObserver36: sendReply seq=2424, RaftClientReply:client-EDB41257C35F->s2@group-5C26748AB2B1, cid=2472, SUCCESS, logIndex=3073, commits[s2:c3073, s0:c3071, s1:c3071]
2019-09-24 16:17:40,001 DEBUG client.GrpcClientProtocolService (GrpcClientProtocolService.java:<init>(175)) - new 1-OrderedRequestStreamObserver1
2019-09-24 16:17:40,003 DEBUG client.GrpcClientProtocolService (GrpcClientProtocolService.java:sendReply(353)) - 36-OrderedRequestStreamObserver36: sendReply seq=2425, RaftClientReply:client-EDB41257C35F->s2@group-5C26748AB2B1, cid=2473, SUCCESS, logIndex=3075, commits[s2:c3075, s0:c3071, s1:c3071]
2019-09-24 16:17:40,004 DEBUG client.GrpcClientProtocolService (GrpcClientProtocolService.java:sendReply(353)) - 1-OrderedRequestStreamObserver1: sendReply seq=39, RaftClientReply:client-FBE51ED1F687->s0@group-926153DB23B0, cid=2455, FAILED org.apache.ratis.protocol.NotLeaderException: Server s0@group-926153DB23B0 is not the leader s2:0.0.0.0:44794, logIndex=0, commits[s0:c40, s1:c1, s2:c40]
2019-09-24 16:17:40,008 DEBUG client.GrpcClientProtocolService (GrpcClientProtocolService.java:sendReply(353)) - 36-OrderedRequestStreamObserver36: sendReply seq=2426, RaftClientReply:client-EDB41257C35F->s2@group-5C26748AB2B1, cid=2474, SUCCESS, logIndex=3076, commits[s2:c3097, s0:c3071, s1:c3071]
2019-09-24 16:17:40,009 DEBUG client.GrpcClientProtocolService (GrpcClientProtocolService.java:close(374)) - 1-OrderedRequestStreamObserver1: close
2019-09-24 16:17:40,014 DEBUG client.GrpcClientProtocolService (GrpcClientProtocolService.java:sendReply(353)) - 36-OrderedRequestStreamObserver36: sendReply seq=2427, RaftClientReply:client-EDB41257C35F->s2@group-5C26748AB2B1, cid=2476, SUCCESS, logIndex=3077, commits[s2:c3097, s0:c3071, s1:c3071]
2019-09-24 16:17:40,016 DEBUG client.GrpcClientProtocolService (GrpcClientProtocolService.java:sendReply(353)) - 36-OrderedRequestStreamObserver36: sendReply seq=2428, RaftClientReply:client-EDB41257C35F->s2@group-5C26748AB2B1, cid=2477, SUCCESS, logIndex=3078, commits[s2:c3097, s0:c3071, s1:c3071]
2019-09-24 16:17:40,018 DEBUG client.GrpcClientProtocolService (GrpcClientProtocolService.java:sendReply(353)) - 36-OrderedRequestStreamObserver36: sendReply seq=2429, RaftClientReply:client-EDB41257C35F->s2@group-5C26748AB2B1, cid=2478, SUCCESS, logIndex=3079, commits[s2:c3106, s0:c3071, s1:c3071]
2019-09-24 16:17:40,019 DEBUG client.GrpcClientProtocolService (GrpcClientProtocolService.java:sendReply(353)) - 36-OrderedRequestStreamObserver36: sendReply seq=2430, RaftClientReply:client-EDB41257C35F->s2@group-5C26748AB2B1, cid=2479, SUCCESS, logIndex=3080, commits[s2:c3113, s0:c3071, s1:c3071]
2019-09-24 16:17:40,020 DEBUG client.GrpcClientProtocolService (GrpcClientProtocolService.java:sendReply(353)) - 36-OrderedRequestStreamObserver36: sendReply seq=2431, RaftClientReply:client-EDB41257C35F->s2@group-5C26748AB2B1, cid=2480, SUCCESS, logIndex=3081, commits[s2:c3113, s0:c3071, s1:c3071]
2019-09-24 16:17:40,020 DEBUG client.GrpcClientProtocolService (GrpcClientProtocolService.java:sendReply(353)) - 36-OrderedRequestStreamObserver36: sendReply seq=2432, RaftClientReply:client-EDB41257C35F->s2@group-5C26748AB2B1, cid=2481, SUCCESS, logIndex=3082, commits[s2:c3113, s0:c3071, s1:c3071]
2019-09-24 16:17:40,020 DEBUG client.GrpcClientProtocolService (GrpcClientProtocolService.java:sendReply(353)) - 36-OrderedRequestStreamObserver36: sendReply seq=2433, RaftClientReply:client-EDB41257C35F->s2@group-5C26748AB2B1, cid=2482, SUCCESS, logIndex=3083, commits[s2:c3113, s0:c3071, s1:c3071]
2019-09-24 16:17:40,020 DEBUG client.GrpcClientProtocolService (GrpcClientProtocolService.java:sendReply(353)) - 36-OrderedRequestStreamObserver36: sendReply seq=2434, RaftClientReply:client-EDB41257C35F->s2@group-5C26748AB2B1, cid=2483, SUCCESS, logIndex=3084, commits[s2:c3113, s0:c3071, s1:c3071]
2019-09-24 16:17:40,022 DEBUG client.GrpcClientProtocolService (GrpcClientProtocolService.java:sendReply(353)) - 36-OrderedRequestStreamObserver36: sendReply seq=2435, RaftClientReply:client-EDB41257C35F->s2@group-5C26748AB2B1, cid=2484, SUCCESS, logIndex=3085, commits[s2:c3133, s0:c3071, s1:c3071]
2019-09-24 16:17:40,022 DEBUG client.GrpcClientProtocolService (GrpcClientProtocolService.java:sendReply(353)) - 36-OrderedRequestStreamObserver36: sendReply seq=2436, RaftClientReply:client-EDB41257C35F->s2@group-5C26748AB2B1, cid=2485, SUCCESS, logIndex=3086, commits[s2:c3138, s0:c3071, s1:c3071]
2019-09-24 16:17:40,023 DEBUG client.GrpcClientProtocolService (GrpcClientProtocolService.java:sendReply(353)) - 36-OrderedRequestStreamObserver36: sendReply seq=2437, RaftClientReply:client-EDB41257C35F->s2@group-5C26748AB2B1, cid=2486, SUCCESS, logIndex=3087, commits[s2:c3138, s0:c3071, s1:c3071]
2019-09-24 16:17:40,023 DEBUG client.GrpcClientProtocolService (GrpcClientProtocolService.java:sendReply(353)) - 36-OrderedRequestStreamObserver36: sendReply seq=2438, RaftClientReply:client-EDB41257C35F->s2@group-5C26748AB2B1, cid=2487, SUCCESS, logIndex=3088, commits[s2:c3139, s0:c3071, s1:c3071]
2019-09-24 16:17:40,023 DEBUG client.GrpcClientProtocolService (GrpcClientProtocolService.java:sendReply(353)) - 36-OrderedRequestStreamObserver36: sendReply seq=2439, RaftClientReply:client-EDB41257C35F->s2@group-5C26748AB2B1, cid=2488, SUCCESS, logIndex=3089, commits[s2:c3144, s0:c3071, s1:c3071]
2019-09-24 16:17:40,024 DEBUG client.GrpcClientProtocolService (GrpcClientProtocolService.java:sendReply(353)) - 36-OrderedRequestStreamObserver36: sendReply seq=2440, RaftClientReply:client-EDB41257C35F->s2@group-5C26748AB2B1, cid=2489, SUCCESS, logIndex=3090, commits[s2:c3144, s0:c3071, s1:c3071]
2019-09-24 16:17:40,025 DEBUG client.GrpcClientProtocolService (GrpcClientProtocolService.java:sendReply(353)) - 36-OrderedRequestStreamObserver36: sendReply seq=2441, RaftClientReply:client-EDB41257C35F->s2@group-5C26748AB2B1, cid=2490, SUCCESS, logIndex=3091, commits[s2:c3149, s0:c3071, s1:c3071]
2019-09-24 16:17:40,025 DEBUG client.GrpcClientProtocolService (GrpcClientProtocolService.java:sendReply(353)) - 36-OrderedRequestStreamObserver36: sendReply seq=2442, RaftClientReply:client-EDB41257C35F->s2@group-5C26748AB2B1, cid=2491, SUCCESS, logIndex=3092, commits[s2:c3155, s0:c3071, s1:c3071]
2019-09-24 16:17:40,026 DEBUG client.GrpcClientProtocolService (GrpcClientProtocolService.java:sendReply(353)) - 36-OrderedRequestStreamObserver36: sendReply seq=2443, RaftClientReply:client-EDB41257C35F->s2@group-5C26748AB2B1, cid=2492, SUCCESS, logIndex=3093, commits[s2:c3155, s0:c3071, s1:c3071]
2019-09-24 16:17:40,026 DEBUG client.GrpcClientProtocolService (GrpcClientProtocolService.java:sendReply(353)) - 36-OrderedRequestStreamObserver36: sendReply seq=2444, RaftClientReply:client-EDB41257C35F->s2@group-5C26748AB2B1, cid=2494, SUCCESS, logIndex=3094, commits[s2:c3155, s0:c3071, s1:c3071]
2019-09-24 16:17:40,027 DEBUG client.GrpcClientProtocolService (GrpcClientProtocolService.java:sendReply(353)) - 36-OrderedRequestStreamObserver36: sendReply seq=2445, RaftClientReply:client-EDB41257C35F->s2@group-5C26748AB2B1, cid=2495, SUCCESS, logIndex=3095, commits[s2:c3155, s0:c3071, s1:c3071]
2019-09-24 16:17:40,027 DEBUG client.GrpcClientProtocolService (GrpcClientProtocolService.java:sendReply(353)) - 36-OrderedRequestStreamObserver36: sendReply seq=2446, RaftClientReply:client-EDB41257C35F->s2@group-5C26748AB2B1, cid=2496, SUCCESS, logIndex=3096, commits[s2:c3155, s0:c3071, s1:c3071]
2019-09-24 16:17:40,028 DEBUG client.GrpcClientProtocolService (GrpcClientProtocolService.java:sendReply(353)) - 36-OrderedRequestStreamObserver36: sendReply seq=2447, RaftClientReply:client-EDB41257C35F->s2@group-5C26748AB2B1, cid=2497, SUCCESS, logIndex=3097, commits[s2:c3155, s0:c3071, s1:c3071]
2019-09-24 16:17:40,028 DEBUG client.GrpcClientProtocolService (GrpcClientProtocolService.java:sendReply(353)) - 36-OrderedRequestStreamObserver36: sendReply seq=2448, RaftClientReply:client-EDB41257C35F->s2@group-5C26748AB2B1, cid=2498, SUCCESS, logIndex=3098, commits[s2:c3155, s0:c3071, s1:c3071]
2019-09-24 16:17:40,028 DEBUG client.GrpcClientProtocolService (GrpcClientProtocolService.java:sendReply(353)) - 36-OrderedRequestStreamObserver36: sendReply seq=2449, RaftClientReply:client-EDB41257C35F->s2@group-5C26748AB2B1, cid=2499, SUCCESS, logIndex=3099, commits[s2:c3155, s0:c3071, s1:c3071]
2019-09-24 16:17:40,028 DEBUG client.GrpcClientProtocolService (GrpcClientProtocolService.java:sendReply(353)) - 36-OrderedRequestStreamObserver36: sendReply seq=2450, RaftClientReply:client-EDB41257C35F->s2@group-5C26748AB2B1, cid=2500, SUCCESS, logIndex=3100, commits[s2:c3155, s0:c3071, s1:c3071]
2019-09-24 16:17:40,029 DEBUG client.GrpcClientProtocolService (GrpcClientProtocolService.java:sendReply(353)) - 36-OrderedRequestStreamObserver36: sendReply seq=2451, RaftClientReply:client-EDB41257C35F->s2@group-5C26748AB2B1, cid=2501, SUCCESS, logIndex=3101, commits[s2:c3155, s0:c3071, s1:c3071]
2019-09-24 16:17:40,029 DEBUG client.GrpcClientProtocolService (GrpcClientProtocolService.java:sendReply(353)) - 36-OrderedRequestStreamObserver36: sendReply seq=2452, RaftClientReply:client-EDB41257C35F->s2@group-5C26748AB2B1, cid=2502, SUCCESS, logIndex=3102, commits[s2:c3155, s0:c3071, s1:c3071]
2019-09-24 16:17:40,029 DEBUG client.GrpcClientProtocolService (GrpcClientProtocolService.java:sendReply(353)) - 36-OrderedRequestStreamObserver36: sendReply seq=2453, RaftClientReply:client-EDB41257C35F->s2@group-5C26748AB2B1, cid=2503, SUCCESS, logIndex=3103, commits[s2:c3155, s0:c3071, s1:c3071]
2019-09-24 16:17:40,030 DEBUG client.GrpcClientProtocolService (GrpcClientProtocolService.java:sendReply(353)) - 36-OrderedRequestStreamObserver36: sendReply seq=2454, RaftClientReply:client-EDB41257C35F->s2@group-5C26748AB2B1, cid=2504, SUCCESS, logIndex=3104, commits[s2:c3155, s0:c3071, s1:c3071]
2019-09-24 16:17:40,030 DEBUG client.GrpcClientProtocolService (GrpcClientProtocolService.java:sendReply(353)) - 36-OrderedRequestStreamObserver36: sendReply seq=2455, RaftClientReply:client-EDB41257C35F->s2@group-5C26748AB2B1, cid=2505, SUCCESS, logIndex=3105, commits[s2:c3155, s0:c3071, s1:c3071]
2019-09-24 16:17:40,031 DEBUG client.GrpcClientProtocolService (GrpcClientProtocolService.java:sendReply(353)) - 36-OrderedRequestStreamObserver36: sendReply seq=2456, RaftClientReply:client-EDB41257C35F->s2@group-5C26748AB2B1, cid=2506, SUCCESS, logIndex=3106, commits[s2:c3155, s0:c3071, s1:c3071]
2019-09-24 16:17:40,031 DEBUG client.GrpcClientProtocolService (GrpcClientProtocolService.java:sendReply(353)) - 36-OrderedRequestStreamObserver36: sendReply seq=2457, RaftClientReply:client-EDB41257C35F->s2@group-5C26748AB2B1, cid=2507, SUCCESS, logIndex=3107, commits[s2:c3155, s0:c3071, s1:c3071]
2019-09-24 16:17:40,031 DEBUG client.GrpcClientProtocolService (GrpcClientProtocolService.java:sendReply(353)) - 36-OrderedRequestStreamObserver36: sendReply seq=2458, RaftClientReply:client-EDB41257C35F->s2@group-5C26748AB2B1, cid=2508, SUCCESS, logIndex=3108, commits[s2:c3155, s0:c3071, s1:c3071]
2019-09-24 16:17:40,031 DEBUG client.GrpcClientProtocolService (GrpcClientProtocolService.java:sendReply(353)) - 36-OrderedRequestStreamObserver36: sendReply seq=2459, RaftClientReply:client-EDB41257C35F->s2@group-5C26748AB2B1, cid=2509, SUCCESS, logIndex=3109, commits[s2:c3155, s0:c3071, s1:c3071]
2019-09-24 16:17:40,032 DEBUG client.GrpcClientProtocolService (GrpcClientProtocolService.java:sendReply(353)) - 36-OrderedRequestStreamObserver36: sendReply seq=2460, RaftClientReply:client-EDB41257C35F->s2@group-5C26748AB2B1, cid=2510, SUCCESS, logIndex=3110, commits[s2:c3155, s0:c3071, s1:c3071]
2019-09-24 16:17:40,032 DEBUG client.GrpcClientProtocolService (GrpcClientProtocolService.java:sendReply(353)) - 36-OrderedRequestStreamObserver36: sendReply seq=2461, RaftClientReply:client-EDB41257C35F->s2@group-5C26748AB2B1, cid=2511, SUCCESS, logIndex=3111, commits[s2:c3155, s0:c3071, s1:c3071]
2019-09-24 16:17:40,032 DEBUG client.GrpcClientProtocolService (GrpcClientProtocolService.java:sendReply(353)) - 36-OrderedRequestStreamObserver36: sendReply seq=2462, RaftClientReply:client-EDB41257C35F->s2@group-5C26748AB2B1, cid=2512, SUCCESS, logIndex=3112, commits[s2:c3155, s0:c3071, s1:c3071]
2019-09-24 16:17:40,032 DEBUG client.GrpcClientProtocolService (GrpcClientProtocolService.java:sendReply(353)) - 36-OrderedRequestStreamObserver36: sendReply seq=2463, RaftClientReply:client-EDB41257C35F->s2@group-5C26748AB2B1, cid=2513, SUCCESS, logIndex=3113, commits[s2:c3155, s0:c3071, s1:c3071]
2019-09-24 16:17:40,032 DEBUG client.GrpcClientProtocolService (GrpcClientProtocolService.java:sendReply(353)) - 36-OrderedRequestStreamObserver36: sendReply seq=2464, RaftClientReply:client-EDB41257C35F->s2@group-5C26748AB2B1, cid=2514, SUCCESS, logIndex=3114, commits[s2:c3155, s0:c3071, s1:c3071]
2019-09-24 16:17:40,033 DEBUG client.GrpcClientProtocolService (GrpcClientProtocolService.java:sendReply(353)) - 36-OrderedRequestStreamObserver36: sendReply seq=2465, RaftClientReply:client-EDB41257C35F->s2@group-5C26748AB2B1, cid=2515, SUCCESS, logIndex=3115, commits[s2:c3155, s0:c3071, s1:c3071]
2019-09-24 16:17:40,034 DEBUG client.GrpcClientProtocolService (GrpcClientProtocolService.java:sendReply(353)) - 36-OrderedRequestStreamObserver36: sendReply seq=2466, RaftClientReply:client-EDB41257C35F->s2@group-5C26748AB2B1, cid=2516, SUCCESS, logIndex=3116, commits[s2:c3155, s0:c3071, s1:c3071]
2019-09-24 16:17:40,035 DEBUG client.GrpcClientProtocolService (GrpcClientProtocolService.java:sendReply(353)) - 36-OrderedRequestStreamObserver36: sendReply seq=2467, RaftClientReply:client-EDB41257C35F->s2@group-5C26748AB2B1, cid=2517, SUCCESS, logIndex=3117, commits[s2:c3155, s0:c3071, s1:c3071]
2019-09-24 16:17:40,035 DEBUG client.GrpcClientProtocolService (GrpcClientProtocolService.java:sendReply(353)) - 36-OrderedRequestStreamObserver36: sendReply seq=2468, RaftClientReply:client-EDB41257C35F->s2@group-5C26748AB2B1, cid=2518, SUCCESS, logIndex=3118, commits[s2:c3155, s0:c3071, s1:c3071]
2019-09-24 16:17:40,035 DEBUG client.GrpcClientProtocolService (GrpcClientProtocolService.java:sendReply(353)) - 36-OrderedRequestStreamObserver36: sendReply seq=2469, RaftClientReply:client-EDB41257C35F->s2@group-5C26748AB2B1, cid=2519, SUCCESS, logIndex=3119, commits[s2:c3155, s0:c3071, s1:c3071]
2019-09-24 16:17:40,035 DEBUG client.GrpcClientProtocolService (GrpcClientProtocolService.java:sendReply(353)) - 36-OrderedRequestStreamObserver36: sendReply seq=2470, RaftClientReply:client-EDB41257C35F->s2@group-5C26748AB2B1, cid=2520, SUCCESS, logIndex=3120, commits[s2:c3156, s0:c3071, s1:c3071]
2019-09-24 16:17:40,035 DEBUG client.GrpcClientProtocolService (GrpcClientProtocolService.java:sendReply(353)) - 36-OrderedRequestStreamObserver36: sendReply seq=2471, RaftClientReply:client-EDB41257C35F->s2@group-5C26748AB2B1, cid=2521, SUCCESS, logIndex=3121, commits[s2:c3159, s0:c3071, s1:c3071]
2019-09-24 16:17:40,036 DEBUG client.GrpcClientProtocolService (GrpcClientProtocolService.java:sendReply(353)) - 36-OrderedRequestStreamObserver36: sendReply seq=2472, RaftClientReply:client-EDB41257C35F->s2@group-5C26748AB2B1, cid=2522, SUCCESS, logIndex=3122, commits[s2:c3159, s0:c3071, s1:c3071]
2019-09-24 16:17:40,036 DEBUG client.GrpcClientProtocolService (GrpcClientProtocolService.java:sendReply(353)) - 36-OrderedRequestStreamObserver36: sendReply seq=2473, RaftClientReply:client-EDB41257C35F->s2@group-5C26748AB2B1, cid=2524, SUCCESS, logIndex=3123, commits[s2:c3159, s0:c3071, s1:c3071]
2019-09-24 16:17:40,037 DEBUG client.GrpcClientProtocolService (GrpcClientProtocolService.java:sendReply(353)) - 36-OrderedRequestStreamObserver36: sendReply seq=2474, RaftClientReply:client-EDB41257C35F->s2@group-5C26748AB2B1, cid=2525, SUCCESS, logIndex=3124, commits[s2:c3159, s0:c3071, s1:c3071]
2019-09-24 16:17:40,037 DEBUG client.GrpcClientProtocolService (GrpcClientProtocolService.java:sendReply(353)) - 36-OrderedRequestStreamObserver36: sendReply seq=2475, RaftClientReply:client-EDB41257C35F->s2@group-5C26748AB2B1, cid=2526, SUCCESS, logIndex=3125, commits[s2:c3159, s0:c3071, s1:c3071]
2019-09-24 16:17:40,037 DEBUG client.GrpcClientProtocolService (GrpcClientProtocolService.java:sendReply(353)) - 36-OrderedRequestStreamObserver36: sendReply seq=2476, RaftClientReply:client-EDB41257C35F->s2@group-5C26748AB2B1, cid=2527, SUCCESS, logIndex=3126, commits[s2:c3159, s0:c3071, s1:c3071]
2019-09-24 16:17:40,037 DEBUG client.GrpcClientProtocolService (GrpcClientProtocolService.java:sendReply(353)) - 36-OrderedRequestStreamObserver36: sendReply seq=2477, RaftClientReply:client-EDB41257C35F->s2@group-5C26748AB2B1, cid=2528, SUCCESS, logIndex=3127, commits[s2:c3159, s0:c3071, s1:c3071]
2019-09-24 16:17:40,037 DEBUG client.GrpcClientProtocolService (GrpcClientProtocolService.java:sendReply(353)) - 36-OrderedRequestStreamObserver36: sendReply seq=2478, RaftClientReply:client-EDB41257C35F->s2@group-5C26748AB2B1, cid=2530, SUCCESS, logIndex=3128, commits[s2:c3159, s0:c3071, s1:c3071]
2019-09-24 16:17:40,037 DEBUG client.GrpcClientProtocolService (GrpcClientProtocolService.java:sendReply(353)) - 36-OrderedRequestStreamObserver36: sendReply seq=2479, RaftClientReply:client-EDB41257C35F->s2@group-5C26748AB2B1, cid=2531, SUCCESS, logIndex=3129, commits[s2:c3159, s0:c3071, s1:c3071]
2019-09-24 16:17:40,037 DEBUG client.GrpcClientProtocolService (GrpcClientProtocolService.java:sendReply(353)) - 36-OrderedRequestStreamObserver36: sendReply seq=2480, RaftClientReply:client-EDB41257C35F->s2@group-5C26748AB2B1, cid=2532, SUCCESS, logIndex=3130, commits[s2:c3159, s0:c3071, s1:c3071]
2019-09-24 16:17:40,038 DEBUG client.GrpcClientProtocolService (GrpcClientProtocolService.java:sendReply(353)) - 36-OrderedRequestStreamObserver36: sendReply seq=2481, RaftClientReply:client-EDB41257C35F->s2@group-5C26748AB2B1, cid=2533, SUCCESS, logIndex=3131, commits[s2:c3159, s0:c3071, s1:c3071]
2019-09-24 16:17:40,038 DEBUG client.GrpcClientProtocolService (GrpcClientProtocolService.java:sendReply(353)) - 36-OrderedRequestStreamObserver36: sendReply seq=2482, RaftClientReply:client-EDB41257C35F->s2@group-5C26748AB2B1, cid=2534, SUCCESS, logIndex=3132, commits[s2:c3159, s0:c3071, s1:c3071]
2019-09-24 16:17:40,038 DEBUG client.GrpcClientProtocolService (GrpcClientProtocolService.java:sendReply(353)) - 36-OrderedRequestStreamObserver36: sendReply seq=2483, RaftClientReply:client-EDB41257C35F->s2@group-5C26748AB2B1, cid=2535, SUCCESS, logIndex=3133, commits[s2:c3159, s0:c3071, s1:c3071]
2019-09-24 16:17:40,038 DEBUG client.GrpcClientProtocolService (GrpcClientProtocolService.java:sendReply(353)) - 36-OrderedRequestStreamObserver36: sendReply seq=2484, RaftClientReply:client-EDB41257C35F->s2@group-5C26748AB2B1, cid=2536, SUCCESS, logIndex=3134, commits[s2:c3159, s0:c3071, s1:c3071]
2019-09-24 16:17:40,038 DEBUG client.GrpcClientProtocolService (GrpcClientProtocolService.java:sendReply(353)) - 36-OrderedRequestStreamObserver36: sendReply seq=2485, RaftClientReply:client-EDB41257C35F->s2@group-5C26748AB2B1, cid=2537, SUCCESS, logIndex=3135, commits[s2:c3159, s0:c3071, s1:c3071]
2019-09-24 16:17:40,038 DEBUG client.GrpcClientProtocolService (GrpcClientProtocolService.java:sendReply(353)) - 36-OrderedRequestStreamObserver36: sendReply seq=2486, RaftClientReply:client-EDB41257C35F->s2@group-5C26748AB2B1, cid=2538, SUCCESS, logIndex=3136, commits[s2:c3159, s0:c3071, s1:c3071]
2019-09-24 16:17:40,039 DEBUG client.GrpcClientProtocolService (GrpcClientProtocolService.java:sendReply(353)) - 36-OrderedRequestStreamObserver36: sendReply seq=2487, RaftClientReply:client-EDB41257C35F->s2@group-5C26748AB2B1, cid=2539, SUCCESS, logIndex=3137, commits[s2:c3159, s0:c3071, s1:c3071]
2019-09-24 16:17:40,039 DEBUG client.GrpcClientProtocolService (GrpcClientProtocolService.java:sendReply(353)) - 36-OrderedRequestStreamObserver36: sendReply seq=2488, RaftClientReply:client-EDB41257C35F->s2@group-5C26748AB2B1, cid=2540, SUCCESS, logIndex=3138, commits[s2:c3159, s0:c3071, s1:c3071]
2019-09-24 16:17:40,040 DEBUG client.GrpcClientProtocolService (GrpcClientProtocolService.java:sendReply(353)) - 36-OrderedRequestStreamObserver36: sendReply seq=2489, RaftClientReply:client-EDB41257C35F->s2@group-5C26748AB2B1, cid=2541, SUCCESS, logIndex=3139, commits[s2:c3159, s0:c3071, s1:c3071]
2019-09-24 16:17:40,040 DEBUG client.GrpcClientProtocolService (GrpcClientProtocolService.java:sendReply(353)) - 36-OrderedRequestStreamObserver36: sendReply seq=2490, RaftClientReply:client-EDB41257C35F->s2@group-5C26748AB2B1, cid=2542, SUCCESS, logIndex=3140, commits[s2:c3159, s0:c3071, s1:c3071]
2019-09-24 16:17:40,040 DEBUG client.GrpcClientProtocolService (GrpcClientProtocolService.java:sendReply(353)) - 36-OrderedRequestStreamObserver36: sendReply seq=2491, RaftClientReply:client-EDB41257C35F->s2@group-5C26748AB2B1, cid=2543, SUCCESS, logIndex=3141, commits[s2:c3159, s0:c3071, s1:c3071]
2019-09-24 16:17:40,040 DEBUG client.GrpcClientProtocolService (GrpcClientProtocolService.java:sendReply(353)) - 36-OrderedRequestStreamObserver36: sendReply seq=2492, RaftClientReply:client-EDB41257C35F->s2@group-5C26748AB2B1, cid=2544, SUCCESS, logIndex=3142, commits[s2:c3159, s0:c3071, s1:c3071]
2019-09-24 16:17:40,041 DEBUG client.GrpcClientProtocolService (GrpcClientProtocolService.java:sendReply(353)) - 36-OrderedRequestStreamObserver36: sendReply seq=2493, RaftClientReply:client-EDB41257C35F->s2@group-5C26748AB2B1, cid=2545, SUCCESS, logIndex=3143, commits[s2:c3159, s0:c3071, s1:c3071]
2019-09-24 16:17:40,041 DEBUG client.GrpcClientProtocolService (GrpcClientProtocolService.java:sendReply(353)) - 36-OrderedRequestStreamObserver36: sendReply seq=2494, RaftClientReply:client-EDB41257C35F->s2@group-5C26748AB2B1, cid=2546, SUCCESS, logIndex=3144, commits[s2:c3159, s0:c3071, s1:c3071]
2019-09-24 16:17:40,041 DEBUG client.GrpcClientProtocolService (GrpcClientProtocolService.java:sendReply(353)) - 36-OrderedRequestStreamObserver36: sendReply seq=2495, RaftClientReply:client-EDB41257C35F->s2@group-5C26748AB2B1, cid=2547, SUCCESS, logIndex=3145, commits[s2:c3159, s0:c3071, s1:c3071]
2019-09-24 16:17:40,041 DEBUG client.GrpcClientProtocolService (GrpcClientProtocolService.java:sendReply(353)) - 36-OrderedRequestStreamObserver36: sendReply seq=2496, RaftClientReply:client-EDB41257C35F->s2@group-5C26748AB2B1, cid=2548, SUCCESS, logIndex=3146, commits[s2:c3159, s0:c3071, s1:c3071]
2019-09-24 16:17:40,041 DEBUG client.GrpcClientProtocolService (GrpcClientProtocolService.java:sendReply(353)) - 36-OrderedRequestStreamObserver36: sendReply seq=2497, RaftClientReply:client-EDB41257C35F->s2@group-5C26748AB2B1, cid=2550, SUCCESS, logIndex=3147, commits[s2:c3159, s0:c3071, s1:c3071]
2019-09-24 16:17:40,041 DEBUG client.GrpcClientProtocolService (GrpcClientProtocolService.java:sendReply(353)) - 36-OrderedRequestStreamObserver36: sendReply seq=2498, RaftClientReply:client-EDB41257C35F->s2@group-5C26748AB2B1, cid=2551, SUCCESS, logIndex=3148, commits[s2:c3159, s0:c3071, s1:c3071]
2019-09-24 16:17:40,042 DEBUG client.GrpcClientProtocolService (GrpcClientProtocolService.java:sendReply(353)) - 36-OrderedRequestStreamObserver36: sendReply seq=2499, RaftClientReply:client-EDB41257C35F->s2@group-5C26748AB2B1, cid=2552, SUCCESS, logIndex=3149, commits[s2:c3159, s0:c3071, s1:c3071]
2019-09-24 16:17:40,042 DEBUG client.GrpcClientProtocolService (GrpcClientProtocolService.java:sendReply(353)) - 36-OrderedRequestStreamObserver36: sendReply seq=2500, RaftClientReply:client-EDB41257C35F->s2@group-5C26748AB2B1, cid=2553, SUCCESS, logIndex=3150, commits[s2:c3159, s0:c3071, s1:c3071]
2019-09-24 16:17:40,042 DEBUG client.GrpcClientProtocolService (GrpcClientProtocolService.java:sendReply(353)) - 36-OrderedRequestStreamObserver36: sendReply seq=2501, RaftClientReply:client-EDB41257C35F->s2@group-5C26748AB2B1, cid=2554, SUCCESS, logIndex=3151, commits[s2:c3159, s0:c3071, s1:c3071]
2019-09-24 16:17:40,042 DEBUG client.GrpcClientProtocolService (GrpcClientProtocolService.java:sendReply(353)) - 36-OrderedRequestStreamObserver36: sendReply seq=2502, RaftClientReply:client-EDB41257C35F->s2@group-5C26748AB2B1, cid=2555, SUCCESS, logIndex=3152, commits[s2:c3159, s0:c3071, s1:c3071]
2019-09-24 16:17:40,042 DEBUG client.GrpcClientProtocolService (GrpcClientProtocolService.java:sendReply(353)) - 36-OrderedRequestStreamObserver36: sendReply seq=2503, RaftClientReply:client-EDB41257C35F->s2@group-5C26748AB2B1, cid=2556, SUCCESS, logIndex=3153, commits[s2:c3159, s0:c3071, s1:c3071]
2019-09-24 16:17:40,042 DEBUG client.GrpcClientProtocolService (GrpcClientProtocolService.java:sendReply(353)) - 36-OrderedRequestStreamObserver36: sendReply seq=2504, RaftClientReply:client-EDB41257C35F->s2@group-5C26748AB2B1, cid=2557, SUCCESS, logIndex=3154, commits[s2:c3159, s0:c3071, s1:c3071]
2019-09-24 16:17:40,042 DEBUG client.GrpcClientProtocolService (GrpcClientProtocolService.java:sendReply(353)) - 36-OrderedRequestStreamObserver36: sendReply seq=2505, RaftClientReply:client-EDB41257C35F->s2@group-5C26748AB2B1, cid=2558, SUCCESS, logIndex=3155, commits[s2:c3159, s0:c3071, s1:c3071]
2019-09-24 16:17:40,043 DEBUG client.GrpcClientProtocolService (GrpcClientProtocolService.java:sendReply(353)) - 36-OrderedRequestStreamObserver36: sendReply seq=2506, RaftClientReply:client-EDB41257C35F->s2@group-5C26748AB2B1, cid=2559, SUCCESS, logIndex=3156, commits[s2:c3159, s0:c3071, s1:c3071]
2019-09-24 16:17:40,043 DEBUG client.GrpcClientProtocolService (GrpcClientProtocolService.java:sendReply(353)) - 36-OrderedRequestStreamObserver36: sendReply seq=2507, RaftClientReply:client-EDB41257C35F->s2@group-5C26748AB2B1, cid=2567, SUCCESS, logIndex=3157, commits[s2:c3159, s0:c3071, s1:c3071]
2019-09-24 16:17:40,043 DEBUG client.GrpcClientProtocolService (GrpcClientProtocolService.java:sendReply(353)) - 36-OrderedRequestStreamObserver36: sendReply seq=2508, RaftClientReply:client-EDB41257C35F->s2@group-5C26748AB2B1, cid=2568, SUCCESS, logIndex=3159, commits[s2:c3159, s0:c3071, s1:c3071]
2019-09-24 16:17:40,046 DEBUG client.GrpcClientProtocolService (GrpcClientProtocolService.java:sendReply(353)) - 36-OrderedRequestStreamObserver36: sendReply seq=2509, RaftClientReply:client-EDB41257C35F->s2@group-5C26748AB2B1, cid=2569, SUCCESS, logIndex=3161, commits[s2:c3161, s0:c3071, s1:c3071]
2019-09-24 16:17:40,047 DEBUG client.GrpcClientProtocolService (GrpcClientProtocolService.java:sendReply(353)) - 36-OrderedRequestStreamObserver36: sendReply seq=2510, RaftClientReply:client-EDB41257C35F->s2@group-5C26748AB2B1, cid=2570, SUCCESS, logIndex=3162, commits[s2:c3164, s0:c3071, s1:c3071]
2019-09-24 16:17:40,049 DEBUG client.GrpcClientProtocolService (GrpcClientProtocolService.java:sendReply(353)) - 36-OrderedRequestStreamObserver36: sendReply seq=2511, RaftClientReply:client-EDB41257C35F->s2@group-5C26748AB2B1, cid=2571, SUCCESS, logIndex=3163, commits[s2:c3164, s0:c3071, s1:c3071]
2019-09-24 16:17:40,049 DEBUG client.GrpcClientProtocolService (GrpcClientProtocolService.java:sendReply(353)) - 36-OrderedRequestStreamObserver36: sendReply seq=2512, RaftClientReply:client-EDB41257C35F->s2@group-5C26748AB2B1, cid=2572, SUCCESS, logIndex=3164, commits[s2:c3164, s0:c3071, s1:c3071]
2019-09-24 16:17:40,050 DEBUG client.GrpcClientProtocolService (GrpcClientProtocolService.java:sendReply(353)) - 36-OrderedRequestStreamObserver36: sendReply seq=2513, RaftClientReply:client-EDB41257C35F->s2@group-5C26748AB2B1, cid=2573, SUCCESS, logIndex=3165, commits[s2:c3165, s0:c3071, s1:c3071]
2019-09-24 16:17:40,050 DEBUG client.GrpcClientProtocolService (GrpcClientProtocolService.java:sendReply(353)) - 36-OrderedRequestStreamObserver36: sendReply seq=2514, RaftClientReply:client-EDB41257C35F->s2@group-5C26748AB2B1, cid=2574, SUCCESS, logIndex=3166, commits[s2:c3166, s0:c3071, s1:c3071]
2019-09-24 16:17:40,052 DEBUG client.GrpcClientProtocolService (GrpcClientProtocolService.java:sendReply(353)) - 36-OrderedRequestStreamObserver36: sendReply seq=2515, RaftClientReply:client-EDB41257C35F->s2@group-5C26748AB2B1, cid=2576, SUCCESS, logIndex=3167, commits[s2:c3168, s0:c3071, s1:c3071]
2019-09-24 16:17:40,052 DEBUG client.GrpcClientProtocolService (GrpcClientProtocolService.java:sendReply(353)) - 36-OrderedRequestStreamObserver36: sendReply seq=2516, RaftClientReply:client-EDB41257C35F->s2@group-5C26748AB2B1, cid=2577, SUCCESS, logIndex=3168, commits[s2:c3170, s0:c3071, s1:c3071]
2019-09-24 16:17:40,055 DEBUG client.GrpcClientProtocolService (GrpcClientProtocolService.java:sendReply(353)) - 36-OrderedRequestStreamObserver36: sendReply seq=2517, RaftClientReply:client-EDB41257C35F->s2@group-5C26748AB2B1, cid=2578, SUCCESS, logIndex=3169, commits[s2:c3170, s0:c3071, s1:c3071]
2019-09-24 16:17:40,055 DEBUG client.GrpcClientProtocolService (GrpcClientProtocolService.java:sendReply(353)) - 36-OrderedRequestStreamObserver36: sendReply seq=2518, RaftClientReply:client-EDB41257C35F->s2@group-5C26748AB2B1, cid=2579, SUCCESS, logIndex=3170, commits[s2:c3170, s0:c3074, s1:c3106]
2019-09-24 16:17:40,055 DEBUG client.GrpcClientProtocolService (GrpcClientProtocolService.java:sendReply(353)) - 36-OrderedRequestStreamObserver36: sendReply seq=2519, RaftClientReply:client-EDB41257C35F->s2@group-5C26748AB2B1, cid=2580, SUCCESS, logIndex=3171, commits[s2:c3180, s0:c3074, s1:c3138]
2019-09-24 16:17:40,055 DEBUG client.GrpcClientProtocolService (GrpcClientProtocolService.java:sendReply(353)) - 36-OrderedRequestStreamObserver36: sendReply seq=2520, RaftClientReply:client-EDB41257C35F->s2@group-5C26748AB2B1, cid=2581, SUCCESS, logIndex=3172, commits[s2:c3184, s0:c3074, s1:c3138]
2019-09-24 16:17:40,056 DEBUG client.GrpcClientProtocolService (GrpcClientProtocolService.java:sendReply(353)) - 36-OrderedRequestStreamObserver36: sendReply seq=2521, RaftClientReply:client-EDB41257C35F->s2@group-5C26748AB2B1, cid=2582, SUCCESS, logIndex=3173, commits[s2:c3184, s0:c3074, s1:c3138]
2019-09-24 16:17:40,056 DEBUG client.GrpcClientProtocolService (GrpcClientProtocolService.java:sendReply(353)) - 36-OrderedRequestStreamObserver36: sendReply seq=2522, RaftClientReply:client-EDB41257C35F->s2@group-5C26748AB2B1, cid=2583, SUCCESS, logIndex=3174, commits[s2:c3184, s0:c3074, s1:c3149]
2019-09-24 16:17:40,056 DEBUG client.GrpcClientProtocolService (GrpcClientProtocolService.java:sendReply(353)) - 36-OrderedRequestStreamObserver36: sendReply seq=2523, RaftClientReply:client-EDB41257C35F->s2@group-5C26748AB2B1, cid=2584, SUCCESS, logIndex=3175, commits[s2:c3188, s0:c3074, s1:c3149]
2019-09-24 16:17:40,056 DEBUG client.GrpcClientProtocolService (GrpcClientProtocolService.java:sendReply(353)) - 36-OrderedRequestStreamObserver36: sendReply seq=2524, RaftClientReply:client-EDB41257C35F->s2@group-5C26748AB2B1, cid=2587, SUCCESS, logIndex=3178, commits[s2:c3188, s0:c3074, s1:c3149]
2019-09-24 16:17:40,056 DEBUG client.GrpcClientProtocolService (GrpcClientProtocolService.java:sendReply(353)) - 36-OrderedRequestStreamObserver36: sendReply seq=2525, RaftClientReply:client-EDB41257C35F->s2@group-5C26748AB2B1, cid=2589, SUCCESS, logIndex=3182, commits[s2:c3188, s0:c3074, s1:c3149]
2019-09-24 16:17:40,056 DEBUG client.GrpcClientProtocolService (GrpcClientProtocolService.java:sendReply(353)) - 36-OrderedRequestStreamObserver36: sendReply seq=2526, RaftClientReply:client-EDB41257C35F->s2@group-5C26748AB2B1, cid=2591, SUCCESS, logIndex=3188, commits[s2:c3188, s0:c3097, s1:c3149]
2019-09-24 16:17:40,056 DEBUG client.GrpcClientProtocolService (GrpcClientProtocolService.java:sendReply(353)) - 36-OrderedRequestStreamObserver36: sendReply seq=2527, RaftClientReply:client-EDB41257C35F->s2@group-5C26748AB2B1, cid=2592, SUCCESS, logIndex=3190, commits[s2:c3190, s0:c3139, s1:c3155]
2019-09-24 16:17:40,062 DEBUG client.GrpcClientProtocolService (GrpcClientProtocolService.java:sendReply(353)) - 36-OrderedRequestStreamObserver36: sendReply seq=2528, RaftClientReply:client-EDB41257C35F->s2@group-5C26748AB2B1, cid=2593, SUCCESS, logIndex=3193, commits[s2:c3193, s0:c3159, s1:c3155]
2019-09-24 16:17:40,063 DEBUG client.GrpcClientProtocolService (GrpcClientProtocolService.java:sendReply(353)) - 36-OrderedRequestStreamObserver36: sendReply seq=2529, RaftClientReply:client-EDB41257C35F->s2@group-5C26748AB2B1, cid=2594, SUCCESS, logIndex=3194, commits[s2:c3196, s0:c3159, s1:c3155]
2019-09-24 16:17:40,064 DEBUG client.GrpcClientProtocolService (GrpcClientProtocolService.java:sendReply(353)) - 36-OrderedRequestStreamObserver36: sendReply seq=2530, RaftClientReply:client-EDB41257C35F->s2@group-5C26748AB2B1, cid=2595, SUCCESS, logIndex=3195, commits[s2:c3196, s0:c3159, s1:c3155]
2019-09-24 16:17:40,064 DEBUG client.GrpcClientProtocolService (GrpcClientProtocolService.java:sendReply(353)) - 36-OrderedRequestStreamObserver36: sendReply seq=2531, RaftClientReply:client-EDB41257C35F->s2@group-5C26748AB2B1, cid=2596, SUCCESS, logIndex=3196, commits[s2:c3196, s0:c3159, s1:c3155]
2019-09-24 16:17:40,064 DEBUG client.GrpcClientProtocolService (GrpcClientProtocolService.java:sendReply(353)) - 36-OrderedRequestStreamObserver36: sendReply seq=2532, RaftClientReply:client-EDB41257C35F->s2@group-5C26748AB2B1, cid=2597, SUCCESS, logIndex=3197, commits[s2:c3197, s0:c3159, s1:c3155]
2019-09-24 16:17:40,065 DEBUG client.GrpcClientProtocolService (GrpcClientProtocolService.java:sendReply(353)) - 36-OrderedRequestStreamObserver36: sendReply seq=2533, RaftClientReply:client-EDB41257C35F->s2@group-5C26748AB2B1, cid=2598, SUCCESS, logIndex=3198, commits[s2:c3198, s0:c3159, s1:c3155]
2019-09-24 16:17:40,066 DEBUG client.GrpcClientProtocolService (GrpcClientProtocolService.java:sendReply(353)) - 36-OrderedRequestStreamObserver36: sendReply seq=2534, RaftClientReply:client-EDB41257C35F->s2@group-5C26748AB2B1, cid=2599, SUCCESS, logIndex=3199, commits[s2:c3200, s0:c3159, s1:c3155]
2019-09-24 16:17:40,066 DEBUG client.GrpcClientProtocolService (GrpcClientProtocolService.java:sendReply(353)) - 36-OrderedRequestStreamObserver36: sendReply seq=2535, RaftClientReply:client-EDB41257C35F->s2@group-5C26748AB2B1, cid=2600, SUCCESS, logIndex=3200, commits[s2:c3201, s0:c3159, s1:c3155]
2019-09-24 16:17:40,066 DEBUG client.GrpcClientProtocolService (GrpcClientProtocolService.java:sendReply(353)) - 36-OrderedRequestStreamObserver36: sendReply seq=2536, RaftClientReply:client-EDB41257C35F->s2@group-5C26748AB2B1, cid=2601, SUCCESS, logIndex=3201, commits[s2:c3201, s0:c3161, s1:c3155]
2019-09-24 16:17:40,066 DEBUG client.GrpcClientProtocolService (GrpcClientProtocolService.java:sendReply(353)) - 36-OrderedRequestStreamObserver36: sendReply seq=2537, RaftClientReply:client-EDB41257C35F->s2@group-5C26748AB2B1, cid=2602, SUCCESS, logIndex=3202, commits[s2:c3210, s0:c3161, s1:c3155]
2019-09-24 16:17:40,066 DEBUG client.GrpcClientProtocolService (GrpcClientProtocolService.java:sendReply(353)) - 36-OrderedRequestStreamObserver36: sendReply seq=2538, RaftClientReply:client-EDB41257C35F->s2@group-5C26748AB2B1, cid=2603, SUCCESS, logIndex=3203, commits[s2:c3210, s0:c3165, s1:c3155]
2019-09-24 16:17:40,067 DEBUG client.GrpcClientProtocolService (GrpcClientProtocolService.java:sendReply(353)) - 36-OrderedRequestStreamObserver36: sendReply seq=2539, RaftClientReply:client-EDB41257C35F->s2@group-5C26748AB2B1, cid=2604, SUCCESS, logIndex=3204, commits[s2:c3210, s0:c3168, s1:c3155]
2019-09-24 16:17:40,067 DEBUG client.GrpcClientProtocolService (GrpcClientProtocolService.java:sendReply(353)) - 36-OrderedRequestStreamObserver36: sendReply seq=2540, RaftClientReply:client-EDB41257C35F->s2@group-5C26748AB2B1, cid=2606, SUCCESS, logIndex=3205, commits[s2:c3215, s0:c3168, s1:c3155]
2019-09-24 16:17:40,067 DEBUG client.GrpcClientProtocolService (GrpcClientProtocolService.java:sendReply(353)) - 36-OrderedRequestStreamObserver36: sendReply seq=2541, RaftClientReply:client-EDB41257C35F->s2@group-5C26748AB2B1, cid=2607, SUCCESS, logIndex=3206, commits[s2:c3215, s0:c3170, s1:c3155]
2019-09-24 16:17:40,067 DEBUG client.GrpcClientProtocolService (GrpcClientProtocolService.java:sendReply(353)) - 36-OrderedRequestStreamObserver36: sendReply seq=2542, RaftClientReply:client-EDB41257C35F->s2@group-5C26748AB2B1, cid=2608, SUCCESS, logIndex=3207, commits[s2:c3216, s0:c3188, s1:c3155]
2019-09-24 16:17:40,067 DEBUG client.GrpcClientProtocolService (GrpcClientProtocolService.java:sendReply(353)) - 36-OrderedRequestStreamObserver36: sendReply seq=2543, RaftClientReply:client-EDB41257C35F->s2@group-5C26748AB2B1, cid=2609, SUCCESS, logIndex=3208, commits[s2:c3217, s0:c3188, s1:c3155]
2019-09-24 16:17:40,067 DEBUG client.GrpcClientProtocolService (GrpcClientProtocolService.java:sendReply(353)) - 36-OrderedRequestStreamObserver36: sendReply seq=2544, RaftClientReply:client-EDB41257C35F->s2@group-5C26748AB2B1, cid=2610, SUCCESS, logIndex=3209, commits[s2:c3217, s0:c3188, s1:c3155]
2019-09-24 16:17:40,067 DEBUG client.GrpcClientProtocolService (GrpcClientProtocolService.java:sendReply(353)) - 36-OrderedRequestStreamObserver36: sendReply seq=2545, RaftClientReply:client-EDB41257C35F->s2@group-5C26748AB2B1, cid=2611, SUCCESS, logIndex=3211, commits[s2:c3217, s0:c3188, s1:c3155]
2019-09-24 16:17:40,067 DEBUG client.GrpcClientProtocolService (GrpcClientProtocolService.java:sendReply(353)) - 36-OrderedRequestStreamObserver36: sendReply seq=2546, RaftClientReply:client-EDB41257C35F->s2@group-5C26748AB2B1, cid=2612, SUCCESS, logIndex=3217, commits[s2:c3217, s0:c3188, s1:c3155]
2019-09-24 16:17:40,139 DEBUG client.GrpcClientProtocolService (GrpcClientProtocolService.java:<init>(175)) - new 0-OrderedRequestStreamObserver0
2019-09-24 16:17:40,140 DEBUG client.GrpcClientProtocolService (GrpcClientProtocolService.java:sendReply(353)) - 0-OrderedRequestStreamObserver0: sendReply seq=39, RaftClientReply:client-FBE51ED1F687->s1@group-926153DB23B0, cid=2455, FAILED org.apache.ratis.protocol.NotLeaderException: Server s1@group-926153DB23B0 is not the leader s2:0.0.0.0:44794, logIndex=0, commits[s1:c40, s0:c30, s2:c40]
2019-09-24 16:17:40,142 DEBUG client.GrpcClientProtocolService (GrpcClientProtocolService.java:close(374)) - 0-OrderedRequestStreamObserver0: close
2019-09-24 16:17:40,251 DEBUG client.GrpcClientProtocolService (GrpcClientProtocolService.java:<init>(175)) - new 2-OrderedRequestStreamObserver2
2019-09-24 16:17:40,252 DEBUG client.GrpcClientProtocolService (GrpcClientProtocolService.java:sendReply(353)) - 2-OrderedRequestStreamObserver2: sendReply seq=39, RaftClientReply:client-FBE51ED1F687->s0@group-926153DB23B0, cid=2455, FAILED org.apache.ratis.protocol.NotLeaderException: Server s0@group-926153DB23B0 is not the leader s2:0.0.0.0:44794, logIndex=0, commits[s0:c40, s1:c1, s2:c40]
2019-09-24 16:17:40,254 DEBUG client.GrpcClientProtocolService (GrpcClientProtocolService.java:close(374)) - 2-OrderedRequestStreamObserver2: close
2019-09-24 16:17:40,268 DEBUG client.GrpcClientProtocolService (GrpcClientProtocolService.java:sendReply(353)) - 36-OrderedRequestStreamObserver36: sendReply seq=2547, RaftClientReply:client-EDB41257C35F->s2@group-5C26748AB2B1, cid=2613, SUCCESS, logIndex=3220, commits[s2:c3302, s0:c3217, s1:c3170]
2019-09-24 16:17:40,269 DEBUG client.GrpcClientProtocolService (GrpcClientProtocolService.java:sendReply(353)) - 36-OrderedRequestStreamObserver36: sendReply seq=2548, RaftClientReply:client-EDB41257C35F->s2@group-5C26748AB2B1, cid=2614, SUCCESS, logIndex=3221, commits[s2:c3302, s0:c3217, s1:c3170]
2019-09-24 16:17:40,269 DEBUG client.GrpcClientProtocolService (GrpcClientProtocolService.java:sendReply(353)) - 36-OrderedRequestStreamObserver36: sendReply seq=2549, RaftClientReply:client-EDB41257C35F->s2@group-5C26748AB2B1, cid=2615, SUCCESS, logIndex=3222, commits[s2:c3302, s0:c3217, s1:c3170]
2019-09-24 16:17:40,270 DEBUG client.GrpcClientProtocolService (GrpcClientProtocolService.java:sendReply(353)) - 36-OrderedRequestStreamObserver36: sendReply seq=2550, RaftClientReply:client-EDB41257C35F->s2@group-5C26748AB2B1, cid=2616, SUCCESS, logIndex=3223, commits[s2:c3302, s0:c3217, s1:c3170]
2019-09-24 16:17:40,272 DEBUG client.GrpcClientProtocolService (GrpcClientProtocolService.java:sendReply(353)) - 36-OrderedRequestStreamObserver36: sendReply seq=2551, RaftClientReply:client-EDB41257C35F->s2@group-5C26748AB2B1, cid=2617, SUCCESS, logIndex=3224, commits[s2:c3302, s0:c3217, s1:c3170]
2019-09-24 16:17:40,273 DEBUG client.GrpcClientProtocolService (GrpcClientProtocolService.java:sendReply(353)) - 36-OrderedRequestStreamObserver36: sendReply seq=2552, RaftClientReply:client-EDB41257C35F->s2@group-5C26748AB2B1, cid=2618, SUCCESS, logIndex=3225, commits[s2:c3302, s0:c3217, s1:c3170]
2019-09-24 16:17:40,273 DEBUG client.GrpcClientProtocolService (GrpcClientProtocolService.java:sendReply(353)) - 36-OrderedRequestStreamObserver36: sendReply seq=2553, RaftClientReply:client-EDB41257C35F->s2@group-5C26748AB2B1, cid=2619, SUCCESS, logIndex=3226, commits[s2:c3302, s0:c3217, s1:c3170]
2019-09-24 16:17:40,274 DEBUG client.GrpcClientProtocolService (GrpcClientProtocolService.java:sendReply(353)) - 36-OrderedRequestStreamObserver36: sendReply seq=2554, RaftClientReply:client-EDB41257C35F->s2@group-5C26748AB2B1, cid=2621, SUCCESS, logIndex=3227, commits[s2:c3302, s0:c3217, s1:c3170]
2019-09-24 16:17:40,274 DEBUG client.GrpcClientProtocolService (GrpcClientProtocolService.java:sendReply(353)) - 36-OrderedRequestStreamObserver36: sendReply seq=2555, RaftClientReply:client-EDB41257C35F->s2@group-5C26748AB2B1, cid=2622, SUCCESS, logIndex=3228, commits[s2:c3302, s0:c3217, s1:c3170]
2019-09-24 16:17:40,274 DEBUG client.GrpcClientProtocolService (GrpcClientProtocolService.java:sendReply(353)) - 36-OrderedRequestStreamObserver36: sendReply seq=2556, RaftClientReply:client-EDB41257C35F->s2@group-5C26748AB2B1, cid=2623, SUCCESS, logIndex=3229, commits[s2:c3302, s0:c3217, s1:c3170]
2019-09-24 16:17:40,274 DEBUG client.GrpcClientProtocolService (GrpcClientProtocolService.java:sendReply(353)) - 36-OrderedRequestStreamObserver36: sendReply seq=2557, RaftClientReply:client-EDB41257C35F->s2@group-5C26748AB2B1, cid=2624, SUCCESS, logIndex=3230, commits[s2:c3302, s0:c3217, s1:c3170]
2019-09-24 16:17:40,275 DEBUG client.GrpcClientProtocolService (GrpcClientProtocolService.java:sendReply(353)) - 36-OrderedRequestStreamObserver36: sendReply seq=2558, RaftClientReply:client-EDB41257C35F->s2@group-5C26748AB2B1, cid=2625, SUCCESS, logIndex=3231, commits[s2:c3302, s0:c3217, s1:c3170]
2019-09-24 16:17:40,275 DEBUG client.GrpcClientProtocolService (GrpcClientProtocolService.java:sendReply(353)) - 36-OrderedRequestStreamObserver36: sendReply seq=2559, RaftClientReply:client-EDB41257C35F->s2@group-5C26748AB2B1, cid=2626, SUCCESS, logIndex=3232, commits[s2:c3302, s0:c3217, s1:c3170]
2019-09-24 16:17:40,276 DEBUG client.GrpcClientProtocolService (GrpcClientProtocolService.java:sendReply(353)) - 36-OrderedRequestStreamObserver36: sendReply seq=2560, RaftClientReply:client-EDB41257C35F->s2@group-5C26748AB2B1, cid=2627, SUCCESS, logIndex=3233, commits[s2:c3302, s0:c3217, s1:c3170]
2019-09-24 16:17:40,277 DEBUG client.GrpcClientProtocolService (GrpcClientProtocolService.java:sendReply(353)) - 36-OrderedRequestStreamObserver36: sendReply seq=2561, RaftClientReply:client-EDB41257C35F->s2@group-5C26748AB2B1, cid=2628, SUCCESS, logIndex=3234, commits[s2:c3302, s0:c3217, s1:c3170]
2019-09-24 16:17:40,277 DEBUG client.GrpcClientProtocolService (GrpcClientProtocolService.java:sendReply(353)) - 36-OrderedRequestStreamObserver36: sendReply seq=2562, RaftClientReply:client-EDB41257C35F->s2@group-5C26748AB2B1, cid=2629, SUCCESS, logIndex=3235, commits[s2:c3302, s0:c3217, s1:c3170]
2019-09-24 16:17:40,277 DEBUG client.GrpcClientProtocolService (GrpcClientProtocolService.java:sendReply(353)) - 36-OrderedRequestStreamObserver36: sendReply seq=2563, RaftClientReply:client-EDB41257C35F->s2@group-5C26748AB2B1, cid=2630, SUCCESS, logIndex=3236, commits[s2:c3302, s0:c3217, s1:c3170]
2019-09-24 16:17:40,277 DEBUG client.GrpcClientProtocolService (GrpcClientProtocolService.java:sendReply(353)) - 36-OrderedRequestStreamObserver36: sendReply seq=2564, RaftClientReply:client-EDB41257C35F->s2@group-5C26748AB2B1, cid=2631, SUCCESS, logIndex=3237, commits[s2:c3302, s0:c3217, s1:c3170]
2019-09-24 16:17:40,280 DEBUG client.GrpcClientProtocolService (GrpcClientProtocolService.java:sendReply(353)) - 36-OrderedRequestStreamObserver36: sendReply seq=2565, RaftClientReply:client-EDB41257C35F->s2@group-5C26748AB2B1, cid=2632, SUCCESS, logIndex=3238, commits[s2:c3303, s0:c3217, s1:c3190]
2019-09-24 16:17:40,280 DEBUG client.GrpcClientProtocolService (GrpcClientProtocolService.java:sendReply(353)) - 36-OrderedRequestStreamObserver36: sendReply seq=2566, RaftClientReply:client-EDB41257C35F->s2@group-5C26748AB2B1, cid=2633, SUCCESS, logIndex=3239, commits[s2:c3312, s0:c3217, s1:c3190]
2019-09-24 16:17:40,281 DEBUG client.GrpcClientProtocolService (GrpcClientProtocolService.java:sendReply(353)) - 36-OrderedRequestStreamObserver36: sendReply seq=2567, RaftClientReply:client-EDB41257C35F->s2@group-5C26748AB2B1, cid=2634, SUCCESS, logIndex=3240, commits[s2:c3312, s0:c3217, s1:c3190]
2019-09-24 16:17:40,283 DEBUG client.GrpcClientProtocolService (GrpcClientProtocolService.java:sendReply(353)) - 36-OrderedRequestStreamObserver36: sendReply seq=2568, RaftClientReply:client-EDB41257C35F->s2@group-5C26748AB2B1, cid=2635, SUCCESS, logIndex=3241, commits[s2:c3326, s0:c3217, s1:c3190]
2019-09-24 16:17:40,283 DEBUG client.GrpcClientProtocolService (GrpcClientProtocolService.java:sendReply(353)) - 36-OrderedRequestStreamObserver36: sendReply seq=2569, RaftClientReply:client-EDB41257C35F->s2@group-5C26748AB2B1, cid=2636, SUCCESS, logIndex=3242, commits[s2:c3326, s0:c3217, s1:c3190]
2019-09-24 16:17:40,283 DEBUG client.GrpcClientProtocolService (GrpcClientProtocolService.java:sendReply(353)) - 36-OrderedRequestStreamObserver36: sendReply seq=2570, RaftClientReply:client-EDB41257C35F->s2@group-5C26748AB2B1, cid=2637, SUCCESS, logIndex=3243, commits[s2:c3326, s0:c3217, s1:c3190]
2019-09-24 16:17:40,284 DEBUG client.GrpcClientProtocolService (GrpcClientProtocolService.java:sendReply(353)) - 36-OrderedRequestStreamObserver36: sendReply seq=2571, RaftClientReply:client-EDB41257C35F->s2@group-5C26748AB2B1, cid=2638, SUCCESS, logIndex=3244, commits[s2:c3326, s0:c3217, s1:c3190]
2019-09-24 16:17:40,286 DEBUG client.GrpcClientProtocolService (GrpcClientProtocolService.java:sendReply(353)) - 36-OrderedRequestStreamObserver36: sendReply seq=2572, RaftClientReply:client-EDB41257C35F->s2@group-5C26748AB2B1, cid=2639, SUCCESS, logIndex=3245, commits[s2:c3326, s0:c3217, s1:c3190]
2019-09-24 16:17:40,286 DEBUG client.GrpcClientProtocolService (GrpcClientProtocolService.java:sendReply(353)) - 36-OrderedRequestStreamObserver36: sendReply seq=2573, RaftClientReply:client-EDB41257C35F->s2@group-5C26748AB2B1, cid=2640, SUCCESS, logIndex=3246, commits[s2:c3326, s0:c3217, s1:c3190]
2019-09-24 16:17:40,286 DEBUG client.GrpcClientProtocolService (GrpcClientProtocolService.java:sendReply(353)) - 36-OrderedRequestStreamObserver36: sendReply seq=2574, RaftClientReply:client-EDB41257C35F->s2@group-5C26748AB2B1, cid=2641, SUCCESS, logIndex=3247, commits[s2:c3326, s0:c3217, s1:c3190]
2019-09-24 16:17:40,286 DEBUG client.GrpcClientProtocolService (GrpcClientProtocolService.java:sendReply(353)) - 36-OrderedRequestStreamObserver36: sendReply seq=2575, RaftClientReply:client-EDB41257C35F->s2@group-5C26748AB2B1, cid=2642, SUCCESS, logIndex=3248, commits[s2:c3326, s0:c3217, s1:c3190]
2019-09-24 16:17:40,286 DEBUG client.GrpcClientProtocolService (GrpcClientProtocolService.java:sendReply(353)) - 36-OrderedRequestStreamObserver36: sendReply seq=2576, RaftClientReply:client-EDB41257C35F->s2@group-5C26748AB2B1, cid=2643, SUCCESS, logIndex=3249, commits[s2:c3326, s0:c3217, s1:c3190]
2019-09-24 16:17:40,286 DEBUG client.GrpcClientProtocolService (GrpcClientProtocolService.java:sendReply(353)) - 36-OrderedRequestStreamObserver36: sendReply seq=2577, RaftClientReply:client-EDB41257C35F->s2@group-5C26748AB2B1, cid=2644, SUCCESS, logIndex=3250, commits[s2:c3326, s0:c3217, s1:c3190]
2019-09-24 16:17:40,287 DEBUG client.GrpcClientProtocolService (GrpcClientProtocolService.java:sendReply(353)) - 36-OrderedRequestStreamObserver36: sendReply seq=2578, RaftClientReply:client-EDB41257C35F->s2@group-5C26748AB2B1, cid=2645, SUCCESS, logIndex=3251, commits[s2:c3326, s0:c3217, s1:c3190]
2019-09-24 16:17:40,287 DEBUG client.GrpcClientProtocolService (GrpcClientProtocolService.java:sendReply(353)) - 36-OrderedRequestStreamObserver36: sendReply seq=2579, RaftClientReply:client-EDB41257C35F->s2@group-5C26748AB2B1, cid=2646, SUCCESS, logIndex=3252, commits[s2:c3326, s0:c3217, s1:c3190]
2019-09-24 16:17:40,287 DEBUG client.GrpcClientProtocolService (GrpcClientProtocolService.java:sendReply(353)) - 36-OrderedRequestStreamObserver36: sendReply seq=2580, RaftClientReply:client-EDB41257C35F->s2@group-5C26748AB2B1, cid=2647, SUCCESS, logIndex=3253, commits[s2:c3326, s0:c3217, s1:c3190]
2019-09-24 16:17:40,287 DEBUG client.GrpcClientProtocolService (GrpcClientProtocolService.java:sendReply(353)) - 36-OrderedRequestStreamObserver36: sendReply seq=2581, RaftClientReply:client-EDB41257C35F->s2@group-5C26748AB2B1, cid=2648, SUCCESS, logIndex=3254, commits[s2:c3326, s0:c3217, s1:c3190]
2019-09-24 16:17:40,287 DEBUG client.GrpcClientProtocolService (GrpcClientProtocolService.java:sendReply(353)) - 36-OrderedRequestStreamObserver36: sendReply seq=2582, RaftClientReply:client-EDB41257C35F->s2@group-5C26748AB2B1, cid=2649, SUCCESS, logIndex=3255, commits[s2:c3326, s0:c3217, s1:c3190]
2019-09-24 16:17:40,287 DEBUG client.GrpcClientProtocolService (GrpcClientProtocolService.java:sendReply(353)) - 36-OrderedRequestStreamObserver36: sendReply seq=2583, RaftClientReply:client-EDB41257C35F->s2@group-5C26748AB2B1, cid=2650, SUCCESS, logIndex=3256, commits[s2:c3326, s0:c3217, s1:c3190]
2019-09-24 16:17:40,289 DEBUG client.GrpcClientProtocolService (GrpcClientProtocolService.java:sendReply(353)) - 36-OrderedRequestStreamObserver36: sendReply seq=2584, RaftClientReply:client-EDB41257C35F->s2@group-5C26748AB2B1, cid=2651, SUCCESS, logIndex=3257, commits[s2:c3326, s0:c3217, s1:c3190]
2019-09-24 16:17:40,289 DEBUG client.GrpcClientProtocolService (GrpcClientProtocolService.java:sendReply(353)) - 36-OrderedRequestStreamObserver36: sendReply seq=2585, RaftClientReply:client-EDB41257C35F->s2@group-5C26748AB2B1, cid=2652, SUCCESS, logIndex=3258, commits[s2:c3326, s0:c3217, s1:c3190]
2019-09-24 16:17:40,289 DEBUG client.GrpcClientProtocolService (GrpcClientProtocolService.java:sendReply(353)) - 36-OrderedRequestStreamObserver36: sendReply seq=2586, RaftClientReply:client-EDB41257C35F->s2@group-5C26748AB2B1, cid=2653, SUCCESS, logIndex=3259, commits[s2:c3326, s0:c3217, s1:c3190]
2019-09-24 16:17:40,290 DEBUG client.GrpcClientProtocolService (GrpcClientProtocolService.java:sendReply(353)) - 36-OrderedRequestStreamObserver36: sendReply seq=2587, RaftClientReply:client-EDB41257C35F->s2@group-5C26748AB2B1, cid=2654, SUCCESS, logIndex=3260, commits[s2:c3326, s0:c3217, s1:c3190]
2019-09-24 16:17:40,290 DEBUG client.GrpcClientProtocolService (GrpcClientProtocolService.java:sendReply(353)) - 36-OrderedRequestStreamObserver36: sendReply seq=2588, RaftClientReply:client-EDB41257C35F->s2@group-5C26748AB2B1, cid=2655, SUCCESS, logIndex=3261, commits[s2:c3326, s0:c3217, s1:c3190]
2019-09-24 16:17:40,290 DEBUG client.GrpcClientProtocolService (GrpcClientProtocolService.java:sendReply(353)) - 36-OrderedRequestStreamObserver36: sendReply seq=2589, RaftClientReply:client-EDB41257C35F->s2@group-5C26748AB2B1, cid=2656, SUCCESS, logIndex=3262, commits[s2:c3326, s0:c3217, s1:c3190]
2019-09-24 16:17:40,290 DEBUG client.GrpcClientProtocolService (GrpcClientProtocolService.java:sendReply(353)) - 36-OrderedRequestStreamObserver36: sendReply seq=2590, RaftClientReply:client-EDB41257C35F->s2@group-5C26748AB2B1, cid=2657, SUCCESS, logIndex=3263, commits[s2:c3326, s0:c3217, s1:c3190]
2019-09-24 16:17:40,290 DEBUG client.GrpcClientProtocolService (GrpcClientProtocolService.java:sendReply(353)) - 36-OrderedRequestStreamObserver36: sendReply seq=2591, RaftClientReply:client-EDB41257C35F->s2@group-5C26748AB2B1, cid=2658, SUCCESS, logIndex=3264, commits[s2:c3326, s0:c3217, s1:c3190]
2019-09-24 16:17:40,290 DEBUG client.GrpcClientProtocolService (GrpcClientProtocolService.java:sendReply(353)) - 36-OrderedRequestStreamObserver36: sendReply seq=2592, RaftClientReply:client-EDB41257C35F->s2@group-5C26748AB2B1, cid=2659, SUCCESS, logIndex=3265, commits[s2:c3326, s0:c3217, s1:c3190]
2019-09-24 16:17:40,292 DEBUG client.GrpcClientProtocolService (GrpcClientProtocolService.java:sendReply(353)) - 36-OrderedRequestStreamObserver36: sendReply seq=2593, RaftClientReply:client-EDB41257C35F->s2@group-5C26748AB2B1, cid=2660, SUCCESS, logIndex=3266, commits[s2:c3326, s0:c3217, s1:c3190]
2019-09-24 16:17:40,293 DEBUG client.GrpcClientProtocolService (GrpcClientProtocolService.java:sendReply(353)) - 36-OrderedRequestStreamObserver36: sendReply seq=2594, RaftClientReply:client-EDB41257C35F->s2@group-5C26748AB2B1, cid=2661, SUCCESS, logIndex=3267, commits[s2:c3326, s0:c3217, s1:c3190]
2019-09-24 16:17:40,294 DEBUG client.GrpcClientProtocolService (GrpcClientProtocolService.java:sendReply(353)) - 36-OrderedRequestStreamObserver36: sendReply seq=2595, RaftClientReply:client-EDB41257C35F->s2@group-5C26748AB2B1, cid=2662, SUCCESS, logIndex=3268, commits[s2:c3326, s0:c3217, s1:c3190]
2019-09-24 16:17:40,294 DEBUG client.GrpcClientProtocolService (GrpcClientProtocolService.java:sendReply(353)) - 36-OrderedRequestStreamObserver36: sendReply seq=2596, RaftClientReply:client-EDB41257C35F->s2@group-5C26748AB2B1, cid=2663, SUCCESS, logIndex=3269, commits[s2:c3326, s0:c3217, s1:c3190]
2019-09-24 16:17:40,294 DEBUG client.GrpcClientProtocolService (GrpcClientProtocolService.java:sendReply(353)) - 36-OrderedRequestStreamObserver36: sendReply seq=2597, RaftClientReply:client-EDB41257C35F->s2@group-5C26748AB2B1, cid=2664, SUCCESS, logIndex=3270, commits[s2:c3326, s0:c3217, s1:c3190]
2019-09-24 16:17:40,294 DEBUG client.GrpcClientProtocolService (GrpcClientProtocolService.java:sendReply(353)) - 36-OrderedRequestStreamObserver36: sendReply seq=2598, RaftClientReply:client-EDB41257C35F->s2@group-5C26748AB2B1, cid=2665, SUCCESS, logIndex=3271, commits[s2:c3326, s0:c3217, s1:c3190]
2019-09-24 16:17:40,294 DEBUG client.GrpcClientProtocolService (GrpcClientProtocolService.java:sendReply(353)) - 36-OrderedRequestStreamObserver36: sendReply seq=2599, RaftClientReply:client-EDB41257C35F->s2@group-5C26748AB2B1, cid=2666, SUCCESS, logIndex=3272, commits[s2:c3326, s0:c3217, s1:c3190]
2019-09-24 16:17:40,294 DEBUG client.GrpcClientProtocolService (GrpcClientProtocolService.java:sendReply(353)) - 36-OrderedRequestStreamObserver36: sendReply seq=2600, RaftClientReply:client-EDB41257C35F->s2@group-5C26748AB2B1, cid=2667, SUCCESS, logIndex=3273, commits[s2:c3326, s0:c3217, s1:c3192]
2019-09-24 16:17:40,294 DEBUG client.GrpcClientProtocolService (GrpcClientProtocolService.java:sendReply(353)) - 36-OrderedRequestStreamObserver36: sendReply seq=2601, RaftClientReply:client-EDB41257C35F->s2@group-5C26748AB2B1, cid=2668, SUCCESS, logIndex=3274, commits[s2:c3326, s0:c3217, s1:c3196]
2019-09-24 16:17:40,295 DEBUG client.GrpcClientProtocolService (GrpcClientProtocolService.java:sendReply(353)) - 36-OrderedRequestStreamObserver36: sendReply seq=2602, RaftClientReply:client-EDB41257C35F->s2@group-5C26748AB2B1, cid=2669, SUCCESS, logIndex=3275, commits[s2:c3326, s0:c3217, s1:c3217]
2019-09-24 16:17:40,295 DEBUG client.GrpcClientProtocolService (GrpcClientProtocolService.java:sendReply(353)) - 36-OrderedRequestStreamObserver36: sendReply seq=2603, RaftClientReply:client-EDB41257C35F->s2@group-5C26748AB2B1, cid=2670, SUCCESS, logIndex=3276, commits[s2:c3326, s0:c3217, s1:c3217]
2019-09-24 16:17:40,296 DEBUG client.GrpcClientProtocolService (GrpcClientProtocolService.java:sendReply(353)) - 36-OrderedRequestStreamObserver36: sendReply seq=2604, RaftClientReply:client-EDB41257C35F->s2@group-5C26748AB2B1, cid=2671, SUCCESS, logIndex=3277, commits[s2:c3326, s0:c3217, s1:c3217]
2019-09-24 16:17:40,296 DEBUG client.GrpcClientProtocolService (GrpcClientProtocolService.java:sendReply(353)) - 36-OrderedRequestStreamObserver36: sendReply seq=2605, RaftClientReply:client-EDB41257C35F->s2@group-5C26748AB2B1, cid=2672, SUCCESS, logIndex=3278, commits[s2:c3326, s0:c3217, s1:c3217]
2019-09-24 16:17:40,296 DEBUG client.GrpcClientProtocolService (GrpcClientProtocolService.java:sendReply(353)) - 36-OrderedRequestStreamObserver36: sendReply seq=2606, RaftClientReply:client-EDB41257C35F->s2@group-5C26748AB2B1, cid=2673, SUCCESS, logIndex=3279, commits[s2:c3326, s0:c3217, s1:c3217]
2019-09-24 16:17:40,297 DEBUG client.GrpcClientProtocolService (GrpcClientProtocolService.java:sendReply(353)) - 36-OrderedRequestStreamObserver36: sendReply seq=2607, RaftClientReply:client-EDB41257C35F->s2@group-5C26748AB2B1, cid=2674, SUCCESS, logIndex=3280, commits[s2:c3326, s0:c3217, s1:c3217]
2019-09-24 16:17:40,297 DEBUG client.GrpcClientProtocolService (GrpcClientProtocolService.java:sendReply(353)) - 36-OrderedRequestStreamObserver36: sendReply seq=2608, RaftClientReply:client-EDB41257C35F->s2@group-5C26748AB2B1, cid=2675, SUCCESS, logIndex=3281, commits[s2:c3326, s0:c3302, s1:c3217]
2019-09-24 16:17:40,297 DEBUG client.GrpcClientProtocolService (GrpcClientProtocolService.java:sendReply(353)) - 36-OrderedRequestStreamObserver36: sendReply seq=2609, RaftClientReply:client-EDB41257C35F->s2@group-5C26748AB2B1, cid=2677, SUCCESS, logIndex=3282, commits[s2:c3327, s0:c3303, s1:c3217]
2019-09-24 16:17:40,297 DEBUG client.GrpcClientProtocolService (GrpcClientProtocolService.java:sendReply(353)) - 36-OrderedRequestStreamObserver36: sendReply seq=2610, RaftClientReply:client-EDB41257C35F->s2@group-5C26748AB2B1, cid=2678, SUCCESS, logIndex=3283, commits[s2:c3329, s0:c3312, s1:c3217]
2019-09-24 16:17:40,297 DEBUG client.GrpcClientProtocolService (GrpcClientProtocolService.java:sendReply(353)) - 36-OrderedRequestStreamObserver36: sendReply seq=2611, RaftClientReply:client-EDB41257C35F->s2@group-5C26748AB2B1, cid=2679, SUCCESS, logIndex=3284, commits[s2:c3329, s0:c3312, s1:c3217]
2019-09-24 16:17:40,297 DEBUG client.GrpcClientProtocolService (GrpcClientProtocolService.java:sendReply(353)) - 36-OrderedRequestStreamObserver36: sendReply seq=2612, RaftClientReply:client-EDB41257C35F->s2@group-5C26748AB2B1, cid=2680, SUCCESS, logIndex=3285, commits[s2:c3329, s0:c3312, s1:c3217]
2019-09-24 16:17:40,298 DEBUG client.GrpcClientProtocolService (GrpcClientProtocolService.java:sendReply(353)) - 36-OrderedRequestStreamObserver36: sendReply seq=2613, RaftClientReply:client-EDB41257C35F->s2@group-5C26748AB2B1, cid=2681, SUCCESS, logIndex=3286, commits[s2:c3329, s0:c3312, s1:c3217]
2019-09-24 16:17:40,298 DEBUG client.GrpcClientProtocolService (GrpcClientProtocolService.java:sendReply(353)) - 36-OrderedRequestStreamObserver36: sendReply seq=2614, RaftClientReply:client-EDB41257C35F->s2@group-5C26748AB2B1, cid=2682, SUCCESS, logIndex=3287, commits[s2:c3329, s0:c3312, s1:c3217]
2019-09-24 16:17:40,298 DEBUG client.GrpcClientProtocolService (GrpcClientProtocolService.java:sendReply(353)) - 36-OrderedRequestStreamObserver36: sendReply seq=2615, RaftClientReply:client-EDB41257C35F->s2@group-5C26748AB2B1, cid=2683, SUCCESS, logIndex=3288, commits[s2:c3329, s0:c3312, s1:c3217]
2019-09-24 16:17:40,298 DEBUG client.GrpcClientProtocolService (GrpcClientProtocolService.java:sendReply(353)) - 36-OrderedRequestStreamObserver36: sendReply seq=2616, RaftClientReply:client-EDB41257C35F->s2@group-5C26748AB2B1, cid=2684, SUCCESS, logIndex=3289, commits[s2:c3329, s0:c3312, s1:c3217]
2019-09-24 16:17:40,298 DEBUG client.GrpcClientProtocolService (GrpcClientProtocolService.java:sendReply(353)) - 36-OrderedRequestStreamObserver36: sendReply seq=2617, RaftClientReply:client-EDB41257C35F->s2@group-5C26748AB2B1, cid=2686, SUCCESS, logIndex=3290, commits[s2:c3329, s0:c3312, s1:c3217]
2019-09-24 16:17:40,298 DEBUG client.GrpcClientProtocolService (GrpcClientProtocolService.java:sendReply(353)) - 36-OrderedRequestStreamObserver36: sendReply seq=2618, RaftClientReply:client-EDB41257C35F->s2@group-5C26748AB2B1, cid=2687, SUCCESS, logIndex=3291, commits[s2:c3329, s0:c3312, s1:c3217]
2019-09-24 16:17:40,298 DEBUG client.GrpcClientProtocolService (GrpcClientProtocolService.java:sendReply(353)) - 36-OrderedRequestStreamObserver36: sendReply seq=2619, RaftClientReply:client-EDB41257C35F->s2@group-5C26748AB2B1, cid=2688, SUCCESS, logIndex=3292, commits[s2:c3329, s0:c3312, s1:c3217]
2019-09-24 16:17:40,298 DEBUG client.GrpcClientProtocolService (GrpcClientProtocolService.java:sendReply(353)) - 36-OrderedRequestStreamObserver36: sendReply seq=2620, RaftClientReply:client-EDB41257C35F->s2@group-5C26748AB2B1, cid=2689, SUCCESS, logIndex=3293, commits[s2:c3329, s0:c3312, s1:c3217]
2019-09-24 16:17:40,298 DEBUG client.GrpcClientProtocolService (GrpcClientProtocolService.java:sendReply(353)) - 36-OrderedRequestStreamObserver36: sendReply seq=2621, RaftClientReply:client-EDB41257C35F->s2@group-5C26748AB2B1, cid=2690, SUCCESS, logIndex=3294, commits[s2:c3329, s0:c3312, s1:c3217]
2019-09-24 16:17:40,299 DEBUG client.GrpcClientProtocolService (GrpcClientProtocolService.java:sendReply(353)) - 36-OrderedRequestStreamObserver36: sendReply seq=2622, RaftClientReply:client-EDB41257C35F->s2@group-5C26748AB2B1, cid=2691, SUCCESS, logIndex=3296, commits[s2:c3329, s0:c3312, s1:c3217]
2019-09-24 16:17:40,300 DEBUG client.GrpcClientProtocolService (GrpcClientProtocolService.java:sendReply(353)) - 36-OrderedRequestStreamObserver36: sendReply seq=2623, RaftClientReply:client-EDB41257C35F->s2@group-5C26748AB2B1, cid=2692, SUCCESS, logIndex=3298, commits[s2:c3329, s0:c3312, s1:c3217]
2019-09-24 16:17:40,300 DEBUG client.GrpcClientProtocolService (GrpcClientProtocolService.java:sendReply(353)) - 36-OrderedRequestStreamObserver36: sendReply seq=2624, RaftClientReply:client-EDB41257C35F->s2@group-5C26748AB2B1, cid=2693, SUCCESS, logIndex=3303, commits[s2:c3329, s0:c3312, s1:c3217]
2019-09-24 16:17:40,300 DEBUG client.GrpcClientProtocolService (GrpcClientProtocolService.java:sendReply(353)) - 36-OrderedRequestStreamObserver36: sendReply seq=2625, RaftClientReply:client-EDB41257C35F->s2@group-5C26748AB2B1, cid=2694, SUCCESS, logIndex=3305, commits[s2:c3329, s0:c3312, s1:c3217]
2019-09-24 16:17:40,300 DEBUG client.GrpcClientProtocolService (GrpcClientProtocolService.java:sendReply(353)) - 36-OrderedRequestStreamObserver36: sendReply seq=2626, RaftClientReply:client-EDB41257C35F->s2@group-5C26748AB2B1, cid=2695, SUCCESS, logIndex=3306, commits[s2:c3329, s0:c3312, s1:c3217]
2019-09-24 16:17:40,300 DEBUG client.GrpcClientProtocolService (GrpcClientProtocolService.java:sendReply(353)) - 36-OrderedRequestStreamObserver36: sendReply seq=2627, RaftClientReply:client-EDB41257C35F->s2@group-5C26748AB2B1, cid=2696, SUCCESS, logIndex=3307, commits[s2:c3329, s0:c3312, s1:c3217]
2019-09-24 16:17:40,300 DEBUG client.GrpcClientProtocolService (GrpcClientProtocolService.java:sendReply(353)) - 36-OrderedRequestStreamObserver36: sendReply seq=2628, RaftClientReply:client-EDB41257C35F->s2@group-5C26748AB2B1, cid=2697, SUCCESS, logIndex=3308, commits[s2:c3329, s0:c3312, s1:c3217]
2019-09-24 16:17:40,300 DEBUG client.GrpcClientProtocolService (GrpcClientProtocolService.java:sendReply(353)) - 36-OrderedRequestStreamObserver36: sendReply seq=2629, RaftClientReply:client-EDB41257C35F->s2@group-5C26748AB2B1, cid=2698, SUCCESS, logIndex=3309, commits[s2:c3329, s0:c3312, s1:c3217]
2019-09-24 16:17:40,301 DEBUG client.GrpcClientProtocolService (GrpcClientProtocolService.java:sendReply(353)) - 36-OrderedRequestStreamObserver36: sendReply seq=2630, RaftClientReply:client-EDB41257C35F->s2@group-5C26748AB2B1, cid=2699, SUCCESS, logIndex=3310, commits[s2:c3329, s0:c3312, s1:c3217]
2019-09-24 16:17:40,301 DEBUG client.GrpcClientProtocolService (GrpcClientProtocolService.java:sendReply(353)) - 36-OrderedRequestStreamObserver36: sendReply seq=2631, RaftClientReply:client-EDB41257C35F->s2@group-5C26748AB2B1, cid=2700, SUCCESS, logIndex=3311, commits[s2:c3329, s0:c3312, s1:c3217]
2019-09-24 16:17:40,301 DEBUG client.GrpcClientProtocolService (GrpcClientProtocolService.java:sendReply(353)) - 36-OrderedRequestStreamObserver36: sendReply seq=2632, RaftClientReply:client-EDB41257C35F->s2@group-5C26748AB2B1, cid=2701, SUCCESS, logIndex=3312, commits[s2:c3329, s0:c3312, s1:c3217]
2019-09-24 16:17:40,301 DEBUG client.GrpcClientProtocolService (GrpcClientProtocolService.java:sendReply(353)) - 36-OrderedRequestStreamObserver36: sendReply seq=2633, RaftClientReply:client-EDB41257C35F->s2@group-5C26748AB2B1, cid=2703, SUCCESS, logIndex=3313, commits[s2:c3329, s0:c3312, s1:c3217]
2019-09-24 16:17:40,301 DEBUG client.GrpcClientProtocolService (GrpcClientProtocolService.java:sendReply(353)) - 36-OrderedRequestStreamObserver36: sendReply seq=2634, RaftClientReply:client-EDB41257C35F->s2@group-5C26748AB2B1, cid=2704, SUCCESS, logIndex=3314, commits[s2:c3329, s0:c3312, s1:c3217]
2019-09-24 16:17:40,301 DEBUG client.GrpcClientProtocolService (GrpcClientProtocolService.java:sendReply(353)) - 36-OrderedRequestStreamObserver36: sendReply seq=2635, RaftClientReply:client-EDB41257C35F->s2@group-5C26748AB2B1, cid=2705, SUCCESS, logIndex=3315, commits[s2:c3329, s0:c3312, s1:c3217]
2019-09-24 16:17:40,301 DEBUG client.GrpcClientProtocolService (GrpcClientProtocolService.java:sendReply(353)) - 36-OrderedRequestStreamObserver36: sendReply seq=2636, RaftClientReply:client-EDB41257C35F->s2@group-5C26748AB2B1, cid=2706, SUCCESS, logIndex=3316, commits[s2:c3329, s0:c3312, s1:c3217]
2019-09-24 16:17:40,301 DEBUG client.GrpcClientProtocolService (GrpcClientProtocolService.java:sendReply(353)) - 36-OrderedRequestStreamObserver36: sendReply seq=2637, RaftClientReply:client-EDB41257C35F->s2@group-5C26748AB2B1, cid=2707, SUCCESS, logIndex=3317, commits[s2:c3329, s0:c3312, s1:c3217]
2019-09-24 16:17:40,301 DEBUG client.GrpcClientProtocolService (GrpcClientProtocolService.java:sendReply(353)) - 36-OrderedRequestStreamObserver36: sendReply seq=2638, RaftClientReply:client-EDB41257C35F->s2@group-5C26748AB2B1, cid=2708, SUCCESS, logIndex=3318, commits[s2:c3329, s0:c3312, s1:c3217]
2019-09-24 16:17:40,302 DEBUG client.GrpcClientProtocolService (GrpcClientProtocolService.java:sendReply(353)) - 36-OrderedRequestStreamObserver36: sendReply seq=2639, RaftClientReply:client-EDB41257C35F->s2@group-5C26748AB2B1, cid=2709, SUCCESS, logIndex=3319, commits[s2:c3329, s0:c3312, s1:c3217]
2019-09-24 16:17:40,302 DEBUG client.GrpcClientProtocolService (GrpcClientProtocolService.java:sendReply(353)) - 36-OrderedRequestStreamObserver36: sendReply seq=2640, RaftClientReply:client-EDB41257C35F->s2@group-5C26748AB2B1, cid=2710, SUCCESS, logIndex=3320, commits[s2:c3329, s0:c3312, s1:c3217]
2019-09-24 16:17:40,302 DEBUG client.GrpcClientProtocolService (GrpcClientProtocolService.java:sendReply(353)) - 36-OrderedRequestStreamObserver36: sendReply seq=2641, RaftClientReply:client-EDB41257C35F->s2@group-5C26748AB2B1, cid=2711, SUCCESS, logIndex=3321, commits[s2:c3329, s0:c3312, s1:c3217]
2019-09-24 16:17:40,302 DEBUG client.GrpcClientProtocolService (GrpcClientProtocolService.java:sendReply(353)) - 36-OrderedRequestStreamObserver36: sendReply seq=2642, RaftClientReply:client-EDB41257C35F->s2@group-5C26748AB2B1, cid=2712, SUCCESS, logIndex=3322, commits[s2:c3329, s0:c3312, s1:c3217]
2019-09-24 16:17:40,302 DEBUG client.GrpcClientProtocolService (GrpcClientProtocolService.java:sendReply(353)) - 36-OrderedRequestStreamObserver36: sendReply seq=2643, RaftClientReply:client-EDB41257C35F->s2@group-5C26748AB2B1, cid=2713, SUCCESS, logIndex=3323, commits[s2:c3329, s0:c3312, s1:c3217]
2019-09-24 16:17:40,302 DEBUG client.GrpcClientProtocolService (GrpcClientProtocolService.java:sendReply(353)) - 36-OrderedRequestStreamObserver36: sendReply seq=2644, RaftClientReply:client-EDB41257C35F->s2@group-5C26748AB2B1, cid=2714, SUCCESS, logIndex=3324, commits[s2:c3329, s0:c3312, s1:c3217]
2019-09-24 16:17:40,302 DEBUG client.GrpcClientProtocolService (GrpcClientProtocolService.java:sendReply(353)) - 36-OrderedRequestStreamObserver36: sendReply seq=2645, RaftClientReply:client-EDB41257C35F->s2@group-5C26748AB2B1, cid=2715, SUCCESS, logIndex=3325, commits[s2:c3329, s0:c3312, s1:c3217]
2019-09-24 16:17:40,302 DEBUG client.GrpcClientProtocolService (GrpcClientProtocolService.java:sendReply(353)) - 36-OrderedRequestStreamObserver36: sendReply seq=2646, RaftClientReply:client-EDB41257C35F->s2@group-5C26748AB2B1, cid=2716, SUCCESS, logIndex=3326, commits[s2:c3329, s0:c3312, s1:c3217]
2019-09-24 16:17:40,302 DEBUG client.GrpcClientProtocolService (GrpcClientProtocolService.java:sendReply(353)) - 36-OrderedRequestStreamObserver36: sendReply seq=2647, RaftClientReply:client-EDB41257C35F->s2@group-5C26748AB2B1, cid=2737, SUCCESS, logIndex=3327, commits[s2:c3329, s0:c3312, s1:c3217]
2019-09-24 16:17:40,307 WARN  ratis.RaftTestUtil (JavaUtils.java:attempt(158)) - FAILED "waitForLeader-null-(expectLeader? true)", attempt #2/100: java.lang.IllegalStateException: No leader yet : printing ALL groups
  s0:  RUNNING  FOLLOWER s0@group-926153DB23B0:t1, leader=s2, voted=s2, raftlog=s0@group-926153DB23B0-SegmentedRaftLog:OPENED:c40,f65,i65, conf=0: [s0:0.0.0.0:44349, s1:0.0.0.0:45730, s2:0.0.0.0:44794], old=null RUNNING
  s1:  RUNNING  FOLLOWER s1@group-926153DB23B0:t1, leader=s2, voted=s2, raftlog=s1@group-926153DB23B0-SegmentedRaftLog:OPENED:c40,f65,i65, conf=0: [s0:0.0.0.0:44349, s1:0.0.0.0:45730, s2:0.0.0.0:44794], old=null RUNNING
  s2:   CLOSED    LEADER s2@group-926153DB23B0:t1, leader=s2, voted=s2, raftlog=s2@group-926153DB23B0-SegmentedRaftLog:CLOSED:c40, conf=0: [s0:0.0.0.0:44349, s1:0.0.0.0:45730, s2:0.0.0.0:44794], old=null CLOSED, sleep 450ms and then retry.
java.lang.IllegalStateException: No leader yet : printing ALL groups
  s0:  RUNNING  FOLLOWER s0@group-926153DB23B0:t1, leader=s2, voted=s2, raftlog=s0@group-926153DB23B0-SegmentedRaftLog:OPENED:c40,f65,i65, conf=0: [s0:0.0.0.0:44349, s1:0.0.0.0:45730, s2:0.0.0.0:44794], old=null RUNNING
  s1:  RUNNING  FOLLOWER s1@group-926153DB23B0:t1, leader=s2, voted=s2, raftlog=s1@group-926153DB23B0-SegmentedRaftLog:OPENED:c40,f65,i65, conf=0: [s0:0.0.0.0:44349, s1:0.0.0.0:45730, s2:0.0.0.0:44794], old=null RUNNING
  s2:   CLOSED    LEADER s2@group-926153DB23B0:t1, leader=s2, voted=s2, raftlog=s2@group-926153DB23B0-SegmentedRaftLog:CLOSED:c40, conf=0: [s0:0.0.0.0:44349, s1:0.0.0.0:45730, s2:0.0.0.0:44794], old=null CLOSED
	at org.apache.ratis.MiniRaftCluster.newIllegalStateExceptionForNoLeaders(MiniRaftCluster.java:506)
	at org.apache.ratis.RaftTestUtil.lambda$waitForLeader$1(RaftTestUtil.java:90)
	at org.apache.ratis.MiniRaftCluster.getLeader(MiniRaftCluster.java:539)
	at org.apache.ratis.MiniRaftCluster.getLeader(MiniRaftCluster.java:532)
	at org.apache.ratis.RaftTestUtil.lambda$waitForLeader$3(RaftTestUtil.java:98)
	at org.apache.ratis.util.JavaUtils.attempt(JavaUtils.java:152)
	at org.apache.ratis.RaftTestUtil.waitForLeader(RaftTestUtil.java:97)
	at org.apache.ratis.RaftTestUtil.waitForLeader(RaftTestUtil.java:77)
	at org.apache.ratis.RaftTestUtil.waitForLeader(RaftTestUtil.java:72)
	at org.apache.ratis.OutputStreamBaseTest.runTestKillLeader(OutputStreamBaseTest.java:297)
	at org.apache.ratis.MiniRaftCluster$Factory$Get.runWithNewCluster(MiniRaftCluster.java:125)
	at org.apache.ratis.MiniRaftCluster$Factory$Get.runWithNewCluster(MiniRaftCluster.java:113)
	at org.apache.ratis.OutputStreamBaseTest.testKillLeader(OutputStreamBaseTest.java:264)
	at sun.reflect.NativeMethodAccessorImpl.invoke0(Native Method)
	at sun.reflect.NativeMethodAccessorImpl.invoke(NativeMethodAccessorImpl.java:62)
	at sun.reflect.DelegatingMethodAccessorImpl.invoke(DelegatingMethodAccessorImpl.java:43)
	at java.lang.reflect.Method.invoke(Method.java:498)
	at org.junit.runners.model.FrameworkMethod$1.runReflectiveCall(FrameworkMethod.java:50)
	at org.junit.internal.runners.model.ReflectiveCallable.run(ReflectiveCallable.java:12)
	at org.junit.runners.model.FrameworkMethod.invokeExplosively(FrameworkMethod.java:47)
	at org.junit.internal.runners.statements.InvokeMethod.evaluate(InvokeMethod.java:17)
	at org.junit.internal.runners.statements.RunAfters.evaluate(RunAfters.java:27)
	at org.junit.internal.runners.statements.FailOnTimeout$CallableStatement.call(FailOnTimeout.java:298)
	at org.junit.internal.runners.statements.FailOnTimeout$CallableStatement.call(FailOnTimeout.java:292)
	at java.util.concurrent.FutureTask.run(FutureTask.java:266)
	at java.lang.Thread.run(Thread.java:748)
2019-09-24 16:17:40,363 DEBUG client.GrpcClientProtocolService (GrpcClientProtocolService.java:<init>(175)) - new 3-OrderedRequestStreamObserver3
2019-09-24 16:17:40,364 DEBUG client.GrpcClientProtocolService (GrpcClientProtocolService.java:sendReply(353)) - 3-OrderedRequestStreamObserver3: sendReply seq=39, RaftClientReply:client-FBE51ED1F687->s0@group-926153DB23B0, cid=2455, FAILED org.apache.ratis.protocol.NotLeaderException: Server s0@group-926153DB23B0 is not the leader s2:0.0.0.0:44794, logIndex=0, commits[s0:c40, s1:c1, s2:c40]
2019-09-24 16:17:40,368 DEBUG client.GrpcClientProtocolService (GrpcClientProtocolService.java:close(374)) - 3-OrderedRequestStreamObserver3: close
2019-09-24 16:17:40,402 INFO  impl.FollowerState (FollowerState.java:run(108)) - s1@group-926153DB23B0-FollowerState: change to CANDIDATE, lastRpcTime:407ms, electionTimeout:210ms
2019-09-24 16:17:40,403 INFO  impl.RoleInfo (RoleInfo.java:shutdownFollowerState(121)) - s1: shutdown FollowerState
2019-09-24 16:17:40,403 INFO  impl.RaftServerImpl (RaftServerImpl.java:setRole(170)) - s1@group-926153DB23B0: changes role from  FOLLOWER to CANDIDATE at term 1 for changeToCandidate
2019-09-24 16:17:40,403 INFO  impl.RoleInfo (RoleInfo.java:updateAndGet(143)) - s1: start LeaderElection
2019-09-24 16:17:40,404 INFO  impl.RaftServerImpl (ServerState.java:setLeader(254)) - s1@group-926153DB23B0: change Leader from s2 to null at term 1 for initElection
2019-09-24 16:17:40,405 INFO  impl.FollowerState (FollowerState.java:run(108)) - s0@group-926153DB23B0-FollowerState: change to CANDIDATE, lastRpcTime:408ms, electionTimeout:176ms
2019-09-24 16:17:40,406 INFO  impl.RoleInfo (RoleInfo.java:shutdownFollowerState(121)) - s0: shutdown FollowerState
2019-09-24 16:17:40,406 INFO  impl.RaftServerImpl (RaftServerImpl.java:setRole(170)) - s0@group-926153DB23B0: changes role from  FOLLOWER to CANDIDATE at term 1 for changeToCandidate
2019-09-24 16:17:40,406 INFO  impl.RoleInfo (RoleInfo.java:updateAndGet(143)) - s0: start LeaderElection
2019-09-24 16:17:40,406 INFO  impl.RaftServerImpl (ServerState.java:setLeader(254)) - s0@group-926153DB23B0: change Leader from s2 to null at term 1 for initElection
2019-09-24 16:17:40,418 INFO  impl.LeaderElection (LeaderElection.java:askForVotes(178)) - s1@group-926153DB23B0-LeaderElection19: begin an election at term 2 for 0: [s0:0.0.0.0:44349, s1:0.0.0.0:45730, s2:0.0.0.0:44794], old=null
2019-09-24 16:17:40,418 INFO  impl.LeaderElection (LeaderElection.java:askForVotes(178)) - s0@group-926153DB23B0-LeaderElection20: begin an election at term 2 for 0: [s0:0.0.0.0:44349, s1:0.0.0.0:45730, s2:0.0.0.0:44794], old=null
2019-09-24 16:17:40,423 INFO  impl.LeaderElection (LogUtils.java:infoOrTrace(149)) - s1@group-926153DB23B0-LeaderElection19 got exception when requesting votes: java.util.concurrent.ExecutionException: org.apache.ratis.thirdparty.io.grpc.StatusRuntimeException: UNAVAILABLE: io exception
2019-09-24 16:17:40,423 INFO  impl.LeaderElection (LogUtils.java:infoOrTrace(149)) - s0@group-926153DB23B0-LeaderElection20 got exception when requesting votes: java.util.concurrent.ExecutionException: org.apache.ratis.thirdparty.io.grpc.StatusRuntimeException: UNAVAILABLE: io exception
2019-09-24 16:17:40,423 INFO  impl.LeaderElection (LeaderElection.java:logAndReturn(56)) - s1@group-926153DB23B0-LeaderElection19: Election REJECTED; received 1 response(s) [s1<-s0#0:FAIL-t2] and 1 exception(s); s1@group-926153DB23B0:t2, leader=null, voted=s1, raftlog=s1@group-926153DB23B0-SegmentedRaftLog:OPENED:c40,f65,i65, conf=0: [s0:0.0.0.0:44349, s1:0.0.0.0:45730, s2:0.0.0.0:44794], old=null
2019-09-24 16:17:40,423 INFO  impl.LeaderElection (LeaderElection.java:logAndReturn(56)) - s0@group-926153DB23B0-LeaderElection20: Election REJECTED; received 1 response(s) [s0<-s1#0:FAIL-t2] and 1 exception(s); s0@group-926153DB23B0:t2, leader=null, voted=s0, raftlog=s0@group-926153DB23B0-SegmentedRaftLog:OPENED:c40,f65,i65, conf=0: [s0:0.0.0.0:44349, s1:0.0.0.0:45730, s2:0.0.0.0:44794], old=null
2019-09-24 16:17:40,423 INFO  impl.LeaderElection (LogUtils.java:infoOrTrace(149)) -   Exception 0: java.util.concurrent.ExecutionException: org.apache.ratis.thirdparty.io.grpc.StatusRuntimeException: UNAVAILABLE: io exception
2019-09-24 16:17:40,424 INFO  impl.RaftServerImpl (RaftServerImpl.java:setRole(170)) - s1@group-926153DB23B0: changes role from CANDIDATE to FOLLOWER at term 2 for DISCOVERED_A_NEW_TERM
2019-09-24 16:17:40,424 INFO  impl.LeaderElection (LogUtils.java:infoOrTrace(149)) -   Exception 0: java.util.concurrent.ExecutionException: org.apache.ratis.thirdparty.io.grpc.StatusRuntimeException: UNAVAILABLE: io exception
2019-09-24 16:17:40,424 INFO  impl.RoleInfo (RoleInfo.java:shutdownLeaderElection(134)) - s1: shutdown LeaderElection
2019-09-24 16:17:40,424 INFO  impl.RaftServerImpl (RaftServerImpl.java:setRole(170)) - s0@group-926153DB23B0: changes role from CANDIDATE to FOLLOWER at term 2 for DISCOVERED_A_NEW_TERM
2019-09-24 16:17:40,424 INFO  impl.RoleInfo (RoleInfo.java:updateAndGet(143)) - s1: start FollowerState
2019-09-24 16:17:40,424 INFO  impl.RoleInfo (RoleInfo.java:shutdownLeaderElection(134)) - s0: shutdown LeaderElection
2019-09-24 16:17:40,424 INFO  impl.RoleInfo (RoleInfo.java:updateAndGet(143)) - s0: start FollowerState
2019-09-24 16:17:40,475 DEBUG client.GrpcClientProtocolService (GrpcClientProtocolService.java:<init>(175)) - new 1-OrderedRequestStreamObserver1
2019-09-24 16:17:40,475 DEBUG client.GrpcClientProtocolService (GrpcClientProtocolService.java:sendReply(353)) - 1-OrderedRequestStreamObserver1: sendReply seq=39, RaftClientReply:client-FBE51ED1F687->s1@group-926153DB23B0, cid=2455, FAILED org.apache.ratis.protocol.NotLeaderException: Server s1@group-926153DB23B0 is not the leader, logIndex=0, commits[s1:c40, s0:c30, s2:c40]
2019-09-24 16:17:40,478 DEBUG client.GrpcClientProtocolService (GrpcClientProtocolService.java:close(374)) - 1-OrderedRequestStreamObserver1: close
2019-09-24 16:17:40,574 INFO  impl.FollowerState (FollowerState.java:run(108)) - s1@group-926153DB23B0-FollowerState: change to CANDIDATE, lastRpcTime:150ms, electionTimeout:150ms
2019-09-24 16:17:40,575 INFO  impl.RoleInfo (RoleInfo.java:shutdownFollowerState(121)) - s1: shutdown FollowerState
2019-09-24 16:17:40,575 INFO  impl.RaftServerImpl (RaftServerImpl.java:setRole(170)) - s1@group-926153DB23B0: changes role from  FOLLOWER to CANDIDATE at term 2 for changeToCandidate
2019-09-24 16:17:40,575 INFO  impl.RoleInfo (RoleInfo.java:updateAndGet(143)) - s1: start LeaderElection
2019-09-24 16:17:40,589 INFO  impl.LeaderElection (LeaderElection.java:askForVotes(178)) - s1@group-926153DB23B0-LeaderElection21: begin an election at term 3 for 0: [s0:0.0.0.0:44349, s1:0.0.0.0:45730, s2:0.0.0.0:44794], old=null
2019-09-24 16:17:40,590 INFO  impl.LeaderElection (LogUtils.java:infoOrTrace(149)) - s1@group-926153DB23B0-LeaderElection21 got exception when requesting votes: java.util.concurrent.ExecutionException: org.apache.ratis.thirdparty.io.grpc.StatusRuntimeException: UNAVAILABLE: io exception
2019-09-24 16:17:40,591 INFO  impl.RaftServerImpl (RaftServerImpl.java:setRole(170)) - s0@group-926153DB23B0: changes role from  FOLLOWER to FOLLOWER at term 3 for recognizeCandidate:s1
2019-09-24 16:17:40,591 INFO  impl.RoleInfo (RoleInfo.java:shutdownFollowerState(121)) - s0: shutdown FollowerState
2019-09-24 16:17:40,591 INFO  impl.RoleInfo (RoleInfo.java:updateAndGet(143)) - s0: start FollowerState
2019-09-24 16:17:40,591 INFO  impl.FollowerState (FollowerState.java:run(117)) - s0@group-926153DB23B0-FollowerState was interrupted: java.lang.InterruptedException: sleep interrupted
2019-09-24 16:17:40,606 INFO  impl.LeaderElection (LeaderElection.java:logAndReturn(56)) - s1@group-926153DB23B0-LeaderElection21: Election PASSED; received 1 response(s) [s1<-s0#0:OK-t3] and 1 exception(s); s1@group-926153DB23B0:t3, leader=null, voted=s1, raftlog=s1@group-926153DB23B0-SegmentedRaftLog:OPENED:c40,f65,i65, conf=0: [s0:0.0.0.0:44349, s1:0.0.0.0:45730, s2:0.0.0.0:44794], old=null
2019-09-24 16:17:40,606 INFO  impl.LeaderElection (LogUtils.java:infoOrTrace(149)) -   Exception 0: java.util.concurrent.ExecutionException: org.apache.ratis.thirdparty.io.grpc.StatusRuntimeException: UNAVAILABLE: io exception
2019-09-24 16:17:40,606 INFO  impl.RoleInfo (RoleInfo.java:shutdownLeaderElection(134)) - s1: shutdown LeaderElection
2019-09-24 16:17:40,606 INFO  impl.RaftServerImpl (RaftServerImpl.java:setRole(170)) - s1@group-926153DB23B0: changes role from CANDIDATE to LEADER at term 3 for changeToLeader
2019-09-24 16:17:40,606 INFO  impl.RaftServerImpl (ServerState.java:setLeader(254)) - s1@group-926153DB23B0: change Leader from null to s1 at term 3 for becomeLeader, leader elected after 202ms
2019-09-24 16:17:40,606 INFO  server.RaftServerConfigKeys (ConfUtils.java:logGet(43)) - raft.server.staging.catchup.gap = 1000 (default)
2019-09-24 16:17:40,607 INFO  server.RaftServerConfigKeys (ConfUtils.java:logGet(43)) - raft.server.rpc.sleep.time = 25ms (default)
2019-09-24 16:17:40,607 INFO  server.RaftServerConfigKeys (ConfUtils.java:logGet(43)) - raft.server.write.element-limit = 4096 (default)
2019-09-24 16:17:40,607 INFO  server.RaftServerConfigKeys (ConfUtils.java:logGet(43)) - raft.server.watch.timeout = 10s (default)
2019-09-24 16:17:40,607 INFO  server.RaftServerConfigKeys (ConfUtils.java:logGet(43)) - raft.server.watch.timeout.denomination = 1s (default)
2019-09-24 16:17:40,607 INFO  server.RaftServerConfigKeys (ConfUtils.java:logGet(43)) - raft.server.watch.element-limit = 65536 (default)
2019-09-24 16:17:40,610 INFO  server.RaftServerConfigKeys (ConfUtils.java:logGet(43)) - raft.server.log.appender.snapshot.chunk.size.max = 16MB (=16777216) (default)
2019-09-24 16:17:40,610 INFO  server.RaftServerConfigKeys (ConfUtils.java:logGet(43)) - raft.server.log.appender.buffer.byte-limit = 4MB (=4194304) (default)
2019-09-24 16:17:40,611 INFO  server.RaftServerConfigKeys (ConfUtils.java:logGet(43)) - raft.server.log.appender.buffer.element-limit = 0 (default)
2019-09-24 16:17:40,611 INFO  grpc.GrpcConfigKeys$Server (ConfUtils.java:logGet(43)) - raft.grpc.server.leader.outstanding.appends.max = 128 (default)
2019-09-24 16:17:40,611 INFO  server.RaftServerConfigKeys (ConfUtils.java:logGet(43)) - raft.server.rpc.request.timeout = 3000ms (default)
2019-09-24 16:17:40,611 INFO  server.RaftServerConfigKeys (ConfUtils.java:logGet(43)) - raft.server.log.appender.install.snapshot.enabled = true (default)
2019-09-24 16:17:40,611 INFO  server.RaftServerConfigKeys (ConfUtils.java:logGet(43)) - raft.server.log.appender.snapshot.chunk.size.max = 16MB (=16777216) (default)
2019-09-24 16:17:40,611 INFO  server.RaftServerConfigKeys (ConfUtils.java:logGet(43)) - raft.server.log.appender.buffer.byte-limit = 4MB (=4194304) (default)
2019-09-24 16:17:40,612 INFO  server.RaftServerConfigKeys (ConfUtils.java:logGet(43)) - raft.server.log.appender.buffer.element-limit = 0 (default)
2019-09-24 16:17:40,612 INFO  grpc.GrpcConfigKeys$Server (ConfUtils.java:logGet(43)) - raft.grpc.server.leader.outstanding.appends.max = 128 (default)
2019-09-24 16:17:40,612 INFO  server.RaftServerConfigKeys (ConfUtils.java:logGet(43)) - raft.server.rpc.request.timeout = 3000ms (default)
2019-09-24 16:17:40,612 INFO  server.RaftServerConfigKeys (ConfUtils.java:logGet(43)) - raft.server.log.appender.install.snapshot.enabled = true (default)
2019-09-24 16:17:40,612 INFO  impl.RoleInfo (RoleInfo.java:updateAndGet(143)) - s1: start LeaderState
2019-09-24 16:17:40,613 INFO  segmented.SegmentedRaftLogWorker (SegmentedRaftLogWorker.java:rollLogSegment(385)) - s1@group-926153DB23B0-SegmentedRaftLogWorker: Rolling segment log-0_65 to index:65
2019-09-24 16:17:40,618 TRACE util.FileUtils (LogUtils.java:runAndLog(61)) - Successfully ran Files.move /workdir/ratis-test/target/test/data/9f1a7c06/MiniRaftClusterWithGrpc509d369e/s1/9cc6f171-e8a8-44f4-b656-926153db23b0/current/log_inprogress_0 to /workdir/ratis-test/target/test/data/9f1a7c06/MiniRaftClusterWithGrpc509d369e/s1/9cc6f171-e8a8-44f4-b656-926153db23b0/current/log_0-65
2019-09-24 16:17:40,618 INFO  segmented.SegmentedRaftLogWorker (SegmentedRaftLogWorker.java:execute(526)) - s1@group-926153DB23B0-SegmentedRaftLogWorker: Rolled log segment from /workdir/ratis-test/target/test/data/9f1a7c06/MiniRaftClusterWithGrpc509d369e/s1/9cc6f171-e8a8-44f4-b656-926153db23b0/current/log_inprogress_0 to /workdir/ratis-test/target/test/data/9f1a7c06/MiniRaftClusterWithGrpc509d369e/s1/9cc6f171-e8a8-44f4-b656-926153db23b0/current/log_0-65
2019-09-24 16:17:40,618 INFO  impl.RaftServerImpl (ServerState.java:setRaftConf(355)) - s1@group-926153DB23B0: set configuration 66: [s0:0.0.0.0:44349, s1:0.0.0.0:45730, s2:0.0.0.0:44794], old=null at 66
2019-09-24 16:17:40,619 WARN  server.GrpcLogAppender (LogUtils.java:warn(134)) - s1@group-926153DB23B0->s2-AppendLogResponseHandler: Failed appendEntries: org.apache.ratis.thirdparty.io.grpc.StatusRuntimeException: UNAVAILABLE: io exception
2019-09-24 16:17:40,620 INFO  impl.RaftServerImpl (ServerState.java:setLeader(254)) - s0@group-926153DB23B0: change Leader from null to s1 at term 3 for appendEntries, leader elected after 213ms
2019-09-24 16:17:40,620 INFO  impl.FollowerInfo (FollowerInfo.java:lambda$new$0(51)) - s1@group-926153DB23B0->s2: nextIndex: updateUnconditionally 66 -> 1
2019-09-24 16:17:40,622 INFO  impl.RaftServerImpl (ServerState.java:setRaftConf(355)) - s0@group-926153DB23B0: set configuration 66: [s0:0.0.0.0:44349, s1:0.0.0.0:45730, s2:0.0.0.0:44794], old=null at 66
2019-09-24 16:17:40,622 INFO  segmented.SegmentedRaftLogWorker (SegmentedRaftLogWorker.java:rollLogSegment(385)) - s0@group-926153DB23B0-SegmentedRaftLogWorker: Rolling segment log-0_65 to index:65
2019-09-24 16:17:40,625 TRACE util.FileUtils (LogUtils.java:runAndLog(61)) - Successfully ran Files.move /workdir/ratis-test/target/test/data/9f1a7c06/MiniRaftClusterWithGrpc509d369e/s0/9cc6f171-e8a8-44f4-b656-926153db23b0/current/log_inprogress_0 to /workdir/ratis-test/target/test/data/9f1a7c06/MiniRaftClusterWithGrpc509d369e/s0/9cc6f171-e8a8-44f4-b656-926153db23b0/current/log_0-65
2019-09-24 16:17:40,625 INFO  segmented.SegmentedRaftLogWorker (SegmentedRaftLogWorker.java:execute(526)) - s0@group-926153DB23B0-SegmentedRaftLogWorker: Rolled log segment from /workdir/ratis-test/target/test/data/9f1a7c06/MiniRaftClusterWithGrpc509d369e/s0/9cc6f171-e8a8-44f4-b656-926153db23b0/current/log_inprogress_0 to /workdir/ratis-test/target/test/data/9f1a7c06/MiniRaftClusterWithGrpc509d369e/s0/9cc6f171-e8a8-44f4-b656-926153db23b0/current/log_0-65
2019-09-24 16:17:40,687 DEBUG client.GrpcClientProtocolService (GrpcClientProtocolService.java:<init>(175)) - new 4-OrderedRequestStreamObserver4
2019-09-24 16:17:40,688 DEBUG client.GrpcClientProtocolService (GrpcClientProtocolService.java:sendReply(353)) - 4-OrderedRequestStreamObserver4: sendReply seq=39, RaftClientReply:client-FBE51ED1F687->s0@group-926153DB23B0, cid=2455, FAILED org.apache.ratis.protocol.NotLeaderException: Server s0@group-926153DB23B0 is not the leader s1:0.0.0.0:45730, logIndex=0, commits[s0:c40, s1:c40, s2:c40]
2019-09-24 16:17:40,690 DEBUG client.GrpcClientProtocolService (GrpcClientProtocolService.java:close(374)) - 4-OrderedRequestStreamObserver4: close
2019-09-24 16:17:40,693 DEBUG client.GrpcClientProtocolService (GrpcClientProtocolService.java:<init>(175)) - new 2-OrderedRequestStreamObserver2
2019-09-24 16:17:40,693 DEBUG client.GrpcClientProtocolService (GrpcClientProtocolService.java:sendReply(353)) - 2-OrderedRequestStreamObserver2: sendReply seq=39, RaftClientReply:client-FBE51ED1F687->s1@group-926153DB23B0, cid=2455, FAILED org.apache.ratis.protocol.LeaderNotReadyException: s1@group-926153DB23B0 is in LEADER state but not ready yet., logIndex=0, commits[s1:c40, s0:c40, s2:c40]
2019-09-24 16:17:40,696 WARN  server.GrpcLogAppender (LogUtils.java:warn(134)) - s1@group-926153DB23B0->s2-AppendLogResponseHandler: Failed appendEntries: org.apache.ratis.thirdparty.io.grpc.StatusRuntimeException: UNAVAILABLE: io exception
2019-09-24 16:17:40,697 INFO  impl.FollowerInfo (FollowerInfo.java:lambda$new$0(51)) - s1@group-926153DB23B0->s2: nextIndex: updateUnconditionally 1 -> 0
2019-09-24 16:17:40,758 INFO  ratis.RaftTestUtil (RaftTestUtil.java:waitForLeader(101)) - printing ALL groups
  s0:  RUNNING  FOLLOWER s0@group-926153DB23B0:t3, leader=s1, voted=s1, raftlog=s0@group-926153DB23B0-SegmentedRaftLog:OPENED:c40,f65,i66, conf=66: [s0:0.0.0.0:44349, s1:0.0.0.0:45730, s2:0.0.0.0:44794], old=null RUNNING
  s1:  RUNNING    LEADER s1@group-926153DB23B0:t3, leader=s1, voted=s1, raftlog=s1@group-926153DB23B0-SegmentedRaftLog:OPENED:c40,f65,i66, conf=66: [s0:0.0.0.0:44349, s1:0.0.0.0:45730, s2:0.0.0.0:44794], old=null RUNNING
  s2:   CLOSED    LEADER s2@group-926153DB23B0:t1, leader=s2, voted=s2, raftlog=s2@group-926153DB23B0-SegmentedRaftLog:CLOSED:c40, conf=0: [s0:0.0.0.0:44349, s1:0.0.0.0:45730, s2:0.0.0.0:44794], old=null CLOSED
2019-09-24 16:17:40,771 WARN  server.GrpcLogAppender (LogUtils.java:warn(134)) - s1@group-926153DB23B0->s2-AppendLogResponseHandler: Failed appendEntries: org.apache.ratis.thirdparty.io.grpc.StatusRuntimeException: UNAVAILABLE: io exception
2019-09-24 16:17:40,772 INFO  impl.FollowerInfo (FollowerInfo.java:lambda$new$0(51)) - s1@group-926153DB23B0->s2: nextIndex: updateUnconditionally 0 -> 0
2019-09-24 16:17:40,794 DEBUG client.GrpcClientProtocolService (GrpcClientProtocolService.java:close(374)) - 2-OrderedRequestStreamObserver2: close
2019-09-24 16:17:40,847 WARN  server.GrpcLogAppender (LogUtils.java:warn(134)) - s1@group-926153DB23B0->s2-AppendLogResponseHandler: Failed appendEntries: org.apache.ratis.thirdparty.io.grpc.StatusRuntimeException: UNAVAILABLE: io exception
2019-09-24 16:17:40,848 INFO  impl.FollowerInfo (FollowerInfo.java:lambda$new$0(51)) - s1@group-926153DB23B0->s2: nextIndex: updateUnconditionally 0 -> 0
2019-09-24 16:17:40,899 DEBUG client.GrpcClientProtocolService (GrpcClientProtocolService.java:<init>(175)) - new 3-OrderedRequestStreamObserver3
2019-09-24 16:17:40,899 DEBUG client.GrpcClientProtocolService (GrpcClientProtocolService.java:sendReply(353)) - 3-OrderedRequestStreamObserver3: sendReply seq=39, RaftClientReply:client-FBE51ED1F687->s1@group-926153DB23B0, cid=2455, FAILED org.apache.ratis.protocol.LeaderNotReadyException: s1@group-926153DB23B0 is in LEADER state but not ready yet., logIndex=0, commits[s1:c40, s0:c40, s2:c40]
2019-09-24 16:17:40,923 WARN  server.GrpcLogAppender (LogUtils.java:warn(134)) - s1@group-926153DB23B0->s2-AppendLogResponseHandler: Failed appendEntries: org.apache.ratis.thirdparty.io.grpc.StatusRuntimeException: UNAVAILABLE: io exception
2019-09-24 16:17:40,924 INFO  impl.FollowerInfo (FollowerInfo.java:lambda$new$0(51)) - s1@group-926153DB23B0->s2: nextIndex: updateUnconditionally 0 -> 0
2019-09-24 16:17:40,998 WARN  server.GrpcLogAppender (LogUtils.java:warn(134)) - s1@group-926153DB23B0->s2-AppendLogResponseHandler: Failed appendEntries: org.apache.ratis.thirdparty.io.grpc.StatusRuntimeException: UNAVAILABLE: io exception
2019-09-24 16:17:40,999 INFO  impl.FollowerInfo (FollowerInfo.java:lambda$new$0(51)) - s1@group-926153DB23B0->s2: nextIndex: updateUnconditionally 0 -> 0
2019-09-24 16:17:41,001 DEBUG client.GrpcClientProtocolService (GrpcClientProtocolService.java:close(374)) - 3-OrderedRequestStreamObserver3: close
2019-09-24 16:17:41,074 WARN  server.GrpcLogAppender (LogUtils.java:warn(134)) - s1@group-926153DB23B0->s2-AppendLogResponseHandler: Failed appendEntries: org.apache.ratis.thirdparty.io.grpc.StatusRuntimeException: UNAVAILABLE: io exception
2019-09-24 16:17:41,074 INFO  impl.FollowerInfo (FollowerInfo.java:lambda$new$0(51)) - s1@group-926153DB23B0->s2: nextIndex: updateUnconditionally 0 -> 0
2019-09-24 16:17:41,105 DEBUG client.GrpcClientProtocolService (GrpcClientProtocolService.java:<init>(175)) - new 4-OrderedRequestStreamObserver4
2019-09-24 16:17:41,105 DEBUG client.GrpcClientProtocolService (GrpcClientProtocolService.java:sendReply(353)) - 4-OrderedRequestStreamObserver4: sendReply seq=39, RaftClientReply:client-FBE51ED1F687->s1@group-926153DB23B0, cid=2455, FAILED org.apache.ratis.protocol.LeaderNotReadyException: s1@group-926153DB23B0 is in LEADER state but not ready yet., logIndex=0, commits[s1:c40, s0:c40, s2:c40]
2019-09-24 16:17:41,149 WARN  server.GrpcLogAppender (LogUtils.java:warn(134)) - s1@group-926153DB23B0->s2-AppendLogResponseHandler: Failed appendEntries: org.apache.ratis.thirdparty.io.grpc.StatusRuntimeException: UNAVAILABLE: io exception
2019-09-24 16:17:41,149 INFO  impl.FollowerInfo (FollowerInfo.java:lambda$new$0(51)) - s1@group-926153DB23B0->s2: nextIndex: updateUnconditionally 0 -> 0
2019-09-24 16:17:41,207 DEBUG client.GrpcClientProtocolService (GrpcClientProtocolService.java:close(374)) - 4-OrderedRequestStreamObserver4: close
2019-09-24 16:17:41,225 WARN  server.GrpcLogAppender (LogUtils.java:warn(134)) - s1@group-926153DB23B0->s2-AppendLogResponseHandler: Failed appendEntries: org.apache.ratis.thirdparty.io.grpc.StatusRuntimeException: UNAVAILABLE: io exception
2019-09-24 16:17:41,225 INFO  impl.FollowerInfo (FollowerInfo.java:lambda$new$0(51)) - s1@group-926153DB23B0->s2: nextIndex: updateUnconditionally 0 -> 0
2019-09-24 16:17:41,300 WARN  server.GrpcLogAppender (LogUtils.java:warn(134)) - s1@group-926153DB23B0->s2-AppendLogResponseHandler: Failed appendEntries: org.apache.ratis.thirdparty.io.grpc.StatusRuntimeException: UNAVAILABLE: io exception
2019-09-24 16:17:41,301 INFO  impl.FollowerInfo (FollowerInfo.java:lambda$new$0(51)) - s1@group-926153DB23B0->s2: nextIndex: updateUnconditionally 0 -> 0
2019-09-24 16:17:41,310 DEBUG client.GrpcClientProtocolService (GrpcClientProtocolService.java:<init>(175)) - new 5-OrderedRequestStreamObserver5
2019-09-24 16:17:41,310 DEBUG client.GrpcClientProtocolService (GrpcClientProtocolService.java:sendReply(353)) - 5-OrderedRequestStreamObserver5: sendReply seq=39, RaftClientReply:client-FBE51ED1F687->s1@group-926153DB23B0, cid=2455, FAILED org.apache.ratis.protocol.LeaderNotReadyException: s1@group-926153DB23B0 is in LEADER state but not ready yet., logIndex=0, commits[s1:c40, s0:c40, s2:c40]
2019-09-24 16:17:41,375 WARN  server.GrpcLogAppender (LogUtils.java:warn(134)) - s1@group-926153DB23B0->s2-AppendLogResponseHandler: Failed appendEntries: org.apache.ratis.thirdparty.io.grpc.StatusRuntimeException: UNAVAILABLE: io exception
2019-09-24 16:17:41,376 INFO  impl.FollowerInfo (FollowerInfo.java:lambda$new$0(51)) - s1@group-926153DB23B0->s2: nextIndex: updateUnconditionally 0 -> 0
2019-09-24 16:17:41,411 DEBUG client.GrpcClientProtocolService (GrpcClientProtocolService.java:close(374)) - 5-OrderedRequestStreamObserver5: close
2019-09-24 16:17:41,451 WARN  server.GrpcLogAppender (LogUtils.java:warn(134)) - s1@group-926153DB23B0->s2-AppendLogResponseHandler: Failed appendEntries: org.apache.ratis.thirdparty.io.grpc.StatusRuntimeException: UNAVAILABLE: io exception
2019-09-24 16:17:41,452 INFO  impl.FollowerInfo (FollowerInfo.java:lambda$new$0(51)) - s1@group-926153DB23B0->s2: nextIndex: updateUnconditionally 0 -> 0
2019-09-24 16:17:41,515 DEBUG client.GrpcClientProtocolService (GrpcClientProtocolService.java:<init>(175)) - new 6-OrderedRequestStreamObserver6
2019-09-24 16:17:41,515 DEBUG client.GrpcClientProtocolService (GrpcClientProtocolService.java:sendReply(353)) - 6-OrderedRequestStreamObserver6: sendReply seq=39, RaftClientReply:client-FBE51ED1F687->s1@group-926153DB23B0, cid=2455, FAILED org.apache.ratis.protocol.LeaderNotReadyException: s1@group-926153DB23B0 is in LEADER state but not ready yet., logIndex=0, commits[s1:c40, s0:c40, s2:c40]
2019-09-24 16:17:41,528 WARN  server.GrpcLogAppender (LogUtils.java:warn(134)) - s1@group-926153DB23B0->s2-AppendLogResponseHandler: Failed appendEntries: org.apache.ratis.thirdparty.io.grpc.StatusRuntimeException: UNAVAILABLE: io exception
2019-09-24 16:17:41,529 INFO  impl.FollowerInfo (FollowerInfo.java:lambda$new$0(51)) - s1@group-926153DB23B0->s2: nextIndex: updateUnconditionally 0 -> 0
2019-09-24 16:17:41,602 WARN  server.GrpcLogAppender (LogUtils.java:warn(134)) - s1@group-926153DB23B0->s2-AppendLogResponseHandler: Failed appendEntries: org.apache.ratis.thirdparty.io.grpc.StatusRuntimeException: UNAVAILABLE: io exception
2019-09-24 16:17:41,602 INFO  impl.FollowerInfo (FollowerInfo.java:lambda$new$0(51)) - s1@group-926153DB23B0->s2: nextIndex: updateUnconditionally 0 -> 0
2019-09-24 16:17:41,616 DEBUG client.GrpcClientProtocolService (GrpcClientProtocolService.java:close(374)) - 6-OrderedRequestStreamObserver6: close
2019-09-24 16:17:41,678 WARN  server.GrpcLogAppender (LogUtils.java:warn(134)) - s1@group-926153DB23B0->s2-AppendLogResponseHandler: Failed appendEntries: org.apache.ratis.thirdparty.io.grpc.StatusRuntimeException: UNAVAILABLE: io exception
2019-09-24 16:17:41,678 INFO  impl.FollowerInfo (FollowerInfo.java:lambda$new$0(51)) - s1@group-926153DB23B0->s2: nextIndex: updateUnconditionally 0 -> 0
2019-09-24 16:17:41,720 DEBUG client.GrpcClientProtocolService (GrpcClientProtocolService.java:<init>(175)) - new 7-OrderedRequestStreamObserver7
2019-09-24 16:17:41,720 DEBUG client.GrpcClientProtocolService (GrpcClientProtocolService.java:sendReply(353)) - 7-OrderedRequestStreamObserver7: sendReply seq=39, RaftClientReply:client-FBE51ED1F687->s1@group-926153DB23B0, cid=2455, FAILED org.apache.ratis.protocol.LeaderNotReadyException: s1@group-926153DB23B0 is in LEADER state but not ready yet., logIndex=0, commits[s1:c40, s0:c40, s2:c40]
2019-09-24 16:17:41,754 WARN  server.GrpcLogAppender (LogUtils.java:warn(134)) - s1@group-926153DB23B0->s2-AppendLogResponseHandler: Failed appendEntries: org.apache.ratis.thirdparty.io.grpc.StatusRuntimeException: UNAVAILABLE: io exception
2019-09-24 16:17:41,754 INFO  impl.FollowerInfo (FollowerInfo.java:lambda$new$0(51)) - s1@group-926153DB23B0->s2: nextIndex: updateUnconditionally 0 -> 0
2019-09-24 16:17:41,822 DEBUG client.GrpcClientProtocolService (GrpcClientProtocolService.java:close(374)) - 7-OrderedRequestStreamObserver7: close
2019-09-24 16:17:41,829 WARN  server.GrpcLogAppender (LogUtils.java:warn(134)) - s1@group-926153DB23B0->s2-AppendLogResponseHandler: Failed appendEntries: org.apache.ratis.thirdparty.io.grpc.StatusRuntimeException: UNAVAILABLE: io exception
2019-09-24 16:17:41,829 INFO  impl.FollowerInfo (FollowerInfo.java:lambda$new$0(51)) - s1@group-926153DB23B0->s2: nextIndex: updateUnconditionally 0 -> 0
2019-09-24 16:17:41,904 WARN  server.GrpcLogAppender (LogUtils.java:warn(134)) - s1@group-926153DB23B0->s2-AppendLogResponseHandler: Failed appendEntries: org.apache.ratis.thirdparty.io.grpc.StatusRuntimeException: UNAVAILABLE: io exception
2019-09-24 16:17:41,905 INFO  impl.FollowerInfo (FollowerInfo.java:lambda$new$0(51)) - s1@group-926153DB23B0->s2: nextIndex: updateUnconditionally 0 -> 0
2019-09-24 16:17:41,925 DEBUG client.GrpcClientProtocolService (GrpcClientProtocolService.java:<init>(175)) - new 8-OrderedRequestStreamObserver8
2019-09-24 16:17:41,925 DEBUG client.GrpcClientProtocolService (GrpcClientProtocolService.java:sendReply(353)) - 8-OrderedRequestStreamObserver8: sendReply seq=39, RaftClientReply:client-FBE51ED1F687->s1@group-926153DB23B0, cid=2455, FAILED org.apache.ratis.protocol.LeaderNotReadyException: s1@group-926153DB23B0 is in LEADER state but not ready yet., logIndex=0, commits[s1:c40, s0:c40, s2:c40]
2019-09-24 16:17:41,980 WARN  server.GrpcLogAppender (LogUtils.java:warn(134)) - s1@group-926153DB23B0->s2-AppendLogResponseHandler: Failed appendEntries: org.apache.ratis.thirdparty.io.grpc.StatusRuntimeException: UNAVAILABLE: io exception
2019-09-24 16:17:41,980 INFO  impl.FollowerInfo (FollowerInfo.java:lambda$new$0(51)) - s1@group-926153DB23B0->s2: nextIndex: updateUnconditionally 0 -> 0
2019-09-24 16:17:42,027 DEBUG client.GrpcClientProtocolService (GrpcClientProtocolService.java:close(374)) - 8-OrderedRequestStreamObserver8: close
2019-09-24 16:17:42,055 WARN  server.GrpcLogAppender (LogUtils.java:warn(134)) - s1@group-926153DB23B0->s2-AppendLogResponseHandler: Failed appendEntries: org.apache.ratis.thirdparty.io.grpc.StatusRuntimeException: UNAVAILABLE: io exception
2019-09-24 16:17:42,056 INFO  impl.FollowerInfo (FollowerInfo.java:lambda$new$0(51)) - s1@group-926153DB23B0->s2: nextIndex: updateUnconditionally 0 -> 0
2019-09-24 16:17:42,130 DEBUG client.GrpcClientProtocolService (GrpcClientProtocolService.java:<init>(175)) - new 9-OrderedRequestStreamObserver9
2019-09-24 16:17:42,131 WARN  server.GrpcLogAppender (LogUtils.java:warn(134)) - s1@group-926153DB23B0->s2-AppendLogResponseHandler: Failed appendEntries: org.apache.ratis.thirdparty.io.grpc.StatusRuntimeException: UNAVAILABLE: io exception
2019-09-24 16:17:42,131 DEBUG client.GrpcClientProtocolService (GrpcClientProtocolService.java:sendReply(353)) - 9-OrderedRequestStreamObserver9: sendReply seq=39, RaftClientReply:client-FBE51ED1F687->s1@group-926153DB23B0, cid=2455, FAILED org.apache.ratis.protocol.LeaderNotReadyException: s1@group-926153DB23B0 is in LEADER state but not ready yet., logIndex=0, commits[s1:c40, s0:c40, s2:c40]
2019-09-24 16:17:42,131 INFO  impl.FollowerInfo (FollowerInfo.java:lambda$new$0(51)) - s1@group-926153DB23B0->s2: nextIndex: updateUnconditionally 0 -> 0
2019-09-24 16:17:42,206 WARN  server.GrpcLogAppender (LogUtils.java:warn(134)) - s1@group-926153DB23B0->s2-AppendLogResponseHandler: Failed appendEntries: org.apache.ratis.thirdparty.io.grpc.StatusRuntimeException: UNAVAILABLE: io exception
2019-09-24 16:17:42,207 INFO  impl.FollowerInfo (FollowerInfo.java:lambda$new$0(51)) - s1@group-926153DB23B0->s2: nextIndex: updateUnconditionally 0 -> 0
2019-09-24 16:17:42,232 DEBUG client.GrpcClientProtocolService (GrpcClientProtocolService.java:close(374)) - 9-OrderedRequestStreamObserver9: close
2019-09-24 16:17:42,282 WARN  server.GrpcLogAppender (LogUtils.java:warn(134)) - s1@group-926153DB23B0->s2-AppendLogResponseHandler: Failed appendEntries: org.apache.ratis.thirdparty.io.grpc.StatusRuntimeException: UNAVAILABLE: io exception
2019-09-24 16:17:42,282 INFO  impl.FollowerInfo (FollowerInfo.java:lambda$new$0(51)) - s1@group-926153DB23B0->s2: nextIndex: updateUnconditionally 0 -> 0
2019-09-24 16:17:42,335 DEBUG client.GrpcClientProtocolService (GrpcClientProtocolService.java:<init>(175)) - new 10-OrderedRequestStreamObserver10
2019-09-24 16:17:42,336 DEBUG client.GrpcClientProtocolService (GrpcClientProtocolService.java:sendReply(353)) - 10-OrderedRequestStreamObserver10: sendReply seq=39, RaftClientReply:client-FBE51ED1F687->s1@group-926153DB23B0, cid=2455, FAILED org.apache.ratis.protocol.LeaderNotReadyException: s1@group-926153DB23B0 is in LEADER state but not ready yet., logIndex=0, commits[s1:c40, s0:c40, s2:c40]
2019-09-24 16:17:42,357 WARN  server.GrpcLogAppender (LogUtils.java:warn(134)) - s1@group-926153DB23B0->s2-AppendLogResponseHandler: Failed appendEntries: org.apache.ratis.thirdparty.io.grpc.StatusRuntimeException: UNAVAILABLE: io exception
2019-09-24 16:17:42,358 INFO  impl.FollowerInfo (FollowerInfo.java:lambda$new$0(51)) - s1@group-926153DB23B0->s2: nextIndex: updateUnconditionally 0 -> 0
2019-09-24 16:17:42,433 WARN  server.GrpcLogAppender (LogUtils.java:warn(134)) - s1@group-926153DB23B0->s2-AppendLogResponseHandler: Failed appendEntries: org.apache.ratis.thirdparty.io.grpc.StatusRuntimeException: UNAVAILABLE: io exception
2019-09-24 16:17:42,434 INFO  impl.FollowerInfo (FollowerInfo.java:lambda$new$0(51)) - s1@group-926153DB23B0->s2: nextIndex: updateUnconditionally 0 -> 0
2019-09-24 16:17:42,437 DEBUG client.GrpcClientProtocolService (GrpcClientProtocolService.java:close(374)) - 10-OrderedRequestStreamObserver10: close
2019-09-24 16:17:42,509 WARN  server.GrpcLogAppender (LogUtils.java:warn(134)) - s1@group-926153DB23B0->s2-AppendLogResponseHandler: Failed appendEntries: org.apache.ratis.thirdparty.io.grpc.StatusRuntimeException: UNAVAILABLE: io exception
2019-09-24 16:17:42,509 INFO  impl.FollowerInfo (FollowerInfo.java:lambda$new$0(51)) - s1@group-926153DB23B0->s2: nextIndex: updateUnconditionally 0 -> 0
2019-09-24 16:17:42,540 DEBUG client.GrpcClientProtocolService (GrpcClientProtocolService.java:<init>(175)) - new 11-OrderedRequestStreamObserver11
2019-09-24 16:17:42,541 DEBUG client.GrpcClientProtocolService (GrpcClientProtocolService.java:sendReply(353)) - 11-OrderedRequestStreamObserver11: sendReply seq=39, RaftClientReply:client-FBE51ED1F687->s1@group-926153DB23B0, cid=2455, FAILED org.apache.ratis.protocol.LeaderNotReadyException: s1@group-926153DB23B0 is in LEADER state but not ready yet., logIndex=0, commits[s1:c40, s0:c40, s2:c40]
2019-09-24 16:17:42,584 WARN  server.GrpcLogAppender (LogUtils.java:warn(134)) - s1@group-926153DB23B0->s2-AppendLogResponseHandler: Failed appendEntries: org.apache.ratis.thirdparty.io.grpc.StatusRuntimeException: UNAVAILABLE: io exception
2019-09-24 16:17:42,584 INFO  impl.FollowerInfo (FollowerInfo.java:lambda$new$0(51)) - s1@group-926153DB23B0->s2: nextIndex: updateUnconditionally 0 -> 0
2019-09-24 16:17:42,642 DEBUG client.GrpcClientProtocolService (GrpcClientProtocolService.java:close(374)) - 11-OrderedRequestStreamObserver11: close
2019-09-24 16:17:42,659 WARN  server.GrpcLogAppender (LogUtils.java:warn(134)) - s1@group-926153DB23B0->s2-AppendLogResponseHandler: Failed appendEntries: org.apache.ratis.thirdparty.io.grpc.StatusRuntimeException: UNAVAILABLE: io exception
2019-09-24 16:17:42,659 INFO  impl.FollowerInfo (FollowerInfo.java:lambda$new$0(51)) - s1@group-926153DB23B0->s2: nextIndex: updateUnconditionally 0 -> 0
2019-09-24 16:17:42,735 WARN  server.GrpcLogAppender (LogUtils.java:warn(134)) - s1@group-926153DB23B0->s2-AppendLogResponseHandler: Failed appendEntries: org.apache.ratis.thirdparty.io.grpc.StatusRuntimeException: UNAVAILABLE: io exception
2019-09-24 16:17:42,735 INFO  impl.FollowerInfo (FollowerInfo.java:lambda$new$0(51)) - s1@group-926153DB23B0->s2: nextIndex: updateUnconditionally 0 -> 0
2019-09-24 16:17:42,744 DEBUG client.GrpcClientProtocolService (GrpcClientProtocolService.java:<init>(175)) - new 12-OrderedRequestStreamObserver12
2019-09-24 16:17:42,745 DEBUG client.GrpcClientProtocolService (GrpcClientProtocolService.java:sendReply(353)) - 12-OrderedRequestStreamObserver12: sendReply seq=39, RaftClientReply:client-FBE51ED1F687->s1@group-926153DB23B0, cid=2455, FAILED org.apache.ratis.protocol.LeaderNotReadyException: s1@group-926153DB23B0 is in LEADER state but not ready yet., logIndex=0, commits[s1:c40, s0:c40, s2:c40]
2019-09-24 16:17:42,810 WARN  server.GrpcLogAppender (LogUtils.java:warn(134)) - s1@group-926153DB23B0->s2-AppendLogResponseHandler: Failed appendEntries: org.apache.ratis.thirdparty.io.grpc.StatusRuntimeException: UNAVAILABLE: io exception
2019-09-24 16:17:42,810 INFO  impl.FollowerInfo (FollowerInfo.java:lambda$new$0(51)) - s1@group-926153DB23B0->s2: nextIndex: updateUnconditionally 0 -> 0
2019-09-24 16:17:42,846 DEBUG client.GrpcClientProtocolService (GrpcClientProtocolService.java:close(374)) - 12-OrderedRequestStreamObserver12: close
2019-09-24 16:17:42,886 WARN  server.GrpcLogAppender (LogUtils.java:warn(134)) - s1@group-926153DB23B0->s2-AppendLogResponseHandler: Failed appendEntries: org.apache.ratis.thirdparty.io.grpc.StatusRuntimeException: UNAVAILABLE: io exception
2019-09-24 16:17:42,887 INFO  impl.FollowerInfo (FollowerInfo.java:lambda$new$0(51)) - s1@group-926153DB23B0->s2: nextIndex: updateUnconditionally 0 -> 0
2019-09-24 16:17:42,950 DEBUG client.GrpcClientProtocolService (GrpcClientProtocolService.java:<init>(175)) - new 13-OrderedRequestStreamObserver13
2019-09-24 16:17:42,951 DEBUG client.GrpcClientProtocolService (GrpcClientProtocolService.java:sendReply(353)) - 13-OrderedRequestStreamObserver13: sendReply seq=39, RaftClientReply:client-FBE51ED1F687->s1@group-926153DB23B0, cid=2455, FAILED org.apache.ratis.protocol.LeaderNotReadyException: s1@group-926153DB23B0 is in LEADER state but not ready yet., logIndex=0, commits[s1:c40, s0:c40, s2:c40]
2019-09-24 16:17:42,961 WARN  server.GrpcLogAppender (LogUtils.java:warn(134)) - s1@group-926153DB23B0->s2-AppendLogResponseHandler: Failed appendEntries: org.apache.ratis.thirdparty.io.grpc.StatusRuntimeException: UNAVAILABLE: io exception
2019-09-24 16:17:42,961 INFO  impl.FollowerInfo (FollowerInfo.java:lambda$new$0(51)) - s1@group-926153DB23B0->s2: nextIndex: updateUnconditionally 0 -> 0
2019-09-24 16:17:43,038 WARN  server.GrpcLogAppender (LogUtils.java:warn(134)) - s1@group-926153DB23B0->s2-AppendLogResponseHandler: Failed appendEntries: org.apache.ratis.thirdparty.io.grpc.StatusRuntimeException: UNAVAILABLE: io exception
2019-09-24 16:17:43,039 INFO  impl.FollowerInfo (FollowerInfo.java:lambda$new$0(51)) - s1@group-926153DB23B0->s2: nextIndex: updateUnconditionally 0 -> 0
2019-09-24 16:17:43,052 DEBUG client.GrpcClientProtocolService (GrpcClientProtocolService.java:close(374)) - 13-OrderedRequestStreamObserver13: close
2019-09-24 16:17:43,112 WARN  server.GrpcLogAppender (LogUtils.java:warn(134)) - s1@group-926153DB23B0->s2-AppendLogResponseHandler: Failed appendEntries: org.apache.ratis.thirdparty.io.grpc.StatusRuntimeException: UNAVAILABLE: io exception
2019-09-24 16:17:43,112 INFO  impl.FollowerInfo (FollowerInfo.java:lambda$new$0(51)) - s1@group-926153DB23B0->s2: nextIndex: updateUnconditionally 0 -> 0
2019-09-24 16:17:43,155 DEBUG client.GrpcClientProtocolService (GrpcClientProtocolService.java:<init>(175)) - new 14-OrderedRequestStreamObserver14
2019-09-24 16:17:43,156 DEBUG client.GrpcClientProtocolService (GrpcClientProtocolService.java:sendReply(353)) - 14-OrderedRequestStreamObserver14: sendReply seq=39, RaftClientReply:client-FBE51ED1F687->s1@group-926153DB23B0, cid=2455, FAILED org.apache.ratis.protocol.LeaderNotReadyException: s1@group-926153DB23B0 is in LEADER state but not ready yet., logIndex=0, commits[s1:c40, s0:c40, s2:c40]
2019-09-24 16:17:43,187 WARN  server.GrpcLogAppender (LogUtils.java:warn(134)) - s1@group-926153DB23B0->s2-AppendLogResponseHandler: Failed appendEntries: org.apache.ratis.thirdparty.io.grpc.StatusRuntimeException: UNAVAILABLE: io exception
2019-09-24 16:17:43,188 INFO  impl.FollowerInfo (FollowerInfo.java:lambda$new$0(51)) - s1@group-926153DB23B0->s2: nextIndex: updateUnconditionally 0 -> 0
2019-09-24 16:17:43,257 DEBUG client.GrpcClientProtocolService (GrpcClientProtocolService.java:close(374)) - 14-OrderedRequestStreamObserver14: close
2019-09-24 16:17:43,263 WARN  server.GrpcLogAppender (LogUtils.java:warn(134)) - s1@group-926153DB23B0->s2-AppendLogResponseHandler: Failed appendEntries: org.apache.ratis.thirdparty.io.grpc.StatusRuntimeException: UNAVAILABLE: io exception
2019-09-24 16:17:43,263 INFO  impl.FollowerInfo (FollowerInfo.java:lambda$new$0(51)) - s1@group-926153DB23B0->s2: nextIndex: updateUnconditionally 0 -> 0
2019-09-24 16:17:43,270 WARN  server.GrpcLogAppender (GrpcLogAppender.java:timeoutAppendRequest(200)) - s2@group-5C26748AB2B1->s1-GrpcLogAppender: appendEntries Timeout, request=s2->s1#4102-t3, previous=(t:3, i:3326), leaderCommit=3302, initializing? false, entries: size=1, first=(t:3, i:3327), STATEMACHINELOGENTRY, client-EDB41257C35F, cid=2737
2019-09-24 16:17:43,271 WARN  server.GrpcLogAppender (GrpcLogAppender.java:timeoutAppendRequest(200)) - s2@group-5C26748AB2B1->s1-GrpcLogAppender: appendEntries Timeout, request=s2->s1#4103-t3, previous=(t:3, i:3327), leaderCommit=3303, initializing? false, entries: size=1, first=(t:3, i:3328), METADATAENTRY(c3303)
2019-09-24 16:17:43,273 WARN  server.GrpcLogAppender (GrpcLogAppender.java:timeoutAppendRequest(200)) - s2@group-5C26748AB2B1->s1-GrpcLogAppender: appendEntries Timeout, request=s2->s1#4104-t3, previous=(t:3, i:3328), leaderCommit=3312, initializing? false, entries: size=1, first=(t:3, i:3329), METADATAENTRY(c3312)
2019-09-24 16:17:43,276 WARN  server.GrpcLogAppender (GrpcLogAppender.java:timeoutAppendRequest(200)) - s2@group-5C26748AB2B1->s1-GrpcLogAppender: appendEntries Timeout, request=s2->s1#4105-t3, previous=(t:3, i:3329), leaderCommit=3312, initializing? false, entries: size=1, first=(t:3, i:3330), STATEMACHINELOGENTRY, client-EDB41257C35F, cid=2738
2019-09-24 16:17:43,276 WARN  server.GrpcLogAppender (GrpcLogAppender.java:timeoutAppendRequest(200)) - s2@group-5C26748AB2B1->s0-GrpcLogAppender: appendEntries Timeout, request=s2->s0#3945-t3, previous=(t:3, i:3329), leaderCommit=3312, initializing? false, entries: size=1, first=(t:3, i:3330), STATEMACHINELOGENTRY, client-EDB41257C35F, cid=2738
2019-09-24 16:17:43,277 WARN  server.GrpcLogAppender (GrpcLogAppender.java:timeoutAppendRequest(200)) - s2@group-5C26748AB2B1->s0-GrpcLogAppender: appendEntries Timeout, request=s2->s0#3946-t3, previous=(t:3, i:3330), leaderCommit=3326, initializing? false, entries: size=1, first=(t:3, i:3331), METADATAENTRY(c3326)
2019-09-24 16:17:43,277 WARN  server.GrpcLogAppender (GrpcLogAppender.java:timeoutAppendRequest(200)) - s2@group-5C26748AB2B1->s1-GrpcLogAppender: appendEntries Timeout, request=s2->s1#4106-t3, previous=(t:3, i:3330), leaderCommit=3326, initializing? false, entries: size=1, first=(t:3, i:3331), METADATAENTRY(c3326)
2019-09-24 16:17:43,280 WARN  server.GrpcLogAppender (GrpcLogAppender.java:timeoutAppendRequest(200)) - s2@group-5C26748AB2B1->s1-GrpcLogAppender: appendEntries Timeout, request=s2->s1#4107-t3, previous=(t:3, i:3331), leaderCommit=3326, initializing? false, entries: size=1, first=(t:3, i:3332), STATEMACHINELOGENTRY, client-EDB41257C35F, cid=2739
2019-09-24 16:17:43,280 WARN  server.GrpcLogAppender (GrpcLogAppender.java:timeoutAppendRequest(200)) - s2@group-5C26748AB2B1->s0-GrpcLogAppender: appendEntries Timeout, request=s2->s0#3947-t3, previous=(t:3, i:3331), leaderCommit=3326, initializing? false, entries: size=1, first=(t:3, i:3332), STATEMACHINELOGENTRY, client-EDB41257C35F, cid=2739
2019-09-24 16:17:43,281 WARN  server.GrpcLogAppender (GrpcLogAppender.java:timeoutAppendRequest(200)) - s2@group-5C26748AB2B1->s0-GrpcLogAppender: appendEntries Timeout, request=s2->s0#3948-t3, previous=(t:3, i:3332), leaderCommit=3326, initializing? false, entries: size=1, first=(t:3, i:3333), STATEMACHINELOGENTRY, client-EDB41257C35F, cid=2740
2019-09-24 16:17:43,281 WARN  server.GrpcLogAppender (GrpcLogAppender.java:timeoutAppendRequest(200)) - s2@group-5C26748AB2B1->s1-GrpcLogAppender: appendEntries Timeout, request=s2->s1#4108-t3, previous=(t:3, i:3332), leaderCommit=3326, initializing? false, entries: size=1, first=(t:3, i:3333), STATEMACHINELOGENTRY, client-EDB41257C35F, cid=2740
2019-09-24 16:17:43,284 WARN  server.GrpcLogAppender (GrpcLogAppender.java:timeoutAppendRequest(200)) - s2@group-5C26748AB2B1->s1-GrpcLogAppender: appendEntries Timeout, request=s2->s1#4109-t3, previous=(t:3, i:3333), leaderCommit=3326, initializing? false, entries: size=1, first=(t:3, i:3334), STATEMACHINELOGENTRY, client-EDB41257C35F, cid=2741
2019-09-24 16:17:43,284 WARN  server.GrpcLogAppender (GrpcLogAppender.java:timeoutAppendRequest(200)) - s2@group-5C26748AB2B1->s0-GrpcLogAppender: appendEntries Timeout, request=s2->s0#3949-t3, previous=(t:3, i:3333), leaderCommit=3326, initializing? false, entries: size=1, first=(t:3, i:3334), STATEMACHINELOGENTRY, client-EDB41257C35F, cid=2741
2019-09-24 16:17:43,289 WARN  server.GrpcLogAppender (GrpcLogAppender.java:timeoutAppendRequest(200)) - s2@group-5C26748AB2B1->s1-GrpcLogAppender: appendEntries Timeout, request=s2->s1#4110-t3, previous=(t:3, i:3334), leaderCommit=3326, initializing? false, entries: size=1, first=(t:3, i:3335), STATEMACHINELOGENTRY, client-EDB41257C35F, cid=2742
2019-09-24 16:17:43,289 WARN  server.GrpcLogAppender (GrpcLogAppender.java:timeoutAppendRequest(200)) - s2@group-5C26748AB2B1->s0-GrpcLogAppender: appendEntries Timeout, request=s2->s0#3950-t3, previous=(t:3, i:3334), leaderCommit=3326, initializing? false, entries: size=1, first=(t:3, i:3335), STATEMACHINELOGENTRY, client-EDB41257C35F, cid=2742
2019-09-24 16:17:43,292 WARN  server.GrpcLogAppender (GrpcLogAppender.java:timeoutAppendRequest(200)) - s2@group-5C26748AB2B1->s1-GrpcLogAppender: appendEntries Timeout, request=s2->s1#4111-t3, previous=(t:3, i:3335), leaderCommit=3326, initializing? false, entries: size=1, first=(t:3, i:3336), STATEMACHINELOGENTRY, client-EDB41257C35F, cid=2743
2019-09-24 16:17:43,292 WARN  server.GrpcLogAppender (GrpcLogAppender.java:timeoutAppendRequest(200)) - s2@group-5C26748AB2B1->s0-GrpcLogAppender: appendEntries Timeout, request=s2->s0#3951-t3, previous=(t:3, i:3335), leaderCommit=3326, initializing? false, entries: size=1, first=(t:3, i:3336), STATEMACHINELOGENTRY, client-EDB41257C35F, cid=2743
2019-09-24 16:17:43,295 WARN  server.GrpcLogAppender (GrpcLogAppender.java:timeoutAppendRequest(200)) - s2@group-5C26748AB2B1->s0-GrpcLogAppender: appendEntries Timeout, request=s2->s0#3952-t3, previous=(t:3, i:3336), leaderCommit=3327, initializing? false, entries: size=1, first=(t:3, i:3337), METADATAENTRY(c3327)
2019-09-24 16:17:43,295 WARN  server.GrpcLogAppender (GrpcLogAppender.java:timeoutAppendRequest(200)) - s2@group-5C26748AB2B1->s1-GrpcLogAppender: appendEntries Timeout, request=s2->s1#4112-t3, previous=(t:3, i:3336), leaderCommit=3327, initializing? false, entries: size=1, first=(t:3, i:3337), METADATAENTRY(c3327)
2019-09-24 16:17:43,296 WARN  server.GrpcLogAppender (GrpcLogAppender.java:timeoutAppendRequest(200)) - s2@group-5C26748AB2B1->s0-GrpcLogAppender: appendEntries Timeout, request=s2->s0#3953-t3, previous=(t:3, i:3337), leaderCommit=3329, initializing? false, entries: size=1, first=(t:3, i:3338), STATEMACHINELOGENTRY, client-EDB41257C35F, cid=2744
2019-09-24 16:17:43,296 WARN  server.GrpcLogAppender (GrpcLogAppender.java:timeoutAppendRequest(200)) - s2@group-5C26748AB2B1->s1-GrpcLogAppender: appendEntries Timeout, request=s2->s1#4113-t3, previous=(t:3, i:3337), leaderCommit=3329, initializing? false, entries: size=1, first=(t:3, i:3338), STATEMACHINELOGENTRY, client-EDB41257C35F, cid=2744
2019-09-24 16:17:43,296 WARN  server.GrpcLogAppender (GrpcLogAppender.java:timeoutAppendRequest(200)) - s2@group-5C26748AB2B1->s0-GrpcLogAppender: appendEntries Timeout, request=s2->s0#3954-t3, previous=(t:3, i:3338), leaderCommit=3329, initializing? false, entries: size=1, first=(t:3, i:3339), STATEMACHINELOGENTRY, client-EDB41257C35F, cid=2745
2019-09-24 16:17:43,296 WARN  server.GrpcLogAppender (GrpcLogAppender.java:timeoutAppendRequest(200)) - s2@group-5C26748AB2B1->s1-GrpcLogAppender: appendEntries Timeout, request=s2->s1#4114-t3, previous=(t:3, i:3338), leaderCommit=3329, initializing? false, entries: size=1, first=(t:3, i:3339), STATEMACHINELOGENTRY, client-EDB41257C35F, cid=2745
2019-09-24 16:17:43,297 WARN  server.GrpcLogAppender (GrpcLogAppender.java:timeoutAppendRequest(200)) - s2@group-5C26748AB2B1->s0-GrpcLogAppender: appendEntries Timeout, request=s2->s0#3955-t3, previous=(t:3, i:3339), leaderCommit=3329, initializing? false, entries: size=1, first=(t:3, i:3340), STATEMACHINELOGENTRY, client-EDB41257C35F, cid=2746
2019-09-24 16:17:43,297 WARN  server.GrpcLogAppender (GrpcLogAppender.java:timeoutAppendRequest(200)) - s2@group-5C26748AB2B1->s1-GrpcLogAppender: appendEntries Timeout, request=s2->s1#4115-t3, previous=(t:3, i:3339), leaderCommit=3329, initializing? false, entries: size=1, first=(t:3, i:3340), STATEMACHINELOGENTRY, client-EDB41257C35F, cid=2746
2019-09-24 16:17:43,299 WARN  server.GrpcLogAppender (GrpcLogAppender.java:timeoutAppendRequest(200)) - s2@group-5C26748AB2B1->s0-GrpcLogAppender: appendEntries Timeout, request=s2->s0#3956-t3, previous=(t:3, i:3340), leaderCommit=3329, initializing? false, entries: size=1, first=(t:3, i:3341), STATEMACHINELOGENTRY, client-EDB41257C35F, cid=2747
2019-09-24 16:17:43,299 WARN  server.GrpcLogAppender (GrpcLogAppender.java:timeoutAppendRequest(200)) - s2@group-5C26748AB2B1->s1-GrpcLogAppender: appendEntries Timeout, request=s2->s1#4116-t3, previous=(t:3, i:3340), leaderCommit=3329, initializing? false, entries: size=1, first=(t:3, i:3341), STATEMACHINELOGENTRY, client-EDB41257C35F, cid=2747
2019-09-24 16:17:43,303 WARN  server.GrpcLogAppender (GrpcLogAppender.java:timeoutAppendRequest(200)) - s2@group-5C26748AB2B1->s1-GrpcLogAppender: appendEntries Timeout, request=s2->s1#4117-t3, previous=(t:3, i:3341), leaderCommit=3329, initializing? false, entries: size=1, first=(t:3, i:3342), STATEMACHINELOGENTRY, client-EDB41257C35F, cid=2748
2019-09-24 16:17:43,303 WARN  server.GrpcLogAppender (GrpcLogAppender.java:timeoutAppendRequest(200)) - s2@group-5C26748AB2B1->s0-GrpcLogAppender: appendEntries Timeout, request=s2->s0#3957-t3, previous=(t:3, i:3341), leaderCommit=3329, initializing? false, entries: size=1, first=(t:3, i:3342), STATEMACHINELOGENTRY, client-EDB41257C35F, cid=2748
2019-09-24 16:17:43,303 WARN  server.GrpcLogAppender (GrpcLogAppender.java:timeoutAppendRequest(200)) - s2@group-5C26748AB2B1->s1-GrpcLogAppender: appendEntries Timeout, request=s2->s1#4118-t3, previous=(t:3, i:3342), leaderCommit=3329, initializing? false, entries: size=1, first=(t:3, i:3343), STATEMACHINELOGENTRY, client-EDB41257C35F, cid=2749
2019-09-24 16:17:43,303 WARN  server.GrpcLogAppender (GrpcLogAppender.java:timeoutAppendRequest(200)) - s2@group-5C26748AB2B1->s0-GrpcLogAppender: appendEntries Timeout, request=s2->s0#3958-t3, previous=(t:3, i:3342), leaderCommit=3329, initializing? false, entries: size=1, first=(t:3, i:3343), STATEMACHINELOGENTRY, client-EDB41257C35F, cid=2749
2019-09-24 16:17:43,303 WARN  server.GrpcLogAppender (GrpcLogAppender.java:timeoutAppendRequest(200)) - s2@group-5C26748AB2B1->s1-GrpcLogAppender: appendEntries Timeout, request=s2->s1#4119-t3, previous=(t:3, i:3343), leaderCommit=3329, initializing? false, entries: size=1, first=(t:3, i:3344), STATEMACHINELOGENTRY, client-EDB41257C35F, cid=2750
2019-09-24 16:17:43,303 WARN  server.GrpcLogAppender (GrpcLogAppender.java:timeoutAppendRequest(200)) - s2@group-5C26748AB2B1->s0-GrpcLogAppender: appendEntries Timeout, request=s2->s0#3959-t3, previous=(t:3, i:3343), leaderCommit=3329, initializing? false, entries: size=1, first=(t:3, i:3344), STATEMACHINELOGENTRY, client-EDB41257C35F, cid=2750
2019-09-24 16:17:43,303 WARN  server.GrpcLogAppender (GrpcLogAppender.java:timeoutAppendRequest(200)) - s2@group-5C26748AB2B1->s1-GrpcLogAppender: appendEntries Timeout, request=s2->s1#4120-t3, previous=(t:3, i:3344), leaderCommit=3329, initializing? false, entries: size=1, first=(t:3, i:3345), STATEMACHINELOGENTRY, client-EDB41257C35F, cid=2751
2019-09-24 16:17:43,304 WARN  server.GrpcLogAppender (GrpcLogAppender.java:timeoutAppendRequest(200)) - s2@group-5C26748AB2B1->s0-GrpcLogAppender: appendEntries Timeout, request=s2->s0#3960-t3, previous=(t:3, i:3344), leaderCommit=3329, initializing? false, entries: size=1, first=(t:3, i:3345), STATEMACHINELOGENTRY, client-EDB41257C35F, cid=2751
2019-09-24 16:17:43,304 WARN  server.GrpcLogAppender (GrpcLogAppender.java:timeoutAppendRequest(200)) - s2@group-5C26748AB2B1->s1-GrpcLogAppender: appendEntries Timeout, request=s2->s1#4121-t3, previous=(t:3, i:3345), leaderCommit=3329, initializing? false, entries: size=1, first=(t:3, i:3346), STATEMACHINELOGENTRY, client-EDB41257C35F, cid=2752
2019-09-24 16:17:43,304 WARN  server.GrpcLogAppender (GrpcLogAppender.java:timeoutAppendRequest(200)) - s2@group-5C26748AB2B1->s0-GrpcLogAppender: appendEntries Timeout, request=s2->s0#3961-t3, previous=(t:3, i:3345), leaderCommit=3329, initializing? false, entries: size=1, first=(t:3, i:3346), STATEMACHINELOGENTRY, client-EDB41257C35F, cid=2752
2019-09-24 16:17:43,304 WARN  server.GrpcLogAppender (GrpcLogAppender.java:timeoutAppendRequest(200)) - s2@group-5C26748AB2B1->s1-GrpcLogAppender: appendEntries Timeout, request=s2->s1#4122-t3, previous=(t:3, i:3346), leaderCommit=3329, initializing? false, entries: size=1, first=(t:3, i:3347), STATEMACHINELOGENTRY, client-EDB41257C35F, cid=2753
2019-09-24 16:17:43,304 WARN  server.GrpcLogAppender (GrpcLogAppender.java:timeoutAppendRequest(200)) - s2@group-5C26748AB2B1->s0-GrpcLogAppender: appendEntries Timeout, request=s2->s0#3962-t3, previous=(t:3, i:3346), leaderCommit=3329, initializing? false, entries: size=1, first=(t:3, i:3347), STATEMACHINELOGENTRY, client-EDB41257C35F, cid=2753
2019-09-24 16:17:43,304 WARN  server.GrpcLogAppender (GrpcLogAppender.java:timeoutAppendRequest(200)) - s2@group-5C26748AB2B1->s1-GrpcLogAppender: appendEntries Timeout, request=s2->s1#4123-t3, previous=(t:3, i:3347), leaderCommit=3329, initializing? false, entries: size=1, first=(t:3, i:3348), STATEMACHINELOGENTRY, client-EDB41257C35F, cid=2754
2019-09-24 16:17:43,304 WARN  server.GrpcLogAppender (GrpcLogAppender.java:timeoutAppendRequest(200)) - s2@group-5C26748AB2B1->s0-GrpcLogAppender: appendEntries Timeout, request=s2->s0#3963-t3, previous=(t:3, i:3347), leaderCommit=3329, initializing? false, entries: size=1, first=(t:3, i:3348), STATEMACHINELOGENTRY, client-EDB41257C35F, cid=2754
2019-09-24 16:17:43,304 WARN  server.GrpcLogAppender (GrpcLogAppender.java:timeoutAppendRequest(200)) - s2@group-5C26748AB2B1->s1-GrpcLogAppender: appendEntries Timeout, request=s2->s1#4124-t3, previous=(t:3, i:3348), leaderCommit=3329, initializing? false, entries: size=1, first=(t:3, i:3349), STATEMACHINELOGENTRY, client-EDB41257C35F, cid=2756
2019-09-24 16:17:43,304 WARN  server.GrpcLogAppender (GrpcLogAppender.java:timeoutAppendRequest(200)) - s2@group-5C26748AB2B1->s0-GrpcLogAppender: appendEntries Timeout, request=s2->s0#3964-t3, previous=(t:3, i:3348), leaderCommit=3329, initializing? false, entries: size=1, first=(t:3, i:3349), STATEMACHINELOGENTRY, client-EDB41257C35F, cid=2756
2019-09-24 16:17:43,305 WARN  server.GrpcLogAppender (GrpcLogAppender.java:timeoutAppendRequest(200)) - s2@group-5C26748AB2B1->s1-GrpcLogAppender: appendEntries Timeout, request=s2->s1#4125-t3, previous=(t:3, i:3349), leaderCommit=3329, initializing? false, entries: size=1, first=(t:3, i:3350), STATEMACHINELOGENTRY, client-EDB41257C35F, cid=2757
2019-09-24 16:17:43,305 WARN  server.GrpcLogAppender (GrpcLogAppender.java:timeoutAppendRequest(200)) - s2@group-5C26748AB2B1->s0-GrpcLogAppender: appendEntries Timeout, request=s2->s0#3965-t3, previous=(t:3, i:3349), leaderCommit=3329, initializing? false, entries: size=1, first=(t:3, i:3350), STATEMACHINELOGENTRY, client-EDB41257C35F, cid=2757
2019-09-24 16:17:43,305 WARN  server.GrpcLogAppender (GrpcLogAppender.java:timeoutAppendRequest(200)) - s2@group-5C26748AB2B1->s1-GrpcLogAppender: appendEntries Timeout, request=s2->s1#4126-t3, previous=(t:3, i:3350), leaderCommit=3329, initializing? false, entries: size=1, first=(t:3, i:3351), STATEMACHINELOGENTRY, client-EDB41257C35F, cid=2758
2019-09-24 16:17:43,305 WARN  server.GrpcLogAppender (GrpcLogAppender.java:timeoutAppendRequest(200)) - s2@group-5C26748AB2B1->s0-GrpcLogAppender: appendEntries Timeout, request=s2->s0#3966-t3, previous=(t:3, i:3350), leaderCommit=3329, initializing? false, entries: size=1, first=(t:3, i:3351), STATEMACHINELOGENTRY, client-EDB41257C35F, cid=2758
2019-09-24 16:17:43,305 WARN  server.GrpcLogAppender (GrpcLogAppender.java:timeoutAppendRequest(200)) - s2@group-5C26748AB2B1->s1-GrpcLogAppender: appendEntries Timeout, request=s2->s1#4127-t3, previous=(t:3, i:3351), leaderCommit=3329, initializing? false, entries: size=1, first=(t:3, i:3352), STATEMACHINELOGENTRY, client-EDB41257C35F, cid=2759
2019-09-24 16:17:43,305 WARN  server.GrpcLogAppender (GrpcLogAppender.java:timeoutAppendRequest(200)) - s2@group-5C26748AB2B1->s0-GrpcLogAppender: appendEntries Timeout, request=s2->s0#3967-t3, previous=(t:3, i:3351), leaderCommit=3329, initializing? false, entries: size=1, first=(t:3, i:3352), STATEMACHINELOGENTRY, client-EDB41257C35F, cid=2759
2019-09-24 16:17:43,305 WARN  server.GrpcLogAppender (GrpcLogAppender.java:timeoutAppendRequest(200)) - s2@group-5C26748AB2B1->s1-GrpcLogAppender: appendEntries Timeout, request=s2->s1#4128-t3, previous=(t:3, i:3352), leaderCommit=3329, initializing? false, entries: size=1, first=(t:3, i:3353), STATEMACHINELOGENTRY, client-EDB41257C35F, cid=2760
2019-09-24 16:17:43,305 WARN  server.GrpcLogAppender (GrpcLogAppender.java:timeoutAppendRequest(200)) - s2@group-5C26748AB2B1->s0-GrpcLogAppender: appendEntries Timeout, request=s2->s0#3968-t3, previous=(t:3, i:3352), leaderCommit=3329, initializing? false, entries: size=1, first=(t:3, i:3353), STATEMACHINELOGENTRY, client-EDB41257C35F, cid=2760
2019-09-24 16:17:43,305 WARN  server.GrpcLogAppender (GrpcLogAppender.java:timeoutAppendRequest(200)) - s2@group-5C26748AB2B1->s1-GrpcLogAppender: appendEntries Timeout, request=s2->s1#4129-t3, previous=(t:3, i:3353), leaderCommit=3329, initializing? false, entries: size=1, first=(t:3, i:3354), STATEMACHINELOGENTRY, client-EDB41257C35F, cid=2761
2019-09-24 16:17:43,306 WARN  server.GrpcLogAppender (GrpcLogAppender.java:timeoutAppendRequest(200)) - s2@group-5C26748AB2B1->s0-GrpcLogAppender: appendEntries Timeout, request=s2->s0#3969-t3, previous=(t:3, i:3353), leaderCommit=3329, initializing? false, entries: size=1, first=(t:3, i:3354), STATEMACHINELOGENTRY, client-EDB41257C35F, cid=2761
2019-09-24 16:17:43,306 WARN  server.GrpcLogAppender (GrpcLogAppender.java:timeoutAppendRequest(200)) - s2@group-5C26748AB2B1->s1-GrpcLogAppender: appendEntries Timeout, request=s2->s1#4130-t3, previous=(t:3, i:3354), leaderCommit=3329, initializing? false, entries: size=1, first=(t:3, i:3355), STATEMACHINELOGENTRY, client-EDB41257C35F, cid=2762
2019-09-24 16:17:43,306 WARN  server.GrpcLogAppender (GrpcLogAppender.java:timeoutAppendRequest(200)) - s2@group-5C26748AB2B1->s0-GrpcLogAppender: appendEntries Timeout, request=s2->s0#3970-t3, previous=(t:3, i:3354), leaderCommit=3329, initializing? false, entries: size=1, first=(t:3, i:3355), STATEMACHINELOGENTRY, client-EDB41257C35F, cid=2762
2019-09-24 16:17:43,306 WARN  server.GrpcLogAppender (GrpcLogAppender.java:timeoutAppendRequest(200)) - s2@group-5C26748AB2B1->s1-GrpcLogAppender: appendEntries Timeout, request=s2->s1#4131-t3, previous=(t:3, i:3355), leaderCommit=3329, initializing? false, entries: size=1, first=(t:3, i:3356), STATEMACHINELOGENTRY, client-EDB41257C35F, cid=2763
2019-09-24 16:17:43,306 WARN  server.GrpcLogAppender (GrpcLogAppender.java:timeoutAppendRequest(200)) - s2@group-5C26748AB2B1->s0-GrpcLogAppender: appendEntries Timeout, request=s2->s0#3971-t3, previous=(t:3, i:3355), leaderCommit=3329, initializing? false, entries: size=1, first=(t:3, i:3356), STATEMACHINELOGENTRY, client-EDB41257C35F, cid=2763
2019-09-24 16:17:43,306 WARN  server.GrpcLogAppender (GrpcLogAppender.java:timeoutAppendRequest(200)) - s2@group-5C26748AB2B1->s1-GrpcLogAppender: appendEntries Timeout, request=s2->s1#4132-t3, previous=(t:3, i:3356), leaderCommit=3329, initializing? false, entries: size=1, first=(t:3, i:3357), STATEMACHINELOGENTRY, client-EDB41257C35F, cid=2764
2019-09-24 16:17:43,306 WARN  server.GrpcLogAppender (GrpcLogAppender.java:timeoutAppendRequest(200)) - s2@group-5C26748AB2B1->s0-GrpcLogAppender: appendEntries Timeout, request=s2->s0#3972-t3, previous=(t:3, i:3356), leaderCommit=3329, initializing? false, entries: size=1, first=(t:3, i:3357), STATEMACHINELOGENTRY, client-EDB41257C35F, cid=2764
2019-09-24 16:17:43,306 WARN  server.GrpcLogAppender (GrpcLogAppender.java:timeoutAppendRequest(200)) - s2@group-5C26748AB2B1->s1-GrpcLogAppender: appendEntries Timeout, request=s2->s1#4133-t3, previous=(t:3, i:3357), leaderCommit=3329, initializing? false, entries: size=1, first=(t:3, i:3358), STATEMACHINELOGENTRY, client-EDB41257C35F, cid=2765
2019-09-24 16:17:43,306 WARN  server.GrpcLogAppender (GrpcLogAppender.java:timeoutAppendRequest(200)) - s2@group-5C26748AB2B1->s0-GrpcLogAppender: appendEntries Timeout, request=s2->s0#3973-t3, previous=(t:3, i:3357), leaderCommit=3329, initializing? false, entries: size=1, first=(t:3, i:3358), STATEMACHINELOGENTRY, client-EDB41257C35F, cid=2765
2019-09-24 16:17:43,307 WARN  server.GrpcLogAppender (GrpcLogAppender.java:timeoutAppendRequest(200)) - s2@group-5C26748AB2B1->s1-GrpcLogAppender: appendEntries Timeout, request=s2->s1#4134-t3, previous=(t:3, i:3358), leaderCommit=3329, initializing? false, entries: size=1, first=(t:3, i:3359), STATEMACHINELOGENTRY, client-EDB41257C35F, cid=2766
2019-09-24 16:17:43,307 WARN  server.GrpcLogAppender (GrpcLogAppender.java:timeoutAppendRequest(200)) - s2@group-5C26748AB2B1->s0-GrpcLogAppender: appendEntries Timeout, request=s2->s0#3974-t3, previous=(t:3, i:3358), leaderCommit=3329, initializing? false, entries: size=1, first=(t:3, i:3359), STATEMACHINELOGENTRY, client-EDB41257C35F, cid=2766
2019-09-24 16:17:43,307 WARN  server.GrpcLogAppender (GrpcLogAppender.java:timeoutAppendRequest(200)) - s2@group-5C26748AB2B1->s1-GrpcLogAppender: appendEntries Timeout, request=s2->s1#4135-t3, previous=(t:3, i:3359), leaderCommit=3329, initializing? false, entries: size=1, first=(t:3, i:3360), STATEMACHINELOGENTRY, client-EDB41257C35F, cid=2767
2019-09-24 16:17:43,307 WARN  server.GrpcLogAppender (GrpcLogAppender.java:timeoutAppendRequest(200)) - s2@group-5C26748AB2B1->s0-GrpcLogAppender: appendEntries Timeout, request=s2->s0#3975-t3, previous=(t:3, i:3359), leaderCommit=3329, initializing? false, entries: size=1, first=(t:3, i:3360), STATEMACHINELOGENTRY, client-EDB41257C35F, cid=2767
2019-09-24 16:17:43,307 WARN  server.GrpcLogAppender (GrpcLogAppender.java:timeoutAppendRequest(200)) - s2@group-5C26748AB2B1->s1-GrpcLogAppender: appendEntries Timeout, request=s2->s1#4136-t3, previous=(t:3, i:3360), leaderCommit=3329, initializing? false, entries: size=1, first=(t:3, i:3361), STATEMACHINELOGENTRY, client-EDB41257C35F, cid=2768
2019-09-24 16:17:43,307 WARN  server.GrpcLogAppender (GrpcLogAppender.java:timeoutAppendRequest(200)) - s2@group-5C26748AB2B1->s0-GrpcLogAppender: appendEntries Timeout, request=s2->s0#3976-t3, previous=(t:3, i:3360), leaderCommit=3329, initializing? false, entries: size=1, first=(t:3, i:3361), STATEMACHINELOGENTRY, client-EDB41257C35F, cid=2768
2019-09-24 16:17:43,307 WARN  server.GrpcLogAppender (GrpcLogAppender.java:timeoutAppendRequest(200)) - s2@group-5C26748AB2B1->s1-GrpcLogAppender: appendEntries Timeout, request=s2->s1#4137-t3, previous=(t:3, i:3361), leaderCommit=3329, initializing? false, entries: size=1, first=(t:3, i:3362), STATEMACHINELOGENTRY, client-EDB41257C35F, cid=2769
2019-09-24 16:17:43,307 WARN  server.GrpcLogAppender (GrpcLogAppender.java:timeoutAppendRequest(200)) - s2@group-5C26748AB2B1->s0-GrpcLogAppender: appendEntries Timeout, request=s2->s0#3977-t3, previous=(t:3, i:3361), leaderCommit=3329, initializing? false, entries: size=1, first=(t:3, i:3362), STATEMACHINELOGENTRY, client-EDB41257C35F, cid=2769
2019-09-24 16:17:43,307 WARN  server.GrpcLogAppender (GrpcLogAppender.java:timeoutAppendRequest(200)) - s2@group-5C26748AB2B1->s1-GrpcLogAppender: appendEntries Timeout, request=s2->s1#4138-t3, previous=(t:3, i:3362), leaderCommit=3329, initializing? false, entries: size=1, first=(t:3, i:3363), STATEMACHINELOGENTRY, client-EDB41257C35F, cid=2770
2019-09-24 16:17:43,307 WARN  server.GrpcLogAppender (GrpcLogAppender.java:timeoutAppendRequest(200)) - s2@group-5C26748AB2B1->s0-GrpcLogAppender: appendEntries Timeout, request=s2->s0#3978-t3, previous=(t:3, i:3362), leaderCommit=3329, initializing? false, entries: size=1, first=(t:3, i:3363), STATEMACHINELOGENTRY, client-EDB41257C35F, cid=2770
2019-09-24 16:17:43,308 WARN  server.GrpcLogAppender (GrpcLogAppender.java:timeoutAppendRequest(200)) - s2@group-5C26748AB2B1->s1-GrpcLogAppender: appendEntries Timeout, request=s2->s1#4139-t3, previous=(t:3, i:3363), leaderCommit=3329, initializing? false, entries: size=1, first=(t:3, i:3364), STATEMACHINELOGENTRY, client-EDB41257C35F, cid=2771
2019-09-24 16:17:43,308 WARN  server.GrpcLogAppender (GrpcLogAppender.java:timeoutAppendRequest(200)) - s2@group-5C26748AB2B1->s0-GrpcLogAppender: appendEntries Timeout, request=s2->s0#3979-t3, previous=(t:3, i:3363), leaderCommit=3329, initializing? false, entries: size=1, first=(t:3, i:3364), STATEMACHINELOGENTRY, client-EDB41257C35F, cid=2771
2019-09-24 16:17:43,308 WARN  server.GrpcLogAppender (GrpcLogAppender.java:timeoutAppendRequest(200)) - s2@group-5C26748AB2B1->s1-GrpcLogAppender: appendEntries Timeout, request=s2->s1#4140-t3, previous=(t:3, i:3364), leaderCommit=3329, initializing? false, entries: size=1, first=(t:3, i:3365), STATEMACHINELOGENTRY, client-EDB41257C35F, cid=2772
2019-09-24 16:17:43,308 WARN  server.GrpcLogAppender (GrpcLogAppender.java:timeoutAppendRequest(200)) - s2@group-5C26748AB2B1->s0-GrpcLogAppender: appendEntries Timeout, request=s2->s0#3980-t3, previous=(t:3, i:3364), leaderCommit=3329, initializing? false, entries: size=1, first=(t:3, i:3365), STATEMACHINELOGENTRY, client-EDB41257C35F, cid=2772
2019-09-24 16:17:43,308 WARN  server.GrpcLogAppender (GrpcLogAppender.java:timeoutAppendRequest(200)) - s2@group-5C26748AB2B1->s1-GrpcLogAppender: appendEntries Timeout, request=s2->s1#4141-t3, previous=(t:3, i:3365), leaderCommit=3329, initializing? false, entries: size=1, first=(t:3, i:3366), STATEMACHINELOGENTRY, client-EDB41257C35F, cid=2773
2019-09-24 16:17:43,308 WARN  server.GrpcLogAppender (GrpcLogAppender.java:timeoutAppendRequest(200)) - s2@group-5C26748AB2B1->s0-GrpcLogAppender: appendEntries Timeout, request=s2->s0#3981-t3, previous=(t:3, i:3365), leaderCommit=3329, initializing? false, entries: size=1, first=(t:3, i:3366), STATEMACHINELOGENTRY, client-EDB41257C35F, cid=2773
2019-09-24 16:17:43,308 WARN  server.GrpcLogAppender (GrpcLogAppender.java:timeoutAppendRequest(200)) - s2@group-5C26748AB2B1->s1-GrpcLogAppender: appendEntries Timeout, request=s2->s1#4142-t3, previous=(t:3, i:3366), leaderCommit=3329, initializing? false, entries: size=1, first=(t:3, i:3367), STATEMACHINELOGENTRY, client-EDB41257C35F, cid=2774
2019-09-24 16:17:43,308 WARN  server.GrpcLogAppender (GrpcLogAppender.java:timeoutAppendRequest(200)) - s2@group-5C26748AB2B1->s0-GrpcLogAppender: appendEntries Timeout, request=s2->s0#3982-t3, previous=(t:3, i:3366), leaderCommit=3329, initializing? false, entries: size=1, first=(t:3, i:3367), STATEMACHINELOGENTRY, client-EDB41257C35F, cid=2774
2019-09-24 16:17:43,308 WARN  server.GrpcLogAppender (GrpcLogAppender.java:timeoutAppendRequest(200)) - s2@group-5C26748AB2B1->s1-GrpcLogAppender: appendEntries Timeout, request=s2->s1#4143-t3, previous=(t:3, i:3367), leaderCommit=3329, initializing? false, entries: size=1, first=(t:3, i:3368), STATEMACHINELOGENTRY, client-EDB41257C35F, cid=2776
2019-09-24 16:17:43,309 WARN  server.GrpcLogAppender (GrpcLogAppender.java:timeoutAppendRequest(200)) - s2@group-5C26748AB2B1->s0-GrpcLogAppender: appendEntries Timeout, request=s2->s0#3983-t3, previous=(t:3, i:3367), leaderCommit=3329, initializing? false, entries: size=2, first=(t:3, i:3368), STATEMACHINELOGENTRY, client-EDB41257C35F, cid=2776
2019-09-24 16:17:43,309 WARN  server.GrpcLogAppender (GrpcLogAppender.java:timeoutAppendRequest(200)) - s2@group-5C26748AB2B1->s1-GrpcLogAppender: appendEntries Timeout, request=s2->s1#4144-t3, previous=(t:3, i:3368), leaderCommit=3329, initializing? false, entries: size=1, first=(t:3, i:3369), STATEMACHINELOGENTRY, client-EDB41257C35F, cid=2777
2019-09-24 16:17:43,309 WARN  server.GrpcLogAppender (GrpcLogAppender.java:timeoutAppendRequest(200)) - s2@group-5C26748AB2B1->s0-GrpcLogAppender: appendEntries Timeout, request=s2->s0#3984-t3, previous=(t:3, i:3369), leaderCommit=3329, initializing? false, entries: size=1, first=(t:3, i:3370), STATEMACHINELOGENTRY, client-EDB41257C35F, cid=2778
2019-09-24 16:17:43,309 WARN  server.GrpcLogAppender (GrpcLogAppender.java:timeoutAppendRequest(200)) - s2@group-5C26748AB2B1->s1-GrpcLogAppender: appendEntries Timeout, request=s2->s1#4145-t3, previous=(t:3, i:3369), leaderCommit=3329, initializing? false, entries: size=1, first=(t:3, i:3370), STATEMACHINELOGENTRY, client-EDB41257C35F, cid=2778
2019-09-24 16:17:43,309 WARN  server.GrpcLogAppender (GrpcLogAppender.java:timeoutAppendRequest(200)) - s2@group-5C26748AB2B1->s0-GrpcLogAppender: appendEntries Timeout, request=s2->s0#3985-t3, previous=(t:3, i:3370), leaderCommit=3329, initializing? false, entries: size=1, first=(t:3, i:3371), STATEMACHINELOGENTRY, client-EDB41257C35F, cid=2779
2019-09-24 16:17:43,309 WARN  server.GrpcLogAppender (GrpcLogAppender.java:timeoutAppendRequest(200)) - s2@group-5C26748AB2B1->s1-GrpcLogAppender: appendEntries Timeout, request=s2->s1#4146-t3, previous=(t:3, i:3370), leaderCommit=3329, initializing? false, entries: size=1, first=(t:3, i:3371), STATEMACHINELOGENTRY, client-EDB41257C35F, cid=2779
2019-09-24 16:17:43,309 WARN  server.GrpcLogAppender (GrpcLogAppender.java:timeoutAppendRequest(200)) - s2@group-5C26748AB2B1->s0-GrpcLogAppender: appendEntries Timeout, request=s2->s0#3986-t3, previous=(t:3, i:3371), leaderCommit=3329, initializing? false, entries: size=1, first=(t:3, i:3372), STATEMACHINELOGENTRY, client-EDB41257C35F, cid=2780
2019-09-24 16:17:43,309 WARN  server.GrpcLogAppender (GrpcLogAppender.java:timeoutAppendRequest(200)) - s2@group-5C26748AB2B1->s1-GrpcLogAppender: appendEntries Timeout, request=s2->s1#4147-t3, previous=(t:3, i:3371), leaderCommit=3329, initializing? false, entries: size=1, first=(t:3, i:3372), STATEMACHINELOGENTRY, client-EDB41257C35F, cid=2780
2019-09-24 16:17:43,310 WARN  server.GrpcLogAppender (GrpcLogAppender.java:timeoutAppendRequest(200)) - s2@group-5C26748AB2B1->s0-GrpcLogAppender: appendEntries Timeout, request=s2->s0#3987-t3, previous=(t:3, i:3372), leaderCommit=3329, initializing? false, entries: size=1, first=(t:3, i:3373), STATEMACHINELOGENTRY, client-EDB41257C35F, cid=2781
2019-09-24 16:17:43,310 WARN  server.GrpcLogAppender (GrpcLogAppender.java:timeoutAppendRequest(200)) - s2@group-5C26748AB2B1->s1-GrpcLogAppender: appendEntries Timeout, request=s2->s1#4148-t3, previous=(t:3, i:3372), leaderCommit=3329, initializing? false, entries: size=1, first=(t:3, i:3373), STATEMACHINELOGENTRY, client-EDB41257C35F, cid=2781
2019-09-24 16:17:43,310 WARN  server.GrpcLogAppender (GrpcLogAppender.java:timeoutAppendRequest(200)) - s2@group-5C26748AB2B1->s0-GrpcLogAppender: appendEntries Timeout, request=s2->s0#3988-t3, previous=(t:3, i:3373), leaderCommit=3329, initializing? false, entries: size=1, first=(t:3, i:3374), STATEMACHINELOGENTRY, client-EDB41257C35F, cid=2782
2019-09-24 16:17:43,310 WARN  server.GrpcLogAppender (GrpcLogAppender.java:timeoutAppendRequest(200)) - s2@group-5C26748AB2B1->s1-GrpcLogAppender: appendEntries Timeout, request=s2->s1#4149-t3, previous=(t:3, i:3373), leaderCommit=3329, initializing? false, entries: size=1, first=(t:3, i:3374), STATEMACHINELOGENTRY, client-EDB41257C35F, cid=2782
2019-09-24 16:17:43,310 WARN  server.GrpcLogAppender (GrpcLogAppender.java:timeoutAppendRequest(200)) - s2@group-5C26748AB2B1->s0-GrpcLogAppender: appendEntries Timeout, request=s2->s0#3989-t3, previous=(t:3, i:3374), leaderCommit=3329, initializing? false, entries: size=1, first=(t:3, i:3375), STATEMACHINELOGENTRY, client-EDB41257C35F, cid=2783
2019-09-24 16:17:43,310 WARN  server.GrpcLogAppender (GrpcLogAppender.java:timeoutAppendRequest(200)) - s2@group-5C26748AB2B1->s1-GrpcLogAppender: appendEntries Timeout, request=s2->s1#4150-t3, previous=(t:3, i:3374), leaderCommit=3329, initializing? false, entries: size=1, first=(t:3, i:3375), STATEMACHINELOGENTRY, client-EDB41257C35F, cid=2783
2019-09-24 16:17:43,310 WARN  server.GrpcLogAppender (GrpcLogAppender.java:timeoutAppendRequest(200)) - s2@group-5C26748AB2B1->s0-GrpcLogAppender: appendEntries Timeout, request=s2->s0#3990-t3, previous=(t:3, i:3375), leaderCommit=3329, initializing? false, entries: size=1, first=(t:3, i:3376), STATEMACHINELOGENTRY, client-EDB41257C35F, cid=2784
2019-09-24 16:17:43,310 WARN  server.GrpcLogAppender (GrpcLogAppender.java:timeoutAppendRequest(200)) - s2@group-5C26748AB2B1->s1-GrpcLogAppender: appendEntries Timeout, request=s2->s1#4151-t3, previous=(t:3, i:3375), leaderCommit=3329, initializing? false, entries: size=1, first=(t:3, i:3376), STATEMACHINELOGENTRY, client-EDB41257C35F, cid=2784
2019-09-24 16:17:43,310 WARN  server.GrpcLogAppender (GrpcLogAppender.java:timeoutAppendRequest(200)) - s2@group-5C26748AB2B1->s0-GrpcLogAppender: appendEntries Timeout, request=s2->s0#3991-t3, previous=(t:3, i:3376), leaderCommit=3329, initializing? false, entries: size=1, first=(t:3, i:3377), STATEMACHINELOGENTRY, client-EDB41257C35F, cid=2785
2019-09-24 16:17:43,311 WARN  server.GrpcLogAppender (GrpcLogAppender.java:timeoutAppendRequest(200)) - s2@group-5C26748AB2B1->s1-GrpcLogAppender: appendEntries Timeout, request=s2->s1#4152-t3, previous=(t:3, i:3376), leaderCommit=3329, initializing? false, entries: size=1, first=(t:3, i:3377), STATEMACHINELOGENTRY, client-EDB41257C35F, cid=2785
2019-09-24 16:17:43,311 WARN  server.GrpcLogAppender (GrpcLogAppender.java:timeoutAppendRequest(200)) - s2@group-5C26748AB2B1->s0-GrpcLogAppender: appendEntries Timeout, request=s2->s0#3992-t3, previous=(t:3, i:3377), leaderCommit=3329, initializing? false, entries: size=1, first=(t:3, i:3378), STATEMACHINELOGENTRY, client-EDB41257C35F, cid=2786
2019-09-24 16:17:43,311 WARN  server.GrpcLogAppender (GrpcLogAppender.java:timeoutAppendRequest(200)) - s2@group-5C26748AB2B1->s1-GrpcLogAppender: appendEntries Timeout, request=s2->s1#4153-t3, previous=(t:3, i:3377), leaderCommit=3329, initializing? false, entries: size=1, first=(t:3, i:3378), STATEMACHINELOGENTRY, client-EDB41257C35F, cid=2786
2019-09-24 16:17:43,311 WARN  server.GrpcLogAppender (GrpcLogAppender.java:timeoutAppendRequest(200)) - s2@group-5C26748AB2B1->s0-GrpcLogAppender: appendEntries Timeout, request=s2->s0#3993-t3, previous=(t:3, i:3378), leaderCommit=3329, initializing? false, entries: size=1, first=(t:3, i:3379), STATEMACHINELOGENTRY, client-EDB41257C35F, cid=2787
2019-09-24 16:17:43,311 WARN  server.GrpcLogAppender (GrpcLogAppender.java:timeoutAppendRequest(200)) - s2@group-5C26748AB2B1->s1-GrpcLogAppender: appendEntries Timeout, request=s2->s1#4154-t3, previous=(t:3, i:3378), leaderCommit=3329, initializing? false, entries: size=1, first=(t:3, i:3379), STATEMACHINELOGENTRY, client-EDB41257C35F, cid=2787
2019-09-24 16:17:43,311 WARN  server.GrpcLogAppender (GrpcLogAppender.java:timeoutAppendRequest(200)) - s2@group-5C26748AB2B1->s0-GrpcLogAppender: appendEntries Timeout, request=s2->s0#3994-t3, previous=(t:3, i:3379), leaderCommit=3329, initializing? false, entries: size=2, first=(t:3, i:3380), STATEMACHINELOGENTRY, client-EDB41257C35F, cid=2788
2019-09-24 16:17:43,311 WARN  server.GrpcLogAppender (GrpcLogAppender.java:timeoutAppendRequest(200)) - s2@group-5C26748AB2B1->s1-GrpcLogAppender: appendEntries Timeout, request=s2->s1#4155-t3, previous=(t:3, i:3379), leaderCommit=3329, initializing? false, entries: size=1, first=(t:3, i:3380), STATEMACHINELOGENTRY, client-EDB41257C35F, cid=2788
2019-09-24 16:17:43,311 WARN  server.GrpcLogAppender (GrpcLogAppender.java:timeoutAppendRequest(200)) - s2@group-5C26748AB2B1->s0-GrpcLogAppender: appendEntries Timeout, request=s2->s0#3995-t3, previous=(t:3, i:3381), leaderCommit=3329, initializing? false, entries: size=1, first=(t:3, i:3382), STATEMACHINELOGENTRY, client-EDB41257C35F, cid=2790
2019-09-24 16:17:43,311 WARN  server.GrpcLogAppender (GrpcLogAppender.java:timeoutAppendRequest(200)) - s2@group-5C26748AB2B1->s1-GrpcLogAppender: appendEntries Timeout, request=s2->s1#4156-t3, previous=(t:3, i:3380), leaderCommit=3329, initializing? false, entries: size=1, first=(t:3, i:3381), STATEMACHINELOGENTRY, client-EDB41257C35F, cid=2789
2019-09-24 16:17:43,312 WARN  server.GrpcLogAppender (GrpcLogAppender.java:timeoutAppendRequest(200)) - s2@group-5C26748AB2B1->s0-GrpcLogAppender: appendEntries Timeout, request=s2->s0#3996-t3, previous=(t:3, i:3382), leaderCommit=3329, initializing? false, entries: size=1, first=(t:3, i:3383), STATEMACHINELOGENTRY, client-EDB41257C35F, cid=2791
2019-09-24 16:17:43,312 WARN  server.GrpcLogAppender (GrpcLogAppender.java:timeoutAppendRequest(200)) - s2@group-5C26748AB2B1->s1-GrpcLogAppender: appendEntries Timeout, request=s2->s1#4157-t3, previous=(t:3, i:3381), leaderCommit=3329, initializing? false, entries: size=1, first=(t:3, i:3382), STATEMACHINELOGENTRY, client-EDB41257C35F, cid=2790
2019-09-24 16:17:43,312 WARN  server.GrpcLogAppender (GrpcLogAppender.java:timeoutAppendRequest(200)) - s2@group-5C26748AB2B1->s0-GrpcLogAppender: appendEntries Timeout, request=s2->s0#3997-t3, previous=(t:3, i:3383), leaderCommit=3329, initializing? false, entries: size=1, first=(t:3, i:3384), STATEMACHINELOGENTRY, client-EDB41257C35F, cid=2792
2019-09-24 16:17:43,312 WARN  server.GrpcLogAppender (GrpcLogAppender.java:timeoutAppendRequest(200)) - s2@group-5C26748AB2B1->s1-GrpcLogAppender: appendEntries Timeout, request=s2->s1#4158-t3, previous=(t:3, i:3382), leaderCommit=3329, initializing? false, entries: size=1, first=(t:3, i:3383), STATEMACHINELOGENTRY, client-EDB41257C35F, cid=2791
2019-09-24 16:17:43,312 WARN  server.GrpcLogAppender (GrpcLogAppender.java:timeoutAppendRequest(200)) - s2@group-5C26748AB2B1->s0-GrpcLogAppender: appendEntries Timeout, request=s2->s0#3998-t3, previous=(t:3, i:3384), leaderCommit=3329, initializing? false, entries: size=1, first=(t:3, i:3385), STATEMACHINELOGENTRY, client-EDB41257C35F, cid=2793
2019-09-24 16:17:43,312 WARN  server.GrpcLogAppender (GrpcLogAppender.java:timeoutAppendRequest(200)) - s2@group-5C26748AB2B1->s1-GrpcLogAppender: appendEntries Timeout, request=s2->s1#4159-t3, previous=(t:3, i:3383), leaderCommit=3329, initializing? false, entries: size=1, first=(t:3, i:3384), STATEMACHINELOGENTRY, client-EDB41257C35F, cid=2792
2019-09-24 16:17:43,312 WARN  server.GrpcLogAppender (GrpcLogAppender.java:timeoutAppendRequest(200)) - s2@group-5C26748AB2B1->s0-GrpcLogAppender: appendEntries Timeout, request=s2->s0#3999-t3, previous=(t:3, i:3385), leaderCommit=3329, initializing? false, entries: size=1, first=(t:3, i:3386), STATEMACHINELOGENTRY, client-EDB41257C35F, cid=2794
2019-09-24 16:17:43,312 WARN  server.GrpcLogAppender (GrpcLogAppender.java:timeoutAppendRequest(200)) - s2@group-5C26748AB2B1->s1-GrpcLogAppender: appendEntries Timeout, request=s2->s1#4160-t3, previous=(t:3, i:3384), leaderCommit=3329, initializing? false, entries: size=1, first=(t:3, i:3385), STATEMACHINELOGENTRY, client-EDB41257C35F, cid=2793
2019-09-24 16:17:43,313 WARN  server.GrpcLogAppender (GrpcLogAppender.java:timeoutAppendRequest(200)) - s2@group-5C26748AB2B1->s0-GrpcLogAppender: appendEntries Timeout, request=s2->s0#4000-t3, previous=(t:3, i:3386), leaderCommit=3329, initializing? false, entries: size=1, first=(t:3, i:3387), STATEMACHINELOGENTRY, client-EDB41257C35F, cid=2795
2019-09-24 16:17:43,313 WARN  server.GrpcLogAppender (GrpcLogAppender.java:timeoutAppendRequest(200)) - s2@group-5C26748AB2B1->s1-GrpcLogAppender: appendEntries Timeout, request=s2->s1#4161-t3, previous=(t:3, i:3385), leaderCommit=3329, initializing? false, entries: size=1, first=(t:3, i:3386), STATEMACHINELOGENTRY, client-EDB41257C35F, cid=2794
2019-09-24 16:17:43,313 WARN  server.GrpcLogAppender (GrpcLogAppender.java:timeoutAppendRequest(200)) - s2@group-5C26748AB2B1->s0-GrpcLogAppender: appendEntries Timeout, request=s2->s0#4001-t3, previous=(t:3, i:3387), leaderCommit=3329, initializing? false, entries: size=1, first=(t:3, i:3388), STATEMACHINELOGENTRY, client-EDB41257C35F, cid=2796
2019-09-24 16:17:43,313 WARN  server.GrpcLogAppender (GrpcLogAppender.java:timeoutAppendRequest(200)) - s2@group-5C26748AB2B1->s1-GrpcLogAppender: appendEntries Timeout, request=s2->s1#4162-t3, previous=(t:3, i:3386), leaderCommit=3329, initializing? false, entries: size=1, first=(t:3, i:3387), STATEMACHINELOGENTRY, client-EDB41257C35F, cid=2795
2019-09-24 16:17:43,313 WARN  server.GrpcLogAppender (GrpcLogAppender.java:timeoutAppendRequest(200)) - s2@group-5C26748AB2B1->s0-GrpcLogAppender: appendEntries Timeout, request=s2->s0#4002-t3, previous=(t:3, i:3388), leaderCommit=3329, initializing? false, entries: size=1, first=(t:3, i:3389), STATEMACHINELOGENTRY, client-EDB41257C35F, cid=2797
2019-09-24 16:17:43,313 WARN  server.GrpcLogAppender (GrpcLogAppender.java:timeoutAppendRequest(200)) - s2@group-5C26748AB2B1->s1-GrpcLogAppender: appendEntries Timeout, request=s2->s1#4163-t3, previous=(t:3, i:3387), leaderCommit=3329, initializing? false, entries: size=1, first=(t:3, i:3388), STATEMACHINELOGENTRY, client-EDB41257C35F, cid=2796
2019-09-24 16:17:43,313 WARN  server.GrpcLogAppender (GrpcLogAppender.java:timeoutAppendRequest(200)) - s2@group-5C26748AB2B1->s0-GrpcLogAppender: appendEntries Timeout, request=s2->s0#4003-t3, previous=(t:3, i:3389), leaderCommit=3329, initializing? false, entries: size=1, first=(t:3, i:3390), STATEMACHINELOGENTRY, client-EDB41257C35F, cid=2798
2019-09-24 16:17:43,313 WARN  server.GrpcLogAppender (GrpcLogAppender.java:timeoutAppendRequest(200)) - s2@group-5C26748AB2B1->s1-GrpcLogAppender: appendEntries Timeout, request=s2->s1#4164-t3, previous=(t:3, i:3388), leaderCommit=3329, initializing? false, entries: size=1, first=(t:3, i:3389), STATEMACHINELOGENTRY, client-EDB41257C35F, cid=2797
2019-09-24 16:17:43,313 WARN  server.GrpcLogAppender (GrpcLogAppender.java:timeoutAppendRequest(200)) - s2@group-5C26748AB2B1->s0-GrpcLogAppender: appendEntries Timeout, request=s2->s0#4004-t3, previous=(t:3, i:3390), leaderCommit=3329, initializing? false, entries: size=1, first=(t:3, i:3391), STATEMACHINELOGENTRY, client-EDB41257C35F, cid=2799
2019-09-24 16:17:43,314 WARN  server.GrpcLogAppender (GrpcLogAppender.java:timeoutAppendRequest(200)) - s2@group-5C26748AB2B1->s1-GrpcLogAppender: appendEntries Timeout, request=s2->s1#4165-t3, previous=(t:3, i:3389), leaderCommit=3329, initializing? false, entries: size=1, first=(t:3, i:3390), STATEMACHINELOGENTRY, client-EDB41257C35F, cid=2798
2019-09-24 16:17:43,314 WARN  server.GrpcLogAppender (GrpcLogAppender.java:timeoutAppendRequest(200)) - s2@group-5C26748AB2B1->s0-GrpcLogAppender: appendEntries Timeout, request=s2->s0#4005-t3, previous=(t:3, i:3391), leaderCommit=3329, initializing? false, entries: size=1, first=(t:3, i:3392), STATEMACHINELOGENTRY, client-EDB41257C35F, cid=2800
2019-09-24 16:17:43,314 WARN  server.GrpcLogAppender (GrpcLogAppender.java:timeoutAppendRequest(200)) - s2@group-5C26748AB2B1->s1-GrpcLogAppender: appendEntries Timeout, request=s2->s1#4166-t3, previous=(t:3, i:3390), leaderCommit=3329, initializing? false, entries: size=1, first=(t:3, i:3391), STATEMACHINELOGENTRY, client-EDB41257C35F, cid=2799
2019-09-24 16:17:43,314 WARN  server.GrpcLogAppender (GrpcLogAppender.java:timeoutAppendRequest(200)) - s2@group-5C26748AB2B1->s0-GrpcLogAppender: appendEntries Timeout, request=s2->s0#4006-t3, previous=(t:3, i:3392), leaderCommit=3329, initializing? false, entries: size=1, first=(t:3, i:3393), STATEMACHINELOGENTRY, client-EDB41257C35F, cid=2801
2019-09-24 16:17:43,314 WARN  server.GrpcLogAppender (GrpcLogAppender.java:timeoutAppendRequest(200)) - s2@group-5C26748AB2B1->s1-GrpcLogAppender: appendEntries Timeout, request=s2->s1#4167-t3, previous=(t:3, i:3391), leaderCommit=3329, initializing? false, entries: size=1, first=(t:3, i:3392), STATEMACHINELOGENTRY, client-EDB41257C35F, cid=2800
2019-09-24 16:17:43,314 WARN  server.GrpcLogAppender (GrpcLogAppender.java:timeoutAppendRequest(200)) - s2@group-5C26748AB2B1->s0-GrpcLogAppender: appendEntries Timeout, request=s2->s0#4007-t3, previous=(t:3, i:3393), leaderCommit=3329, initializing? false, entries: size=1, first=(t:3, i:3394), STATEMACHINELOGENTRY, client-EDB41257C35F, cid=2802
2019-09-24 16:17:43,314 WARN  server.GrpcLogAppender (GrpcLogAppender.java:timeoutAppendRequest(200)) - s2@group-5C26748AB2B1->s1-GrpcLogAppender: appendEntries Timeout, request=s2->s1#4168-t3, previous=(t:3, i:3392), leaderCommit=3329, initializing? false, entries: size=1, first=(t:3, i:3393), STATEMACHINELOGENTRY, client-EDB41257C35F, cid=2801
2019-09-24 16:17:43,314 WARN  server.GrpcLogAppender (GrpcLogAppender.java:timeoutAppendRequest(200)) - s2@group-5C26748AB2B1->s0-GrpcLogAppender: appendEntries Timeout, request=s2->s0#4008-t3, previous=(t:3, i:3394), leaderCommit=3329, initializing? false, entries: size=1, first=(t:3, i:3395), STATEMACHINELOGENTRY, client-EDB41257C35F, cid=2803
2019-09-24 16:17:43,314 WARN  server.GrpcLogAppender (GrpcLogAppender.java:timeoutAppendRequest(200)) - s2@group-5C26748AB2B1->s1-GrpcLogAppender: appendEntries Timeout, request=s2->s1#4169-t3, previous=(t:3, i:3393), leaderCommit=3329, initializing? false, entries: size=1, first=(t:3, i:3394), STATEMACHINELOGENTRY, client-EDB41257C35F, cid=2802
2019-09-24 16:17:43,315 WARN  server.GrpcLogAppender (GrpcLogAppender.java:timeoutAppendRequest(200)) - s2@group-5C26748AB2B1->s0-GrpcLogAppender: appendEntries Timeout, request=s2->s0#4009-t3, previous=(t:3, i:3395), leaderCommit=3329, initializing? false, entries: size=1, first=(t:3, i:3396), STATEMACHINELOGENTRY, client-EDB41257C35F, cid=2804
2019-09-24 16:17:43,315 WARN  server.GrpcLogAppender (GrpcLogAppender.java:timeoutAppendRequest(200)) - s2@group-5C26748AB2B1->s1-GrpcLogAppender: appendEntries Timeout, request=s2->s1#4170-t3, previous=(t:3, i:3394), leaderCommit=3329, initializing? false, entries: size=1, first=(t:3, i:3395), STATEMACHINELOGENTRY, client-EDB41257C35F, cid=2803
2019-09-24 16:17:43,315 WARN  server.GrpcLogAppender (GrpcLogAppender.java:timeoutAppendRequest(200)) - s2@group-5C26748AB2B1->s0-GrpcLogAppender: appendEntries Timeout, request=s2->s0#4010-t3, previous=(t:3, i:3396), leaderCommit=3329, initializing? false, entries: size=1, first=(t:3, i:3397), STATEMACHINELOGENTRY, client-EDB41257C35F, cid=2805
2019-09-24 16:17:43,315 WARN  server.GrpcLogAppender (GrpcLogAppender.java:timeoutAppendRequest(200)) - s2@group-5C26748AB2B1->s1-GrpcLogAppender: appendEntries Timeout, request=s2->s1#4171-t3, previous=(t:3, i:3395), leaderCommit=3329, initializing? false, entries: size=1, first=(t:3, i:3396), STATEMACHINELOGENTRY, client-EDB41257C35F, cid=2804
2019-09-24 16:17:43,315 WARN  server.GrpcLogAppender (GrpcLogAppender.java:timeoutAppendRequest(200)) - s2@group-5C26748AB2B1->s0-GrpcLogAppender: appendEntries Timeout, request=s2->s0#4011-t3, previous=(t:3, i:3397), leaderCommit=3329, initializing? false, entries: size=1, first=(t:3, i:3398), STATEMACHINELOGENTRY, client-EDB41257C35F, cid=2806
2019-09-24 16:17:43,315 WARN  server.GrpcLogAppender (GrpcLogAppender.java:timeoutAppendRequest(200)) - s2@group-5C26748AB2B1->s1-GrpcLogAppender: appendEntries Timeout, request=s2->s1#4172-t3, previous=(t:3, i:3396), leaderCommit=3329, initializing? false, entries: size=1, first=(t:3, i:3397), STATEMACHINELOGENTRY, client-EDB41257C35F, cid=2805
2019-09-24 16:17:43,315 WARN  server.GrpcLogAppender (GrpcLogAppender.java:timeoutAppendRequest(200)) - s2@group-5C26748AB2B1->s0-GrpcLogAppender: appendEntries Timeout, request=s2->s0#4012-t3, previous=(t:3, i:3398), leaderCommit=3329, initializing? false, entries: size=1, first=(t:3, i:3399), STATEMACHINELOGENTRY, client-EDB41257C35F, cid=2807
2019-09-24 16:17:43,315 WARN  server.GrpcLogAppender (GrpcLogAppender.java:timeoutAppendRequest(200)) - s2@group-5C26748AB2B1->s1-GrpcLogAppender: appendEntries Timeout, request=s2->s1#4173-t3, previous=(t:3, i:3397), leaderCommit=3329, initializing? false, entries: size=1, first=(t:3, i:3398), STATEMACHINELOGENTRY, client-EDB41257C35F, cid=2806
2019-09-24 16:17:43,315 WARN  server.GrpcLogAppender (GrpcLogAppender.java:timeoutAppendRequest(200)) - s2@group-5C26748AB2B1->s0-GrpcLogAppender: appendEntries Timeout, request=s2->s0#4013-t3, previous=(t:3, i:3399), leaderCommit=3329, initializing? false, entries: size=1, first=(t:3, i:3400), STATEMACHINELOGENTRY, client-EDB41257C35F, cid=2808
2019-09-24 16:17:43,316 WARN  server.GrpcLogAppender (GrpcLogAppender.java:timeoutAppendRequest(200)) - s2@group-5C26748AB2B1->s1-GrpcLogAppender: appendEntries Timeout, request=s2->s1#4174-t3, previous=(t:3, i:3398), leaderCommit=3329, initializing? false, entries: size=1, first=(t:3, i:3399), STATEMACHINELOGENTRY, client-EDB41257C35F, cid=2807
2019-09-24 16:17:43,316 WARN  server.GrpcLogAppender (GrpcLogAppender.java:timeoutAppendRequest(200)) - s2@group-5C26748AB2B1->s0-GrpcLogAppender: appendEntries Timeout, request=s2->s0#4014-t3, previous=(t:3, i:3400), leaderCommit=3329, initializing? false, entries: size=1, first=(t:3, i:3401), STATEMACHINELOGENTRY, client-EDB41257C35F, cid=2809
2019-09-24 16:17:43,316 WARN  server.GrpcLogAppender (GrpcLogAppender.java:timeoutAppendRequest(200)) - s2@group-5C26748AB2B1->s1-GrpcLogAppender: appendEntries Timeout, request=s2->s1#4175-t3, previous=(t:3, i:3399), leaderCommit=3329, initializing? false, entries: size=1, first=(t:3, i:3400), STATEMACHINELOGENTRY, client-EDB41257C35F, cid=2808
2019-09-24 16:17:43,316 WARN  server.GrpcLogAppender (GrpcLogAppender.java:timeoutAppendRequest(200)) - s2@group-5C26748AB2B1->s0-GrpcLogAppender: appendEntries Timeout, request=s2->s0#4015-t3, previous=(t:3, i:3401), leaderCommit=3329, initializing? false, entries: size=1, first=(t:3, i:3402), STATEMACHINELOGENTRY, client-EDB41257C35F, cid=2810
2019-09-24 16:17:43,316 WARN  server.GrpcLogAppender (GrpcLogAppender.java:timeoutAppendRequest(200)) - s2@group-5C26748AB2B1->s1-GrpcLogAppender: appendEntries Timeout, request=s2->s1#4176-t3, previous=(t:3, i:3400), leaderCommit=3329, initializing? false, entries: size=1, first=(t:3, i:3401), STATEMACHINELOGENTRY, client-EDB41257C35F, cid=2809
2019-09-24 16:17:43,316 WARN  server.GrpcLogAppender (GrpcLogAppender.java:timeoutAppendRequest(200)) - s2@group-5C26748AB2B1->s0-GrpcLogAppender: appendEntries Timeout, request=s2->s0#4016-t3, previous=(t:3, i:3402), leaderCommit=3329, initializing? false, entries: size=1, first=(t:3, i:3403), STATEMACHINELOGENTRY, client-EDB41257C35F, cid=2811
2019-09-24 16:17:43,316 WARN  server.GrpcLogAppender (GrpcLogAppender.java:timeoutAppendRequest(200)) - s2@group-5C26748AB2B1->s1-GrpcLogAppender: appendEntries Timeout, request=s2->s1#4177-t3, previous=(t:3, i:3401), leaderCommit=3329, initializing? false, entries: size=1, first=(t:3, i:3402), STATEMACHINELOGENTRY, client-EDB41257C35F, cid=2810
2019-09-24 16:17:43,316 WARN  server.GrpcLogAppender (GrpcLogAppender.java:timeoutAppendRequest(200)) - s2@group-5C26748AB2B1->s0-GrpcLogAppender: appendEntries Timeout, request=s2->s0#4017-t3, previous=(t:3, i:3403), leaderCommit=3329, initializing? false, entries: size=1, first=(t:3, i:3404), STATEMACHINELOGENTRY, client-EDB41257C35F, cid=2813
2019-09-24 16:17:43,317 WARN  server.GrpcLogAppender (GrpcLogAppender.java:timeoutAppendRequest(200)) - s2@group-5C26748AB2B1->s1-GrpcLogAppender: appendEntries Timeout, request=s2->s1#4178-t3, previous=(t:3, i:3402), leaderCommit=3329, initializing? false, entries: size=1, first=(t:3, i:3403), STATEMACHINELOGENTRY, client-EDB41257C35F, cid=2811
2019-09-24 16:17:43,317 WARN  server.GrpcLogAppender (GrpcLogAppender.java:timeoutAppendRequest(200)) - s2@group-5C26748AB2B1->s0-GrpcLogAppender: appendEntries Timeout, request=s2->s0#4018-t3, previous=(t:3, i:3404), leaderCommit=3329, initializing? false, entries: size=1, first=(t:3, i:3405), STATEMACHINELOGENTRY, client-EDB41257C35F, cid=2814
2019-09-24 16:17:43,317 WARN  server.GrpcLogAppender (GrpcLogAppender.java:timeoutAppendRequest(200)) - s2@group-5C26748AB2B1->s1-GrpcLogAppender: appendEntries Timeout, request=s2->s1#4179-t3, previous=(t:3, i:3403), leaderCommit=3329, initializing? false, entries: size=1, first=(t:3, i:3404), STATEMACHINELOGENTRY, client-EDB41257C35F, cid=2813
2019-09-24 16:17:43,317 WARN  server.GrpcLogAppender (GrpcLogAppender.java:timeoutAppendRequest(200)) - s2@group-5C26748AB2B1->s0-GrpcLogAppender: appendEntries Timeout, request=s2->s0#4019-t3, previous=(t:3, i:3405), leaderCommit=3329, initializing? false, entries: size=1, first=(t:3, i:3406), STATEMACHINELOGENTRY, client-EDB41257C35F, cid=2815
2019-09-24 16:17:43,317 WARN  server.GrpcLogAppender (GrpcLogAppender.java:timeoutAppendRequest(200)) - s2@group-5C26748AB2B1->s1-GrpcLogAppender: appendEntries Timeout, request=s2->s1#4180-t3, previous=(t:3, i:3404), leaderCommit=3329, initializing? false, entries: size=1, first=(t:3, i:3405), STATEMACHINELOGENTRY, client-EDB41257C35F, cid=2814
2019-09-24 16:17:43,317 WARN  server.GrpcLogAppender (GrpcLogAppender.java:timeoutAppendRequest(200)) - s2@group-5C26748AB2B1->s0-GrpcLogAppender: appendEntries Timeout, request=s2->s0#4020-t3, previous=(t:3, i:3406), leaderCommit=3329, initializing? false, entries: size=1, first=(t:3, i:3407), STATEMACHINELOGENTRY, client-EDB41257C35F, cid=2816
2019-09-24 16:17:43,317 WARN  server.GrpcLogAppender (GrpcLogAppender.java:timeoutAppendRequest(200)) - s2@group-5C26748AB2B1->s1-GrpcLogAppender: appendEntries Timeout, request=s2->s1#4181-t3, previous=(t:3, i:3405), leaderCommit=3329, initializing? false, entries: size=1, first=(t:3, i:3406), STATEMACHINELOGENTRY, client-EDB41257C35F, cid=2815
2019-09-24 16:17:43,317 WARN  server.GrpcLogAppender (GrpcLogAppender.java:timeoutAppendRequest(200)) - s2@group-5C26748AB2B1->s0-GrpcLogAppender: appendEntries Timeout, request=s2->s0#4021-t3, previous=(t:3, i:3407), leaderCommit=3329, initializing? false, entries: size=1, first=(t:3, i:3408), STATEMACHINELOGENTRY, client-EDB41257C35F, cid=2817
2019-09-24 16:17:43,317 WARN  server.GrpcLogAppender (GrpcLogAppender.java:timeoutAppendRequest(200)) - s2@group-5C26748AB2B1->s1-GrpcLogAppender: appendEntries Timeout, request=s2->s1#4182-t3, previous=(t:3, i:3406), leaderCommit=3329, initializing? false, entries: size=1, first=(t:3, i:3407), STATEMACHINELOGENTRY, client-EDB41257C35F, cid=2816
2019-09-24 16:17:43,318 WARN  server.GrpcLogAppender (GrpcLogAppender.java:timeoutAppendRequest(200)) - s2@group-5C26748AB2B1->s0-GrpcLogAppender: appendEntries Timeout, request=s2->s0#4022-t3, previous=(t:3, i:3408), leaderCommit=3329, initializing? false, entries: size=1, first=(t:3, i:3409), STATEMACHINELOGENTRY, client-EDB41257C35F, cid=2818
2019-09-24 16:17:43,318 WARN  server.GrpcLogAppender (GrpcLogAppender.java:timeoutAppendRequest(200)) - s2@group-5C26748AB2B1->s1-GrpcLogAppender: appendEntries Timeout, request=s2->s1#4183-t3, previous=(t:3, i:3407), leaderCommit=3329, initializing? false, entries: size=1, first=(t:3, i:3408), STATEMACHINELOGENTRY, client-EDB41257C35F, cid=2817
2019-09-24 16:17:43,318 WARN  server.GrpcLogAppender (GrpcLogAppender.java:timeoutAppendRequest(200)) - s2@group-5C26748AB2B1->s0-GrpcLogAppender: appendEntries Timeout, request=s2->s0#4023-t3, previous=(t:3, i:3409), leaderCommit=3329, initializing? false, entries: size=1, first=(t:3, i:3410), STATEMACHINELOGENTRY, client-EDB41257C35F, cid=2819
2019-09-24 16:17:43,318 WARN  server.GrpcLogAppender (GrpcLogAppender.java:timeoutAppendRequest(200)) - s2@group-5C26748AB2B1->s1-GrpcLogAppender: appendEntries Timeout, request=s2->s1#4184-t3, previous=(t:3, i:3408), leaderCommit=3329, initializing? false, entries: size=1, first=(t:3, i:3409), STATEMACHINELOGENTRY, client-EDB41257C35F, cid=2818
2019-09-24 16:17:43,318 WARN  server.GrpcLogAppender (GrpcLogAppender.java:timeoutAppendRequest(200)) - s2@group-5C26748AB2B1->s0-GrpcLogAppender: appendEntries Timeout, request=s2->s0#4024-t3, previous=(t:3, i:3410), leaderCommit=3329, initializing? false, entries: size=1, first=(t:3, i:3411), STATEMACHINELOGENTRY, client-EDB41257C35F, cid=2820
2019-09-24 16:17:43,318 WARN  server.GrpcLogAppender (GrpcLogAppender.java:timeoutAppendRequest(200)) - s2@group-5C26748AB2B1->s1-GrpcLogAppender: appendEntries Timeout, request=s2->s1#4185-t3, previous=(t:3, i:3409), leaderCommit=3329, initializing? false, entries: size=1, first=(t:3, i:3410), STATEMACHINELOGENTRY, client-EDB41257C35F, cid=2819
2019-09-24 16:17:43,318 WARN  server.GrpcLogAppender (GrpcLogAppender.java:timeoutAppendRequest(200)) - s2@group-5C26748AB2B1->s0-GrpcLogAppender: appendEntries Timeout, request=s2->s0#4025-t3, previous=(t:3, i:3411), leaderCommit=3329, initializing? false, entries: size=1, first=(t:3, i:3412), STATEMACHINELOGENTRY, client-EDB41257C35F, cid=2821
2019-09-24 16:17:43,318 WARN  server.GrpcLogAppender (GrpcLogAppender.java:timeoutAppendRequest(200)) - s2@group-5C26748AB2B1->s1-GrpcLogAppender: appendEntries Timeout, request=s2->s1#4186-t3, previous=(t:3, i:3410), leaderCommit=3329, initializing? false, entries: size=1, first=(t:3, i:3411), STATEMACHINELOGENTRY, client-EDB41257C35F, cid=2820
2019-09-24 16:17:43,318 WARN  server.GrpcLogAppender (GrpcLogAppender.java:timeoutAppendRequest(200)) - s2@group-5C26748AB2B1->s0-GrpcLogAppender: appendEntries Timeout, request=s2->s0#4026-t3, previous=(t:3, i:3412), leaderCommit=3329, initializing? false, entries: size=1, first=(t:3, i:3413), STATEMACHINELOGENTRY, client-EDB41257C35F, cid=2822
2019-09-24 16:17:43,319 WARN  server.GrpcLogAppender (GrpcLogAppender.java:timeoutAppendRequest(200)) - s2@group-5C26748AB2B1->s1-GrpcLogAppender: appendEntries Timeout, request=s2->s1#4187-t3, previous=(t:3, i:3411), leaderCommit=3329, initializing? false, entries: size=1, first=(t:3, i:3412), STATEMACHINELOGENTRY, client-EDB41257C35F, cid=2821
2019-09-24 16:17:43,319 WARN  server.GrpcLogAppender (GrpcLogAppender.java:timeoutAppendRequest(200)) - s2@group-5C26748AB2B1->s0-GrpcLogAppender: appendEntries Timeout, request=s2->s0#4027-t3, previous=(t:3, i:3413), leaderCommit=3329, initializing? false, entries: size=1, first=(t:3, i:3414), STATEMACHINELOGENTRY, client-EDB41257C35F, cid=2823
2019-09-24 16:17:43,319 WARN  server.GrpcLogAppender (GrpcLogAppender.java:timeoutAppendRequest(200)) - s2@group-5C26748AB2B1->s1-GrpcLogAppender: appendEntries Timeout, request=s2->s1#4188-t3, previous=(t:3, i:3412), leaderCommit=3329, initializing? false, entries: size=1, first=(t:3, i:3413), STATEMACHINELOGENTRY, client-EDB41257C35F, cid=2822
2019-09-24 16:17:43,319 WARN  server.GrpcLogAppender (GrpcLogAppender.java:timeoutAppendRequest(200)) - s2@group-5C26748AB2B1->s0-GrpcLogAppender: appendEntries Timeout, request=s2->s0#4028-t3, previous=(t:3, i:3414), leaderCommit=3329, initializing? false, entries: size=1, first=(t:3, i:3415), STATEMACHINELOGENTRY, client-EDB41257C35F, cid=2824
2019-09-24 16:17:43,319 WARN  server.GrpcLogAppender (GrpcLogAppender.java:timeoutAppendRequest(200)) - s2@group-5C26748AB2B1->s1-GrpcLogAppender: appendEntries Timeout, request=s2->s1#4189-t3, previous=(t:3, i:3413), leaderCommit=3329, initializing? false, entries: size=1, first=(t:3, i:3414), STATEMACHINELOGENTRY, client-EDB41257C35F, cid=2823
2019-09-24 16:17:43,319 WARN  server.GrpcLogAppender (GrpcLogAppender.java:timeoutAppendRequest(200)) - s2@group-5C26748AB2B1->s0-GrpcLogAppender: appendEntries Timeout, request=s2->s0#4029-t3, previous=(t:3, i:3415), leaderCommit=3329, initializing? false, entries: size=1, first=(t:3, i:3416), STATEMACHINELOGENTRY, client-EDB41257C35F, cid=2825
2019-09-24 16:17:43,319 WARN  server.GrpcLogAppender (GrpcLogAppender.java:timeoutAppendRequest(200)) - s2@group-5C26748AB2B1->s1-GrpcLogAppender: appendEntries Timeout, request=s2->s1#4190-t3, previous=(t:3, i:3414), leaderCommit=3329, initializing? false, entries: size=1, first=(t:3, i:3415), STATEMACHINELOGENTRY, client-EDB41257C35F, cid=2824
2019-09-24 16:17:43,319 WARN  server.GrpcLogAppender (GrpcLogAppender.java:timeoutAppendRequest(200)) - s2@group-5C26748AB2B1->s0-GrpcLogAppender: appendEntries Timeout, request=s2->s0#4030-t3, previous=(t:3, i:3416), leaderCommit=3329, initializing? false, entries: size=1, first=(t:3, i:3417), STATEMACHINELOGENTRY, client-EDB41257C35F, cid=2826
2019-09-24 16:17:43,319 WARN  server.GrpcLogAppender (GrpcLogAppender.java:timeoutAppendRequest(200)) - s2@group-5C26748AB2B1->s1-GrpcLogAppender: appendEntries Timeout, request=s2->s1#4191-t3, previous=(t:3, i:3415), leaderCommit=3329, initializing? false, entries: size=1, first=(t:3, i:3416), STATEMACHINELOGENTRY, client-EDB41257C35F, cid=2825
2019-09-24 16:17:43,320 WARN  server.GrpcLogAppender (GrpcLogAppender.java:timeoutAppendRequest(200)) - s2@group-5C26748AB2B1->s0-GrpcLogAppender: appendEntries Timeout, request=s2->s0#4031-t3, previous=(t:3, i:3417), leaderCommit=3329, initializing? false, entries: size=1, first=(t:3, i:3418), STATEMACHINELOGENTRY, client-EDB41257C35F, cid=2827
2019-09-24 16:17:43,320 WARN  server.GrpcLogAppender (GrpcLogAppender.java:timeoutAppendRequest(200)) - s2@group-5C26748AB2B1->s1-GrpcLogAppender: appendEntries Timeout, request=s2->s1#4192-t3, previous=(t:3, i:3416), leaderCommit=3329, initializing? false, entries: size=1, first=(t:3, i:3417), STATEMACHINELOGENTRY, client-EDB41257C35F, cid=2826
2019-09-24 16:17:43,320 WARN  server.GrpcLogAppender (GrpcLogAppender.java:timeoutAppendRequest(200)) - s2@group-5C26748AB2B1->s0-GrpcLogAppender: appendEntries Timeout, request=s2->s0#4032-t3, previous=(t:3, i:3418), leaderCommit=3329, initializing? false, entries: size=1, first=(t:3, i:3419), STATEMACHINELOGENTRY, client-EDB41257C35F, cid=2828
2019-09-24 16:17:43,320 WARN  server.GrpcLogAppender (GrpcLogAppender.java:timeoutAppendRequest(200)) - s2@group-5C26748AB2B1->s1-GrpcLogAppender: appendEntries Timeout, request=s2->s1#4193-t3, previous=(t:3, i:3417), leaderCommit=3329, initializing? false, entries: size=1, first=(t:3, i:3418), STATEMACHINELOGENTRY, client-EDB41257C35F, cid=2827
2019-09-24 16:17:43,320 WARN  server.GrpcLogAppender (GrpcLogAppender.java:timeoutAppendRequest(200)) - s2@group-5C26748AB2B1->s0-GrpcLogAppender: appendEntries Timeout, request=s2->s0#4033-t3, previous=(t:3, i:3419), leaderCommit=3329, initializing? false, entries: size=1, first=(t:3, i:3420), STATEMACHINELOGENTRY, client-EDB41257C35F, cid=2829
2019-09-24 16:17:43,320 WARN  server.GrpcLogAppender (GrpcLogAppender.java:timeoutAppendRequest(200)) - s2@group-5C26748AB2B1->s1-GrpcLogAppender: appendEntries Timeout, request=s2->s1#4194-t3, previous=(t:3, i:3418), leaderCommit=3329, initializing? false, entries: size=1, first=(t:3, i:3419), STATEMACHINELOGENTRY, client-EDB41257C35F, cid=2828
2019-09-24 16:17:43,320 WARN  server.GrpcLogAppender (GrpcLogAppender.java:timeoutAppendRequest(200)) - s2@group-5C26748AB2B1->s0-GrpcLogAppender: appendEntries Timeout, request=s2->s0#4034-t3, previous=(t:3, i:3420), leaderCommit=3329, initializing? false, entries: size=1, first=(t:3, i:3421), STATEMACHINELOGENTRY, client-EDB41257C35F, cid=2830
2019-09-24 16:17:43,320 WARN  server.GrpcLogAppender (GrpcLogAppender.java:timeoutAppendRequest(200)) - s2@group-5C26748AB2B1->s1-GrpcLogAppender: appendEntries Timeout, request=s2->s1#4195-t3, previous=(t:3, i:3419), leaderCommit=3329, initializing? false, entries: size=1, first=(t:3, i:3420), STATEMACHINELOGENTRY, client-EDB41257C35F, cid=2829
2019-09-24 16:17:43,320 WARN  server.GrpcLogAppender (GrpcLogAppender.java:timeoutAppendRequest(200)) - s2@group-5C26748AB2B1->s0-GrpcLogAppender: appendEntries Timeout, request=s2->s0#4035-t3, previous=(t:3, i:3421), leaderCommit=3329, initializing? false, entries: size=1, first=(t:3, i:3422), STATEMACHINELOGENTRY, client-EDB41257C35F, cid=2831
2019-09-24 16:17:43,321 WARN  server.GrpcLogAppender (GrpcLogAppender.java:timeoutAppendRequest(200)) - s2@group-5C26748AB2B1->s1-GrpcLogAppender: appendEntries Timeout, request=s2->s1#4196-t3, previous=(t:3, i:3420), leaderCommit=3329, initializing? false, entries: size=1, first=(t:3, i:3421), STATEMACHINELOGENTRY, client-EDB41257C35F, cid=2830
2019-09-24 16:17:43,321 WARN  server.GrpcLogAppender (GrpcLogAppender.java:timeoutAppendRequest(200)) - s2@group-5C26748AB2B1->s0-GrpcLogAppender: appendEntries Timeout, request=s2->s0#4036-t3, previous=(t:3, i:3422), leaderCommit=3329, initializing? false, entries: size=1, first=(t:3, i:3423), STATEMACHINELOGENTRY, client-EDB41257C35F, cid=2832
2019-09-24 16:17:43,321 WARN  server.GrpcLogAppender (GrpcLogAppender.java:timeoutAppendRequest(200)) - s2@group-5C26748AB2B1->s1-GrpcLogAppender: appendEntries Timeout, request=s2->s1#4197-t3, previous=(t:3, i:3421), leaderCommit=3329, initializing? false, entries: size=1, first=(t:3, i:3422), STATEMACHINELOGENTRY, client-EDB41257C35F, cid=2831
2019-09-24 16:17:43,321 WARN  server.GrpcLogAppender (GrpcLogAppender.java:timeoutAppendRequest(200)) - s2@group-5C26748AB2B1->s0-GrpcLogAppender: appendEntries Timeout, request=s2->s0#4037-t3, previous=(t:3, i:3423), leaderCommit=3329, initializing? false, entries: size=1, first=(t:3, i:3424), STATEMACHINELOGENTRY, client-EDB41257C35F, cid=2833
2019-09-24 16:17:43,321 WARN  server.GrpcLogAppender (GrpcLogAppender.java:timeoutAppendRequest(200)) - s2@group-5C26748AB2B1->s1-GrpcLogAppender: appendEntries Timeout, request=s2->s1#4198-t3, previous=(t:3, i:3422), leaderCommit=3329, initializing? false, entries: size=1, first=(t:3, i:3423), STATEMACHINELOGENTRY, client-EDB41257C35F, cid=2832
2019-09-24 16:17:43,321 WARN  server.GrpcLogAppender (GrpcLogAppender.java:timeoutAppendRequest(200)) - s2@group-5C26748AB2B1->s0-GrpcLogAppender: appendEntries Timeout, request=s2->s0#4038-t3, previous=(t:3, i:3424), leaderCommit=3329, initializing? false, entries: size=1, first=(t:3, i:3425), STATEMACHINELOGENTRY, client-EDB41257C35F, cid=2834
2019-09-24 16:17:43,321 WARN  server.GrpcLogAppender (GrpcLogAppender.java:timeoutAppendRequest(200)) - s2@group-5C26748AB2B1->s1-GrpcLogAppender: appendEntries Timeout, request=s2->s1#4199-t3, previous=(t:3, i:3423), leaderCommit=3329, initializing? false, entries: size=1, first=(t:3, i:3424), STATEMACHINELOGENTRY, client-EDB41257C35F, cid=2833
2019-09-24 16:17:43,321 WARN  server.GrpcLogAppender (GrpcLogAppender.java:timeoutAppendRequest(200)) - s2@group-5C26748AB2B1->s0-GrpcLogAppender: appendEntries Timeout, request=s2->s0#4039-t3, previous=(t:3, i:3425), leaderCommit=3329, initializing? false, entries: size=1, first=(t:3, i:3426), STATEMACHINELOGENTRY, client-EDB41257C35F, cid=2835
2019-09-24 16:17:43,321 WARN  server.GrpcLogAppender (GrpcLogAppender.java:timeoutAppendRequest(200)) - s2@group-5C26748AB2B1->s1-GrpcLogAppender: appendEntries Timeout, request=s2->s1#4200-t3, previous=(t:3, i:3424), leaderCommit=3329, initializing? false, entries: size=1, first=(t:3, i:3425), STATEMACHINELOGENTRY, client-EDB41257C35F, cid=2834
2019-09-24 16:17:43,322 WARN  server.GrpcLogAppender (GrpcLogAppender.java:timeoutAppendRequest(200)) - s2@group-5C26748AB2B1->s0-GrpcLogAppender: appendEntries Timeout, request=s2->s0#4040-t3, previous=(t:3, i:3426), leaderCommit=3329, initializing? false, entries: size=1, first=(t:3, i:3427), STATEMACHINELOGENTRY, client-EDB41257C35F, cid=2836
2019-09-24 16:17:43,322 WARN  server.GrpcLogAppender (GrpcLogAppender.java:timeoutAppendRequest(200)) - s2@group-5C26748AB2B1->s1-GrpcLogAppender: appendEntries Timeout, request=s2->s1#4201-t3, previous=(t:3, i:3425), leaderCommit=3329, initializing? false, entries: size=1, first=(t:3, i:3426), STATEMACHINELOGENTRY, client-EDB41257C35F, cid=2835
2019-09-24 16:17:43,322 WARN  server.GrpcLogAppender (GrpcLogAppender.java:timeoutAppendRequest(200)) - s2@group-5C26748AB2B1->s0-GrpcLogAppender: appendEntries Timeout, request=s2->s0#4041-t3, previous=(t:3, i:3427), leaderCommit=3329, initializing? false, entries: size=1, first=(t:3, i:3428), STATEMACHINELOGENTRY, client-EDB41257C35F, cid=2837
2019-09-24 16:17:43,322 WARN  server.GrpcLogAppender (GrpcLogAppender.java:timeoutAppendRequest(200)) - s2@group-5C26748AB2B1->s1-GrpcLogAppender: appendEntries Timeout, request=s2->s1#4202-t3, previous=(t:3, i:3426), leaderCommit=3329, initializing? false, entries: size=1, first=(t:3, i:3427), STATEMACHINELOGENTRY, client-EDB41257C35F, cid=2836
2019-09-24 16:17:43,322 WARN  server.GrpcLogAppender (GrpcLogAppender.java:timeoutAppendRequest(200)) - s2@group-5C26748AB2B1->s0-GrpcLogAppender: appendEntries Timeout, request=s2->s0#4042-t3, previous=(t:3, i:3428), leaderCommit=3329, initializing? false, entries: size=1, first=(t:3, i:3429), STATEMACHINELOGENTRY, client-EDB41257C35F, cid=2838
2019-09-24 16:17:43,322 WARN  server.GrpcLogAppender (GrpcLogAppender.java:timeoutAppendRequest(200)) - s2@group-5C26748AB2B1->s1-GrpcLogAppender: appendEntries Timeout, request=s2->s1#4203-t3, previous=(t:3, i:3427), leaderCommit=3329, initializing? false, entries: size=1, first=(t:3, i:3428), STATEMACHINELOGENTRY, client-EDB41257C35F, cid=2837
2019-09-24 16:17:43,322 WARN  server.GrpcLogAppender (GrpcLogAppender.java:timeoutAppendRequest(200)) - s2@group-5C26748AB2B1->s0-GrpcLogAppender: appendEntries Timeout, request=s2->s0#4043-t3, previous=(t:3, i:3429), leaderCommit=3329, initializing? false, entries: size=1, first=(t:3, i:3430), STATEMACHINELOGENTRY, client-EDB41257C35F, cid=2839
2019-09-24 16:17:43,322 WARN  server.GrpcLogAppender (GrpcLogAppender.java:timeoutAppendRequest(200)) - s2@group-5C26748AB2B1->s1-GrpcLogAppender: appendEntries Timeout, request=s2->s1#4204-t3, previous=(t:3, i:3428), leaderCommit=3329, initializing? false, entries: size=1, first=(t:3, i:3429), STATEMACHINELOGENTRY, client-EDB41257C35F, cid=2838
2019-09-24 16:17:43,322 WARN  server.GrpcLogAppender (GrpcLogAppender.java:timeoutAppendRequest(200)) - s2@group-5C26748AB2B1->s0-GrpcLogAppender: appendEntries Timeout, request=s2->s0#4044-t3, previous=(t:3, i:3430), leaderCommit=3329, initializing? false, entries: size=1, first=(t:3, i:3431), STATEMACHINELOGENTRY, client-EDB41257C35F, cid=2840
2019-09-24 16:17:43,322 WARN  server.GrpcLogAppender (GrpcLogAppender.java:timeoutAppendRequest(200)) - s2@group-5C26748AB2B1->s1-GrpcLogAppender: appendEntries Timeout, request=s2->s1#4205-t3, previous=(t:3, i:3429), leaderCommit=3329, initializing? false, entries: size=1, first=(t:3, i:3430), STATEMACHINELOGENTRY, client-EDB41257C35F, cid=2839
2019-09-24 16:17:43,323 WARN  server.GrpcLogAppender (GrpcLogAppender.java:timeoutAppendRequest(200)) - s2@group-5C26748AB2B1->s1-GrpcLogAppender: appendEntries Timeout, request=s2->s1#4206-t3, previous=(t:3, i:3430), leaderCommit=3329, initializing? false, entries: size=1, first=(t:3, i:3431), STATEMACHINELOGENTRY, client-EDB41257C35F, cid=2840
2019-09-24 16:17:43,339 WARN  server.GrpcLogAppender (LogUtils.java:warn(134)) - s1@group-926153DB23B0->s2-AppendLogResponseHandler: Failed appendEntries: org.apache.ratis.thirdparty.io.grpc.StatusRuntimeException: UNAVAILABLE: io exception
2019-09-24 16:17:43,339 INFO  impl.FollowerInfo (FollowerInfo.java:lambda$new$0(51)) - s1@group-926153DB23B0->s2: nextIndex: updateUnconditionally 0 -> 0
2019-09-24 16:17:43,360 DEBUG client.GrpcClientProtocolService (GrpcClientProtocolService.java:<init>(175)) - new 15-OrderedRequestStreamObserver15
2019-09-24 16:17:43,361 DEBUG client.GrpcClientProtocolService (GrpcClientProtocolService.java:sendReply(353)) - 15-OrderedRequestStreamObserver15: sendReply seq=39, RaftClientReply:client-FBE51ED1F687->s1@group-926153DB23B0, cid=2455, FAILED org.apache.ratis.protocol.LeaderNotReadyException: s1@group-926153DB23B0 is in LEADER state but not ready yet., logIndex=0, commits[s1:c40, s0:c40, s2:c40]
2019-09-24 16:17:43,370 DEBUG client.GrpcClientProtocolService (GrpcClientProtocolService.java:responseError(257)) - 36-OrderedRequestStreamObserver36: Failed onNext for client-EDB41257C35F->s2#2738-2648* in 36-OrderedRequestStreamObserver36
java.lang.IllegalStateException: Entry already exists for key 2648 in map SlidingWindow$Server:36-OrderedRequestStreamObserver36:requests
	at org.apache.ratis.util.Preconditions.assertTrue(Preconditions.java:75)
	at org.apache.ratis.util.CollectionUtils.putNew(CollectionUtils.java:94)
	at org.apache.ratis.util.SlidingWindow$RequestMap.putNewRequest(SlidingWindow.java:126)
	at org.apache.ratis.util.SlidingWindow$Server.receivedRequest(SlidingWindow.java:420)
	at org.apache.ratis.grpc.client.GrpcClientProtocolService$OrderedRequestStreamObserver.processClientRequest(GrpcClientProtocolService.java:345)
	at org.apache.ratis.grpc.client.GrpcClientProtocolService$RequestStreamObserver.onNext(GrpcClientProtocolService.java:240)
	at org.apache.ratis.grpc.client.GrpcClientProtocolService$RequestStreamObserver.onNext(GrpcClientProtocolService.java:168)
	at org.apache.ratis.thirdparty.io.grpc.stub.ServerCalls$StreamingServerCallHandler$StreamingServerCallListener.onMessage(ServerCalls.java:248)
	at org.apache.ratis.thirdparty.io.grpc.internal.ServerCallImpl$ServerStreamListenerImpl.messagesAvailable(ServerCallImpl.java:263)
	at org.apache.ratis.thirdparty.io.grpc.internal.ServerImpl$JumpToApplicationThreadServerStreamListener$1MessagesAvailable.runInContext(ServerImpl.java:686)
	at org.apache.ratis.thirdparty.io.grpc.internal.ContextRunnable.run(ContextRunnable.java:37)
	at org.apache.ratis.thirdparty.io.grpc.internal.SerializingExecutor.run(SerializingExecutor.java:123)
	at java.util.concurrent.ThreadPoolExecutor.runWorker(ThreadPoolExecutor.java:1149)
	at java.util.concurrent.ThreadPoolExecutor$Worker.run(ThreadPoolExecutor.java:624)
	at java.lang.Thread.run(Thread.java:748)
2019-09-24 16:17:43,388 WARN  server.GrpcLogAppender (GrpcLogAppender.java:timeoutAppendRequest(200)) - s2@group-5C26748AB2B1->s0-GrpcLogAppender: appendEntries Timeout, request=s2->s0#4045-t3, previous=(t:3, i:3431), leaderCommit=3329, initializing? false, entries: <empty>
2019-09-24 16:17:43,388 WARN  server.GrpcLogAppender (GrpcLogAppender.java:timeoutAppendRequest(200)) - s2@group-5C26748AB2B1->s1-GrpcLogAppender: appendEntries Timeout, request=s2->s1#4207-t3, previous=(t:3, i:3431), leaderCommit=3329, initializing? false, entries: <empty>
2019-09-24 16:17:43,414 WARN  server.GrpcLogAppender (LogUtils.java:warn(134)) - s1@group-926153DB23B0->s2-AppendLogResponseHandler: Failed appendEntries: org.apache.ratis.thirdparty.io.grpc.StatusRuntimeException: UNAVAILABLE: io exception
2019-09-24 16:17:43,414 INFO  impl.FollowerInfo (FollowerInfo.java:lambda$new$0(51)) - s1@group-926153DB23B0->s2: nextIndex: updateUnconditionally 0 -> 0
2019-09-24 16:17:43,462 DEBUG client.GrpcClientProtocolService (GrpcClientProtocolService.java:close(374)) - 15-OrderedRequestStreamObserver15: close
2019-09-24 16:17:43,463 WARN  server.GrpcLogAppender (GrpcLogAppender.java:timeoutAppendRequest(200)) - s2@group-5C26748AB2B1->s1-GrpcLogAppender: appendEntries Timeout, request=s2->s1#4208-t3, previous=(t:3, i:3431), leaderCommit=3329, initializing? false, entries: <empty>
2019-09-24 16:17:43,463 WARN  server.GrpcLogAppender (GrpcLogAppender.java:timeoutAppendRequest(200)) - s2@group-5C26748AB2B1->s0-GrpcLogAppender: appendEntries Timeout, request=s2->s0#4046-t3, previous=(t:3, i:3431), leaderCommit=3329, initializing? false, entries: <empty>
2019-09-24 16:17:43,476 DEBUG client.GrpcClientProtocolService (GrpcClientProtocolService.java:<init>(175)) - new 10-OrderedRequestStreamObserver10
2019-09-24 16:17:43,477 DEBUG client.GrpcClientProtocolService (GrpcClientProtocolService.java:sendReply(353)) - 10-OrderedRequestStreamObserver10: sendReply seq=2648, RaftClientReply:client-EDB41257C35F->s0@group-5C26748AB2B1, cid=2738, FAILED org.apache.ratis.protocol.NotLeaderException: Server s0@group-5C26748AB2B1 is not the leader s2:0.0.0.0:34862, logIndex=0, commits[s0:c3329, s1:c3217, s2:c3329]
2019-09-24 16:17:43,478 DEBUG client.GrpcClientProtocolService (GrpcClientProtocolService.java:close(374)) - 10-OrderedRequestStreamObserver10: close
2019-09-24 16:17:43,481 DEBUG client.GrpcClientProtocolService (GrpcClientProtocolService.java:<init>(175)) - new 37-OrderedRequestStreamObserver37
2019-09-24 16:17:43,490 WARN  server.GrpcLogAppender (LogUtils.java:warn(134)) - s1@group-926153DB23B0->s2-AppendLogResponseHandler: Failed appendEntries: org.apache.ratis.thirdparty.io.grpc.StatusRuntimeException: UNAVAILABLE: io exception
2019-09-24 16:17:43,490 INFO  impl.FollowerInfo (FollowerInfo.java:lambda$new$0(51)) - s1@group-926153DB23B0->s2: nextIndex: updateUnconditionally 0 -> 0
2019-09-24 16:17:43,538 WARN  server.GrpcLogAppender (GrpcLogAppender.java:timeoutAppendRequest(200)) - s2@group-5C26748AB2B1->s0-GrpcLogAppender: appendEntries Timeout, request=s2->s0#4047-t3, previous=(t:3, i:3431), leaderCommit=3329, initializing? false, entries: <empty>
2019-09-24 16:17:43,538 WARN  server.GrpcLogAppender (GrpcLogAppender.java:timeoutAppendRequest(200)) - s2@group-5C26748AB2B1->s1-GrpcLogAppender: appendEntries Timeout, request=s2->s1#4209-t3, previous=(t:3, i:3431), leaderCommit=3329, initializing? false, entries: <empty>
2019-09-24 16:17:43,568 WARN  server.GrpcLogAppender (LogUtils.java:warn(134)) - s1@group-926153DB23B0->s2-AppendLogResponseHandler: Failed appendEntries: org.apache.ratis.thirdparty.io.grpc.StatusRuntimeException: UNAVAILABLE: io exception
2019-09-24 16:17:43,568 DEBUG client.GrpcClientProtocolService (GrpcClientProtocolService.java:<init>(175)) - new 16-OrderedRequestStreamObserver16
2019-09-24 16:17:43,569 INFO  impl.FollowerInfo (FollowerInfo.java:lambda$new$0(51)) - s1@group-926153DB23B0->s2: nextIndex: updateUnconditionally 0 -> 0
2019-09-24 16:17:43,570 DEBUG client.GrpcClientProtocolService (GrpcClientProtocolService.java:sendReply(353)) - 16-OrderedRequestStreamObserver16: sendReply seq=39, RaftClientReply:client-FBE51ED1F687->s1@group-926153DB23B0, cid=2455, FAILED org.apache.ratis.protocol.LeaderNotReadyException: s1@group-926153DB23B0 is in LEADER state but not ready yet., logIndex=0, commits[s1:c40, s0:c40, s2:c40]
2019-09-24 16:17:43,613 WARN  server.GrpcLogAppender (GrpcLogAppender.java:timeoutAppendRequest(200)) - s2@group-5C26748AB2B1->s0-GrpcLogAppender: appendEntries Timeout, request=s2->s0#4048-t3, previous=(t:3, i:3431), leaderCommit=3329, initializing? false, entries: <empty>
2019-09-24 16:17:43,613 WARN  server.GrpcLogAppender (GrpcLogAppender.java:timeoutAppendRequest(200)) - s2@group-5C26748AB2B1->s1-GrpcLogAppender: appendEntries Timeout, request=s2->s1#4210-t3, previous=(t:3, i:3431), leaderCommit=3329, initializing? false, entries: <empty>
2019-09-24 16:17:43,622 WARN  server.GrpcLogAppender (GrpcLogAppender.java:timeoutAppendRequest(200)) - s1@group-926153DB23B0->s0-GrpcLogAppender: appendEntries Timeout, request=s1->s0#1-t3, previous=(t:1, i:65), leaderCommit=40, initializing? false, entries: size=1, first=(t:3, i:66), CONFIGURATIONENTRY
2019-09-24 16:17:43,643 WARN  server.GrpcLogAppender (LogUtils.java:warn(134)) - s1@group-926153DB23B0->s2-AppendLogResponseHandler: Failed appendEntries: org.apache.ratis.thirdparty.io.grpc.StatusRuntimeException: UNAVAILABLE: io exception
2019-09-24 16:17:43,643 INFO  impl.FollowerInfo (FollowerInfo.java:lambda$new$0(51)) - s1@group-926153DB23B0->s2: nextIndex: updateUnconditionally 0 -> 0
2019-09-24 16:17:43,671 DEBUG client.GrpcClientProtocolService (GrpcClientProtocolService.java:close(374)) - 16-OrderedRequestStreamObserver16: close
2019-09-24 16:17:43,688 WARN  server.GrpcLogAppender (GrpcLogAppender.java:timeoutAppendRequest(200)) - s2@group-5C26748AB2B1->s1-GrpcLogAppender: appendEntries Timeout, request=s2->s1#4211-t3, previous=(t:3, i:3431), leaderCommit=3329, initializing? false, entries: <empty>
2019-09-24 16:17:43,688 WARN  server.GrpcLogAppender (GrpcLogAppender.java:timeoutAppendRequest(200)) - s2@group-5C26748AB2B1->s0-GrpcLogAppender: appendEntries Timeout, request=s2->s0#4049-t3, previous=(t:3, i:3431), leaderCommit=3329, initializing? false, entries: <empty>
2019-09-24 16:17:43,697 WARN  server.GrpcLogAppender (GrpcLogAppender.java:timeoutAppendRequest(200)) - s1@group-926153DB23B0->s0-GrpcLogAppender: appendEntries Timeout, request=s1->s0#2-t3, previous=(t:3, i:66), leaderCommit=40, initializing? false, entries: <empty>
2019-09-24 16:17:43,718 WARN  server.GrpcLogAppender (LogUtils.java:warn(134)) - s1@group-926153DB23B0->s2-AppendLogResponseHandler: Failed appendEntries: org.apache.ratis.thirdparty.io.grpc.StatusRuntimeException: UNAVAILABLE: io exception
2019-09-24 16:17:43,718 INFO  impl.FollowerInfo (FollowerInfo.java:lambda$new$0(51)) - s1@group-926153DB23B0->s2: nextIndex: updateUnconditionally 0 -> 0
2019-09-24 16:17:43,764 WARN  server.GrpcLogAppender (GrpcLogAppender.java:timeoutAppendRequest(200)) - s2@group-5C26748AB2B1->s1-GrpcLogAppender: appendEntries Timeout, request=s2->s1#4212-t3, previous=(t:3, i:3431), leaderCommit=3329, initializing? false, entries: <empty>
2019-09-24 16:17:43,764 WARN  server.GrpcLogAppender (GrpcLogAppender.java:timeoutAppendRequest(200)) - s2@group-5C26748AB2B1->s0-GrpcLogAppender: appendEntries Timeout, request=s2->s0#4050-t3, previous=(t:3, i:3431), leaderCommit=3329, initializing? false, entries: <empty>
2019-09-24 16:17:43,772 WARN  server.GrpcLogAppender (GrpcLogAppender.java:timeoutAppendRequest(200)) - s1@group-926153DB23B0->s0-GrpcLogAppender: appendEntries Timeout, request=s1->s0#3-t3, previous=(t:3, i:66), leaderCommit=40, initializing? false, entries: <empty>
2019-09-24 16:17:43,774 DEBUG client.GrpcClientProtocolService (GrpcClientProtocolService.java:<init>(175)) - new 17-OrderedRequestStreamObserver17
2019-09-24 16:17:43,774 DEBUG client.GrpcClientProtocolService (GrpcClientProtocolService.java:sendReply(353)) - 17-OrderedRequestStreamObserver17: sendReply seq=39, RaftClientReply:client-FBE51ED1F687->s1@group-926153DB23B0, cid=2455, FAILED org.apache.ratis.protocol.LeaderNotReadyException: s1@group-926153DB23B0 is in LEADER state but not ready yet., logIndex=0, commits[s1:c40, s0:c40, s2:c40]
2019-09-24 16:17:43,794 WARN  server.GrpcLogAppender (LogUtils.java:warn(134)) - s1@group-926153DB23B0->s2-AppendLogResponseHandler: Failed appendEntries: org.apache.ratis.thirdparty.io.grpc.StatusRuntimeException: UNAVAILABLE: io exception
2019-09-24 16:17:43,794 INFO  impl.FollowerInfo (FollowerInfo.java:lambda$new$0(51)) - s1@group-926153DB23B0->s2: nextIndex: updateUnconditionally 0 -> 0
2019-09-24 16:17:43,839 WARN  server.GrpcLogAppender (GrpcLogAppender.java:timeoutAppendRequest(200)) - s2@group-5C26748AB2B1->s0-GrpcLogAppender: appendEntries Timeout, request=s2->s0#4051-t3, previous=(t:3, i:3431), leaderCommit=3329, initializing? false, entries: <empty>
2019-09-24 16:17:43,839 WARN  server.GrpcLogAppender (GrpcLogAppender.java:timeoutAppendRequest(200)) - s2@group-5C26748AB2B1->s1-GrpcLogAppender: appendEntries Timeout, request=s2->s1#4213-t3, previous=(t:3, i:3431), leaderCommit=3329, initializing? false, entries: <empty>
2019-09-24 16:17:43,847 WARN  server.GrpcLogAppender (GrpcLogAppender.java:timeoutAppendRequest(200)) - s1@group-926153DB23B0->s0-GrpcLogAppender: appendEntries Timeout, request=s1->s0#4-t3, previous=(t:3, i:66), leaderCommit=40, initializing? false, entries: <empty>
2019-09-24 16:17:43,870 WARN  server.GrpcLogAppender (LogUtils.java:warn(134)) - s1@group-926153DB23B0->s2-AppendLogResponseHandler: Failed appendEntries: org.apache.ratis.thirdparty.io.grpc.StatusRuntimeException: UNAVAILABLE: io exception
2019-09-24 16:17:43,871 INFO  impl.FollowerInfo (FollowerInfo.java:lambda$new$0(51)) - s1@group-926153DB23B0->s2: nextIndex: updateUnconditionally 0 -> 0
2019-09-24 16:17:43,876 DEBUG client.GrpcClientProtocolService (GrpcClientProtocolService.java:close(374)) - 17-OrderedRequestStreamObserver17: close
2019-09-24 16:17:43,914 WARN  server.GrpcLogAppender (GrpcLogAppender.java:timeoutAppendRequest(200)) - s2@group-5C26748AB2B1->s0-GrpcLogAppender: appendEntries Timeout, request=s2->s0#4052-t3, previous=(t:3, i:3431), leaderCommit=3329, initializing? false, entries: <empty>
2019-09-24 16:17:43,914 WARN  server.GrpcLogAppender (GrpcLogAppender.java:timeoutAppendRequest(200)) - s2@group-5C26748AB2B1->s1-GrpcLogAppender: appendEntries Timeout, request=s2->s1#4214-t3, previous=(t:3, i:3431), leaderCommit=3329, initializing? false, entries: <empty>
2019-09-24 16:17:43,923 WARN  server.GrpcLogAppender (GrpcLogAppender.java:timeoutAppendRequest(200)) - s1@group-926153DB23B0->s0-GrpcLogAppender: appendEntries Timeout, request=s1->s0#5-t3, previous=(t:3, i:66), leaderCommit=40, initializing? false, entries: <empty>
2019-09-24 16:17:43,949 WARN  server.GrpcLogAppender (LogUtils.java:warn(134)) - s1@group-926153DB23B0->s2-AppendLogResponseHandler: Failed appendEntries: org.apache.ratis.thirdparty.io.grpc.StatusRuntimeException: UNAVAILABLE: io exception
2019-09-24 16:17:43,950 INFO  impl.FollowerInfo (FollowerInfo.java:lambda$new$0(51)) - s1@group-926153DB23B0->s2: nextIndex: updateUnconditionally 0 -> 0
2019-09-24 16:17:43,981 DEBUG client.GrpcClientProtocolService (GrpcClientProtocolService.java:<init>(175)) - new 18-OrderedRequestStreamObserver18
2019-09-24 16:17:43,982 DEBUG client.GrpcClientProtocolService (GrpcClientProtocolService.java:sendReply(353)) - 18-OrderedRequestStreamObserver18: sendReply seq=39, RaftClientReply:client-FBE51ED1F687->s1@group-926153DB23B0, cid=2455, FAILED org.apache.ratis.protocol.LeaderNotReadyException: s1@group-926153DB23B0 is in LEADER state but not ready yet., logIndex=0, commits[s1:c40, s0:c40, s2:c40]
2019-09-24 16:17:43,989 WARN  server.GrpcLogAppender (GrpcLogAppender.java:timeoutAppendRequest(200)) - s2@group-5C26748AB2B1->s1-GrpcLogAppender: appendEntries Timeout, request=s2->s1#4215-t3, previous=(t:3, i:3431), leaderCommit=3329, initializing? false, entries: <empty>
2019-09-24 16:17:43,989 WARN  server.GrpcLogAppender (GrpcLogAppender.java:timeoutAppendRequest(200)) - s2@group-5C26748AB2B1->s0-GrpcLogAppender: appendEntries Timeout, request=s2->s0#4053-t3, previous=(t:3, i:3431), leaderCommit=3329, initializing? false, entries: <empty>
2019-09-24 16:17:43,998 WARN  server.GrpcLogAppender (GrpcLogAppender.java:timeoutAppendRequest(200)) - s1@group-926153DB23B0->s0-GrpcLogAppender: appendEntries Timeout, request=s1->s0#6-t3, previous=(t:3, i:66), leaderCommit=40, initializing? false, entries: <empty>
2019-09-24 16:17:44,021 WARN  server.GrpcLogAppender (LogUtils.java:warn(134)) - s1@group-926153DB23B0->s2-AppendLogResponseHandler: Failed appendEntries: org.apache.ratis.thirdparty.io.grpc.StatusRuntimeException: UNAVAILABLE: io exception
2019-09-24 16:17:44,022 INFO  impl.FollowerInfo (FollowerInfo.java:lambda$new$0(51)) - s1@group-926153DB23B0->s2: nextIndex: updateUnconditionally 0 -> 0
2019-09-24 16:17:44,064 WARN  server.GrpcLogAppender (GrpcLogAppender.java:timeoutAppendRequest(200)) - s2@group-5C26748AB2B1->s1-GrpcLogAppender: appendEntries Timeout, request=s2->s1#4216-t3, previous=(t:3, i:3431), leaderCommit=3329, initializing? false, entries: <empty>
2019-09-24 16:17:44,064 WARN  server.GrpcLogAppender (GrpcLogAppender.java:timeoutAppendRequest(200)) - s2@group-5C26748AB2B1->s0-GrpcLogAppender: appendEntries Timeout, request=s2->s0#4054-t3, previous=(t:3, i:3431), leaderCommit=3329, initializing? false, entries: <empty>
2019-09-24 16:17:44,073 WARN  server.GrpcLogAppender (GrpcLogAppender.java:timeoutAppendRequest(200)) - s1@group-926153DB23B0->s0-GrpcLogAppender: appendEntries Timeout, request=s1->s0#7-t3, previous=(t:3, i:66), leaderCommit=40, initializing? false, entries: <empty>
2019-09-24 16:17:44,085 DEBUG client.GrpcClientProtocolService (GrpcClientProtocolService.java:close(374)) - 18-OrderedRequestStreamObserver18: close
2019-09-24 16:17:44,097 WARN  server.GrpcLogAppender (LogUtils.java:warn(134)) - s1@group-926153DB23B0->s2-AppendLogResponseHandler: Failed appendEntries: org.apache.ratis.thirdparty.io.grpc.StatusRuntimeException: UNAVAILABLE: io exception
2019-09-24 16:17:44,097 INFO  impl.FollowerInfo (FollowerInfo.java:lambda$new$0(51)) - s1@group-926153DB23B0->s2: nextIndex: updateUnconditionally 0 -> 0
2019-09-24 16:17:44,140 WARN  server.GrpcLogAppender (GrpcLogAppender.java:timeoutAppendRequest(200)) - s2@group-5C26748AB2B1->s1-GrpcLogAppender: appendEntries Timeout, request=s2->s1#4217-t3, previous=(t:3, i:3431), leaderCommit=3329, initializing? false, entries: <empty>
2019-09-24 16:17:44,140 WARN  server.GrpcLogAppender (GrpcLogAppender.java:timeoutAppendRequest(200)) - s2@group-5C26748AB2B1->s0-GrpcLogAppender: appendEntries Timeout, request=s2->s0#4055-t3, previous=(t:3, i:3431), leaderCommit=3329, initializing? false, entries: <empty>
2019-09-24 16:17:44,148 WARN  server.GrpcLogAppender (GrpcLogAppender.java:timeoutAppendRequest(200)) - s1@group-926153DB23B0->s0-GrpcLogAppender: appendEntries Timeout, request=s1->s0#8-t3, previous=(t:3, i:66), leaderCommit=40, initializing? false, entries: <empty>
2019-09-24 16:17:44,172 WARN  server.GrpcLogAppender (LogUtils.java:warn(134)) - s1@group-926153DB23B0->s2-AppendLogResponseHandler: Failed appendEntries: org.apache.ratis.thirdparty.io.grpc.StatusRuntimeException: UNAVAILABLE: io exception
2019-09-24 16:17:44,173 INFO  impl.FollowerInfo (FollowerInfo.java:lambda$new$0(51)) - s1@group-926153DB23B0->s2: nextIndex: updateUnconditionally 0 -> 0
2019-09-24 16:17:44,187 DEBUG client.GrpcClientProtocolService (GrpcClientProtocolService.java:<init>(175)) - new 19-OrderedRequestStreamObserver19
2019-09-24 16:17:44,188 DEBUG client.GrpcClientProtocolService (GrpcClientProtocolService.java:sendReply(353)) - 19-OrderedRequestStreamObserver19: sendReply seq=39, RaftClientReply:client-FBE51ED1F687->s1@group-926153DB23B0, cid=2455, FAILED org.apache.ratis.protocol.LeaderNotReadyException: s1@group-926153DB23B0 is in LEADER state but not ready yet., logIndex=0, commits[s1:c40, s0:c40, s2:c40]
2019-09-24 16:17:44,215 WARN  server.GrpcLogAppender (GrpcLogAppender.java:timeoutAppendRequest(200)) - s2@group-5C26748AB2B1->s1-GrpcLogAppender: appendEntries Timeout, request=s2->s1#4218-t3, previous=(t:3, i:3431), leaderCommit=3329, initializing? false, entries: <empty>
2019-09-24 16:17:44,215 WARN  server.GrpcLogAppender (GrpcLogAppender.java:timeoutAppendRequest(200)) - s2@group-5C26748AB2B1->s0-GrpcLogAppender: appendEntries Timeout, request=s2->s0#4056-t3, previous=(t:3, i:3431), leaderCommit=3329, initializing? false, entries: <empty>
2019-09-24 16:17:44,223 WARN  server.GrpcLogAppender (GrpcLogAppender.java:timeoutAppendRequest(200)) - s1@group-926153DB23B0->s0-GrpcLogAppender: appendEntries Timeout, request=s1->s0#9-t3, previous=(t:3, i:66), leaderCommit=40, initializing? false, entries: <empty>
2019-09-24 16:17:44,248 WARN  server.GrpcLogAppender (LogUtils.java:warn(134)) - s1@group-926153DB23B0->s2-AppendLogResponseHandler: Failed appendEntries: org.apache.ratis.thirdparty.io.grpc.StatusRuntimeException: UNAVAILABLE: io exception
2019-09-24 16:17:44,248 INFO  impl.FollowerInfo (FollowerInfo.java:lambda$new$0(51)) - s1@group-926153DB23B0->s2: nextIndex: updateUnconditionally 0 -> 0
2019-09-24 16:17:44,290 DEBUG client.GrpcClientProtocolService (GrpcClientProtocolService.java:close(374)) - 19-OrderedRequestStreamObserver19: close
2019-09-24 16:17:44,290 WARN  server.GrpcLogAppender (GrpcLogAppender.java:timeoutAppendRequest(200)) - s2@group-5C26748AB2B1->s0-GrpcLogAppender: appendEntries Timeout, request=s2->s0#4057-t3, previous=(t:3, i:3431), leaderCommit=3329, initializing? false, entries: <empty>
2019-09-24 16:17:44,290 WARN  server.GrpcLogAppender (GrpcLogAppender.java:timeoutAppendRequest(200)) - s2@group-5C26748AB2B1->s1-GrpcLogAppender: appendEntries Timeout, request=s2->s1#4219-t3, previous=(t:3, i:3431), leaderCommit=3329, initializing? false, entries: <empty>
2019-09-24 16:17:44,298 WARN  server.GrpcLogAppender (GrpcLogAppender.java:timeoutAppendRequest(200)) - s1@group-926153DB23B0->s0-GrpcLogAppender: appendEntries Timeout, request=s1->s0#10-t3, previous=(t:3, i:66), leaderCommit=40, initializing? false, entries: <empty>
2019-09-24 16:17:44,323 WARN  server.GrpcLogAppender (LogUtils.java:warn(134)) - s1@group-926153DB23B0->s2-AppendLogResponseHandler: Failed appendEntries: org.apache.ratis.thirdparty.io.grpc.StatusRuntimeException: UNAVAILABLE: io exception
2019-09-24 16:17:44,323 INFO  impl.FollowerInfo (FollowerInfo.java:lambda$new$0(51)) - s1@group-926153DB23B0->s2: nextIndex: updateUnconditionally 0 -> 0
2019-09-24 16:17:44,365 WARN  server.GrpcLogAppender (GrpcLogAppender.java:timeoutAppendRequest(200)) - s2@group-5C26748AB2B1->s1-GrpcLogAppender: appendEntries Timeout, request=s2->s1#4220-t3, previous=(t:3, i:3431), leaderCommit=3329, initializing? false, entries: <empty>
2019-09-24 16:17:44,365 WARN  server.GrpcLogAppender (GrpcLogAppender.java:timeoutAppendRequest(200)) - s2@group-5C26748AB2B1->s0-GrpcLogAppender: appendEntries Timeout, request=s2->s0#4058-t3, previous=(t:3, i:3431), leaderCommit=3329, initializing? false, entries: <empty>
2019-09-24 16:17:44,373 WARN  server.GrpcLogAppender (GrpcLogAppender.java:timeoutAppendRequest(200)) - s1@group-926153DB23B0->s0-GrpcLogAppender: appendEntries Timeout, request=s1->s0#11-t3, previous=(t:3, i:66), leaderCommit=40, initializing? false, entries: <empty>
2019-09-24 16:17:44,393 DEBUG client.GrpcClientProtocolService (GrpcClientProtocolService.java:<init>(175)) - new 20-OrderedRequestStreamObserver20
2019-09-24 16:17:44,393 DEBUG client.GrpcClientProtocolService (GrpcClientProtocolService.java:sendReply(353)) - 20-OrderedRequestStreamObserver20: sendReply seq=39, RaftClientReply:client-FBE51ED1F687->s1@group-926153DB23B0, cid=2455, FAILED org.apache.ratis.protocol.LeaderNotReadyException: s1@group-926153DB23B0 is in LEADER state but not ready yet., logIndex=0, commits[s1:c40, s0:c40, s2:c40]
2019-09-24 16:17:44,398 WARN  server.GrpcLogAppender (LogUtils.java:warn(134)) - s1@group-926153DB23B0->s2-AppendLogResponseHandler: Failed appendEntries: org.apache.ratis.thirdparty.io.grpc.StatusRuntimeException: UNAVAILABLE: io exception
2019-09-24 16:17:44,398 INFO  impl.FollowerInfo (FollowerInfo.java:lambda$new$0(51)) - s1@group-926153DB23B0->s2: nextIndex: updateUnconditionally 0 -> 0
2019-09-24 16:17:44,440 WARN  server.GrpcLogAppender (GrpcLogAppender.java:timeoutAppendRequest(200)) - s2@group-5C26748AB2B1->s1-GrpcLogAppender: appendEntries Timeout, request=s2->s1#4221-t3, previous=(t:3, i:3431), leaderCommit=3329, initializing? false, entries: <empty>
2019-09-24 16:17:44,440 WARN  server.GrpcLogAppender (GrpcLogAppender.java:timeoutAppendRequest(200)) - s2@group-5C26748AB2B1->s0-GrpcLogAppender: appendEntries Timeout, request=s2->s0#4059-t3, previous=(t:3, i:3431), leaderCommit=3329, initializing? false, entries: <empty>
2019-09-24 16:17:44,449 WARN  server.GrpcLogAppender (GrpcLogAppender.java:timeoutAppendRequest(200)) - s1@group-926153DB23B0->s0-GrpcLogAppender: appendEntries Timeout, request=s1->s0#12-t3, previous=(t:3, i:66), leaderCommit=40, initializing? false, entries: <empty>
2019-09-24 16:17:44,474 WARN  server.GrpcLogAppender (LogUtils.java:warn(134)) - s1@group-926153DB23B0->s2-AppendLogResponseHandler: Failed appendEntries: org.apache.ratis.thirdparty.io.grpc.StatusRuntimeException: UNAVAILABLE: io exception
2019-09-24 16:17:44,474 INFO  impl.FollowerInfo (FollowerInfo.java:lambda$new$0(51)) - s1@group-926153DB23B0->s2: nextIndex: updateUnconditionally 0 -> 0
2019-09-24 16:17:44,495 DEBUG client.GrpcClientProtocolService (GrpcClientProtocolService.java:close(374)) - 20-OrderedRequestStreamObserver20: close
2019-09-24 16:17:44,515 WARN  server.GrpcLogAppender (GrpcLogAppender.java:timeoutAppendRequest(200)) - s2@group-5C26748AB2B1->s1-GrpcLogAppender: appendEntries Timeout, request=s2->s1#4222-t3, previous=(t:3, i:3431), leaderCommit=3329, initializing? false, entries: <empty>
2019-09-24 16:17:44,515 WARN  server.GrpcLogAppender (GrpcLogAppender.java:timeoutAppendRequest(200)) - s2@group-5C26748AB2B1->s0-GrpcLogAppender: appendEntries Timeout, request=s2->s0#4060-t3, previous=(t:3, i:3431), leaderCommit=3329, initializing? false, entries: <empty>
2019-09-24 16:17:44,524 WARN  server.GrpcLogAppender (GrpcLogAppender.java:timeoutAppendRequest(200)) - s1@group-926153DB23B0->s0-GrpcLogAppender: appendEntries Timeout, request=s1->s0#13-t3, previous=(t:3, i:66), leaderCommit=40, initializing? false, entries: <empty>
2019-09-24 16:17:44,549 WARN  server.GrpcLogAppender (LogUtils.java:warn(134)) - s1@group-926153DB23B0->s2-AppendLogResponseHandler: Failed appendEntries: org.apache.ratis.thirdparty.io.grpc.StatusRuntimeException: UNAVAILABLE: io exception
2019-09-24 16:17:44,549 INFO  impl.FollowerInfo (FollowerInfo.java:lambda$new$0(51)) - s1@group-926153DB23B0->s2: nextIndex: updateUnconditionally 0 -> 0
2019-09-24 16:17:44,591 WARN  server.GrpcLogAppender (GrpcLogAppender.java:timeoutAppendRequest(200)) - s2@group-5C26748AB2B1->s1-GrpcLogAppender: appendEntries Timeout, request=s2->s1#4223-t3, previous=(t:3, i:3431), leaderCommit=3329, initializing? false, entries: <empty>
2019-09-24 16:17:44,591 WARN  server.GrpcLogAppender (GrpcLogAppender.java:timeoutAppendRequest(200)) - s2@group-5C26748AB2B1->s0-GrpcLogAppender: appendEntries Timeout, request=s2->s0#4061-t3, previous=(t:3, i:3431), leaderCommit=3329, initializing? false, entries: <empty>
2019-09-24 16:17:44,598 DEBUG client.GrpcClientProtocolService (GrpcClientProtocolService.java:<init>(175)) - new 21-OrderedRequestStreamObserver21
2019-09-24 16:17:44,599 DEBUG client.GrpcClientProtocolService (GrpcClientProtocolService.java:sendReply(353)) - 21-OrderedRequestStreamObserver21: sendReply seq=39, RaftClientReply:client-FBE51ED1F687->s1@group-926153DB23B0, cid=2455, FAILED org.apache.ratis.protocol.LeaderNotReadyException: s1@group-926153DB23B0 is in LEADER state but not ready yet., logIndex=0, commits[s1:c40, s0:c40, s2:c40]
2019-09-24 16:17:44,599 WARN  server.GrpcLogAppender (GrpcLogAppender.java:timeoutAppendRequest(200)) - s1@group-926153DB23B0->s0-GrpcLogAppender: appendEntries Timeout, request=s1->s0#14-t3, previous=(t:3, i:66), leaderCommit=40, initializing? false, entries: <empty>
2019-09-24 16:17:44,625 WARN  server.GrpcLogAppender (LogUtils.java:warn(134)) - s1@group-926153DB23B0->s2-AppendLogResponseHandler: Failed appendEntries: org.apache.ratis.thirdparty.io.grpc.StatusRuntimeException: UNAVAILABLE: io exception
2019-09-24 16:17:44,625 INFO  impl.FollowerInfo (FollowerInfo.java:lambda$new$0(51)) - s1@group-926153DB23B0->s2: nextIndex: updateUnconditionally 0 -> 0
2019-09-24 16:17:44,666 WARN  server.GrpcLogAppender (GrpcLogAppender.java:timeoutAppendRequest(200)) - s2@group-5C26748AB2B1->s1-GrpcLogAppender: appendEntries Timeout, request=s2->s1#4224-t3, previous=(t:3, i:3431), leaderCommit=3329, initializing? false, entries: <empty>
2019-09-24 16:17:44,666 WARN  server.GrpcLogAppender (GrpcLogAppender.java:timeoutAppendRequest(200)) - s2@group-5C26748AB2B1->s0-GrpcLogAppender: appendEntries Timeout, request=s2->s0#4062-t3, previous=(t:3, i:3431), leaderCommit=3329, initializing? false, entries: <empty>
2019-09-24 16:17:44,674 WARN  server.GrpcLogAppender (GrpcLogAppender.java:timeoutAppendRequest(200)) - s1@group-926153DB23B0->s0-GrpcLogAppender: appendEntries Timeout, request=s1->s0#15-t3, previous=(t:3, i:66), leaderCommit=40, initializing? false, entries: <empty>
2019-09-24 16:17:44,700 DEBUG client.GrpcClientProtocolService (GrpcClientProtocolService.java:close(374)) - 21-OrderedRequestStreamObserver21: close
2019-09-24 16:17:44,700 WARN  server.GrpcLogAppender (LogUtils.java:warn(134)) - s1@group-926153DB23B0->s2-AppendLogResponseHandler: Failed appendEntries: org.apache.ratis.thirdparty.io.grpc.StatusRuntimeException: UNAVAILABLE: io exception
2019-09-24 16:17:44,701 INFO  impl.FollowerInfo (FollowerInfo.java:lambda$new$0(51)) - s1@group-926153DB23B0->s2: nextIndex: updateUnconditionally 0 -> 0
2019-09-24 16:17:44,741 WARN  server.GrpcLogAppender (GrpcLogAppender.java:timeoutAppendRequest(200)) - s2@group-5C26748AB2B1->s1-GrpcLogAppender: appendEntries Timeout, request=s2->s1#4225-t3, previous=(t:3, i:3431), leaderCommit=3329, initializing? false, entries: <empty>
2019-09-24 16:17:44,741 WARN  server.GrpcLogAppender (GrpcLogAppender.java:timeoutAppendRequest(200)) - s2@group-5C26748AB2B1->s0-GrpcLogAppender: appendEntries Timeout, request=s2->s0#4063-t3, previous=(t:3, i:3431), leaderCommit=3329, initializing? false, entries: <empty>
2019-09-24 16:17:44,749 WARN  server.GrpcLogAppender (GrpcLogAppender.java:timeoutAppendRequest(200)) - s1@group-926153DB23B0->s0-GrpcLogAppender: appendEntries Timeout, request=s1->s0#16-t3, previous=(t:3, i:66), leaderCommit=40, initializing? false, entries: <empty>
2019-09-24 16:17:44,775 WARN  server.GrpcLogAppender (LogUtils.java:warn(134)) - s1@group-926153DB23B0->s2-AppendLogResponseHandler: Failed appendEntries: org.apache.ratis.thirdparty.io.grpc.StatusRuntimeException: UNAVAILABLE: io exception
2019-09-24 16:17:44,776 INFO  impl.FollowerInfo (FollowerInfo.java:lambda$new$0(51)) - s1@group-926153DB23B0->s2: nextIndex: updateUnconditionally 0 -> 0
2019-09-24 16:17:44,803 DEBUG client.GrpcClientProtocolService (GrpcClientProtocolService.java:<init>(175)) - new 22-OrderedRequestStreamObserver22
2019-09-24 16:17:44,803 DEBUG client.GrpcClientProtocolService (GrpcClientProtocolService.java:sendReply(353)) - 22-OrderedRequestStreamObserver22: sendReply seq=39, RaftClientReply:client-FBE51ED1F687->s1@group-926153DB23B0, cid=2455, FAILED org.apache.ratis.protocol.LeaderNotReadyException: s1@group-926153DB23B0 is in LEADER state but not ready yet., logIndex=0, commits[s1:c40, s0:c40, s2:c40]
2019-09-24 16:17:44,816 WARN  server.GrpcLogAppender (GrpcLogAppender.java:timeoutAppendRequest(200)) - s2@group-5C26748AB2B1->s1-GrpcLogAppender: appendEntries Timeout, request=s2->s1#4226-t3, previous=(t:3, i:3431), leaderCommit=3329, initializing? false, entries: <empty>
2019-09-24 16:17:44,816 WARN  server.GrpcLogAppender (GrpcLogAppender.java:timeoutAppendRequest(200)) - s2@group-5C26748AB2B1->s0-GrpcLogAppender: appendEntries Timeout, request=s2->s0#4064-t3, previous=(t:3, i:3431), leaderCommit=3329, initializing? false, entries: <empty>
2019-09-24 16:17:44,824 WARN  server.GrpcLogAppender (GrpcLogAppender.java:timeoutAppendRequest(200)) - s1@group-926153DB23B0->s0-GrpcLogAppender: appendEntries Timeout, request=s1->s0#17-t3, previous=(t:3, i:66), leaderCommit=40, initializing? false, entries: <empty>
2019-09-24 16:17:44,851 WARN  server.GrpcLogAppender (LogUtils.java:warn(134)) - s1@group-926153DB23B0->s2-AppendLogResponseHandler: Failed appendEntries: org.apache.ratis.thirdparty.io.grpc.StatusRuntimeException: UNAVAILABLE: io exception
2019-09-24 16:17:44,852 INFO  impl.FollowerInfo (FollowerInfo.java:lambda$new$0(51)) - s1@group-926153DB23B0->s2: nextIndex: updateUnconditionally 0 -> 0
2019-09-24 16:17:44,891 WARN  server.GrpcLogAppender (GrpcLogAppender.java:timeoutAppendRequest(200)) - s2@group-5C26748AB2B1->s1-GrpcLogAppender: appendEntries Timeout, request=s2->s1#4227-t3, previous=(t:3, i:3431), leaderCommit=3329, initializing? false, entries: <empty>
2019-09-24 16:17:44,892 WARN  server.GrpcLogAppender (GrpcLogAppender.java:timeoutAppendRequest(200)) - s2@group-5C26748AB2B1->s0-GrpcLogAppender: appendEntries Timeout, request=s2->s0#4065-t3, previous=(t:3, i:3431), leaderCommit=3329, initializing? false, entries: <empty>
2019-09-24 16:17:44,900 WARN  server.GrpcLogAppender (GrpcLogAppender.java:timeoutAppendRequest(200)) - s1@group-926153DB23B0->s0-GrpcLogAppender: appendEntries Timeout, request=s1->s0#18-t3, previous=(t:3, i:66), leaderCommit=40, initializing? false, entries: <empty>
2019-09-24 16:17:44,905 DEBUG client.GrpcClientProtocolService (GrpcClientProtocolService.java:close(374)) - 22-OrderedRequestStreamObserver22: close
2019-09-24 16:17:44,926 WARN  server.GrpcLogAppender (LogUtils.java:warn(134)) - s1@group-926153DB23B0->s2-AppendLogResponseHandler: Failed appendEntries: org.apache.ratis.thirdparty.io.grpc.StatusRuntimeException: UNAVAILABLE: io exception
2019-09-24 16:17:44,927 INFO  impl.FollowerInfo (FollowerInfo.java:lambda$new$0(51)) - s1@group-926153DB23B0->s2: nextIndex: updateUnconditionally 0 -> 0
2019-09-24 16:17:44,967 WARN  server.GrpcLogAppender (GrpcLogAppender.java:timeoutAppendRequest(200)) - s2@group-5C26748AB2B1->s1-GrpcLogAppender: appendEntries Timeout, request=s2->s1#4228-t3, previous=(t:3, i:3431), leaderCommit=3329, initializing? false, entries: <empty>
2019-09-24 16:17:44,967 WARN  server.GrpcLogAppender (GrpcLogAppender.java:timeoutAppendRequest(200)) - s2@group-5C26748AB2B1->s0-GrpcLogAppender: appendEntries Timeout, request=s2->s0#4066-t3, previous=(t:3, i:3431), leaderCommit=3329, initializing? false, entries: <empty>
2019-09-24 16:17:44,975 WARN  server.GrpcLogAppender (GrpcLogAppender.java:timeoutAppendRequest(200)) - s1@group-926153DB23B0->s0-GrpcLogAppender: appendEntries Timeout, request=s1->s0#19-t3, previous=(t:3, i:66), leaderCommit=40, initializing? false, entries: <empty>
2019-09-24 16:17:45,002 WARN  server.GrpcLogAppender (LogUtils.java:warn(134)) - s1@group-926153DB23B0->s2-AppendLogResponseHandler: Failed appendEntries: org.apache.ratis.thirdparty.io.grpc.StatusRuntimeException: UNAVAILABLE: io exception
2019-09-24 16:17:45,002 INFO  impl.FollowerInfo (FollowerInfo.java:lambda$new$0(51)) - s1@group-926153DB23B0->s2: nextIndex: updateUnconditionally 0 -> 0
2019-09-24 16:17:45,008 DEBUG client.GrpcClientProtocolService (GrpcClientProtocolService.java:<init>(175)) - new 23-OrderedRequestStreamObserver23
2019-09-24 16:17:45,009 DEBUG client.GrpcClientProtocolService (GrpcClientProtocolService.java:sendReply(353)) - 23-OrderedRequestStreamObserver23: sendReply seq=39, RaftClientReply:client-FBE51ED1F687->s1@group-926153DB23B0, cid=2455, FAILED org.apache.ratis.protocol.LeaderNotReadyException: s1@group-926153DB23B0 is in LEADER state but not ready yet., logIndex=0, commits[s1:c40, s0:c40, s2:c40]
2019-09-24 16:17:45,042 WARN  server.GrpcLogAppender (GrpcLogAppender.java:timeoutAppendRequest(200)) - s2@group-5C26748AB2B1->s1-GrpcLogAppender: appendEntries Timeout, request=s2->s1#4229-t3, previous=(t:3, i:3431), leaderCommit=3329, initializing? false, entries: <empty>
2019-09-24 16:17:45,042 WARN  server.GrpcLogAppender (GrpcLogAppender.java:timeoutAppendRequest(200)) - s2@group-5C26748AB2B1->s0-GrpcLogAppender: appendEntries Timeout, request=s2->s0#4067-t3, previous=(t:3, i:3431), leaderCommit=3329, initializing? false, entries: <empty>
2019-09-24 16:17:45,050 WARN  server.GrpcLogAppender (GrpcLogAppender.java:timeoutAppendRequest(200)) - s1@group-926153DB23B0->s0-GrpcLogAppender: appendEntries Timeout, request=s1->s0#20-t3, previous=(t:3, i:66), leaderCommit=40, initializing? false, entries: <empty>
2019-09-24 16:17:45,077 WARN  server.GrpcLogAppender (LogUtils.java:warn(134)) - s1@group-926153DB23B0->s2-AppendLogResponseHandler: Failed appendEntries: org.apache.ratis.thirdparty.io.grpc.StatusRuntimeException: UNAVAILABLE: io exception
2019-09-24 16:17:45,077 INFO  impl.FollowerInfo (FollowerInfo.java:lambda$new$0(51)) - s1@group-926153DB23B0->s2: nextIndex: updateUnconditionally 0 -> 0
2019-09-24 16:17:45,110 DEBUG client.GrpcClientProtocolService (GrpcClientProtocolService.java:close(374)) - 23-OrderedRequestStreamObserver23: close
2019-09-24 16:17:45,117 WARN  server.GrpcLogAppender (GrpcLogAppender.java:timeoutAppendRequest(200)) - s2@group-5C26748AB2B1->s0-GrpcLogAppender: appendEntries Timeout, request=s2->s0#4068-t3, previous=(t:3, i:3431), leaderCommit=3329, initializing? false, entries: <empty>
2019-09-24 16:17:45,125 WARN  server.GrpcLogAppender (GrpcLogAppender.java:timeoutAppendRequest(200)) - s1@group-926153DB23B0->s0-GrpcLogAppender: appendEntries Timeout, request=s1->s0#21-t3, previous=(t:3, i:66), leaderCommit=40, initializing? false, entries: <empty>
2019-09-24 16:17:45,152 WARN  server.GrpcLogAppender (LogUtils.java:warn(134)) - s1@group-926153DB23B0->s2-AppendLogResponseHandler: Failed appendEntries: org.apache.ratis.thirdparty.io.grpc.StatusRuntimeException: UNAVAILABLE: io exception
2019-09-24 16:17:45,153 INFO  impl.FollowerInfo (FollowerInfo.java:lambda$new$0(51)) - s1@group-926153DB23B0->s2: nextIndex: updateUnconditionally 0 -> 0
2019-09-24 16:17:45,192 WARN  server.GrpcLogAppender (GrpcLogAppender.java:timeoutAppendRequest(200)) - s2@group-5C26748AB2B1->s0-GrpcLogAppender: appendEntries Timeout, request=s2->s0#4069-t3, previous=(t:3, i:3431), leaderCommit=3329, initializing? false, entries: <empty>
2019-09-24 16:17:45,200 WARN  server.GrpcLogAppender (GrpcLogAppender.java:timeoutAppendRequest(200)) - s1@group-926153DB23B0->s0-GrpcLogAppender: appendEntries Timeout, request=s1->s0#22-t3, previous=(t:3, i:66), leaderCommit=40, initializing? false, entries: <empty>
2019-09-24 16:17:45,213 DEBUG client.GrpcClientProtocolService (GrpcClientProtocolService.java:<init>(175)) - new 24-OrderedRequestStreamObserver24
2019-09-24 16:17:45,214 DEBUG client.GrpcClientProtocolService (GrpcClientProtocolService.java:sendReply(353)) - 24-OrderedRequestStreamObserver24: sendReply seq=39, RaftClientReply:client-FBE51ED1F687->s1@group-926153DB23B0, cid=2455, FAILED org.apache.ratis.protocol.LeaderNotReadyException: s1@group-926153DB23B0 is in LEADER state but not ready yet., logIndex=0, commits[s1:c40, s0:c40, s2:c40]
2019-09-24 16:17:45,227 WARN  server.GrpcLogAppender (LogUtils.java:warn(134)) - s1@group-926153DB23B0->s2-AppendLogResponseHandler: Failed appendEntries: org.apache.ratis.thirdparty.io.grpc.StatusRuntimeException: UNAVAILABLE: io exception
2019-09-24 16:17:45,228 INFO  impl.FollowerInfo (FollowerInfo.java:lambda$new$0(51)) - s1@group-926153DB23B0->s2: nextIndex: updateUnconditionally 0 -> 0
2019-09-24 16:17:45,267 WARN  server.GrpcLogAppender (GrpcLogAppender.java:timeoutAppendRequest(200)) - s2@group-5C26748AB2B1->s0-GrpcLogAppender: appendEntries Timeout, request=s2->s0#4070-t3, previous=(t:3, i:3431), leaderCommit=3329, initializing? false, entries: <empty>
2019-09-24 16:17:45,275 WARN  server.GrpcLogAppender (GrpcLogAppender.java:timeoutAppendRequest(200)) - s1@group-926153DB23B0->s0-GrpcLogAppender: appendEntries Timeout, request=s1->s0#23-t3, previous=(t:3, i:66), leaderCommit=40, initializing? false, entries: <empty>
2019-09-24 16:17:45,303 WARN  server.GrpcLogAppender (LogUtils.java:warn(134)) - s1@group-926153DB23B0->s2-AppendLogResponseHandler: Failed appendEntries: org.apache.ratis.thirdparty.io.grpc.StatusRuntimeException: UNAVAILABLE: io exception
2019-09-24 16:17:45,303 INFO  impl.FollowerInfo (FollowerInfo.java:lambda$new$0(51)) - s1@group-926153DB23B0->s2: nextIndex: updateUnconditionally 0 -> 0
2019-09-24 16:17:45,315 DEBUG client.GrpcClientProtocolService (GrpcClientProtocolService.java:close(374)) - 24-OrderedRequestStreamObserver24: close
2019-09-24 16:17:45,343 WARN  server.GrpcLogAppender (GrpcLogAppender.java:timeoutAppendRequest(200)) - s2@group-5C26748AB2B1->s0-GrpcLogAppender: appendEntries Timeout, request=s2->s0#4071-t3, previous=(t:3, i:3431), leaderCommit=3329, initializing? false, entries: <empty>
2019-09-24 16:17:45,351 WARN  server.GrpcLogAppender (GrpcLogAppender.java:timeoutAppendRequest(200)) - s1@group-926153DB23B0->s0-GrpcLogAppender: appendEntries Timeout, request=s1->s0#24-t3, previous=(t:3, i:66), leaderCommit=40, initializing? false, entries: <empty>
2019-09-24 16:17:45,378 WARN  server.GrpcLogAppender (LogUtils.java:warn(134)) - s1@group-926153DB23B0->s2-AppendLogResponseHandler: Failed appendEntries: org.apache.ratis.thirdparty.io.grpc.StatusRuntimeException: UNAVAILABLE: io exception
2019-09-24 16:17:45,378 INFO  impl.FollowerInfo (FollowerInfo.java:lambda$new$0(51)) - s1@group-926153DB23B0->s2: nextIndex: updateUnconditionally 0 -> 0
2019-09-24 16:17:45,418 DEBUG client.GrpcClientProtocolService (GrpcClientProtocolService.java:<init>(175)) - new 25-OrderedRequestStreamObserver25
2019-09-24 16:17:45,418 WARN  server.GrpcLogAppender (GrpcLogAppender.java:timeoutAppendRequest(200)) - s2@group-5C26748AB2B1->s0-GrpcLogAppender: appendEntries Timeout, request=s2->s0#4072-t3, previous=(t:3, i:3431), leaderCommit=3329, initializing? false, entries: <empty>
2019-09-24 16:17:45,418 DEBUG client.GrpcClientProtocolService (GrpcClientProtocolService.java:sendReply(353)) - 25-OrderedRequestStreamObserver25: sendReply seq=39, RaftClientReply:client-FBE51ED1F687->s1@group-926153DB23B0, cid=2455, FAILED org.apache.ratis.protocol.LeaderNotReadyException: s1@group-926153DB23B0 is in LEADER state but not ready yet., logIndex=0, commits[s1:c40, s0:c40, s2:c40]
2019-09-24 16:17:45,426 WARN  server.GrpcLogAppender (GrpcLogAppender.java:timeoutAppendRequest(200)) - s1@group-926153DB23B0->s0-GrpcLogAppender: appendEntries Timeout, request=s1->s0#25-t3, previous=(t:3, i:66), leaderCommit=40, initializing? false, entries: <empty>
2019-09-24 16:17:45,453 WARN  server.GrpcLogAppender (LogUtils.java:warn(134)) - s1@group-926153DB23B0->s2-AppendLogResponseHandler: Failed appendEntries: org.apache.ratis.thirdparty.io.grpc.StatusRuntimeException: UNAVAILABLE: io exception
2019-09-24 16:17:45,454 INFO  impl.FollowerInfo (FollowerInfo.java:lambda$new$0(51)) - s1@group-926153DB23B0->s2: nextIndex: updateUnconditionally 0 -> 0
2019-09-24 16:17:45,501 WARN  server.GrpcLogAppender (GrpcLogAppender.java:timeoutAppendRequest(200)) - s1@group-926153DB23B0->s0-GrpcLogAppender: appendEntries Timeout, request=s1->s0#26-t3, previous=(t:3, i:66), leaderCommit=40, initializing? false, entries: <empty>
2019-09-24 16:17:45,519 DEBUG client.GrpcClientProtocolService (GrpcClientProtocolService.java:close(374)) - 25-OrderedRequestStreamObserver25: close
2019-09-24 16:17:45,528 WARN  server.GrpcLogAppender (LogUtils.java:warn(134)) - s1@group-926153DB23B0->s2-AppendLogResponseHandler: Failed appendEntries: org.apache.ratis.thirdparty.io.grpc.StatusRuntimeException: UNAVAILABLE: io exception
2019-09-24 16:17:45,529 INFO  impl.FollowerInfo (FollowerInfo.java:lambda$new$0(51)) - s1@group-926153DB23B0->s2: nextIndex: updateUnconditionally 0 -> 0
2019-09-24 16:17:45,549 WARN  server.GrpcLogAppender (GrpcLogAppender.java:onNextImpl(251)) - s2@group-5C26748AB2B1->s0-AppendLogResponseHandler: Request not found, ignoring reply: s2<-s0#3945:OK,SUCCESS,nextIndex:3331,term:3,followerCommit:3329
2019-09-24 16:17:45,549 WARN  server.GrpcLogAppender (GrpcLogAppender.java:onNextImpl(251)) - s2@group-5C26748AB2B1->s0-AppendLogResponseHandler: Request not found, ignoring reply: s2<-s0#3946:OK,SUCCESS,nextIndex:3332,term:3,followerCommit:3329
2019-09-24 16:17:45,549 WARN  server.GrpcLogAppender (GrpcLogAppender.java:onNextImpl(251)) - s2@group-5C26748AB2B1->s0-AppendLogResponseHandler: Request not found, ignoring reply: s2<-s0#3947:OK,SUCCESS,nextIndex:3333,term:3,followerCommit:3329
2019-09-24 16:17:45,550 WARN  server.GrpcLogAppender (GrpcLogAppender.java:onNextImpl(251)) - s2@group-5C26748AB2B1->s0-AppendLogResponseHandler: Request not found, ignoring reply: s2<-s0#3948:OK,SUCCESS,nextIndex:3334,term:3,followerCommit:3329
2019-09-24 16:17:45,550 WARN  server.GrpcLogAppender (GrpcLogAppender.java:onNextImpl(251)) - s2@group-5C26748AB2B1->s0-AppendLogResponseHandler: Request not found, ignoring reply: s2<-s0#3949:OK,SUCCESS,nextIndex:3335,term:3,followerCommit:3329
2019-09-24 16:17:45,550 WARN  server.GrpcLogAppender (GrpcLogAppender.java:onNextImpl(251)) - s2@group-5C26748AB2B1->s0-AppendLogResponseHandler: Request not found, ignoring reply: s2<-s0#3950:OK,SUCCESS,nextIndex:3336,term:3,followerCommit:3329
2019-09-24 16:17:45,559 WARN  server.GrpcLogAppender (GrpcLogAppender.java:onNextImpl(251)) - s2@group-5C26748AB2B1->s1-AppendLogResponseHandler: Request not found, ignoring reply: s2<-s1#4102:OK,SUCCESS,nextIndex:3328,term:3,followerCommit:3326
2019-09-24 16:17:45,559 WARN  server.GrpcLogAppender (GrpcLogAppender.java:onNextImpl(251)) - s2@group-5C26748AB2B1->s1-AppendLogResponseHandler: Request not found, ignoring reply: s2<-s1#4103:OK,SUCCESS,nextIndex:3329,term:3,followerCommit:3326
2019-09-24 16:17:45,559 WARN  server.GrpcLogAppender (GrpcLogAppender.java:onNextImpl(251)) - s2@group-5C26748AB2B1->s1-AppendLogResponseHandler: Request not found, ignoring reply: s2<-s1#4104:OK,SUCCESS,nextIndex:3330,term:3,followerCommit:3326
2019-09-24 16:17:45,559 WARN  server.GrpcLogAppender (GrpcLogAppender.java:onNextImpl(251)) - s2@group-5C26748AB2B1->s1-AppendLogResponseHandler: Request not found, ignoring reply: s2<-s1#4105:OK,SUCCESS,nextIndex:3331,term:3,followerCommit:3326
2019-09-24 16:17:45,560 WARN  server.GrpcLogAppender (GrpcLogAppender.java:onNextImpl(251)) - s2@group-5C26748AB2B1->s1-AppendLogResponseHandler: Request not found, ignoring reply: s2<-s1#4106:OK,SUCCESS,nextIndex:3332,term:3,followerCommit:3326
2019-09-24 16:17:45,560 WARN  server.GrpcLogAppender (GrpcLogAppender.java:onNextImpl(251)) - s2@group-5C26748AB2B1->s1-AppendLogResponseHandler: Request not found, ignoring reply: s2<-s1#4107:OK,SUCCESS,nextIndex:3333,term:3,followerCommit:3326
2019-09-24 16:17:45,560 WARN  server.GrpcLogAppender (GrpcLogAppender.java:onNextImpl(251)) - s2@group-5C26748AB2B1->s1-AppendLogResponseHandler: Request not found, ignoring reply: s2<-s1#4108:OK,SUCCESS,nextIndex:3334,term:3,followerCommit:3326
2019-09-24 16:17:45,560 WARN  server.GrpcLogAppender (GrpcLogAppender.java:onNextImpl(251)) - s2@group-5C26748AB2B1->s1-AppendLogResponseHandler: Request not found, ignoring reply: s2<-s1#4109:OK,SUCCESS,nextIndex:3335,term:3,followerCommit:3326
2019-09-24 16:17:45,560 WARN  server.GrpcLogAppender (GrpcLogAppender.java:onNextImpl(251)) - s2@group-5C26748AB2B1->s1-AppendLogResponseHandler: Request not found, ignoring reply: s2<-s1#4110:OK,SUCCESS,nextIndex:3336,term:3,followerCommit:3326
2019-09-24 16:17:45,560 WARN  server.GrpcLogAppender (GrpcLogAppender.java:onNextImpl(251)) - s2@group-5C26748AB2B1->s1-AppendLogResponseHandler: Request not found, ignoring reply: s2<-s1#4111:OK,SUCCESS,nextIndex:3337,term:3,followerCommit:3326
2019-09-24 16:17:45,576 WARN  server.GrpcLogAppender (GrpcLogAppender.java:timeoutAppendRequest(200)) - s1@group-926153DB23B0->s0-GrpcLogAppender: appendEntries Timeout, request=s1->s0#27-t3, previous=(t:3, i:66), leaderCommit=40, initializing? false, entries: <empty>
2019-09-24 16:17:45,604 WARN  server.GrpcLogAppender (LogUtils.java:warn(134)) - s1@group-926153DB23B0->s2-AppendLogResponseHandler: Failed appendEntries: org.apache.ratis.thirdparty.io.grpc.StatusRuntimeException: UNAVAILABLE: io exception
2019-09-24 16:17:45,604 INFO  impl.FollowerInfo (FollowerInfo.java:lambda$new$0(51)) - s1@group-926153DB23B0->s2: nextIndex: updateUnconditionally 0 -> 0
2019-09-24 16:17:45,622 DEBUG client.GrpcClientProtocolService (GrpcClientProtocolService.java:<init>(175)) - new 26-OrderedRequestStreamObserver26
2019-09-24 16:17:45,623 DEBUG client.GrpcClientProtocolService (GrpcClientProtocolService.java:sendReply(353)) - 26-OrderedRequestStreamObserver26: sendReply seq=39, RaftClientReply:client-FBE51ED1F687->s1@group-926153DB23B0, cid=2455, FAILED org.apache.ratis.protocol.LeaderNotReadyException: s1@group-926153DB23B0 is in LEADER state but not ready yet., logIndex=0, commits[s1:c40, s0:c40, s2:c40]
2019-09-24 16:17:45,651 WARN  server.GrpcLogAppender (GrpcLogAppender.java:timeoutAppendRequest(200)) - s1@group-926153DB23B0->s0-GrpcLogAppender: appendEntries Timeout, request=s1->s0#28-t3, previous=(t:3, i:66), leaderCommit=40, initializing? false, entries: <empty>
2019-09-24 16:17:45,679 WARN  server.GrpcLogAppender (LogUtils.java:warn(134)) - s1@group-926153DB23B0->s2-AppendLogResponseHandler: Failed appendEntries: org.apache.ratis.thirdparty.io.grpc.StatusRuntimeException: UNAVAILABLE: io exception
2019-09-24 16:17:45,680 INFO  impl.FollowerInfo (FollowerInfo.java:lambda$new$0(51)) - s1@group-926153DB23B0->s2: nextIndex: updateUnconditionally 0 -> 0
2019-09-24 16:17:45,724 DEBUG client.GrpcClientProtocolService (GrpcClientProtocolService.java:close(374)) - 26-OrderedRequestStreamObserver26: close
2019-09-24 16:17:45,727 WARN  server.GrpcLogAppender (GrpcLogAppender.java:timeoutAppendRequest(200)) - s1@group-926153DB23B0->s0-GrpcLogAppender: appendEntries Timeout, request=s1->s0#29-t3, previous=(t:3, i:66), leaderCommit=40, initializing? false, entries: <empty>
2019-09-24 16:17:45,755 WARN  server.GrpcLogAppender (LogUtils.java:warn(134)) - s1@group-926153DB23B0->s2-AppendLogResponseHandler: Failed appendEntries: org.apache.ratis.thirdparty.io.grpc.StatusRuntimeException: UNAVAILABLE: io exception
2019-09-24 16:17:45,755 INFO  impl.FollowerInfo (FollowerInfo.java:lambda$new$0(51)) - s1@group-926153DB23B0->s2: nextIndex: updateUnconditionally 0 -> 0
2019-09-24 16:17:45,802 WARN  server.GrpcLogAppender (GrpcLogAppender.java:timeoutAppendRequest(200)) - s1@group-926153DB23B0->s0-GrpcLogAppender: appendEntries Timeout, request=s1->s0#30-t3, previous=(t:3, i:66), leaderCommit=40, initializing? false, entries: <empty>
2019-09-24 16:17:45,826 DEBUG client.GrpcClientProtocolService (GrpcClientProtocolService.java:<init>(175)) - new 27-OrderedRequestStreamObserver27
2019-09-24 16:17:45,827 DEBUG client.GrpcClientProtocolService (GrpcClientProtocolService.java:sendReply(353)) - 27-OrderedRequestStreamObserver27: sendReply seq=39, RaftClientReply:client-FBE51ED1F687->s1@group-926153DB23B0, cid=2455, FAILED org.apache.ratis.protocol.LeaderNotReadyException: s1@group-926153DB23B0 is in LEADER state but not ready yet., logIndex=0, commits[s1:c40, s0:c40, s2:c40]
2019-09-24 16:17:45,829 WARN  server.GrpcLogAppender (LogUtils.java:warn(134)) - s1@group-926153DB23B0->s2-AppendLogResponseHandler: Failed appendEntries: org.apache.ratis.thirdparty.io.grpc.StatusRuntimeException: UNAVAILABLE: io exception
2019-09-24 16:17:45,830 INFO  impl.FollowerInfo (FollowerInfo.java:lambda$new$0(51)) - s1@group-926153DB23B0->s2: nextIndex: updateUnconditionally 0 -> 0
2019-09-24 16:17:45,877 WARN  server.GrpcLogAppender (GrpcLogAppender.java:timeoutAppendRequest(200)) - s1@group-926153DB23B0->s0-GrpcLogAppender: appendEntries Timeout, request=s1->s0#31-t3, previous=(t:3, i:66), leaderCommit=40, initializing? false, entries: <empty>
2019-09-24 16:17:45,905 WARN  server.GrpcLogAppender (LogUtils.java:warn(134)) - s1@group-926153DB23B0->s2-AppendLogResponseHandler: Failed appendEntries: org.apache.ratis.thirdparty.io.grpc.StatusRuntimeException: UNAVAILABLE: io exception
2019-09-24 16:17:45,905 INFO  impl.FollowerInfo (FollowerInfo.java:lambda$new$0(51)) - s1@group-926153DB23B0->s2: nextIndex: updateUnconditionally 0 -> 0
2019-09-24 16:17:45,928 DEBUG client.GrpcClientProtocolService (GrpcClientProtocolService.java:close(374)) - 27-OrderedRequestStreamObserver27: close
2019-09-24 16:17:45,952 WARN  server.GrpcLogAppender (GrpcLogAppender.java:timeoutAppendRequest(200)) - s1@group-926153DB23B0->s0-GrpcLogAppender: appendEntries Timeout, request=s1->s0#32-t3, previous=(t:3, i:66), leaderCommit=40, initializing? false, entries: <empty>
2019-09-24 16:17:45,980 WARN  server.GrpcLogAppender (LogUtils.java:warn(134)) - s1@group-926153DB23B0->s2-AppendLogResponseHandler: Failed appendEntries: org.apache.ratis.thirdparty.io.grpc.StatusRuntimeException: UNAVAILABLE: io exception
2019-09-24 16:17:45,981 INFO  impl.FollowerInfo (FollowerInfo.java:lambda$new$0(51)) - s1@group-926153DB23B0->s2: nextIndex: updateUnconditionally 0 -> 0
2019-09-24 16:17:46,027 WARN  server.GrpcLogAppender (GrpcLogAppender.java:timeoutAppendRequest(200)) - s1@group-926153DB23B0->s0-GrpcLogAppender: appendEntries Timeout, request=s1->s0#33-t3, previous=(t:3, i:66), leaderCommit=40, initializing? false, entries: <empty>
2019-09-24 16:17:46,030 DEBUG client.GrpcClientProtocolService (GrpcClientProtocolService.java:<init>(175)) - new 28-OrderedRequestStreamObserver28
2019-09-24 16:17:46,031 DEBUG client.GrpcClientProtocolService (GrpcClientProtocolService.java:sendReply(353)) - 28-OrderedRequestStreamObserver28: sendReply seq=39, RaftClientReply:client-FBE51ED1F687->s1@group-926153DB23B0, cid=2455, FAILED org.apache.ratis.protocol.LeaderNotReadyException: s1@group-926153DB23B0 is in LEADER state but not ready yet., logIndex=0, commits[s1:c40, s0:c40, s2:c40]
2019-09-24 16:17:46,055 WARN  server.GrpcLogAppender (LogUtils.java:warn(134)) - s1@group-926153DB23B0->s2-AppendLogResponseHandler: Failed appendEntries: org.apache.ratis.thirdparty.io.grpc.StatusRuntimeException: UNAVAILABLE: io exception
2019-09-24 16:17:46,056 INFO  impl.FollowerInfo (FollowerInfo.java:lambda$new$0(51)) - s1@group-926153DB23B0->s2: nextIndex: updateUnconditionally 0 -> 0
2019-09-24 16:17:46,103 WARN  server.GrpcLogAppender (GrpcLogAppender.java:timeoutAppendRequest(200)) - s1@group-926153DB23B0->s0-GrpcLogAppender: appendEntries Timeout, request=s1->s0#34-t3, previous=(t:3, i:66), leaderCommit=40, initializing? false, entries: <empty>
2019-09-24 16:17:46,132 WARN  server.GrpcLogAppender (LogUtils.java:warn(134)) - s1@group-926153DB23B0->s2-AppendLogResponseHandler: Failed appendEntries: org.apache.ratis.thirdparty.io.grpc.StatusRuntimeException: UNAVAILABLE: io exception
2019-09-24 16:17:46,132 INFO  impl.FollowerInfo (FollowerInfo.java:lambda$new$0(51)) - s1@group-926153DB23B0->s2: nextIndex: updateUnconditionally 0 -> 0
2019-09-24 16:17:46,132 DEBUG client.GrpcClientProtocolService (GrpcClientProtocolService.java:close(374)) - 28-OrderedRequestStreamObserver28: close
2019-09-24 16:17:46,178 WARN  server.GrpcLogAppender (GrpcLogAppender.java:timeoutAppendRequest(200)) - s1@group-926153DB23B0->s0-GrpcLogAppender: appendEntries Timeout, request=s1->s0#35-t3, previous=(t:3, i:66), leaderCommit=40, initializing? false, entries: <empty>
2019-09-24 16:17:46,207 WARN  server.GrpcLogAppender (LogUtils.java:warn(134)) - s1@group-926153DB23B0->s2-AppendLogResponseHandler: Failed appendEntries: org.apache.ratis.thirdparty.io.grpc.StatusRuntimeException: UNAVAILABLE: io exception
2019-09-24 16:17:46,207 INFO  impl.FollowerInfo (FollowerInfo.java:lambda$new$0(51)) - s1@group-926153DB23B0->s2: nextIndex: updateUnconditionally 0 -> 0
2019-09-24 16:17:46,235 DEBUG client.GrpcClientProtocolService (GrpcClientProtocolService.java:<init>(175)) - new 29-OrderedRequestStreamObserver29
2019-09-24 16:17:46,236 DEBUG client.GrpcClientProtocolService (GrpcClientProtocolService.java:sendReply(353)) - 29-OrderedRequestStreamObserver29: sendReply seq=39, RaftClientReply:client-FBE51ED1F687->s1@group-926153DB23B0, cid=2455, FAILED org.apache.ratis.protocol.LeaderNotReadyException: s1@group-926153DB23B0 is in LEADER state but not ready yet., logIndex=0, commits[s1:c40, s0:c40, s2:c40]
2019-09-24 16:17:46,253 WARN  server.GrpcLogAppender (GrpcLogAppender.java:timeoutAppendRequest(200)) - s1@group-926153DB23B0->s0-GrpcLogAppender: appendEntries Timeout, request=s1->s0#36-t3, previous=(t:3, i:66), leaderCommit=40, initializing? false, entries: <empty>
2019-09-24 16:17:46,258 INFO  grpc.TestRaftOutputStreamWithGrpc (OutputStreamBaseTest.java:runTestKillLeader(303)) - Writer success? null
2019-09-24 16:17:46,259 INFO  ratis.MiniRaftCluster (MiniRaftCluster.java:runWithNewCluster(127)) - printing ALL groups
  s0:  RUNNING  FOLLOWER s0@group-926153DB23B0:t3, leader=s1, voted=s1, raftlog=s0@group-926153DB23B0-SegmentedRaftLog:OPENED:c40,f65,i66, conf=66: [s0:0.0.0.0:44349, s1:0.0.0.0:45730, s2:0.0.0.0:44794], old=null RUNNING
  s1:  RUNNING    LEADER s1@group-926153DB23B0:t3, leader=s1, voted=s1, raftlog=s1@group-926153DB23B0-SegmentedRaftLog:OPENED:c40,f65,i66, conf=66: [s0:0.0.0.0:44349, s1:0.0.0.0:45730, s2:0.0.0.0:44794], old=null RUNNING
  s2:   CLOSED    LEADER s2@group-926153DB23B0:t1, leader=s2, voted=s2, raftlog=s2@group-926153DB23B0-SegmentedRaftLog:CLOSED:c40, conf=0: [s0:0.0.0.0:44349, s1:0.0.0.0:45730, s2:0.0.0.0:44794], old=null CLOSED
2019-09-24 16:17:46,259 ERROR ratis.MiniRaftCluster (MiniRaftCluster.java:runWithNewCluster(128)) - Failed org.apache.ratis.MiniRaftCluster$Factory$Get.runWithNewCluster(MiniRaftCluster.java:113)
java.lang.NullPointerException
	at org.apache.ratis.OutputStreamBaseTest.runTestKillLeader(OutputStreamBaseTest.java:304)
	at org.apache.ratis.MiniRaftCluster$Factory$Get.runWithNewCluster(MiniRaftCluster.java:125)
	at org.apache.ratis.MiniRaftCluster$Factory$Get.runWithNewCluster(MiniRaftCluster.java:113)
	at org.apache.ratis.OutputStreamBaseTest.testKillLeader(OutputStreamBaseTest.java:264)
	at sun.reflect.NativeMethodAccessorImpl.invoke0(Native Method)
	at sun.reflect.NativeMethodAccessorImpl.invoke(NativeMethodAccessorImpl.java:62)
	at sun.reflect.DelegatingMethodAccessorImpl.invoke(DelegatingMethodAccessorImpl.java:43)
	at java.lang.reflect.Method.invoke(Method.java:498)
	at org.junit.runners.model.FrameworkMethod$1.runReflectiveCall(FrameworkMethod.java:50)
	at org.junit.internal.runners.model.ReflectiveCallable.run(ReflectiveCallable.java:12)
	at org.junit.runners.model.FrameworkMethod.invokeExplosively(FrameworkMethod.java:47)
	at org.junit.internal.runners.statements.InvokeMethod.evaluate(InvokeMethod.java:17)
	at org.junit.internal.runners.statements.RunAfters.evaluate(RunAfters.java:27)
	at org.junit.internal.runners.statements.FailOnTimeout$CallableStatement.call(FailOnTimeout.java:298)
	at org.junit.internal.runners.statements.FailOnTimeout$CallableStatement.call(FailOnTimeout.java:292)
	at java.util.concurrent.FutureTask.run(FutureTask.java:266)
	at java.lang.Thread.run(Thread.java:748)
2019-09-24 16:17:46,260 INFO  ratis.MiniRaftCluster (MiniRaftCluster.java:shutdown(700)) - ************************************************************** 
2019-09-24 16:17:46,260 INFO  ratis.MiniRaftCluster (MiniRaftCluster.java:shutdown(701)) - *** 
2019-09-24 16:17:46,260 INFO  ratis.MiniRaftCluster (MiniRaftCluster.java:shutdown(702)) - ***     Stopping MiniRaftClusterWithGrpc
2019-09-24 16:17:46,260 INFO  ratis.MiniRaftCluster (MiniRaftCluster.java:shutdown(703)) - *** 
2019-09-24 16:17:46,260 INFO  ratis.MiniRaftCluster (MiniRaftCluster.java:shutdown(704)) - ************************************************************** 
2019-09-24 16:17:46,260 INFO  ratis.MiniRaftCluster (MiniRaftCluster.java:shutdown(705)) - printing ALL groups
  s0:  RUNNING  FOLLOWER s0@group-926153DB23B0:t3, leader=s1, voted=s1, raftlog=s0@group-926153DB23B0-SegmentedRaftLog:OPENED:c40,f65,i66, conf=66: [s0:0.0.0.0:44349, s1:0.0.0.0:45730, s2:0.0.0.0:44794], old=null RUNNING
  s1:  RUNNING    LEADER s1@group-926153DB23B0:t3, leader=s1, voted=s1, raftlog=s1@group-926153DB23B0-SegmentedRaftLog:OPENED:c40,f65,i66, conf=66: [s0:0.0.0.0:44349, s1:0.0.0.0:45730, s2:0.0.0.0:44794], old=null RUNNING
  s2:   CLOSED    LEADER s2@group-926153DB23B0:t1, leader=s2, voted=s2, raftlog=s2@group-926153DB23B0-SegmentedRaftLog:CLOSED:c40, conf=0: [s0:0.0.0.0:44349, s1:0.0.0.0:45730, s2:0.0.0.0:44794], old=null CLOSED
2019-09-24 16:17:46,262 INFO  impl.RaftServerProxy (RaftServerProxy.java:lambda$close$4(314)) - s0: close
2019-09-24 16:17:46,263 INFO  impl.RaftServerProxy (RaftServerProxy.java:lambda$close$4(314)) - s1: close
2019-09-24 16:17:46,264 INFO  impl.RaftServerImpl (RaftServerImpl.java:lambda$shutdown$3(247)) - s0@group-926153DB23B0: shutdown
2019-09-24 16:17:46,264 INFO  impl.RaftServerImpl (RaftServerImpl.java:lambda$shutdown$3(247)) - s1@group-926153DB23B0: shutdown
2019-09-24 16:17:46,264 INFO  util.JmxRegister (JmxRegister.java:unregister(73)) - Successfully un-registered JMX Bean with object name Ratis:service=RaftServer,group=group-926153DB23B0,id=s0
2019-09-24 16:17:46,264 INFO  util.JmxRegister (JmxRegister.java:unregister(73)) - Successfully un-registered JMX Bean with object name Ratis:service=RaftServer,group=group-926153DB23B0,id=s1
2019-09-24 16:17:46,264 INFO  impl.RoleInfo (RoleInfo.java:shutdownFollowerState(121)) - s0: shutdown FollowerState
2019-09-24 16:17:46,265 INFO  impl.RoleInfo (RoleInfo.java:shutdownLeaderState(104)) - s1: shutdown LeaderState
2019-09-24 16:17:46,265 INFO  impl.FollowerState (FollowerState.java:run(117)) - s0@group-926153DB23B0-FollowerState was interrupted: java.lang.InterruptedException: sleep interrupted
2019-09-24 16:17:46,265 INFO  impl.StateMachineUpdater (StateMachineUpdater.java:stopAndJoin(136)) - s0@group-926153DB23B0-StateMachineUpdater: set stopIndex = 40
2019-09-24 16:17:46,266 WARN  server.GrpcLogAppender (GrpcLogAppender.java:mayWait(143)) - s1@group-926153DB23B0->s2-GrpcLogAppender: Wait interrupted by java.lang.InterruptedException
2019-09-24 16:17:46,266 WARN  server.GrpcLogAppender (GrpcLogAppender.java:mayWait(143)) - s1@group-926153DB23B0->s0-GrpcLogAppender: Wait interrupted by java.lang.InterruptedException
2019-09-24 16:17:46,266 INFO  impl.PendingRequests (PendingRequests.java:sendNotLeaderResponses(202)) - s1@group-926153DB23B0-PendingRequests: sendNotLeaderResponses
2019-09-24 16:17:46,267 INFO  impl.RaftServerImpl (ServerState.java:close(386)) - s0@group-926153DB23B0: closes. applyIndex: 40
2019-09-24 16:17:46,267 INFO  server.GrpcServerProtocolService (GrpcServerProtocolService.java:onCompleted(113)) - s0: Completed APPEND_ENTRIES, lastRequest: s1->s0#76-t3, previous=(t:3, i:66), leaderCommit=40, initializing? false, entries: <empty>
2019-09-24 16:17:46,268 DEBUG client.GrpcClientProtocolService (GrpcClientProtocolService.java:closeAllOrderedRequestStreamObservers(157)) - s1: closeAllOrderedRequestStreamObservers
2019-09-24 16:17:46,269 DEBUG client.GrpcClientProtocolService (GrpcClientProtocolService.java:close(374)) - 29-OrderedRequestStreamObserver29: close
2019-09-24 16:17:46,269 INFO  impl.StateMachineUpdater (StateMachineUpdater.java:stopAndJoin(136)) - s1@group-926153DB23B0-StateMachineUpdater: set stopIndex = 40
2019-09-24 16:17:46,269 INFO  server.GrpcLogAppender (GrpcLogAppender.java:onCompleted(293)) - s1@group-926153DB23B0->s0-AppendLogResponseHandler: follower responses appendEntries COMPLETED
2019-09-24 16:17:46,269 INFO  impl.RaftServerImpl (ServerState.java:close(386)) - s1@group-926153DB23B0: closes. applyIndex: 40
2019-09-24 16:17:46,270 INFO  impl.FollowerInfo (FollowerInfo.java:lambda$new$0(51)) - s1@group-926153DB23B0->s0: nextIndex: updateUnconditionally 67 -> 66
2019-09-24 16:17:46,319 WARN  server.GrpcLogAppender (GrpcLogAppender.java:timeoutAppendRequest(200)) - s2@group-5C26748AB2B1->s1-GrpcLogAppender: appendEntries Timeout, request=s2->s1#4230-t3, previous=(t:3, i:3431), leaderCommit=3329, initializing? false, entries: <empty>
2019-09-24 16:17:46,323 WARN  server.GrpcLogAppender (GrpcLogAppender.java:timeoutAppendRequest(200)) - s2@group-5C26748AB2B1->s0-GrpcLogAppender: appendEntries Timeout, request=s2->s0#4073-t3, previous=(t:3, i:3431), leaderCommit=3329, initializing? false, entries: <empty>
2019-09-24 16:17:46,394 WARN  server.GrpcLogAppender (GrpcLogAppender.java:timeoutAppendRequest(200)) - s2@group-5C26748AB2B1->s1-GrpcLogAppender: appendEntries Timeout, request=s2->s1#4231-t3, previous=(t:3, i:3431), leaderCommit=3329, initializing? false, entries: <empty>
2019-09-24 16:17:46,398 WARN  server.GrpcLogAppender (GrpcLogAppender.java:timeoutAppendRequest(200)) - s2@group-5C26748AB2B1->s0-GrpcLogAppender: appendEntries Timeout, request=s2->s0#4074-t3, previous=(t:3, i:3431), leaderCommit=3329, initializing? false, entries: <empty>
2019-09-24 16:17:46,440 DEBUG client.GrpcClientProtocolService (GrpcClientProtocolService.java:<init>(175)) - new 30-OrderedRequestStreamObserver30
2019-09-24 16:17:46,441 DEBUG client.GrpcClientProtocolService (GrpcClientProtocolService.java:responseError(257)) - 30-OrderedRequestStreamObserver30: Failed processClientRequest for RaftClientRequest:client-FBE51ED1F687->s1@group-926153DB23B0, cid=2455, seq=39*, RW, Message:00000026
org.apache.ratis.protocol.ServerNotReadyException: s1@group-926153DB23B0 is not in [RUNNING]: current state is CLOSING
	at org.apache.ratis.server.impl.RaftServerImpl.lambda$assertLifeCycleState$9(RaftServerImpl.java:468)
	at org.apache.ratis.util.LifeCycle.assertCurrentState(LifeCycle.java:185)
	at org.apache.ratis.server.impl.RaftServerImpl.assertLifeCycleState(RaftServerImpl.java:467)
	at org.apache.ratis.server.impl.RaftServerImpl.submitClientRequestAsync(RaftServerImpl.java:532)
	at org.apache.ratis.server.impl.RaftServerProxy.lambda$submitClientRequestAsync$7(RaftServerProxy.java:333)
	at org.apache.ratis.server.impl.RaftServerProxy.lambda$null$5(RaftServerProxy.java:328)
	at org.apache.ratis.util.JavaUtils.callAsUnchecked(JavaUtils.java:109)
	at org.apache.ratis.server.impl.RaftServerProxy.lambda$submitRequest$6(RaftServerProxy.java:328)
	at java.util.concurrent.CompletableFuture.uniComposeStage(CompletableFuture.java:981)
	at java.util.concurrent.CompletableFuture.thenCompose(CompletableFuture.java:2124)
	at org.apache.ratis.server.impl.RaftServerProxy.submitRequest(RaftServerProxy.java:327)
	at org.apache.ratis.server.impl.RaftServerProxy.submitClientRequestAsync(RaftServerProxy.java:333)
	at org.apache.ratis.grpc.client.GrpcClientProtocolService$RequestStreamObserver.processClientRequest(GrpcClientProtocolService.java:220)
	at org.apache.ratis.grpc.client.GrpcClientProtocolService$OrderedRequestStreamObserver.processClientRequest(GrpcClientProtocolService.java:326)
	at org.apache.ratis.util.SlidingWindow$Server.processRequestsFromHead(SlidingWindow.java:429)
	at org.apache.ratis.util.SlidingWindow$Server.receivedRequest(SlidingWindow.java:421)
	at org.apache.ratis.grpc.client.GrpcClientProtocolService$OrderedRequestStreamObserver.processClientRequest(GrpcClientProtocolService.java:345)
	at org.apache.ratis.grpc.client.GrpcClientProtocolService$RequestStreamObserver.onNext(GrpcClientProtocolService.java:240)
	at org.apache.ratis.grpc.client.GrpcClientProtocolService$RequestStreamObserver.onNext(GrpcClientProtocolService.java:168)
	at org.apache.ratis.thirdparty.io.grpc.stub.ServerCalls$StreamingServerCallHandler$StreamingServerCallListener.onMessage(ServerCalls.java:248)
	at org.apache.ratis.thirdparty.io.grpc.internal.ServerCallImpl$ServerStreamListenerImpl.messagesAvailable(ServerCallImpl.java:263)
	at org.apache.ratis.thirdparty.io.grpc.internal.ServerImpl$JumpToApplicationThreadServerStreamListener$1MessagesAvailable.runInContext(ServerImpl.java:686)
	at org.apache.ratis.thirdparty.io.grpc.internal.ContextRunnable.run(ContextRunnable.java:37)
	at org.apache.ratis.thirdparty.io.grpc.internal.SerializingExecutor.run(SerializingExecutor.java:123)
	at java.util.concurrent.ThreadPoolExecutor.runWorker(ThreadPoolExecutor.java:1149)
	at java.util.concurrent.ThreadPoolExecutor$Worker.run(ThreadPoolExecutor.java:624)
	at java.lang.Thread.run(Thread.java:748)
2019-09-24 16:17:46,469 WARN  server.GrpcLogAppender (GrpcLogAppender.java:timeoutAppendRequest(200)) - s2@group-5C26748AB2B1->s1-GrpcLogAppender: appendEntries Timeout, request=s2->s1#4232-t3, previous=(t:3, i:3431), leaderCommit=3329, initializing? false, entries: <empty>
2019-09-24 16:17:46,473 WARN  server.GrpcLogAppender (GrpcLogAppender.java:timeoutAppendRequest(200)) - s2@group-5C26748AB2B1->s0-GrpcLogAppender: appendEntries Timeout, request=s2->s0#4075-t3, previous=(t:3, i:3431), leaderCommit=3329, initializing? false, entries: <empty>
2019-09-24 16:17:46,544 WARN  server.GrpcLogAppender (GrpcLogAppender.java:timeoutAppendRequest(200)) - s2@group-5C26748AB2B1->s1-GrpcLogAppender: appendEntries Timeout, request=s2->s1#4233-t3, previous=(t:3, i:3431), leaderCommit=3329, initializing? false, entries: <empty>
2019-09-24 16:17:46,548 WARN  server.GrpcLogAppender (GrpcLogAppender.java:timeoutAppendRequest(200)) - s2@group-5C26748AB2B1->s0-GrpcLogAppender: appendEntries Timeout, request=s2->s0#4076-t3, previous=(t:3, i:3431), leaderCommit=3329, initializing? false, entries: <empty>
2019-09-24 16:17:46,580 DEBUG client.GrpcClientProtocolService (GrpcClientProtocolService.java:responseError(257)) - 37-OrderedRequestStreamObserver37: Failed onNext for client-EDB41257C35F->s2#2738-2648* in 37-OrderedRequestStreamObserver37
java.lang.IllegalStateException: Entry already exists for key 2648 in map SlidingWindow$Server:37-OrderedRequestStreamObserver37:requests
	at org.apache.ratis.util.Preconditions.assertTrue(Preconditions.java:75)
	at org.apache.ratis.util.CollectionUtils.putNew(CollectionUtils.java:94)
	at org.apache.ratis.util.SlidingWindow$RequestMap.putNewRequest(SlidingWindow.java:126)
	at org.apache.ratis.util.SlidingWindow$Server.receivedRequest(SlidingWindow.java:420)
	at org.apache.ratis.grpc.client.GrpcClientProtocolService$OrderedRequestStreamObserver.processClientRequest(GrpcClientProtocolService.java:345)
	at org.apache.ratis.grpc.client.GrpcClientProtocolService$RequestStreamObserver.onNext(GrpcClientProtocolService.java:240)
	at org.apache.ratis.grpc.client.GrpcClientProtocolService$RequestStreamObserver.onNext(GrpcClientProtocolService.java:168)
	at org.apache.ratis.thirdparty.io.grpc.stub.ServerCalls$StreamingServerCallHandler$StreamingServerCallListener.onMessage(ServerCalls.java:248)
	at org.apache.ratis.thirdparty.io.grpc.internal.ServerCallImpl$ServerStreamListenerImpl.messagesAvailable(ServerCallImpl.java:263)
	at org.apache.ratis.thirdparty.io.grpc.internal.ServerImpl$JumpToApplicationThreadServerStreamListener$1MessagesAvailable.runInContext(ServerImpl.java:686)
	at org.apache.ratis.thirdparty.io.grpc.internal.ContextRunnable.run(ContextRunnable.java:37)
	at org.apache.ratis.thirdparty.io.grpc.internal.SerializingExecutor.run(SerializingExecutor.java:123)
	at java.util.concurrent.ThreadPoolExecutor.runWorker(ThreadPoolExecutor.java:1149)
	at java.util.concurrent.ThreadPoolExecutor$Worker.run(ThreadPoolExecutor.java:624)
	at java.lang.Thread.run(Thread.java:748)
2019-09-24 16:17:46,619 WARN  server.GrpcLogAppender (GrpcLogAppender.java:timeoutAppendRequest(200)) - s2@group-5C26748AB2B1->s1-GrpcLogAppender: appendEntries Timeout, request=s2->s1#4234-t3, previous=(t:3, i:3431), leaderCommit=3329, initializing? false, entries: <empty>
2019-09-24 16:17:46,623 WARN  server.GrpcLogAppender (GrpcLogAppender.java:timeoutAppendRequest(200)) - s2@group-5C26748AB2B1->s0-GrpcLogAppender: appendEntries Timeout, request=s2->s0#4077-t3, previous=(t:3, i:3431), leaderCommit=3329, initializing? false, entries: <empty>
2019-09-24 16:17:46,652 DEBUG client.GrpcClientProtocolService (GrpcClientProtocolService.java:<init>(175)) - new 31-OrderedRequestStreamObserver31
2019-09-24 16:17:46,652 DEBUG client.GrpcClientProtocolService (GrpcClientProtocolService.java:responseError(257)) - 31-OrderedRequestStreamObserver31: Failed processClientRequest for RaftClientRequest:client-FBE51ED1F687->s1@group-926153DB23B0, cid=2455, seq=39*, RW, Message:00000026
org.apache.ratis.protocol.ServerNotReadyException: s1@group-926153DB23B0 is not in [RUNNING]: current state is CLOSING
	at org.apache.ratis.server.impl.RaftServerImpl.lambda$assertLifeCycleState$9(RaftServerImpl.java:468)
	at org.apache.ratis.util.LifeCycle.assertCurrentState(LifeCycle.java:185)
	at org.apache.ratis.server.impl.RaftServerImpl.assertLifeCycleState(RaftServerImpl.java:467)
	at org.apache.ratis.server.impl.RaftServerImpl.submitClientRequestAsync(RaftServerImpl.java:532)
	at org.apache.ratis.server.impl.RaftServerProxy.lambda$submitClientRequestAsync$7(RaftServerProxy.java:333)
	at org.apache.ratis.server.impl.RaftServerProxy.lambda$null$5(RaftServerProxy.java:328)
	at org.apache.ratis.util.JavaUtils.callAsUnchecked(JavaUtils.java:109)
	at org.apache.ratis.server.impl.RaftServerProxy.lambda$submitRequest$6(RaftServerProxy.java:328)
	at java.util.concurrent.CompletableFuture.uniComposeStage(CompletableFuture.java:981)
	at java.util.concurrent.CompletableFuture.thenCompose(CompletableFuture.java:2124)
	at org.apache.ratis.server.impl.RaftServerProxy.submitRequest(RaftServerProxy.java:327)
	at org.apache.ratis.server.impl.RaftServerProxy.submitClientRequestAsync(RaftServerProxy.java:333)
	at org.apache.ratis.grpc.client.GrpcClientProtocolService$RequestStreamObserver.processClientRequest(GrpcClientProtocolService.java:220)
	at org.apache.ratis.grpc.client.GrpcClientProtocolService$OrderedRequestStreamObserver.processClientRequest(GrpcClientProtocolService.java:326)
	at org.apache.ratis.util.SlidingWindow$Server.processRequestsFromHead(SlidingWindow.java:429)
	at org.apache.ratis.util.SlidingWindow$Server.receivedRequest(SlidingWindow.java:421)
	at org.apache.ratis.grpc.client.GrpcClientProtocolService$OrderedRequestStreamObserver.processClientRequest(GrpcClientProtocolService.java:345)
	at org.apache.ratis.grpc.client.GrpcClientProtocolService$RequestStreamObserver.onNext(GrpcClientProtocolService.java:240)
	at org.apache.ratis.grpc.client.GrpcClientProtocolService$RequestStreamObserver.onNext(GrpcClientProtocolService.java:168)
	at org.apache.ratis.thirdparty.io.grpc.stub.ServerCalls$StreamingServerCallHandler$StreamingServerCallListener.onMessage(ServerCalls.java:248)
	at org.apache.ratis.thirdparty.io.grpc.internal.ServerCallImpl$ServerStreamListenerImpl.messagesAvailable(ServerCallImpl.java:263)
	at org.apache.ratis.thirdparty.io.grpc.internal.ServerImpl$JumpToApplicationThreadServerStreamListener$1MessagesAvailable.runInContext(ServerImpl.java:686)
	at org.apache.ratis.thirdparty.io.grpc.internal.ContextRunnable.run(ContextRunnable.java:37)
	at org.apache.ratis.thirdparty.io.grpc.internal.SerializingExecutor.run(SerializingExecutor.java:123)
	at java.util.concurrent.ThreadPoolExecutor.runWorker(ThreadPoolExecutor.java:1149)
	at java.util.concurrent.ThreadPoolExecutor$Worker.run(ThreadPoolExecutor.java:624)
	at java.lang.Thread.run(Thread.java:748)
2019-09-24 16:17:46,693 DEBUG client.GrpcClientProtocolService (GrpcClientProtocolService.java:<init>(175)) - new 12-OrderedRequestStreamObserver12
2019-09-24 16:17:46,694 DEBUG client.GrpcClientProtocolService (GrpcClientProtocolService.java:sendReply(353)) - 12-OrderedRequestStreamObserver12: sendReply seq=2648, RaftClientReply:client-EDB41257C35F->s1@group-5C26748AB2B1, cid=2738, FAILED org.apache.ratis.protocol.NotLeaderException: Server s1@group-5C26748AB2B1 is not the leader s2:0.0.0.0:34862, logIndex=0, commits[s1:c3329, s0:c3312, s2:c3329]
2019-09-24 16:17:46,695 WARN  server.GrpcLogAppender (GrpcLogAppender.java:timeoutAppendRequest(200)) - s2@group-5C26748AB2B1->s1-GrpcLogAppender: appendEntries Timeout, request=s2->s1#4235-t3, previous=(t:3, i:3431), leaderCommit=3329, initializing? false, entries: <empty>
2019-09-24 16:17:46,698 WARN  server.GrpcLogAppender (GrpcLogAppender.java:timeoutAppendRequest(200)) - s2@group-5C26748AB2B1->s0-GrpcLogAppender: appendEntries Timeout, request=s2->s0#4078-t3, previous=(t:3, i:3431), leaderCommit=3329, initializing? false, entries: <empty>
2019-09-24 16:17:46,699 DEBUG client.GrpcClientProtocolService (GrpcClientProtocolService.java:close(374)) - 12-OrderedRequestStreamObserver12: close
2019-09-24 16:17:46,702 DEBUG client.GrpcClientProtocolService (GrpcClientProtocolService.java:<init>(175)) - new 38-OrderedRequestStreamObserver38
2019-09-24 16:17:46,760 DEBUG client.GrpcClientProtocolService (GrpcClientProtocolService.java:<init>(175)) - new 5-OrderedRequestStreamObserver5
2019-09-24 16:17:46,760 DEBUG client.GrpcClientProtocolService (GrpcClientProtocolService.java:responseError(257)) - 5-OrderedRequestStreamObserver5: Failed processClientRequest for RaftClientRequest:client-FBE51ED1F687->s0@group-926153DB23B0, cid=2455, seq=39*, RW, Message:00000026
org.apache.ratis.protocol.ServerNotReadyException: s0@group-926153DB23B0 is not in [RUNNING]: current state is CLOSING
	at org.apache.ratis.server.impl.RaftServerImpl.lambda$assertLifeCycleState$9(RaftServerImpl.java:468)
	at org.apache.ratis.util.LifeCycle.assertCurrentState(LifeCycle.java:185)
	at org.apache.ratis.server.impl.RaftServerImpl.assertLifeCycleState(RaftServerImpl.java:467)
	at org.apache.ratis.server.impl.RaftServerImpl.submitClientRequestAsync(RaftServerImpl.java:532)
	at org.apache.ratis.server.impl.RaftServerProxy.lambda$submitClientRequestAsync$7(RaftServerProxy.java:333)
	at org.apache.ratis.server.impl.RaftServerProxy.lambda$null$5(RaftServerProxy.java:328)
	at org.apache.ratis.util.JavaUtils.callAsUnchecked(JavaUtils.java:109)
	at org.apache.ratis.server.impl.RaftServerProxy.lambda$submitRequest$6(RaftServerProxy.java:328)
	at java.util.concurrent.CompletableFuture.uniComposeStage(CompletableFuture.java:981)
	at java.util.concurrent.CompletableFuture.thenCompose(CompletableFuture.java:2124)
	at org.apache.ratis.server.impl.RaftServerProxy.submitRequest(RaftServerProxy.java:327)
	at org.apache.ratis.server.impl.RaftServerProxy.submitClientRequestAsync(RaftServerProxy.java:333)
	at org.apache.ratis.grpc.client.GrpcClientProtocolService$RequestStreamObserver.processClientRequest(GrpcClientProtocolService.java:220)
	at org.apache.ratis.grpc.client.GrpcClientProtocolService$OrderedRequestStreamObserver.processClientRequest(GrpcClientProtocolService.java:326)
	at org.apache.ratis.util.SlidingWindow$Server.processRequestsFromHead(SlidingWindow.java:429)
	at org.apache.ratis.util.SlidingWindow$Server.receivedRequest(SlidingWindow.java:421)
	at org.apache.ratis.grpc.client.GrpcClientProtocolService$OrderedRequestStreamObserver.processClientRequest(GrpcClientProtocolService.java:345)
	at org.apache.ratis.grpc.client.GrpcClientProtocolService$RequestStreamObserver.onNext(GrpcClientProtocolService.java:240)
	at org.apache.ratis.grpc.client.GrpcClientProtocolService$RequestStreamObserver.onNext(GrpcClientProtocolService.java:168)
	at org.apache.ratis.thirdparty.io.grpc.stub.ServerCalls$StreamingServerCallHandler$StreamingServerCallListener.onMessage(ServerCalls.java:248)
	at org.apache.ratis.thirdparty.io.grpc.internal.ServerCallImpl$ServerStreamListenerImpl.messagesAvailable(ServerCallImpl.java:263)
	at org.apache.ratis.thirdparty.io.grpc.internal.ServerImpl$JumpToApplicationThreadServerStreamListener$1MessagesAvailable.runInContext(ServerImpl.java:686)
	at org.apache.ratis.thirdparty.io.grpc.internal.ContextRunnable.run(ContextRunnable.java:37)
	at org.apache.ratis.thirdparty.io.grpc.internal.SerializingExecutor.run(SerializingExecutor.java:123)
	at java.util.concurrent.ThreadPoolExecutor.runWorker(ThreadPoolExecutor.java:1149)
	at java.util.concurrent.ThreadPoolExecutor$Worker.run(ThreadPoolExecutor.java:624)
	at java.lang.Thread.run(Thread.java:748)
2019-09-24 16:17:46,770 WARN  server.GrpcLogAppender (GrpcLogAppender.java:timeoutAppendRequest(200)) - s2@group-5C26748AB2B1->s1-GrpcLogAppender: appendEntries Timeout, request=s2->s1#4236-t3, previous=(t:3, i:3431), leaderCommit=3329, initializing? false, entries: <empty>
2019-09-24 16:17:46,773 WARN  server.GrpcLogAppender (GrpcLogAppender.java:timeoutAppendRequest(200)) - s2@group-5C26748AB2B1->s0-GrpcLogAppender: appendEntries Timeout, request=s2->s0#4079-t3, previous=(t:3, i:3431), leaderCommit=3329, initializing? false, entries: <empty>
2019-09-24 16:17:46,845 WARN  server.GrpcLogAppender (GrpcLogAppender.java:timeoutAppendRequest(200)) - s2@group-5C26748AB2B1->s1-GrpcLogAppender: appendEntries Timeout, request=s2->s1#4237-t3, previous=(t:3, i:3431), leaderCommit=3329, initializing? false, entries: <empty>
2019-09-24 16:17:46,849 WARN  server.GrpcLogAppender (GrpcLogAppender.java:timeoutAppendRequest(200)) - s2@group-5C26748AB2B1->s0-GrpcLogAppender: appendEntries Timeout, request=s2->s0#4080-t3, previous=(t:3, i:3431), leaderCommit=3329, initializing? false, entries: <empty>
2019-09-24 16:17:46,921 WARN  server.GrpcLogAppender (GrpcLogAppender.java:timeoutAppendRequest(200)) - s2@group-5C26748AB2B1->s1-GrpcLogAppender: appendEntries Timeout, request=s2->s1#4238-t3, previous=(t:3, i:3431), leaderCommit=3329, initializing? false, entries: <empty>
2019-09-24 16:17:46,924 WARN  server.GrpcLogAppender (GrpcLogAppender.java:timeoutAppendRequest(200)) - s2@group-5C26748AB2B1->s0-GrpcLogAppender: appendEntries Timeout, request=s2->s0#4081-t3, previous=(t:3, i:3431), leaderCommit=3329, initializing? false, entries: <empty>
2019-09-24 16:17:46,974 DEBUG client.GrpcClientProtocolService (GrpcClientProtocolService.java:<init>(175)) - new 6-OrderedRequestStreamObserver6
2019-09-24 16:17:46,975 DEBUG client.GrpcClientProtocolService (GrpcClientProtocolService.java:responseError(257)) - 6-OrderedRequestStreamObserver6: Failed processClientRequest for RaftClientRequest:client-FBE51ED1F687->s0@group-926153DB23B0, cid=2455, seq=39*, RW, Message:00000026
org.apache.ratis.protocol.ServerNotReadyException: s0@group-926153DB23B0 is not in [RUNNING]: current state is CLOSING
	at org.apache.ratis.server.impl.RaftServerImpl.lambda$assertLifeCycleState$9(RaftServerImpl.java:468)
	at org.apache.ratis.util.LifeCycle.assertCurrentState(LifeCycle.java:185)
	at org.apache.ratis.server.impl.RaftServerImpl.assertLifeCycleState(RaftServerImpl.java:467)
	at org.apache.ratis.server.impl.RaftServerImpl.submitClientRequestAsync(RaftServerImpl.java:532)
	at org.apache.ratis.server.impl.RaftServerProxy.lambda$submitClientRequestAsync$7(RaftServerProxy.java:333)
	at org.apache.ratis.server.impl.RaftServerProxy.lambda$null$5(RaftServerProxy.java:328)
	at org.apache.ratis.util.JavaUtils.callAsUnchecked(JavaUtils.java:109)
	at org.apache.ratis.server.impl.RaftServerProxy.lambda$submitRequest$6(RaftServerProxy.java:328)
	at java.util.concurrent.CompletableFuture.uniComposeStage(CompletableFuture.java:981)
	at java.util.concurrent.CompletableFuture.thenCompose(CompletableFuture.java:2124)
	at org.apache.ratis.server.impl.RaftServerProxy.submitRequest(RaftServerProxy.java:327)
	at org.apache.ratis.server.impl.RaftServerProxy.submitClientRequestAsync(RaftServerProxy.java:333)
	at org.apache.ratis.grpc.client.GrpcClientProtocolService$RequestStreamObserver.processClientRequest(GrpcClientProtocolService.java:220)
	at org.apache.ratis.grpc.client.GrpcClientProtocolService$OrderedRequestStreamObserver.processClientRequest(GrpcClientProtocolService.java:326)
	at org.apache.ratis.util.SlidingWindow$Server.processRequestsFromHead(SlidingWindow.java:429)
	at org.apache.ratis.util.SlidingWindow$Server.receivedRequest(SlidingWindow.java:421)
	at org.apache.ratis.grpc.client.GrpcClientProtocolService$OrderedRequestStreamObserver.processClientRequest(GrpcClientProtocolService.java:345)
	at org.apache.ratis.grpc.client.GrpcClientProtocolService$RequestStreamObserver.onNext(GrpcClientProtocolService.java:240)
	at org.apache.ratis.grpc.client.GrpcClientProtocolService$RequestStreamObserver.onNext(GrpcClientProtocolService.java:168)
	at org.apache.ratis.thirdparty.io.grpc.stub.ServerCalls$StreamingServerCallHandler$StreamingServerCallListener.onMessage(ServerCalls.java:248)
	at org.apache.ratis.thirdparty.io.grpc.internal.ServerCallImpl$ServerStreamListenerImpl.messagesAvailable(ServerCallImpl.java:263)
	at org.apache.ratis.thirdparty.io.grpc.internal.ServerImpl$JumpToApplicationThreadServerStreamListener$1MessagesAvailable.runInContext(ServerImpl.java:686)
	at org.apache.ratis.thirdparty.io.grpc.internal.ContextRunnable.run(ContextRunnable.java:37)
	at org.apache.ratis.thirdparty.io.grpc.internal.SerializingExecutor.run(SerializingExecutor.java:123)
	at java.util.concurrent.ThreadPoolExecutor.runWorker(ThreadPoolExecutor.java:1149)
	at java.util.concurrent.ThreadPoolExecutor$Worker.run(ThreadPoolExecutor.java:624)
	at java.lang.Thread.run(Thread.java:748)
2019-09-24 16:17:46,996 WARN  server.GrpcLogAppender (GrpcLogAppender.java:timeoutAppendRequest(200)) - s2@group-5C26748AB2B1->s1-GrpcLogAppender: appendEntries Timeout, request=s2->s1#4239-t3, previous=(t:3, i:3431), leaderCommit=3329, initializing? false, entries: <empty>
2019-09-24 16:17:46,999 WARN  server.GrpcLogAppender (GrpcLogAppender.java:timeoutAppendRequest(200)) - s2@group-5C26748AB2B1->s0-GrpcLogAppender: appendEntries Timeout, request=s2->s0#4082-t3, previous=(t:3, i:3431), leaderCommit=3329, initializing? false, entries: <empty>
2019-09-24 16:17:47,071 WARN  server.GrpcLogAppender (GrpcLogAppender.java:timeoutAppendRequest(200)) - s2@group-5C26748AB2B1->s1-GrpcLogAppender: appendEntries Timeout, request=s2->s1#4240-t3, previous=(t:3, i:3431), leaderCommit=3329, initializing? false, entries: <empty>
2019-09-24 16:17:47,074 WARN  server.GrpcLogAppender (GrpcLogAppender.java:timeoutAppendRequest(200)) - s2@group-5C26748AB2B1->s0-GrpcLogAppender: appendEntries Timeout, request=s2->s0#4083-t3, previous=(t:3, i:3431), leaderCommit=3329, initializing? false, entries: <empty>
2019-09-24 16:17:47,082 DEBUG client.GrpcClientProtocolService (GrpcClientProtocolService.java:<init>(175)) - new 32-OrderedRequestStreamObserver32
2019-09-24 16:17:47,083 DEBUG client.GrpcClientProtocolService (GrpcClientProtocolService.java:responseError(257)) - 32-OrderedRequestStreamObserver32: Failed processClientRequest for RaftClientRequest:client-FBE51ED1F687->s1@group-926153DB23B0, cid=2455, seq=39*, RW, Message:00000026
org.apache.ratis.protocol.ServerNotReadyException: s1@group-926153DB23B0 is not in [RUNNING]: current state is CLOSING
	at org.apache.ratis.server.impl.RaftServerImpl.lambda$assertLifeCycleState$9(RaftServerImpl.java:468)
	at org.apache.ratis.util.LifeCycle.assertCurrentState(LifeCycle.java:185)
	at org.apache.ratis.server.impl.RaftServerImpl.assertLifeCycleState(RaftServerImpl.java:467)
	at org.apache.ratis.server.impl.RaftServerImpl.submitClientRequestAsync(RaftServerImpl.java:532)
	at org.apache.ratis.server.impl.RaftServerProxy.lambda$submitClientRequestAsync$7(RaftServerProxy.java:333)
	at org.apache.ratis.server.impl.RaftServerProxy.lambda$null$5(RaftServerProxy.java:328)
	at org.apache.ratis.util.JavaUtils.callAsUnchecked(JavaUtils.java:109)
	at org.apache.ratis.server.impl.RaftServerProxy.lambda$submitRequest$6(RaftServerProxy.java:328)
	at java.util.concurrent.CompletableFuture.uniComposeStage(CompletableFuture.java:981)
	at java.util.concurrent.CompletableFuture.thenCompose(CompletableFuture.java:2124)
	at org.apache.ratis.server.impl.RaftServerProxy.submitRequest(RaftServerProxy.java:327)
	at org.apache.ratis.server.impl.RaftServerProxy.submitClientRequestAsync(RaftServerProxy.java:333)
	at org.apache.ratis.grpc.client.GrpcClientProtocolService$RequestStreamObserver.processClientRequest(GrpcClientProtocolService.java:220)
	at org.apache.ratis.grpc.client.GrpcClientProtocolService$OrderedRequestStreamObserver.processClientRequest(GrpcClientProtocolService.java:326)
	at org.apache.ratis.util.SlidingWindow$Server.processRequestsFromHead(SlidingWindow.java:429)
	at org.apache.ratis.util.SlidingWindow$Server.receivedRequest(SlidingWindow.java:421)
	at org.apache.ratis.grpc.client.GrpcClientProtocolService$OrderedRequestStreamObserver.processClientRequest(GrpcClientProtocolService.java:345)
	at org.apache.ratis.grpc.client.GrpcClientProtocolService$RequestStreamObserver.onNext(GrpcClientProtocolService.java:240)
	at org.apache.ratis.grpc.client.GrpcClientProtocolService$RequestStreamObserver.onNext(GrpcClientProtocolService.java:168)
	at org.apache.ratis.thirdparty.io.grpc.stub.ServerCalls$StreamingServerCallHandler$StreamingServerCallListener.onMessage(ServerCalls.java:248)
	at org.apache.ratis.thirdparty.io.grpc.internal.ServerCallImpl$ServerStreamListenerImpl.messagesAvailable(ServerCallImpl.java:263)
	at org.apache.ratis.thirdparty.io.grpc.internal.ServerImpl$JumpToApplicationThreadServerStreamListener$1MessagesAvailable.runInContext(ServerImpl.java:686)
	at org.apache.ratis.thirdparty.io.grpc.internal.ContextRunnable.run(ContextRunnable.java:37)
	at org.apache.ratis.thirdparty.io.grpc.internal.SerializingExecutor.run(SerializingExecutor.java:123)
	at java.util.concurrent.ThreadPoolExecutor.runWorker(ThreadPoolExecutor.java:1149)
	at java.util.concurrent.ThreadPoolExecutor$Worker.run(ThreadPoolExecutor.java:624)
	at java.lang.Thread.run(Thread.java:748)
2019-09-24 16:17:47,146 WARN  server.GrpcLogAppender (GrpcLogAppender.java:timeoutAppendRequest(200)) - s2@group-5C26748AB2B1->s1-GrpcLogAppender: appendEntries Timeout, request=s2->s1#4241-t3, previous=(t:3, i:3431), leaderCommit=3329, initializing? false, entries: <empty>
2019-09-24 16:17:47,149 WARN  server.GrpcLogAppender (GrpcLogAppender.java:timeoutAppendRequest(200)) - s2@group-5C26748AB2B1->s0-GrpcLogAppender: appendEntries Timeout, request=s2->s0#4084-t3, previous=(t:3, i:3431), leaderCommit=3329, initializing? false, entries: <empty>
2019-09-24 16:17:47,222 WARN  server.GrpcLogAppender (GrpcLogAppender.java:timeoutAppendRequest(200)) - s2@group-5C26748AB2B1->s1-GrpcLogAppender: appendEntries Timeout, request=s2->s1#4242-t3, previous=(t:3, i:3431), leaderCommit=3329, initializing? false, entries: <empty>
2019-09-24 16:17:47,224 WARN  server.GrpcLogAppender (GrpcLogAppender.java:timeoutAppendRequest(200)) - s2@group-5C26748AB2B1->s0-GrpcLogAppender: appendEntries Timeout, request=s2->s0#4085-t3, previous=(t:3, i:3431), leaderCommit=3329, initializing? false, entries: <empty>
2019-09-24 16:17:47,291 DEBUG client.GrpcClientProtocolService (GrpcClientProtocolService.java:<init>(175)) - new 33-OrderedRequestStreamObserver33
2019-09-24 16:17:47,292 DEBUG client.GrpcClientProtocolService (GrpcClientProtocolService.java:responseError(257)) - 33-OrderedRequestStreamObserver33: Failed processClientRequest for RaftClientRequest:client-FBE51ED1F687->s1@group-926153DB23B0, cid=2455, seq=39*, RW, Message:00000026
org.apache.ratis.protocol.ServerNotReadyException: s1@group-926153DB23B0 is not in [RUNNING]: current state is CLOSING
	at org.apache.ratis.server.impl.RaftServerImpl.lambda$assertLifeCycleState$9(RaftServerImpl.java:468)
	at org.apache.ratis.util.LifeCycle.assertCurrentState(LifeCycle.java:185)
	at org.apache.ratis.server.impl.RaftServerImpl.assertLifeCycleState(RaftServerImpl.java:467)
	at org.apache.ratis.server.impl.RaftServerImpl.submitClientRequestAsync(RaftServerImpl.java:532)
	at org.apache.ratis.server.impl.RaftServerProxy.lambda$submitClientRequestAsync$7(RaftServerProxy.java:333)
	at org.apache.ratis.server.impl.RaftServerProxy.lambda$null$5(RaftServerProxy.java:328)
	at org.apache.ratis.util.JavaUtils.callAsUnchecked(JavaUtils.java:109)
	at org.apache.ratis.server.impl.RaftServerProxy.lambda$submitRequest$6(RaftServerProxy.java:328)
	at java.util.concurrent.CompletableFuture.uniComposeStage(CompletableFuture.java:981)
	at java.util.concurrent.CompletableFuture.thenCompose(CompletableFuture.java:2124)
	at org.apache.ratis.server.impl.RaftServerProxy.submitRequest(RaftServerProxy.java:327)
	at org.apache.ratis.server.impl.RaftServerProxy.submitClientRequestAsync(RaftServerProxy.java:333)
	at org.apache.ratis.grpc.client.GrpcClientProtocolService$RequestStreamObserver.processClientRequest(GrpcClientProtocolService.java:220)
	at org.apache.ratis.grpc.client.GrpcClientProtocolService$OrderedRequestStreamObserver.processClientRequest(GrpcClientProtocolService.java:326)
	at org.apache.ratis.util.SlidingWindow$Server.processRequestsFromHead(SlidingWindow.java:429)
	at org.apache.ratis.util.SlidingWindow$Server.receivedRequest(SlidingWindow.java:421)
	at org.apache.ratis.grpc.client.GrpcClientProtocolService$OrderedRequestStreamObserver.processClientRequest(GrpcClientProtocolService.java:345)
	at org.apache.ratis.grpc.client.GrpcClientProtocolService$RequestStreamObserver.onNext(GrpcClientProtocolService.java:240)
	at org.apache.ratis.grpc.client.GrpcClientProtocolService$RequestStreamObserver.onNext(GrpcClientProtocolService.java:168)
	at org.apache.ratis.thirdparty.io.grpc.stub.ServerCalls$StreamingServerCallHandler$StreamingServerCallListener.onMessage(ServerCalls.java:248)
	at org.apache.ratis.thirdparty.io.grpc.internal.ServerCallImpl$ServerStreamListenerImpl.messagesAvailable(ServerCallImpl.java:263)
	at org.apache.ratis.thirdparty.io.grpc.internal.ServerImpl$JumpToApplicationThreadServerStreamListener$1MessagesAvailable.runInContext(ServerImpl.java:686)
	at org.apache.ratis.thirdparty.io.grpc.internal.ContextRunnable.run(ContextRunnable.java:37)
	at org.apache.ratis.thirdparty.io.grpc.internal.SerializingExecutor.run(SerializingExecutor.java:123)
	at java.util.concurrent.ThreadPoolExecutor.runWorker(ThreadPoolExecutor.java:1149)
	at java.util.concurrent.ThreadPoolExecutor$Worker.run(ThreadPoolExecutor.java:624)
	at java.lang.Thread.run(Thread.java:748)
2019-09-24 16:17:47,297 WARN  server.GrpcLogAppender (GrpcLogAppender.java:timeoutAppendRequest(200)) - s2@group-5C26748AB2B1->s1-GrpcLogAppender: appendEntries Timeout, request=s2->s1#4243-t3, previous=(t:3, i:3431), leaderCommit=3329, initializing? false, entries: <empty>
2019-09-24 16:17:47,300 WARN  server.GrpcLogAppender (GrpcLogAppender.java:timeoutAppendRequest(200)) - s2@group-5C26748AB2B1->s0-GrpcLogAppender: appendEntries Timeout, request=s2->s0#4086-t3, previous=(t:3, i:3431), leaderCommit=3329, initializing? false, entries: <empty>
2019-09-24 16:17:47,372 WARN  server.GrpcLogAppender (GrpcLogAppender.java:timeoutAppendRequest(200)) - s2@group-5C26748AB2B1->s1-GrpcLogAppender: appendEntries Timeout, request=s2->s1#4244-t3, previous=(t:3, i:3431), leaderCommit=3329, initializing? false, entries: <empty>
2019-09-24 16:17:47,375 WARN  server.GrpcLogAppender (GrpcLogAppender.java:timeoutAppendRequest(200)) - s2@group-5C26748AB2B1->s0-GrpcLogAppender: appendEntries Timeout, request=s2->s0#4087-t3, previous=(t:3, i:3431), leaderCommit=3329, initializing? false, entries: <empty>
2019-09-24 16:17:47,447 WARN  server.GrpcLogAppender (GrpcLogAppender.java:timeoutAppendRequest(200)) - s2@group-5C26748AB2B1->s1-GrpcLogAppender: appendEntries Timeout, request=s2->s1#4245-t3, previous=(t:3, i:3431), leaderCommit=3329, initializing? false, entries: <empty>
2019-09-24 16:17:47,450 WARN  server.GrpcLogAppender (GrpcLogAppender.java:timeoutAppendRequest(200)) - s2@group-5C26748AB2B1->s0-GrpcLogAppender: appendEntries Timeout, request=s2->s0#4088-t3, previous=(t:3, i:3431), leaderCommit=3329, initializing? false, entries: <empty>
2019-09-24 16:17:47,501 DEBUG client.GrpcClientProtocolService (GrpcClientProtocolService.java:<init>(175)) - new 34-OrderedRequestStreamObserver34
2019-09-24 16:17:47,501 DEBUG client.GrpcClientProtocolService (GrpcClientProtocolService.java:responseError(257)) - 34-OrderedRequestStreamObserver34: Failed processClientRequest for RaftClientRequest:client-FBE51ED1F687->s1@group-926153DB23B0, cid=2455, seq=39*, RW, Message:00000026
org.apache.ratis.protocol.ServerNotReadyException: s1@group-926153DB23B0 is not in [RUNNING]: current state is CLOSING
	at org.apache.ratis.server.impl.RaftServerImpl.lambda$assertLifeCycleState$9(RaftServerImpl.java:468)
	at org.apache.ratis.util.LifeCycle.assertCurrentState(LifeCycle.java:185)
	at org.apache.ratis.server.impl.RaftServerImpl.assertLifeCycleState(RaftServerImpl.java:467)
	at org.apache.ratis.server.impl.RaftServerImpl.submitClientRequestAsync(RaftServerImpl.java:532)
	at org.apache.ratis.server.impl.RaftServerProxy.lambda$submitClientRequestAsync$7(RaftServerProxy.java:333)
	at org.apache.ratis.server.impl.RaftServerProxy.lambda$null$5(RaftServerProxy.java:328)
	at org.apache.ratis.util.JavaUtils.callAsUnchecked(JavaUtils.java:109)
	at org.apache.ratis.server.impl.RaftServerProxy.lambda$submitRequest$6(RaftServerProxy.java:328)
	at java.util.concurrent.CompletableFuture.uniComposeStage(CompletableFuture.java:981)
	at java.util.concurrent.CompletableFuture.thenCompose(CompletableFuture.java:2124)
	at org.apache.ratis.server.impl.RaftServerProxy.submitRequest(RaftServerProxy.java:327)
	at org.apache.ratis.server.impl.RaftServerProxy.submitClientRequestAsync(RaftServerProxy.java:333)
	at org.apache.ratis.grpc.client.GrpcClientProtocolService$RequestStreamObserver.processClientRequest(GrpcClientProtocolService.java:220)
	at org.apache.ratis.grpc.client.GrpcClientProtocolService$OrderedRequestStreamObserver.processClientRequest(GrpcClientProtocolService.java:326)
	at org.apache.ratis.util.SlidingWindow$Server.processRequestsFromHead(SlidingWindow.java:429)
	at org.apache.ratis.util.SlidingWindow$Server.receivedRequest(SlidingWindow.java:421)
	at org.apache.ratis.grpc.client.GrpcClientProtocolService$OrderedRequestStreamObserver.processClientRequest(GrpcClientProtocolService.java:345)
	at org.apache.ratis.grpc.client.GrpcClientProtocolService$RequestStreamObserver.onNext(GrpcClientProtocolService.java:240)
	at org.apache.ratis.grpc.client.GrpcClientProtocolService$RequestStreamObserver.onNext(GrpcClientProtocolService.java:168)
	at org.apache.ratis.thirdparty.io.grpc.stub.ServerCalls$StreamingServerCallHandler$StreamingServerCallListener.onMessage(ServerCalls.java:248)
	at org.apache.ratis.thirdparty.io.grpc.internal.ServerCallImpl$ServerStreamListenerImpl.messagesAvailable(ServerCallImpl.java:263)
	at org.apache.ratis.thirdparty.io.grpc.internal.ServerImpl$JumpToApplicationThreadServerStreamListener$1MessagesAvailable.runInContext(ServerImpl.java:686)
	at org.apache.ratis.thirdparty.io.grpc.internal.ContextRunnable.run(ContextRunnable.java:37)
	at org.apache.ratis.thirdparty.io.grpc.internal.SerializingExecutor.run(SerializingExecutor.java:123)
	at java.util.concurrent.ThreadPoolExecutor.runWorker(ThreadPoolExecutor.java:1149)
	at java.util.concurrent.ThreadPoolExecutor$Worker.run(ThreadPoolExecutor.java:624)
	at java.lang.Thread.run(Thread.java:748)
2019-09-24 16:17:47,522 WARN  server.GrpcLogAppender (GrpcLogAppender.java:timeoutAppendRequest(200)) - s2@group-5C26748AB2B1->s1-GrpcLogAppender: appendEntries Timeout, request=s2->s1#4246-t3, previous=(t:3, i:3431), leaderCommit=3329, initializing? false, entries: <empty>
2019-09-24 16:17:47,525 WARN  server.GrpcLogAppender (GrpcLogAppender.java:timeoutAppendRequest(200)) - s2@group-5C26748AB2B1->s0-GrpcLogAppender: appendEntries Timeout, request=s2->s0#4089-t3, previous=(t:3, i:3431), leaderCommit=3329, initializing? false, entries: <empty>
2019-09-24 16:17:47,598 WARN  server.GrpcLogAppender (GrpcLogAppender.java:timeoutAppendRequest(200)) - s2@group-5C26748AB2B1->s1-GrpcLogAppender: appendEntries Timeout, request=s2->s1#4247-t3, previous=(t:3, i:3431), leaderCommit=3329, initializing? false, entries: <empty>
2019-09-24 16:17:47,600 WARN  server.GrpcLogAppender (GrpcLogAppender.java:timeoutAppendRequest(200)) - s2@group-5C26748AB2B1->s0-GrpcLogAppender: appendEntries Timeout, request=s2->s0#4090-t3, previous=(t:3, i:3431), leaderCommit=3329, initializing? false, entries: <empty>
2019-09-24 16:17:47,673 WARN  server.GrpcLogAppender (GrpcLogAppender.java:timeoutAppendRequest(200)) - s2@group-5C26748AB2B1->s1-GrpcLogAppender: appendEntries Timeout, request=s2->s1#4248-t3, previous=(t:3, i:3431), leaderCommit=3329, initializing? false, entries: <empty>
2019-09-24 16:17:47,678 WARN  server.GrpcLogAppender (GrpcLogAppender.java:timeoutAppendRequest(200)) - s2@group-5C26748AB2B1->s0-GrpcLogAppender: appendEntries Timeout, request=s2->s0#4091-t3, previous=(t:3, i:3431), leaderCommit=3329, initializing? false, entries: <empty>
2019-09-24 16:17:47,711 DEBUG client.GrpcClientProtocolService (GrpcClientProtocolService.java:<init>(175)) - new 35-OrderedRequestStreamObserver35
2019-09-24 16:17:47,711 DEBUG client.GrpcClientProtocolService (GrpcClientProtocolService.java:responseError(257)) - 35-OrderedRequestStreamObserver35: Failed processClientRequest for RaftClientRequest:client-FBE51ED1F687->s1@group-926153DB23B0, cid=2455, seq=39*, RW, Message:00000026
org.apache.ratis.protocol.ServerNotReadyException: s1@group-926153DB23B0 is not in [RUNNING]: current state is CLOSING
	at org.apache.ratis.server.impl.RaftServerImpl.lambda$assertLifeCycleState$9(RaftServerImpl.java:468)
	at org.apache.ratis.util.LifeCycle.assertCurrentState(LifeCycle.java:185)
	at org.apache.ratis.server.impl.RaftServerImpl.assertLifeCycleState(RaftServerImpl.java:467)
	at org.apache.ratis.server.impl.RaftServerImpl.submitClientRequestAsync(RaftServerImpl.java:532)
	at org.apache.ratis.server.impl.RaftServerProxy.lambda$submitClientRequestAsync$7(RaftServerProxy.java:333)
	at org.apache.ratis.server.impl.RaftServerProxy.lambda$null$5(RaftServerProxy.java:328)
	at org.apache.ratis.util.JavaUtils.callAsUnchecked(JavaUtils.java:109)
	at org.apache.ratis.server.impl.RaftServerProxy.lambda$submitRequest$6(RaftServerProxy.java:328)
	at java.util.concurrent.CompletableFuture.uniComposeStage(CompletableFuture.java:981)
	at java.util.concurrent.CompletableFuture.thenCompose(CompletableFuture.java:2124)
	at org.apache.ratis.server.impl.RaftServerProxy.submitRequest(RaftServerProxy.java:327)
	at org.apache.ratis.server.impl.RaftServerProxy.submitClientRequestAsync(RaftServerProxy.java:333)
	at org.apache.ratis.grpc.client.GrpcClientProtocolService$RequestStreamObserver.processClientRequest(GrpcClientProtocolService.java:220)
	at org.apache.ratis.grpc.client.GrpcClientProtocolService$OrderedRequestStreamObserver.processClientRequest(GrpcClientProtocolService.java:326)
	at org.apache.ratis.util.SlidingWindow$Server.processRequestsFromHead(SlidingWindow.java:429)
	at org.apache.ratis.util.SlidingWindow$Server.receivedRequest(SlidingWindow.java:421)
	at org.apache.ratis.grpc.client.GrpcClientProtocolService$OrderedRequestStreamObserver.processClientRequest(GrpcClientProtocolService.java:345)
	at org.apache.ratis.grpc.client.GrpcClientProtocolService$RequestStreamObserver.onNext(GrpcClientProtocolService.java:240)
	at org.apache.ratis.grpc.client.GrpcClientProtocolService$RequestStreamObserver.onNext(GrpcClientProtocolService.java:168)
	at org.apache.ratis.thirdparty.io.grpc.stub.ServerCalls$StreamingServerCallHandler$StreamingServerCallListener.onMessage(ServerCalls.java:248)
	at org.apache.ratis.thirdparty.io.grpc.internal.ServerCallImpl$ServerStreamListenerImpl.messagesAvailable(ServerCallImpl.java:263)
	at org.apache.ratis.thirdparty.io.grpc.internal.ServerImpl$JumpToApplicationThreadServerStreamListener$1MessagesAvailable.runInContext(ServerImpl.java:686)
	at org.apache.ratis.thirdparty.io.grpc.internal.ContextRunnable.run(ContextRunnable.java:37)
	at org.apache.ratis.thirdparty.io.grpc.internal.SerializingExecutor.run(SerializingExecutor.java:123)
	at java.util.concurrent.ThreadPoolExecutor.runWorker(ThreadPoolExecutor.java:1149)
	at java.util.concurrent.ThreadPoolExecutor$Worker.run(ThreadPoolExecutor.java:624)
	at java.lang.Thread.run(Thread.java:748)
2019-09-24 16:17:47,748 WARN  server.GrpcLogAppender (GrpcLogAppender.java:timeoutAppendRequest(200)) - s2@group-5C26748AB2B1->s1-GrpcLogAppender: appendEntries Timeout, request=s2->s1#4249-t3, previous=(t:3, i:3431), leaderCommit=3329, initializing? false, entries: <empty>
2019-09-24 16:17:47,753 WARN  server.GrpcLogAppender (GrpcLogAppender.java:timeoutAppendRequest(200)) - s2@group-5C26748AB2B1->s0-GrpcLogAppender: appendEntries Timeout, request=s2->s0#4092-t3, previous=(t:3, i:3431), leaderCommit=3329, initializing? false, entries: <empty>
2019-09-24 16:17:47,823 WARN  server.GrpcLogAppender (GrpcLogAppender.java:timeoutAppendRequest(200)) - s2@group-5C26748AB2B1->s1-GrpcLogAppender: appendEntries Timeout, request=s2->s1#4250-t3, previous=(t:3, i:3431), leaderCommit=3329, initializing? false, entries: <empty>
2019-09-24 16:17:47,828 WARN  server.GrpcLogAppender (GrpcLogAppender.java:timeoutAppendRequest(200)) - s2@group-5C26748AB2B1->s0-GrpcLogAppender: appendEntries Timeout, request=s2->s0#4093-t3, previous=(t:3, i:3431), leaderCommit=3329, initializing? false, entries: <empty>
2019-09-24 16:17:47,898 WARN  server.GrpcLogAppender (GrpcLogAppender.java:timeoutAppendRequest(200)) - s2@group-5C26748AB2B1->s1-GrpcLogAppender: appendEntries Timeout, request=s2->s1#4251-t3, previous=(t:3, i:3431), leaderCommit=3329, initializing? false, entries: <empty>
2019-09-24 16:17:47,903 WARN  server.GrpcLogAppender (GrpcLogAppender.java:timeoutAppendRequest(200)) - s2@group-5C26748AB2B1->s0-GrpcLogAppender: appendEntries Timeout, request=s2->s0#4094-t3, previous=(t:3, i:3431), leaderCommit=3329, initializing? false, entries: <empty>
2019-09-24 16:17:47,920 DEBUG client.GrpcClientProtocolService (GrpcClientProtocolService.java:<init>(175)) - new 7-OrderedRequestStreamObserver7
2019-09-24 16:17:47,920 DEBUG client.GrpcClientProtocolService (GrpcClientProtocolService.java:responseError(257)) - 7-OrderedRequestStreamObserver7: Failed processClientRequest for RaftClientRequest:client-FBE51ED1F687->s0@group-926153DB23B0, cid=2455, seq=39*, RW, Message:00000026
org.apache.ratis.protocol.ServerNotReadyException: s0@group-926153DB23B0 is not in [RUNNING]: current state is CLOSING
	at org.apache.ratis.server.impl.RaftServerImpl.lambda$assertLifeCycleState$9(RaftServerImpl.java:468)
	at org.apache.ratis.util.LifeCycle.assertCurrentState(LifeCycle.java:185)
	at org.apache.ratis.server.impl.RaftServerImpl.assertLifeCycleState(RaftServerImpl.java:467)
	at org.apache.ratis.server.impl.RaftServerImpl.submitClientRequestAsync(RaftServerImpl.java:532)
	at org.apache.ratis.server.impl.RaftServerProxy.lambda$submitClientRequestAsync$7(RaftServerProxy.java:333)
	at org.apache.ratis.server.impl.RaftServerProxy.lambda$null$5(RaftServerProxy.java:328)
	at org.apache.ratis.util.JavaUtils.callAsUnchecked(JavaUtils.java:109)
	at org.apache.ratis.server.impl.RaftServerProxy.lambda$submitRequest$6(RaftServerProxy.java:328)
	at java.util.concurrent.CompletableFuture.uniComposeStage(CompletableFuture.java:981)
	at java.util.concurrent.CompletableFuture.thenCompose(CompletableFuture.java:2124)
	at org.apache.ratis.server.impl.RaftServerProxy.submitRequest(RaftServerProxy.java:327)
	at org.apache.ratis.server.impl.RaftServerProxy.submitClientRequestAsync(RaftServerProxy.java:333)
	at org.apache.ratis.grpc.client.GrpcClientProtocolService$RequestStreamObserver.processClientRequest(GrpcClientProtocolService.java:220)
	at org.apache.ratis.grpc.client.GrpcClientProtocolService$OrderedRequestStreamObserver.processClientRequest(GrpcClientProtocolService.java:326)
	at org.apache.ratis.util.SlidingWindow$Server.processRequestsFromHead(SlidingWindow.java:429)
	at org.apache.ratis.util.SlidingWindow$Server.receivedRequest(SlidingWindow.java:421)
	at org.apache.ratis.grpc.client.GrpcClientProtocolService$OrderedRequestStreamObserver.processClientRequest(GrpcClientProtocolService.java:345)
	at org.apache.ratis.grpc.client.GrpcClientProtocolService$RequestStreamObserver.onNext(GrpcClientProtocolService.java:240)
	at org.apache.ratis.grpc.client.GrpcClientProtocolService$RequestStreamObserver.onNext(GrpcClientProtocolService.java:168)
	at org.apache.ratis.thirdparty.io.grpc.stub.ServerCalls$StreamingServerCallHandler$StreamingServerCallListener.onMessage(ServerCalls.java:248)
	at org.apache.ratis.thirdparty.io.grpc.internal.ServerCallImpl$ServerStreamListenerImpl.messagesAvailable(ServerCallImpl.java:263)
	at org.apache.ratis.thirdparty.io.grpc.internal.ServerImpl$JumpToApplicationThreadServerStreamListener$1MessagesAvailable.runInContext(ServerImpl.java:686)
	at org.apache.ratis.thirdparty.io.grpc.internal.ContextRunnable.run(ContextRunnable.java:37)
	at org.apache.ratis.thirdparty.io.grpc.internal.SerializingExecutor.run(SerializingExecutor.java:123)
	at java.util.concurrent.ThreadPoolExecutor.runWorker(ThreadPoolExecutor.java:1149)
	at java.util.concurrent.ThreadPoolExecutor$Worker.run(ThreadPoolExecutor.java:624)
	at java.lang.Thread.run(Thread.java:748)
2019-09-24 16:17:47,973 WARN  server.GrpcLogAppender (GrpcLogAppender.java:timeoutAppendRequest(200)) - s2@group-5C26748AB2B1->s1-GrpcLogAppender: appendEntries Timeout, request=s2->s1#4252-t3, previous=(t:3, i:3431), leaderCommit=3329, initializing? false, entries: <empty>
2019-09-24 16:17:47,979 WARN  server.GrpcLogAppender (GrpcLogAppender.java:timeoutAppendRequest(200)) - s2@group-5C26748AB2B1->s0-GrpcLogAppender: appendEntries Timeout, request=s2->s0#4095-t3, previous=(t:3, i:3431), leaderCommit=3329, initializing? false, entries: <empty>
2019-09-24 16:17:48,049 WARN  server.GrpcLogAppender (GrpcLogAppender.java:timeoutAppendRequest(200)) - s2@group-5C26748AB2B1->s1-GrpcLogAppender: appendEntries Timeout, request=s2->s1#4253-t3, previous=(t:3, i:3431), leaderCommit=3329, initializing? false, entries: <empty>
2019-09-24 16:17:48,054 WARN  server.GrpcLogAppender (GrpcLogAppender.java:timeoutAppendRequest(200)) - s2@group-5C26748AB2B1->s0-GrpcLogAppender: appendEntries Timeout, request=s2->s0#4096-t3, previous=(t:3, i:3431), leaderCommit=3329, initializing? false, entries: <empty>
2019-09-24 16:17:48,124 WARN  server.GrpcLogAppender (GrpcLogAppender.java:timeoutAppendRequest(200)) - s2@group-5C26748AB2B1->s1-GrpcLogAppender: appendEntries Timeout, request=s2->s1#4254-t3, previous=(t:3, i:3431), leaderCommit=3329, initializing? false, entries: <empty>
2019-09-24 16:17:48,128 DEBUG client.GrpcClientProtocolService (GrpcClientProtocolService.java:<init>(175)) - new 8-OrderedRequestStreamObserver8
2019-09-24 16:17:48,129 DEBUG client.GrpcClientProtocolService (GrpcClientProtocolService.java:responseError(257)) - 8-OrderedRequestStreamObserver8: Failed processClientRequest for RaftClientRequest:client-FBE51ED1F687->s0@group-926153DB23B0, cid=2455, seq=39*, RW, Message:00000026
org.apache.ratis.protocol.ServerNotReadyException: s0@group-926153DB23B0 is not in [RUNNING]: current state is CLOSING
	at org.apache.ratis.server.impl.RaftServerImpl.lambda$assertLifeCycleState$9(RaftServerImpl.java:468)
	at org.apache.ratis.util.LifeCycle.assertCurrentState(LifeCycle.java:185)
	at org.apache.ratis.server.impl.RaftServerImpl.assertLifeCycleState(RaftServerImpl.java:467)
	at org.apache.ratis.server.impl.RaftServerImpl.submitClientRequestAsync(RaftServerImpl.java:532)
	at org.apache.ratis.server.impl.RaftServerProxy.lambda$submitClientRequestAsync$7(RaftServerProxy.java:333)
	at org.apache.ratis.server.impl.RaftServerProxy.lambda$null$5(RaftServerProxy.java:328)
	at org.apache.ratis.util.JavaUtils.callAsUnchecked(JavaUtils.java:109)
	at org.apache.ratis.server.impl.RaftServerProxy.lambda$submitRequest$6(RaftServerProxy.java:328)
	at java.util.concurrent.CompletableFuture.uniComposeStage(CompletableFuture.java:981)
	at java.util.concurrent.CompletableFuture.thenCompose(CompletableFuture.java:2124)
	at org.apache.ratis.server.impl.RaftServerProxy.submitRequest(RaftServerProxy.java:327)
	at org.apache.ratis.server.impl.RaftServerProxy.submitClientRequestAsync(RaftServerProxy.java:333)
	at org.apache.ratis.grpc.client.GrpcClientProtocolService$RequestStreamObserver.processClientRequest(GrpcClientProtocolService.java:220)
	at org.apache.ratis.grpc.client.GrpcClientProtocolService$OrderedRequestStreamObserver.processClientRequest(GrpcClientProtocolService.java:326)
	at org.apache.ratis.util.SlidingWindow$Server.processRequestsFromHead(SlidingWindow.java:429)
	at org.apache.ratis.util.SlidingWindow$Server.receivedRequest(SlidingWindow.java:421)
	at org.apache.ratis.grpc.client.GrpcClientProtocolService$OrderedRequestStreamObserver.processClientRequest(GrpcClientProtocolService.java:345)
	at org.apache.ratis.grpc.client.GrpcClientProtocolService$RequestStreamObserver.onNext(GrpcClientProtocolService.java:240)
	at org.apache.ratis.grpc.client.GrpcClientProtocolService$RequestStreamObserver.onNext(GrpcClientProtocolService.java:168)
	at org.apache.ratis.thirdparty.io.grpc.stub.ServerCalls$StreamingServerCallHandler$StreamingServerCallListener.onMessage(ServerCalls.java:248)
	at org.apache.ratis.thirdparty.io.grpc.internal.ServerCallImpl$ServerStreamListenerImpl.messagesAvailable(ServerCallImpl.java:263)
	at org.apache.ratis.thirdparty.io.grpc.internal.ServerImpl$JumpToApplicationThreadServerStreamListener$1MessagesAvailable.runInContext(ServerImpl.java:686)
	at org.apache.ratis.thirdparty.io.grpc.internal.ContextRunnable.run(ContextRunnable.java:37)
	at org.apache.ratis.thirdparty.io.grpc.internal.SerializingExecutor.run(SerializingExecutor.java:123)
	at java.util.concurrent.ThreadPoolExecutor.runWorker(ThreadPoolExecutor.java:1149)
	at java.util.concurrent.ThreadPoolExecutor$Worker.run(ThreadPoolExecutor.java:624)
	at java.lang.Thread.run(Thread.java:748)
2019-09-24 16:17:48,129 WARN  server.GrpcLogAppender (GrpcLogAppender.java:timeoutAppendRequest(200)) - s2@group-5C26748AB2B1->s0-GrpcLogAppender: appendEntries Timeout, request=s2->s0#4097-t3, previous=(t:3, i:3431), leaderCommit=3329, initializing? false, entries: <empty>
2019-09-24 16:17:48,199 WARN  server.GrpcLogAppender (GrpcLogAppender.java:timeoutAppendRequest(200)) - s2@group-5C26748AB2B1->s1-GrpcLogAppender: appendEntries Timeout, request=s2->s1#4255-t3, previous=(t:3, i:3431), leaderCommit=3329, initializing? false, entries: <empty>
2019-09-24 16:17:48,204 WARN  server.GrpcLogAppender (GrpcLogAppender.java:timeoutAppendRequest(200)) - s2@group-5C26748AB2B1->s0-GrpcLogAppender: appendEntries Timeout, request=s2->s0#4098-t3, previous=(t:3, i:3431), leaderCommit=3329, initializing? false, entries: <empty>
2019-09-24 16:17:48,274 WARN  server.GrpcLogAppender (GrpcLogAppender.java:timeoutAppendRequest(200)) - s2@group-5C26748AB2B1->s1-GrpcLogAppender: appendEntries Timeout, request=s2->s1#4256-t3, previous=(t:3, i:3431), leaderCommit=3329, initializing? false, entries: <empty>
2019-09-24 16:17:48,279 WARN  server.GrpcLogAppender (GrpcLogAppender.java:timeoutAppendRequest(200)) - s2@group-5C26748AB2B1->s0-GrpcLogAppender: appendEntries Timeout, request=s2->s0#4099-t3, previous=(t:3, i:3431), leaderCommit=3329, initializing? false, entries: <empty>
2019-09-24 16:17:48,336 DEBUG client.GrpcClientProtocolService (GrpcClientProtocolService.java:<init>(175)) - new 9-OrderedRequestStreamObserver9
2019-09-24 16:17:48,336 DEBUG client.GrpcClientProtocolService (GrpcClientProtocolService.java:responseError(257)) - 9-OrderedRequestStreamObserver9: Failed processClientRequest for RaftClientRequest:client-FBE51ED1F687->s0@group-926153DB23B0, cid=2455, seq=39*, RW, Message:00000026
org.apache.ratis.protocol.ServerNotReadyException: s0@group-926153DB23B0 is not in [RUNNING]: current state is CLOSING
	at org.apache.ratis.server.impl.RaftServerImpl.lambda$assertLifeCycleState$9(RaftServerImpl.java:468)
	at org.apache.ratis.util.LifeCycle.assertCurrentState(LifeCycle.java:185)
	at org.apache.ratis.server.impl.RaftServerImpl.assertLifeCycleState(RaftServerImpl.java:467)
	at org.apache.ratis.server.impl.RaftServerImpl.submitClientRequestAsync(RaftServerImpl.java:532)
	at org.apache.ratis.server.impl.RaftServerProxy.lambda$submitClientRequestAsync$7(RaftServerProxy.java:333)
	at org.apache.ratis.server.impl.RaftServerProxy.lambda$null$5(RaftServerProxy.java:328)
	at org.apache.ratis.util.JavaUtils.callAsUnchecked(JavaUtils.java:109)
	at org.apache.ratis.server.impl.RaftServerProxy.lambda$submitRequest$6(RaftServerProxy.java:328)
	at java.util.concurrent.CompletableFuture.uniComposeStage(CompletableFuture.java:981)
	at java.util.concurrent.CompletableFuture.thenCompose(CompletableFuture.java:2124)
	at org.apache.ratis.server.impl.RaftServerProxy.submitRequest(RaftServerProxy.java:327)
	at org.apache.ratis.server.impl.RaftServerProxy.submitClientRequestAsync(RaftServerProxy.java:333)
	at org.apache.ratis.grpc.client.GrpcClientProtocolService$RequestStreamObserver.processClientRequest(GrpcClientProtocolService.java:220)
	at org.apache.ratis.grpc.client.GrpcClientProtocolService$OrderedRequestStreamObserver.processClientRequest(GrpcClientProtocolService.java:326)
	at org.apache.ratis.util.SlidingWindow$Server.processRequestsFromHead(SlidingWindow.java:429)
	at org.apache.ratis.util.SlidingWindow$Server.receivedRequest(SlidingWindow.java:421)
	at org.apache.ratis.grpc.client.GrpcClientProtocolService$OrderedRequestStreamObserver.processClientRequest(GrpcClientProtocolService.java:345)
	at org.apache.ratis.grpc.client.GrpcClientProtocolService$RequestStreamObserver.onNext(GrpcClientProtocolService.java:240)
	at org.apache.ratis.grpc.client.GrpcClientProtocolService$RequestStreamObserver.onNext(GrpcClientProtocolService.java:168)
	at org.apache.ratis.thirdparty.io.grpc.stub.ServerCalls$StreamingServerCallHandler$StreamingServerCallListener.onMessage(ServerCalls.java:248)
	at org.apache.ratis.thirdparty.io.grpc.internal.ServerCallImpl$ServerStreamListenerImpl.messagesAvailable(ServerCallImpl.java:263)
	at org.apache.ratis.thirdparty.io.grpc.internal.ServerImpl$JumpToApplicationThreadServerStreamListener$1MessagesAvailable.runInContext(ServerImpl.java:686)
	at org.apache.ratis.thirdparty.io.grpc.internal.ContextRunnable.run(ContextRunnable.java:37)
	at org.apache.ratis.thirdparty.io.grpc.internal.SerializingExecutor.run(SerializingExecutor.java:123)
	at java.util.concurrent.ThreadPoolExecutor.runWorker(ThreadPoolExecutor.java:1149)
	at java.util.concurrent.ThreadPoolExecutor$Worker.run(ThreadPoolExecutor.java:624)
	at java.lang.Thread.run(Thread.java:748)
2019-09-24 16:17:48,349 WARN  server.GrpcLogAppender (GrpcLogAppender.java:timeoutAppendRequest(200)) - s2@group-5C26748AB2B1->s1-GrpcLogAppender: appendEntries Timeout, request=s2->s1#4257-t3, previous=(t:3, i:3431), leaderCommit=3329, initializing? false, entries: <empty>
2019-09-24 16:17:48,354 WARN  server.GrpcLogAppender (GrpcLogAppender.java:timeoutAppendRequest(200)) - s2@group-5C26748AB2B1->s0-GrpcLogAppender: appendEntries Timeout, request=s2->s0#4100-t3, previous=(t:3, i:3431), leaderCommit=3329, initializing? false, entries: <empty>
2019-09-24 16:17:48,424 WARN  server.GrpcLogAppender (GrpcLogAppender.java:timeoutAppendRequest(200)) - s2@group-5C26748AB2B1->s1-GrpcLogAppender: appendEntries Timeout, request=s2->s1#4258-t3, previous=(t:3, i:3431), leaderCommit=3329, initializing? false, entries: <empty>
2019-09-24 16:17:48,430 WARN  server.GrpcLogAppender (GrpcLogAppender.java:timeoutAppendRequest(200)) - s2@group-5C26748AB2B1->s0-GrpcLogAppender: appendEntries Timeout, request=s2->s0#4101-t3, previous=(t:3, i:3431), leaderCommit=3329, initializing? false, entries: <empty>
2019-09-24 16:17:48,443 DEBUG client.GrpcClientProtocolService (GrpcClientProtocolService.java:<init>(175)) - new 36-OrderedRequestStreamObserver36
2019-09-24 16:17:48,443 DEBUG client.GrpcClientProtocolService (GrpcClientProtocolService.java:responseError(257)) - 36-OrderedRequestStreamObserver36: Failed processClientRequest for RaftClientRequest:client-FBE51ED1F687->s1@group-926153DB23B0, cid=2455, seq=39*, RW, Message:00000026
org.apache.ratis.protocol.ServerNotReadyException: s1@group-926153DB23B0 is not in [RUNNING]: current state is CLOSING
	at org.apache.ratis.server.impl.RaftServerImpl.lambda$assertLifeCycleState$9(RaftServerImpl.java:468)
	at org.apache.ratis.util.LifeCycle.assertCurrentState(LifeCycle.java:185)
	at org.apache.ratis.server.impl.RaftServerImpl.assertLifeCycleState(RaftServerImpl.java:467)
	at org.apache.ratis.server.impl.RaftServerImpl.submitClientRequestAsync(RaftServerImpl.java:532)
	at org.apache.ratis.server.impl.RaftServerProxy.lambda$submitClientRequestAsync$7(RaftServerProxy.java:333)
	at org.apache.ratis.server.impl.RaftServerProxy.lambda$null$5(RaftServerProxy.java:328)
	at org.apache.ratis.util.JavaUtils.callAsUnchecked(JavaUtils.java:109)
	at org.apache.ratis.server.impl.RaftServerProxy.lambda$submitRequest$6(RaftServerProxy.java:328)
	at java.util.concurrent.CompletableFuture.uniComposeStage(CompletableFuture.java:981)
	at java.util.concurrent.CompletableFuture.thenCompose(CompletableFuture.java:2124)
	at org.apache.ratis.server.impl.RaftServerProxy.submitRequest(RaftServerProxy.java:327)
	at org.apache.ratis.server.impl.RaftServerProxy.submitClientRequestAsync(RaftServerProxy.java:333)
	at org.apache.ratis.grpc.client.GrpcClientProtocolService$RequestStreamObserver.processClientRequest(GrpcClientProtocolService.java:220)
	at org.apache.ratis.grpc.client.GrpcClientProtocolService$OrderedRequestStreamObserver.processClientRequest(GrpcClientProtocolService.java:326)
	at org.apache.ratis.util.SlidingWindow$Server.processRequestsFromHead(SlidingWindow.java:429)
	at org.apache.ratis.util.SlidingWindow$Server.receivedRequest(SlidingWindow.java:421)
	at org.apache.ratis.grpc.client.GrpcClientProtocolService$OrderedRequestStreamObserver.processClientRequest(GrpcClientProtocolService.java:345)
	at org.apache.ratis.grpc.client.GrpcClientProtocolService$RequestStreamObserver.onNext(GrpcClientProtocolService.java:240)
	at org.apache.ratis.grpc.client.GrpcClientProtocolService$RequestStreamObserver.onNext(GrpcClientProtocolService.java:168)
	at org.apache.ratis.thirdparty.io.grpc.stub.ServerCalls$StreamingServerCallHandler$StreamingServerCallListener.onMessage(ServerCalls.java:248)
	at org.apache.ratis.thirdparty.io.grpc.internal.ServerCallImpl$ServerStreamListenerImpl.messagesAvailable(ServerCallImpl.java:263)
	at org.apache.ratis.thirdparty.io.grpc.internal.ServerImpl$JumpToApplicationThreadServerStreamListener$1MessagesAvailable.runInContext(ServerImpl.java:686)
	at org.apache.ratis.thirdparty.io.grpc.internal.ContextRunnable.run(ContextRunnable.java:37)
	at org.apache.ratis.thirdparty.io.grpc.internal.SerializingExecutor.run(SerializingExecutor.java:123)
	at java.util.concurrent.ThreadPoolExecutor.runWorker(ThreadPoolExecutor.java:1149)
	at java.util.concurrent.ThreadPoolExecutor$Worker.run(ThreadPoolExecutor.java:624)
	at java.lang.Thread.run(Thread.java:748)
2019-09-24 16:17:48,500 WARN  server.GrpcLogAppender (GrpcLogAppender.java:timeoutAppendRequest(200)) - s2@group-5C26748AB2B1->s1-GrpcLogAppender: appendEntries Timeout, request=s2->s1#4259-t3, previous=(t:3, i:3431), leaderCommit=3329, initializing? false, entries: <empty>
2019-09-24 16:17:48,505 WARN  server.GrpcLogAppender (GrpcLogAppender.java:timeoutAppendRequest(200)) - s2@group-5C26748AB2B1->s0-GrpcLogAppender: appendEntries Timeout, request=s2->s0#4102-t3, previous=(t:3, i:3431), leaderCommit=3329, initializing? false, entries: <empty>
2019-09-24 16:17:48,550 DEBUG client.GrpcClientProtocolService (GrpcClientProtocolService.java:<init>(175)) - new 10-OrderedRequestStreamObserver10
2019-09-24 16:17:48,550 DEBUG client.GrpcClientProtocolService (GrpcClientProtocolService.java:responseError(257)) - 10-OrderedRequestStreamObserver10: Failed processClientRequest for RaftClientRequest:client-FBE51ED1F687->s0@group-926153DB23B0, cid=2455, seq=39*, RW, Message:00000026
org.apache.ratis.protocol.ServerNotReadyException: s0@group-926153DB23B0 is not in [RUNNING]: current state is CLOSING
	at org.apache.ratis.server.impl.RaftServerImpl.lambda$assertLifeCycleState$9(RaftServerImpl.java:468)
	at org.apache.ratis.util.LifeCycle.assertCurrentState(LifeCycle.java:185)
	at org.apache.ratis.server.impl.RaftServerImpl.assertLifeCycleState(RaftServerImpl.java:467)
	at org.apache.ratis.server.impl.RaftServerImpl.submitClientRequestAsync(RaftServerImpl.java:532)
	at org.apache.ratis.server.impl.RaftServerProxy.lambda$submitClientRequestAsync$7(RaftServerProxy.java:333)
	at org.apache.ratis.server.impl.RaftServerProxy.lambda$null$5(RaftServerProxy.java:328)
	at org.apache.ratis.util.JavaUtils.callAsUnchecked(JavaUtils.java:109)
	at org.apache.ratis.server.impl.RaftServerProxy.lambda$submitRequest$6(RaftServerProxy.java:328)
	at java.util.concurrent.CompletableFuture.uniComposeStage(CompletableFuture.java:981)
	at java.util.concurrent.CompletableFuture.thenCompose(CompletableFuture.java:2124)
	at org.apache.ratis.server.impl.RaftServerProxy.submitRequest(RaftServerProxy.java:327)
	at org.apache.ratis.server.impl.RaftServerProxy.submitClientRequestAsync(RaftServerProxy.java:333)
	at org.apache.ratis.grpc.client.GrpcClientProtocolService$RequestStreamObserver.processClientRequest(GrpcClientProtocolService.java:220)
	at org.apache.ratis.grpc.client.GrpcClientProtocolService$OrderedRequestStreamObserver.processClientRequest(GrpcClientProtocolService.java:326)
	at org.apache.ratis.util.SlidingWindow$Server.processRequestsFromHead(SlidingWindow.java:429)
	at org.apache.ratis.util.SlidingWindow$Server.receivedRequest(SlidingWindow.java:421)
	at org.apache.ratis.grpc.client.GrpcClientProtocolService$OrderedRequestStreamObserver.processClientRequest(GrpcClientProtocolService.java:345)
	at org.apache.ratis.grpc.client.GrpcClientProtocolService$RequestStreamObserver.onNext(GrpcClientProtocolService.java:240)
	at org.apache.ratis.grpc.client.GrpcClientProtocolService$RequestStreamObserver.onNext(GrpcClientProtocolService.java:168)
	at org.apache.ratis.thirdparty.io.grpc.stub.ServerCalls$StreamingServerCallHandler$StreamingServerCallListener.onMessage(ServerCalls.java:248)
	at org.apache.ratis.thirdparty.io.grpc.internal.ServerCallImpl$ServerStreamListenerImpl.messagesAvailable(ServerCallImpl.java:263)
	at org.apache.ratis.thirdparty.io.grpc.internal.ServerImpl$JumpToApplicationThreadServerStreamListener$1MessagesAvailable.runInContext(ServerImpl.java:686)
	at org.apache.ratis.thirdparty.io.grpc.internal.ContextRunnable.run(ContextRunnable.java:37)
	at org.apache.ratis.thirdparty.io.grpc.internal.SerializingExecutor.run(SerializingExecutor.java:123)
	at java.util.concurrent.ThreadPoolExecutor.runWorker(ThreadPoolExecutor.java:1149)
	at java.util.concurrent.ThreadPoolExecutor$Worker.run(ThreadPoolExecutor.java:624)
	at java.lang.Thread.run(Thread.java:748)
2019-09-24 16:17:48,626 WARN  server.GrpcLogAppender (GrpcLogAppender.java:timeoutAppendRequest(200)) - s2@group-5C26748AB2B1->s0-GrpcLogAppender: appendEntries Timeout, request=s2->s0#4103-t3, previous=(t:3, i:3431), leaderCommit=3329, initializing? false, entries: <empty>
2019-09-24 16:17:48,636 WARN  server.GrpcLogAppender (GrpcLogAppender.java:timeoutAppendRequest(200)) - s2@group-5C26748AB2B1->s1-GrpcLogAppender: appendEntries Timeout, request=s2->s1#4260-t3, previous=(t:3, i:3431), leaderCommit=3329, initializing? false, entries: <empty>
2019-09-24 16:17:48,701 WARN  server.GrpcLogAppender (GrpcLogAppender.java:timeoutAppendRequest(200)) - s2@group-5C26748AB2B1->s0-GrpcLogAppender: appendEntries Timeout, request=s2->s0#4104-t3, previous=(t:3, i:3431), leaderCommit=3329, initializing? false, entries: <empty>
2019-09-24 16:17:48,711 WARN  server.GrpcLogAppender (GrpcLogAppender.java:timeoutAppendRequest(200)) - s2@group-5C26748AB2B1->s1-GrpcLogAppender: appendEntries Timeout, request=s2->s1#4261-t3, previous=(t:3, i:3431), leaderCommit=3329, initializing? false, entries: <empty>
2019-09-24 16:17:48,761 DEBUG client.GrpcClientProtocolService (GrpcClientProtocolService.java:<init>(175)) - new 37-OrderedRequestStreamObserver37
2019-09-24 16:17:48,761 DEBUG client.GrpcClientProtocolService (GrpcClientProtocolService.java:responseError(257)) - 37-OrderedRequestStreamObserver37: Failed processClientRequest for RaftClientRequest:client-FBE51ED1F687->s1@group-926153DB23B0, cid=2455, seq=39*, RW, Message:00000026
org.apache.ratis.protocol.ServerNotReadyException: s1@group-926153DB23B0 is not in [RUNNING]: current state is CLOSING
	at org.apache.ratis.server.impl.RaftServerImpl.lambda$assertLifeCycleState$9(RaftServerImpl.java:468)
	at org.apache.ratis.util.LifeCycle.assertCurrentState(LifeCycle.java:185)
	at org.apache.ratis.server.impl.RaftServerImpl.assertLifeCycleState(RaftServerImpl.java:467)
	at org.apache.ratis.server.impl.RaftServerImpl.submitClientRequestAsync(RaftServerImpl.java:532)
	at org.apache.ratis.server.impl.RaftServerProxy.lambda$submitClientRequestAsync$7(RaftServerProxy.java:333)
	at org.apache.ratis.server.impl.RaftServerProxy.lambda$null$5(RaftServerProxy.java:328)
	at org.apache.ratis.util.JavaUtils.callAsUnchecked(JavaUtils.java:109)
	at org.apache.ratis.server.impl.RaftServerProxy.lambda$submitRequest$6(RaftServerProxy.java:328)
	at java.util.concurrent.CompletableFuture.uniComposeStage(CompletableFuture.java:981)
	at java.util.concurrent.CompletableFuture.thenCompose(CompletableFuture.java:2124)
	at org.apache.ratis.server.impl.RaftServerProxy.submitRequest(RaftServerProxy.java:327)
	at org.apache.ratis.server.impl.RaftServerProxy.submitClientRequestAsync(RaftServerProxy.java:333)
	at org.apache.ratis.grpc.client.GrpcClientProtocolService$RequestStreamObserver.processClientRequest(GrpcClientProtocolService.java:220)
	at org.apache.ratis.grpc.client.GrpcClientProtocolService$OrderedRequestStreamObserver.processClientRequest(GrpcClientProtocolService.java:326)
	at org.apache.ratis.util.SlidingWindow$Server.processRequestsFromHead(SlidingWindow.java:429)
	at org.apache.ratis.util.SlidingWindow$Server.receivedRequest(SlidingWindow.java:421)
	at org.apache.ratis.grpc.client.GrpcClientProtocolService$OrderedRequestStreamObserver.processClientRequest(GrpcClientProtocolService.java:345)
	at org.apache.ratis.grpc.client.GrpcClientProtocolService$RequestStreamObserver.onNext(GrpcClientProtocolService.java:240)
	at org.apache.ratis.grpc.client.GrpcClientProtocolService$RequestStreamObserver.onNext(GrpcClientProtocolService.java:168)
	at org.apache.ratis.thirdparty.io.grpc.stub.ServerCalls$StreamingServerCallHandler$StreamingServerCallListener.onMessage(ServerCalls.java:248)
	at org.apache.ratis.thirdparty.io.grpc.internal.ServerCallImpl$ServerStreamListenerImpl.messagesAvailable(ServerCallImpl.java:263)
	at org.apache.ratis.thirdparty.io.grpc.internal.ServerImpl$JumpToApplicationThreadServerStreamListener$1MessagesAvailable.runInContext(ServerImpl.java:686)
	at org.apache.ratis.thirdparty.io.grpc.internal.ContextRunnable.run(ContextRunnable.java:37)
	at org.apache.ratis.thirdparty.io.grpc.internal.SerializingExecutor.run(SerializingExecutor.java:123)
	at java.util.concurrent.ThreadPoolExecutor.runWorker(ThreadPoolExecutor.java:1149)
	at java.util.concurrent.ThreadPoolExecutor$Worker.run(ThreadPoolExecutor.java:624)
	at java.lang.Thread.run(Thread.java:748)
2019-09-24 16:17:48,776 WARN  server.GrpcLogAppender (GrpcLogAppender.java:timeoutAppendRequest(200)) - s2@group-5C26748AB2B1->s0-GrpcLogAppender: appendEntries Timeout, request=s2->s0#4105-t3, previous=(t:3, i:3431), leaderCommit=3329, initializing? false, entries: <empty>
2019-09-24 16:17:48,786 WARN  server.GrpcLogAppender (GrpcLogAppender.java:timeoutAppendRequest(200)) - s2@group-5C26748AB2B1->s1-GrpcLogAppender: appendEntries Timeout, request=s2->s1#4262-t3, previous=(t:3, i:3431), leaderCommit=3329, initializing? false, entries: <empty>
2019-09-24 16:17:48,851 WARN  server.GrpcLogAppender (GrpcLogAppender.java:timeoutAppendRequest(200)) - s2@group-5C26748AB2B1->s0-GrpcLogAppender: appendEntries Timeout, request=s2->s0#4106-t3, previous=(t:3, i:3431), leaderCommit=3329, initializing? false, entries: <empty>
2019-09-24 16:17:48,861 WARN  server.GrpcLogAppender (GrpcLogAppender.java:timeoutAppendRequest(200)) - s2@group-5C26748AB2B1->s1-GrpcLogAppender: appendEntries Timeout, request=s2->s1#4263-t3, previous=(t:3, i:3431), leaderCommit=3329, initializing? false, entries: <empty>
2019-09-24 16:17:48,871 DEBUG client.GrpcClientProtocolService (GrpcClientProtocolService.java:<init>(175)) - new 11-OrderedRequestStreamObserver11
2019-09-24 16:17:48,871 DEBUG client.GrpcClientProtocolService (GrpcClientProtocolService.java:responseError(257)) - 11-OrderedRequestStreamObserver11: Failed processClientRequest for RaftClientRequest:client-FBE51ED1F687->s0@group-926153DB23B0, cid=2455, seq=39*, RW, Message:00000026
org.apache.ratis.protocol.ServerNotReadyException: s0@group-926153DB23B0 is not in [RUNNING]: current state is CLOSING
	at org.apache.ratis.server.impl.RaftServerImpl.lambda$assertLifeCycleState$9(RaftServerImpl.java:468)
	at org.apache.ratis.util.LifeCycle.assertCurrentState(LifeCycle.java:185)
	at org.apache.ratis.server.impl.RaftServerImpl.assertLifeCycleState(RaftServerImpl.java:467)
	at org.apache.ratis.server.impl.RaftServerImpl.submitClientRequestAsync(RaftServerImpl.java:532)
	at org.apache.ratis.server.impl.RaftServerProxy.lambda$submitClientRequestAsync$7(RaftServerProxy.java:333)
	at org.apache.ratis.server.impl.RaftServerProxy.lambda$null$5(RaftServerProxy.java:328)
	at org.apache.ratis.util.JavaUtils.callAsUnchecked(JavaUtils.java:109)
	at org.apache.ratis.server.impl.RaftServerProxy.lambda$submitRequest$6(RaftServerProxy.java:328)
	at java.util.concurrent.CompletableFuture.uniComposeStage(CompletableFuture.java:981)
	at java.util.concurrent.CompletableFuture.thenCompose(CompletableFuture.java:2124)
	at org.apache.ratis.server.impl.RaftServerProxy.submitRequest(RaftServerProxy.java:327)
	at org.apache.ratis.server.impl.RaftServerProxy.submitClientRequestAsync(RaftServerProxy.java:333)
	at org.apache.ratis.grpc.client.GrpcClientProtocolService$RequestStreamObserver.processClientRequest(GrpcClientProtocolService.java:220)
	at org.apache.ratis.grpc.client.GrpcClientProtocolService$OrderedRequestStreamObserver.processClientRequest(GrpcClientProtocolService.java:326)
	at org.apache.ratis.util.SlidingWindow$Server.processRequestsFromHead(SlidingWindow.java:429)
	at org.apache.ratis.util.SlidingWindow$Server.receivedRequest(SlidingWindow.java:421)
	at org.apache.ratis.grpc.client.GrpcClientProtocolService$OrderedRequestStreamObserver.processClientRequest(GrpcClientProtocolService.java:345)
	at org.apache.ratis.grpc.client.GrpcClientProtocolService$RequestStreamObserver.onNext(GrpcClientProtocolService.java:240)
	at org.apache.ratis.grpc.client.GrpcClientProtocolService$RequestStreamObserver.onNext(GrpcClientProtocolService.java:168)
	at org.apache.ratis.thirdparty.io.grpc.stub.ServerCalls$StreamingServerCallHandler$StreamingServerCallListener.onMessage(ServerCalls.java:248)
	at org.apache.ratis.thirdparty.io.grpc.internal.ServerCallImpl$ServerStreamListenerImpl.messagesAvailable(ServerCallImpl.java:263)
	at org.apache.ratis.thirdparty.io.grpc.internal.ServerImpl$JumpToApplicationThreadServerStreamListener$1MessagesAvailable.runInContext(ServerImpl.java:686)
	at org.apache.ratis.thirdparty.io.grpc.internal.ContextRunnable.run(ContextRunnable.java:37)
	at org.apache.ratis.thirdparty.io.grpc.internal.SerializingExecutor.run(SerializingExecutor.java:123)
	at java.util.concurrent.ThreadPoolExecutor.runWorker(ThreadPoolExecutor.java:1149)
	at java.util.concurrent.ThreadPoolExecutor$Worker.run(ThreadPoolExecutor.java:624)
	at java.lang.Thread.run(Thread.java:748)
2019-09-24 16:17:48,927 WARN  server.GrpcLogAppender (GrpcLogAppender.java:timeoutAppendRequest(200)) - s2@group-5C26748AB2B1->s0-GrpcLogAppender: appendEntries Timeout, request=s2->s0#4107-t3, previous=(t:3, i:3431), leaderCommit=3329, initializing? false, entries: <empty>
2019-09-24 16:17:48,937 WARN  server.GrpcLogAppender (GrpcLogAppender.java:timeoutAppendRequest(200)) - s2@group-5C26748AB2B1->s1-GrpcLogAppender: appendEntries Timeout, request=s2->s1#4264-t3, previous=(t:3, i:3431), leaderCommit=3329, initializing? false, entries: <empty>
2019-09-24 16:17:48,988 INFO  ratis.MiniRaftCluster (MiniRaftCluster.java:lambda$null$5(297)) - TIMED-PRINT: printing ALL groups
  s0:  RUNNING  FOLLOWER s0@group-5C26748AB2B1:t3, leader=s2, voted=s2, raftlog=s0@group-5C26748AB2B1-SegmentedRaftLog:OPENED:c3329,f3335,i3431, conf=0: [s0:0.0.0.0:36823, s1:0.0.0.0:40855, s2:0.0.0.0:34862], old=null RUNNING
  s1:  RUNNING  FOLLOWER s1@group-5C26748AB2B1:t3, leader=s2, voted=s2, raftlog=s1@group-5C26748AB2B1-SegmentedRaftLog:OPENED:c3329,f3336,i3431, conf=0: [s0:0.0.0.0:36823, s1:0.0.0.0:40855, s2:0.0.0.0:34862], old=null RUNNING
  s2:  RUNNING    LEADER s2@group-5C26748AB2B1:t3, leader=s2, voted=s2, raftlog=s2@group-5C26748AB2B1-SegmentedRaftLog:OPENED:c3329,f3335,i3431, conf=0: [s0:0.0.0.0:36823, s1:0.0.0.0:40855, s2:0.0.0.0:34862], old=null RUNNING
2019-09-24 16:17:49,002 WARN  server.GrpcLogAppender (GrpcLogAppender.java:timeoutAppendRequest(200)) - s2@group-5C26748AB2B1->s0-GrpcLogAppender: appendEntries Timeout, request=s2->s0#4108-t3, previous=(t:3, i:3431), leaderCommit=3329, initializing? false, entries: <empty>
2019-09-24 16:17:49,012 WARN  server.GrpcLogAppender (GrpcLogAppender.java:timeoutAppendRequest(200)) - s2@group-5C26748AB2B1->s1-GrpcLogAppender: appendEntries Timeout, request=s2->s1#4265-t3, previous=(t:3, i:3431), leaderCommit=3329, initializing? false, entries: <empty>
2019-09-24 16:17:49,077 WARN  server.GrpcLogAppender (GrpcLogAppender.java:timeoutAppendRequest(200)) - s2@group-5C26748AB2B1->s0-GrpcLogAppender: appendEntries Timeout, request=s2->s0#4109-t3, previous=(t:3, i:3431), leaderCommit=3329, initializing? false, entries: <empty>
2019-09-24 16:17:49,081 DEBUG client.GrpcClientProtocolService (GrpcClientProtocolService.java:<init>(175)) - new 38-OrderedRequestStreamObserver38
2019-09-24 16:17:49,081 DEBUG client.GrpcClientProtocolService (GrpcClientProtocolService.java:responseError(257)) - 38-OrderedRequestStreamObserver38: Failed processClientRequest for RaftClientRequest:client-FBE51ED1F687->s1@group-926153DB23B0, cid=2455, seq=39*, RW, Message:00000026
org.apache.ratis.protocol.ServerNotReadyException: s1@group-926153DB23B0 is not in [RUNNING]: current state is CLOSING
	at org.apache.ratis.server.impl.RaftServerImpl.lambda$assertLifeCycleState$9(RaftServerImpl.java:468)
	at org.apache.ratis.util.LifeCycle.assertCurrentState(LifeCycle.java:185)
	at org.apache.ratis.server.impl.RaftServerImpl.assertLifeCycleState(RaftServerImpl.java:467)
	at org.apache.ratis.server.impl.RaftServerImpl.submitClientRequestAsync(RaftServerImpl.java:532)
	at org.apache.ratis.server.impl.RaftServerProxy.lambda$submitClientRequestAsync$7(RaftServerProxy.java:333)
	at org.apache.ratis.server.impl.RaftServerProxy.lambda$null$5(RaftServerProxy.java:328)
	at org.apache.ratis.util.JavaUtils.callAsUnchecked(JavaUtils.java:109)
	at org.apache.ratis.server.impl.RaftServerProxy.lambda$submitRequest$6(RaftServerProxy.java:328)
	at java.util.concurrent.CompletableFuture.uniComposeStage(CompletableFuture.java:981)
	at java.util.concurrent.CompletableFuture.thenCompose(CompletableFuture.java:2124)
	at org.apache.ratis.server.impl.RaftServerProxy.submitRequest(RaftServerProxy.java:327)
	at org.apache.ratis.server.impl.RaftServerProxy.submitClientRequestAsync(RaftServerProxy.java:333)
	at org.apache.ratis.grpc.client.GrpcClientProtocolService$RequestStreamObserver.processClientRequest(GrpcClientProtocolService.java:220)
	at org.apache.ratis.grpc.client.GrpcClientProtocolService$OrderedRequestStreamObserver.processClientRequest(GrpcClientProtocolService.java:326)
	at org.apache.ratis.util.SlidingWindow$Server.processRequestsFromHead(SlidingWindow.java:429)
	at org.apache.ratis.util.SlidingWindow$Server.receivedRequest(SlidingWindow.java:421)
	at org.apache.ratis.grpc.client.GrpcClientProtocolService$OrderedRequestStreamObserver.processClientRequest(GrpcClientProtocolService.java:345)
	at org.apache.ratis.grpc.client.GrpcClientProtocolService$RequestStreamObserver.onNext(GrpcClientProtocolService.java:240)
	at org.apache.ratis.grpc.client.GrpcClientProtocolService$RequestStreamObserver.onNext(GrpcClientProtocolService.java:168)
	at org.apache.ratis.thirdparty.io.grpc.stub.ServerCalls$StreamingServerCallHandler$StreamingServerCallListener.onMessage(ServerCalls.java:248)
	at org.apache.ratis.thirdparty.io.grpc.internal.ServerCallImpl$ServerStreamListenerImpl.messagesAvailable(ServerCallImpl.java:263)
	at org.apache.ratis.thirdparty.io.grpc.internal.ServerImpl$JumpToApplicationThreadServerStreamListener$1MessagesAvailable.runInContext(ServerImpl.java:686)
	at org.apache.ratis.thirdparty.io.grpc.internal.ContextRunnable.run(ContextRunnable.java:37)
	at org.apache.ratis.thirdparty.io.grpc.internal.SerializingExecutor.run(SerializingExecutor.java:123)
	at java.util.concurrent.ThreadPoolExecutor.runWorker(ThreadPoolExecutor.java:1149)
	at java.util.concurrent.ThreadPoolExecutor$Worker.run(ThreadPoolExecutor.java:624)
	at java.lang.Thread.run(Thread.java:748)
2019-09-24 16:17:49,087 WARN  server.GrpcLogAppender (GrpcLogAppender.java:timeoutAppendRequest(200)) - s2@group-5C26748AB2B1->s1-GrpcLogAppender: appendEntries Timeout, request=s2->s1#4266-t3, previous=(t:3, i:3431), leaderCommit=3329, initializing? false, entries: <empty>
2019-09-24 16:17:49,152 WARN  server.GrpcLogAppender (GrpcLogAppender.java:timeoutAppendRequest(200)) - s2@group-5C26748AB2B1->s0-GrpcLogAppender: appendEntries Timeout, request=s2->s0#4110-t3, previous=(t:3, i:3431), leaderCommit=3329, initializing? false, entries: <empty>
2019-09-24 16:17:49,162 WARN  server.GrpcLogAppender (GrpcLogAppender.java:timeoutAppendRequest(200)) - s2@group-5C26748AB2B1->s1-GrpcLogAppender: appendEntries Timeout, request=s2->s1#4267-t3, previous=(t:3, i:3431), leaderCommit=3329, initializing? false, entries: <empty>
2019-09-24 16:17:49,189 DEBUG client.GrpcClientProtocolService (GrpcClientProtocolService.java:<init>(175)) - new 12-OrderedRequestStreamObserver12
2019-09-24 16:17:49,190 DEBUG client.GrpcClientProtocolService (GrpcClientProtocolService.java:responseError(257)) - 12-OrderedRequestStreamObserver12: Failed processClientRequest for RaftClientRequest:client-FBE51ED1F687->s0@group-926153DB23B0, cid=2455, seq=39*, RW, Message:00000026
org.apache.ratis.protocol.ServerNotReadyException: s0@group-926153DB23B0 is not in [RUNNING]: current state is CLOSING
	at org.apache.ratis.server.impl.RaftServerImpl.lambda$assertLifeCycleState$9(RaftServerImpl.java:468)
	at org.apache.ratis.util.LifeCycle.assertCurrentState(LifeCycle.java:185)
	at org.apache.ratis.server.impl.RaftServerImpl.assertLifeCycleState(RaftServerImpl.java:467)
	at org.apache.ratis.server.impl.RaftServerImpl.submitClientRequestAsync(RaftServerImpl.java:532)
	at org.apache.ratis.server.impl.RaftServerProxy.lambda$submitClientRequestAsync$7(RaftServerProxy.java:333)
	at org.apache.ratis.server.impl.RaftServerProxy.lambda$null$5(RaftServerProxy.java:328)
	at org.apache.ratis.util.JavaUtils.callAsUnchecked(JavaUtils.java:109)
	at org.apache.ratis.server.impl.RaftServerProxy.lambda$submitRequest$6(RaftServerProxy.java:328)
	at java.util.concurrent.CompletableFuture.uniComposeStage(CompletableFuture.java:981)
	at java.util.concurrent.CompletableFuture.thenCompose(CompletableFuture.java:2124)
	at org.apache.ratis.server.impl.RaftServerProxy.submitRequest(RaftServerProxy.java:327)
	at org.apache.ratis.server.impl.RaftServerProxy.submitClientRequestAsync(RaftServerProxy.java:333)
	at org.apache.ratis.grpc.client.GrpcClientProtocolService$RequestStreamObserver.processClientRequest(GrpcClientProtocolService.java:220)
	at org.apache.ratis.grpc.client.GrpcClientProtocolService$OrderedRequestStreamObserver.processClientRequest(GrpcClientProtocolService.java:326)
	at org.apache.ratis.util.SlidingWindow$Server.processRequestsFromHead(SlidingWindow.java:429)
	at org.apache.ratis.util.SlidingWindow$Server.receivedRequest(SlidingWindow.java:421)
	at org.apache.ratis.grpc.client.GrpcClientProtocolService$OrderedRequestStreamObserver.processClientRequest(GrpcClientProtocolService.java:345)
	at org.apache.ratis.grpc.client.GrpcClientProtocolService$RequestStreamObserver.onNext(GrpcClientProtocolService.java:240)
	at org.apache.ratis.grpc.client.GrpcClientProtocolService$RequestStreamObserver.onNext(GrpcClientProtocolService.java:168)
	at org.apache.ratis.thirdparty.io.grpc.stub.ServerCalls$StreamingServerCallHandler$StreamingServerCallListener.onMessage(ServerCalls.java:248)
	at org.apache.ratis.thirdparty.io.grpc.internal.ServerCallImpl$ServerStreamListenerImpl.messagesAvailable(ServerCallImpl.java:263)
	at org.apache.ratis.thirdparty.io.grpc.internal.ServerImpl$JumpToApplicationThreadServerStreamListener$1MessagesAvailable.runInContext(ServerImpl.java:686)
	at org.apache.ratis.thirdparty.io.grpc.internal.ContextRunnable.run(ContextRunnable.java:37)
	at org.apache.ratis.thirdparty.io.grpc.internal.SerializingExecutor.run(SerializingExecutor.java:123)
	at java.util.concurrent.ThreadPoolExecutor.runWorker(ThreadPoolExecutor.java:1149)
	at java.util.concurrent.ThreadPoolExecutor$Worker.run(ThreadPoolExecutor.java:624)
	at java.lang.Thread.run(Thread.java:748)
2019-09-24 16:17:49,227 WARN  server.GrpcLogAppender (GrpcLogAppender.java:timeoutAppendRequest(200)) - s2@group-5C26748AB2B1->s0-GrpcLogAppender: appendEntries Timeout, request=s2->s0#4111-t3, previous=(t:3, i:3431), leaderCommit=3329, initializing? false, entries: <empty>
2019-09-24 16:17:49,237 WARN  server.GrpcLogAppender (GrpcLogAppender.java:timeoutAppendRequest(200)) - s2@group-5C26748AB2B1->s1-GrpcLogAppender: appendEntries Timeout, request=s2->s1#4268-t3, previous=(t:3, i:3431), leaderCommit=3329, initializing? false, entries: <empty>
2019-09-24 16:17:49,302 WARN  server.GrpcLogAppender (GrpcLogAppender.java:timeoutAppendRequest(200)) - s2@group-5C26748AB2B1->s0-GrpcLogAppender: appendEntries Timeout, request=s2->s0#4112-t3, previous=(t:3, i:3431), leaderCommit=3329, initializing? false, entries: <empty>
2019-09-24 16:17:49,313 WARN  server.GrpcLogAppender (GrpcLogAppender.java:timeoutAppendRequest(200)) - s2@group-5C26748AB2B1->s1-GrpcLogAppender: appendEntries Timeout, request=s2->s1#4269-t3, previous=(t:3, i:3431), leaderCommit=3329, initializing? false, entries: <empty>
2019-09-24 16:17:49,378 WARN  server.GrpcLogAppender (GrpcLogAppender.java:timeoutAppendRequest(200)) - s2@group-5C26748AB2B1->s0-GrpcLogAppender: appendEntries Timeout, request=s2->s0#4113-t3, previous=(t:3, i:3431), leaderCommit=3329, initializing? false, entries: <empty>
2019-09-24 16:17:49,388 WARN  server.GrpcLogAppender (GrpcLogAppender.java:timeoutAppendRequest(200)) - s2@group-5C26748AB2B1->s1-GrpcLogAppender: appendEntries Timeout, request=s2->s1#4270-t3, previous=(t:3, i:3431), leaderCommit=3329, initializing? false, entries: <empty>
2019-09-24 16:17:49,399 DEBUG client.GrpcClientProtocolService (GrpcClientProtocolService.java:<init>(175)) - new 13-OrderedRequestStreamObserver13
2019-09-24 16:17:49,399 DEBUG client.GrpcClientProtocolService (GrpcClientProtocolService.java:responseError(257)) - 13-OrderedRequestStreamObserver13: Failed processClientRequest for RaftClientRequest:client-FBE51ED1F687->s0@group-926153DB23B0, cid=2455, seq=39*, RW, Message:00000026
org.apache.ratis.protocol.ServerNotReadyException: s0@group-926153DB23B0 is not in [RUNNING]: current state is CLOSING
	at org.apache.ratis.server.impl.RaftServerImpl.lambda$assertLifeCycleState$9(RaftServerImpl.java:468)
	at org.apache.ratis.util.LifeCycle.assertCurrentState(LifeCycle.java:185)
	at org.apache.ratis.server.impl.RaftServerImpl.assertLifeCycleState(RaftServerImpl.java:467)
	at org.apache.ratis.server.impl.RaftServerImpl.submitClientRequestAsync(RaftServerImpl.java:532)
	at org.apache.ratis.server.impl.RaftServerProxy.lambda$submitClientRequestAsync$7(RaftServerProxy.java:333)
	at org.apache.ratis.server.impl.RaftServerProxy.lambda$null$5(RaftServerProxy.java:328)
	at org.apache.ratis.util.JavaUtils.callAsUnchecked(JavaUtils.java:109)
	at org.apache.ratis.server.impl.RaftServerProxy.lambda$submitRequest$6(RaftServerProxy.java:328)
	at java.util.concurrent.CompletableFuture.uniComposeStage(CompletableFuture.java:981)
	at java.util.concurrent.CompletableFuture.thenCompose(CompletableFuture.java:2124)
	at org.apache.ratis.server.impl.RaftServerProxy.submitRequest(RaftServerProxy.java:327)
	at org.apache.ratis.server.impl.RaftServerProxy.submitClientRequestAsync(RaftServerProxy.java:333)
	at org.apache.ratis.grpc.client.GrpcClientProtocolService$RequestStreamObserver.processClientRequest(GrpcClientProtocolService.java:220)
	at org.apache.ratis.grpc.client.GrpcClientProtocolService$OrderedRequestStreamObserver.processClientRequest(GrpcClientProtocolService.java:326)
	at org.apache.ratis.util.SlidingWindow$Server.processRequestsFromHead(SlidingWindow.java:429)
	at org.apache.ratis.util.SlidingWindow$Server.receivedRequest(SlidingWindow.java:421)
	at org.apache.ratis.grpc.client.GrpcClientProtocolService$OrderedRequestStreamObserver.processClientRequest(GrpcClientProtocolService.java:345)
	at org.apache.ratis.grpc.client.GrpcClientProtocolService$RequestStreamObserver.onNext(GrpcClientProtocolService.java:240)
	at org.apache.ratis.grpc.client.GrpcClientProtocolService$RequestStreamObserver.onNext(GrpcClientProtocolService.java:168)
	at org.apache.ratis.thirdparty.io.grpc.stub.ServerCalls$StreamingServerCallHandler$StreamingServerCallListener.onMessage(ServerCalls.java:248)
	at org.apache.ratis.thirdparty.io.grpc.internal.ServerCallImpl$ServerStreamListenerImpl.messagesAvailable(ServerCallImpl.java:263)
	at org.apache.ratis.thirdparty.io.grpc.internal.ServerImpl$JumpToApplicationThreadServerStreamListener$1MessagesAvailable.runInContext(ServerImpl.java:686)
	at org.apache.ratis.thirdparty.io.grpc.internal.ContextRunnable.run(ContextRunnable.java:37)
	at org.apache.ratis.thirdparty.io.grpc.internal.SerializingExecutor.run(SerializingExecutor.java:123)
	at java.util.concurrent.ThreadPoolExecutor.runWorker(ThreadPoolExecutor.java:1149)
	at java.util.concurrent.ThreadPoolExecutor$Worker.run(ThreadPoolExecutor.java:624)
	at java.lang.Thread.run(Thread.java:748)
2019-09-24 16:17:49,453 WARN  server.GrpcLogAppender (GrpcLogAppender.java:timeoutAppendRequest(200)) - s2@group-5C26748AB2B1->s0-GrpcLogAppender: appendEntries Timeout, request=s2->s0#4114-t3, previous=(t:3, i:3431), leaderCommit=3329, initializing? false, entries: <empty>
2019-09-24 16:17:49,463 WARN  server.GrpcLogAppender (GrpcLogAppender.java:timeoutAppendRequest(200)) - s2@group-5C26748AB2B1->s1-GrpcLogAppender: appendEntries Timeout, request=s2->s1#4271-t3, previous=(t:3, i:3431), leaderCommit=3329, initializing? false, entries: <empty>
2019-09-24 16:17:49,506 DEBUG client.GrpcClientProtocolService (GrpcClientProtocolService.java:<init>(175)) - new 39-OrderedRequestStreamObserver39
2019-09-24 16:17:49,506 DEBUG client.GrpcClientProtocolService (GrpcClientProtocolService.java:responseError(257)) - 39-OrderedRequestStreamObserver39: Failed processClientRequest for RaftClientRequest:client-FBE51ED1F687->s1@group-926153DB23B0, cid=2455, seq=39*, RW, Message:00000026
org.apache.ratis.protocol.ServerNotReadyException: s1@group-926153DB23B0 is not in [RUNNING]: current state is CLOSING
	at org.apache.ratis.server.impl.RaftServerImpl.lambda$assertLifeCycleState$9(RaftServerImpl.java:468)
	at org.apache.ratis.util.LifeCycle.assertCurrentState(LifeCycle.java:185)
	at org.apache.ratis.server.impl.RaftServerImpl.assertLifeCycleState(RaftServerImpl.java:467)
	at org.apache.ratis.server.impl.RaftServerImpl.submitClientRequestAsync(RaftServerImpl.java:532)
	at org.apache.ratis.server.impl.RaftServerProxy.lambda$submitClientRequestAsync$7(RaftServerProxy.java:333)
	at org.apache.ratis.server.impl.RaftServerProxy.lambda$null$5(RaftServerProxy.java:328)
	at org.apache.ratis.util.JavaUtils.callAsUnchecked(JavaUtils.java:109)
	at org.apache.ratis.server.impl.RaftServerProxy.lambda$submitRequest$6(RaftServerProxy.java:328)
	at java.util.concurrent.CompletableFuture.uniComposeStage(CompletableFuture.java:981)
	at java.util.concurrent.CompletableFuture.thenCompose(CompletableFuture.java:2124)
	at org.apache.ratis.server.impl.RaftServerProxy.submitRequest(RaftServerProxy.java:327)
	at org.apache.ratis.server.impl.RaftServerProxy.submitClientRequestAsync(RaftServerProxy.java:333)
	at org.apache.ratis.grpc.client.GrpcClientProtocolService$RequestStreamObserver.processClientRequest(GrpcClientProtocolService.java:220)
	at org.apache.ratis.grpc.client.GrpcClientProtocolService$OrderedRequestStreamObserver.processClientRequest(GrpcClientProtocolService.java:326)
	at org.apache.ratis.util.SlidingWindow$Server.processRequestsFromHead(SlidingWindow.java:429)
	at org.apache.ratis.util.SlidingWindow$Server.receivedRequest(SlidingWindow.java:421)
	at org.apache.ratis.grpc.client.GrpcClientProtocolService$OrderedRequestStreamObserver.processClientRequest(GrpcClientProtocolService.java:345)
	at org.apache.ratis.grpc.client.GrpcClientProtocolService$RequestStreamObserver.onNext(GrpcClientProtocolService.java:240)
	at org.apache.ratis.grpc.client.GrpcClientProtocolService$RequestStreamObserver.onNext(GrpcClientProtocolService.java:168)
	at org.apache.ratis.thirdparty.io.grpc.stub.ServerCalls$StreamingServerCallHandler$StreamingServerCallListener.onMessage(ServerCalls.java:248)
	at org.apache.ratis.thirdparty.io.grpc.internal.ServerCallImpl$ServerStreamListenerImpl.messagesAvailable(ServerCallImpl.java:263)
	at org.apache.ratis.thirdparty.io.grpc.internal.ServerImpl$JumpToApplicationThreadServerStreamListener$1MessagesAvailable.runInContext(ServerImpl.java:686)
	at org.apache.ratis.thirdparty.io.grpc.internal.ContextRunnable.run(ContextRunnable.java:37)
	at org.apache.ratis.thirdparty.io.grpc.internal.SerializingExecutor.run(SerializingExecutor.java:123)
	at java.util.concurrent.ThreadPoolExecutor.runWorker(ThreadPoolExecutor.java:1149)
	at java.util.concurrent.ThreadPoolExecutor$Worker.run(ThreadPoolExecutor.java:624)
	at java.lang.Thread.run(Thread.java:748)
2019-09-24 16:17:49,528 WARN  server.GrpcLogAppender (GrpcLogAppender.java:timeoutAppendRequest(200)) - s2@group-5C26748AB2B1->s0-GrpcLogAppender: appendEntries Timeout, request=s2->s0#4115-t3, previous=(t:3, i:3431), leaderCommit=3329, initializing? false, entries: <empty>
2019-09-24 16:17:49,538 WARN  server.GrpcLogAppender (GrpcLogAppender.java:timeoutAppendRequest(200)) - s2@group-5C26748AB2B1->s1-GrpcLogAppender: appendEntries Timeout, request=s2->s1#4272-t3, previous=(t:3, i:3431), leaderCommit=3329, initializing? false, entries: <empty>
2019-09-24 16:17:49,603 WARN  server.GrpcLogAppender (GrpcLogAppender.java:timeoutAppendRequest(200)) - s2@group-5C26748AB2B1->s0-GrpcLogAppender: appendEntries Timeout, request=s2->s0#4116-t3, previous=(t:3, i:3431), leaderCommit=3329, initializing? false, entries: <empty>
2019-09-24 16:17:49,613 WARN  server.GrpcLogAppender (GrpcLogAppender.java:timeoutAppendRequest(200)) - s2@group-5C26748AB2B1->s1-GrpcLogAppender: appendEntries Timeout, request=s2->s1#4273-t3, previous=(t:3, i:3431), leaderCommit=3329, initializing? false, entries: <empty>
2019-09-24 16:17:49,678 WARN  server.GrpcLogAppender (GrpcLogAppender.java:timeoutAppendRequest(200)) - s2@group-5C26748AB2B1->s0-GrpcLogAppender: appendEntries Timeout, request=s2->s0#4117-t3, previous=(t:3, i:3431), leaderCommit=3329, initializing? false, entries: <empty>
2019-09-24 16:17:49,691 WARN  server.GrpcLogAppender (GrpcLogAppender.java:timeoutAppendRequest(200)) - s2@group-5C26748AB2B1->s1-GrpcLogAppender: appendEntries Timeout, request=s2->s1#4274-t3, previous=(t:3, i:3431), leaderCommit=3329, initializing? false, entries: <empty>
2019-09-24 16:17:49,717 DEBUG client.GrpcClientProtocolService (GrpcClientProtocolService.java:<init>(175)) - new 14-OrderedRequestStreamObserver14
2019-09-24 16:17:49,717 DEBUG client.GrpcClientProtocolService (GrpcClientProtocolService.java:responseError(257)) - 14-OrderedRequestStreamObserver14: Failed processClientRequest for RaftClientRequest:client-FBE51ED1F687->s0@group-926153DB23B0, cid=2455, seq=39*, RW, Message:00000026
org.apache.ratis.protocol.ServerNotReadyException: s0@group-926153DB23B0 is not in [RUNNING]: current state is CLOSING
	at org.apache.ratis.server.impl.RaftServerImpl.lambda$assertLifeCycleState$9(RaftServerImpl.java:468)
	at org.apache.ratis.util.LifeCycle.assertCurrentState(LifeCycle.java:185)
	at org.apache.ratis.server.impl.RaftServerImpl.assertLifeCycleState(RaftServerImpl.java:467)
	at org.apache.ratis.server.impl.RaftServerImpl.submitClientRequestAsync(RaftServerImpl.java:532)
	at org.apache.ratis.server.impl.RaftServerProxy.lambda$submitClientRequestAsync$7(RaftServerProxy.java:333)
	at org.apache.ratis.server.impl.RaftServerProxy.lambda$null$5(RaftServerProxy.java:328)
	at org.apache.ratis.util.JavaUtils.callAsUnchecked(JavaUtils.java:109)
	at org.apache.ratis.server.impl.RaftServerProxy.lambda$submitRequest$6(RaftServerProxy.java:328)
	at java.util.concurrent.CompletableFuture.uniComposeStage(CompletableFuture.java:981)
	at java.util.concurrent.CompletableFuture.thenCompose(CompletableFuture.java:2124)
	at org.apache.ratis.server.impl.RaftServerProxy.submitRequest(RaftServerProxy.java:327)
	at org.apache.ratis.server.impl.RaftServerProxy.submitClientRequestAsync(RaftServerProxy.java:333)
	at org.apache.ratis.grpc.client.GrpcClientProtocolService$RequestStreamObserver.processClientRequest(GrpcClientProtocolService.java:220)
	at org.apache.ratis.grpc.client.GrpcClientProtocolService$OrderedRequestStreamObserver.processClientRequest(GrpcClientProtocolService.java:326)
	at org.apache.ratis.util.SlidingWindow$Server.processRequestsFromHead(SlidingWindow.java:429)
	at org.apache.ratis.util.SlidingWindow$Server.receivedRequest(SlidingWindow.java:421)
	at org.apache.ratis.grpc.client.GrpcClientProtocolService$OrderedRequestStreamObserver.processClientRequest(GrpcClientProtocolService.java:345)
	at org.apache.ratis.grpc.client.GrpcClientProtocolService$RequestStreamObserver.onNext(GrpcClientProtocolService.java:240)
	at org.apache.ratis.grpc.client.GrpcClientProtocolService$RequestStreamObserver.onNext(GrpcClientProtocolService.java:168)
	at org.apache.ratis.thirdparty.io.grpc.stub.ServerCalls$StreamingServerCallHandler$StreamingServerCallListener.onMessage(ServerCalls.java:248)
	at org.apache.ratis.thirdparty.io.grpc.internal.ServerCallImpl$ServerStreamListenerImpl.messagesAvailable(ServerCallImpl.java:263)
	at org.apache.ratis.thirdparty.io.grpc.internal.ServerImpl$JumpToApplicationThreadServerStreamListener$1MessagesAvailable.runInContext(ServerImpl.java:686)
	at org.apache.ratis.thirdparty.io.grpc.internal.ContextRunnable.run(ContextRunnable.java:37)
	at org.apache.ratis.thirdparty.io.grpc.internal.SerializingExecutor.run(SerializingExecutor.java:123)
	at java.util.concurrent.ThreadPoolExecutor.runWorker(ThreadPoolExecutor.java:1149)
	at java.util.concurrent.ThreadPoolExecutor$Worker.run(ThreadPoolExecutor.java:624)
	at java.lang.Thread.run(Thread.java:748)
2019-09-24 16:17:49,754 WARN  server.GrpcLogAppender (GrpcLogAppender.java:timeoutAppendRequest(200)) - s2@group-5C26748AB2B1->s0-GrpcLogAppender: appendEntries Timeout, request=s2->s0#4118-t3, previous=(t:3, i:3431), leaderCommit=3329, initializing? false, entries: <empty>
2019-09-24 16:17:49,766 WARN  server.GrpcLogAppender (GrpcLogAppender.java:timeoutAppendRequest(200)) - s2@group-5C26748AB2B1->s1-GrpcLogAppender: appendEntries Timeout, request=s2->s1#4275-t3, previous=(t:3, i:3431), leaderCommit=3329, initializing? false, entries: <empty>
2019-09-24 16:17:49,801 DEBUG client.GrpcClientProtocolService (GrpcClientProtocolService.java:responseError(257)) - 38-OrderedRequestStreamObserver38: Failed onNext for client-EDB41257C35F->s2#2738-2648* in 38-OrderedRequestStreamObserver38
java.lang.IllegalStateException: Entry already exists for key 2648 in map SlidingWindow$Server:38-OrderedRequestStreamObserver38:requests
	at org.apache.ratis.util.Preconditions.assertTrue(Preconditions.java:75)
	at org.apache.ratis.util.CollectionUtils.putNew(CollectionUtils.java:94)
	at org.apache.ratis.util.SlidingWindow$RequestMap.putNewRequest(SlidingWindow.java:126)
	at org.apache.ratis.util.SlidingWindow$Server.receivedRequest(SlidingWindow.java:420)
	at org.apache.ratis.grpc.client.GrpcClientProtocolService$OrderedRequestStreamObserver.processClientRequest(GrpcClientProtocolService.java:345)
	at org.apache.ratis.grpc.client.GrpcClientProtocolService$RequestStreamObserver.onNext(GrpcClientProtocolService.java:240)
	at org.apache.ratis.grpc.client.GrpcClientProtocolService$RequestStreamObserver.onNext(GrpcClientProtocolService.java:168)
	at org.apache.ratis.thirdparty.io.grpc.stub.ServerCalls$StreamingServerCallHandler$StreamingServerCallListener.onMessage(ServerCalls.java:248)
	at org.apache.ratis.thirdparty.io.grpc.internal.ServerCallImpl$ServerStreamListenerImpl.messagesAvailable(ServerCallImpl.java:263)
	at org.apache.ratis.thirdparty.io.grpc.internal.ServerImpl$JumpToApplicationThreadServerStreamListener$1MessagesAvailable.runInContext(ServerImpl.java:686)
	at org.apache.ratis.thirdparty.io.grpc.internal.ContextRunnable.run(ContextRunnable.java:37)
	at org.apache.ratis.thirdparty.io.grpc.internal.SerializingExecutor.run(SerializingExecutor.java:123)
	at java.util.concurrent.ThreadPoolExecutor.runWorker(ThreadPoolExecutor.java:1149)
	at java.util.concurrent.ThreadPoolExecutor$Worker.run(ThreadPoolExecutor.java:624)
	at java.lang.Thread.run(Thread.java:748)
2019-09-24 16:17:49,829 WARN  server.GrpcLogAppender (GrpcLogAppender.java:timeoutAppendRequest(200)) - s2@group-5C26748AB2B1->s0-GrpcLogAppender: appendEntries Timeout, request=s2->s0#4119-t3, previous=(t:3, i:3431), leaderCommit=3329, initializing? false, entries: <empty>
2019-09-24 16:17:49,841 WARN  server.GrpcLogAppender (GrpcLogAppender.java:timeoutAppendRequest(200)) - s2@group-5C26748AB2B1->s1-GrpcLogAppender: appendEntries Timeout, request=s2->s1#4276-t3, previous=(t:3, i:3431), leaderCommit=3329, initializing? false, entries: <empty>
2019-09-24 16:17:49,904 WARN  server.GrpcLogAppender (GrpcLogAppender.java:timeoutAppendRequest(200)) - s2@group-5C26748AB2B1->s0-GrpcLogAppender: appendEntries Timeout, request=s2->s0#4120-t3, previous=(t:3, i:3431), leaderCommit=3329, initializing? false, entries: <empty>
2019-09-24 16:17:49,907 DEBUG client.GrpcClientProtocolService (GrpcClientProtocolService.java:<init>(175)) - new 13-OrderedRequestStreamObserver13
2019-09-24 16:17:49,907 DEBUG client.GrpcClientProtocolService (GrpcClientProtocolService.java:sendReply(353)) - 13-OrderedRequestStreamObserver13: sendReply seq=2648, RaftClientReply:client-EDB41257C35F->s1@group-5C26748AB2B1, cid=2738, FAILED org.apache.ratis.protocol.NotLeaderException: Server s1@group-5C26748AB2B1 is not the leader s2:0.0.0.0:34862, logIndex=0, commits[s1:c3329, s0:c3312, s2:c3329]
2019-09-24 16:17:49,909 DEBUG client.GrpcClientProtocolService (GrpcClientProtocolService.java:close(374)) - 13-OrderedRequestStreamObserver13: close
2019-09-24 16:17:49,912 DEBUG client.GrpcClientProtocolService (GrpcClientProtocolService.java:<init>(175)) - new 39-OrderedRequestStreamObserver39
2019-09-24 16:17:49,916 WARN  server.GrpcLogAppender (GrpcLogAppender.java:timeoutAppendRequest(200)) - s2@group-5C26748AB2B1->s1-GrpcLogAppender: appendEntries Timeout, request=s2->s1#4277-t3, previous=(t:3, i:3431), leaderCommit=3329, initializing? false, entries: <empty>
2019-09-24 16:17:49,926 DEBUG client.GrpcClientProtocolService (GrpcClientProtocolService.java:<init>(175)) - new 15-OrderedRequestStreamObserver15
2019-09-24 16:17:49,926 DEBUG client.GrpcClientProtocolService (GrpcClientProtocolService.java:responseError(257)) - 15-OrderedRequestStreamObserver15: Failed processClientRequest for RaftClientRequest:client-FBE51ED1F687->s0@group-926153DB23B0, cid=2455, seq=39*, RW, Message:00000026
org.apache.ratis.protocol.ServerNotReadyException: s0@group-926153DB23B0 is not in [RUNNING]: current state is CLOSING
	at org.apache.ratis.server.impl.RaftServerImpl.lambda$assertLifeCycleState$9(RaftServerImpl.java:468)
	at org.apache.ratis.util.LifeCycle.assertCurrentState(LifeCycle.java:185)
	at org.apache.ratis.server.impl.RaftServerImpl.assertLifeCycleState(RaftServerImpl.java:467)
	at org.apache.ratis.server.impl.RaftServerImpl.submitClientRequestAsync(RaftServerImpl.java:532)
	at org.apache.ratis.server.impl.RaftServerProxy.lambda$submitClientRequestAsync$7(RaftServerProxy.java:333)
	at org.apache.ratis.server.impl.RaftServerProxy.lambda$null$5(RaftServerProxy.java:328)
	at org.apache.ratis.util.JavaUtils.callAsUnchecked(JavaUtils.java:109)
	at org.apache.ratis.server.impl.RaftServerProxy.lambda$submitRequest$6(RaftServerProxy.java:328)
	at java.util.concurrent.CompletableFuture.uniComposeStage(CompletableFuture.java:981)
	at java.util.concurrent.CompletableFuture.thenCompose(CompletableFuture.java:2124)
	at org.apache.ratis.server.impl.RaftServerProxy.submitRequest(RaftServerProxy.java:327)
	at org.apache.ratis.server.impl.RaftServerProxy.submitClientRequestAsync(RaftServerProxy.java:333)
	at org.apache.ratis.grpc.client.GrpcClientProtocolService$RequestStreamObserver.processClientRequest(GrpcClientProtocolService.java:220)
	at org.apache.ratis.grpc.client.GrpcClientProtocolService$OrderedRequestStreamObserver.processClientRequest(GrpcClientProtocolService.java:326)
	at org.apache.ratis.util.SlidingWindow$Server.processRequestsFromHead(SlidingWindow.java:429)
	at org.apache.ratis.util.SlidingWindow$Server.receivedRequest(SlidingWindow.java:421)
	at org.apache.ratis.grpc.client.GrpcClientProtocolService$OrderedRequestStreamObserver.processClientRequest(GrpcClientProtocolService.java:345)
	at org.apache.ratis.grpc.client.GrpcClientProtocolService$RequestStreamObserver.onNext(GrpcClientProtocolService.java:240)
	at org.apache.ratis.grpc.client.GrpcClientProtocolService$RequestStreamObserver.onNext(GrpcClientProtocolService.java:168)
	at org.apache.ratis.thirdparty.io.grpc.stub.ServerCalls$StreamingServerCallHandler$StreamingServerCallListener.onMessage(ServerCalls.java:248)
	at org.apache.ratis.thirdparty.io.grpc.internal.ServerCallImpl$ServerStreamListenerImpl.messagesAvailable(ServerCallImpl.java:263)
	at org.apache.ratis.thirdparty.io.grpc.internal.ServerImpl$JumpToApplicationThreadServerStreamListener$1MessagesAvailable.runInContext(ServerImpl.java:686)
	at org.apache.ratis.thirdparty.io.grpc.internal.ContextRunnable.run(ContextRunnable.java:37)
	at org.apache.ratis.thirdparty.io.grpc.internal.SerializingExecutor.run(SerializingExecutor.java:123)
	at java.util.concurrent.ThreadPoolExecutor.runWorker(ThreadPoolExecutor.java:1149)
	at java.util.concurrent.ThreadPoolExecutor$Worker.run(ThreadPoolExecutor.java:624)
	at java.lang.Thread.run(Thread.java:748)
2019-09-24 16:17:49,979 WARN  server.GrpcLogAppender (GrpcLogAppender.java:timeoutAppendRequest(200)) - s2@group-5C26748AB2B1->s0-GrpcLogAppender: appendEntries Timeout, request=s2->s0#4121-t3, previous=(t:3, i:3431), leaderCommit=3329, initializing? false, entries: <empty>
2019-09-24 16:17:49,991 WARN  server.GrpcLogAppender (GrpcLogAppender.java:timeoutAppendRequest(200)) - s2@group-5C26748AB2B1->s1-GrpcLogAppender: appendEntries Timeout, request=s2->s1#4278-t3, previous=(t:3, i:3431), leaderCommit=3329, initializing? false, entries: <empty>
2019-09-24 16:17:50,032 DEBUG client.GrpcClientProtocolService (GrpcClientProtocolService.java:<init>(175)) - new 40-OrderedRequestStreamObserver40
2019-09-24 16:17:50,033 DEBUG client.GrpcClientProtocolService (GrpcClientProtocolService.java:responseError(257)) - 40-OrderedRequestStreamObserver40: Failed processClientRequest for RaftClientRequest:client-FBE51ED1F687->s1@group-926153DB23B0, cid=2455, seq=39*, RW, Message:00000026
org.apache.ratis.protocol.ServerNotReadyException: s1@group-926153DB23B0 is not in [RUNNING]: current state is CLOSING
	at org.apache.ratis.server.impl.RaftServerImpl.lambda$assertLifeCycleState$9(RaftServerImpl.java:468)
	at org.apache.ratis.util.LifeCycle.assertCurrentState(LifeCycle.java:185)
	at org.apache.ratis.server.impl.RaftServerImpl.assertLifeCycleState(RaftServerImpl.java:467)
	at org.apache.ratis.server.impl.RaftServerImpl.submitClientRequestAsync(RaftServerImpl.java:532)
	at org.apache.ratis.server.impl.RaftServerProxy.lambda$submitClientRequestAsync$7(RaftServerProxy.java:333)
	at org.apache.ratis.server.impl.RaftServerProxy.lambda$null$5(RaftServerProxy.java:328)
	at org.apache.ratis.util.JavaUtils.callAsUnchecked(JavaUtils.java:109)
	at org.apache.ratis.server.impl.RaftServerProxy.lambda$submitRequest$6(RaftServerProxy.java:328)
	at java.util.concurrent.CompletableFuture.uniComposeStage(CompletableFuture.java:981)
	at java.util.concurrent.CompletableFuture.thenCompose(CompletableFuture.java:2124)
	at org.apache.ratis.server.impl.RaftServerProxy.submitRequest(RaftServerProxy.java:327)
	at org.apache.ratis.server.impl.RaftServerProxy.submitClientRequestAsync(RaftServerProxy.java:333)
	at org.apache.ratis.grpc.client.GrpcClientProtocolService$RequestStreamObserver.processClientRequest(GrpcClientProtocolService.java:220)
	at org.apache.ratis.grpc.client.GrpcClientProtocolService$OrderedRequestStreamObserver.processClientRequest(GrpcClientProtocolService.java:326)
	at org.apache.ratis.util.SlidingWindow$Server.processRequestsFromHead(SlidingWindow.java:429)
	at org.apache.ratis.util.SlidingWindow$Server.receivedRequest(SlidingWindow.java:421)
	at org.apache.ratis.grpc.client.GrpcClientProtocolService$OrderedRequestStreamObserver.processClientRequest(GrpcClientProtocolService.java:345)
	at org.apache.ratis.grpc.client.GrpcClientProtocolService$RequestStreamObserver.onNext(GrpcClientProtocolService.java:240)
	at org.apache.ratis.grpc.client.GrpcClientProtocolService$RequestStreamObserver.onNext(GrpcClientProtocolService.java:168)
	at org.apache.ratis.thirdparty.io.grpc.stub.ServerCalls$StreamingServerCallHandler$StreamingServerCallListener.onMessage(ServerCalls.java:248)
	at org.apache.ratis.thirdparty.io.grpc.internal.ServerCallImpl$ServerStreamListenerImpl.messagesAvailable(ServerCallImpl.java:263)
	at org.apache.ratis.thirdparty.io.grpc.internal.ServerImpl$JumpToApplicationThreadServerStreamListener$1MessagesAvailable.runInContext(ServerImpl.java:686)
	at org.apache.ratis.thirdparty.io.grpc.internal.ContextRunnable.run(ContextRunnable.java:37)
	at org.apache.ratis.thirdparty.io.grpc.internal.SerializingExecutor.run(SerializingExecutor.java:123)
	at java.util.concurrent.ThreadPoolExecutor.runWorker(ThreadPoolExecutor.java:1149)
	at java.util.concurrent.ThreadPoolExecutor$Worker.run(ThreadPoolExecutor.java:624)
	at java.lang.Thread.run(Thread.java:748)
2019-09-24 16:17:50,054 WARN  server.GrpcLogAppender (GrpcLogAppender.java:timeoutAppendRequest(200)) - s2@group-5C26748AB2B1->s0-GrpcLogAppender: appendEntries Timeout, request=s2->s0#4122-t3, previous=(t:3, i:3431), leaderCommit=3329, initializing? false, entries: <empty>
2019-09-24 16:17:50,066 WARN  server.GrpcLogAppender (GrpcLogAppender.java:timeoutAppendRequest(200)) - s2@group-5C26748AB2B1->s1-GrpcLogAppender: appendEntries Timeout, request=s2->s1#4279-t3, previous=(t:3, i:3431), leaderCommit=3329, initializing? false, entries: <empty>
2019-09-24 16:17:50,129 WARN  server.GrpcLogAppender (GrpcLogAppender.java:timeoutAppendRequest(200)) - s2@group-5C26748AB2B1->s0-GrpcLogAppender: appendEntries Timeout, request=s2->s0#4123-t3, previous=(t:3, i:3431), leaderCommit=3329, initializing? false, entries: <empty>
2019-09-24 16:17:50,142 WARN  server.GrpcLogAppender (GrpcLogAppender.java:timeoutAppendRequest(200)) - s2@group-5C26748AB2B1->s1-GrpcLogAppender: appendEntries Timeout, request=s2->s1#4280-t3, previous=(t:3, i:3431), leaderCommit=3329, initializing? false, entries: <empty>
2019-09-24 16:17:50,204 WARN  server.GrpcLogAppender (GrpcLogAppender.java:timeoutAppendRequest(200)) - s2@group-5C26748AB2B1->s0-GrpcLogAppender: appendEntries Timeout, request=s2->s0#4124-t3, previous=(t:3, i:3431), leaderCommit=3329, initializing? false, entries: <empty>
2019-09-24 16:17:50,217 WARN  server.GrpcLogAppender (GrpcLogAppender.java:timeoutAppendRequest(200)) - s2@group-5C26748AB2B1->s1-GrpcLogAppender: appendEntries Timeout, request=s2->s1#4281-t3, previous=(t:3, i:3431), leaderCommit=3329, initializing? false, entries: <empty>
2019-09-24 16:17:50,241 DEBUG client.GrpcClientProtocolService (GrpcClientProtocolService.java:<init>(175)) - new 16-OrderedRequestStreamObserver16
2019-09-24 16:17:50,241 DEBUG client.GrpcClientProtocolService (GrpcClientProtocolService.java:responseError(257)) - 16-OrderedRequestStreamObserver16: Failed processClientRequest for RaftClientRequest:client-FBE51ED1F687->s0@group-926153DB23B0, cid=2455, seq=39*, RW, Message:00000026
org.apache.ratis.protocol.ServerNotReadyException: s0@group-926153DB23B0 is not in [RUNNING]: current state is CLOSING
	at org.apache.ratis.server.impl.RaftServerImpl.lambda$assertLifeCycleState$9(RaftServerImpl.java:468)
	at org.apache.ratis.util.LifeCycle.assertCurrentState(LifeCycle.java:185)
	at org.apache.ratis.server.impl.RaftServerImpl.assertLifeCycleState(RaftServerImpl.java:467)
	at org.apache.ratis.server.impl.RaftServerImpl.submitClientRequestAsync(RaftServerImpl.java:532)
	at org.apache.ratis.server.impl.RaftServerProxy.lambda$submitClientRequestAsync$7(RaftServerProxy.java:333)
	at org.apache.ratis.server.impl.RaftServerProxy.lambda$null$5(RaftServerProxy.java:328)
	at org.apache.ratis.util.JavaUtils.callAsUnchecked(JavaUtils.java:109)
	at org.apache.ratis.server.impl.RaftServerProxy.lambda$submitRequest$6(RaftServerProxy.java:328)
	at java.util.concurrent.CompletableFuture.uniComposeStage(CompletableFuture.java:981)
	at java.util.concurrent.CompletableFuture.thenCompose(CompletableFuture.java:2124)
	at org.apache.ratis.server.impl.RaftServerProxy.submitRequest(RaftServerProxy.java:327)
	at org.apache.ratis.server.impl.RaftServerProxy.submitClientRequestAsync(RaftServerProxy.java:333)
	at org.apache.ratis.grpc.client.GrpcClientProtocolService$RequestStreamObserver.processClientRequest(GrpcClientProtocolService.java:220)
	at org.apache.ratis.grpc.client.GrpcClientProtocolService$OrderedRequestStreamObserver.processClientRequest(GrpcClientProtocolService.java:326)
	at org.apache.ratis.util.SlidingWindow$Server.processRequestsFromHead(SlidingWindow.java:429)
	at org.apache.ratis.util.SlidingWindow$Server.receivedRequest(SlidingWindow.java:421)
	at org.apache.ratis.grpc.client.GrpcClientProtocolService$OrderedRequestStreamObserver.processClientRequest(GrpcClientProtocolService.java:345)
	at org.apache.ratis.grpc.client.GrpcClientProtocolService$RequestStreamObserver.onNext(GrpcClientProtocolService.java:240)
	at org.apache.ratis.grpc.client.GrpcClientProtocolService$RequestStreamObserver.onNext(GrpcClientProtocolService.java:168)
	at org.apache.ratis.thirdparty.io.grpc.stub.ServerCalls$StreamingServerCallHandler$StreamingServerCallListener.onMessage(ServerCalls.java:248)
	at org.apache.ratis.thirdparty.io.grpc.internal.ServerCallImpl$ServerStreamListenerImpl.messagesAvailable(ServerCallImpl.java:263)
	at org.apache.ratis.thirdparty.io.grpc.internal.ServerImpl$JumpToApplicationThreadServerStreamListener$1MessagesAvailable.runInContext(ServerImpl.java:686)
	at org.apache.ratis.thirdparty.io.grpc.internal.ContextRunnable.run(ContextRunnable.java:37)
	at org.apache.ratis.thirdparty.io.grpc.internal.SerializingExecutor.run(SerializingExecutor.java:123)
	at java.util.concurrent.ThreadPoolExecutor.runWorker(ThreadPoolExecutor.java:1149)
	at java.util.concurrent.ThreadPoolExecutor$Worker.run(ThreadPoolExecutor.java:624)
	at java.lang.Thread.run(Thread.java:748)
2019-09-24 16:17:50,280 WARN  server.GrpcLogAppender (GrpcLogAppender.java:timeoutAppendRequest(200)) - s2@group-5C26748AB2B1->s0-GrpcLogAppender: appendEntries Timeout, request=s2->s0#4125-t3, previous=(t:3, i:3431), leaderCommit=3329, initializing? false, entries: <empty>
2019-09-24 16:17:50,292 WARN  server.GrpcLogAppender (GrpcLogAppender.java:timeoutAppendRequest(200)) - s2@group-5C26748AB2B1->s1-GrpcLogAppender: appendEntries Timeout, request=s2->s1#4282-t3, previous=(t:3, i:3431), leaderCommit=3329, initializing? false, entries: <empty>
2019-09-24 16:17:50,355 WARN  server.GrpcLogAppender (GrpcLogAppender.java:timeoutAppendRequest(200)) - s2@group-5C26748AB2B1->s0-GrpcLogAppender: appendEntries Timeout, request=s2->s0#4126-t3, previous=(t:3, i:3431), leaderCommit=3329, initializing? false, entries: <empty>
2019-09-24 16:17:50,367 WARN  server.GrpcLogAppender (GrpcLogAppender.java:timeoutAppendRequest(200)) - s2@group-5C26748AB2B1->s1-GrpcLogAppender: appendEntries Timeout, request=s2->s1#4283-t3, previous=(t:3, i:3431), leaderCommit=3329, initializing? false, entries: <empty>
2019-09-24 16:17:50,430 WARN  server.GrpcLogAppender (GrpcLogAppender.java:timeoutAppendRequest(200)) - s2@group-5C26748AB2B1->s0-GrpcLogAppender: appendEntries Timeout, request=s2->s0#4127-t3, previous=(t:3, i:3431), leaderCommit=3329, initializing? false, entries: <empty>
2019-09-24 16:17:50,442 WARN  server.GrpcLogAppender (GrpcLogAppender.java:timeoutAppendRequest(200)) - s2@group-5C26748AB2B1->s1-GrpcLogAppender: appendEntries Timeout, request=s2->s1#4284-t3, previous=(t:3, i:3431), leaderCommit=3329, initializing? false, entries: <empty>
2019-09-24 16:17:50,451 DEBUG client.GrpcClientProtocolService (GrpcClientProtocolService.java:<init>(175)) - new 17-OrderedRequestStreamObserver17
2019-09-24 16:17:50,451 DEBUG client.GrpcClientProtocolService (GrpcClientProtocolService.java:responseError(257)) - 17-OrderedRequestStreamObserver17: Failed processClientRequest for RaftClientRequest:client-FBE51ED1F687->s0@group-926153DB23B0, cid=2455, seq=39*, RW, Message:00000026
org.apache.ratis.protocol.ServerNotReadyException: s0@group-926153DB23B0 is not in [RUNNING]: current state is CLOSING
	at org.apache.ratis.server.impl.RaftServerImpl.lambda$assertLifeCycleState$9(RaftServerImpl.java:468)
	at org.apache.ratis.util.LifeCycle.assertCurrentState(LifeCycle.java:185)
	at org.apache.ratis.server.impl.RaftServerImpl.assertLifeCycleState(RaftServerImpl.java:467)
	at org.apache.ratis.server.impl.RaftServerImpl.submitClientRequestAsync(RaftServerImpl.java:532)
	at org.apache.ratis.server.impl.RaftServerProxy.lambda$submitClientRequestAsync$7(RaftServerProxy.java:333)
	at org.apache.ratis.server.impl.RaftServerProxy.lambda$null$5(RaftServerProxy.java:328)
	at org.apache.ratis.util.JavaUtils.callAsUnchecked(JavaUtils.java:109)
	at org.apache.ratis.server.impl.RaftServerProxy.lambda$submitRequest$6(RaftServerProxy.java:328)
	at java.util.concurrent.CompletableFuture.uniComposeStage(CompletableFuture.java:981)
	at java.util.concurrent.CompletableFuture.thenCompose(CompletableFuture.java:2124)
	at org.apache.ratis.server.impl.RaftServerProxy.submitRequest(RaftServerProxy.java:327)
	at org.apache.ratis.server.impl.RaftServerProxy.submitClientRequestAsync(RaftServerProxy.java:333)
	at org.apache.ratis.grpc.client.GrpcClientProtocolService$RequestStreamObserver.processClientRequest(GrpcClientProtocolService.java:220)
	at org.apache.ratis.grpc.client.GrpcClientProtocolService$OrderedRequestStreamObserver.processClientRequest(GrpcClientProtocolService.java:326)
	at org.apache.ratis.util.SlidingWindow$Server.processRequestsFromHead(SlidingWindow.java:429)
	at org.apache.ratis.util.SlidingWindow$Server.receivedRequest(SlidingWindow.java:421)
	at org.apache.ratis.grpc.client.GrpcClientProtocolService$OrderedRequestStreamObserver.processClientRequest(GrpcClientProtocolService.java:345)
	at org.apache.ratis.grpc.client.GrpcClientProtocolService$RequestStreamObserver.onNext(GrpcClientProtocolService.java:240)
	at org.apache.ratis.grpc.client.GrpcClientProtocolService$RequestStreamObserver.onNext(GrpcClientProtocolService.java:168)
	at org.apache.ratis.thirdparty.io.grpc.stub.ServerCalls$StreamingServerCallHandler$StreamingServerCallListener.onMessage(ServerCalls.java:248)
	at org.apache.ratis.thirdparty.io.grpc.internal.ServerCallImpl$ServerStreamListenerImpl.messagesAvailable(ServerCallImpl.java:263)
	at org.apache.ratis.thirdparty.io.grpc.internal.ServerImpl$JumpToApplicationThreadServerStreamListener$1MessagesAvailable.runInContext(ServerImpl.java:686)
	at org.apache.ratis.thirdparty.io.grpc.internal.ContextRunnable.run(ContextRunnable.java:37)
	at org.apache.ratis.thirdparty.io.grpc.internal.SerializingExecutor.run(SerializingExecutor.java:123)
	at java.util.concurrent.ThreadPoolExecutor.runWorker(ThreadPoolExecutor.java:1149)
	at java.util.concurrent.ThreadPoolExecutor$Worker.run(ThreadPoolExecutor.java:624)
	at java.lang.Thread.run(Thread.java:748)
2019-09-24 16:17:50,505 WARN  server.GrpcLogAppender (GrpcLogAppender.java:timeoutAppendRequest(200)) - s2@group-5C26748AB2B1->s0-GrpcLogAppender: appendEntries Timeout, request=s2->s0#4128-t3, previous=(t:3, i:3431), leaderCommit=3329, initializing? false, entries: <empty>
2019-09-24 16:17:50,517 WARN  server.GrpcLogAppender (GrpcLogAppender.java:timeoutAppendRequest(200)) - s2@group-5C26748AB2B1->s1-GrpcLogAppender: appendEntries Timeout, request=s2->s1#4285-t3, previous=(t:3, i:3431), leaderCommit=3329, initializing? false, entries: <empty>
2019-09-24 16:17:50,557 DEBUG client.GrpcClientProtocolService (GrpcClientProtocolService.java:<init>(175)) - new 41-OrderedRequestStreamObserver41
2019-09-24 16:17:50,558 DEBUG client.GrpcClientProtocolService (GrpcClientProtocolService.java:responseError(257)) - 41-OrderedRequestStreamObserver41: Failed processClientRequest for RaftClientRequest:client-FBE51ED1F687->s1@group-926153DB23B0, cid=2455, seq=39*, RW, Message:00000026
org.apache.ratis.protocol.ServerNotReadyException: s1@group-926153DB23B0 is not in [RUNNING]: current state is CLOSING
	at org.apache.ratis.server.impl.RaftServerImpl.lambda$assertLifeCycleState$9(RaftServerImpl.java:468)
	at org.apache.ratis.util.LifeCycle.assertCurrentState(LifeCycle.java:185)
	at org.apache.ratis.server.impl.RaftServerImpl.assertLifeCycleState(RaftServerImpl.java:467)
	at org.apache.ratis.server.impl.RaftServerImpl.submitClientRequestAsync(RaftServerImpl.java:532)
	at org.apache.ratis.server.impl.RaftServerProxy.lambda$submitClientRequestAsync$7(RaftServerProxy.java:333)
	at org.apache.ratis.server.impl.RaftServerProxy.lambda$null$5(RaftServerProxy.java:328)
	at org.apache.ratis.util.JavaUtils.callAsUnchecked(JavaUtils.java:109)
	at org.apache.ratis.server.impl.RaftServerProxy.lambda$submitRequest$6(RaftServerProxy.java:328)
	at java.util.concurrent.CompletableFuture.uniComposeStage(CompletableFuture.java:981)
	at java.util.concurrent.CompletableFuture.thenCompose(CompletableFuture.java:2124)
	at org.apache.ratis.server.impl.RaftServerProxy.submitRequest(RaftServerProxy.java:327)
	at org.apache.ratis.server.impl.RaftServerProxy.submitClientRequestAsync(RaftServerProxy.java:333)
	at org.apache.ratis.grpc.client.GrpcClientProtocolService$RequestStreamObserver.processClientRequest(GrpcClientProtocolService.java:220)
	at org.apache.ratis.grpc.client.GrpcClientProtocolService$OrderedRequestStreamObserver.processClientRequest(GrpcClientProtocolService.java:326)
	at org.apache.ratis.util.SlidingWindow$Server.processRequestsFromHead(SlidingWindow.java:429)
	at org.apache.ratis.util.SlidingWindow$Server.receivedRequest(SlidingWindow.java:421)
	at org.apache.ratis.grpc.client.GrpcClientProtocolService$OrderedRequestStreamObserver.processClientRequest(GrpcClientProtocolService.java:345)
	at org.apache.ratis.grpc.client.GrpcClientProtocolService$RequestStreamObserver.onNext(GrpcClientProtocolService.java:240)
	at org.apache.ratis.grpc.client.GrpcClientProtocolService$RequestStreamObserver.onNext(GrpcClientProtocolService.java:168)
	at org.apache.ratis.thirdparty.io.grpc.stub.ServerCalls$StreamingServerCallHandler$StreamingServerCallListener.onMessage(ServerCalls.java:248)
	at org.apache.ratis.thirdparty.io.grpc.internal.ServerCallImpl$ServerStreamListenerImpl.messagesAvailable(ServerCallImpl.java:263)
	at org.apache.ratis.thirdparty.io.grpc.internal.ServerImpl$JumpToApplicationThreadServerStreamListener$1MessagesAvailable.runInContext(ServerImpl.java:686)
	at org.apache.ratis.thirdparty.io.grpc.internal.ContextRunnable.run(ContextRunnable.java:37)
	at org.apache.ratis.thirdparty.io.grpc.internal.SerializingExecutor.run(SerializingExecutor.java:123)
	at java.util.concurrent.ThreadPoolExecutor.runWorker(ThreadPoolExecutor.java:1149)
	at java.util.concurrent.ThreadPoolExecutor$Worker.run(ThreadPoolExecutor.java:624)
	at java.lang.Thread.run(Thread.java:748)
2019-09-24 16:17:50,580 WARN  server.GrpcLogAppender (GrpcLogAppender.java:timeoutAppendRequest(200)) - s2@group-5C26748AB2B1->s0-GrpcLogAppender: appendEntries Timeout, request=s2->s0#4129-t3, previous=(t:3, i:3431), leaderCommit=3329, initializing? false, entries: <empty>
2019-09-24 16:17:50,593 WARN  server.GrpcLogAppender (GrpcLogAppender.java:timeoutAppendRequest(200)) - s2@group-5C26748AB2B1->s1-GrpcLogAppender: appendEntries Timeout, request=s2->s1#4286-t3, previous=(t:3, i:3431), leaderCommit=3329, initializing? false, entries: <empty>
2019-09-24 16:17:50,627 WARN  server.GrpcLogAppender (GrpcLogAppender.java:onNextImpl(251)) - s2@group-5C26748AB2B1->s1-AppendLogResponseHandler: Request not found, ignoring reply: s2<-s1#4112:OK,SUCCESS,nextIndex:3338,term:3,followerCommit:3329
2019-09-24 16:17:50,627 WARN  server.GrpcLogAppender (GrpcLogAppender.java:onNextImpl(251)) - s2@group-5C26748AB2B1->s0-AppendLogResponseHandler: Request not found, ignoring reply: s2<-s0#3951:OK,SUCCESS,nextIndex:3337,term:3,followerCommit:3329
2019-09-24 16:17:50,628 WARN  server.GrpcLogAppender (GrpcLogAppender.java:onNextImpl(251)) - s2@group-5C26748AB2B1->s1-AppendLogResponseHandler: Request not found, ignoring reply: s2<-s1#4113:OK,SUCCESS,nextIndex:3339,term:3,followerCommit:3329
2019-09-24 16:17:50,628 WARN  server.GrpcLogAppender (GrpcLogAppender.java:onNextImpl(251)) - s2@group-5C26748AB2B1->s0-AppendLogResponseHandler: Request not found, ignoring reply: s2<-s0#3952:OK,SUCCESS,nextIndex:3338,term:3,followerCommit:3329
2019-09-24 16:17:50,628 WARN  server.GrpcLogAppender (GrpcLogAppender.java:onNextImpl(251)) - s2@group-5C26748AB2B1->s1-AppendLogResponseHandler: Request not found, ignoring reply: s2<-s1#4114:OK,SUCCESS,nextIndex:3340,term:3,followerCommit:3329
2019-09-24 16:17:50,628 WARN  server.GrpcLogAppender (GrpcLogAppender.java:onNextImpl(251)) - s2@group-5C26748AB2B1->s0-AppendLogResponseHandler: Request not found, ignoring reply: s2<-s0#3953:OK,SUCCESS,nextIndex:3339,term:3,followerCommit:3329
2019-09-24 16:17:50,628 WARN  server.GrpcLogAppender (GrpcLogAppender.java:onNextImpl(251)) - s2@group-5C26748AB2B1->s1-AppendLogResponseHandler: Request not found, ignoring reply: s2<-s1#4115:OK,SUCCESS,nextIndex:3341,term:3,followerCommit:3329
2019-09-24 16:17:50,629 WARN  server.GrpcLogAppender (GrpcLogAppender.java:onNextImpl(251)) - s2@group-5C26748AB2B1->s0-AppendLogResponseHandler: Request not found, ignoring reply: s2<-s0#3954:OK,SUCCESS,nextIndex:3340,term:3,followerCommit:3329
2019-09-24 16:17:50,629 WARN  server.GrpcLogAppender (GrpcLogAppender.java:onNextImpl(251)) - s2@group-5C26748AB2B1->s1-AppendLogResponseHandler: Request not found, ignoring reply: s2<-s1#4116:OK,SUCCESS,nextIndex:3342,term:3,followerCommit:3329
2019-09-24 16:17:50,629 WARN  server.GrpcLogAppender (GrpcLogAppender.java:onNextImpl(251)) - s2@group-5C26748AB2B1->s0-AppendLogResponseHandler: Request not found, ignoring reply: s2<-s0#3955:OK,SUCCESS,nextIndex:3341,term:3,followerCommit:3329
2019-09-24 16:17:50,629 WARN  server.GrpcLogAppender (GrpcLogAppender.java:onNextImpl(251)) - s2@group-5C26748AB2B1->s1-AppendLogResponseHandler: Request not found, ignoring reply: s2<-s1#4117:OK,SUCCESS,nextIndex:3343,term:3,followerCommit:3329
2019-09-24 16:17:50,629 WARN  server.GrpcLogAppender (GrpcLogAppender.java:onNextImpl(251)) - s2@group-5C26748AB2B1->s0-AppendLogResponseHandler: Request not found, ignoring reply: s2<-s0#3956:OK,SUCCESS,nextIndex:3342,term:3,followerCommit:3329
2019-09-24 16:17:50,630 WARN  server.GrpcLogAppender (GrpcLogAppender.java:onNextImpl(251)) - s2@group-5C26748AB2B1->s1-AppendLogResponseHandler: Request not found, ignoring reply: s2<-s1#4118:OK,SUCCESS,nextIndex:3344,term:3,followerCommit:3329
2019-09-24 16:17:50,630 WARN  server.GrpcLogAppender (GrpcLogAppender.java:onNextImpl(251)) - s2@group-5C26748AB2B1->s1-AppendLogResponseHandler: Request not found, ignoring reply: s2<-s1#4119:OK,SUCCESS,nextIndex:3345,term:3,followerCommit:3329
2019-09-24 16:17:50,630 WARN  server.GrpcLogAppender (GrpcLogAppender.java:onNextImpl(251)) - s2@group-5C26748AB2B1->s0-AppendLogResponseHandler: Request not found, ignoring reply: s2<-s0#3957:OK,SUCCESS,nextIndex:3343,term:3,followerCommit:3329
2019-09-24 16:17:50,630 WARN  server.GrpcLogAppender (GrpcLogAppender.java:onNextImpl(251)) - s2@group-5C26748AB2B1->s1-AppendLogResponseHandler: Request not found, ignoring reply: s2<-s1#4120:OK,SUCCESS,nextIndex:3346,term:3,followerCommit:3329
2019-09-24 16:17:50,631 WARN  server.GrpcLogAppender (GrpcLogAppender.java:onNextImpl(251)) - s2@group-5C26748AB2B1->s0-AppendLogResponseHandler: Request not found, ignoring reply: s2<-s0#3958:OK,SUCCESS,nextIndex:3344,term:3,followerCommit:3329
2019-09-24 16:17:50,631 WARN  server.GrpcLogAppender (GrpcLogAppender.java:onNextImpl(251)) - s2@group-5C26748AB2B1->s1-AppendLogResponseHandler: Request not found, ignoring reply: s2<-s1#4121:OK,SUCCESS,nextIndex:3347,term:3,followerCommit:3329
2019-09-24 16:17:50,631 WARN  server.GrpcLogAppender (GrpcLogAppender.java:onNextImpl(251)) - s2@group-5C26748AB2B1->s0-AppendLogResponseHandler: Request not found, ignoring reply: s2<-s0#3959:OK,SUCCESS,nextIndex:3345,term:3,followerCommit:3329
2019-09-24 16:17:50,631 WARN  server.GrpcLogAppender (GrpcLogAppender.java:onNextImpl(251)) - s2@group-5C26748AB2B1->s1-AppendLogResponseHandler: Request not found, ignoring reply: s2<-s1#4122:OK,SUCCESS,nextIndex:3348,term:3,followerCommit:3329
2019-09-24 16:17:50,631 WARN  server.GrpcLogAppender (GrpcLogAppender.java:onNextImpl(251)) - s2@group-5C26748AB2B1->s0-AppendLogResponseHandler: Request not found, ignoring reply: s2<-s0#3960:OK,SUCCESS,nextIndex:3346,term:3,followerCommit:3329
2019-09-24 16:17:50,632 WARN  server.GrpcLogAppender (GrpcLogAppender.java:onNextImpl(251)) - s2@group-5C26748AB2B1->s1-AppendLogResponseHandler: Request not found, ignoring reply: s2<-s1#4123:OK,SUCCESS,nextIndex:3349,term:3,followerCommit:3329
2019-09-24 16:17:50,632 WARN  server.GrpcLogAppender (GrpcLogAppender.java:onNextImpl(251)) - s2@group-5C26748AB2B1->s0-AppendLogResponseHandler: Request not found, ignoring reply: s2<-s0#3961:OK,SUCCESS,nextIndex:3347,term:3,followerCommit:3329
2019-09-24 16:17:50,632 WARN  server.GrpcLogAppender (GrpcLogAppender.java:onNextImpl(251)) - s2@group-5C26748AB2B1->s1-AppendLogResponseHandler: Request not found, ignoring reply: s2<-s1#4124:OK,SUCCESS,nextIndex:3350,term:3,followerCommit:3329
2019-09-24 16:17:50,632 WARN  server.GrpcLogAppender (GrpcLogAppender.java:onNextImpl(251)) - s2@group-5C26748AB2B1->s0-AppendLogResponseHandler: Request not found, ignoring reply: s2<-s0#3962:OK,SUCCESS,nextIndex:3348,term:3,followerCommit:3329
2019-09-24 16:17:50,632 WARN  server.GrpcLogAppender (GrpcLogAppender.java:onNextImpl(251)) - s2@group-5C26748AB2B1->s1-AppendLogResponseHandler: Request not found, ignoring reply: s2<-s1#4125:OK,SUCCESS,nextIndex:3351,term:3,followerCommit:3329
2019-09-24 16:17:50,633 WARN  server.GrpcLogAppender (GrpcLogAppender.java:onNextImpl(251)) - s2@group-5C26748AB2B1->s0-AppendLogResponseHandler: Request not found, ignoring reply: s2<-s0#3963:OK,SUCCESS,nextIndex:3349,term:3,followerCommit:3329
2019-09-24 16:17:50,633 WARN  server.GrpcLogAppender (GrpcLogAppender.java:onNextImpl(251)) - s2@group-5C26748AB2B1->s1-AppendLogResponseHandler: Request not found, ignoring reply: s2<-s1#4126:OK,SUCCESS,nextIndex:3352,term:3,followerCommit:3329
2019-09-24 16:17:50,633 WARN  server.GrpcLogAppender (GrpcLogAppender.java:onNextImpl(251)) - s2@group-5C26748AB2B1->s0-AppendLogResponseHandler: Request not found, ignoring reply: s2<-s0#3964:OK,SUCCESS,nextIndex:3350,term:3,followerCommit:3329
2019-09-24 16:17:50,633 WARN  server.GrpcLogAppender (GrpcLogAppender.java:onNextImpl(251)) - s2@group-5C26748AB2B1->s1-AppendLogResponseHandler: Request not found, ignoring reply: s2<-s1#4127:OK,SUCCESS,nextIndex:3353,term:3,followerCommit:3329
2019-09-24 16:17:50,633 WARN  server.GrpcLogAppender (GrpcLogAppender.java:onNextImpl(251)) - s2@group-5C26748AB2B1->s0-AppendLogResponseHandler: Request not found, ignoring reply: s2<-s0#3965:OK,SUCCESS,nextIndex:3351,term:3,followerCommit:3329
2019-09-24 16:17:50,634 WARN  server.GrpcLogAppender (GrpcLogAppender.java:onNextImpl(251)) - s2@group-5C26748AB2B1->s1-AppendLogResponseHandler: Request not found, ignoring reply: s2<-s1#4128:OK,SUCCESS,nextIndex:3354,term:3,followerCommit:3329
2019-09-24 16:17:50,634 WARN  server.GrpcLogAppender (GrpcLogAppender.java:onNextImpl(251)) - s2@group-5C26748AB2B1->s0-AppendLogResponseHandler: Request not found, ignoring reply: s2<-s0#3966:OK,SUCCESS,nextIndex:3352,term:3,followerCommit:3329
2019-09-24 16:17:50,634 WARN  server.GrpcLogAppender (GrpcLogAppender.java:onNextImpl(251)) - s2@group-5C26748AB2B1->s1-AppendLogResponseHandler: Request not found, ignoring reply: s2<-s1#4129:OK,SUCCESS,nextIndex:3355,term:3,followerCommit:3329
2019-09-24 16:17:50,634 WARN  server.GrpcLogAppender (GrpcLogAppender.java:onNextImpl(251)) - s2@group-5C26748AB2B1->s0-AppendLogResponseHandler: Request not found, ignoring reply: s2<-s0#3967:OK,SUCCESS,nextIndex:3353,term:3,followerCommit:3329
2019-09-24 16:17:50,635 WARN  server.GrpcLogAppender (GrpcLogAppender.java:onNextImpl(251)) - s2@group-5C26748AB2B1->s1-AppendLogResponseHandler: Request not found, ignoring reply: s2<-s1#4130:OK,SUCCESS,nextIndex:3356,term:3,followerCommit:3329
2019-09-24 16:17:50,635 WARN  server.GrpcLogAppender (GrpcLogAppender.java:onNextImpl(251)) - s2@group-5C26748AB2B1->s0-AppendLogResponseHandler: Request not found, ignoring reply: s2<-s0#3968:OK,SUCCESS,nextIndex:3354,term:3,followerCommit:3329
2019-09-24 16:17:50,635 WARN  server.GrpcLogAppender (GrpcLogAppender.java:onNextImpl(251)) - s2@group-5C26748AB2B1->s1-AppendLogResponseHandler: Request not found, ignoring reply: s2<-s1#4131:OK,SUCCESS,nextIndex:3357,term:3,followerCommit:3329
2019-09-24 16:17:50,635 WARN  server.GrpcLogAppender (GrpcLogAppender.java:onNextImpl(251)) - s2@group-5C26748AB2B1->s0-AppendLogResponseHandler: Request not found, ignoring reply: s2<-s0#3969:OK,SUCCESS,nextIndex:3355,term:3,followerCommit:3329
2019-09-24 16:17:50,636 WARN  server.GrpcLogAppender (GrpcLogAppender.java:onNextImpl(251)) - s2@group-5C26748AB2B1->s1-AppendLogResponseHandler: Request not found, ignoring reply: s2<-s1#4132:OK,SUCCESS,nextIndex:3358,term:3,followerCommit:3329
2019-09-24 16:17:50,636 WARN  server.GrpcLogAppender (GrpcLogAppender.java:onNextImpl(251)) - s2@group-5C26748AB2B1->s0-AppendLogResponseHandler: Request not found, ignoring reply: s2<-s0#3970:OK,SUCCESS,nextIndex:3356,term:3,followerCommit:3329
2019-09-24 16:17:50,636 WARN  server.GrpcLogAppender (GrpcLogAppender.java:onNextImpl(251)) - s2@group-5C26748AB2B1->s1-AppendLogResponseHandler: Request not found, ignoring reply: s2<-s1#4133:OK,SUCCESS,nextIndex:3359,term:3,followerCommit:3329
2019-09-24 16:17:50,636 WARN  segmented.SegmentedRaftLogOutputStream (SegmentedRaftLogOutputStream.java:<init>(77)) - Hit IOException while creating log segment /workdir/ratis-test/target/test/data/9f1a7c06/MiniRaftClusterWithGrpc509d369e/s1/9cc6f171-e8a8-44f4-b656-926153db23b0/current/log_inprogress_66, delete the partial file.
2019-09-24 16:17:50,636 WARN  server.GrpcLogAppender (GrpcLogAppender.java:onNextImpl(251)) - s2@group-5C26748AB2B1->s0-AppendLogResponseHandler: Request not found, ignoring reply: s2<-s0#3971:OK,SUCCESS,nextIndex:3357,term:3,followerCommit:3329
2019-09-24 16:17:50,637 WARN  server.GrpcLogAppender (GrpcLogAppender.java:onNextImpl(251)) - s2@group-5C26748AB2B1->s1-AppendLogResponseHandler: Request not found, ignoring reply: s2<-s1#4134:OK,SUCCESS,nextIndex:3360,term:3,followerCommit:3329
2019-09-24 16:17:50,637 WARN  server.GrpcLogAppender (GrpcLogAppender.java:onNextImpl(251)) - s2@group-5C26748AB2B1->s0-AppendLogResponseHandler: Request not found, ignoring reply: s2<-s0#3972:OK,SUCCESS,nextIndex:3358,term:3,followerCommit:3329
2019-09-24 16:17:50,637 TRACE util.FileUtils (FileUtils.java:deleteFully(88)) - deleteFully /workdir/ratis-test/target/test/data/9f1a7c06/MiniRaftClusterWithGrpc509d369e/s1/9cc6f171-e8a8-44f4-b656-926153db23b0/current/log_inprogress_66
2019-09-24 16:17:50,638 WARN  server.GrpcLogAppender (GrpcLogAppender.java:onNextImpl(251)) - s2@group-5C26748AB2B1->s0-AppendLogResponseHandler: Request not found, ignoring reply: s2<-s0#3973:OK,SUCCESS,nextIndex:3359,term:3,followerCommit:3329
2019-09-24 16:17:50,638 WARN  server.GrpcLogAppender (GrpcLogAppender.java:onNextImpl(251)) - s2@group-5C26748AB2B1->s1-AppendLogResponseHandler: Request not found, ignoring reply: s2<-s1#4135:OK,SUCCESS,nextIndex:3361,term:3,followerCommit:3329
2019-09-24 16:17:50,637 WARN  segmented.SegmentedRaftLogOutputStream (SegmentedRaftLogOutputStream.java:<init>(77)) - Hit IOException while creating log segment /workdir/ratis-test/target/test/data/9f1a7c06/MiniRaftClusterWithGrpc509d369e/s0/9cc6f171-e8a8-44f4-b656-926153db23b0/current/log_inprogress_66, delete the partial file.
2019-09-24 16:17:50,639 WARN  server.GrpcLogAppender (GrpcLogAppender.java:onNextImpl(251)) - s2@group-5C26748AB2B1->s1-AppendLogResponseHandler: Request not found, ignoring reply: s2<-s1#4136:OK,SUCCESS,nextIndex:3362,term:3,followerCommit:3329
2019-09-24 16:17:50,639 WARN  server.GrpcLogAppender (GrpcLogAppender.java:onNextImpl(251)) - s2@group-5C26748AB2B1->s0-AppendLogResponseHandler: Request not found, ignoring reply: s2<-s0#3974:OK,SUCCESS,nextIndex:3360,term:3,followerCommit:3329
2019-09-24 16:17:50,639 WARN  server.GrpcLogAppender (GrpcLogAppender.java:onNextImpl(251)) - s2@group-5C26748AB2B1->s1-AppendLogResponseHandler: Request not found, ignoring reply: s2<-s1#4137:OK,SUCCESS,nextIndex:3363,term:3,followerCommit:3329
2019-09-24 16:17:50,639 TRACE util.FileUtils (FileUtils.java:deleteFully(88)) - deleteFully /workdir/ratis-test/target/test/data/9f1a7c06/MiniRaftClusterWithGrpc509d369e/s0/9cc6f171-e8a8-44f4-b656-926153db23b0/current/log_inprogress_66
2019-09-24 16:17:50,640 WARN  server.GrpcLogAppender (GrpcLogAppender.java:onNextImpl(251)) - s2@group-5C26748AB2B1->s1-AppendLogResponseHandler: Request not found, ignoring reply: s2<-s1#4138:OK,SUCCESS,nextIndex:3364,term:3,followerCommit:3329
2019-09-24 16:17:50,640 WARN  server.GrpcLogAppender (GrpcLogAppender.java:onNextImpl(251)) - s2@group-5C26748AB2B1->s0-AppendLogResponseHandler: Request not found, ignoring reply: s2<-s0#3975:OK,SUCCESS,nextIndex:3361,term:3,followerCommit:3329
2019-09-24 16:17:50,641 WARN  server.GrpcLogAppender (GrpcLogAppender.java:onNextImpl(251)) - s2@group-5C26748AB2B1->s1-AppendLogResponseHandler: Request not found, ignoring reply: s2<-s1#4139:OK,SUCCESS,nextIndex:3365,term:3,followerCommit:3329
2019-09-24 16:17:50,641 WARN  server.GrpcLogAppender (GrpcLogAppender.java:onNextImpl(251)) - s2@group-5C26748AB2B1->s0-AppendLogResponseHandler: Request not found, ignoring reply: s2<-s0#3976:OK,SUCCESS,nextIndex:3362,term:3,followerCommit:3329
2019-09-24 16:17:50,641 WARN  server.GrpcLogAppender (GrpcLogAppender.java:onNextImpl(251)) - s2@group-5C26748AB2B1->s1-AppendLogResponseHandler: Request not found, ignoring reply: s2<-s1#4140:OK,SUCCESS,nextIndex:3366,term:3,followerCommit:3329
2019-09-24 16:17:50,641 WARN  server.GrpcLogAppender (GrpcLogAppender.java:onNextImpl(251)) - s2@group-5C26748AB2B1->s0-AppendLogResponseHandler: Request not found, ignoring reply: s2<-s0#3977:OK,SUCCESS,nextIndex:3363,term:3,followerCommit:3329
2019-09-24 16:17:50,641 WARN  server.GrpcLogAppender (GrpcLogAppender.java:onNextImpl(251)) - s2@group-5C26748AB2B1->s1-AppendLogResponseHandler: Request not found, ignoring reply: s2<-s1#4141:OK,SUCCESS,nextIndex:3367,term:3,followerCommit:3329
2019-09-24 16:17:50,641 WARN  server.GrpcLogAppender (GrpcLogAppender.java:onNextImpl(251)) - s2@group-5C26748AB2B1->s0-AppendLogResponseHandler: Request not found, ignoring reply: s2<-s0#3978:OK,SUCCESS,nextIndex:3364,term:3,followerCommit:3329
2019-09-24 16:17:50,642 WARN  server.GrpcLogAppender (GrpcLogAppender.java:onNextImpl(251)) - s2@group-5C26748AB2B1->s1-AppendLogResponseHandler: Request not found, ignoring reply: s2<-s1#4142:OK,SUCCESS,nextIndex:3368,term:3,followerCommit:3329
2019-09-24 16:17:50,642 WARN  server.GrpcLogAppender (GrpcLogAppender.java:onNextImpl(251)) - s2@group-5C26748AB2B1->s0-AppendLogResponseHandler: Request not found, ignoring reply: s2<-s0#3979:OK,SUCCESS,nextIndex:3365,term:3,followerCommit:3329
2019-09-24 16:17:50,642 WARN  server.GrpcLogAppender (GrpcLogAppender.java:onNextImpl(251)) - s2@group-5C26748AB2B1->s1-AppendLogResponseHandler: Request not found, ignoring reply: s2<-s1#4143:OK,SUCCESS,nextIndex:3369,term:3,followerCommit:3329
2019-09-24 16:17:50,642 WARN  server.GrpcLogAppender (GrpcLogAppender.java:onNextImpl(251)) - s2@group-5C26748AB2B1->s0-AppendLogResponseHandler: Request not found, ignoring reply: s2<-s0#3980:OK,SUCCESS,nextIndex:3366,term:3,followerCommit:3329
2019-09-24 16:17:50,642 WARN  server.GrpcLogAppender (GrpcLogAppender.java:onNextImpl(251)) - s2@group-5C26748AB2B1->s1-AppendLogResponseHandler: Request not found, ignoring reply: s2<-s1#4144:OK,SUCCESS,nextIndex:3370,term:3,followerCommit:3329
2019-09-24 16:17:50,642 WARN  server.GrpcLogAppender (GrpcLogAppender.java:onNextImpl(251)) - s2@group-5C26748AB2B1->s0-AppendLogResponseHandler: Request not found, ignoring reply: s2<-s0#3981:OK,SUCCESS,nextIndex:3367,term:3,followerCommit:3329
2019-09-24 16:17:50,642 WARN  server.GrpcLogAppender (GrpcLogAppender.java:onNextImpl(251)) - s2@group-5C26748AB2B1->s1-AppendLogResponseHandler: Request not found, ignoring reply: s2<-s1#4145:OK,SUCCESS,nextIndex:3371,term:3,followerCommit:3329
2019-09-24 16:17:50,643 WARN  server.GrpcLogAppender (GrpcLogAppender.java:onNextImpl(251)) - s2@group-5C26748AB2B1->s0-AppendLogResponseHandler: Request not found, ignoring reply: s2<-s0#3982:OK,SUCCESS,nextIndex:3368,term:3,followerCommit:3329
2019-09-24 16:17:50,643 WARN  server.GrpcLogAppender (GrpcLogAppender.java:onNextImpl(251)) - s2@group-5C26748AB2B1->s1-AppendLogResponseHandler: Request not found, ignoring reply: s2<-s1#4146:OK,SUCCESS,nextIndex:3372,term:3,followerCommit:3329
2019-09-24 16:17:50,643 WARN  server.GrpcLogAppender (GrpcLogAppender.java:onNextImpl(251)) - s2@group-5C26748AB2B1->s0-AppendLogResponseHandler: Request not found, ignoring reply: s2<-s0#3983:OK,SUCCESS,nextIndex:3370,term:3,followerCommit:3329
2019-09-24 16:17:50,643 WARN  server.GrpcLogAppender (GrpcLogAppender.java:onNextImpl(251)) - s2@group-5C26748AB2B1->s1-AppendLogResponseHandler: Request not found, ignoring reply: s2<-s1#4147:OK,SUCCESS,nextIndex:3373,term:3,followerCommit:3329
2019-09-24 16:17:50,643 WARN  server.GrpcLogAppender (GrpcLogAppender.java:onNextImpl(251)) - s2@group-5C26748AB2B1->s0-AppendLogResponseHandler: Request not found, ignoring reply: s2<-s0#3984:OK,SUCCESS,nextIndex:3371,term:3,followerCommit:3329
2019-09-24 16:17:50,643 WARN  server.GrpcLogAppender (GrpcLogAppender.java:onNextImpl(251)) - s2@group-5C26748AB2B1->s1-AppendLogResponseHandler: Request not found, ignoring reply: s2<-s1#4148:OK,SUCCESS,nextIndex:3374,term:3,followerCommit:3329
2019-09-24 16:17:50,644 WARN  server.GrpcLogAppender (GrpcLogAppender.java:onNextImpl(251)) - s2@group-5C26748AB2B1->s0-AppendLogResponseHandler: Request not found, ignoring reply: s2<-s0#3985:OK,SUCCESS,nextIndex:3372,term:3,followerCommit:3329
2019-09-24 16:17:50,644 WARN  server.GrpcLogAppender (GrpcLogAppender.java:onNextImpl(251)) - s2@group-5C26748AB2B1->s1-AppendLogResponseHandler: Request not found, ignoring reply: s2<-s1#4149:OK,SUCCESS,nextIndex:3375,term:3,followerCommit:3329
2019-09-24 16:17:50,644 WARN  server.GrpcLogAppender (GrpcLogAppender.java:onNextImpl(251)) - s2@group-5C26748AB2B1->s0-AppendLogResponseHandler: Request not found, ignoring reply: s2<-s0#3986:OK,SUCCESS,nextIndex:3373,term:3,followerCommit:3329
2019-09-24 16:17:50,644 WARN  server.GrpcLogAppender (GrpcLogAppender.java:onNextImpl(251)) - s2@group-5C26748AB2B1->s1-AppendLogResponseHandler: Request not found, ignoring reply: s2<-s1#4150:OK,SUCCESS,nextIndex:3376,term:3,followerCommit:3329
2019-09-24 16:17:50,644 WARN  server.GrpcLogAppender (GrpcLogAppender.java:onNextImpl(251)) - s2@group-5C26748AB2B1->s0-AppendLogResponseHandler: Request not found, ignoring reply: s2<-s0#3987:OK,SUCCESS,nextIndex:3374,term:3,followerCommit:3329
2019-09-24 16:17:50,645 WARN  server.GrpcLogAppender (GrpcLogAppender.java:onNextImpl(251)) - s2@group-5C26748AB2B1->s1-AppendLogResponseHandler: Request not found, ignoring reply: s2<-s1#4151:OK,SUCCESS,nextIndex:3377,term:3,followerCommit:3329
2019-09-24 16:17:50,645 WARN  server.GrpcLogAppender (GrpcLogAppender.java:onNextImpl(251)) - s2@group-5C26748AB2B1->s0-AppendLogResponseHandler: Request not found, ignoring reply: s2<-s0#3988:OK,SUCCESS,nextIndex:3375,term:3,followerCommit:3329
2019-09-24 16:17:50,645 WARN  server.GrpcLogAppender (GrpcLogAppender.java:onNextImpl(251)) - s2@group-5C26748AB2B1->s1-AppendLogResponseHandler: Request not found, ignoring reply: s2<-s1#4152:OK,SUCCESS,nextIndex:3378,term:3,followerCommit:3329
2019-09-24 16:17:50,645 WARN  server.GrpcLogAppender (GrpcLogAppender.java:onNextImpl(251)) - s2@group-5C26748AB2B1->s0-AppendLogResponseHandler: Request not found, ignoring reply: s2<-s0#3989:OK,SUCCESS,nextIndex:3376,term:3,followerCommit:3329
2019-09-24 16:17:50,645 WARN  server.GrpcLogAppender (GrpcLogAppender.java:onNextImpl(251)) - s2@group-5C26748AB2B1->s1-AppendLogResponseHandler: Request not found, ignoring reply: s2<-s1#4153:OK,SUCCESS,nextIndex:3379,term:3,followerCommit:3329
2019-09-24 16:17:50,645 WARN  server.GrpcLogAppender (GrpcLogAppender.java:onNextImpl(251)) - s2@group-5C26748AB2B1->s0-AppendLogResponseHandler: Request not found, ignoring reply: s2<-s0#3990:OK,SUCCESS,nextIndex:3377,term:3,followerCommit:3329
2019-09-24 16:17:50,645 WARN  server.GrpcLogAppender (GrpcLogAppender.java:onNextImpl(251)) - s2@group-5C26748AB2B1->s1-AppendLogResponseHandler: Request not found, ignoring reply: s2<-s1#4154:OK,SUCCESS,nextIndex:3380,term:3,followerCommit:3329
2019-09-24 16:17:50,646 WARN  server.GrpcLogAppender (GrpcLogAppender.java:onNextImpl(251)) - s2@group-5C26748AB2B1->s0-AppendLogResponseHandler: Request not found, ignoring reply: s2<-s0#3991:OK,SUCCESS,nextIndex:3378,term:3,followerCommit:3329
2019-09-24 16:17:50,646 WARN  server.GrpcLogAppender (GrpcLogAppender.java:onNextImpl(251)) - s2@group-5C26748AB2B1->s1-AppendLogResponseHandler: Request not found, ignoring reply: s2<-s1#4155:OK,SUCCESS,nextIndex:3381,term:3,followerCommit:3329
2019-09-24 16:17:50,646 WARN  server.GrpcLogAppender (GrpcLogAppender.java:onNextImpl(251)) - s2@group-5C26748AB2B1->s0-AppendLogResponseHandler: Request not found, ignoring reply: s2<-s0#3992:OK,SUCCESS,nextIndex:3379,term:3,followerCommit:3329
2019-09-24 16:17:50,646 WARN  server.GrpcLogAppender (GrpcLogAppender.java:onNextImpl(251)) - s2@group-5C26748AB2B1->s1-AppendLogResponseHandler: Request not found, ignoring reply: s2<-s1#4156:OK,SUCCESS,nextIndex:3382,term:3,followerCommit:3329
2019-09-24 16:17:50,646 WARN  server.GrpcLogAppender (GrpcLogAppender.java:onNextImpl(251)) - s2@group-5C26748AB2B1->s0-AppendLogResponseHandler: Request not found, ignoring reply: s2<-s0#3993:OK,SUCCESS,nextIndex:3380,term:3,followerCommit:3329
2019-09-24 16:17:50,647 WARN  server.GrpcLogAppender (GrpcLogAppender.java:onNextImpl(251)) - s2@group-5C26748AB2B1->s1-AppendLogResponseHandler: Request not found, ignoring reply: s2<-s1#4157:OK,SUCCESS,nextIndex:3383,term:3,followerCommit:3329
2019-09-24 16:17:50,647 WARN  server.GrpcLogAppender (GrpcLogAppender.java:onNextImpl(251)) - s2@group-5C26748AB2B1->s0-AppendLogResponseHandler: Request not found, ignoring reply: s2<-s0#3994:OK,SUCCESS,nextIndex:3382,term:3,followerCommit:3329
2019-09-24 16:17:50,647 WARN  server.GrpcLogAppender (GrpcLogAppender.java:onNextImpl(251)) - s2@group-5C26748AB2B1->s1-AppendLogResponseHandler: Request not found, ignoring reply: s2<-s1#4158:OK,SUCCESS,nextIndex:3384,term:3,followerCommit:3329
2019-09-24 16:17:50,647 WARN  server.GrpcLogAppender (GrpcLogAppender.java:onNextImpl(251)) - s2@group-5C26748AB2B1->s0-AppendLogResponseHandler: Request not found, ignoring reply: s2<-s0#3995:OK,SUCCESS,nextIndex:3383,term:3,followerCommit:3329
2019-09-24 16:17:50,647 WARN  server.GrpcLogAppender (GrpcLogAppender.java:onNextImpl(251)) - s2@group-5C26748AB2B1->s1-AppendLogResponseHandler: Request not found, ignoring reply: s2<-s1#4159:OK,SUCCESS,nextIndex:3385,term:3,followerCommit:3329
2019-09-24 16:17:50,648 WARN  server.GrpcLogAppender (GrpcLogAppender.java:onNextImpl(251)) - s2@group-5C26748AB2B1->s0-AppendLogResponseHandler: Request not found, ignoring reply: s2<-s0#3996:OK,SUCCESS,nextIndex:3384,term:3,followerCommit:3329
2019-09-24 16:17:50,648 WARN  server.GrpcLogAppender (GrpcLogAppender.java:onNextImpl(251)) - s2@group-5C26748AB2B1->s1-AppendLogResponseHandler: Request not found, ignoring reply: s2<-s1#4160:OK,SUCCESS,nextIndex:3386,term:3,followerCommit:3329
2019-09-24 16:17:50,648 WARN  server.GrpcLogAppender (GrpcLogAppender.java:onNextImpl(251)) - s2@group-5C26748AB2B1->s0-AppendLogResponseHandler: Request not found, ignoring reply: s2<-s0#3997:OK,SUCCESS,nextIndex:3385,term:3,followerCommit:3329
2019-09-24 16:17:50,648 WARN  server.GrpcLogAppender (GrpcLogAppender.java:onNextImpl(251)) - s2@group-5C26748AB2B1->s1-AppendLogResponseHandler: Request not found, ignoring reply: s2<-s1#4161:OK,SUCCESS,nextIndex:3387,term:3,followerCommit:3329
2019-09-24 16:17:50,649 WARN  server.GrpcLogAppender (GrpcLogAppender.java:onNextImpl(251)) - s2@group-5C26748AB2B1->s0-AppendLogResponseHandler: Request not found, ignoring reply: s2<-s0#3998:OK,SUCCESS,nextIndex:3386,term:3,followerCommit:3329
2019-09-24 16:17:50,649 WARN  server.GrpcLogAppender (GrpcLogAppender.java:onNextImpl(251)) - s2@group-5C26748AB2B1->s1-AppendLogResponseHandler: Request not found, ignoring reply: s2<-s1#4162:OK,SUCCESS,nextIndex:3388,term:3,followerCommit:3329
2019-09-24 16:17:50,649 WARN  server.GrpcLogAppender (GrpcLogAppender.java:onNextImpl(251)) - s2@group-5C26748AB2B1->s0-AppendLogResponseHandler: Request not found, ignoring reply: s2<-s0#3999:OK,SUCCESS,nextIndex:3387,term:3,followerCommit:3329
2019-09-24 16:17:50,649 WARN  server.GrpcLogAppender (GrpcLogAppender.java:onNextImpl(251)) - s2@group-5C26748AB2B1->s1-AppendLogResponseHandler: Request not found, ignoring reply: s2<-s1#4163:OK,SUCCESS,nextIndex:3389,term:3,followerCommit:3329
2019-09-24 16:17:50,649 WARN  server.GrpcLogAppender (GrpcLogAppender.java:onNextImpl(251)) - s2@group-5C26748AB2B1->s0-AppendLogResponseHandler: Request not found, ignoring reply: s2<-s0#4000:OK,SUCCESS,nextIndex:3388,term:3,followerCommit:3329
2019-09-24 16:17:50,650 WARN  server.GrpcLogAppender (GrpcLogAppender.java:onNextImpl(251)) - s2@group-5C26748AB2B1->s1-AppendLogResponseHandler: Request not found, ignoring reply: s2<-s1#4164:OK,SUCCESS,nextIndex:3390,term:3,followerCommit:3329
2019-09-24 16:17:50,650 WARN  server.GrpcLogAppender (GrpcLogAppender.java:onNextImpl(251)) - s2@group-5C26748AB2B1->s0-AppendLogResponseHandler: Request not found, ignoring reply: s2<-s0#4001:OK,SUCCESS,nextIndex:3389,term:3,followerCommit:3329
2019-09-24 16:17:50,650 WARN  server.GrpcLogAppender (GrpcLogAppender.java:onNextImpl(251)) - s2@group-5C26748AB2B1->s1-AppendLogResponseHandler: Request not found, ignoring reply: s2<-s1#4165:OK,SUCCESS,nextIndex:3391,term:3,followerCommit:3329
2019-09-24 16:17:50,650 WARN  server.GrpcLogAppender (GrpcLogAppender.java:onNextImpl(251)) - s2@group-5C26748AB2B1->s0-AppendLogResponseHandler: Request not found, ignoring reply: s2<-s0#4002:OK,SUCCESS,nextIndex:3390,term:3,followerCommit:3329
2019-09-24 16:17:50,650 WARN  server.GrpcLogAppender (GrpcLogAppender.java:onNextImpl(251)) - s2@group-5C26748AB2B1->s1-AppendLogResponseHandler: Request not found, ignoring reply: s2<-s1#4166:OK,SUCCESS,nextIndex:3392,term:3,followerCommit:3329
2019-09-24 16:17:50,651 WARN  server.GrpcLogAppender (GrpcLogAppender.java:onNextImpl(251)) - s2@group-5C26748AB2B1->s0-AppendLogResponseHandler: Request not found, ignoring reply: s2<-s0#4003:OK,SUCCESS,nextIndex:3391,term:3,followerCommit:3329
2019-09-24 16:17:50,651 WARN  server.GrpcLogAppender (GrpcLogAppender.java:onNextImpl(251)) - s2@group-5C26748AB2B1->s1-AppendLogResponseHandler: Request not found, ignoring reply: s2<-s1#4167:OK,SUCCESS,nextIndex:3393,term:3,followerCommit:3329
2019-09-24 16:17:50,651 WARN  server.GrpcLogAppender (GrpcLogAppender.java:onNextImpl(251)) - s2@group-5C26748AB2B1->s0-AppendLogResponseHandler: Request not found, ignoring reply: s2<-s0#4004:OK,SUCCESS,nextIndex:3392,term:3,followerCommit:3329
2019-09-24 16:17:50,651 WARN  server.GrpcLogAppender (GrpcLogAppender.java:onNextImpl(251)) - s2@group-5C26748AB2B1->s1-AppendLogResponseHandler: Request not found, ignoring reply: s2<-s1#4168:OK,SUCCESS,nextIndex:3394,term:3,followerCommit:3329
2019-09-24 16:17:50,651 WARN  server.GrpcLogAppender (GrpcLogAppender.java:onNextImpl(251)) - s2@group-5C26748AB2B1->s0-AppendLogResponseHandler: Request not found, ignoring reply: s2<-s0#4005:OK,SUCCESS,nextIndex:3393,term:3,followerCommit:3329
2019-09-24 16:17:50,652 WARN  server.GrpcLogAppender (GrpcLogAppender.java:onNextImpl(251)) - s2@group-5C26748AB2B1->s1-AppendLogResponseHandler: Request not found, ignoring reply: s2<-s1#4169:OK,SUCCESS,nextIndex:3395,term:3,followerCommit:3329
2019-09-24 16:17:50,652 WARN  server.GrpcLogAppender (GrpcLogAppender.java:onNextImpl(251)) - s2@group-5C26748AB2B1->s0-AppendLogResponseHandler: Request not found, ignoring reply: s2<-s0#4006:OK,SUCCESS,nextIndex:3394,term:3,followerCommit:3329
2019-09-24 16:17:50,652 WARN  server.GrpcLogAppender (GrpcLogAppender.java:onNextImpl(251)) - s2@group-5C26748AB2B1->s1-AppendLogResponseHandler: Request not found, ignoring reply: s2<-s1#4170:OK,SUCCESS,nextIndex:3396,term:3,followerCommit:3329
2019-09-24 16:17:50,652 WARN  server.GrpcLogAppender (GrpcLogAppender.java:onNextImpl(251)) - s2@group-5C26748AB2B1->s0-AppendLogResponseHandler: Request not found, ignoring reply: s2<-s0#4007:OK,SUCCESS,nextIndex:3395,term:3,followerCommit:3329
2019-09-24 16:17:50,652 WARN  server.GrpcLogAppender (GrpcLogAppender.java:onNextImpl(251)) - s2@group-5C26748AB2B1->s1-AppendLogResponseHandler: Request not found, ignoring reply: s2<-s1#4171:OK,SUCCESS,nextIndex:3397,term:3,followerCommit:3329
2019-09-24 16:17:50,653 WARN  server.GrpcLogAppender (GrpcLogAppender.java:onNextImpl(251)) - s2@group-5C26748AB2B1->s0-AppendLogResponseHandler: Request not found, ignoring reply: s2<-s0#4008:OK,SUCCESS,nextIndex:3396,term:3,followerCommit:3329
2019-09-24 16:17:50,653 WARN  server.GrpcLogAppender (GrpcLogAppender.java:onNextImpl(251)) - s2@group-5C26748AB2B1->s1-AppendLogResponseHandler: Request not found, ignoring reply: s2<-s1#4172:OK,SUCCESS,nextIndex:3398,term:3,followerCommit:3329
2019-09-24 16:17:50,653 WARN  server.GrpcLogAppender (GrpcLogAppender.java:onNextImpl(251)) - s2@group-5C26748AB2B1->s0-AppendLogResponseHandler: Request not found, ignoring reply: s2<-s0#4009:OK,SUCCESS,nextIndex:3397,term:3,followerCommit:3329
2019-09-24 16:17:50,653 WARN  server.GrpcLogAppender (GrpcLogAppender.java:onNextImpl(251)) - s2@group-5C26748AB2B1->s1-AppendLogResponseHandler: Request not found, ignoring reply: s2<-s1#4173:OK,SUCCESS,nextIndex:3399,term:3,followerCommit:3329
2019-09-24 16:17:50,654 WARN  server.GrpcLogAppender (GrpcLogAppender.java:onNextImpl(251)) - s2@group-5C26748AB2B1->s0-AppendLogResponseHandler: Request not found, ignoring reply: s2<-s0#4010:OK,SUCCESS,nextIndex:3398,term:3,followerCommit:3329
2019-09-24 16:17:50,654 WARN  server.GrpcLogAppender (GrpcLogAppender.java:onNextImpl(251)) - s2@group-5C26748AB2B1->s1-AppendLogResponseHandler: Request not found, ignoring reply: s2<-s1#4174:OK,SUCCESS,nextIndex:3400,term:3,followerCommit:3329
2019-09-24 16:17:50,654 WARN  server.GrpcLogAppender (GrpcLogAppender.java:onNextImpl(251)) - s2@group-5C26748AB2B1->s0-AppendLogResponseHandler: Request not found, ignoring reply: s2<-s0#4011:OK,SUCCESS,nextIndex:3399,term:3,followerCommit:3329
2019-09-24 16:17:50,654 WARN  server.GrpcLogAppender (GrpcLogAppender.java:onNextImpl(251)) - s2@group-5C26748AB2B1->s1-AppendLogResponseHandler: Request not found, ignoring reply: s2<-s1#4175:OK,SUCCESS,nextIndex:3401,term:3,followerCommit:3329
2019-09-24 16:17:50,654 WARN  server.GrpcLogAppender (GrpcLogAppender.java:onNextImpl(251)) - s2@group-5C26748AB2B1->s0-AppendLogResponseHandler: Request not found, ignoring reply: s2<-s0#4012:OK,SUCCESS,nextIndex:3400,term:3,followerCommit:3329
2019-09-24 16:17:50,655 WARN  server.GrpcLogAppender (GrpcLogAppender.java:onNextImpl(251)) - s2@group-5C26748AB2B1->s1-AppendLogResponseHandler: Request not found, ignoring reply: s2<-s1#4176:OK,SUCCESS,nextIndex:3402,term:3,followerCommit:3329
2019-09-24 16:17:50,655 WARN  server.GrpcLogAppender (GrpcLogAppender.java:onNextImpl(251)) - s2@group-5C26748AB2B1->s0-AppendLogResponseHandler: Request not found, ignoring reply: s2<-s0#4013:OK,SUCCESS,nextIndex:3401,term:3,followerCommit:3329
2019-09-24 16:17:50,655 WARN  server.GrpcLogAppender (GrpcLogAppender.java:onNextImpl(251)) - s2@group-5C26748AB2B1->s1-AppendLogResponseHandler: Request not found, ignoring reply: s2<-s1#4177:OK,SUCCESS,nextIndex:3403,term:3,followerCommit:3329
2019-09-24 16:17:50,655 WARN  server.GrpcLogAppender (GrpcLogAppender.java:onNextImpl(251)) - s2@group-5C26748AB2B1->s0-AppendLogResponseHandler: Request not found, ignoring reply: s2<-s0#4014:OK,SUCCESS,nextIndex:3402,term:3,followerCommit:3329
2019-09-24 16:17:50,655 WARN  server.GrpcLogAppender (GrpcLogAppender.java:onNextImpl(251)) - s2@group-5C26748AB2B1->s1-AppendLogResponseHandler: Request not found, ignoring reply: s2<-s1#4178:OK,SUCCESS,nextIndex:3404,term:3,followerCommit:3329
2019-09-24 16:17:50,656 WARN  server.GrpcLogAppender (GrpcLogAppender.java:onNextImpl(251)) - s2@group-5C26748AB2B1->s0-AppendLogResponseHandler: Request not found, ignoring reply: s2<-s0#4015:OK,SUCCESS,nextIndex:3403,term:3,followerCommit:3329
2019-09-24 16:17:50,655 WARN  server.GrpcLogAppender (GrpcLogAppender.java:timeoutAppendRequest(200)) - s2@group-5C26748AB2B1->s0-GrpcLogAppender: appendEntries Timeout, request=s2->s0#4130-t3, previous=(t:3, i:3431), leaderCommit=3329, initializing? false, entries: <empty>
2019-09-24 16:17:50,656 WARN  server.GrpcLogAppender (GrpcLogAppender.java:onNextImpl(251)) - s2@group-5C26748AB2B1->s0-AppendLogResponseHandler: Request not found, ignoring reply: s2<-s0#4016:OK,SUCCESS,nextIndex:3404,term:3,followerCommit:3329
2019-09-24 16:17:50,656 WARN  server.GrpcLogAppender (GrpcLogAppender.java:onNextImpl(251)) - s2@group-5C26748AB2B1->s1-AppendLogResponseHandler: Request not found, ignoring reply: s2<-s1#4179:OK,SUCCESS,nextIndex:3405,term:3,followerCommit:3329
2019-09-24 16:17:50,656 WARN  server.GrpcLogAppender (GrpcLogAppender.java:onNextImpl(251)) - s2@group-5C26748AB2B1->s0-AppendLogResponseHandler: Request not found, ignoring reply: s2<-s0#4017:OK,SUCCESS,nextIndex:3405,term:3,followerCommit:3329
2019-09-24 16:17:50,656 WARN  server.GrpcLogAppender (GrpcLogAppender.java:onNextImpl(251)) - s2@group-5C26748AB2B1->s1-AppendLogResponseHandler: Request not found, ignoring reply: s2<-s1#4180:OK,SUCCESS,nextIndex:3406,term:3,followerCommit:3329
2019-09-24 16:17:50,657 WARN  server.GrpcLogAppender (GrpcLogAppender.java:onNextImpl(251)) - s2@group-5C26748AB2B1->s0-AppendLogResponseHandler: Request not found, ignoring reply: s2<-s0#4018:OK,SUCCESS,nextIndex:3406,term:3,followerCommit:3329
2019-09-24 16:17:50,657 WARN  server.GrpcLogAppender (GrpcLogAppender.java:onNextImpl(251)) - s2@group-5C26748AB2B1->s1-AppendLogResponseHandler: Request not found, ignoring reply: s2<-s1#4181:OK,SUCCESS,nextIndex:3407,term:3,followerCommit:3329
2019-09-24 16:17:50,657 WARN  server.GrpcLogAppender (GrpcLogAppender.java:onNextImpl(251)) - s2@group-5C26748AB2B1->s0-AppendLogResponseHandler: Request not found, ignoring reply: s2<-s0#4019:OK,SUCCESS,nextIndex:3407,term:3,followerCommit:3329
2019-09-24 16:17:50,657 WARN  server.GrpcLogAppender (GrpcLogAppender.java:onNextImpl(251)) - s2@group-5C26748AB2B1->s1-AppendLogResponseHandler: Request not found, ignoring reply: s2<-s1#4182:OK,SUCCESS,nextIndex:3408,term:3,followerCommit:3329
2019-09-24 16:17:50,657 TRACE util.FileUtils (LogUtils.java:runAndLog(61)) - Successfully ran Files.delete /workdir/ratis-test/target/test/data/9f1a7c06/MiniRaftClusterWithGrpc509d369e/s0/9cc6f171-e8a8-44f4-b656-926153db23b0/current/log_inprogress_66
2019-09-24 16:17:50,657 WARN  server.GrpcLogAppender (GrpcLogAppender.java:onNextImpl(251)) - s2@group-5C26748AB2B1->s0-AppendLogResponseHandler: Request not found, ignoring reply: s2<-s0#4020:OK,SUCCESS,nextIndex:3408,term:3,followerCommit:3329
2019-09-24 16:17:50,658 WARN  server.GrpcLogAppender (GrpcLogAppender.java:onNextImpl(251)) - s2@group-5C26748AB2B1->s1-AppendLogResponseHandler: Request not found, ignoring reply: s2<-s1#4183:OK,SUCCESS,nextIndex:3409,term:3,followerCommit:3329
2019-09-24 16:17:50,658 TRACE util.FileUtils (LogUtils.java:runAndLog(61)) - Successfully ran Files.delete /workdir/ratis-test/target/test/data/9f1a7c06/MiniRaftClusterWithGrpc509d369e/s1/9cc6f171-e8a8-44f4-b656-926153db23b0/current/log_inprogress_66
2019-09-24 16:17:50,658 WARN  server.GrpcLogAppender (GrpcLogAppender.java:onNextImpl(251)) - s2@group-5C26748AB2B1->s1-AppendLogResponseHandler: Request not found, ignoring reply: s2<-s1#4184:OK,SUCCESS,nextIndex:3410,term:3,followerCommit:3329
2019-09-24 16:17:50,658 WARN  server.GrpcLogAppender (GrpcLogAppender.java:onNextImpl(251)) - s2@group-5C26748AB2B1->s0-AppendLogResponseHandler: Request not found, ignoring reply: s2<-s0#4021:OK,SUCCESS,nextIndex:3409,term:3,followerCommit:3329
2019-09-24 16:17:50,659 INFO  segmented.SegmentedRaftLogWorker (SegmentedRaftLogWorker.java:close(228)) - s0@group-926153DB23B0-SegmentedRaftLogWorker close()
2019-09-24 16:17:50,659 INFO  segmented.SegmentedRaftLogWorker (SegmentedRaftLogWorker.java:close(228)) - s1@group-926153DB23B0-SegmentedRaftLogWorker close()
2019-09-24 16:17:50,661 INFO  server.GrpcService (GrpcService.java:closeImpl(164)) - s0: shutdown server with port 44349 now
2019-09-24 16:17:50,659 WARN  server.GrpcLogAppender (GrpcLogAppender.java:onNextImpl(251)) - s2@group-5C26748AB2B1->s1-AppendLogResponseHandler: Request not found, ignoring reply: s2<-s1#4185:OK,SUCCESS,nextIndex:3411,term:3,followerCommit:3329
2019-09-24 16:17:50,662 INFO  ratis.MiniRaftCluster (MiniRaftCluster.java:lambda$null$5(297)) - TIMED-PRINT: printing ALL groups
  s0:  CLOSING  FOLLOWER s0@group-926153DB23B0:t3, leader=s1, voted=s1, raftlog=s0@group-926153DB23B0-SegmentedRaftLog:CLOSED:c40, conf=66: [s0:0.0.0.0:44349, s1:0.0.0.0:45730, s2:0.0.0.0:44794], old=null CLOSED
  s1:  CLOSING    LEADER s1@group-926153DB23B0:t3, leader=s1, voted=s1, raftlog=s1@group-926153DB23B0-SegmentedRaftLog:CLOSED:c40, conf=66: [s0:0.0.0.0:44349, s1:0.0.0.0:45730, s2:0.0.0.0:44794], old=null CLOSED
  s2:   CLOSED    LEADER s2@group-926153DB23B0:t1, leader=s2, voted=s2, raftlog=s2@group-926153DB23B0-SegmentedRaftLog:CLOSED:c40, conf=0: [s0:0.0.0.0:44349, s1:0.0.0.0:45730, s2:0.0.0.0:44794], old=null CLOSED
2019-09-24 16:17:50,662 INFO  server.GrpcService (GrpcService.java:closeImpl(164)) - s1: shutdown server with port 45730 now
2019-09-24 16:17:50,659 WARN  server.GrpcLogAppender (GrpcLogAppender.java:onNextImpl(251)) - s2@group-5C26748AB2B1->s0-AppendLogResponseHandler: Request not found, ignoring reply: s2<-s0#4022:OK,SUCCESS,nextIndex:3410,term:3,followerCommit:3329
2019-09-24 16:17:50,663 WARN  server.GrpcLogAppender (GrpcLogAppender.java:onNextImpl(251)) - s2@group-5C26748AB2B1->s1-AppendLogResponseHandler: Request not found, ignoring reply: s2<-s1#4186:OK,SUCCESS,nextIndex:3412,term:3,followerCommit:3329
2019-09-24 16:17:50,664 WARN  server.GrpcLogAppender (GrpcLogAppender.java:onNextImpl(251)) - s2@group-5C26748AB2B1->s0-AppendLogResponseHandler: Request not found, ignoring reply: s2<-s0#4023:OK,SUCCESS,nextIndex:3411,term:3,followerCommit:3329
2019-09-24 16:17:50,664 INFO  server.GrpcService (GrpcService.java:closeImpl(172)) - s0: shutdown server with port 44349 successfully
2019-09-24 16:17:50,664 WARN  server.GrpcLogAppender (GrpcLogAppender.java:onNextImpl(251)) - s2@group-5C26748AB2B1->s0-AppendLogResponseHandler: Request not found, ignoring reply: s2<-s0#4024:OK,SUCCESS,nextIndex:3412,term:3,followerCommit:3329
2019-09-24 16:17:50,664 WARN  server.GrpcLogAppender (GrpcLogAppender.java:onNextImpl(251)) - s2@group-5C26748AB2B1->s1-AppendLogResponseHandler: Request not found, ignoring reply: s2<-s1#4187:OK,SUCCESS,nextIndex:3413,term:3,followerCommit:3329
2019-09-24 16:17:50,664 WARN  server.GrpcLogAppender (GrpcLogAppender.java:onNextImpl(251)) - s2@group-5C26748AB2B1->s0-AppendLogResponseHandler: Request not found, ignoring reply: s2<-s0#4025:OK,SUCCESS,nextIndex:3413,term:3,followerCommit:3329
2019-09-24 16:17:50,665 WARN  server.GrpcLogAppender (GrpcLogAppender.java:onNextImpl(251)) - s2@group-5C26748AB2B1->s1-AppendLogResponseHandler: Request not found, ignoring reply: s2<-s1#4188:OK,SUCCESS,nextIndex:3414,term:3,followerCommit:3329
2019-09-24 16:17:50,665 INFO  server.GrpcService (GrpcService.java:closeImpl(172)) - s1: shutdown server with port 45730 successfully
2019-09-24 16:17:50,665 WARN  server.GrpcLogAppender (GrpcLogAppender.java:onNextImpl(251)) - s2@group-5C26748AB2B1->s1-AppendLogResponseHandler: Request not found, ignoring reply: s2<-s1#4189:OK,SUCCESS,nextIndex:3415,term:3,followerCommit:3329
2019-09-24 16:17:50,665 WARN  server.GrpcLogAppender (GrpcLogAppender.java:onNextImpl(251)) - s2@group-5C26748AB2B1->s0-AppendLogResponseHandler: Request not found, ignoring reply: s2<-s0#4026:OK,SUCCESS,nextIndex:3414,term:3,followerCommit:3329
2019-09-24 16:17:50,665 INFO  ratis.MiniRaftCluster (MiniRaftCluster.java:shutdown(722)) - MiniRaftClusterWithGrpc shutdown completed
2019-09-24 16:17:50,665 WARN  server.GrpcLogAppender (GrpcLogAppender.java:onNextImpl(251)) - s2@group-5C26748AB2B1->s1-AppendLogResponseHandler: Request not found, ignoring reply: s2<-s1#4190:OK,SUCCESS,nextIndex:3416,term:3,followerCommit:3329
2019-09-24 16:17:50,666 WARN  server.GrpcLogAppender (GrpcLogAppender.java:onNextImpl(251)) - s2@group-5C26748AB2B1->s0-AppendLogResponseHandler: Request not found, ignoring reply: s2<-s0#4027:OK,SUCCESS,nextIndex:3415,term:3,followerCommit:3329
2019-09-24 16:17:50,666 WARN  server.GrpcLogAppender (GrpcLogAppender.java:onNextImpl(251)) - s2@group-5C26748AB2B1->s1-AppendLogResponseHandler: Request not found, ignoring reply: s2<-s1#4191:OK,SUCCESS,nextIndex:3417,term:3,followerCommit:3329
2019-09-24 16:17:50,667 WARN  server.GrpcLogAppender (GrpcLogAppender.java:onNextImpl(251)) - s2@group-5C26748AB2B1->s0-AppendLogResponseHandler: Request not found, ignoring reply: s2<-s0#4028:OK,SUCCESS,nextIndex:3416,term:3,followerCommit:3329
2019-09-24 16:17:50,667 WARN  server.GrpcLogAppender (GrpcLogAppender.java:onNextImpl(251)) - s2@group-5C26748AB2B1->s1-AppendLogResponseHandler: Request not found, ignoring reply: s2<-s1#4192:OK,SUCCESS,nextIndex:3418,term:3,followerCommit:3329
2019-09-24 16:17:50,667 WARN  server.GrpcLogAppender (GrpcLogAppender.java:onNextImpl(251)) - s2@group-5C26748AB2B1->s0-AppendLogResponseHandler: Request not found, ignoring reply: s2<-s0#4029:OK,SUCCESS,nextIndex:3417,term:3,followerCommit:3329
]]></system-out>
    <system-err><![CDATA[Sep 24, 2019 4:17:39 PM org.apache.ratis.thirdparty.io.grpc.netty.NettyServerHandler onStreamError
WARNING: Stream Error
org.apache.ratis.thirdparty.io.netty.handler.codec.http2.Http2Exception$StreamException: Received DATA frame for an unknown stream 3
	at org.apache.ratis.thirdparty.io.netty.handler.codec.http2.Http2Exception.streamError(Http2Exception.java:129)
	at org.apache.ratis.thirdparty.io.netty.handler.codec.http2.DefaultHttp2ConnectionDecoder$FrameReadListener.shouldIgnoreHeadersOrDataFrame(DefaultHttp2ConnectionDecoder.java:531)
	at org.apache.ratis.thirdparty.io.netty.handler.codec.http2.DefaultHttp2ConnectionDecoder$FrameReadListener.onDataRead(DefaultHttp2ConnectionDecoder.java:183)
	at org.apache.ratis.thirdparty.io.netty.handler.codec.http2.Http2InboundFrameLogger$1.onDataRead(Http2InboundFrameLogger.java:48)
	at org.apache.ratis.thirdparty.io.netty.handler.codec.http2.DefaultHttp2FrameReader.readDataFrame(DefaultHttp2FrameReader.java:421)
	at org.apache.ratis.thirdparty.io.netty.handler.codec.http2.DefaultHttp2FrameReader.processPayloadState(DefaultHttp2FrameReader.java:251)
	at org.apache.ratis.thirdparty.io.netty.handler.codec.http2.DefaultHttp2FrameReader.readFrame(DefaultHttp2FrameReader.java:160)
	at org.apache.ratis.thirdparty.io.netty.handler.codec.http2.Http2InboundFrameLogger.readFrame(Http2InboundFrameLogger.java:41)
	at org.apache.ratis.thirdparty.io.netty.handler.codec.http2.DefaultHttp2ConnectionDecoder.decodeFrame(DefaultHttp2ConnectionDecoder.java:118)
	at org.apache.ratis.thirdparty.io.netty.handler.codec.http2.Http2ConnectionHandler$FrameDecoder.decode(Http2ConnectionHandler.java:390)
	at org.apache.ratis.thirdparty.io.netty.handler.codec.http2.Http2ConnectionHandler.decode(Http2ConnectionHandler.java:450)
	at org.apache.ratis.thirdparty.io.netty.handler.codec.ByteToMessageDecoder.decodeRemovalReentryProtection(ByteToMessageDecoder.java:502)
	at org.apache.ratis.thirdparty.io.netty.handler.codec.ByteToMessageDecoder.callDecode(ByteToMessageDecoder.java:441)
	at org.apache.ratis.thirdparty.io.netty.handler.codec.ByteToMessageDecoder.channelRead(ByteToMessageDecoder.java:278)
	at org.apache.ratis.thirdparty.io.netty.channel.AbstractChannelHandlerContext.invokeChannelRead(AbstractChannelHandlerContext.java:362)
	at org.apache.ratis.thirdparty.io.netty.channel.AbstractChannelHandlerContext.invokeChannelRead(AbstractChannelHandlerContext.java:348)
	at org.apache.ratis.thirdparty.io.netty.channel.AbstractChannelHandlerContext.fireChannelRead(AbstractChannelHandlerContext.java:340)
	at org.apache.ratis.thirdparty.io.netty.channel.DefaultChannelPipeline$HeadContext.channelRead(DefaultChannelPipeline.java:1434)
	at org.apache.ratis.thirdparty.io.netty.channel.AbstractChannelHandlerContext.invokeChannelRead(AbstractChannelHandlerContext.java:362)
	at org.apache.ratis.thirdparty.io.netty.channel.AbstractChannelHandlerContext.invokeChannelRead(AbstractChannelHandlerContext.java:348)
	at org.apache.ratis.thirdparty.io.netty.channel.DefaultChannelPipeline.fireChannelRead(DefaultChannelPipeline.java:965)
	at org.apache.ratis.thirdparty.io.netty.channel.nio.AbstractNioByteChannel$NioByteUnsafe.read(AbstractNioByteChannel.java:163)
	at org.apache.ratis.thirdparty.io.netty.channel.nio.NioEventLoop.processSelectedKey(NioEventLoop.java:644)
	at org.apache.ratis.thirdparty.io.netty.channel.nio.NioEventLoop.processSelectedKeysOptimized(NioEventLoop.java:579)
	at org.apache.ratis.thirdparty.io.netty.channel.nio.NioEventLoop.processSelectedKeys(NioEventLoop.java:496)
	at org.apache.ratis.thirdparty.io.netty.channel.nio.NioEventLoop.run(NioEventLoop.java:458)
	at org.apache.ratis.thirdparty.io.netty.util.concurrent.SingleThreadEventExecutor$5.run(SingleThreadEventExecutor.java:897)
	at org.apache.ratis.thirdparty.io.netty.util.concurrent.FastThreadLocalRunnable.run(FastThreadLocalRunnable.java:30)
	at java.lang.Thread.run(Thread.java:748)

]]></system-err>
  </testcase>
</testsuite>