<?xml version="1.0" encoding="UTF-8"?>
<testsuite xmlns:xsi="http://www.w3.org/2001/XMLSchema-instance" xsi:noNamespaceSchemaLocation="https://maven.apache.org/surefire/maven-surefire-plugin/xsd/surefire-test-report.xsd" name="org.apache.ratis.server.simulation.TestLeaderElectionWithSimulatedRpc" time="118.558" tests="5" errors="2" skipped="0" failures="0">
  <properties>
    <property name="awt.toolkit" value="sun.awt.X11.XToolkit"/>
    <property name="file.encoding.pkg" value="sun.io"/>
    <property name="java.specification.version" value="1.8"/>
    <property name="sun.cpu.isalist" value=""/>
    <property name="sun.jnu.encoding" value="UTF-8"/>
    <property name="java.class.path" value="/workdir/ratis-test/target/test-classes:/workdir/ratis-test/target/classes:/workdir/ratis-common/target/classes:/home/user/.m2/repository/org/apache/ratis/ratis-thirdparty-misc/0.2.0/ratis-thirdparty-misc-0.2.0.jar:/workdir/ratis-proto/target/ratis-proto-0.5.0-SNAPSHOT.jar:/home/user/.m2/repository/org/slf4j/slf4j-log4j12/1.7.10/slf4j-log4j12-1.7.10.jar:/home/user/.m2/repository/log4j/log4j/1.2.17/log4j-1.2.17.jar:/workdir/ratis-common/target/test-classes:/workdir/ratis-client/target/classes:/workdir/ratis-server/target/classes:/workdir/ratis-metrics/target/classes:/home/user/.m2/repository/io/dropwizard/metrics/metrics-core/3.2.5/metrics-core-3.2.5.jar:/home/user/.m2/repository/com/github/joshelser/dropwizard-metrics-hadoop-metrics2-reporter/0.1.2/dropwizard-metrics-hadoop-metrics2-reporter-0.1.2.jar:/home/user/.m2/repository/org/apache/hadoop/hadoop-common/2.6.0/hadoop-common-2.6.0.jar:/home/user/.m2/repository/org/apache/hadoop/hadoop-annotations/2.6.0/hadoop-annotations-2.6.0.jar:/usr/lib/jvm/java-1.8-openjdk/jre/../lib/tools.jar:/home/user/.m2/repository/com/google/guava/guava/11.0.2/guava-11.0.2.jar:/home/user/.m2/repository/commons-cli/commons-cli/1.2/commons-cli-1.2.jar:/home/user/.m2/repository/org/apache/commons/commons-math3/3.1.1/commons-math3-3.1.1.jar:/home/user/.m2/repository/xmlenc/xmlenc/0.52/xmlenc-0.52.jar:/home/user/.m2/repository/commons-httpclient/commons-httpclient/3.1/commons-httpclient-3.1.jar:/home/user/.m2/repository/commons-codec/commons-codec/1.4/commons-codec-1.4.jar:/home/user/.m2/repository/commons-io/commons-io/2.4/commons-io-2.4.jar:/home/user/.m2/repository/commons-net/commons-net/3.1/commons-net-3.1.jar:/home/user/.m2/repository/commons-collections/commons-collections/3.2.1/commons-collections-3.2.1.jar:/home/user/.m2/repository/javax/servlet/servlet-api/2.5/servlet-api-2.5.jar:/home/user/.m2/repository/org/mortbay/jetty/jetty/6.1.26/jetty-6.1.26.jar:/home/user/.m2/repository/org/mortbay/jetty/jetty-util/6.1.26/jetty-util-6.1.26.jar:/home/user/.m2/repository/com/sun/jersey/jersey-core/1.9/jersey-core-1.9.jar:/home/user/.m2/repository/com/sun/jersey/jersey-json/1.9/jersey-json-1.9.jar:/home/user/.m2/repository/org/codehaus/jettison/jettison/1.1/jettison-1.1.jar:/home/user/.m2/repository/com/sun/xml/bind/jaxb-impl/2.2.3-1/jaxb-impl-2.2.3-1.jar:/home/user/.m2/repository/javax/xml/bind/jaxb-api/2.2.2/jaxb-api-2.2.2.jar:/home/user/.m2/repository/javax/xml/stream/stax-api/1.0-2/stax-api-1.0-2.jar:/home/user/.m2/repository/javax/activation/activation/1.1/activation-1.1.jar:/home/user/.m2/repository/org/codehaus/jackson/jackson-jaxrs/1.8.3/jackson-jaxrs-1.8.3.jar:/home/user/.m2/repository/org/codehaus/jackson/jackson-xc/1.8.3/jackson-xc-1.8.3.jar:/home/user/.m2/repository/com/sun/jersey/jersey-server/1.9/jersey-server-1.9.jar:/home/user/.m2/repository/asm/asm/3.1/asm-3.1.jar:/home/user/.m2/repository/tomcat/jasper-compiler/5.5.23/jasper-compiler-5.5.23.jar:/home/user/.m2/repository/tomcat/jasper-runtime/5.5.23/jasper-runtime-5.5.23.jar:/home/user/.m2/repository/javax/servlet/jsp/jsp-api/2.1/jsp-api-2.1.jar:/home/user/.m2/repository/commons-el/commons-el/1.0/commons-el-1.0.jar:/home/user/.m2/repository/commons-logging/commons-logging/1.1.3/commons-logging-1.1.3.jar:/home/user/.m2/repository/net/java/dev/jets3t/jets3t/0.9.0/jets3t-0.9.0.jar:/home/user/.m2/repository/org/apache/httpcomponents/httpclient/4.1.2/httpclient-4.1.2.jar:/home/user/.m2/repository/org/apache/httpcomponents/httpcore/4.1.2/httpcore-4.1.2.jar:/home/user/.m2/repository/com/jamesmurty/utils/java-xmlbuilder/0.4/java-xmlbuilder-0.4.jar:/home/user/.m2/repository/commons-lang/commons-lang/2.6/commons-lang-2.6.jar:/home/user/.m2/repository/commons-configuration/commons-configuration/1.6/commons-configuration-1.6.jar:/home/user/.m2/repository/commons-digester/commons-digester/1.8/commons-digester-1.8.jar:/home/user/.m2/repository/commons-beanutils/commons-beanutils/1.7.0/commons-beanutils-1.7.0.jar:/home/user/.m2/repository/commons-beanutils/commons-beanutils-core/1.8.0/commons-beanutils-core-1.8.0.jar:/home/user/.m2/repository/org/codehaus/jackson/jackson-core-asl/1.9.13/jackson-core-asl-1.9.13.jar:/home/user/.m2/repository/org/codehaus/jackson/jackson-mapper-asl/1.9.13/jackson-mapper-asl-1.9.13.jar:/home/user/.m2/repository/org/apache/avro/avro/1.7.4/avro-1.7.4.jar:/home/user/.m2/repository/com/thoughtworks/paranamer/paranamer/2.3/paranamer-2.3.jar:/home/user/.m2/repository/org/xerial/snappy/snappy-java/1.0.4.1/snappy-java-1.0.4.1.jar:/home/user/.m2/repository/com/google/protobuf/protobuf-java/2.5.0/protobuf-java-2.5.0.jar:/home/user/.m2/repository/com/google/code/gson/gson/2.2.4/gson-2.2.4.jar:/home/user/.m2/repository/org/apache/hadoop/hadoop-auth/2.6.0/hadoop-auth-2.6.0.jar:/home/user/.m2/repository/org/apache/directory/server/apacheds-kerberos-codec/2.0.0-M15/apacheds-kerberos-codec-2.0.0-M15.jar:/home/user/.m2/repository/org/apache/directory/server/apacheds-i18n/2.0.0-M15/apacheds-i18n-2.0.0-M15.jar:/home/user/.m2/repository/org/apache/directory/api/api-asn1-api/1.0.0-M20/api-asn1-api-1.0.0-M20.jar:/home/user/.m2/repository/org/apache/directory/api/api-util/1.0.0-M20/api-util-1.0.0-M20.jar:/home/user/.m2/repository/org/apache/curator/curator-framework/2.6.0/curator-framework-2.6.0.jar:/home/user/.m2/repository/com/jcraft/jsch/0.1.42/jsch-0.1.42.jar:/home/user/.m2/repository/org/apache/curator/curator-client/2.6.0/curator-client-2.6.0.jar:/home/user/.m2/repository/org/apache/curator/curator-recipes/2.6.0/curator-recipes-2.6.0.jar:/home/user/.m2/repository/com/google/code/findbugs/jsr305/1.3.9/jsr305-1.3.9.jar:/home/user/.m2/repository/org/htrace/htrace-core/3.0.4/htrace-core-3.0.4.jar:/home/user/.m2/repository/org/apache/zookeeper/zookeeper/3.4.6/zookeeper-3.4.6.jar:/home/user/.m2/repository/io/netty/netty/3.7.0.Final/netty-3.7.0.Final.jar:/home/user/.m2/repository/org/apache/commons/commons-compress/1.4.1/commons-compress-1.4.1.jar:/home/user/.m2/repository/org/tukaani/xz/1.0/xz-1.0.jar:/home/user/.m2/repository/io/dropwizard/metrics/metrics-jvm/3.2.5/metrics-jvm-3.2.5.jar:/home/user/.m2/repository/io/dropwizard/metrics/metrics-ganglia/3.2.5/metrics-ganglia-3.2.5.jar:/home/user/.m2/repository/info/ganglia/gmetric4j/gmetric4j/1.0.7/gmetric4j-1.0.7.jar:/workdir/ratis-server/target/test-classes:/workdir/ratis-netty/target/classes:/workdir/ratis-netty/target/test-classes:/workdir/ratis-grpc/target/classes:/workdir/ratis-grpc/target/test-classes:/home/user/.m2/repository/org/slf4j/slf4j-api/1.7.10/slf4j-api-1.7.10.jar:/home/user/.m2/repository/junit/junit/4.12/junit-4.12.jar:/home/user/.m2/repository/org/hamcrest/hamcrest-core/1.3/hamcrest-core-1.3.jar:/home/user/.m2/repository/org/mockito/mockito-all/1.8.5/mockito-all-1.8.5.jar:"/>
    <property name="java.vm.vendor" value="IcedTea"/>
    <property name="sun.arch.data.model" value="64"/>
    <property name="java.vendor.url" value="https://icedtea.classpath.org"/>
    <property name="user.timezone" value=""/>
    <property name="java.vm.specification.version" value="1.8"/>
    <property name="os.name" value="Linux"/>
    <property name="user.country" value="US"/>
    <property name="sun.java.launcher" value="SUN_STANDARD"/>
    <property name="sun.boot.library.path" value="/usr/lib/jvm/java-1.8-openjdk/jre/lib/amd64"/>
    <property name="sun.java.command" value="/workdir/ratis-test/target/surefire/surefirebooter5905168102690575587.jar /workdir/ratis-test/target/surefire 2019-09-24T16-02-41_483-jvmRun1 surefire998809222480400961tmp surefire_616847533887190517039tmp"/>
    <property name="surefire.test.class.path" value="/workdir/ratis-test/target/test-classes:/workdir/ratis-test/target/classes:/workdir/ratis-common/target/classes:/home/user/.m2/repository/org/apache/ratis/ratis-thirdparty-misc/0.2.0/ratis-thirdparty-misc-0.2.0.jar:/workdir/ratis-proto/target/ratis-proto-0.5.0-SNAPSHOT.jar:/home/user/.m2/repository/org/slf4j/slf4j-log4j12/1.7.10/slf4j-log4j12-1.7.10.jar:/home/user/.m2/repository/log4j/log4j/1.2.17/log4j-1.2.17.jar:/workdir/ratis-common/target/test-classes:/workdir/ratis-client/target/classes:/workdir/ratis-server/target/classes:/workdir/ratis-metrics/target/classes:/home/user/.m2/repository/io/dropwizard/metrics/metrics-core/3.2.5/metrics-core-3.2.5.jar:/home/user/.m2/repository/com/github/joshelser/dropwizard-metrics-hadoop-metrics2-reporter/0.1.2/dropwizard-metrics-hadoop-metrics2-reporter-0.1.2.jar:/home/user/.m2/repository/org/apache/hadoop/hadoop-common/2.6.0/hadoop-common-2.6.0.jar:/home/user/.m2/repository/org/apache/hadoop/hadoop-annotations/2.6.0/hadoop-annotations-2.6.0.jar:/usr/lib/jvm/java-1.8-openjdk/jre/../lib/tools.jar:/home/user/.m2/repository/com/google/guava/guava/11.0.2/guava-11.0.2.jar:/home/user/.m2/repository/commons-cli/commons-cli/1.2/commons-cli-1.2.jar:/home/user/.m2/repository/org/apache/commons/commons-math3/3.1.1/commons-math3-3.1.1.jar:/home/user/.m2/repository/xmlenc/xmlenc/0.52/xmlenc-0.52.jar:/home/user/.m2/repository/commons-httpclient/commons-httpclient/3.1/commons-httpclient-3.1.jar:/home/user/.m2/repository/commons-codec/commons-codec/1.4/commons-codec-1.4.jar:/home/user/.m2/repository/commons-io/commons-io/2.4/commons-io-2.4.jar:/home/user/.m2/repository/commons-net/commons-net/3.1/commons-net-3.1.jar:/home/user/.m2/repository/commons-collections/commons-collections/3.2.1/commons-collections-3.2.1.jar:/home/user/.m2/repository/javax/servlet/servlet-api/2.5/servlet-api-2.5.jar:/home/user/.m2/repository/org/mortbay/jetty/jetty/6.1.26/jetty-6.1.26.jar:/home/user/.m2/repository/org/mortbay/jetty/jetty-util/6.1.26/jetty-util-6.1.26.jar:/home/user/.m2/repository/com/sun/jersey/jersey-core/1.9/jersey-core-1.9.jar:/home/user/.m2/repository/com/sun/jersey/jersey-json/1.9/jersey-json-1.9.jar:/home/user/.m2/repository/org/codehaus/jettison/jettison/1.1/jettison-1.1.jar:/home/user/.m2/repository/com/sun/xml/bind/jaxb-impl/2.2.3-1/jaxb-impl-2.2.3-1.jar:/home/user/.m2/repository/javax/xml/bind/jaxb-api/2.2.2/jaxb-api-2.2.2.jar:/home/user/.m2/repository/javax/xml/stream/stax-api/1.0-2/stax-api-1.0-2.jar:/home/user/.m2/repository/javax/activation/activation/1.1/activation-1.1.jar:/home/user/.m2/repository/org/codehaus/jackson/jackson-jaxrs/1.8.3/jackson-jaxrs-1.8.3.jar:/home/user/.m2/repository/org/codehaus/jackson/jackson-xc/1.8.3/jackson-xc-1.8.3.jar:/home/user/.m2/repository/com/sun/jersey/jersey-server/1.9/jersey-server-1.9.jar:/home/user/.m2/repository/asm/asm/3.1/asm-3.1.jar:/home/user/.m2/repository/tomcat/jasper-compiler/5.5.23/jasper-compiler-5.5.23.jar:/home/user/.m2/repository/tomcat/jasper-runtime/5.5.23/jasper-runtime-5.5.23.jar:/home/user/.m2/repository/javax/servlet/jsp/jsp-api/2.1/jsp-api-2.1.jar:/home/user/.m2/repository/commons-el/commons-el/1.0/commons-el-1.0.jar:/home/user/.m2/repository/commons-logging/commons-logging/1.1.3/commons-logging-1.1.3.jar:/home/user/.m2/repository/net/java/dev/jets3t/jets3t/0.9.0/jets3t-0.9.0.jar:/home/user/.m2/repository/org/apache/httpcomponents/httpclient/4.1.2/httpclient-4.1.2.jar:/home/user/.m2/repository/org/apache/httpcomponents/httpcore/4.1.2/httpcore-4.1.2.jar:/home/user/.m2/repository/com/jamesmurty/utils/java-xmlbuilder/0.4/java-xmlbuilder-0.4.jar:/home/user/.m2/repository/commons-lang/commons-lang/2.6/commons-lang-2.6.jar:/home/user/.m2/repository/commons-configuration/commons-configuration/1.6/commons-configuration-1.6.jar:/home/user/.m2/repository/commons-digester/commons-digester/1.8/commons-digester-1.8.jar:/home/user/.m2/repository/commons-beanutils/commons-beanutils/1.7.0/commons-beanutils-1.7.0.jar:/home/user/.m2/repository/commons-beanutils/commons-beanutils-core/1.8.0/commons-beanutils-core-1.8.0.jar:/home/user/.m2/repository/org/codehaus/jackson/jackson-core-asl/1.9.13/jackson-core-asl-1.9.13.jar:/home/user/.m2/repository/org/codehaus/jackson/jackson-mapper-asl/1.9.13/jackson-mapper-asl-1.9.13.jar:/home/user/.m2/repository/org/apache/avro/avro/1.7.4/avro-1.7.4.jar:/home/user/.m2/repository/com/thoughtworks/paranamer/paranamer/2.3/paranamer-2.3.jar:/home/user/.m2/repository/org/xerial/snappy/snappy-java/1.0.4.1/snappy-java-1.0.4.1.jar:/home/user/.m2/repository/com/google/protobuf/protobuf-java/2.5.0/protobuf-java-2.5.0.jar:/home/user/.m2/repository/com/google/code/gson/gson/2.2.4/gson-2.2.4.jar:/home/user/.m2/repository/org/apache/hadoop/hadoop-auth/2.6.0/hadoop-auth-2.6.0.jar:/home/user/.m2/repository/org/apache/directory/server/apacheds-kerberos-codec/2.0.0-M15/apacheds-kerberos-codec-2.0.0-M15.jar:/home/user/.m2/repository/org/apache/directory/server/apacheds-i18n/2.0.0-M15/apacheds-i18n-2.0.0-M15.jar:/home/user/.m2/repository/org/apache/directory/api/api-asn1-api/1.0.0-M20/api-asn1-api-1.0.0-M20.jar:/home/user/.m2/repository/org/apache/directory/api/api-util/1.0.0-M20/api-util-1.0.0-M20.jar:/home/user/.m2/repository/org/apache/curator/curator-framework/2.6.0/curator-framework-2.6.0.jar:/home/user/.m2/repository/com/jcraft/jsch/0.1.42/jsch-0.1.42.jar:/home/user/.m2/repository/org/apache/curator/curator-client/2.6.0/curator-client-2.6.0.jar:/home/user/.m2/repository/org/apache/curator/curator-recipes/2.6.0/curator-recipes-2.6.0.jar:/home/user/.m2/repository/com/google/code/findbugs/jsr305/1.3.9/jsr305-1.3.9.jar:/home/user/.m2/repository/org/htrace/htrace-core/3.0.4/htrace-core-3.0.4.jar:/home/user/.m2/repository/org/apache/zookeeper/zookeeper/3.4.6/zookeeper-3.4.6.jar:/home/user/.m2/repository/io/netty/netty/3.7.0.Final/netty-3.7.0.Final.jar:/home/user/.m2/repository/org/apache/commons/commons-compress/1.4.1/commons-compress-1.4.1.jar:/home/user/.m2/repository/org/tukaani/xz/1.0/xz-1.0.jar:/home/user/.m2/repository/io/dropwizard/metrics/metrics-jvm/3.2.5/metrics-jvm-3.2.5.jar:/home/user/.m2/repository/io/dropwizard/metrics/metrics-ganglia/3.2.5/metrics-ganglia-3.2.5.jar:/home/user/.m2/repository/info/ganglia/gmetric4j/gmetric4j/1.0.7/gmetric4j-1.0.7.jar:/workdir/ratis-server/target/test-classes:/workdir/ratis-netty/target/classes:/workdir/ratis-netty/target/test-classes:/workdir/ratis-grpc/target/classes:/workdir/ratis-grpc/target/test-classes:/home/user/.m2/repository/org/slf4j/slf4j-api/1.7.10/slf4j-api-1.7.10.jar:/home/user/.m2/repository/junit/junit/4.12/junit-4.12.jar:/home/user/.m2/repository/org/hamcrest/hamcrest-core/1.3/hamcrest-core-1.3.jar:/home/user/.m2/repository/org/mockito/mockito-all/1.8.5/mockito-all-1.8.5.jar:"/>
    <property name="sun.cpu.endian" value="little"/>
    <property name="user.home" value="/home/user"/>
    <property name="user.language" value="en"/>
    <property name="java.specification.vendor" value="Oracle Corporation"/>
    <property name="java.home" value="/usr/lib/jvm/java-1.8-openjdk/jre"/>
    <property name="basedir" value="/workdir/ratis-test"/>
    <property name="file.separator" value="/"/>
    <property name="line.separator" value="&#10;"/>
    <property name="java.vm.specification.vendor" value="Oracle Corporation"/>
    <property name="java.specification.name" value="Java Platform API Specification"/>
    <property name="java.awt.graphicsenv" value="sun.awt.X11GraphicsEnvironment"/>
    <property name="surefire.real.class.path" value="/workdir/ratis-test/target/surefire/surefirebooter5905168102690575587.jar"/>
    <property name="sun.boot.class.path" value="/usr/lib/jvm/java-1.8-openjdk/jre/lib/resources.jar:/usr/lib/jvm/java-1.8-openjdk/jre/lib/rt.jar:/usr/lib/jvm/java-1.8-openjdk/jre/lib/sunrsasign.jar:/usr/lib/jvm/java-1.8-openjdk/jre/lib/jsse.jar:/usr/lib/jvm/java-1.8-openjdk/jre/lib/jce.jar:/usr/lib/jvm/java-1.8-openjdk/jre/lib/charsets.jar:/usr/lib/jvm/java-1.8-openjdk/jre/lib/jfr.jar:/usr/lib/jvm/java-1.8-openjdk/jre/classes"/>
    <property name="sun.management.compiler" value="HotSpot 64-Bit Tiered Compilers"/>
    <property name="java.runtime.version" value="1.8.0_212-b04"/>
    <property name="java.net.preferIPv4Stack" value="true"/>
    <property name="user.name" value="jenkins1000"/>
    <property name="path.separator" value=":"/>
    <property name="os.version" value="3.10.0-957.12.2.el7.x86_64"/>
    <property name="java.endorsed.dirs" value="/usr/lib/jvm/java-1.8-openjdk/jre/lib/endorsed"/>
    <property name="java.runtime.name" value="OpenJDK Runtime Environment"/>
    <property name="file.encoding" value="UTF-8"/>
    <property name="java.vm.name" value="OpenJDK 64-Bit Server VM"/>
    <property name="localRepository" value="/home/user/.m2/repository"/>
    <property name="java.vendor.url.bug" value="https://icedtea.classpath.org/bugzilla"/>
    <property name="java.io.tmpdir" value="/tmp"/>
    <property name="java.version" value="1.8.0_212"/>
    <property name="user.dir" value="/workdir/ratis-test"/>
    <property name="os.arch" value="amd64"/>
    <property name="ratis.tmp.dir" value="/workdir/ratis-test/target/tmp"/>
    <property name="java.vm.specification.name" value="Java Virtual Machine Specification"/>
    <property name="java.awt.printerjob" value="sun.print.PSPrinterJob"/>
    <property name="ratis.log.dir" value="/workdir/ratis-test/target/log"/>
    <property name="sun.os.patch.level" value="unknown"/>
    <property name="java.library.path" value="/usr/lib/jvm/java-1.8-openjdk/jre/lib/amd64/server:/usr/lib/jvm/java-1.8-openjdk/jre/lib/amd64:/usr/lib/jvm/java-1.8-openjdk/jre/../lib/amd64:/usr/java/packages/lib/amd64:/usr/lib64:/lib64:/lib:/usr/lib"/>
    <property name="java.vm.info" value="mixed mode"/>
    <property name="java.vendor" value="IcedTea"/>
    <property name="java.vm.version" value="25.212-b04"/>
    <property name="java.ext.dirs" value="/usr/lib/jvm/java-1.8-openjdk/jre/lib/ext:/usr/java/packages/lib/ext"/>
    <property name="sun.io.unicode.encoding" value="UnicodeLittle"/>
    <property name="java.class.version" value="52.0"/>
  </properties>
  <testcase name="testEnforceLeader" classname="org.apache.ratis.server.simulation.TestLeaderElectionWithSimulatedRpc" time="44.468">
    <error type="java.lang.NullPointerException">java.lang.NullPointerException
</error>
    <system-out><![CDATA[2019-09-24 17:09:17,745 INFO  util.LogUtils (LogUtils.java:setLogLevel(41)) - Set org.apache.ratis.conf.ConfUtils log level to WARN
2019-09-24 17:09:17,749 INFO  util.LogUtils (LogUtils.java:setLogLevel(41)) - Set org.apache.ratis.util.FileUtils log level to TRACE
2019-09-24 17:09:17,762 INFO  util.LogUtils (LogUtils.java:setLogLevel(41)) - Set org.apache.ratis.server.impl.RaftServerImpl log level to DEBUG
2019-09-24 17:09:17,762 INFO  util.LogUtils (LogUtils.java:setLogLevel(41)) - Set org.apache.ratis.client.RaftClient log level to DEBUG
2019-09-24 17:09:17,767 INFO  simulation.TestLeaderElectionWithSimulatedRpc (LeaderElectionTests.java:testEnforceLeader(90)) - Running testEnforceLeader
2019-09-24 17:09:17,795 INFO  simulation.MiniRaftClusterWithSimulatedRpc (ConfUtils.java:logGet(43)) - org.apache.ratis.server.simulation.SimulatedRequestReply.simulateLatencyMs = 150 (default)
2019-09-24 17:09:17,864 INFO  ratis.MiniRaftCluster (MiniRaftCluster.java:<init>(253)) - new MiniRaftClusterWithSimulatedRpc with group-3304ABEC3031:[s3:0.0.0.0:44480, s4:0.0.0.0:36765, s0:0.0.0.0:35450, s1:0.0.0.0:44404, s2:0.0.0.0:36922]
2019-09-24 17:09:17,864 INFO  ratis.MiniRaftCluster (MiniRaftCluster.java:start(287)) - .............................................................. 
2019-09-24 17:09:17,864 INFO  ratis.MiniRaftCluster (MiniRaftCluster.java:start(288)) - ... 
2019-09-24 17:09:17,865 INFO  ratis.MiniRaftCluster (MiniRaftCluster.java:start(289)) - ...     Starting MiniRaftClusterWithSimulatedRpc
2019-09-24 17:09:17,865 INFO  ratis.MiniRaftCluster (MiniRaftCluster.java:start(290)) - ... 
2019-09-24 17:09:17,865 INFO  ratis.MiniRaftCluster (MiniRaftCluster.java:start(291)) - .............................................................. 
2019-09-24 17:09:17,865 INFO  ratis.MiniRaftCluster (MiniRaftCluster.java:initServers(265)) - servers = {}
2019-09-24 17:09:17,874 INFO  ratis.MiniRaftCluster (MiniRaftCluster.java:newRaftServer(330)) - newRaftServer: s3, group-3304ABEC3031:[s3:0.0.0.0:44480, s4:0.0.0.0:36765, s0:0.0.0.0:35450, s1:0.0.0.0:44404, s2:0.0.0.0:36922], format? true
2019-09-24 17:09:17,876 TRACE util.FileUtils (FileUtils.java:deleteFully(88)) - deleteFully target/test/data/1dfd945d/MiniRaftClusterWithSimulatedRpc2aba78a6/s3
2019-09-24 17:09:17,884 TRACE util.FileUtils (FileUtils.java:deleteFully(104)) - deleteFully: target/test/data/1dfd945d/MiniRaftClusterWithSimulatedRpc2aba78a6/s3 does not exist.
2019-09-24 17:09:17,886 INFO  ratis.MiniRaftCluster (MiniRaftCluster.java:newRaftServer(335)) - Formatted directory target/test/data/1dfd945d/MiniRaftClusterWithSimulatedRpc2aba78a6/s3
2019-09-24 17:09:17,897 INFO  impl.RaftServerProxy (ConfUtils.java:logGet(43)) - raft.rpc.type = org.apache.ratis.server.simulation.SimulatedRpc (custom)
2019-09-24 17:09:17,921 INFO  server.RaftServerConfigKeys (ConfUtils.java:logGet(43)) - raft.server.storage.dir = [/workdir/ratis-test/target/test/data/1dfd945d/MiniRaftClusterWithSimulatedRpc2aba78a6/s3] (custom)
2019-09-24 17:09:17,930 INFO  impl.RaftServerProxy (RaftServerProxy.java:addNew(89)) - s3: addNew group-3304ABEC3031:[s3:0.0.0.0:44480, s4:0.0.0.0:36765, s0:0.0.0.0:35450, s1:0.0.0.0:44404, s2:0.0.0.0:36922] returns group-3304ABEC3031:java.util.concurrent.CompletableFuture@b390989[Not completed]
2019-09-24 17:09:17,930 INFO  ratis.MiniRaftCluster (MiniRaftCluster.java:newRaftServer(330)) - newRaftServer: s4, group-3304ABEC3031:[s3:0.0.0.0:44480, s4:0.0.0.0:36765, s0:0.0.0.0:35450, s1:0.0.0.0:44404, s2:0.0.0.0:36922], format? true
2019-09-24 17:09:17,930 TRACE util.FileUtils (FileUtils.java:deleteFully(88)) - deleteFully target/test/data/1dfd945d/MiniRaftClusterWithSimulatedRpc2aba78a6/s4
2019-09-24 17:09:17,931 TRACE util.FileUtils (FileUtils.java:deleteFully(104)) - deleteFully: target/test/data/1dfd945d/MiniRaftClusterWithSimulatedRpc2aba78a6/s4 does not exist.
2019-09-24 17:09:17,931 INFO  ratis.MiniRaftCluster (MiniRaftCluster.java:newRaftServer(335)) - Formatted directory target/test/data/1dfd945d/MiniRaftClusterWithSimulatedRpc2aba78a6/s4
2019-09-24 17:09:17,931 INFO  impl.RaftServerProxy (ConfUtils.java:logGet(43)) - raft.rpc.type = org.apache.ratis.server.simulation.SimulatedRpc (custom)
2019-09-24 17:09:17,932 INFO  server.RaftServerConfigKeys (ConfUtils.java:logGet(43)) - raft.server.storage.dir = [/workdir/ratis-test/target/test/data/1dfd945d/MiniRaftClusterWithSimulatedRpc2aba78a6/s4] (custom)
2019-09-24 17:09:17,932 INFO  impl.RaftServerProxy (RaftServerProxy.java:addNew(89)) - s4: addNew group-3304ABEC3031:[s3:0.0.0.0:44480, s4:0.0.0.0:36765, s0:0.0.0.0:35450, s1:0.0.0.0:44404, s2:0.0.0.0:36922] returns group-3304ABEC3031:java.util.concurrent.CompletableFuture@6e9db523[Not completed]
2019-09-24 17:09:17,933 INFO  ratis.MiniRaftCluster (MiniRaftCluster.java:newRaftServer(330)) - newRaftServer: s0, group-3304ABEC3031:[s3:0.0.0.0:44480, s4:0.0.0.0:36765, s0:0.0.0.0:35450, s1:0.0.0.0:44404, s2:0.0.0.0:36922], format? true
2019-09-24 17:09:17,933 TRACE util.FileUtils (FileUtils.java:deleteFully(88)) - deleteFully target/test/data/1dfd945d/MiniRaftClusterWithSimulatedRpc2aba78a6/s0
2019-09-24 17:09:17,933 TRACE util.FileUtils (FileUtils.java:deleteFully(104)) - deleteFully: target/test/data/1dfd945d/MiniRaftClusterWithSimulatedRpc2aba78a6/s0 does not exist.
2019-09-24 17:09:17,933 INFO  ratis.MiniRaftCluster (MiniRaftCluster.java:newRaftServer(335)) - Formatted directory target/test/data/1dfd945d/MiniRaftClusterWithSimulatedRpc2aba78a6/s0
2019-09-24 17:09:17,934 INFO  impl.RaftServerProxy (ConfUtils.java:logGet(43)) - raft.rpc.type = org.apache.ratis.server.simulation.SimulatedRpc (custom)
2019-09-24 17:09:17,934 INFO  impl.RaftServerImpl (RaftServerImpl.java:<init>(95)) - s3: new RaftServerImpl for group-3304ABEC3031:[s3:0.0.0.0:44480, s4:0.0.0.0:36765, s0:0.0.0.0:35450, s1:0.0.0.0:44404, s2:0.0.0.0:36922] with BaseStateMachine:uninitialized
2019-09-24 17:09:17,934 INFO  impl.RaftServerImpl (RaftServerImpl.java:<init>(95)) - s4: new RaftServerImpl for group-3304ABEC3031:[s3:0.0.0.0:44480, s4:0.0.0.0:36765, s0:0.0.0.0:35450, s1:0.0.0.0:44404, s2:0.0.0.0:36922] with BaseStateMachine:uninitialized
2019-09-24 17:09:17,934 INFO  server.RaftServerConfigKeys (ConfUtils.java:logGet(43)) - raft.server.storage.dir = [/workdir/ratis-test/target/test/data/1dfd945d/MiniRaftClusterWithSimulatedRpc2aba78a6/s0] (custom)
2019-09-24 17:09:17,935 INFO  impl.RaftServerProxy (RaftServerProxy.java:addNew(89)) - s0: addNew group-3304ABEC3031:[s3:0.0.0.0:44480, s4:0.0.0.0:36765, s0:0.0.0.0:35450, s1:0.0.0.0:44404, s2:0.0.0.0:36922] returns group-3304ABEC3031:java.util.concurrent.CompletableFuture@41ac76fe[Not completed]
2019-09-24 17:09:17,935 INFO  impl.RaftServerImpl (RaftServerImpl.java:<init>(95)) - s0: new RaftServerImpl for group-3304ABEC3031:[s3:0.0.0.0:44480, s4:0.0.0.0:36765, s0:0.0.0.0:35450, s1:0.0.0.0:44404, s2:0.0.0.0:36922] with BaseStateMachine:uninitialized
2019-09-24 17:09:17,935 INFO  ratis.MiniRaftCluster (MiniRaftCluster.java:newRaftServer(330)) - newRaftServer: s1, group-3304ABEC3031:[s3:0.0.0.0:44480, s4:0.0.0.0:36765, s0:0.0.0.0:35450, s1:0.0.0.0:44404, s2:0.0.0.0:36922], format? true
2019-09-24 17:09:17,936 TRACE util.FileUtils (FileUtils.java:deleteFully(88)) - deleteFully target/test/data/1dfd945d/MiniRaftClusterWithSimulatedRpc2aba78a6/s1
2019-09-24 17:09:17,936 TRACE util.FileUtils (FileUtils.java:deleteFully(104)) - deleteFully: target/test/data/1dfd945d/MiniRaftClusterWithSimulatedRpc2aba78a6/s1 does not exist.
2019-09-24 17:09:17,936 INFO  ratis.MiniRaftCluster (MiniRaftCluster.java:newRaftServer(335)) - Formatted directory target/test/data/1dfd945d/MiniRaftClusterWithSimulatedRpc2aba78a6/s1
2019-09-24 17:09:17,936 INFO  impl.RaftServerProxy (ConfUtils.java:logGet(43)) - raft.rpc.type = org.apache.ratis.server.simulation.SimulatedRpc (custom)
2019-09-24 17:09:17,937 INFO  server.RaftServerConfigKeys (ConfUtils.java:logGet(43)) - raft.server.storage.dir = [/workdir/ratis-test/target/test/data/1dfd945d/MiniRaftClusterWithSimulatedRpc2aba78a6/s1] (custom)
2019-09-24 17:09:17,937 INFO  impl.RaftServerProxy (RaftServerProxy.java:addNew(89)) - s1: addNew group-3304ABEC3031:[s3:0.0.0.0:44480, s4:0.0.0.0:36765, s0:0.0.0.0:35450, s1:0.0.0.0:44404, s2:0.0.0.0:36922] returns group-3304ABEC3031:java.util.concurrent.CompletableFuture@35880668[Not completed]
2019-09-24 17:09:17,938 INFO  impl.RaftServerImpl (RaftServerImpl.java:<init>(95)) - s1: new RaftServerImpl for group-3304ABEC3031:[s3:0.0.0.0:44480, s4:0.0.0.0:36765, s0:0.0.0.0:35450, s1:0.0.0.0:44404, s2:0.0.0.0:36922] with BaseStateMachine:uninitialized
2019-09-24 17:09:17,938 INFO  ratis.MiniRaftCluster (MiniRaftCluster.java:newRaftServer(330)) - newRaftServer: s2, group-3304ABEC3031:[s3:0.0.0.0:44480, s4:0.0.0.0:36765, s0:0.0.0.0:35450, s1:0.0.0.0:44404, s2:0.0.0.0:36922], format? true
2019-09-24 17:09:17,938 TRACE util.FileUtils (FileUtils.java:deleteFully(88)) - deleteFully target/test/data/1dfd945d/MiniRaftClusterWithSimulatedRpc2aba78a6/s2
2019-09-24 17:09:17,938 TRACE util.FileUtils (FileUtils.java:deleteFully(104)) - deleteFully: target/test/data/1dfd945d/MiniRaftClusterWithSimulatedRpc2aba78a6/s2 does not exist.
2019-09-24 17:09:17,939 INFO  ratis.MiniRaftCluster (MiniRaftCluster.java:newRaftServer(335)) - Formatted directory target/test/data/1dfd945d/MiniRaftClusterWithSimulatedRpc2aba78a6/s2
2019-09-24 17:09:17,939 INFO  impl.RaftServerProxy (ConfUtils.java:logGet(43)) - raft.rpc.type = org.apache.ratis.server.simulation.SimulatedRpc (custom)
2019-09-24 17:09:17,940 INFO  server.RaftServerConfigKeys (ConfUtils.java:logGet(43)) - raft.server.storage.dir = [/workdir/ratis-test/target/test/data/1dfd945d/MiniRaftClusterWithSimulatedRpc2aba78a6/s2] (custom)
2019-09-24 17:09:17,940 INFO  impl.RaftServerProxy (RaftServerProxy.java:addNew(89)) - s2: addNew group-3304ABEC3031:[s3:0.0.0.0:44480, s4:0.0.0.0:36765, s0:0.0.0.0:35450, s1:0.0.0.0:44404, s2:0.0.0.0:36922] returns group-3304ABEC3031:java.util.concurrent.CompletableFuture@3ed2e287[Not completed]
2019-09-24 17:09:17,940 INFO  impl.RaftServerImpl (RaftServerImpl.java:<init>(95)) - s2: new RaftServerImpl for group-3304ABEC3031:[s3:0.0.0.0:44480, s4:0.0.0.0:36765, s0:0.0.0.0:35450, s1:0.0.0.0:44404, s2:0.0.0.0:36922] with BaseStateMachine:uninitialized
2019-09-24 17:09:17,944 INFO  server.RaftServerConfigKeys (ConfUtils.java:logGet(43)) - raft.server.rpc.timeout.min = 150ms (default)
2019-09-24 17:09:17,944 INFO  server.RaftServerConfigKeys (ConfUtils.java:logGet(43)) - raft.server.rpc.timeout.min = 150ms (default)
2019-09-24 17:09:17,944 INFO  server.RaftServerConfigKeys (ConfUtils.java:logGet(43)) - raft.server.rpc.timeout.min = 150ms (default)
2019-09-24 17:09:17,944 INFO  server.RaftServerConfigKeys (ConfUtils.java:logGet(43)) - raft.server.rpc.timeout.min = 150ms (default)
2019-09-24 17:09:17,944 INFO  server.RaftServerConfigKeys (ConfUtils.java:logGet(43)) - raft.server.rpc.timeout.min = 150ms (default)
2019-09-24 17:09:17,946 INFO  server.RaftServerConfigKeys (ConfUtils.java:logGet(43)) - raft.server.rpc.timeout.max = 300ms (default)
2019-09-24 17:09:17,945 INFO  server.RaftServerConfigKeys (ConfUtils.java:logGet(43)) - raft.server.rpc.timeout.max = 300ms (default)
2019-09-24 17:09:17,945 INFO  server.RaftServerConfigKeys (ConfUtils.java:logGet(43)) - raft.server.rpc.timeout.max = 300ms (default)
2019-09-24 17:09:17,945 INFO  server.RaftServerConfigKeys (ConfUtils.java:logGet(43)) - raft.server.rpc.timeout.max = 300ms (default)
2019-09-24 17:09:17,946 INFO  server.RaftServerConfigKeys (ConfUtils.java:logGet(43)) - raft.server.rpcslowness.timeout = 60s (default)
2019-09-24 17:09:17,946 INFO  server.RaftServerConfigKeys (ConfUtils.java:logGet(43)) - raft.server.rpcslowness.timeout = 60s (default)
2019-09-24 17:09:17,946 INFO  server.RaftServerConfigKeys (ConfUtils.java:logGet(43)) - raft.server.rpc.timeout.max = 300ms (default)
2019-09-24 17:09:17,947 INFO  server.RaftServerConfigKeys (ConfUtils.java:logGet(43)) - raft.server.rpcslowness.timeout = 60s (default)
2019-09-24 17:09:17,947 INFO  server.RaftServerConfigKeys (ConfUtils.java:logGet(43)) - raft.server.rpcslowness.timeout = 60s (default)
2019-09-24 17:09:17,948 INFO  server.RaftServerConfigKeys (ConfUtils.java:logGet(43)) - raft.server.sleep.deviation.threshold = 300 (default)
2019-09-24 17:09:17,948 INFO  server.RaftServerConfigKeys (ConfUtils.java:logGet(43)) - raft.server.sleep.deviation.threshold = 300 (default)
2019-09-24 17:09:17,948 INFO  server.RaftServerConfigKeys (ConfUtils.java:logGet(43)) - raft.server.sleep.deviation.threshold = 300 (default)
2019-09-24 17:09:17,948 INFO  server.RaftServerConfigKeys (ConfUtils.java:logGet(43)) - raft.server.rpcslowness.timeout = 60s (default)
2019-09-24 17:09:17,948 INFO  server.RaftServerConfigKeys (ConfUtils.java:logGet(43)) - raft.server.sleep.deviation.threshold = 300 (default)
2019-09-24 17:09:17,949 INFO  server.RaftServerConfigKeys (ConfUtils.java:logGet(43)) - raft.server.sleep.deviation.threshold = 300 (default)
2019-09-24 17:09:17,952 INFO  server.RaftServerConfigKeys (ConfUtils.java:logGet(43)) - raft.server.log.appender.install.snapshot.enabled = true (default)
2019-09-24 17:09:17,952 INFO  server.RaftServerConfigKeys (ConfUtils.java:logGet(43)) - raft.server.log.appender.install.snapshot.enabled = true (default)
2019-09-24 17:09:17,952 INFO  server.RaftServerConfigKeys (ConfUtils.java:logGet(43)) - raft.server.log.appender.install.snapshot.enabled = true (default)
2019-09-24 17:09:17,952 INFO  server.RaftServerConfigKeys (ConfUtils.java:logGet(43)) - raft.server.log.appender.install.snapshot.enabled = true (default)
2019-09-24 17:09:17,952 INFO  server.RaftServerConfigKeys (ConfUtils.java:logGet(43)) - raft.server.log.appender.install.snapshot.enabled = true (default)
2019-09-24 17:09:17,963 INFO  impl.RaftServerImpl (ServerState.java:<init>(103)) - s0@group-3304ABEC3031: ConfigurationManager, init=-1: [s3:0.0.0.0:44480, s4:0.0.0.0:36765, s0:0.0.0.0:35450, s1:0.0.0.0:44404, s2:0.0.0.0:36922], old=null, confs=<EMPTY_MAP>
2019-09-24 17:09:17,963 INFO  impl.RaftServerImpl (ServerState.java:<init>(103)) - s4@group-3304ABEC3031: ConfigurationManager, init=-1: [s3:0.0.0.0:44480, s4:0.0.0.0:36765, s0:0.0.0.0:35450, s1:0.0.0.0:44404, s2:0.0.0.0:36922], old=null, confs=<EMPTY_MAP>
2019-09-24 17:09:17,963 INFO  impl.RaftServerImpl (ServerState.java:<init>(103)) - s2@group-3304ABEC3031: ConfigurationManager, init=-1: [s3:0.0.0.0:44480, s4:0.0.0.0:36765, s0:0.0.0.0:35450, s1:0.0.0.0:44404, s2:0.0.0.0:36922], old=null, confs=<EMPTY_MAP>
2019-09-24 17:09:17,963 INFO  impl.RaftServerImpl (ServerState.java:<init>(103)) - s3@group-3304ABEC3031: ConfigurationManager, init=-1: [s3:0.0.0.0:44480, s4:0.0.0.0:36765, s0:0.0.0.0:35450, s1:0.0.0.0:44404, s2:0.0.0.0:36922], old=null, confs=<EMPTY_MAP>
2019-09-24 17:09:17,963 INFO  impl.RaftServerImpl (ServerState.java:<init>(103)) - s1@group-3304ABEC3031: ConfigurationManager, init=-1: [s3:0.0.0.0:44480, s4:0.0.0.0:36765, s0:0.0.0.0:35450, s1:0.0.0.0:44404, s2:0.0.0.0:36922], old=null, confs=<EMPTY_MAP>
2019-09-24 17:09:17,964 INFO  server.RaftServerConfigKeys (ConfUtils.java:logGet(43)) - raft.server.storage.dir = [/workdir/ratis-test/target/test/data/1dfd945d/MiniRaftClusterWithSimulatedRpc2aba78a6/s2] (custom)
2019-09-24 17:09:17,964 INFO  server.RaftServerConfigKeys (ConfUtils.java:logGet(43)) - raft.server.storage.dir = [/workdir/ratis-test/target/test/data/1dfd945d/MiniRaftClusterWithSimulatedRpc2aba78a6/s1] (custom)
2019-09-24 17:09:17,963 INFO  server.RaftServerConfigKeys (ConfUtils.java:logGet(43)) - raft.server.storage.dir = [/workdir/ratis-test/target/test/data/1dfd945d/MiniRaftClusterWithSimulatedRpc2aba78a6/s4] (custom)
2019-09-24 17:09:17,963 INFO  server.RaftServerConfigKeys (ConfUtils.java:logGet(43)) - raft.server.storage.dir = [/workdir/ratis-test/target/test/data/1dfd945d/MiniRaftClusterWithSimulatedRpc2aba78a6/s0] (custom)
2019-09-24 17:09:17,964 INFO  server.RaftServerConfigKeys (ConfUtils.java:logGet(43)) - raft.server.storage.dir = [/workdir/ratis-test/target/test/data/1dfd945d/MiniRaftClusterWithSimulatedRpc2aba78a6/s3] (custom)
2019-09-24 17:09:17,978 INFO  server.RaftServerConfigKeys (ConfUtils.java:logGet(43)) - raft.server.log.corruption.policy = EXCEPTION (default)
2019-09-24 17:09:17,978 INFO  server.RaftServerConfigKeys (ConfUtils.java:logGet(43)) - raft.server.log.corruption.policy = EXCEPTION (default)
2019-09-24 17:09:17,978 INFO  server.RaftServerConfigKeys (ConfUtils.java:logGet(43)) - raft.server.log.corruption.policy = EXCEPTION (default)
2019-09-24 17:09:17,978 INFO  server.RaftServerConfigKeys (ConfUtils.java:logGet(43)) - raft.server.log.corruption.policy = EXCEPTION (default)
2019-09-24 17:09:17,978 INFO  server.RaftServerConfigKeys (ConfUtils.java:logGet(43)) - raft.server.log.corruption.policy = EXCEPTION (default)
2019-09-24 17:09:17,980 INFO  storage.RaftStorageDirectory (RaftStorageDirectory.java:analyzeStorage(246)) - The storage directory /workdir/ratis-test/target/test/data/1dfd945d/MiniRaftClusterWithSimulatedRpc2aba78a6/s2/5ef21f4e-7126-4cc5-b39e-3304abec3031 does not exist. Creating ...
2019-09-24 17:09:17,981 INFO  storage.RaftStorageDirectory (RaftStorageDirectory.java:analyzeStorage(246)) - The storage directory /workdir/ratis-test/target/test/data/1dfd945d/MiniRaftClusterWithSimulatedRpc2aba78a6/s1/5ef21f4e-7126-4cc5-b39e-3304abec3031 does not exist. Creating ...
2019-09-24 17:09:17,981 INFO  storage.RaftStorageDirectory (RaftStorageDirectory.java:analyzeStorage(246)) - The storage directory /workdir/ratis-test/target/test/data/1dfd945d/MiniRaftClusterWithSimulatedRpc2aba78a6/s0/5ef21f4e-7126-4cc5-b39e-3304abec3031 does not exist. Creating ...
2019-09-24 17:09:17,981 INFO  storage.RaftStorageDirectory (RaftStorageDirectory.java:analyzeStorage(246)) - The storage directory /workdir/ratis-test/target/test/data/1dfd945d/MiniRaftClusterWithSimulatedRpc2aba78a6/s4/5ef21f4e-7126-4cc5-b39e-3304abec3031 does not exist. Creating ...
2019-09-24 17:09:17,980 INFO  storage.RaftStorageDirectory (RaftStorageDirectory.java:analyzeStorage(246)) - The storage directory /workdir/ratis-test/target/test/data/1dfd945d/MiniRaftClusterWithSimulatedRpc2aba78a6/s3/5ef21f4e-7126-4cc5-b39e-3304abec3031 does not exist. Creating ...
2019-09-24 17:09:17,984 TRACE util.FileUtils (LogUtils.java:runAndLog(61)) - Successfully ran Files.createDirectories /workdir/ratis-test/target/test/data/1dfd945d/MiniRaftClusterWithSimulatedRpc2aba78a6/s3/5ef21f4e-7126-4cc5-b39e-3304abec3031
2019-09-24 17:09:17,984 TRACE util.FileUtils (LogUtils.java:runAndLog(61)) - Successfully ran Files.createDirectories /workdir/ratis-test/target/test/data/1dfd945d/MiniRaftClusterWithSimulatedRpc2aba78a6/s2/5ef21f4e-7126-4cc5-b39e-3304abec3031
2019-09-24 17:09:17,984 TRACE util.FileUtils (LogUtils.java:runAndLog(61)) - Successfully ran Files.createDirectories /workdir/ratis-test/target/test/data/1dfd945d/MiniRaftClusterWithSimulatedRpc2aba78a6/s1/5ef21f4e-7126-4cc5-b39e-3304abec3031
2019-09-24 17:09:17,984 TRACE util.FileUtils (LogUtils.java:runAndLog(61)) - Successfully ran Files.createDirectories /workdir/ratis-test/target/test/data/1dfd945d/MiniRaftClusterWithSimulatedRpc2aba78a6/s4/5ef21f4e-7126-4cc5-b39e-3304abec3031
2019-09-24 17:09:17,984 TRACE util.FileUtils (LogUtils.java:runAndLog(61)) - Successfully ran Files.createDirectories /workdir/ratis-test/target/test/data/1dfd945d/MiniRaftClusterWithSimulatedRpc2aba78a6/s0/5ef21f4e-7126-4cc5-b39e-3304abec3031
2019-09-24 17:09:27,526 INFO  storage.RaftStorageDirectory (RaftStorageDirectory.java:tryLock(328)) - Lock on /workdir/ratis-test/target/test/data/1dfd945d/MiniRaftClusterWithSimulatedRpc2aba78a6/s2/5ef21f4e-7126-4cc5-b39e-3304abec3031/in_use.lock acquired by nodename 10036@ratis-test-vphbd-3564017154
2019-09-24 17:09:27,526 INFO  storage.RaftStorageDirectory (RaftStorageDirectory.java:tryLock(328)) - Lock on /workdir/ratis-test/target/test/data/1dfd945d/MiniRaftClusterWithSimulatedRpc2aba78a6/s4/5ef21f4e-7126-4cc5-b39e-3304abec3031/in_use.lock acquired by nodename 10036@ratis-test-vphbd-3564017154
2019-09-24 17:09:27,526 INFO  storage.RaftStorageDirectory (RaftStorageDirectory.java:tryLock(328)) - Lock on /workdir/ratis-test/target/test/data/1dfd945d/MiniRaftClusterWithSimulatedRpc2aba78a6/s1/5ef21f4e-7126-4cc5-b39e-3304abec3031/in_use.lock acquired by nodename 10036@ratis-test-vphbd-3564017154
2019-09-24 17:09:27,526 INFO  storage.RaftStorageDirectory (RaftStorageDirectory.java:tryLock(328)) - Lock on /workdir/ratis-test/target/test/data/1dfd945d/MiniRaftClusterWithSimulatedRpc2aba78a6/s3/5ef21f4e-7126-4cc5-b39e-3304abec3031/in_use.lock acquired by nodename 10036@ratis-test-vphbd-3564017154
2019-09-24 17:09:27,526 INFO  storage.RaftStorageDirectory (RaftStorageDirectory.java:tryLock(328)) - Lock on /workdir/ratis-test/target/test/data/1dfd945d/MiniRaftClusterWithSimulatedRpc2aba78a6/s0/5ef21f4e-7126-4cc5-b39e-3304abec3031/in_use.lock acquired by nodename 10036@ratis-test-vphbd-3564017154
2019-09-24 17:09:27,529 TRACE util.FileUtils (LogUtils.java:runAndLog(61)) - Successfully ran Files.createDirectories /workdir/ratis-test/target/test/data/1dfd945d/MiniRaftClusterWithSimulatedRpc2aba78a6/s3/5ef21f4e-7126-4cc5-b39e-3304abec3031/current
2019-09-24 17:09:27,529 TRACE util.FileUtils (LogUtils.java:runAndLog(61)) - Successfully ran Files.createDirectories /workdir/ratis-test/target/test/data/1dfd945d/MiniRaftClusterWithSimulatedRpc2aba78a6/s0/5ef21f4e-7126-4cc5-b39e-3304abec3031/current
2019-09-24 17:09:27,529 TRACE util.FileUtils (LogUtils.java:runAndLog(61)) - Successfully ran Files.createDirectories /workdir/ratis-test/target/test/data/1dfd945d/MiniRaftClusterWithSimulatedRpc2aba78a6/s2/5ef21f4e-7126-4cc5-b39e-3304abec3031/current
2019-09-24 17:09:27,529 TRACE util.FileUtils (LogUtils.java:runAndLog(61)) - Successfully ran Files.createDirectories /workdir/ratis-test/target/test/data/1dfd945d/MiniRaftClusterWithSimulatedRpc2aba78a6/s4/5ef21f4e-7126-4cc5-b39e-3304abec3031/current
2019-09-24 17:09:27,529 TRACE util.FileUtils (LogUtils.java:runAndLog(61)) - Successfully ran Files.createDirectories /workdir/ratis-test/target/test/data/1dfd945d/MiniRaftClusterWithSimulatedRpc2aba78a6/s1/5ef21f4e-7126-4cc5-b39e-3304abec3031/current
2019-09-24 17:09:27,530 TRACE util.FileUtils (LogUtils.java:runAndLog(61)) - Successfully ran Files.createDirectories /workdir/ratis-test/target/test/data/1dfd945d/MiniRaftClusterWithSimulatedRpc2aba78a6/s4/5ef21f4e-7126-4cc5-b39e-3304abec3031/sm
2019-09-24 17:09:27,530 TRACE util.FileUtils (LogUtils.java:runAndLog(61)) - Successfully ran Files.createDirectories /workdir/ratis-test/target/test/data/1dfd945d/MiniRaftClusterWithSimulatedRpc2aba78a6/s2/5ef21f4e-7126-4cc5-b39e-3304abec3031/sm
2019-09-24 17:09:27,530 TRACE util.FileUtils (LogUtils.java:runAndLog(61)) - Successfully ran Files.createDirectories /workdir/ratis-test/target/test/data/1dfd945d/MiniRaftClusterWithSimulatedRpc2aba78a6/s0/5ef21f4e-7126-4cc5-b39e-3304abec3031/sm
2019-09-24 17:09:27,529 TRACE util.FileUtils (LogUtils.java:runAndLog(61)) - Successfully ran Files.createDirectories /workdir/ratis-test/target/test/data/1dfd945d/MiniRaftClusterWithSimulatedRpc2aba78a6/s3/5ef21f4e-7126-4cc5-b39e-3304abec3031/sm
2019-09-24 17:09:27,531 TRACE util.FileUtils (LogUtils.java:runAndLog(61)) - Successfully ran Files.createDirectories /workdir/ratis-test/target/test/data/1dfd945d/MiniRaftClusterWithSimulatedRpc2aba78a6/s1/5ef21f4e-7126-4cc5-b39e-3304abec3031/sm
2019-09-24 17:09:32,369 INFO  storage.RaftStorage (RaftStorage.java:format(84)) - Storage directory /workdir/ratis-test/target/test/data/1dfd945d/MiniRaftClusterWithSimulatedRpc2aba78a6/s1/5ef21f4e-7126-4cc5-b39e-3304abec3031 has been successfully formatted.
2019-09-24 17:09:32,369 INFO  storage.RaftStorage (RaftStorage.java:format(84)) - Storage directory /workdir/ratis-test/target/test/data/1dfd945d/MiniRaftClusterWithSimulatedRpc2aba78a6/s4/5ef21f4e-7126-4cc5-b39e-3304abec3031 has been successfully formatted.
2019-09-24 17:09:32,369 INFO  storage.RaftStorage (RaftStorage.java:format(84)) - Storage directory /workdir/ratis-test/target/test/data/1dfd945d/MiniRaftClusterWithSimulatedRpc2aba78a6/s2/5ef21f4e-7126-4cc5-b39e-3304abec3031 has been successfully formatted.
2019-09-24 17:09:32,369 INFO  storage.RaftStorage (RaftStorage.java:format(84)) - Storage directory /workdir/ratis-test/target/test/data/1dfd945d/MiniRaftClusterWithSimulatedRpc2aba78a6/s0/5ef21f4e-7126-4cc5-b39e-3304abec3031 has been successfully formatted.
2019-09-24 17:09:32,369 INFO  storage.RaftStorage (RaftStorage.java:format(84)) - Storage directory /workdir/ratis-test/target/test/data/1dfd945d/MiniRaftClusterWithSimulatedRpc2aba78a6/s3/5ef21f4e-7126-4cc5-b39e-3304abec3031 has been successfully formatted.
2019-09-24 17:09:32,373 INFO  server.RaftServerConfigKeys (ConfUtils.java:logGet(43)) - raft.server.notification.no-leader.timeout = 60s (default)
2019-09-24 17:09:32,373 INFO  server.RaftServerConfigKeys (ConfUtils.java:logGet(43)) - raft.server.notification.no-leader.timeout = 60s (default)
2019-09-24 17:09:32,373 INFO  server.RaftServerConfigKeys (ConfUtils.java:logGet(43)) - raft.server.notification.no-leader.timeout = 60s (default)
2019-09-24 17:09:32,373 INFO  server.RaftServerConfigKeys (ConfUtils.java:logGet(43)) - raft.server.notification.no-leader.timeout = 60s (default)
2019-09-24 17:09:32,373 INFO  server.RaftServerConfigKeys (ConfUtils.java:logGet(43)) - raft.server.notification.no-leader.timeout = 60s (default)
2019-09-24 17:09:32,378 INFO  server.RaftServerConfigKeys (ConfUtils.java:logGet(43)) - raft.server.log.use.memory = false (default)
2019-09-24 17:09:32,378 INFO  server.RaftServerConfigKeys (ConfUtils.java:logGet(43)) - raft.server.log.use.memory = false (default)
2019-09-24 17:09:32,378 INFO  server.RaftServerConfigKeys (ConfUtils.java:logGet(43)) - raft.server.log.use.memory = false (default)
2019-09-24 17:09:32,378 INFO  server.RaftServerConfigKeys (ConfUtils.java:logGet(43)) - raft.server.log.use.memory = false (default)
2019-09-24 17:09:32,378 INFO  server.RaftServerConfigKeys (ConfUtils.java:logGet(43)) - raft.server.log.use.memory = false (default)
2019-09-24 17:09:32,389 INFO  server.RaftServerConfigKeys (ConfUtils.java:logGet(43)) - raft.server.log.purge.gap = 1024 (default)
2019-09-24 17:09:32,389 INFO  server.RaftServerConfigKeys (ConfUtils.java:logGet(43)) - raft.server.log.purge.gap = 1024 (default)
2019-09-24 17:09:32,389 INFO  server.RaftServerConfigKeys (ConfUtils.java:logGet(43)) - raft.server.log.purge.gap = 1024 (default)
2019-09-24 17:09:32,389 INFO  server.RaftServerConfigKeys (ConfUtils.java:logGet(43)) - raft.server.log.purge.gap = 1024 (default)
2019-09-24 17:09:32,390 INFO  server.RaftServerConfigKeys (ConfUtils.java:logGet(43)) - raft.server.log.appender.buffer.byte-limit = 4MB (=4194304) (default)
2019-09-24 17:09:32,390 INFO  server.RaftServerConfigKeys (ConfUtils.java:logGet(43)) - raft.server.log.appender.buffer.byte-limit = 4MB (=4194304) (default)
2019-09-24 17:09:32,389 INFO  server.RaftServerConfigKeys (ConfUtils.java:logGet(43)) - raft.server.log.purge.gap = 1024 (default)
2019-09-24 17:09:32,390 INFO  server.RaftServerConfigKeys (ConfUtils.java:logGet(43)) - raft.server.log.appender.buffer.byte-limit = 4MB (=4194304) (default)
2019-09-24 17:09:32,390 INFO  server.RaftServerConfigKeys (ConfUtils.java:logGet(43)) - raft.server.log.appender.buffer.byte-limit = 4MB (=4194304) (default)
2019-09-24 17:09:32,391 INFO  server.RaftServerConfigKeys (ConfUtils.java:logGet(43)) - raft.server.log.appender.buffer.byte-limit = 4MB (=4194304) (default)
2019-09-24 17:09:32,396 INFO  server.RaftServerConfigKeys (ConfUtils.java:logGet(43)) - raft.server.log.segment.size.max = 8MB (=8388608) (default)
2019-09-24 17:09:32,396 INFO  server.RaftServerConfigKeys (ConfUtils.java:logGet(43)) - raft.server.log.segment.size.max = 8MB (=8388608) (default)
2019-09-24 17:09:32,396 INFO  server.RaftServerConfigKeys (ConfUtils.java:logGet(43)) - raft.server.log.segment.size.max = 8MB (=8388608) (default)
2019-09-24 17:09:32,396 INFO  server.RaftServerConfigKeys (ConfUtils.java:logGet(43)) - raft.server.log.segment.size.max = 8MB (=8388608) (default)
2019-09-24 17:09:32,396 INFO  server.RaftServerConfigKeys (ConfUtils.java:logGet(43)) - raft.server.log.segment.size.max = 8MB (=8388608) (default)
2019-09-24 17:09:32,402 INFO  server.RaftServerConfigKeys (ConfUtils.java:logGet(43)) - raft.server.log.segment.cache.num.max = 6 (default)
2019-09-24 17:09:32,402 INFO  server.RaftServerConfigKeys (ConfUtils.java:logGet(43)) - raft.server.log.segment.cache.num.max = 6 (default)
2019-09-24 17:09:32,402 INFO  server.RaftServerConfigKeys (ConfUtils.java:logGet(43)) - raft.server.log.segment.cache.num.max = 6 (default)
2019-09-24 17:09:32,402 INFO  server.RaftServerConfigKeys (ConfUtils.java:logGet(43)) - raft.server.log.segment.cache.num.max = 6 (default)
2019-09-24 17:09:32,402 INFO  server.RaftServerConfigKeys (ConfUtils.java:logGet(43)) - raft.server.log.segment.cache.num.max = 6 (default)
2019-09-24 17:09:32,409 INFO  segmented.SegmentedRaftLogWorker (SegmentedRaftLogWorker.java:<init>(172)) - new s3@group-3304ABEC3031-SegmentedRaftLogWorker for RaftStorage:Storage Directory /workdir/ratis-test/target/test/data/1dfd945d/MiniRaftClusterWithSimulatedRpc2aba78a6/s3/5ef21f4e-7126-4cc5-b39e-3304abec3031
2019-09-24 17:09:32,409 INFO  segmented.SegmentedRaftLogWorker (SegmentedRaftLogWorker.java:<init>(172)) - new s0@group-3304ABEC3031-SegmentedRaftLogWorker for RaftStorage:Storage Directory /workdir/ratis-test/target/test/data/1dfd945d/MiniRaftClusterWithSimulatedRpc2aba78a6/s0/5ef21f4e-7126-4cc5-b39e-3304abec3031
2019-09-24 17:09:32,409 INFO  segmented.SegmentedRaftLogWorker (SegmentedRaftLogWorker.java:<init>(172)) - new s2@group-3304ABEC3031-SegmentedRaftLogWorker for RaftStorage:Storage Directory /workdir/ratis-test/target/test/data/1dfd945d/MiniRaftClusterWithSimulatedRpc2aba78a6/s2/5ef21f4e-7126-4cc5-b39e-3304abec3031
2019-09-24 17:09:32,409 INFO  segmented.SegmentedRaftLogWorker (SegmentedRaftLogWorker.java:<init>(172)) - new s1@group-3304ABEC3031-SegmentedRaftLogWorker for RaftStorage:Storage Directory /workdir/ratis-test/target/test/data/1dfd945d/MiniRaftClusterWithSimulatedRpc2aba78a6/s1/5ef21f4e-7126-4cc5-b39e-3304abec3031
2019-09-24 17:09:32,409 INFO  segmented.SegmentedRaftLogWorker (SegmentedRaftLogWorker.java:<init>(172)) - new s4@group-3304ABEC3031-SegmentedRaftLogWorker for RaftStorage:Storage Directory /workdir/ratis-test/target/test/data/1dfd945d/MiniRaftClusterWithSimulatedRpc2aba78a6/s4/5ef21f4e-7126-4cc5-b39e-3304abec3031
2019-09-24 17:09:32,492 WARN  impl.MetricsConfig (MetricsConfig.java:loadFirst(124)) - Cannot locate configuration: tried hadoop-metrics2-ratis.properties,hadoop-metrics2.properties
2019-09-24 17:09:32,595 INFO  impl.MetricsSystemImpl (MetricsSystemImpl.java:startTimer(376)) - Scheduled snapshot period at 10 second(s).
2019-09-24 17:09:32,595 INFO  impl.MetricsSystemImpl (MetricsSystemImpl.java:start(191)) - ratis metrics system started
2019-09-24 17:09:32,606 INFO  metrics.MetricRegistries (MetricRegistriesLoader.java:load(64)) - Loaded MetricRegistries class org.apache.ratis.metrics.impl.MetricRegistriesImpl
2019-09-24 17:09:32,671 INFO  server.RaftServerConfigKeys (ConfUtils.java:logGet(43)) - raft.server.log.queue.byte-limit = 64MB (=67108864) (default)
2019-09-24 17:09:32,671 INFO  server.RaftServerConfigKeys (ConfUtils.java:logGet(43)) - raft.server.log.queue.byte-limit = 64MB (=67108864) (default)
2019-09-24 17:09:32,672 INFO  server.RaftServerConfigKeys (ConfUtils.java:logGet(43)) - raft.server.log.queue.byte-limit = 64MB (=67108864) (default)
2019-09-24 17:09:32,672 INFO  server.RaftServerConfigKeys (ConfUtils.java:logGet(43)) - raft.server.log.queue.byte-limit = 64MB (=67108864) (default)
2019-09-24 17:09:32,672 INFO  server.RaftServerConfigKeys (ConfUtils.java:logGet(43)) - raft.server.log.queue.byte-limit = 64MB (=67108864) (default)
2019-09-24 17:09:32,672 INFO  server.RaftServerConfigKeys (ConfUtils.java:logGet(43)) - raft.server.log.queue.element-limit = 4096 (default)
2019-09-24 17:09:32,672 INFO  server.RaftServerConfigKeys (ConfUtils.java:logGet(43)) - raft.server.log.queue.element-limit = 4096 (default)
2019-09-24 17:09:32,672 INFO  server.RaftServerConfigKeys (ConfUtils.java:logGet(43)) - raft.server.log.queue.element-limit = 4096 (default)
2019-09-24 17:09:32,672 INFO  server.RaftServerConfigKeys (ConfUtils.java:logGet(43)) - raft.server.log.queue.element-limit = 4096 (default)
2019-09-24 17:09:32,672 INFO  server.RaftServerConfigKeys (ConfUtils.java:logGet(43)) - raft.server.log.queue.element-limit = 4096 (default)
2019-09-24 17:09:32,675 INFO  server.RaftServerConfigKeys (ConfUtils.java:logGet(43)) - raft.server.log.segment.size.max = 8MB (=8388608) (default)
2019-09-24 17:09:32,675 INFO  server.RaftServerConfigKeys (ConfUtils.java:logGet(43)) - raft.server.log.segment.size.max = 8MB (=8388608) (default)
2019-09-24 17:09:32,675 INFO  server.RaftServerConfigKeys (ConfUtils.java:logGet(43)) - raft.server.log.segment.size.max = 8MB (=8388608) (default)
2019-09-24 17:09:32,675 INFO  server.RaftServerConfigKeys (ConfUtils.java:logGet(43)) - raft.server.log.segment.size.max = 8MB (=8388608) (default)
2019-09-24 17:09:32,675 INFO  server.RaftServerConfigKeys (ConfUtils.java:logGet(43)) - raft.server.log.segment.size.max = 8MB (=8388608) (default)
2019-09-24 17:09:32,676 INFO  server.RaftServerConfigKeys (ConfUtils.java:logGet(43)) - raft.server.log.preallocated.size = 4MB (=4194304) (default)
2019-09-24 17:09:32,676 INFO  server.RaftServerConfigKeys (ConfUtils.java:logGet(43)) - raft.server.log.preallocated.size = 4MB (=4194304) (default)
2019-09-24 17:09:32,676 INFO  server.RaftServerConfigKeys (ConfUtils.java:logGet(43)) - raft.server.log.preallocated.size = 4MB (=4194304) (default)
2019-09-24 17:09:32,676 INFO  server.RaftServerConfigKeys (ConfUtils.java:logGet(43)) - raft.server.log.preallocated.size = 4MB (=4194304) (default)
2019-09-24 17:09:32,676 INFO  server.RaftServerConfigKeys (ConfUtils.java:logGet(43)) - raft.server.log.preallocated.size = 4MB (=4194304) (default)
2019-09-24 17:09:32,677 INFO  server.RaftServerConfigKeys (ConfUtils.java:logGet(43)) - raft.server.log.write.buffer.size = 64KB (=65536) (default)
2019-09-24 17:09:32,677 INFO  server.RaftServerConfigKeys (ConfUtils.java:logGet(43)) - raft.server.log.write.buffer.size = 64KB (=65536) (default)
2019-09-24 17:09:32,677 INFO  server.RaftServerConfigKeys (ConfUtils.java:logGet(43)) - raft.server.log.write.buffer.size = 64KB (=65536) (default)
2019-09-24 17:09:32,678 INFO  server.RaftServerConfigKeys (ConfUtils.java:logGet(43)) - raft.server.log.force.sync.num = 128 (default)
2019-09-24 17:09:32,677 INFO  server.RaftServerConfigKeys (ConfUtils.java:logGet(43)) - raft.server.log.write.buffer.size = 64KB (=65536) (default)
2019-09-24 17:09:32,677 INFO  server.RaftServerConfigKeys (ConfUtils.java:logGet(43)) - raft.server.log.write.buffer.size = 64KB (=65536) (default)
2019-09-24 17:09:32,678 INFO  server.RaftServerConfigKeys (ConfUtils.java:logGet(43)) - raft.server.log.force.sync.num = 128 (default)
2019-09-24 17:09:32,678 INFO  server.RaftServerConfigKeys (ConfUtils.java:logGet(43)) - raft.server.log.force.sync.num = 128 (default)
2019-09-24 17:09:32,678 INFO  server.RaftServerConfigKeys (ConfUtils.java:logGet(43)) - raft.server.log.force.sync.num = 128 (default)
2019-09-24 17:09:32,678 INFO  server.RaftServerConfigKeys (ConfUtils.java:logGet(43)) - raft.server.log.force.sync.num = 128 (default)
2019-09-24 17:09:32,679 INFO  server.RaftServerConfigKeys (ConfUtils.java:logGet(43)) - raft.server.log.statemachine.data.sync = true (default)
2019-09-24 17:09:32,679 INFO  server.RaftServerConfigKeys (ConfUtils.java:logGet(43)) - raft.server.log.statemachine.data.sync = true (default)
2019-09-24 17:09:32,680 INFO  server.RaftServerConfigKeys (ConfUtils.java:logGet(43)) - raft.server.log.statemachine.data.sync = true (default)
2019-09-24 17:09:32,680 INFO  server.RaftServerConfigKeys (ConfUtils.java:logGet(43)) - raft.server.log.statemachine.data.sync.timeout = 10s (default)
2019-09-24 17:09:32,679 INFO  server.RaftServerConfigKeys (ConfUtils.java:logGet(43)) - raft.server.log.statemachine.data.sync = true (default)
2019-09-24 17:09:32,679 INFO  server.RaftServerConfigKeys (ConfUtils.java:logGet(43)) - raft.server.log.statemachine.data.sync = true (default)
2019-09-24 17:09:32,680 INFO  server.RaftServerConfigKeys (ConfUtils.java:logGet(43)) - raft.server.log.statemachine.data.sync.timeout = 10s (default)
2019-09-24 17:09:32,680 INFO  server.RaftServerConfigKeys (ConfUtils.java:logGet(43)) - raft.server.log.statemachine.data.sync.timeout = 10s (default)
2019-09-24 17:09:32,680 INFO  server.RaftServerConfigKeys (ConfUtils.java:logGet(43)) - raft.server.log.statemachine.data.sync.timeout = 10s (default)
2019-09-24 17:09:32,681 INFO  server.RaftServerConfigKeys (ConfUtils.java:logGet(43)) - raft.server.log.statemachine.data.sync.timeout.retry = -1 (default)
2019-09-24 17:09:32,681 INFO  server.RaftServerConfigKeys (ConfUtils.java:logGet(43)) - raft.server.log.statemachine.data.sync.timeout.retry = -1 (default)
2019-09-24 17:09:32,680 INFO  server.RaftServerConfigKeys (ConfUtils.java:logGet(43)) - raft.server.log.statemachine.data.sync.timeout = 10s (default)
2019-09-24 17:09:32,680 INFO  server.RaftServerConfigKeys (ConfUtils.java:logGet(43)) - raft.server.log.statemachine.data.sync.timeout.retry = -1 (default)
2019-09-24 17:09:32,682 INFO  server.RaftServerConfigKeys (ConfUtils.java:logGet(43)) - raft.server.log.statemachine.data.sync.timeout.retry = -1 (default)
2019-09-24 17:09:32,681 INFO  server.RaftServerConfigKeys (ConfUtils.java:logGet(43)) - raft.server.log.statemachine.data.sync.timeout.retry = -1 (default)
2019-09-24 17:09:32,696 INFO  server.RaftServerConfigKeys (ConfUtils.java:logGet(43)) - raft.server.log.statemachine.data.caching.enabled = false (default)
2019-09-24 17:09:32,696 INFO  server.RaftServerConfigKeys (ConfUtils.java:logGet(43)) - raft.server.log.statemachine.data.caching.enabled = false (default)
2019-09-24 17:09:32,696 INFO  server.RaftServerConfigKeys (ConfUtils.java:logGet(43)) - raft.server.log.statemachine.data.caching.enabled = false (default)
2019-09-24 17:09:32,696 INFO  server.RaftServerConfigKeys (ConfUtils.java:logGet(43)) - raft.server.log.statemachine.data.caching.enabled = false (default)
2019-09-24 17:09:32,696 INFO  server.RaftServerConfigKeys (ConfUtils.java:logGet(43)) - raft.server.log.statemachine.data.caching.enabled = false (default)
2019-09-24 17:09:32,704 INFO  segmented.SegmentedRaftLogWorker (SegmentedRaftLogWorker.java:lambda$new$0(132)) - s3@group-3304ABEC3031-SegmentedRaftLogWorker: flushIndex: setUnconditionally 0 -> -1
2019-09-24 17:09:32,704 INFO  segmented.SegmentedRaftLogWorker (SegmentedRaftLogWorker.java:lambda$new$0(132)) - s4@group-3304ABEC3031-SegmentedRaftLogWorker: flushIndex: setUnconditionally 0 -> -1
2019-09-24 17:09:32,704 INFO  segmented.SegmentedRaftLogWorker (SegmentedRaftLogWorker.java:lambda$new$0(132)) - s0@group-3304ABEC3031-SegmentedRaftLogWorker: flushIndex: setUnconditionally 0 -> -1
2019-09-24 17:09:32,704 INFO  segmented.SegmentedRaftLogWorker (SegmentedRaftLogWorker.java:lambda$new$0(132)) - s2@group-3304ABEC3031-SegmentedRaftLogWorker: flushIndex: setUnconditionally 0 -> -1
2019-09-24 17:09:32,704 INFO  segmented.SegmentedRaftLogWorker (SegmentedRaftLogWorker.java:lambda$new$0(132)) - s1@group-3304ABEC3031-SegmentedRaftLogWorker: flushIndex: setUnconditionally 0 -> -1
2019-09-24 17:09:32,709 INFO  server.RaftServerConfigKeys (ConfUtils.java:logGet(43)) - raft.server.snapshot.auto.trigger.enabled = false (default)
2019-09-24 17:09:32,709 INFO  server.RaftServerConfigKeys (ConfUtils.java:logGet(43)) - raft.server.snapshot.auto.trigger.enabled = false (default)
2019-09-24 17:09:32,709 INFO  server.RaftServerConfigKeys (ConfUtils.java:logGet(43)) - raft.server.snapshot.auto.trigger.enabled = false (default)
2019-09-24 17:09:32,709 INFO  server.RaftServerConfigKeys (ConfUtils.java:logGet(43)) - raft.server.snapshot.auto.trigger.enabled = false (default)
2019-09-24 17:09:32,709 INFO  server.RaftServerConfigKeys (ConfUtils.java:logGet(43)) - raft.server.snapshot.auto.trigger.enabled = false (default)
2019-09-24 17:09:32,710 INFO  server.RaftServerConfigKeys (ConfUtils.java:logGet(43)) - raft.server.snapshot.retention.file.num = -1 (default)
2019-09-24 17:09:32,710 INFO  server.RaftServerConfigKeys (ConfUtils.java:logGet(43)) - raft.server.snapshot.retention.file.num = -1 (default)
2019-09-24 17:09:32,710 INFO  server.RaftServerConfigKeys (ConfUtils.java:logGet(43)) - raft.server.snapshot.retention.file.num = -1 (default)
2019-09-24 17:09:32,710 INFO  server.RaftServerConfigKeys (ConfUtils.java:logGet(43)) - raft.server.snapshot.retention.file.num = -1 (default)
2019-09-24 17:09:32,710 INFO  server.RaftServerConfigKeys (ConfUtils.java:logGet(43)) - raft.server.snapshot.retention.file.num = -1 (default)
2019-09-24 17:09:32,711 INFO  server.RaftServerConfigKeys (ConfUtils.java:logGet(43)) - raft.server.retrycache.expirytime = 60s (default)
2019-09-24 17:09:32,711 INFO  server.RaftServerConfigKeys (ConfUtils.java:logGet(43)) - raft.server.retrycache.expirytime = 60s (default)
2019-09-24 17:09:32,711 INFO  server.RaftServerConfigKeys (ConfUtils.java:logGet(43)) - raft.server.retrycache.expirytime = 60s (default)
2019-09-24 17:09:32,711 INFO  server.RaftServerConfigKeys (ConfUtils.java:logGet(43)) - raft.server.retrycache.expirytime = 60s (default)
2019-09-24 17:09:32,711 INFO  server.RaftServerConfigKeys (ConfUtils.java:logGet(43)) - raft.server.retrycache.expirytime = 60s (default)
2019-09-24 17:09:32,749 INFO  impl.RaftServerImpl (RaftServerImpl.java:start(181)) - s3@group-3304ABEC3031: start as a follower, conf=-1: [s3:0.0.0.0:44480, s4:0.0.0.0:36765, s0:0.0.0.0:35450, s1:0.0.0.0:44404, s2:0.0.0.0:36922], old=null
2019-09-24 17:09:32,752 INFO  impl.RaftServerImpl (RaftServerImpl.java:setRole(170)) - s3@group-3304ABEC3031: changes role from      null to FOLLOWER at term 0 for startAsFollower
2019-09-24 17:09:32,754 INFO  impl.RoleInfo (RoleInfo.java:updateAndGet(143)) - s3: start FollowerState
2019-09-24 17:09:32,759 INFO  util.JmxRegister (JmxRegister.java:tryRegister(44)) - Successfully registered JMX Bean with object name Ratis:service=RaftServer,group=group-3304ABEC3031,id=s3
2019-09-24 17:09:32,769 INFO  impl.RaftServerProxy (RaftServerProxy.java:lambda$start$3(299)) - s3: start RPC server
2019-09-24 17:09:32,770 INFO  impl.RaftServerImpl (RaftServerImpl.java:start(181)) - s4@group-3304ABEC3031: start as a follower, conf=-1: [s3:0.0.0.0:44480, s4:0.0.0.0:36765, s0:0.0.0.0:35450, s1:0.0.0.0:44404, s2:0.0.0.0:36922], old=null
2019-09-24 17:09:32,771 INFO  impl.RaftServerImpl (RaftServerImpl.java:setRole(170)) - s4@group-3304ABEC3031: changes role from      null to FOLLOWER at term 0 for startAsFollower
2019-09-24 17:09:32,771 INFO  impl.RoleInfo (RoleInfo.java:updateAndGet(143)) - s4: start FollowerState
2019-09-24 17:09:32,772 INFO  util.JmxRegister (JmxRegister.java:tryRegister(44)) - Successfully registered JMX Bean with object name Ratis:service=RaftServer,group=group-3304ABEC3031,id=s4
2019-09-24 17:09:32,777 INFO  impl.RaftServerProxy (RaftServerProxy.java:lambda$start$3(299)) - s4: start RPC server
2019-09-24 17:09:32,778 INFO  impl.RaftServerImpl (RaftServerImpl.java:start(181)) - s0@group-3304ABEC3031: start as a follower, conf=-1: [s3:0.0.0.0:44480, s4:0.0.0.0:36765, s0:0.0.0.0:35450, s1:0.0.0.0:44404, s2:0.0.0.0:36922], old=null
2019-09-24 17:09:32,778 INFO  impl.RaftServerImpl (RaftServerImpl.java:setRole(170)) - s0@group-3304ABEC3031: changes role from      null to FOLLOWER at term 0 for startAsFollower
2019-09-24 17:09:32,779 INFO  impl.RoleInfo (RoleInfo.java:updateAndGet(143)) - s0: start FollowerState
2019-09-24 17:09:32,779 INFO  util.JmxRegister (JmxRegister.java:tryRegister(44)) - Successfully registered JMX Bean with object name Ratis:service=RaftServer,group=group-3304ABEC3031,id=s0
2019-09-24 17:09:32,784 INFO  impl.RaftServerProxy (RaftServerProxy.java:lambda$start$3(299)) - s0: start RPC server
2019-09-24 17:09:32,785 INFO  impl.RaftServerImpl (RaftServerImpl.java:start(181)) - s1@group-3304ABEC3031: start as a follower, conf=-1: [s3:0.0.0.0:44480, s4:0.0.0.0:36765, s0:0.0.0.0:35450, s1:0.0.0.0:44404, s2:0.0.0.0:36922], old=null
2019-09-24 17:09:32,786 INFO  impl.RaftServerImpl (RaftServerImpl.java:setRole(170)) - s1@group-3304ABEC3031: changes role from      null to FOLLOWER at term 0 for startAsFollower
2019-09-24 17:09:32,786 INFO  impl.RoleInfo (RoleInfo.java:updateAndGet(143)) - s1: start FollowerState
2019-09-24 17:09:32,786 INFO  util.JmxRegister (JmxRegister.java:tryRegister(44)) - Successfully registered JMX Bean with object name Ratis:service=RaftServer,group=group-3304ABEC3031,id=s1
2019-09-24 17:09:32,791 INFO  impl.RaftServerProxy (RaftServerProxy.java:lambda$start$3(299)) - s1: start RPC server
2019-09-24 17:09:32,792 INFO  impl.RaftServerImpl (RaftServerImpl.java:start(181)) - s2@group-3304ABEC3031: start as a follower, conf=-1: [s3:0.0.0.0:44480, s4:0.0.0.0:36765, s0:0.0.0.0:35450, s1:0.0.0.0:44404, s2:0.0.0.0:36922], old=null
2019-09-24 17:09:32,792 INFO  impl.RaftServerImpl (RaftServerImpl.java:setRole(170)) - s2@group-3304ABEC3031: changes role from      null to FOLLOWER at term 0 for startAsFollower
2019-09-24 17:09:32,793 INFO  impl.RoleInfo (RoleInfo.java:updateAndGet(143)) - s2: start FollowerState
2019-09-24 17:09:32,793 INFO  util.JmxRegister (JmxRegister.java:tryRegister(44)) - Successfully registered JMX Bean with object name Ratis:service=RaftServer,group=group-3304ABEC3031,id=s2
2019-09-24 17:09:32,797 INFO  impl.RaftServerProxy (RaftServerProxy.java:lambda$start$3(299)) - s2: start RPC server
2019-09-24 17:09:32,799 INFO  server.RaftServerConfigKeys (ConfUtils.java:logGet(43)) - raft.server.rpc.timeout.max = 300ms (default)
2019-09-24 17:09:32,804 INFO  ratis.RaftTestUtil (RaftTestUtil.java:waitForLeader(86)) - printing ALL groups
  s3:  RUNNING  FOLLOWER s3@group-3304ABEC3031:t0, leader=null, voted=null, raftlog=s3@group-3304ABEC3031-SegmentedRaftLog:OPENED:c-1,f-1,i0, conf=-1: [s3:0.0.0.0:44480, s4:0.0.0.0:36765, s0:0.0.0.0:35450, s1:0.0.0.0:44404, s2:0.0.0.0:36922], old=null RUNNING
  s4:  RUNNING  FOLLOWER s4@group-3304ABEC3031:t0, leader=null, voted=null, raftlog=s4@group-3304ABEC3031-SegmentedRaftLog:OPENED:c-1,f-1,i0, conf=-1: [s3:0.0.0.0:44480, s4:0.0.0.0:36765, s0:0.0.0.0:35450, s1:0.0.0.0:44404, s2:0.0.0.0:36922], old=null RUNNING
  s0:  RUNNING  FOLLOWER s0@group-3304ABEC3031:t0, leader=null, voted=null, raftlog=s0@group-3304ABEC3031-SegmentedRaftLog:OPENED:c-1,f-1,i0, conf=-1: [s3:0.0.0.0:44480, s4:0.0.0.0:36765, s0:0.0.0.0:35450, s1:0.0.0.0:44404, s2:0.0.0.0:36922], old=null RUNNING
  s1:  RUNNING  FOLLOWER s1@group-3304ABEC3031:t0, leader=null, voted=null, raftlog=s1@group-3304ABEC3031-SegmentedRaftLog:OPENED:c-1,f-1,i0, conf=-1: [s3:0.0.0.0:44480, s4:0.0.0.0:36765, s0:0.0.0.0:35450, s1:0.0.0.0:44404, s2:0.0.0.0:36922], old=null RUNNING
  s2:  RUNNING  FOLLOWER s2@group-3304ABEC3031:t0, leader=null, voted=null, raftlog=s2@group-3304ABEC3031-SegmentedRaftLog:OPENED:c-1,f-1,i0, conf=-1: [s3:0.0.0.0:44480, s4:0.0.0.0:36765, s0:0.0.0.0:35450, s1:0.0.0.0:44404, s2:0.0.0.0:36922], old=null RUNNING
2019-09-24 17:09:32,810 WARN  ratis.RaftTestUtil (JavaUtils.java:attempt(158)) - FAILED "waitForLeader-null-(expectLeader? true)", attempt #1/100: java.lang.IllegalStateException: No leader yet : printing ALL groups
  s3:  RUNNING  FOLLOWER s3@group-3304ABEC3031:t0, leader=null, voted=null, raftlog=s3@group-3304ABEC3031-SegmentedRaftLog:OPENED:c-1,f-1,i0, conf=-1: [s3:0.0.0.0:44480, s4:0.0.0.0:36765, s0:0.0.0.0:35450, s1:0.0.0.0:44404, s2:0.0.0.0:36922], old=null RUNNING
  s4:  RUNNING  FOLLOWER s4@group-3304ABEC3031:t0, leader=null, voted=null, raftlog=s4@group-3304ABEC3031-SegmentedRaftLog:OPENED:c-1,f-1,i0, conf=-1: [s3:0.0.0.0:44480, s4:0.0.0.0:36765, s0:0.0.0.0:35450, s1:0.0.0.0:44404, s2:0.0.0.0:36922], old=null RUNNING
  s0:  RUNNING  FOLLOWER s0@group-3304ABEC3031:t0, leader=null, voted=null, raftlog=s0@group-3304ABEC3031-SegmentedRaftLog:OPENED:c-1,f-1,i0, conf=-1: [s3:0.0.0.0:44480, s4:0.0.0.0:36765, s0:0.0.0.0:35450, s1:0.0.0.0:44404, s2:0.0.0.0:36922], old=null RUNNING
  s1:  RUNNING  FOLLOWER s1@group-3304ABEC3031:t0, leader=null, voted=null, raftlog=s1@group-3304ABEC3031-SegmentedRaftLog:OPENED:c-1,f-1,i0, conf=-1: [s3:0.0.0.0:44480, s4:0.0.0.0:36765, s0:0.0.0.0:35450, s1:0.0.0.0:44404, s2:0.0.0.0:36922], old=null RUNNING
  s2:  RUNNING  FOLLOWER s2@group-3304ABEC3031:t0, leader=null, voted=null, raftlog=s2@group-3304ABEC3031-SegmentedRaftLog:OPENED:c-1,f-1,i0, conf=-1: [s3:0.0.0.0:44480, s4:0.0.0.0:36765, s0:0.0.0.0:35450, s1:0.0.0.0:44404, s2:0.0.0.0:36922], old=null RUNNING, sleep 450ms and then retry.
java.lang.IllegalStateException: No leader yet : printing ALL groups
  s3:  RUNNING  FOLLOWER s3@group-3304ABEC3031:t0, leader=null, voted=null, raftlog=s3@group-3304ABEC3031-SegmentedRaftLog:OPENED:c-1,f-1,i0, conf=-1: [s3:0.0.0.0:44480, s4:0.0.0.0:36765, s0:0.0.0.0:35450, s1:0.0.0.0:44404, s2:0.0.0.0:36922], old=null RUNNING
  s4:  RUNNING  FOLLOWER s4@group-3304ABEC3031:t0, leader=null, voted=null, raftlog=s4@group-3304ABEC3031-SegmentedRaftLog:OPENED:c-1,f-1,i0, conf=-1: [s3:0.0.0.0:44480, s4:0.0.0.0:36765, s0:0.0.0.0:35450, s1:0.0.0.0:44404, s2:0.0.0.0:36922], old=null RUNNING
  s0:  RUNNING  FOLLOWER s0@group-3304ABEC3031:t0, leader=null, voted=null, raftlog=s0@group-3304ABEC3031-SegmentedRaftLog:OPENED:c-1,f-1,i0, conf=-1: [s3:0.0.0.0:44480, s4:0.0.0.0:36765, s0:0.0.0.0:35450, s1:0.0.0.0:44404, s2:0.0.0.0:36922], old=null RUNNING
  s1:  RUNNING  FOLLOWER s1@group-3304ABEC3031:t0, leader=null, voted=null, raftlog=s1@group-3304ABEC3031-SegmentedRaftLog:OPENED:c-1,f-1,i0, conf=-1: [s3:0.0.0.0:44480, s4:0.0.0.0:36765, s0:0.0.0.0:35450, s1:0.0.0.0:44404, s2:0.0.0.0:36922], old=null RUNNING
  s2:  RUNNING  FOLLOWER s2@group-3304ABEC3031:t0, leader=null, voted=null, raftlog=s2@group-3304ABEC3031-SegmentedRaftLog:OPENED:c-1,f-1,i0, conf=-1: [s3:0.0.0.0:44480, s4:0.0.0.0:36765, s0:0.0.0.0:35450, s1:0.0.0.0:44404, s2:0.0.0.0:36922], old=null RUNNING
	at org.apache.ratis.MiniRaftCluster.newIllegalStateExceptionForNoLeaders(MiniRaftCluster.java:506)
	at org.apache.ratis.RaftTestUtil.lambda$waitForLeader$1(RaftTestUtil.java:90)
	at org.apache.ratis.MiniRaftCluster.getLeader(MiniRaftCluster.java:539)
	at org.apache.ratis.MiniRaftCluster.getLeader(MiniRaftCluster.java:532)
	at org.apache.ratis.RaftTestUtil.lambda$waitForLeader$3(RaftTestUtil.java:98)
	at org.apache.ratis.util.JavaUtils.attempt(JavaUtils.java:152)
	at org.apache.ratis.RaftTestUtil.waitForLeader(RaftTestUtil.java:97)
	at org.apache.ratis.RaftTestUtil.waitForLeader(RaftTestUtil.java:77)
	at org.apache.ratis.RaftTestUtil.waitForLeader(RaftTestUtil.java:72)
	at org.apache.ratis.server.impl.LeaderElectionTests.testEnforceLeader(LeaderElectionTests.java:95)
	at sun.reflect.NativeMethodAccessorImpl.invoke0(Native Method)
	at sun.reflect.NativeMethodAccessorImpl.invoke(NativeMethodAccessorImpl.java:62)
	at sun.reflect.DelegatingMethodAccessorImpl.invoke(DelegatingMethodAccessorImpl.java:43)
	at java.lang.reflect.Method.invoke(Method.java:498)
	at org.junit.runners.model.FrameworkMethod$1.runReflectiveCall(FrameworkMethod.java:50)
	at org.junit.internal.runners.model.ReflectiveCallable.run(ReflectiveCallable.java:12)
	at org.junit.runners.model.FrameworkMethod.invokeExplosively(FrameworkMethod.java:47)
	at org.junit.internal.runners.statements.InvokeMethod.evaluate(InvokeMethod.java:17)
	at org.junit.internal.runners.statements.RunAfters.evaluate(RunAfters.java:27)
	at org.junit.internal.runners.statements.FailOnTimeout$CallableStatement.call(FailOnTimeout.java:298)
	at org.junit.internal.runners.statements.FailOnTimeout$CallableStatement.call(FailOnTimeout.java:292)
	at java.util.concurrent.FutureTask.run(FutureTask.java:266)
	at java.lang.Thread.run(Thread.java:748)
2019-09-24 17:09:32,935 INFO  impl.FollowerState (FollowerState.java:run(108)) - s4@group-3304ABEC3031-FollowerState: change to CANDIDATE, lastRpcTime:163ms, electionTimeout:163ms
2019-09-24 17:09:32,938 INFO  impl.RoleInfo (RoleInfo.java:shutdownFollowerState(121)) - s4: shutdown FollowerState
2019-09-24 17:09:32,938 INFO  impl.RaftServerImpl (RaftServerImpl.java:setRole(170)) - s4@group-3304ABEC3031: changes role from  FOLLOWER to CANDIDATE at term 0 for changeToCandidate
2019-09-24 17:09:32,942 INFO  impl.RoleInfo (RoleInfo.java:updateAndGet(143)) - s4: start LeaderElection
2019-09-24 17:09:33,032 INFO  impl.FollowerState (FollowerState.java:run(108)) - s0@group-3304ABEC3031-FollowerState: change to CANDIDATE, lastRpcTime:253ms, electionTimeout:253ms
2019-09-24 17:09:33,033 INFO  impl.FollowerState (FollowerState.java:run(108)) - s2@group-3304ABEC3031-FollowerState: change to CANDIDATE, lastRpcTime:240ms, electionTimeout:240ms
2019-09-24 17:09:33,033 INFO  impl.RoleInfo (RoleInfo.java:shutdownFollowerState(121)) - s0: shutdown FollowerState
2019-09-24 17:09:33,034 INFO  impl.RoleInfo (RoleInfo.java:shutdownFollowerState(121)) - s2: shutdown FollowerState
2019-09-24 17:09:33,034 INFO  impl.RaftServerImpl (RaftServerImpl.java:setRole(170)) - s0@group-3304ABEC3031: changes role from  FOLLOWER to CANDIDATE at term 0 for changeToCandidate
2019-09-24 17:09:33,034 INFO  impl.RaftServerImpl (RaftServerImpl.java:setRole(170)) - s2@group-3304ABEC3031: changes role from  FOLLOWER to CANDIDATE at term 0 for changeToCandidate
2019-09-24 17:09:33,034 INFO  impl.RoleInfo (RoleInfo.java:updateAndGet(143)) - s0: start LeaderElection
2019-09-24 17:09:33,034 INFO  impl.RoleInfo (RoleInfo.java:updateAndGet(143)) - s2: start LeaderElection
2019-09-24 17:09:33,041 INFO  impl.FollowerState (FollowerState.java:run(108)) - s1@group-3304ABEC3031-FollowerState: change to CANDIDATE, lastRpcTime:255ms, electionTimeout:255ms
2019-09-24 17:09:33,042 INFO  impl.RoleInfo (RoleInfo.java:shutdownFollowerState(121)) - s1: shutdown FollowerState
2019-09-24 17:09:33,042 INFO  impl.RaftServerImpl (RaftServerImpl.java:setRole(170)) - s1@group-3304ABEC3031: changes role from  FOLLOWER to CANDIDATE at term 0 for changeToCandidate
2019-09-24 17:09:33,042 INFO  impl.RoleInfo (RoleInfo.java:updateAndGet(143)) - s1: start LeaderElection
2019-09-24 17:09:33,053 INFO  impl.FollowerState (FollowerState.java:run(108)) - s3@group-3304ABEC3031-FollowerState: change to CANDIDATE, lastRpcTime:299ms, electionTimeout:298ms
2019-09-24 17:09:33,053 INFO  impl.RoleInfo (RoleInfo.java:shutdownFollowerState(121)) - s3: shutdown FollowerState
2019-09-24 17:09:33,053 INFO  impl.RaftServerImpl (RaftServerImpl.java:setRole(170)) - s3@group-3304ABEC3031: changes role from  FOLLOWER to CANDIDATE at term 0 for changeToCandidate
2019-09-24 17:09:33,053 INFO  impl.RoleInfo (RoleInfo.java:updateAndGet(143)) - s3: start LeaderElection
2019-09-24 17:09:33,121 INFO  impl.LeaderElection (LeaderElection.java:askForVotes(178)) - s2@group-3304ABEC3031-LeaderElection3: begin an election at term 1 for -1: [s3:0.0.0.0:44480, s4:0.0.0.0:36765, s0:0.0.0.0:35450, s1:0.0.0.0:44404, s2:0.0.0.0:36922], old=null
2019-09-24 17:09:33,121 INFO  impl.LeaderElection (LeaderElection.java:askForVotes(178)) - s1@group-3304ABEC3031-LeaderElection4: begin an election at term 1 for -1: [s3:0.0.0.0:44480, s4:0.0.0.0:36765, s0:0.0.0.0:35450, s1:0.0.0.0:44404, s2:0.0.0.0:36922], old=null
2019-09-24 17:09:33,121 INFO  impl.LeaderElection (LeaderElection.java:askForVotes(178)) - s3@group-3304ABEC3031-LeaderElection5: begin an election at term 1 for -1: [s3:0.0.0.0:44480, s4:0.0.0.0:36765, s0:0.0.0.0:35450, s1:0.0.0.0:44404, s2:0.0.0.0:36922], old=null
2019-09-24 17:09:33,121 INFO  impl.LeaderElection (LeaderElection.java:askForVotes(178)) - s4@group-3304ABEC3031-LeaderElection1: begin an election at term 1 for -1: [s3:0.0.0.0:44480, s4:0.0.0.0:36765, s0:0.0.0.0:35450, s1:0.0.0.0:44404, s2:0.0.0.0:36922], old=null
2019-09-24 17:09:33,121 INFO  impl.LeaderElection (LeaderElection.java:askForVotes(178)) - s0@group-3304ABEC3031-LeaderElection2: begin an election at term 1 for -1: [s3:0.0.0.0:44480, s4:0.0.0.0:36765, s0:0.0.0.0:35450, s1:0.0.0.0:44404, s2:0.0.0.0:36922], old=null
2019-09-24 17:09:33,215 DEBUG impl.RaftServerImpl (RaftServerImpl.java:requestVote(743)) - s3@group-3304ABEC3031: receive requestVote(s4, group-3304ABEC3031, 1, (t:0, i:0))
2019-09-24 17:09:33,215 DEBUG impl.RaftServerImpl (RaftServerImpl.java:requestVote(743)) - s3@group-3304ABEC3031: receive requestVote(s1, group-3304ABEC3031, 1, (t:0, i:0))
2019-09-24 17:09:33,216 DEBUG impl.RaftServerImpl (RaftServerImpl.java:requestVote(743)) - s0@group-3304ABEC3031: receive requestVote(s4, group-3304ABEC3031, 1, (t:0, i:0))
2019-09-24 17:09:33,215 DEBUG impl.RaftServerImpl (RaftServerImpl.java:requestVote(743)) - s0@group-3304ABEC3031: receive requestVote(s3, group-3304ABEC3031, 1, (t:0, i:0))
2019-09-24 17:09:33,215 DEBUG impl.RaftServerImpl (RaftServerImpl.java:requestVote(743)) - s4@group-3304ABEC3031: receive requestVote(s1, group-3304ABEC3031, 1, (t:0, i:0))
2019-09-24 17:09:33,215 DEBUG impl.RaftServerImpl (RaftServerImpl.java:requestVote(743)) - s1@group-3304ABEC3031: receive requestVote(s4, group-3304ABEC3031, 1, (t:0, i:0))
2019-09-24 17:09:33,215 DEBUG impl.RaftServerImpl (RaftServerImpl.java:requestVote(743)) - s2@group-3304ABEC3031: receive requestVote(s0, group-3304ABEC3031, 1, (t:0, i:0))
2019-09-24 17:09:33,215 DEBUG impl.RaftServerImpl (RaftServerImpl.java:requestVote(743)) - s4@group-3304ABEC3031: receive requestVote(s2, group-3304ABEC3031, 1, (t:0, i:0))
2019-09-24 17:09:33,215 DEBUG impl.RaftServerImpl (RaftServerImpl.java:requestVote(743)) - s3@group-3304ABEC3031: receive requestVote(s2, group-3304ABEC3031, 1, (t:0, i:0))
2019-09-24 17:09:33,215 DEBUG impl.RaftServerImpl (RaftServerImpl.java:requestVote(743)) - s0@group-3304ABEC3031: receive requestVote(s2, group-3304ABEC3031, 1, (t:0, i:0))
2019-09-24 17:09:33,215 DEBUG impl.RaftServerImpl (RaftServerImpl.java:requestVote(743)) - s4@group-3304ABEC3031: receive requestVote(s3, group-3304ABEC3031, 1, (t:0, i:0))
2019-09-24 17:09:33,215 DEBUG impl.RaftServerImpl (RaftServerImpl.java:requestVote(743)) - s2@group-3304ABEC3031: receive requestVote(s4, group-3304ABEC3031, 1, (t:0, i:0))
2019-09-24 17:09:33,215 DEBUG impl.RaftServerImpl (RaftServerImpl.java:requestVote(743)) - s1@group-3304ABEC3031: receive requestVote(s0, group-3304ABEC3031, 1, (t:0, i:0))
2019-09-24 17:09:33,215 DEBUG impl.RaftServerImpl (RaftServerImpl.java:requestVote(743)) - s1@group-3304ABEC3031: receive requestVote(s2, group-3304ABEC3031, 1, (t:0, i:0))
2019-09-24 17:09:33,215 DEBUG impl.RaftServerImpl (RaftServerImpl.java:requestVote(743)) - s2@group-3304ABEC3031: receive requestVote(s1, group-3304ABEC3031, 1, (t:0, i:0))
2019-09-24 17:09:33,224 DEBUG impl.RaftServerImpl (RaftServerImpl.java:requestVote(775)) - s2@group-3304ABEC3031 replies to vote request: s0<-s2#0:FAIL-t1. Peer's state: s2@group-3304ABEC3031:t1, leader=null, voted=s2, raftlog=s2@group-3304ABEC3031-SegmentedRaftLog:OPENED:c-1,f-1,i0, conf=-1: [s3:0.0.0.0:44480, s4:0.0.0.0:36765, s0:0.0.0.0:35450, s1:0.0.0.0:44404, s2:0.0.0.0:36922], old=null
2019-09-24 17:09:33,224 DEBUG impl.RaftServerImpl (RaftServerImpl.java:requestVote(775)) - s3@group-3304ABEC3031 replies to vote request: s4<-s3#0:FAIL-t1. Peer's state: s3@group-3304ABEC3031:t1, leader=null, voted=s3, raftlog=s3@group-3304ABEC3031-SegmentedRaftLog:OPENED:c-1,f-1,i0, conf=-1: [s3:0.0.0.0:44480, s4:0.0.0.0:36765, s0:0.0.0.0:35450, s1:0.0.0.0:44404, s2:0.0.0.0:36922], old=null
2019-09-24 17:09:33,224 DEBUG impl.RaftServerImpl (RaftServerImpl.java:requestVote(775)) - s0@group-3304ABEC3031 replies to vote request: s3<-s0#0:FAIL-t1. Peer's state: s0@group-3304ABEC3031:t1, leader=null, voted=s0, raftlog=s0@group-3304ABEC3031-SegmentedRaftLog:OPENED:c-1,f-1,i0, conf=-1: [s3:0.0.0.0:44480, s4:0.0.0.0:36765, s0:0.0.0.0:35450, s1:0.0.0.0:44404, s2:0.0.0.0:36922], old=null
2019-09-24 17:09:33,225 DEBUG impl.RaftServerImpl (RaftServerImpl.java:requestVote(775)) - s3@group-3304ABEC3031 replies to vote request: s2<-s3#0:FAIL-t1. Peer's state: s3@group-3304ABEC3031:t1, leader=null, voted=s3, raftlog=s3@group-3304ABEC3031-SegmentedRaftLog:OPENED:c-1,f-1,i0, conf=-1: [s3:0.0.0.0:44480, s4:0.0.0.0:36765, s0:0.0.0.0:35450, s1:0.0.0.0:44404, s2:0.0.0.0:36922], old=null
2019-09-24 17:09:33,224 DEBUG impl.RaftServerImpl (RaftServerImpl.java:requestVote(775)) - s4@group-3304ABEC3031 replies to vote request: s1<-s4#0:FAIL-t1. Peer's state: s4@group-3304ABEC3031:t1, leader=null, voted=s4, raftlog=s4@group-3304ABEC3031-SegmentedRaftLog:OPENED:c-1,f-1,i0, conf=-1: [s3:0.0.0.0:44480, s4:0.0.0.0:36765, s0:0.0.0.0:35450, s1:0.0.0.0:44404, s2:0.0.0.0:36922], old=null
2019-09-24 17:09:33,224 DEBUG impl.RaftServerImpl (RaftServerImpl.java:requestVote(775)) - s1@group-3304ABEC3031 replies to vote request: s4<-s1#0:FAIL-t1. Peer's state: s1@group-3304ABEC3031:t1, leader=null, voted=s1, raftlog=s1@group-3304ABEC3031-SegmentedRaftLog:OPENED:c-1,f-1,i0, conf=-1: [s3:0.0.0.0:44480, s4:0.0.0.0:36765, s0:0.0.0.0:35450, s1:0.0.0.0:44404, s2:0.0.0.0:36922], old=null
2019-09-24 17:09:33,226 DEBUG impl.RaftServerImpl (RaftServerImpl.java:requestVote(775)) - s4@group-3304ABEC3031 replies to vote request: s3<-s4#0:FAIL-t1. Peer's state: s4@group-3304ABEC3031:t1, leader=null, voted=s4, raftlog=s4@group-3304ABEC3031-SegmentedRaftLog:OPENED:c-1,f-1,i0, conf=-1: [s3:0.0.0.0:44480, s4:0.0.0.0:36765, s0:0.0.0.0:35450, s1:0.0.0.0:44404, s2:0.0.0.0:36922], old=null
2019-09-24 17:09:33,225 DEBUG impl.RaftServerImpl (RaftServerImpl.java:requestVote(775)) - s3@group-3304ABEC3031 replies to vote request: s1<-s3#0:FAIL-t1. Peer's state: s3@group-3304ABEC3031:t1, leader=null, voted=s3, raftlog=s3@group-3304ABEC3031-SegmentedRaftLog:OPENED:c-1,f-1,i0, conf=-1: [s3:0.0.0.0:44480, s4:0.0.0.0:36765, s0:0.0.0.0:35450, s1:0.0.0.0:44404, s2:0.0.0.0:36922], old=null
2019-09-24 17:09:33,226 DEBUG impl.RaftServerImpl (RaftServerImpl.java:requestVote(775)) - s4@group-3304ABEC3031 replies to vote request: s2<-s4#0:FAIL-t1. Peer's state: s4@group-3304ABEC3031:t1, leader=null, voted=s4, raftlog=s4@group-3304ABEC3031-SegmentedRaftLog:OPENED:c-1,f-1,i0, conf=-1: [s3:0.0.0.0:44480, s4:0.0.0.0:36765, s0:0.0.0.0:35450, s1:0.0.0.0:44404, s2:0.0.0.0:36922], old=null
2019-09-24 17:09:33,225 DEBUG impl.RaftServerImpl (RaftServerImpl.java:requestVote(775)) - s0@group-3304ABEC3031 replies to vote request: s2<-s0#0:FAIL-t1. Peer's state: s0@group-3304ABEC3031:t1, leader=null, voted=s0, raftlog=s0@group-3304ABEC3031-SegmentedRaftLog:OPENED:c-1,f-1,i0, conf=-1: [s3:0.0.0.0:44480, s4:0.0.0.0:36765, s0:0.0.0.0:35450, s1:0.0.0.0:44404, s2:0.0.0.0:36922], old=null
2019-09-24 17:09:33,225 DEBUG impl.RaftServerImpl (RaftServerImpl.java:requestVote(775)) - s2@group-3304ABEC3031 replies to vote request: s1<-s2#0:FAIL-t1. Peer's state: s2@group-3304ABEC3031:t1, leader=null, voted=s2, raftlog=s2@group-3304ABEC3031-SegmentedRaftLog:OPENED:c-1,f-1,i0, conf=-1: [s3:0.0.0.0:44480, s4:0.0.0.0:36765, s0:0.0.0.0:35450, s1:0.0.0.0:44404, s2:0.0.0.0:36922], old=null
2019-09-24 17:09:33,227 DEBUG impl.RaftServerImpl (RaftServerImpl.java:requestVote(775)) - s0@group-3304ABEC3031 replies to vote request: s4<-s0#0:FAIL-t1. Peer's state: s0@group-3304ABEC3031:t1, leader=null, voted=s0, raftlog=s0@group-3304ABEC3031-SegmentedRaftLog:OPENED:c-1,f-1,i0, conf=-1: [s3:0.0.0.0:44480, s4:0.0.0.0:36765, s0:0.0.0.0:35450, s1:0.0.0.0:44404, s2:0.0.0.0:36922], old=null
2019-09-24 17:09:33,226 DEBUG impl.RaftServerImpl (RaftServerImpl.java:requestVote(775)) - s1@group-3304ABEC3031 replies to vote request: s2<-s1#0:FAIL-t1. Peer's state: s1@group-3304ABEC3031:t1, leader=null, voted=s1, raftlog=s1@group-3304ABEC3031-SegmentedRaftLog:OPENED:c-1,f-1,i0, conf=-1: [s3:0.0.0.0:44480, s4:0.0.0.0:36765, s0:0.0.0.0:35450, s1:0.0.0.0:44404, s2:0.0.0.0:36922], old=null
2019-09-24 17:09:33,227 DEBUG impl.RaftServerImpl (RaftServerImpl.java:requestVote(775)) - s2@group-3304ABEC3031 replies to vote request: s4<-s2#0:FAIL-t1. Peer's state: s2@group-3304ABEC3031:t1, leader=null, voted=s2, raftlog=s2@group-3304ABEC3031-SegmentedRaftLog:OPENED:c-1,f-1,i0, conf=-1: [s3:0.0.0.0:44480, s4:0.0.0.0:36765, s0:0.0.0.0:35450, s1:0.0.0.0:44404, s2:0.0.0.0:36922], old=null
2019-09-24 17:09:33,227 DEBUG impl.RaftServerImpl (RaftServerImpl.java:requestVote(775)) - s1@group-3304ABEC3031 replies to vote request: s0<-s1#0:FAIL-t1. Peer's state: s1@group-3304ABEC3031:t1, leader=null, voted=s1, raftlog=s1@group-3304ABEC3031-SegmentedRaftLog:OPENED:c-1,f-1,i0, conf=-1: [s3:0.0.0.0:44480, s4:0.0.0.0:36765, s0:0.0.0.0:35450, s1:0.0.0.0:44404, s2:0.0.0.0:36922], old=null
2019-09-24 17:09:33,236 DEBUG impl.RaftServerImpl (RaftServerImpl.java:requestVote(743)) - s3@group-3304ABEC3031: receive requestVote(s0, group-3304ABEC3031, 1, (t:0, i:0))
2019-09-24 17:09:33,236 DEBUG impl.RaftServerImpl (RaftServerImpl.java:requestVote(775)) - s3@group-3304ABEC3031 replies to vote request: s0<-s3#0:FAIL-t1. Peer's state: s3@group-3304ABEC3031:t1, leader=null, voted=s3, raftlog=s3@group-3304ABEC3031-SegmentedRaftLog:OPENED:c-1,f-1,i0, conf=-1: [s3:0.0.0.0:44480, s4:0.0.0.0:36765, s0:0.0.0.0:35450, s1:0.0.0.0:44404, s2:0.0.0.0:36922], old=null
2019-09-24 17:09:33,236 DEBUG impl.RaftServerImpl (RaftServerImpl.java:requestVote(743)) - s1@group-3304ABEC3031: receive requestVote(s3, group-3304ABEC3031, 1, (t:0, i:0))
2019-09-24 17:09:33,237 DEBUG impl.RaftServerImpl (RaftServerImpl.java:requestVote(775)) - s1@group-3304ABEC3031 replies to vote request: s3<-s1#0:FAIL-t1. Peer's state: s1@group-3304ABEC3031:t1, leader=null, voted=s1, raftlog=s1@group-3304ABEC3031-SegmentedRaftLog:OPENED:c-1,f-1,i0, conf=-1: [s3:0.0.0.0:44480, s4:0.0.0.0:36765, s0:0.0.0.0:35450, s1:0.0.0.0:44404, s2:0.0.0.0:36922], old=null
2019-09-24 17:09:33,239 DEBUG impl.RaftServerImpl (RaftServerImpl.java:requestVote(743)) - s2@group-3304ABEC3031: receive requestVote(s3, group-3304ABEC3031, 1, (t:0, i:0))
2019-09-24 17:09:33,239 DEBUG impl.RaftServerImpl (RaftServerImpl.java:requestVote(775)) - s2@group-3304ABEC3031 replies to vote request: s3<-s2#0:FAIL-t1. Peer's state: s2@group-3304ABEC3031:t1, leader=null, voted=s2, raftlog=s2@group-3304ABEC3031-SegmentedRaftLog:OPENED:c-1,f-1,i0, conf=-1: [s3:0.0.0.0:44480, s4:0.0.0.0:36765, s0:0.0.0.0:35450, s1:0.0.0.0:44404, s2:0.0.0.0:36922], old=null
2019-09-24 17:09:33,240 DEBUG impl.RaftServerImpl (RaftServerImpl.java:requestVote(743)) - s0@group-3304ABEC3031: receive requestVote(s1, group-3304ABEC3031, 1, (t:0, i:0))
2019-09-24 17:09:33,240 DEBUG impl.RaftServerImpl (RaftServerImpl.java:requestVote(775)) - s0@group-3304ABEC3031 replies to vote request: s1<-s0#0:FAIL-t1. Peer's state: s0@group-3304ABEC3031:t1, leader=null, voted=s0, raftlog=s0@group-3304ABEC3031-SegmentedRaftLog:OPENED:c-1,f-1,i0, conf=-1: [s3:0.0.0.0:44480, s4:0.0.0.0:36765, s0:0.0.0.0:35450, s1:0.0.0.0:44404, s2:0.0.0.0:36922], old=null
2019-09-24 17:09:33,242 DEBUG impl.RaftServerImpl (RaftServerImpl.java:requestVote(743)) - s4@group-3304ABEC3031: receive requestVote(s0, group-3304ABEC3031, 1, (t:0, i:0))
2019-09-24 17:09:33,242 INFO  impl.LeaderElection (LeaderElection.java:logAndReturn(56)) - s4@group-3304ABEC3031-LeaderElection1: Election REJECTED; received 4 response(s) [s4<-s3#0:FAIL-t1, s4<-s0#0:FAIL-t1, s4<-s1#0:FAIL-t1, s4<-s2#0:FAIL-t1] and 0 exception(s); s4@group-3304ABEC3031:t1, leader=null, voted=s4, raftlog=s4@group-3304ABEC3031-SegmentedRaftLog:OPENED:c-1,f-1,i0, conf=-1: [s3:0.0.0.0:44480, s4:0.0.0.0:36765, s0:0.0.0.0:35450, s1:0.0.0.0:44404, s2:0.0.0.0:36922], old=null
2019-09-24 17:09:33,243 DEBUG impl.RaftServerImpl (RaftServerImpl.java:requestVote(775)) - s4@group-3304ABEC3031 replies to vote request: s0<-s4#0:FAIL-t1. Peer's state: s4@group-3304ABEC3031:t1, leader=null, voted=s4, raftlog=s4@group-3304ABEC3031-SegmentedRaftLog:OPENED:c-1,f-1,i0, conf=-1: [s3:0.0.0.0:44480, s4:0.0.0.0:36765, s0:0.0.0.0:35450, s1:0.0.0.0:44404, s2:0.0.0.0:36922], old=null
2019-09-24 17:09:33,245 INFO  impl.LeaderElection (LeaderElection.java:logAndReturn(56)) - s2@group-3304ABEC3031-LeaderElection3: Election REJECTED; received 4 response(s) [s2<-s3#0:FAIL-t1, s2<-s4#0:FAIL-t1, s2<-s0#0:FAIL-t1, s2<-s1#0:FAIL-t1] and 0 exception(s); s2@group-3304ABEC3031:t1, leader=null, voted=s2, raftlog=s2@group-3304ABEC3031-SegmentedRaftLog:OPENED:c-1,f-1,i0, conf=-1: [s3:0.0.0.0:44480, s4:0.0.0.0:36765, s0:0.0.0.0:35450, s1:0.0.0.0:44404, s2:0.0.0.0:36922], old=null
2019-09-24 17:09:33,248 INFO  impl.RaftServerImpl (RaftServerImpl.java:setRole(170)) - s2@group-3304ABEC3031: changes role from CANDIDATE to FOLLOWER at term 1 for DISCOVERED_A_NEW_TERM
2019-09-24 17:09:33,248 INFO  impl.RaftServerImpl (RaftServerImpl.java:setRole(170)) - s4@group-3304ABEC3031: changes role from CANDIDATE to FOLLOWER at term 1 for DISCOVERED_A_NEW_TERM
2019-09-24 17:09:33,248 INFO  impl.RoleInfo (RoleInfo.java:shutdownLeaderElection(134)) - s2: shutdown LeaderElection
2019-09-24 17:09:33,248 INFO  impl.RoleInfo (RoleInfo.java:shutdownLeaderElection(134)) - s4: shutdown LeaderElection
2019-09-24 17:09:33,249 INFO  impl.RoleInfo (RoleInfo.java:updateAndGet(143)) - s2: start FollowerState
2019-09-24 17:09:33,249 INFO  impl.RoleInfo (RoleInfo.java:updateAndGet(143)) - s4: start FollowerState
2019-09-24 17:09:33,254 INFO  impl.LeaderElection (LeaderElection.java:logAndReturn(56)) - s1@group-3304ABEC3031-LeaderElection4: Election REJECTED; received 4 response(s) [s1<-s3#0:FAIL-t1, s1<-s4#0:FAIL-t1, s1<-s0#0:FAIL-t1, s1<-s2#0:FAIL-t1] and 0 exception(s); s1@group-3304ABEC3031:t1, leader=null, voted=s1, raftlog=s1@group-3304ABEC3031-SegmentedRaftLog:OPENED:c-1,f-1,i0, conf=-1: [s3:0.0.0.0:44480, s4:0.0.0.0:36765, s0:0.0.0.0:35450, s1:0.0.0.0:44404, s2:0.0.0.0:36922], old=null
2019-09-24 17:09:33,255 INFO  impl.RaftServerImpl (RaftServerImpl.java:setRole(170)) - s1@group-3304ABEC3031: changes role from CANDIDATE to FOLLOWER at term 1 for DISCOVERED_A_NEW_TERM
2019-09-24 17:09:33,256 INFO  impl.RoleInfo (RoleInfo.java:shutdownLeaderElection(134)) - s1: shutdown LeaderElection
2019-09-24 17:09:33,256 INFO  impl.RoleInfo (RoleInfo.java:updateAndGet(143)) - s1: start FollowerState
2019-09-24 17:09:33,256 INFO  impl.LeaderElection (LeaderElection.java:logAndReturn(56)) - s0@group-3304ABEC3031-LeaderElection2: Election REJECTED; received 4 response(s) [s0<-s3#0:FAIL-t1, s0<-s4#0:FAIL-t1, s0<-s1#0:FAIL-t1, s0<-s2#0:FAIL-t1] and 0 exception(s); s0@group-3304ABEC3031:t1, leader=null, voted=s0, raftlog=s0@group-3304ABEC3031-SegmentedRaftLog:OPENED:c-1,f-1,i0, conf=-1: [s3:0.0.0.0:44480, s4:0.0.0.0:36765, s0:0.0.0.0:35450, s1:0.0.0.0:44404, s2:0.0.0.0:36922], old=null
2019-09-24 17:09:33,257 INFO  impl.RaftServerImpl (RaftServerImpl.java:setRole(170)) - s0@group-3304ABEC3031: changes role from CANDIDATE to FOLLOWER at term 1 for DISCOVERED_A_NEW_TERM
2019-09-24 17:09:33,257 INFO  impl.RoleInfo (RoleInfo.java:shutdownLeaderElection(134)) - s0: shutdown LeaderElection
2019-09-24 17:09:33,258 INFO  impl.RoleInfo (RoleInfo.java:updateAndGet(143)) - s0: start FollowerState
2019-09-24 17:09:33,259 INFO  impl.LeaderElection (LeaderElection.java:logAndReturn(56)) - s3@group-3304ABEC3031-LeaderElection5: Election REJECTED; received 4 response(s) [s3<-s4#0:FAIL-t1, s3<-s0#0:FAIL-t1, s3<-s1#0:FAIL-t1, s3<-s2#0:FAIL-t1] and 0 exception(s); s3@group-3304ABEC3031:t1, leader=null, voted=s3, raftlog=s3@group-3304ABEC3031-SegmentedRaftLog:OPENED:c-1,f-1,i0, conf=-1: [s3:0.0.0.0:44480, s4:0.0.0.0:36765, s0:0.0.0.0:35450, s1:0.0.0.0:44404, s2:0.0.0.0:36922], old=null
2019-09-24 17:09:33,259 INFO  impl.RaftServerImpl (RaftServerImpl.java:setRole(170)) - s3@group-3304ABEC3031: changes role from CANDIDATE to FOLLOWER at term 1 for DISCOVERED_A_NEW_TERM
2019-09-24 17:09:33,259 INFO  impl.RoleInfo (RoleInfo.java:shutdownLeaderElection(134)) - s3: shutdown LeaderElection
2019-09-24 17:09:33,260 INFO  impl.RoleInfo (RoleInfo.java:updateAndGet(143)) - s3: start FollowerState
2019-09-24 17:09:33,264 WARN  ratis.RaftTestUtil (JavaUtils.java:attempt(158)) - FAILED "waitForLeader-null-(expectLeader? true)", attempt #2/100: java.lang.IllegalStateException: No leader yet : printing ALL groups
  s3:  RUNNING  FOLLOWER s3@group-3304ABEC3031:t1, leader=null, voted=s3, raftlog=s3@group-3304ABEC3031-SegmentedRaftLog:OPENED:c-1,f-1,i0, conf=-1: [s3:0.0.0.0:44480, s4:0.0.0.0:36765, s0:0.0.0.0:35450, s1:0.0.0.0:44404, s2:0.0.0.0:36922], old=null RUNNING
  s4:  RUNNING  FOLLOWER s4@group-3304ABEC3031:t1, leader=null, voted=s4, raftlog=s4@group-3304ABEC3031-SegmentedRaftLog:OPENED:c-1,f-1,i0, conf=-1: [s3:0.0.0.0:44480, s4:0.0.0.0:36765, s0:0.0.0.0:35450, s1:0.0.0.0:44404, s2:0.0.0.0:36922], old=null RUNNING
  s0:  RUNNING  FOLLOWER s0@group-3304ABEC3031:t1, leader=null, voted=s0, raftlog=s0@group-3304ABEC3031-SegmentedRaftLog:OPENED:c-1,f-1,i0, conf=-1: [s3:0.0.0.0:44480, s4:0.0.0.0:36765, s0:0.0.0.0:35450, s1:0.0.0.0:44404, s2:0.0.0.0:36922], old=null RUNNING
  s1:  RUNNING  FOLLOWER s1@group-3304ABEC3031:t1, leader=null, voted=s1, raftlog=s1@group-3304ABEC3031-SegmentedRaftLog:OPENED:c-1,f-1,i0, conf=-1: [s3:0.0.0.0:44480, s4:0.0.0.0:36765, s0:0.0.0.0:35450, s1:0.0.0.0:44404, s2:0.0.0.0:36922], old=null RUNNING
  s2:  RUNNING  FOLLOWER s2@group-3304ABEC3031:t1, leader=null, voted=s2, raftlog=s2@group-3304ABEC3031-SegmentedRaftLog:OPENED:c-1,f-1,i0, conf=-1: [s3:0.0.0.0:44480, s4:0.0.0.0:36765, s0:0.0.0.0:35450, s1:0.0.0.0:44404, s2:0.0.0.0:36922], old=null RUNNING, sleep 450ms and then retry.
java.lang.IllegalStateException: No leader yet : printing ALL groups
  s3:  RUNNING  FOLLOWER s3@group-3304ABEC3031:t1, leader=null, voted=s3, raftlog=s3@group-3304ABEC3031-SegmentedRaftLog:OPENED:c-1,f-1,i0, conf=-1: [s3:0.0.0.0:44480, s4:0.0.0.0:36765, s0:0.0.0.0:35450, s1:0.0.0.0:44404, s2:0.0.0.0:36922], old=null RUNNING
  s4:  RUNNING  FOLLOWER s4@group-3304ABEC3031:t1, leader=null, voted=s4, raftlog=s4@group-3304ABEC3031-SegmentedRaftLog:OPENED:c-1,f-1,i0, conf=-1: [s3:0.0.0.0:44480, s4:0.0.0.0:36765, s0:0.0.0.0:35450, s1:0.0.0.0:44404, s2:0.0.0.0:36922], old=null RUNNING
  s0:  RUNNING  FOLLOWER s0@group-3304ABEC3031:t1, leader=null, voted=s0, raftlog=s0@group-3304ABEC3031-SegmentedRaftLog:OPENED:c-1,f-1,i0, conf=-1: [s3:0.0.0.0:44480, s4:0.0.0.0:36765, s0:0.0.0.0:35450, s1:0.0.0.0:44404, s2:0.0.0.0:36922], old=null RUNNING
  s1:  RUNNING  FOLLOWER s1@group-3304ABEC3031:t1, leader=null, voted=s1, raftlog=s1@group-3304ABEC3031-SegmentedRaftLog:OPENED:c-1,f-1,i0, conf=-1: [s3:0.0.0.0:44480, s4:0.0.0.0:36765, s0:0.0.0.0:35450, s1:0.0.0.0:44404, s2:0.0.0.0:36922], old=null RUNNING
  s2:  RUNNING  FOLLOWER s2@group-3304ABEC3031:t1, leader=null, voted=s2, raftlog=s2@group-3304ABEC3031-SegmentedRaftLog:OPENED:c-1,f-1,i0, conf=-1: [s3:0.0.0.0:44480, s4:0.0.0.0:36765, s0:0.0.0.0:35450, s1:0.0.0.0:44404, s2:0.0.0.0:36922], old=null RUNNING
	at org.apache.ratis.MiniRaftCluster.newIllegalStateExceptionForNoLeaders(MiniRaftCluster.java:506)
	at org.apache.ratis.RaftTestUtil.lambda$waitForLeader$1(RaftTestUtil.java:90)
	at org.apache.ratis.MiniRaftCluster.getLeader(MiniRaftCluster.java:539)
	at org.apache.ratis.MiniRaftCluster.getLeader(MiniRaftCluster.java:532)
	at org.apache.ratis.RaftTestUtil.lambda$waitForLeader$3(RaftTestUtil.java:98)
	at org.apache.ratis.util.JavaUtils.attempt(JavaUtils.java:152)
	at org.apache.ratis.RaftTestUtil.waitForLeader(RaftTestUtil.java:97)
	at org.apache.ratis.RaftTestUtil.waitForLeader(RaftTestUtil.java:77)
	at org.apache.ratis.RaftTestUtil.waitForLeader(RaftTestUtil.java:72)
	at org.apache.ratis.server.impl.LeaderElectionTests.testEnforceLeader(LeaderElectionTests.java:95)
	at sun.reflect.NativeMethodAccessorImpl.invoke0(Native Method)
	at sun.reflect.NativeMethodAccessorImpl.invoke(NativeMethodAccessorImpl.java:62)
	at sun.reflect.DelegatingMethodAccessorImpl.invoke(DelegatingMethodAccessorImpl.java:43)
	at java.lang.reflect.Method.invoke(Method.java:498)
	at org.junit.runners.model.FrameworkMethod$1.runReflectiveCall(FrameworkMethod.java:50)
	at org.junit.internal.runners.model.ReflectiveCallable.run(ReflectiveCallable.java:12)
	at org.junit.runners.model.FrameworkMethod.invokeExplosively(FrameworkMethod.java:47)
	at org.junit.internal.runners.statements.InvokeMethod.evaluate(InvokeMethod.java:17)
	at org.junit.internal.runners.statements.RunAfters.evaluate(RunAfters.java:27)
	at org.junit.internal.runners.statements.FailOnTimeout$CallableStatement.call(FailOnTimeout.java:298)
	at org.junit.internal.runners.statements.FailOnTimeout$CallableStatement.call(FailOnTimeout.java:292)
	at java.util.concurrent.FutureTask.run(FutureTask.java:266)
	at java.lang.Thread.run(Thread.java:748)
2019-09-24 17:09:33,402 INFO  impl.FollowerState (FollowerState.java:run(108)) - s4@group-3304ABEC3031-FollowerState: change to CANDIDATE, lastRpcTime:153ms, electionTimeout:152ms
2019-09-24 17:09:33,403 INFO  impl.RoleInfo (RoleInfo.java:shutdownFollowerState(121)) - s4: shutdown FollowerState
2019-09-24 17:09:33,403 INFO  impl.RaftServerImpl (RaftServerImpl.java:setRole(170)) - s4@group-3304ABEC3031: changes role from  FOLLOWER to CANDIDATE at term 1 for changeToCandidate
2019-09-24 17:09:33,403 INFO  impl.RoleInfo (RoleInfo.java:updateAndGet(143)) - s4: start LeaderElection
2019-09-24 17:09:33,500 INFO  impl.FollowerState (FollowerState.java:run(108)) - s1@group-3304ABEC3031-FollowerState: change to CANDIDATE, lastRpcTime:244ms, electionTimeout:243ms
2019-09-24 17:09:33,501 INFO  impl.RoleInfo (RoleInfo.java:shutdownFollowerState(121)) - s1: shutdown FollowerState
2019-09-24 17:09:33,501 INFO  impl.RaftServerImpl (RaftServerImpl.java:setRole(170)) - s1@group-3304ABEC3031: changes role from  FOLLOWER to CANDIDATE at term 1 for changeToCandidate
2019-09-24 17:09:33,501 INFO  impl.RoleInfo (RoleInfo.java:updateAndGet(143)) - s1: start LeaderElection
2019-09-24 17:09:33,530 INFO  impl.FollowerState (FollowerState.java:run(108)) - s0@group-3304ABEC3031-FollowerState: change to CANDIDATE, lastRpcTime:272ms, electionTimeout:272ms
2019-09-24 17:09:33,531 INFO  impl.RoleInfo (RoleInfo.java:shutdownFollowerState(121)) - s0: shutdown FollowerState
2019-09-24 17:09:33,531 INFO  impl.RaftServerImpl (RaftServerImpl.java:setRole(170)) - s0@group-3304ABEC3031: changes role from  FOLLOWER to CANDIDATE at term 1 for changeToCandidate
2019-09-24 17:09:33,531 INFO  impl.RoleInfo (RoleInfo.java:updateAndGet(143)) - s0: start LeaderElection
2019-09-24 17:09:33,543 INFO  impl.FollowerState (FollowerState.java:run(108)) - s2@group-3304ABEC3031-FollowerState: change to CANDIDATE, lastRpcTime:293ms, electionTimeout:293ms
2019-09-24 17:09:33,543 INFO  impl.RoleInfo (RoleInfo.java:shutdownFollowerState(121)) - s2: shutdown FollowerState
2019-09-24 17:09:33,544 INFO  impl.RaftServerImpl (RaftServerImpl.java:setRole(170)) - s2@group-3304ABEC3031: changes role from  FOLLOWER to CANDIDATE at term 1 for changeToCandidate
2019-09-24 17:09:33,544 INFO  impl.RoleInfo (RoleInfo.java:updateAndGet(143)) - s2: start LeaderElection
2019-09-24 17:09:33,547 INFO  impl.LeaderElection (LeaderElection.java:askForVotes(178)) - s0@group-3304ABEC3031-LeaderElection8: begin an election at term 2 for -1: [s3:0.0.0.0:44480, s4:0.0.0.0:36765, s0:0.0.0.0:35450, s1:0.0.0.0:44404, s2:0.0.0.0:36922], old=null
2019-09-24 17:09:33,547 INFO  impl.LeaderElection (LeaderElection.java:askForVotes(178)) - s1@group-3304ABEC3031-LeaderElection7: begin an election at term 2 for -1: [s3:0.0.0.0:44480, s4:0.0.0.0:36765, s0:0.0.0.0:35450, s1:0.0.0.0:44404, s2:0.0.0.0:36922], old=null
2019-09-24 17:09:33,547 INFO  impl.LeaderElection (LeaderElection.java:askForVotes(178)) - s4@group-3304ABEC3031-LeaderElection6: begin an election at term 2 for -1: [s3:0.0.0.0:44480, s4:0.0.0.0:36765, s0:0.0.0.0:35450, s1:0.0.0.0:44404, s2:0.0.0.0:36922], old=null
2019-09-24 17:09:33,548 DEBUG impl.RaftServerImpl (RaftServerImpl.java:requestVote(743)) - s3@group-3304ABEC3031: receive requestVote(s0, group-3304ABEC3031, 2, (t:0, i:0))
2019-09-24 17:09:33,548 DEBUG impl.RaftServerImpl (RaftServerImpl.java:requestVote(743)) - s3@group-3304ABEC3031: receive requestVote(s1, group-3304ABEC3031, 2, (t:0, i:0))
2019-09-24 17:09:33,549 INFO  impl.RaftServerImpl (RaftServerImpl.java:setRole(170)) - s3@group-3304ABEC3031: changes role from  FOLLOWER to FOLLOWER at term 2 for recognizeCandidate:s0
2019-09-24 17:09:33,549 DEBUG impl.RaftServerImpl (RaftServerImpl.java:requestVote(743)) - s4@group-3304ABEC3031: receive requestVote(s1, group-3304ABEC3031, 2, (t:0, i:0))
2019-09-24 17:09:33,549 DEBUG impl.RaftServerImpl (RaftServerImpl.java:requestVote(743)) - s0@group-3304ABEC3031: receive requestVote(s4, group-3304ABEC3031, 2, (t:0, i:0))
2019-09-24 17:09:33,550 DEBUG impl.RaftServerImpl (RaftServerImpl.java:requestVote(775)) - s4@group-3304ABEC3031 replies to vote request: s1<-s4#0:FAIL-t2. Peer's state: s4@group-3304ABEC3031:t2, leader=null, voted=s4, raftlog=s4@group-3304ABEC3031-SegmentedRaftLog:OPENED:c-1,f-1,i0, conf=-1: [s3:0.0.0.0:44480, s4:0.0.0.0:36765, s0:0.0.0.0:35450, s1:0.0.0.0:44404, s2:0.0.0.0:36922], old=null
2019-09-24 17:09:33,549 DEBUG impl.RaftServerImpl (RaftServerImpl.java:requestVote(743)) - s3@group-3304ABEC3031: receive requestVote(s4, group-3304ABEC3031, 2, (t:0, i:0))
2019-09-24 17:09:33,549 DEBUG impl.RaftServerImpl (RaftServerImpl.java:requestVote(743)) - s4@group-3304ABEC3031: receive requestVote(s0, group-3304ABEC3031, 2, (t:0, i:0))
2019-09-24 17:09:33,550 DEBUG impl.RaftServerImpl (RaftServerImpl.java:requestVote(743)) - s2@group-3304ABEC3031: receive requestVote(s4, group-3304ABEC3031, 2, (t:0, i:0))
2019-09-24 17:09:33,550 DEBUG impl.RaftServerImpl (RaftServerImpl.java:requestVote(743)) - s2@group-3304ABEC3031: receive requestVote(s1, group-3304ABEC3031, 2, (t:0, i:0))
2019-09-24 17:09:33,550 DEBUG impl.RaftServerImpl (RaftServerImpl.java:requestVote(775)) - s0@group-3304ABEC3031 replies to vote request: s4<-s0#0:FAIL-t2. Peer's state: s0@group-3304ABEC3031:t2, leader=null, voted=s0, raftlog=s0@group-3304ABEC3031-SegmentedRaftLog:OPENED:c-1,f-1,i0, conf=-1: [s3:0.0.0.0:44480, s4:0.0.0.0:36765, s0:0.0.0.0:35450, s1:0.0.0.0:44404, s2:0.0.0.0:36922], old=null
2019-09-24 17:09:33,550 DEBUG impl.RaftServerImpl (RaftServerImpl.java:requestVote(743)) - s1@group-3304ABEC3031: receive requestVote(s4, group-3304ABEC3031, 2, (t:0, i:0))
2019-09-24 17:09:33,550 DEBUG impl.RaftServerImpl (RaftServerImpl.java:requestVote(743)) - s2@group-3304ABEC3031: receive requestVote(s0, group-3304ABEC3031, 2, (t:0, i:0))
2019-09-24 17:09:33,550 DEBUG impl.RaftServerImpl (RaftServerImpl.java:requestVote(743)) - s0@group-3304ABEC3031: receive requestVote(s1, group-3304ABEC3031, 2, (t:0, i:0))
2019-09-24 17:09:33,549 DEBUG impl.RaftServerImpl (RaftServerImpl.java:requestVote(743)) - s1@group-3304ABEC3031: receive requestVote(s0, group-3304ABEC3031, 2, (t:0, i:0))
2019-09-24 17:09:33,549 INFO  impl.RoleInfo (RoleInfo.java:shutdownFollowerState(121)) - s3: shutdown FollowerState
2019-09-24 17:09:33,552 DEBUG impl.RaftServerImpl (RaftServerImpl.java:requestVote(775)) - s0@group-3304ABEC3031 replies to vote request: s1<-s0#0:FAIL-t2. Peer's state: s0@group-3304ABEC3031:t2, leader=null, voted=s0, raftlog=s0@group-3304ABEC3031-SegmentedRaftLog:OPENED:c-1,f-1,i0, conf=-1: [s3:0.0.0.0:44480, s4:0.0.0.0:36765, s0:0.0.0.0:35450, s1:0.0.0.0:44404, s2:0.0.0.0:36922], old=null
2019-09-24 17:09:33,552 DEBUG impl.RaftServerImpl (RaftServerImpl.java:requestVote(775)) - s1@group-3304ABEC3031 replies to vote request: s4<-s1#0:FAIL-t2. Peer's state: s1@group-3304ABEC3031:t2, leader=null, voted=s1, raftlog=s1@group-3304ABEC3031-SegmentedRaftLog:OPENED:c-1,f-1,i0, conf=-1: [s3:0.0.0.0:44480, s4:0.0.0.0:36765, s0:0.0.0.0:35450, s1:0.0.0.0:44404, s2:0.0.0.0:36922], old=null
2019-09-24 17:09:33,551 DEBUG impl.RaftServerImpl (RaftServerImpl.java:requestVote(775)) - s4@group-3304ABEC3031 replies to vote request: s0<-s4#0:FAIL-t2. Peer's state: s4@group-3304ABEC3031:t2, leader=null, voted=s4, raftlog=s4@group-3304ABEC3031-SegmentedRaftLog:OPENED:c-1,f-1,i0, conf=-1: [s3:0.0.0.0:44480, s4:0.0.0.0:36765, s0:0.0.0.0:35450, s1:0.0.0.0:44404, s2:0.0.0.0:36922], old=null
2019-09-24 17:09:33,553 DEBUG impl.RaftServerImpl (RaftServerImpl.java:requestVote(775)) - s1@group-3304ABEC3031 replies to vote request: s0<-s1#0:FAIL-t2. Peer's state: s1@group-3304ABEC3031:t2, leader=null, voted=s1, raftlog=s1@group-3304ABEC3031-SegmentedRaftLog:OPENED:c-1,f-1,i0, conf=-1: [s3:0.0.0.0:44480, s4:0.0.0.0:36765, s0:0.0.0.0:35450, s1:0.0.0.0:44404, s2:0.0.0.0:36922], old=null
2019-09-24 17:09:33,552 INFO  impl.RoleInfo (RoleInfo.java:updateAndGet(143)) - s3: start FollowerState
2019-09-24 17:09:33,571 INFO  impl.LeaderElection (LeaderElection.java:askForVotes(178)) - s2@group-3304ABEC3031-LeaderElection9: begin an election at term 2 for -1: [s3:0.0.0.0:44480, s4:0.0.0.0:36765, s0:0.0.0.0:35450, s1:0.0.0.0:44404, s2:0.0.0.0:36922], old=null
2019-09-24 17:09:33,571 DEBUG impl.RaftServerImpl (RaftServerImpl.java:requestVote(775)) - s2@group-3304ABEC3031 replies to vote request: s0<-s2#0:FAIL-t2. Peer's state: s2@group-3304ABEC3031:t2, leader=null, voted=s2, raftlog=s2@group-3304ABEC3031-SegmentedRaftLog:OPENED:c-1,f-1,i0, conf=-1: [s3:0.0.0.0:44480, s4:0.0.0.0:36765, s0:0.0.0.0:35450, s1:0.0.0.0:44404, s2:0.0.0.0:36922], old=null
2019-09-24 17:09:33,571 DEBUG impl.RaftServerImpl (RaftServerImpl.java:requestVote(775)) - s3@group-3304ABEC3031 replies to vote request: s0<-s3#0:OK-t2. Peer's state: s3@group-3304ABEC3031:t2, leader=null, voted=s0, raftlog=s3@group-3304ABEC3031-SegmentedRaftLog:OPENED:c-1,f-1,i0, conf=-1: [s3:0.0.0.0:44480, s4:0.0.0.0:36765, s0:0.0.0.0:35450, s1:0.0.0.0:44404, s2:0.0.0.0:36922], old=null
2019-09-24 17:09:33,571 DEBUG impl.RaftServerImpl (RaftServerImpl.java:requestVote(775)) - s2@group-3304ABEC3031 replies to vote request: s1<-s2#0:FAIL-t2. Peer's state: s2@group-3304ABEC3031:t2, leader=null, voted=s2, raftlog=s2@group-3304ABEC3031-SegmentedRaftLog:OPENED:c-1,f-1,i0, conf=-1: [s3:0.0.0.0:44480, s4:0.0.0.0:36765, s0:0.0.0.0:35450, s1:0.0.0.0:44404, s2:0.0.0.0:36922], old=null
2019-09-24 17:09:33,571 DEBUG impl.RaftServerImpl (RaftServerImpl.java:requestVote(775)) - s3@group-3304ABEC3031 replies to vote request: s4<-s3#0:FAIL-t2. Peer's state: s3@group-3304ABEC3031:t2, leader=null, voted=s0, raftlog=s3@group-3304ABEC3031-SegmentedRaftLog:OPENED:c-1,f-1,i0, conf=-1: [s3:0.0.0.0:44480, s4:0.0.0.0:36765, s0:0.0.0.0:35450, s1:0.0.0.0:44404, s2:0.0.0.0:36922], old=null
2019-09-24 17:09:33,572 DEBUG impl.RaftServerImpl (RaftServerImpl.java:requestVote(775)) - s2@group-3304ABEC3031 replies to vote request: s4<-s2#0:FAIL-t2. Peer's state: s2@group-3304ABEC3031:t2, leader=null, voted=s2, raftlog=s2@group-3304ABEC3031-SegmentedRaftLog:OPENED:c-1,f-1,i0, conf=-1: [s3:0.0.0.0:44480, s4:0.0.0.0:36765, s0:0.0.0.0:35450, s1:0.0.0.0:44404, s2:0.0.0.0:36922], old=null
2019-09-24 17:09:33,573 DEBUG impl.RaftServerImpl (RaftServerImpl.java:requestVote(775)) - s3@group-3304ABEC3031 replies to vote request: s1<-s3#0:FAIL-t2. Peer's state: s3@group-3304ABEC3031:t2, leader=null, voted=s0, raftlog=s3@group-3304ABEC3031-SegmentedRaftLog:OPENED:c-1,f-1,i0, conf=-1: [s3:0.0.0.0:44480, s4:0.0.0.0:36765, s0:0.0.0.0:35450, s1:0.0.0.0:44404, s2:0.0.0.0:36922], old=null
2019-09-24 17:09:33,574 DEBUG impl.RaftServerImpl (RaftServerImpl.java:requestVote(743)) - s4@group-3304ABEC3031: receive requestVote(s2, group-3304ABEC3031, 2, (t:0, i:0))
2019-09-24 17:09:33,574 DEBUG impl.RaftServerImpl (RaftServerImpl.java:requestVote(743)) - s0@group-3304ABEC3031: receive requestVote(s2, group-3304ABEC3031, 2, (t:0, i:0))
2019-09-24 17:09:33,574 DEBUG impl.RaftServerImpl (RaftServerImpl.java:requestVote(775)) - s4@group-3304ABEC3031 replies to vote request: s2<-s4#0:FAIL-t2. Peer's state: s4@group-3304ABEC3031:t2, leader=null, voted=s4, raftlog=s4@group-3304ABEC3031-SegmentedRaftLog:OPENED:c-1,f-1,i0, conf=-1: [s3:0.0.0.0:44480, s4:0.0.0.0:36765, s0:0.0.0.0:35450, s1:0.0.0.0:44404, s2:0.0.0.0:36922], old=null
2019-09-24 17:09:33,574 DEBUG impl.RaftServerImpl (RaftServerImpl.java:requestVote(743)) - s1@group-3304ABEC3031: receive requestVote(s2, group-3304ABEC3031, 2, (t:0, i:0))
2019-09-24 17:09:33,574 DEBUG impl.RaftServerImpl (RaftServerImpl.java:requestVote(775)) - s0@group-3304ABEC3031 replies to vote request: s2<-s0#0:FAIL-t2. Peer's state: s0@group-3304ABEC3031:t2, leader=null, voted=s0, raftlog=s0@group-3304ABEC3031-SegmentedRaftLog:OPENED:c-1,f-1,i0, conf=-1: [s3:0.0.0.0:44480, s4:0.0.0.0:36765, s0:0.0.0.0:35450, s1:0.0.0.0:44404, s2:0.0.0.0:36922], old=null
2019-09-24 17:09:33,575 DEBUG impl.RaftServerImpl (RaftServerImpl.java:requestVote(775)) - s1@group-3304ABEC3031 replies to vote request: s2<-s1#0:FAIL-t2. Peer's state: s1@group-3304ABEC3031:t2, leader=null, voted=s1, raftlog=s1@group-3304ABEC3031-SegmentedRaftLog:OPENED:c-1,f-1,i0, conf=-1: [s3:0.0.0.0:44480, s4:0.0.0.0:36765, s0:0.0.0.0:35450, s1:0.0.0.0:44404, s2:0.0.0.0:36922], old=null
2019-09-24 17:09:33,582 DEBUG impl.RaftServerImpl (RaftServerImpl.java:requestVote(743)) - s3@group-3304ABEC3031: receive requestVote(s2, group-3304ABEC3031, 2, (t:0, i:0))
2019-09-24 17:09:33,582 DEBUG impl.RaftServerImpl (RaftServerImpl.java:requestVote(775)) - s3@group-3304ABEC3031 replies to vote request: s2<-s3#0:FAIL-t2. Peer's state: s3@group-3304ABEC3031:t2, leader=null, voted=s0, raftlog=s3@group-3304ABEC3031-SegmentedRaftLog:OPENED:c-1,f-1,i0, conf=-1: [s3:0.0.0.0:44480, s4:0.0.0.0:36765, s0:0.0.0.0:35450, s1:0.0.0.0:44404, s2:0.0.0.0:36922], old=null
2019-09-24 17:09:33,588 INFO  impl.LeaderElection (LeaderElection.java:logAndReturn(56)) - s0@group-3304ABEC3031-LeaderElection8: Election REJECTED; received 4 response(s) [s0<-s3#0:OK-t2, s0<-s4#0:FAIL-t2, s0<-s1#0:FAIL-t2, s0<-s2#0:FAIL-t2] and 0 exception(s); s0@group-3304ABEC3031:t2, leader=null, voted=s0, raftlog=s0@group-3304ABEC3031-SegmentedRaftLog:OPENED:c-1,f-1,i0, conf=-1: [s3:0.0.0.0:44480, s4:0.0.0.0:36765, s0:0.0.0.0:35450, s1:0.0.0.0:44404, s2:0.0.0.0:36922], old=null
2019-09-24 17:09:33,588 INFO  impl.RaftServerImpl (RaftServerImpl.java:setRole(170)) - s0@group-3304ABEC3031: changes role from CANDIDATE to FOLLOWER at term 2 for DISCOVERED_A_NEW_TERM
2019-09-24 17:09:33,589 INFO  impl.RoleInfo (RoleInfo.java:shutdownLeaderElection(134)) - s0: shutdown LeaderElection
2019-09-24 17:09:33,589 INFO  impl.RoleInfo (RoleInfo.java:updateAndGet(143)) - s0: start FollowerState
2019-09-24 17:09:33,590 INFO  impl.LeaderElection (LeaderElection.java:logAndReturn(56)) - s1@group-3304ABEC3031-LeaderElection7: Election REJECTED; received 4 response(s) [s1<-s3#0:FAIL-t2, s1<-s4#0:FAIL-t2, s1<-s0#0:FAIL-t2, s1<-s2#0:FAIL-t2] and 0 exception(s); s1@group-3304ABEC3031:t2, leader=null, voted=s1, raftlog=s1@group-3304ABEC3031-SegmentedRaftLog:OPENED:c-1,f-1,i0, conf=-1: [s3:0.0.0.0:44480, s4:0.0.0.0:36765, s0:0.0.0.0:35450, s1:0.0.0.0:44404, s2:0.0.0.0:36922], old=null
2019-09-24 17:09:33,592 INFO  impl.RaftServerImpl (RaftServerImpl.java:setRole(170)) - s1@group-3304ABEC3031: changes role from CANDIDATE to FOLLOWER at term 2 for DISCOVERED_A_NEW_TERM
2019-09-24 17:09:33,593 INFO  impl.RoleInfo (RoleInfo.java:shutdownLeaderElection(134)) - s1: shutdown LeaderElection
2019-09-24 17:09:33,593 INFO  impl.LeaderElection (LeaderElection.java:logAndReturn(56)) - s4@group-3304ABEC3031-LeaderElection6: Election REJECTED; received 4 response(s) [s4<-s3#0:FAIL-t2, s4<-s0#0:FAIL-t2, s4<-s1#0:FAIL-t2, s4<-s2#0:FAIL-t2] and 0 exception(s); s4@group-3304ABEC3031:t2, leader=null, voted=s4, raftlog=s4@group-3304ABEC3031-SegmentedRaftLog:OPENED:c-1,f-1,i0, conf=-1: [s3:0.0.0.0:44480, s4:0.0.0.0:36765, s0:0.0.0.0:35450, s1:0.0.0.0:44404, s2:0.0.0.0:36922], old=null
2019-09-24 17:09:33,593 INFO  impl.RoleInfo (RoleInfo.java:updateAndGet(143)) - s1: start FollowerState
2019-09-24 17:09:33,593 INFO  impl.RaftServerImpl (RaftServerImpl.java:setRole(170)) - s4@group-3304ABEC3031: changes role from CANDIDATE to FOLLOWER at term 2 for DISCOVERED_A_NEW_TERM
2019-09-24 17:09:33,594 INFO  impl.RoleInfo (RoleInfo.java:shutdownLeaderElection(134)) - s4: shutdown LeaderElection
2019-09-24 17:09:33,595 INFO  impl.RoleInfo (RoleInfo.java:updateAndGet(143)) - s4: start FollowerState
2019-09-24 17:09:33,602 INFO  impl.LeaderElection (LeaderElection.java:logAndReturn(56)) - s2@group-3304ABEC3031-LeaderElection9: Election REJECTED; received 4 response(s) [s2<-s3#0:FAIL-t2, s2<-s4#0:FAIL-t2, s2<-s0#0:FAIL-t2, s2<-s1#0:FAIL-t2] and 0 exception(s); s2@group-3304ABEC3031:t2, leader=null, voted=s2, raftlog=s2@group-3304ABEC3031-SegmentedRaftLog:OPENED:c-1,f-1,i0, conf=-1: [s3:0.0.0.0:44480, s4:0.0.0.0:36765, s0:0.0.0.0:35450, s1:0.0.0.0:44404, s2:0.0.0.0:36922], old=null
2019-09-24 17:09:33,603 INFO  impl.RaftServerImpl (RaftServerImpl.java:setRole(170)) - s2@group-3304ABEC3031: changes role from CANDIDATE to FOLLOWER at term 2 for DISCOVERED_A_NEW_TERM
2019-09-24 17:09:33,603 INFO  impl.RoleInfo (RoleInfo.java:shutdownLeaderElection(134)) - s2: shutdown LeaderElection
2019-09-24 17:09:33,604 INFO  impl.RoleInfo (RoleInfo.java:updateAndGet(143)) - s2: start FollowerState
2019-09-24 17:09:33,717 WARN  ratis.RaftTestUtil (JavaUtils.java:attempt(158)) - FAILED "waitForLeader-null-(expectLeader? true)", attempt #3/100: java.lang.IllegalStateException: No leader yet : printing ALL groups
  s3:  RUNNING  FOLLOWER s3@group-3304ABEC3031:t2, leader=null, voted=s0, raftlog=s3@group-3304ABEC3031-SegmentedRaftLog:OPENED:c-1,f-1,i0, conf=-1: [s3:0.0.0.0:44480, s4:0.0.0.0:36765, s0:0.0.0.0:35450, s1:0.0.0.0:44404, s2:0.0.0.0:36922], old=null RUNNING
  s4:  RUNNING  FOLLOWER s4@group-3304ABEC3031:t2, leader=null, voted=s4, raftlog=s4@group-3304ABEC3031-SegmentedRaftLog:OPENED:c-1,f-1,i0, conf=-1: [s3:0.0.0.0:44480, s4:0.0.0.0:36765, s0:0.0.0.0:35450, s1:0.0.0.0:44404, s2:0.0.0.0:36922], old=null RUNNING
  s0:  RUNNING  FOLLOWER s0@group-3304ABEC3031:t2, leader=null, voted=s0, raftlog=s0@group-3304ABEC3031-SegmentedRaftLog:OPENED:c-1,f-1,i0, conf=-1: [s3:0.0.0.0:44480, s4:0.0.0.0:36765, s0:0.0.0.0:35450, s1:0.0.0.0:44404, s2:0.0.0.0:36922], old=null RUNNING
  s1:  RUNNING  FOLLOWER s1@group-3304ABEC3031:t2, leader=null, voted=s1, raftlog=s1@group-3304ABEC3031-SegmentedRaftLog:OPENED:c-1,f-1,i0, conf=-1: [s3:0.0.0.0:44480, s4:0.0.0.0:36765, s0:0.0.0.0:35450, s1:0.0.0.0:44404, s2:0.0.0.0:36922], old=null RUNNING
  s2:  RUNNING  FOLLOWER s2@group-3304ABEC3031:t2, leader=null, voted=s2, raftlog=s2@group-3304ABEC3031-SegmentedRaftLog:OPENED:c-1,f-1,i0, conf=-1: [s3:0.0.0.0:44480, s4:0.0.0.0:36765, s0:0.0.0.0:35450, s1:0.0.0.0:44404, s2:0.0.0.0:36922], old=null RUNNING, sleep 450ms and then retry.
java.lang.IllegalStateException: No leader yet : printing ALL groups
  s3:  RUNNING  FOLLOWER s3@group-3304ABEC3031:t2, leader=null, voted=s0, raftlog=s3@group-3304ABEC3031-SegmentedRaftLog:OPENED:c-1,f-1,i0, conf=-1: [s3:0.0.0.0:44480, s4:0.0.0.0:36765, s0:0.0.0.0:35450, s1:0.0.0.0:44404, s2:0.0.0.0:36922], old=null RUNNING
  s4:  RUNNING  FOLLOWER s4@group-3304ABEC3031:t2, leader=null, voted=s4, raftlog=s4@group-3304ABEC3031-SegmentedRaftLog:OPENED:c-1,f-1,i0, conf=-1: [s3:0.0.0.0:44480, s4:0.0.0.0:36765, s0:0.0.0.0:35450, s1:0.0.0.0:44404, s2:0.0.0.0:36922], old=null RUNNING
  s0:  RUNNING  FOLLOWER s0@group-3304ABEC3031:t2, leader=null, voted=s0, raftlog=s0@group-3304ABEC3031-SegmentedRaftLog:OPENED:c-1,f-1,i0, conf=-1: [s3:0.0.0.0:44480, s4:0.0.0.0:36765, s0:0.0.0.0:35450, s1:0.0.0.0:44404, s2:0.0.0.0:36922], old=null RUNNING
  s1:  RUNNING  FOLLOWER s1@group-3304ABEC3031:t2, leader=null, voted=s1, raftlog=s1@group-3304ABEC3031-SegmentedRaftLog:OPENED:c-1,f-1,i0, conf=-1: [s3:0.0.0.0:44480, s4:0.0.0.0:36765, s0:0.0.0.0:35450, s1:0.0.0.0:44404, s2:0.0.0.0:36922], old=null RUNNING
  s2:  RUNNING  FOLLOWER s2@group-3304ABEC3031:t2, leader=null, voted=s2, raftlog=s2@group-3304ABEC3031-SegmentedRaftLog:OPENED:c-1,f-1,i0, conf=-1: [s3:0.0.0.0:44480, s4:0.0.0.0:36765, s0:0.0.0.0:35450, s1:0.0.0.0:44404, s2:0.0.0.0:36922], old=null RUNNING
	at org.apache.ratis.MiniRaftCluster.newIllegalStateExceptionForNoLeaders(MiniRaftCluster.java:506)
	at org.apache.ratis.RaftTestUtil.lambda$waitForLeader$1(RaftTestUtil.java:90)
	at org.apache.ratis.MiniRaftCluster.getLeader(MiniRaftCluster.java:539)
	at org.apache.ratis.MiniRaftCluster.getLeader(MiniRaftCluster.java:532)
	at org.apache.ratis.RaftTestUtil.lambda$waitForLeader$3(RaftTestUtil.java:98)
	at org.apache.ratis.util.JavaUtils.attempt(JavaUtils.java:152)
	at org.apache.ratis.RaftTestUtil.waitForLeader(RaftTestUtil.java:97)
	at org.apache.ratis.RaftTestUtil.waitForLeader(RaftTestUtil.java:77)
	at org.apache.ratis.RaftTestUtil.waitForLeader(RaftTestUtil.java:72)
	at org.apache.ratis.server.impl.LeaderElectionTests.testEnforceLeader(LeaderElectionTests.java:95)
	at sun.reflect.NativeMethodAccessorImpl.invoke0(Native Method)
	at sun.reflect.NativeMethodAccessorImpl.invoke(NativeMethodAccessorImpl.java:62)
	at sun.reflect.DelegatingMethodAccessorImpl.invoke(DelegatingMethodAccessorImpl.java:43)
	at java.lang.reflect.Method.invoke(Method.java:498)
	at org.junit.runners.model.FrameworkMethod$1.runReflectiveCall(FrameworkMethod.java:50)
	at org.junit.internal.runners.model.ReflectiveCallable.run(ReflectiveCallable.java:12)
	at org.junit.runners.model.FrameworkMethod.invokeExplosively(FrameworkMethod.java:47)
	at org.junit.internal.runners.statements.InvokeMethod.evaluate(InvokeMethod.java:17)
	at org.junit.internal.runners.statements.RunAfters.evaluate(RunAfters.java:27)
	at org.junit.internal.runners.statements.FailOnTimeout$CallableStatement.call(FailOnTimeout.java:298)
	at org.junit.internal.runners.statements.FailOnTimeout$CallableStatement.call(FailOnTimeout.java:292)
	at java.util.concurrent.FutureTask.run(FutureTask.java:266)
	at java.lang.Thread.run(Thread.java:748)
2019-09-24 17:09:33,785 INFO  impl.FollowerState (FollowerState.java:run(108)) - s0@group-3304ABEC3031-FollowerState: change to CANDIDATE, lastRpcTime:195ms, electionTimeout:195ms
2019-09-24 17:09:33,786 INFO  impl.RoleInfo (RoleInfo.java:shutdownFollowerState(121)) - s0: shutdown FollowerState
2019-09-24 17:09:33,786 INFO  impl.RaftServerImpl (RaftServerImpl.java:setRole(170)) - s0@group-3304ABEC3031: changes role from  FOLLOWER to CANDIDATE at term 2 for changeToCandidate
2019-09-24 17:09:33,786 INFO  impl.RoleInfo (RoleInfo.java:updateAndGet(143)) - s0: start LeaderElection
2019-09-24 17:09:33,796 INFO  impl.FollowerState (FollowerState.java:run(108)) - s2@group-3304ABEC3031-FollowerState: change to CANDIDATE, lastRpcTime:192ms, electionTimeout:191ms
2019-09-24 17:09:33,796 INFO  impl.RoleInfo (RoleInfo.java:shutdownFollowerState(121)) - s2: shutdown FollowerState
2019-09-24 17:09:33,797 INFO  impl.RaftServerImpl (RaftServerImpl.java:setRole(170)) - s2@group-3304ABEC3031: changes role from  FOLLOWER to CANDIDATE at term 2 for changeToCandidate
2019-09-24 17:09:33,797 INFO  impl.RoleInfo (RoleInfo.java:updateAndGet(143)) - s2: start LeaderElection
2019-09-24 17:09:33,825 INFO  impl.FollowerState (FollowerState.java:run(108)) - s4@group-3304ABEC3031-FollowerState: change to CANDIDATE, lastRpcTime:229ms, electionTimeout:229ms
2019-09-24 17:09:33,825 INFO  impl.RoleInfo (RoleInfo.java:shutdownFollowerState(121)) - s4: shutdown FollowerState
2019-09-24 17:09:33,825 INFO  impl.RaftServerImpl (RaftServerImpl.java:setRole(170)) - s4@group-3304ABEC3031: changes role from  FOLLOWER to CANDIDATE at term 2 for changeToCandidate
2019-09-24 17:09:33,826 INFO  impl.RoleInfo (RoleInfo.java:updateAndGet(143)) - s4: start LeaderElection
2019-09-24 17:09:33,841 INFO  impl.FollowerState (FollowerState.java:run(108)) - s1@group-3304ABEC3031-FollowerState: change to CANDIDATE, lastRpcTime:248ms, electionTimeout:247ms
2019-09-24 17:09:33,841 INFO  impl.RoleInfo (RoleInfo.java:shutdownFollowerState(121)) - s1: shutdown FollowerState
2019-09-24 17:09:33,842 INFO  impl.RaftServerImpl (RaftServerImpl.java:setRole(170)) - s1@group-3304ABEC3031: changes role from  FOLLOWER to CANDIDATE at term 2 for changeToCandidate
2019-09-24 17:09:33,842 INFO  impl.RoleInfo (RoleInfo.java:updateAndGet(143)) - s1: start LeaderElection
2019-09-24 17:09:33,846 INFO  impl.FollowerState (FollowerState.java:run(108)) - s3@group-3304ABEC3031-FollowerState: change to CANDIDATE, lastRpcTime:293ms, electionTimeout:292ms
2019-09-24 17:09:33,846 INFO  impl.RoleInfo (RoleInfo.java:shutdownFollowerState(121)) - s3: shutdown FollowerState
2019-09-24 17:09:33,846 INFO  impl.RaftServerImpl (RaftServerImpl.java:setRole(170)) - s3@group-3304ABEC3031: changes role from  FOLLOWER to CANDIDATE at term 2 for changeToCandidate
2019-09-24 17:09:33,847 INFO  impl.RoleInfo (RoleInfo.java:updateAndGet(143)) - s3: start LeaderElection
2019-09-24 17:09:34,045 INFO  impl.LeaderElection (LeaderElection.java:askForVotes(178)) - s4@group-3304ABEC3031-LeaderElection12: begin an election at term 3 for -1: [s3:0.0.0.0:44480, s4:0.0.0.0:36765, s0:0.0.0.0:35450, s1:0.0.0.0:44404, s2:0.0.0.0:36922], old=null
2019-09-24 17:09:34,045 INFO  impl.LeaderElection (LeaderElection.java:askForVotes(178)) - s3@group-3304ABEC3031-LeaderElection14: begin an election at term 3 for -1: [s3:0.0.0.0:44480, s4:0.0.0.0:36765, s0:0.0.0.0:35450, s1:0.0.0.0:44404, s2:0.0.0.0:36922], old=null
2019-09-24 17:09:34,045 INFO  impl.LeaderElection (LeaderElection.java:askForVotes(178)) - s2@group-3304ABEC3031-LeaderElection11: begin an election at term 3 for -1: [s3:0.0.0.0:44480, s4:0.0.0.0:36765, s0:0.0.0.0:35450, s1:0.0.0.0:44404, s2:0.0.0.0:36922], old=null
2019-09-24 17:09:34,045 INFO  impl.LeaderElection (LeaderElection.java:askForVotes(178)) - s0@group-3304ABEC3031-LeaderElection10: begin an election at term 3 for -1: [s3:0.0.0.0:44480, s4:0.0.0.0:36765, s0:0.0.0.0:35450, s1:0.0.0.0:44404, s2:0.0.0.0:36922], old=null
2019-09-24 17:09:34,045 INFO  impl.LeaderElection (LeaderElection.java:askForVotes(178)) - s1@group-3304ABEC3031-LeaderElection13: begin an election at term 3 for -1: [s3:0.0.0.0:44480, s4:0.0.0.0:36765, s0:0.0.0.0:35450, s1:0.0.0.0:44404, s2:0.0.0.0:36922], old=null
2019-09-24 17:09:34,046 DEBUG impl.RaftServerImpl (RaftServerImpl.java:requestVote(743)) - s3@group-3304ABEC3031: receive requestVote(s4, group-3304ABEC3031, 3, (t:0, i:0))
2019-09-24 17:09:34,046 DEBUG impl.RaftServerImpl (RaftServerImpl.java:requestVote(743)) - s4@group-3304ABEC3031: receive requestVote(s3, group-3304ABEC3031, 3, (t:0, i:0))
2019-09-24 17:09:34,046 DEBUG impl.RaftServerImpl (RaftServerImpl.java:requestVote(743)) - s3@group-3304ABEC3031: receive requestVote(s2, group-3304ABEC3031, 3, (t:0, i:0))
2019-09-24 17:09:34,047 DEBUG impl.RaftServerImpl (RaftServerImpl.java:requestVote(743)) - s3@group-3304ABEC3031: receive requestVote(s0, group-3304ABEC3031, 3, (t:0, i:0))
2019-09-24 17:09:34,047 DEBUG impl.RaftServerImpl (RaftServerImpl.java:requestVote(775)) - s3@group-3304ABEC3031 replies to vote request: s4<-s3#0:FAIL-t3. Peer's state: s3@group-3304ABEC3031:t3, leader=null, voted=s3, raftlog=s3@group-3304ABEC3031-SegmentedRaftLog:OPENED:c-1,f-1,i0, conf=-1: [s3:0.0.0.0:44480, s4:0.0.0.0:36765, s0:0.0.0.0:35450, s1:0.0.0.0:44404, s2:0.0.0.0:36922], old=null
2019-09-24 17:09:34,047 DEBUG impl.RaftServerImpl (RaftServerImpl.java:requestVote(743)) - s0@group-3304ABEC3031: receive requestVote(s3, group-3304ABEC3031, 3, (t:0, i:0))
2019-09-24 17:09:34,047 DEBUG impl.RaftServerImpl (RaftServerImpl.java:requestVote(775)) - s3@group-3304ABEC3031 replies to vote request: s0<-s3#0:FAIL-t3. Peer's state: s3@group-3304ABEC3031:t3, leader=null, voted=s3, raftlog=s3@group-3304ABEC3031-SegmentedRaftLog:OPENED:c-1,f-1,i0, conf=-1: [s3:0.0.0.0:44480, s4:0.0.0.0:36765, s0:0.0.0.0:35450, s1:0.0.0.0:44404, s2:0.0.0.0:36922], old=null
2019-09-24 17:09:34,048 DEBUG impl.RaftServerImpl (RaftServerImpl.java:requestVote(743)) - s2@group-3304ABEC3031: receive requestVote(s0, group-3304ABEC3031, 3, (t:0, i:0))
2019-09-24 17:09:34,046 DEBUG impl.RaftServerImpl (RaftServerImpl.java:requestVote(743)) - s0@group-3304ABEC3031: receive requestVote(s4, group-3304ABEC3031, 3, (t:0, i:0))
2019-09-24 17:09:34,048 DEBUG impl.RaftServerImpl (RaftServerImpl.java:requestVote(775)) - s2@group-3304ABEC3031 replies to vote request: s0<-s2#0:FAIL-t3. Peer's state: s2@group-3304ABEC3031:t3, leader=null, voted=s2, raftlog=s2@group-3304ABEC3031-SegmentedRaftLog:OPENED:c-1,f-1,i0, conf=-1: [s3:0.0.0.0:44480, s4:0.0.0.0:36765, s0:0.0.0.0:35450, s1:0.0.0.0:44404, s2:0.0.0.0:36922], old=null
2019-09-24 17:09:34,048 DEBUG impl.RaftServerImpl (RaftServerImpl.java:requestVote(743)) - s0@group-3304ABEC3031: receive requestVote(s2, group-3304ABEC3031, 3, (t:0, i:0))
2019-09-24 17:09:34,048 DEBUG impl.RaftServerImpl (RaftServerImpl.java:requestVote(743)) - s1@group-3304ABEC3031: receive requestVote(s3, group-3304ABEC3031, 3, (t:0, i:0))
2019-09-24 17:09:34,048 DEBUG impl.RaftServerImpl (RaftServerImpl.java:requestVote(775)) - s3@group-3304ABEC3031 replies to vote request: s2<-s3#0:FAIL-t3. Peer's state: s3@group-3304ABEC3031:t3, leader=null, voted=s3, raftlog=s3@group-3304ABEC3031-SegmentedRaftLog:OPENED:c-1,f-1,i0, conf=-1: [s3:0.0.0.0:44480, s4:0.0.0.0:36765, s0:0.0.0.0:35450, s1:0.0.0.0:44404, s2:0.0.0.0:36922], old=null
2019-09-24 17:09:34,047 DEBUG impl.RaftServerImpl (RaftServerImpl.java:requestVote(743)) - s1@group-3304ABEC3031: receive requestVote(s0, group-3304ABEC3031, 3, (t:0, i:0))
2019-09-24 17:09:34,047 DEBUG impl.RaftServerImpl (RaftServerImpl.java:requestVote(775)) - s0@group-3304ABEC3031 replies to vote request: s3<-s0#0:FAIL-t3. Peer's state: s0@group-3304ABEC3031:t3, leader=null, voted=s0, raftlog=s0@group-3304ABEC3031-SegmentedRaftLog:OPENED:c-1,f-1,i0, conf=-1: [s3:0.0.0.0:44480, s4:0.0.0.0:36765, s0:0.0.0.0:35450, s1:0.0.0.0:44404, s2:0.0.0.0:36922], old=null
2019-09-24 17:09:34,047 DEBUG impl.RaftServerImpl (RaftServerImpl.java:requestVote(743)) - s1@group-3304ABEC3031: receive requestVote(s4, group-3304ABEC3031, 3, (t:0, i:0))
2019-09-24 17:09:34,047 DEBUG impl.RaftServerImpl (RaftServerImpl.java:requestVote(743)) - s4@group-3304ABEC3031: receive requestVote(s1, group-3304ABEC3031, 3, (t:0, i:0))
2019-09-24 17:09:34,047 DEBUG impl.RaftServerImpl (RaftServerImpl.java:requestVote(743)) - s4@group-3304ABEC3031: receive requestVote(s2, group-3304ABEC3031, 3, (t:0, i:0))
2019-09-24 17:09:34,047 DEBUG impl.RaftServerImpl (RaftServerImpl.java:requestVote(775)) - s4@group-3304ABEC3031 replies to vote request: s3<-s4#0:FAIL-t3. Peer's state: s4@group-3304ABEC3031:t3, leader=null, voted=s4, raftlog=s4@group-3304ABEC3031-SegmentedRaftLog:OPENED:c-1,f-1,i0, conf=-1: [s3:0.0.0.0:44480, s4:0.0.0.0:36765, s0:0.0.0.0:35450, s1:0.0.0.0:44404, s2:0.0.0.0:36922], old=null
2019-09-24 17:09:34,049 DEBUG impl.RaftServerImpl (RaftServerImpl.java:requestVote(743)) - s2@group-3304ABEC3031: receive requestVote(s3, group-3304ABEC3031, 3, (t:0, i:0))
2019-09-24 17:09:34,050 DEBUG impl.RaftServerImpl (RaftServerImpl.java:requestVote(775)) - s4@group-3304ABEC3031 replies to vote request: s2<-s4#0:FAIL-t3. Peer's state: s4@group-3304ABEC3031:t3, leader=null, voted=s4, raftlog=s4@group-3304ABEC3031-SegmentedRaftLog:OPENED:c-1,f-1,i0, conf=-1: [s3:0.0.0.0:44480, s4:0.0.0.0:36765, s0:0.0.0.0:35450, s1:0.0.0.0:44404, s2:0.0.0.0:36922], old=null
2019-09-24 17:09:34,049 DEBUG impl.RaftServerImpl (RaftServerImpl.java:requestVote(775)) - s0@group-3304ABEC3031 replies to vote request: s2<-s0#0:FAIL-t3. Peer's state: s0@group-3304ABEC3031:t3, leader=null, voted=s0, raftlog=s0@group-3304ABEC3031-SegmentedRaftLog:OPENED:c-1,f-1,i0, conf=-1: [s3:0.0.0.0:44480, s4:0.0.0.0:36765, s0:0.0.0.0:35450, s1:0.0.0.0:44404, s2:0.0.0.0:36922], old=null
2019-09-24 17:09:34,049 DEBUG impl.RaftServerImpl (RaftServerImpl.java:requestVote(775)) - s1@group-3304ABEC3031 replies to vote request: s3<-s1#0:FAIL-t3. Peer's state: s1@group-3304ABEC3031:t3, leader=null, voted=s1, raftlog=s1@group-3304ABEC3031-SegmentedRaftLog:OPENED:c-1,f-1,i0, conf=-1: [s3:0.0.0.0:44480, s4:0.0.0.0:36765, s0:0.0.0.0:35450, s1:0.0.0.0:44404, s2:0.0.0.0:36922], old=null
2019-09-24 17:09:34,048 DEBUG impl.RaftServerImpl (RaftServerImpl.java:requestVote(743)) - s2@group-3304ABEC3031: receive requestVote(s1, group-3304ABEC3031, 3, (t:0, i:0))
2019-09-24 17:09:34,051 DEBUG impl.RaftServerImpl (RaftServerImpl.java:requestVote(775)) - s1@group-3304ABEC3031 replies to vote request: s4<-s1#0:FAIL-t3. Peer's state: s1@group-3304ABEC3031:t3, leader=null, voted=s1, raftlog=s1@group-3304ABEC3031-SegmentedRaftLog:OPENED:c-1,f-1,i0, conf=-1: [s3:0.0.0.0:44480, s4:0.0.0.0:36765, s0:0.0.0.0:35450, s1:0.0.0.0:44404, s2:0.0.0.0:36922], old=null
2019-09-24 17:09:34,051 DEBUG impl.RaftServerImpl (RaftServerImpl.java:requestVote(775)) - s0@group-3304ABEC3031 replies to vote request: s4<-s0#0:FAIL-t3. Peer's state: s0@group-3304ABEC3031:t3, leader=null, voted=s0, raftlog=s0@group-3304ABEC3031-SegmentedRaftLog:OPENED:c-1,f-1,i0, conf=-1: [s3:0.0.0.0:44480, s4:0.0.0.0:36765, s0:0.0.0.0:35450, s1:0.0.0.0:44404, s2:0.0.0.0:36922], old=null
2019-09-24 17:09:34,050 DEBUG impl.RaftServerImpl (RaftServerImpl.java:requestVote(775)) - s4@group-3304ABEC3031 replies to vote request: s1<-s4#0:FAIL-t3. Peer's state: s4@group-3304ABEC3031:t3, leader=null, voted=s4, raftlog=s4@group-3304ABEC3031-SegmentedRaftLog:OPENED:c-1,f-1,i0, conf=-1: [s3:0.0.0.0:44480, s4:0.0.0.0:36765, s0:0.0.0.0:35450, s1:0.0.0.0:44404, s2:0.0.0.0:36922], old=null
2019-09-24 17:09:34,050 DEBUG impl.RaftServerImpl (RaftServerImpl.java:requestVote(775)) - s2@group-3304ABEC3031 replies to vote request: s3<-s2#0:FAIL-t3. Peer's state: s2@group-3304ABEC3031:t3, leader=null, voted=s2, raftlog=s2@group-3304ABEC3031-SegmentedRaftLog:OPENED:c-1,f-1,i0, conf=-1: [s3:0.0.0.0:44480, s4:0.0.0.0:36765, s0:0.0.0.0:35450, s1:0.0.0.0:44404, s2:0.0.0.0:36922], old=null
2019-09-24 17:09:34,051 DEBUG impl.RaftServerImpl (RaftServerImpl.java:requestVote(775)) - s1@group-3304ABEC3031 replies to vote request: s0<-s1#0:FAIL-t3. Peer's state: s1@group-3304ABEC3031:t3, leader=null, voted=s1, raftlog=s1@group-3304ABEC3031-SegmentedRaftLog:OPENED:c-1,f-1,i0, conf=-1: [s3:0.0.0.0:44480, s4:0.0.0.0:36765, s0:0.0.0.0:35450, s1:0.0.0.0:44404, s2:0.0.0.0:36922], old=null
2019-09-24 17:09:34,052 DEBUG impl.RaftServerImpl (RaftServerImpl.java:requestVote(775)) - s2@group-3304ABEC3031 replies to vote request: s1<-s2#0:FAIL-t3. Peer's state: s2@group-3304ABEC3031:t3, leader=null, voted=s2, raftlog=s2@group-3304ABEC3031-SegmentedRaftLog:OPENED:c-1,f-1,i0, conf=-1: [s3:0.0.0.0:44480, s4:0.0.0.0:36765, s0:0.0.0.0:35450, s1:0.0.0.0:44404, s2:0.0.0.0:36922], old=null
2019-09-24 17:09:34,059 DEBUG impl.RaftServerImpl (RaftServerImpl.java:requestVote(743)) - s3@group-3304ABEC3031: receive requestVote(s1, group-3304ABEC3031, 3, (t:0, i:0))
2019-09-24 17:09:34,060 DEBUG impl.RaftServerImpl (RaftServerImpl.java:requestVote(775)) - s3@group-3304ABEC3031 replies to vote request: s1<-s3#0:FAIL-t3. Peer's state: s3@group-3304ABEC3031:t3, leader=null, voted=s3, raftlog=s3@group-3304ABEC3031-SegmentedRaftLog:OPENED:c-1,f-1,i0, conf=-1: [s3:0.0.0.0:44480, s4:0.0.0.0:36765, s0:0.0.0.0:35450, s1:0.0.0.0:44404, s2:0.0.0.0:36922], old=null
2019-09-24 17:09:34,061 DEBUG impl.RaftServerImpl (RaftServerImpl.java:requestVote(743)) - s4@group-3304ABEC3031: receive requestVote(s0, group-3304ABEC3031, 3, (t:0, i:0))
2019-09-24 17:09:34,061 DEBUG impl.RaftServerImpl (RaftServerImpl.java:requestVote(775)) - s4@group-3304ABEC3031 replies to vote request: s0<-s4#0:FAIL-t3. Peer's state: s4@group-3304ABEC3031:t3, leader=null, voted=s4, raftlog=s4@group-3304ABEC3031-SegmentedRaftLog:OPENED:c-1,f-1,i0, conf=-1: [s3:0.0.0.0:44480, s4:0.0.0.0:36765, s0:0.0.0.0:35450, s1:0.0.0.0:44404, s2:0.0.0.0:36922], old=null
2019-09-24 17:09:34,063 DEBUG impl.RaftServerImpl (RaftServerImpl.java:requestVote(743)) - s2@group-3304ABEC3031: receive requestVote(s4, group-3304ABEC3031, 3, (t:0, i:0))
2019-09-24 17:09:34,063 DEBUG impl.RaftServerImpl (RaftServerImpl.java:requestVote(775)) - s2@group-3304ABEC3031 replies to vote request: s4<-s2#0:FAIL-t3. Peer's state: s2@group-3304ABEC3031:t3, leader=null, voted=s2, raftlog=s2@group-3304ABEC3031-SegmentedRaftLog:OPENED:c-1,f-1,i0, conf=-1: [s3:0.0.0.0:44480, s4:0.0.0.0:36765, s0:0.0.0.0:35450, s1:0.0.0.0:44404, s2:0.0.0.0:36922], old=null
2019-09-24 17:09:34,067 DEBUG impl.RaftServerImpl (RaftServerImpl.java:requestVote(743)) - s0@group-3304ABEC3031: receive requestVote(s1, group-3304ABEC3031, 3, (t:0, i:0))
2019-09-24 17:09:34,067 DEBUG impl.RaftServerImpl (RaftServerImpl.java:requestVote(775)) - s0@group-3304ABEC3031 replies to vote request: s1<-s0#0:FAIL-t3. Peer's state: s0@group-3304ABEC3031:t3, leader=null, voted=s0, raftlog=s0@group-3304ABEC3031-SegmentedRaftLog:OPENED:c-1,f-1,i0, conf=-1: [s3:0.0.0.0:44480, s4:0.0.0.0:36765, s0:0.0.0.0:35450, s1:0.0.0.0:44404, s2:0.0.0.0:36922], old=null
2019-09-24 17:09:34,068 DEBUG impl.RaftServerImpl (RaftServerImpl.java:requestVote(743)) - s1@group-3304ABEC3031: receive requestVote(s2, group-3304ABEC3031, 3, (t:0, i:0))
2019-09-24 17:09:34,069 DEBUG impl.RaftServerImpl (RaftServerImpl.java:requestVote(775)) - s1@group-3304ABEC3031 replies to vote request: s2<-s1#0:FAIL-t3. Peer's state: s1@group-3304ABEC3031:t3, leader=null, voted=s1, raftlog=s1@group-3304ABEC3031-SegmentedRaftLog:OPENED:c-1,f-1,i0, conf=-1: [s3:0.0.0.0:44480, s4:0.0.0.0:36765, s0:0.0.0.0:35450, s1:0.0.0.0:44404, s2:0.0.0.0:36922], old=null
2019-09-24 17:09:34,071 INFO  impl.LeaderElection (LeaderElection.java:logAndReturn(56)) - s3@group-3304ABEC3031-LeaderElection14: Election REJECTED; received 4 response(s) [s3<-s4#0:FAIL-t3, s3<-s0#0:FAIL-t3, s3<-s1#0:FAIL-t3, s3<-s2#0:FAIL-t3] and 0 exception(s); s3@group-3304ABEC3031:t3, leader=null, voted=s3, raftlog=s3@group-3304ABEC3031-SegmentedRaftLog:OPENED:c-1,f-1,i0, conf=-1: [s3:0.0.0.0:44480, s4:0.0.0.0:36765, s0:0.0.0.0:35450, s1:0.0.0.0:44404, s2:0.0.0.0:36922], old=null
2019-09-24 17:09:34,072 INFO  impl.RaftServerImpl (RaftServerImpl.java:setRole(170)) - s3@group-3304ABEC3031: changes role from CANDIDATE to FOLLOWER at term 3 for DISCOVERED_A_NEW_TERM
2019-09-24 17:09:34,072 INFO  impl.RoleInfo (RoleInfo.java:shutdownLeaderElection(134)) - s3: shutdown LeaderElection
2019-09-24 17:09:34,072 INFO  impl.RoleInfo (RoleInfo.java:updateAndGet(143)) - s3: start FollowerState
2019-09-24 17:09:34,079 INFO  impl.LeaderElection (LeaderElection.java:logAndReturn(56)) - s1@group-3304ABEC3031-LeaderElection13: Election REJECTED; received 4 response(s) [s1<-s3#0:FAIL-t3, s1<-s4#0:FAIL-t3, s1<-s0#0:FAIL-t3, s1<-s2#0:FAIL-t3] and 0 exception(s); s1@group-3304ABEC3031:t3, leader=null, voted=s1, raftlog=s1@group-3304ABEC3031-SegmentedRaftLog:OPENED:c-1,f-1,i0, conf=-1: [s3:0.0.0.0:44480, s4:0.0.0.0:36765, s0:0.0.0.0:35450, s1:0.0.0.0:44404, s2:0.0.0.0:36922], old=null
2019-09-24 17:09:34,080 INFO  impl.LeaderElection (LeaderElection.java:logAndReturn(56)) - s4@group-3304ABEC3031-LeaderElection12: Election REJECTED; received 4 response(s) [s4<-s3#0:FAIL-t3, s4<-s0#0:FAIL-t3, s4<-s1#0:FAIL-t3, s4<-s2#0:FAIL-t3] and 0 exception(s); s4@group-3304ABEC3031:t3, leader=null, voted=s4, raftlog=s4@group-3304ABEC3031-SegmentedRaftLog:OPENED:c-1,f-1,i0, conf=-1: [s3:0.0.0.0:44480, s4:0.0.0.0:36765, s0:0.0.0.0:35450, s1:0.0.0.0:44404, s2:0.0.0.0:36922], old=null
2019-09-24 17:09:34,080 INFO  impl.RaftServerImpl (RaftServerImpl.java:setRole(170)) - s1@group-3304ABEC3031: changes role from CANDIDATE to FOLLOWER at term 3 for DISCOVERED_A_NEW_TERM
2019-09-24 17:09:34,080 INFO  impl.RoleInfo (RoleInfo.java:shutdownLeaderElection(134)) - s1: shutdown LeaderElection
2019-09-24 17:09:34,080 INFO  impl.LeaderElection (LeaderElection.java:logAndReturn(56)) - s0@group-3304ABEC3031-LeaderElection10: Election REJECTED; received 4 response(s) [s0<-s3#0:FAIL-t3, s0<-s4#0:FAIL-t3, s0<-s1#0:FAIL-t3, s0<-s2#0:FAIL-t3] and 0 exception(s); s0@group-3304ABEC3031:t3, leader=null, voted=s0, raftlog=s0@group-3304ABEC3031-SegmentedRaftLog:OPENED:c-1,f-1,i0, conf=-1: [s3:0.0.0.0:44480, s4:0.0.0.0:36765, s0:0.0.0.0:35450, s1:0.0.0.0:44404, s2:0.0.0.0:36922], old=null
2019-09-24 17:09:34,081 INFO  impl.RoleInfo (RoleInfo.java:updateAndGet(143)) - s1: start FollowerState
2019-09-24 17:09:34,081 INFO  impl.RaftServerImpl (RaftServerImpl.java:setRole(170)) - s4@group-3304ABEC3031: changes role from CANDIDATE to FOLLOWER at term 3 for DISCOVERED_A_NEW_TERM
2019-09-24 17:09:34,082 INFO  impl.RaftServerImpl (RaftServerImpl.java:setRole(170)) - s0@group-3304ABEC3031: changes role from CANDIDATE to FOLLOWER at term 3 for DISCOVERED_A_NEW_TERM
2019-09-24 17:09:34,082 INFO  impl.LeaderElection (LeaderElection.java:logAndReturn(56)) - s2@group-3304ABEC3031-LeaderElection11: Election REJECTED; received 4 response(s) [s2<-s3#0:FAIL-t3, s2<-s4#0:FAIL-t3, s2<-s0#0:FAIL-t3, s2<-s1#0:FAIL-t3] and 0 exception(s); s2@group-3304ABEC3031:t3, leader=null, voted=s2, raftlog=s2@group-3304ABEC3031-SegmentedRaftLog:OPENED:c-1,f-1,i0, conf=-1: [s3:0.0.0.0:44480, s4:0.0.0.0:36765, s0:0.0.0.0:35450, s1:0.0.0.0:44404, s2:0.0.0.0:36922], old=null
2019-09-24 17:09:34,082 INFO  impl.RoleInfo (RoleInfo.java:shutdownLeaderElection(134)) - s4: shutdown LeaderElection
2019-09-24 17:09:34,083 INFO  impl.RaftServerImpl (RaftServerImpl.java:setRole(170)) - s2@group-3304ABEC3031: changes role from CANDIDATE to FOLLOWER at term 3 for DISCOVERED_A_NEW_TERM
2019-09-24 17:09:34,083 INFO  impl.RoleInfo (RoleInfo.java:shutdownLeaderElection(134)) - s0: shutdown LeaderElection
2019-09-24 17:09:34,084 INFO  impl.RoleInfo (RoleInfo.java:shutdownLeaderElection(134)) - s2: shutdown LeaderElection
2019-09-24 17:09:34,083 INFO  impl.RoleInfo (RoleInfo.java:updateAndGet(143)) - s4: start FollowerState
2019-09-24 17:09:34,084 INFO  impl.RoleInfo (RoleInfo.java:updateAndGet(143)) - s2: start FollowerState
2019-09-24 17:09:34,084 INFO  impl.RoleInfo (RoleInfo.java:updateAndGet(143)) - s0: start FollowerState
2019-09-24 17:09:34,169 WARN  ratis.RaftTestUtil (JavaUtils.java:attempt(158)) - FAILED "waitForLeader-null-(expectLeader? true)", attempt #4/100: java.lang.IllegalStateException: No leader yet : printing ALL groups
  s3:  RUNNING  FOLLOWER s3@group-3304ABEC3031:t3, leader=null, voted=s3, raftlog=s3@group-3304ABEC3031-SegmentedRaftLog:OPENED:c-1,f-1,i0, conf=-1: [s3:0.0.0.0:44480, s4:0.0.0.0:36765, s0:0.0.0.0:35450, s1:0.0.0.0:44404, s2:0.0.0.0:36922], old=null RUNNING
  s4:  RUNNING  FOLLOWER s4@group-3304ABEC3031:t3, leader=null, voted=s4, raftlog=s4@group-3304ABEC3031-SegmentedRaftLog:OPENED:c-1,f-1,i0, conf=-1: [s3:0.0.0.0:44480, s4:0.0.0.0:36765, s0:0.0.0.0:35450, s1:0.0.0.0:44404, s2:0.0.0.0:36922], old=null RUNNING
  s0:  RUNNING  FOLLOWER s0@group-3304ABEC3031:t3, leader=null, voted=s0, raftlog=s0@group-3304ABEC3031-SegmentedRaftLog:OPENED:c-1,f-1,i0, conf=-1: [s3:0.0.0.0:44480, s4:0.0.0.0:36765, s0:0.0.0.0:35450, s1:0.0.0.0:44404, s2:0.0.0.0:36922], old=null RUNNING
  s1:  RUNNING  FOLLOWER s1@group-3304ABEC3031:t3, leader=null, voted=s1, raftlog=s1@group-3304ABEC3031-SegmentedRaftLog:OPENED:c-1,f-1,i0, conf=-1: [s3:0.0.0.0:44480, s4:0.0.0.0:36765, s0:0.0.0.0:35450, s1:0.0.0.0:44404, s2:0.0.0.0:36922], old=null RUNNING
  s2:  RUNNING  FOLLOWER s2@group-3304ABEC3031:t3, leader=null, voted=s2, raftlog=s2@group-3304ABEC3031-SegmentedRaftLog:OPENED:c-1,f-1,i0, conf=-1: [s3:0.0.0.0:44480, s4:0.0.0.0:36765, s0:0.0.0.0:35450, s1:0.0.0.0:44404, s2:0.0.0.0:36922], old=null RUNNING, sleep 450ms and then retry.
java.lang.IllegalStateException: No leader yet : printing ALL groups
  s3:  RUNNING  FOLLOWER s3@group-3304ABEC3031:t3, leader=null, voted=s3, raftlog=s3@group-3304ABEC3031-SegmentedRaftLog:OPENED:c-1,f-1,i0, conf=-1: [s3:0.0.0.0:44480, s4:0.0.0.0:36765, s0:0.0.0.0:35450, s1:0.0.0.0:44404, s2:0.0.0.0:36922], old=null RUNNING
  s4:  RUNNING  FOLLOWER s4@group-3304ABEC3031:t3, leader=null, voted=s4, raftlog=s4@group-3304ABEC3031-SegmentedRaftLog:OPENED:c-1,f-1,i0, conf=-1: [s3:0.0.0.0:44480, s4:0.0.0.0:36765, s0:0.0.0.0:35450, s1:0.0.0.0:44404, s2:0.0.0.0:36922], old=null RUNNING
  s0:  RUNNING  FOLLOWER s0@group-3304ABEC3031:t3, leader=null, voted=s0, raftlog=s0@group-3304ABEC3031-SegmentedRaftLog:OPENED:c-1,f-1,i0, conf=-1: [s3:0.0.0.0:44480, s4:0.0.0.0:36765, s0:0.0.0.0:35450, s1:0.0.0.0:44404, s2:0.0.0.0:36922], old=null RUNNING
  s1:  RUNNING  FOLLOWER s1@group-3304ABEC3031:t3, leader=null, voted=s1, raftlog=s1@group-3304ABEC3031-SegmentedRaftLog:OPENED:c-1,f-1,i0, conf=-1: [s3:0.0.0.0:44480, s4:0.0.0.0:36765, s0:0.0.0.0:35450, s1:0.0.0.0:44404, s2:0.0.0.0:36922], old=null RUNNING
  s2:  RUNNING  FOLLOWER s2@group-3304ABEC3031:t3, leader=null, voted=s2, raftlog=s2@group-3304ABEC3031-SegmentedRaftLog:OPENED:c-1,f-1,i0, conf=-1: [s3:0.0.0.0:44480, s4:0.0.0.0:36765, s0:0.0.0.0:35450, s1:0.0.0.0:44404, s2:0.0.0.0:36922], old=null RUNNING
	at org.apache.ratis.MiniRaftCluster.newIllegalStateExceptionForNoLeaders(MiniRaftCluster.java:506)
	at org.apache.ratis.RaftTestUtil.lambda$waitForLeader$1(RaftTestUtil.java:90)
	at org.apache.ratis.MiniRaftCluster.getLeader(MiniRaftCluster.java:539)
	at org.apache.ratis.MiniRaftCluster.getLeader(MiniRaftCluster.java:532)
	at org.apache.ratis.RaftTestUtil.lambda$waitForLeader$3(RaftTestUtil.java:98)
	at org.apache.ratis.util.JavaUtils.attempt(JavaUtils.java:152)
	at org.apache.ratis.RaftTestUtil.waitForLeader(RaftTestUtil.java:97)
	at org.apache.ratis.RaftTestUtil.waitForLeader(RaftTestUtil.java:77)
	at org.apache.ratis.RaftTestUtil.waitForLeader(RaftTestUtil.java:72)
	at org.apache.ratis.server.impl.LeaderElectionTests.testEnforceLeader(LeaderElectionTests.java:95)
	at sun.reflect.NativeMethodAccessorImpl.invoke0(Native Method)
	at sun.reflect.NativeMethodAccessorImpl.invoke(NativeMethodAccessorImpl.java:62)
	at sun.reflect.DelegatingMethodAccessorImpl.invoke(DelegatingMethodAccessorImpl.java:43)
	at java.lang.reflect.Method.invoke(Method.java:498)
	at org.junit.runners.model.FrameworkMethod$1.runReflectiveCall(FrameworkMethod.java:50)
	at org.junit.internal.runners.model.ReflectiveCallable.run(ReflectiveCallable.java:12)
	at org.junit.runners.model.FrameworkMethod.invokeExplosively(FrameworkMethod.java:47)
	at org.junit.internal.runners.statements.InvokeMethod.evaluate(InvokeMethod.java:17)
	at org.junit.internal.runners.statements.RunAfters.evaluate(RunAfters.java:27)
	at org.junit.internal.runners.statements.FailOnTimeout$CallableStatement.call(FailOnTimeout.java:298)
	at org.junit.internal.runners.statements.FailOnTimeout$CallableStatement.call(FailOnTimeout.java:292)
	at java.util.concurrent.FutureTask.run(FutureTask.java:266)
	at java.lang.Thread.run(Thread.java:748)
2019-09-24 17:09:34,239 INFO  impl.FollowerState (FollowerState.java:run(108)) - s3@group-3304ABEC3031-FollowerState: change to CANDIDATE, lastRpcTime:166ms, electionTimeout:166ms
2019-09-24 17:09:34,240 INFO  impl.RoleInfo (RoleInfo.java:shutdownFollowerState(121)) - s3: shutdown FollowerState
2019-09-24 17:09:34,240 INFO  impl.RaftServerImpl (RaftServerImpl.java:setRole(170)) - s3@group-3304ABEC3031: changes role from  FOLLOWER to CANDIDATE at term 3 for changeToCandidate
2019-09-24 17:09:34,240 INFO  impl.RoleInfo (RoleInfo.java:updateAndGet(143)) - s3: start LeaderElection
2019-09-24 17:09:34,266 INFO  impl.FollowerState (FollowerState.java:run(108)) - s4@group-3304ABEC3031-FollowerState: change to CANDIDATE, lastRpcTime:182ms, electionTimeout:181ms
2019-09-24 17:09:34,266 INFO  impl.RoleInfo (RoleInfo.java:shutdownFollowerState(121)) - s4: shutdown FollowerState
2019-09-24 17:09:34,266 INFO  impl.RaftServerImpl (RaftServerImpl.java:setRole(170)) - s4@group-3304ABEC3031: changes role from  FOLLOWER to CANDIDATE at term 3 for changeToCandidate
2019-09-24 17:09:34,266 INFO  impl.RoleInfo (RoleInfo.java:updateAndGet(143)) - s4: start LeaderElection
2019-09-24 17:09:34,313 INFO  impl.FollowerState (FollowerState.java:run(108)) - s1@group-3304ABEC3031-FollowerState: change to CANDIDATE, lastRpcTime:232ms, electionTimeout:230ms
2019-09-24 17:09:34,314 INFO  impl.RoleInfo (RoleInfo.java:shutdownFollowerState(121)) - s1: shutdown FollowerState
2019-09-24 17:09:34,314 INFO  impl.RaftServerImpl (RaftServerImpl.java:setRole(170)) - s1@group-3304ABEC3031: changes role from  FOLLOWER to CANDIDATE at term 3 for changeToCandidate
2019-09-24 17:09:34,314 INFO  impl.RoleInfo (RoleInfo.java:updateAndGet(143)) - s1: start LeaderElection
2019-09-24 17:09:34,336 INFO  impl.FollowerState (FollowerState.java:run(108)) - s2@group-3304ABEC3031-FollowerState: change to CANDIDATE, lastRpcTime:251ms, electionTimeout:251ms
2019-09-24 17:09:34,336 INFO  impl.RoleInfo (RoleInfo.java:shutdownFollowerState(121)) - s2: shutdown FollowerState
2019-09-24 17:09:34,336 INFO  impl.FollowerState (FollowerState.java:run(108)) - s0@group-3304ABEC3031-FollowerState: change to CANDIDATE, lastRpcTime:252ms, electionTimeout:251ms
2019-09-24 17:09:34,336 INFO  impl.RaftServerImpl (RaftServerImpl.java:setRole(170)) - s2@group-3304ABEC3031: changes role from  FOLLOWER to CANDIDATE at term 3 for changeToCandidate
2019-09-24 17:09:34,336 INFO  impl.RoleInfo (RoleInfo.java:shutdownFollowerState(121)) - s0: shutdown FollowerState
2019-09-24 17:09:34,337 INFO  impl.RoleInfo (RoleInfo.java:updateAndGet(143)) - s2: start LeaderElection
2019-09-24 17:09:34,337 INFO  impl.RaftServerImpl (RaftServerImpl.java:setRole(170)) - s0@group-3304ABEC3031: changes role from  FOLLOWER to CANDIDATE at term 3 for changeToCandidate
2019-09-24 17:09:34,337 INFO  impl.RoleInfo (RoleInfo.java:updateAndGet(143)) - s0: start LeaderElection
2019-09-24 17:09:34,621 WARN  ratis.RaftTestUtil (JavaUtils.java:attempt(158)) - FAILED "waitForLeader-null-(expectLeader? true)", attempt #5/100: java.lang.IllegalStateException: No leader yet : printing ALL groups
  s3:  RUNNING CANDIDATE s3@group-3304ABEC3031:t4, leader=null, voted=s3, raftlog=s3@group-3304ABEC3031-SegmentedRaftLog:OPENED:c-1,f-1,i0, conf=-1: [s3:0.0.0.0:44480, s4:0.0.0.0:36765, s0:0.0.0.0:35450, s1:0.0.0.0:44404, s2:0.0.0.0:36922], old=null RUNNING
  s4:  RUNNING CANDIDATE s4@group-3304ABEC3031:t4, leader=null, voted=s4, raftlog=s4@group-3304ABEC3031-SegmentedRaftLog:OPENED:c-1,f-1,i0, conf=-1: [s3:0.0.0.0:44480, s4:0.0.0.0:36765, s0:0.0.0.0:35450, s1:0.0.0.0:44404, s2:0.0.0.0:36922], old=null RUNNING
  s0:  RUNNING CANDIDATE s0@group-3304ABEC3031:t4, leader=null, voted=s0, raftlog=s0@group-3304ABEC3031-SegmentedRaftLog:OPENED:c-1,f-1,i0, conf=-1: [s3:0.0.0.0:44480, s4:0.0.0.0:36765, s0:0.0.0.0:35450, s1:0.0.0.0:44404, s2:0.0.0.0:36922], old=null RUNNING
  s1:  RUNNING CANDIDATE s1@group-3304ABEC3031:t4, leader=null, voted=s1, raftlog=s1@group-3304ABEC3031-SegmentedRaftLog:OPENED:c-1,f-1,i0, conf=-1: [s3:0.0.0.0:44480, s4:0.0.0.0:36765, s0:0.0.0.0:35450, s1:0.0.0.0:44404, s2:0.0.0.0:36922], old=null RUNNING
  s2:  RUNNING CANDIDATE s2@group-3304ABEC3031:t4, leader=null, voted=s2, raftlog=s2@group-3304ABEC3031-SegmentedRaftLog:OPENED:c-1,f-1,i0, conf=-1: [s3:0.0.0.0:44480, s4:0.0.0.0:36765, s0:0.0.0.0:35450, s1:0.0.0.0:44404, s2:0.0.0.0:36922], old=null RUNNING, sleep 450ms and then retry.
java.lang.IllegalStateException: No leader yet : printing ALL groups
  s3:  RUNNING CANDIDATE s3@group-3304ABEC3031:t4, leader=null, voted=s3, raftlog=s3@group-3304ABEC3031-SegmentedRaftLog:OPENED:c-1,f-1,i0, conf=-1: [s3:0.0.0.0:44480, s4:0.0.0.0:36765, s0:0.0.0.0:35450, s1:0.0.0.0:44404, s2:0.0.0.0:36922], old=null RUNNING
  s4:  RUNNING CANDIDATE s4@group-3304ABEC3031:t4, leader=null, voted=s4, raftlog=s4@group-3304ABEC3031-SegmentedRaftLog:OPENED:c-1,f-1,i0, conf=-1: [s3:0.0.0.0:44480, s4:0.0.0.0:36765, s0:0.0.0.0:35450, s1:0.0.0.0:44404, s2:0.0.0.0:36922], old=null RUNNING
  s0:  RUNNING CANDIDATE s0@group-3304ABEC3031:t4, leader=null, voted=s0, raftlog=s0@group-3304ABEC3031-SegmentedRaftLog:OPENED:c-1,f-1,i0, conf=-1: [s3:0.0.0.0:44480, s4:0.0.0.0:36765, s0:0.0.0.0:35450, s1:0.0.0.0:44404, s2:0.0.0.0:36922], old=null RUNNING
  s1:  RUNNING CANDIDATE s1@group-3304ABEC3031:t4, leader=null, voted=s1, raftlog=s1@group-3304ABEC3031-SegmentedRaftLog:OPENED:c-1,f-1,i0, conf=-1: [s3:0.0.0.0:44480, s4:0.0.0.0:36765, s0:0.0.0.0:35450, s1:0.0.0.0:44404, s2:0.0.0.0:36922], old=null RUNNING
  s2:  RUNNING CANDIDATE s2@group-3304ABEC3031:t4, leader=null, voted=s2, raftlog=s2@group-3304ABEC3031-SegmentedRaftLog:OPENED:c-1,f-1,i0, conf=-1: [s3:0.0.0.0:44480, s4:0.0.0.0:36765, s0:0.0.0.0:35450, s1:0.0.0.0:44404, s2:0.0.0.0:36922], old=null RUNNING
	at org.apache.ratis.MiniRaftCluster.newIllegalStateExceptionForNoLeaders(MiniRaftCluster.java:506)
	at org.apache.ratis.RaftTestUtil.lambda$waitForLeader$1(RaftTestUtil.java:90)
	at org.apache.ratis.MiniRaftCluster.getLeader(MiniRaftCluster.java:539)
	at org.apache.ratis.MiniRaftCluster.getLeader(MiniRaftCluster.java:532)
	at org.apache.ratis.RaftTestUtil.lambda$waitForLeader$3(RaftTestUtil.java:98)
	at org.apache.ratis.util.JavaUtils.attempt(JavaUtils.java:152)
	at org.apache.ratis.RaftTestUtil.waitForLeader(RaftTestUtil.java:97)
	at org.apache.ratis.RaftTestUtil.waitForLeader(RaftTestUtil.java:77)
	at org.apache.ratis.RaftTestUtil.waitForLeader(RaftTestUtil.java:72)
	at org.apache.ratis.server.impl.LeaderElectionTests.testEnforceLeader(LeaderElectionTests.java:95)
	at sun.reflect.NativeMethodAccessorImpl.invoke0(Native Method)
	at sun.reflect.NativeMethodAccessorImpl.invoke(NativeMethodAccessorImpl.java:62)
	at sun.reflect.DelegatingMethodAccessorImpl.invoke(DelegatingMethodAccessorImpl.java:43)
	at java.lang.reflect.Method.invoke(Method.java:498)
	at org.junit.runners.model.FrameworkMethod$1.runReflectiveCall(FrameworkMethod.java:50)
	at org.junit.internal.runners.model.ReflectiveCallable.run(ReflectiveCallable.java:12)
	at org.junit.runners.model.FrameworkMethod.invokeExplosively(FrameworkMethod.java:47)
	at org.junit.internal.runners.statements.InvokeMethod.evaluate(InvokeMethod.java:17)
	at org.junit.internal.runners.statements.RunAfters.evaluate(RunAfters.java:27)
	at org.junit.internal.runners.statements.FailOnTimeout$CallableStatement.call(FailOnTimeout.java:298)
	at org.junit.internal.runners.statements.FailOnTimeout$CallableStatement.call(FailOnTimeout.java:292)
	at java.util.concurrent.FutureTask.run(FutureTask.java:266)
	at java.lang.Thread.run(Thread.java:748)
2019-09-24 17:09:35,074 WARN  ratis.RaftTestUtil (JavaUtils.java:attempt(158)) - FAILED "waitForLeader-null-(expectLeader? true)", attempt #6/100: java.lang.IllegalStateException: No leader yet : printing ALL groups
  s3:  RUNNING CANDIDATE s3@group-3304ABEC3031:t4, leader=null, voted=s3, raftlog=s3@group-3304ABEC3031-SegmentedRaftLog:OPENED:c-1,f-1,i0, conf=-1: [s3:0.0.0.0:44480, s4:0.0.0.0:36765, s0:0.0.0.0:35450, s1:0.0.0.0:44404, s2:0.0.0.0:36922], old=null RUNNING
  s4:  RUNNING CANDIDATE s4@group-3304ABEC3031:t4, leader=null, voted=s4, raftlog=s4@group-3304ABEC3031-SegmentedRaftLog:OPENED:c-1,f-1,i0, conf=-1: [s3:0.0.0.0:44480, s4:0.0.0.0:36765, s0:0.0.0.0:35450, s1:0.0.0.0:44404, s2:0.0.0.0:36922], old=null RUNNING
  s0:  RUNNING CANDIDATE s0@group-3304ABEC3031:t4, leader=null, voted=s0, raftlog=s0@group-3304ABEC3031-SegmentedRaftLog:OPENED:c-1,f-1,i0, conf=-1: [s3:0.0.0.0:44480, s4:0.0.0.0:36765, s0:0.0.0.0:35450, s1:0.0.0.0:44404, s2:0.0.0.0:36922], old=null RUNNING
  s1:  RUNNING CANDIDATE s1@group-3304ABEC3031:t4, leader=null, voted=s1, raftlog=s1@group-3304ABEC3031-SegmentedRaftLog:OPENED:c-1,f-1,i0, conf=-1: [s3:0.0.0.0:44480, s4:0.0.0.0:36765, s0:0.0.0.0:35450, s1:0.0.0.0:44404, s2:0.0.0.0:36922], old=null RUNNING
  s2:  RUNNING CANDIDATE s2@group-3304ABEC3031:t4, leader=null, voted=s2, raftlog=s2@group-3304ABEC3031-SegmentedRaftLog:OPENED:c-1,f-1,i0, conf=-1: [s3:0.0.0.0:44480, s4:0.0.0.0:36765, s0:0.0.0.0:35450, s1:0.0.0.0:44404, s2:0.0.0.0:36922], old=null RUNNING, sleep 450ms and then retry.
java.lang.IllegalStateException: No leader yet : printing ALL groups
  s3:  RUNNING CANDIDATE s3@group-3304ABEC3031:t4, leader=null, voted=s3, raftlog=s3@group-3304ABEC3031-SegmentedRaftLog:OPENED:c-1,f-1,i0, conf=-1: [s3:0.0.0.0:44480, s4:0.0.0.0:36765, s0:0.0.0.0:35450, s1:0.0.0.0:44404, s2:0.0.0.0:36922], old=null RUNNING
  s4:  RUNNING CANDIDATE s4@group-3304ABEC3031:t4, leader=null, voted=s4, raftlog=s4@group-3304ABEC3031-SegmentedRaftLog:OPENED:c-1,f-1,i0, conf=-1: [s3:0.0.0.0:44480, s4:0.0.0.0:36765, s0:0.0.0.0:35450, s1:0.0.0.0:44404, s2:0.0.0.0:36922], old=null RUNNING
  s0:  RUNNING CANDIDATE s0@group-3304ABEC3031:t4, leader=null, voted=s0, raftlog=s0@group-3304ABEC3031-SegmentedRaftLog:OPENED:c-1,f-1,i0, conf=-1: [s3:0.0.0.0:44480, s4:0.0.0.0:36765, s0:0.0.0.0:35450, s1:0.0.0.0:44404, s2:0.0.0.0:36922], old=null RUNNING
  s1:  RUNNING CANDIDATE s1@group-3304ABEC3031:t4, leader=null, voted=s1, raftlog=s1@group-3304ABEC3031-SegmentedRaftLog:OPENED:c-1,f-1,i0, conf=-1: [s3:0.0.0.0:44480, s4:0.0.0.0:36765, s0:0.0.0.0:35450, s1:0.0.0.0:44404, s2:0.0.0.0:36922], old=null RUNNING
  s2:  RUNNING CANDIDATE s2@group-3304ABEC3031:t4, leader=null, voted=s2, raftlog=s2@group-3304ABEC3031-SegmentedRaftLog:OPENED:c-1,f-1,i0, conf=-1: [s3:0.0.0.0:44480, s4:0.0.0.0:36765, s0:0.0.0.0:35450, s1:0.0.0.0:44404, s2:0.0.0.0:36922], old=null RUNNING
	at org.apache.ratis.MiniRaftCluster.newIllegalStateExceptionForNoLeaders(MiniRaftCluster.java:506)
	at org.apache.ratis.RaftTestUtil.lambda$waitForLeader$1(RaftTestUtil.java:90)
	at org.apache.ratis.MiniRaftCluster.getLeader(MiniRaftCluster.java:539)
	at org.apache.ratis.MiniRaftCluster.getLeader(MiniRaftCluster.java:532)
	at org.apache.ratis.RaftTestUtil.lambda$waitForLeader$3(RaftTestUtil.java:98)
	at org.apache.ratis.util.JavaUtils.attempt(JavaUtils.java:152)
	at org.apache.ratis.RaftTestUtil.waitForLeader(RaftTestUtil.java:97)
	at org.apache.ratis.RaftTestUtil.waitForLeader(RaftTestUtil.java:77)
	at org.apache.ratis.RaftTestUtil.waitForLeader(RaftTestUtil.java:72)
	at org.apache.ratis.server.impl.LeaderElectionTests.testEnforceLeader(LeaderElectionTests.java:95)
	at sun.reflect.NativeMethodAccessorImpl.invoke0(Native Method)
	at sun.reflect.NativeMethodAccessorImpl.invoke(NativeMethodAccessorImpl.java:62)
	at sun.reflect.DelegatingMethodAccessorImpl.invoke(DelegatingMethodAccessorImpl.java:43)
	at java.lang.reflect.Method.invoke(Method.java:498)
	at org.junit.runners.model.FrameworkMethod$1.runReflectiveCall(FrameworkMethod.java:50)
	at org.junit.internal.runners.model.ReflectiveCallable.run(ReflectiveCallable.java:12)
	at org.junit.runners.model.FrameworkMethod.invokeExplosively(FrameworkMethod.java:47)
	at org.junit.internal.runners.statements.InvokeMethod.evaluate(InvokeMethod.java:17)
	at org.junit.internal.runners.statements.RunAfters.evaluate(RunAfters.java:27)
	at org.junit.internal.runners.statements.FailOnTimeout$CallableStatement.call(FailOnTimeout.java:298)
	at org.junit.internal.runners.statements.FailOnTimeout$CallableStatement.call(FailOnTimeout.java:292)
	at java.util.concurrent.FutureTask.run(FutureTask.java:266)
	at java.lang.Thread.run(Thread.java:748)
2019-09-24 17:09:35,526 WARN  ratis.RaftTestUtil (JavaUtils.java:attempt(158)) - FAILED "waitForLeader-null-(expectLeader? true)", attempt #7/100: java.lang.IllegalStateException: No leader yet : printing ALL groups
  s3:  RUNNING CANDIDATE s3@group-3304ABEC3031:t4, leader=null, voted=s3, raftlog=s3@group-3304ABEC3031-SegmentedRaftLog:OPENED:c-1,f-1,i0, conf=-1: [s3:0.0.0.0:44480, s4:0.0.0.0:36765, s0:0.0.0.0:35450, s1:0.0.0.0:44404, s2:0.0.0.0:36922], old=null RUNNING
  s4:  RUNNING CANDIDATE s4@group-3304ABEC3031:t4, leader=null, voted=s4, raftlog=s4@group-3304ABEC3031-SegmentedRaftLog:OPENED:c-1,f-1,i0, conf=-1: [s3:0.0.0.0:44480, s4:0.0.0.0:36765, s0:0.0.0.0:35450, s1:0.0.0.0:44404, s2:0.0.0.0:36922], old=null RUNNING
  s0:  RUNNING CANDIDATE s0@group-3304ABEC3031:t4, leader=null, voted=s0, raftlog=s0@group-3304ABEC3031-SegmentedRaftLog:OPENED:c-1,f-1,i0, conf=-1: [s3:0.0.0.0:44480, s4:0.0.0.0:36765, s0:0.0.0.0:35450, s1:0.0.0.0:44404, s2:0.0.0.0:36922], old=null RUNNING
  s1:  RUNNING CANDIDATE s1@group-3304ABEC3031:t4, leader=null, voted=s1, raftlog=s1@group-3304ABEC3031-SegmentedRaftLog:OPENED:c-1,f-1,i0, conf=-1: [s3:0.0.0.0:44480, s4:0.0.0.0:36765, s0:0.0.0.0:35450, s1:0.0.0.0:44404, s2:0.0.0.0:36922], old=null RUNNING
  s2:  RUNNING CANDIDATE s2@group-3304ABEC3031:t4, leader=null, voted=s2, raftlog=s2@group-3304ABEC3031-SegmentedRaftLog:OPENED:c-1,f-1,i0, conf=-1: [s3:0.0.0.0:44480, s4:0.0.0.0:36765, s0:0.0.0.0:35450, s1:0.0.0.0:44404, s2:0.0.0.0:36922], old=null RUNNING, sleep 450ms and then retry.
java.lang.IllegalStateException: No leader yet : printing ALL groups
  s3:  RUNNING CANDIDATE s3@group-3304ABEC3031:t4, leader=null, voted=s3, raftlog=s3@group-3304ABEC3031-SegmentedRaftLog:OPENED:c-1,f-1,i0, conf=-1: [s3:0.0.0.0:44480, s4:0.0.0.0:36765, s0:0.0.0.0:35450, s1:0.0.0.0:44404, s2:0.0.0.0:36922], old=null RUNNING
  s4:  RUNNING CANDIDATE s4@group-3304ABEC3031:t4, leader=null, voted=s4, raftlog=s4@group-3304ABEC3031-SegmentedRaftLog:OPENED:c-1,f-1,i0, conf=-1: [s3:0.0.0.0:44480, s4:0.0.0.0:36765, s0:0.0.0.0:35450, s1:0.0.0.0:44404, s2:0.0.0.0:36922], old=null RUNNING
  s0:  RUNNING CANDIDATE s0@group-3304ABEC3031:t4, leader=null, voted=s0, raftlog=s0@group-3304ABEC3031-SegmentedRaftLog:OPENED:c-1,f-1,i0, conf=-1: [s3:0.0.0.0:44480, s4:0.0.0.0:36765, s0:0.0.0.0:35450, s1:0.0.0.0:44404, s2:0.0.0.0:36922], old=null RUNNING
  s1:  RUNNING CANDIDATE s1@group-3304ABEC3031:t4, leader=null, voted=s1, raftlog=s1@group-3304ABEC3031-SegmentedRaftLog:OPENED:c-1,f-1,i0, conf=-1: [s3:0.0.0.0:44480, s4:0.0.0.0:36765, s0:0.0.0.0:35450, s1:0.0.0.0:44404, s2:0.0.0.0:36922], old=null RUNNING
  s2:  RUNNING CANDIDATE s2@group-3304ABEC3031:t4, leader=null, voted=s2, raftlog=s2@group-3304ABEC3031-SegmentedRaftLog:OPENED:c-1,f-1,i0, conf=-1: [s3:0.0.0.0:44480, s4:0.0.0.0:36765, s0:0.0.0.0:35450, s1:0.0.0.0:44404, s2:0.0.0.0:36922], old=null RUNNING
	at org.apache.ratis.MiniRaftCluster.newIllegalStateExceptionForNoLeaders(MiniRaftCluster.java:506)
	at org.apache.ratis.RaftTestUtil.lambda$waitForLeader$1(RaftTestUtil.java:90)
	at org.apache.ratis.MiniRaftCluster.getLeader(MiniRaftCluster.java:539)
	at org.apache.ratis.MiniRaftCluster.getLeader(MiniRaftCluster.java:532)
	at org.apache.ratis.RaftTestUtil.lambda$waitForLeader$3(RaftTestUtil.java:98)
	at org.apache.ratis.util.JavaUtils.attempt(JavaUtils.java:152)
	at org.apache.ratis.RaftTestUtil.waitForLeader(RaftTestUtil.java:97)
	at org.apache.ratis.RaftTestUtil.waitForLeader(RaftTestUtil.java:77)
	at org.apache.ratis.RaftTestUtil.waitForLeader(RaftTestUtil.java:72)
	at org.apache.ratis.server.impl.LeaderElectionTests.testEnforceLeader(LeaderElectionTests.java:95)
	at sun.reflect.NativeMethodAccessorImpl.invoke0(Native Method)
	at sun.reflect.NativeMethodAccessorImpl.invoke(NativeMethodAccessorImpl.java:62)
	at sun.reflect.DelegatingMethodAccessorImpl.invoke(DelegatingMethodAccessorImpl.java:43)
	at java.lang.reflect.Method.invoke(Method.java:498)
	at org.junit.runners.model.FrameworkMethod$1.runReflectiveCall(FrameworkMethod.java:50)
	at org.junit.internal.runners.model.ReflectiveCallable.run(ReflectiveCallable.java:12)
	at org.junit.runners.model.FrameworkMethod.invokeExplosively(FrameworkMethod.java:47)
	at org.junit.internal.runners.statements.InvokeMethod.evaluate(InvokeMethod.java:17)
	at org.junit.internal.runners.statements.RunAfters.evaluate(RunAfters.java:27)
	at org.junit.internal.runners.statements.FailOnTimeout$CallableStatement.call(FailOnTimeout.java:298)
	at org.junit.internal.runners.statements.FailOnTimeout$CallableStatement.call(FailOnTimeout.java:292)
	at java.util.concurrent.FutureTask.run(FutureTask.java:266)
	at java.lang.Thread.run(Thread.java:748)
2019-09-24 17:09:35,979 WARN  ratis.RaftTestUtil (JavaUtils.java:attempt(158)) - FAILED "waitForLeader-null-(expectLeader? true)", attempt #8/100: java.lang.IllegalStateException: No leader yet : printing ALL groups
  s3:  RUNNING CANDIDATE s3@group-3304ABEC3031:t4, leader=null, voted=s3, raftlog=s3@group-3304ABEC3031-SegmentedRaftLog:OPENED:c-1,f-1,i0, conf=-1: [s3:0.0.0.0:44480, s4:0.0.0.0:36765, s0:0.0.0.0:35450, s1:0.0.0.0:44404, s2:0.0.0.0:36922], old=null RUNNING
  s4:  RUNNING CANDIDATE s4@group-3304ABEC3031:t4, leader=null, voted=s4, raftlog=s4@group-3304ABEC3031-SegmentedRaftLog:OPENED:c-1,f-1,i0, conf=-1: [s3:0.0.0.0:44480, s4:0.0.0.0:36765, s0:0.0.0.0:35450, s1:0.0.0.0:44404, s2:0.0.0.0:36922], old=null RUNNING
  s0:  RUNNING CANDIDATE s0@group-3304ABEC3031:t4, leader=null, voted=s0, raftlog=s0@group-3304ABEC3031-SegmentedRaftLog:OPENED:c-1,f-1,i0, conf=-1: [s3:0.0.0.0:44480, s4:0.0.0.0:36765, s0:0.0.0.0:35450, s1:0.0.0.0:44404, s2:0.0.0.0:36922], old=null RUNNING
  s1:  RUNNING CANDIDATE s1@group-3304ABEC3031:t4, leader=null, voted=s1, raftlog=s1@group-3304ABEC3031-SegmentedRaftLog:OPENED:c-1,f-1,i0, conf=-1: [s3:0.0.0.0:44480, s4:0.0.0.0:36765, s0:0.0.0.0:35450, s1:0.0.0.0:44404, s2:0.0.0.0:36922], old=null RUNNING
  s2:  RUNNING CANDIDATE s2@group-3304ABEC3031:t4, leader=null, voted=s2, raftlog=s2@group-3304ABEC3031-SegmentedRaftLog:OPENED:c-1,f-1,i0, conf=-1: [s3:0.0.0.0:44480, s4:0.0.0.0:36765, s0:0.0.0.0:35450, s1:0.0.0.0:44404, s2:0.0.0.0:36922], old=null RUNNING, sleep 450ms and then retry.
java.lang.IllegalStateException: No leader yet : printing ALL groups
  s3:  RUNNING CANDIDATE s3@group-3304ABEC3031:t4, leader=null, voted=s3, raftlog=s3@group-3304ABEC3031-SegmentedRaftLog:OPENED:c-1,f-1,i0, conf=-1: [s3:0.0.0.0:44480, s4:0.0.0.0:36765, s0:0.0.0.0:35450, s1:0.0.0.0:44404, s2:0.0.0.0:36922], old=null RUNNING
  s4:  RUNNING CANDIDATE s4@group-3304ABEC3031:t4, leader=null, voted=s4, raftlog=s4@group-3304ABEC3031-SegmentedRaftLog:OPENED:c-1,f-1,i0, conf=-1: [s3:0.0.0.0:44480, s4:0.0.0.0:36765, s0:0.0.0.0:35450, s1:0.0.0.0:44404, s2:0.0.0.0:36922], old=null RUNNING
  s0:  RUNNING CANDIDATE s0@group-3304ABEC3031:t4, leader=null, voted=s0, raftlog=s0@group-3304ABEC3031-SegmentedRaftLog:OPENED:c-1,f-1,i0, conf=-1: [s3:0.0.0.0:44480, s4:0.0.0.0:36765, s0:0.0.0.0:35450, s1:0.0.0.0:44404, s2:0.0.0.0:36922], old=null RUNNING
  s1:  RUNNING CANDIDATE s1@group-3304ABEC3031:t4, leader=null, voted=s1, raftlog=s1@group-3304ABEC3031-SegmentedRaftLog:OPENED:c-1,f-1,i0, conf=-1: [s3:0.0.0.0:44480, s4:0.0.0.0:36765, s0:0.0.0.0:35450, s1:0.0.0.0:44404, s2:0.0.0.0:36922], old=null RUNNING
  s2:  RUNNING CANDIDATE s2@group-3304ABEC3031:t4, leader=null, voted=s2, raftlog=s2@group-3304ABEC3031-SegmentedRaftLog:OPENED:c-1,f-1,i0, conf=-1: [s3:0.0.0.0:44480, s4:0.0.0.0:36765, s0:0.0.0.0:35450, s1:0.0.0.0:44404, s2:0.0.0.0:36922], old=null RUNNING
	at org.apache.ratis.MiniRaftCluster.newIllegalStateExceptionForNoLeaders(MiniRaftCluster.java:506)
	at org.apache.ratis.RaftTestUtil.lambda$waitForLeader$1(RaftTestUtil.java:90)
	at org.apache.ratis.MiniRaftCluster.getLeader(MiniRaftCluster.java:539)
	at org.apache.ratis.MiniRaftCluster.getLeader(MiniRaftCluster.java:532)
	at org.apache.ratis.RaftTestUtil.lambda$waitForLeader$3(RaftTestUtil.java:98)
	at org.apache.ratis.util.JavaUtils.attempt(JavaUtils.java:152)
	at org.apache.ratis.RaftTestUtil.waitForLeader(RaftTestUtil.java:97)
	at org.apache.ratis.RaftTestUtil.waitForLeader(RaftTestUtil.java:77)
	at org.apache.ratis.RaftTestUtil.waitForLeader(RaftTestUtil.java:72)
	at org.apache.ratis.server.impl.LeaderElectionTests.testEnforceLeader(LeaderElectionTests.java:95)
	at sun.reflect.NativeMethodAccessorImpl.invoke0(Native Method)
	at sun.reflect.NativeMethodAccessorImpl.invoke(NativeMethodAccessorImpl.java:62)
	at sun.reflect.DelegatingMethodAccessorImpl.invoke(DelegatingMethodAccessorImpl.java:43)
	at java.lang.reflect.Method.invoke(Method.java:498)
	at org.junit.runners.model.FrameworkMethod$1.runReflectiveCall(FrameworkMethod.java:50)
	at org.junit.internal.runners.model.ReflectiveCallable.run(ReflectiveCallable.java:12)
	at org.junit.runners.model.FrameworkMethod.invokeExplosively(FrameworkMethod.java:47)
	at org.junit.internal.runners.statements.InvokeMethod.evaluate(InvokeMethod.java:17)
	at org.junit.internal.runners.statements.RunAfters.evaluate(RunAfters.java:27)
	at org.junit.internal.runners.statements.FailOnTimeout$CallableStatement.call(FailOnTimeout.java:298)
	at org.junit.internal.runners.statements.FailOnTimeout$CallableStatement.call(FailOnTimeout.java:292)
	at java.util.concurrent.FutureTask.run(FutureTask.java:266)
	at java.lang.Thread.run(Thread.java:748)
2019-09-24 17:09:36,431 WARN  ratis.RaftTestUtil (JavaUtils.java:attempt(158)) - FAILED "waitForLeader-null-(expectLeader? true)", attempt #9/100: java.lang.IllegalStateException: No leader yet : printing ALL groups
  s3:  RUNNING CANDIDATE s3@group-3304ABEC3031:t4, leader=null, voted=s3, raftlog=s3@group-3304ABEC3031-SegmentedRaftLog:OPENED:c-1,f-1,i0, conf=-1: [s3:0.0.0.0:44480, s4:0.0.0.0:36765, s0:0.0.0.0:35450, s1:0.0.0.0:44404, s2:0.0.0.0:36922], old=null RUNNING
  s4:  RUNNING CANDIDATE s4@group-3304ABEC3031:t4, leader=null, voted=s4, raftlog=s4@group-3304ABEC3031-SegmentedRaftLog:OPENED:c-1,f-1,i0, conf=-1: [s3:0.0.0.0:44480, s4:0.0.0.0:36765, s0:0.0.0.0:35450, s1:0.0.0.0:44404, s2:0.0.0.0:36922], old=null RUNNING
  s0:  RUNNING CANDIDATE s0@group-3304ABEC3031:t4, leader=null, voted=s0, raftlog=s0@group-3304ABEC3031-SegmentedRaftLog:OPENED:c-1,f-1,i0, conf=-1: [s3:0.0.0.0:44480, s4:0.0.0.0:36765, s0:0.0.0.0:35450, s1:0.0.0.0:44404, s2:0.0.0.0:36922], old=null RUNNING
  s1:  RUNNING CANDIDATE s1@group-3304ABEC3031:t4, leader=null, voted=s1, raftlog=s1@group-3304ABEC3031-SegmentedRaftLog:OPENED:c-1,f-1,i0, conf=-1: [s3:0.0.0.0:44480, s4:0.0.0.0:36765, s0:0.0.0.0:35450, s1:0.0.0.0:44404, s2:0.0.0.0:36922], old=null RUNNING
  s2:  RUNNING CANDIDATE s2@group-3304ABEC3031:t4, leader=null, voted=s2, raftlog=s2@group-3304ABEC3031-SegmentedRaftLog:OPENED:c-1,f-1,i0, conf=-1: [s3:0.0.0.0:44480, s4:0.0.0.0:36765, s0:0.0.0.0:35450, s1:0.0.0.0:44404, s2:0.0.0.0:36922], old=null RUNNING, sleep 450ms and then retry.
java.lang.IllegalStateException: No leader yet : printing ALL groups
  s3:  RUNNING CANDIDATE s3@group-3304ABEC3031:t4, leader=null, voted=s3, raftlog=s3@group-3304ABEC3031-SegmentedRaftLog:OPENED:c-1,f-1,i0, conf=-1: [s3:0.0.0.0:44480, s4:0.0.0.0:36765, s0:0.0.0.0:35450, s1:0.0.0.0:44404, s2:0.0.0.0:36922], old=null RUNNING
  s4:  RUNNING CANDIDATE s4@group-3304ABEC3031:t4, leader=null, voted=s4, raftlog=s4@group-3304ABEC3031-SegmentedRaftLog:OPENED:c-1,f-1,i0, conf=-1: [s3:0.0.0.0:44480, s4:0.0.0.0:36765, s0:0.0.0.0:35450, s1:0.0.0.0:44404, s2:0.0.0.0:36922], old=null RUNNING
  s0:  RUNNING CANDIDATE s0@group-3304ABEC3031:t4, leader=null, voted=s0, raftlog=s0@group-3304ABEC3031-SegmentedRaftLog:OPENED:c-1,f-1,i0, conf=-1: [s3:0.0.0.0:44480, s4:0.0.0.0:36765, s0:0.0.0.0:35450, s1:0.0.0.0:44404, s2:0.0.0.0:36922], old=null RUNNING
  s1:  RUNNING CANDIDATE s1@group-3304ABEC3031:t4, leader=null, voted=s1, raftlog=s1@group-3304ABEC3031-SegmentedRaftLog:OPENED:c-1,f-1,i0, conf=-1: [s3:0.0.0.0:44480, s4:0.0.0.0:36765, s0:0.0.0.0:35450, s1:0.0.0.0:44404, s2:0.0.0.0:36922], old=null RUNNING
  s2:  RUNNING CANDIDATE s2@group-3304ABEC3031:t4, leader=null, voted=s2, raftlog=s2@group-3304ABEC3031-SegmentedRaftLog:OPENED:c-1,f-1,i0, conf=-1: [s3:0.0.0.0:44480, s4:0.0.0.0:36765, s0:0.0.0.0:35450, s1:0.0.0.0:44404, s2:0.0.0.0:36922], old=null RUNNING
	at org.apache.ratis.MiniRaftCluster.newIllegalStateExceptionForNoLeaders(MiniRaftCluster.java:506)
	at org.apache.ratis.RaftTestUtil.lambda$waitForLeader$1(RaftTestUtil.java:90)
	at org.apache.ratis.MiniRaftCluster.getLeader(MiniRaftCluster.java:539)
	at org.apache.ratis.MiniRaftCluster.getLeader(MiniRaftCluster.java:532)
	at org.apache.ratis.RaftTestUtil.lambda$waitForLeader$3(RaftTestUtil.java:98)
	at org.apache.ratis.util.JavaUtils.attempt(JavaUtils.java:152)
	at org.apache.ratis.RaftTestUtil.waitForLeader(RaftTestUtil.java:97)
	at org.apache.ratis.RaftTestUtil.waitForLeader(RaftTestUtil.java:77)
	at org.apache.ratis.RaftTestUtil.waitForLeader(RaftTestUtil.java:72)
	at org.apache.ratis.server.impl.LeaderElectionTests.testEnforceLeader(LeaderElectionTests.java:95)
	at sun.reflect.NativeMethodAccessorImpl.invoke0(Native Method)
	at sun.reflect.NativeMethodAccessorImpl.invoke(NativeMethodAccessorImpl.java:62)
	at sun.reflect.DelegatingMethodAccessorImpl.invoke(DelegatingMethodAccessorImpl.java:43)
	at java.lang.reflect.Method.invoke(Method.java:498)
	at org.junit.runners.model.FrameworkMethod$1.runReflectiveCall(FrameworkMethod.java:50)
	at org.junit.internal.runners.model.ReflectiveCallable.run(ReflectiveCallable.java:12)
	at org.junit.runners.model.FrameworkMethod.invokeExplosively(FrameworkMethod.java:47)
	at org.junit.internal.runners.statements.InvokeMethod.evaluate(InvokeMethod.java:17)
	at org.junit.internal.runners.statements.RunAfters.evaluate(RunAfters.java:27)
	at org.junit.internal.runners.statements.FailOnTimeout$CallableStatement.call(FailOnTimeout.java:298)
	at org.junit.internal.runners.statements.FailOnTimeout$CallableStatement.call(FailOnTimeout.java:292)
	at java.util.concurrent.FutureTask.run(FutureTask.java:266)
	at java.lang.Thread.run(Thread.java:748)
2019-09-24 17:09:36,883 WARN  ratis.RaftTestUtil (JavaUtils.java:attempt(158)) - FAILED "waitForLeader-null-(expectLeader? true)", attempt #10/100: java.lang.IllegalStateException: No leader yet : printing ALL groups
  s3:  RUNNING CANDIDATE s3@group-3304ABEC3031:t4, leader=null, voted=s3, raftlog=s3@group-3304ABEC3031-SegmentedRaftLog:OPENED:c-1,f-1,i0, conf=-1: [s3:0.0.0.0:44480, s4:0.0.0.0:36765, s0:0.0.0.0:35450, s1:0.0.0.0:44404, s2:0.0.0.0:36922], old=null RUNNING
  s4:  RUNNING CANDIDATE s4@group-3304ABEC3031:t4, leader=null, voted=s4, raftlog=s4@group-3304ABEC3031-SegmentedRaftLog:OPENED:c-1,f-1,i0, conf=-1: [s3:0.0.0.0:44480, s4:0.0.0.0:36765, s0:0.0.0.0:35450, s1:0.0.0.0:44404, s2:0.0.0.0:36922], old=null RUNNING
  s0:  RUNNING CANDIDATE s0@group-3304ABEC3031:t4, leader=null, voted=s0, raftlog=s0@group-3304ABEC3031-SegmentedRaftLog:OPENED:c-1,f-1,i0, conf=-1: [s3:0.0.0.0:44480, s4:0.0.0.0:36765, s0:0.0.0.0:35450, s1:0.0.0.0:44404, s2:0.0.0.0:36922], old=null RUNNING
  s1:  RUNNING CANDIDATE s1@group-3304ABEC3031:t4, leader=null, voted=s1, raftlog=s1@group-3304ABEC3031-SegmentedRaftLog:OPENED:c-1,f-1,i0, conf=-1: [s3:0.0.0.0:44480, s4:0.0.0.0:36765, s0:0.0.0.0:35450, s1:0.0.0.0:44404, s2:0.0.0.0:36922], old=null RUNNING
  s2:  RUNNING CANDIDATE s2@group-3304ABEC3031:t4, leader=null, voted=s2, raftlog=s2@group-3304ABEC3031-SegmentedRaftLog:OPENED:c-1,f-1,i0, conf=-1: [s3:0.0.0.0:44480, s4:0.0.0.0:36765, s0:0.0.0.0:35450, s1:0.0.0.0:44404, s2:0.0.0.0:36922], old=null RUNNING, sleep 450ms and then retry.
java.lang.IllegalStateException: No leader yet : printing ALL groups
  s3:  RUNNING CANDIDATE s3@group-3304ABEC3031:t4, leader=null, voted=s3, raftlog=s3@group-3304ABEC3031-SegmentedRaftLog:OPENED:c-1,f-1,i0, conf=-1: [s3:0.0.0.0:44480, s4:0.0.0.0:36765, s0:0.0.0.0:35450, s1:0.0.0.0:44404, s2:0.0.0.0:36922], old=null RUNNING
  s4:  RUNNING CANDIDATE s4@group-3304ABEC3031:t4, leader=null, voted=s4, raftlog=s4@group-3304ABEC3031-SegmentedRaftLog:OPENED:c-1,f-1,i0, conf=-1: [s3:0.0.0.0:44480, s4:0.0.0.0:36765, s0:0.0.0.0:35450, s1:0.0.0.0:44404, s2:0.0.0.0:36922], old=null RUNNING
  s0:  RUNNING CANDIDATE s0@group-3304ABEC3031:t4, leader=null, voted=s0, raftlog=s0@group-3304ABEC3031-SegmentedRaftLog:OPENED:c-1,f-1,i0, conf=-1: [s3:0.0.0.0:44480, s4:0.0.0.0:36765, s0:0.0.0.0:35450, s1:0.0.0.0:44404, s2:0.0.0.0:36922], old=null RUNNING
  s1:  RUNNING CANDIDATE s1@group-3304ABEC3031:t4, leader=null, voted=s1, raftlog=s1@group-3304ABEC3031-SegmentedRaftLog:OPENED:c-1,f-1,i0, conf=-1: [s3:0.0.0.0:44480, s4:0.0.0.0:36765, s0:0.0.0.0:35450, s1:0.0.0.0:44404, s2:0.0.0.0:36922], old=null RUNNING
  s2:  RUNNING CANDIDATE s2@group-3304ABEC3031:t4, leader=null, voted=s2, raftlog=s2@group-3304ABEC3031-SegmentedRaftLog:OPENED:c-1,f-1,i0, conf=-1: [s3:0.0.0.0:44480, s4:0.0.0.0:36765, s0:0.0.0.0:35450, s1:0.0.0.0:44404, s2:0.0.0.0:36922], old=null RUNNING
	at org.apache.ratis.MiniRaftCluster.newIllegalStateExceptionForNoLeaders(MiniRaftCluster.java:506)
	at org.apache.ratis.RaftTestUtil.lambda$waitForLeader$1(RaftTestUtil.java:90)
	at org.apache.ratis.MiniRaftCluster.getLeader(MiniRaftCluster.java:539)
	at org.apache.ratis.MiniRaftCluster.getLeader(MiniRaftCluster.java:532)
	at org.apache.ratis.RaftTestUtil.lambda$waitForLeader$3(RaftTestUtil.java:98)
	at org.apache.ratis.util.JavaUtils.attempt(JavaUtils.java:152)
	at org.apache.ratis.RaftTestUtil.waitForLeader(RaftTestUtil.java:97)
	at org.apache.ratis.RaftTestUtil.waitForLeader(RaftTestUtil.java:77)
	at org.apache.ratis.RaftTestUtil.waitForLeader(RaftTestUtil.java:72)
	at org.apache.ratis.server.impl.LeaderElectionTests.testEnforceLeader(LeaderElectionTests.java:95)
	at sun.reflect.NativeMethodAccessorImpl.invoke0(Native Method)
	at sun.reflect.NativeMethodAccessorImpl.invoke(NativeMethodAccessorImpl.java:62)
	at sun.reflect.DelegatingMethodAccessorImpl.invoke(DelegatingMethodAccessorImpl.java:43)
	at java.lang.reflect.Method.invoke(Method.java:498)
	at org.junit.runners.model.FrameworkMethod$1.runReflectiveCall(FrameworkMethod.java:50)
	at org.junit.internal.runners.model.ReflectiveCallable.run(ReflectiveCallable.java:12)
	at org.junit.runners.model.FrameworkMethod.invokeExplosively(FrameworkMethod.java:47)
	at org.junit.internal.runners.statements.InvokeMethod.evaluate(InvokeMethod.java:17)
	at org.junit.internal.runners.statements.RunAfters.evaluate(RunAfters.java:27)
	at org.junit.internal.runners.statements.FailOnTimeout$CallableStatement.call(FailOnTimeout.java:298)
	at org.junit.internal.runners.statements.FailOnTimeout$CallableStatement.call(FailOnTimeout.java:292)
	at java.util.concurrent.FutureTask.run(FutureTask.java:266)
	at java.lang.Thread.run(Thread.java:748)
2019-09-24 17:09:37,335 WARN  ratis.RaftTestUtil (JavaUtils.java:attempt(158)) - FAILED "waitForLeader-null-(expectLeader? true)", attempt #11/100: java.lang.IllegalStateException: No leader yet : printing ALL groups
  s3:  RUNNING CANDIDATE s3@group-3304ABEC3031:t4, leader=null, voted=s3, raftlog=s3@group-3304ABEC3031-SegmentedRaftLog:OPENED:c-1,f-1,i0, conf=-1: [s3:0.0.0.0:44480, s4:0.0.0.0:36765, s0:0.0.0.0:35450, s1:0.0.0.0:44404, s2:0.0.0.0:36922], old=null RUNNING
  s4:  RUNNING CANDIDATE s4@group-3304ABEC3031:t4, leader=null, voted=s4, raftlog=s4@group-3304ABEC3031-SegmentedRaftLog:OPENED:c-1,f-1,i0, conf=-1: [s3:0.0.0.0:44480, s4:0.0.0.0:36765, s0:0.0.0.0:35450, s1:0.0.0.0:44404, s2:0.0.0.0:36922], old=null RUNNING
  s0:  RUNNING CANDIDATE s0@group-3304ABEC3031:t4, leader=null, voted=s0, raftlog=s0@group-3304ABEC3031-SegmentedRaftLog:OPENED:c-1,f-1,i0, conf=-1: [s3:0.0.0.0:44480, s4:0.0.0.0:36765, s0:0.0.0.0:35450, s1:0.0.0.0:44404, s2:0.0.0.0:36922], old=null RUNNING
  s1:  RUNNING CANDIDATE s1@group-3304ABEC3031:t4, leader=null, voted=s1, raftlog=s1@group-3304ABEC3031-SegmentedRaftLog:OPENED:c-1,f-1,i0, conf=-1: [s3:0.0.0.0:44480, s4:0.0.0.0:36765, s0:0.0.0.0:35450, s1:0.0.0.0:44404, s2:0.0.0.0:36922], old=null RUNNING
  s2:  RUNNING CANDIDATE s2@group-3304ABEC3031:t4, leader=null, voted=s2, raftlog=s2@group-3304ABEC3031-SegmentedRaftLog:OPENED:c-1,f-1,i0, conf=-1: [s3:0.0.0.0:44480, s4:0.0.0.0:36765, s0:0.0.0.0:35450, s1:0.0.0.0:44404, s2:0.0.0.0:36922], old=null RUNNING, sleep 450ms and then retry.
java.lang.IllegalStateException: No leader yet : printing ALL groups
  s3:  RUNNING CANDIDATE s3@group-3304ABEC3031:t4, leader=null, voted=s3, raftlog=s3@group-3304ABEC3031-SegmentedRaftLog:OPENED:c-1,f-1,i0, conf=-1: [s3:0.0.0.0:44480, s4:0.0.0.0:36765, s0:0.0.0.0:35450, s1:0.0.0.0:44404, s2:0.0.0.0:36922], old=null RUNNING
  s4:  RUNNING CANDIDATE s4@group-3304ABEC3031:t4, leader=null, voted=s4, raftlog=s4@group-3304ABEC3031-SegmentedRaftLog:OPENED:c-1,f-1,i0, conf=-1: [s3:0.0.0.0:44480, s4:0.0.0.0:36765, s0:0.0.0.0:35450, s1:0.0.0.0:44404, s2:0.0.0.0:36922], old=null RUNNING
  s0:  RUNNING CANDIDATE s0@group-3304ABEC3031:t4, leader=null, voted=s0, raftlog=s0@group-3304ABEC3031-SegmentedRaftLog:OPENED:c-1,f-1,i0, conf=-1: [s3:0.0.0.0:44480, s4:0.0.0.0:36765, s0:0.0.0.0:35450, s1:0.0.0.0:44404, s2:0.0.0.0:36922], old=null RUNNING
  s1:  RUNNING CANDIDATE s1@group-3304ABEC3031:t4, leader=null, voted=s1, raftlog=s1@group-3304ABEC3031-SegmentedRaftLog:OPENED:c-1,f-1,i0, conf=-1: [s3:0.0.0.0:44480, s4:0.0.0.0:36765, s0:0.0.0.0:35450, s1:0.0.0.0:44404, s2:0.0.0.0:36922], old=null RUNNING
  s2:  RUNNING CANDIDATE s2@group-3304ABEC3031:t4, leader=null, voted=s2, raftlog=s2@group-3304ABEC3031-SegmentedRaftLog:OPENED:c-1,f-1,i0, conf=-1: [s3:0.0.0.0:44480, s4:0.0.0.0:36765, s0:0.0.0.0:35450, s1:0.0.0.0:44404, s2:0.0.0.0:36922], old=null RUNNING
	at org.apache.ratis.MiniRaftCluster.newIllegalStateExceptionForNoLeaders(MiniRaftCluster.java:506)
	at org.apache.ratis.RaftTestUtil.lambda$waitForLeader$1(RaftTestUtil.java:90)
	at org.apache.ratis.MiniRaftCluster.getLeader(MiniRaftCluster.java:539)
	at org.apache.ratis.MiniRaftCluster.getLeader(MiniRaftCluster.java:532)
	at org.apache.ratis.RaftTestUtil.lambda$waitForLeader$3(RaftTestUtil.java:98)
	at org.apache.ratis.util.JavaUtils.attempt(JavaUtils.java:152)
	at org.apache.ratis.RaftTestUtil.waitForLeader(RaftTestUtil.java:97)
	at org.apache.ratis.RaftTestUtil.waitForLeader(RaftTestUtil.java:77)
	at org.apache.ratis.RaftTestUtil.waitForLeader(RaftTestUtil.java:72)
	at org.apache.ratis.server.impl.LeaderElectionTests.testEnforceLeader(LeaderElectionTests.java:95)
	at sun.reflect.NativeMethodAccessorImpl.invoke0(Native Method)
	at sun.reflect.NativeMethodAccessorImpl.invoke(NativeMethodAccessorImpl.java:62)
	at sun.reflect.DelegatingMethodAccessorImpl.invoke(DelegatingMethodAccessorImpl.java:43)
	at java.lang.reflect.Method.invoke(Method.java:498)
	at org.junit.runners.model.FrameworkMethod$1.runReflectiveCall(FrameworkMethod.java:50)
	at org.junit.internal.runners.model.ReflectiveCallable.run(ReflectiveCallable.java:12)
	at org.junit.runners.model.FrameworkMethod.invokeExplosively(FrameworkMethod.java:47)
	at org.junit.internal.runners.statements.InvokeMethod.evaluate(InvokeMethod.java:17)
	at org.junit.internal.runners.statements.RunAfters.evaluate(RunAfters.java:27)
	at org.junit.internal.runners.statements.FailOnTimeout$CallableStatement.call(FailOnTimeout.java:298)
	at org.junit.internal.runners.statements.FailOnTimeout$CallableStatement.call(FailOnTimeout.java:292)
	at java.util.concurrent.FutureTask.run(FutureTask.java:266)
	at java.lang.Thread.run(Thread.java:748)
2019-09-24 17:09:37,787 WARN  ratis.RaftTestUtil (JavaUtils.java:attempt(158)) - FAILED "waitForLeader-null-(expectLeader? true)", attempt #12/100: java.lang.IllegalStateException: No leader yet : printing ALL groups
  s3:  RUNNING CANDIDATE s3@group-3304ABEC3031:t4, leader=null, voted=s3, raftlog=s3@group-3304ABEC3031-SegmentedRaftLog:OPENED:c-1,f-1,i0, conf=-1: [s3:0.0.0.0:44480, s4:0.0.0.0:36765, s0:0.0.0.0:35450, s1:0.0.0.0:44404, s2:0.0.0.0:36922], old=null RUNNING
  s4:  RUNNING CANDIDATE s4@group-3304ABEC3031:t4, leader=null, voted=s4, raftlog=s4@group-3304ABEC3031-SegmentedRaftLog:OPENED:c-1,f-1,i0, conf=-1: [s3:0.0.0.0:44480, s4:0.0.0.0:36765, s0:0.0.0.0:35450, s1:0.0.0.0:44404, s2:0.0.0.0:36922], old=null RUNNING
  s0:  RUNNING CANDIDATE s0@group-3304ABEC3031:t4, leader=null, voted=s0, raftlog=s0@group-3304ABEC3031-SegmentedRaftLog:OPENED:c-1,f-1,i0, conf=-1: [s3:0.0.0.0:44480, s4:0.0.0.0:36765, s0:0.0.0.0:35450, s1:0.0.0.0:44404, s2:0.0.0.0:36922], old=null RUNNING
  s1:  RUNNING CANDIDATE s1@group-3304ABEC3031:t4, leader=null, voted=s1, raftlog=s1@group-3304ABEC3031-SegmentedRaftLog:OPENED:c-1,f-1,i0, conf=-1: [s3:0.0.0.0:44480, s4:0.0.0.0:36765, s0:0.0.0.0:35450, s1:0.0.0.0:44404, s2:0.0.0.0:36922], old=null RUNNING
  s2:  RUNNING CANDIDATE s2@group-3304ABEC3031:t4, leader=null, voted=s2, raftlog=s2@group-3304ABEC3031-SegmentedRaftLog:OPENED:c-1,f-1,i0, conf=-1: [s3:0.0.0.0:44480, s4:0.0.0.0:36765, s0:0.0.0.0:35450, s1:0.0.0.0:44404, s2:0.0.0.0:36922], old=null RUNNING, sleep 450ms and then retry.
java.lang.IllegalStateException: No leader yet : printing ALL groups
  s3:  RUNNING CANDIDATE s3@group-3304ABEC3031:t4, leader=null, voted=s3, raftlog=s3@group-3304ABEC3031-SegmentedRaftLog:OPENED:c-1,f-1,i0, conf=-1: [s3:0.0.0.0:44480, s4:0.0.0.0:36765, s0:0.0.0.0:35450, s1:0.0.0.0:44404, s2:0.0.0.0:36922], old=null RUNNING
  s4:  RUNNING CANDIDATE s4@group-3304ABEC3031:t4, leader=null, voted=s4, raftlog=s4@group-3304ABEC3031-SegmentedRaftLog:OPENED:c-1,f-1,i0, conf=-1: [s3:0.0.0.0:44480, s4:0.0.0.0:36765, s0:0.0.0.0:35450, s1:0.0.0.0:44404, s2:0.0.0.0:36922], old=null RUNNING
  s0:  RUNNING CANDIDATE s0@group-3304ABEC3031:t4, leader=null, voted=s0, raftlog=s0@group-3304ABEC3031-SegmentedRaftLog:OPENED:c-1,f-1,i0, conf=-1: [s3:0.0.0.0:44480, s4:0.0.0.0:36765, s0:0.0.0.0:35450, s1:0.0.0.0:44404, s2:0.0.0.0:36922], old=null RUNNING
  s1:  RUNNING CANDIDATE s1@group-3304ABEC3031:t4, leader=null, voted=s1, raftlog=s1@group-3304ABEC3031-SegmentedRaftLog:OPENED:c-1,f-1,i0, conf=-1: [s3:0.0.0.0:44480, s4:0.0.0.0:36765, s0:0.0.0.0:35450, s1:0.0.0.0:44404, s2:0.0.0.0:36922], old=null RUNNING
  s2:  RUNNING CANDIDATE s2@group-3304ABEC3031:t4, leader=null, voted=s2, raftlog=s2@group-3304ABEC3031-SegmentedRaftLog:OPENED:c-1,f-1,i0, conf=-1: [s3:0.0.0.0:44480, s4:0.0.0.0:36765, s0:0.0.0.0:35450, s1:0.0.0.0:44404, s2:0.0.0.0:36922], old=null RUNNING
	at org.apache.ratis.MiniRaftCluster.newIllegalStateExceptionForNoLeaders(MiniRaftCluster.java:506)
	at org.apache.ratis.RaftTestUtil.lambda$waitForLeader$1(RaftTestUtil.java:90)
	at org.apache.ratis.MiniRaftCluster.getLeader(MiniRaftCluster.java:539)
	at org.apache.ratis.MiniRaftCluster.getLeader(MiniRaftCluster.java:532)
	at org.apache.ratis.RaftTestUtil.lambda$waitForLeader$3(RaftTestUtil.java:98)
	at org.apache.ratis.util.JavaUtils.attempt(JavaUtils.java:152)
	at org.apache.ratis.RaftTestUtil.waitForLeader(RaftTestUtil.java:97)
	at org.apache.ratis.RaftTestUtil.waitForLeader(RaftTestUtil.java:77)
	at org.apache.ratis.RaftTestUtil.waitForLeader(RaftTestUtil.java:72)
	at org.apache.ratis.server.impl.LeaderElectionTests.testEnforceLeader(LeaderElectionTests.java:95)
	at sun.reflect.NativeMethodAccessorImpl.invoke0(Native Method)
	at sun.reflect.NativeMethodAccessorImpl.invoke(NativeMethodAccessorImpl.java:62)
	at sun.reflect.DelegatingMethodAccessorImpl.invoke(DelegatingMethodAccessorImpl.java:43)
	at java.lang.reflect.Method.invoke(Method.java:498)
	at org.junit.runners.model.FrameworkMethod$1.runReflectiveCall(FrameworkMethod.java:50)
	at org.junit.internal.runners.model.ReflectiveCallable.run(ReflectiveCallable.java:12)
	at org.junit.runners.model.FrameworkMethod.invokeExplosively(FrameworkMethod.java:47)
	at org.junit.internal.runners.statements.InvokeMethod.evaluate(InvokeMethod.java:17)
	at org.junit.internal.runners.statements.RunAfters.evaluate(RunAfters.java:27)
	at org.junit.internal.runners.statements.FailOnTimeout$CallableStatement.call(FailOnTimeout.java:298)
	at org.junit.internal.runners.statements.FailOnTimeout$CallableStatement.call(FailOnTimeout.java:292)
	at java.util.concurrent.FutureTask.run(FutureTask.java:266)
	at java.lang.Thread.run(Thread.java:748)
2019-09-24 17:09:38,240 WARN  ratis.RaftTestUtil (JavaUtils.java:attempt(158)) - FAILED "waitForLeader-null-(expectLeader? true)", attempt #13/100: java.lang.IllegalStateException: No leader yet : printing ALL groups
  s3:  RUNNING CANDIDATE s3@group-3304ABEC3031:t4, leader=null, voted=s3, raftlog=s3@group-3304ABEC3031-SegmentedRaftLog:OPENED:c-1,f-1,i0, conf=-1: [s3:0.0.0.0:44480, s4:0.0.0.0:36765, s0:0.0.0.0:35450, s1:0.0.0.0:44404, s2:0.0.0.0:36922], old=null RUNNING
  s4:  RUNNING CANDIDATE s4@group-3304ABEC3031:t4, leader=null, voted=s4, raftlog=s4@group-3304ABEC3031-SegmentedRaftLog:OPENED:c-1,f-1,i0, conf=-1: [s3:0.0.0.0:44480, s4:0.0.0.0:36765, s0:0.0.0.0:35450, s1:0.0.0.0:44404, s2:0.0.0.0:36922], old=null RUNNING
  s0:  RUNNING CANDIDATE s0@group-3304ABEC3031:t4, leader=null, voted=s0, raftlog=s0@group-3304ABEC3031-SegmentedRaftLog:OPENED:c-1,f-1,i0, conf=-1: [s3:0.0.0.0:44480, s4:0.0.0.0:36765, s0:0.0.0.0:35450, s1:0.0.0.0:44404, s2:0.0.0.0:36922], old=null RUNNING
  s1:  RUNNING CANDIDATE s1@group-3304ABEC3031:t4, leader=null, voted=s1, raftlog=s1@group-3304ABEC3031-SegmentedRaftLog:OPENED:c-1,f-1,i0, conf=-1: [s3:0.0.0.0:44480, s4:0.0.0.0:36765, s0:0.0.0.0:35450, s1:0.0.0.0:44404, s2:0.0.0.0:36922], old=null RUNNING
  s2:  RUNNING CANDIDATE s2@group-3304ABEC3031:t4, leader=null, voted=s2, raftlog=s2@group-3304ABEC3031-SegmentedRaftLog:OPENED:c-1,f-1,i0, conf=-1: [s3:0.0.0.0:44480, s4:0.0.0.0:36765, s0:0.0.0.0:35450, s1:0.0.0.0:44404, s2:0.0.0.0:36922], old=null RUNNING, sleep 450ms and then retry.
java.lang.IllegalStateException: No leader yet : printing ALL groups
  s3:  RUNNING CANDIDATE s3@group-3304ABEC3031:t4, leader=null, voted=s3, raftlog=s3@group-3304ABEC3031-SegmentedRaftLog:OPENED:c-1,f-1,i0, conf=-1: [s3:0.0.0.0:44480, s4:0.0.0.0:36765, s0:0.0.0.0:35450, s1:0.0.0.0:44404, s2:0.0.0.0:36922], old=null RUNNING
  s4:  RUNNING CANDIDATE s4@group-3304ABEC3031:t4, leader=null, voted=s4, raftlog=s4@group-3304ABEC3031-SegmentedRaftLog:OPENED:c-1,f-1,i0, conf=-1: [s3:0.0.0.0:44480, s4:0.0.0.0:36765, s0:0.0.0.0:35450, s1:0.0.0.0:44404, s2:0.0.0.0:36922], old=null RUNNING
  s0:  RUNNING CANDIDATE s0@group-3304ABEC3031:t4, leader=null, voted=s0, raftlog=s0@group-3304ABEC3031-SegmentedRaftLog:OPENED:c-1,f-1,i0, conf=-1: [s3:0.0.0.0:44480, s4:0.0.0.0:36765, s0:0.0.0.0:35450, s1:0.0.0.0:44404, s2:0.0.0.0:36922], old=null RUNNING
  s1:  RUNNING CANDIDATE s1@group-3304ABEC3031:t4, leader=null, voted=s1, raftlog=s1@group-3304ABEC3031-SegmentedRaftLog:OPENED:c-1,f-1,i0, conf=-1: [s3:0.0.0.0:44480, s4:0.0.0.0:36765, s0:0.0.0.0:35450, s1:0.0.0.0:44404, s2:0.0.0.0:36922], old=null RUNNING
  s2:  RUNNING CANDIDATE s2@group-3304ABEC3031:t4, leader=null, voted=s2, raftlog=s2@group-3304ABEC3031-SegmentedRaftLog:OPENED:c-1,f-1,i0, conf=-1: [s3:0.0.0.0:44480, s4:0.0.0.0:36765, s0:0.0.0.0:35450, s1:0.0.0.0:44404, s2:0.0.0.0:36922], old=null RUNNING
	at org.apache.ratis.MiniRaftCluster.newIllegalStateExceptionForNoLeaders(MiniRaftCluster.java:506)
	at org.apache.ratis.RaftTestUtil.lambda$waitForLeader$1(RaftTestUtil.java:90)
	at org.apache.ratis.MiniRaftCluster.getLeader(MiniRaftCluster.java:539)
	at org.apache.ratis.MiniRaftCluster.getLeader(MiniRaftCluster.java:532)
	at org.apache.ratis.RaftTestUtil.lambda$waitForLeader$3(RaftTestUtil.java:98)
	at org.apache.ratis.util.JavaUtils.attempt(JavaUtils.java:152)
	at org.apache.ratis.RaftTestUtil.waitForLeader(RaftTestUtil.java:97)
	at org.apache.ratis.RaftTestUtil.waitForLeader(RaftTestUtil.java:77)
	at org.apache.ratis.RaftTestUtil.waitForLeader(RaftTestUtil.java:72)
	at org.apache.ratis.server.impl.LeaderElectionTests.testEnforceLeader(LeaderElectionTests.java:95)
	at sun.reflect.NativeMethodAccessorImpl.invoke0(Native Method)
	at sun.reflect.NativeMethodAccessorImpl.invoke(NativeMethodAccessorImpl.java:62)
	at sun.reflect.DelegatingMethodAccessorImpl.invoke(DelegatingMethodAccessorImpl.java:43)
	at java.lang.reflect.Method.invoke(Method.java:498)
	at org.junit.runners.model.FrameworkMethod$1.runReflectiveCall(FrameworkMethod.java:50)
	at org.junit.internal.runners.model.ReflectiveCallable.run(ReflectiveCallable.java:12)
	at org.junit.runners.model.FrameworkMethod.invokeExplosively(FrameworkMethod.java:47)
	at org.junit.internal.runners.statements.InvokeMethod.evaluate(InvokeMethod.java:17)
	at org.junit.internal.runners.statements.RunAfters.evaluate(RunAfters.java:27)
	at org.junit.internal.runners.statements.FailOnTimeout$CallableStatement.call(FailOnTimeout.java:298)
	at org.junit.internal.runners.statements.FailOnTimeout$CallableStatement.call(FailOnTimeout.java:292)
	at java.util.concurrent.FutureTask.run(FutureTask.java:266)
	at java.lang.Thread.run(Thread.java:748)
2019-09-24 17:09:38,692 WARN  ratis.RaftTestUtil (JavaUtils.java:attempt(158)) - FAILED "waitForLeader-null-(expectLeader? true)", attempt #14/100: java.lang.IllegalStateException: No leader yet : printing ALL groups
  s3:  RUNNING CANDIDATE s3@group-3304ABEC3031:t4, leader=null, voted=s3, raftlog=s3@group-3304ABEC3031-SegmentedRaftLog:OPENED:c-1,f-1,i0, conf=-1: [s3:0.0.0.0:44480, s4:0.0.0.0:36765, s0:0.0.0.0:35450, s1:0.0.0.0:44404, s2:0.0.0.0:36922], old=null RUNNING
  s4:  RUNNING CANDIDATE s4@group-3304ABEC3031:t4, leader=null, voted=s4, raftlog=s4@group-3304ABEC3031-SegmentedRaftLog:OPENED:c-1,f-1,i0, conf=-1: [s3:0.0.0.0:44480, s4:0.0.0.0:36765, s0:0.0.0.0:35450, s1:0.0.0.0:44404, s2:0.0.0.0:36922], old=null RUNNING
  s0:  RUNNING CANDIDATE s0@group-3304ABEC3031:t4, leader=null, voted=s0, raftlog=s0@group-3304ABEC3031-SegmentedRaftLog:OPENED:c-1,f-1,i0, conf=-1: [s3:0.0.0.0:44480, s4:0.0.0.0:36765, s0:0.0.0.0:35450, s1:0.0.0.0:44404, s2:0.0.0.0:36922], old=null RUNNING
  s1:  RUNNING CANDIDATE s1@group-3304ABEC3031:t4, leader=null, voted=s1, raftlog=s1@group-3304ABEC3031-SegmentedRaftLog:OPENED:c-1,f-1,i0, conf=-1: [s3:0.0.0.0:44480, s4:0.0.0.0:36765, s0:0.0.0.0:35450, s1:0.0.0.0:44404, s2:0.0.0.0:36922], old=null RUNNING
  s2:  RUNNING CANDIDATE s2@group-3304ABEC3031:t4, leader=null, voted=s2, raftlog=s2@group-3304ABEC3031-SegmentedRaftLog:OPENED:c-1,f-1,i0, conf=-1: [s3:0.0.0.0:44480, s4:0.0.0.0:36765, s0:0.0.0.0:35450, s1:0.0.0.0:44404, s2:0.0.0.0:36922], old=null RUNNING, sleep 450ms and then retry.
java.lang.IllegalStateException: No leader yet : printing ALL groups
  s3:  RUNNING CANDIDATE s3@group-3304ABEC3031:t4, leader=null, voted=s3, raftlog=s3@group-3304ABEC3031-SegmentedRaftLog:OPENED:c-1,f-1,i0, conf=-1: [s3:0.0.0.0:44480, s4:0.0.0.0:36765, s0:0.0.0.0:35450, s1:0.0.0.0:44404, s2:0.0.0.0:36922], old=null RUNNING
  s4:  RUNNING CANDIDATE s4@group-3304ABEC3031:t4, leader=null, voted=s4, raftlog=s4@group-3304ABEC3031-SegmentedRaftLog:OPENED:c-1,f-1,i0, conf=-1: [s3:0.0.0.0:44480, s4:0.0.0.0:36765, s0:0.0.0.0:35450, s1:0.0.0.0:44404, s2:0.0.0.0:36922], old=null RUNNING
  s0:  RUNNING CANDIDATE s0@group-3304ABEC3031:t4, leader=null, voted=s0, raftlog=s0@group-3304ABEC3031-SegmentedRaftLog:OPENED:c-1,f-1,i0, conf=-1: [s3:0.0.0.0:44480, s4:0.0.0.0:36765, s0:0.0.0.0:35450, s1:0.0.0.0:44404, s2:0.0.0.0:36922], old=null RUNNING
  s1:  RUNNING CANDIDATE s1@group-3304ABEC3031:t4, leader=null, voted=s1, raftlog=s1@group-3304ABEC3031-SegmentedRaftLog:OPENED:c-1,f-1,i0, conf=-1: [s3:0.0.0.0:44480, s4:0.0.0.0:36765, s0:0.0.0.0:35450, s1:0.0.0.0:44404, s2:0.0.0.0:36922], old=null RUNNING
  s2:  RUNNING CANDIDATE s2@group-3304ABEC3031:t4, leader=null, voted=s2, raftlog=s2@group-3304ABEC3031-SegmentedRaftLog:OPENED:c-1,f-1,i0, conf=-1: [s3:0.0.0.0:44480, s4:0.0.0.0:36765, s0:0.0.0.0:35450, s1:0.0.0.0:44404, s2:0.0.0.0:36922], old=null RUNNING
	at org.apache.ratis.MiniRaftCluster.newIllegalStateExceptionForNoLeaders(MiniRaftCluster.java:506)
	at org.apache.ratis.RaftTestUtil.lambda$waitForLeader$1(RaftTestUtil.java:90)
	at org.apache.ratis.MiniRaftCluster.getLeader(MiniRaftCluster.java:539)
	at org.apache.ratis.MiniRaftCluster.getLeader(MiniRaftCluster.java:532)
	at org.apache.ratis.RaftTestUtil.lambda$waitForLeader$3(RaftTestUtil.java:98)
	at org.apache.ratis.util.JavaUtils.attempt(JavaUtils.java:152)
	at org.apache.ratis.RaftTestUtil.waitForLeader(RaftTestUtil.java:97)
	at org.apache.ratis.RaftTestUtil.waitForLeader(RaftTestUtil.java:77)
	at org.apache.ratis.RaftTestUtil.waitForLeader(RaftTestUtil.java:72)
	at org.apache.ratis.server.impl.LeaderElectionTests.testEnforceLeader(LeaderElectionTests.java:95)
	at sun.reflect.NativeMethodAccessorImpl.invoke0(Native Method)
	at sun.reflect.NativeMethodAccessorImpl.invoke(NativeMethodAccessorImpl.java:62)
	at sun.reflect.DelegatingMethodAccessorImpl.invoke(DelegatingMethodAccessorImpl.java:43)
	at java.lang.reflect.Method.invoke(Method.java:498)
	at org.junit.runners.model.FrameworkMethod$1.runReflectiveCall(FrameworkMethod.java:50)
	at org.junit.internal.runners.model.ReflectiveCallable.run(ReflectiveCallable.java:12)
	at org.junit.runners.model.FrameworkMethod.invokeExplosively(FrameworkMethod.java:47)
	at org.junit.internal.runners.statements.InvokeMethod.evaluate(InvokeMethod.java:17)
	at org.junit.internal.runners.statements.RunAfters.evaluate(RunAfters.java:27)
	at org.junit.internal.runners.statements.FailOnTimeout$CallableStatement.call(FailOnTimeout.java:298)
	at org.junit.internal.runners.statements.FailOnTimeout$CallableStatement.call(FailOnTimeout.java:292)
	at java.util.concurrent.FutureTask.run(FutureTask.java:266)
	at java.lang.Thread.run(Thread.java:748)
2019-09-24 17:09:39,145 WARN  ratis.RaftTestUtil (JavaUtils.java:attempt(158)) - FAILED "waitForLeader-null-(expectLeader? true)", attempt #15/100: java.lang.IllegalStateException: No leader yet : printing ALL groups
  s3:  RUNNING CANDIDATE s3@group-3304ABEC3031:t4, leader=null, voted=s3, raftlog=s3@group-3304ABEC3031-SegmentedRaftLog:OPENED:c-1,f-1,i0, conf=-1: [s3:0.0.0.0:44480, s4:0.0.0.0:36765, s0:0.0.0.0:35450, s1:0.0.0.0:44404, s2:0.0.0.0:36922], old=null RUNNING
  s4:  RUNNING CANDIDATE s4@group-3304ABEC3031:t4, leader=null, voted=s4, raftlog=s4@group-3304ABEC3031-SegmentedRaftLog:OPENED:c-1,f-1,i0, conf=-1: [s3:0.0.0.0:44480, s4:0.0.0.0:36765, s0:0.0.0.0:35450, s1:0.0.0.0:44404, s2:0.0.0.0:36922], old=null RUNNING
  s0:  RUNNING CANDIDATE s0@group-3304ABEC3031:t4, leader=null, voted=s0, raftlog=s0@group-3304ABEC3031-SegmentedRaftLog:OPENED:c-1,f-1,i0, conf=-1: [s3:0.0.0.0:44480, s4:0.0.0.0:36765, s0:0.0.0.0:35450, s1:0.0.0.0:44404, s2:0.0.0.0:36922], old=null RUNNING
  s1:  RUNNING CANDIDATE s1@group-3304ABEC3031:t4, leader=null, voted=s1, raftlog=s1@group-3304ABEC3031-SegmentedRaftLog:OPENED:c-1,f-1,i0, conf=-1: [s3:0.0.0.0:44480, s4:0.0.0.0:36765, s0:0.0.0.0:35450, s1:0.0.0.0:44404, s2:0.0.0.0:36922], old=null RUNNING
  s2:  RUNNING CANDIDATE s2@group-3304ABEC3031:t4, leader=null, voted=s2, raftlog=s2@group-3304ABEC3031-SegmentedRaftLog:OPENED:c-1,f-1,i0, conf=-1: [s3:0.0.0.0:44480, s4:0.0.0.0:36765, s0:0.0.0.0:35450, s1:0.0.0.0:44404, s2:0.0.0.0:36922], old=null RUNNING, sleep 450ms and then retry.
java.lang.IllegalStateException: No leader yet : printing ALL groups
  s3:  RUNNING CANDIDATE s3@group-3304ABEC3031:t4, leader=null, voted=s3, raftlog=s3@group-3304ABEC3031-SegmentedRaftLog:OPENED:c-1,f-1,i0, conf=-1: [s3:0.0.0.0:44480, s4:0.0.0.0:36765, s0:0.0.0.0:35450, s1:0.0.0.0:44404, s2:0.0.0.0:36922], old=null RUNNING
  s4:  RUNNING CANDIDATE s4@group-3304ABEC3031:t4, leader=null, voted=s4, raftlog=s4@group-3304ABEC3031-SegmentedRaftLog:OPENED:c-1,f-1,i0, conf=-1: [s3:0.0.0.0:44480, s4:0.0.0.0:36765, s0:0.0.0.0:35450, s1:0.0.0.0:44404, s2:0.0.0.0:36922], old=null RUNNING
  s0:  RUNNING CANDIDATE s0@group-3304ABEC3031:t4, leader=null, voted=s0, raftlog=s0@group-3304ABEC3031-SegmentedRaftLog:OPENED:c-1,f-1,i0, conf=-1: [s3:0.0.0.0:44480, s4:0.0.0.0:36765, s0:0.0.0.0:35450, s1:0.0.0.0:44404, s2:0.0.0.0:36922], old=null RUNNING
  s1:  RUNNING CANDIDATE s1@group-3304ABEC3031:t4, leader=null, voted=s1, raftlog=s1@group-3304ABEC3031-SegmentedRaftLog:OPENED:c-1,f-1,i0, conf=-1: [s3:0.0.0.0:44480, s4:0.0.0.0:36765, s0:0.0.0.0:35450, s1:0.0.0.0:44404, s2:0.0.0.0:36922], old=null RUNNING
  s2:  RUNNING CANDIDATE s2@group-3304ABEC3031:t4, leader=null, voted=s2, raftlog=s2@group-3304ABEC3031-SegmentedRaftLog:OPENED:c-1,f-1,i0, conf=-1: [s3:0.0.0.0:44480, s4:0.0.0.0:36765, s0:0.0.0.0:35450, s1:0.0.0.0:44404, s2:0.0.0.0:36922], old=null RUNNING
	at org.apache.ratis.MiniRaftCluster.newIllegalStateExceptionForNoLeaders(MiniRaftCluster.java:506)
	at org.apache.ratis.RaftTestUtil.lambda$waitForLeader$1(RaftTestUtil.java:90)
	at org.apache.ratis.MiniRaftCluster.getLeader(MiniRaftCluster.java:539)
	at org.apache.ratis.MiniRaftCluster.getLeader(MiniRaftCluster.java:532)
	at org.apache.ratis.RaftTestUtil.lambda$waitForLeader$3(RaftTestUtil.java:98)
	at org.apache.ratis.util.JavaUtils.attempt(JavaUtils.java:152)
	at org.apache.ratis.RaftTestUtil.waitForLeader(RaftTestUtil.java:97)
	at org.apache.ratis.RaftTestUtil.waitForLeader(RaftTestUtil.java:77)
	at org.apache.ratis.RaftTestUtil.waitForLeader(RaftTestUtil.java:72)
	at org.apache.ratis.server.impl.LeaderElectionTests.testEnforceLeader(LeaderElectionTests.java:95)
	at sun.reflect.NativeMethodAccessorImpl.invoke0(Native Method)
	at sun.reflect.NativeMethodAccessorImpl.invoke(NativeMethodAccessorImpl.java:62)
	at sun.reflect.DelegatingMethodAccessorImpl.invoke(DelegatingMethodAccessorImpl.java:43)
	at java.lang.reflect.Method.invoke(Method.java:498)
	at org.junit.runners.model.FrameworkMethod$1.runReflectiveCall(FrameworkMethod.java:50)
	at org.junit.internal.runners.model.ReflectiveCallable.run(ReflectiveCallable.java:12)
	at org.junit.runners.model.FrameworkMethod.invokeExplosively(FrameworkMethod.java:47)
	at org.junit.internal.runners.statements.InvokeMethod.evaluate(InvokeMethod.java:17)
	at org.junit.internal.runners.statements.RunAfters.evaluate(RunAfters.java:27)
	at org.junit.internal.runners.statements.FailOnTimeout$CallableStatement.call(FailOnTimeout.java:298)
	at org.junit.internal.runners.statements.FailOnTimeout$CallableStatement.call(FailOnTimeout.java:292)
	at java.util.concurrent.FutureTask.run(FutureTask.java:266)
	at java.lang.Thread.run(Thread.java:748)
2019-09-24 17:09:39,321 INFO  impl.LeaderElection (LeaderElection.java:askForVotes(178)) - s2@group-3304ABEC3031-LeaderElection18: begin an election at term 4 for -1: [s3:0.0.0.0:44480, s4:0.0.0.0:36765, s0:0.0.0.0:35450, s1:0.0.0.0:44404, s2:0.0.0.0:36922], old=null
2019-09-24 17:09:39,321 INFO  impl.LeaderElection (LeaderElection.java:askForVotes(178)) - s1@group-3304ABEC3031-LeaderElection17: begin an election at term 4 for -1: [s3:0.0.0.0:44480, s4:0.0.0.0:36765, s0:0.0.0.0:35450, s1:0.0.0.0:44404, s2:0.0.0.0:36922], old=null
2019-09-24 17:09:39,321 INFO  impl.LeaderElection (LeaderElection.java:askForVotes(178)) - s3@group-3304ABEC3031-LeaderElection15: begin an election at term 4 for -1: [s3:0.0.0.0:44480, s4:0.0.0.0:36765, s0:0.0.0.0:35450, s1:0.0.0.0:44404, s2:0.0.0.0:36922], old=null
2019-09-24 17:09:39,321 INFO  impl.LeaderElection (LeaderElection.java:askForVotes(178)) - s4@group-3304ABEC3031-LeaderElection16: begin an election at term 4 for -1: [s3:0.0.0.0:44480, s4:0.0.0.0:36765, s0:0.0.0.0:35450, s1:0.0.0.0:44404, s2:0.0.0.0:36922], old=null
2019-09-24 17:09:39,321 INFO  impl.LeaderElection (LeaderElection.java:askForVotes(178)) - s0@group-3304ABEC3031-LeaderElection19: begin an election at term 4 for -1: [s3:0.0.0.0:44480, s4:0.0.0.0:36765, s0:0.0.0.0:35450, s1:0.0.0.0:44404, s2:0.0.0.0:36922], old=null
2019-09-24 17:09:39,323 DEBUG impl.RaftServerImpl (RaftServerImpl.java:requestVote(743)) - s3@group-3304ABEC3031: receive requestVote(s2, group-3304ABEC3031, 4, (t:0, i:0))
2019-09-24 17:09:39,323 DEBUG impl.RaftServerImpl (RaftServerImpl.java:requestVote(743)) - s3@group-3304ABEC3031: receive requestVote(s1, group-3304ABEC3031, 4, (t:0, i:0))
2019-09-24 17:09:39,324 DEBUG impl.RaftServerImpl (RaftServerImpl.java:requestVote(743)) - s4@group-3304ABEC3031: receive requestVote(s3, group-3304ABEC3031, 4, (t:0, i:0))
2019-09-24 17:09:39,324 DEBUG impl.RaftServerImpl (RaftServerImpl.java:requestVote(743)) - s0@group-3304ABEC3031: receive requestVote(s2, group-3304ABEC3031, 4, (t:0, i:0))
2019-09-24 17:09:39,323 DEBUG impl.RaftServerImpl (RaftServerImpl.java:requestVote(743)) - s4@group-3304ABEC3031: receive requestVote(s2, group-3304ABEC3031, 4, (t:0, i:0))
2019-09-24 17:09:39,324 DEBUG impl.RaftServerImpl (RaftServerImpl.java:requestVote(775)) - s0@group-3304ABEC3031 replies to vote request: s2<-s0#0:FAIL-t4. Peer's state: s0@group-3304ABEC3031:t4, leader=null, voted=s0, raftlog=s0@group-3304ABEC3031-SegmentedRaftLog:OPENED:c-1,f-1,i0, conf=-1: [s3:0.0.0.0:44480, s4:0.0.0.0:36765, s0:0.0.0.0:35450, s1:0.0.0.0:44404, s2:0.0.0.0:36922], old=null
2019-09-24 17:09:39,324 DEBUG impl.RaftServerImpl (RaftServerImpl.java:requestVote(775)) - s4@group-3304ABEC3031 replies to vote request: s3<-s4#0:FAIL-t4. Peer's state: s4@group-3304ABEC3031:t4, leader=null, voted=s4, raftlog=s4@group-3304ABEC3031-SegmentedRaftLog:OPENED:c-1,f-1,i0, conf=-1: [s3:0.0.0.0:44480, s4:0.0.0.0:36765, s0:0.0.0.0:35450, s1:0.0.0.0:44404, s2:0.0.0.0:36922], old=null
2019-09-24 17:09:39,324 DEBUG impl.RaftServerImpl (RaftServerImpl.java:requestVote(743)) - s0@group-3304ABEC3031: receive requestVote(s3, group-3304ABEC3031, 4, (t:0, i:0))
2019-09-24 17:09:39,324 DEBUG impl.RaftServerImpl (RaftServerImpl.java:requestVote(775)) - s3@group-3304ABEC3031 replies to vote request: s2<-s3#0:FAIL-t4. Peer's state: s3@group-3304ABEC3031:t4, leader=null, voted=s3, raftlog=s3@group-3304ABEC3031-SegmentedRaftLog:OPENED:c-1,f-1,i0, conf=-1: [s3:0.0.0.0:44480, s4:0.0.0.0:36765, s0:0.0.0.0:35450, s1:0.0.0.0:44404, s2:0.0.0.0:36922], old=null
2019-09-24 17:09:39,342 DEBUG impl.RaftServerImpl (RaftServerImpl.java:requestVote(775)) - s0@group-3304ABEC3031 replies to vote request: s3<-s0#0:FAIL-t4. Peer's state: s0@group-3304ABEC3031:t4, leader=null, voted=s0, raftlog=s0@group-3304ABEC3031-SegmentedRaftLog:OPENED:c-1,f-1,i0, conf=-1: [s3:0.0.0.0:44480, s4:0.0.0.0:36765, s0:0.0.0.0:35450, s1:0.0.0.0:44404, s2:0.0.0.0:36922], old=null
2019-09-24 17:09:39,342 DEBUG impl.RaftServerImpl (RaftServerImpl.java:requestVote(775)) - s3@group-3304ABEC3031 replies to vote request: s1<-s3#0:FAIL-t4. Peer's state: s3@group-3304ABEC3031:t4, leader=null, voted=s3, raftlog=s3@group-3304ABEC3031-SegmentedRaftLog:OPENED:c-1,f-1,i0, conf=-1: [s3:0.0.0.0:44480, s4:0.0.0.0:36765, s0:0.0.0.0:35450, s1:0.0.0.0:44404, s2:0.0.0.0:36922], old=null
2019-09-24 17:09:39,341 DEBUG impl.RaftServerImpl (RaftServerImpl.java:requestVote(775)) - s4@group-3304ABEC3031 replies to vote request: s2<-s4#0:FAIL-t4. Peer's state: s4@group-3304ABEC3031:t4, leader=null, voted=s4, raftlog=s4@group-3304ABEC3031-SegmentedRaftLog:OPENED:c-1,f-1,i0, conf=-1: [s3:0.0.0.0:44480, s4:0.0.0.0:36765, s0:0.0.0.0:35450, s1:0.0.0.0:44404, s2:0.0.0.0:36922], old=null
2019-09-24 17:09:39,341 DEBUG impl.RaftServerImpl (RaftServerImpl.java:requestVote(743)) - s1@group-3304ABEC3031: receive requestVote(s2, group-3304ABEC3031, 4, (t:0, i:0))
2019-09-24 17:09:39,341 DEBUG impl.RaftServerImpl (RaftServerImpl.java:requestVote(743)) - s0@group-3304ABEC3031: receive requestVote(s4, group-3304ABEC3031, 4, (t:0, i:0))
2019-09-24 17:09:39,341 DEBUG impl.RaftServerImpl (RaftServerImpl.java:requestVote(743)) - s4@group-3304ABEC3031: receive requestVote(s0, group-3304ABEC3031, 4, (t:0, i:0))
2019-09-24 17:09:39,324 DEBUG impl.RaftServerImpl (RaftServerImpl.java:requestVote(743)) - s3@group-3304ABEC3031: receive requestVote(s4, group-3304ABEC3031, 4, (t:0, i:0))
2019-09-24 17:09:39,340 DEBUG impl.RaftServerImpl (RaftServerImpl.java:requestVote(743)) - s1@group-3304ABEC3031: receive requestVote(s3, group-3304ABEC3031, 4, (t:0, i:0))
2019-09-24 17:09:39,343 DEBUG impl.RaftServerImpl (RaftServerImpl.java:requestVote(775)) - s3@group-3304ABEC3031 replies to vote request: s4<-s3#0:FAIL-t4. Peer's state: s3@group-3304ABEC3031:t4, leader=null, voted=s3, raftlog=s3@group-3304ABEC3031-SegmentedRaftLog:OPENED:c-1,f-1,i0, conf=-1: [s3:0.0.0.0:44480, s4:0.0.0.0:36765, s0:0.0.0.0:35450, s1:0.0.0.0:44404, s2:0.0.0.0:36922], old=null
2019-09-24 17:09:39,343 DEBUG impl.RaftServerImpl (RaftServerImpl.java:requestVote(775)) - s4@group-3304ABEC3031 replies to vote request: s0<-s4#0:FAIL-t4. Peer's state: s4@group-3304ABEC3031:t4, leader=null, voted=s4, raftlog=s4@group-3304ABEC3031-SegmentedRaftLog:OPENED:c-1,f-1,i0, conf=-1: [s3:0.0.0.0:44480, s4:0.0.0.0:36765, s0:0.0.0.0:35450, s1:0.0.0.0:44404, s2:0.0.0.0:36922], old=null
2019-09-24 17:09:39,343 DEBUG impl.RaftServerImpl (RaftServerImpl.java:requestVote(775)) - s0@group-3304ABEC3031 replies to vote request: s4<-s0#0:FAIL-t4. Peer's state: s0@group-3304ABEC3031:t4, leader=null, voted=s0, raftlog=s0@group-3304ABEC3031-SegmentedRaftLog:OPENED:c-1,f-1,i0, conf=-1: [s3:0.0.0.0:44480, s4:0.0.0.0:36765, s0:0.0.0.0:35450, s1:0.0.0.0:44404, s2:0.0.0.0:36922], old=null
2019-09-24 17:09:39,343 DEBUG impl.RaftServerImpl (RaftServerImpl.java:requestVote(775)) - s1@group-3304ABEC3031 replies to vote request: s2<-s1#0:FAIL-t4. Peer's state: s1@group-3304ABEC3031:t4, leader=null, voted=s1, raftlog=s1@group-3304ABEC3031-SegmentedRaftLog:OPENED:c-1,f-1,i0, conf=-1: [s3:0.0.0.0:44480, s4:0.0.0.0:36765, s0:0.0.0.0:35450, s1:0.0.0.0:44404, s2:0.0.0.0:36922], old=null
2019-09-24 17:09:39,342 DEBUG impl.RaftServerImpl (RaftServerImpl.java:requestVote(743)) - s2@group-3304ABEC3031: receive requestVote(s3, group-3304ABEC3031, 4, (t:0, i:0))
2019-09-24 17:09:39,342 DEBUG impl.RaftServerImpl (RaftServerImpl.java:requestVote(743)) - s2@group-3304ABEC3031: receive requestVote(s0, group-3304ABEC3031, 4, (t:0, i:0))
2019-09-24 17:09:39,342 DEBUG impl.RaftServerImpl (RaftServerImpl.java:requestVote(743)) - s2@group-3304ABEC3031: receive requestVote(s1, group-3304ABEC3031, 4, (t:0, i:0))
2019-09-24 17:09:39,342 DEBUG impl.RaftServerImpl (RaftServerImpl.java:requestVote(743)) - s1@group-3304ABEC3031: receive requestVote(s0, group-3304ABEC3031, 4, (t:0, i:0))
2019-09-24 17:09:39,344 DEBUG impl.RaftServerImpl (RaftServerImpl.java:requestVote(775)) - s2@group-3304ABEC3031 replies to vote request: s3<-s2#0:FAIL-t4. Peer's state: s2@group-3304ABEC3031:t4, leader=null, voted=s2, raftlog=s2@group-3304ABEC3031-SegmentedRaftLog:OPENED:c-1,f-1,i0, conf=-1: [s3:0.0.0.0:44480, s4:0.0.0.0:36765, s0:0.0.0.0:35450, s1:0.0.0.0:44404, s2:0.0.0.0:36922], old=null
2019-09-24 17:09:39,344 DEBUG impl.RaftServerImpl (RaftServerImpl.java:requestVote(775)) - s1@group-3304ABEC3031 replies to vote request: s3<-s1#0:FAIL-t4. Peer's state: s1@group-3304ABEC3031:t4, leader=null, voted=s1, raftlog=s1@group-3304ABEC3031-SegmentedRaftLog:OPENED:c-1,f-1,i0, conf=-1: [s3:0.0.0.0:44480, s4:0.0.0.0:36765, s0:0.0.0.0:35450, s1:0.0.0.0:44404, s2:0.0.0.0:36922], old=null
2019-09-24 17:09:39,345 DEBUG impl.RaftServerImpl (RaftServerImpl.java:requestVote(775)) - s2@group-3304ABEC3031 replies to vote request: s1<-s2#0:FAIL-t4. Peer's state: s2@group-3304ABEC3031:t4, leader=null, voted=s2, raftlog=s2@group-3304ABEC3031-SegmentedRaftLog:OPENED:c-1,f-1,i0, conf=-1: [s3:0.0.0.0:44480, s4:0.0.0.0:36765, s0:0.0.0.0:35450, s1:0.0.0.0:44404, s2:0.0.0.0:36922], old=null
2019-09-24 17:09:39,346 DEBUG impl.RaftServerImpl (RaftServerImpl.java:requestVote(775)) - s1@group-3304ABEC3031 replies to vote request: s0<-s1#0:FAIL-t4. Peer's state: s1@group-3304ABEC3031:t4, leader=null, voted=s1, raftlog=s1@group-3304ABEC3031-SegmentedRaftLog:OPENED:c-1,f-1,i0, conf=-1: [s3:0.0.0.0:44480, s4:0.0.0.0:36765, s0:0.0.0.0:35450, s1:0.0.0.0:44404, s2:0.0.0.0:36922], old=null
2019-09-24 17:09:39,346 DEBUG impl.RaftServerImpl (RaftServerImpl.java:requestVote(775)) - s2@group-3304ABEC3031 replies to vote request: s0<-s2#0:FAIL-t4. Peer's state: s2@group-3304ABEC3031:t4, leader=null, voted=s2, raftlog=s2@group-3304ABEC3031-SegmentedRaftLog:OPENED:c-1,f-1,i0, conf=-1: [s3:0.0.0.0:44480, s4:0.0.0.0:36765, s0:0.0.0.0:35450, s1:0.0.0.0:44404, s2:0.0.0.0:36922], old=null
2019-09-24 17:09:39,352 DEBUG impl.RaftServerImpl (RaftServerImpl.java:requestVote(743)) - s3@group-3304ABEC3031: receive requestVote(s0, group-3304ABEC3031, 4, (t:0, i:0))
2019-09-24 17:09:39,353 DEBUG impl.RaftServerImpl (RaftServerImpl.java:requestVote(775)) - s3@group-3304ABEC3031 replies to vote request: s0<-s3#0:FAIL-t4. Peer's state: s3@group-3304ABEC3031:t4, leader=null, voted=s3, raftlog=s3@group-3304ABEC3031-SegmentedRaftLog:OPENED:c-1,f-1,i0, conf=-1: [s3:0.0.0.0:44480, s4:0.0.0.0:36765, s0:0.0.0.0:35450, s1:0.0.0.0:44404, s2:0.0.0.0:36922], old=null
2019-09-24 17:09:39,354 DEBUG impl.RaftServerImpl (RaftServerImpl.java:requestVote(743)) - s0@group-3304ABEC3031: receive requestVote(s1, group-3304ABEC3031, 4, (t:0, i:0))
2019-09-24 17:09:39,355 DEBUG impl.RaftServerImpl (RaftServerImpl.java:requestVote(775)) - s0@group-3304ABEC3031 replies to vote request: s1<-s0#0:FAIL-t4. Peer's state: s0@group-3304ABEC3031:t4, leader=null, voted=s0, raftlog=s0@group-3304ABEC3031-SegmentedRaftLog:OPENED:c-1,f-1,i0, conf=-1: [s3:0.0.0.0:44480, s4:0.0.0.0:36765, s0:0.0.0.0:35450, s1:0.0.0.0:44404, s2:0.0.0.0:36922], old=null
2019-09-24 17:09:39,355 DEBUG impl.RaftServerImpl (RaftServerImpl.java:requestVote(743)) - s4@group-3304ABEC3031: receive requestVote(s1, group-3304ABEC3031, 4, (t:0, i:0))
2019-09-24 17:09:39,356 DEBUG impl.RaftServerImpl (RaftServerImpl.java:requestVote(743)) - s1@group-3304ABEC3031: receive requestVote(s4, group-3304ABEC3031, 4, (t:0, i:0))
2019-09-24 17:09:39,356 DEBUG impl.RaftServerImpl (RaftServerImpl.java:requestVote(743)) - s2@group-3304ABEC3031: receive requestVote(s4, group-3304ABEC3031, 4, (t:0, i:0))
2019-09-24 17:09:39,356 DEBUG impl.RaftServerImpl (RaftServerImpl.java:requestVote(775)) - s4@group-3304ABEC3031 replies to vote request: s1<-s4#0:FAIL-t4. Peer's state: s4@group-3304ABEC3031:t4, leader=null, voted=s4, raftlog=s4@group-3304ABEC3031-SegmentedRaftLog:OPENED:c-1,f-1,i0, conf=-1: [s3:0.0.0.0:44480, s4:0.0.0.0:36765, s0:0.0.0.0:35450, s1:0.0.0.0:44404, s2:0.0.0.0:36922], old=null
2019-09-24 17:09:39,356 DEBUG impl.RaftServerImpl (RaftServerImpl.java:requestVote(775)) - s2@group-3304ABEC3031 replies to vote request: s4<-s2#0:FAIL-t4. Peer's state: s2@group-3304ABEC3031:t4, leader=null, voted=s2, raftlog=s2@group-3304ABEC3031-SegmentedRaftLog:OPENED:c-1,f-1,i0, conf=-1: [s3:0.0.0.0:44480, s4:0.0.0.0:36765, s0:0.0.0.0:35450, s1:0.0.0.0:44404, s2:0.0.0.0:36922], old=null
2019-09-24 17:09:39,356 DEBUG impl.RaftServerImpl (RaftServerImpl.java:requestVote(775)) - s1@group-3304ABEC3031 replies to vote request: s4<-s1#0:FAIL-t4. Peer's state: s1@group-3304ABEC3031:t4, leader=null, voted=s1, raftlog=s1@group-3304ABEC3031-SegmentedRaftLog:OPENED:c-1,f-1,i0, conf=-1: [s3:0.0.0.0:44480, s4:0.0.0.0:36765, s0:0.0.0.0:35450, s1:0.0.0.0:44404, s2:0.0.0.0:36922], old=null
2019-09-24 17:09:39,360 INFO  impl.LeaderElection (LeaderElection.java:logAndReturn(56)) - s2@group-3304ABEC3031-LeaderElection18: Election REJECTED; received 4 response(s) [s2<-s3#0:FAIL-t4, s2<-s4#0:FAIL-t4, s2<-s0#0:FAIL-t4, s2<-s1#0:FAIL-t4] and 0 exception(s); s2@group-3304ABEC3031:t4, leader=null, voted=s2, raftlog=s2@group-3304ABEC3031-SegmentedRaftLog:OPENED:c-1,f-1,i0, conf=-1: [s3:0.0.0.0:44480, s4:0.0.0.0:36765, s0:0.0.0.0:35450, s1:0.0.0.0:44404, s2:0.0.0.0:36922], old=null
2019-09-24 17:09:39,360 INFO  impl.RaftServerImpl (RaftServerImpl.java:setRole(170)) - s2@group-3304ABEC3031: changes role from CANDIDATE to FOLLOWER at term 4 for DISCOVERED_A_NEW_TERM
2019-09-24 17:09:39,360 INFO  impl.RoleInfo (RoleInfo.java:shutdownLeaderElection(134)) - s2: shutdown LeaderElection
2019-09-24 17:09:39,361 INFO  impl.RoleInfo (RoleInfo.java:updateAndGet(143)) - s2: start FollowerState
2019-09-24 17:09:39,361 INFO  impl.LeaderElection (LeaderElection.java:logAndReturn(56)) - s3@group-3304ABEC3031-LeaderElection15: Election REJECTED; received 4 response(s) [s3<-s4#0:FAIL-t4, s3<-s0#0:FAIL-t4, s3<-s1#0:FAIL-t4, s3<-s2#0:FAIL-t4] and 0 exception(s); s3@group-3304ABEC3031:t4, leader=null, voted=s3, raftlog=s3@group-3304ABEC3031-SegmentedRaftLog:OPENED:c-1,f-1,i0, conf=-1: [s3:0.0.0.0:44480, s4:0.0.0.0:36765, s0:0.0.0.0:35450, s1:0.0.0.0:44404, s2:0.0.0.0:36922], old=null
2019-09-24 17:09:39,362 INFO  impl.RaftServerImpl (RaftServerImpl.java:setRole(170)) - s3@group-3304ABEC3031: changes role from CANDIDATE to FOLLOWER at term 4 for DISCOVERED_A_NEW_TERM
2019-09-24 17:09:39,362 INFO  impl.RoleInfo (RoleInfo.java:shutdownLeaderElection(134)) - s3: shutdown LeaderElection
2019-09-24 17:09:39,362 INFO  impl.RoleInfo (RoleInfo.java:updateAndGet(143)) - s3: start FollowerState
2019-09-24 17:09:39,372 INFO  impl.LeaderElection (LeaderElection.java:logAndReturn(56)) - s0@group-3304ABEC3031-LeaderElection19: Election REJECTED; received 4 response(s) [s0<-s3#0:FAIL-t4, s0<-s4#0:FAIL-t4, s0<-s1#0:FAIL-t4, s0<-s2#0:FAIL-t4] and 0 exception(s); s0@group-3304ABEC3031:t4, leader=null, voted=s0, raftlog=s0@group-3304ABEC3031-SegmentedRaftLog:OPENED:c-1,f-1,i0, conf=-1: [s3:0.0.0.0:44480, s4:0.0.0.0:36765, s0:0.0.0.0:35450, s1:0.0.0.0:44404, s2:0.0.0.0:36922], old=null
2019-09-24 17:09:39,373 INFO  impl.RaftServerImpl (RaftServerImpl.java:setRole(170)) - s0@group-3304ABEC3031: changes role from CANDIDATE to FOLLOWER at term 4 for DISCOVERED_A_NEW_TERM
2019-09-24 17:09:39,373 INFO  impl.RoleInfo (RoleInfo.java:shutdownLeaderElection(134)) - s0: shutdown LeaderElection
2019-09-24 17:09:39,373 INFO  impl.RoleInfo (RoleInfo.java:updateAndGet(143)) - s0: start FollowerState
2019-09-24 17:09:39,373 INFO  impl.LeaderElection (LeaderElection.java:logAndReturn(56)) - s1@group-3304ABEC3031-LeaderElection17: Election REJECTED; received 4 response(s) [s1<-s3#0:FAIL-t4, s1<-s4#0:FAIL-t4, s1<-s0#0:FAIL-t4, s1<-s2#0:FAIL-t4] and 0 exception(s); s1@group-3304ABEC3031:t4, leader=null, voted=s1, raftlog=s1@group-3304ABEC3031-SegmentedRaftLog:OPENED:c-1,f-1,i0, conf=-1: [s3:0.0.0.0:44480, s4:0.0.0.0:36765, s0:0.0.0.0:35450, s1:0.0.0.0:44404, s2:0.0.0.0:36922], old=null
2019-09-24 17:09:39,374 INFO  impl.RaftServerImpl (RaftServerImpl.java:setRole(170)) - s1@group-3304ABEC3031: changes role from CANDIDATE to FOLLOWER at term 4 for DISCOVERED_A_NEW_TERM
2019-09-24 17:09:39,374 INFO  impl.RoleInfo (RoleInfo.java:shutdownLeaderElection(134)) - s1: shutdown LeaderElection
2019-09-24 17:09:39,374 INFO  impl.LeaderElection (LeaderElection.java:logAndReturn(56)) - s4@group-3304ABEC3031-LeaderElection16: Election REJECTED; received 4 response(s) [s4<-s3#0:FAIL-t4, s4<-s0#0:FAIL-t4, s4<-s1#0:FAIL-t4, s4<-s2#0:FAIL-t4] and 0 exception(s); s4@group-3304ABEC3031:t4, leader=null, voted=s4, raftlog=s4@group-3304ABEC3031-SegmentedRaftLog:OPENED:c-1,f-1,i0, conf=-1: [s3:0.0.0.0:44480, s4:0.0.0.0:36765, s0:0.0.0.0:35450, s1:0.0.0.0:44404, s2:0.0.0.0:36922], old=null
2019-09-24 17:09:39,374 INFO  impl.RoleInfo (RoleInfo.java:updateAndGet(143)) - s1: start FollowerState
2019-09-24 17:09:39,374 INFO  impl.RaftServerImpl (RaftServerImpl.java:setRole(170)) - s4@group-3304ABEC3031: changes role from CANDIDATE to FOLLOWER at term 4 for DISCOVERED_A_NEW_TERM
2019-09-24 17:09:39,375 INFO  impl.RoleInfo (RoleInfo.java:shutdownLeaderElection(134)) - s4: shutdown LeaderElection
2019-09-24 17:09:39,375 INFO  impl.RoleInfo (RoleInfo.java:updateAndGet(143)) - s4: start FollowerState
2019-09-24 17:09:39,528 INFO  impl.FollowerState (FollowerState.java:run(108)) - s1@group-3304ABEC3031-FollowerState: change to CANDIDATE, lastRpcTime:153ms, electionTimeout:153ms
2019-09-24 17:09:39,528 INFO  impl.RoleInfo (RoleInfo.java:shutdownFollowerState(121)) - s1: shutdown FollowerState
2019-09-24 17:09:39,529 INFO  impl.RaftServerImpl (RaftServerImpl.java:setRole(170)) - s1@group-3304ABEC3031: changes role from  FOLLOWER to CANDIDATE at term 4 for changeToCandidate
2019-09-24 17:09:39,529 INFO  impl.FollowerState (FollowerState.java:run(108)) - s0@group-3304ABEC3031-FollowerState: change to CANDIDATE, lastRpcTime:155ms, electionTimeout:155ms
2019-09-24 17:09:39,529 INFO  impl.RoleInfo (RoleInfo.java:updateAndGet(143)) - s1: start LeaderElection
2019-09-24 17:09:39,529 INFO  impl.RoleInfo (RoleInfo.java:shutdownFollowerState(121)) - s0: shutdown FollowerState
2019-09-24 17:09:39,529 INFO  impl.RaftServerImpl (RaftServerImpl.java:setRole(170)) - s0@group-3304ABEC3031: changes role from  FOLLOWER to CANDIDATE at term 4 for changeToCandidate
2019-09-24 17:09:39,530 INFO  impl.RoleInfo (RoleInfo.java:updateAndGet(143)) - s0: start LeaderElection
2019-09-24 17:09:39,577 INFO  impl.FollowerState (FollowerState.java:run(108)) - s2@group-3304ABEC3031-FollowerState: change to CANDIDATE, lastRpcTime:216ms, electionTimeout:216ms
2019-09-24 17:09:39,577 INFO  impl.RoleInfo (RoleInfo.java:shutdownFollowerState(121)) - s2: shutdown FollowerState
2019-09-24 17:09:39,578 INFO  impl.RaftServerImpl (RaftServerImpl.java:setRole(170)) - s2@group-3304ABEC3031: changes role from  FOLLOWER to CANDIDATE at term 4 for changeToCandidate
2019-09-24 17:09:39,578 INFO  impl.RoleInfo (RoleInfo.java:updateAndGet(143)) - s2: start LeaderElection
2019-09-24 17:09:39,597 WARN  ratis.RaftTestUtil (JavaUtils.java:attempt(158)) - FAILED "waitForLeader-null-(expectLeader? true)", attempt #16/100: java.lang.IllegalStateException: No leader yet : printing ALL groups
  s3:  RUNNING  FOLLOWER s3@group-3304ABEC3031:t4, leader=null, voted=s3, raftlog=s3@group-3304ABEC3031-SegmentedRaftLog:OPENED:c-1,f-1,i0, conf=-1: [s3:0.0.0.0:44480, s4:0.0.0.0:36765, s0:0.0.0.0:35450, s1:0.0.0.0:44404, s2:0.0.0.0:36922], old=null RUNNING
  s4:  RUNNING  FOLLOWER s4@group-3304ABEC3031:t4, leader=null, voted=s4, raftlog=s4@group-3304ABEC3031-SegmentedRaftLog:OPENED:c-1,f-1,i0, conf=-1: [s3:0.0.0.0:44480, s4:0.0.0.0:36765, s0:0.0.0.0:35450, s1:0.0.0.0:44404, s2:0.0.0.0:36922], old=null RUNNING
  s0:  RUNNING CANDIDATE s0@group-3304ABEC3031:t5, leader=null, voted=s0, raftlog=s0@group-3304ABEC3031-SegmentedRaftLog:OPENED:c-1,f-1,i0, conf=-1: [s3:0.0.0.0:44480, s4:0.0.0.0:36765, s0:0.0.0.0:35450, s1:0.0.0.0:44404, s2:0.0.0.0:36922], old=null RUNNING
  s1:  RUNNING CANDIDATE s1@group-3304ABEC3031:t5, leader=null, voted=s1, raftlog=s1@group-3304ABEC3031-SegmentedRaftLog:OPENED:c-1,f-1,i0, conf=-1: [s3:0.0.0.0:44480, s4:0.0.0.0:36765, s0:0.0.0.0:35450, s1:0.0.0.0:44404, s2:0.0.0.0:36922], old=null RUNNING
  s2:  RUNNING CANDIDATE s2@group-3304ABEC3031:t5, leader=null, voted=s2, raftlog=s2@group-3304ABEC3031-SegmentedRaftLog:OPENED:c-1,f-1,i0, conf=-1: [s3:0.0.0.0:44480, s4:0.0.0.0:36765, s0:0.0.0.0:35450, s1:0.0.0.0:44404, s2:0.0.0.0:36922], old=null RUNNING, sleep 450ms and then retry.
java.lang.IllegalStateException: No leader yet : printing ALL groups
  s3:  RUNNING  FOLLOWER s3@group-3304ABEC3031:t4, leader=null, voted=s3, raftlog=s3@group-3304ABEC3031-SegmentedRaftLog:OPENED:c-1,f-1,i0, conf=-1: [s3:0.0.0.0:44480, s4:0.0.0.0:36765, s0:0.0.0.0:35450, s1:0.0.0.0:44404, s2:0.0.0.0:36922], old=null RUNNING
  s4:  RUNNING  FOLLOWER s4@group-3304ABEC3031:t4, leader=null, voted=s4, raftlog=s4@group-3304ABEC3031-SegmentedRaftLog:OPENED:c-1,f-1,i0, conf=-1: [s3:0.0.0.0:44480, s4:0.0.0.0:36765, s0:0.0.0.0:35450, s1:0.0.0.0:44404, s2:0.0.0.0:36922], old=null RUNNING
  s0:  RUNNING CANDIDATE s0@group-3304ABEC3031:t5, leader=null, voted=s0, raftlog=s0@group-3304ABEC3031-SegmentedRaftLog:OPENED:c-1,f-1,i0, conf=-1: [s3:0.0.0.0:44480, s4:0.0.0.0:36765, s0:0.0.0.0:35450, s1:0.0.0.0:44404, s2:0.0.0.0:36922], old=null RUNNING
  s1:  RUNNING CANDIDATE s1@group-3304ABEC3031:t5, leader=null, voted=s1, raftlog=s1@group-3304ABEC3031-SegmentedRaftLog:OPENED:c-1,f-1,i0, conf=-1: [s3:0.0.0.0:44480, s4:0.0.0.0:36765, s0:0.0.0.0:35450, s1:0.0.0.0:44404, s2:0.0.0.0:36922], old=null RUNNING
  s2:  RUNNING CANDIDATE s2@group-3304ABEC3031:t5, leader=null, voted=s2, raftlog=s2@group-3304ABEC3031-SegmentedRaftLog:OPENED:c-1,f-1,i0, conf=-1: [s3:0.0.0.0:44480, s4:0.0.0.0:36765, s0:0.0.0.0:35450, s1:0.0.0.0:44404, s2:0.0.0.0:36922], old=null RUNNING
	at org.apache.ratis.MiniRaftCluster.newIllegalStateExceptionForNoLeaders(MiniRaftCluster.java:506)
	at org.apache.ratis.RaftTestUtil.lambda$waitForLeader$1(RaftTestUtil.java:90)
	at org.apache.ratis.MiniRaftCluster.getLeader(MiniRaftCluster.java:539)
	at org.apache.ratis.MiniRaftCluster.getLeader(MiniRaftCluster.java:532)
	at org.apache.ratis.RaftTestUtil.lambda$waitForLeader$3(RaftTestUtil.java:98)
	at org.apache.ratis.util.JavaUtils.attempt(JavaUtils.java:152)
	at org.apache.ratis.RaftTestUtil.waitForLeader(RaftTestUtil.java:97)
	at org.apache.ratis.RaftTestUtil.waitForLeader(RaftTestUtil.java:77)
	at org.apache.ratis.RaftTestUtil.waitForLeader(RaftTestUtil.java:72)
	at org.apache.ratis.server.impl.LeaderElectionTests.testEnforceLeader(LeaderElectionTests.java:95)
	at sun.reflect.NativeMethodAccessorImpl.invoke0(Native Method)
	at sun.reflect.NativeMethodAccessorImpl.invoke(NativeMethodAccessorImpl.java:62)
	at sun.reflect.DelegatingMethodAccessorImpl.invoke(DelegatingMethodAccessorImpl.java:43)
	at java.lang.reflect.Method.invoke(Method.java:498)
	at org.junit.runners.model.FrameworkMethod$1.runReflectiveCall(FrameworkMethod.java:50)
	at org.junit.internal.runners.model.ReflectiveCallable.run(ReflectiveCallable.java:12)
	at org.junit.runners.model.FrameworkMethod.invokeExplosively(FrameworkMethod.java:47)
	at org.junit.internal.runners.statements.InvokeMethod.evaluate(InvokeMethod.java:17)
	at org.junit.internal.runners.statements.RunAfters.evaluate(RunAfters.java:27)
	at org.junit.internal.runners.statements.FailOnTimeout$CallableStatement.call(FailOnTimeout.java:298)
	at org.junit.internal.runners.statements.FailOnTimeout$CallableStatement.call(FailOnTimeout.java:292)
	at java.util.concurrent.FutureTask.run(FutureTask.java:266)
	at java.lang.Thread.run(Thread.java:748)
2019-09-24 17:09:39,599 INFO  impl.FollowerState (FollowerState.java:run(108)) - s3@group-3304ABEC3031-FollowerState: change to CANDIDATE, lastRpcTime:236ms, electionTimeout:236ms
2019-09-24 17:09:39,599 INFO  impl.RoleInfo (RoleInfo.java:shutdownFollowerState(121)) - s3: shutdown FollowerState
2019-09-24 17:09:39,599 INFO  impl.RaftServerImpl (RaftServerImpl.java:setRole(170)) - s3@group-3304ABEC3031: changes role from  FOLLOWER to CANDIDATE at term 4 for changeToCandidate
2019-09-24 17:09:39,600 INFO  impl.RoleInfo (RoleInfo.java:updateAndGet(143)) - s3: start LeaderElection
2019-09-24 17:09:39,673 INFO  impl.FollowerState (FollowerState.java:run(108)) - s4@group-3304ABEC3031-FollowerState: change to CANDIDATE, lastRpcTime:297ms, electionTimeout:297ms
2019-09-24 17:09:39,673 INFO  impl.RoleInfo (RoleInfo.java:shutdownFollowerState(121)) - s4: shutdown FollowerState
2019-09-24 17:09:39,673 INFO  impl.RaftServerImpl (RaftServerImpl.java:setRole(170)) - s4@group-3304ABEC3031: changes role from  FOLLOWER to CANDIDATE at term 4 for changeToCandidate
2019-09-24 17:09:39,674 INFO  impl.RoleInfo (RoleInfo.java:updateAndGet(143)) - s4: start LeaderElection
2019-09-24 17:09:40,050 WARN  ratis.RaftTestUtil (JavaUtils.java:attempt(158)) - FAILED "waitForLeader-null-(expectLeader? true)", attempt #17/100: java.lang.IllegalStateException: No leader yet : printing ALL groups
  s3:  RUNNING CANDIDATE s3@group-3304ABEC3031:t5, leader=null, voted=s3, raftlog=s3@group-3304ABEC3031-SegmentedRaftLog:OPENED:c-1,f-1,i0, conf=-1: [s3:0.0.0.0:44480, s4:0.0.0.0:36765, s0:0.0.0.0:35450, s1:0.0.0.0:44404, s2:0.0.0.0:36922], old=null RUNNING
  s4:  RUNNING CANDIDATE s4@group-3304ABEC3031:t5, leader=null, voted=s4, raftlog=s4@group-3304ABEC3031-SegmentedRaftLog:OPENED:c-1,f-1,i0, conf=-1: [s3:0.0.0.0:44480, s4:0.0.0.0:36765, s0:0.0.0.0:35450, s1:0.0.0.0:44404, s2:0.0.0.0:36922], old=null RUNNING
  s0:  RUNNING CANDIDATE s0@group-3304ABEC3031:t5, leader=null, voted=s0, raftlog=s0@group-3304ABEC3031-SegmentedRaftLog:OPENED:c-1,f-1,i0, conf=-1: [s3:0.0.0.0:44480, s4:0.0.0.0:36765, s0:0.0.0.0:35450, s1:0.0.0.0:44404, s2:0.0.0.0:36922], old=null RUNNING
  s1:  RUNNING CANDIDATE s1@group-3304ABEC3031:t5, leader=null, voted=s1, raftlog=s1@group-3304ABEC3031-SegmentedRaftLog:OPENED:c-1,f-1,i0, conf=-1: [s3:0.0.0.0:44480, s4:0.0.0.0:36765, s0:0.0.0.0:35450, s1:0.0.0.0:44404, s2:0.0.0.0:36922], old=null RUNNING
  s2:  RUNNING CANDIDATE s2@group-3304ABEC3031:t5, leader=null, voted=s2, raftlog=s2@group-3304ABEC3031-SegmentedRaftLog:OPENED:c-1,f-1,i0, conf=-1: [s3:0.0.0.0:44480, s4:0.0.0.0:36765, s0:0.0.0.0:35450, s1:0.0.0.0:44404, s2:0.0.0.0:36922], old=null RUNNING, sleep 450ms and then retry.
java.lang.IllegalStateException: No leader yet : printing ALL groups
  s3:  RUNNING CANDIDATE s3@group-3304ABEC3031:t5, leader=null, voted=s3, raftlog=s3@group-3304ABEC3031-SegmentedRaftLog:OPENED:c-1,f-1,i0, conf=-1: [s3:0.0.0.0:44480, s4:0.0.0.0:36765, s0:0.0.0.0:35450, s1:0.0.0.0:44404, s2:0.0.0.0:36922], old=null RUNNING
  s4:  RUNNING CANDIDATE s4@group-3304ABEC3031:t5, leader=null, voted=s4, raftlog=s4@group-3304ABEC3031-SegmentedRaftLog:OPENED:c-1,f-1,i0, conf=-1: [s3:0.0.0.0:44480, s4:0.0.0.0:36765, s0:0.0.0.0:35450, s1:0.0.0.0:44404, s2:0.0.0.0:36922], old=null RUNNING
  s0:  RUNNING CANDIDATE s0@group-3304ABEC3031:t5, leader=null, voted=s0, raftlog=s0@group-3304ABEC3031-SegmentedRaftLog:OPENED:c-1,f-1,i0, conf=-1: [s3:0.0.0.0:44480, s4:0.0.0.0:36765, s0:0.0.0.0:35450, s1:0.0.0.0:44404, s2:0.0.0.0:36922], old=null RUNNING
  s1:  RUNNING CANDIDATE s1@group-3304ABEC3031:t5, leader=null, voted=s1, raftlog=s1@group-3304ABEC3031-SegmentedRaftLog:OPENED:c-1,f-1,i0, conf=-1: [s3:0.0.0.0:44480, s4:0.0.0.0:36765, s0:0.0.0.0:35450, s1:0.0.0.0:44404, s2:0.0.0.0:36922], old=null RUNNING
  s2:  RUNNING CANDIDATE s2@group-3304ABEC3031:t5, leader=null, voted=s2, raftlog=s2@group-3304ABEC3031-SegmentedRaftLog:OPENED:c-1,f-1,i0, conf=-1: [s3:0.0.0.0:44480, s4:0.0.0.0:36765, s0:0.0.0.0:35450, s1:0.0.0.0:44404, s2:0.0.0.0:36922], old=null RUNNING
	at org.apache.ratis.MiniRaftCluster.newIllegalStateExceptionForNoLeaders(MiniRaftCluster.java:506)
	at org.apache.ratis.RaftTestUtil.lambda$waitForLeader$1(RaftTestUtil.java:90)
	at org.apache.ratis.MiniRaftCluster.getLeader(MiniRaftCluster.java:539)
	at org.apache.ratis.MiniRaftCluster.getLeader(MiniRaftCluster.java:532)
	at org.apache.ratis.RaftTestUtil.lambda$waitForLeader$3(RaftTestUtil.java:98)
	at org.apache.ratis.util.JavaUtils.attempt(JavaUtils.java:152)
	at org.apache.ratis.RaftTestUtil.waitForLeader(RaftTestUtil.java:97)
	at org.apache.ratis.RaftTestUtil.waitForLeader(RaftTestUtil.java:77)
	at org.apache.ratis.RaftTestUtil.waitForLeader(RaftTestUtil.java:72)
	at org.apache.ratis.server.impl.LeaderElectionTests.testEnforceLeader(LeaderElectionTests.java:95)
	at sun.reflect.NativeMethodAccessorImpl.invoke0(Native Method)
	at sun.reflect.NativeMethodAccessorImpl.invoke(NativeMethodAccessorImpl.java:62)
	at sun.reflect.DelegatingMethodAccessorImpl.invoke(DelegatingMethodAccessorImpl.java:43)
	at java.lang.reflect.Method.invoke(Method.java:498)
	at org.junit.runners.model.FrameworkMethod$1.runReflectiveCall(FrameworkMethod.java:50)
	at org.junit.internal.runners.model.ReflectiveCallable.run(ReflectiveCallable.java:12)
	at org.junit.runners.model.FrameworkMethod.invokeExplosively(FrameworkMethod.java:47)
	at org.junit.internal.runners.statements.InvokeMethod.evaluate(InvokeMethod.java:17)
	at org.junit.internal.runners.statements.RunAfters.evaluate(RunAfters.java:27)
	at org.junit.internal.runners.statements.FailOnTimeout$CallableStatement.call(FailOnTimeout.java:298)
	at org.junit.internal.runners.statements.FailOnTimeout$CallableStatement.call(FailOnTimeout.java:292)
	at java.util.concurrent.FutureTask.run(FutureTask.java:266)
	at java.lang.Thread.run(Thread.java:748)
2019-09-24 17:09:40,503 WARN  ratis.RaftTestUtil (JavaUtils.java:attempt(158)) - FAILED "waitForLeader-null-(expectLeader? true)", attempt #18/100: java.lang.IllegalStateException: No leader yet : printing ALL groups
  s3:  RUNNING CANDIDATE s3@group-3304ABEC3031:t5, leader=null, voted=s3, raftlog=s3@group-3304ABEC3031-SegmentedRaftLog:OPENED:c-1,f-1,i0, conf=-1: [s3:0.0.0.0:44480, s4:0.0.0.0:36765, s0:0.0.0.0:35450, s1:0.0.0.0:44404, s2:0.0.0.0:36922], old=null RUNNING
  s4:  RUNNING CANDIDATE s4@group-3304ABEC3031:t5, leader=null, voted=s4, raftlog=s4@group-3304ABEC3031-SegmentedRaftLog:OPENED:c-1,f-1,i0, conf=-1: [s3:0.0.0.0:44480, s4:0.0.0.0:36765, s0:0.0.0.0:35450, s1:0.0.0.0:44404, s2:0.0.0.0:36922], old=null RUNNING
  s0:  RUNNING CANDIDATE s0@group-3304ABEC3031:t5, leader=null, voted=s0, raftlog=s0@group-3304ABEC3031-SegmentedRaftLog:OPENED:c-1,f-1,i0, conf=-1: [s3:0.0.0.0:44480, s4:0.0.0.0:36765, s0:0.0.0.0:35450, s1:0.0.0.0:44404, s2:0.0.0.0:36922], old=null RUNNING
  s1:  RUNNING CANDIDATE s1@group-3304ABEC3031:t5, leader=null, voted=s1, raftlog=s1@group-3304ABEC3031-SegmentedRaftLog:OPENED:c-1,f-1,i0, conf=-1: [s3:0.0.0.0:44480, s4:0.0.0.0:36765, s0:0.0.0.0:35450, s1:0.0.0.0:44404, s2:0.0.0.0:36922], old=null RUNNING
  s2:  RUNNING CANDIDATE s2@group-3304ABEC3031:t5, leader=null, voted=s2, raftlog=s2@group-3304ABEC3031-SegmentedRaftLog:OPENED:c-1,f-1,i0, conf=-1: [s3:0.0.0.0:44480, s4:0.0.0.0:36765, s0:0.0.0.0:35450, s1:0.0.0.0:44404, s2:0.0.0.0:36922], old=null RUNNING, sleep 450ms and then retry.
java.lang.IllegalStateException: No leader yet : printing ALL groups
  s3:  RUNNING CANDIDATE s3@group-3304ABEC3031:t5, leader=null, voted=s3, raftlog=s3@group-3304ABEC3031-SegmentedRaftLog:OPENED:c-1,f-1,i0, conf=-1: [s3:0.0.0.0:44480, s4:0.0.0.0:36765, s0:0.0.0.0:35450, s1:0.0.0.0:44404, s2:0.0.0.0:36922], old=null RUNNING
  s4:  RUNNING CANDIDATE s4@group-3304ABEC3031:t5, leader=null, voted=s4, raftlog=s4@group-3304ABEC3031-SegmentedRaftLog:OPENED:c-1,f-1,i0, conf=-1: [s3:0.0.0.0:44480, s4:0.0.0.0:36765, s0:0.0.0.0:35450, s1:0.0.0.0:44404, s2:0.0.0.0:36922], old=null RUNNING
  s0:  RUNNING CANDIDATE s0@group-3304ABEC3031:t5, leader=null, voted=s0, raftlog=s0@group-3304ABEC3031-SegmentedRaftLog:OPENED:c-1,f-1,i0, conf=-1: [s3:0.0.0.0:44480, s4:0.0.0.0:36765, s0:0.0.0.0:35450, s1:0.0.0.0:44404, s2:0.0.0.0:36922], old=null RUNNING
  s1:  RUNNING CANDIDATE s1@group-3304ABEC3031:t5, leader=null, voted=s1, raftlog=s1@group-3304ABEC3031-SegmentedRaftLog:OPENED:c-1,f-1,i0, conf=-1: [s3:0.0.0.0:44480, s4:0.0.0.0:36765, s0:0.0.0.0:35450, s1:0.0.0.0:44404, s2:0.0.0.0:36922], old=null RUNNING
  s2:  RUNNING CANDIDATE s2@group-3304ABEC3031:t5, leader=null, voted=s2, raftlog=s2@group-3304ABEC3031-SegmentedRaftLog:OPENED:c-1,f-1,i0, conf=-1: [s3:0.0.0.0:44480, s4:0.0.0.0:36765, s0:0.0.0.0:35450, s1:0.0.0.0:44404, s2:0.0.0.0:36922], old=null RUNNING
	at org.apache.ratis.MiniRaftCluster.newIllegalStateExceptionForNoLeaders(MiniRaftCluster.java:506)
	at org.apache.ratis.RaftTestUtil.lambda$waitForLeader$1(RaftTestUtil.java:90)
	at org.apache.ratis.MiniRaftCluster.getLeader(MiniRaftCluster.java:539)
	at org.apache.ratis.MiniRaftCluster.getLeader(MiniRaftCluster.java:532)
	at org.apache.ratis.RaftTestUtil.lambda$waitForLeader$3(RaftTestUtil.java:98)
	at org.apache.ratis.util.JavaUtils.attempt(JavaUtils.java:152)
	at org.apache.ratis.RaftTestUtil.waitForLeader(RaftTestUtil.java:97)
	at org.apache.ratis.RaftTestUtil.waitForLeader(RaftTestUtil.java:77)
	at org.apache.ratis.RaftTestUtil.waitForLeader(RaftTestUtil.java:72)
	at org.apache.ratis.server.impl.LeaderElectionTests.testEnforceLeader(LeaderElectionTests.java:95)
	at sun.reflect.NativeMethodAccessorImpl.invoke0(Native Method)
	at sun.reflect.NativeMethodAccessorImpl.invoke(NativeMethodAccessorImpl.java:62)
	at sun.reflect.DelegatingMethodAccessorImpl.invoke(DelegatingMethodAccessorImpl.java:43)
	at java.lang.reflect.Method.invoke(Method.java:498)
	at org.junit.runners.model.FrameworkMethod$1.runReflectiveCall(FrameworkMethod.java:50)
	at org.junit.internal.runners.model.ReflectiveCallable.run(ReflectiveCallable.java:12)
	at org.junit.runners.model.FrameworkMethod.invokeExplosively(FrameworkMethod.java:47)
	at org.junit.internal.runners.statements.InvokeMethod.evaluate(InvokeMethod.java:17)
	at org.junit.internal.runners.statements.RunAfters.evaluate(RunAfters.java:27)
	at org.junit.internal.runners.statements.FailOnTimeout$CallableStatement.call(FailOnTimeout.java:298)
	at org.junit.internal.runners.statements.FailOnTimeout$CallableStatement.call(FailOnTimeout.java:292)
	at java.util.concurrent.FutureTask.run(FutureTask.java:266)
	at java.lang.Thread.run(Thread.java:748)
2019-09-24 17:09:40,955 WARN  ratis.RaftTestUtil (JavaUtils.java:attempt(158)) - FAILED "waitForLeader-null-(expectLeader? true)", attempt #19/100: java.lang.IllegalStateException: No leader yet : printing ALL groups
  s3:  RUNNING CANDIDATE s3@group-3304ABEC3031:t5, leader=null, voted=s3, raftlog=s3@group-3304ABEC3031-SegmentedRaftLog:OPENED:c-1,f-1,i0, conf=-1: [s3:0.0.0.0:44480, s4:0.0.0.0:36765, s0:0.0.0.0:35450, s1:0.0.0.0:44404, s2:0.0.0.0:36922], old=null RUNNING
  s4:  RUNNING CANDIDATE s4@group-3304ABEC3031:t5, leader=null, voted=s4, raftlog=s4@group-3304ABEC3031-SegmentedRaftLog:OPENED:c-1,f-1,i0, conf=-1: [s3:0.0.0.0:44480, s4:0.0.0.0:36765, s0:0.0.0.0:35450, s1:0.0.0.0:44404, s2:0.0.0.0:36922], old=null RUNNING
  s0:  RUNNING CANDIDATE s0@group-3304ABEC3031:t5, leader=null, voted=s0, raftlog=s0@group-3304ABEC3031-SegmentedRaftLog:OPENED:c-1,f-1,i0, conf=-1: [s3:0.0.0.0:44480, s4:0.0.0.0:36765, s0:0.0.0.0:35450, s1:0.0.0.0:44404, s2:0.0.0.0:36922], old=null RUNNING
  s1:  RUNNING CANDIDATE s1@group-3304ABEC3031:t5, leader=null, voted=s1, raftlog=s1@group-3304ABEC3031-SegmentedRaftLog:OPENED:c-1,f-1,i0, conf=-1: [s3:0.0.0.0:44480, s4:0.0.0.0:36765, s0:0.0.0.0:35450, s1:0.0.0.0:44404, s2:0.0.0.0:36922], old=null RUNNING
  s2:  RUNNING CANDIDATE s2@group-3304ABEC3031:t5, leader=null, voted=s2, raftlog=s2@group-3304ABEC3031-SegmentedRaftLog:OPENED:c-1,f-1,i0, conf=-1: [s3:0.0.0.0:44480, s4:0.0.0.0:36765, s0:0.0.0.0:35450, s1:0.0.0.0:44404, s2:0.0.0.0:36922], old=null RUNNING, sleep 450ms and then retry.
java.lang.IllegalStateException: No leader yet : printing ALL groups
  s3:  RUNNING CANDIDATE s3@group-3304ABEC3031:t5, leader=null, voted=s3, raftlog=s3@group-3304ABEC3031-SegmentedRaftLog:OPENED:c-1,f-1,i0, conf=-1: [s3:0.0.0.0:44480, s4:0.0.0.0:36765, s0:0.0.0.0:35450, s1:0.0.0.0:44404, s2:0.0.0.0:36922], old=null RUNNING
  s4:  RUNNING CANDIDATE s4@group-3304ABEC3031:t5, leader=null, voted=s4, raftlog=s4@group-3304ABEC3031-SegmentedRaftLog:OPENED:c-1,f-1,i0, conf=-1: [s3:0.0.0.0:44480, s4:0.0.0.0:36765, s0:0.0.0.0:35450, s1:0.0.0.0:44404, s2:0.0.0.0:36922], old=null RUNNING
  s0:  RUNNING CANDIDATE s0@group-3304ABEC3031:t5, leader=null, voted=s0, raftlog=s0@group-3304ABEC3031-SegmentedRaftLog:OPENED:c-1,f-1,i0, conf=-1: [s3:0.0.0.0:44480, s4:0.0.0.0:36765, s0:0.0.0.0:35450, s1:0.0.0.0:44404, s2:0.0.0.0:36922], old=null RUNNING
  s1:  RUNNING CANDIDATE s1@group-3304ABEC3031:t5, leader=null, voted=s1, raftlog=s1@group-3304ABEC3031-SegmentedRaftLog:OPENED:c-1,f-1,i0, conf=-1: [s3:0.0.0.0:44480, s4:0.0.0.0:36765, s0:0.0.0.0:35450, s1:0.0.0.0:44404, s2:0.0.0.0:36922], old=null RUNNING
  s2:  RUNNING CANDIDATE s2@group-3304ABEC3031:t5, leader=null, voted=s2, raftlog=s2@group-3304ABEC3031-SegmentedRaftLog:OPENED:c-1,f-1,i0, conf=-1: [s3:0.0.0.0:44480, s4:0.0.0.0:36765, s0:0.0.0.0:35450, s1:0.0.0.0:44404, s2:0.0.0.0:36922], old=null RUNNING
	at org.apache.ratis.MiniRaftCluster.newIllegalStateExceptionForNoLeaders(MiniRaftCluster.java:506)
	at org.apache.ratis.RaftTestUtil.lambda$waitForLeader$1(RaftTestUtil.java:90)
	at org.apache.ratis.MiniRaftCluster.getLeader(MiniRaftCluster.java:539)
	at org.apache.ratis.MiniRaftCluster.getLeader(MiniRaftCluster.java:532)
	at org.apache.ratis.RaftTestUtil.lambda$waitForLeader$3(RaftTestUtil.java:98)
	at org.apache.ratis.util.JavaUtils.attempt(JavaUtils.java:152)
	at org.apache.ratis.RaftTestUtil.waitForLeader(RaftTestUtil.java:97)
	at org.apache.ratis.RaftTestUtil.waitForLeader(RaftTestUtil.java:77)
	at org.apache.ratis.RaftTestUtil.waitForLeader(RaftTestUtil.java:72)
	at org.apache.ratis.server.impl.LeaderElectionTests.testEnforceLeader(LeaderElectionTests.java:95)
	at sun.reflect.NativeMethodAccessorImpl.invoke0(Native Method)
	at sun.reflect.NativeMethodAccessorImpl.invoke(NativeMethodAccessorImpl.java:62)
	at sun.reflect.DelegatingMethodAccessorImpl.invoke(DelegatingMethodAccessorImpl.java:43)
	at java.lang.reflect.Method.invoke(Method.java:498)
	at org.junit.runners.model.FrameworkMethod$1.runReflectiveCall(FrameworkMethod.java:50)
	at org.junit.internal.runners.model.ReflectiveCallable.run(ReflectiveCallable.java:12)
	at org.junit.runners.model.FrameworkMethod.invokeExplosively(FrameworkMethod.java:47)
	at org.junit.internal.runners.statements.InvokeMethod.evaluate(InvokeMethod.java:17)
	at org.junit.internal.runners.statements.RunAfters.evaluate(RunAfters.java:27)
	at org.junit.internal.runners.statements.FailOnTimeout$CallableStatement.call(FailOnTimeout.java:298)
	at org.junit.internal.runners.statements.FailOnTimeout$CallableStatement.call(FailOnTimeout.java:292)
	at java.util.concurrent.FutureTask.run(FutureTask.java:266)
	at java.lang.Thread.run(Thread.java:748)
2019-09-24 17:09:41,407 WARN  ratis.RaftTestUtil (JavaUtils.java:attempt(158)) - FAILED "waitForLeader-null-(expectLeader? true)", attempt #20/100: java.lang.IllegalStateException: No leader yet : printing ALL groups
  s3:  RUNNING CANDIDATE s3@group-3304ABEC3031:t5, leader=null, voted=s3, raftlog=s3@group-3304ABEC3031-SegmentedRaftLog:OPENED:c-1,f-1,i0, conf=-1: [s3:0.0.0.0:44480, s4:0.0.0.0:36765, s0:0.0.0.0:35450, s1:0.0.0.0:44404, s2:0.0.0.0:36922], old=null RUNNING
  s4:  RUNNING CANDIDATE s4@group-3304ABEC3031:t5, leader=null, voted=s4, raftlog=s4@group-3304ABEC3031-SegmentedRaftLog:OPENED:c-1,f-1,i0, conf=-1: [s3:0.0.0.0:44480, s4:0.0.0.0:36765, s0:0.0.0.0:35450, s1:0.0.0.0:44404, s2:0.0.0.0:36922], old=null RUNNING
  s0:  RUNNING CANDIDATE s0@group-3304ABEC3031:t5, leader=null, voted=s0, raftlog=s0@group-3304ABEC3031-SegmentedRaftLog:OPENED:c-1,f-1,i0, conf=-1: [s3:0.0.0.0:44480, s4:0.0.0.0:36765, s0:0.0.0.0:35450, s1:0.0.0.0:44404, s2:0.0.0.0:36922], old=null RUNNING
  s1:  RUNNING CANDIDATE s1@group-3304ABEC3031:t5, leader=null, voted=s1, raftlog=s1@group-3304ABEC3031-SegmentedRaftLog:OPENED:c-1,f-1,i0, conf=-1: [s3:0.0.0.0:44480, s4:0.0.0.0:36765, s0:0.0.0.0:35450, s1:0.0.0.0:44404, s2:0.0.0.0:36922], old=null RUNNING
  s2:  RUNNING CANDIDATE s2@group-3304ABEC3031:t5, leader=null, voted=s2, raftlog=s2@group-3304ABEC3031-SegmentedRaftLog:OPENED:c-1,f-1,i0, conf=-1: [s3:0.0.0.0:44480, s4:0.0.0.0:36765, s0:0.0.0.0:35450, s1:0.0.0.0:44404, s2:0.0.0.0:36922], old=null RUNNING, sleep 450ms and then retry.
java.lang.IllegalStateException: No leader yet : printing ALL groups
  s3:  RUNNING CANDIDATE s3@group-3304ABEC3031:t5, leader=null, voted=s3, raftlog=s3@group-3304ABEC3031-SegmentedRaftLog:OPENED:c-1,f-1,i0, conf=-1: [s3:0.0.0.0:44480, s4:0.0.0.0:36765, s0:0.0.0.0:35450, s1:0.0.0.0:44404, s2:0.0.0.0:36922], old=null RUNNING
  s4:  RUNNING CANDIDATE s4@group-3304ABEC3031:t5, leader=null, voted=s4, raftlog=s4@group-3304ABEC3031-SegmentedRaftLog:OPENED:c-1,f-1,i0, conf=-1: [s3:0.0.0.0:44480, s4:0.0.0.0:36765, s0:0.0.0.0:35450, s1:0.0.0.0:44404, s2:0.0.0.0:36922], old=null RUNNING
  s0:  RUNNING CANDIDATE s0@group-3304ABEC3031:t5, leader=null, voted=s0, raftlog=s0@group-3304ABEC3031-SegmentedRaftLog:OPENED:c-1,f-1,i0, conf=-1: [s3:0.0.0.0:44480, s4:0.0.0.0:36765, s0:0.0.0.0:35450, s1:0.0.0.0:44404, s2:0.0.0.0:36922], old=null RUNNING
  s1:  RUNNING CANDIDATE s1@group-3304ABEC3031:t5, leader=null, voted=s1, raftlog=s1@group-3304ABEC3031-SegmentedRaftLog:OPENED:c-1,f-1,i0, conf=-1: [s3:0.0.0.0:44480, s4:0.0.0.0:36765, s0:0.0.0.0:35450, s1:0.0.0.0:44404, s2:0.0.0.0:36922], old=null RUNNING
  s2:  RUNNING CANDIDATE s2@group-3304ABEC3031:t5, leader=null, voted=s2, raftlog=s2@group-3304ABEC3031-SegmentedRaftLog:OPENED:c-1,f-1,i0, conf=-1: [s3:0.0.0.0:44480, s4:0.0.0.0:36765, s0:0.0.0.0:35450, s1:0.0.0.0:44404, s2:0.0.0.0:36922], old=null RUNNING
	at org.apache.ratis.MiniRaftCluster.newIllegalStateExceptionForNoLeaders(MiniRaftCluster.java:506)
	at org.apache.ratis.RaftTestUtil.lambda$waitForLeader$1(RaftTestUtil.java:90)
	at org.apache.ratis.MiniRaftCluster.getLeader(MiniRaftCluster.java:539)
	at org.apache.ratis.MiniRaftCluster.getLeader(MiniRaftCluster.java:532)
	at org.apache.ratis.RaftTestUtil.lambda$waitForLeader$3(RaftTestUtil.java:98)
	at org.apache.ratis.util.JavaUtils.attempt(JavaUtils.java:152)
	at org.apache.ratis.RaftTestUtil.waitForLeader(RaftTestUtil.java:97)
	at org.apache.ratis.RaftTestUtil.waitForLeader(RaftTestUtil.java:77)
	at org.apache.ratis.RaftTestUtil.waitForLeader(RaftTestUtil.java:72)
	at org.apache.ratis.server.impl.LeaderElectionTests.testEnforceLeader(LeaderElectionTests.java:95)
	at sun.reflect.NativeMethodAccessorImpl.invoke0(Native Method)
	at sun.reflect.NativeMethodAccessorImpl.invoke(NativeMethodAccessorImpl.java:62)
	at sun.reflect.DelegatingMethodAccessorImpl.invoke(DelegatingMethodAccessorImpl.java:43)
	at java.lang.reflect.Method.invoke(Method.java:498)
	at org.junit.runners.model.FrameworkMethod$1.runReflectiveCall(FrameworkMethod.java:50)
	at org.junit.internal.runners.model.ReflectiveCallable.run(ReflectiveCallable.java:12)
	at org.junit.runners.model.FrameworkMethod.invokeExplosively(FrameworkMethod.java:47)
	at org.junit.internal.runners.statements.InvokeMethod.evaluate(InvokeMethod.java:17)
	at org.junit.internal.runners.statements.RunAfters.evaluate(RunAfters.java:27)
	at org.junit.internal.runners.statements.FailOnTimeout$CallableStatement.call(FailOnTimeout.java:298)
	at org.junit.internal.runners.statements.FailOnTimeout$CallableStatement.call(FailOnTimeout.java:292)
	at java.util.concurrent.FutureTask.run(FutureTask.java:266)
	at java.lang.Thread.run(Thread.java:748)
2019-09-24 17:09:41,860 WARN  ratis.RaftTestUtil (JavaUtils.java:attempt(158)) - FAILED "waitForLeader-null-(expectLeader? true)", attempt #21/100: java.lang.IllegalStateException: No leader yet : printing ALL groups
  s3:  RUNNING CANDIDATE s3@group-3304ABEC3031:t5, leader=null, voted=s3, raftlog=s3@group-3304ABEC3031-SegmentedRaftLog:OPENED:c-1,f-1,i0, conf=-1: [s3:0.0.0.0:44480, s4:0.0.0.0:36765, s0:0.0.0.0:35450, s1:0.0.0.0:44404, s2:0.0.0.0:36922], old=null RUNNING
  s4:  RUNNING CANDIDATE s4@group-3304ABEC3031:t5, leader=null, voted=s4, raftlog=s4@group-3304ABEC3031-SegmentedRaftLog:OPENED:c-1,f-1,i0, conf=-1: [s3:0.0.0.0:44480, s4:0.0.0.0:36765, s0:0.0.0.0:35450, s1:0.0.0.0:44404, s2:0.0.0.0:36922], old=null RUNNING
  s0:  RUNNING CANDIDATE s0@group-3304ABEC3031:t5, leader=null, voted=s0, raftlog=s0@group-3304ABEC3031-SegmentedRaftLog:OPENED:c-1,f-1,i0, conf=-1: [s3:0.0.0.0:44480, s4:0.0.0.0:36765, s0:0.0.0.0:35450, s1:0.0.0.0:44404, s2:0.0.0.0:36922], old=null RUNNING
  s1:  RUNNING CANDIDATE s1@group-3304ABEC3031:t5, leader=null, voted=s1, raftlog=s1@group-3304ABEC3031-SegmentedRaftLog:OPENED:c-1,f-1,i0, conf=-1: [s3:0.0.0.0:44480, s4:0.0.0.0:36765, s0:0.0.0.0:35450, s1:0.0.0.0:44404, s2:0.0.0.0:36922], old=null RUNNING
  s2:  RUNNING CANDIDATE s2@group-3304ABEC3031:t5, leader=null, voted=s2, raftlog=s2@group-3304ABEC3031-SegmentedRaftLog:OPENED:c-1,f-1,i0, conf=-1: [s3:0.0.0.0:44480, s4:0.0.0.0:36765, s0:0.0.0.0:35450, s1:0.0.0.0:44404, s2:0.0.0.0:36922], old=null RUNNING, sleep 450ms and then retry.
java.lang.IllegalStateException: No leader yet : printing ALL groups
  s3:  RUNNING CANDIDATE s3@group-3304ABEC3031:t5, leader=null, voted=s3, raftlog=s3@group-3304ABEC3031-SegmentedRaftLog:OPENED:c-1,f-1,i0, conf=-1: [s3:0.0.0.0:44480, s4:0.0.0.0:36765, s0:0.0.0.0:35450, s1:0.0.0.0:44404, s2:0.0.0.0:36922], old=null RUNNING
  s4:  RUNNING CANDIDATE s4@group-3304ABEC3031:t5, leader=null, voted=s4, raftlog=s4@group-3304ABEC3031-SegmentedRaftLog:OPENED:c-1,f-1,i0, conf=-1: [s3:0.0.0.0:44480, s4:0.0.0.0:36765, s0:0.0.0.0:35450, s1:0.0.0.0:44404, s2:0.0.0.0:36922], old=null RUNNING
  s0:  RUNNING CANDIDATE s0@group-3304ABEC3031:t5, leader=null, voted=s0, raftlog=s0@group-3304ABEC3031-SegmentedRaftLog:OPENED:c-1,f-1,i0, conf=-1: [s3:0.0.0.0:44480, s4:0.0.0.0:36765, s0:0.0.0.0:35450, s1:0.0.0.0:44404, s2:0.0.0.0:36922], old=null RUNNING
  s1:  RUNNING CANDIDATE s1@group-3304ABEC3031:t5, leader=null, voted=s1, raftlog=s1@group-3304ABEC3031-SegmentedRaftLog:OPENED:c-1,f-1,i0, conf=-1: [s3:0.0.0.0:44480, s4:0.0.0.0:36765, s0:0.0.0.0:35450, s1:0.0.0.0:44404, s2:0.0.0.0:36922], old=null RUNNING
  s2:  RUNNING CANDIDATE s2@group-3304ABEC3031:t5, leader=null, voted=s2, raftlog=s2@group-3304ABEC3031-SegmentedRaftLog:OPENED:c-1,f-1,i0, conf=-1: [s3:0.0.0.0:44480, s4:0.0.0.0:36765, s0:0.0.0.0:35450, s1:0.0.0.0:44404, s2:0.0.0.0:36922], old=null RUNNING
	at org.apache.ratis.MiniRaftCluster.newIllegalStateExceptionForNoLeaders(MiniRaftCluster.java:506)
	at org.apache.ratis.RaftTestUtil.lambda$waitForLeader$1(RaftTestUtil.java:90)
	at org.apache.ratis.MiniRaftCluster.getLeader(MiniRaftCluster.java:539)
	at org.apache.ratis.MiniRaftCluster.getLeader(MiniRaftCluster.java:532)
	at org.apache.ratis.RaftTestUtil.lambda$waitForLeader$3(RaftTestUtil.java:98)
	at org.apache.ratis.util.JavaUtils.attempt(JavaUtils.java:152)
	at org.apache.ratis.RaftTestUtil.waitForLeader(RaftTestUtil.java:97)
	at org.apache.ratis.RaftTestUtil.waitForLeader(RaftTestUtil.java:77)
	at org.apache.ratis.RaftTestUtil.waitForLeader(RaftTestUtil.java:72)
	at org.apache.ratis.server.impl.LeaderElectionTests.testEnforceLeader(LeaderElectionTests.java:95)
	at sun.reflect.NativeMethodAccessorImpl.invoke0(Native Method)
	at sun.reflect.NativeMethodAccessorImpl.invoke(NativeMethodAccessorImpl.java:62)
	at sun.reflect.DelegatingMethodAccessorImpl.invoke(DelegatingMethodAccessorImpl.java:43)
	at java.lang.reflect.Method.invoke(Method.java:498)
	at org.junit.runners.model.FrameworkMethod$1.runReflectiveCall(FrameworkMethod.java:50)
	at org.junit.internal.runners.model.ReflectiveCallable.run(ReflectiveCallable.java:12)
	at org.junit.runners.model.FrameworkMethod.invokeExplosively(FrameworkMethod.java:47)
	at org.junit.internal.runners.statements.InvokeMethod.evaluate(InvokeMethod.java:17)
	at org.junit.internal.runners.statements.RunAfters.evaluate(RunAfters.java:27)
	at org.junit.internal.runners.statements.FailOnTimeout$CallableStatement.call(FailOnTimeout.java:298)
	at org.junit.internal.runners.statements.FailOnTimeout$CallableStatement.call(FailOnTimeout.java:292)
	at java.util.concurrent.FutureTask.run(FutureTask.java:266)
	at java.lang.Thread.run(Thread.java:748)
2019-09-24 17:09:42,311 WARN  ratis.RaftTestUtil (JavaUtils.java:attempt(158)) - FAILED "waitForLeader-null-(expectLeader? true)", attempt #22/100: java.lang.IllegalStateException: No leader yet : printing ALL groups
  s3:  RUNNING CANDIDATE s3@group-3304ABEC3031:t5, leader=null, voted=s3, raftlog=s3@group-3304ABEC3031-SegmentedRaftLog:OPENED:c-1,f-1,i0, conf=-1: [s3:0.0.0.0:44480, s4:0.0.0.0:36765, s0:0.0.0.0:35450, s1:0.0.0.0:44404, s2:0.0.0.0:36922], old=null RUNNING
  s4:  RUNNING CANDIDATE s4@group-3304ABEC3031:t5, leader=null, voted=s4, raftlog=s4@group-3304ABEC3031-SegmentedRaftLog:OPENED:c-1,f-1,i0, conf=-1: [s3:0.0.0.0:44480, s4:0.0.0.0:36765, s0:0.0.0.0:35450, s1:0.0.0.0:44404, s2:0.0.0.0:36922], old=null RUNNING
  s0:  RUNNING CANDIDATE s0@group-3304ABEC3031:t5, leader=null, voted=s0, raftlog=s0@group-3304ABEC3031-SegmentedRaftLog:OPENED:c-1,f-1,i0, conf=-1: [s3:0.0.0.0:44480, s4:0.0.0.0:36765, s0:0.0.0.0:35450, s1:0.0.0.0:44404, s2:0.0.0.0:36922], old=null RUNNING
  s1:  RUNNING CANDIDATE s1@group-3304ABEC3031:t5, leader=null, voted=s1, raftlog=s1@group-3304ABEC3031-SegmentedRaftLog:OPENED:c-1,f-1,i0, conf=-1: [s3:0.0.0.0:44480, s4:0.0.0.0:36765, s0:0.0.0.0:35450, s1:0.0.0.0:44404, s2:0.0.0.0:36922], old=null RUNNING
  s2:  RUNNING CANDIDATE s2@group-3304ABEC3031:t5, leader=null, voted=s2, raftlog=s2@group-3304ABEC3031-SegmentedRaftLog:OPENED:c-1,f-1,i0, conf=-1: [s3:0.0.0.0:44480, s4:0.0.0.0:36765, s0:0.0.0.0:35450, s1:0.0.0.0:44404, s2:0.0.0.0:36922], old=null RUNNING, sleep 450ms and then retry.
java.lang.IllegalStateException: No leader yet : printing ALL groups
  s3:  RUNNING CANDIDATE s3@group-3304ABEC3031:t5, leader=null, voted=s3, raftlog=s3@group-3304ABEC3031-SegmentedRaftLog:OPENED:c-1,f-1,i0, conf=-1: [s3:0.0.0.0:44480, s4:0.0.0.0:36765, s0:0.0.0.0:35450, s1:0.0.0.0:44404, s2:0.0.0.0:36922], old=null RUNNING
  s4:  RUNNING CANDIDATE s4@group-3304ABEC3031:t5, leader=null, voted=s4, raftlog=s4@group-3304ABEC3031-SegmentedRaftLog:OPENED:c-1,f-1,i0, conf=-1: [s3:0.0.0.0:44480, s4:0.0.0.0:36765, s0:0.0.0.0:35450, s1:0.0.0.0:44404, s2:0.0.0.0:36922], old=null RUNNING
  s0:  RUNNING CANDIDATE s0@group-3304ABEC3031:t5, leader=null, voted=s0, raftlog=s0@group-3304ABEC3031-SegmentedRaftLog:OPENED:c-1,f-1,i0, conf=-1: [s3:0.0.0.0:44480, s4:0.0.0.0:36765, s0:0.0.0.0:35450, s1:0.0.0.0:44404, s2:0.0.0.0:36922], old=null RUNNING
  s1:  RUNNING CANDIDATE s1@group-3304ABEC3031:t5, leader=null, voted=s1, raftlog=s1@group-3304ABEC3031-SegmentedRaftLog:OPENED:c-1,f-1,i0, conf=-1: [s3:0.0.0.0:44480, s4:0.0.0.0:36765, s0:0.0.0.0:35450, s1:0.0.0.0:44404, s2:0.0.0.0:36922], old=null RUNNING
  s2:  RUNNING CANDIDATE s2@group-3304ABEC3031:t5, leader=null, voted=s2, raftlog=s2@group-3304ABEC3031-SegmentedRaftLog:OPENED:c-1,f-1,i0, conf=-1: [s3:0.0.0.0:44480, s4:0.0.0.0:36765, s0:0.0.0.0:35450, s1:0.0.0.0:44404, s2:0.0.0.0:36922], old=null RUNNING
	at org.apache.ratis.MiniRaftCluster.newIllegalStateExceptionForNoLeaders(MiniRaftCluster.java:506)
	at org.apache.ratis.RaftTestUtil.lambda$waitForLeader$1(RaftTestUtil.java:90)
	at org.apache.ratis.MiniRaftCluster.getLeader(MiniRaftCluster.java:539)
	at org.apache.ratis.MiniRaftCluster.getLeader(MiniRaftCluster.java:532)
	at org.apache.ratis.RaftTestUtil.lambda$waitForLeader$3(RaftTestUtil.java:98)
	at org.apache.ratis.util.JavaUtils.attempt(JavaUtils.java:152)
	at org.apache.ratis.RaftTestUtil.waitForLeader(RaftTestUtil.java:97)
	at org.apache.ratis.RaftTestUtil.waitForLeader(RaftTestUtil.java:77)
	at org.apache.ratis.RaftTestUtil.waitForLeader(RaftTestUtil.java:72)
	at org.apache.ratis.server.impl.LeaderElectionTests.testEnforceLeader(LeaderElectionTests.java:95)
	at sun.reflect.NativeMethodAccessorImpl.invoke0(Native Method)
	at sun.reflect.NativeMethodAccessorImpl.invoke(NativeMethodAccessorImpl.java:62)
	at sun.reflect.DelegatingMethodAccessorImpl.invoke(DelegatingMethodAccessorImpl.java:43)
	at java.lang.reflect.Method.invoke(Method.java:498)
	at org.junit.runners.model.FrameworkMethod$1.runReflectiveCall(FrameworkMethod.java:50)
	at org.junit.internal.runners.model.ReflectiveCallable.run(ReflectiveCallable.java:12)
	at org.junit.runners.model.FrameworkMethod.invokeExplosively(FrameworkMethod.java:47)
	at org.junit.internal.runners.statements.InvokeMethod.evaluate(InvokeMethod.java:17)
	at org.junit.internal.runners.statements.RunAfters.evaluate(RunAfters.java:27)
	at org.junit.internal.runners.statements.FailOnTimeout$CallableStatement.call(FailOnTimeout.java:298)
	at org.junit.internal.runners.statements.FailOnTimeout$CallableStatement.call(FailOnTimeout.java:292)
	at java.util.concurrent.FutureTask.run(FutureTask.java:266)
	at java.lang.Thread.run(Thread.java:748)
2019-09-24 17:09:42,613 INFO  impl.LeaderElection (LeaderElection.java:askForVotes(178)) - s3@group-3304ABEC3031-LeaderElection23: begin an election at term 5 for -1: [s3:0.0.0.0:44480, s4:0.0.0.0:36765, s0:0.0.0.0:35450, s1:0.0.0.0:44404, s2:0.0.0.0:36922], old=null
2019-09-24 17:09:42,614 INFO  impl.LeaderElection (LeaderElection.java:askForVotes(178)) - s4@group-3304ABEC3031-LeaderElection24: begin an election at term 5 for -1: [s3:0.0.0.0:44480, s4:0.0.0.0:36765, s0:0.0.0.0:35450, s1:0.0.0.0:44404, s2:0.0.0.0:36922], old=null
2019-09-24 17:09:42,613 INFO  impl.LeaderElection (LeaderElection.java:askForVotes(178)) - s0@group-3304ABEC3031-LeaderElection21: begin an election at term 5 for -1: [s3:0.0.0.0:44480, s4:0.0.0.0:36765, s0:0.0.0.0:35450, s1:0.0.0.0:44404, s2:0.0.0.0:36922], old=null
2019-09-24 17:09:42,613 INFO  impl.LeaderElection (LeaderElection.java:askForVotes(178)) - s2@group-3304ABEC3031-LeaderElection22: begin an election at term 5 for -1: [s3:0.0.0.0:44480, s4:0.0.0.0:36765, s0:0.0.0.0:35450, s1:0.0.0.0:44404, s2:0.0.0.0:36922], old=null
2019-09-24 17:09:42,613 INFO  impl.LeaderElection (LeaderElection.java:askForVotes(178)) - s1@group-3304ABEC3031-LeaderElection20: begin an election at term 5 for -1: [s3:0.0.0.0:44480, s4:0.0.0.0:36765, s0:0.0.0.0:35450, s1:0.0.0.0:44404, s2:0.0.0.0:36922], old=null
2019-09-24 17:09:42,616 DEBUG impl.RaftServerImpl (RaftServerImpl.java:requestVote(743)) - s4@group-3304ABEC3031: receive requestVote(s3, group-3304ABEC3031, 5, (t:0, i:0))
2019-09-24 17:09:42,616 DEBUG impl.RaftServerImpl (RaftServerImpl.java:requestVote(743)) - s3@group-3304ABEC3031: receive requestVote(s0, group-3304ABEC3031, 5, (t:0, i:0))
2019-09-24 17:09:42,616 DEBUG impl.RaftServerImpl (RaftServerImpl.java:requestVote(743)) - s3@group-3304ABEC3031: receive requestVote(s2, group-3304ABEC3031, 5, (t:0, i:0))
2019-09-24 17:09:42,616 DEBUG impl.RaftServerImpl (RaftServerImpl.java:requestVote(743)) - s4@group-3304ABEC3031: receive requestVote(s2, group-3304ABEC3031, 5, (t:0, i:0))
2019-09-24 17:09:42,616 DEBUG impl.RaftServerImpl (RaftServerImpl.java:requestVote(775)) - s3@group-3304ABEC3031 replies to vote request: s0<-s3#0:FAIL-t5. Peer's state: s3@group-3304ABEC3031:t5, leader=null, voted=s3, raftlog=s3@group-3304ABEC3031-SegmentedRaftLog:OPENED:c-1,f-1,i0, conf=-1: [s3:0.0.0.0:44480, s4:0.0.0.0:36765, s0:0.0.0.0:35450, s1:0.0.0.0:44404, s2:0.0.0.0:36922], old=null
2019-09-24 17:09:42,616 DEBUG impl.RaftServerImpl (RaftServerImpl.java:requestVote(775)) - s4@group-3304ABEC3031 replies to vote request: s3<-s4#0:FAIL-t5. Peer's state: s4@group-3304ABEC3031:t5, leader=null, voted=s4, raftlog=s4@group-3304ABEC3031-SegmentedRaftLog:OPENED:c-1,f-1,i0, conf=-1: [s3:0.0.0.0:44480, s4:0.0.0.0:36765, s0:0.0.0.0:35450, s1:0.0.0.0:44404, s2:0.0.0.0:36922], old=null
2019-09-24 17:09:42,616 DEBUG impl.RaftServerImpl (RaftServerImpl.java:requestVote(743)) - s3@group-3304ABEC3031: receive requestVote(s4, group-3304ABEC3031, 5, (t:0, i:0))
2019-09-24 17:09:42,617 DEBUG impl.RaftServerImpl (RaftServerImpl.java:requestVote(743)) - s0@group-3304ABEC3031: receive requestVote(s4, group-3304ABEC3031, 5, (t:0, i:0))
2019-09-24 17:09:42,617 DEBUG impl.RaftServerImpl (RaftServerImpl.java:requestVote(775)) - s4@group-3304ABEC3031 replies to vote request: s2<-s4#0:FAIL-t5. Peer's state: s4@group-3304ABEC3031:t5, leader=null, voted=s4, raftlog=s4@group-3304ABEC3031-SegmentedRaftLog:OPENED:c-1,f-1,i0, conf=-1: [s3:0.0.0.0:44480, s4:0.0.0.0:36765, s0:0.0.0.0:35450, s1:0.0.0.0:44404, s2:0.0.0.0:36922], old=null
2019-09-24 17:09:42,617 DEBUG impl.RaftServerImpl (RaftServerImpl.java:requestVote(743)) - s1@group-3304ABEC3031: receive requestVote(s3, group-3304ABEC3031, 5, (t:0, i:0))
2019-09-24 17:09:42,617 DEBUG impl.RaftServerImpl (RaftServerImpl.java:requestVote(775)) - s3@group-3304ABEC3031 replies to vote request: s2<-s3#0:FAIL-t5. Peer's state: s3@group-3304ABEC3031:t5, leader=null, voted=s3, raftlog=s3@group-3304ABEC3031-SegmentedRaftLog:OPENED:c-1,f-1,i0, conf=-1: [s3:0.0.0.0:44480, s4:0.0.0.0:36765, s0:0.0.0.0:35450, s1:0.0.0.0:44404, s2:0.0.0.0:36922], old=null
2019-09-24 17:09:42,617 DEBUG impl.RaftServerImpl (RaftServerImpl.java:requestVote(743)) - s4@group-3304ABEC3031: receive requestVote(s0, group-3304ABEC3031, 5, (t:0, i:0))
2019-09-24 17:09:42,616 DEBUG impl.RaftServerImpl (RaftServerImpl.java:requestVote(743)) - s0@group-3304ABEC3031: receive requestVote(s3, group-3304ABEC3031, 5, (t:0, i:0))
2019-09-24 17:09:42,618 DEBUG impl.RaftServerImpl (RaftServerImpl.java:requestVote(775)) - s4@group-3304ABEC3031 replies to vote request: s0<-s4#0:FAIL-t5. Peer's state: s4@group-3304ABEC3031:t5, leader=null, voted=s4, raftlog=s4@group-3304ABEC3031-SegmentedRaftLog:OPENED:c-1,f-1,i0, conf=-1: [s3:0.0.0.0:44480, s4:0.0.0.0:36765, s0:0.0.0.0:35450, s1:0.0.0.0:44404, s2:0.0.0.0:36922], old=null
2019-09-24 17:09:42,618 DEBUG impl.RaftServerImpl (RaftServerImpl.java:requestVote(775)) - s3@group-3304ABEC3031 replies to vote request: s4<-s3#0:FAIL-t5. Peer's state: s3@group-3304ABEC3031:t5, leader=null, voted=s3, raftlog=s3@group-3304ABEC3031-SegmentedRaftLog:OPENED:c-1,f-1,i0, conf=-1: [s3:0.0.0.0:44480, s4:0.0.0.0:36765, s0:0.0.0.0:35450, s1:0.0.0.0:44404, s2:0.0.0.0:36922], old=null
2019-09-24 17:09:42,618 DEBUG impl.RaftServerImpl (RaftServerImpl.java:requestVote(743)) - s1@group-3304ABEC3031: receive requestVote(s2, group-3304ABEC3031, 5, (t:0, i:0))
2019-09-24 17:09:42,618 DEBUG impl.RaftServerImpl (RaftServerImpl.java:requestVote(743)) - s2@group-3304ABEC3031: receive requestVote(s0, group-3304ABEC3031, 5, (t:0, i:0))
2019-09-24 17:09:42,618 DEBUG impl.RaftServerImpl (RaftServerImpl.java:requestVote(775)) - s1@group-3304ABEC3031 replies to vote request: s3<-s1#0:FAIL-t5. Peer's state: s1@group-3304ABEC3031:t5, leader=null, voted=s1, raftlog=s1@group-3304ABEC3031-SegmentedRaftLog:OPENED:c-1,f-1,i0, conf=-1: [s3:0.0.0.0:44480, s4:0.0.0.0:36765, s0:0.0.0.0:35450, s1:0.0.0.0:44404, s2:0.0.0.0:36922], old=null
2019-09-24 17:09:42,618 DEBUG impl.RaftServerImpl (RaftServerImpl.java:requestVote(743)) - s1@group-3304ABEC3031: receive requestVote(s0, group-3304ABEC3031, 5, (t:0, i:0))
2019-09-24 17:09:42,617 DEBUG impl.RaftServerImpl (RaftServerImpl.java:requestVote(775)) - s0@group-3304ABEC3031 replies to vote request: s4<-s0#0:FAIL-t5. Peer's state: s0@group-3304ABEC3031:t5, leader=null, voted=s0, raftlog=s0@group-3304ABEC3031-SegmentedRaftLog:OPENED:c-1,f-1,i0, conf=-1: [s3:0.0.0.0:44480, s4:0.0.0.0:36765, s0:0.0.0.0:35450, s1:0.0.0.0:44404, s2:0.0.0.0:36922], old=null
2019-09-24 17:09:42,617 DEBUG impl.RaftServerImpl (RaftServerImpl.java:requestVote(743)) - s0@group-3304ABEC3031: receive requestVote(s2, group-3304ABEC3031, 5, (t:0, i:0))
2019-09-24 17:09:42,620 DEBUG impl.RaftServerImpl (RaftServerImpl.java:requestVote(775)) - s0@group-3304ABEC3031 replies to vote request: s3<-s0#0:FAIL-t5. Peer's state: s0@group-3304ABEC3031:t5, leader=null, voted=s0, raftlog=s0@group-3304ABEC3031-SegmentedRaftLog:OPENED:c-1,f-1,i0, conf=-1: [s3:0.0.0.0:44480, s4:0.0.0.0:36765, s0:0.0.0.0:35450, s1:0.0.0.0:44404, s2:0.0.0.0:36922], old=null
2019-09-24 17:09:42,619 DEBUG impl.RaftServerImpl (RaftServerImpl.java:requestVote(775)) - s1@group-3304ABEC3031 replies to vote request: s2<-s1#0:FAIL-t5. Peer's state: s1@group-3304ABEC3031:t5, leader=null, voted=s1, raftlog=s1@group-3304ABEC3031-SegmentedRaftLog:OPENED:c-1,f-1,i0, conf=-1: [s3:0.0.0.0:44480, s4:0.0.0.0:36765, s0:0.0.0.0:35450, s1:0.0.0.0:44404, s2:0.0.0.0:36922], old=null
2019-09-24 17:09:42,619 DEBUG impl.RaftServerImpl (RaftServerImpl.java:requestVote(743)) - s2@group-3304ABEC3031: receive requestVote(s3, group-3304ABEC3031, 5, (t:0, i:0))
2019-09-24 17:09:42,619 DEBUG impl.RaftServerImpl (RaftServerImpl.java:requestVote(775)) - s2@group-3304ABEC3031 replies to vote request: s0<-s2#0:FAIL-t5. Peer's state: s2@group-3304ABEC3031:t5, leader=null, voted=s2, raftlog=s2@group-3304ABEC3031-SegmentedRaftLog:OPENED:c-1,f-1,i0, conf=-1: [s3:0.0.0.0:44480, s4:0.0.0.0:36765, s0:0.0.0.0:35450, s1:0.0.0.0:44404, s2:0.0.0.0:36922], old=null
2019-09-24 17:09:42,618 DEBUG impl.RaftServerImpl (RaftServerImpl.java:requestVote(743)) - s2@group-3304ABEC3031: receive requestVote(s4, group-3304ABEC3031, 5, (t:0, i:0))
2019-09-24 17:09:42,621 DEBUG impl.RaftServerImpl (RaftServerImpl.java:requestVote(775)) - s2@group-3304ABEC3031 replies to vote request: s3<-s2#0:FAIL-t5. Peer's state: s2@group-3304ABEC3031:t5, leader=null, voted=s2, raftlog=s2@group-3304ABEC3031-SegmentedRaftLog:OPENED:c-1,f-1,i0, conf=-1: [s3:0.0.0.0:44480, s4:0.0.0.0:36765, s0:0.0.0.0:35450, s1:0.0.0.0:44404, s2:0.0.0.0:36922], old=null
2019-09-24 17:09:42,620 DEBUG impl.RaftServerImpl (RaftServerImpl.java:requestVote(775)) - s1@group-3304ABEC3031 replies to vote request: s0<-s1#0:FAIL-t5. Peer's state: s1@group-3304ABEC3031:t5, leader=null, voted=s1, raftlog=s1@group-3304ABEC3031-SegmentedRaftLog:OPENED:c-1,f-1,i0, conf=-1: [s3:0.0.0.0:44480, s4:0.0.0.0:36765, s0:0.0.0.0:35450, s1:0.0.0.0:44404, s2:0.0.0.0:36922], old=null
2019-09-24 17:09:42,620 DEBUG impl.RaftServerImpl (RaftServerImpl.java:requestVote(775)) - s0@group-3304ABEC3031 replies to vote request: s2<-s0#0:FAIL-t5. Peer's state: s0@group-3304ABEC3031:t5, leader=null, voted=s0, raftlog=s0@group-3304ABEC3031-SegmentedRaftLog:OPENED:c-1,f-1,i0, conf=-1: [s3:0.0.0.0:44480, s4:0.0.0.0:36765, s0:0.0.0.0:35450, s1:0.0.0.0:44404, s2:0.0.0.0:36922], old=null
2019-09-24 17:09:42,621 DEBUG impl.RaftServerImpl (RaftServerImpl.java:requestVote(775)) - s2@group-3304ABEC3031 replies to vote request: s4<-s2#0:FAIL-t5. Peer's state: s2@group-3304ABEC3031:t5, leader=null, voted=s2, raftlog=s2@group-3304ABEC3031-SegmentedRaftLog:OPENED:c-1,f-1,i0, conf=-1: [s3:0.0.0.0:44480, s4:0.0.0.0:36765, s0:0.0.0.0:35450, s1:0.0.0.0:44404, s2:0.0.0.0:36922], old=null
2019-09-24 17:09:42,628 DEBUG impl.RaftServerImpl (RaftServerImpl.java:requestVote(743)) - s4@group-3304ABEC3031: receive requestVote(s1, group-3304ABEC3031, 5, (t:0, i:0))
2019-09-24 17:09:42,628 DEBUG impl.RaftServerImpl (RaftServerImpl.java:requestVote(775)) - s4@group-3304ABEC3031 replies to vote request: s1<-s4#0:FAIL-t5. Peer's state: s4@group-3304ABEC3031:t5, leader=null, voted=s4, raftlog=s4@group-3304ABEC3031-SegmentedRaftLog:OPENED:c-1,f-1,i0, conf=-1: [s3:0.0.0.0:44480, s4:0.0.0.0:36765, s0:0.0.0.0:35450, s1:0.0.0.0:44404, s2:0.0.0.0:36922], old=null
2019-09-24 17:09:42,629 DEBUG impl.RaftServerImpl (RaftServerImpl.java:requestVote(743)) - s3@group-3304ABEC3031: receive requestVote(s1, group-3304ABEC3031, 5, (t:0, i:0))
2019-09-24 17:09:42,629 DEBUG impl.RaftServerImpl (RaftServerImpl.java:requestVote(775)) - s3@group-3304ABEC3031 replies to vote request: s1<-s3#0:FAIL-t5. Peer's state: s3@group-3304ABEC3031:t5, leader=null, voted=s3, raftlog=s3@group-3304ABEC3031-SegmentedRaftLog:OPENED:c-1,f-1,i0, conf=-1: [s3:0.0.0.0:44480, s4:0.0.0.0:36765, s0:0.0.0.0:35450, s1:0.0.0.0:44404, s2:0.0.0.0:36922], old=null
2019-09-24 17:09:42,633 DEBUG impl.RaftServerImpl (RaftServerImpl.java:requestVote(743)) - s0@group-3304ABEC3031: receive requestVote(s1, group-3304ABEC3031, 5, (t:0, i:0))
2019-09-24 17:09:42,633 DEBUG impl.RaftServerImpl (RaftServerImpl.java:requestVote(775)) - s0@group-3304ABEC3031 replies to vote request: s1<-s0#0:FAIL-t5. Peer's state: s0@group-3304ABEC3031:t5, leader=null, voted=s0, raftlog=s0@group-3304ABEC3031-SegmentedRaftLog:OPENED:c-1,f-1,i0, conf=-1: [s3:0.0.0.0:44480, s4:0.0.0.0:36765, s0:0.0.0.0:35450, s1:0.0.0.0:44404, s2:0.0.0.0:36922], old=null
2019-09-24 17:09:42,633 DEBUG impl.RaftServerImpl (RaftServerImpl.java:requestVote(743)) - s1@group-3304ABEC3031: receive requestVote(s4, group-3304ABEC3031, 5, (t:0, i:0))
2019-09-24 17:09:42,634 DEBUG impl.RaftServerImpl (RaftServerImpl.java:requestVote(775)) - s1@group-3304ABEC3031 replies to vote request: s4<-s1#0:FAIL-t5. Peer's state: s1@group-3304ABEC3031:t5, leader=null, voted=s1, raftlog=s1@group-3304ABEC3031-SegmentedRaftLog:OPENED:c-1,f-1,i0, conf=-1: [s3:0.0.0.0:44480, s4:0.0.0.0:36765, s0:0.0.0.0:35450, s1:0.0.0.0:44404, s2:0.0.0.0:36922], old=null
2019-09-24 17:09:42,634 DEBUG impl.RaftServerImpl (RaftServerImpl.java:requestVote(743)) - s2@group-3304ABEC3031: receive requestVote(s1, group-3304ABEC3031, 5, (t:0, i:0))
2019-09-24 17:09:42,635 DEBUG impl.RaftServerImpl (RaftServerImpl.java:requestVote(775)) - s2@group-3304ABEC3031 replies to vote request: s1<-s2#0:FAIL-t5. Peer's state: s2@group-3304ABEC3031:t5, leader=null, voted=s2, raftlog=s2@group-3304ABEC3031-SegmentedRaftLog:OPENED:c-1,f-1,i0, conf=-1: [s3:0.0.0.0:44480, s4:0.0.0.0:36765, s0:0.0.0.0:35450, s1:0.0.0.0:44404, s2:0.0.0.0:36922], old=null
2019-09-24 17:09:42,635 INFO  impl.LeaderElection (LeaderElection.java:logAndReturn(56)) - s3@group-3304ABEC3031-LeaderElection23: Election REJECTED; received 4 response(s) [s3<-s4#0:FAIL-t5, s3<-s0#0:FAIL-t5, s3<-s1#0:FAIL-t5, s3<-s2#0:FAIL-t5] and 0 exception(s); s3@group-3304ABEC3031:t5, leader=null, voted=s3, raftlog=s3@group-3304ABEC3031-SegmentedRaftLog:OPENED:c-1,f-1,i0, conf=-1: [s3:0.0.0.0:44480, s4:0.0.0.0:36765, s0:0.0.0.0:35450, s1:0.0.0.0:44404, s2:0.0.0.0:36922], old=null
2019-09-24 17:09:42,635 INFO  impl.RaftServerImpl (RaftServerImpl.java:setRole(170)) - s3@group-3304ABEC3031: changes role from CANDIDATE to FOLLOWER at term 5 for DISCOVERED_A_NEW_TERM
2019-09-24 17:09:42,635 INFO  impl.RoleInfo (RoleInfo.java:shutdownLeaderElection(134)) - s3: shutdown LeaderElection
2019-09-24 17:09:42,635 INFO  impl.RoleInfo (RoleInfo.java:updateAndGet(143)) - s3: start FollowerState
2019-09-24 17:09:42,638 INFO  impl.LeaderElection (LeaderElection.java:logAndReturn(56)) - s2@group-3304ABEC3031-LeaderElection22: Election REJECTED; received 4 response(s) [s2<-s3#0:FAIL-t5, s2<-s4#0:FAIL-t5, s2<-s0#0:FAIL-t5, s2<-s1#0:FAIL-t5] and 0 exception(s); s2@group-3304ABEC3031:t5, leader=null, voted=s2, raftlog=s2@group-3304ABEC3031-SegmentedRaftLog:OPENED:c-1,f-1,i0, conf=-1: [s3:0.0.0.0:44480, s4:0.0.0.0:36765, s0:0.0.0.0:35450, s1:0.0.0.0:44404, s2:0.0.0.0:36922], old=null
2019-09-24 17:09:42,638 INFO  impl.RaftServerImpl (RaftServerImpl.java:setRole(170)) - s2@group-3304ABEC3031: changes role from CANDIDATE to FOLLOWER at term 5 for DISCOVERED_A_NEW_TERM
2019-09-24 17:09:42,638 INFO  impl.RoleInfo (RoleInfo.java:shutdownLeaderElection(134)) - s2: shutdown LeaderElection
2019-09-24 17:09:42,638 INFO  impl.RoleInfo (RoleInfo.java:updateAndGet(143)) - s2: start FollowerState
2019-09-24 17:09:42,641 INFO  impl.LeaderElection (LeaderElection.java:logAndReturn(56)) - s0@group-3304ABEC3031-LeaderElection21: Election REJECTED; received 4 response(s) [s0<-s3#0:FAIL-t5, s0<-s4#0:FAIL-t5, s0<-s1#0:FAIL-t5, s0<-s2#0:FAIL-t5] and 0 exception(s); s0@group-3304ABEC3031:t5, leader=null, voted=s0, raftlog=s0@group-3304ABEC3031-SegmentedRaftLog:OPENED:c-1,f-1,i0, conf=-1: [s3:0.0.0.0:44480, s4:0.0.0.0:36765, s0:0.0.0.0:35450, s1:0.0.0.0:44404, s2:0.0.0.0:36922], old=null
2019-09-24 17:09:42,641 INFO  impl.RaftServerImpl (RaftServerImpl.java:setRole(170)) - s0@group-3304ABEC3031: changes role from CANDIDATE to FOLLOWER at term 5 for DISCOVERED_A_NEW_TERM
2019-09-24 17:09:42,641 INFO  impl.RoleInfo (RoleInfo.java:shutdownLeaderElection(134)) - s0: shutdown LeaderElection
2019-09-24 17:09:42,641 INFO  impl.RoleInfo (RoleInfo.java:updateAndGet(143)) - s0: start FollowerState
2019-09-24 17:09:42,646 INFO  impl.LeaderElection (LeaderElection.java:logAndReturn(56)) - s1@group-3304ABEC3031-LeaderElection20: Election REJECTED; received 4 response(s) [s1<-s3#0:FAIL-t5, s1<-s4#0:FAIL-t5, s1<-s0#0:FAIL-t5, s1<-s2#0:FAIL-t5] and 0 exception(s); s1@group-3304ABEC3031:t5, leader=null, voted=s1, raftlog=s1@group-3304ABEC3031-SegmentedRaftLog:OPENED:c-1,f-1,i0, conf=-1: [s3:0.0.0.0:44480, s4:0.0.0.0:36765, s0:0.0.0.0:35450, s1:0.0.0.0:44404, s2:0.0.0.0:36922], old=null
2019-09-24 17:09:42,646 INFO  impl.RaftServerImpl (RaftServerImpl.java:setRole(170)) - s1@group-3304ABEC3031: changes role from CANDIDATE to FOLLOWER at term 5 for DISCOVERED_A_NEW_TERM
2019-09-24 17:09:42,646 INFO  impl.RoleInfo (RoleInfo.java:shutdownLeaderElection(134)) - s1: shutdown LeaderElection
2019-09-24 17:09:42,647 INFO  impl.RoleInfo (RoleInfo.java:updateAndGet(143)) - s1: start FollowerState
2019-09-24 17:09:42,650 INFO  impl.LeaderElection (LeaderElection.java:logAndReturn(56)) - s4@group-3304ABEC3031-LeaderElection24: Election REJECTED; received 4 response(s) [s4<-s3#0:FAIL-t5, s4<-s0#0:FAIL-t5, s4<-s1#0:FAIL-t5, s4<-s2#0:FAIL-t5] and 0 exception(s); s4@group-3304ABEC3031:t5, leader=null, voted=s4, raftlog=s4@group-3304ABEC3031-SegmentedRaftLog:OPENED:c-1,f-1,i0, conf=-1: [s3:0.0.0.0:44480, s4:0.0.0.0:36765, s0:0.0.0.0:35450, s1:0.0.0.0:44404, s2:0.0.0.0:36922], old=null
2019-09-24 17:09:42,651 INFO  impl.RaftServerImpl (RaftServerImpl.java:setRole(170)) - s4@group-3304ABEC3031: changes role from CANDIDATE to FOLLOWER at term 5 for DISCOVERED_A_NEW_TERM
2019-09-24 17:09:42,651 INFO  impl.RoleInfo (RoleInfo.java:shutdownLeaderElection(134)) - s4: shutdown LeaderElection
2019-09-24 17:09:42,651 INFO  impl.RoleInfo (RoleInfo.java:updateAndGet(143)) - s4: start FollowerState
2019-09-24 17:09:42,763 WARN  ratis.RaftTestUtil (JavaUtils.java:attempt(158)) - FAILED "waitForLeader-null-(expectLeader? true)", attempt #23/100: java.lang.IllegalStateException: No leader yet : printing ALL groups
  s3:  RUNNING  FOLLOWER s3@group-3304ABEC3031:t5, leader=null, voted=s3, raftlog=s3@group-3304ABEC3031-SegmentedRaftLog:OPENED:c-1,f-1,i0, conf=-1: [s3:0.0.0.0:44480, s4:0.0.0.0:36765, s0:0.0.0.0:35450, s1:0.0.0.0:44404, s2:0.0.0.0:36922], old=null RUNNING
  s4:  RUNNING  FOLLOWER s4@group-3304ABEC3031:t5, leader=null, voted=s4, raftlog=s4@group-3304ABEC3031-SegmentedRaftLog:OPENED:c-1,f-1,i0, conf=-1: [s3:0.0.0.0:44480, s4:0.0.0.0:36765, s0:0.0.0.0:35450, s1:0.0.0.0:44404, s2:0.0.0.0:36922], old=null RUNNING
  s0:  RUNNING  FOLLOWER s0@group-3304ABEC3031:t5, leader=null, voted=s0, raftlog=s0@group-3304ABEC3031-SegmentedRaftLog:OPENED:c-1,f-1,i0, conf=-1: [s3:0.0.0.0:44480, s4:0.0.0.0:36765, s0:0.0.0.0:35450, s1:0.0.0.0:44404, s2:0.0.0.0:36922], old=null RUNNING
  s1:  RUNNING  FOLLOWER s1@group-3304ABEC3031:t5, leader=null, voted=s1, raftlog=s1@group-3304ABEC3031-SegmentedRaftLog:OPENED:c-1,f-1,i0, conf=-1: [s3:0.0.0.0:44480, s4:0.0.0.0:36765, s0:0.0.0.0:35450, s1:0.0.0.0:44404, s2:0.0.0.0:36922], old=null RUNNING
  s2:  RUNNING  FOLLOWER s2@group-3304ABEC3031:t5, leader=null, voted=s2, raftlog=s2@group-3304ABEC3031-SegmentedRaftLog:OPENED:c-1,f-1,i0, conf=-1: [s3:0.0.0.0:44480, s4:0.0.0.0:36765, s0:0.0.0.0:35450, s1:0.0.0.0:44404, s2:0.0.0.0:36922], old=null RUNNING, sleep 450ms and then retry.
java.lang.IllegalStateException: No leader yet : printing ALL groups
  s3:  RUNNING  FOLLOWER s3@group-3304ABEC3031:t5, leader=null, voted=s3, raftlog=s3@group-3304ABEC3031-SegmentedRaftLog:OPENED:c-1,f-1,i0, conf=-1: [s3:0.0.0.0:44480, s4:0.0.0.0:36765, s0:0.0.0.0:35450, s1:0.0.0.0:44404, s2:0.0.0.0:36922], old=null RUNNING
  s4:  RUNNING  FOLLOWER s4@group-3304ABEC3031:t5, leader=null, voted=s4, raftlog=s4@group-3304ABEC3031-SegmentedRaftLog:OPENED:c-1,f-1,i0, conf=-1: [s3:0.0.0.0:44480, s4:0.0.0.0:36765, s0:0.0.0.0:35450, s1:0.0.0.0:44404, s2:0.0.0.0:36922], old=null RUNNING
  s0:  RUNNING  FOLLOWER s0@group-3304ABEC3031:t5, leader=null, voted=s0, raftlog=s0@group-3304ABEC3031-SegmentedRaftLog:OPENED:c-1,f-1,i0, conf=-1: [s3:0.0.0.0:44480, s4:0.0.0.0:36765, s0:0.0.0.0:35450, s1:0.0.0.0:44404, s2:0.0.0.0:36922], old=null RUNNING
  s1:  RUNNING  FOLLOWER s1@group-3304ABEC3031:t5, leader=null, voted=s1, raftlog=s1@group-3304ABEC3031-SegmentedRaftLog:OPENED:c-1,f-1,i0, conf=-1: [s3:0.0.0.0:44480, s4:0.0.0.0:36765, s0:0.0.0.0:35450, s1:0.0.0.0:44404, s2:0.0.0.0:36922], old=null RUNNING
  s2:  RUNNING  FOLLOWER s2@group-3304ABEC3031:t5, leader=null, voted=s2, raftlog=s2@group-3304ABEC3031-SegmentedRaftLog:OPENED:c-1,f-1,i0, conf=-1: [s3:0.0.0.0:44480, s4:0.0.0.0:36765, s0:0.0.0.0:35450, s1:0.0.0.0:44404, s2:0.0.0.0:36922], old=null RUNNING
	at org.apache.ratis.MiniRaftCluster.newIllegalStateExceptionForNoLeaders(MiniRaftCluster.java:506)
	at org.apache.ratis.RaftTestUtil.lambda$waitForLeader$1(RaftTestUtil.java:90)
	at org.apache.ratis.MiniRaftCluster.getLeader(MiniRaftCluster.java:539)
	at org.apache.ratis.MiniRaftCluster.getLeader(MiniRaftCluster.java:532)
	at org.apache.ratis.RaftTestUtil.lambda$waitForLeader$3(RaftTestUtil.java:98)
	at org.apache.ratis.util.JavaUtils.attempt(JavaUtils.java:152)
	at org.apache.ratis.RaftTestUtil.waitForLeader(RaftTestUtil.java:97)
	at org.apache.ratis.RaftTestUtil.waitForLeader(RaftTestUtil.java:77)
	at org.apache.ratis.RaftTestUtil.waitForLeader(RaftTestUtil.java:72)
	at org.apache.ratis.server.impl.LeaderElectionTests.testEnforceLeader(LeaderElectionTests.java:95)
	at sun.reflect.NativeMethodAccessorImpl.invoke0(Native Method)
	at sun.reflect.NativeMethodAccessorImpl.invoke(NativeMethodAccessorImpl.java:62)
	at sun.reflect.DelegatingMethodAccessorImpl.invoke(DelegatingMethodAccessorImpl.java:43)
	at java.lang.reflect.Method.invoke(Method.java:498)
	at org.junit.runners.model.FrameworkMethod$1.runReflectiveCall(FrameworkMethod.java:50)
	at org.junit.internal.runners.model.ReflectiveCallable.run(ReflectiveCallable.java:12)
	at org.junit.runners.model.FrameworkMethod.invokeExplosively(FrameworkMethod.java:47)
	at org.junit.internal.runners.statements.InvokeMethod.evaluate(InvokeMethod.java:17)
	at org.junit.internal.runners.statements.RunAfters.evaluate(RunAfters.java:27)
	at org.junit.internal.runners.statements.FailOnTimeout$CallableStatement.call(FailOnTimeout.java:298)
	at org.junit.internal.runners.statements.FailOnTimeout$CallableStatement.call(FailOnTimeout.java:292)
	at java.util.concurrent.FutureTask.run(FutureTask.java:266)
	at java.lang.Thread.run(Thread.java:748)
2019-09-24 17:09:42,800 INFO  ratis.MiniRaftCluster (MiniRaftCluster.java:lambda$null$5(297)) - TIMED-PRINT: printing ALL groups
  s3:  RUNNING  FOLLOWER s3@group-3304ABEC3031:t5, leader=null, voted=s3, raftlog=s3@group-3304ABEC3031-SegmentedRaftLog:OPENED:c-1,f-1,i0, conf=-1: [s3:0.0.0.0:44480, s4:0.0.0.0:36765, s0:0.0.0.0:35450, s1:0.0.0.0:44404, s2:0.0.0.0:36922], old=null RUNNING
  s4:  RUNNING  FOLLOWER s4@group-3304ABEC3031:t5, leader=null, voted=s4, raftlog=s4@group-3304ABEC3031-SegmentedRaftLog:OPENED:c-1,f-1,i0, conf=-1: [s3:0.0.0.0:44480, s4:0.0.0.0:36765, s0:0.0.0.0:35450, s1:0.0.0.0:44404, s2:0.0.0.0:36922], old=null RUNNING
  s0:  RUNNING  FOLLOWER s0@group-3304ABEC3031:t5, leader=null, voted=s0, raftlog=s0@group-3304ABEC3031-SegmentedRaftLog:OPENED:c-1,f-1,i0, conf=-1: [s3:0.0.0.0:44480, s4:0.0.0.0:36765, s0:0.0.0.0:35450, s1:0.0.0.0:44404, s2:0.0.0.0:36922], old=null RUNNING
  s1:  RUNNING  FOLLOWER s1@group-3304ABEC3031:t5, leader=null, voted=s1, raftlog=s1@group-3304ABEC3031-SegmentedRaftLog:OPENED:c-1,f-1,i0, conf=-1: [s3:0.0.0.0:44480, s4:0.0.0.0:36765, s0:0.0.0.0:35450, s1:0.0.0.0:44404, s2:0.0.0.0:36922], old=null RUNNING
  s2:  RUNNING  FOLLOWER s2@group-3304ABEC3031:t5, leader=null, voted=s2, raftlog=s2@group-3304ABEC3031-SegmentedRaftLog:OPENED:c-1,f-1,i0, conf=-1: [s3:0.0.0.0:44480, s4:0.0.0.0:36765, s0:0.0.0.0:35450, s1:0.0.0.0:44404, s2:0.0.0.0:36922], old=null RUNNING
2019-09-24 17:09:42,823 INFO  impl.FollowerState (FollowerState.java:run(108)) - s2@group-3304ABEC3031-FollowerState: change to CANDIDATE, lastRpcTime:184ms, electionTimeout:184ms
2019-09-24 17:09:42,823 INFO  impl.RoleInfo (RoleInfo.java:shutdownFollowerState(121)) - s2: shutdown FollowerState
2019-09-24 17:09:42,824 INFO  impl.RaftServerImpl (RaftServerImpl.java:setRole(170)) - s2@group-3304ABEC3031: changes role from  FOLLOWER to CANDIDATE at term 5 for changeToCandidate
2019-09-24 17:09:42,824 INFO  impl.RoleInfo (RoleInfo.java:updateAndGet(143)) - s2: start LeaderElection
2019-09-24 17:09:42,874 INFO  impl.FollowerState (FollowerState.java:run(108)) - s3@group-3304ABEC3031-FollowerState: change to CANDIDATE, lastRpcTime:238ms, electionTimeout:238ms
2019-09-24 17:09:42,875 INFO  impl.RoleInfo (RoleInfo.java:shutdownFollowerState(121)) - s3: shutdown FollowerState
2019-09-24 17:09:42,875 INFO  impl.RaftServerImpl (RaftServerImpl.java:setRole(170)) - s3@group-3304ABEC3031: changes role from  FOLLOWER to CANDIDATE at term 5 for changeToCandidate
2019-09-24 17:09:42,875 INFO  impl.RoleInfo (RoleInfo.java:updateAndGet(143)) - s3: start LeaderElection
2019-09-24 17:09:42,880 INFO  impl.FollowerState (FollowerState.java:run(108)) - s1@group-3304ABEC3031-FollowerState: change to CANDIDATE, lastRpcTime:233ms, electionTimeout:233ms
2019-09-24 17:09:42,880 INFO  impl.RoleInfo (RoleInfo.java:shutdownFollowerState(121)) - s1: shutdown FollowerState
2019-09-24 17:09:42,881 INFO  impl.RaftServerImpl (RaftServerImpl.java:setRole(170)) - s1@group-3304ABEC3031: changes role from  FOLLOWER to CANDIDATE at term 5 for changeToCandidate
2019-09-24 17:09:42,881 INFO  impl.RoleInfo (RoleInfo.java:updateAndGet(143)) - s1: start LeaderElection
2019-09-24 17:09:42,903 INFO  impl.FollowerState (FollowerState.java:run(108)) - s4@group-3304ABEC3031-FollowerState: change to CANDIDATE, lastRpcTime:252ms, electionTimeout:252ms
2019-09-24 17:09:42,904 INFO  impl.RoleInfo (RoleInfo.java:shutdownFollowerState(121)) - s4: shutdown FollowerState
2019-09-24 17:09:42,904 INFO  impl.RaftServerImpl (RaftServerImpl.java:setRole(170)) - s4@group-3304ABEC3031: changes role from  FOLLOWER to CANDIDATE at term 5 for changeToCandidate
2019-09-24 17:09:42,904 INFO  impl.RoleInfo (RoleInfo.java:updateAndGet(143)) - s4: start LeaderElection
2019-09-24 17:09:42,936 INFO  impl.FollowerState (FollowerState.java:run(108)) - s0@group-3304ABEC3031-FollowerState: change to CANDIDATE, lastRpcTime:294ms, electionTimeout:294ms
2019-09-24 17:09:42,936 INFO  impl.RoleInfo (RoleInfo.java:shutdownFollowerState(121)) - s0: shutdown FollowerState
2019-09-24 17:09:42,936 INFO  impl.RaftServerImpl (RaftServerImpl.java:setRole(170)) - s0@group-3304ABEC3031: changes role from  FOLLOWER to CANDIDATE at term 5 for changeToCandidate
2019-09-24 17:09:42,936 INFO  impl.RoleInfo (RoleInfo.java:updateAndGet(143)) - s0: start LeaderElection
2019-09-24 17:09:43,126 INFO  impl.LeaderElection (LeaderElection.java:askForVotes(178)) - s1@group-3304ABEC3031-LeaderElection27: begin an election at term 6 for -1: [s3:0.0.0.0:44480, s4:0.0.0.0:36765, s0:0.0.0.0:35450, s1:0.0.0.0:44404, s2:0.0.0.0:36922], old=null
2019-09-24 17:09:43,126 INFO  impl.LeaderElection (LeaderElection.java:askForVotes(178)) - s4@group-3304ABEC3031-LeaderElection28: begin an election at term 6 for -1: [s3:0.0.0.0:44480, s4:0.0.0.0:36765, s0:0.0.0.0:35450, s1:0.0.0.0:44404, s2:0.0.0.0:36922], old=null
2019-09-24 17:09:43,126 INFO  impl.LeaderElection (LeaderElection.java:askForVotes(178)) - s2@group-3304ABEC3031-LeaderElection25: begin an election at term 6 for -1: [s3:0.0.0.0:44480, s4:0.0.0.0:36765, s0:0.0.0.0:35450, s1:0.0.0.0:44404, s2:0.0.0.0:36922], old=null
2019-09-24 17:09:43,126 INFO  impl.LeaderElection (LeaderElection.java:askForVotes(178)) - s3@group-3304ABEC3031-LeaderElection26: begin an election at term 6 for -1: [s3:0.0.0.0:44480, s4:0.0.0.0:36765, s0:0.0.0.0:35450, s1:0.0.0.0:44404, s2:0.0.0.0:36922], old=null
2019-09-24 17:09:43,127 INFO  impl.LeaderElection (LeaderElection.java:askForVotes(178)) - s0@group-3304ABEC3031-LeaderElection29: begin an election at term 6 for -1: [s3:0.0.0.0:44480, s4:0.0.0.0:36765, s0:0.0.0.0:35450, s1:0.0.0.0:44404, s2:0.0.0.0:36922], old=null
2019-09-24 17:09:43,127 DEBUG impl.RaftServerImpl (RaftServerImpl.java:requestVote(743)) - s3@group-3304ABEC3031: receive requestVote(s1, group-3304ABEC3031, 6, (t:0, i:0))
2019-09-24 17:09:43,128 DEBUG impl.RaftServerImpl (RaftServerImpl.java:requestVote(743)) - s4@group-3304ABEC3031: receive requestVote(s1, group-3304ABEC3031, 6, (t:0, i:0))
2019-09-24 17:09:43,127 DEBUG impl.RaftServerImpl (RaftServerImpl.java:requestVote(743)) - s3@group-3304ABEC3031: receive requestVote(s4, group-3304ABEC3031, 6, (t:0, i:0))
2019-09-24 17:09:43,128 DEBUG impl.RaftServerImpl (RaftServerImpl.java:requestVote(775)) - s4@group-3304ABEC3031 replies to vote request: s1<-s4#0:FAIL-t6. Peer's state: s4@group-3304ABEC3031:t6, leader=null, voted=s4, raftlog=s4@group-3304ABEC3031-SegmentedRaftLog:OPENED:c-1,f-1,i0, conf=-1: [s3:0.0.0.0:44480, s4:0.0.0.0:36765, s0:0.0.0.0:35450, s1:0.0.0.0:44404, s2:0.0.0.0:36922], old=null
2019-09-24 17:09:43,128 DEBUG impl.RaftServerImpl (RaftServerImpl.java:requestVote(743)) - s0@group-3304ABEC3031: receive requestVote(s1, group-3304ABEC3031, 6, (t:0, i:0))
2019-09-24 17:09:43,128 DEBUG impl.RaftServerImpl (RaftServerImpl.java:requestVote(743)) - s2@group-3304ABEC3031: receive requestVote(s1, group-3304ABEC3031, 6, (t:0, i:0))
2019-09-24 17:09:43,128 DEBUG impl.RaftServerImpl (RaftServerImpl.java:requestVote(775)) - s3@group-3304ABEC3031 replies to vote request: s1<-s3#0:FAIL-t6. Peer's state: s3@group-3304ABEC3031:t6, leader=null, voted=s3, raftlog=s3@group-3304ABEC3031-SegmentedRaftLog:OPENED:c-1,f-1,i0, conf=-1: [s3:0.0.0.0:44480, s4:0.0.0.0:36765, s0:0.0.0.0:35450, s1:0.0.0.0:44404, s2:0.0.0.0:36922], old=null
2019-09-24 17:09:43,128 DEBUG impl.RaftServerImpl (RaftServerImpl.java:requestVote(743)) - s3@group-3304ABEC3031: receive requestVote(s2, group-3304ABEC3031, 6, (t:0, i:0))
2019-09-24 17:09:43,129 DEBUG impl.RaftServerImpl (RaftServerImpl.java:requestVote(775)) - s2@group-3304ABEC3031 replies to vote request: s1<-s2#0:FAIL-t6. Peer's state: s2@group-3304ABEC3031:t6, leader=null, voted=s2, raftlog=s2@group-3304ABEC3031-SegmentedRaftLog:OPENED:c-1,f-1,i0, conf=-1: [s3:0.0.0.0:44480, s4:0.0.0.0:36765, s0:0.0.0.0:35450, s1:0.0.0.0:44404, s2:0.0.0.0:36922], old=null
2019-09-24 17:09:43,129 DEBUG impl.RaftServerImpl (RaftServerImpl.java:requestVote(743)) - s0@group-3304ABEC3031: receive requestVote(s4, group-3304ABEC3031, 6, (t:0, i:0))
2019-09-24 17:09:43,129 DEBUG impl.RaftServerImpl (RaftServerImpl.java:requestVote(775)) - s0@group-3304ABEC3031 replies to vote request: s1<-s0#0:FAIL-t6. Peer's state: s0@group-3304ABEC3031:t6, leader=null, voted=s0, raftlog=s0@group-3304ABEC3031-SegmentedRaftLog:OPENED:c-1,f-1,i0, conf=-1: [s3:0.0.0.0:44480, s4:0.0.0.0:36765, s0:0.0.0.0:35450, s1:0.0.0.0:44404, s2:0.0.0.0:36922], old=null
2019-09-24 17:09:43,128 DEBUG impl.RaftServerImpl (RaftServerImpl.java:requestVote(743)) - s4@group-3304ABEC3031: receive requestVote(s2, group-3304ABEC3031, 6, (t:0, i:0))
2019-09-24 17:09:43,128 DEBUG impl.RaftServerImpl (RaftServerImpl.java:requestVote(743)) - s4@group-3304ABEC3031: receive requestVote(s3, group-3304ABEC3031, 6, (t:0, i:0))
2019-09-24 17:09:43,130 DEBUG impl.RaftServerImpl (RaftServerImpl.java:requestVote(775)) - s4@group-3304ABEC3031 replies to vote request: s2<-s4#0:FAIL-t6. Peer's state: s4@group-3304ABEC3031:t6, leader=null, voted=s4, raftlog=s4@group-3304ABEC3031-SegmentedRaftLog:OPENED:c-1,f-1,i0, conf=-1: [s3:0.0.0.0:44480, s4:0.0.0.0:36765, s0:0.0.0.0:35450, s1:0.0.0.0:44404, s2:0.0.0.0:36922], old=null
2019-09-24 17:09:43,130 DEBUG impl.RaftServerImpl (RaftServerImpl.java:requestVote(775)) - s0@group-3304ABEC3031 replies to vote request: s4<-s0#0:FAIL-t6. Peer's state: s0@group-3304ABEC3031:t6, leader=null, voted=s0, raftlog=s0@group-3304ABEC3031-SegmentedRaftLog:OPENED:c-1,f-1,i0, conf=-1: [s3:0.0.0.0:44480, s4:0.0.0.0:36765, s0:0.0.0.0:35450, s1:0.0.0.0:44404, s2:0.0.0.0:36922], old=null
2019-09-24 17:09:43,130 DEBUG impl.RaftServerImpl (RaftServerImpl.java:requestVote(775)) - s4@group-3304ABEC3031 replies to vote request: s3<-s4#0:FAIL-t6. Peer's state: s4@group-3304ABEC3031:t6, leader=null, voted=s4, raftlog=s4@group-3304ABEC3031-SegmentedRaftLog:OPENED:c-1,f-1,i0, conf=-1: [s3:0.0.0.0:44480, s4:0.0.0.0:36765, s0:0.0.0.0:35450, s1:0.0.0.0:44404, s2:0.0.0.0:36922], old=null
2019-09-24 17:09:43,129 DEBUG impl.RaftServerImpl (RaftServerImpl.java:requestVote(743)) - s2@group-3304ABEC3031: receive requestVote(s4, group-3304ABEC3031, 6, (t:0, i:0))
2019-09-24 17:09:43,129 DEBUG impl.RaftServerImpl (RaftServerImpl.java:requestVote(743)) - s1@group-3304ABEC3031: receive requestVote(s2, group-3304ABEC3031, 6, (t:0, i:0))
2019-09-24 17:09:43,129 DEBUG impl.RaftServerImpl (RaftServerImpl.java:requestVote(743)) - s1@group-3304ABEC3031: receive requestVote(s4, group-3304ABEC3031, 6, (t:0, i:0))
2019-09-24 17:09:43,129 DEBUG impl.RaftServerImpl (RaftServerImpl.java:requestVote(743)) - s0@group-3304ABEC3031: receive requestVote(s2, group-3304ABEC3031, 6, (t:0, i:0))
2019-09-24 17:09:43,129 DEBUG impl.RaftServerImpl (RaftServerImpl.java:requestVote(775)) - s3@group-3304ABEC3031 replies to vote request: s4<-s3#0:FAIL-t6. Peer's state: s3@group-3304ABEC3031:t6, leader=null, voted=s3, raftlog=s3@group-3304ABEC3031-SegmentedRaftLog:OPENED:c-1,f-1,i0, conf=-1: [s3:0.0.0.0:44480, s4:0.0.0.0:36765, s0:0.0.0.0:35450, s1:0.0.0.0:44404, s2:0.0.0.0:36922], old=null
2019-09-24 17:09:43,129 DEBUG impl.RaftServerImpl (RaftServerImpl.java:requestVote(743)) - s1@group-3304ABEC3031: receive requestVote(s0, group-3304ABEC3031, 6, (t:0, i:0))
2019-09-24 17:09:43,131 DEBUG impl.RaftServerImpl (RaftServerImpl.java:requestVote(775)) - s0@group-3304ABEC3031 replies to vote request: s2<-s0#0:FAIL-t6. Peer's state: s0@group-3304ABEC3031:t6, leader=null, voted=s0, raftlog=s0@group-3304ABEC3031-SegmentedRaftLog:OPENED:c-1,f-1,i0, conf=-1: [s3:0.0.0.0:44480, s4:0.0.0.0:36765, s0:0.0.0.0:35450, s1:0.0.0.0:44404, s2:0.0.0.0:36922], old=null
2019-09-24 17:09:43,131 DEBUG impl.RaftServerImpl (RaftServerImpl.java:requestVote(775)) - s1@group-3304ABEC3031 replies to vote request: s2<-s1#0:FAIL-t6. Peer's state: s1@group-3304ABEC3031:t6, leader=null, voted=s1, raftlog=s1@group-3304ABEC3031-SegmentedRaftLog:OPENED:c-1,f-1,i0, conf=-1: [s3:0.0.0.0:44480, s4:0.0.0.0:36765, s0:0.0.0.0:35450, s1:0.0.0.0:44404, s2:0.0.0.0:36922], old=null
2019-09-24 17:09:43,131 DEBUG impl.RaftServerImpl (RaftServerImpl.java:requestVote(743)) - s2@group-3304ABEC3031: receive requestVote(s0, group-3304ABEC3031, 6, (t:0, i:0))
2019-09-24 17:09:43,131 DEBUG impl.RaftServerImpl (RaftServerImpl.java:requestVote(775)) - s2@group-3304ABEC3031 replies to vote request: s4<-s2#0:FAIL-t6. Peer's state: s2@group-3304ABEC3031:t6, leader=null, voted=s2, raftlog=s2@group-3304ABEC3031-SegmentedRaftLog:OPENED:c-1,f-1,i0, conf=-1: [s3:0.0.0.0:44480, s4:0.0.0.0:36765, s0:0.0.0.0:35450, s1:0.0.0.0:44404, s2:0.0.0.0:36922], old=null
2019-09-24 17:09:43,132 DEBUG impl.RaftServerImpl (RaftServerImpl.java:requestVote(775)) - s1@group-3304ABEC3031 replies to vote request: s0<-s1#0:FAIL-t6. Peer's state: s1@group-3304ABEC3031:t6, leader=null, voted=s1, raftlog=s1@group-3304ABEC3031-SegmentedRaftLog:OPENED:c-1,f-1,i0, conf=-1: [s3:0.0.0.0:44480, s4:0.0.0.0:36765, s0:0.0.0.0:35450, s1:0.0.0.0:44404, s2:0.0.0.0:36922], old=null
2019-09-24 17:09:43,132 DEBUG impl.RaftServerImpl (RaftServerImpl.java:requestVote(775)) - s2@group-3304ABEC3031 replies to vote request: s0<-s2#0:FAIL-t6. Peer's state: s2@group-3304ABEC3031:t6, leader=null, voted=s2, raftlog=s2@group-3304ABEC3031-SegmentedRaftLog:OPENED:c-1,f-1,i0, conf=-1: [s3:0.0.0.0:44480, s4:0.0.0.0:36765, s0:0.0.0.0:35450, s1:0.0.0.0:44404, s2:0.0.0.0:36922], old=null
2019-09-24 17:09:43,131 DEBUG impl.RaftServerImpl (RaftServerImpl.java:requestVote(775)) - s3@group-3304ABEC3031 replies to vote request: s2<-s3#0:FAIL-t6. Peer's state: s3@group-3304ABEC3031:t6, leader=null, voted=s3, raftlog=s3@group-3304ABEC3031-SegmentedRaftLog:OPENED:c-1,f-1,i0, conf=-1: [s3:0.0.0.0:44480, s4:0.0.0.0:36765, s0:0.0.0.0:35450, s1:0.0.0.0:44404, s2:0.0.0.0:36922], old=null
2019-09-24 17:09:43,132 DEBUG impl.RaftServerImpl (RaftServerImpl.java:requestVote(775)) - s1@group-3304ABEC3031 replies to vote request: s4<-s1#0:FAIL-t6. Peer's state: s1@group-3304ABEC3031:t6, leader=null, voted=s1, raftlog=s1@group-3304ABEC3031-SegmentedRaftLog:OPENED:c-1,f-1,i0, conf=-1: [s3:0.0.0.0:44480, s4:0.0.0.0:36765, s0:0.0.0.0:35450, s1:0.0.0.0:44404, s2:0.0.0.0:36922], old=null
2019-09-24 17:09:43,143 DEBUG impl.RaftServerImpl (RaftServerImpl.java:requestVote(743)) - s1@group-3304ABEC3031: receive requestVote(s3, group-3304ABEC3031, 6, (t:0, i:0))
2019-09-24 17:09:43,143 DEBUG impl.RaftServerImpl (RaftServerImpl.java:requestVote(775)) - s1@group-3304ABEC3031 replies to vote request: s3<-s1#0:FAIL-t6. Peer's state: s1@group-3304ABEC3031:t6, leader=null, voted=s1, raftlog=s1@group-3304ABEC3031-SegmentedRaftLog:OPENED:c-1,f-1,i0, conf=-1: [s3:0.0.0.0:44480, s4:0.0.0.0:36765, s0:0.0.0.0:35450, s1:0.0.0.0:44404, s2:0.0.0.0:36922], old=null
2019-09-24 17:09:43,144 DEBUG impl.RaftServerImpl (RaftServerImpl.java:requestVote(743)) - s4@group-3304ABEC3031: receive requestVote(s0, group-3304ABEC3031, 6, (t:0, i:0))
2019-09-24 17:09:43,144 DEBUG impl.RaftServerImpl (RaftServerImpl.java:requestVote(743)) - s0@group-3304ABEC3031: receive requestVote(s3, group-3304ABEC3031, 6, (t:0, i:0))
2019-09-24 17:09:43,144 DEBUG impl.RaftServerImpl (RaftServerImpl.java:requestVote(775)) - s4@group-3304ABEC3031 replies to vote request: s0<-s4#0:FAIL-t6. Peer's state: s4@group-3304ABEC3031:t6, leader=null, voted=s4, raftlog=s4@group-3304ABEC3031-SegmentedRaftLog:OPENED:c-1,f-1,i0, conf=-1: [s3:0.0.0.0:44480, s4:0.0.0.0:36765, s0:0.0.0.0:35450, s1:0.0.0.0:44404, s2:0.0.0.0:36922], old=null
2019-09-24 17:09:43,144 DEBUG impl.RaftServerImpl (RaftServerImpl.java:requestVote(775)) - s0@group-3304ABEC3031 replies to vote request: s3<-s0#0:FAIL-t6. Peer's state: s0@group-3304ABEC3031:t6, leader=null, voted=s0, raftlog=s0@group-3304ABEC3031-SegmentedRaftLog:OPENED:c-1,f-1,i0, conf=-1: [s3:0.0.0.0:44480, s4:0.0.0.0:36765, s0:0.0.0.0:35450, s1:0.0.0.0:44404, s2:0.0.0.0:36922], old=null
2019-09-24 17:09:43,144 DEBUG impl.RaftServerImpl (RaftServerImpl.java:requestVote(743)) - s3@group-3304ABEC3031: receive requestVote(s0, group-3304ABEC3031, 6, (t:0, i:0))
2019-09-24 17:09:43,144 DEBUG impl.RaftServerImpl (RaftServerImpl.java:requestVote(775)) - s3@group-3304ABEC3031 replies to vote request: s0<-s3#0:FAIL-t6. Peer's state: s3@group-3304ABEC3031:t6, leader=null, voted=s3, raftlog=s3@group-3304ABEC3031-SegmentedRaftLog:OPENED:c-1,f-1,i0, conf=-1: [s3:0.0.0.0:44480, s4:0.0.0.0:36765, s0:0.0.0.0:35450, s1:0.0.0.0:44404, s2:0.0.0.0:36922], old=null
2019-09-24 17:09:43,146 DEBUG impl.RaftServerImpl (RaftServerImpl.java:requestVote(743)) - s2@group-3304ABEC3031: receive requestVote(s3, group-3304ABEC3031, 6, (t:0, i:0))
2019-09-24 17:09:43,146 DEBUG impl.RaftServerImpl (RaftServerImpl.java:requestVote(775)) - s2@group-3304ABEC3031 replies to vote request: s3<-s2#0:FAIL-t6. Peer's state: s2@group-3304ABEC3031:t6, leader=null, voted=s2, raftlog=s2@group-3304ABEC3031-SegmentedRaftLog:OPENED:c-1,f-1,i0, conf=-1: [s3:0.0.0.0:44480, s4:0.0.0.0:36765, s0:0.0.0.0:35450, s1:0.0.0.0:44404, s2:0.0.0.0:36922], old=null
2019-09-24 17:09:43,147 INFO  impl.LeaderElection (LeaderElection.java:logAndReturn(56)) - s1@group-3304ABEC3031-LeaderElection27: Election REJECTED; received 4 response(s) [s1<-s3#0:FAIL-t6, s1<-s4#0:FAIL-t6, s1<-s0#0:FAIL-t6, s1<-s2#0:FAIL-t6] and 0 exception(s); s1@group-3304ABEC3031:t6, leader=null, voted=s1, raftlog=s1@group-3304ABEC3031-SegmentedRaftLog:OPENED:c-1,f-1,i0, conf=-1: [s3:0.0.0.0:44480, s4:0.0.0.0:36765, s0:0.0.0.0:35450, s1:0.0.0.0:44404, s2:0.0.0.0:36922], old=null
2019-09-24 17:09:43,147 INFO  impl.RaftServerImpl (RaftServerImpl.java:setRole(170)) - s1@group-3304ABEC3031: changes role from CANDIDATE to FOLLOWER at term 6 for DISCOVERED_A_NEW_TERM
2019-09-24 17:09:43,147 INFO  impl.RoleInfo (RoleInfo.java:shutdownLeaderElection(134)) - s1: shutdown LeaderElection
2019-09-24 17:09:43,148 INFO  impl.RoleInfo (RoleInfo.java:updateAndGet(143)) - s1: start FollowerState
2019-09-24 17:09:43,149 INFO  impl.LeaderElection (LeaderElection.java:logAndReturn(56)) - s4@group-3304ABEC3031-LeaderElection28: Election REJECTED; received 4 response(s) [s4<-s3#0:FAIL-t6, s4<-s0#0:FAIL-t6, s4<-s1#0:FAIL-t6, s4<-s2#0:FAIL-t6] and 0 exception(s); s4@group-3304ABEC3031:t6, leader=null, voted=s4, raftlog=s4@group-3304ABEC3031-SegmentedRaftLog:OPENED:c-1,f-1,i0, conf=-1: [s3:0.0.0.0:44480, s4:0.0.0.0:36765, s0:0.0.0.0:35450, s1:0.0.0.0:44404, s2:0.0.0.0:36922], old=null
2019-09-24 17:09:43,149 INFO  impl.RaftServerImpl (RaftServerImpl.java:setRole(170)) - s4@group-3304ABEC3031: changes role from CANDIDATE to FOLLOWER at term 6 for DISCOVERED_A_NEW_TERM
2019-09-24 17:09:43,149 INFO  impl.RoleInfo (RoleInfo.java:shutdownLeaderElection(134)) - s4: shutdown LeaderElection
2019-09-24 17:09:43,149 INFO  impl.RoleInfo (RoleInfo.java:updateAndGet(143)) - s4: start FollowerState
2019-09-24 17:09:43,151 INFO  impl.LeaderElection (LeaderElection.java:logAndReturn(56)) - s2@group-3304ABEC3031-LeaderElection25: Election REJECTED; received 4 response(s) [s2<-s3#0:FAIL-t6, s2<-s4#0:FAIL-t6, s2<-s0#0:FAIL-t6, s2<-s1#0:FAIL-t6] and 0 exception(s); s2@group-3304ABEC3031:t6, leader=null, voted=s2, raftlog=s2@group-3304ABEC3031-SegmentedRaftLog:OPENED:c-1,f-1,i0, conf=-1: [s3:0.0.0.0:44480, s4:0.0.0.0:36765, s0:0.0.0.0:35450, s1:0.0.0.0:44404, s2:0.0.0.0:36922], old=null
2019-09-24 17:09:43,152 INFO  impl.RaftServerImpl (RaftServerImpl.java:setRole(170)) - s2@group-3304ABEC3031: changes role from CANDIDATE to FOLLOWER at term 6 for DISCOVERED_A_NEW_TERM
2019-09-24 17:09:43,152 INFO  impl.RoleInfo (RoleInfo.java:shutdownLeaderElection(134)) - s2: shutdown LeaderElection
2019-09-24 17:09:43,152 INFO  impl.RoleInfo (RoleInfo.java:updateAndGet(143)) - s2: start FollowerState
2019-09-24 17:09:43,159 INFO  impl.LeaderElection (LeaderElection.java:logAndReturn(56)) - s0@group-3304ABEC3031-LeaderElection29: Election REJECTED; received 4 response(s) [s0<-s3#0:FAIL-t6, s0<-s4#0:FAIL-t6, s0<-s1#0:FAIL-t6, s0<-s2#0:FAIL-t6] and 0 exception(s); s0@group-3304ABEC3031:t6, leader=null, voted=s0, raftlog=s0@group-3304ABEC3031-SegmentedRaftLog:OPENED:c-1,f-1,i0, conf=-1: [s3:0.0.0.0:44480, s4:0.0.0.0:36765, s0:0.0.0.0:35450, s1:0.0.0.0:44404, s2:0.0.0.0:36922], old=null
2019-09-24 17:09:43,160 INFO  impl.RaftServerImpl (RaftServerImpl.java:setRole(170)) - s0@group-3304ABEC3031: changes role from CANDIDATE to FOLLOWER at term 6 for DISCOVERED_A_NEW_TERM
2019-09-24 17:09:43,160 INFO  impl.RoleInfo (RoleInfo.java:shutdownLeaderElection(134)) - s0: shutdown LeaderElection
2019-09-24 17:09:43,160 INFO  impl.RoleInfo (RoleInfo.java:updateAndGet(143)) - s0: start FollowerState
2019-09-24 17:09:43,164 INFO  impl.LeaderElection (LeaderElection.java:logAndReturn(56)) - s3@group-3304ABEC3031-LeaderElection26: Election REJECTED; received 4 response(s) [s3<-s4#0:FAIL-t6, s3<-s0#0:FAIL-t6, s3<-s1#0:FAIL-t6, s3<-s2#0:FAIL-t6] and 0 exception(s); s3@group-3304ABEC3031:t6, leader=null, voted=s3, raftlog=s3@group-3304ABEC3031-SegmentedRaftLog:OPENED:c-1,f-1,i0, conf=-1: [s3:0.0.0.0:44480, s4:0.0.0.0:36765, s0:0.0.0.0:35450, s1:0.0.0.0:44404, s2:0.0.0.0:36922], old=null
2019-09-24 17:09:43,164 INFO  impl.RaftServerImpl (RaftServerImpl.java:setRole(170)) - s3@group-3304ABEC3031: changes role from CANDIDATE to FOLLOWER at term 6 for DISCOVERED_A_NEW_TERM
2019-09-24 17:09:43,164 INFO  impl.RoleInfo (RoleInfo.java:shutdownLeaderElection(134)) - s3: shutdown LeaderElection
2019-09-24 17:09:43,165 INFO  impl.RoleInfo (RoleInfo.java:updateAndGet(143)) - s3: start FollowerState
2019-09-24 17:09:43,214 WARN  ratis.RaftTestUtil (JavaUtils.java:attempt(158)) - FAILED "waitForLeader-null-(expectLeader? true)", attempt #24/100: java.lang.IllegalStateException: No leader yet : printing ALL groups
  s3:  RUNNING  FOLLOWER s3@group-3304ABEC3031:t6, leader=null, voted=s3, raftlog=s3@group-3304ABEC3031-SegmentedRaftLog:OPENED:c-1,f-1,i0, conf=-1: [s3:0.0.0.0:44480, s4:0.0.0.0:36765, s0:0.0.0.0:35450, s1:0.0.0.0:44404, s2:0.0.0.0:36922], old=null RUNNING
  s4:  RUNNING  FOLLOWER s4@group-3304ABEC3031:t6, leader=null, voted=s4, raftlog=s4@group-3304ABEC3031-SegmentedRaftLog:OPENED:c-1,f-1,i0, conf=-1: [s3:0.0.0.0:44480, s4:0.0.0.0:36765, s0:0.0.0.0:35450, s1:0.0.0.0:44404, s2:0.0.0.0:36922], old=null RUNNING
  s0:  RUNNING  FOLLOWER s0@group-3304ABEC3031:t6, leader=null, voted=s0, raftlog=s0@group-3304ABEC3031-SegmentedRaftLog:OPENED:c-1,f-1,i0, conf=-1: [s3:0.0.0.0:44480, s4:0.0.0.0:36765, s0:0.0.0.0:35450, s1:0.0.0.0:44404, s2:0.0.0.0:36922], old=null RUNNING
  s1:  RUNNING  FOLLOWER s1@group-3304ABEC3031:t6, leader=null, voted=s1, raftlog=s1@group-3304ABEC3031-SegmentedRaftLog:OPENED:c-1,f-1,i0, conf=-1: [s3:0.0.0.0:44480, s4:0.0.0.0:36765, s0:0.0.0.0:35450, s1:0.0.0.0:44404, s2:0.0.0.0:36922], old=null RUNNING
  s2:  RUNNING  FOLLOWER s2@group-3304ABEC3031:t6, leader=null, voted=s2, raftlog=s2@group-3304ABEC3031-SegmentedRaftLog:OPENED:c-1,f-1,i0, conf=-1: [s3:0.0.0.0:44480, s4:0.0.0.0:36765, s0:0.0.0.0:35450, s1:0.0.0.0:44404, s2:0.0.0.0:36922], old=null RUNNING, sleep 450ms and then retry.
java.lang.IllegalStateException: No leader yet : printing ALL groups
  s3:  RUNNING  FOLLOWER s3@group-3304ABEC3031:t6, leader=null, voted=s3, raftlog=s3@group-3304ABEC3031-SegmentedRaftLog:OPENED:c-1,f-1,i0, conf=-1: [s3:0.0.0.0:44480, s4:0.0.0.0:36765, s0:0.0.0.0:35450, s1:0.0.0.0:44404, s2:0.0.0.0:36922], old=null RUNNING
  s4:  RUNNING  FOLLOWER s4@group-3304ABEC3031:t6, leader=null, voted=s4, raftlog=s4@group-3304ABEC3031-SegmentedRaftLog:OPENED:c-1,f-1,i0, conf=-1: [s3:0.0.0.0:44480, s4:0.0.0.0:36765, s0:0.0.0.0:35450, s1:0.0.0.0:44404, s2:0.0.0.0:36922], old=null RUNNING
  s0:  RUNNING  FOLLOWER s0@group-3304ABEC3031:t6, leader=null, voted=s0, raftlog=s0@group-3304ABEC3031-SegmentedRaftLog:OPENED:c-1,f-1,i0, conf=-1: [s3:0.0.0.0:44480, s4:0.0.0.0:36765, s0:0.0.0.0:35450, s1:0.0.0.0:44404, s2:0.0.0.0:36922], old=null RUNNING
  s1:  RUNNING  FOLLOWER s1@group-3304ABEC3031:t6, leader=null, voted=s1, raftlog=s1@group-3304ABEC3031-SegmentedRaftLog:OPENED:c-1,f-1,i0, conf=-1: [s3:0.0.0.0:44480, s4:0.0.0.0:36765, s0:0.0.0.0:35450, s1:0.0.0.0:44404, s2:0.0.0.0:36922], old=null RUNNING
  s2:  RUNNING  FOLLOWER s2@group-3304ABEC3031:t6, leader=null, voted=s2, raftlog=s2@group-3304ABEC3031-SegmentedRaftLog:OPENED:c-1,f-1,i0, conf=-1: [s3:0.0.0.0:44480, s4:0.0.0.0:36765, s0:0.0.0.0:35450, s1:0.0.0.0:44404, s2:0.0.0.0:36922], old=null RUNNING
	at org.apache.ratis.MiniRaftCluster.newIllegalStateExceptionForNoLeaders(MiniRaftCluster.java:506)
	at org.apache.ratis.RaftTestUtil.lambda$waitForLeader$1(RaftTestUtil.java:90)
	at org.apache.ratis.MiniRaftCluster.getLeader(MiniRaftCluster.java:539)
	at org.apache.ratis.MiniRaftCluster.getLeader(MiniRaftCluster.java:532)
	at org.apache.ratis.RaftTestUtil.lambda$waitForLeader$3(RaftTestUtil.java:98)
	at org.apache.ratis.util.JavaUtils.attempt(JavaUtils.java:152)
	at org.apache.ratis.RaftTestUtil.waitForLeader(RaftTestUtil.java:97)
	at org.apache.ratis.RaftTestUtil.waitForLeader(RaftTestUtil.java:77)
	at org.apache.ratis.RaftTestUtil.waitForLeader(RaftTestUtil.java:72)
	at org.apache.ratis.server.impl.LeaderElectionTests.testEnforceLeader(LeaderElectionTests.java:95)
	at sun.reflect.NativeMethodAccessorImpl.invoke0(Native Method)
	at sun.reflect.NativeMethodAccessorImpl.invoke(NativeMethodAccessorImpl.java:62)
	at sun.reflect.DelegatingMethodAccessorImpl.invoke(DelegatingMethodAccessorImpl.java:43)
	at java.lang.reflect.Method.invoke(Method.java:498)
	at org.junit.runners.model.FrameworkMethod$1.runReflectiveCall(FrameworkMethod.java:50)
	at org.junit.internal.runners.model.ReflectiveCallable.run(ReflectiveCallable.java:12)
	at org.junit.runners.model.FrameworkMethod.invokeExplosively(FrameworkMethod.java:47)
	at org.junit.internal.runners.statements.InvokeMethod.evaluate(InvokeMethod.java:17)
	at org.junit.internal.runners.statements.RunAfters.evaluate(RunAfters.java:27)
	at org.junit.internal.runners.statements.FailOnTimeout$CallableStatement.call(FailOnTimeout.java:298)
	at org.junit.internal.runners.statements.FailOnTimeout$CallableStatement.call(FailOnTimeout.java:292)
	at java.util.concurrent.FutureTask.run(FutureTask.java:266)
	at java.lang.Thread.run(Thread.java:748)
2019-09-24 17:09:43,322 INFO  impl.FollowerState (FollowerState.java:run(108)) - s0@group-3304ABEC3031-FollowerState: change to CANDIDATE, lastRpcTime:161ms, electionTimeout:161ms
2019-09-24 17:09:43,322 INFO  impl.RoleInfo (RoleInfo.java:shutdownFollowerState(121)) - s0: shutdown FollowerState
2019-09-24 17:09:43,322 INFO  impl.RaftServerImpl (RaftServerImpl.java:setRole(170)) - s0@group-3304ABEC3031: changes role from  FOLLOWER to CANDIDATE at term 6 for changeToCandidate
2019-09-24 17:09:43,322 INFO  impl.RoleInfo (RoleInfo.java:updateAndGet(143)) - s0: start LeaderElection
2019-09-24 17:09:43,354 INFO  impl.FollowerState (FollowerState.java:run(108)) - s1@group-3304ABEC3031-FollowerState: change to CANDIDATE, lastRpcTime:206ms, electionTimeout:206ms
2019-09-24 17:09:43,355 INFO  impl.RoleInfo (RoleInfo.java:shutdownFollowerState(121)) - s1: shutdown FollowerState
2019-09-24 17:09:43,355 INFO  impl.RaftServerImpl (RaftServerImpl.java:setRole(170)) - s1@group-3304ABEC3031: changes role from  FOLLOWER to CANDIDATE at term 6 for changeToCandidate
2019-09-24 17:09:43,355 INFO  impl.RoleInfo (RoleInfo.java:updateAndGet(143)) - s1: start LeaderElection
2019-09-24 17:09:43,375 INFO  impl.FollowerState (FollowerState.java:run(108)) - s2@group-3304ABEC3031-FollowerState: change to CANDIDATE, lastRpcTime:222ms, electionTimeout:222ms
2019-09-24 17:09:43,375 INFO  impl.RoleInfo (RoleInfo.java:shutdownFollowerState(121)) - s2: shutdown FollowerState
2019-09-24 17:09:43,375 INFO  impl.RaftServerImpl (RaftServerImpl.java:setRole(170)) - s2@group-3304ABEC3031: changes role from  FOLLOWER to CANDIDATE at term 6 for changeToCandidate
2019-09-24 17:09:43,375 INFO  impl.RoleInfo (RoleInfo.java:updateAndGet(143)) - s2: start LeaderElection
2019-09-24 17:09:43,430 INFO  impl.FollowerState (FollowerState.java:run(108)) - s4@group-3304ABEC3031-FollowerState: change to CANDIDATE, lastRpcTime:280ms, electionTimeout:280ms
2019-09-24 17:09:43,430 INFO  impl.RoleInfo (RoleInfo.java:shutdownFollowerState(121)) - s4: shutdown FollowerState
2019-09-24 17:09:43,430 INFO  impl.RaftServerImpl (RaftServerImpl.java:setRole(170)) - s4@group-3304ABEC3031: changes role from  FOLLOWER to CANDIDATE at term 6 for changeToCandidate
2019-09-24 17:09:43,430 INFO  impl.RoleInfo (RoleInfo.java:updateAndGet(143)) - s4: start LeaderElection
2019-09-24 17:09:43,431 INFO  impl.FollowerState (FollowerState.java:run(108)) - s3@group-3304ABEC3031-FollowerState: change to CANDIDATE, lastRpcTime:266ms, electionTimeout:266ms
2019-09-24 17:09:43,431 INFO  impl.RoleInfo (RoleInfo.java:shutdownFollowerState(121)) - s3: shutdown FollowerState
2019-09-24 17:09:43,432 INFO  impl.RaftServerImpl (RaftServerImpl.java:setRole(170)) - s3@group-3304ABEC3031: changes role from  FOLLOWER to CANDIDATE at term 6 for changeToCandidate
2019-09-24 17:09:43,432 INFO  impl.RoleInfo (RoleInfo.java:updateAndGet(143)) - s3: start LeaderElection
2019-09-24 17:09:43,666 WARN  ratis.RaftTestUtil (JavaUtils.java:attempt(158)) - FAILED "waitForLeader-null-(expectLeader? true)", attempt #25/100: java.lang.IllegalStateException: No leader yet : printing ALL groups
  s3:  RUNNING CANDIDATE s3@group-3304ABEC3031:t7, leader=null, voted=s3, raftlog=s3@group-3304ABEC3031-SegmentedRaftLog:OPENED:c-1,f-1,i0, conf=-1: [s3:0.0.0.0:44480, s4:0.0.0.0:36765, s0:0.0.0.0:35450, s1:0.0.0.0:44404, s2:0.0.0.0:36922], old=null RUNNING
  s4:  RUNNING CANDIDATE s4@group-3304ABEC3031:t7, leader=null, voted=s4, raftlog=s4@group-3304ABEC3031-SegmentedRaftLog:OPENED:c-1,f-1,i0, conf=-1: [s3:0.0.0.0:44480, s4:0.0.0.0:36765, s0:0.0.0.0:35450, s1:0.0.0.0:44404, s2:0.0.0.0:36922], old=null RUNNING
  s0:  RUNNING CANDIDATE s0@group-3304ABEC3031:t7, leader=null, voted=s0, raftlog=s0@group-3304ABEC3031-SegmentedRaftLog:OPENED:c-1,f-1,i0, conf=-1: [s3:0.0.0.0:44480, s4:0.0.0.0:36765, s0:0.0.0.0:35450, s1:0.0.0.0:44404, s2:0.0.0.0:36922], old=null RUNNING
  s1:  RUNNING CANDIDATE s1@group-3304ABEC3031:t7, leader=null, voted=s1, raftlog=s1@group-3304ABEC3031-SegmentedRaftLog:OPENED:c-1,f-1,i0, conf=-1: [s3:0.0.0.0:44480, s4:0.0.0.0:36765, s0:0.0.0.0:35450, s1:0.0.0.0:44404, s2:0.0.0.0:36922], old=null RUNNING
  s2:  RUNNING CANDIDATE s2@group-3304ABEC3031:t7, leader=null, voted=s2, raftlog=s2@group-3304ABEC3031-SegmentedRaftLog:OPENED:c-1,f-1,i0, conf=-1: [s3:0.0.0.0:44480, s4:0.0.0.0:36765, s0:0.0.0.0:35450, s1:0.0.0.0:44404, s2:0.0.0.0:36922], old=null RUNNING, sleep 450ms and then retry.
java.lang.IllegalStateException: No leader yet : printing ALL groups
  s3:  RUNNING CANDIDATE s3@group-3304ABEC3031:t7, leader=null, voted=s3, raftlog=s3@group-3304ABEC3031-SegmentedRaftLog:OPENED:c-1,f-1,i0, conf=-1: [s3:0.0.0.0:44480, s4:0.0.0.0:36765, s0:0.0.0.0:35450, s1:0.0.0.0:44404, s2:0.0.0.0:36922], old=null RUNNING
  s4:  RUNNING CANDIDATE s4@group-3304ABEC3031:t7, leader=null, voted=s4, raftlog=s4@group-3304ABEC3031-SegmentedRaftLog:OPENED:c-1,f-1,i0, conf=-1: [s3:0.0.0.0:44480, s4:0.0.0.0:36765, s0:0.0.0.0:35450, s1:0.0.0.0:44404, s2:0.0.0.0:36922], old=null RUNNING
  s0:  RUNNING CANDIDATE s0@group-3304ABEC3031:t7, leader=null, voted=s0, raftlog=s0@group-3304ABEC3031-SegmentedRaftLog:OPENED:c-1,f-1,i0, conf=-1: [s3:0.0.0.0:44480, s4:0.0.0.0:36765, s0:0.0.0.0:35450, s1:0.0.0.0:44404, s2:0.0.0.0:36922], old=null RUNNING
  s1:  RUNNING CANDIDATE s1@group-3304ABEC3031:t7, leader=null, voted=s1, raftlog=s1@group-3304ABEC3031-SegmentedRaftLog:OPENED:c-1,f-1,i0, conf=-1: [s3:0.0.0.0:44480, s4:0.0.0.0:36765, s0:0.0.0.0:35450, s1:0.0.0.0:44404, s2:0.0.0.0:36922], old=null RUNNING
  s2:  RUNNING CANDIDATE s2@group-3304ABEC3031:t7, leader=null, voted=s2, raftlog=s2@group-3304ABEC3031-SegmentedRaftLog:OPENED:c-1,f-1,i0, conf=-1: [s3:0.0.0.0:44480, s4:0.0.0.0:36765, s0:0.0.0.0:35450, s1:0.0.0.0:44404, s2:0.0.0.0:36922], old=null RUNNING
	at org.apache.ratis.MiniRaftCluster.newIllegalStateExceptionForNoLeaders(MiniRaftCluster.java:506)
	at org.apache.ratis.RaftTestUtil.lambda$waitForLeader$1(RaftTestUtil.java:90)
	at org.apache.ratis.MiniRaftCluster.getLeader(MiniRaftCluster.java:539)
	at org.apache.ratis.MiniRaftCluster.getLeader(MiniRaftCluster.java:532)
	at org.apache.ratis.RaftTestUtil.lambda$waitForLeader$3(RaftTestUtil.java:98)
	at org.apache.ratis.util.JavaUtils.attempt(JavaUtils.java:152)
	at org.apache.ratis.RaftTestUtil.waitForLeader(RaftTestUtil.java:97)
	at org.apache.ratis.RaftTestUtil.waitForLeader(RaftTestUtil.java:77)
	at org.apache.ratis.RaftTestUtil.waitForLeader(RaftTestUtil.java:72)
	at org.apache.ratis.server.impl.LeaderElectionTests.testEnforceLeader(LeaderElectionTests.java:95)
	at sun.reflect.NativeMethodAccessorImpl.invoke0(Native Method)
	at sun.reflect.NativeMethodAccessorImpl.invoke(NativeMethodAccessorImpl.java:62)
	at sun.reflect.DelegatingMethodAccessorImpl.invoke(DelegatingMethodAccessorImpl.java:43)
	at java.lang.reflect.Method.invoke(Method.java:498)
	at org.junit.runners.model.FrameworkMethod$1.runReflectiveCall(FrameworkMethod.java:50)
	at org.junit.internal.runners.model.ReflectiveCallable.run(ReflectiveCallable.java:12)
	at org.junit.runners.model.FrameworkMethod.invokeExplosively(FrameworkMethod.java:47)
	at org.junit.internal.runners.statements.InvokeMethod.evaluate(InvokeMethod.java:17)
	at org.junit.internal.runners.statements.RunAfters.evaluate(RunAfters.java:27)
	at org.junit.internal.runners.statements.FailOnTimeout$CallableStatement.call(FailOnTimeout.java:298)
	at org.junit.internal.runners.statements.FailOnTimeout$CallableStatement.call(FailOnTimeout.java:292)
	at java.util.concurrent.FutureTask.run(FutureTask.java:266)
	at java.lang.Thread.run(Thread.java:748)
2019-09-24 17:09:44,117 WARN  ratis.RaftTestUtil (JavaUtils.java:attempt(158)) - FAILED "waitForLeader-null-(expectLeader? true)", attempt #26/100: java.lang.IllegalStateException: No leader yet : printing ALL groups
  s3:  RUNNING CANDIDATE s3@group-3304ABEC3031:t7, leader=null, voted=s3, raftlog=s3@group-3304ABEC3031-SegmentedRaftLog:OPENED:c-1,f-1,i0, conf=-1: [s3:0.0.0.0:44480, s4:0.0.0.0:36765, s0:0.0.0.0:35450, s1:0.0.0.0:44404, s2:0.0.0.0:36922], old=null RUNNING
  s4:  RUNNING CANDIDATE s4@group-3304ABEC3031:t7, leader=null, voted=s4, raftlog=s4@group-3304ABEC3031-SegmentedRaftLog:OPENED:c-1,f-1,i0, conf=-1: [s3:0.0.0.0:44480, s4:0.0.0.0:36765, s0:0.0.0.0:35450, s1:0.0.0.0:44404, s2:0.0.0.0:36922], old=null RUNNING
  s0:  RUNNING CANDIDATE s0@group-3304ABEC3031:t7, leader=null, voted=s0, raftlog=s0@group-3304ABEC3031-SegmentedRaftLog:OPENED:c-1,f-1,i0, conf=-1: [s3:0.0.0.0:44480, s4:0.0.0.0:36765, s0:0.0.0.0:35450, s1:0.0.0.0:44404, s2:0.0.0.0:36922], old=null RUNNING
  s1:  RUNNING CANDIDATE s1@group-3304ABEC3031:t7, leader=null, voted=s1, raftlog=s1@group-3304ABEC3031-SegmentedRaftLog:OPENED:c-1,f-1,i0, conf=-1: [s3:0.0.0.0:44480, s4:0.0.0.0:36765, s0:0.0.0.0:35450, s1:0.0.0.0:44404, s2:0.0.0.0:36922], old=null RUNNING
  s2:  RUNNING CANDIDATE s2@group-3304ABEC3031:t7, leader=null, voted=s2, raftlog=s2@group-3304ABEC3031-SegmentedRaftLog:OPENED:c-1,f-1,i0, conf=-1: [s3:0.0.0.0:44480, s4:0.0.0.0:36765, s0:0.0.0.0:35450, s1:0.0.0.0:44404, s2:0.0.0.0:36922], old=null RUNNING, sleep 450ms and then retry.
java.lang.IllegalStateException: No leader yet : printing ALL groups
  s3:  RUNNING CANDIDATE s3@group-3304ABEC3031:t7, leader=null, voted=s3, raftlog=s3@group-3304ABEC3031-SegmentedRaftLog:OPENED:c-1,f-1,i0, conf=-1: [s3:0.0.0.0:44480, s4:0.0.0.0:36765, s0:0.0.0.0:35450, s1:0.0.0.0:44404, s2:0.0.0.0:36922], old=null RUNNING
  s4:  RUNNING CANDIDATE s4@group-3304ABEC3031:t7, leader=null, voted=s4, raftlog=s4@group-3304ABEC3031-SegmentedRaftLog:OPENED:c-1,f-1,i0, conf=-1: [s3:0.0.0.0:44480, s4:0.0.0.0:36765, s0:0.0.0.0:35450, s1:0.0.0.0:44404, s2:0.0.0.0:36922], old=null RUNNING
  s0:  RUNNING CANDIDATE s0@group-3304ABEC3031:t7, leader=null, voted=s0, raftlog=s0@group-3304ABEC3031-SegmentedRaftLog:OPENED:c-1,f-1,i0, conf=-1: [s3:0.0.0.0:44480, s4:0.0.0.0:36765, s0:0.0.0.0:35450, s1:0.0.0.0:44404, s2:0.0.0.0:36922], old=null RUNNING
  s1:  RUNNING CANDIDATE s1@group-3304ABEC3031:t7, leader=null, voted=s1, raftlog=s1@group-3304ABEC3031-SegmentedRaftLog:OPENED:c-1,f-1,i0, conf=-1: [s3:0.0.0.0:44480, s4:0.0.0.0:36765, s0:0.0.0.0:35450, s1:0.0.0.0:44404, s2:0.0.0.0:36922], old=null RUNNING
  s2:  RUNNING CANDIDATE s2@group-3304ABEC3031:t7, leader=null, voted=s2, raftlog=s2@group-3304ABEC3031-SegmentedRaftLog:OPENED:c-1,f-1,i0, conf=-1: [s3:0.0.0.0:44480, s4:0.0.0.0:36765, s0:0.0.0.0:35450, s1:0.0.0.0:44404, s2:0.0.0.0:36922], old=null RUNNING
	at org.apache.ratis.MiniRaftCluster.newIllegalStateExceptionForNoLeaders(MiniRaftCluster.java:506)
	at org.apache.ratis.RaftTestUtil.lambda$waitForLeader$1(RaftTestUtil.java:90)
	at org.apache.ratis.MiniRaftCluster.getLeader(MiniRaftCluster.java:539)
	at org.apache.ratis.MiniRaftCluster.getLeader(MiniRaftCluster.java:532)
	at org.apache.ratis.RaftTestUtil.lambda$waitForLeader$3(RaftTestUtil.java:98)
	at org.apache.ratis.util.JavaUtils.attempt(JavaUtils.java:152)
	at org.apache.ratis.RaftTestUtil.waitForLeader(RaftTestUtil.java:97)
	at org.apache.ratis.RaftTestUtil.waitForLeader(RaftTestUtil.java:77)
	at org.apache.ratis.RaftTestUtil.waitForLeader(RaftTestUtil.java:72)
	at org.apache.ratis.server.impl.LeaderElectionTests.testEnforceLeader(LeaderElectionTests.java:95)
	at sun.reflect.NativeMethodAccessorImpl.invoke0(Native Method)
	at sun.reflect.NativeMethodAccessorImpl.invoke(NativeMethodAccessorImpl.java:62)
	at sun.reflect.DelegatingMethodAccessorImpl.invoke(DelegatingMethodAccessorImpl.java:43)
	at java.lang.reflect.Method.invoke(Method.java:498)
	at org.junit.runners.model.FrameworkMethod$1.runReflectiveCall(FrameworkMethod.java:50)
	at org.junit.internal.runners.model.ReflectiveCallable.run(ReflectiveCallable.java:12)
	at org.junit.runners.model.FrameworkMethod.invokeExplosively(FrameworkMethod.java:47)
	at org.junit.internal.runners.statements.InvokeMethod.evaluate(InvokeMethod.java:17)
	at org.junit.internal.runners.statements.RunAfters.evaluate(RunAfters.java:27)
	at org.junit.internal.runners.statements.FailOnTimeout$CallableStatement.call(FailOnTimeout.java:298)
	at org.junit.internal.runners.statements.FailOnTimeout$CallableStatement.call(FailOnTimeout.java:292)
	at java.util.concurrent.FutureTask.run(FutureTask.java:266)
	at java.lang.Thread.run(Thread.java:748)
2019-09-24 17:09:44,569 WARN  ratis.RaftTestUtil (JavaUtils.java:attempt(158)) - FAILED "waitForLeader-null-(expectLeader? true)", attempt #27/100: java.lang.IllegalStateException: No leader yet : printing ALL groups
  s3:  RUNNING CANDIDATE s3@group-3304ABEC3031:t7, leader=null, voted=s3, raftlog=s3@group-3304ABEC3031-SegmentedRaftLog:OPENED:c-1,f-1,i0, conf=-1: [s3:0.0.0.0:44480, s4:0.0.0.0:36765, s0:0.0.0.0:35450, s1:0.0.0.0:44404, s2:0.0.0.0:36922], old=null RUNNING
  s4:  RUNNING CANDIDATE s4@group-3304ABEC3031:t7, leader=null, voted=s4, raftlog=s4@group-3304ABEC3031-SegmentedRaftLog:OPENED:c-1,f-1,i0, conf=-1: [s3:0.0.0.0:44480, s4:0.0.0.0:36765, s0:0.0.0.0:35450, s1:0.0.0.0:44404, s2:0.0.0.0:36922], old=null RUNNING
  s0:  RUNNING CANDIDATE s0@group-3304ABEC3031:t7, leader=null, voted=s0, raftlog=s0@group-3304ABEC3031-SegmentedRaftLog:OPENED:c-1,f-1,i0, conf=-1: [s3:0.0.0.0:44480, s4:0.0.0.0:36765, s0:0.0.0.0:35450, s1:0.0.0.0:44404, s2:0.0.0.0:36922], old=null RUNNING
  s1:  RUNNING CANDIDATE s1@group-3304ABEC3031:t7, leader=null, voted=s1, raftlog=s1@group-3304ABEC3031-SegmentedRaftLog:OPENED:c-1,f-1,i0, conf=-1: [s3:0.0.0.0:44480, s4:0.0.0.0:36765, s0:0.0.0.0:35450, s1:0.0.0.0:44404, s2:0.0.0.0:36922], old=null RUNNING
  s2:  RUNNING CANDIDATE s2@group-3304ABEC3031:t7, leader=null, voted=s2, raftlog=s2@group-3304ABEC3031-SegmentedRaftLog:OPENED:c-1,f-1,i0, conf=-1: [s3:0.0.0.0:44480, s4:0.0.0.0:36765, s0:0.0.0.0:35450, s1:0.0.0.0:44404, s2:0.0.0.0:36922], old=null RUNNING, sleep 450ms and then retry.
java.lang.IllegalStateException: No leader yet : printing ALL groups
  s3:  RUNNING CANDIDATE s3@group-3304ABEC3031:t7, leader=null, voted=s3, raftlog=s3@group-3304ABEC3031-SegmentedRaftLog:OPENED:c-1,f-1,i0, conf=-1: [s3:0.0.0.0:44480, s4:0.0.0.0:36765, s0:0.0.0.0:35450, s1:0.0.0.0:44404, s2:0.0.0.0:36922], old=null RUNNING
  s4:  RUNNING CANDIDATE s4@group-3304ABEC3031:t7, leader=null, voted=s4, raftlog=s4@group-3304ABEC3031-SegmentedRaftLog:OPENED:c-1,f-1,i0, conf=-1: [s3:0.0.0.0:44480, s4:0.0.0.0:36765, s0:0.0.0.0:35450, s1:0.0.0.0:44404, s2:0.0.0.0:36922], old=null RUNNING
  s0:  RUNNING CANDIDATE s0@group-3304ABEC3031:t7, leader=null, voted=s0, raftlog=s0@group-3304ABEC3031-SegmentedRaftLog:OPENED:c-1,f-1,i0, conf=-1: [s3:0.0.0.0:44480, s4:0.0.0.0:36765, s0:0.0.0.0:35450, s1:0.0.0.0:44404, s2:0.0.0.0:36922], old=null RUNNING
  s1:  RUNNING CANDIDATE s1@group-3304ABEC3031:t7, leader=null, voted=s1, raftlog=s1@group-3304ABEC3031-SegmentedRaftLog:OPENED:c-1,f-1,i0, conf=-1: [s3:0.0.0.0:44480, s4:0.0.0.0:36765, s0:0.0.0.0:35450, s1:0.0.0.0:44404, s2:0.0.0.0:36922], old=null RUNNING
  s2:  RUNNING CANDIDATE s2@group-3304ABEC3031:t7, leader=null, voted=s2, raftlog=s2@group-3304ABEC3031-SegmentedRaftLog:OPENED:c-1,f-1,i0, conf=-1: [s3:0.0.0.0:44480, s4:0.0.0.0:36765, s0:0.0.0.0:35450, s1:0.0.0.0:44404, s2:0.0.0.0:36922], old=null RUNNING
	at org.apache.ratis.MiniRaftCluster.newIllegalStateExceptionForNoLeaders(MiniRaftCluster.java:506)
	at org.apache.ratis.RaftTestUtil.lambda$waitForLeader$1(RaftTestUtil.java:90)
	at org.apache.ratis.MiniRaftCluster.getLeader(MiniRaftCluster.java:539)
	at org.apache.ratis.MiniRaftCluster.getLeader(MiniRaftCluster.java:532)
	at org.apache.ratis.RaftTestUtil.lambda$waitForLeader$3(RaftTestUtil.java:98)
	at org.apache.ratis.util.JavaUtils.attempt(JavaUtils.java:152)
	at org.apache.ratis.RaftTestUtil.waitForLeader(RaftTestUtil.java:97)
	at org.apache.ratis.RaftTestUtil.waitForLeader(RaftTestUtil.java:77)
	at org.apache.ratis.RaftTestUtil.waitForLeader(RaftTestUtil.java:72)
	at org.apache.ratis.server.impl.LeaderElectionTests.testEnforceLeader(LeaderElectionTests.java:95)
	at sun.reflect.NativeMethodAccessorImpl.invoke0(Native Method)
	at sun.reflect.NativeMethodAccessorImpl.invoke(NativeMethodAccessorImpl.java:62)
	at sun.reflect.DelegatingMethodAccessorImpl.invoke(DelegatingMethodAccessorImpl.java:43)
	at java.lang.reflect.Method.invoke(Method.java:498)
	at org.junit.runners.model.FrameworkMethod$1.runReflectiveCall(FrameworkMethod.java:50)
	at org.junit.internal.runners.model.ReflectiveCallable.run(ReflectiveCallable.java:12)
	at org.junit.runners.model.FrameworkMethod.invokeExplosively(FrameworkMethod.java:47)
	at org.junit.internal.runners.statements.InvokeMethod.evaluate(InvokeMethod.java:17)
	at org.junit.internal.runners.statements.RunAfters.evaluate(RunAfters.java:27)
	at org.junit.internal.runners.statements.FailOnTimeout$CallableStatement.call(FailOnTimeout.java:298)
	at org.junit.internal.runners.statements.FailOnTimeout$CallableStatement.call(FailOnTimeout.java:292)
	at java.util.concurrent.FutureTask.run(FutureTask.java:266)
	at java.lang.Thread.run(Thread.java:748)
2019-09-24 17:09:45,021 WARN  ratis.RaftTestUtil (JavaUtils.java:attempt(158)) - FAILED "waitForLeader-null-(expectLeader? true)", attempt #28/100: java.lang.IllegalStateException: No leader yet : printing ALL groups
  s3:  RUNNING CANDIDATE s3@group-3304ABEC3031:t7, leader=null, voted=s3, raftlog=s3@group-3304ABEC3031-SegmentedRaftLog:OPENED:c-1,f-1,i0, conf=-1: [s3:0.0.0.0:44480, s4:0.0.0.0:36765, s0:0.0.0.0:35450, s1:0.0.0.0:44404, s2:0.0.0.0:36922], old=null RUNNING
  s4:  RUNNING CANDIDATE s4@group-3304ABEC3031:t7, leader=null, voted=s4, raftlog=s4@group-3304ABEC3031-SegmentedRaftLog:OPENED:c-1,f-1,i0, conf=-1: [s3:0.0.0.0:44480, s4:0.0.0.0:36765, s0:0.0.0.0:35450, s1:0.0.0.0:44404, s2:0.0.0.0:36922], old=null RUNNING
  s0:  RUNNING CANDIDATE s0@group-3304ABEC3031:t7, leader=null, voted=s0, raftlog=s0@group-3304ABEC3031-SegmentedRaftLog:OPENED:c-1,f-1,i0, conf=-1: [s3:0.0.0.0:44480, s4:0.0.0.0:36765, s0:0.0.0.0:35450, s1:0.0.0.0:44404, s2:0.0.0.0:36922], old=null RUNNING
  s1:  RUNNING CANDIDATE s1@group-3304ABEC3031:t7, leader=null, voted=s1, raftlog=s1@group-3304ABEC3031-SegmentedRaftLog:OPENED:c-1,f-1,i0, conf=-1: [s3:0.0.0.0:44480, s4:0.0.0.0:36765, s0:0.0.0.0:35450, s1:0.0.0.0:44404, s2:0.0.0.0:36922], old=null RUNNING
  s2:  RUNNING CANDIDATE s2@group-3304ABEC3031:t7, leader=null, voted=s2, raftlog=s2@group-3304ABEC3031-SegmentedRaftLog:OPENED:c-1,f-1,i0, conf=-1: [s3:0.0.0.0:44480, s4:0.0.0.0:36765, s0:0.0.0.0:35450, s1:0.0.0.0:44404, s2:0.0.0.0:36922], old=null RUNNING, sleep 450ms and then retry.
java.lang.IllegalStateException: No leader yet : printing ALL groups
  s3:  RUNNING CANDIDATE s3@group-3304ABEC3031:t7, leader=null, voted=s3, raftlog=s3@group-3304ABEC3031-SegmentedRaftLog:OPENED:c-1,f-1,i0, conf=-1: [s3:0.0.0.0:44480, s4:0.0.0.0:36765, s0:0.0.0.0:35450, s1:0.0.0.0:44404, s2:0.0.0.0:36922], old=null RUNNING
  s4:  RUNNING CANDIDATE s4@group-3304ABEC3031:t7, leader=null, voted=s4, raftlog=s4@group-3304ABEC3031-SegmentedRaftLog:OPENED:c-1,f-1,i0, conf=-1: [s3:0.0.0.0:44480, s4:0.0.0.0:36765, s0:0.0.0.0:35450, s1:0.0.0.0:44404, s2:0.0.0.0:36922], old=null RUNNING
  s0:  RUNNING CANDIDATE s0@group-3304ABEC3031:t7, leader=null, voted=s0, raftlog=s0@group-3304ABEC3031-SegmentedRaftLog:OPENED:c-1,f-1,i0, conf=-1: [s3:0.0.0.0:44480, s4:0.0.0.0:36765, s0:0.0.0.0:35450, s1:0.0.0.0:44404, s2:0.0.0.0:36922], old=null RUNNING
  s1:  RUNNING CANDIDATE s1@group-3304ABEC3031:t7, leader=null, voted=s1, raftlog=s1@group-3304ABEC3031-SegmentedRaftLog:OPENED:c-1,f-1,i0, conf=-1: [s3:0.0.0.0:44480, s4:0.0.0.0:36765, s0:0.0.0.0:35450, s1:0.0.0.0:44404, s2:0.0.0.0:36922], old=null RUNNING
  s2:  RUNNING CANDIDATE s2@group-3304ABEC3031:t7, leader=null, voted=s2, raftlog=s2@group-3304ABEC3031-SegmentedRaftLog:OPENED:c-1,f-1,i0, conf=-1: [s3:0.0.0.0:44480, s4:0.0.0.0:36765, s0:0.0.0.0:35450, s1:0.0.0.0:44404, s2:0.0.0.0:36922], old=null RUNNING
	at org.apache.ratis.MiniRaftCluster.newIllegalStateExceptionForNoLeaders(MiniRaftCluster.java:506)
	at org.apache.ratis.RaftTestUtil.lambda$waitForLeader$1(RaftTestUtil.java:90)
	at org.apache.ratis.MiniRaftCluster.getLeader(MiniRaftCluster.java:539)
	at org.apache.ratis.MiniRaftCluster.getLeader(MiniRaftCluster.java:532)
	at org.apache.ratis.RaftTestUtil.lambda$waitForLeader$3(RaftTestUtil.java:98)
	at org.apache.ratis.util.JavaUtils.attempt(JavaUtils.java:152)
	at org.apache.ratis.RaftTestUtil.waitForLeader(RaftTestUtil.java:97)
	at org.apache.ratis.RaftTestUtil.waitForLeader(RaftTestUtil.java:77)
	at org.apache.ratis.RaftTestUtil.waitForLeader(RaftTestUtil.java:72)
	at org.apache.ratis.server.impl.LeaderElectionTests.testEnforceLeader(LeaderElectionTests.java:95)
	at sun.reflect.NativeMethodAccessorImpl.invoke0(Native Method)
	at sun.reflect.NativeMethodAccessorImpl.invoke(NativeMethodAccessorImpl.java:62)
	at sun.reflect.DelegatingMethodAccessorImpl.invoke(DelegatingMethodAccessorImpl.java:43)
	at java.lang.reflect.Method.invoke(Method.java:498)
	at org.junit.runners.model.FrameworkMethod$1.runReflectiveCall(FrameworkMethod.java:50)
	at org.junit.internal.runners.model.ReflectiveCallable.run(ReflectiveCallable.java:12)
	at org.junit.runners.model.FrameworkMethod.invokeExplosively(FrameworkMethod.java:47)
	at org.junit.internal.runners.statements.InvokeMethod.evaluate(InvokeMethod.java:17)
	at org.junit.internal.runners.statements.RunAfters.evaluate(RunAfters.java:27)
	at org.junit.internal.runners.statements.FailOnTimeout$CallableStatement.call(FailOnTimeout.java:298)
	at org.junit.internal.runners.statements.FailOnTimeout$CallableStatement.call(FailOnTimeout.java:292)
	at java.util.concurrent.FutureTask.run(FutureTask.java:266)
	at java.lang.Thread.run(Thread.java:748)
2019-09-24 17:09:45,472 WARN  ratis.RaftTestUtil (JavaUtils.java:attempt(158)) - FAILED "waitForLeader-null-(expectLeader? true)", attempt #29/100: java.lang.IllegalStateException: No leader yet : printing ALL groups
  s3:  RUNNING CANDIDATE s3@group-3304ABEC3031:t7, leader=null, voted=s3, raftlog=s3@group-3304ABEC3031-SegmentedRaftLog:OPENED:c-1,f-1,i0, conf=-1: [s3:0.0.0.0:44480, s4:0.0.0.0:36765, s0:0.0.0.0:35450, s1:0.0.0.0:44404, s2:0.0.0.0:36922], old=null RUNNING
  s4:  RUNNING CANDIDATE s4@group-3304ABEC3031:t7, leader=null, voted=s4, raftlog=s4@group-3304ABEC3031-SegmentedRaftLog:OPENED:c-1,f-1,i0, conf=-1: [s3:0.0.0.0:44480, s4:0.0.0.0:36765, s0:0.0.0.0:35450, s1:0.0.0.0:44404, s2:0.0.0.0:36922], old=null RUNNING
  s0:  RUNNING CANDIDATE s0@group-3304ABEC3031:t7, leader=null, voted=s0, raftlog=s0@group-3304ABEC3031-SegmentedRaftLog:OPENED:c-1,f-1,i0, conf=-1: [s3:0.0.0.0:44480, s4:0.0.0.0:36765, s0:0.0.0.0:35450, s1:0.0.0.0:44404, s2:0.0.0.0:36922], old=null RUNNING
  s1:  RUNNING CANDIDATE s1@group-3304ABEC3031:t7, leader=null, voted=s1, raftlog=s1@group-3304ABEC3031-SegmentedRaftLog:OPENED:c-1,f-1,i0, conf=-1: [s3:0.0.0.0:44480, s4:0.0.0.0:36765, s0:0.0.0.0:35450, s1:0.0.0.0:44404, s2:0.0.0.0:36922], old=null RUNNING
  s2:  RUNNING CANDIDATE s2@group-3304ABEC3031:t7, leader=null, voted=s2, raftlog=s2@group-3304ABEC3031-SegmentedRaftLog:OPENED:c-1,f-1,i0, conf=-1: [s3:0.0.0.0:44480, s4:0.0.0.0:36765, s0:0.0.0.0:35450, s1:0.0.0.0:44404, s2:0.0.0.0:36922], old=null RUNNING, sleep 450ms and then retry.
java.lang.IllegalStateException: No leader yet : printing ALL groups
  s3:  RUNNING CANDIDATE s3@group-3304ABEC3031:t7, leader=null, voted=s3, raftlog=s3@group-3304ABEC3031-SegmentedRaftLog:OPENED:c-1,f-1,i0, conf=-1: [s3:0.0.0.0:44480, s4:0.0.0.0:36765, s0:0.0.0.0:35450, s1:0.0.0.0:44404, s2:0.0.0.0:36922], old=null RUNNING
  s4:  RUNNING CANDIDATE s4@group-3304ABEC3031:t7, leader=null, voted=s4, raftlog=s4@group-3304ABEC3031-SegmentedRaftLog:OPENED:c-1,f-1,i0, conf=-1: [s3:0.0.0.0:44480, s4:0.0.0.0:36765, s0:0.0.0.0:35450, s1:0.0.0.0:44404, s2:0.0.0.0:36922], old=null RUNNING
  s0:  RUNNING CANDIDATE s0@group-3304ABEC3031:t7, leader=null, voted=s0, raftlog=s0@group-3304ABEC3031-SegmentedRaftLog:OPENED:c-1,f-1,i0, conf=-1: [s3:0.0.0.0:44480, s4:0.0.0.0:36765, s0:0.0.0.0:35450, s1:0.0.0.0:44404, s2:0.0.0.0:36922], old=null RUNNING
  s1:  RUNNING CANDIDATE s1@group-3304ABEC3031:t7, leader=null, voted=s1, raftlog=s1@group-3304ABEC3031-SegmentedRaftLog:OPENED:c-1,f-1,i0, conf=-1: [s3:0.0.0.0:44480, s4:0.0.0.0:36765, s0:0.0.0.0:35450, s1:0.0.0.0:44404, s2:0.0.0.0:36922], old=null RUNNING
  s2:  RUNNING CANDIDATE s2@group-3304ABEC3031:t7, leader=null, voted=s2, raftlog=s2@group-3304ABEC3031-SegmentedRaftLog:OPENED:c-1,f-1,i0, conf=-1: [s3:0.0.0.0:44480, s4:0.0.0.0:36765, s0:0.0.0.0:35450, s1:0.0.0.0:44404, s2:0.0.0.0:36922], old=null RUNNING
	at org.apache.ratis.MiniRaftCluster.newIllegalStateExceptionForNoLeaders(MiniRaftCluster.java:506)
	at org.apache.ratis.RaftTestUtil.lambda$waitForLeader$1(RaftTestUtil.java:90)
	at org.apache.ratis.MiniRaftCluster.getLeader(MiniRaftCluster.java:539)
	at org.apache.ratis.MiniRaftCluster.getLeader(MiniRaftCluster.java:532)
	at org.apache.ratis.RaftTestUtil.lambda$waitForLeader$3(RaftTestUtil.java:98)
	at org.apache.ratis.util.JavaUtils.attempt(JavaUtils.java:152)
	at org.apache.ratis.RaftTestUtil.waitForLeader(RaftTestUtil.java:97)
	at org.apache.ratis.RaftTestUtil.waitForLeader(RaftTestUtil.java:77)
	at org.apache.ratis.RaftTestUtil.waitForLeader(RaftTestUtil.java:72)
	at org.apache.ratis.server.impl.LeaderElectionTests.testEnforceLeader(LeaderElectionTests.java:95)
	at sun.reflect.NativeMethodAccessorImpl.invoke0(Native Method)
	at sun.reflect.NativeMethodAccessorImpl.invoke(NativeMethodAccessorImpl.java:62)
	at sun.reflect.DelegatingMethodAccessorImpl.invoke(DelegatingMethodAccessorImpl.java:43)
	at java.lang.reflect.Method.invoke(Method.java:498)
	at org.junit.runners.model.FrameworkMethod$1.runReflectiveCall(FrameworkMethod.java:50)
	at org.junit.internal.runners.model.ReflectiveCallable.run(ReflectiveCallable.java:12)
	at org.junit.runners.model.FrameworkMethod.invokeExplosively(FrameworkMethod.java:47)
	at org.junit.internal.runners.statements.InvokeMethod.evaluate(InvokeMethod.java:17)
	at org.junit.internal.runners.statements.RunAfters.evaluate(RunAfters.java:27)
	at org.junit.internal.runners.statements.FailOnTimeout$CallableStatement.call(FailOnTimeout.java:298)
	at org.junit.internal.runners.statements.FailOnTimeout$CallableStatement.call(FailOnTimeout.java:292)
	at java.util.concurrent.FutureTask.run(FutureTask.java:266)
	at java.lang.Thread.run(Thread.java:748)
2019-09-24 17:09:45,925 WARN  ratis.RaftTestUtil (JavaUtils.java:attempt(158)) - FAILED "waitForLeader-null-(expectLeader? true)", attempt #30/100: java.lang.IllegalStateException: No leader yet : printing ALL groups
  s3:  RUNNING CANDIDATE s3@group-3304ABEC3031:t7, leader=null, voted=s3, raftlog=s3@group-3304ABEC3031-SegmentedRaftLog:OPENED:c-1,f-1,i0, conf=-1: [s3:0.0.0.0:44480, s4:0.0.0.0:36765, s0:0.0.0.0:35450, s1:0.0.0.0:44404, s2:0.0.0.0:36922], old=null RUNNING
  s4:  RUNNING CANDIDATE s4@group-3304ABEC3031:t7, leader=null, voted=s4, raftlog=s4@group-3304ABEC3031-SegmentedRaftLog:OPENED:c-1,f-1,i0, conf=-1: [s3:0.0.0.0:44480, s4:0.0.0.0:36765, s0:0.0.0.0:35450, s1:0.0.0.0:44404, s2:0.0.0.0:36922], old=null RUNNING
  s0:  RUNNING CANDIDATE s0@group-3304ABEC3031:t7, leader=null, voted=s0, raftlog=s0@group-3304ABEC3031-SegmentedRaftLog:OPENED:c-1,f-1,i0, conf=-1: [s3:0.0.0.0:44480, s4:0.0.0.0:36765, s0:0.0.0.0:35450, s1:0.0.0.0:44404, s2:0.0.0.0:36922], old=null RUNNING
  s1:  RUNNING CANDIDATE s1@group-3304ABEC3031:t7, leader=null, voted=s1, raftlog=s1@group-3304ABEC3031-SegmentedRaftLog:OPENED:c-1,f-1,i0, conf=-1: [s3:0.0.0.0:44480, s4:0.0.0.0:36765, s0:0.0.0.0:35450, s1:0.0.0.0:44404, s2:0.0.0.0:36922], old=null RUNNING
  s2:  RUNNING CANDIDATE s2@group-3304ABEC3031:t7, leader=null, voted=s2, raftlog=s2@group-3304ABEC3031-SegmentedRaftLog:OPENED:c-1,f-1,i0, conf=-1: [s3:0.0.0.0:44480, s4:0.0.0.0:36765, s0:0.0.0.0:35450, s1:0.0.0.0:44404, s2:0.0.0.0:36922], old=null RUNNING, sleep 450ms and then retry.
java.lang.IllegalStateException: No leader yet : printing ALL groups
  s3:  RUNNING CANDIDATE s3@group-3304ABEC3031:t7, leader=null, voted=s3, raftlog=s3@group-3304ABEC3031-SegmentedRaftLog:OPENED:c-1,f-1,i0, conf=-1: [s3:0.0.0.0:44480, s4:0.0.0.0:36765, s0:0.0.0.0:35450, s1:0.0.0.0:44404, s2:0.0.0.0:36922], old=null RUNNING
  s4:  RUNNING CANDIDATE s4@group-3304ABEC3031:t7, leader=null, voted=s4, raftlog=s4@group-3304ABEC3031-SegmentedRaftLog:OPENED:c-1,f-1,i0, conf=-1: [s3:0.0.0.0:44480, s4:0.0.0.0:36765, s0:0.0.0.0:35450, s1:0.0.0.0:44404, s2:0.0.0.0:36922], old=null RUNNING
  s0:  RUNNING CANDIDATE s0@group-3304ABEC3031:t7, leader=null, voted=s0, raftlog=s0@group-3304ABEC3031-SegmentedRaftLog:OPENED:c-1,f-1,i0, conf=-1: [s3:0.0.0.0:44480, s4:0.0.0.0:36765, s0:0.0.0.0:35450, s1:0.0.0.0:44404, s2:0.0.0.0:36922], old=null RUNNING
  s1:  RUNNING CANDIDATE s1@group-3304ABEC3031:t7, leader=null, voted=s1, raftlog=s1@group-3304ABEC3031-SegmentedRaftLog:OPENED:c-1,f-1,i0, conf=-1: [s3:0.0.0.0:44480, s4:0.0.0.0:36765, s0:0.0.0.0:35450, s1:0.0.0.0:44404, s2:0.0.0.0:36922], old=null RUNNING
  s2:  RUNNING CANDIDATE s2@group-3304ABEC3031:t7, leader=null, voted=s2, raftlog=s2@group-3304ABEC3031-SegmentedRaftLog:OPENED:c-1,f-1,i0, conf=-1: [s3:0.0.0.0:44480, s4:0.0.0.0:36765, s0:0.0.0.0:35450, s1:0.0.0.0:44404, s2:0.0.0.0:36922], old=null RUNNING
	at org.apache.ratis.MiniRaftCluster.newIllegalStateExceptionForNoLeaders(MiniRaftCluster.java:506)
	at org.apache.ratis.RaftTestUtil.lambda$waitForLeader$1(RaftTestUtil.java:90)
	at org.apache.ratis.MiniRaftCluster.getLeader(MiniRaftCluster.java:539)
	at org.apache.ratis.MiniRaftCluster.getLeader(MiniRaftCluster.java:532)
	at org.apache.ratis.RaftTestUtil.lambda$waitForLeader$3(RaftTestUtil.java:98)
	at org.apache.ratis.util.JavaUtils.attempt(JavaUtils.java:152)
	at org.apache.ratis.RaftTestUtil.waitForLeader(RaftTestUtil.java:97)
	at org.apache.ratis.RaftTestUtil.waitForLeader(RaftTestUtil.java:77)
	at org.apache.ratis.RaftTestUtil.waitForLeader(RaftTestUtil.java:72)
	at org.apache.ratis.server.impl.LeaderElectionTests.testEnforceLeader(LeaderElectionTests.java:95)
	at sun.reflect.NativeMethodAccessorImpl.invoke0(Native Method)
	at sun.reflect.NativeMethodAccessorImpl.invoke(NativeMethodAccessorImpl.java:62)
	at sun.reflect.DelegatingMethodAccessorImpl.invoke(DelegatingMethodAccessorImpl.java:43)
	at java.lang.reflect.Method.invoke(Method.java:498)
	at org.junit.runners.model.FrameworkMethod$1.runReflectiveCall(FrameworkMethod.java:50)
	at org.junit.internal.runners.model.ReflectiveCallable.run(ReflectiveCallable.java:12)
	at org.junit.runners.model.FrameworkMethod.invokeExplosively(FrameworkMethod.java:47)
	at org.junit.internal.runners.statements.InvokeMethod.evaluate(InvokeMethod.java:17)
	at org.junit.internal.runners.statements.RunAfters.evaluate(RunAfters.java:27)
	at org.junit.internal.runners.statements.FailOnTimeout$CallableStatement.call(FailOnTimeout.java:298)
	at org.junit.internal.runners.statements.FailOnTimeout$CallableStatement.call(FailOnTimeout.java:292)
	at java.util.concurrent.FutureTask.run(FutureTask.java:266)
	at java.lang.Thread.run(Thread.java:748)
2019-09-24 17:09:46,376 WARN  ratis.RaftTestUtil (JavaUtils.java:attempt(158)) - FAILED "waitForLeader-null-(expectLeader? true)", attempt #31/100: java.lang.IllegalStateException: No leader yet : printing ALL groups
  s3:  RUNNING CANDIDATE s3@group-3304ABEC3031:t7, leader=null, voted=s3, raftlog=s3@group-3304ABEC3031-SegmentedRaftLog:OPENED:c-1,f-1,i0, conf=-1: [s3:0.0.0.0:44480, s4:0.0.0.0:36765, s0:0.0.0.0:35450, s1:0.0.0.0:44404, s2:0.0.0.0:36922], old=null RUNNING
  s4:  RUNNING CANDIDATE s4@group-3304ABEC3031:t7, leader=null, voted=s4, raftlog=s4@group-3304ABEC3031-SegmentedRaftLog:OPENED:c-1,f-1,i0, conf=-1: [s3:0.0.0.0:44480, s4:0.0.0.0:36765, s0:0.0.0.0:35450, s1:0.0.0.0:44404, s2:0.0.0.0:36922], old=null RUNNING
  s0:  RUNNING CANDIDATE s0@group-3304ABEC3031:t7, leader=null, voted=s0, raftlog=s0@group-3304ABEC3031-SegmentedRaftLog:OPENED:c-1,f-1,i0, conf=-1: [s3:0.0.0.0:44480, s4:0.0.0.0:36765, s0:0.0.0.0:35450, s1:0.0.0.0:44404, s2:0.0.0.0:36922], old=null RUNNING
  s1:  RUNNING CANDIDATE s1@group-3304ABEC3031:t7, leader=null, voted=s1, raftlog=s1@group-3304ABEC3031-SegmentedRaftLog:OPENED:c-1,f-1,i0, conf=-1: [s3:0.0.0.0:44480, s4:0.0.0.0:36765, s0:0.0.0.0:35450, s1:0.0.0.0:44404, s2:0.0.0.0:36922], old=null RUNNING
  s2:  RUNNING CANDIDATE s2@group-3304ABEC3031:t7, leader=null, voted=s2, raftlog=s2@group-3304ABEC3031-SegmentedRaftLog:OPENED:c-1,f-1,i0, conf=-1: [s3:0.0.0.0:44480, s4:0.0.0.0:36765, s0:0.0.0.0:35450, s1:0.0.0.0:44404, s2:0.0.0.0:36922], old=null RUNNING, sleep 450ms and then retry.
java.lang.IllegalStateException: No leader yet : printing ALL groups
  s3:  RUNNING CANDIDATE s3@group-3304ABEC3031:t7, leader=null, voted=s3, raftlog=s3@group-3304ABEC3031-SegmentedRaftLog:OPENED:c-1,f-1,i0, conf=-1: [s3:0.0.0.0:44480, s4:0.0.0.0:36765, s0:0.0.0.0:35450, s1:0.0.0.0:44404, s2:0.0.0.0:36922], old=null RUNNING
  s4:  RUNNING CANDIDATE s4@group-3304ABEC3031:t7, leader=null, voted=s4, raftlog=s4@group-3304ABEC3031-SegmentedRaftLog:OPENED:c-1,f-1,i0, conf=-1: [s3:0.0.0.0:44480, s4:0.0.0.0:36765, s0:0.0.0.0:35450, s1:0.0.0.0:44404, s2:0.0.0.0:36922], old=null RUNNING
  s0:  RUNNING CANDIDATE s0@group-3304ABEC3031:t7, leader=null, voted=s0, raftlog=s0@group-3304ABEC3031-SegmentedRaftLog:OPENED:c-1,f-1,i0, conf=-1: [s3:0.0.0.0:44480, s4:0.0.0.0:36765, s0:0.0.0.0:35450, s1:0.0.0.0:44404, s2:0.0.0.0:36922], old=null RUNNING
  s1:  RUNNING CANDIDATE s1@group-3304ABEC3031:t7, leader=null, voted=s1, raftlog=s1@group-3304ABEC3031-SegmentedRaftLog:OPENED:c-1,f-1,i0, conf=-1: [s3:0.0.0.0:44480, s4:0.0.0.0:36765, s0:0.0.0.0:35450, s1:0.0.0.0:44404, s2:0.0.0.0:36922], old=null RUNNING
  s2:  RUNNING CANDIDATE s2@group-3304ABEC3031:t7, leader=null, voted=s2, raftlog=s2@group-3304ABEC3031-SegmentedRaftLog:OPENED:c-1,f-1,i0, conf=-1: [s3:0.0.0.0:44480, s4:0.0.0.0:36765, s0:0.0.0.0:35450, s1:0.0.0.0:44404, s2:0.0.0.0:36922], old=null RUNNING
	at org.apache.ratis.MiniRaftCluster.newIllegalStateExceptionForNoLeaders(MiniRaftCluster.java:506)
	at org.apache.ratis.RaftTestUtil.lambda$waitForLeader$1(RaftTestUtil.java:90)
	at org.apache.ratis.MiniRaftCluster.getLeader(MiniRaftCluster.java:539)
	at org.apache.ratis.MiniRaftCluster.getLeader(MiniRaftCluster.java:532)
	at org.apache.ratis.RaftTestUtil.lambda$waitForLeader$3(RaftTestUtil.java:98)
	at org.apache.ratis.util.JavaUtils.attempt(JavaUtils.java:152)
	at org.apache.ratis.RaftTestUtil.waitForLeader(RaftTestUtil.java:97)
	at org.apache.ratis.RaftTestUtil.waitForLeader(RaftTestUtil.java:77)
	at org.apache.ratis.RaftTestUtil.waitForLeader(RaftTestUtil.java:72)
	at org.apache.ratis.server.impl.LeaderElectionTests.testEnforceLeader(LeaderElectionTests.java:95)
	at sun.reflect.NativeMethodAccessorImpl.invoke0(Native Method)
	at sun.reflect.NativeMethodAccessorImpl.invoke(NativeMethodAccessorImpl.java:62)
	at sun.reflect.DelegatingMethodAccessorImpl.invoke(DelegatingMethodAccessorImpl.java:43)
	at java.lang.reflect.Method.invoke(Method.java:498)
	at org.junit.runners.model.FrameworkMethod$1.runReflectiveCall(FrameworkMethod.java:50)
	at org.junit.internal.runners.model.ReflectiveCallable.run(ReflectiveCallable.java:12)
	at org.junit.runners.model.FrameworkMethod.invokeExplosively(FrameworkMethod.java:47)
	at org.junit.internal.runners.statements.InvokeMethod.evaluate(InvokeMethod.java:17)
	at org.junit.internal.runners.statements.RunAfters.evaluate(RunAfters.java:27)
	at org.junit.internal.runners.statements.FailOnTimeout$CallableStatement.call(FailOnTimeout.java:298)
	at org.junit.internal.runners.statements.FailOnTimeout$CallableStatement.call(FailOnTimeout.java:292)
	at java.util.concurrent.FutureTask.run(FutureTask.java:266)
	at java.lang.Thread.run(Thread.java:748)
2019-09-24 17:09:46,829 WARN  ratis.RaftTestUtil (JavaUtils.java:attempt(158)) - FAILED "waitForLeader-null-(expectLeader? true)", attempt #32/100: java.lang.IllegalStateException: No leader yet : printing ALL groups
  s3:  RUNNING CANDIDATE s3@group-3304ABEC3031:t7, leader=null, voted=s3, raftlog=s3@group-3304ABEC3031-SegmentedRaftLog:OPENED:c-1,f-1,i0, conf=-1: [s3:0.0.0.0:44480, s4:0.0.0.0:36765, s0:0.0.0.0:35450, s1:0.0.0.0:44404, s2:0.0.0.0:36922], old=null RUNNING
  s4:  RUNNING CANDIDATE s4@group-3304ABEC3031:t7, leader=null, voted=s4, raftlog=s4@group-3304ABEC3031-SegmentedRaftLog:OPENED:c-1,f-1,i0, conf=-1: [s3:0.0.0.0:44480, s4:0.0.0.0:36765, s0:0.0.0.0:35450, s1:0.0.0.0:44404, s2:0.0.0.0:36922], old=null RUNNING
  s0:  RUNNING CANDIDATE s0@group-3304ABEC3031:t7, leader=null, voted=s0, raftlog=s0@group-3304ABEC3031-SegmentedRaftLog:OPENED:c-1,f-1,i0, conf=-1: [s3:0.0.0.0:44480, s4:0.0.0.0:36765, s0:0.0.0.0:35450, s1:0.0.0.0:44404, s2:0.0.0.0:36922], old=null RUNNING
  s1:  RUNNING CANDIDATE s1@group-3304ABEC3031:t7, leader=null, voted=s1, raftlog=s1@group-3304ABEC3031-SegmentedRaftLog:OPENED:c-1,f-1,i0, conf=-1: [s3:0.0.0.0:44480, s4:0.0.0.0:36765, s0:0.0.0.0:35450, s1:0.0.0.0:44404, s2:0.0.0.0:36922], old=null RUNNING
  s2:  RUNNING CANDIDATE s2@group-3304ABEC3031:t7, leader=null, voted=s2, raftlog=s2@group-3304ABEC3031-SegmentedRaftLog:OPENED:c-1,f-1,i0, conf=-1: [s3:0.0.0.0:44480, s4:0.0.0.0:36765, s0:0.0.0.0:35450, s1:0.0.0.0:44404, s2:0.0.0.0:36922], old=null RUNNING, sleep 450ms and then retry.
java.lang.IllegalStateException: No leader yet : printing ALL groups
  s3:  RUNNING CANDIDATE s3@group-3304ABEC3031:t7, leader=null, voted=s3, raftlog=s3@group-3304ABEC3031-SegmentedRaftLog:OPENED:c-1,f-1,i0, conf=-1: [s3:0.0.0.0:44480, s4:0.0.0.0:36765, s0:0.0.0.0:35450, s1:0.0.0.0:44404, s2:0.0.0.0:36922], old=null RUNNING
  s4:  RUNNING CANDIDATE s4@group-3304ABEC3031:t7, leader=null, voted=s4, raftlog=s4@group-3304ABEC3031-SegmentedRaftLog:OPENED:c-1,f-1,i0, conf=-1: [s3:0.0.0.0:44480, s4:0.0.0.0:36765, s0:0.0.0.0:35450, s1:0.0.0.0:44404, s2:0.0.0.0:36922], old=null RUNNING
  s0:  RUNNING CANDIDATE s0@group-3304ABEC3031:t7, leader=null, voted=s0, raftlog=s0@group-3304ABEC3031-SegmentedRaftLog:OPENED:c-1,f-1,i0, conf=-1: [s3:0.0.0.0:44480, s4:0.0.0.0:36765, s0:0.0.0.0:35450, s1:0.0.0.0:44404, s2:0.0.0.0:36922], old=null RUNNING
  s1:  RUNNING CANDIDATE s1@group-3304ABEC3031:t7, leader=null, voted=s1, raftlog=s1@group-3304ABEC3031-SegmentedRaftLog:OPENED:c-1,f-1,i0, conf=-1: [s3:0.0.0.0:44480, s4:0.0.0.0:36765, s0:0.0.0.0:35450, s1:0.0.0.0:44404, s2:0.0.0.0:36922], old=null RUNNING
  s2:  RUNNING CANDIDATE s2@group-3304ABEC3031:t7, leader=null, voted=s2, raftlog=s2@group-3304ABEC3031-SegmentedRaftLog:OPENED:c-1,f-1,i0, conf=-1: [s3:0.0.0.0:44480, s4:0.0.0.0:36765, s0:0.0.0.0:35450, s1:0.0.0.0:44404, s2:0.0.0.0:36922], old=null RUNNING
	at org.apache.ratis.MiniRaftCluster.newIllegalStateExceptionForNoLeaders(MiniRaftCluster.java:506)
	at org.apache.ratis.RaftTestUtil.lambda$waitForLeader$1(RaftTestUtil.java:90)
	at org.apache.ratis.MiniRaftCluster.getLeader(MiniRaftCluster.java:539)
	at org.apache.ratis.MiniRaftCluster.getLeader(MiniRaftCluster.java:532)
	at org.apache.ratis.RaftTestUtil.lambda$waitForLeader$3(RaftTestUtil.java:98)
	at org.apache.ratis.util.JavaUtils.attempt(JavaUtils.java:152)
	at org.apache.ratis.RaftTestUtil.waitForLeader(RaftTestUtil.java:97)
	at org.apache.ratis.RaftTestUtil.waitForLeader(RaftTestUtil.java:77)
	at org.apache.ratis.RaftTestUtil.waitForLeader(RaftTestUtil.java:72)
	at org.apache.ratis.server.impl.LeaderElectionTests.testEnforceLeader(LeaderElectionTests.java:95)
	at sun.reflect.NativeMethodAccessorImpl.invoke0(Native Method)
	at sun.reflect.NativeMethodAccessorImpl.invoke(NativeMethodAccessorImpl.java:62)
	at sun.reflect.DelegatingMethodAccessorImpl.invoke(DelegatingMethodAccessorImpl.java:43)
	at java.lang.reflect.Method.invoke(Method.java:498)
	at org.junit.runners.model.FrameworkMethod$1.runReflectiveCall(FrameworkMethod.java:50)
	at org.junit.internal.runners.model.ReflectiveCallable.run(ReflectiveCallable.java:12)
	at org.junit.runners.model.FrameworkMethod.invokeExplosively(FrameworkMethod.java:47)
	at org.junit.internal.runners.statements.InvokeMethod.evaluate(InvokeMethod.java:17)
	at org.junit.internal.runners.statements.RunAfters.evaluate(RunAfters.java:27)
	at org.junit.internal.runners.statements.FailOnTimeout$CallableStatement.call(FailOnTimeout.java:298)
	at org.junit.internal.runners.statements.FailOnTimeout$CallableStatement.call(FailOnTimeout.java:292)
	at java.util.concurrent.FutureTask.run(FutureTask.java:266)
	at java.lang.Thread.run(Thread.java:748)
2019-09-24 17:09:47,281 WARN  ratis.RaftTestUtil (JavaUtils.java:attempt(158)) - FAILED "waitForLeader-null-(expectLeader? true)", attempt #33/100: java.lang.IllegalStateException: No leader yet : printing ALL groups
  s3:  RUNNING CANDIDATE s3@group-3304ABEC3031:t7, leader=null, voted=s3, raftlog=s3@group-3304ABEC3031-SegmentedRaftLog:OPENED:c-1,f-1,i0, conf=-1: [s3:0.0.0.0:44480, s4:0.0.0.0:36765, s0:0.0.0.0:35450, s1:0.0.0.0:44404, s2:0.0.0.0:36922], old=null RUNNING
  s4:  RUNNING CANDIDATE s4@group-3304ABEC3031:t7, leader=null, voted=s4, raftlog=s4@group-3304ABEC3031-SegmentedRaftLog:OPENED:c-1,f-1,i0, conf=-1: [s3:0.0.0.0:44480, s4:0.0.0.0:36765, s0:0.0.0.0:35450, s1:0.0.0.0:44404, s2:0.0.0.0:36922], old=null RUNNING
  s0:  RUNNING CANDIDATE s0@group-3304ABEC3031:t7, leader=null, voted=s0, raftlog=s0@group-3304ABEC3031-SegmentedRaftLog:OPENED:c-1,f-1,i0, conf=-1: [s3:0.0.0.0:44480, s4:0.0.0.0:36765, s0:0.0.0.0:35450, s1:0.0.0.0:44404, s2:0.0.0.0:36922], old=null RUNNING
  s1:  RUNNING CANDIDATE s1@group-3304ABEC3031:t7, leader=null, voted=s1, raftlog=s1@group-3304ABEC3031-SegmentedRaftLog:OPENED:c-1,f-1,i0, conf=-1: [s3:0.0.0.0:44480, s4:0.0.0.0:36765, s0:0.0.0.0:35450, s1:0.0.0.0:44404, s2:0.0.0.0:36922], old=null RUNNING
  s2:  RUNNING CANDIDATE s2@group-3304ABEC3031:t7, leader=null, voted=s2, raftlog=s2@group-3304ABEC3031-SegmentedRaftLog:OPENED:c-1,f-1,i0, conf=-1: [s3:0.0.0.0:44480, s4:0.0.0.0:36765, s0:0.0.0.0:35450, s1:0.0.0.0:44404, s2:0.0.0.0:36922], old=null RUNNING, sleep 450ms and then retry.
java.lang.IllegalStateException: No leader yet : printing ALL groups
  s3:  RUNNING CANDIDATE s3@group-3304ABEC3031:t7, leader=null, voted=s3, raftlog=s3@group-3304ABEC3031-SegmentedRaftLog:OPENED:c-1,f-1,i0, conf=-1: [s3:0.0.0.0:44480, s4:0.0.0.0:36765, s0:0.0.0.0:35450, s1:0.0.0.0:44404, s2:0.0.0.0:36922], old=null RUNNING
  s4:  RUNNING CANDIDATE s4@group-3304ABEC3031:t7, leader=null, voted=s4, raftlog=s4@group-3304ABEC3031-SegmentedRaftLog:OPENED:c-1,f-1,i0, conf=-1: [s3:0.0.0.0:44480, s4:0.0.0.0:36765, s0:0.0.0.0:35450, s1:0.0.0.0:44404, s2:0.0.0.0:36922], old=null RUNNING
  s0:  RUNNING CANDIDATE s0@group-3304ABEC3031:t7, leader=null, voted=s0, raftlog=s0@group-3304ABEC3031-SegmentedRaftLog:OPENED:c-1,f-1,i0, conf=-1: [s3:0.0.0.0:44480, s4:0.0.0.0:36765, s0:0.0.0.0:35450, s1:0.0.0.0:44404, s2:0.0.0.0:36922], old=null RUNNING
  s1:  RUNNING CANDIDATE s1@group-3304ABEC3031:t7, leader=null, voted=s1, raftlog=s1@group-3304ABEC3031-SegmentedRaftLog:OPENED:c-1,f-1,i0, conf=-1: [s3:0.0.0.0:44480, s4:0.0.0.0:36765, s0:0.0.0.0:35450, s1:0.0.0.0:44404, s2:0.0.0.0:36922], old=null RUNNING
  s2:  RUNNING CANDIDATE s2@group-3304ABEC3031:t7, leader=null, voted=s2, raftlog=s2@group-3304ABEC3031-SegmentedRaftLog:OPENED:c-1,f-1,i0, conf=-1: [s3:0.0.0.0:44480, s4:0.0.0.0:36765, s0:0.0.0.0:35450, s1:0.0.0.0:44404, s2:0.0.0.0:36922], old=null RUNNING
	at org.apache.ratis.MiniRaftCluster.newIllegalStateExceptionForNoLeaders(MiniRaftCluster.java:506)
	at org.apache.ratis.RaftTestUtil.lambda$waitForLeader$1(RaftTestUtil.java:90)
	at org.apache.ratis.MiniRaftCluster.getLeader(MiniRaftCluster.java:539)
	at org.apache.ratis.MiniRaftCluster.getLeader(MiniRaftCluster.java:532)
	at org.apache.ratis.RaftTestUtil.lambda$waitForLeader$3(RaftTestUtil.java:98)
	at org.apache.ratis.util.JavaUtils.attempt(JavaUtils.java:152)
	at org.apache.ratis.RaftTestUtil.waitForLeader(RaftTestUtil.java:97)
	at org.apache.ratis.RaftTestUtil.waitForLeader(RaftTestUtil.java:77)
	at org.apache.ratis.RaftTestUtil.waitForLeader(RaftTestUtil.java:72)
	at org.apache.ratis.server.impl.LeaderElectionTests.testEnforceLeader(LeaderElectionTests.java:95)
	at sun.reflect.NativeMethodAccessorImpl.invoke0(Native Method)
	at sun.reflect.NativeMethodAccessorImpl.invoke(NativeMethodAccessorImpl.java:62)
	at sun.reflect.DelegatingMethodAccessorImpl.invoke(DelegatingMethodAccessorImpl.java:43)
	at java.lang.reflect.Method.invoke(Method.java:498)
	at org.junit.runners.model.FrameworkMethod$1.runReflectiveCall(FrameworkMethod.java:50)
	at org.junit.internal.runners.model.ReflectiveCallable.run(ReflectiveCallable.java:12)
	at org.junit.runners.model.FrameworkMethod.invokeExplosively(FrameworkMethod.java:47)
	at org.junit.internal.runners.statements.InvokeMethod.evaluate(InvokeMethod.java:17)
	at org.junit.internal.runners.statements.RunAfters.evaluate(RunAfters.java:27)
	at org.junit.internal.runners.statements.FailOnTimeout$CallableStatement.call(FailOnTimeout.java:298)
	at org.junit.internal.runners.statements.FailOnTimeout$CallableStatement.call(FailOnTimeout.java:292)
	at java.util.concurrent.FutureTask.run(FutureTask.java:266)
	at java.lang.Thread.run(Thread.java:748)
2019-09-24 17:09:47,733 WARN  ratis.RaftTestUtil (JavaUtils.java:attempt(158)) - FAILED "waitForLeader-null-(expectLeader? true)", attempt #34/100: java.lang.IllegalStateException: No leader yet : printing ALL groups
  s3:  RUNNING CANDIDATE s3@group-3304ABEC3031:t7, leader=null, voted=s3, raftlog=s3@group-3304ABEC3031-SegmentedRaftLog:OPENED:c-1,f-1,i0, conf=-1: [s3:0.0.0.0:44480, s4:0.0.0.0:36765, s0:0.0.0.0:35450, s1:0.0.0.0:44404, s2:0.0.0.0:36922], old=null RUNNING
  s4:  RUNNING CANDIDATE s4@group-3304ABEC3031:t7, leader=null, voted=s4, raftlog=s4@group-3304ABEC3031-SegmentedRaftLog:OPENED:c-1,f-1,i0, conf=-1: [s3:0.0.0.0:44480, s4:0.0.0.0:36765, s0:0.0.0.0:35450, s1:0.0.0.0:44404, s2:0.0.0.0:36922], old=null RUNNING
  s0:  RUNNING CANDIDATE s0@group-3304ABEC3031:t7, leader=null, voted=s0, raftlog=s0@group-3304ABEC3031-SegmentedRaftLog:OPENED:c-1,f-1,i0, conf=-1: [s3:0.0.0.0:44480, s4:0.0.0.0:36765, s0:0.0.0.0:35450, s1:0.0.0.0:44404, s2:0.0.0.0:36922], old=null RUNNING
  s1:  RUNNING CANDIDATE s1@group-3304ABEC3031:t7, leader=null, voted=s1, raftlog=s1@group-3304ABEC3031-SegmentedRaftLog:OPENED:c-1,f-1,i0, conf=-1: [s3:0.0.0.0:44480, s4:0.0.0.0:36765, s0:0.0.0.0:35450, s1:0.0.0.0:44404, s2:0.0.0.0:36922], old=null RUNNING
  s2:  RUNNING CANDIDATE s2@group-3304ABEC3031:t7, leader=null, voted=s2, raftlog=s2@group-3304ABEC3031-SegmentedRaftLog:OPENED:c-1,f-1,i0, conf=-1: [s3:0.0.0.0:44480, s4:0.0.0.0:36765, s0:0.0.0.0:35450, s1:0.0.0.0:44404, s2:0.0.0.0:36922], old=null RUNNING, sleep 450ms and then retry.
java.lang.IllegalStateException: No leader yet : printing ALL groups
  s3:  RUNNING CANDIDATE s3@group-3304ABEC3031:t7, leader=null, voted=s3, raftlog=s3@group-3304ABEC3031-SegmentedRaftLog:OPENED:c-1,f-1,i0, conf=-1: [s3:0.0.0.0:44480, s4:0.0.0.0:36765, s0:0.0.0.0:35450, s1:0.0.0.0:44404, s2:0.0.0.0:36922], old=null RUNNING
  s4:  RUNNING CANDIDATE s4@group-3304ABEC3031:t7, leader=null, voted=s4, raftlog=s4@group-3304ABEC3031-SegmentedRaftLog:OPENED:c-1,f-1,i0, conf=-1: [s3:0.0.0.0:44480, s4:0.0.0.0:36765, s0:0.0.0.0:35450, s1:0.0.0.0:44404, s2:0.0.0.0:36922], old=null RUNNING
  s0:  RUNNING CANDIDATE s0@group-3304ABEC3031:t7, leader=null, voted=s0, raftlog=s0@group-3304ABEC3031-SegmentedRaftLog:OPENED:c-1,f-1,i0, conf=-1: [s3:0.0.0.0:44480, s4:0.0.0.0:36765, s0:0.0.0.0:35450, s1:0.0.0.0:44404, s2:0.0.0.0:36922], old=null RUNNING
  s1:  RUNNING CANDIDATE s1@group-3304ABEC3031:t7, leader=null, voted=s1, raftlog=s1@group-3304ABEC3031-SegmentedRaftLog:OPENED:c-1,f-1,i0, conf=-1: [s3:0.0.0.0:44480, s4:0.0.0.0:36765, s0:0.0.0.0:35450, s1:0.0.0.0:44404, s2:0.0.0.0:36922], old=null RUNNING
  s2:  RUNNING CANDIDATE s2@group-3304ABEC3031:t7, leader=null, voted=s2, raftlog=s2@group-3304ABEC3031-SegmentedRaftLog:OPENED:c-1,f-1,i0, conf=-1: [s3:0.0.0.0:44480, s4:0.0.0.0:36765, s0:0.0.0.0:35450, s1:0.0.0.0:44404, s2:0.0.0.0:36922], old=null RUNNING
	at org.apache.ratis.MiniRaftCluster.newIllegalStateExceptionForNoLeaders(MiniRaftCluster.java:506)
	at org.apache.ratis.RaftTestUtil.lambda$waitForLeader$1(RaftTestUtil.java:90)
	at org.apache.ratis.MiniRaftCluster.getLeader(MiniRaftCluster.java:539)
	at org.apache.ratis.MiniRaftCluster.getLeader(MiniRaftCluster.java:532)
	at org.apache.ratis.RaftTestUtil.lambda$waitForLeader$3(RaftTestUtil.java:98)
	at org.apache.ratis.util.JavaUtils.attempt(JavaUtils.java:152)
	at org.apache.ratis.RaftTestUtil.waitForLeader(RaftTestUtil.java:97)
	at org.apache.ratis.RaftTestUtil.waitForLeader(RaftTestUtil.java:77)
	at org.apache.ratis.RaftTestUtil.waitForLeader(RaftTestUtil.java:72)
	at org.apache.ratis.server.impl.LeaderElectionTests.testEnforceLeader(LeaderElectionTests.java:95)
	at sun.reflect.NativeMethodAccessorImpl.invoke0(Native Method)
	at sun.reflect.NativeMethodAccessorImpl.invoke(NativeMethodAccessorImpl.java:62)
	at sun.reflect.DelegatingMethodAccessorImpl.invoke(DelegatingMethodAccessorImpl.java:43)
	at java.lang.reflect.Method.invoke(Method.java:498)
	at org.junit.runners.model.FrameworkMethod$1.runReflectiveCall(FrameworkMethod.java:50)
	at org.junit.internal.runners.model.ReflectiveCallable.run(ReflectiveCallable.java:12)
	at org.junit.runners.model.FrameworkMethod.invokeExplosively(FrameworkMethod.java:47)
	at org.junit.internal.runners.statements.InvokeMethod.evaluate(InvokeMethod.java:17)
	at org.junit.internal.runners.statements.RunAfters.evaluate(RunAfters.java:27)
	at org.junit.internal.runners.statements.FailOnTimeout$CallableStatement.call(FailOnTimeout.java:298)
	at org.junit.internal.runners.statements.FailOnTimeout$CallableStatement.call(FailOnTimeout.java:292)
	at java.util.concurrent.FutureTask.run(FutureTask.java:266)
	at java.lang.Thread.run(Thread.java:748)
2019-09-24 17:09:48,184 WARN  ratis.RaftTestUtil (JavaUtils.java:attempt(158)) - FAILED "waitForLeader-null-(expectLeader? true)", attempt #35/100: java.lang.IllegalStateException: No leader yet : printing ALL groups
  s3:  RUNNING CANDIDATE s3@group-3304ABEC3031:t7, leader=null, voted=s3, raftlog=s3@group-3304ABEC3031-SegmentedRaftLog:OPENED:c-1,f-1,i0, conf=-1: [s3:0.0.0.0:44480, s4:0.0.0.0:36765, s0:0.0.0.0:35450, s1:0.0.0.0:44404, s2:0.0.0.0:36922], old=null RUNNING
  s4:  RUNNING CANDIDATE s4@group-3304ABEC3031:t7, leader=null, voted=s4, raftlog=s4@group-3304ABEC3031-SegmentedRaftLog:OPENED:c-1,f-1,i0, conf=-1: [s3:0.0.0.0:44480, s4:0.0.0.0:36765, s0:0.0.0.0:35450, s1:0.0.0.0:44404, s2:0.0.0.0:36922], old=null RUNNING
  s0:  RUNNING CANDIDATE s0@group-3304ABEC3031:t7, leader=null, voted=s0, raftlog=s0@group-3304ABEC3031-SegmentedRaftLog:OPENED:c-1,f-1,i0, conf=-1: [s3:0.0.0.0:44480, s4:0.0.0.0:36765, s0:0.0.0.0:35450, s1:0.0.0.0:44404, s2:0.0.0.0:36922], old=null RUNNING
  s1:  RUNNING CANDIDATE s1@group-3304ABEC3031:t7, leader=null, voted=s1, raftlog=s1@group-3304ABEC3031-SegmentedRaftLog:OPENED:c-1,f-1,i0, conf=-1: [s3:0.0.0.0:44480, s4:0.0.0.0:36765, s0:0.0.0.0:35450, s1:0.0.0.0:44404, s2:0.0.0.0:36922], old=null RUNNING
  s2:  RUNNING CANDIDATE s2@group-3304ABEC3031:t7, leader=null, voted=s2, raftlog=s2@group-3304ABEC3031-SegmentedRaftLog:OPENED:c-1,f-1,i0, conf=-1: [s3:0.0.0.0:44480, s4:0.0.0.0:36765, s0:0.0.0.0:35450, s1:0.0.0.0:44404, s2:0.0.0.0:36922], old=null RUNNING, sleep 450ms and then retry.
java.lang.IllegalStateException: No leader yet : printing ALL groups
  s3:  RUNNING CANDIDATE s3@group-3304ABEC3031:t7, leader=null, voted=s3, raftlog=s3@group-3304ABEC3031-SegmentedRaftLog:OPENED:c-1,f-1,i0, conf=-1: [s3:0.0.0.0:44480, s4:0.0.0.0:36765, s0:0.0.0.0:35450, s1:0.0.0.0:44404, s2:0.0.0.0:36922], old=null RUNNING
  s4:  RUNNING CANDIDATE s4@group-3304ABEC3031:t7, leader=null, voted=s4, raftlog=s4@group-3304ABEC3031-SegmentedRaftLog:OPENED:c-1,f-1,i0, conf=-1: [s3:0.0.0.0:44480, s4:0.0.0.0:36765, s0:0.0.0.0:35450, s1:0.0.0.0:44404, s2:0.0.0.0:36922], old=null RUNNING
  s0:  RUNNING CANDIDATE s0@group-3304ABEC3031:t7, leader=null, voted=s0, raftlog=s0@group-3304ABEC3031-SegmentedRaftLog:OPENED:c-1,f-1,i0, conf=-1: [s3:0.0.0.0:44480, s4:0.0.0.0:36765, s0:0.0.0.0:35450, s1:0.0.0.0:44404, s2:0.0.0.0:36922], old=null RUNNING
  s1:  RUNNING CANDIDATE s1@group-3304ABEC3031:t7, leader=null, voted=s1, raftlog=s1@group-3304ABEC3031-SegmentedRaftLog:OPENED:c-1,f-1,i0, conf=-1: [s3:0.0.0.0:44480, s4:0.0.0.0:36765, s0:0.0.0.0:35450, s1:0.0.0.0:44404, s2:0.0.0.0:36922], old=null RUNNING
  s2:  RUNNING CANDIDATE s2@group-3304ABEC3031:t7, leader=null, voted=s2, raftlog=s2@group-3304ABEC3031-SegmentedRaftLog:OPENED:c-1,f-1,i0, conf=-1: [s3:0.0.0.0:44480, s4:0.0.0.0:36765, s0:0.0.0.0:35450, s1:0.0.0.0:44404, s2:0.0.0.0:36922], old=null RUNNING
	at org.apache.ratis.MiniRaftCluster.newIllegalStateExceptionForNoLeaders(MiniRaftCluster.java:506)
	at org.apache.ratis.RaftTestUtil.lambda$waitForLeader$1(RaftTestUtil.java:90)
	at org.apache.ratis.MiniRaftCluster.getLeader(MiniRaftCluster.java:539)
	at org.apache.ratis.MiniRaftCluster.getLeader(MiniRaftCluster.java:532)
	at org.apache.ratis.RaftTestUtil.lambda$waitForLeader$3(RaftTestUtil.java:98)
	at org.apache.ratis.util.JavaUtils.attempt(JavaUtils.java:152)
	at org.apache.ratis.RaftTestUtil.waitForLeader(RaftTestUtil.java:97)
	at org.apache.ratis.RaftTestUtil.waitForLeader(RaftTestUtil.java:77)
	at org.apache.ratis.RaftTestUtil.waitForLeader(RaftTestUtil.java:72)
	at org.apache.ratis.server.impl.LeaderElectionTests.testEnforceLeader(LeaderElectionTests.java:95)
	at sun.reflect.NativeMethodAccessorImpl.invoke0(Native Method)
	at sun.reflect.NativeMethodAccessorImpl.invoke(NativeMethodAccessorImpl.java:62)
	at sun.reflect.DelegatingMethodAccessorImpl.invoke(DelegatingMethodAccessorImpl.java:43)
	at java.lang.reflect.Method.invoke(Method.java:498)
	at org.junit.runners.model.FrameworkMethod$1.runReflectiveCall(FrameworkMethod.java:50)
	at org.junit.internal.runners.model.ReflectiveCallable.run(ReflectiveCallable.java:12)
	at org.junit.runners.model.FrameworkMethod.invokeExplosively(FrameworkMethod.java:47)
	at org.junit.internal.runners.statements.InvokeMethod.evaluate(InvokeMethod.java:17)
	at org.junit.internal.runners.statements.RunAfters.evaluate(RunAfters.java:27)
	at org.junit.internal.runners.statements.FailOnTimeout$CallableStatement.call(FailOnTimeout.java:298)
	at org.junit.internal.runners.statements.FailOnTimeout$CallableStatement.call(FailOnTimeout.java:292)
	at java.util.concurrent.FutureTask.run(FutureTask.java:266)
	at java.lang.Thread.run(Thread.java:748)
2019-09-24 17:09:48,401 INFO  impl.LeaderElection (LeaderElection.java:askForVotes(178)) - s0@group-3304ABEC3031-LeaderElection30: begin an election at term 7 for -1: [s3:0.0.0.0:44480, s4:0.0.0.0:36765, s0:0.0.0.0:35450, s1:0.0.0.0:44404, s2:0.0.0.0:36922], old=null
2019-09-24 17:09:48,401 INFO  impl.LeaderElection (LeaderElection.java:askForVotes(178)) - s1@group-3304ABEC3031-LeaderElection31: begin an election at term 7 for -1: [s3:0.0.0.0:44480, s4:0.0.0.0:36765, s0:0.0.0.0:35450, s1:0.0.0.0:44404, s2:0.0.0.0:36922], old=null
2019-09-24 17:09:48,403 DEBUG impl.RaftServerImpl (RaftServerImpl.java:requestVote(743)) - s3@group-3304ABEC3031: receive requestVote(s0, group-3304ABEC3031, 7, (t:0, i:0))
2019-09-24 17:09:48,404 DEBUG impl.RaftServerImpl (RaftServerImpl.java:requestVote(743)) - s4@group-3304ABEC3031: receive requestVote(s0, group-3304ABEC3031, 7, (t:0, i:0))
2019-09-24 17:09:48,404 DEBUG impl.RaftServerImpl (RaftServerImpl.java:requestVote(743)) - s1@group-3304ABEC3031: receive requestVote(s0, group-3304ABEC3031, 7, (t:0, i:0))
2019-09-24 17:09:48,404 DEBUG impl.RaftServerImpl (RaftServerImpl.java:requestVote(743)) - s3@group-3304ABEC3031: receive requestVote(s1, group-3304ABEC3031, 7, (t:0, i:0))
2019-09-24 17:09:48,404 DEBUG impl.RaftServerImpl (RaftServerImpl.java:requestVote(743)) - s0@group-3304ABEC3031: receive requestVote(s1, group-3304ABEC3031, 7, (t:0, i:0))
2019-09-24 17:09:48,404 DEBUG impl.RaftServerImpl (RaftServerImpl.java:requestVote(775)) - s1@group-3304ABEC3031 replies to vote request: s0<-s1#0:FAIL-t7. Peer's state: s1@group-3304ABEC3031:t7, leader=null, voted=s1, raftlog=s1@group-3304ABEC3031-SegmentedRaftLog:OPENED:c-1,f-1,i0, conf=-1: [s3:0.0.0.0:44480, s4:0.0.0.0:36765, s0:0.0.0.0:35450, s1:0.0.0.0:44404, s2:0.0.0.0:36922], old=null
2019-09-24 17:09:48,404 DEBUG impl.RaftServerImpl (RaftServerImpl.java:requestVote(743)) - s4@group-3304ABEC3031: receive requestVote(s1, group-3304ABEC3031, 7, (t:0, i:0))
2019-09-24 17:09:48,404 DEBUG impl.RaftServerImpl (RaftServerImpl.java:requestVote(743)) - s2@group-3304ABEC3031: receive requestVote(s0, group-3304ABEC3031, 7, (t:0, i:0))
2019-09-24 17:09:48,405 DEBUG impl.RaftServerImpl (RaftServerImpl.java:requestVote(775)) - s0@group-3304ABEC3031 replies to vote request: s1<-s0#0:FAIL-t7. Peer's state: s0@group-3304ABEC3031:t7, leader=null, voted=s0, raftlog=s0@group-3304ABEC3031-SegmentedRaftLog:OPENED:c-1,f-1,i0, conf=-1: [s3:0.0.0.0:44480, s4:0.0.0.0:36765, s0:0.0.0.0:35450, s1:0.0.0.0:44404, s2:0.0.0.0:36922], old=null
2019-09-24 17:09:48,404 DEBUG impl.RaftServerImpl (RaftServerImpl.java:requestVote(743)) - s2@group-3304ABEC3031: receive requestVote(s1, group-3304ABEC3031, 7, (t:0, i:0))
2019-09-24 17:09:48,560 INFO  impl.LeaderElection (LeaderElection.java:logAndReturn(56)) - s0@group-3304ABEC3031-LeaderElection30: Election TIMEOUT; received 1 response(s) [s0<-s1#0:FAIL-t7] and 0 exception(s); s0@group-3304ABEC3031:t7, leader=null, voted=s0, raftlog=s0@group-3304ABEC3031-SegmentedRaftLog:OPENED:c-1,f-1,i0, conf=-1: [s3:0.0.0.0:44480, s4:0.0.0.0:36765, s0:0.0.0.0:35450, s1:0.0.0.0:44404, s2:0.0.0.0:36922], old=null
2019-09-24 17:09:48,636 WARN  ratis.RaftTestUtil (JavaUtils.java:attempt(158)) - FAILED "waitForLeader-null-(expectLeader? true)", attempt #36/100: java.lang.IllegalStateException: No leader yet : printing ALL groups
  s3:  RUNNING CANDIDATE s3@group-3304ABEC3031:t7, leader=null, voted=s3, raftlog=s3@group-3304ABEC3031-SegmentedRaftLog:OPENED:c-1,f-1,i0, conf=-1: [s3:0.0.0.0:44480, s4:0.0.0.0:36765, s0:0.0.0.0:35450, s1:0.0.0.0:44404, s2:0.0.0.0:36922], old=null RUNNING
  s4:  RUNNING CANDIDATE s4@group-3304ABEC3031:t7, leader=null, voted=s4, raftlog=s4@group-3304ABEC3031-SegmentedRaftLog:OPENED:c-1,f-1,i0, conf=-1: [s3:0.0.0.0:44480, s4:0.0.0.0:36765, s0:0.0.0.0:35450, s1:0.0.0.0:44404, s2:0.0.0.0:36922], old=null RUNNING
  s0:  RUNNING CANDIDATE s0@group-3304ABEC3031:t8, leader=null, voted=s0, raftlog=s0@group-3304ABEC3031-SegmentedRaftLog:OPENED:c-1,f-1,i0, conf=-1: [s3:0.0.0.0:44480, s4:0.0.0.0:36765, s0:0.0.0.0:35450, s1:0.0.0.0:44404, s2:0.0.0.0:36922], old=null RUNNING
  s1:  RUNNING CANDIDATE s1@group-3304ABEC3031:t7, leader=null, voted=s1, raftlog=s1@group-3304ABEC3031-SegmentedRaftLog:OPENED:c-1,f-1,i0, conf=-1: [s3:0.0.0.0:44480, s4:0.0.0.0:36765, s0:0.0.0.0:35450, s1:0.0.0.0:44404, s2:0.0.0.0:36922], old=null RUNNING
  s2:  RUNNING CANDIDATE s2@group-3304ABEC3031:t7, leader=null, voted=s2, raftlog=s2@group-3304ABEC3031-SegmentedRaftLog:OPENED:c-1,f-1,i0, conf=-1: [s3:0.0.0.0:44480, s4:0.0.0.0:36765, s0:0.0.0.0:35450, s1:0.0.0.0:44404, s2:0.0.0.0:36922], old=null RUNNING, sleep 450ms and then retry.
java.lang.IllegalStateException: No leader yet : printing ALL groups
  s3:  RUNNING CANDIDATE s3@group-3304ABEC3031:t7, leader=null, voted=s3, raftlog=s3@group-3304ABEC3031-SegmentedRaftLog:OPENED:c-1,f-1,i0, conf=-1: [s3:0.0.0.0:44480, s4:0.0.0.0:36765, s0:0.0.0.0:35450, s1:0.0.0.0:44404, s2:0.0.0.0:36922], old=null RUNNING
  s4:  RUNNING CANDIDATE s4@group-3304ABEC3031:t7, leader=null, voted=s4, raftlog=s4@group-3304ABEC3031-SegmentedRaftLog:OPENED:c-1,f-1,i0, conf=-1: [s3:0.0.0.0:44480, s4:0.0.0.0:36765, s0:0.0.0.0:35450, s1:0.0.0.0:44404, s2:0.0.0.0:36922], old=null RUNNING
  s0:  RUNNING CANDIDATE s0@group-3304ABEC3031:t8, leader=null, voted=s0, raftlog=s0@group-3304ABEC3031-SegmentedRaftLog:OPENED:c-1,f-1,i0, conf=-1: [s3:0.0.0.0:44480, s4:0.0.0.0:36765, s0:0.0.0.0:35450, s1:0.0.0.0:44404, s2:0.0.0.0:36922], old=null RUNNING
  s1:  RUNNING CANDIDATE s1@group-3304ABEC3031:t7, leader=null, voted=s1, raftlog=s1@group-3304ABEC3031-SegmentedRaftLog:OPENED:c-1,f-1,i0, conf=-1: [s3:0.0.0.0:44480, s4:0.0.0.0:36765, s0:0.0.0.0:35450, s1:0.0.0.0:44404, s2:0.0.0.0:36922], old=null RUNNING
  s2:  RUNNING CANDIDATE s2@group-3304ABEC3031:t7, leader=null, voted=s2, raftlog=s2@group-3304ABEC3031-SegmentedRaftLog:OPENED:c-1,f-1,i0, conf=-1: [s3:0.0.0.0:44480, s4:0.0.0.0:36765, s0:0.0.0.0:35450, s1:0.0.0.0:44404, s2:0.0.0.0:36922], old=null RUNNING
	at org.apache.ratis.MiniRaftCluster.newIllegalStateExceptionForNoLeaders(MiniRaftCluster.java:506)
	at org.apache.ratis.RaftTestUtil.lambda$waitForLeader$1(RaftTestUtil.java:90)
	at org.apache.ratis.MiniRaftCluster.getLeader(MiniRaftCluster.java:539)
	at org.apache.ratis.MiniRaftCluster.getLeader(MiniRaftCluster.java:532)
	at org.apache.ratis.RaftTestUtil.lambda$waitForLeader$3(RaftTestUtil.java:98)
	at org.apache.ratis.util.JavaUtils.attempt(JavaUtils.java:152)
	at org.apache.ratis.RaftTestUtil.waitForLeader(RaftTestUtil.java:97)
	at org.apache.ratis.RaftTestUtil.waitForLeader(RaftTestUtil.java:77)
	at org.apache.ratis.RaftTestUtil.waitForLeader(RaftTestUtil.java:72)
	at org.apache.ratis.server.impl.LeaderElectionTests.testEnforceLeader(LeaderElectionTests.java:95)
	at sun.reflect.NativeMethodAccessorImpl.invoke0(Native Method)
	at sun.reflect.NativeMethodAccessorImpl.invoke(NativeMethodAccessorImpl.java:62)
	at sun.reflect.DelegatingMethodAccessorImpl.invoke(DelegatingMethodAccessorImpl.java:43)
	at java.lang.reflect.Method.invoke(Method.java:498)
	at org.junit.runners.model.FrameworkMethod$1.runReflectiveCall(FrameworkMethod.java:50)
	at org.junit.internal.runners.model.ReflectiveCallable.run(ReflectiveCallable.java:12)
	at org.junit.runners.model.FrameworkMethod.invokeExplosively(FrameworkMethod.java:47)
	at org.junit.internal.runners.statements.InvokeMethod.evaluate(InvokeMethod.java:17)
	at org.junit.internal.runners.statements.RunAfters.evaluate(RunAfters.java:27)
	at org.junit.internal.runners.statements.FailOnTimeout$CallableStatement.call(FailOnTimeout.java:298)
	at org.junit.internal.runners.statements.FailOnTimeout$CallableStatement.call(FailOnTimeout.java:292)
	at java.util.concurrent.FutureTask.run(FutureTask.java:266)
	at java.lang.Thread.run(Thread.java:748)
2019-09-24 17:09:48,701 INFO  impl.LeaderElection (LeaderElection.java:logAndReturn(56)) - s1@group-3304ABEC3031-LeaderElection31: Election TIMEOUT; received 1 response(s) [s1<-s0#0:FAIL-t7] and 0 exception(s); s1@group-3304ABEC3031:t7, leader=null, voted=s1, raftlog=s1@group-3304ABEC3031-SegmentedRaftLog:OPENED:c-1,f-1,i0, conf=-1: [s3:0.0.0.0:44480, s4:0.0.0.0:36765, s0:0.0.0.0:35450, s1:0.0.0.0:44404, s2:0.0.0.0:36922], old=null
2019-09-24 17:09:49,088 WARN  ratis.RaftTestUtil (JavaUtils.java:attempt(158)) - FAILED "waitForLeader-null-(expectLeader? true)", attempt #37/100: java.lang.IllegalStateException: No leader yet : printing ALL groups
  s3:  RUNNING CANDIDATE s3@group-3304ABEC3031:t7, leader=null, voted=s3, raftlog=s3@group-3304ABEC3031-SegmentedRaftLog:OPENED:c-1,f-1,i0, conf=-1: [s3:0.0.0.0:44480, s4:0.0.0.0:36765, s0:0.0.0.0:35450, s1:0.0.0.0:44404, s2:0.0.0.0:36922], old=null RUNNING
  s4:  RUNNING CANDIDATE s4@group-3304ABEC3031:t7, leader=null, voted=s4, raftlog=s4@group-3304ABEC3031-SegmentedRaftLog:OPENED:c-1,f-1,i0, conf=-1: [s3:0.0.0.0:44480, s4:0.0.0.0:36765, s0:0.0.0.0:35450, s1:0.0.0.0:44404, s2:0.0.0.0:36922], old=null RUNNING
  s0:  RUNNING CANDIDATE s0@group-3304ABEC3031:t8, leader=null, voted=s0, raftlog=s0@group-3304ABEC3031-SegmentedRaftLog:OPENED:c-1,f-1,i0, conf=-1: [s3:0.0.0.0:44480, s4:0.0.0.0:36765, s0:0.0.0.0:35450, s1:0.0.0.0:44404, s2:0.0.0.0:36922], old=null RUNNING
  s1:  RUNNING CANDIDATE s1@group-3304ABEC3031:t8, leader=null, voted=s1, raftlog=s1@group-3304ABEC3031-SegmentedRaftLog:OPENED:c-1,f-1,i0, conf=-1: [s3:0.0.0.0:44480, s4:0.0.0.0:36765, s0:0.0.0.0:35450, s1:0.0.0.0:44404, s2:0.0.0.0:36922], old=null RUNNING
  s2:  RUNNING CANDIDATE s2@group-3304ABEC3031:t7, leader=null, voted=s2, raftlog=s2@group-3304ABEC3031-SegmentedRaftLog:OPENED:c-1,f-1,i0, conf=-1: [s3:0.0.0.0:44480, s4:0.0.0.0:36765, s0:0.0.0.0:35450, s1:0.0.0.0:44404, s2:0.0.0.0:36922], old=null RUNNING, sleep 450ms and then retry.
java.lang.IllegalStateException: No leader yet : printing ALL groups
  s3:  RUNNING CANDIDATE s3@group-3304ABEC3031:t7, leader=null, voted=s3, raftlog=s3@group-3304ABEC3031-SegmentedRaftLog:OPENED:c-1,f-1,i0, conf=-1: [s3:0.0.0.0:44480, s4:0.0.0.0:36765, s0:0.0.0.0:35450, s1:0.0.0.0:44404, s2:0.0.0.0:36922], old=null RUNNING
  s4:  RUNNING CANDIDATE s4@group-3304ABEC3031:t7, leader=null, voted=s4, raftlog=s4@group-3304ABEC3031-SegmentedRaftLog:OPENED:c-1,f-1,i0, conf=-1: [s3:0.0.0.0:44480, s4:0.0.0.0:36765, s0:0.0.0.0:35450, s1:0.0.0.0:44404, s2:0.0.0.0:36922], old=null RUNNING
  s0:  RUNNING CANDIDATE s0@group-3304ABEC3031:t8, leader=null, voted=s0, raftlog=s0@group-3304ABEC3031-SegmentedRaftLog:OPENED:c-1,f-1,i0, conf=-1: [s3:0.0.0.0:44480, s4:0.0.0.0:36765, s0:0.0.0.0:35450, s1:0.0.0.0:44404, s2:0.0.0.0:36922], old=null RUNNING
  s1:  RUNNING CANDIDATE s1@group-3304ABEC3031:t8, leader=null, voted=s1, raftlog=s1@group-3304ABEC3031-SegmentedRaftLog:OPENED:c-1,f-1,i0, conf=-1: [s3:0.0.0.0:44480, s4:0.0.0.0:36765, s0:0.0.0.0:35450, s1:0.0.0.0:44404, s2:0.0.0.0:36922], old=null RUNNING
  s2:  RUNNING CANDIDATE s2@group-3304ABEC3031:t7, leader=null, voted=s2, raftlog=s2@group-3304ABEC3031-SegmentedRaftLog:OPENED:c-1,f-1,i0, conf=-1: [s3:0.0.0.0:44480, s4:0.0.0.0:36765, s0:0.0.0.0:35450, s1:0.0.0.0:44404, s2:0.0.0.0:36922], old=null RUNNING
	at org.apache.ratis.MiniRaftCluster.newIllegalStateExceptionForNoLeaders(MiniRaftCluster.java:506)
	at org.apache.ratis.RaftTestUtil.lambda$waitForLeader$1(RaftTestUtil.java:90)
	at org.apache.ratis.MiniRaftCluster.getLeader(MiniRaftCluster.java:539)
	at org.apache.ratis.MiniRaftCluster.getLeader(MiniRaftCluster.java:532)
	at org.apache.ratis.RaftTestUtil.lambda$waitForLeader$3(RaftTestUtil.java:98)
	at org.apache.ratis.util.JavaUtils.attempt(JavaUtils.java:152)
	at org.apache.ratis.RaftTestUtil.waitForLeader(RaftTestUtil.java:97)
	at org.apache.ratis.RaftTestUtil.waitForLeader(RaftTestUtil.java:77)
	at org.apache.ratis.RaftTestUtil.waitForLeader(RaftTestUtil.java:72)
	at org.apache.ratis.server.impl.LeaderElectionTests.testEnforceLeader(LeaderElectionTests.java:95)
	at sun.reflect.NativeMethodAccessorImpl.invoke0(Native Method)
	at sun.reflect.NativeMethodAccessorImpl.invoke(NativeMethodAccessorImpl.java:62)
	at sun.reflect.DelegatingMethodAccessorImpl.invoke(DelegatingMethodAccessorImpl.java:43)
	at java.lang.reflect.Method.invoke(Method.java:498)
	at org.junit.runners.model.FrameworkMethod$1.runReflectiveCall(FrameworkMethod.java:50)
	at org.junit.internal.runners.model.ReflectiveCallable.run(ReflectiveCallable.java:12)
	at org.junit.runners.model.FrameworkMethod.invokeExplosively(FrameworkMethod.java:47)
	at org.junit.internal.runners.statements.InvokeMethod.evaluate(InvokeMethod.java:17)
	at org.junit.internal.runners.statements.RunAfters.evaluate(RunAfters.java:27)
	at org.junit.internal.runners.statements.FailOnTimeout$CallableStatement.call(FailOnTimeout.java:298)
	at org.junit.internal.runners.statements.FailOnTimeout$CallableStatement.call(FailOnTimeout.java:292)
	at java.util.concurrent.FutureTask.run(FutureTask.java:266)
	at java.lang.Thread.run(Thread.java:748)
2019-09-24 17:09:49,540 WARN  ratis.RaftTestUtil (JavaUtils.java:attempt(158)) - FAILED "waitForLeader-null-(expectLeader? true)", attempt #38/100: java.lang.IllegalStateException: No leader yet : printing ALL groups
  s3:  RUNNING CANDIDATE s3@group-3304ABEC3031:t7, leader=null, voted=s3, raftlog=s3@group-3304ABEC3031-SegmentedRaftLog:OPENED:c-1,f-1,i0, conf=-1: [s3:0.0.0.0:44480, s4:0.0.0.0:36765, s0:0.0.0.0:35450, s1:0.0.0.0:44404, s2:0.0.0.0:36922], old=null RUNNING
  s4:  RUNNING CANDIDATE s4@group-3304ABEC3031:t7, leader=null, voted=s4, raftlog=s4@group-3304ABEC3031-SegmentedRaftLog:OPENED:c-1,f-1,i0, conf=-1: [s3:0.0.0.0:44480, s4:0.0.0.0:36765, s0:0.0.0.0:35450, s1:0.0.0.0:44404, s2:0.0.0.0:36922], old=null RUNNING
  s0:  RUNNING CANDIDATE s0@group-3304ABEC3031:t8, leader=null, voted=s0, raftlog=s0@group-3304ABEC3031-SegmentedRaftLog:OPENED:c-1,f-1,i0, conf=-1: [s3:0.0.0.0:44480, s4:0.0.0.0:36765, s0:0.0.0.0:35450, s1:0.0.0.0:44404, s2:0.0.0.0:36922], old=null RUNNING
  s1:  RUNNING CANDIDATE s1@group-3304ABEC3031:t8, leader=null, voted=s1, raftlog=s1@group-3304ABEC3031-SegmentedRaftLog:OPENED:c-1,f-1,i0, conf=-1: [s3:0.0.0.0:44480, s4:0.0.0.0:36765, s0:0.0.0.0:35450, s1:0.0.0.0:44404, s2:0.0.0.0:36922], old=null RUNNING
  s2:  RUNNING CANDIDATE s2@group-3304ABEC3031:t7, leader=null, voted=s2, raftlog=s2@group-3304ABEC3031-SegmentedRaftLog:OPENED:c-1,f-1,i0, conf=-1: [s3:0.0.0.0:44480, s4:0.0.0.0:36765, s0:0.0.0.0:35450, s1:0.0.0.0:44404, s2:0.0.0.0:36922], old=null RUNNING, sleep 450ms and then retry.
java.lang.IllegalStateException: No leader yet : printing ALL groups
  s3:  RUNNING CANDIDATE s3@group-3304ABEC3031:t7, leader=null, voted=s3, raftlog=s3@group-3304ABEC3031-SegmentedRaftLog:OPENED:c-1,f-1,i0, conf=-1: [s3:0.0.0.0:44480, s4:0.0.0.0:36765, s0:0.0.0.0:35450, s1:0.0.0.0:44404, s2:0.0.0.0:36922], old=null RUNNING
  s4:  RUNNING CANDIDATE s4@group-3304ABEC3031:t7, leader=null, voted=s4, raftlog=s4@group-3304ABEC3031-SegmentedRaftLog:OPENED:c-1,f-1,i0, conf=-1: [s3:0.0.0.0:44480, s4:0.0.0.0:36765, s0:0.0.0.0:35450, s1:0.0.0.0:44404, s2:0.0.0.0:36922], old=null RUNNING
  s0:  RUNNING CANDIDATE s0@group-3304ABEC3031:t8, leader=null, voted=s0, raftlog=s0@group-3304ABEC3031-SegmentedRaftLog:OPENED:c-1,f-1,i0, conf=-1: [s3:0.0.0.0:44480, s4:0.0.0.0:36765, s0:0.0.0.0:35450, s1:0.0.0.0:44404, s2:0.0.0.0:36922], old=null RUNNING
  s1:  RUNNING CANDIDATE s1@group-3304ABEC3031:t8, leader=null, voted=s1, raftlog=s1@group-3304ABEC3031-SegmentedRaftLog:OPENED:c-1,f-1,i0, conf=-1: [s3:0.0.0.0:44480, s4:0.0.0.0:36765, s0:0.0.0.0:35450, s1:0.0.0.0:44404, s2:0.0.0.0:36922], old=null RUNNING
  s2:  RUNNING CANDIDATE s2@group-3304ABEC3031:t7, leader=null, voted=s2, raftlog=s2@group-3304ABEC3031-SegmentedRaftLog:OPENED:c-1,f-1,i0, conf=-1: [s3:0.0.0.0:44480, s4:0.0.0.0:36765, s0:0.0.0.0:35450, s1:0.0.0.0:44404, s2:0.0.0.0:36922], old=null RUNNING
	at org.apache.ratis.MiniRaftCluster.newIllegalStateExceptionForNoLeaders(MiniRaftCluster.java:506)
	at org.apache.ratis.RaftTestUtil.lambda$waitForLeader$1(RaftTestUtil.java:90)
	at org.apache.ratis.MiniRaftCluster.getLeader(MiniRaftCluster.java:539)
	at org.apache.ratis.MiniRaftCluster.getLeader(MiniRaftCluster.java:532)
	at org.apache.ratis.RaftTestUtil.lambda$waitForLeader$3(RaftTestUtil.java:98)
	at org.apache.ratis.util.JavaUtils.attempt(JavaUtils.java:152)
	at org.apache.ratis.RaftTestUtil.waitForLeader(RaftTestUtil.java:97)
	at org.apache.ratis.RaftTestUtil.waitForLeader(RaftTestUtil.java:77)
	at org.apache.ratis.RaftTestUtil.waitForLeader(RaftTestUtil.java:72)
	at org.apache.ratis.server.impl.LeaderElectionTests.testEnforceLeader(LeaderElectionTests.java:95)
	at sun.reflect.NativeMethodAccessorImpl.invoke0(Native Method)
	at sun.reflect.NativeMethodAccessorImpl.invoke(NativeMethodAccessorImpl.java:62)
	at sun.reflect.DelegatingMethodAccessorImpl.invoke(DelegatingMethodAccessorImpl.java:43)
	at java.lang.reflect.Method.invoke(Method.java:498)
	at org.junit.runners.model.FrameworkMethod$1.runReflectiveCall(FrameworkMethod.java:50)
	at org.junit.internal.runners.model.ReflectiveCallable.run(ReflectiveCallable.java:12)
	at org.junit.runners.model.FrameworkMethod.invokeExplosively(FrameworkMethod.java:47)
	at org.junit.internal.runners.statements.InvokeMethod.evaluate(InvokeMethod.java:17)
	at org.junit.internal.runners.statements.RunAfters.evaluate(RunAfters.java:27)
	at org.junit.internal.runners.statements.FailOnTimeout$CallableStatement.call(FailOnTimeout.java:298)
	at org.junit.internal.runners.statements.FailOnTimeout$CallableStatement.call(FailOnTimeout.java:292)
	at java.util.concurrent.FutureTask.run(FutureTask.java:266)
	at java.lang.Thread.run(Thread.java:748)
2019-09-24 17:09:49,993 WARN  ratis.RaftTestUtil (JavaUtils.java:attempt(158)) - FAILED "waitForLeader-null-(expectLeader? true)", attempt #39/100: java.lang.IllegalStateException: No leader yet : printing ALL groups
  s3:  RUNNING CANDIDATE s3@group-3304ABEC3031:t7, leader=null, voted=s3, raftlog=s3@group-3304ABEC3031-SegmentedRaftLog:OPENED:c-1,f-1,i0, conf=-1: [s3:0.0.0.0:44480, s4:0.0.0.0:36765, s0:0.0.0.0:35450, s1:0.0.0.0:44404, s2:0.0.0.0:36922], old=null RUNNING
  s4:  RUNNING CANDIDATE s4@group-3304ABEC3031:t7, leader=null, voted=s4, raftlog=s4@group-3304ABEC3031-SegmentedRaftLog:OPENED:c-1,f-1,i0, conf=-1: [s3:0.0.0.0:44480, s4:0.0.0.0:36765, s0:0.0.0.0:35450, s1:0.0.0.0:44404, s2:0.0.0.0:36922], old=null RUNNING
  s0:  RUNNING CANDIDATE s0@group-3304ABEC3031:t8, leader=null, voted=s0, raftlog=s0@group-3304ABEC3031-SegmentedRaftLog:OPENED:c-1,f-1,i0, conf=-1: [s3:0.0.0.0:44480, s4:0.0.0.0:36765, s0:0.0.0.0:35450, s1:0.0.0.0:44404, s2:0.0.0.0:36922], old=null RUNNING
  s1:  RUNNING CANDIDATE s1@group-3304ABEC3031:t8, leader=null, voted=s1, raftlog=s1@group-3304ABEC3031-SegmentedRaftLog:OPENED:c-1,f-1,i0, conf=-1: [s3:0.0.0.0:44480, s4:0.0.0.0:36765, s0:0.0.0.0:35450, s1:0.0.0.0:44404, s2:0.0.0.0:36922], old=null RUNNING
  s2:  RUNNING CANDIDATE s2@group-3304ABEC3031:t7, leader=null, voted=s2, raftlog=s2@group-3304ABEC3031-SegmentedRaftLog:OPENED:c-1,f-1,i0, conf=-1: [s3:0.0.0.0:44480, s4:0.0.0.0:36765, s0:0.0.0.0:35450, s1:0.0.0.0:44404, s2:0.0.0.0:36922], old=null RUNNING, sleep 450ms and then retry.
java.lang.IllegalStateException: No leader yet : printing ALL groups
  s3:  RUNNING CANDIDATE s3@group-3304ABEC3031:t7, leader=null, voted=s3, raftlog=s3@group-3304ABEC3031-SegmentedRaftLog:OPENED:c-1,f-1,i0, conf=-1: [s3:0.0.0.0:44480, s4:0.0.0.0:36765, s0:0.0.0.0:35450, s1:0.0.0.0:44404, s2:0.0.0.0:36922], old=null RUNNING
  s4:  RUNNING CANDIDATE s4@group-3304ABEC3031:t7, leader=null, voted=s4, raftlog=s4@group-3304ABEC3031-SegmentedRaftLog:OPENED:c-1,f-1,i0, conf=-1: [s3:0.0.0.0:44480, s4:0.0.0.0:36765, s0:0.0.0.0:35450, s1:0.0.0.0:44404, s2:0.0.0.0:36922], old=null RUNNING
  s0:  RUNNING CANDIDATE s0@group-3304ABEC3031:t8, leader=null, voted=s0, raftlog=s0@group-3304ABEC3031-SegmentedRaftLog:OPENED:c-1,f-1,i0, conf=-1: [s3:0.0.0.0:44480, s4:0.0.0.0:36765, s0:0.0.0.0:35450, s1:0.0.0.0:44404, s2:0.0.0.0:36922], old=null RUNNING
  s1:  RUNNING CANDIDATE s1@group-3304ABEC3031:t8, leader=null, voted=s1, raftlog=s1@group-3304ABEC3031-SegmentedRaftLog:OPENED:c-1,f-1,i0, conf=-1: [s3:0.0.0.0:44480, s4:0.0.0.0:36765, s0:0.0.0.0:35450, s1:0.0.0.0:44404, s2:0.0.0.0:36922], old=null RUNNING
  s2:  RUNNING CANDIDATE s2@group-3304ABEC3031:t7, leader=null, voted=s2, raftlog=s2@group-3304ABEC3031-SegmentedRaftLog:OPENED:c-1,f-1,i0, conf=-1: [s3:0.0.0.0:44480, s4:0.0.0.0:36765, s0:0.0.0.0:35450, s1:0.0.0.0:44404, s2:0.0.0.0:36922], old=null RUNNING
	at org.apache.ratis.MiniRaftCluster.newIllegalStateExceptionForNoLeaders(MiniRaftCluster.java:506)
	at org.apache.ratis.RaftTestUtil.lambda$waitForLeader$1(RaftTestUtil.java:90)
	at org.apache.ratis.MiniRaftCluster.getLeader(MiniRaftCluster.java:539)
	at org.apache.ratis.MiniRaftCluster.getLeader(MiniRaftCluster.java:532)
	at org.apache.ratis.RaftTestUtil.lambda$waitForLeader$3(RaftTestUtil.java:98)
	at org.apache.ratis.util.JavaUtils.attempt(JavaUtils.java:152)
	at org.apache.ratis.RaftTestUtil.waitForLeader(RaftTestUtil.java:97)
	at org.apache.ratis.RaftTestUtil.waitForLeader(RaftTestUtil.java:77)
	at org.apache.ratis.RaftTestUtil.waitForLeader(RaftTestUtil.java:72)
	at org.apache.ratis.server.impl.LeaderElectionTests.testEnforceLeader(LeaderElectionTests.java:95)
	at sun.reflect.NativeMethodAccessorImpl.invoke0(Native Method)
	at sun.reflect.NativeMethodAccessorImpl.invoke(NativeMethodAccessorImpl.java:62)
	at sun.reflect.DelegatingMethodAccessorImpl.invoke(DelegatingMethodAccessorImpl.java:43)
	at java.lang.reflect.Method.invoke(Method.java:498)
	at org.junit.runners.model.FrameworkMethod$1.runReflectiveCall(FrameworkMethod.java:50)
	at org.junit.internal.runners.model.ReflectiveCallable.run(ReflectiveCallable.java:12)
	at org.junit.runners.model.FrameworkMethod.invokeExplosively(FrameworkMethod.java:47)
	at org.junit.internal.runners.statements.InvokeMethod.evaluate(InvokeMethod.java:17)
	at org.junit.internal.runners.statements.RunAfters.evaluate(RunAfters.java:27)
	at org.junit.internal.runners.statements.FailOnTimeout$CallableStatement.call(FailOnTimeout.java:298)
	at org.junit.internal.runners.statements.FailOnTimeout$CallableStatement.call(FailOnTimeout.java:292)
	at java.util.concurrent.FutureTask.run(FutureTask.java:266)
	at java.lang.Thread.run(Thread.java:748)
2019-09-24 17:09:50,445 WARN  ratis.RaftTestUtil (JavaUtils.java:attempt(158)) - FAILED "waitForLeader-null-(expectLeader? true)", attempt #40/100: java.lang.IllegalStateException: No leader yet : printing ALL groups
  s3:  RUNNING CANDIDATE s3@group-3304ABEC3031:t7, leader=null, voted=s3, raftlog=s3@group-3304ABEC3031-SegmentedRaftLog:OPENED:c-1,f-1,i0, conf=-1: [s3:0.0.0.0:44480, s4:0.0.0.0:36765, s0:0.0.0.0:35450, s1:0.0.0.0:44404, s2:0.0.0.0:36922], old=null RUNNING
  s4:  RUNNING CANDIDATE s4@group-3304ABEC3031:t7, leader=null, voted=s4, raftlog=s4@group-3304ABEC3031-SegmentedRaftLog:OPENED:c-1,f-1,i0, conf=-1: [s3:0.0.0.0:44480, s4:0.0.0.0:36765, s0:0.0.0.0:35450, s1:0.0.0.0:44404, s2:0.0.0.0:36922], old=null RUNNING
  s0:  RUNNING CANDIDATE s0@group-3304ABEC3031:t8, leader=null, voted=s0, raftlog=s0@group-3304ABEC3031-SegmentedRaftLog:OPENED:c-1,f-1,i0, conf=-1: [s3:0.0.0.0:44480, s4:0.0.0.0:36765, s0:0.0.0.0:35450, s1:0.0.0.0:44404, s2:0.0.0.0:36922], old=null RUNNING
  s1:  RUNNING CANDIDATE s1@group-3304ABEC3031:t8, leader=null, voted=s1, raftlog=s1@group-3304ABEC3031-SegmentedRaftLog:OPENED:c-1,f-1,i0, conf=-1: [s3:0.0.0.0:44480, s4:0.0.0.0:36765, s0:0.0.0.0:35450, s1:0.0.0.0:44404, s2:0.0.0.0:36922], old=null RUNNING
  s2:  RUNNING CANDIDATE s2@group-3304ABEC3031:t7, leader=null, voted=s2, raftlog=s2@group-3304ABEC3031-SegmentedRaftLog:OPENED:c-1,f-1,i0, conf=-1: [s3:0.0.0.0:44480, s4:0.0.0.0:36765, s0:0.0.0.0:35450, s1:0.0.0.0:44404, s2:0.0.0.0:36922], old=null RUNNING, sleep 450ms and then retry.
java.lang.IllegalStateException: No leader yet : printing ALL groups
  s3:  RUNNING CANDIDATE s3@group-3304ABEC3031:t7, leader=null, voted=s3, raftlog=s3@group-3304ABEC3031-SegmentedRaftLog:OPENED:c-1,f-1,i0, conf=-1: [s3:0.0.0.0:44480, s4:0.0.0.0:36765, s0:0.0.0.0:35450, s1:0.0.0.0:44404, s2:0.0.0.0:36922], old=null RUNNING
  s4:  RUNNING CANDIDATE s4@group-3304ABEC3031:t7, leader=null, voted=s4, raftlog=s4@group-3304ABEC3031-SegmentedRaftLog:OPENED:c-1,f-1,i0, conf=-1: [s3:0.0.0.0:44480, s4:0.0.0.0:36765, s0:0.0.0.0:35450, s1:0.0.0.0:44404, s2:0.0.0.0:36922], old=null RUNNING
  s0:  RUNNING CANDIDATE s0@group-3304ABEC3031:t8, leader=null, voted=s0, raftlog=s0@group-3304ABEC3031-SegmentedRaftLog:OPENED:c-1,f-1,i0, conf=-1: [s3:0.0.0.0:44480, s4:0.0.0.0:36765, s0:0.0.0.0:35450, s1:0.0.0.0:44404, s2:0.0.0.0:36922], old=null RUNNING
  s1:  RUNNING CANDIDATE s1@group-3304ABEC3031:t8, leader=null, voted=s1, raftlog=s1@group-3304ABEC3031-SegmentedRaftLog:OPENED:c-1,f-1,i0, conf=-1: [s3:0.0.0.0:44480, s4:0.0.0.0:36765, s0:0.0.0.0:35450, s1:0.0.0.0:44404, s2:0.0.0.0:36922], old=null RUNNING
  s2:  RUNNING CANDIDATE s2@group-3304ABEC3031:t7, leader=null, voted=s2, raftlog=s2@group-3304ABEC3031-SegmentedRaftLog:OPENED:c-1,f-1,i0, conf=-1: [s3:0.0.0.0:44480, s4:0.0.0.0:36765, s0:0.0.0.0:35450, s1:0.0.0.0:44404, s2:0.0.0.0:36922], old=null RUNNING
	at org.apache.ratis.MiniRaftCluster.newIllegalStateExceptionForNoLeaders(MiniRaftCluster.java:506)
	at org.apache.ratis.RaftTestUtil.lambda$waitForLeader$1(RaftTestUtil.java:90)
	at org.apache.ratis.MiniRaftCluster.getLeader(MiniRaftCluster.java:539)
	at org.apache.ratis.MiniRaftCluster.getLeader(MiniRaftCluster.java:532)
	at org.apache.ratis.RaftTestUtil.lambda$waitForLeader$3(RaftTestUtil.java:98)
	at org.apache.ratis.util.JavaUtils.attempt(JavaUtils.java:152)
	at org.apache.ratis.RaftTestUtil.waitForLeader(RaftTestUtil.java:97)
	at org.apache.ratis.RaftTestUtil.waitForLeader(RaftTestUtil.java:77)
	at org.apache.ratis.RaftTestUtil.waitForLeader(RaftTestUtil.java:72)
	at org.apache.ratis.server.impl.LeaderElectionTests.testEnforceLeader(LeaderElectionTests.java:95)
	at sun.reflect.NativeMethodAccessorImpl.invoke0(Native Method)
	at sun.reflect.NativeMethodAccessorImpl.invoke(NativeMethodAccessorImpl.java:62)
	at sun.reflect.DelegatingMethodAccessorImpl.invoke(DelegatingMethodAccessorImpl.java:43)
	at java.lang.reflect.Method.invoke(Method.java:498)
	at org.junit.runners.model.FrameworkMethod$1.runReflectiveCall(FrameworkMethod.java:50)
	at org.junit.internal.runners.model.ReflectiveCallable.run(ReflectiveCallable.java:12)
	at org.junit.runners.model.FrameworkMethod.invokeExplosively(FrameworkMethod.java:47)
	at org.junit.internal.runners.statements.InvokeMethod.evaluate(InvokeMethod.java:17)
	at org.junit.internal.runners.statements.RunAfters.evaluate(RunAfters.java:27)
	at org.junit.internal.runners.statements.FailOnTimeout$CallableStatement.call(FailOnTimeout.java:298)
	at org.junit.internal.runners.statements.FailOnTimeout$CallableStatement.call(FailOnTimeout.java:292)
	at java.util.concurrent.FutureTask.run(FutureTask.java:266)
	at java.lang.Thread.run(Thread.java:748)
2019-09-24 17:09:50,898 WARN  ratis.RaftTestUtil (JavaUtils.java:attempt(158)) - FAILED "waitForLeader-null-(expectLeader? true)", attempt #41/100: java.lang.IllegalStateException: No leader yet : printing ALL groups
  s3:  RUNNING CANDIDATE s3@group-3304ABEC3031:t7, leader=null, voted=s3, raftlog=s3@group-3304ABEC3031-SegmentedRaftLog:OPENED:c-1,f-1,i0, conf=-1: [s3:0.0.0.0:44480, s4:0.0.0.0:36765, s0:0.0.0.0:35450, s1:0.0.0.0:44404, s2:0.0.0.0:36922], old=null RUNNING
  s4:  RUNNING CANDIDATE s4@group-3304ABEC3031:t7, leader=null, voted=s4, raftlog=s4@group-3304ABEC3031-SegmentedRaftLog:OPENED:c-1,f-1,i0, conf=-1: [s3:0.0.0.0:44480, s4:0.0.0.0:36765, s0:0.0.0.0:35450, s1:0.0.0.0:44404, s2:0.0.0.0:36922], old=null RUNNING
  s0:  RUNNING CANDIDATE s0@group-3304ABEC3031:t8, leader=null, voted=s0, raftlog=s0@group-3304ABEC3031-SegmentedRaftLog:OPENED:c-1,f-1,i0, conf=-1: [s3:0.0.0.0:44480, s4:0.0.0.0:36765, s0:0.0.0.0:35450, s1:0.0.0.0:44404, s2:0.0.0.0:36922], old=null RUNNING
  s1:  RUNNING CANDIDATE s1@group-3304ABEC3031:t8, leader=null, voted=s1, raftlog=s1@group-3304ABEC3031-SegmentedRaftLog:OPENED:c-1,f-1,i0, conf=-1: [s3:0.0.0.0:44480, s4:0.0.0.0:36765, s0:0.0.0.0:35450, s1:0.0.0.0:44404, s2:0.0.0.0:36922], old=null RUNNING
  s2:  RUNNING CANDIDATE s2@group-3304ABEC3031:t7, leader=null, voted=s2, raftlog=s2@group-3304ABEC3031-SegmentedRaftLog:OPENED:c-1,f-1,i0, conf=-1: [s3:0.0.0.0:44480, s4:0.0.0.0:36765, s0:0.0.0.0:35450, s1:0.0.0.0:44404, s2:0.0.0.0:36922], old=null RUNNING, sleep 450ms and then retry.
java.lang.IllegalStateException: No leader yet : printing ALL groups
  s3:  RUNNING CANDIDATE s3@group-3304ABEC3031:t7, leader=null, voted=s3, raftlog=s3@group-3304ABEC3031-SegmentedRaftLog:OPENED:c-1,f-1,i0, conf=-1: [s3:0.0.0.0:44480, s4:0.0.0.0:36765, s0:0.0.0.0:35450, s1:0.0.0.0:44404, s2:0.0.0.0:36922], old=null RUNNING
  s4:  RUNNING CANDIDATE s4@group-3304ABEC3031:t7, leader=null, voted=s4, raftlog=s4@group-3304ABEC3031-SegmentedRaftLog:OPENED:c-1,f-1,i0, conf=-1: [s3:0.0.0.0:44480, s4:0.0.0.0:36765, s0:0.0.0.0:35450, s1:0.0.0.0:44404, s2:0.0.0.0:36922], old=null RUNNING
  s0:  RUNNING CANDIDATE s0@group-3304ABEC3031:t8, leader=null, voted=s0, raftlog=s0@group-3304ABEC3031-SegmentedRaftLog:OPENED:c-1,f-1,i0, conf=-1: [s3:0.0.0.0:44480, s4:0.0.0.0:36765, s0:0.0.0.0:35450, s1:0.0.0.0:44404, s2:0.0.0.0:36922], old=null RUNNING
  s1:  RUNNING CANDIDATE s1@group-3304ABEC3031:t8, leader=null, voted=s1, raftlog=s1@group-3304ABEC3031-SegmentedRaftLog:OPENED:c-1,f-1,i0, conf=-1: [s3:0.0.0.0:44480, s4:0.0.0.0:36765, s0:0.0.0.0:35450, s1:0.0.0.0:44404, s2:0.0.0.0:36922], old=null RUNNING
  s2:  RUNNING CANDIDATE s2@group-3304ABEC3031:t7, leader=null, voted=s2, raftlog=s2@group-3304ABEC3031-SegmentedRaftLog:OPENED:c-1,f-1,i0, conf=-1: [s3:0.0.0.0:44480, s4:0.0.0.0:36765, s0:0.0.0.0:35450, s1:0.0.0.0:44404, s2:0.0.0.0:36922], old=null RUNNING
	at org.apache.ratis.MiniRaftCluster.newIllegalStateExceptionForNoLeaders(MiniRaftCluster.java:506)
	at org.apache.ratis.RaftTestUtil.lambda$waitForLeader$1(RaftTestUtil.java:90)
	at org.apache.ratis.MiniRaftCluster.getLeader(MiniRaftCluster.java:539)
	at org.apache.ratis.MiniRaftCluster.getLeader(MiniRaftCluster.java:532)
	at org.apache.ratis.RaftTestUtil.lambda$waitForLeader$3(RaftTestUtil.java:98)
	at org.apache.ratis.util.JavaUtils.attempt(JavaUtils.java:152)
	at org.apache.ratis.RaftTestUtil.waitForLeader(RaftTestUtil.java:97)
	at org.apache.ratis.RaftTestUtil.waitForLeader(RaftTestUtil.java:77)
	at org.apache.ratis.RaftTestUtil.waitForLeader(RaftTestUtil.java:72)
	at org.apache.ratis.server.impl.LeaderElectionTests.testEnforceLeader(LeaderElectionTests.java:95)
	at sun.reflect.NativeMethodAccessorImpl.invoke0(Native Method)
	at sun.reflect.NativeMethodAccessorImpl.invoke(NativeMethodAccessorImpl.java:62)
	at sun.reflect.DelegatingMethodAccessorImpl.invoke(DelegatingMethodAccessorImpl.java:43)
	at java.lang.reflect.Method.invoke(Method.java:498)
	at org.junit.runners.model.FrameworkMethod$1.runReflectiveCall(FrameworkMethod.java:50)
	at org.junit.internal.runners.model.ReflectiveCallable.run(ReflectiveCallable.java:12)
	at org.junit.runners.model.FrameworkMethod.invokeExplosively(FrameworkMethod.java:47)
	at org.junit.internal.runners.statements.InvokeMethod.evaluate(InvokeMethod.java:17)
	at org.junit.internal.runners.statements.RunAfters.evaluate(RunAfters.java:27)
	at org.junit.internal.runners.statements.FailOnTimeout$CallableStatement.call(FailOnTimeout.java:298)
	at org.junit.internal.runners.statements.FailOnTimeout$CallableStatement.call(FailOnTimeout.java:292)
	at java.util.concurrent.FutureTask.run(FutureTask.java:266)
	at java.lang.Thread.run(Thread.java:748)
2019-09-24 17:09:51,350 WARN  ratis.RaftTestUtil (JavaUtils.java:attempt(158)) - FAILED "waitForLeader-null-(expectLeader? true)", attempt #42/100: java.lang.IllegalStateException: No leader yet : printing ALL groups
  s3:  RUNNING CANDIDATE s3@group-3304ABEC3031:t7, leader=null, voted=s3, raftlog=s3@group-3304ABEC3031-SegmentedRaftLog:OPENED:c-1,f-1,i0, conf=-1: [s3:0.0.0.0:44480, s4:0.0.0.0:36765, s0:0.0.0.0:35450, s1:0.0.0.0:44404, s2:0.0.0.0:36922], old=null RUNNING
  s4:  RUNNING CANDIDATE s4@group-3304ABEC3031:t7, leader=null, voted=s4, raftlog=s4@group-3304ABEC3031-SegmentedRaftLog:OPENED:c-1,f-1,i0, conf=-1: [s3:0.0.0.0:44480, s4:0.0.0.0:36765, s0:0.0.0.0:35450, s1:0.0.0.0:44404, s2:0.0.0.0:36922], old=null RUNNING
  s0:  RUNNING CANDIDATE s0@group-3304ABEC3031:t8, leader=null, voted=s0, raftlog=s0@group-3304ABEC3031-SegmentedRaftLog:OPENED:c-1,f-1,i0, conf=-1: [s3:0.0.0.0:44480, s4:0.0.0.0:36765, s0:0.0.0.0:35450, s1:0.0.0.0:44404, s2:0.0.0.0:36922], old=null RUNNING
  s1:  RUNNING CANDIDATE s1@group-3304ABEC3031:t8, leader=null, voted=s1, raftlog=s1@group-3304ABEC3031-SegmentedRaftLog:OPENED:c-1,f-1,i0, conf=-1: [s3:0.0.0.0:44480, s4:0.0.0.0:36765, s0:0.0.0.0:35450, s1:0.0.0.0:44404, s2:0.0.0.0:36922], old=null RUNNING
  s2:  RUNNING CANDIDATE s2@group-3304ABEC3031:t7, leader=null, voted=s2, raftlog=s2@group-3304ABEC3031-SegmentedRaftLog:OPENED:c-1,f-1,i0, conf=-1: [s3:0.0.0.0:44480, s4:0.0.0.0:36765, s0:0.0.0.0:35450, s1:0.0.0.0:44404, s2:0.0.0.0:36922], old=null RUNNING, sleep 450ms and then retry.
java.lang.IllegalStateException: No leader yet : printing ALL groups
  s3:  RUNNING CANDIDATE s3@group-3304ABEC3031:t7, leader=null, voted=s3, raftlog=s3@group-3304ABEC3031-SegmentedRaftLog:OPENED:c-1,f-1,i0, conf=-1: [s3:0.0.0.0:44480, s4:0.0.0.0:36765, s0:0.0.0.0:35450, s1:0.0.0.0:44404, s2:0.0.0.0:36922], old=null RUNNING
  s4:  RUNNING CANDIDATE s4@group-3304ABEC3031:t7, leader=null, voted=s4, raftlog=s4@group-3304ABEC3031-SegmentedRaftLog:OPENED:c-1,f-1,i0, conf=-1: [s3:0.0.0.0:44480, s4:0.0.0.0:36765, s0:0.0.0.0:35450, s1:0.0.0.0:44404, s2:0.0.0.0:36922], old=null RUNNING
  s0:  RUNNING CANDIDATE s0@group-3304ABEC3031:t8, leader=null, voted=s0, raftlog=s0@group-3304ABEC3031-SegmentedRaftLog:OPENED:c-1,f-1,i0, conf=-1: [s3:0.0.0.0:44480, s4:0.0.0.0:36765, s0:0.0.0.0:35450, s1:0.0.0.0:44404, s2:0.0.0.0:36922], old=null RUNNING
  s1:  RUNNING CANDIDATE s1@group-3304ABEC3031:t8, leader=null, voted=s1, raftlog=s1@group-3304ABEC3031-SegmentedRaftLog:OPENED:c-1,f-1,i0, conf=-1: [s3:0.0.0.0:44480, s4:0.0.0.0:36765, s0:0.0.0.0:35450, s1:0.0.0.0:44404, s2:0.0.0.0:36922], old=null RUNNING
  s2:  RUNNING CANDIDATE s2@group-3304ABEC3031:t7, leader=null, voted=s2, raftlog=s2@group-3304ABEC3031-SegmentedRaftLog:OPENED:c-1,f-1,i0, conf=-1: [s3:0.0.0.0:44480, s4:0.0.0.0:36765, s0:0.0.0.0:35450, s1:0.0.0.0:44404, s2:0.0.0.0:36922], old=null RUNNING
	at org.apache.ratis.MiniRaftCluster.newIllegalStateExceptionForNoLeaders(MiniRaftCluster.java:506)
	at org.apache.ratis.RaftTestUtil.lambda$waitForLeader$1(RaftTestUtil.java:90)
	at org.apache.ratis.MiniRaftCluster.getLeader(MiniRaftCluster.java:539)
	at org.apache.ratis.MiniRaftCluster.getLeader(MiniRaftCluster.java:532)
	at org.apache.ratis.RaftTestUtil.lambda$waitForLeader$3(RaftTestUtil.java:98)
	at org.apache.ratis.util.JavaUtils.attempt(JavaUtils.java:152)
	at org.apache.ratis.RaftTestUtil.waitForLeader(RaftTestUtil.java:97)
	at org.apache.ratis.RaftTestUtil.waitForLeader(RaftTestUtil.java:77)
	at org.apache.ratis.RaftTestUtil.waitForLeader(RaftTestUtil.java:72)
	at org.apache.ratis.server.impl.LeaderElectionTests.testEnforceLeader(LeaderElectionTests.java:95)
	at sun.reflect.NativeMethodAccessorImpl.invoke0(Native Method)
	at sun.reflect.NativeMethodAccessorImpl.invoke(NativeMethodAccessorImpl.java:62)
	at sun.reflect.DelegatingMethodAccessorImpl.invoke(DelegatingMethodAccessorImpl.java:43)
	at java.lang.reflect.Method.invoke(Method.java:498)
	at org.junit.runners.model.FrameworkMethod$1.runReflectiveCall(FrameworkMethod.java:50)
	at org.junit.internal.runners.model.ReflectiveCallable.run(ReflectiveCallable.java:12)
	at org.junit.runners.model.FrameworkMethod.invokeExplosively(FrameworkMethod.java:47)
	at org.junit.internal.runners.statements.InvokeMethod.evaluate(InvokeMethod.java:17)
	at org.junit.internal.runners.statements.RunAfters.evaluate(RunAfters.java:27)
	at org.junit.internal.runners.statements.FailOnTimeout$CallableStatement.call(FailOnTimeout.java:298)
	at org.junit.internal.runners.statements.FailOnTimeout$CallableStatement.call(FailOnTimeout.java:292)
	at java.util.concurrent.FutureTask.run(FutureTask.java:266)
	at java.lang.Thread.run(Thread.java:748)
2019-09-24 17:09:51,802 WARN  ratis.RaftTestUtil (JavaUtils.java:attempt(158)) - FAILED "waitForLeader-null-(expectLeader? true)", attempt #43/100: java.lang.IllegalStateException: No leader yet : printing ALL groups
  s3:  RUNNING CANDIDATE s3@group-3304ABEC3031:t7, leader=null, voted=s3, raftlog=s3@group-3304ABEC3031-SegmentedRaftLog:OPENED:c-1,f-1,i0, conf=-1: [s3:0.0.0.0:44480, s4:0.0.0.0:36765, s0:0.0.0.0:35450, s1:0.0.0.0:44404, s2:0.0.0.0:36922], old=null RUNNING
  s4:  RUNNING CANDIDATE s4@group-3304ABEC3031:t7, leader=null, voted=s4, raftlog=s4@group-3304ABEC3031-SegmentedRaftLog:OPENED:c-1,f-1,i0, conf=-1: [s3:0.0.0.0:44480, s4:0.0.0.0:36765, s0:0.0.0.0:35450, s1:0.0.0.0:44404, s2:0.0.0.0:36922], old=null RUNNING
  s0:  RUNNING CANDIDATE s0@group-3304ABEC3031:t8, leader=null, voted=s0, raftlog=s0@group-3304ABEC3031-SegmentedRaftLog:OPENED:c-1,f-1,i0, conf=-1: [s3:0.0.0.0:44480, s4:0.0.0.0:36765, s0:0.0.0.0:35450, s1:0.0.0.0:44404, s2:0.0.0.0:36922], old=null RUNNING
  s1:  RUNNING CANDIDATE s1@group-3304ABEC3031:t8, leader=null, voted=s1, raftlog=s1@group-3304ABEC3031-SegmentedRaftLog:OPENED:c-1,f-1,i0, conf=-1: [s3:0.0.0.0:44480, s4:0.0.0.0:36765, s0:0.0.0.0:35450, s1:0.0.0.0:44404, s2:0.0.0.0:36922], old=null RUNNING
  s2:  RUNNING CANDIDATE s2@group-3304ABEC3031:t7, leader=null, voted=s2, raftlog=s2@group-3304ABEC3031-SegmentedRaftLog:OPENED:c-1,f-1,i0, conf=-1: [s3:0.0.0.0:44480, s4:0.0.0.0:36765, s0:0.0.0.0:35450, s1:0.0.0.0:44404, s2:0.0.0.0:36922], old=null RUNNING, sleep 450ms and then retry.
java.lang.IllegalStateException: No leader yet : printing ALL groups
  s3:  RUNNING CANDIDATE s3@group-3304ABEC3031:t7, leader=null, voted=s3, raftlog=s3@group-3304ABEC3031-SegmentedRaftLog:OPENED:c-1,f-1,i0, conf=-1: [s3:0.0.0.0:44480, s4:0.0.0.0:36765, s0:0.0.0.0:35450, s1:0.0.0.0:44404, s2:0.0.0.0:36922], old=null RUNNING
  s4:  RUNNING CANDIDATE s4@group-3304ABEC3031:t7, leader=null, voted=s4, raftlog=s4@group-3304ABEC3031-SegmentedRaftLog:OPENED:c-1,f-1,i0, conf=-1: [s3:0.0.0.0:44480, s4:0.0.0.0:36765, s0:0.0.0.0:35450, s1:0.0.0.0:44404, s2:0.0.0.0:36922], old=null RUNNING
  s0:  RUNNING CANDIDATE s0@group-3304ABEC3031:t8, leader=null, voted=s0, raftlog=s0@group-3304ABEC3031-SegmentedRaftLog:OPENED:c-1,f-1,i0, conf=-1: [s3:0.0.0.0:44480, s4:0.0.0.0:36765, s0:0.0.0.0:35450, s1:0.0.0.0:44404, s2:0.0.0.0:36922], old=null RUNNING
  s1:  RUNNING CANDIDATE s1@group-3304ABEC3031:t8, leader=null, voted=s1, raftlog=s1@group-3304ABEC3031-SegmentedRaftLog:OPENED:c-1,f-1,i0, conf=-1: [s3:0.0.0.0:44480, s4:0.0.0.0:36765, s0:0.0.0.0:35450, s1:0.0.0.0:44404, s2:0.0.0.0:36922], old=null RUNNING
  s2:  RUNNING CANDIDATE s2@group-3304ABEC3031:t7, leader=null, voted=s2, raftlog=s2@group-3304ABEC3031-SegmentedRaftLog:OPENED:c-1,f-1,i0, conf=-1: [s3:0.0.0.0:44480, s4:0.0.0.0:36765, s0:0.0.0.0:35450, s1:0.0.0.0:44404, s2:0.0.0.0:36922], old=null RUNNING
	at org.apache.ratis.MiniRaftCluster.newIllegalStateExceptionForNoLeaders(MiniRaftCluster.java:506)
	at org.apache.ratis.RaftTestUtil.lambda$waitForLeader$1(RaftTestUtil.java:90)
	at org.apache.ratis.MiniRaftCluster.getLeader(MiniRaftCluster.java:539)
	at org.apache.ratis.MiniRaftCluster.getLeader(MiniRaftCluster.java:532)
	at org.apache.ratis.RaftTestUtil.lambda$waitForLeader$3(RaftTestUtil.java:98)
	at org.apache.ratis.util.JavaUtils.attempt(JavaUtils.java:152)
	at org.apache.ratis.RaftTestUtil.waitForLeader(RaftTestUtil.java:97)
	at org.apache.ratis.RaftTestUtil.waitForLeader(RaftTestUtil.java:77)
	at org.apache.ratis.RaftTestUtil.waitForLeader(RaftTestUtil.java:72)
	at org.apache.ratis.server.impl.LeaderElectionTests.testEnforceLeader(LeaderElectionTests.java:95)
	at sun.reflect.NativeMethodAccessorImpl.invoke0(Native Method)
	at sun.reflect.NativeMethodAccessorImpl.invoke(NativeMethodAccessorImpl.java:62)
	at sun.reflect.DelegatingMethodAccessorImpl.invoke(DelegatingMethodAccessorImpl.java:43)
	at java.lang.reflect.Method.invoke(Method.java:498)
	at org.junit.runners.model.FrameworkMethod$1.runReflectiveCall(FrameworkMethod.java:50)
	at org.junit.internal.runners.model.ReflectiveCallable.run(ReflectiveCallable.java:12)
	at org.junit.runners.model.FrameworkMethod.invokeExplosively(FrameworkMethod.java:47)
	at org.junit.internal.runners.statements.InvokeMethod.evaluate(InvokeMethod.java:17)
	at org.junit.internal.runners.statements.RunAfters.evaluate(RunAfters.java:27)
	at org.junit.internal.runners.statements.FailOnTimeout$CallableStatement.call(FailOnTimeout.java:298)
	at org.junit.internal.runners.statements.FailOnTimeout$CallableStatement.call(FailOnTimeout.java:292)
	at java.util.concurrent.FutureTask.run(FutureTask.java:266)
	at java.lang.Thread.run(Thread.java:748)
2019-09-24 17:09:52,079 INFO  impl.LeaderElection (LeaderElection.java:askForVotes(178)) - s4@group-3304ABEC3031-LeaderElection33: begin an election at term 7 for -1: [s3:0.0.0.0:44480, s4:0.0.0.0:36765, s0:0.0.0.0:35450, s1:0.0.0.0:44404, s2:0.0.0.0:36922], old=null
2019-09-24 17:09:52,079 INFO  impl.LeaderElection (LeaderElection.java:askForVotes(178)) - s2@group-3304ABEC3031-LeaderElection32: begin an election at term 7 for -1: [s3:0.0.0.0:44480, s4:0.0.0.0:36765, s0:0.0.0.0:35450, s1:0.0.0.0:44404, s2:0.0.0.0:36922], old=null
2019-09-24 17:09:52,079 INFO  impl.LeaderElection (LeaderElection.java:askForVotes(178)) - s3@group-3304ABEC3031-LeaderElection34: begin an election at term 7 for -1: [s3:0.0.0.0:44480, s4:0.0.0.0:36765, s0:0.0.0.0:35450, s1:0.0.0.0:44404, s2:0.0.0.0:36922], old=null
2019-09-24 17:09:52,080 DEBUG impl.RaftServerImpl (RaftServerImpl.java:requestVote(775)) - s2@group-3304ABEC3031 replies to vote request: s1<-s2#0:FAIL-t7. Peer's state: s2@group-3304ABEC3031:t7, leader=null, voted=s2, raftlog=s2@group-3304ABEC3031-SegmentedRaftLog:OPENED:c-1,f-1,i0, conf=-1: [s3:0.0.0.0:44480, s4:0.0.0.0:36765, s0:0.0.0.0:35450, s1:0.0.0.0:44404, s2:0.0.0.0:36922], old=null
2019-09-24 17:09:52,080 DEBUG impl.RaftServerImpl (RaftServerImpl.java:requestVote(775)) - s4@group-3304ABEC3031 replies to vote request: s1<-s4#0:FAIL-t7. Peer's state: s4@group-3304ABEC3031:t7, leader=null, voted=s4, raftlog=s4@group-3304ABEC3031-SegmentedRaftLog:OPENED:c-1,f-1,i0, conf=-1: [s3:0.0.0.0:44480, s4:0.0.0.0:36765, s0:0.0.0.0:35450, s1:0.0.0.0:44404, s2:0.0.0.0:36922], old=null
2019-09-24 17:09:52,081 DEBUG impl.RaftServerImpl (RaftServerImpl.java:requestVote(775)) - s2@group-3304ABEC3031 replies to vote request: s0<-s2#0:FAIL-t7. Peer's state: s2@group-3304ABEC3031:t7, leader=null, voted=s2, raftlog=s2@group-3304ABEC3031-SegmentedRaftLog:OPENED:c-1,f-1,i0, conf=-1: [s3:0.0.0.0:44480, s4:0.0.0.0:36765, s0:0.0.0.0:35450, s1:0.0.0.0:44404, s2:0.0.0.0:36922], old=null
2019-09-24 17:09:52,080 DEBUG impl.RaftServerImpl (RaftServerImpl.java:requestVote(775)) - s3@group-3304ABEC3031 replies to vote request: s1<-s3#0:FAIL-t7. Peer's state: s3@group-3304ABEC3031:t7, leader=null, voted=s3, raftlog=s3@group-3304ABEC3031-SegmentedRaftLog:OPENED:c-1,f-1,i0, conf=-1: [s3:0.0.0.0:44480, s4:0.0.0.0:36765, s0:0.0.0.0:35450, s1:0.0.0.0:44404, s2:0.0.0.0:36922], old=null
2019-09-24 17:09:52,081 DEBUG impl.RaftServerImpl (RaftServerImpl.java:requestVote(775)) - s4@group-3304ABEC3031 replies to vote request: s0<-s4#0:FAIL-t7. Peer's state: s4@group-3304ABEC3031:t7, leader=null, voted=s4, raftlog=s4@group-3304ABEC3031-SegmentedRaftLog:OPENED:c-1,f-1,i0, conf=-1: [s3:0.0.0.0:44480, s4:0.0.0.0:36765, s0:0.0.0.0:35450, s1:0.0.0.0:44404, s2:0.0.0.0:36922], old=null
2019-09-24 17:09:52,082 DEBUG impl.RaftServerImpl (RaftServerImpl.java:requestVote(775)) - s3@group-3304ABEC3031 replies to vote request: s0<-s3#0:FAIL-t7. Peer's state: s3@group-3304ABEC3031:t7, leader=null, voted=s3, raftlog=s3@group-3304ABEC3031-SegmentedRaftLog:OPENED:c-1,f-1,i0, conf=-1: [s3:0.0.0.0:44480, s4:0.0.0.0:36765, s0:0.0.0.0:35450, s1:0.0.0.0:44404, s2:0.0.0.0:36922], old=null
2019-09-24 17:09:52,082 DEBUG impl.RaftServerImpl (RaftServerImpl.java:requestVote(743)) - s3@group-3304ABEC3031: receive requestVote(s2, group-3304ABEC3031, 7, (t:0, i:0))
2019-09-24 17:09:52,083 DEBUG impl.RaftServerImpl (RaftServerImpl.java:requestVote(743)) - s4@group-3304ABEC3031: receive requestVote(s2, group-3304ABEC3031, 7, (t:0, i:0))
2019-09-24 17:09:52,083 DEBUG impl.RaftServerImpl (RaftServerImpl.java:requestVote(775)) - s3@group-3304ABEC3031 replies to vote request: s2<-s3#0:FAIL-t7. Peer's state: s3@group-3304ABEC3031:t7, leader=null, voted=s3, raftlog=s3@group-3304ABEC3031-SegmentedRaftLog:OPENED:c-1,f-1,i0, conf=-1: [s3:0.0.0.0:44480, s4:0.0.0.0:36765, s0:0.0.0.0:35450, s1:0.0.0.0:44404, s2:0.0.0.0:36922], old=null
2019-09-24 17:09:52,083 DEBUG impl.RaftServerImpl (RaftServerImpl.java:requestVote(775)) - s4@group-3304ABEC3031 replies to vote request: s2<-s4#0:FAIL-t7. Peer's state: s4@group-3304ABEC3031:t7, leader=null, voted=s4, raftlog=s4@group-3304ABEC3031-SegmentedRaftLog:OPENED:c-1,f-1,i0, conf=-1: [s3:0.0.0.0:44480, s4:0.0.0.0:36765, s0:0.0.0.0:35450, s1:0.0.0.0:44404, s2:0.0.0.0:36922], old=null
2019-09-24 17:09:52,083 DEBUG impl.RaftServerImpl (RaftServerImpl.java:requestVote(743)) - s0@group-3304ABEC3031: receive requestVote(s4, group-3304ABEC3031, 7, (t:0, i:0))
2019-09-24 17:09:52,083 DEBUG impl.RaftServerImpl (RaftServerImpl.java:requestVote(743)) - s0@group-3304ABEC3031: receive requestVote(s2, group-3304ABEC3031, 7, (t:0, i:0))
2019-09-24 17:09:52,084 DEBUG impl.RaftServerImpl (RaftServerImpl.java:requestVote(743)) - s1@group-3304ABEC3031: receive requestVote(s2, group-3304ABEC3031, 7, (t:0, i:0))
2019-09-24 17:09:52,084 DEBUG impl.RaftServerImpl (RaftServerImpl.java:requestVote(743)) - s1@group-3304ABEC3031: receive requestVote(s4, group-3304ABEC3031, 7, (t:0, i:0))
2019-09-24 17:09:52,084 DEBUG impl.RaftServerImpl (RaftServerImpl.java:requestVote(743)) - s0@group-3304ABEC3031: receive requestVote(s3, group-3304ABEC3031, 7, (t:0, i:0))
2019-09-24 17:09:52,084 DEBUG impl.RaftServerImpl (RaftServerImpl.java:requestVote(743)) - s1@group-3304ABEC3031: receive requestVote(s3, group-3304ABEC3031, 7, (t:0, i:0))
2019-09-24 17:09:52,085 DEBUG impl.RaftServerImpl (RaftServerImpl.java:requestVote(743)) - s2@group-3304ABEC3031: receive requestVote(s3, group-3304ABEC3031, 7, (t:0, i:0))
2019-09-24 17:09:52,085 DEBUG impl.RaftServerImpl (RaftServerImpl.java:requestVote(775)) - s2@group-3304ABEC3031 replies to vote request: s3<-s2#0:FAIL-t7. Peer's state: s2@group-3304ABEC3031:t7, leader=null, voted=s2, raftlog=s2@group-3304ABEC3031-SegmentedRaftLog:OPENED:c-1,f-1,i0, conf=-1: [s3:0.0.0.0:44480, s4:0.0.0.0:36765, s0:0.0.0.0:35450, s1:0.0.0.0:44404, s2:0.0.0.0:36922], old=null
2019-09-24 17:09:52,092 DEBUG impl.RaftServerImpl (RaftServerImpl.java:requestVote(743)) - s2@group-3304ABEC3031: receive requestVote(s4, group-3304ABEC3031, 7, (t:0, i:0))
2019-09-24 17:09:52,092 DEBUG impl.RaftServerImpl (RaftServerImpl.java:requestVote(775)) - s2@group-3304ABEC3031 replies to vote request: s4<-s2#0:FAIL-t7. Peer's state: s2@group-3304ABEC3031:t7, leader=null, voted=s2, raftlog=s2@group-3304ABEC3031-SegmentedRaftLog:OPENED:c-1,f-1,i0, conf=-1: [s3:0.0.0.0:44480, s4:0.0.0.0:36765, s0:0.0.0.0:35450, s1:0.0.0.0:44404, s2:0.0.0.0:36922], old=null
2019-09-24 17:09:52,094 DEBUG impl.RaftServerImpl (RaftServerImpl.java:requestVote(743)) - s3@group-3304ABEC3031: receive requestVote(s4, group-3304ABEC3031, 7, (t:0, i:0))
2019-09-24 17:09:52,095 DEBUG impl.RaftServerImpl (RaftServerImpl.java:requestVote(775)) - s3@group-3304ABEC3031 replies to vote request: s4<-s3#0:FAIL-t7. Peer's state: s3@group-3304ABEC3031:t7, leader=null, voted=s3, raftlog=s3@group-3304ABEC3031-SegmentedRaftLog:OPENED:c-1,f-1,i0, conf=-1: [s3:0.0.0.0:44480, s4:0.0.0.0:36765, s0:0.0.0.0:35450, s1:0.0.0.0:44404, s2:0.0.0.0:36922], old=null
2019-09-24 17:09:52,096 DEBUG impl.RaftServerImpl (RaftServerImpl.java:requestVote(743)) - s4@group-3304ABEC3031: receive requestVote(s3, group-3304ABEC3031, 7, (t:0, i:0))
2019-09-24 17:09:52,096 DEBUG impl.RaftServerImpl (RaftServerImpl.java:requestVote(775)) - s4@group-3304ABEC3031 replies to vote request: s3<-s4#0:FAIL-t7. Peer's state: s4@group-3304ABEC3031:t7, leader=null, voted=s4, raftlog=s4@group-3304ABEC3031-SegmentedRaftLog:OPENED:c-1,f-1,i0, conf=-1: [s3:0.0.0.0:44480, s4:0.0.0.0:36765, s0:0.0.0.0:35450, s1:0.0.0.0:44404, s2:0.0.0.0:36922], old=null
2019-09-24 17:09:52,111 INFO  impl.LeaderElection (LeaderElection.java:askForVotes(178)) - s1@group-3304ABEC3031-LeaderElection31: begin an election at term 8 for -1: [s3:0.0.0.0:44480, s4:0.0.0.0:36765, s0:0.0.0.0:35450, s1:0.0.0.0:44404, s2:0.0.0.0:36922], old=null
2019-09-24 17:09:52,111 INFO  impl.LeaderElection (LeaderElection.java:askForVotes(178)) - s0@group-3304ABEC3031-LeaderElection30: begin an election at term 8 for -1: [s3:0.0.0.0:44480, s4:0.0.0.0:36765, s0:0.0.0.0:35450, s1:0.0.0.0:44404, s2:0.0.0.0:36922], old=null
2019-09-24 17:09:52,111 DEBUG impl.RaftServerImpl (RaftServerImpl.java:requestVote(775)) - s0@group-3304ABEC3031 replies to vote request: s3<-s0#0:FAIL-t8. Peer's state: s0@group-3304ABEC3031:t8, leader=null, voted=s0, raftlog=s0@group-3304ABEC3031-SegmentedRaftLog:OPENED:c-1,f-1,i0, conf=-1: [s3:0.0.0.0:44480, s4:0.0.0.0:36765, s0:0.0.0.0:35450, s1:0.0.0.0:44404, s2:0.0.0.0:36922], old=null
2019-09-24 17:09:52,111 DEBUG impl.RaftServerImpl (RaftServerImpl.java:requestVote(775)) - s1@group-3304ABEC3031 replies to vote request: s3<-s1#0:FAIL-t8. Peer's state: s1@group-3304ABEC3031:t8, leader=null, voted=s1, raftlog=s1@group-3304ABEC3031-SegmentedRaftLog:OPENED:c-1,f-1,i0, conf=-1: [s3:0.0.0.0:44480, s4:0.0.0.0:36765, s0:0.0.0.0:35450, s1:0.0.0.0:44404, s2:0.0.0.0:36922], old=null
2019-09-24 17:09:52,112 DEBUG impl.RaftServerImpl (RaftServerImpl.java:requestVote(775)) - s0@group-3304ABEC3031 replies to vote request: s2<-s0#0:FAIL-t8. Peer's state: s0@group-3304ABEC3031:t8, leader=null, voted=s0, raftlog=s0@group-3304ABEC3031-SegmentedRaftLog:OPENED:c-1,f-1,i0, conf=-1: [s3:0.0.0.0:44480, s4:0.0.0.0:36765, s0:0.0.0.0:35450, s1:0.0.0.0:44404, s2:0.0.0.0:36922], old=null
2019-09-24 17:09:52,112 DEBUG impl.RaftServerImpl (RaftServerImpl.java:requestVote(775)) - s1@group-3304ABEC3031 replies to vote request: s4<-s1#0:FAIL-t8. Peer's state: s1@group-3304ABEC3031:t8, leader=null, voted=s1, raftlog=s1@group-3304ABEC3031-SegmentedRaftLog:OPENED:c-1,f-1,i0, conf=-1: [s3:0.0.0.0:44480, s4:0.0.0.0:36765, s0:0.0.0.0:35450, s1:0.0.0.0:44404, s2:0.0.0.0:36922], old=null
2019-09-24 17:09:52,112 DEBUG impl.RaftServerImpl (RaftServerImpl.java:requestVote(775)) - s0@group-3304ABEC3031 replies to vote request: s4<-s0#0:FAIL-t8. Peer's state: s0@group-3304ABEC3031:t8, leader=null, voted=s0, raftlog=s0@group-3304ABEC3031-SegmentedRaftLog:OPENED:c-1,f-1,i0, conf=-1: [s3:0.0.0.0:44480, s4:0.0.0.0:36765, s0:0.0.0.0:35450, s1:0.0.0.0:44404, s2:0.0.0.0:36922], old=null
2019-09-24 17:09:52,112 DEBUG impl.RaftServerImpl (RaftServerImpl.java:requestVote(775)) - s1@group-3304ABEC3031 replies to vote request: s2<-s1#0:FAIL-t8. Peer's state: s1@group-3304ABEC3031:t8, leader=null, voted=s1, raftlog=s1@group-3304ABEC3031-SegmentedRaftLog:OPENED:c-1,f-1,i0, conf=-1: [s3:0.0.0.0:44480, s4:0.0.0.0:36765, s0:0.0.0.0:35450, s1:0.0.0.0:44404, s2:0.0.0.0:36922], old=null
2019-09-24 17:09:52,113 DEBUG impl.RaftServerImpl (RaftServerImpl.java:requestVote(743)) - s3@group-3304ABEC3031: receive requestVote(s0, group-3304ABEC3031, 8, (t:0, i:0))
2019-09-24 17:09:52,113 INFO  impl.RaftServerImpl (RaftServerImpl.java:setRole(170)) - s3@group-3304ABEC3031: changes role from CANDIDATE to FOLLOWER at term 8 for recognizeCandidate:s0
2019-09-24 17:09:52,113 DEBUG impl.RaftServerImpl (RaftServerImpl.java:requestVote(743)) - s4@group-3304ABEC3031: receive requestVote(s0, group-3304ABEC3031, 8, (t:0, i:0))
2019-09-24 17:09:52,114 INFO  impl.RoleInfo (RoleInfo.java:shutdownLeaderElection(134)) - s3: shutdown LeaderElection
2019-09-24 17:09:52,114 DEBUG impl.RaftServerImpl (RaftServerImpl.java:requestVote(743)) - s3@group-3304ABEC3031: receive requestVote(s1, group-3304ABEC3031, 8, (t:0, i:0))
2019-09-24 17:09:52,114 INFO  impl.RoleInfo (RoleInfo.java:updateAndGet(143)) - s3: start FollowerState
2019-09-24 17:09:52,114 DEBUG impl.RaftServerImpl (RaftServerImpl.java:requestVote(743)) - s2@group-3304ABEC3031: receive requestVote(s0, group-3304ABEC3031, 8, (t:0, i:0))
2019-09-24 17:09:52,114 INFO  impl.RaftServerImpl (RaftServerImpl.java:setRole(170)) - s4@group-3304ABEC3031: changes role from CANDIDATE to FOLLOWER at term 8 for recognizeCandidate:s0
2019-09-24 17:09:52,114 DEBUG impl.RaftServerImpl (RaftServerImpl.java:requestVote(743)) - s4@group-3304ABEC3031: receive requestVote(s1, group-3304ABEC3031, 8, (t:0, i:0))
2019-09-24 17:09:52,115 INFO  impl.RoleInfo (RoleInfo.java:shutdownLeaderElection(134)) - s4: shutdown LeaderElection
2019-09-24 17:09:52,115 INFO  impl.RaftServerImpl (RaftServerImpl.java:setRole(170)) - s2@group-3304ABEC3031: changes role from CANDIDATE to FOLLOWER at term 8 for recognizeCandidate:s0
2019-09-24 17:09:52,115 INFO  impl.RoleInfo (RoleInfo.java:shutdownLeaderElection(134)) - s2: shutdown LeaderElection
2019-09-24 17:09:52,114 DEBUG impl.RaftServerImpl (RaftServerImpl.java:requestVote(743)) - s2@group-3304ABEC3031: receive requestVote(s1, group-3304ABEC3031, 8, (t:0, i:0))
2019-09-24 17:09:52,116 INFO  impl.RoleInfo (RoleInfo.java:updateAndGet(143)) - s2: start FollowerState
2019-09-24 17:09:52,116 INFO  impl.LeaderElection (LeaderElection.java:logAndReturn(56)) - s3@group-3304ABEC3031-LeaderElection34: Election REJECTED; received 2 response(s) [s3<-s4#0:FAIL-t7, s3<-s2#0:FAIL-t7] and 0 exception(s); s3@group-3304ABEC3031:t8, leader=null, voted=null, raftlog=s3@group-3304ABEC3031-SegmentedRaftLog:OPENED:c-1,f-1,i0, conf=-1: [s3:0.0.0.0:44480, s4:0.0.0.0:36765, s0:0.0.0.0:35450, s1:0.0.0.0:44404, s2:0.0.0.0:36922], old=null
2019-09-24 17:09:52,115 INFO  impl.RoleInfo (RoleInfo.java:updateAndGet(143)) - s4: start FollowerState
2019-09-24 17:09:52,122 DEBUG impl.RaftServerImpl (RaftServerImpl.java:requestVote(743)) - s0@group-3304ABEC3031: receive requestVote(s1, group-3304ABEC3031, 8, (t:0, i:0))
2019-09-24 17:09:52,122 DEBUG impl.RaftServerImpl (RaftServerImpl.java:requestVote(775)) - s0@group-3304ABEC3031 replies to vote request: s1<-s0#0:FAIL-t8. Peer's state: s0@group-3304ABEC3031:t8, leader=null, voted=s0, raftlog=s0@group-3304ABEC3031-SegmentedRaftLog:OPENED:c-1,f-1,i0, conf=-1: [s3:0.0.0.0:44480, s4:0.0.0.0:36765, s0:0.0.0.0:35450, s1:0.0.0.0:44404, s2:0.0.0.0:36922], old=null
2019-09-24 17:09:52,124 INFO  impl.LeaderElection (LeaderElection.java:logAndReturn(56)) - s2@group-3304ABEC3031-LeaderElection32: Election DISCOVERED_A_NEW_TERM; received 3 response(s) [s2<-s3#0:FAIL-t7, s2<-s4#0:FAIL-t7, s2<-s0#0:FAIL-t8] and 0 exception(s); s2@group-3304ABEC3031:t8, leader=null, voted=null, raftlog=s2@group-3304ABEC3031-SegmentedRaftLog:OPENED:c-1,f-1,i0, conf=-1: [s3:0.0.0.0:44480, s4:0.0.0.0:36765, s0:0.0.0.0:35450, s1:0.0.0.0:44404, s2:0.0.0.0:36922], old=null
2019-09-24 17:09:52,124 DEBUG impl.RaftServerImpl (RaftServerImpl.java:requestVote(743)) - s1@group-3304ABEC3031: receive requestVote(s0, group-3304ABEC3031, 8, (t:0, i:0))
2019-09-24 17:09:52,125 INFO  impl.LeaderElection (LeaderElection.java:logAndReturn(56)) - s4@group-3304ABEC3031-LeaderElection33: Election DISCOVERED_A_NEW_TERM; received 3 response(s) [s4<-s3#0:FAIL-t7, s4<-s1#0:FAIL-t8, s4<-s2#0:FAIL-t7] and 0 exception(s); s4@group-3304ABEC3031:t8, leader=null, voted=null, raftlog=s4@group-3304ABEC3031-SegmentedRaftLog:OPENED:c-1,f-1,i0, conf=-1: [s3:0.0.0.0:44480, s4:0.0.0.0:36765, s0:0.0.0.0:35450, s1:0.0.0.0:44404, s2:0.0.0.0:36922], old=null
2019-09-24 17:09:52,125 DEBUG impl.RaftServerImpl (RaftServerImpl.java:requestVote(775)) - s1@group-3304ABEC3031 replies to vote request: s0<-s1#0:FAIL-t8. Peer's state: s1@group-3304ABEC3031:t8, leader=null, voted=s1, raftlog=s1@group-3304ABEC3031-SegmentedRaftLog:OPENED:c-1,f-1,i0, conf=-1: [s3:0.0.0.0:44480, s4:0.0.0.0:36765, s0:0.0.0.0:35450, s1:0.0.0.0:44404, s2:0.0.0.0:36922], old=null
2019-09-24 17:09:52,129 DEBUG impl.RaftServerImpl (RaftServerImpl.java:requestVote(775)) - s2@group-3304ABEC3031 replies to vote request: s0<-s2#0:FAIL-t8. Peer's state: s2@group-3304ABEC3031:t8, leader=null, voted=null, raftlog=s2@group-3304ABEC3031-SegmentedRaftLog:OPENED:c-1,f-1,i0, conf=-1: [s3:0.0.0.0:44480, s4:0.0.0.0:36765, s0:0.0.0.0:35450, s1:0.0.0.0:44404, s2:0.0.0.0:36922], old=null
2019-09-24 17:09:52,129 DEBUG impl.RaftServerImpl (RaftServerImpl.java:requestVote(775)) - s3@group-3304ABEC3031 replies to vote request: s0<-s3#0:FAIL-t8. Peer's state: s3@group-3304ABEC3031:t8, leader=null, voted=null, raftlog=s3@group-3304ABEC3031-SegmentedRaftLog:OPENED:c-1,f-1,i0, conf=-1: [s3:0.0.0.0:44480, s4:0.0.0.0:36765, s0:0.0.0.0:35450, s1:0.0.0.0:44404, s2:0.0.0.0:36922], old=null
2019-09-24 17:09:52,129 DEBUG impl.RaftServerImpl (RaftServerImpl.java:requestVote(775)) - s4@group-3304ABEC3031 replies to vote request: s0<-s4#0:FAIL-t8. Peer's state: s4@group-3304ABEC3031:t8, leader=null, voted=null, raftlog=s4@group-3304ABEC3031-SegmentedRaftLog:OPENED:c-1,f-1,i0, conf=-1: [s3:0.0.0.0:44480, s4:0.0.0.0:36765, s0:0.0.0.0:35450, s1:0.0.0.0:44404, s2:0.0.0.0:36922], old=null
2019-09-24 17:09:52,130 INFO  impl.RaftServerImpl (RaftServerImpl.java:setRole(170)) - s3@group-3304ABEC3031: changes role from  FOLLOWER to FOLLOWER at term 8 for recognizeCandidate:s1
2019-09-24 17:09:52,130 INFO  impl.RoleInfo (RoleInfo.java:shutdownFollowerState(121)) - s3: shutdown FollowerState
2019-09-24 17:09:52,130 INFO  impl.RaftServerImpl (RaftServerImpl.java:setRole(170)) - s2@group-3304ABEC3031: changes role from  FOLLOWER to FOLLOWER at term 8 for recognizeCandidate:s1
2019-09-24 17:09:52,130 INFO  impl.FollowerState (FollowerState.java:run(117)) - s3@group-3304ABEC3031-FollowerState was interrupted: java.lang.InterruptedException: sleep interrupted
2019-09-24 17:09:52,130 INFO  impl.RoleInfo (RoleInfo.java:updateAndGet(143)) - s3: start FollowerState
2019-09-24 17:09:52,130 INFO  impl.RaftServerImpl (RaftServerImpl.java:setRole(170)) - s4@group-3304ABEC3031: changes role from  FOLLOWER to FOLLOWER at term 8 for recognizeCandidate:s1
2019-09-24 17:09:52,130 INFO  impl.RoleInfo (RoleInfo.java:shutdownFollowerState(121)) - s2: shutdown FollowerState
2019-09-24 17:09:52,131 INFO  impl.RoleInfo (RoleInfo.java:shutdownFollowerState(121)) - s4: shutdown FollowerState
2019-09-24 17:09:52,132 INFO  impl.FollowerState (FollowerState.java:run(117)) - s2@group-3304ABEC3031-FollowerState was interrupted: java.lang.InterruptedException: sleep interrupted
2019-09-24 17:09:52,132 INFO  impl.FollowerState (FollowerState.java:run(117)) - s4@group-3304ABEC3031-FollowerState was interrupted: java.lang.InterruptedException: sleep interrupted
2019-09-24 17:09:52,132 INFO  impl.RoleInfo (RoleInfo.java:updateAndGet(143)) - s2: start FollowerState
2019-09-24 17:09:52,132 INFO  impl.RoleInfo (RoleInfo.java:updateAndGet(143)) - s4: start FollowerState
2019-09-24 17:09:52,141 INFO  impl.LeaderElection (LeaderElection.java:logAndReturn(56)) - s0@group-3304ABEC3031-LeaderElection30: Election REJECTED; received 4 response(s) [s0<-s3#0:FAIL-t8, s0<-s4#0:FAIL-t8, s0<-s1#0:FAIL-t8, s0<-s2#0:FAIL-t8] and 0 exception(s); s0@group-3304ABEC3031:t8, leader=null, voted=s0, raftlog=s0@group-3304ABEC3031-SegmentedRaftLog:OPENED:c-1,f-1,i0, conf=-1: [s3:0.0.0.0:44480, s4:0.0.0.0:36765, s0:0.0.0.0:35450, s1:0.0.0.0:44404, s2:0.0.0.0:36922], old=null
2019-09-24 17:09:52,141 INFO  impl.RaftServerImpl (RaftServerImpl.java:setRole(170)) - s0@group-3304ABEC3031: changes role from CANDIDATE to FOLLOWER at term 8 for DISCOVERED_A_NEW_TERM
2019-09-24 17:09:52,141 INFO  impl.RoleInfo (RoleInfo.java:shutdownLeaderElection(134)) - s0: shutdown LeaderElection
2019-09-24 17:09:52,141 INFO  impl.RoleInfo (RoleInfo.java:updateAndGet(143)) - s0: start FollowerState
2019-09-24 17:09:52,157 DEBUG impl.RaftServerImpl (RaftServerImpl.java:requestVote(775)) - s2@group-3304ABEC3031 replies to vote request: s1<-s2#0:OK-t8. Peer's state: s2@group-3304ABEC3031:t8, leader=null, voted=s1, raftlog=s2@group-3304ABEC3031-SegmentedRaftLog:OPENED:c-1,f-1,i0, conf=-1: [s3:0.0.0.0:44480, s4:0.0.0.0:36765, s0:0.0.0.0:35450, s1:0.0.0.0:44404, s2:0.0.0.0:36922], old=null
2019-09-24 17:09:52,157 DEBUG impl.RaftServerImpl (RaftServerImpl.java:requestVote(775)) - s3@group-3304ABEC3031 replies to vote request: s1<-s3#0:OK-t8. Peer's state: s3@group-3304ABEC3031:t8, leader=null, voted=s1, raftlog=s3@group-3304ABEC3031-SegmentedRaftLog:OPENED:c-1,f-1,i0, conf=-1: [s3:0.0.0.0:44480, s4:0.0.0.0:36765, s0:0.0.0.0:35450, s1:0.0.0.0:44404, s2:0.0.0.0:36922], old=null
2019-09-24 17:09:52,157 DEBUG impl.RaftServerImpl (RaftServerImpl.java:requestVote(775)) - s4@group-3304ABEC3031 replies to vote request: s1<-s4#0:OK-t8. Peer's state: s4@group-3304ABEC3031:t8, leader=null, voted=s1, raftlog=s4@group-3304ABEC3031-SegmentedRaftLog:OPENED:c-1,f-1,i0, conf=-1: [s3:0.0.0.0:44480, s4:0.0.0.0:36765, s0:0.0.0.0:35450, s1:0.0.0.0:44404, s2:0.0.0.0:36922], old=null
2019-09-24 17:09:52,170 INFO  impl.LeaderElection (LeaderElection.java:logAndReturn(56)) - s1@group-3304ABEC3031-LeaderElection31: Election PASSED; received 3 response(s) [s1<-s4#0:OK-t8, s1<-s0#0:FAIL-t8, s1<-s2#0:OK-t8] and 0 exception(s); s1@group-3304ABEC3031:t8, leader=null, voted=s1, raftlog=s1@group-3304ABEC3031-SegmentedRaftLog:OPENED:c-1,f-1,i0, conf=-1: [s3:0.0.0.0:44480, s4:0.0.0.0:36765, s0:0.0.0.0:35450, s1:0.0.0.0:44404, s2:0.0.0.0:36922], old=null
2019-09-24 17:09:52,170 INFO  impl.RoleInfo (RoleInfo.java:shutdownLeaderElection(134)) - s1: shutdown LeaderElection
2019-09-24 17:09:52,170 INFO  impl.RaftServerImpl (RaftServerImpl.java:setRole(170)) - s1@group-3304ABEC3031: changes role from CANDIDATE to LEADER at term 8 for changeToLeader
2019-09-24 17:09:52,170 INFO  impl.RaftServerImpl (ServerState.java:setLeader(254)) - s1@group-3304ABEC3031: change Leader from null to s1 at term 8 for becomeLeader, leader elected after 19798ms
2019-09-24 17:09:52,177 INFO  server.RaftServerConfigKeys (ConfUtils.java:logGet(43)) - raft.server.staging.catchup.gap = 1000 (default)
2019-09-24 17:09:52,178 INFO  server.RaftServerConfigKeys (ConfUtils.java:logGet(43)) - raft.server.rpc.sleep.time = 25ms (default)
2019-09-24 17:09:52,184 INFO  server.RaftServerConfigKeys (ConfUtils.java:logGet(43)) - raft.server.write.element-limit = 4096 (default)
2019-09-24 17:09:52,190 INFO  server.RaftServerConfigKeys (ConfUtils.java:logGet(43)) - raft.server.watch.timeout = 10s (default)
2019-09-24 17:09:52,191 INFO  server.RaftServerConfigKeys (ConfUtils.java:logGet(43)) - raft.server.watch.timeout.denomination = 1s (default)
2019-09-24 17:09:52,192 INFO  server.RaftServerConfigKeys (ConfUtils.java:logGet(43)) - raft.server.watch.element-limit = 65536 (default)
2019-09-24 17:09:52,208 INFO  server.RaftServerConfigKeys (ConfUtils.java:logGet(43)) - raft.server.log.appender.snapshot.chunk.size.max = 16MB (=16777216) (default)
2019-09-24 17:09:52,208 INFO  server.RaftServerConfigKeys (ConfUtils.java:logGet(43)) - raft.server.log.appender.buffer.byte-limit = 4MB (=4194304) (default)
2019-09-24 17:09:52,209 INFO  server.RaftServerConfigKeys (ConfUtils.java:logGet(43)) - raft.server.log.appender.buffer.element-limit = 0 (default)
2019-09-24 17:09:52,213 INFO  server.RaftServerConfigKeys (ConfUtils.java:logGet(43)) - raft.server.log.appender.snapshot.chunk.size.max = 16MB (=16777216) (default)
2019-09-24 17:09:52,213 INFO  server.RaftServerConfigKeys (ConfUtils.java:logGet(43)) - raft.server.log.appender.buffer.byte-limit = 4MB (=4194304) (default)
2019-09-24 17:09:52,214 INFO  server.RaftServerConfigKeys (ConfUtils.java:logGet(43)) - raft.server.log.appender.buffer.element-limit = 0 (default)
2019-09-24 17:09:52,214 INFO  server.RaftServerConfigKeys (ConfUtils.java:logGet(43)) - raft.server.log.appender.snapshot.chunk.size.max = 16MB (=16777216) (default)
2019-09-24 17:09:52,214 INFO  server.RaftServerConfigKeys (ConfUtils.java:logGet(43)) - raft.server.log.appender.buffer.byte-limit = 4MB (=4194304) (default)
2019-09-24 17:09:52,214 INFO  server.RaftServerConfigKeys (ConfUtils.java:logGet(43)) - raft.server.log.appender.buffer.element-limit = 0 (default)
2019-09-24 17:09:52,215 INFO  server.RaftServerConfigKeys (ConfUtils.java:logGet(43)) - raft.server.log.appender.snapshot.chunk.size.max = 16MB (=16777216) (default)
2019-09-24 17:09:52,215 INFO  server.RaftServerConfigKeys (ConfUtils.java:logGet(43)) - raft.server.log.appender.buffer.byte-limit = 4MB (=4194304) (default)
2019-09-24 17:09:52,215 INFO  server.RaftServerConfigKeys (ConfUtils.java:logGet(43)) - raft.server.log.appender.buffer.element-limit = 0 (default)
2019-09-24 17:09:52,217 INFO  impl.RoleInfo (RoleInfo.java:updateAndGet(143)) - s1: start LeaderState
2019-09-24 17:09:52,239 INFO  segmented.SegmentedRaftLogWorker (SegmentedRaftLogWorker.java:startLogSegment(380)) - s1@group-3304ABEC3031-SegmentedRaftLogWorker: Starting segment from index:0
2019-09-24 17:09:52,256 INFO  ratis.RaftTestUtil (RaftTestUtil.java:waitForLeader(101)) - printing ALL groups
  s3:  RUNNING  FOLLOWER s3@group-3304ABEC3031:t8, leader=null, voted=s1, raftlog=s3@group-3304ABEC3031-SegmentedRaftLog:OPENED:c-1,f-1,i0, conf=-1: [s3:0.0.0.0:44480, s4:0.0.0.0:36765, s0:0.0.0.0:35450, s1:0.0.0.0:44404, s2:0.0.0.0:36922], old=null RUNNING
  s4:  RUNNING  FOLLOWER s4@group-3304ABEC3031:t8, leader=null, voted=s1, raftlog=s4@group-3304ABEC3031-SegmentedRaftLog:OPENED:c-1,f-1,i0, conf=-1: [s3:0.0.0.0:44480, s4:0.0.0.0:36765, s0:0.0.0.0:35450, s1:0.0.0.0:44404, s2:0.0.0.0:36922], old=null RUNNING
  s0:  RUNNING  FOLLOWER s0@group-3304ABEC3031:t8, leader=null, voted=s0, raftlog=s0@group-3304ABEC3031-SegmentedRaftLog:OPENED:c-1,f-1,i0, conf=-1: [s3:0.0.0.0:44480, s4:0.0.0.0:36765, s0:0.0.0.0:35450, s1:0.0.0.0:44404, s2:0.0.0.0:36922], old=null RUNNING
  s1:  RUNNING    LEADER s1@group-3304ABEC3031:t8, leader=s1, voted=s1, raftlog=s1@group-3304ABEC3031-SegmentedRaftLog:OPENED:c-1,f-1,i0, conf=-1: [s3:0.0.0.0:44480, s4:0.0.0.0:36765, s0:0.0.0.0:35450, s1:0.0.0.0:44404, s2:0.0.0.0:36922], old=null RUNNING
  s2:  RUNNING  FOLLOWER s2@group-3304ABEC3031:t8, leader=null, voted=s1, raftlog=s2@group-3304ABEC3031-SegmentedRaftLog:OPENED:c-1,f-1,i0, conf=-1: [s3:0.0.0.0:44480, s4:0.0.0.0:36765, s0:0.0.0.0:35450, s1:0.0.0.0:44404, s2:0.0.0.0:36922], old=null RUNNING
2019-09-24 17:09:52,257 INFO  simulation.TestLeaderElectionWithSimulatedRpc (LeaderElectionTests.java:testEnforceLeader(96)) - firstLeader = s1
2019-09-24 17:09:52,257 INFO  simulation.TestLeaderElectionWithSimulatedRpc (LeaderElectionTests.java:testEnforceLeader(101)) - enforce leader to s0
2019-09-24 17:09:52,258 INFO  simulation.TestLeaderElectionWithSimulatedRpc (LeaderElectionTests.java:enforceLeader(107)) - printing ALL groups
  s3:  RUNNING  FOLLOWER s3@group-3304ABEC3031:t8, leader=null, voted=s1, raftlog=s3@group-3304ABEC3031-SegmentedRaftLog:OPENED:c-1,f-1,i0, conf=-1: [s3:0.0.0.0:44480, s4:0.0.0.0:36765, s0:0.0.0.0:35450, s1:0.0.0.0:44404, s2:0.0.0.0:36922], old=null RUNNING
  s4:  RUNNING  FOLLOWER s4@group-3304ABEC3031:t8, leader=null, voted=s1, raftlog=s4@group-3304ABEC3031-SegmentedRaftLog:OPENED:c-1,f-1,i0, conf=-1: [s3:0.0.0.0:44480, s4:0.0.0.0:36765, s0:0.0.0.0:35450, s1:0.0.0.0:44404, s2:0.0.0.0:36922], old=null RUNNING
  s0:  RUNNING  FOLLOWER s0@group-3304ABEC3031:t8, leader=null, voted=s0, raftlog=s0@group-3304ABEC3031-SegmentedRaftLog:OPENED:c-1,f-1,i0, conf=-1: [s3:0.0.0.0:44480, s4:0.0.0.0:36765, s0:0.0.0.0:35450, s1:0.0.0.0:44404, s2:0.0.0.0:36922], old=null RUNNING
  s1:  RUNNING    LEADER s1@group-3304ABEC3031:t8, leader=s1, voted=s1, raftlog=s1@group-3304ABEC3031-SegmentedRaftLog:OPENED:c-1,f-1,i0, conf=-1: [s3:0.0.0.0:44480, s4:0.0.0.0:36765, s0:0.0.0.0:35450, s1:0.0.0.0:44404, s2:0.0.0.0:36922], old=null RUNNING
  s2:  RUNNING  FOLLOWER s2@group-3304ABEC3031:t8, leader=null, voted=s1, raftlog=s2@group-3304ABEC3031-SegmentedRaftLog:OPENED:c-1,f-1,i0, conf=-1: [s3:0.0.0.0:44480, s4:0.0.0.0:36765, s0:0.0.0.0:35450, s1:0.0.0.0:44404, s2:0.0.0.0:36922], old=null RUNNING
2019-09-24 17:09:52,258 INFO  impl.RaftServerImpl (ServerState.java:setRaftConf(355)) - s1@group-3304ABEC3031: set configuration 0: [s3:0.0.0.0:44480, s4:0.0.0.0:36765, s0:0.0.0.0:35450, s1:0.0.0.0:44404, s2:0.0.0.0:36922], old=null at 0
2019-09-24 17:09:52,262 INFO  server.RaftServerConfigKeys (ConfUtils.java:logGet(43)) - raft.server.rpc.timeout.max = 300ms (default)
2019-09-24 17:09:52,287 INFO  impl.RaftServerImpl (ServerState.java:setLeader(254)) - s2@group-3304ABEC3031: change Leader from null to s1 at term 8 for appendEntries, leader elected after 19915ms
2019-09-24 17:09:52,287 INFO  impl.RaftServerImpl (ServerState.java:setLeader(254)) - s3@group-3304ABEC3031: change Leader from null to s1 at term 8 for appendEntries, leader elected after 19915ms
2019-09-24 17:09:52,287 INFO  impl.RaftServerImpl (ServerState.java:setLeader(254)) - s4@group-3304ABEC3031: change Leader from null to s1 at term 8 for appendEntries, leader elected after 19915ms
2019-09-24 17:09:52,328 DEBUG impl.RaftServerImpl (RaftServerImpl.java:logAppendEntries(850)) - s2@group-3304ABEC3031: receive appendEntries(s1, 8, null, -1, false, commits[s1:c-1, s3:c-1, s4:c-1, s0:c-1, s2:c-1], entries: (t:8, i:0), CONFIGURATIONENTRY
2019-09-24 17:09:52,328 DEBUG impl.RaftServerImpl (RaftServerImpl.java:logAppendEntries(850)) - s3@group-3304ABEC3031: receive appendEntries(s1, 8, null, -1, false, commits[s1:c-1, s3:c-1, s4:c-1, s0:c-1, s2:c-1], entries: (t:8, i:0), CONFIGURATIONENTRY
2019-09-24 17:09:52,328 DEBUG impl.RaftServerImpl (RaftServerImpl.java:logAppendEntries(850)) - s4@group-3304ABEC3031: receive appendEntries(s1, 8, null, -1, false, commits[s1:c-1, s3:c-1, s4:c-1, s0:c-1, s2:c-1], entries: (t:8, i:0), CONFIGURATIONENTRY
2019-09-24 17:09:52,331 INFO  impl.RaftServerImpl (ServerState.java:setRaftConf(355)) - s2@group-3304ABEC3031: set configuration 0: [s3:0.0.0.0:44480, s4:0.0.0.0:36765, s0:0.0.0.0:35450, s1:0.0.0.0:44404, s2:0.0.0.0:36922], old=null at 0
2019-09-24 17:09:52,331 INFO  impl.RaftServerImpl (ServerState.java:setRaftConf(355)) - s4@group-3304ABEC3031: set configuration 0: [s3:0.0.0.0:44480, s4:0.0.0.0:36765, s0:0.0.0.0:35450, s1:0.0.0.0:44404, s2:0.0.0.0:36922], old=null at 0
2019-09-24 17:09:52,331 INFO  segmented.SegmentedRaftLogWorker (SegmentedRaftLogWorker.java:startLogSegment(380)) - s2@group-3304ABEC3031-SegmentedRaftLogWorker: Starting segment from index:0
2019-09-24 17:09:52,331 INFO  impl.RaftServerImpl (ServerState.java:setRaftConf(355)) - s3@group-3304ABEC3031: set configuration 0: [s3:0.0.0.0:44480, s4:0.0.0.0:36765, s0:0.0.0.0:35450, s1:0.0.0.0:44404, s2:0.0.0.0:36922], old=null at 0
2019-09-24 17:09:52,331 INFO  segmented.SegmentedRaftLogWorker (SegmentedRaftLogWorker.java:startLogSegment(380)) - s4@group-3304ABEC3031-SegmentedRaftLogWorker: Starting segment from index:0
2019-09-24 17:09:52,332 INFO  segmented.SegmentedRaftLogWorker (SegmentedRaftLogWorker.java:startLogSegment(380)) - s3@group-3304ABEC3031-SegmentedRaftLogWorker: Starting segment from index:0
2019-09-24 17:09:52,374 INFO  impl.FollowerState (FollowerState.java:run(108)) - s0@group-3304ABEC3031-FollowerState: change to CANDIDATE, lastRpcTime:232ms, electionTimeout:232ms
2019-09-24 17:09:52,374 INFO  impl.RoleInfo (RoleInfo.java:shutdownFollowerState(121)) - s0: shutdown FollowerState
2019-09-24 17:09:52,374 INFO  impl.RaftServerImpl (RaftServerImpl.java:setRole(170)) - s0@group-3304ABEC3031: changes role from  FOLLOWER to CANDIDATE at term 8 for changeToCandidate
2019-09-24 17:09:52,374 INFO  impl.RoleInfo (RoleInfo.java:updateAndGet(143)) - s0: start LeaderElection
2019-09-24 17:09:52,402 INFO  impl.LeaderElection (LeaderElection.java:askForVotes(178)) - s0@group-3304ABEC3031-LeaderElection35: begin an election at term 9 for -1: [s3:0.0.0.0:44480, s4:0.0.0.0:36765, s0:0.0.0.0:35450, s1:0.0.0.0:44404, s2:0.0.0.0:36922], old=null
2019-09-24 17:09:52,403 DEBUG impl.RaftServerImpl (RaftServerImpl.java:requestVote(743)) - s3@group-3304ABEC3031: receive requestVote(s0, group-3304ABEC3031, 9, (t:0, i:0))
2019-09-24 17:09:52,403 DEBUG impl.RaftServerImpl (RaftServerImpl.java:requestVote(743)) - s4@group-3304ABEC3031: receive requestVote(s0, group-3304ABEC3031, 9, (t:0, i:0))
2019-09-24 17:09:52,403 INFO  impl.RaftServerImpl (ServerState.java:setLeader(254)) - s3@group-3304ABEC3031: change Leader from s1 to null at term 9 for updateCurrentTerm
2019-09-24 17:09:52,404 INFO  impl.RaftServerImpl (RaftServerImpl.java:setRole(170)) - s3@group-3304ABEC3031: changes role from  FOLLOWER to FOLLOWER at term 9 for recognizeCandidate:s0
2019-09-24 17:09:52,403 DEBUG impl.RaftServerImpl (RaftServerImpl.java:requestVote(743)) - s1@group-3304ABEC3031: receive requestVote(s0, group-3304ABEC3031, 9, (t:0, i:0))
2019-09-24 17:09:52,404 INFO  impl.RoleInfo (RoleInfo.java:shutdownFollowerState(121)) - s3: shutdown FollowerState
2019-09-24 17:09:52,404 DEBUG impl.RaftServerImpl (RaftServerImpl.java:requestVote(743)) - s2@group-3304ABEC3031: receive requestVote(s0, group-3304ABEC3031, 9, (t:0, i:0))
2019-09-24 17:09:52,404 INFO  impl.RaftServerImpl (ServerState.java:setLeader(254)) - s4@group-3304ABEC3031: change Leader from s1 to null at term 9 for updateCurrentTerm
2019-09-24 17:09:52,404 INFO  impl.RaftServerImpl (ServerState.java:setLeader(254)) - s2@group-3304ABEC3031: change Leader from s1 to null at term 9 for updateCurrentTerm
2019-09-24 17:09:52,405 INFO  impl.RaftServerImpl (RaftServerImpl.java:setRole(170)) - s2@group-3304ABEC3031: changes role from  FOLLOWER to FOLLOWER at term 9 for recognizeCandidate:s0
2019-09-24 17:09:52,404 INFO  impl.FollowerState (FollowerState.java:run(117)) - s3@group-3304ABEC3031-FollowerState was interrupted: java.lang.InterruptedException: sleep interrupted
2019-09-24 17:09:52,404 INFO  impl.RoleInfo (RoleInfo.java:updateAndGet(143)) - s3: start FollowerState
2019-09-24 17:09:52,404 INFO  impl.RaftServerImpl (ServerState.java:setLeader(254)) - s1@group-3304ABEC3031: change Leader from s1 to null at term 9 for updateCurrentTerm
2019-09-24 17:09:52,405 INFO  impl.RoleInfo (RoleInfo.java:shutdownFollowerState(121)) - s2: shutdown FollowerState
2019-09-24 17:09:52,405 INFO  impl.RaftServerImpl (RaftServerImpl.java:setRole(170)) - s4@group-3304ABEC3031: changes role from  FOLLOWER to FOLLOWER at term 9 for recognizeCandidate:s0
2019-09-24 17:09:52,407 INFO  impl.FollowerState (FollowerState.java:run(117)) - s2@group-3304ABEC3031-FollowerState was interrupted: java.lang.InterruptedException: sleep interrupted
2019-09-24 17:09:52,407 INFO  impl.RoleInfo (RoleInfo.java:updateAndGet(143)) - s2: start FollowerState
2019-09-24 17:09:52,407 INFO  impl.RaftServerImpl (RaftServerImpl.java:setRole(170)) - s1@group-3304ABEC3031: changes role from    LEADER to FOLLOWER at term 9 for recognizeCandidate:s0
2019-09-24 17:09:52,407 INFO  impl.RoleInfo (RoleInfo.java:shutdownFollowerState(121)) - s4: shutdown FollowerState
2019-09-24 17:09:52,407 INFO  impl.RoleInfo (RoleInfo.java:shutdownLeaderState(104)) - s1: shutdown LeaderState
2019-09-24 17:09:52,408 INFO  impl.FollowerState (FollowerState.java:run(117)) - s4@group-3304ABEC3031-FollowerState was interrupted: java.lang.InterruptedException: sleep interrupted
2019-09-24 17:09:52,408 INFO  impl.RoleInfo (RoleInfo.java:updateAndGet(143)) - s4: start FollowerState
2019-09-24 17:09:52,410 INFO  impl.LogAppender (LogAppender.java:run(78)) - s1@group-3304ABEC3031->s3-LogAppender-AppenderDaemon was interrupted: java.io.InterruptedIOException: 
2019-09-24 17:09:52,412 INFO  impl.LogAppender (LogAppender.java:run(78)) - s1@group-3304ABEC3031->s0-LogAppender-AppenderDaemon was interrupted: java.io.InterruptedIOException: 
2019-09-24 17:09:52,412 INFO  impl.LogAppender (LogAppender.java:run(78)) - s1@group-3304ABEC3031->s2-LogAppender-AppenderDaemon was interrupted: java.io.InterruptedIOException: 
2019-09-24 17:09:52,411 INFO  impl.LogAppender (LogAppender.java:run(78)) - s1@group-3304ABEC3031->s4-LogAppender-AppenderDaemon was interrupted: java.io.InterruptedIOException: 
2019-09-24 17:09:52,415 INFO  impl.PendingRequests (PendingRequests.java:sendNotLeaderResponses(202)) - s1@group-3304ABEC3031-PendingRequests: sendNotLeaderResponses
2019-09-24 17:09:52,417 INFO  impl.RoleInfo (RoleInfo.java:updateAndGet(143)) - s1: start FollowerState
2019-09-24 17:09:52,660 INFO  impl.LeaderElection (LeaderElection.java:logAndReturn(56)) - s0@group-3304ABEC3031-LeaderElection35: Election TIMEOUT; received 0 response(s) [] and 0 exception(s); s0@group-3304ABEC3031:t9, leader=null, voted=s0, raftlog=s0@group-3304ABEC3031-SegmentedRaftLog:OPENED:c-1,f-1,i0, conf=-1: [s3:0.0.0.0:44480, s4:0.0.0.0:36765, s0:0.0.0.0:35450, s1:0.0.0.0:44404, s2:0.0.0.0:36922], old=null
2019-09-24 17:09:52,714 INFO  server.RaftServerConfigKeys (ConfUtils.java:logGet(43)) - raft.server.rpc.timeout.max = 300ms (default)
2019-09-24 17:09:52,800 INFO  ratis.MiniRaftCluster (MiniRaftCluster.java:lambda$null$5(297)) - TIMED-PRINT: printing ALL groups
  s3:  RUNNING  FOLLOWER s3@group-3304ABEC3031:t9, leader=null, voted=null, raftlog=s3@group-3304ABEC3031-SegmentedRaftLog:OPENED:c-1,f-1,i0, conf=0: [s3:0.0.0.0:44480, s4:0.0.0.0:36765, s0:0.0.0.0:35450, s1:0.0.0.0:44404, s2:0.0.0.0:36922], old=null RUNNING
  s4:  RUNNING  FOLLOWER s4@group-3304ABEC3031:t9, leader=null, voted=null, raftlog=s4@group-3304ABEC3031-SegmentedRaftLog:OPENED:c-1,f-1,i0, conf=0: [s3:0.0.0.0:44480, s4:0.0.0.0:36765, s0:0.0.0.0:35450, s1:0.0.0.0:44404, s2:0.0.0.0:36922], old=null RUNNING
  s0:  RUNNING CANDIDATE s0@group-3304ABEC3031:t10, leader=null, voted=s0, raftlog=s0@group-3304ABEC3031-SegmentedRaftLog:OPENED:c-1,f-1,i0, conf=-1: [s3:0.0.0.0:44480, s4:0.0.0.0:36765, s0:0.0.0.0:35450, s1:0.0.0.0:44404, s2:0.0.0.0:36922], old=null RUNNING
  s1:  RUNNING  FOLLOWER s1@group-3304ABEC3031:t9, leader=null, voted=null, raftlog=s1@group-3304ABEC3031-SegmentedRaftLog:OPENED:c-1,f-1,i0, conf=0: [s3:0.0.0.0:44480, s4:0.0.0.0:36765, s0:0.0.0.0:35450, s1:0.0.0.0:44404, s2:0.0.0.0:36922], old=null RUNNING
  s2:  RUNNING  FOLLOWER s2@group-3304ABEC3031:t9, leader=null, voted=null, raftlog=s2@group-3304ABEC3031-SegmentedRaftLog:OPENED:c-1,f-1,i0, conf=0: [s3:0.0.0.0:44480, s4:0.0.0.0:36765, s0:0.0.0.0:35450, s1:0.0.0.0:44404, s2:0.0.0.0:36922], old=null RUNNING
2019-09-24 17:09:52,827 DEBUG impl.RaftServerImpl (RaftServerImpl.java:requestVote(775)) - s3@group-3304ABEC3031 replies to vote request: s0<-s3#0:FAIL-t9. Peer's state: s3@group-3304ABEC3031:t9, leader=null, voted=null, raftlog=s3@group-3304ABEC3031-SegmentedRaftLog:OPENED:c-1,f-1,i0, conf=0: [s3:0.0.0.0:44480, s4:0.0.0.0:36765, s0:0.0.0.0:35450, s1:0.0.0.0:44404, s2:0.0.0.0:36922], old=null
2019-09-24 17:09:52,827 DEBUG impl.RaftServerImpl (RaftServerImpl.java:requestVote(775)) - s4@group-3304ABEC3031 replies to vote request: s0<-s4#0:FAIL-t9. Peer's state: s4@group-3304ABEC3031:t9, leader=null, voted=null, raftlog=s4@group-3304ABEC3031-SegmentedRaftLog:OPENED:c-1,f-1,i0, conf=0: [s3:0.0.0.0:44480, s4:0.0.0.0:36765, s0:0.0.0.0:35450, s1:0.0.0.0:44404, s2:0.0.0.0:36922], old=null
2019-09-24 17:09:52,827 DEBUG impl.RaftServerImpl (RaftServerImpl.java:requestVote(775)) - s1@group-3304ABEC3031 replies to vote request: s0<-s1#0:FAIL-t9. Peer's state: s1@group-3304ABEC3031:t9, leader=null, voted=null, raftlog=s1@group-3304ABEC3031-SegmentedRaftLog:OPENED:c-1,f-1,i0, conf=0: [s3:0.0.0.0:44480, s4:0.0.0.0:36765, s0:0.0.0.0:35450, s1:0.0.0.0:44404, s2:0.0.0.0:36922], old=null
2019-09-24 17:09:52,827 DEBUG impl.RaftServerImpl (RaftServerImpl.java:requestVote(775)) - s2@group-3304ABEC3031 replies to vote request: s0<-s2#0:FAIL-t9. Peer's state: s2@group-3304ABEC3031:t9, leader=null, voted=null, raftlog=s2@group-3304ABEC3031-SegmentedRaftLog:OPENED:c-1,f-1,i0, conf=0: [s3:0.0.0.0:44480, s4:0.0.0.0:36765, s0:0.0.0.0:35450, s1:0.0.0.0:44404, s2:0.0.0.0:36922], old=null
2019-09-24 17:09:52,828 INFO  impl.FollowerState (FollowerState.java:run(108)) - s1@group-3304ABEC3031-FollowerState: change to CANDIDATE, lastRpcTime:411ms, electionTimeout:217ms
2019-09-24 17:09:52,828 INFO  impl.FollowerState (FollowerState.java:run(108)) - s4@group-3304ABEC3031-FollowerState: change to CANDIDATE, lastRpcTime:420ms, electionTimeout:271ms
2019-09-24 17:09:52,827 INFO  impl.FollowerState (FollowerState.java:run(108)) - s3@group-3304ABEC3031-FollowerState: change to CANDIDATE, lastRpcTime:422ms, electionTimeout:277ms
2019-09-24 17:09:52,829 INFO  impl.RoleInfo (RoleInfo.java:shutdownFollowerState(121)) - s4: shutdown FollowerState
2019-09-24 17:09:52,828 INFO  impl.RoleInfo (RoleInfo.java:shutdownFollowerState(121)) - s1: shutdown FollowerState
2019-09-24 17:09:52,828 INFO  impl.FollowerState (FollowerState.java:run(108)) - s2@group-3304ABEC3031-FollowerState: change to CANDIDATE, lastRpcTime:421ms, electionTimeout:217ms
2019-09-24 17:09:52,829 INFO  impl.RaftServerImpl (RaftServerImpl.java:setRole(170)) - s1@group-3304ABEC3031: changes role from  FOLLOWER to CANDIDATE at term 9 for changeToCandidate
2019-09-24 17:09:52,829 INFO  impl.RaftServerImpl (RaftServerImpl.java:setRole(170)) - s4@group-3304ABEC3031: changes role from  FOLLOWER to CANDIDATE at term 9 for changeToCandidate
2019-09-24 17:09:52,830 INFO  impl.RoleInfo (RoleInfo.java:updateAndGet(143)) - s1: start LeaderElection
2019-09-24 17:09:52,829 INFO  impl.RoleInfo (RoleInfo.java:shutdownFollowerState(121)) - s3: shutdown FollowerState
2019-09-24 17:09:52,830 INFO  impl.RoleInfo (RoleInfo.java:updateAndGet(143)) - s4: start LeaderElection
2019-09-24 17:09:52,829 INFO  impl.RoleInfo (RoleInfo.java:shutdownFollowerState(121)) - s2: shutdown FollowerState
2019-09-24 17:09:52,830 INFO  impl.RaftServerImpl (RaftServerImpl.java:setRole(170)) - s2@group-3304ABEC3031: changes role from  FOLLOWER to CANDIDATE at term 9 for changeToCandidate
2019-09-24 17:09:52,830 INFO  impl.RaftServerImpl (RaftServerImpl.java:setRole(170)) - s3@group-3304ABEC3031: changes role from  FOLLOWER to CANDIDATE at term 9 for changeToCandidate
2019-09-24 17:09:52,831 INFO  impl.RoleInfo (RoleInfo.java:updateAndGet(143)) - s2: start LeaderElection
2019-09-24 17:09:52,831 INFO  impl.RoleInfo (RoleInfo.java:updateAndGet(143)) - s3: start LeaderElection
2019-09-24 17:09:52,894 INFO  segmented.SegmentedRaftLogWorker (SegmentedRaftLogWorker.java:execute(569)) - s2@group-3304ABEC3031-SegmentedRaftLogWorker: created new log segment /workdir/ratis-test/target/test/data/1dfd945d/MiniRaftClusterWithSimulatedRpc2aba78a6/s2/5ef21f4e-7126-4cc5-b39e-3304abec3031/current/log_inprogress_0
2019-09-24 17:09:52,894 INFO  segmented.SegmentedRaftLogWorker (SegmentedRaftLogWorker.java:execute(569)) - s1@group-3304ABEC3031-SegmentedRaftLogWorker: created new log segment /workdir/ratis-test/target/test/data/1dfd945d/MiniRaftClusterWithSimulatedRpc2aba78a6/s1/5ef21f4e-7126-4cc5-b39e-3304abec3031/current/log_inprogress_0
2019-09-24 17:09:52,894 INFO  segmented.SegmentedRaftLogWorker (SegmentedRaftLogWorker.java:execute(569)) - s4@group-3304ABEC3031-SegmentedRaftLogWorker: created new log segment /workdir/ratis-test/target/test/data/1dfd945d/MiniRaftClusterWithSimulatedRpc2aba78a6/s4/5ef21f4e-7126-4cc5-b39e-3304abec3031/current/log_inprogress_0
2019-09-24 17:09:52,894 INFO  segmented.SegmentedRaftLogWorker (SegmentedRaftLogWorker.java:execute(569)) - s3@group-3304ABEC3031-SegmentedRaftLogWorker: created new log segment /workdir/ratis-test/target/test/data/1dfd945d/MiniRaftClusterWithSimulatedRpc2aba78a6/s3/5ef21f4e-7126-4cc5-b39e-3304abec3031/current/log_inprogress_0
2019-09-24 17:09:52,895 INFO  impl.LeaderElection (LeaderElection.java:askForVotes(178)) - s0@group-3304ABEC3031-LeaderElection35: begin an election at term 10 for -1: [s3:0.0.0.0:44480, s4:0.0.0.0:36765, s0:0.0.0.0:35450, s1:0.0.0.0:44404, s2:0.0.0.0:36922], old=null
2019-09-24 17:09:52,895 INFO  impl.LeaderElection (LeaderElection.java:askForVotes(178)) - s4@group-3304ABEC3031-LeaderElection37: begin an election at term 10 for 0: [s3:0.0.0.0:44480, s4:0.0.0.0:36765, s0:0.0.0.0:35450, s1:0.0.0.0:44404, s2:0.0.0.0:36922], old=null
2019-09-24 17:09:52,895 INFO  impl.LeaderElection (LeaderElection.java:askForVotes(178)) - s2@group-3304ABEC3031-LeaderElection38: begin an election at term 10 for 0: [s3:0.0.0.0:44480, s4:0.0.0.0:36765, s0:0.0.0.0:35450, s1:0.0.0.0:44404, s2:0.0.0.0:36922], old=null
2019-09-24 17:09:52,895 INFO  impl.LeaderElection (LeaderElection.java:askForVotes(178)) - s3@group-3304ABEC3031-LeaderElection39: begin an election at term 10 for 0: [s3:0.0.0.0:44480, s4:0.0.0.0:36765, s0:0.0.0.0:35450, s1:0.0.0.0:44404, s2:0.0.0.0:36922], old=null
2019-09-24 17:09:52,896 DEBUG impl.RaftServerImpl (RaftServerImpl.java:requestVote(743)) - s1@group-3304ABEC3031: receive requestVote(s0, group-3304ABEC3031, 10, (t:0, i:0))
2019-09-24 17:09:52,895 INFO  impl.LeaderElection (LeaderElection.java:askForVotes(178)) - s1@group-3304ABEC3031-LeaderElection36: begin an election at term 10 for 0: [s3:0.0.0.0:44480, s4:0.0.0.0:36765, s0:0.0.0.0:35450, s1:0.0.0.0:44404, s2:0.0.0.0:36922], old=null
2019-09-24 17:09:52,896 DEBUG impl.RaftServerImpl (RaftServerImpl.java:requestVote(743)) - s2@group-3304ABEC3031: receive requestVote(s0, group-3304ABEC3031, 10, (t:0, i:0))
2019-09-24 17:09:52,896 DEBUG impl.RaftServerImpl (RaftServerImpl.java:requestVote(743)) - s3@group-3304ABEC3031: receive requestVote(s0, group-3304ABEC3031, 10, (t:0, i:0))
2019-09-24 17:09:52,896 DEBUG impl.RaftServerImpl (RaftServerImpl.java:requestVote(743)) - s4@group-3304ABEC3031: receive requestVote(s0, group-3304ABEC3031, 10, (t:0, i:0))
2019-09-24 17:09:52,896 DEBUG impl.RaftServerImpl (RaftServerImpl.java:requestVote(775)) - s1@group-3304ABEC3031 replies to vote request: s0<-s1#0:FAIL-t10. Peer's state: s1@group-3304ABEC3031:t10, leader=null, voted=s1, raftlog=s1@group-3304ABEC3031-SegmentedRaftLog:OPENED:c-1,f-1,i0, conf=0: [s3:0.0.0.0:44480, s4:0.0.0.0:36765, s0:0.0.0.0:35450, s1:0.0.0.0:44404, s2:0.0.0.0:36922], old=null
2019-09-24 17:09:52,899 DEBUG impl.RaftServerImpl (RaftServerImpl.java:requestVote(775)) - s3@group-3304ABEC3031 replies to vote request: s0<-s3#0:FAIL-t10. Peer's state: s3@group-3304ABEC3031:t10, leader=null, voted=s3, raftlog=s3@group-3304ABEC3031-SegmentedRaftLog:OPENED:c-1,f-1,i0, conf=0: [s3:0.0.0.0:44480, s4:0.0.0.0:36765, s0:0.0.0.0:35450, s1:0.0.0.0:44404, s2:0.0.0.0:36922], old=null
2019-09-24 17:09:52,899 DEBUG impl.RaftServerImpl (RaftServerImpl.java:requestVote(775)) - s4@group-3304ABEC3031 replies to vote request: s0<-s4#0:FAIL-t10. Peer's state: s4@group-3304ABEC3031:t10, leader=null, voted=s4, raftlog=s4@group-3304ABEC3031-SegmentedRaftLog:OPENED:c-1,f-1,i0, conf=0: [s3:0.0.0.0:44480, s4:0.0.0.0:36765, s0:0.0.0.0:35450, s1:0.0.0.0:44404, s2:0.0.0.0:36922], old=null
2019-09-24 17:09:52,899 DEBUG impl.RaftServerImpl (RaftServerImpl.java:requestVote(775)) - s2@group-3304ABEC3031 replies to vote request: s0<-s2#0:FAIL-t10. Peer's state: s2@group-3304ABEC3031:t10, leader=null, voted=s2, raftlog=s2@group-3304ABEC3031-SegmentedRaftLog:OPENED:c-1,f-1,i0, conf=0: [s3:0.0.0.0:44480, s4:0.0.0.0:36765, s0:0.0.0.0:35450, s1:0.0.0.0:44404, s2:0.0.0.0:36922], old=null
2019-09-24 17:09:52,899 DEBUG impl.RaftServerImpl (RaftServerImpl.java:requestVote(743)) - s3@group-3304ABEC3031: receive requestVote(s4, group-3304ABEC3031, 10, (t:8, i:0))
2019-09-24 17:09:52,899 DEBUG impl.RaftServerImpl (RaftServerImpl.java:requestVote(775)) - s3@group-3304ABEC3031 replies to vote request: s4<-s3#0:FAIL-t10. Peer's state: s3@group-3304ABEC3031:t10, leader=null, voted=s3, raftlog=s3@group-3304ABEC3031-SegmentedRaftLog:OPENED:c-1,f-1,i0, conf=0: [s3:0.0.0.0:44480, s4:0.0.0.0:36765, s0:0.0.0.0:35450, s1:0.0.0.0:44404, s2:0.0.0.0:36922], old=null
2019-09-24 17:09:52,900 DEBUG impl.RaftServerImpl (RaftServerImpl.java:requestVote(743)) - s4@group-3304ABEC3031: receive requestVote(s3, group-3304ABEC3031, 10, (t:8, i:0))
2019-09-24 17:09:52,900 DEBUG impl.RaftServerImpl (RaftServerImpl.java:requestVote(775)) - s4@group-3304ABEC3031 replies to vote request: s3<-s4#0:FAIL-t10. Peer's state: s4@group-3304ABEC3031:t10, leader=null, voted=s4, raftlog=s4@group-3304ABEC3031-SegmentedRaftLog:OPENED:c-1,f-1,i0, conf=0: [s3:0.0.0.0:44480, s4:0.0.0.0:36765, s0:0.0.0.0:35450, s1:0.0.0.0:44404, s2:0.0.0.0:36922], old=null
2019-09-24 17:09:52,900 DEBUG impl.RaftServerImpl (RaftServerImpl.java:requestVote(743)) - s0@group-3304ABEC3031: receive requestVote(s3, group-3304ABEC3031, 10, (t:8, i:0))
2019-09-24 17:09:52,900 DEBUG impl.RaftServerImpl (RaftServerImpl.java:requestVote(743)) - s0@group-3304ABEC3031: receive requestVote(s4, group-3304ABEC3031, 10, (t:8, i:0))
2019-09-24 17:09:52,900 DEBUG impl.RaftServerImpl (RaftServerImpl.java:requestVote(775)) - s0@group-3304ABEC3031 replies to vote request: s3<-s0#0:FAIL-t10. Peer's state: s0@group-3304ABEC3031:t10, leader=null, voted=s0, raftlog=s0@group-3304ABEC3031-SegmentedRaftLog:OPENED:c-1,f-1,i0, conf=-1: [s3:0.0.0.0:44480, s4:0.0.0.0:36765, s0:0.0.0.0:35450, s1:0.0.0.0:44404, s2:0.0.0.0:36922], old=null
2019-09-24 17:09:52,900 DEBUG impl.RaftServerImpl (RaftServerImpl.java:requestVote(743)) - s1@group-3304ABEC3031: receive requestVote(s3, group-3304ABEC3031, 10, (t:8, i:0))
2019-09-24 17:09:52,901 DEBUG impl.RaftServerImpl (RaftServerImpl.java:requestVote(775)) - s0@group-3304ABEC3031 replies to vote request: s4<-s0#0:FAIL-t10. Peer's state: s0@group-3304ABEC3031:t10, leader=null, voted=s0, raftlog=s0@group-3304ABEC3031-SegmentedRaftLog:OPENED:c-1,f-1,i0, conf=-1: [s3:0.0.0.0:44480, s4:0.0.0.0:36765, s0:0.0.0.0:35450, s1:0.0.0.0:44404, s2:0.0.0.0:36922], old=null
2019-09-24 17:09:52,901 DEBUG impl.RaftServerImpl (RaftServerImpl.java:requestVote(775)) - s1@group-3304ABEC3031 replies to vote request: s3<-s1#0:FAIL-t10. Peer's state: s1@group-3304ABEC3031:t10, leader=null, voted=s1, raftlog=s1@group-3304ABEC3031-SegmentedRaftLog:OPENED:c-1,f-1,i0, conf=0: [s3:0.0.0.0:44480, s4:0.0.0.0:36765, s0:0.0.0.0:35450, s1:0.0.0.0:44404, s2:0.0.0.0:36922], old=null
2019-09-24 17:09:52,901 DEBUG impl.RaftServerImpl (RaftServerImpl.java:requestVote(743)) - s2@group-3304ABEC3031: receive requestVote(s3, group-3304ABEC3031, 10, (t:8, i:0))
2019-09-24 17:09:52,901 DEBUG impl.RaftServerImpl (RaftServerImpl.java:requestVote(743)) - s1@group-3304ABEC3031: receive requestVote(s4, group-3304ABEC3031, 10, (t:8, i:0))
2019-09-24 17:09:52,901 DEBUG impl.RaftServerImpl (RaftServerImpl.java:requestVote(743)) - s0@group-3304ABEC3031: receive requestVote(s1, group-3304ABEC3031, 10, (t:8, i:0))
2019-09-24 17:09:52,902 DEBUG impl.RaftServerImpl (RaftServerImpl.java:requestVote(775)) - s1@group-3304ABEC3031 replies to vote request: s4<-s1#0:FAIL-t10. Peer's state: s1@group-3304ABEC3031:t10, leader=null, voted=s1, raftlog=s1@group-3304ABEC3031-SegmentedRaftLog:OPENED:c-1,f-1,i0, conf=0: [s3:0.0.0.0:44480, s4:0.0.0.0:36765, s0:0.0.0.0:35450, s1:0.0.0.0:44404, s2:0.0.0.0:36922], old=null
2019-09-24 17:09:52,901 DEBUG impl.RaftServerImpl (RaftServerImpl.java:requestVote(775)) - s2@group-3304ABEC3031 replies to vote request: s3<-s2#0:FAIL-t10. Peer's state: s2@group-3304ABEC3031:t10, leader=null, voted=s2, raftlog=s2@group-3304ABEC3031-SegmentedRaftLog:OPENED:c-1,f-1,i0, conf=0: [s3:0.0.0.0:44480, s4:0.0.0.0:36765, s0:0.0.0.0:35450, s1:0.0.0.0:44404, s2:0.0.0.0:36922], old=null
2019-09-24 17:09:52,902 DEBUG impl.RaftServerImpl (RaftServerImpl.java:requestVote(775)) - s0@group-3304ABEC3031 replies to vote request: s1<-s0#0:FAIL-t10. Peer's state: s0@group-3304ABEC3031:t10, leader=null, voted=s0, raftlog=s0@group-3304ABEC3031-SegmentedRaftLog:OPENED:c-1,f-1,i0, conf=-1: [s3:0.0.0.0:44480, s4:0.0.0.0:36765, s0:0.0.0.0:35450, s1:0.0.0.0:44404, s2:0.0.0.0:36922], old=null
2019-09-24 17:09:52,911 DEBUG impl.RaftServerImpl (RaftServerImpl.java:requestVote(743)) - s0@group-3304ABEC3031: receive requestVote(s2, group-3304ABEC3031, 10, (t:8, i:0))
2019-09-24 17:09:52,911 DEBUG impl.RaftServerImpl (RaftServerImpl.java:requestVote(743)) - s3@group-3304ABEC3031: receive requestVote(s2, group-3304ABEC3031, 10, (t:8, i:0))
2019-09-24 17:09:52,911 DEBUG impl.RaftServerImpl (RaftServerImpl.java:requestVote(743)) - s1@group-3304ABEC3031: receive requestVote(s2, group-3304ABEC3031, 10, (t:8, i:0))
2019-09-24 17:09:52,911 DEBUG impl.RaftServerImpl (RaftServerImpl.java:requestVote(775)) - s0@group-3304ABEC3031 replies to vote request: s2<-s0#0:FAIL-t10. Peer's state: s0@group-3304ABEC3031:t10, leader=null, voted=s0, raftlog=s0@group-3304ABEC3031-SegmentedRaftLog:OPENED:c-1,f-1,i0, conf=-1: [s3:0.0.0.0:44480, s4:0.0.0.0:36765, s0:0.0.0.0:35450, s1:0.0.0.0:44404, s2:0.0.0.0:36922], old=null
2019-09-24 17:09:52,911 DEBUG impl.RaftServerImpl (RaftServerImpl.java:requestVote(775)) - s1@group-3304ABEC3031 replies to vote request: s2<-s1#0:FAIL-t10. Peer's state: s1@group-3304ABEC3031:t10, leader=null, voted=s1, raftlog=s1@group-3304ABEC3031-SegmentedRaftLog:OPENED:c-1,f-1,i0, conf=0: [s3:0.0.0.0:44480, s4:0.0.0.0:36765, s0:0.0.0.0:35450, s1:0.0.0.0:44404, s2:0.0.0.0:36922], old=null
2019-09-24 17:09:52,911 DEBUG impl.RaftServerImpl (RaftServerImpl.java:requestVote(775)) - s3@group-3304ABEC3031 replies to vote request: s2<-s3#0:FAIL-t10. Peer's state: s3@group-3304ABEC3031:t10, leader=null, voted=s3, raftlog=s3@group-3304ABEC3031-SegmentedRaftLog:OPENED:c-1,f-1,i0, conf=0: [s3:0.0.0.0:44480, s4:0.0.0.0:36765, s0:0.0.0.0:35450, s1:0.0.0.0:44404, s2:0.0.0.0:36922], old=null
2019-09-24 17:09:52,912 DEBUG impl.RaftServerImpl (RaftServerImpl.java:requestVote(743)) - s2@group-3304ABEC3031: receive requestVote(s4, group-3304ABEC3031, 10, (t:8, i:0))
2019-09-24 17:09:52,913 DEBUG impl.RaftServerImpl (RaftServerImpl.java:requestVote(775)) - s2@group-3304ABEC3031 replies to vote request: s4<-s2#0:FAIL-t10. Peer's state: s2@group-3304ABEC3031:t10, leader=null, voted=s2, raftlog=s2@group-3304ABEC3031-SegmentedRaftLog:OPENED:c-1,f-1,i0, conf=0: [s3:0.0.0.0:44480, s4:0.0.0.0:36765, s0:0.0.0.0:35450, s1:0.0.0.0:44404, s2:0.0.0.0:36922], old=null
2019-09-24 17:09:52,914 DEBUG impl.RaftServerImpl (RaftServerImpl.java:requestVote(743)) - s4@group-3304ABEC3031: receive requestVote(s2, group-3304ABEC3031, 10, (t:8, i:0))
2019-09-24 17:09:52,914 DEBUG impl.RaftServerImpl (RaftServerImpl.java:requestVote(775)) - s4@group-3304ABEC3031 replies to vote request: s2<-s4#0:FAIL-t10. Peer's state: s4@group-3304ABEC3031:t10, leader=null, voted=s4, raftlog=s4@group-3304ABEC3031-SegmentedRaftLog:OPENED:c-1,f-1,i0, conf=0: [s3:0.0.0.0:44480, s4:0.0.0.0:36765, s0:0.0.0.0:35450, s1:0.0.0.0:44404, s2:0.0.0.0:36922], old=null
2019-09-24 17:09:52,915 DEBUG impl.RaftServerImpl (RaftServerImpl.java:requestVote(743)) - s2@group-3304ABEC3031: receive requestVote(s1, group-3304ABEC3031, 10, (t:8, i:0))
2019-09-24 17:09:52,915 DEBUG impl.RaftServerImpl (RaftServerImpl.java:requestVote(775)) - s2@group-3304ABEC3031 replies to vote request: s1<-s2#0:FAIL-t10. Peer's state: s2@group-3304ABEC3031:t10, leader=null, voted=s2, raftlog=s2@group-3304ABEC3031-SegmentedRaftLog:OPENED:c-1,f-1,i0, conf=0: [s3:0.0.0.0:44480, s4:0.0.0.0:36765, s0:0.0.0.0:35450, s1:0.0.0.0:44404, s2:0.0.0.0:36922], old=null
2019-09-24 17:09:52,915 INFO  impl.LeaderElection (LeaderElection.java:logAndReturn(56)) - s0@group-3304ABEC3031-LeaderElection35: Election REJECTED; received 4 response(s) [s0<-s3#0:FAIL-t10, s0<-s4#0:FAIL-t10, s0<-s1#0:FAIL-t10, s0<-s2#0:FAIL-t10] and 0 exception(s); s0@group-3304ABEC3031:t10, leader=null, voted=s0, raftlog=s0@group-3304ABEC3031-SegmentedRaftLog:OPENED:c-1,f-1,i0, conf=-1: [s3:0.0.0.0:44480, s4:0.0.0.0:36765, s0:0.0.0.0:35450, s1:0.0.0.0:44404, s2:0.0.0.0:36922], old=null
2019-09-24 17:09:52,916 INFO  impl.RaftServerImpl (RaftServerImpl.java:setRole(170)) - s0@group-3304ABEC3031: changes role from CANDIDATE to FOLLOWER at term 10 for DISCOVERED_A_NEW_TERM
2019-09-24 17:09:52,916 INFO  impl.RoleInfo (RoleInfo.java:shutdownLeaderElection(134)) - s0: shutdown LeaderElection
2019-09-24 17:09:52,916 INFO  impl.RoleInfo (RoleInfo.java:updateAndGet(143)) - s0: start FollowerState
2019-09-24 17:09:52,918 DEBUG impl.RaftServerImpl (RaftServerImpl.java:requestVote(743)) - s3@group-3304ABEC3031: receive requestVote(s1, group-3304ABEC3031, 10, (t:8, i:0))
2019-09-24 17:09:52,918 DEBUG impl.RaftServerImpl (RaftServerImpl.java:requestVote(743)) - s4@group-3304ABEC3031: receive requestVote(s1, group-3304ABEC3031, 10, (t:8, i:0))
2019-09-24 17:09:52,918 INFO  impl.LeaderElection (LeaderElection.java:logAndReturn(56)) - s3@group-3304ABEC3031-LeaderElection39: Election REJECTED; received 4 response(s) [s3<-s4#0:FAIL-t10, s3<-s0#0:FAIL-t10, s3<-s1#0:FAIL-t10, s3<-s2#0:FAIL-t10] and 0 exception(s); s3@group-3304ABEC3031:t10, leader=null, voted=s3, raftlog=s3@group-3304ABEC3031-SegmentedRaftLog:OPENED:c-1,f-1,i0, conf=0: [s3:0.0.0.0:44480, s4:0.0.0.0:36765, s0:0.0.0.0:35450, s1:0.0.0.0:44404, s2:0.0.0.0:36922], old=null
2019-09-24 17:09:52,918 DEBUG impl.RaftServerImpl (RaftServerImpl.java:requestVote(775)) - s3@group-3304ABEC3031 replies to vote request: s1<-s3#0:FAIL-t10. Peer's state: s3@group-3304ABEC3031:t10, leader=null, voted=s3, raftlog=s3@group-3304ABEC3031-SegmentedRaftLog:OPENED:c-1,f-1,i0, conf=0: [s3:0.0.0.0:44480, s4:0.0.0.0:36765, s0:0.0.0.0:35450, s1:0.0.0.0:44404, s2:0.0.0.0:36922], old=null
2019-09-24 17:09:52,918 DEBUG impl.RaftServerImpl (RaftServerImpl.java:requestVote(775)) - s4@group-3304ABEC3031 replies to vote request: s1<-s4#0:FAIL-t10. Peer's state: s4@group-3304ABEC3031:t10, leader=null, voted=s4, raftlog=s4@group-3304ABEC3031-SegmentedRaftLog:OPENED:c-1,f-1,i0, conf=0: [s3:0.0.0.0:44480, s4:0.0.0.0:36765, s0:0.0.0.0:35450, s1:0.0.0.0:44404, s2:0.0.0.0:36922], old=null
2019-09-24 17:09:52,919 INFO  impl.RaftServerImpl (RaftServerImpl.java:setRole(170)) - s3@group-3304ABEC3031: changes role from CANDIDATE to FOLLOWER at term 10 for DISCOVERED_A_NEW_TERM
2019-09-24 17:09:52,919 INFO  impl.RoleInfo (RoleInfo.java:shutdownLeaderElection(134)) - s3: shutdown LeaderElection
2019-09-24 17:09:52,919 INFO  impl.RoleInfo (RoleInfo.java:updateAndGet(143)) - s3: start FollowerState
2019-09-24 17:09:52,931 INFO  impl.LeaderElection (LeaderElection.java:logAndReturn(56)) - s4@group-3304ABEC3031-LeaderElection37: Election REJECTED; received 4 response(s) [s4<-s3#0:FAIL-t10, s4<-s0#0:FAIL-t10, s4<-s1#0:FAIL-t10, s4<-s2#0:FAIL-t10] and 0 exception(s); s4@group-3304ABEC3031:t10, leader=null, voted=s4, raftlog=s4@group-3304ABEC3031-SegmentedRaftLog:OPENED:c-1,f-1,i0, conf=0: [s3:0.0.0.0:44480, s4:0.0.0.0:36765, s0:0.0.0.0:35450, s1:0.0.0.0:44404, s2:0.0.0.0:36922], old=null
2019-09-24 17:09:52,931 INFO  impl.RaftServerImpl (RaftServerImpl.java:setRole(170)) - s4@group-3304ABEC3031: changes role from CANDIDATE to FOLLOWER at term 10 for DISCOVERED_A_NEW_TERM
2019-09-24 17:09:52,931 INFO  impl.RoleInfo (RoleInfo.java:shutdownLeaderElection(134)) - s4: shutdown LeaderElection
2019-09-24 17:09:52,932 INFO  impl.RoleInfo (RoleInfo.java:updateAndGet(143)) - s4: start FollowerState
2019-09-24 17:09:52,932 INFO  impl.LeaderElection (LeaderElection.java:logAndReturn(56)) - s2@group-3304ABEC3031-LeaderElection38: Election REJECTED; received 4 response(s) [s2<-s3#0:FAIL-t10, s2<-s4#0:FAIL-t10, s2<-s0#0:FAIL-t10, s2<-s1#0:FAIL-t10] and 0 exception(s); s2@group-3304ABEC3031:t10, leader=null, voted=s2, raftlog=s2@group-3304ABEC3031-SegmentedRaftLog:OPENED:c-1,f-1,i0, conf=0: [s3:0.0.0.0:44480, s4:0.0.0.0:36765, s0:0.0.0.0:35450, s1:0.0.0.0:44404, s2:0.0.0.0:36922], old=null
2019-09-24 17:09:52,932 INFO  impl.RaftServerImpl (RaftServerImpl.java:setRole(170)) - s2@group-3304ABEC3031: changes role from CANDIDATE to FOLLOWER at term 10 for DISCOVERED_A_NEW_TERM
2019-09-24 17:09:52,933 INFO  impl.RoleInfo (RoleInfo.java:shutdownLeaderElection(134)) - s2: shutdown LeaderElection
2019-09-24 17:09:52,933 INFO  impl.RoleInfo (RoleInfo.java:updateAndGet(143)) - s2: start FollowerState
2019-09-24 17:09:52,933 INFO  impl.LeaderElection (LeaderElection.java:logAndReturn(56)) - s1@group-3304ABEC3031-LeaderElection36: Election REJECTED; received 4 response(s) [s1<-s3#0:FAIL-t10, s1<-s4#0:FAIL-t10, s1<-s0#0:FAIL-t10, s1<-s2#0:FAIL-t10] and 0 exception(s); s1@group-3304ABEC3031:t10, leader=null, voted=s1, raftlog=s1@group-3304ABEC3031-SegmentedRaftLog:OPENED:c-1,f-1,i0, conf=0: [s3:0.0.0.0:44480, s4:0.0.0.0:36765, s0:0.0.0.0:35450, s1:0.0.0.0:44404, s2:0.0.0.0:36922], old=null
2019-09-24 17:09:52,933 INFO  impl.RaftServerImpl (RaftServerImpl.java:setRole(170)) - s1@group-3304ABEC3031: changes role from CANDIDATE to FOLLOWER at term 10 for DISCOVERED_A_NEW_TERM
2019-09-24 17:09:52,933 INFO  impl.RoleInfo (RoleInfo.java:shutdownLeaderElection(134)) - s1: shutdown LeaderElection
2019-09-24 17:09:52,934 INFO  impl.RoleInfo (RoleInfo.java:updateAndGet(143)) - s1: start FollowerState
2019-09-24 17:09:53,083 INFO  impl.FollowerState (FollowerState.java:run(108)) - s4@group-3304ABEC3031-FollowerState: change to CANDIDATE, lastRpcTime:151ms, electionTimeout:151ms
2019-09-24 17:09:53,083 INFO  impl.RoleInfo (RoleInfo.java:shutdownFollowerState(121)) - s4: shutdown FollowerState
2019-09-24 17:09:53,084 INFO  impl.RaftServerImpl (RaftServerImpl.java:setRole(170)) - s4@group-3304ABEC3031: changes role from  FOLLOWER to CANDIDATE at term 10 for changeToCandidate
2019-09-24 17:09:53,084 INFO  impl.RoleInfo (RoleInfo.java:updateAndGet(143)) - s4: start LeaderElection
2019-09-24 17:09:53,107 INFO  impl.FollowerState (FollowerState.java:run(108)) - s1@group-3304ABEC3031-FollowerState: change to CANDIDATE, lastRpcTime:173ms, electionTimeout:173ms
2019-09-24 17:09:53,107 INFO  impl.RoleInfo (RoleInfo.java:shutdownFollowerState(121)) - s1: shutdown FollowerState
2019-09-24 17:09:53,107 INFO  impl.RaftServerImpl (RaftServerImpl.java:setRole(170)) - s1@group-3304ABEC3031: changes role from  FOLLOWER to CANDIDATE at term 10 for changeToCandidate
2019-09-24 17:09:53,107 INFO  impl.RoleInfo (RoleInfo.java:updateAndGet(143)) - s1: start LeaderElection
2019-09-24 17:09:53,123 INFO  impl.FollowerState (FollowerState.java:run(108)) - s2@group-3304ABEC3031-FollowerState: change to CANDIDATE, lastRpcTime:190ms, electionTimeout:190ms
2019-09-24 17:09:53,123 INFO  impl.RoleInfo (RoleInfo.java:shutdownFollowerState(121)) - s2: shutdown FollowerState
2019-09-24 17:09:53,124 INFO  impl.RaftServerImpl (RaftServerImpl.java:setRole(170)) - s2@group-3304ABEC3031: changes role from  FOLLOWER to CANDIDATE at term 10 for changeToCandidate
2019-09-24 17:09:53,124 INFO  impl.RoleInfo (RoleInfo.java:updateAndGet(143)) - s2: start LeaderElection
2019-09-24 17:09:53,163 INFO  impl.FollowerState (FollowerState.java:run(108)) - s0@group-3304ABEC3031-FollowerState: change to CANDIDATE, lastRpcTime:246ms, electionTimeout:246ms
2019-09-24 17:09:53,163 INFO  impl.RoleInfo (RoleInfo.java:shutdownFollowerState(121)) - s0: shutdown FollowerState
2019-09-24 17:09:53,163 INFO  impl.RaftServerImpl (RaftServerImpl.java:setRole(170)) - s0@group-3304ABEC3031: changes role from  FOLLOWER to CANDIDATE at term 10 for changeToCandidate
2019-09-24 17:09:53,163 INFO  impl.RoleInfo (RoleInfo.java:updateAndGet(143)) - s0: start LeaderElection
2019-09-24 17:09:53,165 INFO  simulation.TestLeaderElectionWithSimulatedRpc (LeaderElectionTests.java:enforceLeader(110)) - try enforcing leader to s0 but no leader for round 0
2019-09-24 17:09:53,165 INFO  server.RaftServerConfigKeys (ConfUtils.java:logGet(43)) - raft.server.rpc.timeout.max = 300ms (default)
2019-09-24 17:09:53,220 INFO  impl.FollowerState (FollowerState.java:run(108)) - s3@group-3304ABEC3031-FollowerState: change to CANDIDATE, lastRpcTime:300ms, electionTimeout:300ms
2019-09-24 17:09:53,220 INFO  impl.RoleInfo (RoleInfo.java:shutdownFollowerState(121)) - s3: shutdown FollowerState
2019-09-24 17:09:53,220 INFO  impl.RaftServerImpl (RaftServerImpl.java:setRole(170)) - s3@group-3304ABEC3031: changes role from  FOLLOWER to CANDIDATE at term 10 for changeToCandidate
2019-09-24 17:09:53,220 INFO  impl.RoleInfo (RoleInfo.java:updateAndGet(143)) - s3: start LeaderElection
2019-09-24 17:09:53,616 INFO  server.RaftServerConfigKeys (ConfUtils.java:logGet(43)) - raft.server.rpc.timeout.max = 300ms (default)
2019-09-24 17:09:54,067 INFO  simulation.TestLeaderElectionWithSimulatedRpc (LeaderElectionTests.java:enforceLeader(110)) - try enforcing leader to s0 but no leader for round 1
2019-09-24 17:09:54,067 INFO  server.RaftServerConfigKeys (ConfUtils.java:logGet(43)) - raft.server.rpc.timeout.max = 300ms (default)
2019-09-24 17:09:54,518 INFO  server.RaftServerConfigKeys (ConfUtils.java:logGet(43)) - raft.server.rpc.timeout.max = 300ms (default)
2019-09-24 17:09:54,969 INFO  simulation.TestLeaderElectionWithSimulatedRpc (LeaderElectionTests.java:enforceLeader(110)) - try enforcing leader to s0 but no leader for round 2
2019-09-24 17:09:54,970 INFO  server.RaftServerConfigKeys (ConfUtils.java:logGet(43)) - raft.server.rpc.timeout.max = 300ms (default)
2019-09-24 17:09:55,421 INFO  server.RaftServerConfigKeys (ConfUtils.java:logGet(43)) - raft.server.rpc.timeout.max = 300ms (default)
2019-09-24 17:09:55,872 INFO  simulation.TestLeaderElectionWithSimulatedRpc (LeaderElectionTests.java:enforceLeader(110)) - try enforcing leader to s0 but no leader for round 3
2019-09-24 17:09:55,872 INFO  server.RaftServerConfigKeys (ConfUtils.java:logGet(43)) - raft.server.rpc.timeout.max = 300ms (default)
2019-09-24 17:09:56,323 INFO  server.RaftServerConfigKeys (ConfUtils.java:logGet(43)) - raft.server.rpc.timeout.max = 300ms (default)
2019-09-24 17:09:56,774 INFO  simulation.TestLeaderElectionWithSimulatedRpc (LeaderElectionTests.java:enforceLeader(110)) - try enforcing leader to s0 but no leader for round 4
2019-09-24 17:09:56,774 INFO  server.RaftServerConfigKeys (ConfUtils.java:logGet(43)) - raft.server.rpc.timeout.max = 300ms (default)
2019-09-24 17:09:57,225 INFO  server.RaftServerConfigKeys (ConfUtils.java:logGet(43)) - raft.server.rpc.timeout.max = 300ms (default)
2019-09-24 17:09:57,676 INFO  simulation.TestLeaderElectionWithSimulatedRpc (LeaderElectionTests.java:enforceLeader(110)) - try enforcing leader to s0 but no leader for round 5
2019-09-24 17:09:57,677 INFO  server.RaftServerConfigKeys (ConfUtils.java:logGet(43)) - raft.server.rpc.timeout.max = 300ms (default)
2019-09-24 17:09:58,127 INFO  server.RaftServerConfigKeys (ConfUtils.java:logGet(43)) - raft.server.rpc.timeout.max = 300ms (default)
2019-09-24 17:09:58,224 INFO  impl.LeaderElection (LeaderElection.java:askForVotes(178)) - s1@group-3304ABEC3031-LeaderElection41: begin an election at term 11 for 0: [s3:0.0.0.0:44480, s4:0.0.0.0:36765, s0:0.0.0.0:35450, s1:0.0.0.0:44404, s2:0.0.0.0:36922], old=null
2019-09-24 17:09:58,224 INFO  impl.LeaderElection (LeaderElection.java:askForVotes(178)) - s4@group-3304ABEC3031-LeaderElection40: begin an election at term 11 for 0: [s3:0.0.0.0:44480, s4:0.0.0.0:36765, s0:0.0.0.0:35450, s1:0.0.0.0:44404, s2:0.0.0.0:36922], old=null
2019-09-24 17:09:58,224 DEBUG impl.RaftServerImpl (RaftServerImpl.java:logAppendEntries(850)) - s2@group-3304ABEC3031: succeeded to handle AppendEntries. Reply: s1<-s2#0:OK,SUCCESS,nextIndex:1,term:8,followerCommit:-1
2019-09-24 17:09:58,224 DEBUG impl.RaftServerImpl (RaftServerImpl.java:logAppendEntries(850)) - s4@group-3304ABEC3031: succeeded to handle AppendEntries. Reply: s1<-s4#0:OK,SUCCESS,nextIndex:1,term:8,followerCommit:-1
2019-09-24 17:09:58,224 INFO  impl.LeaderElection (LeaderElection.java:askForVotes(178)) - s0@group-3304ABEC3031-LeaderElection43: begin an election at term 11 for -1: [s3:0.0.0.0:44480, s4:0.0.0.0:36765, s0:0.0.0.0:35450, s1:0.0.0.0:44404, s2:0.0.0.0:36922], old=null
2019-09-24 17:09:58,224 INFO  impl.LeaderElection (LeaderElection.java:askForVotes(178)) - s2@group-3304ABEC3031-LeaderElection42: begin an election at term 11 for 0: [s3:0.0.0.0:44480, s4:0.0.0.0:36765, s0:0.0.0.0:35450, s1:0.0.0.0:44404, s2:0.0.0.0:36922], old=null
2019-09-24 17:09:58,226 DEBUG impl.RaftServerImpl (RaftServerImpl.java:requestVote(743)) - s3@group-3304ABEC3031: receive requestVote(s4, group-3304ABEC3031, 11, (t:8, i:0))
2019-09-24 17:09:58,226 DEBUG impl.RaftServerImpl (RaftServerImpl.java:requestVote(743)) - s4@group-3304ABEC3031: receive requestVote(s1, group-3304ABEC3031, 11, (t:8, i:0))
2019-09-24 17:09:58,226 DEBUG impl.RaftServerImpl (RaftServerImpl.java:requestVote(743)) - s3@group-3304ABEC3031: receive requestVote(s1, group-3304ABEC3031, 11, (t:8, i:0))
2019-09-24 17:09:58,225 DEBUG impl.RaftServerImpl (RaftServerImpl.java:logAppendEntries(850)) - s3@group-3304ABEC3031: succeeded to handle AppendEntries. Reply: s1<-s3#0:OK,SUCCESS,nextIndex:1,term:8,followerCommit:-1
2019-09-24 17:09:58,225 INFO  impl.LeaderElection (LeaderElection.java:askForVotes(178)) - s3@group-3304ABEC3031-LeaderElection44: begin an election at term 11 for 0: [s3:0.0.0.0:44480, s4:0.0.0.0:36765, s0:0.0.0.0:35450, s1:0.0.0.0:44404, s2:0.0.0.0:36922], old=null
2019-09-24 17:09:58,227 DEBUG impl.RaftServerImpl (RaftServerImpl.java:requestVote(743)) - s1@group-3304ABEC3031: receive requestVote(s4, group-3304ABEC3031, 11, (t:8, i:0))
2019-09-24 17:09:58,227 DEBUG impl.RaftServerImpl (RaftServerImpl.java:requestVote(743)) - s0@group-3304ABEC3031: receive requestVote(s4, group-3304ABEC3031, 11, (t:8, i:0))
2019-09-24 17:09:58,227 DEBUG impl.RaftServerImpl (RaftServerImpl.java:requestVote(775)) - s4@group-3304ABEC3031 replies to vote request: s1<-s4#0:FAIL-t11. Peer's state: s4@group-3304ABEC3031:t11, leader=null, voted=s4, raftlog=s4@group-3304ABEC3031-SegmentedRaftLog:OPENED:c-1,f0,i0, conf=0: [s3:0.0.0.0:44480, s4:0.0.0.0:36765, s0:0.0.0.0:35450, s1:0.0.0.0:44404, s2:0.0.0.0:36922], old=null
2019-09-24 17:09:58,227 DEBUG impl.RaftServerImpl (RaftServerImpl.java:requestVote(775)) - s3@group-3304ABEC3031 replies to vote request: s4<-s3#0:FAIL-t11. Peer's state: s3@group-3304ABEC3031:t11, leader=null, voted=s3, raftlog=s3@group-3304ABEC3031-SegmentedRaftLog:OPENED:c-1,f0,i0, conf=0: [s3:0.0.0.0:44480, s4:0.0.0.0:36765, s0:0.0.0.0:35450, s1:0.0.0.0:44404, s2:0.0.0.0:36922], old=null
2019-09-24 17:09:58,227 DEBUG impl.RaftServerImpl (RaftServerImpl.java:requestVote(743)) - s2@group-3304ABEC3031: receive requestVote(s1, group-3304ABEC3031, 11, (t:8, i:0))
2019-09-24 17:09:58,227 DEBUG impl.RaftServerImpl (RaftServerImpl.java:requestVote(743)) - s0@group-3304ABEC3031: receive requestVote(s1, group-3304ABEC3031, 11, (t:8, i:0))
2019-09-24 17:09:58,229 DEBUG impl.RaftServerImpl (RaftServerImpl.java:requestVote(743)) - s0@group-3304ABEC3031: receive requestVote(s2, group-3304ABEC3031, 11, (t:8, i:0))
2019-09-24 17:09:58,229 DEBUG impl.RaftServerImpl (RaftServerImpl.java:requestVote(775)) - s2@group-3304ABEC3031 replies to vote request: s1<-s2#0:FAIL-t11. Peer's state: s2@group-3304ABEC3031:t11, leader=null, voted=s2, raftlog=s2@group-3304ABEC3031-SegmentedRaftLog:OPENED:c-1,f0,i0, conf=0: [s3:0.0.0.0:44480, s4:0.0.0.0:36765, s0:0.0.0.0:35450, s1:0.0.0.0:44404, s2:0.0.0.0:36922], old=null
2019-09-24 17:09:58,230 DEBUG impl.RaftServerImpl (RaftServerImpl.java:requestVote(743)) - s1@group-3304ABEC3031: receive requestVote(s2, group-3304ABEC3031, 11, (t:8, i:0))
2019-09-24 17:09:58,229 DEBUG impl.RaftServerImpl (RaftServerImpl.java:requestVote(775)) - s3@group-3304ABEC3031 replies to vote request: s1<-s3#0:FAIL-t11. Peer's state: s3@group-3304ABEC3031:t11, leader=null, voted=s3, raftlog=s3@group-3304ABEC3031-SegmentedRaftLog:OPENED:c-1,f0,i0, conf=0: [s3:0.0.0.0:44480, s4:0.0.0.0:36765, s0:0.0.0.0:35450, s1:0.0.0.0:44404, s2:0.0.0.0:36922], old=null
2019-09-24 17:09:58,229 DEBUG impl.RaftServerImpl (RaftServerImpl.java:requestVote(743)) - s1@group-3304ABEC3031: receive requestVote(s0, group-3304ABEC3031, 11, (t:0, i:0))
2019-09-24 17:09:58,229 DEBUG impl.RaftServerImpl (RaftServerImpl.java:requestVote(775)) - s0@group-3304ABEC3031 replies to vote request: s4<-s0#0:FAIL-t11. Peer's state: s0@group-3304ABEC3031:t11, leader=null, voted=s0, raftlog=s0@group-3304ABEC3031-SegmentedRaftLog:OPENED:c-1,f-1,i0, conf=-1: [s3:0.0.0.0:44480, s4:0.0.0.0:36765, s0:0.0.0.0:35450, s1:0.0.0.0:44404, s2:0.0.0.0:36922], old=null
2019-09-24 17:09:58,229 DEBUG impl.RaftServerImpl (RaftServerImpl.java:requestVote(743)) - s4@group-3304ABEC3031: receive requestVote(s0, group-3304ABEC3031, 11, (t:0, i:0))
2019-09-24 17:09:58,228 DEBUG impl.RaftServerImpl (RaftServerImpl.java:requestVote(775)) - s1@group-3304ABEC3031 replies to vote request: s4<-s1#0:FAIL-t11. Peer's state: s1@group-3304ABEC3031:t11, leader=null, voted=s1, raftlog=s1@group-3304ABEC3031-SegmentedRaftLog:OPENED:c-1,f0,i0, conf=0: [s3:0.0.0.0:44480, s4:0.0.0.0:36765, s0:0.0.0.0:35450, s1:0.0.0.0:44404, s2:0.0.0.0:36922], old=null
2019-09-24 17:09:58,231 DEBUG impl.RaftServerImpl (RaftServerImpl.java:requestVote(775)) - s4@group-3304ABEC3031 replies to vote request: s0<-s4#0:FAIL-t11. Peer's state: s4@group-3304ABEC3031:t11, leader=null, voted=s4, raftlog=s4@group-3304ABEC3031-SegmentedRaftLog:OPENED:c-1,f0,i0, conf=0: [s3:0.0.0.0:44480, s4:0.0.0.0:36765, s0:0.0.0.0:35450, s1:0.0.0.0:44404, s2:0.0.0.0:36922], old=null
2019-09-24 17:09:58,231 DEBUG impl.RaftServerImpl (RaftServerImpl.java:requestVote(775)) - s0@group-3304ABEC3031 replies to vote request: s2<-s0#0:FAIL-t11. Peer's state: s0@group-3304ABEC3031:t11, leader=null, voted=s0, raftlog=s0@group-3304ABEC3031-SegmentedRaftLog:OPENED:c-1,f-1,i0, conf=-1: [s3:0.0.0.0:44480, s4:0.0.0.0:36765, s0:0.0.0.0:35450, s1:0.0.0.0:44404, s2:0.0.0.0:36922], old=null
2019-09-24 17:09:58,229 DEBUG impl.RaftServerImpl (RaftServerImpl.java:requestVote(743)) - s2@group-3304ABEC3031: receive requestVote(s0, group-3304ABEC3031, 11, (t:0, i:0))
2019-09-24 17:09:58,231 DEBUG impl.RaftServerImpl (RaftServerImpl.java:requestVote(775)) - s1@group-3304ABEC3031 replies to vote request: s0<-s1#0:FAIL-t11. Peer's state: s1@group-3304ABEC3031:t11, leader=null, voted=s1, raftlog=s1@group-3304ABEC3031-SegmentedRaftLog:OPENED:c-1,f0,i0, conf=0: [s3:0.0.0.0:44480, s4:0.0.0.0:36765, s0:0.0.0.0:35450, s1:0.0.0.0:44404, s2:0.0.0.0:36922], old=null
2019-09-24 17:09:58,232 DEBUG impl.RaftServerImpl (RaftServerImpl.java:requestVote(775)) - s2@group-3304ABEC3031 replies to vote request: s0<-s2#0:FAIL-t11. Peer's state: s2@group-3304ABEC3031:t11, leader=null, voted=s2, raftlog=s2@group-3304ABEC3031-SegmentedRaftLog:OPENED:c-1,f0,i0, conf=0: [s3:0.0.0.0:44480, s4:0.0.0.0:36765, s0:0.0.0.0:35450, s1:0.0.0.0:44404, s2:0.0.0.0:36922], old=null
2019-09-24 17:09:58,232 DEBUG impl.RaftServerImpl (RaftServerImpl.java:requestVote(775)) - s1@group-3304ABEC3031 replies to vote request: s2<-s1#0:FAIL-t11. Peer's state: s1@group-3304ABEC3031:t11, leader=null, voted=s1, raftlog=s1@group-3304ABEC3031-SegmentedRaftLog:OPENED:c-1,f0,i0, conf=0: [s3:0.0.0.0:44480, s4:0.0.0.0:36765, s0:0.0.0.0:35450, s1:0.0.0.0:44404, s2:0.0.0.0:36922], old=null
2019-09-24 17:09:58,232 DEBUG impl.RaftServerImpl (RaftServerImpl.java:requestVote(775)) - s0@group-3304ABEC3031 replies to vote request: s1<-s0#0:FAIL-t11. Peer's state: s0@group-3304ABEC3031:t11, leader=null, voted=s0, raftlog=s0@group-3304ABEC3031-SegmentedRaftLog:OPENED:c-1,f-1,i0, conf=-1: [s3:0.0.0.0:44480, s4:0.0.0.0:36765, s0:0.0.0.0:35450, s1:0.0.0.0:44404, s2:0.0.0.0:36922], old=null
2019-09-24 17:09:58,236 DEBUG impl.RaftServerImpl (RaftServerImpl.java:requestVote(743)) - s4@group-3304ABEC3031: receive requestVote(s2, group-3304ABEC3031, 11, (t:8, i:0))
2019-09-24 17:09:58,237 DEBUG impl.RaftServerImpl (RaftServerImpl.java:requestVote(775)) - s4@group-3304ABEC3031 replies to vote request: s2<-s4#0:FAIL-t11. Peer's state: s4@group-3304ABEC3031:t11, leader=null, voted=s4, raftlog=s4@group-3304ABEC3031-SegmentedRaftLog:OPENED:c-1,f0,i0, conf=0: [s3:0.0.0.0:44480, s4:0.0.0.0:36765, s0:0.0.0.0:35450, s1:0.0.0.0:44404, s2:0.0.0.0:36922], old=null
2019-09-24 17:09:58,238 DEBUG impl.RaftServerImpl (RaftServerImpl.java:requestVote(743)) - s2@group-3304ABEC3031: receive requestVote(s4, group-3304ABEC3031, 11, (t:8, i:0))
2019-09-24 17:09:58,238 DEBUG impl.RaftServerImpl (RaftServerImpl.java:requestVote(775)) - s2@group-3304ABEC3031 replies to vote request: s4<-s2#0:FAIL-t11. Peer's state: s2@group-3304ABEC3031:t11, leader=null, voted=s2, raftlog=s2@group-3304ABEC3031-SegmentedRaftLog:OPENED:c-1,f0,i0, conf=0: [s3:0.0.0.0:44480, s4:0.0.0.0:36765, s0:0.0.0.0:35450, s1:0.0.0.0:44404, s2:0.0.0.0:36922], old=null
2019-09-24 17:09:58,242 DEBUG impl.RaftServerImpl (RaftServerImpl.java:requestVote(743)) - s3@group-3304ABEC3031: receive requestVote(s0, group-3304ABEC3031, 11, (t:0, i:0))
2019-09-24 17:09:58,242 DEBUG impl.RaftServerImpl (RaftServerImpl.java:requestVote(743)) - s4@group-3304ABEC3031: receive requestVote(s3, group-3304ABEC3031, 11, (t:8, i:0))
2019-09-24 17:09:58,242 DEBUG impl.RaftServerImpl (RaftServerImpl.java:requestVote(775)) - s3@group-3304ABEC3031 replies to vote request: s0<-s3#0:FAIL-t11. Peer's state: s3@group-3304ABEC3031:t11, leader=null, voted=s3, raftlog=s3@group-3304ABEC3031-SegmentedRaftLog:OPENED:c-1,f0,i0, conf=0: [s3:0.0.0.0:44480, s4:0.0.0.0:36765, s0:0.0.0.0:35450, s1:0.0.0.0:44404, s2:0.0.0.0:36922], old=null
2019-09-24 17:09:58,242 DEBUG impl.RaftServerImpl (RaftServerImpl.java:requestVote(743)) - s2@group-3304ABEC3031: receive requestVote(s3, group-3304ABEC3031, 11, (t:8, i:0))
2019-09-24 17:09:58,242 DEBUG impl.RaftServerImpl (RaftServerImpl.java:requestVote(775)) - s4@group-3304ABEC3031 replies to vote request: s3<-s4#0:FAIL-t11. Peer's state: s4@group-3304ABEC3031:t11, leader=null, voted=s4, raftlog=s4@group-3304ABEC3031-SegmentedRaftLog:OPENED:c-1,f0,i0, conf=0: [s3:0.0.0.0:44480, s4:0.0.0.0:36765, s0:0.0.0.0:35450, s1:0.0.0.0:44404, s2:0.0.0.0:36922], old=null
2019-09-24 17:09:58,242 DEBUG impl.RaftServerImpl (RaftServerImpl.java:requestVote(775)) - s2@group-3304ABEC3031 replies to vote request: s3<-s2#0:FAIL-t11. Peer's state: s2@group-3304ABEC3031:t11, leader=null, voted=s2, raftlog=s2@group-3304ABEC3031-SegmentedRaftLog:OPENED:c-1,f0,i0, conf=0: [s3:0.0.0.0:44480, s4:0.0.0.0:36765, s0:0.0.0.0:35450, s1:0.0.0.0:44404, s2:0.0.0.0:36922], old=null
2019-09-24 17:09:58,245 DEBUG impl.RaftServerImpl (RaftServerImpl.java:requestVote(743)) - s3@group-3304ABEC3031: receive requestVote(s2, group-3304ABEC3031, 11, (t:8, i:0))
2019-09-24 17:09:58,245 DEBUG impl.RaftServerImpl (RaftServerImpl.java:requestVote(775)) - s3@group-3304ABEC3031 replies to vote request: s2<-s3#0:FAIL-t11. Peer's state: s3@group-3304ABEC3031:t11, leader=null, voted=s3, raftlog=s3@group-3304ABEC3031-SegmentedRaftLog:OPENED:c-1,f0,i0, conf=0: [s3:0.0.0.0:44480, s4:0.0.0.0:36765, s0:0.0.0.0:35450, s1:0.0.0.0:44404, s2:0.0.0.0:36922], old=null
2019-09-24 17:09:58,247 DEBUG impl.RaftServerImpl (RaftServerImpl.java:requestVote(743)) - s1@group-3304ABEC3031: receive requestVote(s3, group-3304ABEC3031, 11, (t:8, i:0))
2019-09-24 17:09:58,248 DEBUG impl.RaftServerImpl (RaftServerImpl.java:requestVote(743)) - s0@group-3304ABEC3031: receive requestVote(s3, group-3304ABEC3031, 11, (t:8, i:0))
2019-09-24 17:09:58,248 DEBUG impl.RaftServerImpl (RaftServerImpl.java:requestVote(775)) - s1@group-3304ABEC3031 replies to vote request: s3<-s1#0:FAIL-t11. Peer's state: s1@group-3304ABEC3031:t11, leader=null, voted=s1, raftlog=s1@group-3304ABEC3031-SegmentedRaftLog:OPENED:c-1,f0,i0, conf=0: [s3:0.0.0.0:44480, s4:0.0.0.0:36765, s0:0.0.0.0:35450, s1:0.0.0.0:44404, s2:0.0.0.0:36922], old=null
2019-09-24 17:09:58,248 INFO  impl.LeaderElection (LeaderElection.java:logAndReturn(56)) - s1@group-3304ABEC3031-LeaderElection41: Election REJECTED; received 4 response(s) [s1<-s3#0:FAIL-t11, s1<-s4#0:FAIL-t11, s1<-s0#0:FAIL-t11, s1<-s2#0:FAIL-t11] and 0 exception(s); s1@group-3304ABEC3031:t11, leader=null, voted=s1, raftlog=s1@group-3304ABEC3031-SegmentedRaftLog:OPENED:c-1,f0,i0, conf=0: [s3:0.0.0.0:44480, s4:0.0.0.0:36765, s0:0.0.0.0:35450, s1:0.0.0.0:44404, s2:0.0.0.0:36922], old=null
2019-09-24 17:09:58,248 DEBUG impl.RaftServerImpl (RaftServerImpl.java:requestVote(775)) - s0@group-3304ABEC3031 replies to vote request: s3<-s0#0:FAIL-t11. Peer's state: s0@group-3304ABEC3031:t11, leader=null, voted=s0, raftlog=s0@group-3304ABEC3031-SegmentedRaftLog:OPENED:c-1,f-1,i0, conf=-1: [s3:0.0.0.0:44480, s4:0.0.0.0:36765, s0:0.0.0.0:35450, s1:0.0.0.0:44404, s2:0.0.0.0:36922], old=null
2019-09-24 17:09:58,248 INFO  impl.RaftServerImpl (RaftServerImpl.java:setRole(170)) - s1@group-3304ABEC3031: changes role from CANDIDATE to FOLLOWER at term 11 for DISCOVERED_A_NEW_TERM
2019-09-24 17:09:58,249 INFO  impl.RoleInfo (RoleInfo.java:shutdownLeaderElection(134)) - s1: shutdown LeaderElection
2019-09-24 17:09:58,249 INFO  impl.RoleInfo (RoleInfo.java:updateAndGet(143)) - s1: start FollowerState
2019-09-24 17:09:58,254 INFO  impl.LeaderElection (LeaderElection.java:logAndReturn(56)) - s4@group-3304ABEC3031-LeaderElection40: Election REJECTED; received 4 response(s) [s4<-s3#0:FAIL-t11, s4<-s0#0:FAIL-t11, s4<-s1#0:FAIL-t11, s4<-s2#0:FAIL-t11] and 0 exception(s); s4@group-3304ABEC3031:t11, leader=null, voted=s4, raftlog=s4@group-3304ABEC3031-SegmentedRaftLog:OPENED:c-1,f0,i0, conf=0: [s3:0.0.0.0:44480, s4:0.0.0.0:36765, s0:0.0.0.0:35450, s1:0.0.0.0:44404, s2:0.0.0.0:36922], old=null
2019-09-24 17:09:58,254 INFO  impl.RaftServerImpl (RaftServerImpl.java:setRole(170)) - s4@group-3304ABEC3031: changes role from CANDIDATE to FOLLOWER at term 11 for DISCOVERED_A_NEW_TERM
2019-09-24 17:09:58,254 INFO  impl.RoleInfo (RoleInfo.java:shutdownLeaderElection(134)) - s4: shutdown LeaderElection
2019-09-24 17:09:58,255 INFO  impl.RoleInfo (RoleInfo.java:updateAndGet(143)) - s4: start FollowerState
2019-09-24 17:09:58,257 INFO  impl.LeaderElection (LeaderElection.java:logAndReturn(56)) - s2@group-3304ABEC3031-LeaderElection42: Election REJECTED; received 4 response(s) [s2<-s3#0:FAIL-t11, s2<-s4#0:FAIL-t11, s2<-s0#0:FAIL-t11, s2<-s1#0:FAIL-t11] and 0 exception(s); s2@group-3304ABEC3031:t11, leader=null, voted=s2, raftlog=s2@group-3304ABEC3031-SegmentedRaftLog:OPENED:c-1,f0,i0, conf=0: [s3:0.0.0.0:44480, s4:0.0.0.0:36765, s0:0.0.0.0:35450, s1:0.0.0.0:44404, s2:0.0.0.0:36922], old=null
2019-09-24 17:09:58,257 INFO  impl.RaftServerImpl (RaftServerImpl.java:setRole(170)) - s2@group-3304ABEC3031: changes role from CANDIDATE to FOLLOWER at term 11 for DISCOVERED_A_NEW_TERM
2019-09-24 17:09:58,257 INFO  impl.RoleInfo (RoleInfo.java:shutdownLeaderElection(134)) - s2: shutdown LeaderElection
2019-09-24 17:09:58,257 INFO  impl.RoleInfo (RoleInfo.java:updateAndGet(143)) - s2: start FollowerState
2019-09-24 17:09:58,262 INFO  impl.LeaderElection (LeaderElection.java:logAndReturn(56)) - s0@group-3304ABEC3031-LeaderElection43: Election REJECTED; received 4 response(s) [s0<-s3#0:FAIL-t11, s0<-s4#0:FAIL-t11, s0<-s1#0:FAIL-t11, s0<-s2#0:FAIL-t11] and 0 exception(s); s0@group-3304ABEC3031:t11, leader=null, voted=s0, raftlog=s0@group-3304ABEC3031-SegmentedRaftLog:OPENED:c-1,f-1,i0, conf=-1: [s3:0.0.0.0:44480, s4:0.0.0.0:36765, s0:0.0.0.0:35450, s1:0.0.0.0:44404, s2:0.0.0.0:36922], old=null
2019-09-24 17:09:58,262 INFO  impl.RaftServerImpl (RaftServerImpl.java:setRole(170)) - s0@group-3304ABEC3031: changes role from CANDIDATE to FOLLOWER at term 11 for DISCOVERED_A_NEW_TERM
2019-09-24 17:09:58,262 INFO  impl.RoleInfo (RoleInfo.java:shutdownLeaderElection(134)) - s0: shutdown LeaderElection
2019-09-24 17:09:58,263 INFO  impl.RoleInfo (RoleInfo.java:updateAndGet(143)) - s0: start FollowerState
2019-09-24 17:09:58,268 INFO  impl.LeaderElection (LeaderElection.java:logAndReturn(56)) - s3@group-3304ABEC3031-LeaderElection44: Election REJECTED; received 4 response(s) [s3<-s4#0:FAIL-t11, s3<-s0#0:FAIL-t11, s3<-s1#0:FAIL-t11, s3<-s2#0:FAIL-t11] and 0 exception(s); s3@group-3304ABEC3031:t11, leader=null, voted=s3, raftlog=s3@group-3304ABEC3031-SegmentedRaftLog:OPENED:c-1,f0,i0, conf=0: [s3:0.0.0.0:44480, s4:0.0.0.0:36765, s0:0.0.0.0:35450, s1:0.0.0.0:44404, s2:0.0.0.0:36922], old=null
2019-09-24 17:09:58,268 INFO  impl.RaftServerImpl (RaftServerImpl.java:setRole(170)) - s3@group-3304ABEC3031: changes role from CANDIDATE to FOLLOWER at term 11 for DISCOVERED_A_NEW_TERM
2019-09-24 17:09:58,268 INFO  impl.RoleInfo (RoleInfo.java:shutdownLeaderElection(134)) - s3: shutdown LeaderElection
2019-09-24 17:09:58,269 INFO  impl.RoleInfo (RoleInfo.java:updateAndGet(143)) - s3: start FollowerState
2019-09-24 17:09:58,434 INFO  impl.FollowerState (FollowerState.java:run(108)) - s3@group-3304ABEC3031-FollowerState: change to CANDIDATE, lastRpcTime:165ms, electionTimeout:165ms
2019-09-24 17:09:58,434 INFO  impl.RoleInfo (RoleInfo.java:shutdownFollowerState(121)) - s3: shutdown FollowerState
2019-09-24 17:09:58,435 INFO  impl.RaftServerImpl (RaftServerImpl.java:setRole(170)) - s3@group-3304ABEC3031: changes role from  FOLLOWER to CANDIDATE at term 11 for changeToCandidate
2019-09-24 17:09:58,435 INFO  impl.RoleInfo (RoleInfo.java:updateAndGet(143)) - s3: start LeaderElection
2019-09-24 17:09:58,463 INFO  impl.FollowerState (FollowerState.java:run(108)) - s1@group-3304ABEC3031-FollowerState: change to CANDIDATE, lastRpcTime:213ms, electionTimeout:213ms
2019-09-24 17:09:58,463 INFO  impl.RoleInfo (RoleInfo.java:shutdownFollowerState(121)) - s1: shutdown FollowerState
2019-09-24 17:09:58,463 INFO  impl.RaftServerImpl (RaftServerImpl.java:setRole(170)) - s1@group-3304ABEC3031: changes role from  FOLLOWER to CANDIDATE at term 11 for changeToCandidate
2019-09-24 17:09:58,463 INFO  impl.RoleInfo (RoleInfo.java:updateAndGet(143)) - s1: start LeaderElection
2019-09-24 17:09:58,518 INFO  impl.FollowerState (FollowerState.java:run(108)) - s2@group-3304ABEC3031-FollowerState: change to CANDIDATE, lastRpcTime:260ms, electionTimeout:260ms
2019-09-24 17:09:58,518 INFO  impl.RoleInfo (RoleInfo.java:shutdownFollowerState(121)) - s2: shutdown FollowerState
2019-09-24 17:09:58,518 INFO  impl.FollowerState (FollowerState.java:run(108)) - s4@group-3304ABEC3031-FollowerState: change to CANDIDATE, lastRpcTime:263ms, electionTimeout:263ms
2019-09-24 17:09:58,518 INFO  impl.RaftServerImpl (RaftServerImpl.java:setRole(170)) - s2@group-3304ABEC3031: changes role from  FOLLOWER to CANDIDATE at term 11 for changeToCandidate
2019-09-24 17:09:58,519 INFO  impl.RoleInfo (RoleInfo.java:shutdownFollowerState(121)) - s4: shutdown FollowerState
2019-09-24 17:09:58,519 INFO  impl.RoleInfo (RoleInfo.java:updateAndGet(143)) - s2: start LeaderElection
2019-09-24 17:09:58,519 INFO  impl.RaftServerImpl (RaftServerImpl.java:setRole(170)) - s4@group-3304ABEC3031: changes role from  FOLLOWER to CANDIDATE at term 11 for changeToCandidate
2019-09-24 17:09:58,519 INFO  impl.RoleInfo (RoleInfo.java:updateAndGet(143)) - s4: start LeaderElection
2019-09-24 17:09:58,552 INFO  impl.FollowerState (FollowerState.java:run(108)) - s0@group-3304ABEC3031-FollowerState: change to CANDIDATE, lastRpcTime:289ms, electionTimeout:289ms
2019-09-24 17:09:58,552 INFO  impl.RoleInfo (RoleInfo.java:shutdownFollowerState(121)) - s0: shutdown FollowerState
2019-09-24 17:09:58,553 INFO  impl.RaftServerImpl (RaftServerImpl.java:setRole(170)) - s0@group-3304ABEC3031: changes role from  FOLLOWER to CANDIDATE at term 11 for changeToCandidate
2019-09-24 17:09:58,553 INFO  impl.RoleInfo (RoleInfo.java:updateAndGet(143)) - s0: start LeaderElection
2019-09-24 17:09:58,578 INFO  simulation.TestLeaderElectionWithSimulatedRpc (LeaderElectionTests.java:enforceLeader(110)) - try enforcing leader to s0 but no leader for round 6
2019-09-24 17:09:58,578 INFO  server.RaftServerConfigKeys (ConfUtils.java:logGet(43)) - raft.server.rpc.timeout.max = 300ms (default)
2019-09-24 17:09:59,029 INFO  server.RaftServerConfigKeys (ConfUtils.java:logGet(43)) - raft.server.rpc.timeout.max = 300ms (default)
2019-09-24 17:09:59,480 INFO  simulation.TestLeaderElectionWithSimulatedRpc (LeaderElectionTests.java:enforceLeader(110)) - try enforcing leader to s0 but no leader for round 7
2019-09-24 17:09:59,480 INFO  server.RaftServerConfigKeys (ConfUtils.java:logGet(43)) - raft.server.rpc.timeout.max = 300ms (default)
2019-09-24 17:09:59,931 INFO  server.RaftServerConfigKeys (ConfUtils.java:logGet(43)) - raft.server.rpc.timeout.max = 300ms (default)
2019-09-24 17:10:00,381 INFO  simulation.TestLeaderElectionWithSimulatedRpc (LeaderElectionTests.java:enforceLeader(110)) - try enforcing leader to s0 but no leader for round 8
2019-09-24 17:10:00,382 INFO  server.RaftServerConfigKeys (ConfUtils.java:logGet(43)) - raft.server.rpc.timeout.max = 300ms (default)
2019-09-24 17:10:00,832 INFO  server.RaftServerConfigKeys (ConfUtils.java:logGet(43)) - raft.server.rpc.timeout.max = 300ms (default)
2019-09-24 17:10:01,283 INFO  simulation.TestLeaderElectionWithSimulatedRpc (LeaderElectionTests.java:enforceLeader(110)) - try enforcing leader to s0 but no leader for round 9
2019-09-24 17:10:01,284 INFO  server.RaftServerConfigKeys (ConfUtils.java:logGet(43)) - raft.server.rpc.timeout.max = 300ms (default)
2019-09-24 17:10:01,734 INFO  server.RaftServerConfigKeys (ConfUtils.java:logGet(43)) - raft.server.rpc.timeout.max = 300ms (default)
2019-09-24 17:10:02,185 INFO  simulation.TestLeaderElectionWithSimulatedRpc (LeaderElectionTests.java:enforceLeader(113)) - printing ALL groups
  s3:  RUNNING CANDIDATE s3@group-3304ABEC3031:t12, leader=null, voted=s3, raftlog=s3@group-3304ABEC3031-SegmentedRaftLog:OPENED:c-1,f0,i0, conf=0: [s3:0.0.0.0:44480, s4:0.0.0.0:36765, s0:0.0.0.0:35450, s1:0.0.0.0:44404, s2:0.0.0.0:36922], old=null RUNNING
  s4:  RUNNING CANDIDATE s4@group-3304ABEC3031:t12, leader=null, voted=s4, raftlog=s4@group-3304ABEC3031-SegmentedRaftLog:OPENED:c-1,f0,i0, conf=0: [s3:0.0.0.0:44480, s4:0.0.0.0:36765, s0:0.0.0.0:35450, s1:0.0.0.0:44404, s2:0.0.0.0:36922], old=null RUNNING
  s0:  RUNNING CANDIDATE s0@group-3304ABEC3031:t12, leader=null, voted=s0, raftlog=s0@group-3304ABEC3031-SegmentedRaftLog:OPENED:c-1,f-1,i0, conf=-1: [s3:0.0.0.0:44480, s4:0.0.0.0:36765, s0:0.0.0.0:35450, s1:0.0.0.0:44404, s2:0.0.0.0:36922], old=null RUNNING
  s1:  RUNNING CANDIDATE s1@group-3304ABEC3031:t12, leader=null, voted=s1, raftlog=s1@group-3304ABEC3031-SegmentedRaftLog:OPENED:c-1,f0,i0, conf=0: [s3:0.0.0.0:44480, s4:0.0.0.0:36765, s0:0.0.0.0:35450, s1:0.0.0.0:44404, s2:0.0.0.0:36922], old=null RUNNING
  s2:  RUNNING CANDIDATE s2@group-3304ABEC3031:t12, leader=null, voted=s2, raftlog=s2@group-3304ABEC3031-SegmentedRaftLog:OPENED:c-1,f0,i0, conf=0: [s3:0.0.0.0:44480, s4:0.0.0.0:36765, s0:0.0.0.0:35450, s1:0.0.0.0:44404, s2:0.0.0.0:36922], old=null RUNNING
2019-09-24 17:10:02,186 INFO  ratis.MiniRaftCluster (MiniRaftCluster.java:shutdown(700)) - ************************************************************** 
2019-09-24 17:10:02,186 INFO  ratis.MiniRaftCluster (MiniRaftCluster.java:shutdown(701)) - *** 
2019-09-24 17:10:02,186 INFO  ratis.MiniRaftCluster (MiniRaftCluster.java:shutdown(702)) - ***     Stopping MiniRaftClusterWithSimulatedRpc
2019-09-24 17:10:02,187 INFO  ratis.MiniRaftCluster (MiniRaftCluster.java:shutdown(703)) - *** 
2019-09-24 17:10:02,187 INFO  ratis.MiniRaftCluster (MiniRaftCluster.java:shutdown(704)) - ************************************************************** 
2019-09-24 17:10:02,187 INFO  ratis.MiniRaftCluster (MiniRaftCluster.java:shutdown(705)) - printing ALL groups
  s3:  RUNNING CANDIDATE s3@group-3304ABEC3031:t12, leader=null, voted=s3, raftlog=s3@group-3304ABEC3031-SegmentedRaftLog:OPENED:c-1,f0,i0, conf=0: [s3:0.0.0.0:44480, s4:0.0.0.0:36765, s0:0.0.0.0:35450, s1:0.0.0.0:44404, s2:0.0.0.0:36922], old=null RUNNING
  s4:  RUNNING CANDIDATE s4@group-3304ABEC3031:t12, leader=null, voted=s4, raftlog=s4@group-3304ABEC3031-SegmentedRaftLog:OPENED:c-1,f0,i0, conf=0: [s3:0.0.0.0:44480, s4:0.0.0.0:36765, s0:0.0.0.0:35450, s1:0.0.0.0:44404, s2:0.0.0.0:36922], old=null RUNNING
  s0:  RUNNING CANDIDATE s0@group-3304ABEC3031:t12, leader=null, voted=s0, raftlog=s0@group-3304ABEC3031-SegmentedRaftLog:OPENED:c-1,f-1,i0, conf=-1: [s3:0.0.0.0:44480, s4:0.0.0.0:36765, s0:0.0.0.0:35450, s1:0.0.0.0:44404, s2:0.0.0.0:36922], old=null RUNNING
  s1:  RUNNING CANDIDATE s1@group-3304ABEC3031:t12, leader=null, voted=s1, raftlog=s1@group-3304ABEC3031-SegmentedRaftLog:OPENED:c-1,f0,i0, conf=0: [s3:0.0.0.0:44480, s4:0.0.0.0:36765, s0:0.0.0.0:35450, s1:0.0.0.0:44404, s2:0.0.0.0:36922], old=null RUNNING
  s2:  RUNNING CANDIDATE s2@group-3304ABEC3031:t12, leader=null, voted=s2, raftlog=s2@group-3304ABEC3031-SegmentedRaftLog:OPENED:c-1,f0,i0, conf=0: [s3:0.0.0.0:44480, s4:0.0.0.0:36765, s0:0.0.0.0:35450, s1:0.0.0.0:44404, s2:0.0.0.0:36922], old=null RUNNING
2019-09-24 17:10:02,192 INFO  impl.RaftServerProxy (RaftServerProxy.java:lambda$close$4(314)) - s4: close
2019-09-24 17:10:02,192 INFO  impl.RaftServerProxy (RaftServerProxy.java:lambda$close$4(314)) - s1: close
2019-09-24 17:10:02,192 INFO  impl.RaftServerProxy (RaftServerProxy.java:lambda$close$4(314)) - s2: close
2019-09-24 17:10:02,192 INFO  impl.RaftServerProxy (RaftServerProxy.java:lambda$close$4(314)) - s0: close
2019-09-24 17:10:02,192 INFO  impl.RaftServerProxy (RaftServerProxy.java:lambda$close$4(314)) - s3: close
2019-09-24 17:10:02,196 INFO  impl.RaftServerImpl (RaftServerImpl.java:lambda$shutdown$3(247)) - s0@group-3304ABEC3031: shutdown
2019-09-24 17:10:02,196 INFO  impl.RaftServerImpl (RaftServerImpl.java:lambda$shutdown$3(247)) - s3@group-3304ABEC3031: shutdown
2019-09-24 17:10:02,196 INFO  impl.RaftServerImpl (RaftServerImpl.java:lambda$shutdown$3(247)) - s1@group-3304ABEC3031: shutdown
2019-09-24 17:10:02,196 INFO  impl.RaftServerImpl (RaftServerImpl.java:lambda$shutdown$3(247)) - s4@group-3304ABEC3031: shutdown
2019-09-24 17:10:02,196 INFO  impl.RaftServerImpl (RaftServerImpl.java:lambda$shutdown$3(247)) - s2@group-3304ABEC3031: shutdown
2019-09-24 17:10:02,198 INFO  util.JmxRegister (JmxRegister.java:unregister(73)) - Successfully un-registered JMX Bean with object name Ratis:service=RaftServer,group=group-3304ABEC3031,id=s4
2019-09-24 17:10:02,197 INFO  util.JmxRegister (JmxRegister.java:unregister(73)) - Successfully un-registered JMX Bean with object name Ratis:service=RaftServer,group=group-3304ABEC3031,id=s1
2019-09-24 17:10:02,197 INFO  util.JmxRegister (JmxRegister.java:unregister(73)) - Successfully un-registered JMX Bean with object name Ratis:service=RaftServer,group=group-3304ABEC3031,id=s3
2019-09-24 17:10:02,197 INFO  util.JmxRegister (JmxRegister.java:unregister(73)) - Successfully un-registered JMX Bean with object name Ratis:service=RaftServer,group=group-3304ABEC3031,id=s0
2019-09-24 17:10:02,199 INFO  impl.RoleInfo (RoleInfo.java:shutdownLeaderElection(134)) - s3: shutdown LeaderElection
2019-09-24 17:10:02,198 INFO  impl.RoleInfo (RoleInfo.java:shutdownLeaderElection(134)) - s1: shutdown LeaderElection
2019-09-24 17:10:02,198 INFO  impl.RoleInfo (RoleInfo.java:shutdownLeaderElection(134)) - s4: shutdown LeaderElection
2019-09-24 17:10:02,198 INFO  util.JmxRegister (JmxRegister.java:unregister(73)) - Successfully un-registered JMX Bean with object name Ratis:service=RaftServer,group=group-3304ABEC3031,id=s2
2019-09-24 17:10:02,200 INFO  impl.StateMachineUpdater (StateMachineUpdater.java:stopAndJoin(136)) - s4@group-3304ABEC3031-StateMachineUpdater: set stopIndex = -1
2019-09-24 17:10:02,199 INFO  impl.StateMachineUpdater (StateMachineUpdater.java:stopAndJoin(136)) - s1@group-3304ABEC3031-StateMachineUpdater: set stopIndex = -1
2019-09-24 17:10:02,199 INFO  impl.StateMachineUpdater (StateMachineUpdater.java:stopAndJoin(136)) - s3@group-3304ABEC3031-StateMachineUpdater: set stopIndex = -1
2019-09-24 17:10:02,199 INFO  impl.RoleInfo (RoleInfo.java:shutdownLeaderElection(134)) - s0: shutdown LeaderElection
2019-09-24 17:10:02,202 INFO  impl.RaftServerImpl (ServerState.java:close(386)) - s3@group-3304ABEC3031: closes. applyIndex: -1
2019-09-24 17:10:02,201 INFO  impl.RaftServerImpl (ServerState.java:close(386)) - s1@group-3304ABEC3031: closes. applyIndex: -1
2019-09-24 17:10:02,201 INFO  impl.RaftServerImpl (ServerState.java:close(386)) - s4@group-3304ABEC3031: closes. applyIndex: -1
2019-09-24 17:10:02,201 INFO  impl.RoleInfo (RoleInfo.java:shutdownLeaderElection(134)) - s2: shutdown LeaderElection
2019-09-24 17:10:02,202 INFO  impl.StateMachineUpdater (StateMachineUpdater.java:stopAndJoin(136)) - s0@group-3304ABEC3031-StateMachineUpdater: set stopIndex = -1
2019-09-24 17:10:02,203 INFO  impl.StateMachineUpdater (StateMachineUpdater.java:stopAndJoin(136)) - s2@group-3304ABEC3031-StateMachineUpdater: set stopIndex = -1
2019-09-24 17:10:02,203 INFO  impl.RaftServerImpl (ServerState.java:close(386)) - s0@group-3304ABEC3031: closes. applyIndex: -1
2019-09-24 17:10:02,203 INFO  impl.RaftServerImpl (ServerState.java:close(386)) - s2@group-3304ABEC3031: closes. applyIndex: -1
2019-09-24 17:10:02,205 INFO  segmented.SegmentedRaftLogWorker (SegmentedRaftLogWorker.java:run(313)) - s3@group-3304ABEC3031-SegmentedRaftLogWorker was interrupted, exiting. There are 0 tasks remaining in the queue.
2019-09-24 17:10:02,205 INFO  segmented.SegmentedRaftLogWorker (SegmentedRaftLogWorker.java:run(313)) - s4@group-3304ABEC3031-SegmentedRaftLogWorker was interrupted, exiting. There are 0 tasks remaining in the queue.
2019-09-24 17:10:02,205 INFO  segmented.SegmentedRaftLogWorker (SegmentedRaftLogWorker.java:run(313)) - s2@group-3304ABEC3031-SegmentedRaftLogWorker was interrupted, exiting. There are 0 tasks remaining in the queue.
2019-09-24 17:10:02,205 INFO  segmented.SegmentedRaftLogWorker (SegmentedRaftLogWorker.java:run(313)) - s0@group-3304ABEC3031-SegmentedRaftLogWorker was interrupted, exiting. There are 0 tasks remaining in the queue.
2019-09-24 17:10:02,205 INFO  segmented.SegmentedRaftLogWorker (SegmentedRaftLogWorker.java:run(313)) - s1@group-3304ABEC3031-SegmentedRaftLogWorker was interrupted, exiting. There are 0 tasks remaining in the queue.
2019-09-24 17:10:02,207 INFO  segmented.SegmentedRaftLogWorker (SegmentedRaftLogWorker.java:close(228)) - s0@group-3304ABEC3031-SegmentedRaftLogWorker close()
2019-09-24 17:10:02,209 INFO  segmented.SegmentedRaftLogWorker (SegmentedRaftLogWorker.java:close(228)) - s4@group-3304ABEC3031-SegmentedRaftLogWorker close()
2019-09-24 17:10:02,209 INFO  segmented.SegmentedRaftLogWorker (SegmentedRaftLogWorker.java:close(228)) - s3@group-3304ABEC3031-SegmentedRaftLogWorker close()
2019-09-24 17:10:02,210 INFO  segmented.SegmentedRaftLogWorker (SegmentedRaftLogWorker.java:close(228)) - s2@group-3304ABEC3031-SegmentedRaftLogWorker close()
2019-09-24 17:10:02,210 INFO  simulation.RequestHandler (RequestHandler.java:run(126)) - s4.clientHandler2 is interrupted by java.io.InterruptedIOException: 
2019-09-24 17:10:02,210 INFO  simulation.RequestHandler (RequestHandler.java:run(126)) - s4.clientHandler1 is interrupted by java.io.InterruptedIOException: 
2019-09-24 17:10:02,211 INFO  simulation.RequestHandler (RequestHandler.java:run(126)) - s0.clientHandler2 is interrupted by java.io.InterruptedIOException: 
2019-09-24 17:10:02,210 INFO  simulation.RequestHandler (RequestHandler.java:run(126)) - s0.clientHandler0 is interrupted by java.io.InterruptedIOException: 
2019-09-24 17:10:02,211 INFO  segmented.SegmentedRaftLogWorker (SegmentedRaftLogWorker.java:close(228)) - s1@group-3304ABEC3031-SegmentedRaftLogWorker close()
2019-09-24 17:10:02,210 INFO  simulation.RequestHandler (RequestHandler.java:run(126)) - s0.clientHandler1 is interrupted by java.io.InterruptedIOException: 
2019-09-24 17:10:02,212 INFO  simulation.RequestHandler (RequestHandler.java:run(126)) - s1.clientHandler1 is interrupted by java.io.InterruptedIOException: 
2019-09-24 17:10:02,210 INFO  simulation.RequestHandler (RequestHandler.java:run(126)) - s4.clientHandler0 is interrupted by java.io.InterruptedIOException: 
2019-09-24 17:10:02,212 INFO  simulation.RequestHandler (RequestHandler.java:run(126)) - s0.serverHandler2 is interrupted by java.io.InterruptedIOException: 
2019-09-24 17:10:02,212 INFO  simulation.RequestHandler (RequestHandler.java:run(126)) - s0.serverHandler0 is interrupted by java.io.InterruptedIOException: 
2019-09-24 17:10:02,213 INFO  simulation.RequestHandler (RequestHandler.java:run(126)) - s4.serverHandler1 is interrupted by java.io.InterruptedIOException: 
2019-09-24 17:10:02,212 INFO  simulation.RequestHandler (RequestHandler.java:run(126)) - s0.serverHandler1 is interrupted by java.io.InterruptedIOException: 
2019-09-24 17:10:02,212 INFO  simulation.RequestHandler (RequestHandler.java:run(126)) - s1.clientHandler2 is interrupted by java.io.InterruptedIOException: 
2019-09-24 17:10:02,212 INFO  simulation.RequestHandler (RequestHandler.java:run(126)) - s1.clientHandler0 is interrupted by java.io.InterruptedIOException: 
2019-09-24 17:10:02,211 INFO  simulation.RequestHandler (RequestHandler.java:run(126)) - s2.clientHandler1 is interrupted by java.io.InterruptedIOException: 
2019-09-24 17:10:02,214 INFO  simulation.RequestHandler (RequestHandler.java:run(126)) - s1.serverHandler0 is interrupted by java.io.InterruptedIOException: 
2019-09-24 17:10:02,211 INFO  simulation.RequestHandler (RequestHandler.java:run(126)) - s2.clientHandler2 is interrupted by java.io.InterruptedIOException: 
2019-09-24 17:10:02,211 INFO  simulation.RequestHandler (RequestHandler.java:run(126)) - s2.clientHandler0 is interrupted by java.io.InterruptedIOException: 
2019-09-24 17:10:02,211 INFO  simulation.RequestHandler (RequestHandler.java:run(126)) - s3.clientHandler2 is interrupted by java.io.InterruptedIOException: 
2019-09-24 17:10:02,214 INFO  simulation.RequestHandler (RequestHandler.java:run(126)) - s2.serverHandler0 is interrupted by java.io.InterruptedIOException: 
2019-09-24 17:10:02,211 INFO  simulation.RequestHandler (RequestHandler.java:run(126)) - s3.clientHandler1 is interrupted by java.io.InterruptedIOException: 
2019-09-24 17:10:02,211 INFO  simulation.RequestHandler (RequestHandler.java:run(126)) - s3.clientHandler0 is interrupted by java.io.InterruptedIOException: 
2019-09-24 17:10:02,214 INFO  simulation.RequestHandler (RequestHandler.java:run(126)) - s2.serverHandler1 is interrupted by java.io.InterruptedIOException: 
2019-09-24 17:10:02,215 INFO  simulation.RequestHandler (RequestHandler.java:run(126)) - s3.serverHandler0 is interrupted by java.io.InterruptedIOException: 
2019-09-24 17:10:02,214 INFO  simulation.RequestHandler (RequestHandler.java:run(126)) - s2.serverHandler2 is interrupted by java.io.InterruptedIOException: 
2019-09-24 17:10:02,214 INFO  simulation.RequestHandler (RequestHandler.java:run(126)) - s1.serverHandler1 is interrupted by java.io.InterruptedIOException: 
2019-09-24 17:10:02,214 INFO  simulation.RequestHandler (RequestHandler.java:run(126)) - s1.serverHandler2 is interrupted by java.io.InterruptedIOException: 
2019-09-24 17:10:02,213 INFO  simulation.RequestHandler (RequestHandler.java:run(126)) - s4.serverHandler2 is interrupted by java.io.InterruptedIOException: 
2019-09-24 17:10:02,213 INFO  simulation.RequestHandler (RequestHandler.java:run(126)) - s4.serverHandler0 is interrupted by java.io.InterruptedIOException: 
2019-09-24 17:10:02,212 INFO  impl.LeaderElection (LeaderElection.java:askForVotes(178)) - s1@group-3304ABEC3031-LeaderElection46: begin an election at term 12 for 0: [s3:0.0.0.0:44480, s4:0.0.0.0:36765, s0:0.0.0.0:35450, s1:0.0.0.0:44404, s2:0.0.0.0:36922], old=null
2019-09-24 17:10:02,212 INFO  impl.LeaderElection (LeaderElection.java:askForVotes(178)) - s3@group-3304ABEC3031-LeaderElection45: begin an election at term 12 for 0: [s3:0.0.0.0:44480, s4:0.0.0.0:36765, s0:0.0.0.0:35450, s1:0.0.0.0:44404, s2:0.0.0.0:36922], old=null
2019-09-24 17:10:02,215 INFO  simulation.RequestHandler (RequestHandler.java:run(126)) - s3.serverHandler2 is interrupted by java.io.InterruptedIOException: 
2019-09-24 17:10:02,215 INFO  simulation.RequestHandler (RequestHandler.java:run(126)) - s3.serverHandler1 is interrupted by java.io.InterruptedIOException: 
2019-09-24 17:10:02,217 INFO  impl.LeaderElection (LeaderElection.java:run(137)) - s1@group-3304ABEC3031-LeaderElection46: IllegalArgumentException is safely ignored since this is already CLOSING
java.lang.IllegalArgumentException: s1@group-3304ABEC3031-SegmentedRaftLog is expected to be opened but it is CLOSED
	at org.apache.ratis.util.OpenCloseState.assertOpen(OpenCloseState.java:63)
	at org.apache.ratis.server.raftlog.RaftLog.checkLogState(RaftLog.java:102)
	at org.apache.ratis.server.raftlog.segmented.SegmentedRaftLog.getLastEntryTermIndex(SegmentedRaftLog.java:324)
	at org.apache.ratis.server.impl.LeaderElection.askForVotes(LeaderElection.java:180)
	at org.apache.ratis.server.impl.LeaderElection.run(LeaderElection.java:133)
	at java.lang.Thread.run(Thread.java:748)
Caused by: org.apache.ratis.util.OpenCloseState$CloseTrace: Close s1@group-3304ABEC3031-SegmentedRaftLog
	at org.apache.ratis.util.OpenCloseState.lambda$close$1(OpenCloseState.java:109)
	at java.util.concurrent.atomic.AtomicReference.getAndUpdate(AtomicReference.java:160)
	at org.apache.ratis.util.OpenCloseState.close(OpenCloseState.java:109)
	at org.apache.ratis.server.raftlog.RaftLog.close(RaftLog.java:437)
	at org.apache.ratis.server.raftlog.segmented.SegmentedRaftLog.close(SegmentedRaftLog.java:476)
	at org.apache.ratis.server.impl.ServerState.close(ServerState.java:388)
	at org.apache.ratis.server.impl.RaftServerImpl.lambda$shutdown$3(RaftServerImpl.java:269)
	at org.apache.ratis.util.LifeCycle.lambda$checkStateAndClose$2(LifeCycle.java:231)
	at org.apache.ratis.util.LifeCycle.checkStateAndClose(LifeCycle.java:251)
	at org.apache.ratis.util.LifeCycle.checkStateAndClose(LifeCycle.java:229)
	at org.apache.ratis.server.impl.RaftServerImpl.shutdown(RaftServerImpl.java:246)
	at org.apache.ratis.server.impl.RaftServerProxy$ImplMap.lambda$close$0(RaftServerProxy.java:107)
	at java.util.stream.ForEachOps$ForEachOp$OfRef.accept(ForEachOps.java:184)
	at java.util.stream.ReferencePipeline$3$1.accept(ReferencePipeline.java:193)
	at java.util.concurrent.ConcurrentHashMap$ValueSpliterator.forEachRemaining(ConcurrentHashMap.java:3566)
	at java.util.stream.AbstractPipeline.copyInto(AbstractPipeline.java:482)
	at java.util.stream.ForEachOps$ForEachTask.compute(ForEachOps.java:291)
	at java.util.concurrent.CountedCompleter.exec(CountedCompleter.java:731)
	at java.util.concurrent.ForkJoinTask.doExec(ForkJoinTask.java:289)
	at java.util.concurrent.ForkJoinTask.doInvoke(ForkJoinTask.java:401)
	at java.util.concurrent.ForkJoinTask.invoke(ForkJoinTask.java:734)
	at java.util.stream.ForEachOps$ForEachOp.evaluateParallel(ForEachOps.java:160)
	at java.util.stream.ForEachOps$ForEachOp$OfRef.evaluateParallel(ForEachOps.java:174)
	at java.util.stream.AbstractPipeline.evaluate(AbstractPipeline.java:233)
	at java.util.stream.ReferencePipeline.forEach(ReferencePipeline.java:418)
	at org.apache.ratis.server.impl.RaftServerProxy$ImplMap.close(RaftServerProxy.java:107)
	at org.apache.ratis.server.impl.RaftServerProxy.lambda$close$4(RaftServerProxy.java:315)
	at org.apache.ratis.util.LifeCycle.lambda$checkStateAndClose$2(LifeCycle.java:231)
	at org.apache.ratis.util.LifeCycle.checkStateAndClose(LifeCycle.java:251)
	at org.apache.ratis.util.LifeCycle.checkStateAndClose(LifeCycle.java:229)
	at org.apache.ratis.server.impl.RaftServerProxy.close(RaftServerProxy.java:313)
	at java.util.concurrent.Executors$RunnableAdapter.call(Executors.java:511)
	at java.util.concurrent.FutureTask.run(FutureTask.java:266)
	at java.util.concurrent.ThreadPoolExecutor.runWorker(ThreadPoolExecutor.java:1149)
	at java.util.concurrent.ThreadPoolExecutor$Worker.run(ThreadPoolExecutor.java:624)
	... 1 more
2019-09-24 17:10:02,217 INFO  impl.LeaderElection (LeaderElection.java:run(137)) - s3@group-3304ABEC3031-LeaderElection45: IllegalArgumentException is safely ignored since this is already CLOSING
java.lang.IllegalArgumentException: s3@group-3304ABEC3031-SegmentedRaftLog is expected to be opened but it is CLOSED
	at org.apache.ratis.util.OpenCloseState.assertOpen(OpenCloseState.java:63)
	at org.apache.ratis.server.raftlog.RaftLog.checkLogState(RaftLog.java:102)
	at org.apache.ratis.server.raftlog.segmented.SegmentedRaftLog.getLastEntryTermIndex(SegmentedRaftLog.java:324)
	at org.apache.ratis.server.impl.LeaderElection.askForVotes(LeaderElection.java:180)
	at org.apache.ratis.server.impl.LeaderElection.run(LeaderElection.java:133)
	at java.lang.Thread.run(Thread.java:748)
Caused by: org.apache.ratis.util.OpenCloseState$CloseTrace: Close s3@group-3304ABEC3031-SegmentedRaftLog
	at org.apache.ratis.util.OpenCloseState.lambda$close$1(OpenCloseState.java:109)
	at java.util.concurrent.atomic.AtomicReference.getAndUpdate(AtomicReference.java:160)
	at org.apache.ratis.util.OpenCloseState.close(OpenCloseState.java:109)
	at org.apache.ratis.server.raftlog.RaftLog.close(RaftLog.java:437)
	at org.apache.ratis.server.raftlog.segmented.SegmentedRaftLog.close(SegmentedRaftLog.java:476)
	at org.apache.ratis.server.impl.ServerState.close(ServerState.java:388)
	at org.apache.ratis.server.impl.RaftServerImpl.lambda$shutdown$3(RaftServerImpl.java:269)
	at org.apache.ratis.util.LifeCycle.lambda$checkStateAndClose$2(LifeCycle.java:231)
	at org.apache.ratis.util.LifeCycle.checkStateAndClose(LifeCycle.java:251)
	at org.apache.ratis.util.LifeCycle.checkStateAndClose(LifeCycle.java:229)
	at org.apache.ratis.server.impl.RaftServerImpl.shutdown(RaftServerImpl.java:246)
	at org.apache.ratis.server.impl.RaftServerProxy$ImplMap.lambda$close$0(RaftServerProxy.java:107)
	at java.util.stream.ForEachOps$ForEachOp$OfRef.accept(ForEachOps.java:184)
	at java.util.stream.ReferencePipeline$3$1.accept(ReferencePipeline.java:193)
	at java.util.concurrent.ConcurrentHashMap$ValueSpliterator.forEachRemaining(ConcurrentHashMap.java:3566)
	at java.util.stream.AbstractPipeline.copyInto(AbstractPipeline.java:482)
	at java.util.stream.ForEachOps$ForEachTask.compute(ForEachOps.java:291)
	at java.util.concurrent.CountedCompleter.exec(CountedCompleter.java:731)
	at java.util.concurrent.ForkJoinTask.doExec(ForkJoinTask.java:289)
	at java.util.concurrent.ForkJoinTask.doInvoke(ForkJoinTask.java:401)
	at java.util.concurrent.ForkJoinTask.invoke(ForkJoinTask.java:734)
	at java.util.stream.ForEachOps$ForEachOp.evaluateParallel(ForEachOps.java:160)
	at java.util.stream.ForEachOps$ForEachOp$OfRef.evaluateParallel(ForEachOps.java:174)
	at java.util.stream.AbstractPipeline.evaluate(AbstractPipeline.java:233)
	at java.util.stream.ReferencePipeline.forEach(ReferencePipeline.java:418)
	at org.apache.ratis.server.impl.RaftServerProxy$ImplMap.close(RaftServerProxy.java:107)
	at org.apache.ratis.server.impl.RaftServerProxy.lambda$close$4(RaftServerProxy.java:315)
	at org.apache.ratis.util.LifeCycle.lambda$checkStateAndClose$2(LifeCycle.java:231)
	at org.apache.ratis.util.LifeCycle.checkStateAndClose(LifeCycle.java:251)
	at org.apache.ratis.util.LifeCycle.checkStateAndClose(LifeCycle.java:229)
	at org.apache.ratis.server.impl.RaftServerProxy.close(RaftServerProxy.java:313)
	at java.util.concurrent.Executors$RunnableAdapter.call(Executors.java:511)
	at java.util.concurrent.FutureTask.run(FutureTask.java:266)
	at java.util.concurrent.ThreadPoolExecutor.runWorker(ThreadPoolExecutor.java:1149)
	at java.util.concurrent.ThreadPoolExecutor$Worker.run(ThreadPoolExecutor.java:624)
	... 1 more
2019-09-24 17:10:02,218 INFO  ratis.MiniRaftCluster (MiniRaftCluster.java:shutdown(722)) - MiniRaftClusterWithSimulatedRpc shutdown completed
]]></system-out>
  </testcase>
  <testcase name="testLateServerStart" classname="org.apache.ratis.server.simulation.TestLeaderElectionWithSimulatedRpc" time="9.574"/>
  <testcase name="testBasicLeaderElection" classname="org.apache.ratis.server.simulation.TestLeaderElectionWithSimulatedRpc" time="53.814">
    <error message="No leader yet : printing ALL groups&#10;  s3:  RUNNING  FOLLOWER s3@group-17EB70022112:t7, leader=null, voted=s3, raftlog=s3@group-17EB70022112-SegmentedRaftLog:OPENED:c-1,f-1,i0, conf=-1: [s3:0.0.0.0:42087, s4:0.0.0.0:33912, s0:0.0.0.0:40055, s1:0.0.0.0:37625, s2:0.0.0.0:37369], old=null RUNNING&#10;  s4:  RUNNING  FOLLOWER s4@group-17EB70022112:t7, leader=null, voted=s4, raftlog=s4@group-17EB70022112-SegmentedRaftLog:OPENED:c-1,f-1,i0, conf=-1: [s3:0.0.0.0:42087, s4:0.0.0.0:33912, s0:0.0.0.0:40055, s1:0.0.0.0:37625, s2:0.0.0.0:37369], old=null RUNNING&#10;  s0:  RUNNING  FOLLOWER s0@group-17EB70022112:t7, leader=null, voted=s0, raftlog=s0@group-17EB70022112-SegmentedRaftLog:OPENED:c-1,f-1,i0, conf=-1: [s3:0.0.0.0:42087, s4:0.0.0.0:33912, s0:0.0.0.0:40055, s1:0.0.0.0:37625, s2:0.0.0.0:37369], old=null RUNNING&#10;  s1:  RUNNING  FOLLOWER s1@group-17EB70022112:t7, leader=null, voted=s1, raftlog=s1@group-17EB70022112-SegmentedRaftLog:OPENED:c-1,f-1,i0, conf=-1: [s3:0.0.0.0:42087, s4:0.0.0.0:33912, s0:0.0.0.0:40055, s1:0.0.0.0:37625, s2:0.0.0.0:37369], old=null RUNNING&#10;  s2:  RUNNING  FOLLOWER s2@group-17EB70022112:t7, leader=null, voted=s2, raftlog=s2@group-17EB70022112-SegmentedRaftLog:OPENED:c-1,f-1,i0, conf=-1: [s3:0.0.0.0:42087, s4:0.0.0.0:33912, s0:0.0.0.0:40055, s1:0.0.0.0:37625, s2:0.0.0.0:37369], old=null RUNNING" type="java.lang.IllegalStateException">java.lang.IllegalStateException: 
No leader yet : printing ALL groups
  s3:  RUNNING  FOLLOWER s3@group-17EB70022112:t7, leader=null, voted=s3, raftlog=s3@group-17EB70022112-SegmentedRaftLog:OPENED:c-1,f-1,i0, conf=-1: [s3:0.0.0.0:42087, s4:0.0.0.0:33912, s0:0.0.0.0:40055, s1:0.0.0.0:37625, s2:0.0.0.0:37369], old=null RUNNING
  s4:  RUNNING  FOLLOWER s4@group-17EB70022112:t7, leader=null, voted=s4, raftlog=s4@group-17EB70022112-SegmentedRaftLog:OPENED:c-1,f-1,i0, conf=-1: [s3:0.0.0.0:42087, s4:0.0.0.0:33912, s0:0.0.0.0:40055, s1:0.0.0.0:37625, s2:0.0.0.0:37369], old=null RUNNING
  s0:  RUNNING  FOLLOWER s0@group-17EB70022112:t7, leader=null, voted=s0, raftlog=s0@group-17EB70022112-SegmentedRaftLog:OPENED:c-1,f-1,i0, conf=-1: [s3:0.0.0.0:42087, s4:0.0.0.0:33912, s0:0.0.0.0:40055, s1:0.0.0.0:37625, s2:0.0.0.0:37369], old=null RUNNING
  s1:  RUNNING  FOLLOWER s1@group-17EB70022112:t7, leader=null, voted=s1, raftlog=s1@group-17EB70022112-SegmentedRaftLog:OPENED:c-1,f-1,i0, conf=-1: [s3:0.0.0.0:42087, s4:0.0.0.0:33912, s0:0.0.0.0:40055, s1:0.0.0.0:37625, s2:0.0.0.0:37369], old=null RUNNING
  s2:  RUNNING  FOLLOWER s2@group-17EB70022112:t7, leader=null, voted=s2, raftlog=s2@group-17EB70022112-SegmentedRaftLog:OPENED:c-1,f-1,i0, conf=-1: [s3:0.0.0.0:42087, s4:0.0.0.0:33912, s0:0.0.0.0:40055, s1:0.0.0.0:37625, s2:0.0.0.0:37369], old=null RUNNING
</error>
    <system-out><![CDATA[2019-09-24 17:10:11,809 INFO  util.LogUtils (LogUtils.java:setLogLevel(41)) - Set org.apache.ratis.conf.ConfUtils log level to WARN
2019-09-24 17:10:11,809 INFO  util.LogUtils (LogUtils.java:setLogLevel(41)) - Set org.apache.ratis.util.FileUtils log level to TRACE
2019-09-24 17:10:11,810 INFO  util.LogUtils (LogUtils.java:setLogLevel(41)) - Set org.apache.ratis.server.impl.RaftServerImpl log level to DEBUG
2019-09-24 17:10:11,810 INFO  util.LogUtils (LogUtils.java:setLogLevel(41)) - Set org.apache.ratis.client.RaftClient log level to DEBUG
2019-09-24 17:10:11,811 INFO  simulation.TestLeaderElectionWithSimulatedRpc (LeaderElectionTests.java:testBasicLeaderElection(60)) - Running testBasicLeaderElection
2019-09-24 17:10:11,812 INFO  simulation.MiniRaftClusterWithSimulatedRpc (ConfUtils.java:logGet(43)) - org.apache.ratis.server.simulation.SimulatedRequestReply.simulateLatencyMs = 150 (default)
2019-09-24 17:10:11,813 INFO  ratis.MiniRaftCluster (MiniRaftCluster.java:<init>(253)) - new MiniRaftClusterWithSimulatedRpc with group-17EB70022112:[s3:0.0.0.0:42087, s4:0.0.0.0:33912, s0:0.0.0.0:40055, s1:0.0.0.0:37625, s2:0.0.0.0:37369]
2019-09-24 17:10:11,813 INFO  ratis.MiniRaftCluster (MiniRaftCluster.java:start(287)) - .............................................................. 
2019-09-24 17:10:11,813 INFO  ratis.MiniRaftCluster (MiniRaftCluster.java:start(288)) - ... 
2019-09-24 17:10:11,813 INFO  ratis.MiniRaftCluster (MiniRaftCluster.java:start(289)) - ...     Starting MiniRaftClusterWithSimulatedRpc
2019-09-24 17:10:11,814 INFO  ratis.MiniRaftCluster (MiniRaftCluster.java:start(290)) - ... 
2019-09-24 17:10:11,814 INFO  ratis.MiniRaftCluster (MiniRaftCluster.java:start(291)) - .............................................................. 
2019-09-24 17:10:11,814 INFO  ratis.MiniRaftCluster (MiniRaftCluster.java:initServers(265)) - servers = {}
2019-09-24 17:10:11,814 INFO  ratis.MiniRaftCluster (MiniRaftCluster.java:newRaftServer(330)) - newRaftServer: s3, group-17EB70022112:[s3:0.0.0.0:42087, s4:0.0.0.0:33912, s0:0.0.0.0:40055, s1:0.0.0.0:37625, s2:0.0.0.0:37369], format? true
2019-09-24 17:10:11,814 TRACE util.FileUtils (FileUtils.java:deleteFully(88)) - deleteFully target/test/data/1dfd945d/MiniRaftClusterWithSimulatedRpcfe9da806/s3
2019-09-24 17:10:11,815 TRACE util.FileUtils (FileUtils.java:deleteFully(104)) - deleteFully: target/test/data/1dfd945d/MiniRaftClusterWithSimulatedRpcfe9da806/s3 does not exist.
2019-09-24 17:10:11,815 INFO  ratis.MiniRaftCluster (MiniRaftCluster.java:newRaftServer(335)) - Formatted directory target/test/data/1dfd945d/MiniRaftClusterWithSimulatedRpcfe9da806/s3
2019-09-24 17:10:11,816 INFO  impl.RaftServerProxy (ConfUtils.java:logGet(43)) - raft.rpc.type = org.apache.ratis.server.simulation.SimulatedRpc (custom)
2019-09-24 17:10:11,817 INFO  server.RaftServerConfigKeys (ConfUtils.java:logGet(43)) - raft.server.storage.dir = [/workdir/ratis-test/target/test/data/1dfd945d/MiniRaftClusterWithSimulatedRpcfe9da806/s3] (custom)
2019-09-24 17:10:11,818 INFO  impl.RaftServerProxy (RaftServerProxy.java:addNew(89)) - s3: addNew group-17EB70022112:[s3:0.0.0.0:42087, s4:0.0.0.0:33912, s0:0.0.0.0:40055, s1:0.0.0.0:37625, s2:0.0.0.0:37369] returns group-17EB70022112:java.util.concurrent.CompletableFuture@71c4cd37[Not completed]
2019-09-24 17:10:11,818 INFO  impl.RaftServerImpl (RaftServerImpl.java:<init>(95)) - s3: new RaftServerImpl for group-17EB70022112:[s3:0.0.0.0:42087, s4:0.0.0.0:33912, s0:0.0.0.0:40055, s1:0.0.0.0:37625, s2:0.0.0.0:37369] with BaseStateMachine:uninitialized
2019-09-24 17:10:11,818 INFO  ratis.MiniRaftCluster (MiniRaftCluster.java:newRaftServer(330)) - newRaftServer: s4, group-17EB70022112:[s3:0.0.0.0:42087, s4:0.0.0.0:33912, s0:0.0.0.0:40055, s1:0.0.0.0:37625, s2:0.0.0.0:37369], format? true
2019-09-24 17:10:11,819 INFO  server.RaftServerConfigKeys (ConfUtils.java:logGet(43)) - raft.server.rpc.timeout.min = 150ms (default)
2019-09-24 17:10:11,819 TRACE util.FileUtils (FileUtils.java:deleteFully(88)) - deleteFully target/test/data/1dfd945d/MiniRaftClusterWithSimulatedRpcfe9da806/s4
2019-09-24 17:10:11,819 INFO  server.RaftServerConfigKeys (ConfUtils.java:logGet(43)) - raft.server.rpc.timeout.max = 300ms (default)
2019-09-24 17:10:11,820 TRACE util.FileUtils (FileUtils.java:deleteFully(104)) - deleteFully: target/test/data/1dfd945d/MiniRaftClusterWithSimulatedRpcfe9da806/s4 does not exist.
2019-09-24 17:10:11,820 INFO  server.RaftServerConfigKeys (ConfUtils.java:logGet(43)) - raft.server.rpcslowness.timeout = 60s (default)
2019-09-24 17:10:11,820 INFO  ratis.MiniRaftCluster (MiniRaftCluster.java:newRaftServer(335)) - Formatted directory target/test/data/1dfd945d/MiniRaftClusterWithSimulatedRpcfe9da806/s4
2019-09-24 17:10:11,820 INFO  server.RaftServerConfigKeys (ConfUtils.java:logGet(43)) - raft.server.sleep.deviation.threshold = 300 (default)
2019-09-24 17:10:11,820 INFO  server.RaftServerConfigKeys (ConfUtils.java:logGet(43)) - raft.server.log.appender.install.snapshot.enabled = true (default)
2019-09-24 17:10:11,821 INFO  impl.RaftServerProxy (ConfUtils.java:logGet(43)) - raft.rpc.type = org.apache.ratis.server.simulation.SimulatedRpc (custom)
2019-09-24 17:10:11,821 INFO  impl.RaftServerImpl (ServerState.java:<init>(103)) - s3@group-17EB70022112: ConfigurationManager, init=-1: [s3:0.0.0.0:42087, s4:0.0.0.0:33912, s0:0.0.0.0:40055, s1:0.0.0.0:37625, s2:0.0.0.0:37369], old=null, confs=<EMPTY_MAP>
2019-09-24 17:10:11,821 INFO  server.RaftServerConfigKeys (ConfUtils.java:logGet(43)) - raft.server.storage.dir = [/workdir/ratis-test/target/test/data/1dfd945d/MiniRaftClusterWithSimulatedRpcfe9da806/s3] (custom)
2019-09-24 17:10:11,821 INFO  server.RaftServerConfigKeys (ConfUtils.java:logGet(43)) - raft.server.storage.dir = [/workdir/ratis-test/target/test/data/1dfd945d/MiniRaftClusterWithSimulatedRpcfe9da806/s4] (custom)
2019-09-24 17:10:11,822 INFO  server.RaftServerConfigKeys (ConfUtils.java:logGet(43)) - raft.server.log.corruption.policy = EXCEPTION (default)
2019-09-24 17:10:11,822 INFO  storage.RaftStorageDirectory (RaftStorageDirectory.java:analyzeStorage(246)) - The storage directory /workdir/ratis-test/target/test/data/1dfd945d/MiniRaftClusterWithSimulatedRpcfe9da806/s3/f4ee9222-4b65-4831-98b7-17eb70022112 does not exist. Creating ...
2019-09-24 17:10:11,822 INFO  impl.RaftServerProxy (RaftServerProxy.java:addNew(89)) - s4: addNew group-17EB70022112:[s3:0.0.0.0:42087, s4:0.0.0.0:33912, s0:0.0.0.0:40055, s1:0.0.0.0:37625, s2:0.0.0.0:37369] returns group-17EB70022112:java.util.concurrent.CompletableFuture@4691f2e8[Not completed]
2019-09-24 17:10:11,822 INFO  impl.RaftServerImpl (RaftServerImpl.java:<init>(95)) - s4: new RaftServerImpl for group-17EB70022112:[s3:0.0.0.0:42087, s4:0.0.0.0:33912, s0:0.0.0.0:40055, s1:0.0.0.0:37625, s2:0.0.0.0:37369] with BaseStateMachine:uninitialized
2019-09-24 17:10:11,823 INFO  ratis.MiniRaftCluster (MiniRaftCluster.java:newRaftServer(330)) - newRaftServer: s0, group-17EB70022112:[s3:0.0.0.0:42087, s4:0.0.0.0:33912, s0:0.0.0.0:40055, s1:0.0.0.0:37625, s2:0.0.0.0:37369], format? true
2019-09-24 17:10:11,823 TRACE util.FileUtils (LogUtils.java:runAndLog(61)) - Successfully ran Files.createDirectories /workdir/ratis-test/target/test/data/1dfd945d/MiniRaftClusterWithSimulatedRpcfe9da806/s3/f4ee9222-4b65-4831-98b7-17eb70022112
2019-09-24 17:10:11,823 INFO  server.RaftServerConfigKeys (ConfUtils.java:logGet(43)) - raft.server.rpc.timeout.min = 150ms (default)
2019-09-24 17:10:11,823 TRACE util.FileUtils (FileUtils.java:deleteFully(88)) - deleteFully target/test/data/1dfd945d/MiniRaftClusterWithSimulatedRpcfe9da806/s0
2019-09-24 17:10:11,824 INFO  server.RaftServerConfigKeys (ConfUtils.java:logGet(43)) - raft.server.rpc.timeout.max = 300ms (default)
2019-09-24 17:10:11,824 TRACE util.FileUtils (FileUtils.java:deleteFully(104)) - deleteFully: target/test/data/1dfd945d/MiniRaftClusterWithSimulatedRpcfe9da806/s0 does not exist.
2019-09-24 17:10:11,824 INFO  server.RaftServerConfigKeys (ConfUtils.java:logGet(43)) - raft.server.rpcslowness.timeout = 60s (default)
2019-09-24 17:10:11,824 INFO  ratis.MiniRaftCluster (MiniRaftCluster.java:newRaftServer(335)) - Formatted directory target/test/data/1dfd945d/MiniRaftClusterWithSimulatedRpcfe9da806/s0
2019-09-24 17:10:11,825 INFO  server.RaftServerConfigKeys (ConfUtils.java:logGet(43)) - raft.server.sleep.deviation.threshold = 300 (default)
2019-09-24 17:10:11,825 INFO  impl.RaftServerProxy (ConfUtils.java:logGet(43)) - raft.rpc.type = org.apache.ratis.server.simulation.SimulatedRpc (custom)
2019-09-24 17:10:11,825 INFO  server.RaftServerConfigKeys (ConfUtils.java:logGet(43)) - raft.server.log.appender.install.snapshot.enabled = true (default)
2019-09-24 17:10:11,825 INFO  impl.RaftServerImpl (ServerState.java:<init>(103)) - s4@group-17EB70022112: ConfigurationManager, init=-1: [s3:0.0.0.0:42087, s4:0.0.0.0:33912, s0:0.0.0.0:40055, s1:0.0.0.0:37625, s2:0.0.0.0:37369], old=null, confs=<EMPTY_MAP>
2019-09-24 17:10:11,826 INFO  server.RaftServerConfigKeys (ConfUtils.java:logGet(43)) - raft.server.storage.dir = [/workdir/ratis-test/target/test/data/1dfd945d/MiniRaftClusterWithSimulatedRpcfe9da806/s0] (custom)
2019-09-24 17:10:11,826 INFO  server.RaftServerConfigKeys (ConfUtils.java:logGet(43)) - raft.server.storage.dir = [/workdir/ratis-test/target/test/data/1dfd945d/MiniRaftClusterWithSimulatedRpcfe9da806/s4] (custom)
2019-09-24 17:10:11,826 INFO  impl.RaftServerProxy (RaftServerProxy.java:addNew(89)) - s0: addNew group-17EB70022112:[s3:0.0.0.0:42087, s4:0.0.0.0:33912, s0:0.0.0.0:40055, s1:0.0.0.0:37625, s2:0.0.0.0:37369] returns group-17EB70022112:java.util.concurrent.CompletableFuture@14da78d3[Not completed]
2019-09-24 17:10:11,826 INFO  impl.RaftServerImpl (RaftServerImpl.java:<init>(95)) - s0: new RaftServerImpl for group-17EB70022112:[s3:0.0.0.0:42087, s4:0.0.0.0:33912, s0:0.0.0.0:40055, s1:0.0.0.0:37625, s2:0.0.0.0:37369] with BaseStateMachine:uninitialized
2019-09-24 17:10:11,826 INFO  server.RaftServerConfigKeys (ConfUtils.java:logGet(43)) - raft.server.log.corruption.policy = EXCEPTION (default)
2019-09-24 17:10:11,827 INFO  server.RaftServerConfigKeys (ConfUtils.java:logGet(43)) - raft.server.rpc.timeout.min = 150ms (default)
2019-09-24 17:10:11,827 INFO  storage.RaftStorageDirectory (RaftStorageDirectory.java:analyzeStorage(246)) - The storage directory /workdir/ratis-test/target/test/data/1dfd945d/MiniRaftClusterWithSimulatedRpcfe9da806/s4/f4ee9222-4b65-4831-98b7-17eb70022112 does not exist. Creating ...
2019-09-24 17:10:11,826 INFO  ratis.MiniRaftCluster (MiniRaftCluster.java:newRaftServer(330)) - newRaftServer: s1, group-17EB70022112:[s3:0.0.0.0:42087, s4:0.0.0.0:33912, s0:0.0.0.0:40055, s1:0.0.0.0:37625, s2:0.0.0.0:37369], format? true
2019-09-24 17:10:11,827 INFO  server.RaftServerConfigKeys (ConfUtils.java:logGet(43)) - raft.server.rpc.timeout.max = 300ms (default)
2019-09-24 17:10:11,828 TRACE util.FileUtils (FileUtils.java:deleteFully(88)) - deleteFully target/test/data/1dfd945d/MiniRaftClusterWithSimulatedRpcfe9da806/s1
2019-09-24 17:10:11,828 INFO  server.RaftServerConfigKeys (ConfUtils.java:logGet(43)) - raft.server.rpcslowness.timeout = 60s (default)
2019-09-24 17:10:11,828 TRACE util.FileUtils (FileUtils.java:deleteFully(104)) - deleteFully: target/test/data/1dfd945d/MiniRaftClusterWithSimulatedRpcfe9da806/s1 does not exist.
2019-09-24 17:10:11,828 TRACE util.FileUtils (LogUtils.java:runAndLog(61)) - Successfully ran Files.createDirectories /workdir/ratis-test/target/test/data/1dfd945d/MiniRaftClusterWithSimulatedRpcfe9da806/s4/f4ee9222-4b65-4831-98b7-17eb70022112
2019-09-24 17:10:11,828 INFO  ratis.MiniRaftCluster (MiniRaftCluster.java:newRaftServer(335)) - Formatted directory target/test/data/1dfd945d/MiniRaftClusterWithSimulatedRpcfe9da806/s1
2019-09-24 17:10:11,828 INFO  server.RaftServerConfigKeys (ConfUtils.java:logGet(43)) - raft.server.sleep.deviation.threshold = 300 (default)
2019-09-24 17:10:11,829 INFO  impl.RaftServerProxy (ConfUtils.java:logGet(43)) - raft.rpc.type = org.apache.ratis.server.simulation.SimulatedRpc (custom)
2019-09-24 17:10:11,829 INFO  server.RaftServerConfigKeys (ConfUtils.java:logGet(43)) - raft.server.log.appender.install.snapshot.enabled = true (default)
2019-09-24 17:10:11,829 INFO  impl.RaftServerImpl (ServerState.java:<init>(103)) - s0@group-17EB70022112: ConfigurationManager, init=-1: [s3:0.0.0.0:42087, s4:0.0.0.0:33912, s0:0.0.0.0:40055, s1:0.0.0.0:37625, s2:0.0.0.0:37369], old=null, confs=<EMPTY_MAP>
2019-09-24 17:10:11,830 INFO  server.RaftServerConfigKeys (ConfUtils.java:logGet(43)) - raft.server.storage.dir = [/workdir/ratis-test/target/test/data/1dfd945d/MiniRaftClusterWithSimulatedRpcfe9da806/s1] (custom)
2019-09-24 17:10:11,830 INFO  server.RaftServerConfigKeys (ConfUtils.java:logGet(43)) - raft.server.storage.dir = [/workdir/ratis-test/target/test/data/1dfd945d/MiniRaftClusterWithSimulatedRpcfe9da806/s0] (custom)
2019-09-24 17:10:11,830 INFO  impl.RaftServerProxy (RaftServerProxy.java:addNew(89)) - s1: addNew group-17EB70022112:[s3:0.0.0.0:42087, s4:0.0.0.0:33912, s0:0.0.0.0:40055, s1:0.0.0.0:37625, s2:0.0.0.0:37369] returns group-17EB70022112:java.util.concurrent.CompletableFuture@3e0d7a43[Not completed]
2019-09-24 17:10:11,830 INFO  impl.RaftServerImpl (RaftServerImpl.java:<init>(95)) - s1: new RaftServerImpl for group-17EB70022112:[s3:0.0.0.0:42087, s4:0.0.0.0:33912, s0:0.0.0.0:40055, s1:0.0.0.0:37625, s2:0.0.0.0:37369] with BaseStateMachine:uninitialized
2019-09-24 17:10:11,830 INFO  server.RaftServerConfigKeys (ConfUtils.java:logGet(43)) - raft.server.log.corruption.policy = EXCEPTION (default)
2019-09-24 17:10:11,831 INFO  server.RaftServerConfigKeys (ConfUtils.java:logGet(43)) - raft.server.rpc.timeout.min = 150ms (default)
2019-09-24 17:10:11,831 INFO  storage.RaftStorageDirectory (RaftStorageDirectory.java:analyzeStorage(246)) - The storage directory /workdir/ratis-test/target/test/data/1dfd945d/MiniRaftClusterWithSimulatedRpcfe9da806/s0/f4ee9222-4b65-4831-98b7-17eb70022112 does not exist. Creating ...
2019-09-24 17:10:11,831 INFO  ratis.MiniRaftCluster (MiniRaftCluster.java:newRaftServer(330)) - newRaftServer: s2, group-17EB70022112:[s3:0.0.0.0:42087, s4:0.0.0.0:33912, s0:0.0.0.0:40055, s1:0.0.0.0:37625, s2:0.0.0.0:37369], format? true
2019-09-24 17:10:11,831 INFO  server.RaftServerConfigKeys (ConfUtils.java:logGet(43)) - raft.server.rpc.timeout.max = 300ms (default)
2019-09-24 17:10:11,832 TRACE util.FileUtils (FileUtils.java:deleteFully(88)) - deleteFully target/test/data/1dfd945d/MiniRaftClusterWithSimulatedRpcfe9da806/s2
2019-09-24 17:10:11,832 TRACE util.FileUtils (LogUtils.java:runAndLog(61)) - Successfully ran Files.createDirectories /workdir/ratis-test/target/test/data/1dfd945d/MiniRaftClusterWithSimulatedRpcfe9da806/s0/f4ee9222-4b65-4831-98b7-17eb70022112
2019-09-24 17:10:11,832 INFO  server.RaftServerConfigKeys (ConfUtils.java:logGet(43)) - raft.server.rpcslowness.timeout = 60s (default)
2019-09-24 17:10:11,832 TRACE util.FileUtils (FileUtils.java:deleteFully(104)) - deleteFully: target/test/data/1dfd945d/MiniRaftClusterWithSimulatedRpcfe9da806/s2 does not exist.
2019-09-24 17:10:11,832 INFO  server.RaftServerConfigKeys (ConfUtils.java:logGet(43)) - raft.server.sleep.deviation.threshold = 300 (default)
2019-09-24 17:10:11,833 INFO  ratis.MiniRaftCluster (MiniRaftCluster.java:newRaftServer(335)) - Formatted directory target/test/data/1dfd945d/MiniRaftClusterWithSimulatedRpcfe9da806/s2
2019-09-24 17:10:11,833 INFO  server.RaftServerConfigKeys (ConfUtils.java:logGet(43)) - raft.server.log.appender.install.snapshot.enabled = true (default)
2019-09-24 17:10:11,833 INFO  impl.RaftServerProxy (ConfUtils.java:logGet(43)) - raft.rpc.type = org.apache.ratis.server.simulation.SimulatedRpc (custom)
2019-09-24 17:10:11,833 INFO  impl.RaftServerImpl (ServerState.java:<init>(103)) - s1@group-17EB70022112: ConfigurationManager, init=-1: [s3:0.0.0.0:42087, s4:0.0.0.0:33912, s0:0.0.0.0:40055, s1:0.0.0.0:37625, s2:0.0.0.0:37369], old=null, confs=<EMPTY_MAP>
2019-09-24 17:10:11,834 INFO  server.RaftServerConfigKeys (ConfUtils.java:logGet(43)) - raft.server.storage.dir = [/workdir/ratis-test/target/test/data/1dfd945d/MiniRaftClusterWithSimulatedRpcfe9da806/s1] (custom)
2019-09-24 17:10:11,834 INFO  server.RaftServerConfigKeys (ConfUtils.java:logGet(43)) - raft.server.storage.dir = [/workdir/ratis-test/target/test/data/1dfd945d/MiniRaftClusterWithSimulatedRpcfe9da806/s2] (custom)
2019-09-24 17:10:11,834 INFO  server.RaftServerConfigKeys (ConfUtils.java:logGet(43)) - raft.server.log.corruption.policy = EXCEPTION (default)
2019-09-24 17:10:11,834 INFO  storage.RaftStorageDirectory (RaftStorageDirectory.java:analyzeStorage(246)) - The storage directory /workdir/ratis-test/target/test/data/1dfd945d/MiniRaftClusterWithSimulatedRpcfe9da806/s1/f4ee9222-4b65-4831-98b7-17eb70022112 does not exist. Creating ...
2019-09-24 17:10:11,834 INFO  impl.RaftServerProxy (RaftServerProxy.java:addNew(89)) - s2: addNew group-17EB70022112:[s3:0.0.0.0:42087, s4:0.0.0.0:33912, s0:0.0.0.0:40055, s1:0.0.0.0:37625, s2:0.0.0.0:37369] returns group-17EB70022112:java.util.concurrent.CompletableFuture@352377ba[Not completed]
2019-09-24 17:10:11,835 INFO  impl.RaftServerImpl (RaftServerImpl.java:<init>(95)) - s2: new RaftServerImpl for group-17EB70022112:[s3:0.0.0.0:42087, s4:0.0.0.0:33912, s0:0.0.0.0:40055, s1:0.0.0.0:37625, s2:0.0.0.0:37369] with BaseStateMachine:uninitialized
2019-09-24 17:10:11,835 TRACE util.FileUtils (LogUtils.java:runAndLog(61)) - Successfully ran Files.createDirectories /workdir/ratis-test/target/test/data/1dfd945d/MiniRaftClusterWithSimulatedRpcfe9da806/s1/f4ee9222-4b65-4831-98b7-17eb70022112
2019-09-24 17:10:11,836 INFO  server.RaftServerConfigKeys (ConfUtils.java:logGet(43)) - raft.server.rpc.timeout.min = 150ms (default)
2019-09-24 17:10:11,836 INFO  server.RaftServerConfigKeys (ConfUtils.java:logGet(43)) - raft.server.rpc.timeout.max = 300ms (default)
2019-09-24 17:10:11,836 INFO  server.RaftServerConfigKeys (ConfUtils.java:logGet(43)) - raft.server.rpcslowness.timeout = 60s (default)
2019-09-24 17:10:11,836 INFO  server.RaftServerConfigKeys (ConfUtils.java:logGet(43)) - raft.server.sleep.deviation.threshold = 300 (default)
2019-09-24 17:10:11,836 INFO  server.RaftServerConfigKeys (ConfUtils.java:logGet(43)) - raft.server.log.appender.install.snapshot.enabled = true (default)
2019-09-24 17:10:11,837 INFO  impl.RaftServerImpl (ServerState.java:<init>(103)) - s2@group-17EB70022112: ConfigurationManager, init=-1: [s3:0.0.0.0:42087, s4:0.0.0.0:33912, s0:0.0.0.0:40055, s1:0.0.0.0:37625, s2:0.0.0.0:37369], old=null, confs=<EMPTY_MAP>
2019-09-24 17:10:11,837 INFO  server.RaftServerConfigKeys (ConfUtils.java:logGet(43)) - raft.server.storage.dir = [/workdir/ratis-test/target/test/data/1dfd945d/MiniRaftClusterWithSimulatedRpcfe9da806/s2] (custom)
2019-09-24 17:10:11,837 INFO  server.RaftServerConfigKeys (ConfUtils.java:logGet(43)) - raft.server.log.corruption.policy = EXCEPTION (default)
2019-09-24 17:10:11,838 INFO  storage.RaftStorageDirectory (RaftStorageDirectory.java:analyzeStorage(246)) - The storage directory /workdir/ratis-test/target/test/data/1dfd945d/MiniRaftClusterWithSimulatedRpcfe9da806/s2/f4ee9222-4b65-4831-98b7-17eb70022112 does not exist. Creating ...
2019-09-24 17:10:11,838 TRACE util.FileUtils (LogUtils.java:runAndLog(61)) - Successfully ran Files.createDirectories /workdir/ratis-test/target/test/data/1dfd945d/MiniRaftClusterWithSimulatedRpcfe9da806/s2/f4ee9222-4b65-4831-98b7-17eb70022112
2019-09-24 17:10:13,873 WARN  impl.LogAppender (LogAppender.java:sendAppendEntriesWithRetries(274)) - s0@group-54B24E3022BA->s2-LogAppender: Failed to appendEntries (retry=1): java.io.IOException: Timeout while waiting for reply of request org.apache.ratis.server.simulation.RaftServerRequest@17779f64
2019-09-24 17:10:13,899 DEBUG impl.RaftServerImpl (RaftServerImpl.java:logAppendEntries(850)) - s2@group-54B24E3022BA: receive appendEntries(s0, 1, null, 0, false, commits[s0:c0, s1:c0, s2:c-1], entries: (t:1, i:0), CONFIGURATIONENTRY
2019-09-24 17:10:13,899 INFO  impl.RaftServerImpl (ServerState.java:setRaftConf(355)) - s2@group-54B24E3022BA: set configuration 0: [s0:0.0.0.0:39001, s1:0.0.0.0:42881, s2:0.0.0.0:36696], old=null at 0
2019-09-24 17:10:13,900 DEBUG impl.RaftServerImpl (RaftServerImpl.java:logAppendEntries(850)) - s2@group-54B24E3022BA: succeeded to handle AppendEntries. Reply: s0<-s2#0:OK,SUCCESS,nextIndex:1,term:1,followerCommit:-1
2019-09-24 17:10:16,039 INFO  storage.RaftStorageDirectory (RaftStorageDirectory.java:tryLock(328)) - Lock on /workdir/ratis-test/target/test/data/1dfd945d/MiniRaftClusterWithSimulatedRpcfe9da806/s3/f4ee9222-4b65-4831-98b7-17eb70022112/in_use.lock acquired by nodename 10036@ratis-test-vphbd-3564017154
2019-09-24 17:10:16,039 INFO  storage.RaftStorageDirectory (RaftStorageDirectory.java:tryLock(328)) - Lock on /workdir/ratis-test/target/test/data/1dfd945d/MiniRaftClusterWithSimulatedRpcfe9da806/s1/f4ee9222-4b65-4831-98b7-17eb70022112/in_use.lock acquired by nodename 10036@ratis-test-vphbd-3564017154
2019-09-24 17:10:16,039 INFO  segmented.SegmentedRaftLogWorker (SegmentedRaftLogWorker.java:execute(569)) - s2@group-54B24E3022BA-SegmentedRaftLogWorker: created new log segment /workdir/ratis-test/target/test/data/1dfd945d/MiniRaftClusterWithSimulatedRpc44617d2c/s2/d75cb999-20ad-4479-afce-54b24e3022ba/current/log_inprogress_0
2019-09-24 17:10:16,039 INFO  storage.RaftStorageDirectory (RaftStorageDirectory.java:tryLock(328)) - Lock on /workdir/ratis-test/target/test/data/1dfd945d/MiniRaftClusterWithSimulatedRpcfe9da806/s2/f4ee9222-4b65-4831-98b7-17eb70022112/in_use.lock acquired by nodename 10036@ratis-test-vphbd-3564017154
2019-09-24 17:10:16,039 INFO  storage.RaftStorageDirectory (RaftStorageDirectory.java:tryLock(328)) - Lock on /workdir/ratis-test/target/test/data/1dfd945d/MiniRaftClusterWithSimulatedRpcfe9da806/s0/f4ee9222-4b65-4831-98b7-17eb70022112/in_use.lock acquired by nodename 10036@ratis-test-vphbd-3564017154
2019-09-24 17:10:16,039 INFO  storage.RaftStorageDirectory (RaftStorageDirectory.java:tryLock(328)) - Lock on /workdir/ratis-test/target/test/data/1dfd945d/MiniRaftClusterWithSimulatedRpcfe9da806/s4/f4ee9222-4b65-4831-98b7-17eb70022112/in_use.lock acquired by nodename 10036@ratis-test-vphbd-3564017154
2019-09-24 17:10:16,040 TRACE util.FileUtils (LogUtils.java:runAndLog(61)) - Successfully ran Files.createDirectories /workdir/ratis-test/target/test/data/1dfd945d/MiniRaftClusterWithSimulatedRpcfe9da806/s2/f4ee9222-4b65-4831-98b7-17eb70022112/current
2019-09-24 17:10:16,041 TRACE util.FileUtils (LogUtils.java:runAndLog(61)) - Successfully ran Files.createDirectories /workdir/ratis-test/target/test/data/1dfd945d/MiniRaftClusterWithSimulatedRpcfe9da806/s4/f4ee9222-4b65-4831-98b7-17eb70022112/current
2019-09-24 17:10:16,040 TRACE util.FileUtils (LogUtils.java:runAndLog(61)) - Successfully ran Files.createDirectories /workdir/ratis-test/target/test/data/1dfd945d/MiniRaftClusterWithSimulatedRpcfe9da806/s1/f4ee9222-4b65-4831-98b7-17eb70022112/current
2019-09-24 17:10:16,039 TRACE util.FileUtils (LogUtils.java:runAndLog(61)) - Successfully ran Files.createDirectories /workdir/ratis-test/target/test/data/1dfd945d/MiniRaftClusterWithSimulatedRpcfe9da806/s3/f4ee9222-4b65-4831-98b7-17eb70022112/current
2019-09-24 17:10:16,041 TRACE util.FileUtils (LogUtils.java:runAndLog(61)) - Successfully ran Files.createDirectories /workdir/ratis-test/target/test/data/1dfd945d/MiniRaftClusterWithSimulatedRpcfe9da806/s1/f4ee9222-4b65-4831-98b7-17eb70022112/sm
2019-09-24 17:10:16,041 TRACE util.FileUtils (LogUtils.java:runAndLog(61)) - Successfully ran Files.createDirectories /workdir/ratis-test/target/test/data/1dfd945d/MiniRaftClusterWithSimulatedRpcfe9da806/s3/f4ee9222-4b65-4831-98b7-17eb70022112/sm
2019-09-24 17:10:16,041 TRACE util.FileUtils (LogUtils.java:runAndLog(61)) - Successfully ran Files.createDirectories /workdir/ratis-test/target/test/data/1dfd945d/MiniRaftClusterWithSimulatedRpcfe9da806/s4/f4ee9222-4b65-4831-98b7-17eb70022112/sm
2019-09-24 17:10:16,041 TRACE util.FileUtils (LogUtils.java:runAndLog(61)) - Successfully ran Files.createDirectories /workdir/ratis-test/target/test/data/1dfd945d/MiniRaftClusterWithSimulatedRpcfe9da806/s2/f4ee9222-4b65-4831-98b7-17eb70022112/sm
2019-09-24 17:10:16,040 TRACE util.FileUtils (LogUtils.java:runAndLog(61)) - Successfully ran Files.createDirectories /workdir/ratis-test/target/test/data/1dfd945d/MiniRaftClusterWithSimulatedRpcfe9da806/s0/f4ee9222-4b65-4831-98b7-17eb70022112/current
2019-09-24 17:10:16,043 TRACE util.FileUtils (LogUtils.java:runAndLog(61)) - Successfully ran Files.createDirectories /workdir/ratis-test/target/test/data/1dfd945d/MiniRaftClusterWithSimulatedRpcfe9da806/s0/f4ee9222-4b65-4831-98b7-17eb70022112/sm
2019-09-24 17:10:20,805 DEBUG impl.RaftServerImpl (RaftServerImpl.java:logAppendEntries(850)) - s2@group-54B24E3022BA: succeeded to handle AppendEntries. Reply: s0<-s2#0:OK,SUCCESS,nextIndex:1,term:1,followerCommit:0
2019-09-24 17:10:20,853 INFO  storage.RaftStorage (RaftStorage.java:format(84)) - Storage directory /workdir/ratis-test/target/test/data/1dfd945d/MiniRaftClusterWithSimulatedRpcfe9da806/s1/f4ee9222-4b65-4831-98b7-17eb70022112 has been successfully formatted.
2019-09-24 17:10:20,854 INFO  storage.RaftStorage (RaftStorage.java:format(84)) - Storage directory /workdir/ratis-test/target/test/data/1dfd945d/MiniRaftClusterWithSimulatedRpcfe9da806/s3/f4ee9222-4b65-4831-98b7-17eb70022112 has been successfully formatted.
2019-09-24 17:10:20,854 INFO  storage.RaftStorage (RaftStorage.java:format(84)) - Storage directory /workdir/ratis-test/target/test/data/1dfd945d/MiniRaftClusterWithSimulatedRpcfe9da806/s4/f4ee9222-4b65-4831-98b7-17eb70022112 has been successfully formatted.
2019-09-24 17:10:20,854 INFO  server.RaftServerConfigKeys (ConfUtils.java:logGet(43)) - raft.server.notification.no-leader.timeout = 60s (default)
2019-09-24 17:10:20,853 INFO  storage.RaftStorage (RaftStorage.java:format(84)) - Storage directory /workdir/ratis-test/target/test/data/1dfd945d/MiniRaftClusterWithSimulatedRpcfe9da806/s0/f4ee9222-4b65-4831-98b7-17eb70022112 has been successfully formatted.
2019-09-24 17:10:20,853 INFO  storage.RaftStorage (RaftStorage.java:format(84)) - Storage directory /workdir/ratis-test/target/test/data/1dfd945d/MiniRaftClusterWithSimulatedRpcfe9da806/s2/f4ee9222-4b65-4831-98b7-17eb70022112 has been successfully formatted.
2019-09-24 17:10:20,855 INFO  server.RaftServerConfigKeys (ConfUtils.java:logGet(43)) - raft.server.notification.no-leader.timeout = 60s (default)
2019-09-24 17:10:20,854 INFO  server.RaftServerConfigKeys (ConfUtils.java:logGet(43)) - raft.server.log.use.memory = false (default)
2019-09-24 17:10:20,854 INFO  server.RaftServerConfigKeys (ConfUtils.java:logGet(43)) - raft.server.notification.no-leader.timeout = 60s (default)
2019-09-24 17:10:20,855 INFO  server.RaftServerConfigKeys (ConfUtils.java:logGet(43)) - raft.server.log.use.memory = false (default)
2019-09-24 17:10:20,854 INFO  server.RaftServerConfigKeys (ConfUtils.java:logGet(43)) - raft.server.notification.no-leader.timeout = 60s (default)
2019-09-24 17:10:20,856 INFO  server.RaftServerConfigKeys (ConfUtils.java:logGet(43)) - raft.server.log.purge.gap = 1024 (default)
2019-09-24 17:10:20,855 INFO  server.RaftServerConfigKeys (ConfUtils.java:logGet(43)) - raft.server.log.purge.gap = 1024 (default)
2019-09-24 17:10:20,855 INFO  server.RaftServerConfigKeys (ConfUtils.java:logGet(43)) - raft.server.log.use.memory = false (default)
2019-09-24 17:10:20,855 INFO  server.RaftServerConfigKeys (ConfUtils.java:logGet(43)) - raft.server.notification.no-leader.timeout = 60s (default)
2019-09-24 17:10:20,856 INFO  server.RaftServerConfigKeys (ConfUtils.java:logGet(43)) - raft.server.log.purge.gap = 1024 (default)
2019-09-24 17:10:20,856 INFO  server.RaftServerConfigKeys (ConfUtils.java:logGet(43)) - raft.server.log.appender.buffer.byte-limit = 4MB (=4194304) (default)
2019-09-24 17:10:20,856 INFO  server.RaftServerConfigKeys (ConfUtils.java:logGet(43)) - raft.server.log.appender.buffer.byte-limit = 4MB (=4194304) (default)
2019-09-24 17:10:20,856 INFO  server.RaftServerConfigKeys (ConfUtils.java:logGet(43)) - raft.server.log.use.memory = false (default)
2019-09-24 17:10:20,857 INFO  server.RaftServerConfigKeys (ConfUtils.java:logGet(43)) - raft.server.log.segment.size.max = 8MB (=8388608) (default)
2019-09-24 17:10:20,857 INFO  server.RaftServerConfigKeys (ConfUtils.java:logGet(43)) - raft.server.log.segment.size.max = 8MB (=8388608) (default)
2019-09-24 17:10:20,857 INFO  server.RaftServerConfigKeys (ConfUtils.java:logGet(43)) - raft.server.log.appender.buffer.byte-limit = 4MB (=4194304) (default)
2019-09-24 17:10:20,857 INFO  server.RaftServerConfigKeys (ConfUtils.java:logGet(43)) - raft.server.log.use.memory = false (default)
2019-09-24 17:10:20,858 INFO  server.RaftServerConfigKeys (ConfUtils.java:logGet(43)) - raft.server.log.segment.size.max = 8MB (=8388608) (default)
2019-09-24 17:10:20,858 INFO  server.RaftServerConfigKeys (ConfUtils.java:logGet(43)) - raft.server.log.segment.cache.num.max = 6 (default)
2019-09-24 17:10:20,857 INFO  server.RaftServerConfigKeys (ConfUtils.java:logGet(43)) - raft.server.log.segment.cache.num.max = 6 (default)
2019-09-24 17:10:20,859 INFO  segmented.SegmentedRaftLogWorker (SegmentedRaftLogWorker.java:<init>(172)) - new s4@group-17EB70022112-SegmentedRaftLogWorker for RaftStorage:Storage Directory /workdir/ratis-test/target/test/data/1dfd945d/MiniRaftClusterWithSimulatedRpcfe9da806/s4/f4ee9222-4b65-4831-98b7-17eb70022112
2019-09-24 17:10:20,857 INFO  server.RaftServerConfigKeys (ConfUtils.java:logGet(43)) - raft.server.log.purge.gap = 1024 (default)
2019-09-24 17:10:20,859 INFO  server.RaftServerConfigKeys (ConfUtils.java:logGet(43)) - raft.server.log.queue.byte-limit = 64MB (=67108864) (default)
2019-09-24 17:10:20,859 INFO  segmented.SegmentedRaftLogWorker (SegmentedRaftLogWorker.java:<init>(172)) - new s3@group-17EB70022112-SegmentedRaftLogWorker for RaftStorage:Storage Directory /workdir/ratis-test/target/test/data/1dfd945d/MiniRaftClusterWithSimulatedRpcfe9da806/s3/f4ee9222-4b65-4831-98b7-17eb70022112
2019-09-24 17:10:20,858 INFO  server.RaftServerConfigKeys (ConfUtils.java:logGet(43)) - raft.server.log.segment.cache.num.max = 6 (default)
2019-09-24 17:10:20,858 INFO  server.RaftServerConfigKeys (ConfUtils.java:logGet(43)) - raft.server.log.purge.gap = 1024 (default)
2019-09-24 17:10:20,860 INFO  segmented.SegmentedRaftLogWorker (SegmentedRaftLogWorker.java:<init>(172)) - new s0@group-17EB70022112-SegmentedRaftLogWorker for RaftStorage:Storage Directory /workdir/ratis-test/target/test/data/1dfd945d/MiniRaftClusterWithSimulatedRpcfe9da806/s0/f4ee9222-4b65-4831-98b7-17eb70022112
2019-09-24 17:10:20,859 INFO  server.RaftServerConfigKeys (ConfUtils.java:logGet(43)) - raft.server.log.queue.byte-limit = 64MB (=67108864) (default)
2019-09-24 17:10:20,859 INFO  server.RaftServerConfigKeys (ConfUtils.java:logGet(43)) - raft.server.log.queue.element-limit = 4096 (default)
2019-09-24 17:10:20,859 INFO  server.RaftServerConfigKeys (ConfUtils.java:logGet(43)) - raft.server.log.appender.buffer.byte-limit = 4MB (=4194304) (default)
2019-09-24 17:10:20,861 INFO  server.RaftServerConfigKeys (ConfUtils.java:logGet(43)) - raft.server.log.segment.size.max = 8MB (=8388608) (default)
2019-09-24 17:10:20,860 INFO  server.RaftServerConfigKeys (ConfUtils.java:logGet(43)) - raft.server.log.queue.element-limit = 4096 (default)
2019-09-24 17:10:20,860 INFO  server.RaftServerConfigKeys (ConfUtils.java:logGet(43)) - raft.server.log.queue.byte-limit = 64MB (=67108864) (default)
2019-09-24 17:10:20,860 INFO  server.RaftServerConfigKeys (ConfUtils.java:logGet(43)) - raft.server.log.appender.buffer.byte-limit = 4MB (=4194304) (default)
2019-09-24 17:10:20,861 INFO  server.RaftServerConfigKeys (ConfUtils.java:logGet(43)) - raft.server.log.queue.element-limit = 4096 (default)
2019-09-24 17:10:20,861 INFO  server.RaftServerConfigKeys (ConfUtils.java:logGet(43)) - raft.server.log.segment.size.max = 8MB (=8388608) (default)
2019-09-24 17:10:20,861 INFO  server.RaftServerConfigKeys (ConfUtils.java:logGet(43)) - raft.server.log.preallocated.size = 4MB (=4194304) (default)
2019-09-24 17:10:20,862 INFO  server.RaftServerConfigKeys (ConfUtils.java:logGet(43)) - raft.server.log.write.buffer.size = 64KB (=65536) (default)
2019-09-24 17:10:20,861 INFO  server.RaftServerConfigKeys (ConfUtils.java:logGet(43)) - raft.server.log.segment.size.max = 8MB (=8388608) (default)
2019-09-24 17:10:20,862 INFO  server.RaftServerConfigKeys (ConfUtils.java:logGet(43)) - raft.server.log.force.sync.num = 128 (default)
2019-09-24 17:10:20,862 INFO  server.RaftServerConfigKeys (ConfUtils.java:logGet(43)) - raft.server.log.preallocated.size = 4MB (=4194304) (default)
2019-09-24 17:10:20,862 INFO  server.RaftServerConfigKeys (ConfUtils.java:logGet(43)) - raft.server.log.segment.size.max = 8MB (=8388608) (default)
2019-09-24 17:10:20,862 INFO  server.RaftServerConfigKeys (ConfUtils.java:logGet(43)) - raft.server.log.segment.size.max = 8MB (=8388608) (default)
2019-09-24 17:10:20,863 INFO  server.RaftServerConfigKeys (ConfUtils.java:logGet(43)) - raft.server.log.preallocated.size = 4MB (=4194304) (default)
2019-09-24 17:10:20,863 INFO  server.RaftServerConfigKeys (ConfUtils.java:logGet(43)) - raft.server.log.write.buffer.size = 64KB (=65536) (default)
2019-09-24 17:10:20,863 INFO  server.RaftServerConfigKeys (ConfUtils.java:logGet(43)) - raft.server.log.statemachine.data.sync = true (default)
2019-09-24 17:10:20,863 INFO  server.RaftServerConfigKeys (ConfUtils.java:logGet(43)) - raft.server.log.segment.cache.num.max = 6 (default)
2019-09-24 17:10:20,864 INFO  server.RaftServerConfigKeys (ConfUtils.java:logGet(43)) - raft.server.log.statemachine.data.sync.timeout = 10s (default)
2019-09-24 17:10:20,864 INFO  server.RaftServerConfigKeys (ConfUtils.java:logGet(43)) - raft.server.log.force.sync.num = 128 (default)
2019-09-24 17:10:20,864 INFO  server.RaftServerConfigKeys (ConfUtils.java:logGet(43)) - raft.server.log.statemachine.data.sync = true (default)
2019-09-24 17:10:20,863 INFO  server.RaftServerConfigKeys (ConfUtils.java:logGet(43)) - raft.server.log.write.buffer.size = 64KB (=65536) (default)
2019-09-24 17:10:20,863 INFO  server.RaftServerConfigKeys (ConfUtils.java:logGet(43)) - raft.server.log.segment.cache.num.max = 6 (default)
2019-09-24 17:10:20,865 INFO  server.RaftServerConfigKeys (ConfUtils.java:logGet(43)) - raft.server.log.force.sync.num = 128 (default)
2019-09-24 17:10:20,865 INFO  server.RaftServerConfigKeys (ConfUtils.java:logGet(43)) - raft.server.log.statemachine.data.sync.timeout = 10s (default)
2019-09-24 17:10:20,864 INFO  server.RaftServerConfigKeys (ConfUtils.java:logGet(43)) - raft.server.log.statemachine.data.sync.timeout.retry = -1 (default)
2019-09-24 17:10:20,864 INFO  segmented.SegmentedRaftLogWorker (SegmentedRaftLogWorker.java:<init>(172)) - new s1@group-17EB70022112-SegmentedRaftLogWorker for RaftStorage:Storage Directory /workdir/ratis-test/target/test/data/1dfd945d/MiniRaftClusterWithSimulatedRpcfe9da806/s1/f4ee9222-4b65-4831-98b7-17eb70022112
2019-09-24 17:10:20,866 INFO  server.RaftServerConfigKeys (ConfUtils.java:logGet(43)) - raft.server.log.statemachine.data.caching.enabled = false (default)
2019-09-24 17:10:20,866 INFO  server.RaftServerConfigKeys (ConfUtils.java:logGet(43)) - raft.server.log.statemachine.data.sync.timeout.retry = -1 (default)
2019-09-24 17:10:20,865 INFO  server.RaftServerConfigKeys (ConfUtils.java:logGet(43)) - raft.server.log.statemachine.data.sync = true (default)
2019-09-24 17:10:20,865 INFO  segmented.SegmentedRaftLogWorker (SegmentedRaftLogWorker.java:<init>(172)) - new s2@group-17EB70022112-SegmentedRaftLogWorker for RaftStorage:Storage Directory /workdir/ratis-test/target/test/data/1dfd945d/MiniRaftClusterWithSimulatedRpcfe9da806/s2/f4ee9222-4b65-4831-98b7-17eb70022112
2019-09-24 17:10:20,867 INFO  server.RaftServerConfigKeys (ConfUtils.java:logGet(43)) - raft.server.log.statemachine.data.sync.timeout = 10s (default)
2019-09-24 17:10:20,866 INFO  segmented.SegmentedRaftLogWorker (SegmentedRaftLogWorker.java:lambda$new$0(132)) - s4@group-17EB70022112-SegmentedRaftLogWorker: flushIndex: setUnconditionally 0 -> -1
2019-09-24 17:10:20,866 INFO  server.RaftServerConfigKeys (ConfUtils.java:logGet(43)) - raft.server.log.statemachine.data.caching.enabled = false (default)
2019-09-24 17:10:20,866 INFO  server.RaftServerConfigKeys (ConfUtils.java:logGet(43)) - raft.server.log.queue.byte-limit = 64MB (=67108864) (default)
2019-09-24 17:10:20,868 INFO  segmented.SegmentedRaftLogWorker (SegmentedRaftLogWorker.java:lambda$new$0(132)) - s3@group-17EB70022112-SegmentedRaftLogWorker: flushIndex: setUnconditionally 0 -> -1
2019-09-24 17:10:20,867 INFO  server.RaftServerConfigKeys (ConfUtils.java:logGet(43)) - raft.server.snapshot.auto.trigger.enabled = false (default)
2019-09-24 17:10:20,867 INFO  server.RaftServerConfigKeys (ConfUtils.java:logGet(43)) - raft.server.log.statemachine.data.sync.timeout.retry = -1 (default)
2019-09-24 17:10:20,867 INFO  server.RaftServerConfigKeys (ConfUtils.java:logGet(43)) - raft.server.log.queue.byte-limit = 64MB (=67108864) (default)
2019-09-24 17:10:20,868 INFO  server.RaftServerConfigKeys (ConfUtils.java:logGet(43)) - raft.server.log.statemachine.data.caching.enabled = false (default)
2019-09-24 17:10:20,868 INFO  server.RaftServerConfigKeys (ConfUtils.java:logGet(43)) - raft.server.snapshot.auto.trigger.enabled = false (default)
2019-09-24 17:10:20,868 INFO  server.RaftServerConfigKeys (ConfUtils.java:logGet(43)) - raft.server.snapshot.retention.file.num = -1 (default)
2019-09-24 17:10:20,868 INFO  server.RaftServerConfigKeys (ConfUtils.java:logGet(43)) - raft.server.log.queue.element-limit = 4096 (default)
2019-09-24 17:10:20,869 INFO  server.RaftServerConfigKeys (ConfUtils.java:logGet(43)) - raft.server.retrycache.expirytime = 60s (default)
2019-09-24 17:10:20,869 INFO  segmented.SegmentedRaftLogWorker (SegmentedRaftLogWorker.java:lambda$new$0(132)) - s0@group-17EB70022112-SegmentedRaftLogWorker: flushIndex: setUnconditionally 0 -> -1
2019-09-24 17:10:20,869 INFO  server.RaftServerConfigKeys (ConfUtils.java:logGet(43)) - raft.server.snapshot.retention.file.num = -1 (default)
2019-09-24 17:10:20,869 INFO  server.RaftServerConfigKeys (ConfUtils.java:logGet(43)) - raft.server.log.queue.element-limit = 4096 (default)
2019-09-24 17:10:20,870 INFO  server.RaftServerConfigKeys (ConfUtils.java:logGet(43)) - raft.server.snapshot.auto.trigger.enabled = false (default)
2019-09-24 17:10:20,870 INFO  server.RaftServerConfigKeys (ConfUtils.java:logGet(43)) - raft.server.retrycache.expirytime = 60s (default)
2019-09-24 17:10:20,869 INFO  server.RaftServerConfigKeys (ConfUtils.java:logGet(43)) - raft.server.log.segment.size.max = 8MB (=8388608) (default)
2019-09-24 17:10:20,870 INFO  server.RaftServerConfigKeys (ConfUtils.java:logGet(43)) - raft.server.snapshot.retention.file.num = -1 (default)
2019-09-24 17:10:20,870 INFO  server.RaftServerConfigKeys (ConfUtils.java:logGet(43)) - raft.server.log.segment.size.max = 8MB (=8388608) (default)
2019-09-24 17:10:20,871 INFO  server.RaftServerConfigKeys (ConfUtils.java:logGet(43)) - raft.server.retrycache.expirytime = 60s (default)
2019-09-24 17:10:20,871 INFO  server.RaftServerConfigKeys (ConfUtils.java:logGet(43)) - raft.server.log.preallocated.size = 4MB (=4194304) (default)
2019-09-24 17:10:20,871 INFO  server.RaftServerConfigKeys (ConfUtils.java:logGet(43)) - raft.server.log.preallocated.size = 4MB (=4194304) (default)
2019-09-24 17:10:20,872 INFO  server.RaftServerConfigKeys (ConfUtils.java:logGet(43)) - raft.server.log.write.buffer.size = 64KB (=65536) (default)
2019-09-24 17:10:20,872 INFO  server.RaftServerConfigKeys (ConfUtils.java:logGet(43)) - raft.server.log.write.buffer.size = 64KB (=65536) (default)
2019-09-24 17:10:20,872 INFO  server.RaftServerConfigKeys (ConfUtils.java:logGet(43)) - raft.server.log.force.sync.num = 128 (default)
2019-09-24 17:10:20,872 INFO  server.RaftServerConfigKeys (ConfUtils.java:logGet(43)) - raft.server.log.force.sync.num = 128 (default)
2019-09-24 17:10:20,873 INFO  server.RaftServerConfigKeys (ConfUtils.java:logGet(43)) - raft.server.log.statemachine.data.sync = true (default)
2019-09-24 17:10:20,873 INFO  server.RaftServerConfigKeys (ConfUtils.java:logGet(43)) - raft.server.log.statemachine.data.sync = true (default)
2019-09-24 17:10:20,873 INFO  server.RaftServerConfigKeys (ConfUtils.java:logGet(43)) - raft.server.log.statemachine.data.sync.timeout = 10s (default)
2019-09-24 17:10:20,873 INFO  server.RaftServerConfigKeys (ConfUtils.java:logGet(43)) - raft.server.log.statemachine.data.sync.timeout = 10s (default)
2019-09-24 17:10:20,873 INFO  server.RaftServerConfigKeys (ConfUtils.java:logGet(43)) - raft.server.log.statemachine.data.sync.timeout.retry = -1 (default)
2019-09-24 17:10:20,874 INFO  server.RaftServerConfigKeys (ConfUtils.java:logGet(43)) - raft.server.log.statemachine.data.sync.timeout.retry = -1 (default)
2019-09-24 17:10:20,874 INFO  server.RaftServerConfigKeys (ConfUtils.java:logGet(43)) - raft.server.log.statemachine.data.caching.enabled = false (default)
2019-09-24 17:10:20,874 INFO  server.RaftServerConfigKeys (ConfUtils.java:logGet(43)) - raft.server.log.statemachine.data.caching.enabled = false (default)
2019-09-24 17:10:20,875 INFO  segmented.SegmentedRaftLogWorker (SegmentedRaftLogWorker.java:lambda$new$0(132)) - s1@group-17EB70022112-SegmentedRaftLogWorker: flushIndex: setUnconditionally 0 -> -1
2019-09-24 17:10:20,875 INFO  segmented.SegmentedRaftLogWorker (SegmentedRaftLogWorker.java:lambda$new$0(132)) - s2@group-17EB70022112-SegmentedRaftLogWorker: flushIndex: setUnconditionally 0 -> -1
2019-09-24 17:10:20,875 INFO  server.RaftServerConfigKeys (ConfUtils.java:logGet(43)) - raft.server.snapshot.auto.trigger.enabled = false (default)
2019-09-24 17:10:20,875 INFO  server.RaftServerConfigKeys (ConfUtils.java:logGet(43)) - raft.server.snapshot.auto.trigger.enabled = false (default)
2019-09-24 17:10:20,876 INFO  server.RaftServerConfigKeys (ConfUtils.java:logGet(43)) - raft.server.snapshot.retention.file.num = -1 (default)
2019-09-24 17:10:20,876 INFO  server.RaftServerConfigKeys (ConfUtils.java:logGet(43)) - raft.server.snapshot.retention.file.num = -1 (default)
2019-09-24 17:10:20,876 INFO  server.RaftServerConfigKeys (ConfUtils.java:logGet(43)) - raft.server.retrycache.expirytime = 60s (default)
2019-09-24 17:10:20,876 INFO  server.RaftServerConfigKeys (ConfUtils.java:logGet(43)) - raft.server.retrycache.expirytime = 60s (default)
2019-09-24 17:10:20,877 INFO  impl.RaftServerImpl (RaftServerImpl.java:start(181)) - s3@group-17EB70022112: start as a follower, conf=-1: [s3:0.0.0.0:42087, s4:0.0.0.0:33912, s0:0.0.0.0:40055, s1:0.0.0.0:37625, s2:0.0.0.0:37369], old=null
2019-09-24 17:10:20,878 INFO  impl.RaftServerImpl (RaftServerImpl.java:setRole(170)) - s3@group-17EB70022112: changes role from      null to FOLLOWER at term 0 for startAsFollower
2019-09-24 17:10:20,878 INFO  impl.RoleInfo (RoleInfo.java:updateAndGet(143)) - s3: start FollowerState
2019-09-24 17:10:20,879 INFO  util.JmxRegister (JmxRegister.java:tryRegister(44)) - Successfully registered JMX Bean with object name Ratis:service=RaftServer,group=group-17EB70022112,id=s3
2019-09-24 17:10:20,886 INFO  impl.RaftServerProxy (RaftServerProxy.java:lambda$start$3(299)) - s3: start RPC server
2019-09-24 17:10:20,887 INFO  impl.RaftServerImpl (RaftServerImpl.java:start(181)) - s4@group-17EB70022112: start as a follower, conf=-1: [s3:0.0.0.0:42087, s4:0.0.0.0:33912, s0:0.0.0.0:40055, s1:0.0.0.0:37625, s2:0.0.0.0:37369], old=null
2019-09-24 17:10:20,888 INFO  impl.RaftServerImpl (RaftServerImpl.java:setRole(170)) - s4@group-17EB70022112: changes role from      null to FOLLOWER at term 0 for startAsFollower
2019-09-24 17:10:20,888 INFO  impl.RoleInfo (RoleInfo.java:updateAndGet(143)) - s4: start FollowerState
2019-09-24 17:10:20,888 INFO  util.JmxRegister (JmxRegister.java:tryRegister(44)) - Successfully registered JMX Bean with object name Ratis:service=RaftServer,group=group-17EB70022112,id=s4
2019-09-24 17:10:20,892 INFO  impl.RaftServerProxy (RaftServerProxy.java:lambda$start$3(299)) - s4: start RPC server
2019-09-24 17:10:20,894 INFO  impl.RaftServerImpl (RaftServerImpl.java:start(181)) - s0@group-17EB70022112: start as a follower, conf=-1: [s3:0.0.0.0:42087, s4:0.0.0.0:33912, s0:0.0.0.0:40055, s1:0.0.0.0:37625, s2:0.0.0.0:37369], old=null
2019-09-24 17:10:20,894 INFO  impl.RaftServerImpl (RaftServerImpl.java:setRole(170)) - s0@group-17EB70022112: changes role from      null to FOLLOWER at term 0 for startAsFollower
2019-09-24 17:10:20,894 INFO  impl.RoleInfo (RoleInfo.java:updateAndGet(143)) - s0: start FollowerState
2019-09-24 17:10:20,895 INFO  util.JmxRegister (JmxRegister.java:tryRegister(44)) - Successfully registered JMX Bean with object name Ratis:service=RaftServer,group=group-17EB70022112,id=s0
2019-09-24 17:10:20,898 INFO  impl.RaftServerProxy (RaftServerProxy.java:lambda$start$3(299)) - s0: start RPC server
2019-09-24 17:10:20,900 INFO  impl.RaftServerImpl (RaftServerImpl.java:start(181)) - s1@group-17EB70022112: start as a follower, conf=-1: [s3:0.0.0.0:42087, s4:0.0.0.0:33912, s0:0.0.0.0:40055, s1:0.0.0.0:37625, s2:0.0.0.0:37369], old=null
2019-09-24 17:10:20,900 INFO  impl.RaftServerImpl (RaftServerImpl.java:setRole(170)) - s1@group-17EB70022112: changes role from      null to FOLLOWER at term 0 for startAsFollower
2019-09-24 17:10:20,900 INFO  impl.RoleInfo (RoleInfo.java:updateAndGet(143)) - s1: start FollowerState
2019-09-24 17:10:20,901 INFO  util.JmxRegister (JmxRegister.java:tryRegister(44)) - Successfully registered JMX Bean with object name Ratis:service=RaftServer,group=group-17EB70022112,id=s1
2019-09-24 17:10:20,904 INFO  impl.RaftServerProxy (RaftServerProxy.java:lambda$start$3(299)) - s1: start RPC server
2019-09-24 17:10:20,905 INFO  impl.RaftServerImpl (RaftServerImpl.java:start(181)) - s2@group-17EB70022112: start as a follower, conf=-1: [s3:0.0.0.0:42087, s4:0.0.0.0:33912, s0:0.0.0.0:40055, s1:0.0.0.0:37625, s2:0.0.0.0:37369], old=null
2019-09-24 17:10:20,905 INFO  impl.RaftServerImpl (RaftServerImpl.java:setRole(170)) - s2@group-17EB70022112: changes role from      null to FOLLOWER at term 0 for startAsFollower
2019-09-24 17:10:20,906 INFO  impl.RoleInfo (RoleInfo.java:updateAndGet(143)) - s2: start FollowerState
2019-09-24 17:10:20,906 INFO  util.JmxRegister (JmxRegister.java:tryRegister(44)) - Successfully registered JMX Bean with object name Ratis:service=RaftServer,group=group-17EB70022112,id=s2
2019-09-24 17:10:20,909 INFO  impl.RaftServerProxy (RaftServerProxy.java:lambda$start$3(299)) - s2: start RPC server
2019-09-24 17:10:20,910 INFO  server.RaftServerConfigKeys (ConfUtils.java:logGet(43)) - raft.server.rpc.timeout.max = 300ms (default)
2019-09-24 17:10:20,911 INFO  ratis.RaftTestUtil (RaftTestUtil.java:waitForLeader(86)) - printing ALL groups
  s3:  RUNNING  FOLLOWER s3@group-17EB70022112:t0, leader=null, voted=null, raftlog=s3@group-17EB70022112-SegmentedRaftLog:OPENED:c-1,f-1,i0, conf=-1: [s3:0.0.0.0:42087, s4:0.0.0.0:33912, s0:0.0.0.0:40055, s1:0.0.0.0:37625, s2:0.0.0.0:37369], old=null RUNNING
  s4:  RUNNING  FOLLOWER s4@group-17EB70022112:t0, leader=null, voted=null, raftlog=s4@group-17EB70022112-SegmentedRaftLog:OPENED:c-1,f-1,i0, conf=-1: [s3:0.0.0.0:42087, s4:0.0.0.0:33912, s0:0.0.0.0:40055, s1:0.0.0.0:37625, s2:0.0.0.0:37369], old=null RUNNING
  s0:  RUNNING  FOLLOWER s0@group-17EB70022112:t0, leader=null, voted=null, raftlog=s0@group-17EB70022112-SegmentedRaftLog:OPENED:c-1,f-1,i0, conf=-1: [s3:0.0.0.0:42087, s4:0.0.0.0:33912, s0:0.0.0.0:40055, s1:0.0.0.0:37625, s2:0.0.0.0:37369], old=null RUNNING
  s1:  RUNNING  FOLLOWER s1@group-17EB70022112:t0, leader=null, voted=null, raftlog=s1@group-17EB70022112-SegmentedRaftLog:OPENED:c-1,f-1,i0, conf=-1: [s3:0.0.0.0:42087, s4:0.0.0.0:33912, s0:0.0.0.0:40055, s1:0.0.0.0:37625, s2:0.0.0.0:37369], old=null RUNNING
  s2:  RUNNING  FOLLOWER s2@group-17EB70022112:t0, leader=null, voted=null, raftlog=s2@group-17EB70022112-SegmentedRaftLog:OPENED:c-1,f-1,i0, conf=-1: [s3:0.0.0.0:42087, s4:0.0.0.0:33912, s0:0.0.0.0:40055, s1:0.0.0.0:37625, s2:0.0.0.0:37369], old=null RUNNING
2019-09-24 17:10:20,911 WARN  ratis.RaftTestUtil (JavaUtils.java:attempt(158)) - FAILED "waitForLeader-null-(expectLeader? true)", attempt #1/100: java.lang.IllegalStateException: No leader yet : printing ALL groups
  s3:  RUNNING  FOLLOWER s3@group-17EB70022112:t0, leader=null, voted=null, raftlog=s3@group-17EB70022112-SegmentedRaftLog:OPENED:c-1,f-1,i0, conf=-1: [s3:0.0.0.0:42087, s4:0.0.0.0:33912, s0:0.0.0.0:40055, s1:0.0.0.0:37625, s2:0.0.0.0:37369], old=null RUNNING
  s4:  RUNNING  FOLLOWER s4@group-17EB70022112:t0, leader=null, voted=null, raftlog=s4@group-17EB70022112-SegmentedRaftLog:OPENED:c-1,f-1,i0, conf=-1: [s3:0.0.0.0:42087, s4:0.0.0.0:33912, s0:0.0.0.0:40055, s1:0.0.0.0:37625, s2:0.0.0.0:37369], old=null RUNNING
  s0:  RUNNING  FOLLOWER s0@group-17EB70022112:t0, leader=null, voted=null, raftlog=s0@group-17EB70022112-SegmentedRaftLog:OPENED:c-1,f-1,i0, conf=-1: [s3:0.0.0.0:42087, s4:0.0.0.0:33912, s0:0.0.0.0:40055, s1:0.0.0.0:37625, s2:0.0.0.0:37369], old=null RUNNING
  s1:  RUNNING  FOLLOWER s1@group-17EB70022112:t0, leader=null, voted=null, raftlog=s1@group-17EB70022112-SegmentedRaftLog:OPENED:c-1,f-1,i0, conf=-1: [s3:0.0.0.0:42087, s4:0.0.0.0:33912, s0:0.0.0.0:40055, s1:0.0.0.0:37625, s2:0.0.0.0:37369], old=null RUNNING
  s2:  RUNNING  FOLLOWER s2@group-17EB70022112:t0, leader=null, voted=null, raftlog=s2@group-17EB70022112-SegmentedRaftLog:OPENED:c-1,f-1,i0, conf=-1: [s3:0.0.0.0:42087, s4:0.0.0.0:33912, s0:0.0.0.0:40055, s1:0.0.0.0:37625, s2:0.0.0.0:37369], old=null RUNNING, sleep 450ms and then retry.
java.lang.IllegalStateException: No leader yet : printing ALL groups
  s3:  RUNNING  FOLLOWER s3@group-17EB70022112:t0, leader=null, voted=null, raftlog=s3@group-17EB70022112-SegmentedRaftLog:OPENED:c-1,f-1,i0, conf=-1: [s3:0.0.0.0:42087, s4:0.0.0.0:33912, s0:0.0.0.0:40055, s1:0.0.0.0:37625, s2:0.0.0.0:37369], old=null RUNNING
  s4:  RUNNING  FOLLOWER s4@group-17EB70022112:t0, leader=null, voted=null, raftlog=s4@group-17EB70022112-SegmentedRaftLog:OPENED:c-1,f-1,i0, conf=-1: [s3:0.0.0.0:42087, s4:0.0.0.0:33912, s0:0.0.0.0:40055, s1:0.0.0.0:37625, s2:0.0.0.0:37369], old=null RUNNING
  s0:  RUNNING  FOLLOWER s0@group-17EB70022112:t0, leader=null, voted=null, raftlog=s0@group-17EB70022112-SegmentedRaftLog:OPENED:c-1,f-1,i0, conf=-1: [s3:0.0.0.0:42087, s4:0.0.0.0:33912, s0:0.0.0.0:40055, s1:0.0.0.0:37625, s2:0.0.0.0:37369], old=null RUNNING
  s1:  RUNNING  FOLLOWER s1@group-17EB70022112:t0, leader=null, voted=null, raftlog=s1@group-17EB70022112-SegmentedRaftLog:OPENED:c-1,f-1,i0, conf=-1: [s3:0.0.0.0:42087, s4:0.0.0.0:33912, s0:0.0.0.0:40055, s1:0.0.0.0:37625, s2:0.0.0.0:37369], old=null RUNNING
  s2:  RUNNING  FOLLOWER s2@group-17EB70022112:t0, leader=null, voted=null, raftlog=s2@group-17EB70022112-SegmentedRaftLog:OPENED:c-1,f-1,i0, conf=-1: [s3:0.0.0.0:42087, s4:0.0.0.0:33912, s0:0.0.0.0:40055, s1:0.0.0.0:37625, s2:0.0.0.0:37369], old=null RUNNING
	at org.apache.ratis.MiniRaftCluster.newIllegalStateExceptionForNoLeaders(MiniRaftCluster.java:506)
	at org.apache.ratis.RaftTestUtil.lambda$waitForLeader$1(RaftTestUtil.java:90)
	at org.apache.ratis.MiniRaftCluster.getLeader(MiniRaftCluster.java:539)
	at org.apache.ratis.MiniRaftCluster.getLeader(MiniRaftCluster.java:532)
	at org.apache.ratis.RaftTestUtil.lambda$waitForLeader$3(RaftTestUtil.java:98)
	at org.apache.ratis.util.JavaUtils.attempt(JavaUtils.java:152)
	at org.apache.ratis.RaftTestUtil.waitForLeader(RaftTestUtil.java:97)
	at org.apache.ratis.RaftTestUtil.waitForLeader(RaftTestUtil.java:77)
	at org.apache.ratis.RaftTestUtil.waitForLeader(RaftTestUtil.java:72)
	at org.apache.ratis.RaftTestUtil.waitAndKillLeader(RaftTestUtil.java:114)
	at org.apache.ratis.server.impl.LeaderElectionTests.testBasicLeaderElection(LeaderElectionTests.java:63)
	at sun.reflect.NativeMethodAccessorImpl.invoke0(Native Method)
	at sun.reflect.NativeMethodAccessorImpl.invoke(NativeMethodAccessorImpl.java:62)
	at sun.reflect.DelegatingMethodAccessorImpl.invoke(DelegatingMethodAccessorImpl.java:43)
	at java.lang.reflect.Method.invoke(Method.java:498)
	at org.junit.runners.model.FrameworkMethod$1.runReflectiveCall(FrameworkMethod.java:50)
	at org.junit.internal.runners.model.ReflectiveCallable.run(ReflectiveCallable.java:12)
	at org.junit.runners.model.FrameworkMethod.invokeExplosively(FrameworkMethod.java:47)
	at org.junit.internal.runners.statements.InvokeMethod.evaluate(InvokeMethod.java:17)
	at org.junit.internal.runners.statements.RunAfters.evaluate(RunAfters.java:27)
	at org.junit.internal.runners.statements.FailOnTimeout$CallableStatement.call(FailOnTimeout.java:298)
	at org.junit.internal.runners.statements.FailOnTimeout$CallableStatement.call(FailOnTimeout.java:292)
	at java.util.concurrent.FutureTask.run(FutureTask.java:266)
	at java.lang.Thread.run(Thread.java:748)
2019-09-24 17:10:21,066 INFO  impl.FollowerState (FollowerState.java:run(108)) - s0@group-17EB70022112-FollowerState: change to CANDIDATE, lastRpcTime:171ms, electionTimeout:171ms
2019-09-24 17:10:21,067 INFO  impl.RoleInfo (RoleInfo.java:shutdownFollowerState(121)) - s0: shutdown FollowerState
2019-09-24 17:10:21,067 INFO  impl.RaftServerImpl (RaftServerImpl.java:setRole(170)) - s0@group-17EB70022112: changes role from  FOLLOWER to CANDIDATE at term 0 for changeToCandidate
2019-09-24 17:10:21,067 INFO  impl.RoleInfo (RoleInfo.java:updateAndGet(143)) - s0: start LeaderElection
2019-09-24 17:10:21,090 INFO  impl.FollowerState (FollowerState.java:run(108)) - s4@group-17EB70022112-FollowerState: change to CANDIDATE, lastRpcTime:202ms, electionTimeout:202ms
2019-09-24 17:10:21,091 INFO  impl.RoleInfo (RoleInfo.java:shutdownFollowerState(121)) - s4: shutdown FollowerState
2019-09-24 17:10:21,091 INFO  impl.RaftServerImpl (RaftServerImpl.java:setRole(170)) - s4@group-17EB70022112: changes role from  FOLLOWER to CANDIDATE at term 0 for changeToCandidate
2019-09-24 17:10:21,091 INFO  impl.RoleInfo (RoleInfo.java:updateAndGet(143)) - s4: start LeaderElection
2019-09-24 17:10:21,121 INFO  impl.FollowerState (FollowerState.java:run(108)) - s2@group-17EB70022112-FollowerState: change to CANDIDATE, lastRpcTime:215ms, electionTimeout:215ms
2019-09-24 17:10:21,121 INFO  impl.RoleInfo (RoleInfo.java:shutdownFollowerState(121)) - s2: shutdown FollowerState
2019-09-24 17:10:21,121 INFO  impl.RaftServerImpl (RaftServerImpl.java:setRole(170)) - s2@group-17EB70022112: changes role from  FOLLOWER to CANDIDATE at term 0 for changeToCandidate
2019-09-24 17:10:21,122 INFO  impl.RoleInfo (RoleInfo.java:updateAndGet(143)) - s2: start LeaderElection
2019-09-24 17:10:21,172 INFO  impl.FollowerState (FollowerState.java:run(108)) - s3@group-17EB70022112-FollowerState: change to CANDIDATE, lastRpcTime:293ms, electionTimeout:293ms
2019-09-24 17:10:21,172 INFO  impl.RoleInfo (RoleInfo.java:shutdownFollowerState(121)) - s3: shutdown FollowerState
2019-09-24 17:10:21,172 INFO  impl.RaftServerImpl (RaftServerImpl.java:setRole(170)) - s3@group-17EB70022112: changes role from  FOLLOWER to CANDIDATE at term 0 for changeToCandidate
2019-09-24 17:10:21,172 INFO  impl.RoleInfo (RoleInfo.java:updateAndGet(143)) - s3: start LeaderElection
2019-09-24 17:10:21,195 INFO  impl.FollowerState (FollowerState.java:run(108)) - s1@group-17EB70022112-FollowerState: change to CANDIDATE, lastRpcTime:294ms, electionTimeout:294ms
2019-09-24 17:10:21,195 INFO  impl.RoleInfo (RoleInfo.java:shutdownFollowerState(121)) - s1: shutdown FollowerState
2019-09-24 17:10:21,195 INFO  impl.RaftServerImpl (RaftServerImpl.java:setRole(170)) - s1@group-17EB70022112: changes role from  FOLLOWER to CANDIDATE at term 0 for changeToCandidate
2019-09-24 17:10:21,195 INFO  impl.RoleInfo (RoleInfo.java:updateAndGet(143)) - s1: start LeaderElection
2019-09-24 17:10:21,363 WARN  ratis.RaftTestUtil (JavaUtils.java:attempt(158)) - FAILED "waitForLeader-null-(expectLeader? true)", attempt #2/100: java.lang.IllegalStateException: No leader yet : printing ALL groups
  s3:  RUNNING CANDIDATE s3@group-17EB70022112:t1, leader=null, voted=s3, raftlog=s3@group-17EB70022112-SegmentedRaftLog:OPENED:c-1,f-1,i0, conf=-1: [s3:0.0.0.0:42087, s4:0.0.0.0:33912, s0:0.0.0.0:40055, s1:0.0.0.0:37625, s2:0.0.0.0:37369], old=null RUNNING
  s4:  RUNNING CANDIDATE s4@group-17EB70022112:t1, leader=null, voted=s4, raftlog=s4@group-17EB70022112-SegmentedRaftLog:OPENED:c-1,f-1,i0, conf=-1: [s3:0.0.0.0:42087, s4:0.0.0.0:33912, s0:0.0.0.0:40055, s1:0.0.0.0:37625, s2:0.0.0.0:37369], old=null RUNNING
  s0:  RUNNING CANDIDATE s0@group-17EB70022112:t1, leader=null, voted=s0, raftlog=s0@group-17EB70022112-SegmentedRaftLog:OPENED:c-1,f-1,i0, conf=-1: [s3:0.0.0.0:42087, s4:0.0.0.0:33912, s0:0.0.0.0:40055, s1:0.0.0.0:37625, s2:0.0.0.0:37369], old=null RUNNING
  s1:  RUNNING CANDIDATE s1@group-17EB70022112:t1, leader=null, voted=s1, raftlog=s1@group-17EB70022112-SegmentedRaftLog:OPENED:c-1,f-1,i0, conf=-1: [s3:0.0.0.0:42087, s4:0.0.0.0:33912, s0:0.0.0.0:40055, s1:0.0.0.0:37625, s2:0.0.0.0:37369], old=null RUNNING
  s2:  RUNNING CANDIDATE s2@group-17EB70022112:t1, leader=null, voted=s2, raftlog=s2@group-17EB70022112-SegmentedRaftLog:OPENED:c-1,f-1,i0, conf=-1: [s3:0.0.0.0:42087, s4:0.0.0.0:33912, s0:0.0.0.0:40055, s1:0.0.0.0:37625, s2:0.0.0.0:37369], old=null RUNNING, sleep 450ms and then retry.
java.lang.IllegalStateException: No leader yet : printing ALL groups
  s3:  RUNNING CANDIDATE s3@group-17EB70022112:t1, leader=null, voted=s3, raftlog=s3@group-17EB70022112-SegmentedRaftLog:OPENED:c-1,f-1,i0, conf=-1: [s3:0.0.0.0:42087, s4:0.0.0.0:33912, s0:0.0.0.0:40055, s1:0.0.0.0:37625, s2:0.0.0.0:37369], old=null RUNNING
  s4:  RUNNING CANDIDATE s4@group-17EB70022112:t1, leader=null, voted=s4, raftlog=s4@group-17EB70022112-SegmentedRaftLog:OPENED:c-1,f-1,i0, conf=-1: [s3:0.0.0.0:42087, s4:0.0.0.0:33912, s0:0.0.0.0:40055, s1:0.0.0.0:37625, s2:0.0.0.0:37369], old=null RUNNING
  s0:  RUNNING CANDIDATE s0@group-17EB70022112:t1, leader=null, voted=s0, raftlog=s0@group-17EB70022112-SegmentedRaftLog:OPENED:c-1,f-1,i0, conf=-1: [s3:0.0.0.0:42087, s4:0.0.0.0:33912, s0:0.0.0.0:40055, s1:0.0.0.0:37625, s2:0.0.0.0:37369], old=null RUNNING
  s1:  RUNNING CANDIDATE s1@group-17EB70022112:t1, leader=null, voted=s1, raftlog=s1@group-17EB70022112-SegmentedRaftLog:OPENED:c-1,f-1,i0, conf=-1: [s3:0.0.0.0:42087, s4:0.0.0.0:33912, s0:0.0.0.0:40055, s1:0.0.0.0:37625, s2:0.0.0.0:37369], old=null RUNNING
  s2:  RUNNING CANDIDATE s2@group-17EB70022112:t1, leader=null, voted=s2, raftlog=s2@group-17EB70022112-SegmentedRaftLog:OPENED:c-1,f-1,i0, conf=-1: [s3:0.0.0.0:42087, s4:0.0.0.0:33912, s0:0.0.0.0:40055, s1:0.0.0.0:37625, s2:0.0.0.0:37369], old=null RUNNING
	at org.apache.ratis.MiniRaftCluster.newIllegalStateExceptionForNoLeaders(MiniRaftCluster.java:506)
	at org.apache.ratis.RaftTestUtil.lambda$waitForLeader$1(RaftTestUtil.java:90)
	at org.apache.ratis.MiniRaftCluster.getLeader(MiniRaftCluster.java:539)
	at org.apache.ratis.MiniRaftCluster.getLeader(MiniRaftCluster.java:532)
	at org.apache.ratis.RaftTestUtil.lambda$waitForLeader$3(RaftTestUtil.java:98)
	at org.apache.ratis.util.JavaUtils.attempt(JavaUtils.java:152)
	at org.apache.ratis.RaftTestUtil.waitForLeader(RaftTestUtil.java:97)
	at org.apache.ratis.RaftTestUtil.waitForLeader(RaftTestUtil.java:77)
	at org.apache.ratis.RaftTestUtil.waitForLeader(RaftTestUtil.java:72)
	at org.apache.ratis.RaftTestUtil.waitAndKillLeader(RaftTestUtil.java:114)
	at org.apache.ratis.server.impl.LeaderElectionTests.testBasicLeaderElection(LeaderElectionTests.java:63)
	at sun.reflect.NativeMethodAccessorImpl.invoke0(Native Method)
	at sun.reflect.NativeMethodAccessorImpl.invoke(NativeMethodAccessorImpl.java:62)
	at sun.reflect.DelegatingMethodAccessorImpl.invoke(DelegatingMethodAccessorImpl.java:43)
	at java.lang.reflect.Method.invoke(Method.java:498)
	at org.junit.runners.model.FrameworkMethod$1.runReflectiveCall(FrameworkMethod.java:50)
	at org.junit.internal.runners.model.ReflectiveCallable.run(ReflectiveCallable.java:12)
	at org.junit.runners.model.FrameworkMethod.invokeExplosively(FrameworkMethod.java:47)
	at org.junit.internal.runners.statements.InvokeMethod.evaluate(InvokeMethod.java:17)
	at org.junit.internal.runners.statements.RunAfters.evaluate(RunAfters.java:27)
	at org.junit.internal.runners.statements.FailOnTimeout$CallableStatement.call(FailOnTimeout.java:298)
	at org.junit.internal.runners.statements.FailOnTimeout$CallableStatement.call(FailOnTimeout.java:292)
	at java.util.concurrent.FutureTask.run(FutureTask.java:266)
	at java.lang.Thread.run(Thread.java:748)
2019-09-24 17:10:21,815 WARN  ratis.RaftTestUtil (JavaUtils.java:attempt(158)) - FAILED "waitForLeader-null-(expectLeader? true)", attempt #3/100: java.lang.IllegalStateException: No leader yet : printing ALL groups
  s3:  RUNNING CANDIDATE s3@group-17EB70022112:t1, leader=null, voted=s3, raftlog=s3@group-17EB70022112-SegmentedRaftLog:OPENED:c-1,f-1,i0, conf=-1: [s3:0.0.0.0:42087, s4:0.0.0.0:33912, s0:0.0.0.0:40055, s1:0.0.0.0:37625, s2:0.0.0.0:37369], old=null RUNNING
  s4:  RUNNING CANDIDATE s4@group-17EB70022112:t1, leader=null, voted=s4, raftlog=s4@group-17EB70022112-SegmentedRaftLog:OPENED:c-1,f-1,i0, conf=-1: [s3:0.0.0.0:42087, s4:0.0.0.0:33912, s0:0.0.0.0:40055, s1:0.0.0.0:37625, s2:0.0.0.0:37369], old=null RUNNING
  s0:  RUNNING CANDIDATE s0@group-17EB70022112:t1, leader=null, voted=s0, raftlog=s0@group-17EB70022112-SegmentedRaftLog:OPENED:c-1,f-1,i0, conf=-1: [s3:0.0.0.0:42087, s4:0.0.0.0:33912, s0:0.0.0.0:40055, s1:0.0.0.0:37625, s2:0.0.0.0:37369], old=null RUNNING
  s1:  RUNNING CANDIDATE s1@group-17EB70022112:t1, leader=null, voted=s1, raftlog=s1@group-17EB70022112-SegmentedRaftLog:OPENED:c-1,f-1,i0, conf=-1: [s3:0.0.0.0:42087, s4:0.0.0.0:33912, s0:0.0.0.0:40055, s1:0.0.0.0:37625, s2:0.0.0.0:37369], old=null RUNNING
  s2:  RUNNING CANDIDATE s2@group-17EB70022112:t1, leader=null, voted=s2, raftlog=s2@group-17EB70022112-SegmentedRaftLog:OPENED:c-1,f-1,i0, conf=-1: [s3:0.0.0.0:42087, s4:0.0.0.0:33912, s0:0.0.0.0:40055, s1:0.0.0.0:37625, s2:0.0.0.0:37369], old=null RUNNING, sleep 450ms and then retry.
java.lang.IllegalStateException: No leader yet : printing ALL groups
  s3:  RUNNING CANDIDATE s3@group-17EB70022112:t1, leader=null, voted=s3, raftlog=s3@group-17EB70022112-SegmentedRaftLog:OPENED:c-1,f-1,i0, conf=-1: [s3:0.0.0.0:42087, s4:0.0.0.0:33912, s0:0.0.0.0:40055, s1:0.0.0.0:37625, s2:0.0.0.0:37369], old=null RUNNING
  s4:  RUNNING CANDIDATE s4@group-17EB70022112:t1, leader=null, voted=s4, raftlog=s4@group-17EB70022112-SegmentedRaftLog:OPENED:c-1,f-1,i0, conf=-1: [s3:0.0.0.0:42087, s4:0.0.0.0:33912, s0:0.0.0.0:40055, s1:0.0.0.0:37625, s2:0.0.0.0:37369], old=null RUNNING
  s0:  RUNNING CANDIDATE s0@group-17EB70022112:t1, leader=null, voted=s0, raftlog=s0@group-17EB70022112-SegmentedRaftLog:OPENED:c-1,f-1,i0, conf=-1: [s3:0.0.0.0:42087, s4:0.0.0.0:33912, s0:0.0.0.0:40055, s1:0.0.0.0:37625, s2:0.0.0.0:37369], old=null RUNNING
  s1:  RUNNING CANDIDATE s1@group-17EB70022112:t1, leader=null, voted=s1, raftlog=s1@group-17EB70022112-SegmentedRaftLog:OPENED:c-1,f-1,i0, conf=-1: [s3:0.0.0.0:42087, s4:0.0.0.0:33912, s0:0.0.0.0:40055, s1:0.0.0.0:37625, s2:0.0.0.0:37369], old=null RUNNING
  s2:  RUNNING CANDIDATE s2@group-17EB70022112:t1, leader=null, voted=s2, raftlog=s2@group-17EB70022112-SegmentedRaftLog:OPENED:c-1,f-1,i0, conf=-1: [s3:0.0.0.0:42087, s4:0.0.0.0:33912, s0:0.0.0.0:40055, s1:0.0.0.0:37625, s2:0.0.0.0:37369], old=null RUNNING
	at org.apache.ratis.MiniRaftCluster.newIllegalStateExceptionForNoLeaders(MiniRaftCluster.java:506)
	at org.apache.ratis.RaftTestUtil.lambda$waitForLeader$1(RaftTestUtil.java:90)
	at org.apache.ratis.MiniRaftCluster.getLeader(MiniRaftCluster.java:539)
	at org.apache.ratis.MiniRaftCluster.getLeader(MiniRaftCluster.java:532)
	at org.apache.ratis.RaftTestUtil.lambda$waitForLeader$3(RaftTestUtil.java:98)
	at org.apache.ratis.util.JavaUtils.attempt(JavaUtils.java:152)
	at org.apache.ratis.RaftTestUtil.waitForLeader(RaftTestUtil.java:97)
	at org.apache.ratis.RaftTestUtil.waitForLeader(RaftTestUtil.java:77)
	at org.apache.ratis.RaftTestUtil.waitForLeader(RaftTestUtil.java:72)
	at org.apache.ratis.RaftTestUtil.waitAndKillLeader(RaftTestUtil.java:114)
	at org.apache.ratis.server.impl.LeaderElectionTests.testBasicLeaderElection(LeaderElectionTests.java:63)
	at sun.reflect.NativeMethodAccessorImpl.invoke0(Native Method)
	at sun.reflect.NativeMethodAccessorImpl.invoke(NativeMethodAccessorImpl.java:62)
	at sun.reflect.DelegatingMethodAccessorImpl.invoke(DelegatingMethodAccessorImpl.java:43)
	at java.lang.reflect.Method.invoke(Method.java:498)
	at org.junit.runners.model.FrameworkMethod$1.runReflectiveCall(FrameworkMethod.java:50)
	at org.junit.internal.runners.model.ReflectiveCallable.run(ReflectiveCallable.java:12)
	at org.junit.runners.model.FrameworkMethod.invokeExplosively(FrameworkMethod.java:47)
	at org.junit.internal.runners.statements.InvokeMethod.evaluate(InvokeMethod.java:17)
	at org.junit.internal.runners.statements.RunAfters.evaluate(RunAfters.java:27)
	at org.junit.internal.runners.statements.FailOnTimeout$CallableStatement.call(FailOnTimeout.java:298)
	at org.junit.internal.runners.statements.FailOnTimeout$CallableStatement.call(FailOnTimeout.java:292)
	at java.util.concurrent.FutureTask.run(FutureTask.java:266)
	at java.lang.Thread.run(Thread.java:748)
2019-09-24 17:10:22,266 WARN  ratis.RaftTestUtil (JavaUtils.java:attempt(158)) - FAILED "waitForLeader-null-(expectLeader? true)", attempt #4/100: java.lang.IllegalStateException: No leader yet : printing ALL groups
  s3:  RUNNING CANDIDATE s3@group-17EB70022112:t1, leader=null, voted=s3, raftlog=s3@group-17EB70022112-SegmentedRaftLog:OPENED:c-1,f-1,i0, conf=-1: [s3:0.0.0.0:42087, s4:0.0.0.0:33912, s0:0.0.0.0:40055, s1:0.0.0.0:37625, s2:0.0.0.0:37369], old=null RUNNING
  s4:  RUNNING CANDIDATE s4@group-17EB70022112:t1, leader=null, voted=s4, raftlog=s4@group-17EB70022112-SegmentedRaftLog:OPENED:c-1,f-1,i0, conf=-1: [s3:0.0.0.0:42087, s4:0.0.0.0:33912, s0:0.0.0.0:40055, s1:0.0.0.0:37625, s2:0.0.0.0:37369], old=null RUNNING
  s0:  RUNNING CANDIDATE s0@group-17EB70022112:t1, leader=null, voted=s0, raftlog=s0@group-17EB70022112-SegmentedRaftLog:OPENED:c-1,f-1,i0, conf=-1: [s3:0.0.0.0:42087, s4:0.0.0.0:33912, s0:0.0.0.0:40055, s1:0.0.0.0:37625, s2:0.0.0.0:37369], old=null RUNNING
  s1:  RUNNING CANDIDATE s1@group-17EB70022112:t1, leader=null, voted=s1, raftlog=s1@group-17EB70022112-SegmentedRaftLog:OPENED:c-1,f-1,i0, conf=-1: [s3:0.0.0.0:42087, s4:0.0.0.0:33912, s0:0.0.0.0:40055, s1:0.0.0.0:37625, s2:0.0.0.0:37369], old=null RUNNING
  s2:  RUNNING CANDIDATE s2@group-17EB70022112:t1, leader=null, voted=s2, raftlog=s2@group-17EB70022112-SegmentedRaftLog:OPENED:c-1,f-1,i0, conf=-1: [s3:0.0.0.0:42087, s4:0.0.0.0:33912, s0:0.0.0.0:40055, s1:0.0.0.0:37625, s2:0.0.0.0:37369], old=null RUNNING, sleep 450ms and then retry.
java.lang.IllegalStateException: No leader yet : printing ALL groups
  s3:  RUNNING CANDIDATE s3@group-17EB70022112:t1, leader=null, voted=s3, raftlog=s3@group-17EB70022112-SegmentedRaftLog:OPENED:c-1,f-1,i0, conf=-1: [s3:0.0.0.0:42087, s4:0.0.0.0:33912, s0:0.0.0.0:40055, s1:0.0.0.0:37625, s2:0.0.0.0:37369], old=null RUNNING
  s4:  RUNNING CANDIDATE s4@group-17EB70022112:t1, leader=null, voted=s4, raftlog=s4@group-17EB70022112-SegmentedRaftLog:OPENED:c-1,f-1,i0, conf=-1: [s3:0.0.0.0:42087, s4:0.0.0.0:33912, s0:0.0.0.0:40055, s1:0.0.0.0:37625, s2:0.0.0.0:37369], old=null RUNNING
  s0:  RUNNING CANDIDATE s0@group-17EB70022112:t1, leader=null, voted=s0, raftlog=s0@group-17EB70022112-SegmentedRaftLog:OPENED:c-1,f-1,i0, conf=-1: [s3:0.0.0.0:42087, s4:0.0.0.0:33912, s0:0.0.0.0:40055, s1:0.0.0.0:37625, s2:0.0.0.0:37369], old=null RUNNING
  s1:  RUNNING CANDIDATE s1@group-17EB70022112:t1, leader=null, voted=s1, raftlog=s1@group-17EB70022112-SegmentedRaftLog:OPENED:c-1,f-1,i0, conf=-1: [s3:0.0.0.0:42087, s4:0.0.0.0:33912, s0:0.0.0.0:40055, s1:0.0.0.0:37625, s2:0.0.0.0:37369], old=null RUNNING
  s2:  RUNNING CANDIDATE s2@group-17EB70022112:t1, leader=null, voted=s2, raftlog=s2@group-17EB70022112-SegmentedRaftLog:OPENED:c-1,f-1,i0, conf=-1: [s3:0.0.0.0:42087, s4:0.0.0.0:33912, s0:0.0.0.0:40055, s1:0.0.0.0:37625, s2:0.0.0.0:37369], old=null RUNNING
	at org.apache.ratis.MiniRaftCluster.newIllegalStateExceptionForNoLeaders(MiniRaftCluster.java:506)
	at org.apache.ratis.RaftTestUtil.lambda$waitForLeader$1(RaftTestUtil.java:90)
	at org.apache.ratis.MiniRaftCluster.getLeader(MiniRaftCluster.java:539)
	at org.apache.ratis.MiniRaftCluster.getLeader(MiniRaftCluster.java:532)
	at org.apache.ratis.RaftTestUtil.lambda$waitForLeader$3(RaftTestUtil.java:98)
	at org.apache.ratis.util.JavaUtils.attempt(JavaUtils.java:152)
	at org.apache.ratis.RaftTestUtil.waitForLeader(RaftTestUtil.java:97)
	at org.apache.ratis.RaftTestUtil.waitForLeader(RaftTestUtil.java:77)
	at org.apache.ratis.RaftTestUtil.waitForLeader(RaftTestUtil.java:72)
	at org.apache.ratis.RaftTestUtil.waitAndKillLeader(RaftTestUtil.java:114)
	at org.apache.ratis.server.impl.LeaderElectionTests.testBasicLeaderElection(LeaderElectionTests.java:63)
	at sun.reflect.NativeMethodAccessorImpl.invoke0(Native Method)
	at sun.reflect.NativeMethodAccessorImpl.invoke(NativeMethodAccessorImpl.java:62)
	at sun.reflect.DelegatingMethodAccessorImpl.invoke(DelegatingMethodAccessorImpl.java:43)
	at java.lang.reflect.Method.invoke(Method.java:498)
	at org.junit.runners.model.FrameworkMethod$1.runReflectiveCall(FrameworkMethod.java:50)
	at org.junit.internal.runners.model.ReflectiveCallable.run(ReflectiveCallable.java:12)
	at org.junit.runners.model.FrameworkMethod.invokeExplosively(FrameworkMethod.java:47)
	at org.junit.internal.runners.statements.InvokeMethod.evaluate(InvokeMethod.java:17)
	at org.junit.internal.runners.statements.RunAfters.evaluate(RunAfters.java:27)
	at org.junit.internal.runners.statements.FailOnTimeout$CallableStatement.call(FailOnTimeout.java:298)
	at org.junit.internal.runners.statements.FailOnTimeout$CallableStatement.call(FailOnTimeout.java:292)
	at java.util.concurrent.FutureTask.run(FutureTask.java:266)
	at java.lang.Thread.run(Thread.java:748)
2019-09-24 17:10:22,718 WARN  ratis.RaftTestUtil (JavaUtils.java:attempt(158)) - FAILED "waitForLeader-null-(expectLeader? true)", attempt #5/100: java.lang.IllegalStateException: No leader yet : printing ALL groups
  s3:  RUNNING CANDIDATE s3@group-17EB70022112:t1, leader=null, voted=s3, raftlog=s3@group-17EB70022112-SegmentedRaftLog:OPENED:c-1,f-1,i0, conf=-1: [s3:0.0.0.0:42087, s4:0.0.0.0:33912, s0:0.0.0.0:40055, s1:0.0.0.0:37625, s2:0.0.0.0:37369], old=null RUNNING
  s4:  RUNNING CANDIDATE s4@group-17EB70022112:t1, leader=null, voted=s4, raftlog=s4@group-17EB70022112-SegmentedRaftLog:OPENED:c-1,f-1,i0, conf=-1: [s3:0.0.0.0:42087, s4:0.0.0.0:33912, s0:0.0.0.0:40055, s1:0.0.0.0:37625, s2:0.0.0.0:37369], old=null RUNNING
  s0:  RUNNING CANDIDATE s0@group-17EB70022112:t1, leader=null, voted=s0, raftlog=s0@group-17EB70022112-SegmentedRaftLog:OPENED:c-1,f-1,i0, conf=-1: [s3:0.0.0.0:42087, s4:0.0.0.0:33912, s0:0.0.0.0:40055, s1:0.0.0.0:37625, s2:0.0.0.0:37369], old=null RUNNING
  s1:  RUNNING CANDIDATE s1@group-17EB70022112:t1, leader=null, voted=s1, raftlog=s1@group-17EB70022112-SegmentedRaftLog:OPENED:c-1,f-1,i0, conf=-1: [s3:0.0.0.0:42087, s4:0.0.0.0:33912, s0:0.0.0.0:40055, s1:0.0.0.0:37625, s2:0.0.0.0:37369], old=null RUNNING
  s2:  RUNNING CANDIDATE s2@group-17EB70022112:t1, leader=null, voted=s2, raftlog=s2@group-17EB70022112-SegmentedRaftLog:OPENED:c-1,f-1,i0, conf=-1: [s3:0.0.0.0:42087, s4:0.0.0.0:33912, s0:0.0.0.0:40055, s1:0.0.0.0:37625, s2:0.0.0.0:37369], old=null RUNNING, sleep 450ms and then retry.
java.lang.IllegalStateException: No leader yet : printing ALL groups
  s3:  RUNNING CANDIDATE s3@group-17EB70022112:t1, leader=null, voted=s3, raftlog=s3@group-17EB70022112-SegmentedRaftLog:OPENED:c-1,f-1,i0, conf=-1: [s3:0.0.0.0:42087, s4:0.0.0.0:33912, s0:0.0.0.0:40055, s1:0.0.0.0:37625, s2:0.0.0.0:37369], old=null RUNNING
  s4:  RUNNING CANDIDATE s4@group-17EB70022112:t1, leader=null, voted=s4, raftlog=s4@group-17EB70022112-SegmentedRaftLog:OPENED:c-1,f-1,i0, conf=-1: [s3:0.0.0.0:42087, s4:0.0.0.0:33912, s0:0.0.0.0:40055, s1:0.0.0.0:37625, s2:0.0.0.0:37369], old=null RUNNING
  s0:  RUNNING CANDIDATE s0@group-17EB70022112:t1, leader=null, voted=s0, raftlog=s0@group-17EB70022112-SegmentedRaftLog:OPENED:c-1,f-1,i0, conf=-1: [s3:0.0.0.0:42087, s4:0.0.0.0:33912, s0:0.0.0.0:40055, s1:0.0.0.0:37625, s2:0.0.0.0:37369], old=null RUNNING
  s1:  RUNNING CANDIDATE s1@group-17EB70022112:t1, leader=null, voted=s1, raftlog=s1@group-17EB70022112-SegmentedRaftLog:OPENED:c-1,f-1,i0, conf=-1: [s3:0.0.0.0:42087, s4:0.0.0.0:33912, s0:0.0.0.0:40055, s1:0.0.0.0:37625, s2:0.0.0.0:37369], old=null RUNNING
  s2:  RUNNING CANDIDATE s2@group-17EB70022112:t1, leader=null, voted=s2, raftlog=s2@group-17EB70022112-SegmentedRaftLog:OPENED:c-1,f-1,i0, conf=-1: [s3:0.0.0.0:42087, s4:0.0.0.0:33912, s0:0.0.0.0:40055, s1:0.0.0.0:37625, s2:0.0.0.0:37369], old=null RUNNING
	at org.apache.ratis.MiniRaftCluster.newIllegalStateExceptionForNoLeaders(MiniRaftCluster.java:506)
	at org.apache.ratis.RaftTestUtil.lambda$waitForLeader$1(RaftTestUtil.java:90)
	at org.apache.ratis.MiniRaftCluster.getLeader(MiniRaftCluster.java:539)
	at org.apache.ratis.MiniRaftCluster.getLeader(MiniRaftCluster.java:532)
	at org.apache.ratis.RaftTestUtil.lambda$waitForLeader$3(RaftTestUtil.java:98)
	at org.apache.ratis.util.JavaUtils.attempt(JavaUtils.java:152)
	at org.apache.ratis.RaftTestUtil.waitForLeader(RaftTestUtil.java:97)
	at org.apache.ratis.RaftTestUtil.waitForLeader(RaftTestUtil.java:77)
	at org.apache.ratis.RaftTestUtil.waitForLeader(RaftTestUtil.java:72)
	at org.apache.ratis.RaftTestUtil.waitAndKillLeader(RaftTestUtil.java:114)
	at org.apache.ratis.server.impl.LeaderElectionTests.testBasicLeaderElection(LeaderElectionTests.java:63)
	at sun.reflect.NativeMethodAccessorImpl.invoke0(Native Method)
	at sun.reflect.NativeMethodAccessorImpl.invoke(NativeMethodAccessorImpl.java:62)
	at sun.reflect.DelegatingMethodAccessorImpl.invoke(DelegatingMethodAccessorImpl.java:43)
	at java.lang.reflect.Method.invoke(Method.java:498)
	at org.junit.runners.model.FrameworkMethod$1.runReflectiveCall(FrameworkMethod.java:50)
	at org.junit.internal.runners.model.ReflectiveCallable.run(ReflectiveCallable.java:12)
	at org.junit.runners.model.FrameworkMethod.invokeExplosively(FrameworkMethod.java:47)
	at org.junit.internal.runners.statements.InvokeMethod.evaluate(InvokeMethod.java:17)
	at org.junit.internal.runners.statements.RunAfters.evaluate(RunAfters.java:27)
	at org.junit.internal.runners.statements.FailOnTimeout$CallableStatement.call(FailOnTimeout.java:298)
	at org.junit.internal.runners.statements.FailOnTimeout$CallableStatement.call(FailOnTimeout.java:292)
	at java.util.concurrent.FutureTask.run(FutureTask.java:266)
	at java.lang.Thread.run(Thread.java:748)
2019-09-24 17:10:23,169 WARN  ratis.RaftTestUtil (JavaUtils.java:attempt(158)) - FAILED "waitForLeader-null-(expectLeader? true)", attempt #6/100: java.lang.IllegalStateException: No leader yet : printing ALL groups
  s3:  RUNNING CANDIDATE s3@group-17EB70022112:t1, leader=null, voted=s3, raftlog=s3@group-17EB70022112-SegmentedRaftLog:OPENED:c-1,f-1,i0, conf=-1: [s3:0.0.0.0:42087, s4:0.0.0.0:33912, s0:0.0.0.0:40055, s1:0.0.0.0:37625, s2:0.0.0.0:37369], old=null RUNNING
  s4:  RUNNING CANDIDATE s4@group-17EB70022112:t1, leader=null, voted=s4, raftlog=s4@group-17EB70022112-SegmentedRaftLog:OPENED:c-1,f-1,i0, conf=-1: [s3:0.0.0.0:42087, s4:0.0.0.0:33912, s0:0.0.0.0:40055, s1:0.0.0.0:37625, s2:0.0.0.0:37369], old=null RUNNING
  s0:  RUNNING CANDIDATE s0@group-17EB70022112:t1, leader=null, voted=s0, raftlog=s0@group-17EB70022112-SegmentedRaftLog:OPENED:c-1,f-1,i0, conf=-1: [s3:0.0.0.0:42087, s4:0.0.0.0:33912, s0:0.0.0.0:40055, s1:0.0.0.0:37625, s2:0.0.0.0:37369], old=null RUNNING
  s1:  RUNNING CANDIDATE s1@group-17EB70022112:t1, leader=null, voted=s1, raftlog=s1@group-17EB70022112-SegmentedRaftLog:OPENED:c-1,f-1,i0, conf=-1: [s3:0.0.0.0:42087, s4:0.0.0.0:33912, s0:0.0.0.0:40055, s1:0.0.0.0:37625, s2:0.0.0.0:37369], old=null RUNNING
  s2:  RUNNING CANDIDATE s2@group-17EB70022112:t1, leader=null, voted=s2, raftlog=s2@group-17EB70022112-SegmentedRaftLog:OPENED:c-1,f-1,i0, conf=-1: [s3:0.0.0.0:42087, s4:0.0.0.0:33912, s0:0.0.0.0:40055, s1:0.0.0.0:37625, s2:0.0.0.0:37369], old=null RUNNING, sleep 450ms and then retry.
java.lang.IllegalStateException: No leader yet : printing ALL groups
  s3:  RUNNING CANDIDATE s3@group-17EB70022112:t1, leader=null, voted=s3, raftlog=s3@group-17EB70022112-SegmentedRaftLog:OPENED:c-1,f-1,i0, conf=-1: [s3:0.0.0.0:42087, s4:0.0.0.0:33912, s0:0.0.0.0:40055, s1:0.0.0.0:37625, s2:0.0.0.0:37369], old=null RUNNING
  s4:  RUNNING CANDIDATE s4@group-17EB70022112:t1, leader=null, voted=s4, raftlog=s4@group-17EB70022112-SegmentedRaftLog:OPENED:c-1,f-1,i0, conf=-1: [s3:0.0.0.0:42087, s4:0.0.0.0:33912, s0:0.0.0.0:40055, s1:0.0.0.0:37625, s2:0.0.0.0:37369], old=null RUNNING
  s0:  RUNNING CANDIDATE s0@group-17EB70022112:t1, leader=null, voted=s0, raftlog=s0@group-17EB70022112-SegmentedRaftLog:OPENED:c-1,f-1,i0, conf=-1: [s3:0.0.0.0:42087, s4:0.0.0.0:33912, s0:0.0.0.0:40055, s1:0.0.0.0:37625, s2:0.0.0.0:37369], old=null RUNNING
  s1:  RUNNING CANDIDATE s1@group-17EB70022112:t1, leader=null, voted=s1, raftlog=s1@group-17EB70022112-SegmentedRaftLog:OPENED:c-1,f-1,i0, conf=-1: [s3:0.0.0.0:42087, s4:0.0.0.0:33912, s0:0.0.0.0:40055, s1:0.0.0.0:37625, s2:0.0.0.0:37369], old=null RUNNING
  s2:  RUNNING CANDIDATE s2@group-17EB70022112:t1, leader=null, voted=s2, raftlog=s2@group-17EB70022112-SegmentedRaftLog:OPENED:c-1,f-1,i0, conf=-1: [s3:0.0.0.0:42087, s4:0.0.0.0:33912, s0:0.0.0.0:40055, s1:0.0.0.0:37625, s2:0.0.0.0:37369], old=null RUNNING
	at org.apache.ratis.MiniRaftCluster.newIllegalStateExceptionForNoLeaders(MiniRaftCluster.java:506)
	at org.apache.ratis.RaftTestUtil.lambda$waitForLeader$1(RaftTestUtil.java:90)
	at org.apache.ratis.MiniRaftCluster.getLeader(MiniRaftCluster.java:539)
	at org.apache.ratis.MiniRaftCluster.getLeader(MiniRaftCluster.java:532)
	at org.apache.ratis.RaftTestUtil.lambda$waitForLeader$3(RaftTestUtil.java:98)
	at org.apache.ratis.util.JavaUtils.attempt(JavaUtils.java:152)
	at org.apache.ratis.RaftTestUtil.waitForLeader(RaftTestUtil.java:97)
	at org.apache.ratis.RaftTestUtil.waitForLeader(RaftTestUtil.java:77)
	at org.apache.ratis.RaftTestUtil.waitForLeader(RaftTestUtil.java:72)
	at org.apache.ratis.RaftTestUtil.waitAndKillLeader(RaftTestUtil.java:114)
	at org.apache.ratis.server.impl.LeaderElectionTests.testBasicLeaderElection(LeaderElectionTests.java:63)
	at sun.reflect.NativeMethodAccessorImpl.invoke0(Native Method)
	at sun.reflect.NativeMethodAccessorImpl.invoke(NativeMethodAccessorImpl.java:62)
	at sun.reflect.DelegatingMethodAccessorImpl.invoke(DelegatingMethodAccessorImpl.java:43)
	at java.lang.reflect.Method.invoke(Method.java:498)
	at org.junit.runners.model.FrameworkMethod$1.runReflectiveCall(FrameworkMethod.java:50)
	at org.junit.internal.runners.model.ReflectiveCallable.run(ReflectiveCallable.java:12)
	at org.junit.runners.model.FrameworkMethod.invokeExplosively(FrameworkMethod.java:47)
	at org.junit.internal.runners.statements.InvokeMethod.evaluate(InvokeMethod.java:17)
	at org.junit.internal.runners.statements.RunAfters.evaluate(RunAfters.java:27)
	at org.junit.internal.runners.statements.FailOnTimeout$CallableStatement.call(FailOnTimeout.java:298)
	at org.junit.internal.runners.statements.FailOnTimeout$CallableStatement.call(FailOnTimeout.java:292)
	at java.util.concurrent.FutureTask.run(FutureTask.java:266)
	at java.lang.Thread.run(Thread.java:748)
2019-09-24 17:10:23,621 WARN  ratis.RaftTestUtil (JavaUtils.java:attempt(158)) - FAILED "waitForLeader-null-(expectLeader? true)", attempt #7/100: java.lang.IllegalStateException: No leader yet : printing ALL groups
  s3:  RUNNING CANDIDATE s3@group-17EB70022112:t1, leader=null, voted=s3, raftlog=s3@group-17EB70022112-SegmentedRaftLog:OPENED:c-1,f-1,i0, conf=-1: [s3:0.0.0.0:42087, s4:0.0.0.0:33912, s0:0.0.0.0:40055, s1:0.0.0.0:37625, s2:0.0.0.0:37369], old=null RUNNING
  s4:  RUNNING CANDIDATE s4@group-17EB70022112:t1, leader=null, voted=s4, raftlog=s4@group-17EB70022112-SegmentedRaftLog:OPENED:c-1,f-1,i0, conf=-1: [s3:0.0.0.0:42087, s4:0.0.0.0:33912, s0:0.0.0.0:40055, s1:0.0.0.0:37625, s2:0.0.0.0:37369], old=null RUNNING
  s0:  RUNNING CANDIDATE s0@group-17EB70022112:t1, leader=null, voted=s0, raftlog=s0@group-17EB70022112-SegmentedRaftLog:OPENED:c-1,f-1,i0, conf=-1: [s3:0.0.0.0:42087, s4:0.0.0.0:33912, s0:0.0.0.0:40055, s1:0.0.0.0:37625, s2:0.0.0.0:37369], old=null RUNNING
  s1:  RUNNING CANDIDATE s1@group-17EB70022112:t1, leader=null, voted=s1, raftlog=s1@group-17EB70022112-SegmentedRaftLog:OPENED:c-1,f-1,i0, conf=-1: [s3:0.0.0.0:42087, s4:0.0.0.0:33912, s0:0.0.0.0:40055, s1:0.0.0.0:37625, s2:0.0.0.0:37369], old=null RUNNING
  s2:  RUNNING CANDIDATE s2@group-17EB70022112:t1, leader=null, voted=s2, raftlog=s2@group-17EB70022112-SegmentedRaftLog:OPENED:c-1,f-1,i0, conf=-1: [s3:0.0.0.0:42087, s4:0.0.0.0:33912, s0:0.0.0.0:40055, s1:0.0.0.0:37625, s2:0.0.0.0:37369], old=null RUNNING, sleep 450ms and then retry.
java.lang.IllegalStateException: No leader yet : printing ALL groups
  s3:  RUNNING CANDIDATE s3@group-17EB70022112:t1, leader=null, voted=s3, raftlog=s3@group-17EB70022112-SegmentedRaftLog:OPENED:c-1,f-1,i0, conf=-1: [s3:0.0.0.0:42087, s4:0.0.0.0:33912, s0:0.0.0.0:40055, s1:0.0.0.0:37625, s2:0.0.0.0:37369], old=null RUNNING
  s4:  RUNNING CANDIDATE s4@group-17EB70022112:t1, leader=null, voted=s4, raftlog=s4@group-17EB70022112-SegmentedRaftLog:OPENED:c-1,f-1,i0, conf=-1: [s3:0.0.0.0:42087, s4:0.0.0.0:33912, s0:0.0.0.0:40055, s1:0.0.0.0:37625, s2:0.0.0.0:37369], old=null RUNNING
  s0:  RUNNING CANDIDATE s0@group-17EB70022112:t1, leader=null, voted=s0, raftlog=s0@group-17EB70022112-SegmentedRaftLog:OPENED:c-1,f-1,i0, conf=-1: [s3:0.0.0.0:42087, s4:0.0.0.0:33912, s0:0.0.0.0:40055, s1:0.0.0.0:37625, s2:0.0.0.0:37369], old=null RUNNING
  s1:  RUNNING CANDIDATE s1@group-17EB70022112:t1, leader=null, voted=s1, raftlog=s1@group-17EB70022112-SegmentedRaftLog:OPENED:c-1,f-1,i0, conf=-1: [s3:0.0.0.0:42087, s4:0.0.0.0:33912, s0:0.0.0.0:40055, s1:0.0.0.0:37625, s2:0.0.0.0:37369], old=null RUNNING
  s2:  RUNNING CANDIDATE s2@group-17EB70022112:t1, leader=null, voted=s2, raftlog=s2@group-17EB70022112-SegmentedRaftLog:OPENED:c-1,f-1,i0, conf=-1: [s3:0.0.0.0:42087, s4:0.0.0.0:33912, s0:0.0.0.0:40055, s1:0.0.0.0:37625, s2:0.0.0.0:37369], old=null RUNNING
	at org.apache.ratis.MiniRaftCluster.newIllegalStateExceptionForNoLeaders(MiniRaftCluster.java:506)
	at org.apache.ratis.RaftTestUtil.lambda$waitForLeader$1(RaftTestUtil.java:90)
	at org.apache.ratis.MiniRaftCluster.getLeader(MiniRaftCluster.java:539)
	at org.apache.ratis.MiniRaftCluster.getLeader(MiniRaftCluster.java:532)
	at org.apache.ratis.RaftTestUtil.lambda$waitForLeader$3(RaftTestUtil.java:98)
	at org.apache.ratis.util.JavaUtils.attempt(JavaUtils.java:152)
	at org.apache.ratis.RaftTestUtil.waitForLeader(RaftTestUtil.java:97)
	at org.apache.ratis.RaftTestUtil.waitForLeader(RaftTestUtil.java:77)
	at org.apache.ratis.RaftTestUtil.waitForLeader(RaftTestUtil.java:72)
	at org.apache.ratis.RaftTestUtil.waitAndKillLeader(RaftTestUtil.java:114)
	at org.apache.ratis.server.impl.LeaderElectionTests.testBasicLeaderElection(LeaderElectionTests.java:63)
	at sun.reflect.NativeMethodAccessorImpl.invoke0(Native Method)
	at sun.reflect.NativeMethodAccessorImpl.invoke(NativeMethodAccessorImpl.java:62)
	at sun.reflect.DelegatingMethodAccessorImpl.invoke(DelegatingMethodAccessorImpl.java:43)
	at java.lang.reflect.Method.invoke(Method.java:498)
	at org.junit.runners.model.FrameworkMethod$1.runReflectiveCall(FrameworkMethod.java:50)
	at org.junit.internal.runners.model.ReflectiveCallable.run(ReflectiveCallable.java:12)
	at org.junit.runners.model.FrameworkMethod.invokeExplosively(FrameworkMethod.java:47)
	at org.junit.internal.runners.statements.InvokeMethod.evaluate(InvokeMethod.java:17)
	at org.junit.internal.runners.statements.RunAfters.evaluate(RunAfters.java:27)
	at org.junit.internal.runners.statements.FailOnTimeout$CallableStatement.call(FailOnTimeout.java:298)
	at org.junit.internal.runners.statements.FailOnTimeout$CallableStatement.call(FailOnTimeout.java:292)
	at java.util.concurrent.FutureTask.run(FutureTask.java:266)
	at java.lang.Thread.run(Thread.java:748)
2019-09-24 17:10:24,073 WARN  ratis.RaftTestUtil (JavaUtils.java:attempt(158)) - FAILED "waitForLeader-null-(expectLeader? true)", attempt #8/100: java.lang.IllegalStateException: No leader yet : printing ALL groups
  s3:  RUNNING CANDIDATE s3@group-17EB70022112:t1, leader=null, voted=s3, raftlog=s3@group-17EB70022112-SegmentedRaftLog:OPENED:c-1,f-1,i0, conf=-1: [s3:0.0.0.0:42087, s4:0.0.0.0:33912, s0:0.0.0.0:40055, s1:0.0.0.0:37625, s2:0.0.0.0:37369], old=null RUNNING
  s4:  RUNNING CANDIDATE s4@group-17EB70022112:t1, leader=null, voted=s4, raftlog=s4@group-17EB70022112-SegmentedRaftLog:OPENED:c-1,f-1,i0, conf=-1: [s3:0.0.0.0:42087, s4:0.0.0.0:33912, s0:0.0.0.0:40055, s1:0.0.0.0:37625, s2:0.0.0.0:37369], old=null RUNNING
  s0:  RUNNING CANDIDATE s0@group-17EB70022112:t1, leader=null, voted=s0, raftlog=s0@group-17EB70022112-SegmentedRaftLog:OPENED:c-1,f-1,i0, conf=-1: [s3:0.0.0.0:42087, s4:0.0.0.0:33912, s0:0.0.0.0:40055, s1:0.0.0.0:37625, s2:0.0.0.0:37369], old=null RUNNING
  s1:  RUNNING CANDIDATE s1@group-17EB70022112:t1, leader=null, voted=s1, raftlog=s1@group-17EB70022112-SegmentedRaftLog:OPENED:c-1,f-1,i0, conf=-1: [s3:0.0.0.0:42087, s4:0.0.0.0:33912, s0:0.0.0.0:40055, s1:0.0.0.0:37625, s2:0.0.0.0:37369], old=null RUNNING
  s2:  RUNNING CANDIDATE s2@group-17EB70022112:t1, leader=null, voted=s2, raftlog=s2@group-17EB70022112-SegmentedRaftLog:OPENED:c-1,f-1,i0, conf=-1: [s3:0.0.0.0:42087, s4:0.0.0.0:33912, s0:0.0.0.0:40055, s1:0.0.0.0:37625, s2:0.0.0.0:37369], old=null RUNNING, sleep 450ms and then retry.
java.lang.IllegalStateException: No leader yet : printing ALL groups
  s3:  RUNNING CANDIDATE s3@group-17EB70022112:t1, leader=null, voted=s3, raftlog=s3@group-17EB70022112-SegmentedRaftLog:OPENED:c-1,f-1,i0, conf=-1: [s3:0.0.0.0:42087, s4:0.0.0.0:33912, s0:0.0.0.0:40055, s1:0.0.0.0:37625, s2:0.0.0.0:37369], old=null RUNNING
  s4:  RUNNING CANDIDATE s4@group-17EB70022112:t1, leader=null, voted=s4, raftlog=s4@group-17EB70022112-SegmentedRaftLog:OPENED:c-1,f-1,i0, conf=-1: [s3:0.0.0.0:42087, s4:0.0.0.0:33912, s0:0.0.0.0:40055, s1:0.0.0.0:37625, s2:0.0.0.0:37369], old=null RUNNING
  s0:  RUNNING CANDIDATE s0@group-17EB70022112:t1, leader=null, voted=s0, raftlog=s0@group-17EB70022112-SegmentedRaftLog:OPENED:c-1,f-1,i0, conf=-1: [s3:0.0.0.0:42087, s4:0.0.0.0:33912, s0:0.0.0.0:40055, s1:0.0.0.0:37625, s2:0.0.0.0:37369], old=null RUNNING
  s1:  RUNNING CANDIDATE s1@group-17EB70022112:t1, leader=null, voted=s1, raftlog=s1@group-17EB70022112-SegmentedRaftLog:OPENED:c-1,f-1,i0, conf=-1: [s3:0.0.0.0:42087, s4:0.0.0.0:33912, s0:0.0.0.0:40055, s1:0.0.0.0:37625, s2:0.0.0.0:37369], old=null RUNNING
  s2:  RUNNING CANDIDATE s2@group-17EB70022112:t1, leader=null, voted=s2, raftlog=s2@group-17EB70022112-SegmentedRaftLog:OPENED:c-1,f-1,i0, conf=-1: [s3:0.0.0.0:42087, s4:0.0.0.0:33912, s0:0.0.0.0:40055, s1:0.0.0.0:37625, s2:0.0.0.0:37369], old=null RUNNING
	at org.apache.ratis.MiniRaftCluster.newIllegalStateExceptionForNoLeaders(MiniRaftCluster.java:506)
	at org.apache.ratis.RaftTestUtil.lambda$waitForLeader$1(RaftTestUtil.java:90)
	at org.apache.ratis.MiniRaftCluster.getLeader(MiniRaftCluster.java:539)
	at org.apache.ratis.MiniRaftCluster.getLeader(MiniRaftCluster.java:532)
	at org.apache.ratis.RaftTestUtil.lambda$waitForLeader$3(RaftTestUtil.java:98)
	at org.apache.ratis.util.JavaUtils.attempt(JavaUtils.java:152)
	at org.apache.ratis.RaftTestUtil.waitForLeader(RaftTestUtil.java:97)
	at org.apache.ratis.RaftTestUtil.waitForLeader(RaftTestUtil.java:77)
	at org.apache.ratis.RaftTestUtil.waitForLeader(RaftTestUtil.java:72)
	at org.apache.ratis.RaftTestUtil.waitAndKillLeader(RaftTestUtil.java:114)
	at org.apache.ratis.server.impl.LeaderElectionTests.testBasicLeaderElection(LeaderElectionTests.java:63)
	at sun.reflect.NativeMethodAccessorImpl.invoke0(Native Method)
	at sun.reflect.NativeMethodAccessorImpl.invoke(NativeMethodAccessorImpl.java:62)
	at sun.reflect.DelegatingMethodAccessorImpl.invoke(DelegatingMethodAccessorImpl.java:43)
	at java.lang.reflect.Method.invoke(Method.java:498)
	at org.junit.runners.model.FrameworkMethod$1.runReflectiveCall(FrameworkMethod.java:50)
	at org.junit.internal.runners.model.ReflectiveCallable.run(ReflectiveCallable.java:12)
	at org.junit.runners.model.FrameworkMethod.invokeExplosively(FrameworkMethod.java:47)
	at org.junit.internal.runners.statements.InvokeMethod.evaluate(InvokeMethod.java:17)
	at org.junit.internal.runners.statements.RunAfters.evaluate(RunAfters.java:27)
	at org.junit.internal.runners.statements.FailOnTimeout$CallableStatement.call(FailOnTimeout.java:298)
	at org.junit.internal.runners.statements.FailOnTimeout$CallableStatement.call(FailOnTimeout.java:292)
	at java.util.concurrent.FutureTask.run(FutureTask.java:266)
	at java.lang.Thread.run(Thread.java:748)
2019-09-24 17:10:24,525 WARN  ratis.RaftTestUtil (JavaUtils.java:attempt(158)) - FAILED "waitForLeader-null-(expectLeader? true)", attempt #9/100: java.lang.IllegalStateException: No leader yet : printing ALL groups
  s3:  RUNNING CANDIDATE s3@group-17EB70022112:t1, leader=null, voted=s3, raftlog=s3@group-17EB70022112-SegmentedRaftLog:OPENED:c-1,f-1,i0, conf=-1: [s3:0.0.0.0:42087, s4:0.0.0.0:33912, s0:0.0.0.0:40055, s1:0.0.0.0:37625, s2:0.0.0.0:37369], old=null RUNNING
  s4:  RUNNING CANDIDATE s4@group-17EB70022112:t1, leader=null, voted=s4, raftlog=s4@group-17EB70022112-SegmentedRaftLog:OPENED:c-1,f-1,i0, conf=-1: [s3:0.0.0.0:42087, s4:0.0.0.0:33912, s0:0.0.0.0:40055, s1:0.0.0.0:37625, s2:0.0.0.0:37369], old=null RUNNING
  s0:  RUNNING CANDIDATE s0@group-17EB70022112:t1, leader=null, voted=s0, raftlog=s0@group-17EB70022112-SegmentedRaftLog:OPENED:c-1,f-1,i0, conf=-1: [s3:0.0.0.0:42087, s4:0.0.0.0:33912, s0:0.0.0.0:40055, s1:0.0.0.0:37625, s2:0.0.0.0:37369], old=null RUNNING
  s1:  RUNNING CANDIDATE s1@group-17EB70022112:t1, leader=null, voted=s1, raftlog=s1@group-17EB70022112-SegmentedRaftLog:OPENED:c-1,f-1,i0, conf=-1: [s3:0.0.0.0:42087, s4:0.0.0.0:33912, s0:0.0.0.0:40055, s1:0.0.0.0:37625, s2:0.0.0.0:37369], old=null RUNNING
  s2:  RUNNING CANDIDATE s2@group-17EB70022112:t1, leader=null, voted=s2, raftlog=s2@group-17EB70022112-SegmentedRaftLog:OPENED:c-1,f-1,i0, conf=-1: [s3:0.0.0.0:42087, s4:0.0.0.0:33912, s0:0.0.0.0:40055, s1:0.0.0.0:37625, s2:0.0.0.0:37369], old=null RUNNING, sleep 450ms and then retry.
java.lang.IllegalStateException: No leader yet : printing ALL groups
  s3:  RUNNING CANDIDATE s3@group-17EB70022112:t1, leader=null, voted=s3, raftlog=s3@group-17EB70022112-SegmentedRaftLog:OPENED:c-1,f-1,i0, conf=-1: [s3:0.0.0.0:42087, s4:0.0.0.0:33912, s0:0.0.0.0:40055, s1:0.0.0.0:37625, s2:0.0.0.0:37369], old=null RUNNING
  s4:  RUNNING CANDIDATE s4@group-17EB70022112:t1, leader=null, voted=s4, raftlog=s4@group-17EB70022112-SegmentedRaftLog:OPENED:c-1,f-1,i0, conf=-1: [s3:0.0.0.0:42087, s4:0.0.0.0:33912, s0:0.0.0.0:40055, s1:0.0.0.0:37625, s2:0.0.0.0:37369], old=null RUNNING
  s0:  RUNNING CANDIDATE s0@group-17EB70022112:t1, leader=null, voted=s0, raftlog=s0@group-17EB70022112-SegmentedRaftLog:OPENED:c-1,f-1,i0, conf=-1: [s3:0.0.0.0:42087, s4:0.0.0.0:33912, s0:0.0.0.0:40055, s1:0.0.0.0:37625, s2:0.0.0.0:37369], old=null RUNNING
  s1:  RUNNING CANDIDATE s1@group-17EB70022112:t1, leader=null, voted=s1, raftlog=s1@group-17EB70022112-SegmentedRaftLog:OPENED:c-1,f-1,i0, conf=-1: [s3:0.0.0.0:42087, s4:0.0.0.0:33912, s0:0.0.0.0:40055, s1:0.0.0.0:37625, s2:0.0.0.0:37369], old=null RUNNING
  s2:  RUNNING CANDIDATE s2@group-17EB70022112:t1, leader=null, voted=s2, raftlog=s2@group-17EB70022112-SegmentedRaftLog:OPENED:c-1,f-1,i0, conf=-1: [s3:0.0.0.0:42087, s4:0.0.0.0:33912, s0:0.0.0.0:40055, s1:0.0.0.0:37625, s2:0.0.0.0:37369], old=null RUNNING
	at org.apache.ratis.MiniRaftCluster.newIllegalStateExceptionForNoLeaders(MiniRaftCluster.java:506)
	at org.apache.ratis.RaftTestUtil.lambda$waitForLeader$1(RaftTestUtil.java:90)
	at org.apache.ratis.MiniRaftCluster.getLeader(MiniRaftCluster.java:539)
	at org.apache.ratis.MiniRaftCluster.getLeader(MiniRaftCluster.java:532)
	at org.apache.ratis.RaftTestUtil.lambda$waitForLeader$3(RaftTestUtil.java:98)
	at org.apache.ratis.util.JavaUtils.attempt(JavaUtils.java:152)
	at org.apache.ratis.RaftTestUtil.waitForLeader(RaftTestUtil.java:97)
	at org.apache.ratis.RaftTestUtil.waitForLeader(RaftTestUtil.java:77)
	at org.apache.ratis.RaftTestUtil.waitForLeader(RaftTestUtil.java:72)
	at org.apache.ratis.RaftTestUtil.waitAndKillLeader(RaftTestUtil.java:114)
	at org.apache.ratis.server.impl.LeaderElectionTests.testBasicLeaderElection(LeaderElectionTests.java:63)
	at sun.reflect.NativeMethodAccessorImpl.invoke0(Native Method)
	at sun.reflect.NativeMethodAccessorImpl.invoke(NativeMethodAccessorImpl.java:62)
	at sun.reflect.DelegatingMethodAccessorImpl.invoke(DelegatingMethodAccessorImpl.java:43)
	at java.lang.reflect.Method.invoke(Method.java:498)
	at org.junit.runners.model.FrameworkMethod$1.runReflectiveCall(FrameworkMethod.java:50)
	at org.junit.internal.runners.model.ReflectiveCallable.run(ReflectiveCallable.java:12)
	at org.junit.runners.model.FrameworkMethod.invokeExplosively(FrameworkMethod.java:47)
	at org.junit.internal.runners.statements.InvokeMethod.evaluate(InvokeMethod.java:17)
	at org.junit.internal.runners.statements.RunAfters.evaluate(RunAfters.java:27)
	at org.junit.internal.runners.statements.FailOnTimeout$CallableStatement.call(FailOnTimeout.java:298)
	at org.junit.internal.runners.statements.FailOnTimeout$CallableStatement.call(FailOnTimeout.java:292)
	at java.util.concurrent.FutureTask.run(FutureTask.java:266)
	at java.lang.Thread.run(Thread.java:748)
2019-09-24 17:10:24,976 WARN  ratis.RaftTestUtil (JavaUtils.java:attempt(158)) - FAILED "waitForLeader-null-(expectLeader? true)", attempt #10/100: java.lang.IllegalStateException: No leader yet : printing ALL groups
  s3:  RUNNING CANDIDATE s3@group-17EB70022112:t1, leader=null, voted=s3, raftlog=s3@group-17EB70022112-SegmentedRaftLog:OPENED:c-1,f-1,i0, conf=-1: [s3:0.0.0.0:42087, s4:0.0.0.0:33912, s0:0.0.0.0:40055, s1:0.0.0.0:37625, s2:0.0.0.0:37369], old=null RUNNING
  s4:  RUNNING CANDIDATE s4@group-17EB70022112:t1, leader=null, voted=s4, raftlog=s4@group-17EB70022112-SegmentedRaftLog:OPENED:c-1,f-1,i0, conf=-1: [s3:0.0.0.0:42087, s4:0.0.0.0:33912, s0:0.0.0.0:40055, s1:0.0.0.0:37625, s2:0.0.0.0:37369], old=null RUNNING
  s0:  RUNNING CANDIDATE s0@group-17EB70022112:t1, leader=null, voted=s0, raftlog=s0@group-17EB70022112-SegmentedRaftLog:OPENED:c-1,f-1,i0, conf=-1: [s3:0.0.0.0:42087, s4:0.0.0.0:33912, s0:0.0.0.0:40055, s1:0.0.0.0:37625, s2:0.0.0.0:37369], old=null RUNNING
  s1:  RUNNING CANDIDATE s1@group-17EB70022112:t1, leader=null, voted=s1, raftlog=s1@group-17EB70022112-SegmentedRaftLog:OPENED:c-1,f-1,i0, conf=-1: [s3:0.0.0.0:42087, s4:0.0.0.0:33912, s0:0.0.0.0:40055, s1:0.0.0.0:37625, s2:0.0.0.0:37369], old=null RUNNING
  s2:  RUNNING CANDIDATE s2@group-17EB70022112:t1, leader=null, voted=s2, raftlog=s2@group-17EB70022112-SegmentedRaftLog:OPENED:c-1,f-1,i0, conf=-1: [s3:0.0.0.0:42087, s4:0.0.0.0:33912, s0:0.0.0.0:40055, s1:0.0.0.0:37625, s2:0.0.0.0:37369], old=null RUNNING, sleep 450ms and then retry.
java.lang.IllegalStateException: No leader yet : printing ALL groups
  s3:  RUNNING CANDIDATE s3@group-17EB70022112:t1, leader=null, voted=s3, raftlog=s3@group-17EB70022112-SegmentedRaftLog:OPENED:c-1,f-1,i0, conf=-1: [s3:0.0.0.0:42087, s4:0.0.0.0:33912, s0:0.0.0.0:40055, s1:0.0.0.0:37625, s2:0.0.0.0:37369], old=null RUNNING
  s4:  RUNNING CANDIDATE s4@group-17EB70022112:t1, leader=null, voted=s4, raftlog=s4@group-17EB70022112-SegmentedRaftLog:OPENED:c-1,f-1,i0, conf=-1: [s3:0.0.0.0:42087, s4:0.0.0.0:33912, s0:0.0.0.0:40055, s1:0.0.0.0:37625, s2:0.0.0.0:37369], old=null RUNNING
  s0:  RUNNING CANDIDATE s0@group-17EB70022112:t1, leader=null, voted=s0, raftlog=s0@group-17EB70022112-SegmentedRaftLog:OPENED:c-1,f-1,i0, conf=-1: [s3:0.0.0.0:42087, s4:0.0.0.0:33912, s0:0.0.0.0:40055, s1:0.0.0.0:37625, s2:0.0.0.0:37369], old=null RUNNING
  s1:  RUNNING CANDIDATE s1@group-17EB70022112:t1, leader=null, voted=s1, raftlog=s1@group-17EB70022112-SegmentedRaftLog:OPENED:c-1,f-1,i0, conf=-1: [s3:0.0.0.0:42087, s4:0.0.0.0:33912, s0:0.0.0.0:40055, s1:0.0.0.0:37625, s2:0.0.0.0:37369], old=null RUNNING
  s2:  RUNNING CANDIDATE s2@group-17EB70022112:t1, leader=null, voted=s2, raftlog=s2@group-17EB70022112-SegmentedRaftLog:OPENED:c-1,f-1,i0, conf=-1: [s3:0.0.0.0:42087, s4:0.0.0.0:33912, s0:0.0.0.0:40055, s1:0.0.0.0:37625, s2:0.0.0.0:37369], old=null RUNNING
	at org.apache.ratis.MiniRaftCluster.newIllegalStateExceptionForNoLeaders(MiniRaftCluster.java:506)
	at org.apache.ratis.RaftTestUtil.lambda$waitForLeader$1(RaftTestUtil.java:90)
	at org.apache.ratis.MiniRaftCluster.getLeader(MiniRaftCluster.java:539)
	at org.apache.ratis.MiniRaftCluster.getLeader(MiniRaftCluster.java:532)
	at org.apache.ratis.RaftTestUtil.lambda$waitForLeader$3(RaftTestUtil.java:98)
	at org.apache.ratis.util.JavaUtils.attempt(JavaUtils.java:152)
	at org.apache.ratis.RaftTestUtil.waitForLeader(RaftTestUtil.java:97)
	at org.apache.ratis.RaftTestUtil.waitForLeader(RaftTestUtil.java:77)
	at org.apache.ratis.RaftTestUtil.waitForLeader(RaftTestUtil.java:72)
	at org.apache.ratis.RaftTestUtil.waitAndKillLeader(RaftTestUtil.java:114)
	at org.apache.ratis.server.impl.LeaderElectionTests.testBasicLeaderElection(LeaderElectionTests.java:63)
	at sun.reflect.NativeMethodAccessorImpl.invoke0(Native Method)
	at sun.reflect.NativeMethodAccessorImpl.invoke(NativeMethodAccessorImpl.java:62)
	at sun.reflect.DelegatingMethodAccessorImpl.invoke(DelegatingMethodAccessorImpl.java:43)
	at java.lang.reflect.Method.invoke(Method.java:498)
	at org.junit.runners.model.FrameworkMethod$1.runReflectiveCall(FrameworkMethod.java:50)
	at org.junit.internal.runners.model.ReflectiveCallable.run(ReflectiveCallable.java:12)
	at org.junit.runners.model.FrameworkMethod.invokeExplosively(FrameworkMethod.java:47)
	at org.junit.internal.runners.statements.InvokeMethod.evaluate(InvokeMethod.java:17)
	at org.junit.internal.runners.statements.RunAfters.evaluate(RunAfters.java:27)
	at org.junit.internal.runners.statements.FailOnTimeout$CallableStatement.call(FailOnTimeout.java:298)
	at org.junit.internal.runners.statements.FailOnTimeout$CallableStatement.call(FailOnTimeout.java:292)
	at java.util.concurrent.FutureTask.run(FutureTask.java:266)
	at java.lang.Thread.run(Thread.java:748)
2019-09-24 17:10:25,428 WARN  ratis.RaftTestUtil (JavaUtils.java:attempt(158)) - FAILED "waitForLeader-null-(expectLeader? true)", attempt #11/100: java.lang.IllegalStateException: No leader yet : printing ALL groups
  s3:  RUNNING CANDIDATE s3@group-17EB70022112:t1, leader=null, voted=s3, raftlog=s3@group-17EB70022112-SegmentedRaftLog:OPENED:c-1,f-1,i0, conf=-1: [s3:0.0.0.0:42087, s4:0.0.0.0:33912, s0:0.0.0.0:40055, s1:0.0.0.0:37625, s2:0.0.0.0:37369], old=null RUNNING
  s4:  RUNNING CANDIDATE s4@group-17EB70022112:t1, leader=null, voted=s4, raftlog=s4@group-17EB70022112-SegmentedRaftLog:OPENED:c-1,f-1,i0, conf=-1: [s3:0.0.0.0:42087, s4:0.0.0.0:33912, s0:0.0.0.0:40055, s1:0.0.0.0:37625, s2:0.0.0.0:37369], old=null RUNNING
  s0:  RUNNING CANDIDATE s0@group-17EB70022112:t1, leader=null, voted=s0, raftlog=s0@group-17EB70022112-SegmentedRaftLog:OPENED:c-1,f-1,i0, conf=-1: [s3:0.0.0.0:42087, s4:0.0.0.0:33912, s0:0.0.0.0:40055, s1:0.0.0.0:37625, s2:0.0.0.0:37369], old=null RUNNING
  s1:  RUNNING CANDIDATE s1@group-17EB70022112:t1, leader=null, voted=s1, raftlog=s1@group-17EB70022112-SegmentedRaftLog:OPENED:c-1,f-1,i0, conf=-1: [s3:0.0.0.0:42087, s4:0.0.0.0:33912, s0:0.0.0.0:40055, s1:0.0.0.0:37625, s2:0.0.0.0:37369], old=null RUNNING
  s2:  RUNNING CANDIDATE s2@group-17EB70022112:t1, leader=null, voted=s2, raftlog=s2@group-17EB70022112-SegmentedRaftLog:OPENED:c-1,f-1,i0, conf=-1: [s3:0.0.0.0:42087, s4:0.0.0.0:33912, s0:0.0.0.0:40055, s1:0.0.0.0:37625, s2:0.0.0.0:37369], old=null RUNNING, sleep 450ms and then retry.
java.lang.IllegalStateException: No leader yet : printing ALL groups
  s3:  RUNNING CANDIDATE s3@group-17EB70022112:t1, leader=null, voted=s3, raftlog=s3@group-17EB70022112-SegmentedRaftLog:OPENED:c-1,f-1,i0, conf=-1: [s3:0.0.0.0:42087, s4:0.0.0.0:33912, s0:0.0.0.0:40055, s1:0.0.0.0:37625, s2:0.0.0.0:37369], old=null RUNNING
  s4:  RUNNING CANDIDATE s4@group-17EB70022112:t1, leader=null, voted=s4, raftlog=s4@group-17EB70022112-SegmentedRaftLog:OPENED:c-1,f-1,i0, conf=-1: [s3:0.0.0.0:42087, s4:0.0.0.0:33912, s0:0.0.0.0:40055, s1:0.0.0.0:37625, s2:0.0.0.0:37369], old=null RUNNING
  s0:  RUNNING CANDIDATE s0@group-17EB70022112:t1, leader=null, voted=s0, raftlog=s0@group-17EB70022112-SegmentedRaftLog:OPENED:c-1,f-1,i0, conf=-1: [s3:0.0.0.0:42087, s4:0.0.0.0:33912, s0:0.0.0.0:40055, s1:0.0.0.0:37625, s2:0.0.0.0:37369], old=null RUNNING
  s1:  RUNNING CANDIDATE s1@group-17EB70022112:t1, leader=null, voted=s1, raftlog=s1@group-17EB70022112-SegmentedRaftLog:OPENED:c-1,f-1,i0, conf=-1: [s3:0.0.0.0:42087, s4:0.0.0.0:33912, s0:0.0.0.0:40055, s1:0.0.0.0:37625, s2:0.0.0.0:37369], old=null RUNNING
  s2:  RUNNING CANDIDATE s2@group-17EB70022112:t1, leader=null, voted=s2, raftlog=s2@group-17EB70022112-SegmentedRaftLog:OPENED:c-1,f-1,i0, conf=-1: [s3:0.0.0.0:42087, s4:0.0.0.0:33912, s0:0.0.0.0:40055, s1:0.0.0.0:37625, s2:0.0.0.0:37369], old=null RUNNING
	at org.apache.ratis.MiniRaftCluster.newIllegalStateExceptionForNoLeaders(MiniRaftCluster.java:506)
	at org.apache.ratis.RaftTestUtil.lambda$waitForLeader$1(RaftTestUtil.java:90)
	at org.apache.ratis.MiniRaftCluster.getLeader(MiniRaftCluster.java:539)
	at org.apache.ratis.MiniRaftCluster.getLeader(MiniRaftCluster.java:532)
	at org.apache.ratis.RaftTestUtil.lambda$waitForLeader$3(RaftTestUtil.java:98)
	at org.apache.ratis.util.JavaUtils.attempt(JavaUtils.java:152)
	at org.apache.ratis.RaftTestUtil.waitForLeader(RaftTestUtil.java:97)
	at org.apache.ratis.RaftTestUtil.waitForLeader(RaftTestUtil.java:77)
	at org.apache.ratis.RaftTestUtil.waitForLeader(RaftTestUtil.java:72)
	at org.apache.ratis.RaftTestUtil.waitAndKillLeader(RaftTestUtil.java:114)
	at org.apache.ratis.server.impl.LeaderElectionTests.testBasicLeaderElection(LeaderElectionTests.java:63)
	at sun.reflect.NativeMethodAccessorImpl.invoke0(Native Method)
	at sun.reflect.NativeMethodAccessorImpl.invoke(NativeMethodAccessorImpl.java:62)
	at sun.reflect.DelegatingMethodAccessorImpl.invoke(DelegatingMethodAccessorImpl.java:43)
	at java.lang.reflect.Method.invoke(Method.java:498)
	at org.junit.runners.model.FrameworkMethod$1.runReflectiveCall(FrameworkMethod.java:50)
	at org.junit.internal.runners.model.ReflectiveCallable.run(ReflectiveCallable.java:12)
	at org.junit.runners.model.FrameworkMethod.invokeExplosively(FrameworkMethod.java:47)
	at org.junit.internal.runners.statements.InvokeMethod.evaluate(InvokeMethod.java:17)
	at org.junit.internal.runners.statements.RunAfters.evaluate(RunAfters.java:27)
	at org.junit.internal.runners.statements.FailOnTimeout$CallableStatement.call(FailOnTimeout.java:298)
	at org.junit.internal.runners.statements.FailOnTimeout$CallableStatement.call(FailOnTimeout.java:292)
	at java.util.concurrent.FutureTask.run(FutureTask.java:266)
	at java.lang.Thread.run(Thread.java:748)
2019-09-24 17:10:25,880 WARN  ratis.RaftTestUtil (JavaUtils.java:attempt(158)) - FAILED "waitForLeader-null-(expectLeader? true)", attempt #12/100: java.lang.IllegalStateException: No leader yet : printing ALL groups
  s3:  RUNNING CANDIDATE s3@group-17EB70022112:t1, leader=null, voted=s3, raftlog=s3@group-17EB70022112-SegmentedRaftLog:OPENED:c-1,f-1,i0, conf=-1: [s3:0.0.0.0:42087, s4:0.0.0.0:33912, s0:0.0.0.0:40055, s1:0.0.0.0:37625, s2:0.0.0.0:37369], old=null RUNNING
  s4:  RUNNING CANDIDATE s4@group-17EB70022112:t1, leader=null, voted=s4, raftlog=s4@group-17EB70022112-SegmentedRaftLog:OPENED:c-1,f-1,i0, conf=-1: [s3:0.0.0.0:42087, s4:0.0.0.0:33912, s0:0.0.0.0:40055, s1:0.0.0.0:37625, s2:0.0.0.0:37369], old=null RUNNING
  s0:  RUNNING CANDIDATE s0@group-17EB70022112:t1, leader=null, voted=s0, raftlog=s0@group-17EB70022112-SegmentedRaftLog:OPENED:c-1,f-1,i0, conf=-1: [s3:0.0.0.0:42087, s4:0.0.0.0:33912, s0:0.0.0.0:40055, s1:0.0.0.0:37625, s2:0.0.0.0:37369], old=null RUNNING
  s1:  RUNNING CANDIDATE s1@group-17EB70022112:t1, leader=null, voted=s1, raftlog=s1@group-17EB70022112-SegmentedRaftLog:OPENED:c-1,f-1,i0, conf=-1: [s3:0.0.0.0:42087, s4:0.0.0.0:33912, s0:0.0.0.0:40055, s1:0.0.0.0:37625, s2:0.0.0.0:37369], old=null RUNNING
  s2:  RUNNING CANDIDATE s2@group-17EB70022112:t1, leader=null, voted=s2, raftlog=s2@group-17EB70022112-SegmentedRaftLog:OPENED:c-1,f-1,i0, conf=-1: [s3:0.0.0.0:42087, s4:0.0.0.0:33912, s0:0.0.0.0:40055, s1:0.0.0.0:37625, s2:0.0.0.0:37369], old=null RUNNING, sleep 450ms and then retry.
java.lang.IllegalStateException: No leader yet : printing ALL groups
  s3:  RUNNING CANDIDATE s3@group-17EB70022112:t1, leader=null, voted=s3, raftlog=s3@group-17EB70022112-SegmentedRaftLog:OPENED:c-1,f-1,i0, conf=-1: [s3:0.0.0.0:42087, s4:0.0.0.0:33912, s0:0.0.0.0:40055, s1:0.0.0.0:37625, s2:0.0.0.0:37369], old=null RUNNING
  s4:  RUNNING CANDIDATE s4@group-17EB70022112:t1, leader=null, voted=s4, raftlog=s4@group-17EB70022112-SegmentedRaftLog:OPENED:c-1,f-1,i0, conf=-1: [s3:0.0.0.0:42087, s4:0.0.0.0:33912, s0:0.0.0.0:40055, s1:0.0.0.0:37625, s2:0.0.0.0:37369], old=null RUNNING
  s0:  RUNNING CANDIDATE s0@group-17EB70022112:t1, leader=null, voted=s0, raftlog=s0@group-17EB70022112-SegmentedRaftLog:OPENED:c-1,f-1,i0, conf=-1: [s3:0.0.0.0:42087, s4:0.0.0.0:33912, s0:0.0.0.0:40055, s1:0.0.0.0:37625, s2:0.0.0.0:37369], old=null RUNNING
  s1:  RUNNING CANDIDATE s1@group-17EB70022112:t1, leader=null, voted=s1, raftlog=s1@group-17EB70022112-SegmentedRaftLog:OPENED:c-1,f-1,i0, conf=-1: [s3:0.0.0.0:42087, s4:0.0.0.0:33912, s0:0.0.0.0:40055, s1:0.0.0.0:37625, s2:0.0.0.0:37369], old=null RUNNING
  s2:  RUNNING CANDIDATE s2@group-17EB70022112:t1, leader=null, voted=s2, raftlog=s2@group-17EB70022112-SegmentedRaftLog:OPENED:c-1,f-1,i0, conf=-1: [s3:0.0.0.0:42087, s4:0.0.0.0:33912, s0:0.0.0.0:40055, s1:0.0.0.0:37625, s2:0.0.0.0:37369], old=null RUNNING
	at org.apache.ratis.MiniRaftCluster.newIllegalStateExceptionForNoLeaders(MiniRaftCluster.java:506)
	at org.apache.ratis.RaftTestUtil.lambda$waitForLeader$1(RaftTestUtil.java:90)
	at org.apache.ratis.MiniRaftCluster.getLeader(MiniRaftCluster.java:539)
	at org.apache.ratis.MiniRaftCluster.getLeader(MiniRaftCluster.java:532)
	at org.apache.ratis.RaftTestUtil.lambda$waitForLeader$3(RaftTestUtil.java:98)
	at org.apache.ratis.util.JavaUtils.attempt(JavaUtils.java:152)
	at org.apache.ratis.RaftTestUtil.waitForLeader(RaftTestUtil.java:97)
	at org.apache.ratis.RaftTestUtil.waitForLeader(RaftTestUtil.java:77)
	at org.apache.ratis.RaftTestUtil.waitForLeader(RaftTestUtil.java:72)
	at org.apache.ratis.RaftTestUtil.waitAndKillLeader(RaftTestUtil.java:114)
	at org.apache.ratis.server.impl.LeaderElectionTests.testBasicLeaderElection(LeaderElectionTests.java:63)
	at sun.reflect.NativeMethodAccessorImpl.invoke0(Native Method)
	at sun.reflect.NativeMethodAccessorImpl.invoke(NativeMethodAccessorImpl.java:62)
	at sun.reflect.DelegatingMethodAccessorImpl.invoke(DelegatingMethodAccessorImpl.java:43)
	at java.lang.reflect.Method.invoke(Method.java:498)
	at org.junit.runners.model.FrameworkMethod$1.runReflectiveCall(FrameworkMethod.java:50)
	at org.junit.internal.runners.model.ReflectiveCallable.run(ReflectiveCallable.java:12)
	at org.junit.runners.model.FrameworkMethod.invokeExplosively(FrameworkMethod.java:47)
	at org.junit.internal.runners.statements.InvokeMethod.evaluate(InvokeMethod.java:17)
	at org.junit.internal.runners.statements.RunAfters.evaluate(RunAfters.java:27)
	at org.junit.internal.runners.statements.FailOnTimeout$CallableStatement.call(FailOnTimeout.java:298)
	at org.junit.internal.runners.statements.FailOnTimeout$CallableStatement.call(FailOnTimeout.java:292)
	at java.util.concurrent.FutureTask.run(FutureTask.java:266)
	at java.lang.Thread.run(Thread.java:748)
2019-09-24 17:10:26,206 INFO  impl.LeaderElection (LeaderElection.java:askForVotes(178)) - s0@group-17EB70022112-LeaderElection51: begin an election at term 1 for -1: [s3:0.0.0.0:42087, s4:0.0.0.0:33912, s0:0.0.0.0:40055, s1:0.0.0.0:37625, s2:0.0.0.0:37369], old=null
2019-09-24 17:10:26,208 DEBUG impl.RaftServerImpl (RaftServerImpl.java:requestVote(743)) - s3@group-17EB70022112: receive requestVote(s0, group-17EB70022112, 1, (t:0, i:0))
2019-09-24 17:10:26,209 DEBUG impl.RaftServerImpl (RaftServerImpl.java:requestVote(743)) - s2@group-17EB70022112: receive requestVote(s0, group-17EB70022112, 1, (t:0, i:0))
2019-09-24 17:10:26,208 DEBUG impl.RaftServerImpl (RaftServerImpl.java:requestVote(743)) - s1@group-17EB70022112: receive requestVote(s0, group-17EB70022112, 1, (t:0, i:0))
2019-09-24 17:10:26,208 DEBUG impl.RaftServerImpl (RaftServerImpl.java:requestVote(743)) - s4@group-17EB70022112: receive requestVote(s0, group-17EB70022112, 1, (t:0, i:0))
2019-09-24 17:10:26,332 WARN  ratis.RaftTestUtil (JavaUtils.java:attempt(158)) - FAILED "waitForLeader-null-(expectLeader? true)", attempt #13/100: java.lang.IllegalStateException: No leader yet : printing ALL groups
  s3:  RUNNING CANDIDATE s3@group-17EB70022112:t1, leader=null, voted=s3, raftlog=s3@group-17EB70022112-SegmentedRaftLog:OPENED:c-1,f-1,i0, conf=-1: [s3:0.0.0.0:42087, s4:0.0.0.0:33912, s0:0.0.0.0:40055, s1:0.0.0.0:37625, s2:0.0.0.0:37369], old=null RUNNING
  s4:  RUNNING CANDIDATE s4@group-17EB70022112:t1, leader=null, voted=s4, raftlog=s4@group-17EB70022112-SegmentedRaftLog:OPENED:c-1,f-1,i0, conf=-1: [s3:0.0.0.0:42087, s4:0.0.0.0:33912, s0:0.0.0.0:40055, s1:0.0.0.0:37625, s2:0.0.0.0:37369], old=null RUNNING
  s0:  RUNNING CANDIDATE s0@group-17EB70022112:t1, leader=null, voted=s0, raftlog=s0@group-17EB70022112-SegmentedRaftLog:OPENED:c-1,f-1,i0, conf=-1: [s3:0.0.0.0:42087, s4:0.0.0.0:33912, s0:0.0.0.0:40055, s1:0.0.0.0:37625, s2:0.0.0.0:37369], old=null RUNNING
  s1:  RUNNING CANDIDATE s1@group-17EB70022112:t1, leader=null, voted=s1, raftlog=s1@group-17EB70022112-SegmentedRaftLog:OPENED:c-1,f-1,i0, conf=-1: [s3:0.0.0.0:42087, s4:0.0.0.0:33912, s0:0.0.0.0:40055, s1:0.0.0.0:37625, s2:0.0.0.0:37369], old=null RUNNING
  s2:  RUNNING CANDIDATE s2@group-17EB70022112:t1, leader=null, voted=s2, raftlog=s2@group-17EB70022112-SegmentedRaftLog:OPENED:c-1,f-1,i0, conf=-1: [s3:0.0.0.0:42087, s4:0.0.0.0:33912, s0:0.0.0.0:40055, s1:0.0.0.0:37625, s2:0.0.0.0:37369], old=null RUNNING, sleep 450ms and then retry.
java.lang.IllegalStateException: No leader yet : printing ALL groups
  s3:  RUNNING CANDIDATE s3@group-17EB70022112:t1, leader=null, voted=s3, raftlog=s3@group-17EB70022112-SegmentedRaftLog:OPENED:c-1,f-1,i0, conf=-1: [s3:0.0.0.0:42087, s4:0.0.0.0:33912, s0:0.0.0.0:40055, s1:0.0.0.0:37625, s2:0.0.0.0:37369], old=null RUNNING
  s4:  RUNNING CANDIDATE s4@group-17EB70022112:t1, leader=null, voted=s4, raftlog=s4@group-17EB70022112-SegmentedRaftLog:OPENED:c-1,f-1,i0, conf=-1: [s3:0.0.0.0:42087, s4:0.0.0.0:33912, s0:0.0.0.0:40055, s1:0.0.0.0:37625, s2:0.0.0.0:37369], old=null RUNNING
  s0:  RUNNING CANDIDATE s0@group-17EB70022112:t1, leader=null, voted=s0, raftlog=s0@group-17EB70022112-SegmentedRaftLog:OPENED:c-1,f-1,i0, conf=-1: [s3:0.0.0.0:42087, s4:0.0.0.0:33912, s0:0.0.0.0:40055, s1:0.0.0.0:37625, s2:0.0.0.0:37369], old=null RUNNING
  s1:  RUNNING CANDIDATE s1@group-17EB70022112:t1, leader=null, voted=s1, raftlog=s1@group-17EB70022112-SegmentedRaftLog:OPENED:c-1,f-1,i0, conf=-1: [s3:0.0.0.0:42087, s4:0.0.0.0:33912, s0:0.0.0.0:40055, s1:0.0.0.0:37625, s2:0.0.0.0:37369], old=null RUNNING
  s2:  RUNNING CANDIDATE s2@group-17EB70022112:t1, leader=null, voted=s2, raftlog=s2@group-17EB70022112-SegmentedRaftLog:OPENED:c-1,f-1,i0, conf=-1: [s3:0.0.0.0:42087, s4:0.0.0.0:33912, s0:0.0.0.0:40055, s1:0.0.0.0:37625, s2:0.0.0.0:37369], old=null RUNNING
	at org.apache.ratis.MiniRaftCluster.newIllegalStateExceptionForNoLeaders(MiniRaftCluster.java:506)
	at org.apache.ratis.RaftTestUtil.lambda$waitForLeader$1(RaftTestUtil.java:90)
	at org.apache.ratis.MiniRaftCluster.getLeader(MiniRaftCluster.java:539)
	at org.apache.ratis.MiniRaftCluster.getLeader(MiniRaftCluster.java:532)
	at org.apache.ratis.RaftTestUtil.lambda$waitForLeader$3(RaftTestUtil.java:98)
	at org.apache.ratis.util.JavaUtils.attempt(JavaUtils.java:152)
	at org.apache.ratis.RaftTestUtil.waitForLeader(RaftTestUtil.java:97)
	at org.apache.ratis.RaftTestUtil.waitForLeader(RaftTestUtil.java:77)
	at org.apache.ratis.RaftTestUtil.waitForLeader(RaftTestUtil.java:72)
	at org.apache.ratis.RaftTestUtil.waitAndKillLeader(RaftTestUtil.java:114)
	at org.apache.ratis.server.impl.LeaderElectionTests.testBasicLeaderElection(LeaderElectionTests.java:63)
	at sun.reflect.NativeMethodAccessorImpl.invoke0(Native Method)
	at sun.reflect.NativeMethodAccessorImpl.invoke(NativeMethodAccessorImpl.java:62)
	at sun.reflect.DelegatingMethodAccessorImpl.invoke(DelegatingMethodAccessorImpl.java:43)
	at java.lang.reflect.Method.invoke(Method.java:498)
	at org.junit.runners.model.FrameworkMethod$1.runReflectiveCall(FrameworkMethod.java:50)
	at org.junit.internal.runners.model.ReflectiveCallable.run(ReflectiveCallable.java:12)
	at org.junit.runners.model.FrameworkMethod.invokeExplosively(FrameworkMethod.java:47)
	at org.junit.internal.runners.statements.InvokeMethod.evaluate(InvokeMethod.java:17)
	at org.junit.internal.runners.statements.RunAfters.evaluate(RunAfters.java:27)
	at org.junit.internal.runners.statements.FailOnTimeout$CallableStatement.call(FailOnTimeout.java:298)
	at org.junit.internal.runners.statements.FailOnTimeout$CallableStatement.call(FailOnTimeout.java:292)
	at java.util.concurrent.FutureTask.run(FutureTask.java:266)
	at java.lang.Thread.run(Thread.java:748)
2019-09-24 17:10:26,491 INFO  impl.LeaderElection (LeaderElection.java:logAndReturn(56)) - s0@group-17EB70022112-LeaderElection51: Election TIMEOUT; received 0 response(s) [] and 0 exception(s); s0@group-17EB70022112:t1, leader=null, voted=s0, raftlog=s0@group-17EB70022112-SegmentedRaftLog:OPENED:c-1,f-1,i0, conf=-1: [s3:0.0.0.0:42087, s4:0.0.0.0:33912, s0:0.0.0.0:40055, s1:0.0.0.0:37625, s2:0.0.0.0:37369], old=null
2019-09-24 17:10:26,783 WARN  ratis.RaftTestUtil (JavaUtils.java:attempt(158)) - FAILED "waitForLeader-null-(expectLeader? true)", attempt #14/100: java.lang.IllegalStateException: No leader yet : printing ALL groups
  s3:  RUNNING CANDIDATE s3@group-17EB70022112:t1, leader=null, voted=s3, raftlog=s3@group-17EB70022112-SegmentedRaftLog:OPENED:c-1,f-1,i0, conf=-1: [s3:0.0.0.0:42087, s4:0.0.0.0:33912, s0:0.0.0.0:40055, s1:0.0.0.0:37625, s2:0.0.0.0:37369], old=null RUNNING
  s4:  RUNNING CANDIDATE s4@group-17EB70022112:t1, leader=null, voted=s4, raftlog=s4@group-17EB70022112-SegmentedRaftLog:OPENED:c-1,f-1,i0, conf=-1: [s3:0.0.0.0:42087, s4:0.0.0.0:33912, s0:0.0.0.0:40055, s1:0.0.0.0:37625, s2:0.0.0.0:37369], old=null RUNNING
  s0:  RUNNING CANDIDATE s0@group-17EB70022112:t2, leader=null, voted=s0, raftlog=s0@group-17EB70022112-SegmentedRaftLog:OPENED:c-1,f-1,i0, conf=-1: [s3:0.0.0.0:42087, s4:0.0.0.0:33912, s0:0.0.0.0:40055, s1:0.0.0.0:37625, s2:0.0.0.0:37369], old=null RUNNING
  s1:  RUNNING CANDIDATE s1@group-17EB70022112:t1, leader=null, voted=s1, raftlog=s1@group-17EB70022112-SegmentedRaftLog:OPENED:c-1,f-1,i0, conf=-1: [s3:0.0.0.0:42087, s4:0.0.0.0:33912, s0:0.0.0.0:40055, s1:0.0.0.0:37625, s2:0.0.0.0:37369], old=null RUNNING
  s2:  RUNNING CANDIDATE s2@group-17EB70022112:t1, leader=null, voted=s2, raftlog=s2@group-17EB70022112-SegmentedRaftLog:OPENED:c-1,f-1,i0, conf=-1: [s3:0.0.0.0:42087, s4:0.0.0.0:33912, s0:0.0.0.0:40055, s1:0.0.0.0:37625, s2:0.0.0.0:37369], old=null RUNNING, sleep 450ms and then retry.
java.lang.IllegalStateException: No leader yet : printing ALL groups
  s3:  RUNNING CANDIDATE s3@group-17EB70022112:t1, leader=null, voted=s3, raftlog=s3@group-17EB70022112-SegmentedRaftLog:OPENED:c-1,f-1,i0, conf=-1: [s3:0.0.0.0:42087, s4:0.0.0.0:33912, s0:0.0.0.0:40055, s1:0.0.0.0:37625, s2:0.0.0.0:37369], old=null RUNNING
  s4:  RUNNING CANDIDATE s4@group-17EB70022112:t1, leader=null, voted=s4, raftlog=s4@group-17EB70022112-SegmentedRaftLog:OPENED:c-1,f-1,i0, conf=-1: [s3:0.0.0.0:42087, s4:0.0.0.0:33912, s0:0.0.0.0:40055, s1:0.0.0.0:37625, s2:0.0.0.0:37369], old=null RUNNING
  s0:  RUNNING CANDIDATE s0@group-17EB70022112:t2, leader=null, voted=s0, raftlog=s0@group-17EB70022112-SegmentedRaftLog:OPENED:c-1,f-1,i0, conf=-1: [s3:0.0.0.0:42087, s4:0.0.0.0:33912, s0:0.0.0.0:40055, s1:0.0.0.0:37625, s2:0.0.0.0:37369], old=null RUNNING
  s1:  RUNNING CANDIDATE s1@group-17EB70022112:t1, leader=null, voted=s1, raftlog=s1@group-17EB70022112-SegmentedRaftLog:OPENED:c-1,f-1,i0, conf=-1: [s3:0.0.0.0:42087, s4:0.0.0.0:33912, s0:0.0.0.0:40055, s1:0.0.0.0:37625, s2:0.0.0.0:37369], old=null RUNNING
  s2:  RUNNING CANDIDATE s2@group-17EB70022112:t1, leader=null, voted=s2, raftlog=s2@group-17EB70022112-SegmentedRaftLog:OPENED:c-1,f-1,i0, conf=-1: [s3:0.0.0.0:42087, s4:0.0.0.0:33912, s0:0.0.0.0:40055, s1:0.0.0.0:37625, s2:0.0.0.0:37369], old=null RUNNING
	at org.apache.ratis.MiniRaftCluster.newIllegalStateExceptionForNoLeaders(MiniRaftCluster.java:506)
	at org.apache.ratis.RaftTestUtil.lambda$waitForLeader$1(RaftTestUtil.java:90)
	at org.apache.ratis.MiniRaftCluster.getLeader(MiniRaftCluster.java:539)
	at org.apache.ratis.MiniRaftCluster.getLeader(MiniRaftCluster.java:532)
	at org.apache.ratis.RaftTestUtil.lambda$waitForLeader$3(RaftTestUtil.java:98)
	at org.apache.ratis.util.JavaUtils.attempt(JavaUtils.java:152)
	at org.apache.ratis.RaftTestUtil.waitForLeader(RaftTestUtil.java:97)
	at org.apache.ratis.RaftTestUtil.waitForLeader(RaftTestUtil.java:77)
	at org.apache.ratis.RaftTestUtil.waitForLeader(RaftTestUtil.java:72)
	at org.apache.ratis.RaftTestUtil.waitAndKillLeader(RaftTestUtil.java:114)
	at org.apache.ratis.server.impl.LeaderElectionTests.testBasicLeaderElection(LeaderElectionTests.java:63)
	at sun.reflect.NativeMethodAccessorImpl.invoke0(Native Method)
	at sun.reflect.NativeMethodAccessorImpl.invoke(NativeMethodAccessorImpl.java:62)
	at sun.reflect.DelegatingMethodAccessorImpl.invoke(DelegatingMethodAccessorImpl.java:43)
	at java.lang.reflect.Method.invoke(Method.java:498)
	at org.junit.runners.model.FrameworkMethod$1.runReflectiveCall(FrameworkMethod.java:50)
	at org.junit.internal.runners.model.ReflectiveCallable.run(ReflectiveCallable.java:12)
	at org.junit.runners.model.FrameworkMethod.invokeExplosively(FrameworkMethod.java:47)
	at org.junit.internal.runners.statements.InvokeMethod.evaluate(InvokeMethod.java:17)
	at org.junit.internal.runners.statements.RunAfters.evaluate(RunAfters.java:27)
	at org.junit.internal.runners.statements.FailOnTimeout$CallableStatement.call(FailOnTimeout.java:298)
	at org.junit.internal.runners.statements.FailOnTimeout$CallableStatement.call(FailOnTimeout.java:292)
	at java.util.concurrent.FutureTask.run(FutureTask.java:266)
	at java.lang.Thread.run(Thread.java:748)
2019-09-24 17:10:27,236 WARN  ratis.RaftTestUtil (JavaUtils.java:attempt(158)) - FAILED "waitForLeader-null-(expectLeader? true)", attempt #15/100: java.lang.IllegalStateException: No leader yet : printing ALL groups
  s3:  RUNNING CANDIDATE s3@group-17EB70022112:t1, leader=null, voted=s3, raftlog=s3@group-17EB70022112-SegmentedRaftLog:OPENED:c-1,f-1,i0, conf=-1: [s3:0.0.0.0:42087, s4:0.0.0.0:33912, s0:0.0.0.0:40055, s1:0.0.0.0:37625, s2:0.0.0.0:37369], old=null RUNNING
  s4:  RUNNING CANDIDATE s4@group-17EB70022112:t1, leader=null, voted=s4, raftlog=s4@group-17EB70022112-SegmentedRaftLog:OPENED:c-1,f-1,i0, conf=-1: [s3:0.0.0.0:42087, s4:0.0.0.0:33912, s0:0.0.0.0:40055, s1:0.0.0.0:37625, s2:0.0.0.0:37369], old=null RUNNING
  s0:  RUNNING CANDIDATE s0@group-17EB70022112:t2, leader=null, voted=s0, raftlog=s0@group-17EB70022112-SegmentedRaftLog:OPENED:c-1,f-1,i0, conf=-1: [s3:0.0.0.0:42087, s4:0.0.0.0:33912, s0:0.0.0.0:40055, s1:0.0.0.0:37625, s2:0.0.0.0:37369], old=null RUNNING
  s1:  RUNNING CANDIDATE s1@group-17EB70022112:t1, leader=null, voted=s1, raftlog=s1@group-17EB70022112-SegmentedRaftLog:OPENED:c-1,f-1,i0, conf=-1: [s3:0.0.0.0:42087, s4:0.0.0.0:33912, s0:0.0.0.0:40055, s1:0.0.0.0:37625, s2:0.0.0.0:37369], old=null RUNNING
  s2:  RUNNING CANDIDATE s2@group-17EB70022112:t1, leader=null, voted=s2, raftlog=s2@group-17EB70022112-SegmentedRaftLog:OPENED:c-1,f-1,i0, conf=-1: [s3:0.0.0.0:42087, s4:0.0.0.0:33912, s0:0.0.0.0:40055, s1:0.0.0.0:37625, s2:0.0.0.0:37369], old=null RUNNING, sleep 450ms and then retry.
java.lang.IllegalStateException: No leader yet : printing ALL groups
  s3:  RUNNING CANDIDATE s3@group-17EB70022112:t1, leader=null, voted=s3, raftlog=s3@group-17EB70022112-SegmentedRaftLog:OPENED:c-1,f-1,i0, conf=-1: [s3:0.0.0.0:42087, s4:0.0.0.0:33912, s0:0.0.0.0:40055, s1:0.0.0.0:37625, s2:0.0.0.0:37369], old=null RUNNING
  s4:  RUNNING CANDIDATE s4@group-17EB70022112:t1, leader=null, voted=s4, raftlog=s4@group-17EB70022112-SegmentedRaftLog:OPENED:c-1,f-1,i0, conf=-1: [s3:0.0.0.0:42087, s4:0.0.0.0:33912, s0:0.0.0.0:40055, s1:0.0.0.0:37625, s2:0.0.0.0:37369], old=null RUNNING
  s0:  RUNNING CANDIDATE s0@group-17EB70022112:t2, leader=null, voted=s0, raftlog=s0@group-17EB70022112-SegmentedRaftLog:OPENED:c-1,f-1,i0, conf=-1: [s3:0.0.0.0:42087, s4:0.0.0.0:33912, s0:0.0.0.0:40055, s1:0.0.0.0:37625, s2:0.0.0.0:37369], old=null RUNNING
  s1:  RUNNING CANDIDATE s1@group-17EB70022112:t1, leader=null, voted=s1, raftlog=s1@group-17EB70022112-SegmentedRaftLog:OPENED:c-1,f-1,i0, conf=-1: [s3:0.0.0.0:42087, s4:0.0.0.0:33912, s0:0.0.0.0:40055, s1:0.0.0.0:37625, s2:0.0.0.0:37369], old=null RUNNING
  s2:  RUNNING CANDIDATE s2@group-17EB70022112:t1, leader=null, voted=s2, raftlog=s2@group-17EB70022112-SegmentedRaftLog:OPENED:c-1,f-1,i0, conf=-1: [s3:0.0.0.0:42087, s4:0.0.0.0:33912, s0:0.0.0.0:40055, s1:0.0.0.0:37625, s2:0.0.0.0:37369], old=null RUNNING
	at org.apache.ratis.MiniRaftCluster.newIllegalStateExceptionForNoLeaders(MiniRaftCluster.java:506)
	at org.apache.ratis.RaftTestUtil.lambda$waitForLeader$1(RaftTestUtil.java:90)
	at org.apache.ratis.MiniRaftCluster.getLeader(MiniRaftCluster.java:539)
	at org.apache.ratis.MiniRaftCluster.getLeader(MiniRaftCluster.java:532)
	at org.apache.ratis.RaftTestUtil.lambda$waitForLeader$3(RaftTestUtil.java:98)
	at org.apache.ratis.util.JavaUtils.attempt(JavaUtils.java:152)
	at org.apache.ratis.RaftTestUtil.waitForLeader(RaftTestUtil.java:97)
	at org.apache.ratis.RaftTestUtil.waitForLeader(RaftTestUtil.java:77)
	at org.apache.ratis.RaftTestUtil.waitForLeader(RaftTestUtil.java:72)
	at org.apache.ratis.RaftTestUtil.waitAndKillLeader(RaftTestUtil.java:114)
	at org.apache.ratis.server.impl.LeaderElectionTests.testBasicLeaderElection(LeaderElectionTests.java:63)
	at sun.reflect.NativeMethodAccessorImpl.invoke0(Native Method)
	at sun.reflect.NativeMethodAccessorImpl.invoke(NativeMethodAccessorImpl.java:62)
	at sun.reflect.DelegatingMethodAccessorImpl.invoke(DelegatingMethodAccessorImpl.java:43)
	at java.lang.reflect.Method.invoke(Method.java:498)
	at org.junit.runners.model.FrameworkMethod$1.runReflectiveCall(FrameworkMethod.java:50)
	at org.junit.internal.runners.model.ReflectiveCallable.run(ReflectiveCallable.java:12)
	at org.junit.runners.model.FrameworkMethod.invokeExplosively(FrameworkMethod.java:47)
	at org.junit.internal.runners.statements.InvokeMethod.evaluate(InvokeMethod.java:17)
	at org.junit.internal.runners.statements.RunAfters.evaluate(RunAfters.java:27)
	at org.junit.internal.runners.statements.FailOnTimeout$CallableStatement.call(FailOnTimeout.java:298)
	at org.junit.internal.runners.statements.FailOnTimeout$CallableStatement.call(FailOnTimeout.java:292)
	at java.util.concurrent.FutureTask.run(FutureTask.java:266)
	at java.lang.Thread.run(Thread.java:748)
2019-09-24 17:10:27,688 WARN  ratis.RaftTestUtil (JavaUtils.java:attempt(158)) - FAILED "waitForLeader-null-(expectLeader? true)", attempt #16/100: java.lang.IllegalStateException: No leader yet : printing ALL groups
  s3:  RUNNING CANDIDATE s3@group-17EB70022112:t1, leader=null, voted=s3, raftlog=s3@group-17EB70022112-SegmentedRaftLog:OPENED:c-1,f-1,i0, conf=-1: [s3:0.0.0.0:42087, s4:0.0.0.0:33912, s0:0.0.0.0:40055, s1:0.0.0.0:37625, s2:0.0.0.0:37369], old=null RUNNING
  s4:  RUNNING CANDIDATE s4@group-17EB70022112:t1, leader=null, voted=s4, raftlog=s4@group-17EB70022112-SegmentedRaftLog:OPENED:c-1,f-1,i0, conf=-1: [s3:0.0.0.0:42087, s4:0.0.0.0:33912, s0:0.0.0.0:40055, s1:0.0.0.0:37625, s2:0.0.0.0:37369], old=null RUNNING
  s0:  RUNNING CANDIDATE s0@group-17EB70022112:t2, leader=null, voted=s0, raftlog=s0@group-17EB70022112-SegmentedRaftLog:OPENED:c-1,f-1,i0, conf=-1: [s3:0.0.0.0:42087, s4:0.0.0.0:33912, s0:0.0.0.0:40055, s1:0.0.0.0:37625, s2:0.0.0.0:37369], old=null RUNNING
  s1:  RUNNING CANDIDATE s1@group-17EB70022112:t1, leader=null, voted=s1, raftlog=s1@group-17EB70022112-SegmentedRaftLog:OPENED:c-1,f-1,i0, conf=-1: [s3:0.0.0.0:42087, s4:0.0.0.0:33912, s0:0.0.0.0:40055, s1:0.0.0.0:37625, s2:0.0.0.0:37369], old=null RUNNING
  s2:  RUNNING CANDIDATE s2@group-17EB70022112:t1, leader=null, voted=s2, raftlog=s2@group-17EB70022112-SegmentedRaftLog:OPENED:c-1,f-1,i0, conf=-1: [s3:0.0.0.0:42087, s4:0.0.0.0:33912, s0:0.0.0.0:40055, s1:0.0.0.0:37625, s2:0.0.0.0:37369], old=null RUNNING, sleep 450ms and then retry.
java.lang.IllegalStateException: No leader yet : printing ALL groups
  s3:  RUNNING CANDIDATE s3@group-17EB70022112:t1, leader=null, voted=s3, raftlog=s3@group-17EB70022112-SegmentedRaftLog:OPENED:c-1,f-1,i0, conf=-1: [s3:0.0.0.0:42087, s4:0.0.0.0:33912, s0:0.0.0.0:40055, s1:0.0.0.0:37625, s2:0.0.0.0:37369], old=null RUNNING
  s4:  RUNNING CANDIDATE s4@group-17EB70022112:t1, leader=null, voted=s4, raftlog=s4@group-17EB70022112-SegmentedRaftLog:OPENED:c-1,f-1,i0, conf=-1: [s3:0.0.0.0:42087, s4:0.0.0.0:33912, s0:0.0.0.0:40055, s1:0.0.0.0:37625, s2:0.0.0.0:37369], old=null RUNNING
  s0:  RUNNING CANDIDATE s0@group-17EB70022112:t2, leader=null, voted=s0, raftlog=s0@group-17EB70022112-SegmentedRaftLog:OPENED:c-1,f-1,i0, conf=-1: [s3:0.0.0.0:42087, s4:0.0.0.0:33912, s0:0.0.0.0:40055, s1:0.0.0.0:37625, s2:0.0.0.0:37369], old=null RUNNING
  s1:  RUNNING CANDIDATE s1@group-17EB70022112:t1, leader=null, voted=s1, raftlog=s1@group-17EB70022112-SegmentedRaftLog:OPENED:c-1,f-1,i0, conf=-1: [s3:0.0.0.0:42087, s4:0.0.0.0:33912, s0:0.0.0.0:40055, s1:0.0.0.0:37625, s2:0.0.0.0:37369], old=null RUNNING
  s2:  RUNNING CANDIDATE s2@group-17EB70022112:t1, leader=null, voted=s2, raftlog=s2@group-17EB70022112-SegmentedRaftLog:OPENED:c-1,f-1,i0, conf=-1: [s3:0.0.0.0:42087, s4:0.0.0.0:33912, s0:0.0.0.0:40055, s1:0.0.0.0:37625, s2:0.0.0.0:37369], old=null RUNNING
	at org.apache.ratis.MiniRaftCluster.newIllegalStateExceptionForNoLeaders(MiniRaftCluster.java:506)
	at org.apache.ratis.RaftTestUtil.lambda$waitForLeader$1(RaftTestUtil.java:90)
	at org.apache.ratis.MiniRaftCluster.getLeader(MiniRaftCluster.java:539)
	at org.apache.ratis.MiniRaftCluster.getLeader(MiniRaftCluster.java:532)
	at org.apache.ratis.RaftTestUtil.lambda$waitForLeader$3(RaftTestUtil.java:98)
	at org.apache.ratis.util.JavaUtils.attempt(JavaUtils.java:152)
	at org.apache.ratis.RaftTestUtil.waitForLeader(RaftTestUtil.java:97)
	at org.apache.ratis.RaftTestUtil.waitForLeader(RaftTestUtil.java:77)
	at org.apache.ratis.RaftTestUtil.waitForLeader(RaftTestUtil.java:72)
	at org.apache.ratis.RaftTestUtil.waitAndKillLeader(RaftTestUtil.java:114)
	at org.apache.ratis.server.impl.LeaderElectionTests.testBasicLeaderElection(LeaderElectionTests.java:63)
	at sun.reflect.NativeMethodAccessorImpl.invoke0(Native Method)
	at sun.reflect.NativeMethodAccessorImpl.invoke(NativeMethodAccessorImpl.java:62)
	at sun.reflect.DelegatingMethodAccessorImpl.invoke(DelegatingMethodAccessorImpl.java:43)
	at java.lang.reflect.Method.invoke(Method.java:498)
	at org.junit.runners.model.FrameworkMethod$1.runReflectiveCall(FrameworkMethod.java:50)
	at org.junit.internal.runners.model.ReflectiveCallable.run(ReflectiveCallable.java:12)
	at org.junit.runners.model.FrameworkMethod.invokeExplosively(FrameworkMethod.java:47)
	at org.junit.internal.runners.statements.InvokeMethod.evaluate(InvokeMethod.java:17)
	at org.junit.internal.runners.statements.RunAfters.evaluate(RunAfters.java:27)
	at org.junit.internal.runners.statements.FailOnTimeout$CallableStatement.call(FailOnTimeout.java:298)
	at org.junit.internal.runners.statements.FailOnTimeout$CallableStatement.call(FailOnTimeout.java:292)
	at java.util.concurrent.FutureTask.run(FutureTask.java:266)
	at java.lang.Thread.run(Thread.java:748)
2019-09-24 17:10:28,140 WARN  ratis.RaftTestUtil (JavaUtils.java:attempt(158)) - FAILED "waitForLeader-null-(expectLeader? true)", attempt #17/100: java.lang.IllegalStateException: No leader yet : printing ALL groups
  s3:  RUNNING CANDIDATE s3@group-17EB70022112:t1, leader=null, voted=s3, raftlog=s3@group-17EB70022112-SegmentedRaftLog:OPENED:c-1,f-1,i0, conf=-1: [s3:0.0.0.0:42087, s4:0.0.0.0:33912, s0:0.0.0.0:40055, s1:0.0.0.0:37625, s2:0.0.0.0:37369], old=null RUNNING
  s4:  RUNNING CANDIDATE s4@group-17EB70022112:t1, leader=null, voted=s4, raftlog=s4@group-17EB70022112-SegmentedRaftLog:OPENED:c-1,f-1,i0, conf=-1: [s3:0.0.0.0:42087, s4:0.0.0.0:33912, s0:0.0.0.0:40055, s1:0.0.0.0:37625, s2:0.0.0.0:37369], old=null RUNNING
  s0:  RUNNING CANDIDATE s0@group-17EB70022112:t2, leader=null, voted=s0, raftlog=s0@group-17EB70022112-SegmentedRaftLog:OPENED:c-1,f-1,i0, conf=-1: [s3:0.0.0.0:42087, s4:0.0.0.0:33912, s0:0.0.0.0:40055, s1:0.0.0.0:37625, s2:0.0.0.0:37369], old=null RUNNING
  s1:  RUNNING CANDIDATE s1@group-17EB70022112:t1, leader=null, voted=s1, raftlog=s1@group-17EB70022112-SegmentedRaftLog:OPENED:c-1,f-1,i0, conf=-1: [s3:0.0.0.0:42087, s4:0.0.0.0:33912, s0:0.0.0.0:40055, s1:0.0.0.0:37625, s2:0.0.0.0:37369], old=null RUNNING
  s2:  RUNNING CANDIDATE s2@group-17EB70022112:t1, leader=null, voted=s2, raftlog=s2@group-17EB70022112-SegmentedRaftLog:OPENED:c-1,f-1,i0, conf=-1: [s3:0.0.0.0:42087, s4:0.0.0.0:33912, s0:0.0.0.0:40055, s1:0.0.0.0:37625, s2:0.0.0.0:37369], old=null RUNNING, sleep 450ms and then retry.
java.lang.IllegalStateException: No leader yet : printing ALL groups
  s3:  RUNNING CANDIDATE s3@group-17EB70022112:t1, leader=null, voted=s3, raftlog=s3@group-17EB70022112-SegmentedRaftLog:OPENED:c-1,f-1,i0, conf=-1: [s3:0.0.0.0:42087, s4:0.0.0.0:33912, s0:0.0.0.0:40055, s1:0.0.0.0:37625, s2:0.0.0.0:37369], old=null RUNNING
  s4:  RUNNING CANDIDATE s4@group-17EB70022112:t1, leader=null, voted=s4, raftlog=s4@group-17EB70022112-SegmentedRaftLog:OPENED:c-1,f-1,i0, conf=-1: [s3:0.0.0.0:42087, s4:0.0.0.0:33912, s0:0.0.0.0:40055, s1:0.0.0.0:37625, s2:0.0.0.0:37369], old=null RUNNING
  s0:  RUNNING CANDIDATE s0@group-17EB70022112:t2, leader=null, voted=s0, raftlog=s0@group-17EB70022112-SegmentedRaftLog:OPENED:c-1,f-1,i0, conf=-1: [s3:0.0.0.0:42087, s4:0.0.0.0:33912, s0:0.0.0.0:40055, s1:0.0.0.0:37625, s2:0.0.0.0:37369], old=null RUNNING
  s1:  RUNNING CANDIDATE s1@group-17EB70022112:t1, leader=null, voted=s1, raftlog=s1@group-17EB70022112-SegmentedRaftLog:OPENED:c-1,f-1,i0, conf=-1: [s3:0.0.0.0:42087, s4:0.0.0.0:33912, s0:0.0.0.0:40055, s1:0.0.0.0:37625, s2:0.0.0.0:37369], old=null RUNNING
  s2:  RUNNING CANDIDATE s2@group-17EB70022112:t1, leader=null, voted=s2, raftlog=s2@group-17EB70022112-SegmentedRaftLog:OPENED:c-1,f-1,i0, conf=-1: [s3:0.0.0.0:42087, s4:0.0.0.0:33912, s0:0.0.0.0:40055, s1:0.0.0.0:37625, s2:0.0.0.0:37369], old=null RUNNING
	at org.apache.ratis.MiniRaftCluster.newIllegalStateExceptionForNoLeaders(MiniRaftCluster.java:506)
	at org.apache.ratis.RaftTestUtil.lambda$waitForLeader$1(RaftTestUtil.java:90)
	at org.apache.ratis.MiniRaftCluster.getLeader(MiniRaftCluster.java:539)
	at org.apache.ratis.MiniRaftCluster.getLeader(MiniRaftCluster.java:532)
	at org.apache.ratis.RaftTestUtil.lambda$waitForLeader$3(RaftTestUtil.java:98)
	at org.apache.ratis.util.JavaUtils.attempt(JavaUtils.java:152)
	at org.apache.ratis.RaftTestUtil.waitForLeader(RaftTestUtil.java:97)
	at org.apache.ratis.RaftTestUtil.waitForLeader(RaftTestUtil.java:77)
	at org.apache.ratis.RaftTestUtil.waitForLeader(RaftTestUtil.java:72)
	at org.apache.ratis.RaftTestUtil.waitAndKillLeader(RaftTestUtil.java:114)
	at org.apache.ratis.server.impl.LeaderElectionTests.testBasicLeaderElection(LeaderElectionTests.java:63)
	at sun.reflect.NativeMethodAccessorImpl.invoke0(Native Method)
	at sun.reflect.NativeMethodAccessorImpl.invoke(NativeMethodAccessorImpl.java:62)
	at sun.reflect.DelegatingMethodAccessorImpl.invoke(DelegatingMethodAccessorImpl.java:43)
	at java.lang.reflect.Method.invoke(Method.java:498)
	at org.junit.runners.model.FrameworkMethod$1.runReflectiveCall(FrameworkMethod.java:50)
	at org.junit.internal.runners.model.ReflectiveCallable.run(ReflectiveCallable.java:12)
	at org.junit.runners.model.FrameworkMethod.invokeExplosively(FrameworkMethod.java:47)
	at org.junit.internal.runners.statements.InvokeMethod.evaluate(InvokeMethod.java:17)
	at org.junit.internal.runners.statements.RunAfters.evaluate(RunAfters.java:27)
	at org.junit.internal.runners.statements.FailOnTimeout$CallableStatement.call(FailOnTimeout.java:298)
	at org.junit.internal.runners.statements.FailOnTimeout$CallableStatement.call(FailOnTimeout.java:292)
	at java.util.concurrent.FutureTask.run(FutureTask.java:266)
	at java.lang.Thread.run(Thread.java:748)
2019-09-24 17:10:28,592 WARN  ratis.RaftTestUtil (JavaUtils.java:attempt(158)) - FAILED "waitForLeader-null-(expectLeader? true)", attempt #18/100: java.lang.IllegalStateException: No leader yet : printing ALL groups
  s3:  RUNNING CANDIDATE s3@group-17EB70022112:t1, leader=null, voted=s3, raftlog=s3@group-17EB70022112-SegmentedRaftLog:OPENED:c-1,f-1,i0, conf=-1: [s3:0.0.0.0:42087, s4:0.0.0.0:33912, s0:0.0.0.0:40055, s1:0.0.0.0:37625, s2:0.0.0.0:37369], old=null RUNNING
  s4:  RUNNING CANDIDATE s4@group-17EB70022112:t1, leader=null, voted=s4, raftlog=s4@group-17EB70022112-SegmentedRaftLog:OPENED:c-1,f-1,i0, conf=-1: [s3:0.0.0.0:42087, s4:0.0.0.0:33912, s0:0.0.0.0:40055, s1:0.0.0.0:37625, s2:0.0.0.0:37369], old=null RUNNING
  s0:  RUNNING CANDIDATE s0@group-17EB70022112:t2, leader=null, voted=s0, raftlog=s0@group-17EB70022112-SegmentedRaftLog:OPENED:c-1,f-1,i0, conf=-1: [s3:0.0.0.0:42087, s4:0.0.0.0:33912, s0:0.0.0.0:40055, s1:0.0.0.0:37625, s2:0.0.0.0:37369], old=null RUNNING
  s1:  RUNNING CANDIDATE s1@group-17EB70022112:t1, leader=null, voted=s1, raftlog=s1@group-17EB70022112-SegmentedRaftLog:OPENED:c-1,f-1,i0, conf=-1: [s3:0.0.0.0:42087, s4:0.0.0.0:33912, s0:0.0.0.0:40055, s1:0.0.0.0:37625, s2:0.0.0.0:37369], old=null RUNNING
  s2:  RUNNING CANDIDATE s2@group-17EB70022112:t1, leader=null, voted=s2, raftlog=s2@group-17EB70022112-SegmentedRaftLog:OPENED:c-1,f-1,i0, conf=-1: [s3:0.0.0.0:42087, s4:0.0.0.0:33912, s0:0.0.0.0:40055, s1:0.0.0.0:37625, s2:0.0.0.0:37369], old=null RUNNING, sleep 450ms and then retry.
java.lang.IllegalStateException: No leader yet : printing ALL groups
  s3:  RUNNING CANDIDATE s3@group-17EB70022112:t1, leader=null, voted=s3, raftlog=s3@group-17EB70022112-SegmentedRaftLog:OPENED:c-1,f-1,i0, conf=-1: [s3:0.0.0.0:42087, s4:0.0.0.0:33912, s0:0.0.0.0:40055, s1:0.0.0.0:37625, s2:0.0.0.0:37369], old=null RUNNING
  s4:  RUNNING CANDIDATE s4@group-17EB70022112:t1, leader=null, voted=s4, raftlog=s4@group-17EB70022112-SegmentedRaftLog:OPENED:c-1,f-1,i0, conf=-1: [s3:0.0.0.0:42087, s4:0.0.0.0:33912, s0:0.0.0.0:40055, s1:0.0.0.0:37625, s2:0.0.0.0:37369], old=null RUNNING
  s0:  RUNNING CANDIDATE s0@group-17EB70022112:t2, leader=null, voted=s0, raftlog=s0@group-17EB70022112-SegmentedRaftLog:OPENED:c-1,f-1,i0, conf=-1: [s3:0.0.0.0:42087, s4:0.0.0.0:33912, s0:0.0.0.0:40055, s1:0.0.0.0:37625, s2:0.0.0.0:37369], old=null RUNNING
  s1:  RUNNING CANDIDATE s1@group-17EB70022112:t1, leader=null, voted=s1, raftlog=s1@group-17EB70022112-SegmentedRaftLog:OPENED:c-1,f-1,i0, conf=-1: [s3:0.0.0.0:42087, s4:0.0.0.0:33912, s0:0.0.0.0:40055, s1:0.0.0.0:37625, s2:0.0.0.0:37369], old=null RUNNING
  s2:  RUNNING CANDIDATE s2@group-17EB70022112:t1, leader=null, voted=s2, raftlog=s2@group-17EB70022112-SegmentedRaftLog:OPENED:c-1,f-1,i0, conf=-1: [s3:0.0.0.0:42087, s4:0.0.0.0:33912, s0:0.0.0.0:40055, s1:0.0.0.0:37625, s2:0.0.0.0:37369], old=null RUNNING
	at org.apache.ratis.MiniRaftCluster.newIllegalStateExceptionForNoLeaders(MiniRaftCluster.java:506)
	at org.apache.ratis.RaftTestUtil.lambda$waitForLeader$1(RaftTestUtil.java:90)
	at org.apache.ratis.MiniRaftCluster.getLeader(MiniRaftCluster.java:539)
	at org.apache.ratis.MiniRaftCluster.getLeader(MiniRaftCluster.java:532)
	at org.apache.ratis.RaftTestUtil.lambda$waitForLeader$3(RaftTestUtil.java:98)
	at org.apache.ratis.util.JavaUtils.attempt(JavaUtils.java:152)
	at org.apache.ratis.RaftTestUtil.waitForLeader(RaftTestUtil.java:97)
	at org.apache.ratis.RaftTestUtil.waitForLeader(RaftTestUtil.java:77)
	at org.apache.ratis.RaftTestUtil.waitForLeader(RaftTestUtil.java:72)
	at org.apache.ratis.RaftTestUtil.waitAndKillLeader(RaftTestUtil.java:114)
	at org.apache.ratis.server.impl.LeaderElectionTests.testBasicLeaderElection(LeaderElectionTests.java:63)
	at sun.reflect.NativeMethodAccessorImpl.invoke0(Native Method)
	at sun.reflect.NativeMethodAccessorImpl.invoke(NativeMethodAccessorImpl.java:62)
	at sun.reflect.DelegatingMethodAccessorImpl.invoke(DelegatingMethodAccessorImpl.java:43)
	at java.lang.reflect.Method.invoke(Method.java:498)
	at org.junit.runners.model.FrameworkMethod$1.runReflectiveCall(FrameworkMethod.java:50)
	at org.junit.internal.runners.model.ReflectiveCallable.run(ReflectiveCallable.java:12)
	at org.junit.runners.model.FrameworkMethod.invokeExplosively(FrameworkMethod.java:47)
	at org.junit.internal.runners.statements.InvokeMethod.evaluate(InvokeMethod.java:17)
	at org.junit.internal.runners.statements.RunAfters.evaluate(RunAfters.java:27)
	at org.junit.internal.runners.statements.FailOnTimeout$CallableStatement.call(FailOnTimeout.java:298)
	at org.junit.internal.runners.statements.FailOnTimeout$CallableStatement.call(FailOnTimeout.java:292)
	at java.util.concurrent.FutureTask.run(FutureTask.java:266)
	at java.lang.Thread.run(Thread.java:748)
2019-09-24 17:10:29,044 WARN  ratis.RaftTestUtil (JavaUtils.java:attempt(158)) - FAILED "waitForLeader-null-(expectLeader? true)", attempt #19/100: java.lang.IllegalStateException: No leader yet : printing ALL groups
  s3:  RUNNING CANDIDATE s3@group-17EB70022112:t1, leader=null, voted=s3, raftlog=s3@group-17EB70022112-SegmentedRaftLog:OPENED:c-1,f-1,i0, conf=-1: [s3:0.0.0.0:42087, s4:0.0.0.0:33912, s0:0.0.0.0:40055, s1:0.0.0.0:37625, s2:0.0.0.0:37369], old=null RUNNING
  s4:  RUNNING CANDIDATE s4@group-17EB70022112:t1, leader=null, voted=s4, raftlog=s4@group-17EB70022112-SegmentedRaftLog:OPENED:c-1,f-1,i0, conf=-1: [s3:0.0.0.0:42087, s4:0.0.0.0:33912, s0:0.0.0.0:40055, s1:0.0.0.0:37625, s2:0.0.0.0:37369], old=null RUNNING
  s0:  RUNNING CANDIDATE s0@group-17EB70022112:t2, leader=null, voted=s0, raftlog=s0@group-17EB70022112-SegmentedRaftLog:OPENED:c-1,f-1,i0, conf=-1: [s3:0.0.0.0:42087, s4:0.0.0.0:33912, s0:0.0.0.0:40055, s1:0.0.0.0:37625, s2:0.0.0.0:37369], old=null RUNNING
  s1:  RUNNING CANDIDATE s1@group-17EB70022112:t1, leader=null, voted=s1, raftlog=s1@group-17EB70022112-SegmentedRaftLog:OPENED:c-1,f-1,i0, conf=-1: [s3:0.0.0.0:42087, s4:0.0.0.0:33912, s0:0.0.0.0:40055, s1:0.0.0.0:37625, s2:0.0.0.0:37369], old=null RUNNING
  s2:  RUNNING CANDIDATE s2@group-17EB70022112:t1, leader=null, voted=s2, raftlog=s2@group-17EB70022112-SegmentedRaftLog:OPENED:c-1,f-1,i0, conf=-1: [s3:0.0.0.0:42087, s4:0.0.0.0:33912, s0:0.0.0.0:40055, s1:0.0.0.0:37625, s2:0.0.0.0:37369], old=null RUNNING, sleep 450ms and then retry.
java.lang.IllegalStateException: No leader yet : printing ALL groups
  s3:  RUNNING CANDIDATE s3@group-17EB70022112:t1, leader=null, voted=s3, raftlog=s3@group-17EB70022112-SegmentedRaftLog:OPENED:c-1,f-1,i0, conf=-1: [s3:0.0.0.0:42087, s4:0.0.0.0:33912, s0:0.0.0.0:40055, s1:0.0.0.0:37625, s2:0.0.0.0:37369], old=null RUNNING
  s4:  RUNNING CANDIDATE s4@group-17EB70022112:t1, leader=null, voted=s4, raftlog=s4@group-17EB70022112-SegmentedRaftLog:OPENED:c-1,f-1,i0, conf=-1: [s3:0.0.0.0:42087, s4:0.0.0.0:33912, s0:0.0.0.0:40055, s1:0.0.0.0:37625, s2:0.0.0.0:37369], old=null RUNNING
  s0:  RUNNING CANDIDATE s0@group-17EB70022112:t2, leader=null, voted=s0, raftlog=s0@group-17EB70022112-SegmentedRaftLog:OPENED:c-1,f-1,i0, conf=-1: [s3:0.0.0.0:42087, s4:0.0.0.0:33912, s0:0.0.0.0:40055, s1:0.0.0.0:37625, s2:0.0.0.0:37369], old=null RUNNING
  s1:  RUNNING CANDIDATE s1@group-17EB70022112:t1, leader=null, voted=s1, raftlog=s1@group-17EB70022112-SegmentedRaftLog:OPENED:c-1,f-1,i0, conf=-1: [s3:0.0.0.0:42087, s4:0.0.0.0:33912, s0:0.0.0.0:40055, s1:0.0.0.0:37625, s2:0.0.0.0:37369], old=null RUNNING
  s2:  RUNNING CANDIDATE s2@group-17EB70022112:t1, leader=null, voted=s2, raftlog=s2@group-17EB70022112-SegmentedRaftLog:OPENED:c-1,f-1,i0, conf=-1: [s3:0.0.0.0:42087, s4:0.0.0.0:33912, s0:0.0.0.0:40055, s1:0.0.0.0:37625, s2:0.0.0.0:37369], old=null RUNNING
	at org.apache.ratis.MiniRaftCluster.newIllegalStateExceptionForNoLeaders(MiniRaftCluster.java:506)
	at org.apache.ratis.RaftTestUtil.lambda$waitForLeader$1(RaftTestUtil.java:90)
	at org.apache.ratis.MiniRaftCluster.getLeader(MiniRaftCluster.java:539)
	at org.apache.ratis.MiniRaftCluster.getLeader(MiniRaftCluster.java:532)
	at org.apache.ratis.RaftTestUtil.lambda$waitForLeader$3(RaftTestUtil.java:98)
	at org.apache.ratis.util.JavaUtils.attempt(JavaUtils.java:152)
	at org.apache.ratis.RaftTestUtil.waitForLeader(RaftTestUtil.java:97)
	at org.apache.ratis.RaftTestUtil.waitForLeader(RaftTestUtil.java:77)
	at org.apache.ratis.RaftTestUtil.waitForLeader(RaftTestUtil.java:72)
	at org.apache.ratis.RaftTestUtil.waitAndKillLeader(RaftTestUtil.java:114)
	at org.apache.ratis.server.impl.LeaderElectionTests.testBasicLeaderElection(LeaderElectionTests.java:63)
	at sun.reflect.NativeMethodAccessorImpl.invoke0(Native Method)
	at sun.reflect.NativeMethodAccessorImpl.invoke(NativeMethodAccessorImpl.java:62)
	at sun.reflect.DelegatingMethodAccessorImpl.invoke(DelegatingMethodAccessorImpl.java:43)
	at java.lang.reflect.Method.invoke(Method.java:498)
	at org.junit.runners.model.FrameworkMethod$1.runReflectiveCall(FrameworkMethod.java:50)
	at org.junit.internal.runners.model.ReflectiveCallable.run(ReflectiveCallable.java:12)
	at org.junit.runners.model.FrameworkMethod.invokeExplosively(FrameworkMethod.java:47)
	at org.junit.internal.runners.statements.InvokeMethod.evaluate(InvokeMethod.java:17)
	at org.junit.internal.runners.statements.RunAfters.evaluate(RunAfters.java:27)
	at org.junit.internal.runners.statements.FailOnTimeout$CallableStatement.call(FailOnTimeout.java:298)
	at org.junit.internal.runners.statements.FailOnTimeout$CallableStatement.call(FailOnTimeout.java:292)
	at java.util.concurrent.FutureTask.run(FutureTask.java:266)
	at java.lang.Thread.run(Thread.java:748)
2019-09-24 17:10:29,496 WARN  ratis.RaftTestUtil (JavaUtils.java:attempt(158)) - FAILED "waitForLeader-null-(expectLeader? true)", attempt #20/100: java.lang.IllegalStateException: No leader yet : printing ALL groups
  s3:  RUNNING CANDIDATE s3@group-17EB70022112:t1, leader=null, voted=s3, raftlog=s3@group-17EB70022112-SegmentedRaftLog:OPENED:c-1,f-1,i0, conf=-1: [s3:0.0.0.0:42087, s4:0.0.0.0:33912, s0:0.0.0.0:40055, s1:0.0.0.0:37625, s2:0.0.0.0:37369], old=null RUNNING
  s4:  RUNNING CANDIDATE s4@group-17EB70022112:t1, leader=null, voted=s4, raftlog=s4@group-17EB70022112-SegmentedRaftLog:OPENED:c-1,f-1,i0, conf=-1: [s3:0.0.0.0:42087, s4:0.0.0.0:33912, s0:0.0.0.0:40055, s1:0.0.0.0:37625, s2:0.0.0.0:37369], old=null RUNNING
  s0:  RUNNING CANDIDATE s0@group-17EB70022112:t2, leader=null, voted=s0, raftlog=s0@group-17EB70022112-SegmentedRaftLog:OPENED:c-1,f-1,i0, conf=-1: [s3:0.0.0.0:42087, s4:0.0.0.0:33912, s0:0.0.0.0:40055, s1:0.0.0.0:37625, s2:0.0.0.0:37369], old=null RUNNING
  s1:  RUNNING CANDIDATE s1@group-17EB70022112:t1, leader=null, voted=s1, raftlog=s1@group-17EB70022112-SegmentedRaftLog:OPENED:c-1,f-1,i0, conf=-1: [s3:0.0.0.0:42087, s4:0.0.0.0:33912, s0:0.0.0.0:40055, s1:0.0.0.0:37625, s2:0.0.0.0:37369], old=null RUNNING
  s2:  RUNNING CANDIDATE s2@group-17EB70022112:t1, leader=null, voted=s2, raftlog=s2@group-17EB70022112-SegmentedRaftLog:OPENED:c-1,f-1,i0, conf=-1: [s3:0.0.0.0:42087, s4:0.0.0.0:33912, s0:0.0.0.0:40055, s1:0.0.0.0:37625, s2:0.0.0.0:37369], old=null RUNNING, sleep 450ms and then retry.
java.lang.IllegalStateException: No leader yet : printing ALL groups
  s3:  RUNNING CANDIDATE s3@group-17EB70022112:t1, leader=null, voted=s3, raftlog=s3@group-17EB70022112-SegmentedRaftLog:OPENED:c-1,f-1,i0, conf=-1: [s3:0.0.0.0:42087, s4:0.0.0.0:33912, s0:0.0.0.0:40055, s1:0.0.0.0:37625, s2:0.0.0.0:37369], old=null RUNNING
  s4:  RUNNING CANDIDATE s4@group-17EB70022112:t1, leader=null, voted=s4, raftlog=s4@group-17EB70022112-SegmentedRaftLog:OPENED:c-1,f-1,i0, conf=-1: [s3:0.0.0.0:42087, s4:0.0.0.0:33912, s0:0.0.0.0:40055, s1:0.0.0.0:37625, s2:0.0.0.0:37369], old=null RUNNING
  s0:  RUNNING CANDIDATE s0@group-17EB70022112:t2, leader=null, voted=s0, raftlog=s0@group-17EB70022112-SegmentedRaftLog:OPENED:c-1,f-1,i0, conf=-1: [s3:0.0.0.0:42087, s4:0.0.0.0:33912, s0:0.0.0.0:40055, s1:0.0.0.0:37625, s2:0.0.0.0:37369], old=null RUNNING
  s1:  RUNNING CANDIDATE s1@group-17EB70022112:t1, leader=null, voted=s1, raftlog=s1@group-17EB70022112-SegmentedRaftLog:OPENED:c-1,f-1,i0, conf=-1: [s3:0.0.0.0:42087, s4:0.0.0.0:33912, s0:0.0.0.0:40055, s1:0.0.0.0:37625, s2:0.0.0.0:37369], old=null RUNNING
  s2:  RUNNING CANDIDATE s2@group-17EB70022112:t1, leader=null, voted=s2, raftlog=s2@group-17EB70022112-SegmentedRaftLog:OPENED:c-1,f-1,i0, conf=-1: [s3:0.0.0.0:42087, s4:0.0.0.0:33912, s0:0.0.0.0:40055, s1:0.0.0.0:37625, s2:0.0.0.0:37369], old=null RUNNING
	at org.apache.ratis.MiniRaftCluster.newIllegalStateExceptionForNoLeaders(MiniRaftCluster.java:506)
	at org.apache.ratis.RaftTestUtil.lambda$waitForLeader$1(RaftTestUtil.java:90)
	at org.apache.ratis.MiniRaftCluster.getLeader(MiniRaftCluster.java:539)
	at org.apache.ratis.MiniRaftCluster.getLeader(MiniRaftCluster.java:532)
	at org.apache.ratis.RaftTestUtil.lambda$waitForLeader$3(RaftTestUtil.java:98)
	at org.apache.ratis.util.JavaUtils.attempt(JavaUtils.java:152)
	at org.apache.ratis.RaftTestUtil.waitForLeader(RaftTestUtil.java:97)
	at org.apache.ratis.RaftTestUtil.waitForLeader(RaftTestUtil.java:77)
	at org.apache.ratis.RaftTestUtil.waitForLeader(RaftTestUtil.java:72)
	at org.apache.ratis.RaftTestUtil.waitAndKillLeader(RaftTestUtil.java:114)
	at org.apache.ratis.server.impl.LeaderElectionTests.testBasicLeaderElection(LeaderElectionTests.java:63)
	at sun.reflect.NativeMethodAccessorImpl.invoke0(Native Method)
	at sun.reflect.NativeMethodAccessorImpl.invoke(NativeMethodAccessorImpl.java:62)
	at sun.reflect.DelegatingMethodAccessorImpl.invoke(DelegatingMethodAccessorImpl.java:43)
	at java.lang.reflect.Method.invoke(Method.java:498)
	at org.junit.runners.model.FrameworkMethod$1.runReflectiveCall(FrameworkMethod.java:50)
	at org.junit.internal.runners.model.ReflectiveCallable.run(ReflectiveCallable.java:12)
	at org.junit.runners.model.FrameworkMethod.invokeExplosively(FrameworkMethod.java:47)
	at org.junit.internal.runners.statements.InvokeMethod.evaluate(InvokeMethod.java:17)
	at org.junit.internal.runners.statements.RunAfters.evaluate(RunAfters.java:27)
	at org.junit.internal.runners.statements.FailOnTimeout$CallableStatement.call(FailOnTimeout.java:298)
	at org.junit.internal.runners.statements.FailOnTimeout$CallableStatement.call(FailOnTimeout.java:292)
	at java.util.concurrent.FutureTask.run(FutureTask.java:266)
	at java.lang.Thread.run(Thread.java:748)
2019-09-24 17:10:29,948 WARN  ratis.RaftTestUtil (JavaUtils.java:attempt(158)) - FAILED "waitForLeader-null-(expectLeader? true)", attempt #21/100: java.lang.IllegalStateException: No leader yet : printing ALL groups
  s3:  RUNNING CANDIDATE s3@group-17EB70022112:t1, leader=null, voted=s3, raftlog=s3@group-17EB70022112-SegmentedRaftLog:OPENED:c-1,f-1,i0, conf=-1: [s3:0.0.0.0:42087, s4:0.0.0.0:33912, s0:0.0.0.0:40055, s1:0.0.0.0:37625, s2:0.0.0.0:37369], old=null RUNNING
  s4:  RUNNING CANDIDATE s4@group-17EB70022112:t1, leader=null, voted=s4, raftlog=s4@group-17EB70022112-SegmentedRaftLog:OPENED:c-1,f-1,i0, conf=-1: [s3:0.0.0.0:42087, s4:0.0.0.0:33912, s0:0.0.0.0:40055, s1:0.0.0.0:37625, s2:0.0.0.0:37369], old=null RUNNING
  s0:  RUNNING CANDIDATE s0@group-17EB70022112:t2, leader=null, voted=s0, raftlog=s0@group-17EB70022112-SegmentedRaftLog:OPENED:c-1,f-1,i0, conf=-1: [s3:0.0.0.0:42087, s4:0.0.0.0:33912, s0:0.0.0.0:40055, s1:0.0.0.0:37625, s2:0.0.0.0:37369], old=null RUNNING
  s1:  RUNNING CANDIDATE s1@group-17EB70022112:t1, leader=null, voted=s1, raftlog=s1@group-17EB70022112-SegmentedRaftLog:OPENED:c-1,f-1,i0, conf=-1: [s3:0.0.0.0:42087, s4:0.0.0.0:33912, s0:0.0.0.0:40055, s1:0.0.0.0:37625, s2:0.0.0.0:37369], old=null RUNNING
  s2:  RUNNING CANDIDATE s2@group-17EB70022112:t1, leader=null, voted=s2, raftlog=s2@group-17EB70022112-SegmentedRaftLog:OPENED:c-1,f-1,i0, conf=-1: [s3:0.0.0.0:42087, s4:0.0.0.0:33912, s0:0.0.0.0:40055, s1:0.0.0.0:37625, s2:0.0.0.0:37369], old=null RUNNING, sleep 450ms and then retry.
java.lang.IllegalStateException: No leader yet : printing ALL groups
  s3:  RUNNING CANDIDATE s3@group-17EB70022112:t1, leader=null, voted=s3, raftlog=s3@group-17EB70022112-SegmentedRaftLog:OPENED:c-1,f-1,i0, conf=-1: [s3:0.0.0.0:42087, s4:0.0.0.0:33912, s0:0.0.0.0:40055, s1:0.0.0.0:37625, s2:0.0.0.0:37369], old=null RUNNING
  s4:  RUNNING CANDIDATE s4@group-17EB70022112:t1, leader=null, voted=s4, raftlog=s4@group-17EB70022112-SegmentedRaftLog:OPENED:c-1,f-1,i0, conf=-1: [s3:0.0.0.0:42087, s4:0.0.0.0:33912, s0:0.0.0.0:40055, s1:0.0.0.0:37625, s2:0.0.0.0:37369], old=null RUNNING
  s0:  RUNNING CANDIDATE s0@group-17EB70022112:t2, leader=null, voted=s0, raftlog=s0@group-17EB70022112-SegmentedRaftLog:OPENED:c-1,f-1,i0, conf=-1: [s3:0.0.0.0:42087, s4:0.0.0.0:33912, s0:0.0.0.0:40055, s1:0.0.0.0:37625, s2:0.0.0.0:37369], old=null RUNNING
  s1:  RUNNING CANDIDATE s1@group-17EB70022112:t1, leader=null, voted=s1, raftlog=s1@group-17EB70022112-SegmentedRaftLog:OPENED:c-1,f-1,i0, conf=-1: [s3:0.0.0.0:42087, s4:0.0.0.0:33912, s0:0.0.0.0:40055, s1:0.0.0.0:37625, s2:0.0.0.0:37369], old=null RUNNING
  s2:  RUNNING CANDIDATE s2@group-17EB70022112:t1, leader=null, voted=s2, raftlog=s2@group-17EB70022112-SegmentedRaftLog:OPENED:c-1,f-1,i0, conf=-1: [s3:0.0.0.0:42087, s4:0.0.0.0:33912, s0:0.0.0.0:40055, s1:0.0.0.0:37625, s2:0.0.0.0:37369], old=null RUNNING
	at org.apache.ratis.MiniRaftCluster.newIllegalStateExceptionForNoLeaders(MiniRaftCluster.java:506)
	at org.apache.ratis.RaftTestUtil.lambda$waitForLeader$1(RaftTestUtil.java:90)
	at org.apache.ratis.MiniRaftCluster.getLeader(MiniRaftCluster.java:539)
	at org.apache.ratis.MiniRaftCluster.getLeader(MiniRaftCluster.java:532)
	at org.apache.ratis.RaftTestUtil.lambda$waitForLeader$3(RaftTestUtil.java:98)
	at org.apache.ratis.util.JavaUtils.attempt(JavaUtils.java:152)
	at org.apache.ratis.RaftTestUtil.waitForLeader(RaftTestUtil.java:97)
	at org.apache.ratis.RaftTestUtil.waitForLeader(RaftTestUtil.java:77)
	at org.apache.ratis.RaftTestUtil.waitForLeader(RaftTestUtil.java:72)
	at org.apache.ratis.RaftTestUtil.waitAndKillLeader(RaftTestUtil.java:114)
	at org.apache.ratis.server.impl.LeaderElectionTests.testBasicLeaderElection(LeaderElectionTests.java:63)
	at sun.reflect.NativeMethodAccessorImpl.invoke0(Native Method)
	at sun.reflect.NativeMethodAccessorImpl.invoke(NativeMethodAccessorImpl.java:62)
	at sun.reflect.DelegatingMethodAccessorImpl.invoke(DelegatingMethodAccessorImpl.java:43)
	at java.lang.reflect.Method.invoke(Method.java:498)
	at org.junit.runners.model.FrameworkMethod$1.runReflectiveCall(FrameworkMethod.java:50)
	at org.junit.internal.runners.model.ReflectiveCallable.run(ReflectiveCallable.java:12)
	at org.junit.runners.model.FrameworkMethod.invokeExplosively(FrameworkMethod.java:47)
	at org.junit.internal.runners.statements.InvokeMethod.evaluate(InvokeMethod.java:17)
	at org.junit.internal.runners.statements.RunAfters.evaluate(RunAfters.java:27)
	at org.junit.internal.runners.statements.FailOnTimeout$CallableStatement.call(FailOnTimeout.java:298)
	at org.junit.internal.runners.statements.FailOnTimeout$CallableStatement.call(FailOnTimeout.java:292)
	at java.util.concurrent.FutureTask.run(FutureTask.java:266)
	at java.lang.Thread.run(Thread.java:748)
2019-09-24 17:10:30,400 WARN  ratis.RaftTestUtil (JavaUtils.java:attempt(158)) - FAILED "waitForLeader-null-(expectLeader? true)", attempt #22/100: java.lang.IllegalStateException: No leader yet : printing ALL groups
  s3:  RUNNING CANDIDATE s3@group-17EB70022112:t1, leader=null, voted=s3, raftlog=s3@group-17EB70022112-SegmentedRaftLog:OPENED:c-1,f-1,i0, conf=-1: [s3:0.0.0.0:42087, s4:0.0.0.0:33912, s0:0.0.0.0:40055, s1:0.0.0.0:37625, s2:0.0.0.0:37369], old=null RUNNING
  s4:  RUNNING CANDIDATE s4@group-17EB70022112:t1, leader=null, voted=s4, raftlog=s4@group-17EB70022112-SegmentedRaftLog:OPENED:c-1,f-1,i0, conf=-1: [s3:0.0.0.0:42087, s4:0.0.0.0:33912, s0:0.0.0.0:40055, s1:0.0.0.0:37625, s2:0.0.0.0:37369], old=null RUNNING
  s0:  RUNNING CANDIDATE s0@group-17EB70022112:t2, leader=null, voted=s0, raftlog=s0@group-17EB70022112-SegmentedRaftLog:OPENED:c-1,f-1,i0, conf=-1: [s3:0.0.0.0:42087, s4:0.0.0.0:33912, s0:0.0.0.0:40055, s1:0.0.0.0:37625, s2:0.0.0.0:37369], old=null RUNNING
  s1:  RUNNING CANDIDATE s1@group-17EB70022112:t1, leader=null, voted=s1, raftlog=s1@group-17EB70022112-SegmentedRaftLog:OPENED:c-1,f-1,i0, conf=-1: [s3:0.0.0.0:42087, s4:0.0.0.0:33912, s0:0.0.0.0:40055, s1:0.0.0.0:37625, s2:0.0.0.0:37369], old=null RUNNING
  s2:  RUNNING CANDIDATE s2@group-17EB70022112:t1, leader=null, voted=s2, raftlog=s2@group-17EB70022112-SegmentedRaftLog:OPENED:c-1,f-1,i0, conf=-1: [s3:0.0.0.0:42087, s4:0.0.0.0:33912, s0:0.0.0.0:40055, s1:0.0.0.0:37625, s2:0.0.0.0:37369], old=null RUNNING, sleep 450ms and then retry.
java.lang.IllegalStateException: No leader yet : printing ALL groups
  s3:  RUNNING CANDIDATE s3@group-17EB70022112:t1, leader=null, voted=s3, raftlog=s3@group-17EB70022112-SegmentedRaftLog:OPENED:c-1,f-1,i0, conf=-1: [s3:0.0.0.0:42087, s4:0.0.0.0:33912, s0:0.0.0.0:40055, s1:0.0.0.0:37625, s2:0.0.0.0:37369], old=null RUNNING
  s4:  RUNNING CANDIDATE s4@group-17EB70022112:t1, leader=null, voted=s4, raftlog=s4@group-17EB70022112-SegmentedRaftLog:OPENED:c-1,f-1,i0, conf=-1: [s3:0.0.0.0:42087, s4:0.0.0.0:33912, s0:0.0.0.0:40055, s1:0.0.0.0:37625, s2:0.0.0.0:37369], old=null RUNNING
  s0:  RUNNING CANDIDATE s0@group-17EB70022112:t2, leader=null, voted=s0, raftlog=s0@group-17EB70022112-SegmentedRaftLog:OPENED:c-1,f-1,i0, conf=-1: [s3:0.0.0.0:42087, s4:0.0.0.0:33912, s0:0.0.0.0:40055, s1:0.0.0.0:37625, s2:0.0.0.0:37369], old=null RUNNING
  s1:  RUNNING CANDIDATE s1@group-17EB70022112:t1, leader=null, voted=s1, raftlog=s1@group-17EB70022112-SegmentedRaftLog:OPENED:c-1,f-1,i0, conf=-1: [s3:0.0.0.0:42087, s4:0.0.0.0:33912, s0:0.0.0.0:40055, s1:0.0.0.0:37625, s2:0.0.0.0:37369], old=null RUNNING
  s2:  RUNNING CANDIDATE s2@group-17EB70022112:t1, leader=null, voted=s2, raftlog=s2@group-17EB70022112-SegmentedRaftLog:OPENED:c-1,f-1,i0, conf=-1: [s3:0.0.0.0:42087, s4:0.0.0.0:33912, s0:0.0.0.0:40055, s1:0.0.0.0:37625, s2:0.0.0.0:37369], old=null RUNNING
	at org.apache.ratis.MiniRaftCluster.newIllegalStateExceptionForNoLeaders(MiniRaftCluster.java:506)
	at org.apache.ratis.RaftTestUtil.lambda$waitForLeader$1(RaftTestUtil.java:90)
	at org.apache.ratis.MiniRaftCluster.getLeader(MiniRaftCluster.java:539)
	at org.apache.ratis.MiniRaftCluster.getLeader(MiniRaftCluster.java:532)
	at org.apache.ratis.RaftTestUtil.lambda$waitForLeader$3(RaftTestUtil.java:98)
	at org.apache.ratis.util.JavaUtils.attempt(JavaUtils.java:152)
	at org.apache.ratis.RaftTestUtil.waitForLeader(RaftTestUtil.java:97)
	at org.apache.ratis.RaftTestUtil.waitForLeader(RaftTestUtil.java:77)
	at org.apache.ratis.RaftTestUtil.waitForLeader(RaftTestUtil.java:72)
	at org.apache.ratis.RaftTestUtil.waitAndKillLeader(RaftTestUtil.java:114)
	at org.apache.ratis.server.impl.LeaderElectionTests.testBasicLeaderElection(LeaderElectionTests.java:63)
	at sun.reflect.NativeMethodAccessorImpl.invoke0(Native Method)
	at sun.reflect.NativeMethodAccessorImpl.invoke(NativeMethodAccessorImpl.java:62)
	at sun.reflect.DelegatingMethodAccessorImpl.invoke(DelegatingMethodAccessorImpl.java:43)
	at java.lang.reflect.Method.invoke(Method.java:498)
	at org.junit.runners.model.FrameworkMethod$1.runReflectiveCall(FrameworkMethod.java:50)
	at org.junit.internal.runners.model.ReflectiveCallable.run(ReflectiveCallable.java:12)
	at org.junit.runners.model.FrameworkMethod.invokeExplosively(FrameworkMethod.java:47)
	at org.junit.internal.runners.statements.InvokeMethod.evaluate(InvokeMethod.java:17)
	at org.junit.internal.runners.statements.RunAfters.evaluate(RunAfters.java:27)
	at org.junit.internal.runners.statements.FailOnTimeout$CallableStatement.call(FailOnTimeout.java:298)
	at org.junit.internal.runners.statements.FailOnTimeout$CallableStatement.call(FailOnTimeout.java:292)
	at java.util.concurrent.FutureTask.run(FutureTask.java:266)
	at java.lang.Thread.run(Thread.java:748)
2019-09-24 17:10:30,851 WARN  ratis.RaftTestUtil (JavaUtils.java:attempt(158)) - FAILED "waitForLeader-null-(expectLeader? true)", attempt #23/100: java.lang.IllegalStateException: No leader yet : printing ALL groups
  s3:  RUNNING CANDIDATE s3@group-17EB70022112:t1, leader=null, voted=s3, raftlog=s3@group-17EB70022112-SegmentedRaftLog:OPENED:c-1,f-1,i0, conf=-1: [s3:0.0.0.0:42087, s4:0.0.0.0:33912, s0:0.0.0.0:40055, s1:0.0.0.0:37625, s2:0.0.0.0:37369], old=null RUNNING
  s4:  RUNNING CANDIDATE s4@group-17EB70022112:t1, leader=null, voted=s4, raftlog=s4@group-17EB70022112-SegmentedRaftLog:OPENED:c-1,f-1,i0, conf=-1: [s3:0.0.0.0:42087, s4:0.0.0.0:33912, s0:0.0.0.0:40055, s1:0.0.0.0:37625, s2:0.0.0.0:37369], old=null RUNNING
  s0:  RUNNING CANDIDATE s0@group-17EB70022112:t2, leader=null, voted=s0, raftlog=s0@group-17EB70022112-SegmentedRaftLog:OPENED:c-1,f-1,i0, conf=-1: [s3:0.0.0.0:42087, s4:0.0.0.0:33912, s0:0.0.0.0:40055, s1:0.0.0.0:37625, s2:0.0.0.0:37369], old=null RUNNING
  s1:  RUNNING CANDIDATE s1@group-17EB70022112:t1, leader=null, voted=s1, raftlog=s1@group-17EB70022112-SegmentedRaftLog:OPENED:c-1,f-1,i0, conf=-1: [s3:0.0.0.0:42087, s4:0.0.0.0:33912, s0:0.0.0.0:40055, s1:0.0.0.0:37625, s2:0.0.0.0:37369], old=null RUNNING
  s2:  RUNNING CANDIDATE s2@group-17EB70022112:t1, leader=null, voted=s2, raftlog=s2@group-17EB70022112-SegmentedRaftLog:OPENED:c-1,f-1,i0, conf=-1: [s3:0.0.0.0:42087, s4:0.0.0.0:33912, s0:0.0.0.0:40055, s1:0.0.0.0:37625, s2:0.0.0.0:37369], old=null RUNNING, sleep 450ms and then retry.
java.lang.IllegalStateException: No leader yet : printing ALL groups
  s3:  RUNNING CANDIDATE s3@group-17EB70022112:t1, leader=null, voted=s3, raftlog=s3@group-17EB70022112-SegmentedRaftLog:OPENED:c-1,f-1,i0, conf=-1: [s3:0.0.0.0:42087, s4:0.0.0.0:33912, s0:0.0.0.0:40055, s1:0.0.0.0:37625, s2:0.0.0.0:37369], old=null RUNNING
  s4:  RUNNING CANDIDATE s4@group-17EB70022112:t1, leader=null, voted=s4, raftlog=s4@group-17EB70022112-SegmentedRaftLog:OPENED:c-1,f-1,i0, conf=-1: [s3:0.0.0.0:42087, s4:0.0.0.0:33912, s0:0.0.0.0:40055, s1:0.0.0.0:37625, s2:0.0.0.0:37369], old=null RUNNING
  s0:  RUNNING CANDIDATE s0@group-17EB70022112:t2, leader=null, voted=s0, raftlog=s0@group-17EB70022112-SegmentedRaftLog:OPENED:c-1,f-1,i0, conf=-1: [s3:0.0.0.0:42087, s4:0.0.0.0:33912, s0:0.0.0.0:40055, s1:0.0.0.0:37625, s2:0.0.0.0:37369], old=null RUNNING
  s1:  RUNNING CANDIDATE s1@group-17EB70022112:t1, leader=null, voted=s1, raftlog=s1@group-17EB70022112-SegmentedRaftLog:OPENED:c-1,f-1,i0, conf=-1: [s3:0.0.0.0:42087, s4:0.0.0.0:33912, s0:0.0.0.0:40055, s1:0.0.0.0:37625, s2:0.0.0.0:37369], old=null RUNNING
  s2:  RUNNING CANDIDATE s2@group-17EB70022112:t1, leader=null, voted=s2, raftlog=s2@group-17EB70022112-SegmentedRaftLog:OPENED:c-1,f-1,i0, conf=-1: [s3:0.0.0.0:42087, s4:0.0.0.0:33912, s0:0.0.0.0:40055, s1:0.0.0.0:37625, s2:0.0.0.0:37369], old=null RUNNING
	at org.apache.ratis.MiniRaftCluster.newIllegalStateExceptionForNoLeaders(MiniRaftCluster.java:506)
	at org.apache.ratis.RaftTestUtil.lambda$waitForLeader$1(RaftTestUtil.java:90)
	at org.apache.ratis.MiniRaftCluster.getLeader(MiniRaftCluster.java:539)
	at org.apache.ratis.MiniRaftCluster.getLeader(MiniRaftCluster.java:532)
	at org.apache.ratis.RaftTestUtil.lambda$waitForLeader$3(RaftTestUtil.java:98)
	at org.apache.ratis.util.JavaUtils.attempt(JavaUtils.java:152)
	at org.apache.ratis.RaftTestUtil.waitForLeader(RaftTestUtil.java:97)
	at org.apache.ratis.RaftTestUtil.waitForLeader(RaftTestUtil.java:77)
	at org.apache.ratis.RaftTestUtil.waitForLeader(RaftTestUtil.java:72)
	at org.apache.ratis.RaftTestUtil.waitAndKillLeader(RaftTestUtil.java:114)
	at org.apache.ratis.server.impl.LeaderElectionTests.testBasicLeaderElection(LeaderElectionTests.java:63)
	at sun.reflect.NativeMethodAccessorImpl.invoke0(Native Method)
	at sun.reflect.NativeMethodAccessorImpl.invoke(NativeMethodAccessorImpl.java:62)
	at sun.reflect.DelegatingMethodAccessorImpl.invoke(DelegatingMethodAccessorImpl.java:43)
	at java.lang.reflect.Method.invoke(Method.java:498)
	at org.junit.runners.model.FrameworkMethod$1.runReflectiveCall(FrameworkMethod.java:50)
	at org.junit.internal.runners.model.ReflectiveCallable.run(ReflectiveCallable.java:12)
	at org.junit.runners.model.FrameworkMethod.invokeExplosively(FrameworkMethod.java:47)
	at org.junit.internal.runners.statements.InvokeMethod.evaluate(InvokeMethod.java:17)
	at org.junit.internal.runners.statements.RunAfters.evaluate(RunAfters.java:27)
	at org.junit.internal.runners.statements.FailOnTimeout$CallableStatement.call(FailOnTimeout.java:298)
	at org.junit.internal.runners.statements.FailOnTimeout$CallableStatement.call(FailOnTimeout.java:292)
	at java.util.concurrent.FutureTask.run(FutureTask.java:266)
	at java.lang.Thread.run(Thread.java:748)
2019-09-24 17:10:30,914 INFO  ratis.MiniRaftCluster (MiniRaftCluster.java:lambda$null$5(297)) - TIMED-PRINT: printing ALL groups
  s3:  RUNNING CANDIDATE s3@group-17EB70022112:t1, leader=null, voted=s3, raftlog=s3@group-17EB70022112-SegmentedRaftLog:OPENED:c-1,f-1,i0, conf=-1: [s3:0.0.0.0:42087, s4:0.0.0.0:33912, s0:0.0.0.0:40055, s1:0.0.0.0:37625, s2:0.0.0.0:37369], old=null RUNNING
  s4:  RUNNING CANDIDATE s4@group-17EB70022112:t1, leader=null, voted=s4, raftlog=s4@group-17EB70022112-SegmentedRaftLog:OPENED:c-1,f-1,i0, conf=-1: [s3:0.0.0.0:42087, s4:0.0.0.0:33912, s0:0.0.0.0:40055, s1:0.0.0.0:37625, s2:0.0.0.0:37369], old=null RUNNING
  s0:  RUNNING CANDIDATE s0@group-17EB70022112:t2, leader=null, voted=s0, raftlog=s0@group-17EB70022112-SegmentedRaftLog:OPENED:c-1,f-1,i0, conf=-1: [s3:0.0.0.0:42087, s4:0.0.0.0:33912, s0:0.0.0.0:40055, s1:0.0.0.0:37625, s2:0.0.0.0:37369], old=null RUNNING
  s1:  RUNNING CANDIDATE s1@group-17EB70022112:t1, leader=null, voted=s1, raftlog=s1@group-17EB70022112-SegmentedRaftLog:OPENED:c-1,f-1,i0, conf=-1: [s3:0.0.0.0:42087, s4:0.0.0.0:33912, s0:0.0.0.0:40055, s1:0.0.0.0:37625, s2:0.0.0.0:37369], old=null RUNNING
  s2:  RUNNING CANDIDATE s2@group-17EB70022112:t1, leader=null, voted=s2, raftlog=s2@group-17EB70022112-SegmentedRaftLog:OPENED:c-1,f-1,i0, conf=-1: [s3:0.0.0.0:42087, s4:0.0.0.0:33912, s0:0.0.0.0:40055, s1:0.0.0.0:37625, s2:0.0.0.0:37369], old=null RUNNING
2019-09-24 17:10:31,303 WARN  ratis.RaftTestUtil (JavaUtils.java:attempt(158)) - FAILED "waitForLeader-null-(expectLeader? true)", attempt #24/100: java.lang.IllegalStateException: No leader yet : printing ALL groups
  s3:  RUNNING CANDIDATE s3@group-17EB70022112:t1, leader=null, voted=s3, raftlog=s3@group-17EB70022112-SegmentedRaftLog:OPENED:c-1,f-1,i0, conf=-1: [s3:0.0.0.0:42087, s4:0.0.0.0:33912, s0:0.0.0.0:40055, s1:0.0.0.0:37625, s2:0.0.0.0:37369], old=null RUNNING
  s4:  RUNNING CANDIDATE s4@group-17EB70022112:t1, leader=null, voted=s4, raftlog=s4@group-17EB70022112-SegmentedRaftLog:OPENED:c-1,f-1,i0, conf=-1: [s3:0.0.0.0:42087, s4:0.0.0.0:33912, s0:0.0.0.0:40055, s1:0.0.0.0:37625, s2:0.0.0.0:37369], old=null RUNNING
  s0:  RUNNING CANDIDATE s0@group-17EB70022112:t2, leader=null, voted=s0, raftlog=s0@group-17EB70022112-SegmentedRaftLog:OPENED:c-1,f-1,i0, conf=-1: [s3:0.0.0.0:42087, s4:0.0.0.0:33912, s0:0.0.0.0:40055, s1:0.0.0.0:37625, s2:0.0.0.0:37369], old=null RUNNING
  s1:  RUNNING CANDIDATE s1@group-17EB70022112:t1, leader=null, voted=s1, raftlog=s1@group-17EB70022112-SegmentedRaftLog:OPENED:c-1,f-1,i0, conf=-1: [s3:0.0.0.0:42087, s4:0.0.0.0:33912, s0:0.0.0.0:40055, s1:0.0.0.0:37625, s2:0.0.0.0:37369], old=null RUNNING
  s2:  RUNNING CANDIDATE s2@group-17EB70022112:t1, leader=null, voted=s2, raftlog=s2@group-17EB70022112-SegmentedRaftLog:OPENED:c-1,f-1,i0, conf=-1: [s3:0.0.0.0:42087, s4:0.0.0.0:33912, s0:0.0.0.0:40055, s1:0.0.0.0:37625, s2:0.0.0.0:37369], old=null RUNNING, sleep 450ms and then retry.
java.lang.IllegalStateException: No leader yet : printing ALL groups
  s3:  RUNNING CANDIDATE s3@group-17EB70022112:t1, leader=null, voted=s3, raftlog=s3@group-17EB70022112-SegmentedRaftLog:OPENED:c-1,f-1,i0, conf=-1: [s3:0.0.0.0:42087, s4:0.0.0.0:33912, s0:0.0.0.0:40055, s1:0.0.0.0:37625, s2:0.0.0.0:37369], old=null RUNNING
  s4:  RUNNING CANDIDATE s4@group-17EB70022112:t1, leader=null, voted=s4, raftlog=s4@group-17EB70022112-SegmentedRaftLog:OPENED:c-1,f-1,i0, conf=-1: [s3:0.0.0.0:42087, s4:0.0.0.0:33912, s0:0.0.0.0:40055, s1:0.0.0.0:37625, s2:0.0.0.0:37369], old=null RUNNING
  s0:  RUNNING CANDIDATE s0@group-17EB70022112:t2, leader=null, voted=s0, raftlog=s0@group-17EB70022112-SegmentedRaftLog:OPENED:c-1,f-1,i0, conf=-1: [s3:0.0.0.0:42087, s4:0.0.0.0:33912, s0:0.0.0.0:40055, s1:0.0.0.0:37625, s2:0.0.0.0:37369], old=null RUNNING
  s1:  RUNNING CANDIDATE s1@group-17EB70022112:t1, leader=null, voted=s1, raftlog=s1@group-17EB70022112-SegmentedRaftLog:OPENED:c-1,f-1,i0, conf=-1: [s3:0.0.0.0:42087, s4:0.0.0.0:33912, s0:0.0.0.0:40055, s1:0.0.0.0:37625, s2:0.0.0.0:37369], old=null RUNNING
  s2:  RUNNING CANDIDATE s2@group-17EB70022112:t1, leader=null, voted=s2, raftlog=s2@group-17EB70022112-SegmentedRaftLog:OPENED:c-1,f-1,i0, conf=-1: [s3:0.0.0.0:42087, s4:0.0.0.0:33912, s0:0.0.0.0:40055, s1:0.0.0.0:37625, s2:0.0.0.0:37369], old=null RUNNING
	at org.apache.ratis.MiniRaftCluster.newIllegalStateExceptionForNoLeaders(MiniRaftCluster.java:506)
	at org.apache.ratis.RaftTestUtil.lambda$waitForLeader$1(RaftTestUtil.java:90)
	at org.apache.ratis.MiniRaftCluster.getLeader(MiniRaftCluster.java:539)
	at org.apache.ratis.MiniRaftCluster.getLeader(MiniRaftCluster.java:532)
	at org.apache.ratis.RaftTestUtil.lambda$waitForLeader$3(RaftTestUtil.java:98)
	at org.apache.ratis.util.JavaUtils.attempt(JavaUtils.java:152)
	at org.apache.ratis.RaftTestUtil.waitForLeader(RaftTestUtil.java:97)
	at org.apache.ratis.RaftTestUtil.waitForLeader(RaftTestUtil.java:77)
	at org.apache.ratis.RaftTestUtil.waitForLeader(RaftTestUtil.java:72)
	at org.apache.ratis.RaftTestUtil.waitAndKillLeader(RaftTestUtil.java:114)
	at org.apache.ratis.server.impl.LeaderElectionTests.testBasicLeaderElection(LeaderElectionTests.java:63)
	at sun.reflect.NativeMethodAccessorImpl.invoke0(Native Method)
	at sun.reflect.NativeMethodAccessorImpl.invoke(NativeMethodAccessorImpl.java:62)
	at sun.reflect.DelegatingMethodAccessorImpl.invoke(DelegatingMethodAccessorImpl.java:43)
	at java.lang.reflect.Method.invoke(Method.java:498)
	at org.junit.runners.model.FrameworkMethod$1.runReflectiveCall(FrameworkMethod.java:50)
	at org.junit.internal.runners.model.ReflectiveCallable.run(ReflectiveCallable.java:12)
	at org.junit.runners.model.FrameworkMethod.invokeExplosively(FrameworkMethod.java:47)
	at org.junit.internal.runners.statements.InvokeMethod.evaluate(InvokeMethod.java:17)
	at org.junit.internal.runners.statements.RunAfters.evaluate(RunAfters.java:27)
	at org.junit.internal.runners.statements.FailOnTimeout$CallableStatement.call(FailOnTimeout.java:298)
	at org.junit.internal.runners.statements.FailOnTimeout$CallableStatement.call(FailOnTimeout.java:292)
	at java.util.concurrent.FutureTask.run(FutureTask.java:266)
	at java.lang.Thread.run(Thread.java:748)
2019-09-24 17:10:31,755 WARN  ratis.RaftTestUtil (JavaUtils.java:attempt(158)) - FAILED "waitForLeader-null-(expectLeader? true)", attempt #25/100: java.lang.IllegalStateException: No leader yet : printing ALL groups
  s3:  RUNNING CANDIDATE s3@group-17EB70022112:t1, leader=null, voted=s3, raftlog=s3@group-17EB70022112-SegmentedRaftLog:OPENED:c-1,f-1,i0, conf=-1: [s3:0.0.0.0:42087, s4:0.0.0.0:33912, s0:0.0.0.0:40055, s1:0.0.0.0:37625, s2:0.0.0.0:37369], old=null RUNNING
  s4:  RUNNING CANDIDATE s4@group-17EB70022112:t1, leader=null, voted=s4, raftlog=s4@group-17EB70022112-SegmentedRaftLog:OPENED:c-1,f-1,i0, conf=-1: [s3:0.0.0.0:42087, s4:0.0.0.0:33912, s0:0.0.0.0:40055, s1:0.0.0.0:37625, s2:0.0.0.0:37369], old=null RUNNING
  s0:  RUNNING CANDIDATE s0@group-17EB70022112:t2, leader=null, voted=s0, raftlog=s0@group-17EB70022112-SegmentedRaftLog:OPENED:c-1,f-1,i0, conf=-1: [s3:0.0.0.0:42087, s4:0.0.0.0:33912, s0:0.0.0.0:40055, s1:0.0.0.0:37625, s2:0.0.0.0:37369], old=null RUNNING
  s1:  RUNNING CANDIDATE s1@group-17EB70022112:t1, leader=null, voted=s1, raftlog=s1@group-17EB70022112-SegmentedRaftLog:OPENED:c-1,f-1,i0, conf=-1: [s3:0.0.0.0:42087, s4:0.0.0.0:33912, s0:0.0.0.0:40055, s1:0.0.0.0:37625, s2:0.0.0.0:37369], old=null RUNNING
  s2:  RUNNING CANDIDATE s2@group-17EB70022112:t1, leader=null, voted=s2, raftlog=s2@group-17EB70022112-SegmentedRaftLog:OPENED:c-1,f-1,i0, conf=-1: [s3:0.0.0.0:42087, s4:0.0.0.0:33912, s0:0.0.0.0:40055, s1:0.0.0.0:37625, s2:0.0.0.0:37369], old=null RUNNING, sleep 450ms and then retry.
java.lang.IllegalStateException: No leader yet : printing ALL groups
  s3:  RUNNING CANDIDATE s3@group-17EB70022112:t1, leader=null, voted=s3, raftlog=s3@group-17EB70022112-SegmentedRaftLog:OPENED:c-1,f-1,i0, conf=-1: [s3:0.0.0.0:42087, s4:0.0.0.0:33912, s0:0.0.0.0:40055, s1:0.0.0.0:37625, s2:0.0.0.0:37369], old=null RUNNING
  s4:  RUNNING CANDIDATE s4@group-17EB70022112:t1, leader=null, voted=s4, raftlog=s4@group-17EB70022112-SegmentedRaftLog:OPENED:c-1,f-1,i0, conf=-1: [s3:0.0.0.0:42087, s4:0.0.0.0:33912, s0:0.0.0.0:40055, s1:0.0.0.0:37625, s2:0.0.0.0:37369], old=null RUNNING
  s0:  RUNNING CANDIDATE s0@group-17EB70022112:t2, leader=null, voted=s0, raftlog=s0@group-17EB70022112-SegmentedRaftLog:OPENED:c-1,f-1,i0, conf=-1: [s3:0.0.0.0:42087, s4:0.0.0.0:33912, s0:0.0.0.0:40055, s1:0.0.0.0:37625, s2:0.0.0.0:37369], old=null RUNNING
  s1:  RUNNING CANDIDATE s1@group-17EB70022112:t1, leader=null, voted=s1, raftlog=s1@group-17EB70022112-SegmentedRaftLog:OPENED:c-1,f-1,i0, conf=-1: [s3:0.0.0.0:42087, s4:0.0.0.0:33912, s0:0.0.0.0:40055, s1:0.0.0.0:37625, s2:0.0.0.0:37369], old=null RUNNING
  s2:  RUNNING CANDIDATE s2@group-17EB70022112:t1, leader=null, voted=s2, raftlog=s2@group-17EB70022112-SegmentedRaftLog:OPENED:c-1,f-1,i0, conf=-1: [s3:0.0.0.0:42087, s4:0.0.0.0:33912, s0:0.0.0.0:40055, s1:0.0.0.0:37625, s2:0.0.0.0:37369], old=null RUNNING
	at org.apache.ratis.MiniRaftCluster.newIllegalStateExceptionForNoLeaders(MiniRaftCluster.java:506)
	at org.apache.ratis.RaftTestUtil.lambda$waitForLeader$1(RaftTestUtil.java:90)
	at org.apache.ratis.MiniRaftCluster.getLeader(MiniRaftCluster.java:539)
	at org.apache.ratis.MiniRaftCluster.getLeader(MiniRaftCluster.java:532)
	at org.apache.ratis.RaftTestUtil.lambda$waitForLeader$3(RaftTestUtil.java:98)
	at org.apache.ratis.util.JavaUtils.attempt(JavaUtils.java:152)
	at org.apache.ratis.RaftTestUtil.waitForLeader(RaftTestUtil.java:97)
	at org.apache.ratis.RaftTestUtil.waitForLeader(RaftTestUtil.java:77)
	at org.apache.ratis.RaftTestUtil.waitForLeader(RaftTestUtil.java:72)
	at org.apache.ratis.RaftTestUtil.waitAndKillLeader(RaftTestUtil.java:114)
	at org.apache.ratis.server.impl.LeaderElectionTests.testBasicLeaderElection(LeaderElectionTests.java:63)
	at sun.reflect.NativeMethodAccessorImpl.invoke0(Native Method)
	at sun.reflect.NativeMethodAccessorImpl.invoke(NativeMethodAccessorImpl.java:62)
	at sun.reflect.DelegatingMethodAccessorImpl.invoke(DelegatingMethodAccessorImpl.java:43)
	at java.lang.reflect.Method.invoke(Method.java:498)
	at org.junit.runners.model.FrameworkMethod$1.runReflectiveCall(FrameworkMethod.java:50)
	at org.junit.internal.runners.model.ReflectiveCallable.run(ReflectiveCallable.java:12)
	at org.junit.runners.model.FrameworkMethod.invokeExplosively(FrameworkMethod.java:47)
	at org.junit.internal.runners.statements.InvokeMethod.evaluate(InvokeMethod.java:17)
	at org.junit.internal.runners.statements.RunAfters.evaluate(RunAfters.java:27)
	at org.junit.internal.runners.statements.FailOnTimeout$CallableStatement.call(FailOnTimeout.java:298)
	at org.junit.internal.runners.statements.FailOnTimeout$CallableStatement.call(FailOnTimeout.java:292)
	at java.util.concurrent.FutureTask.run(FutureTask.java:266)
	at java.lang.Thread.run(Thread.java:748)
2019-09-24 17:10:32,206 WARN  ratis.RaftTestUtil (JavaUtils.java:attempt(158)) - FAILED "waitForLeader-null-(expectLeader? true)", attempt #26/100: java.lang.IllegalStateException: No leader yet : printing ALL groups
  s3:  RUNNING CANDIDATE s3@group-17EB70022112:t1, leader=null, voted=s3, raftlog=s3@group-17EB70022112-SegmentedRaftLog:OPENED:c-1,f-1,i0, conf=-1: [s3:0.0.0.0:42087, s4:0.0.0.0:33912, s0:0.0.0.0:40055, s1:0.0.0.0:37625, s2:0.0.0.0:37369], old=null RUNNING
  s4:  RUNNING CANDIDATE s4@group-17EB70022112:t1, leader=null, voted=s4, raftlog=s4@group-17EB70022112-SegmentedRaftLog:OPENED:c-1,f-1,i0, conf=-1: [s3:0.0.0.0:42087, s4:0.0.0.0:33912, s0:0.0.0.0:40055, s1:0.0.0.0:37625, s2:0.0.0.0:37369], old=null RUNNING
  s0:  RUNNING CANDIDATE s0@group-17EB70022112:t2, leader=null, voted=s0, raftlog=s0@group-17EB70022112-SegmentedRaftLog:OPENED:c-1,f-1,i0, conf=-1: [s3:0.0.0.0:42087, s4:0.0.0.0:33912, s0:0.0.0.0:40055, s1:0.0.0.0:37625, s2:0.0.0.0:37369], old=null RUNNING
  s1:  RUNNING CANDIDATE s1@group-17EB70022112:t1, leader=null, voted=s1, raftlog=s1@group-17EB70022112-SegmentedRaftLog:OPENED:c-1,f-1,i0, conf=-1: [s3:0.0.0.0:42087, s4:0.0.0.0:33912, s0:0.0.0.0:40055, s1:0.0.0.0:37625, s2:0.0.0.0:37369], old=null RUNNING
  s2:  RUNNING CANDIDATE s2@group-17EB70022112:t1, leader=null, voted=s2, raftlog=s2@group-17EB70022112-SegmentedRaftLog:OPENED:c-1,f-1,i0, conf=-1: [s3:0.0.0.0:42087, s4:0.0.0.0:33912, s0:0.0.0.0:40055, s1:0.0.0.0:37625, s2:0.0.0.0:37369], old=null RUNNING, sleep 450ms and then retry.
java.lang.IllegalStateException: No leader yet : printing ALL groups
  s3:  RUNNING CANDIDATE s3@group-17EB70022112:t1, leader=null, voted=s3, raftlog=s3@group-17EB70022112-SegmentedRaftLog:OPENED:c-1,f-1,i0, conf=-1: [s3:0.0.0.0:42087, s4:0.0.0.0:33912, s0:0.0.0.0:40055, s1:0.0.0.0:37625, s2:0.0.0.0:37369], old=null RUNNING
  s4:  RUNNING CANDIDATE s4@group-17EB70022112:t1, leader=null, voted=s4, raftlog=s4@group-17EB70022112-SegmentedRaftLog:OPENED:c-1,f-1,i0, conf=-1: [s3:0.0.0.0:42087, s4:0.0.0.0:33912, s0:0.0.0.0:40055, s1:0.0.0.0:37625, s2:0.0.0.0:37369], old=null RUNNING
  s0:  RUNNING CANDIDATE s0@group-17EB70022112:t2, leader=null, voted=s0, raftlog=s0@group-17EB70022112-SegmentedRaftLog:OPENED:c-1,f-1,i0, conf=-1: [s3:0.0.0.0:42087, s4:0.0.0.0:33912, s0:0.0.0.0:40055, s1:0.0.0.0:37625, s2:0.0.0.0:37369], old=null RUNNING
  s1:  RUNNING CANDIDATE s1@group-17EB70022112:t1, leader=null, voted=s1, raftlog=s1@group-17EB70022112-SegmentedRaftLog:OPENED:c-1,f-1,i0, conf=-1: [s3:0.0.0.0:42087, s4:0.0.0.0:33912, s0:0.0.0.0:40055, s1:0.0.0.0:37625, s2:0.0.0.0:37369], old=null RUNNING
  s2:  RUNNING CANDIDATE s2@group-17EB70022112:t1, leader=null, voted=s2, raftlog=s2@group-17EB70022112-SegmentedRaftLog:OPENED:c-1,f-1,i0, conf=-1: [s3:0.0.0.0:42087, s4:0.0.0.0:33912, s0:0.0.0.0:40055, s1:0.0.0.0:37625, s2:0.0.0.0:37369], old=null RUNNING
	at org.apache.ratis.MiniRaftCluster.newIllegalStateExceptionForNoLeaders(MiniRaftCluster.java:506)
	at org.apache.ratis.RaftTestUtil.lambda$waitForLeader$1(RaftTestUtil.java:90)
	at org.apache.ratis.MiniRaftCluster.getLeader(MiniRaftCluster.java:539)
	at org.apache.ratis.MiniRaftCluster.getLeader(MiniRaftCluster.java:532)
	at org.apache.ratis.RaftTestUtil.lambda$waitForLeader$3(RaftTestUtil.java:98)
	at org.apache.ratis.util.JavaUtils.attempt(JavaUtils.java:152)
	at org.apache.ratis.RaftTestUtil.waitForLeader(RaftTestUtil.java:97)
	at org.apache.ratis.RaftTestUtil.waitForLeader(RaftTestUtil.java:77)
	at org.apache.ratis.RaftTestUtil.waitForLeader(RaftTestUtil.java:72)
	at org.apache.ratis.RaftTestUtil.waitAndKillLeader(RaftTestUtil.java:114)
	at org.apache.ratis.server.impl.LeaderElectionTests.testBasicLeaderElection(LeaderElectionTests.java:63)
	at sun.reflect.NativeMethodAccessorImpl.invoke0(Native Method)
	at sun.reflect.NativeMethodAccessorImpl.invoke(NativeMethodAccessorImpl.java:62)
	at sun.reflect.DelegatingMethodAccessorImpl.invoke(DelegatingMethodAccessorImpl.java:43)
	at java.lang.reflect.Method.invoke(Method.java:498)
	at org.junit.runners.model.FrameworkMethod$1.runReflectiveCall(FrameworkMethod.java:50)
	at org.junit.internal.runners.model.ReflectiveCallable.run(ReflectiveCallable.java:12)
	at org.junit.runners.model.FrameworkMethod.invokeExplosively(FrameworkMethod.java:47)
	at org.junit.internal.runners.statements.InvokeMethod.evaluate(InvokeMethod.java:17)
	at org.junit.internal.runners.statements.RunAfters.evaluate(RunAfters.java:27)
	at org.junit.internal.runners.statements.FailOnTimeout$CallableStatement.call(FailOnTimeout.java:298)
	at org.junit.internal.runners.statements.FailOnTimeout$CallableStatement.call(FailOnTimeout.java:292)
	at java.util.concurrent.FutureTask.run(FutureTask.java:266)
	at java.lang.Thread.run(Thread.java:748)
2019-09-24 17:10:32,658 WARN  ratis.RaftTestUtil (JavaUtils.java:attempt(158)) - FAILED "waitForLeader-null-(expectLeader? true)", attempt #27/100: java.lang.IllegalStateException: No leader yet : printing ALL groups
  s3:  RUNNING CANDIDATE s3@group-17EB70022112:t1, leader=null, voted=s3, raftlog=s3@group-17EB70022112-SegmentedRaftLog:OPENED:c-1,f-1,i0, conf=-1: [s3:0.0.0.0:42087, s4:0.0.0.0:33912, s0:0.0.0.0:40055, s1:0.0.0.0:37625, s2:0.0.0.0:37369], old=null RUNNING
  s4:  RUNNING CANDIDATE s4@group-17EB70022112:t1, leader=null, voted=s4, raftlog=s4@group-17EB70022112-SegmentedRaftLog:OPENED:c-1,f-1,i0, conf=-1: [s3:0.0.0.0:42087, s4:0.0.0.0:33912, s0:0.0.0.0:40055, s1:0.0.0.0:37625, s2:0.0.0.0:37369], old=null RUNNING
  s0:  RUNNING CANDIDATE s0@group-17EB70022112:t2, leader=null, voted=s0, raftlog=s0@group-17EB70022112-SegmentedRaftLog:OPENED:c-1,f-1,i0, conf=-1: [s3:0.0.0.0:42087, s4:0.0.0.0:33912, s0:0.0.0.0:40055, s1:0.0.0.0:37625, s2:0.0.0.0:37369], old=null RUNNING
  s1:  RUNNING CANDIDATE s1@group-17EB70022112:t1, leader=null, voted=s1, raftlog=s1@group-17EB70022112-SegmentedRaftLog:OPENED:c-1,f-1,i0, conf=-1: [s3:0.0.0.0:42087, s4:0.0.0.0:33912, s0:0.0.0.0:40055, s1:0.0.0.0:37625, s2:0.0.0.0:37369], old=null RUNNING
  s2:  RUNNING CANDIDATE s2@group-17EB70022112:t1, leader=null, voted=s2, raftlog=s2@group-17EB70022112-SegmentedRaftLog:OPENED:c-1,f-1,i0, conf=-1: [s3:0.0.0.0:42087, s4:0.0.0.0:33912, s0:0.0.0.0:40055, s1:0.0.0.0:37625, s2:0.0.0.0:37369], old=null RUNNING, sleep 450ms and then retry.
java.lang.IllegalStateException: No leader yet : printing ALL groups
  s3:  RUNNING CANDIDATE s3@group-17EB70022112:t1, leader=null, voted=s3, raftlog=s3@group-17EB70022112-SegmentedRaftLog:OPENED:c-1,f-1,i0, conf=-1: [s3:0.0.0.0:42087, s4:0.0.0.0:33912, s0:0.0.0.0:40055, s1:0.0.0.0:37625, s2:0.0.0.0:37369], old=null RUNNING
  s4:  RUNNING CANDIDATE s4@group-17EB70022112:t1, leader=null, voted=s4, raftlog=s4@group-17EB70022112-SegmentedRaftLog:OPENED:c-1,f-1,i0, conf=-1: [s3:0.0.0.0:42087, s4:0.0.0.0:33912, s0:0.0.0.0:40055, s1:0.0.0.0:37625, s2:0.0.0.0:37369], old=null RUNNING
  s0:  RUNNING CANDIDATE s0@group-17EB70022112:t2, leader=null, voted=s0, raftlog=s0@group-17EB70022112-SegmentedRaftLog:OPENED:c-1,f-1,i0, conf=-1: [s3:0.0.0.0:42087, s4:0.0.0.0:33912, s0:0.0.0.0:40055, s1:0.0.0.0:37625, s2:0.0.0.0:37369], old=null RUNNING
  s1:  RUNNING CANDIDATE s1@group-17EB70022112:t1, leader=null, voted=s1, raftlog=s1@group-17EB70022112-SegmentedRaftLog:OPENED:c-1,f-1,i0, conf=-1: [s3:0.0.0.0:42087, s4:0.0.0.0:33912, s0:0.0.0.0:40055, s1:0.0.0.0:37625, s2:0.0.0.0:37369], old=null RUNNING
  s2:  RUNNING CANDIDATE s2@group-17EB70022112:t1, leader=null, voted=s2, raftlog=s2@group-17EB70022112-SegmentedRaftLog:OPENED:c-1,f-1,i0, conf=-1: [s3:0.0.0.0:42087, s4:0.0.0.0:33912, s0:0.0.0.0:40055, s1:0.0.0.0:37625, s2:0.0.0.0:37369], old=null RUNNING
	at org.apache.ratis.MiniRaftCluster.newIllegalStateExceptionForNoLeaders(MiniRaftCluster.java:506)
	at org.apache.ratis.RaftTestUtil.lambda$waitForLeader$1(RaftTestUtil.java:90)
	at org.apache.ratis.MiniRaftCluster.getLeader(MiniRaftCluster.java:539)
	at org.apache.ratis.MiniRaftCluster.getLeader(MiniRaftCluster.java:532)
	at org.apache.ratis.RaftTestUtil.lambda$waitForLeader$3(RaftTestUtil.java:98)
	at org.apache.ratis.util.JavaUtils.attempt(JavaUtils.java:152)
	at org.apache.ratis.RaftTestUtil.waitForLeader(RaftTestUtil.java:97)
	at org.apache.ratis.RaftTestUtil.waitForLeader(RaftTestUtil.java:77)
	at org.apache.ratis.RaftTestUtil.waitForLeader(RaftTestUtil.java:72)
	at org.apache.ratis.RaftTestUtil.waitAndKillLeader(RaftTestUtil.java:114)
	at org.apache.ratis.server.impl.LeaderElectionTests.testBasicLeaderElection(LeaderElectionTests.java:63)
	at sun.reflect.NativeMethodAccessorImpl.invoke0(Native Method)
	at sun.reflect.NativeMethodAccessorImpl.invoke(NativeMethodAccessorImpl.java:62)
	at sun.reflect.DelegatingMethodAccessorImpl.invoke(DelegatingMethodAccessorImpl.java:43)
	at java.lang.reflect.Method.invoke(Method.java:498)
	at org.junit.runners.model.FrameworkMethod$1.runReflectiveCall(FrameworkMethod.java:50)
	at org.junit.internal.runners.model.ReflectiveCallable.run(ReflectiveCallable.java:12)
	at org.junit.runners.model.FrameworkMethod.invokeExplosively(FrameworkMethod.java:47)
	at org.junit.internal.runners.statements.InvokeMethod.evaluate(InvokeMethod.java:17)
	at org.junit.internal.runners.statements.RunAfters.evaluate(RunAfters.java:27)
	at org.junit.internal.runners.statements.FailOnTimeout$CallableStatement.call(FailOnTimeout.java:298)
	at org.junit.internal.runners.statements.FailOnTimeout$CallableStatement.call(FailOnTimeout.java:292)
	at java.util.concurrent.FutureTask.run(FutureTask.java:266)
	at java.lang.Thread.run(Thread.java:748)
2019-09-24 17:10:33,109 WARN  ratis.RaftTestUtil (JavaUtils.java:attempt(158)) - FAILED "waitForLeader-null-(expectLeader? true)", attempt #28/100: java.lang.IllegalStateException: No leader yet : printing ALL groups
  s3:  RUNNING CANDIDATE s3@group-17EB70022112:t1, leader=null, voted=s3, raftlog=s3@group-17EB70022112-SegmentedRaftLog:OPENED:c-1,f-1,i0, conf=-1: [s3:0.0.0.0:42087, s4:0.0.0.0:33912, s0:0.0.0.0:40055, s1:0.0.0.0:37625, s2:0.0.0.0:37369], old=null RUNNING
  s4:  RUNNING CANDIDATE s4@group-17EB70022112:t1, leader=null, voted=s4, raftlog=s4@group-17EB70022112-SegmentedRaftLog:OPENED:c-1,f-1,i0, conf=-1: [s3:0.0.0.0:42087, s4:0.0.0.0:33912, s0:0.0.0.0:40055, s1:0.0.0.0:37625, s2:0.0.0.0:37369], old=null RUNNING
  s0:  RUNNING CANDIDATE s0@group-17EB70022112:t2, leader=null, voted=s0, raftlog=s0@group-17EB70022112-SegmentedRaftLog:OPENED:c-1,f-1,i0, conf=-1: [s3:0.0.0.0:42087, s4:0.0.0.0:33912, s0:0.0.0.0:40055, s1:0.0.0.0:37625, s2:0.0.0.0:37369], old=null RUNNING
  s1:  RUNNING CANDIDATE s1@group-17EB70022112:t1, leader=null, voted=s1, raftlog=s1@group-17EB70022112-SegmentedRaftLog:OPENED:c-1,f-1,i0, conf=-1: [s3:0.0.0.0:42087, s4:0.0.0.0:33912, s0:0.0.0.0:40055, s1:0.0.0.0:37625, s2:0.0.0.0:37369], old=null RUNNING
  s2:  RUNNING CANDIDATE s2@group-17EB70022112:t1, leader=null, voted=s2, raftlog=s2@group-17EB70022112-SegmentedRaftLog:OPENED:c-1,f-1,i0, conf=-1: [s3:0.0.0.0:42087, s4:0.0.0.0:33912, s0:0.0.0.0:40055, s1:0.0.0.0:37625, s2:0.0.0.0:37369], old=null RUNNING, sleep 450ms and then retry.
java.lang.IllegalStateException: No leader yet : printing ALL groups
  s3:  RUNNING CANDIDATE s3@group-17EB70022112:t1, leader=null, voted=s3, raftlog=s3@group-17EB70022112-SegmentedRaftLog:OPENED:c-1,f-1,i0, conf=-1: [s3:0.0.0.0:42087, s4:0.0.0.0:33912, s0:0.0.0.0:40055, s1:0.0.0.0:37625, s2:0.0.0.0:37369], old=null RUNNING
  s4:  RUNNING CANDIDATE s4@group-17EB70022112:t1, leader=null, voted=s4, raftlog=s4@group-17EB70022112-SegmentedRaftLog:OPENED:c-1,f-1,i0, conf=-1: [s3:0.0.0.0:42087, s4:0.0.0.0:33912, s0:0.0.0.0:40055, s1:0.0.0.0:37625, s2:0.0.0.0:37369], old=null RUNNING
  s0:  RUNNING CANDIDATE s0@group-17EB70022112:t2, leader=null, voted=s0, raftlog=s0@group-17EB70022112-SegmentedRaftLog:OPENED:c-1,f-1,i0, conf=-1: [s3:0.0.0.0:42087, s4:0.0.0.0:33912, s0:0.0.0.0:40055, s1:0.0.0.0:37625, s2:0.0.0.0:37369], old=null RUNNING
  s1:  RUNNING CANDIDATE s1@group-17EB70022112:t1, leader=null, voted=s1, raftlog=s1@group-17EB70022112-SegmentedRaftLog:OPENED:c-1,f-1,i0, conf=-1: [s3:0.0.0.0:42087, s4:0.0.0.0:33912, s0:0.0.0.0:40055, s1:0.0.0.0:37625, s2:0.0.0.0:37369], old=null RUNNING
  s2:  RUNNING CANDIDATE s2@group-17EB70022112:t1, leader=null, voted=s2, raftlog=s2@group-17EB70022112-SegmentedRaftLog:OPENED:c-1,f-1,i0, conf=-1: [s3:0.0.0.0:42087, s4:0.0.0.0:33912, s0:0.0.0.0:40055, s1:0.0.0.0:37625, s2:0.0.0.0:37369], old=null RUNNING
	at org.apache.ratis.MiniRaftCluster.newIllegalStateExceptionForNoLeaders(MiniRaftCluster.java:506)
	at org.apache.ratis.RaftTestUtil.lambda$waitForLeader$1(RaftTestUtil.java:90)
	at org.apache.ratis.MiniRaftCluster.getLeader(MiniRaftCluster.java:539)
	at org.apache.ratis.MiniRaftCluster.getLeader(MiniRaftCluster.java:532)
	at org.apache.ratis.RaftTestUtil.lambda$waitForLeader$3(RaftTestUtil.java:98)
	at org.apache.ratis.util.JavaUtils.attempt(JavaUtils.java:152)
	at org.apache.ratis.RaftTestUtil.waitForLeader(RaftTestUtil.java:97)
	at org.apache.ratis.RaftTestUtil.waitForLeader(RaftTestUtil.java:77)
	at org.apache.ratis.RaftTestUtil.waitForLeader(RaftTestUtil.java:72)
	at org.apache.ratis.RaftTestUtil.waitAndKillLeader(RaftTestUtil.java:114)
	at org.apache.ratis.server.impl.LeaderElectionTests.testBasicLeaderElection(LeaderElectionTests.java:63)
	at sun.reflect.NativeMethodAccessorImpl.invoke0(Native Method)
	at sun.reflect.NativeMethodAccessorImpl.invoke(NativeMethodAccessorImpl.java:62)
	at sun.reflect.DelegatingMethodAccessorImpl.invoke(DelegatingMethodAccessorImpl.java:43)
	at java.lang.reflect.Method.invoke(Method.java:498)
	at org.junit.runners.model.FrameworkMethod$1.runReflectiveCall(FrameworkMethod.java:50)
	at org.junit.internal.runners.model.ReflectiveCallable.run(ReflectiveCallable.java:12)
	at org.junit.runners.model.FrameworkMethod.invokeExplosively(FrameworkMethod.java:47)
	at org.junit.internal.runners.statements.InvokeMethod.evaluate(InvokeMethod.java:17)
	at org.junit.internal.runners.statements.RunAfters.evaluate(RunAfters.java:27)
	at org.junit.internal.runners.statements.FailOnTimeout$CallableStatement.call(FailOnTimeout.java:298)
	at org.junit.internal.runners.statements.FailOnTimeout$CallableStatement.call(FailOnTimeout.java:292)
	at java.util.concurrent.FutureTask.run(FutureTask.java:266)
	at java.lang.Thread.run(Thread.java:748)
2019-09-24 17:10:33,561 WARN  ratis.RaftTestUtil (JavaUtils.java:attempt(158)) - FAILED "waitForLeader-null-(expectLeader? true)", attempt #29/100: java.lang.IllegalStateException: No leader yet : printing ALL groups
  s3:  RUNNING CANDIDATE s3@group-17EB70022112:t1, leader=null, voted=s3, raftlog=s3@group-17EB70022112-SegmentedRaftLog:OPENED:c-1,f-1,i0, conf=-1: [s3:0.0.0.0:42087, s4:0.0.0.0:33912, s0:0.0.0.0:40055, s1:0.0.0.0:37625, s2:0.0.0.0:37369], old=null RUNNING
  s4:  RUNNING CANDIDATE s4@group-17EB70022112:t1, leader=null, voted=s4, raftlog=s4@group-17EB70022112-SegmentedRaftLog:OPENED:c-1,f-1,i0, conf=-1: [s3:0.0.0.0:42087, s4:0.0.0.0:33912, s0:0.0.0.0:40055, s1:0.0.0.0:37625, s2:0.0.0.0:37369], old=null RUNNING
  s0:  RUNNING CANDIDATE s0@group-17EB70022112:t2, leader=null, voted=s0, raftlog=s0@group-17EB70022112-SegmentedRaftLog:OPENED:c-1,f-1,i0, conf=-1: [s3:0.0.0.0:42087, s4:0.0.0.0:33912, s0:0.0.0.0:40055, s1:0.0.0.0:37625, s2:0.0.0.0:37369], old=null RUNNING
  s1:  RUNNING CANDIDATE s1@group-17EB70022112:t1, leader=null, voted=s1, raftlog=s1@group-17EB70022112-SegmentedRaftLog:OPENED:c-1,f-1,i0, conf=-1: [s3:0.0.0.0:42087, s4:0.0.0.0:33912, s0:0.0.0.0:40055, s1:0.0.0.0:37625, s2:0.0.0.0:37369], old=null RUNNING
  s2:  RUNNING CANDIDATE s2@group-17EB70022112:t1, leader=null, voted=s2, raftlog=s2@group-17EB70022112-SegmentedRaftLog:OPENED:c-1,f-1,i0, conf=-1: [s3:0.0.0.0:42087, s4:0.0.0.0:33912, s0:0.0.0.0:40055, s1:0.0.0.0:37625, s2:0.0.0.0:37369], old=null RUNNING, sleep 450ms and then retry.
java.lang.IllegalStateException: No leader yet : printing ALL groups
  s3:  RUNNING CANDIDATE s3@group-17EB70022112:t1, leader=null, voted=s3, raftlog=s3@group-17EB70022112-SegmentedRaftLog:OPENED:c-1,f-1,i0, conf=-1: [s3:0.0.0.0:42087, s4:0.0.0.0:33912, s0:0.0.0.0:40055, s1:0.0.0.0:37625, s2:0.0.0.0:37369], old=null RUNNING
  s4:  RUNNING CANDIDATE s4@group-17EB70022112:t1, leader=null, voted=s4, raftlog=s4@group-17EB70022112-SegmentedRaftLog:OPENED:c-1,f-1,i0, conf=-1: [s3:0.0.0.0:42087, s4:0.0.0.0:33912, s0:0.0.0.0:40055, s1:0.0.0.0:37625, s2:0.0.0.0:37369], old=null RUNNING
  s0:  RUNNING CANDIDATE s0@group-17EB70022112:t2, leader=null, voted=s0, raftlog=s0@group-17EB70022112-SegmentedRaftLog:OPENED:c-1,f-1,i0, conf=-1: [s3:0.0.0.0:42087, s4:0.0.0.0:33912, s0:0.0.0.0:40055, s1:0.0.0.0:37625, s2:0.0.0.0:37369], old=null RUNNING
  s1:  RUNNING CANDIDATE s1@group-17EB70022112:t1, leader=null, voted=s1, raftlog=s1@group-17EB70022112-SegmentedRaftLog:OPENED:c-1,f-1,i0, conf=-1: [s3:0.0.0.0:42087, s4:0.0.0.0:33912, s0:0.0.0.0:40055, s1:0.0.0.0:37625, s2:0.0.0.0:37369], old=null RUNNING
  s2:  RUNNING CANDIDATE s2@group-17EB70022112:t1, leader=null, voted=s2, raftlog=s2@group-17EB70022112-SegmentedRaftLog:OPENED:c-1,f-1,i0, conf=-1: [s3:0.0.0.0:42087, s4:0.0.0.0:33912, s0:0.0.0.0:40055, s1:0.0.0.0:37625, s2:0.0.0.0:37369], old=null RUNNING
	at org.apache.ratis.MiniRaftCluster.newIllegalStateExceptionForNoLeaders(MiniRaftCluster.java:506)
	at org.apache.ratis.RaftTestUtil.lambda$waitForLeader$1(RaftTestUtil.java:90)
	at org.apache.ratis.MiniRaftCluster.getLeader(MiniRaftCluster.java:539)
	at org.apache.ratis.MiniRaftCluster.getLeader(MiniRaftCluster.java:532)
	at org.apache.ratis.RaftTestUtil.lambda$waitForLeader$3(RaftTestUtil.java:98)
	at org.apache.ratis.util.JavaUtils.attempt(JavaUtils.java:152)
	at org.apache.ratis.RaftTestUtil.waitForLeader(RaftTestUtil.java:97)
	at org.apache.ratis.RaftTestUtil.waitForLeader(RaftTestUtil.java:77)
	at org.apache.ratis.RaftTestUtil.waitForLeader(RaftTestUtil.java:72)
	at org.apache.ratis.RaftTestUtil.waitAndKillLeader(RaftTestUtil.java:114)
	at org.apache.ratis.server.impl.LeaderElectionTests.testBasicLeaderElection(LeaderElectionTests.java:63)
	at sun.reflect.NativeMethodAccessorImpl.invoke0(Native Method)
	at sun.reflect.NativeMethodAccessorImpl.invoke(NativeMethodAccessorImpl.java:62)
	at sun.reflect.DelegatingMethodAccessorImpl.invoke(DelegatingMethodAccessorImpl.java:43)
	at java.lang.reflect.Method.invoke(Method.java:498)
	at org.junit.runners.model.FrameworkMethod$1.runReflectiveCall(FrameworkMethod.java:50)
	at org.junit.internal.runners.model.ReflectiveCallable.run(ReflectiveCallable.java:12)
	at org.junit.runners.model.FrameworkMethod.invokeExplosively(FrameworkMethod.java:47)
	at org.junit.internal.runners.statements.InvokeMethod.evaluate(InvokeMethod.java:17)
	at org.junit.internal.runners.statements.RunAfters.evaluate(RunAfters.java:27)
	at org.junit.internal.runners.statements.FailOnTimeout$CallableStatement.call(FailOnTimeout.java:298)
	at org.junit.internal.runners.statements.FailOnTimeout$CallableStatement.call(FailOnTimeout.java:292)
	at java.util.concurrent.FutureTask.run(FutureTask.java:266)
	at java.lang.Thread.run(Thread.java:748)
2019-09-24 17:10:34,012 WARN  ratis.RaftTestUtil (JavaUtils.java:attempt(158)) - FAILED "waitForLeader-null-(expectLeader? true)", attempt #30/100: java.lang.IllegalStateException: No leader yet : printing ALL groups
  s3:  RUNNING CANDIDATE s3@group-17EB70022112:t1, leader=null, voted=s3, raftlog=s3@group-17EB70022112-SegmentedRaftLog:OPENED:c-1,f-1,i0, conf=-1: [s3:0.0.0.0:42087, s4:0.0.0.0:33912, s0:0.0.0.0:40055, s1:0.0.0.0:37625, s2:0.0.0.0:37369], old=null RUNNING
  s4:  RUNNING CANDIDATE s4@group-17EB70022112:t1, leader=null, voted=s4, raftlog=s4@group-17EB70022112-SegmentedRaftLog:OPENED:c-1,f-1,i0, conf=-1: [s3:0.0.0.0:42087, s4:0.0.0.0:33912, s0:0.0.0.0:40055, s1:0.0.0.0:37625, s2:0.0.0.0:37369], old=null RUNNING
  s0:  RUNNING CANDIDATE s0@group-17EB70022112:t2, leader=null, voted=s0, raftlog=s0@group-17EB70022112-SegmentedRaftLog:OPENED:c-1,f-1,i0, conf=-1: [s3:0.0.0.0:42087, s4:0.0.0.0:33912, s0:0.0.0.0:40055, s1:0.0.0.0:37625, s2:0.0.0.0:37369], old=null RUNNING
  s1:  RUNNING CANDIDATE s1@group-17EB70022112:t1, leader=null, voted=s1, raftlog=s1@group-17EB70022112-SegmentedRaftLog:OPENED:c-1,f-1,i0, conf=-1: [s3:0.0.0.0:42087, s4:0.0.0.0:33912, s0:0.0.0.0:40055, s1:0.0.0.0:37625, s2:0.0.0.0:37369], old=null RUNNING
  s2:  RUNNING CANDIDATE s2@group-17EB70022112:t1, leader=null, voted=s2, raftlog=s2@group-17EB70022112-SegmentedRaftLog:OPENED:c-1,f-1,i0, conf=-1: [s3:0.0.0.0:42087, s4:0.0.0.0:33912, s0:0.0.0.0:40055, s1:0.0.0.0:37625, s2:0.0.0.0:37369], old=null RUNNING, sleep 450ms and then retry.
java.lang.IllegalStateException: No leader yet : printing ALL groups
  s3:  RUNNING CANDIDATE s3@group-17EB70022112:t1, leader=null, voted=s3, raftlog=s3@group-17EB70022112-SegmentedRaftLog:OPENED:c-1,f-1,i0, conf=-1: [s3:0.0.0.0:42087, s4:0.0.0.0:33912, s0:0.0.0.0:40055, s1:0.0.0.0:37625, s2:0.0.0.0:37369], old=null RUNNING
  s4:  RUNNING CANDIDATE s4@group-17EB70022112:t1, leader=null, voted=s4, raftlog=s4@group-17EB70022112-SegmentedRaftLog:OPENED:c-1,f-1,i0, conf=-1: [s3:0.0.0.0:42087, s4:0.0.0.0:33912, s0:0.0.0.0:40055, s1:0.0.0.0:37625, s2:0.0.0.0:37369], old=null RUNNING
  s0:  RUNNING CANDIDATE s0@group-17EB70022112:t2, leader=null, voted=s0, raftlog=s0@group-17EB70022112-SegmentedRaftLog:OPENED:c-1,f-1,i0, conf=-1: [s3:0.0.0.0:42087, s4:0.0.0.0:33912, s0:0.0.0.0:40055, s1:0.0.0.0:37625, s2:0.0.0.0:37369], old=null RUNNING
  s1:  RUNNING CANDIDATE s1@group-17EB70022112:t1, leader=null, voted=s1, raftlog=s1@group-17EB70022112-SegmentedRaftLog:OPENED:c-1,f-1,i0, conf=-1: [s3:0.0.0.0:42087, s4:0.0.0.0:33912, s0:0.0.0.0:40055, s1:0.0.0.0:37625, s2:0.0.0.0:37369], old=null RUNNING
  s2:  RUNNING CANDIDATE s2@group-17EB70022112:t1, leader=null, voted=s2, raftlog=s2@group-17EB70022112-SegmentedRaftLog:OPENED:c-1,f-1,i0, conf=-1: [s3:0.0.0.0:42087, s4:0.0.0.0:33912, s0:0.0.0.0:40055, s1:0.0.0.0:37625, s2:0.0.0.0:37369], old=null RUNNING
	at org.apache.ratis.MiniRaftCluster.newIllegalStateExceptionForNoLeaders(MiniRaftCluster.java:506)
	at org.apache.ratis.RaftTestUtil.lambda$waitForLeader$1(RaftTestUtil.java:90)
	at org.apache.ratis.MiniRaftCluster.getLeader(MiniRaftCluster.java:539)
	at org.apache.ratis.MiniRaftCluster.getLeader(MiniRaftCluster.java:532)
	at org.apache.ratis.RaftTestUtil.lambda$waitForLeader$3(RaftTestUtil.java:98)
	at org.apache.ratis.util.JavaUtils.attempt(JavaUtils.java:152)
	at org.apache.ratis.RaftTestUtil.waitForLeader(RaftTestUtil.java:97)
	at org.apache.ratis.RaftTestUtil.waitForLeader(RaftTestUtil.java:77)
	at org.apache.ratis.RaftTestUtil.waitForLeader(RaftTestUtil.java:72)
	at org.apache.ratis.RaftTestUtil.waitAndKillLeader(RaftTestUtil.java:114)
	at org.apache.ratis.server.impl.LeaderElectionTests.testBasicLeaderElection(LeaderElectionTests.java:63)
	at sun.reflect.NativeMethodAccessorImpl.invoke0(Native Method)
	at sun.reflect.NativeMethodAccessorImpl.invoke(NativeMethodAccessorImpl.java:62)
	at sun.reflect.DelegatingMethodAccessorImpl.invoke(DelegatingMethodAccessorImpl.java:43)
	at java.lang.reflect.Method.invoke(Method.java:498)
	at org.junit.runners.model.FrameworkMethod$1.runReflectiveCall(FrameworkMethod.java:50)
	at org.junit.internal.runners.model.ReflectiveCallable.run(ReflectiveCallable.java:12)
	at org.junit.runners.model.FrameworkMethod.invokeExplosively(FrameworkMethod.java:47)
	at org.junit.internal.runners.statements.InvokeMethod.evaluate(InvokeMethod.java:17)
	at org.junit.internal.runners.statements.RunAfters.evaluate(RunAfters.java:27)
	at org.junit.internal.runners.statements.FailOnTimeout$CallableStatement.call(FailOnTimeout.java:298)
	at org.junit.internal.runners.statements.FailOnTimeout$CallableStatement.call(FailOnTimeout.java:292)
	at java.util.concurrent.FutureTask.run(FutureTask.java:266)
	at java.lang.Thread.run(Thread.java:748)
2019-09-24 17:10:34,464 WARN  ratis.RaftTestUtil (JavaUtils.java:attempt(158)) - FAILED "waitForLeader-null-(expectLeader? true)", attempt #31/100: java.lang.IllegalStateException: No leader yet : printing ALL groups
  s3:  RUNNING CANDIDATE s3@group-17EB70022112:t1, leader=null, voted=s3, raftlog=s3@group-17EB70022112-SegmentedRaftLog:OPENED:c-1,f-1,i0, conf=-1: [s3:0.0.0.0:42087, s4:0.0.0.0:33912, s0:0.0.0.0:40055, s1:0.0.0.0:37625, s2:0.0.0.0:37369], old=null RUNNING
  s4:  RUNNING CANDIDATE s4@group-17EB70022112:t1, leader=null, voted=s4, raftlog=s4@group-17EB70022112-SegmentedRaftLog:OPENED:c-1,f-1,i0, conf=-1: [s3:0.0.0.0:42087, s4:0.0.0.0:33912, s0:0.0.0.0:40055, s1:0.0.0.0:37625, s2:0.0.0.0:37369], old=null RUNNING
  s0:  RUNNING CANDIDATE s0@group-17EB70022112:t2, leader=null, voted=s0, raftlog=s0@group-17EB70022112-SegmentedRaftLog:OPENED:c-1,f-1,i0, conf=-1: [s3:0.0.0.0:42087, s4:0.0.0.0:33912, s0:0.0.0.0:40055, s1:0.0.0.0:37625, s2:0.0.0.0:37369], old=null RUNNING
  s1:  RUNNING CANDIDATE s1@group-17EB70022112:t1, leader=null, voted=s1, raftlog=s1@group-17EB70022112-SegmentedRaftLog:OPENED:c-1,f-1,i0, conf=-1: [s3:0.0.0.0:42087, s4:0.0.0.0:33912, s0:0.0.0.0:40055, s1:0.0.0.0:37625, s2:0.0.0.0:37369], old=null RUNNING
  s2:  RUNNING CANDIDATE s2@group-17EB70022112:t1, leader=null, voted=s2, raftlog=s2@group-17EB70022112-SegmentedRaftLog:OPENED:c-1,f-1,i0, conf=-1: [s3:0.0.0.0:42087, s4:0.0.0.0:33912, s0:0.0.0.0:40055, s1:0.0.0.0:37625, s2:0.0.0.0:37369], old=null RUNNING, sleep 450ms and then retry.
java.lang.IllegalStateException: No leader yet : printing ALL groups
  s3:  RUNNING CANDIDATE s3@group-17EB70022112:t1, leader=null, voted=s3, raftlog=s3@group-17EB70022112-SegmentedRaftLog:OPENED:c-1,f-1,i0, conf=-1: [s3:0.0.0.0:42087, s4:0.0.0.0:33912, s0:0.0.0.0:40055, s1:0.0.0.0:37625, s2:0.0.0.0:37369], old=null RUNNING
  s4:  RUNNING CANDIDATE s4@group-17EB70022112:t1, leader=null, voted=s4, raftlog=s4@group-17EB70022112-SegmentedRaftLog:OPENED:c-1,f-1,i0, conf=-1: [s3:0.0.0.0:42087, s4:0.0.0.0:33912, s0:0.0.0.0:40055, s1:0.0.0.0:37625, s2:0.0.0.0:37369], old=null RUNNING
  s0:  RUNNING CANDIDATE s0@group-17EB70022112:t2, leader=null, voted=s0, raftlog=s0@group-17EB70022112-SegmentedRaftLog:OPENED:c-1,f-1,i0, conf=-1: [s3:0.0.0.0:42087, s4:0.0.0.0:33912, s0:0.0.0.0:40055, s1:0.0.0.0:37625, s2:0.0.0.0:37369], old=null RUNNING
  s1:  RUNNING CANDIDATE s1@group-17EB70022112:t1, leader=null, voted=s1, raftlog=s1@group-17EB70022112-SegmentedRaftLog:OPENED:c-1,f-1,i0, conf=-1: [s3:0.0.0.0:42087, s4:0.0.0.0:33912, s0:0.0.0.0:40055, s1:0.0.0.0:37625, s2:0.0.0.0:37369], old=null RUNNING
  s2:  RUNNING CANDIDATE s2@group-17EB70022112:t1, leader=null, voted=s2, raftlog=s2@group-17EB70022112-SegmentedRaftLog:OPENED:c-1,f-1,i0, conf=-1: [s3:0.0.0.0:42087, s4:0.0.0.0:33912, s0:0.0.0.0:40055, s1:0.0.0.0:37625, s2:0.0.0.0:37369], old=null RUNNING
	at org.apache.ratis.MiniRaftCluster.newIllegalStateExceptionForNoLeaders(MiniRaftCluster.java:506)
	at org.apache.ratis.RaftTestUtil.lambda$waitForLeader$1(RaftTestUtil.java:90)
	at org.apache.ratis.MiniRaftCluster.getLeader(MiniRaftCluster.java:539)
	at org.apache.ratis.MiniRaftCluster.getLeader(MiniRaftCluster.java:532)
	at org.apache.ratis.RaftTestUtil.lambda$waitForLeader$3(RaftTestUtil.java:98)
	at org.apache.ratis.util.JavaUtils.attempt(JavaUtils.java:152)
	at org.apache.ratis.RaftTestUtil.waitForLeader(RaftTestUtil.java:97)
	at org.apache.ratis.RaftTestUtil.waitForLeader(RaftTestUtil.java:77)
	at org.apache.ratis.RaftTestUtil.waitForLeader(RaftTestUtil.java:72)
	at org.apache.ratis.RaftTestUtil.waitAndKillLeader(RaftTestUtil.java:114)
	at org.apache.ratis.server.impl.LeaderElectionTests.testBasicLeaderElection(LeaderElectionTests.java:63)
	at sun.reflect.NativeMethodAccessorImpl.invoke0(Native Method)
	at sun.reflect.NativeMethodAccessorImpl.invoke(NativeMethodAccessorImpl.java:62)
	at sun.reflect.DelegatingMethodAccessorImpl.invoke(DelegatingMethodAccessorImpl.java:43)
	at java.lang.reflect.Method.invoke(Method.java:498)
	at org.junit.runners.model.FrameworkMethod$1.runReflectiveCall(FrameworkMethod.java:50)
	at org.junit.internal.runners.model.ReflectiveCallable.run(ReflectiveCallable.java:12)
	at org.junit.runners.model.FrameworkMethod.invokeExplosively(FrameworkMethod.java:47)
	at org.junit.internal.runners.statements.InvokeMethod.evaluate(InvokeMethod.java:17)
	at org.junit.internal.runners.statements.RunAfters.evaluate(RunAfters.java:27)
	at org.junit.internal.runners.statements.FailOnTimeout$CallableStatement.call(FailOnTimeout.java:298)
	at org.junit.internal.runners.statements.FailOnTimeout$CallableStatement.call(FailOnTimeout.java:292)
	at java.util.concurrent.FutureTask.run(FutureTask.java:266)
	at java.lang.Thread.run(Thread.java:748)
2019-09-24 17:10:34,915 WARN  ratis.RaftTestUtil (JavaUtils.java:attempt(158)) - FAILED "waitForLeader-null-(expectLeader? true)", attempt #32/100: java.lang.IllegalStateException: No leader yet : printing ALL groups
  s3:  RUNNING CANDIDATE s3@group-17EB70022112:t1, leader=null, voted=s3, raftlog=s3@group-17EB70022112-SegmentedRaftLog:OPENED:c-1,f-1,i0, conf=-1: [s3:0.0.0.0:42087, s4:0.0.0.0:33912, s0:0.0.0.0:40055, s1:0.0.0.0:37625, s2:0.0.0.0:37369], old=null RUNNING
  s4:  RUNNING CANDIDATE s4@group-17EB70022112:t1, leader=null, voted=s4, raftlog=s4@group-17EB70022112-SegmentedRaftLog:OPENED:c-1,f-1,i0, conf=-1: [s3:0.0.0.0:42087, s4:0.0.0.0:33912, s0:0.0.0.0:40055, s1:0.0.0.0:37625, s2:0.0.0.0:37369], old=null RUNNING
  s0:  RUNNING CANDIDATE s0@group-17EB70022112:t2, leader=null, voted=s0, raftlog=s0@group-17EB70022112-SegmentedRaftLog:OPENED:c-1,f-1,i0, conf=-1: [s3:0.0.0.0:42087, s4:0.0.0.0:33912, s0:0.0.0.0:40055, s1:0.0.0.0:37625, s2:0.0.0.0:37369], old=null RUNNING
  s1:  RUNNING CANDIDATE s1@group-17EB70022112:t1, leader=null, voted=s1, raftlog=s1@group-17EB70022112-SegmentedRaftLog:OPENED:c-1,f-1,i0, conf=-1: [s3:0.0.0.0:42087, s4:0.0.0.0:33912, s0:0.0.0.0:40055, s1:0.0.0.0:37625, s2:0.0.0.0:37369], old=null RUNNING
  s2:  RUNNING CANDIDATE s2@group-17EB70022112:t1, leader=null, voted=s2, raftlog=s2@group-17EB70022112-SegmentedRaftLog:OPENED:c-1,f-1,i0, conf=-1: [s3:0.0.0.0:42087, s4:0.0.0.0:33912, s0:0.0.0.0:40055, s1:0.0.0.0:37625, s2:0.0.0.0:37369], old=null RUNNING, sleep 450ms and then retry.
java.lang.IllegalStateException: No leader yet : printing ALL groups
  s3:  RUNNING CANDIDATE s3@group-17EB70022112:t1, leader=null, voted=s3, raftlog=s3@group-17EB70022112-SegmentedRaftLog:OPENED:c-1,f-1,i0, conf=-1: [s3:0.0.0.0:42087, s4:0.0.0.0:33912, s0:0.0.0.0:40055, s1:0.0.0.0:37625, s2:0.0.0.0:37369], old=null RUNNING
  s4:  RUNNING CANDIDATE s4@group-17EB70022112:t1, leader=null, voted=s4, raftlog=s4@group-17EB70022112-SegmentedRaftLog:OPENED:c-1,f-1,i0, conf=-1: [s3:0.0.0.0:42087, s4:0.0.0.0:33912, s0:0.0.0.0:40055, s1:0.0.0.0:37625, s2:0.0.0.0:37369], old=null RUNNING
  s0:  RUNNING CANDIDATE s0@group-17EB70022112:t2, leader=null, voted=s0, raftlog=s0@group-17EB70022112-SegmentedRaftLog:OPENED:c-1,f-1,i0, conf=-1: [s3:0.0.0.0:42087, s4:0.0.0.0:33912, s0:0.0.0.0:40055, s1:0.0.0.0:37625, s2:0.0.0.0:37369], old=null RUNNING
  s1:  RUNNING CANDIDATE s1@group-17EB70022112:t1, leader=null, voted=s1, raftlog=s1@group-17EB70022112-SegmentedRaftLog:OPENED:c-1,f-1,i0, conf=-1: [s3:0.0.0.0:42087, s4:0.0.0.0:33912, s0:0.0.0.0:40055, s1:0.0.0.0:37625, s2:0.0.0.0:37369], old=null RUNNING
  s2:  RUNNING CANDIDATE s2@group-17EB70022112:t1, leader=null, voted=s2, raftlog=s2@group-17EB70022112-SegmentedRaftLog:OPENED:c-1,f-1,i0, conf=-1: [s3:0.0.0.0:42087, s4:0.0.0.0:33912, s0:0.0.0.0:40055, s1:0.0.0.0:37625, s2:0.0.0.0:37369], old=null RUNNING
	at org.apache.ratis.MiniRaftCluster.newIllegalStateExceptionForNoLeaders(MiniRaftCluster.java:506)
	at org.apache.ratis.RaftTestUtil.lambda$waitForLeader$1(RaftTestUtil.java:90)
	at org.apache.ratis.MiniRaftCluster.getLeader(MiniRaftCluster.java:539)
	at org.apache.ratis.MiniRaftCluster.getLeader(MiniRaftCluster.java:532)
	at org.apache.ratis.RaftTestUtil.lambda$waitForLeader$3(RaftTestUtil.java:98)
	at org.apache.ratis.util.JavaUtils.attempt(JavaUtils.java:152)
	at org.apache.ratis.RaftTestUtil.waitForLeader(RaftTestUtil.java:97)
	at org.apache.ratis.RaftTestUtil.waitForLeader(RaftTestUtil.java:77)
	at org.apache.ratis.RaftTestUtil.waitForLeader(RaftTestUtil.java:72)
	at org.apache.ratis.RaftTestUtil.waitAndKillLeader(RaftTestUtil.java:114)
	at org.apache.ratis.server.impl.LeaderElectionTests.testBasicLeaderElection(LeaderElectionTests.java:63)
	at sun.reflect.NativeMethodAccessorImpl.invoke0(Native Method)
	at sun.reflect.NativeMethodAccessorImpl.invoke(NativeMethodAccessorImpl.java:62)
	at sun.reflect.DelegatingMethodAccessorImpl.invoke(DelegatingMethodAccessorImpl.java:43)
	at java.lang.reflect.Method.invoke(Method.java:498)
	at org.junit.runners.model.FrameworkMethod$1.runReflectiveCall(FrameworkMethod.java:50)
	at org.junit.internal.runners.model.ReflectiveCallable.run(ReflectiveCallable.java:12)
	at org.junit.runners.model.FrameworkMethod.invokeExplosively(FrameworkMethod.java:47)
	at org.junit.internal.runners.statements.InvokeMethod.evaluate(InvokeMethod.java:17)
	at org.junit.internal.runners.statements.RunAfters.evaluate(RunAfters.java:27)
	at org.junit.internal.runners.statements.FailOnTimeout$CallableStatement.call(FailOnTimeout.java:298)
	at org.junit.internal.runners.statements.FailOnTimeout$CallableStatement.call(FailOnTimeout.java:292)
	at java.util.concurrent.FutureTask.run(FutureTask.java:266)
	at java.lang.Thread.run(Thread.java:748)
2019-09-24 17:10:35,367 WARN  ratis.RaftTestUtil (JavaUtils.java:attempt(158)) - FAILED "waitForLeader-null-(expectLeader? true)", attempt #33/100: java.lang.IllegalStateException: No leader yet : printing ALL groups
  s3:  RUNNING CANDIDATE s3@group-17EB70022112:t1, leader=null, voted=s3, raftlog=s3@group-17EB70022112-SegmentedRaftLog:OPENED:c-1,f-1,i0, conf=-1: [s3:0.0.0.0:42087, s4:0.0.0.0:33912, s0:0.0.0.0:40055, s1:0.0.0.0:37625, s2:0.0.0.0:37369], old=null RUNNING
  s4:  RUNNING CANDIDATE s4@group-17EB70022112:t1, leader=null, voted=s4, raftlog=s4@group-17EB70022112-SegmentedRaftLog:OPENED:c-1,f-1,i0, conf=-1: [s3:0.0.0.0:42087, s4:0.0.0.0:33912, s0:0.0.0.0:40055, s1:0.0.0.0:37625, s2:0.0.0.0:37369], old=null RUNNING
  s0:  RUNNING CANDIDATE s0@group-17EB70022112:t2, leader=null, voted=s0, raftlog=s0@group-17EB70022112-SegmentedRaftLog:OPENED:c-1,f-1,i0, conf=-1: [s3:0.0.0.0:42087, s4:0.0.0.0:33912, s0:0.0.0.0:40055, s1:0.0.0.0:37625, s2:0.0.0.0:37369], old=null RUNNING
  s1:  RUNNING CANDIDATE s1@group-17EB70022112:t1, leader=null, voted=s1, raftlog=s1@group-17EB70022112-SegmentedRaftLog:OPENED:c-1,f-1,i0, conf=-1: [s3:0.0.0.0:42087, s4:0.0.0.0:33912, s0:0.0.0.0:40055, s1:0.0.0.0:37625, s2:0.0.0.0:37369], old=null RUNNING
  s2:  RUNNING CANDIDATE s2@group-17EB70022112:t1, leader=null, voted=s2, raftlog=s2@group-17EB70022112-SegmentedRaftLog:OPENED:c-1,f-1,i0, conf=-1: [s3:0.0.0.0:42087, s4:0.0.0.0:33912, s0:0.0.0.0:40055, s1:0.0.0.0:37625, s2:0.0.0.0:37369], old=null RUNNING, sleep 450ms and then retry.
java.lang.IllegalStateException: No leader yet : printing ALL groups
  s3:  RUNNING CANDIDATE s3@group-17EB70022112:t1, leader=null, voted=s3, raftlog=s3@group-17EB70022112-SegmentedRaftLog:OPENED:c-1,f-1,i0, conf=-1: [s3:0.0.0.0:42087, s4:0.0.0.0:33912, s0:0.0.0.0:40055, s1:0.0.0.0:37625, s2:0.0.0.0:37369], old=null RUNNING
  s4:  RUNNING CANDIDATE s4@group-17EB70022112:t1, leader=null, voted=s4, raftlog=s4@group-17EB70022112-SegmentedRaftLog:OPENED:c-1,f-1,i0, conf=-1: [s3:0.0.0.0:42087, s4:0.0.0.0:33912, s0:0.0.0.0:40055, s1:0.0.0.0:37625, s2:0.0.0.0:37369], old=null RUNNING
  s0:  RUNNING CANDIDATE s0@group-17EB70022112:t2, leader=null, voted=s0, raftlog=s0@group-17EB70022112-SegmentedRaftLog:OPENED:c-1,f-1,i0, conf=-1: [s3:0.0.0.0:42087, s4:0.0.0.0:33912, s0:0.0.0.0:40055, s1:0.0.0.0:37625, s2:0.0.0.0:37369], old=null RUNNING
  s1:  RUNNING CANDIDATE s1@group-17EB70022112:t1, leader=null, voted=s1, raftlog=s1@group-17EB70022112-SegmentedRaftLog:OPENED:c-1,f-1,i0, conf=-1: [s3:0.0.0.0:42087, s4:0.0.0.0:33912, s0:0.0.0.0:40055, s1:0.0.0.0:37625, s2:0.0.0.0:37369], old=null RUNNING
  s2:  RUNNING CANDIDATE s2@group-17EB70022112:t1, leader=null, voted=s2, raftlog=s2@group-17EB70022112-SegmentedRaftLog:OPENED:c-1,f-1,i0, conf=-1: [s3:0.0.0.0:42087, s4:0.0.0.0:33912, s0:0.0.0.0:40055, s1:0.0.0.0:37625, s2:0.0.0.0:37369], old=null RUNNING
	at org.apache.ratis.MiniRaftCluster.newIllegalStateExceptionForNoLeaders(MiniRaftCluster.java:506)
	at org.apache.ratis.RaftTestUtil.lambda$waitForLeader$1(RaftTestUtil.java:90)
	at org.apache.ratis.MiniRaftCluster.getLeader(MiniRaftCluster.java:539)
	at org.apache.ratis.MiniRaftCluster.getLeader(MiniRaftCluster.java:532)
	at org.apache.ratis.RaftTestUtil.lambda$waitForLeader$3(RaftTestUtil.java:98)
	at org.apache.ratis.util.JavaUtils.attempt(JavaUtils.java:152)
	at org.apache.ratis.RaftTestUtil.waitForLeader(RaftTestUtil.java:97)
	at org.apache.ratis.RaftTestUtil.waitForLeader(RaftTestUtil.java:77)
	at org.apache.ratis.RaftTestUtil.waitForLeader(RaftTestUtil.java:72)
	at org.apache.ratis.RaftTestUtil.waitAndKillLeader(RaftTestUtil.java:114)
	at org.apache.ratis.server.impl.LeaderElectionTests.testBasicLeaderElection(LeaderElectionTests.java:63)
	at sun.reflect.NativeMethodAccessorImpl.invoke0(Native Method)
	at sun.reflect.NativeMethodAccessorImpl.invoke(NativeMethodAccessorImpl.java:62)
	at sun.reflect.DelegatingMethodAccessorImpl.invoke(DelegatingMethodAccessorImpl.java:43)
	at java.lang.reflect.Method.invoke(Method.java:498)
	at org.junit.runners.model.FrameworkMethod$1.runReflectiveCall(FrameworkMethod.java:50)
	at org.junit.internal.runners.model.ReflectiveCallable.run(ReflectiveCallable.java:12)
	at org.junit.runners.model.FrameworkMethod.invokeExplosively(FrameworkMethod.java:47)
	at org.junit.internal.runners.statements.InvokeMethod.evaluate(InvokeMethod.java:17)
	at org.junit.internal.runners.statements.RunAfters.evaluate(RunAfters.java:27)
	at org.junit.internal.runners.statements.FailOnTimeout$CallableStatement.call(FailOnTimeout.java:298)
	at org.junit.internal.runners.statements.FailOnTimeout$CallableStatement.call(FailOnTimeout.java:292)
	at java.util.concurrent.FutureTask.run(FutureTask.java:266)
	at java.lang.Thread.run(Thread.java:748)
2019-09-24 17:10:35,818 WARN  ratis.RaftTestUtil (JavaUtils.java:attempt(158)) - FAILED "waitForLeader-null-(expectLeader? true)", attempt #34/100: java.lang.IllegalStateException: No leader yet : printing ALL groups
  s3:  RUNNING CANDIDATE s3@group-17EB70022112:t1, leader=null, voted=s3, raftlog=s3@group-17EB70022112-SegmentedRaftLog:OPENED:c-1,f-1,i0, conf=-1: [s3:0.0.0.0:42087, s4:0.0.0.0:33912, s0:0.0.0.0:40055, s1:0.0.0.0:37625, s2:0.0.0.0:37369], old=null RUNNING
  s4:  RUNNING CANDIDATE s4@group-17EB70022112:t1, leader=null, voted=s4, raftlog=s4@group-17EB70022112-SegmentedRaftLog:OPENED:c-1,f-1,i0, conf=-1: [s3:0.0.0.0:42087, s4:0.0.0.0:33912, s0:0.0.0.0:40055, s1:0.0.0.0:37625, s2:0.0.0.0:37369], old=null RUNNING
  s0:  RUNNING CANDIDATE s0@group-17EB70022112:t2, leader=null, voted=s0, raftlog=s0@group-17EB70022112-SegmentedRaftLog:OPENED:c-1,f-1,i0, conf=-1: [s3:0.0.0.0:42087, s4:0.0.0.0:33912, s0:0.0.0.0:40055, s1:0.0.0.0:37625, s2:0.0.0.0:37369], old=null RUNNING
  s1:  RUNNING CANDIDATE s1@group-17EB70022112:t1, leader=null, voted=s1, raftlog=s1@group-17EB70022112-SegmentedRaftLog:OPENED:c-1,f-1,i0, conf=-1: [s3:0.0.0.0:42087, s4:0.0.0.0:33912, s0:0.0.0.0:40055, s1:0.0.0.0:37625, s2:0.0.0.0:37369], old=null RUNNING
  s2:  RUNNING CANDIDATE s2@group-17EB70022112:t1, leader=null, voted=s2, raftlog=s2@group-17EB70022112-SegmentedRaftLog:OPENED:c-1,f-1,i0, conf=-1: [s3:0.0.0.0:42087, s4:0.0.0.0:33912, s0:0.0.0.0:40055, s1:0.0.0.0:37625, s2:0.0.0.0:37369], old=null RUNNING, sleep 450ms and then retry.
java.lang.IllegalStateException: No leader yet : printing ALL groups
  s3:  RUNNING CANDIDATE s3@group-17EB70022112:t1, leader=null, voted=s3, raftlog=s3@group-17EB70022112-SegmentedRaftLog:OPENED:c-1,f-1,i0, conf=-1: [s3:0.0.0.0:42087, s4:0.0.0.0:33912, s0:0.0.0.0:40055, s1:0.0.0.0:37625, s2:0.0.0.0:37369], old=null RUNNING
  s4:  RUNNING CANDIDATE s4@group-17EB70022112:t1, leader=null, voted=s4, raftlog=s4@group-17EB70022112-SegmentedRaftLog:OPENED:c-1,f-1,i0, conf=-1: [s3:0.0.0.0:42087, s4:0.0.0.0:33912, s0:0.0.0.0:40055, s1:0.0.0.0:37625, s2:0.0.0.0:37369], old=null RUNNING
  s0:  RUNNING CANDIDATE s0@group-17EB70022112:t2, leader=null, voted=s0, raftlog=s0@group-17EB70022112-SegmentedRaftLog:OPENED:c-1,f-1,i0, conf=-1: [s3:0.0.0.0:42087, s4:0.0.0.0:33912, s0:0.0.0.0:40055, s1:0.0.0.0:37625, s2:0.0.0.0:37369], old=null RUNNING
  s1:  RUNNING CANDIDATE s1@group-17EB70022112:t1, leader=null, voted=s1, raftlog=s1@group-17EB70022112-SegmentedRaftLog:OPENED:c-1,f-1,i0, conf=-1: [s3:0.0.0.0:42087, s4:0.0.0.0:33912, s0:0.0.0.0:40055, s1:0.0.0.0:37625, s2:0.0.0.0:37369], old=null RUNNING
  s2:  RUNNING CANDIDATE s2@group-17EB70022112:t1, leader=null, voted=s2, raftlog=s2@group-17EB70022112-SegmentedRaftLog:OPENED:c-1,f-1,i0, conf=-1: [s3:0.0.0.0:42087, s4:0.0.0.0:33912, s0:0.0.0.0:40055, s1:0.0.0.0:37625, s2:0.0.0.0:37369], old=null RUNNING
	at org.apache.ratis.MiniRaftCluster.newIllegalStateExceptionForNoLeaders(MiniRaftCluster.java:506)
	at org.apache.ratis.RaftTestUtil.lambda$waitForLeader$1(RaftTestUtil.java:90)
	at org.apache.ratis.MiniRaftCluster.getLeader(MiniRaftCluster.java:539)
	at org.apache.ratis.MiniRaftCluster.getLeader(MiniRaftCluster.java:532)
	at org.apache.ratis.RaftTestUtil.lambda$waitForLeader$3(RaftTestUtil.java:98)
	at org.apache.ratis.util.JavaUtils.attempt(JavaUtils.java:152)
	at org.apache.ratis.RaftTestUtil.waitForLeader(RaftTestUtil.java:97)
	at org.apache.ratis.RaftTestUtil.waitForLeader(RaftTestUtil.java:77)
	at org.apache.ratis.RaftTestUtil.waitForLeader(RaftTestUtil.java:72)
	at org.apache.ratis.RaftTestUtil.waitAndKillLeader(RaftTestUtil.java:114)
	at org.apache.ratis.server.impl.LeaderElectionTests.testBasicLeaderElection(LeaderElectionTests.java:63)
	at sun.reflect.NativeMethodAccessorImpl.invoke0(Native Method)
	at sun.reflect.NativeMethodAccessorImpl.invoke(NativeMethodAccessorImpl.java:62)
	at sun.reflect.DelegatingMethodAccessorImpl.invoke(DelegatingMethodAccessorImpl.java:43)
	at java.lang.reflect.Method.invoke(Method.java:498)
	at org.junit.runners.model.FrameworkMethod$1.runReflectiveCall(FrameworkMethod.java:50)
	at org.junit.internal.runners.model.ReflectiveCallable.run(ReflectiveCallable.java:12)
	at org.junit.runners.model.FrameworkMethod.invokeExplosively(FrameworkMethod.java:47)
	at org.junit.internal.runners.statements.InvokeMethod.evaluate(InvokeMethod.java:17)
	at org.junit.internal.runners.statements.RunAfters.evaluate(RunAfters.java:27)
	at org.junit.internal.runners.statements.FailOnTimeout$CallableStatement.call(FailOnTimeout.java:298)
	at org.junit.internal.runners.statements.FailOnTimeout$CallableStatement.call(FailOnTimeout.java:292)
	at java.util.concurrent.FutureTask.run(FutureTask.java:266)
	at java.lang.Thread.run(Thread.java:748)
2019-09-24 17:10:36,270 WARN  ratis.RaftTestUtil (JavaUtils.java:attempt(158)) - FAILED "waitForLeader-null-(expectLeader? true)", attempt #35/100: java.lang.IllegalStateException: No leader yet : printing ALL groups
  s3:  RUNNING CANDIDATE s3@group-17EB70022112:t1, leader=null, voted=s3, raftlog=s3@group-17EB70022112-SegmentedRaftLog:OPENED:c-1,f-1,i0, conf=-1: [s3:0.0.0.0:42087, s4:0.0.0.0:33912, s0:0.0.0.0:40055, s1:0.0.0.0:37625, s2:0.0.0.0:37369], old=null RUNNING
  s4:  RUNNING CANDIDATE s4@group-17EB70022112:t1, leader=null, voted=s4, raftlog=s4@group-17EB70022112-SegmentedRaftLog:OPENED:c-1,f-1,i0, conf=-1: [s3:0.0.0.0:42087, s4:0.0.0.0:33912, s0:0.0.0.0:40055, s1:0.0.0.0:37625, s2:0.0.0.0:37369], old=null RUNNING
  s0:  RUNNING CANDIDATE s0@group-17EB70022112:t2, leader=null, voted=s0, raftlog=s0@group-17EB70022112-SegmentedRaftLog:OPENED:c-1,f-1,i0, conf=-1: [s3:0.0.0.0:42087, s4:0.0.0.0:33912, s0:0.0.0.0:40055, s1:0.0.0.0:37625, s2:0.0.0.0:37369], old=null RUNNING
  s1:  RUNNING CANDIDATE s1@group-17EB70022112:t1, leader=null, voted=s1, raftlog=s1@group-17EB70022112-SegmentedRaftLog:OPENED:c-1,f-1,i0, conf=-1: [s3:0.0.0.0:42087, s4:0.0.0.0:33912, s0:0.0.0.0:40055, s1:0.0.0.0:37625, s2:0.0.0.0:37369], old=null RUNNING
  s2:  RUNNING CANDIDATE s2@group-17EB70022112:t1, leader=null, voted=s2, raftlog=s2@group-17EB70022112-SegmentedRaftLog:OPENED:c-1,f-1,i0, conf=-1: [s3:0.0.0.0:42087, s4:0.0.0.0:33912, s0:0.0.0.0:40055, s1:0.0.0.0:37625, s2:0.0.0.0:37369], old=null RUNNING, sleep 450ms and then retry.
java.lang.IllegalStateException: No leader yet : printing ALL groups
  s3:  RUNNING CANDIDATE s3@group-17EB70022112:t1, leader=null, voted=s3, raftlog=s3@group-17EB70022112-SegmentedRaftLog:OPENED:c-1,f-1,i0, conf=-1: [s3:0.0.0.0:42087, s4:0.0.0.0:33912, s0:0.0.0.0:40055, s1:0.0.0.0:37625, s2:0.0.0.0:37369], old=null RUNNING
  s4:  RUNNING CANDIDATE s4@group-17EB70022112:t1, leader=null, voted=s4, raftlog=s4@group-17EB70022112-SegmentedRaftLog:OPENED:c-1,f-1,i0, conf=-1: [s3:0.0.0.0:42087, s4:0.0.0.0:33912, s0:0.0.0.0:40055, s1:0.0.0.0:37625, s2:0.0.0.0:37369], old=null RUNNING
  s0:  RUNNING CANDIDATE s0@group-17EB70022112:t2, leader=null, voted=s0, raftlog=s0@group-17EB70022112-SegmentedRaftLog:OPENED:c-1,f-1,i0, conf=-1: [s3:0.0.0.0:42087, s4:0.0.0.0:33912, s0:0.0.0.0:40055, s1:0.0.0.0:37625, s2:0.0.0.0:37369], old=null RUNNING
  s1:  RUNNING CANDIDATE s1@group-17EB70022112:t1, leader=null, voted=s1, raftlog=s1@group-17EB70022112-SegmentedRaftLog:OPENED:c-1,f-1,i0, conf=-1: [s3:0.0.0.0:42087, s4:0.0.0.0:33912, s0:0.0.0.0:40055, s1:0.0.0.0:37625, s2:0.0.0.0:37369], old=null RUNNING
  s2:  RUNNING CANDIDATE s2@group-17EB70022112:t1, leader=null, voted=s2, raftlog=s2@group-17EB70022112-SegmentedRaftLog:OPENED:c-1,f-1,i0, conf=-1: [s3:0.0.0.0:42087, s4:0.0.0.0:33912, s0:0.0.0.0:40055, s1:0.0.0.0:37625, s2:0.0.0.0:37369], old=null RUNNING
	at org.apache.ratis.MiniRaftCluster.newIllegalStateExceptionForNoLeaders(MiniRaftCluster.java:506)
	at org.apache.ratis.RaftTestUtil.lambda$waitForLeader$1(RaftTestUtil.java:90)
	at org.apache.ratis.MiniRaftCluster.getLeader(MiniRaftCluster.java:539)
	at org.apache.ratis.MiniRaftCluster.getLeader(MiniRaftCluster.java:532)
	at org.apache.ratis.RaftTestUtil.lambda$waitForLeader$3(RaftTestUtil.java:98)
	at org.apache.ratis.util.JavaUtils.attempt(JavaUtils.java:152)
	at org.apache.ratis.RaftTestUtil.waitForLeader(RaftTestUtil.java:97)
	at org.apache.ratis.RaftTestUtil.waitForLeader(RaftTestUtil.java:77)
	at org.apache.ratis.RaftTestUtil.waitForLeader(RaftTestUtil.java:72)
	at org.apache.ratis.RaftTestUtil.waitAndKillLeader(RaftTestUtil.java:114)
	at org.apache.ratis.server.impl.LeaderElectionTests.testBasicLeaderElection(LeaderElectionTests.java:63)
	at sun.reflect.NativeMethodAccessorImpl.invoke0(Native Method)
	at sun.reflect.NativeMethodAccessorImpl.invoke(NativeMethodAccessorImpl.java:62)
	at sun.reflect.DelegatingMethodAccessorImpl.invoke(DelegatingMethodAccessorImpl.java:43)
	at java.lang.reflect.Method.invoke(Method.java:498)
	at org.junit.runners.model.FrameworkMethod$1.runReflectiveCall(FrameworkMethod.java:50)
	at org.junit.internal.runners.model.ReflectiveCallable.run(ReflectiveCallable.java:12)
	at org.junit.runners.model.FrameworkMethod.invokeExplosively(FrameworkMethod.java:47)
	at org.junit.internal.runners.statements.InvokeMethod.evaluate(InvokeMethod.java:17)
	at org.junit.internal.runners.statements.RunAfters.evaluate(RunAfters.java:27)
	at org.junit.internal.runners.statements.FailOnTimeout$CallableStatement.call(FailOnTimeout.java:298)
	at org.junit.internal.runners.statements.FailOnTimeout$CallableStatement.call(FailOnTimeout.java:292)
	at java.util.concurrent.FutureTask.run(FutureTask.java:266)
	at java.lang.Thread.run(Thread.java:748)
2019-09-24 17:10:36,721 WARN  ratis.RaftTestUtil (JavaUtils.java:attempt(158)) - FAILED "waitForLeader-null-(expectLeader? true)", attempt #36/100: java.lang.IllegalStateException: No leader yet : printing ALL groups
  s3:  RUNNING CANDIDATE s3@group-17EB70022112:t1, leader=null, voted=s3, raftlog=s3@group-17EB70022112-SegmentedRaftLog:OPENED:c-1,f-1,i0, conf=-1: [s3:0.0.0.0:42087, s4:0.0.0.0:33912, s0:0.0.0.0:40055, s1:0.0.0.0:37625, s2:0.0.0.0:37369], old=null RUNNING
  s4:  RUNNING CANDIDATE s4@group-17EB70022112:t1, leader=null, voted=s4, raftlog=s4@group-17EB70022112-SegmentedRaftLog:OPENED:c-1,f-1,i0, conf=-1: [s3:0.0.0.0:42087, s4:0.0.0.0:33912, s0:0.0.0.0:40055, s1:0.0.0.0:37625, s2:0.0.0.0:37369], old=null RUNNING
  s0:  RUNNING CANDIDATE s0@group-17EB70022112:t2, leader=null, voted=s0, raftlog=s0@group-17EB70022112-SegmentedRaftLog:OPENED:c-1,f-1,i0, conf=-1: [s3:0.0.0.0:42087, s4:0.0.0.0:33912, s0:0.0.0.0:40055, s1:0.0.0.0:37625, s2:0.0.0.0:37369], old=null RUNNING
  s1:  RUNNING CANDIDATE s1@group-17EB70022112:t1, leader=null, voted=s1, raftlog=s1@group-17EB70022112-SegmentedRaftLog:OPENED:c-1,f-1,i0, conf=-1: [s3:0.0.0.0:42087, s4:0.0.0.0:33912, s0:0.0.0.0:40055, s1:0.0.0.0:37625, s2:0.0.0.0:37369], old=null RUNNING
  s2:  RUNNING CANDIDATE s2@group-17EB70022112:t1, leader=null, voted=s2, raftlog=s2@group-17EB70022112-SegmentedRaftLog:OPENED:c-1,f-1,i0, conf=-1: [s3:0.0.0.0:42087, s4:0.0.0.0:33912, s0:0.0.0.0:40055, s1:0.0.0.0:37625, s2:0.0.0.0:37369], old=null RUNNING, sleep 450ms and then retry.
java.lang.IllegalStateException: No leader yet : printing ALL groups
  s3:  RUNNING CANDIDATE s3@group-17EB70022112:t1, leader=null, voted=s3, raftlog=s3@group-17EB70022112-SegmentedRaftLog:OPENED:c-1,f-1,i0, conf=-1: [s3:0.0.0.0:42087, s4:0.0.0.0:33912, s0:0.0.0.0:40055, s1:0.0.0.0:37625, s2:0.0.0.0:37369], old=null RUNNING
  s4:  RUNNING CANDIDATE s4@group-17EB70022112:t1, leader=null, voted=s4, raftlog=s4@group-17EB70022112-SegmentedRaftLog:OPENED:c-1,f-1,i0, conf=-1: [s3:0.0.0.0:42087, s4:0.0.0.0:33912, s0:0.0.0.0:40055, s1:0.0.0.0:37625, s2:0.0.0.0:37369], old=null RUNNING
  s0:  RUNNING CANDIDATE s0@group-17EB70022112:t2, leader=null, voted=s0, raftlog=s0@group-17EB70022112-SegmentedRaftLog:OPENED:c-1,f-1,i0, conf=-1: [s3:0.0.0.0:42087, s4:0.0.0.0:33912, s0:0.0.0.0:40055, s1:0.0.0.0:37625, s2:0.0.0.0:37369], old=null RUNNING
  s1:  RUNNING CANDIDATE s1@group-17EB70022112:t1, leader=null, voted=s1, raftlog=s1@group-17EB70022112-SegmentedRaftLog:OPENED:c-1,f-1,i0, conf=-1: [s3:0.0.0.0:42087, s4:0.0.0.0:33912, s0:0.0.0.0:40055, s1:0.0.0.0:37625, s2:0.0.0.0:37369], old=null RUNNING
  s2:  RUNNING CANDIDATE s2@group-17EB70022112:t1, leader=null, voted=s2, raftlog=s2@group-17EB70022112-SegmentedRaftLog:OPENED:c-1,f-1,i0, conf=-1: [s3:0.0.0.0:42087, s4:0.0.0.0:33912, s0:0.0.0.0:40055, s1:0.0.0.0:37625, s2:0.0.0.0:37369], old=null RUNNING
	at org.apache.ratis.MiniRaftCluster.newIllegalStateExceptionForNoLeaders(MiniRaftCluster.java:506)
	at org.apache.ratis.RaftTestUtil.lambda$waitForLeader$1(RaftTestUtil.java:90)
	at org.apache.ratis.MiniRaftCluster.getLeader(MiniRaftCluster.java:539)
	at org.apache.ratis.MiniRaftCluster.getLeader(MiniRaftCluster.java:532)
	at org.apache.ratis.RaftTestUtil.lambda$waitForLeader$3(RaftTestUtil.java:98)
	at org.apache.ratis.util.JavaUtils.attempt(JavaUtils.java:152)
	at org.apache.ratis.RaftTestUtil.waitForLeader(RaftTestUtil.java:97)
	at org.apache.ratis.RaftTestUtil.waitForLeader(RaftTestUtil.java:77)
	at org.apache.ratis.RaftTestUtil.waitForLeader(RaftTestUtil.java:72)
	at org.apache.ratis.RaftTestUtil.waitAndKillLeader(RaftTestUtil.java:114)
	at org.apache.ratis.server.impl.LeaderElectionTests.testBasicLeaderElection(LeaderElectionTests.java:63)
	at sun.reflect.NativeMethodAccessorImpl.invoke0(Native Method)
	at sun.reflect.NativeMethodAccessorImpl.invoke(NativeMethodAccessorImpl.java:62)
	at sun.reflect.DelegatingMethodAccessorImpl.invoke(DelegatingMethodAccessorImpl.java:43)
	at java.lang.reflect.Method.invoke(Method.java:498)
	at org.junit.runners.model.FrameworkMethod$1.runReflectiveCall(FrameworkMethod.java:50)
	at org.junit.internal.runners.model.ReflectiveCallable.run(ReflectiveCallable.java:12)
	at org.junit.runners.model.FrameworkMethod.invokeExplosively(FrameworkMethod.java:47)
	at org.junit.internal.runners.statements.InvokeMethod.evaluate(InvokeMethod.java:17)
	at org.junit.internal.runners.statements.RunAfters.evaluate(RunAfters.java:27)
	at org.junit.internal.runners.statements.FailOnTimeout$CallableStatement.call(FailOnTimeout.java:298)
	at org.junit.internal.runners.statements.FailOnTimeout$CallableStatement.call(FailOnTimeout.java:292)
	at java.util.concurrent.FutureTask.run(FutureTask.java:266)
	at java.lang.Thread.run(Thread.java:748)
2019-09-24 17:10:36,838 INFO  impl.LeaderElection (LeaderElection.java:askForVotes(178)) - s1@group-17EB70022112-LeaderElection55: begin an election at term 1 for -1: [s3:0.0.0.0:42087, s4:0.0.0.0:33912, s0:0.0.0.0:40055, s1:0.0.0.0:37625, s2:0.0.0.0:37369], old=null
2019-09-24 17:10:36,839 DEBUG impl.RaftServerImpl (RaftServerImpl.java:requestVote(775)) - s3@group-17EB70022112 replies to vote request: s0<-s3#0:FAIL-t1. Peer's state: s3@group-17EB70022112:t1, leader=null, voted=s3, raftlog=s3@group-17EB70022112-SegmentedRaftLog:OPENED:c-1,f-1,i0, conf=-1: [s3:0.0.0.0:42087, s4:0.0.0.0:33912, s0:0.0.0.0:40055, s1:0.0.0.0:37625, s2:0.0.0.0:37369], old=null
2019-09-24 17:10:36,840 DEBUG impl.RaftServerImpl (RaftServerImpl.java:requestVote(775)) - s4@group-17EB70022112 replies to vote request: s0<-s4#0:FAIL-t1. Peer's state: s4@group-17EB70022112:t1, leader=null, voted=s4, raftlog=s4@group-17EB70022112-SegmentedRaftLog:OPENED:c-1,f-1,i0, conf=-1: [s3:0.0.0.0:42087, s4:0.0.0.0:33912, s0:0.0.0.0:40055, s1:0.0.0.0:37625, s2:0.0.0.0:37369], old=null
2019-09-24 17:10:36,840 DEBUG impl.RaftServerImpl (RaftServerImpl.java:requestVote(775)) - s2@group-17EB70022112 replies to vote request: s0<-s2#0:FAIL-t1. Peer's state: s2@group-17EB70022112:t1, leader=null, voted=s2, raftlog=s2@group-17EB70022112-SegmentedRaftLog:OPENED:c-1,f-1,i0, conf=-1: [s3:0.0.0.0:42087, s4:0.0.0.0:33912, s0:0.0.0.0:40055, s1:0.0.0.0:37625, s2:0.0.0.0:37369], old=null
2019-09-24 17:10:36,839 DEBUG impl.RaftServerImpl (RaftServerImpl.java:requestVote(775)) - s1@group-17EB70022112 replies to vote request: s0<-s1#0:FAIL-t1. Peer's state: s1@group-17EB70022112:t1, leader=null, voted=s1, raftlog=s1@group-17EB70022112-SegmentedRaftLog:OPENED:c-1,f-1,i0, conf=-1: [s3:0.0.0.0:42087, s4:0.0.0.0:33912, s0:0.0.0.0:40055, s1:0.0.0.0:37625, s2:0.0.0.0:37369], old=null
2019-09-24 17:10:36,838 INFO  impl.LeaderElection (LeaderElection.java:askForVotes(178)) - s4@group-17EB70022112-LeaderElection52: begin an election at term 1 for -1: [s3:0.0.0.0:42087, s4:0.0.0.0:33912, s0:0.0.0.0:40055, s1:0.0.0.0:37625, s2:0.0.0.0:37369], old=null
2019-09-24 17:10:36,838 INFO  impl.LeaderElection (LeaderElection.java:askForVotes(178)) - s2@group-17EB70022112-LeaderElection53: begin an election at term 1 for -1: [s3:0.0.0.0:42087, s4:0.0.0.0:33912, s0:0.0.0.0:40055, s1:0.0.0.0:37625, s2:0.0.0.0:37369], old=null
2019-09-24 17:10:36,838 INFO  impl.LeaderElection (LeaderElection.java:askForVotes(178)) - s3@group-17EB70022112-LeaderElection54: begin an election at term 1 for -1: [s3:0.0.0.0:42087, s4:0.0.0.0:33912, s0:0.0.0.0:40055, s1:0.0.0.0:37625, s2:0.0.0.0:37369], old=null
2019-09-24 17:10:36,841 DEBUG impl.RaftServerImpl (RaftServerImpl.java:requestVote(743)) - s3@group-17EB70022112: receive requestVote(s1, group-17EB70022112, 1, (t:0, i:0))
2019-09-24 17:10:36,841 DEBUG impl.RaftServerImpl (RaftServerImpl.java:requestVote(775)) - s3@group-17EB70022112 replies to vote request: s1<-s3#0:FAIL-t1. Peer's state: s3@group-17EB70022112:t1, leader=null, voted=s3, raftlog=s3@group-17EB70022112-SegmentedRaftLog:OPENED:c-1,f-1,i0, conf=-1: [s3:0.0.0.0:42087, s4:0.0.0.0:33912, s0:0.0.0.0:40055, s1:0.0.0.0:37625, s2:0.0.0.0:37369], old=null
2019-09-24 17:10:36,842 DEBUG impl.RaftServerImpl (RaftServerImpl.java:requestVote(743)) - s4@group-17EB70022112: receive requestVote(s1, group-17EB70022112, 1, (t:0, i:0))
2019-09-24 17:10:36,842 DEBUG impl.RaftServerImpl (RaftServerImpl.java:requestVote(743)) - s3@group-17EB70022112: receive requestVote(s4, group-17EB70022112, 1, (t:0, i:0))
2019-09-24 17:10:36,842 DEBUG impl.RaftServerImpl (RaftServerImpl.java:requestVote(775)) - s4@group-17EB70022112 replies to vote request: s1<-s4#0:FAIL-t1. Peer's state: s4@group-17EB70022112:t1, leader=null, voted=s4, raftlog=s4@group-17EB70022112-SegmentedRaftLog:OPENED:c-1,f-1,i0, conf=-1: [s3:0.0.0.0:42087, s4:0.0.0.0:33912, s0:0.0.0.0:40055, s1:0.0.0.0:37625, s2:0.0.0.0:37369], old=null
2019-09-24 17:10:36,842 DEBUG impl.RaftServerImpl (RaftServerImpl.java:requestVote(775)) - s3@group-17EB70022112 replies to vote request: s4<-s3#0:FAIL-t1. Peer's state: s3@group-17EB70022112:t1, leader=null, voted=s3, raftlog=s3@group-17EB70022112-SegmentedRaftLog:OPENED:c-1,f-1,i0, conf=-1: [s3:0.0.0.0:42087, s4:0.0.0.0:33912, s0:0.0.0.0:40055, s1:0.0.0.0:37625, s2:0.0.0.0:37369], old=null
2019-09-24 17:10:36,842 DEBUG impl.RaftServerImpl (RaftServerImpl.java:requestVote(743)) - s4@group-17EB70022112: receive requestVote(s3, group-17EB70022112, 1, (t:0, i:0))
2019-09-24 17:10:36,843 DEBUG impl.RaftServerImpl (RaftServerImpl.java:requestVote(775)) - s4@group-17EB70022112 replies to vote request: s3<-s4#0:FAIL-t1. Peer's state: s4@group-17EB70022112:t1, leader=null, voted=s4, raftlog=s4@group-17EB70022112-SegmentedRaftLog:OPENED:c-1,f-1,i0, conf=-1: [s3:0.0.0.0:42087, s4:0.0.0.0:33912, s0:0.0.0.0:40055, s1:0.0.0.0:37625, s2:0.0.0.0:37369], old=null
2019-09-24 17:10:36,843 DEBUG impl.RaftServerImpl (RaftServerImpl.java:requestVote(743)) - s0@group-17EB70022112: receive requestVote(s1, group-17EB70022112, 1, (t:0, i:0))
2019-09-24 17:10:36,843 DEBUG impl.RaftServerImpl (RaftServerImpl.java:requestVote(743)) - s1@group-17EB70022112: receive requestVote(s3, group-17EB70022112, 1, (t:0, i:0))
2019-09-24 17:10:36,843 DEBUG impl.RaftServerImpl (RaftServerImpl.java:requestVote(743)) - s0@group-17EB70022112: receive requestVote(s3, group-17EB70022112, 1, (t:0, i:0))
2019-09-24 17:10:36,843 DEBUG impl.RaftServerImpl (RaftServerImpl.java:requestVote(743)) - s0@group-17EB70022112: receive requestVote(s4, group-17EB70022112, 1, (t:0, i:0))
2019-09-24 17:10:36,843 DEBUG impl.RaftServerImpl (RaftServerImpl.java:requestVote(743)) - s2@group-17EB70022112: receive requestVote(s1, group-17EB70022112, 1, (t:0, i:0))
2019-09-24 17:10:36,843 DEBUG impl.RaftServerImpl (RaftServerImpl.java:requestVote(775)) - s1@group-17EB70022112 replies to vote request: s3<-s1#0:FAIL-t1. Peer's state: s1@group-17EB70022112:t1, leader=null, voted=s1, raftlog=s1@group-17EB70022112-SegmentedRaftLog:OPENED:c-1,f-1,i0, conf=-1: [s3:0.0.0.0:42087, s4:0.0.0.0:33912, s0:0.0.0.0:40055, s1:0.0.0.0:37625, s2:0.0.0.0:37369], old=null
2019-09-24 17:10:36,843 DEBUG impl.RaftServerImpl (RaftServerImpl.java:requestVote(743)) - s1@group-17EB70022112: receive requestVote(s4, group-17EB70022112, 1, (t:0, i:0))
2019-09-24 17:10:36,844 DEBUG impl.RaftServerImpl (RaftServerImpl.java:requestVote(775)) - s2@group-17EB70022112 replies to vote request: s1<-s2#0:FAIL-t1. Peer's state: s2@group-17EB70022112:t1, leader=null, voted=s2, raftlog=s2@group-17EB70022112-SegmentedRaftLog:OPENED:c-1,f-1,i0, conf=-1: [s3:0.0.0.0:42087, s4:0.0.0.0:33912, s0:0.0.0.0:40055, s1:0.0.0.0:37625, s2:0.0.0.0:37369], old=null
2019-09-24 17:10:36,844 DEBUG impl.RaftServerImpl (RaftServerImpl.java:requestVote(743)) - s2@group-17EB70022112: receive requestVote(s3, group-17EB70022112, 1, (t:0, i:0))
2019-09-24 17:10:36,844 DEBUG impl.RaftServerImpl (RaftServerImpl.java:requestVote(775)) - s1@group-17EB70022112 replies to vote request: s4<-s1#0:FAIL-t1. Peer's state: s1@group-17EB70022112:t1, leader=null, voted=s1, raftlog=s1@group-17EB70022112-SegmentedRaftLog:OPENED:c-1,f-1,i0, conf=-1: [s3:0.0.0.0:42087, s4:0.0.0.0:33912, s0:0.0.0.0:40055, s1:0.0.0.0:37625, s2:0.0.0.0:37369], old=null
2019-09-24 17:10:36,844 DEBUG impl.RaftServerImpl (RaftServerImpl.java:requestVote(775)) - s2@group-17EB70022112 replies to vote request: s3<-s2#0:FAIL-t1. Peer's state: s2@group-17EB70022112:t1, leader=null, voted=s2, raftlog=s2@group-17EB70022112-SegmentedRaftLog:OPENED:c-1,f-1,i0, conf=-1: [s3:0.0.0.0:42087, s4:0.0.0.0:33912, s0:0.0.0.0:40055, s1:0.0.0.0:37625, s2:0.0.0.0:37369], old=null
2019-09-24 17:10:36,854 DEBUG impl.RaftServerImpl (RaftServerImpl.java:requestVote(743)) - s1@group-17EB70022112: receive requestVote(s2, group-17EB70022112, 1, (t:0, i:0))
2019-09-24 17:10:36,854 DEBUG impl.RaftServerImpl (RaftServerImpl.java:requestVote(775)) - s1@group-17EB70022112 replies to vote request: s2<-s1#0:FAIL-t1. Peer's state: s1@group-17EB70022112:t1, leader=null, voted=s1, raftlog=s1@group-17EB70022112-SegmentedRaftLog:OPENED:c-1,f-1,i0, conf=-1: [s3:0.0.0.0:42087, s4:0.0.0.0:33912, s0:0.0.0.0:40055, s1:0.0.0.0:37625, s2:0.0.0.0:37369], old=null
2019-09-24 17:10:36,854 DEBUG impl.RaftServerImpl (RaftServerImpl.java:requestVote(743)) - s4@group-17EB70022112: receive requestVote(s2, group-17EB70022112, 1, (t:0, i:0))
2019-09-24 17:10:36,854 DEBUG impl.RaftServerImpl (RaftServerImpl.java:requestVote(743)) - s2@group-17EB70022112: receive requestVote(s4, group-17EB70022112, 1, (t:0, i:0))
2019-09-24 17:10:36,854 DEBUG impl.RaftServerImpl (RaftServerImpl.java:requestVote(775)) - s4@group-17EB70022112 replies to vote request: s2<-s4#0:FAIL-t1. Peer's state: s4@group-17EB70022112:t1, leader=null, voted=s4, raftlog=s4@group-17EB70022112-SegmentedRaftLog:OPENED:c-1,f-1,i0, conf=-1: [s3:0.0.0.0:42087, s4:0.0.0.0:33912, s0:0.0.0.0:40055, s1:0.0.0.0:37625, s2:0.0.0.0:37369], old=null
2019-09-24 17:10:36,855 DEBUG impl.RaftServerImpl (RaftServerImpl.java:requestVote(775)) - s2@group-17EB70022112 replies to vote request: s4<-s2#0:FAIL-t1. Peer's state: s2@group-17EB70022112:t1, leader=null, voted=s2, raftlog=s2@group-17EB70022112-SegmentedRaftLog:OPENED:c-1,f-1,i0, conf=-1: [s3:0.0.0.0:42087, s4:0.0.0.0:33912, s0:0.0.0.0:40055, s1:0.0.0.0:37625, s2:0.0.0.0:37369], old=null
2019-09-24 17:10:36,856 DEBUG impl.RaftServerImpl (RaftServerImpl.java:requestVote(743)) - s3@group-17EB70022112: receive requestVote(s2, group-17EB70022112, 1, (t:0, i:0))
2019-09-24 17:10:36,856 DEBUG impl.RaftServerImpl (RaftServerImpl.java:requestVote(775)) - s3@group-17EB70022112 replies to vote request: s2<-s3#0:FAIL-t1. Peer's state: s3@group-17EB70022112:t1, leader=null, voted=s3, raftlog=s3@group-17EB70022112-SegmentedRaftLog:OPENED:c-1,f-1,i0, conf=-1: [s3:0.0.0.0:42087, s4:0.0.0.0:33912, s0:0.0.0.0:40055, s1:0.0.0.0:37625, s2:0.0.0.0:37369], old=null
2019-09-24 17:10:37,018 INFO  impl.LeaderElection (LeaderElection.java:logAndReturn(56)) - s1@group-17EB70022112-LeaderElection55: Election TIMEOUT; received 3 response(s) [s1<-s3#0:FAIL-t1, s1<-s4#0:FAIL-t1, s1<-s2#0:FAIL-t1] and 0 exception(s); s1@group-17EB70022112:t1, leader=null, voted=s1, raftlog=s1@group-17EB70022112-SegmentedRaftLog:OPENED:c-1,f-1,i0, conf=-1: [s3:0.0.0.0:42087, s4:0.0.0.0:33912, s0:0.0.0.0:40055, s1:0.0.0.0:37625, s2:0.0.0.0:37369], old=null
2019-09-24 17:10:37,018 INFO  impl.LeaderElection (LeaderElection.java:logAndReturn(56)) - s3@group-17EB70022112-LeaderElection54: Election TIMEOUT; received 3 response(s) [s3<-s4#0:FAIL-t1, s3<-s1#0:FAIL-t1, s3<-s2#0:FAIL-t1] and 0 exception(s); s3@group-17EB70022112:t1, leader=null, voted=s3, raftlog=s3@group-17EB70022112-SegmentedRaftLog:OPENED:c-1,f-1,i0, conf=-1: [s3:0.0.0.0:42087, s4:0.0.0.0:33912, s0:0.0.0.0:40055, s1:0.0.0.0:37625, s2:0.0.0.0:37369], old=null
2019-09-24 17:10:37,051 INFO  impl.LeaderElection (LeaderElection.java:logAndReturn(56)) - s2@group-17EB70022112-LeaderElection53: Election TIMEOUT; received 3 response(s) [s2<-s3#0:FAIL-t1, s2<-s4#0:FAIL-t1, s2<-s1#0:FAIL-t1] and 0 exception(s); s2@group-17EB70022112:t1, leader=null, voted=s2, raftlog=s2@group-17EB70022112-SegmentedRaftLog:OPENED:c-1,f-1,i0, conf=-1: [s3:0.0.0.0:42087, s4:0.0.0.0:33912, s0:0.0.0.0:40055, s1:0.0.0.0:37625, s2:0.0.0.0:37369], old=null
2019-09-24 17:10:37,095 INFO  impl.LeaderElection (LeaderElection.java:logAndReturn(56)) - s4@group-17EB70022112-LeaderElection52: Election TIMEOUT; received 3 response(s) [s4<-s3#0:FAIL-t1, s4<-s1#0:FAIL-t1, s4<-s2#0:FAIL-t1] and 0 exception(s); s4@group-17EB70022112:t1, leader=null, voted=s4, raftlog=s4@group-17EB70022112-SegmentedRaftLog:OPENED:c-1,f-1,i0, conf=-1: [s3:0.0.0.0:42087, s4:0.0.0.0:33912, s0:0.0.0.0:40055, s1:0.0.0.0:37625, s2:0.0.0.0:37369], old=null
2019-09-24 17:10:37,173 WARN  ratis.RaftTestUtil (JavaUtils.java:attempt(158)) - FAILED "waitForLeader-null-(expectLeader? true)", attempt #37/100: java.lang.IllegalStateException: No leader yet : printing ALL groups
  s3:  RUNNING CANDIDATE s3@group-17EB70022112:t2, leader=null, voted=s3, raftlog=s3@group-17EB70022112-SegmentedRaftLog:OPENED:c-1,f-1,i0, conf=-1: [s3:0.0.0.0:42087, s4:0.0.0.0:33912, s0:0.0.0.0:40055, s1:0.0.0.0:37625, s2:0.0.0.0:37369], old=null RUNNING
  s4:  RUNNING CANDIDATE s4@group-17EB70022112:t2, leader=null, voted=s4, raftlog=s4@group-17EB70022112-SegmentedRaftLog:OPENED:c-1,f-1,i0, conf=-1: [s3:0.0.0.0:42087, s4:0.0.0.0:33912, s0:0.0.0.0:40055, s1:0.0.0.0:37625, s2:0.0.0.0:37369], old=null RUNNING
  s0:  RUNNING CANDIDATE s0@group-17EB70022112:t2, leader=null, voted=s0, raftlog=s0@group-17EB70022112-SegmentedRaftLog:OPENED:c-1,f-1,i0, conf=-1: [s3:0.0.0.0:42087, s4:0.0.0.0:33912, s0:0.0.0.0:40055, s1:0.0.0.0:37625, s2:0.0.0.0:37369], old=null RUNNING
  s1:  RUNNING CANDIDATE s1@group-17EB70022112:t2, leader=null, voted=s1, raftlog=s1@group-17EB70022112-SegmentedRaftLog:OPENED:c-1,f-1,i0, conf=-1: [s3:0.0.0.0:42087, s4:0.0.0.0:33912, s0:0.0.0.0:40055, s1:0.0.0.0:37625, s2:0.0.0.0:37369], old=null RUNNING
  s2:  RUNNING CANDIDATE s2@group-17EB70022112:t2, leader=null, voted=s2, raftlog=s2@group-17EB70022112-SegmentedRaftLog:OPENED:c-1,f-1,i0, conf=-1: [s3:0.0.0.0:42087, s4:0.0.0.0:33912, s0:0.0.0.0:40055, s1:0.0.0.0:37625, s2:0.0.0.0:37369], old=null RUNNING, sleep 450ms and then retry.
java.lang.IllegalStateException: No leader yet : printing ALL groups
  s3:  RUNNING CANDIDATE s3@group-17EB70022112:t2, leader=null, voted=s3, raftlog=s3@group-17EB70022112-SegmentedRaftLog:OPENED:c-1,f-1,i0, conf=-1: [s3:0.0.0.0:42087, s4:0.0.0.0:33912, s0:0.0.0.0:40055, s1:0.0.0.0:37625, s2:0.0.0.0:37369], old=null RUNNING
  s4:  RUNNING CANDIDATE s4@group-17EB70022112:t2, leader=null, voted=s4, raftlog=s4@group-17EB70022112-SegmentedRaftLog:OPENED:c-1,f-1,i0, conf=-1: [s3:0.0.0.0:42087, s4:0.0.0.0:33912, s0:0.0.0.0:40055, s1:0.0.0.0:37625, s2:0.0.0.0:37369], old=null RUNNING
  s0:  RUNNING CANDIDATE s0@group-17EB70022112:t2, leader=null, voted=s0, raftlog=s0@group-17EB70022112-SegmentedRaftLog:OPENED:c-1,f-1,i0, conf=-1: [s3:0.0.0.0:42087, s4:0.0.0.0:33912, s0:0.0.0.0:40055, s1:0.0.0.0:37625, s2:0.0.0.0:37369], old=null RUNNING
  s1:  RUNNING CANDIDATE s1@group-17EB70022112:t2, leader=null, voted=s1, raftlog=s1@group-17EB70022112-SegmentedRaftLog:OPENED:c-1,f-1,i0, conf=-1: [s3:0.0.0.0:42087, s4:0.0.0.0:33912, s0:0.0.0.0:40055, s1:0.0.0.0:37625, s2:0.0.0.0:37369], old=null RUNNING
  s2:  RUNNING CANDIDATE s2@group-17EB70022112:t2, leader=null, voted=s2, raftlog=s2@group-17EB70022112-SegmentedRaftLog:OPENED:c-1,f-1,i0, conf=-1: [s3:0.0.0.0:42087, s4:0.0.0.0:33912, s0:0.0.0.0:40055, s1:0.0.0.0:37625, s2:0.0.0.0:37369], old=null RUNNING
	at org.apache.ratis.MiniRaftCluster.newIllegalStateExceptionForNoLeaders(MiniRaftCluster.java:506)
	at org.apache.ratis.RaftTestUtil.lambda$waitForLeader$1(RaftTestUtil.java:90)
	at org.apache.ratis.MiniRaftCluster.getLeader(MiniRaftCluster.java:539)
	at org.apache.ratis.MiniRaftCluster.getLeader(MiniRaftCluster.java:532)
	at org.apache.ratis.RaftTestUtil.lambda$waitForLeader$3(RaftTestUtil.java:98)
	at org.apache.ratis.util.JavaUtils.attempt(JavaUtils.java:152)
	at org.apache.ratis.RaftTestUtil.waitForLeader(RaftTestUtil.java:97)
	at org.apache.ratis.RaftTestUtil.waitForLeader(RaftTestUtil.java:77)
	at org.apache.ratis.RaftTestUtil.waitForLeader(RaftTestUtil.java:72)
	at org.apache.ratis.RaftTestUtil.waitAndKillLeader(RaftTestUtil.java:114)
	at org.apache.ratis.server.impl.LeaderElectionTests.testBasicLeaderElection(LeaderElectionTests.java:63)
	at sun.reflect.NativeMethodAccessorImpl.invoke0(Native Method)
	at sun.reflect.NativeMethodAccessorImpl.invoke(NativeMethodAccessorImpl.java:62)
	at sun.reflect.DelegatingMethodAccessorImpl.invoke(DelegatingMethodAccessorImpl.java:43)
	at java.lang.reflect.Method.invoke(Method.java:498)
	at org.junit.runners.model.FrameworkMethod$1.runReflectiveCall(FrameworkMethod.java:50)
	at org.junit.internal.runners.model.ReflectiveCallable.run(ReflectiveCallable.java:12)
	at org.junit.runners.model.FrameworkMethod.invokeExplosively(FrameworkMethod.java:47)
	at org.junit.internal.runners.statements.InvokeMethod.evaluate(InvokeMethod.java:17)
	at org.junit.internal.runners.statements.RunAfters.evaluate(RunAfters.java:27)
	at org.junit.internal.runners.statements.FailOnTimeout$CallableStatement.call(FailOnTimeout.java:298)
	at org.junit.internal.runners.statements.FailOnTimeout$CallableStatement.call(FailOnTimeout.java:292)
	at java.util.concurrent.FutureTask.run(FutureTask.java:266)
	at java.lang.Thread.run(Thread.java:748)
2019-09-24 17:10:37,624 WARN  ratis.RaftTestUtil (JavaUtils.java:attempt(158)) - FAILED "waitForLeader-null-(expectLeader? true)", attempt #38/100: java.lang.IllegalStateException: No leader yet : printing ALL groups
  s3:  RUNNING CANDIDATE s3@group-17EB70022112:t2, leader=null, voted=s3, raftlog=s3@group-17EB70022112-SegmentedRaftLog:OPENED:c-1,f-1,i0, conf=-1: [s3:0.0.0.0:42087, s4:0.0.0.0:33912, s0:0.0.0.0:40055, s1:0.0.0.0:37625, s2:0.0.0.0:37369], old=null RUNNING
  s4:  RUNNING CANDIDATE s4@group-17EB70022112:t2, leader=null, voted=s4, raftlog=s4@group-17EB70022112-SegmentedRaftLog:OPENED:c-1,f-1,i0, conf=-1: [s3:0.0.0.0:42087, s4:0.0.0.0:33912, s0:0.0.0.0:40055, s1:0.0.0.0:37625, s2:0.0.0.0:37369], old=null RUNNING
  s0:  RUNNING CANDIDATE s0@group-17EB70022112:t2, leader=null, voted=s0, raftlog=s0@group-17EB70022112-SegmentedRaftLog:OPENED:c-1,f-1,i0, conf=-1: [s3:0.0.0.0:42087, s4:0.0.0.0:33912, s0:0.0.0.0:40055, s1:0.0.0.0:37625, s2:0.0.0.0:37369], old=null RUNNING
  s1:  RUNNING CANDIDATE s1@group-17EB70022112:t2, leader=null, voted=s1, raftlog=s1@group-17EB70022112-SegmentedRaftLog:OPENED:c-1,f-1,i0, conf=-1: [s3:0.0.0.0:42087, s4:0.0.0.0:33912, s0:0.0.0.0:40055, s1:0.0.0.0:37625, s2:0.0.0.0:37369], old=null RUNNING
  s2:  RUNNING CANDIDATE s2@group-17EB70022112:t2, leader=null, voted=s2, raftlog=s2@group-17EB70022112-SegmentedRaftLog:OPENED:c-1,f-1,i0, conf=-1: [s3:0.0.0.0:42087, s4:0.0.0.0:33912, s0:0.0.0.0:40055, s1:0.0.0.0:37625, s2:0.0.0.0:37369], old=null RUNNING, sleep 450ms and then retry.
java.lang.IllegalStateException: No leader yet : printing ALL groups
  s3:  RUNNING CANDIDATE s3@group-17EB70022112:t2, leader=null, voted=s3, raftlog=s3@group-17EB70022112-SegmentedRaftLog:OPENED:c-1,f-1,i0, conf=-1: [s3:0.0.0.0:42087, s4:0.0.0.0:33912, s0:0.0.0.0:40055, s1:0.0.0.0:37625, s2:0.0.0.0:37369], old=null RUNNING
  s4:  RUNNING CANDIDATE s4@group-17EB70022112:t2, leader=null, voted=s4, raftlog=s4@group-17EB70022112-SegmentedRaftLog:OPENED:c-1,f-1,i0, conf=-1: [s3:0.0.0.0:42087, s4:0.0.0.0:33912, s0:0.0.0.0:40055, s1:0.0.0.0:37625, s2:0.0.0.0:37369], old=null RUNNING
  s0:  RUNNING CANDIDATE s0@group-17EB70022112:t2, leader=null, voted=s0, raftlog=s0@group-17EB70022112-SegmentedRaftLog:OPENED:c-1,f-1,i0, conf=-1: [s3:0.0.0.0:42087, s4:0.0.0.0:33912, s0:0.0.0.0:40055, s1:0.0.0.0:37625, s2:0.0.0.0:37369], old=null RUNNING
  s1:  RUNNING CANDIDATE s1@group-17EB70022112:t2, leader=null, voted=s1, raftlog=s1@group-17EB70022112-SegmentedRaftLog:OPENED:c-1,f-1,i0, conf=-1: [s3:0.0.0.0:42087, s4:0.0.0.0:33912, s0:0.0.0.0:40055, s1:0.0.0.0:37625, s2:0.0.0.0:37369], old=null RUNNING
  s2:  RUNNING CANDIDATE s2@group-17EB70022112:t2, leader=null, voted=s2, raftlog=s2@group-17EB70022112-SegmentedRaftLog:OPENED:c-1,f-1,i0, conf=-1: [s3:0.0.0.0:42087, s4:0.0.0.0:33912, s0:0.0.0.0:40055, s1:0.0.0.0:37625, s2:0.0.0.0:37369], old=null RUNNING
	at org.apache.ratis.MiniRaftCluster.newIllegalStateExceptionForNoLeaders(MiniRaftCluster.java:506)
	at org.apache.ratis.RaftTestUtil.lambda$waitForLeader$1(RaftTestUtil.java:90)
	at org.apache.ratis.MiniRaftCluster.getLeader(MiniRaftCluster.java:539)
	at org.apache.ratis.MiniRaftCluster.getLeader(MiniRaftCluster.java:532)
	at org.apache.ratis.RaftTestUtil.lambda$waitForLeader$3(RaftTestUtil.java:98)
	at org.apache.ratis.util.JavaUtils.attempt(JavaUtils.java:152)
	at org.apache.ratis.RaftTestUtil.waitForLeader(RaftTestUtil.java:97)
	at org.apache.ratis.RaftTestUtil.waitForLeader(RaftTestUtil.java:77)
	at org.apache.ratis.RaftTestUtil.waitForLeader(RaftTestUtil.java:72)
	at org.apache.ratis.RaftTestUtil.waitAndKillLeader(RaftTestUtil.java:114)
	at org.apache.ratis.server.impl.LeaderElectionTests.testBasicLeaderElection(LeaderElectionTests.java:63)
	at sun.reflect.NativeMethodAccessorImpl.invoke0(Native Method)
	at sun.reflect.NativeMethodAccessorImpl.invoke(NativeMethodAccessorImpl.java:62)
	at sun.reflect.DelegatingMethodAccessorImpl.invoke(DelegatingMethodAccessorImpl.java:43)
	at java.lang.reflect.Method.invoke(Method.java:498)
	at org.junit.runners.model.FrameworkMethod$1.runReflectiveCall(FrameworkMethod.java:50)
	at org.junit.internal.runners.model.ReflectiveCallable.run(ReflectiveCallable.java:12)
	at org.junit.runners.model.FrameworkMethod.invokeExplosively(FrameworkMethod.java:47)
	at org.junit.internal.runners.statements.InvokeMethod.evaluate(InvokeMethod.java:17)
	at org.junit.internal.runners.statements.RunAfters.evaluate(RunAfters.java:27)
	at org.junit.internal.runners.statements.FailOnTimeout$CallableStatement.call(FailOnTimeout.java:298)
	at org.junit.internal.runners.statements.FailOnTimeout$CallableStatement.call(FailOnTimeout.java:292)
	at java.util.concurrent.FutureTask.run(FutureTask.java:266)
	at java.lang.Thread.run(Thread.java:748)
2019-09-24 17:10:38,076 WARN  ratis.RaftTestUtil (JavaUtils.java:attempt(158)) - FAILED "waitForLeader-null-(expectLeader? true)", attempt #39/100: java.lang.IllegalStateException: No leader yet : printing ALL groups
  s3:  RUNNING CANDIDATE s3@group-17EB70022112:t2, leader=null, voted=s3, raftlog=s3@group-17EB70022112-SegmentedRaftLog:OPENED:c-1,f-1,i0, conf=-1: [s3:0.0.0.0:42087, s4:0.0.0.0:33912, s0:0.0.0.0:40055, s1:0.0.0.0:37625, s2:0.0.0.0:37369], old=null RUNNING
  s4:  RUNNING CANDIDATE s4@group-17EB70022112:t2, leader=null, voted=s4, raftlog=s4@group-17EB70022112-SegmentedRaftLog:OPENED:c-1,f-1,i0, conf=-1: [s3:0.0.0.0:42087, s4:0.0.0.0:33912, s0:0.0.0.0:40055, s1:0.0.0.0:37625, s2:0.0.0.0:37369], old=null RUNNING
  s0:  RUNNING CANDIDATE s0@group-17EB70022112:t2, leader=null, voted=s0, raftlog=s0@group-17EB70022112-SegmentedRaftLog:OPENED:c-1,f-1,i0, conf=-1: [s3:0.0.0.0:42087, s4:0.0.0.0:33912, s0:0.0.0.0:40055, s1:0.0.0.0:37625, s2:0.0.0.0:37369], old=null RUNNING
  s1:  RUNNING CANDIDATE s1@group-17EB70022112:t2, leader=null, voted=s1, raftlog=s1@group-17EB70022112-SegmentedRaftLog:OPENED:c-1,f-1,i0, conf=-1: [s3:0.0.0.0:42087, s4:0.0.0.0:33912, s0:0.0.0.0:40055, s1:0.0.0.0:37625, s2:0.0.0.0:37369], old=null RUNNING
  s2:  RUNNING CANDIDATE s2@group-17EB70022112:t2, leader=null, voted=s2, raftlog=s2@group-17EB70022112-SegmentedRaftLog:OPENED:c-1,f-1,i0, conf=-1: [s3:0.0.0.0:42087, s4:0.0.0.0:33912, s0:0.0.0.0:40055, s1:0.0.0.0:37625, s2:0.0.0.0:37369], old=null RUNNING, sleep 450ms and then retry.
java.lang.IllegalStateException: No leader yet : printing ALL groups
  s3:  RUNNING CANDIDATE s3@group-17EB70022112:t2, leader=null, voted=s3, raftlog=s3@group-17EB70022112-SegmentedRaftLog:OPENED:c-1,f-1,i0, conf=-1: [s3:0.0.0.0:42087, s4:0.0.0.0:33912, s0:0.0.0.0:40055, s1:0.0.0.0:37625, s2:0.0.0.0:37369], old=null RUNNING
  s4:  RUNNING CANDIDATE s4@group-17EB70022112:t2, leader=null, voted=s4, raftlog=s4@group-17EB70022112-SegmentedRaftLog:OPENED:c-1,f-1,i0, conf=-1: [s3:0.0.0.0:42087, s4:0.0.0.0:33912, s0:0.0.0.0:40055, s1:0.0.0.0:37625, s2:0.0.0.0:37369], old=null RUNNING
  s0:  RUNNING CANDIDATE s0@group-17EB70022112:t2, leader=null, voted=s0, raftlog=s0@group-17EB70022112-SegmentedRaftLog:OPENED:c-1,f-1,i0, conf=-1: [s3:0.0.0.0:42087, s4:0.0.0.0:33912, s0:0.0.0.0:40055, s1:0.0.0.0:37625, s2:0.0.0.0:37369], old=null RUNNING
  s1:  RUNNING CANDIDATE s1@group-17EB70022112:t2, leader=null, voted=s1, raftlog=s1@group-17EB70022112-SegmentedRaftLog:OPENED:c-1,f-1,i0, conf=-1: [s3:0.0.0.0:42087, s4:0.0.0.0:33912, s0:0.0.0.0:40055, s1:0.0.0.0:37625, s2:0.0.0.0:37369], old=null RUNNING
  s2:  RUNNING CANDIDATE s2@group-17EB70022112:t2, leader=null, voted=s2, raftlog=s2@group-17EB70022112-SegmentedRaftLog:OPENED:c-1,f-1,i0, conf=-1: [s3:0.0.0.0:42087, s4:0.0.0.0:33912, s0:0.0.0.0:40055, s1:0.0.0.0:37625, s2:0.0.0.0:37369], old=null RUNNING
	at org.apache.ratis.MiniRaftCluster.newIllegalStateExceptionForNoLeaders(MiniRaftCluster.java:506)
	at org.apache.ratis.RaftTestUtil.lambda$waitForLeader$1(RaftTestUtil.java:90)
	at org.apache.ratis.MiniRaftCluster.getLeader(MiniRaftCluster.java:539)
	at org.apache.ratis.MiniRaftCluster.getLeader(MiniRaftCluster.java:532)
	at org.apache.ratis.RaftTestUtil.lambda$waitForLeader$3(RaftTestUtil.java:98)
	at org.apache.ratis.util.JavaUtils.attempt(JavaUtils.java:152)
	at org.apache.ratis.RaftTestUtil.waitForLeader(RaftTestUtil.java:97)
	at org.apache.ratis.RaftTestUtil.waitForLeader(RaftTestUtil.java:77)
	at org.apache.ratis.RaftTestUtil.waitForLeader(RaftTestUtil.java:72)
	at org.apache.ratis.RaftTestUtil.waitAndKillLeader(RaftTestUtil.java:114)
	at org.apache.ratis.server.impl.LeaderElectionTests.testBasicLeaderElection(LeaderElectionTests.java:63)
	at sun.reflect.NativeMethodAccessorImpl.invoke0(Native Method)
	at sun.reflect.NativeMethodAccessorImpl.invoke(NativeMethodAccessorImpl.java:62)
	at sun.reflect.DelegatingMethodAccessorImpl.invoke(DelegatingMethodAccessorImpl.java:43)
	at java.lang.reflect.Method.invoke(Method.java:498)
	at org.junit.runners.model.FrameworkMethod$1.runReflectiveCall(FrameworkMethod.java:50)
	at org.junit.internal.runners.model.ReflectiveCallable.run(ReflectiveCallable.java:12)
	at org.junit.runners.model.FrameworkMethod.invokeExplosively(FrameworkMethod.java:47)
	at org.junit.internal.runners.statements.InvokeMethod.evaluate(InvokeMethod.java:17)
	at org.junit.internal.runners.statements.RunAfters.evaluate(RunAfters.java:27)
	at org.junit.internal.runners.statements.FailOnTimeout$CallableStatement.call(FailOnTimeout.java:298)
	at org.junit.internal.runners.statements.FailOnTimeout$CallableStatement.call(FailOnTimeout.java:292)
	at java.util.concurrent.FutureTask.run(FutureTask.java:266)
	at java.lang.Thread.run(Thread.java:748)
2019-09-24 17:10:38,528 WARN  ratis.RaftTestUtil (JavaUtils.java:attempt(158)) - FAILED "waitForLeader-null-(expectLeader? true)", attempt #40/100: java.lang.IllegalStateException: No leader yet : printing ALL groups
  s3:  RUNNING CANDIDATE s3@group-17EB70022112:t2, leader=null, voted=s3, raftlog=s3@group-17EB70022112-SegmentedRaftLog:OPENED:c-1,f-1,i0, conf=-1: [s3:0.0.0.0:42087, s4:0.0.0.0:33912, s0:0.0.0.0:40055, s1:0.0.0.0:37625, s2:0.0.0.0:37369], old=null RUNNING
  s4:  RUNNING CANDIDATE s4@group-17EB70022112:t2, leader=null, voted=s4, raftlog=s4@group-17EB70022112-SegmentedRaftLog:OPENED:c-1,f-1,i0, conf=-1: [s3:0.0.0.0:42087, s4:0.0.0.0:33912, s0:0.0.0.0:40055, s1:0.0.0.0:37625, s2:0.0.0.0:37369], old=null RUNNING
  s0:  RUNNING CANDIDATE s0@group-17EB70022112:t2, leader=null, voted=s0, raftlog=s0@group-17EB70022112-SegmentedRaftLog:OPENED:c-1,f-1,i0, conf=-1: [s3:0.0.0.0:42087, s4:0.0.0.0:33912, s0:0.0.0.0:40055, s1:0.0.0.0:37625, s2:0.0.0.0:37369], old=null RUNNING
  s1:  RUNNING CANDIDATE s1@group-17EB70022112:t2, leader=null, voted=s1, raftlog=s1@group-17EB70022112-SegmentedRaftLog:OPENED:c-1,f-1,i0, conf=-1: [s3:0.0.0.0:42087, s4:0.0.0.0:33912, s0:0.0.0.0:40055, s1:0.0.0.0:37625, s2:0.0.0.0:37369], old=null RUNNING
  s2:  RUNNING CANDIDATE s2@group-17EB70022112:t2, leader=null, voted=s2, raftlog=s2@group-17EB70022112-SegmentedRaftLog:OPENED:c-1,f-1,i0, conf=-1: [s3:0.0.0.0:42087, s4:0.0.0.0:33912, s0:0.0.0.0:40055, s1:0.0.0.0:37625, s2:0.0.0.0:37369], old=null RUNNING, sleep 450ms and then retry.
java.lang.IllegalStateException: No leader yet : printing ALL groups
  s3:  RUNNING CANDIDATE s3@group-17EB70022112:t2, leader=null, voted=s3, raftlog=s3@group-17EB70022112-SegmentedRaftLog:OPENED:c-1,f-1,i0, conf=-1: [s3:0.0.0.0:42087, s4:0.0.0.0:33912, s0:0.0.0.0:40055, s1:0.0.0.0:37625, s2:0.0.0.0:37369], old=null RUNNING
  s4:  RUNNING CANDIDATE s4@group-17EB70022112:t2, leader=null, voted=s4, raftlog=s4@group-17EB70022112-SegmentedRaftLog:OPENED:c-1,f-1,i0, conf=-1: [s3:0.0.0.0:42087, s4:0.0.0.0:33912, s0:0.0.0.0:40055, s1:0.0.0.0:37625, s2:0.0.0.0:37369], old=null RUNNING
  s0:  RUNNING CANDIDATE s0@group-17EB70022112:t2, leader=null, voted=s0, raftlog=s0@group-17EB70022112-SegmentedRaftLog:OPENED:c-1,f-1,i0, conf=-1: [s3:0.0.0.0:42087, s4:0.0.0.0:33912, s0:0.0.0.0:40055, s1:0.0.0.0:37625, s2:0.0.0.0:37369], old=null RUNNING
  s1:  RUNNING CANDIDATE s1@group-17EB70022112:t2, leader=null, voted=s1, raftlog=s1@group-17EB70022112-SegmentedRaftLog:OPENED:c-1,f-1,i0, conf=-1: [s3:0.0.0.0:42087, s4:0.0.0.0:33912, s0:0.0.0.0:40055, s1:0.0.0.0:37625, s2:0.0.0.0:37369], old=null RUNNING
  s2:  RUNNING CANDIDATE s2@group-17EB70022112:t2, leader=null, voted=s2, raftlog=s2@group-17EB70022112-SegmentedRaftLog:OPENED:c-1,f-1,i0, conf=-1: [s3:0.0.0.0:42087, s4:0.0.0.0:33912, s0:0.0.0.0:40055, s1:0.0.0.0:37625, s2:0.0.0.0:37369], old=null RUNNING
	at org.apache.ratis.MiniRaftCluster.newIllegalStateExceptionForNoLeaders(MiniRaftCluster.java:506)
	at org.apache.ratis.RaftTestUtil.lambda$waitForLeader$1(RaftTestUtil.java:90)
	at org.apache.ratis.MiniRaftCluster.getLeader(MiniRaftCluster.java:539)
	at org.apache.ratis.MiniRaftCluster.getLeader(MiniRaftCluster.java:532)
	at org.apache.ratis.RaftTestUtil.lambda$waitForLeader$3(RaftTestUtil.java:98)
	at org.apache.ratis.util.JavaUtils.attempt(JavaUtils.java:152)
	at org.apache.ratis.RaftTestUtil.waitForLeader(RaftTestUtil.java:97)
	at org.apache.ratis.RaftTestUtil.waitForLeader(RaftTestUtil.java:77)
	at org.apache.ratis.RaftTestUtil.waitForLeader(RaftTestUtil.java:72)
	at org.apache.ratis.RaftTestUtil.waitAndKillLeader(RaftTestUtil.java:114)
	at org.apache.ratis.server.impl.LeaderElectionTests.testBasicLeaderElection(LeaderElectionTests.java:63)
	at sun.reflect.NativeMethodAccessorImpl.invoke0(Native Method)
	at sun.reflect.NativeMethodAccessorImpl.invoke(NativeMethodAccessorImpl.java:62)
	at sun.reflect.DelegatingMethodAccessorImpl.invoke(DelegatingMethodAccessorImpl.java:43)
	at java.lang.reflect.Method.invoke(Method.java:498)
	at org.junit.runners.model.FrameworkMethod$1.runReflectiveCall(FrameworkMethod.java:50)
	at org.junit.internal.runners.model.ReflectiveCallable.run(ReflectiveCallable.java:12)
	at org.junit.runners.model.FrameworkMethod.invokeExplosively(FrameworkMethod.java:47)
	at org.junit.internal.runners.statements.InvokeMethod.evaluate(InvokeMethod.java:17)
	at org.junit.internal.runners.statements.RunAfters.evaluate(RunAfters.java:27)
	at org.junit.internal.runners.statements.FailOnTimeout$CallableStatement.call(FailOnTimeout.java:298)
	at org.junit.internal.runners.statements.FailOnTimeout$CallableStatement.call(FailOnTimeout.java:292)
	at java.util.concurrent.FutureTask.run(FutureTask.java:266)
	at java.lang.Thread.run(Thread.java:748)
2019-09-24 17:10:38,979 WARN  ratis.RaftTestUtil (JavaUtils.java:attempt(158)) - FAILED "waitForLeader-null-(expectLeader? true)", attempt #41/100: java.lang.IllegalStateException: No leader yet : printing ALL groups
  s3:  RUNNING CANDIDATE s3@group-17EB70022112:t2, leader=null, voted=s3, raftlog=s3@group-17EB70022112-SegmentedRaftLog:OPENED:c-1,f-1,i0, conf=-1: [s3:0.0.0.0:42087, s4:0.0.0.0:33912, s0:0.0.0.0:40055, s1:0.0.0.0:37625, s2:0.0.0.0:37369], old=null RUNNING
  s4:  RUNNING CANDIDATE s4@group-17EB70022112:t2, leader=null, voted=s4, raftlog=s4@group-17EB70022112-SegmentedRaftLog:OPENED:c-1,f-1,i0, conf=-1: [s3:0.0.0.0:42087, s4:0.0.0.0:33912, s0:0.0.0.0:40055, s1:0.0.0.0:37625, s2:0.0.0.0:37369], old=null RUNNING
  s0:  RUNNING CANDIDATE s0@group-17EB70022112:t2, leader=null, voted=s0, raftlog=s0@group-17EB70022112-SegmentedRaftLog:OPENED:c-1,f-1,i0, conf=-1: [s3:0.0.0.0:42087, s4:0.0.0.0:33912, s0:0.0.0.0:40055, s1:0.0.0.0:37625, s2:0.0.0.0:37369], old=null RUNNING
  s1:  RUNNING CANDIDATE s1@group-17EB70022112:t2, leader=null, voted=s1, raftlog=s1@group-17EB70022112-SegmentedRaftLog:OPENED:c-1,f-1,i0, conf=-1: [s3:0.0.0.0:42087, s4:0.0.0.0:33912, s0:0.0.0.0:40055, s1:0.0.0.0:37625, s2:0.0.0.0:37369], old=null RUNNING
  s2:  RUNNING CANDIDATE s2@group-17EB70022112:t2, leader=null, voted=s2, raftlog=s2@group-17EB70022112-SegmentedRaftLog:OPENED:c-1,f-1,i0, conf=-1: [s3:0.0.0.0:42087, s4:0.0.0.0:33912, s0:0.0.0.0:40055, s1:0.0.0.0:37625, s2:0.0.0.0:37369], old=null RUNNING, sleep 450ms and then retry.
java.lang.IllegalStateException: No leader yet : printing ALL groups
  s3:  RUNNING CANDIDATE s3@group-17EB70022112:t2, leader=null, voted=s3, raftlog=s3@group-17EB70022112-SegmentedRaftLog:OPENED:c-1,f-1,i0, conf=-1: [s3:0.0.0.0:42087, s4:0.0.0.0:33912, s0:0.0.0.0:40055, s1:0.0.0.0:37625, s2:0.0.0.0:37369], old=null RUNNING
  s4:  RUNNING CANDIDATE s4@group-17EB70022112:t2, leader=null, voted=s4, raftlog=s4@group-17EB70022112-SegmentedRaftLog:OPENED:c-1,f-1,i0, conf=-1: [s3:0.0.0.0:42087, s4:0.0.0.0:33912, s0:0.0.0.0:40055, s1:0.0.0.0:37625, s2:0.0.0.0:37369], old=null RUNNING
  s0:  RUNNING CANDIDATE s0@group-17EB70022112:t2, leader=null, voted=s0, raftlog=s0@group-17EB70022112-SegmentedRaftLog:OPENED:c-1,f-1,i0, conf=-1: [s3:0.0.0.0:42087, s4:0.0.0.0:33912, s0:0.0.0.0:40055, s1:0.0.0.0:37625, s2:0.0.0.0:37369], old=null RUNNING
  s1:  RUNNING CANDIDATE s1@group-17EB70022112:t2, leader=null, voted=s1, raftlog=s1@group-17EB70022112-SegmentedRaftLog:OPENED:c-1,f-1,i0, conf=-1: [s3:0.0.0.0:42087, s4:0.0.0.0:33912, s0:0.0.0.0:40055, s1:0.0.0.0:37625, s2:0.0.0.0:37369], old=null RUNNING
  s2:  RUNNING CANDIDATE s2@group-17EB70022112:t2, leader=null, voted=s2, raftlog=s2@group-17EB70022112-SegmentedRaftLog:OPENED:c-1,f-1,i0, conf=-1: [s3:0.0.0.0:42087, s4:0.0.0.0:33912, s0:0.0.0.0:40055, s1:0.0.0.0:37625, s2:0.0.0.0:37369], old=null RUNNING
	at org.apache.ratis.MiniRaftCluster.newIllegalStateExceptionForNoLeaders(MiniRaftCluster.java:506)
	at org.apache.ratis.RaftTestUtil.lambda$waitForLeader$1(RaftTestUtil.java:90)
	at org.apache.ratis.MiniRaftCluster.getLeader(MiniRaftCluster.java:539)
	at org.apache.ratis.MiniRaftCluster.getLeader(MiniRaftCluster.java:532)
	at org.apache.ratis.RaftTestUtil.lambda$waitForLeader$3(RaftTestUtil.java:98)
	at org.apache.ratis.util.JavaUtils.attempt(JavaUtils.java:152)
	at org.apache.ratis.RaftTestUtil.waitForLeader(RaftTestUtil.java:97)
	at org.apache.ratis.RaftTestUtil.waitForLeader(RaftTestUtil.java:77)
	at org.apache.ratis.RaftTestUtil.waitForLeader(RaftTestUtil.java:72)
	at org.apache.ratis.RaftTestUtil.waitAndKillLeader(RaftTestUtil.java:114)
	at org.apache.ratis.server.impl.LeaderElectionTests.testBasicLeaderElection(LeaderElectionTests.java:63)
	at sun.reflect.NativeMethodAccessorImpl.invoke0(Native Method)
	at sun.reflect.NativeMethodAccessorImpl.invoke(NativeMethodAccessorImpl.java:62)
	at sun.reflect.DelegatingMethodAccessorImpl.invoke(DelegatingMethodAccessorImpl.java:43)
	at java.lang.reflect.Method.invoke(Method.java:498)
	at org.junit.runners.model.FrameworkMethod$1.runReflectiveCall(FrameworkMethod.java:50)
	at org.junit.internal.runners.model.ReflectiveCallable.run(ReflectiveCallable.java:12)
	at org.junit.runners.model.FrameworkMethod.invokeExplosively(FrameworkMethod.java:47)
	at org.junit.internal.runners.statements.InvokeMethod.evaluate(InvokeMethod.java:17)
	at org.junit.internal.runners.statements.RunAfters.evaluate(RunAfters.java:27)
	at org.junit.internal.runners.statements.FailOnTimeout$CallableStatement.call(FailOnTimeout.java:298)
	at org.junit.internal.runners.statements.FailOnTimeout$CallableStatement.call(FailOnTimeout.java:292)
	at java.util.concurrent.FutureTask.run(FutureTask.java:266)
	at java.lang.Thread.run(Thread.java:748)
2019-09-24 17:10:39,431 WARN  ratis.RaftTestUtil (JavaUtils.java:attempt(158)) - FAILED "waitForLeader-null-(expectLeader? true)", attempt #42/100: java.lang.IllegalStateException: No leader yet : printing ALL groups
  s3:  RUNNING CANDIDATE s3@group-17EB70022112:t2, leader=null, voted=s3, raftlog=s3@group-17EB70022112-SegmentedRaftLog:OPENED:c-1,f-1,i0, conf=-1: [s3:0.0.0.0:42087, s4:0.0.0.0:33912, s0:0.0.0.0:40055, s1:0.0.0.0:37625, s2:0.0.0.0:37369], old=null RUNNING
  s4:  RUNNING CANDIDATE s4@group-17EB70022112:t2, leader=null, voted=s4, raftlog=s4@group-17EB70022112-SegmentedRaftLog:OPENED:c-1,f-1,i0, conf=-1: [s3:0.0.0.0:42087, s4:0.0.0.0:33912, s0:0.0.0.0:40055, s1:0.0.0.0:37625, s2:0.0.0.0:37369], old=null RUNNING
  s0:  RUNNING CANDIDATE s0@group-17EB70022112:t2, leader=null, voted=s0, raftlog=s0@group-17EB70022112-SegmentedRaftLog:OPENED:c-1,f-1,i0, conf=-1: [s3:0.0.0.0:42087, s4:0.0.0.0:33912, s0:0.0.0.0:40055, s1:0.0.0.0:37625, s2:0.0.0.0:37369], old=null RUNNING
  s1:  RUNNING CANDIDATE s1@group-17EB70022112:t2, leader=null, voted=s1, raftlog=s1@group-17EB70022112-SegmentedRaftLog:OPENED:c-1,f-1,i0, conf=-1: [s3:0.0.0.0:42087, s4:0.0.0.0:33912, s0:0.0.0.0:40055, s1:0.0.0.0:37625, s2:0.0.0.0:37369], old=null RUNNING
  s2:  RUNNING CANDIDATE s2@group-17EB70022112:t2, leader=null, voted=s2, raftlog=s2@group-17EB70022112-SegmentedRaftLog:OPENED:c-1,f-1,i0, conf=-1: [s3:0.0.0.0:42087, s4:0.0.0.0:33912, s0:0.0.0.0:40055, s1:0.0.0.0:37625, s2:0.0.0.0:37369], old=null RUNNING, sleep 450ms and then retry.
java.lang.IllegalStateException: No leader yet : printing ALL groups
  s3:  RUNNING CANDIDATE s3@group-17EB70022112:t2, leader=null, voted=s3, raftlog=s3@group-17EB70022112-SegmentedRaftLog:OPENED:c-1,f-1,i0, conf=-1: [s3:0.0.0.0:42087, s4:0.0.0.0:33912, s0:0.0.0.0:40055, s1:0.0.0.0:37625, s2:0.0.0.0:37369], old=null RUNNING
  s4:  RUNNING CANDIDATE s4@group-17EB70022112:t2, leader=null, voted=s4, raftlog=s4@group-17EB70022112-SegmentedRaftLog:OPENED:c-1,f-1,i0, conf=-1: [s3:0.0.0.0:42087, s4:0.0.0.0:33912, s0:0.0.0.0:40055, s1:0.0.0.0:37625, s2:0.0.0.0:37369], old=null RUNNING
  s0:  RUNNING CANDIDATE s0@group-17EB70022112:t2, leader=null, voted=s0, raftlog=s0@group-17EB70022112-SegmentedRaftLog:OPENED:c-1,f-1,i0, conf=-1: [s3:0.0.0.0:42087, s4:0.0.0.0:33912, s0:0.0.0.0:40055, s1:0.0.0.0:37625, s2:0.0.0.0:37369], old=null RUNNING
  s1:  RUNNING CANDIDATE s1@group-17EB70022112:t2, leader=null, voted=s1, raftlog=s1@group-17EB70022112-SegmentedRaftLog:OPENED:c-1,f-1,i0, conf=-1: [s3:0.0.0.0:42087, s4:0.0.0.0:33912, s0:0.0.0.0:40055, s1:0.0.0.0:37625, s2:0.0.0.0:37369], old=null RUNNING
  s2:  RUNNING CANDIDATE s2@group-17EB70022112:t2, leader=null, voted=s2, raftlog=s2@group-17EB70022112-SegmentedRaftLog:OPENED:c-1,f-1,i0, conf=-1: [s3:0.0.0.0:42087, s4:0.0.0.0:33912, s0:0.0.0.0:40055, s1:0.0.0.0:37625, s2:0.0.0.0:37369], old=null RUNNING
	at org.apache.ratis.MiniRaftCluster.newIllegalStateExceptionForNoLeaders(MiniRaftCluster.java:506)
	at org.apache.ratis.RaftTestUtil.lambda$waitForLeader$1(RaftTestUtil.java:90)
	at org.apache.ratis.MiniRaftCluster.getLeader(MiniRaftCluster.java:539)
	at org.apache.ratis.MiniRaftCluster.getLeader(MiniRaftCluster.java:532)
	at org.apache.ratis.RaftTestUtil.lambda$waitForLeader$3(RaftTestUtil.java:98)
	at org.apache.ratis.util.JavaUtils.attempt(JavaUtils.java:152)
	at org.apache.ratis.RaftTestUtil.waitForLeader(RaftTestUtil.java:97)
	at org.apache.ratis.RaftTestUtil.waitForLeader(RaftTestUtil.java:77)
	at org.apache.ratis.RaftTestUtil.waitForLeader(RaftTestUtil.java:72)
	at org.apache.ratis.RaftTestUtil.waitAndKillLeader(RaftTestUtil.java:114)
	at org.apache.ratis.server.impl.LeaderElectionTests.testBasicLeaderElection(LeaderElectionTests.java:63)
	at sun.reflect.NativeMethodAccessorImpl.invoke0(Native Method)
	at sun.reflect.NativeMethodAccessorImpl.invoke(NativeMethodAccessorImpl.java:62)
	at sun.reflect.DelegatingMethodAccessorImpl.invoke(DelegatingMethodAccessorImpl.java:43)
	at java.lang.reflect.Method.invoke(Method.java:498)
	at org.junit.runners.model.FrameworkMethod$1.runReflectiveCall(FrameworkMethod.java:50)
	at org.junit.internal.runners.model.ReflectiveCallable.run(ReflectiveCallable.java:12)
	at org.junit.runners.model.FrameworkMethod.invokeExplosively(FrameworkMethod.java:47)
	at org.junit.internal.runners.statements.InvokeMethod.evaluate(InvokeMethod.java:17)
	at org.junit.internal.runners.statements.RunAfters.evaluate(RunAfters.java:27)
	at org.junit.internal.runners.statements.FailOnTimeout$CallableStatement.call(FailOnTimeout.java:298)
	at org.junit.internal.runners.statements.FailOnTimeout$CallableStatement.call(FailOnTimeout.java:292)
	at java.util.concurrent.FutureTask.run(FutureTask.java:266)
	at java.lang.Thread.run(Thread.java:748)
2019-09-24 17:10:39,882 WARN  ratis.RaftTestUtil (JavaUtils.java:attempt(158)) - FAILED "waitForLeader-null-(expectLeader? true)", attempt #43/100: java.lang.IllegalStateException: No leader yet : printing ALL groups
  s3:  RUNNING CANDIDATE s3@group-17EB70022112:t2, leader=null, voted=s3, raftlog=s3@group-17EB70022112-SegmentedRaftLog:OPENED:c-1,f-1,i0, conf=-1: [s3:0.0.0.0:42087, s4:0.0.0.0:33912, s0:0.0.0.0:40055, s1:0.0.0.0:37625, s2:0.0.0.0:37369], old=null RUNNING
  s4:  RUNNING CANDIDATE s4@group-17EB70022112:t2, leader=null, voted=s4, raftlog=s4@group-17EB70022112-SegmentedRaftLog:OPENED:c-1,f-1,i0, conf=-1: [s3:0.0.0.0:42087, s4:0.0.0.0:33912, s0:0.0.0.0:40055, s1:0.0.0.0:37625, s2:0.0.0.0:37369], old=null RUNNING
  s0:  RUNNING CANDIDATE s0@group-17EB70022112:t2, leader=null, voted=s0, raftlog=s0@group-17EB70022112-SegmentedRaftLog:OPENED:c-1,f-1,i0, conf=-1: [s3:0.0.0.0:42087, s4:0.0.0.0:33912, s0:0.0.0.0:40055, s1:0.0.0.0:37625, s2:0.0.0.0:37369], old=null RUNNING
  s1:  RUNNING CANDIDATE s1@group-17EB70022112:t2, leader=null, voted=s1, raftlog=s1@group-17EB70022112-SegmentedRaftLog:OPENED:c-1,f-1,i0, conf=-1: [s3:0.0.0.0:42087, s4:0.0.0.0:33912, s0:0.0.0.0:40055, s1:0.0.0.0:37625, s2:0.0.0.0:37369], old=null RUNNING
  s2:  RUNNING CANDIDATE s2@group-17EB70022112:t2, leader=null, voted=s2, raftlog=s2@group-17EB70022112-SegmentedRaftLog:OPENED:c-1,f-1,i0, conf=-1: [s3:0.0.0.0:42087, s4:0.0.0.0:33912, s0:0.0.0.0:40055, s1:0.0.0.0:37625, s2:0.0.0.0:37369], old=null RUNNING, sleep 450ms and then retry.
java.lang.IllegalStateException: No leader yet : printing ALL groups
  s3:  RUNNING CANDIDATE s3@group-17EB70022112:t2, leader=null, voted=s3, raftlog=s3@group-17EB70022112-SegmentedRaftLog:OPENED:c-1,f-1,i0, conf=-1: [s3:0.0.0.0:42087, s4:0.0.0.0:33912, s0:0.0.0.0:40055, s1:0.0.0.0:37625, s2:0.0.0.0:37369], old=null RUNNING
  s4:  RUNNING CANDIDATE s4@group-17EB70022112:t2, leader=null, voted=s4, raftlog=s4@group-17EB70022112-SegmentedRaftLog:OPENED:c-1,f-1,i0, conf=-1: [s3:0.0.0.0:42087, s4:0.0.0.0:33912, s0:0.0.0.0:40055, s1:0.0.0.0:37625, s2:0.0.0.0:37369], old=null RUNNING
  s0:  RUNNING CANDIDATE s0@group-17EB70022112:t2, leader=null, voted=s0, raftlog=s0@group-17EB70022112-SegmentedRaftLog:OPENED:c-1,f-1,i0, conf=-1: [s3:0.0.0.0:42087, s4:0.0.0.0:33912, s0:0.0.0.0:40055, s1:0.0.0.0:37625, s2:0.0.0.0:37369], old=null RUNNING
  s1:  RUNNING CANDIDATE s1@group-17EB70022112:t2, leader=null, voted=s1, raftlog=s1@group-17EB70022112-SegmentedRaftLog:OPENED:c-1,f-1,i0, conf=-1: [s3:0.0.0.0:42087, s4:0.0.0.0:33912, s0:0.0.0.0:40055, s1:0.0.0.0:37625, s2:0.0.0.0:37369], old=null RUNNING
  s2:  RUNNING CANDIDATE s2@group-17EB70022112:t2, leader=null, voted=s2, raftlog=s2@group-17EB70022112-SegmentedRaftLog:OPENED:c-1,f-1,i0, conf=-1: [s3:0.0.0.0:42087, s4:0.0.0.0:33912, s0:0.0.0.0:40055, s1:0.0.0.0:37625, s2:0.0.0.0:37369], old=null RUNNING
	at org.apache.ratis.MiniRaftCluster.newIllegalStateExceptionForNoLeaders(MiniRaftCluster.java:506)
	at org.apache.ratis.RaftTestUtil.lambda$waitForLeader$1(RaftTestUtil.java:90)
	at org.apache.ratis.MiniRaftCluster.getLeader(MiniRaftCluster.java:539)
	at org.apache.ratis.MiniRaftCluster.getLeader(MiniRaftCluster.java:532)
	at org.apache.ratis.RaftTestUtil.lambda$waitForLeader$3(RaftTestUtil.java:98)
	at org.apache.ratis.util.JavaUtils.attempt(JavaUtils.java:152)
	at org.apache.ratis.RaftTestUtil.waitForLeader(RaftTestUtil.java:97)
	at org.apache.ratis.RaftTestUtil.waitForLeader(RaftTestUtil.java:77)
	at org.apache.ratis.RaftTestUtil.waitForLeader(RaftTestUtil.java:72)
	at org.apache.ratis.RaftTestUtil.waitAndKillLeader(RaftTestUtil.java:114)
	at org.apache.ratis.server.impl.LeaderElectionTests.testBasicLeaderElection(LeaderElectionTests.java:63)
	at sun.reflect.NativeMethodAccessorImpl.invoke0(Native Method)
	at sun.reflect.NativeMethodAccessorImpl.invoke(NativeMethodAccessorImpl.java:62)
	at sun.reflect.DelegatingMethodAccessorImpl.invoke(DelegatingMethodAccessorImpl.java:43)
	at java.lang.reflect.Method.invoke(Method.java:498)
	at org.junit.runners.model.FrameworkMethod$1.runReflectiveCall(FrameworkMethod.java:50)
	at org.junit.internal.runners.model.ReflectiveCallable.run(ReflectiveCallable.java:12)
	at org.junit.runners.model.FrameworkMethod.invokeExplosively(FrameworkMethod.java:47)
	at org.junit.internal.runners.statements.InvokeMethod.evaluate(InvokeMethod.java:17)
	at org.junit.internal.runners.statements.RunAfters.evaluate(RunAfters.java:27)
	at org.junit.internal.runners.statements.FailOnTimeout$CallableStatement.call(FailOnTimeout.java:298)
	at org.junit.internal.runners.statements.FailOnTimeout$CallableStatement.call(FailOnTimeout.java:292)
	at java.util.concurrent.FutureTask.run(FutureTask.java:266)
	at java.lang.Thread.run(Thread.java:748)
2019-09-24 17:10:40,334 WARN  ratis.RaftTestUtil (JavaUtils.java:attempt(158)) - FAILED "waitForLeader-null-(expectLeader? true)", attempt #44/100: java.lang.IllegalStateException: No leader yet : printing ALL groups
  s3:  RUNNING CANDIDATE s3@group-17EB70022112:t2, leader=null, voted=s3, raftlog=s3@group-17EB70022112-SegmentedRaftLog:OPENED:c-1,f-1,i0, conf=-1: [s3:0.0.0.0:42087, s4:0.0.0.0:33912, s0:0.0.0.0:40055, s1:0.0.0.0:37625, s2:0.0.0.0:37369], old=null RUNNING
  s4:  RUNNING CANDIDATE s4@group-17EB70022112:t2, leader=null, voted=s4, raftlog=s4@group-17EB70022112-SegmentedRaftLog:OPENED:c-1,f-1,i0, conf=-1: [s3:0.0.0.0:42087, s4:0.0.0.0:33912, s0:0.0.0.0:40055, s1:0.0.0.0:37625, s2:0.0.0.0:37369], old=null RUNNING
  s0:  RUNNING CANDIDATE s0@group-17EB70022112:t2, leader=null, voted=s0, raftlog=s0@group-17EB70022112-SegmentedRaftLog:OPENED:c-1,f-1,i0, conf=-1: [s3:0.0.0.0:42087, s4:0.0.0.0:33912, s0:0.0.0.0:40055, s1:0.0.0.0:37625, s2:0.0.0.0:37369], old=null RUNNING
  s1:  RUNNING CANDIDATE s1@group-17EB70022112:t2, leader=null, voted=s1, raftlog=s1@group-17EB70022112-SegmentedRaftLog:OPENED:c-1,f-1,i0, conf=-1: [s3:0.0.0.0:42087, s4:0.0.0.0:33912, s0:0.0.0.0:40055, s1:0.0.0.0:37625, s2:0.0.0.0:37369], old=null RUNNING
  s2:  RUNNING CANDIDATE s2@group-17EB70022112:t2, leader=null, voted=s2, raftlog=s2@group-17EB70022112-SegmentedRaftLog:OPENED:c-1,f-1,i0, conf=-1: [s3:0.0.0.0:42087, s4:0.0.0.0:33912, s0:0.0.0.0:40055, s1:0.0.0.0:37625, s2:0.0.0.0:37369], old=null RUNNING, sleep 450ms and then retry.
java.lang.IllegalStateException: No leader yet : printing ALL groups
  s3:  RUNNING CANDIDATE s3@group-17EB70022112:t2, leader=null, voted=s3, raftlog=s3@group-17EB70022112-SegmentedRaftLog:OPENED:c-1,f-1,i0, conf=-1: [s3:0.0.0.0:42087, s4:0.0.0.0:33912, s0:0.0.0.0:40055, s1:0.0.0.0:37625, s2:0.0.0.0:37369], old=null RUNNING
  s4:  RUNNING CANDIDATE s4@group-17EB70022112:t2, leader=null, voted=s4, raftlog=s4@group-17EB70022112-SegmentedRaftLog:OPENED:c-1,f-1,i0, conf=-1: [s3:0.0.0.0:42087, s4:0.0.0.0:33912, s0:0.0.0.0:40055, s1:0.0.0.0:37625, s2:0.0.0.0:37369], old=null RUNNING
  s0:  RUNNING CANDIDATE s0@group-17EB70022112:t2, leader=null, voted=s0, raftlog=s0@group-17EB70022112-SegmentedRaftLog:OPENED:c-1,f-1,i0, conf=-1: [s3:0.0.0.0:42087, s4:0.0.0.0:33912, s0:0.0.0.0:40055, s1:0.0.0.0:37625, s2:0.0.0.0:37369], old=null RUNNING
  s1:  RUNNING CANDIDATE s1@group-17EB70022112:t2, leader=null, voted=s1, raftlog=s1@group-17EB70022112-SegmentedRaftLog:OPENED:c-1,f-1,i0, conf=-1: [s3:0.0.0.0:42087, s4:0.0.0.0:33912, s0:0.0.0.0:40055, s1:0.0.0.0:37625, s2:0.0.0.0:37369], old=null RUNNING
  s2:  RUNNING CANDIDATE s2@group-17EB70022112:t2, leader=null, voted=s2, raftlog=s2@group-17EB70022112-SegmentedRaftLog:OPENED:c-1,f-1,i0, conf=-1: [s3:0.0.0.0:42087, s4:0.0.0.0:33912, s0:0.0.0.0:40055, s1:0.0.0.0:37625, s2:0.0.0.0:37369], old=null RUNNING
	at org.apache.ratis.MiniRaftCluster.newIllegalStateExceptionForNoLeaders(MiniRaftCluster.java:506)
	at org.apache.ratis.RaftTestUtil.lambda$waitForLeader$1(RaftTestUtil.java:90)
	at org.apache.ratis.MiniRaftCluster.getLeader(MiniRaftCluster.java:539)
	at org.apache.ratis.MiniRaftCluster.getLeader(MiniRaftCluster.java:532)
	at org.apache.ratis.RaftTestUtil.lambda$waitForLeader$3(RaftTestUtil.java:98)
	at org.apache.ratis.util.JavaUtils.attempt(JavaUtils.java:152)
	at org.apache.ratis.RaftTestUtil.waitForLeader(RaftTestUtil.java:97)
	at org.apache.ratis.RaftTestUtil.waitForLeader(RaftTestUtil.java:77)
	at org.apache.ratis.RaftTestUtil.waitForLeader(RaftTestUtil.java:72)
	at org.apache.ratis.RaftTestUtil.waitAndKillLeader(RaftTestUtil.java:114)
	at org.apache.ratis.server.impl.LeaderElectionTests.testBasicLeaderElection(LeaderElectionTests.java:63)
	at sun.reflect.NativeMethodAccessorImpl.invoke0(Native Method)
	at sun.reflect.NativeMethodAccessorImpl.invoke(NativeMethodAccessorImpl.java:62)
	at sun.reflect.DelegatingMethodAccessorImpl.invoke(DelegatingMethodAccessorImpl.java:43)
	at java.lang.reflect.Method.invoke(Method.java:498)
	at org.junit.runners.model.FrameworkMethod$1.runReflectiveCall(FrameworkMethod.java:50)
	at org.junit.internal.runners.model.ReflectiveCallable.run(ReflectiveCallable.java:12)
	at org.junit.runners.model.FrameworkMethod.invokeExplosively(FrameworkMethod.java:47)
	at org.junit.internal.runners.statements.InvokeMethod.evaluate(InvokeMethod.java:17)
	at org.junit.internal.runners.statements.RunAfters.evaluate(RunAfters.java:27)
	at org.junit.internal.runners.statements.FailOnTimeout$CallableStatement.call(FailOnTimeout.java:298)
	at org.junit.internal.runners.statements.FailOnTimeout$CallableStatement.call(FailOnTimeout.java:292)
	at java.util.concurrent.FutureTask.run(FutureTask.java:266)
	at java.lang.Thread.run(Thread.java:748)
2019-09-24 17:10:40,785 WARN  ratis.RaftTestUtil (JavaUtils.java:attempt(158)) - FAILED "waitForLeader-null-(expectLeader? true)", attempt #45/100: java.lang.IllegalStateException: No leader yet : printing ALL groups
  s3:  RUNNING CANDIDATE s3@group-17EB70022112:t2, leader=null, voted=s3, raftlog=s3@group-17EB70022112-SegmentedRaftLog:OPENED:c-1,f-1,i0, conf=-1: [s3:0.0.0.0:42087, s4:0.0.0.0:33912, s0:0.0.0.0:40055, s1:0.0.0.0:37625, s2:0.0.0.0:37369], old=null RUNNING
  s4:  RUNNING CANDIDATE s4@group-17EB70022112:t2, leader=null, voted=s4, raftlog=s4@group-17EB70022112-SegmentedRaftLog:OPENED:c-1,f-1,i0, conf=-1: [s3:0.0.0.0:42087, s4:0.0.0.0:33912, s0:0.0.0.0:40055, s1:0.0.0.0:37625, s2:0.0.0.0:37369], old=null RUNNING
  s0:  RUNNING CANDIDATE s0@group-17EB70022112:t2, leader=null, voted=s0, raftlog=s0@group-17EB70022112-SegmentedRaftLog:OPENED:c-1,f-1,i0, conf=-1: [s3:0.0.0.0:42087, s4:0.0.0.0:33912, s0:0.0.0.0:40055, s1:0.0.0.0:37625, s2:0.0.0.0:37369], old=null RUNNING
  s1:  RUNNING CANDIDATE s1@group-17EB70022112:t2, leader=null, voted=s1, raftlog=s1@group-17EB70022112-SegmentedRaftLog:OPENED:c-1,f-1,i0, conf=-1: [s3:0.0.0.0:42087, s4:0.0.0.0:33912, s0:0.0.0.0:40055, s1:0.0.0.0:37625, s2:0.0.0.0:37369], old=null RUNNING
  s2:  RUNNING CANDIDATE s2@group-17EB70022112:t2, leader=null, voted=s2, raftlog=s2@group-17EB70022112-SegmentedRaftLog:OPENED:c-1,f-1,i0, conf=-1: [s3:0.0.0.0:42087, s4:0.0.0.0:33912, s0:0.0.0.0:40055, s1:0.0.0.0:37625, s2:0.0.0.0:37369], old=null RUNNING, sleep 450ms and then retry.
java.lang.IllegalStateException: No leader yet : printing ALL groups
  s3:  RUNNING CANDIDATE s3@group-17EB70022112:t2, leader=null, voted=s3, raftlog=s3@group-17EB70022112-SegmentedRaftLog:OPENED:c-1,f-1,i0, conf=-1: [s3:0.0.0.0:42087, s4:0.0.0.0:33912, s0:0.0.0.0:40055, s1:0.0.0.0:37625, s2:0.0.0.0:37369], old=null RUNNING
  s4:  RUNNING CANDIDATE s4@group-17EB70022112:t2, leader=null, voted=s4, raftlog=s4@group-17EB70022112-SegmentedRaftLog:OPENED:c-1,f-1,i0, conf=-1: [s3:0.0.0.0:42087, s4:0.0.0.0:33912, s0:0.0.0.0:40055, s1:0.0.0.0:37625, s2:0.0.0.0:37369], old=null RUNNING
  s0:  RUNNING CANDIDATE s0@group-17EB70022112:t2, leader=null, voted=s0, raftlog=s0@group-17EB70022112-SegmentedRaftLog:OPENED:c-1,f-1,i0, conf=-1: [s3:0.0.0.0:42087, s4:0.0.0.0:33912, s0:0.0.0.0:40055, s1:0.0.0.0:37625, s2:0.0.0.0:37369], old=null RUNNING
  s1:  RUNNING CANDIDATE s1@group-17EB70022112:t2, leader=null, voted=s1, raftlog=s1@group-17EB70022112-SegmentedRaftLog:OPENED:c-1,f-1,i0, conf=-1: [s3:0.0.0.0:42087, s4:0.0.0.0:33912, s0:0.0.0.0:40055, s1:0.0.0.0:37625, s2:0.0.0.0:37369], old=null RUNNING
  s2:  RUNNING CANDIDATE s2@group-17EB70022112:t2, leader=null, voted=s2, raftlog=s2@group-17EB70022112-SegmentedRaftLog:OPENED:c-1,f-1,i0, conf=-1: [s3:0.0.0.0:42087, s4:0.0.0.0:33912, s0:0.0.0.0:40055, s1:0.0.0.0:37625, s2:0.0.0.0:37369], old=null RUNNING
	at org.apache.ratis.MiniRaftCluster.newIllegalStateExceptionForNoLeaders(MiniRaftCluster.java:506)
	at org.apache.ratis.RaftTestUtil.lambda$waitForLeader$1(RaftTestUtil.java:90)
	at org.apache.ratis.MiniRaftCluster.getLeader(MiniRaftCluster.java:539)
	at org.apache.ratis.MiniRaftCluster.getLeader(MiniRaftCluster.java:532)
	at org.apache.ratis.RaftTestUtil.lambda$waitForLeader$3(RaftTestUtil.java:98)
	at org.apache.ratis.util.JavaUtils.attempt(JavaUtils.java:152)
	at org.apache.ratis.RaftTestUtil.waitForLeader(RaftTestUtil.java:97)
	at org.apache.ratis.RaftTestUtil.waitForLeader(RaftTestUtil.java:77)
	at org.apache.ratis.RaftTestUtil.waitForLeader(RaftTestUtil.java:72)
	at org.apache.ratis.RaftTestUtil.waitAndKillLeader(RaftTestUtil.java:114)
	at org.apache.ratis.server.impl.LeaderElectionTests.testBasicLeaderElection(LeaderElectionTests.java:63)
	at sun.reflect.NativeMethodAccessorImpl.invoke0(Native Method)
	at sun.reflect.NativeMethodAccessorImpl.invoke(NativeMethodAccessorImpl.java:62)
	at sun.reflect.DelegatingMethodAccessorImpl.invoke(DelegatingMethodAccessorImpl.java:43)
	at java.lang.reflect.Method.invoke(Method.java:498)
	at org.junit.runners.model.FrameworkMethod$1.runReflectiveCall(FrameworkMethod.java:50)
	at org.junit.internal.runners.model.ReflectiveCallable.run(ReflectiveCallable.java:12)
	at org.junit.runners.model.FrameworkMethod.invokeExplosively(FrameworkMethod.java:47)
	at org.junit.internal.runners.statements.InvokeMethod.evaluate(InvokeMethod.java:17)
	at org.junit.internal.runners.statements.RunAfters.evaluate(RunAfters.java:27)
	at org.junit.internal.runners.statements.FailOnTimeout$CallableStatement.call(FailOnTimeout.java:298)
	at org.junit.internal.runners.statements.FailOnTimeout$CallableStatement.call(FailOnTimeout.java:292)
	at java.util.concurrent.FutureTask.run(FutureTask.java:266)
	at java.lang.Thread.run(Thread.java:748)
2019-09-24 17:10:40,911 INFO  ratis.MiniRaftCluster (MiniRaftCluster.java:lambda$null$5(297)) - TIMED-PRINT: printing ALL groups
  s3:  RUNNING CANDIDATE s3@group-17EB70022112:t2, leader=null, voted=s3, raftlog=s3@group-17EB70022112-SegmentedRaftLog:OPENED:c-1,f-1,i0, conf=-1: [s3:0.0.0.0:42087, s4:0.0.0.0:33912, s0:0.0.0.0:40055, s1:0.0.0.0:37625, s2:0.0.0.0:37369], old=null RUNNING
  s4:  RUNNING CANDIDATE s4@group-17EB70022112:t2, leader=null, voted=s4, raftlog=s4@group-17EB70022112-SegmentedRaftLog:OPENED:c-1,f-1,i0, conf=-1: [s3:0.0.0.0:42087, s4:0.0.0.0:33912, s0:0.0.0.0:40055, s1:0.0.0.0:37625, s2:0.0.0.0:37369], old=null RUNNING
  s0:  RUNNING CANDIDATE s0@group-17EB70022112:t2, leader=null, voted=s0, raftlog=s0@group-17EB70022112-SegmentedRaftLog:OPENED:c-1,f-1,i0, conf=-1: [s3:0.0.0.0:42087, s4:0.0.0.0:33912, s0:0.0.0.0:40055, s1:0.0.0.0:37625, s2:0.0.0.0:37369], old=null RUNNING
  s1:  RUNNING CANDIDATE s1@group-17EB70022112:t2, leader=null, voted=s1, raftlog=s1@group-17EB70022112-SegmentedRaftLog:OPENED:c-1,f-1,i0, conf=-1: [s3:0.0.0.0:42087, s4:0.0.0.0:33912, s0:0.0.0.0:40055, s1:0.0.0.0:37625, s2:0.0.0.0:37369], old=null RUNNING
  s2:  RUNNING CANDIDATE s2@group-17EB70022112:t2, leader=null, voted=s2, raftlog=s2@group-17EB70022112-SegmentedRaftLog:OPENED:c-1,f-1,i0, conf=-1: [s3:0.0.0.0:42087, s4:0.0.0.0:33912, s0:0.0.0.0:40055, s1:0.0.0.0:37625, s2:0.0.0.0:37369], old=null RUNNING
2019-09-24 17:10:41,236 WARN  ratis.RaftTestUtil (JavaUtils.java:attempt(158)) - FAILED "waitForLeader-null-(expectLeader? true)", attempt #46/100: java.lang.IllegalStateException: No leader yet : printing ALL groups
  s3:  RUNNING CANDIDATE s3@group-17EB70022112:t2, leader=null, voted=s3, raftlog=s3@group-17EB70022112-SegmentedRaftLog:OPENED:c-1,f-1,i0, conf=-1: [s3:0.0.0.0:42087, s4:0.0.0.0:33912, s0:0.0.0.0:40055, s1:0.0.0.0:37625, s2:0.0.0.0:37369], old=null RUNNING
  s4:  RUNNING CANDIDATE s4@group-17EB70022112:t2, leader=null, voted=s4, raftlog=s4@group-17EB70022112-SegmentedRaftLog:OPENED:c-1,f-1,i0, conf=-1: [s3:0.0.0.0:42087, s4:0.0.0.0:33912, s0:0.0.0.0:40055, s1:0.0.0.0:37625, s2:0.0.0.0:37369], old=null RUNNING
  s0:  RUNNING CANDIDATE s0@group-17EB70022112:t2, leader=null, voted=s0, raftlog=s0@group-17EB70022112-SegmentedRaftLog:OPENED:c-1,f-1,i0, conf=-1: [s3:0.0.0.0:42087, s4:0.0.0.0:33912, s0:0.0.0.0:40055, s1:0.0.0.0:37625, s2:0.0.0.0:37369], old=null RUNNING
  s1:  RUNNING CANDIDATE s1@group-17EB70022112:t2, leader=null, voted=s1, raftlog=s1@group-17EB70022112-SegmentedRaftLog:OPENED:c-1,f-1,i0, conf=-1: [s3:0.0.0.0:42087, s4:0.0.0.0:33912, s0:0.0.0.0:40055, s1:0.0.0.0:37625, s2:0.0.0.0:37369], old=null RUNNING
  s2:  RUNNING CANDIDATE s2@group-17EB70022112:t2, leader=null, voted=s2, raftlog=s2@group-17EB70022112-SegmentedRaftLog:OPENED:c-1,f-1,i0, conf=-1: [s3:0.0.0.0:42087, s4:0.0.0.0:33912, s0:0.0.0.0:40055, s1:0.0.0.0:37625, s2:0.0.0.0:37369], old=null RUNNING, sleep 450ms and then retry.
java.lang.IllegalStateException: No leader yet : printing ALL groups
  s3:  RUNNING CANDIDATE s3@group-17EB70022112:t2, leader=null, voted=s3, raftlog=s3@group-17EB70022112-SegmentedRaftLog:OPENED:c-1,f-1,i0, conf=-1: [s3:0.0.0.0:42087, s4:0.0.0.0:33912, s0:0.0.0.0:40055, s1:0.0.0.0:37625, s2:0.0.0.0:37369], old=null RUNNING
  s4:  RUNNING CANDIDATE s4@group-17EB70022112:t2, leader=null, voted=s4, raftlog=s4@group-17EB70022112-SegmentedRaftLog:OPENED:c-1,f-1,i0, conf=-1: [s3:0.0.0.0:42087, s4:0.0.0.0:33912, s0:0.0.0.0:40055, s1:0.0.0.0:37625, s2:0.0.0.0:37369], old=null RUNNING
  s0:  RUNNING CANDIDATE s0@group-17EB70022112:t2, leader=null, voted=s0, raftlog=s0@group-17EB70022112-SegmentedRaftLog:OPENED:c-1,f-1,i0, conf=-1: [s3:0.0.0.0:42087, s4:0.0.0.0:33912, s0:0.0.0.0:40055, s1:0.0.0.0:37625, s2:0.0.0.0:37369], old=null RUNNING
  s1:  RUNNING CANDIDATE s1@group-17EB70022112:t2, leader=null, voted=s1, raftlog=s1@group-17EB70022112-SegmentedRaftLog:OPENED:c-1,f-1,i0, conf=-1: [s3:0.0.0.0:42087, s4:0.0.0.0:33912, s0:0.0.0.0:40055, s1:0.0.0.0:37625, s2:0.0.0.0:37369], old=null RUNNING
  s2:  RUNNING CANDIDATE s2@group-17EB70022112:t2, leader=null, voted=s2, raftlog=s2@group-17EB70022112-SegmentedRaftLog:OPENED:c-1,f-1,i0, conf=-1: [s3:0.0.0.0:42087, s4:0.0.0.0:33912, s0:0.0.0.0:40055, s1:0.0.0.0:37625, s2:0.0.0.0:37369], old=null RUNNING
	at org.apache.ratis.MiniRaftCluster.newIllegalStateExceptionForNoLeaders(MiniRaftCluster.java:506)
	at org.apache.ratis.RaftTestUtil.lambda$waitForLeader$1(RaftTestUtil.java:90)
	at org.apache.ratis.MiniRaftCluster.getLeader(MiniRaftCluster.java:539)
	at org.apache.ratis.MiniRaftCluster.getLeader(MiniRaftCluster.java:532)
	at org.apache.ratis.RaftTestUtil.lambda$waitForLeader$3(RaftTestUtil.java:98)
	at org.apache.ratis.util.JavaUtils.attempt(JavaUtils.java:152)
	at org.apache.ratis.RaftTestUtil.waitForLeader(RaftTestUtil.java:97)
	at org.apache.ratis.RaftTestUtil.waitForLeader(RaftTestUtil.java:77)
	at org.apache.ratis.RaftTestUtil.waitForLeader(RaftTestUtil.java:72)
	at org.apache.ratis.RaftTestUtil.waitAndKillLeader(RaftTestUtil.java:114)
	at org.apache.ratis.server.impl.LeaderElectionTests.testBasicLeaderElection(LeaderElectionTests.java:63)
	at sun.reflect.NativeMethodAccessorImpl.invoke0(Native Method)
	at sun.reflect.NativeMethodAccessorImpl.invoke(NativeMethodAccessorImpl.java:62)
	at sun.reflect.DelegatingMethodAccessorImpl.invoke(DelegatingMethodAccessorImpl.java:43)
	at java.lang.reflect.Method.invoke(Method.java:498)
	at org.junit.runners.model.FrameworkMethod$1.runReflectiveCall(FrameworkMethod.java:50)
	at org.junit.internal.runners.model.ReflectiveCallable.run(ReflectiveCallable.java:12)
	at org.junit.runners.model.FrameworkMethod.invokeExplosively(FrameworkMethod.java:47)
	at org.junit.internal.runners.statements.InvokeMethod.evaluate(InvokeMethod.java:17)
	at org.junit.internal.runners.statements.RunAfters.evaluate(RunAfters.java:27)
	at org.junit.internal.runners.statements.FailOnTimeout$CallableStatement.call(FailOnTimeout.java:298)
	at org.junit.internal.runners.statements.FailOnTimeout$CallableStatement.call(FailOnTimeout.java:292)
	at java.util.concurrent.FutureTask.run(FutureTask.java:266)
	at java.lang.Thread.run(Thread.java:748)
2019-09-24 17:10:41,689 WARN  ratis.RaftTestUtil (JavaUtils.java:attempt(158)) - FAILED "waitForLeader-null-(expectLeader? true)", attempt #47/100: java.lang.IllegalStateException: No leader yet : printing ALL groups
  s3:  RUNNING CANDIDATE s3@group-17EB70022112:t2, leader=null, voted=s3, raftlog=s3@group-17EB70022112-SegmentedRaftLog:OPENED:c-1,f-1,i0, conf=-1: [s3:0.0.0.0:42087, s4:0.0.0.0:33912, s0:0.0.0.0:40055, s1:0.0.0.0:37625, s2:0.0.0.0:37369], old=null RUNNING
  s4:  RUNNING CANDIDATE s4@group-17EB70022112:t2, leader=null, voted=s4, raftlog=s4@group-17EB70022112-SegmentedRaftLog:OPENED:c-1,f-1,i0, conf=-1: [s3:0.0.0.0:42087, s4:0.0.0.0:33912, s0:0.0.0.0:40055, s1:0.0.0.0:37625, s2:0.0.0.0:37369], old=null RUNNING
  s0:  RUNNING CANDIDATE s0@group-17EB70022112:t2, leader=null, voted=s0, raftlog=s0@group-17EB70022112-SegmentedRaftLog:OPENED:c-1,f-1,i0, conf=-1: [s3:0.0.0.0:42087, s4:0.0.0.0:33912, s0:0.0.0.0:40055, s1:0.0.0.0:37625, s2:0.0.0.0:37369], old=null RUNNING
  s1:  RUNNING CANDIDATE s1@group-17EB70022112:t2, leader=null, voted=s1, raftlog=s1@group-17EB70022112-SegmentedRaftLog:OPENED:c-1,f-1,i0, conf=-1: [s3:0.0.0.0:42087, s4:0.0.0.0:33912, s0:0.0.0.0:40055, s1:0.0.0.0:37625, s2:0.0.0.0:37369], old=null RUNNING
  s2:  RUNNING CANDIDATE s2@group-17EB70022112:t2, leader=null, voted=s2, raftlog=s2@group-17EB70022112-SegmentedRaftLog:OPENED:c-1,f-1,i0, conf=-1: [s3:0.0.0.0:42087, s4:0.0.0.0:33912, s0:0.0.0.0:40055, s1:0.0.0.0:37625, s2:0.0.0.0:37369], old=null RUNNING, sleep 450ms and then retry.
java.lang.IllegalStateException: No leader yet : printing ALL groups
  s3:  RUNNING CANDIDATE s3@group-17EB70022112:t2, leader=null, voted=s3, raftlog=s3@group-17EB70022112-SegmentedRaftLog:OPENED:c-1,f-1,i0, conf=-1: [s3:0.0.0.0:42087, s4:0.0.0.0:33912, s0:0.0.0.0:40055, s1:0.0.0.0:37625, s2:0.0.0.0:37369], old=null RUNNING
  s4:  RUNNING CANDIDATE s4@group-17EB70022112:t2, leader=null, voted=s4, raftlog=s4@group-17EB70022112-SegmentedRaftLog:OPENED:c-1,f-1,i0, conf=-1: [s3:0.0.0.0:42087, s4:0.0.0.0:33912, s0:0.0.0.0:40055, s1:0.0.0.0:37625, s2:0.0.0.0:37369], old=null RUNNING
  s0:  RUNNING CANDIDATE s0@group-17EB70022112:t2, leader=null, voted=s0, raftlog=s0@group-17EB70022112-SegmentedRaftLog:OPENED:c-1,f-1,i0, conf=-1: [s3:0.0.0.0:42087, s4:0.0.0.0:33912, s0:0.0.0.0:40055, s1:0.0.0.0:37625, s2:0.0.0.0:37369], old=null RUNNING
  s1:  RUNNING CANDIDATE s1@group-17EB70022112:t2, leader=null, voted=s1, raftlog=s1@group-17EB70022112-SegmentedRaftLog:OPENED:c-1,f-1,i0, conf=-1: [s3:0.0.0.0:42087, s4:0.0.0.0:33912, s0:0.0.0.0:40055, s1:0.0.0.0:37625, s2:0.0.0.0:37369], old=null RUNNING
  s2:  RUNNING CANDIDATE s2@group-17EB70022112:t2, leader=null, voted=s2, raftlog=s2@group-17EB70022112-SegmentedRaftLog:OPENED:c-1,f-1,i0, conf=-1: [s3:0.0.0.0:42087, s4:0.0.0.0:33912, s0:0.0.0.0:40055, s1:0.0.0.0:37625, s2:0.0.0.0:37369], old=null RUNNING
	at org.apache.ratis.MiniRaftCluster.newIllegalStateExceptionForNoLeaders(MiniRaftCluster.java:506)
	at org.apache.ratis.RaftTestUtil.lambda$waitForLeader$1(RaftTestUtil.java:90)
	at org.apache.ratis.MiniRaftCluster.getLeader(MiniRaftCluster.java:539)
	at org.apache.ratis.MiniRaftCluster.getLeader(MiniRaftCluster.java:532)
	at org.apache.ratis.RaftTestUtil.lambda$waitForLeader$3(RaftTestUtil.java:98)
	at org.apache.ratis.util.JavaUtils.attempt(JavaUtils.java:152)
	at org.apache.ratis.RaftTestUtil.waitForLeader(RaftTestUtil.java:97)
	at org.apache.ratis.RaftTestUtil.waitForLeader(RaftTestUtil.java:77)
	at org.apache.ratis.RaftTestUtil.waitForLeader(RaftTestUtil.java:72)
	at org.apache.ratis.RaftTestUtil.waitAndKillLeader(RaftTestUtil.java:114)
	at org.apache.ratis.server.impl.LeaderElectionTests.testBasicLeaderElection(LeaderElectionTests.java:63)
	at sun.reflect.NativeMethodAccessorImpl.invoke0(Native Method)
	at sun.reflect.NativeMethodAccessorImpl.invoke(NativeMethodAccessorImpl.java:62)
	at sun.reflect.DelegatingMethodAccessorImpl.invoke(DelegatingMethodAccessorImpl.java:43)
	at java.lang.reflect.Method.invoke(Method.java:498)
	at org.junit.runners.model.FrameworkMethod$1.runReflectiveCall(FrameworkMethod.java:50)
	at org.junit.internal.runners.model.ReflectiveCallable.run(ReflectiveCallable.java:12)
	at org.junit.runners.model.FrameworkMethod.invokeExplosively(FrameworkMethod.java:47)
	at org.junit.internal.runners.statements.InvokeMethod.evaluate(InvokeMethod.java:17)
	at org.junit.internal.runners.statements.RunAfters.evaluate(RunAfters.java:27)
	at org.junit.internal.runners.statements.FailOnTimeout$CallableStatement.call(FailOnTimeout.java:298)
	at org.junit.internal.runners.statements.FailOnTimeout$CallableStatement.call(FailOnTimeout.java:292)
	at java.util.concurrent.FutureTask.run(FutureTask.java:266)
	at java.lang.Thread.run(Thread.java:748)
2019-09-24 17:10:41,967 INFO  impl.LeaderElection (LeaderElection.java:askForVotes(178)) - s0@group-17EB70022112-LeaderElection51: begin an election at term 2 for -1: [s3:0.0.0.0:42087, s4:0.0.0.0:33912, s0:0.0.0.0:40055, s1:0.0.0.0:37625, s2:0.0.0.0:37369], old=null
2019-09-24 17:10:41,967 DEBUG impl.RaftServerImpl (RaftServerImpl.java:requestVote(775)) - s0@group-17EB70022112 replies to vote request: s4<-s0#0:FAIL-t2. Peer's state: s0@group-17EB70022112:t2, leader=null, voted=s0, raftlog=s0@group-17EB70022112-SegmentedRaftLog:OPENED:c-1,f-1,i0, conf=-1: [s3:0.0.0.0:42087, s4:0.0.0.0:33912, s0:0.0.0.0:40055, s1:0.0.0.0:37625, s2:0.0.0.0:37369], old=null
2019-09-24 17:10:41,969 DEBUG impl.RaftServerImpl (RaftServerImpl.java:requestVote(775)) - s0@group-17EB70022112 replies to vote request: s3<-s0#0:FAIL-t2. Peer's state: s0@group-17EB70022112:t2, leader=null, voted=s0, raftlog=s0@group-17EB70022112-SegmentedRaftLog:OPENED:c-1,f-1,i0, conf=-1: [s3:0.0.0.0:42087, s4:0.0.0.0:33912, s0:0.0.0.0:40055, s1:0.0.0.0:37625, s2:0.0.0.0:37369], old=null
2019-09-24 17:10:41,969 DEBUG impl.RaftServerImpl (RaftServerImpl.java:requestVote(775)) - s0@group-17EB70022112 replies to vote request: s1<-s0#0:FAIL-t2. Peer's state: s0@group-17EB70022112:t2, leader=null, voted=s0, raftlog=s0@group-17EB70022112-SegmentedRaftLog:OPENED:c-1,f-1,i0, conf=-1: [s3:0.0.0.0:42087, s4:0.0.0.0:33912, s0:0.0.0.0:40055, s1:0.0.0.0:37625, s2:0.0.0.0:37369], old=null
2019-09-24 17:10:41,970 DEBUG impl.RaftServerImpl (RaftServerImpl.java:requestVote(743)) - s3@group-17EB70022112: receive requestVote(s0, group-17EB70022112, 2, (t:0, i:0))
2019-09-24 17:10:41,970 DEBUG impl.RaftServerImpl (RaftServerImpl.java:requestVote(743)) - s4@group-17EB70022112: receive requestVote(s0, group-17EB70022112, 2, (t:0, i:0))
2019-09-24 17:10:41,971 DEBUG impl.RaftServerImpl (RaftServerImpl.java:requestVote(743)) - s1@group-17EB70022112: receive requestVote(s0, group-17EB70022112, 2, (t:0, i:0))
2019-09-24 17:10:41,971 DEBUG impl.RaftServerImpl (RaftServerImpl.java:requestVote(743)) - s2@group-17EB70022112: receive requestVote(s0, group-17EB70022112, 2, (t:0, i:0))
2019-09-24 17:10:41,981 DEBUG impl.RaftServerImpl (RaftServerImpl.java:requestVote(743)) - s0@group-17EB70022112: receive requestVote(s2, group-17EB70022112, 1, (t:0, i:0))
2019-09-24 17:10:41,981 DEBUG impl.RaftServerImpl (RaftServerImpl.java:requestVote(775)) - s0@group-17EB70022112 replies to vote request: s2<-s0#0:FAIL-t2. Peer's state: s0@group-17EB70022112:t2, leader=null, voted=s0, raftlog=s0@group-17EB70022112-SegmentedRaftLog:OPENED:c-1,f-1,i0, conf=-1: [s3:0.0.0.0:42087, s4:0.0.0.0:33912, s0:0.0.0.0:40055, s1:0.0.0.0:37625, s2:0.0.0.0:37369], old=null
2019-09-24 17:10:42,140 WARN  ratis.RaftTestUtil (JavaUtils.java:attempt(158)) - FAILED "waitForLeader-null-(expectLeader? true)", attempt #48/100: java.lang.IllegalStateException: No leader yet : printing ALL groups
  s3:  RUNNING CANDIDATE s3@group-17EB70022112:t2, leader=null, voted=s3, raftlog=s3@group-17EB70022112-SegmentedRaftLog:OPENED:c-1,f-1,i0, conf=-1: [s3:0.0.0.0:42087, s4:0.0.0.0:33912, s0:0.0.0.0:40055, s1:0.0.0.0:37625, s2:0.0.0.0:37369], old=null RUNNING
  s4:  RUNNING CANDIDATE s4@group-17EB70022112:t2, leader=null, voted=s4, raftlog=s4@group-17EB70022112-SegmentedRaftLog:OPENED:c-1,f-1,i0, conf=-1: [s3:0.0.0.0:42087, s4:0.0.0.0:33912, s0:0.0.0.0:40055, s1:0.0.0.0:37625, s2:0.0.0.0:37369], old=null RUNNING
  s0:  RUNNING CANDIDATE s0@group-17EB70022112:t2, leader=null, voted=s0, raftlog=s0@group-17EB70022112-SegmentedRaftLog:OPENED:c-1,f-1,i0, conf=-1: [s3:0.0.0.0:42087, s4:0.0.0.0:33912, s0:0.0.0.0:40055, s1:0.0.0.0:37625, s2:0.0.0.0:37369], old=null RUNNING
  s1:  RUNNING CANDIDATE s1@group-17EB70022112:t2, leader=null, voted=s1, raftlog=s1@group-17EB70022112-SegmentedRaftLog:OPENED:c-1,f-1,i0, conf=-1: [s3:0.0.0.0:42087, s4:0.0.0.0:33912, s0:0.0.0.0:40055, s1:0.0.0.0:37625, s2:0.0.0.0:37369], old=null RUNNING
  s2:  RUNNING CANDIDATE s2@group-17EB70022112:t2, leader=null, voted=s2, raftlog=s2@group-17EB70022112-SegmentedRaftLog:OPENED:c-1,f-1,i0, conf=-1: [s3:0.0.0.0:42087, s4:0.0.0.0:33912, s0:0.0.0.0:40055, s1:0.0.0.0:37625, s2:0.0.0.0:37369], old=null RUNNING, sleep 450ms and then retry.
java.lang.IllegalStateException: No leader yet : printing ALL groups
  s3:  RUNNING CANDIDATE s3@group-17EB70022112:t2, leader=null, voted=s3, raftlog=s3@group-17EB70022112-SegmentedRaftLog:OPENED:c-1,f-1,i0, conf=-1: [s3:0.0.0.0:42087, s4:0.0.0.0:33912, s0:0.0.0.0:40055, s1:0.0.0.0:37625, s2:0.0.0.0:37369], old=null RUNNING
  s4:  RUNNING CANDIDATE s4@group-17EB70022112:t2, leader=null, voted=s4, raftlog=s4@group-17EB70022112-SegmentedRaftLog:OPENED:c-1,f-1,i0, conf=-1: [s3:0.0.0.0:42087, s4:0.0.0.0:33912, s0:0.0.0.0:40055, s1:0.0.0.0:37625, s2:0.0.0.0:37369], old=null RUNNING
  s0:  RUNNING CANDIDATE s0@group-17EB70022112:t2, leader=null, voted=s0, raftlog=s0@group-17EB70022112-SegmentedRaftLog:OPENED:c-1,f-1,i0, conf=-1: [s3:0.0.0.0:42087, s4:0.0.0.0:33912, s0:0.0.0.0:40055, s1:0.0.0.0:37625, s2:0.0.0.0:37369], old=null RUNNING
  s1:  RUNNING CANDIDATE s1@group-17EB70022112:t2, leader=null, voted=s1, raftlog=s1@group-17EB70022112-SegmentedRaftLog:OPENED:c-1,f-1,i0, conf=-1: [s3:0.0.0.0:42087, s4:0.0.0.0:33912, s0:0.0.0.0:40055, s1:0.0.0.0:37625, s2:0.0.0.0:37369], old=null RUNNING
  s2:  RUNNING CANDIDATE s2@group-17EB70022112:t2, leader=null, voted=s2, raftlog=s2@group-17EB70022112-SegmentedRaftLog:OPENED:c-1,f-1,i0, conf=-1: [s3:0.0.0.0:42087, s4:0.0.0.0:33912, s0:0.0.0.0:40055, s1:0.0.0.0:37625, s2:0.0.0.0:37369], old=null RUNNING
	at org.apache.ratis.MiniRaftCluster.newIllegalStateExceptionForNoLeaders(MiniRaftCluster.java:506)
	at org.apache.ratis.RaftTestUtil.lambda$waitForLeader$1(RaftTestUtil.java:90)
	at org.apache.ratis.MiniRaftCluster.getLeader(MiniRaftCluster.java:539)
	at org.apache.ratis.MiniRaftCluster.getLeader(MiniRaftCluster.java:532)
	at org.apache.ratis.RaftTestUtil.lambda$waitForLeader$3(RaftTestUtil.java:98)
	at org.apache.ratis.util.JavaUtils.attempt(JavaUtils.java:152)
	at org.apache.ratis.RaftTestUtil.waitForLeader(RaftTestUtil.java:97)
	at org.apache.ratis.RaftTestUtil.waitForLeader(RaftTestUtil.java:77)
	at org.apache.ratis.RaftTestUtil.waitForLeader(RaftTestUtil.java:72)
	at org.apache.ratis.RaftTestUtil.waitAndKillLeader(RaftTestUtil.java:114)
	at org.apache.ratis.server.impl.LeaderElectionTests.testBasicLeaderElection(LeaderElectionTests.java:63)
	at sun.reflect.NativeMethodAccessorImpl.invoke0(Native Method)
	at sun.reflect.NativeMethodAccessorImpl.invoke(NativeMethodAccessorImpl.java:62)
	at sun.reflect.DelegatingMethodAccessorImpl.invoke(DelegatingMethodAccessorImpl.java:43)
	at java.lang.reflect.Method.invoke(Method.java:498)
	at org.junit.runners.model.FrameworkMethod$1.runReflectiveCall(FrameworkMethod.java:50)
	at org.junit.internal.runners.model.ReflectiveCallable.run(ReflectiveCallable.java:12)
	at org.junit.runners.model.FrameworkMethod.invokeExplosively(FrameworkMethod.java:47)
	at org.junit.internal.runners.statements.InvokeMethod.evaluate(InvokeMethod.java:17)
	at org.junit.internal.runners.statements.RunAfters.evaluate(RunAfters.java:27)
	at org.junit.internal.runners.statements.FailOnTimeout$CallableStatement.call(FailOnTimeout.java:298)
	at org.junit.internal.runners.statements.FailOnTimeout$CallableStatement.call(FailOnTimeout.java:292)
	at java.util.concurrent.FutureTask.run(FutureTask.java:266)
	at java.lang.Thread.run(Thread.java:748)
2019-09-24 17:10:42,219 INFO  impl.LeaderElection (LeaderElection.java:logAndReturn(56)) - s0@group-17EB70022112-LeaderElection51: Election TIMEOUT; received 0 response(s) [] and 0 exception(s); s0@group-17EB70022112:t2, leader=null, voted=s0, raftlog=s0@group-17EB70022112-SegmentedRaftLog:OPENED:c-1,f-1,i0, conf=-1: [s3:0.0.0.0:42087, s4:0.0.0.0:33912, s0:0.0.0.0:40055, s1:0.0.0.0:37625, s2:0.0.0.0:37369], old=null
2019-09-24 17:10:42,592 WARN  ratis.RaftTestUtil (JavaUtils.java:attempt(158)) - FAILED "waitForLeader-null-(expectLeader? true)", attempt #49/100: java.lang.IllegalStateException: No leader yet : printing ALL groups
  s3:  RUNNING CANDIDATE s3@group-17EB70022112:t2, leader=null, voted=s3, raftlog=s3@group-17EB70022112-SegmentedRaftLog:OPENED:c-1,f-1,i0, conf=-1: [s3:0.0.0.0:42087, s4:0.0.0.0:33912, s0:0.0.0.0:40055, s1:0.0.0.0:37625, s2:0.0.0.0:37369], old=null RUNNING
  s4:  RUNNING CANDIDATE s4@group-17EB70022112:t2, leader=null, voted=s4, raftlog=s4@group-17EB70022112-SegmentedRaftLog:OPENED:c-1,f-1,i0, conf=-1: [s3:0.0.0.0:42087, s4:0.0.0.0:33912, s0:0.0.0.0:40055, s1:0.0.0.0:37625, s2:0.0.0.0:37369], old=null RUNNING
  s0:  RUNNING CANDIDATE s0@group-17EB70022112:t3, leader=null, voted=s0, raftlog=s0@group-17EB70022112-SegmentedRaftLog:OPENED:c-1,f-1,i0, conf=-1: [s3:0.0.0.0:42087, s4:0.0.0.0:33912, s0:0.0.0.0:40055, s1:0.0.0.0:37625, s2:0.0.0.0:37369], old=null RUNNING
  s1:  RUNNING CANDIDATE s1@group-17EB70022112:t2, leader=null, voted=s1, raftlog=s1@group-17EB70022112-SegmentedRaftLog:OPENED:c-1,f-1,i0, conf=-1: [s3:0.0.0.0:42087, s4:0.0.0.0:33912, s0:0.0.0.0:40055, s1:0.0.0.0:37625, s2:0.0.0.0:37369], old=null RUNNING
  s2:  RUNNING CANDIDATE s2@group-17EB70022112:t2, leader=null, voted=s2, raftlog=s2@group-17EB70022112-SegmentedRaftLog:OPENED:c-1,f-1,i0, conf=-1: [s3:0.0.0.0:42087, s4:0.0.0.0:33912, s0:0.0.0.0:40055, s1:0.0.0.0:37625, s2:0.0.0.0:37369], old=null RUNNING, sleep 450ms and then retry.
java.lang.IllegalStateException: No leader yet : printing ALL groups
  s3:  RUNNING CANDIDATE s3@group-17EB70022112:t2, leader=null, voted=s3, raftlog=s3@group-17EB70022112-SegmentedRaftLog:OPENED:c-1,f-1,i0, conf=-1: [s3:0.0.0.0:42087, s4:0.0.0.0:33912, s0:0.0.0.0:40055, s1:0.0.0.0:37625, s2:0.0.0.0:37369], old=null RUNNING
  s4:  RUNNING CANDIDATE s4@group-17EB70022112:t2, leader=null, voted=s4, raftlog=s4@group-17EB70022112-SegmentedRaftLog:OPENED:c-1,f-1,i0, conf=-1: [s3:0.0.0.0:42087, s4:0.0.0.0:33912, s0:0.0.0.0:40055, s1:0.0.0.0:37625, s2:0.0.0.0:37369], old=null RUNNING
  s0:  RUNNING CANDIDATE s0@group-17EB70022112:t3, leader=null, voted=s0, raftlog=s0@group-17EB70022112-SegmentedRaftLog:OPENED:c-1,f-1,i0, conf=-1: [s3:0.0.0.0:42087, s4:0.0.0.0:33912, s0:0.0.0.0:40055, s1:0.0.0.0:37625, s2:0.0.0.0:37369], old=null RUNNING
  s1:  RUNNING CANDIDATE s1@group-17EB70022112:t2, leader=null, voted=s1, raftlog=s1@group-17EB70022112-SegmentedRaftLog:OPENED:c-1,f-1,i0, conf=-1: [s3:0.0.0.0:42087, s4:0.0.0.0:33912, s0:0.0.0.0:40055, s1:0.0.0.0:37625, s2:0.0.0.0:37369], old=null RUNNING
  s2:  RUNNING CANDIDATE s2@group-17EB70022112:t2, leader=null, voted=s2, raftlog=s2@group-17EB70022112-SegmentedRaftLog:OPENED:c-1,f-1,i0, conf=-1: [s3:0.0.0.0:42087, s4:0.0.0.0:33912, s0:0.0.0.0:40055, s1:0.0.0.0:37625, s2:0.0.0.0:37369], old=null RUNNING
	at org.apache.ratis.MiniRaftCluster.newIllegalStateExceptionForNoLeaders(MiniRaftCluster.java:506)
	at org.apache.ratis.RaftTestUtil.lambda$waitForLeader$1(RaftTestUtil.java:90)
	at org.apache.ratis.MiniRaftCluster.getLeader(MiniRaftCluster.java:539)
	at org.apache.ratis.MiniRaftCluster.getLeader(MiniRaftCluster.java:532)
	at org.apache.ratis.RaftTestUtil.lambda$waitForLeader$3(RaftTestUtil.java:98)
	at org.apache.ratis.util.JavaUtils.attempt(JavaUtils.java:152)
	at org.apache.ratis.RaftTestUtil.waitForLeader(RaftTestUtil.java:97)
	at org.apache.ratis.RaftTestUtil.waitForLeader(RaftTestUtil.java:77)
	at org.apache.ratis.RaftTestUtil.waitForLeader(RaftTestUtil.java:72)
	at org.apache.ratis.RaftTestUtil.waitAndKillLeader(RaftTestUtil.java:114)
	at org.apache.ratis.server.impl.LeaderElectionTests.testBasicLeaderElection(LeaderElectionTests.java:63)
	at sun.reflect.NativeMethodAccessorImpl.invoke0(Native Method)
	at sun.reflect.NativeMethodAccessorImpl.invoke(NativeMethodAccessorImpl.java:62)
	at sun.reflect.DelegatingMethodAccessorImpl.invoke(DelegatingMethodAccessorImpl.java:43)
	at java.lang.reflect.Method.invoke(Method.java:498)
	at org.junit.runners.model.FrameworkMethod$1.runReflectiveCall(FrameworkMethod.java:50)
	at org.junit.internal.runners.model.ReflectiveCallable.run(ReflectiveCallable.java:12)
	at org.junit.runners.model.FrameworkMethod.invokeExplosively(FrameworkMethod.java:47)
	at org.junit.internal.runners.statements.InvokeMethod.evaluate(InvokeMethod.java:17)
	at org.junit.internal.runners.statements.RunAfters.evaluate(RunAfters.java:27)
	at org.junit.internal.runners.statements.FailOnTimeout$CallableStatement.call(FailOnTimeout.java:298)
	at org.junit.internal.runners.statements.FailOnTimeout$CallableStatement.call(FailOnTimeout.java:292)
	at java.util.concurrent.FutureTask.run(FutureTask.java:266)
	at java.lang.Thread.run(Thread.java:748)
2019-09-24 17:10:43,044 WARN  ratis.RaftTestUtil (JavaUtils.java:attempt(158)) - FAILED "waitForLeader-null-(expectLeader? true)", attempt #50/100: java.lang.IllegalStateException: No leader yet : printing ALL groups
  s3:  RUNNING CANDIDATE s3@group-17EB70022112:t2, leader=null, voted=s3, raftlog=s3@group-17EB70022112-SegmentedRaftLog:OPENED:c-1,f-1,i0, conf=-1: [s3:0.0.0.0:42087, s4:0.0.0.0:33912, s0:0.0.0.0:40055, s1:0.0.0.0:37625, s2:0.0.0.0:37369], old=null RUNNING
  s4:  RUNNING CANDIDATE s4@group-17EB70022112:t2, leader=null, voted=s4, raftlog=s4@group-17EB70022112-SegmentedRaftLog:OPENED:c-1,f-1,i0, conf=-1: [s3:0.0.0.0:42087, s4:0.0.0.0:33912, s0:0.0.0.0:40055, s1:0.0.0.0:37625, s2:0.0.0.0:37369], old=null RUNNING
  s0:  RUNNING CANDIDATE s0@group-17EB70022112:t3, leader=null, voted=s0, raftlog=s0@group-17EB70022112-SegmentedRaftLog:OPENED:c-1,f-1,i0, conf=-1: [s3:0.0.0.0:42087, s4:0.0.0.0:33912, s0:0.0.0.0:40055, s1:0.0.0.0:37625, s2:0.0.0.0:37369], old=null RUNNING
  s1:  RUNNING CANDIDATE s1@group-17EB70022112:t2, leader=null, voted=s1, raftlog=s1@group-17EB70022112-SegmentedRaftLog:OPENED:c-1,f-1,i0, conf=-1: [s3:0.0.0.0:42087, s4:0.0.0.0:33912, s0:0.0.0.0:40055, s1:0.0.0.0:37625, s2:0.0.0.0:37369], old=null RUNNING
  s2:  RUNNING CANDIDATE s2@group-17EB70022112:t2, leader=null, voted=s2, raftlog=s2@group-17EB70022112-SegmentedRaftLog:OPENED:c-1,f-1,i0, conf=-1: [s3:0.0.0.0:42087, s4:0.0.0.0:33912, s0:0.0.0.0:40055, s1:0.0.0.0:37625, s2:0.0.0.0:37369], old=null RUNNING, sleep 450ms and then retry.
java.lang.IllegalStateException: No leader yet : printing ALL groups
  s3:  RUNNING CANDIDATE s3@group-17EB70022112:t2, leader=null, voted=s3, raftlog=s3@group-17EB70022112-SegmentedRaftLog:OPENED:c-1,f-1,i0, conf=-1: [s3:0.0.0.0:42087, s4:0.0.0.0:33912, s0:0.0.0.0:40055, s1:0.0.0.0:37625, s2:0.0.0.0:37369], old=null RUNNING
  s4:  RUNNING CANDIDATE s4@group-17EB70022112:t2, leader=null, voted=s4, raftlog=s4@group-17EB70022112-SegmentedRaftLog:OPENED:c-1,f-1,i0, conf=-1: [s3:0.0.0.0:42087, s4:0.0.0.0:33912, s0:0.0.0.0:40055, s1:0.0.0.0:37625, s2:0.0.0.0:37369], old=null RUNNING
  s0:  RUNNING CANDIDATE s0@group-17EB70022112:t3, leader=null, voted=s0, raftlog=s0@group-17EB70022112-SegmentedRaftLog:OPENED:c-1,f-1,i0, conf=-1: [s3:0.0.0.0:42087, s4:0.0.0.0:33912, s0:0.0.0.0:40055, s1:0.0.0.0:37625, s2:0.0.0.0:37369], old=null RUNNING
  s1:  RUNNING CANDIDATE s1@group-17EB70022112:t2, leader=null, voted=s1, raftlog=s1@group-17EB70022112-SegmentedRaftLog:OPENED:c-1,f-1,i0, conf=-1: [s3:0.0.0.0:42087, s4:0.0.0.0:33912, s0:0.0.0.0:40055, s1:0.0.0.0:37625, s2:0.0.0.0:37369], old=null RUNNING
  s2:  RUNNING CANDIDATE s2@group-17EB70022112:t2, leader=null, voted=s2, raftlog=s2@group-17EB70022112-SegmentedRaftLog:OPENED:c-1,f-1,i0, conf=-1: [s3:0.0.0.0:42087, s4:0.0.0.0:33912, s0:0.0.0.0:40055, s1:0.0.0.0:37625, s2:0.0.0.0:37369], old=null RUNNING
	at org.apache.ratis.MiniRaftCluster.newIllegalStateExceptionForNoLeaders(MiniRaftCluster.java:506)
	at org.apache.ratis.RaftTestUtil.lambda$waitForLeader$1(RaftTestUtil.java:90)
	at org.apache.ratis.MiniRaftCluster.getLeader(MiniRaftCluster.java:539)
	at org.apache.ratis.MiniRaftCluster.getLeader(MiniRaftCluster.java:532)
	at org.apache.ratis.RaftTestUtil.lambda$waitForLeader$3(RaftTestUtil.java:98)
	at org.apache.ratis.util.JavaUtils.attempt(JavaUtils.java:152)
	at org.apache.ratis.RaftTestUtil.waitForLeader(RaftTestUtil.java:97)
	at org.apache.ratis.RaftTestUtil.waitForLeader(RaftTestUtil.java:77)
	at org.apache.ratis.RaftTestUtil.waitForLeader(RaftTestUtil.java:72)
	at org.apache.ratis.RaftTestUtil.waitAndKillLeader(RaftTestUtil.java:114)
	at org.apache.ratis.server.impl.LeaderElectionTests.testBasicLeaderElection(LeaderElectionTests.java:63)
	at sun.reflect.NativeMethodAccessorImpl.invoke0(Native Method)
	at sun.reflect.NativeMethodAccessorImpl.invoke(NativeMethodAccessorImpl.java:62)
	at sun.reflect.DelegatingMethodAccessorImpl.invoke(DelegatingMethodAccessorImpl.java:43)
	at java.lang.reflect.Method.invoke(Method.java:498)
	at org.junit.runners.model.FrameworkMethod$1.runReflectiveCall(FrameworkMethod.java:50)
	at org.junit.internal.runners.model.ReflectiveCallable.run(ReflectiveCallable.java:12)
	at org.junit.runners.model.FrameworkMethod.invokeExplosively(FrameworkMethod.java:47)
	at org.junit.internal.runners.statements.InvokeMethod.evaluate(InvokeMethod.java:17)
	at org.junit.internal.runners.statements.RunAfters.evaluate(RunAfters.java:27)
	at org.junit.internal.runners.statements.FailOnTimeout$CallableStatement.call(FailOnTimeout.java:298)
	at org.junit.internal.runners.statements.FailOnTimeout$CallableStatement.call(FailOnTimeout.java:292)
	at java.util.concurrent.FutureTask.run(FutureTask.java:266)
	at java.lang.Thread.run(Thread.java:748)
2019-09-24 17:10:43,495 WARN  ratis.RaftTestUtil (JavaUtils.java:attempt(158)) - FAILED "waitForLeader-null-(expectLeader? true)", attempt #51/100: java.lang.IllegalStateException: No leader yet : printing ALL groups
  s3:  RUNNING CANDIDATE s3@group-17EB70022112:t2, leader=null, voted=s3, raftlog=s3@group-17EB70022112-SegmentedRaftLog:OPENED:c-1,f-1,i0, conf=-1: [s3:0.0.0.0:42087, s4:0.0.0.0:33912, s0:0.0.0.0:40055, s1:0.0.0.0:37625, s2:0.0.0.0:37369], old=null RUNNING
  s4:  RUNNING CANDIDATE s4@group-17EB70022112:t2, leader=null, voted=s4, raftlog=s4@group-17EB70022112-SegmentedRaftLog:OPENED:c-1,f-1,i0, conf=-1: [s3:0.0.0.0:42087, s4:0.0.0.0:33912, s0:0.0.0.0:40055, s1:0.0.0.0:37625, s2:0.0.0.0:37369], old=null RUNNING
  s0:  RUNNING CANDIDATE s0@group-17EB70022112:t3, leader=null, voted=s0, raftlog=s0@group-17EB70022112-SegmentedRaftLog:OPENED:c-1,f-1,i0, conf=-1: [s3:0.0.0.0:42087, s4:0.0.0.0:33912, s0:0.0.0.0:40055, s1:0.0.0.0:37625, s2:0.0.0.0:37369], old=null RUNNING
  s1:  RUNNING CANDIDATE s1@group-17EB70022112:t2, leader=null, voted=s1, raftlog=s1@group-17EB70022112-SegmentedRaftLog:OPENED:c-1,f-1,i0, conf=-1: [s3:0.0.0.0:42087, s4:0.0.0.0:33912, s0:0.0.0.0:40055, s1:0.0.0.0:37625, s2:0.0.0.0:37369], old=null RUNNING
  s2:  RUNNING CANDIDATE s2@group-17EB70022112:t2, leader=null, voted=s2, raftlog=s2@group-17EB70022112-SegmentedRaftLog:OPENED:c-1,f-1,i0, conf=-1: [s3:0.0.0.0:42087, s4:0.0.0.0:33912, s0:0.0.0.0:40055, s1:0.0.0.0:37625, s2:0.0.0.0:37369], old=null RUNNING, sleep 450ms and then retry.
java.lang.IllegalStateException: No leader yet : printing ALL groups
  s3:  RUNNING CANDIDATE s3@group-17EB70022112:t2, leader=null, voted=s3, raftlog=s3@group-17EB70022112-SegmentedRaftLog:OPENED:c-1,f-1,i0, conf=-1: [s3:0.0.0.0:42087, s4:0.0.0.0:33912, s0:0.0.0.0:40055, s1:0.0.0.0:37625, s2:0.0.0.0:37369], old=null RUNNING
  s4:  RUNNING CANDIDATE s4@group-17EB70022112:t2, leader=null, voted=s4, raftlog=s4@group-17EB70022112-SegmentedRaftLog:OPENED:c-1,f-1,i0, conf=-1: [s3:0.0.0.0:42087, s4:0.0.0.0:33912, s0:0.0.0.0:40055, s1:0.0.0.0:37625, s2:0.0.0.0:37369], old=null RUNNING
  s0:  RUNNING CANDIDATE s0@group-17EB70022112:t3, leader=null, voted=s0, raftlog=s0@group-17EB70022112-SegmentedRaftLog:OPENED:c-1,f-1,i0, conf=-1: [s3:0.0.0.0:42087, s4:0.0.0.0:33912, s0:0.0.0.0:40055, s1:0.0.0.0:37625, s2:0.0.0.0:37369], old=null RUNNING
  s1:  RUNNING CANDIDATE s1@group-17EB70022112:t2, leader=null, voted=s1, raftlog=s1@group-17EB70022112-SegmentedRaftLog:OPENED:c-1,f-1,i0, conf=-1: [s3:0.0.0.0:42087, s4:0.0.0.0:33912, s0:0.0.0.0:40055, s1:0.0.0.0:37625, s2:0.0.0.0:37369], old=null RUNNING
  s2:  RUNNING CANDIDATE s2@group-17EB70022112:t2, leader=null, voted=s2, raftlog=s2@group-17EB70022112-SegmentedRaftLog:OPENED:c-1,f-1,i0, conf=-1: [s3:0.0.0.0:42087, s4:0.0.0.0:33912, s0:0.0.0.0:40055, s1:0.0.0.0:37625, s2:0.0.0.0:37369], old=null RUNNING
	at org.apache.ratis.MiniRaftCluster.newIllegalStateExceptionForNoLeaders(MiniRaftCluster.java:506)
	at org.apache.ratis.RaftTestUtil.lambda$waitForLeader$1(RaftTestUtil.java:90)
	at org.apache.ratis.MiniRaftCluster.getLeader(MiniRaftCluster.java:539)
	at org.apache.ratis.MiniRaftCluster.getLeader(MiniRaftCluster.java:532)
	at org.apache.ratis.RaftTestUtil.lambda$waitForLeader$3(RaftTestUtil.java:98)
	at org.apache.ratis.util.JavaUtils.attempt(JavaUtils.java:152)
	at org.apache.ratis.RaftTestUtil.waitForLeader(RaftTestUtil.java:97)
	at org.apache.ratis.RaftTestUtil.waitForLeader(RaftTestUtil.java:77)
	at org.apache.ratis.RaftTestUtil.waitForLeader(RaftTestUtil.java:72)
	at org.apache.ratis.RaftTestUtil.waitAndKillLeader(RaftTestUtil.java:114)
	at org.apache.ratis.server.impl.LeaderElectionTests.testBasicLeaderElection(LeaderElectionTests.java:63)
	at sun.reflect.NativeMethodAccessorImpl.invoke0(Native Method)
	at sun.reflect.NativeMethodAccessorImpl.invoke(NativeMethodAccessorImpl.java:62)
	at sun.reflect.DelegatingMethodAccessorImpl.invoke(DelegatingMethodAccessorImpl.java:43)
	at java.lang.reflect.Method.invoke(Method.java:498)
	at org.junit.runners.model.FrameworkMethod$1.runReflectiveCall(FrameworkMethod.java:50)
	at org.junit.internal.runners.model.ReflectiveCallable.run(ReflectiveCallable.java:12)
	at org.junit.runners.model.FrameworkMethod.invokeExplosively(FrameworkMethod.java:47)
	at org.junit.internal.runners.statements.InvokeMethod.evaluate(InvokeMethod.java:17)
	at org.junit.internal.runners.statements.RunAfters.evaluate(RunAfters.java:27)
	at org.junit.internal.runners.statements.FailOnTimeout$CallableStatement.call(FailOnTimeout.java:298)
	at org.junit.internal.runners.statements.FailOnTimeout$CallableStatement.call(FailOnTimeout.java:292)
	at java.util.concurrent.FutureTask.run(FutureTask.java:266)
	at java.lang.Thread.run(Thread.java:748)
2019-09-24 17:10:43,947 WARN  ratis.RaftTestUtil (JavaUtils.java:attempt(158)) - FAILED "waitForLeader-null-(expectLeader? true)", attempt #52/100: java.lang.IllegalStateException: No leader yet : printing ALL groups
  s3:  RUNNING CANDIDATE s3@group-17EB70022112:t2, leader=null, voted=s3, raftlog=s3@group-17EB70022112-SegmentedRaftLog:OPENED:c-1,f-1,i0, conf=-1: [s3:0.0.0.0:42087, s4:0.0.0.0:33912, s0:0.0.0.0:40055, s1:0.0.0.0:37625, s2:0.0.0.0:37369], old=null RUNNING
  s4:  RUNNING CANDIDATE s4@group-17EB70022112:t2, leader=null, voted=s4, raftlog=s4@group-17EB70022112-SegmentedRaftLog:OPENED:c-1,f-1,i0, conf=-1: [s3:0.0.0.0:42087, s4:0.0.0.0:33912, s0:0.0.0.0:40055, s1:0.0.0.0:37625, s2:0.0.0.0:37369], old=null RUNNING
  s0:  RUNNING CANDIDATE s0@group-17EB70022112:t3, leader=null, voted=s0, raftlog=s0@group-17EB70022112-SegmentedRaftLog:OPENED:c-1,f-1,i0, conf=-1: [s3:0.0.0.0:42087, s4:0.0.0.0:33912, s0:0.0.0.0:40055, s1:0.0.0.0:37625, s2:0.0.0.0:37369], old=null RUNNING
  s1:  RUNNING CANDIDATE s1@group-17EB70022112:t2, leader=null, voted=s1, raftlog=s1@group-17EB70022112-SegmentedRaftLog:OPENED:c-1,f-1,i0, conf=-1: [s3:0.0.0.0:42087, s4:0.0.0.0:33912, s0:0.0.0.0:40055, s1:0.0.0.0:37625, s2:0.0.0.0:37369], old=null RUNNING
  s2:  RUNNING CANDIDATE s2@group-17EB70022112:t2, leader=null, voted=s2, raftlog=s2@group-17EB70022112-SegmentedRaftLog:OPENED:c-1,f-1,i0, conf=-1: [s3:0.0.0.0:42087, s4:0.0.0.0:33912, s0:0.0.0.0:40055, s1:0.0.0.0:37625, s2:0.0.0.0:37369], old=null RUNNING, sleep 450ms and then retry.
java.lang.IllegalStateException: No leader yet : printing ALL groups
  s3:  RUNNING CANDIDATE s3@group-17EB70022112:t2, leader=null, voted=s3, raftlog=s3@group-17EB70022112-SegmentedRaftLog:OPENED:c-1,f-1,i0, conf=-1: [s3:0.0.0.0:42087, s4:0.0.0.0:33912, s0:0.0.0.0:40055, s1:0.0.0.0:37625, s2:0.0.0.0:37369], old=null RUNNING
  s4:  RUNNING CANDIDATE s4@group-17EB70022112:t2, leader=null, voted=s4, raftlog=s4@group-17EB70022112-SegmentedRaftLog:OPENED:c-1,f-1,i0, conf=-1: [s3:0.0.0.0:42087, s4:0.0.0.0:33912, s0:0.0.0.0:40055, s1:0.0.0.0:37625, s2:0.0.0.0:37369], old=null RUNNING
  s0:  RUNNING CANDIDATE s0@group-17EB70022112:t3, leader=null, voted=s0, raftlog=s0@group-17EB70022112-SegmentedRaftLog:OPENED:c-1,f-1,i0, conf=-1: [s3:0.0.0.0:42087, s4:0.0.0.0:33912, s0:0.0.0.0:40055, s1:0.0.0.0:37625, s2:0.0.0.0:37369], old=null RUNNING
  s1:  RUNNING CANDIDATE s1@group-17EB70022112:t2, leader=null, voted=s1, raftlog=s1@group-17EB70022112-SegmentedRaftLog:OPENED:c-1,f-1,i0, conf=-1: [s3:0.0.0.0:42087, s4:0.0.0.0:33912, s0:0.0.0.0:40055, s1:0.0.0.0:37625, s2:0.0.0.0:37369], old=null RUNNING
  s2:  RUNNING CANDIDATE s2@group-17EB70022112:t2, leader=null, voted=s2, raftlog=s2@group-17EB70022112-SegmentedRaftLog:OPENED:c-1,f-1,i0, conf=-1: [s3:0.0.0.0:42087, s4:0.0.0.0:33912, s0:0.0.0.0:40055, s1:0.0.0.0:37625, s2:0.0.0.0:37369], old=null RUNNING
	at org.apache.ratis.MiniRaftCluster.newIllegalStateExceptionForNoLeaders(MiniRaftCluster.java:506)
	at org.apache.ratis.RaftTestUtil.lambda$waitForLeader$1(RaftTestUtil.java:90)
	at org.apache.ratis.MiniRaftCluster.getLeader(MiniRaftCluster.java:539)
	at org.apache.ratis.MiniRaftCluster.getLeader(MiniRaftCluster.java:532)
	at org.apache.ratis.RaftTestUtil.lambda$waitForLeader$3(RaftTestUtil.java:98)
	at org.apache.ratis.util.JavaUtils.attempt(JavaUtils.java:152)
	at org.apache.ratis.RaftTestUtil.waitForLeader(RaftTestUtil.java:97)
	at org.apache.ratis.RaftTestUtil.waitForLeader(RaftTestUtil.java:77)
	at org.apache.ratis.RaftTestUtil.waitForLeader(RaftTestUtil.java:72)
	at org.apache.ratis.RaftTestUtil.waitAndKillLeader(RaftTestUtil.java:114)
	at org.apache.ratis.server.impl.LeaderElectionTests.testBasicLeaderElection(LeaderElectionTests.java:63)
	at sun.reflect.NativeMethodAccessorImpl.invoke0(Native Method)
	at sun.reflect.NativeMethodAccessorImpl.invoke(NativeMethodAccessorImpl.java:62)
	at sun.reflect.DelegatingMethodAccessorImpl.invoke(DelegatingMethodAccessorImpl.java:43)
	at java.lang.reflect.Method.invoke(Method.java:498)
	at org.junit.runners.model.FrameworkMethod$1.runReflectiveCall(FrameworkMethod.java:50)
	at org.junit.internal.runners.model.ReflectiveCallable.run(ReflectiveCallable.java:12)
	at org.junit.runners.model.FrameworkMethod.invokeExplosively(FrameworkMethod.java:47)
	at org.junit.internal.runners.statements.InvokeMethod.evaluate(InvokeMethod.java:17)
	at org.junit.internal.runners.statements.RunAfters.evaluate(RunAfters.java:27)
	at org.junit.internal.runners.statements.FailOnTimeout$CallableStatement.call(FailOnTimeout.java:298)
	at org.junit.internal.runners.statements.FailOnTimeout$CallableStatement.call(FailOnTimeout.java:292)
	at java.util.concurrent.FutureTask.run(FutureTask.java:266)
	at java.lang.Thread.run(Thread.java:748)
2019-09-24 17:10:44,398 WARN  ratis.RaftTestUtil (JavaUtils.java:attempt(158)) - FAILED "waitForLeader-null-(expectLeader? true)", attempt #53/100: java.lang.IllegalStateException: No leader yet : printing ALL groups
  s3:  RUNNING CANDIDATE s3@group-17EB70022112:t2, leader=null, voted=s3, raftlog=s3@group-17EB70022112-SegmentedRaftLog:OPENED:c-1,f-1,i0, conf=-1: [s3:0.0.0.0:42087, s4:0.0.0.0:33912, s0:0.0.0.0:40055, s1:0.0.0.0:37625, s2:0.0.0.0:37369], old=null RUNNING
  s4:  RUNNING CANDIDATE s4@group-17EB70022112:t2, leader=null, voted=s4, raftlog=s4@group-17EB70022112-SegmentedRaftLog:OPENED:c-1,f-1,i0, conf=-1: [s3:0.0.0.0:42087, s4:0.0.0.0:33912, s0:0.0.0.0:40055, s1:0.0.0.0:37625, s2:0.0.0.0:37369], old=null RUNNING
  s0:  RUNNING CANDIDATE s0@group-17EB70022112:t3, leader=null, voted=s0, raftlog=s0@group-17EB70022112-SegmentedRaftLog:OPENED:c-1,f-1,i0, conf=-1: [s3:0.0.0.0:42087, s4:0.0.0.0:33912, s0:0.0.0.0:40055, s1:0.0.0.0:37625, s2:0.0.0.0:37369], old=null RUNNING
  s1:  RUNNING CANDIDATE s1@group-17EB70022112:t2, leader=null, voted=s1, raftlog=s1@group-17EB70022112-SegmentedRaftLog:OPENED:c-1,f-1,i0, conf=-1: [s3:0.0.0.0:42087, s4:0.0.0.0:33912, s0:0.0.0.0:40055, s1:0.0.0.0:37625, s2:0.0.0.0:37369], old=null RUNNING
  s2:  RUNNING CANDIDATE s2@group-17EB70022112:t2, leader=null, voted=s2, raftlog=s2@group-17EB70022112-SegmentedRaftLog:OPENED:c-1,f-1,i0, conf=-1: [s3:0.0.0.0:42087, s4:0.0.0.0:33912, s0:0.0.0.0:40055, s1:0.0.0.0:37625, s2:0.0.0.0:37369], old=null RUNNING, sleep 450ms and then retry.
java.lang.IllegalStateException: No leader yet : printing ALL groups
  s3:  RUNNING CANDIDATE s3@group-17EB70022112:t2, leader=null, voted=s3, raftlog=s3@group-17EB70022112-SegmentedRaftLog:OPENED:c-1,f-1,i0, conf=-1: [s3:0.0.0.0:42087, s4:0.0.0.0:33912, s0:0.0.0.0:40055, s1:0.0.0.0:37625, s2:0.0.0.0:37369], old=null RUNNING
  s4:  RUNNING CANDIDATE s4@group-17EB70022112:t2, leader=null, voted=s4, raftlog=s4@group-17EB70022112-SegmentedRaftLog:OPENED:c-1,f-1,i0, conf=-1: [s3:0.0.0.0:42087, s4:0.0.0.0:33912, s0:0.0.0.0:40055, s1:0.0.0.0:37625, s2:0.0.0.0:37369], old=null RUNNING
  s0:  RUNNING CANDIDATE s0@group-17EB70022112:t3, leader=null, voted=s0, raftlog=s0@group-17EB70022112-SegmentedRaftLog:OPENED:c-1,f-1,i0, conf=-1: [s3:0.0.0.0:42087, s4:0.0.0.0:33912, s0:0.0.0.0:40055, s1:0.0.0.0:37625, s2:0.0.0.0:37369], old=null RUNNING
  s1:  RUNNING CANDIDATE s1@group-17EB70022112:t2, leader=null, voted=s1, raftlog=s1@group-17EB70022112-SegmentedRaftLog:OPENED:c-1,f-1,i0, conf=-1: [s3:0.0.0.0:42087, s4:0.0.0.0:33912, s0:0.0.0.0:40055, s1:0.0.0.0:37625, s2:0.0.0.0:37369], old=null RUNNING
  s2:  RUNNING CANDIDATE s2@group-17EB70022112:t2, leader=null, voted=s2, raftlog=s2@group-17EB70022112-SegmentedRaftLog:OPENED:c-1,f-1,i0, conf=-1: [s3:0.0.0.0:42087, s4:0.0.0.0:33912, s0:0.0.0.0:40055, s1:0.0.0.0:37625, s2:0.0.0.0:37369], old=null RUNNING
	at org.apache.ratis.MiniRaftCluster.newIllegalStateExceptionForNoLeaders(MiniRaftCluster.java:506)
	at org.apache.ratis.RaftTestUtil.lambda$waitForLeader$1(RaftTestUtil.java:90)
	at org.apache.ratis.MiniRaftCluster.getLeader(MiniRaftCluster.java:539)
	at org.apache.ratis.MiniRaftCluster.getLeader(MiniRaftCluster.java:532)
	at org.apache.ratis.RaftTestUtil.lambda$waitForLeader$3(RaftTestUtil.java:98)
	at org.apache.ratis.util.JavaUtils.attempt(JavaUtils.java:152)
	at org.apache.ratis.RaftTestUtil.waitForLeader(RaftTestUtil.java:97)
	at org.apache.ratis.RaftTestUtil.waitForLeader(RaftTestUtil.java:77)
	at org.apache.ratis.RaftTestUtil.waitForLeader(RaftTestUtil.java:72)
	at org.apache.ratis.RaftTestUtil.waitAndKillLeader(RaftTestUtil.java:114)
	at org.apache.ratis.server.impl.LeaderElectionTests.testBasicLeaderElection(LeaderElectionTests.java:63)
	at sun.reflect.NativeMethodAccessorImpl.invoke0(Native Method)
	at sun.reflect.NativeMethodAccessorImpl.invoke(NativeMethodAccessorImpl.java:62)
	at sun.reflect.DelegatingMethodAccessorImpl.invoke(DelegatingMethodAccessorImpl.java:43)
	at java.lang.reflect.Method.invoke(Method.java:498)
	at org.junit.runners.model.FrameworkMethod$1.runReflectiveCall(FrameworkMethod.java:50)
	at org.junit.internal.runners.model.ReflectiveCallable.run(ReflectiveCallable.java:12)
	at org.junit.runners.model.FrameworkMethod.invokeExplosively(FrameworkMethod.java:47)
	at org.junit.internal.runners.statements.InvokeMethod.evaluate(InvokeMethod.java:17)
	at org.junit.internal.runners.statements.RunAfters.evaluate(RunAfters.java:27)
	at org.junit.internal.runners.statements.FailOnTimeout$CallableStatement.call(FailOnTimeout.java:298)
	at org.junit.internal.runners.statements.FailOnTimeout$CallableStatement.call(FailOnTimeout.java:292)
	at java.util.concurrent.FutureTask.run(FutureTask.java:266)
	at java.lang.Thread.run(Thread.java:748)
2019-09-24 17:10:44,849 WARN  ratis.RaftTestUtil (JavaUtils.java:attempt(158)) - FAILED "waitForLeader-null-(expectLeader? true)", attempt #54/100: java.lang.IllegalStateException: No leader yet : printing ALL groups
  s3:  RUNNING CANDIDATE s3@group-17EB70022112:t2, leader=null, voted=s3, raftlog=s3@group-17EB70022112-SegmentedRaftLog:OPENED:c-1,f-1,i0, conf=-1: [s3:0.0.0.0:42087, s4:0.0.0.0:33912, s0:0.0.0.0:40055, s1:0.0.0.0:37625, s2:0.0.0.0:37369], old=null RUNNING
  s4:  RUNNING CANDIDATE s4@group-17EB70022112:t2, leader=null, voted=s4, raftlog=s4@group-17EB70022112-SegmentedRaftLog:OPENED:c-1,f-1,i0, conf=-1: [s3:0.0.0.0:42087, s4:0.0.0.0:33912, s0:0.0.0.0:40055, s1:0.0.0.0:37625, s2:0.0.0.0:37369], old=null RUNNING
  s0:  RUNNING CANDIDATE s0@group-17EB70022112:t3, leader=null, voted=s0, raftlog=s0@group-17EB70022112-SegmentedRaftLog:OPENED:c-1,f-1,i0, conf=-1: [s3:0.0.0.0:42087, s4:0.0.0.0:33912, s0:0.0.0.0:40055, s1:0.0.0.0:37625, s2:0.0.0.0:37369], old=null RUNNING
  s1:  RUNNING CANDIDATE s1@group-17EB70022112:t2, leader=null, voted=s1, raftlog=s1@group-17EB70022112-SegmentedRaftLog:OPENED:c-1,f-1,i0, conf=-1: [s3:0.0.0.0:42087, s4:0.0.0.0:33912, s0:0.0.0.0:40055, s1:0.0.0.0:37625, s2:0.0.0.0:37369], old=null RUNNING
  s2:  RUNNING CANDIDATE s2@group-17EB70022112:t2, leader=null, voted=s2, raftlog=s2@group-17EB70022112-SegmentedRaftLog:OPENED:c-1,f-1,i0, conf=-1: [s3:0.0.0.0:42087, s4:0.0.0.0:33912, s0:0.0.0.0:40055, s1:0.0.0.0:37625, s2:0.0.0.0:37369], old=null RUNNING, sleep 450ms and then retry.
java.lang.IllegalStateException: No leader yet : printing ALL groups
  s3:  RUNNING CANDIDATE s3@group-17EB70022112:t2, leader=null, voted=s3, raftlog=s3@group-17EB70022112-SegmentedRaftLog:OPENED:c-1,f-1,i0, conf=-1: [s3:0.0.0.0:42087, s4:0.0.0.0:33912, s0:0.0.0.0:40055, s1:0.0.0.0:37625, s2:0.0.0.0:37369], old=null RUNNING
  s4:  RUNNING CANDIDATE s4@group-17EB70022112:t2, leader=null, voted=s4, raftlog=s4@group-17EB70022112-SegmentedRaftLog:OPENED:c-1,f-1,i0, conf=-1: [s3:0.0.0.0:42087, s4:0.0.0.0:33912, s0:0.0.0.0:40055, s1:0.0.0.0:37625, s2:0.0.0.0:37369], old=null RUNNING
  s0:  RUNNING CANDIDATE s0@group-17EB70022112:t3, leader=null, voted=s0, raftlog=s0@group-17EB70022112-SegmentedRaftLog:OPENED:c-1,f-1,i0, conf=-1: [s3:0.0.0.0:42087, s4:0.0.0.0:33912, s0:0.0.0.0:40055, s1:0.0.0.0:37625, s2:0.0.0.0:37369], old=null RUNNING
  s1:  RUNNING CANDIDATE s1@group-17EB70022112:t2, leader=null, voted=s1, raftlog=s1@group-17EB70022112-SegmentedRaftLog:OPENED:c-1,f-1,i0, conf=-1: [s3:0.0.0.0:42087, s4:0.0.0.0:33912, s0:0.0.0.0:40055, s1:0.0.0.0:37625, s2:0.0.0.0:37369], old=null RUNNING
  s2:  RUNNING CANDIDATE s2@group-17EB70022112:t2, leader=null, voted=s2, raftlog=s2@group-17EB70022112-SegmentedRaftLog:OPENED:c-1,f-1,i0, conf=-1: [s3:0.0.0.0:42087, s4:0.0.0.0:33912, s0:0.0.0.0:40055, s1:0.0.0.0:37625, s2:0.0.0.0:37369], old=null RUNNING
	at org.apache.ratis.MiniRaftCluster.newIllegalStateExceptionForNoLeaders(MiniRaftCluster.java:506)
	at org.apache.ratis.RaftTestUtil.lambda$waitForLeader$1(RaftTestUtil.java:90)
	at org.apache.ratis.MiniRaftCluster.getLeader(MiniRaftCluster.java:539)
	at org.apache.ratis.MiniRaftCluster.getLeader(MiniRaftCluster.java:532)
	at org.apache.ratis.RaftTestUtil.lambda$waitForLeader$3(RaftTestUtil.java:98)
	at org.apache.ratis.util.JavaUtils.attempt(JavaUtils.java:152)
	at org.apache.ratis.RaftTestUtil.waitForLeader(RaftTestUtil.java:97)
	at org.apache.ratis.RaftTestUtil.waitForLeader(RaftTestUtil.java:77)
	at org.apache.ratis.RaftTestUtil.waitForLeader(RaftTestUtil.java:72)
	at org.apache.ratis.RaftTestUtil.waitAndKillLeader(RaftTestUtil.java:114)
	at org.apache.ratis.server.impl.LeaderElectionTests.testBasicLeaderElection(LeaderElectionTests.java:63)
	at sun.reflect.NativeMethodAccessorImpl.invoke0(Native Method)
	at sun.reflect.NativeMethodAccessorImpl.invoke(NativeMethodAccessorImpl.java:62)
	at sun.reflect.DelegatingMethodAccessorImpl.invoke(DelegatingMethodAccessorImpl.java:43)
	at java.lang.reflect.Method.invoke(Method.java:498)
	at org.junit.runners.model.FrameworkMethod$1.runReflectiveCall(FrameworkMethod.java:50)
	at org.junit.internal.runners.model.ReflectiveCallable.run(ReflectiveCallable.java:12)
	at org.junit.runners.model.FrameworkMethod.invokeExplosively(FrameworkMethod.java:47)
	at org.junit.internal.runners.statements.InvokeMethod.evaluate(InvokeMethod.java:17)
	at org.junit.internal.runners.statements.RunAfters.evaluate(RunAfters.java:27)
	at org.junit.internal.runners.statements.FailOnTimeout$CallableStatement.call(FailOnTimeout.java:298)
	at org.junit.internal.runners.statements.FailOnTimeout$CallableStatement.call(FailOnTimeout.java:292)
	at java.util.concurrent.FutureTask.run(FutureTask.java:266)
	at java.lang.Thread.run(Thread.java:748)
2019-09-24 17:10:45,301 WARN  ratis.RaftTestUtil (JavaUtils.java:attempt(158)) - FAILED "waitForLeader-null-(expectLeader? true)", attempt #55/100: java.lang.IllegalStateException: No leader yet : printing ALL groups
  s3:  RUNNING CANDIDATE s3@group-17EB70022112:t2, leader=null, voted=s3, raftlog=s3@group-17EB70022112-SegmentedRaftLog:OPENED:c-1,f-1,i0, conf=-1: [s3:0.0.0.0:42087, s4:0.0.0.0:33912, s0:0.0.0.0:40055, s1:0.0.0.0:37625, s2:0.0.0.0:37369], old=null RUNNING
  s4:  RUNNING CANDIDATE s4@group-17EB70022112:t2, leader=null, voted=s4, raftlog=s4@group-17EB70022112-SegmentedRaftLog:OPENED:c-1,f-1,i0, conf=-1: [s3:0.0.0.0:42087, s4:0.0.0.0:33912, s0:0.0.0.0:40055, s1:0.0.0.0:37625, s2:0.0.0.0:37369], old=null RUNNING
  s0:  RUNNING CANDIDATE s0@group-17EB70022112:t3, leader=null, voted=s0, raftlog=s0@group-17EB70022112-SegmentedRaftLog:OPENED:c-1,f-1,i0, conf=-1: [s3:0.0.0.0:42087, s4:0.0.0.0:33912, s0:0.0.0.0:40055, s1:0.0.0.0:37625, s2:0.0.0.0:37369], old=null RUNNING
  s1:  RUNNING CANDIDATE s1@group-17EB70022112:t2, leader=null, voted=s1, raftlog=s1@group-17EB70022112-SegmentedRaftLog:OPENED:c-1,f-1,i0, conf=-1: [s3:0.0.0.0:42087, s4:0.0.0.0:33912, s0:0.0.0.0:40055, s1:0.0.0.0:37625, s2:0.0.0.0:37369], old=null RUNNING
  s2:  RUNNING CANDIDATE s2@group-17EB70022112:t2, leader=null, voted=s2, raftlog=s2@group-17EB70022112-SegmentedRaftLog:OPENED:c-1,f-1,i0, conf=-1: [s3:0.0.0.0:42087, s4:0.0.0.0:33912, s0:0.0.0.0:40055, s1:0.0.0.0:37625, s2:0.0.0.0:37369], old=null RUNNING, sleep 450ms and then retry.
java.lang.IllegalStateException: No leader yet : printing ALL groups
  s3:  RUNNING CANDIDATE s3@group-17EB70022112:t2, leader=null, voted=s3, raftlog=s3@group-17EB70022112-SegmentedRaftLog:OPENED:c-1,f-1,i0, conf=-1: [s3:0.0.0.0:42087, s4:0.0.0.0:33912, s0:0.0.0.0:40055, s1:0.0.0.0:37625, s2:0.0.0.0:37369], old=null RUNNING
  s4:  RUNNING CANDIDATE s4@group-17EB70022112:t2, leader=null, voted=s4, raftlog=s4@group-17EB70022112-SegmentedRaftLog:OPENED:c-1,f-1,i0, conf=-1: [s3:0.0.0.0:42087, s4:0.0.0.0:33912, s0:0.0.0.0:40055, s1:0.0.0.0:37625, s2:0.0.0.0:37369], old=null RUNNING
  s0:  RUNNING CANDIDATE s0@group-17EB70022112:t3, leader=null, voted=s0, raftlog=s0@group-17EB70022112-SegmentedRaftLog:OPENED:c-1,f-1,i0, conf=-1: [s3:0.0.0.0:42087, s4:0.0.0.0:33912, s0:0.0.0.0:40055, s1:0.0.0.0:37625, s2:0.0.0.0:37369], old=null RUNNING
  s1:  RUNNING CANDIDATE s1@group-17EB70022112:t2, leader=null, voted=s1, raftlog=s1@group-17EB70022112-SegmentedRaftLog:OPENED:c-1,f-1,i0, conf=-1: [s3:0.0.0.0:42087, s4:0.0.0.0:33912, s0:0.0.0.0:40055, s1:0.0.0.0:37625, s2:0.0.0.0:37369], old=null RUNNING
  s2:  RUNNING CANDIDATE s2@group-17EB70022112:t2, leader=null, voted=s2, raftlog=s2@group-17EB70022112-SegmentedRaftLog:OPENED:c-1,f-1,i0, conf=-1: [s3:0.0.0.0:42087, s4:0.0.0.0:33912, s0:0.0.0.0:40055, s1:0.0.0.0:37625, s2:0.0.0.0:37369], old=null RUNNING
	at org.apache.ratis.MiniRaftCluster.newIllegalStateExceptionForNoLeaders(MiniRaftCluster.java:506)
	at org.apache.ratis.RaftTestUtil.lambda$waitForLeader$1(RaftTestUtil.java:90)
	at org.apache.ratis.MiniRaftCluster.getLeader(MiniRaftCluster.java:539)
	at org.apache.ratis.MiniRaftCluster.getLeader(MiniRaftCluster.java:532)
	at org.apache.ratis.RaftTestUtil.lambda$waitForLeader$3(RaftTestUtil.java:98)
	at org.apache.ratis.util.JavaUtils.attempt(JavaUtils.java:152)
	at org.apache.ratis.RaftTestUtil.waitForLeader(RaftTestUtil.java:97)
	at org.apache.ratis.RaftTestUtil.waitForLeader(RaftTestUtil.java:77)
	at org.apache.ratis.RaftTestUtil.waitForLeader(RaftTestUtil.java:72)
	at org.apache.ratis.RaftTestUtil.waitAndKillLeader(RaftTestUtil.java:114)
	at org.apache.ratis.server.impl.LeaderElectionTests.testBasicLeaderElection(LeaderElectionTests.java:63)
	at sun.reflect.NativeMethodAccessorImpl.invoke0(Native Method)
	at sun.reflect.NativeMethodAccessorImpl.invoke(NativeMethodAccessorImpl.java:62)
	at sun.reflect.DelegatingMethodAccessorImpl.invoke(DelegatingMethodAccessorImpl.java:43)
	at java.lang.reflect.Method.invoke(Method.java:498)
	at org.junit.runners.model.FrameworkMethod$1.runReflectiveCall(FrameworkMethod.java:50)
	at org.junit.internal.runners.model.ReflectiveCallable.run(ReflectiveCallable.java:12)
	at org.junit.runners.model.FrameworkMethod.invokeExplosively(FrameworkMethod.java:47)
	at org.junit.internal.runners.statements.InvokeMethod.evaluate(InvokeMethod.java:17)
	at org.junit.internal.runners.statements.RunAfters.evaluate(RunAfters.java:27)
	at org.junit.internal.runners.statements.FailOnTimeout$CallableStatement.call(FailOnTimeout.java:298)
	at org.junit.internal.runners.statements.FailOnTimeout$CallableStatement.call(FailOnTimeout.java:292)
	at java.util.concurrent.FutureTask.run(FutureTask.java:266)
	at java.lang.Thread.run(Thread.java:748)
2019-09-24 17:10:45,753 WARN  ratis.RaftTestUtil (JavaUtils.java:attempt(158)) - FAILED "waitForLeader-null-(expectLeader? true)", attempt #56/100: java.lang.IllegalStateException: No leader yet : printing ALL groups
  s3:  RUNNING CANDIDATE s3@group-17EB70022112:t2, leader=null, voted=s3, raftlog=s3@group-17EB70022112-SegmentedRaftLog:OPENED:c-1,f-1,i0, conf=-1: [s3:0.0.0.0:42087, s4:0.0.0.0:33912, s0:0.0.0.0:40055, s1:0.0.0.0:37625, s2:0.0.0.0:37369], old=null RUNNING
  s4:  RUNNING CANDIDATE s4@group-17EB70022112:t2, leader=null, voted=s4, raftlog=s4@group-17EB70022112-SegmentedRaftLog:OPENED:c-1,f-1,i0, conf=-1: [s3:0.0.0.0:42087, s4:0.0.0.0:33912, s0:0.0.0.0:40055, s1:0.0.0.0:37625, s2:0.0.0.0:37369], old=null RUNNING
  s0:  RUNNING CANDIDATE s0@group-17EB70022112:t3, leader=null, voted=s0, raftlog=s0@group-17EB70022112-SegmentedRaftLog:OPENED:c-1,f-1,i0, conf=-1: [s3:0.0.0.0:42087, s4:0.0.0.0:33912, s0:0.0.0.0:40055, s1:0.0.0.0:37625, s2:0.0.0.0:37369], old=null RUNNING
  s1:  RUNNING CANDIDATE s1@group-17EB70022112:t2, leader=null, voted=s1, raftlog=s1@group-17EB70022112-SegmentedRaftLog:OPENED:c-1,f-1,i0, conf=-1: [s3:0.0.0.0:42087, s4:0.0.0.0:33912, s0:0.0.0.0:40055, s1:0.0.0.0:37625, s2:0.0.0.0:37369], old=null RUNNING
  s2:  RUNNING CANDIDATE s2@group-17EB70022112:t2, leader=null, voted=s2, raftlog=s2@group-17EB70022112-SegmentedRaftLog:OPENED:c-1,f-1,i0, conf=-1: [s3:0.0.0.0:42087, s4:0.0.0.0:33912, s0:0.0.0.0:40055, s1:0.0.0.0:37625, s2:0.0.0.0:37369], old=null RUNNING, sleep 450ms and then retry.
java.lang.IllegalStateException: No leader yet : printing ALL groups
  s3:  RUNNING CANDIDATE s3@group-17EB70022112:t2, leader=null, voted=s3, raftlog=s3@group-17EB70022112-SegmentedRaftLog:OPENED:c-1,f-1,i0, conf=-1: [s3:0.0.0.0:42087, s4:0.0.0.0:33912, s0:0.0.0.0:40055, s1:0.0.0.0:37625, s2:0.0.0.0:37369], old=null RUNNING
  s4:  RUNNING CANDIDATE s4@group-17EB70022112:t2, leader=null, voted=s4, raftlog=s4@group-17EB70022112-SegmentedRaftLog:OPENED:c-1,f-1,i0, conf=-1: [s3:0.0.0.0:42087, s4:0.0.0.0:33912, s0:0.0.0.0:40055, s1:0.0.0.0:37625, s2:0.0.0.0:37369], old=null RUNNING
  s0:  RUNNING CANDIDATE s0@group-17EB70022112:t3, leader=null, voted=s0, raftlog=s0@group-17EB70022112-SegmentedRaftLog:OPENED:c-1,f-1,i0, conf=-1: [s3:0.0.0.0:42087, s4:0.0.0.0:33912, s0:0.0.0.0:40055, s1:0.0.0.0:37625, s2:0.0.0.0:37369], old=null RUNNING
  s1:  RUNNING CANDIDATE s1@group-17EB70022112:t2, leader=null, voted=s1, raftlog=s1@group-17EB70022112-SegmentedRaftLog:OPENED:c-1,f-1,i0, conf=-1: [s3:0.0.0.0:42087, s4:0.0.0.0:33912, s0:0.0.0.0:40055, s1:0.0.0.0:37625, s2:0.0.0.0:37369], old=null RUNNING
  s2:  RUNNING CANDIDATE s2@group-17EB70022112:t2, leader=null, voted=s2, raftlog=s2@group-17EB70022112-SegmentedRaftLog:OPENED:c-1,f-1,i0, conf=-1: [s3:0.0.0.0:42087, s4:0.0.0.0:33912, s0:0.0.0.0:40055, s1:0.0.0.0:37625, s2:0.0.0.0:37369], old=null RUNNING
	at org.apache.ratis.MiniRaftCluster.newIllegalStateExceptionForNoLeaders(MiniRaftCluster.java:506)
	at org.apache.ratis.RaftTestUtil.lambda$waitForLeader$1(RaftTestUtil.java:90)
	at org.apache.ratis.MiniRaftCluster.getLeader(MiniRaftCluster.java:539)
	at org.apache.ratis.MiniRaftCluster.getLeader(MiniRaftCluster.java:532)
	at org.apache.ratis.RaftTestUtil.lambda$waitForLeader$3(RaftTestUtil.java:98)
	at org.apache.ratis.util.JavaUtils.attempt(JavaUtils.java:152)
	at org.apache.ratis.RaftTestUtil.waitForLeader(RaftTestUtil.java:97)
	at org.apache.ratis.RaftTestUtil.waitForLeader(RaftTestUtil.java:77)
	at org.apache.ratis.RaftTestUtil.waitForLeader(RaftTestUtil.java:72)
	at org.apache.ratis.RaftTestUtil.waitAndKillLeader(RaftTestUtil.java:114)
	at org.apache.ratis.server.impl.LeaderElectionTests.testBasicLeaderElection(LeaderElectionTests.java:63)
	at sun.reflect.NativeMethodAccessorImpl.invoke0(Native Method)
	at sun.reflect.NativeMethodAccessorImpl.invoke(NativeMethodAccessorImpl.java:62)
	at sun.reflect.DelegatingMethodAccessorImpl.invoke(DelegatingMethodAccessorImpl.java:43)
	at java.lang.reflect.Method.invoke(Method.java:498)
	at org.junit.runners.model.FrameworkMethod$1.runReflectiveCall(FrameworkMethod.java:50)
	at org.junit.internal.runners.model.ReflectiveCallable.run(ReflectiveCallable.java:12)
	at org.junit.runners.model.FrameworkMethod.invokeExplosively(FrameworkMethod.java:47)
	at org.junit.internal.runners.statements.InvokeMethod.evaluate(InvokeMethod.java:17)
	at org.junit.internal.runners.statements.RunAfters.evaluate(RunAfters.java:27)
	at org.junit.internal.runners.statements.FailOnTimeout$CallableStatement.call(FailOnTimeout.java:298)
	at org.junit.internal.runners.statements.FailOnTimeout$CallableStatement.call(FailOnTimeout.java:292)
	at java.util.concurrent.FutureTask.run(FutureTask.java:266)
	at java.lang.Thread.run(Thread.java:748)
2019-09-24 17:10:46,205 WARN  ratis.RaftTestUtil (JavaUtils.java:attempt(158)) - FAILED "waitForLeader-null-(expectLeader? true)", attempt #57/100: java.lang.IllegalStateException: No leader yet : printing ALL groups
  s3:  RUNNING CANDIDATE s3@group-17EB70022112:t2, leader=null, voted=s3, raftlog=s3@group-17EB70022112-SegmentedRaftLog:OPENED:c-1,f-1,i0, conf=-1: [s3:0.0.0.0:42087, s4:0.0.0.0:33912, s0:0.0.0.0:40055, s1:0.0.0.0:37625, s2:0.0.0.0:37369], old=null RUNNING
  s4:  RUNNING CANDIDATE s4@group-17EB70022112:t2, leader=null, voted=s4, raftlog=s4@group-17EB70022112-SegmentedRaftLog:OPENED:c-1,f-1,i0, conf=-1: [s3:0.0.0.0:42087, s4:0.0.0.0:33912, s0:0.0.0.0:40055, s1:0.0.0.0:37625, s2:0.0.0.0:37369], old=null RUNNING
  s0:  RUNNING CANDIDATE s0@group-17EB70022112:t3, leader=null, voted=s0, raftlog=s0@group-17EB70022112-SegmentedRaftLog:OPENED:c-1,f-1,i0, conf=-1: [s3:0.0.0.0:42087, s4:0.0.0.0:33912, s0:0.0.0.0:40055, s1:0.0.0.0:37625, s2:0.0.0.0:37369], old=null RUNNING
  s1:  RUNNING CANDIDATE s1@group-17EB70022112:t2, leader=null, voted=s1, raftlog=s1@group-17EB70022112-SegmentedRaftLog:OPENED:c-1,f-1,i0, conf=-1: [s3:0.0.0.0:42087, s4:0.0.0.0:33912, s0:0.0.0.0:40055, s1:0.0.0.0:37625, s2:0.0.0.0:37369], old=null RUNNING
  s2:  RUNNING CANDIDATE s2@group-17EB70022112:t2, leader=null, voted=s2, raftlog=s2@group-17EB70022112-SegmentedRaftLog:OPENED:c-1,f-1,i0, conf=-1: [s3:0.0.0.0:42087, s4:0.0.0.0:33912, s0:0.0.0.0:40055, s1:0.0.0.0:37625, s2:0.0.0.0:37369], old=null RUNNING, sleep 450ms and then retry.
java.lang.IllegalStateException: No leader yet : printing ALL groups
  s3:  RUNNING CANDIDATE s3@group-17EB70022112:t2, leader=null, voted=s3, raftlog=s3@group-17EB70022112-SegmentedRaftLog:OPENED:c-1,f-1,i0, conf=-1: [s3:0.0.0.0:42087, s4:0.0.0.0:33912, s0:0.0.0.0:40055, s1:0.0.0.0:37625, s2:0.0.0.0:37369], old=null RUNNING
  s4:  RUNNING CANDIDATE s4@group-17EB70022112:t2, leader=null, voted=s4, raftlog=s4@group-17EB70022112-SegmentedRaftLog:OPENED:c-1,f-1,i0, conf=-1: [s3:0.0.0.0:42087, s4:0.0.0.0:33912, s0:0.0.0.0:40055, s1:0.0.0.0:37625, s2:0.0.0.0:37369], old=null RUNNING
  s0:  RUNNING CANDIDATE s0@group-17EB70022112:t3, leader=null, voted=s0, raftlog=s0@group-17EB70022112-SegmentedRaftLog:OPENED:c-1,f-1,i0, conf=-1: [s3:0.0.0.0:42087, s4:0.0.0.0:33912, s0:0.0.0.0:40055, s1:0.0.0.0:37625, s2:0.0.0.0:37369], old=null RUNNING
  s1:  RUNNING CANDIDATE s1@group-17EB70022112:t2, leader=null, voted=s1, raftlog=s1@group-17EB70022112-SegmentedRaftLog:OPENED:c-1,f-1,i0, conf=-1: [s3:0.0.0.0:42087, s4:0.0.0.0:33912, s0:0.0.0.0:40055, s1:0.0.0.0:37625, s2:0.0.0.0:37369], old=null RUNNING
  s2:  RUNNING CANDIDATE s2@group-17EB70022112:t2, leader=null, voted=s2, raftlog=s2@group-17EB70022112-SegmentedRaftLog:OPENED:c-1,f-1,i0, conf=-1: [s3:0.0.0.0:42087, s4:0.0.0.0:33912, s0:0.0.0.0:40055, s1:0.0.0.0:37625, s2:0.0.0.0:37369], old=null RUNNING
	at org.apache.ratis.MiniRaftCluster.newIllegalStateExceptionForNoLeaders(MiniRaftCluster.java:506)
	at org.apache.ratis.RaftTestUtil.lambda$waitForLeader$1(RaftTestUtil.java:90)
	at org.apache.ratis.MiniRaftCluster.getLeader(MiniRaftCluster.java:539)
	at org.apache.ratis.MiniRaftCluster.getLeader(MiniRaftCluster.java:532)
	at org.apache.ratis.RaftTestUtil.lambda$waitForLeader$3(RaftTestUtil.java:98)
	at org.apache.ratis.util.JavaUtils.attempt(JavaUtils.java:152)
	at org.apache.ratis.RaftTestUtil.waitForLeader(RaftTestUtil.java:97)
	at org.apache.ratis.RaftTestUtil.waitForLeader(RaftTestUtil.java:77)
	at org.apache.ratis.RaftTestUtil.waitForLeader(RaftTestUtil.java:72)
	at org.apache.ratis.RaftTestUtil.waitAndKillLeader(RaftTestUtil.java:114)
	at org.apache.ratis.server.impl.LeaderElectionTests.testBasicLeaderElection(LeaderElectionTests.java:63)
	at sun.reflect.NativeMethodAccessorImpl.invoke0(Native Method)
	at sun.reflect.NativeMethodAccessorImpl.invoke(NativeMethodAccessorImpl.java:62)
	at sun.reflect.DelegatingMethodAccessorImpl.invoke(DelegatingMethodAccessorImpl.java:43)
	at java.lang.reflect.Method.invoke(Method.java:498)
	at org.junit.runners.model.FrameworkMethod$1.runReflectiveCall(FrameworkMethod.java:50)
	at org.junit.internal.runners.model.ReflectiveCallable.run(ReflectiveCallable.java:12)
	at org.junit.runners.model.FrameworkMethod.invokeExplosively(FrameworkMethod.java:47)
	at org.junit.internal.runners.statements.InvokeMethod.evaluate(InvokeMethod.java:17)
	at org.junit.internal.runners.statements.RunAfters.evaluate(RunAfters.java:27)
	at org.junit.internal.runners.statements.FailOnTimeout$CallableStatement.call(FailOnTimeout.java:298)
	at org.junit.internal.runners.statements.FailOnTimeout$CallableStatement.call(FailOnTimeout.java:292)
	at java.util.concurrent.FutureTask.run(FutureTask.java:266)
	at java.lang.Thread.run(Thread.java:748)
2019-09-24 17:10:46,656 WARN  ratis.RaftTestUtil (JavaUtils.java:attempt(158)) - FAILED "waitForLeader-null-(expectLeader? true)", attempt #58/100: java.lang.IllegalStateException: No leader yet : printing ALL groups
  s3:  RUNNING CANDIDATE s3@group-17EB70022112:t2, leader=null, voted=s3, raftlog=s3@group-17EB70022112-SegmentedRaftLog:OPENED:c-1,f-1,i0, conf=-1: [s3:0.0.0.0:42087, s4:0.0.0.0:33912, s0:0.0.0.0:40055, s1:0.0.0.0:37625, s2:0.0.0.0:37369], old=null RUNNING
  s4:  RUNNING CANDIDATE s4@group-17EB70022112:t2, leader=null, voted=s4, raftlog=s4@group-17EB70022112-SegmentedRaftLog:OPENED:c-1,f-1,i0, conf=-1: [s3:0.0.0.0:42087, s4:0.0.0.0:33912, s0:0.0.0.0:40055, s1:0.0.0.0:37625, s2:0.0.0.0:37369], old=null RUNNING
  s0:  RUNNING CANDIDATE s0@group-17EB70022112:t3, leader=null, voted=s0, raftlog=s0@group-17EB70022112-SegmentedRaftLog:OPENED:c-1,f-1,i0, conf=-1: [s3:0.0.0.0:42087, s4:0.0.0.0:33912, s0:0.0.0.0:40055, s1:0.0.0.0:37625, s2:0.0.0.0:37369], old=null RUNNING
  s1:  RUNNING CANDIDATE s1@group-17EB70022112:t2, leader=null, voted=s1, raftlog=s1@group-17EB70022112-SegmentedRaftLog:OPENED:c-1,f-1,i0, conf=-1: [s3:0.0.0.0:42087, s4:0.0.0.0:33912, s0:0.0.0.0:40055, s1:0.0.0.0:37625, s2:0.0.0.0:37369], old=null RUNNING
  s2:  RUNNING CANDIDATE s2@group-17EB70022112:t2, leader=null, voted=s2, raftlog=s2@group-17EB70022112-SegmentedRaftLog:OPENED:c-1,f-1,i0, conf=-1: [s3:0.0.0.0:42087, s4:0.0.0.0:33912, s0:0.0.0.0:40055, s1:0.0.0.0:37625, s2:0.0.0.0:37369], old=null RUNNING, sleep 450ms and then retry.
java.lang.IllegalStateException: No leader yet : printing ALL groups
  s3:  RUNNING CANDIDATE s3@group-17EB70022112:t2, leader=null, voted=s3, raftlog=s3@group-17EB70022112-SegmentedRaftLog:OPENED:c-1,f-1,i0, conf=-1: [s3:0.0.0.0:42087, s4:0.0.0.0:33912, s0:0.0.0.0:40055, s1:0.0.0.0:37625, s2:0.0.0.0:37369], old=null RUNNING
  s4:  RUNNING CANDIDATE s4@group-17EB70022112:t2, leader=null, voted=s4, raftlog=s4@group-17EB70022112-SegmentedRaftLog:OPENED:c-1,f-1,i0, conf=-1: [s3:0.0.0.0:42087, s4:0.0.0.0:33912, s0:0.0.0.0:40055, s1:0.0.0.0:37625, s2:0.0.0.0:37369], old=null RUNNING
  s0:  RUNNING CANDIDATE s0@group-17EB70022112:t3, leader=null, voted=s0, raftlog=s0@group-17EB70022112-SegmentedRaftLog:OPENED:c-1,f-1,i0, conf=-1: [s3:0.0.0.0:42087, s4:0.0.0.0:33912, s0:0.0.0.0:40055, s1:0.0.0.0:37625, s2:0.0.0.0:37369], old=null RUNNING
  s1:  RUNNING CANDIDATE s1@group-17EB70022112:t2, leader=null, voted=s1, raftlog=s1@group-17EB70022112-SegmentedRaftLog:OPENED:c-1,f-1,i0, conf=-1: [s3:0.0.0.0:42087, s4:0.0.0.0:33912, s0:0.0.0.0:40055, s1:0.0.0.0:37625, s2:0.0.0.0:37369], old=null RUNNING
  s2:  RUNNING CANDIDATE s2@group-17EB70022112:t2, leader=null, voted=s2, raftlog=s2@group-17EB70022112-SegmentedRaftLog:OPENED:c-1,f-1,i0, conf=-1: [s3:0.0.0.0:42087, s4:0.0.0.0:33912, s0:0.0.0.0:40055, s1:0.0.0.0:37625, s2:0.0.0.0:37369], old=null RUNNING
	at org.apache.ratis.MiniRaftCluster.newIllegalStateExceptionForNoLeaders(MiniRaftCluster.java:506)
	at org.apache.ratis.RaftTestUtil.lambda$waitForLeader$1(RaftTestUtil.java:90)
	at org.apache.ratis.MiniRaftCluster.getLeader(MiniRaftCluster.java:539)
	at org.apache.ratis.MiniRaftCluster.getLeader(MiniRaftCluster.java:532)
	at org.apache.ratis.RaftTestUtil.lambda$waitForLeader$3(RaftTestUtil.java:98)
	at org.apache.ratis.util.JavaUtils.attempt(JavaUtils.java:152)
	at org.apache.ratis.RaftTestUtil.waitForLeader(RaftTestUtil.java:97)
	at org.apache.ratis.RaftTestUtil.waitForLeader(RaftTestUtil.java:77)
	at org.apache.ratis.RaftTestUtil.waitForLeader(RaftTestUtil.java:72)
	at org.apache.ratis.RaftTestUtil.waitAndKillLeader(RaftTestUtil.java:114)
	at org.apache.ratis.server.impl.LeaderElectionTests.testBasicLeaderElection(LeaderElectionTests.java:63)
	at sun.reflect.NativeMethodAccessorImpl.invoke0(Native Method)
	at sun.reflect.NativeMethodAccessorImpl.invoke(NativeMethodAccessorImpl.java:62)
	at sun.reflect.DelegatingMethodAccessorImpl.invoke(DelegatingMethodAccessorImpl.java:43)
	at java.lang.reflect.Method.invoke(Method.java:498)
	at org.junit.runners.model.FrameworkMethod$1.runReflectiveCall(FrameworkMethod.java:50)
	at org.junit.internal.runners.model.ReflectiveCallable.run(ReflectiveCallable.java:12)
	at org.junit.runners.model.FrameworkMethod.invokeExplosively(FrameworkMethod.java:47)
	at org.junit.internal.runners.statements.InvokeMethod.evaluate(InvokeMethod.java:17)
	at org.junit.internal.runners.statements.RunAfters.evaluate(RunAfters.java:27)
	at org.junit.internal.runners.statements.FailOnTimeout$CallableStatement.call(FailOnTimeout.java:298)
	at org.junit.internal.runners.statements.FailOnTimeout$CallableStatement.call(FailOnTimeout.java:292)
	at java.util.concurrent.FutureTask.run(FutureTask.java:266)
	at java.lang.Thread.run(Thread.java:748)
2019-09-24 17:10:47,108 WARN  ratis.RaftTestUtil (JavaUtils.java:attempt(158)) - FAILED "waitForLeader-null-(expectLeader? true)", attempt #59/100: java.lang.IllegalStateException: No leader yet : printing ALL groups
  s3:  RUNNING CANDIDATE s3@group-17EB70022112:t2, leader=null, voted=s3, raftlog=s3@group-17EB70022112-SegmentedRaftLog:OPENED:c-1,f-1,i0, conf=-1: [s3:0.0.0.0:42087, s4:0.0.0.0:33912, s0:0.0.0.0:40055, s1:0.0.0.0:37625, s2:0.0.0.0:37369], old=null RUNNING
  s4:  RUNNING CANDIDATE s4@group-17EB70022112:t2, leader=null, voted=s4, raftlog=s4@group-17EB70022112-SegmentedRaftLog:OPENED:c-1,f-1,i0, conf=-1: [s3:0.0.0.0:42087, s4:0.0.0.0:33912, s0:0.0.0.0:40055, s1:0.0.0.0:37625, s2:0.0.0.0:37369], old=null RUNNING
  s0:  RUNNING CANDIDATE s0@group-17EB70022112:t3, leader=null, voted=s0, raftlog=s0@group-17EB70022112-SegmentedRaftLog:OPENED:c-1,f-1,i0, conf=-1: [s3:0.0.0.0:42087, s4:0.0.0.0:33912, s0:0.0.0.0:40055, s1:0.0.0.0:37625, s2:0.0.0.0:37369], old=null RUNNING
  s1:  RUNNING CANDIDATE s1@group-17EB70022112:t2, leader=null, voted=s1, raftlog=s1@group-17EB70022112-SegmentedRaftLog:OPENED:c-1,f-1,i0, conf=-1: [s3:0.0.0.0:42087, s4:0.0.0.0:33912, s0:0.0.0.0:40055, s1:0.0.0.0:37625, s2:0.0.0.0:37369], old=null RUNNING
  s2:  RUNNING CANDIDATE s2@group-17EB70022112:t2, leader=null, voted=s2, raftlog=s2@group-17EB70022112-SegmentedRaftLog:OPENED:c-1,f-1,i0, conf=-1: [s3:0.0.0.0:42087, s4:0.0.0.0:33912, s0:0.0.0.0:40055, s1:0.0.0.0:37625, s2:0.0.0.0:37369], old=null RUNNING, sleep 450ms and then retry.
java.lang.IllegalStateException: No leader yet : printing ALL groups
  s3:  RUNNING CANDIDATE s3@group-17EB70022112:t2, leader=null, voted=s3, raftlog=s3@group-17EB70022112-SegmentedRaftLog:OPENED:c-1,f-1,i0, conf=-1: [s3:0.0.0.0:42087, s4:0.0.0.0:33912, s0:0.0.0.0:40055, s1:0.0.0.0:37625, s2:0.0.0.0:37369], old=null RUNNING
  s4:  RUNNING CANDIDATE s4@group-17EB70022112:t2, leader=null, voted=s4, raftlog=s4@group-17EB70022112-SegmentedRaftLog:OPENED:c-1,f-1,i0, conf=-1: [s3:0.0.0.0:42087, s4:0.0.0.0:33912, s0:0.0.0.0:40055, s1:0.0.0.0:37625, s2:0.0.0.0:37369], old=null RUNNING
  s0:  RUNNING CANDIDATE s0@group-17EB70022112:t3, leader=null, voted=s0, raftlog=s0@group-17EB70022112-SegmentedRaftLog:OPENED:c-1,f-1,i0, conf=-1: [s3:0.0.0.0:42087, s4:0.0.0.0:33912, s0:0.0.0.0:40055, s1:0.0.0.0:37625, s2:0.0.0.0:37369], old=null RUNNING
  s1:  RUNNING CANDIDATE s1@group-17EB70022112:t2, leader=null, voted=s1, raftlog=s1@group-17EB70022112-SegmentedRaftLog:OPENED:c-1,f-1,i0, conf=-1: [s3:0.0.0.0:42087, s4:0.0.0.0:33912, s0:0.0.0.0:40055, s1:0.0.0.0:37625, s2:0.0.0.0:37369], old=null RUNNING
  s2:  RUNNING CANDIDATE s2@group-17EB70022112:t2, leader=null, voted=s2, raftlog=s2@group-17EB70022112-SegmentedRaftLog:OPENED:c-1,f-1,i0, conf=-1: [s3:0.0.0.0:42087, s4:0.0.0.0:33912, s0:0.0.0.0:40055, s1:0.0.0.0:37625, s2:0.0.0.0:37369], old=null RUNNING
	at org.apache.ratis.MiniRaftCluster.newIllegalStateExceptionForNoLeaders(MiniRaftCluster.java:506)
	at org.apache.ratis.RaftTestUtil.lambda$waitForLeader$1(RaftTestUtil.java:90)
	at org.apache.ratis.MiniRaftCluster.getLeader(MiniRaftCluster.java:539)
	at org.apache.ratis.MiniRaftCluster.getLeader(MiniRaftCluster.java:532)
	at org.apache.ratis.RaftTestUtil.lambda$waitForLeader$3(RaftTestUtil.java:98)
	at org.apache.ratis.util.JavaUtils.attempt(JavaUtils.java:152)
	at org.apache.ratis.RaftTestUtil.waitForLeader(RaftTestUtil.java:97)
	at org.apache.ratis.RaftTestUtil.waitForLeader(RaftTestUtil.java:77)
	at org.apache.ratis.RaftTestUtil.waitForLeader(RaftTestUtil.java:72)
	at org.apache.ratis.RaftTestUtil.waitAndKillLeader(RaftTestUtil.java:114)
	at org.apache.ratis.server.impl.LeaderElectionTests.testBasicLeaderElection(LeaderElectionTests.java:63)
	at sun.reflect.NativeMethodAccessorImpl.invoke0(Native Method)
	at sun.reflect.NativeMethodAccessorImpl.invoke(NativeMethodAccessorImpl.java:62)
	at sun.reflect.DelegatingMethodAccessorImpl.invoke(DelegatingMethodAccessorImpl.java:43)
	at java.lang.reflect.Method.invoke(Method.java:498)
	at org.junit.runners.model.FrameworkMethod$1.runReflectiveCall(FrameworkMethod.java:50)
	at org.junit.internal.runners.model.ReflectiveCallable.run(ReflectiveCallable.java:12)
	at org.junit.runners.model.FrameworkMethod.invokeExplosively(FrameworkMethod.java:47)
	at org.junit.internal.runners.statements.InvokeMethod.evaluate(InvokeMethod.java:17)
	at org.junit.internal.runners.statements.RunAfters.evaluate(RunAfters.java:27)
	at org.junit.internal.runners.statements.FailOnTimeout$CallableStatement.call(FailOnTimeout.java:298)
	at org.junit.internal.runners.statements.FailOnTimeout$CallableStatement.call(FailOnTimeout.java:292)
	at java.util.concurrent.FutureTask.run(FutureTask.java:266)
	at java.lang.Thread.run(Thread.java:748)
2019-09-24 17:10:47,301 INFO  impl.LeaderElection (LeaderElection.java:askForVotes(178)) - s4@group-17EB70022112-LeaderElection52: begin an election at term 2 for -1: [s3:0.0.0.0:42087, s4:0.0.0.0:33912, s0:0.0.0.0:40055, s1:0.0.0.0:37625, s2:0.0.0.0:37369], old=null
2019-09-24 17:10:47,302 DEBUG impl.RaftServerImpl (RaftServerImpl.java:requestVote(775)) - s4@group-17EB70022112 replies to vote request: s0<-s4#0:FAIL-t2. Peer's state: s4@group-17EB70022112:t2, leader=null, voted=s4, raftlog=s4@group-17EB70022112-SegmentedRaftLog:OPENED:c-1,f-1,i0, conf=-1: [s3:0.0.0.0:42087, s4:0.0.0.0:33912, s0:0.0.0.0:40055, s1:0.0.0.0:37625, s2:0.0.0.0:37369], old=null
2019-09-24 17:10:47,302 DEBUG impl.RaftServerImpl (RaftServerImpl.java:requestVote(775)) - s1@group-17EB70022112 replies to vote request: s0<-s1#0:FAIL-t2. Peer's state: s1@group-17EB70022112:t2, leader=null, voted=s1, raftlog=s1@group-17EB70022112-SegmentedRaftLog:OPENED:c-1,f-1,i0, conf=-1: [s3:0.0.0.0:42087, s4:0.0.0.0:33912, s0:0.0.0.0:40055, s1:0.0.0.0:37625, s2:0.0.0.0:37369], old=null
2019-09-24 17:10:47,302 DEBUG impl.RaftServerImpl (RaftServerImpl.java:requestVote(775)) - s2@group-17EB70022112 replies to vote request: s0<-s2#0:FAIL-t2. Peer's state: s2@group-17EB70022112:t2, leader=null, voted=s2, raftlog=s2@group-17EB70022112-SegmentedRaftLog:OPENED:c-1,f-1,i0, conf=-1: [s3:0.0.0.0:42087, s4:0.0.0.0:33912, s0:0.0.0.0:40055, s1:0.0.0.0:37625, s2:0.0.0.0:37369], old=null
2019-09-24 17:10:47,302 DEBUG impl.RaftServerImpl (RaftServerImpl.java:requestVote(775)) - s3@group-17EB70022112 replies to vote request: s0<-s3#0:FAIL-t2. Peer's state: s3@group-17EB70022112:t2, leader=null, voted=s3, raftlog=s3@group-17EB70022112-SegmentedRaftLog:OPENED:c-1,f-1,i0, conf=-1: [s3:0.0.0.0:42087, s4:0.0.0.0:33912, s0:0.0.0.0:40055, s1:0.0.0.0:37625, s2:0.0.0.0:37369], old=null
2019-09-24 17:10:47,301 INFO  impl.LeaderElection (LeaderElection.java:askForVotes(178)) - s3@group-17EB70022112-LeaderElection54: begin an election at term 2 for -1: [s3:0.0.0.0:42087, s4:0.0.0.0:33912, s0:0.0.0.0:40055, s1:0.0.0.0:37625, s2:0.0.0.0:37369], old=null
2019-09-24 17:10:47,301 INFO  impl.LeaderElection (LeaderElection.java:askForVotes(178)) - s1@group-17EB70022112-LeaderElection55: begin an election at term 2 for -1: [s3:0.0.0.0:42087, s4:0.0.0.0:33912, s0:0.0.0.0:40055, s1:0.0.0.0:37625, s2:0.0.0.0:37369], old=null
2019-09-24 17:10:47,301 INFO  impl.LeaderElection (LeaderElection.java:askForVotes(178)) - s2@group-17EB70022112-LeaderElection53: begin an election at term 2 for -1: [s3:0.0.0.0:42087, s4:0.0.0.0:33912, s0:0.0.0.0:40055, s1:0.0.0.0:37625, s2:0.0.0.0:37369], old=null
2019-09-24 17:10:47,303 DEBUG impl.RaftServerImpl (RaftServerImpl.java:requestVote(743)) - s1@group-17EB70022112: receive requestVote(s4, group-17EB70022112, 2, (t:0, i:0))
2019-09-24 17:10:47,303 DEBUG impl.RaftServerImpl (RaftServerImpl.java:requestVote(743)) - s0@group-17EB70022112: receive requestVote(s4, group-17EB70022112, 2, (t:0, i:0))
2019-09-24 17:10:47,303 DEBUG impl.RaftServerImpl (RaftServerImpl.java:requestVote(743)) - s3@group-17EB70022112: receive requestVote(s4, group-17EB70022112, 2, (t:0, i:0))
2019-09-24 17:10:47,304 DEBUG impl.RaftServerImpl (RaftServerImpl.java:requestVote(743)) - s3@group-17EB70022112: receive requestVote(s1, group-17EB70022112, 2, (t:0, i:0))
2019-09-24 17:10:47,304 DEBUG impl.RaftServerImpl (RaftServerImpl.java:requestVote(743)) - s0@group-17EB70022112: receive requestVote(s3, group-17EB70022112, 2, (t:0, i:0))
2019-09-24 17:10:47,304 DEBUG impl.RaftServerImpl (RaftServerImpl.java:requestVote(743)) - s4@group-17EB70022112: receive requestVote(s1, group-17EB70022112, 2, (t:0, i:0))
2019-09-24 17:10:47,304 DEBUG impl.RaftServerImpl (RaftServerImpl.java:requestVote(743)) - s4@group-17EB70022112: receive requestVote(s3, group-17EB70022112, 2, (t:0, i:0))
2019-09-24 17:10:47,304 DEBUG impl.RaftServerImpl (RaftServerImpl.java:requestVote(775)) - s1@group-17EB70022112 replies to vote request: s4<-s1#0:FAIL-t2. Peer's state: s1@group-17EB70022112:t2, leader=null, voted=s1, raftlog=s1@group-17EB70022112-SegmentedRaftLog:OPENED:c-1,f-1,i0, conf=-1: [s3:0.0.0.0:42087, s4:0.0.0.0:33912, s0:0.0.0.0:40055, s1:0.0.0.0:37625, s2:0.0.0.0:37369], old=null
2019-09-24 17:10:47,303 DEBUG impl.RaftServerImpl (RaftServerImpl.java:requestVote(743)) - s2@group-17EB70022112: receive requestVote(s4, group-17EB70022112, 2, (t:0, i:0))
2019-09-24 17:10:47,305 DEBUG impl.RaftServerImpl (RaftServerImpl.java:requestVote(743)) - s0@group-17EB70022112: receive requestVote(s2, group-17EB70022112, 2, (t:0, i:0))
2019-09-24 17:10:47,305 DEBUG impl.RaftServerImpl (RaftServerImpl.java:requestVote(775)) - s4@group-17EB70022112 replies to vote request: s1<-s4#0:FAIL-t2. Peer's state: s4@group-17EB70022112:t2, leader=null, voted=s4, raftlog=s4@group-17EB70022112-SegmentedRaftLog:OPENED:c-1,f-1,i0, conf=-1: [s3:0.0.0.0:42087, s4:0.0.0.0:33912, s0:0.0.0.0:40055, s1:0.0.0.0:37625, s2:0.0.0.0:37369], old=null
2019-09-24 17:10:47,305 DEBUG impl.RaftServerImpl (RaftServerImpl.java:requestVote(743)) - s2@group-17EB70022112: receive requestVote(s1, group-17EB70022112, 2, (t:0, i:0))
2019-09-24 17:10:47,304 DEBUG impl.RaftServerImpl (RaftServerImpl.java:requestVote(743)) - s1@group-17EB70022112: receive requestVote(s3, group-17EB70022112, 2, (t:0, i:0))
2019-09-24 17:10:47,304 DEBUG impl.RaftServerImpl (RaftServerImpl.java:requestVote(775)) - s3@group-17EB70022112 replies to vote request: s4<-s3#0:FAIL-t2. Peer's state: s3@group-17EB70022112:t2, leader=null, voted=s3, raftlog=s3@group-17EB70022112-SegmentedRaftLog:OPENED:c-1,f-1,i0, conf=-1: [s3:0.0.0.0:42087, s4:0.0.0.0:33912, s0:0.0.0.0:40055, s1:0.0.0.0:37625, s2:0.0.0.0:37369], old=null
2019-09-24 17:10:47,306 DEBUG impl.RaftServerImpl (RaftServerImpl.java:requestVote(775)) - s1@group-17EB70022112 replies to vote request: s3<-s1#0:FAIL-t2. Peer's state: s1@group-17EB70022112:t2, leader=null, voted=s1, raftlog=s1@group-17EB70022112-SegmentedRaftLog:OPENED:c-1,f-1,i0, conf=-1: [s3:0.0.0.0:42087, s4:0.0.0.0:33912, s0:0.0.0.0:40055, s1:0.0.0.0:37625, s2:0.0.0.0:37369], old=null
2019-09-24 17:10:47,305 DEBUG impl.RaftServerImpl (RaftServerImpl.java:requestVote(775)) - s4@group-17EB70022112 replies to vote request: s3<-s4#0:FAIL-t2. Peer's state: s4@group-17EB70022112:t2, leader=null, voted=s4, raftlog=s4@group-17EB70022112-SegmentedRaftLog:OPENED:c-1,f-1,i0, conf=-1: [s3:0.0.0.0:42087, s4:0.0.0.0:33912, s0:0.0.0.0:40055, s1:0.0.0.0:37625, s2:0.0.0.0:37369], old=null
2019-09-24 17:10:47,305 DEBUG impl.RaftServerImpl (RaftServerImpl.java:requestVote(775)) - s2@group-17EB70022112 replies to vote request: s4<-s2#0:FAIL-t2. Peer's state: s2@group-17EB70022112:t2, leader=null, voted=s2, raftlog=s2@group-17EB70022112-SegmentedRaftLog:OPENED:c-1,f-1,i0, conf=-1: [s3:0.0.0.0:42087, s4:0.0.0.0:33912, s0:0.0.0.0:40055, s1:0.0.0.0:37625, s2:0.0.0.0:37369], old=null
2019-09-24 17:10:47,306 DEBUG impl.RaftServerImpl (RaftServerImpl.java:requestVote(775)) - s3@group-17EB70022112 replies to vote request: s1<-s3#0:FAIL-t2. Peer's state: s3@group-17EB70022112:t2, leader=null, voted=s3, raftlog=s3@group-17EB70022112-SegmentedRaftLog:OPENED:c-1,f-1,i0, conf=-1: [s3:0.0.0.0:42087, s4:0.0.0.0:33912, s0:0.0.0.0:40055, s1:0.0.0.0:37625, s2:0.0.0.0:37369], old=null
2019-09-24 17:10:47,306 DEBUG impl.RaftServerImpl (RaftServerImpl.java:requestVote(775)) - s2@group-17EB70022112 replies to vote request: s1<-s2#0:FAIL-t2. Peer's state: s2@group-17EB70022112:t2, leader=null, voted=s2, raftlog=s2@group-17EB70022112-SegmentedRaftLog:OPENED:c-1,f-1,i0, conf=-1: [s3:0.0.0.0:42087, s4:0.0.0.0:33912, s0:0.0.0.0:40055, s1:0.0.0.0:37625, s2:0.0.0.0:37369], old=null
2019-09-24 17:10:47,313 DEBUG impl.RaftServerImpl (RaftServerImpl.java:requestVote(743)) - s4@group-17EB70022112: receive requestVote(s2, group-17EB70022112, 2, (t:0, i:0))
2019-09-24 17:10:47,313 DEBUG impl.RaftServerImpl (RaftServerImpl.java:requestVote(775)) - s4@group-17EB70022112 replies to vote request: s2<-s4#0:FAIL-t2. Peer's state: s4@group-17EB70022112:t2, leader=null, voted=s4, raftlog=s4@group-17EB70022112-SegmentedRaftLog:OPENED:c-1,f-1,i0, conf=-1: [s3:0.0.0.0:42087, s4:0.0.0.0:33912, s0:0.0.0.0:40055, s1:0.0.0.0:37625, s2:0.0.0.0:37369], old=null
2019-09-24 17:10:47,313 DEBUG impl.RaftServerImpl (RaftServerImpl.java:requestVote(743)) - s3@group-17EB70022112: receive requestVote(s2, group-17EB70022112, 2, (t:0, i:0))
2019-09-24 17:10:47,313 DEBUG impl.RaftServerImpl (RaftServerImpl.java:requestVote(775)) - s3@group-17EB70022112 replies to vote request: s2<-s3#0:FAIL-t2. Peer's state: s3@group-17EB70022112:t2, leader=null, voted=s3, raftlog=s3@group-17EB70022112-SegmentedRaftLog:OPENED:c-1,f-1,i0, conf=-1: [s3:0.0.0.0:42087, s4:0.0.0.0:33912, s0:0.0.0.0:40055, s1:0.0.0.0:37625, s2:0.0.0.0:37369], old=null
2019-09-24 17:10:47,316 DEBUG impl.RaftServerImpl (RaftServerImpl.java:requestVote(743)) - s1@group-17EB70022112: receive requestVote(s2, group-17EB70022112, 2, (t:0, i:0))
2019-09-24 17:10:47,316 DEBUG impl.RaftServerImpl (RaftServerImpl.java:requestVote(775)) - s1@group-17EB70022112 replies to vote request: s2<-s1#0:FAIL-t2. Peer's state: s1@group-17EB70022112:t2, leader=null, voted=s1, raftlog=s1@group-17EB70022112-SegmentedRaftLog:OPENED:c-1,f-1,i0, conf=-1: [s3:0.0.0.0:42087, s4:0.0.0.0:33912, s0:0.0.0.0:40055, s1:0.0.0.0:37625, s2:0.0.0.0:37369], old=null
2019-09-24 17:10:47,317 DEBUG impl.RaftServerImpl (RaftServerImpl.java:requestVote(743)) - s2@group-17EB70022112: receive requestVote(s3, group-17EB70022112, 2, (t:0, i:0))
2019-09-24 17:10:47,318 DEBUG impl.RaftServerImpl (RaftServerImpl.java:requestVote(775)) - s2@group-17EB70022112 replies to vote request: s3<-s2#0:FAIL-t2. Peer's state: s2@group-17EB70022112:t2, leader=null, voted=s2, raftlog=s2@group-17EB70022112-SegmentedRaftLog:OPENED:c-1,f-1,i0, conf=-1: [s3:0.0.0.0:42087, s4:0.0.0.0:33912, s0:0.0.0.0:40055, s1:0.0.0.0:37625, s2:0.0.0.0:37369], old=null
2019-09-24 17:10:47,481 INFO  impl.LeaderElection (LeaderElection.java:logAndReturn(56)) - s4@group-17EB70022112-LeaderElection52: Election TIMEOUT; received 3 response(s) [s4<-s3#0:FAIL-t2, s4<-s1#0:FAIL-t2, s4<-s2#0:FAIL-t2] and 0 exception(s); s4@group-17EB70022112:t2, leader=null, voted=s4, raftlog=s4@group-17EB70022112-SegmentedRaftLog:OPENED:c-1,f-1,i0, conf=-1: [s3:0.0.0.0:42087, s4:0.0.0.0:33912, s0:0.0.0.0:40055, s1:0.0.0.0:37625, s2:0.0.0.0:37369], old=null
2019-09-24 17:10:47,549 INFO  impl.LeaderElection (LeaderElection.java:logAndReturn(56)) - s3@group-17EB70022112-LeaderElection54: Election TIMEOUT; received 3 response(s) [s3<-s4#0:FAIL-t2, s3<-s1#0:FAIL-t2, s3<-s2#0:FAIL-t2] and 0 exception(s); s3@group-17EB70022112:t2, leader=null, voted=s3, raftlog=s3@group-17EB70022112-SegmentedRaftLog:OPENED:c-1,f-1,i0, conf=-1: [s3:0.0.0.0:42087, s4:0.0.0.0:33912, s0:0.0.0.0:40055, s1:0.0.0.0:37625, s2:0.0.0.0:37369], old=null
2019-09-24 17:10:47,549 INFO  impl.LeaderElection (LeaderElection.java:logAndReturn(56)) - s1@group-17EB70022112-LeaderElection55: Election TIMEOUT; received 3 response(s) [s1<-s3#0:FAIL-t2, s1<-s4#0:FAIL-t2, s1<-s2#0:FAIL-t2] and 0 exception(s); s1@group-17EB70022112:t2, leader=null, voted=s1, raftlog=s1@group-17EB70022112-SegmentedRaftLog:OPENED:c-1,f-1,i0, conf=-1: [s3:0.0.0.0:42087, s4:0.0.0.0:33912, s0:0.0.0.0:40055, s1:0.0.0.0:37625, s2:0.0.0.0:37369], old=null
2019-09-24 17:10:47,559 WARN  ratis.RaftTestUtil (JavaUtils.java:attempt(158)) - FAILED "waitForLeader-null-(expectLeader? true)", attempt #60/100: java.lang.IllegalStateException: No leader yet : printing ALL groups
  s3:  RUNNING CANDIDATE s3@group-17EB70022112:t3, leader=null, voted=s3, raftlog=s3@group-17EB70022112-SegmentedRaftLog:OPENED:c-1,f-1,i0, conf=-1: [s3:0.0.0.0:42087, s4:0.0.0.0:33912, s0:0.0.0.0:40055, s1:0.0.0.0:37625, s2:0.0.0.0:37369], old=null RUNNING
  s4:  RUNNING CANDIDATE s4@group-17EB70022112:t3, leader=null, voted=s4, raftlog=s4@group-17EB70022112-SegmentedRaftLog:OPENED:c-1,f-1,i0, conf=-1: [s3:0.0.0.0:42087, s4:0.0.0.0:33912, s0:0.0.0.0:40055, s1:0.0.0.0:37625, s2:0.0.0.0:37369], old=null RUNNING
  s0:  RUNNING CANDIDATE s0@group-17EB70022112:t3, leader=null, voted=s0, raftlog=s0@group-17EB70022112-SegmentedRaftLog:OPENED:c-1,f-1,i0, conf=-1: [s3:0.0.0.0:42087, s4:0.0.0.0:33912, s0:0.0.0.0:40055, s1:0.0.0.0:37625, s2:0.0.0.0:37369], old=null RUNNING
  s1:  RUNNING CANDIDATE s1@group-17EB70022112:t3, leader=null, voted=s1, raftlog=s1@group-17EB70022112-SegmentedRaftLog:OPENED:c-1,f-1,i0, conf=-1: [s3:0.0.0.0:42087, s4:0.0.0.0:33912, s0:0.0.0.0:40055, s1:0.0.0.0:37625, s2:0.0.0.0:37369], old=null RUNNING
  s2:  RUNNING CANDIDATE s2@group-17EB70022112:t2, leader=null, voted=s2, raftlog=s2@group-17EB70022112-SegmentedRaftLog:OPENED:c-1,f-1,i0, conf=-1: [s3:0.0.0.0:42087, s4:0.0.0.0:33912, s0:0.0.0.0:40055, s1:0.0.0.0:37625, s2:0.0.0.0:37369], old=null RUNNING, sleep 450ms and then retry.
java.lang.IllegalStateException: No leader yet : printing ALL groups
  s3:  RUNNING CANDIDATE s3@group-17EB70022112:t3, leader=null, voted=s3, raftlog=s3@group-17EB70022112-SegmentedRaftLog:OPENED:c-1,f-1,i0, conf=-1: [s3:0.0.0.0:42087, s4:0.0.0.0:33912, s0:0.0.0.0:40055, s1:0.0.0.0:37625, s2:0.0.0.0:37369], old=null RUNNING
  s4:  RUNNING CANDIDATE s4@group-17EB70022112:t3, leader=null, voted=s4, raftlog=s4@group-17EB70022112-SegmentedRaftLog:OPENED:c-1,f-1,i0, conf=-1: [s3:0.0.0.0:42087, s4:0.0.0.0:33912, s0:0.0.0.0:40055, s1:0.0.0.0:37625, s2:0.0.0.0:37369], old=null RUNNING
  s0:  RUNNING CANDIDATE s0@group-17EB70022112:t3, leader=null, voted=s0, raftlog=s0@group-17EB70022112-SegmentedRaftLog:OPENED:c-1,f-1,i0, conf=-1: [s3:0.0.0.0:42087, s4:0.0.0.0:33912, s0:0.0.0.0:40055, s1:0.0.0.0:37625, s2:0.0.0.0:37369], old=null RUNNING
  s1:  RUNNING CANDIDATE s1@group-17EB70022112:t3, leader=null, voted=s1, raftlog=s1@group-17EB70022112-SegmentedRaftLog:OPENED:c-1,f-1,i0, conf=-1: [s3:0.0.0.0:42087, s4:0.0.0.0:33912, s0:0.0.0.0:40055, s1:0.0.0.0:37625, s2:0.0.0.0:37369], old=null RUNNING
  s2:  RUNNING CANDIDATE s2@group-17EB70022112:t2, leader=null, voted=s2, raftlog=s2@group-17EB70022112-SegmentedRaftLog:OPENED:c-1,f-1,i0, conf=-1: [s3:0.0.0.0:42087, s4:0.0.0.0:33912, s0:0.0.0.0:40055, s1:0.0.0.0:37625, s2:0.0.0.0:37369], old=null RUNNING
	at org.apache.ratis.MiniRaftCluster.newIllegalStateExceptionForNoLeaders(MiniRaftCluster.java:506)
	at org.apache.ratis.RaftTestUtil.lambda$waitForLeader$1(RaftTestUtil.java:90)
	at org.apache.ratis.MiniRaftCluster.getLeader(MiniRaftCluster.java:539)
	at org.apache.ratis.MiniRaftCluster.getLeader(MiniRaftCluster.java:532)
	at org.apache.ratis.RaftTestUtil.lambda$waitForLeader$3(RaftTestUtil.java:98)
	at org.apache.ratis.util.JavaUtils.attempt(JavaUtils.java:152)
	at org.apache.ratis.RaftTestUtil.waitForLeader(RaftTestUtil.java:97)
	at org.apache.ratis.RaftTestUtil.waitForLeader(RaftTestUtil.java:77)
	at org.apache.ratis.RaftTestUtil.waitForLeader(RaftTestUtil.java:72)
	at org.apache.ratis.RaftTestUtil.waitAndKillLeader(RaftTestUtil.java:114)
	at org.apache.ratis.server.impl.LeaderElectionTests.testBasicLeaderElection(LeaderElectionTests.java:63)
	at sun.reflect.NativeMethodAccessorImpl.invoke0(Native Method)
	at sun.reflect.NativeMethodAccessorImpl.invoke(NativeMethodAccessorImpl.java:62)
	at sun.reflect.DelegatingMethodAccessorImpl.invoke(DelegatingMethodAccessorImpl.java:43)
	at java.lang.reflect.Method.invoke(Method.java:498)
	at org.junit.runners.model.FrameworkMethod$1.runReflectiveCall(FrameworkMethod.java:50)
	at org.junit.internal.runners.model.ReflectiveCallable.run(ReflectiveCallable.java:12)
	at org.junit.runners.model.FrameworkMethod.invokeExplosively(FrameworkMethod.java:47)
	at org.junit.internal.runners.statements.InvokeMethod.evaluate(InvokeMethod.java:17)
	at org.junit.internal.runners.statements.RunAfters.evaluate(RunAfters.java:27)
	at org.junit.internal.runners.statements.FailOnTimeout$CallableStatement.call(FailOnTimeout.java:298)
	at org.junit.internal.runners.statements.FailOnTimeout$CallableStatement.call(FailOnTimeout.java:292)
	at java.util.concurrent.FutureTask.run(FutureTask.java:266)
	at java.lang.Thread.run(Thread.java:748)
2019-09-24 17:10:47,567 INFO  impl.LeaderElection (LeaderElection.java:logAndReturn(56)) - s2@group-17EB70022112-LeaderElection53: Election TIMEOUT; received 3 response(s) [s2<-s3#0:FAIL-t2, s2<-s4#0:FAIL-t2, s2<-s1#0:FAIL-t2] and 0 exception(s); s2@group-17EB70022112:t2, leader=null, voted=s2, raftlog=s2@group-17EB70022112-SegmentedRaftLog:OPENED:c-1,f-1,i0, conf=-1: [s3:0.0.0.0:42087, s4:0.0.0.0:33912, s0:0.0.0.0:40055, s1:0.0.0.0:37625, s2:0.0.0.0:37369], old=null
2019-09-24 17:10:48,011 WARN  ratis.RaftTestUtil (JavaUtils.java:attempt(158)) - FAILED "waitForLeader-null-(expectLeader? true)", attempt #61/100: java.lang.IllegalStateException: No leader yet : printing ALL groups
  s3:  RUNNING CANDIDATE s3@group-17EB70022112:t3, leader=null, voted=s3, raftlog=s3@group-17EB70022112-SegmentedRaftLog:OPENED:c-1,f-1,i0, conf=-1: [s3:0.0.0.0:42087, s4:0.0.0.0:33912, s0:0.0.0.0:40055, s1:0.0.0.0:37625, s2:0.0.0.0:37369], old=null RUNNING
  s4:  RUNNING CANDIDATE s4@group-17EB70022112:t3, leader=null, voted=s4, raftlog=s4@group-17EB70022112-SegmentedRaftLog:OPENED:c-1,f-1,i0, conf=-1: [s3:0.0.0.0:42087, s4:0.0.0.0:33912, s0:0.0.0.0:40055, s1:0.0.0.0:37625, s2:0.0.0.0:37369], old=null RUNNING
  s0:  RUNNING CANDIDATE s0@group-17EB70022112:t3, leader=null, voted=s0, raftlog=s0@group-17EB70022112-SegmentedRaftLog:OPENED:c-1,f-1,i0, conf=-1: [s3:0.0.0.0:42087, s4:0.0.0.0:33912, s0:0.0.0.0:40055, s1:0.0.0.0:37625, s2:0.0.0.0:37369], old=null RUNNING
  s1:  RUNNING CANDIDATE s1@group-17EB70022112:t3, leader=null, voted=s1, raftlog=s1@group-17EB70022112-SegmentedRaftLog:OPENED:c-1,f-1,i0, conf=-1: [s3:0.0.0.0:42087, s4:0.0.0.0:33912, s0:0.0.0.0:40055, s1:0.0.0.0:37625, s2:0.0.0.0:37369], old=null RUNNING
  s2:  RUNNING CANDIDATE s2@group-17EB70022112:t3, leader=null, voted=s2, raftlog=s2@group-17EB70022112-SegmentedRaftLog:OPENED:c-1,f-1,i0, conf=-1: [s3:0.0.0.0:42087, s4:0.0.0.0:33912, s0:0.0.0.0:40055, s1:0.0.0.0:37625, s2:0.0.0.0:37369], old=null RUNNING, sleep 450ms and then retry.
java.lang.IllegalStateException: No leader yet : printing ALL groups
  s3:  RUNNING CANDIDATE s3@group-17EB70022112:t3, leader=null, voted=s3, raftlog=s3@group-17EB70022112-SegmentedRaftLog:OPENED:c-1,f-1,i0, conf=-1: [s3:0.0.0.0:42087, s4:0.0.0.0:33912, s0:0.0.0.0:40055, s1:0.0.0.0:37625, s2:0.0.0.0:37369], old=null RUNNING
  s4:  RUNNING CANDIDATE s4@group-17EB70022112:t3, leader=null, voted=s4, raftlog=s4@group-17EB70022112-SegmentedRaftLog:OPENED:c-1,f-1,i0, conf=-1: [s3:0.0.0.0:42087, s4:0.0.0.0:33912, s0:0.0.0.0:40055, s1:0.0.0.0:37625, s2:0.0.0.0:37369], old=null RUNNING
  s0:  RUNNING CANDIDATE s0@group-17EB70022112:t3, leader=null, voted=s0, raftlog=s0@group-17EB70022112-SegmentedRaftLog:OPENED:c-1,f-1,i0, conf=-1: [s3:0.0.0.0:42087, s4:0.0.0.0:33912, s0:0.0.0.0:40055, s1:0.0.0.0:37625, s2:0.0.0.0:37369], old=null RUNNING
  s1:  RUNNING CANDIDATE s1@group-17EB70022112:t3, leader=null, voted=s1, raftlog=s1@group-17EB70022112-SegmentedRaftLog:OPENED:c-1,f-1,i0, conf=-1: [s3:0.0.0.0:42087, s4:0.0.0.0:33912, s0:0.0.0.0:40055, s1:0.0.0.0:37625, s2:0.0.0.0:37369], old=null RUNNING
  s2:  RUNNING CANDIDATE s2@group-17EB70022112:t3, leader=null, voted=s2, raftlog=s2@group-17EB70022112-SegmentedRaftLog:OPENED:c-1,f-1,i0, conf=-1: [s3:0.0.0.0:42087, s4:0.0.0.0:33912, s0:0.0.0.0:40055, s1:0.0.0.0:37625, s2:0.0.0.0:37369], old=null RUNNING
	at org.apache.ratis.MiniRaftCluster.newIllegalStateExceptionForNoLeaders(MiniRaftCluster.java:506)
	at org.apache.ratis.RaftTestUtil.lambda$waitForLeader$1(RaftTestUtil.java:90)
	at org.apache.ratis.MiniRaftCluster.getLeader(MiniRaftCluster.java:539)
	at org.apache.ratis.MiniRaftCluster.getLeader(MiniRaftCluster.java:532)
	at org.apache.ratis.RaftTestUtil.lambda$waitForLeader$3(RaftTestUtil.java:98)
	at org.apache.ratis.util.JavaUtils.attempt(JavaUtils.java:152)
	at org.apache.ratis.RaftTestUtil.waitForLeader(RaftTestUtil.java:97)
	at org.apache.ratis.RaftTestUtil.waitForLeader(RaftTestUtil.java:77)
	at org.apache.ratis.RaftTestUtil.waitForLeader(RaftTestUtil.java:72)
	at org.apache.ratis.RaftTestUtil.waitAndKillLeader(RaftTestUtil.java:114)
	at org.apache.ratis.server.impl.LeaderElectionTests.testBasicLeaderElection(LeaderElectionTests.java:63)
	at sun.reflect.NativeMethodAccessorImpl.invoke0(Native Method)
	at sun.reflect.NativeMethodAccessorImpl.invoke(NativeMethodAccessorImpl.java:62)
	at sun.reflect.DelegatingMethodAccessorImpl.invoke(DelegatingMethodAccessorImpl.java:43)
	at java.lang.reflect.Method.invoke(Method.java:498)
	at org.junit.runners.model.FrameworkMethod$1.runReflectiveCall(FrameworkMethod.java:50)
	at org.junit.internal.runners.model.ReflectiveCallable.run(ReflectiveCallable.java:12)
	at org.junit.runners.model.FrameworkMethod.invokeExplosively(FrameworkMethod.java:47)
	at org.junit.internal.runners.statements.InvokeMethod.evaluate(InvokeMethod.java:17)
	at org.junit.internal.runners.statements.RunAfters.evaluate(RunAfters.java:27)
	at org.junit.internal.runners.statements.FailOnTimeout$CallableStatement.call(FailOnTimeout.java:298)
	at org.junit.internal.runners.statements.FailOnTimeout$CallableStatement.call(FailOnTimeout.java:292)
	at java.util.concurrent.FutureTask.run(FutureTask.java:266)
	at java.lang.Thread.run(Thread.java:748)
2019-09-24 17:10:48,463 WARN  ratis.RaftTestUtil (JavaUtils.java:attempt(158)) - FAILED "waitForLeader-null-(expectLeader? true)", attempt #62/100: java.lang.IllegalStateException: No leader yet : printing ALL groups
  s3:  RUNNING CANDIDATE s3@group-17EB70022112:t3, leader=null, voted=s3, raftlog=s3@group-17EB70022112-SegmentedRaftLog:OPENED:c-1,f-1,i0, conf=-1: [s3:0.0.0.0:42087, s4:0.0.0.0:33912, s0:0.0.0.0:40055, s1:0.0.0.0:37625, s2:0.0.0.0:37369], old=null RUNNING
  s4:  RUNNING CANDIDATE s4@group-17EB70022112:t3, leader=null, voted=s4, raftlog=s4@group-17EB70022112-SegmentedRaftLog:OPENED:c-1,f-1,i0, conf=-1: [s3:0.0.0.0:42087, s4:0.0.0.0:33912, s0:0.0.0.0:40055, s1:0.0.0.0:37625, s2:0.0.0.0:37369], old=null RUNNING
  s0:  RUNNING CANDIDATE s0@group-17EB70022112:t3, leader=null, voted=s0, raftlog=s0@group-17EB70022112-SegmentedRaftLog:OPENED:c-1,f-1,i0, conf=-1: [s3:0.0.0.0:42087, s4:0.0.0.0:33912, s0:0.0.0.0:40055, s1:0.0.0.0:37625, s2:0.0.0.0:37369], old=null RUNNING
  s1:  RUNNING CANDIDATE s1@group-17EB70022112:t3, leader=null, voted=s1, raftlog=s1@group-17EB70022112-SegmentedRaftLog:OPENED:c-1,f-1,i0, conf=-1: [s3:0.0.0.0:42087, s4:0.0.0.0:33912, s0:0.0.0.0:40055, s1:0.0.0.0:37625, s2:0.0.0.0:37369], old=null RUNNING
  s2:  RUNNING CANDIDATE s2@group-17EB70022112:t3, leader=null, voted=s2, raftlog=s2@group-17EB70022112-SegmentedRaftLog:OPENED:c-1,f-1,i0, conf=-1: [s3:0.0.0.0:42087, s4:0.0.0.0:33912, s0:0.0.0.0:40055, s1:0.0.0.0:37625, s2:0.0.0.0:37369], old=null RUNNING, sleep 450ms and then retry.
java.lang.IllegalStateException: No leader yet : printing ALL groups
  s3:  RUNNING CANDIDATE s3@group-17EB70022112:t3, leader=null, voted=s3, raftlog=s3@group-17EB70022112-SegmentedRaftLog:OPENED:c-1,f-1,i0, conf=-1: [s3:0.0.0.0:42087, s4:0.0.0.0:33912, s0:0.0.0.0:40055, s1:0.0.0.0:37625, s2:0.0.0.0:37369], old=null RUNNING
  s4:  RUNNING CANDIDATE s4@group-17EB70022112:t3, leader=null, voted=s4, raftlog=s4@group-17EB70022112-SegmentedRaftLog:OPENED:c-1,f-1,i0, conf=-1: [s3:0.0.0.0:42087, s4:0.0.0.0:33912, s0:0.0.0.0:40055, s1:0.0.0.0:37625, s2:0.0.0.0:37369], old=null RUNNING
  s0:  RUNNING CANDIDATE s0@group-17EB70022112:t3, leader=null, voted=s0, raftlog=s0@group-17EB70022112-SegmentedRaftLog:OPENED:c-1,f-1,i0, conf=-1: [s3:0.0.0.0:42087, s4:0.0.0.0:33912, s0:0.0.0.0:40055, s1:0.0.0.0:37625, s2:0.0.0.0:37369], old=null RUNNING
  s1:  RUNNING CANDIDATE s1@group-17EB70022112:t3, leader=null, voted=s1, raftlog=s1@group-17EB70022112-SegmentedRaftLog:OPENED:c-1,f-1,i0, conf=-1: [s3:0.0.0.0:42087, s4:0.0.0.0:33912, s0:0.0.0.0:40055, s1:0.0.0.0:37625, s2:0.0.0.0:37369], old=null RUNNING
  s2:  RUNNING CANDIDATE s2@group-17EB70022112:t3, leader=null, voted=s2, raftlog=s2@group-17EB70022112-SegmentedRaftLog:OPENED:c-1,f-1,i0, conf=-1: [s3:0.0.0.0:42087, s4:0.0.0.0:33912, s0:0.0.0.0:40055, s1:0.0.0.0:37625, s2:0.0.0.0:37369], old=null RUNNING
	at org.apache.ratis.MiniRaftCluster.newIllegalStateExceptionForNoLeaders(MiniRaftCluster.java:506)
	at org.apache.ratis.RaftTestUtil.lambda$waitForLeader$1(RaftTestUtil.java:90)
	at org.apache.ratis.MiniRaftCluster.getLeader(MiniRaftCluster.java:539)
	at org.apache.ratis.MiniRaftCluster.getLeader(MiniRaftCluster.java:532)
	at org.apache.ratis.RaftTestUtil.lambda$waitForLeader$3(RaftTestUtil.java:98)
	at org.apache.ratis.util.JavaUtils.attempt(JavaUtils.java:152)
	at org.apache.ratis.RaftTestUtil.waitForLeader(RaftTestUtil.java:97)
	at org.apache.ratis.RaftTestUtil.waitForLeader(RaftTestUtil.java:77)
	at org.apache.ratis.RaftTestUtil.waitForLeader(RaftTestUtil.java:72)
	at org.apache.ratis.RaftTestUtil.waitAndKillLeader(RaftTestUtil.java:114)
	at org.apache.ratis.server.impl.LeaderElectionTests.testBasicLeaderElection(LeaderElectionTests.java:63)
	at sun.reflect.NativeMethodAccessorImpl.invoke0(Native Method)
	at sun.reflect.NativeMethodAccessorImpl.invoke(NativeMethodAccessorImpl.java:62)
	at sun.reflect.DelegatingMethodAccessorImpl.invoke(DelegatingMethodAccessorImpl.java:43)
	at java.lang.reflect.Method.invoke(Method.java:498)
	at org.junit.runners.model.FrameworkMethod$1.runReflectiveCall(FrameworkMethod.java:50)
	at org.junit.internal.runners.model.ReflectiveCallable.run(ReflectiveCallable.java:12)
	at org.junit.runners.model.FrameworkMethod.invokeExplosively(FrameworkMethod.java:47)
	at org.junit.internal.runners.statements.InvokeMethod.evaluate(InvokeMethod.java:17)
	at org.junit.internal.runners.statements.RunAfters.evaluate(RunAfters.java:27)
	at org.junit.internal.runners.statements.FailOnTimeout$CallableStatement.call(FailOnTimeout.java:298)
	at org.junit.internal.runners.statements.FailOnTimeout$CallableStatement.call(FailOnTimeout.java:292)
	at java.util.concurrent.FutureTask.run(FutureTask.java:266)
	at java.lang.Thread.run(Thread.java:748)
2019-09-24 17:10:48,914 WARN  ratis.RaftTestUtil (JavaUtils.java:attempt(158)) - FAILED "waitForLeader-null-(expectLeader? true)", attempt #63/100: java.lang.IllegalStateException: No leader yet : printing ALL groups
  s3:  RUNNING CANDIDATE s3@group-17EB70022112:t3, leader=null, voted=s3, raftlog=s3@group-17EB70022112-SegmentedRaftLog:OPENED:c-1,f-1,i0, conf=-1: [s3:0.0.0.0:42087, s4:0.0.0.0:33912, s0:0.0.0.0:40055, s1:0.0.0.0:37625, s2:0.0.0.0:37369], old=null RUNNING
  s4:  RUNNING CANDIDATE s4@group-17EB70022112:t3, leader=null, voted=s4, raftlog=s4@group-17EB70022112-SegmentedRaftLog:OPENED:c-1,f-1,i0, conf=-1: [s3:0.0.0.0:42087, s4:0.0.0.0:33912, s0:0.0.0.0:40055, s1:0.0.0.0:37625, s2:0.0.0.0:37369], old=null RUNNING
  s0:  RUNNING CANDIDATE s0@group-17EB70022112:t3, leader=null, voted=s0, raftlog=s0@group-17EB70022112-SegmentedRaftLog:OPENED:c-1,f-1,i0, conf=-1: [s3:0.0.0.0:42087, s4:0.0.0.0:33912, s0:0.0.0.0:40055, s1:0.0.0.0:37625, s2:0.0.0.0:37369], old=null RUNNING
  s1:  RUNNING CANDIDATE s1@group-17EB70022112:t3, leader=null, voted=s1, raftlog=s1@group-17EB70022112-SegmentedRaftLog:OPENED:c-1,f-1,i0, conf=-1: [s3:0.0.0.0:42087, s4:0.0.0.0:33912, s0:0.0.0.0:40055, s1:0.0.0.0:37625, s2:0.0.0.0:37369], old=null RUNNING
  s2:  RUNNING CANDIDATE s2@group-17EB70022112:t3, leader=null, voted=s2, raftlog=s2@group-17EB70022112-SegmentedRaftLog:OPENED:c-1,f-1,i0, conf=-1: [s3:0.0.0.0:42087, s4:0.0.0.0:33912, s0:0.0.0.0:40055, s1:0.0.0.0:37625, s2:0.0.0.0:37369], old=null RUNNING, sleep 450ms and then retry.
java.lang.IllegalStateException: No leader yet : printing ALL groups
  s3:  RUNNING CANDIDATE s3@group-17EB70022112:t3, leader=null, voted=s3, raftlog=s3@group-17EB70022112-SegmentedRaftLog:OPENED:c-1,f-1,i0, conf=-1: [s3:0.0.0.0:42087, s4:0.0.0.0:33912, s0:0.0.0.0:40055, s1:0.0.0.0:37625, s2:0.0.0.0:37369], old=null RUNNING
  s4:  RUNNING CANDIDATE s4@group-17EB70022112:t3, leader=null, voted=s4, raftlog=s4@group-17EB70022112-SegmentedRaftLog:OPENED:c-1,f-1,i0, conf=-1: [s3:0.0.0.0:42087, s4:0.0.0.0:33912, s0:0.0.0.0:40055, s1:0.0.0.0:37625, s2:0.0.0.0:37369], old=null RUNNING
  s0:  RUNNING CANDIDATE s0@group-17EB70022112:t3, leader=null, voted=s0, raftlog=s0@group-17EB70022112-SegmentedRaftLog:OPENED:c-1,f-1,i0, conf=-1: [s3:0.0.0.0:42087, s4:0.0.0.0:33912, s0:0.0.0.0:40055, s1:0.0.0.0:37625, s2:0.0.0.0:37369], old=null RUNNING
  s1:  RUNNING CANDIDATE s1@group-17EB70022112:t3, leader=null, voted=s1, raftlog=s1@group-17EB70022112-SegmentedRaftLog:OPENED:c-1,f-1,i0, conf=-1: [s3:0.0.0.0:42087, s4:0.0.0.0:33912, s0:0.0.0.0:40055, s1:0.0.0.0:37625, s2:0.0.0.0:37369], old=null RUNNING
  s2:  RUNNING CANDIDATE s2@group-17EB70022112:t3, leader=null, voted=s2, raftlog=s2@group-17EB70022112-SegmentedRaftLog:OPENED:c-1,f-1,i0, conf=-1: [s3:0.0.0.0:42087, s4:0.0.0.0:33912, s0:0.0.0.0:40055, s1:0.0.0.0:37625, s2:0.0.0.0:37369], old=null RUNNING
	at org.apache.ratis.MiniRaftCluster.newIllegalStateExceptionForNoLeaders(MiniRaftCluster.java:506)
	at org.apache.ratis.RaftTestUtil.lambda$waitForLeader$1(RaftTestUtil.java:90)
	at org.apache.ratis.MiniRaftCluster.getLeader(MiniRaftCluster.java:539)
	at org.apache.ratis.MiniRaftCluster.getLeader(MiniRaftCluster.java:532)
	at org.apache.ratis.RaftTestUtil.lambda$waitForLeader$3(RaftTestUtil.java:98)
	at org.apache.ratis.util.JavaUtils.attempt(JavaUtils.java:152)
	at org.apache.ratis.RaftTestUtil.waitForLeader(RaftTestUtil.java:97)
	at org.apache.ratis.RaftTestUtil.waitForLeader(RaftTestUtil.java:77)
	at org.apache.ratis.RaftTestUtil.waitForLeader(RaftTestUtil.java:72)
	at org.apache.ratis.RaftTestUtil.waitAndKillLeader(RaftTestUtil.java:114)
	at org.apache.ratis.server.impl.LeaderElectionTests.testBasicLeaderElection(LeaderElectionTests.java:63)
	at sun.reflect.NativeMethodAccessorImpl.invoke0(Native Method)
	at sun.reflect.NativeMethodAccessorImpl.invoke(NativeMethodAccessorImpl.java:62)
	at sun.reflect.DelegatingMethodAccessorImpl.invoke(DelegatingMethodAccessorImpl.java:43)
	at java.lang.reflect.Method.invoke(Method.java:498)
	at org.junit.runners.model.FrameworkMethod$1.runReflectiveCall(FrameworkMethod.java:50)
	at org.junit.internal.runners.model.ReflectiveCallable.run(ReflectiveCallable.java:12)
	at org.junit.runners.model.FrameworkMethod.invokeExplosively(FrameworkMethod.java:47)
	at org.junit.internal.runners.statements.InvokeMethod.evaluate(InvokeMethod.java:17)
	at org.junit.internal.runners.statements.RunAfters.evaluate(RunAfters.java:27)
	at org.junit.internal.runners.statements.FailOnTimeout$CallableStatement.call(FailOnTimeout.java:298)
	at org.junit.internal.runners.statements.FailOnTimeout$CallableStatement.call(FailOnTimeout.java:292)
	at java.util.concurrent.FutureTask.run(FutureTask.java:266)
	at java.lang.Thread.run(Thread.java:748)
2019-09-24 17:10:49,366 WARN  ratis.RaftTestUtil (JavaUtils.java:attempt(158)) - FAILED "waitForLeader-null-(expectLeader? true)", attempt #64/100: java.lang.IllegalStateException: No leader yet : printing ALL groups
  s3:  RUNNING CANDIDATE s3@group-17EB70022112:t3, leader=null, voted=s3, raftlog=s3@group-17EB70022112-SegmentedRaftLog:OPENED:c-1,f-1,i0, conf=-1: [s3:0.0.0.0:42087, s4:0.0.0.0:33912, s0:0.0.0.0:40055, s1:0.0.0.0:37625, s2:0.0.0.0:37369], old=null RUNNING
  s4:  RUNNING CANDIDATE s4@group-17EB70022112:t3, leader=null, voted=s4, raftlog=s4@group-17EB70022112-SegmentedRaftLog:OPENED:c-1,f-1,i0, conf=-1: [s3:0.0.0.0:42087, s4:0.0.0.0:33912, s0:0.0.0.0:40055, s1:0.0.0.0:37625, s2:0.0.0.0:37369], old=null RUNNING
  s0:  RUNNING CANDIDATE s0@group-17EB70022112:t3, leader=null, voted=s0, raftlog=s0@group-17EB70022112-SegmentedRaftLog:OPENED:c-1,f-1,i0, conf=-1: [s3:0.0.0.0:42087, s4:0.0.0.0:33912, s0:0.0.0.0:40055, s1:0.0.0.0:37625, s2:0.0.0.0:37369], old=null RUNNING
  s1:  RUNNING CANDIDATE s1@group-17EB70022112:t3, leader=null, voted=s1, raftlog=s1@group-17EB70022112-SegmentedRaftLog:OPENED:c-1,f-1,i0, conf=-1: [s3:0.0.0.0:42087, s4:0.0.0.0:33912, s0:0.0.0.0:40055, s1:0.0.0.0:37625, s2:0.0.0.0:37369], old=null RUNNING
  s2:  RUNNING CANDIDATE s2@group-17EB70022112:t3, leader=null, voted=s2, raftlog=s2@group-17EB70022112-SegmentedRaftLog:OPENED:c-1,f-1,i0, conf=-1: [s3:0.0.0.0:42087, s4:0.0.0.0:33912, s0:0.0.0.0:40055, s1:0.0.0.0:37625, s2:0.0.0.0:37369], old=null RUNNING, sleep 450ms and then retry.
java.lang.IllegalStateException: No leader yet : printing ALL groups
  s3:  RUNNING CANDIDATE s3@group-17EB70022112:t3, leader=null, voted=s3, raftlog=s3@group-17EB70022112-SegmentedRaftLog:OPENED:c-1,f-1,i0, conf=-1: [s3:0.0.0.0:42087, s4:0.0.0.0:33912, s0:0.0.0.0:40055, s1:0.0.0.0:37625, s2:0.0.0.0:37369], old=null RUNNING
  s4:  RUNNING CANDIDATE s4@group-17EB70022112:t3, leader=null, voted=s4, raftlog=s4@group-17EB70022112-SegmentedRaftLog:OPENED:c-1,f-1,i0, conf=-1: [s3:0.0.0.0:42087, s4:0.0.0.0:33912, s0:0.0.0.0:40055, s1:0.0.0.0:37625, s2:0.0.0.0:37369], old=null RUNNING
  s0:  RUNNING CANDIDATE s0@group-17EB70022112:t3, leader=null, voted=s0, raftlog=s0@group-17EB70022112-SegmentedRaftLog:OPENED:c-1,f-1,i0, conf=-1: [s3:0.0.0.0:42087, s4:0.0.0.0:33912, s0:0.0.0.0:40055, s1:0.0.0.0:37625, s2:0.0.0.0:37369], old=null RUNNING
  s1:  RUNNING CANDIDATE s1@group-17EB70022112:t3, leader=null, voted=s1, raftlog=s1@group-17EB70022112-SegmentedRaftLog:OPENED:c-1,f-1,i0, conf=-1: [s3:0.0.0.0:42087, s4:0.0.0.0:33912, s0:0.0.0.0:40055, s1:0.0.0.0:37625, s2:0.0.0.0:37369], old=null RUNNING
  s2:  RUNNING CANDIDATE s2@group-17EB70022112:t3, leader=null, voted=s2, raftlog=s2@group-17EB70022112-SegmentedRaftLog:OPENED:c-1,f-1,i0, conf=-1: [s3:0.0.0.0:42087, s4:0.0.0.0:33912, s0:0.0.0.0:40055, s1:0.0.0.0:37625, s2:0.0.0.0:37369], old=null RUNNING
	at org.apache.ratis.MiniRaftCluster.newIllegalStateExceptionForNoLeaders(MiniRaftCluster.java:506)
	at org.apache.ratis.RaftTestUtil.lambda$waitForLeader$1(RaftTestUtil.java:90)
	at org.apache.ratis.MiniRaftCluster.getLeader(MiniRaftCluster.java:539)
	at org.apache.ratis.MiniRaftCluster.getLeader(MiniRaftCluster.java:532)
	at org.apache.ratis.RaftTestUtil.lambda$waitForLeader$3(RaftTestUtil.java:98)
	at org.apache.ratis.util.JavaUtils.attempt(JavaUtils.java:152)
	at org.apache.ratis.RaftTestUtil.waitForLeader(RaftTestUtil.java:97)
	at org.apache.ratis.RaftTestUtil.waitForLeader(RaftTestUtil.java:77)
	at org.apache.ratis.RaftTestUtil.waitForLeader(RaftTestUtil.java:72)
	at org.apache.ratis.RaftTestUtil.waitAndKillLeader(RaftTestUtil.java:114)
	at org.apache.ratis.server.impl.LeaderElectionTests.testBasicLeaderElection(LeaderElectionTests.java:63)
	at sun.reflect.NativeMethodAccessorImpl.invoke0(Native Method)
	at sun.reflect.NativeMethodAccessorImpl.invoke(NativeMethodAccessorImpl.java:62)
	at sun.reflect.DelegatingMethodAccessorImpl.invoke(DelegatingMethodAccessorImpl.java:43)
	at java.lang.reflect.Method.invoke(Method.java:498)
	at org.junit.runners.model.FrameworkMethod$1.runReflectiveCall(FrameworkMethod.java:50)
	at org.junit.internal.runners.model.ReflectiveCallable.run(ReflectiveCallable.java:12)
	at org.junit.runners.model.FrameworkMethod.invokeExplosively(FrameworkMethod.java:47)
	at org.junit.internal.runners.statements.InvokeMethod.evaluate(InvokeMethod.java:17)
	at org.junit.internal.runners.statements.RunAfters.evaluate(RunAfters.java:27)
	at org.junit.internal.runners.statements.FailOnTimeout$CallableStatement.call(FailOnTimeout.java:298)
	at org.junit.internal.runners.statements.FailOnTimeout$CallableStatement.call(FailOnTimeout.java:292)
	at java.util.concurrent.FutureTask.run(FutureTask.java:266)
	at java.lang.Thread.run(Thread.java:748)
2019-09-24 17:10:49,817 WARN  ratis.RaftTestUtil (JavaUtils.java:attempt(158)) - FAILED "waitForLeader-null-(expectLeader? true)", attempt #65/100: java.lang.IllegalStateException: No leader yet : printing ALL groups
  s3:  RUNNING CANDIDATE s3@group-17EB70022112:t3, leader=null, voted=s3, raftlog=s3@group-17EB70022112-SegmentedRaftLog:OPENED:c-1,f-1,i0, conf=-1: [s3:0.0.0.0:42087, s4:0.0.0.0:33912, s0:0.0.0.0:40055, s1:0.0.0.0:37625, s2:0.0.0.0:37369], old=null RUNNING
  s4:  RUNNING CANDIDATE s4@group-17EB70022112:t3, leader=null, voted=s4, raftlog=s4@group-17EB70022112-SegmentedRaftLog:OPENED:c-1,f-1,i0, conf=-1: [s3:0.0.0.0:42087, s4:0.0.0.0:33912, s0:0.0.0.0:40055, s1:0.0.0.0:37625, s2:0.0.0.0:37369], old=null RUNNING
  s0:  RUNNING CANDIDATE s0@group-17EB70022112:t3, leader=null, voted=s0, raftlog=s0@group-17EB70022112-SegmentedRaftLog:OPENED:c-1,f-1,i0, conf=-1: [s3:0.0.0.0:42087, s4:0.0.0.0:33912, s0:0.0.0.0:40055, s1:0.0.0.0:37625, s2:0.0.0.0:37369], old=null RUNNING
  s1:  RUNNING CANDIDATE s1@group-17EB70022112:t3, leader=null, voted=s1, raftlog=s1@group-17EB70022112-SegmentedRaftLog:OPENED:c-1,f-1,i0, conf=-1: [s3:0.0.0.0:42087, s4:0.0.0.0:33912, s0:0.0.0.0:40055, s1:0.0.0.0:37625, s2:0.0.0.0:37369], old=null RUNNING
  s2:  RUNNING CANDIDATE s2@group-17EB70022112:t3, leader=null, voted=s2, raftlog=s2@group-17EB70022112-SegmentedRaftLog:OPENED:c-1,f-1,i0, conf=-1: [s3:0.0.0.0:42087, s4:0.0.0.0:33912, s0:0.0.0.0:40055, s1:0.0.0.0:37625, s2:0.0.0.0:37369], old=null RUNNING, sleep 450ms and then retry.
java.lang.IllegalStateException: No leader yet : printing ALL groups
  s3:  RUNNING CANDIDATE s3@group-17EB70022112:t3, leader=null, voted=s3, raftlog=s3@group-17EB70022112-SegmentedRaftLog:OPENED:c-1,f-1,i0, conf=-1: [s3:0.0.0.0:42087, s4:0.0.0.0:33912, s0:0.0.0.0:40055, s1:0.0.0.0:37625, s2:0.0.0.0:37369], old=null RUNNING
  s4:  RUNNING CANDIDATE s4@group-17EB70022112:t3, leader=null, voted=s4, raftlog=s4@group-17EB70022112-SegmentedRaftLog:OPENED:c-1,f-1,i0, conf=-1: [s3:0.0.0.0:42087, s4:0.0.0.0:33912, s0:0.0.0.0:40055, s1:0.0.0.0:37625, s2:0.0.0.0:37369], old=null RUNNING
  s0:  RUNNING CANDIDATE s0@group-17EB70022112:t3, leader=null, voted=s0, raftlog=s0@group-17EB70022112-SegmentedRaftLog:OPENED:c-1,f-1,i0, conf=-1: [s3:0.0.0.0:42087, s4:0.0.0.0:33912, s0:0.0.0.0:40055, s1:0.0.0.0:37625, s2:0.0.0.0:37369], old=null RUNNING
  s1:  RUNNING CANDIDATE s1@group-17EB70022112:t3, leader=null, voted=s1, raftlog=s1@group-17EB70022112-SegmentedRaftLog:OPENED:c-1,f-1,i0, conf=-1: [s3:0.0.0.0:42087, s4:0.0.0.0:33912, s0:0.0.0.0:40055, s1:0.0.0.0:37625, s2:0.0.0.0:37369], old=null RUNNING
  s2:  RUNNING CANDIDATE s2@group-17EB70022112:t3, leader=null, voted=s2, raftlog=s2@group-17EB70022112-SegmentedRaftLog:OPENED:c-1,f-1,i0, conf=-1: [s3:0.0.0.0:42087, s4:0.0.0.0:33912, s0:0.0.0.0:40055, s1:0.0.0.0:37625, s2:0.0.0.0:37369], old=null RUNNING
	at org.apache.ratis.MiniRaftCluster.newIllegalStateExceptionForNoLeaders(MiniRaftCluster.java:506)
	at org.apache.ratis.RaftTestUtil.lambda$waitForLeader$1(RaftTestUtil.java:90)
	at org.apache.ratis.MiniRaftCluster.getLeader(MiniRaftCluster.java:539)
	at org.apache.ratis.MiniRaftCluster.getLeader(MiniRaftCluster.java:532)
	at org.apache.ratis.RaftTestUtil.lambda$waitForLeader$3(RaftTestUtil.java:98)
	at org.apache.ratis.util.JavaUtils.attempt(JavaUtils.java:152)
	at org.apache.ratis.RaftTestUtil.waitForLeader(RaftTestUtil.java:97)
	at org.apache.ratis.RaftTestUtil.waitForLeader(RaftTestUtil.java:77)
	at org.apache.ratis.RaftTestUtil.waitForLeader(RaftTestUtil.java:72)
	at org.apache.ratis.RaftTestUtil.waitAndKillLeader(RaftTestUtil.java:114)
	at org.apache.ratis.server.impl.LeaderElectionTests.testBasicLeaderElection(LeaderElectionTests.java:63)
	at sun.reflect.NativeMethodAccessorImpl.invoke0(Native Method)
	at sun.reflect.NativeMethodAccessorImpl.invoke(NativeMethodAccessorImpl.java:62)
	at sun.reflect.DelegatingMethodAccessorImpl.invoke(DelegatingMethodAccessorImpl.java:43)
	at java.lang.reflect.Method.invoke(Method.java:498)
	at org.junit.runners.model.FrameworkMethod$1.runReflectiveCall(FrameworkMethod.java:50)
	at org.junit.internal.runners.model.ReflectiveCallable.run(ReflectiveCallable.java:12)
	at org.junit.runners.model.FrameworkMethod.invokeExplosively(FrameworkMethod.java:47)
	at org.junit.internal.runners.statements.InvokeMethod.evaluate(InvokeMethod.java:17)
	at org.junit.internal.runners.statements.RunAfters.evaluate(RunAfters.java:27)
	at org.junit.internal.runners.statements.FailOnTimeout$CallableStatement.call(FailOnTimeout.java:298)
	at org.junit.internal.runners.statements.FailOnTimeout$CallableStatement.call(FailOnTimeout.java:292)
	at java.util.concurrent.FutureTask.run(FutureTask.java:266)
	at java.lang.Thread.run(Thread.java:748)
2019-09-24 17:10:50,269 WARN  ratis.RaftTestUtil (JavaUtils.java:attempt(158)) - FAILED "waitForLeader-null-(expectLeader? true)", attempt #66/100: java.lang.IllegalStateException: No leader yet : printing ALL groups
  s3:  RUNNING CANDIDATE s3@group-17EB70022112:t3, leader=null, voted=s3, raftlog=s3@group-17EB70022112-SegmentedRaftLog:OPENED:c-1,f-1,i0, conf=-1: [s3:0.0.0.0:42087, s4:0.0.0.0:33912, s0:0.0.0.0:40055, s1:0.0.0.0:37625, s2:0.0.0.0:37369], old=null RUNNING
  s4:  RUNNING CANDIDATE s4@group-17EB70022112:t3, leader=null, voted=s4, raftlog=s4@group-17EB70022112-SegmentedRaftLog:OPENED:c-1,f-1,i0, conf=-1: [s3:0.0.0.0:42087, s4:0.0.0.0:33912, s0:0.0.0.0:40055, s1:0.0.0.0:37625, s2:0.0.0.0:37369], old=null RUNNING
  s0:  RUNNING CANDIDATE s0@group-17EB70022112:t3, leader=null, voted=s0, raftlog=s0@group-17EB70022112-SegmentedRaftLog:OPENED:c-1,f-1,i0, conf=-1: [s3:0.0.0.0:42087, s4:0.0.0.0:33912, s0:0.0.0.0:40055, s1:0.0.0.0:37625, s2:0.0.0.0:37369], old=null RUNNING
  s1:  RUNNING CANDIDATE s1@group-17EB70022112:t3, leader=null, voted=s1, raftlog=s1@group-17EB70022112-SegmentedRaftLog:OPENED:c-1,f-1,i0, conf=-1: [s3:0.0.0.0:42087, s4:0.0.0.0:33912, s0:0.0.0.0:40055, s1:0.0.0.0:37625, s2:0.0.0.0:37369], old=null RUNNING
  s2:  RUNNING CANDIDATE s2@group-17EB70022112:t3, leader=null, voted=s2, raftlog=s2@group-17EB70022112-SegmentedRaftLog:OPENED:c-1,f-1,i0, conf=-1: [s3:0.0.0.0:42087, s4:0.0.0.0:33912, s0:0.0.0.0:40055, s1:0.0.0.0:37625, s2:0.0.0.0:37369], old=null RUNNING, sleep 450ms and then retry.
java.lang.IllegalStateException: No leader yet : printing ALL groups
  s3:  RUNNING CANDIDATE s3@group-17EB70022112:t3, leader=null, voted=s3, raftlog=s3@group-17EB70022112-SegmentedRaftLog:OPENED:c-1,f-1,i0, conf=-1: [s3:0.0.0.0:42087, s4:0.0.0.0:33912, s0:0.0.0.0:40055, s1:0.0.0.0:37625, s2:0.0.0.0:37369], old=null RUNNING
  s4:  RUNNING CANDIDATE s4@group-17EB70022112:t3, leader=null, voted=s4, raftlog=s4@group-17EB70022112-SegmentedRaftLog:OPENED:c-1,f-1,i0, conf=-1: [s3:0.0.0.0:42087, s4:0.0.0.0:33912, s0:0.0.0.0:40055, s1:0.0.0.0:37625, s2:0.0.0.0:37369], old=null RUNNING
  s0:  RUNNING CANDIDATE s0@group-17EB70022112:t3, leader=null, voted=s0, raftlog=s0@group-17EB70022112-SegmentedRaftLog:OPENED:c-1,f-1,i0, conf=-1: [s3:0.0.0.0:42087, s4:0.0.0.0:33912, s0:0.0.0.0:40055, s1:0.0.0.0:37625, s2:0.0.0.0:37369], old=null RUNNING
  s1:  RUNNING CANDIDATE s1@group-17EB70022112:t3, leader=null, voted=s1, raftlog=s1@group-17EB70022112-SegmentedRaftLog:OPENED:c-1,f-1,i0, conf=-1: [s3:0.0.0.0:42087, s4:0.0.0.0:33912, s0:0.0.0.0:40055, s1:0.0.0.0:37625, s2:0.0.0.0:37369], old=null RUNNING
  s2:  RUNNING CANDIDATE s2@group-17EB70022112:t3, leader=null, voted=s2, raftlog=s2@group-17EB70022112-SegmentedRaftLog:OPENED:c-1,f-1,i0, conf=-1: [s3:0.0.0.0:42087, s4:0.0.0.0:33912, s0:0.0.0.0:40055, s1:0.0.0.0:37625, s2:0.0.0.0:37369], old=null RUNNING
	at org.apache.ratis.MiniRaftCluster.newIllegalStateExceptionForNoLeaders(MiniRaftCluster.java:506)
	at org.apache.ratis.RaftTestUtil.lambda$waitForLeader$1(RaftTestUtil.java:90)
	at org.apache.ratis.MiniRaftCluster.getLeader(MiniRaftCluster.java:539)
	at org.apache.ratis.MiniRaftCluster.getLeader(MiniRaftCluster.java:532)
	at org.apache.ratis.RaftTestUtil.lambda$waitForLeader$3(RaftTestUtil.java:98)
	at org.apache.ratis.util.JavaUtils.attempt(JavaUtils.java:152)
	at org.apache.ratis.RaftTestUtil.waitForLeader(RaftTestUtil.java:97)
	at org.apache.ratis.RaftTestUtil.waitForLeader(RaftTestUtil.java:77)
	at org.apache.ratis.RaftTestUtil.waitForLeader(RaftTestUtil.java:72)
	at org.apache.ratis.RaftTestUtil.waitAndKillLeader(RaftTestUtil.java:114)
	at org.apache.ratis.server.impl.LeaderElectionTests.testBasicLeaderElection(LeaderElectionTests.java:63)
	at sun.reflect.NativeMethodAccessorImpl.invoke0(Native Method)
	at sun.reflect.NativeMethodAccessorImpl.invoke(NativeMethodAccessorImpl.java:62)
	at sun.reflect.DelegatingMethodAccessorImpl.invoke(DelegatingMethodAccessorImpl.java:43)
	at java.lang.reflect.Method.invoke(Method.java:498)
	at org.junit.runners.model.FrameworkMethod$1.runReflectiveCall(FrameworkMethod.java:50)
	at org.junit.internal.runners.model.ReflectiveCallable.run(ReflectiveCallable.java:12)
	at org.junit.runners.model.FrameworkMethod.invokeExplosively(FrameworkMethod.java:47)
	at org.junit.internal.runners.statements.InvokeMethod.evaluate(InvokeMethod.java:17)
	at org.junit.internal.runners.statements.RunAfters.evaluate(RunAfters.java:27)
	at org.junit.internal.runners.statements.FailOnTimeout$CallableStatement.call(FailOnTimeout.java:298)
	at org.junit.internal.runners.statements.FailOnTimeout$CallableStatement.call(FailOnTimeout.java:292)
	at java.util.concurrent.FutureTask.run(FutureTask.java:266)
	at java.lang.Thread.run(Thread.java:748)
2019-09-24 17:10:50,720 WARN  ratis.RaftTestUtil (JavaUtils.java:attempt(158)) - FAILED "waitForLeader-null-(expectLeader? true)", attempt #67/100: java.lang.IllegalStateException: No leader yet : printing ALL groups
  s3:  RUNNING CANDIDATE s3@group-17EB70022112:t3, leader=null, voted=s3, raftlog=s3@group-17EB70022112-SegmentedRaftLog:OPENED:c-1,f-1,i0, conf=-1: [s3:0.0.0.0:42087, s4:0.0.0.0:33912, s0:0.0.0.0:40055, s1:0.0.0.0:37625, s2:0.0.0.0:37369], old=null RUNNING
  s4:  RUNNING CANDIDATE s4@group-17EB70022112:t3, leader=null, voted=s4, raftlog=s4@group-17EB70022112-SegmentedRaftLog:OPENED:c-1,f-1,i0, conf=-1: [s3:0.0.0.0:42087, s4:0.0.0.0:33912, s0:0.0.0.0:40055, s1:0.0.0.0:37625, s2:0.0.0.0:37369], old=null RUNNING
  s0:  RUNNING CANDIDATE s0@group-17EB70022112:t3, leader=null, voted=s0, raftlog=s0@group-17EB70022112-SegmentedRaftLog:OPENED:c-1,f-1,i0, conf=-1: [s3:0.0.0.0:42087, s4:0.0.0.0:33912, s0:0.0.0.0:40055, s1:0.0.0.0:37625, s2:0.0.0.0:37369], old=null RUNNING
  s1:  RUNNING CANDIDATE s1@group-17EB70022112:t3, leader=null, voted=s1, raftlog=s1@group-17EB70022112-SegmentedRaftLog:OPENED:c-1,f-1,i0, conf=-1: [s3:0.0.0.0:42087, s4:0.0.0.0:33912, s0:0.0.0.0:40055, s1:0.0.0.0:37625, s2:0.0.0.0:37369], old=null RUNNING
  s2:  RUNNING CANDIDATE s2@group-17EB70022112:t3, leader=null, voted=s2, raftlog=s2@group-17EB70022112-SegmentedRaftLog:OPENED:c-1,f-1,i0, conf=-1: [s3:0.0.0.0:42087, s4:0.0.0.0:33912, s0:0.0.0.0:40055, s1:0.0.0.0:37625, s2:0.0.0.0:37369], old=null RUNNING, sleep 450ms and then retry.
java.lang.IllegalStateException: No leader yet : printing ALL groups
  s3:  RUNNING CANDIDATE s3@group-17EB70022112:t3, leader=null, voted=s3, raftlog=s3@group-17EB70022112-SegmentedRaftLog:OPENED:c-1,f-1,i0, conf=-1: [s3:0.0.0.0:42087, s4:0.0.0.0:33912, s0:0.0.0.0:40055, s1:0.0.0.0:37625, s2:0.0.0.0:37369], old=null RUNNING
  s4:  RUNNING CANDIDATE s4@group-17EB70022112:t3, leader=null, voted=s4, raftlog=s4@group-17EB70022112-SegmentedRaftLog:OPENED:c-1,f-1,i0, conf=-1: [s3:0.0.0.0:42087, s4:0.0.0.0:33912, s0:0.0.0.0:40055, s1:0.0.0.0:37625, s2:0.0.0.0:37369], old=null RUNNING
  s0:  RUNNING CANDIDATE s0@group-17EB70022112:t3, leader=null, voted=s0, raftlog=s0@group-17EB70022112-SegmentedRaftLog:OPENED:c-1,f-1,i0, conf=-1: [s3:0.0.0.0:42087, s4:0.0.0.0:33912, s0:0.0.0.0:40055, s1:0.0.0.0:37625, s2:0.0.0.0:37369], old=null RUNNING
  s1:  RUNNING CANDIDATE s1@group-17EB70022112:t3, leader=null, voted=s1, raftlog=s1@group-17EB70022112-SegmentedRaftLog:OPENED:c-1,f-1,i0, conf=-1: [s3:0.0.0.0:42087, s4:0.0.0.0:33912, s0:0.0.0.0:40055, s1:0.0.0.0:37625, s2:0.0.0.0:37369], old=null RUNNING
  s2:  RUNNING CANDIDATE s2@group-17EB70022112:t3, leader=null, voted=s2, raftlog=s2@group-17EB70022112-SegmentedRaftLog:OPENED:c-1,f-1,i0, conf=-1: [s3:0.0.0.0:42087, s4:0.0.0.0:33912, s0:0.0.0.0:40055, s1:0.0.0.0:37625, s2:0.0.0.0:37369], old=null RUNNING
	at org.apache.ratis.MiniRaftCluster.newIllegalStateExceptionForNoLeaders(MiniRaftCluster.java:506)
	at org.apache.ratis.RaftTestUtil.lambda$waitForLeader$1(RaftTestUtil.java:90)
	at org.apache.ratis.MiniRaftCluster.getLeader(MiniRaftCluster.java:539)
	at org.apache.ratis.MiniRaftCluster.getLeader(MiniRaftCluster.java:532)
	at org.apache.ratis.RaftTestUtil.lambda$waitForLeader$3(RaftTestUtil.java:98)
	at org.apache.ratis.util.JavaUtils.attempt(JavaUtils.java:152)
	at org.apache.ratis.RaftTestUtil.waitForLeader(RaftTestUtil.java:97)
	at org.apache.ratis.RaftTestUtil.waitForLeader(RaftTestUtil.java:77)
	at org.apache.ratis.RaftTestUtil.waitForLeader(RaftTestUtil.java:72)
	at org.apache.ratis.RaftTestUtil.waitAndKillLeader(RaftTestUtil.java:114)
	at org.apache.ratis.server.impl.LeaderElectionTests.testBasicLeaderElection(LeaderElectionTests.java:63)
	at sun.reflect.NativeMethodAccessorImpl.invoke0(Native Method)
	at sun.reflect.NativeMethodAccessorImpl.invoke(NativeMethodAccessorImpl.java:62)
	at sun.reflect.DelegatingMethodAccessorImpl.invoke(DelegatingMethodAccessorImpl.java:43)
	at java.lang.reflect.Method.invoke(Method.java:498)
	at org.junit.runners.model.FrameworkMethod$1.runReflectiveCall(FrameworkMethod.java:50)
	at org.junit.internal.runners.model.ReflectiveCallable.run(ReflectiveCallable.java:12)
	at org.junit.runners.model.FrameworkMethod.invokeExplosively(FrameworkMethod.java:47)
	at org.junit.internal.runners.statements.InvokeMethod.evaluate(InvokeMethod.java:17)
	at org.junit.internal.runners.statements.RunAfters.evaluate(RunAfters.java:27)
	at org.junit.internal.runners.statements.FailOnTimeout$CallableStatement.call(FailOnTimeout.java:298)
	at org.junit.internal.runners.statements.FailOnTimeout$CallableStatement.call(FailOnTimeout.java:292)
	at java.util.concurrent.FutureTask.run(FutureTask.java:266)
	at java.lang.Thread.run(Thread.java:748)
2019-09-24 17:10:50,911 INFO  ratis.MiniRaftCluster (MiniRaftCluster.java:lambda$null$5(297)) - TIMED-PRINT: printing ALL groups
  s3:  RUNNING CANDIDATE s3@group-17EB70022112:t3, leader=null, voted=s3, raftlog=s3@group-17EB70022112-SegmentedRaftLog:OPENED:c-1,f-1,i0, conf=-1: [s3:0.0.0.0:42087, s4:0.0.0.0:33912, s0:0.0.0.0:40055, s1:0.0.0.0:37625, s2:0.0.0.0:37369], old=null RUNNING
  s4:  RUNNING CANDIDATE s4@group-17EB70022112:t3, leader=null, voted=s4, raftlog=s4@group-17EB70022112-SegmentedRaftLog:OPENED:c-1,f-1,i0, conf=-1: [s3:0.0.0.0:42087, s4:0.0.0.0:33912, s0:0.0.0.0:40055, s1:0.0.0.0:37625, s2:0.0.0.0:37369], old=null RUNNING
  s0:  RUNNING CANDIDATE s0@group-17EB70022112:t3, leader=null, voted=s0, raftlog=s0@group-17EB70022112-SegmentedRaftLog:OPENED:c-1,f-1,i0, conf=-1: [s3:0.0.0.0:42087, s4:0.0.0.0:33912, s0:0.0.0.0:40055, s1:0.0.0.0:37625, s2:0.0.0.0:37369], old=null RUNNING
  s1:  RUNNING CANDIDATE s1@group-17EB70022112:t3, leader=null, voted=s1, raftlog=s1@group-17EB70022112-SegmentedRaftLog:OPENED:c-1,f-1,i0, conf=-1: [s3:0.0.0.0:42087, s4:0.0.0.0:33912, s0:0.0.0.0:40055, s1:0.0.0.0:37625, s2:0.0.0.0:37369], old=null RUNNING
  s2:  RUNNING CANDIDATE s2@group-17EB70022112:t3, leader=null, voted=s2, raftlog=s2@group-17EB70022112-SegmentedRaftLog:OPENED:c-1,f-1,i0, conf=-1: [s3:0.0.0.0:42087, s4:0.0.0.0:33912, s0:0.0.0.0:40055, s1:0.0.0.0:37625, s2:0.0.0.0:37369], old=null RUNNING
2019-09-24 17:10:51,172 WARN  ratis.RaftTestUtil (JavaUtils.java:attempt(158)) - FAILED "waitForLeader-null-(expectLeader? true)", attempt #68/100: java.lang.IllegalStateException: No leader yet : printing ALL groups
  s3:  RUNNING CANDIDATE s3@group-17EB70022112:t3, leader=null, voted=s3, raftlog=s3@group-17EB70022112-SegmentedRaftLog:OPENED:c-1,f-1,i0, conf=-1: [s3:0.0.0.0:42087, s4:0.0.0.0:33912, s0:0.0.0.0:40055, s1:0.0.0.0:37625, s2:0.0.0.0:37369], old=null RUNNING
  s4:  RUNNING CANDIDATE s4@group-17EB70022112:t3, leader=null, voted=s4, raftlog=s4@group-17EB70022112-SegmentedRaftLog:OPENED:c-1,f-1,i0, conf=-1: [s3:0.0.0.0:42087, s4:0.0.0.0:33912, s0:0.0.0.0:40055, s1:0.0.0.0:37625, s2:0.0.0.0:37369], old=null RUNNING
  s0:  RUNNING CANDIDATE s0@group-17EB70022112:t3, leader=null, voted=s0, raftlog=s0@group-17EB70022112-SegmentedRaftLog:OPENED:c-1,f-1,i0, conf=-1: [s3:0.0.0.0:42087, s4:0.0.0.0:33912, s0:0.0.0.0:40055, s1:0.0.0.0:37625, s2:0.0.0.0:37369], old=null RUNNING
  s1:  RUNNING CANDIDATE s1@group-17EB70022112:t3, leader=null, voted=s1, raftlog=s1@group-17EB70022112-SegmentedRaftLog:OPENED:c-1,f-1,i0, conf=-1: [s3:0.0.0.0:42087, s4:0.0.0.0:33912, s0:0.0.0.0:40055, s1:0.0.0.0:37625, s2:0.0.0.0:37369], old=null RUNNING
  s2:  RUNNING CANDIDATE s2@group-17EB70022112:t3, leader=null, voted=s2, raftlog=s2@group-17EB70022112-SegmentedRaftLog:OPENED:c-1,f-1,i0, conf=-1: [s3:0.0.0.0:42087, s4:0.0.0.0:33912, s0:0.0.0.0:40055, s1:0.0.0.0:37625, s2:0.0.0.0:37369], old=null RUNNING, sleep 450ms and then retry.
java.lang.IllegalStateException: No leader yet : printing ALL groups
  s3:  RUNNING CANDIDATE s3@group-17EB70022112:t3, leader=null, voted=s3, raftlog=s3@group-17EB70022112-SegmentedRaftLog:OPENED:c-1,f-1,i0, conf=-1: [s3:0.0.0.0:42087, s4:0.0.0.0:33912, s0:0.0.0.0:40055, s1:0.0.0.0:37625, s2:0.0.0.0:37369], old=null RUNNING
  s4:  RUNNING CANDIDATE s4@group-17EB70022112:t3, leader=null, voted=s4, raftlog=s4@group-17EB70022112-SegmentedRaftLog:OPENED:c-1,f-1,i0, conf=-1: [s3:0.0.0.0:42087, s4:0.0.0.0:33912, s0:0.0.0.0:40055, s1:0.0.0.0:37625, s2:0.0.0.0:37369], old=null RUNNING
  s0:  RUNNING CANDIDATE s0@group-17EB70022112:t3, leader=null, voted=s0, raftlog=s0@group-17EB70022112-SegmentedRaftLog:OPENED:c-1,f-1,i0, conf=-1: [s3:0.0.0.0:42087, s4:0.0.0.0:33912, s0:0.0.0.0:40055, s1:0.0.0.0:37625, s2:0.0.0.0:37369], old=null RUNNING
  s1:  RUNNING CANDIDATE s1@group-17EB70022112:t3, leader=null, voted=s1, raftlog=s1@group-17EB70022112-SegmentedRaftLog:OPENED:c-1,f-1,i0, conf=-1: [s3:0.0.0.0:42087, s4:0.0.0.0:33912, s0:0.0.0.0:40055, s1:0.0.0.0:37625, s2:0.0.0.0:37369], old=null RUNNING
  s2:  RUNNING CANDIDATE s2@group-17EB70022112:t3, leader=null, voted=s2, raftlog=s2@group-17EB70022112-SegmentedRaftLog:OPENED:c-1,f-1,i0, conf=-1: [s3:0.0.0.0:42087, s4:0.0.0.0:33912, s0:0.0.0.0:40055, s1:0.0.0.0:37625, s2:0.0.0.0:37369], old=null RUNNING
	at org.apache.ratis.MiniRaftCluster.newIllegalStateExceptionForNoLeaders(MiniRaftCluster.java:506)
	at org.apache.ratis.RaftTestUtil.lambda$waitForLeader$1(RaftTestUtil.java:90)
	at org.apache.ratis.MiniRaftCluster.getLeader(MiniRaftCluster.java:539)
	at org.apache.ratis.MiniRaftCluster.getLeader(MiniRaftCluster.java:532)
	at org.apache.ratis.RaftTestUtil.lambda$waitForLeader$3(RaftTestUtil.java:98)
	at org.apache.ratis.util.JavaUtils.attempt(JavaUtils.java:152)
	at org.apache.ratis.RaftTestUtil.waitForLeader(RaftTestUtil.java:97)
	at org.apache.ratis.RaftTestUtil.waitForLeader(RaftTestUtil.java:77)
	at org.apache.ratis.RaftTestUtil.waitForLeader(RaftTestUtil.java:72)
	at org.apache.ratis.RaftTestUtil.waitAndKillLeader(RaftTestUtil.java:114)
	at org.apache.ratis.server.impl.LeaderElectionTests.testBasicLeaderElection(LeaderElectionTests.java:63)
	at sun.reflect.NativeMethodAccessorImpl.invoke0(Native Method)
	at sun.reflect.NativeMethodAccessorImpl.invoke(NativeMethodAccessorImpl.java:62)
	at sun.reflect.DelegatingMethodAccessorImpl.invoke(DelegatingMethodAccessorImpl.java:43)
	at java.lang.reflect.Method.invoke(Method.java:498)
	at org.junit.runners.model.FrameworkMethod$1.runReflectiveCall(FrameworkMethod.java:50)
	at org.junit.internal.runners.model.ReflectiveCallable.run(ReflectiveCallable.java:12)
	at org.junit.runners.model.FrameworkMethod.invokeExplosively(FrameworkMethod.java:47)
	at org.junit.internal.runners.statements.InvokeMethod.evaluate(InvokeMethod.java:17)
	at org.junit.internal.runners.statements.RunAfters.evaluate(RunAfters.java:27)
	at org.junit.internal.runners.statements.FailOnTimeout$CallableStatement.call(FailOnTimeout.java:298)
	at org.junit.internal.runners.statements.FailOnTimeout$CallableStatement.call(FailOnTimeout.java:292)
	at java.util.concurrent.FutureTask.run(FutureTask.java:266)
	at java.lang.Thread.run(Thread.java:748)
2019-09-24 17:10:51,624 WARN  ratis.RaftTestUtil (JavaUtils.java:attempt(158)) - FAILED "waitForLeader-null-(expectLeader? true)", attempt #69/100: java.lang.IllegalStateException: No leader yet : printing ALL groups
  s3:  RUNNING CANDIDATE s3@group-17EB70022112:t3, leader=null, voted=s3, raftlog=s3@group-17EB70022112-SegmentedRaftLog:OPENED:c-1,f-1,i0, conf=-1: [s3:0.0.0.0:42087, s4:0.0.0.0:33912, s0:0.0.0.0:40055, s1:0.0.0.0:37625, s2:0.0.0.0:37369], old=null RUNNING
  s4:  RUNNING CANDIDATE s4@group-17EB70022112:t3, leader=null, voted=s4, raftlog=s4@group-17EB70022112-SegmentedRaftLog:OPENED:c-1,f-1,i0, conf=-1: [s3:0.0.0.0:42087, s4:0.0.0.0:33912, s0:0.0.0.0:40055, s1:0.0.0.0:37625, s2:0.0.0.0:37369], old=null RUNNING
  s0:  RUNNING CANDIDATE s0@group-17EB70022112:t3, leader=null, voted=s0, raftlog=s0@group-17EB70022112-SegmentedRaftLog:OPENED:c-1,f-1,i0, conf=-1: [s3:0.0.0.0:42087, s4:0.0.0.0:33912, s0:0.0.0.0:40055, s1:0.0.0.0:37625, s2:0.0.0.0:37369], old=null RUNNING
  s1:  RUNNING CANDIDATE s1@group-17EB70022112:t3, leader=null, voted=s1, raftlog=s1@group-17EB70022112-SegmentedRaftLog:OPENED:c-1,f-1,i0, conf=-1: [s3:0.0.0.0:42087, s4:0.0.0.0:33912, s0:0.0.0.0:40055, s1:0.0.0.0:37625, s2:0.0.0.0:37369], old=null RUNNING
  s2:  RUNNING CANDIDATE s2@group-17EB70022112:t3, leader=null, voted=s2, raftlog=s2@group-17EB70022112-SegmentedRaftLog:OPENED:c-1,f-1,i0, conf=-1: [s3:0.0.0.0:42087, s4:0.0.0.0:33912, s0:0.0.0.0:40055, s1:0.0.0.0:37625, s2:0.0.0.0:37369], old=null RUNNING, sleep 450ms and then retry.
java.lang.IllegalStateException: No leader yet : printing ALL groups
  s3:  RUNNING CANDIDATE s3@group-17EB70022112:t3, leader=null, voted=s3, raftlog=s3@group-17EB70022112-SegmentedRaftLog:OPENED:c-1,f-1,i0, conf=-1: [s3:0.0.0.0:42087, s4:0.0.0.0:33912, s0:0.0.0.0:40055, s1:0.0.0.0:37625, s2:0.0.0.0:37369], old=null RUNNING
  s4:  RUNNING CANDIDATE s4@group-17EB70022112:t3, leader=null, voted=s4, raftlog=s4@group-17EB70022112-SegmentedRaftLog:OPENED:c-1,f-1,i0, conf=-1: [s3:0.0.0.0:42087, s4:0.0.0.0:33912, s0:0.0.0.0:40055, s1:0.0.0.0:37625, s2:0.0.0.0:37369], old=null RUNNING
  s0:  RUNNING CANDIDATE s0@group-17EB70022112:t3, leader=null, voted=s0, raftlog=s0@group-17EB70022112-SegmentedRaftLog:OPENED:c-1,f-1,i0, conf=-1: [s3:0.0.0.0:42087, s4:0.0.0.0:33912, s0:0.0.0.0:40055, s1:0.0.0.0:37625, s2:0.0.0.0:37369], old=null RUNNING
  s1:  RUNNING CANDIDATE s1@group-17EB70022112:t3, leader=null, voted=s1, raftlog=s1@group-17EB70022112-SegmentedRaftLog:OPENED:c-1,f-1,i0, conf=-1: [s3:0.0.0.0:42087, s4:0.0.0.0:33912, s0:0.0.0.0:40055, s1:0.0.0.0:37625, s2:0.0.0.0:37369], old=null RUNNING
  s2:  RUNNING CANDIDATE s2@group-17EB70022112:t3, leader=null, voted=s2, raftlog=s2@group-17EB70022112-SegmentedRaftLog:OPENED:c-1,f-1,i0, conf=-1: [s3:0.0.0.0:42087, s4:0.0.0.0:33912, s0:0.0.0.0:40055, s1:0.0.0.0:37625, s2:0.0.0.0:37369], old=null RUNNING
	at org.apache.ratis.MiniRaftCluster.newIllegalStateExceptionForNoLeaders(MiniRaftCluster.java:506)
	at org.apache.ratis.RaftTestUtil.lambda$waitForLeader$1(RaftTestUtil.java:90)
	at org.apache.ratis.MiniRaftCluster.getLeader(MiniRaftCluster.java:539)
	at org.apache.ratis.MiniRaftCluster.getLeader(MiniRaftCluster.java:532)
	at org.apache.ratis.RaftTestUtil.lambda$waitForLeader$3(RaftTestUtil.java:98)
	at org.apache.ratis.util.JavaUtils.attempt(JavaUtils.java:152)
	at org.apache.ratis.RaftTestUtil.waitForLeader(RaftTestUtil.java:97)
	at org.apache.ratis.RaftTestUtil.waitForLeader(RaftTestUtil.java:77)
	at org.apache.ratis.RaftTestUtil.waitForLeader(RaftTestUtil.java:72)
	at org.apache.ratis.RaftTestUtil.waitAndKillLeader(RaftTestUtil.java:114)
	at org.apache.ratis.server.impl.LeaderElectionTests.testBasicLeaderElection(LeaderElectionTests.java:63)
	at sun.reflect.NativeMethodAccessorImpl.invoke0(Native Method)
	at sun.reflect.NativeMethodAccessorImpl.invoke(NativeMethodAccessorImpl.java:62)
	at sun.reflect.DelegatingMethodAccessorImpl.invoke(DelegatingMethodAccessorImpl.java:43)
	at java.lang.reflect.Method.invoke(Method.java:498)
	at org.junit.runners.model.FrameworkMethod$1.runReflectiveCall(FrameworkMethod.java:50)
	at org.junit.internal.runners.model.ReflectiveCallable.run(ReflectiveCallable.java:12)
	at org.junit.runners.model.FrameworkMethod.invokeExplosively(FrameworkMethod.java:47)
	at org.junit.internal.runners.statements.InvokeMethod.evaluate(InvokeMethod.java:17)
	at org.junit.internal.runners.statements.RunAfters.evaluate(RunAfters.java:27)
	at org.junit.internal.runners.statements.FailOnTimeout$CallableStatement.call(FailOnTimeout.java:298)
	at org.junit.internal.runners.statements.FailOnTimeout$CallableStatement.call(FailOnTimeout.java:292)
	at java.util.concurrent.FutureTask.run(FutureTask.java:266)
	at java.lang.Thread.run(Thread.java:748)
2019-09-24 17:10:52,075 WARN  ratis.RaftTestUtil (JavaUtils.java:attempt(158)) - FAILED "waitForLeader-null-(expectLeader? true)", attempt #70/100: java.lang.IllegalStateException: No leader yet : printing ALL groups
  s3:  RUNNING CANDIDATE s3@group-17EB70022112:t3, leader=null, voted=s3, raftlog=s3@group-17EB70022112-SegmentedRaftLog:OPENED:c-1,f-1,i0, conf=-1: [s3:0.0.0.0:42087, s4:0.0.0.0:33912, s0:0.0.0.0:40055, s1:0.0.0.0:37625, s2:0.0.0.0:37369], old=null RUNNING
  s4:  RUNNING CANDIDATE s4@group-17EB70022112:t3, leader=null, voted=s4, raftlog=s4@group-17EB70022112-SegmentedRaftLog:OPENED:c-1,f-1,i0, conf=-1: [s3:0.0.0.0:42087, s4:0.0.0.0:33912, s0:0.0.0.0:40055, s1:0.0.0.0:37625, s2:0.0.0.0:37369], old=null RUNNING
  s0:  RUNNING CANDIDATE s0@group-17EB70022112:t3, leader=null, voted=s0, raftlog=s0@group-17EB70022112-SegmentedRaftLog:OPENED:c-1,f-1,i0, conf=-1: [s3:0.0.0.0:42087, s4:0.0.0.0:33912, s0:0.0.0.0:40055, s1:0.0.0.0:37625, s2:0.0.0.0:37369], old=null RUNNING
  s1:  RUNNING CANDIDATE s1@group-17EB70022112:t3, leader=null, voted=s1, raftlog=s1@group-17EB70022112-SegmentedRaftLog:OPENED:c-1,f-1,i0, conf=-1: [s3:0.0.0.0:42087, s4:0.0.0.0:33912, s0:0.0.0.0:40055, s1:0.0.0.0:37625, s2:0.0.0.0:37369], old=null RUNNING
  s2:  RUNNING CANDIDATE s2@group-17EB70022112:t3, leader=null, voted=s2, raftlog=s2@group-17EB70022112-SegmentedRaftLog:OPENED:c-1,f-1,i0, conf=-1: [s3:0.0.0.0:42087, s4:0.0.0.0:33912, s0:0.0.0.0:40055, s1:0.0.0.0:37625, s2:0.0.0.0:37369], old=null RUNNING, sleep 450ms and then retry.
java.lang.IllegalStateException: No leader yet : printing ALL groups
  s3:  RUNNING CANDIDATE s3@group-17EB70022112:t3, leader=null, voted=s3, raftlog=s3@group-17EB70022112-SegmentedRaftLog:OPENED:c-1,f-1,i0, conf=-1: [s3:0.0.0.0:42087, s4:0.0.0.0:33912, s0:0.0.0.0:40055, s1:0.0.0.0:37625, s2:0.0.0.0:37369], old=null RUNNING
  s4:  RUNNING CANDIDATE s4@group-17EB70022112:t3, leader=null, voted=s4, raftlog=s4@group-17EB70022112-SegmentedRaftLog:OPENED:c-1,f-1,i0, conf=-1: [s3:0.0.0.0:42087, s4:0.0.0.0:33912, s0:0.0.0.0:40055, s1:0.0.0.0:37625, s2:0.0.0.0:37369], old=null RUNNING
  s0:  RUNNING CANDIDATE s0@group-17EB70022112:t3, leader=null, voted=s0, raftlog=s0@group-17EB70022112-SegmentedRaftLog:OPENED:c-1,f-1,i0, conf=-1: [s3:0.0.0.0:42087, s4:0.0.0.0:33912, s0:0.0.0.0:40055, s1:0.0.0.0:37625, s2:0.0.0.0:37369], old=null RUNNING
  s1:  RUNNING CANDIDATE s1@group-17EB70022112:t3, leader=null, voted=s1, raftlog=s1@group-17EB70022112-SegmentedRaftLog:OPENED:c-1,f-1,i0, conf=-1: [s3:0.0.0.0:42087, s4:0.0.0.0:33912, s0:0.0.0.0:40055, s1:0.0.0.0:37625, s2:0.0.0.0:37369], old=null RUNNING
  s2:  RUNNING CANDIDATE s2@group-17EB70022112:t3, leader=null, voted=s2, raftlog=s2@group-17EB70022112-SegmentedRaftLog:OPENED:c-1,f-1,i0, conf=-1: [s3:0.0.0.0:42087, s4:0.0.0.0:33912, s0:0.0.0.0:40055, s1:0.0.0.0:37625, s2:0.0.0.0:37369], old=null RUNNING
	at org.apache.ratis.MiniRaftCluster.newIllegalStateExceptionForNoLeaders(MiniRaftCluster.java:506)
	at org.apache.ratis.RaftTestUtil.lambda$waitForLeader$1(RaftTestUtil.java:90)
	at org.apache.ratis.MiniRaftCluster.getLeader(MiniRaftCluster.java:539)
	at org.apache.ratis.MiniRaftCluster.getLeader(MiniRaftCluster.java:532)
	at org.apache.ratis.RaftTestUtil.lambda$waitForLeader$3(RaftTestUtil.java:98)
	at org.apache.ratis.util.JavaUtils.attempt(JavaUtils.java:152)
	at org.apache.ratis.RaftTestUtil.waitForLeader(RaftTestUtil.java:97)
	at org.apache.ratis.RaftTestUtil.waitForLeader(RaftTestUtil.java:77)
	at org.apache.ratis.RaftTestUtil.waitForLeader(RaftTestUtil.java:72)
	at org.apache.ratis.RaftTestUtil.waitAndKillLeader(RaftTestUtil.java:114)
	at org.apache.ratis.server.impl.LeaderElectionTests.testBasicLeaderElection(LeaderElectionTests.java:63)
	at sun.reflect.NativeMethodAccessorImpl.invoke0(Native Method)
	at sun.reflect.NativeMethodAccessorImpl.invoke(NativeMethodAccessorImpl.java:62)
	at sun.reflect.DelegatingMethodAccessorImpl.invoke(DelegatingMethodAccessorImpl.java:43)
	at java.lang.reflect.Method.invoke(Method.java:498)
	at org.junit.runners.model.FrameworkMethod$1.runReflectiveCall(FrameworkMethod.java:50)
	at org.junit.internal.runners.model.ReflectiveCallable.run(ReflectiveCallable.java:12)
	at org.junit.runners.model.FrameworkMethod.invokeExplosively(FrameworkMethod.java:47)
	at org.junit.internal.runners.statements.InvokeMethod.evaluate(InvokeMethod.java:17)
	at org.junit.internal.runners.statements.RunAfters.evaluate(RunAfters.java:27)
	at org.junit.internal.runners.statements.FailOnTimeout$CallableStatement.call(FailOnTimeout.java:298)
	at org.junit.internal.runners.statements.FailOnTimeout$CallableStatement.call(FailOnTimeout.java:292)
	at java.util.concurrent.FutureTask.run(FutureTask.java:266)
	at java.lang.Thread.run(Thread.java:748)
2019-09-24 17:10:52,415 INFO  impl.LeaderElection (LeaderElection.java:askForVotes(178)) - s0@group-17EB70022112-LeaderElection51: begin an election at term 3 for -1: [s3:0.0.0.0:42087, s4:0.0.0.0:33912, s0:0.0.0.0:40055, s1:0.0.0.0:37625, s2:0.0.0.0:37369], old=null
2019-09-24 17:10:52,415 DEBUG impl.RaftServerImpl (RaftServerImpl.java:requestVote(775)) - s0@group-17EB70022112 replies to vote request: s2<-s0#0:FAIL-t3. Peer's state: s0@group-17EB70022112:t3, leader=null, voted=s0, raftlog=s0@group-17EB70022112-SegmentedRaftLog:OPENED:c-1,f-1,i0, conf=-1: [s3:0.0.0.0:42087, s4:0.0.0.0:33912, s0:0.0.0.0:40055, s1:0.0.0.0:37625, s2:0.0.0.0:37369], old=null
2019-09-24 17:10:52,418 DEBUG impl.RaftServerImpl (RaftServerImpl.java:requestVote(775)) - s0@group-17EB70022112 replies to vote request: s3<-s0#0:FAIL-t3. Peer's state: s0@group-17EB70022112:t3, leader=null, voted=s0, raftlog=s0@group-17EB70022112-SegmentedRaftLog:OPENED:c-1,f-1,i0, conf=-1: [s3:0.0.0.0:42087, s4:0.0.0.0:33912, s0:0.0.0.0:40055, s1:0.0.0.0:37625, s2:0.0.0.0:37369], old=null
2019-09-24 17:10:52,418 DEBUG impl.RaftServerImpl (RaftServerImpl.java:requestVote(775)) - s0@group-17EB70022112 replies to vote request: s4<-s0#0:FAIL-t3. Peer's state: s0@group-17EB70022112:t3, leader=null, voted=s0, raftlog=s0@group-17EB70022112-SegmentedRaftLog:OPENED:c-1,f-1,i0, conf=-1: [s3:0.0.0.0:42087, s4:0.0.0.0:33912, s0:0.0.0.0:40055, s1:0.0.0.0:37625, s2:0.0.0.0:37369], old=null
2019-09-24 17:10:52,419 DEBUG impl.RaftServerImpl (RaftServerImpl.java:requestVote(743)) - s3@group-17EB70022112: receive requestVote(s0, group-17EB70022112, 3, (t:0, i:0))
2019-09-24 17:10:52,419 DEBUG impl.RaftServerImpl (RaftServerImpl.java:requestVote(743)) - s4@group-17EB70022112: receive requestVote(s0, group-17EB70022112, 3, (t:0, i:0))
2019-09-24 17:10:52,419 DEBUG impl.RaftServerImpl (RaftServerImpl.java:requestVote(743)) - s1@group-17EB70022112: receive requestVote(s0, group-17EB70022112, 3, (t:0, i:0))
2019-09-24 17:10:52,419 DEBUG impl.RaftServerImpl (RaftServerImpl.java:requestVote(743)) - s2@group-17EB70022112: receive requestVote(s0, group-17EB70022112, 3, (t:0, i:0))
2019-09-24 17:10:52,430 DEBUG impl.RaftServerImpl (RaftServerImpl.java:requestVote(743)) - s0@group-17EB70022112: receive requestVote(s1, group-17EB70022112, 2, (t:0, i:0))
2019-09-24 17:10:52,430 DEBUG impl.RaftServerImpl (RaftServerImpl.java:requestVote(775)) - s0@group-17EB70022112 replies to vote request: s1<-s0#0:FAIL-t3. Peer's state: s0@group-17EB70022112:t3, leader=null, voted=s0, raftlog=s0@group-17EB70022112-SegmentedRaftLog:OPENED:c-1,f-1,i0, conf=-1: [s3:0.0.0.0:42087, s4:0.0.0.0:33912, s0:0.0.0.0:40055, s1:0.0.0.0:37625, s2:0.0.0.0:37369], old=null
2019-09-24 17:10:52,527 WARN  ratis.RaftTestUtil (JavaUtils.java:attempt(158)) - FAILED "waitForLeader-null-(expectLeader? true)", attempt #71/100: java.lang.IllegalStateException: No leader yet : printing ALL groups
  s3:  RUNNING CANDIDATE s3@group-17EB70022112:t3, leader=null, voted=s3, raftlog=s3@group-17EB70022112-SegmentedRaftLog:OPENED:c-1,f-1,i0, conf=-1: [s3:0.0.0.0:42087, s4:0.0.0.0:33912, s0:0.0.0.0:40055, s1:0.0.0.0:37625, s2:0.0.0.0:37369], old=null RUNNING
  s4:  RUNNING CANDIDATE s4@group-17EB70022112:t3, leader=null, voted=s4, raftlog=s4@group-17EB70022112-SegmentedRaftLog:OPENED:c-1,f-1,i0, conf=-1: [s3:0.0.0.0:42087, s4:0.0.0.0:33912, s0:0.0.0.0:40055, s1:0.0.0.0:37625, s2:0.0.0.0:37369], old=null RUNNING
  s0:  RUNNING CANDIDATE s0@group-17EB70022112:t3, leader=null, voted=s0, raftlog=s0@group-17EB70022112-SegmentedRaftLog:OPENED:c-1,f-1,i0, conf=-1: [s3:0.0.0.0:42087, s4:0.0.0.0:33912, s0:0.0.0.0:40055, s1:0.0.0.0:37625, s2:0.0.0.0:37369], old=null RUNNING
  s1:  RUNNING CANDIDATE s1@group-17EB70022112:t3, leader=null, voted=s1, raftlog=s1@group-17EB70022112-SegmentedRaftLog:OPENED:c-1,f-1,i0, conf=-1: [s3:0.0.0.0:42087, s4:0.0.0.0:33912, s0:0.0.0.0:40055, s1:0.0.0.0:37625, s2:0.0.0.0:37369], old=null RUNNING
  s2:  RUNNING CANDIDATE s2@group-17EB70022112:t3, leader=null, voted=s2, raftlog=s2@group-17EB70022112-SegmentedRaftLog:OPENED:c-1,f-1,i0, conf=-1: [s3:0.0.0.0:42087, s4:0.0.0.0:33912, s0:0.0.0.0:40055, s1:0.0.0.0:37625, s2:0.0.0.0:37369], old=null RUNNING, sleep 450ms and then retry.
java.lang.IllegalStateException: No leader yet : printing ALL groups
  s3:  RUNNING CANDIDATE s3@group-17EB70022112:t3, leader=null, voted=s3, raftlog=s3@group-17EB70022112-SegmentedRaftLog:OPENED:c-1,f-1,i0, conf=-1: [s3:0.0.0.0:42087, s4:0.0.0.0:33912, s0:0.0.0.0:40055, s1:0.0.0.0:37625, s2:0.0.0.0:37369], old=null RUNNING
  s4:  RUNNING CANDIDATE s4@group-17EB70022112:t3, leader=null, voted=s4, raftlog=s4@group-17EB70022112-SegmentedRaftLog:OPENED:c-1,f-1,i0, conf=-1: [s3:0.0.0.0:42087, s4:0.0.0.0:33912, s0:0.0.0.0:40055, s1:0.0.0.0:37625, s2:0.0.0.0:37369], old=null RUNNING
  s0:  RUNNING CANDIDATE s0@group-17EB70022112:t3, leader=null, voted=s0, raftlog=s0@group-17EB70022112-SegmentedRaftLog:OPENED:c-1,f-1,i0, conf=-1: [s3:0.0.0.0:42087, s4:0.0.0.0:33912, s0:0.0.0.0:40055, s1:0.0.0.0:37625, s2:0.0.0.0:37369], old=null RUNNING
  s1:  RUNNING CANDIDATE s1@group-17EB70022112:t3, leader=null, voted=s1, raftlog=s1@group-17EB70022112-SegmentedRaftLog:OPENED:c-1,f-1,i0, conf=-1: [s3:0.0.0.0:42087, s4:0.0.0.0:33912, s0:0.0.0.0:40055, s1:0.0.0.0:37625, s2:0.0.0.0:37369], old=null RUNNING
  s2:  RUNNING CANDIDATE s2@group-17EB70022112:t3, leader=null, voted=s2, raftlog=s2@group-17EB70022112-SegmentedRaftLog:OPENED:c-1,f-1,i0, conf=-1: [s3:0.0.0.0:42087, s4:0.0.0.0:33912, s0:0.0.0.0:40055, s1:0.0.0.0:37625, s2:0.0.0.0:37369], old=null RUNNING
	at org.apache.ratis.MiniRaftCluster.newIllegalStateExceptionForNoLeaders(MiniRaftCluster.java:506)
	at org.apache.ratis.RaftTestUtil.lambda$waitForLeader$1(RaftTestUtil.java:90)
	at org.apache.ratis.MiniRaftCluster.getLeader(MiniRaftCluster.java:539)
	at org.apache.ratis.MiniRaftCluster.getLeader(MiniRaftCluster.java:532)
	at org.apache.ratis.RaftTestUtil.lambda$waitForLeader$3(RaftTestUtil.java:98)
	at org.apache.ratis.util.JavaUtils.attempt(JavaUtils.java:152)
	at org.apache.ratis.RaftTestUtil.waitForLeader(RaftTestUtil.java:97)
	at org.apache.ratis.RaftTestUtil.waitForLeader(RaftTestUtil.java:77)
	at org.apache.ratis.RaftTestUtil.waitForLeader(RaftTestUtil.java:72)
	at org.apache.ratis.RaftTestUtil.waitAndKillLeader(RaftTestUtil.java:114)
	at org.apache.ratis.server.impl.LeaderElectionTests.testBasicLeaderElection(LeaderElectionTests.java:63)
	at sun.reflect.NativeMethodAccessorImpl.invoke0(Native Method)
	at sun.reflect.NativeMethodAccessorImpl.invoke(NativeMethodAccessorImpl.java:62)
	at sun.reflect.DelegatingMethodAccessorImpl.invoke(DelegatingMethodAccessorImpl.java:43)
	at java.lang.reflect.Method.invoke(Method.java:498)
	at org.junit.runners.model.FrameworkMethod$1.runReflectiveCall(FrameworkMethod.java:50)
	at org.junit.internal.runners.model.ReflectiveCallable.run(ReflectiveCallable.java:12)
	at org.junit.runners.model.FrameworkMethod.invokeExplosively(FrameworkMethod.java:47)
	at org.junit.internal.runners.statements.InvokeMethod.evaluate(InvokeMethod.java:17)
	at org.junit.internal.runners.statements.RunAfters.evaluate(RunAfters.java:27)
	at org.junit.internal.runners.statements.FailOnTimeout$CallableStatement.call(FailOnTimeout.java:298)
	at org.junit.internal.runners.statements.FailOnTimeout$CallableStatement.call(FailOnTimeout.java:292)
	at java.util.concurrent.FutureTask.run(FutureTask.java:266)
	at java.lang.Thread.run(Thread.java:748)
2019-09-24 17:10:52,650 INFO  impl.LeaderElection (LeaderElection.java:logAndReturn(56)) - s0@group-17EB70022112-LeaderElection51: Election TIMEOUT; received 0 response(s) [] and 0 exception(s); s0@group-17EB70022112:t3, leader=null, voted=s0, raftlog=s0@group-17EB70022112-SegmentedRaftLog:OPENED:c-1,f-1,i0, conf=-1: [s3:0.0.0.0:42087, s4:0.0.0.0:33912, s0:0.0.0.0:40055, s1:0.0.0.0:37625, s2:0.0.0.0:37369], old=null
2019-09-24 17:10:52,978 WARN  ratis.RaftTestUtil (JavaUtils.java:attempt(158)) - FAILED "waitForLeader-null-(expectLeader? true)", attempt #72/100: java.lang.IllegalStateException: No leader yet : printing ALL groups
  s3:  RUNNING CANDIDATE s3@group-17EB70022112:t3, leader=null, voted=s3, raftlog=s3@group-17EB70022112-SegmentedRaftLog:OPENED:c-1,f-1,i0, conf=-1: [s3:0.0.0.0:42087, s4:0.0.0.0:33912, s0:0.0.0.0:40055, s1:0.0.0.0:37625, s2:0.0.0.0:37369], old=null RUNNING
  s4:  RUNNING CANDIDATE s4@group-17EB70022112:t3, leader=null, voted=s4, raftlog=s4@group-17EB70022112-SegmentedRaftLog:OPENED:c-1,f-1,i0, conf=-1: [s3:0.0.0.0:42087, s4:0.0.0.0:33912, s0:0.0.0.0:40055, s1:0.0.0.0:37625, s2:0.0.0.0:37369], old=null RUNNING
  s0:  RUNNING CANDIDATE s0@group-17EB70022112:t4, leader=null, voted=s0, raftlog=s0@group-17EB70022112-SegmentedRaftLog:OPENED:c-1,f-1,i0, conf=-1: [s3:0.0.0.0:42087, s4:0.0.0.0:33912, s0:0.0.0.0:40055, s1:0.0.0.0:37625, s2:0.0.0.0:37369], old=null RUNNING
  s1:  RUNNING CANDIDATE s1@group-17EB70022112:t3, leader=null, voted=s1, raftlog=s1@group-17EB70022112-SegmentedRaftLog:OPENED:c-1,f-1,i0, conf=-1: [s3:0.0.0.0:42087, s4:0.0.0.0:33912, s0:0.0.0.0:40055, s1:0.0.0.0:37625, s2:0.0.0.0:37369], old=null RUNNING
  s2:  RUNNING CANDIDATE s2@group-17EB70022112:t3, leader=null, voted=s2, raftlog=s2@group-17EB70022112-SegmentedRaftLog:OPENED:c-1,f-1,i0, conf=-1: [s3:0.0.0.0:42087, s4:0.0.0.0:33912, s0:0.0.0.0:40055, s1:0.0.0.0:37625, s2:0.0.0.0:37369], old=null RUNNING, sleep 450ms and then retry.
java.lang.IllegalStateException: No leader yet : printing ALL groups
  s3:  RUNNING CANDIDATE s3@group-17EB70022112:t3, leader=null, voted=s3, raftlog=s3@group-17EB70022112-SegmentedRaftLog:OPENED:c-1,f-1,i0, conf=-1: [s3:0.0.0.0:42087, s4:0.0.0.0:33912, s0:0.0.0.0:40055, s1:0.0.0.0:37625, s2:0.0.0.0:37369], old=null RUNNING
  s4:  RUNNING CANDIDATE s4@group-17EB70022112:t3, leader=null, voted=s4, raftlog=s4@group-17EB70022112-SegmentedRaftLog:OPENED:c-1,f-1,i0, conf=-1: [s3:0.0.0.0:42087, s4:0.0.0.0:33912, s0:0.0.0.0:40055, s1:0.0.0.0:37625, s2:0.0.0.0:37369], old=null RUNNING
  s0:  RUNNING CANDIDATE s0@group-17EB70022112:t4, leader=null, voted=s0, raftlog=s0@group-17EB70022112-SegmentedRaftLog:OPENED:c-1,f-1,i0, conf=-1: [s3:0.0.0.0:42087, s4:0.0.0.0:33912, s0:0.0.0.0:40055, s1:0.0.0.0:37625, s2:0.0.0.0:37369], old=null RUNNING
  s1:  RUNNING CANDIDATE s1@group-17EB70022112:t3, leader=null, voted=s1, raftlog=s1@group-17EB70022112-SegmentedRaftLog:OPENED:c-1,f-1,i0, conf=-1: [s3:0.0.0.0:42087, s4:0.0.0.0:33912, s0:0.0.0.0:40055, s1:0.0.0.0:37625, s2:0.0.0.0:37369], old=null RUNNING
  s2:  RUNNING CANDIDATE s2@group-17EB70022112:t3, leader=null, voted=s2, raftlog=s2@group-17EB70022112-SegmentedRaftLog:OPENED:c-1,f-1,i0, conf=-1: [s3:0.0.0.0:42087, s4:0.0.0.0:33912, s0:0.0.0.0:40055, s1:0.0.0.0:37625, s2:0.0.0.0:37369], old=null RUNNING
	at org.apache.ratis.MiniRaftCluster.newIllegalStateExceptionForNoLeaders(MiniRaftCluster.java:506)
	at org.apache.ratis.RaftTestUtil.lambda$waitForLeader$1(RaftTestUtil.java:90)
	at org.apache.ratis.MiniRaftCluster.getLeader(MiniRaftCluster.java:539)
	at org.apache.ratis.MiniRaftCluster.getLeader(MiniRaftCluster.java:532)
	at org.apache.ratis.RaftTestUtil.lambda$waitForLeader$3(RaftTestUtil.java:98)
	at org.apache.ratis.util.JavaUtils.attempt(JavaUtils.java:152)
	at org.apache.ratis.RaftTestUtil.waitForLeader(RaftTestUtil.java:97)
	at org.apache.ratis.RaftTestUtil.waitForLeader(RaftTestUtil.java:77)
	at org.apache.ratis.RaftTestUtil.waitForLeader(RaftTestUtil.java:72)
	at org.apache.ratis.RaftTestUtil.waitAndKillLeader(RaftTestUtil.java:114)
	at org.apache.ratis.server.impl.LeaderElectionTests.testBasicLeaderElection(LeaderElectionTests.java:63)
	at sun.reflect.NativeMethodAccessorImpl.invoke0(Native Method)
	at sun.reflect.NativeMethodAccessorImpl.invoke(NativeMethodAccessorImpl.java:62)
	at sun.reflect.DelegatingMethodAccessorImpl.invoke(DelegatingMethodAccessorImpl.java:43)
	at java.lang.reflect.Method.invoke(Method.java:498)
	at org.junit.runners.model.FrameworkMethod$1.runReflectiveCall(FrameworkMethod.java:50)
	at org.junit.internal.runners.model.ReflectiveCallable.run(ReflectiveCallable.java:12)
	at org.junit.runners.model.FrameworkMethod.invokeExplosively(FrameworkMethod.java:47)
	at org.junit.internal.runners.statements.InvokeMethod.evaluate(InvokeMethod.java:17)
	at org.junit.internal.runners.statements.RunAfters.evaluate(RunAfters.java:27)
	at org.junit.internal.runners.statements.FailOnTimeout$CallableStatement.call(FailOnTimeout.java:298)
	at org.junit.internal.runners.statements.FailOnTimeout$CallableStatement.call(FailOnTimeout.java:292)
	at java.util.concurrent.FutureTask.run(FutureTask.java:266)
	at java.lang.Thread.run(Thread.java:748)
2019-09-24 17:10:53,431 WARN  ratis.RaftTestUtil (JavaUtils.java:attempt(158)) - FAILED "waitForLeader-null-(expectLeader? true)", attempt #73/100: java.lang.IllegalStateException: No leader yet : printing ALL groups
  s3:  RUNNING CANDIDATE s3@group-17EB70022112:t3, leader=null, voted=s3, raftlog=s3@group-17EB70022112-SegmentedRaftLog:OPENED:c-1,f-1,i0, conf=-1: [s3:0.0.0.0:42087, s4:0.0.0.0:33912, s0:0.0.0.0:40055, s1:0.0.0.0:37625, s2:0.0.0.0:37369], old=null RUNNING
  s4:  RUNNING CANDIDATE s4@group-17EB70022112:t3, leader=null, voted=s4, raftlog=s4@group-17EB70022112-SegmentedRaftLog:OPENED:c-1,f-1,i0, conf=-1: [s3:0.0.0.0:42087, s4:0.0.0.0:33912, s0:0.0.0.0:40055, s1:0.0.0.0:37625, s2:0.0.0.0:37369], old=null RUNNING
  s0:  RUNNING CANDIDATE s0@group-17EB70022112:t4, leader=null, voted=s0, raftlog=s0@group-17EB70022112-SegmentedRaftLog:OPENED:c-1,f-1,i0, conf=-1: [s3:0.0.0.0:42087, s4:0.0.0.0:33912, s0:0.0.0.0:40055, s1:0.0.0.0:37625, s2:0.0.0.0:37369], old=null RUNNING
  s1:  RUNNING CANDIDATE s1@group-17EB70022112:t3, leader=null, voted=s1, raftlog=s1@group-17EB70022112-SegmentedRaftLog:OPENED:c-1,f-1,i0, conf=-1: [s3:0.0.0.0:42087, s4:0.0.0.0:33912, s0:0.0.0.0:40055, s1:0.0.0.0:37625, s2:0.0.0.0:37369], old=null RUNNING
  s2:  RUNNING CANDIDATE s2@group-17EB70022112:t3, leader=null, voted=s2, raftlog=s2@group-17EB70022112-SegmentedRaftLog:OPENED:c-1,f-1,i0, conf=-1: [s3:0.0.0.0:42087, s4:0.0.0.0:33912, s0:0.0.0.0:40055, s1:0.0.0.0:37625, s2:0.0.0.0:37369], old=null RUNNING, sleep 450ms and then retry.
java.lang.IllegalStateException: No leader yet : printing ALL groups
  s3:  RUNNING CANDIDATE s3@group-17EB70022112:t3, leader=null, voted=s3, raftlog=s3@group-17EB70022112-SegmentedRaftLog:OPENED:c-1,f-1,i0, conf=-1: [s3:0.0.0.0:42087, s4:0.0.0.0:33912, s0:0.0.0.0:40055, s1:0.0.0.0:37625, s2:0.0.0.0:37369], old=null RUNNING
  s4:  RUNNING CANDIDATE s4@group-17EB70022112:t3, leader=null, voted=s4, raftlog=s4@group-17EB70022112-SegmentedRaftLog:OPENED:c-1,f-1,i0, conf=-1: [s3:0.0.0.0:42087, s4:0.0.0.0:33912, s0:0.0.0.0:40055, s1:0.0.0.0:37625, s2:0.0.0.0:37369], old=null RUNNING
  s0:  RUNNING CANDIDATE s0@group-17EB70022112:t4, leader=null, voted=s0, raftlog=s0@group-17EB70022112-SegmentedRaftLog:OPENED:c-1,f-1,i0, conf=-1: [s3:0.0.0.0:42087, s4:0.0.0.0:33912, s0:0.0.0.0:40055, s1:0.0.0.0:37625, s2:0.0.0.0:37369], old=null RUNNING
  s1:  RUNNING CANDIDATE s1@group-17EB70022112:t3, leader=null, voted=s1, raftlog=s1@group-17EB70022112-SegmentedRaftLog:OPENED:c-1,f-1,i0, conf=-1: [s3:0.0.0.0:42087, s4:0.0.0.0:33912, s0:0.0.0.0:40055, s1:0.0.0.0:37625, s2:0.0.0.0:37369], old=null RUNNING
  s2:  RUNNING CANDIDATE s2@group-17EB70022112:t3, leader=null, voted=s2, raftlog=s2@group-17EB70022112-SegmentedRaftLog:OPENED:c-1,f-1,i0, conf=-1: [s3:0.0.0.0:42087, s4:0.0.0.0:33912, s0:0.0.0.0:40055, s1:0.0.0.0:37625, s2:0.0.0.0:37369], old=null RUNNING
	at org.apache.ratis.MiniRaftCluster.newIllegalStateExceptionForNoLeaders(MiniRaftCluster.java:506)
	at org.apache.ratis.RaftTestUtil.lambda$waitForLeader$1(RaftTestUtil.java:90)
	at org.apache.ratis.MiniRaftCluster.getLeader(MiniRaftCluster.java:539)
	at org.apache.ratis.MiniRaftCluster.getLeader(MiniRaftCluster.java:532)
	at org.apache.ratis.RaftTestUtil.lambda$waitForLeader$3(RaftTestUtil.java:98)
	at org.apache.ratis.util.JavaUtils.attempt(JavaUtils.java:152)
	at org.apache.ratis.RaftTestUtil.waitForLeader(RaftTestUtil.java:97)
	at org.apache.ratis.RaftTestUtil.waitForLeader(RaftTestUtil.java:77)
	at org.apache.ratis.RaftTestUtil.waitForLeader(RaftTestUtil.java:72)
	at org.apache.ratis.RaftTestUtil.waitAndKillLeader(RaftTestUtil.java:114)
	at org.apache.ratis.server.impl.LeaderElectionTests.testBasicLeaderElection(LeaderElectionTests.java:63)
	at sun.reflect.NativeMethodAccessorImpl.invoke0(Native Method)
	at sun.reflect.NativeMethodAccessorImpl.invoke(NativeMethodAccessorImpl.java:62)
	at sun.reflect.DelegatingMethodAccessorImpl.invoke(DelegatingMethodAccessorImpl.java:43)
	at java.lang.reflect.Method.invoke(Method.java:498)
	at org.junit.runners.model.FrameworkMethod$1.runReflectiveCall(FrameworkMethod.java:50)
	at org.junit.internal.runners.model.ReflectiveCallable.run(ReflectiveCallable.java:12)
	at org.junit.runners.model.FrameworkMethod.invokeExplosively(FrameworkMethod.java:47)
	at org.junit.internal.runners.statements.InvokeMethod.evaluate(InvokeMethod.java:17)
	at org.junit.internal.runners.statements.RunAfters.evaluate(RunAfters.java:27)
	at org.junit.internal.runners.statements.FailOnTimeout$CallableStatement.call(FailOnTimeout.java:298)
	at org.junit.internal.runners.statements.FailOnTimeout$CallableStatement.call(FailOnTimeout.java:292)
	at java.util.concurrent.FutureTask.run(FutureTask.java:266)
	at java.lang.Thread.run(Thread.java:748)
2019-09-24 17:10:53,882 WARN  ratis.RaftTestUtil (JavaUtils.java:attempt(158)) - FAILED "waitForLeader-null-(expectLeader? true)", attempt #74/100: java.lang.IllegalStateException: No leader yet : printing ALL groups
  s3:  RUNNING CANDIDATE s3@group-17EB70022112:t3, leader=null, voted=s3, raftlog=s3@group-17EB70022112-SegmentedRaftLog:OPENED:c-1,f-1,i0, conf=-1: [s3:0.0.0.0:42087, s4:0.0.0.0:33912, s0:0.0.0.0:40055, s1:0.0.0.0:37625, s2:0.0.0.0:37369], old=null RUNNING
  s4:  RUNNING CANDIDATE s4@group-17EB70022112:t3, leader=null, voted=s4, raftlog=s4@group-17EB70022112-SegmentedRaftLog:OPENED:c-1,f-1,i0, conf=-1: [s3:0.0.0.0:42087, s4:0.0.0.0:33912, s0:0.0.0.0:40055, s1:0.0.0.0:37625, s2:0.0.0.0:37369], old=null RUNNING
  s0:  RUNNING CANDIDATE s0@group-17EB70022112:t4, leader=null, voted=s0, raftlog=s0@group-17EB70022112-SegmentedRaftLog:OPENED:c-1,f-1,i0, conf=-1: [s3:0.0.0.0:42087, s4:0.0.0.0:33912, s0:0.0.0.0:40055, s1:0.0.0.0:37625, s2:0.0.0.0:37369], old=null RUNNING
  s1:  RUNNING CANDIDATE s1@group-17EB70022112:t3, leader=null, voted=s1, raftlog=s1@group-17EB70022112-SegmentedRaftLog:OPENED:c-1,f-1,i0, conf=-1: [s3:0.0.0.0:42087, s4:0.0.0.0:33912, s0:0.0.0.0:40055, s1:0.0.0.0:37625, s2:0.0.0.0:37369], old=null RUNNING
  s2:  RUNNING CANDIDATE s2@group-17EB70022112:t3, leader=null, voted=s2, raftlog=s2@group-17EB70022112-SegmentedRaftLog:OPENED:c-1,f-1,i0, conf=-1: [s3:0.0.0.0:42087, s4:0.0.0.0:33912, s0:0.0.0.0:40055, s1:0.0.0.0:37625, s2:0.0.0.0:37369], old=null RUNNING, sleep 450ms and then retry.
java.lang.IllegalStateException: No leader yet : printing ALL groups
  s3:  RUNNING CANDIDATE s3@group-17EB70022112:t3, leader=null, voted=s3, raftlog=s3@group-17EB70022112-SegmentedRaftLog:OPENED:c-1,f-1,i0, conf=-1: [s3:0.0.0.0:42087, s4:0.0.0.0:33912, s0:0.0.0.0:40055, s1:0.0.0.0:37625, s2:0.0.0.0:37369], old=null RUNNING
  s4:  RUNNING CANDIDATE s4@group-17EB70022112:t3, leader=null, voted=s4, raftlog=s4@group-17EB70022112-SegmentedRaftLog:OPENED:c-1,f-1,i0, conf=-1: [s3:0.0.0.0:42087, s4:0.0.0.0:33912, s0:0.0.0.0:40055, s1:0.0.0.0:37625, s2:0.0.0.0:37369], old=null RUNNING
  s0:  RUNNING CANDIDATE s0@group-17EB70022112:t4, leader=null, voted=s0, raftlog=s0@group-17EB70022112-SegmentedRaftLog:OPENED:c-1,f-1,i0, conf=-1: [s3:0.0.0.0:42087, s4:0.0.0.0:33912, s0:0.0.0.0:40055, s1:0.0.0.0:37625, s2:0.0.0.0:37369], old=null RUNNING
  s1:  RUNNING CANDIDATE s1@group-17EB70022112:t3, leader=null, voted=s1, raftlog=s1@group-17EB70022112-SegmentedRaftLog:OPENED:c-1,f-1,i0, conf=-1: [s3:0.0.0.0:42087, s4:0.0.0.0:33912, s0:0.0.0.0:40055, s1:0.0.0.0:37625, s2:0.0.0.0:37369], old=null RUNNING
  s2:  RUNNING CANDIDATE s2@group-17EB70022112:t3, leader=null, voted=s2, raftlog=s2@group-17EB70022112-SegmentedRaftLog:OPENED:c-1,f-1,i0, conf=-1: [s3:0.0.0.0:42087, s4:0.0.0.0:33912, s0:0.0.0.0:40055, s1:0.0.0.0:37625, s2:0.0.0.0:37369], old=null RUNNING
	at org.apache.ratis.MiniRaftCluster.newIllegalStateExceptionForNoLeaders(MiniRaftCluster.java:506)
	at org.apache.ratis.RaftTestUtil.lambda$waitForLeader$1(RaftTestUtil.java:90)
	at org.apache.ratis.MiniRaftCluster.getLeader(MiniRaftCluster.java:539)
	at org.apache.ratis.MiniRaftCluster.getLeader(MiniRaftCluster.java:532)
	at org.apache.ratis.RaftTestUtil.lambda$waitForLeader$3(RaftTestUtil.java:98)
	at org.apache.ratis.util.JavaUtils.attempt(JavaUtils.java:152)
	at org.apache.ratis.RaftTestUtil.waitForLeader(RaftTestUtil.java:97)
	at org.apache.ratis.RaftTestUtil.waitForLeader(RaftTestUtil.java:77)
	at org.apache.ratis.RaftTestUtil.waitForLeader(RaftTestUtil.java:72)
	at org.apache.ratis.RaftTestUtil.waitAndKillLeader(RaftTestUtil.java:114)
	at org.apache.ratis.server.impl.LeaderElectionTests.testBasicLeaderElection(LeaderElectionTests.java:63)
	at sun.reflect.NativeMethodAccessorImpl.invoke0(Native Method)
	at sun.reflect.NativeMethodAccessorImpl.invoke(NativeMethodAccessorImpl.java:62)
	at sun.reflect.DelegatingMethodAccessorImpl.invoke(DelegatingMethodAccessorImpl.java:43)
	at java.lang.reflect.Method.invoke(Method.java:498)
	at org.junit.runners.model.FrameworkMethod$1.runReflectiveCall(FrameworkMethod.java:50)
	at org.junit.internal.runners.model.ReflectiveCallable.run(ReflectiveCallable.java:12)
	at org.junit.runners.model.FrameworkMethod.invokeExplosively(FrameworkMethod.java:47)
	at org.junit.internal.runners.statements.InvokeMethod.evaluate(InvokeMethod.java:17)
	at org.junit.internal.runners.statements.RunAfters.evaluate(RunAfters.java:27)
	at org.junit.internal.runners.statements.FailOnTimeout$CallableStatement.call(FailOnTimeout.java:298)
	at org.junit.internal.runners.statements.FailOnTimeout$CallableStatement.call(FailOnTimeout.java:292)
	at java.util.concurrent.FutureTask.run(FutureTask.java:266)
	at java.lang.Thread.run(Thread.java:748)
2019-09-24 17:10:54,333 WARN  ratis.RaftTestUtil (JavaUtils.java:attempt(158)) - FAILED "waitForLeader-null-(expectLeader? true)", attempt #75/100: java.lang.IllegalStateException: No leader yet : printing ALL groups
  s3:  RUNNING CANDIDATE s3@group-17EB70022112:t3, leader=null, voted=s3, raftlog=s3@group-17EB70022112-SegmentedRaftLog:OPENED:c-1,f-1,i0, conf=-1: [s3:0.0.0.0:42087, s4:0.0.0.0:33912, s0:0.0.0.0:40055, s1:0.0.0.0:37625, s2:0.0.0.0:37369], old=null RUNNING
  s4:  RUNNING CANDIDATE s4@group-17EB70022112:t3, leader=null, voted=s4, raftlog=s4@group-17EB70022112-SegmentedRaftLog:OPENED:c-1,f-1,i0, conf=-1: [s3:0.0.0.0:42087, s4:0.0.0.0:33912, s0:0.0.0.0:40055, s1:0.0.0.0:37625, s2:0.0.0.0:37369], old=null RUNNING
  s0:  RUNNING CANDIDATE s0@group-17EB70022112:t4, leader=null, voted=s0, raftlog=s0@group-17EB70022112-SegmentedRaftLog:OPENED:c-1,f-1,i0, conf=-1: [s3:0.0.0.0:42087, s4:0.0.0.0:33912, s0:0.0.0.0:40055, s1:0.0.0.0:37625, s2:0.0.0.0:37369], old=null RUNNING
  s1:  RUNNING CANDIDATE s1@group-17EB70022112:t3, leader=null, voted=s1, raftlog=s1@group-17EB70022112-SegmentedRaftLog:OPENED:c-1,f-1,i0, conf=-1: [s3:0.0.0.0:42087, s4:0.0.0.0:33912, s0:0.0.0.0:40055, s1:0.0.0.0:37625, s2:0.0.0.0:37369], old=null RUNNING
  s2:  RUNNING CANDIDATE s2@group-17EB70022112:t3, leader=null, voted=s2, raftlog=s2@group-17EB70022112-SegmentedRaftLog:OPENED:c-1,f-1,i0, conf=-1: [s3:0.0.0.0:42087, s4:0.0.0.0:33912, s0:0.0.0.0:40055, s1:0.0.0.0:37625, s2:0.0.0.0:37369], old=null RUNNING, sleep 450ms and then retry.
java.lang.IllegalStateException: No leader yet : printing ALL groups
  s3:  RUNNING CANDIDATE s3@group-17EB70022112:t3, leader=null, voted=s3, raftlog=s3@group-17EB70022112-SegmentedRaftLog:OPENED:c-1,f-1,i0, conf=-1: [s3:0.0.0.0:42087, s4:0.0.0.0:33912, s0:0.0.0.0:40055, s1:0.0.0.0:37625, s2:0.0.0.0:37369], old=null RUNNING
  s4:  RUNNING CANDIDATE s4@group-17EB70022112:t3, leader=null, voted=s4, raftlog=s4@group-17EB70022112-SegmentedRaftLog:OPENED:c-1,f-1,i0, conf=-1: [s3:0.0.0.0:42087, s4:0.0.0.0:33912, s0:0.0.0.0:40055, s1:0.0.0.0:37625, s2:0.0.0.0:37369], old=null RUNNING
  s0:  RUNNING CANDIDATE s0@group-17EB70022112:t4, leader=null, voted=s0, raftlog=s0@group-17EB70022112-SegmentedRaftLog:OPENED:c-1,f-1,i0, conf=-1: [s3:0.0.0.0:42087, s4:0.0.0.0:33912, s0:0.0.0.0:40055, s1:0.0.0.0:37625, s2:0.0.0.0:37369], old=null RUNNING
  s1:  RUNNING CANDIDATE s1@group-17EB70022112:t3, leader=null, voted=s1, raftlog=s1@group-17EB70022112-SegmentedRaftLog:OPENED:c-1,f-1,i0, conf=-1: [s3:0.0.0.0:42087, s4:0.0.0.0:33912, s0:0.0.0.0:40055, s1:0.0.0.0:37625, s2:0.0.0.0:37369], old=null RUNNING
  s2:  RUNNING CANDIDATE s2@group-17EB70022112:t3, leader=null, voted=s2, raftlog=s2@group-17EB70022112-SegmentedRaftLog:OPENED:c-1,f-1,i0, conf=-1: [s3:0.0.0.0:42087, s4:0.0.0.0:33912, s0:0.0.0.0:40055, s1:0.0.0.0:37625, s2:0.0.0.0:37369], old=null RUNNING
	at org.apache.ratis.MiniRaftCluster.newIllegalStateExceptionForNoLeaders(MiniRaftCluster.java:506)
	at org.apache.ratis.RaftTestUtil.lambda$waitForLeader$1(RaftTestUtil.java:90)
	at org.apache.ratis.MiniRaftCluster.getLeader(MiniRaftCluster.java:539)
	at org.apache.ratis.MiniRaftCluster.getLeader(MiniRaftCluster.java:532)
	at org.apache.ratis.RaftTestUtil.lambda$waitForLeader$3(RaftTestUtil.java:98)
	at org.apache.ratis.util.JavaUtils.attempt(JavaUtils.java:152)
	at org.apache.ratis.RaftTestUtil.waitForLeader(RaftTestUtil.java:97)
	at org.apache.ratis.RaftTestUtil.waitForLeader(RaftTestUtil.java:77)
	at org.apache.ratis.RaftTestUtil.waitForLeader(RaftTestUtil.java:72)
	at org.apache.ratis.RaftTestUtil.waitAndKillLeader(RaftTestUtil.java:114)
	at org.apache.ratis.server.impl.LeaderElectionTests.testBasicLeaderElection(LeaderElectionTests.java:63)
	at sun.reflect.NativeMethodAccessorImpl.invoke0(Native Method)
	at sun.reflect.NativeMethodAccessorImpl.invoke(NativeMethodAccessorImpl.java:62)
	at sun.reflect.DelegatingMethodAccessorImpl.invoke(DelegatingMethodAccessorImpl.java:43)
	at java.lang.reflect.Method.invoke(Method.java:498)
	at org.junit.runners.model.FrameworkMethod$1.runReflectiveCall(FrameworkMethod.java:50)
	at org.junit.internal.runners.model.ReflectiveCallable.run(ReflectiveCallable.java:12)
	at org.junit.runners.model.FrameworkMethod.invokeExplosively(FrameworkMethod.java:47)
	at org.junit.internal.runners.statements.InvokeMethod.evaluate(InvokeMethod.java:17)
	at org.junit.internal.runners.statements.RunAfters.evaluate(RunAfters.java:27)
	at org.junit.internal.runners.statements.FailOnTimeout$CallableStatement.call(FailOnTimeout.java:298)
	at org.junit.internal.runners.statements.FailOnTimeout$CallableStatement.call(FailOnTimeout.java:292)
	at java.util.concurrent.FutureTask.run(FutureTask.java:266)
	at java.lang.Thread.run(Thread.java:748)
2019-09-24 17:10:54,785 WARN  ratis.RaftTestUtil (JavaUtils.java:attempt(158)) - FAILED "waitForLeader-null-(expectLeader? true)", attempt #76/100: java.lang.IllegalStateException: No leader yet : printing ALL groups
  s3:  RUNNING CANDIDATE s3@group-17EB70022112:t3, leader=null, voted=s3, raftlog=s3@group-17EB70022112-SegmentedRaftLog:OPENED:c-1,f-1,i0, conf=-1: [s3:0.0.0.0:42087, s4:0.0.0.0:33912, s0:0.0.0.0:40055, s1:0.0.0.0:37625, s2:0.0.0.0:37369], old=null RUNNING
  s4:  RUNNING CANDIDATE s4@group-17EB70022112:t3, leader=null, voted=s4, raftlog=s4@group-17EB70022112-SegmentedRaftLog:OPENED:c-1,f-1,i0, conf=-1: [s3:0.0.0.0:42087, s4:0.0.0.0:33912, s0:0.0.0.0:40055, s1:0.0.0.0:37625, s2:0.0.0.0:37369], old=null RUNNING
  s0:  RUNNING CANDIDATE s0@group-17EB70022112:t4, leader=null, voted=s0, raftlog=s0@group-17EB70022112-SegmentedRaftLog:OPENED:c-1,f-1,i0, conf=-1: [s3:0.0.0.0:42087, s4:0.0.0.0:33912, s0:0.0.0.0:40055, s1:0.0.0.0:37625, s2:0.0.0.0:37369], old=null RUNNING
  s1:  RUNNING CANDIDATE s1@group-17EB70022112:t3, leader=null, voted=s1, raftlog=s1@group-17EB70022112-SegmentedRaftLog:OPENED:c-1,f-1,i0, conf=-1: [s3:0.0.0.0:42087, s4:0.0.0.0:33912, s0:0.0.0.0:40055, s1:0.0.0.0:37625, s2:0.0.0.0:37369], old=null RUNNING
  s2:  RUNNING CANDIDATE s2@group-17EB70022112:t3, leader=null, voted=s2, raftlog=s2@group-17EB70022112-SegmentedRaftLog:OPENED:c-1,f-1,i0, conf=-1: [s3:0.0.0.0:42087, s4:0.0.0.0:33912, s0:0.0.0.0:40055, s1:0.0.0.0:37625, s2:0.0.0.0:37369], old=null RUNNING, sleep 450ms and then retry.
java.lang.IllegalStateException: No leader yet : printing ALL groups
  s3:  RUNNING CANDIDATE s3@group-17EB70022112:t3, leader=null, voted=s3, raftlog=s3@group-17EB70022112-SegmentedRaftLog:OPENED:c-1,f-1,i0, conf=-1: [s3:0.0.0.0:42087, s4:0.0.0.0:33912, s0:0.0.0.0:40055, s1:0.0.0.0:37625, s2:0.0.0.0:37369], old=null RUNNING
  s4:  RUNNING CANDIDATE s4@group-17EB70022112:t3, leader=null, voted=s4, raftlog=s4@group-17EB70022112-SegmentedRaftLog:OPENED:c-1,f-1,i0, conf=-1: [s3:0.0.0.0:42087, s4:0.0.0.0:33912, s0:0.0.0.0:40055, s1:0.0.0.0:37625, s2:0.0.0.0:37369], old=null RUNNING
  s0:  RUNNING CANDIDATE s0@group-17EB70022112:t4, leader=null, voted=s0, raftlog=s0@group-17EB70022112-SegmentedRaftLog:OPENED:c-1,f-1,i0, conf=-1: [s3:0.0.0.0:42087, s4:0.0.0.0:33912, s0:0.0.0.0:40055, s1:0.0.0.0:37625, s2:0.0.0.0:37369], old=null RUNNING
  s1:  RUNNING CANDIDATE s1@group-17EB70022112:t3, leader=null, voted=s1, raftlog=s1@group-17EB70022112-SegmentedRaftLog:OPENED:c-1,f-1,i0, conf=-1: [s3:0.0.0.0:42087, s4:0.0.0.0:33912, s0:0.0.0.0:40055, s1:0.0.0.0:37625, s2:0.0.0.0:37369], old=null RUNNING
  s2:  RUNNING CANDIDATE s2@group-17EB70022112:t3, leader=null, voted=s2, raftlog=s2@group-17EB70022112-SegmentedRaftLog:OPENED:c-1,f-1,i0, conf=-1: [s3:0.0.0.0:42087, s4:0.0.0.0:33912, s0:0.0.0.0:40055, s1:0.0.0.0:37625, s2:0.0.0.0:37369], old=null RUNNING
	at org.apache.ratis.MiniRaftCluster.newIllegalStateExceptionForNoLeaders(MiniRaftCluster.java:506)
	at org.apache.ratis.RaftTestUtil.lambda$waitForLeader$1(RaftTestUtil.java:90)
	at org.apache.ratis.MiniRaftCluster.getLeader(MiniRaftCluster.java:539)
	at org.apache.ratis.MiniRaftCluster.getLeader(MiniRaftCluster.java:532)
	at org.apache.ratis.RaftTestUtil.lambda$waitForLeader$3(RaftTestUtil.java:98)
	at org.apache.ratis.util.JavaUtils.attempt(JavaUtils.java:152)
	at org.apache.ratis.RaftTestUtil.waitForLeader(RaftTestUtil.java:97)
	at org.apache.ratis.RaftTestUtil.waitForLeader(RaftTestUtil.java:77)
	at org.apache.ratis.RaftTestUtil.waitForLeader(RaftTestUtil.java:72)
	at org.apache.ratis.RaftTestUtil.waitAndKillLeader(RaftTestUtil.java:114)
	at org.apache.ratis.server.impl.LeaderElectionTests.testBasicLeaderElection(LeaderElectionTests.java:63)
	at sun.reflect.NativeMethodAccessorImpl.invoke0(Native Method)
	at sun.reflect.NativeMethodAccessorImpl.invoke(NativeMethodAccessorImpl.java:62)
	at sun.reflect.DelegatingMethodAccessorImpl.invoke(DelegatingMethodAccessorImpl.java:43)
	at java.lang.reflect.Method.invoke(Method.java:498)
	at org.junit.runners.model.FrameworkMethod$1.runReflectiveCall(FrameworkMethod.java:50)
	at org.junit.internal.runners.model.ReflectiveCallable.run(ReflectiveCallable.java:12)
	at org.junit.runners.model.FrameworkMethod.invokeExplosively(FrameworkMethod.java:47)
	at org.junit.internal.runners.statements.InvokeMethod.evaluate(InvokeMethod.java:17)
	at org.junit.internal.runners.statements.RunAfters.evaluate(RunAfters.java:27)
	at org.junit.internal.runners.statements.FailOnTimeout$CallableStatement.call(FailOnTimeout.java:298)
	at org.junit.internal.runners.statements.FailOnTimeout$CallableStatement.call(FailOnTimeout.java:292)
	at java.util.concurrent.FutureTask.run(FutureTask.java:266)
	at java.lang.Thread.run(Thread.java:748)
2019-09-24 17:10:55,237 WARN  ratis.RaftTestUtil (JavaUtils.java:attempt(158)) - FAILED "waitForLeader-null-(expectLeader? true)", attempt #77/100: java.lang.IllegalStateException: No leader yet : printing ALL groups
  s3:  RUNNING CANDIDATE s3@group-17EB70022112:t3, leader=null, voted=s3, raftlog=s3@group-17EB70022112-SegmentedRaftLog:OPENED:c-1,f-1,i0, conf=-1: [s3:0.0.0.0:42087, s4:0.0.0.0:33912, s0:0.0.0.0:40055, s1:0.0.0.0:37625, s2:0.0.0.0:37369], old=null RUNNING
  s4:  RUNNING CANDIDATE s4@group-17EB70022112:t3, leader=null, voted=s4, raftlog=s4@group-17EB70022112-SegmentedRaftLog:OPENED:c-1,f-1,i0, conf=-1: [s3:0.0.0.0:42087, s4:0.0.0.0:33912, s0:0.0.0.0:40055, s1:0.0.0.0:37625, s2:0.0.0.0:37369], old=null RUNNING
  s0:  RUNNING CANDIDATE s0@group-17EB70022112:t4, leader=null, voted=s0, raftlog=s0@group-17EB70022112-SegmentedRaftLog:OPENED:c-1,f-1,i0, conf=-1: [s3:0.0.0.0:42087, s4:0.0.0.0:33912, s0:0.0.0.0:40055, s1:0.0.0.0:37625, s2:0.0.0.0:37369], old=null RUNNING
  s1:  RUNNING CANDIDATE s1@group-17EB70022112:t3, leader=null, voted=s1, raftlog=s1@group-17EB70022112-SegmentedRaftLog:OPENED:c-1,f-1,i0, conf=-1: [s3:0.0.0.0:42087, s4:0.0.0.0:33912, s0:0.0.0.0:40055, s1:0.0.0.0:37625, s2:0.0.0.0:37369], old=null RUNNING
  s2:  RUNNING CANDIDATE s2@group-17EB70022112:t3, leader=null, voted=s2, raftlog=s2@group-17EB70022112-SegmentedRaftLog:OPENED:c-1,f-1,i0, conf=-1: [s3:0.0.0.0:42087, s4:0.0.0.0:33912, s0:0.0.0.0:40055, s1:0.0.0.0:37625, s2:0.0.0.0:37369], old=null RUNNING, sleep 450ms and then retry.
java.lang.IllegalStateException: No leader yet : printing ALL groups
  s3:  RUNNING CANDIDATE s3@group-17EB70022112:t3, leader=null, voted=s3, raftlog=s3@group-17EB70022112-SegmentedRaftLog:OPENED:c-1,f-1,i0, conf=-1: [s3:0.0.0.0:42087, s4:0.0.0.0:33912, s0:0.0.0.0:40055, s1:0.0.0.0:37625, s2:0.0.0.0:37369], old=null RUNNING
  s4:  RUNNING CANDIDATE s4@group-17EB70022112:t3, leader=null, voted=s4, raftlog=s4@group-17EB70022112-SegmentedRaftLog:OPENED:c-1,f-1,i0, conf=-1: [s3:0.0.0.0:42087, s4:0.0.0.0:33912, s0:0.0.0.0:40055, s1:0.0.0.0:37625, s2:0.0.0.0:37369], old=null RUNNING
  s0:  RUNNING CANDIDATE s0@group-17EB70022112:t4, leader=null, voted=s0, raftlog=s0@group-17EB70022112-SegmentedRaftLog:OPENED:c-1,f-1,i0, conf=-1: [s3:0.0.0.0:42087, s4:0.0.0.0:33912, s0:0.0.0.0:40055, s1:0.0.0.0:37625, s2:0.0.0.0:37369], old=null RUNNING
  s1:  RUNNING CANDIDATE s1@group-17EB70022112:t3, leader=null, voted=s1, raftlog=s1@group-17EB70022112-SegmentedRaftLog:OPENED:c-1,f-1,i0, conf=-1: [s3:0.0.0.0:42087, s4:0.0.0.0:33912, s0:0.0.0.0:40055, s1:0.0.0.0:37625, s2:0.0.0.0:37369], old=null RUNNING
  s2:  RUNNING CANDIDATE s2@group-17EB70022112:t3, leader=null, voted=s2, raftlog=s2@group-17EB70022112-SegmentedRaftLog:OPENED:c-1,f-1,i0, conf=-1: [s3:0.0.0.0:42087, s4:0.0.0.0:33912, s0:0.0.0.0:40055, s1:0.0.0.0:37625, s2:0.0.0.0:37369], old=null RUNNING
	at org.apache.ratis.MiniRaftCluster.newIllegalStateExceptionForNoLeaders(MiniRaftCluster.java:506)
	at org.apache.ratis.RaftTestUtil.lambda$waitForLeader$1(RaftTestUtil.java:90)
	at org.apache.ratis.MiniRaftCluster.getLeader(MiniRaftCluster.java:539)
	at org.apache.ratis.MiniRaftCluster.getLeader(MiniRaftCluster.java:532)
	at org.apache.ratis.RaftTestUtil.lambda$waitForLeader$3(RaftTestUtil.java:98)
	at org.apache.ratis.util.JavaUtils.attempt(JavaUtils.java:152)
	at org.apache.ratis.RaftTestUtil.waitForLeader(RaftTestUtil.java:97)
	at org.apache.ratis.RaftTestUtil.waitForLeader(RaftTestUtil.java:77)
	at org.apache.ratis.RaftTestUtil.waitForLeader(RaftTestUtil.java:72)
	at org.apache.ratis.RaftTestUtil.waitAndKillLeader(RaftTestUtil.java:114)
	at org.apache.ratis.server.impl.LeaderElectionTests.testBasicLeaderElection(LeaderElectionTests.java:63)
	at sun.reflect.NativeMethodAccessorImpl.invoke0(Native Method)
	at sun.reflect.NativeMethodAccessorImpl.invoke(NativeMethodAccessorImpl.java:62)
	at sun.reflect.DelegatingMethodAccessorImpl.invoke(DelegatingMethodAccessorImpl.java:43)
	at java.lang.reflect.Method.invoke(Method.java:498)
	at org.junit.runners.model.FrameworkMethod$1.runReflectiveCall(FrameworkMethod.java:50)
	at org.junit.internal.runners.model.ReflectiveCallable.run(ReflectiveCallable.java:12)
	at org.junit.runners.model.FrameworkMethod.invokeExplosively(FrameworkMethod.java:47)
	at org.junit.internal.runners.statements.InvokeMethod.evaluate(InvokeMethod.java:17)
	at org.junit.internal.runners.statements.RunAfters.evaluate(RunAfters.java:27)
	at org.junit.internal.runners.statements.FailOnTimeout$CallableStatement.call(FailOnTimeout.java:298)
	at org.junit.internal.runners.statements.FailOnTimeout$CallableStatement.call(FailOnTimeout.java:292)
	at java.util.concurrent.FutureTask.run(FutureTask.java:266)
	at java.lang.Thread.run(Thread.java:748)
2019-09-24 17:10:55,688 WARN  ratis.RaftTestUtil (JavaUtils.java:attempt(158)) - FAILED "waitForLeader-null-(expectLeader? true)", attempt #78/100: java.lang.IllegalStateException: No leader yet : printing ALL groups
  s3:  RUNNING CANDIDATE s3@group-17EB70022112:t3, leader=null, voted=s3, raftlog=s3@group-17EB70022112-SegmentedRaftLog:OPENED:c-1,f-1,i0, conf=-1: [s3:0.0.0.0:42087, s4:0.0.0.0:33912, s0:0.0.0.0:40055, s1:0.0.0.0:37625, s2:0.0.0.0:37369], old=null RUNNING
  s4:  RUNNING CANDIDATE s4@group-17EB70022112:t3, leader=null, voted=s4, raftlog=s4@group-17EB70022112-SegmentedRaftLog:OPENED:c-1,f-1,i0, conf=-1: [s3:0.0.0.0:42087, s4:0.0.0.0:33912, s0:0.0.0.0:40055, s1:0.0.0.0:37625, s2:0.0.0.0:37369], old=null RUNNING
  s0:  RUNNING CANDIDATE s0@group-17EB70022112:t4, leader=null, voted=s0, raftlog=s0@group-17EB70022112-SegmentedRaftLog:OPENED:c-1,f-1,i0, conf=-1: [s3:0.0.0.0:42087, s4:0.0.0.0:33912, s0:0.0.0.0:40055, s1:0.0.0.0:37625, s2:0.0.0.0:37369], old=null RUNNING
  s1:  RUNNING CANDIDATE s1@group-17EB70022112:t3, leader=null, voted=s1, raftlog=s1@group-17EB70022112-SegmentedRaftLog:OPENED:c-1,f-1,i0, conf=-1: [s3:0.0.0.0:42087, s4:0.0.0.0:33912, s0:0.0.0.0:40055, s1:0.0.0.0:37625, s2:0.0.0.0:37369], old=null RUNNING
  s2:  RUNNING CANDIDATE s2@group-17EB70022112:t3, leader=null, voted=s2, raftlog=s2@group-17EB70022112-SegmentedRaftLog:OPENED:c-1,f-1,i0, conf=-1: [s3:0.0.0.0:42087, s4:0.0.0.0:33912, s0:0.0.0.0:40055, s1:0.0.0.0:37625, s2:0.0.0.0:37369], old=null RUNNING, sleep 450ms and then retry.
java.lang.IllegalStateException: No leader yet : printing ALL groups
  s3:  RUNNING CANDIDATE s3@group-17EB70022112:t3, leader=null, voted=s3, raftlog=s3@group-17EB70022112-SegmentedRaftLog:OPENED:c-1,f-1,i0, conf=-1: [s3:0.0.0.0:42087, s4:0.0.0.0:33912, s0:0.0.0.0:40055, s1:0.0.0.0:37625, s2:0.0.0.0:37369], old=null RUNNING
  s4:  RUNNING CANDIDATE s4@group-17EB70022112:t3, leader=null, voted=s4, raftlog=s4@group-17EB70022112-SegmentedRaftLog:OPENED:c-1,f-1,i0, conf=-1: [s3:0.0.0.0:42087, s4:0.0.0.0:33912, s0:0.0.0.0:40055, s1:0.0.0.0:37625, s2:0.0.0.0:37369], old=null RUNNING
  s0:  RUNNING CANDIDATE s0@group-17EB70022112:t4, leader=null, voted=s0, raftlog=s0@group-17EB70022112-SegmentedRaftLog:OPENED:c-1,f-1,i0, conf=-1: [s3:0.0.0.0:42087, s4:0.0.0.0:33912, s0:0.0.0.0:40055, s1:0.0.0.0:37625, s2:0.0.0.0:37369], old=null RUNNING
  s1:  RUNNING CANDIDATE s1@group-17EB70022112:t3, leader=null, voted=s1, raftlog=s1@group-17EB70022112-SegmentedRaftLog:OPENED:c-1,f-1,i0, conf=-1: [s3:0.0.0.0:42087, s4:0.0.0.0:33912, s0:0.0.0.0:40055, s1:0.0.0.0:37625, s2:0.0.0.0:37369], old=null RUNNING
  s2:  RUNNING CANDIDATE s2@group-17EB70022112:t3, leader=null, voted=s2, raftlog=s2@group-17EB70022112-SegmentedRaftLog:OPENED:c-1,f-1,i0, conf=-1: [s3:0.0.0.0:42087, s4:0.0.0.0:33912, s0:0.0.0.0:40055, s1:0.0.0.0:37625, s2:0.0.0.0:37369], old=null RUNNING
	at org.apache.ratis.MiniRaftCluster.newIllegalStateExceptionForNoLeaders(MiniRaftCluster.java:506)
	at org.apache.ratis.RaftTestUtil.lambda$waitForLeader$1(RaftTestUtil.java:90)
	at org.apache.ratis.MiniRaftCluster.getLeader(MiniRaftCluster.java:539)
	at org.apache.ratis.MiniRaftCluster.getLeader(MiniRaftCluster.java:532)
	at org.apache.ratis.RaftTestUtil.lambda$waitForLeader$3(RaftTestUtil.java:98)
	at org.apache.ratis.util.JavaUtils.attempt(JavaUtils.java:152)
	at org.apache.ratis.RaftTestUtil.waitForLeader(RaftTestUtil.java:97)
	at org.apache.ratis.RaftTestUtil.waitForLeader(RaftTestUtil.java:77)
	at org.apache.ratis.RaftTestUtil.waitForLeader(RaftTestUtil.java:72)
	at org.apache.ratis.RaftTestUtil.waitAndKillLeader(RaftTestUtil.java:114)
	at org.apache.ratis.server.impl.LeaderElectionTests.testBasicLeaderElection(LeaderElectionTests.java:63)
	at sun.reflect.NativeMethodAccessorImpl.invoke0(Native Method)
	at sun.reflect.NativeMethodAccessorImpl.invoke(NativeMethodAccessorImpl.java:62)
	at sun.reflect.DelegatingMethodAccessorImpl.invoke(DelegatingMethodAccessorImpl.java:43)
	at java.lang.reflect.Method.invoke(Method.java:498)
	at org.junit.runners.model.FrameworkMethod$1.runReflectiveCall(FrameworkMethod.java:50)
	at org.junit.internal.runners.model.ReflectiveCallable.run(ReflectiveCallable.java:12)
	at org.junit.runners.model.FrameworkMethod.invokeExplosively(FrameworkMethod.java:47)
	at org.junit.internal.runners.statements.InvokeMethod.evaluate(InvokeMethod.java:17)
	at org.junit.internal.runners.statements.RunAfters.evaluate(RunAfters.java:27)
	at org.junit.internal.runners.statements.FailOnTimeout$CallableStatement.call(FailOnTimeout.java:298)
	at org.junit.internal.runners.statements.FailOnTimeout$CallableStatement.call(FailOnTimeout.java:292)
	at java.util.concurrent.FutureTask.run(FutureTask.java:266)
	at java.lang.Thread.run(Thread.java:748)
2019-09-24 17:10:56,140 WARN  ratis.RaftTestUtil (JavaUtils.java:attempt(158)) - FAILED "waitForLeader-null-(expectLeader? true)", attempt #79/100: java.lang.IllegalStateException: No leader yet : printing ALL groups
  s3:  RUNNING CANDIDATE s3@group-17EB70022112:t3, leader=null, voted=s3, raftlog=s3@group-17EB70022112-SegmentedRaftLog:OPENED:c-1,f-1,i0, conf=-1: [s3:0.0.0.0:42087, s4:0.0.0.0:33912, s0:0.0.0.0:40055, s1:0.0.0.0:37625, s2:0.0.0.0:37369], old=null RUNNING
  s4:  RUNNING CANDIDATE s4@group-17EB70022112:t3, leader=null, voted=s4, raftlog=s4@group-17EB70022112-SegmentedRaftLog:OPENED:c-1,f-1,i0, conf=-1: [s3:0.0.0.0:42087, s4:0.0.0.0:33912, s0:0.0.0.0:40055, s1:0.0.0.0:37625, s2:0.0.0.0:37369], old=null RUNNING
  s0:  RUNNING CANDIDATE s0@group-17EB70022112:t4, leader=null, voted=s0, raftlog=s0@group-17EB70022112-SegmentedRaftLog:OPENED:c-1,f-1,i0, conf=-1: [s3:0.0.0.0:42087, s4:0.0.0.0:33912, s0:0.0.0.0:40055, s1:0.0.0.0:37625, s2:0.0.0.0:37369], old=null RUNNING
  s1:  RUNNING CANDIDATE s1@group-17EB70022112:t3, leader=null, voted=s1, raftlog=s1@group-17EB70022112-SegmentedRaftLog:OPENED:c-1,f-1,i0, conf=-1: [s3:0.0.0.0:42087, s4:0.0.0.0:33912, s0:0.0.0.0:40055, s1:0.0.0.0:37625, s2:0.0.0.0:37369], old=null RUNNING
  s2:  RUNNING CANDIDATE s2@group-17EB70022112:t3, leader=null, voted=s2, raftlog=s2@group-17EB70022112-SegmentedRaftLog:OPENED:c-1,f-1,i0, conf=-1: [s3:0.0.0.0:42087, s4:0.0.0.0:33912, s0:0.0.0.0:40055, s1:0.0.0.0:37625, s2:0.0.0.0:37369], old=null RUNNING, sleep 450ms and then retry.
java.lang.IllegalStateException: No leader yet : printing ALL groups
  s3:  RUNNING CANDIDATE s3@group-17EB70022112:t3, leader=null, voted=s3, raftlog=s3@group-17EB70022112-SegmentedRaftLog:OPENED:c-1,f-1,i0, conf=-1: [s3:0.0.0.0:42087, s4:0.0.0.0:33912, s0:0.0.0.0:40055, s1:0.0.0.0:37625, s2:0.0.0.0:37369], old=null RUNNING
  s4:  RUNNING CANDIDATE s4@group-17EB70022112:t3, leader=null, voted=s4, raftlog=s4@group-17EB70022112-SegmentedRaftLog:OPENED:c-1,f-1,i0, conf=-1: [s3:0.0.0.0:42087, s4:0.0.0.0:33912, s0:0.0.0.0:40055, s1:0.0.0.0:37625, s2:0.0.0.0:37369], old=null RUNNING
  s0:  RUNNING CANDIDATE s0@group-17EB70022112:t4, leader=null, voted=s0, raftlog=s0@group-17EB70022112-SegmentedRaftLog:OPENED:c-1,f-1,i0, conf=-1: [s3:0.0.0.0:42087, s4:0.0.0.0:33912, s0:0.0.0.0:40055, s1:0.0.0.0:37625, s2:0.0.0.0:37369], old=null RUNNING
  s1:  RUNNING CANDIDATE s1@group-17EB70022112:t3, leader=null, voted=s1, raftlog=s1@group-17EB70022112-SegmentedRaftLog:OPENED:c-1,f-1,i0, conf=-1: [s3:0.0.0.0:42087, s4:0.0.0.0:33912, s0:0.0.0.0:40055, s1:0.0.0.0:37625, s2:0.0.0.0:37369], old=null RUNNING
  s2:  RUNNING CANDIDATE s2@group-17EB70022112:t3, leader=null, voted=s2, raftlog=s2@group-17EB70022112-SegmentedRaftLog:OPENED:c-1,f-1,i0, conf=-1: [s3:0.0.0.0:42087, s4:0.0.0.0:33912, s0:0.0.0.0:40055, s1:0.0.0.0:37625, s2:0.0.0.0:37369], old=null RUNNING
	at org.apache.ratis.MiniRaftCluster.newIllegalStateExceptionForNoLeaders(MiniRaftCluster.java:506)
	at org.apache.ratis.RaftTestUtil.lambda$waitForLeader$1(RaftTestUtil.java:90)
	at org.apache.ratis.MiniRaftCluster.getLeader(MiniRaftCluster.java:539)
	at org.apache.ratis.MiniRaftCluster.getLeader(MiniRaftCluster.java:532)
	at org.apache.ratis.RaftTestUtil.lambda$waitForLeader$3(RaftTestUtil.java:98)
	at org.apache.ratis.util.JavaUtils.attempt(JavaUtils.java:152)
	at org.apache.ratis.RaftTestUtil.waitForLeader(RaftTestUtil.java:97)
	at org.apache.ratis.RaftTestUtil.waitForLeader(RaftTestUtil.java:77)
	at org.apache.ratis.RaftTestUtil.waitForLeader(RaftTestUtil.java:72)
	at org.apache.ratis.RaftTestUtil.waitAndKillLeader(RaftTestUtil.java:114)
	at org.apache.ratis.server.impl.LeaderElectionTests.testBasicLeaderElection(LeaderElectionTests.java:63)
	at sun.reflect.NativeMethodAccessorImpl.invoke0(Native Method)
	at sun.reflect.NativeMethodAccessorImpl.invoke(NativeMethodAccessorImpl.java:62)
	at sun.reflect.DelegatingMethodAccessorImpl.invoke(DelegatingMethodAccessorImpl.java:43)
	at java.lang.reflect.Method.invoke(Method.java:498)
	at org.junit.runners.model.FrameworkMethod$1.runReflectiveCall(FrameworkMethod.java:50)
	at org.junit.internal.runners.model.ReflectiveCallable.run(ReflectiveCallable.java:12)
	at org.junit.runners.model.FrameworkMethod.invokeExplosively(FrameworkMethod.java:47)
	at org.junit.internal.runners.statements.InvokeMethod.evaluate(InvokeMethod.java:17)
	at org.junit.internal.runners.statements.RunAfters.evaluate(RunAfters.java:27)
	at org.junit.internal.runners.statements.FailOnTimeout$CallableStatement.call(FailOnTimeout.java:298)
	at org.junit.internal.runners.statements.FailOnTimeout$CallableStatement.call(FailOnTimeout.java:292)
	at java.util.concurrent.FutureTask.run(FutureTask.java:266)
	at java.lang.Thread.run(Thread.java:748)
2019-09-24 17:10:56,591 WARN  ratis.RaftTestUtil (JavaUtils.java:attempt(158)) - FAILED "waitForLeader-null-(expectLeader? true)", attempt #80/100: java.lang.IllegalStateException: No leader yet : printing ALL groups
  s3:  RUNNING CANDIDATE s3@group-17EB70022112:t3, leader=null, voted=s3, raftlog=s3@group-17EB70022112-SegmentedRaftLog:OPENED:c-1,f-1,i0, conf=-1: [s3:0.0.0.0:42087, s4:0.0.0.0:33912, s0:0.0.0.0:40055, s1:0.0.0.0:37625, s2:0.0.0.0:37369], old=null RUNNING
  s4:  RUNNING CANDIDATE s4@group-17EB70022112:t3, leader=null, voted=s4, raftlog=s4@group-17EB70022112-SegmentedRaftLog:OPENED:c-1,f-1,i0, conf=-1: [s3:0.0.0.0:42087, s4:0.0.0.0:33912, s0:0.0.0.0:40055, s1:0.0.0.0:37625, s2:0.0.0.0:37369], old=null RUNNING
  s0:  RUNNING CANDIDATE s0@group-17EB70022112:t4, leader=null, voted=s0, raftlog=s0@group-17EB70022112-SegmentedRaftLog:OPENED:c-1,f-1,i0, conf=-1: [s3:0.0.0.0:42087, s4:0.0.0.0:33912, s0:0.0.0.0:40055, s1:0.0.0.0:37625, s2:0.0.0.0:37369], old=null RUNNING
  s1:  RUNNING CANDIDATE s1@group-17EB70022112:t3, leader=null, voted=s1, raftlog=s1@group-17EB70022112-SegmentedRaftLog:OPENED:c-1,f-1,i0, conf=-1: [s3:0.0.0.0:42087, s4:0.0.0.0:33912, s0:0.0.0.0:40055, s1:0.0.0.0:37625, s2:0.0.0.0:37369], old=null RUNNING
  s2:  RUNNING CANDIDATE s2@group-17EB70022112:t3, leader=null, voted=s2, raftlog=s2@group-17EB70022112-SegmentedRaftLog:OPENED:c-1,f-1,i0, conf=-1: [s3:0.0.0.0:42087, s4:0.0.0.0:33912, s0:0.0.0.0:40055, s1:0.0.0.0:37625, s2:0.0.0.0:37369], old=null RUNNING, sleep 450ms and then retry.
java.lang.IllegalStateException: No leader yet : printing ALL groups
  s3:  RUNNING CANDIDATE s3@group-17EB70022112:t3, leader=null, voted=s3, raftlog=s3@group-17EB70022112-SegmentedRaftLog:OPENED:c-1,f-1,i0, conf=-1: [s3:0.0.0.0:42087, s4:0.0.0.0:33912, s0:0.0.0.0:40055, s1:0.0.0.0:37625, s2:0.0.0.0:37369], old=null RUNNING
  s4:  RUNNING CANDIDATE s4@group-17EB70022112:t3, leader=null, voted=s4, raftlog=s4@group-17EB70022112-SegmentedRaftLog:OPENED:c-1,f-1,i0, conf=-1: [s3:0.0.0.0:42087, s4:0.0.0.0:33912, s0:0.0.0.0:40055, s1:0.0.0.0:37625, s2:0.0.0.0:37369], old=null RUNNING
  s0:  RUNNING CANDIDATE s0@group-17EB70022112:t4, leader=null, voted=s0, raftlog=s0@group-17EB70022112-SegmentedRaftLog:OPENED:c-1,f-1,i0, conf=-1: [s3:0.0.0.0:42087, s4:0.0.0.0:33912, s0:0.0.0.0:40055, s1:0.0.0.0:37625, s2:0.0.0.0:37369], old=null RUNNING
  s1:  RUNNING CANDIDATE s1@group-17EB70022112:t3, leader=null, voted=s1, raftlog=s1@group-17EB70022112-SegmentedRaftLog:OPENED:c-1,f-1,i0, conf=-1: [s3:0.0.0.0:42087, s4:0.0.0.0:33912, s0:0.0.0.0:40055, s1:0.0.0.0:37625, s2:0.0.0.0:37369], old=null RUNNING
  s2:  RUNNING CANDIDATE s2@group-17EB70022112:t3, leader=null, voted=s2, raftlog=s2@group-17EB70022112-SegmentedRaftLog:OPENED:c-1,f-1,i0, conf=-1: [s3:0.0.0.0:42087, s4:0.0.0.0:33912, s0:0.0.0.0:40055, s1:0.0.0.0:37625, s2:0.0.0.0:37369], old=null RUNNING
	at org.apache.ratis.MiniRaftCluster.newIllegalStateExceptionForNoLeaders(MiniRaftCluster.java:506)
	at org.apache.ratis.RaftTestUtil.lambda$waitForLeader$1(RaftTestUtil.java:90)
	at org.apache.ratis.MiniRaftCluster.getLeader(MiniRaftCluster.java:539)
	at org.apache.ratis.MiniRaftCluster.getLeader(MiniRaftCluster.java:532)
	at org.apache.ratis.RaftTestUtil.lambda$waitForLeader$3(RaftTestUtil.java:98)
	at org.apache.ratis.util.JavaUtils.attempt(JavaUtils.java:152)
	at org.apache.ratis.RaftTestUtil.waitForLeader(RaftTestUtil.java:97)
	at org.apache.ratis.RaftTestUtil.waitForLeader(RaftTestUtil.java:77)
	at org.apache.ratis.RaftTestUtil.waitForLeader(RaftTestUtil.java:72)
	at org.apache.ratis.RaftTestUtil.waitAndKillLeader(RaftTestUtil.java:114)
	at org.apache.ratis.server.impl.LeaderElectionTests.testBasicLeaderElection(LeaderElectionTests.java:63)
	at sun.reflect.NativeMethodAccessorImpl.invoke0(Native Method)
	at sun.reflect.NativeMethodAccessorImpl.invoke(NativeMethodAccessorImpl.java:62)
	at sun.reflect.DelegatingMethodAccessorImpl.invoke(DelegatingMethodAccessorImpl.java:43)
	at java.lang.reflect.Method.invoke(Method.java:498)
	at org.junit.runners.model.FrameworkMethod$1.runReflectiveCall(FrameworkMethod.java:50)
	at org.junit.internal.runners.model.ReflectiveCallable.run(ReflectiveCallable.java:12)
	at org.junit.runners.model.FrameworkMethod.invokeExplosively(FrameworkMethod.java:47)
	at org.junit.internal.runners.statements.InvokeMethod.evaluate(InvokeMethod.java:17)
	at org.junit.internal.runners.statements.RunAfters.evaluate(RunAfters.java:27)
	at org.junit.internal.runners.statements.FailOnTimeout$CallableStatement.call(FailOnTimeout.java:298)
	at org.junit.internal.runners.statements.FailOnTimeout$CallableStatement.call(FailOnTimeout.java:292)
	at java.util.concurrent.FutureTask.run(FutureTask.java:266)
	at java.lang.Thread.run(Thread.java:748)
2019-09-24 17:10:57,043 WARN  ratis.RaftTestUtil (JavaUtils.java:attempt(158)) - FAILED "waitForLeader-null-(expectLeader? true)", attempt #81/100: java.lang.IllegalStateException: No leader yet : printing ALL groups
  s3:  RUNNING CANDIDATE s3@group-17EB70022112:t3, leader=null, voted=s3, raftlog=s3@group-17EB70022112-SegmentedRaftLog:OPENED:c-1,f-1,i0, conf=-1: [s3:0.0.0.0:42087, s4:0.0.0.0:33912, s0:0.0.0.0:40055, s1:0.0.0.0:37625, s2:0.0.0.0:37369], old=null RUNNING
  s4:  RUNNING CANDIDATE s4@group-17EB70022112:t3, leader=null, voted=s4, raftlog=s4@group-17EB70022112-SegmentedRaftLog:OPENED:c-1,f-1,i0, conf=-1: [s3:0.0.0.0:42087, s4:0.0.0.0:33912, s0:0.0.0.0:40055, s1:0.0.0.0:37625, s2:0.0.0.0:37369], old=null RUNNING
  s0:  RUNNING CANDIDATE s0@group-17EB70022112:t4, leader=null, voted=s0, raftlog=s0@group-17EB70022112-SegmentedRaftLog:OPENED:c-1,f-1,i0, conf=-1: [s3:0.0.0.0:42087, s4:0.0.0.0:33912, s0:0.0.0.0:40055, s1:0.0.0.0:37625, s2:0.0.0.0:37369], old=null RUNNING
  s1:  RUNNING CANDIDATE s1@group-17EB70022112:t3, leader=null, voted=s1, raftlog=s1@group-17EB70022112-SegmentedRaftLog:OPENED:c-1,f-1,i0, conf=-1: [s3:0.0.0.0:42087, s4:0.0.0.0:33912, s0:0.0.0.0:40055, s1:0.0.0.0:37625, s2:0.0.0.0:37369], old=null RUNNING
  s2:  RUNNING CANDIDATE s2@group-17EB70022112:t3, leader=null, voted=s2, raftlog=s2@group-17EB70022112-SegmentedRaftLog:OPENED:c-1,f-1,i0, conf=-1: [s3:0.0.0.0:42087, s4:0.0.0.0:33912, s0:0.0.0.0:40055, s1:0.0.0.0:37625, s2:0.0.0.0:37369], old=null RUNNING, sleep 450ms and then retry.
java.lang.IllegalStateException: No leader yet : printing ALL groups
  s3:  RUNNING CANDIDATE s3@group-17EB70022112:t3, leader=null, voted=s3, raftlog=s3@group-17EB70022112-SegmentedRaftLog:OPENED:c-1,f-1,i0, conf=-1: [s3:0.0.0.0:42087, s4:0.0.0.0:33912, s0:0.0.0.0:40055, s1:0.0.0.0:37625, s2:0.0.0.0:37369], old=null RUNNING
  s4:  RUNNING CANDIDATE s4@group-17EB70022112:t3, leader=null, voted=s4, raftlog=s4@group-17EB70022112-SegmentedRaftLog:OPENED:c-1,f-1,i0, conf=-1: [s3:0.0.0.0:42087, s4:0.0.0.0:33912, s0:0.0.0.0:40055, s1:0.0.0.0:37625, s2:0.0.0.0:37369], old=null RUNNING
  s0:  RUNNING CANDIDATE s0@group-17EB70022112:t4, leader=null, voted=s0, raftlog=s0@group-17EB70022112-SegmentedRaftLog:OPENED:c-1,f-1,i0, conf=-1: [s3:0.0.0.0:42087, s4:0.0.0.0:33912, s0:0.0.0.0:40055, s1:0.0.0.0:37625, s2:0.0.0.0:37369], old=null RUNNING
  s1:  RUNNING CANDIDATE s1@group-17EB70022112:t3, leader=null, voted=s1, raftlog=s1@group-17EB70022112-SegmentedRaftLog:OPENED:c-1,f-1,i0, conf=-1: [s3:0.0.0.0:42087, s4:0.0.0.0:33912, s0:0.0.0.0:40055, s1:0.0.0.0:37625, s2:0.0.0.0:37369], old=null RUNNING
  s2:  RUNNING CANDIDATE s2@group-17EB70022112:t3, leader=null, voted=s2, raftlog=s2@group-17EB70022112-SegmentedRaftLog:OPENED:c-1,f-1,i0, conf=-1: [s3:0.0.0.0:42087, s4:0.0.0.0:33912, s0:0.0.0.0:40055, s1:0.0.0.0:37625, s2:0.0.0.0:37369], old=null RUNNING
	at org.apache.ratis.MiniRaftCluster.newIllegalStateExceptionForNoLeaders(MiniRaftCluster.java:506)
	at org.apache.ratis.RaftTestUtil.lambda$waitForLeader$1(RaftTestUtil.java:90)
	at org.apache.ratis.MiniRaftCluster.getLeader(MiniRaftCluster.java:539)
	at org.apache.ratis.MiniRaftCluster.getLeader(MiniRaftCluster.java:532)
	at org.apache.ratis.RaftTestUtil.lambda$waitForLeader$3(RaftTestUtil.java:98)
	at org.apache.ratis.util.JavaUtils.attempt(JavaUtils.java:152)
	at org.apache.ratis.RaftTestUtil.waitForLeader(RaftTestUtil.java:97)
	at org.apache.ratis.RaftTestUtil.waitForLeader(RaftTestUtil.java:77)
	at org.apache.ratis.RaftTestUtil.waitForLeader(RaftTestUtil.java:72)
	at org.apache.ratis.RaftTestUtil.waitAndKillLeader(RaftTestUtil.java:114)
	at org.apache.ratis.server.impl.LeaderElectionTests.testBasicLeaderElection(LeaderElectionTests.java:63)
	at sun.reflect.NativeMethodAccessorImpl.invoke0(Native Method)
	at sun.reflect.NativeMethodAccessorImpl.invoke(NativeMethodAccessorImpl.java:62)
	at sun.reflect.DelegatingMethodAccessorImpl.invoke(DelegatingMethodAccessorImpl.java:43)
	at java.lang.reflect.Method.invoke(Method.java:498)
	at org.junit.runners.model.FrameworkMethod$1.runReflectiveCall(FrameworkMethod.java:50)
	at org.junit.internal.runners.model.ReflectiveCallable.run(ReflectiveCallable.java:12)
	at org.junit.runners.model.FrameworkMethod.invokeExplosively(FrameworkMethod.java:47)
	at org.junit.internal.runners.statements.InvokeMethod.evaluate(InvokeMethod.java:17)
	at org.junit.internal.runners.statements.RunAfters.evaluate(RunAfters.java:27)
	at org.junit.internal.runners.statements.FailOnTimeout$CallableStatement.call(FailOnTimeout.java:298)
	at org.junit.internal.runners.statements.FailOnTimeout$CallableStatement.call(FailOnTimeout.java:292)
	at java.util.concurrent.FutureTask.run(FutureTask.java:266)
	at java.lang.Thread.run(Thread.java:748)
2019-09-24 17:10:57,494 WARN  ratis.RaftTestUtil (JavaUtils.java:attempt(158)) - FAILED "waitForLeader-null-(expectLeader? true)", attempt #82/100: java.lang.IllegalStateException: No leader yet : printing ALL groups
  s3:  RUNNING CANDIDATE s3@group-17EB70022112:t3, leader=null, voted=s3, raftlog=s3@group-17EB70022112-SegmentedRaftLog:OPENED:c-1,f-1,i0, conf=-1: [s3:0.0.0.0:42087, s4:0.0.0.0:33912, s0:0.0.0.0:40055, s1:0.0.0.0:37625, s2:0.0.0.0:37369], old=null RUNNING
  s4:  RUNNING CANDIDATE s4@group-17EB70022112:t3, leader=null, voted=s4, raftlog=s4@group-17EB70022112-SegmentedRaftLog:OPENED:c-1,f-1,i0, conf=-1: [s3:0.0.0.0:42087, s4:0.0.0.0:33912, s0:0.0.0.0:40055, s1:0.0.0.0:37625, s2:0.0.0.0:37369], old=null RUNNING
  s0:  RUNNING CANDIDATE s0@group-17EB70022112:t4, leader=null, voted=s0, raftlog=s0@group-17EB70022112-SegmentedRaftLog:OPENED:c-1,f-1,i0, conf=-1: [s3:0.0.0.0:42087, s4:0.0.0.0:33912, s0:0.0.0.0:40055, s1:0.0.0.0:37625, s2:0.0.0.0:37369], old=null RUNNING
  s1:  RUNNING CANDIDATE s1@group-17EB70022112:t3, leader=null, voted=s1, raftlog=s1@group-17EB70022112-SegmentedRaftLog:OPENED:c-1,f-1,i0, conf=-1: [s3:0.0.0.0:42087, s4:0.0.0.0:33912, s0:0.0.0.0:40055, s1:0.0.0.0:37625, s2:0.0.0.0:37369], old=null RUNNING
  s2:  RUNNING CANDIDATE s2@group-17EB70022112:t3, leader=null, voted=s2, raftlog=s2@group-17EB70022112-SegmentedRaftLog:OPENED:c-1,f-1,i0, conf=-1: [s3:0.0.0.0:42087, s4:0.0.0.0:33912, s0:0.0.0.0:40055, s1:0.0.0.0:37625, s2:0.0.0.0:37369], old=null RUNNING, sleep 450ms and then retry.
java.lang.IllegalStateException: No leader yet : printing ALL groups
  s3:  RUNNING CANDIDATE s3@group-17EB70022112:t3, leader=null, voted=s3, raftlog=s3@group-17EB70022112-SegmentedRaftLog:OPENED:c-1,f-1,i0, conf=-1: [s3:0.0.0.0:42087, s4:0.0.0.0:33912, s0:0.0.0.0:40055, s1:0.0.0.0:37625, s2:0.0.0.0:37369], old=null RUNNING
  s4:  RUNNING CANDIDATE s4@group-17EB70022112:t3, leader=null, voted=s4, raftlog=s4@group-17EB70022112-SegmentedRaftLog:OPENED:c-1,f-1,i0, conf=-1: [s3:0.0.0.0:42087, s4:0.0.0.0:33912, s0:0.0.0.0:40055, s1:0.0.0.0:37625, s2:0.0.0.0:37369], old=null RUNNING
  s0:  RUNNING CANDIDATE s0@group-17EB70022112:t4, leader=null, voted=s0, raftlog=s0@group-17EB70022112-SegmentedRaftLog:OPENED:c-1,f-1,i0, conf=-1: [s3:0.0.0.0:42087, s4:0.0.0.0:33912, s0:0.0.0.0:40055, s1:0.0.0.0:37625, s2:0.0.0.0:37369], old=null RUNNING
  s1:  RUNNING CANDIDATE s1@group-17EB70022112:t3, leader=null, voted=s1, raftlog=s1@group-17EB70022112-SegmentedRaftLog:OPENED:c-1,f-1,i0, conf=-1: [s3:0.0.0.0:42087, s4:0.0.0.0:33912, s0:0.0.0.0:40055, s1:0.0.0.0:37625, s2:0.0.0.0:37369], old=null RUNNING
  s2:  RUNNING CANDIDATE s2@group-17EB70022112:t3, leader=null, voted=s2, raftlog=s2@group-17EB70022112-SegmentedRaftLog:OPENED:c-1,f-1,i0, conf=-1: [s3:0.0.0.0:42087, s4:0.0.0.0:33912, s0:0.0.0.0:40055, s1:0.0.0.0:37625, s2:0.0.0.0:37369], old=null RUNNING
	at org.apache.ratis.MiniRaftCluster.newIllegalStateExceptionForNoLeaders(MiniRaftCluster.java:506)
	at org.apache.ratis.RaftTestUtil.lambda$waitForLeader$1(RaftTestUtil.java:90)
	at org.apache.ratis.MiniRaftCluster.getLeader(MiniRaftCluster.java:539)
	at org.apache.ratis.MiniRaftCluster.getLeader(MiniRaftCluster.java:532)
	at org.apache.ratis.RaftTestUtil.lambda$waitForLeader$3(RaftTestUtil.java:98)
	at org.apache.ratis.util.JavaUtils.attempt(JavaUtils.java:152)
	at org.apache.ratis.RaftTestUtil.waitForLeader(RaftTestUtil.java:97)
	at org.apache.ratis.RaftTestUtil.waitForLeader(RaftTestUtil.java:77)
	at org.apache.ratis.RaftTestUtil.waitForLeader(RaftTestUtil.java:72)
	at org.apache.ratis.RaftTestUtil.waitAndKillLeader(RaftTestUtil.java:114)
	at org.apache.ratis.server.impl.LeaderElectionTests.testBasicLeaderElection(LeaderElectionTests.java:63)
	at sun.reflect.NativeMethodAccessorImpl.invoke0(Native Method)
	at sun.reflect.NativeMethodAccessorImpl.invoke(NativeMethodAccessorImpl.java:62)
	at sun.reflect.DelegatingMethodAccessorImpl.invoke(DelegatingMethodAccessorImpl.java:43)
	at java.lang.reflect.Method.invoke(Method.java:498)
	at org.junit.runners.model.FrameworkMethod$1.runReflectiveCall(FrameworkMethod.java:50)
	at org.junit.internal.runners.model.ReflectiveCallable.run(ReflectiveCallable.java:12)
	at org.junit.runners.model.FrameworkMethod.invokeExplosively(FrameworkMethod.java:47)
	at org.junit.internal.runners.statements.InvokeMethod.evaluate(InvokeMethod.java:17)
	at org.junit.internal.runners.statements.RunAfters.evaluate(RunAfters.java:27)
	at org.junit.internal.runners.statements.FailOnTimeout$CallableStatement.call(FailOnTimeout.java:298)
	at org.junit.internal.runners.statements.FailOnTimeout$CallableStatement.call(FailOnTimeout.java:292)
	at java.util.concurrent.FutureTask.run(FutureTask.java:266)
	at java.lang.Thread.run(Thread.java:748)
2019-09-24 17:10:57,606 INFO  impl.LeaderElection (LeaderElection.java:askForVotes(178)) - s4@group-17EB70022112-LeaderElection52: begin an election at term 3 for -1: [s3:0.0.0.0:42087, s4:0.0.0.0:33912, s0:0.0.0.0:40055, s1:0.0.0.0:37625, s2:0.0.0.0:37369], old=null
2019-09-24 17:10:57,607 DEBUG impl.RaftServerImpl (RaftServerImpl.java:requestVote(775)) - s3@group-17EB70022112 replies to vote request: s0<-s3#0:FAIL-t3. Peer's state: s3@group-17EB70022112:t3, leader=null, voted=s3, raftlog=s3@group-17EB70022112-SegmentedRaftLog:OPENED:c-1,f-1,i0, conf=-1: [s3:0.0.0.0:42087, s4:0.0.0.0:33912, s0:0.0.0.0:40055, s1:0.0.0.0:37625, s2:0.0.0.0:37369], old=null
2019-09-24 17:10:57,606 INFO  impl.LeaderElection (LeaderElection.java:askForVotes(178)) - s3@group-17EB70022112-LeaderElection54: begin an election at term 3 for -1: [s3:0.0.0.0:42087, s4:0.0.0.0:33912, s0:0.0.0.0:40055, s1:0.0.0.0:37625, s2:0.0.0.0:37369], old=null
2019-09-24 17:10:57,606 DEBUG impl.RaftServerImpl (RaftServerImpl.java:requestVote(775)) - s1@group-17EB70022112 replies to vote request: s0<-s1#0:FAIL-t3. Peer's state: s1@group-17EB70022112:t3, leader=null, voted=s1, raftlog=s1@group-17EB70022112-SegmentedRaftLog:OPENED:c-1,f-1,i0, conf=-1: [s3:0.0.0.0:42087, s4:0.0.0.0:33912, s0:0.0.0.0:40055, s1:0.0.0.0:37625, s2:0.0.0.0:37369], old=null
2019-09-24 17:10:57,606 DEBUG impl.RaftServerImpl (RaftServerImpl.java:requestVote(775)) - s4@group-17EB70022112 replies to vote request: s0<-s4#0:FAIL-t3. Peer's state: s4@group-17EB70022112:t3, leader=null, voted=s4, raftlog=s4@group-17EB70022112-SegmentedRaftLog:OPENED:c-1,f-1,i0, conf=-1: [s3:0.0.0.0:42087, s4:0.0.0.0:33912, s0:0.0.0.0:40055, s1:0.0.0.0:37625, s2:0.0.0.0:37369], old=null
2019-09-24 17:10:57,606 DEBUG impl.RaftServerImpl (RaftServerImpl.java:requestVote(775)) - s2@group-17EB70022112 replies to vote request: s0<-s2#0:FAIL-t3. Peer's state: s2@group-17EB70022112:t3, leader=null, voted=s2, raftlog=s2@group-17EB70022112-SegmentedRaftLog:OPENED:c-1,f-1,i0, conf=-1: [s3:0.0.0.0:42087, s4:0.0.0.0:33912, s0:0.0.0.0:40055, s1:0.0.0.0:37625, s2:0.0.0.0:37369], old=null
2019-09-24 17:10:57,606 INFO  impl.LeaderElection (LeaderElection.java:askForVotes(178)) - s1@group-17EB70022112-LeaderElection55: begin an election at term 3 for -1: [s3:0.0.0.0:42087, s4:0.0.0.0:33912, s0:0.0.0.0:40055, s1:0.0.0.0:37625, s2:0.0.0.0:37369], old=null
2019-09-24 17:10:57,606 INFO  impl.LeaderElection (LeaderElection.java:askForVotes(178)) - s2@group-17EB70022112-LeaderElection53: begin an election at term 3 for -1: [s3:0.0.0.0:42087, s4:0.0.0.0:33912, s0:0.0.0.0:40055, s1:0.0.0.0:37625, s2:0.0.0.0:37369], old=null
2019-09-24 17:10:57,609 DEBUG impl.RaftServerImpl (RaftServerImpl.java:requestVote(743)) - s0@group-17EB70022112: receive requestVote(s3, group-17EB70022112, 3, (t:0, i:0))
2019-09-24 17:10:57,609 DEBUG impl.RaftServerImpl (RaftServerImpl.java:requestVote(743)) - s4@group-17EB70022112: receive requestVote(s3, group-17EB70022112, 3, (t:0, i:0))
2019-09-24 17:10:57,609 DEBUG impl.RaftServerImpl (RaftServerImpl.java:requestVote(743)) - s3@group-17EB70022112: receive requestVote(s4, group-17EB70022112, 3, (t:0, i:0))
2019-09-24 17:10:57,610 DEBUG impl.RaftServerImpl (RaftServerImpl.java:requestVote(775)) - s4@group-17EB70022112 replies to vote request: s3<-s4#0:FAIL-t3. Peer's state: s4@group-17EB70022112:t3, leader=null, voted=s4, raftlog=s4@group-17EB70022112-SegmentedRaftLog:OPENED:c-1,f-1,i0, conf=-1: [s3:0.0.0.0:42087, s4:0.0.0.0:33912, s0:0.0.0.0:40055, s1:0.0.0.0:37625, s2:0.0.0.0:37369], old=null
2019-09-24 17:10:57,609 DEBUG impl.RaftServerImpl (RaftServerImpl.java:requestVote(743)) - s1@group-17EB70022112: receive requestVote(s3, group-17EB70022112, 3, (t:0, i:0))
2019-09-24 17:10:57,609 DEBUG impl.RaftServerImpl (RaftServerImpl.java:requestVote(743)) - s0@group-17EB70022112: receive requestVote(s4, group-17EB70022112, 3, (t:0, i:0))
2019-09-24 17:10:57,610 DEBUG impl.RaftServerImpl (RaftServerImpl.java:requestVote(775)) - s1@group-17EB70022112 replies to vote request: s3<-s1#0:FAIL-t3. Peer's state: s1@group-17EB70022112:t3, leader=null, voted=s1, raftlog=s1@group-17EB70022112-SegmentedRaftLog:OPENED:c-1,f-1,i0, conf=-1: [s3:0.0.0.0:42087, s4:0.0.0.0:33912, s0:0.0.0.0:40055, s1:0.0.0.0:37625, s2:0.0.0.0:37369], old=null
2019-09-24 17:10:57,610 DEBUG impl.RaftServerImpl (RaftServerImpl.java:requestVote(743)) - s2@group-17EB70022112: receive requestVote(s3, group-17EB70022112, 3, (t:0, i:0))
2019-09-24 17:10:57,610 DEBUG impl.RaftServerImpl (RaftServerImpl.java:requestVote(743)) - s3@group-17EB70022112: receive requestVote(s1, group-17EB70022112, 3, (t:0, i:0))
2019-09-24 17:10:57,610 DEBUG impl.RaftServerImpl (RaftServerImpl.java:requestVote(775)) - s3@group-17EB70022112 replies to vote request: s4<-s3#0:FAIL-t3. Peer's state: s3@group-17EB70022112:t3, leader=null, voted=s3, raftlog=s3@group-17EB70022112-SegmentedRaftLog:OPENED:c-1,f-1,i0, conf=-1: [s3:0.0.0.0:42087, s4:0.0.0.0:33912, s0:0.0.0.0:40055, s1:0.0.0.0:37625, s2:0.0.0.0:37369], old=null
2019-09-24 17:10:57,611 DEBUG impl.RaftServerImpl (RaftServerImpl.java:requestVote(743)) - s0@group-17EB70022112: receive requestVote(s1, group-17EB70022112, 3, (t:0, i:0))
2019-09-24 17:10:57,611 DEBUG impl.RaftServerImpl (RaftServerImpl.java:requestVote(775)) - s2@group-17EB70022112 replies to vote request: s3<-s2#0:FAIL-t3. Peer's state: s2@group-17EB70022112:t3, leader=null, voted=s2, raftlog=s2@group-17EB70022112-SegmentedRaftLog:OPENED:c-1,f-1,i0, conf=-1: [s3:0.0.0.0:42087, s4:0.0.0.0:33912, s0:0.0.0.0:40055, s1:0.0.0.0:37625, s2:0.0.0.0:37369], old=null
2019-09-24 17:10:57,611 DEBUG impl.RaftServerImpl (RaftServerImpl.java:requestVote(743)) - s2@group-17EB70022112: receive requestVote(s4, group-17EB70022112, 3, (t:0, i:0))
2019-09-24 17:10:57,610 DEBUG impl.RaftServerImpl (RaftServerImpl.java:requestVote(743)) - s4@group-17EB70022112: receive requestVote(s1, group-17EB70022112, 3, (t:0, i:0))
2019-09-24 17:10:57,610 DEBUG impl.RaftServerImpl (RaftServerImpl.java:requestVote(743)) - s1@group-17EB70022112: receive requestVote(s4, group-17EB70022112, 3, (t:0, i:0))
2019-09-24 17:10:57,612 DEBUG impl.RaftServerImpl (RaftServerImpl.java:requestVote(775)) - s4@group-17EB70022112 replies to vote request: s1<-s4#0:FAIL-t3. Peer's state: s4@group-17EB70022112:t3, leader=null, voted=s4, raftlog=s4@group-17EB70022112-SegmentedRaftLog:OPENED:c-1,f-1,i0, conf=-1: [s3:0.0.0.0:42087, s4:0.0.0.0:33912, s0:0.0.0.0:40055, s1:0.0.0.0:37625, s2:0.0.0.0:37369], old=null
2019-09-24 17:10:57,612 DEBUG impl.RaftServerImpl (RaftServerImpl.java:requestVote(775)) - s2@group-17EB70022112 replies to vote request: s4<-s2#0:FAIL-t3. Peer's state: s2@group-17EB70022112:t3, leader=null, voted=s2, raftlog=s2@group-17EB70022112-SegmentedRaftLog:OPENED:c-1,f-1,i0, conf=-1: [s3:0.0.0.0:42087, s4:0.0.0.0:33912, s0:0.0.0.0:40055, s1:0.0.0.0:37625, s2:0.0.0.0:37369], old=null
2019-09-24 17:10:57,611 DEBUG impl.RaftServerImpl (RaftServerImpl.java:requestVote(775)) - s3@group-17EB70022112 replies to vote request: s1<-s3#0:FAIL-t3. Peer's state: s3@group-17EB70022112:t3, leader=null, voted=s3, raftlog=s3@group-17EB70022112-SegmentedRaftLog:OPENED:c-1,f-1,i0, conf=-1: [s3:0.0.0.0:42087, s4:0.0.0.0:33912, s0:0.0.0.0:40055, s1:0.0.0.0:37625, s2:0.0.0.0:37369], old=null
2019-09-24 17:10:57,612 DEBUG impl.RaftServerImpl (RaftServerImpl.java:requestVote(775)) - s1@group-17EB70022112 replies to vote request: s4<-s1#0:FAIL-t3. Peer's state: s1@group-17EB70022112:t3, leader=null, voted=s1, raftlog=s1@group-17EB70022112-SegmentedRaftLog:OPENED:c-1,f-1,i0, conf=-1: [s3:0.0.0.0:42087, s4:0.0.0.0:33912, s0:0.0.0.0:40055, s1:0.0.0.0:37625, s2:0.0.0.0:37369], old=null
2019-09-24 17:10:57,619 DEBUG impl.RaftServerImpl (RaftServerImpl.java:requestVote(743)) - s1@group-17EB70022112: receive requestVote(s2, group-17EB70022112, 3, (t:0, i:0))
2019-09-24 17:10:57,619 DEBUG impl.RaftServerImpl (RaftServerImpl.java:requestVote(775)) - s1@group-17EB70022112 replies to vote request: s2<-s1#0:FAIL-t3. Peer's state: s1@group-17EB70022112:t3, leader=null, voted=s1, raftlog=s1@group-17EB70022112-SegmentedRaftLog:OPENED:c-1,f-1,i0, conf=-1: [s3:0.0.0.0:42087, s4:0.0.0.0:33912, s0:0.0.0.0:40055, s1:0.0.0.0:37625, s2:0.0.0.0:37369], old=null
2019-09-24 17:10:57,620 DEBUG impl.RaftServerImpl (RaftServerImpl.java:requestVote(743)) - s4@group-17EB70022112: receive requestVote(s2, group-17EB70022112, 3, (t:0, i:0))
2019-09-24 17:10:57,620 DEBUG impl.RaftServerImpl (RaftServerImpl.java:requestVote(775)) - s4@group-17EB70022112 replies to vote request: s2<-s4#0:FAIL-t3. Peer's state: s4@group-17EB70022112:t3, leader=null, voted=s4, raftlog=s4@group-17EB70022112-SegmentedRaftLog:OPENED:c-1,f-1,i0, conf=-1: [s3:0.0.0.0:42087, s4:0.0.0.0:33912, s0:0.0.0.0:40055, s1:0.0.0.0:37625, s2:0.0.0.0:37369], old=null
2019-09-24 17:10:57,622 DEBUG impl.RaftServerImpl (RaftServerImpl.java:requestVote(743)) - s2@group-17EB70022112: receive requestVote(s1, group-17EB70022112, 3, (t:0, i:0))
2019-09-24 17:10:57,622 DEBUG impl.RaftServerImpl (RaftServerImpl.java:requestVote(775)) - s2@group-17EB70022112 replies to vote request: s1<-s2#0:FAIL-t3. Peer's state: s2@group-17EB70022112:t3, leader=null, voted=s2, raftlog=s2@group-17EB70022112-SegmentedRaftLog:OPENED:c-1,f-1,i0, conf=-1: [s3:0.0.0.0:42087, s4:0.0.0.0:33912, s0:0.0.0.0:40055, s1:0.0.0.0:37625, s2:0.0.0.0:37369], old=null
2019-09-24 17:10:57,622 DEBUG impl.RaftServerImpl (RaftServerImpl.java:requestVote(743)) - s3@group-17EB70022112: receive requestVote(s2, group-17EB70022112, 3, (t:0, i:0))
2019-09-24 17:10:57,623 DEBUG impl.RaftServerImpl (RaftServerImpl.java:requestVote(775)) - s3@group-17EB70022112 replies to vote request: s2<-s3#0:FAIL-t3. Peer's state: s3@group-17EB70022112:t3, leader=null, voted=s3, raftlog=s3@group-17EB70022112-SegmentedRaftLog:OPENED:c-1,f-1,i0, conf=-1: [s3:0.0.0.0:42087, s4:0.0.0.0:33912, s0:0.0.0.0:40055, s1:0.0.0.0:37625, s2:0.0.0.0:37369], old=null
2019-09-24 17:10:57,778 INFO  impl.LeaderElection (LeaderElection.java:logAndReturn(56)) - s2@group-17EB70022112-LeaderElection53: Election TIMEOUT; received 3 response(s) [s2<-s3#0:FAIL-t3, s2<-s4#0:FAIL-t3, s2<-s1#0:FAIL-t3] and 0 exception(s); s2@group-17EB70022112:t3, leader=null, voted=s2, raftlog=s2@group-17EB70022112-SegmentedRaftLog:OPENED:c-1,f-1,i0, conf=-1: [s3:0.0.0.0:42087, s4:0.0.0.0:33912, s0:0.0.0.0:40055, s1:0.0.0.0:37625, s2:0.0.0.0:37369], old=null
2019-09-24 17:10:57,814 INFO  impl.LeaderElection (LeaderElection.java:logAndReturn(56)) - s3@group-17EB70022112-LeaderElection54: Election TIMEOUT; received 3 response(s) [s3<-s4#0:FAIL-t3, s3<-s1#0:FAIL-t3, s3<-s2#0:FAIL-t3] and 0 exception(s); s3@group-17EB70022112:t3, leader=null, voted=s3, raftlog=s3@group-17EB70022112-SegmentedRaftLog:OPENED:c-1,f-1,i0, conf=-1: [s3:0.0.0.0:42087, s4:0.0.0.0:33912, s0:0.0.0.0:40055, s1:0.0.0.0:37625, s2:0.0.0.0:37369], old=null
2019-09-24 17:10:57,844 INFO  impl.LeaderElection (LeaderElection.java:logAndReturn(56)) - s1@group-17EB70022112-LeaderElection55: Election TIMEOUT; received 3 response(s) [s1<-s3#0:FAIL-t3, s1<-s4#0:FAIL-t3, s1<-s2#0:FAIL-t3] and 0 exception(s); s1@group-17EB70022112:t3, leader=null, voted=s1, raftlog=s1@group-17EB70022112-SegmentedRaftLog:OPENED:c-1,f-1,i0, conf=-1: [s3:0.0.0.0:42087, s4:0.0.0.0:33912, s0:0.0.0.0:40055, s1:0.0.0.0:37625, s2:0.0.0.0:37369], old=null
2019-09-24 17:10:57,857 INFO  impl.LeaderElection (LeaderElection.java:logAndReturn(56)) - s4@group-17EB70022112-LeaderElection52: Election TIMEOUT; received 3 response(s) [s4<-s3#0:FAIL-t3, s4<-s1#0:FAIL-t3, s4<-s2#0:FAIL-t3] and 0 exception(s); s4@group-17EB70022112:t3, leader=null, voted=s4, raftlog=s4@group-17EB70022112-SegmentedRaftLog:OPENED:c-1,f-1,i0, conf=-1: [s3:0.0.0.0:42087, s4:0.0.0.0:33912, s0:0.0.0.0:40055, s1:0.0.0.0:37625, s2:0.0.0.0:37369], old=null
2019-09-24 17:10:57,946 WARN  ratis.RaftTestUtil (JavaUtils.java:attempt(158)) - FAILED "waitForLeader-null-(expectLeader? true)", attempt #83/100: java.lang.IllegalStateException: No leader yet : printing ALL groups
  s3:  RUNNING CANDIDATE s3@group-17EB70022112:t4, leader=null, voted=s3, raftlog=s3@group-17EB70022112-SegmentedRaftLog:OPENED:c-1,f-1,i0, conf=-1: [s3:0.0.0.0:42087, s4:0.0.0.0:33912, s0:0.0.0.0:40055, s1:0.0.0.0:37625, s2:0.0.0.0:37369], old=null RUNNING
  s4:  RUNNING CANDIDATE s4@group-17EB70022112:t4, leader=null, voted=s4, raftlog=s4@group-17EB70022112-SegmentedRaftLog:OPENED:c-1,f-1,i0, conf=-1: [s3:0.0.0.0:42087, s4:0.0.0.0:33912, s0:0.0.0.0:40055, s1:0.0.0.0:37625, s2:0.0.0.0:37369], old=null RUNNING
  s0:  RUNNING CANDIDATE s0@group-17EB70022112:t4, leader=null, voted=s0, raftlog=s0@group-17EB70022112-SegmentedRaftLog:OPENED:c-1,f-1,i0, conf=-1: [s3:0.0.0.0:42087, s4:0.0.0.0:33912, s0:0.0.0.0:40055, s1:0.0.0.0:37625, s2:0.0.0.0:37369], old=null RUNNING
  s1:  RUNNING CANDIDATE s1@group-17EB70022112:t4, leader=null, voted=s1, raftlog=s1@group-17EB70022112-SegmentedRaftLog:OPENED:c-1,f-1,i0, conf=-1: [s3:0.0.0.0:42087, s4:0.0.0.0:33912, s0:0.0.0.0:40055, s1:0.0.0.0:37625, s2:0.0.0.0:37369], old=null RUNNING
  s2:  RUNNING CANDIDATE s2@group-17EB70022112:t4, leader=null, voted=s2, raftlog=s2@group-17EB70022112-SegmentedRaftLog:OPENED:c-1,f-1,i0, conf=-1: [s3:0.0.0.0:42087, s4:0.0.0.0:33912, s0:0.0.0.0:40055, s1:0.0.0.0:37625, s2:0.0.0.0:37369], old=null RUNNING, sleep 450ms and then retry.
java.lang.IllegalStateException: No leader yet : printing ALL groups
  s3:  RUNNING CANDIDATE s3@group-17EB70022112:t4, leader=null, voted=s3, raftlog=s3@group-17EB70022112-SegmentedRaftLog:OPENED:c-1,f-1,i0, conf=-1: [s3:0.0.0.0:42087, s4:0.0.0.0:33912, s0:0.0.0.0:40055, s1:0.0.0.0:37625, s2:0.0.0.0:37369], old=null RUNNING
  s4:  RUNNING CANDIDATE s4@group-17EB70022112:t4, leader=null, voted=s4, raftlog=s4@group-17EB70022112-SegmentedRaftLog:OPENED:c-1,f-1,i0, conf=-1: [s3:0.0.0.0:42087, s4:0.0.0.0:33912, s0:0.0.0.0:40055, s1:0.0.0.0:37625, s2:0.0.0.0:37369], old=null RUNNING
  s0:  RUNNING CANDIDATE s0@group-17EB70022112:t4, leader=null, voted=s0, raftlog=s0@group-17EB70022112-SegmentedRaftLog:OPENED:c-1,f-1,i0, conf=-1: [s3:0.0.0.0:42087, s4:0.0.0.0:33912, s0:0.0.0.0:40055, s1:0.0.0.0:37625, s2:0.0.0.0:37369], old=null RUNNING
  s1:  RUNNING CANDIDATE s1@group-17EB70022112:t4, leader=null, voted=s1, raftlog=s1@group-17EB70022112-SegmentedRaftLog:OPENED:c-1,f-1,i0, conf=-1: [s3:0.0.0.0:42087, s4:0.0.0.0:33912, s0:0.0.0.0:40055, s1:0.0.0.0:37625, s2:0.0.0.0:37369], old=null RUNNING
  s2:  RUNNING CANDIDATE s2@group-17EB70022112:t4, leader=null, voted=s2, raftlog=s2@group-17EB70022112-SegmentedRaftLog:OPENED:c-1,f-1,i0, conf=-1: [s3:0.0.0.0:42087, s4:0.0.0.0:33912, s0:0.0.0.0:40055, s1:0.0.0.0:37625, s2:0.0.0.0:37369], old=null RUNNING
	at org.apache.ratis.MiniRaftCluster.newIllegalStateExceptionForNoLeaders(MiniRaftCluster.java:506)
	at org.apache.ratis.RaftTestUtil.lambda$waitForLeader$1(RaftTestUtil.java:90)
	at org.apache.ratis.MiniRaftCluster.getLeader(MiniRaftCluster.java:539)
	at org.apache.ratis.MiniRaftCluster.getLeader(MiniRaftCluster.java:532)
	at org.apache.ratis.RaftTestUtil.lambda$waitForLeader$3(RaftTestUtil.java:98)
	at org.apache.ratis.util.JavaUtils.attempt(JavaUtils.java:152)
	at org.apache.ratis.RaftTestUtil.waitForLeader(RaftTestUtil.java:97)
	at org.apache.ratis.RaftTestUtil.waitForLeader(RaftTestUtil.java:77)
	at org.apache.ratis.RaftTestUtil.waitForLeader(RaftTestUtil.java:72)
	at org.apache.ratis.RaftTestUtil.waitAndKillLeader(RaftTestUtil.java:114)
	at org.apache.ratis.server.impl.LeaderElectionTests.testBasicLeaderElection(LeaderElectionTests.java:63)
	at sun.reflect.NativeMethodAccessorImpl.invoke0(Native Method)
	at sun.reflect.NativeMethodAccessorImpl.invoke(NativeMethodAccessorImpl.java:62)
	at sun.reflect.DelegatingMethodAccessorImpl.invoke(DelegatingMethodAccessorImpl.java:43)
	at java.lang.reflect.Method.invoke(Method.java:498)
	at org.junit.runners.model.FrameworkMethod$1.runReflectiveCall(FrameworkMethod.java:50)
	at org.junit.internal.runners.model.ReflectiveCallable.run(ReflectiveCallable.java:12)
	at org.junit.runners.model.FrameworkMethod.invokeExplosively(FrameworkMethod.java:47)
	at org.junit.internal.runners.statements.InvokeMethod.evaluate(InvokeMethod.java:17)
	at org.junit.internal.runners.statements.RunAfters.evaluate(RunAfters.java:27)
	at org.junit.internal.runners.statements.FailOnTimeout$CallableStatement.call(FailOnTimeout.java:298)
	at org.junit.internal.runners.statements.FailOnTimeout$CallableStatement.call(FailOnTimeout.java:292)
	at java.util.concurrent.FutureTask.run(FutureTask.java:266)
	at java.lang.Thread.run(Thread.java:748)
2019-09-24 17:10:58,397 WARN  ratis.RaftTestUtil (JavaUtils.java:attempt(158)) - FAILED "waitForLeader-null-(expectLeader? true)", attempt #84/100: java.lang.IllegalStateException: No leader yet : printing ALL groups
  s3:  RUNNING CANDIDATE s3@group-17EB70022112:t4, leader=null, voted=s3, raftlog=s3@group-17EB70022112-SegmentedRaftLog:OPENED:c-1,f-1,i0, conf=-1: [s3:0.0.0.0:42087, s4:0.0.0.0:33912, s0:0.0.0.0:40055, s1:0.0.0.0:37625, s2:0.0.0.0:37369], old=null RUNNING
  s4:  RUNNING CANDIDATE s4@group-17EB70022112:t4, leader=null, voted=s4, raftlog=s4@group-17EB70022112-SegmentedRaftLog:OPENED:c-1,f-1,i0, conf=-1: [s3:0.0.0.0:42087, s4:0.0.0.0:33912, s0:0.0.0.0:40055, s1:0.0.0.0:37625, s2:0.0.0.0:37369], old=null RUNNING
  s0:  RUNNING CANDIDATE s0@group-17EB70022112:t4, leader=null, voted=s0, raftlog=s0@group-17EB70022112-SegmentedRaftLog:OPENED:c-1,f-1,i0, conf=-1: [s3:0.0.0.0:42087, s4:0.0.0.0:33912, s0:0.0.0.0:40055, s1:0.0.0.0:37625, s2:0.0.0.0:37369], old=null RUNNING
  s1:  RUNNING CANDIDATE s1@group-17EB70022112:t4, leader=null, voted=s1, raftlog=s1@group-17EB70022112-SegmentedRaftLog:OPENED:c-1,f-1,i0, conf=-1: [s3:0.0.0.0:42087, s4:0.0.0.0:33912, s0:0.0.0.0:40055, s1:0.0.0.0:37625, s2:0.0.0.0:37369], old=null RUNNING
  s2:  RUNNING CANDIDATE s2@group-17EB70022112:t4, leader=null, voted=s2, raftlog=s2@group-17EB70022112-SegmentedRaftLog:OPENED:c-1,f-1,i0, conf=-1: [s3:0.0.0.0:42087, s4:0.0.0.0:33912, s0:0.0.0.0:40055, s1:0.0.0.0:37625, s2:0.0.0.0:37369], old=null RUNNING, sleep 450ms and then retry.
java.lang.IllegalStateException: No leader yet : printing ALL groups
  s3:  RUNNING CANDIDATE s3@group-17EB70022112:t4, leader=null, voted=s3, raftlog=s3@group-17EB70022112-SegmentedRaftLog:OPENED:c-1,f-1,i0, conf=-1: [s3:0.0.0.0:42087, s4:0.0.0.0:33912, s0:0.0.0.0:40055, s1:0.0.0.0:37625, s2:0.0.0.0:37369], old=null RUNNING
  s4:  RUNNING CANDIDATE s4@group-17EB70022112:t4, leader=null, voted=s4, raftlog=s4@group-17EB70022112-SegmentedRaftLog:OPENED:c-1,f-1,i0, conf=-1: [s3:0.0.0.0:42087, s4:0.0.0.0:33912, s0:0.0.0.0:40055, s1:0.0.0.0:37625, s2:0.0.0.0:37369], old=null RUNNING
  s0:  RUNNING CANDIDATE s0@group-17EB70022112:t4, leader=null, voted=s0, raftlog=s0@group-17EB70022112-SegmentedRaftLog:OPENED:c-1,f-1,i0, conf=-1: [s3:0.0.0.0:42087, s4:0.0.0.0:33912, s0:0.0.0.0:40055, s1:0.0.0.0:37625, s2:0.0.0.0:37369], old=null RUNNING
  s1:  RUNNING CANDIDATE s1@group-17EB70022112:t4, leader=null, voted=s1, raftlog=s1@group-17EB70022112-SegmentedRaftLog:OPENED:c-1,f-1,i0, conf=-1: [s3:0.0.0.0:42087, s4:0.0.0.0:33912, s0:0.0.0.0:40055, s1:0.0.0.0:37625, s2:0.0.0.0:37369], old=null RUNNING
  s2:  RUNNING CANDIDATE s2@group-17EB70022112:t4, leader=null, voted=s2, raftlog=s2@group-17EB70022112-SegmentedRaftLog:OPENED:c-1,f-1,i0, conf=-1: [s3:0.0.0.0:42087, s4:0.0.0.0:33912, s0:0.0.0.0:40055, s1:0.0.0.0:37625, s2:0.0.0.0:37369], old=null RUNNING
	at org.apache.ratis.MiniRaftCluster.newIllegalStateExceptionForNoLeaders(MiniRaftCluster.java:506)
	at org.apache.ratis.RaftTestUtil.lambda$waitForLeader$1(RaftTestUtil.java:90)
	at org.apache.ratis.MiniRaftCluster.getLeader(MiniRaftCluster.java:539)
	at org.apache.ratis.MiniRaftCluster.getLeader(MiniRaftCluster.java:532)
	at org.apache.ratis.RaftTestUtil.lambda$waitForLeader$3(RaftTestUtil.java:98)
	at org.apache.ratis.util.JavaUtils.attempt(JavaUtils.java:152)
	at org.apache.ratis.RaftTestUtil.waitForLeader(RaftTestUtil.java:97)
	at org.apache.ratis.RaftTestUtil.waitForLeader(RaftTestUtil.java:77)
	at org.apache.ratis.RaftTestUtil.waitForLeader(RaftTestUtil.java:72)
	at org.apache.ratis.RaftTestUtil.waitAndKillLeader(RaftTestUtil.java:114)
	at org.apache.ratis.server.impl.LeaderElectionTests.testBasicLeaderElection(LeaderElectionTests.java:63)
	at sun.reflect.NativeMethodAccessorImpl.invoke0(Native Method)
	at sun.reflect.NativeMethodAccessorImpl.invoke(NativeMethodAccessorImpl.java:62)
	at sun.reflect.DelegatingMethodAccessorImpl.invoke(DelegatingMethodAccessorImpl.java:43)
	at java.lang.reflect.Method.invoke(Method.java:498)
	at org.junit.runners.model.FrameworkMethod$1.runReflectiveCall(FrameworkMethod.java:50)
	at org.junit.internal.runners.model.ReflectiveCallable.run(ReflectiveCallable.java:12)
	at org.junit.runners.model.FrameworkMethod.invokeExplosively(FrameworkMethod.java:47)
	at org.junit.internal.runners.statements.InvokeMethod.evaluate(InvokeMethod.java:17)
	at org.junit.internal.runners.statements.RunAfters.evaluate(RunAfters.java:27)
	at org.junit.internal.runners.statements.FailOnTimeout$CallableStatement.call(FailOnTimeout.java:298)
	at org.junit.internal.runners.statements.FailOnTimeout$CallableStatement.call(FailOnTimeout.java:292)
	at java.util.concurrent.FutureTask.run(FutureTask.java:266)
	at java.lang.Thread.run(Thread.java:748)
2019-09-24 17:10:58,849 WARN  ratis.RaftTestUtil (JavaUtils.java:attempt(158)) - FAILED "waitForLeader-null-(expectLeader? true)", attempt #85/100: java.lang.IllegalStateException: No leader yet : printing ALL groups
  s3:  RUNNING CANDIDATE s3@group-17EB70022112:t4, leader=null, voted=s3, raftlog=s3@group-17EB70022112-SegmentedRaftLog:OPENED:c-1,f-1,i0, conf=-1: [s3:0.0.0.0:42087, s4:0.0.0.0:33912, s0:0.0.0.0:40055, s1:0.0.0.0:37625, s2:0.0.0.0:37369], old=null RUNNING
  s4:  RUNNING CANDIDATE s4@group-17EB70022112:t4, leader=null, voted=s4, raftlog=s4@group-17EB70022112-SegmentedRaftLog:OPENED:c-1,f-1,i0, conf=-1: [s3:0.0.0.0:42087, s4:0.0.0.0:33912, s0:0.0.0.0:40055, s1:0.0.0.0:37625, s2:0.0.0.0:37369], old=null RUNNING
  s0:  RUNNING CANDIDATE s0@group-17EB70022112:t4, leader=null, voted=s0, raftlog=s0@group-17EB70022112-SegmentedRaftLog:OPENED:c-1,f-1,i0, conf=-1: [s3:0.0.0.0:42087, s4:0.0.0.0:33912, s0:0.0.0.0:40055, s1:0.0.0.0:37625, s2:0.0.0.0:37369], old=null RUNNING
  s1:  RUNNING CANDIDATE s1@group-17EB70022112:t4, leader=null, voted=s1, raftlog=s1@group-17EB70022112-SegmentedRaftLog:OPENED:c-1,f-1,i0, conf=-1: [s3:0.0.0.0:42087, s4:0.0.0.0:33912, s0:0.0.0.0:40055, s1:0.0.0.0:37625, s2:0.0.0.0:37369], old=null RUNNING
  s2:  RUNNING CANDIDATE s2@group-17EB70022112:t4, leader=null, voted=s2, raftlog=s2@group-17EB70022112-SegmentedRaftLog:OPENED:c-1,f-1,i0, conf=-1: [s3:0.0.0.0:42087, s4:0.0.0.0:33912, s0:0.0.0.0:40055, s1:0.0.0.0:37625, s2:0.0.0.0:37369], old=null RUNNING, sleep 450ms and then retry.
java.lang.IllegalStateException: No leader yet : printing ALL groups
  s3:  RUNNING CANDIDATE s3@group-17EB70022112:t4, leader=null, voted=s3, raftlog=s3@group-17EB70022112-SegmentedRaftLog:OPENED:c-1,f-1,i0, conf=-1: [s3:0.0.0.0:42087, s4:0.0.0.0:33912, s0:0.0.0.0:40055, s1:0.0.0.0:37625, s2:0.0.0.0:37369], old=null RUNNING
  s4:  RUNNING CANDIDATE s4@group-17EB70022112:t4, leader=null, voted=s4, raftlog=s4@group-17EB70022112-SegmentedRaftLog:OPENED:c-1,f-1,i0, conf=-1: [s3:0.0.0.0:42087, s4:0.0.0.0:33912, s0:0.0.0.0:40055, s1:0.0.0.0:37625, s2:0.0.0.0:37369], old=null RUNNING
  s0:  RUNNING CANDIDATE s0@group-17EB70022112:t4, leader=null, voted=s0, raftlog=s0@group-17EB70022112-SegmentedRaftLog:OPENED:c-1,f-1,i0, conf=-1: [s3:0.0.0.0:42087, s4:0.0.0.0:33912, s0:0.0.0.0:40055, s1:0.0.0.0:37625, s2:0.0.0.0:37369], old=null RUNNING
  s1:  RUNNING CANDIDATE s1@group-17EB70022112:t4, leader=null, voted=s1, raftlog=s1@group-17EB70022112-SegmentedRaftLog:OPENED:c-1,f-1,i0, conf=-1: [s3:0.0.0.0:42087, s4:0.0.0.0:33912, s0:0.0.0.0:40055, s1:0.0.0.0:37625, s2:0.0.0.0:37369], old=null RUNNING
  s2:  RUNNING CANDIDATE s2@group-17EB70022112:t4, leader=null, voted=s2, raftlog=s2@group-17EB70022112-SegmentedRaftLog:OPENED:c-1,f-1,i0, conf=-1: [s3:0.0.0.0:42087, s4:0.0.0.0:33912, s0:0.0.0.0:40055, s1:0.0.0.0:37625, s2:0.0.0.0:37369], old=null RUNNING
	at org.apache.ratis.MiniRaftCluster.newIllegalStateExceptionForNoLeaders(MiniRaftCluster.java:506)
	at org.apache.ratis.RaftTestUtil.lambda$waitForLeader$1(RaftTestUtil.java:90)
	at org.apache.ratis.MiniRaftCluster.getLeader(MiniRaftCluster.java:539)
	at org.apache.ratis.MiniRaftCluster.getLeader(MiniRaftCluster.java:532)
	at org.apache.ratis.RaftTestUtil.lambda$waitForLeader$3(RaftTestUtil.java:98)
	at org.apache.ratis.util.JavaUtils.attempt(JavaUtils.java:152)
	at org.apache.ratis.RaftTestUtil.waitForLeader(RaftTestUtil.java:97)
	at org.apache.ratis.RaftTestUtil.waitForLeader(RaftTestUtil.java:77)
	at org.apache.ratis.RaftTestUtil.waitForLeader(RaftTestUtil.java:72)
	at org.apache.ratis.RaftTestUtil.waitAndKillLeader(RaftTestUtil.java:114)
	at org.apache.ratis.server.impl.LeaderElectionTests.testBasicLeaderElection(LeaderElectionTests.java:63)
	at sun.reflect.NativeMethodAccessorImpl.invoke0(Native Method)
	at sun.reflect.NativeMethodAccessorImpl.invoke(NativeMethodAccessorImpl.java:62)
	at sun.reflect.DelegatingMethodAccessorImpl.invoke(DelegatingMethodAccessorImpl.java:43)
	at java.lang.reflect.Method.invoke(Method.java:498)
	at org.junit.runners.model.FrameworkMethod$1.runReflectiveCall(FrameworkMethod.java:50)
	at org.junit.internal.runners.model.ReflectiveCallable.run(ReflectiveCallable.java:12)
	at org.junit.runners.model.FrameworkMethod.invokeExplosively(FrameworkMethod.java:47)
	at org.junit.internal.runners.statements.InvokeMethod.evaluate(InvokeMethod.java:17)
	at org.junit.internal.runners.statements.RunAfters.evaluate(RunAfters.java:27)
	at org.junit.internal.runners.statements.FailOnTimeout$CallableStatement.call(FailOnTimeout.java:298)
	at org.junit.internal.runners.statements.FailOnTimeout$CallableStatement.call(FailOnTimeout.java:292)
	at java.util.concurrent.FutureTask.run(FutureTask.java:266)
	at java.lang.Thread.run(Thread.java:748)
2019-09-24 17:10:59,300 WARN  ratis.RaftTestUtil (JavaUtils.java:attempt(158)) - FAILED "waitForLeader-null-(expectLeader? true)", attempt #86/100: java.lang.IllegalStateException: No leader yet : printing ALL groups
  s3:  RUNNING CANDIDATE s3@group-17EB70022112:t4, leader=null, voted=s3, raftlog=s3@group-17EB70022112-SegmentedRaftLog:OPENED:c-1,f-1,i0, conf=-1: [s3:0.0.0.0:42087, s4:0.0.0.0:33912, s0:0.0.0.0:40055, s1:0.0.0.0:37625, s2:0.0.0.0:37369], old=null RUNNING
  s4:  RUNNING CANDIDATE s4@group-17EB70022112:t4, leader=null, voted=s4, raftlog=s4@group-17EB70022112-SegmentedRaftLog:OPENED:c-1,f-1,i0, conf=-1: [s3:0.0.0.0:42087, s4:0.0.0.0:33912, s0:0.0.0.0:40055, s1:0.0.0.0:37625, s2:0.0.0.0:37369], old=null RUNNING
  s0:  RUNNING CANDIDATE s0@group-17EB70022112:t4, leader=null, voted=s0, raftlog=s0@group-17EB70022112-SegmentedRaftLog:OPENED:c-1,f-1,i0, conf=-1: [s3:0.0.0.0:42087, s4:0.0.0.0:33912, s0:0.0.0.0:40055, s1:0.0.0.0:37625, s2:0.0.0.0:37369], old=null RUNNING
  s1:  RUNNING CANDIDATE s1@group-17EB70022112:t4, leader=null, voted=s1, raftlog=s1@group-17EB70022112-SegmentedRaftLog:OPENED:c-1,f-1,i0, conf=-1: [s3:0.0.0.0:42087, s4:0.0.0.0:33912, s0:0.0.0.0:40055, s1:0.0.0.0:37625, s2:0.0.0.0:37369], old=null RUNNING
  s2:  RUNNING CANDIDATE s2@group-17EB70022112:t4, leader=null, voted=s2, raftlog=s2@group-17EB70022112-SegmentedRaftLog:OPENED:c-1,f-1,i0, conf=-1: [s3:0.0.0.0:42087, s4:0.0.0.0:33912, s0:0.0.0.0:40055, s1:0.0.0.0:37625, s2:0.0.0.0:37369], old=null RUNNING, sleep 450ms and then retry.
java.lang.IllegalStateException: No leader yet : printing ALL groups
  s3:  RUNNING CANDIDATE s3@group-17EB70022112:t4, leader=null, voted=s3, raftlog=s3@group-17EB70022112-SegmentedRaftLog:OPENED:c-1,f-1,i0, conf=-1: [s3:0.0.0.0:42087, s4:0.0.0.0:33912, s0:0.0.0.0:40055, s1:0.0.0.0:37625, s2:0.0.0.0:37369], old=null RUNNING
  s4:  RUNNING CANDIDATE s4@group-17EB70022112:t4, leader=null, voted=s4, raftlog=s4@group-17EB70022112-SegmentedRaftLog:OPENED:c-1,f-1,i0, conf=-1: [s3:0.0.0.0:42087, s4:0.0.0.0:33912, s0:0.0.0.0:40055, s1:0.0.0.0:37625, s2:0.0.0.0:37369], old=null RUNNING
  s0:  RUNNING CANDIDATE s0@group-17EB70022112:t4, leader=null, voted=s0, raftlog=s0@group-17EB70022112-SegmentedRaftLog:OPENED:c-1,f-1,i0, conf=-1: [s3:0.0.0.0:42087, s4:0.0.0.0:33912, s0:0.0.0.0:40055, s1:0.0.0.0:37625, s2:0.0.0.0:37369], old=null RUNNING
  s1:  RUNNING CANDIDATE s1@group-17EB70022112:t4, leader=null, voted=s1, raftlog=s1@group-17EB70022112-SegmentedRaftLog:OPENED:c-1,f-1,i0, conf=-1: [s3:0.0.0.0:42087, s4:0.0.0.0:33912, s0:0.0.0.0:40055, s1:0.0.0.0:37625, s2:0.0.0.0:37369], old=null RUNNING
  s2:  RUNNING CANDIDATE s2@group-17EB70022112:t4, leader=null, voted=s2, raftlog=s2@group-17EB70022112-SegmentedRaftLog:OPENED:c-1,f-1,i0, conf=-1: [s3:0.0.0.0:42087, s4:0.0.0.0:33912, s0:0.0.0.0:40055, s1:0.0.0.0:37625, s2:0.0.0.0:37369], old=null RUNNING
	at org.apache.ratis.MiniRaftCluster.newIllegalStateExceptionForNoLeaders(MiniRaftCluster.java:506)
	at org.apache.ratis.RaftTestUtil.lambda$waitForLeader$1(RaftTestUtil.java:90)
	at org.apache.ratis.MiniRaftCluster.getLeader(MiniRaftCluster.java:539)
	at org.apache.ratis.MiniRaftCluster.getLeader(MiniRaftCluster.java:532)
	at org.apache.ratis.RaftTestUtil.lambda$waitForLeader$3(RaftTestUtil.java:98)
	at org.apache.ratis.util.JavaUtils.attempt(JavaUtils.java:152)
	at org.apache.ratis.RaftTestUtil.waitForLeader(RaftTestUtil.java:97)
	at org.apache.ratis.RaftTestUtil.waitForLeader(RaftTestUtil.java:77)
	at org.apache.ratis.RaftTestUtil.waitForLeader(RaftTestUtil.java:72)
	at org.apache.ratis.RaftTestUtil.waitAndKillLeader(RaftTestUtil.java:114)
	at org.apache.ratis.server.impl.LeaderElectionTests.testBasicLeaderElection(LeaderElectionTests.java:63)
	at sun.reflect.NativeMethodAccessorImpl.invoke0(Native Method)
	at sun.reflect.NativeMethodAccessorImpl.invoke(NativeMethodAccessorImpl.java:62)
	at sun.reflect.DelegatingMethodAccessorImpl.invoke(DelegatingMethodAccessorImpl.java:43)
	at java.lang.reflect.Method.invoke(Method.java:498)
	at org.junit.runners.model.FrameworkMethod$1.runReflectiveCall(FrameworkMethod.java:50)
	at org.junit.internal.runners.model.ReflectiveCallable.run(ReflectiveCallable.java:12)
	at org.junit.runners.model.FrameworkMethod.invokeExplosively(FrameworkMethod.java:47)
	at org.junit.internal.runners.statements.InvokeMethod.evaluate(InvokeMethod.java:17)
	at org.junit.internal.runners.statements.RunAfters.evaluate(RunAfters.java:27)
	at org.junit.internal.runners.statements.FailOnTimeout$CallableStatement.call(FailOnTimeout.java:298)
	at org.junit.internal.runners.statements.FailOnTimeout$CallableStatement.call(FailOnTimeout.java:292)
	at java.util.concurrent.FutureTask.run(FutureTask.java:266)
	at java.lang.Thread.run(Thread.java:748)
2019-09-24 17:10:59,752 WARN  ratis.RaftTestUtil (JavaUtils.java:attempt(158)) - FAILED "waitForLeader-null-(expectLeader? true)", attempt #87/100: java.lang.IllegalStateException: No leader yet : printing ALL groups
  s3:  RUNNING CANDIDATE s3@group-17EB70022112:t4, leader=null, voted=s3, raftlog=s3@group-17EB70022112-SegmentedRaftLog:OPENED:c-1,f-1,i0, conf=-1: [s3:0.0.0.0:42087, s4:0.0.0.0:33912, s0:0.0.0.0:40055, s1:0.0.0.0:37625, s2:0.0.0.0:37369], old=null RUNNING
  s4:  RUNNING CANDIDATE s4@group-17EB70022112:t4, leader=null, voted=s4, raftlog=s4@group-17EB70022112-SegmentedRaftLog:OPENED:c-1,f-1,i0, conf=-1: [s3:0.0.0.0:42087, s4:0.0.0.0:33912, s0:0.0.0.0:40055, s1:0.0.0.0:37625, s2:0.0.0.0:37369], old=null RUNNING
  s0:  RUNNING CANDIDATE s0@group-17EB70022112:t4, leader=null, voted=s0, raftlog=s0@group-17EB70022112-SegmentedRaftLog:OPENED:c-1,f-1,i0, conf=-1: [s3:0.0.0.0:42087, s4:0.0.0.0:33912, s0:0.0.0.0:40055, s1:0.0.0.0:37625, s2:0.0.0.0:37369], old=null RUNNING
  s1:  RUNNING CANDIDATE s1@group-17EB70022112:t4, leader=null, voted=s1, raftlog=s1@group-17EB70022112-SegmentedRaftLog:OPENED:c-1,f-1,i0, conf=-1: [s3:0.0.0.0:42087, s4:0.0.0.0:33912, s0:0.0.0.0:40055, s1:0.0.0.0:37625, s2:0.0.0.0:37369], old=null RUNNING
  s2:  RUNNING CANDIDATE s2@group-17EB70022112:t4, leader=null, voted=s2, raftlog=s2@group-17EB70022112-SegmentedRaftLog:OPENED:c-1,f-1,i0, conf=-1: [s3:0.0.0.0:42087, s4:0.0.0.0:33912, s0:0.0.0.0:40055, s1:0.0.0.0:37625, s2:0.0.0.0:37369], old=null RUNNING, sleep 450ms and then retry.
java.lang.IllegalStateException: No leader yet : printing ALL groups
  s3:  RUNNING CANDIDATE s3@group-17EB70022112:t4, leader=null, voted=s3, raftlog=s3@group-17EB70022112-SegmentedRaftLog:OPENED:c-1,f-1,i0, conf=-1: [s3:0.0.0.0:42087, s4:0.0.0.0:33912, s0:0.0.0.0:40055, s1:0.0.0.0:37625, s2:0.0.0.0:37369], old=null RUNNING
  s4:  RUNNING CANDIDATE s4@group-17EB70022112:t4, leader=null, voted=s4, raftlog=s4@group-17EB70022112-SegmentedRaftLog:OPENED:c-1,f-1,i0, conf=-1: [s3:0.0.0.0:42087, s4:0.0.0.0:33912, s0:0.0.0.0:40055, s1:0.0.0.0:37625, s2:0.0.0.0:37369], old=null RUNNING
  s0:  RUNNING CANDIDATE s0@group-17EB70022112:t4, leader=null, voted=s0, raftlog=s0@group-17EB70022112-SegmentedRaftLog:OPENED:c-1,f-1,i0, conf=-1: [s3:0.0.0.0:42087, s4:0.0.0.0:33912, s0:0.0.0.0:40055, s1:0.0.0.0:37625, s2:0.0.0.0:37369], old=null RUNNING
  s1:  RUNNING CANDIDATE s1@group-17EB70022112:t4, leader=null, voted=s1, raftlog=s1@group-17EB70022112-SegmentedRaftLog:OPENED:c-1,f-1,i0, conf=-1: [s3:0.0.0.0:42087, s4:0.0.0.0:33912, s0:0.0.0.0:40055, s1:0.0.0.0:37625, s2:0.0.0.0:37369], old=null RUNNING
  s2:  RUNNING CANDIDATE s2@group-17EB70022112:t4, leader=null, voted=s2, raftlog=s2@group-17EB70022112-SegmentedRaftLog:OPENED:c-1,f-1,i0, conf=-1: [s3:0.0.0.0:42087, s4:0.0.0.0:33912, s0:0.0.0.0:40055, s1:0.0.0.0:37625, s2:0.0.0.0:37369], old=null RUNNING
	at org.apache.ratis.MiniRaftCluster.newIllegalStateExceptionForNoLeaders(MiniRaftCluster.java:506)
	at org.apache.ratis.RaftTestUtil.lambda$waitForLeader$1(RaftTestUtil.java:90)
	at org.apache.ratis.MiniRaftCluster.getLeader(MiniRaftCluster.java:539)
	at org.apache.ratis.MiniRaftCluster.getLeader(MiniRaftCluster.java:532)
	at org.apache.ratis.RaftTestUtil.lambda$waitForLeader$3(RaftTestUtil.java:98)
	at org.apache.ratis.util.JavaUtils.attempt(JavaUtils.java:152)
	at org.apache.ratis.RaftTestUtil.waitForLeader(RaftTestUtil.java:97)
	at org.apache.ratis.RaftTestUtil.waitForLeader(RaftTestUtil.java:77)
	at org.apache.ratis.RaftTestUtil.waitForLeader(RaftTestUtil.java:72)
	at org.apache.ratis.RaftTestUtil.waitAndKillLeader(RaftTestUtil.java:114)
	at org.apache.ratis.server.impl.LeaderElectionTests.testBasicLeaderElection(LeaderElectionTests.java:63)
	at sun.reflect.NativeMethodAccessorImpl.invoke0(Native Method)
	at sun.reflect.NativeMethodAccessorImpl.invoke(NativeMethodAccessorImpl.java:62)
	at sun.reflect.DelegatingMethodAccessorImpl.invoke(DelegatingMethodAccessorImpl.java:43)
	at java.lang.reflect.Method.invoke(Method.java:498)
	at org.junit.runners.model.FrameworkMethod$1.runReflectiveCall(FrameworkMethod.java:50)
	at org.junit.internal.runners.model.ReflectiveCallable.run(ReflectiveCallable.java:12)
	at org.junit.runners.model.FrameworkMethod.invokeExplosively(FrameworkMethod.java:47)
	at org.junit.internal.runners.statements.InvokeMethod.evaluate(InvokeMethod.java:17)
	at org.junit.internal.runners.statements.RunAfters.evaluate(RunAfters.java:27)
	at org.junit.internal.runners.statements.FailOnTimeout$CallableStatement.call(FailOnTimeout.java:298)
	at org.junit.internal.runners.statements.FailOnTimeout$CallableStatement.call(FailOnTimeout.java:292)
	at java.util.concurrent.FutureTask.run(FutureTask.java:266)
	at java.lang.Thread.run(Thread.java:748)
2019-09-24 17:11:00,203 WARN  ratis.RaftTestUtil (JavaUtils.java:attempt(158)) - FAILED "waitForLeader-null-(expectLeader? true)", attempt #88/100: java.lang.IllegalStateException: No leader yet : printing ALL groups
  s3:  RUNNING CANDIDATE s3@group-17EB70022112:t4, leader=null, voted=s3, raftlog=s3@group-17EB70022112-SegmentedRaftLog:OPENED:c-1,f-1,i0, conf=-1: [s3:0.0.0.0:42087, s4:0.0.0.0:33912, s0:0.0.0.0:40055, s1:0.0.0.0:37625, s2:0.0.0.0:37369], old=null RUNNING
  s4:  RUNNING CANDIDATE s4@group-17EB70022112:t4, leader=null, voted=s4, raftlog=s4@group-17EB70022112-SegmentedRaftLog:OPENED:c-1,f-1,i0, conf=-1: [s3:0.0.0.0:42087, s4:0.0.0.0:33912, s0:0.0.0.0:40055, s1:0.0.0.0:37625, s2:0.0.0.0:37369], old=null RUNNING
  s0:  RUNNING CANDIDATE s0@group-17EB70022112:t4, leader=null, voted=s0, raftlog=s0@group-17EB70022112-SegmentedRaftLog:OPENED:c-1,f-1,i0, conf=-1: [s3:0.0.0.0:42087, s4:0.0.0.0:33912, s0:0.0.0.0:40055, s1:0.0.0.0:37625, s2:0.0.0.0:37369], old=null RUNNING
  s1:  RUNNING CANDIDATE s1@group-17EB70022112:t4, leader=null, voted=s1, raftlog=s1@group-17EB70022112-SegmentedRaftLog:OPENED:c-1,f-1,i0, conf=-1: [s3:0.0.0.0:42087, s4:0.0.0.0:33912, s0:0.0.0.0:40055, s1:0.0.0.0:37625, s2:0.0.0.0:37369], old=null RUNNING
  s2:  RUNNING CANDIDATE s2@group-17EB70022112:t4, leader=null, voted=s2, raftlog=s2@group-17EB70022112-SegmentedRaftLog:OPENED:c-1,f-1,i0, conf=-1: [s3:0.0.0.0:42087, s4:0.0.0.0:33912, s0:0.0.0.0:40055, s1:0.0.0.0:37625, s2:0.0.0.0:37369], old=null RUNNING, sleep 450ms and then retry.
java.lang.IllegalStateException: No leader yet : printing ALL groups
  s3:  RUNNING CANDIDATE s3@group-17EB70022112:t4, leader=null, voted=s3, raftlog=s3@group-17EB70022112-SegmentedRaftLog:OPENED:c-1,f-1,i0, conf=-1: [s3:0.0.0.0:42087, s4:0.0.0.0:33912, s0:0.0.0.0:40055, s1:0.0.0.0:37625, s2:0.0.0.0:37369], old=null RUNNING
  s4:  RUNNING CANDIDATE s4@group-17EB70022112:t4, leader=null, voted=s4, raftlog=s4@group-17EB70022112-SegmentedRaftLog:OPENED:c-1,f-1,i0, conf=-1: [s3:0.0.0.0:42087, s4:0.0.0.0:33912, s0:0.0.0.0:40055, s1:0.0.0.0:37625, s2:0.0.0.0:37369], old=null RUNNING
  s0:  RUNNING CANDIDATE s0@group-17EB70022112:t4, leader=null, voted=s0, raftlog=s0@group-17EB70022112-SegmentedRaftLog:OPENED:c-1,f-1,i0, conf=-1: [s3:0.0.0.0:42087, s4:0.0.0.0:33912, s0:0.0.0.0:40055, s1:0.0.0.0:37625, s2:0.0.0.0:37369], old=null RUNNING
  s1:  RUNNING CANDIDATE s1@group-17EB70022112:t4, leader=null, voted=s1, raftlog=s1@group-17EB70022112-SegmentedRaftLog:OPENED:c-1,f-1,i0, conf=-1: [s3:0.0.0.0:42087, s4:0.0.0.0:33912, s0:0.0.0.0:40055, s1:0.0.0.0:37625, s2:0.0.0.0:37369], old=null RUNNING
  s2:  RUNNING CANDIDATE s2@group-17EB70022112:t4, leader=null, voted=s2, raftlog=s2@group-17EB70022112-SegmentedRaftLog:OPENED:c-1,f-1,i0, conf=-1: [s3:0.0.0.0:42087, s4:0.0.0.0:33912, s0:0.0.0.0:40055, s1:0.0.0.0:37625, s2:0.0.0.0:37369], old=null RUNNING
	at org.apache.ratis.MiniRaftCluster.newIllegalStateExceptionForNoLeaders(MiniRaftCluster.java:506)
	at org.apache.ratis.RaftTestUtil.lambda$waitForLeader$1(RaftTestUtil.java:90)
	at org.apache.ratis.MiniRaftCluster.getLeader(MiniRaftCluster.java:539)
	at org.apache.ratis.MiniRaftCluster.getLeader(MiniRaftCluster.java:532)
	at org.apache.ratis.RaftTestUtil.lambda$waitForLeader$3(RaftTestUtil.java:98)
	at org.apache.ratis.util.JavaUtils.attempt(JavaUtils.java:152)
	at org.apache.ratis.RaftTestUtil.waitForLeader(RaftTestUtil.java:97)
	at org.apache.ratis.RaftTestUtil.waitForLeader(RaftTestUtil.java:77)
	at org.apache.ratis.RaftTestUtil.waitForLeader(RaftTestUtil.java:72)
	at org.apache.ratis.RaftTestUtil.waitAndKillLeader(RaftTestUtil.java:114)
	at org.apache.ratis.server.impl.LeaderElectionTests.testBasicLeaderElection(LeaderElectionTests.java:63)
	at sun.reflect.NativeMethodAccessorImpl.invoke0(Native Method)
	at sun.reflect.NativeMethodAccessorImpl.invoke(NativeMethodAccessorImpl.java:62)
	at sun.reflect.DelegatingMethodAccessorImpl.invoke(DelegatingMethodAccessorImpl.java:43)
	at java.lang.reflect.Method.invoke(Method.java:498)
	at org.junit.runners.model.FrameworkMethod$1.runReflectiveCall(FrameworkMethod.java:50)
	at org.junit.internal.runners.model.ReflectiveCallable.run(ReflectiveCallable.java:12)
	at org.junit.runners.model.FrameworkMethod.invokeExplosively(FrameworkMethod.java:47)
	at org.junit.internal.runners.statements.InvokeMethod.evaluate(InvokeMethod.java:17)
	at org.junit.internal.runners.statements.RunAfters.evaluate(RunAfters.java:27)
	at org.junit.internal.runners.statements.FailOnTimeout$CallableStatement.call(FailOnTimeout.java:298)
	at org.junit.internal.runners.statements.FailOnTimeout$CallableStatement.call(FailOnTimeout.java:292)
	at java.util.concurrent.FutureTask.run(FutureTask.java:266)
	at java.lang.Thread.run(Thread.java:748)
2019-09-24 17:11:00,655 WARN  ratis.RaftTestUtil (JavaUtils.java:attempt(158)) - FAILED "waitForLeader-null-(expectLeader? true)", attempt #89/100: java.lang.IllegalStateException: No leader yet : printing ALL groups
  s3:  RUNNING CANDIDATE s3@group-17EB70022112:t4, leader=null, voted=s3, raftlog=s3@group-17EB70022112-SegmentedRaftLog:OPENED:c-1,f-1,i0, conf=-1: [s3:0.0.0.0:42087, s4:0.0.0.0:33912, s0:0.0.0.0:40055, s1:0.0.0.0:37625, s2:0.0.0.0:37369], old=null RUNNING
  s4:  RUNNING CANDIDATE s4@group-17EB70022112:t4, leader=null, voted=s4, raftlog=s4@group-17EB70022112-SegmentedRaftLog:OPENED:c-1,f-1,i0, conf=-1: [s3:0.0.0.0:42087, s4:0.0.0.0:33912, s0:0.0.0.0:40055, s1:0.0.0.0:37625, s2:0.0.0.0:37369], old=null RUNNING
  s0:  RUNNING CANDIDATE s0@group-17EB70022112:t4, leader=null, voted=s0, raftlog=s0@group-17EB70022112-SegmentedRaftLog:OPENED:c-1,f-1,i0, conf=-1: [s3:0.0.0.0:42087, s4:0.0.0.0:33912, s0:0.0.0.0:40055, s1:0.0.0.0:37625, s2:0.0.0.0:37369], old=null RUNNING
  s1:  RUNNING CANDIDATE s1@group-17EB70022112:t4, leader=null, voted=s1, raftlog=s1@group-17EB70022112-SegmentedRaftLog:OPENED:c-1,f-1,i0, conf=-1: [s3:0.0.0.0:42087, s4:0.0.0.0:33912, s0:0.0.0.0:40055, s1:0.0.0.0:37625, s2:0.0.0.0:37369], old=null RUNNING
  s2:  RUNNING CANDIDATE s2@group-17EB70022112:t4, leader=null, voted=s2, raftlog=s2@group-17EB70022112-SegmentedRaftLog:OPENED:c-1,f-1,i0, conf=-1: [s3:0.0.0.0:42087, s4:0.0.0.0:33912, s0:0.0.0.0:40055, s1:0.0.0.0:37625, s2:0.0.0.0:37369], old=null RUNNING, sleep 450ms and then retry.
java.lang.IllegalStateException: No leader yet : printing ALL groups
  s3:  RUNNING CANDIDATE s3@group-17EB70022112:t4, leader=null, voted=s3, raftlog=s3@group-17EB70022112-SegmentedRaftLog:OPENED:c-1,f-1,i0, conf=-1: [s3:0.0.0.0:42087, s4:0.0.0.0:33912, s0:0.0.0.0:40055, s1:0.0.0.0:37625, s2:0.0.0.0:37369], old=null RUNNING
  s4:  RUNNING CANDIDATE s4@group-17EB70022112:t4, leader=null, voted=s4, raftlog=s4@group-17EB70022112-SegmentedRaftLog:OPENED:c-1,f-1,i0, conf=-1: [s3:0.0.0.0:42087, s4:0.0.0.0:33912, s0:0.0.0.0:40055, s1:0.0.0.0:37625, s2:0.0.0.0:37369], old=null RUNNING
  s0:  RUNNING CANDIDATE s0@group-17EB70022112:t4, leader=null, voted=s0, raftlog=s0@group-17EB70022112-SegmentedRaftLog:OPENED:c-1,f-1,i0, conf=-1: [s3:0.0.0.0:42087, s4:0.0.0.0:33912, s0:0.0.0.0:40055, s1:0.0.0.0:37625, s2:0.0.0.0:37369], old=null RUNNING
  s1:  RUNNING CANDIDATE s1@group-17EB70022112:t4, leader=null, voted=s1, raftlog=s1@group-17EB70022112-SegmentedRaftLog:OPENED:c-1,f-1,i0, conf=-1: [s3:0.0.0.0:42087, s4:0.0.0.0:33912, s0:0.0.0.0:40055, s1:0.0.0.0:37625, s2:0.0.0.0:37369], old=null RUNNING
  s2:  RUNNING CANDIDATE s2@group-17EB70022112:t4, leader=null, voted=s2, raftlog=s2@group-17EB70022112-SegmentedRaftLog:OPENED:c-1,f-1,i0, conf=-1: [s3:0.0.0.0:42087, s4:0.0.0.0:33912, s0:0.0.0.0:40055, s1:0.0.0.0:37625, s2:0.0.0.0:37369], old=null RUNNING
	at org.apache.ratis.MiniRaftCluster.newIllegalStateExceptionForNoLeaders(MiniRaftCluster.java:506)
	at org.apache.ratis.RaftTestUtil.lambda$waitForLeader$1(RaftTestUtil.java:90)
	at org.apache.ratis.MiniRaftCluster.getLeader(MiniRaftCluster.java:539)
	at org.apache.ratis.MiniRaftCluster.getLeader(MiniRaftCluster.java:532)
	at org.apache.ratis.RaftTestUtil.lambda$waitForLeader$3(RaftTestUtil.java:98)
	at org.apache.ratis.util.JavaUtils.attempt(JavaUtils.java:152)
	at org.apache.ratis.RaftTestUtil.waitForLeader(RaftTestUtil.java:97)
	at org.apache.ratis.RaftTestUtil.waitForLeader(RaftTestUtil.java:77)
	at org.apache.ratis.RaftTestUtil.waitForLeader(RaftTestUtil.java:72)
	at org.apache.ratis.RaftTestUtil.waitAndKillLeader(RaftTestUtil.java:114)
	at org.apache.ratis.server.impl.LeaderElectionTests.testBasicLeaderElection(LeaderElectionTests.java:63)
	at sun.reflect.NativeMethodAccessorImpl.invoke0(Native Method)
	at sun.reflect.NativeMethodAccessorImpl.invoke(NativeMethodAccessorImpl.java:62)
	at sun.reflect.DelegatingMethodAccessorImpl.invoke(DelegatingMethodAccessorImpl.java:43)
	at java.lang.reflect.Method.invoke(Method.java:498)
	at org.junit.runners.model.FrameworkMethod$1.runReflectiveCall(FrameworkMethod.java:50)
	at org.junit.internal.runners.model.ReflectiveCallable.run(ReflectiveCallable.java:12)
	at org.junit.runners.model.FrameworkMethod.invokeExplosively(FrameworkMethod.java:47)
	at org.junit.internal.runners.statements.InvokeMethod.evaluate(InvokeMethod.java:17)
	at org.junit.internal.runners.statements.RunAfters.evaluate(RunAfters.java:27)
	at org.junit.internal.runners.statements.FailOnTimeout$CallableStatement.call(FailOnTimeout.java:298)
	at org.junit.internal.runners.statements.FailOnTimeout$CallableStatement.call(FailOnTimeout.java:292)
	at java.util.concurrent.FutureTask.run(FutureTask.java:266)
	at java.lang.Thread.run(Thread.java:748)
2019-09-24 17:11:00,912 INFO  ratis.MiniRaftCluster (MiniRaftCluster.java:lambda$null$5(297)) - TIMED-PRINT: printing ALL groups
  s3:  RUNNING CANDIDATE s3@group-17EB70022112:t4, leader=null, voted=s3, raftlog=s3@group-17EB70022112-SegmentedRaftLog:OPENED:c-1,f-1,i0, conf=-1: [s3:0.0.0.0:42087, s4:0.0.0.0:33912, s0:0.0.0.0:40055, s1:0.0.0.0:37625, s2:0.0.0.0:37369], old=null RUNNING
  s4:  RUNNING CANDIDATE s4@group-17EB70022112:t4, leader=null, voted=s4, raftlog=s4@group-17EB70022112-SegmentedRaftLog:OPENED:c-1,f-1,i0, conf=-1: [s3:0.0.0.0:42087, s4:0.0.0.0:33912, s0:0.0.0.0:40055, s1:0.0.0.0:37625, s2:0.0.0.0:37369], old=null RUNNING
  s0:  RUNNING CANDIDATE s0@group-17EB70022112:t4, leader=null, voted=s0, raftlog=s0@group-17EB70022112-SegmentedRaftLog:OPENED:c-1,f-1,i0, conf=-1: [s3:0.0.0.0:42087, s4:0.0.0.0:33912, s0:0.0.0.0:40055, s1:0.0.0.0:37625, s2:0.0.0.0:37369], old=null RUNNING
  s1:  RUNNING CANDIDATE s1@group-17EB70022112:t4, leader=null, voted=s1, raftlog=s1@group-17EB70022112-SegmentedRaftLog:OPENED:c-1,f-1,i0, conf=-1: [s3:0.0.0.0:42087, s4:0.0.0.0:33912, s0:0.0.0.0:40055, s1:0.0.0.0:37625, s2:0.0.0.0:37369], old=null RUNNING
  s2:  RUNNING CANDIDATE s2@group-17EB70022112:t4, leader=null, voted=s2, raftlog=s2@group-17EB70022112-SegmentedRaftLog:OPENED:c-1,f-1,i0, conf=-1: [s3:0.0.0.0:42087, s4:0.0.0.0:33912, s0:0.0.0.0:40055, s1:0.0.0.0:37625, s2:0.0.0.0:37369], old=null RUNNING
2019-09-24 17:11:01,106 WARN  ratis.RaftTestUtil (JavaUtils.java:attempt(158)) - FAILED "waitForLeader-null-(expectLeader? true)", attempt #90/100: java.lang.IllegalStateException: No leader yet : printing ALL groups
  s3:  RUNNING CANDIDATE s3@group-17EB70022112:t4, leader=null, voted=s3, raftlog=s3@group-17EB70022112-SegmentedRaftLog:OPENED:c-1,f-1,i0, conf=-1: [s3:0.0.0.0:42087, s4:0.0.0.0:33912, s0:0.0.0.0:40055, s1:0.0.0.0:37625, s2:0.0.0.0:37369], old=null RUNNING
  s4:  RUNNING CANDIDATE s4@group-17EB70022112:t4, leader=null, voted=s4, raftlog=s4@group-17EB70022112-SegmentedRaftLog:OPENED:c-1,f-1,i0, conf=-1: [s3:0.0.0.0:42087, s4:0.0.0.0:33912, s0:0.0.0.0:40055, s1:0.0.0.0:37625, s2:0.0.0.0:37369], old=null RUNNING
  s0:  RUNNING CANDIDATE s0@group-17EB70022112:t4, leader=null, voted=s0, raftlog=s0@group-17EB70022112-SegmentedRaftLog:OPENED:c-1,f-1,i0, conf=-1: [s3:0.0.0.0:42087, s4:0.0.0.0:33912, s0:0.0.0.0:40055, s1:0.0.0.0:37625, s2:0.0.0.0:37369], old=null RUNNING
  s1:  RUNNING CANDIDATE s1@group-17EB70022112:t4, leader=null, voted=s1, raftlog=s1@group-17EB70022112-SegmentedRaftLog:OPENED:c-1,f-1,i0, conf=-1: [s3:0.0.0.0:42087, s4:0.0.0.0:33912, s0:0.0.0.0:40055, s1:0.0.0.0:37625, s2:0.0.0.0:37369], old=null RUNNING
  s2:  RUNNING CANDIDATE s2@group-17EB70022112:t4, leader=null, voted=s2, raftlog=s2@group-17EB70022112-SegmentedRaftLog:OPENED:c-1,f-1,i0, conf=-1: [s3:0.0.0.0:42087, s4:0.0.0.0:33912, s0:0.0.0.0:40055, s1:0.0.0.0:37625, s2:0.0.0.0:37369], old=null RUNNING, sleep 450ms and then retry.
java.lang.IllegalStateException: No leader yet : printing ALL groups
  s3:  RUNNING CANDIDATE s3@group-17EB70022112:t4, leader=null, voted=s3, raftlog=s3@group-17EB70022112-SegmentedRaftLog:OPENED:c-1,f-1,i0, conf=-1: [s3:0.0.0.0:42087, s4:0.0.0.0:33912, s0:0.0.0.0:40055, s1:0.0.0.0:37625, s2:0.0.0.0:37369], old=null RUNNING
  s4:  RUNNING CANDIDATE s4@group-17EB70022112:t4, leader=null, voted=s4, raftlog=s4@group-17EB70022112-SegmentedRaftLog:OPENED:c-1,f-1,i0, conf=-1: [s3:0.0.0.0:42087, s4:0.0.0.0:33912, s0:0.0.0.0:40055, s1:0.0.0.0:37625, s2:0.0.0.0:37369], old=null RUNNING
  s0:  RUNNING CANDIDATE s0@group-17EB70022112:t4, leader=null, voted=s0, raftlog=s0@group-17EB70022112-SegmentedRaftLog:OPENED:c-1,f-1,i0, conf=-1: [s3:0.0.0.0:42087, s4:0.0.0.0:33912, s0:0.0.0.0:40055, s1:0.0.0.0:37625, s2:0.0.0.0:37369], old=null RUNNING
  s1:  RUNNING CANDIDATE s1@group-17EB70022112:t4, leader=null, voted=s1, raftlog=s1@group-17EB70022112-SegmentedRaftLog:OPENED:c-1,f-1,i0, conf=-1: [s3:0.0.0.0:42087, s4:0.0.0.0:33912, s0:0.0.0.0:40055, s1:0.0.0.0:37625, s2:0.0.0.0:37369], old=null RUNNING
  s2:  RUNNING CANDIDATE s2@group-17EB70022112:t4, leader=null, voted=s2, raftlog=s2@group-17EB70022112-SegmentedRaftLog:OPENED:c-1,f-1,i0, conf=-1: [s3:0.0.0.0:42087, s4:0.0.0.0:33912, s0:0.0.0.0:40055, s1:0.0.0.0:37625, s2:0.0.0.0:37369], old=null RUNNING
	at org.apache.ratis.MiniRaftCluster.newIllegalStateExceptionForNoLeaders(MiniRaftCluster.java:506)
	at org.apache.ratis.RaftTestUtil.lambda$waitForLeader$1(RaftTestUtil.java:90)
	at org.apache.ratis.MiniRaftCluster.getLeader(MiniRaftCluster.java:539)
	at org.apache.ratis.MiniRaftCluster.getLeader(MiniRaftCluster.java:532)
	at org.apache.ratis.RaftTestUtil.lambda$waitForLeader$3(RaftTestUtil.java:98)
	at org.apache.ratis.util.JavaUtils.attempt(JavaUtils.java:152)
	at org.apache.ratis.RaftTestUtil.waitForLeader(RaftTestUtil.java:97)
	at org.apache.ratis.RaftTestUtil.waitForLeader(RaftTestUtil.java:77)
	at org.apache.ratis.RaftTestUtil.waitForLeader(RaftTestUtil.java:72)
	at org.apache.ratis.RaftTestUtil.waitAndKillLeader(RaftTestUtil.java:114)
	at org.apache.ratis.server.impl.LeaderElectionTests.testBasicLeaderElection(LeaderElectionTests.java:63)
	at sun.reflect.NativeMethodAccessorImpl.invoke0(Native Method)
	at sun.reflect.NativeMethodAccessorImpl.invoke(NativeMethodAccessorImpl.java:62)
	at sun.reflect.DelegatingMethodAccessorImpl.invoke(DelegatingMethodAccessorImpl.java:43)
	at java.lang.reflect.Method.invoke(Method.java:498)
	at org.junit.runners.model.FrameworkMethod$1.runReflectiveCall(FrameworkMethod.java:50)
	at org.junit.internal.runners.model.ReflectiveCallable.run(ReflectiveCallable.java:12)
	at org.junit.runners.model.FrameworkMethod.invokeExplosively(FrameworkMethod.java:47)
	at org.junit.internal.runners.statements.InvokeMethod.evaluate(InvokeMethod.java:17)
	at org.junit.internal.runners.statements.RunAfters.evaluate(RunAfters.java:27)
	at org.junit.internal.runners.statements.FailOnTimeout$CallableStatement.call(FailOnTimeout.java:298)
	at org.junit.internal.runners.statements.FailOnTimeout$CallableStatement.call(FailOnTimeout.java:292)
	at java.util.concurrent.FutureTask.run(FutureTask.java:266)
	at java.lang.Thread.run(Thread.java:748)
2019-09-24 17:11:01,558 WARN  ratis.RaftTestUtil (JavaUtils.java:attempt(158)) - FAILED "waitForLeader-null-(expectLeader? true)", attempt #91/100: java.lang.IllegalStateException: No leader yet : printing ALL groups
  s3:  RUNNING CANDIDATE s3@group-17EB70022112:t4, leader=null, voted=s3, raftlog=s3@group-17EB70022112-SegmentedRaftLog:OPENED:c-1,f-1,i0, conf=-1: [s3:0.0.0.0:42087, s4:0.0.0.0:33912, s0:0.0.0.0:40055, s1:0.0.0.0:37625, s2:0.0.0.0:37369], old=null RUNNING
  s4:  RUNNING CANDIDATE s4@group-17EB70022112:t4, leader=null, voted=s4, raftlog=s4@group-17EB70022112-SegmentedRaftLog:OPENED:c-1,f-1,i0, conf=-1: [s3:0.0.0.0:42087, s4:0.0.0.0:33912, s0:0.0.0.0:40055, s1:0.0.0.0:37625, s2:0.0.0.0:37369], old=null RUNNING
  s0:  RUNNING CANDIDATE s0@group-17EB70022112:t4, leader=null, voted=s0, raftlog=s0@group-17EB70022112-SegmentedRaftLog:OPENED:c-1,f-1,i0, conf=-1: [s3:0.0.0.0:42087, s4:0.0.0.0:33912, s0:0.0.0.0:40055, s1:0.0.0.0:37625, s2:0.0.0.0:37369], old=null RUNNING
  s1:  RUNNING CANDIDATE s1@group-17EB70022112:t4, leader=null, voted=s1, raftlog=s1@group-17EB70022112-SegmentedRaftLog:OPENED:c-1,f-1,i0, conf=-1: [s3:0.0.0.0:42087, s4:0.0.0.0:33912, s0:0.0.0.0:40055, s1:0.0.0.0:37625, s2:0.0.0.0:37369], old=null RUNNING
  s2:  RUNNING CANDIDATE s2@group-17EB70022112:t4, leader=null, voted=s2, raftlog=s2@group-17EB70022112-SegmentedRaftLog:OPENED:c-1,f-1,i0, conf=-1: [s3:0.0.0.0:42087, s4:0.0.0.0:33912, s0:0.0.0.0:40055, s1:0.0.0.0:37625, s2:0.0.0.0:37369], old=null RUNNING, sleep 450ms and then retry.
java.lang.IllegalStateException: No leader yet : printing ALL groups
  s3:  RUNNING CANDIDATE s3@group-17EB70022112:t4, leader=null, voted=s3, raftlog=s3@group-17EB70022112-SegmentedRaftLog:OPENED:c-1,f-1,i0, conf=-1: [s3:0.0.0.0:42087, s4:0.0.0.0:33912, s0:0.0.0.0:40055, s1:0.0.0.0:37625, s2:0.0.0.0:37369], old=null RUNNING
  s4:  RUNNING CANDIDATE s4@group-17EB70022112:t4, leader=null, voted=s4, raftlog=s4@group-17EB70022112-SegmentedRaftLog:OPENED:c-1,f-1,i0, conf=-1: [s3:0.0.0.0:42087, s4:0.0.0.0:33912, s0:0.0.0.0:40055, s1:0.0.0.0:37625, s2:0.0.0.0:37369], old=null RUNNING
  s0:  RUNNING CANDIDATE s0@group-17EB70022112:t4, leader=null, voted=s0, raftlog=s0@group-17EB70022112-SegmentedRaftLog:OPENED:c-1,f-1,i0, conf=-1: [s3:0.0.0.0:42087, s4:0.0.0.0:33912, s0:0.0.0.0:40055, s1:0.0.0.0:37625, s2:0.0.0.0:37369], old=null RUNNING
  s1:  RUNNING CANDIDATE s1@group-17EB70022112:t4, leader=null, voted=s1, raftlog=s1@group-17EB70022112-SegmentedRaftLog:OPENED:c-1,f-1,i0, conf=-1: [s3:0.0.0.0:42087, s4:0.0.0.0:33912, s0:0.0.0.0:40055, s1:0.0.0.0:37625, s2:0.0.0.0:37369], old=null RUNNING
  s2:  RUNNING CANDIDATE s2@group-17EB70022112:t4, leader=null, voted=s2, raftlog=s2@group-17EB70022112-SegmentedRaftLog:OPENED:c-1,f-1,i0, conf=-1: [s3:0.0.0.0:42087, s4:0.0.0.0:33912, s0:0.0.0.0:40055, s1:0.0.0.0:37625, s2:0.0.0.0:37369], old=null RUNNING
	at org.apache.ratis.MiniRaftCluster.newIllegalStateExceptionForNoLeaders(MiniRaftCluster.java:506)
	at org.apache.ratis.RaftTestUtil.lambda$waitForLeader$1(RaftTestUtil.java:90)
	at org.apache.ratis.MiniRaftCluster.getLeader(MiniRaftCluster.java:539)
	at org.apache.ratis.MiniRaftCluster.getLeader(MiniRaftCluster.java:532)
	at org.apache.ratis.RaftTestUtil.lambda$waitForLeader$3(RaftTestUtil.java:98)
	at org.apache.ratis.util.JavaUtils.attempt(JavaUtils.java:152)
	at org.apache.ratis.RaftTestUtil.waitForLeader(RaftTestUtil.java:97)
	at org.apache.ratis.RaftTestUtil.waitForLeader(RaftTestUtil.java:77)
	at org.apache.ratis.RaftTestUtil.waitForLeader(RaftTestUtil.java:72)
	at org.apache.ratis.RaftTestUtil.waitAndKillLeader(RaftTestUtil.java:114)
	at org.apache.ratis.server.impl.LeaderElectionTests.testBasicLeaderElection(LeaderElectionTests.java:63)
	at sun.reflect.NativeMethodAccessorImpl.invoke0(Native Method)
	at sun.reflect.NativeMethodAccessorImpl.invoke(NativeMethodAccessorImpl.java:62)
	at sun.reflect.DelegatingMethodAccessorImpl.invoke(DelegatingMethodAccessorImpl.java:43)
	at java.lang.reflect.Method.invoke(Method.java:498)
	at org.junit.runners.model.FrameworkMethod$1.runReflectiveCall(FrameworkMethod.java:50)
	at org.junit.internal.runners.model.ReflectiveCallable.run(ReflectiveCallable.java:12)
	at org.junit.runners.model.FrameworkMethod.invokeExplosively(FrameworkMethod.java:47)
	at org.junit.internal.runners.statements.InvokeMethod.evaluate(InvokeMethod.java:17)
	at org.junit.internal.runners.statements.RunAfters.evaluate(RunAfters.java:27)
	at org.junit.internal.runners.statements.FailOnTimeout$CallableStatement.call(FailOnTimeout.java:298)
	at org.junit.internal.runners.statements.FailOnTimeout$CallableStatement.call(FailOnTimeout.java:292)
	at java.util.concurrent.FutureTask.run(FutureTask.java:266)
	at java.lang.Thread.run(Thread.java:748)
2019-09-24 17:11:02,010 WARN  ratis.RaftTestUtil (JavaUtils.java:attempt(158)) - FAILED "waitForLeader-null-(expectLeader? true)", attempt #92/100: java.lang.IllegalStateException: No leader yet : printing ALL groups
  s3:  RUNNING CANDIDATE s3@group-17EB70022112:t4, leader=null, voted=s3, raftlog=s3@group-17EB70022112-SegmentedRaftLog:OPENED:c-1,f-1,i0, conf=-1: [s3:0.0.0.0:42087, s4:0.0.0.0:33912, s0:0.0.0.0:40055, s1:0.0.0.0:37625, s2:0.0.0.0:37369], old=null RUNNING
  s4:  RUNNING CANDIDATE s4@group-17EB70022112:t4, leader=null, voted=s4, raftlog=s4@group-17EB70022112-SegmentedRaftLog:OPENED:c-1,f-1,i0, conf=-1: [s3:0.0.0.0:42087, s4:0.0.0.0:33912, s0:0.0.0.0:40055, s1:0.0.0.0:37625, s2:0.0.0.0:37369], old=null RUNNING
  s0:  RUNNING CANDIDATE s0@group-17EB70022112:t4, leader=null, voted=s0, raftlog=s0@group-17EB70022112-SegmentedRaftLog:OPENED:c-1,f-1,i0, conf=-1: [s3:0.0.0.0:42087, s4:0.0.0.0:33912, s0:0.0.0.0:40055, s1:0.0.0.0:37625, s2:0.0.0.0:37369], old=null RUNNING
  s1:  RUNNING CANDIDATE s1@group-17EB70022112:t4, leader=null, voted=s1, raftlog=s1@group-17EB70022112-SegmentedRaftLog:OPENED:c-1,f-1,i0, conf=-1: [s3:0.0.0.0:42087, s4:0.0.0.0:33912, s0:0.0.0.0:40055, s1:0.0.0.0:37625, s2:0.0.0.0:37369], old=null RUNNING
  s2:  RUNNING CANDIDATE s2@group-17EB70022112:t4, leader=null, voted=s2, raftlog=s2@group-17EB70022112-SegmentedRaftLog:OPENED:c-1,f-1,i0, conf=-1: [s3:0.0.0.0:42087, s4:0.0.0.0:33912, s0:0.0.0.0:40055, s1:0.0.0.0:37625, s2:0.0.0.0:37369], old=null RUNNING, sleep 450ms and then retry.
java.lang.IllegalStateException: No leader yet : printing ALL groups
  s3:  RUNNING CANDIDATE s3@group-17EB70022112:t4, leader=null, voted=s3, raftlog=s3@group-17EB70022112-SegmentedRaftLog:OPENED:c-1,f-1,i0, conf=-1: [s3:0.0.0.0:42087, s4:0.0.0.0:33912, s0:0.0.0.0:40055, s1:0.0.0.0:37625, s2:0.0.0.0:37369], old=null RUNNING
  s4:  RUNNING CANDIDATE s4@group-17EB70022112:t4, leader=null, voted=s4, raftlog=s4@group-17EB70022112-SegmentedRaftLog:OPENED:c-1,f-1,i0, conf=-1: [s3:0.0.0.0:42087, s4:0.0.0.0:33912, s0:0.0.0.0:40055, s1:0.0.0.0:37625, s2:0.0.0.0:37369], old=null RUNNING
  s0:  RUNNING CANDIDATE s0@group-17EB70022112:t4, leader=null, voted=s0, raftlog=s0@group-17EB70022112-SegmentedRaftLog:OPENED:c-1,f-1,i0, conf=-1: [s3:0.0.0.0:42087, s4:0.0.0.0:33912, s0:0.0.0.0:40055, s1:0.0.0.0:37625, s2:0.0.0.0:37369], old=null RUNNING
  s1:  RUNNING CANDIDATE s1@group-17EB70022112:t4, leader=null, voted=s1, raftlog=s1@group-17EB70022112-SegmentedRaftLog:OPENED:c-1,f-1,i0, conf=-1: [s3:0.0.0.0:42087, s4:0.0.0.0:33912, s0:0.0.0.0:40055, s1:0.0.0.0:37625, s2:0.0.0.0:37369], old=null RUNNING
  s2:  RUNNING CANDIDATE s2@group-17EB70022112:t4, leader=null, voted=s2, raftlog=s2@group-17EB70022112-SegmentedRaftLog:OPENED:c-1,f-1,i0, conf=-1: [s3:0.0.0.0:42087, s4:0.0.0.0:33912, s0:0.0.0.0:40055, s1:0.0.0.0:37625, s2:0.0.0.0:37369], old=null RUNNING
	at org.apache.ratis.MiniRaftCluster.newIllegalStateExceptionForNoLeaders(MiniRaftCluster.java:506)
	at org.apache.ratis.RaftTestUtil.lambda$waitForLeader$1(RaftTestUtil.java:90)
	at org.apache.ratis.MiniRaftCluster.getLeader(MiniRaftCluster.java:539)
	at org.apache.ratis.MiniRaftCluster.getLeader(MiniRaftCluster.java:532)
	at org.apache.ratis.RaftTestUtil.lambda$waitForLeader$3(RaftTestUtil.java:98)
	at org.apache.ratis.util.JavaUtils.attempt(JavaUtils.java:152)
	at org.apache.ratis.RaftTestUtil.waitForLeader(RaftTestUtil.java:97)
	at org.apache.ratis.RaftTestUtil.waitForLeader(RaftTestUtil.java:77)
	at org.apache.ratis.RaftTestUtil.waitForLeader(RaftTestUtil.java:72)
	at org.apache.ratis.RaftTestUtil.waitAndKillLeader(RaftTestUtil.java:114)
	at org.apache.ratis.server.impl.LeaderElectionTests.testBasicLeaderElection(LeaderElectionTests.java:63)
	at sun.reflect.NativeMethodAccessorImpl.invoke0(Native Method)
	at sun.reflect.NativeMethodAccessorImpl.invoke(NativeMethodAccessorImpl.java:62)
	at sun.reflect.DelegatingMethodAccessorImpl.invoke(DelegatingMethodAccessorImpl.java:43)
	at java.lang.reflect.Method.invoke(Method.java:498)
	at org.junit.runners.model.FrameworkMethod$1.runReflectiveCall(FrameworkMethod.java:50)
	at org.junit.internal.runners.model.ReflectiveCallable.run(ReflectiveCallable.java:12)
	at org.junit.runners.model.FrameworkMethod.invokeExplosively(FrameworkMethod.java:47)
	at org.junit.internal.runners.statements.InvokeMethod.evaluate(InvokeMethod.java:17)
	at org.junit.internal.runners.statements.RunAfters.evaluate(RunAfters.java:27)
	at org.junit.internal.runners.statements.FailOnTimeout$CallableStatement.call(FailOnTimeout.java:298)
	at org.junit.internal.runners.statements.FailOnTimeout$CallableStatement.call(FailOnTimeout.java:292)
	at java.util.concurrent.FutureTask.run(FutureTask.java:266)
	at java.lang.Thread.run(Thread.java:748)
2019-09-24 17:11:02,461 WARN  ratis.RaftTestUtil (JavaUtils.java:attempt(158)) - FAILED "waitForLeader-null-(expectLeader? true)", attempt #93/100: java.lang.IllegalStateException: No leader yet : printing ALL groups
  s3:  RUNNING CANDIDATE s3@group-17EB70022112:t4, leader=null, voted=s3, raftlog=s3@group-17EB70022112-SegmentedRaftLog:OPENED:c-1,f-1,i0, conf=-1: [s3:0.0.0.0:42087, s4:0.0.0.0:33912, s0:0.0.0.0:40055, s1:0.0.0.0:37625, s2:0.0.0.0:37369], old=null RUNNING
  s4:  RUNNING CANDIDATE s4@group-17EB70022112:t4, leader=null, voted=s4, raftlog=s4@group-17EB70022112-SegmentedRaftLog:OPENED:c-1,f-1,i0, conf=-1: [s3:0.0.0.0:42087, s4:0.0.0.0:33912, s0:0.0.0.0:40055, s1:0.0.0.0:37625, s2:0.0.0.0:37369], old=null RUNNING
  s0:  RUNNING CANDIDATE s0@group-17EB70022112:t4, leader=null, voted=s0, raftlog=s0@group-17EB70022112-SegmentedRaftLog:OPENED:c-1,f-1,i0, conf=-1: [s3:0.0.0.0:42087, s4:0.0.0.0:33912, s0:0.0.0.0:40055, s1:0.0.0.0:37625, s2:0.0.0.0:37369], old=null RUNNING
  s1:  RUNNING CANDIDATE s1@group-17EB70022112:t4, leader=null, voted=s1, raftlog=s1@group-17EB70022112-SegmentedRaftLog:OPENED:c-1,f-1,i0, conf=-1: [s3:0.0.0.0:42087, s4:0.0.0.0:33912, s0:0.0.0.0:40055, s1:0.0.0.0:37625, s2:0.0.0.0:37369], old=null RUNNING
  s2:  RUNNING CANDIDATE s2@group-17EB70022112:t4, leader=null, voted=s2, raftlog=s2@group-17EB70022112-SegmentedRaftLog:OPENED:c-1,f-1,i0, conf=-1: [s3:0.0.0.0:42087, s4:0.0.0.0:33912, s0:0.0.0.0:40055, s1:0.0.0.0:37625, s2:0.0.0.0:37369], old=null RUNNING, sleep 450ms and then retry.
java.lang.IllegalStateException: No leader yet : printing ALL groups
  s3:  RUNNING CANDIDATE s3@group-17EB70022112:t4, leader=null, voted=s3, raftlog=s3@group-17EB70022112-SegmentedRaftLog:OPENED:c-1,f-1,i0, conf=-1: [s3:0.0.0.0:42087, s4:0.0.0.0:33912, s0:0.0.0.0:40055, s1:0.0.0.0:37625, s2:0.0.0.0:37369], old=null RUNNING
  s4:  RUNNING CANDIDATE s4@group-17EB70022112:t4, leader=null, voted=s4, raftlog=s4@group-17EB70022112-SegmentedRaftLog:OPENED:c-1,f-1,i0, conf=-1: [s3:0.0.0.0:42087, s4:0.0.0.0:33912, s0:0.0.0.0:40055, s1:0.0.0.0:37625, s2:0.0.0.0:37369], old=null RUNNING
  s0:  RUNNING CANDIDATE s0@group-17EB70022112:t4, leader=null, voted=s0, raftlog=s0@group-17EB70022112-SegmentedRaftLog:OPENED:c-1,f-1,i0, conf=-1: [s3:0.0.0.0:42087, s4:0.0.0.0:33912, s0:0.0.0.0:40055, s1:0.0.0.0:37625, s2:0.0.0.0:37369], old=null RUNNING
  s1:  RUNNING CANDIDATE s1@group-17EB70022112:t4, leader=null, voted=s1, raftlog=s1@group-17EB70022112-SegmentedRaftLog:OPENED:c-1,f-1,i0, conf=-1: [s3:0.0.0.0:42087, s4:0.0.0.0:33912, s0:0.0.0.0:40055, s1:0.0.0.0:37625, s2:0.0.0.0:37369], old=null RUNNING
  s2:  RUNNING CANDIDATE s2@group-17EB70022112:t4, leader=null, voted=s2, raftlog=s2@group-17EB70022112-SegmentedRaftLog:OPENED:c-1,f-1,i0, conf=-1: [s3:0.0.0.0:42087, s4:0.0.0.0:33912, s0:0.0.0.0:40055, s1:0.0.0.0:37625, s2:0.0.0.0:37369], old=null RUNNING
	at org.apache.ratis.MiniRaftCluster.newIllegalStateExceptionForNoLeaders(MiniRaftCluster.java:506)
	at org.apache.ratis.RaftTestUtil.lambda$waitForLeader$1(RaftTestUtil.java:90)
	at org.apache.ratis.MiniRaftCluster.getLeader(MiniRaftCluster.java:539)
	at org.apache.ratis.MiniRaftCluster.getLeader(MiniRaftCluster.java:532)
	at org.apache.ratis.RaftTestUtil.lambda$waitForLeader$3(RaftTestUtil.java:98)
	at org.apache.ratis.util.JavaUtils.attempt(JavaUtils.java:152)
	at org.apache.ratis.RaftTestUtil.waitForLeader(RaftTestUtil.java:97)
	at org.apache.ratis.RaftTestUtil.waitForLeader(RaftTestUtil.java:77)
	at org.apache.ratis.RaftTestUtil.waitForLeader(RaftTestUtil.java:72)
	at org.apache.ratis.RaftTestUtil.waitAndKillLeader(RaftTestUtil.java:114)
	at org.apache.ratis.server.impl.LeaderElectionTests.testBasicLeaderElection(LeaderElectionTests.java:63)
	at sun.reflect.NativeMethodAccessorImpl.invoke0(Native Method)
	at sun.reflect.NativeMethodAccessorImpl.invoke(NativeMethodAccessorImpl.java:62)
	at sun.reflect.DelegatingMethodAccessorImpl.invoke(DelegatingMethodAccessorImpl.java:43)
	at java.lang.reflect.Method.invoke(Method.java:498)
	at org.junit.runners.model.FrameworkMethod$1.runReflectiveCall(FrameworkMethod.java:50)
	at org.junit.internal.runners.model.ReflectiveCallable.run(ReflectiveCallable.java:12)
	at org.junit.runners.model.FrameworkMethod.invokeExplosively(FrameworkMethod.java:47)
	at org.junit.internal.runners.statements.InvokeMethod.evaluate(InvokeMethod.java:17)
	at org.junit.internal.runners.statements.RunAfters.evaluate(RunAfters.java:27)
	at org.junit.internal.runners.statements.FailOnTimeout$CallableStatement.call(FailOnTimeout.java:298)
	at org.junit.internal.runners.statements.FailOnTimeout$CallableStatement.call(FailOnTimeout.java:292)
	at java.util.concurrent.FutureTask.run(FutureTask.java:266)
	at java.lang.Thread.run(Thread.java:748)
2019-09-24 17:11:02,562 INFO  impl.LeaderElection (LeaderElection.java:askForVotes(178)) - s0@group-17EB70022112-LeaderElection51: begin an election at term 4 for -1: [s3:0.0.0.0:42087, s4:0.0.0.0:33912, s0:0.0.0.0:40055, s1:0.0.0.0:37625, s2:0.0.0.0:37369], old=null
2019-09-24 17:11:02,562 DEBUG impl.RaftServerImpl (RaftServerImpl.java:requestVote(775)) - s0@group-17EB70022112 replies to vote request: s1<-s0#0:FAIL-t4. Peer's state: s0@group-17EB70022112:t4, leader=null, voted=s0, raftlog=s0@group-17EB70022112-SegmentedRaftLog:OPENED:c-1,f-1,i0, conf=-1: [s3:0.0.0.0:42087, s4:0.0.0.0:33912, s0:0.0.0.0:40055, s1:0.0.0.0:37625, s2:0.0.0.0:37369], old=null
2019-09-24 17:11:02,564 DEBUG impl.RaftServerImpl (RaftServerImpl.java:requestVote(775)) - s0@group-17EB70022112 replies to vote request: s4<-s0#0:FAIL-t4. Peer's state: s0@group-17EB70022112:t4, leader=null, voted=s0, raftlog=s0@group-17EB70022112-SegmentedRaftLog:OPENED:c-1,f-1,i0, conf=-1: [s3:0.0.0.0:42087, s4:0.0.0.0:33912, s0:0.0.0.0:40055, s1:0.0.0.0:37625, s2:0.0.0.0:37369], old=null
2019-09-24 17:11:02,564 DEBUG impl.RaftServerImpl (RaftServerImpl.java:requestVote(775)) - s0@group-17EB70022112 replies to vote request: s3<-s0#0:FAIL-t4. Peer's state: s0@group-17EB70022112:t4, leader=null, voted=s0, raftlog=s0@group-17EB70022112-SegmentedRaftLog:OPENED:c-1,f-1,i0, conf=-1: [s3:0.0.0.0:42087, s4:0.0.0.0:33912, s0:0.0.0.0:40055, s1:0.0.0.0:37625, s2:0.0.0.0:37369], old=null
2019-09-24 17:11:02,565 DEBUG impl.RaftServerImpl (RaftServerImpl.java:requestVote(743)) - s3@group-17EB70022112: receive requestVote(s0, group-17EB70022112, 4, (t:0, i:0))
2019-09-24 17:11:02,566 DEBUG impl.RaftServerImpl (RaftServerImpl.java:requestVote(743)) - s4@group-17EB70022112: receive requestVote(s0, group-17EB70022112, 4, (t:0, i:0))
2019-09-24 17:11:02,566 DEBUG impl.RaftServerImpl (RaftServerImpl.java:requestVote(743)) - s1@group-17EB70022112: receive requestVote(s0, group-17EB70022112, 4, (t:0, i:0))
2019-09-24 17:11:02,566 DEBUG impl.RaftServerImpl (RaftServerImpl.java:requestVote(743)) - s2@group-17EB70022112: receive requestVote(s0, group-17EB70022112, 4, (t:0, i:0))
2019-09-24 17:11:02,576 DEBUG impl.RaftServerImpl (RaftServerImpl.java:requestVote(743)) - s0@group-17EB70022112: receive requestVote(s2, group-17EB70022112, 3, (t:0, i:0))
2019-09-24 17:11:02,577 DEBUG impl.RaftServerImpl (RaftServerImpl.java:requestVote(775)) - s0@group-17EB70022112 replies to vote request: s2<-s0#0:FAIL-t4. Peer's state: s0@group-17EB70022112:t4, leader=null, voted=s0, raftlog=s0@group-17EB70022112-SegmentedRaftLog:OPENED:c-1,f-1,i0, conf=-1: [s3:0.0.0.0:42087, s4:0.0.0.0:33912, s0:0.0.0.0:40055, s1:0.0.0.0:37625, s2:0.0.0.0:37369], old=null
2019-09-24 17:11:02,748 INFO  impl.LeaderElection (LeaderElection.java:logAndReturn(56)) - s0@group-17EB70022112-LeaderElection51: Election TIMEOUT; received 0 response(s) [] and 0 exception(s); s0@group-17EB70022112:t4, leader=null, voted=s0, raftlog=s0@group-17EB70022112-SegmentedRaftLog:OPENED:c-1,f-1,i0, conf=-1: [s3:0.0.0.0:42087, s4:0.0.0.0:33912, s0:0.0.0.0:40055, s1:0.0.0.0:37625, s2:0.0.0.0:37369], old=null
2019-09-24 17:11:02,913 WARN  ratis.RaftTestUtil (JavaUtils.java:attempt(158)) - FAILED "waitForLeader-null-(expectLeader? true)", attempt #94/100: java.lang.IllegalStateException: No leader yet : printing ALL groups
  s3:  RUNNING CANDIDATE s3@group-17EB70022112:t4, leader=null, voted=s3, raftlog=s3@group-17EB70022112-SegmentedRaftLog:OPENED:c-1,f-1,i0, conf=-1: [s3:0.0.0.0:42087, s4:0.0.0.0:33912, s0:0.0.0.0:40055, s1:0.0.0.0:37625, s2:0.0.0.0:37369], old=null RUNNING
  s4:  RUNNING CANDIDATE s4@group-17EB70022112:t4, leader=null, voted=s4, raftlog=s4@group-17EB70022112-SegmentedRaftLog:OPENED:c-1,f-1,i0, conf=-1: [s3:0.0.0.0:42087, s4:0.0.0.0:33912, s0:0.0.0.0:40055, s1:0.0.0.0:37625, s2:0.0.0.0:37369], old=null RUNNING
  s0:  RUNNING CANDIDATE s0@group-17EB70022112:t5, leader=null, voted=s0, raftlog=s0@group-17EB70022112-SegmentedRaftLog:OPENED:c-1,f-1,i0, conf=-1: [s3:0.0.0.0:42087, s4:0.0.0.0:33912, s0:0.0.0.0:40055, s1:0.0.0.0:37625, s2:0.0.0.0:37369], old=null RUNNING
  s1:  RUNNING CANDIDATE s1@group-17EB70022112:t4, leader=null, voted=s1, raftlog=s1@group-17EB70022112-SegmentedRaftLog:OPENED:c-1,f-1,i0, conf=-1: [s3:0.0.0.0:42087, s4:0.0.0.0:33912, s0:0.0.0.0:40055, s1:0.0.0.0:37625, s2:0.0.0.0:37369], old=null RUNNING
  s2:  RUNNING CANDIDATE s2@group-17EB70022112:t4, leader=null, voted=s2, raftlog=s2@group-17EB70022112-SegmentedRaftLog:OPENED:c-1,f-1,i0, conf=-1: [s3:0.0.0.0:42087, s4:0.0.0.0:33912, s0:0.0.0.0:40055, s1:0.0.0.0:37625, s2:0.0.0.0:37369], old=null RUNNING, sleep 450ms and then retry.
java.lang.IllegalStateException: No leader yet : printing ALL groups
  s3:  RUNNING CANDIDATE s3@group-17EB70022112:t4, leader=null, voted=s3, raftlog=s3@group-17EB70022112-SegmentedRaftLog:OPENED:c-1,f-1,i0, conf=-1: [s3:0.0.0.0:42087, s4:0.0.0.0:33912, s0:0.0.0.0:40055, s1:0.0.0.0:37625, s2:0.0.0.0:37369], old=null RUNNING
  s4:  RUNNING CANDIDATE s4@group-17EB70022112:t4, leader=null, voted=s4, raftlog=s4@group-17EB70022112-SegmentedRaftLog:OPENED:c-1,f-1,i0, conf=-1: [s3:0.0.0.0:42087, s4:0.0.0.0:33912, s0:0.0.0.0:40055, s1:0.0.0.0:37625, s2:0.0.0.0:37369], old=null RUNNING
  s0:  RUNNING CANDIDATE s0@group-17EB70022112:t5, leader=null, voted=s0, raftlog=s0@group-17EB70022112-SegmentedRaftLog:OPENED:c-1,f-1,i0, conf=-1: [s3:0.0.0.0:42087, s4:0.0.0.0:33912, s0:0.0.0.0:40055, s1:0.0.0.0:37625, s2:0.0.0.0:37369], old=null RUNNING
  s1:  RUNNING CANDIDATE s1@group-17EB70022112:t4, leader=null, voted=s1, raftlog=s1@group-17EB70022112-SegmentedRaftLog:OPENED:c-1,f-1,i0, conf=-1: [s3:0.0.0.0:42087, s4:0.0.0.0:33912, s0:0.0.0.0:40055, s1:0.0.0.0:37625, s2:0.0.0.0:37369], old=null RUNNING
  s2:  RUNNING CANDIDATE s2@group-17EB70022112:t4, leader=null, voted=s2, raftlog=s2@group-17EB70022112-SegmentedRaftLog:OPENED:c-1,f-1,i0, conf=-1: [s3:0.0.0.0:42087, s4:0.0.0.0:33912, s0:0.0.0.0:40055, s1:0.0.0.0:37625, s2:0.0.0.0:37369], old=null RUNNING
	at org.apache.ratis.MiniRaftCluster.newIllegalStateExceptionForNoLeaders(MiniRaftCluster.java:506)
	at org.apache.ratis.RaftTestUtil.lambda$waitForLeader$1(RaftTestUtil.java:90)
	at org.apache.ratis.MiniRaftCluster.getLeader(MiniRaftCluster.java:539)
	at org.apache.ratis.MiniRaftCluster.getLeader(MiniRaftCluster.java:532)
	at org.apache.ratis.RaftTestUtil.lambda$waitForLeader$3(RaftTestUtil.java:98)
	at org.apache.ratis.util.JavaUtils.attempt(JavaUtils.java:152)
	at org.apache.ratis.RaftTestUtil.waitForLeader(RaftTestUtil.java:97)
	at org.apache.ratis.RaftTestUtil.waitForLeader(RaftTestUtil.java:77)
	at org.apache.ratis.RaftTestUtil.waitForLeader(RaftTestUtil.java:72)
	at org.apache.ratis.RaftTestUtil.waitAndKillLeader(RaftTestUtil.java:114)
	at org.apache.ratis.server.impl.LeaderElectionTests.testBasicLeaderElection(LeaderElectionTests.java:63)
	at sun.reflect.NativeMethodAccessorImpl.invoke0(Native Method)
	at sun.reflect.NativeMethodAccessorImpl.invoke(NativeMethodAccessorImpl.java:62)
	at sun.reflect.DelegatingMethodAccessorImpl.invoke(DelegatingMethodAccessorImpl.java:43)
	at java.lang.reflect.Method.invoke(Method.java:498)
	at org.junit.runners.model.FrameworkMethod$1.runReflectiveCall(FrameworkMethod.java:50)
	at org.junit.internal.runners.model.ReflectiveCallable.run(ReflectiveCallable.java:12)
	at org.junit.runners.model.FrameworkMethod.invokeExplosively(FrameworkMethod.java:47)
	at org.junit.internal.runners.statements.InvokeMethod.evaluate(InvokeMethod.java:17)
	at org.junit.internal.runners.statements.RunAfters.evaluate(RunAfters.java:27)
	at org.junit.internal.runners.statements.FailOnTimeout$CallableStatement.call(FailOnTimeout.java:298)
	at org.junit.internal.runners.statements.FailOnTimeout$CallableStatement.call(FailOnTimeout.java:292)
	at java.util.concurrent.FutureTask.run(FutureTask.java:266)
	at java.lang.Thread.run(Thread.java:748)
2019-09-24 17:11:03,364 WARN  ratis.RaftTestUtil (JavaUtils.java:attempt(158)) - FAILED "waitForLeader-null-(expectLeader? true)", attempt #95/100: java.lang.IllegalStateException: No leader yet : printing ALL groups
  s3:  RUNNING CANDIDATE s3@group-17EB70022112:t4, leader=null, voted=s3, raftlog=s3@group-17EB70022112-SegmentedRaftLog:OPENED:c-1,f-1,i0, conf=-1: [s3:0.0.0.0:42087, s4:0.0.0.0:33912, s0:0.0.0.0:40055, s1:0.0.0.0:37625, s2:0.0.0.0:37369], old=null RUNNING
  s4:  RUNNING CANDIDATE s4@group-17EB70022112:t4, leader=null, voted=s4, raftlog=s4@group-17EB70022112-SegmentedRaftLog:OPENED:c-1,f-1,i0, conf=-1: [s3:0.0.0.0:42087, s4:0.0.0.0:33912, s0:0.0.0.0:40055, s1:0.0.0.0:37625, s2:0.0.0.0:37369], old=null RUNNING
  s0:  RUNNING CANDIDATE s0@group-17EB70022112:t5, leader=null, voted=s0, raftlog=s0@group-17EB70022112-SegmentedRaftLog:OPENED:c-1,f-1,i0, conf=-1: [s3:0.0.0.0:42087, s4:0.0.0.0:33912, s0:0.0.0.0:40055, s1:0.0.0.0:37625, s2:0.0.0.0:37369], old=null RUNNING
  s1:  RUNNING CANDIDATE s1@group-17EB70022112:t4, leader=null, voted=s1, raftlog=s1@group-17EB70022112-SegmentedRaftLog:OPENED:c-1,f-1,i0, conf=-1: [s3:0.0.0.0:42087, s4:0.0.0.0:33912, s0:0.0.0.0:40055, s1:0.0.0.0:37625, s2:0.0.0.0:37369], old=null RUNNING
  s2:  RUNNING CANDIDATE s2@group-17EB70022112:t4, leader=null, voted=s2, raftlog=s2@group-17EB70022112-SegmentedRaftLog:OPENED:c-1,f-1,i0, conf=-1: [s3:0.0.0.0:42087, s4:0.0.0.0:33912, s0:0.0.0.0:40055, s1:0.0.0.0:37625, s2:0.0.0.0:37369], old=null RUNNING, sleep 450ms and then retry.
java.lang.IllegalStateException: No leader yet : printing ALL groups
  s3:  RUNNING CANDIDATE s3@group-17EB70022112:t4, leader=null, voted=s3, raftlog=s3@group-17EB70022112-SegmentedRaftLog:OPENED:c-1,f-1,i0, conf=-1: [s3:0.0.0.0:42087, s4:0.0.0.0:33912, s0:0.0.0.0:40055, s1:0.0.0.0:37625, s2:0.0.0.0:37369], old=null RUNNING
  s4:  RUNNING CANDIDATE s4@group-17EB70022112:t4, leader=null, voted=s4, raftlog=s4@group-17EB70022112-SegmentedRaftLog:OPENED:c-1,f-1,i0, conf=-1: [s3:0.0.0.0:42087, s4:0.0.0.0:33912, s0:0.0.0.0:40055, s1:0.0.0.0:37625, s2:0.0.0.0:37369], old=null RUNNING
  s0:  RUNNING CANDIDATE s0@group-17EB70022112:t5, leader=null, voted=s0, raftlog=s0@group-17EB70022112-SegmentedRaftLog:OPENED:c-1,f-1,i0, conf=-1: [s3:0.0.0.0:42087, s4:0.0.0.0:33912, s0:0.0.0.0:40055, s1:0.0.0.0:37625, s2:0.0.0.0:37369], old=null RUNNING
  s1:  RUNNING CANDIDATE s1@group-17EB70022112:t4, leader=null, voted=s1, raftlog=s1@group-17EB70022112-SegmentedRaftLog:OPENED:c-1,f-1,i0, conf=-1: [s3:0.0.0.0:42087, s4:0.0.0.0:33912, s0:0.0.0.0:40055, s1:0.0.0.0:37625, s2:0.0.0.0:37369], old=null RUNNING
  s2:  RUNNING CANDIDATE s2@group-17EB70022112:t4, leader=null, voted=s2, raftlog=s2@group-17EB70022112-SegmentedRaftLog:OPENED:c-1,f-1,i0, conf=-1: [s3:0.0.0.0:42087, s4:0.0.0.0:33912, s0:0.0.0.0:40055, s1:0.0.0.0:37625, s2:0.0.0.0:37369], old=null RUNNING
	at org.apache.ratis.MiniRaftCluster.newIllegalStateExceptionForNoLeaders(MiniRaftCluster.java:506)
	at org.apache.ratis.RaftTestUtil.lambda$waitForLeader$1(RaftTestUtil.java:90)
	at org.apache.ratis.MiniRaftCluster.getLeader(MiniRaftCluster.java:539)
	at org.apache.ratis.MiniRaftCluster.getLeader(MiniRaftCluster.java:532)
	at org.apache.ratis.RaftTestUtil.lambda$waitForLeader$3(RaftTestUtil.java:98)
	at org.apache.ratis.util.JavaUtils.attempt(JavaUtils.java:152)
	at org.apache.ratis.RaftTestUtil.waitForLeader(RaftTestUtil.java:97)
	at org.apache.ratis.RaftTestUtil.waitForLeader(RaftTestUtil.java:77)
	at org.apache.ratis.RaftTestUtil.waitForLeader(RaftTestUtil.java:72)
	at org.apache.ratis.RaftTestUtil.waitAndKillLeader(RaftTestUtil.java:114)
	at org.apache.ratis.server.impl.LeaderElectionTests.testBasicLeaderElection(LeaderElectionTests.java:63)
	at sun.reflect.NativeMethodAccessorImpl.invoke0(Native Method)
	at sun.reflect.NativeMethodAccessorImpl.invoke(NativeMethodAccessorImpl.java:62)
	at sun.reflect.DelegatingMethodAccessorImpl.invoke(DelegatingMethodAccessorImpl.java:43)
	at java.lang.reflect.Method.invoke(Method.java:498)
	at org.junit.runners.model.FrameworkMethod$1.runReflectiveCall(FrameworkMethod.java:50)
	at org.junit.internal.runners.model.ReflectiveCallable.run(ReflectiveCallable.java:12)
	at org.junit.runners.model.FrameworkMethod.invokeExplosively(FrameworkMethod.java:47)
	at org.junit.internal.runners.statements.InvokeMethod.evaluate(InvokeMethod.java:17)
	at org.junit.internal.runners.statements.RunAfters.evaluate(RunAfters.java:27)
	at org.junit.internal.runners.statements.FailOnTimeout$CallableStatement.call(FailOnTimeout.java:298)
	at org.junit.internal.runners.statements.FailOnTimeout$CallableStatement.call(FailOnTimeout.java:292)
	at java.util.concurrent.FutureTask.run(FutureTask.java:266)
	at java.lang.Thread.run(Thread.java:748)
2019-09-24 17:11:03,816 WARN  ratis.RaftTestUtil (JavaUtils.java:attempt(158)) - FAILED "waitForLeader-null-(expectLeader? true)", attempt #96/100: java.lang.IllegalStateException: No leader yet : printing ALL groups
  s3:  RUNNING CANDIDATE s3@group-17EB70022112:t4, leader=null, voted=s3, raftlog=s3@group-17EB70022112-SegmentedRaftLog:OPENED:c-1,f-1,i0, conf=-1: [s3:0.0.0.0:42087, s4:0.0.0.0:33912, s0:0.0.0.0:40055, s1:0.0.0.0:37625, s2:0.0.0.0:37369], old=null RUNNING
  s4:  RUNNING CANDIDATE s4@group-17EB70022112:t4, leader=null, voted=s4, raftlog=s4@group-17EB70022112-SegmentedRaftLog:OPENED:c-1,f-1,i0, conf=-1: [s3:0.0.0.0:42087, s4:0.0.0.0:33912, s0:0.0.0.0:40055, s1:0.0.0.0:37625, s2:0.0.0.0:37369], old=null RUNNING
  s0:  RUNNING CANDIDATE s0@group-17EB70022112:t5, leader=null, voted=s0, raftlog=s0@group-17EB70022112-SegmentedRaftLog:OPENED:c-1,f-1,i0, conf=-1: [s3:0.0.0.0:42087, s4:0.0.0.0:33912, s0:0.0.0.0:40055, s1:0.0.0.0:37625, s2:0.0.0.0:37369], old=null RUNNING
  s1:  RUNNING CANDIDATE s1@group-17EB70022112:t4, leader=null, voted=s1, raftlog=s1@group-17EB70022112-SegmentedRaftLog:OPENED:c-1,f-1,i0, conf=-1: [s3:0.0.0.0:42087, s4:0.0.0.0:33912, s0:0.0.0.0:40055, s1:0.0.0.0:37625, s2:0.0.0.0:37369], old=null RUNNING
  s2:  RUNNING CANDIDATE s2@group-17EB70022112:t4, leader=null, voted=s2, raftlog=s2@group-17EB70022112-SegmentedRaftLog:OPENED:c-1,f-1,i0, conf=-1: [s3:0.0.0.0:42087, s4:0.0.0.0:33912, s0:0.0.0.0:40055, s1:0.0.0.0:37625, s2:0.0.0.0:37369], old=null RUNNING, sleep 450ms and then retry.
java.lang.IllegalStateException: No leader yet : printing ALL groups
  s3:  RUNNING CANDIDATE s3@group-17EB70022112:t4, leader=null, voted=s3, raftlog=s3@group-17EB70022112-SegmentedRaftLog:OPENED:c-1,f-1,i0, conf=-1: [s3:0.0.0.0:42087, s4:0.0.0.0:33912, s0:0.0.0.0:40055, s1:0.0.0.0:37625, s2:0.0.0.0:37369], old=null RUNNING
  s4:  RUNNING CANDIDATE s4@group-17EB70022112:t4, leader=null, voted=s4, raftlog=s4@group-17EB70022112-SegmentedRaftLog:OPENED:c-1,f-1,i0, conf=-1: [s3:0.0.0.0:42087, s4:0.0.0.0:33912, s0:0.0.0.0:40055, s1:0.0.0.0:37625, s2:0.0.0.0:37369], old=null RUNNING
  s0:  RUNNING CANDIDATE s0@group-17EB70022112:t5, leader=null, voted=s0, raftlog=s0@group-17EB70022112-SegmentedRaftLog:OPENED:c-1,f-1,i0, conf=-1: [s3:0.0.0.0:42087, s4:0.0.0.0:33912, s0:0.0.0.0:40055, s1:0.0.0.0:37625, s2:0.0.0.0:37369], old=null RUNNING
  s1:  RUNNING CANDIDATE s1@group-17EB70022112:t4, leader=null, voted=s1, raftlog=s1@group-17EB70022112-SegmentedRaftLog:OPENED:c-1,f-1,i0, conf=-1: [s3:0.0.0.0:42087, s4:0.0.0.0:33912, s0:0.0.0.0:40055, s1:0.0.0.0:37625, s2:0.0.0.0:37369], old=null RUNNING
  s2:  RUNNING CANDIDATE s2@group-17EB70022112:t4, leader=null, voted=s2, raftlog=s2@group-17EB70022112-SegmentedRaftLog:OPENED:c-1,f-1,i0, conf=-1: [s3:0.0.0.0:42087, s4:0.0.0.0:33912, s0:0.0.0.0:40055, s1:0.0.0.0:37625, s2:0.0.0.0:37369], old=null RUNNING
	at org.apache.ratis.MiniRaftCluster.newIllegalStateExceptionForNoLeaders(MiniRaftCluster.java:506)
	at org.apache.ratis.RaftTestUtil.lambda$waitForLeader$1(RaftTestUtil.java:90)
	at org.apache.ratis.MiniRaftCluster.getLeader(MiniRaftCluster.java:539)
	at org.apache.ratis.MiniRaftCluster.getLeader(MiniRaftCluster.java:532)
	at org.apache.ratis.RaftTestUtil.lambda$waitForLeader$3(RaftTestUtil.java:98)
	at org.apache.ratis.util.JavaUtils.attempt(JavaUtils.java:152)
	at org.apache.ratis.RaftTestUtil.waitForLeader(RaftTestUtil.java:97)
	at org.apache.ratis.RaftTestUtil.waitForLeader(RaftTestUtil.java:77)
	at org.apache.ratis.RaftTestUtil.waitForLeader(RaftTestUtil.java:72)
	at org.apache.ratis.RaftTestUtil.waitAndKillLeader(RaftTestUtil.java:114)
	at org.apache.ratis.server.impl.LeaderElectionTests.testBasicLeaderElection(LeaderElectionTests.java:63)
	at sun.reflect.NativeMethodAccessorImpl.invoke0(Native Method)
	at sun.reflect.NativeMethodAccessorImpl.invoke(NativeMethodAccessorImpl.java:62)
	at sun.reflect.DelegatingMethodAccessorImpl.invoke(DelegatingMethodAccessorImpl.java:43)
	at java.lang.reflect.Method.invoke(Method.java:498)
	at org.junit.runners.model.FrameworkMethod$1.runReflectiveCall(FrameworkMethod.java:50)
	at org.junit.internal.runners.model.ReflectiveCallable.run(ReflectiveCallable.java:12)
	at org.junit.runners.model.FrameworkMethod.invokeExplosively(FrameworkMethod.java:47)
	at org.junit.internal.runners.statements.InvokeMethod.evaluate(InvokeMethod.java:17)
	at org.junit.internal.runners.statements.RunAfters.evaluate(RunAfters.java:27)
	at org.junit.internal.runners.statements.FailOnTimeout$CallableStatement.call(FailOnTimeout.java:298)
	at org.junit.internal.runners.statements.FailOnTimeout$CallableStatement.call(FailOnTimeout.java:292)
	at java.util.concurrent.FutureTask.run(FutureTask.java:266)
	at java.lang.Thread.run(Thread.java:748)
2019-09-24 17:11:04,267 WARN  ratis.RaftTestUtil (JavaUtils.java:attempt(158)) - FAILED "waitForLeader-null-(expectLeader? true)", attempt #97/100: java.lang.IllegalStateException: No leader yet : printing ALL groups
  s3:  RUNNING CANDIDATE s3@group-17EB70022112:t4, leader=null, voted=s3, raftlog=s3@group-17EB70022112-SegmentedRaftLog:OPENED:c-1,f-1,i0, conf=-1: [s3:0.0.0.0:42087, s4:0.0.0.0:33912, s0:0.0.0.0:40055, s1:0.0.0.0:37625, s2:0.0.0.0:37369], old=null RUNNING
  s4:  RUNNING CANDIDATE s4@group-17EB70022112:t4, leader=null, voted=s4, raftlog=s4@group-17EB70022112-SegmentedRaftLog:OPENED:c-1,f-1,i0, conf=-1: [s3:0.0.0.0:42087, s4:0.0.0.0:33912, s0:0.0.0.0:40055, s1:0.0.0.0:37625, s2:0.0.0.0:37369], old=null RUNNING
  s0:  RUNNING CANDIDATE s0@group-17EB70022112:t5, leader=null, voted=s0, raftlog=s0@group-17EB70022112-SegmentedRaftLog:OPENED:c-1,f-1,i0, conf=-1: [s3:0.0.0.0:42087, s4:0.0.0.0:33912, s0:0.0.0.0:40055, s1:0.0.0.0:37625, s2:0.0.0.0:37369], old=null RUNNING
  s1:  RUNNING CANDIDATE s1@group-17EB70022112:t4, leader=null, voted=s1, raftlog=s1@group-17EB70022112-SegmentedRaftLog:OPENED:c-1,f-1,i0, conf=-1: [s3:0.0.0.0:42087, s4:0.0.0.0:33912, s0:0.0.0.0:40055, s1:0.0.0.0:37625, s2:0.0.0.0:37369], old=null RUNNING
  s2:  RUNNING CANDIDATE s2@group-17EB70022112:t4, leader=null, voted=s2, raftlog=s2@group-17EB70022112-SegmentedRaftLog:OPENED:c-1,f-1,i0, conf=-1: [s3:0.0.0.0:42087, s4:0.0.0.0:33912, s0:0.0.0.0:40055, s1:0.0.0.0:37625, s2:0.0.0.0:37369], old=null RUNNING, sleep 450ms and then retry.
java.lang.IllegalStateException: No leader yet : printing ALL groups
  s3:  RUNNING CANDIDATE s3@group-17EB70022112:t4, leader=null, voted=s3, raftlog=s3@group-17EB70022112-SegmentedRaftLog:OPENED:c-1,f-1,i0, conf=-1: [s3:0.0.0.0:42087, s4:0.0.0.0:33912, s0:0.0.0.0:40055, s1:0.0.0.0:37625, s2:0.0.0.0:37369], old=null RUNNING
  s4:  RUNNING CANDIDATE s4@group-17EB70022112:t4, leader=null, voted=s4, raftlog=s4@group-17EB70022112-SegmentedRaftLog:OPENED:c-1,f-1,i0, conf=-1: [s3:0.0.0.0:42087, s4:0.0.0.0:33912, s0:0.0.0.0:40055, s1:0.0.0.0:37625, s2:0.0.0.0:37369], old=null RUNNING
  s0:  RUNNING CANDIDATE s0@group-17EB70022112:t5, leader=null, voted=s0, raftlog=s0@group-17EB70022112-SegmentedRaftLog:OPENED:c-1,f-1,i0, conf=-1: [s3:0.0.0.0:42087, s4:0.0.0.0:33912, s0:0.0.0.0:40055, s1:0.0.0.0:37625, s2:0.0.0.0:37369], old=null RUNNING
  s1:  RUNNING CANDIDATE s1@group-17EB70022112:t4, leader=null, voted=s1, raftlog=s1@group-17EB70022112-SegmentedRaftLog:OPENED:c-1,f-1,i0, conf=-1: [s3:0.0.0.0:42087, s4:0.0.0.0:33912, s0:0.0.0.0:40055, s1:0.0.0.0:37625, s2:0.0.0.0:37369], old=null RUNNING
  s2:  RUNNING CANDIDATE s2@group-17EB70022112:t4, leader=null, voted=s2, raftlog=s2@group-17EB70022112-SegmentedRaftLog:OPENED:c-1,f-1,i0, conf=-1: [s3:0.0.0.0:42087, s4:0.0.0.0:33912, s0:0.0.0.0:40055, s1:0.0.0.0:37625, s2:0.0.0.0:37369], old=null RUNNING
	at org.apache.ratis.MiniRaftCluster.newIllegalStateExceptionForNoLeaders(MiniRaftCluster.java:506)
	at org.apache.ratis.RaftTestUtil.lambda$waitForLeader$1(RaftTestUtil.java:90)
	at org.apache.ratis.MiniRaftCluster.getLeader(MiniRaftCluster.java:539)
	at org.apache.ratis.MiniRaftCluster.getLeader(MiniRaftCluster.java:532)
	at org.apache.ratis.RaftTestUtil.lambda$waitForLeader$3(RaftTestUtil.java:98)
	at org.apache.ratis.util.JavaUtils.attempt(JavaUtils.java:152)
	at org.apache.ratis.RaftTestUtil.waitForLeader(RaftTestUtil.java:97)
	at org.apache.ratis.RaftTestUtil.waitForLeader(RaftTestUtil.java:77)
	at org.apache.ratis.RaftTestUtil.waitForLeader(RaftTestUtil.java:72)
	at org.apache.ratis.RaftTestUtil.waitAndKillLeader(RaftTestUtil.java:114)
	at org.apache.ratis.server.impl.LeaderElectionTests.testBasicLeaderElection(LeaderElectionTests.java:63)
	at sun.reflect.NativeMethodAccessorImpl.invoke0(Native Method)
	at sun.reflect.NativeMethodAccessorImpl.invoke(NativeMethodAccessorImpl.java:62)
	at sun.reflect.DelegatingMethodAccessorImpl.invoke(DelegatingMethodAccessorImpl.java:43)
	at java.lang.reflect.Method.invoke(Method.java:498)
	at org.junit.runners.model.FrameworkMethod$1.runReflectiveCall(FrameworkMethod.java:50)
	at org.junit.internal.runners.model.ReflectiveCallable.run(ReflectiveCallable.java:12)
	at org.junit.runners.model.FrameworkMethod.invokeExplosively(FrameworkMethod.java:47)
	at org.junit.internal.runners.statements.InvokeMethod.evaluate(InvokeMethod.java:17)
	at org.junit.internal.runners.statements.RunAfters.evaluate(RunAfters.java:27)
	at org.junit.internal.runners.statements.FailOnTimeout$CallableStatement.call(FailOnTimeout.java:298)
	at org.junit.internal.runners.statements.FailOnTimeout$CallableStatement.call(FailOnTimeout.java:292)
	at java.util.concurrent.FutureTask.run(FutureTask.java:266)
	at java.lang.Thread.run(Thread.java:748)
2019-09-24 17:11:04,718 WARN  ratis.RaftTestUtil (JavaUtils.java:attempt(158)) - FAILED "waitForLeader-null-(expectLeader? true)", attempt #98/100: java.lang.IllegalStateException: No leader yet : printing ALL groups
  s3:  RUNNING CANDIDATE s3@group-17EB70022112:t4, leader=null, voted=s3, raftlog=s3@group-17EB70022112-SegmentedRaftLog:OPENED:c-1,f-1,i0, conf=-1: [s3:0.0.0.0:42087, s4:0.0.0.0:33912, s0:0.0.0.0:40055, s1:0.0.0.0:37625, s2:0.0.0.0:37369], old=null RUNNING
  s4:  RUNNING CANDIDATE s4@group-17EB70022112:t4, leader=null, voted=s4, raftlog=s4@group-17EB70022112-SegmentedRaftLog:OPENED:c-1,f-1,i0, conf=-1: [s3:0.0.0.0:42087, s4:0.0.0.0:33912, s0:0.0.0.0:40055, s1:0.0.0.0:37625, s2:0.0.0.0:37369], old=null RUNNING
  s0:  RUNNING CANDIDATE s0@group-17EB70022112:t5, leader=null, voted=s0, raftlog=s0@group-17EB70022112-SegmentedRaftLog:OPENED:c-1,f-1,i0, conf=-1: [s3:0.0.0.0:42087, s4:0.0.0.0:33912, s0:0.0.0.0:40055, s1:0.0.0.0:37625, s2:0.0.0.0:37369], old=null RUNNING
  s1:  RUNNING CANDIDATE s1@group-17EB70022112:t4, leader=null, voted=s1, raftlog=s1@group-17EB70022112-SegmentedRaftLog:OPENED:c-1,f-1,i0, conf=-1: [s3:0.0.0.0:42087, s4:0.0.0.0:33912, s0:0.0.0.0:40055, s1:0.0.0.0:37625, s2:0.0.0.0:37369], old=null RUNNING
  s2:  RUNNING CANDIDATE s2@group-17EB70022112:t4, leader=null, voted=s2, raftlog=s2@group-17EB70022112-SegmentedRaftLog:OPENED:c-1,f-1,i0, conf=-1: [s3:0.0.0.0:42087, s4:0.0.0.0:33912, s0:0.0.0.0:40055, s1:0.0.0.0:37625, s2:0.0.0.0:37369], old=null RUNNING, sleep 450ms and then retry.
java.lang.IllegalStateException: No leader yet : printing ALL groups
  s3:  RUNNING CANDIDATE s3@group-17EB70022112:t4, leader=null, voted=s3, raftlog=s3@group-17EB70022112-SegmentedRaftLog:OPENED:c-1,f-1,i0, conf=-1: [s3:0.0.0.0:42087, s4:0.0.0.0:33912, s0:0.0.0.0:40055, s1:0.0.0.0:37625, s2:0.0.0.0:37369], old=null RUNNING
  s4:  RUNNING CANDIDATE s4@group-17EB70022112:t4, leader=null, voted=s4, raftlog=s4@group-17EB70022112-SegmentedRaftLog:OPENED:c-1,f-1,i0, conf=-1: [s3:0.0.0.0:42087, s4:0.0.0.0:33912, s0:0.0.0.0:40055, s1:0.0.0.0:37625, s2:0.0.0.0:37369], old=null RUNNING
  s0:  RUNNING CANDIDATE s0@group-17EB70022112:t5, leader=null, voted=s0, raftlog=s0@group-17EB70022112-SegmentedRaftLog:OPENED:c-1,f-1,i0, conf=-1: [s3:0.0.0.0:42087, s4:0.0.0.0:33912, s0:0.0.0.0:40055, s1:0.0.0.0:37625, s2:0.0.0.0:37369], old=null RUNNING
  s1:  RUNNING CANDIDATE s1@group-17EB70022112:t4, leader=null, voted=s1, raftlog=s1@group-17EB70022112-SegmentedRaftLog:OPENED:c-1,f-1,i0, conf=-1: [s3:0.0.0.0:42087, s4:0.0.0.0:33912, s0:0.0.0.0:40055, s1:0.0.0.0:37625, s2:0.0.0.0:37369], old=null RUNNING
  s2:  RUNNING CANDIDATE s2@group-17EB70022112:t4, leader=null, voted=s2, raftlog=s2@group-17EB70022112-SegmentedRaftLog:OPENED:c-1,f-1,i0, conf=-1: [s3:0.0.0.0:42087, s4:0.0.0.0:33912, s0:0.0.0.0:40055, s1:0.0.0.0:37625, s2:0.0.0.0:37369], old=null RUNNING
	at org.apache.ratis.MiniRaftCluster.newIllegalStateExceptionForNoLeaders(MiniRaftCluster.java:506)
	at org.apache.ratis.RaftTestUtil.lambda$waitForLeader$1(RaftTestUtil.java:90)
	at org.apache.ratis.MiniRaftCluster.getLeader(MiniRaftCluster.java:539)
	at org.apache.ratis.MiniRaftCluster.getLeader(MiniRaftCluster.java:532)
	at org.apache.ratis.RaftTestUtil.lambda$waitForLeader$3(RaftTestUtil.java:98)
	at org.apache.ratis.util.JavaUtils.attempt(JavaUtils.java:152)
	at org.apache.ratis.RaftTestUtil.waitForLeader(RaftTestUtil.java:97)
	at org.apache.ratis.RaftTestUtil.waitForLeader(RaftTestUtil.java:77)
	at org.apache.ratis.RaftTestUtil.waitForLeader(RaftTestUtil.java:72)
	at org.apache.ratis.RaftTestUtil.waitAndKillLeader(RaftTestUtil.java:114)
	at org.apache.ratis.server.impl.LeaderElectionTests.testBasicLeaderElection(LeaderElectionTests.java:63)
	at sun.reflect.NativeMethodAccessorImpl.invoke0(Native Method)
	at sun.reflect.NativeMethodAccessorImpl.invoke(NativeMethodAccessorImpl.java:62)
	at sun.reflect.DelegatingMethodAccessorImpl.invoke(DelegatingMethodAccessorImpl.java:43)
	at java.lang.reflect.Method.invoke(Method.java:498)
	at org.junit.runners.model.FrameworkMethod$1.runReflectiveCall(FrameworkMethod.java:50)
	at org.junit.internal.runners.model.ReflectiveCallable.run(ReflectiveCallable.java:12)
	at org.junit.runners.model.FrameworkMethod.invokeExplosively(FrameworkMethod.java:47)
	at org.junit.internal.runners.statements.InvokeMethod.evaluate(InvokeMethod.java:17)
	at org.junit.internal.runners.statements.RunAfters.evaluate(RunAfters.java:27)
	at org.junit.internal.runners.statements.FailOnTimeout$CallableStatement.call(FailOnTimeout.java:298)
	at org.junit.internal.runners.statements.FailOnTimeout$CallableStatement.call(FailOnTimeout.java:292)
	at java.util.concurrent.FutureTask.run(FutureTask.java:266)
	at java.lang.Thread.run(Thread.java:748)
2019-09-24 17:11:04,916 INFO  impl.LeaderElection (LeaderElection.java:askForVotes(178)) - s2@group-17EB70022112-LeaderElection53: begin an election at term 4 for -1: [s3:0.0.0.0:42087, s4:0.0.0.0:33912, s0:0.0.0.0:40055, s1:0.0.0.0:37625, s2:0.0.0.0:37369], old=null
2019-09-24 17:11:04,916 DEBUG impl.RaftServerImpl (RaftServerImpl.java:requestVote(775)) - s2@group-17EB70022112 replies to vote request: s0<-s2#0:FAIL-t4. Peer's state: s2@group-17EB70022112:t4, leader=null, voted=s2, raftlog=s2@group-17EB70022112-SegmentedRaftLog:OPENED:c-1,f-1,i0, conf=-1: [s3:0.0.0.0:42087, s4:0.0.0.0:33912, s0:0.0.0.0:40055, s1:0.0.0.0:37625, s2:0.0.0.0:37369], old=null
2019-09-24 17:11:04,918 DEBUG impl.RaftServerImpl (RaftServerImpl.java:requestVote(775)) - s4@group-17EB70022112 replies to vote request: s0<-s4#0:FAIL-t4. Peer's state: s4@group-17EB70022112:t4, leader=null, voted=s4, raftlog=s4@group-17EB70022112-SegmentedRaftLog:OPENED:c-1,f-1,i0, conf=-1: [s3:0.0.0.0:42087, s4:0.0.0.0:33912, s0:0.0.0.0:40055, s1:0.0.0.0:37625, s2:0.0.0.0:37369], old=null
2019-09-24 17:11:04,918 DEBUG impl.RaftServerImpl (RaftServerImpl.java:requestVote(775)) - s1@group-17EB70022112 replies to vote request: s0<-s1#0:FAIL-t4. Peer's state: s1@group-17EB70022112:t4, leader=null, voted=s1, raftlog=s1@group-17EB70022112-SegmentedRaftLog:OPENED:c-1,f-1,i0, conf=-1: [s3:0.0.0.0:42087, s4:0.0.0.0:33912, s0:0.0.0.0:40055, s1:0.0.0.0:37625, s2:0.0.0.0:37369], old=null
2019-09-24 17:11:04,917 INFO  impl.LeaderElection (LeaderElection.java:askForVotes(178)) - s0@group-17EB70022112-LeaderElection51: begin an election at term 5 for -1: [s3:0.0.0.0:42087, s4:0.0.0.0:33912, s0:0.0.0.0:40055, s1:0.0.0.0:37625, s2:0.0.0.0:37369], old=null
2019-09-24 17:11:04,917 DEBUG impl.RaftServerImpl (RaftServerImpl.java:requestVote(775)) - s3@group-17EB70022112 replies to vote request: s0<-s3#0:FAIL-t4. Peer's state: s3@group-17EB70022112:t4, leader=null, voted=s3, raftlog=s3@group-17EB70022112-SegmentedRaftLog:OPENED:c-1,f-1,i0, conf=-1: [s3:0.0.0.0:42087, s4:0.0.0.0:33912, s0:0.0.0.0:40055, s1:0.0.0.0:37625, s2:0.0.0.0:37369], old=null
2019-09-24 17:11:04,916 INFO  impl.LeaderElection (LeaderElection.java:askForVotes(178)) - s1@group-17EB70022112-LeaderElection55: begin an election at term 4 for -1: [s3:0.0.0.0:42087, s4:0.0.0.0:33912, s0:0.0.0.0:40055, s1:0.0.0.0:37625, s2:0.0.0.0:37369], old=null
2019-09-24 17:11:04,919 DEBUG impl.RaftServerImpl (RaftServerImpl.java:requestVote(743)) - s3@group-17EB70022112: receive requestVote(s2, group-17EB70022112, 4, (t:0, i:0))
2019-09-24 17:11:04,919 DEBUG impl.RaftServerImpl (RaftServerImpl.java:requestVote(743)) - s0@group-17EB70022112: receive requestVote(s2, group-17EB70022112, 4, (t:0, i:0))
2019-09-24 17:11:04,916 INFO  impl.LeaderElection (LeaderElection.java:askForVotes(178)) - s4@group-17EB70022112-LeaderElection52: begin an election at term 4 for -1: [s3:0.0.0.0:42087, s4:0.0.0.0:33912, s0:0.0.0.0:40055, s1:0.0.0.0:37625, s2:0.0.0.0:37369], old=null
2019-09-24 17:11:04,916 INFO  impl.LeaderElection (LeaderElection.java:askForVotes(178)) - s3@group-17EB70022112-LeaderElection54: begin an election at term 4 for -1: [s3:0.0.0.0:42087, s4:0.0.0.0:33912, s0:0.0.0.0:40055, s1:0.0.0.0:37625, s2:0.0.0.0:37369], old=null
2019-09-24 17:11:04,920 DEBUG impl.RaftServerImpl (RaftServerImpl.java:requestVote(743)) - s3@group-17EB70022112: receive requestVote(s0, group-17EB70022112, 5, (t:0, i:0))
2019-09-24 17:11:04,920 DEBUG impl.RaftServerImpl (RaftServerImpl.java:requestVote(743)) - s1@group-17EB70022112: receive requestVote(s2, group-17EB70022112, 4, (t:0, i:0))
2019-09-24 17:11:04,919 DEBUG impl.RaftServerImpl (RaftServerImpl.java:requestVote(775)) - s3@group-17EB70022112 replies to vote request: s2<-s3#0:FAIL-t4. Peer's state: s3@group-17EB70022112:t4, leader=null, voted=s3, raftlog=s3@group-17EB70022112-SegmentedRaftLog:OPENED:c-1,f-1,i0, conf=-1: [s3:0.0.0.0:42087, s4:0.0.0.0:33912, s0:0.0.0.0:40055, s1:0.0.0.0:37625, s2:0.0.0.0:37369], old=null
2019-09-24 17:11:04,919 DEBUG impl.RaftServerImpl (RaftServerImpl.java:requestVote(775)) - s0@group-17EB70022112 replies to vote request: s2<-s0#0:FAIL-t5. Peer's state: s0@group-17EB70022112:t5, leader=null, voted=s0, raftlog=s0@group-17EB70022112-SegmentedRaftLog:OPENED:c-1,f-1,i0, conf=-1: [s3:0.0.0.0:42087, s4:0.0.0.0:33912, s0:0.0.0.0:40055, s1:0.0.0.0:37625, s2:0.0.0.0:37369], old=null
2019-09-24 17:11:04,919 DEBUG impl.RaftServerImpl (RaftServerImpl.java:requestVote(743)) - s4@group-17EB70022112: receive requestVote(s2, group-17EB70022112, 4, (t:0, i:0))
2019-09-24 17:11:04,921 DEBUG impl.RaftServerImpl (RaftServerImpl.java:requestVote(743)) - s0@group-17EB70022112: receive requestVote(s1, group-17EB70022112, 4, (t:0, i:0))
2019-09-24 17:11:04,921 INFO  impl.RaftServerImpl (RaftServerImpl.java:setRole(170)) - s3@group-17EB70022112: changes role from CANDIDATE to FOLLOWER at term 5 for recognizeCandidate:s0
2019-09-24 17:11:04,920 DEBUG impl.RaftServerImpl (RaftServerImpl.java:requestVote(775)) - s1@group-17EB70022112 replies to vote request: s2<-s1#0:FAIL-t4. Peer's state: s1@group-17EB70022112:t4, leader=null, voted=s1, raftlog=s1@group-17EB70022112-SegmentedRaftLog:OPENED:c-1,f-1,i0, conf=-1: [s3:0.0.0.0:42087, s4:0.0.0.0:33912, s0:0.0.0.0:40055, s1:0.0.0.0:37625, s2:0.0.0.0:37369], old=null
2019-09-24 17:11:04,920 DEBUG impl.RaftServerImpl (RaftServerImpl.java:requestVote(743)) - s4@group-17EB70022112: receive requestVote(s1, group-17EB70022112, 4, (t:0, i:0))
2019-09-24 17:11:04,921 DEBUG impl.RaftServerImpl (RaftServerImpl.java:requestVote(743)) - s1@group-17EB70022112: receive requestVote(s0, group-17EB70022112, 5, (t:0, i:0))
2019-09-24 17:11:04,921 DEBUG impl.RaftServerImpl (RaftServerImpl.java:requestVote(743)) - s0@group-17EB70022112: receive requestVote(s4, group-17EB70022112, 4, (t:0, i:0))
2019-09-24 17:11:04,921 INFO  impl.RoleInfo (RoleInfo.java:shutdownLeaderElection(134)) - s3: shutdown LeaderElection
2019-09-24 17:11:04,921 DEBUG impl.RaftServerImpl (RaftServerImpl.java:requestVote(743)) - s2@group-17EB70022112: receive requestVote(s1, group-17EB70022112, 4, (t:0, i:0))
2019-09-24 17:11:04,921 DEBUG impl.RaftServerImpl (RaftServerImpl.java:requestVote(775)) - s0@group-17EB70022112 replies to vote request: s1<-s0#0:FAIL-t5. Peer's state: s0@group-17EB70022112:t5, leader=null, voted=s0, raftlog=s0@group-17EB70022112-SegmentedRaftLog:OPENED:c-1,f-1,i0, conf=-1: [s3:0.0.0.0:42087, s4:0.0.0.0:33912, s0:0.0.0.0:40055, s1:0.0.0.0:37625, s2:0.0.0.0:37369], old=null
2019-09-24 17:11:04,921 DEBUG impl.RaftServerImpl (RaftServerImpl.java:requestVote(775)) - s4@group-17EB70022112 replies to vote request: s2<-s4#0:FAIL-t4. Peer's state: s4@group-17EB70022112:t4, leader=null, voted=s4, raftlog=s4@group-17EB70022112-SegmentedRaftLog:OPENED:c-1,f-1,i0, conf=-1: [s3:0.0.0.0:42087, s4:0.0.0.0:33912, s0:0.0.0.0:40055, s1:0.0.0.0:37625, s2:0.0.0.0:37369], old=null
2019-09-24 17:11:04,922 DEBUG impl.RaftServerImpl (RaftServerImpl.java:requestVote(775)) - s2@group-17EB70022112 replies to vote request: s1<-s2#0:FAIL-t4. Peer's state: s2@group-17EB70022112:t4, leader=null, voted=s2, raftlog=s2@group-17EB70022112-SegmentedRaftLog:OPENED:c-1,f-1,i0, conf=-1: [s3:0.0.0.0:42087, s4:0.0.0.0:33912, s0:0.0.0.0:40055, s1:0.0.0.0:37625, s2:0.0.0.0:37369], old=null
2019-09-24 17:11:04,922 INFO  impl.RoleInfo (RoleInfo.java:updateAndGet(143)) - s3: start FollowerState
2019-09-24 17:11:04,922 INFO  impl.RaftServerImpl (RaftServerImpl.java:setRole(170)) - s1@group-17EB70022112: changes role from CANDIDATE to FOLLOWER at term 5 for recognizeCandidate:s0
2019-09-24 17:11:04,923 INFO  impl.RoleInfo (RoleInfo.java:shutdownLeaderElection(134)) - s1: shutdown LeaderElection
2019-09-24 17:11:04,923 DEBUG impl.RaftServerImpl (RaftServerImpl.java:requestVote(775)) - s4@group-17EB70022112 replies to vote request: s1<-s4#0:FAIL-t4. Peer's state: s4@group-17EB70022112:t4, leader=null, voted=s4, raftlog=s4@group-17EB70022112-SegmentedRaftLog:OPENED:c-1,f-1,i0, conf=-1: [s3:0.0.0.0:42087, s4:0.0.0.0:33912, s0:0.0.0.0:40055, s1:0.0.0.0:37625, s2:0.0.0.0:37369], old=null
2019-09-24 17:11:04,923 DEBUG impl.RaftServerImpl (RaftServerImpl.java:requestVote(775)) - s0@group-17EB70022112 replies to vote request: s4<-s0#0:FAIL-t5. Peer's state: s0@group-17EB70022112:t5, leader=null, voted=s0, raftlog=s0@group-17EB70022112-SegmentedRaftLog:OPENED:c-1,f-1,i0, conf=-1: [s3:0.0.0.0:42087, s4:0.0.0.0:33912, s0:0.0.0.0:40055, s1:0.0.0.0:37625, s2:0.0.0.0:37369], old=null
2019-09-24 17:11:04,923 INFO  impl.RoleInfo (RoleInfo.java:updateAndGet(143)) - s1: start FollowerState
2019-09-24 17:11:04,924 DEBUG impl.RaftServerImpl (RaftServerImpl.java:requestVote(743)) - s2@group-17EB70022112: receive requestVote(s4, group-17EB70022112, 4, (t:0, i:0))
2019-09-24 17:11:04,924 DEBUG impl.RaftServerImpl (RaftServerImpl.java:requestVote(775)) - s2@group-17EB70022112 replies to vote request: s4<-s2#0:FAIL-t4. Peer's state: s2@group-17EB70022112:t4, leader=null, voted=s2, raftlog=s2@group-17EB70022112-SegmentedRaftLog:OPENED:c-1,f-1,i0, conf=-1: [s3:0.0.0.0:42087, s4:0.0.0.0:33912, s0:0.0.0.0:40055, s1:0.0.0.0:37625, s2:0.0.0.0:37369], old=null
2019-09-24 17:11:04,929 DEBUG impl.RaftServerImpl (RaftServerImpl.java:requestVote(743)) - s2@group-17EB70022112: receive requestVote(s0, group-17EB70022112, 5, (t:0, i:0))
2019-09-24 17:11:04,930 INFO  impl.RaftServerImpl (RaftServerImpl.java:setRole(170)) - s2@group-17EB70022112: changes role from CANDIDATE to FOLLOWER at term 5 for recognizeCandidate:s0
2019-09-24 17:11:04,930 INFO  impl.RoleInfo (RoleInfo.java:shutdownLeaderElection(134)) - s2: shutdown LeaderElection
2019-09-24 17:11:04,930 INFO  impl.RoleInfo (RoleInfo.java:updateAndGet(143)) - s2: start FollowerState
2019-09-24 17:11:04,931 INFO  impl.LeaderElection (LeaderElection.java:logAndReturn(56)) - s2@group-17EB70022112-LeaderElection53: Election DISCOVERED_A_NEW_TERM; received 1 response(s) [s2<-s0#0:FAIL-t5] and 0 exception(s); s2@group-17EB70022112:t5, leader=null, voted=null, raftlog=s2@group-17EB70022112-SegmentedRaftLog:OPENED:c-1,f-1,i0, conf=-1: [s3:0.0.0.0:42087, s4:0.0.0.0:33912, s0:0.0.0.0:40055, s1:0.0.0.0:37625, s2:0.0.0.0:37369], old=null
2019-09-24 17:11:04,931 DEBUG impl.RaftServerImpl (RaftServerImpl.java:requestVote(743)) - s1@group-17EB70022112: receive requestVote(s4, group-17EB70022112, 4, (t:0, i:0))
2019-09-24 17:11:04,933 DEBUG impl.RaftServerImpl (RaftServerImpl.java:requestVote(743)) - s4@group-17EB70022112: receive requestVote(s0, group-17EB70022112, 5, (t:0, i:0))
2019-09-24 17:11:04,934 INFO  impl.RaftServerImpl (RaftServerImpl.java:setRole(170)) - s4@group-17EB70022112: changes role from CANDIDATE to FOLLOWER at term 5 for recognizeCandidate:s0
2019-09-24 17:11:04,934 INFO  impl.RoleInfo (RoleInfo.java:shutdownLeaderElection(134)) - s4: shutdown LeaderElection
2019-09-24 17:11:04,934 DEBUG impl.RaftServerImpl (RaftServerImpl.java:requestVote(743)) - s3@group-17EB70022112: receive requestVote(s1, group-17EB70022112, 4, (t:0, i:0))
2019-09-24 17:11:04,934 INFO  impl.RoleInfo (RoleInfo.java:updateAndGet(143)) - s4: start FollowerState
2019-09-24 17:11:04,935 INFO  impl.LeaderElection (LeaderElection.java:logAndReturn(56)) - s1@group-17EB70022112-LeaderElection55: Election DISCOVERED_A_NEW_TERM; received 1 response(s) [s1<-s0#0:FAIL-t5] and 0 exception(s); s1@group-17EB70022112:t5, leader=null, voted=null, raftlog=s1@group-17EB70022112-SegmentedRaftLog:OPENED:c-1,f-1,i0, conf=-1: [s3:0.0.0.0:42087, s4:0.0.0.0:33912, s0:0.0.0.0:40055, s1:0.0.0.0:37625, s2:0.0.0.0:37369], old=null
2019-09-24 17:11:04,936 DEBUG impl.RaftServerImpl (RaftServerImpl.java:requestVote(743)) - s3@group-17EB70022112: receive requestVote(s4, group-17EB70022112, 4, (t:0, i:0))
2019-09-24 17:11:04,937 INFO  impl.LeaderElection (LeaderElection.java:logAndReturn(56)) - s4@group-17EB70022112-LeaderElection52: Election DISCOVERED_A_NEW_TERM; received 1 response(s) [s4<-s0#0:FAIL-t5] and 0 exception(s); s4@group-17EB70022112:t5, leader=null, voted=null, raftlog=s4@group-17EB70022112-SegmentedRaftLog:OPENED:c-1,f-1,i0, conf=-1: [s3:0.0.0.0:42087, s4:0.0.0.0:33912, s0:0.0.0.0:40055, s1:0.0.0.0:37625, s2:0.0.0.0:37369], old=null
2019-09-24 17:11:04,943 DEBUG impl.RaftServerImpl (RaftServerImpl.java:requestVote(775)) - s1@group-17EB70022112 replies to vote request: s0<-s1#0:FAIL-t5. Peer's state: s1@group-17EB70022112:t5, leader=null, voted=null, raftlog=s1@group-17EB70022112-SegmentedRaftLog:OPENED:c-1,f-1,i0, conf=-1: [s3:0.0.0.0:42087, s4:0.0.0.0:33912, s0:0.0.0.0:40055, s1:0.0.0.0:37625, s2:0.0.0.0:37369], old=null
2019-09-24 17:11:04,943 DEBUG impl.RaftServerImpl (RaftServerImpl.java:requestVote(775)) - s3@group-17EB70022112 replies to vote request: s0<-s3#0:FAIL-t5. Peer's state: s3@group-17EB70022112:t5, leader=null, voted=null, raftlog=s3@group-17EB70022112-SegmentedRaftLog:OPENED:c-1,f-1,i0, conf=-1: [s3:0.0.0.0:42087, s4:0.0.0.0:33912, s0:0.0.0.0:40055, s1:0.0.0.0:37625, s2:0.0.0.0:37369], old=null
2019-09-24 17:11:04,943 DEBUG impl.RaftServerImpl (RaftServerImpl.java:requestVote(775)) - s1@group-17EB70022112 replies to vote request: s4<-s1#0:FAIL-t5. Peer's state: s1@group-17EB70022112:t5, leader=null, voted=null, raftlog=s1@group-17EB70022112-SegmentedRaftLog:OPENED:c-1,f-1,i0, conf=-1: [s3:0.0.0.0:42087, s4:0.0.0.0:33912, s0:0.0.0.0:40055, s1:0.0.0.0:37625, s2:0.0.0.0:37369], old=null
2019-09-24 17:11:04,943 DEBUG impl.RaftServerImpl (RaftServerImpl.java:requestVote(775)) - s3@group-17EB70022112 replies to vote request: s4<-s3#0:FAIL-t5. Peer's state: s3@group-17EB70022112:t5, leader=null, voted=null, raftlog=s3@group-17EB70022112-SegmentedRaftLog:OPENED:c-1,f-1,i0, conf=-1: [s3:0.0.0.0:42087, s4:0.0.0.0:33912, s0:0.0.0.0:40055, s1:0.0.0.0:37625, s2:0.0.0.0:37369], old=null
2019-09-24 17:11:04,944 DEBUG impl.RaftServerImpl (RaftServerImpl.java:requestVote(775)) - s3@group-17EB70022112 replies to vote request: s1<-s3#0:FAIL-t5. Peer's state: s3@group-17EB70022112:t5, leader=null, voted=null, raftlog=s3@group-17EB70022112-SegmentedRaftLog:OPENED:c-1,f-1,i0, conf=-1: [s3:0.0.0.0:42087, s4:0.0.0.0:33912, s0:0.0.0.0:40055, s1:0.0.0.0:37625, s2:0.0.0.0:37369], old=null
2019-09-24 17:11:04,944 DEBUG impl.RaftServerImpl (RaftServerImpl.java:requestVote(743)) - s4@group-17EB70022112: receive requestVote(s3, group-17EB70022112, 4, (t:0, i:0))
2019-09-24 17:11:04,944 DEBUG impl.RaftServerImpl (RaftServerImpl.java:requestVote(743)) - s0@group-17EB70022112: receive requestVote(s3, group-17EB70022112, 4, (t:0, i:0))
2019-09-24 17:11:04,945 INFO  impl.LeaderElection (LeaderElection.java:logAndReturn(56)) - s3@group-17EB70022112-LeaderElection54: Election REJECTED; received 0 response(s) [] and 0 exception(s); s3@group-17EB70022112:t5, leader=null, voted=null, raftlog=s3@group-17EB70022112-SegmentedRaftLog:OPENED:c-1,f-1,i0, conf=-1: [s3:0.0.0.0:42087, s4:0.0.0.0:33912, s0:0.0.0.0:40055, s1:0.0.0.0:37625, s2:0.0.0.0:37369], old=null
2019-09-24 17:11:04,945 DEBUG impl.RaftServerImpl (RaftServerImpl.java:requestVote(743)) - s2@group-17EB70022112: receive requestVote(s3, group-17EB70022112, 4, (t:0, i:0))
2019-09-24 17:11:04,945 DEBUG impl.RaftServerImpl (RaftServerImpl.java:requestVote(775)) - s0@group-17EB70022112 replies to vote request: s3<-s0#0:FAIL-t5. Peer's state: s0@group-17EB70022112:t5, leader=null, voted=s0, raftlog=s0@group-17EB70022112-SegmentedRaftLog:OPENED:c-1,f-1,i0, conf=-1: [s3:0.0.0.0:42087, s4:0.0.0.0:33912, s0:0.0.0.0:40055, s1:0.0.0.0:37625, s2:0.0.0.0:37369], old=null
2019-09-24 17:11:04,945 DEBUG impl.RaftServerImpl (RaftServerImpl.java:requestVote(743)) - s1@group-17EB70022112: receive requestVote(s3, group-17EB70022112, 4, (t:0, i:0))
2019-09-24 17:11:04,945 DEBUG impl.RaftServerImpl (RaftServerImpl.java:requestVote(775)) - s1@group-17EB70022112 replies to vote request: s3<-s1#0:FAIL-t5. Peer's state: s1@group-17EB70022112:t5, leader=null, voted=null, raftlog=s1@group-17EB70022112-SegmentedRaftLog:OPENED:c-1,f-1,i0, conf=-1: [s3:0.0.0.0:42087, s4:0.0.0.0:33912, s0:0.0.0.0:40055, s1:0.0.0.0:37625, s2:0.0.0.0:37369], old=null
2019-09-24 17:11:04,968 DEBUG impl.RaftServerImpl (RaftServerImpl.java:requestVote(775)) - s4@group-17EB70022112 replies to vote request: s0<-s4#0:FAIL-t5. Peer's state: s4@group-17EB70022112:t5, leader=null, voted=null, raftlog=s4@group-17EB70022112-SegmentedRaftLog:OPENED:c-1,f-1,i0, conf=-1: [s3:0.0.0.0:42087, s4:0.0.0.0:33912, s0:0.0.0.0:40055, s1:0.0.0.0:37625, s2:0.0.0.0:37369], old=null
2019-09-24 17:11:04,968 DEBUG impl.RaftServerImpl (RaftServerImpl.java:requestVote(775)) - s2@group-17EB70022112 replies to vote request: s0<-s2#0:FAIL-t5. Peer's state: s2@group-17EB70022112:t5, leader=null, voted=null, raftlog=s2@group-17EB70022112-SegmentedRaftLog:OPENED:c-1,f-1,i0, conf=-1: [s3:0.0.0.0:42087, s4:0.0.0.0:33912, s0:0.0.0.0:40055, s1:0.0.0.0:37625, s2:0.0.0.0:37369], old=null
2019-09-24 17:11:04,969 DEBUG impl.RaftServerImpl (RaftServerImpl.java:requestVote(775)) - s4@group-17EB70022112 replies to vote request: s3<-s4#0:FAIL-t5. Peer's state: s4@group-17EB70022112:t5, leader=null, voted=null, raftlog=s4@group-17EB70022112-SegmentedRaftLog:OPENED:c-1,f-1,i0, conf=-1: [s3:0.0.0.0:42087, s4:0.0.0.0:33912, s0:0.0.0.0:40055, s1:0.0.0.0:37625, s2:0.0.0.0:37369], old=null
2019-09-24 17:11:04,969 DEBUG impl.RaftServerImpl (RaftServerImpl.java:requestVote(775)) - s2@group-17EB70022112 replies to vote request: s3<-s2#0:FAIL-t5. Peer's state: s2@group-17EB70022112:t5, leader=null, voted=null, raftlog=s2@group-17EB70022112-SegmentedRaftLog:OPENED:c-1,f-1,i0, conf=-1: [s3:0.0.0.0:42087, s4:0.0.0.0:33912, s0:0.0.0.0:40055, s1:0.0.0.0:37625, s2:0.0.0.0:37369], old=null
2019-09-24 17:11:04,981 INFO  impl.LeaderElection (LeaderElection.java:logAndReturn(56)) - s0@group-17EB70022112-LeaderElection51: Election REJECTED; received 4 response(s) [s0<-s3#0:FAIL-t5, s0<-s4#0:FAIL-t5, s0<-s1#0:FAIL-t5, s0<-s2#0:FAIL-t5] and 0 exception(s); s0@group-17EB70022112:t5, leader=null, voted=s0, raftlog=s0@group-17EB70022112-SegmentedRaftLog:OPENED:c-1,f-1,i0, conf=-1: [s3:0.0.0.0:42087, s4:0.0.0.0:33912, s0:0.0.0.0:40055, s1:0.0.0.0:37625, s2:0.0.0.0:37369], old=null
2019-09-24 17:11:04,981 INFO  impl.RaftServerImpl (RaftServerImpl.java:setRole(170)) - s0@group-17EB70022112: changes role from CANDIDATE to FOLLOWER at term 5 for DISCOVERED_A_NEW_TERM
2019-09-24 17:11:04,982 INFO  impl.RoleInfo (RoleInfo.java:shutdownLeaderElection(134)) - s0: shutdown LeaderElection
2019-09-24 17:11:04,982 INFO  impl.RoleInfo (RoleInfo.java:updateAndGet(143)) - s0: start FollowerState
2019-09-24 17:11:05,115 INFO  impl.FollowerState (FollowerState.java:run(108)) - s2@group-17EB70022112-FollowerState: change to CANDIDATE, lastRpcTime:185ms, electionTimeout:185ms
2019-09-24 17:11:05,116 INFO  impl.RoleInfo (RoleInfo.java:shutdownFollowerState(121)) - s2: shutdown FollowerState
2019-09-24 17:11:05,116 INFO  impl.RaftServerImpl (RaftServerImpl.java:setRole(170)) - s2@group-17EB70022112: changes role from  FOLLOWER to CANDIDATE at term 5 for changeToCandidate
2019-09-24 17:11:05,116 INFO  impl.RoleInfo (RoleInfo.java:updateAndGet(143)) - s2: start LeaderElection
2019-09-24 17:11:05,122 INFO  impl.FollowerState (FollowerState.java:run(108)) - s1@group-17EB70022112-FollowerState: change to CANDIDATE, lastRpcTime:199ms, electionTimeout:198ms
2019-09-24 17:11:05,123 INFO  impl.RoleInfo (RoleInfo.java:shutdownFollowerState(121)) - s1: shutdown FollowerState
2019-09-24 17:11:05,123 INFO  impl.RaftServerImpl (RaftServerImpl.java:setRole(170)) - s1@group-17EB70022112: changes role from  FOLLOWER to CANDIDATE at term 5 for changeToCandidate
2019-09-24 17:11:05,123 INFO  impl.RoleInfo (RoleInfo.java:updateAndGet(143)) - s1: start LeaderElection
2019-09-24 17:11:05,133 INFO  impl.FollowerState (FollowerState.java:run(108)) - s3@group-17EB70022112-FollowerState: change to CANDIDATE, lastRpcTime:211ms, electionTimeout:210ms
2019-09-24 17:11:05,133 INFO  impl.RoleInfo (RoleInfo.java:shutdownFollowerState(121)) - s3: shutdown FollowerState
2019-09-24 17:11:05,133 INFO  impl.RaftServerImpl (RaftServerImpl.java:setRole(170)) - s3@group-17EB70022112: changes role from  FOLLOWER to CANDIDATE at term 5 for changeToCandidate
2019-09-24 17:11:05,134 INFO  impl.FollowerState (FollowerState.java:run(108)) - s4@group-17EB70022112-FollowerState: change to CANDIDATE, lastRpcTime:199ms, electionTimeout:199ms
2019-09-24 17:11:05,134 INFO  impl.RoleInfo (RoleInfo.java:updateAndGet(143)) - s3: start LeaderElection
2019-09-24 17:11:05,134 INFO  impl.RoleInfo (RoleInfo.java:shutdownFollowerState(121)) - s4: shutdown FollowerState
2019-09-24 17:11:05,134 INFO  impl.RaftServerImpl (RaftServerImpl.java:setRole(170)) - s4@group-17EB70022112: changes role from  FOLLOWER to CANDIDATE at term 5 for changeToCandidate
2019-09-24 17:11:05,134 INFO  impl.RoleInfo (RoleInfo.java:updateAndGet(143)) - s4: start LeaderElection
2019-09-24 17:11:05,150 INFO  impl.LeaderElection (LeaderElection.java:askForVotes(178)) - s4@group-17EB70022112-LeaderElection59: begin an election at term 6 for -1: [s3:0.0.0.0:42087, s4:0.0.0.0:33912, s0:0.0.0.0:40055, s1:0.0.0.0:37625, s2:0.0.0.0:37369], old=null
2019-09-24 17:11:05,150 INFO  impl.LeaderElection (LeaderElection.java:askForVotes(178)) - s3@group-17EB70022112-LeaderElection58: begin an election at term 6 for -1: [s3:0.0.0.0:42087, s4:0.0.0.0:33912, s0:0.0.0.0:40055, s1:0.0.0.0:37625, s2:0.0.0.0:37369], old=null
2019-09-24 17:11:05,150 INFO  impl.LeaderElection (LeaderElection.java:askForVotes(178)) - s2@group-17EB70022112-LeaderElection56: begin an election at term 6 for -1: [s3:0.0.0.0:42087, s4:0.0.0.0:33912, s0:0.0.0.0:40055, s1:0.0.0.0:37625, s2:0.0.0.0:37369], old=null
2019-09-24 17:11:05,150 INFO  impl.LeaderElection (LeaderElection.java:askForVotes(178)) - s1@group-17EB70022112-LeaderElection57: begin an election at term 6 for -1: [s3:0.0.0.0:42087, s4:0.0.0.0:33912, s0:0.0.0.0:40055, s1:0.0.0.0:37625, s2:0.0.0.0:37369], old=null
2019-09-24 17:11:05,151 DEBUG impl.RaftServerImpl (RaftServerImpl.java:requestVote(743)) - s3@group-17EB70022112: receive requestVote(s4, group-17EB70022112, 6, (t:0, i:0))
2019-09-24 17:11:05,151 DEBUG impl.RaftServerImpl (RaftServerImpl.java:requestVote(743)) - s4@group-17EB70022112: receive requestVote(s3, group-17EB70022112, 6, (t:0, i:0))
2019-09-24 17:11:05,151 DEBUG impl.RaftServerImpl (RaftServerImpl.java:requestVote(743)) - s3@group-17EB70022112: receive requestVote(s2, group-17EB70022112, 6, (t:0, i:0))
2019-09-24 17:11:05,151 DEBUG impl.RaftServerImpl (RaftServerImpl.java:requestVote(775)) - s3@group-17EB70022112 replies to vote request: s4<-s3#0:FAIL-t6. Peer's state: s3@group-17EB70022112:t6, leader=null, voted=s3, raftlog=s3@group-17EB70022112-SegmentedRaftLog:OPENED:c-1,f-1,i0, conf=-1: [s3:0.0.0.0:42087, s4:0.0.0.0:33912, s0:0.0.0.0:40055, s1:0.0.0.0:37625, s2:0.0.0.0:37369], old=null
2019-09-24 17:11:05,152 DEBUG impl.RaftServerImpl (RaftServerImpl.java:requestVote(743)) - s0@group-17EB70022112: receive requestVote(s3, group-17EB70022112, 6, (t:0, i:0))
2019-09-24 17:11:05,152 DEBUG impl.RaftServerImpl (RaftServerImpl.java:requestVote(743)) - s1@group-17EB70022112: receive requestVote(s4, group-17EB70022112, 6, (t:0, i:0))
2019-09-24 17:11:05,152 DEBUG impl.RaftServerImpl (RaftServerImpl.java:requestVote(743)) - s0@group-17EB70022112: receive requestVote(s4, group-17EB70022112, 6, (t:0, i:0))
2019-09-24 17:11:05,152 DEBUG impl.RaftServerImpl (RaftServerImpl.java:requestVote(775)) - s4@group-17EB70022112 replies to vote request: s3<-s4#0:FAIL-t6. Peer's state: s4@group-17EB70022112:t6, leader=null, voted=s4, raftlog=s4@group-17EB70022112-SegmentedRaftLog:OPENED:c-1,f-1,i0, conf=-1: [s3:0.0.0.0:42087, s4:0.0.0.0:33912, s0:0.0.0.0:40055, s1:0.0.0.0:37625, s2:0.0.0.0:37369], old=null
2019-09-24 17:11:05,152 DEBUG impl.RaftServerImpl (RaftServerImpl.java:requestVote(743)) - s4@group-17EB70022112: receive requestVote(s1, group-17EB70022112, 6, (t:0, i:0))
2019-09-24 17:11:05,152 DEBUG impl.RaftServerImpl (RaftServerImpl.java:requestVote(775)) - s1@group-17EB70022112 replies to vote request: s4<-s1#0:FAIL-t6. Peer's state: s1@group-17EB70022112:t6, leader=null, voted=s1, raftlog=s1@group-17EB70022112-SegmentedRaftLog:OPENED:c-1,f-1,i0, conf=-1: [s3:0.0.0.0:42087, s4:0.0.0.0:33912, s0:0.0.0.0:40055, s1:0.0.0.0:37625, s2:0.0.0.0:37369], old=null
2019-09-24 17:11:05,152 DEBUG impl.RaftServerImpl (RaftServerImpl.java:requestVote(743)) - s4@group-17EB70022112: receive requestVote(s2, group-17EB70022112, 6, (t:0, i:0))
2019-09-24 17:11:05,152 INFO  impl.RaftServerImpl (RaftServerImpl.java:setRole(170)) - s0@group-17EB70022112: changes role from  FOLLOWER to FOLLOWER at term 6 for recognizeCandidate:s3
2019-09-24 17:11:05,152 DEBUG impl.RaftServerImpl (RaftServerImpl.java:requestVote(775)) - s3@group-17EB70022112 replies to vote request: s2<-s3#0:FAIL-t6. Peer's state: s3@group-17EB70022112:t6, leader=null, voted=s3, raftlog=s3@group-17EB70022112-SegmentedRaftLog:OPENED:c-1,f-1,i0, conf=-1: [s3:0.0.0.0:42087, s4:0.0.0.0:33912, s0:0.0.0.0:40055, s1:0.0.0.0:37625, s2:0.0.0.0:37369], old=null
2019-09-24 17:11:05,154 DEBUG impl.RaftServerImpl (RaftServerImpl.java:requestVote(743)) - s2@group-17EB70022112: receive requestVote(s4, group-17EB70022112, 6, (t:0, i:0))
2019-09-24 17:11:05,152 DEBUG impl.RaftServerImpl (RaftServerImpl.java:requestVote(743)) - s3@group-17EB70022112: receive requestVote(s1, group-17EB70022112, 6, (t:0, i:0))
2019-09-24 17:11:05,154 DEBUG impl.RaftServerImpl (RaftServerImpl.java:requestVote(775)) - s2@group-17EB70022112 replies to vote request: s4<-s2#0:FAIL-t6. Peer's state: s2@group-17EB70022112:t6, leader=null, voted=s2, raftlog=s2@group-17EB70022112-SegmentedRaftLog:OPENED:c-1,f-1,i0, conf=-1: [s3:0.0.0.0:42087, s4:0.0.0.0:33912, s0:0.0.0.0:40055, s1:0.0.0.0:37625, s2:0.0.0.0:37369], old=null
2019-09-24 17:11:05,154 DEBUG impl.RaftServerImpl (RaftServerImpl.java:requestVote(743)) - s2@group-17EB70022112: receive requestVote(s1, group-17EB70022112, 6, (t:0, i:0))
2019-09-24 17:11:05,153 INFO  impl.RoleInfo (RoleInfo.java:shutdownFollowerState(121)) - s0: shutdown FollowerState
2019-09-24 17:11:05,153 DEBUG impl.RaftServerImpl (RaftServerImpl.java:requestVote(743)) - s1@group-17EB70022112: receive requestVote(s2, group-17EB70022112, 6, (t:0, i:0))
2019-09-24 17:11:05,153 DEBUG impl.RaftServerImpl (RaftServerImpl.java:requestVote(775)) - s4@group-17EB70022112 replies to vote request: s1<-s4#0:FAIL-t6. Peer's state: s4@group-17EB70022112:t6, leader=null, voted=s4, raftlog=s4@group-17EB70022112-SegmentedRaftLog:OPENED:c-1,f-1,i0, conf=-1: [s3:0.0.0.0:42087, s4:0.0.0.0:33912, s0:0.0.0.0:40055, s1:0.0.0.0:37625, s2:0.0.0.0:37369], old=null
2019-09-24 17:11:05,153 DEBUG impl.RaftServerImpl (RaftServerImpl.java:requestVote(743)) - s0@group-17EB70022112: receive requestVote(s2, group-17EB70022112, 6, (t:0, i:0))
2019-09-24 17:11:05,155 DEBUG impl.RaftServerImpl (RaftServerImpl.java:requestVote(775)) - s4@group-17EB70022112 replies to vote request: s2<-s4#0:FAIL-t6. Peer's state: s4@group-17EB70022112:t6, leader=null, voted=s4, raftlog=s4@group-17EB70022112-SegmentedRaftLog:OPENED:c-1,f-1,i0, conf=-1: [s3:0.0.0.0:42087, s4:0.0.0.0:33912, s0:0.0.0.0:40055, s1:0.0.0.0:37625, s2:0.0.0.0:37369], old=null
2019-09-24 17:11:05,155 DEBUG impl.RaftServerImpl (RaftServerImpl.java:requestVote(775)) - s1@group-17EB70022112 replies to vote request: s2<-s1#0:FAIL-t6. Peer's state: s1@group-17EB70022112:t6, leader=null, voted=s1, raftlog=s1@group-17EB70022112-SegmentedRaftLog:OPENED:c-1,f-1,i0, conf=-1: [s3:0.0.0.0:42087, s4:0.0.0.0:33912, s0:0.0.0.0:40055, s1:0.0.0.0:37625, s2:0.0.0.0:37369], old=null
2019-09-24 17:11:05,155 INFO  impl.FollowerState (FollowerState.java:run(117)) - s0@group-17EB70022112-FollowerState was interrupted: java.lang.InterruptedException: sleep interrupted
2019-09-24 17:11:05,155 INFO  impl.RoleInfo (RoleInfo.java:updateAndGet(143)) - s0: start FollowerState
2019-09-24 17:11:05,154 DEBUG impl.RaftServerImpl (RaftServerImpl.java:requestVote(775)) - s2@group-17EB70022112 replies to vote request: s1<-s2#0:FAIL-t6. Peer's state: s2@group-17EB70022112:t6, leader=null, voted=s2, raftlog=s2@group-17EB70022112-SegmentedRaftLog:OPENED:c-1,f-1,i0, conf=-1: [s3:0.0.0.0:42087, s4:0.0.0.0:33912, s0:0.0.0.0:40055, s1:0.0.0.0:37625, s2:0.0.0.0:37369], old=null
2019-09-24 17:11:05,154 DEBUG impl.RaftServerImpl (RaftServerImpl.java:requestVote(743)) - s2@group-17EB70022112: receive requestVote(s3, group-17EB70022112, 6, (t:0, i:0))
2019-09-24 17:11:05,154 DEBUG impl.RaftServerImpl (RaftServerImpl.java:requestVote(743)) - s1@group-17EB70022112: receive requestVote(s3, group-17EB70022112, 6, (t:0, i:0))
2019-09-24 17:11:05,154 DEBUG impl.RaftServerImpl (RaftServerImpl.java:requestVote(775)) - s3@group-17EB70022112 replies to vote request: s1<-s3#0:FAIL-t6. Peer's state: s3@group-17EB70022112:t6, leader=null, voted=s3, raftlog=s3@group-17EB70022112-SegmentedRaftLog:OPENED:c-1,f-1,i0, conf=-1: [s3:0.0.0.0:42087, s4:0.0.0.0:33912, s0:0.0.0.0:40055, s1:0.0.0.0:37625, s2:0.0.0.0:37369], old=null
2019-09-24 17:11:05,157 DEBUG impl.RaftServerImpl (RaftServerImpl.java:requestVote(775)) - s1@group-17EB70022112 replies to vote request: s3<-s1#0:FAIL-t6. Peer's state: s1@group-17EB70022112:t6, leader=null, voted=s1, raftlog=s1@group-17EB70022112-SegmentedRaftLog:OPENED:c-1,f-1,i0, conf=-1: [s3:0.0.0.0:42087, s4:0.0.0.0:33912, s0:0.0.0.0:40055, s1:0.0.0.0:37625, s2:0.0.0.0:37369], old=null
2019-09-24 17:11:05,156 DEBUG impl.RaftServerImpl (RaftServerImpl.java:requestVote(775)) - s2@group-17EB70022112 replies to vote request: s3<-s2#0:FAIL-t6. Peer's state: s2@group-17EB70022112:t6, leader=null, voted=s2, raftlog=s2@group-17EB70022112-SegmentedRaftLog:OPENED:c-1,f-1,i0, conf=-1: [s3:0.0.0.0:42087, s4:0.0.0.0:33912, s0:0.0.0.0:40055, s1:0.0.0.0:37625, s2:0.0.0.0:37369], old=null
2019-09-24 17:11:05,170 WARN  ratis.RaftTestUtil (JavaUtils.java:attempt(158)) - FAILED "waitForLeader-null-(expectLeader? true)", attempt #99/100: java.lang.IllegalStateException: No leader yet : printing ALL groups
  s3:  RUNNING CANDIDATE s3@group-17EB70022112:t6, leader=null, voted=s3, raftlog=s3@group-17EB70022112-SegmentedRaftLog:OPENED:c-1,f-1,i0, conf=-1: [s3:0.0.0.0:42087, s4:0.0.0.0:33912, s0:0.0.0.0:40055, s1:0.0.0.0:37625, s2:0.0.0.0:37369], old=null RUNNING
  s4:  RUNNING CANDIDATE s4@group-17EB70022112:t6, leader=null, voted=s4, raftlog=s4@group-17EB70022112-SegmentedRaftLog:OPENED:c-1,f-1,i0, conf=-1: [s3:0.0.0.0:42087, s4:0.0.0.0:33912, s0:0.0.0.0:40055, s1:0.0.0.0:37625, s2:0.0.0.0:37369], old=null RUNNING
  s0:  RUNNING  FOLLOWER s0@group-17EB70022112:t6, leader=null, voted=s3, raftlog=s0@group-17EB70022112-SegmentedRaftLog:OPENED:c-1,f-1,i0, conf=-1: [s3:0.0.0.0:42087, s4:0.0.0.0:33912, s0:0.0.0.0:40055, s1:0.0.0.0:37625, s2:0.0.0.0:37369], old=null RUNNING
  s1:  RUNNING CANDIDATE s1@group-17EB70022112:t6, leader=null, voted=s1, raftlog=s1@group-17EB70022112-SegmentedRaftLog:OPENED:c-1,f-1,i0, conf=-1: [s3:0.0.0.0:42087, s4:0.0.0.0:33912, s0:0.0.0.0:40055, s1:0.0.0.0:37625, s2:0.0.0.0:37369], old=null RUNNING
  s2:  RUNNING CANDIDATE s2@group-17EB70022112:t6, leader=null, voted=s2, raftlog=s2@group-17EB70022112-SegmentedRaftLog:OPENED:c-1,f-1,i0, conf=-1: [s3:0.0.0.0:42087, s4:0.0.0.0:33912, s0:0.0.0.0:40055, s1:0.0.0.0:37625, s2:0.0.0.0:37369], old=null RUNNING, sleep 450ms and then retry.
java.lang.IllegalStateException: No leader yet : printing ALL groups
  s3:  RUNNING CANDIDATE s3@group-17EB70022112:t6, leader=null, voted=s3, raftlog=s3@group-17EB70022112-SegmentedRaftLog:OPENED:c-1,f-1,i0, conf=-1: [s3:0.0.0.0:42087, s4:0.0.0.0:33912, s0:0.0.0.0:40055, s1:0.0.0.0:37625, s2:0.0.0.0:37369], old=null RUNNING
  s4:  RUNNING CANDIDATE s4@group-17EB70022112:t6, leader=null, voted=s4, raftlog=s4@group-17EB70022112-SegmentedRaftLog:OPENED:c-1,f-1,i0, conf=-1: [s3:0.0.0.0:42087, s4:0.0.0.0:33912, s0:0.0.0.0:40055, s1:0.0.0.0:37625, s2:0.0.0.0:37369], old=null RUNNING
  s0:  RUNNING  FOLLOWER s0@group-17EB70022112:t6, leader=null, voted=s3, raftlog=s0@group-17EB70022112-SegmentedRaftLog:OPENED:c-1,f-1,i0, conf=-1: [s3:0.0.0.0:42087, s4:0.0.0.0:33912, s0:0.0.0.0:40055, s1:0.0.0.0:37625, s2:0.0.0.0:37369], old=null RUNNING
  s1:  RUNNING CANDIDATE s1@group-17EB70022112:t6, leader=null, voted=s1, raftlog=s1@group-17EB70022112-SegmentedRaftLog:OPENED:c-1,f-1,i0, conf=-1: [s3:0.0.0.0:42087, s4:0.0.0.0:33912, s0:0.0.0.0:40055, s1:0.0.0.0:37625, s2:0.0.0.0:37369], old=null RUNNING
  s2:  RUNNING CANDIDATE s2@group-17EB70022112:t6, leader=null, voted=s2, raftlog=s2@group-17EB70022112-SegmentedRaftLog:OPENED:c-1,f-1,i0, conf=-1: [s3:0.0.0.0:42087, s4:0.0.0.0:33912, s0:0.0.0.0:40055, s1:0.0.0.0:37625, s2:0.0.0.0:37369], old=null RUNNING
	at org.apache.ratis.MiniRaftCluster.newIllegalStateExceptionForNoLeaders(MiniRaftCluster.java:506)
	at org.apache.ratis.RaftTestUtil.lambda$waitForLeader$1(RaftTestUtil.java:90)
	at org.apache.ratis.MiniRaftCluster.getLeader(MiniRaftCluster.java:539)
	at org.apache.ratis.MiniRaftCluster.getLeader(MiniRaftCluster.java:532)
	at org.apache.ratis.RaftTestUtil.lambda$waitForLeader$3(RaftTestUtil.java:98)
	at org.apache.ratis.util.JavaUtils.attempt(JavaUtils.java:152)
	at org.apache.ratis.RaftTestUtil.waitForLeader(RaftTestUtil.java:97)
	at org.apache.ratis.RaftTestUtil.waitForLeader(RaftTestUtil.java:77)
	at org.apache.ratis.RaftTestUtil.waitForLeader(RaftTestUtil.java:72)
	at org.apache.ratis.RaftTestUtil.waitAndKillLeader(RaftTestUtil.java:114)
	at org.apache.ratis.server.impl.LeaderElectionTests.testBasicLeaderElection(LeaderElectionTests.java:63)
	at sun.reflect.NativeMethodAccessorImpl.invoke0(Native Method)
	at sun.reflect.NativeMethodAccessorImpl.invoke(NativeMethodAccessorImpl.java:62)
	at sun.reflect.DelegatingMethodAccessorImpl.invoke(DelegatingMethodAccessorImpl.java:43)
	at java.lang.reflect.Method.invoke(Method.java:498)
	at org.junit.runners.model.FrameworkMethod$1.runReflectiveCall(FrameworkMethod.java:50)
	at org.junit.internal.runners.model.ReflectiveCallable.run(ReflectiveCallable.java:12)
	at org.junit.runners.model.FrameworkMethod.invokeExplosively(FrameworkMethod.java:47)
	at org.junit.internal.runners.statements.InvokeMethod.evaluate(InvokeMethod.java:17)
	at org.junit.internal.runners.statements.RunAfters.evaluate(RunAfters.java:27)
	at org.junit.internal.runners.statements.FailOnTimeout$CallableStatement.call(FailOnTimeout.java:298)
	at org.junit.internal.runners.statements.FailOnTimeout$CallableStatement.call(FailOnTimeout.java:292)
	at java.util.concurrent.FutureTask.run(FutureTask.java:266)
	at java.lang.Thread.run(Thread.java:748)
2019-09-24 17:11:05,182 DEBUG impl.RaftServerImpl (RaftServerImpl.java:requestVote(775)) - s0@group-17EB70022112 replies to vote request: s3<-s0#0:OK-t6. Peer's state: s0@group-17EB70022112:t6, leader=null, voted=s3, raftlog=s0@group-17EB70022112-SegmentedRaftLog:OPENED:c-1,f-1,i0, conf=-1: [s3:0.0.0.0:42087, s4:0.0.0.0:33912, s0:0.0.0.0:40055, s1:0.0.0.0:37625, s2:0.0.0.0:37369], old=null
2019-09-24 17:11:05,183 DEBUG impl.RaftServerImpl (RaftServerImpl.java:requestVote(775)) - s0@group-17EB70022112 replies to vote request: s2<-s0#0:FAIL-t6. Peer's state: s0@group-17EB70022112:t6, leader=null, voted=s3, raftlog=s0@group-17EB70022112-SegmentedRaftLog:OPENED:c-1,f-1,i0, conf=-1: [s3:0.0.0.0:42087, s4:0.0.0.0:33912, s0:0.0.0.0:40055, s1:0.0.0.0:37625, s2:0.0.0.0:37369], old=null
2019-09-24 17:11:05,184 DEBUG impl.RaftServerImpl (RaftServerImpl.java:requestVote(775)) - s0@group-17EB70022112 replies to vote request: s4<-s0#0:FAIL-t6. Peer's state: s0@group-17EB70022112:t6, leader=null, voted=s3, raftlog=s0@group-17EB70022112-SegmentedRaftLog:OPENED:c-1,f-1,i0, conf=-1: [s3:0.0.0.0:42087, s4:0.0.0.0:33912, s0:0.0.0.0:40055, s1:0.0.0.0:37625, s2:0.0.0.0:37369], old=null
2019-09-24 17:11:05,193 DEBUG impl.RaftServerImpl (RaftServerImpl.java:requestVote(743)) - s0@group-17EB70022112: receive requestVote(s1, group-17EB70022112, 6, (t:0, i:0))
2019-09-24 17:11:05,193 INFO  impl.LeaderElection (LeaderElection.java:logAndReturn(56)) - s3@group-17EB70022112-LeaderElection58: Election REJECTED; received 4 response(s) [s3<-s4#0:FAIL-t6, s3<-s0#0:OK-t6, s3<-s1#0:FAIL-t6, s3<-s2#0:FAIL-t6] and 0 exception(s); s3@group-17EB70022112:t6, leader=null, voted=s3, raftlog=s3@group-17EB70022112-SegmentedRaftLog:OPENED:c-1,f-1,i0, conf=-1: [s3:0.0.0.0:42087, s4:0.0.0.0:33912, s0:0.0.0.0:40055, s1:0.0.0.0:37625, s2:0.0.0.0:37369], old=null
2019-09-24 17:11:05,193 DEBUG impl.RaftServerImpl (RaftServerImpl.java:requestVote(775)) - s0@group-17EB70022112 replies to vote request: s1<-s0#0:FAIL-t6. Peer's state: s0@group-17EB70022112:t6, leader=null, voted=s3, raftlog=s0@group-17EB70022112-SegmentedRaftLog:OPENED:c-1,f-1,i0, conf=-1: [s3:0.0.0.0:42087, s4:0.0.0.0:33912, s0:0.0.0.0:40055, s1:0.0.0.0:37625, s2:0.0.0.0:37369], old=null
2019-09-24 17:11:05,193 INFO  impl.RaftServerImpl (RaftServerImpl.java:setRole(170)) - s3@group-17EB70022112: changes role from CANDIDATE to FOLLOWER at term 6 for DISCOVERED_A_NEW_TERM
2019-09-24 17:11:05,194 INFO  impl.RoleInfo (RoleInfo.java:shutdownLeaderElection(134)) - s3: shutdown LeaderElection
2019-09-24 17:11:05,194 INFO  impl.RoleInfo (RoleInfo.java:updateAndGet(143)) - s3: start FollowerState
2019-09-24 17:11:05,197 INFO  impl.LeaderElection (LeaderElection.java:logAndReturn(56)) - s4@group-17EB70022112-LeaderElection59: Election REJECTED; received 4 response(s) [s4<-s3#0:FAIL-t6, s4<-s0#0:FAIL-t6, s4<-s1#0:FAIL-t6, s4<-s2#0:FAIL-t6] and 0 exception(s); s4@group-17EB70022112:t6, leader=null, voted=s4, raftlog=s4@group-17EB70022112-SegmentedRaftLog:OPENED:c-1,f-1,i0, conf=-1: [s3:0.0.0.0:42087, s4:0.0.0.0:33912, s0:0.0.0.0:40055, s1:0.0.0.0:37625, s2:0.0.0.0:37369], old=null
2019-09-24 17:11:05,197 INFO  impl.RaftServerImpl (RaftServerImpl.java:setRole(170)) - s4@group-17EB70022112: changes role from CANDIDATE to FOLLOWER at term 6 for DISCOVERED_A_NEW_TERM
2019-09-24 17:11:05,198 INFO  impl.RoleInfo (RoleInfo.java:shutdownLeaderElection(134)) - s4: shutdown LeaderElection
2019-09-24 17:11:05,198 INFO  impl.RoleInfo (RoleInfo.java:updateAndGet(143)) - s4: start FollowerState
2019-09-24 17:11:05,202 INFO  impl.LeaderElection (LeaderElection.java:logAndReturn(56)) - s2@group-17EB70022112-LeaderElection56: Election REJECTED; received 4 response(s) [s2<-s3#0:FAIL-t6, s2<-s4#0:FAIL-t6, s2<-s0#0:FAIL-t6, s2<-s1#0:FAIL-t6] and 0 exception(s); s2@group-17EB70022112:t6, leader=null, voted=s2, raftlog=s2@group-17EB70022112-SegmentedRaftLog:OPENED:c-1,f-1,i0, conf=-1: [s3:0.0.0.0:42087, s4:0.0.0.0:33912, s0:0.0.0.0:40055, s1:0.0.0.0:37625, s2:0.0.0.0:37369], old=null
2019-09-24 17:11:05,202 INFO  impl.RaftServerImpl (RaftServerImpl.java:setRole(170)) - s2@group-17EB70022112: changes role from CANDIDATE to FOLLOWER at term 6 for DISCOVERED_A_NEW_TERM
2019-09-24 17:11:05,202 INFO  impl.RoleInfo (RoleInfo.java:shutdownLeaderElection(134)) - s2: shutdown LeaderElection
2019-09-24 17:11:05,203 INFO  impl.RoleInfo (RoleInfo.java:updateAndGet(143)) - s2: start FollowerState
2019-09-24 17:11:05,208 INFO  impl.LeaderElection (LeaderElection.java:logAndReturn(56)) - s1@group-17EB70022112-LeaderElection57: Election REJECTED; received 4 response(s) [s1<-s3#0:FAIL-t6, s1<-s4#0:FAIL-t6, s1<-s0#0:FAIL-t6, s1<-s2#0:FAIL-t6] and 0 exception(s); s1@group-17EB70022112:t6, leader=null, voted=s1, raftlog=s1@group-17EB70022112-SegmentedRaftLog:OPENED:c-1,f-1,i0, conf=-1: [s3:0.0.0.0:42087, s4:0.0.0.0:33912, s0:0.0.0.0:40055, s1:0.0.0.0:37625, s2:0.0.0.0:37369], old=null
2019-09-24 17:11:05,208 INFO  impl.RaftServerImpl (RaftServerImpl.java:setRole(170)) - s1@group-17EB70022112: changes role from CANDIDATE to FOLLOWER at term 6 for DISCOVERED_A_NEW_TERM
2019-09-24 17:11:05,208 INFO  impl.RoleInfo (RoleInfo.java:shutdownLeaderElection(134)) - s1: shutdown LeaderElection
2019-09-24 17:11:05,208 INFO  impl.RoleInfo (RoleInfo.java:updateAndGet(143)) - s1: start FollowerState
2019-09-24 17:11:05,403 INFO  impl.FollowerState (FollowerState.java:run(108)) - s3@group-17EB70022112-FollowerState: change to CANDIDATE, lastRpcTime:209ms, electionTimeout:209ms
2019-09-24 17:11:05,404 INFO  impl.RoleInfo (RoleInfo.java:shutdownFollowerState(121)) - s3: shutdown FollowerState
2019-09-24 17:11:05,404 INFO  impl.RaftServerImpl (RaftServerImpl.java:setRole(170)) - s3@group-17EB70022112: changes role from  FOLLOWER to CANDIDATE at term 6 for changeToCandidate
2019-09-24 17:11:05,404 INFO  impl.RoleInfo (RoleInfo.java:updateAndGet(143)) - s3: start LeaderElection
2019-09-24 17:11:05,408 INFO  impl.FollowerState (FollowerState.java:run(108)) - s2@group-17EB70022112-FollowerState: change to CANDIDATE, lastRpcTime:205ms, electionTimeout:205ms
2019-09-24 17:11:05,408 INFO  impl.RoleInfo (RoleInfo.java:shutdownFollowerState(121)) - s2: shutdown FollowerState
2019-09-24 17:11:05,408 INFO  impl.RaftServerImpl (RaftServerImpl.java:setRole(170)) - s2@group-17EB70022112: changes role from  FOLLOWER to CANDIDATE at term 6 for changeToCandidate
2019-09-24 17:11:05,409 INFO  impl.RoleInfo (RoleInfo.java:updateAndGet(143)) - s2: start LeaderElection
2019-09-24 17:11:05,435 INFO  impl.FollowerState (FollowerState.java:run(108)) - s0@group-17EB70022112-FollowerState: change to CANDIDATE, lastRpcTime:280ms, electionTimeout:279ms
2019-09-24 17:11:05,436 INFO  impl.RoleInfo (RoleInfo.java:shutdownFollowerState(121)) - s0: shutdown FollowerState
2019-09-24 17:11:05,436 INFO  impl.RaftServerImpl (RaftServerImpl.java:setRole(170)) - s0@group-17EB70022112: changes role from  FOLLOWER to CANDIDATE at term 6 for changeToCandidate
2019-09-24 17:11:05,436 INFO  impl.RoleInfo (RoleInfo.java:updateAndGet(143)) - s0: start LeaderElection
2019-09-24 17:11:05,475 INFO  impl.FollowerState (FollowerState.java:run(108)) - s4@group-17EB70022112-FollowerState: change to CANDIDATE, lastRpcTime:277ms, electionTimeout:277ms
2019-09-24 17:11:05,476 INFO  impl.RoleInfo (RoleInfo.java:shutdownFollowerState(121)) - s4: shutdown FollowerState
2019-09-24 17:11:05,476 INFO  impl.RaftServerImpl (RaftServerImpl.java:setRole(170)) - s4@group-17EB70022112: changes role from  FOLLOWER to CANDIDATE at term 6 for changeToCandidate
2019-09-24 17:11:05,476 INFO  impl.RoleInfo (RoleInfo.java:updateAndGet(143)) - s4: start LeaderElection
2019-09-24 17:11:05,490 INFO  impl.FollowerState (FollowerState.java:run(108)) - s1@group-17EB70022112-FollowerState: change to CANDIDATE, lastRpcTime:281ms, electionTimeout:281ms
2019-09-24 17:11:05,490 INFO  impl.RoleInfo (RoleInfo.java:shutdownFollowerState(121)) - s1: shutdown FollowerState
2019-09-24 17:11:05,490 INFO  impl.RaftServerImpl (RaftServerImpl.java:setRole(170)) - s1@group-17EB70022112: changes role from  FOLLOWER to CANDIDATE at term 6 for changeToCandidate
2019-09-24 17:11:05,491 INFO  impl.RoleInfo (RoleInfo.java:updateAndGet(143)) - s1: start LeaderElection
2019-09-24 17:11:05,529 INFO  impl.LeaderElection (LeaderElection.java:askForVotes(178)) - s3@group-17EB70022112-LeaderElection60: begin an election at term 7 for -1: [s3:0.0.0.0:42087, s4:0.0.0.0:33912, s0:0.0.0.0:40055, s1:0.0.0.0:37625, s2:0.0.0.0:37369], old=null
2019-09-24 17:11:05,529 INFO  impl.LeaderElection (LeaderElection.java:askForVotes(178)) - s2@group-17EB70022112-LeaderElection61: begin an election at term 7 for -1: [s3:0.0.0.0:42087, s4:0.0.0.0:33912, s0:0.0.0.0:40055, s1:0.0.0.0:37625, s2:0.0.0.0:37369], old=null
2019-09-24 17:11:05,530 DEBUG impl.RaftServerImpl (RaftServerImpl.java:requestVote(743)) - s4@group-17EB70022112: receive requestVote(s3, group-17EB70022112, 7, (t:0, i:0))
2019-09-24 17:11:05,530 DEBUG impl.RaftServerImpl (RaftServerImpl.java:requestVote(743)) - s3@group-17EB70022112: receive requestVote(s2, group-17EB70022112, 7, (t:0, i:0))
2019-09-24 17:11:05,530 DEBUG impl.RaftServerImpl (RaftServerImpl.java:requestVote(743)) - s0@group-17EB70022112: receive requestVote(s3, group-17EB70022112, 7, (t:0, i:0))
2019-09-24 17:11:05,531 DEBUG impl.RaftServerImpl (RaftServerImpl.java:requestVote(743)) - s4@group-17EB70022112: receive requestVote(s2, group-17EB70022112, 7, (t:0, i:0))
2019-09-24 17:11:05,531 DEBUG impl.RaftServerImpl (RaftServerImpl.java:requestVote(743)) - s1@group-17EB70022112: receive requestVote(s3, group-17EB70022112, 7, (t:0, i:0))
2019-09-24 17:11:05,531 DEBUG impl.RaftServerImpl (RaftServerImpl.java:requestVote(743)) - s1@group-17EB70022112: receive requestVote(s2, group-17EB70022112, 7, (t:0, i:0))
2019-09-24 17:11:05,531 DEBUG impl.RaftServerImpl (RaftServerImpl.java:requestVote(743)) - s2@group-17EB70022112: receive requestVote(s3, group-17EB70022112, 7, (t:0, i:0))
2019-09-24 17:11:05,531 DEBUG impl.RaftServerImpl (RaftServerImpl.java:requestVote(743)) - s0@group-17EB70022112: receive requestVote(s2, group-17EB70022112, 7, (t:0, i:0))
2019-09-24 17:11:05,531 DEBUG impl.RaftServerImpl (RaftServerImpl.java:requestVote(775)) - s3@group-17EB70022112 replies to vote request: s2<-s3#0:FAIL-t7. Peer's state: s3@group-17EB70022112:t7, leader=null, voted=s3, raftlog=s3@group-17EB70022112-SegmentedRaftLog:OPENED:c-1,f-1,i0, conf=-1: [s3:0.0.0.0:42087, s4:0.0.0.0:33912, s0:0.0.0.0:40055, s1:0.0.0.0:37625, s2:0.0.0.0:37369], old=null
2019-09-24 17:11:05,532 DEBUG impl.RaftServerImpl (RaftServerImpl.java:requestVote(775)) - s2@group-17EB70022112 replies to vote request: s3<-s2#0:FAIL-t7. Peer's state: s2@group-17EB70022112:t7, leader=null, voted=s2, raftlog=s2@group-17EB70022112-SegmentedRaftLog:OPENED:c-1,f-1,i0, conf=-1: [s3:0.0.0.0:42087, s4:0.0.0.0:33912, s0:0.0.0.0:40055, s1:0.0.0.0:37625, s2:0.0.0.0:37369], old=null
2019-09-24 17:11:05,538 INFO  impl.LeaderElection (LeaderElection.java:askForVotes(178)) - s4@group-17EB70022112-LeaderElection63: begin an election at term 7 for -1: [s3:0.0.0.0:42087, s4:0.0.0.0:33912, s0:0.0.0.0:40055, s1:0.0.0.0:37625, s2:0.0.0.0:37369], old=null
2019-09-24 17:11:05,538 DEBUG impl.RaftServerImpl (RaftServerImpl.java:requestVote(775)) - s4@group-17EB70022112 replies to vote request: s2<-s4#0:FAIL-t7. Peer's state: s4@group-17EB70022112:t7, leader=null, voted=s4, raftlog=s4@group-17EB70022112-SegmentedRaftLog:OPENED:c-1,f-1,i0, conf=-1: [s3:0.0.0.0:42087, s4:0.0.0.0:33912, s0:0.0.0.0:40055, s1:0.0.0.0:37625, s2:0.0.0.0:37369], old=null
2019-09-24 17:11:05,538 DEBUG impl.RaftServerImpl (RaftServerImpl.java:requestVote(775)) - s1@group-17EB70022112 replies to vote request: s2<-s1#0:FAIL-t7. Peer's state: s1@group-17EB70022112:t7, leader=null, voted=s1, raftlog=s1@group-17EB70022112-SegmentedRaftLog:OPENED:c-1,f-1,i0, conf=-1: [s3:0.0.0.0:42087, s4:0.0.0.0:33912, s0:0.0.0.0:40055, s1:0.0.0.0:37625, s2:0.0.0.0:37369], old=null
2019-09-24 17:11:05,538 DEBUG impl.RaftServerImpl (RaftServerImpl.java:requestVote(775)) - s0@group-17EB70022112 replies to vote request: s2<-s0#0:FAIL-t7. Peer's state: s0@group-17EB70022112:t7, leader=null, voted=s0, raftlog=s0@group-17EB70022112-SegmentedRaftLog:OPENED:c-1,f-1,i0, conf=-1: [s3:0.0.0.0:42087, s4:0.0.0.0:33912, s0:0.0.0.0:40055, s1:0.0.0.0:37625, s2:0.0.0.0:37369], old=null
2019-09-24 17:11:05,538 INFO  impl.LeaderElection (LeaderElection.java:askForVotes(178)) - s1@group-17EB70022112-LeaderElection64: begin an election at term 7 for -1: [s3:0.0.0.0:42087, s4:0.0.0.0:33912, s0:0.0.0.0:40055, s1:0.0.0.0:37625, s2:0.0.0.0:37369], old=null
2019-09-24 17:11:05,538 INFO  impl.LeaderElection (LeaderElection.java:askForVotes(178)) - s0@group-17EB70022112-LeaderElection62: begin an election at term 7 for -1: [s3:0.0.0.0:42087, s4:0.0.0.0:33912, s0:0.0.0.0:40055, s1:0.0.0.0:37625, s2:0.0.0.0:37369], old=null
2019-09-24 17:11:05,539 DEBUG impl.RaftServerImpl (RaftServerImpl.java:requestVote(775)) - s0@group-17EB70022112 replies to vote request: s3<-s0#0:FAIL-t7. Peer's state: s0@group-17EB70022112:t7, leader=null, voted=s0, raftlog=s0@group-17EB70022112-SegmentedRaftLog:OPENED:c-1,f-1,i0, conf=-1: [s3:0.0.0.0:42087, s4:0.0.0.0:33912, s0:0.0.0.0:40055, s1:0.0.0.0:37625, s2:0.0.0.0:37369], old=null
2019-09-24 17:11:05,538 DEBUG impl.RaftServerImpl (RaftServerImpl.java:requestVote(775)) - s1@group-17EB70022112 replies to vote request: s3<-s1#0:FAIL-t7. Peer's state: s1@group-17EB70022112:t7, leader=null, voted=s1, raftlog=s1@group-17EB70022112-SegmentedRaftLog:OPENED:c-1,f-1,i0, conf=-1: [s3:0.0.0.0:42087, s4:0.0.0.0:33912, s0:0.0.0.0:40055, s1:0.0.0.0:37625, s2:0.0.0.0:37369], old=null
2019-09-24 17:11:05,538 DEBUG impl.RaftServerImpl (RaftServerImpl.java:requestVote(775)) - s4@group-17EB70022112 replies to vote request: s3<-s4#0:FAIL-t7. Peer's state: s4@group-17EB70022112:t7, leader=null, voted=s4, raftlog=s4@group-17EB70022112-SegmentedRaftLog:OPENED:c-1,f-1,i0, conf=-1: [s3:0.0.0.0:42087, s4:0.0.0.0:33912, s0:0.0.0.0:40055, s1:0.0.0.0:37625, s2:0.0.0.0:37369], old=null
2019-09-24 17:11:05,539 DEBUG impl.RaftServerImpl (RaftServerImpl.java:requestVote(743)) - s3@group-17EB70022112: receive requestVote(s0, group-17EB70022112, 7, (t:0, i:0))
2019-09-24 17:11:05,540 DEBUG impl.RaftServerImpl (RaftServerImpl.java:requestVote(743)) - s4@group-17EB70022112: receive requestVote(s0, group-17EB70022112, 7, (t:0, i:0))
2019-09-24 17:11:05,540 DEBUG impl.RaftServerImpl (RaftServerImpl.java:requestVote(743)) - s1@group-17EB70022112: receive requestVote(s0, group-17EB70022112, 7, (t:0, i:0))
2019-09-24 17:11:05,540 DEBUG impl.RaftServerImpl (RaftServerImpl.java:requestVote(775)) - s4@group-17EB70022112 replies to vote request: s0<-s4#0:FAIL-t7. Peer's state: s4@group-17EB70022112:t7, leader=null, voted=s4, raftlog=s4@group-17EB70022112-SegmentedRaftLog:OPENED:c-1,f-1,i0, conf=-1: [s3:0.0.0.0:42087, s4:0.0.0.0:33912, s0:0.0.0.0:40055, s1:0.0.0.0:37625, s2:0.0.0.0:37369], old=null
2019-09-24 17:11:05,540 DEBUG impl.RaftServerImpl (RaftServerImpl.java:requestVote(775)) - s3@group-17EB70022112 replies to vote request: s0<-s3#0:FAIL-t7. Peer's state: s3@group-17EB70022112:t7, leader=null, voted=s3, raftlog=s3@group-17EB70022112-SegmentedRaftLog:OPENED:c-1,f-1,i0, conf=-1: [s3:0.0.0.0:42087, s4:0.0.0.0:33912, s0:0.0.0.0:40055, s1:0.0.0.0:37625, s2:0.0.0.0:37369], old=null
2019-09-24 17:11:05,540 DEBUG impl.RaftServerImpl (RaftServerImpl.java:requestVote(743)) - s0@group-17EB70022112: receive requestVote(s1, group-17EB70022112, 7, (t:0, i:0))
2019-09-24 17:11:05,540 DEBUG impl.RaftServerImpl (RaftServerImpl.java:requestVote(775)) - s1@group-17EB70022112 replies to vote request: s0<-s1#0:FAIL-t7. Peer's state: s1@group-17EB70022112:t7, leader=null, voted=s1, raftlog=s1@group-17EB70022112-SegmentedRaftLog:OPENED:c-1,f-1,i0, conf=-1: [s3:0.0.0.0:42087, s4:0.0.0.0:33912, s0:0.0.0.0:40055, s1:0.0.0.0:37625, s2:0.0.0.0:37369], old=null
2019-09-24 17:11:05,540 DEBUG impl.RaftServerImpl (RaftServerImpl.java:requestVote(743)) - s3@group-17EB70022112: receive requestVote(s1, group-17EB70022112, 7, (t:0, i:0))
2019-09-24 17:11:05,541 DEBUG impl.RaftServerImpl (RaftServerImpl.java:requestVote(743)) - s2@group-17EB70022112: receive requestVote(s0, group-17EB70022112, 7, (t:0, i:0))
2019-09-24 17:11:05,541 DEBUG impl.RaftServerImpl (RaftServerImpl.java:requestVote(775)) - s0@group-17EB70022112 replies to vote request: s1<-s0#0:FAIL-t7. Peer's state: s0@group-17EB70022112:t7, leader=null, voted=s0, raftlog=s0@group-17EB70022112-SegmentedRaftLog:OPENED:c-1,f-1,i0, conf=-1: [s3:0.0.0.0:42087, s4:0.0.0.0:33912, s0:0.0.0.0:40055, s1:0.0.0.0:37625, s2:0.0.0.0:37369], old=null
2019-09-24 17:11:05,541 DEBUG impl.RaftServerImpl (RaftServerImpl.java:requestVote(775)) - s2@group-17EB70022112 replies to vote request: s0<-s2#0:FAIL-t7. Peer's state: s2@group-17EB70022112:t7, leader=null, voted=s2, raftlog=s2@group-17EB70022112-SegmentedRaftLog:OPENED:c-1,f-1,i0, conf=-1: [s3:0.0.0.0:42087, s4:0.0.0.0:33912, s0:0.0.0.0:40055, s1:0.0.0.0:37625, s2:0.0.0.0:37369], old=null
2019-09-24 17:11:05,541 DEBUG impl.RaftServerImpl (RaftServerImpl.java:requestVote(743)) - s2@group-17EB70022112: receive requestVote(s1, group-17EB70022112, 7, (t:0, i:0))
2019-09-24 17:11:05,541 DEBUG impl.RaftServerImpl (RaftServerImpl.java:requestVote(775)) - s3@group-17EB70022112 replies to vote request: s1<-s3#0:FAIL-t7. Peer's state: s3@group-17EB70022112:t7, leader=null, voted=s3, raftlog=s3@group-17EB70022112-SegmentedRaftLog:OPENED:c-1,f-1,i0, conf=-1: [s3:0.0.0.0:42087, s4:0.0.0.0:33912, s0:0.0.0.0:40055, s1:0.0.0.0:37625, s2:0.0.0.0:37369], old=null
2019-09-24 17:11:05,542 DEBUG impl.RaftServerImpl (RaftServerImpl.java:requestVote(775)) - s2@group-17EB70022112 replies to vote request: s1<-s2#0:FAIL-t7. Peer's state: s2@group-17EB70022112:t7, leader=null, voted=s2, raftlog=s2@group-17EB70022112-SegmentedRaftLog:OPENED:c-1,f-1,i0, conf=-1: [s3:0.0.0.0:42087, s4:0.0.0.0:33912, s0:0.0.0.0:40055, s1:0.0.0.0:37625, s2:0.0.0.0:37369], old=null
2019-09-24 17:11:05,545 DEBUG impl.RaftServerImpl (RaftServerImpl.java:requestVote(743)) - s2@group-17EB70022112: receive requestVote(s4, group-17EB70022112, 7, (t:0, i:0))
2019-09-24 17:11:05,545 DEBUG impl.RaftServerImpl (RaftServerImpl.java:requestVote(775)) - s2@group-17EB70022112 replies to vote request: s4<-s2#0:FAIL-t7. Peer's state: s2@group-17EB70022112:t7, leader=null, voted=s2, raftlog=s2@group-17EB70022112-SegmentedRaftLog:OPENED:c-1,f-1,i0, conf=-1: [s3:0.0.0.0:42087, s4:0.0.0.0:33912, s0:0.0.0.0:40055, s1:0.0.0.0:37625, s2:0.0.0.0:37369], old=null
2019-09-24 17:11:05,546 DEBUG impl.RaftServerImpl (RaftServerImpl.java:requestVote(743)) - s3@group-17EB70022112: receive requestVote(s4, group-17EB70022112, 7, (t:0, i:0))
2019-09-24 17:11:05,546 DEBUG impl.RaftServerImpl (RaftServerImpl.java:requestVote(775)) - s3@group-17EB70022112 replies to vote request: s4<-s3#0:FAIL-t7. Peer's state: s3@group-17EB70022112:t7, leader=null, voted=s3, raftlog=s3@group-17EB70022112-SegmentedRaftLog:OPENED:c-1,f-1,i0, conf=-1: [s3:0.0.0.0:42087, s4:0.0.0.0:33912, s0:0.0.0.0:40055, s1:0.0.0.0:37625, s2:0.0.0.0:37369], old=null
2019-09-24 17:11:05,551 DEBUG impl.RaftServerImpl (RaftServerImpl.java:requestVote(743)) - s0@group-17EB70022112: receive requestVote(s4, group-17EB70022112, 7, (t:0, i:0))
2019-09-24 17:11:05,551 DEBUG impl.RaftServerImpl (RaftServerImpl.java:requestVote(775)) - s0@group-17EB70022112 replies to vote request: s4<-s0#0:FAIL-t7. Peer's state: s0@group-17EB70022112:t7, leader=null, voted=s0, raftlog=s0@group-17EB70022112-SegmentedRaftLog:OPENED:c-1,f-1,i0, conf=-1: [s3:0.0.0.0:42087, s4:0.0.0.0:33912, s0:0.0.0.0:40055, s1:0.0.0.0:37625, s2:0.0.0.0:37369], old=null
2019-09-24 17:11:05,551 DEBUG impl.RaftServerImpl (RaftServerImpl.java:requestVote(743)) - s1@group-17EB70022112: receive requestVote(s4, group-17EB70022112, 7, (t:0, i:0))
2019-09-24 17:11:05,552 DEBUG impl.RaftServerImpl (RaftServerImpl.java:requestVote(775)) - s1@group-17EB70022112 replies to vote request: s4<-s1#0:FAIL-t7. Peer's state: s1@group-17EB70022112:t7, leader=null, voted=s1, raftlog=s1@group-17EB70022112-SegmentedRaftLog:OPENED:c-1,f-1,i0, conf=-1: [s3:0.0.0.0:42087, s4:0.0.0.0:33912, s0:0.0.0.0:40055, s1:0.0.0.0:37625, s2:0.0.0.0:37369], old=null
2019-09-24 17:11:05,554 DEBUG impl.RaftServerImpl (RaftServerImpl.java:requestVote(743)) - s4@group-17EB70022112: receive requestVote(s1, group-17EB70022112, 7, (t:0, i:0))
2019-09-24 17:11:05,555 DEBUG impl.RaftServerImpl (RaftServerImpl.java:requestVote(775)) - s4@group-17EB70022112 replies to vote request: s1<-s4#0:FAIL-t7. Peer's state: s4@group-17EB70022112:t7, leader=null, voted=s4, raftlog=s4@group-17EB70022112-SegmentedRaftLog:OPENED:c-1,f-1,i0, conf=-1: [s3:0.0.0.0:42087, s4:0.0.0.0:33912, s0:0.0.0.0:40055, s1:0.0.0.0:37625, s2:0.0.0.0:37369], old=null
2019-09-24 17:11:05,555 INFO  impl.LeaderElection (LeaderElection.java:logAndReturn(56)) - s3@group-17EB70022112-LeaderElection60: Election REJECTED; received 4 response(s) [s3<-s4#0:FAIL-t7, s3<-s0#0:FAIL-t7, s3<-s1#0:FAIL-t7, s3<-s2#0:FAIL-t7] and 0 exception(s); s3@group-17EB70022112:t7, leader=null, voted=s3, raftlog=s3@group-17EB70022112-SegmentedRaftLog:OPENED:c-1,f-1,i0, conf=-1: [s3:0.0.0.0:42087, s4:0.0.0.0:33912, s0:0.0.0.0:40055, s1:0.0.0.0:37625, s2:0.0.0.0:37369], old=null
2019-09-24 17:11:05,555 INFO  impl.RaftServerImpl (RaftServerImpl.java:setRole(170)) - s3@group-17EB70022112: changes role from CANDIDATE to FOLLOWER at term 7 for DISCOVERED_A_NEW_TERM
2019-09-24 17:11:05,555 INFO  impl.RoleInfo (RoleInfo.java:shutdownLeaderElection(134)) - s3: shutdown LeaderElection
2019-09-24 17:11:05,556 INFO  impl.RoleInfo (RoleInfo.java:updateAndGet(143)) - s3: start FollowerState
2019-09-24 17:11:05,558 INFO  impl.LeaderElection (LeaderElection.java:logAndReturn(56)) - s2@group-17EB70022112-LeaderElection61: Election REJECTED; received 4 response(s) [s2<-s3#0:FAIL-t7, s2<-s4#0:FAIL-t7, s2<-s0#0:FAIL-t7, s2<-s1#0:FAIL-t7] and 0 exception(s); s2@group-17EB70022112:t7, leader=null, voted=s2, raftlog=s2@group-17EB70022112-SegmentedRaftLog:OPENED:c-1,f-1,i0, conf=-1: [s3:0.0.0.0:42087, s4:0.0.0.0:33912, s0:0.0.0.0:40055, s1:0.0.0.0:37625, s2:0.0.0.0:37369], old=null
2019-09-24 17:11:05,558 INFO  impl.RaftServerImpl (RaftServerImpl.java:setRole(170)) - s2@group-17EB70022112: changes role from CANDIDATE to FOLLOWER at term 7 for DISCOVERED_A_NEW_TERM
2019-09-24 17:11:05,558 INFO  impl.RoleInfo (RoleInfo.java:shutdownLeaderElection(134)) - s2: shutdown LeaderElection
2019-09-24 17:11:05,558 INFO  impl.RoleInfo (RoleInfo.java:updateAndGet(143)) - s2: start FollowerState
2019-09-24 17:11:05,560 INFO  impl.LeaderElection (LeaderElection.java:logAndReturn(56)) - s0@group-17EB70022112-LeaderElection62: Election REJECTED; received 4 response(s) [s0<-s3#0:FAIL-t7, s0<-s4#0:FAIL-t7, s0<-s1#0:FAIL-t7, s0<-s2#0:FAIL-t7] and 0 exception(s); s0@group-17EB70022112:t7, leader=null, voted=s0, raftlog=s0@group-17EB70022112-SegmentedRaftLog:OPENED:c-1,f-1,i0, conf=-1: [s3:0.0.0.0:42087, s4:0.0.0.0:33912, s0:0.0.0.0:40055, s1:0.0.0.0:37625, s2:0.0.0.0:37369], old=null
2019-09-24 17:11:05,560 INFO  impl.RaftServerImpl (RaftServerImpl.java:setRole(170)) - s0@group-17EB70022112: changes role from CANDIDATE to FOLLOWER at term 7 for DISCOVERED_A_NEW_TERM
2019-09-24 17:11:05,560 INFO  impl.RoleInfo (RoleInfo.java:shutdownLeaderElection(134)) - s0: shutdown LeaderElection
2019-09-24 17:11:05,560 INFO  impl.RoleInfo (RoleInfo.java:updateAndGet(143)) - s0: start FollowerState
2019-09-24 17:11:05,569 INFO  impl.LeaderElection (LeaderElection.java:logAndReturn(56)) - s4@group-17EB70022112-LeaderElection63: Election REJECTED; received 4 response(s) [s4<-s3#0:FAIL-t7, s4<-s0#0:FAIL-t7, s4<-s1#0:FAIL-t7, s4<-s2#0:FAIL-t7] and 0 exception(s); s4@group-17EB70022112:t7, leader=null, voted=s4, raftlog=s4@group-17EB70022112-SegmentedRaftLog:OPENED:c-1,f-1,i0, conf=-1: [s3:0.0.0.0:42087, s4:0.0.0.0:33912, s0:0.0.0.0:40055, s1:0.0.0.0:37625, s2:0.0.0.0:37369], old=null
2019-09-24 17:11:05,569 INFO  impl.RaftServerImpl (RaftServerImpl.java:setRole(170)) - s4@group-17EB70022112: changes role from CANDIDATE to FOLLOWER at term 7 for DISCOVERED_A_NEW_TERM
2019-09-24 17:11:05,569 INFO  impl.RoleInfo (RoleInfo.java:shutdownLeaderElection(134)) - s4: shutdown LeaderElection
2019-09-24 17:11:05,569 INFO  impl.RoleInfo (RoleInfo.java:updateAndGet(143)) - s4: start FollowerState
2019-09-24 17:11:05,573 INFO  impl.LeaderElection (LeaderElection.java:logAndReturn(56)) - s1@group-17EB70022112-LeaderElection64: Election REJECTED; received 4 response(s) [s1<-s3#0:FAIL-t7, s1<-s4#0:FAIL-t7, s1<-s0#0:FAIL-t7, s1<-s2#0:FAIL-t7] and 0 exception(s); s1@group-17EB70022112:t7, leader=null, voted=s1, raftlog=s1@group-17EB70022112-SegmentedRaftLog:OPENED:c-1,f-1,i0, conf=-1: [s3:0.0.0.0:42087, s4:0.0.0.0:33912, s0:0.0.0.0:40055, s1:0.0.0.0:37625, s2:0.0.0.0:37369], old=null
2019-09-24 17:11:05,573 INFO  impl.RaftServerImpl (RaftServerImpl.java:setRole(170)) - s1@group-17EB70022112: changes role from CANDIDATE to FOLLOWER at term 7 for DISCOVERED_A_NEW_TERM
2019-09-24 17:11:05,574 INFO  impl.RoleInfo (RoleInfo.java:shutdownLeaderElection(134)) - s1: shutdown LeaderElection
2019-09-24 17:11:05,574 INFO  impl.RoleInfo (RoleInfo.java:updateAndGet(143)) - s1: start FollowerState
]]></system-out>
  </testcase>
  <testcase name="testChangeLeader" classname="org.apache.ratis.server.simulation.TestLeaderElectionWithSimulatedRpc" time="9.647"/>
  <testcase name="testLeaderElectionMetrics" classname="org.apache.ratis.server.simulation.TestLeaderElectionWithSimulatedRpc" time="0.875"/>
</testsuite>