<?xml version="1.0" encoding="UTF-8"?>
<testsuite xmlns:xsi="http://www.w3.org/2001/XMLSchema-instance" xsi:noNamespaceSchemaLocation="https://maven.apache.org/surefire/maven-surefire-plugin/xsd/surefire-test-report.xsd" name="org.apache.ratis.server.simulation.TestGroupManagementWithSimulatedRpc" time="27.94" tests="4" errors="2" skipped="0" failures="0">
  <properties>
    <property name="awt.toolkit" value="sun.awt.X11.XToolkit"/>
    <property name="file.encoding.pkg" value="sun.io"/>
    <property name="java.specification.version" value="1.8"/>
    <property name="sun.cpu.isalist" value=""/>
    <property name="sun.jnu.encoding" value="UTF-8"/>
    <property name="java.class.path" value="/workdir/ratis-test/target/test-classes:/workdir/ratis-test/target/classes:/workdir/ratis-common/target/classes:/home/user/.m2/repository/org/apache/ratis/ratis-thirdparty-misc/0.2.0/ratis-thirdparty-misc-0.2.0.jar:/workdir/ratis-proto/target/ratis-proto-0.5.0-SNAPSHOT.jar:/home/user/.m2/repository/org/slf4j/slf4j-log4j12/1.7.10/slf4j-log4j12-1.7.10.jar:/home/user/.m2/repository/log4j/log4j/1.2.17/log4j-1.2.17.jar:/workdir/ratis-common/target/test-classes:/workdir/ratis-client/target/classes:/workdir/ratis-server/target/classes:/workdir/ratis-metrics/target/classes:/home/user/.m2/repository/io/dropwizard/metrics/metrics-core/3.2.5/metrics-core-3.2.5.jar:/home/user/.m2/repository/com/github/joshelser/dropwizard-metrics-hadoop-metrics2-reporter/0.1.2/dropwizard-metrics-hadoop-metrics2-reporter-0.1.2.jar:/home/user/.m2/repository/org/apache/hadoop/hadoop-common/2.6.0/hadoop-common-2.6.0.jar:/home/user/.m2/repository/org/apache/hadoop/hadoop-annotations/2.6.0/hadoop-annotations-2.6.0.jar:/usr/lib/jvm/java-1.8-openjdk/jre/../lib/tools.jar:/home/user/.m2/repository/com/google/guava/guava/11.0.2/guava-11.0.2.jar:/home/user/.m2/repository/commons-cli/commons-cli/1.2/commons-cli-1.2.jar:/home/user/.m2/repository/org/apache/commons/commons-math3/3.1.1/commons-math3-3.1.1.jar:/home/user/.m2/repository/xmlenc/xmlenc/0.52/xmlenc-0.52.jar:/home/user/.m2/repository/commons-httpclient/commons-httpclient/3.1/commons-httpclient-3.1.jar:/home/user/.m2/repository/commons-codec/commons-codec/1.4/commons-codec-1.4.jar:/home/user/.m2/repository/commons-io/commons-io/2.4/commons-io-2.4.jar:/home/user/.m2/repository/commons-net/commons-net/3.1/commons-net-3.1.jar:/home/user/.m2/repository/commons-collections/commons-collections/3.2.1/commons-collections-3.2.1.jar:/home/user/.m2/repository/javax/servlet/servlet-api/2.5/servlet-api-2.5.jar:/home/user/.m2/repository/org/mortbay/jetty/jetty/6.1.26/jetty-6.1.26.jar:/home/user/.m2/repository/org/mortbay/jetty/jetty-util/6.1.26/jetty-util-6.1.26.jar:/home/user/.m2/repository/com/sun/jersey/jersey-core/1.9/jersey-core-1.9.jar:/home/user/.m2/repository/com/sun/jersey/jersey-json/1.9/jersey-json-1.9.jar:/home/user/.m2/repository/org/codehaus/jettison/jettison/1.1/jettison-1.1.jar:/home/user/.m2/repository/com/sun/xml/bind/jaxb-impl/2.2.3-1/jaxb-impl-2.2.3-1.jar:/home/user/.m2/repository/javax/xml/bind/jaxb-api/2.2.2/jaxb-api-2.2.2.jar:/home/user/.m2/repository/javax/xml/stream/stax-api/1.0-2/stax-api-1.0-2.jar:/home/user/.m2/repository/javax/activation/activation/1.1/activation-1.1.jar:/home/user/.m2/repository/org/codehaus/jackson/jackson-jaxrs/1.8.3/jackson-jaxrs-1.8.3.jar:/home/user/.m2/repository/org/codehaus/jackson/jackson-xc/1.8.3/jackson-xc-1.8.3.jar:/home/user/.m2/repository/com/sun/jersey/jersey-server/1.9/jersey-server-1.9.jar:/home/user/.m2/repository/asm/asm/3.1/asm-3.1.jar:/home/user/.m2/repository/tomcat/jasper-compiler/5.5.23/jasper-compiler-5.5.23.jar:/home/user/.m2/repository/tomcat/jasper-runtime/5.5.23/jasper-runtime-5.5.23.jar:/home/user/.m2/repository/javax/servlet/jsp/jsp-api/2.1/jsp-api-2.1.jar:/home/user/.m2/repository/commons-el/commons-el/1.0/commons-el-1.0.jar:/home/user/.m2/repository/commons-logging/commons-logging/1.1.3/commons-logging-1.1.3.jar:/home/user/.m2/repository/net/java/dev/jets3t/jets3t/0.9.0/jets3t-0.9.0.jar:/home/user/.m2/repository/org/apache/httpcomponents/httpclient/4.1.2/httpclient-4.1.2.jar:/home/user/.m2/repository/org/apache/httpcomponents/httpcore/4.1.2/httpcore-4.1.2.jar:/home/user/.m2/repository/com/jamesmurty/utils/java-xmlbuilder/0.4/java-xmlbuilder-0.4.jar:/home/user/.m2/repository/commons-lang/commons-lang/2.6/commons-lang-2.6.jar:/home/user/.m2/repository/commons-configuration/commons-configuration/1.6/commons-configuration-1.6.jar:/home/user/.m2/repository/commons-digester/commons-digester/1.8/commons-digester-1.8.jar:/home/user/.m2/repository/commons-beanutils/commons-beanutils/1.7.0/commons-beanutils-1.7.0.jar:/home/user/.m2/repository/commons-beanutils/commons-beanutils-core/1.8.0/commons-beanutils-core-1.8.0.jar:/home/user/.m2/repository/org/codehaus/jackson/jackson-core-asl/1.9.13/jackson-core-asl-1.9.13.jar:/home/user/.m2/repository/org/codehaus/jackson/jackson-mapper-asl/1.9.13/jackson-mapper-asl-1.9.13.jar:/home/user/.m2/repository/org/apache/avro/avro/1.7.4/avro-1.7.4.jar:/home/user/.m2/repository/com/thoughtworks/paranamer/paranamer/2.3/paranamer-2.3.jar:/home/user/.m2/repository/org/xerial/snappy/snappy-java/1.0.4.1/snappy-java-1.0.4.1.jar:/home/user/.m2/repository/com/google/protobuf/protobuf-java/2.5.0/protobuf-java-2.5.0.jar:/home/user/.m2/repository/com/google/code/gson/gson/2.2.4/gson-2.2.4.jar:/home/user/.m2/repository/org/apache/hadoop/hadoop-auth/2.6.0/hadoop-auth-2.6.0.jar:/home/user/.m2/repository/org/apache/directory/server/apacheds-kerberos-codec/2.0.0-M15/apacheds-kerberos-codec-2.0.0-M15.jar:/home/user/.m2/repository/org/apache/directory/server/apacheds-i18n/2.0.0-M15/apacheds-i18n-2.0.0-M15.jar:/home/user/.m2/repository/org/apache/directory/api/api-asn1-api/1.0.0-M20/api-asn1-api-1.0.0-M20.jar:/home/user/.m2/repository/org/apache/directory/api/api-util/1.0.0-M20/api-util-1.0.0-M20.jar:/home/user/.m2/repository/org/apache/curator/curator-framework/2.6.0/curator-framework-2.6.0.jar:/home/user/.m2/repository/com/jcraft/jsch/0.1.42/jsch-0.1.42.jar:/home/user/.m2/repository/org/apache/curator/curator-client/2.6.0/curator-client-2.6.0.jar:/home/user/.m2/repository/org/apache/curator/curator-recipes/2.6.0/curator-recipes-2.6.0.jar:/home/user/.m2/repository/com/google/code/findbugs/jsr305/1.3.9/jsr305-1.3.9.jar:/home/user/.m2/repository/org/htrace/htrace-core/3.0.4/htrace-core-3.0.4.jar:/home/user/.m2/repository/org/apache/zookeeper/zookeeper/3.4.6/zookeeper-3.4.6.jar:/home/user/.m2/repository/io/netty/netty/3.7.0.Final/netty-3.7.0.Final.jar:/home/user/.m2/repository/org/apache/commons/commons-compress/1.4.1/commons-compress-1.4.1.jar:/home/user/.m2/repository/org/tukaani/xz/1.0/xz-1.0.jar:/home/user/.m2/repository/io/dropwizard/metrics/metrics-jvm/3.2.5/metrics-jvm-3.2.5.jar:/home/user/.m2/repository/io/dropwizard/metrics/metrics-ganglia/3.2.5/metrics-ganglia-3.2.5.jar:/home/user/.m2/repository/info/ganglia/gmetric4j/gmetric4j/1.0.7/gmetric4j-1.0.7.jar:/workdir/ratis-server/target/test-classes:/workdir/ratis-netty/target/classes:/workdir/ratis-netty/target/test-classes:/workdir/ratis-grpc/target/classes:/workdir/ratis-grpc/target/test-classes:/home/user/.m2/repository/org/slf4j/slf4j-api/1.7.10/slf4j-api-1.7.10.jar:/home/user/.m2/repository/junit/junit/4.12/junit-4.12.jar:/home/user/.m2/repository/org/hamcrest/hamcrest-core/1.3/hamcrest-core-1.3.jar:/home/user/.m2/repository/org/mockito/mockito-all/1.8.5/mockito-all-1.8.5.jar:"/>
    <property name="java.vm.vendor" value="IcedTea"/>
    <property name="sun.arch.data.model" value="64"/>
    <property name="java.vendor.url" value="https://icedtea.classpath.org"/>
    <property name="user.timezone" value=""/>
    <property name="java.vm.specification.version" value="1.8"/>
    <property name="os.name" value="Linux"/>
    <property name="user.country" value="US"/>
    <property name="sun.java.launcher" value="SUN_STANDARD"/>
    <property name="sun.boot.library.path" value="/usr/lib/jvm/java-1.8-openjdk/jre/lib/amd64"/>
    <property name="sun.java.command" value="/workdir/ratis-test/target/surefire/surefirebooter1639496230524473569.jar /workdir/ratis-test/target/surefire 2019-09-24T16-02-41_483-jvmRun1 surefire7045855206080933261tmp surefire_592871114420979188437tmp"/>
    <property name="surefire.test.class.path" value="/workdir/ratis-test/target/test-classes:/workdir/ratis-test/target/classes:/workdir/ratis-common/target/classes:/home/user/.m2/repository/org/apache/ratis/ratis-thirdparty-misc/0.2.0/ratis-thirdparty-misc-0.2.0.jar:/workdir/ratis-proto/target/ratis-proto-0.5.0-SNAPSHOT.jar:/home/user/.m2/repository/org/slf4j/slf4j-log4j12/1.7.10/slf4j-log4j12-1.7.10.jar:/home/user/.m2/repository/log4j/log4j/1.2.17/log4j-1.2.17.jar:/workdir/ratis-common/target/test-classes:/workdir/ratis-client/target/classes:/workdir/ratis-server/target/classes:/workdir/ratis-metrics/target/classes:/home/user/.m2/repository/io/dropwizard/metrics/metrics-core/3.2.5/metrics-core-3.2.5.jar:/home/user/.m2/repository/com/github/joshelser/dropwizard-metrics-hadoop-metrics2-reporter/0.1.2/dropwizard-metrics-hadoop-metrics2-reporter-0.1.2.jar:/home/user/.m2/repository/org/apache/hadoop/hadoop-common/2.6.0/hadoop-common-2.6.0.jar:/home/user/.m2/repository/org/apache/hadoop/hadoop-annotations/2.6.0/hadoop-annotations-2.6.0.jar:/usr/lib/jvm/java-1.8-openjdk/jre/../lib/tools.jar:/home/user/.m2/repository/com/google/guava/guava/11.0.2/guava-11.0.2.jar:/home/user/.m2/repository/commons-cli/commons-cli/1.2/commons-cli-1.2.jar:/home/user/.m2/repository/org/apache/commons/commons-math3/3.1.1/commons-math3-3.1.1.jar:/home/user/.m2/repository/xmlenc/xmlenc/0.52/xmlenc-0.52.jar:/home/user/.m2/repository/commons-httpclient/commons-httpclient/3.1/commons-httpclient-3.1.jar:/home/user/.m2/repository/commons-codec/commons-codec/1.4/commons-codec-1.4.jar:/home/user/.m2/repository/commons-io/commons-io/2.4/commons-io-2.4.jar:/home/user/.m2/repository/commons-net/commons-net/3.1/commons-net-3.1.jar:/home/user/.m2/repository/commons-collections/commons-collections/3.2.1/commons-collections-3.2.1.jar:/home/user/.m2/repository/javax/servlet/servlet-api/2.5/servlet-api-2.5.jar:/home/user/.m2/repository/org/mortbay/jetty/jetty/6.1.26/jetty-6.1.26.jar:/home/user/.m2/repository/org/mortbay/jetty/jetty-util/6.1.26/jetty-util-6.1.26.jar:/home/user/.m2/repository/com/sun/jersey/jersey-core/1.9/jersey-core-1.9.jar:/home/user/.m2/repository/com/sun/jersey/jersey-json/1.9/jersey-json-1.9.jar:/home/user/.m2/repository/org/codehaus/jettison/jettison/1.1/jettison-1.1.jar:/home/user/.m2/repository/com/sun/xml/bind/jaxb-impl/2.2.3-1/jaxb-impl-2.2.3-1.jar:/home/user/.m2/repository/javax/xml/bind/jaxb-api/2.2.2/jaxb-api-2.2.2.jar:/home/user/.m2/repository/javax/xml/stream/stax-api/1.0-2/stax-api-1.0-2.jar:/home/user/.m2/repository/javax/activation/activation/1.1/activation-1.1.jar:/home/user/.m2/repository/org/codehaus/jackson/jackson-jaxrs/1.8.3/jackson-jaxrs-1.8.3.jar:/home/user/.m2/repository/org/codehaus/jackson/jackson-xc/1.8.3/jackson-xc-1.8.3.jar:/home/user/.m2/repository/com/sun/jersey/jersey-server/1.9/jersey-server-1.9.jar:/home/user/.m2/repository/asm/asm/3.1/asm-3.1.jar:/home/user/.m2/repository/tomcat/jasper-compiler/5.5.23/jasper-compiler-5.5.23.jar:/home/user/.m2/repository/tomcat/jasper-runtime/5.5.23/jasper-runtime-5.5.23.jar:/home/user/.m2/repository/javax/servlet/jsp/jsp-api/2.1/jsp-api-2.1.jar:/home/user/.m2/repository/commons-el/commons-el/1.0/commons-el-1.0.jar:/home/user/.m2/repository/commons-logging/commons-logging/1.1.3/commons-logging-1.1.3.jar:/home/user/.m2/repository/net/java/dev/jets3t/jets3t/0.9.0/jets3t-0.9.0.jar:/home/user/.m2/repository/org/apache/httpcomponents/httpclient/4.1.2/httpclient-4.1.2.jar:/home/user/.m2/repository/org/apache/httpcomponents/httpcore/4.1.2/httpcore-4.1.2.jar:/home/user/.m2/repository/com/jamesmurty/utils/java-xmlbuilder/0.4/java-xmlbuilder-0.4.jar:/home/user/.m2/repository/commons-lang/commons-lang/2.6/commons-lang-2.6.jar:/home/user/.m2/repository/commons-configuration/commons-configuration/1.6/commons-configuration-1.6.jar:/home/user/.m2/repository/commons-digester/commons-digester/1.8/commons-digester-1.8.jar:/home/user/.m2/repository/commons-beanutils/commons-beanutils/1.7.0/commons-beanutils-1.7.0.jar:/home/user/.m2/repository/commons-beanutils/commons-beanutils-core/1.8.0/commons-beanutils-core-1.8.0.jar:/home/user/.m2/repository/org/codehaus/jackson/jackson-core-asl/1.9.13/jackson-core-asl-1.9.13.jar:/home/user/.m2/repository/org/codehaus/jackson/jackson-mapper-asl/1.9.13/jackson-mapper-asl-1.9.13.jar:/home/user/.m2/repository/org/apache/avro/avro/1.7.4/avro-1.7.4.jar:/home/user/.m2/repository/com/thoughtworks/paranamer/paranamer/2.3/paranamer-2.3.jar:/home/user/.m2/repository/org/xerial/snappy/snappy-java/1.0.4.1/snappy-java-1.0.4.1.jar:/home/user/.m2/repository/com/google/protobuf/protobuf-java/2.5.0/protobuf-java-2.5.0.jar:/home/user/.m2/repository/com/google/code/gson/gson/2.2.4/gson-2.2.4.jar:/home/user/.m2/repository/org/apache/hadoop/hadoop-auth/2.6.0/hadoop-auth-2.6.0.jar:/home/user/.m2/repository/org/apache/directory/server/apacheds-kerberos-codec/2.0.0-M15/apacheds-kerberos-codec-2.0.0-M15.jar:/home/user/.m2/repository/org/apache/directory/server/apacheds-i18n/2.0.0-M15/apacheds-i18n-2.0.0-M15.jar:/home/user/.m2/repository/org/apache/directory/api/api-asn1-api/1.0.0-M20/api-asn1-api-1.0.0-M20.jar:/home/user/.m2/repository/org/apache/directory/api/api-util/1.0.0-M20/api-util-1.0.0-M20.jar:/home/user/.m2/repository/org/apache/curator/curator-framework/2.6.0/curator-framework-2.6.0.jar:/home/user/.m2/repository/com/jcraft/jsch/0.1.42/jsch-0.1.42.jar:/home/user/.m2/repository/org/apache/curator/curator-client/2.6.0/curator-client-2.6.0.jar:/home/user/.m2/repository/org/apache/curator/curator-recipes/2.6.0/curator-recipes-2.6.0.jar:/home/user/.m2/repository/com/google/code/findbugs/jsr305/1.3.9/jsr305-1.3.9.jar:/home/user/.m2/repository/org/htrace/htrace-core/3.0.4/htrace-core-3.0.4.jar:/home/user/.m2/repository/org/apache/zookeeper/zookeeper/3.4.6/zookeeper-3.4.6.jar:/home/user/.m2/repository/io/netty/netty/3.7.0.Final/netty-3.7.0.Final.jar:/home/user/.m2/repository/org/apache/commons/commons-compress/1.4.1/commons-compress-1.4.1.jar:/home/user/.m2/repository/org/tukaani/xz/1.0/xz-1.0.jar:/home/user/.m2/repository/io/dropwizard/metrics/metrics-jvm/3.2.5/metrics-jvm-3.2.5.jar:/home/user/.m2/repository/io/dropwizard/metrics/metrics-ganglia/3.2.5/metrics-ganglia-3.2.5.jar:/home/user/.m2/repository/info/ganglia/gmetric4j/gmetric4j/1.0.7/gmetric4j-1.0.7.jar:/workdir/ratis-server/target/test-classes:/workdir/ratis-netty/target/classes:/workdir/ratis-netty/target/test-classes:/workdir/ratis-grpc/target/classes:/workdir/ratis-grpc/target/test-classes:/home/user/.m2/repository/org/slf4j/slf4j-api/1.7.10/slf4j-api-1.7.10.jar:/home/user/.m2/repository/junit/junit/4.12/junit-4.12.jar:/home/user/.m2/repository/org/hamcrest/hamcrest-core/1.3/hamcrest-core-1.3.jar:/home/user/.m2/repository/org/mockito/mockito-all/1.8.5/mockito-all-1.8.5.jar:"/>
    <property name="sun.cpu.endian" value="little"/>
    <property name="user.home" value="/home/user"/>
    <property name="user.language" value="en"/>
    <property name="java.specification.vendor" value="Oracle Corporation"/>
    <property name="java.home" value="/usr/lib/jvm/java-1.8-openjdk/jre"/>
    <property name="basedir" value="/workdir/ratis-test"/>
    <property name="file.separator" value="/"/>
    <property name="line.separator" value="&#10;"/>
    <property name="java.vm.specification.vendor" value="Oracle Corporation"/>
    <property name="java.specification.name" value="Java Platform API Specification"/>
    <property name="java.awt.graphicsenv" value="sun.awt.X11GraphicsEnvironment"/>
    <property name="surefire.real.class.path" value="/workdir/ratis-test/target/surefire/surefirebooter1639496230524473569.jar"/>
    <property name="sun.boot.class.path" value="/usr/lib/jvm/java-1.8-openjdk/jre/lib/resources.jar:/usr/lib/jvm/java-1.8-openjdk/jre/lib/rt.jar:/usr/lib/jvm/java-1.8-openjdk/jre/lib/sunrsasign.jar:/usr/lib/jvm/java-1.8-openjdk/jre/lib/jsse.jar:/usr/lib/jvm/java-1.8-openjdk/jre/lib/jce.jar:/usr/lib/jvm/java-1.8-openjdk/jre/lib/charsets.jar:/usr/lib/jvm/java-1.8-openjdk/jre/lib/jfr.jar:/usr/lib/jvm/java-1.8-openjdk/jre/classes"/>
    <property name="sun.management.compiler" value="HotSpot 64-Bit Tiered Compilers"/>
    <property name="java.runtime.version" value="1.8.0_212-b04"/>
    <property name="java.net.preferIPv4Stack" value="true"/>
    <property name="user.name" value="jenkins1000"/>
    <property name="path.separator" value=":"/>
    <property name="os.version" value="3.10.0-957.12.2.el7.x86_64"/>
    <property name="java.endorsed.dirs" value="/usr/lib/jvm/java-1.8-openjdk/jre/lib/endorsed"/>
    <property name="java.runtime.name" value="OpenJDK Runtime Environment"/>
    <property name="file.encoding" value="UTF-8"/>
    <property name="java.vm.name" value="OpenJDK 64-Bit Server VM"/>
    <property name="localRepository" value="/home/user/.m2/repository"/>
    <property name="java.vendor.url.bug" value="https://icedtea.classpath.org/bugzilla"/>
    <property name="java.io.tmpdir" value="/tmp"/>
    <property name="java.version" value="1.8.0_212"/>
    <property name="user.dir" value="/workdir/ratis-test"/>
    <property name="os.arch" value="amd64"/>
    <property name="ratis.tmp.dir" value="/workdir/ratis-test/target/tmp"/>
    <property name="java.vm.specification.name" value="Java Virtual Machine Specification"/>
    <property name="java.awt.printerjob" value="sun.print.PSPrinterJob"/>
    <property name="ratis.log.dir" value="/workdir/ratis-test/target/log"/>
    <property name="sun.os.patch.level" value="unknown"/>
    <property name="java.library.path" value="/usr/lib/jvm/java-1.8-openjdk/jre/lib/amd64/server:/usr/lib/jvm/java-1.8-openjdk/jre/lib/amd64:/usr/lib/jvm/java-1.8-openjdk/jre/../lib/amd64:/usr/java/packages/lib/amd64:/usr/lib64:/lib64:/lib:/usr/lib"/>
    <property name="java.vm.info" value="mixed mode"/>
    <property name="java.vendor" value="IcedTea"/>
    <property name="java.vm.version" value="25.212-b04"/>
    <property name="java.ext.dirs" value="/usr/lib/jvm/java-1.8-openjdk/jre/lib/ext:/usr/java/packages/lib/ext"/>
    <property name="sun.io.unicode.encoding" value="UnicodeLittle"/>
    <property name="java.class.version" value="52.0"/>
  </properties>
  <testcase name="testSingleGroupRestart" classname="org.apache.ratis.server.simulation.TestGroupManagementWithSimulatedRpc" time="3.999"/>
  <testcase name="testMultiGroup5Nodes" classname="org.apache.ratis.server.simulation.TestGroupManagementWithSimulatedRpc" time="4.289"/>
  <testcase name="testMultiGroup7Nodes" classname="org.apache.ratis.server.simulation.TestGroupManagementWithSimulatedRpc" time="5.104">
    <error message="Timeout while waiting for reply of request GroupManagementRequest:client-A0259966EC50-&gt;s0@group-18F258B418A8, cid=13, seq=0, RW, null, Add:group-18F258B418A8:[s0:null]" type="java.io.IOException">java.io.IOException: Timeout while waiting for reply of request GroupManagementRequest:client-A0259966EC50->s0@group-18F258B418A8, cid=13, seq=0, RW, null, Add:group-18F258B418A8:[s0:null]
</error>
    <system-out><![CDATA[2019-09-24 17:08:24,548 INFO  util.LogUtils (LogUtils.java:setLogLevel(41)) - Set org.apache.ratis.conf.ConfUtils log level to WARN
2019-09-24 17:08:24,549 INFO  util.LogUtils (LogUtils.java:setLogLevel(41)) - Set org.apache.ratis.util.FileUtils log level to TRACE
2019-09-24 17:08:24,549 INFO  util.LogUtils (LogUtils.java:setLogLevel(41)) - Set org.apache.ratis.server.impl.RaftServerProxy log level to DEBUG
2019-09-24 17:08:24,549 INFO  util.LogUtils (LogUtils.java:setLogLevel(41)) - Set org.apache.ratis.server.impl.RaftServerImpl log level to DEBUG
2019-09-24 17:08:24,549 INFO  util.LogUtils (LogUtils.java:setLogLevel(41)) - Set org.apache.ratis.client.RaftClient log level to DEBUG
| null | init | 50 |
2019-09-24 17:08:24,551 INFO  simulation.MiniRaftClusterWithSimulatedRpc (ConfUtils.java:logGet(43)) - org.apache.ratis.server.simulation.SimulatedRequestReply.simulateLatencyMs = 0 (custom)
2019-09-24 17:08:24,551 INFO  ratis.MiniRaftCluster (MiniRaftCluster.java:<init>(253)) - new MiniRaftClusterWithSimulatedRpc with group-3199313966C8:[]
2019-09-24 17:08:24,551 INFO  impl.GroupManagementBaseTest (GroupManagementBaseTest.java:runMultiGroupTest(140)) - 

runMultiGroupTest with MiniRaftClusterWithSimulatedRpc[1, 6, 7]chosen=1: printing ALL groups
2019-09-24 17:08:24,551 INFO  impl.GroupManagementBaseTest (GroupManagementBaseTest.java:runMultiGroupTest(147)) - ids: [s0, s1, s2, s3, s4, s5, s6]
2019-09-24 17:08:24,551 INFO  ratis.MiniRaftCluster (MiniRaftCluster.java:newRaftServer(330)) - newRaftServer: s0, group-3199313966C8:[], format? true
2019-09-24 17:08:24,552 TRACE util.FileUtils (FileUtils.java:deleteFully(88)) - deleteFully target/test/data/312143de/MiniRaftClusterWithSimulatedRpcd1e62d5/s0
2019-09-24 17:08:24,552 TRACE util.FileUtils (FileUtils.java:deleteFully(104)) - deleteFully: target/test/data/312143de/MiniRaftClusterWithSimulatedRpcd1e62d5/s0 does not exist.
2019-09-24 17:08:24,552 INFO  ratis.MiniRaftCluster (MiniRaftCluster.java:newRaftServer(335)) - Formatted directory target/test/data/312143de/MiniRaftClusterWithSimulatedRpcd1e62d5/s0
2019-09-24 17:08:24,552 DEBUG impl.RaftServerProxy (ServerImplUtils.java:newRaftServer(39)) - newRaftServer: s0, group-3199313966C8:[]
2019-09-24 17:08:24,552 INFO  impl.RaftServerProxy (ConfUtils.java:logGet(43)) - raft.rpc.type = org.apache.ratis.server.simulation.SimulatedRpc (custom)
2019-09-24 17:08:24,553 INFO  server.RaftServerConfigKeys (ConfUtils.java:logGet(43)) - raft.server.storage.dir = [/workdir/ratis-test/target/test/data/312143de/MiniRaftClusterWithSimulatedRpcd1e62d5/s0] (custom)
2019-09-24 17:08:24,553 INFO  impl.RaftServerProxy (RaftServerProxy.java:addNew(89)) - s0: addNew group-3199313966C8:[] returns group-3199313966C8:java.util.concurrent.CompletableFuture@42640d37[Not completed]
2019-09-24 17:08:24,554 INFO  ratis.MiniRaftCluster (MiniRaftCluster.java:newRaftServer(330)) - newRaftServer: s1, group-3199313966C8:[], format? true
2019-09-24 17:08:24,554 INFO  impl.RaftServerImpl (RaftServerImpl.java:<init>(95)) - s0: new RaftServerImpl for group-3199313966C8:[] with BaseStateMachine:uninitialized
2019-09-24 17:08:24,554 TRACE util.FileUtils (FileUtils.java:deleteFully(88)) - deleteFully target/test/data/312143de/MiniRaftClusterWithSimulatedRpcd1e62d5/s1
2019-09-24 17:08:24,554 INFO  server.RaftServerConfigKeys (ConfUtils.java:logGet(43)) - raft.server.rpc.timeout.min = 150ms (default)
2019-09-24 17:08:24,554 TRACE util.FileUtils (FileUtils.java:deleteFully(104)) - deleteFully: target/test/data/312143de/MiniRaftClusterWithSimulatedRpcd1e62d5/s1 does not exist.
2019-09-24 17:08:24,555 INFO  server.RaftServerConfigKeys (ConfUtils.java:logGet(43)) - raft.server.rpc.timeout.max = 300ms (default)
2019-09-24 17:08:24,555 INFO  ratis.MiniRaftCluster (MiniRaftCluster.java:newRaftServer(335)) - Formatted directory target/test/data/312143de/MiniRaftClusterWithSimulatedRpcd1e62d5/s1
2019-09-24 17:08:24,555 INFO  server.RaftServerConfigKeys (ConfUtils.java:logGet(43)) - raft.server.rpcslowness.timeout = 60s (default)
2019-09-24 17:08:24,555 DEBUG impl.RaftServerProxy (ServerImplUtils.java:newRaftServer(39)) - newRaftServer: s1, group-3199313966C8:[]
2019-09-24 17:08:24,555 INFO  server.RaftServerConfigKeys (ConfUtils.java:logGet(43)) - raft.server.sleep.deviation.threshold = 300 (default)
2019-09-24 17:08:24,555 INFO  impl.RaftServerProxy (ConfUtils.java:logGet(43)) - raft.rpc.type = org.apache.ratis.server.simulation.SimulatedRpc (custom)
2019-09-24 17:08:24,555 INFO  server.RaftServerConfigKeys (ConfUtils.java:logGet(43)) - raft.server.log.appender.install.snapshot.enabled = true (default)
2019-09-24 17:08:24,556 INFO  impl.RaftServerImpl (ServerState.java:<init>(103)) - s0@group-3199313966C8: ConfigurationManager, init=-1: [], old=null, confs=<EMPTY_MAP>
2019-09-24 17:08:24,556 INFO  server.RaftServerConfigKeys (ConfUtils.java:logGet(43)) - raft.server.storage.dir = [/workdir/ratis-test/target/test/data/312143de/MiniRaftClusterWithSimulatedRpcd1e62d5/s1] (custom)
2019-09-24 17:08:24,556 INFO  server.RaftServerConfigKeys (ConfUtils.java:logGet(43)) - raft.server.storage.dir = [/workdir/ratis-test/target/test/data/312143de/MiniRaftClusterWithSimulatedRpcd1e62d5/s0] (custom)
2019-09-24 17:08:24,556 INFO  impl.RaftServerProxy (RaftServerProxy.java:addNew(89)) - s1: addNew group-3199313966C8:[] returns group-3199313966C8:java.util.concurrent.CompletableFuture@402452fe[Not completed]
2019-09-24 17:08:24,556 INFO  impl.RaftServerImpl (RaftServerImpl.java:<init>(95)) - s1: new RaftServerImpl for group-3199313966C8:[] with BaseStateMachine:uninitialized
2019-09-24 17:08:24,556 INFO  server.RaftServerConfigKeys (ConfUtils.java:logGet(43)) - raft.server.log.corruption.policy = EXCEPTION (default)
2019-09-24 17:08:24,557 INFO  server.RaftServerConfigKeys (ConfUtils.java:logGet(43)) - raft.server.rpc.timeout.min = 150ms (default)
2019-09-24 17:08:24,556 INFO  ratis.MiniRaftCluster (MiniRaftCluster.java:newRaftServer(330)) - newRaftServer: s2, group-3199313966C8:[], format? true
2019-09-24 17:08:24,557 INFO  storage.RaftStorageDirectory (RaftStorageDirectory.java:analyzeStorage(246)) - The storage directory /workdir/ratis-test/target/test/data/312143de/MiniRaftClusterWithSimulatedRpcd1e62d5/s0/5f5a9a13-1289-4cf4-a5b3-3199313966c8 does not exist. Creating ...
2019-09-24 17:08:24,557 INFO  server.RaftServerConfigKeys (ConfUtils.java:logGet(43)) - raft.server.rpc.timeout.max = 300ms (default)
2019-09-24 17:08:24,557 TRACE util.FileUtils (FileUtils.java:deleteFully(88)) - deleteFully target/test/data/312143de/MiniRaftClusterWithSimulatedRpcd1e62d5/s2
2019-09-24 17:08:24,557 INFO  server.RaftServerConfigKeys (ConfUtils.java:logGet(43)) - raft.server.rpcslowness.timeout = 60s (default)
2019-09-24 17:08:24,558 TRACE util.FileUtils (FileUtils.java:deleteFully(104)) - deleteFully: target/test/data/312143de/MiniRaftClusterWithSimulatedRpcd1e62d5/s2 does not exist.
2019-09-24 17:08:24,558 INFO  server.RaftServerConfigKeys (ConfUtils.java:logGet(43)) - raft.server.sleep.deviation.threshold = 300 (default)
2019-09-24 17:08:24,558 INFO  ratis.MiniRaftCluster (MiniRaftCluster.java:newRaftServer(335)) - Formatted directory target/test/data/312143de/MiniRaftClusterWithSimulatedRpcd1e62d5/s2
2019-09-24 17:08:24,558 TRACE util.FileUtils (LogUtils.java:runAndLog(61)) - Successfully ran Files.createDirectories /workdir/ratis-test/target/test/data/312143de/MiniRaftClusterWithSimulatedRpcd1e62d5/s0/5f5a9a13-1289-4cf4-a5b3-3199313966c8
2019-09-24 17:08:24,558 INFO  server.RaftServerConfigKeys (ConfUtils.java:logGet(43)) - raft.server.log.appender.install.snapshot.enabled = true (default)
2019-09-24 17:08:24,558 DEBUG impl.RaftServerProxy (ServerImplUtils.java:newRaftServer(39)) - newRaftServer: s2, group-3199313966C8:[]
2019-09-24 17:08:24,558 INFO  impl.RaftServerImpl (ServerState.java:<init>(103)) - s1@group-3199313966C8: ConfigurationManager, init=-1: [], old=null, confs=<EMPTY_MAP>
2019-09-24 17:08:24,559 INFO  impl.RaftServerProxy (ConfUtils.java:logGet(43)) - raft.rpc.type = org.apache.ratis.server.simulation.SimulatedRpc (custom)
2019-09-24 17:08:24,559 INFO  server.RaftServerConfigKeys (ConfUtils.java:logGet(43)) - raft.server.storage.dir = [/workdir/ratis-test/target/test/data/312143de/MiniRaftClusterWithSimulatedRpcd1e62d5/s1] (custom)
2019-09-24 17:08:24,559 INFO  server.RaftServerConfigKeys (ConfUtils.java:logGet(43)) - raft.server.storage.dir = [/workdir/ratis-test/target/test/data/312143de/MiniRaftClusterWithSimulatedRpcd1e62d5/s2] (custom)
2019-09-24 17:08:24,559 INFO  server.RaftServerConfigKeys (ConfUtils.java:logGet(43)) - raft.server.log.corruption.policy = EXCEPTION (default)
2019-09-24 17:08:24,559 INFO  impl.RaftServerProxy (RaftServerProxy.java:addNew(89)) - s2: addNew group-3199313966C8:[] returns group-3199313966C8:java.util.concurrent.CompletableFuture@3971cbc6[Not completed]
2019-09-24 17:08:24,559 INFO  storage.RaftStorageDirectory (RaftStorageDirectory.java:analyzeStorage(246)) - The storage directory /workdir/ratis-test/target/test/data/312143de/MiniRaftClusterWithSimulatedRpcd1e62d5/s1/5f5a9a13-1289-4cf4-a5b3-3199313966c8 does not exist. Creating ...
2019-09-24 17:08:24,560 INFO  impl.RaftServerImpl (RaftServerImpl.java:<init>(95)) - s2: new RaftServerImpl for group-3199313966C8:[] with BaseStateMachine:uninitialized
2019-09-24 17:08:24,560 INFO  ratis.MiniRaftCluster (MiniRaftCluster.java:newRaftServer(330)) - newRaftServer: s3, group-3199313966C8:[], format? true
2019-09-24 17:08:24,560 TRACE util.FileUtils (FileUtils.java:deleteFully(88)) - deleteFully target/test/data/312143de/MiniRaftClusterWithSimulatedRpcd1e62d5/s3
2019-09-24 17:08:24,560 INFO  server.RaftServerConfigKeys (ConfUtils.java:logGet(43)) - raft.server.rpc.timeout.min = 150ms (default)
2019-09-24 17:08:24,560 TRACE util.FileUtils (FileUtils.java:deleteFully(104)) - deleteFully: target/test/data/312143de/MiniRaftClusterWithSimulatedRpcd1e62d5/s3 does not exist.
2019-09-24 17:08:24,560 TRACE util.FileUtils (LogUtils.java:runAndLog(61)) - Successfully ran Files.createDirectories /workdir/ratis-test/target/test/data/312143de/MiniRaftClusterWithSimulatedRpcd1e62d5/s1/5f5a9a13-1289-4cf4-a5b3-3199313966c8
2019-09-24 17:08:24,561 INFO  ratis.MiniRaftCluster (MiniRaftCluster.java:newRaftServer(335)) - Formatted directory target/test/data/312143de/MiniRaftClusterWithSimulatedRpcd1e62d5/s3
2019-09-24 17:08:24,560 INFO  server.RaftServerConfigKeys (ConfUtils.java:logGet(43)) - raft.server.rpc.timeout.max = 300ms (default)
2019-09-24 17:08:24,561 DEBUG impl.RaftServerProxy (ServerImplUtils.java:newRaftServer(39)) - newRaftServer: s3, group-3199313966C8:[]
2019-09-24 17:08:24,561 INFO  server.RaftServerConfigKeys (ConfUtils.java:logGet(43)) - raft.server.rpcslowness.timeout = 60s (default)
2019-09-24 17:08:24,561 INFO  impl.RaftServerProxy (ConfUtils.java:logGet(43)) - raft.rpc.type = org.apache.ratis.server.simulation.SimulatedRpc (custom)
2019-09-24 17:08:24,561 INFO  server.RaftServerConfigKeys (ConfUtils.java:logGet(43)) - raft.server.sleep.deviation.threshold = 300 (default)
2019-09-24 17:08:24,562 INFO  server.RaftServerConfigKeys (ConfUtils.java:logGet(43)) - raft.server.log.appender.install.snapshot.enabled = true (default)
2019-09-24 17:08:24,562 INFO  impl.RaftServerImpl (ServerState.java:<init>(103)) - s2@group-3199313966C8: ConfigurationManager, init=-1: [], old=null, confs=<EMPTY_MAP>
2019-09-24 17:08:24,562 INFO  server.RaftServerConfigKeys (ConfUtils.java:logGet(43)) - raft.server.storage.dir = [/workdir/ratis-test/target/test/data/312143de/MiniRaftClusterWithSimulatedRpcd1e62d5/s3] (custom)
2019-09-24 17:08:24,562 INFO  server.RaftServerConfigKeys (ConfUtils.java:logGet(43)) - raft.server.storage.dir = [/workdir/ratis-test/target/test/data/312143de/MiniRaftClusterWithSimulatedRpcd1e62d5/s2] (custom)
2019-09-24 17:08:24,562 INFO  impl.RaftServerProxy (RaftServerProxy.java:addNew(89)) - s3: addNew group-3199313966C8:[] returns group-3199313966C8:java.util.concurrent.CompletableFuture@7f1101c6[Not completed]
2019-09-24 17:08:24,562 INFO  server.RaftServerConfigKeys (ConfUtils.java:logGet(43)) - raft.server.log.corruption.policy = EXCEPTION (default)
2019-09-24 17:08:24,562 INFO  impl.RaftServerImpl (RaftServerImpl.java:<init>(95)) - s3: new RaftServerImpl for group-3199313966C8:[] with BaseStateMachine:uninitialized
2019-09-24 17:08:24,562 INFO  ratis.MiniRaftCluster (MiniRaftCluster.java:newRaftServer(330)) - newRaftServer: s4, group-3199313966C8:[], format? true
2019-09-24 17:08:24,563 INFO  storage.RaftStorageDirectory (RaftStorageDirectory.java:analyzeStorage(246)) - The storage directory /workdir/ratis-test/target/test/data/312143de/MiniRaftClusterWithSimulatedRpcd1e62d5/s2/5f5a9a13-1289-4cf4-a5b3-3199313966c8 does not exist. Creating ...
2019-09-24 17:08:24,563 INFO  server.RaftServerConfigKeys (ConfUtils.java:logGet(43)) - raft.server.rpc.timeout.min = 150ms (default)
2019-09-24 17:08:24,563 TRACE util.FileUtils (FileUtils.java:deleteFully(88)) - deleteFully target/test/data/312143de/MiniRaftClusterWithSimulatedRpcd1e62d5/s4
2019-09-24 17:08:24,563 INFO  server.RaftServerConfigKeys (ConfUtils.java:logGet(43)) - raft.server.rpc.timeout.max = 300ms (default)
2019-09-24 17:08:24,563 TRACE util.FileUtils (FileUtils.java:deleteFully(104)) - deleteFully: target/test/data/312143de/MiniRaftClusterWithSimulatedRpcd1e62d5/s4 does not exist.
2019-09-24 17:08:24,564 TRACE util.FileUtils (LogUtils.java:runAndLog(61)) - Successfully ran Files.createDirectories /workdir/ratis-test/target/test/data/312143de/MiniRaftClusterWithSimulatedRpcd1e62d5/s2/5f5a9a13-1289-4cf4-a5b3-3199313966c8
2019-09-24 17:08:24,563 INFO  server.RaftServerConfigKeys (ConfUtils.java:logGet(43)) - raft.server.rpcslowness.timeout = 60s (default)
2019-09-24 17:08:24,564 INFO  ratis.MiniRaftCluster (MiniRaftCluster.java:newRaftServer(335)) - Formatted directory target/test/data/312143de/MiniRaftClusterWithSimulatedRpcd1e62d5/s4
2019-09-24 17:08:24,564 INFO  server.RaftServerConfigKeys (ConfUtils.java:logGet(43)) - raft.server.sleep.deviation.threshold = 300 (default)
2019-09-24 17:08:24,564 DEBUG impl.RaftServerProxy (ServerImplUtils.java:newRaftServer(39)) - newRaftServer: s4, group-3199313966C8:[]
2019-09-24 17:08:24,564 INFO  server.RaftServerConfigKeys (ConfUtils.java:logGet(43)) - raft.server.log.appender.install.snapshot.enabled = true (default)
2019-09-24 17:08:24,564 INFO  impl.RaftServerProxy (ConfUtils.java:logGet(43)) - raft.rpc.type = org.apache.ratis.server.simulation.SimulatedRpc (custom)
2019-09-24 17:08:24,564 INFO  impl.RaftServerImpl (ServerState.java:<init>(103)) - s3@group-3199313966C8: ConfigurationManager, init=-1: [], old=null, confs=<EMPTY_MAP>
2019-09-24 17:08:24,565 INFO  server.RaftServerConfigKeys (ConfUtils.java:logGet(43)) - raft.server.storage.dir = [/workdir/ratis-test/target/test/data/312143de/MiniRaftClusterWithSimulatedRpcd1e62d5/s3] (custom)
2019-09-24 17:08:24,565 INFO  server.RaftServerConfigKeys (ConfUtils.java:logGet(43)) - raft.server.storage.dir = [/workdir/ratis-test/target/test/data/312143de/MiniRaftClusterWithSimulatedRpcd1e62d5/s4] (custom)
2019-09-24 17:08:24,565 INFO  server.RaftServerConfigKeys (ConfUtils.java:logGet(43)) - raft.server.log.corruption.policy = EXCEPTION (default)
2019-09-24 17:08:24,565 INFO  impl.RaftServerProxy (RaftServerProxy.java:addNew(89)) - s4: addNew group-3199313966C8:[] returns group-3199313966C8:java.util.concurrent.CompletableFuture@1af7fc14[Not completed]
2019-09-24 17:08:24,565 INFO  storage.RaftStorageDirectory (RaftStorageDirectory.java:analyzeStorage(246)) - The storage directory /workdir/ratis-test/target/test/data/312143de/MiniRaftClusterWithSimulatedRpcd1e62d5/s3/5f5a9a13-1289-4cf4-a5b3-3199313966c8 does not exist. Creating ...
2019-09-24 17:08:24,565 INFO  ratis.MiniRaftCluster (MiniRaftCluster.java:newRaftServer(330)) - newRaftServer: s5, group-3199313966C8:[], format? true
2019-09-24 17:08:24,565 TRACE util.FileUtils (FileUtils.java:deleteFully(88)) - deleteFully target/test/data/312143de/MiniRaftClusterWithSimulatedRpcd1e62d5/s5
2019-09-24 17:08:24,565 INFO  impl.RaftServerImpl (RaftServerImpl.java:<init>(95)) - s4: new RaftServerImpl for group-3199313966C8:[] with BaseStateMachine:uninitialized
2019-09-24 17:08:24,566 TRACE util.FileUtils (LogUtils.java:runAndLog(61)) - Successfully ran Files.createDirectories /workdir/ratis-test/target/test/data/312143de/MiniRaftClusterWithSimulatedRpcd1e62d5/s3/5f5a9a13-1289-4cf4-a5b3-3199313966c8
2019-09-24 17:08:24,566 TRACE util.FileUtils (FileUtils.java:deleteFully(104)) - deleteFully: target/test/data/312143de/MiniRaftClusterWithSimulatedRpcd1e62d5/s5 does not exist.
2019-09-24 17:08:24,566 INFO  server.RaftServerConfigKeys (ConfUtils.java:logGet(43)) - raft.server.rpc.timeout.min = 150ms (default)
2019-09-24 17:08:24,566 INFO  ratis.MiniRaftCluster (MiniRaftCluster.java:newRaftServer(335)) - Formatted directory target/test/data/312143de/MiniRaftClusterWithSimulatedRpcd1e62d5/s5
2019-09-24 17:08:24,566 INFO  server.RaftServerConfigKeys (ConfUtils.java:logGet(43)) - raft.server.rpc.timeout.max = 300ms (default)
2019-09-24 17:08:24,567 DEBUG impl.RaftServerProxy (ServerImplUtils.java:newRaftServer(39)) - newRaftServer: s5, group-3199313966C8:[]
2019-09-24 17:08:24,567 INFO  server.RaftServerConfigKeys (ConfUtils.java:logGet(43)) - raft.server.rpcslowness.timeout = 60s (default)
2019-09-24 17:08:24,567 INFO  impl.RaftServerProxy (ConfUtils.java:logGet(43)) - raft.rpc.type = org.apache.ratis.server.simulation.SimulatedRpc (custom)
2019-09-24 17:08:24,567 INFO  server.RaftServerConfigKeys (ConfUtils.java:logGet(43)) - raft.server.sleep.deviation.threshold = 300 (default)
2019-09-24 17:08:24,567 INFO  server.RaftServerConfigKeys (ConfUtils.java:logGet(43)) - raft.server.log.appender.install.snapshot.enabled = true (default)
2019-09-24 17:08:24,567 INFO  server.RaftServerConfigKeys (ConfUtils.java:logGet(43)) - raft.server.storage.dir = [/workdir/ratis-test/target/test/data/312143de/MiniRaftClusterWithSimulatedRpcd1e62d5/s5] (custom)
2019-09-24 17:08:24,567 INFO  impl.RaftServerImpl (ServerState.java:<init>(103)) - s4@group-3199313966C8: ConfigurationManager, init=-1: [], old=null, confs=<EMPTY_MAP>
2019-09-24 17:08:24,568 INFO  impl.RaftServerProxy (RaftServerProxy.java:addNew(89)) - s5: addNew group-3199313966C8:[] returns group-3199313966C8:java.util.concurrent.CompletableFuture@351966c7[Not completed]
2019-09-24 17:08:24,568 INFO  impl.RaftServerImpl (RaftServerImpl.java:<init>(95)) - s5: new RaftServerImpl for group-3199313966C8:[] with BaseStateMachine:uninitialized
2019-09-24 17:08:24,568 INFO  server.RaftServerConfigKeys (ConfUtils.java:logGet(43)) - raft.server.storage.dir = [/workdir/ratis-test/target/test/data/312143de/MiniRaftClusterWithSimulatedRpcd1e62d5/s4] (custom)
2019-09-24 17:08:24,568 INFO  server.RaftServerConfigKeys (ConfUtils.java:logGet(43)) - raft.server.rpc.timeout.min = 150ms (default)
2019-09-24 17:08:24,568 INFO  ratis.MiniRaftCluster (MiniRaftCluster.java:newRaftServer(330)) - newRaftServer: s6, group-3199313966C8:[], format? true
2019-09-24 17:08:24,568 INFO  server.RaftServerConfigKeys (ConfUtils.java:logGet(43)) - raft.server.log.corruption.policy = EXCEPTION (default)
2019-09-24 17:08:24,568 INFO  server.RaftServerConfigKeys (ConfUtils.java:logGet(43)) - raft.server.rpc.timeout.max = 300ms (default)
2019-09-24 17:08:24,568 TRACE util.FileUtils (FileUtils.java:deleteFully(88)) - deleteFully target/test/data/312143de/MiniRaftClusterWithSimulatedRpcd1e62d5/s6
2019-09-24 17:08:24,569 INFO  server.RaftServerConfigKeys (ConfUtils.java:logGet(43)) - raft.server.rpcslowness.timeout = 60s (default)
2019-09-24 17:08:24,569 TRACE util.FileUtils (FileUtils.java:deleteFully(104)) - deleteFully: target/test/data/312143de/MiniRaftClusterWithSimulatedRpcd1e62d5/s6 does not exist.
2019-09-24 17:08:24,569 INFO  ratis.MiniRaftCluster (MiniRaftCluster.java:newRaftServer(335)) - Formatted directory target/test/data/312143de/MiniRaftClusterWithSimulatedRpcd1e62d5/s6
2019-09-24 17:08:24,569 INFO  storage.RaftStorageDirectory (RaftStorageDirectory.java:analyzeStorage(246)) - The storage directory /workdir/ratis-test/target/test/data/312143de/MiniRaftClusterWithSimulatedRpcd1e62d5/s4/5f5a9a13-1289-4cf4-a5b3-3199313966c8 does not exist. Creating ...
2019-09-24 17:08:24,569 DEBUG impl.RaftServerProxy (ServerImplUtils.java:newRaftServer(39)) - newRaftServer: s6, group-3199313966C8:[]
2019-09-24 17:08:24,569 INFO  server.RaftServerConfigKeys (ConfUtils.java:logGet(43)) - raft.server.sleep.deviation.threshold = 300 (default)
2019-09-24 17:08:24,569 INFO  impl.RaftServerProxy (ConfUtils.java:logGet(43)) - raft.rpc.type = org.apache.ratis.server.simulation.SimulatedRpc (custom)
2019-09-24 17:08:24,569 INFO  server.RaftServerConfigKeys (ConfUtils.java:logGet(43)) - raft.server.log.appender.install.snapshot.enabled = true (default)
2019-09-24 17:08:24,570 TRACE util.FileUtils (LogUtils.java:runAndLog(61)) - Successfully ran Files.createDirectories /workdir/ratis-test/target/test/data/312143de/MiniRaftClusterWithSimulatedRpcd1e62d5/s4/5f5a9a13-1289-4cf4-a5b3-3199313966c8
2019-09-24 17:08:24,570 INFO  server.RaftServerConfigKeys (ConfUtils.java:logGet(43)) - raft.server.storage.dir = [/workdir/ratis-test/target/test/data/312143de/MiniRaftClusterWithSimulatedRpcd1e62d5/s6] (custom)
2019-09-24 17:08:24,570 INFO  impl.RaftServerImpl (ServerState.java:<init>(103)) - s5@group-3199313966C8: ConfigurationManager, init=-1: [], old=null, confs=<EMPTY_MAP>
2019-09-24 17:08:24,570 INFO  impl.RaftServerProxy (RaftServerProxy.java:addNew(89)) - s6: addNew group-3199313966C8:[] returns group-3199313966C8:java.util.concurrent.CompletableFuture@68395572[Not completed]
2019-09-24 17:08:24,570 INFO  server.RaftServerConfigKeys (ConfUtils.java:logGet(43)) - raft.server.storage.dir = [/workdir/ratis-test/target/test/data/312143de/MiniRaftClusterWithSimulatedRpcd1e62d5/s5] (custom)
2019-09-24 17:08:24,570 INFO  impl.RaftServerImpl (RaftServerImpl.java:<init>(95)) - s6: new RaftServerImpl for group-3199313966C8:[] with BaseStateMachine:uninitialized
2019-09-24 17:08:24,570 INFO  server.RaftServerConfigKeys (ConfUtils.java:logGet(43)) - raft.server.log.corruption.policy = EXCEPTION (default)
2019-09-24 17:08:24,570 INFO  impl.GroupManagementBaseTest (GroupManagementBaseTest.java:runMultiGroupTest(149)) - putNewServer: printing ALL groups
  s3:      NEW group-3199313966C8:java.util.concurrent.CompletableFuture@7f1101c6[Not completed]
  s4:      NEW group-3199313966C8:java.util.concurrent.CompletableFuture@1af7fc14[Not completed]
  s5:      NEW group-3199313966C8:java.util.concurrent.CompletableFuture@351966c7[Not completed]
  s6:      NEW group-3199313966C8:java.util.concurrent.CompletableFuture@68395572[Not completed]
  s0:      NEW group-3199313966C8:java.util.concurrent.CompletableFuture@42640d37[Not completed]
  s1:      NEW group-3199313966C8:java.util.concurrent.CompletableFuture@402452fe[Not completed]
  s2:      NEW group-3199313966C8:java.util.concurrent.CompletableFuture@3971cbc6[Not completed]
2019-09-24 17:08:24,571 INFO  storage.RaftStorageDirectory (RaftStorageDirectory.java:analyzeStorage(246)) - The storage directory /workdir/ratis-test/target/test/data/312143de/MiniRaftClusterWithSimulatedRpcd1e62d5/s5/5f5a9a13-1289-4cf4-a5b3-3199313966c8 does not exist. Creating ...
2019-09-24 17:08:24,571 INFO  server.RaftServerConfigKeys (ConfUtils.java:logGet(43)) - raft.server.rpc.timeout.min = 150ms (default)
2019-09-24 17:08:24,572 INFO  server.RaftServerConfigKeys (ConfUtils.java:logGet(43)) - raft.server.rpc.timeout.max = 300ms (default)
2019-09-24 17:08:24,572 INFO  server.RaftServerConfigKeys (ConfUtils.java:logGet(43)) - raft.server.rpcslowness.timeout = 60s (default)
2019-09-24 17:08:24,572 INFO  server.RaftServerConfigKeys (ConfUtils.java:logGet(43)) - raft.server.sleep.deviation.threshold = 300 (default)
2019-09-24 17:08:24,572 INFO  server.RaftServerConfigKeys (ConfUtils.java:logGet(43)) - raft.server.log.appender.install.snapshot.enabled = true (default)
2019-09-24 17:08:24,572 INFO  impl.RaftServerImpl (ServerState.java:<init>(103)) - s6@group-3199313966C8: ConfigurationManager, init=-1: [], old=null, confs=<EMPTY_MAP>
2019-09-24 17:08:24,573 INFO  server.RaftServerConfigKeys (ConfUtils.java:logGet(43)) - raft.server.storage.dir = [/workdir/ratis-test/target/test/data/312143de/MiniRaftClusterWithSimulatedRpcd1e62d5/s6] (custom)
2019-09-24 17:08:24,573 INFO  server.RaftServerConfigKeys (ConfUtils.java:logGet(43)) - raft.server.log.corruption.policy = EXCEPTION (default)
2019-09-24 17:08:24,573 INFO  storage.RaftStorageDirectory (RaftStorageDirectory.java:analyzeStorage(246)) - The storage directory /workdir/ratis-test/target/test/data/312143de/MiniRaftClusterWithSimulatedRpcd1e62d5/s6/5f5a9a13-1289-4cf4-a5b3-3199313966c8 does not exist. Creating ...
2019-09-24 17:08:24,589 TRACE util.FileUtils (LogUtils.java:runAndLog(61)) - Successfully ran Files.createDirectories /workdir/ratis-test/target/test/data/312143de/MiniRaftClusterWithSimulatedRpcd1e62d5/s5/5f5a9a13-1289-4cf4-a5b3-3199313966c8
2019-09-24 17:08:24,589 TRACE util.FileUtils (LogUtils.java:runAndLog(61)) - Successfully ran Files.createDirectories /workdir/ratis-test/target/test/data/312143de/MiniRaftClusterWithSimulatedRpcd1e62d5/s6/5f5a9a13-1289-4cf4-a5b3-3199313966c8
2019-09-24 17:08:24,618 INFO  storage.RaftStorageDirectory (RaftStorageDirectory.java:tryLock(328)) - Lock on /workdir/ratis-test/target/test/data/312143de/MiniRaftClusterWithSimulatedRpcd1e62d5/s2/5f5a9a13-1289-4cf4-a5b3-3199313966c8/in_use.lock acquired by nodename 9360@ratis-test-vphbd-3564017154
2019-09-24 17:08:24,618 INFO  storage.RaftStorageDirectory (RaftStorageDirectory.java:tryLock(328)) - Lock on /workdir/ratis-test/target/test/data/312143de/MiniRaftClusterWithSimulatedRpcd1e62d5/s1/5f5a9a13-1289-4cf4-a5b3-3199313966c8/in_use.lock acquired by nodename 9360@ratis-test-vphbd-3564017154
2019-09-24 17:08:24,618 INFO  storage.RaftStorageDirectory (RaftStorageDirectory.java:tryLock(328)) - Lock on /workdir/ratis-test/target/test/data/312143de/MiniRaftClusterWithSimulatedRpcd1e62d5/s0/5f5a9a13-1289-4cf4-a5b3-3199313966c8/in_use.lock acquired by nodename 9360@ratis-test-vphbd-3564017154
2019-09-24 17:08:24,618 INFO  storage.RaftStorageDirectory (RaftStorageDirectory.java:tryLock(328)) - Lock on /workdir/ratis-test/target/test/data/312143de/MiniRaftClusterWithSimulatedRpcd1e62d5/s3/5f5a9a13-1289-4cf4-a5b3-3199313966c8/in_use.lock acquired by nodename 9360@ratis-test-vphbd-3564017154
2019-09-24 17:08:24,620 TRACE util.FileUtils (LogUtils.java:runAndLog(61)) - Successfully ran Files.createDirectories /workdir/ratis-test/target/test/data/312143de/MiniRaftClusterWithSimulatedRpcd1e62d5/s0/5f5a9a13-1289-4cf4-a5b3-3199313966c8/current
2019-09-24 17:08:24,620 TRACE util.FileUtils (LogUtils.java:runAndLog(61)) - Successfully ran Files.createDirectories /workdir/ratis-test/target/test/data/312143de/MiniRaftClusterWithSimulatedRpcd1e62d5/s1/5f5a9a13-1289-4cf4-a5b3-3199313966c8/current
2019-09-24 17:08:24,620 TRACE util.FileUtils (LogUtils.java:runAndLog(61)) - Successfully ran Files.createDirectories /workdir/ratis-test/target/test/data/312143de/MiniRaftClusterWithSimulatedRpcd1e62d5/s3/5f5a9a13-1289-4cf4-a5b3-3199313966c8/current
2019-09-24 17:08:24,620 INFO  storage.RaftStorageDirectory (RaftStorageDirectory.java:tryLock(328)) - Lock on /workdir/ratis-test/target/test/data/312143de/MiniRaftClusterWithSimulatedRpcd1e62d5/s4/5f5a9a13-1289-4cf4-a5b3-3199313966c8/in_use.lock acquired by nodename 9360@ratis-test-vphbd-3564017154
2019-09-24 17:08:24,620 TRACE util.FileUtils (LogUtils.java:runAndLog(61)) - Successfully ran Files.createDirectories /workdir/ratis-test/target/test/data/312143de/MiniRaftClusterWithSimulatedRpcd1e62d5/s2/5f5a9a13-1289-4cf4-a5b3-3199313966c8/current
2019-09-24 17:08:24,620 TRACE util.FileUtils (LogUtils.java:runAndLog(61)) - Successfully ran Files.createDirectories /workdir/ratis-test/target/test/data/312143de/MiniRaftClusterWithSimulatedRpcd1e62d5/s3/5f5a9a13-1289-4cf4-a5b3-3199313966c8/sm
2019-09-24 17:08:24,620 INFO  storage.RaftStorageDirectory (RaftStorageDirectory.java:tryLock(328)) - Lock on /workdir/ratis-test/target/test/data/312143de/MiniRaftClusterWithSimulatedRpcd1e62d5/s6/5f5a9a13-1289-4cf4-a5b3-3199313966c8/in_use.lock acquired by nodename 9360@ratis-test-vphbd-3564017154
2019-09-24 17:08:24,620 INFO  storage.RaftStorageDirectory (RaftStorageDirectory.java:tryLock(328)) - Lock on /workdir/ratis-test/target/test/data/312143de/MiniRaftClusterWithSimulatedRpcd1e62d5/s5/5f5a9a13-1289-4cf4-a5b3-3199313966c8/in_use.lock acquired by nodename 9360@ratis-test-vphbd-3564017154
2019-09-24 17:08:24,620 TRACE util.FileUtils (LogUtils.java:runAndLog(61)) - Successfully ran Files.createDirectories /workdir/ratis-test/target/test/data/312143de/MiniRaftClusterWithSimulatedRpcd1e62d5/s1/5f5a9a13-1289-4cf4-a5b3-3199313966c8/sm
2019-09-24 17:08:24,620 TRACE util.FileUtils (LogUtils.java:runAndLog(61)) - Successfully ran Files.createDirectories /workdir/ratis-test/target/test/data/312143de/MiniRaftClusterWithSimulatedRpcd1e62d5/s0/5f5a9a13-1289-4cf4-a5b3-3199313966c8/sm
2019-09-24 17:08:24,621 TRACE util.FileUtils (LogUtils.java:runAndLog(61)) - Successfully ran Files.createDirectories /workdir/ratis-test/target/test/data/312143de/MiniRaftClusterWithSimulatedRpcd1e62d5/s5/5f5a9a13-1289-4cf4-a5b3-3199313966c8/current
2019-09-24 17:08:24,621 TRACE util.FileUtils (LogUtils.java:runAndLog(61)) - Successfully ran Files.createDirectories /workdir/ratis-test/target/test/data/312143de/MiniRaftClusterWithSimulatedRpcd1e62d5/s6/5f5a9a13-1289-4cf4-a5b3-3199313966c8/current
2019-09-24 17:08:24,621 TRACE util.FileUtils (LogUtils.java:runAndLog(61)) - Successfully ran Files.createDirectories /workdir/ratis-test/target/test/data/312143de/MiniRaftClusterWithSimulatedRpcd1e62d5/s2/5f5a9a13-1289-4cf4-a5b3-3199313966c8/sm
2019-09-24 17:08:24,621 TRACE util.FileUtils (LogUtils.java:runAndLog(61)) - Successfully ran Files.createDirectories /workdir/ratis-test/target/test/data/312143de/MiniRaftClusterWithSimulatedRpcd1e62d5/s4/5f5a9a13-1289-4cf4-a5b3-3199313966c8/current
2019-09-24 17:08:24,622 TRACE util.FileUtils (LogUtils.java:runAndLog(61)) - Successfully ran Files.createDirectories /workdir/ratis-test/target/test/data/312143de/MiniRaftClusterWithSimulatedRpcd1e62d5/s6/5f5a9a13-1289-4cf4-a5b3-3199313966c8/sm
2019-09-24 17:08:24,622 TRACE util.FileUtils (LogUtils.java:runAndLog(61)) - Successfully ran Files.createDirectories /workdir/ratis-test/target/test/data/312143de/MiniRaftClusterWithSimulatedRpcd1e62d5/s5/5f5a9a13-1289-4cf4-a5b3-3199313966c8/sm
2019-09-24 17:08:24,623 TRACE util.FileUtils (LogUtils.java:runAndLog(61)) - Successfully ran Files.createDirectories /workdir/ratis-test/target/test/data/312143de/MiniRaftClusterWithSimulatedRpcd1e62d5/s4/5f5a9a13-1289-4cf4-a5b3-3199313966c8/sm
2019-09-24 17:08:24,662 INFO  storage.RaftStorage (RaftStorage.java:format(84)) - Storage directory /workdir/ratis-test/target/test/data/312143de/MiniRaftClusterWithSimulatedRpcd1e62d5/s0/5f5a9a13-1289-4cf4-a5b3-3199313966c8 has been successfully formatted.
2019-09-24 17:08:24,662 INFO  storage.RaftStorage (RaftStorage.java:format(84)) - Storage directory /workdir/ratis-test/target/test/data/312143de/MiniRaftClusterWithSimulatedRpcd1e62d5/s6/5f5a9a13-1289-4cf4-a5b3-3199313966c8 has been successfully formatted.
2019-09-24 17:08:24,662 INFO  storage.RaftStorage (RaftStorage.java:format(84)) - Storage directory /workdir/ratis-test/target/test/data/312143de/MiniRaftClusterWithSimulatedRpcd1e62d5/s4/5f5a9a13-1289-4cf4-a5b3-3199313966c8 has been successfully formatted.
2019-09-24 17:08:24,662 INFO  storage.RaftStorage (RaftStorage.java:format(84)) - Storage directory /workdir/ratis-test/target/test/data/312143de/MiniRaftClusterWithSimulatedRpcd1e62d5/s5/5f5a9a13-1289-4cf4-a5b3-3199313966c8 has been successfully formatted.
2019-09-24 17:08:24,662 INFO  storage.RaftStorage (RaftStorage.java:format(84)) - Storage directory /workdir/ratis-test/target/test/data/312143de/MiniRaftClusterWithSimulatedRpcd1e62d5/s1/5f5a9a13-1289-4cf4-a5b3-3199313966c8 has been successfully formatted.
2019-09-24 17:08:24,662 INFO  storage.RaftStorage (RaftStorage.java:format(84)) - Storage directory /workdir/ratis-test/target/test/data/312143de/MiniRaftClusterWithSimulatedRpcd1e62d5/s2/5f5a9a13-1289-4cf4-a5b3-3199313966c8 has been successfully formatted.
2019-09-24 17:08:24,662 INFO  storage.RaftStorage (RaftStorage.java:format(84)) - Storage directory /workdir/ratis-test/target/test/data/312143de/MiniRaftClusterWithSimulatedRpcd1e62d5/s3/5f5a9a13-1289-4cf4-a5b3-3199313966c8 has been successfully formatted.
2019-09-24 17:08:24,663 INFO  server.RaftServerConfigKeys (ConfUtils.java:logGet(43)) - raft.server.notification.no-leader.timeout = 60s (default)
2019-09-24 17:08:24,663 INFO  server.RaftServerConfigKeys (ConfUtils.java:logGet(43)) - raft.server.notification.no-leader.timeout = 60s (default)
2019-09-24 17:08:24,663 INFO  server.RaftServerConfigKeys (ConfUtils.java:logGet(43)) - raft.server.notification.no-leader.timeout = 60s (default)
2019-09-24 17:08:24,662 INFO  server.RaftServerConfigKeys (ConfUtils.java:logGet(43)) - raft.server.notification.no-leader.timeout = 60s (default)
2019-09-24 17:08:24,662 INFO  server.RaftServerConfigKeys (ConfUtils.java:logGet(43)) - raft.server.notification.no-leader.timeout = 60s (default)
2019-09-24 17:08:24,662 INFO  server.RaftServerConfigKeys (ConfUtils.java:logGet(43)) - raft.server.notification.no-leader.timeout = 60s (default)
2019-09-24 17:08:24,664 INFO  server.RaftServerConfigKeys (ConfUtils.java:logGet(43)) - raft.server.log.use.memory = false (default)
2019-09-24 17:08:24,664 INFO  server.RaftServerConfigKeys (ConfUtils.java:logGet(43)) - raft.server.log.use.memory = false (default)
2019-09-24 17:08:24,664 INFO  server.RaftServerConfigKeys (ConfUtils.java:logGet(43)) - raft.server.log.use.memory = false (default)
2019-09-24 17:08:24,664 INFO  server.RaftServerConfigKeys (ConfUtils.java:logGet(43)) - raft.server.log.use.memory = false (default)
2019-09-24 17:08:24,663 INFO  server.RaftServerConfigKeys (ConfUtils.java:logGet(43)) - raft.server.log.use.memory = false (default)
2019-09-24 17:08:24,663 INFO  server.RaftServerConfigKeys (ConfUtils.java:logGet(43)) - raft.server.notification.no-leader.timeout = 60s (default)
2019-09-24 17:08:24,666 INFO  server.RaftServerConfigKeys (ConfUtils.java:logGet(43)) - raft.server.log.purge.gap = 1024 (default)
2019-09-24 17:08:24,665 INFO  server.RaftServerConfigKeys (ConfUtils.java:logGet(43)) - raft.server.log.purge.gap = 1024 (default)
2019-09-24 17:08:24,665 INFO  server.RaftServerConfigKeys (ConfUtils.java:logGet(43)) - raft.server.log.purge.gap = 1024 (default)
2019-09-24 17:08:24,665 INFO  server.RaftServerConfigKeys (ConfUtils.java:logGet(43)) - raft.server.log.purge.gap = 1024 (default)
2019-09-24 17:08:24,665 INFO  server.RaftServerConfigKeys (ConfUtils.java:logGet(43)) - raft.server.log.purge.gap = 1024 (default)
2019-09-24 17:08:24,664 INFO  server.RaftServerConfigKeys (ConfUtils.java:logGet(43)) - raft.server.log.use.memory = false (default)
2019-09-24 17:08:24,667 INFO  server.RaftServerConfigKeys (ConfUtils.java:logGet(43)) - raft.server.log.appender.buffer.byte-limit = 4MB (=4194304) (default)
2019-09-24 17:08:24,667 INFO  server.RaftServerConfigKeys (ConfUtils.java:logGet(43)) - raft.server.log.appender.buffer.byte-limit = 4MB (=4194304) (default)
2019-09-24 17:08:24,666 INFO  server.RaftServerConfigKeys (ConfUtils.java:logGet(43)) - raft.server.log.appender.buffer.byte-limit = 4MB (=4194304) (default)
2019-09-24 17:08:24,666 INFO  server.RaftServerConfigKeys (ConfUtils.java:logGet(43)) - raft.server.log.appender.buffer.byte-limit = 4MB (=4194304) (default)
2019-09-24 17:08:24,666 INFO  server.RaftServerConfigKeys (ConfUtils.java:logGet(43)) - raft.server.log.appender.buffer.byte-limit = 4MB (=4194304) (default)
2019-09-24 17:08:24,666 INFO  server.RaftServerConfigKeys (ConfUtils.java:logGet(43)) - raft.server.log.use.memory = false (default)
2019-09-24 17:08:24,668 INFO  server.RaftServerConfigKeys (ConfUtils.java:logGet(43)) - raft.server.log.segment.size.max = 8MB (=8388608) (default)
2019-09-24 17:08:24,668 INFO  server.RaftServerConfigKeys (ConfUtils.java:logGet(43)) - raft.server.log.segment.size.max = 8MB (=8388608) (default)
2019-09-24 17:08:24,668 INFO  server.RaftServerConfigKeys (ConfUtils.java:logGet(43)) - raft.server.log.segment.size.max = 8MB (=8388608) (default)
2019-09-24 17:08:24,668 INFO  server.RaftServerConfigKeys (ConfUtils.java:logGet(43)) - raft.server.log.segment.size.max = 8MB (=8388608) (default)
2019-09-24 17:08:24,667 INFO  server.RaftServerConfigKeys (ConfUtils.java:logGet(43)) - raft.server.log.segment.size.max = 8MB (=8388608) (default)
2019-09-24 17:08:24,667 INFO  server.RaftServerConfigKeys (ConfUtils.java:logGet(43)) - raft.server.log.purge.gap = 1024 (default)
2019-09-24 17:08:24,670 INFO  server.RaftServerConfigKeys (ConfUtils.java:logGet(43)) - raft.server.log.segment.cache.num.max = 6 (default)
2019-09-24 17:08:24,669 INFO  server.RaftServerConfigKeys (ConfUtils.java:logGet(43)) - raft.server.log.segment.cache.num.max = 6 (default)
2019-09-24 17:08:24,669 INFO  server.RaftServerConfigKeys (ConfUtils.java:logGet(43)) - raft.server.log.segment.cache.num.max = 6 (default)
2019-09-24 17:08:24,669 INFO  server.RaftServerConfigKeys (ConfUtils.java:logGet(43)) - raft.server.log.segment.cache.num.max = 6 (default)
2019-09-24 17:08:24,669 INFO  server.RaftServerConfigKeys (ConfUtils.java:logGet(43)) - raft.server.log.segment.cache.num.max = 6 (default)
2019-09-24 17:08:24,668 INFO  server.RaftServerConfigKeys (ConfUtils.java:logGet(43)) - raft.server.log.purge.gap = 1024 (default)
2019-09-24 17:08:24,671 INFO  segmented.SegmentedRaftLogWorker (SegmentedRaftLogWorker.java:<init>(172)) - new s2@group-3199313966C8-SegmentedRaftLogWorker for RaftStorage:Storage Directory /workdir/ratis-test/target/test/data/312143de/MiniRaftClusterWithSimulatedRpcd1e62d5/s2/5f5a9a13-1289-4cf4-a5b3-3199313966c8
2019-09-24 17:08:24,671 INFO  segmented.SegmentedRaftLogWorker (SegmentedRaftLogWorker.java:<init>(172)) - new s1@group-3199313966C8-SegmentedRaftLogWorker for RaftStorage:Storage Directory /workdir/ratis-test/target/test/data/312143de/MiniRaftClusterWithSimulatedRpcd1e62d5/s1/5f5a9a13-1289-4cf4-a5b3-3199313966c8
2019-09-24 17:08:24,670 INFO  segmented.SegmentedRaftLogWorker (SegmentedRaftLogWorker.java:<init>(172)) - new s5@group-3199313966C8-SegmentedRaftLogWorker for RaftStorage:Storage Directory /workdir/ratis-test/target/test/data/312143de/MiniRaftClusterWithSimulatedRpcd1e62d5/s5/5f5a9a13-1289-4cf4-a5b3-3199313966c8
2019-09-24 17:08:24,670 INFO  segmented.SegmentedRaftLogWorker (SegmentedRaftLogWorker.java:<init>(172)) - new s4@group-3199313966C8-SegmentedRaftLogWorker for RaftStorage:Storage Directory /workdir/ratis-test/target/test/data/312143de/MiniRaftClusterWithSimulatedRpcd1e62d5/s4/5f5a9a13-1289-4cf4-a5b3-3199313966c8
2019-09-24 17:08:24,670 INFO  segmented.SegmentedRaftLogWorker (SegmentedRaftLogWorker.java:<init>(172)) - new s6@group-3199313966C8-SegmentedRaftLogWorker for RaftStorage:Storage Directory /workdir/ratis-test/target/test/data/312143de/MiniRaftClusterWithSimulatedRpcd1e62d5/s6/5f5a9a13-1289-4cf4-a5b3-3199313966c8
2019-09-24 17:08:24,670 INFO  server.RaftServerConfigKeys (ConfUtils.java:logGet(43)) - raft.server.log.appender.buffer.byte-limit = 4MB (=4194304) (default)
2019-09-24 17:08:24,672 INFO  server.RaftServerConfigKeys (ConfUtils.java:logGet(43)) - raft.server.log.queue.byte-limit = 64MB (=67108864) (default)
2019-09-24 17:08:24,671 INFO  server.RaftServerConfigKeys (ConfUtils.java:logGet(43)) - raft.server.log.queue.byte-limit = 64MB (=67108864) (default)
2019-09-24 17:08:24,671 INFO  server.RaftServerConfigKeys (ConfUtils.java:logGet(43)) - raft.server.log.queue.byte-limit = 64MB (=67108864) (default)
2019-09-24 17:08:24,671 INFO  server.RaftServerConfigKeys (ConfUtils.java:logGet(43)) - raft.server.log.appender.buffer.byte-limit = 4MB (=4194304) (default)
2019-09-24 17:08:24,673 INFO  server.RaftServerConfigKeys (ConfUtils.java:logGet(43)) - raft.server.log.queue.element-limit = 4096 (default)
2019-09-24 17:08:24,673 INFO  server.RaftServerConfigKeys (ConfUtils.java:logGet(43)) - raft.server.log.queue.element-limit = 4096 (default)
2019-09-24 17:08:24,673 INFO  server.RaftServerConfigKeys (ConfUtils.java:logGet(43)) - raft.server.log.queue.element-limit = 4096 (default)
2019-09-24 17:08:24,672 INFO  server.RaftServerConfigKeys (ConfUtils.java:logGet(43)) - raft.server.log.segment.size.max = 8MB (=8388608) (default)
2019-09-24 17:08:24,674 INFO  server.RaftServerConfigKeys (ConfUtils.java:logGet(43)) - raft.server.log.segment.size.max = 8MB (=8388608) (default)
2019-09-24 17:08:24,674 INFO  server.RaftServerConfigKeys (ConfUtils.java:logGet(43)) - raft.server.log.segment.size.max = 8MB (=8388608) (default)
2019-09-24 17:08:24,674 INFO  server.RaftServerConfigKeys (ConfUtils.java:logGet(43)) - raft.server.log.segment.size.max = 8MB (=8388608) (default)
2019-09-24 17:08:24,673 INFO  server.RaftServerConfigKeys (ConfUtils.java:logGet(43)) - raft.server.log.segment.size.max = 8MB (=8388608) (default)
2019-09-24 17:08:24,675 INFO  server.RaftServerConfigKeys (ConfUtils.java:logGet(43)) - raft.server.log.preallocated.size = 4MB (=4194304) (default)
2019-09-24 17:08:24,674 INFO  server.RaftServerConfigKeys (ConfUtils.java:logGet(43)) - raft.server.log.preallocated.size = 4MB (=4194304) (default)
2019-09-24 17:08:24,675 INFO  server.RaftServerConfigKeys (ConfUtils.java:logGet(43)) - raft.server.log.write.buffer.size = 64KB (=65536) (default)
2019-09-24 17:08:24,674 INFO  server.RaftServerConfigKeys (ConfUtils.java:logGet(43)) - raft.server.log.preallocated.size = 4MB (=4194304) (default)
2019-09-24 17:08:24,674 INFO  server.RaftServerConfigKeys (ConfUtils.java:logGet(43)) - raft.server.log.segment.cache.num.max = 6 (default)
2019-09-24 17:08:24,676 INFO  server.RaftServerConfigKeys (ConfUtils.java:logGet(43)) - raft.server.log.write.buffer.size = 64KB (=65536) (default)
2019-09-24 17:08:24,676 INFO  server.RaftServerConfigKeys (ConfUtils.java:logGet(43)) - raft.server.log.queue.byte-limit = 64MB (=67108864) (default)
2019-09-24 17:08:24,675 INFO  server.RaftServerConfigKeys (ConfUtils.java:logGet(43)) - raft.server.log.force.sync.num = 128 (default)
2019-09-24 17:08:24,675 INFO  server.RaftServerConfigKeys (ConfUtils.java:logGet(43)) - raft.server.log.write.buffer.size = 64KB (=65536) (default)
2019-09-24 17:08:24,675 INFO  server.RaftServerConfigKeys (ConfUtils.java:logGet(43)) - raft.server.log.segment.cache.num.max = 6 (default)
2019-09-24 17:08:24,677 INFO  server.RaftServerConfigKeys (ConfUtils.java:logGet(43)) - raft.server.log.force.sync.num = 128 (default)
2019-09-24 17:08:24,677 INFO  server.RaftServerConfigKeys (ConfUtils.java:logGet(43)) - raft.server.log.statemachine.data.sync = true (default)
2019-09-24 17:08:24,676 INFO  server.RaftServerConfigKeys (ConfUtils.java:logGet(43)) - raft.server.log.queue.element-limit = 4096 (default)
2019-09-24 17:08:24,676 INFO  server.RaftServerConfigKeys (ConfUtils.java:logGet(43)) - raft.server.log.queue.byte-limit = 64MB (=67108864) (default)
2019-09-24 17:08:24,676 INFO  server.RaftServerConfigKeys (ConfUtils.java:logGet(43)) - raft.server.log.force.sync.num = 128 (default)
2019-09-24 17:08:24,676 INFO  segmented.SegmentedRaftLogWorker (SegmentedRaftLogWorker.java:<init>(172)) - new s0@group-3199313966C8-SegmentedRaftLogWorker for RaftStorage:Storage Directory /workdir/ratis-test/target/test/data/312143de/MiniRaftClusterWithSimulatedRpcd1e62d5/s0/5f5a9a13-1289-4cf4-a5b3-3199313966c8
2019-09-24 17:08:24,678 INFO  server.RaftServerConfigKeys (ConfUtils.java:logGet(43)) - raft.server.log.statemachine.data.sync = true (default)
2019-09-24 17:08:24,678 INFO  server.RaftServerConfigKeys (ConfUtils.java:logGet(43)) - raft.server.log.queue.element-limit = 4096 (default)
2019-09-24 17:08:24,678 INFO  server.RaftServerConfigKeys (ConfUtils.java:logGet(43)) - raft.server.log.segment.size.max = 8MB (=8388608) (default)
2019-09-24 17:08:24,677 INFO  server.RaftServerConfigKeys (ConfUtils.java:logGet(43)) - raft.server.log.statemachine.data.sync.timeout = 10s (default)
2019-09-24 17:08:24,677 INFO  server.RaftServerConfigKeys (ConfUtils.java:logGet(43)) - raft.server.log.statemachine.data.sync = true (default)
2019-09-24 17:08:24,677 INFO  segmented.SegmentedRaftLogWorker (SegmentedRaftLogWorker.java:<init>(172)) - new s3@group-3199313966C8-SegmentedRaftLogWorker for RaftStorage:Storage Directory /workdir/ratis-test/target/test/data/312143de/MiniRaftClusterWithSimulatedRpcd1e62d5/s3/5f5a9a13-1289-4cf4-a5b3-3199313966c8
2019-09-24 17:08:24,679 INFO  server.RaftServerConfigKeys (ConfUtils.java:logGet(43)) - raft.server.log.statemachine.data.sync.timeout = 10s (default)
2019-09-24 17:08:24,679 INFO  server.RaftServerConfigKeys (ConfUtils.java:logGet(43)) - raft.server.log.statemachine.data.sync.timeout.retry = -1 (default)
2019-09-24 17:08:24,679 INFO  server.RaftServerConfigKeys (ConfUtils.java:logGet(43)) - raft.server.log.segment.size.max = 8MB (=8388608) (default)
2019-09-24 17:08:24,679 INFO  server.RaftServerConfigKeys (ConfUtils.java:logGet(43)) - raft.server.log.preallocated.size = 4MB (=4194304) (default)
2019-09-24 17:08:24,681 INFO  server.RaftServerConfigKeys (ConfUtils.java:logGet(43)) - raft.server.log.write.buffer.size = 64KB (=65536) (default)
2019-09-24 17:08:24,679 INFO  server.RaftServerConfigKeys (ConfUtils.java:logGet(43)) - raft.server.log.statemachine.data.sync.timeout = 10s (default)
2019-09-24 17:08:24,678 INFO  server.RaftServerConfigKeys (ConfUtils.java:logGet(43)) - raft.server.log.queue.byte-limit = 64MB (=67108864) (default)
2019-09-24 17:08:24,681 INFO  server.RaftServerConfigKeys (ConfUtils.java:logGet(43)) - raft.server.log.statemachine.data.sync.timeout.retry = -1 (default)
2019-09-24 17:08:24,681 INFO  server.RaftServerConfigKeys (ConfUtils.java:logGet(43)) - raft.server.log.force.sync.num = 128 (default)
2019-09-24 17:08:24,682 INFO  server.RaftServerConfigKeys (ConfUtils.java:logGet(43)) - raft.server.log.statemachine.data.sync = true (default)
2019-09-24 17:08:24,680 INFO  server.RaftServerConfigKeys (ConfUtils.java:logGet(43)) - raft.server.log.preallocated.size = 4MB (=4194304) (default)
2019-09-24 17:08:24,680 INFO  server.RaftServerConfigKeys (ConfUtils.java:logGet(43)) - raft.server.log.statemachine.data.caching.enabled = false (default)
2019-09-24 17:08:24,680 INFO  server.RaftServerConfigKeys (ConfUtils.java:logGet(43)) - raft.server.log.statemachine.data.sync.timeout.retry = -1 (default)
2019-09-24 17:08:24,680 INFO  server.RaftServerConfigKeys (ConfUtils.java:logGet(43)) - raft.server.log.queue.byte-limit = 64MB (=67108864) (default)
2019-09-24 17:08:24,683 INFO  segmented.SegmentedRaftLogWorker (SegmentedRaftLogWorker.java:lambda$new$0(132)) - s1@group-3199313966C8-SegmentedRaftLogWorker: flushIndex: setUnconditionally 0 -> -1
2019-09-24 17:08:24,682 INFO  server.RaftServerConfigKeys (ConfUtils.java:logGet(43)) - raft.server.log.statemachine.data.caching.enabled = false (default)
2019-09-24 17:08:24,683 INFO  server.RaftServerConfigKeys (ConfUtils.java:logGet(43)) - raft.server.snapshot.auto.trigger.enabled = false (default)
2019-09-24 17:08:24,682 INFO  server.RaftServerConfigKeys (ConfUtils.java:logGet(43)) - raft.server.log.write.buffer.size = 64KB (=65536) (default)
2019-09-24 17:08:24,682 INFO  server.RaftServerConfigKeys (ConfUtils.java:logGet(43)) - raft.server.log.statemachine.data.sync.timeout = 10s (default)
2019-09-24 17:08:24,684 INFO  server.RaftServerConfigKeys (ConfUtils.java:logGet(43)) - raft.server.log.statemachine.data.sync.timeout.retry = -1 (default)
2019-09-24 17:08:24,681 INFO  server.RaftServerConfigKeys (ConfUtils.java:logGet(43)) - raft.server.log.statemachine.data.caching.enabled = false (default)
2019-09-24 17:08:24,681 INFO  server.RaftServerConfigKeys (ConfUtils.java:logGet(43)) - raft.server.log.queue.element-limit = 4096 (default)
2019-09-24 17:08:24,684 INFO  server.RaftServerConfigKeys (ConfUtils.java:logGet(43)) - raft.server.log.statemachine.data.caching.enabled = false (default)
2019-09-24 17:08:24,684 INFO  server.RaftServerConfigKeys (ConfUtils.java:logGet(43)) - raft.server.log.force.sync.num = 128 (default)
2019-09-24 17:08:24,685 INFO  segmented.SegmentedRaftLogWorker (SegmentedRaftLogWorker.java:lambda$new$0(132)) - s5@group-3199313966C8-SegmentedRaftLogWorker: flushIndex: setUnconditionally 0 -> -1
2019-09-24 17:08:24,683 INFO  segmented.SegmentedRaftLogWorker (SegmentedRaftLogWorker.java:lambda$new$0(132)) - s2@group-3199313966C8-SegmentedRaftLogWorker: flushIndex: setUnconditionally 0 -> -1
2019-09-24 17:08:24,685 INFO  server.RaftServerConfigKeys (ConfUtils.java:logGet(43)) - raft.server.snapshot.auto.trigger.enabled = false (default)
2019-09-24 17:08:24,683 INFO  server.RaftServerConfigKeys (ConfUtils.java:logGet(43)) - raft.server.snapshot.retention.file.num = -1 (default)
2019-09-24 17:08:24,685 INFO  server.RaftServerConfigKeys (ConfUtils.java:logGet(43)) - raft.server.snapshot.auto.trigger.enabled = false (default)
2019-09-24 17:08:24,683 INFO  server.RaftServerConfigKeys (ConfUtils.java:logGet(43)) - raft.server.log.queue.element-limit = 4096 (default)
2019-09-24 17:08:24,686 INFO  server.RaftServerConfigKeys (ConfUtils.java:logGet(43)) - raft.server.snapshot.retention.file.num = -1 (default)
2019-09-24 17:08:24,685 INFO  server.RaftServerConfigKeys (ConfUtils.java:logGet(43)) - raft.server.retrycache.expirytime = 60s (default)
2019-09-24 17:08:24,685 INFO  server.RaftServerConfigKeys (ConfUtils.java:logGet(43)) - raft.server.snapshot.retention.file.num = -1 (default)
2019-09-24 17:08:24,685 INFO  server.RaftServerConfigKeys (ConfUtils.java:logGet(43)) - raft.server.log.statemachine.data.sync = true (default)
2019-09-24 17:08:24,684 INFO  server.RaftServerConfigKeys (ConfUtils.java:logGet(43)) - raft.server.log.segment.size.max = 8MB (=8388608) (default)
2019-09-24 17:08:24,684 INFO  segmented.SegmentedRaftLogWorker (SegmentedRaftLogWorker.java:lambda$new$0(132)) - s4@group-3199313966C8-SegmentedRaftLogWorker: flushIndex: setUnconditionally 0 -> -1
2019-09-24 17:08:24,687 INFO  server.RaftServerConfigKeys (ConfUtils.java:logGet(43)) - raft.server.log.preallocated.size = 4MB (=4194304) (default)
2019-09-24 17:08:24,687 INFO  server.RaftServerConfigKeys (ConfUtils.java:logGet(43)) - raft.server.log.write.buffer.size = 64KB (=65536) (default)
2019-09-24 17:08:24,687 INFO  server.RaftServerConfigKeys (ConfUtils.java:logGet(43)) - raft.server.log.statemachine.data.sync.timeout = 10s (default)
2019-09-24 17:08:24,686 INFO  server.RaftServerConfigKeys (ConfUtils.java:logGet(43)) - raft.server.retrycache.expirytime = 60s (default)
2019-09-24 17:08:24,686 INFO  server.RaftServerConfigKeys (ConfUtils.java:logGet(43)) - raft.server.retrycache.expirytime = 60s (default)
2019-09-24 17:08:24,686 INFO  server.RaftServerConfigKeys (ConfUtils.java:logGet(43)) - raft.server.log.segment.size.max = 8MB (=8388608) (default)
2019-09-24 17:08:24,688 INFO  server.RaftServerConfigKeys (ConfUtils.java:logGet(43)) - raft.server.log.statemachine.data.sync.timeout.retry = -1 (default)
2019-09-24 17:08:24,687 INFO  server.RaftServerConfigKeys (ConfUtils.java:logGet(43)) - raft.server.log.force.sync.num = 128 (default)
2019-09-24 17:08:24,687 INFO  server.RaftServerConfigKeys (ConfUtils.java:logGet(43)) - raft.server.snapshot.auto.trigger.enabled = false (default)
2019-09-24 17:08:24,689 INFO  server.RaftServerConfigKeys (ConfUtils.java:logGet(43)) - raft.server.log.statemachine.data.caching.enabled = false (default)
2019-09-24 17:08:24,689 INFO  server.RaftServerConfigKeys (ConfUtils.java:logGet(43)) - raft.server.log.statemachine.data.sync = true (default)
2019-09-24 17:08:24,688 INFO  server.RaftServerConfigKeys (ConfUtils.java:logGet(43)) - raft.server.log.preallocated.size = 4MB (=4194304) (default)
2019-09-24 17:08:24,689 INFO  segmented.SegmentedRaftLogWorker (SegmentedRaftLogWorker.java:lambda$new$0(132)) - s6@group-3199313966C8-SegmentedRaftLogWorker: flushIndex: setUnconditionally 0 -> -1
2019-09-24 17:08:24,689 INFO  server.RaftServerConfigKeys (ConfUtils.java:logGet(43)) - raft.server.log.statemachine.data.sync.timeout = 10s (default)
2019-09-24 17:08:24,690 INFO  server.RaftServerConfigKeys (ConfUtils.java:logGet(43)) - raft.server.snapshot.auto.trigger.enabled = false (default)
2019-09-24 17:08:24,689 INFO  server.RaftServerConfigKeys (ConfUtils.java:logGet(43)) - raft.server.snapshot.retention.file.num = -1 (default)
2019-09-24 17:08:24,690 INFO  server.RaftServerConfigKeys (ConfUtils.java:logGet(43)) - raft.server.snapshot.retention.file.num = -1 (default)
2019-09-24 17:08:24,690 INFO  server.RaftServerConfigKeys (ConfUtils.java:logGet(43)) - raft.server.log.statemachine.data.sync.timeout.retry = -1 (default)
2019-09-24 17:08:24,690 INFO  server.RaftServerConfigKeys (ConfUtils.java:logGet(43)) - raft.server.log.write.buffer.size = 64KB (=65536) (default)
2019-09-24 17:08:24,691 INFO  server.RaftServerConfigKeys (ConfUtils.java:logGet(43)) - raft.server.log.statemachine.data.caching.enabled = false (default)
2019-09-24 17:08:24,691 INFO  server.RaftServerConfigKeys (ConfUtils.java:logGet(43)) - raft.server.retrycache.expirytime = 60s (default)
2019-09-24 17:08:24,690 INFO  server.RaftServerConfigKeys (ConfUtils.java:logGet(43)) - raft.server.retrycache.expirytime = 60s (default)
2019-09-24 17:08:24,691 INFO  segmented.SegmentedRaftLogWorker (SegmentedRaftLogWorker.java:lambda$new$0(132)) - s0@group-3199313966C8-SegmentedRaftLogWorker: flushIndex: setUnconditionally 0 -> -1
2019-09-24 17:08:24,691 INFO  server.RaftServerConfigKeys (ConfUtils.java:logGet(43)) - raft.server.log.force.sync.num = 128 (default)
2019-09-24 17:08:24,692 INFO  server.RaftServerConfigKeys (ConfUtils.java:logGet(43)) - raft.server.snapshot.auto.trigger.enabled = false (default)
2019-09-24 17:08:24,692 INFO  server.RaftServerConfigKeys (ConfUtils.java:logGet(43)) - raft.server.log.statemachine.data.sync = true (default)
2019-09-24 17:08:24,692 INFO  server.RaftServerConfigKeys (ConfUtils.java:logGet(43)) - raft.server.snapshot.retention.file.num = -1 (default)
2019-09-24 17:08:24,693 INFO  server.RaftServerConfigKeys (ConfUtils.java:logGet(43)) - raft.server.log.statemachine.data.sync.timeout = 10s (default)
2019-09-24 17:08:24,693 INFO  server.RaftServerConfigKeys (ConfUtils.java:logGet(43)) - raft.server.retrycache.expirytime = 60s (default)
2019-09-24 17:08:24,693 INFO  server.RaftServerConfigKeys (ConfUtils.java:logGet(43)) - raft.server.log.statemachine.data.sync.timeout.retry = -1 (default)
2019-09-24 17:08:24,693 INFO  server.RaftServerConfigKeys (ConfUtils.java:logGet(43)) - raft.server.log.statemachine.data.caching.enabled = false (default)
2019-09-24 17:08:24,694 INFO  segmented.SegmentedRaftLogWorker (SegmentedRaftLogWorker.java:lambda$new$0(132)) - s3@group-3199313966C8-SegmentedRaftLogWorker: flushIndex: setUnconditionally 0 -> -1
2019-09-24 17:08:24,694 INFO  server.RaftServerConfigKeys (ConfUtils.java:logGet(43)) - raft.server.snapshot.auto.trigger.enabled = false (default)
2019-09-24 17:08:24,694 INFO  server.RaftServerConfigKeys (ConfUtils.java:logGet(43)) - raft.server.snapshot.retention.file.num = -1 (default)
2019-09-24 17:08:24,695 INFO  server.RaftServerConfigKeys (ConfUtils.java:logGet(43)) - raft.server.retrycache.expirytime = 60s (default)
2019-09-24 17:08:25,571 INFO  ratis.MiniRaftCluster (MiniRaftCluster.java:start(287)) - .............................................................. 
2019-09-24 17:08:25,572 INFO  ratis.MiniRaftCluster (MiniRaftCluster.java:start(288)) - ... 
2019-09-24 17:08:25,572 INFO  ratis.MiniRaftCluster (MiniRaftCluster.java:start(289)) - ...     Starting MiniRaftClusterWithSimulatedRpc
2019-09-24 17:08:25,572 INFO  ratis.MiniRaftCluster (MiniRaftCluster.java:start(290)) - ... 
2019-09-24 17:08:25,572 INFO  ratis.MiniRaftCluster (MiniRaftCluster.java:start(291)) - .............................................................. 
2019-09-24 17:08:25,575 INFO  ratis.MiniRaftCluster (MiniRaftCluster.java:initServers(265)) - servers = {s3=s3:      NEW      null s3@group-3199313966C8:t0, leader=null, voted=null, raftlog=s3@group-3199313966C8-SegmentedRaftLog:OPENED:c-1,f-1,i0, conf=-1: [], old=null NEW, s4=s4:      NEW      null s4@group-3199313966C8:t0, leader=null, voted=null, raftlog=s4@group-3199313966C8-SegmentedRaftLog:OPENED:c-1,f-1,i0, conf=-1: [], old=null NEW, s5=s5:      NEW      null s5@group-3199313966C8:t0, leader=null, voted=null, raftlog=s5@group-3199313966C8-SegmentedRaftLog:OPENED:c-1,f-1,i0, conf=-1: [], old=null NEW, s6=s6:      NEW      null s6@group-3199313966C8:t0, leader=null, voted=null, raftlog=s6@group-3199313966C8-SegmentedRaftLog:OPENED:c-1,f-1,i0, conf=-1: [], old=null NEW, s0=s0:      NEW      null s0@group-3199313966C8:t0, leader=null, voted=null, raftlog=s0@group-3199313966C8-SegmentedRaftLog:OPENED:c-1,f-1,i0, conf=-1: [], old=null NEW, s1=s1:      NEW      null s1@group-3199313966C8:t0, leader=null, voted=null, raftlog=s1@group-3199313966C8-SegmentedRaftLog:OPENED:c-1,f-1,i0, conf=-1: [], old=null NEW, s2=s2:      NEW      null s2@group-3199313966C8:t0, leader=null, voted=null, raftlog=s2@group-3199313966C8-SegmentedRaftLog:OPENED:c-1,f-1,i0, conf=-1: [], old=null NEW}
2019-09-24 17:08:25,575 INFO  impl.RaftServerImpl (RaftServerImpl.java:start(184)) - s3@group-3199313966C8: start with initializing state, conf=-1: [], old=null
2019-09-24 17:08:25,575 INFO  impl.RaftServerImpl (RaftServerImpl.java:setRole(170)) - s3@group-3199313966C8: changes role from      null to FOLLOWER at term 0 for startInitializing
2019-09-24 17:08:25,576 INFO  util.JmxRegister (JmxRegister.java:tryRegister(44)) - Successfully registered JMX Bean with object name Ratis:service=RaftServer,group=group-3199313966C8,id=s3
2019-09-24 17:08:25,581 INFO  impl.RaftServerProxy (RaftServerProxy.java:lambda$start$3(299)) - s3: start RPC server
2019-09-24 17:08:25,582 INFO  impl.RaftServerImpl (RaftServerImpl.java:start(184)) - s4@group-3199313966C8: start with initializing state, conf=-1: [], old=null
2019-09-24 17:08:25,582 INFO  impl.RaftServerImpl (RaftServerImpl.java:setRole(170)) - s4@group-3199313966C8: changes role from      null to FOLLOWER at term 0 for startInitializing
2019-09-24 17:08:25,583 INFO  util.JmxRegister (JmxRegister.java:tryRegister(44)) - Successfully registered JMX Bean with object name Ratis:service=RaftServer,group=group-3199313966C8,id=s4
2019-09-24 17:08:25,604 INFO  impl.RaftServerProxy (RaftServerProxy.java:lambda$start$3(299)) - s4: start RPC server
2019-09-24 17:08:25,605 INFO  impl.RaftServerImpl (RaftServerImpl.java:start(184)) - s5@group-3199313966C8: start with initializing state, conf=-1: [], old=null
2019-09-24 17:08:25,606 INFO  impl.RaftServerImpl (RaftServerImpl.java:setRole(170)) - s5@group-3199313966C8: changes role from      null to FOLLOWER at term 0 for startInitializing
2019-09-24 17:08:25,606 INFO  util.JmxRegister (JmxRegister.java:tryRegister(44)) - Successfully registered JMX Bean with object name Ratis:service=RaftServer,group=group-3199313966C8,id=s5
2019-09-24 17:08:25,609 INFO  impl.RaftServerProxy (RaftServerProxy.java:lambda$start$3(299)) - s5: start RPC server
2019-09-24 17:08:25,610 INFO  impl.RaftServerImpl (RaftServerImpl.java:start(184)) - s6@group-3199313966C8: start with initializing state, conf=-1: [], old=null
2019-09-24 17:08:25,611 INFO  impl.RaftServerImpl (RaftServerImpl.java:setRole(170)) - s6@group-3199313966C8: changes role from      null to FOLLOWER at term 0 for startInitializing
2019-09-24 17:08:25,611 INFO  util.JmxRegister (JmxRegister.java:tryRegister(44)) - Successfully registered JMX Bean with object name Ratis:service=RaftServer,group=group-3199313966C8,id=s6
2019-09-24 17:08:25,615 INFO  impl.RaftServerProxy (RaftServerProxy.java:lambda$start$3(299)) - s6: start RPC server
2019-09-24 17:08:25,616 INFO  impl.RaftServerImpl (RaftServerImpl.java:start(184)) - s0@group-3199313966C8: start with initializing state, conf=-1: [], old=null
2019-09-24 17:08:25,616 INFO  impl.RaftServerImpl (RaftServerImpl.java:setRole(170)) - s0@group-3199313966C8: changes role from      null to FOLLOWER at term 0 for startInitializing
2019-09-24 17:08:25,616 INFO  util.JmxRegister (JmxRegister.java:tryRegister(44)) - Successfully registered JMX Bean with object name Ratis:service=RaftServer,group=group-3199313966C8,id=s0
2019-09-24 17:08:25,619 INFO  impl.RaftServerProxy (RaftServerProxy.java:lambda$start$3(299)) - s0: start RPC server
2019-09-24 17:08:25,620 INFO  impl.RaftServerImpl (RaftServerImpl.java:start(184)) - s1@group-3199313966C8: start with initializing state, conf=-1: [], old=null
2019-09-24 17:08:25,620 INFO  impl.RaftServerImpl (RaftServerImpl.java:setRole(170)) - s1@group-3199313966C8: changes role from      null to FOLLOWER at term 0 for startInitializing
2019-09-24 17:08:25,621 INFO  util.JmxRegister (JmxRegister.java:tryRegister(44)) - Successfully registered JMX Bean with object name Ratis:service=RaftServer,group=group-3199313966C8,id=s1
2019-09-24 17:08:25,624 INFO  impl.RaftServerProxy (RaftServerProxy.java:lambda$start$3(299)) - s1: start RPC server
2019-09-24 17:08:25,625 INFO  impl.RaftServerImpl (RaftServerImpl.java:start(184)) - s2@group-3199313966C8: start with initializing state, conf=-1: [], old=null
2019-09-24 17:08:25,625 INFO  impl.RaftServerImpl (RaftServerImpl.java:setRole(170)) - s2@group-3199313966C8: changes role from      null to FOLLOWER at term 0 for startInitializing
2019-09-24 17:08:25,626 INFO  util.JmxRegister (JmxRegister.java:tryRegister(44)) - Successfully registered JMX Bean with object name Ratis:service=RaftServer,group=group-3199313966C8,id=s2
2019-09-24 17:08:25,630 INFO  impl.RaftServerProxy (RaftServerProxy.java:lambda$start$3(299)) - s2: start RPC server
2019-09-24 17:08:26,631 INFO  impl.GroupManagementBaseTest (GroupManagementBaseTest.java:runMultiGroupTest(156)) - start: printing ALL groups
  s3:  RUNNING  FOLLOWER s3@group-3199313966C8:t0, leader=null, voted=null, raftlog=s3@group-3199313966C8-SegmentedRaftLog:OPENED:c-1,f-1,i0, conf=-1: [], old=null STARTING
  s4:  RUNNING  FOLLOWER s4@group-3199313966C8:t0, leader=null, voted=null, raftlog=s4@group-3199313966C8-SegmentedRaftLog:OPENED:c-1,f-1,i0, conf=-1: [], old=null STARTING
  s5:  RUNNING  FOLLOWER s5@group-3199313966C8:t0, leader=null, voted=null, raftlog=s5@group-3199313966C8-SegmentedRaftLog:OPENED:c-1,f-1,i0, conf=-1: [], old=null STARTING
  s6:  RUNNING  FOLLOWER s6@group-3199313966C8:t0, leader=null, voted=null, raftlog=s6@group-3199313966C8-SegmentedRaftLog:OPENED:c-1,f-1,i0, conf=-1: [], old=null STARTING
  s0:  RUNNING  FOLLOWER s0@group-3199313966C8:t0, leader=null, voted=null, raftlog=s0@group-3199313966C8-SegmentedRaftLog:OPENED:c-1,f-1,i0, conf=-1: [], old=null STARTING
  s1:  RUNNING  FOLLOWER s1@group-3199313966C8:t0, leader=null, voted=null, raftlog=s1@group-3199313966C8-SegmentedRaftLog:OPENED:c-1,f-1,i0, conf=-1: [], old=null STARTING
  s2:  RUNNING  FOLLOWER s2@group-3199313966C8:t0, leader=null, voted=null, raftlog=s2@group-3199313966C8-SegmentedRaftLog:OPENED:c-1,f-1,i0, conf=-1: [], old=null STARTING
2019-09-24 17:08:26,632 INFO  impl.GroupManagementBaseTest (GroupManagementBaseTest.java:runMultiGroupTest(169)) - 0) starting group-18F258B418A8:[s0:null]
2019-09-24 17:08:26,633 DEBUG client.RaftClient (ConfUtils.java:logGet(43)) - raft.rpc.type = org.apache.ratis.server.simulation.SimulatedRpc (custom)
2019-09-24 17:08:26,633 DEBUG client.RaftClient (RaftClientImpl.java:sendRequest(275)) - client-A0259966EC50: send GroupManagementRequest:client-A0259966EC50->s0@group-18F258B418A8, cid=13, seq=0, RW, null, Add:group-18F258B418A8:[s0:null]
2019-09-24 17:08:26,634 INFO  impl.RaftServerProxy (RaftServerProxy.java:addNew(89)) - s0: addNew group-18F258B418A8:[s0:null] returns group-18F258B418A8:java.util.concurrent.CompletableFuture@461835e[Not completed]
2019-09-24 17:08:26,635 INFO  impl.RaftServerImpl (RaftServerImpl.java:<init>(95)) - s0: new RaftServerImpl for group-18F258B418A8:[s0:null] with BaseStateMachine:uninitialized
2019-09-24 17:08:26,635 INFO  server.RaftServerConfigKeys (ConfUtils.java:logGet(43)) - raft.server.rpc.timeout.min = 150ms (default)
2019-09-24 17:08:26,635 INFO  server.RaftServerConfigKeys (ConfUtils.java:logGet(43)) - raft.server.rpc.timeout.max = 300ms (default)
2019-09-24 17:08:26,635 INFO  server.RaftServerConfigKeys (ConfUtils.java:logGet(43)) - raft.server.rpcslowness.timeout = 60s (default)
2019-09-24 17:08:26,636 INFO  server.RaftServerConfigKeys (ConfUtils.java:logGet(43)) - raft.server.sleep.deviation.threshold = 300 (default)
2019-09-24 17:08:26,636 INFO  server.RaftServerConfigKeys (ConfUtils.java:logGet(43)) - raft.server.log.appender.install.snapshot.enabled = true (default)
2019-09-24 17:08:26,636 INFO  impl.RaftServerImpl (ServerState.java:<init>(103)) - s0@group-18F258B418A8: ConfigurationManager, init=-1: [s0:null], old=null, confs=<EMPTY_MAP>
2019-09-24 17:08:26,636 INFO  server.RaftServerConfigKeys (ConfUtils.java:logGet(43)) - raft.server.storage.dir = [/workdir/ratis-test/target/test/data/312143de/MiniRaftClusterWithSimulatedRpcd1e62d5/s0] (custom)
2019-09-24 17:08:26,637 INFO  server.RaftServerConfigKeys (ConfUtils.java:logGet(43)) - raft.server.log.corruption.policy = EXCEPTION (default)
2019-09-24 17:08:26,637 INFO  storage.RaftStorageDirectory (RaftStorageDirectory.java:analyzeStorage(246)) - The storage directory /workdir/ratis-test/target/test/data/312143de/MiniRaftClusterWithSimulatedRpcd1e62d5/s0/0d011760-f958-4cfd-b8d9-18f258b418a8 does not exist. Creating ...
2019-09-24 17:08:26,637 TRACE util.FileUtils (LogUtils.java:runAndLog(61)) - Successfully ran Files.createDirectories /workdir/ratis-test/target/test/data/312143de/MiniRaftClusterWithSimulatedRpcd1e62d5/s0/0d011760-f958-4cfd-b8d9-18f258b418a8
2019-09-24 17:08:28,263 INFO  storage.RaftStorageDirectory (RaftStorageDirectory.java:tryLock(328)) - Lock on /workdir/ratis-test/target/test/data/312143de/MiniRaftClusterWithSimulatedRpcd1e62d5/s0/0d011760-f958-4cfd-b8d9-18f258b418a8/in_use.lock acquired by nodename 9360@ratis-test-vphbd-3564017154
2019-09-24 17:08:28,263 TRACE util.FileUtils (LogUtils.java:runAndLog(61)) - Successfully ran Files.createDirectories /workdir/ratis-test/target/test/data/312143de/MiniRaftClusterWithSimulatedRpcd1e62d5/s0/0d011760-f958-4cfd-b8d9-18f258b418a8/current
2019-09-24 17:08:28,264 TRACE util.FileUtils (LogUtils.java:runAndLog(61)) - Successfully ran Files.createDirectories /workdir/ratis-test/target/test/data/312143de/MiniRaftClusterWithSimulatedRpcd1e62d5/s0/0d011760-f958-4cfd-b8d9-18f258b418a8/sm
2019-09-24 17:08:29,634 DEBUG client.RaftClient (RaftClientImpl.java:handleIOException(343)) - client-A0259966EC50: suggested new leader: null. Failed GroupManagementRequest:client-A0259966EC50->s0@group-18F258B418A8, cid=13, seq=0, RW, null, Add:group-18F258B418A8:[s0:null] with java.io.IOException: Timeout while waiting for reply of request GroupManagementRequest:client-A0259966EC50->s0@group-18F258B418A8, cid=13, seq=0, RW, null, Add:group-18F258B418A8:[s0:null]
2019-09-24 17:08:29,637 DEBUG client.RaftClient (RaftClientImpl.java:handleIOException(362)) - client-A0259966EC50: oldLeader=s0,  curLeader=s0, newLeader=null
]]></system-out>
  </testcase>
  <testcase name="testMultiGroup9Nodes" classname="org.apache.ratis.server.simulation.TestGroupManagementWithSimulatedRpc" time="14.376">
    <error message="Timeout while waiting for reply of request GroupManagementRequest:client-22FD9521E058-&gt;s2@group-27F859EF6650, cid=16, seq=0, RW, null, Add:group-27F859EF6650:[s3:null, s4:null, s0:null, s1:null, s2:null]" type="java.io.IOException">java.io.IOException: Timeout while waiting for reply of request GroupManagementRequest:client-22FD9521E058->s2@group-27F859EF6650, cid=16, seq=0, RW, null, Add:group-27F859EF6650:[s3:null, s4:null, s0:null, s1:null, s2:null]
</error>
    <system-out><![CDATA[2019-09-24 17:08:29,654 INFO  util.LogUtils (LogUtils.java:setLogLevel(41)) - Set org.apache.ratis.conf.ConfUtils log level to WARN
2019-09-24 17:08:29,654 INFO  util.LogUtils (LogUtils.java:setLogLevel(41)) - Set org.apache.ratis.util.FileUtils log level to TRACE
2019-09-24 17:08:29,654 INFO  util.LogUtils (LogUtils.java:setLogLevel(41)) - Set org.apache.ratis.server.impl.RaftServerProxy log level to DEBUG
2019-09-24 17:08:29,655 INFO  util.LogUtils (LogUtils.java:setLogLevel(41)) - Set org.apache.ratis.server.impl.RaftServerImpl log level to DEBUG
2019-09-24 17:08:29,655 INFO  util.LogUtils (LogUtils.java:setLogLevel(41)) - Set org.apache.ratis.client.RaftClient log level to DEBUG
| null | init | 128 |
2019-09-24 17:08:29,657 INFO  simulation.MiniRaftClusterWithSimulatedRpc (ConfUtils.java:logGet(43)) - org.apache.ratis.server.simulation.SimulatedRequestReply.simulateLatencyMs = 0 (custom)
2019-09-24 17:08:29,657 INFO  ratis.MiniRaftCluster (MiniRaftCluster.java:<init>(253)) - new MiniRaftClusterWithSimulatedRpc with group-C3ADC711F3B7:[]
2019-09-24 17:08:29,657 INFO  impl.GroupManagementBaseTest (GroupManagementBaseTest.java:runMultiGroupTest(140)) - 

runMultiGroupTest with MiniRaftClusterWithSimulatedRpc[5, 8, 9]chosen=2: printing ALL groups
2019-09-24 17:08:29,658 INFO  impl.GroupManagementBaseTest (GroupManagementBaseTest.java:runMultiGroupTest(147)) - ids: [s0, s1, s2, s3, s4, s5, s6, s7, s8]
2019-09-24 17:08:29,658 INFO  ratis.MiniRaftCluster (MiniRaftCluster.java:newRaftServer(330)) - newRaftServer: s0, group-C3ADC711F3B7:[], format? true
2019-09-24 17:08:29,658 TRACE util.FileUtils (FileUtils.java:deleteFully(88)) - deleteFully target/test/data/312143de/MiniRaftClusterWithSimulatedRpc129b1caf/s0
2019-09-24 17:08:29,659 TRACE util.FileUtils (FileUtils.java:deleteFully(104)) - deleteFully: target/test/data/312143de/MiniRaftClusterWithSimulatedRpc129b1caf/s0 does not exist.
2019-09-24 17:08:29,659 INFO  ratis.MiniRaftCluster (MiniRaftCluster.java:newRaftServer(335)) - Formatted directory target/test/data/312143de/MiniRaftClusterWithSimulatedRpc129b1caf/s0
2019-09-24 17:08:29,659 DEBUG impl.RaftServerProxy (ServerImplUtils.java:newRaftServer(39)) - newRaftServer: s0, group-C3ADC711F3B7:[]
2019-09-24 17:08:29,660 INFO  impl.RaftServerProxy (ConfUtils.java:logGet(43)) - raft.rpc.type = org.apache.ratis.server.simulation.SimulatedRpc (custom)
2019-09-24 17:08:29,660 INFO  server.RaftServerConfigKeys (ConfUtils.java:logGet(43)) - raft.server.storage.dir = [/workdir/ratis-test/target/test/data/312143de/MiniRaftClusterWithSimulatedRpc129b1caf/s0] (custom)
2019-09-24 17:08:29,661 INFO  impl.RaftServerProxy (RaftServerProxy.java:addNew(89)) - s0: addNew group-C3ADC711F3B7:[] returns group-C3ADC711F3B7:java.util.concurrent.CompletableFuture@2997f1[Not completed]
2019-09-24 17:08:29,661 INFO  impl.RaftServerImpl (RaftServerImpl.java:<init>(95)) - s0: new RaftServerImpl for group-C3ADC711F3B7:[] with BaseStateMachine:uninitialized
2019-09-24 17:08:29,661 INFO  ratis.MiniRaftCluster (MiniRaftCluster.java:newRaftServer(330)) - newRaftServer: s1, group-C3ADC711F3B7:[], format? true
2019-09-24 17:08:29,662 TRACE util.FileUtils (FileUtils.java:deleteFully(88)) - deleteFully target/test/data/312143de/MiniRaftClusterWithSimulatedRpc129b1caf/s1
2019-09-24 17:08:29,662 INFO  server.RaftServerConfigKeys (ConfUtils.java:logGet(43)) - raft.server.rpc.timeout.min = 150ms (default)
2019-09-24 17:08:29,663 TRACE util.FileUtils (FileUtils.java:deleteFully(104)) - deleteFully: target/test/data/312143de/MiniRaftClusterWithSimulatedRpc129b1caf/s1 does not exist.
2019-09-24 17:08:29,663 INFO  server.RaftServerConfigKeys (ConfUtils.java:logGet(43)) - raft.server.rpc.timeout.max = 300ms (default)
2019-09-24 17:08:29,663 INFO  ratis.MiniRaftCluster (MiniRaftCluster.java:newRaftServer(335)) - Formatted directory target/test/data/312143de/MiniRaftClusterWithSimulatedRpc129b1caf/s1
2019-09-24 17:08:29,663 INFO  server.RaftServerConfigKeys (ConfUtils.java:logGet(43)) - raft.server.rpcslowness.timeout = 60s (default)
2019-09-24 17:08:29,664 DEBUG impl.RaftServerProxy (ServerImplUtils.java:newRaftServer(39)) - newRaftServer: s1, group-C3ADC711F3B7:[]
2019-09-24 17:08:29,664 INFO  server.RaftServerConfigKeys (ConfUtils.java:logGet(43)) - raft.server.sleep.deviation.threshold = 300 (default)
2019-09-24 17:08:29,664 INFO  impl.RaftServerProxy (ConfUtils.java:logGet(43)) - raft.rpc.type = org.apache.ratis.server.simulation.SimulatedRpc (custom)
2019-09-24 17:08:29,664 INFO  server.RaftServerConfigKeys (ConfUtils.java:logGet(43)) - raft.server.log.appender.install.snapshot.enabled = true (default)
2019-09-24 17:08:29,665 INFO  impl.RaftServerImpl (ServerState.java:<init>(103)) - s0@group-C3ADC711F3B7: ConfigurationManager, init=-1: [], old=null, confs=<EMPTY_MAP>
2019-09-24 17:08:29,665 INFO  server.RaftServerConfigKeys (ConfUtils.java:logGet(43)) - raft.server.storage.dir = [/workdir/ratis-test/target/test/data/312143de/MiniRaftClusterWithSimulatedRpc129b1caf/s1] (custom)
2019-09-24 17:08:29,665 INFO  server.RaftServerConfigKeys (ConfUtils.java:logGet(43)) - raft.server.storage.dir = [/workdir/ratis-test/target/test/data/312143de/MiniRaftClusterWithSimulatedRpc129b1caf/s0] (custom)
2019-09-24 17:08:29,665 INFO  impl.RaftServerProxy (RaftServerProxy.java:addNew(89)) - s1: addNew group-C3ADC711F3B7:[] returns group-C3ADC711F3B7:java.util.concurrent.CompletableFuture@2cdcf4cb[Not completed]
2019-09-24 17:08:29,665 INFO  impl.RaftServerImpl (RaftServerImpl.java:<init>(95)) - s1: new RaftServerImpl for group-C3ADC711F3B7:[] with BaseStateMachine:uninitialized
2019-09-24 17:08:29,665 INFO  server.RaftServerConfigKeys (ConfUtils.java:logGet(43)) - raft.server.log.corruption.policy = EXCEPTION (default)
2019-09-24 17:08:29,666 INFO  server.RaftServerConfigKeys (ConfUtils.java:logGet(43)) - raft.server.rpc.timeout.min = 150ms (default)
2019-09-24 17:08:29,666 INFO  ratis.MiniRaftCluster (MiniRaftCluster.java:newRaftServer(330)) - newRaftServer: s2, group-C3ADC711F3B7:[], format? true
2019-09-24 17:08:29,667 INFO  storage.RaftStorageDirectory (RaftStorageDirectory.java:analyzeStorage(246)) - The storage directory /workdir/ratis-test/target/test/data/312143de/MiniRaftClusterWithSimulatedRpc129b1caf/s0/65574aca-6899-4903-b187-c3adc711f3b7 does not exist. Creating ...
2019-09-24 17:08:29,667 INFO  server.RaftServerConfigKeys (ConfUtils.java:logGet(43)) - raft.server.rpc.timeout.max = 300ms (default)
2019-09-24 17:08:29,667 TRACE util.FileUtils (FileUtils.java:deleteFully(88)) - deleteFully target/test/data/312143de/MiniRaftClusterWithSimulatedRpc129b1caf/s2
2019-09-24 17:08:29,667 INFO  server.RaftServerConfigKeys (ConfUtils.java:logGet(43)) - raft.server.rpcslowness.timeout = 60s (default)
2019-09-24 17:08:29,667 TRACE util.FileUtils (FileUtils.java:deleteFully(104)) - deleteFully: target/test/data/312143de/MiniRaftClusterWithSimulatedRpc129b1caf/s2 does not exist.
2019-09-24 17:08:29,668 INFO  server.RaftServerConfigKeys (ConfUtils.java:logGet(43)) - raft.server.sleep.deviation.threshold = 300 (default)
2019-09-24 17:08:29,668 INFO  ratis.MiniRaftCluster (MiniRaftCluster.java:newRaftServer(335)) - Formatted directory target/test/data/312143de/MiniRaftClusterWithSimulatedRpc129b1caf/s2
2019-09-24 17:08:29,668 TRACE util.FileUtils (LogUtils.java:runAndLog(61)) - Successfully ran Files.createDirectories /workdir/ratis-test/target/test/data/312143de/MiniRaftClusterWithSimulatedRpc129b1caf/s0/65574aca-6899-4903-b187-c3adc711f3b7
2019-09-24 17:08:29,668 DEBUG impl.RaftServerProxy (ServerImplUtils.java:newRaftServer(39)) - newRaftServer: s2, group-C3ADC711F3B7:[]
2019-09-24 17:08:29,668 INFO  server.RaftServerConfigKeys (ConfUtils.java:logGet(43)) - raft.server.log.appender.install.snapshot.enabled = true (default)
2019-09-24 17:08:29,669 INFO  impl.RaftServerProxy (ConfUtils.java:logGet(43)) - raft.rpc.type = org.apache.ratis.server.simulation.SimulatedRpc (custom)
2019-09-24 17:08:29,669 INFO  impl.RaftServerImpl (ServerState.java:<init>(103)) - s1@group-C3ADC711F3B7: ConfigurationManager, init=-1: [], old=null, confs=<EMPTY_MAP>
2019-09-24 17:08:29,669 INFO  server.RaftServerConfigKeys (ConfUtils.java:logGet(43)) - raft.server.storage.dir = [/workdir/ratis-test/target/test/data/312143de/MiniRaftClusterWithSimulatedRpc129b1caf/s1] (custom)
2019-09-24 17:08:29,669 INFO  server.RaftServerConfigKeys (ConfUtils.java:logGet(43)) - raft.server.storage.dir = [/workdir/ratis-test/target/test/data/312143de/MiniRaftClusterWithSimulatedRpc129b1caf/s2] (custom)
2019-09-24 17:08:29,670 INFO  server.RaftServerConfigKeys (ConfUtils.java:logGet(43)) - raft.server.log.corruption.policy = EXCEPTION (default)
2019-09-24 17:08:29,670 INFO  impl.RaftServerProxy (RaftServerProxy.java:addNew(89)) - s2: addNew group-C3ADC711F3B7:[] returns group-C3ADC711F3B7:java.util.concurrent.CompletableFuture@7ce9f03e[Not completed]
2019-09-24 17:08:29,670 INFO  impl.RaftServerImpl (RaftServerImpl.java:<init>(95)) - s2: new RaftServerImpl for group-C3ADC711F3B7:[] with BaseStateMachine:uninitialized
2019-09-24 17:08:29,670 INFO  storage.RaftStorageDirectory (RaftStorageDirectory.java:analyzeStorage(246)) - The storage directory /workdir/ratis-test/target/test/data/312143de/MiniRaftClusterWithSimulatedRpc129b1caf/s1/65574aca-6899-4903-b187-c3adc711f3b7 does not exist. Creating ...
2019-09-24 17:08:29,671 INFO  server.RaftServerConfigKeys (ConfUtils.java:logGet(43)) - raft.server.rpc.timeout.min = 150ms (default)
2019-09-24 17:08:29,670 INFO  ratis.MiniRaftCluster (MiniRaftCluster.java:newRaftServer(330)) - newRaftServer: s3, group-C3ADC711F3B7:[], format? true
2019-09-24 17:08:29,671 INFO  server.RaftServerConfigKeys (ConfUtils.java:logGet(43)) - raft.server.rpc.timeout.max = 300ms (default)
2019-09-24 17:08:29,672 TRACE util.FileUtils (FileUtils.java:deleteFully(88)) - deleteFully target/test/data/312143de/MiniRaftClusterWithSimulatedRpc129b1caf/s3
2019-09-24 17:08:29,672 TRACE util.FileUtils (LogUtils.java:runAndLog(61)) - Successfully ran Files.createDirectories /workdir/ratis-test/target/test/data/312143de/MiniRaftClusterWithSimulatedRpc129b1caf/s1/65574aca-6899-4903-b187-c3adc711f3b7
2019-09-24 17:08:29,672 INFO  server.RaftServerConfigKeys (ConfUtils.java:logGet(43)) - raft.server.rpcslowness.timeout = 60s (default)
2019-09-24 17:08:29,672 TRACE util.FileUtils (FileUtils.java:deleteFully(104)) - deleteFully: target/test/data/312143de/MiniRaftClusterWithSimulatedRpc129b1caf/s3 does not exist.
2019-09-24 17:08:29,672 INFO  server.RaftServerConfigKeys (ConfUtils.java:logGet(43)) - raft.server.sleep.deviation.threshold = 300 (default)
2019-09-24 17:08:29,672 INFO  ratis.MiniRaftCluster (MiniRaftCluster.java:newRaftServer(335)) - Formatted directory target/test/data/312143de/MiniRaftClusterWithSimulatedRpc129b1caf/s3
2019-09-24 17:08:29,673 INFO  server.RaftServerConfigKeys (ConfUtils.java:logGet(43)) - raft.server.log.appender.install.snapshot.enabled = true (default)
2019-09-24 17:08:29,673 DEBUG impl.RaftServerProxy (ServerImplUtils.java:newRaftServer(39)) - newRaftServer: s3, group-C3ADC711F3B7:[]
2019-09-24 17:08:29,673 INFO  impl.RaftServerImpl (ServerState.java:<init>(103)) - s2@group-C3ADC711F3B7: ConfigurationManager, init=-1: [], old=null, confs=<EMPTY_MAP>
2019-09-24 17:08:29,673 INFO  impl.RaftServerProxy (ConfUtils.java:logGet(43)) - raft.rpc.type = org.apache.ratis.server.simulation.SimulatedRpc (custom)
2019-09-24 17:08:29,673 INFO  server.RaftServerConfigKeys (ConfUtils.java:logGet(43)) - raft.server.storage.dir = [/workdir/ratis-test/target/test/data/312143de/MiniRaftClusterWithSimulatedRpc129b1caf/s2] (custom)
2019-09-24 17:08:29,674 INFO  server.RaftServerConfigKeys (ConfUtils.java:logGet(43)) - raft.server.log.corruption.policy = EXCEPTION (default)
2019-09-24 17:08:29,674 INFO  server.RaftServerConfigKeys (ConfUtils.java:logGet(43)) - raft.server.storage.dir = [/workdir/ratis-test/target/test/data/312143de/MiniRaftClusterWithSimulatedRpc129b1caf/s3] (custom)
2019-09-24 17:08:29,674 INFO  storage.RaftStorageDirectory (RaftStorageDirectory.java:analyzeStorage(246)) - The storage directory /workdir/ratis-test/target/test/data/312143de/MiniRaftClusterWithSimulatedRpc129b1caf/s2/65574aca-6899-4903-b187-c3adc711f3b7 does not exist. Creating ...
2019-09-24 17:08:29,675 INFO  impl.RaftServerProxy (RaftServerProxy.java:addNew(89)) - s3: addNew group-C3ADC711F3B7:[] returns group-C3ADC711F3B7:java.util.concurrent.CompletableFuture@485c52ee[Not completed]
2019-09-24 17:08:29,675 INFO  impl.RaftServerImpl (RaftServerImpl.java:<init>(95)) - s3: new RaftServerImpl for group-C3ADC711F3B7:[] with BaseStateMachine:uninitialized
2019-09-24 17:08:29,675 TRACE util.FileUtils (LogUtils.java:runAndLog(61)) - Successfully ran Files.createDirectories /workdir/ratis-test/target/test/data/312143de/MiniRaftClusterWithSimulatedRpc129b1caf/s2/65574aca-6899-4903-b187-c3adc711f3b7
2019-09-24 17:08:29,675 INFO  ratis.MiniRaftCluster (MiniRaftCluster.java:newRaftServer(330)) - newRaftServer: s4, group-C3ADC711F3B7:[], format? true
2019-09-24 17:08:29,676 INFO  server.RaftServerConfigKeys (ConfUtils.java:logGet(43)) - raft.server.rpc.timeout.min = 150ms (default)
2019-09-24 17:08:29,676 TRACE util.FileUtils (FileUtils.java:deleteFully(88)) - deleteFully target/test/data/312143de/MiniRaftClusterWithSimulatedRpc129b1caf/s4
2019-09-24 17:08:29,676 INFO  server.RaftServerConfigKeys (ConfUtils.java:logGet(43)) - raft.server.rpc.timeout.max = 300ms (default)
2019-09-24 17:08:29,676 TRACE util.FileUtils (FileUtils.java:deleteFully(104)) - deleteFully: target/test/data/312143de/MiniRaftClusterWithSimulatedRpc129b1caf/s4 does not exist.
2019-09-24 17:08:29,676 INFO  ratis.MiniRaftCluster (MiniRaftCluster.java:newRaftServer(335)) - Formatted directory target/test/data/312143de/MiniRaftClusterWithSimulatedRpc129b1caf/s4
2019-09-24 17:08:29,676 INFO  server.RaftServerConfigKeys (ConfUtils.java:logGet(43)) - raft.server.rpcslowness.timeout = 60s (default)
2019-09-24 17:08:29,677 DEBUG impl.RaftServerProxy (ServerImplUtils.java:newRaftServer(39)) - newRaftServer: s4, group-C3ADC711F3B7:[]
2019-09-24 17:08:29,677 INFO  server.RaftServerConfigKeys (ConfUtils.java:logGet(43)) - raft.server.sleep.deviation.threshold = 300 (default)
2019-09-24 17:08:29,677 INFO  impl.RaftServerProxy (ConfUtils.java:logGet(43)) - raft.rpc.type = org.apache.ratis.server.simulation.SimulatedRpc (custom)
2019-09-24 17:08:29,677 INFO  server.RaftServerConfigKeys (ConfUtils.java:logGet(43)) - raft.server.log.appender.install.snapshot.enabled = true (default)
2019-09-24 17:08:29,678 INFO  impl.RaftServerImpl (ServerState.java:<init>(103)) - s3@group-C3ADC711F3B7: ConfigurationManager, init=-1: [], old=null, confs=<EMPTY_MAP>
2019-09-24 17:08:29,678 INFO  server.RaftServerConfigKeys (ConfUtils.java:logGet(43)) - raft.server.storage.dir = [/workdir/ratis-test/target/test/data/312143de/MiniRaftClusterWithSimulatedRpc129b1caf/s4] (custom)
2019-09-24 17:08:29,678 INFO  server.RaftServerConfigKeys (ConfUtils.java:logGet(43)) - raft.server.storage.dir = [/workdir/ratis-test/target/test/data/312143de/MiniRaftClusterWithSimulatedRpc129b1caf/s3] (custom)
2019-09-24 17:08:29,678 INFO  impl.RaftServerProxy (RaftServerProxy.java:addNew(89)) - s4: addNew group-C3ADC711F3B7:[] returns group-C3ADC711F3B7:java.util.concurrent.CompletableFuture@2e2ce6ef[Not completed]
2019-09-24 17:08:29,678 INFO  impl.RaftServerImpl (RaftServerImpl.java:<init>(95)) - s4: new RaftServerImpl for group-C3ADC711F3B7:[] with BaseStateMachine:uninitialized
2019-09-24 17:08:29,678 INFO  server.RaftServerConfigKeys (ConfUtils.java:logGet(43)) - raft.server.log.corruption.policy = EXCEPTION (default)
2019-09-24 17:08:29,679 INFO  server.RaftServerConfigKeys (ConfUtils.java:logGet(43)) - raft.server.rpc.timeout.min = 150ms (default)
2019-09-24 17:08:29,678 INFO  ratis.MiniRaftCluster (MiniRaftCluster.java:newRaftServer(330)) - newRaftServer: s5, group-C3ADC711F3B7:[], format? true
2019-09-24 17:08:29,679 INFO  server.RaftServerConfigKeys (ConfUtils.java:logGet(43)) - raft.server.rpc.timeout.max = 300ms (default)
2019-09-24 17:08:29,679 INFO  storage.RaftStorageDirectory (RaftStorageDirectory.java:analyzeStorage(246)) - The storage directory /workdir/ratis-test/target/test/data/312143de/MiniRaftClusterWithSimulatedRpc129b1caf/s3/65574aca-6899-4903-b187-c3adc711f3b7 does not exist. Creating ...
2019-09-24 17:08:29,680 INFO  server.RaftServerConfigKeys (ConfUtils.java:logGet(43)) - raft.server.rpcslowness.timeout = 60s (default)
2019-09-24 17:08:29,680 TRACE util.FileUtils (FileUtils.java:deleteFully(88)) - deleteFully target/test/data/312143de/MiniRaftClusterWithSimulatedRpc129b1caf/s5
2019-09-24 17:08:29,680 INFO  server.RaftServerConfigKeys (ConfUtils.java:logGet(43)) - raft.server.sleep.deviation.threshold = 300 (default)
2019-09-24 17:08:29,680 INFO  server.RaftServerConfigKeys (ConfUtils.java:logGet(43)) - raft.server.log.appender.install.snapshot.enabled = true (default)
2019-09-24 17:08:29,680 TRACE util.FileUtils (LogUtils.java:runAndLog(61)) - Successfully ran Files.createDirectories /workdir/ratis-test/target/test/data/312143de/MiniRaftClusterWithSimulatedRpc129b1caf/s3/65574aca-6899-4903-b187-c3adc711f3b7
2019-09-24 17:08:29,680 TRACE util.FileUtils (FileUtils.java:deleteFully(104)) - deleteFully: target/test/data/312143de/MiniRaftClusterWithSimulatedRpc129b1caf/s5 does not exist.
2019-09-24 17:08:29,681 INFO  ratis.MiniRaftCluster (MiniRaftCluster.java:newRaftServer(335)) - Formatted directory target/test/data/312143de/MiniRaftClusterWithSimulatedRpc129b1caf/s5
2019-09-24 17:08:29,681 INFO  impl.RaftServerImpl (ServerState.java:<init>(103)) - s4@group-C3ADC711F3B7: ConfigurationManager, init=-1: [], old=null, confs=<EMPTY_MAP>
2019-09-24 17:08:29,681 DEBUG impl.RaftServerProxy (ServerImplUtils.java:newRaftServer(39)) - newRaftServer: s5, group-C3ADC711F3B7:[]
2019-09-24 17:08:29,681 INFO  server.RaftServerConfigKeys (ConfUtils.java:logGet(43)) - raft.server.storage.dir = [/workdir/ratis-test/target/test/data/312143de/MiniRaftClusterWithSimulatedRpc129b1caf/s4] (custom)
2019-09-24 17:08:29,681 INFO  impl.RaftServerProxy (ConfUtils.java:logGet(43)) - raft.rpc.type = org.apache.ratis.server.simulation.SimulatedRpc (custom)
2019-09-24 17:08:29,682 INFO  server.RaftServerConfigKeys (ConfUtils.java:logGet(43)) - raft.server.log.corruption.policy = EXCEPTION (default)
2019-09-24 17:08:29,682 INFO  storage.RaftStorageDirectory (RaftStorageDirectory.java:analyzeStorage(246)) - The storage directory /workdir/ratis-test/target/test/data/312143de/MiniRaftClusterWithSimulatedRpc129b1caf/s4/65574aca-6899-4903-b187-c3adc711f3b7 does not exist. Creating ...
2019-09-24 17:08:29,682 INFO  server.RaftServerConfigKeys (ConfUtils.java:logGet(43)) - raft.server.storage.dir = [/workdir/ratis-test/target/test/data/312143de/MiniRaftClusterWithSimulatedRpc129b1caf/s5] (custom)
2019-09-24 17:08:29,683 TRACE util.FileUtils (LogUtils.java:runAndLog(61)) - Successfully ran Files.createDirectories /workdir/ratis-test/target/test/data/312143de/MiniRaftClusterWithSimulatedRpc129b1caf/s4/65574aca-6899-4903-b187-c3adc711f3b7
2019-09-24 17:08:29,683 INFO  impl.RaftServerProxy (RaftServerProxy.java:addNew(89)) - s5: addNew group-C3ADC711F3B7:[] returns group-C3ADC711F3B7:java.util.concurrent.CompletableFuture@72de9f68[Not completed]
2019-09-24 17:08:29,683 INFO  impl.RaftServerImpl (RaftServerImpl.java:<init>(95)) - s5: new RaftServerImpl for group-C3ADC711F3B7:[] with BaseStateMachine:uninitialized
2019-09-24 17:08:29,683 INFO  ratis.MiniRaftCluster (MiniRaftCluster.java:newRaftServer(330)) - newRaftServer: s6, group-C3ADC711F3B7:[], format? true
2019-09-24 17:08:29,684 INFO  server.RaftServerConfigKeys (ConfUtils.java:logGet(43)) - raft.server.rpc.timeout.min = 150ms (default)
2019-09-24 17:08:29,684 TRACE util.FileUtils (FileUtils.java:deleteFully(88)) - deleteFully target/test/data/312143de/MiniRaftClusterWithSimulatedRpc129b1caf/s6
2019-09-24 17:08:29,684 INFO  server.RaftServerConfigKeys (ConfUtils.java:logGet(43)) - raft.server.rpc.timeout.max = 300ms (default)
2019-09-24 17:08:29,684 TRACE util.FileUtils (FileUtils.java:deleteFully(104)) - deleteFully: target/test/data/312143de/MiniRaftClusterWithSimulatedRpc129b1caf/s6 does not exist.
2019-09-24 17:08:29,685 INFO  ratis.MiniRaftCluster (MiniRaftCluster.java:newRaftServer(335)) - Formatted directory target/test/data/312143de/MiniRaftClusterWithSimulatedRpc129b1caf/s6
2019-09-24 17:08:29,684 INFO  server.RaftServerConfigKeys (ConfUtils.java:logGet(43)) - raft.server.rpcslowness.timeout = 60s (default)
2019-09-24 17:08:29,685 DEBUG impl.RaftServerProxy (ServerImplUtils.java:newRaftServer(39)) - newRaftServer: s6, group-C3ADC711F3B7:[]
2019-09-24 17:08:29,685 INFO  server.RaftServerConfigKeys (ConfUtils.java:logGet(43)) - raft.server.sleep.deviation.threshold = 300 (default)
2019-09-24 17:08:29,685 INFO  impl.RaftServerProxy (ConfUtils.java:logGet(43)) - raft.rpc.type = org.apache.ratis.server.simulation.SimulatedRpc (custom)
2019-09-24 17:08:29,685 INFO  server.RaftServerConfigKeys (ConfUtils.java:logGet(43)) - raft.server.log.appender.install.snapshot.enabled = true (default)
2019-09-24 17:08:29,686 INFO  impl.RaftServerImpl (ServerState.java:<init>(103)) - s5@group-C3ADC711F3B7: ConfigurationManager, init=-1: [], old=null, confs=<EMPTY_MAP>
2019-09-24 17:08:29,686 INFO  server.RaftServerConfigKeys (ConfUtils.java:logGet(43)) - raft.server.storage.dir = [/workdir/ratis-test/target/test/data/312143de/MiniRaftClusterWithSimulatedRpc129b1caf/s6] (custom)
2019-09-24 17:08:29,686 INFO  server.RaftServerConfigKeys (ConfUtils.java:logGet(43)) - raft.server.storage.dir = [/workdir/ratis-test/target/test/data/312143de/MiniRaftClusterWithSimulatedRpc129b1caf/s5] (custom)
2019-09-24 17:08:29,686 INFO  impl.RaftServerProxy (RaftServerProxy.java:addNew(89)) - s6: addNew group-C3ADC711F3B7:[] returns group-C3ADC711F3B7:java.util.concurrent.CompletableFuture@265f6d5f[Not completed]
2019-09-24 17:08:29,686 INFO  impl.RaftServerImpl (RaftServerImpl.java:<init>(95)) - s6: new RaftServerImpl for group-C3ADC711F3B7:[] with BaseStateMachine:uninitialized
2019-09-24 17:08:29,686 INFO  server.RaftServerConfigKeys (ConfUtils.java:logGet(43)) - raft.server.log.corruption.policy = EXCEPTION (default)
2019-09-24 17:08:29,687 INFO  server.RaftServerConfigKeys (ConfUtils.java:logGet(43)) - raft.server.rpc.timeout.min = 150ms (default)
2019-09-24 17:08:29,686 INFO  ratis.MiniRaftCluster (MiniRaftCluster.java:newRaftServer(330)) - newRaftServer: s7, group-C3ADC711F3B7:[], format? true
2019-09-24 17:08:29,688 INFO  server.RaftServerConfigKeys (ConfUtils.java:logGet(43)) - raft.server.rpc.timeout.max = 300ms (default)
2019-09-24 17:08:29,687 INFO  storage.RaftStorageDirectory (RaftStorageDirectory.java:analyzeStorage(246)) - The storage directory /workdir/ratis-test/target/test/data/312143de/MiniRaftClusterWithSimulatedRpc129b1caf/s5/65574aca-6899-4903-b187-c3adc711f3b7 does not exist. Creating ...
2019-09-24 17:08:29,688 INFO  server.RaftServerConfigKeys (ConfUtils.java:logGet(43)) - raft.server.rpcslowness.timeout = 60s (default)
2019-09-24 17:08:29,688 TRACE util.FileUtils (FileUtils.java:deleteFully(88)) - deleteFully target/test/data/312143de/MiniRaftClusterWithSimulatedRpc129b1caf/s7
2019-09-24 17:08:29,688 INFO  server.RaftServerConfigKeys (ConfUtils.java:logGet(43)) - raft.server.sleep.deviation.threshold = 300 (default)
2019-09-24 17:08:29,689 TRACE util.FileUtils (FileUtils.java:deleteFully(104)) - deleteFully: target/test/data/312143de/MiniRaftClusterWithSimulatedRpc129b1caf/s7 does not exist.
2019-09-24 17:08:29,689 INFO  ratis.MiniRaftCluster (MiniRaftCluster.java:newRaftServer(335)) - Formatted directory target/test/data/312143de/MiniRaftClusterWithSimulatedRpc129b1caf/s7
2019-09-24 17:08:29,689 INFO  server.RaftServerConfigKeys (ConfUtils.java:logGet(43)) - raft.server.log.appender.install.snapshot.enabled = true (default)
2019-09-24 17:08:29,689 TRACE util.FileUtils (LogUtils.java:runAndLog(61)) - Successfully ran Files.createDirectories /workdir/ratis-test/target/test/data/312143de/MiniRaftClusterWithSimulatedRpc129b1caf/s5/65574aca-6899-4903-b187-c3adc711f3b7
2019-09-24 17:08:29,689 INFO  impl.RaftServerImpl (ServerState.java:<init>(103)) - s6@group-C3ADC711F3B7: ConfigurationManager, init=-1: [], old=null, confs=<EMPTY_MAP>
2019-09-24 17:08:29,689 DEBUG impl.RaftServerProxy (ServerImplUtils.java:newRaftServer(39)) - newRaftServer: s7, group-C3ADC711F3B7:[]
2019-09-24 17:08:29,689 INFO  server.RaftServerConfigKeys (ConfUtils.java:logGet(43)) - raft.server.storage.dir = [/workdir/ratis-test/target/test/data/312143de/MiniRaftClusterWithSimulatedRpc129b1caf/s6] (custom)
2019-09-24 17:08:29,690 INFO  impl.RaftServerProxy (ConfUtils.java:logGet(43)) - raft.rpc.type = org.apache.ratis.server.simulation.SimulatedRpc (custom)
2019-09-24 17:08:29,690 INFO  server.RaftServerConfigKeys (ConfUtils.java:logGet(43)) - raft.server.log.corruption.policy = EXCEPTION (default)
2019-09-24 17:08:29,690 INFO  storage.RaftStorageDirectory (RaftStorageDirectory.java:analyzeStorage(246)) - The storage directory /workdir/ratis-test/target/test/data/312143de/MiniRaftClusterWithSimulatedRpc129b1caf/s6/65574aca-6899-4903-b187-c3adc711f3b7 does not exist. Creating ...
2019-09-24 17:08:29,690 INFO  server.RaftServerConfigKeys (ConfUtils.java:logGet(43)) - raft.server.storage.dir = [/workdir/ratis-test/target/test/data/312143de/MiniRaftClusterWithSimulatedRpc129b1caf/s7] (custom)
2019-09-24 17:08:29,691 TRACE util.FileUtils (LogUtils.java:runAndLog(61)) - Successfully ran Files.createDirectories /workdir/ratis-test/target/test/data/312143de/MiniRaftClusterWithSimulatedRpc129b1caf/s6/65574aca-6899-4903-b187-c3adc711f3b7
2019-09-24 17:08:29,691 INFO  impl.RaftServerProxy (RaftServerProxy.java:addNew(89)) - s7: addNew group-C3ADC711F3B7:[] returns group-C3ADC711F3B7:java.util.concurrent.CompletableFuture@79ee9c2f[Not completed]
2019-09-24 17:08:29,691 INFO  impl.RaftServerImpl (RaftServerImpl.java:<init>(95)) - s7: new RaftServerImpl for group-C3ADC711F3B7:[] with BaseStateMachine:uninitialized
2019-09-24 17:08:29,691 INFO  ratis.MiniRaftCluster (MiniRaftCluster.java:newRaftServer(330)) - newRaftServer: s8, group-C3ADC711F3B7:[], format? true
2019-09-24 17:08:29,693 INFO  server.RaftServerConfigKeys (ConfUtils.java:logGet(43)) - raft.server.rpc.timeout.min = 150ms (default)
2019-09-24 17:08:29,693 TRACE util.FileUtils (FileUtils.java:deleteFully(88)) - deleteFully target/test/data/312143de/MiniRaftClusterWithSimulatedRpc129b1caf/s8
2019-09-24 17:08:29,693 INFO  server.RaftServerConfigKeys (ConfUtils.java:logGet(43)) - raft.server.rpc.timeout.max = 300ms (default)
2019-09-24 17:08:29,693 TRACE util.FileUtils (FileUtils.java:deleteFully(104)) - deleteFully: target/test/data/312143de/MiniRaftClusterWithSimulatedRpc129b1caf/s8 does not exist.
2019-09-24 17:08:29,693 INFO  server.RaftServerConfigKeys (ConfUtils.java:logGet(43)) - raft.server.rpcslowness.timeout = 60s (default)
2019-09-24 17:08:29,694 INFO  ratis.MiniRaftCluster (MiniRaftCluster.java:newRaftServer(335)) - Formatted directory target/test/data/312143de/MiniRaftClusterWithSimulatedRpc129b1caf/s8
2019-09-24 17:08:29,694 INFO  server.RaftServerConfigKeys (ConfUtils.java:logGet(43)) - raft.server.sleep.deviation.threshold = 300 (default)
2019-09-24 17:08:29,694 DEBUG impl.RaftServerProxy (ServerImplUtils.java:newRaftServer(39)) - newRaftServer: s8, group-C3ADC711F3B7:[]
2019-09-24 17:08:29,694 INFO  server.RaftServerConfigKeys (ConfUtils.java:logGet(43)) - raft.server.log.appender.install.snapshot.enabled = true (default)
2019-09-24 17:08:29,694 INFO  impl.RaftServerProxy (ConfUtils.java:logGet(43)) - raft.rpc.type = org.apache.ratis.server.simulation.SimulatedRpc (custom)
2019-09-24 17:08:29,694 INFO  impl.RaftServerImpl (ServerState.java:<init>(103)) - s7@group-C3ADC711F3B7: ConfigurationManager, init=-1: [], old=null, confs=<EMPTY_MAP>
2019-09-24 17:08:29,695 INFO  server.RaftServerConfigKeys (ConfUtils.java:logGet(43)) - raft.server.storage.dir = [/workdir/ratis-test/target/test/data/312143de/MiniRaftClusterWithSimulatedRpc129b1caf/s8] (custom)
2019-09-24 17:08:29,695 INFO  server.RaftServerConfigKeys (ConfUtils.java:logGet(43)) - raft.server.storage.dir = [/workdir/ratis-test/target/test/data/312143de/MiniRaftClusterWithSimulatedRpc129b1caf/s7] (custom)
2019-09-24 17:08:29,695 INFO  impl.RaftServerProxy (RaftServerProxy.java:addNew(89)) - s8: addNew group-C3ADC711F3B7:[] returns group-C3ADC711F3B7:java.util.concurrent.CompletableFuture@52f75a63[Not completed]
2019-09-24 17:08:29,696 INFO  impl.RaftServerImpl (RaftServerImpl.java:<init>(95)) - s8: new RaftServerImpl for group-C3ADC711F3B7:[] with BaseStateMachine:uninitialized
2019-09-24 17:08:29,696 INFO  server.RaftServerConfigKeys (ConfUtils.java:logGet(43)) - raft.server.log.corruption.policy = EXCEPTION (default)
2019-09-24 17:08:29,696 INFO  impl.GroupManagementBaseTest (GroupManagementBaseTest.java:runMultiGroupTest(149)) - putNewServer: printing ALL groups
  s3:      NEW group-C3ADC711F3B7:java.util.concurrent.CompletableFuture@485c52ee[Not completed]
  s4:      NEW group-C3ADC711F3B7:java.util.concurrent.CompletableFuture@2e2ce6ef[Not completed]
  s5:      NEW group-C3ADC711F3B7:java.util.concurrent.CompletableFuture@72de9f68[Not completed]
  s6:      NEW group-C3ADC711F3B7:java.util.concurrent.CompletableFuture@265f6d5f[Not completed]
  s7:      NEW group-C3ADC711F3B7:java.util.concurrent.CompletableFuture@79ee9c2f[Not completed]
  s8:      NEW group-C3ADC711F3B7:java.util.concurrent.CompletableFuture@52f75a63[Not completed]
  s0:      NEW group-C3ADC711F3B7:java.util.concurrent.CompletableFuture@2997f1[Not completed]
  s1:      NEW group-C3ADC711F3B7:java.util.concurrent.CompletableFuture@2cdcf4cb[Not completed]
  s2:      NEW group-C3ADC711F3B7:java.util.concurrent.CompletableFuture@7ce9f03e[Not completed]
2019-09-24 17:08:29,696 INFO  server.RaftServerConfigKeys (ConfUtils.java:logGet(43)) - raft.server.rpc.timeout.min = 150ms (default)
2019-09-24 17:08:29,697 INFO  storage.RaftStorageDirectory (RaftStorageDirectory.java:analyzeStorage(246)) - The storage directory /workdir/ratis-test/target/test/data/312143de/MiniRaftClusterWithSimulatedRpc129b1caf/s7/65574aca-6899-4903-b187-c3adc711f3b7 does not exist. Creating ...
2019-09-24 17:08:29,697 INFO  server.RaftServerConfigKeys (ConfUtils.java:logGet(43)) - raft.server.rpc.timeout.max = 300ms (default)
2019-09-24 17:08:29,698 INFO  server.RaftServerConfigKeys (ConfUtils.java:logGet(43)) - raft.server.rpcslowness.timeout = 60s (default)
2019-09-24 17:08:29,698 INFO  server.RaftServerConfigKeys (ConfUtils.java:logGet(43)) - raft.server.sleep.deviation.threshold = 300 (default)
2019-09-24 17:08:29,698 INFO  server.RaftServerConfigKeys (ConfUtils.java:logGet(43)) - raft.server.log.appender.install.snapshot.enabled = true (default)
2019-09-24 17:08:29,698 INFO  impl.RaftServerImpl (ServerState.java:<init>(103)) - s8@group-C3ADC711F3B7: ConfigurationManager, init=-1: [], old=null, confs=<EMPTY_MAP>
2019-09-24 17:08:29,698 TRACE util.FileUtils (LogUtils.java:runAndLog(61)) - Successfully ran Files.createDirectories /workdir/ratis-test/target/test/data/312143de/MiniRaftClusterWithSimulatedRpc129b1caf/s7/65574aca-6899-4903-b187-c3adc711f3b7
2019-09-24 17:08:29,698 INFO  server.RaftServerConfigKeys (ConfUtils.java:logGet(43)) - raft.server.storage.dir = [/workdir/ratis-test/target/test/data/312143de/MiniRaftClusterWithSimulatedRpc129b1caf/s8] (custom)
2019-09-24 17:08:29,699 INFO  server.RaftServerConfigKeys (ConfUtils.java:logGet(43)) - raft.server.log.corruption.policy = EXCEPTION (default)
2019-09-24 17:08:29,699 INFO  storage.RaftStorageDirectory (RaftStorageDirectory.java:analyzeStorage(246)) - The storage directory /workdir/ratis-test/target/test/data/312143de/MiniRaftClusterWithSimulatedRpc129b1caf/s8/65574aca-6899-4903-b187-c3adc711f3b7 does not exist. Creating ...
2019-09-24 17:08:29,700 TRACE util.FileUtils (LogUtils.java:runAndLog(61)) - Successfully ran Files.createDirectories /workdir/ratis-test/target/test/data/312143de/MiniRaftClusterWithSimulatedRpc129b1caf/s8/65574aca-6899-4903-b187-c3adc711f3b7
2019-09-24 17:08:30,697 INFO  ratis.MiniRaftCluster (MiniRaftCluster.java:start(287)) - .............................................................. 
2019-09-24 17:08:30,697 INFO  ratis.MiniRaftCluster (MiniRaftCluster.java:start(288)) - ... 
2019-09-24 17:08:30,697 INFO  ratis.MiniRaftCluster (MiniRaftCluster.java:start(289)) - ...     Starting MiniRaftClusterWithSimulatedRpc
2019-09-24 17:08:30,698 INFO  ratis.MiniRaftCluster (MiniRaftCluster.java:start(290)) - ... 
2019-09-24 17:08:30,698 INFO  ratis.MiniRaftCluster (MiniRaftCluster.java:start(291)) - .............................................................. 
2019-09-24 17:08:30,698 INFO  ratis.MiniRaftCluster (MiniRaftCluster.java:initServers(265)) - servers = {s3=s3:      NEW group-C3ADC711F3B7:java.util.concurrent.CompletableFuture@485c52ee[Not completed], s4=s4:      NEW group-C3ADC711F3B7:java.util.concurrent.CompletableFuture@2e2ce6ef[Not completed], s5=s5:      NEW group-C3ADC711F3B7:java.util.concurrent.CompletableFuture@72de9f68[Not completed], s6=s6:      NEW group-C3ADC711F3B7:java.util.concurrent.CompletableFuture@265f6d5f[Not completed], s7=s7:      NEW group-C3ADC711F3B7:java.util.concurrent.CompletableFuture@79ee9c2f[Not completed], s8=s8:      NEW group-C3ADC711F3B7:java.util.concurrent.CompletableFuture@52f75a63[Not completed], s0=s0:      NEW group-C3ADC711F3B7:java.util.concurrent.CompletableFuture@2997f1[Not completed], s1=s1:      NEW group-C3ADC711F3B7:java.util.concurrent.CompletableFuture@2cdcf4cb[Not completed], s2=s2:      NEW group-C3ADC711F3B7:java.util.concurrent.CompletableFuture@7ce9f03e[Not completed]}
2019-09-24 17:08:33,434 INFO  storage.RaftStorageDirectory (RaftStorageDirectory.java:tryLock(328)) - Lock on /workdir/ratis-test/target/test/data/312143de/MiniRaftClusterWithSimulatedRpc129b1caf/s0/65574aca-6899-4903-b187-c3adc711f3b7/in_use.lock acquired by nodename 9360@ratis-test-vphbd-3564017154
2019-09-24 17:08:33,435 INFO  storage.RaftStorage (RaftStorage.java:format(84)) - Storage directory /workdir/ratis-test/target/test/data/312143de/MiniRaftClusterWithSimulatedRpcd1e62d5/s0/0d011760-f958-4cfd-b8d9-18f258b418a8 has been successfully formatted.
2019-09-24 17:08:33,434 INFO  storage.RaftStorageDirectory (RaftStorageDirectory.java:tryLock(328)) - Lock on /workdir/ratis-test/target/test/data/312143de/MiniRaftClusterWithSimulatedRpc129b1caf/s1/65574aca-6899-4903-b187-c3adc711f3b7/in_use.lock acquired by nodename 9360@ratis-test-vphbd-3564017154
2019-09-24 17:08:33,434 INFO  storage.RaftStorageDirectory (RaftStorageDirectory.java:tryLock(328)) - Lock on /workdir/ratis-test/target/test/data/312143de/MiniRaftClusterWithSimulatedRpc129b1caf/s3/65574aca-6899-4903-b187-c3adc711f3b7/in_use.lock acquired by nodename 9360@ratis-test-vphbd-3564017154
2019-09-24 17:08:33,434 INFO  storage.RaftStorageDirectory (RaftStorageDirectory.java:tryLock(328)) - Lock on /workdir/ratis-test/target/test/data/312143de/MiniRaftClusterWithSimulatedRpc129b1caf/s2/65574aca-6899-4903-b187-c3adc711f3b7/in_use.lock acquired by nodename 9360@ratis-test-vphbd-3564017154
2019-09-24 17:08:33,436 TRACE util.FileUtils (LogUtils.java:runAndLog(61)) - Successfully ran Files.createDirectories /workdir/ratis-test/target/test/data/312143de/MiniRaftClusterWithSimulatedRpc129b1caf/s3/65574aca-6899-4903-b187-c3adc711f3b7/current
2019-09-24 17:08:33,434 INFO  storage.RaftStorageDirectory (RaftStorageDirectory.java:tryLock(328)) - Lock on /workdir/ratis-test/target/test/data/312143de/MiniRaftClusterWithSimulatedRpc129b1caf/s4/65574aca-6899-4903-b187-c3adc711f3b7/in_use.lock acquired by nodename 9360@ratis-test-vphbd-3564017154
2019-09-24 17:08:33,437 TRACE util.FileUtils (LogUtils.java:runAndLog(61)) - Successfully ran Files.createDirectories /workdir/ratis-test/target/test/data/312143de/MiniRaftClusterWithSimulatedRpc129b1caf/s3/65574aca-6899-4903-b187-c3adc711f3b7/sm
2019-09-24 17:08:33,437 TRACE util.FileUtils (LogUtils.java:runAndLog(61)) - Successfully ran Files.createDirectories /workdir/ratis-test/target/test/data/312143de/MiniRaftClusterWithSimulatedRpc129b1caf/s2/65574aca-6899-4903-b187-c3adc711f3b7/current
2019-09-24 17:08:33,436 TRACE util.FileUtils (LogUtils.java:runAndLog(61)) - Successfully ran Files.createDirectories /workdir/ratis-test/target/test/data/312143de/MiniRaftClusterWithSimulatedRpc129b1caf/s1/65574aca-6899-4903-b187-c3adc711f3b7/current
2019-09-24 17:08:33,436 INFO  storage.RaftStorageDirectory (RaftStorageDirectory.java:tryLock(328)) - Lock on /workdir/ratis-test/target/test/data/312143de/MiniRaftClusterWithSimulatedRpc129b1caf/s6/65574aca-6899-4903-b187-c3adc711f3b7/in_use.lock acquired by nodename 9360@ratis-test-vphbd-3564017154
2019-09-24 17:08:33,436 INFO  storage.RaftStorageDirectory (RaftStorageDirectory.java:tryLock(328)) - Lock on /workdir/ratis-test/target/test/data/312143de/MiniRaftClusterWithSimulatedRpc129b1caf/s8/65574aca-6899-4903-b187-c3adc711f3b7/in_use.lock acquired by nodename 9360@ratis-test-vphbd-3564017154
2019-09-24 17:08:33,438 TRACE util.FileUtils (LogUtils.java:runAndLog(61)) - Successfully ran Files.createDirectories /workdir/ratis-test/target/test/data/312143de/MiniRaftClusterWithSimulatedRpc129b1caf/s6/65574aca-6899-4903-b187-c3adc711f3b7/current
2019-09-24 17:08:33,436 INFO  storage.RaftStorageDirectory (RaftStorageDirectory.java:tryLock(328)) - Lock on /workdir/ratis-test/target/test/data/312143de/MiniRaftClusterWithSimulatedRpc129b1caf/s7/65574aca-6899-4903-b187-c3adc711f3b7/in_use.lock acquired by nodename 9360@ratis-test-vphbd-3564017154
2019-09-24 17:08:33,436 INFO  storage.RaftStorageDirectory (RaftStorageDirectory.java:tryLock(328)) - Lock on /workdir/ratis-test/target/test/data/312143de/MiniRaftClusterWithSimulatedRpc129b1caf/s5/65574aca-6899-4903-b187-c3adc711f3b7/in_use.lock acquired by nodename 9360@ratis-test-vphbd-3564017154
2019-09-24 17:08:33,439 TRACE util.FileUtils (LogUtils.java:runAndLog(61)) - Successfully ran Files.createDirectories /workdir/ratis-test/target/test/data/312143de/MiniRaftClusterWithSimulatedRpc129b1caf/s7/65574aca-6899-4903-b187-c3adc711f3b7/current
2019-09-24 17:08:33,436 INFO  server.RaftServerConfigKeys (ConfUtils.java:logGet(43)) - raft.server.notification.no-leader.timeout = 60s (default)
2019-09-24 17:08:33,436 TRACE util.FileUtils (LogUtils.java:runAndLog(61)) - Successfully ran Files.createDirectories /workdir/ratis-test/target/test/data/312143de/MiniRaftClusterWithSimulatedRpc129b1caf/s0/65574aca-6899-4903-b187-c3adc711f3b7/current
2019-09-24 17:08:33,439 INFO  server.RaftServerConfigKeys (ConfUtils.java:logGet(43)) - raft.server.log.use.memory = false (default)
2019-09-24 17:08:33,439 TRACE util.FileUtils (LogUtils.java:runAndLog(61)) - Successfully ran Files.createDirectories /workdir/ratis-test/target/test/data/312143de/MiniRaftClusterWithSimulatedRpc129b1caf/s7/65574aca-6899-4903-b187-c3adc711f3b7/sm
2019-09-24 17:08:33,439 TRACE util.FileUtils (LogUtils.java:runAndLog(61)) - Successfully ran Files.createDirectories /workdir/ratis-test/target/test/data/312143de/MiniRaftClusterWithSimulatedRpc129b1caf/s5/65574aca-6899-4903-b187-c3adc711f3b7/current
2019-09-24 17:08:33,438 TRACE util.FileUtils (LogUtils.java:runAndLog(61)) - Successfully ran Files.createDirectories /workdir/ratis-test/target/test/data/312143de/MiniRaftClusterWithSimulatedRpc129b1caf/s6/65574aca-6899-4903-b187-c3adc711f3b7/sm
2019-09-24 17:08:33,438 TRACE util.FileUtils (LogUtils.java:runAndLog(61)) - Successfully ran Files.createDirectories /workdir/ratis-test/target/test/data/312143de/MiniRaftClusterWithSimulatedRpc129b1caf/s8/65574aca-6899-4903-b187-c3adc711f3b7/current
2019-09-24 17:08:33,438 TRACE util.FileUtils (LogUtils.java:runAndLog(61)) - Successfully ran Files.createDirectories /workdir/ratis-test/target/test/data/312143de/MiniRaftClusterWithSimulatedRpc129b1caf/s1/65574aca-6899-4903-b187-c3adc711f3b7/sm
2019-09-24 17:08:33,437 TRACE util.FileUtils (LogUtils.java:runAndLog(61)) - Successfully ran Files.createDirectories /workdir/ratis-test/target/test/data/312143de/MiniRaftClusterWithSimulatedRpc129b1caf/s2/65574aca-6899-4903-b187-c3adc711f3b7/sm
2019-09-24 17:08:33,437 TRACE util.FileUtils (LogUtils.java:runAndLog(61)) - Successfully ran Files.createDirectories /workdir/ratis-test/target/test/data/312143de/MiniRaftClusterWithSimulatedRpc129b1caf/s4/65574aca-6899-4903-b187-c3adc711f3b7/current
2019-09-24 17:08:33,441 TRACE util.FileUtils (LogUtils.java:runAndLog(61)) - Successfully ran Files.createDirectories /workdir/ratis-test/target/test/data/312143de/MiniRaftClusterWithSimulatedRpc129b1caf/s8/65574aca-6899-4903-b187-c3adc711f3b7/sm
2019-09-24 17:08:33,440 TRACE util.FileUtils (LogUtils.java:runAndLog(61)) - Successfully ran Files.createDirectories /workdir/ratis-test/target/test/data/312143de/MiniRaftClusterWithSimulatedRpc129b1caf/s5/65574aca-6899-4903-b187-c3adc711f3b7/sm
2019-09-24 17:08:33,440 INFO  server.RaftServerConfigKeys (ConfUtils.java:logGet(43)) - raft.server.log.purge.gap = 1024 (default)
2019-09-24 17:08:33,439 TRACE util.FileUtils (LogUtils.java:runAndLog(61)) - Successfully ran Files.createDirectories /workdir/ratis-test/target/test/data/312143de/MiniRaftClusterWithSimulatedRpc129b1caf/s0/65574aca-6899-4903-b187-c3adc711f3b7/sm
2019-09-24 17:08:33,442 INFO  server.RaftServerConfigKeys (ConfUtils.java:logGet(43)) - raft.server.log.appender.buffer.byte-limit = 4MB (=4194304) (default)
2019-09-24 17:08:33,441 TRACE util.FileUtils (LogUtils.java:runAndLog(61)) - Successfully ran Files.createDirectories /workdir/ratis-test/target/test/data/312143de/MiniRaftClusterWithSimulatedRpc129b1caf/s4/65574aca-6899-4903-b187-c3adc711f3b7/sm
2019-09-24 17:08:33,442 INFO  server.RaftServerConfigKeys (ConfUtils.java:logGet(43)) - raft.server.log.segment.size.max = 8MB (=8388608) (default)
2019-09-24 17:08:33,443 INFO  server.RaftServerConfigKeys (ConfUtils.java:logGet(43)) - raft.server.log.segment.cache.num.max = 6 (default)
2019-09-24 17:08:33,443 INFO  segmented.SegmentedRaftLogWorker (SegmentedRaftLogWorker.java:<init>(172)) - new s0@group-18F258B418A8-SegmentedRaftLogWorker for RaftStorage:Storage Directory /workdir/ratis-test/target/test/data/312143de/MiniRaftClusterWithSimulatedRpcd1e62d5/s0/0d011760-f958-4cfd-b8d9-18f258b418a8
2019-09-24 17:08:33,443 INFO  server.RaftServerConfigKeys (ConfUtils.java:logGet(43)) - raft.server.log.queue.byte-limit = 64MB (=67108864) (default)
2019-09-24 17:08:33,443 INFO  server.RaftServerConfigKeys (ConfUtils.java:logGet(43)) - raft.server.log.queue.element-limit = 4096 (default)
2019-09-24 17:08:33,443 INFO  server.RaftServerConfigKeys (ConfUtils.java:logGet(43)) - raft.server.log.segment.size.max = 8MB (=8388608) (default)
2019-09-24 17:08:33,444 INFO  server.RaftServerConfigKeys (ConfUtils.java:logGet(43)) - raft.server.log.preallocated.size = 4MB (=4194304) (default)
2019-09-24 17:08:33,444 INFO  server.RaftServerConfigKeys (ConfUtils.java:logGet(43)) - raft.server.log.write.buffer.size = 64KB (=65536) (default)
2019-09-24 17:08:33,444 INFO  server.RaftServerConfigKeys (ConfUtils.java:logGet(43)) - raft.server.log.force.sync.num = 128 (default)
2019-09-24 17:08:33,444 INFO  server.RaftServerConfigKeys (ConfUtils.java:logGet(43)) - raft.server.log.statemachine.data.sync = true (default)
2019-09-24 17:08:33,444 INFO  server.RaftServerConfigKeys (ConfUtils.java:logGet(43)) - raft.server.log.statemachine.data.sync.timeout = 10s (default)
2019-09-24 17:08:33,444 INFO  server.RaftServerConfigKeys (ConfUtils.java:logGet(43)) - raft.server.log.statemachine.data.sync.timeout.retry = -1 (default)
2019-09-24 17:08:33,445 INFO  server.RaftServerConfigKeys (ConfUtils.java:logGet(43)) - raft.server.log.statemachine.data.caching.enabled = false (default)
2019-09-24 17:08:33,445 INFO  segmented.SegmentedRaftLogWorker (SegmentedRaftLogWorker.java:lambda$new$0(132)) - s0@group-18F258B418A8-SegmentedRaftLogWorker: flushIndex: setUnconditionally 0 -> -1
2019-09-24 17:08:33,446 INFO  server.RaftServerConfigKeys (ConfUtils.java:logGet(43)) - raft.server.snapshot.auto.trigger.enabled = false (default)
2019-09-24 17:08:33,446 INFO  server.RaftServerConfigKeys (ConfUtils.java:logGet(43)) - raft.server.snapshot.retention.file.num = -1 (default)
2019-09-24 17:08:33,446 INFO  server.RaftServerConfigKeys (ConfUtils.java:logGet(43)) - raft.server.retrycache.expirytime = 60s (default)
2019-09-24 17:08:33,449 DEBUG impl.RaftServerProxy (RaftServerProxy.java:lambda$groupAddAsync$10(380)) - s0: newImpl =      null s0@group-18F258B418A8:t0, leader=null, voted=null, raftlog=s0@group-18F258B418A8-SegmentedRaftLog:OPENED:c-1,f-1,i0, conf=-1: [s0:null], old=null NEW
2019-09-24 17:08:33,450 INFO  impl.RaftServerImpl (RaftServerImpl.java:start(181)) - s0@group-18F258B418A8: start as a follower, conf=-1: [s0:null], old=null
2019-09-24 17:08:33,450 INFO  impl.RaftServerImpl (RaftServerImpl.java:setRole(170)) - s0@group-18F258B418A8: changes role from      null to FOLLOWER at term 0 for startAsFollower
2019-09-24 17:08:33,450 INFO  impl.RoleInfo (RoleInfo.java:updateAndGet(143)) - s0: start FollowerState
2019-09-24 17:08:33,452 INFO  util.JmxRegister (JmxRegister.java:tryRegister(44)) - Successfully registered JMX Bean with object name Ratis:service=RaftServer,group=group-18F258B418A8,id=s0
2019-09-24 17:08:33,735 INFO  impl.FollowerState (FollowerState.java:run(108)) - s0@group-18F258B418A8-FollowerState: change to CANDIDATE, lastRpcTime:284ms, electionTimeout:284ms
2019-09-24 17:08:33,735 INFO  impl.RoleInfo (RoleInfo.java:shutdownFollowerState(121)) - s0: shutdown FollowerState
2019-09-24 17:08:33,735 INFO  impl.RaftServerImpl (RaftServerImpl.java:setRole(170)) - s0@group-18F258B418A8: changes role from  FOLLOWER to CANDIDATE at term 0 for changeToCandidate
2019-09-24 17:08:33,735 INFO  impl.RoleInfo (RoleInfo.java:updateAndGet(143)) - s0: start LeaderElection
2019-09-24 17:08:35,635 INFO  ratis.MiniRaftCluster (MiniRaftCluster.java:lambda$null$5(297)) - TIMED-PRINT: printing ALL groups
  s3:  RUNNING  FOLLOWER s3@group-3199313966C8:t0, leader=null, voted=null, raftlog=s3@group-3199313966C8-SegmentedRaftLog:OPENED:c-1,f-1,i0, conf=-1: [], old=null STARTING
  s4:  RUNNING  FOLLOWER s4@group-3199313966C8:t0, leader=null, voted=null, raftlog=s4@group-3199313966C8-SegmentedRaftLog:OPENED:c-1,f-1,i0, conf=-1: [], old=null STARTING
  s5:  RUNNING  FOLLOWER s5@group-3199313966C8:t0, leader=null, voted=null, raftlog=s5@group-3199313966C8-SegmentedRaftLog:OPENED:c-1,f-1,i0, conf=-1: [], old=null STARTING
  s6:  RUNNING  FOLLOWER s6@group-3199313966C8:t0, leader=null, voted=null, raftlog=s6@group-3199313966C8-SegmentedRaftLog:OPENED:c-1,f-1,i0, conf=-1: [], old=null STARTING
  s0:  RUNNING [
  CANDIDATE s0@group-18F258B418A8:t1, leader=null, voted=s0, raftlog=s0@group-18F258B418A8-SegmentedRaftLog:OPENED:c-1,f-1,i0, conf=-1: [s0:null], old=null RUNNING
   FOLLOWER s0@group-3199313966C8:t0, leader=null, voted=null, raftlog=s0@group-3199313966C8-SegmentedRaftLog:OPENED:c-1,f-1,i0, conf=-1: [], old=null STARTING] size=2
  s1:  RUNNING  FOLLOWER s1@group-3199313966C8:t0, leader=null, voted=null, raftlog=s1@group-3199313966C8-SegmentedRaftLog:OPENED:c-1,f-1,i0, conf=-1: [], old=null STARTING
  s2:  RUNNING  FOLLOWER s2@group-3199313966C8:t0, leader=null, voted=null, raftlog=s2@group-3199313966C8-SegmentedRaftLog:OPENED:c-1,f-1,i0, conf=-1: [], old=null STARTING
2019-09-24 17:08:37,264 INFO  storage.RaftStorage (RaftStorage.java:format(84)) - Storage directory /workdir/ratis-test/target/test/data/312143de/MiniRaftClusterWithSimulatedRpc129b1caf/s7/65574aca-6899-4903-b187-c3adc711f3b7 has been successfully formatted.
2019-09-24 17:08:37,264 INFO  storage.RaftStorage (RaftStorage.java:format(84)) - Storage directory /workdir/ratis-test/target/test/data/312143de/MiniRaftClusterWithSimulatedRpc129b1caf/s6/65574aca-6899-4903-b187-c3adc711f3b7 has been successfully formatted.
2019-09-24 17:08:37,266 INFO  server.RaftServerConfigKeys (ConfUtils.java:logGet(43)) - raft.server.notification.no-leader.timeout = 60s (default)
2019-09-24 17:08:37,264 INFO  storage.RaftStorage (RaftStorage.java:format(84)) - Storage directory /workdir/ratis-test/target/test/data/312143de/MiniRaftClusterWithSimulatedRpc129b1caf/s3/65574aca-6899-4903-b187-c3adc711f3b7 has been successfully formatted.
2019-09-24 17:08:37,266 INFO  server.RaftServerConfigKeys (ConfUtils.java:logGet(43)) - raft.server.log.use.memory = false (default)
2019-09-24 17:08:37,266 INFO  server.RaftServerConfigKeys (ConfUtils.java:logGet(43)) - raft.server.notification.no-leader.timeout = 60s (default)
2019-09-24 17:08:37,266 INFO  storage.RaftStorage (RaftStorage.java:format(84)) - Storage directory /workdir/ratis-test/target/test/data/312143de/MiniRaftClusterWithSimulatedRpc129b1caf/s8/65574aca-6899-4903-b187-c3adc711f3b7 has been successfully formatted.
2019-09-24 17:08:37,266 INFO  storage.RaftStorage (RaftStorage.java:format(84)) - Storage directory /workdir/ratis-test/target/test/data/312143de/MiniRaftClusterWithSimulatedRpc129b1caf/s4/65574aca-6899-4903-b187-c3adc711f3b7 has been successfully formatted.
2019-09-24 17:08:37,266 INFO  storage.RaftStorage (RaftStorage.java:format(84)) - Storage directory /workdir/ratis-test/target/test/data/312143de/MiniRaftClusterWithSimulatedRpc129b1caf/s5/65574aca-6899-4903-b187-c3adc711f3b7 has been successfully formatted.
2019-09-24 17:08:37,266 INFO  storage.RaftStorage (RaftStorage.java:format(84)) - Storage directory /workdir/ratis-test/target/test/data/312143de/MiniRaftClusterWithSimulatedRpc129b1caf/s1/65574aca-6899-4903-b187-c3adc711f3b7 has been successfully formatted.
2019-09-24 17:08:37,266 INFO  storage.RaftStorage (RaftStorage.java:format(84)) - Storage directory /workdir/ratis-test/target/test/data/312143de/MiniRaftClusterWithSimulatedRpc129b1caf/s0/65574aca-6899-4903-b187-c3adc711f3b7 has been successfully formatted.
2019-09-24 17:08:37,266 INFO  storage.RaftStorage (RaftStorage.java:format(84)) - Storage directory /workdir/ratis-test/target/test/data/312143de/MiniRaftClusterWithSimulatedRpc129b1caf/s2/65574aca-6899-4903-b187-c3adc711f3b7 has been successfully formatted.
2019-09-24 17:08:37,268 INFO  server.RaftServerConfigKeys (ConfUtils.java:logGet(43)) - raft.server.notification.no-leader.timeout = 60s (default)
2019-09-24 17:08:37,267 INFO  server.RaftServerConfigKeys (ConfUtils.java:logGet(43)) - raft.server.notification.no-leader.timeout = 60s (default)
2019-09-24 17:08:37,267 INFO  server.RaftServerConfigKeys (ConfUtils.java:logGet(43)) - raft.server.notification.no-leader.timeout = 60s (default)
2019-09-24 17:08:37,267 INFO  server.RaftServerConfigKeys (ConfUtils.java:logGet(43)) - raft.server.notification.no-leader.timeout = 60s (default)
2019-09-24 17:08:37,267 INFO  server.RaftServerConfigKeys (ConfUtils.java:logGet(43)) - raft.server.notification.no-leader.timeout = 60s (default)
2019-09-24 17:08:37,267 INFO  server.RaftServerConfigKeys (ConfUtils.java:logGet(43)) - raft.server.log.use.memory = false (default)
2019-09-24 17:08:37,266 INFO  server.RaftServerConfigKeys (ConfUtils.java:logGet(43)) - raft.server.log.purge.gap = 1024 (default)
2019-09-24 17:08:37,266 INFO  server.RaftServerConfigKeys (ConfUtils.java:logGet(43)) - raft.server.notification.no-leader.timeout = 60s (default)
2019-09-24 17:08:37,266 INFO  impl.LeaderElection (LeaderElection.java:askForVotes(178)) - s0@group-18F258B418A8-LeaderElection7: begin an election at term 1 for -1: [s0:null], old=null
2019-09-24 17:08:37,269 INFO  server.RaftServerConfigKeys (ConfUtils.java:logGet(43)) - raft.server.log.use.memory = false (default)
2019-09-24 17:08:37,269 INFO  impl.RoleInfo (RoleInfo.java:shutdownLeaderElection(134)) - s0: shutdown LeaderElection
2019-09-24 17:08:37,269 INFO  server.RaftServerConfigKeys (ConfUtils.java:logGet(43)) - raft.server.log.appender.buffer.byte-limit = 4MB (=4194304) (default)
2019-09-24 17:08:37,269 INFO  server.RaftServerConfigKeys (ConfUtils.java:logGet(43)) - raft.server.log.purge.gap = 1024 (default)
2019-09-24 17:08:37,269 INFO  server.RaftServerConfigKeys (ConfUtils.java:logGet(43)) - raft.server.log.use.memory = false (default)
2019-09-24 17:08:37,268 INFO  server.RaftServerConfigKeys (ConfUtils.java:logGet(43)) - raft.server.log.use.memory = false (default)
2019-09-24 17:08:37,268 INFO  server.RaftServerConfigKeys (ConfUtils.java:logGet(43)) - raft.server.log.use.memory = false (default)
2019-09-24 17:08:37,268 INFO  server.RaftServerConfigKeys (ConfUtils.java:logGet(43)) - raft.server.log.use.memory = false (default)
2019-09-24 17:08:37,268 INFO  server.RaftServerConfigKeys (ConfUtils.java:logGet(43)) - raft.server.log.use.memory = false (default)
2019-09-24 17:08:37,268 INFO  server.RaftServerConfigKeys (ConfUtils.java:logGet(43)) - raft.server.notification.no-leader.timeout = 60s (default)
2019-09-24 17:08:37,271 INFO  server.RaftServerConfigKeys (ConfUtils.java:logGet(43)) - raft.server.log.purge.gap = 1024 (default)
2019-09-24 17:08:37,271 INFO  server.RaftServerConfigKeys (ConfUtils.java:logGet(43)) - raft.server.log.purge.gap = 1024 (default)
2019-09-24 17:08:37,271 INFO  server.RaftServerConfigKeys (ConfUtils.java:logGet(43)) - raft.server.log.purge.gap = 1024 (default)
2019-09-24 17:08:37,270 INFO  server.RaftServerConfigKeys (ConfUtils.java:logGet(43)) - raft.server.log.purge.gap = 1024 (default)
2019-09-24 17:08:37,270 INFO  server.RaftServerConfigKeys (ConfUtils.java:logGet(43)) - raft.server.log.purge.gap = 1024 (default)
2019-09-24 17:08:37,270 INFO  server.RaftServerConfigKeys (ConfUtils.java:logGet(43)) - raft.server.log.appender.buffer.byte-limit = 4MB (=4194304) (default)
2019-09-24 17:08:37,270 INFO  server.RaftServerConfigKeys (ConfUtils.java:logGet(43)) - raft.server.log.segment.size.max = 8MB (=8388608) (default)
2019-09-24 17:08:37,270 INFO  impl.RaftServerImpl (RaftServerImpl.java:setRole(170)) - s0@group-18F258B418A8: changes role from CANDIDATE to LEADER at term 1 for changeToLeader
2019-09-24 17:08:37,270 INFO  server.RaftServerConfigKeys (ConfUtils.java:logGet(43)) - raft.server.log.purge.gap = 1024 (default)
2019-09-24 17:08:37,273 INFO  impl.RaftServerImpl (ServerState.java:setLeader(254)) - s0@group-18F258B418A8: change Leader from null to s0 at term 1 for becomeLeader, leader elected after 3837ms
2019-09-24 17:08:37,273 INFO  server.RaftServerConfigKeys (ConfUtils.java:logGet(43)) - raft.server.log.segment.cache.num.max = 6 (default)
2019-09-24 17:08:37,273 INFO  server.RaftServerConfigKeys (ConfUtils.java:logGet(43)) - raft.server.log.segment.size.max = 8MB (=8388608) (default)
2019-09-24 17:08:37,272 INFO  server.RaftServerConfigKeys (ConfUtils.java:logGet(43)) - raft.server.log.appender.buffer.byte-limit = 4MB (=4194304) (default)
2019-09-24 17:08:37,272 INFO  server.RaftServerConfigKeys (ConfUtils.java:logGet(43)) - raft.server.log.appender.buffer.byte-limit = 4MB (=4194304) (default)
2019-09-24 17:08:37,272 INFO  server.RaftServerConfigKeys (ConfUtils.java:logGet(43)) - raft.server.log.appender.buffer.byte-limit = 4MB (=4194304) (default)
2019-09-24 17:08:37,272 INFO  server.RaftServerConfigKeys (ConfUtils.java:logGet(43)) - raft.server.log.appender.buffer.byte-limit = 4MB (=4194304) (default)
2019-09-24 17:08:37,271 INFO  server.RaftServerConfigKeys (ConfUtils.java:logGet(43)) - raft.server.log.appender.buffer.byte-limit = 4MB (=4194304) (default)
2019-09-24 17:08:37,271 INFO  server.RaftServerConfigKeys (ConfUtils.java:logGet(43)) - raft.server.log.use.memory = false (default)
2019-09-24 17:08:37,275 INFO  server.RaftServerConfigKeys (ConfUtils.java:logGet(43)) - raft.server.log.segment.size.max = 8MB (=8388608) (default)
2019-09-24 17:08:37,275 INFO  server.RaftServerConfigKeys (ConfUtils.java:logGet(43)) - raft.server.log.segment.size.max = 8MB (=8388608) (default)
2019-09-24 17:08:37,274 INFO  server.RaftServerConfigKeys (ConfUtils.java:logGet(43)) - raft.server.log.segment.size.max = 8MB (=8388608) (default)
2019-09-24 17:08:37,274 INFO  server.RaftServerConfigKeys (ConfUtils.java:logGet(43)) - raft.server.log.segment.size.max = 8MB (=8388608) (default)
2019-09-24 17:08:37,274 INFO  server.RaftServerConfigKeys (ConfUtils.java:logGet(43)) - raft.server.log.segment.size.max = 8MB (=8388608) (default)
2019-09-24 17:08:37,274 INFO  server.RaftServerConfigKeys (ConfUtils.java:logGet(43)) - raft.server.log.segment.cache.num.max = 6 (default)
2019-09-24 17:08:37,273 INFO  segmented.SegmentedRaftLogWorker (SegmentedRaftLogWorker.java:<init>(172)) - new s7@group-C3ADC711F3B7-SegmentedRaftLogWorker for RaftStorage:Storage Directory /workdir/ratis-test/target/test/data/312143de/MiniRaftClusterWithSimulatedRpc129b1caf/s7/65574aca-6899-4903-b187-c3adc711f3b7
2019-09-24 17:08:37,273 INFO  server.RaftServerConfigKeys (ConfUtils.java:logGet(43)) - raft.server.staging.catchup.gap = 1000 (default)
2019-09-24 17:08:37,273 INFO  server.RaftServerConfigKeys (ConfUtils.java:logGet(43)) - raft.server.log.appender.buffer.byte-limit = 4MB (=4194304) (default)
2019-09-24 17:08:37,277 INFO  server.RaftServerConfigKeys (ConfUtils.java:logGet(43)) - raft.server.rpc.sleep.time = 25ms (default)
2019-09-24 17:08:37,276 INFO  segmented.SegmentedRaftLogWorker (SegmentedRaftLogWorker.java:<init>(172)) - new s6@group-C3ADC711F3B7-SegmentedRaftLogWorker for RaftStorage:Storage Directory /workdir/ratis-test/target/test/data/312143de/MiniRaftClusterWithSimulatedRpc129b1caf/s6/65574aca-6899-4903-b187-c3adc711f3b7
2019-09-24 17:08:37,276 INFO  server.RaftServerConfigKeys (ConfUtils.java:logGet(43)) - raft.server.log.segment.cache.num.max = 6 (default)
2019-09-24 17:08:37,276 INFO  server.RaftServerConfigKeys (ConfUtils.java:logGet(43)) - raft.server.log.segment.cache.num.max = 6 (default)
2019-09-24 17:08:37,276 INFO  server.RaftServerConfigKeys (ConfUtils.java:logGet(43)) - raft.server.log.segment.cache.num.max = 6 (default)
2019-09-24 17:08:37,278 INFO  segmented.SegmentedRaftLogWorker (SegmentedRaftLogWorker.java:<init>(172)) - new s5@group-C3ADC711F3B7-SegmentedRaftLogWorker for RaftStorage:Storage Directory /workdir/ratis-test/target/test/data/312143de/MiniRaftClusterWithSimulatedRpc129b1caf/s5/65574aca-6899-4903-b187-c3adc711f3b7
2019-09-24 17:08:37,275 INFO  server.RaftServerConfigKeys (ConfUtils.java:logGet(43)) - raft.server.log.segment.cache.num.max = 6 (default)
2019-09-24 17:08:37,275 INFO  server.RaftServerConfigKeys (ConfUtils.java:logGet(43)) - raft.server.log.segment.cache.num.max = 6 (default)
2019-09-24 17:08:37,275 INFO  server.RaftServerConfigKeys (ConfUtils.java:logGet(43)) - raft.server.log.purge.gap = 1024 (default)
2019-09-24 17:08:37,278 INFO  segmented.SegmentedRaftLogWorker (SegmentedRaftLogWorker.java:<init>(172)) - new s0@group-C3ADC711F3B7-SegmentedRaftLogWorker for RaftStorage:Storage Directory /workdir/ratis-test/target/test/data/312143de/MiniRaftClusterWithSimulatedRpc129b1caf/s0/65574aca-6899-4903-b187-c3adc711f3b7
2019-09-24 17:08:37,278 INFO  segmented.SegmentedRaftLogWorker (SegmentedRaftLogWorker.java:<init>(172)) - new s1@group-C3ADC711F3B7-SegmentedRaftLogWorker for RaftStorage:Storage Directory /workdir/ratis-test/target/test/data/312143de/MiniRaftClusterWithSimulatedRpc129b1caf/s1/65574aca-6899-4903-b187-c3adc711f3b7
2019-09-24 17:08:37,278 INFO  server.RaftServerConfigKeys (ConfUtils.java:logGet(43)) - raft.server.log.queue.byte-limit = 64MB (=67108864) (default)
2019-09-24 17:08:37,278 INFO  segmented.SegmentedRaftLogWorker (SegmentedRaftLogWorker.java:<init>(172)) - new s4@group-C3ADC711F3B7-SegmentedRaftLogWorker for RaftStorage:Storage Directory /workdir/ratis-test/target/test/data/312143de/MiniRaftClusterWithSimulatedRpc129b1caf/s4/65574aca-6899-4903-b187-c3adc711f3b7
2019-09-24 17:08:37,277 INFO  segmented.SegmentedRaftLogWorker (SegmentedRaftLogWorker.java:<init>(172)) - new s8@group-C3ADC711F3B7-SegmentedRaftLogWorker for RaftStorage:Storage Directory /workdir/ratis-test/target/test/data/312143de/MiniRaftClusterWithSimulatedRpc129b1caf/s8/65574aca-6899-4903-b187-c3adc711f3b7
2019-09-24 17:08:37,277 INFO  server.RaftServerConfigKeys (ConfUtils.java:logGet(43)) - raft.server.log.queue.byte-limit = 64MB (=67108864) (default)
2019-09-24 17:08:37,277 INFO  server.RaftServerConfigKeys (ConfUtils.java:logGet(43)) - raft.server.write.element-limit = 4096 (default)
2019-09-24 17:08:37,277 INFO  server.RaftServerConfigKeys (ConfUtils.java:logGet(43)) - raft.server.log.segment.size.max = 8MB (=8388608) (default)
2019-09-24 17:08:37,280 INFO  server.RaftServerConfigKeys (ConfUtils.java:logGet(43)) - raft.server.watch.timeout = 10s (default)
2019-09-24 17:08:37,280 INFO  server.RaftServerConfigKeys (ConfUtils.java:logGet(43)) - raft.server.log.queue.element-limit = 4096 (default)
2019-09-24 17:08:37,280 INFO  server.RaftServerConfigKeys (ConfUtils.java:logGet(43)) - raft.server.log.queue.byte-limit = 64MB (=67108864) (default)
2019-09-24 17:08:37,280 INFO  server.RaftServerConfigKeys (ConfUtils.java:logGet(43)) - raft.server.log.queue.byte-limit = 64MB (=67108864) (default)
2019-09-24 17:08:37,279 INFO  server.RaftServerConfigKeys (ConfUtils.java:logGet(43)) - raft.server.log.queue.element-limit = 4096 (default)
2019-09-24 17:08:37,279 INFO  server.RaftServerConfigKeys (ConfUtils.java:logGet(43)) - raft.server.log.queue.byte-limit = 64MB (=67108864) (default)
2019-09-24 17:08:37,279 INFO  server.RaftServerConfigKeys (ConfUtils.java:logGet(43)) - raft.server.log.queue.byte-limit = 64MB (=67108864) (default)
2019-09-24 17:08:37,279 INFO  server.RaftServerConfigKeys (ConfUtils.java:logGet(43)) - raft.server.log.appender.buffer.byte-limit = 4MB (=4194304) (default)
2019-09-24 17:08:37,282 INFO  server.RaftServerConfigKeys (ConfUtils.java:logGet(43)) - raft.server.log.queue.element-limit = 4096 (default)
2019-09-24 17:08:37,282 INFO  server.RaftServerConfigKeys (ConfUtils.java:logGet(43)) - raft.server.log.queue.element-limit = 4096 (default)
2019-09-24 17:08:37,282 INFO  server.RaftServerConfigKeys (ConfUtils.java:logGet(43)) - raft.server.log.segment.size.max = 8MB (=8388608) (default)
2019-09-24 17:08:37,281 INFO  server.RaftServerConfigKeys (ConfUtils.java:logGet(43)) - raft.server.log.queue.element-limit = 4096 (default)
2019-09-24 17:08:37,281 INFO  server.RaftServerConfigKeys (ConfUtils.java:logGet(43)) - raft.server.log.queue.element-limit = 4096 (default)
2019-09-24 17:08:37,281 INFO  server.RaftServerConfigKeys (ConfUtils.java:logGet(43)) - raft.server.log.segment.size.max = 8MB (=8388608) (default)
2019-09-24 17:08:37,281 INFO  server.RaftServerConfigKeys (ConfUtils.java:logGet(43)) - raft.server.watch.timeout.denomination = 1s (default)
2019-09-24 17:08:37,280 INFO  server.RaftServerConfigKeys (ConfUtils.java:logGet(43)) - raft.server.log.segment.cache.num.max = 6 (default)
2019-09-24 17:08:37,283 INFO  server.RaftServerConfigKeys (ConfUtils.java:logGet(43)) - raft.server.watch.element-limit = 65536 (default)
2019-09-24 17:08:37,283 INFO  server.RaftServerConfigKeys (ConfUtils.java:logGet(43)) - raft.server.log.preallocated.size = 4MB (=4194304) (default)
2019-09-24 17:08:37,283 INFO  server.RaftServerConfigKeys (ConfUtils.java:logGet(43)) - raft.server.log.segment.size.max = 8MB (=8388608) (default)
2019-09-24 17:08:37,283 INFO  server.RaftServerConfigKeys (ConfUtils.java:logGet(43)) - raft.server.log.segment.size.max = 8MB (=8388608) (default)
2019-09-24 17:08:37,284 INFO  server.RaftServerConfigKeys (ConfUtils.java:logGet(43)) - raft.server.log.preallocated.size = 4MB (=4194304) (default)
2019-09-24 17:08:37,283 INFO  server.RaftServerConfigKeys (ConfUtils.java:logGet(43)) - raft.server.log.preallocated.size = 4MB (=4194304) (default)
2019-09-24 17:08:37,282 INFO  server.RaftServerConfigKeys (ConfUtils.java:logGet(43)) - raft.server.log.segment.size.max = 8MB (=8388608) (default)
2019-09-24 17:08:37,282 INFO  server.RaftServerConfigKeys (ConfUtils.java:logGet(43)) - raft.server.log.queue.byte-limit = 64MB (=67108864) (default)
2019-09-24 17:08:37,282 INFO  server.RaftServerConfigKeys (ConfUtils.java:logGet(43)) - raft.server.log.segment.size.max = 8MB (=8388608) (default)
2019-09-24 17:08:37,282 INFO  server.RaftServerConfigKeys (ConfUtils.java:logGet(43)) - raft.server.log.segment.size.max = 8MB (=8388608) (default)
2019-09-24 17:08:37,286 INFO  server.RaftServerConfigKeys (ConfUtils.java:logGet(43)) - raft.server.log.preallocated.size = 4MB (=4194304) (default)
2019-09-24 17:08:37,285 INFO  server.RaftServerConfigKeys (ConfUtils.java:logGet(43)) - raft.server.log.queue.element-limit = 4096 (default)
2019-09-24 17:08:37,285 INFO  server.RaftServerConfigKeys (ConfUtils.java:logGet(43)) - raft.server.log.preallocated.size = 4MB (=4194304) (default)
2019-09-24 17:08:37,285 INFO  server.RaftServerConfigKeys (ConfUtils.java:logGet(43)) - raft.server.log.write.buffer.size = 64KB (=65536) (default)
2019-09-24 17:08:37,285 INFO  server.RaftServerConfigKeys (ConfUtils.java:logGet(43)) - raft.server.log.write.buffer.size = 64KB (=65536) (default)
2019-09-24 17:08:37,284 INFO  server.RaftServerConfigKeys (ConfUtils.java:logGet(43)) - raft.server.log.preallocated.size = 4MB (=4194304) (default)
2019-09-24 17:08:37,284 INFO  server.RaftServerConfigKeys (ConfUtils.java:logGet(43)) - raft.server.log.write.buffer.size = 64KB (=65536) (default)
2019-09-24 17:08:37,284 INFO  segmented.SegmentedRaftLogWorker (SegmentedRaftLogWorker.java:<init>(172)) - new s3@group-C3ADC711F3B7-SegmentedRaftLogWorker for RaftStorage:Storage Directory /workdir/ratis-test/target/test/data/312143de/MiniRaftClusterWithSimulatedRpc129b1caf/s3/65574aca-6899-4903-b187-c3adc711f3b7
2019-09-24 17:08:37,287 INFO  server.RaftServerConfigKeys (ConfUtils.java:logGet(43)) - raft.server.log.force.sync.num = 128 (default)
2019-09-24 17:08:37,287 INFO  server.RaftServerConfigKeys (ConfUtils.java:logGet(43)) - raft.server.log.write.buffer.size = 64KB (=65536) (default)
2019-09-24 17:08:37,287 INFO  server.RaftServerConfigKeys (ConfUtils.java:logGet(43)) - raft.server.log.force.sync.num = 128 (default)
2019-09-24 17:08:37,287 INFO  impl.RoleInfo (RoleInfo.java:updateAndGet(143)) - s0: start LeaderState
2019-09-24 17:08:37,287 INFO  server.RaftServerConfigKeys (ConfUtils.java:logGet(43)) - raft.server.log.force.sync.num = 128 (default)
2019-09-24 17:08:37,286 INFO  server.RaftServerConfigKeys (ConfUtils.java:logGet(43)) - raft.server.log.write.buffer.size = 64KB (=65536) (default)
2019-09-24 17:08:37,286 INFO  server.RaftServerConfigKeys (ConfUtils.java:logGet(43)) - raft.server.log.segment.size.max = 8MB (=8388608) (default)
2019-09-24 17:08:37,286 INFO  server.RaftServerConfigKeys (ConfUtils.java:logGet(43)) - raft.server.log.write.buffer.size = 64KB (=65536) (default)
2019-09-24 17:08:37,286 INFO  server.RaftServerConfigKeys (ConfUtils.java:logGet(43)) - raft.server.log.segment.cache.num.max = 6 (default)
2019-09-24 17:08:37,289 INFO  server.RaftServerConfigKeys (ConfUtils.java:logGet(43)) - raft.server.log.force.sync.num = 128 (default)
2019-09-24 17:08:37,289 INFO  server.RaftServerConfigKeys (ConfUtils.java:logGet(43)) - raft.server.log.statemachine.data.sync = true (default)
2019-09-24 17:08:37,289 INFO  server.RaftServerConfigKeys (ConfUtils.java:logGet(43)) - raft.server.log.preallocated.size = 4MB (=4194304) (default)
2019-09-24 17:08:37,288 INFO  server.RaftServerConfigKeys (ConfUtils.java:logGet(43)) - raft.server.log.force.sync.num = 128 (default)
2019-09-24 17:08:37,288 INFO  segmented.SegmentedRaftLogWorker (SegmentedRaftLogWorker.java:startLogSegment(380)) - s0@group-18F258B418A8-SegmentedRaftLogWorker: Starting segment from index:0
2019-09-24 17:08:37,288 INFO  server.RaftServerConfigKeys (ConfUtils.java:logGet(43)) - raft.server.log.statemachine.data.sync = true (default)
2019-09-24 17:08:37,288 INFO  server.RaftServerConfigKeys (ConfUtils.java:logGet(43)) - raft.server.log.statemachine.data.sync = true (default)
2019-09-24 17:08:37,288 INFO  server.RaftServerConfigKeys (ConfUtils.java:logGet(43)) - raft.server.log.force.sync.num = 128 (default)
2019-09-24 17:08:37,288 INFO  server.RaftServerConfigKeys (ConfUtils.java:logGet(43)) - raft.server.log.statemachine.data.sync = true (default)
2019-09-24 17:08:37,287 INFO  server.RaftServerConfigKeys (ConfUtils.java:logGet(43)) - raft.server.log.queue.byte-limit = 64MB (=67108864) (default)
2019-09-24 17:08:37,291 INFO  server.RaftServerConfigKeys (ConfUtils.java:logGet(43)) - raft.server.log.statemachine.data.sync.timeout = 10s (default)
2019-09-24 17:08:37,291 INFO  server.RaftServerConfigKeys (ConfUtils.java:logGet(43)) - raft.server.log.statemachine.data.sync = true (default)
2019-09-24 17:08:37,290 INFO  impl.RaftServerImpl (ServerState.java:setRaftConf(355)) - s0@group-18F258B418A8: set configuration 0: [s0:], old=null at 0
2019-09-24 17:08:37,290 INFO  server.RaftServerConfigKeys (ConfUtils.java:logGet(43)) - raft.server.log.statemachine.data.sync.timeout = 10s (default)
2019-09-24 17:08:37,290 INFO  server.RaftServerConfigKeys (ConfUtils.java:logGet(43)) - raft.server.log.statemachine.data.sync.timeout = 10s (default)
2019-09-24 17:08:37,290 INFO  server.RaftServerConfigKeys (ConfUtils.java:logGet(43)) - raft.server.log.statemachine.data.sync = true (default)
2019-09-24 17:08:37,290 INFO  server.RaftServerConfigKeys (ConfUtils.java:logGet(43)) - raft.server.log.write.buffer.size = 64KB (=65536) (default)
2019-09-24 17:08:37,289 INFO  server.RaftServerConfigKeys (ConfUtils.java:logGet(43)) - raft.server.log.statemachine.data.sync.timeout = 10s (default)
2019-09-24 17:08:37,289 INFO  segmented.SegmentedRaftLogWorker (SegmentedRaftLogWorker.java:<init>(172)) - new s2@group-C3ADC711F3B7-SegmentedRaftLogWorker for RaftStorage:Storage Directory /workdir/ratis-test/target/test/data/312143de/MiniRaftClusterWithSimulatedRpc129b1caf/s2/65574aca-6899-4903-b187-c3adc711f3b7
2019-09-24 17:08:37,293 INFO  server.RaftServerConfigKeys (ConfUtils.java:logGet(43)) - raft.server.log.statemachine.data.sync.timeout.retry = -1 (default)
2019-09-24 17:08:37,293 INFO  server.RaftServerConfigKeys (ConfUtils.java:logGet(43)) - raft.server.log.force.sync.num = 128 (default)
2019-09-24 17:08:37,294 INFO  server.RaftServerConfigKeys (ConfUtils.java:logGet(43)) - raft.server.log.statemachine.data.sync = true (default)
2019-09-24 17:08:37,293 INFO  server.RaftServerConfigKeys (ConfUtils.java:logGet(43)) - raft.server.log.statemachine.data.sync.timeout = 10s (default)
2019-09-24 17:08:37,292 INFO  server.RaftServerConfigKeys (ConfUtils.java:logGet(43)) - raft.server.log.statemachine.data.sync.timeout.retry = -1 (default)
2019-09-24 17:08:37,292 INFO  server.RaftServerConfigKeys (ConfUtils.java:logGet(43)) - raft.server.log.statemachine.data.sync.timeout.retry = -1 (default)
2019-09-24 17:08:37,291 INFO  server.RaftServerConfigKeys (ConfUtils.java:logGet(43)) - raft.server.log.statemachine.data.sync.timeout = 10s (default)
2019-09-24 17:08:37,291 INFO  server.RaftServerConfigKeys (ConfUtils.java:logGet(43)) - raft.server.log.statemachine.data.sync.timeout.retry = -1 (default)
2019-09-24 17:08:37,291 INFO  server.RaftServerConfigKeys (ConfUtils.java:logGet(43)) - raft.server.log.queue.element-limit = 4096 (default)
2019-09-24 17:08:37,295 INFO  server.RaftServerConfigKeys (ConfUtils.java:logGet(43)) - raft.server.log.statemachine.data.caching.enabled = false (default)
2019-09-24 17:08:37,295 INFO  server.RaftServerConfigKeys (ConfUtils.java:logGet(43)) - raft.server.log.statemachine.data.sync.timeout.retry = -1 (default)
2019-09-24 17:08:37,295 INFO  server.RaftServerConfigKeys (ConfUtils.java:logGet(43)) - raft.server.log.statemachine.data.caching.enabled = false (default)
2019-09-24 17:08:37,296 INFO  server.RaftServerConfigKeys (ConfUtils.java:logGet(43)) - raft.server.log.statemachine.data.caching.enabled = false (default)
2019-09-24 17:08:37,294 INFO  server.RaftServerConfigKeys (ConfUtils.java:logGet(43)) - raft.server.log.statemachine.data.caching.enabled = false (default)
2019-09-24 17:08:37,294 INFO  server.RaftServerConfigKeys (ConfUtils.java:logGet(43)) - raft.server.log.statemachine.data.sync.timeout.retry = -1 (default)
2019-09-24 17:08:37,294 INFO  server.RaftServerConfigKeys (ConfUtils.java:logGet(43)) - raft.server.log.statemachine.data.sync.timeout = 10s (default)
2019-09-24 17:08:37,294 INFO  server.RaftServerConfigKeys (ConfUtils.java:logGet(43)) - raft.server.log.statemachine.data.caching.enabled = false (default)
2019-09-24 17:08:37,293 INFO  server.RaftServerConfigKeys (ConfUtils.java:logGet(43)) - raft.server.log.queue.byte-limit = 64MB (=67108864) (default)
2019-09-24 17:08:37,297 INFO  server.RaftServerConfigKeys (ConfUtils.java:logGet(43)) - raft.server.log.statemachine.data.sync.timeout.retry = -1 (default)
2019-09-24 17:08:37,296 INFO  server.RaftServerConfigKeys (ConfUtils.java:logGet(43)) - raft.server.log.statemachine.data.caching.enabled = false (default)
2019-09-24 17:08:37,296 INFO  segmented.SegmentedRaftLogWorker (SegmentedRaftLogWorker.java:lambda$new$0(132)) - s5@group-C3ADC711F3B7-SegmentedRaftLogWorker: flushIndex: setUnconditionally 0 -> -1
2019-09-24 17:08:37,296 INFO  segmented.SegmentedRaftLogWorker (SegmentedRaftLogWorker.java:lambda$new$0(132)) - s7@group-C3ADC711F3B7-SegmentedRaftLogWorker: flushIndex: setUnconditionally 0 -> -1
2019-09-24 17:08:37,298 INFO  server.RaftServerConfigKeys (ConfUtils.java:logGet(43)) - raft.server.snapshot.auto.trigger.enabled = false (default)
2019-09-24 17:08:37,296 INFO  segmented.SegmentedRaftLogWorker (SegmentedRaftLogWorker.java:lambda$new$0(132)) - s4@group-C3ADC711F3B7-SegmentedRaftLogWorker: flushIndex: setUnconditionally 0 -> -1
2019-09-24 17:08:37,296 INFO  segmented.SegmentedRaftLogWorker (SegmentedRaftLogWorker.java:lambda$new$0(132)) - s6@group-C3ADC711F3B7-SegmentedRaftLogWorker: flushIndex: setUnconditionally 0 -> -1
2019-09-24 17:08:37,295 INFO  server.RaftServerConfigKeys (ConfUtils.java:logGet(43)) - raft.server.log.segment.size.max = 8MB (=8388608) (default)
2019-09-24 17:08:37,298 INFO  server.RaftServerConfigKeys (ConfUtils.java:logGet(43)) - raft.server.snapshot.auto.trigger.enabled = false (default)
2019-09-24 17:08:37,298 INFO  server.RaftServerConfigKeys (ConfUtils.java:logGet(43)) - raft.server.snapshot.auto.trigger.enabled = false (default)
2019-09-24 17:08:37,298 INFO  server.RaftServerConfigKeys (ConfUtils.java:logGet(43)) - raft.server.snapshot.retention.file.num = -1 (default)
2019-09-24 17:08:37,298 INFO  segmented.SegmentedRaftLogWorker (SegmentedRaftLogWorker.java:lambda$new$0(132)) - s1@group-C3ADC711F3B7-SegmentedRaftLogWorker: flushIndex: setUnconditionally 0 -> -1
2019-09-24 17:08:37,297 INFO  server.RaftServerConfigKeys (ConfUtils.java:logGet(43)) - raft.server.log.statemachine.data.caching.enabled = false (default)
2019-09-24 17:08:37,297 INFO  segmented.SegmentedRaftLogWorker (SegmentedRaftLogWorker.java:lambda$new$0(132)) - s0@group-C3ADC711F3B7-SegmentedRaftLogWorker: flushIndex: setUnconditionally 0 -> -1
2019-09-24 17:08:37,297 INFO  server.RaftServerConfigKeys (ConfUtils.java:logGet(43)) - raft.server.log.queue.element-limit = 4096 (default)
2019-09-24 17:08:37,300 INFO  server.RaftServerConfigKeys (ConfUtils.java:logGet(43)) - raft.server.snapshot.auto.trigger.enabled = false (default)
2019-09-24 17:08:37,300 INFO  segmented.SegmentedRaftLogWorker (SegmentedRaftLogWorker.java:lambda$new$0(132)) - s8@group-C3ADC711F3B7-SegmentedRaftLogWorker: flushIndex: setUnconditionally 0 -> -1
2019-09-24 17:08:37,299 INFO  server.RaftServerConfigKeys (ConfUtils.java:logGet(43)) - raft.server.snapshot.auto.trigger.enabled = false (default)
2019-09-24 17:08:37,300 INFO  server.RaftServerConfigKeys (ConfUtils.java:logGet(43)) - raft.server.snapshot.auto.trigger.enabled = false (default)
2019-09-24 17:08:37,299 INFO  server.RaftServerConfigKeys (ConfUtils.java:logGet(43)) - raft.server.retrycache.expirytime = 60s (default)
2019-09-24 17:08:37,299 INFO  server.RaftServerConfigKeys (ConfUtils.java:logGet(43)) - raft.server.snapshot.retention.file.num = -1 (default)
2019-09-24 17:08:37,299 INFO  server.RaftServerConfigKeys (ConfUtils.java:logGet(43)) - raft.server.snapshot.retention.file.num = -1 (default)
2019-09-24 17:08:37,299 INFO  server.RaftServerConfigKeys (ConfUtils.java:logGet(43)) - raft.server.log.preallocated.size = 4MB (=4194304) (default)
2019-09-24 17:08:37,301 INFO  server.RaftServerConfigKeys (ConfUtils.java:logGet(43)) - raft.server.log.write.buffer.size = 64KB (=65536) (default)
2019-09-24 17:08:37,299 INFO  server.RaftServerConfigKeys (ConfUtils.java:logGet(43)) - raft.server.snapshot.auto.trigger.enabled = false (default)
2019-09-24 17:08:37,301 INFO  server.RaftServerConfigKeys (ConfUtils.java:logGet(43)) - raft.server.log.force.sync.num = 128 (default)
2019-09-24 17:08:37,301 INFO  server.RaftServerConfigKeys (ConfUtils.java:logGet(43)) - raft.server.retrycache.expirytime = 60s (default)
2019-09-24 17:08:37,301 INFO  server.RaftServerConfigKeys (ConfUtils.java:logGet(43)) - raft.server.retrycache.expirytime = 60s (default)
2019-09-24 17:08:37,300 INFO  server.RaftServerConfigKeys (ConfUtils.java:logGet(43)) - raft.server.snapshot.retention.file.num = -1 (default)
2019-09-24 17:08:37,300 INFO  server.RaftServerConfigKeys (ConfUtils.java:logGet(43)) - raft.server.snapshot.retention.file.num = -1 (default)
2019-09-24 17:08:37,300 INFO  server.RaftServerConfigKeys (ConfUtils.java:logGet(43)) - raft.server.snapshot.retention.file.num = -1 (default)
2019-09-24 17:08:37,300 INFO  server.RaftServerConfigKeys (ConfUtils.java:logGet(43)) - raft.server.log.segment.size.max = 8MB (=8388608) (default)
2019-09-24 17:08:37,303 INFO  server.RaftServerConfigKeys (ConfUtils.java:logGet(43)) - raft.server.retrycache.expirytime = 60s (default)
2019-09-24 17:08:37,302 INFO  server.RaftServerConfigKeys (ConfUtils.java:logGet(43)) - raft.server.retrycache.expirytime = 60s (default)
2019-09-24 17:08:37,302 INFO  server.RaftServerConfigKeys (ConfUtils.java:logGet(43)) - raft.server.retrycache.expirytime = 60s (default)
2019-09-24 17:08:37,302 INFO  server.RaftServerConfigKeys (ConfUtils.java:logGet(43)) - raft.server.log.statemachine.data.sync = true (default)
2019-09-24 17:08:37,301 INFO  server.RaftServerConfigKeys (ConfUtils.java:logGet(43)) - raft.server.snapshot.retention.file.num = -1 (default)
2019-09-24 17:08:37,303 INFO  server.RaftServerConfigKeys (ConfUtils.java:logGet(43)) - raft.server.log.statemachine.data.sync.timeout = 10s (default)
2019-09-24 17:08:37,303 INFO  server.RaftServerConfigKeys (ConfUtils.java:logGet(43)) - raft.server.log.preallocated.size = 4MB (=4194304) (default)
2019-09-24 17:08:37,304 INFO  server.RaftServerConfigKeys (ConfUtils.java:logGet(43)) - raft.server.log.statemachine.data.sync.timeout.retry = -1 (default)
2019-09-24 17:08:37,304 INFO  server.RaftServerConfigKeys (ConfUtils.java:logGet(43)) - raft.server.retrycache.expirytime = 60s (default)
2019-09-24 17:08:37,304 INFO  server.RaftServerConfigKeys (ConfUtils.java:logGet(43)) - raft.server.log.statemachine.data.caching.enabled = false (default)
2019-09-24 17:08:37,304 INFO  server.RaftServerConfigKeys (ConfUtils.java:logGet(43)) - raft.server.log.write.buffer.size = 64KB (=65536) (default)
2019-09-24 17:08:37,305 INFO  segmented.SegmentedRaftLogWorker (SegmentedRaftLogWorker.java:lambda$new$0(132)) - s3@group-C3ADC711F3B7-SegmentedRaftLogWorker: flushIndex: setUnconditionally 0 -> -1
2019-09-24 17:08:37,305 INFO  server.RaftServerConfigKeys (ConfUtils.java:logGet(43)) - raft.server.log.force.sync.num = 128 (default)
2019-09-24 17:08:37,305 INFO  server.RaftServerConfigKeys (ConfUtils.java:logGet(43)) - raft.server.snapshot.auto.trigger.enabled = false (default)
2019-09-24 17:08:37,305 INFO  server.RaftServerConfigKeys (ConfUtils.java:logGet(43)) - raft.server.log.statemachine.data.sync = true (default)
2019-09-24 17:08:37,305 INFO  server.RaftServerConfigKeys (ConfUtils.java:logGet(43)) - raft.server.snapshot.retention.file.num = -1 (default)
2019-09-24 17:08:37,305 INFO  server.RaftServerConfigKeys (ConfUtils.java:logGet(43)) - raft.server.log.statemachine.data.sync.timeout = 10s (default)
2019-09-24 17:08:37,305 INFO  server.RaftServerConfigKeys (ConfUtils.java:logGet(43)) - raft.server.retrycache.expirytime = 60s (default)
2019-09-24 17:08:37,305 INFO  server.RaftServerConfigKeys (ConfUtils.java:logGet(43)) - raft.server.log.statemachine.data.sync.timeout.retry = -1 (default)
2019-09-24 17:08:37,306 INFO  server.RaftServerConfigKeys (ConfUtils.java:logGet(43)) - raft.server.log.statemachine.data.caching.enabled = false (default)
2019-09-24 17:08:37,306 INFO  segmented.SegmentedRaftLogWorker (SegmentedRaftLogWorker.java:lambda$new$0(132)) - s2@group-C3ADC711F3B7-SegmentedRaftLogWorker: flushIndex: setUnconditionally 0 -> -1
2019-09-24 17:08:37,307 INFO  server.RaftServerConfigKeys (ConfUtils.java:logGet(43)) - raft.server.snapshot.auto.trigger.enabled = false (default)
2019-09-24 17:08:37,307 INFO  server.RaftServerConfigKeys (ConfUtils.java:logGet(43)) - raft.server.snapshot.retention.file.num = -1 (default)
2019-09-24 17:08:37,307 INFO  server.RaftServerConfigKeys (ConfUtils.java:logGet(43)) - raft.server.retrycache.expirytime = 60s (default)
2019-09-24 17:08:37,318 INFO  impl.RaftServerImpl (RaftServerImpl.java:start(184)) - s3@group-C3ADC711F3B7: start with initializing state, conf=-1: [], old=null
2019-09-24 17:08:37,318 INFO  impl.RaftServerImpl (RaftServerImpl.java:setRole(170)) - s3@group-C3ADC711F3B7: changes role from      null to FOLLOWER at term 0 for startInitializing
2019-09-24 17:08:37,319 INFO  util.JmxRegister (JmxRegister.java:tryRegister(44)) - Successfully registered JMX Bean with object name Ratis:service=RaftServer,group=group-C3ADC711F3B7,id=s3
2019-09-24 17:08:37,322 INFO  impl.RaftServerProxy (RaftServerProxy.java:lambda$start$3(299)) - s3: start RPC server
2019-09-24 17:08:37,323 INFO  impl.RaftServerImpl (RaftServerImpl.java:start(184)) - s4@group-C3ADC711F3B7: start with initializing state, conf=-1: [], old=null
2019-09-24 17:08:37,324 INFO  impl.RaftServerImpl (RaftServerImpl.java:setRole(170)) - s4@group-C3ADC711F3B7: changes role from      null to FOLLOWER at term 0 for startInitializing
2019-09-24 17:08:37,324 INFO  util.JmxRegister (JmxRegister.java:tryRegister(44)) - Successfully registered JMX Bean with object name Ratis:service=RaftServer,group=group-C3ADC711F3B7,id=s4
2019-09-24 17:08:37,328 INFO  impl.RaftServerProxy (RaftServerProxy.java:lambda$start$3(299)) - s4: start RPC server
2019-09-24 17:08:37,329 INFO  impl.RaftServerImpl (RaftServerImpl.java:start(184)) - s5@group-C3ADC711F3B7: start with initializing state, conf=-1: [], old=null
2019-09-24 17:08:37,329 INFO  impl.RaftServerImpl (RaftServerImpl.java:setRole(170)) - s5@group-C3ADC711F3B7: changes role from      null to FOLLOWER at term 0 for startInitializing
2019-09-24 17:08:37,330 INFO  util.JmxRegister (JmxRegister.java:tryRegister(44)) - Successfully registered JMX Bean with object name Ratis:service=RaftServer,group=group-C3ADC711F3B7,id=s5
2019-09-24 17:08:37,333 INFO  impl.RaftServerProxy (RaftServerProxy.java:lambda$start$3(299)) - s5: start RPC server
2019-09-24 17:08:37,334 INFO  impl.RaftServerImpl (RaftServerImpl.java:start(184)) - s6@group-C3ADC711F3B7: start with initializing state, conf=-1: [], old=null
2019-09-24 17:08:37,334 INFO  impl.RaftServerImpl (RaftServerImpl.java:setRole(170)) - s6@group-C3ADC711F3B7: changes role from      null to FOLLOWER at term 0 for startInitializing
2019-09-24 17:08:37,335 INFO  util.JmxRegister (JmxRegister.java:tryRegister(44)) - Successfully registered JMX Bean with object name Ratis:service=RaftServer,group=group-C3ADC711F3B7,id=s6
2019-09-24 17:08:37,338 INFO  impl.RaftServerProxy (RaftServerProxy.java:lambda$start$3(299)) - s6: start RPC server
2019-09-24 17:08:37,339 INFO  impl.RaftServerImpl (RaftServerImpl.java:start(184)) - s7@group-C3ADC711F3B7: start with initializing state, conf=-1: [], old=null
2019-09-24 17:08:37,339 INFO  impl.RaftServerImpl (RaftServerImpl.java:setRole(170)) - s7@group-C3ADC711F3B7: changes role from      null to FOLLOWER at term 0 for startInitializing
2019-09-24 17:08:37,340 INFO  util.JmxRegister (JmxRegister.java:tryRegister(44)) - Successfully registered JMX Bean with object name Ratis:service=RaftServer,group=group-C3ADC711F3B7,id=s7
2019-09-24 17:08:37,343 INFO  impl.RaftServerProxy (RaftServerProxy.java:lambda$start$3(299)) - s7: start RPC server
2019-09-24 17:08:37,344 INFO  impl.RaftServerImpl (RaftServerImpl.java:start(184)) - s8@group-C3ADC711F3B7: start with initializing state, conf=-1: [], old=null
2019-09-24 17:08:37,344 INFO  impl.RaftServerImpl (RaftServerImpl.java:setRole(170)) - s8@group-C3ADC711F3B7: changes role from      null to FOLLOWER at term 0 for startInitializing
2019-09-24 17:08:37,344 INFO  util.JmxRegister (JmxRegister.java:tryRegister(44)) - Successfully registered JMX Bean with object name Ratis:service=RaftServer,group=group-C3ADC711F3B7,id=s8
2019-09-24 17:08:37,348 INFO  impl.RaftServerProxy (RaftServerProxy.java:lambda$start$3(299)) - s8: start RPC server
2019-09-24 17:08:37,349 INFO  impl.RaftServerImpl (RaftServerImpl.java:start(184)) - s0@group-C3ADC711F3B7: start with initializing state, conf=-1: [], old=null
2019-09-24 17:08:37,349 INFO  impl.RaftServerImpl (RaftServerImpl.java:setRole(170)) - s0@group-C3ADC711F3B7: changes role from      null to FOLLOWER at term 0 for startInitializing
2019-09-24 17:08:37,349 INFO  util.JmxRegister (JmxRegister.java:tryRegister(44)) - Successfully registered JMX Bean with object name Ratis:service=RaftServer,group=group-C3ADC711F3B7,id=s0
2019-09-24 17:08:37,353 INFO  impl.RaftServerProxy (RaftServerProxy.java:lambda$start$3(299)) - s0: start RPC server
2019-09-24 17:08:37,353 INFO  impl.RaftServerImpl (RaftServerImpl.java:start(184)) - s1@group-C3ADC711F3B7: start with initializing state, conf=-1: [], old=null
2019-09-24 17:08:37,354 INFO  impl.RaftServerImpl (RaftServerImpl.java:setRole(170)) - s1@group-C3ADC711F3B7: changes role from      null to FOLLOWER at term 0 for startInitializing
2019-09-24 17:08:37,354 INFO  util.JmxRegister (JmxRegister.java:tryRegister(44)) - Successfully registered JMX Bean with object name Ratis:service=RaftServer,group=group-C3ADC711F3B7,id=s1
2019-09-24 17:08:37,358 INFO  impl.RaftServerProxy (RaftServerProxy.java:lambda$start$3(299)) - s1: start RPC server
2019-09-24 17:08:37,358 INFO  impl.RaftServerImpl (RaftServerImpl.java:start(184)) - s2@group-C3ADC711F3B7: start with initializing state, conf=-1: [], old=null
2019-09-24 17:08:37,359 INFO  impl.RaftServerImpl (RaftServerImpl.java:setRole(170)) - s2@group-C3ADC711F3B7: changes role from      null to FOLLOWER at term 0 for startInitializing
2019-09-24 17:08:37,359 INFO  util.JmxRegister (JmxRegister.java:tryRegister(44)) - Successfully registered JMX Bean with object name Ratis:service=RaftServer,group=group-C3ADC711F3B7,id=s2
2019-09-24 17:08:37,362 INFO  impl.RaftServerProxy (RaftServerProxy.java:lambda$start$3(299)) - s2: start RPC server
2019-09-24 17:08:38,364 INFO  impl.GroupManagementBaseTest (GroupManagementBaseTest.java:runMultiGroupTest(156)) - start: printing ALL groups
  s3:  RUNNING  FOLLOWER s3@group-C3ADC711F3B7:t0, leader=null, voted=null, raftlog=s3@group-C3ADC711F3B7-SegmentedRaftLog:OPENED:c-1,f-1,i0, conf=-1: [], old=null STARTING
  s4:  RUNNING  FOLLOWER s4@group-C3ADC711F3B7:t0, leader=null, voted=null, raftlog=s4@group-C3ADC711F3B7-SegmentedRaftLog:OPENED:c-1,f-1,i0, conf=-1: [], old=null STARTING
  s5:  RUNNING  FOLLOWER s5@group-C3ADC711F3B7:t0, leader=null, voted=null, raftlog=s5@group-C3ADC711F3B7-SegmentedRaftLog:OPENED:c-1,f-1,i0, conf=-1: [], old=null STARTING
  s6:  RUNNING  FOLLOWER s6@group-C3ADC711F3B7:t0, leader=null, voted=null, raftlog=s6@group-C3ADC711F3B7-SegmentedRaftLog:OPENED:c-1,f-1,i0, conf=-1: [], old=null STARTING
  s7:  RUNNING  FOLLOWER s7@group-C3ADC711F3B7:t0, leader=null, voted=null, raftlog=s7@group-C3ADC711F3B7-SegmentedRaftLog:OPENED:c-1,f-1,i0, conf=-1: [], old=null STARTING
  s8:  RUNNING  FOLLOWER s8@group-C3ADC711F3B7:t0, leader=null, voted=null, raftlog=s8@group-C3ADC711F3B7-SegmentedRaftLog:OPENED:c-1,f-1,i0, conf=-1: [], old=null STARTING
  s0:  RUNNING  FOLLOWER s0@group-C3ADC711F3B7:t0, leader=null, voted=null, raftlog=s0@group-C3ADC711F3B7-SegmentedRaftLog:OPENED:c-1,f-1,i0, conf=-1: [], old=null STARTING
  s1:  RUNNING  FOLLOWER s1@group-C3ADC711F3B7:t0, leader=null, voted=null, raftlog=s1@group-C3ADC711F3B7-SegmentedRaftLog:OPENED:c-1,f-1,i0, conf=-1: [], old=null STARTING
  s2:  RUNNING  FOLLOWER s2@group-C3ADC711F3B7:t0, leader=null, voted=null, raftlog=s2@group-C3ADC711F3B7-SegmentedRaftLog:OPENED:c-1,f-1,i0, conf=-1: [], old=null STARTING
2019-09-24 17:08:38,365 INFO  impl.GroupManagementBaseTest (GroupManagementBaseTest.java:runMultiGroupTest(169)) - 0) starting group-27F859EF6650:[s3:null, s4:null, s0:null, s1:null, s2:null]
2019-09-24 17:08:38,365 DEBUG client.RaftClient (ConfUtils.java:logGet(43)) - raft.rpc.type = org.apache.ratis.server.simulation.SimulatedRpc (custom)
2019-09-24 17:08:38,366 DEBUG client.RaftClient (RaftClientImpl.java:sendRequest(275)) - client-59CF60AB4210: send GroupManagementRequest:client-59CF60AB4210->s0@group-27F859EF6650, cid=14, seq=0, RW, null, Add:group-27F859EF6650:[s3:null, s4:null, s0:null, s1:null, s2:null]
2019-09-24 17:08:38,367 INFO  impl.RaftServerProxy (RaftServerProxy.java:addNew(89)) - s0: addNew group-27F859EF6650:[s3:null, s4:null, s0:null, s1:null, s2:null] returns group-27F859EF6650:java.util.concurrent.CompletableFuture@4edb7d5e[Not completed]
2019-09-24 17:08:38,370 INFO  impl.RaftServerImpl (RaftServerImpl.java:<init>(95)) - s0: new RaftServerImpl for group-27F859EF6650:[s3:null, s4:null, s0:null, s1:null, s2:null] with BaseStateMachine:uninitialized
2019-09-24 17:08:38,371 INFO  server.RaftServerConfigKeys (ConfUtils.java:logGet(43)) - raft.server.rpc.timeout.min = 150ms (default)
2019-09-24 17:08:38,371 INFO  server.RaftServerConfigKeys (ConfUtils.java:logGet(43)) - raft.server.rpc.timeout.max = 300ms (default)
2019-09-24 17:08:38,371 INFO  server.RaftServerConfigKeys (ConfUtils.java:logGet(43)) - raft.server.rpcslowness.timeout = 60s (default)
2019-09-24 17:08:38,372 INFO  server.RaftServerConfigKeys (ConfUtils.java:logGet(43)) - raft.server.sleep.deviation.threshold = 300 (default)
2019-09-24 17:08:38,372 INFO  server.RaftServerConfigKeys (ConfUtils.java:logGet(43)) - raft.server.log.appender.install.snapshot.enabled = true (default)
2019-09-24 17:08:38,372 INFO  impl.RaftServerImpl (ServerState.java:<init>(103)) - s0@group-27F859EF6650: ConfigurationManager, init=-1: [s3:null, s4:null, s0:null, s1:null, s2:null], old=null, confs=<EMPTY_MAP>
2019-09-24 17:08:38,372 INFO  server.RaftServerConfigKeys (ConfUtils.java:logGet(43)) - raft.server.storage.dir = [/workdir/ratis-test/target/test/data/312143de/MiniRaftClusterWithSimulatedRpc129b1caf/s0] (custom)
2019-09-24 17:08:38,373 INFO  server.RaftServerConfigKeys (ConfUtils.java:logGet(43)) - raft.server.log.corruption.policy = EXCEPTION (default)
2019-09-24 17:08:38,373 INFO  storage.RaftStorageDirectory (RaftStorageDirectory.java:analyzeStorage(246)) - The storage directory /workdir/ratis-test/target/test/data/312143de/MiniRaftClusterWithSimulatedRpc129b1caf/s0/77b2d1b8-05b9-460f-9be1-27f859ef6650 does not exist. Creating ...
2019-09-24 17:08:38,374 TRACE util.FileUtils (LogUtils.java:runAndLog(61)) - Successfully ran Files.createDirectories /workdir/ratis-test/target/test/data/312143de/MiniRaftClusterWithSimulatedRpc129b1caf/s0/77b2d1b8-05b9-460f-9be1-27f859ef6650
2019-09-24 17:08:40,942 INFO  storage.RaftStorageDirectory (RaftStorageDirectory.java:tryLock(328)) - Lock on /workdir/ratis-test/target/test/data/312143de/MiniRaftClusterWithSimulatedRpc129b1caf/s0/77b2d1b8-05b9-460f-9be1-27f859ef6650/in_use.lock acquired by nodename 9360@ratis-test-vphbd-3564017154
2019-09-24 17:08:40,942 INFO  segmented.SegmentedRaftLogWorker (SegmentedRaftLogWorker.java:execute(569)) - s0@group-18F258B418A8-SegmentedRaftLogWorker: created new log segment /workdir/ratis-test/target/test/data/312143de/MiniRaftClusterWithSimulatedRpcd1e62d5/s0/0d011760-f958-4cfd-b8d9-18f258b418a8/current/log_inprogress_0
2019-09-24 17:08:40,943 TRACE util.FileUtils (LogUtils.java:runAndLog(61)) - Successfully ran Files.createDirectories /workdir/ratis-test/target/test/data/312143de/MiniRaftClusterWithSimulatedRpc129b1caf/s0/77b2d1b8-05b9-460f-9be1-27f859ef6650/current
2019-09-24 17:08:40,943 TRACE util.FileUtils (LogUtils.java:runAndLog(61)) - Successfully ran Files.createDirectories /workdir/ratis-test/target/test/data/312143de/MiniRaftClusterWithSimulatedRpc129b1caf/s0/77b2d1b8-05b9-460f-9be1-27f859ef6650/sm
2019-09-24 17:08:40,960 INFO  storage.RaftStorage (RaftStorage.java:format(84)) - Storage directory /workdir/ratis-test/target/test/data/312143de/MiniRaftClusterWithSimulatedRpc129b1caf/s0/77b2d1b8-05b9-460f-9be1-27f859ef6650 has been successfully formatted.
2019-09-24 17:08:40,960 INFO  server.RaftServerConfigKeys (ConfUtils.java:logGet(43)) - raft.server.notification.no-leader.timeout = 60s (default)
2019-09-24 17:08:40,960 INFO  server.RaftServerConfigKeys (ConfUtils.java:logGet(43)) - raft.server.log.use.memory = false (default)
2019-09-24 17:08:40,960 INFO  server.RaftServerConfigKeys (ConfUtils.java:logGet(43)) - raft.server.log.purge.gap = 1024 (default)
2019-09-24 17:08:40,961 INFO  server.RaftServerConfigKeys (ConfUtils.java:logGet(43)) - raft.server.log.appender.buffer.byte-limit = 4MB (=4194304) (default)
2019-09-24 17:08:40,961 INFO  server.RaftServerConfigKeys (ConfUtils.java:logGet(43)) - raft.server.log.segment.size.max = 8MB (=8388608) (default)
2019-09-24 17:08:40,961 INFO  server.RaftServerConfigKeys (ConfUtils.java:logGet(43)) - raft.server.log.segment.cache.num.max = 6 (default)
2019-09-24 17:08:40,961 INFO  segmented.SegmentedRaftLogWorker (SegmentedRaftLogWorker.java:<init>(172)) - new s0@group-27F859EF6650-SegmentedRaftLogWorker for RaftStorage:Storage Directory /workdir/ratis-test/target/test/data/312143de/MiniRaftClusterWithSimulatedRpc129b1caf/s0/77b2d1b8-05b9-460f-9be1-27f859ef6650
2019-09-24 17:08:40,961 INFO  server.RaftServerConfigKeys (ConfUtils.java:logGet(43)) - raft.server.log.queue.byte-limit = 64MB (=67108864) (default)
2019-09-24 17:08:40,961 INFO  server.RaftServerConfigKeys (ConfUtils.java:logGet(43)) - raft.server.log.queue.element-limit = 4096 (default)
2019-09-24 17:08:40,962 INFO  server.RaftServerConfigKeys (ConfUtils.java:logGet(43)) - raft.server.log.segment.size.max = 8MB (=8388608) (default)
2019-09-24 17:08:40,962 INFO  server.RaftServerConfigKeys (ConfUtils.java:logGet(43)) - raft.server.log.preallocated.size = 4MB (=4194304) (default)
2019-09-24 17:08:40,962 INFO  server.RaftServerConfigKeys (ConfUtils.java:logGet(43)) - raft.server.log.write.buffer.size = 64KB (=65536) (default)
2019-09-24 17:08:40,962 INFO  server.RaftServerConfigKeys (ConfUtils.java:logGet(43)) - raft.server.log.force.sync.num = 128 (default)
2019-09-24 17:08:40,962 INFO  server.RaftServerConfigKeys (ConfUtils.java:logGet(43)) - raft.server.log.statemachine.data.sync = true (default)
2019-09-24 17:08:40,962 INFO  server.RaftServerConfigKeys (ConfUtils.java:logGet(43)) - raft.server.log.statemachine.data.sync.timeout = 10s (default)
2019-09-24 17:08:40,962 INFO  server.RaftServerConfigKeys (ConfUtils.java:logGet(43)) - raft.server.log.statemachine.data.sync.timeout.retry = -1 (default)
2019-09-24 17:08:40,963 INFO  server.RaftServerConfigKeys (ConfUtils.java:logGet(43)) - raft.server.log.statemachine.data.caching.enabled = false (default)
2019-09-24 17:08:40,963 INFO  segmented.SegmentedRaftLogWorker (SegmentedRaftLogWorker.java:lambda$new$0(132)) - s0@group-27F859EF6650-SegmentedRaftLogWorker: flushIndex: setUnconditionally 0 -> -1
2019-09-24 17:08:40,963 INFO  server.RaftServerConfigKeys (ConfUtils.java:logGet(43)) - raft.server.snapshot.auto.trigger.enabled = false (default)
2019-09-24 17:08:40,964 INFO  server.RaftServerConfigKeys (ConfUtils.java:logGet(43)) - raft.server.snapshot.retention.file.num = -1 (default)
2019-09-24 17:08:40,964 INFO  server.RaftServerConfigKeys (ConfUtils.java:logGet(43)) - raft.server.retrycache.expirytime = 60s (default)
2019-09-24 17:08:40,967 DEBUG impl.RaftServerProxy (RaftServerProxy.java:lambda$groupAddAsync$10(380)) - s0: newImpl =      null s0@group-27F859EF6650:t0, leader=null, voted=null, raftlog=s0@group-27F859EF6650-SegmentedRaftLog:OPENED:c-1,f-1,i0, conf=-1: [s3:null, s4:null, s0:null, s1:null, s2:null], old=null NEW
2019-09-24 17:08:40,967 INFO  impl.RaftServerImpl (RaftServerImpl.java:start(181)) - s0@group-27F859EF6650: start as a follower, conf=-1: [s3:null, s4:null, s0:null, s1:null, s2:null], old=null
2019-09-24 17:08:40,967 INFO  impl.RaftServerImpl (RaftServerImpl.java:setRole(170)) - s0@group-27F859EF6650: changes role from      null to FOLLOWER at term 0 for startAsFollower
2019-09-24 17:08:40,967 INFO  impl.RoleInfo (RoleInfo.java:updateAndGet(143)) - s0: start FollowerState
2019-09-24 17:08:40,968 INFO  util.JmxRegister (JmxRegister.java:tryRegister(44)) - Successfully registered JMX Bean with object name Ratis:service=RaftServer,group=group-27F859EF6650,id=s0
2019-09-24 17:08:40,971 DEBUG client.RaftClient (RaftClientImpl.java:sendRequest(285)) - client-59CF60AB4210: receive RaftClientReply:client-59CF60AB4210->s0@group-27F859EF6650, cid=14, SUCCESS, logIndex=0, commits[s0:c-1]
2019-09-24 17:08:40,972 DEBUG client.RaftClient (ConfUtils.java:logGet(43)) - raft.rpc.type = org.apache.ratis.server.simulation.SimulatedRpc (custom)
2019-09-24 17:08:40,972 DEBUG client.RaftClient (RaftClientImpl.java:sendRequest(275)) - client-CA8EE37189BA: send GroupManagementRequest:client-CA8EE37189BA->s1@group-27F859EF6650, cid=15, seq=0, RW, null, Add:group-27F859EF6650:[s3:null, s4:null, s0:null, s1:null, s2:null]
2019-09-24 17:08:40,974 INFO  impl.RaftServerProxy (RaftServerProxy.java:addNew(89)) - s1: addNew group-27F859EF6650:[s3:null, s4:null, s0:null, s1:null, s2:null] returns group-27F859EF6650:java.util.concurrent.CompletableFuture@6d5d5def[Not completed]
2019-09-24 17:08:40,974 INFO  impl.RaftServerImpl (RaftServerImpl.java:<init>(95)) - s1: new RaftServerImpl for group-27F859EF6650:[s3:null, s4:null, s0:null, s1:null, s2:null] with BaseStateMachine:uninitialized
2019-09-24 17:08:40,974 INFO  server.RaftServerConfigKeys (ConfUtils.java:logGet(43)) - raft.server.rpc.timeout.min = 150ms (default)
2019-09-24 17:08:40,974 INFO  server.RaftServerConfigKeys (ConfUtils.java:logGet(43)) - raft.server.rpc.timeout.max = 300ms (default)
2019-09-24 17:08:40,974 INFO  server.RaftServerConfigKeys (ConfUtils.java:logGet(43)) - raft.server.rpcslowness.timeout = 60s (default)
2019-09-24 17:08:40,974 INFO  server.RaftServerConfigKeys (ConfUtils.java:logGet(43)) - raft.server.sleep.deviation.threshold = 300 (default)
2019-09-24 17:08:40,975 INFO  server.RaftServerConfigKeys (ConfUtils.java:logGet(43)) - raft.server.log.appender.install.snapshot.enabled = true (default)
2019-09-24 17:08:40,975 INFO  impl.RaftServerImpl (ServerState.java:<init>(103)) - s1@group-27F859EF6650: ConfigurationManager, init=-1: [s3:null, s4:null, s0:null, s1:null, s2:null], old=null, confs=<EMPTY_MAP>
2019-09-24 17:08:40,975 INFO  server.RaftServerConfigKeys (ConfUtils.java:logGet(43)) - raft.server.storage.dir = [/workdir/ratis-test/target/test/data/312143de/MiniRaftClusterWithSimulatedRpc129b1caf/s1] (custom)
2019-09-24 17:08:40,975 INFO  server.RaftServerConfigKeys (ConfUtils.java:logGet(43)) - raft.server.log.corruption.policy = EXCEPTION (default)
2019-09-24 17:08:40,975 INFO  storage.RaftStorageDirectory (RaftStorageDirectory.java:analyzeStorage(246)) - The storage directory /workdir/ratis-test/target/test/data/312143de/MiniRaftClusterWithSimulatedRpc129b1caf/s1/77b2d1b8-05b9-460f-9be1-27f859ef6650 does not exist. Creating ...
2019-09-24 17:08:40,976 TRACE util.FileUtils (LogUtils.java:runAndLog(61)) - Successfully ran Files.createDirectories /workdir/ratis-test/target/test/data/312143de/MiniRaftClusterWithSimulatedRpc129b1caf/s1/77b2d1b8-05b9-460f-9be1-27f859ef6650
2019-09-24 17:08:40,993 INFO  storage.RaftStorageDirectory (RaftStorageDirectory.java:tryLock(328)) - Lock on /workdir/ratis-test/target/test/data/312143de/MiniRaftClusterWithSimulatedRpc129b1caf/s1/77b2d1b8-05b9-460f-9be1-27f859ef6650/in_use.lock acquired by nodename 9360@ratis-test-vphbd-3564017154
2019-09-24 17:08:40,993 TRACE util.FileUtils (LogUtils.java:runAndLog(61)) - Successfully ran Files.createDirectories /workdir/ratis-test/target/test/data/312143de/MiniRaftClusterWithSimulatedRpc129b1caf/s1/77b2d1b8-05b9-460f-9be1-27f859ef6650/current
2019-09-24 17:08:40,993 TRACE util.FileUtils (LogUtils.java:runAndLog(61)) - Successfully ran Files.createDirectories /workdir/ratis-test/target/test/data/312143de/MiniRaftClusterWithSimulatedRpc129b1caf/s1/77b2d1b8-05b9-460f-9be1-27f859ef6650/sm
2019-09-24 17:08:41,017 INFO  storage.RaftStorage (RaftStorage.java:format(84)) - Storage directory /workdir/ratis-test/target/test/data/312143de/MiniRaftClusterWithSimulatedRpc129b1caf/s1/77b2d1b8-05b9-460f-9be1-27f859ef6650 has been successfully formatted.
2019-09-24 17:08:41,018 INFO  server.RaftServerConfigKeys (ConfUtils.java:logGet(43)) - raft.server.notification.no-leader.timeout = 60s (default)
2019-09-24 17:08:41,018 INFO  server.RaftServerConfigKeys (ConfUtils.java:logGet(43)) - raft.server.log.use.memory = false (default)
2019-09-24 17:08:41,018 INFO  server.RaftServerConfigKeys (ConfUtils.java:logGet(43)) - raft.server.log.purge.gap = 1024 (default)
2019-09-24 17:08:41,018 INFO  server.RaftServerConfigKeys (ConfUtils.java:logGet(43)) - raft.server.log.appender.buffer.byte-limit = 4MB (=4194304) (default)
2019-09-24 17:08:41,018 INFO  server.RaftServerConfigKeys (ConfUtils.java:logGet(43)) - raft.server.log.segment.size.max = 8MB (=8388608) (default)
2019-09-24 17:08:41,018 INFO  server.RaftServerConfigKeys (ConfUtils.java:logGet(43)) - raft.server.log.segment.cache.num.max = 6 (default)
2019-09-24 17:08:41,018 INFO  segmented.SegmentedRaftLogWorker (SegmentedRaftLogWorker.java:<init>(172)) - new s1@group-27F859EF6650-SegmentedRaftLogWorker for RaftStorage:Storage Directory /workdir/ratis-test/target/test/data/312143de/MiniRaftClusterWithSimulatedRpc129b1caf/s1/77b2d1b8-05b9-460f-9be1-27f859ef6650
2019-09-24 17:08:41,019 INFO  server.RaftServerConfigKeys (ConfUtils.java:logGet(43)) - raft.server.log.queue.byte-limit = 64MB (=67108864) (default)
2019-09-24 17:08:41,019 INFO  server.RaftServerConfigKeys (ConfUtils.java:logGet(43)) - raft.server.log.queue.element-limit = 4096 (default)
2019-09-24 17:08:41,019 INFO  server.RaftServerConfigKeys (ConfUtils.java:logGet(43)) - raft.server.log.segment.size.max = 8MB (=8388608) (default)
2019-09-24 17:08:41,019 INFO  server.RaftServerConfigKeys (ConfUtils.java:logGet(43)) - raft.server.log.preallocated.size = 4MB (=4194304) (default)
2019-09-24 17:08:41,019 INFO  server.RaftServerConfigKeys (ConfUtils.java:logGet(43)) - raft.server.log.write.buffer.size = 64KB (=65536) (default)
2019-09-24 17:08:41,019 INFO  server.RaftServerConfigKeys (ConfUtils.java:logGet(43)) - raft.server.log.force.sync.num = 128 (default)
2019-09-24 17:08:41,019 INFO  server.RaftServerConfigKeys (ConfUtils.java:logGet(43)) - raft.server.log.statemachine.data.sync = true (default)
2019-09-24 17:08:41,019 INFO  server.RaftServerConfigKeys (ConfUtils.java:logGet(43)) - raft.server.log.statemachine.data.sync.timeout = 10s (default)
2019-09-24 17:08:41,019 INFO  server.RaftServerConfigKeys (ConfUtils.java:logGet(43)) - raft.server.log.statemachine.data.sync.timeout.retry = -1 (default)
2019-09-24 17:08:41,020 INFO  server.RaftServerConfigKeys (ConfUtils.java:logGet(43)) - raft.server.log.statemachine.data.caching.enabled = false (default)
2019-09-24 17:08:41,020 INFO  segmented.SegmentedRaftLogWorker (SegmentedRaftLogWorker.java:lambda$new$0(132)) - s1@group-27F859EF6650-SegmentedRaftLogWorker: flushIndex: setUnconditionally 0 -> -1
2019-09-24 17:08:41,020 INFO  server.RaftServerConfigKeys (ConfUtils.java:logGet(43)) - raft.server.snapshot.auto.trigger.enabled = false (default)
2019-09-24 17:08:41,020 INFO  server.RaftServerConfigKeys (ConfUtils.java:logGet(43)) - raft.server.snapshot.retention.file.num = -1 (default)
2019-09-24 17:08:41,020 INFO  server.RaftServerConfigKeys (ConfUtils.java:logGet(43)) - raft.server.retrycache.expirytime = 60s (default)
2019-09-24 17:08:41,023 DEBUG impl.RaftServerProxy (RaftServerProxy.java:lambda$groupAddAsync$10(380)) - s1: newImpl =      null s1@group-27F859EF6650:t0, leader=null, voted=null, raftlog=s1@group-27F859EF6650-SegmentedRaftLog:OPENED:c-1,f-1,i0, conf=-1: [s3:null, s4:null, s0:null, s1:null, s2:null], old=null NEW
2019-09-24 17:08:41,023 INFO  impl.RaftServerImpl (RaftServerImpl.java:start(181)) - s1@group-27F859EF6650: start as a follower, conf=-1: [s3:null, s4:null, s0:null, s1:null, s2:null], old=null
2019-09-24 17:08:41,023 INFO  impl.RaftServerImpl (RaftServerImpl.java:setRole(170)) - s1@group-27F859EF6650: changes role from      null to FOLLOWER at term 0 for startAsFollower
2019-09-24 17:08:41,023 INFO  impl.RoleInfo (RoleInfo.java:updateAndGet(143)) - s1: start FollowerState
2019-09-24 17:08:41,023 INFO  util.JmxRegister (JmxRegister.java:tryRegister(44)) - Successfully registered JMX Bean with object name Ratis:service=RaftServer,group=group-27F859EF6650,id=s1
2019-09-24 17:08:41,026 DEBUG client.RaftClient (RaftClientImpl.java:sendRequest(285)) - client-CA8EE37189BA: receive RaftClientReply:client-CA8EE37189BA->s1@group-27F859EF6650, cid=15, SUCCESS, logIndex=0, commits[s1:c-1]
2019-09-24 17:08:41,026 DEBUG client.RaftClient (ConfUtils.java:logGet(43)) - raft.rpc.type = org.apache.ratis.server.simulation.SimulatedRpc (custom)
2019-09-24 17:08:41,027 DEBUG client.RaftClient (RaftClientImpl.java:sendRequest(275)) - client-22FD9521E058: send GroupManagementRequest:client-22FD9521E058->s2@group-27F859EF6650, cid=16, seq=0, RW, null, Add:group-27F859EF6650:[s3:null, s4:null, s0:null, s1:null, s2:null]
2019-09-24 17:08:41,028 INFO  impl.RaftServerProxy (RaftServerProxy.java:addNew(89)) - s2: addNew group-27F859EF6650:[s3:null, s4:null, s0:null, s1:null, s2:null] returns group-27F859EF6650:java.util.concurrent.CompletableFuture@75055ec2[Not completed]
2019-09-24 17:08:41,028 INFO  impl.RaftServerImpl (RaftServerImpl.java:<init>(95)) - s2: new RaftServerImpl for group-27F859EF6650:[s3:null, s4:null, s0:null, s1:null, s2:null] with BaseStateMachine:uninitialized
2019-09-24 17:08:41,028 INFO  server.RaftServerConfigKeys (ConfUtils.java:logGet(43)) - raft.server.rpc.timeout.min = 150ms (default)
2019-09-24 17:08:41,029 INFO  server.RaftServerConfigKeys (ConfUtils.java:logGet(43)) - raft.server.rpc.timeout.max = 300ms (default)
2019-09-24 17:08:41,029 INFO  server.RaftServerConfigKeys (ConfUtils.java:logGet(43)) - raft.server.rpcslowness.timeout = 60s (default)
2019-09-24 17:08:41,029 INFO  server.RaftServerConfigKeys (ConfUtils.java:logGet(43)) - raft.server.sleep.deviation.threshold = 300 (default)
2019-09-24 17:08:41,029 INFO  server.RaftServerConfigKeys (ConfUtils.java:logGet(43)) - raft.server.log.appender.install.snapshot.enabled = true (default)
2019-09-24 17:08:41,029 INFO  impl.RaftServerImpl (ServerState.java:<init>(103)) - s2@group-27F859EF6650: ConfigurationManager, init=-1: [s3:null, s4:null, s0:null, s1:null, s2:null], old=null, confs=<EMPTY_MAP>
2019-09-24 17:08:41,030 INFO  server.RaftServerConfigKeys (ConfUtils.java:logGet(43)) - raft.server.storage.dir = [/workdir/ratis-test/target/test/data/312143de/MiniRaftClusterWithSimulatedRpc129b1caf/s2] (custom)
2019-09-24 17:08:41,030 INFO  server.RaftServerConfigKeys (ConfUtils.java:logGet(43)) - raft.server.log.corruption.policy = EXCEPTION (default)
2019-09-24 17:08:41,030 INFO  storage.RaftStorageDirectory (RaftStorageDirectory.java:analyzeStorage(246)) - The storage directory /workdir/ratis-test/target/test/data/312143de/MiniRaftClusterWithSimulatedRpc129b1caf/s2/77b2d1b8-05b9-460f-9be1-27f859ef6650 does not exist. Creating ...
2019-09-24 17:08:41,031 TRACE util.FileUtils (LogUtils.java:runAndLog(61)) - Successfully ran Files.createDirectories /workdir/ratis-test/target/test/data/312143de/MiniRaftClusterWithSimulatedRpc129b1caf/s2/77b2d1b8-05b9-460f-9be1-27f859ef6650
2019-09-24 17:08:41,191 INFO  impl.FollowerState (FollowerState.java:run(108)) - s0@group-27F859EF6650-FollowerState: change to CANDIDATE, lastRpcTime:223ms, electionTimeout:223ms
2019-09-24 17:08:41,191 INFO  impl.RoleInfo (RoleInfo.java:shutdownFollowerState(121)) - s0: shutdown FollowerState
2019-09-24 17:08:41,191 INFO  impl.RaftServerImpl (RaftServerImpl.java:setRole(170)) - s0@group-27F859EF6650: changes role from  FOLLOWER to CANDIDATE at term 0 for changeToCandidate
2019-09-24 17:08:41,191 INFO  impl.RoleInfo (RoleInfo.java:updateAndGet(143)) - s0: start LeaderElection
2019-09-24 17:08:41,232 INFO  impl.FollowerState (FollowerState.java:run(108)) - s1@group-27F859EF6650-FollowerState: change to CANDIDATE, lastRpcTime:208ms, electionTimeout:208ms
2019-09-24 17:08:41,232 INFO  impl.RoleInfo (RoleInfo.java:shutdownFollowerState(121)) - s1: shutdown FollowerState
2019-09-24 17:08:41,232 INFO  impl.RaftServerImpl (RaftServerImpl.java:setRole(170)) - s1@group-27F859EF6650: changes role from  FOLLOWER to CANDIDATE at term 0 for changeToCandidate
2019-09-24 17:08:41,232 INFO  impl.RoleInfo (RoleInfo.java:updateAndGet(143)) - s1: start LeaderElection
2019-09-24 17:08:44,027 DEBUG client.RaftClient (RaftClientImpl.java:handleIOException(343)) - client-22FD9521E058: suggested new leader: null. Failed GroupManagementRequest:client-22FD9521E058->s2@group-27F859EF6650, cid=16, seq=0, RW, null, Add:group-27F859EF6650:[s3:null, s4:null, s0:null, s1:null, s2:null] with java.io.IOException: Timeout while waiting for reply of request GroupManagementRequest:client-22FD9521E058->s2@group-27F859EF6650, cid=16, seq=0, RW, null, Add:group-27F859EF6650:[s3:null, s4:null, s0:null, s1:null, s2:null]
2019-09-24 17:08:44,028 DEBUG client.RaftClient (RaftClientImpl.java:handleIOException(362)) - client-22FD9521E058: oldLeader=s2,  curLeader=s2, newLeader=null
]]></system-out>
  </testcase>
</testsuite>