<?xml version="1.0" encoding="UTF-8"?>
<testsuite xmlns:xsi="http://www.w3.org/2001/XMLSchema-instance" xsi:noNamespaceSchemaLocation="https://maven.apache.org/surefire/maven-surefire-plugin/xsd/surefire-test-report.xsd" name="org.apache.ratis.server.raftlog.TestRaftLogMetrics" time="1.847" tests="1" errors="0" skipped="0" failures="1">
  <properties>
    <property name="awt.toolkit" value="sun.awt.X11.XToolkit"/>
    <property name="file.encoding.pkg" value="sun.io"/>
    <property name="java.specification.version" value="1.8"/>
    <property name="sun.cpu.isalist" value=""/>
    <property name="sun.jnu.encoding" value="UTF-8"/>
    <property name="java.class.path" value="/workdir/ratis-test/target/test-classes:/workdir/ratis-test/target/classes:/workdir/ratis-common/target/classes:/home/user/.m2/repository/org/apache/ratis/ratis-thirdparty-misc/0.2.0/ratis-thirdparty-misc-0.2.0.jar:/workdir/ratis-proto/target/ratis-proto-0.5.0-SNAPSHOT.jar:/home/user/.m2/repository/org/slf4j/slf4j-log4j12/1.7.10/slf4j-log4j12-1.7.10.jar:/home/user/.m2/repository/log4j/log4j/1.2.17/log4j-1.2.17.jar:/workdir/ratis-common/target/test-classes:/workdir/ratis-client/target/classes:/workdir/ratis-server/target/classes:/workdir/ratis-metrics/target/classes:/home/user/.m2/repository/io/dropwizard/metrics/metrics-core/3.2.5/metrics-core-3.2.5.jar:/home/user/.m2/repository/com/github/joshelser/dropwizard-metrics-hadoop-metrics2-reporter/0.1.2/dropwizard-metrics-hadoop-metrics2-reporter-0.1.2.jar:/home/user/.m2/repository/org/apache/hadoop/hadoop-common/2.6.0/hadoop-common-2.6.0.jar:/home/user/.m2/repository/org/apache/hadoop/hadoop-annotations/2.6.0/hadoop-annotations-2.6.0.jar:/usr/lib/jvm/java-1.8-openjdk/jre/../lib/tools.jar:/home/user/.m2/repository/com/google/guava/guava/11.0.2/guava-11.0.2.jar:/home/user/.m2/repository/commons-cli/commons-cli/1.2/commons-cli-1.2.jar:/home/user/.m2/repository/org/apache/commons/commons-math3/3.1.1/commons-math3-3.1.1.jar:/home/user/.m2/repository/xmlenc/xmlenc/0.52/xmlenc-0.52.jar:/home/user/.m2/repository/commons-httpclient/commons-httpclient/3.1/commons-httpclient-3.1.jar:/home/user/.m2/repository/commons-codec/commons-codec/1.4/commons-codec-1.4.jar:/home/user/.m2/repository/commons-io/commons-io/2.4/commons-io-2.4.jar:/home/user/.m2/repository/commons-net/commons-net/3.1/commons-net-3.1.jar:/home/user/.m2/repository/commons-collections/commons-collections/3.2.1/commons-collections-3.2.1.jar:/home/user/.m2/repository/javax/servlet/servlet-api/2.5/servlet-api-2.5.jar:/home/user/.m2/repository/org/mortbay/jetty/jetty/6.1.26/jetty-6.1.26.jar:/home/user/.m2/repository/org/mortbay/jetty/jetty-util/6.1.26/jetty-util-6.1.26.jar:/home/user/.m2/repository/com/sun/jersey/jersey-core/1.9/jersey-core-1.9.jar:/home/user/.m2/repository/com/sun/jersey/jersey-json/1.9/jersey-json-1.9.jar:/home/user/.m2/repository/org/codehaus/jettison/jettison/1.1/jettison-1.1.jar:/home/user/.m2/repository/com/sun/xml/bind/jaxb-impl/2.2.3-1/jaxb-impl-2.2.3-1.jar:/home/user/.m2/repository/javax/xml/bind/jaxb-api/2.2.2/jaxb-api-2.2.2.jar:/home/user/.m2/repository/javax/xml/stream/stax-api/1.0-2/stax-api-1.0-2.jar:/home/user/.m2/repository/javax/activation/activation/1.1/activation-1.1.jar:/home/user/.m2/repository/org/codehaus/jackson/jackson-jaxrs/1.8.3/jackson-jaxrs-1.8.3.jar:/home/user/.m2/repository/org/codehaus/jackson/jackson-xc/1.8.3/jackson-xc-1.8.3.jar:/home/user/.m2/repository/com/sun/jersey/jersey-server/1.9/jersey-server-1.9.jar:/home/user/.m2/repository/asm/asm/3.1/asm-3.1.jar:/home/user/.m2/repository/tomcat/jasper-compiler/5.5.23/jasper-compiler-5.5.23.jar:/home/user/.m2/repository/tomcat/jasper-runtime/5.5.23/jasper-runtime-5.5.23.jar:/home/user/.m2/repository/javax/servlet/jsp/jsp-api/2.1/jsp-api-2.1.jar:/home/user/.m2/repository/commons-el/commons-el/1.0/commons-el-1.0.jar:/home/user/.m2/repository/commons-logging/commons-logging/1.1.3/commons-logging-1.1.3.jar:/home/user/.m2/repository/net/java/dev/jets3t/jets3t/0.9.0/jets3t-0.9.0.jar:/home/user/.m2/repository/org/apache/httpcomponents/httpclient/4.1.2/httpclient-4.1.2.jar:/home/user/.m2/repository/org/apache/httpcomponents/httpcore/4.1.2/httpcore-4.1.2.jar:/home/user/.m2/repository/com/jamesmurty/utils/java-xmlbuilder/0.4/java-xmlbuilder-0.4.jar:/home/user/.m2/repository/commons-lang/commons-lang/2.6/commons-lang-2.6.jar:/home/user/.m2/repository/commons-configuration/commons-configuration/1.6/commons-configuration-1.6.jar:/home/user/.m2/repository/commons-digester/commons-digester/1.8/commons-digester-1.8.jar:/home/user/.m2/repository/commons-beanutils/commons-beanutils/1.7.0/commons-beanutils-1.7.0.jar:/home/user/.m2/repository/commons-beanutils/commons-beanutils-core/1.8.0/commons-beanutils-core-1.8.0.jar:/home/user/.m2/repository/org/codehaus/jackson/jackson-core-asl/1.9.13/jackson-core-asl-1.9.13.jar:/home/user/.m2/repository/org/codehaus/jackson/jackson-mapper-asl/1.9.13/jackson-mapper-asl-1.9.13.jar:/home/user/.m2/repository/org/apache/avro/avro/1.7.4/avro-1.7.4.jar:/home/user/.m2/repository/com/thoughtworks/paranamer/paranamer/2.3/paranamer-2.3.jar:/home/user/.m2/repository/org/xerial/snappy/snappy-java/1.0.4.1/snappy-java-1.0.4.1.jar:/home/user/.m2/repository/com/google/protobuf/protobuf-java/2.5.0/protobuf-java-2.5.0.jar:/home/user/.m2/repository/com/google/code/gson/gson/2.2.4/gson-2.2.4.jar:/home/user/.m2/repository/org/apache/hadoop/hadoop-auth/2.6.0/hadoop-auth-2.6.0.jar:/home/user/.m2/repository/org/apache/directory/server/apacheds-kerberos-codec/2.0.0-M15/apacheds-kerberos-codec-2.0.0-M15.jar:/home/user/.m2/repository/org/apache/directory/server/apacheds-i18n/2.0.0-M15/apacheds-i18n-2.0.0-M15.jar:/home/user/.m2/repository/org/apache/directory/api/api-asn1-api/1.0.0-M20/api-asn1-api-1.0.0-M20.jar:/home/user/.m2/repository/org/apache/directory/api/api-util/1.0.0-M20/api-util-1.0.0-M20.jar:/home/user/.m2/repository/org/apache/curator/curator-framework/2.6.0/curator-framework-2.6.0.jar:/home/user/.m2/repository/com/jcraft/jsch/0.1.42/jsch-0.1.42.jar:/home/user/.m2/repository/org/apache/curator/curator-client/2.6.0/curator-client-2.6.0.jar:/home/user/.m2/repository/org/apache/curator/curator-recipes/2.6.0/curator-recipes-2.6.0.jar:/home/user/.m2/repository/com/google/code/findbugs/jsr305/1.3.9/jsr305-1.3.9.jar:/home/user/.m2/repository/org/htrace/htrace-core/3.0.4/htrace-core-3.0.4.jar:/home/user/.m2/repository/org/apache/zookeeper/zookeeper/3.4.6/zookeeper-3.4.6.jar:/home/user/.m2/repository/io/netty/netty/3.7.0.Final/netty-3.7.0.Final.jar:/home/user/.m2/repository/org/apache/commons/commons-compress/1.4.1/commons-compress-1.4.1.jar:/home/user/.m2/repository/org/tukaani/xz/1.0/xz-1.0.jar:/home/user/.m2/repository/io/dropwizard/metrics/metrics-jvm/3.2.5/metrics-jvm-3.2.5.jar:/home/user/.m2/repository/io/dropwizard/metrics/metrics-ganglia/3.2.5/metrics-ganglia-3.2.5.jar:/home/user/.m2/repository/info/ganglia/gmetric4j/gmetric4j/1.0.7/gmetric4j-1.0.7.jar:/workdir/ratis-server/target/test-classes:/workdir/ratis-netty/target/classes:/workdir/ratis-netty/target/test-classes:/workdir/ratis-grpc/target/classes:/workdir/ratis-grpc/target/test-classes:/home/user/.m2/repository/org/slf4j/slf4j-api/1.7.10/slf4j-api-1.7.10.jar:/home/user/.m2/repository/junit/junit/4.12/junit-4.12.jar:/home/user/.m2/repository/org/hamcrest/hamcrest-core/1.3/hamcrest-core-1.3.jar:/home/user/.m2/repository/org/mockito/mockito-all/1.8.5/mockito-all-1.8.5.jar:"/>
    <property name="java.vm.vendor" value="IcedTea"/>
    <property name="sun.arch.data.model" value="64"/>
    <property name="java.vendor.url" value="https://icedtea.classpath.org"/>
    <property name="user.timezone" value=""/>
    <property name="java.vm.specification.version" value="1.8"/>
    <property name="os.name" value="Linux"/>
    <property name="user.country" value="US"/>
    <property name="sun.java.launcher" value="SUN_STANDARD"/>
    <property name="sun.boot.library.path" value="/usr/lib/jvm/java-1.8-openjdk/jre/lib/amd64"/>
    <property name="sun.java.command" value="/workdir/ratis-test/target/surefire/surefirebooter1637983662297692300.jar /workdir/ratis-test/target/surefire 2019-09-24T16-02-41_483-jvmRun1 surefire7113522589684640454tmp surefire_644402988694125198652tmp"/>
    <property name="surefire.test.class.path" value="/workdir/ratis-test/target/test-classes:/workdir/ratis-test/target/classes:/workdir/ratis-common/target/classes:/home/user/.m2/repository/org/apache/ratis/ratis-thirdparty-misc/0.2.0/ratis-thirdparty-misc-0.2.0.jar:/workdir/ratis-proto/target/ratis-proto-0.5.0-SNAPSHOT.jar:/home/user/.m2/repository/org/slf4j/slf4j-log4j12/1.7.10/slf4j-log4j12-1.7.10.jar:/home/user/.m2/repository/log4j/log4j/1.2.17/log4j-1.2.17.jar:/workdir/ratis-common/target/test-classes:/workdir/ratis-client/target/classes:/workdir/ratis-server/target/classes:/workdir/ratis-metrics/target/classes:/home/user/.m2/repository/io/dropwizard/metrics/metrics-core/3.2.5/metrics-core-3.2.5.jar:/home/user/.m2/repository/com/github/joshelser/dropwizard-metrics-hadoop-metrics2-reporter/0.1.2/dropwizard-metrics-hadoop-metrics2-reporter-0.1.2.jar:/home/user/.m2/repository/org/apache/hadoop/hadoop-common/2.6.0/hadoop-common-2.6.0.jar:/home/user/.m2/repository/org/apache/hadoop/hadoop-annotations/2.6.0/hadoop-annotations-2.6.0.jar:/usr/lib/jvm/java-1.8-openjdk/jre/../lib/tools.jar:/home/user/.m2/repository/com/google/guava/guava/11.0.2/guava-11.0.2.jar:/home/user/.m2/repository/commons-cli/commons-cli/1.2/commons-cli-1.2.jar:/home/user/.m2/repository/org/apache/commons/commons-math3/3.1.1/commons-math3-3.1.1.jar:/home/user/.m2/repository/xmlenc/xmlenc/0.52/xmlenc-0.52.jar:/home/user/.m2/repository/commons-httpclient/commons-httpclient/3.1/commons-httpclient-3.1.jar:/home/user/.m2/repository/commons-codec/commons-codec/1.4/commons-codec-1.4.jar:/home/user/.m2/repository/commons-io/commons-io/2.4/commons-io-2.4.jar:/home/user/.m2/repository/commons-net/commons-net/3.1/commons-net-3.1.jar:/home/user/.m2/repository/commons-collections/commons-collections/3.2.1/commons-collections-3.2.1.jar:/home/user/.m2/repository/javax/servlet/servlet-api/2.5/servlet-api-2.5.jar:/home/user/.m2/repository/org/mortbay/jetty/jetty/6.1.26/jetty-6.1.26.jar:/home/user/.m2/repository/org/mortbay/jetty/jetty-util/6.1.26/jetty-util-6.1.26.jar:/home/user/.m2/repository/com/sun/jersey/jersey-core/1.9/jersey-core-1.9.jar:/home/user/.m2/repository/com/sun/jersey/jersey-json/1.9/jersey-json-1.9.jar:/home/user/.m2/repository/org/codehaus/jettison/jettison/1.1/jettison-1.1.jar:/home/user/.m2/repository/com/sun/xml/bind/jaxb-impl/2.2.3-1/jaxb-impl-2.2.3-1.jar:/home/user/.m2/repository/javax/xml/bind/jaxb-api/2.2.2/jaxb-api-2.2.2.jar:/home/user/.m2/repository/javax/xml/stream/stax-api/1.0-2/stax-api-1.0-2.jar:/home/user/.m2/repository/javax/activation/activation/1.1/activation-1.1.jar:/home/user/.m2/repository/org/codehaus/jackson/jackson-jaxrs/1.8.3/jackson-jaxrs-1.8.3.jar:/home/user/.m2/repository/org/codehaus/jackson/jackson-xc/1.8.3/jackson-xc-1.8.3.jar:/home/user/.m2/repository/com/sun/jersey/jersey-server/1.9/jersey-server-1.9.jar:/home/user/.m2/repository/asm/asm/3.1/asm-3.1.jar:/home/user/.m2/repository/tomcat/jasper-compiler/5.5.23/jasper-compiler-5.5.23.jar:/home/user/.m2/repository/tomcat/jasper-runtime/5.5.23/jasper-runtime-5.5.23.jar:/home/user/.m2/repository/javax/servlet/jsp/jsp-api/2.1/jsp-api-2.1.jar:/home/user/.m2/repository/commons-el/commons-el/1.0/commons-el-1.0.jar:/home/user/.m2/repository/commons-logging/commons-logging/1.1.3/commons-logging-1.1.3.jar:/home/user/.m2/repository/net/java/dev/jets3t/jets3t/0.9.0/jets3t-0.9.0.jar:/home/user/.m2/repository/org/apache/httpcomponents/httpclient/4.1.2/httpclient-4.1.2.jar:/home/user/.m2/repository/org/apache/httpcomponents/httpcore/4.1.2/httpcore-4.1.2.jar:/home/user/.m2/repository/com/jamesmurty/utils/java-xmlbuilder/0.4/java-xmlbuilder-0.4.jar:/home/user/.m2/repository/commons-lang/commons-lang/2.6/commons-lang-2.6.jar:/home/user/.m2/repository/commons-configuration/commons-configuration/1.6/commons-configuration-1.6.jar:/home/user/.m2/repository/commons-digester/commons-digester/1.8/commons-digester-1.8.jar:/home/user/.m2/repository/commons-beanutils/commons-beanutils/1.7.0/commons-beanutils-1.7.0.jar:/home/user/.m2/repository/commons-beanutils/commons-beanutils-core/1.8.0/commons-beanutils-core-1.8.0.jar:/home/user/.m2/repository/org/codehaus/jackson/jackson-core-asl/1.9.13/jackson-core-asl-1.9.13.jar:/home/user/.m2/repository/org/codehaus/jackson/jackson-mapper-asl/1.9.13/jackson-mapper-asl-1.9.13.jar:/home/user/.m2/repository/org/apache/avro/avro/1.7.4/avro-1.7.4.jar:/home/user/.m2/repository/com/thoughtworks/paranamer/paranamer/2.3/paranamer-2.3.jar:/home/user/.m2/repository/org/xerial/snappy/snappy-java/1.0.4.1/snappy-java-1.0.4.1.jar:/home/user/.m2/repository/com/google/protobuf/protobuf-java/2.5.0/protobuf-java-2.5.0.jar:/home/user/.m2/repository/com/google/code/gson/gson/2.2.4/gson-2.2.4.jar:/home/user/.m2/repository/org/apache/hadoop/hadoop-auth/2.6.0/hadoop-auth-2.6.0.jar:/home/user/.m2/repository/org/apache/directory/server/apacheds-kerberos-codec/2.0.0-M15/apacheds-kerberos-codec-2.0.0-M15.jar:/home/user/.m2/repository/org/apache/directory/server/apacheds-i18n/2.0.0-M15/apacheds-i18n-2.0.0-M15.jar:/home/user/.m2/repository/org/apache/directory/api/api-asn1-api/1.0.0-M20/api-asn1-api-1.0.0-M20.jar:/home/user/.m2/repository/org/apache/directory/api/api-util/1.0.0-M20/api-util-1.0.0-M20.jar:/home/user/.m2/repository/org/apache/curator/curator-framework/2.6.0/curator-framework-2.6.0.jar:/home/user/.m2/repository/com/jcraft/jsch/0.1.42/jsch-0.1.42.jar:/home/user/.m2/repository/org/apache/curator/curator-client/2.6.0/curator-client-2.6.0.jar:/home/user/.m2/repository/org/apache/curator/curator-recipes/2.6.0/curator-recipes-2.6.0.jar:/home/user/.m2/repository/com/google/code/findbugs/jsr305/1.3.9/jsr305-1.3.9.jar:/home/user/.m2/repository/org/htrace/htrace-core/3.0.4/htrace-core-3.0.4.jar:/home/user/.m2/repository/org/apache/zookeeper/zookeeper/3.4.6/zookeeper-3.4.6.jar:/home/user/.m2/repository/io/netty/netty/3.7.0.Final/netty-3.7.0.Final.jar:/home/user/.m2/repository/org/apache/commons/commons-compress/1.4.1/commons-compress-1.4.1.jar:/home/user/.m2/repository/org/tukaani/xz/1.0/xz-1.0.jar:/home/user/.m2/repository/io/dropwizard/metrics/metrics-jvm/3.2.5/metrics-jvm-3.2.5.jar:/home/user/.m2/repository/io/dropwizard/metrics/metrics-ganglia/3.2.5/metrics-ganglia-3.2.5.jar:/home/user/.m2/repository/info/ganglia/gmetric4j/gmetric4j/1.0.7/gmetric4j-1.0.7.jar:/workdir/ratis-server/target/test-classes:/workdir/ratis-netty/target/classes:/workdir/ratis-netty/target/test-classes:/workdir/ratis-grpc/target/classes:/workdir/ratis-grpc/target/test-classes:/home/user/.m2/repository/org/slf4j/slf4j-api/1.7.10/slf4j-api-1.7.10.jar:/home/user/.m2/repository/junit/junit/4.12/junit-4.12.jar:/home/user/.m2/repository/org/hamcrest/hamcrest-core/1.3/hamcrest-core-1.3.jar:/home/user/.m2/repository/org/mockito/mockito-all/1.8.5/mockito-all-1.8.5.jar:"/>
    <property name="sun.cpu.endian" value="little"/>
    <property name="user.home" value="/home/user"/>
    <property name="user.language" value="en"/>
    <property name="java.specification.vendor" value="Oracle Corporation"/>
    <property name="java.home" value="/usr/lib/jvm/java-1.8-openjdk/jre"/>
    <property name="basedir" value="/workdir/ratis-test"/>
    <property name="file.separator" value="/"/>
    <property name="line.separator" value="&#10;"/>
    <property name="java.vm.specification.vendor" value="Oracle Corporation"/>
    <property name="java.specification.name" value="Java Platform API Specification"/>
    <property name="java.awt.graphicsenv" value="sun.awt.X11GraphicsEnvironment"/>
    <property name="surefire.real.class.path" value="/workdir/ratis-test/target/surefire/surefirebooter1637983662297692300.jar"/>
    <property name="sun.boot.class.path" value="/usr/lib/jvm/java-1.8-openjdk/jre/lib/resources.jar:/usr/lib/jvm/java-1.8-openjdk/jre/lib/rt.jar:/usr/lib/jvm/java-1.8-openjdk/jre/lib/sunrsasign.jar:/usr/lib/jvm/java-1.8-openjdk/jre/lib/jsse.jar:/usr/lib/jvm/java-1.8-openjdk/jre/lib/jce.jar:/usr/lib/jvm/java-1.8-openjdk/jre/lib/charsets.jar:/usr/lib/jvm/java-1.8-openjdk/jre/lib/jfr.jar:/usr/lib/jvm/java-1.8-openjdk/jre/classes"/>
    <property name="sun.management.compiler" value="HotSpot 64-Bit Tiered Compilers"/>
    <property name="java.runtime.version" value="1.8.0_212-b04"/>
    <property name="java.net.preferIPv4Stack" value="true"/>
    <property name="user.name" value="jenkins1000"/>
    <property name="path.separator" value=":"/>
    <property name="os.version" value="3.10.0-957.12.2.el7.x86_64"/>
    <property name="java.endorsed.dirs" value="/usr/lib/jvm/java-1.8-openjdk/jre/lib/endorsed"/>
    <property name="java.runtime.name" value="OpenJDK Runtime Environment"/>
    <property name="file.encoding" value="UTF-8"/>
    <property name="java.vm.name" value="OpenJDK 64-Bit Server VM"/>
    <property name="localRepository" value="/home/user/.m2/repository"/>
    <property name="java.vendor.url.bug" value="https://icedtea.classpath.org/bugzilla"/>
    <property name="java.io.tmpdir" value="/tmp"/>
    <property name="java.version" value="1.8.0_212"/>
    <property name="user.dir" value="/workdir/ratis-test"/>
    <property name="os.arch" value="amd64"/>
    <property name="ratis.tmp.dir" value="/workdir/ratis-test/target/tmp"/>
    <property name="java.vm.specification.name" value="Java Virtual Machine Specification"/>
    <property name="java.awt.printerjob" value="sun.print.PSPrinterJob"/>
    <property name="ratis.log.dir" value="/workdir/ratis-test/target/log"/>
    <property name="sun.os.patch.level" value="unknown"/>
    <property name="java.library.path" value="/usr/lib/jvm/java-1.8-openjdk/jre/lib/amd64/server:/usr/lib/jvm/java-1.8-openjdk/jre/lib/amd64:/usr/lib/jvm/java-1.8-openjdk/jre/../lib/amd64:/usr/java/packages/lib/amd64:/usr/lib64:/lib64:/lib:/usr/lib"/>
    <property name="java.vm.info" value="mixed mode"/>
    <property name="java.vendor" value="IcedTea"/>
    <property name="java.vm.version" value="25.212-b04"/>
    <property name="java.ext.dirs" value="/usr/lib/jvm/java-1.8-openjdk/jre/lib/ext:/usr/java/packages/lib/ext"/>
    <property name="sun.io.unicode.encoding" value="UnicodeLittle"/>
    <property name="java.class.version" value="52.0"/>
  </properties>
  <testcase name="testFlushMetric" classname="org.apache.ratis.server.raftlog.TestRaftLogMetrics" time="1.653">
    <failure message="expected:&lt;5&gt; but was:&lt;4&gt;" type="java.lang.AssertionError"><![CDATA[java.lang.AssertionError: expected:<5> but was:<4>
	at org.apache.ratis.server.raftlog.TestRaftLogMetrics.assertFlushCount(TestRaftLogMetrics.java:110)
	at org.apache.ratis.server.raftlog.TestRaftLogMetrics.runTestFlushMetric(TestRaftLogMetrics.java:93)
	at org.apache.ratis.server.raftlog.TestRaftLogMetrics.testFlushMetric(TestRaftLogMetrics.java:78)
]]></failure>
    <system-out><![CDATA[2019-09-24 17:14:06,673 INFO  util.LogUtils (LogUtils.java:setLogLevel(41)) - Set org.apache.ratis.conf.ConfUtils log level to WARN
2019-09-24 17:14:06,680 INFO  util.LogUtils (LogUtils.java:setLogLevel(41)) - Set org.apache.ratis.util.FileUtils log level to TRACE
2019-09-24 17:14:06,698 INFO  util.LogUtils (LogUtils.java:setLogLevel(41)) - Set org.apache.ratis.server.impl.RaftServerImpl log level to DEBUG
2019-09-24 17:14:06,733 INFO  simulation.MiniRaftClusterWithSimulatedRpc (ConfUtils.java:logGet(43)) - org.apache.ratis.server.simulation.SimulatedRequestReply.simulateLatencyMs = 150 (default)
2019-09-24 17:14:06,809 INFO  ratis.MiniRaftCluster (MiniRaftCluster.java:<init>(253)) - new MiniRaftClusterWithSimulatedRpc with group-E471BFB07DBE:[s0:0.0.0.0:36958, s1:0.0.0.0:45126, s2:0.0.0.0:36081]
2019-09-24 17:14:06,810 INFO  ratis.MiniRaftCluster (MiniRaftCluster.java:start(287)) - .............................................................. 
2019-09-24 17:14:06,810 INFO  ratis.MiniRaftCluster (MiniRaftCluster.java:start(288)) - ... 
2019-09-24 17:14:06,810 INFO  ratis.MiniRaftCluster (MiniRaftCluster.java:start(289)) - ...     Starting MiniRaftClusterWithSimulatedRpc
2019-09-24 17:14:06,811 INFO  ratis.MiniRaftCluster (MiniRaftCluster.java:start(290)) - ... 
2019-09-24 17:14:06,811 INFO  ratis.MiniRaftCluster (MiniRaftCluster.java:start(291)) - .............................................................. 
2019-09-24 17:14:06,811 INFO  ratis.MiniRaftCluster (MiniRaftCluster.java:initServers(265)) - servers = {}
2019-09-24 17:14:06,826 INFO  ratis.MiniRaftCluster (MiniRaftCluster.java:newRaftServer(330)) - newRaftServer: s0, group-E471BFB07DBE:[s0:0.0.0.0:36958, s1:0.0.0.0:45126, s2:0.0.0.0:36081], format? true
2019-09-24 17:14:06,829 TRACE util.FileUtils (FileUtils.java:deleteFully(88)) - deleteFully target/test/data/3b3bd68b/MiniRaftClusterWithSimulatedRpce23a57a3/s0
2019-09-24 17:14:06,839 TRACE util.FileUtils (FileUtils.java:deleteFully(104)) - deleteFully: target/test/data/3b3bd68b/MiniRaftClusterWithSimulatedRpce23a57a3/s0 does not exist.
2019-09-24 17:14:06,839 INFO  ratis.MiniRaftCluster (MiniRaftCluster.java:newRaftServer(335)) - Formatted directory target/test/data/3b3bd68b/MiniRaftClusterWithSimulatedRpce23a57a3/s0
2019-09-24 17:14:06,855 INFO  impl.RaftServerProxy (ConfUtils.java:logGet(43)) - raft.rpc.type = org.apache.ratis.server.simulation.SimulatedRpc (custom)
2019-09-24 17:14:06,885 INFO  server.RaftServerConfigKeys (ConfUtils.java:logGet(43)) - raft.server.storage.dir = [/workdir/ratis-test/target/test/data/3b3bd68b/MiniRaftClusterWithSimulatedRpce23a57a3/s0] (custom)
2019-09-24 17:14:06,896 INFO  impl.RaftServerProxy (RaftServerProxy.java:addNew(89)) - s0: addNew group-E471BFB07DBE:[s0:0.0.0.0:36958, s1:0.0.0.0:45126, s2:0.0.0.0:36081] returns group-E471BFB07DBE:java.util.concurrent.CompletableFuture@38a94da3[Not completed]
2019-09-24 17:14:06,897 INFO  ratis.MiniRaftCluster (MiniRaftCluster.java:newRaftServer(330)) - newRaftServer: s1, group-E471BFB07DBE:[s0:0.0.0.0:36958, s1:0.0.0.0:45126, s2:0.0.0.0:36081], format? true
2019-09-24 17:14:06,897 TRACE util.FileUtils (FileUtils.java:deleteFully(88)) - deleteFully target/test/data/3b3bd68b/MiniRaftClusterWithSimulatedRpce23a57a3/s1
2019-09-24 17:14:06,897 TRACE util.FileUtils (FileUtils.java:deleteFully(104)) - deleteFully: target/test/data/3b3bd68b/MiniRaftClusterWithSimulatedRpce23a57a3/s1 does not exist.
2019-09-24 17:14:06,897 INFO  ratis.MiniRaftCluster (MiniRaftCluster.java:newRaftServer(335)) - Formatted directory target/test/data/3b3bd68b/MiniRaftClusterWithSimulatedRpce23a57a3/s1
2019-09-24 17:14:06,898 INFO  impl.RaftServerProxy (ConfUtils.java:logGet(43)) - raft.rpc.type = org.apache.ratis.server.simulation.SimulatedRpc (custom)
2019-09-24 17:14:06,898 INFO  server.RaftServerConfigKeys (ConfUtils.java:logGet(43)) - raft.server.storage.dir = [/workdir/ratis-test/target/test/data/3b3bd68b/MiniRaftClusterWithSimulatedRpce23a57a3/s1] (custom)
2019-09-24 17:14:06,898 INFO  impl.RaftServerImpl (RaftServerImpl.java:<init>(95)) - s0: new RaftServerImpl for group-E471BFB07DBE:[s0:0.0.0.0:36958, s1:0.0.0.0:45126, s2:0.0.0.0:36081] with MetricsStateMachine:uninitialized
2019-09-24 17:14:06,899 INFO  impl.RaftServerProxy (RaftServerProxy.java:addNew(89)) - s1: addNew group-E471BFB07DBE:[s0:0.0.0.0:36958, s1:0.0.0.0:45126, s2:0.0.0.0:36081] returns group-E471BFB07DBE:java.util.concurrent.CompletableFuture@679b6320[Not completed]
2019-09-24 17:14:06,899 INFO  ratis.MiniRaftCluster (MiniRaftCluster.java:newRaftServer(330)) - newRaftServer: s2, group-E471BFB07DBE:[s0:0.0.0.0:36958, s1:0.0.0.0:45126, s2:0.0.0.0:36081], format? true
2019-09-24 17:14:06,899 INFO  impl.RaftServerImpl (RaftServerImpl.java:<init>(95)) - s1: new RaftServerImpl for group-E471BFB07DBE:[s0:0.0.0.0:36958, s1:0.0.0.0:45126, s2:0.0.0.0:36081] with MetricsStateMachine:uninitialized
2019-09-24 17:14:06,899 TRACE util.FileUtils (FileUtils.java:deleteFully(88)) - deleteFully target/test/data/3b3bd68b/MiniRaftClusterWithSimulatedRpce23a57a3/s2
2019-09-24 17:14:06,900 TRACE util.FileUtils (FileUtils.java:deleteFully(104)) - deleteFully: target/test/data/3b3bd68b/MiniRaftClusterWithSimulatedRpce23a57a3/s2 does not exist.
2019-09-24 17:14:06,900 INFO  ratis.MiniRaftCluster (MiniRaftCluster.java:newRaftServer(335)) - Formatted directory target/test/data/3b3bd68b/MiniRaftClusterWithSimulatedRpce23a57a3/s2
2019-09-24 17:14:06,900 INFO  impl.RaftServerProxy (ConfUtils.java:logGet(43)) - raft.rpc.type = org.apache.ratis.server.simulation.SimulatedRpc (custom)
2019-09-24 17:14:06,901 INFO  server.RaftServerConfigKeys (ConfUtils.java:logGet(43)) - raft.server.storage.dir = [/workdir/ratis-test/target/test/data/3b3bd68b/MiniRaftClusterWithSimulatedRpce23a57a3/s2] (custom)
2019-09-24 17:14:06,901 INFO  impl.RaftServerProxy (RaftServerProxy.java:addNew(89)) - s2: addNew group-E471BFB07DBE:[s0:0.0.0.0:36958, s1:0.0.0.0:45126, s2:0.0.0.0:36081] returns group-E471BFB07DBE:java.util.concurrent.CompletableFuture@17f99906[Not completed]
2019-09-24 17:14:06,902 INFO  impl.RaftServerImpl (RaftServerImpl.java:<init>(95)) - s2: new RaftServerImpl for group-E471BFB07DBE:[s0:0.0.0.0:36958, s1:0.0.0.0:45126, s2:0.0.0.0:36081] with MetricsStateMachine:uninitialized
2019-09-24 17:14:06,907 INFO  server.RaftServerConfigKeys (ConfUtils.java:logGet(43)) - raft.server.rpc.timeout.min = 150ms (default)
2019-09-24 17:14:06,907 INFO  server.RaftServerConfigKeys (ConfUtils.java:logGet(43)) - raft.server.rpc.timeout.min = 150ms (default)
2019-09-24 17:14:06,907 INFO  server.RaftServerConfigKeys (ConfUtils.java:logGet(43)) - raft.server.rpc.timeout.min = 150ms (default)
2019-09-24 17:14:06,908 INFO  server.RaftServerConfigKeys (ConfUtils.java:logGet(43)) - raft.server.rpc.timeout.max = 300ms (default)
2019-09-24 17:14:06,908 INFO  server.RaftServerConfigKeys (ConfUtils.java:logGet(43)) - raft.server.rpc.timeout.max = 300ms (default)
2019-09-24 17:14:06,909 INFO  server.RaftServerConfigKeys (ConfUtils.java:logGet(43)) - raft.server.rpcslowness.timeout = 60s (default)
2019-09-24 17:14:06,909 INFO  server.RaftServerConfigKeys (ConfUtils.java:logGet(43)) - raft.server.rpc.timeout.max = 300ms (default)
2019-09-24 17:14:06,909 INFO  server.RaftServerConfigKeys (ConfUtils.java:logGet(43)) - raft.server.rpcslowness.timeout = 60s (default)
2019-09-24 17:14:06,910 INFO  server.RaftServerConfigKeys (ConfUtils.java:logGet(43)) - raft.server.rpcslowness.timeout = 60s (default)
2019-09-24 17:14:06,910 INFO  server.RaftServerConfigKeys (ConfUtils.java:logGet(43)) - raft.server.sleep.deviation.threshold = 300 (default)
2019-09-24 17:14:06,910 INFO  server.RaftServerConfigKeys (ConfUtils.java:logGet(43)) - raft.server.sleep.deviation.threshold = 300 (default)
2019-09-24 17:14:06,910 INFO  server.RaftServerConfigKeys (ConfUtils.java:logGet(43)) - raft.server.sleep.deviation.threshold = 300 (default)
2019-09-24 17:14:06,913 INFO  server.RaftServerConfigKeys (ConfUtils.java:logGet(43)) - raft.server.log.appender.install.snapshot.enabled = true (default)
2019-09-24 17:14:06,913 INFO  server.RaftServerConfigKeys (ConfUtils.java:logGet(43)) - raft.server.log.appender.install.snapshot.enabled = true (default)
2019-09-24 17:14:06,913 INFO  server.RaftServerConfigKeys (ConfUtils.java:logGet(43)) - raft.server.log.appender.install.snapshot.enabled = true (default)
2019-09-24 17:14:06,920 INFO  impl.RaftServerImpl (ServerState.java:<init>(103)) - s2@group-E471BFB07DBE: ConfigurationManager, init=-1: [s0:0.0.0.0:36958, s1:0.0.0.0:45126, s2:0.0.0.0:36081], old=null, confs=<EMPTY_MAP>
2019-09-24 17:14:06,920 INFO  impl.RaftServerImpl (ServerState.java:<init>(103)) - s0@group-E471BFB07DBE: ConfigurationManager, init=-1: [s0:0.0.0.0:36958, s1:0.0.0.0:45126, s2:0.0.0.0:36081], old=null, confs=<EMPTY_MAP>
2019-09-24 17:14:06,920 INFO  impl.RaftServerImpl (ServerState.java:<init>(103)) - s1@group-E471BFB07DBE: ConfigurationManager, init=-1: [s0:0.0.0.0:36958, s1:0.0.0.0:45126, s2:0.0.0.0:36081], old=null, confs=<EMPTY_MAP>
2019-09-24 17:14:06,920 INFO  server.RaftServerConfigKeys (ConfUtils.java:logGet(43)) - raft.server.storage.dir = [/workdir/ratis-test/target/test/data/3b3bd68b/MiniRaftClusterWithSimulatedRpce23a57a3/s2] (custom)
2019-09-24 17:14:06,921 INFO  server.RaftServerConfigKeys (ConfUtils.java:logGet(43)) - raft.server.storage.dir = [/workdir/ratis-test/target/test/data/3b3bd68b/MiniRaftClusterWithSimulatedRpce23a57a3/s0] (custom)
2019-09-24 17:14:06,921 INFO  server.RaftServerConfigKeys (ConfUtils.java:logGet(43)) - raft.server.storage.dir = [/workdir/ratis-test/target/test/data/3b3bd68b/MiniRaftClusterWithSimulatedRpce23a57a3/s1] (custom)
2019-09-24 17:14:06,931 INFO  server.RaftServerConfigKeys (ConfUtils.java:logGet(43)) - raft.server.log.corruption.policy = EXCEPTION (default)
2019-09-24 17:14:06,931 INFO  server.RaftServerConfigKeys (ConfUtils.java:logGet(43)) - raft.server.log.corruption.policy = EXCEPTION (default)
2019-09-24 17:14:06,931 INFO  server.RaftServerConfigKeys (ConfUtils.java:logGet(43)) - raft.server.log.corruption.policy = EXCEPTION (default)
2019-09-24 17:14:06,933 INFO  storage.RaftStorageDirectory (RaftStorageDirectory.java:analyzeStorage(246)) - The storage directory /workdir/ratis-test/target/test/data/3b3bd68b/MiniRaftClusterWithSimulatedRpce23a57a3/s2/611f5217-7a44-4849-a8eb-e471bfb07dbe does not exist. Creating ...
2019-09-24 17:14:06,933 INFO  storage.RaftStorageDirectory (RaftStorageDirectory.java:analyzeStorage(246)) - The storage directory /workdir/ratis-test/target/test/data/3b3bd68b/MiniRaftClusterWithSimulatedRpce23a57a3/s0/611f5217-7a44-4849-a8eb-e471bfb07dbe does not exist. Creating ...
2019-09-24 17:14:06,933 INFO  storage.RaftStorageDirectory (RaftStorageDirectory.java:analyzeStorage(246)) - The storage directory /workdir/ratis-test/target/test/data/3b3bd68b/MiniRaftClusterWithSimulatedRpce23a57a3/s1/611f5217-7a44-4849-a8eb-e471bfb07dbe does not exist. Creating ...
2019-09-24 17:14:06,935 TRACE util.FileUtils (LogUtils.java:runAndLog(61)) - Successfully ran Files.createDirectories /workdir/ratis-test/target/test/data/3b3bd68b/MiniRaftClusterWithSimulatedRpce23a57a3/s2/611f5217-7a44-4849-a8eb-e471bfb07dbe
2019-09-24 17:14:06,935 TRACE util.FileUtils (LogUtils.java:runAndLog(61)) - Successfully ran Files.createDirectories /workdir/ratis-test/target/test/data/3b3bd68b/MiniRaftClusterWithSimulatedRpce23a57a3/s1/611f5217-7a44-4849-a8eb-e471bfb07dbe
2019-09-24 17:14:06,935 TRACE util.FileUtils (LogUtils.java:runAndLog(61)) - Successfully ran Files.createDirectories /workdir/ratis-test/target/test/data/3b3bd68b/MiniRaftClusterWithSimulatedRpce23a57a3/s0/611f5217-7a44-4849-a8eb-e471bfb07dbe
2019-09-24 17:14:06,989 INFO  storage.RaftStorageDirectory (RaftStorageDirectory.java:tryLock(328)) - Lock on /workdir/ratis-test/target/test/data/3b3bd68b/MiniRaftClusterWithSimulatedRpce23a57a3/s0/611f5217-7a44-4849-a8eb-e471bfb07dbe/in_use.lock acquired by nodename 15400@ratis-test-vphbd-3564017154
2019-09-24 17:14:06,989 INFO  storage.RaftStorageDirectory (RaftStorageDirectory.java:tryLock(328)) - Lock on /workdir/ratis-test/target/test/data/3b3bd68b/MiniRaftClusterWithSimulatedRpce23a57a3/s1/611f5217-7a44-4849-a8eb-e471bfb07dbe/in_use.lock acquired by nodename 15400@ratis-test-vphbd-3564017154
2019-09-24 17:14:06,989 INFO  storage.RaftStorageDirectory (RaftStorageDirectory.java:tryLock(328)) - Lock on /workdir/ratis-test/target/test/data/3b3bd68b/MiniRaftClusterWithSimulatedRpce23a57a3/s2/611f5217-7a44-4849-a8eb-e471bfb07dbe/in_use.lock acquired by nodename 15400@ratis-test-vphbd-3564017154
2019-09-24 17:14:06,991 TRACE util.FileUtils (LogUtils.java:runAndLog(61)) - Successfully ran Files.createDirectories /workdir/ratis-test/target/test/data/3b3bd68b/MiniRaftClusterWithSimulatedRpce23a57a3/s2/611f5217-7a44-4849-a8eb-e471bfb07dbe/current
2019-09-24 17:14:06,991 TRACE util.FileUtils (LogUtils.java:runAndLog(61)) - Successfully ran Files.createDirectories /workdir/ratis-test/target/test/data/3b3bd68b/MiniRaftClusterWithSimulatedRpce23a57a3/s1/611f5217-7a44-4849-a8eb-e471bfb07dbe/current
2019-09-24 17:14:06,991 TRACE util.FileUtils (LogUtils.java:runAndLog(61)) - Successfully ran Files.createDirectories /workdir/ratis-test/target/test/data/3b3bd68b/MiniRaftClusterWithSimulatedRpce23a57a3/s0/611f5217-7a44-4849-a8eb-e471bfb07dbe/current
2019-09-24 17:14:06,992 TRACE util.FileUtils (LogUtils.java:runAndLog(61)) - Successfully ran Files.createDirectories /workdir/ratis-test/target/test/data/3b3bd68b/MiniRaftClusterWithSimulatedRpce23a57a3/s1/611f5217-7a44-4849-a8eb-e471bfb07dbe/sm
2019-09-24 17:14:06,992 TRACE util.FileUtils (LogUtils.java:runAndLog(61)) - Successfully ran Files.createDirectories /workdir/ratis-test/target/test/data/3b3bd68b/MiniRaftClusterWithSimulatedRpce23a57a3/s2/611f5217-7a44-4849-a8eb-e471bfb07dbe/sm
2019-09-24 17:14:06,993 TRACE util.FileUtils (LogUtils.java:runAndLog(61)) - Successfully ran Files.createDirectories /workdir/ratis-test/target/test/data/3b3bd68b/MiniRaftClusterWithSimulatedRpce23a57a3/s0/611f5217-7a44-4849-a8eb-e471bfb07dbe/sm
2019-09-24 17:14:07,022 INFO  storage.RaftStorage (RaftStorage.java:format(84)) - Storage directory /workdir/ratis-test/target/test/data/3b3bd68b/MiniRaftClusterWithSimulatedRpce23a57a3/s2/611f5217-7a44-4849-a8eb-e471bfb07dbe has been successfully formatted.
2019-09-24 17:14:07,022 INFO  storage.RaftStorage (RaftStorage.java:format(84)) - Storage directory /workdir/ratis-test/target/test/data/3b3bd68b/MiniRaftClusterWithSimulatedRpce23a57a3/s0/611f5217-7a44-4849-a8eb-e471bfb07dbe has been successfully formatted.
2019-09-24 17:14:07,022 INFO  storage.RaftStorage (RaftStorage.java:format(84)) - Storage directory /workdir/ratis-test/target/test/data/3b3bd68b/MiniRaftClusterWithSimulatedRpce23a57a3/s1/611f5217-7a44-4849-a8eb-e471bfb07dbe has been successfully formatted.
2019-09-24 17:14:07,024 INFO  server.RaftServerConfigKeys (ConfUtils.java:logGet(43)) - raft.server.notification.no-leader.timeout = 60s (default)
2019-09-24 17:14:07,024 INFO  server.RaftServerConfigKeys (ConfUtils.java:logGet(43)) - raft.server.notification.no-leader.timeout = 60s (default)
2019-09-24 17:14:07,024 INFO  server.RaftServerConfigKeys (ConfUtils.java:logGet(43)) - raft.server.notification.no-leader.timeout = 60s (default)
2019-09-24 17:14:07,028 INFO  server.RaftServerConfigKeys (ConfUtils.java:logGet(43)) - raft.server.log.use.memory = false (default)
2019-09-24 17:14:07,028 INFO  server.RaftServerConfigKeys (ConfUtils.java:logGet(43)) - raft.server.log.use.memory = false (default)
2019-09-24 17:14:07,028 INFO  server.RaftServerConfigKeys (ConfUtils.java:logGet(43)) - raft.server.log.use.memory = false (default)
2019-09-24 17:14:07,036 INFO  server.RaftServerConfigKeys (ConfUtils.java:logGet(43)) - raft.server.log.purge.gap = 1024 (default)
2019-09-24 17:14:07,036 INFO  server.RaftServerConfigKeys (ConfUtils.java:logGet(43)) - raft.server.log.purge.gap = 1024 (default)
2019-09-24 17:14:07,036 INFO  server.RaftServerConfigKeys (ConfUtils.java:logGet(43)) - raft.server.log.purge.gap = 1024 (default)
2019-09-24 17:14:07,037 INFO  server.RaftServerConfigKeys (ConfUtils.java:logGet(43)) - raft.server.log.appender.buffer.byte-limit = 4MB (=4194304) (default)
2019-09-24 17:14:07,037 INFO  server.RaftServerConfigKeys (ConfUtils.java:logGet(43)) - raft.server.log.appender.buffer.byte-limit = 4MB (=4194304) (default)
2019-09-24 17:14:07,037 INFO  server.RaftServerConfigKeys (ConfUtils.java:logGet(43)) - raft.server.log.appender.buffer.byte-limit = 4MB (=4194304) (default)
2019-09-24 17:14:07,042 INFO  server.RaftServerConfigKeys (ConfUtils.java:logGet(43)) - raft.server.log.segment.size.max = 8MB (=8388608) (default)
2019-09-24 17:14:07,042 INFO  server.RaftServerConfigKeys (ConfUtils.java:logGet(43)) - raft.server.log.segment.size.max = 8MB (=8388608) (default)
2019-09-24 17:14:07,042 INFO  server.RaftServerConfigKeys (ConfUtils.java:logGet(43)) - raft.server.log.segment.size.max = 8MB (=8388608) (default)
2019-09-24 17:14:07,046 INFO  server.RaftServerConfigKeys (ConfUtils.java:logGet(43)) - raft.server.log.segment.cache.num.max = 6 (default)
2019-09-24 17:14:07,046 INFO  server.RaftServerConfigKeys (ConfUtils.java:logGet(43)) - raft.server.log.segment.cache.num.max = 6 (default)
2019-09-24 17:14:07,047 INFO  server.RaftServerConfigKeys (ConfUtils.java:logGet(43)) - raft.server.log.segment.cache.num.max = 6 (default)
2019-09-24 17:14:07,052 INFO  segmented.SegmentedRaftLogWorker (SegmentedRaftLogWorker.java:<init>(172)) - new s2@group-E471BFB07DBE-SegmentedRaftLogWorker for RaftStorage:Storage Directory /workdir/ratis-test/target/test/data/3b3bd68b/MiniRaftClusterWithSimulatedRpce23a57a3/s2/611f5217-7a44-4849-a8eb-e471bfb07dbe
2019-09-24 17:14:07,052 INFO  segmented.SegmentedRaftLogWorker (SegmentedRaftLogWorker.java:<init>(172)) - new s0@group-E471BFB07DBE-SegmentedRaftLogWorker for RaftStorage:Storage Directory /workdir/ratis-test/target/test/data/3b3bd68b/MiniRaftClusterWithSimulatedRpce23a57a3/s0/611f5217-7a44-4849-a8eb-e471bfb07dbe
2019-09-24 17:14:07,052 INFO  segmented.SegmentedRaftLogWorker (SegmentedRaftLogWorker.java:<init>(172)) - new s1@group-E471BFB07DBE-SegmentedRaftLogWorker for RaftStorage:Storage Directory /workdir/ratis-test/target/test/data/3b3bd68b/MiniRaftClusterWithSimulatedRpce23a57a3/s1/611f5217-7a44-4849-a8eb-e471bfb07dbe
2019-09-24 17:14:07,132 WARN  impl.MetricsConfig (MetricsConfig.java:loadFirst(124)) - Cannot locate configuration: tried hadoop-metrics2-ratis.properties,hadoop-metrics2.properties
2019-09-24 17:14:07,235 INFO  impl.MetricsSystemImpl (MetricsSystemImpl.java:startTimer(376)) - Scheduled snapshot period at 10 second(s).
2019-09-24 17:14:07,235 INFO  impl.MetricsSystemImpl (MetricsSystemImpl.java:start(191)) - ratis metrics system started
2019-09-24 17:14:07,242 INFO  metrics.MetricRegistries (MetricRegistriesLoader.java:load(64)) - Loaded MetricRegistries class org.apache.ratis.metrics.impl.MetricRegistriesImpl
2019-09-24 17:14:07,282 INFO  server.RaftServerConfigKeys (ConfUtils.java:logGet(43)) - raft.server.log.queue.byte-limit = 64MB (=67108864) (default)
2019-09-24 17:14:07,282 INFO  server.RaftServerConfigKeys (ConfUtils.java:logGet(43)) - raft.server.log.queue.element-limit = 4096 (default)
2019-09-24 17:14:07,283 INFO  server.RaftServerConfigKeys (ConfUtils.java:logGet(43)) - raft.server.log.queue.byte-limit = 64MB (=67108864) (default)
2019-09-24 17:14:07,283 INFO  server.RaftServerConfigKeys (ConfUtils.java:logGet(43)) - raft.server.log.queue.byte-limit = 64MB (=67108864) (default)
2019-09-24 17:14:07,283 INFO  server.RaftServerConfigKeys (ConfUtils.java:logGet(43)) - raft.server.log.queue.element-limit = 4096 (default)
2019-09-24 17:14:07,284 INFO  server.RaftServerConfigKeys (ConfUtils.java:logGet(43)) - raft.server.log.queue.element-limit = 4096 (default)
2019-09-24 17:14:07,286 INFO  server.RaftServerConfigKeys (ConfUtils.java:logGet(43)) - raft.server.log.segment.size.max = 8MB (=8388608) (default)
2019-09-24 17:14:07,286 INFO  server.RaftServerConfigKeys (ConfUtils.java:logGet(43)) - raft.server.log.segment.size.max = 8MB (=8388608) (default)
2019-09-24 17:14:07,286 INFO  server.RaftServerConfigKeys (ConfUtils.java:logGet(43)) - raft.server.log.segment.size.max = 8MB (=8388608) (default)
2019-09-24 17:14:07,286 INFO  server.RaftServerConfigKeys (ConfUtils.java:logGet(43)) - raft.server.log.preallocated.size = 4MB (=4194304) (default)
2019-09-24 17:14:07,286 INFO  server.RaftServerConfigKeys (ConfUtils.java:logGet(43)) - raft.server.log.preallocated.size = 4MB (=4194304) (default)
2019-09-24 17:14:07,287 INFO  server.RaftServerConfigKeys (ConfUtils.java:logGet(43)) - raft.server.log.preallocated.size = 4MB (=4194304) (default)
2019-09-24 17:14:07,287 INFO  server.RaftServerConfigKeys (ConfUtils.java:logGet(43)) - raft.server.log.write.buffer.size = 64KB (=65536) (default)
2019-09-24 17:14:07,287 INFO  server.RaftServerConfigKeys (ConfUtils.java:logGet(43)) - raft.server.log.write.buffer.size = 64KB (=65536) (default)
2019-09-24 17:14:07,287 INFO  server.RaftServerConfigKeys (ConfUtils.java:logGet(43)) - raft.server.log.write.buffer.size = 64KB (=65536) (default)
2019-09-24 17:14:07,288 INFO  server.RaftServerConfigKeys (ConfUtils.java:logGet(43)) - raft.server.log.force.sync.num = 128 (default)
2019-09-24 17:14:07,288 INFO  server.RaftServerConfigKeys (ConfUtils.java:logGet(43)) - raft.server.log.force.sync.num = 128 (default)
2019-09-24 17:14:07,288 INFO  server.RaftServerConfigKeys (ConfUtils.java:logGet(43)) - raft.server.log.force.sync.num = 128 (default)
2019-09-24 17:14:07,289 INFO  server.RaftServerConfigKeys (ConfUtils.java:logGet(43)) - raft.server.log.statemachine.data.sync = true (default)
2019-09-24 17:14:07,289 INFO  server.RaftServerConfigKeys (ConfUtils.java:logGet(43)) - raft.server.log.statemachine.data.sync = true (default)
2019-09-24 17:14:07,289 INFO  server.RaftServerConfigKeys (ConfUtils.java:logGet(43)) - raft.server.log.statemachine.data.sync = true (default)
2019-09-24 17:14:07,290 INFO  server.RaftServerConfigKeys (ConfUtils.java:logGet(43)) - raft.server.log.statemachine.data.sync.timeout = 10s (default)
2019-09-24 17:14:07,289 INFO  server.RaftServerConfigKeys (ConfUtils.java:logGet(43)) - raft.server.log.statemachine.data.sync.timeout = 10s (default)
2019-09-24 17:14:07,290 INFO  server.RaftServerConfigKeys (ConfUtils.java:logGet(43)) - raft.server.log.statemachine.data.sync.timeout = 10s (default)
2019-09-24 17:14:07,291 INFO  server.RaftServerConfigKeys (ConfUtils.java:logGet(43)) - raft.server.log.statemachine.data.sync.timeout.retry = -1 (default)
2019-09-24 17:14:07,291 INFO  server.RaftServerConfigKeys (ConfUtils.java:logGet(43)) - raft.server.log.statemachine.data.sync.timeout.retry = -1 (default)
2019-09-24 17:14:07,291 INFO  server.RaftServerConfigKeys (ConfUtils.java:logGet(43)) - raft.server.log.statemachine.data.sync.timeout.retry = -1 (default)
2019-09-24 17:14:07,303 INFO  server.RaftServerConfigKeys (ConfUtils.java:logGet(43)) - raft.server.log.statemachine.data.caching.enabled = false (default)
2019-09-24 17:14:07,303 INFO  server.RaftServerConfigKeys (ConfUtils.java:logGet(43)) - raft.server.log.statemachine.data.caching.enabled = false (default)
2019-09-24 17:14:07,303 INFO  server.RaftServerConfigKeys (ConfUtils.java:logGet(43)) - raft.server.log.statemachine.data.caching.enabled = false (default)
2019-09-24 17:14:07,310 INFO  segmented.SegmentedRaftLogWorker (SegmentedRaftLogWorker.java:lambda$new$0(132)) - s0@group-E471BFB07DBE-SegmentedRaftLogWorker: flushIndex: setUnconditionally 0 -> -1
2019-09-24 17:14:07,310 INFO  segmented.SegmentedRaftLogWorker (SegmentedRaftLogWorker.java:lambda$new$0(132)) - s1@group-E471BFB07DBE-SegmentedRaftLogWorker: flushIndex: setUnconditionally 0 -> -1
2019-09-24 17:14:07,310 INFO  segmented.SegmentedRaftLogWorker (SegmentedRaftLogWorker.java:lambda$new$0(132)) - s2@group-E471BFB07DBE-SegmentedRaftLogWorker: flushIndex: setUnconditionally 0 -> -1
2019-09-24 17:14:07,315 INFO  server.RaftServerConfigKeys (ConfUtils.java:logGet(43)) - raft.server.snapshot.auto.trigger.enabled = false (default)
2019-09-24 17:14:07,316 INFO  server.RaftServerConfigKeys (ConfUtils.java:logGet(43)) - raft.server.snapshot.auto.trigger.enabled = false (default)
2019-09-24 17:14:07,316 INFO  server.RaftServerConfigKeys (ConfUtils.java:logGet(43)) - raft.server.snapshot.auto.trigger.enabled = false (default)
2019-09-24 17:14:07,316 INFO  server.RaftServerConfigKeys (ConfUtils.java:logGet(43)) - raft.server.snapshot.retention.file.num = -1 (default)
2019-09-24 17:14:07,316 INFO  server.RaftServerConfigKeys (ConfUtils.java:logGet(43)) - raft.server.snapshot.retention.file.num = -1 (default)
2019-09-24 17:14:07,317 INFO  server.RaftServerConfigKeys (ConfUtils.java:logGet(43)) - raft.server.snapshot.retention.file.num = -1 (default)
2019-09-24 17:14:07,317 INFO  server.RaftServerConfigKeys (ConfUtils.java:logGet(43)) - raft.server.retrycache.expirytime = 60s (default)
2019-09-24 17:14:07,317 INFO  server.RaftServerConfigKeys (ConfUtils.java:logGet(43)) - raft.server.retrycache.expirytime = 60s (default)
2019-09-24 17:14:07,317 INFO  server.RaftServerConfigKeys (ConfUtils.java:logGet(43)) - raft.server.retrycache.expirytime = 60s (default)
2019-09-24 17:14:07,347 INFO  impl.RaftServerImpl (RaftServerImpl.java:start(181)) - s0@group-E471BFB07DBE: start as a follower, conf=-1: [s0:0.0.0.0:36958, s1:0.0.0.0:45126, s2:0.0.0.0:36081], old=null
2019-09-24 17:14:07,350 INFO  impl.RaftServerImpl (RaftServerImpl.java:setRole(170)) - s0@group-E471BFB07DBE: changes role from      null to FOLLOWER at term 0 for startAsFollower
2019-09-24 17:14:07,352 INFO  impl.RoleInfo (RoleInfo.java:updateAndGet(143)) - s0: start FollowerState
2019-09-24 17:14:07,356 INFO  util.JmxRegister (JmxRegister.java:tryRegister(44)) - Successfully registered JMX Bean with object name Ratis:service=RaftServer,group=group-E471BFB07DBE,id=s0
2019-09-24 17:14:07,367 INFO  impl.RaftServerProxy (RaftServerProxy.java:lambda$start$3(299)) - s0: start RPC server
2019-09-24 17:14:07,369 INFO  impl.RaftServerImpl (RaftServerImpl.java:start(181)) - s1@group-E471BFB07DBE: start as a follower, conf=-1: [s0:0.0.0.0:36958, s1:0.0.0.0:45126, s2:0.0.0.0:36081], old=null
2019-09-24 17:14:07,370 INFO  impl.RaftServerImpl (RaftServerImpl.java:setRole(170)) - s1@group-E471BFB07DBE: changes role from      null to FOLLOWER at term 0 for startAsFollower
2019-09-24 17:14:07,370 INFO  impl.RoleInfo (RoleInfo.java:updateAndGet(143)) - s1: start FollowerState
2019-09-24 17:14:07,371 INFO  util.JmxRegister (JmxRegister.java:tryRegister(44)) - Successfully registered JMX Bean with object name Ratis:service=RaftServer,group=group-E471BFB07DBE,id=s1
2019-09-24 17:14:07,379 INFO  impl.RaftServerProxy (RaftServerProxy.java:lambda$start$3(299)) - s1: start RPC server
2019-09-24 17:14:07,380 INFO  impl.RaftServerImpl (RaftServerImpl.java:start(181)) - s2@group-E471BFB07DBE: start as a follower, conf=-1: [s0:0.0.0.0:36958, s1:0.0.0.0:45126, s2:0.0.0.0:36081], old=null
2019-09-24 17:14:07,381 INFO  impl.RaftServerImpl (RaftServerImpl.java:setRole(170)) - s2@group-E471BFB07DBE: changes role from      null to FOLLOWER at term 0 for startAsFollower
2019-09-24 17:14:07,381 INFO  impl.RoleInfo (RoleInfo.java:updateAndGet(143)) - s2: start FollowerState
2019-09-24 17:14:07,382 INFO  util.JmxRegister (JmxRegister.java:tryRegister(44)) - Successfully registered JMX Bean with object name Ratis:service=RaftServer,group=group-E471BFB07DBE,id=s2
2019-09-24 17:14:07,387 INFO  impl.RaftServerProxy (RaftServerProxy.java:lambda$start$3(299)) - s2: start RPC server
2019-09-24 17:14:07,433 DEBUG impl.RaftServerImpl (RaftServerImpl.java:submitClientRequestAsync(533)) - s0@group-E471BFB07DBE: receive client request(RaftClientRequest:client-26FFDEB8CB4E->s0@group-E471BFB07DBE, cid=0, seq=0, RW, m0)
2019-09-24 17:14:07,565 INFO  impl.FollowerState (FollowerState.java:run(108)) - s2@group-E471BFB07DBE-FollowerState: change to CANDIDATE, lastRpcTime:183ms, electionTimeout:183ms
2019-09-24 17:14:07,567 INFO  impl.RoleInfo (RoleInfo.java:shutdownFollowerState(121)) - s2: shutdown FollowerState
2019-09-24 17:14:07,568 INFO  impl.RaftServerImpl (RaftServerImpl.java:setRole(170)) - s2@group-E471BFB07DBE: changes role from  FOLLOWER to CANDIDATE at term 0 for changeToCandidate
2019-09-24 17:14:07,571 INFO  impl.RoleInfo (RoleInfo.java:updateAndGet(143)) - s2: start LeaderElection
2019-09-24 17:14:07,575 DEBUG impl.RaftServerImpl (RaftServerImpl.java:submitClientRequestAsync(533)) - s1@group-E471BFB07DBE: receive client request(RaftClientRequest:client-26FFDEB8CB4E->s1@group-E471BFB07DBE, cid=0, seq=0, RW, m0)
2019-09-24 17:14:07,593 INFO  impl.LeaderElection (LeaderElection.java:askForVotes(178)) - s2@group-E471BFB07DBE-LeaderElection1: begin an election at term 1 for -1: [s0:0.0.0.0:36958, s1:0.0.0.0:45126, s2:0.0.0.0:36081], old=null
2019-09-24 17:14:07,632 DEBUG impl.RaftServerImpl (RaftServerImpl.java:requestVote(743)) - s1@group-E471BFB07DBE: receive requestVote(s2, group-E471BFB07DBE, 1, (t:0, i:0))
2019-09-24 17:14:07,632 DEBUG impl.RaftServerImpl (RaftServerImpl.java:requestVote(743)) - s0@group-E471BFB07DBE: receive requestVote(s2, group-E471BFB07DBE, 1, (t:0, i:0))
2019-09-24 17:14:07,633 INFO  impl.RaftServerImpl (RaftServerImpl.java:setRole(170)) - s0@group-E471BFB07DBE: changes role from  FOLLOWER to FOLLOWER at term 1 for recognizeCandidate:s2
2019-09-24 17:14:07,633 INFO  impl.RaftServerImpl (RaftServerImpl.java:setRole(170)) - s1@group-E471BFB07DBE: changes role from  FOLLOWER to FOLLOWER at term 1 for recognizeCandidate:s2
2019-09-24 17:14:07,633 INFO  impl.RoleInfo (RoleInfo.java:shutdownFollowerState(121)) - s0: shutdown FollowerState
2019-09-24 17:14:07,634 INFO  impl.RoleInfo (RoleInfo.java:shutdownFollowerState(121)) - s1: shutdown FollowerState
2019-09-24 17:14:07,634 INFO  impl.FollowerState (FollowerState.java:run(117)) - s0@group-E471BFB07DBE-FollowerState was interrupted: java.lang.InterruptedException: sleep interrupted
2019-09-24 17:14:07,634 INFO  impl.RoleInfo (RoleInfo.java:updateAndGet(143)) - s0: start FollowerState
2019-09-24 17:14:07,634 INFO  impl.FollowerState (FollowerState.java:run(117)) - s1@group-E471BFB07DBE-FollowerState was interrupted: java.lang.InterruptedException: sleep interrupted
2019-09-24 17:14:07,634 INFO  impl.RoleInfo (RoleInfo.java:updateAndGet(143)) - s1: start FollowerState
2019-09-24 17:14:07,663 DEBUG impl.RaftServerImpl (RaftServerImpl.java:requestVote(775)) - s0@group-E471BFB07DBE replies to vote request: s2<-s0#0:OK-t1. Peer's state: s0@group-E471BFB07DBE:t1, leader=null, voted=s2, raftlog=s0@group-E471BFB07DBE-SegmentedRaftLog:OPENED:c-1,f-1,i0, conf=-1: [s0:0.0.0.0:36958, s1:0.0.0.0:45126, s2:0.0.0.0:36081], old=null
2019-09-24 17:14:07,663 DEBUG impl.RaftServerImpl (RaftServerImpl.java:requestVote(775)) - s1@group-E471BFB07DBE replies to vote request: s2<-s1#0:OK-t1. Peer's state: s1@group-E471BFB07DBE:t1, leader=null, voted=s2, raftlog=s1@group-E471BFB07DBE-SegmentedRaftLog:OPENED:c-1,f-1,i0, conf=-1: [s0:0.0.0.0:36958, s1:0.0.0.0:45126, s2:0.0.0.0:36081], old=null
2019-09-24 17:14:07,679 INFO  impl.LeaderElection (LeaderElection.java:logAndReturn(56)) - s2@group-E471BFB07DBE-LeaderElection1: Election PASSED; received 1 response(s) [s2<-s0#0:OK-t1] and 0 exception(s); s2@group-E471BFB07DBE:t1, leader=null, voted=s2, raftlog=s2@group-E471BFB07DBE-SegmentedRaftLog:OPENED:c-1,f-1,i0, conf=-1: [s0:0.0.0.0:36958, s1:0.0.0.0:45126, s2:0.0.0.0:36081], old=null
2019-09-24 17:14:07,680 INFO  impl.RoleInfo (RoleInfo.java:shutdownLeaderElection(134)) - s2: shutdown LeaderElection
2019-09-24 17:14:07,681 INFO  impl.RaftServerImpl (RaftServerImpl.java:setRole(170)) - s2@group-E471BFB07DBE: changes role from CANDIDATE to LEADER at term 1 for changeToLeader
2019-09-24 17:14:07,682 INFO  impl.RaftServerImpl (ServerState.java:setLeader(254)) - s2@group-E471BFB07DBE: change Leader from null to s2 at term 1 for becomeLeader, leader elected after 658ms
2019-09-24 17:14:07,689 INFO  server.RaftServerConfigKeys (ConfUtils.java:logGet(43)) - raft.server.staging.catchup.gap = 1000 (default)
2019-09-24 17:14:07,689 INFO  server.RaftServerConfigKeys (ConfUtils.java:logGet(43)) - raft.server.rpc.sleep.time = 25ms (default)
2019-09-24 17:14:07,690 DEBUG impl.RaftServerImpl (RaftServerImpl.java:submitClientRequestAsync(533)) - s2@group-E471BFB07DBE: receive client request(RaftClientRequest:client-26FFDEB8CB4E->s2@group-E471BFB07DBE, cid=0, seq=0, RW, m0)
2019-09-24 17:14:07,696 INFO  server.RaftServerConfigKeys (ConfUtils.java:logGet(43)) - raft.server.write.element-limit = 4096 (default)
2019-09-24 17:14:07,702 INFO  server.RaftServerConfigKeys (ConfUtils.java:logGet(43)) - raft.server.watch.timeout = 10s (default)
2019-09-24 17:14:07,702 INFO  server.RaftServerConfigKeys (ConfUtils.java:logGet(43)) - raft.server.watch.timeout.denomination = 1s (default)
2019-09-24 17:14:07,704 INFO  server.RaftServerConfigKeys (ConfUtils.java:logGet(43)) - raft.server.watch.element-limit = 65536 (default)
2019-09-24 17:14:07,721 INFO  server.RaftServerConfigKeys (ConfUtils.java:logGet(43)) - raft.server.log.appender.snapshot.chunk.size.max = 16MB (=16777216) (default)
2019-09-24 17:14:07,722 INFO  server.RaftServerConfigKeys (ConfUtils.java:logGet(43)) - raft.server.log.appender.buffer.byte-limit = 4MB (=4194304) (default)
2019-09-24 17:14:07,722 INFO  server.RaftServerConfigKeys (ConfUtils.java:logGet(43)) - raft.server.log.appender.buffer.element-limit = 0 (default)
2019-09-24 17:14:07,727 INFO  server.RaftServerConfigKeys (ConfUtils.java:logGet(43)) - raft.server.log.appender.snapshot.chunk.size.max = 16MB (=16777216) (default)
2019-09-24 17:14:07,727 INFO  server.RaftServerConfigKeys (ConfUtils.java:logGet(43)) - raft.server.log.appender.buffer.byte-limit = 4MB (=4194304) (default)
2019-09-24 17:14:07,728 INFO  server.RaftServerConfigKeys (ConfUtils.java:logGet(43)) - raft.server.log.appender.buffer.element-limit = 0 (default)
2019-09-24 17:14:07,730 INFO  impl.RoleInfo (RoleInfo.java:updateAndGet(143)) - s2: start LeaderState
2019-09-24 17:14:07,752 INFO  segmented.SegmentedRaftLogWorker (SegmentedRaftLogWorker.java:startLogSegment(380)) - s2@group-E471BFB07DBE-SegmentedRaftLogWorker: Starting segment from index:0
2019-09-24 17:14:07,772 INFO  impl.RaftServerImpl (ServerState.java:setRaftConf(355)) - s2@group-E471BFB07DBE: set configuration 0: [s0:0.0.0.0:36958, s1:0.0.0.0:45126, s2:0.0.0.0:36081], old=null at 0
2019-09-24 17:14:07,786 INFO  impl.RaftServerImpl (ServerState.java:setLeader(254)) - s1@group-E471BFB07DBE: change Leader from null to s2 at term 1 for appendEntries, leader elected after 762ms
2019-09-24 17:14:07,786 INFO  impl.RaftServerImpl (ServerState.java:setLeader(254)) - s0@group-E471BFB07DBE: change Leader from null to s2 at term 1 for appendEntries, leader elected after 762ms
2019-09-24 17:14:07,808 DEBUG impl.RaftServerImpl (RaftServerImpl.java:submitClientRequestAsync(533)) - s2@group-E471BFB07DBE: receive client request(RaftClientRequest:client-26FFDEB8CB4E->s2@group-E471BFB07DBE, cid=0, seq=0, RW, m0)
2019-09-24 17:14:07,818 DEBUG impl.RaftServerImpl (RaftServerImpl.java:logAppendEntries(850)) - s1@group-E471BFB07DBE: receive appendEntries(s2, 1, null, -1, false, commits[s2:c-1, s0:c-1, s1:c-1], entries: (t:1, i:0), CONFIGURATIONENTRY
2019-09-24 17:14:07,818 DEBUG impl.RaftServerImpl (RaftServerImpl.java:logAppendEntries(850)) - s0@group-E471BFB07DBE: receive appendEntries(s2, 1, null, -1, false, commits[s2:c-1, s0:c-1, s1:c-1], entries: (t:1, i:0), CONFIGURATIONENTRY
2019-09-24 17:14:07,821 INFO  impl.RaftServerImpl (ServerState.java:setRaftConf(355)) - s1@group-E471BFB07DBE: set configuration 0: [s0:0.0.0.0:36958, s1:0.0.0.0:45126, s2:0.0.0.0:36081], old=null at 0
2019-09-24 17:14:07,821 INFO  impl.RaftServerImpl (ServerState.java:setRaftConf(355)) - s0@group-E471BFB07DBE: set configuration 0: [s0:0.0.0.0:36958, s1:0.0.0.0:45126, s2:0.0.0.0:36081], old=null at 0
2019-09-24 17:14:07,821 INFO  segmented.SegmentedRaftLogWorker (SegmentedRaftLogWorker.java:startLogSegment(380)) - s1@group-E471BFB07DBE-SegmentedRaftLogWorker: Starting segment from index:0
2019-09-24 17:14:07,822 INFO  segmented.SegmentedRaftLogWorker (SegmentedRaftLogWorker.java:startLogSegment(380)) - s0@group-E471BFB07DBE-SegmentedRaftLogWorker: Starting segment from index:0
2019-09-24 17:14:07,926 DEBUG impl.RaftServerImpl (RaftServerImpl.java:submitClientRequestAsync(533)) - s2@group-E471BFB07DBE: receive client request(RaftClientRequest:client-26FFDEB8CB4E->s2@group-E471BFB07DBE, cid=0, seq=0, RW, m0)
2019-09-24 17:14:08,043 DEBUG impl.RaftServerImpl (RaftServerImpl.java:submitClientRequestAsync(533)) - s2@group-E471BFB07DBE: receive client request(RaftClientRequest:client-26FFDEB8CB4E->s2@group-E471BFB07DBE, cid=0, seq=0, RW, m0)
2019-09-24 17:14:08,103 INFO  segmented.SegmentedRaftLogWorker (SegmentedRaftLogWorker.java:execute(569)) - s2@group-E471BFB07DBE-SegmentedRaftLogWorker: created new log segment /workdir/ratis-test/target/test/data/3b3bd68b/MiniRaftClusterWithSimulatedRpce23a57a3/s2/611f5217-7a44-4849-a8eb-e471bfb07dbe/current/log_inprogress_0
2019-09-24 17:14:08,103 INFO  segmented.SegmentedRaftLogWorker (SegmentedRaftLogWorker.java:execute(569)) - s0@group-E471BFB07DBE-SegmentedRaftLogWorker: created new log segment /workdir/ratis-test/target/test/data/3b3bd68b/MiniRaftClusterWithSimulatedRpce23a57a3/s0/611f5217-7a44-4849-a8eb-e471bfb07dbe/current/log_inprogress_0
2019-09-24 17:14:08,103 INFO  segmented.SegmentedRaftLogWorker (SegmentedRaftLogWorker.java:execute(569)) - s1@group-E471BFB07DBE-SegmentedRaftLogWorker: created new log segment /workdir/ratis-test/target/test/data/3b3bd68b/MiniRaftClusterWithSimulatedRpce23a57a3/s1/611f5217-7a44-4849-a8eb-e471bfb07dbe/current/log_inprogress_0
2019-09-24 17:14:08,129 DEBUG impl.RaftServerImpl (RaftServerImpl.java:logAppendEntries(850)) - s1@group-E471BFB07DBE: succeeded to handle AppendEntries. Reply: s2<-s1#0:OK,SUCCESS,nextIndex:1,term:1,followerCommit:-1
2019-09-24 17:14:08,129 DEBUG impl.RaftServerImpl (RaftServerImpl.java:logAppendEntries(850)) - s0@group-E471BFB07DBE: succeeded to handle AppendEntries. Reply: s2<-s0#0:OK,SUCCESS,nextIndex:1,term:1,followerCommit:-1
2019-09-24 17:14:08,160 DEBUG impl.RaftServerImpl (RaftServerImpl.java:submitClientRequestAsync(533)) - s2@group-E471BFB07DBE: receive client request(RaftClientRequest:client-26FFDEB8CB4E->s2@group-E471BFB07DBE, cid=0, seq=0, RW, m0)
2019-09-24 17:14:08,184 DEBUG impl.RaftServerImpl (LeaderState.java:addPendingRequest(317)) - s2@group-E471BFB07DBE-LeaderState: addPendingRequest at RaftClientRequest:client-26FFDEB8CB4E->s2@group-E471BFB07DBE, cid=0, seq=0, RW, m0, entry=(t:1, i:1), STATEMACHINELOGENTRY, client-26FFDEB8CB4E, cid=0
2019-09-24 17:14:08,191 DEBUG impl.RaftServerImpl (RaftServerImpl.java:logAppendEntries(850)) - s0@group-E471BFB07DBE: receive appendEntries(s2, 1, (t:1, i:0), 0, false, commits[s2:c0, s0:c-1, s1:c-1], entries: (t:1, i:1), STATEMACHINELOGENTRY, client-26FFDEB8CB4E, cid=0
2019-09-24 17:14:08,191 DEBUG impl.RaftServerImpl (RaftServerImpl.java:logAppendEntries(850)) - s1@group-E471BFB07DBE: receive appendEntries(s2, 1, (t:1, i:0), 0, false, commits[s2:c0, s0:c-1, s1:c-1], entries: (t:1, i:1), STATEMACHINELOGENTRY, client-26FFDEB8CB4E, cid=0
2019-09-24 17:14:08,225 DEBUG impl.RaftServerImpl (RaftServerImpl.java:logAppendEntries(850)) - s0@group-E471BFB07DBE: succeeded to handle AppendEntries. Reply: s2<-s0#0:OK,SUCCESS,nextIndex:2,term:1,followerCommit:0
2019-09-24 17:14:08,225 DEBUG impl.RaftServerImpl (RaftServerImpl.java:logAppendEntries(850)) - s1@group-E471BFB07DBE: succeeded to handle AppendEntries. Reply: s2<-s1#0:OK,SUCCESS,nextIndex:2,term:1,followerCommit:0
2019-09-24 17:14:08,245 DEBUG impl.RaftServerImpl (RaftServerImpl.java:logAppendEntries(850)) - s0@group-E471BFB07DBE: receive appendEntries(s2, 1, (t:1, i:1), 1, false, commits[s2:c1, s0:c0, s1:c0], entries: (t:1, i:2), METADATAENTRY(c1)
2019-09-24 17:14:08,245 DEBUG impl.RaftServerImpl (RaftServerImpl.java:logAppendEntries(850)) - s1@group-E471BFB07DBE: receive appendEntries(s2, 1, (t:1, i:1), 1, false, commits[s2:c1, s0:c0, s1:c0], entries: (t:1, i:2), METADATAENTRY(c1)
2019-09-24 17:14:08,254 DEBUG impl.RaftServerImpl (RaftServerImpl.java:logAppendEntries(850)) - s0@group-E471BFB07DBE: succeeded to handle AppendEntries. Reply: s2<-s0#0:OK,SUCCESS,nextIndex:3,term:1,followerCommit:1
2019-09-24 17:14:08,254 DEBUG impl.RaftServerImpl (RaftServerImpl.java:logAppendEntries(850)) - s1@group-E471BFB07DBE: succeeded to handle AppendEntries. Reply: s2<-s1#0:OK,SUCCESS,nextIndex:3,term:1,followerCommit:1
2019-09-24 17:14:08,262 DEBUG impl.RaftServerImpl (RaftServerImpl.java:submitClientRequestAsync(533)) - s2@group-E471BFB07DBE: receive client request(RaftClientRequest:client-26FFDEB8CB4E->s2@group-E471BFB07DBE, cid=1, seq=0, RW, m1)
2019-09-24 17:14:08,263 DEBUG impl.RaftServerImpl (LeaderState.java:addPendingRequest(317)) - s2@group-E471BFB07DBE-LeaderState: addPendingRequest at RaftClientRequest:client-26FFDEB8CB4E->s2@group-E471BFB07DBE, cid=1, seq=0, RW, m1, entry=(t:1, i:3), STATEMACHINELOGENTRY, client-26FFDEB8CB4E, cid=1
2019-09-24 17:14:08,268 DEBUG impl.RaftServerImpl (RaftServerImpl.java:logAppendEntries(850)) - s1@group-E471BFB07DBE: receive appendEntries(s2, 1, (t:1, i:2), 1, false, commits[s2:c1, s0:c0, s1:c1], entries: (t:1, i:3), STATEMACHINELOGENTRY, client-26FFDEB8CB4E, cid=1
2019-09-24 17:14:08,271 DEBUG impl.RaftServerImpl (RaftServerImpl.java:logAppendEntries(850)) - s0@group-E471BFB07DBE: receive appendEntries(s2, 1, (t:1, i:2), 2, false, commits[s2:c2, s0:c1, s1:c1], entries: (t:1, i:3), STATEMACHINELOGENTRY, client-26FFDEB8CB4E, cid=1
2019-09-24 17:14:08,288 DEBUG impl.RaftServerImpl (RaftServerImpl.java:logAppendEntries(850)) - s1@group-E471BFB07DBE: succeeded to handle AppendEntries. Reply: s2<-s1#0:OK,SUCCESS,nextIndex:4,term:1,followerCommit:1
2019-09-24 17:14:08,288 DEBUG impl.RaftServerImpl (RaftServerImpl.java:logAppendEntries(850)) - s0@group-E471BFB07DBE: succeeded to handle AppendEntries. Reply: s2<-s0#0:OK,SUCCESS,nextIndex:4,term:1,followerCommit:2
2019-09-24 17:14:08,305 DEBUG impl.RaftServerImpl (RaftServerImpl.java:logAppendEntries(850)) - s1@group-E471BFB07DBE: receive appendEntries(s2, 1, (t:1, i:3), 3, false, commits[s2:c3, s0:c1, s1:c1], entries: (t:1, i:4), METADATAENTRY(c3)
2019-09-24 17:14:08,308 DEBUG impl.RaftServerImpl (RaftServerImpl.java:logAppendEntries(850)) - s0@group-E471BFB07DBE: receive appendEntries(s2, 1, (t:1, i:3), 3, false, commits[s2:c3, s0:c2, s1:c1], entries: (t:1, i:4), METADATAENTRY(c3)
2019-09-24 17:14:08,324 INFO  ratis.MiniRaftCluster (MiniRaftCluster.java:shutdown(700)) - ************************************************************** 
2019-09-24 17:14:08,324 INFO  ratis.MiniRaftCluster (MiniRaftCluster.java:shutdown(701)) - *** 
2019-09-24 17:14:08,325 INFO  ratis.MiniRaftCluster (MiniRaftCluster.java:shutdown(702)) - ***     Stopping MiniRaftClusterWithSimulatedRpc
2019-09-24 17:14:08,325 INFO  ratis.MiniRaftCluster (MiniRaftCluster.java:shutdown(703)) - *** 
2019-09-24 17:14:08,325 INFO  ratis.MiniRaftCluster (MiniRaftCluster.java:shutdown(704)) - ************************************************************** 
2019-09-24 17:14:08,326 INFO  ratis.MiniRaftCluster (MiniRaftCluster.java:shutdown(705)) - printing ALL groups
  s0:  RUNNING  FOLLOWER s0@group-E471BFB07DBE:t1, leader=s2, voted=s2, raftlog=s0@group-E471BFB07DBE-SegmentedRaftLog:OPENED:c2,f3,i4, conf=0: [s0:0.0.0.0:36958, s1:0.0.0.0:45126, s2:0.0.0.0:36081], old=null RUNNING
  s1:  RUNNING  FOLLOWER s1@group-E471BFB07DBE:t1, leader=s2, voted=s2, raftlog=s1@group-E471BFB07DBE-SegmentedRaftLog:OPENED:c1,f3,i4, conf=0: [s0:0.0.0.0:36958, s1:0.0.0.0:45126, s2:0.0.0.0:36081], old=null RUNNING
  s2:  RUNNING    LEADER s2@group-E471BFB07DBE:t1, leader=s2, voted=s2, raftlog=s2@group-E471BFB07DBE-SegmentedRaftLog:OPENED:c3,f3,i4, conf=0: [s0:0.0.0.0:36958, s1:0.0.0.0:45126, s2:0.0.0.0:36081], old=null RUNNING
2019-09-24 17:14:08,330 INFO  impl.RaftServerProxy (RaftServerProxy.java:lambda$close$4(314)) - s1: close
2019-09-24 17:14:08,330 INFO  impl.RaftServerProxy (RaftServerProxy.java:lambda$close$4(314)) - s2: close
2019-09-24 17:14:08,330 INFO  impl.RaftServerProxy (RaftServerProxy.java:lambda$close$4(314)) - s0: close
2019-09-24 17:14:08,332 INFO  impl.RaftServerImpl (RaftServerImpl.java:lambda$shutdown$3(247)) - s1@group-E471BFB07DBE: shutdown
2019-09-24 17:14:08,332 INFO  impl.RaftServerImpl (RaftServerImpl.java:lambda$shutdown$3(247)) - s2@group-E471BFB07DBE: shutdown
2019-09-24 17:14:08,332 INFO  impl.RaftServerImpl (RaftServerImpl.java:lambda$shutdown$3(247)) - s0@group-E471BFB07DBE: shutdown
2019-09-24 17:14:08,333 INFO  util.JmxRegister (JmxRegister.java:unregister(73)) - Successfully un-registered JMX Bean with object name Ratis:service=RaftServer,group=group-E471BFB07DBE,id=s2
2019-09-24 17:14:08,333 INFO  util.JmxRegister (JmxRegister.java:unregister(73)) - Successfully un-registered JMX Bean with object name Ratis:service=RaftServer,group=group-E471BFB07DBE,id=s1
2019-09-24 17:14:08,333 INFO  impl.RoleInfo (RoleInfo.java:shutdownLeaderState(104)) - s2: shutdown LeaderState
2019-09-24 17:14:08,333 INFO  util.JmxRegister (JmxRegister.java:unregister(73)) - Successfully un-registered JMX Bean with object name Ratis:service=RaftServer,group=group-E471BFB07DBE,id=s0
2019-09-24 17:14:08,334 INFO  impl.RoleInfo (RoleInfo.java:shutdownFollowerState(121)) - s1: shutdown FollowerState
2019-09-24 17:14:08,334 INFO  impl.RoleInfo (RoleInfo.java:shutdownFollowerState(121)) - s0: shutdown FollowerState
2019-09-24 17:14:08,335 INFO  impl.FollowerState (FollowerState.java:run(117)) - s1@group-E471BFB07DBE-FollowerState was interrupted: java.lang.InterruptedException: sleep interrupted
2019-09-24 17:14:08,335 INFO  impl.StateMachineUpdater (StateMachineUpdater.java:stopAndJoin(136)) - s1@group-E471BFB07DBE-StateMachineUpdater: set stopIndex = 1
2019-09-24 17:14:08,335 DEBUG impl.RaftServerImpl (RaftServerImpl.java:logAppendEntries(850)) - s0@group-E471BFB07DBE: succeeded to handle AppendEntries. Reply: s2<-s0#0:OK,SUCCESS,nextIndex:5,term:1,followerCommit:3
2019-09-24 17:14:08,335 INFO  impl.PendingRequests (PendingRequests.java:sendNotLeaderResponses(202)) - s2@group-E471BFB07DBE-PendingRequests: sendNotLeaderResponses
2019-09-24 17:14:08,335 INFO  impl.LogAppender (LogAppender.java:run(78)) - s2@group-E471BFB07DBE->s1-LogAppender-AppenderDaemon was interrupted: java.io.InterruptedIOException: 
2019-09-24 17:14:08,335 INFO  impl.LogAppender (LogAppender.java:run(78)) - s2@group-E471BFB07DBE->s0-LogAppender-AppenderDaemon was interrupted: java.io.InterruptedIOException: 
2019-09-24 17:14:08,335 DEBUG impl.RaftServerImpl (RaftServerImpl.java:logAppendEntries(850)) - s1@group-E471BFB07DBE: succeeded to handle AppendEntries. Reply: s2<-s1#0:OK,SUCCESS,nextIndex:5,term:1,followerCommit:3
2019-09-24 17:14:08,335 INFO  impl.FollowerState (FollowerState.java:run(117)) - s0@group-E471BFB07DBE-FollowerState was interrupted: java.lang.InterruptedException: sleep interrupted
2019-09-24 17:14:08,335 INFO  impl.StateMachineUpdater (StateMachineUpdater.java:stopAndJoin(136)) - s0@group-E471BFB07DBE-StateMachineUpdater: set stopIndex = 2
2019-09-24 17:14:08,336 INFO  impl.RaftServerImpl (ServerState.java:close(386)) - s1@group-E471BFB07DBE: closes. applyIndex: 1
2019-09-24 17:14:08,338 INFO  impl.StateMachineUpdater (StateMachineUpdater.java:stopAndJoin(136)) - s2@group-E471BFB07DBE-StateMachineUpdater: set stopIndex = 3
2019-09-24 17:14:08,338 INFO  impl.RaftServerImpl (ServerState.java:close(386)) - s0@group-E471BFB07DBE: closes. applyIndex: 2
2019-09-24 17:14:08,338 INFO  impl.RaftServerImpl (ServerState.java:close(386)) - s2@group-E471BFB07DBE: closes. applyIndex: 3
2019-09-24 17:14:08,340 INFO  segmented.SegmentedRaftLogWorker (SegmentedRaftLogWorker.java:run(313)) - s1@group-E471BFB07DBE-SegmentedRaftLogWorker was interrupted, exiting. There are 0 tasks remaining in the queue.
2019-09-24 17:14:08,340 INFO  segmented.SegmentedRaftLogWorker (SegmentedRaftLogWorker.java:run(313)) - s0@group-E471BFB07DBE-SegmentedRaftLogWorker was interrupted, exiting. There are 0 tasks remaining in the queue.
2019-09-24 17:14:08,340 INFO  segmented.SegmentedRaftLogWorker (SegmentedRaftLogWorker.java:run(313)) - s2@group-E471BFB07DBE-SegmentedRaftLogWorker was interrupted, exiting. There are 0 tasks remaining in the queue.
2019-09-24 17:14:08,342 INFO  segmented.SegmentedRaftLogWorker (SegmentedRaftLogWorker.java:close(228)) - s1@group-E471BFB07DBE-SegmentedRaftLogWorker close()
2019-09-24 17:14:08,342 INFO  segmented.SegmentedRaftLogWorker (SegmentedRaftLogWorker.java:close(228)) - s0@group-E471BFB07DBE-SegmentedRaftLogWorker close()
2019-09-24 17:14:08,343 INFO  segmented.SegmentedRaftLogWorker (SegmentedRaftLogWorker.java:close(228)) - s2@group-E471BFB07DBE-SegmentedRaftLogWorker close()
2019-09-24 17:14:08,343 INFO  simulation.RequestHandler (RequestHandler.java:run(126)) - s2.clientHandler0 is interrupted by java.io.InterruptedIOException: 
2019-09-24 17:14:08,343 INFO  simulation.RequestHandler (RequestHandler.java:run(126)) - s2.clientHandler2 is interrupted by java.io.InterruptedIOException: 
2019-09-24 17:14:08,343 INFO  simulation.RequestHandler (RequestHandler.java:run(126)) - s0.clientHandler0 is interrupted by java.io.InterruptedIOException: 
2019-09-24 17:14:08,343 INFO  simulation.RequestHandler (RequestHandler.java:run(126)) - s2.clientHandler1 is interrupted by java.io.InterruptedIOException: 
2019-09-24 17:14:08,343 INFO  simulation.RequestHandler (RequestHandler.java:run(126)) - s1.clientHandler0 is interrupted by java.io.InterruptedIOException: 
2019-09-24 17:14:08,344 INFO  simulation.RequestHandler (RequestHandler.java:run(126)) - s2.serverHandler1 is interrupted by java.io.InterruptedIOException: 
2019-09-24 17:14:08,343 INFO  simulation.RequestHandler (RequestHandler.java:run(126)) - s1.clientHandler2 is interrupted by java.io.InterruptedIOException: 
2019-09-24 17:14:08,343 INFO  simulation.RequestHandler (RequestHandler.java:run(126)) - s1.clientHandler1 is interrupted by java.io.InterruptedIOException: 
2019-09-24 17:14:08,344 INFO  simulation.RequestHandler (RequestHandler.java:run(126)) - s2.serverHandler2 is interrupted by java.io.InterruptedIOException: 
2019-09-24 17:14:08,344 INFO  simulation.RequestHandler (RequestHandler.java:run(126)) - s2.serverHandler0 is interrupted by java.io.InterruptedIOException: 
2019-09-24 17:14:08,343 INFO  simulation.RequestHandler (RequestHandler.java:run(126)) - s0.clientHandler2 is interrupted by java.io.InterruptedIOException: 
2019-09-24 17:14:08,343 INFO  simulation.RequestHandler (RequestHandler.java:run(126)) - s0.clientHandler1 is interrupted by java.io.InterruptedIOException: 
2019-09-24 17:14:08,345 INFO  simulation.RequestHandler (RequestHandler.java:run(126)) - s1.serverHandler2 is interrupted by java.io.InterruptedIOException: 
2019-09-24 17:14:08,346 INFO  simulation.RequestHandler (RequestHandler.java:run(126)) - s0.serverHandler1 is interrupted by java.io.InterruptedIOException: 
2019-09-24 17:14:08,345 INFO  simulation.RequestHandler (RequestHandler.java:run(126)) - s1.serverHandler1 is interrupted by java.io.InterruptedIOException: 
2019-09-24 17:14:08,345 INFO  simulation.RequestHandler (RequestHandler.java:run(126)) - s1.serverHandler0 is interrupted by java.io.InterruptedIOException: 
2019-09-24 17:14:08,346 INFO  simulation.RequestHandler (RequestHandler.java:run(126)) - s0.serverHandler2 is interrupted by java.io.InterruptedIOException: 
2019-09-24 17:14:08,346 INFO  simulation.RequestHandler (RequestHandler.java:run(126)) - s0.serverHandler0 is interrupted by java.io.InterruptedIOException: 
2019-09-24 17:14:08,349 INFO  ratis.MiniRaftCluster (MiniRaftCluster.java:shutdown(722)) - MiniRaftClusterWithSimulatedRpc shutdown completed
]]></system-out>
  </testcase>
</testsuite>