<?xml version="1.0" encoding="UTF-8"?>
<testsuite xmlns:xsi="http://www.w3.org/2001/XMLSchema-instance" xsi:noNamespaceSchemaLocation="https://maven.apache.org/surefire/maven-surefire-plugin/xsd/surefire-test-report.xsd" name="org.apache.ratis.grpc.TestRaftStateMachineExceptionWithGrpc" time="9.61" tests="3" errors="1" skipped="0" failures="0">
  <properties>
    <property name="awt.toolkit" value="sun.awt.X11.XToolkit"/>
    <property name="file.encoding.pkg" value="sun.io"/>
    <property name="java.specification.version" value="1.8"/>
    <property name="sun.cpu.isalist" value=""/>
    <property name="sun.jnu.encoding" value="UTF-8"/>
    <property name="java.class.path" value="/workdir/ratis-test/target/test-classes:/workdir/ratis-test/target/classes:/workdir/ratis-common/target/classes:/home/user/.m2/repository/org/apache/ratis/ratis-thirdparty-misc/0.2.0/ratis-thirdparty-misc-0.2.0.jar:/workdir/ratis-proto/target/ratis-proto-0.5.0-SNAPSHOT.jar:/home/user/.m2/repository/org/slf4j/slf4j-log4j12/1.7.10/slf4j-log4j12-1.7.10.jar:/home/user/.m2/repository/log4j/log4j/1.2.17/log4j-1.2.17.jar:/workdir/ratis-common/target/test-classes:/workdir/ratis-client/target/classes:/workdir/ratis-server/target/classes:/workdir/ratis-metrics/target/classes:/home/user/.m2/repository/io/dropwizard/metrics/metrics-core/3.2.5/metrics-core-3.2.5.jar:/home/user/.m2/repository/com/github/joshelser/dropwizard-metrics-hadoop-metrics2-reporter/0.1.2/dropwizard-metrics-hadoop-metrics2-reporter-0.1.2.jar:/home/user/.m2/repository/org/apache/hadoop/hadoop-common/2.6.0/hadoop-common-2.6.0.jar:/home/user/.m2/repository/org/apache/hadoop/hadoop-annotations/2.6.0/hadoop-annotations-2.6.0.jar:/usr/lib/jvm/java-1.8-openjdk/jre/../lib/tools.jar:/home/user/.m2/repository/com/google/guava/guava/11.0.2/guava-11.0.2.jar:/home/user/.m2/repository/commons-cli/commons-cli/1.2/commons-cli-1.2.jar:/home/user/.m2/repository/org/apache/commons/commons-math3/3.1.1/commons-math3-3.1.1.jar:/home/user/.m2/repository/xmlenc/xmlenc/0.52/xmlenc-0.52.jar:/home/user/.m2/repository/commons-httpclient/commons-httpclient/3.1/commons-httpclient-3.1.jar:/home/user/.m2/repository/commons-codec/commons-codec/1.4/commons-codec-1.4.jar:/home/user/.m2/repository/commons-io/commons-io/2.4/commons-io-2.4.jar:/home/user/.m2/repository/commons-net/commons-net/3.1/commons-net-3.1.jar:/home/user/.m2/repository/commons-collections/commons-collections/3.2.1/commons-collections-3.2.1.jar:/home/user/.m2/repository/javax/servlet/servlet-api/2.5/servlet-api-2.5.jar:/home/user/.m2/repository/org/mortbay/jetty/jetty/6.1.26/jetty-6.1.26.jar:/home/user/.m2/repository/org/mortbay/jetty/jetty-util/6.1.26/jetty-util-6.1.26.jar:/home/user/.m2/repository/com/sun/jersey/jersey-core/1.9/jersey-core-1.9.jar:/home/user/.m2/repository/com/sun/jersey/jersey-json/1.9/jersey-json-1.9.jar:/home/user/.m2/repository/org/codehaus/jettison/jettison/1.1/jettison-1.1.jar:/home/user/.m2/repository/com/sun/xml/bind/jaxb-impl/2.2.3-1/jaxb-impl-2.2.3-1.jar:/home/user/.m2/repository/javax/xml/bind/jaxb-api/2.2.2/jaxb-api-2.2.2.jar:/home/user/.m2/repository/javax/xml/stream/stax-api/1.0-2/stax-api-1.0-2.jar:/home/user/.m2/repository/javax/activation/activation/1.1/activation-1.1.jar:/home/user/.m2/repository/org/codehaus/jackson/jackson-jaxrs/1.8.3/jackson-jaxrs-1.8.3.jar:/home/user/.m2/repository/org/codehaus/jackson/jackson-xc/1.8.3/jackson-xc-1.8.3.jar:/home/user/.m2/repository/com/sun/jersey/jersey-server/1.9/jersey-server-1.9.jar:/home/user/.m2/repository/asm/asm/3.1/asm-3.1.jar:/home/user/.m2/repository/tomcat/jasper-compiler/5.5.23/jasper-compiler-5.5.23.jar:/home/user/.m2/repository/tomcat/jasper-runtime/5.5.23/jasper-runtime-5.5.23.jar:/home/user/.m2/repository/javax/servlet/jsp/jsp-api/2.1/jsp-api-2.1.jar:/home/user/.m2/repository/commons-el/commons-el/1.0/commons-el-1.0.jar:/home/user/.m2/repository/commons-logging/commons-logging/1.1.3/commons-logging-1.1.3.jar:/home/user/.m2/repository/net/java/dev/jets3t/jets3t/0.9.0/jets3t-0.9.0.jar:/home/user/.m2/repository/org/apache/httpcomponents/httpclient/4.1.2/httpclient-4.1.2.jar:/home/user/.m2/repository/org/apache/httpcomponents/httpcore/4.1.2/httpcore-4.1.2.jar:/home/user/.m2/repository/com/jamesmurty/utils/java-xmlbuilder/0.4/java-xmlbuilder-0.4.jar:/home/user/.m2/repository/commons-lang/commons-lang/2.6/commons-lang-2.6.jar:/home/user/.m2/repository/commons-configuration/commons-configuration/1.6/commons-configuration-1.6.jar:/home/user/.m2/repository/commons-digester/commons-digester/1.8/commons-digester-1.8.jar:/home/user/.m2/repository/commons-beanutils/commons-beanutils/1.7.0/commons-beanutils-1.7.0.jar:/home/user/.m2/repository/commons-beanutils/commons-beanutils-core/1.8.0/commons-beanutils-core-1.8.0.jar:/home/user/.m2/repository/org/codehaus/jackson/jackson-core-asl/1.9.13/jackson-core-asl-1.9.13.jar:/home/user/.m2/repository/org/codehaus/jackson/jackson-mapper-asl/1.9.13/jackson-mapper-asl-1.9.13.jar:/home/user/.m2/repository/org/apache/avro/avro/1.7.4/avro-1.7.4.jar:/home/user/.m2/repository/com/thoughtworks/paranamer/paranamer/2.3/paranamer-2.3.jar:/home/user/.m2/repository/org/xerial/snappy/snappy-java/1.0.4.1/snappy-java-1.0.4.1.jar:/home/user/.m2/repository/com/google/protobuf/protobuf-java/2.5.0/protobuf-java-2.5.0.jar:/home/user/.m2/repository/com/google/code/gson/gson/2.2.4/gson-2.2.4.jar:/home/user/.m2/repository/org/apache/hadoop/hadoop-auth/2.6.0/hadoop-auth-2.6.0.jar:/home/user/.m2/repository/org/apache/directory/server/apacheds-kerberos-codec/2.0.0-M15/apacheds-kerberos-codec-2.0.0-M15.jar:/home/user/.m2/repository/org/apache/directory/server/apacheds-i18n/2.0.0-M15/apacheds-i18n-2.0.0-M15.jar:/home/user/.m2/repository/org/apache/directory/api/api-asn1-api/1.0.0-M20/api-asn1-api-1.0.0-M20.jar:/home/user/.m2/repository/org/apache/directory/api/api-util/1.0.0-M20/api-util-1.0.0-M20.jar:/home/user/.m2/repository/org/apache/curator/curator-framework/2.6.0/curator-framework-2.6.0.jar:/home/user/.m2/repository/com/jcraft/jsch/0.1.42/jsch-0.1.42.jar:/home/user/.m2/repository/org/apache/curator/curator-client/2.6.0/curator-client-2.6.0.jar:/home/user/.m2/repository/org/apache/curator/curator-recipes/2.6.0/curator-recipes-2.6.0.jar:/home/user/.m2/repository/com/google/code/findbugs/jsr305/1.3.9/jsr305-1.3.9.jar:/home/user/.m2/repository/org/htrace/htrace-core/3.0.4/htrace-core-3.0.4.jar:/home/user/.m2/repository/org/apache/zookeeper/zookeeper/3.4.6/zookeeper-3.4.6.jar:/home/user/.m2/repository/io/netty/netty/3.7.0.Final/netty-3.7.0.Final.jar:/home/user/.m2/repository/org/apache/commons/commons-compress/1.4.1/commons-compress-1.4.1.jar:/home/user/.m2/repository/org/tukaani/xz/1.0/xz-1.0.jar:/home/user/.m2/repository/io/dropwizard/metrics/metrics-jvm/3.2.5/metrics-jvm-3.2.5.jar:/home/user/.m2/repository/io/dropwizard/metrics/metrics-ganglia/3.2.5/metrics-ganglia-3.2.5.jar:/home/user/.m2/repository/info/ganglia/gmetric4j/gmetric4j/1.0.7/gmetric4j-1.0.7.jar:/workdir/ratis-server/target/test-classes:/workdir/ratis-netty/target/classes:/workdir/ratis-netty/target/test-classes:/workdir/ratis-grpc/target/classes:/workdir/ratis-grpc/target/test-classes:/home/user/.m2/repository/org/slf4j/slf4j-api/1.7.10/slf4j-api-1.7.10.jar:/home/user/.m2/repository/junit/junit/4.12/junit-4.12.jar:/home/user/.m2/repository/org/hamcrest/hamcrest-core/1.3/hamcrest-core-1.3.jar:/home/user/.m2/repository/org/mockito/mockito-all/1.8.5/mockito-all-1.8.5.jar:"/>
    <property name="java.vm.vendor" value="IcedTea"/>
    <property name="sun.arch.data.model" value="64"/>
    <property name="java.vendor.url" value="https://icedtea.classpath.org"/>
    <property name="user.timezone" value=""/>
    <property name="java.vm.specification.version" value="1.8"/>
    <property name="os.name" value="Linux"/>
    <property name="user.country" value="US"/>
    <property name="sun.java.launcher" value="SUN_STANDARD"/>
    <property name="sun.boot.library.path" value="/usr/lib/jvm/java-1.8-openjdk/jre/lib/amd64"/>
    <property name="sun.java.command" value="/workdir/ratis-test/target/surefire/surefirebooter6260779007715127778.jar /workdir/ratis-test/target/surefire 2019-09-24T16-02-41_483-jvmRun1 surefire1103141847790270998tmp surefire_123052461471888671880tmp"/>
    <property name="surefire.test.class.path" value="/workdir/ratis-test/target/test-classes:/workdir/ratis-test/target/classes:/workdir/ratis-common/target/classes:/home/user/.m2/repository/org/apache/ratis/ratis-thirdparty-misc/0.2.0/ratis-thirdparty-misc-0.2.0.jar:/workdir/ratis-proto/target/ratis-proto-0.5.0-SNAPSHOT.jar:/home/user/.m2/repository/org/slf4j/slf4j-log4j12/1.7.10/slf4j-log4j12-1.7.10.jar:/home/user/.m2/repository/log4j/log4j/1.2.17/log4j-1.2.17.jar:/workdir/ratis-common/target/test-classes:/workdir/ratis-client/target/classes:/workdir/ratis-server/target/classes:/workdir/ratis-metrics/target/classes:/home/user/.m2/repository/io/dropwizard/metrics/metrics-core/3.2.5/metrics-core-3.2.5.jar:/home/user/.m2/repository/com/github/joshelser/dropwizard-metrics-hadoop-metrics2-reporter/0.1.2/dropwizard-metrics-hadoop-metrics2-reporter-0.1.2.jar:/home/user/.m2/repository/org/apache/hadoop/hadoop-common/2.6.0/hadoop-common-2.6.0.jar:/home/user/.m2/repository/org/apache/hadoop/hadoop-annotations/2.6.0/hadoop-annotations-2.6.0.jar:/usr/lib/jvm/java-1.8-openjdk/jre/../lib/tools.jar:/home/user/.m2/repository/com/google/guava/guava/11.0.2/guava-11.0.2.jar:/home/user/.m2/repository/commons-cli/commons-cli/1.2/commons-cli-1.2.jar:/home/user/.m2/repository/org/apache/commons/commons-math3/3.1.1/commons-math3-3.1.1.jar:/home/user/.m2/repository/xmlenc/xmlenc/0.52/xmlenc-0.52.jar:/home/user/.m2/repository/commons-httpclient/commons-httpclient/3.1/commons-httpclient-3.1.jar:/home/user/.m2/repository/commons-codec/commons-codec/1.4/commons-codec-1.4.jar:/home/user/.m2/repository/commons-io/commons-io/2.4/commons-io-2.4.jar:/home/user/.m2/repository/commons-net/commons-net/3.1/commons-net-3.1.jar:/home/user/.m2/repository/commons-collections/commons-collections/3.2.1/commons-collections-3.2.1.jar:/home/user/.m2/repository/javax/servlet/servlet-api/2.5/servlet-api-2.5.jar:/home/user/.m2/repository/org/mortbay/jetty/jetty/6.1.26/jetty-6.1.26.jar:/home/user/.m2/repository/org/mortbay/jetty/jetty-util/6.1.26/jetty-util-6.1.26.jar:/home/user/.m2/repository/com/sun/jersey/jersey-core/1.9/jersey-core-1.9.jar:/home/user/.m2/repository/com/sun/jersey/jersey-json/1.9/jersey-json-1.9.jar:/home/user/.m2/repository/org/codehaus/jettison/jettison/1.1/jettison-1.1.jar:/home/user/.m2/repository/com/sun/xml/bind/jaxb-impl/2.2.3-1/jaxb-impl-2.2.3-1.jar:/home/user/.m2/repository/javax/xml/bind/jaxb-api/2.2.2/jaxb-api-2.2.2.jar:/home/user/.m2/repository/javax/xml/stream/stax-api/1.0-2/stax-api-1.0-2.jar:/home/user/.m2/repository/javax/activation/activation/1.1/activation-1.1.jar:/home/user/.m2/repository/org/codehaus/jackson/jackson-jaxrs/1.8.3/jackson-jaxrs-1.8.3.jar:/home/user/.m2/repository/org/codehaus/jackson/jackson-xc/1.8.3/jackson-xc-1.8.3.jar:/home/user/.m2/repository/com/sun/jersey/jersey-server/1.9/jersey-server-1.9.jar:/home/user/.m2/repository/asm/asm/3.1/asm-3.1.jar:/home/user/.m2/repository/tomcat/jasper-compiler/5.5.23/jasper-compiler-5.5.23.jar:/home/user/.m2/repository/tomcat/jasper-runtime/5.5.23/jasper-runtime-5.5.23.jar:/home/user/.m2/repository/javax/servlet/jsp/jsp-api/2.1/jsp-api-2.1.jar:/home/user/.m2/repository/commons-el/commons-el/1.0/commons-el-1.0.jar:/home/user/.m2/repository/commons-logging/commons-logging/1.1.3/commons-logging-1.1.3.jar:/home/user/.m2/repository/net/java/dev/jets3t/jets3t/0.9.0/jets3t-0.9.0.jar:/home/user/.m2/repository/org/apache/httpcomponents/httpclient/4.1.2/httpclient-4.1.2.jar:/home/user/.m2/repository/org/apache/httpcomponents/httpcore/4.1.2/httpcore-4.1.2.jar:/home/user/.m2/repository/com/jamesmurty/utils/java-xmlbuilder/0.4/java-xmlbuilder-0.4.jar:/home/user/.m2/repository/commons-lang/commons-lang/2.6/commons-lang-2.6.jar:/home/user/.m2/repository/commons-configuration/commons-configuration/1.6/commons-configuration-1.6.jar:/home/user/.m2/repository/commons-digester/commons-digester/1.8/commons-digester-1.8.jar:/home/user/.m2/repository/commons-beanutils/commons-beanutils/1.7.0/commons-beanutils-1.7.0.jar:/home/user/.m2/repository/commons-beanutils/commons-beanutils-core/1.8.0/commons-beanutils-core-1.8.0.jar:/home/user/.m2/repository/org/codehaus/jackson/jackson-core-asl/1.9.13/jackson-core-asl-1.9.13.jar:/home/user/.m2/repository/org/codehaus/jackson/jackson-mapper-asl/1.9.13/jackson-mapper-asl-1.9.13.jar:/home/user/.m2/repository/org/apache/avro/avro/1.7.4/avro-1.7.4.jar:/home/user/.m2/repository/com/thoughtworks/paranamer/paranamer/2.3/paranamer-2.3.jar:/home/user/.m2/repository/org/xerial/snappy/snappy-java/1.0.4.1/snappy-java-1.0.4.1.jar:/home/user/.m2/repository/com/google/protobuf/protobuf-java/2.5.0/protobuf-java-2.5.0.jar:/home/user/.m2/repository/com/google/code/gson/gson/2.2.4/gson-2.2.4.jar:/home/user/.m2/repository/org/apache/hadoop/hadoop-auth/2.6.0/hadoop-auth-2.6.0.jar:/home/user/.m2/repository/org/apache/directory/server/apacheds-kerberos-codec/2.0.0-M15/apacheds-kerberos-codec-2.0.0-M15.jar:/home/user/.m2/repository/org/apache/directory/server/apacheds-i18n/2.0.0-M15/apacheds-i18n-2.0.0-M15.jar:/home/user/.m2/repository/org/apache/directory/api/api-asn1-api/1.0.0-M20/api-asn1-api-1.0.0-M20.jar:/home/user/.m2/repository/org/apache/directory/api/api-util/1.0.0-M20/api-util-1.0.0-M20.jar:/home/user/.m2/repository/org/apache/curator/curator-framework/2.6.0/curator-framework-2.6.0.jar:/home/user/.m2/repository/com/jcraft/jsch/0.1.42/jsch-0.1.42.jar:/home/user/.m2/repository/org/apache/curator/curator-client/2.6.0/curator-client-2.6.0.jar:/home/user/.m2/repository/org/apache/curator/curator-recipes/2.6.0/curator-recipes-2.6.0.jar:/home/user/.m2/repository/com/google/code/findbugs/jsr305/1.3.9/jsr305-1.3.9.jar:/home/user/.m2/repository/org/htrace/htrace-core/3.0.4/htrace-core-3.0.4.jar:/home/user/.m2/repository/org/apache/zookeeper/zookeeper/3.4.6/zookeeper-3.4.6.jar:/home/user/.m2/repository/io/netty/netty/3.7.0.Final/netty-3.7.0.Final.jar:/home/user/.m2/repository/org/apache/commons/commons-compress/1.4.1/commons-compress-1.4.1.jar:/home/user/.m2/repository/org/tukaani/xz/1.0/xz-1.0.jar:/home/user/.m2/repository/io/dropwizard/metrics/metrics-jvm/3.2.5/metrics-jvm-3.2.5.jar:/home/user/.m2/repository/io/dropwizard/metrics/metrics-ganglia/3.2.5/metrics-ganglia-3.2.5.jar:/home/user/.m2/repository/info/ganglia/gmetric4j/gmetric4j/1.0.7/gmetric4j-1.0.7.jar:/workdir/ratis-server/target/test-classes:/workdir/ratis-netty/target/classes:/workdir/ratis-netty/target/test-classes:/workdir/ratis-grpc/target/classes:/workdir/ratis-grpc/target/test-classes:/home/user/.m2/repository/org/slf4j/slf4j-api/1.7.10/slf4j-api-1.7.10.jar:/home/user/.m2/repository/junit/junit/4.12/junit-4.12.jar:/home/user/.m2/repository/org/hamcrest/hamcrest-core/1.3/hamcrest-core-1.3.jar:/home/user/.m2/repository/org/mockito/mockito-all/1.8.5/mockito-all-1.8.5.jar:"/>
    <property name="sun.cpu.endian" value="little"/>
    <property name="user.home" value="/home/user"/>
    <property name="user.language" value="en"/>
    <property name="java.specification.vendor" value="Oracle Corporation"/>
    <property name="java.home" value="/usr/lib/jvm/java-1.8-openjdk/jre"/>
    <property name="basedir" value="/workdir/ratis-test"/>
    <property name="file.separator" value="/"/>
    <property name="line.separator" value="&#10;"/>
    <property name="java.vm.specification.vendor" value="Oracle Corporation"/>
    <property name="java.specification.name" value="Java Platform API Specification"/>
    <property name="java.awt.graphicsenv" value="sun.awt.X11GraphicsEnvironment"/>
    <property name="surefire.real.class.path" value="/workdir/ratis-test/target/surefire/surefirebooter6260779007715127778.jar"/>
    <property name="sun.boot.class.path" value="/usr/lib/jvm/java-1.8-openjdk/jre/lib/resources.jar:/usr/lib/jvm/java-1.8-openjdk/jre/lib/rt.jar:/usr/lib/jvm/java-1.8-openjdk/jre/lib/sunrsasign.jar:/usr/lib/jvm/java-1.8-openjdk/jre/lib/jsse.jar:/usr/lib/jvm/java-1.8-openjdk/jre/lib/jce.jar:/usr/lib/jvm/java-1.8-openjdk/jre/lib/charsets.jar:/usr/lib/jvm/java-1.8-openjdk/jre/lib/jfr.jar:/usr/lib/jvm/java-1.8-openjdk/jre/classes"/>
    <property name="sun.management.compiler" value="HotSpot 64-Bit Tiered Compilers"/>
    <property name="java.runtime.version" value="1.8.0_212-b04"/>
    <property name="java.net.preferIPv4Stack" value="true"/>
    <property name="user.name" value="jenkins1000"/>
    <property name="path.separator" value=":"/>
    <property name="os.version" value="3.10.0-957.12.2.el7.x86_64"/>
    <property name="java.endorsed.dirs" value="/usr/lib/jvm/java-1.8-openjdk/jre/lib/endorsed"/>
    <property name="java.runtime.name" value="OpenJDK Runtime Environment"/>
    <property name="file.encoding" value="UTF-8"/>
    <property name="java.vm.name" value="OpenJDK 64-Bit Server VM"/>
    <property name="localRepository" value="/home/user/.m2/repository"/>
    <property name="java.vendor.url.bug" value="https://icedtea.classpath.org/bugzilla"/>
    <property name="java.io.tmpdir" value="/tmp"/>
    <property name="java.version" value="1.8.0_212"/>
    <property name="user.dir" value="/workdir/ratis-test"/>
    <property name="os.arch" value="amd64"/>
    <property name="ratis.tmp.dir" value="/workdir/ratis-test/target/tmp"/>
    <property name="java.vm.specification.name" value="Java Virtual Machine Specification"/>
    <property name="java.awt.printerjob" value="sun.print.PSPrinterJob"/>
    <property name="ratis.log.dir" value="/workdir/ratis-test/target/log"/>
    <property name="sun.os.patch.level" value="unknown"/>
    <property name="java.library.path" value="/usr/lib/jvm/java-1.8-openjdk/jre/lib/amd64/server:/usr/lib/jvm/java-1.8-openjdk/jre/lib/amd64:/usr/lib/jvm/java-1.8-openjdk/jre/../lib/amd64:/usr/java/packages/lib/amd64:/usr/lib64:/lib64:/lib:/usr/lib"/>
    <property name="java.vm.info" value="mixed mode"/>
    <property name="java.vendor" value="IcedTea"/>
    <property name="java.vm.version" value="25.212-b04"/>
    <property name="java.ext.dirs" value="/usr/lib/jvm/java-1.8-openjdk/jre/lib/ext:/usr/java/packages/lib/ext"/>
    <property name="sun.io.unicode.encoding" value="UnicodeLittle"/>
    <property name="java.class.version" value="52.0"/>
  </properties>
  <testcase name="testRetryOnStateMachineException" classname="org.apache.ratis.grpc.TestRaftStateMachineExceptionWithGrpc" time="5.815"/>
  <testcase name="testHandleStateMachineException" classname="org.apache.ratis.grpc.TestRaftStateMachineExceptionWithGrpc" time="2.295"/>
  <testcase name="testRetryOnExceptionDuringReplication" classname="org.apache.ratis.grpc.TestRaftStateMachineExceptionWithGrpc" time="1.294">
    <error type="java.lang.NullPointerException">java.lang.NullPointerException
</error>
    <system-out><![CDATA[2019-09-24 16:10:16,433 INFO  util.LogUtils (LogUtils.java:setLogLevel(41)) - Set org.apache.ratis.conf.ConfUtils log level to WARN
2019-09-24 16:10:16,433 INFO  util.LogUtils (LogUtils.java:setLogLevel(41)) - Set org.apache.ratis.util.FileUtils log level to TRACE
2019-09-24 16:10:16,434 INFO  util.LogUtils (LogUtils.java:setLogLevel(41)) - Set org.apache.ratis.server.impl.RaftServerImpl log level to DEBUG
2019-09-24 16:10:16,434 INFO  util.LogUtils (LogUtils.java:setLogLevel(41)) - Set org.apache.ratis.server.raftlog.RaftLog log level to DEBUG
2019-09-24 16:10:16,434 INFO  util.LogUtils (LogUtils.java:setLogLevel(41)) - Set org.apache.ratis.client.RaftClient log level to DEBUG
2019-09-24 16:10:16,436 INFO  ratis.MiniRaftCluster (MiniRaftCluster.java:runWithNewCluster(119)) - Running runWithNewCluster
2019-09-24 16:10:16,437 INFO  ratis.MiniRaftCluster (MiniRaftCluster.java:<init>(253)) - new MiniRaftClusterWithGrpc with group-0CF4EA6807AF:[s0:0.0.0.0:43395, s1:0.0.0.0:43939, s2:0.0.0.0:39087]
2019-09-24 16:10:16,437 INFO  ratis.MiniRaftCluster (MiniRaftCluster.java:start(287)) - .............................................................. 
2019-09-24 16:10:16,438 INFO  ratis.MiniRaftCluster (MiniRaftCluster.java:start(288)) - ... 
2019-09-24 16:10:16,438 INFO  ratis.MiniRaftCluster (MiniRaftCluster.java:start(289)) - ...     Starting MiniRaftClusterWithGrpc
2019-09-24 16:10:16,438 INFO  ratis.MiniRaftCluster (MiniRaftCluster.java:start(290)) - ... 
2019-09-24 16:10:16,438 INFO  ratis.MiniRaftCluster (MiniRaftCluster.java:start(291)) - .............................................................. 
2019-09-24 16:10:16,438 INFO  ratis.MiniRaftCluster (MiniRaftCluster.java:initServers(265)) - servers = {}
2019-09-24 16:10:16,438 INFO  ratis.MiniRaftCluster (MiniRaftCluster.java:newRaftServer(330)) - newRaftServer: s0, group-0CF4EA6807AF:[s0:0.0.0.0:43395, s1:0.0.0.0:43939, s2:0.0.0.0:39087], format? true
2019-09-24 16:10:16,439 TRACE util.FileUtils (FileUtils.java:deleteFully(88)) - deleteFully target/test/data/c18fc967/MiniRaftClusterWithGrpc1dba3a28/s0
2019-09-24 16:10:16,439 TRACE util.FileUtils (FileUtils.java:deleteFully(104)) - deleteFully: target/test/data/c18fc967/MiniRaftClusterWithGrpc1dba3a28/s0 does not exist.
2019-09-24 16:10:16,439 INFO  ratis.MiniRaftCluster (MiniRaftCluster.java:newRaftServer(335)) - Formatted directory target/test/data/c18fc967/MiniRaftClusterWithGrpc1dba3a28/s0
2019-09-24 16:10:16,440 INFO  impl.RaftServerProxy (ConfUtils.java:logGet(43)) - raft.rpc.type = GRPC (default)
2019-09-24 16:10:16,440 INFO  grpc.GrpcFactory (GrpcFactory.java:checkPooledByteBufAllocatorUseCacheForAllThreads(45)) - PERFORMANCE WARNING: useCacheForAllThreads is true that may cause Netty to create a lot garbage objects and, as a result, trigger GC.
	It is recommended to disable useCacheForAllThreads by setting -Dorg.apache.ratis.thirdparty.io.netty.allocator.useCacheForAllThreads=false in command line.
2019-09-24 16:10:16,440 INFO  grpc.GrpcConfigKeys$Server (ConfUtils.java:logGet(43)) - raft.grpc.server.port = 43395 (custom)
2019-09-24 16:10:16,441 INFO  server.GrpcService (ConfUtils.java:logGet(43)) - raft.grpc.message.size.max = 64MB (=67108864) (default)
2019-09-24 16:10:16,441 INFO  server.RaftServerConfigKeys (ConfUtils.java:logGet(43)) - raft.server.log.appender.buffer.byte-limit = 4MB (=4194304) (default)
2019-09-24 16:10:16,441 INFO  server.GrpcService (ConfUtils.java:logGet(43)) - raft.grpc.flow.control.window = 1MB (=1048576) (default)
2019-09-24 16:10:16,441 INFO  server.RaftServerConfigKeys (ConfUtils.java:logGet(43)) - raft.server.rpc.request.timeout = 3000ms (default)
2019-09-24 16:10:16,442 INFO  server.RaftServerConfigKeys (ConfUtils.java:logGet(43)) - raft.server.storage.dir = [/workdir/ratis-test/target/test/data/c18fc967/MiniRaftClusterWithGrpc1dba3a28/s0] (custom)
2019-09-24 16:10:16,443 INFO  impl.RaftServerProxy (RaftServerProxy.java:addNew(89)) - s0: addNew group-0CF4EA6807AF:[s0:0.0.0.0:43395, s1:0.0.0.0:43939, s2:0.0.0.0:39087] returns group-0CF4EA6807AF:java.util.concurrent.CompletableFuture@3fc791c2[Not completed]
2019-09-24 16:10:16,443 INFO  ratis.MiniRaftCluster (MiniRaftCluster.java:newRaftServer(330)) - newRaftServer: s1, group-0CF4EA6807AF:[s0:0.0.0.0:43395, s1:0.0.0.0:43939, s2:0.0.0.0:39087], format? true
2019-09-24 16:10:16,443 INFO  server.RaftServerConfigKeys (ConfUtils.java:logGet(43)) - raft.server.log.segment.size.max = 8MB (=8388608) (default)
2019-09-24 16:10:16,443 TRACE util.FileUtils (FileUtils.java:deleteFully(88)) - deleteFully target/test/data/c18fc967/MiniRaftClusterWithGrpc1dba3a28/s1
2019-09-24 16:10:16,444 INFO  server.RaftServerConfigKeys (ConfUtils.java:logGet(43)) - raft.server.log.preallocated.size = 4MB (=4194304) (default)
2019-09-24 16:10:16,444 TRACE util.FileUtils (FileUtils.java:deleteFully(104)) - deleteFully: target/test/data/c18fc967/MiniRaftClusterWithGrpc1dba3a28/s1 does not exist.
2019-09-24 16:10:16,444 INFO  server.RaftServerConfigKeys (ConfUtils.java:logGet(43)) - raft.server.log.write.buffer.size = 64KB (=65536) (default)
2019-09-24 16:10:16,444 INFO  ratis.MiniRaftCluster (MiniRaftCluster.java:newRaftServer(335)) - Formatted directory target/test/data/c18fc967/MiniRaftClusterWithGrpc1dba3a28/s1
2019-09-24 16:10:16,444 INFO  impl.RaftServerImpl (RaftServerImpl.java:<init>(95)) - s0: new RaftServerImpl for group-0CF4EA6807AF:[s0:0.0.0.0:43395, s1:0.0.0.0:43939, s2:0.0.0.0:39087] with StateMachineWithException:uninitialized
2019-09-24 16:10:16,445 INFO  impl.RaftServerProxy (ConfUtils.java:logGet(43)) - raft.rpc.type = GRPC (default)
2019-09-24 16:10:16,445 INFO  server.RaftServerConfigKeys (ConfUtils.java:logGet(43)) - raft.server.rpc.timeout.min = 150ms (default)
2019-09-24 16:10:16,445 INFO  grpc.GrpcFactory (GrpcFactory.java:checkPooledByteBufAllocatorUseCacheForAllThreads(45)) - PERFORMANCE WARNING: useCacheForAllThreads is true that may cause Netty to create a lot garbage objects and, as a result, trigger GC.
	It is recommended to disable useCacheForAllThreads by setting -Dorg.apache.ratis.thirdparty.io.netty.allocator.useCacheForAllThreads=false in command line.
2019-09-24 16:10:16,445 INFO  server.RaftServerConfigKeys (ConfUtils.java:logGet(43)) - raft.server.rpc.timeout.max = 300ms (default)
2019-09-24 16:10:16,446 INFO  grpc.GrpcConfigKeys$Server (ConfUtils.java:logGet(43)) - raft.grpc.server.port = 43939 (custom)
2019-09-24 16:10:16,446 INFO  server.RaftServerConfigKeys (ConfUtils.java:logGet(43)) - raft.server.rpcslowness.timeout = 60s (default)
2019-09-24 16:10:16,446 INFO  server.GrpcService (ConfUtils.java:logGet(43)) - raft.grpc.message.size.max = 64MB (=67108864) (default)
2019-09-24 16:10:16,446 INFO  server.RaftServerConfigKeys (ConfUtils.java:logGet(43)) - raft.server.sleep.deviation.threshold = 300 (default)
2019-09-24 16:10:16,446 INFO  server.RaftServerConfigKeys (ConfUtils.java:logGet(43)) - raft.server.log.appender.buffer.byte-limit = 4MB (=4194304) (default)
2019-09-24 16:10:16,446 INFO  server.RaftServerConfigKeys (ConfUtils.java:logGet(43)) - raft.server.log.appender.install.snapshot.enabled = true (default)
2019-09-24 16:10:16,447 INFO  server.GrpcService (ConfUtils.java:logGet(43)) - raft.grpc.flow.control.window = 1MB (=1048576) (default)
2019-09-24 16:10:16,447 INFO  impl.RaftServerImpl (ServerState.java:<init>(103)) - s0@group-0CF4EA6807AF: ConfigurationManager, init=-1: [s0:0.0.0.0:43395, s1:0.0.0.0:43939, s2:0.0.0.0:39087], old=null, confs=<EMPTY_MAP>
2019-09-24 16:10:16,447 INFO  server.RaftServerConfigKeys (ConfUtils.java:logGet(43)) - raft.server.rpc.request.timeout = 3000ms (default)
2019-09-24 16:10:16,447 INFO  server.RaftServerConfigKeys (ConfUtils.java:logGet(43)) - raft.server.storage.dir = [/workdir/ratis-test/target/test/data/c18fc967/MiniRaftClusterWithGrpc1dba3a28/s0] (custom)
2019-09-24 16:10:16,448 INFO  server.RaftServerConfigKeys (ConfUtils.java:logGet(43)) - raft.server.log.corruption.policy = EXCEPTION (default)
2019-09-24 16:10:16,448 INFO  server.RaftServerConfigKeys (ConfUtils.java:logGet(43)) - raft.server.storage.dir = [/workdir/ratis-test/target/test/data/c18fc967/MiniRaftClusterWithGrpc1dba3a28/s1] (custom)
2019-09-24 16:10:16,448 INFO  storage.RaftStorageDirectory (RaftStorageDirectory.java:analyzeStorage(246)) - The storage directory /workdir/ratis-test/target/test/data/c18fc967/MiniRaftClusterWithGrpc1dba3a28/s0/7506c955-dc9c-45a1-b3a4-0cf4ea6807af does not exist. Creating ...
2019-09-24 16:10:16,448 INFO  impl.RaftServerProxy (RaftServerProxy.java:addNew(89)) - s1: addNew group-0CF4EA6807AF:[s0:0.0.0.0:43395, s1:0.0.0.0:43939, s2:0.0.0.0:39087] returns group-0CF4EA6807AF:java.util.concurrent.CompletableFuture@507b02bd[Not completed]
2019-09-24 16:10:16,449 INFO  server.RaftServerConfigKeys (ConfUtils.java:logGet(43)) - raft.server.log.segment.size.max = 8MB (=8388608) (default)
2019-09-24 16:10:16,449 INFO  ratis.MiniRaftCluster (MiniRaftCluster.java:newRaftServer(330)) - newRaftServer: s2, group-0CF4EA6807AF:[s0:0.0.0.0:43395, s1:0.0.0.0:43939, s2:0.0.0.0:39087], format? true
2019-09-24 16:10:16,449 INFO  server.RaftServerConfigKeys (ConfUtils.java:logGet(43)) - raft.server.log.preallocated.size = 4MB (=4194304) (default)
2019-09-24 16:10:16,449 TRACE util.FileUtils (LogUtils.java:runAndLog(61)) - Successfully ran Files.createDirectories /workdir/ratis-test/target/test/data/c18fc967/MiniRaftClusterWithGrpc1dba3a28/s0/7506c955-dc9c-45a1-b3a4-0cf4ea6807af
2019-09-24 16:10:16,449 TRACE util.FileUtils (FileUtils.java:deleteFully(88)) - deleteFully target/test/data/c18fc967/MiniRaftClusterWithGrpc1dba3a28/s2
2019-09-24 16:10:16,449 INFO  server.RaftServerConfigKeys (ConfUtils.java:logGet(43)) - raft.server.log.write.buffer.size = 64KB (=65536) (default)
2019-09-24 16:10:16,450 TRACE util.FileUtils (FileUtils.java:deleteFully(104)) - deleteFully: target/test/data/c18fc967/MiniRaftClusterWithGrpc1dba3a28/s2 does not exist.
2019-09-24 16:10:16,450 INFO  impl.RaftServerImpl (RaftServerImpl.java:<init>(95)) - s1: new RaftServerImpl for group-0CF4EA6807AF:[s0:0.0.0.0:43395, s1:0.0.0.0:43939, s2:0.0.0.0:39087] with StateMachineWithException:uninitialized
2019-09-24 16:10:16,450 INFO  ratis.MiniRaftCluster (MiniRaftCluster.java:newRaftServer(335)) - Formatted directory target/test/data/c18fc967/MiniRaftClusterWithGrpc1dba3a28/s2
2019-09-24 16:10:16,450 INFO  server.RaftServerConfigKeys (ConfUtils.java:logGet(43)) - raft.server.rpc.timeout.min = 150ms (default)
2019-09-24 16:10:16,450 INFO  server.RaftServerConfigKeys (ConfUtils.java:logGet(43)) - raft.server.rpc.timeout.max = 300ms (default)
2019-09-24 16:10:16,450 INFO  impl.RaftServerProxy (ConfUtils.java:logGet(43)) - raft.rpc.type = GRPC (default)
2019-09-24 16:10:16,451 INFO  server.RaftServerConfigKeys (ConfUtils.java:logGet(43)) - raft.server.rpcslowness.timeout = 60s (default)
2019-09-24 16:10:16,451 INFO  grpc.GrpcFactory (GrpcFactory.java:checkPooledByteBufAllocatorUseCacheForAllThreads(45)) - PERFORMANCE WARNING: useCacheForAllThreads is true that may cause Netty to create a lot garbage objects and, as a result, trigger GC.
	It is recommended to disable useCacheForAllThreads by setting -Dorg.apache.ratis.thirdparty.io.netty.allocator.useCacheForAllThreads=false in command line.
2019-09-24 16:10:16,451 INFO  server.RaftServerConfigKeys (ConfUtils.java:logGet(43)) - raft.server.sleep.deviation.threshold = 300 (default)
2019-09-24 16:10:16,451 INFO  grpc.GrpcConfigKeys$Server (ConfUtils.java:logGet(43)) - raft.grpc.server.port = 39087 (custom)
2019-09-24 16:10:16,451 INFO  server.RaftServerConfigKeys (ConfUtils.java:logGet(43)) - raft.server.log.appender.install.snapshot.enabled = true (default)
2019-09-24 16:10:16,451 INFO  server.GrpcService (ConfUtils.java:logGet(43)) - raft.grpc.message.size.max = 64MB (=67108864) (default)
2019-09-24 16:10:16,451 INFO  impl.RaftServerImpl (ServerState.java:<init>(103)) - s1@group-0CF4EA6807AF: ConfigurationManager, init=-1: [s0:0.0.0.0:43395, s1:0.0.0.0:43939, s2:0.0.0.0:39087], old=null, confs=<EMPTY_MAP>
2019-09-24 16:10:16,452 INFO  server.RaftServerConfigKeys (ConfUtils.java:logGet(43)) - raft.server.log.appender.buffer.byte-limit = 4MB (=4194304) (default)
2019-09-24 16:10:16,452 INFO  server.RaftServerConfigKeys (ConfUtils.java:logGet(43)) - raft.server.storage.dir = [/workdir/ratis-test/target/test/data/c18fc967/MiniRaftClusterWithGrpc1dba3a28/s1] (custom)
2019-09-24 16:10:16,452 INFO  server.GrpcService (ConfUtils.java:logGet(43)) - raft.grpc.flow.control.window = 1MB (=1048576) (default)
2019-09-24 16:10:16,452 INFO  server.RaftServerConfigKeys (ConfUtils.java:logGet(43)) - raft.server.log.corruption.policy = EXCEPTION (default)
2019-09-24 16:10:16,452 INFO  server.RaftServerConfigKeys (ConfUtils.java:logGet(43)) - raft.server.rpc.request.timeout = 3000ms (default)
2019-09-24 16:10:16,452 INFO  storage.RaftStorageDirectory (RaftStorageDirectory.java:analyzeStorage(246)) - The storage directory /workdir/ratis-test/target/test/data/c18fc967/MiniRaftClusterWithGrpc1dba3a28/s1/7506c955-dc9c-45a1-b3a4-0cf4ea6807af does not exist. Creating ...
2019-09-24 16:10:16,453 TRACE util.FileUtils (LogUtils.java:runAndLog(61)) - Successfully ran Files.createDirectories /workdir/ratis-test/target/test/data/c18fc967/MiniRaftClusterWithGrpc1dba3a28/s1/7506c955-dc9c-45a1-b3a4-0cf4ea6807af
2019-09-24 16:10:16,453 INFO  server.RaftServerConfigKeys (ConfUtils.java:logGet(43)) - raft.server.storage.dir = [/workdir/ratis-test/target/test/data/c18fc967/MiniRaftClusterWithGrpc1dba3a28/s2] (custom)
2019-09-24 16:10:16,454 INFO  impl.RaftServerProxy (RaftServerProxy.java:addNew(89)) - s2: addNew group-0CF4EA6807AF:[s0:0.0.0.0:43395, s1:0.0.0.0:43939, s2:0.0.0.0:39087] returns group-0CF4EA6807AF:java.util.concurrent.CompletableFuture@5c5331b2[Not completed]
2019-09-24 16:10:16,454 INFO  server.RaftServerConfigKeys (ConfUtils.java:logGet(43)) - raft.server.log.segment.size.max = 8MB (=8388608) (default)
2019-09-24 16:10:16,454 INFO  server.RaftServerConfigKeys (ConfUtils.java:logGet(43)) - raft.server.log.preallocated.size = 4MB (=4194304) (default)
2019-09-24 16:10:16,454 INFO  server.RaftServerConfigKeys (ConfUtils.java:logGet(43)) - raft.server.log.write.buffer.size = 64KB (=65536) (default)
2019-09-24 16:10:16,455 INFO  impl.RaftServerImpl (RaftServerImpl.java:<init>(95)) - s2: new RaftServerImpl for group-0CF4EA6807AF:[s0:0.0.0.0:43395, s1:0.0.0.0:43939, s2:0.0.0.0:39087] with StateMachineWithException:uninitialized
2019-09-24 16:10:16,455 INFO  server.RaftServerConfigKeys (ConfUtils.java:logGet(43)) - raft.server.rpc.timeout.min = 150ms (default)
2019-09-24 16:10:16,455 INFO  server.RaftServerConfigKeys (ConfUtils.java:logGet(43)) - raft.server.rpc.timeout.max = 300ms (default)
2019-09-24 16:10:16,455 INFO  server.RaftServerConfigKeys (ConfUtils.java:logGet(43)) - raft.server.rpcslowness.timeout = 60s (default)
2019-09-24 16:10:16,455 INFO  server.RaftServerConfigKeys (ConfUtils.java:logGet(43)) - raft.server.sleep.deviation.threshold = 300 (default)
2019-09-24 16:10:16,456 INFO  server.RaftServerConfigKeys (ConfUtils.java:logGet(43)) - raft.server.log.appender.install.snapshot.enabled = true (default)
2019-09-24 16:10:16,456 INFO  impl.RaftServerImpl (ServerState.java:<init>(103)) - s2@group-0CF4EA6807AF: ConfigurationManager, init=-1: [s0:0.0.0.0:43395, s1:0.0.0.0:43939, s2:0.0.0.0:39087], old=null, confs=<EMPTY_MAP>
2019-09-24 16:10:16,456 INFO  server.RaftServerConfigKeys (ConfUtils.java:logGet(43)) - raft.server.storage.dir = [/workdir/ratis-test/target/test/data/c18fc967/MiniRaftClusterWithGrpc1dba3a28/s2] (custom)
2019-09-24 16:10:16,456 INFO  server.RaftServerConfigKeys (ConfUtils.java:logGet(43)) - raft.server.log.corruption.policy = EXCEPTION (default)
2019-09-24 16:10:16,456 INFO  storage.RaftStorageDirectory (RaftStorageDirectory.java:analyzeStorage(246)) - The storage directory /workdir/ratis-test/target/test/data/c18fc967/MiniRaftClusterWithGrpc1dba3a28/s2/7506c955-dc9c-45a1-b3a4-0cf4ea6807af does not exist. Creating ...
2019-09-24 16:10:16,457 TRACE util.FileUtils (LogUtils.java:runAndLog(61)) - Successfully ran Files.createDirectories /workdir/ratis-test/target/test/data/c18fc967/MiniRaftClusterWithGrpc1dba3a28/s2/7506c955-dc9c-45a1-b3a4-0cf4ea6807af
2019-09-24 16:10:16,581 INFO  storage.RaftStorageDirectory (RaftStorageDirectory.java:tryLock(328)) - Lock on /workdir/ratis-test/target/test/data/c18fc967/MiniRaftClusterWithGrpc1dba3a28/s2/7506c955-dc9c-45a1-b3a4-0cf4ea6807af/in_use.lock acquired by nodename 6931@ratis-test-vphbd-3564017154
2019-09-24 16:10:16,581 INFO  storage.RaftStorageDirectory (RaftStorageDirectory.java:tryLock(328)) - Lock on /workdir/ratis-test/target/test/data/c18fc967/MiniRaftClusterWithGrpc1dba3a28/s1/7506c955-dc9c-45a1-b3a4-0cf4ea6807af/in_use.lock acquired by nodename 6931@ratis-test-vphbd-3564017154
2019-09-24 16:10:16,581 INFO  storage.RaftStorageDirectory (RaftStorageDirectory.java:tryLock(328)) - Lock on /workdir/ratis-test/target/test/data/c18fc967/MiniRaftClusterWithGrpc1dba3a28/s0/7506c955-dc9c-45a1-b3a4-0cf4ea6807af/in_use.lock acquired by nodename 6931@ratis-test-vphbd-3564017154
2019-09-24 16:10:16,581 TRACE util.FileUtils (LogUtils.java:runAndLog(61)) - Successfully ran Files.createDirectories /workdir/ratis-test/target/test/data/c18fc967/MiniRaftClusterWithGrpc1dba3a28/s2/7506c955-dc9c-45a1-b3a4-0cf4ea6807af/current
2019-09-24 16:10:16,582 TRACE util.FileUtils (LogUtils.java:runAndLog(61)) - Successfully ran Files.createDirectories /workdir/ratis-test/target/test/data/c18fc967/MiniRaftClusterWithGrpc1dba3a28/s0/7506c955-dc9c-45a1-b3a4-0cf4ea6807af/current
2019-09-24 16:10:16,582 TRACE util.FileUtils (LogUtils.java:runAndLog(61)) - Successfully ran Files.createDirectories /workdir/ratis-test/target/test/data/c18fc967/MiniRaftClusterWithGrpc1dba3a28/s2/7506c955-dc9c-45a1-b3a4-0cf4ea6807af/sm
2019-09-24 16:10:16,582 TRACE util.FileUtils (LogUtils.java:runAndLog(61)) - Successfully ran Files.createDirectories /workdir/ratis-test/target/test/data/c18fc967/MiniRaftClusterWithGrpc1dba3a28/s1/7506c955-dc9c-45a1-b3a4-0cf4ea6807af/current
2019-09-24 16:10:16,582 TRACE util.FileUtils (LogUtils.java:runAndLog(61)) - Successfully ran Files.createDirectories /workdir/ratis-test/target/test/data/c18fc967/MiniRaftClusterWithGrpc1dba3a28/s0/7506c955-dc9c-45a1-b3a4-0cf4ea6807af/sm
2019-09-24 16:10:16,582 TRACE util.FileUtils (LogUtils.java:runAndLog(61)) - Successfully ran Files.createDirectories /workdir/ratis-test/target/test/data/c18fc967/MiniRaftClusterWithGrpc1dba3a28/s1/7506c955-dc9c-45a1-b3a4-0cf4ea6807af/sm
2019-09-24 16:10:16,607 INFO  storage.RaftStorage (RaftStorage.java:format(84)) - Storage directory /workdir/ratis-test/target/test/data/c18fc967/MiniRaftClusterWithGrpc1dba3a28/s0/7506c955-dc9c-45a1-b3a4-0cf4ea6807af has been successfully formatted.
2019-09-24 16:10:16,607 INFO  storage.RaftStorage (RaftStorage.java:format(84)) - Storage directory /workdir/ratis-test/target/test/data/c18fc967/MiniRaftClusterWithGrpc1dba3a28/s2/7506c955-dc9c-45a1-b3a4-0cf4ea6807af has been successfully formatted.
2019-09-24 16:10:16,607 INFO  storage.RaftStorage (RaftStorage.java:format(84)) - Storage directory /workdir/ratis-test/target/test/data/c18fc967/MiniRaftClusterWithGrpc1dba3a28/s1/7506c955-dc9c-45a1-b3a4-0cf4ea6807af has been successfully formatted.
2019-09-24 16:10:16,608 INFO  statemachine.SimpleStateMachine4Testing (SimpleStateMachine4Testing.java:initialize(206)) - Initializing StateMachineWithException:uninitialized
2019-09-24 16:10:16,607 INFO  statemachine.SimpleStateMachine4Testing (SimpleStateMachine4Testing.java:initialize(206)) - Initializing StateMachineWithException:uninitialized
2019-09-24 16:10:16,608 INFO  statemachine.SimpleStateMachine4Testing (SimpleStateMachine4Testing.java:initialize(206)) - Initializing StateMachineWithException:uninitialized
2019-09-24 16:10:16,608 INFO  statemachine.SimpleStateMachine4Testing (SimpleStateMachine4Testing.java:loadSnapshot(296)) - The snapshot file null does not exist
2019-09-24 16:10:16,608 INFO  statemachine.SimpleStateMachine4Testing (SimpleStateMachine4Testing.java:loadSnapshot(296)) - The snapshot file null does not exist
2019-09-24 16:10:16,608 INFO  statemachine.SimpleStateMachine4Testing (SimpleStateMachine4Testing.java:loadSnapshot(296)) - The snapshot file null does not exist
2019-09-24 16:10:16,609 INFO  server.RaftServerConfigKeys (ConfUtils.java:logGet(43)) - raft.server.notification.no-leader.timeout = 60s (default)
2019-09-24 16:10:16,608 INFO  server.RaftServerConfigKeys (ConfUtils.java:logGet(43)) - raft.server.notification.no-leader.timeout = 60s (default)
2019-09-24 16:10:16,609 INFO  server.RaftServerConfigKeys (ConfUtils.java:logGet(43)) - raft.server.log.use.memory = false (default)
2019-09-24 16:10:16,609 INFO  server.RaftServerConfigKeys (ConfUtils.java:logGet(43)) - raft.server.notification.no-leader.timeout = 60s (default)
2019-09-24 16:10:16,609 INFO  server.RaftServerConfigKeys (ConfUtils.java:logGet(43)) - raft.server.log.purge.gap = 1024 (default)
2019-09-24 16:10:16,609 INFO  server.RaftServerConfigKeys (ConfUtils.java:logGet(43)) - raft.server.log.use.memory = false (default)
2019-09-24 16:10:16,609 INFO  server.RaftServerConfigKeys (ConfUtils.java:logGet(43)) - raft.server.log.appender.buffer.byte-limit = 4MB (=4194304) (default)
2019-09-24 16:10:16,609 INFO  server.RaftServerConfigKeys (ConfUtils.java:logGet(43)) - raft.server.log.use.memory = false (default)
2019-09-24 16:10:16,609 INFO  server.RaftServerConfigKeys (ConfUtils.java:logGet(43)) - raft.server.log.segment.size.max = 8MB (=8388608) (default)
2019-09-24 16:10:16,609 INFO  server.RaftServerConfigKeys (ConfUtils.java:logGet(43)) - raft.server.log.purge.gap = 1024 (default)
2019-09-24 16:10:16,610 INFO  server.RaftServerConfigKeys (ConfUtils.java:logGet(43)) - raft.server.log.segment.cache.num.max = 6 (default)
2019-09-24 16:10:16,609 INFO  server.RaftServerConfigKeys (ConfUtils.java:logGet(43)) - raft.server.log.purge.gap = 1024 (default)
2019-09-24 16:10:16,610 INFO  segmented.SegmentedRaftLogWorker (SegmentedRaftLogWorker.java:<init>(172)) - new s0@group-0CF4EA6807AF-SegmentedRaftLogWorker for RaftStorage:Storage Directory /workdir/ratis-test/target/test/data/c18fc967/MiniRaftClusterWithGrpc1dba3a28/s0/7506c955-dc9c-45a1-b3a4-0cf4ea6807af
2019-09-24 16:10:16,610 INFO  server.RaftServerConfigKeys (ConfUtils.java:logGet(43)) - raft.server.log.appender.buffer.byte-limit = 4MB (=4194304) (default)
2019-09-24 16:10:16,610 INFO  server.RaftServerConfigKeys (ConfUtils.java:logGet(43)) - raft.server.log.queue.byte-limit = 64MB (=67108864) (default)
2019-09-24 16:10:16,610 INFO  server.RaftServerConfigKeys (ConfUtils.java:logGet(43)) - raft.server.log.appender.buffer.byte-limit = 4MB (=4194304) (default)
2019-09-24 16:10:16,610 INFO  server.RaftServerConfigKeys (ConfUtils.java:logGet(43)) - raft.server.log.queue.element-limit = 4096 (default)
2019-09-24 16:10:16,610 INFO  server.RaftServerConfigKeys (ConfUtils.java:logGet(43)) - raft.server.log.segment.size.max = 8MB (=8388608) (default)
2019-09-24 16:10:16,611 INFO  server.RaftServerConfigKeys (ConfUtils.java:logGet(43)) - raft.server.log.segment.size.max = 8MB (=8388608) (default)
2019-09-24 16:10:16,610 INFO  server.RaftServerConfigKeys (ConfUtils.java:logGet(43)) - raft.server.log.segment.size.max = 8MB (=8388608) (default)
2019-09-24 16:10:16,611 INFO  server.RaftServerConfigKeys (ConfUtils.java:logGet(43)) - raft.server.log.preallocated.size = 4MB (=4194304) (default)
2019-09-24 16:10:16,611 INFO  server.RaftServerConfigKeys (ConfUtils.java:logGet(43)) - raft.server.log.segment.cache.num.max = 6 (default)
2019-09-24 16:10:16,611 INFO  server.RaftServerConfigKeys (ConfUtils.java:logGet(43)) - raft.server.log.write.buffer.size = 64KB (=65536) (default)
2019-09-24 16:10:16,611 INFO  server.RaftServerConfigKeys (ConfUtils.java:logGet(43)) - raft.server.log.segment.cache.num.max = 6 (default)
2019-09-24 16:10:16,611 INFO  server.RaftServerConfigKeys (ConfUtils.java:logGet(43)) - raft.server.log.force.sync.num = 128 (default)
2019-09-24 16:10:16,611 INFO  segmented.SegmentedRaftLogWorker (SegmentedRaftLogWorker.java:<init>(172)) - new s2@group-0CF4EA6807AF-SegmentedRaftLogWorker for RaftStorage:Storage Directory /workdir/ratis-test/target/test/data/c18fc967/MiniRaftClusterWithGrpc1dba3a28/s2/7506c955-dc9c-45a1-b3a4-0cf4ea6807af
2019-09-24 16:10:16,611 INFO  server.RaftServerConfigKeys (ConfUtils.java:logGet(43)) - raft.server.log.statemachine.data.sync = true (default)
2019-09-24 16:10:16,611 INFO  segmented.SegmentedRaftLogWorker (SegmentedRaftLogWorker.java:<init>(172)) - new s1@group-0CF4EA6807AF-SegmentedRaftLogWorker for RaftStorage:Storage Directory /workdir/ratis-test/target/test/data/c18fc967/MiniRaftClusterWithGrpc1dba3a28/s1/7506c955-dc9c-45a1-b3a4-0cf4ea6807af
2019-09-24 16:10:16,612 INFO  server.RaftServerConfigKeys (ConfUtils.java:logGet(43)) - raft.server.log.statemachine.data.sync.timeout = 10s (default)
2019-09-24 16:10:16,612 INFO  server.RaftServerConfigKeys (ConfUtils.java:logGet(43)) - raft.server.log.queue.byte-limit = 64MB (=67108864) (default)
2019-09-24 16:10:16,612 INFO  server.RaftServerConfigKeys (ConfUtils.java:logGet(43)) - raft.server.log.statemachine.data.sync.timeout.retry = -1 (default)
2019-09-24 16:10:16,612 INFO  server.RaftServerConfigKeys (ConfUtils.java:logGet(43)) - raft.server.log.queue.byte-limit = 64MB (=67108864) (default)
2019-09-24 16:10:16,612 INFO  server.RaftServerConfigKeys (ConfUtils.java:logGet(43)) - raft.server.log.statemachine.data.caching.enabled = false (default)
2019-09-24 16:10:16,612 INFO  server.RaftServerConfigKeys (ConfUtils.java:logGet(43)) - raft.server.log.queue.element-limit = 4096 (default)
2019-09-24 16:10:16,613 INFO  segmented.SegmentedRaftLogWorker (SegmentedRaftLogWorker.java:lambda$new$0(132)) - s0@group-0CF4EA6807AF-SegmentedRaftLogWorker: flushIndex: setUnconditionally 0 -> -1
2019-09-24 16:10:16,612 INFO  server.RaftServerConfigKeys (ConfUtils.java:logGet(43)) - raft.server.log.queue.element-limit = 4096 (default)
2019-09-24 16:10:16,613 INFO  server.RaftServerConfigKeys (ConfUtils.java:logGet(43)) - raft.server.log.segment.size.max = 8MB (=8388608) (default)
2019-09-24 16:10:16,613 INFO  server.RaftServerConfigKeys (ConfUtils.java:logGet(43)) - raft.server.snapshot.auto.trigger.enabled = false (default)
2019-09-24 16:10:16,613 INFO  server.RaftServerConfigKeys (ConfUtils.java:logGet(43)) - raft.server.log.segment.size.max = 8MB (=8388608) (default)
2019-09-24 16:10:16,613 INFO  server.RaftServerConfigKeys (ConfUtils.java:logGet(43)) - raft.server.snapshot.retention.file.num = -1 (default)
2019-09-24 16:10:16,613 INFO  server.RaftServerConfigKeys (ConfUtils.java:logGet(43)) - raft.server.log.preallocated.size = 4MB (=4194304) (default)
2019-09-24 16:10:16,613 INFO  server.RaftServerConfigKeys (ConfUtils.java:logGet(43)) - raft.server.retrycache.expirytime = 60s (default)
2019-09-24 16:10:16,613 INFO  server.RaftServerConfigKeys (ConfUtils.java:logGet(43)) - raft.server.log.preallocated.size = 4MB (=4194304) (default)
2019-09-24 16:10:16,614 INFO  server.RaftServerConfigKeys (ConfUtils.java:logGet(43)) - raft.server.log.write.buffer.size = 64KB (=65536) (default)
2019-09-24 16:10:16,614 INFO  server.RaftServerConfigKeys (ConfUtils.java:logGet(43)) - raft.server.log.write.buffer.size = 64KB (=65536) (default)
2019-09-24 16:10:16,614 INFO  server.RaftServerConfigKeys (ConfUtils.java:logGet(43)) - raft.server.log.force.sync.num = 128 (default)
2019-09-24 16:10:16,614 INFO  server.RaftServerConfigKeys (ConfUtils.java:logGet(43)) - raft.server.log.force.sync.num = 128 (default)
2019-09-24 16:10:16,614 INFO  server.RaftServerConfigKeys (ConfUtils.java:logGet(43)) - raft.server.log.statemachine.data.sync = true (default)
2019-09-24 16:10:16,614 INFO  server.RaftServerConfigKeys (ConfUtils.java:logGet(43)) - raft.server.log.statemachine.data.sync = true (default)
2019-09-24 16:10:16,615 INFO  server.RaftServerConfigKeys (ConfUtils.java:logGet(43)) - raft.server.log.statemachine.data.sync.timeout = 10s (default)
2019-09-24 16:10:16,615 INFO  server.RaftServerConfigKeys (ConfUtils.java:logGet(43)) - raft.server.log.statemachine.data.sync.timeout = 10s (default)
2019-09-24 16:10:16,615 INFO  server.RaftServerConfigKeys (ConfUtils.java:logGet(43)) - raft.server.log.statemachine.data.sync.timeout.retry = -1 (default)
2019-09-24 16:10:16,615 INFO  server.RaftServerConfigKeys (ConfUtils.java:logGet(43)) - raft.server.log.statemachine.data.sync.timeout.retry = -1 (default)
2019-09-24 16:10:16,615 INFO  server.RaftServerConfigKeys (ConfUtils.java:logGet(43)) - raft.server.log.statemachine.data.caching.enabled = false (default)
2019-09-24 16:10:16,615 INFO  server.RaftServerConfigKeys (ConfUtils.java:logGet(43)) - raft.server.log.statemachine.data.caching.enabled = false (default)
2019-09-24 16:10:16,616 INFO  segmented.SegmentedRaftLogWorker (SegmentedRaftLogWorker.java:lambda$new$0(132)) - s1@group-0CF4EA6807AF-SegmentedRaftLogWorker: flushIndex: setUnconditionally 0 -> -1
2019-09-24 16:10:16,616 INFO  segmented.SegmentedRaftLogWorker (SegmentedRaftLogWorker.java:lambda$new$0(132)) - s2@group-0CF4EA6807AF-SegmentedRaftLogWorker: flushIndex: setUnconditionally 0 -> -1
2019-09-24 16:10:16,616 INFO  server.RaftServerConfigKeys (ConfUtils.java:logGet(43)) - raft.server.snapshot.auto.trigger.enabled = false (default)
2019-09-24 16:10:16,616 INFO  server.RaftServerConfigKeys (ConfUtils.java:logGet(43)) - raft.server.snapshot.retention.file.num = -1 (default)
2019-09-24 16:10:16,616 INFO  server.RaftServerConfigKeys (ConfUtils.java:logGet(43)) - raft.server.snapshot.auto.trigger.enabled = false (default)
2019-09-24 16:10:16,617 INFO  impl.RaftServerImpl (RaftServerImpl.java:start(181)) - s0@group-0CF4EA6807AF: start as a follower, conf=-1: [s0:0.0.0.0:43395, s1:0.0.0.0:43939, s2:0.0.0.0:39087], old=null
2019-09-24 16:10:16,616 INFO  server.RaftServerConfigKeys (ConfUtils.java:logGet(43)) - raft.server.retrycache.expirytime = 60s (default)
2019-09-24 16:10:16,617 INFO  impl.RaftServerImpl (RaftServerImpl.java:setRole(170)) - s0@group-0CF4EA6807AF: changes role from      null to FOLLOWER at term 0 for startAsFollower
2019-09-24 16:10:16,617 INFO  server.RaftServerConfigKeys (ConfUtils.java:logGet(43)) - raft.server.snapshot.retention.file.num = -1 (default)
2019-09-24 16:10:16,618 INFO  impl.RoleInfo (RoleInfo.java:updateAndGet(143)) - s0: start FollowerState
2019-09-24 16:10:16,618 INFO  server.RaftServerConfigKeys (ConfUtils.java:logGet(43)) - raft.server.retrycache.expirytime = 60s (default)
2019-09-24 16:10:16,618 INFO  util.JmxRegister (JmxRegister.java:tryRegister(44)) - Successfully registered JMX Bean with object name Ratis:service=RaftServer,group=group-0CF4EA6807AF,id=s0
2019-09-24 16:10:16,623 INFO  impl.RaftServerProxy (RaftServerProxy.java:lambda$start$3(299)) - s0: start RPC server
2019-09-24 16:10:16,625 INFO  server.GrpcService (GrpcService.java:startImpl(158)) - s0: GrpcService started, listening on 0.0.0.0/0.0.0.0:43395
2019-09-24 16:10:16,625 INFO  impl.RaftServerImpl (RaftServerImpl.java:start(181)) - s1@group-0CF4EA6807AF: start as a follower, conf=-1: [s0:0.0.0.0:43395, s1:0.0.0.0:43939, s2:0.0.0.0:39087], old=null
2019-09-24 16:10:16,625 INFO  impl.RaftServerImpl (RaftServerImpl.java:setRole(170)) - s1@group-0CF4EA6807AF: changes role from      null to FOLLOWER at term 0 for startAsFollower
2019-09-24 16:10:16,626 INFO  impl.RoleInfo (RoleInfo.java:updateAndGet(143)) - s1: start FollowerState
2019-09-24 16:10:16,626 INFO  util.JmxRegister (JmxRegister.java:tryRegister(44)) - Successfully registered JMX Bean with object name Ratis:service=RaftServer,group=group-0CF4EA6807AF,id=s1
2019-09-24 16:10:16,629 INFO  impl.RaftServerProxy (RaftServerProxy.java:lambda$start$3(299)) - s1: start RPC server
2019-09-24 16:10:16,631 INFO  server.GrpcService (GrpcService.java:startImpl(158)) - s1: GrpcService started, listening on 0.0.0.0/0.0.0.0:43939
2019-09-24 16:10:16,631 INFO  impl.RaftServerImpl (RaftServerImpl.java:start(181)) - s2@group-0CF4EA6807AF: start as a follower, conf=-1: [s0:0.0.0.0:43395, s1:0.0.0.0:43939, s2:0.0.0.0:39087], old=null
2019-09-24 16:10:16,632 INFO  impl.RaftServerImpl (RaftServerImpl.java:setRole(170)) - s2@group-0CF4EA6807AF: changes role from      null to FOLLOWER at term 0 for startAsFollower
2019-09-24 16:10:16,632 INFO  impl.RoleInfo (RoleInfo.java:updateAndGet(143)) - s2: start FollowerState
2019-09-24 16:10:16,632 INFO  util.JmxRegister (JmxRegister.java:tryRegister(44)) - Successfully registered JMX Bean with object name Ratis:service=RaftServer,group=group-0CF4EA6807AF,id=s2
2019-09-24 16:10:16,636 INFO  impl.RaftServerProxy (RaftServerProxy.java:lambda$start$3(299)) - s2: start RPC server
2019-09-24 16:10:16,637 INFO  server.GrpcService (GrpcService.java:startImpl(158)) - s2: GrpcService started, listening on 0.0.0.0/0.0.0.0:39087
2019-09-24 16:10:16,637 INFO  server.RaftServerConfigKeys (ConfUtils.java:logGet(43)) - raft.server.rpc.timeout.max = 300ms (default)
2019-09-24 16:10:16,638 INFO  ratis.RaftTestUtil (RaftTestUtil.java:waitForLeader(86)) - printing ALL groups
  s0:  RUNNING  FOLLOWER s0@group-0CF4EA6807AF:t0, leader=null, voted=null, raftlog=s0@group-0CF4EA6807AF-SegmentedRaftLog:OPENED:c-1,f-1,i0, conf=-1: [s0:0.0.0.0:43395, s1:0.0.0.0:43939, s2:0.0.0.0:39087], old=null RUNNING
  s1:  RUNNING  FOLLOWER s1@group-0CF4EA6807AF:t0, leader=null, voted=null, raftlog=s1@group-0CF4EA6807AF-SegmentedRaftLog:OPENED:c-1,f-1,i0, conf=-1: [s0:0.0.0.0:43395, s1:0.0.0.0:43939, s2:0.0.0.0:39087], old=null RUNNING
  s2:  RUNNING  FOLLOWER s2@group-0CF4EA6807AF:t0, leader=null, voted=null, raftlog=s2@group-0CF4EA6807AF-SegmentedRaftLog:OPENED:c-1,f-1,i0, conf=-1: [s0:0.0.0.0:43395, s1:0.0.0.0:43939, s2:0.0.0.0:39087], old=null RUNNING
2019-09-24 16:10:16,638 WARN  ratis.RaftTestUtil (JavaUtils.java:attempt(158)) - FAILED "waitForLeader-null-(expectLeader? true)", attempt #1/100: java.lang.IllegalStateException: No leader yet : printing ALL groups
  s0:  RUNNING  FOLLOWER s0@group-0CF4EA6807AF:t0, leader=null, voted=null, raftlog=s0@group-0CF4EA6807AF-SegmentedRaftLog:OPENED:c-1,f-1,i0, conf=-1: [s0:0.0.0.0:43395, s1:0.0.0.0:43939, s2:0.0.0.0:39087], old=null RUNNING
  s1:  RUNNING  FOLLOWER s1@group-0CF4EA6807AF:t0, leader=null, voted=null, raftlog=s1@group-0CF4EA6807AF-SegmentedRaftLog:OPENED:c-1,f-1,i0, conf=-1: [s0:0.0.0.0:43395, s1:0.0.0.0:43939, s2:0.0.0.0:39087], old=null RUNNING
  s2:  RUNNING  FOLLOWER s2@group-0CF4EA6807AF:t0, leader=null, voted=null, raftlog=s2@group-0CF4EA6807AF-SegmentedRaftLog:OPENED:c-1,f-1,i0, conf=-1: [s0:0.0.0.0:43395, s1:0.0.0.0:43939, s2:0.0.0.0:39087], old=null RUNNING, sleep 450ms and then retry.
java.lang.IllegalStateException: No leader yet : printing ALL groups
  s0:  RUNNING  FOLLOWER s0@group-0CF4EA6807AF:t0, leader=null, voted=null, raftlog=s0@group-0CF4EA6807AF-SegmentedRaftLog:OPENED:c-1,f-1,i0, conf=-1: [s0:0.0.0.0:43395, s1:0.0.0.0:43939, s2:0.0.0.0:39087], old=null RUNNING
  s1:  RUNNING  FOLLOWER s1@group-0CF4EA6807AF:t0, leader=null, voted=null, raftlog=s1@group-0CF4EA6807AF-SegmentedRaftLog:OPENED:c-1,f-1,i0, conf=-1: [s0:0.0.0.0:43395, s1:0.0.0.0:43939, s2:0.0.0.0:39087], old=null RUNNING
  s2:  RUNNING  FOLLOWER s2@group-0CF4EA6807AF:t0, leader=null, voted=null, raftlog=s2@group-0CF4EA6807AF-SegmentedRaftLog:OPENED:c-1,f-1,i0, conf=-1: [s0:0.0.0.0:43395, s1:0.0.0.0:43939, s2:0.0.0.0:39087], old=null RUNNING
	at org.apache.ratis.MiniRaftCluster.newIllegalStateExceptionForNoLeaders(MiniRaftCluster.java:506)
	at org.apache.ratis.RaftTestUtil.lambda$waitForLeader$1(RaftTestUtil.java:90)
	at org.apache.ratis.MiniRaftCluster.getLeader(MiniRaftCluster.java:539)
	at org.apache.ratis.MiniRaftCluster.getLeader(MiniRaftCluster.java:532)
	at org.apache.ratis.RaftTestUtil.lambda$waitForLeader$3(RaftTestUtil.java:98)
	at org.apache.ratis.util.JavaUtils.attempt(JavaUtils.java:152)
	at org.apache.ratis.RaftTestUtil.waitForLeader(RaftTestUtil.java:97)
	at org.apache.ratis.RaftTestUtil.waitForLeader(RaftTestUtil.java:77)
	at org.apache.ratis.RaftTestUtil.waitForLeader(RaftTestUtil.java:72)
	at org.apache.ratis.server.impl.RaftStateMachineExceptionTests.runTestRetryOnExceptionDuringReplication(RaftStateMachineExceptionTests.java:149)
	at org.apache.ratis.MiniRaftCluster$Factory$Get.runWithNewCluster(MiniRaftCluster.java:125)
	at org.apache.ratis.MiniRaftCluster$Factory$Get.runWithNewCluster(MiniRaftCluster.java:113)
	at org.apache.ratis.server.impl.RaftStateMachineExceptionTests.testRetryOnExceptionDuringReplication(RaftStateMachineExceptionTests.java:145)
	at sun.reflect.NativeMethodAccessorImpl.invoke0(Native Method)
	at sun.reflect.NativeMethodAccessorImpl.invoke(NativeMethodAccessorImpl.java:62)
	at sun.reflect.DelegatingMethodAccessorImpl.invoke(DelegatingMethodAccessorImpl.java:43)
	at java.lang.reflect.Method.invoke(Method.java:498)
	at org.junit.runners.model.FrameworkMethod$1.runReflectiveCall(FrameworkMethod.java:50)
	at org.junit.internal.runners.model.ReflectiveCallable.run(ReflectiveCallable.java:12)
	at org.junit.runners.model.FrameworkMethod.invokeExplosively(FrameworkMethod.java:47)
	at org.junit.internal.runners.statements.InvokeMethod.evaluate(InvokeMethod.java:17)
	at org.junit.internal.runners.statements.RunAfters.evaluate(RunAfters.java:27)
	at org.junit.internal.runners.statements.FailOnTimeout$CallableStatement.call(FailOnTimeout.java:298)
	at org.junit.internal.runners.statements.FailOnTimeout$CallableStatement.call(FailOnTimeout.java:292)
	at java.util.concurrent.FutureTask.run(FutureTask.java:266)
	at java.lang.Thread.run(Thread.java:748)
2019-09-24 16:10:16,816 INFO  impl.FollowerState (FollowerState.java:run(108)) - s0@group-0CF4EA6807AF-FollowerState: change to CANDIDATE, lastRpcTime:198ms, electionTimeout:198ms
2019-09-24 16:10:16,817 INFO  impl.RoleInfo (RoleInfo.java:shutdownFollowerState(121)) - s0: shutdown FollowerState
2019-09-24 16:10:16,817 INFO  impl.RaftServerImpl (RaftServerImpl.java:setRole(170)) - s0@group-0CF4EA6807AF: changes role from  FOLLOWER to CANDIDATE at term 0 for changeToCandidate
2019-09-24 16:10:16,818 INFO  impl.RoleInfo (RoleInfo.java:updateAndGet(143)) - s0: start LeaderElection
2019-09-24 16:10:16,820 INFO  impl.FollowerState (FollowerState.java:run(108)) - s2@group-0CF4EA6807AF-FollowerState: change to CANDIDATE, lastRpcTime:188ms, electionTimeout:188ms
2019-09-24 16:10:16,821 INFO  impl.RoleInfo (RoleInfo.java:shutdownFollowerState(121)) - s2: shutdown FollowerState
2019-09-24 16:10:16,821 INFO  impl.RaftServerImpl (RaftServerImpl.java:setRole(170)) - s2@group-0CF4EA6807AF: changes role from  FOLLOWER to CANDIDATE at term 0 for changeToCandidate
2019-09-24 16:10:16,821 INFO  impl.RoleInfo (RoleInfo.java:updateAndGet(143)) - s2: start LeaderElection
2019-09-24 16:10:16,833 INFO  impl.LeaderElection (LeaderElection.java:askForVotes(178)) - s2@group-0CF4EA6807AF-LeaderElection10: begin an election at term 1 for -1: [s0:0.0.0.0:43395, s1:0.0.0.0:43939, s2:0.0.0.0:39087], old=null
2019-09-24 16:10:16,834 INFO  impl.LeaderElection (LeaderElection.java:askForVotes(178)) - s0@group-0CF4EA6807AF-LeaderElection9: begin an election at term 1 for -1: [s0:0.0.0.0:43395, s1:0.0.0.0:43939, s2:0.0.0.0:39087], old=null
2019-09-24 16:10:16,848 DEBUG impl.RaftServerImpl (RaftServerImpl.java:requestVote(743)) - s1@group-0CF4EA6807AF: receive requestVote(s0, group-0CF4EA6807AF, 1, (t:0, i:0))
2019-09-24 16:10:16,848 DEBUG impl.RaftServerImpl (RaftServerImpl.java:requestVote(743)) - s2@group-0CF4EA6807AF: receive requestVote(s0, group-0CF4EA6807AF, 1, (t:0, i:0))
2019-09-24 16:10:16,849 INFO  impl.RaftServerImpl (RaftServerImpl.java:setRole(170)) - s1@group-0CF4EA6807AF: changes role from  FOLLOWER to FOLLOWER at term 1 for recognizeCandidate:s0
2019-09-24 16:10:16,849 DEBUG impl.RaftServerImpl (RaftServerImpl.java:requestVote(743)) - s1@group-0CF4EA6807AF: receive requestVote(s2, group-0CF4EA6807AF, 1, (t:0, i:0))
2019-09-24 16:10:16,850 INFO  impl.RoleInfo (RoleInfo.java:shutdownFollowerState(121)) - s1: shutdown FollowerState
2019-09-24 16:10:16,849 DEBUG impl.RaftServerImpl (RaftServerImpl.java:requestVote(775)) - s2@group-0CF4EA6807AF replies to vote request: s0<-s2#0:FAIL-t1. Peer's state: s2@group-0CF4EA6807AF:t1, leader=null, voted=s2, raftlog=s2@group-0CF4EA6807AF-SegmentedRaftLog:OPENED:c-1,f-1,i0, conf=-1: [s0:0.0.0.0:43395, s1:0.0.0.0:43939, s2:0.0.0.0:39087], old=null
2019-09-24 16:10:16,849 DEBUG impl.RaftServerImpl (RaftServerImpl.java:requestVote(743)) - s0@group-0CF4EA6807AF: receive requestVote(s2, group-0CF4EA6807AF, 1, (t:0, i:0))
2019-09-24 16:10:16,850 INFO  impl.FollowerState (FollowerState.java:run(117)) - s1@group-0CF4EA6807AF-FollowerState was interrupted: java.lang.InterruptedException: sleep interrupted
2019-09-24 16:10:16,850 INFO  impl.RoleInfo (RoleInfo.java:updateAndGet(143)) - s1: start FollowerState
2019-09-24 16:10:16,851 DEBUG impl.RaftServerImpl (RaftServerImpl.java:requestVote(775)) - s0@group-0CF4EA6807AF replies to vote request: s2<-s0#0:FAIL-t1. Peer's state: s0@group-0CF4EA6807AF:t1, leader=null, voted=s0, raftlog=s0@group-0CF4EA6807AF-SegmentedRaftLog:OPENED:c-1,f-1,i0, conf=-1: [s0:0.0.0.0:43395, s1:0.0.0.0:43939, s2:0.0.0.0:39087], old=null
2019-09-24 16:10:16,866 DEBUG impl.RaftServerImpl (RaftServerImpl.java:requestVote(775)) - s1@group-0CF4EA6807AF replies to vote request: s0<-s1#0:OK-t1. Peer's state: s1@group-0CF4EA6807AF:t1, leader=null, voted=s0, raftlog=s1@group-0CF4EA6807AF-SegmentedRaftLog:OPENED:c-1,f-1,i0, conf=-1: [s0:0.0.0.0:43395, s1:0.0.0.0:43939, s2:0.0.0.0:39087], old=null
2019-09-24 16:10:16,867 DEBUG impl.RaftServerImpl (RaftServerImpl.java:requestVote(775)) - s1@group-0CF4EA6807AF replies to vote request: s2<-s1#0:FAIL-t1. Peer's state: s1@group-0CF4EA6807AF:t1, leader=null, voted=s0, raftlog=s1@group-0CF4EA6807AF-SegmentedRaftLog:OPENED:c-1,f-1,i0, conf=-1: [s0:0.0.0.0:43395, s1:0.0.0.0:43939, s2:0.0.0.0:39087], old=null
2019-09-24 16:10:16,870 INFO  impl.LeaderElection (LeaderElection.java:logAndReturn(56)) - s0@group-0CF4EA6807AF-LeaderElection9: Election PASSED; received 2 response(s) [s0<-s1#0:OK-t1, s0<-s2#0:FAIL-t1] and 0 exception(s); s0@group-0CF4EA6807AF:t1, leader=null, voted=s0, raftlog=s0@group-0CF4EA6807AF-SegmentedRaftLog:OPENED:c-1,f-1,i0, conf=-1: [s0:0.0.0.0:43395, s1:0.0.0.0:43939, s2:0.0.0.0:39087], old=null
2019-09-24 16:10:16,871 INFO  impl.LeaderElection (LeaderElection.java:logAndReturn(56)) - s2@group-0CF4EA6807AF-LeaderElection10: Election REJECTED; received 2 response(s) [s2<-s0#0:FAIL-t1, s2<-s1#0:FAIL-t1] and 0 exception(s); s2@group-0CF4EA6807AF:t1, leader=null, voted=s2, raftlog=s2@group-0CF4EA6807AF-SegmentedRaftLog:OPENED:c-1,f-1,i0, conf=-1: [s0:0.0.0.0:43395, s1:0.0.0.0:43939, s2:0.0.0.0:39087], old=null
2019-09-24 16:10:16,871 INFO  impl.RoleInfo (RoleInfo.java:shutdownLeaderElection(134)) - s0: shutdown LeaderElection
2019-09-24 16:10:16,871 INFO  impl.RaftServerImpl (RaftServerImpl.java:setRole(170)) - s2@group-0CF4EA6807AF: changes role from CANDIDATE to FOLLOWER at term 1 for DISCOVERED_A_NEW_TERM
2019-09-24 16:10:16,872 INFO  impl.RoleInfo (RoleInfo.java:shutdownLeaderElection(134)) - s2: shutdown LeaderElection
2019-09-24 16:10:16,872 INFO  impl.RaftServerImpl (RaftServerImpl.java:setRole(170)) - s0@group-0CF4EA6807AF: changes role from CANDIDATE to LEADER at term 1 for changeToLeader
2019-09-24 16:10:16,872 INFO  impl.RoleInfo (RoleInfo.java:updateAndGet(143)) - s2: start FollowerState
2019-09-24 16:10:16,872 INFO  impl.RaftServerImpl (ServerState.java:setLeader(254)) - s0@group-0CF4EA6807AF: change Leader from null to s0 at term 1 for becomeLeader, leader elected after 263ms
2019-09-24 16:10:16,872 INFO  server.RaftServerConfigKeys (ConfUtils.java:logGet(43)) - raft.server.staging.catchup.gap = 1000 (default)
2019-09-24 16:10:16,873 INFO  server.RaftServerConfigKeys (ConfUtils.java:logGet(43)) - raft.server.rpc.sleep.time = 25ms (default)
2019-09-24 16:10:16,873 INFO  server.RaftServerConfigKeys (ConfUtils.java:logGet(43)) - raft.server.write.element-limit = 4096 (default)
2019-09-24 16:10:16,873 INFO  server.RaftServerConfigKeys (ConfUtils.java:logGet(43)) - raft.server.watch.timeout = 10s (default)
2019-09-24 16:10:16,873 INFO  server.RaftServerConfigKeys (ConfUtils.java:logGet(43)) - raft.server.watch.timeout.denomination = 1s (default)
2019-09-24 16:10:16,874 INFO  server.RaftServerConfigKeys (ConfUtils.java:logGet(43)) - raft.server.watch.element-limit = 65536 (default)
2019-09-24 16:10:16,877 INFO  server.RaftServerConfigKeys (ConfUtils.java:logGet(43)) - raft.server.log.appender.snapshot.chunk.size.max = 16MB (=16777216) (default)
2019-09-24 16:10:16,877 INFO  server.RaftServerConfigKeys (ConfUtils.java:logGet(43)) - raft.server.log.appender.buffer.byte-limit = 4MB (=4194304) (default)
2019-09-24 16:10:16,878 INFO  server.RaftServerConfigKeys (ConfUtils.java:logGet(43)) - raft.server.log.appender.buffer.element-limit = 0 (default)
2019-09-24 16:10:16,878 INFO  grpc.GrpcConfigKeys$Server (ConfUtils.java:logGet(43)) - raft.grpc.server.leader.outstanding.appends.max = 128 (default)
2019-09-24 16:10:16,878 INFO  server.RaftServerConfigKeys (ConfUtils.java:logGet(43)) - raft.server.rpc.request.timeout = 3000ms (default)
2019-09-24 16:10:16,878 INFO  server.RaftServerConfigKeys (ConfUtils.java:logGet(43)) - raft.server.log.appender.install.snapshot.enabled = true (default)
2019-09-24 16:10:16,878 INFO  server.RaftServerConfigKeys (ConfUtils.java:logGet(43)) - raft.server.log.appender.snapshot.chunk.size.max = 16MB (=16777216) (default)
2019-09-24 16:10:16,879 INFO  server.RaftServerConfigKeys (ConfUtils.java:logGet(43)) - raft.server.log.appender.buffer.byte-limit = 4MB (=4194304) (default)
2019-09-24 16:10:16,879 INFO  server.RaftServerConfigKeys (ConfUtils.java:logGet(43)) - raft.server.log.appender.buffer.element-limit = 0 (default)
2019-09-24 16:10:16,879 INFO  grpc.GrpcConfigKeys$Server (ConfUtils.java:logGet(43)) - raft.grpc.server.leader.outstanding.appends.max = 128 (default)
2019-09-24 16:10:16,879 INFO  server.RaftServerConfigKeys (ConfUtils.java:logGet(43)) - raft.server.rpc.request.timeout = 3000ms (default)
2019-09-24 16:10:16,879 INFO  server.RaftServerConfigKeys (ConfUtils.java:logGet(43)) - raft.server.log.appender.install.snapshot.enabled = true (default)
2019-09-24 16:10:16,880 INFO  impl.RoleInfo (RoleInfo.java:updateAndGet(143)) - s0: start LeaderState
2019-09-24 16:10:16,880 DEBUG raftlog.RaftLog (SegmentedRaftLog.java:appendImpl(425)) - truncateIndex=-1, arrayIndex=0
2019-09-24 16:10:16,880 INFO  segmented.SegmentedRaftLogWorker (SegmentedRaftLogWorker.java:startLogSegment(380)) - s0@group-0CF4EA6807AF-SegmentedRaftLogWorker: Starting segment from index:0
2019-09-24 16:10:16,881 INFO  impl.RaftServerImpl (ServerState.java:setRaftConf(355)) - s0@group-0CF4EA6807AF: set configuration 0: [s0:0.0.0.0:43395, s1:0.0.0.0:43939, s2:0.0.0.0:39087], old=null at 0
2019-09-24 16:10:16,884 INFO  impl.RaftServerImpl (ServerState.java:setLeader(254)) - s1@group-0CF4EA6807AF: change Leader from null to s0 at term 1 for appendEntries, leader elected after 275ms
2019-09-24 16:10:16,884 INFO  impl.RaftServerImpl (ServerState.java:setLeader(254)) - s2@group-0CF4EA6807AF: change Leader from null to s0 at term 1 for appendEntries, leader elected after 275ms
2019-09-24 16:10:16,888 DEBUG impl.RaftServerImpl (RaftServerImpl.java:logAppendEntries(850)) - s1@group-0CF4EA6807AF: receive appendEntries(s0, 1, null, -1, false, commits[s0:c-1, s1:c-1, s2:c-1], entries: (t:1, i:0), CONFIGURATIONENTRY
2019-09-24 16:10:16,888 DEBUG impl.RaftServerImpl (RaftServerImpl.java:logAppendEntries(850)) - s2@group-0CF4EA6807AF: receive appendEntries(s0, 1, null, -1, false, commits[s0:c-1, s1:c-1, s2:c-1], entries: (t:1, i:0), CONFIGURATIONENTRY
2019-09-24 16:10:16,888 INFO  impl.RaftServerImpl (ServerState.java:setRaftConf(355)) - s1@group-0CF4EA6807AF: set configuration 0: [s0:0.0.0.0:43395, s1:0.0.0.0:43939, s2:0.0.0.0:39087], old=null at 0
2019-09-24 16:10:16,889 INFO  impl.RaftServerImpl (ServerState.java:setRaftConf(355)) - s2@group-0CF4EA6807AF: set configuration 0: [s0:0.0.0.0:43395, s1:0.0.0.0:43939, s2:0.0.0.0:39087], old=null at 0
2019-09-24 16:10:16,889 DEBUG raftlog.RaftLog (SegmentedRaftLog.java:appendImpl(425)) - truncateIndex=-1, arrayIndex=0
2019-09-24 16:10:16,889 DEBUG raftlog.RaftLog (SegmentedRaftLog.java:appendImpl(425)) - truncateIndex=-1, arrayIndex=0
2019-09-24 16:10:16,889 INFO  segmented.SegmentedRaftLogWorker (SegmentedRaftLogWorker.java:startLogSegment(380)) - s1@group-0CF4EA6807AF-SegmentedRaftLogWorker: Starting segment from index:0
2019-09-24 16:10:16,889 INFO  segmented.SegmentedRaftLogWorker (SegmentedRaftLogWorker.java:startLogSegment(380)) - s2@group-0CF4EA6807AF-SegmentedRaftLogWorker: Starting segment from index:0
2019-09-24 16:10:17,038 INFO  segmented.SegmentedRaftLogWorker (SegmentedRaftLogWorker.java:execute(569)) - s2@group-0CF4EA6807AF-SegmentedRaftLogWorker: created new log segment /workdir/ratis-test/target/test/data/c18fc967/MiniRaftClusterWithGrpc1dba3a28/s2/7506c955-dc9c-45a1-b3a4-0cf4ea6807af/current/log_inprogress_0
2019-09-24 16:10:17,038 INFO  segmented.SegmentedRaftLogWorker (SegmentedRaftLogWorker.java:execute(569)) - s0@group-0CF4EA6807AF-SegmentedRaftLogWorker: created new log segment /workdir/ratis-test/target/test/data/c18fc967/MiniRaftClusterWithGrpc1dba3a28/s0/7506c955-dc9c-45a1-b3a4-0cf4ea6807af/current/log_inprogress_0
2019-09-24 16:10:17,038 INFO  segmented.SegmentedRaftLogWorker (SegmentedRaftLogWorker.java:execute(569)) - s1@group-0CF4EA6807AF-SegmentedRaftLogWorker: created new log segment /workdir/ratis-test/target/test/data/c18fc967/MiniRaftClusterWithGrpc1dba3a28/s1/7506c955-dc9c-45a1-b3a4-0cf4ea6807af/current/log_inprogress_0
2019-09-24 16:10:17,058 DEBUG impl.RaftServerImpl (RaftServerImpl.java:logAppendEntries(850)) - s2@group-0CF4EA6807AF: succeeded to handle AppendEntries. Reply: s0<-s2#1:OK,SUCCESS,nextIndex:1,term:1,followerCommit:-1
2019-09-24 16:10:17,058 DEBUG impl.RaftServerImpl (RaftServerImpl.java:logAppendEntries(850)) - s1@group-0CF4EA6807AF: succeeded to handle AppendEntries. Reply: s0<-s1#1:OK,SUCCESS,nextIndex:1,term:1,followerCommit:-1
2019-09-24 16:10:17,089 INFO  ratis.RaftTestUtil (RaftTestUtil.java:waitForLeader(101)) - printing ALL groups
  s0:  RUNNING    LEADER s0@group-0CF4EA6807AF:t1, leader=s0, voted=s0, raftlog=s0@group-0CF4EA6807AF-SegmentedRaftLog:OPENED:c0,f0,i0, conf=0: [s0:0.0.0.0:43395, s1:0.0.0.0:43939, s2:0.0.0.0:39087], old=null RUNNING
  s1:  RUNNING  FOLLOWER s1@group-0CF4EA6807AF:t1, leader=s0, voted=s0, raftlog=s1@group-0CF4EA6807AF-SegmentedRaftLog:OPENED:c-1,f0,i0, conf=0: [s0:0.0.0.0:43395, s1:0.0.0.0:43939, s2:0.0.0.0:39087], old=null RUNNING
  s2:  RUNNING  FOLLOWER s2@group-0CF4EA6807AF:t1, leader=s0, voted=s2, raftlog=s2@group-0CF4EA6807AF-SegmentedRaftLog:OPENED:c-1,f0,i0, conf=0: [s0:0.0.0.0:43395, s1:0.0.0.0:43939, s2:0.0.0.0:39087], old=null RUNNING
2019-09-24 16:10:17,090 DEBUG client.RaftClient (ConfUtils.java:logGet(43)) - raft.rpc.type = GRPC (default)
2019-09-24 16:10:17,090 DEBUG client.RaftClient (RaftClientImpl.java:sendRequest(275)) - client-A22E5EE0166D: send RaftClientRequest:client-A22E5EE0166D->s0@group-0CF4EA6807AF, cid=2, seq=0, RW, first msg to make leader ready
2019-09-24 16:10:17,098 DEBUG impl.RaftServerImpl (RaftServerImpl.java:submitClientRequestAsync(533)) - s0@group-0CF4EA6807AF: receive client request(RaftClientRequest:client-A22E5EE0166D->s0@group-0CF4EA6807AF, cid=2, seq=0, RW, Message:6669727374206d736720...(size=30))
2019-09-24 16:10:17,099 DEBUG impl.RaftServerImpl (LeaderState.java:addPendingRequest(317)) - s0@group-0CF4EA6807AF-LeaderState: addPendingRequest at RaftClientRequest:client-A22E5EE0166D->s0@group-0CF4EA6807AF, cid=2, seq=0, RW, Message:6669727374206d736720...(size=30), entry=(t:1, i:1), STATEMACHINELOGENTRY, client-A22E5EE0166D, cid=2
2019-09-24 16:10:17,101 DEBUG impl.RaftServerImpl (RaftServerImpl.java:logAppendEntries(850)) - s2@group-0CF4EA6807AF: receive appendEntries(s0, 1, (t:1, i:0), 0, false, commits[s0:c0, s1:c-1, s2:c-1], entries: (t:1, i:1), STATEMACHINELOGENTRY, client-A22E5EE0166D, cid=2
2019-09-24 16:10:17,101 DEBUG impl.RaftServerImpl (RaftServerImpl.java:logAppendEntries(850)) - s1@group-0CF4EA6807AF: receive appendEntries(s0, 1, (t:1, i:0), 0, false, commits[s0:c0, s1:c-1, s2:c-1], entries: (t:1, i:1), STATEMACHINELOGENTRY, client-A22E5EE0166D, cid=2
2019-09-24 16:10:17,101 DEBUG raftlog.RaftLog (SegmentedRaftLog.java:appendImpl(425)) - truncateIndex=-1, arrayIndex=0
2019-09-24 16:10:17,101 DEBUG raftlog.RaftLog (SegmentedRaftLog.java:appendImpl(425)) - truncateIndex=-1, arrayIndex=0
2019-09-24 16:10:17,123 DEBUG impl.RaftServerImpl (RaftServerImpl.java:logAppendEntries(850)) - s1@group-0CF4EA6807AF: succeeded to handle AppendEntries. Reply: s0<-s1#4:OK,SUCCESS,nextIndex:2,term:1,followerCommit:0
2019-09-24 16:10:17,123 DEBUG impl.RaftServerImpl (RaftServerImpl.java:logAppendEntries(850)) - s2@group-0CF4EA6807AF: succeeded to handle AppendEntries. Reply: s0<-s2#4:OK,SUCCESS,nextIndex:2,term:1,followerCommit:0
2019-09-24 16:10:17,126 INFO  client.GrpcClientProtocolService (GrpcClientProtocolService.java:lambda$processClientRequest$0(278)) - Failed RaftClientRequest:client-A22E5EE0166D->s0@group-0CF4EA6807AF, cid=2, seq=0, RW, Message:6669727374206d736720...(size=30), reply=RaftClientReply:client-A22E5EE0166D->s0@group-0CF4EA6807AF, cid=2, FAILED org.apache.ratis.protocol.StateMachineException: org.apache.ratis.protocol.StateMachineException from Server s0@group-0CF4EA6807AF: Fake Exception, logIndex=1, commits[s0:c1, s1:c0, s2:c0]
2019-09-24 16:10:17,127 DEBUG impl.RaftServerImpl (RaftServerImpl.java:logAppendEntries(850)) - s2@group-0CF4EA6807AF: receive appendEntries(s0, 1, (t:1, i:1), 1, false, commits[s0:c1, s1:c0, s2:c0], entries: (t:1, i:2), METADATAENTRY(c1)
2019-09-24 16:10:17,127 DEBUG impl.RaftServerImpl (RaftServerImpl.java:logAppendEntries(850)) - s1@group-0CF4EA6807AF: receive appendEntries(s0, 1, (t:1, i:1), 1, false, commits[s0:c1, s1:c0, s2:c0], entries: (t:1, i:2), METADATAENTRY(c1)
2019-09-24 16:10:17,128 DEBUG raftlog.RaftLog (SegmentedRaftLog.java:appendImpl(425)) - truncateIndex=-1, arrayIndex=0
2019-09-24 16:10:17,128 DEBUG raftlog.RaftLog (SegmentedRaftLog.java:appendImpl(425)) - truncateIndex=-1, arrayIndex=0
2019-09-24 16:10:17,132 DEBUG client.RaftClient (RaftClientImpl.java:sendRequest(285)) - client-A22E5EE0166D: receive RaftClientReply:client-A22E5EE0166D->s0@group-0CF4EA6807AF, cid=2, FAILED org.apache.ratis.protocol.StateMachineException: org.apache.ratis.protocol.StateMachineException from Server s0@group-0CF4EA6807AF: Fake Exception, logIndex=1, commits[s0:c1, s1:c0, s2:c0]
2019-09-24 16:10:17,133 DEBUG client.RaftClient (ConfUtils.java:logGet(43)) - raft.rpc.type = GRPC (default)
2019-09-24 16:10:17,140 DEBUG impl.RaftServerImpl (RaftServerImpl.java:logAppendEntries(850)) - s2@group-0CF4EA6807AF: succeeded to handle AppendEntries. Reply: s0<-s2#5:OK,SUCCESS,nextIndex:3,term:1,followerCommit:1
2019-09-24 16:10:17,140 DEBUG impl.RaftServerImpl (RaftServerImpl.java:submitClientRequestAsync(533)) - s0@group-0CF4EA6807AF: receive client request(RaftClientRequest:client-066B9418C918->s0@group-0CF4EA6807AF, cid=999, seq=0, RW, Message:6d657373616765)
2019-09-24 16:10:17,140 DEBUG impl.RaftServerImpl (RaftServerImpl.java:logAppendEntries(850)) - s1@group-0CF4EA6807AF: succeeded to handle AppendEntries. Reply: s0<-s1#5:OK,SUCCESS,nextIndex:3,term:1,followerCommit:1
2019-09-24 16:10:17,143 INFO  impl.RaftServerImpl (RaftServerImpl.java:setRole(170)) - s0@group-0CF4EA6807AF: changes role from    LEADER to FOLLOWER at term 1 for stepDown
2019-09-24 16:10:17,143 INFO  impl.RoleInfo (RoleInfo.java:shutdownLeaderState(104)) - s0: shutdown LeaderState
2019-09-24 16:10:17,143 INFO  client.GrpcClientProtocolService (GrpcClientProtocolService.java:lambda$processClientRequest$0(278)) - Failed RaftClientRequest:client-066B9418C918->s0@group-0CF4EA6807AF, cid=999, seq=0, RW, Message:6d657373616765, reply=RaftClientReply:client-066B9418C918->s0@group-0CF4EA6807AF, cid=999, FAILED org.apache.ratis.protocol.StateMachineException: java.io.IOException from Server s0@group-0CF4EA6807AF: Fake Exception in preAppend, logIndex=0, commits[s0:c1, s1:c0, s2:c1]
2019-09-24 16:10:17,144 WARN  server.GrpcLogAppender (GrpcLogAppender.java:mayWait(143)) - s0@group-0CF4EA6807AF->s2-GrpcLogAppender: Wait interrupted by java.lang.InterruptedException
2019-09-24 16:10:17,144 WARN  server.GrpcLogAppender (GrpcLogAppender.java:mayWait(143)) - s0@group-0CF4EA6807AF->s1-GrpcLogAppender: Wait interrupted by java.lang.InterruptedException
2019-09-24 16:10:17,146 INFO  impl.PendingRequests (PendingRequests.java:sendNotLeaderResponses(202)) - s0@group-0CF4EA6807AF-PendingRequests: sendNotLeaderResponses
2019-09-24 16:10:17,147 INFO  server.GrpcServerProtocolService (GrpcServerProtocolService.java:onCompleted(113)) - s2: Completed APPEND_ENTRIES, lastRequest: s0->s2#5-t1, previous=(t:1, i:1), leaderCommit=1, initializing? false, entries: size=1, first=(t:1, i:2), METADATAENTRY(c1)
2019-09-24 16:10:17,147 INFO  impl.RoleInfo (RoleInfo.java:updateAndGet(143)) - s0: start FollowerState
2019-09-24 16:10:17,147 INFO  server.GrpcServerProtocolService (GrpcServerProtocolService.java:onCompleted(113)) - s1: Completed APPEND_ENTRIES, lastRequest: s0->s1#5-t1, previous=(t:1, i:1), leaderCommit=1, initializing? false, entries: size=1, first=(t:1, i:2), METADATAENTRY(c1)
2019-09-24 16:10:17,150 INFO  server.GrpcLogAppender (GrpcLogAppender.java:onCompleted(293)) - s0@group-0CF4EA6807AF->s2-AppendLogResponseHandler: follower responses appendEntries COMPLETED
2019-09-24 16:10:17,151 INFO  server.GrpcLogAppender (GrpcLogAppender.java:onCompleted(293)) - s0@group-0CF4EA6807AF->s1-AppendLogResponseHandler: follower responses appendEntries COMPLETED
2019-09-24 16:10:17,152 INFO  impl.FollowerInfo (FollowerInfo.java:lambda$new$0(51)) - s0@group-0CF4EA6807AF->s2: nextIndex: updateUnconditionally 3 -> 2
2019-09-24 16:10:17,154 INFO  impl.FollowerInfo (FollowerInfo.java:lambda$new$0(51)) - s0@group-0CF4EA6807AF->s1: nextIndex: updateUnconditionally 3 -> 2
2019-09-24 16:10:17,157 INFO  server.RaftServerConfigKeys (ConfUtils.java:logGet(43)) - raft.server.rpc.timeout.max = 300ms (default)
2019-09-24 16:10:17,157 INFO  ratis.RaftTestUtil (RaftTestUtil.java:waitForLeader(86)) - printing ALL groups
  s0:  RUNNING  FOLLOWER s0@group-0CF4EA6807AF:t1, leader=s0, voted=s0, raftlog=s0@group-0CF4EA6807AF-SegmentedRaftLog:OPENED:c2,f2,i2, conf=0: [s0:0.0.0.0:43395, s1:0.0.0.0:43939, s2:0.0.0.0:39087], old=null RUNNING
  s1:  RUNNING  FOLLOWER s1@group-0CF4EA6807AF:t1, leader=s0, voted=s0, raftlog=s1@group-0CF4EA6807AF-SegmentedRaftLog:OPENED:c1,f2,i2, conf=0: [s0:0.0.0.0:43395, s1:0.0.0.0:43939, s2:0.0.0.0:39087], old=null RUNNING
  s2:  RUNNING  FOLLOWER s2@group-0CF4EA6807AF:t1, leader=s0, voted=s2, raftlog=s2@group-0CF4EA6807AF-SegmentedRaftLog:OPENED:c1,f2,i2, conf=0: [s0:0.0.0.0:43395, s1:0.0.0.0:43939, s2:0.0.0.0:39087], old=null RUNNING
2019-09-24 16:10:17,158 WARN  ratis.RaftTestUtil (JavaUtils.java:attempt(158)) - FAILED "waitForLeader-null-(expectLeader? true)", attempt #1/100: java.lang.IllegalStateException: No leader yet : printing ALL groups
  s0:  RUNNING  FOLLOWER s0@group-0CF4EA6807AF:t1, leader=s0, voted=s0, raftlog=s0@group-0CF4EA6807AF-SegmentedRaftLog:OPENED:c2,f2,i2, conf=0: [s0:0.0.0.0:43395, s1:0.0.0.0:43939, s2:0.0.0.0:39087], old=null RUNNING
  s1:  RUNNING  FOLLOWER s1@group-0CF4EA6807AF:t1, leader=s0, voted=s0, raftlog=s1@group-0CF4EA6807AF-SegmentedRaftLog:OPENED:c1,f2,i2, conf=0: [s0:0.0.0.0:43395, s1:0.0.0.0:43939, s2:0.0.0.0:39087], old=null RUNNING
  s2:  RUNNING  FOLLOWER s2@group-0CF4EA6807AF:t1, leader=s0, voted=s2, raftlog=s2@group-0CF4EA6807AF-SegmentedRaftLog:OPENED:c1,f2,i2, conf=0: [s0:0.0.0.0:43395, s1:0.0.0.0:43939, s2:0.0.0.0:39087], old=null RUNNING, sleep 450ms and then retry.
java.lang.IllegalStateException: No leader yet : printing ALL groups
  s0:  RUNNING  FOLLOWER s0@group-0CF4EA6807AF:t1, leader=s0, voted=s0, raftlog=s0@group-0CF4EA6807AF-SegmentedRaftLog:OPENED:c2,f2,i2, conf=0: [s0:0.0.0.0:43395, s1:0.0.0.0:43939, s2:0.0.0.0:39087], old=null RUNNING
  s1:  RUNNING  FOLLOWER s1@group-0CF4EA6807AF:t1, leader=s0, voted=s0, raftlog=s1@group-0CF4EA6807AF-SegmentedRaftLog:OPENED:c1,f2,i2, conf=0: [s0:0.0.0.0:43395, s1:0.0.0.0:43939, s2:0.0.0.0:39087], old=null RUNNING
  s2:  RUNNING  FOLLOWER s2@group-0CF4EA6807AF:t1, leader=s0, voted=s2, raftlog=s2@group-0CF4EA6807AF-SegmentedRaftLog:OPENED:c1,f2,i2, conf=0: [s0:0.0.0.0:43395, s1:0.0.0.0:43939, s2:0.0.0.0:39087], old=null RUNNING
	at org.apache.ratis.MiniRaftCluster.newIllegalStateExceptionForNoLeaders(MiniRaftCluster.java:506)
	at org.apache.ratis.RaftTestUtil.lambda$waitForLeader$1(RaftTestUtil.java:90)
	at org.apache.ratis.MiniRaftCluster.getLeader(MiniRaftCluster.java:539)
	at org.apache.ratis.MiniRaftCluster.getLeader(MiniRaftCluster.java:532)
	at org.apache.ratis.RaftTestUtil.lambda$waitForLeader$3(RaftTestUtil.java:98)
	at org.apache.ratis.util.JavaUtils.attempt(JavaUtils.java:152)
	at org.apache.ratis.RaftTestUtil.waitForLeader(RaftTestUtil.java:97)
	at org.apache.ratis.RaftTestUtil.waitForLeader(RaftTestUtil.java:77)
	at org.apache.ratis.RaftTestUtil.waitForLeader(RaftTestUtil.java:72)
	at org.apache.ratis.server.impl.RaftStateMachineExceptionTests.runTestRetryOnExceptionDuringReplication(RaftStateMachineExceptionTests.java:166)
	at org.apache.ratis.MiniRaftCluster$Factory$Get.runWithNewCluster(MiniRaftCluster.java:125)
	at org.apache.ratis.MiniRaftCluster$Factory$Get.runWithNewCluster(MiniRaftCluster.java:113)
	at org.apache.ratis.server.impl.RaftStateMachineExceptionTests.testRetryOnExceptionDuringReplication(RaftStateMachineExceptionTests.java:145)
	at sun.reflect.NativeMethodAccessorImpl.invoke0(Native Method)
	at sun.reflect.NativeMethodAccessorImpl.invoke(NativeMethodAccessorImpl.java:62)
	at sun.reflect.DelegatingMethodAccessorImpl.invoke(DelegatingMethodAccessorImpl.java:43)
	at java.lang.reflect.Method.invoke(Method.java:498)
	at org.junit.runners.model.FrameworkMethod$1.runReflectiveCall(FrameworkMethod.java:50)
	at org.junit.internal.runners.model.ReflectiveCallable.run(ReflectiveCallable.java:12)
	at org.junit.runners.model.FrameworkMethod.invokeExplosively(FrameworkMethod.java:47)
	at org.junit.internal.runners.statements.InvokeMethod.evaluate(InvokeMethod.java:17)
	at org.junit.internal.runners.statements.RunAfters.evaluate(RunAfters.java:27)
	at org.junit.internal.runners.statements.FailOnTimeout$CallableStatement.call(FailOnTimeout.java:298)
	at org.junit.internal.runners.statements.FailOnTimeout$CallableStatement.call(FailOnTimeout.java:292)
	at java.util.concurrent.FutureTask.run(FutureTask.java:266)
	at java.lang.Thread.run(Thread.java:748)
2019-09-24 16:10:17,351 INFO  impl.FollowerState (FollowerState.java:run(108)) - s2@group-0CF4EA6807AF-FollowerState: change to CANDIDATE, lastRpcTime:210ms, electionTimeout:201ms
2019-09-24 16:10:17,352 INFO  impl.RoleInfo (RoleInfo.java:shutdownFollowerState(121)) - s2: shutdown FollowerState
2019-09-24 16:10:17,352 INFO  impl.RaftServerImpl (RaftServerImpl.java:setRole(170)) - s2@group-0CF4EA6807AF: changes role from  FOLLOWER to CANDIDATE at term 1 for changeToCandidate
2019-09-24 16:10:17,352 INFO  impl.RoleInfo (RoleInfo.java:updateAndGet(143)) - s2: start LeaderElection
2019-09-24 16:10:17,353 INFO  impl.RaftServerImpl (ServerState.java:setLeader(254)) - s2@group-0CF4EA6807AF: change Leader from s0 to null at term 1 for initElection
2019-09-24 16:10:17,367 INFO  impl.LeaderElection (LeaderElection.java:askForVotes(178)) - s2@group-0CF4EA6807AF-LeaderElection11: begin an election at term 2 for 0: [s0:0.0.0.0:43395, s1:0.0.0.0:43939, s2:0.0.0.0:39087], old=null
2019-09-24 16:10:17,372 DEBUG impl.RaftServerImpl (RaftServerImpl.java:requestVote(743)) - s0@group-0CF4EA6807AF: receive requestVote(s2, group-0CF4EA6807AF, 2, (t:1, i:2))
2019-09-24 16:10:17,372 DEBUG impl.RaftServerImpl (RaftServerImpl.java:requestVote(743)) - s1@group-0CF4EA6807AF: receive requestVote(s2, group-0CF4EA6807AF, 2, (t:1, i:2))
2019-09-24 16:10:17,372 INFO  impl.RaftServerImpl (ServerState.java:setLeader(254)) - s0@group-0CF4EA6807AF: change Leader from s0 to null at term 2 for updateCurrentTerm
2019-09-24 16:10:17,373 INFO  impl.RaftServerImpl (ServerState.java:setLeader(254)) - s1@group-0CF4EA6807AF: change Leader from s0 to null at term 2 for updateCurrentTerm
2019-09-24 16:10:17,373 INFO  impl.RaftServerImpl (RaftServerImpl.java:setRole(170)) - s0@group-0CF4EA6807AF: changes role from  FOLLOWER to FOLLOWER at term 2 for recognizeCandidate:s2
2019-09-24 16:10:17,373 INFO  impl.RaftServerImpl (RaftServerImpl.java:setRole(170)) - s1@group-0CF4EA6807AF: changes role from  FOLLOWER to FOLLOWER at term 2 for recognizeCandidate:s2
2019-09-24 16:10:17,373 INFO  impl.RoleInfo (RoleInfo.java:shutdownFollowerState(121)) - s0: shutdown FollowerState
2019-09-24 16:10:17,373 INFO  impl.RoleInfo (RoleInfo.java:shutdownFollowerState(121)) - s1: shutdown FollowerState
2019-09-24 16:10:17,374 INFO  impl.RoleInfo (RoleInfo.java:updateAndGet(143)) - s0: start FollowerState
2019-09-24 16:10:17,374 INFO  impl.FollowerState (FollowerState.java:run(117)) - s1@group-0CF4EA6807AF-FollowerState was interrupted: java.lang.InterruptedException: sleep interrupted
2019-09-24 16:10:17,374 INFO  impl.RoleInfo (RoleInfo.java:updateAndGet(143)) - s1: start FollowerState
2019-09-24 16:10:17,374 INFO  impl.FollowerState (FollowerState.java:run(117)) - s0@group-0CF4EA6807AF-FollowerState was interrupted: java.lang.InterruptedException: sleep interrupted
2019-09-24 16:10:17,390 DEBUG impl.RaftServerImpl (RaftServerImpl.java:requestVote(775)) - s0@group-0CF4EA6807AF replies to vote request: s2<-s0#0:OK-t2. Peer's state: s0@group-0CF4EA6807AF:t2, leader=null, voted=s2, raftlog=s0@group-0CF4EA6807AF-SegmentedRaftLog:OPENED:c2,f2,i2, conf=0: [s0:0.0.0.0:43395, s1:0.0.0.0:43939, s2:0.0.0.0:39087], old=null
2019-09-24 16:10:17,390 DEBUG impl.RaftServerImpl (RaftServerImpl.java:requestVote(775)) - s1@group-0CF4EA6807AF replies to vote request: s2<-s1#0:OK-t2. Peer's state: s1@group-0CF4EA6807AF:t2, leader=null, voted=s2, raftlog=s1@group-0CF4EA6807AF-SegmentedRaftLog:OPENED:c1,f2,i2, conf=0: [s0:0.0.0.0:43395, s1:0.0.0.0:43939, s2:0.0.0.0:39087], old=null
2019-09-24 16:10:17,392 INFO  impl.LeaderElection (LeaderElection.java:logAndReturn(56)) - s2@group-0CF4EA6807AF-LeaderElection11: Election PASSED; received 1 response(s) [s2<-s0#0:OK-t2] and 0 exception(s); s2@group-0CF4EA6807AF:t2, leader=null, voted=s2, raftlog=s2@group-0CF4EA6807AF-SegmentedRaftLog:OPENED:c1,f2,i2, conf=0: [s0:0.0.0.0:43395, s1:0.0.0.0:43939, s2:0.0.0.0:39087], old=null
2019-09-24 16:10:17,393 INFO  impl.RoleInfo (RoleInfo.java:shutdownLeaderElection(134)) - s2: shutdown LeaderElection
2019-09-24 16:10:17,393 INFO  impl.RaftServerImpl (RaftServerImpl.java:setRole(170)) - s2@group-0CF4EA6807AF: changes role from CANDIDATE to LEADER at term 2 for changeToLeader
2019-09-24 16:10:17,393 INFO  impl.RaftServerImpl (ServerState.java:setLeader(254)) - s2@group-0CF4EA6807AF: change Leader from null to s2 at term 2 for becomeLeader, leader elected after 39ms
2019-09-24 16:10:17,393 INFO  server.RaftServerConfigKeys (ConfUtils.java:logGet(43)) - raft.server.staging.catchup.gap = 1000 (default)
2019-09-24 16:10:17,393 INFO  server.RaftServerConfigKeys (ConfUtils.java:logGet(43)) - raft.server.rpc.sleep.time = 25ms (default)
2019-09-24 16:10:17,394 INFO  server.RaftServerConfigKeys (ConfUtils.java:logGet(43)) - raft.server.write.element-limit = 4096 (default)
2019-09-24 16:10:17,394 INFO  server.RaftServerConfigKeys (ConfUtils.java:logGet(43)) - raft.server.watch.timeout = 10s (default)
2019-09-24 16:10:17,394 INFO  server.RaftServerConfigKeys (ConfUtils.java:logGet(43)) - raft.server.watch.timeout.denomination = 1s (default)
2019-09-24 16:10:17,394 INFO  server.RaftServerConfigKeys (ConfUtils.java:logGet(43)) - raft.server.watch.element-limit = 65536 (default)
2019-09-24 16:10:17,398 INFO  server.RaftServerConfigKeys (ConfUtils.java:logGet(43)) - raft.server.log.appender.snapshot.chunk.size.max = 16MB (=16777216) (default)
2019-09-24 16:10:17,398 INFO  server.RaftServerConfigKeys (ConfUtils.java:logGet(43)) - raft.server.log.appender.buffer.byte-limit = 4MB (=4194304) (default)
2019-09-24 16:10:17,399 INFO  server.RaftServerConfigKeys (ConfUtils.java:logGet(43)) - raft.server.log.appender.buffer.element-limit = 0 (default)
2019-09-24 16:10:17,399 INFO  grpc.GrpcConfigKeys$Server (ConfUtils.java:logGet(43)) - raft.grpc.server.leader.outstanding.appends.max = 128 (default)
2019-09-24 16:10:17,399 INFO  server.RaftServerConfigKeys (ConfUtils.java:logGet(43)) - raft.server.rpc.request.timeout = 3000ms (default)
2019-09-24 16:10:17,399 INFO  server.RaftServerConfigKeys (ConfUtils.java:logGet(43)) - raft.server.log.appender.install.snapshot.enabled = true (default)
2019-09-24 16:10:17,400 INFO  server.RaftServerConfigKeys (ConfUtils.java:logGet(43)) - raft.server.log.appender.snapshot.chunk.size.max = 16MB (=16777216) (default)
2019-09-24 16:10:17,400 INFO  server.RaftServerConfigKeys (ConfUtils.java:logGet(43)) - raft.server.log.appender.buffer.byte-limit = 4MB (=4194304) (default)
2019-09-24 16:10:17,400 INFO  server.RaftServerConfigKeys (ConfUtils.java:logGet(43)) - raft.server.log.appender.buffer.element-limit = 0 (default)
2019-09-24 16:10:17,400 INFO  grpc.GrpcConfigKeys$Server (ConfUtils.java:logGet(43)) - raft.grpc.server.leader.outstanding.appends.max = 128 (default)
2019-09-24 16:10:17,400 INFO  server.RaftServerConfigKeys (ConfUtils.java:logGet(43)) - raft.server.rpc.request.timeout = 3000ms (default)
2019-09-24 16:10:17,401 INFO  server.RaftServerConfigKeys (ConfUtils.java:logGet(43)) - raft.server.log.appender.install.snapshot.enabled = true (default)
2019-09-24 16:10:17,401 INFO  impl.RoleInfo (RoleInfo.java:updateAndGet(143)) - s2: start LeaderState
2019-09-24 16:10:17,401 DEBUG raftlog.RaftLog (SegmentedRaftLog.java:appendImpl(425)) - truncateIndex=-1, arrayIndex=0
2019-09-24 16:10:17,402 INFO  segmented.SegmentedRaftLogWorker (SegmentedRaftLogWorker.java:rollLogSegment(385)) - s2@group-0CF4EA6807AF-SegmentedRaftLogWorker: Rolling segment log-0_2 to index:2
2019-09-24 16:10:17,408 TRACE util.FileUtils (LogUtils.java:runAndLog(61)) - Successfully ran Files.move /workdir/ratis-test/target/test/data/c18fc967/MiniRaftClusterWithGrpc1dba3a28/s2/7506c955-dc9c-45a1-b3a4-0cf4ea6807af/current/log_inprogress_0 to /workdir/ratis-test/target/test/data/c18fc967/MiniRaftClusterWithGrpc1dba3a28/s2/7506c955-dc9c-45a1-b3a4-0cf4ea6807af/current/log_0-2
2019-09-24 16:10:17,409 INFO  segmented.SegmentedRaftLogWorker (SegmentedRaftLogWorker.java:execute(526)) - s2@group-0CF4EA6807AF-SegmentedRaftLogWorker: Rolled log segment from /workdir/ratis-test/target/test/data/c18fc967/MiniRaftClusterWithGrpc1dba3a28/s2/7506c955-dc9c-45a1-b3a4-0cf4ea6807af/current/log_inprogress_0 to /workdir/ratis-test/target/test/data/c18fc967/MiniRaftClusterWithGrpc1dba3a28/s2/7506c955-dc9c-45a1-b3a4-0cf4ea6807af/current/log_0-2
2019-09-24 16:10:17,410 INFO  impl.RaftServerImpl (ServerState.java:setRaftConf(355)) - s2@group-0CF4EA6807AF: set configuration 3: [s0:0.0.0.0:43395, s1:0.0.0.0:43939, s2:0.0.0.0:39087], old=null at 3
2019-09-24 16:10:17,412 INFO  impl.RaftServerImpl (ServerState.java:setLeader(254)) - s1@group-0CF4EA6807AF: change Leader from null to s2 at term 2 for appendEntries, leader elected after 39ms
2019-09-24 16:10:17,413 INFO  impl.RaftServerImpl (ServerState.java:setLeader(254)) - s0@group-0CF4EA6807AF: change Leader from null to s2 at term 2 for appendEntries, leader elected after 40ms
2019-09-24 16:10:17,416 DEBUG impl.RaftServerImpl (RaftServerImpl.java:logAppendEntries(850)) - s1@group-0CF4EA6807AF: receive appendEntries(s2, 2, (t:1, i:2), 1, false, commits[s2:c1, s0:c1, s1:c1], entries: (t:2, i:3), CONFIGURATIONENTRY
2019-09-24 16:10:17,419 INFO  impl.RaftServerImpl (ServerState.java:setRaftConf(355)) - s1@group-0CF4EA6807AF: set configuration 3: [s0:0.0.0.0:43395, s1:0.0.0.0:43939, s2:0.0.0.0:39087], old=null at 3
2019-09-24 16:10:17,419 DEBUG raftlog.RaftLog (SegmentedRaftLog.java:appendImpl(425)) - truncateIndex=-1, arrayIndex=0
2019-09-24 16:10:17,419 DEBUG impl.RaftServerImpl (RaftServerImpl.java:logAppendEntries(850)) - s0@group-0CF4EA6807AF: receive appendEntries(s2, 2, (t:1, i:2), 1, false, commits[s2:c1, s0:c2, s1:c1], entries: (t:2, i:3), CONFIGURATIONENTRY
2019-09-24 16:10:17,419 INFO  segmented.SegmentedRaftLogWorker (SegmentedRaftLogWorker.java:rollLogSegment(385)) - s1@group-0CF4EA6807AF-SegmentedRaftLogWorker: Rolling segment log-0_2 to index:2
2019-09-24 16:10:17,420 INFO  impl.RaftServerImpl (ServerState.java:setRaftConf(355)) - s0@group-0CF4EA6807AF: set configuration 3: [s0:0.0.0.0:43395, s1:0.0.0.0:43939, s2:0.0.0.0:39087], old=null at 3
2019-09-24 16:10:17,420 DEBUG raftlog.RaftLog (SegmentedRaftLog.java:appendImpl(425)) - truncateIndex=-1, arrayIndex=0
2019-09-24 16:10:17,420 INFO  segmented.SegmentedRaftLogWorker (SegmentedRaftLogWorker.java:rollLogSegment(385)) - s0@group-0CF4EA6807AF-SegmentedRaftLogWorker: Rolling segment log-0_2 to index:2
2019-09-24 16:10:17,423 TRACE util.FileUtils (LogUtils.java:runAndLog(61)) - Successfully ran Files.move /workdir/ratis-test/target/test/data/c18fc967/MiniRaftClusterWithGrpc1dba3a28/s1/7506c955-dc9c-45a1-b3a4-0cf4ea6807af/current/log_inprogress_0 to /workdir/ratis-test/target/test/data/c18fc967/MiniRaftClusterWithGrpc1dba3a28/s1/7506c955-dc9c-45a1-b3a4-0cf4ea6807af/current/log_0-2
2019-09-24 16:10:17,423 INFO  segmented.SegmentedRaftLogWorker (SegmentedRaftLogWorker.java:execute(526)) - s1@group-0CF4EA6807AF-SegmentedRaftLogWorker: Rolled log segment from /workdir/ratis-test/target/test/data/c18fc967/MiniRaftClusterWithGrpc1dba3a28/s1/7506c955-dc9c-45a1-b3a4-0cf4ea6807af/current/log_inprogress_0 to /workdir/ratis-test/target/test/data/c18fc967/MiniRaftClusterWithGrpc1dba3a28/s1/7506c955-dc9c-45a1-b3a4-0cf4ea6807af/current/log_0-2
2019-09-24 16:10:17,423 TRACE util.FileUtils (LogUtils.java:runAndLog(61)) - Successfully ran Files.move /workdir/ratis-test/target/test/data/c18fc967/MiniRaftClusterWithGrpc1dba3a28/s0/7506c955-dc9c-45a1-b3a4-0cf4ea6807af/current/log_inprogress_0 to /workdir/ratis-test/target/test/data/c18fc967/MiniRaftClusterWithGrpc1dba3a28/s0/7506c955-dc9c-45a1-b3a4-0cf4ea6807af/current/log_0-2
2019-09-24 16:10:17,423 INFO  segmented.SegmentedRaftLogWorker (SegmentedRaftLogWorker.java:execute(526)) - s0@group-0CF4EA6807AF-SegmentedRaftLogWorker: Rolled log segment from /workdir/ratis-test/target/test/data/c18fc967/MiniRaftClusterWithGrpc1dba3a28/s0/7506c955-dc9c-45a1-b3a4-0cf4ea6807af/current/log_inprogress_0 to /workdir/ratis-test/target/test/data/c18fc967/MiniRaftClusterWithGrpc1dba3a28/s0/7506c955-dc9c-45a1-b3a4-0cf4ea6807af/current/log_0-2
2019-09-24 16:10:17,609 INFO  ratis.RaftTestUtil (RaftTestUtil.java:waitForLeader(101)) - printing ALL groups
  s0:  RUNNING  FOLLOWER s0@group-0CF4EA6807AF:t2, leader=s2, voted=s2, raftlog=s0@group-0CF4EA6807AF-SegmentedRaftLog:OPENED:c2,f2,i3, conf=3: [s0:0.0.0.0:43395, s1:0.0.0.0:43939, s2:0.0.0.0:39087], old=null RUNNING
  s1:  RUNNING  FOLLOWER s1@group-0CF4EA6807AF:t2, leader=s2, voted=s2, raftlog=s1@group-0CF4EA6807AF-SegmentedRaftLog:OPENED:c1,f2,i3, conf=3: [s0:0.0.0.0:43395, s1:0.0.0.0:43939, s2:0.0.0.0:39087], old=null RUNNING
  s2:  RUNNING    LEADER s2@group-0CF4EA6807AF:t2, leader=s2, voted=s2, raftlog=s2@group-0CF4EA6807AF-SegmentedRaftLog:OPENED:c1,f2,i3, conf=3: [s0:0.0.0.0:43395, s1:0.0.0.0:43939, s2:0.0.0.0:39087], old=null RUNNING
2019-09-24 16:10:17,619 DEBUG impl.RaftServerImpl (RaftServerImpl.java:submitClientRequestAsync(533)) - s2@group-0CF4EA6807AF: receive client request(RaftClientRequest:client-066B9418C918->s2@group-0CF4EA6807AF, cid=999, seq=0, RW, Message:6d657373616765)
2019-09-24 16:10:17,620 INFO  client.GrpcClientProtocolService (GrpcClientProtocolService.java:lambda$processClientRequest$0(278)) - Failed RaftClientRequest:client-066B9418C918->s2@group-0CF4EA6807AF, cid=999, seq=0, RW, Message:6d657373616765, reply=RaftClientReply:client-066B9418C918->s2@group-0CF4EA6807AF, cid=999, FAILED org.apache.ratis.protocol.LeaderNotReadyException: s2@group-0CF4EA6807AF is in LEADER state but not ready yet., logIndex=0, commits[s2:c1, s0:c2, s1:c1]
2019-09-24 16:10:17,624 INFO  ratis.MiniRaftCluster (MiniRaftCluster.java:runWithNewCluster(127)) - printing ALL groups
  s0:  RUNNING  FOLLOWER s0@group-0CF4EA6807AF:t2, leader=s2, voted=s2, raftlog=s0@group-0CF4EA6807AF-SegmentedRaftLog:OPENED:c2,f2,i3, conf=3: [s0:0.0.0.0:43395, s1:0.0.0.0:43939, s2:0.0.0.0:39087], old=null RUNNING
  s1:  RUNNING  FOLLOWER s1@group-0CF4EA6807AF:t2, leader=s2, voted=s2, raftlog=s1@group-0CF4EA6807AF-SegmentedRaftLog:OPENED:c1,f2,i3, conf=3: [s0:0.0.0.0:43395, s1:0.0.0.0:43939, s2:0.0.0.0:39087], old=null RUNNING
  s2:  RUNNING    LEADER s2@group-0CF4EA6807AF:t2, leader=s2, voted=s2, raftlog=s2@group-0CF4EA6807AF-SegmentedRaftLog:OPENED:c1,f2,i3, conf=3: [s0:0.0.0.0:43395, s1:0.0.0.0:43939, s2:0.0.0.0:39087], old=null RUNNING
2019-09-24 16:10:17,624 ERROR ratis.MiniRaftCluster (MiniRaftCluster.java:runWithNewCluster(128)) - Failed org.apache.ratis.MiniRaftCluster$Factory$Get.runWithNewCluster(MiniRaftCluster.java:113)
java.lang.NullPointerException
	at java.util.Objects.requireNonNull(Objects.java:203)
	at org.apache.ratis.server.impl.RaftStateMachineExceptionTests.runTestRetryOnExceptionDuringReplication(RaftStateMachineExceptionTests.java:170)
	at org.apache.ratis.MiniRaftCluster$Factory$Get.runWithNewCluster(MiniRaftCluster.java:125)
	at org.apache.ratis.MiniRaftCluster$Factory$Get.runWithNewCluster(MiniRaftCluster.java:113)
	at org.apache.ratis.server.impl.RaftStateMachineExceptionTests.testRetryOnExceptionDuringReplication(RaftStateMachineExceptionTests.java:145)
	at sun.reflect.NativeMethodAccessorImpl.invoke0(Native Method)
	at sun.reflect.NativeMethodAccessorImpl.invoke(NativeMethodAccessorImpl.java:62)
	at sun.reflect.DelegatingMethodAccessorImpl.invoke(DelegatingMethodAccessorImpl.java:43)
	at java.lang.reflect.Method.invoke(Method.java:498)
	at org.junit.runners.model.FrameworkMethod$1.runReflectiveCall(FrameworkMethod.java:50)
	at org.junit.internal.runners.model.ReflectiveCallable.run(ReflectiveCallable.java:12)
	at org.junit.runners.model.FrameworkMethod.invokeExplosively(FrameworkMethod.java:47)
	at org.junit.internal.runners.statements.InvokeMethod.evaluate(InvokeMethod.java:17)
	at org.junit.internal.runners.statements.RunAfters.evaluate(RunAfters.java:27)
	at org.junit.internal.runners.statements.FailOnTimeout$CallableStatement.call(FailOnTimeout.java:298)
	at org.junit.internal.runners.statements.FailOnTimeout$CallableStatement.call(FailOnTimeout.java:292)
	at java.util.concurrent.FutureTask.run(FutureTask.java:266)
	at java.lang.Thread.run(Thread.java:748)
2019-09-24 16:10:17,625 INFO  ratis.MiniRaftCluster (MiniRaftCluster.java:shutdown(700)) - ************************************************************** 
2019-09-24 16:10:17,625 INFO  ratis.MiniRaftCluster (MiniRaftCluster.java:shutdown(701)) - *** 
2019-09-24 16:10:17,625 INFO  ratis.MiniRaftCluster (MiniRaftCluster.java:shutdown(702)) - ***     Stopping MiniRaftClusterWithGrpc
2019-09-24 16:10:17,625 INFO  ratis.MiniRaftCluster (MiniRaftCluster.java:shutdown(703)) - *** 
2019-09-24 16:10:17,625 INFO  ratis.MiniRaftCluster (MiniRaftCluster.java:shutdown(704)) - ************************************************************** 
2019-09-24 16:10:17,626 INFO  ratis.MiniRaftCluster (MiniRaftCluster.java:shutdown(705)) - printing ALL groups
  s0:  RUNNING  FOLLOWER s0@group-0CF4EA6807AF:t2, leader=s2, voted=s2, raftlog=s0@group-0CF4EA6807AF-SegmentedRaftLog:OPENED:c2,f2,i3, conf=3: [s0:0.0.0.0:43395, s1:0.0.0.0:43939, s2:0.0.0.0:39087], old=null RUNNING
  s1:  RUNNING  FOLLOWER s1@group-0CF4EA6807AF:t2, leader=s2, voted=s2, raftlog=s1@group-0CF4EA6807AF-SegmentedRaftLog:OPENED:c1,f2,i3, conf=3: [s0:0.0.0.0:43395, s1:0.0.0.0:43939, s2:0.0.0.0:39087], old=null RUNNING
  s2:  RUNNING    LEADER s2@group-0CF4EA6807AF:t2, leader=s2, voted=s2, raftlog=s2@group-0CF4EA6807AF-SegmentedRaftLog:OPENED:c1,f2,i3, conf=3: [s0:0.0.0.0:43395, s1:0.0.0.0:43939, s2:0.0.0.0:39087], old=null RUNNING
2019-09-24 16:10:17,627 INFO  impl.RaftServerProxy (RaftServerProxy.java:lambda$close$4(314)) - s0: close
2019-09-24 16:10:17,628 INFO  impl.RaftServerProxy (RaftServerProxy.java:lambda$close$4(314)) - s2: close
2019-09-24 16:10:17,628 INFO  impl.RaftServerImpl (RaftServerImpl.java:lambda$shutdown$3(247)) - s0@group-0CF4EA6807AF: shutdown
2019-09-24 16:10:17,629 INFO  impl.RaftServerImpl (RaftServerImpl.java:lambda$shutdown$3(247)) - s2@group-0CF4EA6807AF: shutdown
2019-09-24 16:10:17,628 INFO  impl.RaftServerProxy (RaftServerProxy.java:lambda$close$4(314)) - s1: close
2019-09-24 16:10:17,629 INFO  util.JmxRegister (JmxRegister.java:unregister(73)) - Successfully un-registered JMX Bean with object name Ratis:service=RaftServer,group=group-0CF4EA6807AF,id=s2
2019-09-24 16:10:17,630 INFO  impl.RoleInfo (RoleInfo.java:shutdownLeaderState(104)) - s2: shutdown LeaderState
2019-09-24 16:10:17,629 INFO  util.JmxRegister (JmxRegister.java:unregister(73)) - Successfully un-registered JMX Bean with object name Ratis:service=RaftServer,group=group-0CF4EA6807AF,id=s0
2019-09-24 16:10:17,631 WARN  server.GrpcLogAppender (GrpcLogAppender.java:mayWait(143)) - s2@group-0CF4EA6807AF->s0-GrpcLogAppender: Wait interrupted by java.lang.InterruptedException
2019-09-24 16:10:17,631 WARN  server.GrpcLogAppender (GrpcLogAppender.java:mayWait(143)) - s2@group-0CF4EA6807AF->s1-GrpcLogAppender: Wait interrupted by java.lang.InterruptedException
2019-09-24 16:10:17,631 INFO  impl.PendingRequests (PendingRequests.java:sendNotLeaderResponses(202)) - s2@group-0CF4EA6807AF-PendingRequests: sendNotLeaderResponses
2019-09-24 16:10:17,630 INFO  impl.RaftServerImpl (RaftServerImpl.java:lambda$shutdown$3(247)) - s1@group-0CF4EA6807AF: shutdown
2019-09-24 16:10:17,634 INFO  server.GrpcServerProtocolService (GrpcServerProtocolService.java:onCompleted(113)) - s0: Completed APPEND_ENTRIES, lastRequest: s2->s0#3-t2, previous=(t:2, i:3), leaderCommit=1, initializing? false, entries: <empty>
2019-09-24 16:10:17,634 INFO  impl.StateMachineUpdater (StateMachineUpdater.java:stopAndJoin(136)) - s2@group-0CF4EA6807AF-StateMachineUpdater: set stopIndex = 1
2019-09-24 16:10:17,634 INFO  impl.RaftServerImpl (ServerState.java:close(386)) - s2@group-0CF4EA6807AF: closes. applyIndex: 1
2019-09-24 16:10:17,632 INFO  impl.RoleInfo (RoleInfo.java:shutdownFollowerState(121)) - s0: shutdown FollowerState
2019-09-24 16:10:17,636 INFO  server.GrpcLogAppender (GrpcLogAppender.java:onCompleted(293)) - s2@group-0CF4EA6807AF->s0-AppendLogResponseHandler: follower responses appendEntries COMPLETED
2019-09-24 16:10:17,634 INFO  util.JmxRegister (JmxRegister.java:unregister(73)) - Successfully un-registered JMX Bean with object name Ratis:service=RaftServer,group=group-0CF4EA6807AF,id=s1
2019-09-24 16:10:17,634 INFO  server.GrpcServerProtocolService (GrpcServerProtocolService.java:onCompleted(113)) - s1: Completed APPEND_ENTRIES, lastRequest: s2->s1#3-t2, previous=(t:2, i:3), leaderCommit=1, initializing? false, entries: <empty>
2019-09-24 16:10:17,637 INFO  impl.RoleInfo (RoleInfo.java:shutdownFollowerState(121)) - s1: shutdown FollowerState
2019-09-24 16:10:17,636 INFO  impl.FollowerState (FollowerState.java:run(117)) - s0@group-0CF4EA6807AF-FollowerState was interrupted: java.lang.InterruptedException: sleep interrupted
2019-09-24 16:10:17,636 INFO  impl.StateMachineUpdater (StateMachineUpdater.java:stopAndJoin(136)) - s0@group-0CF4EA6807AF-StateMachineUpdater: set stopIndex = 2
2019-09-24 16:10:17,638 INFO  server.GrpcLogAppender (GrpcLogAppender.java:onCompleted(293)) - s2@group-0CF4EA6807AF->s1-AppendLogResponseHandler: follower responses appendEntries COMPLETED
2019-09-24 16:10:17,637 INFO  impl.FollowerState (FollowerState.java:run(117)) - s1@group-0CF4EA6807AF-FollowerState was interrupted: java.lang.InterruptedException: sleep interrupted
2019-09-24 16:10:17,637 INFO  impl.StateMachineUpdater (StateMachineUpdater.java:stopAndJoin(136)) - s1@group-0CF4EA6807AF-StateMachineUpdater: set stopIndex = 1
2019-09-24 16:10:17,640 INFO  impl.RaftServerImpl (ServerState.java:close(386)) - s1@group-0CF4EA6807AF: closes. applyIndex: 1
2019-09-24 16:10:17,637 INFO  impl.FollowerInfo (FollowerInfo.java:lambda$new$0(51)) - s2@group-0CF4EA6807AF->s0: nextIndex: updateUnconditionally 4 -> 3
2019-09-24 16:10:17,640 INFO  impl.FollowerInfo (FollowerInfo.java:lambda$new$0(51)) - s2@group-0CF4EA6807AF->s1: nextIndex: updateUnconditionally 4 -> 3
2019-09-24 16:10:17,638 INFO  impl.RaftServerImpl (ServerState.java:close(386)) - s0@group-0CF4EA6807AF: closes. applyIndex: 2
2019-09-24 16:10:17,698 WARN  segmented.SegmentedRaftLogOutputStream (SegmentedRaftLogOutputStream.java:<init>(77)) - Hit IOException while creating log segment /workdir/ratis-test/target/test/data/c18fc967/MiniRaftClusterWithGrpc1dba3a28/s1/7506c955-dc9c-45a1-b3a4-0cf4ea6807af/current/log_inprogress_3, delete the partial file.
2019-09-24 16:10:17,698 WARN  segmented.SegmentedRaftLogOutputStream (SegmentedRaftLogOutputStream.java:<init>(77)) - Hit IOException while creating log segment /workdir/ratis-test/target/test/data/c18fc967/MiniRaftClusterWithGrpc1dba3a28/s2/7506c955-dc9c-45a1-b3a4-0cf4ea6807af/current/log_inprogress_3, delete the partial file.
2019-09-24 16:10:17,698 WARN  segmented.SegmentedRaftLogOutputStream (SegmentedRaftLogOutputStream.java:<init>(77)) - Hit IOException while creating log segment /workdir/ratis-test/target/test/data/c18fc967/MiniRaftClusterWithGrpc1dba3a28/s0/7506c955-dc9c-45a1-b3a4-0cf4ea6807af/current/log_inprogress_3, delete the partial file.
2019-09-24 16:10:17,698 TRACE util.FileUtils (FileUtils.java:deleteFully(88)) - deleteFully /workdir/ratis-test/target/test/data/c18fc967/MiniRaftClusterWithGrpc1dba3a28/s2/7506c955-dc9c-45a1-b3a4-0cf4ea6807af/current/log_inprogress_3
2019-09-24 16:10:17,698 TRACE util.FileUtils (FileUtils.java:deleteFully(88)) - deleteFully /workdir/ratis-test/target/test/data/c18fc967/MiniRaftClusterWithGrpc1dba3a28/s1/7506c955-dc9c-45a1-b3a4-0cf4ea6807af/current/log_inprogress_3
2019-09-24 16:10:17,698 TRACE util.FileUtils (FileUtils.java:deleteFully(88)) - deleteFully /workdir/ratis-test/target/test/data/c18fc967/MiniRaftClusterWithGrpc1dba3a28/s0/7506c955-dc9c-45a1-b3a4-0cf4ea6807af/current/log_inprogress_3
2019-09-24 16:10:17,705 TRACE util.FileUtils (LogUtils.java:runAndLog(61)) - Successfully ran Files.delete /workdir/ratis-test/target/test/data/c18fc967/MiniRaftClusterWithGrpc1dba3a28/s0/7506c955-dc9c-45a1-b3a4-0cf4ea6807af/current/log_inprogress_3
2019-09-24 16:10:17,705 TRACE util.FileUtils (LogUtils.java:runAndLog(61)) - Successfully ran Files.delete /workdir/ratis-test/target/test/data/c18fc967/MiniRaftClusterWithGrpc1dba3a28/s2/7506c955-dc9c-45a1-b3a4-0cf4ea6807af/current/log_inprogress_3
2019-09-24 16:10:17,705 TRACE util.FileUtils (LogUtils.java:runAndLog(61)) - Successfully ran Files.delete /workdir/ratis-test/target/test/data/c18fc967/MiniRaftClusterWithGrpc1dba3a28/s1/7506c955-dc9c-45a1-b3a4-0cf4ea6807af/current/log_inprogress_3
2019-09-24 16:10:17,706 INFO  segmented.SegmentedRaftLogWorker (SegmentedRaftLogWorker.java:close(228)) - s2@group-0CF4EA6807AF-SegmentedRaftLogWorker close()
2019-09-24 16:10:17,706 INFO  segmented.SegmentedRaftLogWorker (SegmentedRaftLogWorker.java:close(228)) - s0@group-0CF4EA6807AF-SegmentedRaftLogWorker close()
2019-09-24 16:10:17,706 INFO  segmented.SegmentedRaftLogWorker (SegmentedRaftLogWorker.java:close(228)) - s1@group-0CF4EA6807AF-SegmentedRaftLogWorker close()
2019-09-24 16:10:17,707 INFO  server.GrpcService (GrpcService.java:closeImpl(164)) - s2: shutdown server with port 39087 now
2019-09-24 16:10:17,709 INFO  server.GrpcService (GrpcService.java:closeImpl(164)) - s0: shutdown server with port 43395 now
2019-09-24 16:10:17,711 INFO  server.GrpcService (GrpcService.java:closeImpl(164)) - s1: shutdown server with port 43939 now
2019-09-24 16:10:17,712 INFO  server.GrpcService (GrpcService.java:closeImpl(172)) - s2: shutdown server with port 39087 successfully
2019-09-24 16:10:17,713 INFO  server.GrpcService (GrpcService.java:closeImpl(172)) - s0: shutdown server with port 43395 successfully
2019-09-24 16:10:17,712 INFO  server.GrpcService (GrpcService.java:closeImpl(172)) - s1: shutdown server with port 43939 successfully
2019-09-24 16:10:17,713 INFO  ratis.MiniRaftCluster (MiniRaftCluster.java:shutdown(722)) - MiniRaftClusterWithGrpc shutdown completed
]]></system-out>
  </testcase>
</testsuite>