<?xml version="1.0" encoding="UTF-8"?>
<testsuite xmlns:xsi="http://www.w3.org/2001/XMLSchema-instance" xsi:noNamespaceSchemaLocation="https://maven.apache.org/surefire/maven-surefire-plugin/xsd/surefire-test-report.xsd" name="org.apache.ratis.grpc.TestLeaderElectionWithGrpc" time="97.263" tests="5" errors="1" skipped="0" failures="0">
  <properties>
    <property name="awt.toolkit" value="sun.awt.X11.XToolkit"/>
    <property name="file.encoding.pkg" value="sun.io"/>
    <property name="java.specification.version" value="1.8"/>
    <property name="sun.cpu.isalist" value=""/>
    <property name="sun.jnu.encoding" value="UTF-8"/>
    <property name="java.class.path" value="/workdir/ratis-test/target/test-classes:/workdir/ratis-test/target/classes:/workdir/ratis-common/target/classes:/home/user/.m2/repository/org/apache/ratis/ratis-thirdparty-misc/0.2.0/ratis-thirdparty-misc-0.2.0.jar:/workdir/ratis-proto/target/ratis-proto-0.5.0-SNAPSHOT.jar:/home/user/.m2/repository/org/slf4j/slf4j-log4j12/1.7.10/slf4j-log4j12-1.7.10.jar:/home/user/.m2/repository/log4j/log4j/1.2.17/log4j-1.2.17.jar:/workdir/ratis-common/target/test-classes:/workdir/ratis-client/target/classes:/workdir/ratis-server/target/classes:/workdir/ratis-metrics/target/classes:/home/user/.m2/repository/io/dropwizard/metrics/metrics-core/3.2.5/metrics-core-3.2.5.jar:/home/user/.m2/repository/com/github/joshelser/dropwizard-metrics-hadoop-metrics2-reporter/0.1.2/dropwizard-metrics-hadoop-metrics2-reporter-0.1.2.jar:/home/user/.m2/repository/org/apache/hadoop/hadoop-common/2.6.0/hadoop-common-2.6.0.jar:/home/user/.m2/repository/org/apache/hadoop/hadoop-annotations/2.6.0/hadoop-annotations-2.6.0.jar:/usr/lib/jvm/java-1.8-openjdk/jre/../lib/tools.jar:/home/user/.m2/repository/com/google/guava/guava/11.0.2/guava-11.0.2.jar:/home/user/.m2/repository/commons-cli/commons-cli/1.2/commons-cli-1.2.jar:/home/user/.m2/repository/org/apache/commons/commons-math3/3.1.1/commons-math3-3.1.1.jar:/home/user/.m2/repository/xmlenc/xmlenc/0.52/xmlenc-0.52.jar:/home/user/.m2/repository/commons-httpclient/commons-httpclient/3.1/commons-httpclient-3.1.jar:/home/user/.m2/repository/commons-codec/commons-codec/1.4/commons-codec-1.4.jar:/home/user/.m2/repository/commons-io/commons-io/2.4/commons-io-2.4.jar:/home/user/.m2/repository/commons-net/commons-net/3.1/commons-net-3.1.jar:/home/user/.m2/repository/commons-collections/commons-collections/3.2.1/commons-collections-3.2.1.jar:/home/user/.m2/repository/javax/servlet/servlet-api/2.5/servlet-api-2.5.jar:/home/user/.m2/repository/org/mortbay/jetty/jetty/6.1.26/jetty-6.1.26.jar:/home/user/.m2/repository/org/mortbay/jetty/jetty-util/6.1.26/jetty-util-6.1.26.jar:/home/user/.m2/repository/com/sun/jersey/jersey-core/1.9/jersey-core-1.9.jar:/home/user/.m2/repository/com/sun/jersey/jersey-json/1.9/jersey-json-1.9.jar:/home/user/.m2/repository/org/codehaus/jettison/jettison/1.1/jettison-1.1.jar:/home/user/.m2/repository/com/sun/xml/bind/jaxb-impl/2.2.3-1/jaxb-impl-2.2.3-1.jar:/home/user/.m2/repository/javax/xml/bind/jaxb-api/2.2.2/jaxb-api-2.2.2.jar:/home/user/.m2/repository/javax/xml/stream/stax-api/1.0-2/stax-api-1.0-2.jar:/home/user/.m2/repository/javax/activation/activation/1.1/activation-1.1.jar:/home/user/.m2/repository/org/codehaus/jackson/jackson-jaxrs/1.8.3/jackson-jaxrs-1.8.3.jar:/home/user/.m2/repository/org/codehaus/jackson/jackson-xc/1.8.3/jackson-xc-1.8.3.jar:/home/user/.m2/repository/com/sun/jersey/jersey-server/1.9/jersey-server-1.9.jar:/home/user/.m2/repository/asm/asm/3.1/asm-3.1.jar:/home/user/.m2/repository/tomcat/jasper-compiler/5.5.23/jasper-compiler-5.5.23.jar:/home/user/.m2/repository/tomcat/jasper-runtime/5.5.23/jasper-runtime-5.5.23.jar:/home/user/.m2/repository/javax/servlet/jsp/jsp-api/2.1/jsp-api-2.1.jar:/home/user/.m2/repository/commons-el/commons-el/1.0/commons-el-1.0.jar:/home/user/.m2/repository/commons-logging/commons-logging/1.1.3/commons-logging-1.1.3.jar:/home/user/.m2/repository/net/java/dev/jets3t/jets3t/0.9.0/jets3t-0.9.0.jar:/home/user/.m2/repository/org/apache/httpcomponents/httpclient/4.1.2/httpclient-4.1.2.jar:/home/user/.m2/repository/org/apache/httpcomponents/httpcore/4.1.2/httpcore-4.1.2.jar:/home/user/.m2/repository/com/jamesmurty/utils/java-xmlbuilder/0.4/java-xmlbuilder-0.4.jar:/home/user/.m2/repository/commons-lang/commons-lang/2.6/commons-lang-2.6.jar:/home/user/.m2/repository/commons-configuration/commons-configuration/1.6/commons-configuration-1.6.jar:/home/user/.m2/repository/commons-digester/commons-digester/1.8/commons-digester-1.8.jar:/home/user/.m2/repository/commons-beanutils/commons-beanutils/1.7.0/commons-beanutils-1.7.0.jar:/home/user/.m2/repository/commons-beanutils/commons-beanutils-core/1.8.0/commons-beanutils-core-1.8.0.jar:/home/user/.m2/repository/org/codehaus/jackson/jackson-core-asl/1.9.13/jackson-core-asl-1.9.13.jar:/home/user/.m2/repository/org/codehaus/jackson/jackson-mapper-asl/1.9.13/jackson-mapper-asl-1.9.13.jar:/home/user/.m2/repository/org/apache/avro/avro/1.7.4/avro-1.7.4.jar:/home/user/.m2/repository/com/thoughtworks/paranamer/paranamer/2.3/paranamer-2.3.jar:/home/user/.m2/repository/org/xerial/snappy/snappy-java/1.0.4.1/snappy-java-1.0.4.1.jar:/home/user/.m2/repository/com/google/protobuf/protobuf-java/2.5.0/protobuf-java-2.5.0.jar:/home/user/.m2/repository/com/google/code/gson/gson/2.2.4/gson-2.2.4.jar:/home/user/.m2/repository/org/apache/hadoop/hadoop-auth/2.6.0/hadoop-auth-2.6.0.jar:/home/user/.m2/repository/org/apache/directory/server/apacheds-kerberos-codec/2.0.0-M15/apacheds-kerberos-codec-2.0.0-M15.jar:/home/user/.m2/repository/org/apache/directory/server/apacheds-i18n/2.0.0-M15/apacheds-i18n-2.0.0-M15.jar:/home/user/.m2/repository/org/apache/directory/api/api-asn1-api/1.0.0-M20/api-asn1-api-1.0.0-M20.jar:/home/user/.m2/repository/org/apache/directory/api/api-util/1.0.0-M20/api-util-1.0.0-M20.jar:/home/user/.m2/repository/org/apache/curator/curator-framework/2.6.0/curator-framework-2.6.0.jar:/home/user/.m2/repository/com/jcraft/jsch/0.1.42/jsch-0.1.42.jar:/home/user/.m2/repository/org/apache/curator/curator-client/2.6.0/curator-client-2.6.0.jar:/home/user/.m2/repository/org/apache/curator/curator-recipes/2.6.0/curator-recipes-2.6.0.jar:/home/user/.m2/repository/com/google/code/findbugs/jsr305/1.3.9/jsr305-1.3.9.jar:/home/user/.m2/repository/org/htrace/htrace-core/3.0.4/htrace-core-3.0.4.jar:/home/user/.m2/repository/org/apache/zookeeper/zookeeper/3.4.6/zookeeper-3.4.6.jar:/home/user/.m2/repository/io/netty/netty/3.7.0.Final/netty-3.7.0.Final.jar:/home/user/.m2/repository/org/apache/commons/commons-compress/1.4.1/commons-compress-1.4.1.jar:/home/user/.m2/repository/org/tukaani/xz/1.0/xz-1.0.jar:/home/user/.m2/repository/io/dropwizard/metrics/metrics-jvm/3.2.5/metrics-jvm-3.2.5.jar:/home/user/.m2/repository/io/dropwizard/metrics/metrics-ganglia/3.2.5/metrics-ganglia-3.2.5.jar:/home/user/.m2/repository/info/ganglia/gmetric4j/gmetric4j/1.0.7/gmetric4j-1.0.7.jar:/workdir/ratis-server/target/test-classes:/workdir/ratis-netty/target/classes:/workdir/ratis-netty/target/test-classes:/workdir/ratis-grpc/target/classes:/workdir/ratis-grpc/target/test-classes:/home/user/.m2/repository/org/slf4j/slf4j-api/1.7.10/slf4j-api-1.7.10.jar:/home/user/.m2/repository/junit/junit/4.12/junit-4.12.jar:/home/user/.m2/repository/org/hamcrest/hamcrest-core/1.3/hamcrest-core-1.3.jar:/home/user/.m2/repository/org/mockito/mockito-all/1.8.5/mockito-all-1.8.5.jar:"/>
    <property name="java.vm.vendor" value="IcedTea"/>
    <property name="sun.arch.data.model" value="64"/>
    <property name="java.vendor.url" value="https://icedtea.classpath.org"/>
    <property name="user.timezone" value=""/>
    <property name="java.vm.specification.version" value="1.8"/>
    <property name="os.name" value="Linux"/>
    <property name="user.country" value="US"/>
    <property name="sun.java.launcher" value="SUN_STANDARD"/>
    <property name="sun.boot.library.path" value="/usr/lib/jvm/java-1.8-openjdk/jre/lib/amd64"/>
    <property name="sun.java.command" value="/workdir/ratis-test/target/surefire/surefirebooter3439493831567884056.jar /workdir/ratis-test/target/surefire 2019-09-24T16-02-41_483-jvmRun1 surefire6451242809222456904tmp surefire_83679653791409047878tmp"/>
    <property name="surefire.test.class.path" value="/workdir/ratis-test/target/test-classes:/workdir/ratis-test/target/classes:/workdir/ratis-common/target/classes:/home/user/.m2/repository/org/apache/ratis/ratis-thirdparty-misc/0.2.0/ratis-thirdparty-misc-0.2.0.jar:/workdir/ratis-proto/target/ratis-proto-0.5.0-SNAPSHOT.jar:/home/user/.m2/repository/org/slf4j/slf4j-log4j12/1.7.10/slf4j-log4j12-1.7.10.jar:/home/user/.m2/repository/log4j/log4j/1.2.17/log4j-1.2.17.jar:/workdir/ratis-common/target/test-classes:/workdir/ratis-client/target/classes:/workdir/ratis-server/target/classes:/workdir/ratis-metrics/target/classes:/home/user/.m2/repository/io/dropwizard/metrics/metrics-core/3.2.5/metrics-core-3.2.5.jar:/home/user/.m2/repository/com/github/joshelser/dropwizard-metrics-hadoop-metrics2-reporter/0.1.2/dropwizard-metrics-hadoop-metrics2-reporter-0.1.2.jar:/home/user/.m2/repository/org/apache/hadoop/hadoop-common/2.6.0/hadoop-common-2.6.0.jar:/home/user/.m2/repository/org/apache/hadoop/hadoop-annotations/2.6.0/hadoop-annotations-2.6.0.jar:/usr/lib/jvm/java-1.8-openjdk/jre/../lib/tools.jar:/home/user/.m2/repository/com/google/guava/guava/11.0.2/guava-11.0.2.jar:/home/user/.m2/repository/commons-cli/commons-cli/1.2/commons-cli-1.2.jar:/home/user/.m2/repository/org/apache/commons/commons-math3/3.1.1/commons-math3-3.1.1.jar:/home/user/.m2/repository/xmlenc/xmlenc/0.52/xmlenc-0.52.jar:/home/user/.m2/repository/commons-httpclient/commons-httpclient/3.1/commons-httpclient-3.1.jar:/home/user/.m2/repository/commons-codec/commons-codec/1.4/commons-codec-1.4.jar:/home/user/.m2/repository/commons-io/commons-io/2.4/commons-io-2.4.jar:/home/user/.m2/repository/commons-net/commons-net/3.1/commons-net-3.1.jar:/home/user/.m2/repository/commons-collections/commons-collections/3.2.1/commons-collections-3.2.1.jar:/home/user/.m2/repository/javax/servlet/servlet-api/2.5/servlet-api-2.5.jar:/home/user/.m2/repository/org/mortbay/jetty/jetty/6.1.26/jetty-6.1.26.jar:/home/user/.m2/repository/org/mortbay/jetty/jetty-util/6.1.26/jetty-util-6.1.26.jar:/home/user/.m2/repository/com/sun/jersey/jersey-core/1.9/jersey-core-1.9.jar:/home/user/.m2/repository/com/sun/jersey/jersey-json/1.9/jersey-json-1.9.jar:/home/user/.m2/repository/org/codehaus/jettison/jettison/1.1/jettison-1.1.jar:/home/user/.m2/repository/com/sun/xml/bind/jaxb-impl/2.2.3-1/jaxb-impl-2.2.3-1.jar:/home/user/.m2/repository/javax/xml/bind/jaxb-api/2.2.2/jaxb-api-2.2.2.jar:/home/user/.m2/repository/javax/xml/stream/stax-api/1.0-2/stax-api-1.0-2.jar:/home/user/.m2/repository/javax/activation/activation/1.1/activation-1.1.jar:/home/user/.m2/repository/org/codehaus/jackson/jackson-jaxrs/1.8.3/jackson-jaxrs-1.8.3.jar:/home/user/.m2/repository/org/codehaus/jackson/jackson-xc/1.8.3/jackson-xc-1.8.3.jar:/home/user/.m2/repository/com/sun/jersey/jersey-server/1.9/jersey-server-1.9.jar:/home/user/.m2/repository/asm/asm/3.1/asm-3.1.jar:/home/user/.m2/repository/tomcat/jasper-compiler/5.5.23/jasper-compiler-5.5.23.jar:/home/user/.m2/repository/tomcat/jasper-runtime/5.5.23/jasper-runtime-5.5.23.jar:/home/user/.m2/repository/javax/servlet/jsp/jsp-api/2.1/jsp-api-2.1.jar:/home/user/.m2/repository/commons-el/commons-el/1.0/commons-el-1.0.jar:/home/user/.m2/repository/commons-logging/commons-logging/1.1.3/commons-logging-1.1.3.jar:/home/user/.m2/repository/net/java/dev/jets3t/jets3t/0.9.0/jets3t-0.9.0.jar:/home/user/.m2/repository/org/apache/httpcomponents/httpclient/4.1.2/httpclient-4.1.2.jar:/home/user/.m2/repository/org/apache/httpcomponents/httpcore/4.1.2/httpcore-4.1.2.jar:/home/user/.m2/repository/com/jamesmurty/utils/java-xmlbuilder/0.4/java-xmlbuilder-0.4.jar:/home/user/.m2/repository/commons-lang/commons-lang/2.6/commons-lang-2.6.jar:/home/user/.m2/repository/commons-configuration/commons-configuration/1.6/commons-configuration-1.6.jar:/home/user/.m2/repository/commons-digester/commons-digester/1.8/commons-digester-1.8.jar:/home/user/.m2/repository/commons-beanutils/commons-beanutils/1.7.0/commons-beanutils-1.7.0.jar:/home/user/.m2/repository/commons-beanutils/commons-beanutils-core/1.8.0/commons-beanutils-core-1.8.0.jar:/home/user/.m2/repository/org/codehaus/jackson/jackson-core-asl/1.9.13/jackson-core-asl-1.9.13.jar:/home/user/.m2/repository/org/codehaus/jackson/jackson-mapper-asl/1.9.13/jackson-mapper-asl-1.9.13.jar:/home/user/.m2/repository/org/apache/avro/avro/1.7.4/avro-1.7.4.jar:/home/user/.m2/repository/com/thoughtworks/paranamer/paranamer/2.3/paranamer-2.3.jar:/home/user/.m2/repository/org/xerial/snappy/snappy-java/1.0.4.1/snappy-java-1.0.4.1.jar:/home/user/.m2/repository/com/google/protobuf/protobuf-java/2.5.0/protobuf-java-2.5.0.jar:/home/user/.m2/repository/com/google/code/gson/gson/2.2.4/gson-2.2.4.jar:/home/user/.m2/repository/org/apache/hadoop/hadoop-auth/2.6.0/hadoop-auth-2.6.0.jar:/home/user/.m2/repository/org/apache/directory/server/apacheds-kerberos-codec/2.0.0-M15/apacheds-kerberos-codec-2.0.0-M15.jar:/home/user/.m2/repository/org/apache/directory/server/apacheds-i18n/2.0.0-M15/apacheds-i18n-2.0.0-M15.jar:/home/user/.m2/repository/org/apache/directory/api/api-asn1-api/1.0.0-M20/api-asn1-api-1.0.0-M20.jar:/home/user/.m2/repository/org/apache/directory/api/api-util/1.0.0-M20/api-util-1.0.0-M20.jar:/home/user/.m2/repository/org/apache/curator/curator-framework/2.6.0/curator-framework-2.6.0.jar:/home/user/.m2/repository/com/jcraft/jsch/0.1.42/jsch-0.1.42.jar:/home/user/.m2/repository/org/apache/curator/curator-client/2.6.0/curator-client-2.6.0.jar:/home/user/.m2/repository/org/apache/curator/curator-recipes/2.6.0/curator-recipes-2.6.0.jar:/home/user/.m2/repository/com/google/code/findbugs/jsr305/1.3.9/jsr305-1.3.9.jar:/home/user/.m2/repository/org/htrace/htrace-core/3.0.4/htrace-core-3.0.4.jar:/home/user/.m2/repository/org/apache/zookeeper/zookeeper/3.4.6/zookeeper-3.4.6.jar:/home/user/.m2/repository/io/netty/netty/3.7.0.Final/netty-3.7.0.Final.jar:/home/user/.m2/repository/org/apache/commons/commons-compress/1.4.1/commons-compress-1.4.1.jar:/home/user/.m2/repository/org/tukaani/xz/1.0/xz-1.0.jar:/home/user/.m2/repository/io/dropwizard/metrics/metrics-jvm/3.2.5/metrics-jvm-3.2.5.jar:/home/user/.m2/repository/io/dropwizard/metrics/metrics-ganglia/3.2.5/metrics-ganglia-3.2.5.jar:/home/user/.m2/repository/info/ganglia/gmetric4j/gmetric4j/1.0.7/gmetric4j-1.0.7.jar:/workdir/ratis-server/target/test-classes:/workdir/ratis-netty/target/classes:/workdir/ratis-netty/target/test-classes:/workdir/ratis-grpc/target/classes:/workdir/ratis-grpc/target/test-classes:/home/user/.m2/repository/org/slf4j/slf4j-api/1.7.10/slf4j-api-1.7.10.jar:/home/user/.m2/repository/junit/junit/4.12/junit-4.12.jar:/home/user/.m2/repository/org/hamcrest/hamcrest-core/1.3/hamcrest-core-1.3.jar:/home/user/.m2/repository/org/mockito/mockito-all/1.8.5/mockito-all-1.8.5.jar:"/>
    <property name="sun.cpu.endian" value="little"/>
    <property name="user.home" value="/home/user"/>
    <property name="user.language" value="en"/>
    <property name="java.specification.vendor" value="Oracle Corporation"/>
    <property name="java.home" value="/usr/lib/jvm/java-1.8-openjdk/jre"/>
    <property name="basedir" value="/workdir/ratis-test"/>
    <property name="file.separator" value="/"/>
    <property name="line.separator" value="&#10;"/>
    <property name="java.vm.specification.vendor" value="Oracle Corporation"/>
    <property name="java.specification.name" value="Java Platform API Specification"/>
    <property name="java.awt.graphicsenv" value="sun.awt.X11GraphicsEnvironment"/>
    <property name="surefire.real.class.path" value="/workdir/ratis-test/target/surefire/surefirebooter3439493831567884056.jar"/>
    <property name="sun.boot.class.path" value="/usr/lib/jvm/java-1.8-openjdk/jre/lib/resources.jar:/usr/lib/jvm/java-1.8-openjdk/jre/lib/rt.jar:/usr/lib/jvm/java-1.8-openjdk/jre/lib/sunrsasign.jar:/usr/lib/jvm/java-1.8-openjdk/jre/lib/jsse.jar:/usr/lib/jvm/java-1.8-openjdk/jre/lib/jce.jar:/usr/lib/jvm/java-1.8-openjdk/jre/lib/charsets.jar:/usr/lib/jvm/java-1.8-openjdk/jre/lib/jfr.jar:/usr/lib/jvm/java-1.8-openjdk/jre/classes"/>
    <property name="sun.management.compiler" value="HotSpot 64-Bit Tiered Compilers"/>
    <property name="java.runtime.version" value="1.8.0_212-b04"/>
    <property name="java.net.preferIPv4Stack" value="true"/>
    <property name="user.name" value="jenkins1000"/>
    <property name="path.separator" value=":"/>
    <property name="os.version" value="3.10.0-957.12.2.el7.x86_64"/>
    <property name="java.endorsed.dirs" value="/usr/lib/jvm/java-1.8-openjdk/jre/lib/endorsed"/>
    <property name="java.runtime.name" value="OpenJDK Runtime Environment"/>
    <property name="file.encoding" value="UTF-8"/>
    <property name="java.vm.name" value="OpenJDK 64-Bit Server VM"/>
    <property name="localRepository" value="/home/user/.m2/repository"/>
    <property name="java.vendor.url.bug" value="https://icedtea.classpath.org/bugzilla"/>
    <property name="java.io.tmpdir" value="/tmp"/>
    <property name="java.version" value="1.8.0_212"/>
    <property name="user.dir" value="/workdir/ratis-test"/>
    <property name="os.arch" value="amd64"/>
    <property name="ratis.tmp.dir" value="/workdir/ratis-test/target/tmp"/>
    <property name="java.vm.specification.name" value="Java Virtual Machine Specification"/>
    <property name="java.awt.printerjob" value="sun.print.PSPrinterJob"/>
    <property name="ratis.log.dir" value="/workdir/ratis-test/target/log"/>
    <property name="sun.os.patch.level" value="unknown"/>
    <property name="java.library.path" value="/usr/lib/jvm/java-1.8-openjdk/jre/lib/amd64/server:/usr/lib/jvm/java-1.8-openjdk/jre/lib/amd64:/usr/lib/jvm/java-1.8-openjdk/jre/../lib/amd64:/usr/java/packages/lib/amd64:/usr/lib64:/lib64:/lib:/usr/lib"/>
    <property name="java.vm.info" value="mixed mode"/>
    <property name="java.vendor" value="IcedTea"/>
    <property name="java.vm.version" value="25.212-b04"/>
    <property name="java.ext.dirs" value="/usr/lib/jvm/java-1.8-openjdk/jre/lib/ext:/usr/java/packages/lib/ext"/>
    <property name="sun.io.unicode.encoding" value="UnicodeLittle"/>
    <property name="java.class.version" value="52.0"/>
  </properties>
  <testcase name="testEnforceLeader" classname="org.apache.ratis.grpc.TestLeaderElectionWithGrpc" time="14.756"/>
  <testcase name="testLateServerStart" classname="org.apache.ratis.grpc.TestLeaderElectionWithGrpc" time="4.559"/>
  <testcase name="testBasicLeaderElection" classname="org.apache.ratis.grpc.TestLeaderElectionWithGrpc" time="22.937"/>
  <testcase name="testChangeLeader" classname="org.apache.ratis.grpc.TestLeaderElectionWithGrpc" time="35.91">
    <error message="Failed to change leader: newLeader == oldLeader == s0" type="java.lang.IllegalStateException">java.lang.IllegalStateException: Failed to change leader: newLeader == oldLeader == s0
</error>
    <system-out><![CDATA[2019-09-24 16:05:40,760 INFO  util.LogUtils (LogUtils.java:setLogLevel(41)) - Set org.apache.ratis.conf.ConfUtils log level to WARN
2019-09-24 16:05:40,760 INFO  util.LogUtils (LogUtils.java:setLogLevel(41)) - Set org.apache.ratis.util.FileUtils log level to TRACE
2019-09-24 16:05:40,760 INFO  util.LogUtils (LogUtils.java:setLogLevel(41)) - Set org.apache.ratis.server.impl.RaftServerImpl log level to DEBUG
2019-09-24 16:05:40,760 INFO  util.LogUtils (LogUtils.java:setLogLevel(41)) - Set org.apache.ratis.client.RaftClient log level to DEBUG
2019-09-24 16:05:40,763 INFO  util.LogUtils (LogUtils.java:setLogLevel(41)) - Set org.apache.ratis.server.raftlog.segmented.SegmentedRaftLogWorker log level to TRACE
2019-09-24 16:05:40,763 INFO  grpc.TestLeaderElectionWithGrpc (LeaderElectionTests.java:testChangeLeader(75)) - Running testChangeLeader
2019-09-24 16:05:40,764 INFO  ratis.MiniRaftCluster (MiniRaftCluster.java:<init>(253)) - new MiniRaftClusterWithGrpc with group-DDA61F3D2864:[s0:0.0.0.0:39545, s1:0.0.0.0:39945, s2:0.0.0.0:33605]
2019-09-24 16:05:40,764 INFO  ratis.MiniRaftCluster (MiniRaftCluster.java:start(287)) - .............................................................. 
2019-09-24 16:05:40,765 INFO  ratis.MiniRaftCluster (MiniRaftCluster.java:start(288)) - ... 
2019-09-24 16:05:40,765 INFO  ratis.MiniRaftCluster (MiniRaftCluster.java:start(289)) - ...     Starting MiniRaftClusterWithGrpc
2019-09-24 16:05:40,765 INFO  ratis.MiniRaftCluster (MiniRaftCluster.java:start(290)) - ... 
2019-09-24 16:05:40,765 INFO  ratis.MiniRaftCluster (MiniRaftCluster.java:start(291)) - .............................................................. 
2019-09-24 16:05:40,765 INFO  ratis.MiniRaftCluster (MiniRaftCluster.java:initServers(265)) - servers = {}
2019-09-24 16:05:40,765 INFO  ratis.MiniRaftCluster (MiniRaftCluster.java:newRaftServer(330)) - newRaftServer: s0, group-DDA61F3D2864:[s0:0.0.0.0:39545, s1:0.0.0.0:39945, s2:0.0.0.0:33605], format? true
2019-09-24 16:05:40,766 TRACE util.FileUtils (FileUtils.java:deleteFully(88)) - deleteFully target/test/data/5d072dae/MiniRaftClusterWithGrpc6d1829e8/s0
2019-09-24 16:05:40,766 TRACE util.FileUtils (FileUtils.java:deleteFully(104)) - deleteFully: target/test/data/5d072dae/MiniRaftClusterWithGrpc6d1829e8/s0 does not exist.
2019-09-24 16:05:40,767 INFO  ratis.MiniRaftCluster (MiniRaftCluster.java:newRaftServer(335)) - Formatted directory target/test/data/5d072dae/MiniRaftClusterWithGrpc6d1829e8/s0
2019-09-24 16:05:40,767 INFO  impl.RaftServerProxy (ConfUtils.java:logGet(43)) - raft.rpc.type = GRPC (default)
2019-09-24 16:05:40,768 INFO  grpc.GrpcFactory (GrpcFactory.java:checkPooledByteBufAllocatorUseCacheForAllThreads(45)) - PERFORMANCE WARNING: useCacheForAllThreads is true that may cause Netty to create a lot garbage objects and, as a result, trigger GC.
	It is recommended to disable useCacheForAllThreads by setting -Dorg.apache.ratis.thirdparty.io.netty.allocator.useCacheForAllThreads=false in command line.
2019-09-24 16:05:40,768 INFO  grpc.GrpcConfigKeys$Server (ConfUtils.java:logGet(43)) - raft.grpc.server.port = 39545 (custom)
2019-09-24 16:05:40,769 INFO  server.GrpcService (ConfUtils.java:logGet(43)) - raft.grpc.message.size.max = 64MB (=67108864) (default)
2019-09-24 16:05:40,769 INFO  server.RaftServerConfigKeys (ConfUtils.java:logGet(43)) - raft.server.log.appender.buffer.byte-limit = 4MB (=4194304) (default)
2019-09-24 16:05:40,769 INFO  server.GrpcService (ConfUtils.java:logGet(43)) - raft.grpc.flow.control.window = 1MB (=1048576) (default)
2019-09-24 16:05:40,770 INFO  server.RaftServerConfigKeys (ConfUtils.java:logGet(43)) - raft.server.rpc.request.timeout = 3000ms (default)
2019-09-24 16:05:40,771 INFO  server.RaftServerConfigKeys (ConfUtils.java:logGet(43)) - raft.server.storage.dir = [/workdir/ratis-test/target/test/data/5d072dae/MiniRaftClusterWithGrpc6d1829e8/s0] (custom)
2019-09-24 16:05:40,772 INFO  impl.RaftServerProxy (RaftServerProxy.java:addNew(89)) - s0: addNew group-DDA61F3D2864:[s0:0.0.0.0:39545, s1:0.0.0.0:39945, s2:0.0.0.0:33605] returns group-DDA61F3D2864:java.util.concurrent.CompletableFuture@52e14522[Not completed]
2019-09-24 16:05:40,773 INFO  impl.RaftServerImpl (RaftServerImpl.java:<init>(95)) - s0: new RaftServerImpl for group-DDA61F3D2864:[s0:0.0.0.0:39545, s1:0.0.0.0:39945, s2:0.0.0.0:33605] with BaseStateMachine:uninitialized
2019-09-24 16:05:40,773 INFO  ratis.MiniRaftCluster (MiniRaftCluster.java:newRaftServer(330)) - newRaftServer: s1, group-DDA61F3D2864:[s0:0.0.0.0:39545, s1:0.0.0.0:39945, s2:0.0.0.0:33605], format? true
2019-09-24 16:05:40,774 INFO  server.RaftServerConfigKeys (ConfUtils.java:logGet(43)) - raft.server.rpc.timeout.min = 150ms (default)
2019-09-24 16:05:40,774 TRACE util.FileUtils (FileUtils.java:deleteFully(88)) - deleteFully target/test/data/5d072dae/MiniRaftClusterWithGrpc6d1829e8/s1
2019-09-24 16:05:40,774 INFO  server.RaftServerConfigKeys (ConfUtils.java:logGet(43)) - raft.server.rpc.timeout.max = 300ms (default)
2019-09-24 16:05:40,774 TRACE util.FileUtils (FileUtils.java:deleteFully(104)) - deleteFully: target/test/data/5d072dae/MiniRaftClusterWithGrpc6d1829e8/s1 does not exist.
2019-09-24 16:05:40,774 INFO  server.RaftServerConfigKeys (ConfUtils.java:logGet(43)) - raft.server.rpcslowness.timeout = 60s (default)
2019-09-24 16:05:40,774 INFO  ratis.MiniRaftCluster (MiniRaftCluster.java:newRaftServer(335)) - Formatted directory target/test/data/5d072dae/MiniRaftClusterWithGrpc6d1829e8/s1
2019-09-24 16:05:40,775 INFO  server.RaftServerConfigKeys (ConfUtils.java:logGet(43)) - raft.server.sleep.deviation.threshold = 300 (default)
2019-09-24 16:05:40,775 INFO  server.RaftServerConfigKeys (ConfUtils.java:logGet(43)) - raft.server.log.appender.install.snapshot.enabled = true (default)
2019-09-24 16:05:40,775 INFO  impl.RaftServerProxy (ConfUtils.java:logGet(43)) - raft.rpc.type = GRPC (default)
2019-09-24 16:05:40,775 INFO  impl.RaftServerImpl (ServerState.java:<init>(103)) - s0@group-DDA61F3D2864: ConfigurationManager, init=-1: [s0:0.0.0.0:39545, s1:0.0.0.0:39945, s2:0.0.0.0:33605], old=null, confs=<EMPTY_MAP>
2019-09-24 16:05:40,776 INFO  grpc.GrpcFactory (GrpcFactory.java:checkPooledByteBufAllocatorUseCacheForAllThreads(45)) - PERFORMANCE WARNING: useCacheForAllThreads is true that may cause Netty to create a lot garbage objects and, as a result, trigger GC.
	It is recommended to disable useCacheForAllThreads by setting -Dorg.apache.ratis.thirdparty.io.netty.allocator.useCacheForAllThreads=false in command line.
2019-09-24 16:05:40,776 INFO  server.RaftServerConfigKeys (ConfUtils.java:logGet(43)) - raft.server.storage.dir = [/workdir/ratis-test/target/test/data/5d072dae/MiniRaftClusterWithGrpc6d1829e8/s0] (custom)
2019-09-24 16:05:40,776 INFO  grpc.GrpcConfigKeys$Server (ConfUtils.java:logGet(43)) - raft.grpc.server.port = 39945 (custom)
2019-09-24 16:05:40,776 INFO  server.RaftServerConfigKeys (ConfUtils.java:logGet(43)) - raft.server.log.corruption.policy = EXCEPTION (default)
2019-09-24 16:05:40,777 INFO  server.GrpcService (ConfUtils.java:logGet(43)) - raft.grpc.message.size.max = 64MB (=67108864) (default)
2019-09-24 16:05:40,777 INFO  storage.RaftStorageDirectory (RaftStorageDirectory.java:analyzeStorage(246)) - The storage directory /workdir/ratis-test/target/test/data/5d072dae/MiniRaftClusterWithGrpc6d1829e8/s0/43243cff-a026-4d00-9327-dda61f3d2864 does not exist. Creating ...
2019-09-24 16:05:40,777 INFO  server.RaftServerConfigKeys (ConfUtils.java:logGet(43)) - raft.server.log.appender.buffer.byte-limit = 4MB (=4194304) (default)
2019-09-24 16:05:40,777 INFO  server.GrpcService (ConfUtils.java:logGet(43)) - raft.grpc.flow.control.window = 1MB (=1048576) (default)
2019-09-24 16:05:40,778 TRACE util.FileUtils (LogUtils.java:runAndLog(61)) - Successfully ran Files.createDirectories /workdir/ratis-test/target/test/data/5d072dae/MiniRaftClusterWithGrpc6d1829e8/s0/43243cff-a026-4d00-9327-dda61f3d2864
2019-09-24 16:05:40,778 INFO  server.RaftServerConfigKeys (ConfUtils.java:logGet(43)) - raft.server.rpc.request.timeout = 3000ms (default)
2019-09-24 16:05:40,779 INFO  server.RaftServerConfigKeys (ConfUtils.java:logGet(43)) - raft.server.storage.dir = [/workdir/ratis-test/target/test/data/5d072dae/MiniRaftClusterWithGrpc6d1829e8/s1] (custom)
2019-09-24 16:05:40,780 INFO  impl.RaftServerProxy (RaftServerProxy.java:addNew(89)) - s1: addNew group-DDA61F3D2864:[s0:0.0.0.0:39545, s1:0.0.0.0:39945, s2:0.0.0.0:33605] returns group-DDA61F3D2864:java.util.concurrent.CompletableFuture@6a5e3a51[Not completed]
2019-09-24 16:05:40,780 INFO  impl.RaftServerImpl (RaftServerImpl.java:<init>(95)) - s1: new RaftServerImpl for group-DDA61F3D2864:[s0:0.0.0.0:39545, s1:0.0.0.0:39945, s2:0.0.0.0:33605] with BaseStateMachine:uninitialized
2019-09-24 16:05:40,780 INFO  ratis.MiniRaftCluster (MiniRaftCluster.java:newRaftServer(330)) - newRaftServer: s2, group-DDA61F3D2864:[s0:0.0.0.0:39545, s1:0.0.0.0:39945, s2:0.0.0.0:33605], format? true
2019-09-24 16:05:40,781 INFO  server.RaftServerConfigKeys (ConfUtils.java:logGet(43)) - raft.server.rpc.timeout.min = 150ms (default)
2019-09-24 16:05:40,781 TRACE util.FileUtils (FileUtils.java:deleteFully(88)) - deleteFully target/test/data/5d072dae/MiniRaftClusterWithGrpc6d1829e8/s2
2019-09-24 16:05:40,782 INFO  server.RaftServerConfigKeys (ConfUtils.java:logGet(43)) - raft.server.rpc.timeout.max = 300ms (default)
2019-09-24 16:05:40,782 INFO  server.RaftServerConfigKeys (ConfUtils.java:logGet(43)) - raft.server.rpcslowness.timeout = 60s (default)
2019-09-24 16:05:40,782 TRACE util.FileUtils (FileUtils.java:deleteFully(104)) - deleteFully: target/test/data/5d072dae/MiniRaftClusterWithGrpc6d1829e8/s2 does not exist.
2019-09-24 16:05:40,782 INFO  server.RaftServerConfigKeys (ConfUtils.java:logGet(43)) - raft.server.sleep.deviation.threshold = 300 (default)
2019-09-24 16:05:40,782 INFO  ratis.MiniRaftCluster (MiniRaftCluster.java:newRaftServer(335)) - Formatted directory target/test/data/5d072dae/MiniRaftClusterWithGrpc6d1829e8/s2
2019-09-24 16:05:40,782 INFO  server.RaftServerConfigKeys (ConfUtils.java:logGet(43)) - raft.server.log.appender.install.snapshot.enabled = true (default)
2019-09-24 16:05:40,783 INFO  impl.RaftServerImpl (ServerState.java:<init>(103)) - s1@group-DDA61F3D2864: ConfigurationManager, init=-1: [s0:0.0.0.0:39545, s1:0.0.0.0:39945, s2:0.0.0.0:33605], old=null, confs=<EMPTY_MAP>
2019-09-24 16:05:40,783 INFO  impl.RaftServerProxy (ConfUtils.java:logGet(43)) - raft.rpc.type = GRPC (default)
2019-09-24 16:05:40,783 INFO  server.RaftServerConfigKeys (ConfUtils.java:logGet(43)) - raft.server.storage.dir = [/workdir/ratis-test/target/test/data/5d072dae/MiniRaftClusterWithGrpc6d1829e8/s1] (custom)
2019-09-24 16:05:40,784 INFO  server.RaftServerConfigKeys (ConfUtils.java:logGet(43)) - raft.server.log.corruption.policy = EXCEPTION (default)
2019-09-24 16:05:40,784 INFO  storage.RaftStorageDirectory (RaftStorageDirectory.java:analyzeStorage(246)) - The storage directory /workdir/ratis-test/target/test/data/5d072dae/MiniRaftClusterWithGrpc6d1829e8/s1/43243cff-a026-4d00-9327-dda61f3d2864 does not exist. Creating ...
2019-09-24 16:05:40,784 INFO  grpc.GrpcFactory (GrpcFactory.java:checkPooledByteBufAllocatorUseCacheForAllThreads(45)) - PERFORMANCE WARNING: useCacheForAllThreads is true that may cause Netty to create a lot garbage objects and, as a result, trigger GC.
	It is recommended to disable useCacheForAllThreads by setting -Dorg.apache.ratis.thirdparty.io.netty.allocator.useCacheForAllThreads=false in command line.
2019-09-24 16:05:40,784 TRACE util.FileUtils (LogUtils.java:runAndLog(61)) - Successfully ran Files.createDirectories /workdir/ratis-test/target/test/data/5d072dae/MiniRaftClusterWithGrpc6d1829e8/s1/43243cff-a026-4d00-9327-dda61f3d2864
2019-09-24 16:05:40,785 INFO  grpc.GrpcConfigKeys$Server (ConfUtils.java:logGet(43)) - raft.grpc.server.port = 33605 (custom)
2019-09-24 16:05:40,785 INFO  server.GrpcService (ConfUtils.java:logGet(43)) - raft.grpc.message.size.max = 64MB (=67108864) (default)
2019-09-24 16:05:40,786 INFO  server.RaftServerConfigKeys (ConfUtils.java:logGet(43)) - raft.server.log.appender.buffer.byte-limit = 4MB (=4194304) (default)
2019-09-24 16:05:40,786 INFO  server.GrpcService (ConfUtils.java:logGet(43)) - raft.grpc.flow.control.window = 1MB (=1048576) (default)
2019-09-24 16:05:40,787 INFO  server.RaftServerConfigKeys (ConfUtils.java:logGet(43)) - raft.server.rpc.request.timeout = 3000ms (default)
2019-09-24 16:05:40,787 INFO  server.RaftServerConfigKeys (ConfUtils.java:logGet(43)) - raft.server.storage.dir = [/workdir/ratis-test/target/test/data/5d072dae/MiniRaftClusterWithGrpc6d1829e8/s2] (custom)
2019-09-24 16:05:40,788 INFO  impl.RaftServerProxy (RaftServerProxy.java:addNew(89)) - s2: addNew group-DDA61F3D2864:[s0:0.0.0.0:39545, s1:0.0.0.0:39945, s2:0.0.0.0:33605] returns group-DDA61F3D2864:java.util.concurrent.CompletableFuture@715ab58e[Not completed]
2019-09-24 16:05:40,788 INFO  impl.RaftServerImpl (RaftServerImpl.java:<init>(95)) - s2: new RaftServerImpl for group-DDA61F3D2864:[s0:0.0.0.0:39545, s1:0.0.0.0:39945, s2:0.0.0.0:33605] with BaseStateMachine:uninitialized
2019-09-24 16:05:40,789 INFO  server.RaftServerConfigKeys (ConfUtils.java:logGet(43)) - raft.server.rpc.timeout.min = 150ms (default)
2019-09-24 16:05:40,789 INFO  server.RaftServerConfigKeys (ConfUtils.java:logGet(43)) - raft.server.rpc.timeout.max = 300ms (default)
2019-09-24 16:05:40,789 INFO  server.RaftServerConfigKeys (ConfUtils.java:logGet(43)) - raft.server.rpcslowness.timeout = 60s (default)
2019-09-24 16:05:40,790 INFO  server.RaftServerConfigKeys (ConfUtils.java:logGet(43)) - raft.server.sleep.deviation.threshold = 300 (default)
2019-09-24 16:05:40,790 INFO  server.RaftServerConfigKeys (ConfUtils.java:logGet(43)) - raft.server.log.appender.install.snapshot.enabled = true (default)
2019-09-24 16:05:40,790 INFO  impl.RaftServerImpl (ServerState.java:<init>(103)) - s2@group-DDA61F3D2864: ConfigurationManager, init=-1: [s0:0.0.0.0:39545, s1:0.0.0.0:39945, s2:0.0.0.0:33605], old=null, confs=<EMPTY_MAP>
2019-09-24 16:05:40,790 INFO  server.RaftServerConfigKeys (ConfUtils.java:logGet(43)) - raft.server.storage.dir = [/workdir/ratis-test/target/test/data/5d072dae/MiniRaftClusterWithGrpc6d1829e8/s2] (custom)
2019-09-24 16:05:40,790 INFO  server.RaftServerConfigKeys (ConfUtils.java:logGet(43)) - raft.server.log.corruption.policy = EXCEPTION (default)
2019-09-24 16:05:40,791 INFO  storage.RaftStorageDirectory (RaftStorageDirectory.java:analyzeStorage(246)) - The storage directory /workdir/ratis-test/target/test/data/5d072dae/MiniRaftClusterWithGrpc6d1829e8/s2/43243cff-a026-4d00-9327-dda61f3d2864 does not exist. Creating ...
2019-09-24 16:05:40,791 TRACE util.FileUtils (LogUtils.java:runAndLog(61)) - Successfully ran Files.createDirectories /workdir/ratis-test/target/test/data/5d072dae/MiniRaftClusterWithGrpc6d1829e8/s2/43243cff-a026-4d00-9327-dda61f3d2864
2019-09-24 16:05:45,197 INFO  impl.LeaderElection (LeaderElection.java:askForVotes(178)) - s1@group-ABC6D0103594-LeaderElection30: begin an election at term 17 for 2: [s3:0.0.0.0:44096, s4:0.0.0.0:33906, s0:0.0.0.0:40912, s1:0.0.0.0:43366, s2:0.0.0.0:38512], old=null
2019-09-24 16:05:45,197 DEBUG impl.RaftServerImpl (RaftServerImpl.java:requestVote(775)) - s0@group-ABC6D0103594 replies to vote request: s1<-s0#0:OK-t16. Peer's state: s0@group-ABC6D0103594:t16, leader=null, voted=s1, raftlog=s0@group-ABC6D0103594-SegmentedRaftLog:CLOSED:c-1, conf=2: [s3:0.0.0.0:44096, s4:0.0.0.0:33906, s0:0.0.0.0:40912, s1:0.0.0.0:43366, s2:0.0.0.0:38512], old=null
2019-09-24 16:05:45,198 INFO  impl.FollowerState (FollowerState.java:run(108)) - s0@group-ABC6D0103594-FollowerState: change to CANDIDATE, lastRpcTime:5122ms, electionTimeout:163ms
2019-09-24 16:05:45,198 INFO  impl.LeaderElection (LeaderElection.java:run(137)) - s1@group-ABC6D0103594-LeaderElection30: IllegalArgumentException is safely ignored since this is already CLOSING
java.lang.IllegalArgumentException: s1@group-ABC6D0103594-SegmentedRaftLog is expected to be opened but it is CLOSED
	at org.apache.ratis.util.OpenCloseState.assertOpen(OpenCloseState.java:63)
	at org.apache.ratis.server.raftlog.RaftLog.checkLogState(RaftLog.java:102)
	at org.apache.ratis.server.raftlog.segmented.SegmentedRaftLog.getLastEntryTermIndex(SegmentedRaftLog.java:324)
	at org.apache.ratis.server.impl.LeaderElection.askForVotes(LeaderElection.java:180)
	at org.apache.ratis.server.impl.LeaderElection.run(LeaderElection.java:133)
	at java.lang.Thread.run(Thread.java:748)
Caused by: org.apache.ratis.util.OpenCloseState$CloseTrace: Close s1@group-ABC6D0103594-SegmentedRaftLog
	at org.apache.ratis.util.OpenCloseState.lambda$close$1(OpenCloseState.java:109)
	at java.util.concurrent.atomic.AtomicReference.getAndUpdate(AtomicReference.java:160)
	at org.apache.ratis.util.OpenCloseState.close(OpenCloseState.java:109)
	at org.apache.ratis.server.raftlog.RaftLog.close(RaftLog.java:437)
	at org.apache.ratis.server.raftlog.segmented.SegmentedRaftLog.close(SegmentedRaftLog.java:476)
	at org.apache.ratis.server.impl.ServerState.close(ServerState.java:388)
	at org.apache.ratis.server.impl.RaftServerImpl.lambda$shutdown$3(RaftServerImpl.java:269)
	at org.apache.ratis.util.LifeCycle.lambda$checkStateAndClose$2(LifeCycle.java:231)
	at org.apache.ratis.util.LifeCycle.checkStateAndClose(LifeCycle.java:251)
	at org.apache.ratis.util.LifeCycle.checkStateAndClose(LifeCycle.java:229)
	at org.apache.ratis.server.impl.RaftServerImpl.shutdown(RaftServerImpl.java:246)
	at org.apache.ratis.server.impl.RaftServerProxy$ImplMap.lambda$close$0(RaftServerProxy.java:107)
	at java.util.stream.ForEachOps$ForEachOp$OfRef.accept(ForEachOps.java:184)
	at java.util.stream.ReferencePipeline$3$1.accept(ReferencePipeline.java:193)
	at java.util.concurrent.ConcurrentHashMap$ValueSpliterator.forEachRemaining(ConcurrentHashMap.java:3566)
	at java.util.stream.AbstractPipeline.copyInto(AbstractPipeline.java:482)
	at java.util.stream.ForEachOps$ForEachTask.compute(ForEachOps.java:291)
	at java.util.concurrent.CountedCompleter.exec(CountedCompleter.java:731)
	at java.util.concurrent.ForkJoinTask.doExec(ForkJoinTask.java:289)
	at java.util.concurrent.ForkJoinTask.doInvoke(ForkJoinTask.java:401)
	at java.util.concurrent.ForkJoinTask.invoke(ForkJoinTask.java:734)
	at java.util.stream.ForEachOps$ForEachOp.evaluateParallel(ForEachOps.java:160)
	at java.util.stream.ForEachOps$ForEachOp$OfRef.evaluateParallel(ForEachOps.java:174)
	at java.util.stream.AbstractPipeline.evaluate(AbstractPipeline.java:233)
	at java.util.stream.ReferencePipeline.forEach(ReferencePipeline.java:418)
	at org.apache.ratis.server.impl.RaftServerProxy$ImplMap.close(RaftServerProxy.java:107)
	at org.apache.ratis.server.impl.RaftServerProxy.lambda$close$4(RaftServerProxy.java:315)
	at org.apache.ratis.util.LifeCycle.lambda$checkStateAndClose$2(LifeCycle.java:231)
	at org.apache.ratis.util.LifeCycle.checkStateAndClose(LifeCycle.java:251)
	at org.apache.ratis.util.LifeCycle.checkStateAndClose(LifeCycle.java:229)
	at org.apache.ratis.server.impl.RaftServerProxy.close(RaftServerProxy.java:313)
	at java.util.concurrent.Executors$RunnableAdapter.call(Executors.java:511)
	at java.util.concurrent.FutureTask.run(FutureTask.java:266)
	at java.util.concurrent.ThreadPoolExecutor.runWorker(ThreadPoolExecutor.java:1149)
	at java.util.concurrent.ThreadPoolExecutor$Worker.run(ThreadPoolExecutor.java:624)
	... 1 more
2019-09-24 16:05:45,198 INFO  impl.RaftServerImpl (RaftServerImpl.java:setRole(170)) - s0@group-ABC6D0103594: changes role from  FOLLOWER to CANDIDATE at term 16 for changeToCandidate
2019-09-24 16:05:45,200 INFO  impl.RoleInfo (RoleInfo.java:updateAndGet(143)) - s0: start LeaderElection
2019-09-24 16:05:50,349 INFO  storage.RaftStorageDirectory (RaftStorageDirectory.java:tryLock(328)) - Lock on /workdir/ratis-test/target/test/data/5d072dae/MiniRaftClusterWithGrpc6d1829e8/s1/43243cff-a026-4d00-9327-dda61f3d2864/in_use.lock acquired by nodename 4178@ratis-test-vphbd-3564017154
2019-09-24 16:05:50,349 INFO  storage.RaftStorageDirectory (RaftStorageDirectory.java:tryLock(328)) - Lock on /workdir/ratis-test/target/test/data/5d072dae/MiniRaftClusterWithGrpc6d1829e8/s0/43243cff-a026-4d00-9327-dda61f3d2864/in_use.lock acquired by nodename 4178@ratis-test-vphbd-3564017154
2019-09-24 16:05:50,349 INFO  storage.RaftStorageDirectory (RaftStorageDirectory.java:tryLock(328)) - Lock on /workdir/ratis-test/target/test/data/5d072dae/MiniRaftClusterWithGrpc6d1829e8/s2/43243cff-a026-4d00-9327-dda61f3d2864/in_use.lock acquired by nodename 4178@ratis-test-vphbd-3564017154
2019-09-24 16:05:50,350 TRACE util.FileUtils (LogUtils.java:runAndLog(61)) - Successfully ran Files.createDirectories /workdir/ratis-test/target/test/data/5d072dae/MiniRaftClusterWithGrpc6d1829e8/s1/43243cff-a026-4d00-9327-dda61f3d2864/current
2019-09-24 16:05:50,351 TRACE util.FileUtils (LogUtils.java:runAndLog(61)) - Successfully ran Files.createDirectories /workdir/ratis-test/target/test/data/5d072dae/MiniRaftClusterWithGrpc6d1829e8/s2/43243cff-a026-4d00-9327-dda61f3d2864/current
2019-09-24 16:05:50,350 TRACE util.FileUtils (LogUtils.java:runAndLog(61)) - Successfully ran Files.createDirectories /workdir/ratis-test/target/test/data/5d072dae/MiniRaftClusterWithGrpc6d1829e8/s0/43243cff-a026-4d00-9327-dda61f3d2864/current
2019-09-24 16:05:50,351 TRACE util.FileUtils (LogUtils.java:runAndLog(61)) - Successfully ran Files.createDirectories /workdir/ratis-test/target/test/data/5d072dae/MiniRaftClusterWithGrpc6d1829e8/s2/43243cff-a026-4d00-9327-dda61f3d2864/sm
2019-09-24 16:05:50,351 TRACE util.FileUtils (LogUtils.java:runAndLog(61)) - Successfully ran Files.createDirectories /workdir/ratis-test/target/test/data/5d072dae/MiniRaftClusterWithGrpc6d1829e8/s1/43243cff-a026-4d00-9327-dda61f3d2864/sm
2019-09-24 16:05:50,351 TRACE util.FileUtils (LogUtils.java:runAndLog(61)) - Successfully ran Files.createDirectories /workdir/ratis-test/target/test/data/5d072dae/MiniRaftClusterWithGrpc6d1829e8/s0/43243cff-a026-4d00-9327-dda61f3d2864/sm
2019-09-24 16:05:53,004 INFO  storage.RaftStorage (RaftStorage.java:format(84)) - Storage directory /workdir/ratis-test/target/test/data/5d072dae/MiniRaftClusterWithGrpc6d1829e8/s0/43243cff-a026-4d00-9327-dda61f3d2864 has been successfully formatted.
2019-09-24 16:05:53,004 INFO  storage.RaftStorage (RaftStorage.java:format(84)) - Storage directory /workdir/ratis-test/target/test/data/5d072dae/MiniRaftClusterWithGrpc6d1829e8/s1/43243cff-a026-4d00-9327-dda61f3d2864 has been successfully formatted.
2019-09-24 16:05:53,004 INFO  storage.RaftStorage (RaftStorage.java:format(84)) - Storage directory /workdir/ratis-test/target/test/data/5d072dae/MiniRaftClusterWithGrpc6d1829e8/s2/43243cff-a026-4d00-9327-dda61f3d2864 has been successfully formatted.
2019-09-24 16:05:53,004 INFO  server.RaftServerConfigKeys (ConfUtils.java:logGet(43)) - raft.server.notification.no-leader.timeout = 60s (default)
2019-09-24 16:05:53,004 INFO  server.RaftServerConfigKeys (ConfUtils.java:logGet(43)) - raft.server.notification.no-leader.timeout = 60s (default)
2019-09-24 16:05:53,005 INFO  server.RaftServerConfigKeys (ConfUtils.java:logGet(43)) - raft.server.log.use.memory = false (default)
2019-09-24 16:05:53,004 INFO  server.RaftServerConfigKeys (ConfUtils.java:logGet(43)) - raft.server.notification.no-leader.timeout = 60s (default)
2019-09-24 16:05:53,005 INFO  server.RaftServerConfigKeys (ConfUtils.java:logGet(43)) - raft.server.log.purge.gap = 1024 (default)
2019-09-24 16:05:53,005 INFO  server.RaftServerConfigKeys (ConfUtils.java:logGet(43)) - raft.server.log.use.memory = false (default)
2019-09-24 16:05:53,005 INFO  server.RaftServerConfigKeys (ConfUtils.java:logGet(43)) - raft.server.log.appender.buffer.byte-limit = 4MB (=4194304) (default)
2019-09-24 16:05:53,005 INFO  server.RaftServerConfigKeys (ConfUtils.java:logGet(43)) - raft.server.log.use.memory = false (default)
2019-09-24 16:05:53,006 INFO  server.RaftServerConfigKeys (ConfUtils.java:logGet(43)) - raft.server.log.segment.size.max = 8MB (=8388608) (default)
2019-09-24 16:05:53,006 INFO  server.RaftServerConfigKeys (ConfUtils.java:logGet(43)) - raft.server.log.purge.gap = 1024 (default)
2019-09-24 16:05:53,006 INFO  server.RaftServerConfigKeys (ConfUtils.java:logGet(43)) - raft.server.log.segment.cache.num.max = 6 (default)
2019-09-24 16:05:53,006 INFO  server.RaftServerConfigKeys (ConfUtils.java:logGet(43)) - raft.server.log.purge.gap = 1024 (default)
2019-09-24 16:05:53,006 INFO  segmented.SegmentedRaftLogWorker (SegmentedRaftLogWorker.java:<init>(172)) - new s1@group-DDA61F3D2864-SegmentedRaftLogWorker for RaftStorage:Storage Directory /workdir/ratis-test/target/test/data/5d072dae/MiniRaftClusterWithGrpc6d1829e8/s1/43243cff-a026-4d00-9327-dda61f3d2864
2019-09-24 16:05:53,006 INFO  server.RaftServerConfigKeys (ConfUtils.java:logGet(43)) - raft.server.log.appender.buffer.byte-limit = 4MB (=4194304) (default)
2019-09-24 16:05:53,007 INFO  server.RaftServerConfigKeys (ConfUtils.java:logGet(43)) - raft.server.log.queue.byte-limit = 64MB (=67108864) (default)
2019-09-24 16:05:53,007 INFO  server.RaftServerConfigKeys (ConfUtils.java:logGet(43)) - raft.server.log.appender.buffer.byte-limit = 4MB (=4194304) (default)
2019-09-24 16:05:53,007 INFO  server.RaftServerConfigKeys (ConfUtils.java:logGet(43)) - raft.server.log.queue.element-limit = 4096 (default)
2019-09-24 16:05:53,007 INFO  server.RaftServerConfigKeys (ConfUtils.java:logGet(43)) - raft.server.log.segment.size.max = 8MB (=8388608) (default)
2019-09-24 16:05:53,008 INFO  server.RaftServerConfigKeys (ConfUtils.java:logGet(43)) - raft.server.log.segment.size.max = 8MB (=8388608) (default)
2019-09-24 16:05:53,007 INFO  server.RaftServerConfigKeys (ConfUtils.java:logGet(43)) - raft.server.log.segment.size.max = 8MB (=8388608) (default)
2019-09-24 16:05:53,008 INFO  server.RaftServerConfigKeys (ConfUtils.java:logGet(43)) - raft.server.log.preallocated.size = 4MB (=4194304) (default)
2019-09-24 16:05:53,008 INFO  server.RaftServerConfigKeys (ConfUtils.java:logGet(43)) - raft.server.log.segment.cache.num.max = 6 (default)
2019-09-24 16:05:53,008 INFO  server.RaftServerConfigKeys (ConfUtils.java:logGet(43)) - raft.server.log.write.buffer.size = 64KB (=65536) (default)
2019-09-24 16:05:53,008 INFO  server.RaftServerConfigKeys (ConfUtils.java:logGet(43)) - raft.server.log.segment.cache.num.max = 6 (default)
2019-09-24 16:05:53,009 INFO  server.RaftServerConfigKeys (ConfUtils.java:logGet(43)) - raft.server.log.force.sync.num = 128 (default)
2019-09-24 16:05:53,008 INFO  segmented.SegmentedRaftLogWorker (SegmentedRaftLogWorker.java:<init>(172)) - new s0@group-DDA61F3D2864-SegmentedRaftLogWorker for RaftStorage:Storage Directory /workdir/ratis-test/target/test/data/5d072dae/MiniRaftClusterWithGrpc6d1829e8/s0/43243cff-a026-4d00-9327-dda61f3d2864
2019-09-24 16:05:53,009 INFO  server.RaftServerConfigKeys (ConfUtils.java:logGet(43)) - raft.server.log.statemachine.data.sync = true (default)
2019-09-24 16:05:53,009 INFO  segmented.SegmentedRaftLogWorker (SegmentedRaftLogWorker.java:<init>(172)) - new s2@group-DDA61F3D2864-SegmentedRaftLogWorker for RaftStorage:Storage Directory /workdir/ratis-test/target/test/data/5d072dae/MiniRaftClusterWithGrpc6d1829e8/s2/43243cff-a026-4d00-9327-dda61f3d2864
2019-09-24 16:05:53,010 INFO  server.RaftServerConfigKeys (ConfUtils.java:logGet(43)) - raft.server.log.statemachine.data.sync.timeout = 10s (default)
2019-09-24 16:05:53,010 INFO  server.RaftServerConfigKeys (ConfUtils.java:logGet(43)) - raft.server.log.statemachine.data.sync.timeout.retry = -1 (default)
2019-09-24 16:05:53,009 INFO  server.RaftServerConfigKeys (ConfUtils.java:logGet(43)) - raft.server.log.queue.byte-limit = 64MB (=67108864) (default)
2019-09-24 16:05:53,010 INFO  server.RaftServerConfigKeys (ConfUtils.java:logGet(43)) - raft.server.log.statemachine.data.caching.enabled = false (default)
2019-09-24 16:05:53,010 INFO  server.RaftServerConfigKeys (ConfUtils.java:logGet(43)) - raft.server.log.queue.byte-limit = 64MB (=67108864) (default)
2019-09-24 16:05:53,010 INFO  server.RaftServerConfigKeys (ConfUtils.java:logGet(43)) - raft.server.log.queue.element-limit = 4096 (default)
2019-09-24 16:05:53,011 INFO  server.RaftServerConfigKeys (ConfUtils.java:logGet(43)) - raft.server.log.queue.element-limit = 4096 (default)
2019-09-24 16:05:53,011 TRACE segmented.SegmentedRaftLogWorker (SegmentedRaftLogWorker.java:start(209)) - s1@group-DDA61F3D2864-SegmentedRaftLogWorker start(latestIndex=-1, openSegmentFile=null)
2019-09-24 16:05:53,011 INFO  server.RaftServerConfigKeys (ConfUtils.java:logGet(43)) - raft.server.log.segment.size.max = 8MB (=8388608) (default)
2019-09-24 16:05:53,011 INFO  server.RaftServerConfigKeys (ConfUtils.java:logGet(43)) - raft.server.log.segment.size.max = 8MB (=8388608) (default)
2019-09-24 16:05:53,011 INFO  server.RaftServerConfigKeys (ConfUtils.java:logGet(43)) - raft.server.log.preallocated.size = 4MB (=4194304) (default)
2019-09-24 16:05:53,011 INFO  segmented.SegmentedRaftLogWorker (SegmentedRaftLogWorker.java:lambda$new$0(132)) - s1@group-DDA61F3D2864-SegmentedRaftLogWorker: flushIndex: setUnconditionally 0 -> -1
2019-09-24 16:05:53,012 INFO  server.RaftServerConfigKeys (ConfUtils.java:logGet(43)) - raft.server.log.write.buffer.size = 64KB (=65536) (default)
2019-09-24 16:05:53,011 INFO  server.RaftServerConfigKeys (ConfUtils.java:logGet(43)) - raft.server.log.preallocated.size = 4MB (=4194304) (default)
2019-09-24 16:05:53,012 INFO  server.RaftServerConfigKeys (ConfUtils.java:logGet(43)) - raft.server.log.force.sync.num = 128 (default)
2019-09-24 16:05:53,012 INFO  server.RaftServerConfigKeys (ConfUtils.java:logGet(43)) - raft.server.snapshot.auto.trigger.enabled = false (default)
2019-09-24 16:05:53,012 INFO  server.RaftServerConfigKeys (ConfUtils.java:logGet(43)) - raft.server.log.write.buffer.size = 64KB (=65536) (default)
2019-09-24 16:05:53,012 INFO  server.RaftServerConfigKeys (ConfUtils.java:logGet(43)) - raft.server.snapshot.retention.file.num = -1 (default)
2019-09-24 16:05:53,012 INFO  server.RaftServerConfigKeys (ConfUtils.java:logGet(43)) - raft.server.log.statemachine.data.sync = true (default)
2019-09-24 16:05:53,013 INFO  server.RaftServerConfigKeys (ConfUtils.java:logGet(43)) - raft.server.retrycache.expirytime = 60s (default)
2019-09-24 16:05:53,013 INFO  server.RaftServerConfigKeys (ConfUtils.java:logGet(43)) - raft.server.log.force.sync.num = 128 (default)
2019-09-24 16:05:53,013 INFO  server.RaftServerConfigKeys (ConfUtils.java:logGet(43)) - raft.server.log.statemachine.data.sync.timeout = 10s (default)
2019-09-24 16:05:53,013 INFO  server.RaftServerConfigKeys (ConfUtils.java:logGet(43)) - raft.server.log.statemachine.data.sync = true (default)
2019-09-24 16:05:53,013 INFO  server.RaftServerConfigKeys (ConfUtils.java:logGet(43)) - raft.server.log.statemachine.data.sync.timeout.retry = -1 (default)
2019-09-24 16:05:53,014 INFO  server.RaftServerConfigKeys (ConfUtils.java:logGet(43)) - raft.server.log.statemachine.data.sync.timeout = 10s (default)
2019-09-24 16:05:53,014 INFO  server.RaftServerConfigKeys (ConfUtils.java:logGet(43)) - raft.server.log.statemachine.data.caching.enabled = false (default)
2019-09-24 16:05:53,014 INFO  server.RaftServerConfigKeys (ConfUtils.java:logGet(43)) - raft.server.log.statemachine.data.sync.timeout.retry = -1 (default)
2019-09-24 16:05:53,014 TRACE segmented.SegmentedRaftLogWorker (SegmentedRaftLogWorker.java:start(209)) - s2@group-DDA61F3D2864-SegmentedRaftLogWorker start(latestIndex=-1, openSegmentFile=null)
2019-09-24 16:05:53,014 INFO  server.RaftServerConfigKeys (ConfUtils.java:logGet(43)) - raft.server.log.statemachine.data.caching.enabled = false (default)
2019-09-24 16:05:53,014 INFO  segmented.SegmentedRaftLogWorker (SegmentedRaftLogWorker.java:lambda$new$0(132)) - s2@group-DDA61F3D2864-SegmentedRaftLogWorker: flushIndex: setUnconditionally 0 -> -1
2019-09-24 16:05:53,015 TRACE segmented.SegmentedRaftLogWorker (SegmentedRaftLogWorker.java:start(209)) - s0@group-DDA61F3D2864-SegmentedRaftLogWorker start(latestIndex=-1, openSegmentFile=null)
2019-09-24 16:05:53,015 INFO  server.RaftServerConfigKeys (ConfUtils.java:logGet(43)) - raft.server.snapshot.auto.trigger.enabled = false (default)
2019-09-24 16:05:53,015 INFO  segmented.SegmentedRaftLogWorker (SegmentedRaftLogWorker.java:lambda$new$0(132)) - s0@group-DDA61F3D2864-SegmentedRaftLogWorker: flushIndex: setUnconditionally 0 -> -1
2019-09-24 16:05:53,015 INFO  server.RaftServerConfigKeys (ConfUtils.java:logGet(43)) - raft.server.snapshot.retention.file.num = -1 (default)
2019-09-24 16:05:53,015 INFO  server.RaftServerConfigKeys (ConfUtils.java:logGet(43)) - raft.server.retrycache.expirytime = 60s (default)
2019-09-24 16:05:53,015 INFO  server.RaftServerConfigKeys (ConfUtils.java:logGet(43)) - raft.server.snapshot.auto.trigger.enabled = false (default)
2019-09-24 16:05:53,016 INFO  server.RaftServerConfigKeys (ConfUtils.java:logGet(43)) - raft.server.snapshot.retention.file.num = -1 (default)
2019-09-24 16:05:53,016 INFO  server.RaftServerConfigKeys (ConfUtils.java:logGet(43)) - raft.server.retrycache.expirytime = 60s (default)
2019-09-24 16:05:53,022 INFO  impl.RaftServerImpl (RaftServerImpl.java:start(181)) - s0@group-DDA61F3D2864: start as a follower, conf=-1: [s0:0.0.0.0:39545, s1:0.0.0.0:39945, s2:0.0.0.0:33605], old=null
2019-09-24 16:05:53,022 INFO  impl.RaftServerImpl (RaftServerImpl.java:setRole(170)) - s0@group-DDA61F3D2864: changes role from      null to FOLLOWER at term 0 for startAsFollower
2019-09-24 16:05:53,022 INFO  impl.RoleInfo (RoleInfo.java:updateAndGet(143)) - s0: start FollowerState
2019-09-24 16:05:53,023 INFO  util.JmxRegister (JmxRegister.java:tryRegister(44)) - Successfully registered JMX Bean with object name Ratis:service=RaftServer,group=group-DDA61F3D2864,id=s0
2019-09-24 16:05:53,027 INFO  impl.RaftServerProxy (RaftServerProxy.java:lambda$start$3(299)) - s0: start RPC server
2019-09-24 16:05:53,029 INFO  server.GrpcService (GrpcService.java:startImpl(158)) - s0: GrpcService started, listening on 0.0.0.0/0.0.0.0:39545
2019-09-24 16:05:53,029 INFO  impl.RaftServerImpl (RaftServerImpl.java:start(181)) - s1@group-DDA61F3D2864: start as a follower, conf=-1: [s0:0.0.0.0:39545, s1:0.0.0.0:39945, s2:0.0.0.0:33605], old=null
2019-09-24 16:05:53,030 INFO  impl.RaftServerImpl (RaftServerImpl.java:setRole(170)) - s1@group-DDA61F3D2864: changes role from      null to FOLLOWER at term 0 for startAsFollower
2019-09-24 16:05:53,030 INFO  impl.RoleInfo (RoleInfo.java:updateAndGet(143)) - s1: start FollowerState
2019-09-24 16:05:53,031 INFO  util.JmxRegister (JmxRegister.java:tryRegister(44)) - Successfully registered JMX Bean with object name Ratis:service=RaftServer,group=group-DDA61F3D2864,id=s1
2019-09-24 16:05:53,034 INFO  impl.RaftServerProxy (RaftServerProxy.java:lambda$start$3(299)) - s1: start RPC server
2019-09-24 16:05:53,035 INFO  server.GrpcService (GrpcService.java:startImpl(158)) - s1: GrpcService started, listening on 0.0.0.0/0.0.0.0:39945
2019-09-24 16:05:53,036 INFO  impl.RaftServerImpl (RaftServerImpl.java:start(181)) - s2@group-DDA61F3D2864: start as a follower, conf=-1: [s0:0.0.0.0:39545, s1:0.0.0.0:39945, s2:0.0.0.0:33605], old=null
2019-09-24 16:05:53,036 INFO  impl.RaftServerImpl (RaftServerImpl.java:setRole(170)) - s2@group-DDA61F3D2864: changes role from      null to FOLLOWER at term 0 for startAsFollower
2019-09-24 16:05:53,036 INFO  impl.RoleInfo (RoleInfo.java:updateAndGet(143)) - s2: start FollowerState
2019-09-24 16:05:53,037 INFO  util.JmxRegister (JmxRegister.java:tryRegister(44)) - Successfully registered JMX Bean with object name Ratis:service=RaftServer,group=group-DDA61F3D2864,id=s2
2019-09-24 16:05:53,040 INFO  impl.RaftServerProxy (RaftServerProxy.java:lambda$start$3(299)) - s2: start RPC server
2019-09-24 16:05:53,042 INFO  server.GrpcService (GrpcService.java:startImpl(158)) - s2: GrpcService started, listening on 0.0.0.0/0.0.0.0:33605
2019-09-24 16:05:53,043 INFO  server.RaftServerConfigKeys (ConfUtils.java:logGet(43)) - raft.server.rpc.timeout.max = 300ms (default)
2019-09-24 16:05:53,043 INFO  ratis.RaftTestUtil (RaftTestUtil.java:waitForLeader(86)) - printing ALL groups
  s0:  RUNNING  FOLLOWER s0@group-DDA61F3D2864:t0, leader=null, voted=null, raftlog=s0@group-DDA61F3D2864-SegmentedRaftLog:OPENED:c-1,f-1,i0, conf=-1: [s0:0.0.0.0:39545, s1:0.0.0.0:39945, s2:0.0.0.0:33605], old=null RUNNING
  s1:  RUNNING  FOLLOWER s1@group-DDA61F3D2864:t0, leader=null, voted=null, raftlog=s1@group-DDA61F3D2864-SegmentedRaftLog:OPENED:c-1,f-1,i0, conf=-1: [s0:0.0.0.0:39545, s1:0.0.0.0:39945, s2:0.0.0.0:33605], old=null RUNNING
  s2:  RUNNING  FOLLOWER s2@group-DDA61F3D2864:t0, leader=null, voted=null, raftlog=s2@group-DDA61F3D2864-SegmentedRaftLog:OPENED:c-1,f-1,i0, conf=-1: [s0:0.0.0.0:39545, s1:0.0.0.0:39945, s2:0.0.0.0:33605], old=null RUNNING
2019-09-24 16:05:53,044 WARN  ratis.RaftTestUtil (JavaUtils.java:attempt(158)) - FAILED "waitForLeader-null-(expectLeader? true)", attempt #1/100: java.lang.IllegalStateException: No leader yet : printing ALL groups
  s0:  RUNNING  FOLLOWER s0@group-DDA61F3D2864:t0, leader=null, voted=null, raftlog=s0@group-DDA61F3D2864-SegmentedRaftLog:OPENED:c-1,f-1,i0, conf=-1: [s0:0.0.0.0:39545, s1:0.0.0.0:39945, s2:0.0.0.0:33605], old=null RUNNING
  s1:  RUNNING  FOLLOWER s1@group-DDA61F3D2864:t0, leader=null, voted=null, raftlog=s1@group-DDA61F3D2864-SegmentedRaftLog:OPENED:c-1,f-1,i0, conf=-1: [s0:0.0.0.0:39545, s1:0.0.0.0:39945, s2:0.0.0.0:33605], old=null RUNNING
  s2:  RUNNING  FOLLOWER s2@group-DDA61F3D2864:t0, leader=null, voted=null, raftlog=s2@group-DDA61F3D2864-SegmentedRaftLog:OPENED:c-1,f-1,i0, conf=-1: [s0:0.0.0.0:39545, s1:0.0.0.0:39945, s2:0.0.0.0:33605], old=null RUNNING, sleep 450ms and then retry.
java.lang.IllegalStateException: No leader yet : printing ALL groups
  s0:  RUNNING  FOLLOWER s0@group-DDA61F3D2864:t0, leader=null, voted=null, raftlog=s0@group-DDA61F3D2864-SegmentedRaftLog:OPENED:c-1,f-1,i0, conf=-1: [s0:0.0.0.0:39545, s1:0.0.0.0:39945, s2:0.0.0.0:33605], old=null RUNNING
  s1:  RUNNING  FOLLOWER s1@group-DDA61F3D2864:t0, leader=null, voted=null, raftlog=s1@group-DDA61F3D2864-SegmentedRaftLog:OPENED:c-1,f-1,i0, conf=-1: [s0:0.0.0.0:39545, s1:0.0.0.0:39945, s2:0.0.0.0:33605], old=null RUNNING
  s2:  RUNNING  FOLLOWER s2@group-DDA61F3D2864:t0, leader=null, voted=null, raftlog=s2@group-DDA61F3D2864-SegmentedRaftLog:OPENED:c-1,f-1,i0, conf=-1: [s0:0.0.0.0:39545, s1:0.0.0.0:39945, s2:0.0.0.0:33605], old=null RUNNING
	at org.apache.ratis.MiniRaftCluster.newIllegalStateExceptionForNoLeaders(MiniRaftCluster.java:506)
	at org.apache.ratis.RaftTestUtil.lambda$waitForLeader$1(RaftTestUtil.java:90)
	at org.apache.ratis.MiniRaftCluster.getLeader(MiniRaftCluster.java:539)
	at org.apache.ratis.MiniRaftCluster.getLeader(MiniRaftCluster.java:532)
	at org.apache.ratis.RaftTestUtil.lambda$waitForLeader$3(RaftTestUtil.java:98)
	at org.apache.ratis.util.JavaUtils.attempt(JavaUtils.java:152)
	at org.apache.ratis.RaftTestUtil.waitForLeader(RaftTestUtil.java:97)
	at org.apache.ratis.RaftTestUtil.waitForLeader(RaftTestUtil.java:77)
	at org.apache.ratis.RaftTestUtil.waitForLeader(RaftTestUtil.java:72)
	at org.apache.ratis.server.impl.LeaderElectionTests.testChangeLeader(LeaderElectionTests.java:79)
	at sun.reflect.NativeMethodAccessorImpl.invoke0(Native Method)
	at sun.reflect.NativeMethodAccessorImpl.invoke(NativeMethodAccessorImpl.java:62)
	at sun.reflect.DelegatingMethodAccessorImpl.invoke(DelegatingMethodAccessorImpl.java:43)
	at java.lang.reflect.Method.invoke(Method.java:498)
	at org.junit.runners.model.FrameworkMethod$1.runReflectiveCall(FrameworkMethod.java:50)
	at org.junit.internal.runners.model.ReflectiveCallable.run(ReflectiveCallable.java:12)
	at org.junit.runners.model.FrameworkMethod.invokeExplosively(FrameworkMethod.java:47)
	at org.junit.internal.runners.statements.InvokeMethod.evaluate(InvokeMethod.java:17)
	at org.junit.internal.runners.statements.RunAfters.evaluate(RunAfters.java:27)
	at org.junit.internal.runners.statements.FailOnTimeout$CallableStatement.call(FailOnTimeout.java:298)
	at org.junit.internal.runners.statements.FailOnTimeout$CallableStatement.call(FailOnTimeout.java:292)
	at java.util.concurrent.FutureTask.run(FutureTask.java:266)
	at java.lang.Thread.run(Thread.java:748)
2019-09-24 16:05:53,188 INFO  impl.FollowerState (FollowerState.java:run(108)) - s0@group-DDA61F3D2864-FollowerState: change to CANDIDATE, lastRpcTime:165ms, electionTimeout:165ms
2019-09-24 16:05:53,189 INFO  impl.RoleInfo (RoleInfo.java:shutdownFollowerState(121)) - s0: shutdown FollowerState
2019-09-24 16:05:53,189 INFO  impl.RaftServerImpl (RaftServerImpl.java:setRole(170)) - s0@group-DDA61F3D2864: changes role from  FOLLOWER to CANDIDATE at term 0 for changeToCandidate
2019-09-24 16:05:53,189 INFO  impl.RoleInfo (RoleInfo.java:updateAndGet(143)) - s0: start LeaderElection
2019-09-24 16:05:53,204 INFO  impl.LeaderElection (LeaderElection.java:askForVotes(178)) - s0@group-DDA61F3D2864-LeaderElection32: begin an election at term 1 for -1: [s0:0.0.0.0:39545, s1:0.0.0.0:39945, s2:0.0.0.0:33605], old=null
2019-09-24 16:05:53,210 INFO  impl.FollowerState (FollowerState.java:run(108)) - s1@group-DDA61F3D2864-FollowerState: change to CANDIDATE, lastRpcTime:179ms, electionTimeout:179ms
2019-09-24 16:05:53,210 INFO  impl.RoleInfo (RoleInfo.java:shutdownFollowerState(121)) - s1: shutdown FollowerState
2019-09-24 16:05:53,210 INFO  impl.RaftServerImpl (RaftServerImpl.java:setRole(170)) - s1@group-DDA61F3D2864: changes role from  FOLLOWER to CANDIDATE at term 0 for changeToCandidate
2019-09-24 16:05:53,210 INFO  impl.RoleInfo (RoleInfo.java:updateAndGet(143)) - s1: start LeaderElection
2019-09-24 16:05:53,210 DEBUG impl.RaftServerImpl (RaftServerImpl.java:requestVote(743)) - s1@group-DDA61F3D2864: receive requestVote(s0, group-DDA61F3D2864, 1, (t:0, i:0))
2019-09-24 16:05:53,210 DEBUG impl.RaftServerImpl (RaftServerImpl.java:requestVote(743)) - s2@group-DDA61F3D2864: receive requestVote(s0, group-DDA61F3D2864, 1, (t:0, i:0))
2019-09-24 16:05:53,211 INFO  impl.RaftServerImpl (RaftServerImpl.java:setRole(170)) - s1@group-DDA61F3D2864: changes role from CANDIDATE to FOLLOWER at term 1 for recognizeCandidate:s0
2019-09-24 16:05:53,211 INFO  impl.RaftServerImpl (RaftServerImpl.java:setRole(170)) - s2@group-DDA61F3D2864: changes role from  FOLLOWER to FOLLOWER at term 1 for recognizeCandidate:s0
2019-09-24 16:05:53,212 INFO  impl.RoleInfo (RoleInfo.java:shutdownLeaderElection(134)) - s1: shutdown LeaderElection
2019-09-24 16:05:53,212 INFO  impl.RoleInfo (RoleInfo.java:shutdownFollowerState(121)) - s2: shutdown FollowerState
2019-09-24 16:05:53,212 INFO  impl.RoleInfo (RoleInfo.java:updateAndGet(143)) - s1: start FollowerState
2019-09-24 16:05:53,212 INFO  impl.FollowerState (FollowerState.java:run(117)) - s2@group-DDA61F3D2864-FollowerState was interrupted: java.lang.InterruptedException: sleep interrupted
2019-09-24 16:05:53,212 INFO  impl.RoleInfo (RoleInfo.java:updateAndGet(143)) - s2: start FollowerState
2019-09-24 16:05:53,226 DEBUG impl.RaftServerImpl (RaftServerImpl.java:requestVote(775)) - s1@group-DDA61F3D2864 replies to vote request: s0<-s1#0:FAIL-t1. Peer's state: s1@group-DDA61F3D2864:t1, leader=null, voted=null, raftlog=s1@group-DDA61F3D2864-SegmentedRaftLog:OPENED:c-1,f-1,i0, conf=-1: [s0:0.0.0.0:39545, s1:0.0.0.0:39945, s2:0.0.0.0:33605], old=null
2019-09-24 16:05:53,226 DEBUG impl.RaftServerImpl (RaftServerImpl.java:requestVote(775)) - s2@group-DDA61F3D2864 replies to vote request: s0<-s2#0:OK-t1. Peer's state: s2@group-DDA61F3D2864:t1, leader=null, voted=s0, raftlog=s2@group-DDA61F3D2864-SegmentedRaftLog:OPENED:c-1,f-1,i0, conf=-1: [s0:0.0.0.0:39545, s1:0.0.0.0:39945, s2:0.0.0.0:33605], old=null
2019-09-24 16:05:53,228 INFO  impl.LeaderElection (LeaderElection.java:logAndReturn(56)) - s0@group-DDA61F3D2864-LeaderElection32: Election PASSED; received 2 response(s) [s0<-s1#0:FAIL-t1, s0<-s2#0:OK-t1] and 0 exception(s); s0@group-DDA61F3D2864:t1, leader=null, voted=s0, raftlog=s0@group-DDA61F3D2864-SegmentedRaftLog:OPENED:c-1,f-1,i0, conf=-1: [s0:0.0.0.0:39545, s1:0.0.0.0:39945, s2:0.0.0.0:33605], old=null
2019-09-24 16:05:53,229 INFO  impl.RoleInfo (RoleInfo.java:shutdownLeaderElection(134)) - s0: shutdown LeaderElection
2019-09-24 16:05:53,229 INFO  impl.RaftServerImpl (RaftServerImpl.java:setRole(170)) - s0@group-DDA61F3D2864: changes role from CANDIDATE to LEADER at term 1 for changeToLeader
2019-09-24 16:05:53,229 INFO  impl.RaftServerImpl (ServerState.java:setLeader(254)) - s0@group-DDA61F3D2864: change Leader from null to s0 at term 1 for becomeLeader, leader elected after 225ms
2019-09-24 16:05:53,229 INFO  server.RaftServerConfigKeys (ConfUtils.java:logGet(43)) - raft.server.staging.catchup.gap = 1000 (default)
2019-09-24 16:05:53,229 INFO  server.RaftServerConfigKeys (ConfUtils.java:logGet(43)) - raft.server.rpc.sleep.time = 25ms (default)
2019-09-24 16:05:53,230 INFO  server.RaftServerConfigKeys (ConfUtils.java:logGet(43)) - raft.server.write.element-limit = 4096 (default)
2019-09-24 16:05:53,230 INFO  server.RaftServerConfigKeys (ConfUtils.java:logGet(43)) - raft.server.watch.timeout = 10s (default)
2019-09-24 16:05:53,230 INFO  server.RaftServerConfigKeys (ConfUtils.java:logGet(43)) - raft.server.watch.timeout.denomination = 1s (default)
2019-09-24 16:05:53,230 INFO  server.RaftServerConfigKeys (ConfUtils.java:logGet(43)) - raft.server.watch.element-limit = 65536 (default)
2019-09-24 16:05:53,233 INFO  server.RaftServerConfigKeys (ConfUtils.java:logGet(43)) - raft.server.log.appender.snapshot.chunk.size.max = 16MB (=16777216) (default)
2019-09-24 16:05:53,234 INFO  server.RaftServerConfigKeys (ConfUtils.java:logGet(43)) - raft.server.log.appender.buffer.byte-limit = 4MB (=4194304) (default)
2019-09-24 16:05:53,234 INFO  server.RaftServerConfigKeys (ConfUtils.java:logGet(43)) - raft.server.log.appender.buffer.element-limit = 0 (default)
2019-09-24 16:05:53,234 INFO  grpc.GrpcConfigKeys$Server (ConfUtils.java:logGet(43)) - raft.grpc.server.leader.outstanding.appends.max = 128 (default)
2019-09-24 16:05:53,234 INFO  server.RaftServerConfigKeys (ConfUtils.java:logGet(43)) - raft.server.rpc.request.timeout = 3000ms (default)
2019-09-24 16:05:53,235 INFO  server.RaftServerConfigKeys (ConfUtils.java:logGet(43)) - raft.server.log.appender.install.snapshot.enabled = true (default)
2019-09-24 16:05:53,235 INFO  server.RaftServerConfigKeys (ConfUtils.java:logGet(43)) - raft.server.log.appender.snapshot.chunk.size.max = 16MB (=16777216) (default)
2019-09-24 16:05:53,235 INFO  server.RaftServerConfigKeys (ConfUtils.java:logGet(43)) - raft.server.log.appender.buffer.byte-limit = 4MB (=4194304) (default)
2019-09-24 16:05:53,235 INFO  server.RaftServerConfigKeys (ConfUtils.java:logGet(43)) - raft.server.log.appender.buffer.element-limit = 0 (default)
2019-09-24 16:05:53,236 INFO  grpc.GrpcConfigKeys$Server (ConfUtils.java:logGet(43)) - raft.grpc.server.leader.outstanding.appends.max = 128 (default)
2019-09-24 16:05:53,236 INFO  server.RaftServerConfigKeys (ConfUtils.java:logGet(43)) - raft.server.rpc.request.timeout = 3000ms (default)
2019-09-24 16:05:53,236 INFO  server.RaftServerConfigKeys (ConfUtils.java:logGet(43)) - raft.server.log.appender.install.snapshot.enabled = true (default)
2019-09-24 16:05:53,236 INFO  impl.RoleInfo (RoleInfo.java:updateAndGet(143)) - s0: start LeaderState
2019-09-24 16:05:53,237 INFO  segmented.SegmentedRaftLogWorker (SegmentedRaftLogWorker.java:startLogSegment(380)) - s0@group-DDA61F3D2864-SegmentedRaftLogWorker: Starting segment from index:0
2019-09-24 16:05:53,237 DEBUG segmented.SegmentedRaftLogWorker (SegmentedRaftLogWorker.java:addIOTask(251)) - s0@group-DDA61F3D2864-SegmentedRaftLogWorker adds IO task StartLogSegment:0
2019-09-24 16:05:53,237 DEBUG segmented.SegmentedRaftLogWorker (SegmentedRaftLogWorker.java:addIOTask(251)) - s0@group-DDA61F3D2864-SegmentedRaftLogWorker adds IO task WriteLog:0: (t:1, i:0), CONFIGURATIONENTRY
2019-09-24 16:05:53,238 INFO  impl.RaftServerImpl (ServerState.java:setRaftConf(355)) - s0@group-DDA61F3D2864: set configuration 0: [s0:0.0.0.0:39545, s1:0.0.0.0:39945, s2:0.0.0.0:33605], old=null at 0
2019-09-24 16:05:53,240 INFO  impl.LeaderElection (LeaderElection.java:askForVotes(178)) - s1@group-DDA61F3D2864-LeaderElection33: begin an election at term 2 for -1: [s0:0.0.0.0:39545, s1:0.0.0.0:39945, s2:0.0.0.0:33605], old=null
2019-09-24 16:05:53,240 INFO  impl.LeaderElection (LeaderElection.java:logAndReturn(56)) - s1@group-DDA61F3D2864-LeaderElection33: Election REJECTED; received 0 response(s) [] and 0 exception(s); s1@group-DDA61F3D2864:t2, leader=null, voted=s1, raftlog=s1@group-DDA61F3D2864-SegmentedRaftLog:OPENED:c-1,f-1,i0, conf=-1: [s0:0.0.0.0:39545, s1:0.0.0.0:39945, s2:0.0.0.0:33605], old=null
2019-09-24 16:05:53,242 INFO  impl.RaftServerImpl (ServerState.java:setLeader(254)) - s2@group-DDA61F3D2864: change Leader from null to s0 at term 1 for appendEntries, leader elected after 237ms
2019-09-24 16:05:53,244 DEBUG impl.RaftServerImpl (RaftServerImpl.java:appendEntriesAsync(906)) - s1@group-DDA61F3D2864: Not recognize s0 (term=1) as leader, state: s1@group-DDA61F3D2864:t2, leader=null, voted=s1, raftlog=s1@group-DDA61F3D2864-SegmentedRaftLog:OPENED:c-1,f-1,i0, conf=-1: [s0:0.0.0.0:39545, s1:0.0.0.0:39945, s2:0.0.0.0:33605], old=null reply: s0<-s1#0:FAIL,NOT_LEADER,nextIndex:1,term:2,followerCommit:-1
2019-09-24 16:05:53,245 INFO  impl.RaftServerImpl (ServerState.java:setLeader(254)) - s0@group-DDA61F3D2864: change Leader from s0 to null at term 2 for updateCurrentTerm
2019-09-24 16:05:53,245 INFO  impl.RaftServerImpl (RaftServerImpl.java:setRole(170)) - s0@group-DDA61F3D2864: changes role from    LEADER to FOLLOWER at term 2 for stepDown
2019-09-24 16:05:53,245 INFO  impl.RoleInfo (RoleInfo.java:shutdownLeaderState(104)) - s0: shutdown LeaderState
2019-09-24 16:05:53,247 WARN  server.GrpcLogAppender (GrpcLogAppender.java:mayWait(143)) - s0@group-DDA61F3D2864->s1-GrpcLogAppender: Wait interrupted by java.lang.InterruptedException
2019-09-24 16:05:53,248 INFO  impl.PendingRequests (PendingRequests.java:sendNotLeaderResponses(202)) - s0@group-DDA61F3D2864-PendingRequests: sendNotLeaderResponses
2019-09-24 16:05:53,248 WARN  server.GrpcLogAppender (GrpcLogAppender.java:mayWait(143)) - s0@group-DDA61F3D2864->s2-GrpcLogAppender: Wait interrupted by java.lang.InterruptedException
2019-09-24 16:05:53,248 INFO  impl.RoleInfo (RoleInfo.java:updateAndGet(143)) - s0: start FollowerState
2019-09-24 16:05:53,248 INFO  server.GrpcServerProtocolService (GrpcServerProtocolService.java:onCompleted(113)) - s1: Completed APPEND_ENTRIES, lastRequest: s0->s1#0-t1, previous=(t:0, i:0), leaderCommit=-1, initializing? false, entries: <empty>
2019-09-24 16:05:53,249 INFO  server.GrpcServerProtocolService (GrpcServerProtocolService.java:onCompleted(113)) - s2: Completed APPEND_ENTRIES, lastRequest: s0->s2#0-t1, previous=(t:0, i:0), leaderCommit=-1, initializing? false, entries: <empty>
2019-09-24 16:05:53,249 INFO  server.GrpcLogAppender (GrpcLogAppender.java:onCompleted(293)) - s0@group-DDA61F3D2864->s1-AppendLogResponseHandler: follower responses appendEntries COMPLETED
2019-09-24 16:05:53,249 INFO  server.GrpcLogAppender (GrpcLogAppender.java:onCompleted(293)) - s0@group-DDA61F3D2864->s2-AppendLogResponseHandler: follower responses appendEntries COMPLETED
2019-09-24 16:05:53,250 INFO  impl.FollowerInfo (FollowerInfo.java:lambda$new$0(51)) - s0@group-DDA61F3D2864->s1: nextIndex: updateUnconditionally 0 -> 0
2019-09-24 16:05:53,251 INFO  impl.FollowerInfo (FollowerInfo.java:lambda$new$0(51)) - s0@group-DDA61F3D2864->s2: nextIndex: updateUnconditionally 1 -> 0
2019-09-24 16:05:53,251 DEBUG impl.RaftServerImpl (RaftServerImpl.java:requestVote(743)) - s2@group-DDA61F3D2864: receive requestVote(s1, group-DDA61F3D2864, 2, (t:0, i:0))
2019-09-24 16:05:53,251 DEBUG impl.RaftServerImpl (RaftServerImpl.java:requestVote(743)) - s0@group-DDA61F3D2864: receive requestVote(s1, group-DDA61F3D2864, 2, (t:0, i:0))
2019-09-24 16:05:53,251 INFO  impl.RaftServerImpl (ServerState.java:setLeader(254)) - s2@group-DDA61F3D2864: change Leader from s0 to null at term 2 for updateCurrentTerm
2019-09-24 16:05:53,251 INFO  impl.RaftServerImpl (RaftServerImpl.java:setRole(170)) - s2@group-DDA61F3D2864: changes role from  FOLLOWER to FOLLOWER at term 2 for recognizeCandidate:s1
2019-09-24 16:05:53,251 INFO  impl.RoleInfo (RoleInfo.java:shutdownFollowerState(121)) - s2: shutdown FollowerState
2019-09-24 16:05:53,252 INFO  impl.RoleInfo (RoleInfo.java:updateAndGet(143)) - s2: start FollowerState
2019-09-24 16:05:53,252 INFO  impl.FollowerState (FollowerState.java:run(117)) - s2@group-DDA61F3D2864-FollowerState was interrupted: java.lang.InterruptedException: sleep interrupted
2019-09-24 16:05:53,440 INFO  impl.FollowerState (FollowerState.java:run(108)) - s1@group-DDA61F3D2864-FollowerState: change to CANDIDATE, lastRpcTime:227ms, electionTimeout:227ms
2019-09-24 16:05:53,440 INFO  impl.RoleInfo (RoleInfo.java:shutdownFollowerState(121)) - s1: shutdown FollowerState
2019-09-24 16:05:53,440 INFO  impl.RaftServerImpl (RaftServerImpl.java:setRole(170)) - s1@group-DDA61F3D2864: changes role from  FOLLOWER to CANDIDATE at term 2 for changeToCandidate
2019-09-24 16:05:53,440 INFO  impl.RoleInfo (RoleInfo.java:updateAndGet(143)) - s1: start LeaderElection
2019-09-24 16:05:53,496 WARN  ratis.RaftTestUtil (JavaUtils.java:attempt(158)) - FAILED "waitForLeader-null-(expectLeader? true)", attempt #2/100: java.lang.IllegalStateException: No leader yet : printing ALL groups
  s0:  RUNNING  FOLLOWER s0@group-DDA61F3D2864:t2, leader=null, voted=null, raftlog=s0@group-DDA61F3D2864-SegmentedRaftLog:OPENED:c-1,f-1,i0, conf=0: [s0:0.0.0.0:39545, s1:0.0.0.0:39945, s2:0.0.0.0:33605], old=null RUNNING
  s1:  RUNNING CANDIDATE s1@group-DDA61F3D2864:t3, leader=null, voted=s1, raftlog=s1@group-DDA61F3D2864-SegmentedRaftLog:OPENED:c-1,f-1,i0, conf=-1: [s0:0.0.0.0:39545, s1:0.0.0.0:39945, s2:0.0.0.0:33605], old=null RUNNING
  s2:  RUNNING  FOLLOWER s2@group-DDA61F3D2864:t2, leader=null, voted=s1, raftlog=s2@group-DDA61F3D2864-SegmentedRaftLog:OPENED:c-1,f-1,i0, conf=-1: [s0:0.0.0.0:39545, s1:0.0.0.0:39945, s2:0.0.0.0:33605], old=null RUNNING, sleep 450ms and then retry.
java.lang.IllegalStateException: No leader yet : printing ALL groups
  s0:  RUNNING  FOLLOWER s0@group-DDA61F3D2864:t2, leader=null, voted=null, raftlog=s0@group-DDA61F3D2864-SegmentedRaftLog:OPENED:c-1,f-1,i0, conf=0: [s0:0.0.0.0:39545, s1:0.0.0.0:39945, s2:0.0.0.0:33605], old=null RUNNING
  s1:  RUNNING CANDIDATE s1@group-DDA61F3D2864:t3, leader=null, voted=s1, raftlog=s1@group-DDA61F3D2864-SegmentedRaftLog:OPENED:c-1,f-1,i0, conf=-1: [s0:0.0.0.0:39545, s1:0.0.0.0:39945, s2:0.0.0.0:33605], old=null RUNNING
  s2:  RUNNING  FOLLOWER s2@group-DDA61F3D2864:t2, leader=null, voted=s1, raftlog=s2@group-DDA61F3D2864-SegmentedRaftLog:OPENED:c-1,f-1,i0, conf=-1: [s0:0.0.0.0:39545, s1:0.0.0.0:39945, s2:0.0.0.0:33605], old=null RUNNING
	at org.apache.ratis.MiniRaftCluster.newIllegalStateExceptionForNoLeaders(MiniRaftCluster.java:506)
	at org.apache.ratis.RaftTestUtil.lambda$waitForLeader$1(RaftTestUtil.java:90)
	at org.apache.ratis.MiniRaftCluster.getLeader(MiniRaftCluster.java:539)
	at org.apache.ratis.MiniRaftCluster.getLeader(MiniRaftCluster.java:532)
	at org.apache.ratis.RaftTestUtil.lambda$waitForLeader$3(RaftTestUtil.java:98)
	at org.apache.ratis.util.JavaUtils.attempt(JavaUtils.java:152)
	at org.apache.ratis.RaftTestUtil.waitForLeader(RaftTestUtil.java:97)
	at org.apache.ratis.RaftTestUtil.waitForLeader(RaftTestUtil.java:77)
	at org.apache.ratis.RaftTestUtil.waitForLeader(RaftTestUtil.java:72)
	at org.apache.ratis.server.impl.LeaderElectionTests.testChangeLeader(LeaderElectionTests.java:79)
	at sun.reflect.NativeMethodAccessorImpl.invoke0(Native Method)
	at sun.reflect.NativeMethodAccessorImpl.invoke(NativeMethodAccessorImpl.java:62)
	at sun.reflect.DelegatingMethodAccessorImpl.invoke(DelegatingMethodAccessorImpl.java:43)
	at java.lang.reflect.Method.invoke(Method.java:498)
	at org.junit.runners.model.FrameworkMethod$1.runReflectiveCall(FrameworkMethod.java:50)
	at org.junit.internal.runners.model.ReflectiveCallable.run(ReflectiveCallable.java:12)
	at org.junit.runners.model.FrameworkMethod.invokeExplosively(FrameworkMethod.java:47)
	at org.junit.internal.runners.statements.InvokeMethod.evaluate(InvokeMethod.java:17)
	at org.junit.internal.runners.statements.RunAfters.evaluate(RunAfters.java:27)
	at org.junit.internal.runners.statements.FailOnTimeout$CallableStatement.call(FailOnTimeout.java:298)
	at org.junit.internal.runners.statements.FailOnTimeout$CallableStatement.call(FailOnTimeout.java:292)
	at java.util.concurrent.FutureTask.run(FutureTask.java:266)
	at java.lang.Thread.run(Thread.java:748)
2019-09-24 16:05:53,947 WARN  ratis.RaftTestUtil (JavaUtils.java:attempt(158)) - FAILED "waitForLeader-null-(expectLeader? true)", attempt #3/100: java.lang.IllegalStateException: No leader yet : printing ALL groups
  s0:  RUNNING  FOLLOWER s0@group-DDA61F3D2864:t2, leader=null, voted=null, raftlog=s0@group-DDA61F3D2864-SegmentedRaftLog:OPENED:c-1,f-1,i0, conf=0: [s0:0.0.0.0:39545, s1:0.0.0.0:39945, s2:0.0.0.0:33605], old=null RUNNING
  s1:  RUNNING CANDIDATE s1@group-DDA61F3D2864:t3, leader=null, voted=s1, raftlog=s1@group-DDA61F3D2864-SegmentedRaftLog:OPENED:c-1,f-1,i0, conf=-1: [s0:0.0.0.0:39545, s1:0.0.0.0:39945, s2:0.0.0.0:33605], old=null RUNNING
  s2:  RUNNING  FOLLOWER s2@group-DDA61F3D2864:t2, leader=null, voted=s1, raftlog=s2@group-DDA61F3D2864-SegmentedRaftLog:OPENED:c-1,f-1,i0, conf=-1: [s0:0.0.0.0:39545, s1:0.0.0.0:39945, s2:0.0.0.0:33605], old=null RUNNING, sleep 450ms and then retry.
java.lang.IllegalStateException: No leader yet : printing ALL groups
  s0:  RUNNING  FOLLOWER s0@group-DDA61F3D2864:t2, leader=null, voted=null, raftlog=s0@group-DDA61F3D2864-SegmentedRaftLog:OPENED:c-1,f-1,i0, conf=0: [s0:0.0.0.0:39545, s1:0.0.0.0:39945, s2:0.0.0.0:33605], old=null RUNNING
  s1:  RUNNING CANDIDATE s1@group-DDA61F3D2864:t3, leader=null, voted=s1, raftlog=s1@group-DDA61F3D2864-SegmentedRaftLog:OPENED:c-1,f-1,i0, conf=-1: [s0:0.0.0.0:39545, s1:0.0.0.0:39945, s2:0.0.0.0:33605], old=null RUNNING
  s2:  RUNNING  FOLLOWER s2@group-DDA61F3D2864:t2, leader=null, voted=s1, raftlog=s2@group-DDA61F3D2864-SegmentedRaftLog:OPENED:c-1,f-1,i0, conf=-1: [s0:0.0.0.0:39545, s1:0.0.0.0:39945, s2:0.0.0.0:33605], old=null RUNNING
	at org.apache.ratis.MiniRaftCluster.newIllegalStateExceptionForNoLeaders(MiniRaftCluster.java:506)
	at org.apache.ratis.RaftTestUtil.lambda$waitForLeader$1(RaftTestUtil.java:90)
	at org.apache.ratis.MiniRaftCluster.getLeader(MiniRaftCluster.java:539)
	at org.apache.ratis.MiniRaftCluster.getLeader(MiniRaftCluster.java:532)
	at org.apache.ratis.RaftTestUtil.lambda$waitForLeader$3(RaftTestUtil.java:98)
	at org.apache.ratis.util.JavaUtils.attempt(JavaUtils.java:152)
	at org.apache.ratis.RaftTestUtil.waitForLeader(RaftTestUtil.java:97)
	at org.apache.ratis.RaftTestUtil.waitForLeader(RaftTestUtil.java:77)
	at org.apache.ratis.RaftTestUtil.waitForLeader(RaftTestUtil.java:72)
	at org.apache.ratis.server.impl.LeaderElectionTests.testChangeLeader(LeaderElectionTests.java:79)
	at sun.reflect.NativeMethodAccessorImpl.invoke0(Native Method)
	at sun.reflect.NativeMethodAccessorImpl.invoke(NativeMethodAccessorImpl.java:62)
	at sun.reflect.DelegatingMethodAccessorImpl.invoke(DelegatingMethodAccessorImpl.java:43)
	at java.lang.reflect.Method.invoke(Method.java:498)
	at org.junit.runners.model.FrameworkMethod$1.runReflectiveCall(FrameworkMethod.java:50)
	at org.junit.internal.runners.model.ReflectiveCallable.run(ReflectiveCallable.java:12)
	at org.junit.runners.model.FrameworkMethod.invokeExplosively(FrameworkMethod.java:47)
	at org.junit.internal.runners.statements.InvokeMethod.evaluate(InvokeMethod.java:17)
	at org.junit.internal.runners.statements.RunAfters.evaluate(RunAfters.java:27)
	at org.junit.internal.runners.statements.FailOnTimeout$CallableStatement.call(FailOnTimeout.java:298)
	at org.junit.internal.runners.statements.FailOnTimeout$CallableStatement.call(FailOnTimeout.java:292)
	at java.util.concurrent.FutureTask.run(FutureTask.java:266)
	at java.lang.Thread.run(Thread.java:748)
2019-09-24 16:05:54,399 WARN  ratis.RaftTestUtil (JavaUtils.java:attempt(158)) - FAILED "waitForLeader-null-(expectLeader? true)", attempt #4/100: java.lang.IllegalStateException: No leader yet : printing ALL groups
  s0:  RUNNING  FOLLOWER s0@group-DDA61F3D2864:t2, leader=null, voted=null, raftlog=s0@group-DDA61F3D2864-SegmentedRaftLog:OPENED:c-1,f-1,i0, conf=0: [s0:0.0.0.0:39545, s1:0.0.0.0:39945, s2:0.0.0.0:33605], old=null RUNNING
  s1:  RUNNING CANDIDATE s1@group-DDA61F3D2864:t3, leader=null, voted=s1, raftlog=s1@group-DDA61F3D2864-SegmentedRaftLog:OPENED:c-1,f-1,i0, conf=-1: [s0:0.0.0.0:39545, s1:0.0.0.0:39945, s2:0.0.0.0:33605], old=null RUNNING
  s2:  RUNNING  FOLLOWER s2@group-DDA61F3D2864:t2, leader=null, voted=s1, raftlog=s2@group-DDA61F3D2864-SegmentedRaftLog:OPENED:c-1,f-1,i0, conf=-1: [s0:0.0.0.0:39545, s1:0.0.0.0:39945, s2:0.0.0.0:33605], old=null RUNNING, sleep 450ms and then retry.
java.lang.IllegalStateException: No leader yet : printing ALL groups
  s0:  RUNNING  FOLLOWER s0@group-DDA61F3D2864:t2, leader=null, voted=null, raftlog=s0@group-DDA61F3D2864-SegmentedRaftLog:OPENED:c-1,f-1,i0, conf=0: [s0:0.0.0.0:39545, s1:0.0.0.0:39945, s2:0.0.0.0:33605], old=null RUNNING
  s1:  RUNNING CANDIDATE s1@group-DDA61F3D2864:t3, leader=null, voted=s1, raftlog=s1@group-DDA61F3D2864-SegmentedRaftLog:OPENED:c-1,f-1,i0, conf=-1: [s0:0.0.0.0:39545, s1:0.0.0.0:39945, s2:0.0.0.0:33605], old=null RUNNING
  s2:  RUNNING  FOLLOWER s2@group-DDA61F3D2864:t2, leader=null, voted=s1, raftlog=s2@group-DDA61F3D2864-SegmentedRaftLog:OPENED:c-1,f-1,i0, conf=-1: [s0:0.0.0.0:39545, s1:0.0.0.0:39945, s2:0.0.0.0:33605], old=null RUNNING
	at org.apache.ratis.MiniRaftCluster.newIllegalStateExceptionForNoLeaders(MiniRaftCluster.java:506)
	at org.apache.ratis.RaftTestUtil.lambda$waitForLeader$1(RaftTestUtil.java:90)
	at org.apache.ratis.MiniRaftCluster.getLeader(MiniRaftCluster.java:539)
	at org.apache.ratis.MiniRaftCluster.getLeader(MiniRaftCluster.java:532)
	at org.apache.ratis.RaftTestUtil.lambda$waitForLeader$3(RaftTestUtil.java:98)
	at org.apache.ratis.util.JavaUtils.attempt(JavaUtils.java:152)
	at org.apache.ratis.RaftTestUtil.waitForLeader(RaftTestUtil.java:97)
	at org.apache.ratis.RaftTestUtil.waitForLeader(RaftTestUtil.java:77)
	at org.apache.ratis.RaftTestUtil.waitForLeader(RaftTestUtil.java:72)
	at org.apache.ratis.server.impl.LeaderElectionTests.testChangeLeader(LeaderElectionTests.java:79)
	at sun.reflect.NativeMethodAccessorImpl.invoke0(Native Method)
	at sun.reflect.NativeMethodAccessorImpl.invoke(NativeMethodAccessorImpl.java:62)
	at sun.reflect.DelegatingMethodAccessorImpl.invoke(DelegatingMethodAccessorImpl.java:43)
	at java.lang.reflect.Method.invoke(Method.java:498)
	at org.junit.runners.model.FrameworkMethod$1.runReflectiveCall(FrameworkMethod.java:50)
	at org.junit.internal.runners.model.ReflectiveCallable.run(ReflectiveCallable.java:12)
	at org.junit.runners.model.FrameworkMethod.invokeExplosively(FrameworkMethod.java:47)
	at org.junit.internal.runners.statements.InvokeMethod.evaluate(InvokeMethod.java:17)
	at org.junit.internal.runners.statements.RunAfters.evaluate(RunAfters.java:27)
	at org.junit.internal.runners.statements.FailOnTimeout$CallableStatement.call(FailOnTimeout.java:298)
	at org.junit.internal.runners.statements.FailOnTimeout$CallableStatement.call(FailOnTimeout.java:292)
	at java.util.concurrent.FutureTask.run(FutureTask.java:266)
	at java.lang.Thread.run(Thread.java:748)
2019-09-24 16:05:54,850 WARN  ratis.RaftTestUtil (JavaUtils.java:attempt(158)) - FAILED "waitForLeader-null-(expectLeader? true)", attempt #5/100: java.lang.IllegalStateException: No leader yet : printing ALL groups
  s0:  RUNNING  FOLLOWER s0@group-DDA61F3D2864:t2, leader=null, voted=null, raftlog=s0@group-DDA61F3D2864-SegmentedRaftLog:OPENED:c-1,f-1,i0, conf=0: [s0:0.0.0.0:39545, s1:0.0.0.0:39945, s2:0.0.0.0:33605], old=null RUNNING
  s1:  RUNNING CANDIDATE s1@group-DDA61F3D2864:t3, leader=null, voted=s1, raftlog=s1@group-DDA61F3D2864-SegmentedRaftLog:OPENED:c-1,f-1,i0, conf=-1: [s0:0.0.0.0:39545, s1:0.0.0.0:39945, s2:0.0.0.0:33605], old=null RUNNING
  s2:  RUNNING  FOLLOWER s2@group-DDA61F3D2864:t2, leader=null, voted=s1, raftlog=s2@group-DDA61F3D2864-SegmentedRaftLog:OPENED:c-1,f-1,i0, conf=-1: [s0:0.0.0.0:39545, s1:0.0.0.0:39945, s2:0.0.0.0:33605], old=null RUNNING, sleep 450ms and then retry.
java.lang.IllegalStateException: No leader yet : printing ALL groups
  s0:  RUNNING  FOLLOWER s0@group-DDA61F3D2864:t2, leader=null, voted=null, raftlog=s0@group-DDA61F3D2864-SegmentedRaftLog:OPENED:c-1,f-1,i0, conf=0: [s0:0.0.0.0:39545, s1:0.0.0.0:39945, s2:0.0.0.0:33605], old=null RUNNING
  s1:  RUNNING CANDIDATE s1@group-DDA61F3D2864:t3, leader=null, voted=s1, raftlog=s1@group-DDA61F3D2864-SegmentedRaftLog:OPENED:c-1,f-1,i0, conf=-1: [s0:0.0.0.0:39545, s1:0.0.0.0:39945, s2:0.0.0.0:33605], old=null RUNNING
  s2:  RUNNING  FOLLOWER s2@group-DDA61F3D2864:t2, leader=null, voted=s1, raftlog=s2@group-DDA61F3D2864-SegmentedRaftLog:OPENED:c-1,f-1,i0, conf=-1: [s0:0.0.0.0:39545, s1:0.0.0.0:39945, s2:0.0.0.0:33605], old=null RUNNING
	at org.apache.ratis.MiniRaftCluster.newIllegalStateExceptionForNoLeaders(MiniRaftCluster.java:506)
	at org.apache.ratis.RaftTestUtil.lambda$waitForLeader$1(RaftTestUtil.java:90)
	at org.apache.ratis.MiniRaftCluster.getLeader(MiniRaftCluster.java:539)
	at org.apache.ratis.MiniRaftCluster.getLeader(MiniRaftCluster.java:532)
	at org.apache.ratis.RaftTestUtil.lambda$waitForLeader$3(RaftTestUtil.java:98)
	at org.apache.ratis.util.JavaUtils.attempt(JavaUtils.java:152)
	at org.apache.ratis.RaftTestUtil.waitForLeader(RaftTestUtil.java:97)
	at org.apache.ratis.RaftTestUtil.waitForLeader(RaftTestUtil.java:77)
	at org.apache.ratis.RaftTestUtil.waitForLeader(RaftTestUtil.java:72)
	at org.apache.ratis.server.impl.LeaderElectionTests.testChangeLeader(LeaderElectionTests.java:79)
	at sun.reflect.NativeMethodAccessorImpl.invoke0(Native Method)
	at sun.reflect.NativeMethodAccessorImpl.invoke(NativeMethodAccessorImpl.java:62)
	at sun.reflect.DelegatingMethodAccessorImpl.invoke(DelegatingMethodAccessorImpl.java:43)
	at java.lang.reflect.Method.invoke(Method.java:498)
	at org.junit.runners.model.FrameworkMethod$1.runReflectiveCall(FrameworkMethod.java:50)
	at org.junit.internal.runners.model.ReflectiveCallable.run(ReflectiveCallable.java:12)
	at org.junit.runners.model.FrameworkMethod.invokeExplosively(FrameworkMethod.java:47)
	at org.junit.internal.runners.statements.InvokeMethod.evaluate(InvokeMethod.java:17)
	at org.junit.internal.runners.statements.RunAfters.evaluate(RunAfters.java:27)
	at org.junit.internal.runners.statements.FailOnTimeout$CallableStatement.call(FailOnTimeout.java:298)
	at org.junit.internal.runners.statements.FailOnTimeout$CallableStatement.call(FailOnTimeout.java:292)
	at java.util.concurrent.FutureTask.run(FutureTask.java:266)
	at java.lang.Thread.run(Thread.java:748)
2019-09-24 16:05:55,302 WARN  ratis.RaftTestUtil (JavaUtils.java:attempt(158)) - FAILED "waitForLeader-null-(expectLeader? true)", attempt #6/100: java.lang.IllegalStateException: No leader yet : printing ALL groups
  s0:  RUNNING  FOLLOWER s0@group-DDA61F3D2864:t2, leader=null, voted=null, raftlog=s0@group-DDA61F3D2864-SegmentedRaftLog:OPENED:c-1,f-1,i0, conf=0: [s0:0.0.0.0:39545, s1:0.0.0.0:39945, s2:0.0.0.0:33605], old=null RUNNING
  s1:  RUNNING CANDIDATE s1@group-DDA61F3D2864:t3, leader=null, voted=s1, raftlog=s1@group-DDA61F3D2864-SegmentedRaftLog:OPENED:c-1,f-1,i0, conf=-1: [s0:0.0.0.0:39545, s1:0.0.0.0:39945, s2:0.0.0.0:33605], old=null RUNNING
  s2:  RUNNING  FOLLOWER s2@group-DDA61F3D2864:t2, leader=null, voted=s1, raftlog=s2@group-DDA61F3D2864-SegmentedRaftLog:OPENED:c-1,f-1,i0, conf=-1: [s0:0.0.0.0:39545, s1:0.0.0.0:39945, s2:0.0.0.0:33605], old=null RUNNING, sleep 450ms and then retry.
java.lang.IllegalStateException: No leader yet : printing ALL groups
  s0:  RUNNING  FOLLOWER s0@group-DDA61F3D2864:t2, leader=null, voted=null, raftlog=s0@group-DDA61F3D2864-SegmentedRaftLog:OPENED:c-1,f-1,i0, conf=0: [s0:0.0.0.0:39545, s1:0.0.0.0:39945, s2:0.0.0.0:33605], old=null RUNNING
  s1:  RUNNING CANDIDATE s1@group-DDA61F3D2864:t3, leader=null, voted=s1, raftlog=s1@group-DDA61F3D2864-SegmentedRaftLog:OPENED:c-1,f-1,i0, conf=-1: [s0:0.0.0.0:39545, s1:0.0.0.0:39945, s2:0.0.0.0:33605], old=null RUNNING
  s2:  RUNNING  FOLLOWER s2@group-DDA61F3D2864:t2, leader=null, voted=s1, raftlog=s2@group-DDA61F3D2864-SegmentedRaftLog:OPENED:c-1,f-1,i0, conf=-1: [s0:0.0.0.0:39545, s1:0.0.0.0:39945, s2:0.0.0.0:33605], old=null RUNNING
	at org.apache.ratis.MiniRaftCluster.newIllegalStateExceptionForNoLeaders(MiniRaftCluster.java:506)
	at org.apache.ratis.RaftTestUtil.lambda$waitForLeader$1(RaftTestUtil.java:90)
	at org.apache.ratis.MiniRaftCluster.getLeader(MiniRaftCluster.java:539)
	at org.apache.ratis.MiniRaftCluster.getLeader(MiniRaftCluster.java:532)
	at org.apache.ratis.RaftTestUtil.lambda$waitForLeader$3(RaftTestUtil.java:98)
	at org.apache.ratis.util.JavaUtils.attempt(JavaUtils.java:152)
	at org.apache.ratis.RaftTestUtil.waitForLeader(RaftTestUtil.java:97)
	at org.apache.ratis.RaftTestUtil.waitForLeader(RaftTestUtil.java:77)
	at org.apache.ratis.RaftTestUtil.waitForLeader(RaftTestUtil.java:72)
	at org.apache.ratis.server.impl.LeaderElectionTests.testChangeLeader(LeaderElectionTests.java:79)
	at sun.reflect.NativeMethodAccessorImpl.invoke0(Native Method)
	at sun.reflect.NativeMethodAccessorImpl.invoke(NativeMethodAccessorImpl.java:62)
	at sun.reflect.DelegatingMethodAccessorImpl.invoke(DelegatingMethodAccessorImpl.java:43)
	at java.lang.reflect.Method.invoke(Method.java:498)
	at org.junit.runners.model.FrameworkMethod$1.runReflectiveCall(FrameworkMethod.java:50)
	at org.junit.internal.runners.model.ReflectiveCallable.run(ReflectiveCallable.java:12)
	at org.junit.runners.model.FrameworkMethod.invokeExplosively(FrameworkMethod.java:47)
	at org.junit.internal.runners.statements.InvokeMethod.evaluate(InvokeMethod.java:17)
	at org.junit.internal.runners.statements.RunAfters.evaluate(RunAfters.java:27)
	at org.junit.internal.runners.statements.FailOnTimeout$CallableStatement.call(FailOnTimeout.java:298)
	at org.junit.internal.runners.statements.FailOnTimeout$CallableStatement.call(FailOnTimeout.java:292)
	at java.util.concurrent.FutureTask.run(FutureTask.java:266)
	at java.lang.Thread.run(Thread.java:748)
2019-09-24 16:05:55,753 WARN  ratis.RaftTestUtil (JavaUtils.java:attempt(158)) - FAILED "waitForLeader-null-(expectLeader? true)", attempt #7/100: java.lang.IllegalStateException: No leader yet : printing ALL groups
  s0:  RUNNING  FOLLOWER s0@group-DDA61F3D2864:t2, leader=null, voted=null, raftlog=s0@group-DDA61F3D2864-SegmentedRaftLog:OPENED:c-1,f-1,i0, conf=0: [s0:0.0.0.0:39545, s1:0.0.0.0:39945, s2:0.0.0.0:33605], old=null RUNNING
  s1:  RUNNING CANDIDATE s1@group-DDA61F3D2864:t3, leader=null, voted=s1, raftlog=s1@group-DDA61F3D2864-SegmentedRaftLog:OPENED:c-1,f-1,i0, conf=-1: [s0:0.0.0.0:39545, s1:0.0.0.0:39945, s2:0.0.0.0:33605], old=null RUNNING
  s2:  RUNNING  FOLLOWER s2@group-DDA61F3D2864:t2, leader=null, voted=s1, raftlog=s2@group-DDA61F3D2864-SegmentedRaftLog:OPENED:c-1,f-1,i0, conf=-1: [s0:0.0.0.0:39545, s1:0.0.0.0:39945, s2:0.0.0.0:33605], old=null RUNNING, sleep 450ms and then retry.
java.lang.IllegalStateException: No leader yet : printing ALL groups
  s0:  RUNNING  FOLLOWER s0@group-DDA61F3D2864:t2, leader=null, voted=null, raftlog=s0@group-DDA61F3D2864-SegmentedRaftLog:OPENED:c-1,f-1,i0, conf=0: [s0:0.0.0.0:39545, s1:0.0.0.0:39945, s2:0.0.0.0:33605], old=null RUNNING
  s1:  RUNNING CANDIDATE s1@group-DDA61F3D2864:t3, leader=null, voted=s1, raftlog=s1@group-DDA61F3D2864-SegmentedRaftLog:OPENED:c-1,f-1,i0, conf=-1: [s0:0.0.0.0:39545, s1:0.0.0.0:39945, s2:0.0.0.0:33605], old=null RUNNING
  s2:  RUNNING  FOLLOWER s2@group-DDA61F3D2864:t2, leader=null, voted=s1, raftlog=s2@group-DDA61F3D2864-SegmentedRaftLog:OPENED:c-1,f-1,i0, conf=-1: [s0:0.0.0.0:39545, s1:0.0.0.0:39945, s2:0.0.0.0:33605], old=null RUNNING
	at org.apache.ratis.MiniRaftCluster.newIllegalStateExceptionForNoLeaders(MiniRaftCluster.java:506)
	at org.apache.ratis.RaftTestUtil.lambda$waitForLeader$1(RaftTestUtil.java:90)
	at org.apache.ratis.MiniRaftCluster.getLeader(MiniRaftCluster.java:539)
	at org.apache.ratis.MiniRaftCluster.getLeader(MiniRaftCluster.java:532)
	at org.apache.ratis.RaftTestUtil.lambda$waitForLeader$3(RaftTestUtil.java:98)
	at org.apache.ratis.util.JavaUtils.attempt(JavaUtils.java:152)
	at org.apache.ratis.RaftTestUtil.waitForLeader(RaftTestUtil.java:97)
	at org.apache.ratis.RaftTestUtil.waitForLeader(RaftTestUtil.java:77)
	at org.apache.ratis.RaftTestUtil.waitForLeader(RaftTestUtil.java:72)
	at org.apache.ratis.server.impl.LeaderElectionTests.testChangeLeader(LeaderElectionTests.java:79)
	at sun.reflect.NativeMethodAccessorImpl.invoke0(Native Method)
	at sun.reflect.NativeMethodAccessorImpl.invoke(NativeMethodAccessorImpl.java:62)
	at sun.reflect.DelegatingMethodAccessorImpl.invoke(DelegatingMethodAccessorImpl.java:43)
	at java.lang.reflect.Method.invoke(Method.java:498)
	at org.junit.runners.model.FrameworkMethod$1.runReflectiveCall(FrameworkMethod.java:50)
	at org.junit.internal.runners.model.ReflectiveCallable.run(ReflectiveCallable.java:12)
	at org.junit.runners.model.FrameworkMethod.invokeExplosively(FrameworkMethod.java:47)
	at org.junit.internal.runners.statements.InvokeMethod.evaluate(InvokeMethod.java:17)
	at org.junit.internal.runners.statements.RunAfters.evaluate(RunAfters.java:27)
	at org.junit.internal.runners.statements.FailOnTimeout$CallableStatement.call(FailOnTimeout.java:298)
	at org.junit.internal.runners.statements.FailOnTimeout$CallableStatement.call(FailOnTimeout.java:292)
	at java.util.concurrent.FutureTask.run(FutureTask.java:266)
	at java.lang.Thread.run(Thread.java:748)
2019-09-24 16:05:56,205 WARN  ratis.RaftTestUtil (JavaUtils.java:attempt(158)) - FAILED "waitForLeader-null-(expectLeader? true)", attempt #8/100: java.lang.IllegalStateException: No leader yet : printing ALL groups
  s0:  RUNNING  FOLLOWER s0@group-DDA61F3D2864:t2, leader=null, voted=null, raftlog=s0@group-DDA61F3D2864-SegmentedRaftLog:OPENED:c-1,f-1,i0, conf=0: [s0:0.0.0.0:39545, s1:0.0.0.0:39945, s2:0.0.0.0:33605], old=null RUNNING
  s1:  RUNNING CANDIDATE s1@group-DDA61F3D2864:t3, leader=null, voted=s1, raftlog=s1@group-DDA61F3D2864-SegmentedRaftLog:OPENED:c-1,f-1,i0, conf=-1: [s0:0.0.0.0:39545, s1:0.0.0.0:39945, s2:0.0.0.0:33605], old=null RUNNING
  s2:  RUNNING  FOLLOWER s2@group-DDA61F3D2864:t2, leader=null, voted=s1, raftlog=s2@group-DDA61F3D2864-SegmentedRaftLog:OPENED:c-1,f-1,i0, conf=-1: [s0:0.0.0.0:39545, s1:0.0.0.0:39945, s2:0.0.0.0:33605], old=null RUNNING, sleep 450ms and then retry.
java.lang.IllegalStateException: No leader yet : printing ALL groups
  s0:  RUNNING  FOLLOWER s0@group-DDA61F3D2864:t2, leader=null, voted=null, raftlog=s0@group-DDA61F3D2864-SegmentedRaftLog:OPENED:c-1,f-1,i0, conf=0: [s0:0.0.0.0:39545, s1:0.0.0.0:39945, s2:0.0.0.0:33605], old=null RUNNING
  s1:  RUNNING CANDIDATE s1@group-DDA61F3D2864:t3, leader=null, voted=s1, raftlog=s1@group-DDA61F3D2864-SegmentedRaftLog:OPENED:c-1,f-1,i0, conf=-1: [s0:0.0.0.0:39545, s1:0.0.0.0:39945, s2:0.0.0.0:33605], old=null RUNNING
  s2:  RUNNING  FOLLOWER s2@group-DDA61F3D2864:t2, leader=null, voted=s1, raftlog=s2@group-DDA61F3D2864-SegmentedRaftLog:OPENED:c-1,f-1,i0, conf=-1: [s0:0.0.0.0:39545, s1:0.0.0.0:39945, s2:0.0.0.0:33605], old=null RUNNING
	at org.apache.ratis.MiniRaftCluster.newIllegalStateExceptionForNoLeaders(MiniRaftCluster.java:506)
	at org.apache.ratis.RaftTestUtil.lambda$waitForLeader$1(RaftTestUtil.java:90)
	at org.apache.ratis.MiniRaftCluster.getLeader(MiniRaftCluster.java:539)
	at org.apache.ratis.MiniRaftCluster.getLeader(MiniRaftCluster.java:532)
	at org.apache.ratis.RaftTestUtil.lambda$waitForLeader$3(RaftTestUtil.java:98)
	at org.apache.ratis.util.JavaUtils.attempt(JavaUtils.java:152)
	at org.apache.ratis.RaftTestUtil.waitForLeader(RaftTestUtil.java:97)
	at org.apache.ratis.RaftTestUtil.waitForLeader(RaftTestUtil.java:77)
	at org.apache.ratis.RaftTestUtil.waitForLeader(RaftTestUtil.java:72)
	at org.apache.ratis.server.impl.LeaderElectionTests.testChangeLeader(LeaderElectionTests.java:79)
	at sun.reflect.NativeMethodAccessorImpl.invoke0(Native Method)
	at sun.reflect.NativeMethodAccessorImpl.invoke(NativeMethodAccessorImpl.java:62)
	at sun.reflect.DelegatingMethodAccessorImpl.invoke(DelegatingMethodAccessorImpl.java:43)
	at java.lang.reflect.Method.invoke(Method.java:498)
	at org.junit.runners.model.FrameworkMethod$1.runReflectiveCall(FrameworkMethod.java:50)
	at org.junit.internal.runners.model.ReflectiveCallable.run(ReflectiveCallable.java:12)
	at org.junit.runners.model.FrameworkMethod.invokeExplosively(FrameworkMethod.java:47)
	at org.junit.internal.runners.statements.InvokeMethod.evaluate(InvokeMethod.java:17)
	at org.junit.internal.runners.statements.RunAfters.evaluate(RunAfters.java:27)
	at org.junit.internal.runners.statements.FailOnTimeout$CallableStatement.call(FailOnTimeout.java:298)
	at org.junit.internal.runners.statements.FailOnTimeout$CallableStatement.call(FailOnTimeout.java:292)
	at java.util.concurrent.FutureTask.run(FutureTask.java:266)
	at java.lang.Thread.run(Thread.java:748)
2019-09-24 16:05:56,657 WARN  ratis.RaftTestUtil (JavaUtils.java:attempt(158)) - FAILED "waitForLeader-null-(expectLeader? true)", attempt #9/100: java.lang.IllegalStateException: No leader yet : printing ALL groups
  s0:  RUNNING  FOLLOWER s0@group-DDA61F3D2864:t2, leader=null, voted=null, raftlog=s0@group-DDA61F3D2864-SegmentedRaftLog:OPENED:c-1,f-1,i0, conf=0: [s0:0.0.0.0:39545, s1:0.0.0.0:39945, s2:0.0.0.0:33605], old=null RUNNING
  s1:  RUNNING CANDIDATE s1@group-DDA61F3D2864:t3, leader=null, voted=s1, raftlog=s1@group-DDA61F3D2864-SegmentedRaftLog:OPENED:c-1,f-1,i0, conf=-1: [s0:0.0.0.0:39545, s1:0.0.0.0:39945, s2:0.0.0.0:33605], old=null RUNNING
  s2:  RUNNING  FOLLOWER s2@group-DDA61F3D2864:t2, leader=null, voted=s1, raftlog=s2@group-DDA61F3D2864-SegmentedRaftLog:OPENED:c-1,f-1,i0, conf=-1: [s0:0.0.0.0:39545, s1:0.0.0.0:39945, s2:0.0.0.0:33605], old=null RUNNING, sleep 450ms and then retry.
java.lang.IllegalStateException: No leader yet : printing ALL groups
  s0:  RUNNING  FOLLOWER s0@group-DDA61F3D2864:t2, leader=null, voted=null, raftlog=s0@group-DDA61F3D2864-SegmentedRaftLog:OPENED:c-1,f-1,i0, conf=0: [s0:0.0.0.0:39545, s1:0.0.0.0:39945, s2:0.0.0.0:33605], old=null RUNNING
  s1:  RUNNING CANDIDATE s1@group-DDA61F3D2864:t3, leader=null, voted=s1, raftlog=s1@group-DDA61F3D2864-SegmentedRaftLog:OPENED:c-1,f-1,i0, conf=-1: [s0:0.0.0.0:39545, s1:0.0.0.0:39945, s2:0.0.0.0:33605], old=null RUNNING
  s2:  RUNNING  FOLLOWER s2@group-DDA61F3D2864:t2, leader=null, voted=s1, raftlog=s2@group-DDA61F3D2864-SegmentedRaftLog:OPENED:c-1,f-1,i0, conf=-1: [s0:0.0.0.0:39545, s1:0.0.0.0:39945, s2:0.0.0.0:33605], old=null RUNNING
	at org.apache.ratis.MiniRaftCluster.newIllegalStateExceptionForNoLeaders(MiniRaftCluster.java:506)
	at org.apache.ratis.RaftTestUtil.lambda$waitForLeader$1(RaftTestUtil.java:90)
	at org.apache.ratis.MiniRaftCluster.getLeader(MiniRaftCluster.java:539)
	at org.apache.ratis.MiniRaftCluster.getLeader(MiniRaftCluster.java:532)
	at org.apache.ratis.RaftTestUtil.lambda$waitForLeader$3(RaftTestUtil.java:98)
	at org.apache.ratis.util.JavaUtils.attempt(JavaUtils.java:152)
	at org.apache.ratis.RaftTestUtil.waitForLeader(RaftTestUtil.java:97)
	at org.apache.ratis.RaftTestUtil.waitForLeader(RaftTestUtil.java:77)
	at org.apache.ratis.RaftTestUtil.waitForLeader(RaftTestUtil.java:72)
	at org.apache.ratis.server.impl.LeaderElectionTests.testChangeLeader(LeaderElectionTests.java:79)
	at sun.reflect.NativeMethodAccessorImpl.invoke0(Native Method)
	at sun.reflect.NativeMethodAccessorImpl.invoke(NativeMethodAccessorImpl.java:62)
	at sun.reflect.DelegatingMethodAccessorImpl.invoke(DelegatingMethodAccessorImpl.java:43)
	at java.lang.reflect.Method.invoke(Method.java:498)
	at org.junit.runners.model.FrameworkMethod$1.runReflectiveCall(FrameworkMethod.java:50)
	at org.junit.internal.runners.model.ReflectiveCallable.run(ReflectiveCallable.java:12)
	at org.junit.runners.model.FrameworkMethod.invokeExplosively(FrameworkMethod.java:47)
	at org.junit.internal.runners.statements.InvokeMethod.evaluate(InvokeMethod.java:17)
	at org.junit.internal.runners.statements.RunAfters.evaluate(RunAfters.java:27)
	at org.junit.internal.runners.statements.FailOnTimeout$CallableStatement.call(FailOnTimeout.java:298)
	at org.junit.internal.runners.statements.FailOnTimeout$CallableStatement.call(FailOnTimeout.java:292)
	at java.util.concurrent.FutureTask.run(FutureTask.java:266)
	at java.lang.Thread.run(Thread.java:748)
2019-09-24 16:05:57,109 WARN  ratis.RaftTestUtil (JavaUtils.java:attempt(158)) - FAILED "waitForLeader-null-(expectLeader? true)", attempt #10/100: java.lang.IllegalStateException: No leader yet : printing ALL groups
  s0:  RUNNING  FOLLOWER s0@group-DDA61F3D2864:t2, leader=null, voted=null, raftlog=s0@group-DDA61F3D2864-SegmentedRaftLog:OPENED:c-1,f-1,i0, conf=0: [s0:0.0.0.0:39545, s1:0.0.0.0:39945, s2:0.0.0.0:33605], old=null RUNNING
  s1:  RUNNING CANDIDATE s1@group-DDA61F3D2864:t3, leader=null, voted=s1, raftlog=s1@group-DDA61F3D2864-SegmentedRaftLog:OPENED:c-1,f-1,i0, conf=-1: [s0:0.0.0.0:39545, s1:0.0.0.0:39945, s2:0.0.0.0:33605], old=null RUNNING
  s2:  RUNNING  FOLLOWER s2@group-DDA61F3D2864:t2, leader=null, voted=s1, raftlog=s2@group-DDA61F3D2864-SegmentedRaftLog:OPENED:c-1,f-1,i0, conf=-1: [s0:0.0.0.0:39545, s1:0.0.0.0:39945, s2:0.0.0.0:33605], old=null RUNNING, sleep 450ms and then retry.
java.lang.IllegalStateException: No leader yet : printing ALL groups
  s0:  RUNNING  FOLLOWER s0@group-DDA61F3D2864:t2, leader=null, voted=null, raftlog=s0@group-DDA61F3D2864-SegmentedRaftLog:OPENED:c-1,f-1,i0, conf=0: [s0:0.0.0.0:39545, s1:0.0.0.0:39945, s2:0.0.0.0:33605], old=null RUNNING
  s1:  RUNNING CANDIDATE s1@group-DDA61F3D2864:t3, leader=null, voted=s1, raftlog=s1@group-DDA61F3D2864-SegmentedRaftLog:OPENED:c-1,f-1,i0, conf=-1: [s0:0.0.0.0:39545, s1:0.0.0.0:39945, s2:0.0.0.0:33605], old=null RUNNING
  s2:  RUNNING  FOLLOWER s2@group-DDA61F3D2864:t2, leader=null, voted=s1, raftlog=s2@group-DDA61F3D2864-SegmentedRaftLog:OPENED:c-1,f-1,i0, conf=-1: [s0:0.0.0.0:39545, s1:0.0.0.0:39945, s2:0.0.0.0:33605], old=null RUNNING
	at org.apache.ratis.MiniRaftCluster.newIllegalStateExceptionForNoLeaders(MiniRaftCluster.java:506)
	at org.apache.ratis.RaftTestUtil.lambda$waitForLeader$1(RaftTestUtil.java:90)
	at org.apache.ratis.MiniRaftCluster.getLeader(MiniRaftCluster.java:539)
	at org.apache.ratis.MiniRaftCluster.getLeader(MiniRaftCluster.java:532)
	at org.apache.ratis.RaftTestUtil.lambda$waitForLeader$3(RaftTestUtil.java:98)
	at org.apache.ratis.util.JavaUtils.attempt(JavaUtils.java:152)
	at org.apache.ratis.RaftTestUtil.waitForLeader(RaftTestUtil.java:97)
	at org.apache.ratis.RaftTestUtil.waitForLeader(RaftTestUtil.java:77)
	at org.apache.ratis.RaftTestUtil.waitForLeader(RaftTestUtil.java:72)
	at org.apache.ratis.server.impl.LeaderElectionTests.testChangeLeader(LeaderElectionTests.java:79)
	at sun.reflect.NativeMethodAccessorImpl.invoke0(Native Method)
	at sun.reflect.NativeMethodAccessorImpl.invoke(NativeMethodAccessorImpl.java:62)
	at sun.reflect.DelegatingMethodAccessorImpl.invoke(DelegatingMethodAccessorImpl.java:43)
	at java.lang.reflect.Method.invoke(Method.java:498)
	at org.junit.runners.model.FrameworkMethod$1.runReflectiveCall(FrameworkMethod.java:50)
	at org.junit.internal.runners.model.ReflectiveCallable.run(ReflectiveCallable.java:12)
	at org.junit.runners.model.FrameworkMethod.invokeExplosively(FrameworkMethod.java:47)
	at org.junit.internal.runners.statements.InvokeMethod.evaluate(InvokeMethod.java:17)
	at org.junit.internal.runners.statements.RunAfters.evaluate(RunAfters.java:27)
	at org.junit.internal.runners.statements.FailOnTimeout$CallableStatement.call(FailOnTimeout.java:298)
	at org.junit.internal.runners.statements.FailOnTimeout$CallableStatement.call(FailOnTimeout.java:292)
	at java.util.concurrent.FutureTask.run(FutureTask.java:266)
	at java.lang.Thread.run(Thread.java:748)
2019-09-24 16:05:57,560 WARN  ratis.RaftTestUtil (JavaUtils.java:attempt(158)) - FAILED "waitForLeader-null-(expectLeader? true)", attempt #11/100: java.lang.IllegalStateException: No leader yet : printing ALL groups
  s0:  RUNNING  FOLLOWER s0@group-DDA61F3D2864:t2, leader=null, voted=null, raftlog=s0@group-DDA61F3D2864-SegmentedRaftLog:OPENED:c-1,f-1,i0, conf=0: [s0:0.0.0.0:39545, s1:0.0.0.0:39945, s2:0.0.0.0:33605], old=null RUNNING
  s1:  RUNNING CANDIDATE s1@group-DDA61F3D2864:t3, leader=null, voted=s1, raftlog=s1@group-DDA61F3D2864-SegmentedRaftLog:OPENED:c-1,f-1,i0, conf=-1: [s0:0.0.0.0:39545, s1:0.0.0.0:39945, s2:0.0.0.0:33605], old=null RUNNING
  s2:  RUNNING  FOLLOWER s2@group-DDA61F3D2864:t2, leader=null, voted=s1, raftlog=s2@group-DDA61F3D2864-SegmentedRaftLog:OPENED:c-1,f-1,i0, conf=-1: [s0:0.0.0.0:39545, s1:0.0.0.0:39945, s2:0.0.0.0:33605], old=null RUNNING, sleep 450ms and then retry.
java.lang.IllegalStateException: No leader yet : printing ALL groups
  s0:  RUNNING  FOLLOWER s0@group-DDA61F3D2864:t2, leader=null, voted=null, raftlog=s0@group-DDA61F3D2864-SegmentedRaftLog:OPENED:c-1,f-1,i0, conf=0: [s0:0.0.0.0:39545, s1:0.0.0.0:39945, s2:0.0.0.0:33605], old=null RUNNING
  s1:  RUNNING CANDIDATE s1@group-DDA61F3D2864:t3, leader=null, voted=s1, raftlog=s1@group-DDA61F3D2864-SegmentedRaftLog:OPENED:c-1,f-1,i0, conf=-1: [s0:0.0.0.0:39545, s1:0.0.0.0:39945, s2:0.0.0.0:33605], old=null RUNNING
  s2:  RUNNING  FOLLOWER s2@group-DDA61F3D2864:t2, leader=null, voted=s1, raftlog=s2@group-DDA61F3D2864-SegmentedRaftLog:OPENED:c-1,f-1,i0, conf=-1: [s0:0.0.0.0:39545, s1:0.0.0.0:39945, s2:0.0.0.0:33605], old=null RUNNING
	at org.apache.ratis.MiniRaftCluster.newIllegalStateExceptionForNoLeaders(MiniRaftCluster.java:506)
	at org.apache.ratis.RaftTestUtil.lambda$waitForLeader$1(RaftTestUtil.java:90)
	at org.apache.ratis.MiniRaftCluster.getLeader(MiniRaftCluster.java:539)
	at org.apache.ratis.MiniRaftCluster.getLeader(MiniRaftCluster.java:532)
	at org.apache.ratis.RaftTestUtil.lambda$waitForLeader$3(RaftTestUtil.java:98)
	at org.apache.ratis.util.JavaUtils.attempt(JavaUtils.java:152)
	at org.apache.ratis.RaftTestUtil.waitForLeader(RaftTestUtil.java:97)
	at org.apache.ratis.RaftTestUtil.waitForLeader(RaftTestUtil.java:77)
	at org.apache.ratis.RaftTestUtil.waitForLeader(RaftTestUtil.java:72)
	at org.apache.ratis.server.impl.LeaderElectionTests.testChangeLeader(LeaderElectionTests.java:79)
	at sun.reflect.NativeMethodAccessorImpl.invoke0(Native Method)
	at sun.reflect.NativeMethodAccessorImpl.invoke(NativeMethodAccessorImpl.java:62)
	at sun.reflect.DelegatingMethodAccessorImpl.invoke(DelegatingMethodAccessorImpl.java:43)
	at java.lang.reflect.Method.invoke(Method.java:498)
	at org.junit.runners.model.FrameworkMethod$1.runReflectiveCall(FrameworkMethod.java:50)
	at org.junit.internal.runners.model.ReflectiveCallable.run(ReflectiveCallable.java:12)
	at org.junit.runners.model.FrameworkMethod.invokeExplosively(FrameworkMethod.java:47)
	at org.junit.internal.runners.statements.InvokeMethod.evaluate(InvokeMethod.java:17)
	at org.junit.internal.runners.statements.RunAfters.evaluate(RunAfters.java:27)
	at org.junit.internal.runners.statements.FailOnTimeout$CallableStatement.call(FailOnTimeout.java:298)
	at org.junit.internal.runners.statements.FailOnTimeout$CallableStatement.call(FailOnTimeout.java:292)
	at java.util.concurrent.FutureTask.run(FutureTask.java:266)
	at java.lang.Thread.run(Thread.java:748)
2019-09-24 16:05:58,012 WARN  ratis.RaftTestUtil (JavaUtils.java:attempt(158)) - FAILED "waitForLeader-null-(expectLeader? true)", attempt #12/100: java.lang.IllegalStateException: No leader yet : printing ALL groups
  s0:  RUNNING  FOLLOWER s0@group-DDA61F3D2864:t2, leader=null, voted=null, raftlog=s0@group-DDA61F3D2864-SegmentedRaftLog:OPENED:c-1,f-1,i0, conf=0: [s0:0.0.0.0:39545, s1:0.0.0.0:39945, s2:0.0.0.0:33605], old=null RUNNING
  s1:  RUNNING CANDIDATE s1@group-DDA61F3D2864:t3, leader=null, voted=s1, raftlog=s1@group-DDA61F3D2864-SegmentedRaftLog:OPENED:c-1,f-1,i0, conf=-1: [s0:0.0.0.0:39545, s1:0.0.0.0:39945, s2:0.0.0.0:33605], old=null RUNNING
  s2:  RUNNING  FOLLOWER s2@group-DDA61F3D2864:t2, leader=null, voted=s1, raftlog=s2@group-DDA61F3D2864-SegmentedRaftLog:OPENED:c-1,f-1,i0, conf=-1: [s0:0.0.0.0:39545, s1:0.0.0.0:39945, s2:0.0.0.0:33605], old=null RUNNING, sleep 450ms and then retry.
java.lang.IllegalStateException: No leader yet : printing ALL groups
  s0:  RUNNING  FOLLOWER s0@group-DDA61F3D2864:t2, leader=null, voted=null, raftlog=s0@group-DDA61F3D2864-SegmentedRaftLog:OPENED:c-1,f-1,i0, conf=0: [s0:0.0.0.0:39545, s1:0.0.0.0:39945, s2:0.0.0.0:33605], old=null RUNNING
  s1:  RUNNING CANDIDATE s1@group-DDA61F3D2864:t3, leader=null, voted=s1, raftlog=s1@group-DDA61F3D2864-SegmentedRaftLog:OPENED:c-1,f-1,i0, conf=-1: [s0:0.0.0.0:39545, s1:0.0.0.0:39945, s2:0.0.0.0:33605], old=null RUNNING
  s2:  RUNNING  FOLLOWER s2@group-DDA61F3D2864:t2, leader=null, voted=s1, raftlog=s2@group-DDA61F3D2864-SegmentedRaftLog:OPENED:c-1,f-1,i0, conf=-1: [s0:0.0.0.0:39545, s1:0.0.0.0:39945, s2:0.0.0.0:33605], old=null RUNNING
	at org.apache.ratis.MiniRaftCluster.newIllegalStateExceptionForNoLeaders(MiniRaftCluster.java:506)
	at org.apache.ratis.RaftTestUtil.lambda$waitForLeader$1(RaftTestUtil.java:90)
	at org.apache.ratis.MiniRaftCluster.getLeader(MiniRaftCluster.java:539)
	at org.apache.ratis.MiniRaftCluster.getLeader(MiniRaftCluster.java:532)
	at org.apache.ratis.RaftTestUtil.lambda$waitForLeader$3(RaftTestUtil.java:98)
	at org.apache.ratis.util.JavaUtils.attempt(JavaUtils.java:152)
	at org.apache.ratis.RaftTestUtil.waitForLeader(RaftTestUtil.java:97)
	at org.apache.ratis.RaftTestUtil.waitForLeader(RaftTestUtil.java:77)
	at org.apache.ratis.RaftTestUtil.waitForLeader(RaftTestUtil.java:72)
	at org.apache.ratis.server.impl.LeaderElectionTests.testChangeLeader(LeaderElectionTests.java:79)
	at sun.reflect.NativeMethodAccessorImpl.invoke0(Native Method)
	at sun.reflect.NativeMethodAccessorImpl.invoke(NativeMethodAccessorImpl.java:62)
	at sun.reflect.DelegatingMethodAccessorImpl.invoke(DelegatingMethodAccessorImpl.java:43)
	at java.lang.reflect.Method.invoke(Method.java:498)
	at org.junit.runners.model.FrameworkMethod$1.runReflectiveCall(FrameworkMethod.java:50)
	at org.junit.internal.runners.model.ReflectiveCallable.run(ReflectiveCallable.java:12)
	at org.junit.runners.model.FrameworkMethod.invokeExplosively(FrameworkMethod.java:47)
	at org.junit.internal.runners.statements.InvokeMethod.evaluate(InvokeMethod.java:17)
	at org.junit.internal.runners.statements.RunAfters.evaluate(RunAfters.java:27)
	at org.junit.internal.runners.statements.FailOnTimeout$CallableStatement.call(FailOnTimeout.java:298)
	at org.junit.internal.runners.statements.FailOnTimeout$CallableStatement.call(FailOnTimeout.java:292)
	at java.util.concurrent.FutureTask.run(FutureTask.java:266)
	at java.lang.Thread.run(Thread.java:748)
2019-09-24 16:05:58,463 WARN  ratis.RaftTestUtil (JavaUtils.java:attempt(158)) - FAILED "waitForLeader-null-(expectLeader? true)", attempt #13/100: java.lang.IllegalStateException: No leader yet : printing ALL groups
  s0:  RUNNING  FOLLOWER s0@group-DDA61F3D2864:t2, leader=null, voted=null, raftlog=s0@group-DDA61F3D2864-SegmentedRaftLog:OPENED:c-1,f-1,i0, conf=0: [s0:0.0.0.0:39545, s1:0.0.0.0:39945, s2:0.0.0.0:33605], old=null RUNNING
  s1:  RUNNING CANDIDATE s1@group-DDA61F3D2864:t3, leader=null, voted=s1, raftlog=s1@group-DDA61F3D2864-SegmentedRaftLog:OPENED:c-1,f-1,i0, conf=-1: [s0:0.0.0.0:39545, s1:0.0.0.0:39945, s2:0.0.0.0:33605], old=null RUNNING
  s2:  RUNNING  FOLLOWER s2@group-DDA61F3D2864:t2, leader=null, voted=s1, raftlog=s2@group-DDA61F3D2864-SegmentedRaftLog:OPENED:c-1,f-1,i0, conf=-1: [s0:0.0.0.0:39545, s1:0.0.0.0:39945, s2:0.0.0.0:33605], old=null RUNNING, sleep 450ms and then retry.
java.lang.IllegalStateException: No leader yet : printing ALL groups
  s0:  RUNNING  FOLLOWER s0@group-DDA61F3D2864:t2, leader=null, voted=null, raftlog=s0@group-DDA61F3D2864-SegmentedRaftLog:OPENED:c-1,f-1,i0, conf=0: [s0:0.0.0.0:39545, s1:0.0.0.0:39945, s2:0.0.0.0:33605], old=null RUNNING
  s1:  RUNNING CANDIDATE s1@group-DDA61F3D2864:t3, leader=null, voted=s1, raftlog=s1@group-DDA61F3D2864-SegmentedRaftLog:OPENED:c-1,f-1,i0, conf=-1: [s0:0.0.0.0:39545, s1:0.0.0.0:39945, s2:0.0.0.0:33605], old=null RUNNING
  s2:  RUNNING  FOLLOWER s2@group-DDA61F3D2864:t2, leader=null, voted=s1, raftlog=s2@group-DDA61F3D2864-SegmentedRaftLog:OPENED:c-1,f-1,i0, conf=-1: [s0:0.0.0.0:39545, s1:0.0.0.0:39945, s2:0.0.0.0:33605], old=null RUNNING
	at org.apache.ratis.MiniRaftCluster.newIllegalStateExceptionForNoLeaders(MiniRaftCluster.java:506)
	at org.apache.ratis.RaftTestUtil.lambda$waitForLeader$1(RaftTestUtil.java:90)
	at org.apache.ratis.MiniRaftCluster.getLeader(MiniRaftCluster.java:539)
	at org.apache.ratis.MiniRaftCluster.getLeader(MiniRaftCluster.java:532)
	at org.apache.ratis.RaftTestUtil.lambda$waitForLeader$3(RaftTestUtil.java:98)
	at org.apache.ratis.util.JavaUtils.attempt(JavaUtils.java:152)
	at org.apache.ratis.RaftTestUtil.waitForLeader(RaftTestUtil.java:97)
	at org.apache.ratis.RaftTestUtil.waitForLeader(RaftTestUtil.java:77)
	at org.apache.ratis.RaftTestUtil.waitForLeader(RaftTestUtil.java:72)
	at org.apache.ratis.server.impl.LeaderElectionTests.testChangeLeader(LeaderElectionTests.java:79)
	at sun.reflect.NativeMethodAccessorImpl.invoke0(Native Method)
	at sun.reflect.NativeMethodAccessorImpl.invoke(NativeMethodAccessorImpl.java:62)
	at sun.reflect.DelegatingMethodAccessorImpl.invoke(DelegatingMethodAccessorImpl.java:43)
	at java.lang.reflect.Method.invoke(Method.java:498)
	at org.junit.runners.model.FrameworkMethod$1.runReflectiveCall(FrameworkMethod.java:50)
	at org.junit.internal.runners.model.ReflectiveCallable.run(ReflectiveCallable.java:12)
	at org.junit.runners.model.FrameworkMethod.invokeExplosively(FrameworkMethod.java:47)
	at org.junit.internal.runners.statements.InvokeMethod.evaluate(InvokeMethod.java:17)
	at org.junit.internal.runners.statements.RunAfters.evaluate(RunAfters.java:27)
	at org.junit.internal.runners.statements.FailOnTimeout$CallableStatement.call(FailOnTimeout.java:298)
	at org.junit.internal.runners.statements.FailOnTimeout$CallableStatement.call(FailOnTimeout.java:292)
	at java.util.concurrent.FutureTask.run(FutureTask.java:266)
	at java.lang.Thread.run(Thread.java:748)
2019-09-24 16:05:58,550 INFO  segmented.SegmentedRaftLogWorker (SegmentedRaftLogWorker.java:execute(569)) - s0@group-DDA61F3D2864-SegmentedRaftLogWorker: created new log segment /workdir/ratis-test/target/test/data/5d072dae/MiniRaftClusterWithGrpc6d1829e8/s0/43243cff-a026-4d00-9327-dda61f3d2864/current/log_inprogress_0
2019-09-24 16:05:58,551 DEBUG segmented.SegmentedRaftLogWorker (SegmentedRaftLogWorker.java:flushWrites(340)) - s0@group-DDA61F3D2864-SegmentedRaftLogWorker: flush SegmentedRaftLogOutputStream(/workdir/ratis-test/target/test/data/5d072dae/MiniRaftClusterWithGrpc6d1829e8/s0/43243cff-a026-4d00-9327-dda61f3d2864/current/log_inprogress_0)
2019-09-24 16:05:58,551 DEBUG impl.RaftServerImpl (RaftServerImpl.java:requestVote(775)) - s2@group-DDA61F3D2864 replies to vote request: s1<-s2#0:OK-t2. Peer's state: s2@group-DDA61F3D2864:t2, leader=null, voted=s1, raftlog=s2@group-DDA61F3D2864-SegmentedRaftLog:OPENED:c-1,f-1,i0, conf=-1: [s0:0.0.0.0:39545, s1:0.0.0.0:39945, s2:0.0.0.0:33605], old=null
2019-09-24 16:05:58,552 INFO  impl.FollowerState (FollowerState.java:run(108)) - s0@group-DDA61F3D2864-FollowerState: change to CANDIDATE, lastRpcTime:5303ms, electionTimeout:242ms
2019-09-24 16:05:58,553 INFO  impl.FollowerState (FollowerState.java:run(108)) - s2@group-DDA61F3D2864-FollowerState: change to CANDIDATE, lastRpcTime:5300ms, electionTimeout:158ms
2019-09-24 16:05:58,553 INFO  impl.RoleInfo (RoleInfo.java:shutdownFollowerState(121)) - s0: shutdown FollowerState
2019-09-24 16:05:58,553 INFO  impl.RaftServerImpl (RaftServerImpl.java:setRole(170)) - s0@group-DDA61F3D2864: changes role from  FOLLOWER to CANDIDATE at term 2 for changeToCandidate
2019-09-24 16:05:58,553 INFO  impl.RoleInfo (RoleInfo.java:shutdownFollowerState(121)) - s2: shutdown FollowerState
2019-09-24 16:05:58,553 INFO  impl.RoleInfo (RoleInfo.java:updateAndGet(143)) - s0: start LeaderElection
2019-09-24 16:05:58,553 INFO  impl.RaftServerImpl (RaftServerImpl.java:setRole(170)) - s2@group-DDA61F3D2864: changes role from  FOLLOWER to CANDIDATE at term 2 for changeToCandidate
2019-09-24 16:05:58,554 INFO  impl.RoleInfo (RoleInfo.java:updateAndGet(143)) - s2: start LeaderElection
2019-09-24 16:05:58,554 INFO  impl.RaftServerImpl (RaftServerImpl.java:setRole(170)) - s0@group-DDA61F3D2864: changes role from CANDIDATE to FOLLOWER at term 2 for recognizeCandidate:s1
2019-09-24 16:05:58,554 INFO  impl.RoleInfo (RoleInfo.java:shutdownLeaderElection(134)) - s0: shutdown LeaderElection
2019-09-24 16:05:58,554 INFO  impl.RoleInfo (RoleInfo.java:updateAndGet(143)) - s0: start FollowerState
2019-09-24 16:05:58,555 DEBUG impl.RaftServerImpl (RaftServerImpl.java:requestVote(775)) - s0@group-DDA61F3D2864 replies to vote request: s1<-s0#0:FAIL-t2. Peer's state: s0@group-DDA61F3D2864:t2, leader=null, voted=null, raftlog=s0@group-DDA61F3D2864-SegmentedRaftLog:OPENED:c-1,f-1,i0, conf=0: [s0:0.0.0.0:39545, s1:0.0.0.0:39945, s2:0.0.0.0:33605], old=null
2019-09-24 16:05:58,915 WARN  ratis.RaftTestUtil (JavaUtils.java:attempt(158)) - FAILED "waitForLeader-null-(expectLeader? true)", attempt #14/100: java.lang.IllegalStateException: No leader yet : printing ALL groups
  s0:  RUNNING  FOLLOWER s0@group-DDA61F3D2864:t3, leader=null, voted=s0, raftlog=s0@group-DDA61F3D2864-SegmentedRaftLog:OPENED:c-1,f-1,i0, conf=0: [s0:0.0.0.0:39545, s1:0.0.0.0:39945, s2:0.0.0.0:33605], old=null RUNNING
  s1:  RUNNING CANDIDATE s1@group-DDA61F3D2864:t3, leader=null, voted=s1, raftlog=s1@group-DDA61F3D2864-SegmentedRaftLog:OPENED:c-1,f-1,i0, conf=-1: [s0:0.0.0.0:39545, s1:0.0.0.0:39945, s2:0.0.0.0:33605], old=null RUNNING
  s2:  RUNNING CANDIDATE s2@group-DDA61F3D2864:t3, leader=null, voted=s2, raftlog=s2@group-DDA61F3D2864-SegmentedRaftLog:OPENED:c-1,f-1,i0, conf=-1: [s0:0.0.0.0:39545, s1:0.0.0.0:39945, s2:0.0.0.0:33605], old=null RUNNING, sleep 450ms and then retry.
java.lang.IllegalStateException: No leader yet : printing ALL groups
  s0:  RUNNING  FOLLOWER s0@group-DDA61F3D2864:t3, leader=null, voted=s0, raftlog=s0@group-DDA61F3D2864-SegmentedRaftLog:OPENED:c-1,f-1,i0, conf=0: [s0:0.0.0.0:39545, s1:0.0.0.0:39945, s2:0.0.0.0:33605], old=null RUNNING
  s1:  RUNNING CANDIDATE s1@group-DDA61F3D2864:t3, leader=null, voted=s1, raftlog=s1@group-DDA61F3D2864-SegmentedRaftLog:OPENED:c-1,f-1,i0, conf=-1: [s0:0.0.0.0:39545, s1:0.0.0.0:39945, s2:0.0.0.0:33605], old=null RUNNING
  s2:  RUNNING CANDIDATE s2@group-DDA61F3D2864:t3, leader=null, voted=s2, raftlog=s2@group-DDA61F3D2864-SegmentedRaftLog:OPENED:c-1,f-1,i0, conf=-1: [s0:0.0.0.0:39545, s1:0.0.0.0:39945, s2:0.0.0.0:33605], old=null RUNNING
	at org.apache.ratis.MiniRaftCluster.newIllegalStateExceptionForNoLeaders(MiniRaftCluster.java:506)
	at org.apache.ratis.RaftTestUtil.lambda$waitForLeader$1(RaftTestUtil.java:90)
	at org.apache.ratis.MiniRaftCluster.getLeader(MiniRaftCluster.java:539)
	at org.apache.ratis.MiniRaftCluster.getLeader(MiniRaftCluster.java:532)
	at org.apache.ratis.RaftTestUtil.lambda$waitForLeader$3(RaftTestUtil.java:98)
	at org.apache.ratis.util.JavaUtils.attempt(JavaUtils.java:152)
	at org.apache.ratis.RaftTestUtil.waitForLeader(RaftTestUtil.java:97)
	at org.apache.ratis.RaftTestUtil.waitForLeader(RaftTestUtil.java:77)
	at org.apache.ratis.RaftTestUtil.waitForLeader(RaftTestUtil.java:72)
	at org.apache.ratis.server.impl.LeaderElectionTests.testChangeLeader(LeaderElectionTests.java:79)
	at sun.reflect.NativeMethodAccessorImpl.invoke0(Native Method)
	at sun.reflect.NativeMethodAccessorImpl.invoke(NativeMethodAccessorImpl.java:62)
	at sun.reflect.DelegatingMethodAccessorImpl.invoke(DelegatingMethodAccessorImpl.java:43)
	at java.lang.reflect.Method.invoke(Method.java:498)
	at org.junit.runners.model.FrameworkMethod$1.runReflectiveCall(FrameworkMethod.java:50)
	at org.junit.internal.runners.model.ReflectiveCallable.run(ReflectiveCallable.java:12)
	at org.junit.runners.model.FrameworkMethod.invokeExplosively(FrameworkMethod.java:47)
	at org.junit.internal.runners.statements.InvokeMethod.evaluate(InvokeMethod.java:17)
	at org.junit.internal.runners.statements.RunAfters.evaluate(RunAfters.java:27)
	at org.junit.internal.runners.statements.FailOnTimeout$CallableStatement.call(FailOnTimeout.java:298)
	at org.junit.internal.runners.statements.FailOnTimeout$CallableStatement.call(FailOnTimeout.java:292)
	at java.util.concurrent.FutureTask.run(FutureTask.java:266)
	at java.lang.Thread.run(Thread.java:748)
2019-09-24 16:05:59,366 WARN  ratis.RaftTestUtil (JavaUtils.java:attempt(158)) - FAILED "waitForLeader-null-(expectLeader? true)", attempt #15/100: java.lang.IllegalStateException: No leader yet : printing ALL groups
  s0:  RUNNING  FOLLOWER s0@group-DDA61F3D2864:t3, leader=null, voted=s0, raftlog=s0@group-DDA61F3D2864-SegmentedRaftLog:OPENED:c-1,f-1,i0, conf=0: [s0:0.0.0.0:39545, s1:0.0.0.0:39945, s2:0.0.0.0:33605], old=null RUNNING
  s1:  RUNNING CANDIDATE s1@group-DDA61F3D2864:t3, leader=null, voted=s1, raftlog=s1@group-DDA61F3D2864-SegmentedRaftLog:OPENED:c-1,f-1,i0, conf=-1: [s0:0.0.0.0:39545, s1:0.0.0.0:39945, s2:0.0.0.0:33605], old=null RUNNING
  s2:  RUNNING CANDIDATE s2@group-DDA61F3D2864:t3, leader=null, voted=s2, raftlog=s2@group-DDA61F3D2864-SegmentedRaftLog:OPENED:c-1,f-1,i0, conf=-1: [s0:0.0.0.0:39545, s1:0.0.0.0:39945, s2:0.0.0.0:33605], old=null RUNNING, sleep 450ms and then retry.
java.lang.IllegalStateException: No leader yet : printing ALL groups
  s0:  RUNNING  FOLLOWER s0@group-DDA61F3D2864:t3, leader=null, voted=s0, raftlog=s0@group-DDA61F3D2864-SegmentedRaftLog:OPENED:c-1,f-1,i0, conf=0: [s0:0.0.0.0:39545, s1:0.0.0.0:39945, s2:0.0.0.0:33605], old=null RUNNING
  s1:  RUNNING CANDIDATE s1@group-DDA61F3D2864:t3, leader=null, voted=s1, raftlog=s1@group-DDA61F3D2864-SegmentedRaftLog:OPENED:c-1,f-1,i0, conf=-1: [s0:0.0.0.0:39545, s1:0.0.0.0:39945, s2:0.0.0.0:33605], old=null RUNNING
  s2:  RUNNING CANDIDATE s2@group-DDA61F3D2864:t3, leader=null, voted=s2, raftlog=s2@group-DDA61F3D2864-SegmentedRaftLog:OPENED:c-1,f-1,i0, conf=-1: [s0:0.0.0.0:39545, s1:0.0.0.0:39945, s2:0.0.0.0:33605], old=null RUNNING
	at org.apache.ratis.MiniRaftCluster.newIllegalStateExceptionForNoLeaders(MiniRaftCluster.java:506)
	at org.apache.ratis.RaftTestUtil.lambda$waitForLeader$1(RaftTestUtil.java:90)
	at org.apache.ratis.MiniRaftCluster.getLeader(MiniRaftCluster.java:539)
	at org.apache.ratis.MiniRaftCluster.getLeader(MiniRaftCluster.java:532)
	at org.apache.ratis.RaftTestUtil.lambda$waitForLeader$3(RaftTestUtil.java:98)
	at org.apache.ratis.util.JavaUtils.attempt(JavaUtils.java:152)
	at org.apache.ratis.RaftTestUtil.waitForLeader(RaftTestUtil.java:97)
	at org.apache.ratis.RaftTestUtil.waitForLeader(RaftTestUtil.java:77)
	at org.apache.ratis.RaftTestUtil.waitForLeader(RaftTestUtil.java:72)
	at org.apache.ratis.server.impl.LeaderElectionTests.testChangeLeader(LeaderElectionTests.java:79)
	at sun.reflect.NativeMethodAccessorImpl.invoke0(Native Method)
	at sun.reflect.NativeMethodAccessorImpl.invoke(NativeMethodAccessorImpl.java:62)
	at sun.reflect.DelegatingMethodAccessorImpl.invoke(DelegatingMethodAccessorImpl.java:43)
	at java.lang.reflect.Method.invoke(Method.java:498)
	at org.junit.runners.model.FrameworkMethod$1.runReflectiveCall(FrameworkMethod.java:50)
	at org.junit.internal.runners.model.ReflectiveCallable.run(ReflectiveCallable.java:12)
	at org.junit.runners.model.FrameworkMethod.invokeExplosively(FrameworkMethod.java:47)
	at org.junit.internal.runners.statements.InvokeMethod.evaluate(InvokeMethod.java:17)
	at org.junit.internal.runners.statements.RunAfters.evaluate(RunAfters.java:27)
	at org.junit.internal.runners.statements.FailOnTimeout$CallableStatement.call(FailOnTimeout.java:298)
	at org.junit.internal.runners.statements.FailOnTimeout$CallableStatement.call(FailOnTimeout.java:292)
	at java.util.concurrent.FutureTask.run(FutureTask.java:266)
	at java.lang.Thread.run(Thread.java:748)
2019-09-24 16:05:59,818 WARN  ratis.RaftTestUtil (JavaUtils.java:attempt(158)) - FAILED "waitForLeader-null-(expectLeader? true)", attempt #16/100: java.lang.IllegalStateException: No leader yet : printing ALL groups
  s0:  RUNNING  FOLLOWER s0@group-DDA61F3D2864:t3, leader=null, voted=s0, raftlog=s0@group-DDA61F3D2864-SegmentedRaftLog:OPENED:c-1,f-1,i0, conf=0: [s0:0.0.0.0:39545, s1:0.0.0.0:39945, s2:0.0.0.0:33605], old=null RUNNING
  s1:  RUNNING CANDIDATE s1@group-DDA61F3D2864:t3, leader=null, voted=s1, raftlog=s1@group-DDA61F3D2864-SegmentedRaftLog:OPENED:c-1,f-1,i0, conf=-1: [s0:0.0.0.0:39545, s1:0.0.0.0:39945, s2:0.0.0.0:33605], old=null RUNNING
  s2:  RUNNING CANDIDATE s2@group-DDA61F3D2864:t3, leader=null, voted=s2, raftlog=s2@group-DDA61F3D2864-SegmentedRaftLog:OPENED:c-1,f-1,i0, conf=-1: [s0:0.0.0.0:39545, s1:0.0.0.0:39945, s2:0.0.0.0:33605], old=null RUNNING, sleep 450ms and then retry.
java.lang.IllegalStateException: No leader yet : printing ALL groups
  s0:  RUNNING  FOLLOWER s0@group-DDA61F3D2864:t3, leader=null, voted=s0, raftlog=s0@group-DDA61F3D2864-SegmentedRaftLog:OPENED:c-1,f-1,i0, conf=0: [s0:0.0.0.0:39545, s1:0.0.0.0:39945, s2:0.0.0.0:33605], old=null RUNNING
  s1:  RUNNING CANDIDATE s1@group-DDA61F3D2864:t3, leader=null, voted=s1, raftlog=s1@group-DDA61F3D2864-SegmentedRaftLog:OPENED:c-1,f-1,i0, conf=-1: [s0:0.0.0.0:39545, s1:0.0.0.0:39945, s2:0.0.0.0:33605], old=null RUNNING
  s2:  RUNNING CANDIDATE s2@group-DDA61F3D2864:t3, leader=null, voted=s2, raftlog=s2@group-DDA61F3D2864-SegmentedRaftLog:OPENED:c-1,f-1,i0, conf=-1: [s0:0.0.0.0:39545, s1:0.0.0.0:39945, s2:0.0.0.0:33605], old=null RUNNING
	at org.apache.ratis.MiniRaftCluster.newIllegalStateExceptionForNoLeaders(MiniRaftCluster.java:506)
	at org.apache.ratis.RaftTestUtil.lambda$waitForLeader$1(RaftTestUtil.java:90)
	at org.apache.ratis.MiniRaftCluster.getLeader(MiniRaftCluster.java:539)
	at org.apache.ratis.MiniRaftCluster.getLeader(MiniRaftCluster.java:532)
	at org.apache.ratis.RaftTestUtil.lambda$waitForLeader$3(RaftTestUtil.java:98)
	at org.apache.ratis.util.JavaUtils.attempt(JavaUtils.java:152)
	at org.apache.ratis.RaftTestUtil.waitForLeader(RaftTestUtil.java:97)
	at org.apache.ratis.RaftTestUtil.waitForLeader(RaftTestUtil.java:77)
	at org.apache.ratis.RaftTestUtil.waitForLeader(RaftTestUtil.java:72)
	at org.apache.ratis.server.impl.LeaderElectionTests.testChangeLeader(LeaderElectionTests.java:79)
	at sun.reflect.NativeMethodAccessorImpl.invoke0(Native Method)
	at sun.reflect.NativeMethodAccessorImpl.invoke(NativeMethodAccessorImpl.java:62)
	at sun.reflect.DelegatingMethodAccessorImpl.invoke(DelegatingMethodAccessorImpl.java:43)
	at java.lang.reflect.Method.invoke(Method.java:498)
	at org.junit.runners.model.FrameworkMethod$1.runReflectiveCall(FrameworkMethod.java:50)
	at org.junit.internal.runners.model.ReflectiveCallable.run(ReflectiveCallable.java:12)
	at org.junit.runners.model.FrameworkMethod.invokeExplosively(FrameworkMethod.java:47)
	at org.junit.internal.runners.statements.InvokeMethod.evaluate(InvokeMethod.java:17)
	at org.junit.internal.runners.statements.RunAfters.evaluate(RunAfters.java:27)
	at org.junit.internal.runners.statements.FailOnTimeout$CallableStatement.call(FailOnTimeout.java:298)
	at org.junit.internal.runners.statements.FailOnTimeout$CallableStatement.call(FailOnTimeout.java:292)
	at java.util.concurrent.FutureTask.run(FutureTask.java:266)
	at java.lang.Thread.run(Thread.java:748)
2019-09-24 16:06:00,272 WARN  ratis.RaftTestUtil (JavaUtils.java:attempt(158)) - FAILED "waitForLeader-null-(expectLeader? true)", attempt #17/100: java.lang.IllegalStateException: No leader yet : printing ALL groups
  s0:  RUNNING  FOLLOWER s0@group-DDA61F3D2864:t3, leader=null, voted=s0, raftlog=s0@group-DDA61F3D2864-SegmentedRaftLog:OPENED:c-1,f-1,i0, conf=0: [s0:0.0.0.0:39545, s1:0.0.0.0:39945, s2:0.0.0.0:33605], old=null RUNNING
  s1:  RUNNING CANDIDATE s1@group-DDA61F3D2864:t3, leader=null, voted=s1, raftlog=s1@group-DDA61F3D2864-SegmentedRaftLog:OPENED:c-1,f-1,i0, conf=-1: [s0:0.0.0.0:39545, s1:0.0.0.0:39945, s2:0.0.0.0:33605], old=null RUNNING
  s2:  RUNNING CANDIDATE s2@group-DDA61F3D2864:t3, leader=null, voted=s2, raftlog=s2@group-DDA61F3D2864-SegmentedRaftLog:OPENED:c-1,f-1,i0, conf=-1: [s0:0.0.0.0:39545, s1:0.0.0.0:39945, s2:0.0.0.0:33605], old=null RUNNING, sleep 450ms and then retry.
java.lang.IllegalStateException: No leader yet : printing ALL groups
  s0:  RUNNING  FOLLOWER s0@group-DDA61F3D2864:t3, leader=null, voted=s0, raftlog=s0@group-DDA61F3D2864-SegmentedRaftLog:OPENED:c-1,f-1,i0, conf=0: [s0:0.0.0.0:39545, s1:0.0.0.0:39945, s2:0.0.0.0:33605], old=null RUNNING
  s1:  RUNNING CANDIDATE s1@group-DDA61F3D2864:t3, leader=null, voted=s1, raftlog=s1@group-DDA61F3D2864-SegmentedRaftLog:OPENED:c-1,f-1,i0, conf=-1: [s0:0.0.0.0:39545, s1:0.0.0.0:39945, s2:0.0.0.0:33605], old=null RUNNING
  s2:  RUNNING CANDIDATE s2@group-DDA61F3D2864:t3, leader=null, voted=s2, raftlog=s2@group-DDA61F3D2864-SegmentedRaftLog:OPENED:c-1,f-1,i0, conf=-1: [s0:0.0.0.0:39545, s1:0.0.0.0:39945, s2:0.0.0.0:33605], old=null RUNNING
	at org.apache.ratis.MiniRaftCluster.newIllegalStateExceptionForNoLeaders(MiniRaftCluster.java:506)
	at org.apache.ratis.RaftTestUtil.lambda$waitForLeader$1(RaftTestUtil.java:90)
	at org.apache.ratis.MiniRaftCluster.getLeader(MiniRaftCluster.java:539)
	at org.apache.ratis.MiniRaftCluster.getLeader(MiniRaftCluster.java:532)
	at org.apache.ratis.RaftTestUtil.lambda$waitForLeader$3(RaftTestUtil.java:98)
	at org.apache.ratis.util.JavaUtils.attempt(JavaUtils.java:152)
	at org.apache.ratis.RaftTestUtil.waitForLeader(RaftTestUtil.java:97)
	at org.apache.ratis.RaftTestUtil.waitForLeader(RaftTestUtil.java:77)
	at org.apache.ratis.RaftTestUtil.waitForLeader(RaftTestUtil.java:72)
	at org.apache.ratis.server.impl.LeaderElectionTests.testChangeLeader(LeaderElectionTests.java:79)
	at sun.reflect.NativeMethodAccessorImpl.invoke0(Native Method)
	at sun.reflect.NativeMethodAccessorImpl.invoke(NativeMethodAccessorImpl.java:62)
	at sun.reflect.DelegatingMethodAccessorImpl.invoke(DelegatingMethodAccessorImpl.java:43)
	at java.lang.reflect.Method.invoke(Method.java:498)
	at org.junit.runners.model.FrameworkMethod$1.runReflectiveCall(FrameworkMethod.java:50)
	at org.junit.internal.runners.model.ReflectiveCallable.run(ReflectiveCallable.java:12)
	at org.junit.runners.model.FrameworkMethod.invokeExplosively(FrameworkMethod.java:47)
	at org.junit.internal.runners.statements.InvokeMethod.evaluate(InvokeMethod.java:17)
	at org.junit.internal.runners.statements.RunAfters.evaluate(RunAfters.java:27)
	at org.junit.internal.runners.statements.FailOnTimeout$CallableStatement.call(FailOnTimeout.java:298)
	at org.junit.internal.runners.statements.FailOnTimeout$CallableStatement.call(FailOnTimeout.java:292)
	at java.util.concurrent.FutureTask.run(FutureTask.java:266)
	at java.lang.Thread.run(Thread.java:748)
2019-09-24 16:06:00,723 WARN  ratis.RaftTestUtil (JavaUtils.java:attempt(158)) - FAILED "waitForLeader-null-(expectLeader? true)", attempt #18/100: java.lang.IllegalStateException: No leader yet : printing ALL groups
  s0:  RUNNING  FOLLOWER s0@group-DDA61F3D2864:t3, leader=null, voted=s0, raftlog=s0@group-DDA61F3D2864-SegmentedRaftLog:OPENED:c-1,f-1,i0, conf=0: [s0:0.0.0.0:39545, s1:0.0.0.0:39945, s2:0.0.0.0:33605], old=null RUNNING
  s1:  RUNNING CANDIDATE s1@group-DDA61F3D2864:t3, leader=null, voted=s1, raftlog=s1@group-DDA61F3D2864-SegmentedRaftLog:OPENED:c-1,f-1,i0, conf=-1: [s0:0.0.0.0:39545, s1:0.0.0.0:39945, s2:0.0.0.0:33605], old=null RUNNING
  s2:  RUNNING CANDIDATE s2@group-DDA61F3D2864:t3, leader=null, voted=s2, raftlog=s2@group-DDA61F3D2864-SegmentedRaftLog:OPENED:c-1,f-1,i0, conf=-1: [s0:0.0.0.0:39545, s1:0.0.0.0:39945, s2:0.0.0.0:33605], old=null RUNNING, sleep 450ms and then retry.
java.lang.IllegalStateException: No leader yet : printing ALL groups
  s0:  RUNNING  FOLLOWER s0@group-DDA61F3D2864:t3, leader=null, voted=s0, raftlog=s0@group-DDA61F3D2864-SegmentedRaftLog:OPENED:c-1,f-1,i0, conf=0: [s0:0.0.0.0:39545, s1:0.0.0.0:39945, s2:0.0.0.0:33605], old=null RUNNING
  s1:  RUNNING CANDIDATE s1@group-DDA61F3D2864:t3, leader=null, voted=s1, raftlog=s1@group-DDA61F3D2864-SegmentedRaftLog:OPENED:c-1,f-1,i0, conf=-1: [s0:0.0.0.0:39545, s1:0.0.0.0:39945, s2:0.0.0.0:33605], old=null RUNNING
  s2:  RUNNING CANDIDATE s2@group-DDA61F3D2864:t3, leader=null, voted=s2, raftlog=s2@group-DDA61F3D2864-SegmentedRaftLog:OPENED:c-1,f-1,i0, conf=-1: [s0:0.0.0.0:39545, s1:0.0.0.0:39945, s2:0.0.0.0:33605], old=null RUNNING
	at org.apache.ratis.MiniRaftCluster.newIllegalStateExceptionForNoLeaders(MiniRaftCluster.java:506)
	at org.apache.ratis.RaftTestUtil.lambda$waitForLeader$1(RaftTestUtil.java:90)
	at org.apache.ratis.MiniRaftCluster.getLeader(MiniRaftCluster.java:539)
	at org.apache.ratis.MiniRaftCluster.getLeader(MiniRaftCluster.java:532)
	at org.apache.ratis.RaftTestUtil.lambda$waitForLeader$3(RaftTestUtil.java:98)
	at org.apache.ratis.util.JavaUtils.attempt(JavaUtils.java:152)
	at org.apache.ratis.RaftTestUtil.waitForLeader(RaftTestUtil.java:97)
	at org.apache.ratis.RaftTestUtil.waitForLeader(RaftTestUtil.java:77)
	at org.apache.ratis.RaftTestUtil.waitForLeader(RaftTestUtil.java:72)
	at org.apache.ratis.server.impl.LeaderElectionTests.testChangeLeader(LeaderElectionTests.java:79)
	at sun.reflect.NativeMethodAccessorImpl.invoke0(Native Method)
	at sun.reflect.NativeMethodAccessorImpl.invoke(NativeMethodAccessorImpl.java:62)
	at sun.reflect.DelegatingMethodAccessorImpl.invoke(DelegatingMethodAccessorImpl.java:43)
	at java.lang.reflect.Method.invoke(Method.java:498)
	at org.junit.runners.model.FrameworkMethod$1.runReflectiveCall(FrameworkMethod.java:50)
	at org.junit.internal.runners.model.ReflectiveCallable.run(ReflectiveCallable.java:12)
	at org.junit.runners.model.FrameworkMethod.invokeExplosively(FrameworkMethod.java:47)
	at org.junit.internal.runners.statements.InvokeMethod.evaluate(InvokeMethod.java:17)
	at org.junit.internal.runners.statements.RunAfters.evaluate(RunAfters.java:27)
	at org.junit.internal.runners.statements.FailOnTimeout$CallableStatement.call(FailOnTimeout.java:298)
	at org.junit.internal.runners.statements.FailOnTimeout$CallableStatement.call(FailOnTimeout.java:292)
	at java.util.concurrent.FutureTask.run(FutureTask.java:266)
	at java.lang.Thread.run(Thread.java:748)
2019-09-24 16:06:01,174 WARN  ratis.RaftTestUtil (JavaUtils.java:attempt(158)) - FAILED "waitForLeader-null-(expectLeader? true)", attempt #19/100: java.lang.IllegalStateException: No leader yet : printing ALL groups
  s0:  RUNNING  FOLLOWER s0@group-DDA61F3D2864:t3, leader=null, voted=s0, raftlog=s0@group-DDA61F3D2864-SegmentedRaftLog:OPENED:c-1,f-1,i0, conf=0: [s0:0.0.0.0:39545, s1:0.0.0.0:39945, s2:0.0.0.0:33605], old=null RUNNING
  s1:  RUNNING CANDIDATE s1@group-DDA61F3D2864:t3, leader=null, voted=s1, raftlog=s1@group-DDA61F3D2864-SegmentedRaftLog:OPENED:c-1,f-1,i0, conf=-1: [s0:0.0.0.0:39545, s1:0.0.0.0:39945, s2:0.0.0.0:33605], old=null RUNNING
  s2:  RUNNING CANDIDATE s2@group-DDA61F3D2864:t3, leader=null, voted=s2, raftlog=s2@group-DDA61F3D2864-SegmentedRaftLog:OPENED:c-1,f-1,i0, conf=-1: [s0:0.0.0.0:39545, s1:0.0.0.0:39945, s2:0.0.0.0:33605], old=null RUNNING, sleep 450ms and then retry.
java.lang.IllegalStateException: No leader yet : printing ALL groups
  s0:  RUNNING  FOLLOWER s0@group-DDA61F3D2864:t3, leader=null, voted=s0, raftlog=s0@group-DDA61F3D2864-SegmentedRaftLog:OPENED:c-1,f-1,i0, conf=0: [s0:0.0.0.0:39545, s1:0.0.0.0:39945, s2:0.0.0.0:33605], old=null RUNNING
  s1:  RUNNING CANDIDATE s1@group-DDA61F3D2864:t3, leader=null, voted=s1, raftlog=s1@group-DDA61F3D2864-SegmentedRaftLog:OPENED:c-1,f-1,i0, conf=-1: [s0:0.0.0.0:39545, s1:0.0.0.0:39945, s2:0.0.0.0:33605], old=null RUNNING
  s2:  RUNNING CANDIDATE s2@group-DDA61F3D2864:t3, leader=null, voted=s2, raftlog=s2@group-DDA61F3D2864-SegmentedRaftLog:OPENED:c-1,f-1,i0, conf=-1: [s0:0.0.0.0:39545, s1:0.0.0.0:39945, s2:0.0.0.0:33605], old=null RUNNING
	at org.apache.ratis.MiniRaftCluster.newIllegalStateExceptionForNoLeaders(MiniRaftCluster.java:506)
	at org.apache.ratis.RaftTestUtil.lambda$waitForLeader$1(RaftTestUtil.java:90)
	at org.apache.ratis.MiniRaftCluster.getLeader(MiniRaftCluster.java:539)
	at org.apache.ratis.MiniRaftCluster.getLeader(MiniRaftCluster.java:532)
	at org.apache.ratis.RaftTestUtil.lambda$waitForLeader$3(RaftTestUtil.java:98)
	at org.apache.ratis.util.JavaUtils.attempt(JavaUtils.java:152)
	at org.apache.ratis.RaftTestUtil.waitForLeader(RaftTestUtil.java:97)
	at org.apache.ratis.RaftTestUtil.waitForLeader(RaftTestUtil.java:77)
	at org.apache.ratis.RaftTestUtil.waitForLeader(RaftTestUtil.java:72)
	at org.apache.ratis.server.impl.LeaderElectionTests.testChangeLeader(LeaderElectionTests.java:79)
	at sun.reflect.NativeMethodAccessorImpl.invoke0(Native Method)
	at sun.reflect.NativeMethodAccessorImpl.invoke(NativeMethodAccessorImpl.java:62)
	at sun.reflect.DelegatingMethodAccessorImpl.invoke(DelegatingMethodAccessorImpl.java:43)
	at java.lang.reflect.Method.invoke(Method.java:498)
	at org.junit.runners.model.FrameworkMethod$1.runReflectiveCall(FrameworkMethod.java:50)
	at org.junit.internal.runners.model.ReflectiveCallable.run(ReflectiveCallable.java:12)
	at org.junit.runners.model.FrameworkMethod.invokeExplosively(FrameworkMethod.java:47)
	at org.junit.internal.runners.statements.InvokeMethod.evaluate(InvokeMethod.java:17)
	at org.junit.internal.runners.statements.RunAfters.evaluate(RunAfters.java:27)
	at org.junit.internal.runners.statements.FailOnTimeout$CallableStatement.call(FailOnTimeout.java:298)
	at org.junit.internal.runners.statements.FailOnTimeout$CallableStatement.call(FailOnTimeout.java:292)
	at java.util.concurrent.FutureTask.run(FutureTask.java:266)
	at java.lang.Thread.run(Thread.java:748)
2019-09-24 16:06:01,626 WARN  ratis.RaftTestUtil (JavaUtils.java:attempt(158)) - FAILED "waitForLeader-null-(expectLeader? true)", attempt #20/100: java.lang.IllegalStateException: No leader yet : printing ALL groups
  s0:  RUNNING  FOLLOWER s0@group-DDA61F3D2864:t3, leader=null, voted=s0, raftlog=s0@group-DDA61F3D2864-SegmentedRaftLog:OPENED:c-1,f-1,i0, conf=0: [s0:0.0.0.0:39545, s1:0.0.0.0:39945, s2:0.0.0.0:33605], old=null RUNNING
  s1:  RUNNING CANDIDATE s1@group-DDA61F3D2864:t3, leader=null, voted=s1, raftlog=s1@group-DDA61F3D2864-SegmentedRaftLog:OPENED:c-1,f-1,i0, conf=-1: [s0:0.0.0.0:39545, s1:0.0.0.0:39945, s2:0.0.0.0:33605], old=null RUNNING
  s2:  RUNNING CANDIDATE s2@group-DDA61F3D2864:t3, leader=null, voted=s2, raftlog=s2@group-DDA61F3D2864-SegmentedRaftLog:OPENED:c-1,f-1,i0, conf=-1: [s0:0.0.0.0:39545, s1:0.0.0.0:39945, s2:0.0.0.0:33605], old=null RUNNING, sleep 450ms and then retry.
java.lang.IllegalStateException: No leader yet : printing ALL groups
  s0:  RUNNING  FOLLOWER s0@group-DDA61F3D2864:t3, leader=null, voted=s0, raftlog=s0@group-DDA61F3D2864-SegmentedRaftLog:OPENED:c-1,f-1,i0, conf=0: [s0:0.0.0.0:39545, s1:0.0.0.0:39945, s2:0.0.0.0:33605], old=null RUNNING
  s1:  RUNNING CANDIDATE s1@group-DDA61F3D2864:t3, leader=null, voted=s1, raftlog=s1@group-DDA61F3D2864-SegmentedRaftLog:OPENED:c-1,f-1,i0, conf=-1: [s0:0.0.0.0:39545, s1:0.0.0.0:39945, s2:0.0.0.0:33605], old=null RUNNING
  s2:  RUNNING CANDIDATE s2@group-DDA61F3D2864:t3, leader=null, voted=s2, raftlog=s2@group-DDA61F3D2864-SegmentedRaftLog:OPENED:c-1,f-1,i0, conf=-1: [s0:0.0.0.0:39545, s1:0.0.0.0:39945, s2:0.0.0.0:33605], old=null RUNNING
	at org.apache.ratis.MiniRaftCluster.newIllegalStateExceptionForNoLeaders(MiniRaftCluster.java:506)
	at org.apache.ratis.RaftTestUtil.lambda$waitForLeader$1(RaftTestUtil.java:90)
	at org.apache.ratis.MiniRaftCluster.getLeader(MiniRaftCluster.java:539)
	at org.apache.ratis.MiniRaftCluster.getLeader(MiniRaftCluster.java:532)
	at org.apache.ratis.RaftTestUtil.lambda$waitForLeader$3(RaftTestUtil.java:98)
	at org.apache.ratis.util.JavaUtils.attempt(JavaUtils.java:152)
	at org.apache.ratis.RaftTestUtil.waitForLeader(RaftTestUtil.java:97)
	at org.apache.ratis.RaftTestUtil.waitForLeader(RaftTestUtil.java:77)
	at org.apache.ratis.RaftTestUtil.waitForLeader(RaftTestUtil.java:72)
	at org.apache.ratis.server.impl.LeaderElectionTests.testChangeLeader(LeaderElectionTests.java:79)
	at sun.reflect.NativeMethodAccessorImpl.invoke0(Native Method)
	at sun.reflect.NativeMethodAccessorImpl.invoke(NativeMethodAccessorImpl.java:62)
	at sun.reflect.DelegatingMethodAccessorImpl.invoke(DelegatingMethodAccessorImpl.java:43)
	at java.lang.reflect.Method.invoke(Method.java:498)
	at org.junit.runners.model.FrameworkMethod$1.runReflectiveCall(FrameworkMethod.java:50)
	at org.junit.internal.runners.model.ReflectiveCallable.run(ReflectiveCallable.java:12)
	at org.junit.runners.model.FrameworkMethod.invokeExplosively(FrameworkMethod.java:47)
	at org.junit.internal.runners.statements.InvokeMethod.evaluate(InvokeMethod.java:17)
	at org.junit.internal.runners.statements.RunAfters.evaluate(RunAfters.java:27)
	at org.junit.internal.runners.statements.FailOnTimeout$CallableStatement.call(FailOnTimeout.java:298)
	at org.junit.internal.runners.statements.FailOnTimeout$CallableStatement.call(FailOnTimeout.java:292)
	at java.util.concurrent.FutureTask.run(FutureTask.java:266)
	at java.lang.Thread.run(Thread.java:748)
2019-09-24 16:06:02,077 WARN  ratis.RaftTestUtil (JavaUtils.java:attempt(158)) - FAILED "waitForLeader-null-(expectLeader? true)", attempt #21/100: java.lang.IllegalStateException: No leader yet : printing ALL groups
  s0:  RUNNING  FOLLOWER s0@group-DDA61F3D2864:t3, leader=null, voted=s0, raftlog=s0@group-DDA61F3D2864-SegmentedRaftLog:OPENED:c-1,f-1,i0, conf=0: [s0:0.0.0.0:39545, s1:0.0.0.0:39945, s2:0.0.0.0:33605], old=null RUNNING
  s1:  RUNNING CANDIDATE s1@group-DDA61F3D2864:t3, leader=null, voted=s1, raftlog=s1@group-DDA61F3D2864-SegmentedRaftLog:OPENED:c-1,f-1,i0, conf=-1: [s0:0.0.0.0:39545, s1:0.0.0.0:39945, s2:0.0.0.0:33605], old=null RUNNING
  s2:  RUNNING CANDIDATE s2@group-DDA61F3D2864:t3, leader=null, voted=s2, raftlog=s2@group-DDA61F3D2864-SegmentedRaftLog:OPENED:c-1,f-1,i0, conf=-1: [s0:0.0.0.0:39545, s1:0.0.0.0:39945, s2:0.0.0.0:33605], old=null RUNNING, sleep 450ms and then retry.
java.lang.IllegalStateException: No leader yet : printing ALL groups
  s0:  RUNNING  FOLLOWER s0@group-DDA61F3D2864:t3, leader=null, voted=s0, raftlog=s0@group-DDA61F3D2864-SegmentedRaftLog:OPENED:c-1,f-1,i0, conf=0: [s0:0.0.0.0:39545, s1:0.0.0.0:39945, s2:0.0.0.0:33605], old=null RUNNING
  s1:  RUNNING CANDIDATE s1@group-DDA61F3D2864:t3, leader=null, voted=s1, raftlog=s1@group-DDA61F3D2864-SegmentedRaftLog:OPENED:c-1,f-1,i0, conf=-1: [s0:0.0.0.0:39545, s1:0.0.0.0:39945, s2:0.0.0.0:33605], old=null RUNNING
  s2:  RUNNING CANDIDATE s2@group-DDA61F3D2864:t3, leader=null, voted=s2, raftlog=s2@group-DDA61F3D2864-SegmentedRaftLog:OPENED:c-1,f-1,i0, conf=-1: [s0:0.0.0.0:39545, s1:0.0.0.0:39945, s2:0.0.0.0:33605], old=null RUNNING
	at org.apache.ratis.MiniRaftCluster.newIllegalStateExceptionForNoLeaders(MiniRaftCluster.java:506)
	at org.apache.ratis.RaftTestUtil.lambda$waitForLeader$1(RaftTestUtil.java:90)
	at org.apache.ratis.MiniRaftCluster.getLeader(MiniRaftCluster.java:539)
	at org.apache.ratis.MiniRaftCluster.getLeader(MiniRaftCluster.java:532)
	at org.apache.ratis.RaftTestUtil.lambda$waitForLeader$3(RaftTestUtil.java:98)
	at org.apache.ratis.util.JavaUtils.attempt(JavaUtils.java:152)
	at org.apache.ratis.RaftTestUtil.waitForLeader(RaftTestUtil.java:97)
	at org.apache.ratis.RaftTestUtil.waitForLeader(RaftTestUtil.java:77)
	at org.apache.ratis.RaftTestUtil.waitForLeader(RaftTestUtil.java:72)
	at org.apache.ratis.server.impl.LeaderElectionTests.testChangeLeader(LeaderElectionTests.java:79)
	at sun.reflect.NativeMethodAccessorImpl.invoke0(Native Method)
	at sun.reflect.NativeMethodAccessorImpl.invoke(NativeMethodAccessorImpl.java:62)
	at sun.reflect.DelegatingMethodAccessorImpl.invoke(DelegatingMethodAccessorImpl.java:43)
	at java.lang.reflect.Method.invoke(Method.java:498)
	at org.junit.runners.model.FrameworkMethod$1.runReflectiveCall(FrameworkMethod.java:50)
	at org.junit.internal.runners.model.ReflectiveCallable.run(ReflectiveCallable.java:12)
	at org.junit.runners.model.FrameworkMethod.invokeExplosively(FrameworkMethod.java:47)
	at org.junit.internal.runners.statements.InvokeMethod.evaluate(InvokeMethod.java:17)
	at org.junit.internal.runners.statements.RunAfters.evaluate(RunAfters.java:27)
	at org.junit.internal.runners.statements.FailOnTimeout$CallableStatement.call(FailOnTimeout.java:298)
	at org.junit.internal.runners.statements.FailOnTimeout$CallableStatement.call(FailOnTimeout.java:292)
	at java.util.concurrent.FutureTask.run(FutureTask.java:266)
	at java.lang.Thread.run(Thread.java:748)
2019-09-24 16:06:02,529 WARN  ratis.RaftTestUtil (JavaUtils.java:attempt(158)) - FAILED "waitForLeader-null-(expectLeader? true)", attempt #22/100: java.lang.IllegalStateException: No leader yet : printing ALL groups
  s0:  RUNNING  FOLLOWER s0@group-DDA61F3D2864:t3, leader=null, voted=s0, raftlog=s0@group-DDA61F3D2864-SegmentedRaftLog:OPENED:c-1,f-1,i0, conf=0: [s0:0.0.0.0:39545, s1:0.0.0.0:39945, s2:0.0.0.0:33605], old=null RUNNING
  s1:  RUNNING CANDIDATE s1@group-DDA61F3D2864:t3, leader=null, voted=s1, raftlog=s1@group-DDA61F3D2864-SegmentedRaftLog:OPENED:c-1,f-1,i0, conf=-1: [s0:0.0.0.0:39545, s1:0.0.0.0:39945, s2:0.0.0.0:33605], old=null RUNNING
  s2:  RUNNING CANDIDATE s2@group-DDA61F3D2864:t3, leader=null, voted=s2, raftlog=s2@group-DDA61F3D2864-SegmentedRaftLog:OPENED:c-1,f-1,i0, conf=-1: [s0:0.0.0.0:39545, s1:0.0.0.0:39945, s2:0.0.0.0:33605], old=null RUNNING, sleep 450ms and then retry.
java.lang.IllegalStateException: No leader yet : printing ALL groups
  s0:  RUNNING  FOLLOWER s0@group-DDA61F3D2864:t3, leader=null, voted=s0, raftlog=s0@group-DDA61F3D2864-SegmentedRaftLog:OPENED:c-1,f-1,i0, conf=0: [s0:0.0.0.0:39545, s1:0.0.0.0:39945, s2:0.0.0.0:33605], old=null RUNNING
  s1:  RUNNING CANDIDATE s1@group-DDA61F3D2864:t3, leader=null, voted=s1, raftlog=s1@group-DDA61F3D2864-SegmentedRaftLog:OPENED:c-1,f-1,i0, conf=-1: [s0:0.0.0.0:39545, s1:0.0.0.0:39945, s2:0.0.0.0:33605], old=null RUNNING
  s2:  RUNNING CANDIDATE s2@group-DDA61F3D2864:t3, leader=null, voted=s2, raftlog=s2@group-DDA61F3D2864-SegmentedRaftLog:OPENED:c-1,f-1,i0, conf=-1: [s0:0.0.0.0:39545, s1:0.0.0.0:39945, s2:0.0.0.0:33605], old=null RUNNING
	at org.apache.ratis.MiniRaftCluster.newIllegalStateExceptionForNoLeaders(MiniRaftCluster.java:506)
	at org.apache.ratis.RaftTestUtil.lambda$waitForLeader$1(RaftTestUtil.java:90)
	at org.apache.ratis.MiniRaftCluster.getLeader(MiniRaftCluster.java:539)
	at org.apache.ratis.MiniRaftCluster.getLeader(MiniRaftCluster.java:532)
	at org.apache.ratis.RaftTestUtil.lambda$waitForLeader$3(RaftTestUtil.java:98)
	at org.apache.ratis.util.JavaUtils.attempt(JavaUtils.java:152)
	at org.apache.ratis.RaftTestUtil.waitForLeader(RaftTestUtil.java:97)
	at org.apache.ratis.RaftTestUtil.waitForLeader(RaftTestUtil.java:77)
	at org.apache.ratis.RaftTestUtil.waitForLeader(RaftTestUtil.java:72)
	at org.apache.ratis.server.impl.LeaderElectionTests.testChangeLeader(LeaderElectionTests.java:79)
	at sun.reflect.NativeMethodAccessorImpl.invoke0(Native Method)
	at sun.reflect.NativeMethodAccessorImpl.invoke(NativeMethodAccessorImpl.java:62)
	at sun.reflect.DelegatingMethodAccessorImpl.invoke(DelegatingMethodAccessorImpl.java:43)
	at java.lang.reflect.Method.invoke(Method.java:498)
	at org.junit.runners.model.FrameworkMethod$1.runReflectiveCall(FrameworkMethod.java:50)
	at org.junit.internal.runners.model.ReflectiveCallable.run(ReflectiveCallable.java:12)
	at org.junit.runners.model.FrameworkMethod.invokeExplosively(FrameworkMethod.java:47)
	at org.junit.internal.runners.statements.InvokeMethod.evaluate(InvokeMethod.java:17)
	at org.junit.internal.runners.statements.RunAfters.evaluate(RunAfters.java:27)
	at org.junit.internal.runners.statements.FailOnTimeout$CallableStatement.call(FailOnTimeout.java:298)
	at org.junit.internal.runners.statements.FailOnTimeout$CallableStatement.call(FailOnTimeout.java:292)
	at java.util.concurrent.FutureTask.run(FutureTask.java:266)
	at java.lang.Thread.run(Thread.java:748)
2019-09-24 16:06:02,980 WARN  ratis.RaftTestUtil (JavaUtils.java:attempt(158)) - FAILED "waitForLeader-null-(expectLeader? true)", attempt #23/100: java.lang.IllegalStateException: No leader yet : printing ALL groups
  s0:  RUNNING  FOLLOWER s0@group-DDA61F3D2864:t3, leader=null, voted=s0, raftlog=s0@group-DDA61F3D2864-SegmentedRaftLog:OPENED:c-1,f-1,i0, conf=0: [s0:0.0.0.0:39545, s1:0.0.0.0:39945, s2:0.0.0.0:33605], old=null RUNNING
  s1:  RUNNING CANDIDATE s1@group-DDA61F3D2864:t3, leader=null, voted=s1, raftlog=s1@group-DDA61F3D2864-SegmentedRaftLog:OPENED:c-1,f-1,i0, conf=-1: [s0:0.0.0.0:39545, s1:0.0.0.0:39945, s2:0.0.0.0:33605], old=null RUNNING
  s2:  RUNNING CANDIDATE s2@group-DDA61F3D2864:t3, leader=null, voted=s2, raftlog=s2@group-DDA61F3D2864-SegmentedRaftLog:OPENED:c-1,f-1,i0, conf=-1: [s0:0.0.0.0:39545, s1:0.0.0.0:39945, s2:0.0.0.0:33605], old=null RUNNING, sleep 450ms and then retry.
java.lang.IllegalStateException: No leader yet : printing ALL groups
  s0:  RUNNING  FOLLOWER s0@group-DDA61F3D2864:t3, leader=null, voted=s0, raftlog=s0@group-DDA61F3D2864-SegmentedRaftLog:OPENED:c-1,f-1,i0, conf=0: [s0:0.0.0.0:39545, s1:0.0.0.0:39945, s2:0.0.0.0:33605], old=null RUNNING
  s1:  RUNNING CANDIDATE s1@group-DDA61F3D2864:t3, leader=null, voted=s1, raftlog=s1@group-DDA61F3D2864-SegmentedRaftLog:OPENED:c-1,f-1,i0, conf=-1: [s0:0.0.0.0:39545, s1:0.0.0.0:39945, s2:0.0.0.0:33605], old=null RUNNING
  s2:  RUNNING CANDIDATE s2@group-DDA61F3D2864:t3, leader=null, voted=s2, raftlog=s2@group-DDA61F3D2864-SegmentedRaftLog:OPENED:c-1,f-1,i0, conf=-1: [s0:0.0.0.0:39545, s1:0.0.0.0:39945, s2:0.0.0.0:33605], old=null RUNNING
	at org.apache.ratis.MiniRaftCluster.newIllegalStateExceptionForNoLeaders(MiniRaftCluster.java:506)
	at org.apache.ratis.RaftTestUtil.lambda$waitForLeader$1(RaftTestUtil.java:90)
	at org.apache.ratis.MiniRaftCluster.getLeader(MiniRaftCluster.java:539)
	at org.apache.ratis.MiniRaftCluster.getLeader(MiniRaftCluster.java:532)
	at org.apache.ratis.RaftTestUtil.lambda$waitForLeader$3(RaftTestUtil.java:98)
	at org.apache.ratis.util.JavaUtils.attempt(JavaUtils.java:152)
	at org.apache.ratis.RaftTestUtil.waitForLeader(RaftTestUtil.java:97)
	at org.apache.ratis.RaftTestUtil.waitForLeader(RaftTestUtil.java:77)
	at org.apache.ratis.RaftTestUtil.waitForLeader(RaftTestUtil.java:72)
	at org.apache.ratis.server.impl.LeaderElectionTests.testChangeLeader(LeaderElectionTests.java:79)
	at sun.reflect.NativeMethodAccessorImpl.invoke0(Native Method)
	at sun.reflect.NativeMethodAccessorImpl.invoke(NativeMethodAccessorImpl.java:62)
	at sun.reflect.DelegatingMethodAccessorImpl.invoke(DelegatingMethodAccessorImpl.java:43)
	at java.lang.reflect.Method.invoke(Method.java:498)
	at org.junit.runners.model.FrameworkMethod$1.runReflectiveCall(FrameworkMethod.java:50)
	at org.junit.internal.runners.model.ReflectiveCallable.run(ReflectiveCallable.java:12)
	at org.junit.runners.model.FrameworkMethod.invokeExplosively(FrameworkMethod.java:47)
	at org.junit.internal.runners.statements.InvokeMethod.evaluate(InvokeMethod.java:17)
	at org.junit.internal.runners.statements.RunAfters.evaluate(RunAfters.java:27)
	at org.junit.internal.runners.statements.FailOnTimeout$CallableStatement.call(FailOnTimeout.java:298)
	at org.junit.internal.runners.statements.FailOnTimeout$CallableStatement.call(FailOnTimeout.java:292)
	at java.util.concurrent.FutureTask.run(FutureTask.java:266)
	at java.lang.Thread.run(Thread.java:748)
2019-09-24 16:06:03,045 INFO  ratis.MiniRaftCluster (MiniRaftCluster.java:lambda$null$5(297)) - TIMED-PRINT: printing ALL groups
  s0:  RUNNING  FOLLOWER s0@group-DDA61F3D2864:t3, leader=null, voted=s0, raftlog=s0@group-DDA61F3D2864-SegmentedRaftLog:OPENED:c-1,f-1,i0, conf=0: [s0:0.0.0.0:39545, s1:0.0.0.0:39945, s2:0.0.0.0:33605], old=null RUNNING
  s1:  RUNNING CANDIDATE s1@group-DDA61F3D2864:t3, leader=null, voted=s1, raftlog=s1@group-DDA61F3D2864-SegmentedRaftLog:OPENED:c-1,f-1,i0, conf=-1: [s0:0.0.0.0:39545, s1:0.0.0.0:39945, s2:0.0.0.0:33605], old=null RUNNING
  s2:  RUNNING CANDIDATE s2@group-DDA61F3D2864:t3, leader=null, voted=s2, raftlog=s2@group-DDA61F3D2864-SegmentedRaftLog:OPENED:c-1,f-1,i0, conf=-1: [s0:0.0.0.0:39545, s1:0.0.0.0:39945, s2:0.0.0.0:33605], old=null RUNNING
2019-09-24 16:06:03,431 WARN  ratis.RaftTestUtil (JavaUtils.java:attempt(158)) - FAILED "waitForLeader-null-(expectLeader? true)", attempt #24/100: java.lang.IllegalStateException: No leader yet : printing ALL groups
  s0:  RUNNING  FOLLOWER s0@group-DDA61F3D2864:t3, leader=null, voted=s0, raftlog=s0@group-DDA61F3D2864-SegmentedRaftLog:OPENED:c-1,f-1,i0, conf=0: [s0:0.0.0.0:39545, s1:0.0.0.0:39945, s2:0.0.0.0:33605], old=null RUNNING
  s1:  RUNNING CANDIDATE s1@group-DDA61F3D2864:t3, leader=null, voted=s1, raftlog=s1@group-DDA61F3D2864-SegmentedRaftLog:OPENED:c-1,f-1,i0, conf=-1: [s0:0.0.0.0:39545, s1:0.0.0.0:39945, s2:0.0.0.0:33605], old=null RUNNING
  s2:  RUNNING CANDIDATE s2@group-DDA61F3D2864:t3, leader=null, voted=s2, raftlog=s2@group-DDA61F3D2864-SegmentedRaftLog:OPENED:c-1,f-1,i0, conf=-1: [s0:0.0.0.0:39545, s1:0.0.0.0:39945, s2:0.0.0.0:33605], old=null RUNNING, sleep 450ms and then retry.
java.lang.IllegalStateException: No leader yet : printing ALL groups
  s0:  RUNNING  FOLLOWER s0@group-DDA61F3D2864:t3, leader=null, voted=s0, raftlog=s0@group-DDA61F3D2864-SegmentedRaftLog:OPENED:c-1,f-1,i0, conf=0: [s0:0.0.0.0:39545, s1:0.0.0.0:39945, s2:0.0.0.0:33605], old=null RUNNING
  s1:  RUNNING CANDIDATE s1@group-DDA61F3D2864:t3, leader=null, voted=s1, raftlog=s1@group-DDA61F3D2864-SegmentedRaftLog:OPENED:c-1,f-1,i0, conf=-1: [s0:0.0.0.0:39545, s1:0.0.0.0:39945, s2:0.0.0.0:33605], old=null RUNNING
  s2:  RUNNING CANDIDATE s2@group-DDA61F3D2864:t3, leader=null, voted=s2, raftlog=s2@group-DDA61F3D2864-SegmentedRaftLog:OPENED:c-1,f-1,i0, conf=-1: [s0:0.0.0.0:39545, s1:0.0.0.0:39945, s2:0.0.0.0:33605], old=null RUNNING
	at org.apache.ratis.MiniRaftCluster.newIllegalStateExceptionForNoLeaders(MiniRaftCluster.java:506)
	at org.apache.ratis.RaftTestUtil.lambda$waitForLeader$1(RaftTestUtil.java:90)
	at org.apache.ratis.MiniRaftCluster.getLeader(MiniRaftCluster.java:539)
	at org.apache.ratis.MiniRaftCluster.getLeader(MiniRaftCluster.java:532)
	at org.apache.ratis.RaftTestUtil.lambda$waitForLeader$3(RaftTestUtil.java:98)
	at org.apache.ratis.util.JavaUtils.attempt(JavaUtils.java:152)
	at org.apache.ratis.RaftTestUtil.waitForLeader(RaftTestUtil.java:97)
	at org.apache.ratis.RaftTestUtil.waitForLeader(RaftTestUtil.java:77)
	at org.apache.ratis.RaftTestUtil.waitForLeader(RaftTestUtil.java:72)
	at org.apache.ratis.server.impl.LeaderElectionTests.testChangeLeader(LeaderElectionTests.java:79)
	at sun.reflect.NativeMethodAccessorImpl.invoke0(Native Method)
	at sun.reflect.NativeMethodAccessorImpl.invoke(NativeMethodAccessorImpl.java:62)
	at sun.reflect.DelegatingMethodAccessorImpl.invoke(DelegatingMethodAccessorImpl.java:43)
	at java.lang.reflect.Method.invoke(Method.java:498)
	at org.junit.runners.model.FrameworkMethod$1.runReflectiveCall(FrameworkMethod.java:50)
	at org.junit.internal.runners.model.ReflectiveCallable.run(ReflectiveCallable.java:12)
	at org.junit.runners.model.FrameworkMethod.invokeExplosively(FrameworkMethod.java:47)
	at org.junit.internal.runners.statements.InvokeMethod.evaluate(InvokeMethod.java:17)
	at org.junit.internal.runners.statements.RunAfters.evaluate(RunAfters.java:27)
	at org.junit.internal.runners.statements.FailOnTimeout$CallableStatement.call(FailOnTimeout.java:298)
	at org.junit.internal.runners.statements.FailOnTimeout$CallableStatement.call(FailOnTimeout.java:292)
	at java.util.concurrent.FutureTask.run(FutureTask.java:266)
	at java.lang.Thread.run(Thread.java:748)
2019-09-24 16:06:03,687 TRACE segmented.SegmentedRaftLogWorker (SegmentedRaftLogWorker.java:lambda$new$1(133)) - s0@group-DDA61F3D2864-SegmentedRaftLogWorker: flushIndex: updateIncreasingly -1 -> 0
2019-09-24 16:06:03,688 INFO  impl.LeaderElection (LeaderElection.java:askForVotes(178)) - s1@group-DDA61F3D2864-LeaderElection34: begin an election at term 3 for -1: [s0:0.0.0.0:39545, s1:0.0.0.0:39945, s2:0.0.0.0:33605], old=null
2019-09-24 16:06:03,689 INFO  impl.LeaderElection (LeaderElection.java:askForVotes(178)) - s2@group-DDA61F3D2864-LeaderElection36: begin an election at term 3 for -1: [s0:0.0.0.0:39545, s1:0.0.0.0:39945, s2:0.0.0.0:33605], old=null
2019-09-24 16:06:03,689 INFO  impl.LeaderElection (LeaderElection.java:askForVotes(178)) - s0@group-DDA61F3D2864-LeaderElection35: begin an election at term 3 for 0: [s0:0.0.0.0:39545, s1:0.0.0.0:39945, s2:0.0.0.0:33605], old=null
2019-09-24 16:06:03,689 INFO  impl.FollowerState (FollowerState.java:run(108)) - s0@group-DDA61F3D2864-FollowerState: change to CANDIDATE, lastRpcTime:5134ms, electionTimeout:279ms
2019-09-24 16:06:03,690 INFO  impl.RoleInfo (RoleInfo.java:shutdownFollowerState(121)) - s0: shutdown FollowerState
2019-09-24 16:06:03,690 INFO  impl.RaftServerImpl (RaftServerImpl.java:setRole(170)) - s0@group-DDA61F3D2864: changes role from  FOLLOWER to CANDIDATE at term 3 for changeToCandidate
2019-09-24 16:06:03,691 INFO  impl.RoleInfo (RoleInfo.java:updateAndGet(143)) - s0: start LeaderElection
2019-09-24 16:06:03,692 DEBUG impl.RaftServerImpl (RaftServerImpl.java:requestVote(743)) - s2@group-DDA61F3D2864: receive requestVote(s1, group-DDA61F3D2864, 3, (t:0, i:0))
2019-09-24 16:06:03,692 DEBUG impl.RaftServerImpl (RaftServerImpl.java:requestVote(775)) - s2@group-DDA61F3D2864 replies to vote request: s1<-s2#0:FAIL-t3. Peer's state: s2@group-DDA61F3D2864:t3, leader=null, voted=s2, raftlog=s2@group-DDA61F3D2864-SegmentedRaftLog:OPENED:c-1,f-1,i0, conf=-1: [s0:0.0.0.0:39545, s1:0.0.0.0:39945, s2:0.0.0.0:33605], old=null
2019-09-24 16:06:03,692 DEBUG impl.RaftServerImpl (RaftServerImpl.java:requestVote(743)) - s0@group-DDA61F3D2864: receive requestVote(s1, group-DDA61F3D2864, 3, (t:0, i:0))
2019-09-24 16:06:03,697 DEBUG impl.RaftServerImpl (RaftServerImpl.java:requestVote(743)) - s0@group-DDA61F3D2864: receive requestVote(s2, group-DDA61F3D2864, 3, (t:0, i:0))
2019-09-24 16:06:03,697 DEBUG impl.RaftServerImpl (RaftServerImpl.java:requestVote(743)) - s1@group-DDA61F3D2864: receive requestVote(s2, group-DDA61F3D2864, 3, (t:0, i:0))
2019-09-24 16:06:03,697 DEBUG impl.RaftServerImpl (RaftServerImpl.java:requestVote(775)) - s1@group-DDA61F3D2864 replies to vote request: s2<-s1#0:FAIL-t3. Peer's state: s1@group-DDA61F3D2864:t3, leader=null, voted=s1, raftlog=s1@group-DDA61F3D2864-SegmentedRaftLog:OPENED:c-1,f-1,i0, conf=-1: [s0:0.0.0.0:39545, s1:0.0.0.0:39945, s2:0.0.0.0:33605], old=null
2019-09-24 16:06:03,699 DEBUG impl.RaftServerImpl (RaftServerImpl.java:requestVote(743)) - s1@group-DDA61F3D2864: receive requestVote(s0, group-DDA61F3D2864, 3, (t:1, i:0))
2019-09-24 16:06:03,699 DEBUG impl.RaftServerImpl (RaftServerImpl.java:requestVote(775)) - s1@group-DDA61F3D2864 replies to vote request: s0<-s1#0:FAIL-t3. Peer's state: s1@group-DDA61F3D2864:t3, leader=null, voted=s1, raftlog=s1@group-DDA61F3D2864-SegmentedRaftLog:OPENED:c-1,f-1,i0, conf=-1: [s0:0.0.0.0:39545, s1:0.0.0.0:39945, s2:0.0.0.0:33605], old=null
2019-09-24 16:06:03,705 INFO  impl.LeaderElection (LeaderElection.java:askForVotes(178)) - s0@group-DDA61F3D2864-LeaderElection37: begin an election at term 4 for 0: [s0:0.0.0.0:39545, s1:0.0.0.0:39945, s2:0.0.0.0:33605], old=null
2019-09-24 16:06:03,705 DEBUG impl.RaftServerImpl (RaftServerImpl.java:requestVote(775)) - s0@group-DDA61F3D2864 replies to vote request: s2<-s0#0:FAIL-t4. Peer's state: s0@group-DDA61F3D2864:t4, leader=null, voted=s0, raftlog=s0@group-DDA61F3D2864-SegmentedRaftLog:OPENED:c-1,f0,i0, conf=0: [s0:0.0.0.0:39545, s1:0.0.0.0:39945, s2:0.0.0.0:33605], old=null
2019-09-24 16:06:03,705 DEBUG impl.RaftServerImpl (RaftServerImpl.java:requestVote(775)) - s0@group-DDA61F3D2864 replies to vote request: s1<-s0#0:FAIL-t4. Peer's state: s0@group-DDA61F3D2864:t4, leader=null, voted=s0, raftlog=s0@group-DDA61F3D2864-SegmentedRaftLog:OPENED:c-1,f0,i0, conf=0: [s0:0.0.0.0:39545, s1:0.0.0.0:39945, s2:0.0.0.0:33605], old=null
2019-09-24 16:06:03,706 INFO  impl.LeaderElection (LeaderElection.java:logAndReturn(56)) - s0@group-DDA61F3D2864-LeaderElection35: Election REJECTED; received 0 response(s) [] and 0 exception(s); s0@group-DDA61F3D2864:t4, leader=null, voted=s0, raftlog=s0@group-DDA61F3D2864-SegmentedRaftLog:OPENED:c-1,f0,i0, conf=0: [s0:0.0.0.0:39545, s1:0.0.0.0:39945, s2:0.0.0.0:33605], old=null
2019-09-24 16:06:03,706 INFO  impl.LeaderElection (LeaderElection.java:logAndReturn(56)) - s2@group-DDA61F3D2864-LeaderElection36: Election DISCOVERED_A_NEW_TERM; received 2 response(s) [s2<-s0#0:FAIL-t4, s2<-s1#0:FAIL-t3] and 0 exception(s); s2@group-DDA61F3D2864:t3, leader=null, voted=s2, raftlog=s2@group-DDA61F3D2864-SegmentedRaftLog:OPENED:c-1,f-1,i0, conf=-1: [s0:0.0.0.0:39545, s1:0.0.0.0:39945, s2:0.0.0.0:33605], old=null
2019-09-24 16:06:03,706 INFO  impl.RaftServerImpl (RaftServerImpl.java:setRole(170)) - s2@group-DDA61F3D2864: changes role from CANDIDATE to FOLLOWER at term 4 for DISCOVERED_A_NEW_TERM
2019-09-24 16:06:03,707 INFO  impl.RoleInfo (RoleInfo.java:shutdownLeaderElection(134)) - s2: shutdown LeaderElection
2019-09-24 16:06:03,707 INFO  impl.LeaderElection (LeaderElection.java:logAndReturn(56)) - s1@group-DDA61F3D2864-LeaderElection34: Election DISCOVERED_A_NEW_TERM; received 2 response(s) [s1<-s0#0:FAIL-t4, s1<-s2#0:FAIL-t3] and 0 exception(s); s1@group-DDA61F3D2864:t3, leader=null, voted=s1, raftlog=s1@group-DDA61F3D2864-SegmentedRaftLog:OPENED:c-1,f-1,i0, conf=-1: [s0:0.0.0.0:39545, s1:0.0.0.0:39945, s2:0.0.0.0:33605], old=null
2019-09-24 16:06:03,707 INFO  impl.RoleInfo (RoleInfo.java:updateAndGet(143)) - s2: start FollowerState
2019-09-24 16:06:03,707 INFO  impl.RaftServerImpl (RaftServerImpl.java:setRole(170)) - s1@group-DDA61F3D2864: changes role from CANDIDATE to FOLLOWER at term 4 for DISCOVERED_A_NEW_TERM
2019-09-24 16:06:03,707 INFO  impl.RoleInfo (RoleInfo.java:shutdownLeaderElection(134)) - s1: shutdown LeaderElection
2019-09-24 16:06:03,708 DEBUG impl.RaftServerImpl (RaftServerImpl.java:requestVote(743)) - s1@group-DDA61F3D2864: receive requestVote(s0, group-DDA61F3D2864, 4, (t:1, i:0))
2019-09-24 16:06:03,708 INFO  impl.RoleInfo (RoleInfo.java:updateAndGet(143)) - s1: start FollowerState
2019-09-24 16:06:03,710 DEBUG impl.RaftServerImpl (RaftServerImpl.java:requestVote(743)) - s2@group-DDA61F3D2864: receive requestVote(s0, group-DDA61F3D2864, 3, (t:1, i:0))
2019-09-24 16:06:03,711 DEBUG impl.RaftServerImpl (RaftServerImpl.java:requestVote(743)) - s2@group-DDA61F3D2864: receive requestVote(s0, group-DDA61F3D2864, 4, (t:1, i:0))
2019-09-24 16:06:03,870 INFO  impl.LeaderElection (LeaderElection.java:logAndReturn(56)) - s0@group-DDA61F3D2864-LeaderElection37: Election TIMEOUT; received 0 response(s) [] and 0 exception(s); s0@group-DDA61F3D2864:t4, leader=null, voted=s0, raftlog=s0@group-DDA61F3D2864-SegmentedRaftLog:OPENED:c-1,f0,i0, conf=0: [s0:0.0.0.0:39545, s1:0.0.0.0:39945, s2:0.0.0.0:33605], old=null
2019-09-24 16:06:03,883 WARN  ratis.RaftTestUtil (JavaUtils.java:attempt(158)) - FAILED "waitForLeader-null-(expectLeader? true)", attempt #25/100: java.lang.IllegalStateException: No leader yet : printing ALL groups
  s0:  RUNNING CANDIDATE s0@group-DDA61F3D2864:t5, leader=null, voted=s0, raftlog=s0@group-DDA61F3D2864-SegmentedRaftLog:OPENED:c-1,f0,i0, conf=0: [s0:0.0.0.0:39545, s1:0.0.0.0:39945, s2:0.0.0.0:33605], old=null RUNNING
  s1:  RUNNING  FOLLOWER s1@group-DDA61F3D2864:t4, leader=null, voted=null, raftlog=s1@group-DDA61F3D2864-SegmentedRaftLog:OPENED:c-1,f-1,i0, conf=-1: [s0:0.0.0.0:39545, s1:0.0.0.0:39945, s2:0.0.0.0:33605], old=null RUNNING
  s2:  RUNNING  FOLLOWER s2@group-DDA61F3D2864:t4, leader=null, voted=null, raftlog=s2@group-DDA61F3D2864-SegmentedRaftLog:OPENED:c-1,f-1,i0, conf=-1: [s0:0.0.0.0:39545, s1:0.0.0.0:39945, s2:0.0.0.0:33605], old=null RUNNING, sleep 450ms and then retry.
java.lang.IllegalStateException: No leader yet : printing ALL groups
  s0:  RUNNING CANDIDATE s0@group-DDA61F3D2864:t5, leader=null, voted=s0, raftlog=s0@group-DDA61F3D2864-SegmentedRaftLog:OPENED:c-1,f0,i0, conf=0: [s0:0.0.0.0:39545, s1:0.0.0.0:39945, s2:0.0.0.0:33605], old=null RUNNING
  s1:  RUNNING  FOLLOWER s1@group-DDA61F3D2864:t4, leader=null, voted=null, raftlog=s1@group-DDA61F3D2864-SegmentedRaftLog:OPENED:c-1,f-1,i0, conf=-1: [s0:0.0.0.0:39545, s1:0.0.0.0:39945, s2:0.0.0.0:33605], old=null RUNNING
  s2:  RUNNING  FOLLOWER s2@group-DDA61F3D2864:t4, leader=null, voted=null, raftlog=s2@group-DDA61F3D2864-SegmentedRaftLog:OPENED:c-1,f-1,i0, conf=-1: [s0:0.0.0.0:39545, s1:0.0.0.0:39945, s2:0.0.0.0:33605], old=null RUNNING
	at org.apache.ratis.MiniRaftCluster.newIllegalStateExceptionForNoLeaders(MiniRaftCluster.java:506)
	at org.apache.ratis.RaftTestUtil.lambda$waitForLeader$1(RaftTestUtil.java:90)
	at org.apache.ratis.MiniRaftCluster.getLeader(MiniRaftCluster.java:539)
	at org.apache.ratis.MiniRaftCluster.getLeader(MiniRaftCluster.java:532)
	at org.apache.ratis.RaftTestUtil.lambda$waitForLeader$3(RaftTestUtil.java:98)
	at org.apache.ratis.util.JavaUtils.attempt(JavaUtils.java:152)
	at org.apache.ratis.RaftTestUtil.waitForLeader(RaftTestUtil.java:97)
	at org.apache.ratis.RaftTestUtil.waitForLeader(RaftTestUtil.java:77)
	at org.apache.ratis.RaftTestUtil.waitForLeader(RaftTestUtil.java:72)
	at org.apache.ratis.server.impl.LeaderElectionTests.testChangeLeader(LeaderElectionTests.java:79)
	at sun.reflect.NativeMethodAccessorImpl.invoke0(Native Method)
	at sun.reflect.NativeMethodAccessorImpl.invoke(NativeMethodAccessorImpl.java:62)
	at sun.reflect.DelegatingMethodAccessorImpl.invoke(DelegatingMethodAccessorImpl.java:43)
	at java.lang.reflect.Method.invoke(Method.java:498)
	at org.junit.runners.model.FrameworkMethod$1.runReflectiveCall(FrameworkMethod.java:50)
	at org.junit.internal.runners.model.ReflectiveCallable.run(ReflectiveCallable.java:12)
	at org.junit.runners.model.FrameworkMethod.invokeExplosively(FrameworkMethod.java:47)
	at org.junit.internal.runners.statements.InvokeMethod.evaluate(InvokeMethod.java:17)
	at org.junit.internal.runners.statements.RunAfters.evaluate(RunAfters.java:27)
	at org.junit.internal.runners.statements.FailOnTimeout$CallableStatement.call(FailOnTimeout.java:298)
	at org.junit.internal.runners.statements.FailOnTimeout$CallableStatement.call(FailOnTimeout.java:292)
	at java.util.concurrent.FutureTask.run(FutureTask.java:266)
	at java.lang.Thread.run(Thread.java:748)
2019-09-24 16:06:04,335 WARN  ratis.RaftTestUtil (JavaUtils.java:attempt(158)) - FAILED "waitForLeader-null-(expectLeader? true)", attempt #26/100: java.lang.IllegalStateException: No leader yet : printing ALL groups
  s0:  RUNNING CANDIDATE s0@group-DDA61F3D2864:t5, leader=null, voted=s0, raftlog=s0@group-DDA61F3D2864-SegmentedRaftLog:OPENED:c-1,f0,i0, conf=0: [s0:0.0.0.0:39545, s1:0.0.0.0:39945, s2:0.0.0.0:33605], old=null RUNNING
  s1:  RUNNING  FOLLOWER s1@group-DDA61F3D2864:t4, leader=null, voted=null, raftlog=s1@group-DDA61F3D2864-SegmentedRaftLog:OPENED:c-1,f-1,i0, conf=-1: [s0:0.0.0.0:39545, s1:0.0.0.0:39945, s2:0.0.0.0:33605], old=null RUNNING
  s2:  RUNNING  FOLLOWER s2@group-DDA61F3D2864:t4, leader=null, voted=null, raftlog=s2@group-DDA61F3D2864-SegmentedRaftLog:OPENED:c-1,f-1,i0, conf=-1: [s0:0.0.0.0:39545, s1:0.0.0.0:39945, s2:0.0.0.0:33605], old=null RUNNING, sleep 450ms and then retry.
java.lang.IllegalStateException: No leader yet : printing ALL groups
  s0:  RUNNING CANDIDATE s0@group-DDA61F3D2864:t5, leader=null, voted=s0, raftlog=s0@group-DDA61F3D2864-SegmentedRaftLog:OPENED:c-1,f0,i0, conf=0: [s0:0.0.0.0:39545, s1:0.0.0.0:39945, s2:0.0.0.0:33605], old=null RUNNING
  s1:  RUNNING  FOLLOWER s1@group-DDA61F3D2864:t4, leader=null, voted=null, raftlog=s1@group-DDA61F3D2864-SegmentedRaftLog:OPENED:c-1,f-1,i0, conf=-1: [s0:0.0.0.0:39545, s1:0.0.0.0:39945, s2:0.0.0.0:33605], old=null RUNNING
  s2:  RUNNING  FOLLOWER s2@group-DDA61F3D2864:t4, leader=null, voted=null, raftlog=s2@group-DDA61F3D2864-SegmentedRaftLog:OPENED:c-1,f-1,i0, conf=-1: [s0:0.0.0.0:39545, s1:0.0.0.0:39945, s2:0.0.0.0:33605], old=null RUNNING
	at org.apache.ratis.MiniRaftCluster.newIllegalStateExceptionForNoLeaders(MiniRaftCluster.java:506)
	at org.apache.ratis.RaftTestUtil.lambda$waitForLeader$1(RaftTestUtil.java:90)
	at org.apache.ratis.MiniRaftCluster.getLeader(MiniRaftCluster.java:539)
	at org.apache.ratis.MiniRaftCluster.getLeader(MiniRaftCluster.java:532)
	at org.apache.ratis.RaftTestUtil.lambda$waitForLeader$3(RaftTestUtil.java:98)
	at org.apache.ratis.util.JavaUtils.attempt(JavaUtils.java:152)
	at org.apache.ratis.RaftTestUtil.waitForLeader(RaftTestUtil.java:97)
	at org.apache.ratis.RaftTestUtil.waitForLeader(RaftTestUtil.java:77)
	at org.apache.ratis.RaftTestUtil.waitForLeader(RaftTestUtil.java:72)
	at org.apache.ratis.server.impl.LeaderElectionTests.testChangeLeader(LeaderElectionTests.java:79)
	at sun.reflect.NativeMethodAccessorImpl.invoke0(Native Method)
	at sun.reflect.NativeMethodAccessorImpl.invoke(NativeMethodAccessorImpl.java:62)
	at sun.reflect.DelegatingMethodAccessorImpl.invoke(DelegatingMethodAccessorImpl.java:43)
	at java.lang.reflect.Method.invoke(Method.java:498)
	at org.junit.runners.model.FrameworkMethod$1.runReflectiveCall(FrameworkMethod.java:50)
	at org.junit.internal.runners.model.ReflectiveCallable.run(ReflectiveCallable.java:12)
	at org.junit.runners.model.FrameworkMethod.invokeExplosively(FrameworkMethod.java:47)
	at org.junit.internal.runners.statements.InvokeMethod.evaluate(InvokeMethod.java:17)
	at org.junit.internal.runners.statements.RunAfters.evaluate(RunAfters.java:27)
	at org.junit.internal.runners.statements.FailOnTimeout$CallableStatement.call(FailOnTimeout.java:298)
	at org.junit.internal.runners.statements.FailOnTimeout$CallableStatement.call(FailOnTimeout.java:292)
	at java.util.concurrent.FutureTask.run(FutureTask.java:266)
	at java.lang.Thread.run(Thread.java:748)
2019-09-24 16:06:04,787 WARN  ratis.RaftTestUtil (JavaUtils.java:attempt(158)) - FAILED "waitForLeader-null-(expectLeader? true)", attempt #27/100: java.lang.IllegalStateException: No leader yet : printing ALL groups
  s0:  RUNNING CANDIDATE s0@group-DDA61F3D2864:t5, leader=null, voted=s0, raftlog=s0@group-DDA61F3D2864-SegmentedRaftLog:OPENED:c-1,f0,i0, conf=0: [s0:0.0.0.0:39545, s1:0.0.0.0:39945, s2:0.0.0.0:33605], old=null RUNNING
  s1:  RUNNING  FOLLOWER s1@group-DDA61F3D2864:t4, leader=null, voted=null, raftlog=s1@group-DDA61F3D2864-SegmentedRaftLog:OPENED:c-1,f-1,i0, conf=-1: [s0:0.0.0.0:39545, s1:0.0.0.0:39945, s2:0.0.0.0:33605], old=null RUNNING
  s2:  RUNNING  FOLLOWER s2@group-DDA61F3D2864:t4, leader=null, voted=null, raftlog=s2@group-DDA61F3D2864-SegmentedRaftLog:OPENED:c-1,f-1,i0, conf=-1: [s0:0.0.0.0:39545, s1:0.0.0.0:39945, s2:0.0.0.0:33605], old=null RUNNING, sleep 450ms and then retry.
java.lang.IllegalStateException: No leader yet : printing ALL groups
  s0:  RUNNING CANDIDATE s0@group-DDA61F3D2864:t5, leader=null, voted=s0, raftlog=s0@group-DDA61F3D2864-SegmentedRaftLog:OPENED:c-1,f0,i0, conf=0: [s0:0.0.0.0:39545, s1:0.0.0.0:39945, s2:0.0.0.0:33605], old=null RUNNING
  s1:  RUNNING  FOLLOWER s1@group-DDA61F3D2864:t4, leader=null, voted=null, raftlog=s1@group-DDA61F3D2864-SegmentedRaftLog:OPENED:c-1,f-1,i0, conf=-1: [s0:0.0.0.0:39545, s1:0.0.0.0:39945, s2:0.0.0.0:33605], old=null RUNNING
  s2:  RUNNING  FOLLOWER s2@group-DDA61F3D2864:t4, leader=null, voted=null, raftlog=s2@group-DDA61F3D2864-SegmentedRaftLog:OPENED:c-1,f-1,i0, conf=-1: [s0:0.0.0.0:39545, s1:0.0.0.0:39945, s2:0.0.0.0:33605], old=null RUNNING
	at org.apache.ratis.MiniRaftCluster.newIllegalStateExceptionForNoLeaders(MiniRaftCluster.java:506)
	at org.apache.ratis.RaftTestUtil.lambda$waitForLeader$1(RaftTestUtil.java:90)
	at org.apache.ratis.MiniRaftCluster.getLeader(MiniRaftCluster.java:539)
	at org.apache.ratis.MiniRaftCluster.getLeader(MiniRaftCluster.java:532)
	at org.apache.ratis.RaftTestUtil.lambda$waitForLeader$3(RaftTestUtil.java:98)
	at org.apache.ratis.util.JavaUtils.attempt(JavaUtils.java:152)
	at org.apache.ratis.RaftTestUtil.waitForLeader(RaftTestUtil.java:97)
	at org.apache.ratis.RaftTestUtil.waitForLeader(RaftTestUtil.java:77)
	at org.apache.ratis.RaftTestUtil.waitForLeader(RaftTestUtil.java:72)
	at org.apache.ratis.server.impl.LeaderElectionTests.testChangeLeader(LeaderElectionTests.java:79)
	at sun.reflect.NativeMethodAccessorImpl.invoke0(Native Method)
	at sun.reflect.NativeMethodAccessorImpl.invoke(NativeMethodAccessorImpl.java:62)
	at sun.reflect.DelegatingMethodAccessorImpl.invoke(DelegatingMethodAccessorImpl.java:43)
	at java.lang.reflect.Method.invoke(Method.java:498)
	at org.junit.runners.model.FrameworkMethod$1.runReflectiveCall(FrameworkMethod.java:50)
	at org.junit.internal.runners.model.ReflectiveCallable.run(ReflectiveCallable.java:12)
	at org.junit.runners.model.FrameworkMethod.invokeExplosively(FrameworkMethod.java:47)
	at org.junit.internal.runners.statements.InvokeMethod.evaluate(InvokeMethod.java:17)
	at org.junit.internal.runners.statements.RunAfters.evaluate(RunAfters.java:27)
	at org.junit.internal.runners.statements.FailOnTimeout$CallableStatement.call(FailOnTimeout.java:298)
	at org.junit.internal.runners.statements.FailOnTimeout$CallableStatement.call(FailOnTimeout.java:292)
	at java.util.concurrent.FutureTask.run(FutureTask.java:266)
	at java.lang.Thread.run(Thread.java:748)
2019-09-24 16:06:05,238 WARN  ratis.RaftTestUtil (JavaUtils.java:attempt(158)) - FAILED "waitForLeader-null-(expectLeader? true)", attempt #28/100: java.lang.IllegalStateException: No leader yet : printing ALL groups
  s0:  RUNNING CANDIDATE s0@group-DDA61F3D2864:t5, leader=null, voted=s0, raftlog=s0@group-DDA61F3D2864-SegmentedRaftLog:OPENED:c-1,f0,i0, conf=0: [s0:0.0.0.0:39545, s1:0.0.0.0:39945, s2:0.0.0.0:33605], old=null RUNNING
  s1:  RUNNING  FOLLOWER s1@group-DDA61F3D2864:t4, leader=null, voted=null, raftlog=s1@group-DDA61F3D2864-SegmentedRaftLog:OPENED:c-1,f-1,i0, conf=-1: [s0:0.0.0.0:39545, s1:0.0.0.0:39945, s2:0.0.0.0:33605], old=null RUNNING
  s2:  RUNNING  FOLLOWER s2@group-DDA61F3D2864:t4, leader=null, voted=null, raftlog=s2@group-DDA61F3D2864-SegmentedRaftLog:OPENED:c-1,f-1,i0, conf=-1: [s0:0.0.0.0:39545, s1:0.0.0.0:39945, s2:0.0.0.0:33605], old=null RUNNING, sleep 450ms and then retry.
java.lang.IllegalStateException: No leader yet : printing ALL groups
  s0:  RUNNING CANDIDATE s0@group-DDA61F3D2864:t5, leader=null, voted=s0, raftlog=s0@group-DDA61F3D2864-SegmentedRaftLog:OPENED:c-1,f0,i0, conf=0: [s0:0.0.0.0:39545, s1:0.0.0.0:39945, s2:0.0.0.0:33605], old=null RUNNING
  s1:  RUNNING  FOLLOWER s1@group-DDA61F3D2864:t4, leader=null, voted=null, raftlog=s1@group-DDA61F3D2864-SegmentedRaftLog:OPENED:c-1,f-1,i0, conf=-1: [s0:0.0.0.0:39545, s1:0.0.0.0:39945, s2:0.0.0.0:33605], old=null RUNNING
  s2:  RUNNING  FOLLOWER s2@group-DDA61F3D2864:t4, leader=null, voted=null, raftlog=s2@group-DDA61F3D2864-SegmentedRaftLog:OPENED:c-1,f-1,i0, conf=-1: [s0:0.0.0.0:39545, s1:0.0.0.0:39945, s2:0.0.0.0:33605], old=null RUNNING
	at org.apache.ratis.MiniRaftCluster.newIllegalStateExceptionForNoLeaders(MiniRaftCluster.java:506)
	at org.apache.ratis.RaftTestUtil.lambda$waitForLeader$1(RaftTestUtil.java:90)
	at org.apache.ratis.MiniRaftCluster.getLeader(MiniRaftCluster.java:539)
	at org.apache.ratis.MiniRaftCluster.getLeader(MiniRaftCluster.java:532)
	at org.apache.ratis.RaftTestUtil.lambda$waitForLeader$3(RaftTestUtil.java:98)
	at org.apache.ratis.util.JavaUtils.attempt(JavaUtils.java:152)
	at org.apache.ratis.RaftTestUtil.waitForLeader(RaftTestUtil.java:97)
	at org.apache.ratis.RaftTestUtil.waitForLeader(RaftTestUtil.java:77)
	at org.apache.ratis.RaftTestUtil.waitForLeader(RaftTestUtil.java:72)
	at org.apache.ratis.server.impl.LeaderElectionTests.testChangeLeader(LeaderElectionTests.java:79)
	at sun.reflect.NativeMethodAccessorImpl.invoke0(Native Method)
	at sun.reflect.NativeMethodAccessorImpl.invoke(NativeMethodAccessorImpl.java:62)
	at sun.reflect.DelegatingMethodAccessorImpl.invoke(DelegatingMethodAccessorImpl.java:43)
	at java.lang.reflect.Method.invoke(Method.java:498)
	at org.junit.runners.model.FrameworkMethod$1.runReflectiveCall(FrameworkMethod.java:50)
	at org.junit.internal.runners.model.ReflectiveCallable.run(ReflectiveCallable.java:12)
	at org.junit.runners.model.FrameworkMethod.invokeExplosively(FrameworkMethod.java:47)
	at org.junit.internal.runners.statements.InvokeMethod.evaluate(InvokeMethod.java:17)
	at org.junit.internal.runners.statements.RunAfters.evaluate(RunAfters.java:27)
	at org.junit.internal.runners.statements.FailOnTimeout$CallableStatement.call(FailOnTimeout.java:298)
	at org.junit.internal.runners.statements.FailOnTimeout$CallableStatement.call(FailOnTimeout.java:292)
	at java.util.concurrent.FutureTask.run(FutureTask.java:266)
	at java.lang.Thread.run(Thread.java:748)
2019-09-24 16:06:05,689 WARN  ratis.RaftTestUtil (JavaUtils.java:attempt(158)) - FAILED "waitForLeader-null-(expectLeader? true)", attempt #29/100: java.lang.IllegalStateException: No leader yet : printing ALL groups
  s0:  RUNNING CANDIDATE s0@group-DDA61F3D2864:t5, leader=null, voted=s0, raftlog=s0@group-DDA61F3D2864-SegmentedRaftLog:OPENED:c-1,f0,i0, conf=0: [s0:0.0.0.0:39545, s1:0.0.0.0:39945, s2:0.0.0.0:33605], old=null RUNNING
  s1:  RUNNING  FOLLOWER s1@group-DDA61F3D2864:t4, leader=null, voted=null, raftlog=s1@group-DDA61F3D2864-SegmentedRaftLog:OPENED:c-1,f-1,i0, conf=-1: [s0:0.0.0.0:39545, s1:0.0.0.0:39945, s2:0.0.0.0:33605], old=null RUNNING
  s2:  RUNNING  FOLLOWER s2@group-DDA61F3D2864:t4, leader=null, voted=null, raftlog=s2@group-DDA61F3D2864-SegmentedRaftLog:OPENED:c-1,f-1,i0, conf=-1: [s0:0.0.0.0:39545, s1:0.0.0.0:39945, s2:0.0.0.0:33605], old=null RUNNING, sleep 450ms and then retry.
java.lang.IllegalStateException: No leader yet : printing ALL groups
  s0:  RUNNING CANDIDATE s0@group-DDA61F3D2864:t5, leader=null, voted=s0, raftlog=s0@group-DDA61F3D2864-SegmentedRaftLog:OPENED:c-1,f0,i0, conf=0: [s0:0.0.0.0:39545, s1:0.0.0.0:39945, s2:0.0.0.0:33605], old=null RUNNING
  s1:  RUNNING  FOLLOWER s1@group-DDA61F3D2864:t4, leader=null, voted=null, raftlog=s1@group-DDA61F3D2864-SegmentedRaftLog:OPENED:c-1,f-1,i0, conf=-1: [s0:0.0.0.0:39545, s1:0.0.0.0:39945, s2:0.0.0.0:33605], old=null RUNNING
  s2:  RUNNING  FOLLOWER s2@group-DDA61F3D2864:t4, leader=null, voted=null, raftlog=s2@group-DDA61F3D2864-SegmentedRaftLog:OPENED:c-1,f-1,i0, conf=-1: [s0:0.0.0.0:39545, s1:0.0.0.0:39945, s2:0.0.0.0:33605], old=null RUNNING
	at org.apache.ratis.MiniRaftCluster.newIllegalStateExceptionForNoLeaders(MiniRaftCluster.java:506)
	at org.apache.ratis.RaftTestUtil.lambda$waitForLeader$1(RaftTestUtil.java:90)
	at org.apache.ratis.MiniRaftCluster.getLeader(MiniRaftCluster.java:539)
	at org.apache.ratis.MiniRaftCluster.getLeader(MiniRaftCluster.java:532)
	at org.apache.ratis.RaftTestUtil.lambda$waitForLeader$3(RaftTestUtil.java:98)
	at org.apache.ratis.util.JavaUtils.attempt(JavaUtils.java:152)
	at org.apache.ratis.RaftTestUtil.waitForLeader(RaftTestUtil.java:97)
	at org.apache.ratis.RaftTestUtil.waitForLeader(RaftTestUtil.java:77)
	at org.apache.ratis.RaftTestUtil.waitForLeader(RaftTestUtil.java:72)
	at org.apache.ratis.server.impl.LeaderElectionTests.testChangeLeader(LeaderElectionTests.java:79)
	at sun.reflect.NativeMethodAccessorImpl.invoke0(Native Method)
	at sun.reflect.NativeMethodAccessorImpl.invoke(NativeMethodAccessorImpl.java:62)
	at sun.reflect.DelegatingMethodAccessorImpl.invoke(DelegatingMethodAccessorImpl.java:43)
	at java.lang.reflect.Method.invoke(Method.java:498)
	at org.junit.runners.model.FrameworkMethod$1.runReflectiveCall(FrameworkMethod.java:50)
	at org.junit.internal.runners.model.ReflectiveCallable.run(ReflectiveCallable.java:12)
	at org.junit.runners.model.FrameworkMethod.invokeExplosively(FrameworkMethod.java:47)
	at org.junit.internal.runners.statements.InvokeMethod.evaluate(InvokeMethod.java:17)
	at org.junit.internal.runners.statements.RunAfters.evaluate(RunAfters.java:27)
	at org.junit.internal.runners.statements.FailOnTimeout$CallableStatement.call(FailOnTimeout.java:298)
	at org.junit.internal.runners.statements.FailOnTimeout$CallableStatement.call(FailOnTimeout.java:292)
	at java.util.concurrent.FutureTask.run(FutureTask.java:266)
	at java.lang.Thread.run(Thread.java:748)
2019-09-24 16:06:06,141 WARN  ratis.RaftTestUtil (JavaUtils.java:attempt(158)) - FAILED "waitForLeader-null-(expectLeader? true)", attempt #30/100: java.lang.IllegalStateException: No leader yet : printing ALL groups
  s0:  RUNNING CANDIDATE s0@group-DDA61F3D2864:t5, leader=null, voted=s0, raftlog=s0@group-DDA61F3D2864-SegmentedRaftLog:OPENED:c-1,f0,i0, conf=0: [s0:0.0.0.0:39545, s1:0.0.0.0:39945, s2:0.0.0.0:33605], old=null RUNNING
  s1:  RUNNING  FOLLOWER s1@group-DDA61F3D2864:t4, leader=null, voted=null, raftlog=s1@group-DDA61F3D2864-SegmentedRaftLog:OPENED:c-1,f-1,i0, conf=-1: [s0:0.0.0.0:39545, s1:0.0.0.0:39945, s2:0.0.0.0:33605], old=null RUNNING
  s2:  RUNNING  FOLLOWER s2@group-DDA61F3D2864:t4, leader=null, voted=null, raftlog=s2@group-DDA61F3D2864-SegmentedRaftLog:OPENED:c-1,f-1,i0, conf=-1: [s0:0.0.0.0:39545, s1:0.0.0.0:39945, s2:0.0.0.0:33605], old=null RUNNING, sleep 450ms and then retry.
java.lang.IllegalStateException: No leader yet : printing ALL groups
  s0:  RUNNING CANDIDATE s0@group-DDA61F3D2864:t5, leader=null, voted=s0, raftlog=s0@group-DDA61F3D2864-SegmentedRaftLog:OPENED:c-1,f0,i0, conf=0: [s0:0.0.0.0:39545, s1:0.0.0.0:39945, s2:0.0.0.0:33605], old=null RUNNING
  s1:  RUNNING  FOLLOWER s1@group-DDA61F3D2864:t4, leader=null, voted=null, raftlog=s1@group-DDA61F3D2864-SegmentedRaftLog:OPENED:c-1,f-1,i0, conf=-1: [s0:0.0.0.0:39545, s1:0.0.0.0:39945, s2:0.0.0.0:33605], old=null RUNNING
  s2:  RUNNING  FOLLOWER s2@group-DDA61F3D2864:t4, leader=null, voted=null, raftlog=s2@group-DDA61F3D2864-SegmentedRaftLog:OPENED:c-1,f-1,i0, conf=-1: [s0:0.0.0.0:39545, s1:0.0.0.0:39945, s2:0.0.0.0:33605], old=null RUNNING
	at org.apache.ratis.MiniRaftCluster.newIllegalStateExceptionForNoLeaders(MiniRaftCluster.java:506)
	at org.apache.ratis.RaftTestUtil.lambda$waitForLeader$1(RaftTestUtil.java:90)
	at org.apache.ratis.MiniRaftCluster.getLeader(MiniRaftCluster.java:539)
	at org.apache.ratis.MiniRaftCluster.getLeader(MiniRaftCluster.java:532)
	at org.apache.ratis.RaftTestUtil.lambda$waitForLeader$3(RaftTestUtil.java:98)
	at org.apache.ratis.util.JavaUtils.attempt(JavaUtils.java:152)
	at org.apache.ratis.RaftTestUtil.waitForLeader(RaftTestUtil.java:97)
	at org.apache.ratis.RaftTestUtil.waitForLeader(RaftTestUtil.java:77)
	at org.apache.ratis.RaftTestUtil.waitForLeader(RaftTestUtil.java:72)
	at org.apache.ratis.server.impl.LeaderElectionTests.testChangeLeader(LeaderElectionTests.java:79)
	at sun.reflect.NativeMethodAccessorImpl.invoke0(Native Method)
	at sun.reflect.NativeMethodAccessorImpl.invoke(NativeMethodAccessorImpl.java:62)
	at sun.reflect.DelegatingMethodAccessorImpl.invoke(DelegatingMethodAccessorImpl.java:43)
	at java.lang.reflect.Method.invoke(Method.java:498)
	at org.junit.runners.model.FrameworkMethod$1.runReflectiveCall(FrameworkMethod.java:50)
	at org.junit.internal.runners.model.ReflectiveCallable.run(ReflectiveCallable.java:12)
	at org.junit.runners.model.FrameworkMethod.invokeExplosively(FrameworkMethod.java:47)
	at org.junit.internal.runners.statements.InvokeMethod.evaluate(InvokeMethod.java:17)
	at org.junit.internal.runners.statements.RunAfters.evaluate(RunAfters.java:27)
	at org.junit.internal.runners.statements.FailOnTimeout$CallableStatement.call(FailOnTimeout.java:298)
	at org.junit.internal.runners.statements.FailOnTimeout$CallableStatement.call(FailOnTimeout.java:292)
	at java.util.concurrent.FutureTask.run(FutureTask.java:266)
	at java.lang.Thread.run(Thread.java:748)
2019-09-24 16:06:06,592 WARN  ratis.RaftTestUtil (JavaUtils.java:attempt(158)) - FAILED "waitForLeader-null-(expectLeader? true)", attempt #31/100: java.lang.IllegalStateException: No leader yet : printing ALL groups
  s0:  RUNNING CANDIDATE s0@group-DDA61F3D2864:t5, leader=null, voted=s0, raftlog=s0@group-DDA61F3D2864-SegmentedRaftLog:OPENED:c-1,f0,i0, conf=0: [s0:0.0.0.0:39545, s1:0.0.0.0:39945, s2:0.0.0.0:33605], old=null RUNNING
  s1:  RUNNING  FOLLOWER s1@group-DDA61F3D2864:t4, leader=null, voted=null, raftlog=s1@group-DDA61F3D2864-SegmentedRaftLog:OPENED:c-1,f-1,i0, conf=-1: [s0:0.0.0.0:39545, s1:0.0.0.0:39945, s2:0.0.0.0:33605], old=null RUNNING
  s2:  RUNNING  FOLLOWER s2@group-DDA61F3D2864:t4, leader=null, voted=null, raftlog=s2@group-DDA61F3D2864-SegmentedRaftLog:OPENED:c-1,f-1,i0, conf=-1: [s0:0.0.0.0:39545, s1:0.0.0.0:39945, s2:0.0.0.0:33605], old=null RUNNING, sleep 450ms and then retry.
java.lang.IllegalStateException: No leader yet : printing ALL groups
  s0:  RUNNING CANDIDATE s0@group-DDA61F3D2864:t5, leader=null, voted=s0, raftlog=s0@group-DDA61F3D2864-SegmentedRaftLog:OPENED:c-1,f0,i0, conf=0: [s0:0.0.0.0:39545, s1:0.0.0.0:39945, s2:0.0.0.0:33605], old=null RUNNING
  s1:  RUNNING  FOLLOWER s1@group-DDA61F3D2864:t4, leader=null, voted=null, raftlog=s1@group-DDA61F3D2864-SegmentedRaftLog:OPENED:c-1,f-1,i0, conf=-1: [s0:0.0.0.0:39545, s1:0.0.0.0:39945, s2:0.0.0.0:33605], old=null RUNNING
  s2:  RUNNING  FOLLOWER s2@group-DDA61F3D2864:t4, leader=null, voted=null, raftlog=s2@group-DDA61F3D2864-SegmentedRaftLog:OPENED:c-1,f-1,i0, conf=-1: [s0:0.0.0.0:39545, s1:0.0.0.0:39945, s2:0.0.0.0:33605], old=null RUNNING
	at org.apache.ratis.MiniRaftCluster.newIllegalStateExceptionForNoLeaders(MiniRaftCluster.java:506)
	at org.apache.ratis.RaftTestUtil.lambda$waitForLeader$1(RaftTestUtil.java:90)
	at org.apache.ratis.MiniRaftCluster.getLeader(MiniRaftCluster.java:539)
	at org.apache.ratis.MiniRaftCluster.getLeader(MiniRaftCluster.java:532)
	at org.apache.ratis.RaftTestUtil.lambda$waitForLeader$3(RaftTestUtil.java:98)
	at org.apache.ratis.util.JavaUtils.attempt(JavaUtils.java:152)
	at org.apache.ratis.RaftTestUtil.waitForLeader(RaftTestUtil.java:97)
	at org.apache.ratis.RaftTestUtil.waitForLeader(RaftTestUtil.java:77)
	at org.apache.ratis.RaftTestUtil.waitForLeader(RaftTestUtil.java:72)
	at org.apache.ratis.server.impl.LeaderElectionTests.testChangeLeader(LeaderElectionTests.java:79)
	at sun.reflect.NativeMethodAccessorImpl.invoke0(Native Method)
	at sun.reflect.NativeMethodAccessorImpl.invoke(NativeMethodAccessorImpl.java:62)
	at sun.reflect.DelegatingMethodAccessorImpl.invoke(DelegatingMethodAccessorImpl.java:43)
	at java.lang.reflect.Method.invoke(Method.java:498)
	at org.junit.runners.model.FrameworkMethod$1.runReflectiveCall(FrameworkMethod.java:50)
	at org.junit.internal.runners.model.ReflectiveCallable.run(ReflectiveCallable.java:12)
	at org.junit.runners.model.FrameworkMethod.invokeExplosively(FrameworkMethod.java:47)
	at org.junit.internal.runners.statements.InvokeMethod.evaluate(InvokeMethod.java:17)
	at org.junit.internal.runners.statements.RunAfters.evaluate(RunAfters.java:27)
	at org.junit.internal.runners.statements.FailOnTimeout$CallableStatement.call(FailOnTimeout.java:298)
	at org.junit.internal.runners.statements.FailOnTimeout$CallableStatement.call(FailOnTimeout.java:292)
	at java.util.concurrent.FutureTask.run(FutureTask.java:266)
	at java.lang.Thread.run(Thread.java:748)
2019-09-24 16:06:07,044 WARN  ratis.RaftTestUtil (JavaUtils.java:attempt(158)) - FAILED "waitForLeader-null-(expectLeader? true)", attempt #32/100: java.lang.IllegalStateException: No leader yet : printing ALL groups
  s0:  RUNNING CANDIDATE s0@group-DDA61F3D2864:t5, leader=null, voted=s0, raftlog=s0@group-DDA61F3D2864-SegmentedRaftLog:OPENED:c-1,f0,i0, conf=0: [s0:0.0.0.0:39545, s1:0.0.0.0:39945, s2:0.0.0.0:33605], old=null RUNNING
  s1:  RUNNING  FOLLOWER s1@group-DDA61F3D2864:t4, leader=null, voted=null, raftlog=s1@group-DDA61F3D2864-SegmentedRaftLog:OPENED:c-1,f-1,i0, conf=-1: [s0:0.0.0.0:39545, s1:0.0.0.0:39945, s2:0.0.0.0:33605], old=null RUNNING
  s2:  RUNNING  FOLLOWER s2@group-DDA61F3D2864:t4, leader=null, voted=null, raftlog=s2@group-DDA61F3D2864-SegmentedRaftLog:OPENED:c-1,f-1,i0, conf=-1: [s0:0.0.0.0:39545, s1:0.0.0.0:39945, s2:0.0.0.0:33605], old=null RUNNING, sleep 450ms and then retry.
java.lang.IllegalStateException: No leader yet : printing ALL groups
  s0:  RUNNING CANDIDATE s0@group-DDA61F3D2864:t5, leader=null, voted=s0, raftlog=s0@group-DDA61F3D2864-SegmentedRaftLog:OPENED:c-1,f0,i0, conf=0: [s0:0.0.0.0:39545, s1:0.0.0.0:39945, s2:0.0.0.0:33605], old=null RUNNING
  s1:  RUNNING  FOLLOWER s1@group-DDA61F3D2864:t4, leader=null, voted=null, raftlog=s1@group-DDA61F3D2864-SegmentedRaftLog:OPENED:c-1,f-1,i0, conf=-1: [s0:0.0.0.0:39545, s1:0.0.0.0:39945, s2:0.0.0.0:33605], old=null RUNNING
  s2:  RUNNING  FOLLOWER s2@group-DDA61F3D2864:t4, leader=null, voted=null, raftlog=s2@group-DDA61F3D2864-SegmentedRaftLog:OPENED:c-1,f-1,i0, conf=-1: [s0:0.0.0.0:39545, s1:0.0.0.0:39945, s2:0.0.0.0:33605], old=null RUNNING
	at org.apache.ratis.MiniRaftCluster.newIllegalStateExceptionForNoLeaders(MiniRaftCluster.java:506)
	at org.apache.ratis.RaftTestUtil.lambda$waitForLeader$1(RaftTestUtil.java:90)
	at org.apache.ratis.MiniRaftCluster.getLeader(MiniRaftCluster.java:539)
	at org.apache.ratis.MiniRaftCluster.getLeader(MiniRaftCluster.java:532)
	at org.apache.ratis.RaftTestUtil.lambda$waitForLeader$3(RaftTestUtil.java:98)
	at org.apache.ratis.util.JavaUtils.attempt(JavaUtils.java:152)
	at org.apache.ratis.RaftTestUtil.waitForLeader(RaftTestUtil.java:97)
	at org.apache.ratis.RaftTestUtil.waitForLeader(RaftTestUtil.java:77)
	at org.apache.ratis.RaftTestUtil.waitForLeader(RaftTestUtil.java:72)
	at org.apache.ratis.server.impl.LeaderElectionTests.testChangeLeader(LeaderElectionTests.java:79)
	at sun.reflect.NativeMethodAccessorImpl.invoke0(Native Method)
	at sun.reflect.NativeMethodAccessorImpl.invoke(NativeMethodAccessorImpl.java:62)
	at sun.reflect.DelegatingMethodAccessorImpl.invoke(DelegatingMethodAccessorImpl.java:43)
	at java.lang.reflect.Method.invoke(Method.java:498)
	at org.junit.runners.model.FrameworkMethod$1.runReflectiveCall(FrameworkMethod.java:50)
	at org.junit.internal.runners.model.ReflectiveCallable.run(ReflectiveCallable.java:12)
	at org.junit.runners.model.FrameworkMethod.invokeExplosively(FrameworkMethod.java:47)
	at org.junit.internal.runners.statements.InvokeMethod.evaluate(InvokeMethod.java:17)
	at org.junit.internal.runners.statements.RunAfters.evaluate(RunAfters.java:27)
	at org.junit.internal.runners.statements.FailOnTimeout$CallableStatement.call(FailOnTimeout.java:298)
	at org.junit.internal.runners.statements.FailOnTimeout$CallableStatement.call(FailOnTimeout.java:292)
	at java.util.concurrent.FutureTask.run(FutureTask.java:266)
	at java.lang.Thread.run(Thread.java:748)
2019-09-24 16:06:07,495 WARN  ratis.RaftTestUtil (JavaUtils.java:attempt(158)) - FAILED "waitForLeader-null-(expectLeader? true)", attempt #33/100: java.lang.IllegalStateException: No leader yet : printing ALL groups
  s0:  RUNNING CANDIDATE s0@group-DDA61F3D2864:t5, leader=null, voted=s0, raftlog=s0@group-DDA61F3D2864-SegmentedRaftLog:OPENED:c-1,f0,i0, conf=0: [s0:0.0.0.0:39545, s1:0.0.0.0:39945, s2:0.0.0.0:33605], old=null RUNNING
  s1:  RUNNING  FOLLOWER s1@group-DDA61F3D2864:t4, leader=null, voted=null, raftlog=s1@group-DDA61F3D2864-SegmentedRaftLog:OPENED:c-1,f-1,i0, conf=-1: [s0:0.0.0.0:39545, s1:0.0.0.0:39945, s2:0.0.0.0:33605], old=null RUNNING
  s2:  RUNNING  FOLLOWER s2@group-DDA61F3D2864:t4, leader=null, voted=null, raftlog=s2@group-DDA61F3D2864-SegmentedRaftLog:OPENED:c-1,f-1,i0, conf=-1: [s0:0.0.0.0:39545, s1:0.0.0.0:39945, s2:0.0.0.0:33605], old=null RUNNING, sleep 450ms and then retry.
java.lang.IllegalStateException: No leader yet : printing ALL groups
  s0:  RUNNING CANDIDATE s0@group-DDA61F3D2864:t5, leader=null, voted=s0, raftlog=s0@group-DDA61F3D2864-SegmentedRaftLog:OPENED:c-1,f0,i0, conf=0: [s0:0.0.0.0:39545, s1:0.0.0.0:39945, s2:0.0.0.0:33605], old=null RUNNING
  s1:  RUNNING  FOLLOWER s1@group-DDA61F3D2864:t4, leader=null, voted=null, raftlog=s1@group-DDA61F3D2864-SegmentedRaftLog:OPENED:c-1,f-1,i0, conf=-1: [s0:0.0.0.0:39545, s1:0.0.0.0:39945, s2:0.0.0.0:33605], old=null RUNNING
  s2:  RUNNING  FOLLOWER s2@group-DDA61F3D2864:t4, leader=null, voted=null, raftlog=s2@group-DDA61F3D2864-SegmentedRaftLog:OPENED:c-1,f-1,i0, conf=-1: [s0:0.0.0.0:39545, s1:0.0.0.0:39945, s2:0.0.0.0:33605], old=null RUNNING
	at org.apache.ratis.MiniRaftCluster.newIllegalStateExceptionForNoLeaders(MiniRaftCluster.java:506)
	at org.apache.ratis.RaftTestUtil.lambda$waitForLeader$1(RaftTestUtil.java:90)
	at org.apache.ratis.MiniRaftCluster.getLeader(MiniRaftCluster.java:539)
	at org.apache.ratis.MiniRaftCluster.getLeader(MiniRaftCluster.java:532)
	at org.apache.ratis.RaftTestUtil.lambda$waitForLeader$3(RaftTestUtil.java:98)
	at org.apache.ratis.util.JavaUtils.attempt(JavaUtils.java:152)
	at org.apache.ratis.RaftTestUtil.waitForLeader(RaftTestUtil.java:97)
	at org.apache.ratis.RaftTestUtil.waitForLeader(RaftTestUtil.java:77)
	at org.apache.ratis.RaftTestUtil.waitForLeader(RaftTestUtil.java:72)
	at org.apache.ratis.server.impl.LeaderElectionTests.testChangeLeader(LeaderElectionTests.java:79)
	at sun.reflect.NativeMethodAccessorImpl.invoke0(Native Method)
	at sun.reflect.NativeMethodAccessorImpl.invoke(NativeMethodAccessorImpl.java:62)
	at sun.reflect.DelegatingMethodAccessorImpl.invoke(DelegatingMethodAccessorImpl.java:43)
	at java.lang.reflect.Method.invoke(Method.java:498)
	at org.junit.runners.model.FrameworkMethod$1.runReflectiveCall(FrameworkMethod.java:50)
	at org.junit.internal.runners.model.ReflectiveCallable.run(ReflectiveCallable.java:12)
	at org.junit.runners.model.FrameworkMethod.invokeExplosively(FrameworkMethod.java:47)
	at org.junit.internal.runners.statements.InvokeMethod.evaluate(InvokeMethod.java:17)
	at org.junit.internal.runners.statements.RunAfters.evaluate(RunAfters.java:27)
	at org.junit.internal.runners.statements.FailOnTimeout$CallableStatement.call(FailOnTimeout.java:298)
	at org.junit.internal.runners.statements.FailOnTimeout$CallableStatement.call(FailOnTimeout.java:292)
	at java.util.concurrent.FutureTask.run(FutureTask.java:266)
	at java.lang.Thread.run(Thread.java:748)
2019-09-24 16:06:07,946 WARN  ratis.RaftTestUtil (JavaUtils.java:attempt(158)) - FAILED "waitForLeader-null-(expectLeader? true)", attempt #34/100: java.lang.IllegalStateException: No leader yet : printing ALL groups
  s0:  RUNNING CANDIDATE s0@group-DDA61F3D2864:t5, leader=null, voted=s0, raftlog=s0@group-DDA61F3D2864-SegmentedRaftLog:OPENED:c-1,f0,i0, conf=0: [s0:0.0.0.0:39545, s1:0.0.0.0:39945, s2:0.0.0.0:33605], old=null RUNNING
  s1:  RUNNING  FOLLOWER s1@group-DDA61F3D2864:t4, leader=null, voted=null, raftlog=s1@group-DDA61F3D2864-SegmentedRaftLog:OPENED:c-1,f-1,i0, conf=-1: [s0:0.0.0.0:39545, s1:0.0.0.0:39945, s2:0.0.0.0:33605], old=null RUNNING
  s2:  RUNNING  FOLLOWER s2@group-DDA61F3D2864:t4, leader=null, voted=null, raftlog=s2@group-DDA61F3D2864-SegmentedRaftLog:OPENED:c-1,f-1,i0, conf=-1: [s0:0.0.0.0:39545, s1:0.0.0.0:39945, s2:0.0.0.0:33605], old=null RUNNING, sleep 450ms and then retry.
java.lang.IllegalStateException: No leader yet : printing ALL groups
  s0:  RUNNING CANDIDATE s0@group-DDA61F3D2864:t5, leader=null, voted=s0, raftlog=s0@group-DDA61F3D2864-SegmentedRaftLog:OPENED:c-1,f0,i0, conf=0: [s0:0.0.0.0:39545, s1:0.0.0.0:39945, s2:0.0.0.0:33605], old=null RUNNING
  s1:  RUNNING  FOLLOWER s1@group-DDA61F3D2864:t4, leader=null, voted=null, raftlog=s1@group-DDA61F3D2864-SegmentedRaftLog:OPENED:c-1,f-1,i0, conf=-1: [s0:0.0.0.0:39545, s1:0.0.0.0:39945, s2:0.0.0.0:33605], old=null RUNNING
  s2:  RUNNING  FOLLOWER s2@group-DDA61F3D2864:t4, leader=null, voted=null, raftlog=s2@group-DDA61F3D2864-SegmentedRaftLog:OPENED:c-1,f-1,i0, conf=-1: [s0:0.0.0.0:39545, s1:0.0.0.0:39945, s2:0.0.0.0:33605], old=null RUNNING
	at org.apache.ratis.MiniRaftCluster.newIllegalStateExceptionForNoLeaders(MiniRaftCluster.java:506)
	at org.apache.ratis.RaftTestUtil.lambda$waitForLeader$1(RaftTestUtil.java:90)
	at org.apache.ratis.MiniRaftCluster.getLeader(MiniRaftCluster.java:539)
	at org.apache.ratis.MiniRaftCluster.getLeader(MiniRaftCluster.java:532)
	at org.apache.ratis.RaftTestUtil.lambda$waitForLeader$3(RaftTestUtil.java:98)
	at org.apache.ratis.util.JavaUtils.attempt(JavaUtils.java:152)
	at org.apache.ratis.RaftTestUtil.waitForLeader(RaftTestUtil.java:97)
	at org.apache.ratis.RaftTestUtil.waitForLeader(RaftTestUtil.java:77)
	at org.apache.ratis.RaftTestUtil.waitForLeader(RaftTestUtil.java:72)
	at org.apache.ratis.server.impl.LeaderElectionTests.testChangeLeader(LeaderElectionTests.java:79)
	at sun.reflect.NativeMethodAccessorImpl.invoke0(Native Method)
	at sun.reflect.NativeMethodAccessorImpl.invoke(NativeMethodAccessorImpl.java:62)
	at sun.reflect.DelegatingMethodAccessorImpl.invoke(DelegatingMethodAccessorImpl.java:43)
	at java.lang.reflect.Method.invoke(Method.java:498)
	at org.junit.runners.model.FrameworkMethod$1.runReflectiveCall(FrameworkMethod.java:50)
	at org.junit.internal.runners.model.ReflectiveCallable.run(ReflectiveCallable.java:12)
	at org.junit.runners.model.FrameworkMethod.invokeExplosively(FrameworkMethod.java:47)
	at org.junit.internal.runners.statements.InvokeMethod.evaluate(InvokeMethod.java:17)
	at org.junit.internal.runners.statements.RunAfters.evaluate(RunAfters.java:27)
	at org.junit.internal.runners.statements.FailOnTimeout$CallableStatement.call(FailOnTimeout.java:298)
	at org.junit.internal.runners.statements.FailOnTimeout$CallableStatement.call(FailOnTimeout.java:292)
	at java.util.concurrent.FutureTask.run(FutureTask.java:266)
	at java.lang.Thread.run(Thread.java:748)
2019-09-24 16:06:08,397 WARN  ratis.RaftTestUtil (JavaUtils.java:attempt(158)) - FAILED "waitForLeader-null-(expectLeader? true)", attempt #35/100: java.lang.IllegalStateException: No leader yet : printing ALL groups
  s0:  RUNNING CANDIDATE s0@group-DDA61F3D2864:t5, leader=null, voted=s0, raftlog=s0@group-DDA61F3D2864-SegmentedRaftLog:OPENED:c-1,f0,i0, conf=0: [s0:0.0.0.0:39545, s1:0.0.0.0:39945, s2:0.0.0.0:33605], old=null RUNNING
  s1:  RUNNING  FOLLOWER s1@group-DDA61F3D2864:t4, leader=null, voted=null, raftlog=s1@group-DDA61F3D2864-SegmentedRaftLog:OPENED:c-1,f-1,i0, conf=-1: [s0:0.0.0.0:39545, s1:0.0.0.0:39945, s2:0.0.0.0:33605], old=null RUNNING
  s2:  RUNNING  FOLLOWER s2@group-DDA61F3D2864:t4, leader=null, voted=null, raftlog=s2@group-DDA61F3D2864-SegmentedRaftLog:OPENED:c-1,f-1,i0, conf=-1: [s0:0.0.0.0:39545, s1:0.0.0.0:39945, s2:0.0.0.0:33605], old=null RUNNING, sleep 450ms and then retry.
java.lang.IllegalStateException: No leader yet : printing ALL groups
  s0:  RUNNING CANDIDATE s0@group-DDA61F3D2864:t5, leader=null, voted=s0, raftlog=s0@group-DDA61F3D2864-SegmentedRaftLog:OPENED:c-1,f0,i0, conf=0: [s0:0.0.0.0:39545, s1:0.0.0.0:39945, s2:0.0.0.0:33605], old=null RUNNING
  s1:  RUNNING  FOLLOWER s1@group-DDA61F3D2864:t4, leader=null, voted=null, raftlog=s1@group-DDA61F3D2864-SegmentedRaftLog:OPENED:c-1,f-1,i0, conf=-1: [s0:0.0.0.0:39545, s1:0.0.0.0:39945, s2:0.0.0.0:33605], old=null RUNNING
  s2:  RUNNING  FOLLOWER s2@group-DDA61F3D2864:t4, leader=null, voted=null, raftlog=s2@group-DDA61F3D2864-SegmentedRaftLog:OPENED:c-1,f-1,i0, conf=-1: [s0:0.0.0.0:39545, s1:0.0.0.0:39945, s2:0.0.0.0:33605], old=null RUNNING
	at org.apache.ratis.MiniRaftCluster.newIllegalStateExceptionForNoLeaders(MiniRaftCluster.java:506)
	at org.apache.ratis.RaftTestUtil.lambda$waitForLeader$1(RaftTestUtil.java:90)
	at org.apache.ratis.MiniRaftCluster.getLeader(MiniRaftCluster.java:539)
	at org.apache.ratis.MiniRaftCluster.getLeader(MiniRaftCluster.java:532)
	at org.apache.ratis.RaftTestUtil.lambda$waitForLeader$3(RaftTestUtil.java:98)
	at org.apache.ratis.util.JavaUtils.attempt(JavaUtils.java:152)
	at org.apache.ratis.RaftTestUtil.waitForLeader(RaftTestUtil.java:97)
	at org.apache.ratis.RaftTestUtil.waitForLeader(RaftTestUtil.java:77)
	at org.apache.ratis.RaftTestUtil.waitForLeader(RaftTestUtil.java:72)
	at org.apache.ratis.server.impl.LeaderElectionTests.testChangeLeader(LeaderElectionTests.java:79)
	at sun.reflect.NativeMethodAccessorImpl.invoke0(Native Method)
	at sun.reflect.NativeMethodAccessorImpl.invoke(NativeMethodAccessorImpl.java:62)
	at sun.reflect.DelegatingMethodAccessorImpl.invoke(DelegatingMethodAccessorImpl.java:43)
	at java.lang.reflect.Method.invoke(Method.java:498)
	at org.junit.runners.model.FrameworkMethod$1.runReflectiveCall(FrameworkMethod.java:50)
	at org.junit.internal.runners.model.ReflectiveCallable.run(ReflectiveCallable.java:12)
	at org.junit.runners.model.FrameworkMethod.invokeExplosively(FrameworkMethod.java:47)
	at org.junit.internal.runners.statements.InvokeMethod.evaluate(InvokeMethod.java:17)
	at org.junit.internal.runners.statements.RunAfters.evaluate(RunAfters.java:27)
	at org.junit.internal.runners.statements.FailOnTimeout$CallableStatement.call(FailOnTimeout.java:298)
	at org.junit.internal.runners.statements.FailOnTimeout$CallableStatement.call(FailOnTimeout.java:292)
	at java.util.concurrent.FutureTask.run(FutureTask.java:266)
	at java.lang.Thread.run(Thread.java:748)
2019-09-24 16:06:08,849 WARN  ratis.RaftTestUtil (JavaUtils.java:attempt(158)) - FAILED "waitForLeader-null-(expectLeader? true)", attempt #36/100: java.lang.IllegalStateException: No leader yet : printing ALL groups
  s0:  RUNNING CANDIDATE s0@group-DDA61F3D2864:t5, leader=null, voted=s0, raftlog=s0@group-DDA61F3D2864-SegmentedRaftLog:OPENED:c-1,f0,i0, conf=0: [s0:0.0.0.0:39545, s1:0.0.0.0:39945, s2:0.0.0.0:33605], old=null RUNNING
  s1:  RUNNING  FOLLOWER s1@group-DDA61F3D2864:t4, leader=null, voted=null, raftlog=s1@group-DDA61F3D2864-SegmentedRaftLog:OPENED:c-1,f-1,i0, conf=-1: [s0:0.0.0.0:39545, s1:0.0.0.0:39945, s2:0.0.0.0:33605], old=null RUNNING
  s2:  RUNNING  FOLLOWER s2@group-DDA61F3D2864:t4, leader=null, voted=null, raftlog=s2@group-DDA61F3D2864-SegmentedRaftLog:OPENED:c-1,f-1,i0, conf=-1: [s0:0.0.0.0:39545, s1:0.0.0.0:39945, s2:0.0.0.0:33605], old=null RUNNING, sleep 450ms and then retry.
java.lang.IllegalStateException: No leader yet : printing ALL groups
  s0:  RUNNING CANDIDATE s0@group-DDA61F3D2864:t5, leader=null, voted=s0, raftlog=s0@group-DDA61F3D2864-SegmentedRaftLog:OPENED:c-1,f0,i0, conf=0: [s0:0.0.0.0:39545, s1:0.0.0.0:39945, s2:0.0.0.0:33605], old=null RUNNING
  s1:  RUNNING  FOLLOWER s1@group-DDA61F3D2864:t4, leader=null, voted=null, raftlog=s1@group-DDA61F3D2864-SegmentedRaftLog:OPENED:c-1,f-1,i0, conf=-1: [s0:0.0.0.0:39545, s1:0.0.0.0:39945, s2:0.0.0.0:33605], old=null RUNNING
  s2:  RUNNING  FOLLOWER s2@group-DDA61F3D2864:t4, leader=null, voted=null, raftlog=s2@group-DDA61F3D2864-SegmentedRaftLog:OPENED:c-1,f-1,i0, conf=-1: [s0:0.0.0.0:39545, s1:0.0.0.0:39945, s2:0.0.0.0:33605], old=null RUNNING
	at org.apache.ratis.MiniRaftCluster.newIllegalStateExceptionForNoLeaders(MiniRaftCluster.java:506)
	at org.apache.ratis.RaftTestUtil.lambda$waitForLeader$1(RaftTestUtil.java:90)
	at org.apache.ratis.MiniRaftCluster.getLeader(MiniRaftCluster.java:539)
	at org.apache.ratis.MiniRaftCluster.getLeader(MiniRaftCluster.java:532)
	at org.apache.ratis.RaftTestUtil.lambda$waitForLeader$3(RaftTestUtil.java:98)
	at org.apache.ratis.util.JavaUtils.attempt(JavaUtils.java:152)
	at org.apache.ratis.RaftTestUtil.waitForLeader(RaftTestUtil.java:97)
	at org.apache.ratis.RaftTestUtil.waitForLeader(RaftTestUtil.java:77)
	at org.apache.ratis.RaftTestUtil.waitForLeader(RaftTestUtil.java:72)
	at org.apache.ratis.server.impl.LeaderElectionTests.testChangeLeader(LeaderElectionTests.java:79)
	at sun.reflect.NativeMethodAccessorImpl.invoke0(Native Method)
	at sun.reflect.NativeMethodAccessorImpl.invoke(NativeMethodAccessorImpl.java:62)
	at sun.reflect.DelegatingMethodAccessorImpl.invoke(DelegatingMethodAccessorImpl.java:43)
	at java.lang.reflect.Method.invoke(Method.java:498)
	at org.junit.runners.model.FrameworkMethod$1.runReflectiveCall(FrameworkMethod.java:50)
	at org.junit.internal.runners.model.ReflectiveCallable.run(ReflectiveCallable.java:12)
	at org.junit.runners.model.FrameworkMethod.invokeExplosively(FrameworkMethod.java:47)
	at org.junit.internal.runners.statements.InvokeMethod.evaluate(InvokeMethod.java:17)
	at org.junit.internal.runners.statements.RunAfters.evaluate(RunAfters.java:27)
	at org.junit.internal.runners.statements.FailOnTimeout$CallableStatement.call(FailOnTimeout.java:298)
	at org.junit.internal.runners.statements.FailOnTimeout$CallableStatement.call(FailOnTimeout.java:292)
	at java.util.concurrent.FutureTask.run(FutureTask.java:266)
	at java.lang.Thread.run(Thread.java:748)
2019-09-24 16:06:08,977 INFO  impl.FollowerState (FollowerState.java:run(108)) - s1@group-DDA61F3D2864-FollowerState: change to CANDIDATE, lastRpcTime:5268ms, electionTimeout:293ms
2019-09-24 16:06:08,977 INFO  impl.FollowerState (FollowerState.java:run(108)) - s2@group-DDA61F3D2864-FollowerState: change to CANDIDATE, lastRpcTime:5269ms, electionTimeout:157ms
2019-09-24 16:06:08,977 INFO  impl.RoleInfo (RoleInfo.java:shutdownFollowerState(121)) - s1: shutdown FollowerState
2019-09-24 16:06:08,977 INFO  impl.RoleInfo (RoleInfo.java:shutdownFollowerState(121)) - s2: shutdown FollowerState
2019-09-24 16:06:08,977 INFO  impl.LeaderElection (LeaderElection.java:askForVotes(178)) - s0@group-DDA61F3D2864-LeaderElection37: begin an election at term 5 for 0: [s0:0.0.0.0:39545, s1:0.0.0.0:39945, s2:0.0.0.0:33605], old=null
2019-09-24 16:06:08,977 INFO  impl.RaftServerImpl (RaftServerImpl.java:setRole(170)) - s1@group-DDA61F3D2864: changes role from  FOLLOWER to CANDIDATE at term 4 for changeToCandidate
2019-09-24 16:06:08,977 INFO  impl.RaftServerImpl (RaftServerImpl.java:setRole(170)) - s2@group-DDA61F3D2864: changes role from  FOLLOWER to CANDIDATE at term 4 for changeToCandidate
2019-09-24 16:06:08,978 INFO  impl.RoleInfo (RoleInfo.java:updateAndGet(143)) - s2: start LeaderElection
2019-09-24 16:06:08,978 INFO  impl.RoleInfo (RoleInfo.java:updateAndGet(143)) - s1: start LeaderElection
2019-09-24 16:06:08,979 INFO  impl.RaftServerImpl (RaftServerImpl.java:setRole(170)) - s1@group-DDA61F3D2864: changes role from CANDIDATE to FOLLOWER at term 4 for recognizeCandidate:s0
2019-09-24 16:06:08,980 INFO  impl.RoleInfo (RoleInfo.java:shutdownLeaderElection(134)) - s1: shutdown LeaderElection
2019-09-24 16:06:08,979 INFO  impl.RaftServerImpl (RaftServerImpl.java:setRole(170)) - s2@group-DDA61F3D2864: changes role from CANDIDATE to FOLLOWER at term 4 for recognizeCandidate:s0
2019-09-24 16:06:08,980 INFO  impl.RoleInfo (RoleInfo.java:updateAndGet(143)) - s1: start FollowerState
2019-09-24 16:06:08,980 INFO  impl.RoleInfo (RoleInfo.java:shutdownLeaderElection(134)) - s2: shutdown LeaderElection
2019-09-24 16:06:08,981 INFO  impl.RoleInfo (RoleInfo.java:updateAndGet(143)) - s2: start FollowerState
2019-09-24 16:06:08,981 DEBUG impl.RaftServerImpl (RaftServerImpl.java:requestVote(775)) - s1@group-DDA61F3D2864 replies to vote request: s0<-s1#0:FAIL-t4. Peer's state: s1@group-DDA61F3D2864:t4, leader=null, voted=null, raftlog=s1@group-DDA61F3D2864-SegmentedRaftLog:OPENED:c-1,f-1,i0, conf=-1: [s0:0.0.0.0:39545, s1:0.0.0.0:39945, s2:0.0.0.0:33605], old=null
2019-09-24 16:06:08,981 DEBUG impl.RaftServerImpl (RaftServerImpl.java:requestVote(775)) - s2@group-DDA61F3D2864 replies to vote request: s0<-s2#0:FAIL-t4. Peer's state: s2@group-DDA61F3D2864:t4, leader=null, voted=null, raftlog=s2@group-DDA61F3D2864-SegmentedRaftLog:OPENED:c-1,f-1,i0, conf=-1: [s0:0.0.0.0:39545, s1:0.0.0.0:39945, s2:0.0.0.0:33605], old=null
2019-09-24 16:06:08,982 DEBUG impl.RaftServerImpl (RaftServerImpl.java:requestVote(775)) - s2@group-DDA61F3D2864 replies to vote request: s0<-s2#0:FAIL-t4. Peer's state: s2@group-DDA61F3D2864:t4, leader=null, voted=null, raftlog=s2@group-DDA61F3D2864-SegmentedRaftLog:OPENED:c-1,f-1,i0, conf=-1: [s0:0.0.0.0:39545, s1:0.0.0.0:39945, s2:0.0.0.0:33605], old=null
2019-09-24 16:06:08,984 DEBUG impl.RaftServerImpl (RaftServerImpl.java:requestVote(743)) - s2@group-DDA61F3D2864: receive requestVote(s0, group-DDA61F3D2864, 5, (t:1, i:0))
2019-09-24 16:06:08,984 DEBUG impl.RaftServerImpl (RaftServerImpl.java:requestVote(743)) - s1@group-DDA61F3D2864: receive requestVote(s0, group-DDA61F3D2864, 5, (t:1, i:0))
2019-09-24 16:06:09,151 INFO  impl.LeaderElection (LeaderElection.java:logAndReturn(56)) - s0@group-DDA61F3D2864-LeaderElection37: Election TIMEOUT; received 0 response(s) [] and 0 exception(s); s0@group-DDA61F3D2864:t5, leader=null, voted=s0, raftlog=s0@group-DDA61F3D2864-SegmentedRaftLog:OPENED:c-1,f0,i0, conf=0: [s0:0.0.0.0:39545, s1:0.0.0.0:39945, s2:0.0.0.0:33605], old=null
2019-09-24 16:06:09,300 WARN  ratis.RaftTestUtil (JavaUtils.java:attempt(158)) - FAILED "waitForLeader-null-(expectLeader? true)", attempt #37/100: java.lang.IllegalStateException: No leader yet : printing ALL groups
  s0:  RUNNING CANDIDATE s0@group-DDA61F3D2864:t6, leader=null, voted=s0, raftlog=s0@group-DDA61F3D2864-SegmentedRaftLog:OPENED:c-1,f0,i0, conf=0: [s0:0.0.0.0:39545, s1:0.0.0.0:39945, s2:0.0.0.0:33605], old=null RUNNING
  s1:  RUNNING  FOLLOWER s1@group-DDA61F3D2864:t5, leader=null, voted=s1, raftlog=s1@group-DDA61F3D2864-SegmentedRaftLog:OPENED:c-1,f-1,i0, conf=-1: [s0:0.0.0.0:39545, s1:0.0.0.0:39945, s2:0.0.0.0:33605], old=null RUNNING
  s2:  RUNNING  FOLLOWER s2@group-DDA61F3D2864:t5, leader=null, voted=s2, raftlog=s2@group-DDA61F3D2864-SegmentedRaftLog:OPENED:c-1,f-1,i0, conf=-1: [s0:0.0.0.0:39545, s1:0.0.0.0:39945, s2:0.0.0.0:33605], old=null RUNNING, sleep 450ms and then retry.
java.lang.IllegalStateException: No leader yet : printing ALL groups
  s0:  RUNNING CANDIDATE s0@group-DDA61F3D2864:t6, leader=null, voted=s0, raftlog=s0@group-DDA61F3D2864-SegmentedRaftLog:OPENED:c-1,f0,i0, conf=0: [s0:0.0.0.0:39545, s1:0.0.0.0:39945, s2:0.0.0.0:33605], old=null RUNNING
  s1:  RUNNING  FOLLOWER s1@group-DDA61F3D2864:t5, leader=null, voted=s1, raftlog=s1@group-DDA61F3D2864-SegmentedRaftLog:OPENED:c-1,f-1,i0, conf=-1: [s0:0.0.0.0:39545, s1:0.0.0.0:39945, s2:0.0.0.0:33605], old=null RUNNING
  s2:  RUNNING  FOLLOWER s2@group-DDA61F3D2864:t5, leader=null, voted=s2, raftlog=s2@group-DDA61F3D2864-SegmentedRaftLog:OPENED:c-1,f-1,i0, conf=-1: [s0:0.0.0.0:39545, s1:0.0.0.0:39945, s2:0.0.0.0:33605], old=null RUNNING
	at org.apache.ratis.MiniRaftCluster.newIllegalStateExceptionForNoLeaders(MiniRaftCluster.java:506)
	at org.apache.ratis.RaftTestUtil.lambda$waitForLeader$1(RaftTestUtil.java:90)
	at org.apache.ratis.MiniRaftCluster.getLeader(MiniRaftCluster.java:539)
	at org.apache.ratis.MiniRaftCluster.getLeader(MiniRaftCluster.java:532)
	at org.apache.ratis.RaftTestUtil.lambda$waitForLeader$3(RaftTestUtil.java:98)
	at org.apache.ratis.util.JavaUtils.attempt(JavaUtils.java:152)
	at org.apache.ratis.RaftTestUtil.waitForLeader(RaftTestUtil.java:97)
	at org.apache.ratis.RaftTestUtil.waitForLeader(RaftTestUtil.java:77)
	at org.apache.ratis.RaftTestUtil.waitForLeader(RaftTestUtil.java:72)
	at org.apache.ratis.server.impl.LeaderElectionTests.testChangeLeader(LeaderElectionTests.java:79)
	at sun.reflect.NativeMethodAccessorImpl.invoke0(Native Method)
	at sun.reflect.NativeMethodAccessorImpl.invoke(NativeMethodAccessorImpl.java:62)
	at sun.reflect.DelegatingMethodAccessorImpl.invoke(DelegatingMethodAccessorImpl.java:43)
	at java.lang.reflect.Method.invoke(Method.java:498)
	at org.junit.runners.model.FrameworkMethod$1.runReflectiveCall(FrameworkMethod.java:50)
	at org.junit.internal.runners.model.ReflectiveCallable.run(ReflectiveCallable.java:12)
	at org.junit.runners.model.FrameworkMethod.invokeExplosively(FrameworkMethod.java:47)
	at org.junit.internal.runners.statements.InvokeMethod.evaluate(InvokeMethod.java:17)
	at org.junit.internal.runners.statements.RunAfters.evaluate(RunAfters.java:27)
	at org.junit.internal.runners.statements.FailOnTimeout$CallableStatement.call(FailOnTimeout.java:298)
	at org.junit.internal.runners.statements.FailOnTimeout$CallableStatement.call(FailOnTimeout.java:292)
	at java.util.concurrent.FutureTask.run(FutureTask.java:266)
	at java.lang.Thread.run(Thread.java:748)
2019-09-24 16:06:09,753 WARN  ratis.RaftTestUtil (JavaUtils.java:attempt(158)) - FAILED "waitForLeader-null-(expectLeader? true)", attempt #38/100: java.lang.IllegalStateException: No leader yet : printing ALL groups
  s0:  RUNNING CANDIDATE s0@group-DDA61F3D2864:t6, leader=null, voted=s0, raftlog=s0@group-DDA61F3D2864-SegmentedRaftLog:OPENED:c-1,f0,i0, conf=0: [s0:0.0.0.0:39545, s1:0.0.0.0:39945, s2:0.0.0.0:33605], old=null RUNNING
  s1:  RUNNING  FOLLOWER s1@group-DDA61F3D2864:t5, leader=null, voted=s1, raftlog=s1@group-DDA61F3D2864-SegmentedRaftLog:OPENED:c-1,f-1,i0, conf=-1: [s0:0.0.0.0:39545, s1:0.0.0.0:39945, s2:0.0.0.0:33605], old=null RUNNING
  s2:  RUNNING  FOLLOWER s2@group-DDA61F3D2864:t5, leader=null, voted=s2, raftlog=s2@group-DDA61F3D2864-SegmentedRaftLog:OPENED:c-1,f-1,i0, conf=-1: [s0:0.0.0.0:39545, s1:0.0.0.0:39945, s2:0.0.0.0:33605], old=null RUNNING, sleep 450ms and then retry.
java.lang.IllegalStateException: No leader yet : printing ALL groups
  s0:  RUNNING CANDIDATE s0@group-DDA61F3D2864:t6, leader=null, voted=s0, raftlog=s0@group-DDA61F3D2864-SegmentedRaftLog:OPENED:c-1,f0,i0, conf=0: [s0:0.0.0.0:39545, s1:0.0.0.0:39945, s2:0.0.0.0:33605], old=null RUNNING
  s1:  RUNNING  FOLLOWER s1@group-DDA61F3D2864:t5, leader=null, voted=s1, raftlog=s1@group-DDA61F3D2864-SegmentedRaftLog:OPENED:c-1,f-1,i0, conf=-1: [s0:0.0.0.0:39545, s1:0.0.0.0:39945, s2:0.0.0.0:33605], old=null RUNNING
  s2:  RUNNING  FOLLOWER s2@group-DDA61F3D2864:t5, leader=null, voted=s2, raftlog=s2@group-DDA61F3D2864-SegmentedRaftLog:OPENED:c-1,f-1,i0, conf=-1: [s0:0.0.0.0:39545, s1:0.0.0.0:39945, s2:0.0.0.0:33605], old=null RUNNING
	at org.apache.ratis.MiniRaftCluster.newIllegalStateExceptionForNoLeaders(MiniRaftCluster.java:506)
	at org.apache.ratis.RaftTestUtil.lambda$waitForLeader$1(RaftTestUtil.java:90)
	at org.apache.ratis.MiniRaftCluster.getLeader(MiniRaftCluster.java:539)
	at org.apache.ratis.MiniRaftCluster.getLeader(MiniRaftCluster.java:532)
	at org.apache.ratis.RaftTestUtil.lambda$waitForLeader$3(RaftTestUtil.java:98)
	at org.apache.ratis.util.JavaUtils.attempt(JavaUtils.java:152)
	at org.apache.ratis.RaftTestUtil.waitForLeader(RaftTestUtil.java:97)
	at org.apache.ratis.RaftTestUtil.waitForLeader(RaftTestUtil.java:77)
	at org.apache.ratis.RaftTestUtil.waitForLeader(RaftTestUtil.java:72)
	at org.apache.ratis.server.impl.LeaderElectionTests.testChangeLeader(LeaderElectionTests.java:79)
	at sun.reflect.NativeMethodAccessorImpl.invoke0(Native Method)
	at sun.reflect.NativeMethodAccessorImpl.invoke(NativeMethodAccessorImpl.java:62)
	at sun.reflect.DelegatingMethodAccessorImpl.invoke(DelegatingMethodAccessorImpl.java:43)
	at java.lang.reflect.Method.invoke(Method.java:498)
	at org.junit.runners.model.FrameworkMethod$1.runReflectiveCall(FrameworkMethod.java:50)
	at org.junit.internal.runners.model.ReflectiveCallable.run(ReflectiveCallable.java:12)
	at org.junit.runners.model.FrameworkMethod.invokeExplosively(FrameworkMethod.java:47)
	at org.junit.internal.runners.statements.InvokeMethod.evaluate(InvokeMethod.java:17)
	at org.junit.internal.runners.statements.RunAfters.evaluate(RunAfters.java:27)
	at org.junit.internal.runners.statements.FailOnTimeout$CallableStatement.call(FailOnTimeout.java:298)
	at org.junit.internal.runners.statements.FailOnTimeout$CallableStatement.call(FailOnTimeout.java:292)
	at java.util.concurrent.FutureTask.run(FutureTask.java:266)
	at java.lang.Thread.run(Thread.java:748)
2019-09-24 16:06:10,206 WARN  ratis.RaftTestUtil (JavaUtils.java:attempt(158)) - FAILED "waitForLeader-null-(expectLeader? true)", attempt #39/100: java.lang.IllegalStateException: No leader yet : printing ALL groups
  s0:  RUNNING CANDIDATE s0@group-DDA61F3D2864:t6, leader=null, voted=s0, raftlog=s0@group-DDA61F3D2864-SegmentedRaftLog:OPENED:c-1,f0,i0, conf=0: [s0:0.0.0.0:39545, s1:0.0.0.0:39945, s2:0.0.0.0:33605], old=null RUNNING
  s1:  RUNNING  FOLLOWER s1@group-DDA61F3D2864:t5, leader=null, voted=s1, raftlog=s1@group-DDA61F3D2864-SegmentedRaftLog:OPENED:c-1,f-1,i0, conf=-1: [s0:0.0.0.0:39545, s1:0.0.0.0:39945, s2:0.0.0.0:33605], old=null RUNNING
  s2:  RUNNING  FOLLOWER s2@group-DDA61F3D2864:t5, leader=null, voted=s2, raftlog=s2@group-DDA61F3D2864-SegmentedRaftLog:OPENED:c-1,f-1,i0, conf=-1: [s0:0.0.0.0:39545, s1:0.0.0.0:39945, s2:0.0.0.0:33605], old=null RUNNING, sleep 450ms and then retry.
java.lang.IllegalStateException: No leader yet : printing ALL groups
  s0:  RUNNING CANDIDATE s0@group-DDA61F3D2864:t6, leader=null, voted=s0, raftlog=s0@group-DDA61F3D2864-SegmentedRaftLog:OPENED:c-1,f0,i0, conf=0: [s0:0.0.0.0:39545, s1:0.0.0.0:39945, s2:0.0.0.0:33605], old=null RUNNING
  s1:  RUNNING  FOLLOWER s1@group-DDA61F3D2864:t5, leader=null, voted=s1, raftlog=s1@group-DDA61F3D2864-SegmentedRaftLog:OPENED:c-1,f-1,i0, conf=-1: [s0:0.0.0.0:39545, s1:0.0.0.0:39945, s2:0.0.0.0:33605], old=null RUNNING
  s2:  RUNNING  FOLLOWER s2@group-DDA61F3D2864:t5, leader=null, voted=s2, raftlog=s2@group-DDA61F3D2864-SegmentedRaftLog:OPENED:c-1,f-1,i0, conf=-1: [s0:0.0.0.0:39545, s1:0.0.0.0:39945, s2:0.0.0.0:33605], old=null RUNNING
	at org.apache.ratis.MiniRaftCluster.newIllegalStateExceptionForNoLeaders(MiniRaftCluster.java:506)
	at org.apache.ratis.RaftTestUtil.lambda$waitForLeader$1(RaftTestUtil.java:90)
	at org.apache.ratis.MiniRaftCluster.getLeader(MiniRaftCluster.java:539)
	at org.apache.ratis.MiniRaftCluster.getLeader(MiniRaftCluster.java:532)
	at org.apache.ratis.RaftTestUtil.lambda$waitForLeader$3(RaftTestUtil.java:98)
	at org.apache.ratis.util.JavaUtils.attempt(JavaUtils.java:152)
	at org.apache.ratis.RaftTestUtil.waitForLeader(RaftTestUtil.java:97)
	at org.apache.ratis.RaftTestUtil.waitForLeader(RaftTestUtil.java:77)
	at org.apache.ratis.RaftTestUtil.waitForLeader(RaftTestUtil.java:72)
	at org.apache.ratis.server.impl.LeaderElectionTests.testChangeLeader(LeaderElectionTests.java:79)
	at sun.reflect.NativeMethodAccessorImpl.invoke0(Native Method)
	at sun.reflect.NativeMethodAccessorImpl.invoke(NativeMethodAccessorImpl.java:62)
	at sun.reflect.DelegatingMethodAccessorImpl.invoke(DelegatingMethodAccessorImpl.java:43)
	at java.lang.reflect.Method.invoke(Method.java:498)
	at org.junit.runners.model.FrameworkMethod$1.runReflectiveCall(FrameworkMethod.java:50)
	at org.junit.internal.runners.model.ReflectiveCallable.run(ReflectiveCallable.java:12)
	at org.junit.runners.model.FrameworkMethod.invokeExplosively(FrameworkMethod.java:47)
	at org.junit.internal.runners.statements.InvokeMethod.evaluate(InvokeMethod.java:17)
	at org.junit.internal.runners.statements.RunAfters.evaluate(RunAfters.java:27)
	at org.junit.internal.runners.statements.FailOnTimeout$CallableStatement.call(FailOnTimeout.java:298)
	at org.junit.internal.runners.statements.FailOnTimeout$CallableStatement.call(FailOnTimeout.java:292)
	at java.util.concurrent.FutureTask.run(FutureTask.java:266)
	at java.lang.Thread.run(Thread.java:748)
2019-09-24 16:06:10,657 WARN  ratis.RaftTestUtil (JavaUtils.java:attempt(158)) - FAILED "waitForLeader-null-(expectLeader? true)", attempt #40/100: java.lang.IllegalStateException: No leader yet : printing ALL groups
  s0:  RUNNING CANDIDATE s0@group-DDA61F3D2864:t6, leader=null, voted=s0, raftlog=s0@group-DDA61F3D2864-SegmentedRaftLog:OPENED:c-1,f0,i0, conf=0: [s0:0.0.0.0:39545, s1:0.0.0.0:39945, s2:0.0.0.0:33605], old=null RUNNING
  s1:  RUNNING  FOLLOWER s1@group-DDA61F3D2864:t5, leader=null, voted=s1, raftlog=s1@group-DDA61F3D2864-SegmentedRaftLog:OPENED:c-1,f-1,i0, conf=-1: [s0:0.0.0.0:39545, s1:0.0.0.0:39945, s2:0.0.0.0:33605], old=null RUNNING
  s2:  RUNNING  FOLLOWER s2@group-DDA61F3D2864:t5, leader=null, voted=s2, raftlog=s2@group-DDA61F3D2864-SegmentedRaftLog:OPENED:c-1,f-1,i0, conf=-1: [s0:0.0.0.0:39545, s1:0.0.0.0:39945, s2:0.0.0.0:33605], old=null RUNNING, sleep 450ms and then retry.
java.lang.IllegalStateException: No leader yet : printing ALL groups
  s0:  RUNNING CANDIDATE s0@group-DDA61F3D2864:t6, leader=null, voted=s0, raftlog=s0@group-DDA61F3D2864-SegmentedRaftLog:OPENED:c-1,f0,i0, conf=0: [s0:0.0.0.0:39545, s1:0.0.0.0:39945, s2:0.0.0.0:33605], old=null RUNNING
  s1:  RUNNING  FOLLOWER s1@group-DDA61F3D2864:t5, leader=null, voted=s1, raftlog=s1@group-DDA61F3D2864-SegmentedRaftLog:OPENED:c-1,f-1,i0, conf=-1: [s0:0.0.0.0:39545, s1:0.0.0.0:39945, s2:0.0.0.0:33605], old=null RUNNING
  s2:  RUNNING  FOLLOWER s2@group-DDA61F3D2864:t5, leader=null, voted=s2, raftlog=s2@group-DDA61F3D2864-SegmentedRaftLog:OPENED:c-1,f-1,i0, conf=-1: [s0:0.0.0.0:39545, s1:0.0.0.0:39945, s2:0.0.0.0:33605], old=null RUNNING
	at org.apache.ratis.MiniRaftCluster.newIllegalStateExceptionForNoLeaders(MiniRaftCluster.java:506)
	at org.apache.ratis.RaftTestUtil.lambda$waitForLeader$1(RaftTestUtil.java:90)
	at org.apache.ratis.MiniRaftCluster.getLeader(MiniRaftCluster.java:539)
	at org.apache.ratis.MiniRaftCluster.getLeader(MiniRaftCluster.java:532)
	at org.apache.ratis.RaftTestUtil.lambda$waitForLeader$3(RaftTestUtil.java:98)
	at org.apache.ratis.util.JavaUtils.attempt(JavaUtils.java:152)
	at org.apache.ratis.RaftTestUtil.waitForLeader(RaftTestUtil.java:97)
	at org.apache.ratis.RaftTestUtil.waitForLeader(RaftTestUtil.java:77)
	at org.apache.ratis.RaftTestUtil.waitForLeader(RaftTestUtil.java:72)
	at org.apache.ratis.server.impl.LeaderElectionTests.testChangeLeader(LeaderElectionTests.java:79)
	at sun.reflect.NativeMethodAccessorImpl.invoke0(Native Method)
	at sun.reflect.NativeMethodAccessorImpl.invoke(NativeMethodAccessorImpl.java:62)
	at sun.reflect.DelegatingMethodAccessorImpl.invoke(DelegatingMethodAccessorImpl.java:43)
	at java.lang.reflect.Method.invoke(Method.java:498)
	at org.junit.runners.model.FrameworkMethod$1.runReflectiveCall(FrameworkMethod.java:50)
	at org.junit.internal.runners.model.ReflectiveCallable.run(ReflectiveCallable.java:12)
	at org.junit.runners.model.FrameworkMethod.invokeExplosively(FrameworkMethod.java:47)
	at org.junit.internal.runners.statements.InvokeMethod.evaluate(InvokeMethod.java:17)
	at org.junit.internal.runners.statements.RunAfters.evaluate(RunAfters.java:27)
	at org.junit.internal.runners.statements.FailOnTimeout$CallableStatement.call(FailOnTimeout.java:298)
	at org.junit.internal.runners.statements.FailOnTimeout$CallableStatement.call(FailOnTimeout.java:292)
	at java.util.concurrent.FutureTask.run(FutureTask.java:266)
	at java.lang.Thread.run(Thread.java:748)
2019-09-24 16:06:11,109 WARN  ratis.RaftTestUtil (JavaUtils.java:attempt(158)) - FAILED "waitForLeader-null-(expectLeader? true)", attempt #41/100: java.lang.IllegalStateException: No leader yet : printing ALL groups
  s0:  RUNNING CANDIDATE s0@group-DDA61F3D2864:t6, leader=null, voted=s0, raftlog=s0@group-DDA61F3D2864-SegmentedRaftLog:OPENED:c-1,f0,i0, conf=0: [s0:0.0.0.0:39545, s1:0.0.0.0:39945, s2:0.0.0.0:33605], old=null RUNNING
  s1:  RUNNING  FOLLOWER s1@group-DDA61F3D2864:t5, leader=null, voted=s1, raftlog=s1@group-DDA61F3D2864-SegmentedRaftLog:OPENED:c-1,f-1,i0, conf=-1: [s0:0.0.0.0:39545, s1:0.0.0.0:39945, s2:0.0.0.0:33605], old=null RUNNING
  s2:  RUNNING  FOLLOWER s2@group-DDA61F3D2864:t5, leader=null, voted=s2, raftlog=s2@group-DDA61F3D2864-SegmentedRaftLog:OPENED:c-1,f-1,i0, conf=-1: [s0:0.0.0.0:39545, s1:0.0.0.0:39945, s2:0.0.0.0:33605], old=null RUNNING, sleep 450ms and then retry.
java.lang.IllegalStateException: No leader yet : printing ALL groups
  s0:  RUNNING CANDIDATE s0@group-DDA61F3D2864:t6, leader=null, voted=s0, raftlog=s0@group-DDA61F3D2864-SegmentedRaftLog:OPENED:c-1,f0,i0, conf=0: [s0:0.0.0.0:39545, s1:0.0.0.0:39945, s2:0.0.0.0:33605], old=null RUNNING
  s1:  RUNNING  FOLLOWER s1@group-DDA61F3D2864:t5, leader=null, voted=s1, raftlog=s1@group-DDA61F3D2864-SegmentedRaftLog:OPENED:c-1,f-1,i0, conf=-1: [s0:0.0.0.0:39545, s1:0.0.0.0:39945, s2:0.0.0.0:33605], old=null RUNNING
  s2:  RUNNING  FOLLOWER s2@group-DDA61F3D2864:t5, leader=null, voted=s2, raftlog=s2@group-DDA61F3D2864-SegmentedRaftLog:OPENED:c-1,f-1,i0, conf=-1: [s0:0.0.0.0:39545, s1:0.0.0.0:39945, s2:0.0.0.0:33605], old=null RUNNING
	at org.apache.ratis.MiniRaftCluster.newIllegalStateExceptionForNoLeaders(MiniRaftCluster.java:506)
	at org.apache.ratis.RaftTestUtil.lambda$waitForLeader$1(RaftTestUtil.java:90)
	at org.apache.ratis.MiniRaftCluster.getLeader(MiniRaftCluster.java:539)
	at org.apache.ratis.MiniRaftCluster.getLeader(MiniRaftCluster.java:532)
	at org.apache.ratis.RaftTestUtil.lambda$waitForLeader$3(RaftTestUtil.java:98)
	at org.apache.ratis.util.JavaUtils.attempt(JavaUtils.java:152)
	at org.apache.ratis.RaftTestUtil.waitForLeader(RaftTestUtil.java:97)
	at org.apache.ratis.RaftTestUtil.waitForLeader(RaftTestUtil.java:77)
	at org.apache.ratis.RaftTestUtil.waitForLeader(RaftTestUtil.java:72)
	at org.apache.ratis.server.impl.LeaderElectionTests.testChangeLeader(LeaderElectionTests.java:79)
	at sun.reflect.NativeMethodAccessorImpl.invoke0(Native Method)
	at sun.reflect.NativeMethodAccessorImpl.invoke(NativeMethodAccessorImpl.java:62)
	at sun.reflect.DelegatingMethodAccessorImpl.invoke(DelegatingMethodAccessorImpl.java:43)
	at java.lang.reflect.Method.invoke(Method.java:498)
	at org.junit.runners.model.FrameworkMethod$1.runReflectiveCall(FrameworkMethod.java:50)
	at org.junit.internal.runners.model.ReflectiveCallable.run(ReflectiveCallable.java:12)
	at org.junit.runners.model.FrameworkMethod.invokeExplosively(FrameworkMethod.java:47)
	at org.junit.internal.runners.statements.InvokeMethod.evaluate(InvokeMethod.java:17)
	at org.junit.internal.runners.statements.RunAfters.evaluate(RunAfters.java:27)
	at org.junit.internal.runners.statements.FailOnTimeout$CallableStatement.call(FailOnTimeout.java:298)
	at org.junit.internal.runners.statements.FailOnTimeout$CallableStatement.call(FailOnTimeout.java:292)
	at java.util.concurrent.FutureTask.run(FutureTask.java:266)
	at java.lang.Thread.run(Thread.java:748)
2019-09-24 16:06:11,560 WARN  ratis.RaftTestUtil (JavaUtils.java:attempt(158)) - FAILED "waitForLeader-null-(expectLeader? true)", attempt #42/100: java.lang.IllegalStateException: No leader yet : printing ALL groups
  s0:  RUNNING CANDIDATE s0@group-DDA61F3D2864:t6, leader=null, voted=s0, raftlog=s0@group-DDA61F3D2864-SegmentedRaftLog:OPENED:c-1,f0,i0, conf=0: [s0:0.0.0.0:39545, s1:0.0.0.0:39945, s2:0.0.0.0:33605], old=null RUNNING
  s1:  RUNNING  FOLLOWER s1@group-DDA61F3D2864:t5, leader=null, voted=s1, raftlog=s1@group-DDA61F3D2864-SegmentedRaftLog:OPENED:c-1,f-1,i0, conf=-1: [s0:0.0.0.0:39545, s1:0.0.0.0:39945, s2:0.0.0.0:33605], old=null RUNNING
  s2:  RUNNING  FOLLOWER s2@group-DDA61F3D2864:t5, leader=null, voted=s2, raftlog=s2@group-DDA61F3D2864-SegmentedRaftLog:OPENED:c-1,f-1,i0, conf=-1: [s0:0.0.0.0:39545, s1:0.0.0.0:39945, s2:0.0.0.0:33605], old=null RUNNING, sleep 450ms and then retry.
java.lang.IllegalStateException: No leader yet : printing ALL groups
  s0:  RUNNING CANDIDATE s0@group-DDA61F3D2864:t6, leader=null, voted=s0, raftlog=s0@group-DDA61F3D2864-SegmentedRaftLog:OPENED:c-1,f0,i0, conf=0: [s0:0.0.0.0:39545, s1:0.0.0.0:39945, s2:0.0.0.0:33605], old=null RUNNING
  s1:  RUNNING  FOLLOWER s1@group-DDA61F3D2864:t5, leader=null, voted=s1, raftlog=s1@group-DDA61F3D2864-SegmentedRaftLog:OPENED:c-1,f-1,i0, conf=-1: [s0:0.0.0.0:39545, s1:0.0.0.0:39945, s2:0.0.0.0:33605], old=null RUNNING
  s2:  RUNNING  FOLLOWER s2@group-DDA61F3D2864:t5, leader=null, voted=s2, raftlog=s2@group-DDA61F3D2864-SegmentedRaftLog:OPENED:c-1,f-1,i0, conf=-1: [s0:0.0.0.0:39545, s1:0.0.0.0:39945, s2:0.0.0.0:33605], old=null RUNNING
	at org.apache.ratis.MiniRaftCluster.newIllegalStateExceptionForNoLeaders(MiniRaftCluster.java:506)
	at org.apache.ratis.RaftTestUtil.lambda$waitForLeader$1(RaftTestUtil.java:90)
	at org.apache.ratis.MiniRaftCluster.getLeader(MiniRaftCluster.java:539)
	at org.apache.ratis.MiniRaftCluster.getLeader(MiniRaftCluster.java:532)
	at org.apache.ratis.RaftTestUtil.lambda$waitForLeader$3(RaftTestUtil.java:98)
	at org.apache.ratis.util.JavaUtils.attempt(JavaUtils.java:152)
	at org.apache.ratis.RaftTestUtil.waitForLeader(RaftTestUtil.java:97)
	at org.apache.ratis.RaftTestUtil.waitForLeader(RaftTestUtil.java:77)
	at org.apache.ratis.RaftTestUtil.waitForLeader(RaftTestUtil.java:72)
	at org.apache.ratis.server.impl.LeaderElectionTests.testChangeLeader(LeaderElectionTests.java:79)
	at sun.reflect.NativeMethodAccessorImpl.invoke0(Native Method)
	at sun.reflect.NativeMethodAccessorImpl.invoke(NativeMethodAccessorImpl.java:62)
	at sun.reflect.DelegatingMethodAccessorImpl.invoke(DelegatingMethodAccessorImpl.java:43)
	at java.lang.reflect.Method.invoke(Method.java:498)
	at org.junit.runners.model.FrameworkMethod$1.runReflectiveCall(FrameworkMethod.java:50)
	at org.junit.internal.runners.model.ReflectiveCallable.run(ReflectiveCallable.java:12)
	at org.junit.runners.model.FrameworkMethod.invokeExplosively(FrameworkMethod.java:47)
	at org.junit.internal.runners.statements.InvokeMethod.evaluate(InvokeMethod.java:17)
	at org.junit.internal.runners.statements.RunAfters.evaluate(RunAfters.java:27)
	at org.junit.internal.runners.statements.FailOnTimeout$CallableStatement.call(FailOnTimeout.java:298)
	at org.junit.internal.runners.statements.FailOnTimeout$CallableStatement.call(FailOnTimeout.java:292)
	at java.util.concurrent.FutureTask.run(FutureTask.java:266)
	at java.lang.Thread.run(Thread.java:748)
2019-09-24 16:06:12,011 WARN  ratis.RaftTestUtil (JavaUtils.java:attempt(158)) - FAILED "waitForLeader-null-(expectLeader? true)", attempt #43/100: java.lang.IllegalStateException: No leader yet : printing ALL groups
  s0:  RUNNING CANDIDATE s0@group-DDA61F3D2864:t6, leader=null, voted=s0, raftlog=s0@group-DDA61F3D2864-SegmentedRaftLog:OPENED:c-1,f0,i0, conf=0: [s0:0.0.0.0:39545, s1:0.0.0.0:39945, s2:0.0.0.0:33605], old=null RUNNING
  s1:  RUNNING  FOLLOWER s1@group-DDA61F3D2864:t5, leader=null, voted=s1, raftlog=s1@group-DDA61F3D2864-SegmentedRaftLog:OPENED:c-1,f-1,i0, conf=-1: [s0:0.0.0.0:39545, s1:0.0.0.0:39945, s2:0.0.0.0:33605], old=null RUNNING
  s2:  RUNNING  FOLLOWER s2@group-DDA61F3D2864:t5, leader=null, voted=s2, raftlog=s2@group-DDA61F3D2864-SegmentedRaftLog:OPENED:c-1,f-1,i0, conf=-1: [s0:0.0.0.0:39545, s1:0.0.0.0:39945, s2:0.0.0.0:33605], old=null RUNNING, sleep 450ms and then retry.
java.lang.IllegalStateException: No leader yet : printing ALL groups
  s0:  RUNNING CANDIDATE s0@group-DDA61F3D2864:t6, leader=null, voted=s0, raftlog=s0@group-DDA61F3D2864-SegmentedRaftLog:OPENED:c-1,f0,i0, conf=0: [s0:0.0.0.0:39545, s1:0.0.0.0:39945, s2:0.0.0.0:33605], old=null RUNNING
  s1:  RUNNING  FOLLOWER s1@group-DDA61F3D2864:t5, leader=null, voted=s1, raftlog=s1@group-DDA61F3D2864-SegmentedRaftLog:OPENED:c-1,f-1,i0, conf=-1: [s0:0.0.0.0:39545, s1:0.0.0.0:39945, s2:0.0.0.0:33605], old=null RUNNING
  s2:  RUNNING  FOLLOWER s2@group-DDA61F3D2864:t5, leader=null, voted=s2, raftlog=s2@group-DDA61F3D2864-SegmentedRaftLog:OPENED:c-1,f-1,i0, conf=-1: [s0:0.0.0.0:39545, s1:0.0.0.0:39945, s2:0.0.0.0:33605], old=null RUNNING
	at org.apache.ratis.MiniRaftCluster.newIllegalStateExceptionForNoLeaders(MiniRaftCluster.java:506)
	at org.apache.ratis.RaftTestUtil.lambda$waitForLeader$1(RaftTestUtil.java:90)
	at org.apache.ratis.MiniRaftCluster.getLeader(MiniRaftCluster.java:539)
	at org.apache.ratis.MiniRaftCluster.getLeader(MiniRaftCluster.java:532)
	at org.apache.ratis.RaftTestUtil.lambda$waitForLeader$3(RaftTestUtil.java:98)
	at org.apache.ratis.util.JavaUtils.attempt(JavaUtils.java:152)
	at org.apache.ratis.RaftTestUtil.waitForLeader(RaftTestUtil.java:97)
	at org.apache.ratis.RaftTestUtil.waitForLeader(RaftTestUtil.java:77)
	at org.apache.ratis.RaftTestUtil.waitForLeader(RaftTestUtil.java:72)
	at org.apache.ratis.server.impl.LeaderElectionTests.testChangeLeader(LeaderElectionTests.java:79)
	at sun.reflect.NativeMethodAccessorImpl.invoke0(Native Method)
	at sun.reflect.NativeMethodAccessorImpl.invoke(NativeMethodAccessorImpl.java:62)
	at sun.reflect.DelegatingMethodAccessorImpl.invoke(DelegatingMethodAccessorImpl.java:43)
	at java.lang.reflect.Method.invoke(Method.java:498)
	at org.junit.runners.model.FrameworkMethod$1.runReflectiveCall(FrameworkMethod.java:50)
	at org.junit.internal.runners.model.ReflectiveCallable.run(ReflectiveCallable.java:12)
	at org.junit.runners.model.FrameworkMethod.invokeExplosively(FrameworkMethod.java:47)
	at org.junit.internal.runners.statements.InvokeMethod.evaluate(InvokeMethod.java:17)
	at org.junit.internal.runners.statements.RunAfters.evaluate(RunAfters.java:27)
	at org.junit.internal.runners.statements.FailOnTimeout$CallableStatement.call(FailOnTimeout.java:298)
	at org.junit.internal.runners.statements.FailOnTimeout$CallableStatement.call(FailOnTimeout.java:292)
	at java.util.concurrent.FutureTask.run(FutureTask.java:266)
	at java.lang.Thread.run(Thread.java:748)
2019-09-24 16:06:12,463 WARN  ratis.RaftTestUtil (JavaUtils.java:attempt(158)) - FAILED "waitForLeader-null-(expectLeader? true)", attempt #44/100: java.lang.IllegalStateException: No leader yet : printing ALL groups
  s0:  RUNNING CANDIDATE s0@group-DDA61F3D2864:t6, leader=null, voted=s0, raftlog=s0@group-DDA61F3D2864-SegmentedRaftLog:OPENED:c-1,f0,i0, conf=0: [s0:0.0.0.0:39545, s1:0.0.0.0:39945, s2:0.0.0.0:33605], old=null RUNNING
  s1:  RUNNING  FOLLOWER s1@group-DDA61F3D2864:t5, leader=null, voted=s1, raftlog=s1@group-DDA61F3D2864-SegmentedRaftLog:OPENED:c-1,f-1,i0, conf=-1: [s0:0.0.0.0:39545, s1:0.0.0.0:39945, s2:0.0.0.0:33605], old=null RUNNING
  s2:  RUNNING  FOLLOWER s2@group-DDA61F3D2864:t5, leader=null, voted=s2, raftlog=s2@group-DDA61F3D2864-SegmentedRaftLog:OPENED:c-1,f-1,i0, conf=-1: [s0:0.0.0.0:39545, s1:0.0.0.0:39945, s2:0.0.0.0:33605], old=null RUNNING, sleep 450ms and then retry.
java.lang.IllegalStateException: No leader yet : printing ALL groups
  s0:  RUNNING CANDIDATE s0@group-DDA61F3D2864:t6, leader=null, voted=s0, raftlog=s0@group-DDA61F3D2864-SegmentedRaftLog:OPENED:c-1,f0,i0, conf=0: [s0:0.0.0.0:39545, s1:0.0.0.0:39945, s2:0.0.0.0:33605], old=null RUNNING
  s1:  RUNNING  FOLLOWER s1@group-DDA61F3D2864:t5, leader=null, voted=s1, raftlog=s1@group-DDA61F3D2864-SegmentedRaftLog:OPENED:c-1,f-1,i0, conf=-1: [s0:0.0.0.0:39545, s1:0.0.0.0:39945, s2:0.0.0.0:33605], old=null RUNNING
  s2:  RUNNING  FOLLOWER s2@group-DDA61F3D2864:t5, leader=null, voted=s2, raftlog=s2@group-DDA61F3D2864-SegmentedRaftLog:OPENED:c-1,f-1,i0, conf=-1: [s0:0.0.0.0:39545, s1:0.0.0.0:39945, s2:0.0.0.0:33605], old=null RUNNING
	at org.apache.ratis.MiniRaftCluster.newIllegalStateExceptionForNoLeaders(MiniRaftCluster.java:506)
	at org.apache.ratis.RaftTestUtil.lambda$waitForLeader$1(RaftTestUtil.java:90)
	at org.apache.ratis.MiniRaftCluster.getLeader(MiniRaftCluster.java:539)
	at org.apache.ratis.MiniRaftCluster.getLeader(MiniRaftCluster.java:532)
	at org.apache.ratis.RaftTestUtil.lambda$waitForLeader$3(RaftTestUtil.java:98)
	at org.apache.ratis.util.JavaUtils.attempt(JavaUtils.java:152)
	at org.apache.ratis.RaftTestUtil.waitForLeader(RaftTestUtil.java:97)
	at org.apache.ratis.RaftTestUtil.waitForLeader(RaftTestUtil.java:77)
	at org.apache.ratis.RaftTestUtil.waitForLeader(RaftTestUtil.java:72)
	at org.apache.ratis.server.impl.LeaderElectionTests.testChangeLeader(LeaderElectionTests.java:79)
	at sun.reflect.NativeMethodAccessorImpl.invoke0(Native Method)
	at sun.reflect.NativeMethodAccessorImpl.invoke(NativeMethodAccessorImpl.java:62)
	at sun.reflect.DelegatingMethodAccessorImpl.invoke(DelegatingMethodAccessorImpl.java:43)
	at java.lang.reflect.Method.invoke(Method.java:498)
	at org.junit.runners.model.FrameworkMethod$1.runReflectiveCall(FrameworkMethod.java:50)
	at org.junit.internal.runners.model.ReflectiveCallable.run(ReflectiveCallable.java:12)
	at org.junit.runners.model.FrameworkMethod.invokeExplosively(FrameworkMethod.java:47)
	at org.junit.internal.runners.statements.InvokeMethod.evaluate(InvokeMethod.java:17)
	at org.junit.internal.runners.statements.RunAfters.evaluate(RunAfters.java:27)
	at org.junit.internal.runners.statements.FailOnTimeout$CallableStatement.call(FailOnTimeout.java:298)
	at org.junit.internal.runners.statements.FailOnTimeout$CallableStatement.call(FailOnTimeout.java:292)
	at java.util.concurrent.FutureTask.run(FutureTask.java:266)
	at java.lang.Thread.run(Thread.java:748)
2019-09-24 16:06:12,914 WARN  ratis.RaftTestUtil (JavaUtils.java:attempt(158)) - FAILED "waitForLeader-null-(expectLeader? true)", attempt #45/100: java.lang.IllegalStateException: No leader yet : printing ALL groups
  s0:  RUNNING CANDIDATE s0@group-DDA61F3D2864:t6, leader=null, voted=s0, raftlog=s0@group-DDA61F3D2864-SegmentedRaftLog:OPENED:c-1,f0,i0, conf=0: [s0:0.0.0.0:39545, s1:0.0.0.0:39945, s2:0.0.0.0:33605], old=null RUNNING
  s1:  RUNNING  FOLLOWER s1@group-DDA61F3D2864:t5, leader=null, voted=s1, raftlog=s1@group-DDA61F3D2864-SegmentedRaftLog:OPENED:c-1,f-1,i0, conf=-1: [s0:0.0.0.0:39545, s1:0.0.0.0:39945, s2:0.0.0.0:33605], old=null RUNNING
  s2:  RUNNING  FOLLOWER s2@group-DDA61F3D2864:t5, leader=null, voted=s2, raftlog=s2@group-DDA61F3D2864-SegmentedRaftLog:OPENED:c-1,f-1,i0, conf=-1: [s0:0.0.0.0:39545, s1:0.0.0.0:39945, s2:0.0.0.0:33605], old=null RUNNING, sleep 450ms and then retry.
java.lang.IllegalStateException: No leader yet : printing ALL groups
  s0:  RUNNING CANDIDATE s0@group-DDA61F3D2864:t6, leader=null, voted=s0, raftlog=s0@group-DDA61F3D2864-SegmentedRaftLog:OPENED:c-1,f0,i0, conf=0: [s0:0.0.0.0:39545, s1:0.0.0.0:39945, s2:0.0.0.0:33605], old=null RUNNING
  s1:  RUNNING  FOLLOWER s1@group-DDA61F3D2864:t5, leader=null, voted=s1, raftlog=s1@group-DDA61F3D2864-SegmentedRaftLog:OPENED:c-1,f-1,i0, conf=-1: [s0:0.0.0.0:39545, s1:0.0.0.0:39945, s2:0.0.0.0:33605], old=null RUNNING
  s2:  RUNNING  FOLLOWER s2@group-DDA61F3D2864:t5, leader=null, voted=s2, raftlog=s2@group-DDA61F3D2864-SegmentedRaftLog:OPENED:c-1,f-1,i0, conf=-1: [s0:0.0.0.0:39545, s1:0.0.0.0:39945, s2:0.0.0.0:33605], old=null RUNNING
	at org.apache.ratis.MiniRaftCluster.newIllegalStateExceptionForNoLeaders(MiniRaftCluster.java:506)
	at org.apache.ratis.RaftTestUtil.lambda$waitForLeader$1(RaftTestUtil.java:90)
	at org.apache.ratis.MiniRaftCluster.getLeader(MiniRaftCluster.java:539)
	at org.apache.ratis.MiniRaftCluster.getLeader(MiniRaftCluster.java:532)
	at org.apache.ratis.RaftTestUtil.lambda$waitForLeader$3(RaftTestUtil.java:98)
	at org.apache.ratis.util.JavaUtils.attempt(JavaUtils.java:152)
	at org.apache.ratis.RaftTestUtil.waitForLeader(RaftTestUtil.java:97)
	at org.apache.ratis.RaftTestUtil.waitForLeader(RaftTestUtil.java:77)
	at org.apache.ratis.RaftTestUtil.waitForLeader(RaftTestUtil.java:72)
	at org.apache.ratis.server.impl.LeaderElectionTests.testChangeLeader(LeaderElectionTests.java:79)
	at sun.reflect.NativeMethodAccessorImpl.invoke0(Native Method)
	at sun.reflect.NativeMethodAccessorImpl.invoke(NativeMethodAccessorImpl.java:62)
	at sun.reflect.DelegatingMethodAccessorImpl.invoke(DelegatingMethodAccessorImpl.java:43)
	at java.lang.reflect.Method.invoke(Method.java:498)
	at org.junit.runners.model.FrameworkMethod$1.runReflectiveCall(FrameworkMethod.java:50)
	at org.junit.internal.runners.model.ReflectiveCallable.run(ReflectiveCallable.java:12)
	at org.junit.runners.model.FrameworkMethod.invokeExplosively(FrameworkMethod.java:47)
	at org.junit.internal.runners.statements.InvokeMethod.evaluate(InvokeMethod.java:17)
	at org.junit.internal.runners.statements.RunAfters.evaluate(RunAfters.java:27)
	at org.junit.internal.runners.statements.FailOnTimeout$CallableStatement.call(FailOnTimeout.java:298)
	at org.junit.internal.runners.statements.FailOnTimeout$CallableStatement.call(FailOnTimeout.java:292)
	at java.util.concurrent.FutureTask.run(FutureTask.java:266)
	at java.lang.Thread.run(Thread.java:748)
2019-09-24 16:06:13,043 INFO  ratis.MiniRaftCluster (MiniRaftCluster.java:lambda$null$5(297)) - TIMED-PRINT: printing ALL groups
  s0:  RUNNING CANDIDATE s0@group-DDA61F3D2864:t6, leader=null, voted=s0, raftlog=s0@group-DDA61F3D2864-SegmentedRaftLog:OPENED:c-1,f0,i0, conf=0: [s0:0.0.0.0:39545, s1:0.0.0.0:39945, s2:0.0.0.0:33605], old=null RUNNING
  s1:  RUNNING  FOLLOWER s1@group-DDA61F3D2864:t5, leader=null, voted=s1, raftlog=s1@group-DDA61F3D2864-SegmentedRaftLog:OPENED:c-1,f-1,i0, conf=-1: [s0:0.0.0.0:39545, s1:0.0.0.0:39945, s2:0.0.0.0:33605], old=null RUNNING
  s2:  RUNNING  FOLLOWER s2@group-DDA61F3D2864:t5, leader=null, voted=s2, raftlog=s2@group-DDA61F3D2864-SegmentedRaftLog:OPENED:c-1,f-1,i0, conf=-1: [s0:0.0.0.0:39545, s1:0.0.0.0:39945, s2:0.0.0.0:33605], old=null RUNNING
2019-09-24 16:06:13,365 WARN  ratis.RaftTestUtil (JavaUtils.java:attempt(158)) - FAILED "waitForLeader-null-(expectLeader? true)", attempt #46/100: java.lang.IllegalStateException: No leader yet : printing ALL groups
  s0:  RUNNING CANDIDATE s0@group-DDA61F3D2864:t6, leader=null, voted=s0, raftlog=s0@group-DDA61F3D2864-SegmentedRaftLog:OPENED:c-1,f0,i0, conf=0: [s0:0.0.0.0:39545, s1:0.0.0.0:39945, s2:0.0.0.0:33605], old=null RUNNING
  s1:  RUNNING  FOLLOWER s1@group-DDA61F3D2864:t5, leader=null, voted=s1, raftlog=s1@group-DDA61F3D2864-SegmentedRaftLog:OPENED:c-1,f-1,i0, conf=-1: [s0:0.0.0.0:39545, s1:0.0.0.0:39945, s2:0.0.0.0:33605], old=null RUNNING
  s2:  RUNNING  FOLLOWER s2@group-DDA61F3D2864:t5, leader=null, voted=s2, raftlog=s2@group-DDA61F3D2864-SegmentedRaftLog:OPENED:c-1,f-1,i0, conf=-1: [s0:0.0.0.0:39545, s1:0.0.0.0:39945, s2:0.0.0.0:33605], old=null RUNNING, sleep 450ms and then retry.
java.lang.IllegalStateException: No leader yet : printing ALL groups
  s0:  RUNNING CANDIDATE s0@group-DDA61F3D2864:t6, leader=null, voted=s0, raftlog=s0@group-DDA61F3D2864-SegmentedRaftLog:OPENED:c-1,f0,i0, conf=0: [s0:0.0.0.0:39545, s1:0.0.0.0:39945, s2:0.0.0.0:33605], old=null RUNNING
  s1:  RUNNING  FOLLOWER s1@group-DDA61F3D2864:t5, leader=null, voted=s1, raftlog=s1@group-DDA61F3D2864-SegmentedRaftLog:OPENED:c-1,f-1,i0, conf=-1: [s0:0.0.0.0:39545, s1:0.0.0.0:39945, s2:0.0.0.0:33605], old=null RUNNING
  s2:  RUNNING  FOLLOWER s2@group-DDA61F3D2864:t5, leader=null, voted=s2, raftlog=s2@group-DDA61F3D2864-SegmentedRaftLog:OPENED:c-1,f-1,i0, conf=-1: [s0:0.0.0.0:39545, s1:0.0.0.0:39945, s2:0.0.0.0:33605], old=null RUNNING
	at org.apache.ratis.MiniRaftCluster.newIllegalStateExceptionForNoLeaders(MiniRaftCluster.java:506)
	at org.apache.ratis.RaftTestUtil.lambda$waitForLeader$1(RaftTestUtil.java:90)
	at org.apache.ratis.MiniRaftCluster.getLeader(MiniRaftCluster.java:539)
	at org.apache.ratis.MiniRaftCluster.getLeader(MiniRaftCluster.java:532)
	at org.apache.ratis.RaftTestUtil.lambda$waitForLeader$3(RaftTestUtil.java:98)
	at org.apache.ratis.util.JavaUtils.attempt(JavaUtils.java:152)
	at org.apache.ratis.RaftTestUtil.waitForLeader(RaftTestUtil.java:97)
	at org.apache.ratis.RaftTestUtil.waitForLeader(RaftTestUtil.java:77)
	at org.apache.ratis.RaftTestUtil.waitForLeader(RaftTestUtil.java:72)
	at org.apache.ratis.server.impl.LeaderElectionTests.testChangeLeader(LeaderElectionTests.java:79)
	at sun.reflect.NativeMethodAccessorImpl.invoke0(Native Method)
	at sun.reflect.NativeMethodAccessorImpl.invoke(NativeMethodAccessorImpl.java:62)
	at sun.reflect.DelegatingMethodAccessorImpl.invoke(DelegatingMethodAccessorImpl.java:43)
	at java.lang.reflect.Method.invoke(Method.java:498)
	at org.junit.runners.model.FrameworkMethod$1.runReflectiveCall(FrameworkMethod.java:50)
	at org.junit.internal.runners.model.ReflectiveCallable.run(ReflectiveCallable.java:12)
	at org.junit.runners.model.FrameworkMethod.invokeExplosively(FrameworkMethod.java:47)
	at org.junit.internal.runners.statements.InvokeMethod.evaluate(InvokeMethod.java:17)
	at org.junit.internal.runners.statements.RunAfters.evaluate(RunAfters.java:27)
	at org.junit.internal.runners.statements.FailOnTimeout$CallableStatement.call(FailOnTimeout.java:298)
	at org.junit.internal.runners.statements.FailOnTimeout$CallableStatement.call(FailOnTimeout.java:292)
	at java.util.concurrent.FutureTask.run(FutureTask.java:266)
	at java.lang.Thread.run(Thread.java:748)
2019-09-24 16:06:13,817 WARN  ratis.RaftTestUtil (JavaUtils.java:attempt(158)) - FAILED "waitForLeader-null-(expectLeader? true)", attempt #47/100: java.lang.IllegalStateException: No leader yet : printing ALL groups
  s0:  RUNNING CANDIDATE s0@group-DDA61F3D2864:t6, leader=null, voted=s0, raftlog=s0@group-DDA61F3D2864-SegmentedRaftLog:OPENED:c-1,f0,i0, conf=0: [s0:0.0.0.0:39545, s1:0.0.0.0:39945, s2:0.0.0.0:33605], old=null RUNNING
  s1:  RUNNING  FOLLOWER s1@group-DDA61F3D2864:t5, leader=null, voted=s1, raftlog=s1@group-DDA61F3D2864-SegmentedRaftLog:OPENED:c-1,f-1,i0, conf=-1: [s0:0.0.0.0:39545, s1:0.0.0.0:39945, s2:0.0.0.0:33605], old=null RUNNING
  s2:  RUNNING  FOLLOWER s2@group-DDA61F3D2864:t5, leader=null, voted=s2, raftlog=s2@group-DDA61F3D2864-SegmentedRaftLog:OPENED:c-1,f-1,i0, conf=-1: [s0:0.0.0.0:39545, s1:0.0.0.0:39945, s2:0.0.0.0:33605], old=null RUNNING, sleep 450ms and then retry.
java.lang.IllegalStateException: No leader yet : printing ALL groups
  s0:  RUNNING CANDIDATE s0@group-DDA61F3D2864:t6, leader=null, voted=s0, raftlog=s0@group-DDA61F3D2864-SegmentedRaftLog:OPENED:c-1,f0,i0, conf=0: [s0:0.0.0.0:39545, s1:0.0.0.0:39945, s2:0.0.0.0:33605], old=null RUNNING
  s1:  RUNNING  FOLLOWER s1@group-DDA61F3D2864:t5, leader=null, voted=s1, raftlog=s1@group-DDA61F3D2864-SegmentedRaftLog:OPENED:c-1,f-1,i0, conf=-1: [s0:0.0.0.0:39545, s1:0.0.0.0:39945, s2:0.0.0.0:33605], old=null RUNNING
  s2:  RUNNING  FOLLOWER s2@group-DDA61F3D2864:t5, leader=null, voted=s2, raftlog=s2@group-DDA61F3D2864-SegmentedRaftLog:OPENED:c-1,f-1,i0, conf=-1: [s0:0.0.0.0:39545, s1:0.0.0.0:39945, s2:0.0.0.0:33605], old=null RUNNING
	at org.apache.ratis.MiniRaftCluster.newIllegalStateExceptionForNoLeaders(MiniRaftCluster.java:506)
	at org.apache.ratis.RaftTestUtil.lambda$waitForLeader$1(RaftTestUtil.java:90)
	at org.apache.ratis.MiniRaftCluster.getLeader(MiniRaftCluster.java:539)
	at org.apache.ratis.MiniRaftCluster.getLeader(MiniRaftCluster.java:532)
	at org.apache.ratis.RaftTestUtil.lambda$waitForLeader$3(RaftTestUtil.java:98)
	at org.apache.ratis.util.JavaUtils.attempt(JavaUtils.java:152)
	at org.apache.ratis.RaftTestUtil.waitForLeader(RaftTestUtil.java:97)
	at org.apache.ratis.RaftTestUtil.waitForLeader(RaftTestUtil.java:77)
	at org.apache.ratis.RaftTestUtil.waitForLeader(RaftTestUtil.java:72)
	at org.apache.ratis.server.impl.LeaderElectionTests.testChangeLeader(LeaderElectionTests.java:79)
	at sun.reflect.NativeMethodAccessorImpl.invoke0(Native Method)
	at sun.reflect.NativeMethodAccessorImpl.invoke(NativeMethodAccessorImpl.java:62)
	at sun.reflect.DelegatingMethodAccessorImpl.invoke(DelegatingMethodAccessorImpl.java:43)
	at java.lang.reflect.Method.invoke(Method.java:498)
	at org.junit.runners.model.FrameworkMethod$1.runReflectiveCall(FrameworkMethod.java:50)
	at org.junit.internal.runners.model.ReflectiveCallable.run(ReflectiveCallable.java:12)
	at org.junit.runners.model.FrameworkMethod.invokeExplosively(FrameworkMethod.java:47)
	at org.junit.internal.runners.statements.InvokeMethod.evaluate(InvokeMethod.java:17)
	at org.junit.internal.runners.statements.RunAfters.evaluate(RunAfters.java:27)
	at org.junit.internal.runners.statements.FailOnTimeout$CallableStatement.call(FailOnTimeout.java:298)
	at org.junit.internal.runners.statements.FailOnTimeout$CallableStatement.call(FailOnTimeout.java:292)
	at java.util.concurrent.FutureTask.run(FutureTask.java:266)
	at java.lang.Thread.run(Thread.java:748)
2019-09-24 16:06:14,117 INFO  impl.LeaderElection (LeaderElection.java:askForVotes(178)) - s1@group-DDA61F3D2864-LeaderElection38: begin an election at term 5 for -1: [s0:0.0.0.0:39545, s1:0.0.0.0:39945, s2:0.0.0.0:33605], old=null
2019-09-24 16:06:14,117 INFO  impl.LeaderElection (LeaderElection.java:askForVotes(178)) - s2@group-DDA61F3D2864-LeaderElection39: begin an election at term 5 for -1: [s0:0.0.0.0:39545, s1:0.0.0.0:39945, s2:0.0.0.0:33605], old=null
2019-09-24 16:06:14,117 INFO  impl.FollowerState (FollowerState.java:run(108)) - s2@group-DDA61F3D2864-FollowerState: change to CANDIDATE, lastRpcTime:5136ms, electionTimeout:206ms
2019-09-24 16:06:14,117 INFO  impl.FollowerState (FollowerState.java:run(108)) - s1@group-DDA61F3D2864-FollowerState: change to CANDIDATE, lastRpcTime:5136ms, electionTimeout:155ms
2019-09-24 16:06:14,117 INFO  impl.RoleInfo (RoleInfo.java:shutdownFollowerState(121)) - s2: shutdown FollowerState
2019-09-24 16:06:14,117 INFO  impl.LeaderElection (LeaderElection.java:askForVotes(178)) - s0@group-DDA61F3D2864-LeaderElection37: begin an election at term 6 for 0: [s0:0.0.0.0:39545, s1:0.0.0.0:39945, s2:0.0.0.0:33605], old=null
2019-09-24 16:06:14,118 INFO  impl.RaftServerImpl (RaftServerImpl.java:setRole(170)) - s2@group-DDA61F3D2864: changes role from  FOLLOWER to CANDIDATE at term 5 for changeToCandidate
2019-09-24 16:06:14,117 INFO  impl.RoleInfo (RoleInfo.java:shutdownFollowerState(121)) - s1: shutdown FollowerState
2019-09-24 16:06:14,118 INFO  impl.RoleInfo (RoleInfo.java:updateAndGet(143)) - s2: start LeaderElection
2019-09-24 16:06:14,118 INFO  impl.RaftServerImpl (RaftServerImpl.java:setRole(170)) - s1@group-DDA61F3D2864: changes role from  FOLLOWER to CANDIDATE at term 5 for changeToCandidate
2019-09-24 16:06:14,118 INFO  impl.RoleInfo (RoleInfo.java:updateAndGet(143)) - s1: start LeaderElection
2019-09-24 16:06:14,119 DEBUG impl.RaftServerImpl (RaftServerImpl.java:requestVote(775)) - s2@group-DDA61F3D2864 replies to vote request: s0<-s2#0:FAIL-t5. Peer's state: s2@group-DDA61F3D2864:t5, leader=null, voted=s2, raftlog=s2@group-DDA61F3D2864-SegmentedRaftLog:OPENED:c-1,f-1,i0, conf=-1: [s0:0.0.0.0:39545, s1:0.0.0.0:39945, s2:0.0.0.0:33605], old=null
2019-09-24 16:06:14,119 DEBUG impl.RaftServerImpl (RaftServerImpl.java:requestVote(775)) - s1@group-DDA61F3D2864 replies to vote request: s0<-s1#0:FAIL-t5. Peer's state: s1@group-DDA61F3D2864:t5, leader=null, voted=s1, raftlog=s1@group-DDA61F3D2864-SegmentedRaftLog:OPENED:c-1,f-1,i0, conf=-1: [s0:0.0.0.0:39545, s1:0.0.0.0:39945, s2:0.0.0.0:33605], old=null
2019-09-24 16:06:14,121 DEBUG impl.RaftServerImpl (RaftServerImpl.java:requestVote(743)) - s1@group-DDA61F3D2864: receive requestVote(s0, group-DDA61F3D2864, 6, (t:1, i:0))
2019-09-24 16:06:14,121 DEBUG impl.RaftServerImpl (RaftServerImpl.java:requestVote(743)) - s2@group-DDA61F3D2864: receive requestVote(s0, group-DDA61F3D2864, 6, (t:1, i:0))
2019-09-24 16:06:14,133 INFO  impl.LeaderElection (LeaderElection.java:askForVotes(178)) - s2@group-DDA61F3D2864-LeaderElection40: begin an election at term 6 for -1: [s0:0.0.0.0:39545, s1:0.0.0.0:39945, s2:0.0.0.0:33605], old=null
2019-09-24 16:06:14,133 INFO  impl.LeaderElection (LeaderElection.java:askForVotes(178)) - s1@group-DDA61F3D2864-LeaderElection41: begin an election at term 6 for -1: [s0:0.0.0.0:39545, s1:0.0.0.0:39945, s2:0.0.0.0:33605], old=null
2019-09-24 16:06:14,133 DEBUG impl.RaftServerImpl (RaftServerImpl.java:requestVote(775)) - s2@group-DDA61F3D2864 replies to vote request: s0<-s2#0:FAIL-t6. Peer's state: s2@group-DDA61F3D2864:t6, leader=null, voted=s2, raftlog=s2@group-DDA61F3D2864-SegmentedRaftLog:OPENED:c-1,f-1,i0, conf=-1: [s0:0.0.0.0:39545, s1:0.0.0.0:39945, s2:0.0.0.0:33605], old=null
2019-09-24 16:06:14,133 DEBUG impl.RaftServerImpl (RaftServerImpl.java:requestVote(775)) - s1@group-DDA61F3D2864 replies to vote request: s0<-s1#0:FAIL-t6. Peer's state: s1@group-DDA61F3D2864:t6, leader=null, voted=s1, raftlog=s1@group-DDA61F3D2864-SegmentedRaftLog:OPENED:c-1,f-1,i0, conf=-1: [s0:0.0.0.0:39545, s1:0.0.0.0:39945, s2:0.0.0.0:33605], old=null
2019-09-24 16:06:14,134 INFO  impl.LeaderElection (LeaderElection.java:logAndReturn(56)) - s2@group-DDA61F3D2864-LeaderElection39: Election REJECTED; received 0 response(s) [] and 0 exception(s); s2@group-DDA61F3D2864:t6, leader=null, voted=s2, raftlog=s2@group-DDA61F3D2864-SegmentedRaftLog:OPENED:c-1,f-1,i0, conf=-1: [s0:0.0.0.0:39545, s1:0.0.0.0:39945, s2:0.0.0.0:33605], old=null
2019-09-24 16:06:14,134 INFO  impl.LeaderElection (LeaderElection.java:logAndReturn(56)) - s1@group-DDA61F3D2864-LeaderElection38: Election REJECTED; received 0 response(s) [] and 0 exception(s); s1@group-DDA61F3D2864:t6, leader=null, voted=s1, raftlog=s1@group-DDA61F3D2864-SegmentedRaftLog:OPENED:c-1,f-1,i0, conf=-1: [s0:0.0.0.0:39545, s1:0.0.0.0:39945, s2:0.0.0.0:33605], old=null
2019-09-24 16:06:14,136 INFO  impl.LeaderElection (LeaderElection.java:logAndReturn(56)) - s0@group-DDA61F3D2864-LeaderElection37: Election REJECTED; received 2 response(s) [s0<-s1#0:FAIL-t6, s0<-s2#0:FAIL-t6] and 0 exception(s); s0@group-DDA61F3D2864:t6, leader=null, voted=s0, raftlog=s0@group-DDA61F3D2864-SegmentedRaftLog:OPENED:c-1,f0,i0, conf=0: [s0:0.0.0.0:39545, s1:0.0.0.0:39945, s2:0.0.0.0:33605], old=null
2019-09-24 16:06:14,136 INFO  impl.RaftServerImpl (RaftServerImpl.java:setRole(170)) - s0@group-DDA61F3D2864: changes role from CANDIDATE to FOLLOWER at term 6 for DISCOVERED_A_NEW_TERM
2019-09-24 16:06:14,136 INFO  impl.RoleInfo (RoleInfo.java:shutdownLeaderElection(134)) - s0: shutdown LeaderElection
2019-09-24 16:06:14,137 INFO  impl.RoleInfo (RoleInfo.java:updateAndGet(143)) - s0: start FollowerState
2019-09-24 16:06:14,137 DEBUG impl.RaftServerImpl (RaftServerImpl.java:requestVote(743)) - s0@group-DDA61F3D2864: receive requestVote(s2, group-DDA61F3D2864, 5, (t:0, i:0))
2019-09-24 16:06:14,137 DEBUG impl.RaftServerImpl (RaftServerImpl.java:requestVote(743)) - s0@group-DDA61F3D2864: receive requestVote(s2, group-DDA61F3D2864, 6, (t:0, i:0))
2019-09-24 16:06:14,137 DEBUG impl.RaftServerImpl (RaftServerImpl.java:requestVote(775)) - s0@group-DDA61F3D2864 replies to vote request: s2<-s0#0:FAIL-t6. Peer's state: s0@group-DDA61F3D2864:t6, leader=null, voted=s0, raftlog=s0@group-DDA61F3D2864-SegmentedRaftLog:OPENED:c-1,f0,i0, conf=0: [s0:0.0.0.0:39545, s1:0.0.0.0:39945, s2:0.0.0.0:33605], old=null
2019-09-24 16:06:14,137 DEBUG impl.RaftServerImpl (RaftServerImpl.java:requestVote(743)) - s0@group-DDA61F3D2864: receive requestVote(s1, group-DDA61F3D2864, 5, (t:0, i:0))
2019-09-24 16:06:14,138 DEBUG impl.RaftServerImpl (RaftServerImpl.java:requestVote(775)) - s0@group-DDA61F3D2864 replies to vote request: s2<-s0#0:FAIL-t6. Peer's state: s0@group-DDA61F3D2864:t6, leader=null, voted=s0, raftlog=s0@group-DDA61F3D2864-SegmentedRaftLog:OPENED:c-1,f0,i0, conf=0: [s0:0.0.0.0:39545, s1:0.0.0.0:39945, s2:0.0.0.0:33605], old=null
2019-09-24 16:06:14,137 DEBUG impl.RaftServerImpl (RaftServerImpl.java:requestVote(743)) - s1@group-DDA61F3D2864: receive requestVote(s2, group-DDA61F3D2864, 5, (t:0, i:0))
2019-09-24 16:06:14,137 DEBUG impl.RaftServerImpl (RaftServerImpl.java:requestVote(743)) - s2@group-DDA61F3D2864: receive requestVote(s1, group-DDA61F3D2864, 6, (t:0, i:0))
2019-09-24 16:06:14,138 DEBUG impl.RaftServerImpl (RaftServerImpl.java:requestVote(775)) - s1@group-DDA61F3D2864 replies to vote request: s2<-s1#0:FAIL-t6. Peer's state: s1@group-DDA61F3D2864:t6, leader=null, voted=s1, raftlog=s1@group-DDA61F3D2864-SegmentedRaftLog:OPENED:c-1,f-1,i0, conf=-1: [s0:0.0.0.0:39545, s1:0.0.0.0:39945, s2:0.0.0.0:33605], old=null
2019-09-24 16:06:14,138 DEBUG impl.RaftServerImpl (RaftServerImpl.java:requestVote(775)) - s0@group-DDA61F3D2864 replies to vote request: s1<-s0#0:FAIL-t6. Peer's state: s0@group-DDA61F3D2864:t6, leader=null, voted=s0, raftlog=s0@group-DDA61F3D2864-SegmentedRaftLog:OPENED:c-1,f0,i0, conf=0: [s0:0.0.0.0:39545, s1:0.0.0.0:39945, s2:0.0.0.0:33605], old=null
2019-09-24 16:06:14,138 DEBUG impl.RaftServerImpl (RaftServerImpl.java:requestVote(743)) - s0@group-DDA61F3D2864: receive requestVote(s1, group-DDA61F3D2864, 6, (t:0, i:0))
2019-09-24 16:06:14,138 DEBUG impl.RaftServerImpl (RaftServerImpl.java:requestVote(743)) - s2@group-DDA61F3D2864: receive requestVote(s1, group-DDA61F3D2864, 5, (t:0, i:0))
2019-09-24 16:06:14,138 DEBUG impl.RaftServerImpl (RaftServerImpl.java:requestVote(743)) - s1@group-DDA61F3D2864: receive requestVote(s2, group-DDA61F3D2864, 6, (t:0, i:0))
2019-09-24 16:06:14,138 DEBUG impl.RaftServerImpl (RaftServerImpl.java:requestVote(775)) - s0@group-DDA61F3D2864 replies to vote request: s1<-s0#0:FAIL-t6. Peer's state: s0@group-DDA61F3D2864:t6, leader=null, voted=s0, raftlog=s0@group-DDA61F3D2864-SegmentedRaftLog:OPENED:c-1,f0,i0, conf=0: [s0:0.0.0.0:39545, s1:0.0.0.0:39945, s2:0.0.0.0:33605], old=null
2019-09-24 16:06:14,138 DEBUG impl.RaftServerImpl (RaftServerImpl.java:requestVote(775)) - s2@group-DDA61F3D2864 replies to vote request: s1<-s2#0:FAIL-t6. Peer's state: s2@group-DDA61F3D2864:t6, leader=null, voted=s2, raftlog=s2@group-DDA61F3D2864-SegmentedRaftLog:OPENED:c-1,f-1,i0, conf=-1: [s0:0.0.0.0:39545, s1:0.0.0.0:39945, s2:0.0.0.0:33605], old=null
2019-09-24 16:06:14,139 DEBUG impl.RaftServerImpl (RaftServerImpl.java:requestVote(775)) - s1@group-DDA61F3D2864 replies to vote request: s2<-s1#0:FAIL-t6. Peer's state: s1@group-DDA61F3D2864:t6, leader=null, voted=s1, raftlog=s1@group-DDA61F3D2864-SegmentedRaftLog:OPENED:c-1,f-1,i0, conf=-1: [s0:0.0.0.0:39545, s1:0.0.0.0:39945, s2:0.0.0.0:33605], old=null
2019-09-24 16:06:14,139 DEBUG impl.RaftServerImpl (RaftServerImpl.java:requestVote(775)) - s2@group-DDA61F3D2864 replies to vote request: s1<-s2#0:FAIL-t6. Peer's state: s2@group-DDA61F3D2864:t6, leader=null, voted=s2, raftlog=s2@group-DDA61F3D2864-SegmentedRaftLog:OPENED:c-1,f-1,i0, conf=-1: [s0:0.0.0.0:39545, s1:0.0.0.0:39945, s2:0.0.0.0:33605], old=null
2019-09-24 16:06:14,140 INFO  impl.LeaderElection (LeaderElection.java:logAndReturn(56)) - s1@group-DDA61F3D2864-LeaderElection41: Election REJECTED; received 2 response(s) [s1<-s0#0:FAIL-t6, s1<-s2#0:FAIL-t6] and 0 exception(s); s1@group-DDA61F3D2864:t6, leader=null, voted=s1, raftlog=s1@group-DDA61F3D2864-SegmentedRaftLog:OPENED:c-1,f-1,i0, conf=-1: [s0:0.0.0.0:39545, s1:0.0.0.0:39945, s2:0.0.0.0:33605], old=null
2019-09-24 16:06:14,140 INFO  impl.RaftServerImpl (RaftServerImpl.java:setRole(170)) - s1@group-DDA61F3D2864: changes role from CANDIDATE to FOLLOWER at term 6 for DISCOVERED_A_NEW_TERM
2019-09-24 16:06:14,140 INFO  impl.LeaderElection (LeaderElection.java:logAndReturn(56)) - s2@group-DDA61F3D2864-LeaderElection40: Election REJECTED; received 2 response(s) [s2<-s0#0:FAIL-t6, s2<-s1#0:FAIL-t6] and 0 exception(s); s2@group-DDA61F3D2864:t6, leader=null, voted=s2, raftlog=s2@group-DDA61F3D2864-SegmentedRaftLog:OPENED:c-1,f-1,i0, conf=-1: [s0:0.0.0.0:39545, s1:0.0.0.0:39945, s2:0.0.0.0:33605], old=null
2019-09-24 16:06:14,140 INFO  impl.RoleInfo (RoleInfo.java:shutdownLeaderElection(134)) - s1: shutdown LeaderElection
2019-09-24 16:06:14,140 INFO  impl.RaftServerImpl (RaftServerImpl.java:setRole(170)) - s2@group-DDA61F3D2864: changes role from CANDIDATE to FOLLOWER at term 6 for DISCOVERED_A_NEW_TERM
2019-09-24 16:06:14,140 INFO  impl.RoleInfo (RoleInfo.java:updateAndGet(143)) - s1: start FollowerState
2019-09-24 16:06:14,140 INFO  impl.RoleInfo (RoleInfo.java:shutdownLeaderElection(134)) - s2: shutdown LeaderElection
2019-09-24 16:06:14,141 INFO  impl.RoleInfo (RoleInfo.java:updateAndGet(143)) - s2: start FollowerState
2019-09-24 16:06:14,268 WARN  ratis.RaftTestUtil (JavaUtils.java:attempt(158)) - FAILED "waitForLeader-null-(expectLeader? true)", attempt #48/100: java.lang.IllegalStateException: No leader yet : printing ALL groups
  s0:  RUNNING  FOLLOWER s0@group-DDA61F3D2864:t6, leader=null, voted=s0, raftlog=s0@group-DDA61F3D2864-SegmentedRaftLog:OPENED:c-1,f0,i0, conf=0: [s0:0.0.0.0:39545, s1:0.0.0.0:39945, s2:0.0.0.0:33605], old=null RUNNING
  s1:  RUNNING  FOLLOWER s1@group-DDA61F3D2864:t6, leader=null, voted=s1, raftlog=s1@group-DDA61F3D2864-SegmentedRaftLog:OPENED:c-1,f-1,i0, conf=-1: [s0:0.0.0.0:39545, s1:0.0.0.0:39945, s2:0.0.0.0:33605], old=null RUNNING
  s2:  RUNNING  FOLLOWER s2@group-DDA61F3D2864:t6, leader=null, voted=s2, raftlog=s2@group-DDA61F3D2864-SegmentedRaftLog:OPENED:c-1,f-1,i0, conf=-1: [s0:0.0.0.0:39545, s1:0.0.0.0:39945, s2:0.0.0.0:33605], old=null RUNNING, sleep 450ms and then retry.
java.lang.IllegalStateException: No leader yet : printing ALL groups
  s0:  RUNNING  FOLLOWER s0@group-DDA61F3D2864:t6, leader=null, voted=s0, raftlog=s0@group-DDA61F3D2864-SegmentedRaftLog:OPENED:c-1,f0,i0, conf=0: [s0:0.0.0.0:39545, s1:0.0.0.0:39945, s2:0.0.0.0:33605], old=null RUNNING
  s1:  RUNNING  FOLLOWER s1@group-DDA61F3D2864:t6, leader=null, voted=s1, raftlog=s1@group-DDA61F3D2864-SegmentedRaftLog:OPENED:c-1,f-1,i0, conf=-1: [s0:0.0.0.0:39545, s1:0.0.0.0:39945, s2:0.0.0.0:33605], old=null RUNNING
  s2:  RUNNING  FOLLOWER s2@group-DDA61F3D2864:t6, leader=null, voted=s2, raftlog=s2@group-DDA61F3D2864-SegmentedRaftLog:OPENED:c-1,f-1,i0, conf=-1: [s0:0.0.0.0:39545, s1:0.0.0.0:39945, s2:0.0.0.0:33605], old=null RUNNING
	at org.apache.ratis.MiniRaftCluster.newIllegalStateExceptionForNoLeaders(MiniRaftCluster.java:506)
	at org.apache.ratis.RaftTestUtil.lambda$waitForLeader$1(RaftTestUtil.java:90)
	at org.apache.ratis.MiniRaftCluster.getLeader(MiniRaftCluster.java:539)
	at org.apache.ratis.MiniRaftCluster.getLeader(MiniRaftCluster.java:532)
	at org.apache.ratis.RaftTestUtil.lambda$waitForLeader$3(RaftTestUtil.java:98)
	at org.apache.ratis.util.JavaUtils.attempt(JavaUtils.java:152)
	at org.apache.ratis.RaftTestUtil.waitForLeader(RaftTestUtil.java:97)
	at org.apache.ratis.RaftTestUtil.waitForLeader(RaftTestUtil.java:77)
	at org.apache.ratis.RaftTestUtil.waitForLeader(RaftTestUtil.java:72)
	at org.apache.ratis.server.impl.LeaderElectionTests.testChangeLeader(LeaderElectionTests.java:79)
	at sun.reflect.NativeMethodAccessorImpl.invoke0(Native Method)
	at sun.reflect.NativeMethodAccessorImpl.invoke(NativeMethodAccessorImpl.java:62)
	at sun.reflect.DelegatingMethodAccessorImpl.invoke(DelegatingMethodAccessorImpl.java:43)
	at java.lang.reflect.Method.invoke(Method.java:498)
	at org.junit.runners.model.FrameworkMethod$1.runReflectiveCall(FrameworkMethod.java:50)
	at org.junit.internal.runners.model.ReflectiveCallable.run(ReflectiveCallable.java:12)
	at org.junit.runners.model.FrameworkMethod.invokeExplosively(FrameworkMethod.java:47)
	at org.junit.internal.runners.statements.InvokeMethod.evaluate(InvokeMethod.java:17)
	at org.junit.internal.runners.statements.RunAfters.evaluate(RunAfters.java:27)
	at org.junit.internal.runners.statements.FailOnTimeout$CallableStatement.call(FailOnTimeout.java:298)
	at org.junit.internal.runners.statements.FailOnTimeout$CallableStatement.call(FailOnTimeout.java:292)
	at java.util.concurrent.FutureTask.run(FutureTask.java:266)
	at java.lang.Thread.run(Thread.java:748)
2019-09-24 16:06:14,289 INFO  impl.FollowerState (FollowerState.java:run(108)) - s0@group-DDA61F3D2864-FollowerState: change to CANDIDATE, lastRpcTime:152ms, electionTimeout:152ms
2019-09-24 16:06:14,290 INFO  impl.RoleInfo (RoleInfo.java:shutdownFollowerState(121)) - s0: shutdown FollowerState
2019-09-24 16:06:14,290 INFO  impl.RaftServerImpl (RaftServerImpl.java:setRole(170)) - s0@group-DDA61F3D2864: changes role from  FOLLOWER to CANDIDATE at term 6 for changeToCandidate
2019-09-24 16:06:14,290 INFO  impl.RoleInfo (RoleInfo.java:updateAndGet(143)) - s0: start LeaderElection
2019-09-24 16:06:14,303 INFO  impl.LeaderElection (LeaderElection.java:askForVotes(178)) - s0@group-DDA61F3D2864-LeaderElection42: begin an election at term 7 for 0: [s0:0.0.0.0:39545, s1:0.0.0.0:39945, s2:0.0.0.0:33605], old=null
2019-09-24 16:06:14,306 DEBUG impl.RaftServerImpl (RaftServerImpl.java:requestVote(743)) - s1@group-DDA61F3D2864: receive requestVote(s0, group-DDA61F3D2864, 7, (t:1, i:0))
2019-09-24 16:06:14,306 DEBUG impl.RaftServerImpl (RaftServerImpl.java:requestVote(743)) - s2@group-DDA61F3D2864: receive requestVote(s0, group-DDA61F3D2864, 7, (t:1, i:0))
2019-09-24 16:06:14,306 INFO  impl.RaftServerImpl (RaftServerImpl.java:setRole(170)) - s1@group-DDA61F3D2864: changes role from  FOLLOWER to FOLLOWER at term 7 for recognizeCandidate:s0
2019-09-24 16:06:14,306 INFO  impl.RaftServerImpl (RaftServerImpl.java:setRole(170)) - s2@group-DDA61F3D2864: changes role from  FOLLOWER to FOLLOWER at term 7 for recognizeCandidate:s0
2019-09-24 16:06:14,306 INFO  impl.RoleInfo (RoleInfo.java:shutdownFollowerState(121)) - s1: shutdown FollowerState
2019-09-24 16:06:14,306 INFO  impl.RoleInfo (RoleInfo.java:shutdownFollowerState(121)) - s2: shutdown FollowerState
2019-09-24 16:06:14,307 INFO  impl.FollowerState (FollowerState.java:run(117)) - s1@group-DDA61F3D2864-FollowerState was interrupted: java.lang.InterruptedException: sleep interrupted
2019-09-24 16:06:14,307 INFO  impl.FollowerState (FollowerState.java:run(117)) - s2@group-DDA61F3D2864-FollowerState was interrupted: java.lang.InterruptedException: sleep interrupted
2019-09-24 16:06:14,307 INFO  impl.RoleInfo (RoleInfo.java:updateAndGet(143)) - s1: start FollowerState
2019-09-24 16:06:14,307 INFO  impl.RoleInfo (RoleInfo.java:updateAndGet(143)) - s2: start FollowerState
2019-09-24 16:06:14,321 DEBUG impl.RaftServerImpl (RaftServerImpl.java:requestVote(775)) - s2@group-DDA61F3D2864 replies to vote request: s0<-s2#0:OK-t7. Peer's state: s2@group-DDA61F3D2864:t7, leader=null, voted=s0, raftlog=s2@group-DDA61F3D2864-SegmentedRaftLog:OPENED:c-1,f-1,i0, conf=-1: [s0:0.0.0.0:39545, s1:0.0.0.0:39945, s2:0.0.0.0:33605], old=null
2019-09-24 16:06:14,321 DEBUG impl.RaftServerImpl (RaftServerImpl.java:requestVote(775)) - s1@group-DDA61F3D2864 replies to vote request: s0<-s1#0:OK-t7. Peer's state: s1@group-DDA61F3D2864:t7, leader=null, voted=s0, raftlog=s1@group-DDA61F3D2864-SegmentedRaftLog:OPENED:c-1,f-1,i0, conf=-1: [s0:0.0.0.0:39545, s1:0.0.0.0:39945, s2:0.0.0.0:33605], old=null
2019-09-24 16:06:14,322 INFO  impl.LeaderElection (LeaderElection.java:logAndReturn(56)) - s0@group-DDA61F3D2864-LeaderElection42: Election PASSED; received 1 response(s) [s0<-s2#0:OK-t7] and 0 exception(s); s0@group-DDA61F3D2864:t7, leader=null, voted=s0, raftlog=s0@group-DDA61F3D2864-SegmentedRaftLog:OPENED:c-1,f0,i0, conf=0: [s0:0.0.0.0:39545, s1:0.0.0.0:39945, s2:0.0.0.0:33605], old=null
2019-09-24 16:06:14,322 INFO  impl.RoleInfo (RoleInfo.java:shutdownLeaderElection(134)) - s0: shutdown LeaderElection
2019-09-24 16:06:14,322 INFO  impl.RaftServerImpl (RaftServerImpl.java:setRole(170)) - s0@group-DDA61F3D2864: changes role from CANDIDATE to LEADER at term 7 for changeToLeader
2019-09-24 16:06:14,323 INFO  impl.RaftServerImpl (ServerState.java:setLeader(254)) - s0@group-DDA61F3D2864: change Leader from null to s0 at term 7 for becomeLeader, leader elected after 21077ms
2019-09-24 16:06:14,323 INFO  server.RaftServerConfigKeys (ConfUtils.java:logGet(43)) - raft.server.staging.catchup.gap = 1000 (default)
2019-09-24 16:06:14,323 INFO  server.RaftServerConfigKeys (ConfUtils.java:logGet(43)) - raft.server.rpc.sleep.time = 25ms (default)
2019-09-24 16:06:14,323 INFO  server.RaftServerConfigKeys (ConfUtils.java:logGet(43)) - raft.server.write.element-limit = 4096 (default)
2019-09-24 16:06:14,323 INFO  server.RaftServerConfigKeys (ConfUtils.java:logGet(43)) - raft.server.watch.timeout = 10s (default)
2019-09-24 16:06:14,324 INFO  server.RaftServerConfigKeys (ConfUtils.java:logGet(43)) - raft.server.watch.timeout.denomination = 1s (default)
2019-09-24 16:06:14,324 INFO  server.RaftServerConfigKeys (ConfUtils.java:logGet(43)) - raft.server.watch.element-limit = 65536 (default)
2019-09-24 16:06:14,324 INFO  server.RaftServerConfigKeys (ConfUtils.java:logGet(43)) - raft.server.log.appender.snapshot.chunk.size.max = 16MB (=16777216) (default)
2019-09-24 16:06:14,324 INFO  server.RaftServerConfigKeys (ConfUtils.java:logGet(43)) - raft.server.log.appender.buffer.byte-limit = 4MB (=4194304) (default)
2019-09-24 16:06:14,324 INFO  server.RaftServerConfigKeys (ConfUtils.java:logGet(43)) - raft.server.log.appender.buffer.element-limit = 0 (default)
2019-09-24 16:06:14,325 INFO  grpc.GrpcConfigKeys$Server (ConfUtils.java:logGet(43)) - raft.grpc.server.leader.outstanding.appends.max = 128 (default)
2019-09-24 16:06:14,325 INFO  server.RaftServerConfigKeys (ConfUtils.java:logGet(43)) - raft.server.rpc.request.timeout = 3000ms (default)
2019-09-24 16:06:14,325 INFO  server.RaftServerConfigKeys (ConfUtils.java:logGet(43)) - raft.server.log.appender.install.snapshot.enabled = true (default)
2019-09-24 16:06:14,325 INFO  server.RaftServerConfigKeys (ConfUtils.java:logGet(43)) - raft.server.log.appender.snapshot.chunk.size.max = 16MB (=16777216) (default)
2019-09-24 16:06:14,325 INFO  server.RaftServerConfigKeys (ConfUtils.java:logGet(43)) - raft.server.log.appender.buffer.byte-limit = 4MB (=4194304) (default)
2019-09-24 16:06:14,325 INFO  server.RaftServerConfigKeys (ConfUtils.java:logGet(43)) - raft.server.log.appender.buffer.element-limit = 0 (default)
2019-09-24 16:06:14,326 INFO  grpc.GrpcConfigKeys$Server (ConfUtils.java:logGet(43)) - raft.grpc.server.leader.outstanding.appends.max = 128 (default)
2019-09-24 16:06:14,326 INFO  server.RaftServerConfigKeys (ConfUtils.java:logGet(43)) - raft.server.rpc.request.timeout = 3000ms (default)
2019-09-24 16:06:14,326 INFO  server.RaftServerConfigKeys (ConfUtils.java:logGet(43)) - raft.server.log.appender.install.snapshot.enabled = true (default)
2019-09-24 16:06:14,326 INFO  impl.RoleInfo (RoleInfo.java:updateAndGet(143)) - s0: start LeaderState
2019-09-24 16:06:14,327 INFO  segmented.SegmentedRaftLogWorker (SegmentedRaftLogWorker.java:rollLogSegment(385)) - s0@group-DDA61F3D2864-SegmentedRaftLogWorker: Rolling segment log-0_0 to index:0
2019-09-24 16:06:14,327 DEBUG segmented.SegmentedRaftLogWorker (SegmentedRaftLogWorker.java:addIOTask(251)) - s0@group-DDA61F3D2864-SegmentedRaftLogWorker adds IO task FinalizeLogSegment:0: startIndex=0 endIndex=0
2019-09-24 16:06:14,327 DEBUG segmented.SegmentedRaftLogWorker (SegmentedRaftLogWorker.java:addIOTask(251)) - s0@group-DDA61F3D2864-SegmentedRaftLogWorker adds IO task StartLogSegment:1
2019-09-24 16:06:14,327 DEBUG segmented.SegmentedRaftLogWorker (SegmentedRaftLogWorker.java:addIOTask(251)) - s0@group-DDA61F3D2864-SegmentedRaftLogWorker adds IO task WriteLog:1: (t:7, i:1), CONFIGURATIONENTRY
2019-09-24 16:06:14,328 INFO  impl.RaftServerImpl (ServerState.java:setRaftConf(355)) - s0@group-DDA61F3D2864: set configuration 1: [s0:0.0.0.0:39545, s1:0.0.0.0:39945, s2:0.0.0.0:33605], old=null at 1
2019-09-24 16:06:14,329 TRACE util.FileUtils (LogUtils.java:runAndLog(61)) - Successfully ran Files.move /workdir/ratis-test/target/test/data/5d072dae/MiniRaftClusterWithGrpc6d1829e8/s0/43243cff-a026-4d00-9327-dda61f3d2864/current/log_inprogress_0 to /workdir/ratis-test/target/test/data/5d072dae/MiniRaftClusterWithGrpc6d1829e8/s0/43243cff-a026-4d00-9327-dda61f3d2864/current/log_0-0
2019-09-24 16:06:14,329 INFO  segmented.SegmentedRaftLogWorker (SegmentedRaftLogWorker.java:execute(526)) - s0@group-DDA61F3D2864-SegmentedRaftLogWorker: Rolled log segment from /workdir/ratis-test/target/test/data/5d072dae/MiniRaftClusterWithGrpc6d1829e8/s0/43243cff-a026-4d00-9327-dda61f3d2864/current/log_inprogress_0 to /workdir/ratis-test/target/test/data/5d072dae/MiniRaftClusterWithGrpc6d1829e8/s0/43243cff-a026-4d00-9327-dda61f3d2864/current/log_0-0
2019-09-24 16:06:14,329 TRACE segmented.SegmentedRaftLogWorker (SegmentedRaftLogWorker.java:lambda$new$1(133)) - s0@group-DDA61F3D2864-SegmentedRaftLogWorker: flushIndex: updateIncreasingly 0 -> 0
2019-09-24 16:06:14,330 INFO  impl.RaftServerImpl (ServerState.java:setLeader(254)) - s2@group-DDA61F3D2864: change Leader from null to s0 at term 7 for appendEntries, leader elected after 21078ms
2019-09-24 16:06:14,330 INFO  impl.RaftServerImpl (ServerState.java:setLeader(254)) - s1@group-DDA61F3D2864: change Leader from null to s0 at term 7 for appendEntries, leader elected after 21325ms
2019-09-24 16:06:14,330 INFO  impl.RaftServerImpl (RaftServerImpl.java:checkInconsistentAppendEntries(999)) - s2@group-DDA61F3D2864: Failed appendEntries as previous log entry ((t:1, i:0)) is not found
2019-09-24 16:06:14,330 INFO  impl.RaftServerImpl (RaftServerImpl.java:checkInconsistentAppendEntries(999)) - s1@group-DDA61F3D2864: Failed appendEntries as previous log entry ((t:1, i:0)) is not found
2019-09-24 16:06:14,330 INFO  impl.RaftServerImpl (RaftServerImpl.java:checkInconsistentAppendEntries(972)) - s2@group-DDA61F3D2864: inconsistency entries. Reply:s0<-s2#0:FAIL,INCONSISTENCY,nextIndex:0,term:7,followerCommit:-1
2019-09-24 16:06:14,330 INFO  impl.RaftServerImpl (RaftServerImpl.java:checkInconsistentAppendEntries(972)) - s1@group-DDA61F3D2864: inconsistency entries. Reply:s0<-s1#0:FAIL,INCONSISTENCY,nextIndex:0,term:7,followerCommit:-1
2019-09-24 16:06:14,333 INFO  impl.FollowerInfo (FollowerInfo.java:lambda$new$0(51)) - s0@group-DDA61F3D2864->s2: nextIndex: updateUnconditionally 1 -> 0
2019-09-24 16:06:14,333 INFO  impl.FollowerInfo (FollowerInfo.java:lambda$new$0(51)) - s0@group-DDA61F3D2864->s1: nextIndex: updateUnconditionally 1 -> 0
2019-09-24 16:06:14,334 DEBUG impl.RaftServerImpl (RaftServerImpl.java:logAppendEntries(850)) - s1@group-DDA61F3D2864: receive appendEntries(s0, 7, null, -1, false, commits[s0:c-1, s1:c-1, s2:c-1], entries: [(t:1, i:0), CONFIGURATIONENTRY, (t:7, i:1), CONFIGURATIONENTRY]
2019-09-24 16:06:14,334 DEBUG impl.RaftServerImpl (RaftServerImpl.java:logAppendEntries(850)) - s2@group-DDA61F3D2864: receive appendEntries(s0, 7, null, -1, false, commits[s0:c-1, s1:c-1, s2:c-1], entries: [(t:1, i:0), CONFIGURATIONENTRY, (t:7, i:1), CONFIGURATIONENTRY]
2019-09-24 16:06:14,335 INFO  impl.RaftServerImpl (ServerState.java:setRaftConf(355)) - s1@group-DDA61F3D2864: set configuration 0: [s0:0.0.0.0:39545, s1:0.0.0.0:39945, s2:0.0.0.0:33605], old=null at 0
2019-09-24 16:06:14,335 INFO  impl.RaftServerImpl (ServerState.java:setRaftConf(355)) - s2@group-DDA61F3D2864: set configuration 0: [s0:0.0.0.0:39545, s1:0.0.0.0:39945, s2:0.0.0.0:33605], old=null at 0
2019-09-24 16:06:14,335 INFO  impl.RaftServerImpl (ServerState.java:setRaftConf(355)) - s1@group-DDA61F3D2864: set configuration 1: [s0:0.0.0.0:39545, s1:0.0.0.0:39945, s2:0.0.0.0:33605], old=null at 1
2019-09-24 16:06:14,335 INFO  impl.RaftServerImpl (ServerState.java:setRaftConf(355)) - s2@group-DDA61F3D2864: set configuration 1: [s0:0.0.0.0:39545, s1:0.0.0.0:39945, s2:0.0.0.0:33605], old=null at 1
2019-09-24 16:06:14,335 INFO  segmented.SegmentedRaftLogWorker (SegmentedRaftLogWorker.java:startLogSegment(380)) - s1@group-DDA61F3D2864-SegmentedRaftLogWorker: Starting segment from index:0
2019-09-24 16:06:14,335 INFO  segmented.SegmentedRaftLogWorker (SegmentedRaftLogWorker.java:startLogSegment(380)) - s2@group-DDA61F3D2864-SegmentedRaftLogWorker: Starting segment from index:0
2019-09-24 16:06:14,336 DEBUG segmented.SegmentedRaftLogWorker (SegmentedRaftLogWorker.java:addIOTask(251)) - s1@group-DDA61F3D2864-SegmentedRaftLogWorker adds IO task StartLogSegment:0
2019-09-24 16:06:14,336 DEBUG segmented.SegmentedRaftLogWorker (SegmentedRaftLogWorker.java:addIOTask(251)) - s2@group-DDA61F3D2864-SegmentedRaftLogWorker adds IO task StartLogSegment:0
2019-09-24 16:06:14,336 DEBUG segmented.SegmentedRaftLogWorker (SegmentedRaftLogWorker.java:addIOTask(251)) - s1@group-DDA61F3D2864-SegmentedRaftLogWorker adds IO task WriteLog:0: (t:1, i:0), CONFIGURATIONENTRY
2019-09-24 16:06:14,336 DEBUG segmented.SegmentedRaftLogWorker (SegmentedRaftLogWorker.java:addIOTask(251)) - s2@group-DDA61F3D2864-SegmentedRaftLogWorker adds IO task WriteLog:0: (t:1, i:0), CONFIGURATIONENTRY
2019-09-24 16:06:14,336 INFO  segmented.SegmentedRaftLogWorker (SegmentedRaftLogWorker.java:rollLogSegment(385)) - s1@group-DDA61F3D2864-SegmentedRaftLogWorker: Rolling segment log-0_0 to index:0
2019-09-24 16:06:14,337 INFO  segmented.SegmentedRaftLogWorker (SegmentedRaftLogWorker.java:rollLogSegment(385)) - s2@group-DDA61F3D2864-SegmentedRaftLogWorker: Rolling segment log-0_0 to index:0
2019-09-24 16:06:14,337 DEBUG segmented.SegmentedRaftLogWorker (SegmentedRaftLogWorker.java:addIOTask(251)) - s1@group-DDA61F3D2864-SegmentedRaftLogWorker adds IO task FinalizeLogSegment:0: startIndex=0 endIndex=0
2019-09-24 16:06:14,337 DEBUG segmented.SegmentedRaftLogWorker (SegmentedRaftLogWorker.java:addIOTask(251)) - s2@group-DDA61F3D2864-SegmentedRaftLogWorker adds IO task FinalizeLogSegment:0: startIndex=0 endIndex=0
2019-09-24 16:06:14,337 DEBUG segmented.SegmentedRaftLogWorker (SegmentedRaftLogWorker.java:addIOTask(251)) - s1@group-DDA61F3D2864-SegmentedRaftLogWorker adds IO task StartLogSegment:1
2019-09-24 16:06:14,337 DEBUG segmented.SegmentedRaftLogWorker (SegmentedRaftLogWorker.java:addIOTask(251)) - s2@group-DDA61F3D2864-SegmentedRaftLogWorker adds IO task StartLogSegment:1
2019-09-24 16:06:14,337 DEBUG segmented.SegmentedRaftLogWorker (SegmentedRaftLogWorker.java:addIOTask(251)) - s1@group-DDA61F3D2864-SegmentedRaftLogWorker adds IO task WriteLog:1: (t:7, i:1), CONFIGURATIONENTRY
2019-09-24 16:06:14,338 DEBUG segmented.SegmentedRaftLogWorker (SegmentedRaftLogWorker.java:addIOTask(251)) - s2@group-DDA61F3D2864-SegmentedRaftLogWorker adds IO task WriteLog:1: (t:7, i:1), CONFIGURATIONENTRY
2019-09-24 16:06:14,719 INFO  ratis.RaftTestUtil (RaftTestUtil.java:waitForLeader(101)) - printing ALL groups
  s0:  RUNNING    LEADER s0@group-DDA61F3D2864:t7, leader=s0, voted=s0, raftlog=s0@group-DDA61F3D2864-SegmentedRaftLog:OPENED:c-1,f0,i1, conf=1: [s0:0.0.0.0:39545, s1:0.0.0.0:39945, s2:0.0.0.0:33605], old=null RUNNING
  s1:  RUNNING  FOLLOWER s1@group-DDA61F3D2864:t7, leader=s0, voted=s0, raftlog=s1@group-DDA61F3D2864-SegmentedRaftLog:OPENED:c-1,f-1,i1, conf=1: [s0:0.0.0.0:39545, s1:0.0.0.0:39945, s2:0.0.0.0:33605], old=null RUNNING
  s2:  RUNNING  FOLLOWER s2@group-DDA61F3D2864:t7, leader=s0, voted=s0, raftlog=s2@group-DDA61F3D2864-SegmentedRaftLog:OPENED:c-1,f-1,i1, conf=1: [s0:0.0.0.0:39545, s1:0.0.0.0:39945, s2:0.0.0.0:33605], old=null RUNNING
2019-09-24 16:06:14,721 INFO  util.CodeInjectionForTesting (BlockRequestHandlingInjection.java:blockRequestor(48)) - Block requestor s0
2019-09-24 16:06:14,722 INFO  server.RaftServerConfigKeys (ConfUtils.java:logGet(43)) - raft.server.rpc.timeout.max = 300ms (default)
2019-09-24 16:06:14,722 INFO  ratis.RaftTestUtil (RaftTestUtil.java:waitForLeader(86)) - printing ALL groups
  s0:  RUNNING    LEADER s0@group-DDA61F3D2864:t7, leader=s0, voted=s0, raftlog=s0@group-DDA61F3D2864-SegmentedRaftLog:OPENED:c-1,f0,i1, conf=1: [s0:0.0.0.0:39545, s1:0.0.0.0:39945, s2:0.0.0.0:33605], old=null RUNNING
  s1:  RUNNING  FOLLOWER s1@group-DDA61F3D2864:t7, leader=s0, voted=s0, raftlog=s1@group-DDA61F3D2864-SegmentedRaftLog:OPENED:c-1,f-1,i1, conf=1: [s0:0.0.0.0:39545, s1:0.0.0.0:39945, s2:0.0.0.0:33605], old=null RUNNING
  s2:  RUNNING  FOLLOWER s2@group-DDA61F3D2864:t7, leader=s0, voted=s0, raftlog=s2@group-DDA61F3D2864-SegmentedRaftLog:OPENED:c-1,f-1,i1, conf=1: [s0:0.0.0.0:39545, s1:0.0.0.0:39945, s2:0.0.0.0:33605], old=null RUNNING
2019-09-24 16:06:14,723 INFO  ratis.RaftTestUtil (RaftTestUtil.java:waitForLeader(101)) - printing ALL groups
  s0:  RUNNING    LEADER s0@group-DDA61F3D2864:t7, leader=s0, voted=s0, raftlog=s0@group-DDA61F3D2864-SegmentedRaftLog:OPENED:c-1,f0,i1, conf=1: [s0:0.0.0.0:39545, s1:0.0.0.0:39945, s2:0.0.0.0:33605], old=null RUNNING
  s1:  RUNNING  FOLLOWER s1@group-DDA61F3D2864:t7, leader=s0, voted=s0, raftlog=s1@group-DDA61F3D2864-SegmentedRaftLog:OPENED:c-1,f-1,i1, conf=1: [s0:0.0.0.0:39545, s1:0.0.0.0:39945, s2:0.0.0.0:33605], old=null RUNNING
  s2:  RUNNING  FOLLOWER s2@group-DDA61F3D2864:t7, leader=s0, voted=s0, raftlog=s2@group-DDA61F3D2864-SegmentedRaftLog:OPENED:c-1,f-1,i1, conf=1: [s0:0.0.0.0:39545, s1:0.0.0.0:39945, s2:0.0.0.0:33605], old=null RUNNING
2019-09-24 16:06:14,723 WARN  ratis.RaftTestUtil (JavaUtils.java:attempt(158)) - FAILED "testChangeLeader-changeLeader", attempt #1/20: java.lang.IllegalStateException: Failed to change leader: newLeader == oldLeader == s0, sleep 100ms and then retry.
java.lang.IllegalStateException: Failed to change leader: newLeader == oldLeader == s0
	at org.apache.ratis.RaftTestUtil.lambda$changeLeader$7(RaftTestUtil.java:365)
	at org.apache.ratis.util.JavaUtils.attempt(JavaUtils.java:152)
	at org.apache.ratis.RaftTestUtil.changeLeader(RaftTestUtil.java:362)
	at org.apache.ratis.server.impl.LeaderElectionTests.testChangeLeader(LeaderElectionTests.java:81)
	at sun.reflect.NativeMethodAccessorImpl.invoke0(Native Method)
	at sun.reflect.NativeMethodAccessorImpl.invoke(NativeMethodAccessorImpl.java:62)
	at sun.reflect.DelegatingMethodAccessorImpl.invoke(DelegatingMethodAccessorImpl.java:43)
	at java.lang.reflect.Method.invoke(Method.java:498)
	at org.junit.runners.model.FrameworkMethod$1.runReflectiveCall(FrameworkMethod.java:50)
	at org.junit.internal.runners.model.ReflectiveCallable.run(ReflectiveCallable.java:12)
	at org.junit.runners.model.FrameworkMethod.invokeExplosively(FrameworkMethod.java:47)
	at org.junit.internal.runners.statements.InvokeMethod.evaluate(InvokeMethod.java:17)
	at org.junit.internal.runners.statements.RunAfters.evaluate(RunAfters.java:27)
	at org.junit.internal.runners.statements.FailOnTimeout$CallableStatement.call(FailOnTimeout.java:298)
	at org.junit.internal.runners.statements.FailOnTimeout$CallableStatement.call(FailOnTimeout.java:292)
	at java.util.concurrent.FutureTask.run(FutureTask.java:266)
	at java.lang.Thread.run(Thread.java:748)
2019-09-24 16:06:14,754 INFO  util.CodeInjectionForTesting (BlockRequestHandlingInjection.java:execute(76)) - s2: Block request from s0
2019-09-24 16:06:14,754 INFO  util.CodeInjectionForTesting (BlockRequestHandlingInjection.java:execute(76)) - s1: Block request from s0
2019-09-24 16:06:14,785 INFO  util.CodeInjectionForTesting (BlockRequestHandlingInjection.java:execute(76)) - s2: Block request from s0
2019-09-24 16:06:14,785 INFO  util.CodeInjectionForTesting (BlockRequestHandlingInjection.java:execute(76)) - s1: Block request from s0
2019-09-24 16:06:14,824 INFO  server.RaftServerConfigKeys (ConfUtils.java:logGet(43)) - raft.server.rpc.timeout.max = 300ms (default)
2019-09-24 16:06:14,824 INFO  ratis.RaftTestUtil (RaftTestUtil.java:waitForLeader(86)) - printing ALL groups
  s0:  RUNNING    LEADER s0@group-DDA61F3D2864:t7, leader=s0, voted=s0, raftlog=s0@group-DDA61F3D2864-SegmentedRaftLog:OPENED:c-1,f0,i1, conf=1: [s0:0.0.0.0:39545, s1:0.0.0.0:39945, s2:0.0.0.0:33605], old=null RUNNING
  s1:  RUNNING  FOLLOWER s1@group-DDA61F3D2864:t7, leader=s0, voted=s0, raftlog=s1@group-DDA61F3D2864-SegmentedRaftLog:OPENED:c-1,f-1,i1, conf=1: [s0:0.0.0.0:39545, s1:0.0.0.0:39945, s2:0.0.0.0:33605], old=null RUNNING
  s2:  RUNNING  FOLLOWER s2@group-DDA61F3D2864:t7, leader=s0, voted=s0, raftlog=s2@group-DDA61F3D2864-SegmentedRaftLog:OPENED:c-1,f-1,i1, conf=1: [s0:0.0.0.0:39545, s1:0.0.0.0:39945, s2:0.0.0.0:33605], old=null RUNNING
2019-09-24 16:06:14,825 INFO  ratis.RaftTestUtil (RaftTestUtil.java:waitForLeader(101)) - printing ALL groups
  s0:  RUNNING    LEADER s0@group-DDA61F3D2864:t7, leader=s0, voted=s0, raftlog=s0@group-DDA61F3D2864-SegmentedRaftLog:OPENED:c-1,f0,i1, conf=1: [s0:0.0.0.0:39545, s1:0.0.0.0:39945, s2:0.0.0.0:33605], old=null RUNNING
  s1:  RUNNING  FOLLOWER s1@group-DDA61F3D2864:t7, leader=s0, voted=s0, raftlog=s1@group-DDA61F3D2864-SegmentedRaftLog:OPENED:c-1,f-1,i1, conf=1: [s0:0.0.0.0:39545, s1:0.0.0.0:39945, s2:0.0.0.0:33605], old=null RUNNING
  s2:  RUNNING  FOLLOWER s2@group-DDA61F3D2864:t7, leader=s0, voted=s0, raftlog=s2@group-DDA61F3D2864-SegmentedRaftLog:OPENED:c-1,f-1,i1, conf=1: [s0:0.0.0.0:39545, s1:0.0.0.0:39945, s2:0.0.0.0:33605], old=null RUNNING
2019-09-24 16:06:14,825 WARN  ratis.RaftTestUtil (JavaUtils.java:attempt(158)) - FAILED "testChangeLeader-changeLeader", attempt #2/20: java.lang.IllegalStateException: Failed to change leader: newLeader == oldLeader == s0, sleep 100ms and then retry.
java.lang.IllegalStateException: Failed to change leader: newLeader == oldLeader == s0
	at org.apache.ratis.RaftTestUtil.lambda$changeLeader$7(RaftTestUtil.java:365)
	at org.apache.ratis.util.JavaUtils.attempt(JavaUtils.java:152)
	at org.apache.ratis.RaftTestUtil.changeLeader(RaftTestUtil.java:362)
	at org.apache.ratis.server.impl.LeaderElectionTests.testChangeLeader(LeaderElectionTests.java:81)
	at sun.reflect.NativeMethodAccessorImpl.invoke0(Native Method)
	at sun.reflect.NativeMethodAccessorImpl.invoke(NativeMethodAccessorImpl.java:62)
	at sun.reflect.DelegatingMethodAccessorImpl.invoke(DelegatingMethodAccessorImpl.java:43)
	at java.lang.reflect.Method.invoke(Method.java:498)
	at org.junit.runners.model.FrameworkMethod$1.runReflectiveCall(FrameworkMethod.java:50)
	at org.junit.internal.runners.model.ReflectiveCallable.run(ReflectiveCallable.java:12)
	at org.junit.runners.model.FrameworkMethod.invokeExplosively(FrameworkMethod.java:47)
	at org.junit.internal.runners.statements.InvokeMethod.evaluate(InvokeMethod.java:17)
	at org.junit.internal.runners.statements.RunAfters.evaluate(RunAfters.java:27)
	at org.junit.internal.runners.statements.FailOnTimeout$CallableStatement.call(FailOnTimeout.java:298)
	at org.junit.internal.runners.statements.FailOnTimeout$CallableStatement.call(FailOnTimeout.java:292)
	at java.util.concurrent.FutureTask.run(FutureTask.java:266)
	at java.lang.Thread.run(Thread.java:748)
2019-09-24 16:06:14,897 INFO  impl.FollowerState (FollowerState.java:run(108)) - s1@group-5F392C4368C8-FollowerState: change to CANDIDATE, lastRpcTime:219ms, electionTimeout:156ms
2019-09-24 16:06:14,897 INFO  impl.RoleInfo (RoleInfo.java:shutdownFollowerState(121)) - s1: shutdown FollowerState
2019-09-24 16:06:14,898 INFO  impl.RaftServerImpl (RaftServerImpl.java:setRole(170)) - s1@group-5F392C4368C8: changes role from  FOLLOWER to CANDIDATE at term 2 for changeToCandidate
2019-09-24 16:06:14,898 INFO  impl.RoleInfo (RoleInfo.java:updateAndGet(143)) - s1: start LeaderElection
2019-09-24 16:06:14,898 INFO  impl.RaftServerImpl (ServerState.java:setLeader(254)) - s1@group-5F392C4368C8: change Leader from s0 to null at term 2 for initElection
2019-09-24 16:06:14,926 INFO  server.RaftServerConfigKeys (ConfUtils.java:logGet(43)) - raft.server.rpc.timeout.max = 300ms (default)
2019-09-24 16:06:14,926 INFO  ratis.RaftTestUtil (RaftTestUtil.java:waitForLeader(86)) - printing ALL groups
  s0:  RUNNING    LEADER s0@group-DDA61F3D2864:t7, leader=s0, voted=s0, raftlog=s0@group-DDA61F3D2864-SegmentedRaftLog:OPENED:c-1,f0,i1, conf=1: [s0:0.0.0.0:39545, s1:0.0.0.0:39945, s2:0.0.0.0:33605], old=null RUNNING
  s1:  RUNNING  FOLLOWER s1@group-DDA61F3D2864:t7, leader=s0, voted=s0, raftlog=s1@group-DDA61F3D2864-SegmentedRaftLog:OPENED:c-1,f-1,i1, conf=1: [s0:0.0.0.0:39545, s1:0.0.0.0:39945, s2:0.0.0.0:33605], old=null RUNNING
  s2:  RUNNING  FOLLOWER s2@group-DDA61F3D2864:t7, leader=s0, voted=s0, raftlog=s2@group-DDA61F3D2864-SegmentedRaftLog:OPENED:c-1,f-1,i1, conf=1: [s0:0.0.0.0:39545, s1:0.0.0.0:39945, s2:0.0.0.0:33605], old=null RUNNING
2019-09-24 16:06:14,927 INFO  ratis.RaftTestUtil (RaftTestUtil.java:waitForLeader(101)) - printing ALL groups
  s0:  RUNNING    LEADER s0@group-DDA61F3D2864:t7, leader=s0, voted=s0, raftlog=s0@group-DDA61F3D2864-SegmentedRaftLog:OPENED:c-1,f0,i1, conf=1: [s0:0.0.0.0:39545, s1:0.0.0.0:39945, s2:0.0.0.0:33605], old=null RUNNING
  s1:  RUNNING  FOLLOWER s1@group-DDA61F3D2864:t7, leader=s0, voted=s0, raftlog=s1@group-DDA61F3D2864-SegmentedRaftLog:OPENED:c-1,f-1,i1, conf=1: [s0:0.0.0.0:39545, s1:0.0.0.0:39945, s2:0.0.0.0:33605], old=null RUNNING
  s2:  RUNNING  FOLLOWER s2@group-DDA61F3D2864:t7, leader=s0, voted=s0, raftlog=s2@group-DDA61F3D2864-SegmentedRaftLog:OPENED:c-1,f-1,i1, conf=1: [s0:0.0.0.0:39545, s1:0.0.0.0:39945, s2:0.0.0.0:33605], old=null RUNNING
2019-09-24 16:06:14,927 WARN  ratis.RaftTestUtil (JavaUtils.java:attempt(158)) - FAILED "testChangeLeader-changeLeader", attempt #3/20: java.lang.IllegalStateException: Failed to change leader: newLeader == oldLeader == s0, sleep 100ms and then retry.
java.lang.IllegalStateException: Failed to change leader: newLeader == oldLeader == s0
	at org.apache.ratis.RaftTestUtil.lambda$changeLeader$7(RaftTestUtil.java:365)
	at org.apache.ratis.util.JavaUtils.attempt(JavaUtils.java:152)
	at org.apache.ratis.RaftTestUtil.changeLeader(RaftTestUtil.java:362)
	at org.apache.ratis.server.impl.LeaderElectionTests.testChangeLeader(LeaderElectionTests.java:81)
	at sun.reflect.NativeMethodAccessorImpl.invoke0(Native Method)
	at sun.reflect.NativeMethodAccessorImpl.invoke(NativeMethodAccessorImpl.java:62)
	at sun.reflect.DelegatingMethodAccessorImpl.invoke(DelegatingMethodAccessorImpl.java:43)
	at java.lang.reflect.Method.invoke(Method.java:498)
	at org.junit.runners.model.FrameworkMethod$1.runReflectiveCall(FrameworkMethod.java:50)
	at org.junit.internal.runners.model.ReflectiveCallable.run(ReflectiveCallable.java:12)
	at org.junit.runners.model.FrameworkMethod.invokeExplosively(FrameworkMethod.java:47)
	at org.junit.internal.runners.statements.InvokeMethod.evaluate(InvokeMethod.java:17)
	at org.junit.internal.runners.statements.RunAfters.evaluate(RunAfters.java:27)
	at org.junit.internal.runners.statements.FailOnTimeout$CallableStatement.call(FailOnTimeout.java:298)
	at org.junit.internal.runners.statements.FailOnTimeout$CallableStatement.call(FailOnTimeout.java:292)
	at java.util.concurrent.FutureTask.run(FutureTask.java:266)
	at java.lang.Thread.run(Thread.java:748)
2019-09-24 16:06:15,028 INFO  server.RaftServerConfigKeys (ConfUtils.java:logGet(43)) - raft.server.rpc.timeout.max = 300ms (default)
2019-09-24 16:06:15,028 INFO  ratis.RaftTestUtil (RaftTestUtil.java:waitForLeader(86)) - printing ALL groups
  s0:  RUNNING    LEADER s0@group-DDA61F3D2864:t7, leader=s0, voted=s0, raftlog=s0@group-DDA61F3D2864-SegmentedRaftLog:OPENED:c-1,f0,i1, conf=1: [s0:0.0.0.0:39545, s1:0.0.0.0:39945, s2:0.0.0.0:33605], old=null RUNNING
  s1:  RUNNING  FOLLOWER s1@group-DDA61F3D2864:t7, leader=s0, voted=s0, raftlog=s1@group-DDA61F3D2864-SegmentedRaftLog:OPENED:c-1,f-1,i1, conf=1: [s0:0.0.0.0:39545, s1:0.0.0.0:39945, s2:0.0.0.0:33605], old=null RUNNING
  s2:  RUNNING  FOLLOWER s2@group-DDA61F3D2864:t7, leader=s0, voted=s0, raftlog=s2@group-DDA61F3D2864-SegmentedRaftLog:OPENED:c-1,f-1,i1, conf=1: [s0:0.0.0.0:39545, s1:0.0.0.0:39945, s2:0.0.0.0:33605], old=null RUNNING
2019-09-24 16:06:15,029 INFO  ratis.RaftTestUtil (RaftTestUtil.java:waitForLeader(101)) - printing ALL groups
  s0:  RUNNING    LEADER s0@group-DDA61F3D2864:t7, leader=s0, voted=s0, raftlog=s0@group-DDA61F3D2864-SegmentedRaftLog:OPENED:c-1,f0,i1, conf=1: [s0:0.0.0.0:39545, s1:0.0.0.0:39945, s2:0.0.0.0:33605], old=null RUNNING
  s1:  RUNNING  FOLLOWER s1@group-DDA61F3D2864:t7, leader=s0, voted=s0, raftlog=s1@group-DDA61F3D2864-SegmentedRaftLog:OPENED:c-1,f-1,i1, conf=1: [s0:0.0.0.0:39545, s1:0.0.0.0:39945, s2:0.0.0.0:33605], old=null RUNNING
  s2:  RUNNING  FOLLOWER s2@group-DDA61F3D2864:t7, leader=s0, voted=s0, raftlog=s2@group-DDA61F3D2864-SegmentedRaftLog:OPENED:c-1,f-1,i1, conf=1: [s0:0.0.0.0:39545, s1:0.0.0.0:39945, s2:0.0.0.0:33605], old=null RUNNING
2019-09-24 16:06:15,029 WARN  ratis.RaftTestUtil (JavaUtils.java:attempt(158)) - FAILED "testChangeLeader-changeLeader", attempt #4/20: java.lang.IllegalStateException: Failed to change leader: newLeader == oldLeader == s0, sleep 100ms and then retry.
java.lang.IllegalStateException: Failed to change leader: newLeader == oldLeader == s0
	at org.apache.ratis.RaftTestUtil.lambda$changeLeader$7(RaftTestUtil.java:365)
	at org.apache.ratis.util.JavaUtils.attempt(JavaUtils.java:152)
	at org.apache.ratis.RaftTestUtil.changeLeader(RaftTestUtil.java:362)
	at org.apache.ratis.server.impl.LeaderElectionTests.testChangeLeader(LeaderElectionTests.java:81)
	at sun.reflect.NativeMethodAccessorImpl.invoke0(Native Method)
	at sun.reflect.NativeMethodAccessorImpl.invoke(NativeMethodAccessorImpl.java:62)
	at sun.reflect.DelegatingMethodAccessorImpl.invoke(DelegatingMethodAccessorImpl.java:43)
	at java.lang.reflect.Method.invoke(Method.java:498)
	at org.junit.runners.model.FrameworkMethod$1.runReflectiveCall(FrameworkMethod.java:50)
	at org.junit.internal.runners.model.ReflectiveCallable.run(ReflectiveCallable.java:12)
	at org.junit.runners.model.FrameworkMethod.invokeExplosively(FrameworkMethod.java:47)
	at org.junit.internal.runners.statements.InvokeMethod.evaluate(InvokeMethod.java:17)
	at org.junit.internal.runners.statements.RunAfters.evaluate(RunAfters.java:27)
	at org.junit.internal.runners.statements.FailOnTimeout$CallableStatement.call(FailOnTimeout.java:298)
	at org.junit.internal.runners.statements.FailOnTimeout$CallableStatement.call(FailOnTimeout.java:292)
	at java.util.concurrent.FutureTask.run(FutureTask.java:266)
	at java.lang.Thread.run(Thread.java:748)
2019-09-24 16:06:15,130 INFO  server.RaftServerConfigKeys (ConfUtils.java:logGet(43)) - raft.server.rpc.timeout.max = 300ms (default)
2019-09-24 16:06:15,130 INFO  ratis.RaftTestUtil (RaftTestUtil.java:waitForLeader(86)) - printing ALL groups
  s0:  RUNNING    LEADER s0@group-DDA61F3D2864:t7, leader=s0, voted=s0, raftlog=s0@group-DDA61F3D2864-SegmentedRaftLog:OPENED:c-1,f0,i1, conf=1: [s0:0.0.0.0:39545, s1:0.0.0.0:39945, s2:0.0.0.0:33605], old=null RUNNING
  s1:  RUNNING  FOLLOWER s1@group-DDA61F3D2864:t7, leader=s0, voted=s0, raftlog=s1@group-DDA61F3D2864-SegmentedRaftLog:OPENED:c-1,f-1,i1, conf=1: [s0:0.0.0.0:39545, s1:0.0.0.0:39945, s2:0.0.0.0:33605], old=null RUNNING
  s2:  RUNNING  FOLLOWER s2@group-DDA61F3D2864:t7, leader=s0, voted=s0, raftlog=s2@group-DDA61F3D2864-SegmentedRaftLog:OPENED:c-1,f-1,i1, conf=1: [s0:0.0.0.0:39545, s1:0.0.0.0:39945, s2:0.0.0.0:33605], old=null RUNNING
2019-09-24 16:06:15,131 INFO  ratis.RaftTestUtil (RaftTestUtil.java:waitForLeader(101)) - printing ALL groups
  s0:  RUNNING    LEADER s0@group-DDA61F3D2864:t7, leader=s0, voted=s0, raftlog=s0@group-DDA61F3D2864-SegmentedRaftLog:OPENED:c-1,f0,i1, conf=1: [s0:0.0.0.0:39545, s1:0.0.0.0:39945, s2:0.0.0.0:33605], old=null RUNNING
  s1:  RUNNING  FOLLOWER s1@group-DDA61F3D2864:t7, leader=s0, voted=s0, raftlog=s1@group-DDA61F3D2864-SegmentedRaftLog:OPENED:c-1,f-1,i1, conf=1: [s0:0.0.0.0:39545, s1:0.0.0.0:39945, s2:0.0.0.0:33605], old=null RUNNING
  s2:  RUNNING  FOLLOWER s2@group-DDA61F3D2864:t7, leader=s0, voted=s0, raftlog=s2@group-DDA61F3D2864-SegmentedRaftLog:OPENED:c-1,f-1,i1, conf=1: [s0:0.0.0.0:39545, s1:0.0.0.0:39945, s2:0.0.0.0:33605], old=null RUNNING
2019-09-24 16:06:15,131 WARN  ratis.RaftTestUtil (JavaUtils.java:attempt(158)) - FAILED "testChangeLeader-changeLeader", attempt #5/20: java.lang.IllegalStateException: Failed to change leader: newLeader == oldLeader == s0, sleep 100ms and then retry.
java.lang.IllegalStateException: Failed to change leader: newLeader == oldLeader == s0
	at org.apache.ratis.RaftTestUtil.lambda$changeLeader$7(RaftTestUtil.java:365)
	at org.apache.ratis.util.JavaUtils.attempt(JavaUtils.java:152)
	at org.apache.ratis.RaftTestUtil.changeLeader(RaftTestUtil.java:362)
	at org.apache.ratis.server.impl.LeaderElectionTests.testChangeLeader(LeaderElectionTests.java:81)
	at sun.reflect.NativeMethodAccessorImpl.invoke0(Native Method)
	at sun.reflect.NativeMethodAccessorImpl.invoke(NativeMethodAccessorImpl.java:62)
	at sun.reflect.DelegatingMethodAccessorImpl.invoke(DelegatingMethodAccessorImpl.java:43)
	at java.lang.reflect.Method.invoke(Method.java:498)
	at org.junit.runners.model.FrameworkMethod$1.runReflectiveCall(FrameworkMethod.java:50)
	at org.junit.internal.runners.model.ReflectiveCallable.run(ReflectiveCallable.java:12)
	at org.junit.runners.model.FrameworkMethod.invokeExplosively(FrameworkMethod.java:47)
	at org.junit.internal.runners.statements.InvokeMethod.evaluate(InvokeMethod.java:17)
	at org.junit.internal.runners.statements.RunAfters.evaluate(RunAfters.java:27)
	at org.junit.internal.runners.statements.FailOnTimeout$CallableStatement.call(FailOnTimeout.java:298)
	at org.junit.internal.runners.statements.FailOnTimeout$CallableStatement.call(FailOnTimeout.java:292)
	at java.util.concurrent.FutureTask.run(FutureTask.java:266)
	at java.lang.Thread.run(Thread.java:748)
2019-09-24 16:06:15,187 INFO  impl.FollowerState (FollowerState.java:run(108)) - s2@group-5F392C4368C8-FollowerState: change to CANDIDATE, lastRpcTime:509ms, electionTimeout:297ms
2019-09-24 16:06:15,187 INFO  impl.RoleInfo (RoleInfo.java:shutdownFollowerState(121)) - s2: shutdown FollowerState
2019-09-24 16:06:15,188 INFO  impl.RaftServerImpl (RaftServerImpl.java:setRole(170)) - s2@group-5F392C4368C8: changes role from  FOLLOWER to CANDIDATE at term 2 for changeToCandidate
2019-09-24 16:06:15,188 INFO  impl.RoleInfo (RoleInfo.java:updateAndGet(143)) - s2: start LeaderElection
2019-09-24 16:06:15,189 INFO  impl.RaftServerImpl (ServerState.java:setLeader(254)) - s2@group-5F392C4368C8: change Leader from s0 to null at term 2 for initElection
2019-09-24 16:06:15,232 INFO  server.RaftServerConfigKeys (ConfUtils.java:logGet(43)) - raft.server.rpc.timeout.max = 300ms (default)
2019-09-24 16:06:15,232 INFO  ratis.RaftTestUtil (RaftTestUtil.java:waitForLeader(86)) - printing ALL groups
  s0:  RUNNING    LEADER s0@group-DDA61F3D2864:t7, leader=s0, voted=s0, raftlog=s0@group-DDA61F3D2864-SegmentedRaftLog:OPENED:c-1,f0,i1, conf=1: [s0:0.0.0.0:39545, s1:0.0.0.0:39945, s2:0.0.0.0:33605], old=null RUNNING
  s1:  RUNNING  FOLLOWER s1@group-DDA61F3D2864:t7, leader=s0, voted=s0, raftlog=s1@group-DDA61F3D2864-SegmentedRaftLog:OPENED:c-1,f-1,i1, conf=1: [s0:0.0.0.0:39545, s1:0.0.0.0:39945, s2:0.0.0.0:33605], old=null RUNNING
  s2:  RUNNING  FOLLOWER s2@group-DDA61F3D2864:t7, leader=s0, voted=s0, raftlog=s2@group-DDA61F3D2864-SegmentedRaftLog:OPENED:c-1,f-1,i1, conf=1: [s0:0.0.0.0:39545, s1:0.0.0.0:39945, s2:0.0.0.0:33605], old=null RUNNING
2019-09-24 16:06:15,233 INFO  ratis.RaftTestUtil (RaftTestUtil.java:waitForLeader(101)) - printing ALL groups
  s0:  RUNNING    LEADER s0@group-DDA61F3D2864:t7, leader=s0, voted=s0, raftlog=s0@group-DDA61F3D2864-SegmentedRaftLog:OPENED:c-1,f0,i1, conf=1: [s0:0.0.0.0:39545, s1:0.0.0.0:39945, s2:0.0.0.0:33605], old=null RUNNING
  s1:  RUNNING  FOLLOWER s1@group-DDA61F3D2864:t7, leader=s0, voted=s0, raftlog=s1@group-DDA61F3D2864-SegmentedRaftLog:OPENED:c-1,f-1,i1, conf=1: [s0:0.0.0.0:39545, s1:0.0.0.0:39945, s2:0.0.0.0:33605], old=null RUNNING
  s2:  RUNNING  FOLLOWER s2@group-DDA61F3D2864:t7, leader=s0, voted=s0, raftlog=s2@group-DDA61F3D2864-SegmentedRaftLog:OPENED:c-1,f-1,i1, conf=1: [s0:0.0.0.0:39545, s1:0.0.0.0:39945, s2:0.0.0.0:33605], old=null RUNNING
2019-09-24 16:06:15,233 WARN  ratis.RaftTestUtil (JavaUtils.java:attempt(158)) - FAILED "testChangeLeader-changeLeader", attempt #6/20: java.lang.IllegalStateException: Failed to change leader: newLeader == oldLeader == s0, sleep 100ms and then retry.
java.lang.IllegalStateException: Failed to change leader: newLeader == oldLeader == s0
	at org.apache.ratis.RaftTestUtil.lambda$changeLeader$7(RaftTestUtil.java:365)
	at org.apache.ratis.util.JavaUtils.attempt(JavaUtils.java:152)
	at org.apache.ratis.RaftTestUtil.changeLeader(RaftTestUtil.java:362)
	at org.apache.ratis.server.impl.LeaderElectionTests.testChangeLeader(LeaderElectionTests.java:81)
	at sun.reflect.NativeMethodAccessorImpl.invoke0(Native Method)
	at sun.reflect.NativeMethodAccessorImpl.invoke(NativeMethodAccessorImpl.java:62)
	at sun.reflect.DelegatingMethodAccessorImpl.invoke(DelegatingMethodAccessorImpl.java:43)
	at java.lang.reflect.Method.invoke(Method.java:498)
	at org.junit.runners.model.FrameworkMethod$1.runReflectiveCall(FrameworkMethod.java:50)
	at org.junit.internal.runners.model.ReflectiveCallable.run(ReflectiveCallable.java:12)
	at org.junit.runners.model.FrameworkMethod.invokeExplosively(FrameworkMethod.java:47)
	at org.junit.internal.runners.statements.InvokeMethod.evaluate(InvokeMethod.java:17)
	at org.junit.internal.runners.statements.RunAfters.evaluate(RunAfters.java:27)
	at org.junit.internal.runners.statements.FailOnTimeout$CallableStatement.call(FailOnTimeout.java:298)
	at org.junit.internal.runners.statements.FailOnTimeout$CallableStatement.call(FailOnTimeout.java:292)
	at java.util.concurrent.FutureTask.run(FutureTask.java:266)
	at java.lang.Thread.run(Thread.java:748)
2019-09-24 16:06:15,334 INFO  server.RaftServerConfigKeys (ConfUtils.java:logGet(43)) - raft.server.rpc.timeout.max = 300ms (default)
2019-09-24 16:06:15,335 INFO  ratis.RaftTestUtil (RaftTestUtil.java:waitForLeader(86)) - printing ALL groups
  s0:  RUNNING    LEADER s0@group-DDA61F3D2864:t7, leader=s0, voted=s0, raftlog=s0@group-DDA61F3D2864-SegmentedRaftLog:OPENED:c-1,f0,i1, conf=1: [s0:0.0.0.0:39545, s1:0.0.0.0:39945, s2:0.0.0.0:33605], old=null RUNNING
  s1:  RUNNING  FOLLOWER s1@group-DDA61F3D2864:t7, leader=s0, voted=s0, raftlog=s1@group-DDA61F3D2864-SegmentedRaftLog:OPENED:c-1,f-1,i1, conf=1: [s0:0.0.0.0:39545, s1:0.0.0.0:39945, s2:0.0.0.0:33605], old=null RUNNING
  s2:  RUNNING  FOLLOWER s2@group-DDA61F3D2864:t7, leader=s0, voted=s0, raftlog=s2@group-DDA61F3D2864-SegmentedRaftLog:OPENED:c-1,f-1,i1, conf=1: [s0:0.0.0.0:39545, s1:0.0.0.0:39945, s2:0.0.0.0:33605], old=null RUNNING
2019-09-24 16:06:15,335 INFO  ratis.RaftTestUtil (RaftTestUtil.java:waitForLeader(101)) - printing ALL groups
  s0:  RUNNING    LEADER s0@group-DDA61F3D2864:t7, leader=s0, voted=s0, raftlog=s0@group-DDA61F3D2864-SegmentedRaftLog:OPENED:c-1,f0,i1, conf=1: [s0:0.0.0.0:39545, s1:0.0.0.0:39945, s2:0.0.0.0:33605], old=null RUNNING
  s1:  RUNNING  FOLLOWER s1@group-DDA61F3D2864:t7, leader=s0, voted=s0, raftlog=s1@group-DDA61F3D2864-SegmentedRaftLog:OPENED:c-1,f-1,i1, conf=1: [s0:0.0.0.0:39545, s1:0.0.0.0:39945, s2:0.0.0.0:33605], old=null RUNNING
  s2:  RUNNING  FOLLOWER s2@group-DDA61F3D2864:t7, leader=s0, voted=s0, raftlog=s2@group-DDA61F3D2864-SegmentedRaftLog:OPENED:c-1,f-1,i1, conf=1: [s0:0.0.0.0:39545, s1:0.0.0.0:39945, s2:0.0.0.0:33605], old=null RUNNING
2019-09-24 16:06:15,336 WARN  ratis.RaftTestUtil (JavaUtils.java:attempt(158)) - FAILED "testChangeLeader-changeLeader", attempt #7/20: java.lang.IllegalStateException: Failed to change leader: newLeader == oldLeader == s0, sleep 100ms and then retry.
java.lang.IllegalStateException: Failed to change leader: newLeader == oldLeader == s0
	at org.apache.ratis.RaftTestUtil.lambda$changeLeader$7(RaftTestUtil.java:365)
	at org.apache.ratis.util.JavaUtils.attempt(JavaUtils.java:152)
	at org.apache.ratis.RaftTestUtil.changeLeader(RaftTestUtil.java:362)
	at org.apache.ratis.server.impl.LeaderElectionTests.testChangeLeader(LeaderElectionTests.java:81)
	at sun.reflect.NativeMethodAccessorImpl.invoke0(Native Method)
	at sun.reflect.NativeMethodAccessorImpl.invoke(NativeMethodAccessorImpl.java:62)
	at sun.reflect.DelegatingMethodAccessorImpl.invoke(DelegatingMethodAccessorImpl.java:43)
	at java.lang.reflect.Method.invoke(Method.java:498)
	at org.junit.runners.model.FrameworkMethod$1.runReflectiveCall(FrameworkMethod.java:50)
	at org.junit.internal.runners.model.ReflectiveCallable.run(ReflectiveCallable.java:12)
	at org.junit.runners.model.FrameworkMethod.invokeExplosively(FrameworkMethod.java:47)
	at org.junit.internal.runners.statements.InvokeMethod.evaluate(InvokeMethod.java:17)
	at org.junit.internal.runners.statements.RunAfters.evaluate(RunAfters.java:27)
	at org.junit.internal.runners.statements.FailOnTimeout$CallableStatement.call(FailOnTimeout.java:298)
	at org.junit.internal.runners.statements.FailOnTimeout$CallableStatement.call(FailOnTimeout.java:292)
	at java.util.concurrent.FutureTask.run(FutureTask.java:266)
	at java.lang.Thread.run(Thread.java:748)
2019-09-24 16:06:15,436 INFO  server.RaftServerConfigKeys (ConfUtils.java:logGet(43)) - raft.server.rpc.timeout.max = 300ms (default)
2019-09-24 16:06:15,437 INFO  ratis.RaftTestUtil (RaftTestUtil.java:waitForLeader(86)) - printing ALL groups
  s0:  RUNNING    LEADER s0@group-DDA61F3D2864:t7, leader=s0, voted=s0, raftlog=s0@group-DDA61F3D2864-SegmentedRaftLog:OPENED:c-1,f0,i1, conf=1: [s0:0.0.0.0:39545, s1:0.0.0.0:39945, s2:0.0.0.0:33605], old=null RUNNING
  s1:  RUNNING  FOLLOWER s1@group-DDA61F3D2864:t7, leader=s0, voted=s0, raftlog=s1@group-DDA61F3D2864-SegmentedRaftLog:OPENED:c-1,f-1,i1, conf=1: [s0:0.0.0.0:39545, s1:0.0.0.0:39945, s2:0.0.0.0:33605], old=null RUNNING
  s2:  RUNNING  FOLLOWER s2@group-DDA61F3D2864:t7, leader=s0, voted=s0, raftlog=s2@group-DDA61F3D2864-SegmentedRaftLog:OPENED:c-1,f-1,i1, conf=1: [s0:0.0.0.0:39545, s1:0.0.0.0:39945, s2:0.0.0.0:33605], old=null RUNNING
2019-09-24 16:06:15,437 INFO  ratis.RaftTestUtil (RaftTestUtil.java:waitForLeader(101)) - printing ALL groups
  s0:  RUNNING    LEADER s0@group-DDA61F3D2864:t7, leader=s0, voted=s0, raftlog=s0@group-DDA61F3D2864-SegmentedRaftLog:OPENED:c-1,f0,i1, conf=1: [s0:0.0.0.0:39545, s1:0.0.0.0:39945, s2:0.0.0.0:33605], old=null RUNNING
  s1:  RUNNING  FOLLOWER s1@group-DDA61F3D2864:t7, leader=s0, voted=s0, raftlog=s1@group-DDA61F3D2864-SegmentedRaftLog:OPENED:c-1,f-1,i1, conf=1: [s0:0.0.0.0:39545, s1:0.0.0.0:39945, s2:0.0.0.0:33605], old=null RUNNING
  s2:  RUNNING  FOLLOWER s2@group-DDA61F3D2864:t7, leader=s0, voted=s0, raftlog=s2@group-DDA61F3D2864-SegmentedRaftLog:OPENED:c-1,f-1,i1, conf=1: [s0:0.0.0.0:39545, s1:0.0.0.0:39945, s2:0.0.0.0:33605], old=null RUNNING
2019-09-24 16:06:15,438 WARN  ratis.RaftTestUtil (JavaUtils.java:attempt(158)) - FAILED "testChangeLeader-changeLeader", attempt #8/20: java.lang.IllegalStateException: Failed to change leader: newLeader == oldLeader == s0, sleep 100ms and then retry.
java.lang.IllegalStateException: Failed to change leader: newLeader == oldLeader == s0
	at org.apache.ratis.RaftTestUtil.lambda$changeLeader$7(RaftTestUtil.java:365)
	at org.apache.ratis.util.JavaUtils.attempt(JavaUtils.java:152)
	at org.apache.ratis.RaftTestUtil.changeLeader(RaftTestUtil.java:362)
	at org.apache.ratis.server.impl.LeaderElectionTests.testChangeLeader(LeaderElectionTests.java:81)
	at sun.reflect.NativeMethodAccessorImpl.invoke0(Native Method)
	at sun.reflect.NativeMethodAccessorImpl.invoke(NativeMethodAccessorImpl.java:62)
	at sun.reflect.DelegatingMethodAccessorImpl.invoke(DelegatingMethodAccessorImpl.java:43)
	at java.lang.reflect.Method.invoke(Method.java:498)
	at org.junit.runners.model.FrameworkMethod$1.runReflectiveCall(FrameworkMethod.java:50)
	at org.junit.internal.runners.model.ReflectiveCallable.run(ReflectiveCallable.java:12)
	at org.junit.runners.model.FrameworkMethod.invokeExplosively(FrameworkMethod.java:47)
	at org.junit.internal.runners.statements.InvokeMethod.evaluate(InvokeMethod.java:17)
	at org.junit.internal.runners.statements.RunAfters.evaluate(RunAfters.java:27)
	at org.junit.internal.runners.statements.FailOnTimeout$CallableStatement.call(FailOnTimeout.java:298)
	at org.junit.internal.runners.statements.FailOnTimeout$CallableStatement.call(FailOnTimeout.java:292)
	at java.util.concurrent.FutureTask.run(FutureTask.java:266)
	at java.lang.Thread.run(Thread.java:748)
2019-09-24 16:06:15,538 INFO  server.RaftServerConfigKeys (ConfUtils.java:logGet(43)) - raft.server.rpc.timeout.max = 300ms (default)
2019-09-24 16:06:15,539 INFO  ratis.RaftTestUtil (RaftTestUtil.java:waitForLeader(86)) - printing ALL groups
  s0:  RUNNING    LEADER s0@group-DDA61F3D2864:t7, leader=s0, voted=s0, raftlog=s0@group-DDA61F3D2864-SegmentedRaftLog:OPENED:c-1,f0,i1, conf=1: [s0:0.0.0.0:39545, s1:0.0.0.0:39945, s2:0.0.0.0:33605], old=null RUNNING
  s1:  RUNNING  FOLLOWER s1@group-DDA61F3D2864:t7, leader=s0, voted=s0, raftlog=s1@group-DDA61F3D2864-SegmentedRaftLog:OPENED:c-1,f-1,i1, conf=1: [s0:0.0.0.0:39545, s1:0.0.0.0:39945, s2:0.0.0.0:33605], old=null RUNNING
  s2:  RUNNING  FOLLOWER s2@group-DDA61F3D2864:t7, leader=s0, voted=s0, raftlog=s2@group-DDA61F3D2864-SegmentedRaftLog:OPENED:c-1,f-1,i1, conf=1: [s0:0.0.0.0:39545, s1:0.0.0.0:39945, s2:0.0.0.0:33605], old=null RUNNING
2019-09-24 16:06:15,539 INFO  ratis.RaftTestUtil (RaftTestUtil.java:waitForLeader(101)) - printing ALL groups
  s0:  RUNNING    LEADER s0@group-DDA61F3D2864:t7, leader=s0, voted=s0, raftlog=s0@group-DDA61F3D2864-SegmentedRaftLog:OPENED:c-1,f0,i1, conf=1: [s0:0.0.0.0:39545, s1:0.0.0.0:39945, s2:0.0.0.0:33605], old=null RUNNING
  s1:  RUNNING  FOLLOWER s1@group-DDA61F3D2864:t7, leader=s0, voted=s0, raftlog=s1@group-DDA61F3D2864-SegmentedRaftLog:OPENED:c-1,f-1,i1, conf=1: [s0:0.0.0.0:39545, s1:0.0.0.0:39945, s2:0.0.0.0:33605], old=null RUNNING
  s2:  RUNNING  FOLLOWER s2@group-DDA61F3D2864:t7, leader=s0, voted=s0, raftlog=s2@group-DDA61F3D2864-SegmentedRaftLog:OPENED:c-1,f-1,i1, conf=1: [s0:0.0.0.0:39545, s1:0.0.0.0:39945, s2:0.0.0.0:33605], old=null RUNNING
2019-09-24 16:06:15,539 WARN  ratis.RaftTestUtil (JavaUtils.java:attempt(158)) - FAILED "testChangeLeader-changeLeader", attempt #9/20: java.lang.IllegalStateException: Failed to change leader: newLeader == oldLeader == s0, sleep 100ms and then retry.
java.lang.IllegalStateException: Failed to change leader: newLeader == oldLeader == s0
	at org.apache.ratis.RaftTestUtil.lambda$changeLeader$7(RaftTestUtil.java:365)
	at org.apache.ratis.util.JavaUtils.attempt(JavaUtils.java:152)
	at org.apache.ratis.RaftTestUtil.changeLeader(RaftTestUtil.java:362)
	at org.apache.ratis.server.impl.LeaderElectionTests.testChangeLeader(LeaderElectionTests.java:81)
	at sun.reflect.NativeMethodAccessorImpl.invoke0(Native Method)
	at sun.reflect.NativeMethodAccessorImpl.invoke(NativeMethodAccessorImpl.java:62)
	at sun.reflect.DelegatingMethodAccessorImpl.invoke(DelegatingMethodAccessorImpl.java:43)
	at java.lang.reflect.Method.invoke(Method.java:498)
	at org.junit.runners.model.FrameworkMethod$1.runReflectiveCall(FrameworkMethod.java:50)
	at org.junit.internal.runners.model.ReflectiveCallable.run(ReflectiveCallable.java:12)
	at org.junit.runners.model.FrameworkMethod.invokeExplosively(FrameworkMethod.java:47)
	at org.junit.internal.runners.statements.InvokeMethod.evaluate(InvokeMethod.java:17)
	at org.junit.internal.runners.statements.RunAfters.evaluate(RunAfters.java:27)
	at org.junit.internal.runners.statements.FailOnTimeout$CallableStatement.call(FailOnTimeout.java:298)
	at org.junit.internal.runners.statements.FailOnTimeout$CallableStatement.call(FailOnTimeout.java:292)
	at java.util.concurrent.FutureTask.run(FutureTask.java:266)
	at java.lang.Thread.run(Thread.java:748)
2019-09-24 16:06:15,640 INFO  server.RaftServerConfigKeys (ConfUtils.java:logGet(43)) - raft.server.rpc.timeout.max = 300ms (default)
2019-09-24 16:06:15,641 INFO  ratis.RaftTestUtil (RaftTestUtil.java:waitForLeader(86)) - printing ALL groups
  s0:  RUNNING    LEADER s0@group-DDA61F3D2864:t7, leader=s0, voted=s0, raftlog=s0@group-DDA61F3D2864-SegmentedRaftLog:OPENED:c-1,f0,i1, conf=1: [s0:0.0.0.0:39545, s1:0.0.0.0:39945, s2:0.0.0.0:33605], old=null RUNNING
  s1:  RUNNING  FOLLOWER s1@group-DDA61F3D2864:t7, leader=s0, voted=s0, raftlog=s1@group-DDA61F3D2864-SegmentedRaftLog:OPENED:c-1,f-1,i1, conf=1: [s0:0.0.0.0:39545, s1:0.0.0.0:39945, s2:0.0.0.0:33605], old=null RUNNING
  s2:  RUNNING  FOLLOWER s2@group-DDA61F3D2864:t7, leader=s0, voted=s0, raftlog=s2@group-DDA61F3D2864-SegmentedRaftLog:OPENED:c-1,f-1,i1, conf=1: [s0:0.0.0.0:39545, s1:0.0.0.0:39945, s2:0.0.0.0:33605], old=null RUNNING
2019-09-24 16:06:15,641 INFO  ratis.RaftTestUtil (RaftTestUtil.java:waitForLeader(101)) - printing ALL groups
  s0:  RUNNING    LEADER s0@group-DDA61F3D2864:t7, leader=s0, voted=s0, raftlog=s0@group-DDA61F3D2864-SegmentedRaftLog:OPENED:c-1,f0,i1, conf=1: [s0:0.0.0.0:39545, s1:0.0.0.0:39945, s2:0.0.0.0:33605], old=null RUNNING
  s1:  RUNNING  FOLLOWER s1@group-DDA61F3D2864:t7, leader=s0, voted=s0, raftlog=s1@group-DDA61F3D2864-SegmentedRaftLog:OPENED:c-1,f-1,i1, conf=1: [s0:0.0.0.0:39545, s1:0.0.0.0:39945, s2:0.0.0.0:33605], old=null RUNNING
  s2:  RUNNING  FOLLOWER s2@group-DDA61F3D2864:t7, leader=s0, voted=s0, raftlog=s2@group-DDA61F3D2864-SegmentedRaftLog:OPENED:c-1,f-1,i1, conf=1: [s0:0.0.0.0:39545, s1:0.0.0.0:39945, s2:0.0.0.0:33605], old=null RUNNING
2019-09-24 16:06:15,641 WARN  ratis.RaftTestUtil (JavaUtils.java:attempt(158)) - FAILED "testChangeLeader-changeLeader", attempt #10/20: java.lang.IllegalStateException: Failed to change leader: newLeader == oldLeader == s0, sleep 100ms and then retry.
java.lang.IllegalStateException: Failed to change leader: newLeader == oldLeader == s0
	at org.apache.ratis.RaftTestUtil.lambda$changeLeader$7(RaftTestUtil.java:365)
	at org.apache.ratis.util.JavaUtils.attempt(JavaUtils.java:152)
	at org.apache.ratis.RaftTestUtil.changeLeader(RaftTestUtil.java:362)
	at org.apache.ratis.server.impl.LeaderElectionTests.testChangeLeader(LeaderElectionTests.java:81)
	at sun.reflect.NativeMethodAccessorImpl.invoke0(Native Method)
	at sun.reflect.NativeMethodAccessorImpl.invoke(NativeMethodAccessorImpl.java:62)
	at sun.reflect.DelegatingMethodAccessorImpl.invoke(DelegatingMethodAccessorImpl.java:43)
	at java.lang.reflect.Method.invoke(Method.java:498)
	at org.junit.runners.model.FrameworkMethod$1.runReflectiveCall(FrameworkMethod.java:50)
	at org.junit.internal.runners.model.ReflectiveCallable.run(ReflectiveCallable.java:12)
	at org.junit.runners.model.FrameworkMethod.invokeExplosively(FrameworkMethod.java:47)
	at org.junit.internal.runners.statements.InvokeMethod.evaluate(InvokeMethod.java:17)
	at org.junit.internal.runners.statements.RunAfters.evaluate(RunAfters.java:27)
	at org.junit.internal.runners.statements.FailOnTimeout$CallableStatement.call(FailOnTimeout.java:298)
	at org.junit.internal.runners.statements.FailOnTimeout$CallableStatement.call(FailOnTimeout.java:292)
	at java.util.concurrent.FutureTask.run(FutureTask.java:266)
	at java.lang.Thread.run(Thread.java:748)
2019-09-24 16:06:15,742 INFO  server.RaftServerConfigKeys (ConfUtils.java:logGet(43)) - raft.server.rpc.timeout.max = 300ms (default)
2019-09-24 16:06:15,742 INFO  ratis.RaftTestUtil (RaftTestUtil.java:waitForLeader(86)) - printing ALL groups
  s0:  RUNNING    LEADER s0@group-DDA61F3D2864:t7, leader=s0, voted=s0, raftlog=s0@group-DDA61F3D2864-SegmentedRaftLog:OPENED:c-1,f0,i1, conf=1: [s0:0.0.0.0:39545, s1:0.0.0.0:39945, s2:0.0.0.0:33605], old=null RUNNING
  s1:  RUNNING  FOLLOWER s1@group-DDA61F3D2864:t7, leader=s0, voted=s0, raftlog=s1@group-DDA61F3D2864-SegmentedRaftLog:OPENED:c-1,f-1,i1, conf=1: [s0:0.0.0.0:39545, s1:0.0.0.0:39945, s2:0.0.0.0:33605], old=null RUNNING
  s2:  RUNNING  FOLLOWER s2@group-DDA61F3D2864:t7, leader=s0, voted=s0, raftlog=s2@group-DDA61F3D2864-SegmentedRaftLog:OPENED:c-1,f-1,i1, conf=1: [s0:0.0.0.0:39545, s1:0.0.0.0:39945, s2:0.0.0.0:33605], old=null RUNNING
2019-09-24 16:06:15,743 INFO  ratis.RaftTestUtil (RaftTestUtil.java:waitForLeader(101)) - printing ALL groups
  s0:  RUNNING    LEADER s0@group-DDA61F3D2864:t7, leader=s0, voted=s0, raftlog=s0@group-DDA61F3D2864-SegmentedRaftLog:OPENED:c-1,f0,i1, conf=1: [s0:0.0.0.0:39545, s1:0.0.0.0:39945, s2:0.0.0.0:33605], old=null RUNNING
  s1:  RUNNING  FOLLOWER s1@group-DDA61F3D2864:t7, leader=s0, voted=s0, raftlog=s1@group-DDA61F3D2864-SegmentedRaftLog:OPENED:c-1,f-1,i1, conf=1: [s0:0.0.0.0:39545, s1:0.0.0.0:39945, s2:0.0.0.0:33605], old=null RUNNING
  s2:  RUNNING  FOLLOWER s2@group-DDA61F3D2864:t7, leader=s0, voted=s0, raftlog=s2@group-DDA61F3D2864-SegmentedRaftLog:OPENED:c-1,f-1,i1, conf=1: [s0:0.0.0.0:39545, s1:0.0.0.0:39945, s2:0.0.0.0:33605], old=null RUNNING
2019-09-24 16:06:15,743 WARN  ratis.RaftTestUtil (JavaUtils.java:attempt(158)) - FAILED "testChangeLeader-changeLeader", attempt #11/20: java.lang.IllegalStateException: Failed to change leader: newLeader == oldLeader == s0, sleep 100ms and then retry.
java.lang.IllegalStateException: Failed to change leader: newLeader == oldLeader == s0
	at org.apache.ratis.RaftTestUtil.lambda$changeLeader$7(RaftTestUtil.java:365)
	at org.apache.ratis.util.JavaUtils.attempt(JavaUtils.java:152)
	at org.apache.ratis.RaftTestUtil.changeLeader(RaftTestUtil.java:362)
	at org.apache.ratis.server.impl.LeaderElectionTests.testChangeLeader(LeaderElectionTests.java:81)
	at sun.reflect.NativeMethodAccessorImpl.invoke0(Native Method)
	at sun.reflect.NativeMethodAccessorImpl.invoke(NativeMethodAccessorImpl.java:62)
	at sun.reflect.DelegatingMethodAccessorImpl.invoke(DelegatingMethodAccessorImpl.java:43)
	at java.lang.reflect.Method.invoke(Method.java:498)
	at org.junit.runners.model.FrameworkMethod$1.runReflectiveCall(FrameworkMethod.java:50)
	at org.junit.internal.runners.model.ReflectiveCallable.run(ReflectiveCallable.java:12)
	at org.junit.runners.model.FrameworkMethod.invokeExplosively(FrameworkMethod.java:47)
	at org.junit.internal.runners.statements.InvokeMethod.evaluate(InvokeMethod.java:17)
	at org.junit.internal.runners.statements.RunAfters.evaluate(RunAfters.java:27)
	at org.junit.internal.runners.statements.FailOnTimeout$CallableStatement.call(FailOnTimeout.java:298)
	at org.junit.internal.runners.statements.FailOnTimeout$CallableStatement.call(FailOnTimeout.java:292)
	at java.util.concurrent.FutureTask.run(FutureTask.java:266)
	at java.lang.Thread.run(Thread.java:748)
2019-09-24 16:06:15,844 INFO  server.RaftServerConfigKeys (ConfUtils.java:logGet(43)) - raft.server.rpc.timeout.max = 300ms (default)
2019-09-24 16:06:15,844 INFO  ratis.RaftTestUtil (RaftTestUtil.java:waitForLeader(86)) - printing ALL groups
  s0:  RUNNING    LEADER s0@group-DDA61F3D2864:t7, leader=s0, voted=s0, raftlog=s0@group-DDA61F3D2864-SegmentedRaftLog:OPENED:c-1,f0,i1, conf=1: [s0:0.0.0.0:39545, s1:0.0.0.0:39945, s2:0.0.0.0:33605], old=null RUNNING
  s1:  RUNNING  FOLLOWER s1@group-DDA61F3D2864:t7, leader=s0, voted=s0, raftlog=s1@group-DDA61F3D2864-SegmentedRaftLog:OPENED:c-1,f-1,i1, conf=1: [s0:0.0.0.0:39545, s1:0.0.0.0:39945, s2:0.0.0.0:33605], old=null RUNNING
  s2:  RUNNING  FOLLOWER s2@group-DDA61F3D2864:t7, leader=s0, voted=s0, raftlog=s2@group-DDA61F3D2864-SegmentedRaftLog:OPENED:c-1,f-1,i1, conf=1: [s0:0.0.0.0:39545, s1:0.0.0.0:39945, s2:0.0.0.0:33605], old=null RUNNING
2019-09-24 16:06:15,845 INFO  ratis.RaftTestUtil (RaftTestUtil.java:waitForLeader(101)) - printing ALL groups
  s0:  RUNNING    LEADER s0@group-DDA61F3D2864:t7, leader=s0, voted=s0, raftlog=s0@group-DDA61F3D2864-SegmentedRaftLog:OPENED:c-1,f0,i1, conf=1: [s0:0.0.0.0:39545, s1:0.0.0.0:39945, s2:0.0.0.0:33605], old=null RUNNING
  s1:  RUNNING  FOLLOWER s1@group-DDA61F3D2864:t7, leader=s0, voted=s0, raftlog=s1@group-DDA61F3D2864-SegmentedRaftLog:OPENED:c-1,f-1,i1, conf=1: [s0:0.0.0.0:39545, s1:0.0.0.0:39945, s2:0.0.0.0:33605], old=null RUNNING
  s2:  RUNNING  FOLLOWER s2@group-DDA61F3D2864:t7, leader=s0, voted=s0, raftlog=s2@group-DDA61F3D2864-SegmentedRaftLog:OPENED:c-1,f-1,i1, conf=1: [s0:0.0.0.0:39545, s1:0.0.0.0:39945, s2:0.0.0.0:33605], old=null RUNNING
2019-09-24 16:06:15,845 WARN  ratis.RaftTestUtil (JavaUtils.java:attempt(158)) - FAILED "testChangeLeader-changeLeader", attempt #12/20: java.lang.IllegalStateException: Failed to change leader: newLeader == oldLeader == s0, sleep 100ms and then retry.
java.lang.IllegalStateException: Failed to change leader: newLeader == oldLeader == s0
	at org.apache.ratis.RaftTestUtil.lambda$changeLeader$7(RaftTestUtil.java:365)
	at org.apache.ratis.util.JavaUtils.attempt(JavaUtils.java:152)
	at org.apache.ratis.RaftTestUtil.changeLeader(RaftTestUtil.java:362)
	at org.apache.ratis.server.impl.LeaderElectionTests.testChangeLeader(LeaderElectionTests.java:81)
	at sun.reflect.NativeMethodAccessorImpl.invoke0(Native Method)
	at sun.reflect.NativeMethodAccessorImpl.invoke(NativeMethodAccessorImpl.java:62)
	at sun.reflect.DelegatingMethodAccessorImpl.invoke(DelegatingMethodAccessorImpl.java:43)
	at java.lang.reflect.Method.invoke(Method.java:498)
	at org.junit.runners.model.FrameworkMethod$1.runReflectiveCall(FrameworkMethod.java:50)
	at org.junit.internal.runners.model.ReflectiveCallable.run(ReflectiveCallable.java:12)
	at org.junit.runners.model.FrameworkMethod.invokeExplosively(FrameworkMethod.java:47)
	at org.junit.internal.runners.statements.InvokeMethod.evaluate(InvokeMethod.java:17)
	at org.junit.internal.runners.statements.RunAfters.evaluate(RunAfters.java:27)
	at org.junit.internal.runners.statements.FailOnTimeout$CallableStatement.call(FailOnTimeout.java:298)
	at org.junit.internal.runners.statements.FailOnTimeout$CallableStatement.call(FailOnTimeout.java:292)
	at java.util.concurrent.FutureTask.run(FutureTask.java:266)
	at java.lang.Thread.run(Thread.java:748)
2019-09-24 16:06:15,945 INFO  server.RaftServerConfigKeys (ConfUtils.java:logGet(43)) - raft.server.rpc.timeout.max = 300ms (default)
2019-09-24 16:06:15,946 INFO  ratis.RaftTestUtil (RaftTestUtil.java:waitForLeader(86)) - printing ALL groups
  s0:  RUNNING    LEADER s0@group-DDA61F3D2864:t7, leader=s0, voted=s0, raftlog=s0@group-DDA61F3D2864-SegmentedRaftLog:OPENED:c-1,f0,i1, conf=1: [s0:0.0.0.0:39545, s1:0.0.0.0:39945, s2:0.0.0.0:33605], old=null RUNNING
  s1:  RUNNING  FOLLOWER s1@group-DDA61F3D2864:t7, leader=s0, voted=s0, raftlog=s1@group-DDA61F3D2864-SegmentedRaftLog:OPENED:c-1,f-1,i1, conf=1: [s0:0.0.0.0:39545, s1:0.0.0.0:39945, s2:0.0.0.0:33605], old=null RUNNING
  s2:  RUNNING  FOLLOWER s2@group-DDA61F3D2864:t7, leader=s0, voted=s0, raftlog=s2@group-DDA61F3D2864-SegmentedRaftLog:OPENED:c-1,f-1,i1, conf=1: [s0:0.0.0.0:39545, s1:0.0.0.0:39945, s2:0.0.0.0:33605], old=null RUNNING
2019-09-24 16:06:15,946 INFO  ratis.RaftTestUtil (RaftTestUtil.java:waitForLeader(101)) - printing ALL groups
  s0:  RUNNING    LEADER s0@group-DDA61F3D2864:t7, leader=s0, voted=s0, raftlog=s0@group-DDA61F3D2864-SegmentedRaftLog:OPENED:c-1,f0,i1, conf=1: [s0:0.0.0.0:39545, s1:0.0.0.0:39945, s2:0.0.0.0:33605], old=null RUNNING
  s1:  RUNNING  FOLLOWER s1@group-DDA61F3D2864:t7, leader=s0, voted=s0, raftlog=s1@group-DDA61F3D2864-SegmentedRaftLog:OPENED:c-1,f-1,i1, conf=1: [s0:0.0.0.0:39545, s1:0.0.0.0:39945, s2:0.0.0.0:33605], old=null RUNNING
  s2:  RUNNING  FOLLOWER s2@group-DDA61F3D2864:t7, leader=s0, voted=s0, raftlog=s2@group-DDA61F3D2864-SegmentedRaftLog:OPENED:c-1,f-1,i1, conf=1: [s0:0.0.0.0:39545, s1:0.0.0.0:39945, s2:0.0.0.0:33605], old=null RUNNING
2019-09-24 16:06:15,947 WARN  ratis.RaftTestUtil (JavaUtils.java:attempt(158)) - FAILED "testChangeLeader-changeLeader", attempt #13/20: java.lang.IllegalStateException: Failed to change leader: newLeader == oldLeader == s0, sleep 100ms and then retry.
java.lang.IllegalStateException: Failed to change leader: newLeader == oldLeader == s0
	at org.apache.ratis.RaftTestUtil.lambda$changeLeader$7(RaftTestUtil.java:365)
	at org.apache.ratis.util.JavaUtils.attempt(JavaUtils.java:152)
	at org.apache.ratis.RaftTestUtil.changeLeader(RaftTestUtil.java:362)
	at org.apache.ratis.server.impl.LeaderElectionTests.testChangeLeader(LeaderElectionTests.java:81)
	at sun.reflect.NativeMethodAccessorImpl.invoke0(Native Method)
	at sun.reflect.NativeMethodAccessorImpl.invoke(NativeMethodAccessorImpl.java:62)
	at sun.reflect.DelegatingMethodAccessorImpl.invoke(DelegatingMethodAccessorImpl.java:43)
	at java.lang.reflect.Method.invoke(Method.java:498)
	at org.junit.runners.model.FrameworkMethod$1.runReflectiveCall(FrameworkMethod.java:50)
	at org.junit.internal.runners.model.ReflectiveCallable.run(ReflectiveCallable.java:12)
	at org.junit.runners.model.FrameworkMethod.invokeExplosively(FrameworkMethod.java:47)
	at org.junit.internal.runners.statements.InvokeMethod.evaluate(InvokeMethod.java:17)
	at org.junit.internal.runners.statements.RunAfters.evaluate(RunAfters.java:27)
	at org.junit.internal.runners.statements.FailOnTimeout$CallableStatement.call(FailOnTimeout.java:298)
	at org.junit.internal.runners.statements.FailOnTimeout$CallableStatement.call(FailOnTimeout.java:292)
	at java.util.concurrent.FutureTask.run(FutureTask.java:266)
	at java.lang.Thread.run(Thread.java:748)
2019-09-24 16:06:16,047 INFO  server.RaftServerConfigKeys (ConfUtils.java:logGet(43)) - raft.server.rpc.timeout.max = 300ms (default)
2019-09-24 16:06:16,048 INFO  ratis.RaftTestUtil (RaftTestUtil.java:waitForLeader(86)) - printing ALL groups
  s0:  RUNNING    LEADER s0@group-DDA61F3D2864:t7, leader=s0, voted=s0, raftlog=s0@group-DDA61F3D2864-SegmentedRaftLog:OPENED:c-1,f0,i1, conf=1: [s0:0.0.0.0:39545, s1:0.0.0.0:39945, s2:0.0.0.0:33605], old=null RUNNING
  s1:  RUNNING  FOLLOWER s1@group-DDA61F3D2864:t7, leader=s0, voted=s0, raftlog=s1@group-DDA61F3D2864-SegmentedRaftLog:OPENED:c-1,f-1,i1, conf=1: [s0:0.0.0.0:39545, s1:0.0.0.0:39945, s2:0.0.0.0:33605], old=null RUNNING
  s2:  RUNNING  FOLLOWER s2@group-DDA61F3D2864:t7, leader=s0, voted=s0, raftlog=s2@group-DDA61F3D2864-SegmentedRaftLog:OPENED:c-1,f-1,i1, conf=1: [s0:0.0.0.0:39545, s1:0.0.0.0:39945, s2:0.0.0.0:33605], old=null RUNNING
2019-09-24 16:06:16,048 INFO  ratis.RaftTestUtil (RaftTestUtil.java:waitForLeader(101)) - printing ALL groups
  s0:  RUNNING    LEADER s0@group-DDA61F3D2864:t7, leader=s0, voted=s0, raftlog=s0@group-DDA61F3D2864-SegmentedRaftLog:OPENED:c-1,f0,i1, conf=1: [s0:0.0.0.0:39545, s1:0.0.0.0:39945, s2:0.0.0.0:33605], old=null RUNNING
  s1:  RUNNING  FOLLOWER s1@group-DDA61F3D2864:t7, leader=s0, voted=s0, raftlog=s1@group-DDA61F3D2864-SegmentedRaftLog:OPENED:c-1,f-1,i1, conf=1: [s0:0.0.0.0:39545, s1:0.0.0.0:39945, s2:0.0.0.0:33605], old=null RUNNING
  s2:  RUNNING  FOLLOWER s2@group-DDA61F3D2864:t7, leader=s0, voted=s0, raftlog=s2@group-DDA61F3D2864-SegmentedRaftLog:OPENED:c-1,f-1,i1, conf=1: [s0:0.0.0.0:39545, s1:0.0.0.0:39945, s2:0.0.0.0:33605], old=null RUNNING
2019-09-24 16:06:16,048 WARN  ratis.RaftTestUtil (JavaUtils.java:attempt(158)) - FAILED "testChangeLeader-changeLeader", attempt #14/20: java.lang.IllegalStateException: Failed to change leader: newLeader == oldLeader == s0, sleep 100ms and then retry.
java.lang.IllegalStateException: Failed to change leader: newLeader == oldLeader == s0
	at org.apache.ratis.RaftTestUtil.lambda$changeLeader$7(RaftTestUtil.java:365)
	at org.apache.ratis.util.JavaUtils.attempt(JavaUtils.java:152)
	at org.apache.ratis.RaftTestUtil.changeLeader(RaftTestUtil.java:362)
	at org.apache.ratis.server.impl.LeaderElectionTests.testChangeLeader(LeaderElectionTests.java:81)
	at sun.reflect.NativeMethodAccessorImpl.invoke0(Native Method)
	at sun.reflect.NativeMethodAccessorImpl.invoke(NativeMethodAccessorImpl.java:62)
	at sun.reflect.DelegatingMethodAccessorImpl.invoke(DelegatingMethodAccessorImpl.java:43)
	at java.lang.reflect.Method.invoke(Method.java:498)
	at org.junit.runners.model.FrameworkMethod$1.runReflectiveCall(FrameworkMethod.java:50)
	at org.junit.internal.runners.model.ReflectiveCallable.run(ReflectiveCallable.java:12)
	at org.junit.runners.model.FrameworkMethod.invokeExplosively(FrameworkMethod.java:47)
	at org.junit.internal.runners.statements.InvokeMethod.evaluate(InvokeMethod.java:17)
	at org.junit.internal.runners.statements.RunAfters.evaluate(RunAfters.java:27)
	at org.junit.internal.runners.statements.FailOnTimeout$CallableStatement.call(FailOnTimeout.java:298)
	at org.junit.internal.runners.statements.FailOnTimeout$CallableStatement.call(FailOnTimeout.java:292)
	at java.util.concurrent.FutureTask.run(FutureTask.java:266)
	at java.lang.Thread.run(Thread.java:748)
2019-09-24 16:06:16,149 INFO  server.RaftServerConfigKeys (ConfUtils.java:logGet(43)) - raft.server.rpc.timeout.max = 300ms (default)
2019-09-24 16:06:16,149 INFO  ratis.RaftTestUtil (RaftTestUtil.java:waitForLeader(86)) - printing ALL groups
  s0:  RUNNING    LEADER s0@group-DDA61F3D2864:t7, leader=s0, voted=s0, raftlog=s0@group-DDA61F3D2864-SegmentedRaftLog:OPENED:c-1,f0,i1, conf=1: [s0:0.0.0.0:39545, s1:0.0.0.0:39945, s2:0.0.0.0:33605], old=null RUNNING
  s1:  RUNNING  FOLLOWER s1@group-DDA61F3D2864:t7, leader=s0, voted=s0, raftlog=s1@group-DDA61F3D2864-SegmentedRaftLog:OPENED:c-1,f-1,i1, conf=1: [s0:0.0.0.0:39545, s1:0.0.0.0:39945, s2:0.0.0.0:33605], old=null RUNNING
  s2:  RUNNING  FOLLOWER s2@group-DDA61F3D2864:t7, leader=s0, voted=s0, raftlog=s2@group-DDA61F3D2864-SegmentedRaftLog:OPENED:c-1,f-1,i1, conf=1: [s0:0.0.0.0:39545, s1:0.0.0.0:39945, s2:0.0.0.0:33605], old=null RUNNING
2019-09-24 16:06:16,149 INFO  ratis.RaftTestUtil (RaftTestUtil.java:waitForLeader(101)) - printing ALL groups
  s0:  RUNNING    LEADER s0@group-DDA61F3D2864:t7, leader=s0, voted=s0, raftlog=s0@group-DDA61F3D2864-SegmentedRaftLog:OPENED:c-1,f0,i1, conf=1: [s0:0.0.0.0:39545, s1:0.0.0.0:39945, s2:0.0.0.0:33605], old=null RUNNING
  s1:  RUNNING  FOLLOWER s1@group-DDA61F3D2864:t7, leader=s0, voted=s0, raftlog=s1@group-DDA61F3D2864-SegmentedRaftLog:OPENED:c-1,f-1,i1, conf=1: [s0:0.0.0.0:39545, s1:0.0.0.0:39945, s2:0.0.0.0:33605], old=null RUNNING
  s2:  RUNNING  FOLLOWER s2@group-DDA61F3D2864:t7, leader=s0, voted=s0, raftlog=s2@group-DDA61F3D2864-SegmentedRaftLog:OPENED:c-1,f-1,i1, conf=1: [s0:0.0.0.0:39545, s1:0.0.0.0:39945, s2:0.0.0.0:33605], old=null RUNNING
2019-09-24 16:06:16,150 WARN  ratis.RaftTestUtil (JavaUtils.java:attempt(158)) - FAILED "testChangeLeader-changeLeader", attempt #15/20: java.lang.IllegalStateException: Failed to change leader: newLeader == oldLeader == s0, sleep 100ms and then retry.
java.lang.IllegalStateException: Failed to change leader: newLeader == oldLeader == s0
	at org.apache.ratis.RaftTestUtil.lambda$changeLeader$7(RaftTestUtil.java:365)
	at org.apache.ratis.util.JavaUtils.attempt(JavaUtils.java:152)
	at org.apache.ratis.RaftTestUtil.changeLeader(RaftTestUtil.java:362)
	at org.apache.ratis.server.impl.LeaderElectionTests.testChangeLeader(LeaderElectionTests.java:81)
	at sun.reflect.NativeMethodAccessorImpl.invoke0(Native Method)
	at sun.reflect.NativeMethodAccessorImpl.invoke(NativeMethodAccessorImpl.java:62)
	at sun.reflect.DelegatingMethodAccessorImpl.invoke(DelegatingMethodAccessorImpl.java:43)
	at java.lang.reflect.Method.invoke(Method.java:498)
	at org.junit.runners.model.FrameworkMethod$1.runReflectiveCall(FrameworkMethod.java:50)
	at org.junit.internal.runners.model.ReflectiveCallable.run(ReflectiveCallable.java:12)
	at org.junit.runners.model.FrameworkMethod.invokeExplosively(FrameworkMethod.java:47)
	at org.junit.internal.runners.statements.InvokeMethod.evaluate(InvokeMethod.java:17)
	at org.junit.internal.runners.statements.RunAfters.evaluate(RunAfters.java:27)
	at org.junit.internal.runners.statements.FailOnTimeout$CallableStatement.call(FailOnTimeout.java:298)
	at org.junit.internal.runners.statements.FailOnTimeout$CallableStatement.call(FailOnTimeout.java:292)
	at java.util.concurrent.FutureTask.run(FutureTask.java:266)
	at java.lang.Thread.run(Thread.java:748)
2019-09-24 16:06:16,250 INFO  server.RaftServerConfigKeys (ConfUtils.java:logGet(43)) - raft.server.rpc.timeout.max = 300ms (default)
2019-09-24 16:06:16,251 INFO  ratis.RaftTestUtil (RaftTestUtil.java:waitForLeader(86)) - printing ALL groups
  s0:  RUNNING    LEADER s0@group-DDA61F3D2864:t7, leader=s0, voted=s0, raftlog=s0@group-DDA61F3D2864-SegmentedRaftLog:OPENED:c-1,f0,i1, conf=1: [s0:0.0.0.0:39545, s1:0.0.0.0:39945, s2:0.0.0.0:33605], old=null RUNNING
  s1:  RUNNING  FOLLOWER s1@group-DDA61F3D2864:t7, leader=s0, voted=s0, raftlog=s1@group-DDA61F3D2864-SegmentedRaftLog:OPENED:c-1,f-1,i1, conf=1: [s0:0.0.0.0:39545, s1:0.0.0.0:39945, s2:0.0.0.0:33605], old=null RUNNING
  s2:  RUNNING  FOLLOWER s2@group-DDA61F3D2864:t7, leader=s0, voted=s0, raftlog=s2@group-DDA61F3D2864-SegmentedRaftLog:OPENED:c-1,f-1,i1, conf=1: [s0:0.0.0.0:39545, s1:0.0.0.0:39945, s2:0.0.0.0:33605], old=null RUNNING
2019-09-24 16:06:16,251 INFO  ratis.RaftTestUtil (RaftTestUtil.java:waitForLeader(101)) - printing ALL groups
  s0:  RUNNING    LEADER s0@group-DDA61F3D2864:t7, leader=s0, voted=s0, raftlog=s0@group-DDA61F3D2864-SegmentedRaftLog:OPENED:c-1,f0,i1, conf=1: [s0:0.0.0.0:39545, s1:0.0.0.0:39945, s2:0.0.0.0:33605], old=null RUNNING
  s1:  RUNNING  FOLLOWER s1@group-DDA61F3D2864:t7, leader=s0, voted=s0, raftlog=s1@group-DDA61F3D2864-SegmentedRaftLog:OPENED:c-1,f-1,i1, conf=1: [s0:0.0.0.0:39545, s1:0.0.0.0:39945, s2:0.0.0.0:33605], old=null RUNNING
  s2:  RUNNING  FOLLOWER s2@group-DDA61F3D2864:t7, leader=s0, voted=s0, raftlog=s2@group-DDA61F3D2864-SegmentedRaftLog:OPENED:c-1,f-1,i1, conf=1: [s0:0.0.0.0:39545, s1:0.0.0.0:39945, s2:0.0.0.0:33605], old=null RUNNING
2019-09-24 16:06:16,251 WARN  ratis.RaftTestUtil (JavaUtils.java:attempt(158)) - FAILED "testChangeLeader-changeLeader", attempt #16/20: java.lang.IllegalStateException: Failed to change leader: newLeader == oldLeader == s0, sleep 100ms and then retry.
java.lang.IllegalStateException: Failed to change leader: newLeader == oldLeader == s0
	at org.apache.ratis.RaftTestUtil.lambda$changeLeader$7(RaftTestUtil.java:365)
	at org.apache.ratis.util.JavaUtils.attempt(JavaUtils.java:152)
	at org.apache.ratis.RaftTestUtil.changeLeader(RaftTestUtil.java:362)
	at org.apache.ratis.server.impl.LeaderElectionTests.testChangeLeader(LeaderElectionTests.java:81)
	at sun.reflect.NativeMethodAccessorImpl.invoke0(Native Method)
	at sun.reflect.NativeMethodAccessorImpl.invoke(NativeMethodAccessorImpl.java:62)
	at sun.reflect.DelegatingMethodAccessorImpl.invoke(DelegatingMethodAccessorImpl.java:43)
	at java.lang.reflect.Method.invoke(Method.java:498)
	at org.junit.runners.model.FrameworkMethod$1.runReflectiveCall(FrameworkMethod.java:50)
	at org.junit.internal.runners.model.ReflectiveCallable.run(ReflectiveCallable.java:12)
	at org.junit.runners.model.FrameworkMethod.invokeExplosively(FrameworkMethod.java:47)
	at org.junit.internal.runners.statements.InvokeMethod.evaluate(InvokeMethod.java:17)
	at org.junit.internal.runners.statements.RunAfters.evaluate(RunAfters.java:27)
	at org.junit.internal.runners.statements.FailOnTimeout$CallableStatement.call(FailOnTimeout.java:298)
	at org.junit.internal.runners.statements.FailOnTimeout$CallableStatement.call(FailOnTimeout.java:292)
	at java.util.concurrent.FutureTask.run(FutureTask.java:266)
	at java.lang.Thread.run(Thread.java:748)
2019-09-24 16:06:16,352 INFO  server.RaftServerConfigKeys (ConfUtils.java:logGet(43)) - raft.server.rpc.timeout.max = 300ms (default)
2019-09-24 16:06:16,352 INFO  ratis.RaftTestUtil (RaftTestUtil.java:waitForLeader(86)) - printing ALL groups
  s0:  RUNNING    LEADER s0@group-DDA61F3D2864:t7, leader=s0, voted=s0, raftlog=s0@group-DDA61F3D2864-SegmentedRaftLog:OPENED:c-1,f0,i1, conf=1: [s0:0.0.0.0:39545, s1:0.0.0.0:39945, s2:0.0.0.0:33605], old=null RUNNING
  s1:  RUNNING  FOLLOWER s1@group-DDA61F3D2864:t7, leader=s0, voted=s0, raftlog=s1@group-DDA61F3D2864-SegmentedRaftLog:OPENED:c-1,f-1,i1, conf=1: [s0:0.0.0.0:39545, s1:0.0.0.0:39945, s2:0.0.0.0:33605], old=null RUNNING
  s2:  RUNNING  FOLLOWER s2@group-DDA61F3D2864:t7, leader=s0, voted=s0, raftlog=s2@group-DDA61F3D2864-SegmentedRaftLog:OPENED:c-1,f-1,i1, conf=1: [s0:0.0.0.0:39545, s1:0.0.0.0:39945, s2:0.0.0.0:33605], old=null RUNNING
2019-09-24 16:06:16,353 INFO  ratis.RaftTestUtil (RaftTestUtil.java:waitForLeader(101)) - printing ALL groups
  s0:  RUNNING    LEADER s0@group-DDA61F3D2864:t7, leader=s0, voted=s0, raftlog=s0@group-DDA61F3D2864-SegmentedRaftLog:OPENED:c-1,f0,i1, conf=1: [s0:0.0.0.0:39545, s1:0.0.0.0:39945, s2:0.0.0.0:33605], old=null RUNNING
  s1:  RUNNING  FOLLOWER s1@group-DDA61F3D2864:t7, leader=s0, voted=s0, raftlog=s1@group-DDA61F3D2864-SegmentedRaftLog:OPENED:c-1,f-1,i1, conf=1: [s0:0.0.0.0:39545, s1:0.0.0.0:39945, s2:0.0.0.0:33605], old=null RUNNING
  s2:  RUNNING  FOLLOWER s2@group-DDA61F3D2864:t7, leader=s0, voted=s0, raftlog=s2@group-DDA61F3D2864-SegmentedRaftLog:OPENED:c-1,f-1,i1, conf=1: [s0:0.0.0.0:39545, s1:0.0.0.0:39945, s2:0.0.0.0:33605], old=null RUNNING
2019-09-24 16:06:16,353 WARN  ratis.RaftTestUtil (JavaUtils.java:attempt(158)) - FAILED "testChangeLeader-changeLeader", attempt #17/20: java.lang.IllegalStateException: Failed to change leader: newLeader == oldLeader == s0, sleep 100ms and then retry.
java.lang.IllegalStateException: Failed to change leader: newLeader == oldLeader == s0
	at org.apache.ratis.RaftTestUtil.lambda$changeLeader$7(RaftTestUtil.java:365)
	at org.apache.ratis.util.JavaUtils.attempt(JavaUtils.java:152)
	at org.apache.ratis.RaftTestUtil.changeLeader(RaftTestUtil.java:362)
	at org.apache.ratis.server.impl.LeaderElectionTests.testChangeLeader(LeaderElectionTests.java:81)
	at sun.reflect.NativeMethodAccessorImpl.invoke0(Native Method)
	at sun.reflect.NativeMethodAccessorImpl.invoke(NativeMethodAccessorImpl.java:62)
	at sun.reflect.DelegatingMethodAccessorImpl.invoke(DelegatingMethodAccessorImpl.java:43)
	at java.lang.reflect.Method.invoke(Method.java:498)
	at org.junit.runners.model.FrameworkMethod$1.runReflectiveCall(FrameworkMethod.java:50)
	at org.junit.internal.runners.model.ReflectiveCallable.run(ReflectiveCallable.java:12)
	at org.junit.runners.model.FrameworkMethod.invokeExplosively(FrameworkMethod.java:47)
	at org.junit.internal.runners.statements.InvokeMethod.evaluate(InvokeMethod.java:17)
	at org.junit.internal.runners.statements.RunAfters.evaluate(RunAfters.java:27)
	at org.junit.internal.runners.statements.FailOnTimeout$CallableStatement.call(FailOnTimeout.java:298)
	at org.junit.internal.runners.statements.FailOnTimeout$CallableStatement.call(FailOnTimeout.java:292)
	at java.util.concurrent.FutureTask.run(FutureTask.java:266)
	at java.lang.Thread.run(Thread.java:748)
2019-09-24 16:06:16,423 INFO  segmented.SegmentedRaftLogWorker (SegmentedRaftLogWorker.java:execute(569)) - s2@group-DDA61F3D2864-SegmentedRaftLogWorker: created new log segment /workdir/ratis-test/target/test/data/5d072dae/MiniRaftClusterWithGrpc6d1829e8/s2/43243cff-a026-4d00-9327-dda61f3d2864/current/log_inprogress_0
2019-09-24 16:06:16,423 INFO  segmented.SegmentedRaftLogWorker (SegmentedRaftLogWorker.java:execute(569)) - s1@group-DDA61F3D2864-SegmentedRaftLogWorker: created new log segment /workdir/ratis-test/target/test/data/5d072dae/MiniRaftClusterWithGrpc6d1829e8/s1/43243cff-a026-4d00-9327-dda61f3d2864/current/log_inprogress_0
2019-09-24 16:06:16,423 INFO  segmented.SegmentedRaftLogWorker (SegmentedRaftLogWorker.java:execute(569)) - s0@group-DDA61F3D2864-SegmentedRaftLogWorker: created new log segment /workdir/ratis-test/target/test/data/5d072dae/MiniRaftClusterWithGrpc6d1829e8/s0/43243cff-a026-4d00-9327-dda61f3d2864/current/log_inprogress_1
2019-09-24 16:06:16,423 DEBUG segmented.SegmentedRaftLogWorker (SegmentedRaftLogWorker.java:flushWrites(340)) - s0@group-DDA61F3D2864-SegmentedRaftLogWorker: flush SegmentedRaftLogOutputStream(/workdir/ratis-test/target/test/data/5d072dae/MiniRaftClusterWithGrpc6d1829e8/s0/43243cff-a026-4d00-9327-dda61f3d2864/current/log_inprogress_1)
2019-09-24 16:06:16,424 INFO  impl.LeaderElection (LeaderElection.java:askForVotes(178)) - s1@group-5F392C4368C8-LeaderElection43: begin an election at term 3 for 0: [s0:0.0.0.0:35901, s1:0.0.0.0:45899, s2:0.0.0.0:34104], old=null
2019-09-24 16:06:16,425 INFO  impl.LeaderElection (LeaderElection.java:askForVotes(178)) - s2@group-5F392C4368C8-LeaderElection44: begin an election at term 3 for 0: [s0:0.0.0.0:35901, s1:0.0.0.0:45899, s2:0.0.0.0:34104], old=null
2019-09-24 16:06:16,428 DEBUG impl.RaftServerImpl (RaftServerImpl.java:requestVote(743)) - s0@group-5F392C4368C8: receive requestVote(s1, group-5F392C4368C8, 3, (t:2, i:0))
2019-09-24 16:06:16,428 DEBUG impl.RaftServerImpl (RaftServerImpl.java:requestVote(743)) - s2@group-5F392C4368C8: receive requestVote(s1, group-5F392C4368C8, 3, (t:2, i:0))
2019-09-24 16:06:16,428 INFO  impl.RaftServerImpl (ServerState.java:setLeader(254)) - s0@group-5F392C4368C8: change Leader from s0 to null at term 3 for updateCurrentTerm
2019-09-24 16:06:16,428 DEBUG impl.RaftServerImpl (RaftServerImpl.java:requestVote(775)) - s2@group-5F392C4368C8 replies to vote request: s1<-s2#0:FAIL-t3. Peer's state: s2@group-5F392C4368C8:t3, leader=null, voted=s2, raftlog=s2@group-5F392C4368C8-SegmentedRaftLog:OPENED:c0,f0,i0, conf=0: [s0:0.0.0.0:35901, s1:0.0.0.0:45899, s2:0.0.0.0:34104], old=null
2019-09-24 16:06:16,429 INFO  impl.RaftServerImpl (RaftServerImpl.java:setRole(170)) - s0@group-5F392C4368C8: changes role from    LEADER to FOLLOWER at term 3 for recognizeCandidate:s1
2019-09-24 16:06:16,429 INFO  impl.RoleInfo (RoleInfo.java:shutdownLeaderState(104)) - s0: shutdown LeaderState
2019-09-24 16:06:16,433 WARN  server.GrpcLogAppender (GrpcLogAppender.java:mayWait(143)) - s0@group-5F392C4368C8->s2-GrpcLogAppender: Wait interrupted by java.lang.InterruptedException
2019-09-24 16:06:16,433 INFO  impl.PendingRequests (PendingRequests.java:sendNotLeaderResponses(202)) - s0@group-5F392C4368C8-PendingRequests: sendNotLeaderResponses
2019-09-24 16:06:16,433 WARN  server.GrpcLogAppender (GrpcLogAppender.java:mayWait(143)) - s0@group-5F392C4368C8->s1-GrpcLogAppender: Wait interrupted by java.lang.InterruptedException
2019-09-24 16:06:16,434 INFO  impl.RoleInfo (RoleInfo.java:updateAndGet(143)) - s0: start FollowerState
2019-09-24 16:06:16,437 DEBUG impl.RaftServerImpl (RaftServerImpl.java:requestVote(743)) - s1@group-5F392C4368C8: receive requestVote(s2, group-5F392C4368C8, 3, (t:2, i:0))
2019-09-24 16:06:16,437 DEBUG impl.RaftServerImpl (RaftServerImpl.java:requestVote(743)) - s0@group-5F392C4368C8: receive requestVote(s2, group-5F392C4368C8, 3, (t:2, i:0))
2019-09-24 16:06:16,437 DEBUG impl.RaftServerImpl (RaftServerImpl.java:requestVote(775)) - s1@group-5F392C4368C8 replies to vote request: s2<-s1#0:FAIL-t3. Peer's state: s1@group-5F392C4368C8:t3, leader=null, voted=s1, raftlog=s1@group-5F392C4368C8-SegmentedRaftLog:OPENED:c0,f0,i0, conf=0: [s0:0.0.0.0:35901, s1:0.0.0.0:45899, s2:0.0.0.0:34104], old=null
2019-09-24 16:06:16,448 TRACE segmented.SegmentedRaftLogWorker (SegmentedRaftLogWorker.java:lambda$new$1(133)) - s0@group-DDA61F3D2864-SegmentedRaftLogWorker: flushIndex: updateIncreasingly 0 -> 1
2019-09-24 16:06:16,448 DEBUG impl.RaftServerImpl (RaftServerImpl.java:requestVote(775)) - s0@group-5F392C4368C8 replies to vote request: s1<-s0#0:FAIL-t3. Peer's state: s0@group-5F392C4368C8:t3, leader=null, voted=null, raftlog=s0@group-5F392C4368C8-SegmentedRaftLog:OPENED:c0,f0,i0, conf=0: [s0:0.0.0.0:35901, s1:0.0.0.0:45899, s2:0.0.0.0:34104], old=null
2019-09-24 16:06:16,449 INFO  impl.RaftServerImpl (RaftServerImpl.java:setRole(170)) - s0@group-5F392C4368C8: changes role from  FOLLOWER to FOLLOWER at term 3 for recognizeCandidate:s2
2019-09-24 16:06:16,449 INFO  impl.RoleInfo (RoleInfo.java:shutdownFollowerState(121)) - s0: shutdown FollowerState
2019-09-24 16:06:16,449 INFO  impl.RoleInfo (RoleInfo.java:updateAndGet(143)) - s0: start FollowerState
2019-09-24 16:06:16,449 INFO  impl.FollowerState (FollowerState.java:run(117)) - s0@group-5F392C4368C8-FollowerState was interrupted: java.lang.InterruptedException: sleep interrupted
2019-09-24 16:06:16,450 INFO  impl.LeaderElection (LeaderElection.java:logAndReturn(56)) - s1@group-5F392C4368C8-LeaderElection43: Election REJECTED; received 2 response(s) [s1<-s0#0:FAIL-t3, s1<-s2#0:FAIL-t3] and 0 exception(s); s1@group-5F392C4368C8:t3, leader=null, voted=s1, raftlog=s1@group-5F392C4368C8-SegmentedRaftLog:OPENED:c0,f0,i0, conf=0: [s0:0.0.0.0:35901, s1:0.0.0.0:45899, s2:0.0.0.0:34104], old=null
2019-09-24 16:06:16,450 TRACE util.FileUtils (LogUtils.java:runAndLog(61)) - Successfully ran Files.move /workdir/ratis-test/target/test/data/5d072dae/MiniRaftClusterWithGrpc6d1829e8/s2/43243cff-a026-4d00-9327-dda61f3d2864/current/log_inprogress_0 to /workdir/ratis-test/target/test/data/5d072dae/MiniRaftClusterWithGrpc6d1829e8/s2/43243cff-a026-4d00-9327-dda61f3d2864/current/log_0-0
2019-09-24 16:06:16,450 INFO  impl.RaftServerImpl (RaftServerImpl.java:setRole(170)) - s1@group-5F392C4368C8: changes role from CANDIDATE to FOLLOWER at term 3 for DISCOVERED_A_NEW_TERM
2019-09-24 16:06:16,450 TRACE util.FileUtils (LogUtils.java:runAndLog(61)) - Successfully ran Files.move /workdir/ratis-test/target/test/data/5d072dae/MiniRaftClusterWithGrpc6d1829e8/s1/43243cff-a026-4d00-9327-dda61f3d2864/current/log_inprogress_0 to /workdir/ratis-test/target/test/data/5d072dae/MiniRaftClusterWithGrpc6d1829e8/s1/43243cff-a026-4d00-9327-dda61f3d2864/current/log_0-0
2019-09-24 16:06:16,450 INFO  impl.RoleInfo (RoleInfo.java:shutdownLeaderElection(134)) - s1: shutdown LeaderElection
2019-09-24 16:06:16,450 INFO  segmented.SegmentedRaftLogWorker (SegmentedRaftLogWorker.java:execute(526)) - s2@group-DDA61F3D2864-SegmentedRaftLogWorker: Rolled log segment from /workdir/ratis-test/target/test/data/5d072dae/MiniRaftClusterWithGrpc6d1829e8/s2/43243cff-a026-4d00-9327-dda61f3d2864/current/log_inprogress_0 to /workdir/ratis-test/target/test/data/5d072dae/MiniRaftClusterWithGrpc6d1829e8/s2/43243cff-a026-4d00-9327-dda61f3d2864/current/log_0-0
2019-09-24 16:06:16,451 INFO  impl.RoleInfo (RoleInfo.java:updateAndGet(143)) - s1: start FollowerState
2019-09-24 16:06:16,450 INFO  segmented.SegmentedRaftLogWorker (SegmentedRaftLogWorker.java:execute(526)) - s1@group-DDA61F3D2864-SegmentedRaftLogWorker: Rolled log segment from /workdir/ratis-test/target/test/data/5d072dae/MiniRaftClusterWithGrpc6d1829e8/s1/43243cff-a026-4d00-9327-dda61f3d2864/current/log_inprogress_0 to /workdir/ratis-test/target/test/data/5d072dae/MiniRaftClusterWithGrpc6d1829e8/s1/43243cff-a026-4d00-9327-dda61f3d2864/current/log_0-0
2019-09-24 16:06:16,451 TRACE segmented.SegmentedRaftLogWorker (SegmentedRaftLogWorker.java:lambda$new$1(133)) - s2@group-DDA61F3D2864-SegmentedRaftLogWorker: flushIndex: updateIncreasingly -1 -> 0
2019-09-24 16:06:16,451 TRACE segmented.SegmentedRaftLogWorker (SegmentedRaftLogWorker.java:lambda$new$1(133)) - s1@group-DDA61F3D2864-SegmentedRaftLogWorker: flushIndex: updateIncreasingly -1 -> 0
2019-09-24 16:06:16,454 INFO  server.RaftServerConfigKeys (ConfUtils.java:logGet(43)) - raft.server.rpc.timeout.max = 300ms (default)
2019-09-24 16:06:16,454 INFO  ratis.RaftTestUtil (RaftTestUtil.java:waitForLeader(86)) - printing ALL groups
  s0:  RUNNING    LEADER s0@group-DDA61F3D2864:t7, leader=s0, voted=s0, raftlog=s0@group-DDA61F3D2864-SegmentedRaftLog:OPENED:c-1,f1,i1, conf=1: [s0:0.0.0.0:39545, s1:0.0.0.0:39945, s2:0.0.0.0:33605], old=null RUNNING
  s1:  RUNNING  FOLLOWER s1@group-DDA61F3D2864:t7, leader=s0, voted=s0, raftlog=s1@group-DDA61F3D2864-SegmentedRaftLog:OPENED:c-1,f0,i1, conf=1: [s0:0.0.0.0:39545, s1:0.0.0.0:39945, s2:0.0.0.0:33605], old=null RUNNING
  s2:  RUNNING  FOLLOWER s2@group-DDA61F3D2864:t7, leader=s0, voted=s0, raftlog=s2@group-DDA61F3D2864-SegmentedRaftLog:OPENED:c-1,f0,i1, conf=1: [s0:0.0.0.0:39545, s1:0.0.0.0:39945, s2:0.0.0.0:33605], old=null RUNNING
2019-09-24 16:06:16,454 INFO  ratis.RaftTestUtil (RaftTestUtil.java:waitForLeader(101)) - printing ALL groups
  s0:  RUNNING    LEADER s0@group-DDA61F3D2864:t7, leader=s0, voted=s0, raftlog=s0@group-DDA61F3D2864-SegmentedRaftLog:OPENED:c-1,f1,i1, conf=1: [s0:0.0.0.0:39545, s1:0.0.0.0:39945, s2:0.0.0.0:33605], old=null RUNNING
  s1:  RUNNING  FOLLOWER s1@group-DDA61F3D2864:t7, leader=s0, voted=s0, raftlog=s1@group-DDA61F3D2864-SegmentedRaftLog:OPENED:c-1,f0,i1, conf=1: [s0:0.0.0.0:39545, s1:0.0.0.0:39945, s2:0.0.0.0:33605], old=null RUNNING
  s2:  RUNNING  FOLLOWER s2@group-DDA61F3D2864:t7, leader=s0, voted=s0, raftlog=s2@group-DDA61F3D2864-SegmentedRaftLog:OPENED:c-1,f0,i1, conf=1: [s0:0.0.0.0:39545, s1:0.0.0.0:39945, s2:0.0.0.0:33605], old=null RUNNING
2019-09-24 16:06:16,455 WARN  ratis.RaftTestUtil (JavaUtils.java:attempt(158)) - FAILED "testChangeLeader-changeLeader", attempt #18/20: java.lang.IllegalStateException: Failed to change leader: newLeader == oldLeader == s0, sleep 100ms and then retry.
java.lang.IllegalStateException: Failed to change leader: newLeader == oldLeader == s0
	at org.apache.ratis.RaftTestUtil.lambda$changeLeader$7(RaftTestUtil.java:365)
	at org.apache.ratis.util.JavaUtils.attempt(JavaUtils.java:152)
	at org.apache.ratis.RaftTestUtil.changeLeader(RaftTestUtil.java:362)
	at org.apache.ratis.server.impl.LeaderElectionTests.testChangeLeader(LeaderElectionTests.java:81)
	at sun.reflect.NativeMethodAccessorImpl.invoke0(Native Method)
	at sun.reflect.NativeMethodAccessorImpl.invoke(NativeMethodAccessorImpl.java:62)
	at sun.reflect.DelegatingMethodAccessorImpl.invoke(DelegatingMethodAccessorImpl.java:43)
	at java.lang.reflect.Method.invoke(Method.java:498)
	at org.junit.runners.model.FrameworkMethod$1.runReflectiveCall(FrameworkMethod.java:50)
	at org.junit.internal.runners.model.ReflectiveCallable.run(ReflectiveCallable.java:12)
	at org.junit.runners.model.FrameworkMethod.invokeExplosively(FrameworkMethod.java:47)
	at org.junit.internal.runners.statements.InvokeMethod.evaluate(InvokeMethod.java:17)
	at org.junit.internal.runners.statements.RunAfters.evaluate(RunAfters.java:27)
	at org.junit.internal.runners.statements.FailOnTimeout$CallableStatement.call(FailOnTimeout.java:298)
	at org.junit.internal.runners.statements.FailOnTimeout$CallableStatement.call(FailOnTimeout.java:292)
	at java.util.concurrent.FutureTask.run(FutureTask.java:266)
	at java.lang.Thread.run(Thread.java:748)
2019-09-24 16:06:16,555 INFO  server.RaftServerConfigKeys (ConfUtils.java:logGet(43)) - raft.server.rpc.timeout.max = 300ms (default)
2019-09-24 16:06:16,556 INFO  ratis.RaftTestUtil (RaftTestUtil.java:waitForLeader(86)) - printing ALL groups
  s0:  RUNNING    LEADER s0@group-DDA61F3D2864:t7, leader=s0, voted=s0, raftlog=s0@group-DDA61F3D2864-SegmentedRaftLog:OPENED:c-1,f1,i1, conf=1: [s0:0.0.0.0:39545, s1:0.0.0.0:39945, s2:0.0.0.0:33605], old=null RUNNING
  s1:  RUNNING  FOLLOWER s1@group-DDA61F3D2864:t7, leader=s0, voted=s0, raftlog=s1@group-DDA61F3D2864-SegmentedRaftLog:OPENED:c-1,f0,i1, conf=1: [s0:0.0.0.0:39545, s1:0.0.0.0:39945, s2:0.0.0.0:33605], old=null RUNNING
  s2:  RUNNING  FOLLOWER s2@group-DDA61F3D2864:t7, leader=s0, voted=s0, raftlog=s2@group-DDA61F3D2864-SegmentedRaftLog:OPENED:c-1,f0,i1, conf=1: [s0:0.0.0.0:39545, s1:0.0.0.0:39945, s2:0.0.0.0:33605], old=null RUNNING
2019-09-24 16:06:16,556 INFO  ratis.RaftTestUtil (RaftTestUtil.java:waitForLeader(101)) - printing ALL groups
  s0:  RUNNING    LEADER s0@group-DDA61F3D2864:t7, leader=s0, voted=s0, raftlog=s0@group-DDA61F3D2864-SegmentedRaftLog:OPENED:c-1,f1,i1, conf=1: [s0:0.0.0.0:39545, s1:0.0.0.0:39945, s2:0.0.0.0:33605], old=null RUNNING
  s1:  RUNNING  FOLLOWER s1@group-DDA61F3D2864:t7, leader=s0, voted=s0, raftlog=s1@group-DDA61F3D2864-SegmentedRaftLog:OPENED:c-1,f0,i1, conf=1: [s0:0.0.0.0:39545, s1:0.0.0.0:39945, s2:0.0.0.0:33605], old=null RUNNING
  s2:  RUNNING  FOLLOWER s2@group-DDA61F3D2864:t7, leader=s0, voted=s0, raftlog=s2@group-DDA61F3D2864-SegmentedRaftLog:OPENED:c-1,f0,i1, conf=1: [s0:0.0.0.0:39545, s1:0.0.0.0:39945, s2:0.0.0.0:33605], old=null RUNNING
2019-09-24 16:06:16,556 WARN  ratis.RaftTestUtil (JavaUtils.java:attempt(158)) - FAILED "testChangeLeader-changeLeader", attempt #19/20: java.lang.IllegalStateException: Failed to change leader: newLeader == oldLeader == s0, sleep 100ms and then retry.
java.lang.IllegalStateException: Failed to change leader: newLeader == oldLeader == s0
	at org.apache.ratis.RaftTestUtil.lambda$changeLeader$7(RaftTestUtil.java:365)
	at org.apache.ratis.util.JavaUtils.attempt(JavaUtils.java:152)
	at org.apache.ratis.RaftTestUtil.changeLeader(RaftTestUtil.java:362)
	at org.apache.ratis.server.impl.LeaderElectionTests.testChangeLeader(LeaderElectionTests.java:81)
	at sun.reflect.NativeMethodAccessorImpl.invoke0(Native Method)
	at sun.reflect.NativeMethodAccessorImpl.invoke(NativeMethodAccessorImpl.java:62)
	at sun.reflect.DelegatingMethodAccessorImpl.invoke(DelegatingMethodAccessorImpl.java:43)
	at java.lang.reflect.Method.invoke(Method.java:498)
	at org.junit.runners.model.FrameworkMethod$1.runReflectiveCall(FrameworkMethod.java:50)
	at org.junit.internal.runners.model.ReflectiveCallable.run(ReflectiveCallable.java:12)
	at org.junit.runners.model.FrameworkMethod.invokeExplosively(FrameworkMethod.java:47)
	at org.junit.internal.runners.statements.InvokeMethod.evaluate(InvokeMethod.java:17)
	at org.junit.internal.runners.statements.RunAfters.evaluate(RunAfters.java:27)
	at org.junit.internal.runners.statements.FailOnTimeout$CallableStatement.call(FailOnTimeout.java:298)
	at org.junit.internal.runners.statements.FailOnTimeout$CallableStatement.call(FailOnTimeout.java:292)
	at java.util.concurrent.FutureTask.run(FutureTask.java:266)
	at java.lang.Thread.run(Thread.java:748)
2019-09-24 16:06:16,616 INFO  impl.FollowerState (FollowerState.java:run(108)) - s1@group-5F392C4368C8-FollowerState: change to CANDIDATE, lastRpcTime:165ms, electionTimeout:165ms
2019-09-24 16:06:16,617 INFO  impl.RoleInfo (RoleInfo.java:shutdownFollowerState(121)) - s1: shutdown FollowerState
2019-09-24 16:06:16,617 INFO  impl.RaftServerImpl (RaftServerImpl.java:setRole(170)) - s1@group-5F392C4368C8: changes role from  FOLLOWER to CANDIDATE at term 3 for changeToCandidate
2019-09-24 16:06:16,617 INFO  impl.RoleInfo (RoleInfo.java:updateAndGet(143)) - s1: start LeaderElection
2019-09-24 16:06:16,620 INFO  segmented.SegmentedRaftLogWorker (SegmentedRaftLogWorker.java:execute(569)) - s1@group-DDA61F3D2864-SegmentedRaftLogWorker: created new log segment /workdir/ratis-test/target/test/data/5d072dae/MiniRaftClusterWithGrpc6d1829e8/s1/43243cff-a026-4d00-9327-dda61f3d2864/current/log_inprogress_1
2019-09-24 16:06:16,620 DEBUG impl.RaftServerImpl (RaftServerImpl.java:requestVote(775)) - s0@group-5F392C4368C8 replies to vote request: s2<-s0#0:OK-t3. Peer's state: s0@group-5F392C4368C8:t3, leader=null, voted=s2, raftlog=s0@group-5F392C4368C8-SegmentedRaftLog:OPENED:c0,f0,i0, conf=0: [s0:0.0.0.0:35901, s1:0.0.0.0:45899, s2:0.0.0.0:34104], old=null
2019-09-24 16:06:16,620 INFO  segmented.SegmentedRaftLogWorker (SegmentedRaftLogWorker.java:execute(569)) - s2@group-DDA61F3D2864-SegmentedRaftLogWorker: created new log segment /workdir/ratis-test/target/test/data/5d072dae/MiniRaftClusterWithGrpc6d1829e8/s2/43243cff-a026-4d00-9327-dda61f3d2864/current/log_inprogress_1
2019-09-24 16:06:16,620 DEBUG segmented.SegmentedRaftLogWorker (SegmentedRaftLogWorker.java:flushWrites(340)) - s1@group-DDA61F3D2864-SegmentedRaftLogWorker: flush SegmentedRaftLogOutputStream(/workdir/ratis-test/target/test/data/5d072dae/MiniRaftClusterWithGrpc6d1829e8/s1/43243cff-a026-4d00-9327-dda61f3d2864/current/log_inprogress_1)
2019-09-24 16:06:16,621 DEBUG segmented.SegmentedRaftLogWorker (SegmentedRaftLogWorker.java:flushWrites(340)) - s2@group-DDA61F3D2864-SegmentedRaftLogWorker: flush SegmentedRaftLogOutputStream(/workdir/ratis-test/target/test/data/5d072dae/MiniRaftClusterWithGrpc6d1829e8/s2/43243cff-a026-4d00-9327-dda61f3d2864/current/log_inprogress_1)
2019-09-24 16:06:16,622 INFO  impl.LeaderElection (LeaderElection.java:askForVotes(178)) - s1@group-5F392C4368C8-LeaderElection45: begin an election at term 4 for 0: [s0:0.0.0.0:35901, s1:0.0.0.0:45899, s2:0.0.0.0:34104], old=null
2019-09-24 16:06:16,624 INFO  impl.LeaderElection (LeaderElection.java:logAndReturn(56)) - s2@group-5F392C4368C8-LeaderElection44: Election PASSED; received 2 response(s) [s2<-s0#0:OK-t3, s2<-s1#0:FAIL-t3] and 0 exception(s); s2@group-5F392C4368C8:t3, leader=null, voted=s2, raftlog=s2@group-5F392C4368C8-SegmentedRaftLog:OPENED:c0,f0,i0, conf=0: [s0:0.0.0.0:35901, s1:0.0.0.0:45899, s2:0.0.0.0:34104], old=null
2019-09-24 16:06:16,624 INFO  impl.RoleInfo (RoleInfo.java:shutdownLeaderElection(134)) - s2: shutdown LeaderElection
2019-09-24 16:06:16,624 INFO  impl.RaftServerImpl (RaftServerImpl.java:setRole(170)) - s2@group-5F392C4368C8: changes role from CANDIDATE to LEADER at term 3 for changeToLeader
2019-09-24 16:06:16,624 INFO  impl.RaftServerImpl (ServerState.java:setLeader(254)) - s2@group-5F392C4368C8: change Leader from null to s2 at term 3 for becomeLeader, leader elected after 1435ms
2019-09-24 16:06:16,625 INFO  server.RaftServerConfigKeys (ConfUtils.java:logGet(43)) - raft.server.staging.catchup.gap = 1000 (default)
2019-09-24 16:06:16,625 INFO  server.RaftServerConfigKeys (ConfUtils.java:logGet(43)) - raft.server.rpc.sleep.time = 25ms (default)
2019-09-24 16:06:16,625 INFO  server.RaftServerConfigKeys (ConfUtils.java:logGet(43)) - raft.server.write.element-limit = 4096 (default)
2019-09-24 16:06:16,625 INFO  server.RaftServerConfigKeys (ConfUtils.java:logGet(43)) - raft.server.watch.timeout = 10s (default)
2019-09-24 16:06:16,625 INFO  server.RaftServerConfigKeys (ConfUtils.java:logGet(43)) - raft.server.watch.timeout.denomination = 1s (default)
2019-09-24 16:06:16,626 INFO  server.RaftServerConfigKeys (ConfUtils.java:logGet(43)) - raft.server.watch.element-limit = 65536 (default)
2019-09-24 16:06:16,626 DEBUG impl.RaftServerImpl (RaftServerImpl.java:requestVote(743)) - s2@group-5F392C4368C8: receive requestVote(s1, group-5F392C4368C8, 4, (t:2, i:0))
2019-09-24 16:06:16,626 DEBUG impl.RaftServerImpl (RaftServerImpl.java:requestVote(743)) - s0@group-5F392C4368C8: receive requestVote(s1, group-5F392C4368C8, 4, (t:2, i:0))
2019-09-24 16:06:16,626 INFO  impl.RaftServerImpl (RaftServerImpl.java:setRole(170)) - s0@group-5F392C4368C8: changes role from  FOLLOWER to FOLLOWER at term 4 for recognizeCandidate:s1
2019-09-24 16:06:16,626 INFO  impl.RoleInfo (RoleInfo.java:shutdownFollowerState(121)) - s0: shutdown FollowerState
2019-09-24 16:06:16,627 INFO  impl.RoleInfo (RoleInfo.java:updateAndGet(143)) - s0: start FollowerState
2019-09-24 16:06:16,627 INFO  impl.FollowerState (FollowerState.java:run(117)) - s0@group-5F392C4368C8-FollowerState was interrupted: java.lang.InterruptedException: sleep interrupted
2019-09-24 16:06:16,629 INFO  server.RaftServerConfigKeys (ConfUtils.java:logGet(43)) - raft.server.log.appender.snapshot.chunk.size.max = 16MB (=16777216) (default)
2019-09-24 16:06:16,630 INFO  server.RaftServerConfigKeys (ConfUtils.java:logGet(43)) - raft.server.log.appender.buffer.byte-limit = 4MB (=4194304) (default)
2019-09-24 16:06:16,630 INFO  server.RaftServerConfigKeys (ConfUtils.java:logGet(43)) - raft.server.log.appender.buffer.element-limit = 0 (default)
2019-09-24 16:06:16,630 INFO  grpc.GrpcConfigKeys$Server (ConfUtils.java:logGet(43)) - raft.grpc.server.leader.outstanding.appends.max = 128 (default)
2019-09-24 16:06:16,630 INFO  server.RaftServerConfigKeys (ConfUtils.java:logGet(43)) - raft.server.rpc.request.timeout = 3000ms (default)
2019-09-24 16:06:16,630 INFO  server.RaftServerConfigKeys (ConfUtils.java:logGet(43)) - raft.server.log.appender.install.snapshot.enabled = true (default)
2019-09-24 16:06:16,631 INFO  server.RaftServerConfigKeys (ConfUtils.java:logGet(43)) - raft.server.log.appender.snapshot.chunk.size.max = 16MB (=16777216) (default)
2019-09-24 16:06:16,631 DEBUG impl.RaftServerImpl (RaftServerImpl.java:requestVote(775)) - s0@group-5F392C4368C8 replies to vote request: s1<-s0#0:OK-t4. Peer's state: s0@group-5F392C4368C8:t4, leader=null, voted=s1, raftlog=s0@group-5F392C4368C8-SegmentedRaftLog:OPENED:c0,f0,i0, conf=0: [s0:0.0.0.0:35901, s1:0.0.0.0:45899, s2:0.0.0.0:34104], old=null
2019-09-24 16:06:16,631 INFO  server.RaftServerConfigKeys (ConfUtils.java:logGet(43)) - raft.server.log.appender.buffer.byte-limit = 4MB (=4194304) (default)
2019-09-24 16:06:16,631 INFO  server.RaftServerConfigKeys (ConfUtils.java:logGet(43)) - raft.server.log.appender.buffer.element-limit = 0 (default)
2019-09-24 16:06:16,632 INFO  grpc.GrpcConfigKeys$Server (ConfUtils.java:logGet(43)) - raft.grpc.server.leader.outstanding.appends.max = 128 (default)
2019-09-24 16:06:16,632 INFO  server.RaftServerConfigKeys (ConfUtils.java:logGet(43)) - raft.server.rpc.request.timeout = 3000ms (default)
2019-09-24 16:06:16,632 INFO  server.RaftServerConfigKeys (ConfUtils.java:logGet(43)) - raft.server.log.appender.install.snapshot.enabled = true (default)
2019-09-24 16:06:16,632 INFO  impl.LeaderElection (LeaderElection.java:logAndReturn(56)) - s1@group-5F392C4368C8-LeaderElection45: Election PASSED; received 1 response(s) [s1<-s0#0:OK-t4] and 0 exception(s); s1@group-5F392C4368C8:t4, leader=null, voted=s1, raftlog=s1@group-5F392C4368C8-SegmentedRaftLog:OPENED:c0,f0,i0, conf=0: [s0:0.0.0.0:35901, s1:0.0.0.0:45899, s2:0.0.0.0:34104], old=null
2019-09-24 16:06:16,632 INFO  impl.RoleInfo (RoleInfo.java:updateAndGet(143)) - s2: start LeaderState
2019-09-24 16:06:16,632 INFO  impl.RoleInfo (RoleInfo.java:shutdownLeaderElection(134)) - s1: shutdown LeaderElection
2019-09-24 16:06:16,633 INFO  impl.RaftServerImpl (RaftServerImpl.java:setRole(170)) - s1@group-5F392C4368C8: changes role from CANDIDATE to LEADER at term 4 for changeToLeader
2019-09-24 16:06:16,633 INFO  segmented.SegmentedRaftLogWorker (SegmentedRaftLogWorker.java:rollLogSegment(385)) - s2@group-5F392C4368C8-SegmentedRaftLogWorker: Rolling segment log-0_0 to index:0
2019-09-24 16:06:16,633 INFO  impl.RaftServerImpl (ServerState.java:setLeader(254)) - s1@group-5F392C4368C8: change Leader from null to s1 at term 4 for becomeLeader, leader elected after 1734ms
2019-09-24 16:06:16,633 DEBUG segmented.SegmentedRaftLogWorker (SegmentedRaftLogWorker.java:addIOTask(251)) - s2@group-5F392C4368C8-SegmentedRaftLogWorker adds IO task FinalizeLogSegment:0: startIndex=0 endIndex=0
2019-09-24 16:06:16,633 INFO  server.RaftServerConfigKeys (ConfUtils.java:logGet(43)) - raft.server.staging.catchup.gap = 1000 (default)
2019-09-24 16:06:16,633 DEBUG segmented.SegmentedRaftLogWorker (SegmentedRaftLogWorker.java:addIOTask(251)) - s2@group-5F392C4368C8-SegmentedRaftLogWorker adds IO task StartLogSegment:1
2019-09-24 16:06:16,633 INFO  server.RaftServerConfigKeys (ConfUtils.java:logGet(43)) - raft.server.rpc.sleep.time = 25ms (default)
2019-09-24 16:06:16,634 DEBUG segmented.SegmentedRaftLogWorker (SegmentedRaftLogWorker.java:addIOTask(251)) - s2@group-5F392C4368C8-SegmentedRaftLogWorker adds IO task WriteLog:1: (t:3, i:1), CONFIGURATIONENTRY
2019-09-24 16:06:16,634 INFO  server.RaftServerConfigKeys (ConfUtils.java:logGet(43)) - raft.server.write.element-limit = 4096 (default)
2019-09-24 16:06:16,634 INFO  server.RaftServerConfigKeys (ConfUtils.java:logGet(43)) - raft.server.watch.timeout = 10s (default)
2019-09-24 16:06:16,634 INFO  server.RaftServerConfigKeys (ConfUtils.java:logGet(43)) - raft.server.watch.timeout.denomination = 1s (default)
2019-09-24 16:06:16,634 INFO  impl.RaftServerImpl (ServerState.java:setRaftConf(355)) - s2@group-5F392C4368C8: set configuration 1: [s0:0.0.0.0:35901, s1:0.0.0.0:45899, s2:0.0.0.0:34104], old=null at 1
2019-09-24 16:06:16,634 INFO  server.RaftServerConfigKeys (ConfUtils.java:logGet(43)) - raft.server.watch.element-limit = 65536 (default)
2019-09-24 16:06:16,634 INFO  impl.RaftServerImpl (ServerState.java:setLeader(254)) - s2@group-5F392C4368C8: change Leader from s2 to null at term 4 for updateCurrentTerm
2019-09-24 16:06:16,635 INFO  impl.RaftServerImpl (RaftServerImpl.java:setRole(170)) - s2@group-5F392C4368C8: changes role from    LEADER to FOLLOWER at term 4 for recognizeCandidate:s1
2019-09-24 16:06:16,635 INFO  impl.RoleInfo (RoleInfo.java:shutdownLeaderState(104)) - s2: shutdown LeaderState
2019-09-24 16:06:16,636 TRACE util.FileUtils (LogUtils.java:runAndLog(61)) - Successfully ran Files.move /workdir/ratis-test/target/test/data/5d072dae/MiniRaftClusterWithGrpc3a25f3b9/s2/c13f395b-ae41-497a-8e94-5f392c4368c8/current/log_inprogress_0 to /workdir/ratis-test/target/test/data/5d072dae/MiniRaftClusterWithGrpc3a25f3b9/s2/c13f395b-ae41-497a-8e94-5f392c4368c8/current/log_0-0
2019-09-24 16:06:16,636 INFO  segmented.SegmentedRaftLogWorker (SegmentedRaftLogWorker.java:execute(526)) - s2@group-5F392C4368C8-SegmentedRaftLogWorker: Rolled log segment from /workdir/ratis-test/target/test/data/5d072dae/MiniRaftClusterWithGrpc3a25f3b9/s2/c13f395b-ae41-497a-8e94-5f392c4368c8/current/log_inprogress_0 to /workdir/ratis-test/target/test/data/5d072dae/MiniRaftClusterWithGrpc3a25f3b9/s2/c13f395b-ae41-497a-8e94-5f392c4368c8/current/log_0-0
2019-09-24 16:06:16,636 TRACE segmented.SegmentedRaftLogWorker (SegmentedRaftLogWorker.java:lambda$new$1(133)) - s2@group-5F392C4368C8-SegmentedRaftLogWorker: flushIndex: updateIncreasingly 0 -> 0
2019-09-24 16:06:16,637 WARN  server.GrpcLogAppender (GrpcLogAppender.java:mayWait(143)) - s2@group-5F392C4368C8->s0-GrpcLogAppender: Wait interrupted by java.lang.InterruptedException
2019-09-24 16:06:16,637 INFO  impl.PendingRequests (PendingRequests.java:sendNotLeaderResponses(202)) - s2@group-5F392C4368C8-PendingRequests: sendNotLeaderResponses
2019-09-24 16:06:16,638 DEBUG impl.RaftServerImpl (RaftServerImpl.java:appendEntriesAsync(906)) - s0@group-5F392C4368C8: Not recognize s2 (term=3) as leader, state: s0@group-5F392C4368C8:t4, leader=null, voted=s1, raftlog=s0@group-5F392C4368C8-SegmentedRaftLog:OPENED:c0,f0,i0, conf=0: [s0:0.0.0.0:35901, s1:0.0.0.0:45899, s2:0.0.0.0:34104], old=null reply: s2<-s0#0:FAIL,NOT_LEADER,nextIndex:1,term:4,followerCommit:0
2019-09-24 16:06:16,638 INFO  impl.RoleInfo (RoleInfo.java:updateAndGet(143)) - s2: start FollowerState
2019-09-24 16:06:16,638 WARN  server.GrpcLogAppender (GrpcLogAppender.java:mayWait(143)) - s2@group-5F392C4368C8->s1-GrpcLogAppender: Wait interrupted by java.lang.InterruptedException
2019-09-24 16:06:16,638 INFO  server.GrpcServerProtocolService (GrpcServerProtocolService.java:onCompleted(113)) - s0: Completed APPEND_ENTRIES, lastRequest: s2->s0#0-t3, previous=(t:2, i:0), leaderCommit=0, initializing? false, entries: <empty>
2019-09-24 16:06:16,639 INFO  server.RaftServerConfigKeys (ConfUtils.java:logGet(43)) - raft.server.log.appender.snapshot.chunk.size.max = 16MB (=16777216) (default)
2019-09-24 16:06:16,639 TRACE segmented.SegmentedRaftLogWorker (SegmentedRaftLogWorker.java:lambda$new$1(133)) - s1@group-DDA61F3D2864-SegmentedRaftLogWorker: flushIndex: updateIncreasingly 0 -> 1
2019-09-24 16:06:16,639 TRACE segmented.SegmentedRaftLogWorker (SegmentedRaftLogWorker.java:lambda$new$1(133)) - s2@group-DDA61F3D2864-SegmentedRaftLogWorker: flushIndex: updateIncreasingly 0 -> 1
2019-09-24 16:06:16,639 INFO  server.RaftServerConfigKeys (ConfUtils.java:logGet(43)) - raft.server.log.appender.buffer.byte-limit = 4MB (=4194304) (default)
2019-09-24 16:06:16,640 INFO  server.RaftServerConfigKeys (ConfUtils.java:logGet(43)) - raft.server.log.appender.buffer.element-limit = 0 (default)
2019-09-24 16:06:16,640 DEBUG impl.RaftServerImpl (RaftServerImpl.java:logAppendEntries(850)) - s2@group-DDA61F3D2864: succeeded to handle AppendEntries. Reply: s0<-s2#1:OK,SUCCESS,nextIndex:2,term:7,followerCommit:-1
2019-09-24 16:06:16,640 DEBUG impl.RaftServerImpl (RaftServerImpl.java:logAppendEntries(850)) - s1@group-DDA61F3D2864: succeeded to handle AppendEntries. Reply: s0<-s1#1:OK,SUCCESS,nextIndex:2,term:7,followerCommit:-1
2019-09-24 16:06:16,640 INFO  grpc.GrpcConfigKeys$Server (ConfUtils.java:logGet(43)) - raft.grpc.server.leader.outstanding.appends.max = 128 (default)
2019-09-24 16:06:16,640 INFO  server.RaftServerConfigKeys (ConfUtils.java:logGet(43)) - raft.server.rpc.request.timeout = 3000ms (default)
2019-09-24 16:06:16,641 INFO  server.RaftServerConfigKeys (ConfUtils.java:logGet(43)) - raft.server.log.appender.install.snapshot.enabled = true (default)
2019-09-24 16:06:16,641 INFO  server.RaftServerConfigKeys (ConfUtils.java:logGet(43)) - raft.server.log.appender.snapshot.chunk.size.max = 16MB (=16777216) (default)
2019-09-24 16:06:16,641 INFO  server.RaftServerConfigKeys (ConfUtils.java:logGet(43)) - raft.server.log.appender.buffer.byte-limit = 4MB (=4194304) (default)
2019-09-24 16:06:16,641 DEBUG segmented.SegmentedRaftLogWorker (SegmentedRaftLogWorker.java:addIOTask(251)) - s0@group-DDA61F3D2864-SegmentedRaftLogWorker adds IO task WriteLog:2: (t:7, i:2), METADATAENTRY(c1)
2019-09-24 16:06:16,641 INFO  server.RaftServerConfigKeys (ConfUtils.java:logGet(43)) - raft.server.log.appender.buffer.element-limit = 0 (default)
2019-09-24 16:06:16,642 DEBUG segmented.SegmentedRaftLogWorker (SegmentedRaftLogWorker.java:flushWrites(340)) - s0@group-DDA61F3D2864-SegmentedRaftLogWorker: flush SegmentedRaftLogOutputStream(/workdir/ratis-test/target/test/data/5d072dae/MiniRaftClusterWithGrpc6d1829e8/s0/43243cff-a026-4d00-9327-dda61f3d2864/current/log_inprogress_1)
2019-09-24 16:06:16,642 INFO  grpc.GrpcConfigKeys$Server (ConfUtils.java:logGet(43)) - raft.grpc.server.leader.outstanding.appends.max = 128 (default)
2019-09-24 16:06:16,642 INFO  server.RaftServerConfigKeys (ConfUtils.java:logGet(43)) - raft.server.rpc.request.timeout = 3000ms (default)
2019-09-24 16:06:16,642 INFO  server.RaftServerConfigKeys (ConfUtils.java:logGet(43)) - raft.server.log.appender.install.snapshot.enabled = true (default)
2019-09-24 16:06:16,643 INFO  impl.RoleInfo (RoleInfo.java:updateAndGet(143)) - s1: start LeaderState
2019-09-24 16:06:16,643 INFO  segmented.SegmentedRaftLogWorker (SegmentedRaftLogWorker.java:rollLogSegment(385)) - s1@group-5F392C4368C8-SegmentedRaftLogWorker: Rolling segment log-0_0 to index:0
2019-09-24 16:06:16,643 DEBUG segmented.SegmentedRaftLogWorker (SegmentedRaftLogWorker.java:addIOTask(251)) - s1@group-5F392C4368C8-SegmentedRaftLogWorker adds IO task FinalizeLogSegment:0: startIndex=0 endIndex=0
2019-09-24 16:06:16,643 DEBUG segmented.SegmentedRaftLogWorker (SegmentedRaftLogWorker.java:addIOTask(251)) - s1@group-5F392C4368C8-SegmentedRaftLogWorker adds IO task StartLogSegment:1
2019-09-24 16:06:16,643 DEBUG segmented.SegmentedRaftLogWorker (SegmentedRaftLogWorker.java:addIOTask(251)) - s1@group-5F392C4368C8-SegmentedRaftLogWorker adds IO task WriteLog:1: (t:4, i:1), CONFIGURATIONENTRY
2019-09-24 16:06:16,644 INFO  impl.RaftServerImpl (ServerState.java:setRaftConf(355)) - s1@group-5F392C4368C8: set configuration 1: [s0:0.0.0.0:35901, s1:0.0.0.0:45899, s2:0.0.0.0:34104], old=null at 1
2019-09-24 16:06:16,644 DEBUG impl.RaftServerImpl (RaftServerImpl.java:appendEntriesAsync(906)) - s1@group-5F392C4368C8: Not recognize s2 (term=3) as leader, state: s1@group-5F392C4368C8:t4, leader=s1, voted=s1, raftlog=s1@group-5F392C4368C8-SegmentedRaftLog:OPENED:c0,f0,i1, conf=1: [s0:0.0.0.0:35901, s1:0.0.0.0:45899, s2:0.0.0.0:34104], old=null reply: s2<-s1#0:FAIL,NOT_LEADER,nextIndex:2,term:4,followerCommit:0
2019-09-24 16:06:16,645 INFO  server.GrpcServerProtocolService (GrpcServerProtocolService.java:onCompleted(113)) - s1: Completed APPEND_ENTRIES, lastRequest: s2->s1#0-t3, previous=(t:2, i:0), leaderCommit=0, initializing? false, entries: <empty>
2019-09-24 16:06:16,645 TRACE util.FileUtils (LogUtils.java:runAndLog(61)) - Successfully ran Files.move /workdir/ratis-test/target/test/data/5d072dae/MiniRaftClusterWithGrpc3a25f3b9/s1/c13f395b-ae41-497a-8e94-5f392c4368c8/current/log_inprogress_0 to /workdir/ratis-test/target/test/data/5d072dae/MiniRaftClusterWithGrpc3a25f3b9/s1/c13f395b-ae41-497a-8e94-5f392c4368c8/current/log_0-0
2019-09-24 16:06:16,645 INFO  segmented.SegmentedRaftLogWorker (SegmentedRaftLogWorker.java:execute(526)) - s1@group-5F392C4368C8-SegmentedRaftLogWorker: Rolled log segment from /workdir/ratis-test/target/test/data/5d072dae/MiniRaftClusterWithGrpc3a25f3b9/s1/c13f395b-ae41-497a-8e94-5f392c4368c8/current/log_inprogress_0 to /workdir/ratis-test/target/test/data/5d072dae/MiniRaftClusterWithGrpc3a25f3b9/s1/c13f395b-ae41-497a-8e94-5f392c4368c8/current/log_0-0
2019-09-24 16:06:16,645 TRACE segmented.SegmentedRaftLogWorker (SegmentedRaftLogWorker.java:lambda$new$1(133)) - s1@group-5F392C4368C8-SegmentedRaftLogWorker: flushIndex: updateIncreasingly 0 -> 0
2019-09-24 16:06:16,645 INFO  impl.RaftServerImpl (ServerState.java:setLeader(254)) - s0@group-5F392C4368C8: change Leader from null to s1 at term 4 for appendEntries, leader elected after 217ms
2019-09-24 16:06:16,647 DEBUG impl.RaftServerImpl (RaftServerImpl.java:logAppendEntries(850)) - s0@group-5F392C4368C8: receive appendEntries(s1, 4, (t:2, i:0), 0, false, commits[s1:c0, s0:c0, s2:c0], entries: (t:4, i:1), CONFIGURATIONENTRY
2019-09-24 16:06:16,648 INFO  impl.RaftServerImpl (ServerState.java:setRaftConf(355)) - s0@group-5F392C4368C8: set configuration 1: [s0:0.0.0.0:35901, s1:0.0.0.0:45899, s2:0.0.0.0:34104], old=null at 1
2019-09-24 16:06:16,648 INFO  segmented.SegmentedRaftLogWorker (SegmentedRaftLogWorker.java:rollLogSegment(385)) - s0@group-5F392C4368C8-SegmentedRaftLogWorker: Rolling segment log-0_0 to index:0
2019-09-24 16:06:16,648 DEBUG segmented.SegmentedRaftLogWorker (SegmentedRaftLogWorker.java:addIOTask(251)) - s0@group-5F392C4368C8-SegmentedRaftLogWorker adds IO task FinalizeLogSegment:0: startIndex=0 endIndex=0
2019-09-24 16:06:16,649 DEBUG segmented.SegmentedRaftLogWorker (SegmentedRaftLogWorker.java:addIOTask(251)) - s0@group-5F392C4368C8-SegmentedRaftLogWorker adds IO task StartLogSegment:1
2019-09-24 16:06:16,649 DEBUG segmented.SegmentedRaftLogWorker (SegmentedRaftLogWorker.java:addIOTask(251)) - s0@group-5F392C4368C8-SegmentedRaftLogWorker adds IO task WriteLog:1: (t:4, i:1), CONFIGURATIONENTRY
2019-09-24 16:06:16,652 TRACE util.FileUtils (LogUtils.java:runAndLog(61)) - Successfully ran Files.move /workdir/ratis-test/target/test/data/5d072dae/MiniRaftClusterWithGrpc3a25f3b9/s0/c13f395b-ae41-497a-8e94-5f392c4368c8/current/log_inprogress_0 to /workdir/ratis-test/target/test/data/5d072dae/MiniRaftClusterWithGrpc3a25f3b9/s0/c13f395b-ae41-497a-8e94-5f392c4368c8/current/log_0-0
2019-09-24 16:06:16,652 INFO  segmented.SegmentedRaftLogWorker (SegmentedRaftLogWorker.java:execute(526)) - s0@group-5F392C4368C8-SegmentedRaftLogWorker: Rolled log segment from /workdir/ratis-test/target/test/data/5d072dae/MiniRaftClusterWithGrpc3a25f3b9/s0/c13f395b-ae41-497a-8e94-5f392c4368c8/current/log_inprogress_0 to /workdir/ratis-test/target/test/data/5d072dae/MiniRaftClusterWithGrpc3a25f3b9/s0/c13f395b-ae41-497a-8e94-5f392c4368c8/current/log_0-0
2019-09-24 16:06:16,652 TRACE segmented.SegmentedRaftLogWorker (SegmentedRaftLogWorker.java:lambda$new$1(133)) - s0@group-5F392C4368C8-SegmentedRaftLogWorker: flushIndex: updateIncreasingly 0 -> 0
2019-09-24 16:06:16,657 INFO  server.RaftServerConfigKeys (ConfUtils.java:logGet(43)) - raft.server.rpc.timeout.max = 300ms (default)
2019-09-24 16:06:16,657 INFO  ratis.RaftTestUtil (RaftTestUtil.java:waitForLeader(86)) - printing ALL groups
  s0:  RUNNING    LEADER s0@group-DDA61F3D2864:t7, leader=s0, voted=s0, raftlog=s0@group-DDA61F3D2864-SegmentedRaftLog:OPENED:c1,f1,i2, conf=1: [s0:0.0.0.0:39545, s1:0.0.0.0:39945, s2:0.0.0.0:33605], old=null RUNNING
  s1:  RUNNING  FOLLOWER s1@group-DDA61F3D2864:t7, leader=s0, voted=s0, raftlog=s1@group-DDA61F3D2864-SegmentedRaftLog:OPENED:c-1,f1,i1, conf=1: [s0:0.0.0.0:39545, s1:0.0.0.0:39945, s2:0.0.0.0:33605], old=null RUNNING
  s2:  RUNNING  FOLLOWER s2@group-DDA61F3D2864:t7, leader=s0, voted=s0, raftlog=s2@group-DDA61F3D2864-SegmentedRaftLog:OPENED:c-1,f1,i1, conf=1: [s0:0.0.0.0:39545, s1:0.0.0.0:39945, s2:0.0.0.0:33605], old=null RUNNING
2019-09-24 16:06:16,658 INFO  ratis.RaftTestUtil (RaftTestUtil.java:waitForLeader(101)) - printing ALL groups
  s0:  RUNNING    LEADER s0@group-DDA61F3D2864:t7, leader=s0, voted=s0, raftlog=s0@group-DDA61F3D2864-SegmentedRaftLog:OPENED:c1,f1,i2, conf=1: [s0:0.0.0.0:39545, s1:0.0.0.0:39945, s2:0.0.0.0:33605], old=null RUNNING
  s1:  RUNNING  FOLLOWER s1@group-DDA61F3D2864:t7, leader=s0, voted=s0, raftlog=s1@group-DDA61F3D2864-SegmentedRaftLog:OPENED:c-1,f1,i1, conf=1: [s0:0.0.0.0:39545, s1:0.0.0.0:39945, s2:0.0.0.0:33605], old=null RUNNING
  s2:  RUNNING  FOLLOWER s2@group-DDA61F3D2864:t7, leader=s0, voted=s0, raftlog=s2@group-DDA61F3D2864-SegmentedRaftLog:OPENED:c-1,f1,i1, conf=1: [s0:0.0.0.0:39545, s1:0.0.0.0:39945, s2:0.0.0.0:33605], old=null RUNNING
2019-09-24 16:06:16,658 INFO  util.CodeInjectionForTesting (BlockRequestHandlingInjection.java:unblockRequestor(53)) - UnBlock requestor s0
2019-09-24 16:06:16,666 TRACE segmented.SegmentedRaftLogWorker (SegmentedRaftLogWorker.java:lambda$new$1(133)) - s0@group-DDA61F3D2864-SegmentedRaftLogWorker: flushIndex: updateIncreasingly 1 -> 2
]]></system-out>
  </testcase>
  <testcase name="testLeaderElectionMetrics" classname="org.apache.ratis.grpc.TestLeaderElectionWithGrpc" time="18.904"/>
</testsuite>