<?xml version="1.0" encoding="UTF-8"?>
<testsuite xmlns:xsi="http://www.w3.org/2001/XMLSchema-instance" xsi:noNamespaceSchemaLocation="https://maven.apache.org/surefire/maven-surefire-plugin/xsd/surefire-test-report.xsd" name="org.apache.ratis.grpc.TestRaftReconfigurationWithGrpc" time="173.905" tests="12" errors="0" skipped="0" failures="3">
  <properties>
    <property name="awt.toolkit" value="sun.awt.X11.XToolkit"/>
    <property name="file.encoding.pkg" value="sun.io"/>
    <property name="java.specification.version" value="1.8"/>
    <property name="sun.cpu.isalist" value=""/>
    <property name="sun.jnu.encoding" value="UTF-8"/>
    <property name="java.class.path" value="/workdir/ratis-test/target/test-classes:/workdir/ratis-test/target/classes:/workdir/ratis-common/target/classes:/home/user/.m2/repository/org/apache/ratis/ratis-thirdparty-misc/0.2.0/ratis-thirdparty-misc-0.2.0.jar:/workdir/ratis-proto/target/ratis-proto-0.5.0-SNAPSHOT.jar:/home/user/.m2/repository/org/slf4j/slf4j-log4j12/1.7.10/slf4j-log4j12-1.7.10.jar:/home/user/.m2/repository/log4j/log4j/1.2.17/log4j-1.2.17.jar:/workdir/ratis-common/target/test-classes:/workdir/ratis-client/target/classes:/workdir/ratis-server/target/classes:/workdir/ratis-metrics/target/classes:/home/user/.m2/repository/io/dropwizard/metrics/metrics-core/3.2.5/metrics-core-3.2.5.jar:/home/user/.m2/repository/com/github/joshelser/dropwizard-metrics-hadoop-metrics2-reporter/0.1.2/dropwizard-metrics-hadoop-metrics2-reporter-0.1.2.jar:/home/user/.m2/repository/org/apache/hadoop/hadoop-common/2.6.0/hadoop-common-2.6.0.jar:/home/user/.m2/repository/org/apache/hadoop/hadoop-annotations/2.6.0/hadoop-annotations-2.6.0.jar:/usr/lib/jvm/java-1.8-openjdk/jre/../lib/tools.jar:/home/user/.m2/repository/com/google/guava/guava/11.0.2/guava-11.0.2.jar:/home/user/.m2/repository/commons-cli/commons-cli/1.2/commons-cli-1.2.jar:/home/user/.m2/repository/org/apache/commons/commons-math3/3.1.1/commons-math3-3.1.1.jar:/home/user/.m2/repository/xmlenc/xmlenc/0.52/xmlenc-0.52.jar:/home/user/.m2/repository/commons-httpclient/commons-httpclient/3.1/commons-httpclient-3.1.jar:/home/user/.m2/repository/commons-codec/commons-codec/1.4/commons-codec-1.4.jar:/home/user/.m2/repository/commons-io/commons-io/2.4/commons-io-2.4.jar:/home/user/.m2/repository/commons-net/commons-net/3.1/commons-net-3.1.jar:/home/user/.m2/repository/commons-collections/commons-collections/3.2.1/commons-collections-3.2.1.jar:/home/user/.m2/repository/javax/servlet/servlet-api/2.5/servlet-api-2.5.jar:/home/user/.m2/repository/org/mortbay/jetty/jetty/6.1.26/jetty-6.1.26.jar:/home/user/.m2/repository/org/mortbay/jetty/jetty-util/6.1.26/jetty-util-6.1.26.jar:/home/user/.m2/repository/com/sun/jersey/jersey-core/1.9/jersey-core-1.9.jar:/home/user/.m2/repository/com/sun/jersey/jersey-json/1.9/jersey-json-1.9.jar:/home/user/.m2/repository/org/codehaus/jettison/jettison/1.1/jettison-1.1.jar:/home/user/.m2/repository/com/sun/xml/bind/jaxb-impl/2.2.3-1/jaxb-impl-2.2.3-1.jar:/home/user/.m2/repository/javax/xml/bind/jaxb-api/2.2.2/jaxb-api-2.2.2.jar:/home/user/.m2/repository/javax/xml/stream/stax-api/1.0-2/stax-api-1.0-2.jar:/home/user/.m2/repository/javax/activation/activation/1.1/activation-1.1.jar:/home/user/.m2/repository/org/codehaus/jackson/jackson-jaxrs/1.8.3/jackson-jaxrs-1.8.3.jar:/home/user/.m2/repository/org/codehaus/jackson/jackson-xc/1.8.3/jackson-xc-1.8.3.jar:/home/user/.m2/repository/com/sun/jersey/jersey-server/1.9/jersey-server-1.9.jar:/home/user/.m2/repository/asm/asm/3.1/asm-3.1.jar:/home/user/.m2/repository/tomcat/jasper-compiler/5.5.23/jasper-compiler-5.5.23.jar:/home/user/.m2/repository/tomcat/jasper-runtime/5.5.23/jasper-runtime-5.5.23.jar:/home/user/.m2/repository/javax/servlet/jsp/jsp-api/2.1/jsp-api-2.1.jar:/home/user/.m2/repository/commons-el/commons-el/1.0/commons-el-1.0.jar:/home/user/.m2/repository/commons-logging/commons-logging/1.1.3/commons-logging-1.1.3.jar:/home/user/.m2/repository/net/java/dev/jets3t/jets3t/0.9.0/jets3t-0.9.0.jar:/home/user/.m2/repository/org/apache/httpcomponents/httpclient/4.1.2/httpclient-4.1.2.jar:/home/user/.m2/repository/org/apache/httpcomponents/httpcore/4.1.2/httpcore-4.1.2.jar:/home/user/.m2/repository/com/jamesmurty/utils/java-xmlbuilder/0.4/java-xmlbuilder-0.4.jar:/home/user/.m2/repository/commons-lang/commons-lang/2.6/commons-lang-2.6.jar:/home/user/.m2/repository/commons-configuration/commons-configuration/1.6/commons-configuration-1.6.jar:/home/user/.m2/repository/commons-digester/commons-digester/1.8/commons-digester-1.8.jar:/home/user/.m2/repository/commons-beanutils/commons-beanutils/1.7.0/commons-beanutils-1.7.0.jar:/home/user/.m2/repository/commons-beanutils/commons-beanutils-core/1.8.0/commons-beanutils-core-1.8.0.jar:/home/user/.m2/repository/org/codehaus/jackson/jackson-core-asl/1.9.13/jackson-core-asl-1.9.13.jar:/home/user/.m2/repository/org/codehaus/jackson/jackson-mapper-asl/1.9.13/jackson-mapper-asl-1.9.13.jar:/home/user/.m2/repository/org/apache/avro/avro/1.7.4/avro-1.7.4.jar:/home/user/.m2/repository/com/thoughtworks/paranamer/paranamer/2.3/paranamer-2.3.jar:/home/user/.m2/repository/org/xerial/snappy/snappy-java/1.0.4.1/snappy-java-1.0.4.1.jar:/home/user/.m2/repository/com/google/protobuf/protobuf-java/2.5.0/protobuf-java-2.5.0.jar:/home/user/.m2/repository/com/google/code/gson/gson/2.2.4/gson-2.2.4.jar:/home/user/.m2/repository/org/apache/hadoop/hadoop-auth/2.6.0/hadoop-auth-2.6.0.jar:/home/user/.m2/repository/org/apache/directory/server/apacheds-kerberos-codec/2.0.0-M15/apacheds-kerberos-codec-2.0.0-M15.jar:/home/user/.m2/repository/org/apache/directory/server/apacheds-i18n/2.0.0-M15/apacheds-i18n-2.0.0-M15.jar:/home/user/.m2/repository/org/apache/directory/api/api-asn1-api/1.0.0-M20/api-asn1-api-1.0.0-M20.jar:/home/user/.m2/repository/org/apache/directory/api/api-util/1.0.0-M20/api-util-1.0.0-M20.jar:/home/user/.m2/repository/org/apache/curator/curator-framework/2.6.0/curator-framework-2.6.0.jar:/home/user/.m2/repository/com/jcraft/jsch/0.1.42/jsch-0.1.42.jar:/home/user/.m2/repository/org/apache/curator/curator-client/2.6.0/curator-client-2.6.0.jar:/home/user/.m2/repository/org/apache/curator/curator-recipes/2.6.0/curator-recipes-2.6.0.jar:/home/user/.m2/repository/com/google/code/findbugs/jsr305/1.3.9/jsr305-1.3.9.jar:/home/user/.m2/repository/org/htrace/htrace-core/3.0.4/htrace-core-3.0.4.jar:/home/user/.m2/repository/org/apache/zookeeper/zookeeper/3.4.6/zookeeper-3.4.6.jar:/home/user/.m2/repository/io/netty/netty/3.7.0.Final/netty-3.7.0.Final.jar:/home/user/.m2/repository/org/apache/commons/commons-compress/1.4.1/commons-compress-1.4.1.jar:/home/user/.m2/repository/org/tukaani/xz/1.0/xz-1.0.jar:/home/user/.m2/repository/io/dropwizard/metrics/metrics-jvm/3.2.5/metrics-jvm-3.2.5.jar:/home/user/.m2/repository/io/dropwizard/metrics/metrics-ganglia/3.2.5/metrics-ganglia-3.2.5.jar:/home/user/.m2/repository/info/ganglia/gmetric4j/gmetric4j/1.0.7/gmetric4j-1.0.7.jar:/workdir/ratis-server/target/test-classes:/workdir/ratis-netty/target/classes:/workdir/ratis-netty/target/test-classes:/workdir/ratis-grpc/target/classes:/workdir/ratis-grpc/target/test-classes:/home/user/.m2/repository/org/slf4j/slf4j-api/1.7.10/slf4j-api-1.7.10.jar:/home/user/.m2/repository/junit/junit/4.12/junit-4.12.jar:/home/user/.m2/repository/org/hamcrest/hamcrest-core/1.3/hamcrest-core-1.3.jar:/home/user/.m2/repository/org/mockito/mockito-all/1.8.5/mockito-all-1.8.5.jar:"/>
    <property name="java.vm.vendor" value="IcedTea"/>
    <property name="sun.arch.data.model" value="64"/>
    <property name="java.vendor.url" value="https://icedtea.classpath.org"/>
    <property name="user.timezone" value=""/>
    <property name="java.vm.specification.version" value="1.8"/>
    <property name="os.name" value="Linux"/>
    <property name="user.country" value="US"/>
    <property name="sun.java.launcher" value="SUN_STANDARD"/>
    <property name="sun.boot.library.path" value="/usr/lib/jvm/java-1.8-openjdk/jre/lib/amd64"/>
    <property name="sun.java.command" value="/workdir/ratis-test/target/surefire/surefirebooter1525773944779996918.jar /workdir/ratis-test/target/surefire 2019-09-24T16-02-41_483-jvmRun1 surefire7956030897838459142tmp surefire_156001125965988519908tmp"/>
    <property name="surefire.test.class.path" value="/workdir/ratis-test/target/test-classes:/workdir/ratis-test/target/classes:/workdir/ratis-common/target/classes:/home/user/.m2/repository/org/apache/ratis/ratis-thirdparty-misc/0.2.0/ratis-thirdparty-misc-0.2.0.jar:/workdir/ratis-proto/target/ratis-proto-0.5.0-SNAPSHOT.jar:/home/user/.m2/repository/org/slf4j/slf4j-log4j12/1.7.10/slf4j-log4j12-1.7.10.jar:/home/user/.m2/repository/log4j/log4j/1.2.17/log4j-1.2.17.jar:/workdir/ratis-common/target/test-classes:/workdir/ratis-client/target/classes:/workdir/ratis-server/target/classes:/workdir/ratis-metrics/target/classes:/home/user/.m2/repository/io/dropwizard/metrics/metrics-core/3.2.5/metrics-core-3.2.5.jar:/home/user/.m2/repository/com/github/joshelser/dropwizard-metrics-hadoop-metrics2-reporter/0.1.2/dropwizard-metrics-hadoop-metrics2-reporter-0.1.2.jar:/home/user/.m2/repository/org/apache/hadoop/hadoop-common/2.6.0/hadoop-common-2.6.0.jar:/home/user/.m2/repository/org/apache/hadoop/hadoop-annotations/2.6.0/hadoop-annotations-2.6.0.jar:/usr/lib/jvm/java-1.8-openjdk/jre/../lib/tools.jar:/home/user/.m2/repository/com/google/guava/guava/11.0.2/guava-11.0.2.jar:/home/user/.m2/repository/commons-cli/commons-cli/1.2/commons-cli-1.2.jar:/home/user/.m2/repository/org/apache/commons/commons-math3/3.1.1/commons-math3-3.1.1.jar:/home/user/.m2/repository/xmlenc/xmlenc/0.52/xmlenc-0.52.jar:/home/user/.m2/repository/commons-httpclient/commons-httpclient/3.1/commons-httpclient-3.1.jar:/home/user/.m2/repository/commons-codec/commons-codec/1.4/commons-codec-1.4.jar:/home/user/.m2/repository/commons-io/commons-io/2.4/commons-io-2.4.jar:/home/user/.m2/repository/commons-net/commons-net/3.1/commons-net-3.1.jar:/home/user/.m2/repository/commons-collections/commons-collections/3.2.1/commons-collections-3.2.1.jar:/home/user/.m2/repository/javax/servlet/servlet-api/2.5/servlet-api-2.5.jar:/home/user/.m2/repository/org/mortbay/jetty/jetty/6.1.26/jetty-6.1.26.jar:/home/user/.m2/repository/org/mortbay/jetty/jetty-util/6.1.26/jetty-util-6.1.26.jar:/home/user/.m2/repository/com/sun/jersey/jersey-core/1.9/jersey-core-1.9.jar:/home/user/.m2/repository/com/sun/jersey/jersey-json/1.9/jersey-json-1.9.jar:/home/user/.m2/repository/org/codehaus/jettison/jettison/1.1/jettison-1.1.jar:/home/user/.m2/repository/com/sun/xml/bind/jaxb-impl/2.2.3-1/jaxb-impl-2.2.3-1.jar:/home/user/.m2/repository/javax/xml/bind/jaxb-api/2.2.2/jaxb-api-2.2.2.jar:/home/user/.m2/repository/javax/xml/stream/stax-api/1.0-2/stax-api-1.0-2.jar:/home/user/.m2/repository/javax/activation/activation/1.1/activation-1.1.jar:/home/user/.m2/repository/org/codehaus/jackson/jackson-jaxrs/1.8.3/jackson-jaxrs-1.8.3.jar:/home/user/.m2/repository/org/codehaus/jackson/jackson-xc/1.8.3/jackson-xc-1.8.3.jar:/home/user/.m2/repository/com/sun/jersey/jersey-server/1.9/jersey-server-1.9.jar:/home/user/.m2/repository/asm/asm/3.1/asm-3.1.jar:/home/user/.m2/repository/tomcat/jasper-compiler/5.5.23/jasper-compiler-5.5.23.jar:/home/user/.m2/repository/tomcat/jasper-runtime/5.5.23/jasper-runtime-5.5.23.jar:/home/user/.m2/repository/javax/servlet/jsp/jsp-api/2.1/jsp-api-2.1.jar:/home/user/.m2/repository/commons-el/commons-el/1.0/commons-el-1.0.jar:/home/user/.m2/repository/commons-logging/commons-logging/1.1.3/commons-logging-1.1.3.jar:/home/user/.m2/repository/net/java/dev/jets3t/jets3t/0.9.0/jets3t-0.9.0.jar:/home/user/.m2/repository/org/apache/httpcomponents/httpclient/4.1.2/httpclient-4.1.2.jar:/home/user/.m2/repository/org/apache/httpcomponents/httpcore/4.1.2/httpcore-4.1.2.jar:/home/user/.m2/repository/com/jamesmurty/utils/java-xmlbuilder/0.4/java-xmlbuilder-0.4.jar:/home/user/.m2/repository/commons-lang/commons-lang/2.6/commons-lang-2.6.jar:/home/user/.m2/repository/commons-configuration/commons-configuration/1.6/commons-configuration-1.6.jar:/home/user/.m2/repository/commons-digester/commons-digester/1.8/commons-digester-1.8.jar:/home/user/.m2/repository/commons-beanutils/commons-beanutils/1.7.0/commons-beanutils-1.7.0.jar:/home/user/.m2/repository/commons-beanutils/commons-beanutils-core/1.8.0/commons-beanutils-core-1.8.0.jar:/home/user/.m2/repository/org/codehaus/jackson/jackson-core-asl/1.9.13/jackson-core-asl-1.9.13.jar:/home/user/.m2/repository/org/codehaus/jackson/jackson-mapper-asl/1.9.13/jackson-mapper-asl-1.9.13.jar:/home/user/.m2/repository/org/apache/avro/avro/1.7.4/avro-1.7.4.jar:/home/user/.m2/repository/com/thoughtworks/paranamer/paranamer/2.3/paranamer-2.3.jar:/home/user/.m2/repository/org/xerial/snappy/snappy-java/1.0.4.1/snappy-java-1.0.4.1.jar:/home/user/.m2/repository/com/google/protobuf/protobuf-java/2.5.0/protobuf-java-2.5.0.jar:/home/user/.m2/repository/com/google/code/gson/gson/2.2.4/gson-2.2.4.jar:/home/user/.m2/repository/org/apache/hadoop/hadoop-auth/2.6.0/hadoop-auth-2.6.0.jar:/home/user/.m2/repository/org/apache/directory/server/apacheds-kerberos-codec/2.0.0-M15/apacheds-kerberos-codec-2.0.0-M15.jar:/home/user/.m2/repository/org/apache/directory/server/apacheds-i18n/2.0.0-M15/apacheds-i18n-2.0.0-M15.jar:/home/user/.m2/repository/org/apache/directory/api/api-asn1-api/1.0.0-M20/api-asn1-api-1.0.0-M20.jar:/home/user/.m2/repository/org/apache/directory/api/api-util/1.0.0-M20/api-util-1.0.0-M20.jar:/home/user/.m2/repository/org/apache/curator/curator-framework/2.6.0/curator-framework-2.6.0.jar:/home/user/.m2/repository/com/jcraft/jsch/0.1.42/jsch-0.1.42.jar:/home/user/.m2/repository/org/apache/curator/curator-client/2.6.0/curator-client-2.6.0.jar:/home/user/.m2/repository/org/apache/curator/curator-recipes/2.6.0/curator-recipes-2.6.0.jar:/home/user/.m2/repository/com/google/code/findbugs/jsr305/1.3.9/jsr305-1.3.9.jar:/home/user/.m2/repository/org/htrace/htrace-core/3.0.4/htrace-core-3.0.4.jar:/home/user/.m2/repository/org/apache/zookeeper/zookeeper/3.4.6/zookeeper-3.4.6.jar:/home/user/.m2/repository/io/netty/netty/3.7.0.Final/netty-3.7.0.Final.jar:/home/user/.m2/repository/org/apache/commons/commons-compress/1.4.1/commons-compress-1.4.1.jar:/home/user/.m2/repository/org/tukaani/xz/1.0/xz-1.0.jar:/home/user/.m2/repository/io/dropwizard/metrics/metrics-jvm/3.2.5/metrics-jvm-3.2.5.jar:/home/user/.m2/repository/io/dropwizard/metrics/metrics-ganglia/3.2.5/metrics-ganglia-3.2.5.jar:/home/user/.m2/repository/info/ganglia/gmetric4j/gmetric4j/1.0.7/gmetric4j-1.0.7.jar:/workdir/ratis-server/target/test-classes:/workdir/ratis-netty/target/classes:/workdir/ratis-netty/target/test-classes:/workdir/ratis-grpc/target/classes:/workdir/ratis-grpc/target/test-classes:/home/user/.m2/repository/org/slf4j/slf4j-api/1.7.10/slf4j-api-1.7.10.jar:/home/user/.m2/repository/junit/junit/4.12/junit-4.12.jar:/home/user/.m2/repository/org/hamcrest/hamcrest-core/1.3/hamcrest-core-1.3.jar:/home/user/.m2/repository/org/mockito/mockito-all/1.8.5/mockito-all-1.8.5.jar:"/>
    <property name="sun.cpu.endian" value="little"/>
    <property name="user.home" value="/home/user"/>
    <property name="user.language" value="en"/>
    <property name="java.specification.vendor" value="Oracle Corporation"/>
    <property name="java.home" value="/usr/lib/jvm/java-1.8-openjdk/jre"/>
    <property name="basedir" value="/workdir/ratis-test"/>
    <property name="file.separator" value="/"/>
    <property name="line.separator" value="&#10;"/>
    <property name="java.vm.specification.vendor" value="Oracle Corporation"/>
    <property name="java.specification.name" value="Java Platform API Specification"/>
    <property name="java.awt.graphicsenv" value="sun.awt.X11GraphicsEnvironment"/>
    <property name="surefire.real.class.path" value="/workdir/ratis-test/target/surefire/surefirebooter1525773944779996918.jar"/>
    <property name="sun.boot.class.path" value="/usr/lib/jvm/java-1.8-openjdk/jre/lib/resources.jar:/usr/lib/jvm/java-1.8-openjdk/jre/lib/rt.jar:/usr/lib/jvm/java-1.8-openjdk/jre/lib/sunrsasign.jar:/usr/lib/jvm/java-1.8-openjdk/jre/lib/jsse.jar:/usr/lib/jvm/java-1.8-openjdk/jre/lib/jce.jar:/usr/lib/jvm/java-1.8-openjdk/jre/lib/charsets.jar:/usr/lib/jvm/java-1.8-openjdk/jre/lib/jfr.jar:/usr/lib/jvm/java-1.8-openjdk/jre/classes"/>
    <property name="sun.management.compiler" value="HotSpot 64-Bit Tiered Compilers"/>
    <property name="java.runtime.version" value="1.8.0_212-b04"/>
    <property name="java.net.preferIPv4Stack" value="true"/>
    <property name="user.name" value="jenkins1000"/>
    <property name="path.separator" value=":"/>
    <property name="os.version" value="3.10.0-957.12.2.el7.x86_64"/>
    <property name="java.endorsed.dirs" value="/usr/lib/jvm/java-1.8-openjdk/jre/lib/endorsed"/>
    <property name="java.runtime.name" value="OpenJDK Runtime Environment"/>
    <property name="file.encoding" value="UTF-8"/>
    <property name="java.vm.name" value="OpenJDK 64-Bit Server VM"/>
    <property name="localRepository" value="/home/user/.m2/repository"/>
    <property name="java.vendor.url.bug" value="https://icedtea.classpath.org/bugzilla"/>
    <property name="java.io.tmpdir" value="/tmp"/>
    <property name="java.version" value="1.8.0_212"/>
    <property name="user.dir" value="/workdir/ratis-test"/>
    <property name="os.arch" value="amd64"/>
    <property name="ratis.tmp.dir" value="/workdir/ratis-test/target/tmp"/>
    <property name="java.vm.specification.name" value="Java Virtual Machine Specification"/>
    <property name="java.awt.printerjob" value="sun.print.PSPrinterJob"/>
    <property name="ratis.log.dir" value="/workdir/ratis-test/target/log"/>
    <property name="sun.os.patch.level" value="unknown"/>
    <property name="java.library.path" value="/usr/lib/jvm/java-1.8-openjdk/jre/lib/amd64/server:/usr/lib/jvm/java-1.8-openjdk/jre/lib/amd64:/usr/lib/jvm/java-1.8-openjdk/jre/../lib/amd64:/usr/java/packages/lib/amd64:/usr/lib64:/lib64:/lib:/usr/lib"/>
    <property name="java.vm.info" value="mixed mode"/>
    <property name="java.vendor" value="IcedTea"/>
    <property name="java.vm.version" value="25.212-b04"/>
    <property name="java.ext.dirs" value="/usr/lib/jvm/java-1.8-openjdk/jre/lib/ext:/usr/java/packages/lib/ext"/>
    <property name="sun.io.unicode.encoding" value="UnicodeLittle"/>
    <property name="java.class.version" value="52.0"/>
  </properties>
  <testcase name="testNoChangeRequest" classname="org.apache.ratis.grpc.TestRaftReconfigurationWithGrpc" time="12.863"/>
  <testcase name="testRemovePeers" classname="org.apache.ratis.grpc.TestRaftReconfigurationWithGrpc" time="32.946"/>
  <testcase name="testAddRemovePeers" classname="org.apache.ratis.grpc.TestRaftReconfigurationWithGrpc" time="9.316"/>
  <testcase name="testRevertConfigurationChange" classname="org.apache.ratis.grpc.TestRaftReconfigurationWithGrpc" time="15.382">
    <failure type="java.lang.AssertionError">java.lang.AssertionError
</failure>
    <system-out><![CDATA[2019-09-24 16:14:13,231 INFO  util.LogUtils (LogUtils.java:setLogLevel(41)) - Set org.apache.ratis.conf.ConfUtils log level to WARN
2019-09-24 16:14:13,231 INFO  util.LogUtils (LogUtils.java:setLogLevel(41)) - Set org.apache.ratis.util.FileUtils log level to TRACE
2019-09-24 16:14:13,232 INFO  ratis.MiniRaftCluster (MiniRaftCluster.java:runWithNewCluster(119)) - Running runWithNewCluster
2019-09-24 16:14:13,233 INFO  ratis.MiniRaftCluster (MiniRaftCluster.java:<init>(253)) - new MiniRaftClusterWithGrpc with group-D12239A78657:[s3:0.0.0.0:43186, s4:0.0.0.0:42582, s0:0.0.0.0:44493, s1:0.0.0.0:40044, s2:0.0.0.0:44761]
2019-09-24 16:14:13,234 INFO  ratis.MiniRaftCluster (MiniRaftCluster.java:start(287)) - .............................................................. 
2019-09-24 16:14:13,234 INFO  ratis.MiniRaftCluster (MiniRaftCluster.java:start(288)) - ... 
2019-09-24 16:14:13,234 INFO  ratis.MiniRaftCluster (MiniRaftCluster.java:start(289)) - ...     Starting MiniRaftClusterWithGrpc
2019-09-24 16:14:13,234 INFO  ratis.MiniRaftCluster (MiniRaftCluster.java:start(290)) - ... 
2019-09-24 16:14:13,234 INFO  ratis.MiniRaftCluster (MiniRaftCluster.java:start(291)) - .............................................................. 
2019-09-24 16:14:13,234 INFO  ratis.MiniRaftCluster (MiniRaftCluster.java:initServers(265)) - servers = {}
2019-09-24 16:14:13,235 INFO  ratis.MiniRaftCluster (MiniRaftCluster.java:newRaftServer(330)) - newRaftServer: s3, group-D12239A78657:[s3:0.0.0.0:43186, s4:0.0.0.0:42582, s0:0.0.0.0:44493, s1:0.0.0.0:40044, s2:0.0.0.0:44761], format? true
2019-09-24 16:14:13,235 TRACE util.FileUtils (FileUtils.java:deleteFully(88)) - deleteFully target/test/data/37179910/MiniRaftClusterWithGrpc4492653c/s3
2019-09-24 16:14:13,235 TRACE util.FileUtils (FileUtils.java:deleteFully(104)) - deleteFully: target/test/data/37179910/MiniRaftClusterWithGrpc4492653c/s3 does not exist.
2019-09-24 16:14:13,235 INFO  ratis.MiniRaftCluster (MiniRaftCluster.java:newRaftServer(335)) - Formatted directory target/test/data/37179910/MiniRaftClusterWithGrpc4492653c/s3
2019-09-24 16:14:13,236 INFO  impl.RaftServerProxy (ConfUtils.java:logGet(43)) - raft.rpc.type = GRPC (default)
2019-09-24 16:14:13,236 INFO  grpc.GrpcFactory (GrpcFactory.java:checkPooledByteBufAllocatorUseCacheForAllThreads(45)) - PERFORMANCE WARNING: useCacheForAllThreads is true that may cause Netty to create a lot garbage objects and, as a result, trigger GC.
	It is recommended to disable useCacheForAllThreads by setting -Dorg.apache.ratis.thirdparty.io.netty.allocator.useCacheForAllThreads=false in command line.
2019-09-24 16:14:13,237 INFO  grpc.GrpcConfigKeys$Server (ConfUtils.java:logGet(43)) - raft.grpc.server.port = 43186 (custom)
2019-09-24 16:14:13,237 INFO  server.GrpcService (ConfUtils.java:logGet(43)) - raft.grpc.message.size.max = 64MB (=67108864) (default)
2019-09-24 16:14:13,237 INFO  server.RaftServerConfigKeys (ConfUtils.java:logGet(43)) - raft.server.log.appender.buffer.byte-limit = 4MB (=4194304) (default)
2019-09-24 16:14:13,237 INFO  server.GrpcService (ConfUtils.java:logGet(43)) - raft.grpc.flow.control.window = 1MB (=1048576) (default)
2019-09-24 16:14:13,238 INFO  server.RaftServerConfigKeys (ConfUtils.java:logGet(43)) - raft.server.rpc.request.timeout = 3000ms (default)
2019-09-24 16:14:13,239 INFO  server.RaftServerConfigKeys (ConfUtils.java:logGet(43)) - raft.server.storage.dir = [/workdir/ratis-test/target/test/data/37179910/MiniRaftClusterWithGrpc4492653c/s3] (custom)
2019-09-24 16:14:13,240 INFO  impl.RaftServerProxy (RaftServerProxy.java:addNew(89)) - s3: addNew group-D12239A78657:[s3:0.0.0.0:43186, s4:0.0.0.0:42582, s0:0.0.0.0:44493, s1:0.0.0.0:40044, s2:0.0.0.0:44761] returns group-D12239A78657:java.util.concurrent.CompletableFuture@6156e60b[Not completed]
2019-09-24 16:14:13,240 INFO  impl.RaftServerImpl (RaftServerImpl.java:<init>(95)) - s3: new RaftServerImpl for group-D12239A78657:[s3:0.0.0.0:43186, s4:0.0.0.0:42582, s0:0.0.0.0:44493, s1:0.0.0.0:40044, s2:0.0.0.0:44761] with BaseStateMachine:uninitialized
2019-09-24 16:14:13,240 INFO  ratis.MiniRaftCluster (MiniRaftCluster.java:newRaftServer(330)) - newRaftServer: s4, group-D12239A78657:[s3:0.0.0.0:43186, s4:0.0.0.0:42582, s0:0.0.0.0:44493, s1:0.0.0.0:40044, s2:0.0.0.0:44761], format? true
2019-09-24 16:14:13,241 INFO  server.RaftServerConfigKeys (ConfUtils.java:logGet(43)) - raft.server.rpc.timeout.min = 150ms (default)
2019-09-24 16:14:13,241 TRACE util.FileUtils (FileUtils.java:deleteFully(88)) - deleteFully target/test/data/37179910/MiniRaftClusterWithGrpc4492653c/s4
2019-09-24 16:14:13,241 INFO  server.RaftServerConfigKeys (ConfUtils.java:logGet(43)) - raft.server.rpc.timeout.max = 300ms (default)
2019-09-24 16:14:13,241 TRACE util.FileUtils (FileUtils.java:deleteFully(104)) - deleteFully: target/test/data/37179910/MiniRaftClusterWithGrpc4492653c/s4 does not exist.
2019-09-24 16:14:13,241 INFO  ratis.MiniRaftCluster (MiniRaftCluster.java:newRaftServer(335)) - Formatted directory target/test/data/37179910/MiniRaftClusterWithGrpc4492653c/s4
2019-09-24 16:14:13,241 INFO  server.RaftServerConfigKeys (ConfUtils.java:logGet(43)) - raft.server.rpcslowness.timeout = 60s (default)
2019-09-24 16:14:13,242 INFO  server.RaftServerConfigKeys (ConfUtils.java:logGet(43)) - raft.server.sleep.deviation.threshold = 300 (default)
2019-09-24 16:14:13,242 INFO  impl.RaftServerProxy (ConfUtils.java:logGet(43)) - raft.rpc.type = GRPC (default)
2019-09-24 16:14:13,242 INFO  server.RaftServerConfigKeys (ConfUtils.java:logGet(43)) - raft.server.log.appender.install.snapshot.enabled = true (default)
2019-09-24 16:14:13,242 INFO  grpc.GrpcFactory (GrpcFactory.java:checkPooledByteBufAllocatorUseCacheForAllThreads(45)) - PERFORMANCE WARNING: useCacheForAllThreads is true that may cause Netty to create a lot garbage objects and, as a result, trigger GC.
	It is recommended to disable useCacheForAllThreads by setting -Dorg.apache.ratis.thirdparty.io.netty.allocator.useCacheForAllThreads=false in command line.
2019-09-24 16:14:13,242 INFO  impl.RaftServerImpl (ServerState.java:<init>(103)) - s3@group-D12239A78657: ConfigurationManager, init=-1: [s3:0.0.0.0:43186, s4:0.0.0.0:42582, s0:0.0.0.0:44493, s1:0.0.0.0:40044, s2:0.0.0.0:44761], old=null, confs=<EMPTY_MAP>
2019-09-24 16:14:13,243 INFO  grpc.GrpcConfigKeys$Server (ConfUtils.java:logGet(43)) - raft.grpc.server.port = 42582 (custom)
2019-09-24 16:14:13,243 INFO  server.RaftServerConfigKeys (ConfUtils.java:logGet(43)) - raft.server.storage.dir = [/workdir/ratis-test/target/test/data/37179910/MiniRaftClusterWithGrpc4492653c/s3] (custom)
2019-09-24 16:14:13,243 INFO  server.GrpcService (ConfUtils.java:logGet(43)) - raft.grpc.message.size.max = 64MB (=67108864) (default)
2019-09-24 16:14:13,243 INFO  server.RaftServerConfigKeys (ConfUtils.java:logGet(43)) - raft.server.log.corruption.policy = EXCEPTION (default)
2019-09-24 16:14:13,243 INFO  server.RaftServerConfigKeys (ConfUtils.java:logGet(43)) - raft.server.log.appender.buffer.byte-limit = 4MB (=4194304) (default)
2019-09-24 16:14:13,244 INFO  storage.RaftStorageDirectory (RaftStorageDirectory.java:analyzeStorage(246)) - The storage directory /workdir/ratis-test/target/test/data/37179910/MiniRaftClusterWithGrpc4492653c/s3/3969ddee-b1b3-4458-9b5d-d12239a78657 does not exist. Creating ...
2019-09-24 16:14:13,244 INFO  server.GrpcService (ConfUtils.java:logGet(43)) - raft.grpc.flow.control.window = 1MB (=1048576) (default)
2019-09-24 16:14:13,244 INFO  server.RaftServerConfigKeys (ConfUtils.java:logGet(43)) - raft.server.rpc.request.timeout = 3000ms (default)
2019-09-24 16:14:13,245 TRACE util.FileUtils (LogUtils.java:runAndLog(61)) - Successfully ran Files.createDirectories /workdir/ratis-test/target/test/data/37179910/MiniRaftClusterWithGrpc4492653c/s3/3969ddee-b1b3-4458-9b5d-d12239a78657
2019-09-24 16:14:13,245 INFO  server.RaftServerConfigKeys (ConfUtils.java:logGet(43)) - raft.server.storage.dir = [/workdir/ratis-test/target/test/data/37179910/MiniRaftClusterWithGrpc4492653c/s4] (custom)
2019-09-24 16:14:13,245 INFO  impl.RaftServerProxy (RaftServerProxy.java:addNew(89)) - s4: addNew group-D12239A78657:[s3:0.0.0.0:43186, s4:0.0.0.0:42582, s0:0.0.0.0:44493, s1:0.0.0.0:40044, s2:0.0.0.0:44761] returns group-D12239A78657:java.util.concurrent.CompletableFuture@53d0db4a[Not completed]
2019-09-24 16:14:13,246 INFO  impl.RaftServerImpl (RaftServerImpl.java:<init>(95)) - s4: new RaftServerImpl for group-D12239A78657:[s3:0.0.0.0:43186, s4:0.0.0.0:42582, s0:0.0.0.0:44493, s1:0.0.0.0:40044, s2:0.0.0.0:44761] with BaseStateMachine:uninitialized
2019-09-24 16:14:13,246 INFO  ratis.MiniRaftCluster (MiniRaftCluster.java:newRaftServer(330)) - newRaftServer: s0, group-D12239A78657:[s3:0.0.0.0:43186, s4:0.0.0.0:42582, s0:0.0.0.0:44493, s1:0.0.0.0:40044, s2:0.0.0.0:44761], format? true
2019-09-24 16:14:13,246 INFO  server.RaftServerConfigKeys (ConfUtils.java:logGet(43)) - raft.server.rpc.timeout.min = 150ms (default)
2019-09-24 16:14:13,246 TRACE util.FileUtils (FileUtils.java:deleteFully(88)) - deleteFully target/test/data/37179910/MiniRaftClusterWithGrpc4492653c/s0
2019-09-24 16:14:13,247 INFO  server.RaftServerConfigKeys (ConfUtils.java:logGet(43)) - raft.server.rpc.timeout.max = 300ms (default)
2019-09-24 16:14:13,247 INFO  server.RaftServerConfigKeys (ConfUtils.java:logGet(43)) - raft.server.rpcslowness.timeout = 60s (default)
2019-09-24 16:14:13,247 TRACE util.FileUtils (FileUtils.java:deleteFully(104)) - deleteFully: target/test/data/37179910/MiniRaftClusterWithGrpc4492653c/s0 does not exist.
2019-09-24 16:14:13,247 INFO  server.RaftServerConfigKeys (ConfUtils.java:logGet(43)) - raft.server.sleep.deviation.threshold = 300 (default)
2019-09-24 16:14:13,247 INFO  ratis.MiniRaftCluster (MiniRaftCluster.java:newRaftServer(335)) - Formatted directory target/test/data/37179910/MiniRaftClusterWithGrpc4492653c/s0
2019-09-24 16:14:13,247 INFO  server.RaftServerConfigKeys (ConfUtils.java:logGet(43)) - raft.server.log.appender.install.snapshot.enabled = true (default)
2019-09-24 16:14:13,248 INFO  impl.RaftServerImpl (ServerState.java:<init>(103)) - s4@group-D12239A78657: ConfigurationManager, init=-1: [s3:0.0.0.0:43186, s4:0.0.0.0:42582, s0:0.0.0.0:44493, s1:0.0.0.0:40044, s2:0.0.0.0:44761], old=null, confs=<EMPTY_MAP>
2019-09-24 16:14:13,248 INFO  impl.RaftServerProxy (ConfUtils.java:logGet(43)) - raft.rpc.type = GRPC (default)
2019-09-24 16:14:13,248 INFO  server.RaftServerConfigKeys (ConfUtils.java:logGet(43)) - raft.server.storage.dir = [/workdir/ratis-test/target/test/data/37179910/MiniRaftClusterWithGrpc4492653c/s4] (custom)
2019-09-24 16:14:13,248 INFO  grpc.GrpcFactory (GrpcFactory.java:checkPooledByteBufAllocatorUseCacheForAllThreads(45)) - PERFORMANCE WARNING: useCacheForAllThreads is true that may cause Netty to create a lot garbage objects and, as a result, trigger GC.
	It is recommended to disable useCacheForAllThreads by setting -Dorg.apache.ratis.thirdparty.io.netty.allocator.useCacheForAllThreads=false in command line.
2019-09-24 16:14:13,248 INFO  server.RaftServerConfigKeys (ConfUtils.java:logGet(43)) - raft.server.log.corruption.policy = EXCEPTION (default)
2019-09-24 16:14:13,248 INFO  grpc.GrpcConfigKeys$Server (ConfUtils.java:logGet(43)) - raft.grpc.server.port = 44493 (custom)
2019-09-24 16:14:13,249 INFO  storage.RaftStorageDirectory (RaftStorageDirectory.java:analyzeStorage(246)) - The storage directory /workdir/ratis-test/target/test/data/37179910/MiniRaftClusterWithGrpc4492653c/s4/3969ddee-b1b3-4458-9b5d-d12239a78657 does not exist. Creating ...
2019-09-24 16:14:13,249 INFO  server.GrpcService (ConfUtils.java:logGet(43)) - raft.grpc.message.size.max = 64MB (=67108864) (default)
2019-09-24 16:14:13,249 INFO  server.RaftServerConfigKeys (ConfUtils.java:logGet(43)) - raft.server.log.appender.buffer.byte-limit = 4MB (=4194304) (default)
2019-09-24 16:14:13,249 TRACE util.FileUtils (LogUtils.java:runAndLog(61)) - Successfully ran Files.createDirectories /workdir/ratis-test/target/test/data/37179910/MiniRaftClusterWithGrpc4492653c/s4/3969ddee-b1b3-4458-9b5d-d12239a78657
2019-09-24 16:14:13,249 INFO  server.GrpcService (ConfUtils.java:logGet(43)) - raft.grpc.flow.control.window = 1MB (=1048576) (default)
2019-09-24 16:14:13,250 INFO  server.RaftServerConfigKeys (ConfUtils.java:logGet(43)) - raft.server.rpc.request.timeout = 3000ms (default)
2019-09-24 16:14:13,250 INFO  server.RaftServerConfigKeys (ConfUtils.java:logGet(43)) - raft.server.storage.dir = [/workdir/ratis-test/target/test/data/37179910/MiniRaftClusterWithGrpc4492653c/s0] (custom)
2019-09-24 16:14:13,251 INFO  impl.RaftServerProxy (RaftServerProxy.java:addNew(89)) - s0: addNew group-D12239A78657:[s3:0.0.0.0:43186, s4:0.0.0.0:42582, s0:0.0.0.0:44493, s1:0.0.0.0:40044, s2:0.0.0.0:44761] returns group-D12239A78657:java.util.concurrent.CompletableFuture@2c1e5a2[Not completed]
2019-09-24 16:14:13,251 INFO  impl.RaftServerImpl (RaftServerImpl.java:<init>(95)) - s0: new RaftServerImpl for group-D12239A78657:[s3:0.0.0.0:43186, s4:0.0.0.0:42582, s0:0.0.0.0:44493, s1:0.0.0.0:40044, s2:0.0.0.0:44761] with BaseStateMachine:uninitialized
2019-09-24 16:14:13,251 INFO  ratis.MiniRaftCluster (MiniRaftCluster.java:newRaftServer(330)) - newRaftServer: s1, group-D12239A78657:[s3:0.0.0.0:43186, s4:0.0.0.0:42582, s0:0.0.0.0:44493, s1:0.0.0.0:40044, s2:0.0.0.0:44761], format? true
2019-09-24 16:14:13,251 INFO  server.RaftServerConfigKeys (ConfUtils.java:logGet(43)) - raft.server.rpc.timeout.min = 150ms (default)
2019-09-24 16:14:13,251 TRACE util.FileUtils (FileUtils.java:deleteFully(88)) - deleteFully target/test/data/37179910/MiniRaftClusterWithGrpc4492653c/s1
2019-09-24 16:14:13,251 INFO  server.RaftServerConfigKeys (ConfUtils.java:logGet(43)) - raft.server.rpc.timeout.max = 300ms (default)
2019-09-24 16:14:13,252 TRACE util.FileUtils (FileUtils.java:deleteFully(104)) - deleteFully: target/test/data/37179910/MiniRaftClusterWithGrpc4492653c/s1 does not exist.
2019-09-24 16:14:13,252 INFO  server.RaftServerConfigKeys (ConfUtils.java:logGet(43)) - raft.server.rpcslowness.timeout = 60s (default)
2019-09-24 16:14:13,252 INFO  ratis.MiniRaftCluster (MiniRaftCluster.java:newRaftServer(335)) - Formatted directory target/test/data/37179910/MiniRaftClusterWithGrpc4492653c/s1
2019-09-24 16:14:13,252 INFO  server.RaftServerConfigKeys (ConfUtils.java:logGet(43)) - raft.server.sleep.deviation.threshold = 300 (default)
2019-09-24 16:14:13,252 INFO  server.RaftServerConfigKeys (ConfUtils.java:logGet(43)) - raft.server.log.appender.install.snapshot.enabled = true (default)
2019-09-24 16:14:13,252 INFO  impl.RaftServerProxy (ConfUtils.java:logGet(43)) - raft.rpc.type = GRPC (default)
2019-09-24 16:14:13,252 INFO  impl.RaftServerImpl (ServerState.java:<init>(103)) - s0@group-D12239A78657: ConfigurationManager, init=-1: [s3:0.0.0.0:43186, s4:0.0.0.0:42582, s0:0.0.0.0:44493, s1:0.0.0.0:40044, s2:0.0.0.0:44761], old=null, confs=<EMPTY_MAP>
2019-09-24 16:14:13,253 INFO  grpc.GrpcFactory (GrpcFactory.java:checkPooledByteBufAllocatorUseCacheForAllThreads(45)) - PERFORMANCE WARNING: useCacheForAllThreads is true that may cause Netty to create a lot garbage objects and, as a result, trigger GC.
	It is recommended to disable useCacheForAllThreads by setting -Dorg.apache.ratis.thirdparty.io.netty.allocator.useCacheForAllThreads=false in command line.
2019-09-24 16:14:13,253 INFO  server.RaftServerConfigKeys (ConfUtils.java:logGet(43)) - raft.server.storage.dir = [/workdir/ratis-test/target/test/data/37179910/MiniRaftClusterWithGrpc4492653c/s0] (custom)
2019-09-24 16:14:13,253 INFO  grpc.GrpcConfigKeys$Server (ConfUtils.java:logGet(43)) - raft.grpc.server.port = 40044 (custom)
2019-09-24 16:14:13,253 INFO  server.RaftServerConfigKeys (ConfUtils.java:logGet(43)) - raft.server.log.corruption.policy = EXCEPTION (default)
2019-09-24 16:14:13,253 INFO  server.GrpcService (ConfUtils.java:logGet(43)) - raft.grpc.message.size.max = 64MB (=67108864) (default)
2019-09-24 16:14:13,253 INFO  storage.RaftStorageDirectory (RaftStorageDirectory.java:analyzeStorage(246)) - The storage directory /workdir/ratis-test/target/test/data/37179910/MiniRaftClusterWithGrpc4492653c/s0/3969ddee-b1b3-4458-9b5d-d12239a78657 does not exist. Creating ...
2019-09-24 16:14:13,253 INFO  server.RaftServerConfigKeys (ConfUtils.java:logGet(43)) - raft.server.log.appender.buffer.byte-limit = 4MB (=4194304) (default)
2019-09-24 16:14:13,254 INFO  server.GrpcService (ConfUtils.java:logGet(43)) - raft.grpc.flow.control.window = 1MB (=1048576) (default)
2019-09-24 16:14:13,254 TRACE util.FileUtils (LogUtils.java:runAndLog(61)) - Successfully ran Files.createDirectories /workdir/ratis-test/target/test/data/37179910/MiniRaftClusterWithGrpc4492653c/s0/3969ddee-b1b3-4458-9b5d-d12239a78657
2019-09-24 16:14:13,254 INFO  server.RaftServerConfigKeys (ConfUtils.java:logGet(43)) - raft.server.rpc.request.timeout = 3000ms (default)
2019-09-24 16:14:13,255 INFO  server.RaftServerConfigKeys (ConfUtils.java:logGet(43)) - raft.server.storage.dir = [/workdir/ratis-test/target/test/data/37179910/MiniRaftClusterWithGrpc4492653c/s1] (custom)
2019-09-24 16:14:13,255 INFO  impl.RaftServerProxy (RaftServerProxy.java:addNew(89)) - s1: addNew group-D12239A78657:[s3:0.0.0.0:43186, s4:0.0.0.0:42582, s0:0.0.0.0:44493, s1:0.0.0.0:40044, s2:0.0.0.0:44761] returns group-D12239A78657:java.util.concurrent.CompletableFuture@146ce2cb[Not completed]
2019-09-24 16:14:13,255 INFO  impl.RaftServerImpl (RaftServerImpl.java:<init>(95)) - s1: new RaftServerImpl for group-D12239A78657:[s3:0.0.0.0:43186, s4:0.0.0.0:42582, s0:0.0.0.0:44493, s1:0.0.0.0:40044, s2:0.0.0.0:44761] with BaseStateMachine:uninitialized
2019-09-24 16:14:13,256 INFO  ratis.MiniRaftCluster (MiniRaftCluster.java:newRaftServer(330)) - newRaftServer: s2, group-D12239A78657:[s3:0.0.0.0:43186, s4:0.0.0.0:42582, s0:0.0.0.0:44493, s1:0.0.0.0:40044, s2:0.0.0.0:44761], format? true
2019-09-24 16:14:13,256 INFO  server.RaftServerConfigKeys (ConfUtils.java:logGet(43)) - raft.server.rpc.timeout.min = 150ms (default)
2019-09-24 16:14:13,256 TRACE util.FileUtils (FileUtils.java:deleteFully(88)) - deleteFully target/test/data/37179910/MiniRaftClusterWithGrpc4492653c/s2
2019-09-24 16:14:13,256 INFO  server.RaftServerConfigKeys (ConfUtils.java:logGet(43)) - raft.server.rpc.timeout.max = 300ms (default)
2019-09-24 16:14:13,257 TRACE util.FileUtils (FileUtils.java:deleteFully(104)) - deleteFully: target/test/data/37179910/MiniRaftClusterWithGrpc4492653c/s2 does not exist.
2019-09-24 16:14:13,257 INFO  ratis.MiniRaftCluster (MiniRaftCluster.java:newRaftServer(335)) - Formatted directory target/test/data/37179910/MiniRaftClusterWithGrpc4492653c/s2
2019-09-24 16:14:13,257 INFO  server.RaftServerConfigKeys (ConfUtils.java:logGet(43)) - raft.server.rpcslowness.timeout = 60s (default)
2019-09-24 16:14:13,257 INFO  impl.RaftServerProxy (ConfUtils.java:logGet(43)) - raft.rpc.type = GRPC (default)
2019-09-24 16:14:13,257 INFO  server.RaftServerConfigKeys (ConfUtils.java:logGet(43)) - raft.server.sleep.deviation.threshold = 300 (default)
2019-09-24 16:14:13,257 INFO  grpc.GrpcFactory (GrpcFactory.java:checkPooledByteBufAllocatorUseCacheForAllThreads(45)) - PERFORMANCE WARNING: useCacheForAllThreads is true that may cause Netty to create a lot garbage objects and, as a result, trigger GC.
	It is recommended to disable useCacheForAllThreads by setting -Dorg.apache.ratis.thirdparty.io.netty.allocator.useCacheForAllThreads=false in command line.
2019-09-24 16:14:13,258 INFO  server.RaftServerConfigKeys (ConfUtils.java:logGet(43)) - raft.server.log.appender.install.snapshot.enabled = true (default)
2019-09-24 16:14:13,258 INFO  grpc.GrpcConfigKeys$Server (ConfUtils.java:logGet(43)) - raft.grpc.server.port = 44761 (custom)
2019-09-24 16:14:13,258 INFO  impl.RaftServerImpl (ServerState.java:<init>(103)) - s1@group-D12239A78657: ConfigurationManager, init=-1: [s3:0.0.0.0:43186, s4:0.0.0.0:42582, s0:0.0.0.0:44493, s1:0.0.0.0:40044, s2:0.0.0.0:44761], old=null, confs=<EMPTY_MAP>
2019-09-24 16:14:13,258 INFO  server.GrpcService (ConfUtils.java:logGet(43)) - raft.grpc.message.size.max = 64MB (=67108864) (default)
2019-09-24 16:14:13,258 INFO  server.RaftServerConfigKeys (ConfUtils.java:logGet(43)) - raft.server.storage.dir = [/workdir/ratis-test/target/test/data/37179910/MiniRaftClusterWithGrpc4492653c/s1] (custom)
2019-09-24 16:14:13,258 INFO  server.RaftServerConfigKeys (ConfUtils.java:logGet(43)) - raft.server.log.appender.buffer.byte-limit = 4MB (=4194304) (default)
2019-09-24 16:14:13,259 INFO  server.RaftServerConfigKeys (ConfUtils.java:logGet(43)) - raft.server.log.corruption.policy = EXCEPTION (default)
2019-09-24 16:14:13,259 INFO  server.GrpcService (ConfUtils.java:logGet(43)) - raft.grpc.flow.control.window = 1MB (=1048576) (default)
2019-09-24 16:14:13,259 INFO  storage.RaftStorageDirectory (RaftStorageDirectory.java:analyzeStorage(246)) - The storage directory /workdir/ratis-test/target/test/data/37179910/MiniRaftClusterWithGrpc4492653c/s1/3969ddee-b1b3-4458-9b5d-d12239a78657 does not exist. Creating ...
2019-09-24 16:14:13,259 INFO  server.RaftServerConfigKeys (ConfUtils.java:logGet(43)) - raft.server.rpc.request.timeout = 3000ms (default)
2019-09-24 16:14:13,260 INFO  server.RaftServerConfigKeys (ConfUtils.java:logGet(43)) - raft.server.storage.dir = [/workdir/ratis-test/target/test/data/37179910/MiniRaftClusterWithGrpc4492653c/s2] (custom)
2019-09-24 16:14:13,260 INFO  impl.RaftServerProxy (RaftServerProxy.java:addNew(89)) - s2: addNew group-D12239A78657:[s3:0.0.0.0:43186, s4:0.0.0.0:42582, s0:0.0.0.0:44493, s1:0.0.0.0:40044, s2:0.0.0.0:44761] returns group-D12239A78657:java.util.concurrent.CompletableFuture@5453c1fa[Not completed]
2019-09-24 16:14:13,260 INFO  impl.RaftServerImpl (RaftServerImpl.java:<init>(95)) - s2: new RaftServerImpl for group-D12239A78657:[s3:0.0.0.0:43186, s4:0.0.0.0:42582, s0:0.0.0.0:44493, s1:0.0.0.0:40044, s2:0.0.0.0:44761] with BaseStateMachine:uninitialized
2019-09-24 16:14:13,261 INFO  server.RaftServerConfigKeys (ConfUtils.java:logGet(43)) - raft.server.rpc.timeout.min = 150ms (default)
2019-09-24 16:14:13,261 INFO  server.RaftServerConfigKeys (ConfUtils.java:logGet(43)) - raft.server.rpc.timeout.max = 300ms (default)
2019-09-24 16:14:13,261 INFO  server.RaftServerConfigKeys (ConfUtils.java:logGet(43)) - raft.server.rpcslowness.timeout = 60s (default)
2019-09-24 16:14:13,261 INFO  server.RaftServerConfigKeys (ConfUtils.java:logGet(43)) - raft.server.sleep.deviation.threshold = 300 (default)
2019-09-24 16:14:13,261 INFO  server.RaftServerConfigKeys (ConfUtils.java:logGet(43)) - raft.server.log.appender.install.snapshot.enabled = true (default)
2019-09-24 16:14:13,261 INFO  impl.RaftServerImpl (ServerState.java:<init>(103)) - s2@group-D12239A78657: ConfigurationManager, init=-1: [s3:0.0.0.0:43186, s4:0.0.0.0:42582, s0:0.0.0.0:44493, s1:0.0.0.0:40044, s2:0.0.0.0:44761], old=null, confs=<EMPTY_MAP>
2019-09-24 16:14:13,261 INFO  server.RaftServerConfigKeys (ConfUtils.java:logGet(43)) - raft.server.storage.dir = [/workdir/ratis-test/target/test/data/37179910/MiniRaftClusterWithGrpc4492653c/s2] (custom)
2019-09-24 16:14:13,262 INFO  server.RaftServerConfigKeys (ConfUtils.java:logGet(43)) - raft.server.log.corruption.policy = EXCEPTION (default)
2019-09-24 16:14:13,262 INFO  storage.RaftStorageDirectory (RaftStorageDirectory.java:analyzeStorage(246)) - The storage directory /workdir/ratis-test/target/test/data/37179910/MiniRaftClusterWithGrpc4492653c/s2/3969ddee-b1b3-4458-9b5d-d12239a78657 does not exist. Creating ...
2019-09-24 16:14:13,269 TRACE util.FileUtils (LogUtils.java:runAndLog(61)) - Successfully ran Files.createDirectories /workdir/ratis-test/target/test/data/37179910/MiniRaftClusterWithGrpc4492653c/s1/3969ddee-b1b3-4458-9b5d-d12239a78657
2019-09-24 16:14:13,269 TRACE util.FileUtils (LogUtils.java:runAndLog(61)) - Successfully ran Files.createDirectories /workdir/ratis-test/target/test/data/37179910/MiniRaftClusterWithGrpc4492653c/s2/3969ddee-b1b3-4458-9b5d-d12239a78657
2019-09-24 16:14:18,331 INFO  storage.RaftStorageDirectory (RaftStorageDirectory.java:tryLock(328)) - Lock on /workdir/ratis-test/target/test/data/37179910/MiniRaftClusterWithGrpc4492653c/s3/3969ddee-b1b3-4458-9b5d-d12239a78657/in_use.lock acquired by nodename 21697@ratis-test-vphbd-3564017154
2019-09-24 16:14:18,331 INFO  storage.RaftStorageDirectory (RaftStorageDirectory.java:tryLock(328)) - Lock on /workdir/ratis-test/target/test/data/37179910/MiniRaftClusterWithGrpc4492653c/s0/3969ddee-b1b3-4458-9b5d-d12239a78657/in_use.lock acquired by nodename 21697@ratis-test-vphbd-3564017154
2019-09-24 16:14:18,331 INFO  storage.RaftStorageDirectory (RaftStorageDirectory.java:tryLock(328)) - Lock on /workdir/ratis-test/target/test/data/37179910/MiniRaftClusterWithGrpc4492653c/s4/3969ddee-b1b3-4458-9b5d-d12239a78657/in_use.lock acquired by nodename 21697@ratis-test-vphbd-3564017154
2019-09-24 16:14:18,335 INFO  storage.RaftStorageDirectory (RaftStorageDirectory.java:tryLock(328)) - Lock on /workdir/ratis-test/target/test/data/37179910/MiniRaftClusterWithGrpc4492653c/s2/3969ddee-b1b3-4458-9b5d-d12239a78657/in_use.lock acquired by nodename 21697@ratis-test-vphbd-3564017154
2019-09-24 16:14:18,335 INFO  storage.RaftStorageDirectory (RaftStorageDirectory.java:tryLock(328)) - Lock on /workdir/ratis-test/target/test/data/37179910/MiniRaftClusterWithGrpc4492653c/s1/3969ddee-b1b3-4458-9b5d-d12239a78657/in_use.lock acquired by nodename 21697@ratis-test-vphbd-3564017154
2019-09-24 16:14:18,388 TRACE util.FileUtils (LogUtils.java:runAndLog(61)) - Successfully ran Files.createDirectories /workdir/ratis-test/target/test/data/37179910/MiniRaftClusterWithGrpc4492653c/s2/3969ddee-b1b3-4458-9b5d-d12239a78657/current
2019-09-24 16:14:18,388 TRACE util.FileUtils (LogUtils.java:runAndLog(61)) - Successfully ran Files.createDirectories /workdir/ratis-test/target/test/data/37179910/MiniRaftClusterWithGrpc4492653c/s4/3969ddee-b1b3-4458-9b5d-d12239a78657/current
2019-09-24 16:14:18,389 TRACE util.FileUtils (LogUtils.java:runAndLog(61)) - Successfully ran Files.createDirectories /workdir/ratis-test/target/test/data/37179910/MiniRaftClusterWithGrpc4492653c/s2/3969ddee-b1b3-4458-9b5d-d12239a78657/sm
2019-09-24 16:14:18,388 TRACE util.FileUtils (LogUtils.java:runAndLog(61)) - Successfully ran Files.createDirectories /workdir/ratis-test/target/test/data/37179910/MiniRaftClusterWithGrpc4492653c/s1/3969ddee-b1b3-4458-9b5d-d12239a78657/current
2019-09-24 16:14:18,388 TRACE util.FileUtils (LogUtils.java:runAndLog(61)) - Successfully ran Files.createDirectories /workdir/ratis-test/target/test/data/37179910/MiniRaftClusterWithGrpc4492653c/s0/3969ddee-b1b3-4458-9b5d-d12239a78657/current
2019-09-24 16:14:18,388 TRACE util.FileUtils (LogUtils.java:runAndLog(61)) - Successfully ran Files.createDirectories /workdir/ratis-test/target/test/data/37179910/MiniRaftClusterWithGrpc4492653c/s3/3969ddee-b1b3-4458-9b5d-d12239a78657/current
2019-09-24 16:14:18,389 TRACE util.FileUtils (LogUtils.java:runAndLog(61)) - Successfully ran Files.createDirectories /workdir/ratis-test/target/test/data/37179910/MiniRaftClusterWithGrpc4492653c/s0/3969ddee-b1b3-4458-9b5d-d12239a78657/sm
2019-09-24 16:14:18,390 TRACE util.FileUtils (LogUtils.java:runAndLog(61)) - Successfully ran Files.createDirectories /workdir/ratis-test/target/test/data/37179910/MiniRaftClusterWithGrpc4492653c/s3/3969ddee-b1b3-4458-9b5d-d12239a78657/sm
2019-09-24 16:14:18,389 TRACE util.FileUtils (LogUtils.java:runAndLog(61)) - Successfully ran Files.createDirectories /workdir/ratis-test/target/test/data/37179910/MiniRaftClusterWithGrpc4492653c/s1/3969ddee-b1b3-4458-9b5d-d12239a78657/sm
2019-09-24 16:14:18,389 TRACE util.FileUtils (LogUtils.java:runAndLog(61)) - Successfully ran Files.createDirectories /workdir/ratis-test/target/test/data/37179910/MiniRaftClusterWithGrpc4492653c/s4/3969ddee-b1b3-4458-9b5d-d12239a78657/sm
2019-09-24 16:14:18,414 INFO  storage.RaftStorage (RaftStorage.java:format(84)) - Storage directory /workdir/ratis-test/target/test/data/37179910/MiniRaftClusterWithGrpc4492653c/s0/3969ddee-b1b3-4458-9b5d-d12239a78657 has been successfully formatted.
2019-09-24 16:14:18,414 INFO  storage.RaftStorage (RaftStorage.java:format(84)) - Storage directory /workdir/ratis-test/target/test/data/37179910/MiniRaftClusterWithGrpc4492653c/s1/3969ddee-b1b3-4458-9b5d-d12239a78657 has been successfully formatted.
2019-09-24 16:14:18,414 INFO  storage.RaftStorage (RaftStorage.java:format(84)) - Storage directory /workdir/ratis-test/target/test/data/37179910/MiniRaftClusterWithGrpc4492653c/s2/3969ddee-b1b3-4458-9b5d-d12239a78657 has been successfully formatted.
2019-09-24 16:14:18,414 INFO  storage.RaftStorage (RaftStorage.java:format(84)) - Storage directory /workdir/ratis-test/target/test/data/37179910/MiniRaftClusterWithGrpc4492653c/s4/3969ddee-b1b3-4458-9b5d-d12239a78657 has been successfully formatted.
2019-09-24 16:14:18,414 INFO  storage.RaftStorage (RaftStorage.java:format(84)) - Storage directory /workdir/ratis-test/target/test/data/37179910/MiniRaftClusterWithGrpc4492653c/s3/3969ddee-b1b3-4458-9b5d-d12239a78657 has been successfully formatted.
2019-09-24 16:14:18,414 INFO  server.RaftServerConfigKeys (ConfUtils.java:logGet(43)) - raft.server.notification.no-leader.timeout = 60s (default)
2019-09-24 16:14:18,414 INFO  server.RaftServerConfigKeys (ConfUtils.java:logGet(43)) - raft.server.notification.no-leader.timeout = 60s (default)
2019-09-24 16:14:18,414 INFO  server.RaftServerConfigKeys (ConfUtils.java:logGet(43)) - raft.server.notification.no-leader.timeout = 60s (default)
2019-09-24 16:14:18,414 INFO  server.RaftServerConfigKeys (ConfUtils.java:logGet(43)) - raft.server.notification.no-leader.timeout = 60s (default)
2019-09-24 16:14:18,415 INFO  server.RaftServerConfigKeys (ConfUtils.java:logGet(43)) - raft.server.log.use.memory = false (default)
2019-09-24 16:14:18,415 INFO  server.RaftServerConfigKeys (ConfUtils.java:logGet(43)) - raft.server.log.use.memory = false (default)
2019-09-24 16:14:18,415 INFO  server.RaftServerConfigKeys (ConfUtils.java:logGet(43)) - raft.server.log.use.memory = false (default)
2019-09-24 16:14:18,414 INFO  server.RaftServerConfigKeys (ConfUtils.java:logGet(43)) - raft.server.notification.no-leader.timeout = 60s (default)
2019-09-24 16:14:18,416 INFO  server.RaftServerConfigKeys (ConfUtils.java:logGet(43)) - raft.server.log.purge.gap = 1024 (default)
2019-09-24 16:14:18,415 INFO  server.RaftServerConfigKeys (ConfUtils.java:logGet(43)) - raft.server.log.purge.gap = 1024 (default)
2019-09-24 16:14:18,416 INFO  server.RaftServerConfigKeys (ConfUtils.java:logGet(43)) - raft.server.log.appender.buffer.byte-limit = 4MB (=4194304) (default)
2019-09-24 16:14:18,415 INFO  server.RaftServerConfigKeys (ConfUtils.java:logGet(43)) - raft.server.log.purge.gap = 1024 (default)
2019-09-24 16:14:18,415 INFO  server.RaftServerConfigKeys (ConfUtils.java:logGet(43)) - raft.server.log.use.memory = false (default)
2019-09-24 16:14:18,416 INFO  server.RaftServerConfigKeys (ConfUtils.java:logGet(43)) - raft.server.log.appender.buffer.byte-limit = 4MB (=4194304) (default)
2019-09-24 16:14:18,416 INFO  server.RaftServerConfigKeys (ConfUtils.java:logGet(43)) - raft.server.log.segment.size.max = 8MB (=8388608) (default)
2019-09-24 16:14:18,416 INFO  server.RaftServerConfigKeys (ConfUtils.java:logGet(43)) - raft.server.log.appender.buffer.byte-limit = 4MB (=4194304) (default)
2019-09-24 16:14:18,416 INFO  server.RaftServerConfigKeys (ConfUtils.java:logGet(43)) - raft.server.log.use.memory = false (default)
2019-09-24 16:14:18,417 INFO  server.RaftServerConfigKeys (ConfUtils.java:logGet(43)) - raft.server.log.segment.size.max = 8MB (=8388608) (default)
2019-09-24 16:14:18,417 INFO  server.RaftServerConfigKeys (ConfUtils.java:logGet(43)) - raft.server.log.segment.cache.num.max = 6 (default)
2019-09-24 16:14:18,417 INFO  server.RaftServerConfigKeys (ConfUtils.java:logGet(43)) - raft.server.log.segment.size.max = 8MB (=8388608) (default)
2019-09-24 16:14:18,417 INFO  server.RaftServerConfigKeys (ConfUtils.java:logGet(43)) - raft.server.log.purge.gap = 1024 (default)
2019-09-24 16:14:18,418 INFO  server.RaftServerConfigKeys (ConfUtils.java:logGet(43)) - raft.server.log.segment.cache.num.max = 6 (default)
2019-09-24 16:14:18,418 INFO  segmented.SegmentedRaftLogWorker (SegmentedRaftLogWorker.java:<init>(172)) - new s2@group-D12239A78657-SegmentedRaftLogWorker for RaftStorage:Storage Directory /workdir/ratis-test/target/test/data/37179910/MiniRaftClusterWithGrpc4492653c/s2/3969ddee-b1b3-4458-9b5d-d12239a78657
2019-09-24 16:14:18,417 INFO  server.RaftServerConfigKeys (ConfUtils.java:logGet(43)) - raft.server.log.segment.cache.num.max = 6 (default)
2019-09-24 16:14:18,417 INFO  server.RaftServerConfigKeys (ConfUtils.java:logGet(43)) - raft.server.log.purge.gap = 1024 (default)
2019-09-24 16:14:18,418 INFO  segmented.SegmentedRaftLogWorker (SegmentedRaftLogWorker.java:<init>(172)) - new s4@group-D12239A78657-SegmentedRaftLogWorker for RaftStorage:Storage Directory /workdir/ratis-test/target/test/data/37179910/MiniRaftClusterWithGrpc4492653c/s4/3969ddee-b1b3-4458-9b5d-d12239a78657
2019-09-24 16:14:18,418 INFO  server.RaftServerConfigKeys (ConfUtils.java:logGet(43)) - raft.server.log.queue.byte-limit = 64MB (=67108864) (default)
2019-09-24 16:14:18,418 INFO  segmented.SegmentedRaftLogWorker (SegmentedRaftLogWorker.java:<init>(172)) - new s1@group-D12239A78657-SegmentedRaftLogWorker for RaftStorage:Storage Directory /workdir/ratis-test/target/test/data/37179910/MiniRaftClusterWithGrpc4492653c/s1/3969ddee-b1b3-4458-9b5d-d12239a78657
2019-09-24 16:14:18,418 INFO  server.RaftServerConfigKeys (ConfUtils.java:logGet(43)) - raft.server.log.appender.buffer.byte-limit = 4MB (=4194304) (default)
2019-09-24 16:14:18,419 INFO  server.RaftServerConfigKeys (ConfUtils.java:logGet(43)) - raft.server.log.queue.byte-limit = 64MB (=67108864) (default)
2019-09-24 16:14:18,419 INFO  server.RaftServerConfigKeys (ConfUtils.java:logGet(43)) - raft.server.log.queue.element-limit = 4096 (default)
2019-09-24 16:14:18,419 INFO  server.RaftServerConfigKeys (ConfUtils.java:logGet(43)) - raft.server.log.queue.byte-limit = 64MB (=67108864) (default)
2019-09-24 16:14:18,420 INFO  server.RaftServerConfigKeys (ConfUtils.java:logGet(43)) - raft.server.log.queue.element-limit = 4096 (default)
2019-09-24 16:14:18,419 INFO  server.RaftServerConfigKeys (ConfUtils.java:logGet(43)) - raft.server.log.appender.buffer.byte-limit = 4MB (=4194304) (default)
2019-09-24 16:14:18,420 INFO  server.RaftServerConfigKeys (ConfUtils.java:logGet(43)) - raft.server.log.segment.size.max = 8MB (=8388608) (default)
2019-09-24 16:14:18,420 INFO  server.RaftServerConfigKeys (ConfUtils.java:logGet(43)) - raft.server.log.segment.size.max = 8MB (=8388608) (default)
2019-09-24 16:14:18,421 INFO  server.RaftServerConfigKeys (ConfUtils.java:logGet(43)) - raft.server.log.preallocated.size = 4MB (=4194304) (default)
2019-09-24 16:14:18,420 INFO  server.RaftServerConfigKeys (ConfUtils.java:logGet(43)) - raft.server.log.queue.element-limit = 4096 (default)
2019-09-24 16:14:18,419 INFO  server.RaftServerConfigKeys (ConfUtils.java:logGet(43)) - raft.server.log.segment.size.max = 8MB (=8388608) (default)
2019-09-24 16:14:18,421 INFO  server.RaftServerConfigKeys (ConfUtils.java:logGet(43)) - raft.server.log.segment.size.max = 8MB (=8388608) (default)
2019-09-24 16:14:18,421 INFO  server.RaftServerConfigKeys (ConfUtils.java:logGet(43)) - raft.server.log.write.buffer.size = 64KB (=65536) (default)
2019-09-24 16:14:18,421 INFO  server.RaftServerConfigKeys (ConfUtils.java:logGet(43)) - raft.server.log.force.sync.num = 128 (default)
2019-09-24 16:14:18,420 INFO  server.RaftServerConfigKeys (ConfUtils.java:logGet(43)) - raft.server.log.preallocated.size = 4MB (=4194304) (default)
2019-09-24 16:14:18,420 INFO  server.RaftServerConfigKeys (ConfUtils.java:logGet(43)) - raft.server.log.segment.size.max = 8MB (=8388608) (default)
2019-09-24 16:14:18,422 INFO  server.RaftServerConfigKeys (ConfUtils.java:logGet(43)) - raft.server.log.write.buffer.size = 64KB (=65536) (default)
2019-09-24 16:14:18,422 INFO  server.RaftServerConfigKeys (ConfUtils.java:logGet(43)) - raft.server.log.force.sync.num = 128 (default)
2019-09-24 16:14:18,422 INFO  server.RaftServerConfigKeys (ConfUtils.java:logGet(43)) - raft.server.log.statemachine.data.sync = true (default)
2019-09-24 16:14:18,421 INFO  server.RaftServerConfigKeys (ConfUtils.java:logGet(43)) - raft.server.log.preallocated.size = 4MB (=4194304) (default)
2019-09-24 16:14:18,421 INFO  server.RaftServerConfigKeys (ConfUtils.java:logGet(43)) - raft.server.log.segment.cache.num.max = 6 (default)
2019-09-24 16:14:18,423 INFO  server.RaftServerConfigKeys (ConfUtils.java:logGet(43)) - raft.server.log.write.buffer.size = 64KB (=65536) (default)
2019-09-24 16:14:18,423 INFO  server.RaftServerConfigKeys (ConfUtils.java:logGet(43)) - raft.server.log.statemachine.data.sync.timeout = 10s (default)
2019-09-24 16:14:18,422 INFO  server.RaftServerConfigKeys (ConfUtils.java:logGet(43)) - raft.server.log.statemachine.data.sync = true (default)
2019-09-24 16:14:18,422 INFO  server.RaftServerConfigKeys (ConfUtils.java:logGet(43)) - raft.server.log.segment.cache.num.max = 6 (default)
2019-09-24 16:14:18,424 INFO  server.RaftServerConfigKeys (ConfUtils.java:logGet(43)) - raft.server.log.statemachine.data.sync.timeout = 10s (default)
2019-09-24 16:14:18,423 INFO  server.RaftServerConfigKeys (ConfUtils.java:logGet(43)) - raft.server.log.statemachine.data.sync.timeout.retry = -1 (default)
2019-09-24 16:14:18,423 INFO  server.RaftServerConfigKeys (ConfUtils.java:logGet(43)) - raft.server.log.force.sync.num = 128 (default)
2019-09-24 16:14:18,423 INFO  segmented.SegmentedRaftLogWorker (SegmentedRaftLogWorker.java:<init>(172)) - new s0@group-D12239A78657-SegmentedRaftLogWorker for RaftStorage:Storage Directory /workdir/ratis-test/target/test/data/37179910/MiniRaftClusterWithGrpc4492653c/s0/3969ddee-b1b3-4458-9b5d-d12239a78657
2019-09-24 16:14:18,424 INFO  server.RaftServerConfigKeys (ConfUtils.java:logGet(43)) - raft.server.log.statemachine.data.sync = true (default)
2019-09-24 16:14:18,425 INFO  server.RaftServerConfigKeys (ConfUtils.java:logGet(43)) - raft.server.log.statemachine.data.sync.timeout = 10s (default)
2019-09-24 16:14:18,424 INFO  server.RaftServerConfigKeys (ConfUtils.java:logGet(43)) - raft.server.log.statemachine.data.caching.enabled = false (default)
2019-09-24 16:14:18,424 INFO  server.RaftServerConfigKeys (ConfUtils.java:logGet(43)) - raft.server.log.statemachine.data.sync.timeout.retry = -1 (default)
2019-09-24 16:14:18,424 INFO  segmented.SegmentedRaftLogWorker (SegmentedRaftLogWorker.java:<init>(172)) - new s3@group-D12239A78657-SegmentedRaftLogWorker for RaftStorage:Storage Directory /workdir/ratis-test/target/test/data/37179910/MiniRaftClusterWithGrpc4492653c/s3/3969ddee-b1b3-4458-9b5d-d12239a78657
2019-09-24 16:14:18,425 INFO  server.RaftServerConfigKeys (ConfUtils.java:logGet(43)) - raft.server.log.statemachine.data.caching.enabled = false (default)
2019-09-24 16:14:18,425 INFO  server.RaftServerConfigKeys (ConfUtils.java:logGet(43)) - raft.server.log.statemachine.data.sync.timeout.retry = -1 (default)
2019-09-24 16:14:18,424 INFO  server.RaftServerConfigKeys (ConfUtils.java:logGet(43)) - raft.server.log.queue.byte-limit = 64MB (=67108864) (default)
2019-09-24 16:14:18,426 INFO  server.RaftServerConfigKeys (ConfUtils.java:logGet(43)) - raft.server.log.statemachine.data.caching.enabled = false (default)
2019-09-24 16:14:18,426 INFO  segmented.SegmentedRaftLogWorker (SegmentedRaftLogWorker.java:lambda$new$0(132)) - s4@group-D12239A78657-SegmentedRaftLogWorker: flushIndex: setUnconditionally 0 -> -1
2019-09-24 16:14:18,425 INFO  segmented.SegmentedRaftLogWorker (SegmentedRaftLogWorker.java:lambda$new$0(132)) - s2@group-D12239A78657-SegmentedRaftLogWorker: flushIndex: setUnconditionally 0 -> -1
2019-09-24 16:14:18,425 INFO  server.RaftServerConfigKeys (ConfUtils.java:logGet(43)) - raft.server.log.queue.byte-limit = 64MB (=67108864) (default)
2019-09-24 16:14:18,426 INFO  server.RaftServerConfigKeys (ConfUtils.java:logGet(43)) - raft.server.snapshot.auto.trigger.enabled = false (default)
2019-09-24 16:14:18,426 INFO  segmented.SegmentedRaftLogWorker (SegmentedRaftLogWorker.java:lambda$new$0(132)) - s1@group-D12239A78657-SegmentedRaftLogWorker: flushIndex: setUnconditionally 0 -> -1
2019-09-24 16:14:18,426 INFO  server.RaftServerConfigKeys (ConfUtils.java:logGet(43)) - raft.server.log.queue.element-limit = 4096 (default)
2019-09-24 16:14:18,427 INFO  server.RaftServerConfigKeys (ConfUtils.java:logGet(43)) - raft.server.snapshot.retention.file.num = -1 (default)
2019-09-24 16:14:18,426 INFO  server.RaftServerConfigKeys (ConfUtils.java:logGet(43)) - raft.server.snapshot.auto.trigger.enabled = false (default)
2019-09-24 16:14:18,426 INFO  server.RaftServerConfigKeys (ConfUtils.java:logGet(43)) - raft.server.log.queue.element-limit = 4096 (default)
2019-09-24 16:14:18,427 INFO  server.RaftServerConfigKeys (ConfUtils.java:logGet(43)) - raft.server.snapshot.retention.file.num = -1 (default)
2019-09-24 16:14:18,427 INFO  server.RaftServerConfigKeys (ConfUtils.java:logGet(43)) - raft.server.retrycache.expirytime = 60s (default)
2019-09-24 16:14:18,427 INFO  server.RaftServerConfigKeys (ConfUtils.java:logGet(43)) - raft.server.log.segment.size.max = 8MB (=8388608) (default)
2019-09-24 16:14:18,427 INFO  server.RaftServerConfigKeys (ConfUtils.java:logGet(43)) - raft.server.snapshot.auto.trigger.enabled = false (default)
2019-09-24 16:14:18,428 INFO  server.RaftServerConfigKeys (ConfUtils.java:logGet(43)) - raft.server.log.preallocated.size = 4MB (=4194304) (default)
2019-09-24 16:14:18,427 INFO  server.RaftServerConfigKeys (ConfUtils.java:logGet(43)) - raft.server.retrycache.expirytime = 60s (default)
2019-09-24 16:14:18,427 INFO  server.RaftServerConfigKeys (ConfUtils.java:logGet(43)) - raft.server.log.segment.size.max = 8MB (=8388608) (default)
2019-09-24 16:14:18,428 INFO  server.RaftServerConfigKeys (ConfUtils.java:logGet(43)) - raft.server.log.write.buffer.size = 64KB (=65536) (default)
2019-09-24 16:14:18,428 INFO  server.RaftServerConfigKeys (ConfUtils.java:logGet(43)) - raft.server.snapshot.retention.file.num = -1 (default)
2019-09-24 16:14:18,428 INFO  server.RaftServerConfigKeys (ConfUtils.java:logGet(43)) - raft.server.log.force.sync.num = 128 (default)
2019-09-24 16:14:18,428 INFO  server.RaftServerConfigKeys (ConfUtils.java:logGet(43)) - raft.server.log.preallocated.size = 4MB (=4194304) (default)
2019-09-24 16:14:18,429 INFO  server.RaftServerConfigKeys (ConfUtils.java:logGet(43)) - raft.server.retrycache.expirytime = 60s (default)
2019-09-24 16:14:18,429 INFO  server.RaftServerConfigKeys (ConfUtils.java:logGet(43)) - raft.server.log.statemachine.data.sync = true (default)
2019-09-24 16:14:18,429 INFO  server.RaftServerConfigKeys (ConfUtils.java:logGet(43)) - raft.server.log.write.buffer.size = 64KB (=65536) (default)
2019-09-24 16:14:18,429 INFO  server.RaftServerConfigKeys (ConfUtils.java:logGet(43)) - raft.server.log.statemachine.data.sync.timeout = 10s (default)
2019-09-24 16:14:18,429 INFO  server.RaftServerConfigKeys (ConfUtils.java:logGet(43)) - raft.server.log.force.sync.num = 128 (default)
2019-09-24 16:14:18,429 INFO  server.RaftServerConfigKeys (ConfUtils.java:logGet(43)) - raft.server.log.statemachine.data.sync.timeout.retry = -1 (default)
2019-09-24 16:14:18,430 INFO  server.RaftServerConfigKeys (ConfUtils.java:logGet(43)) - raft.server.log.statemachine.data.sync = true (default)
2019-09-24 16:14:18,430 INFO  server.RaftServerConfigKeys (ConfUtils.java:logGet(43)) - raft.server.log.statemachine.data.caching.enabled = false (default)
2019-09-24 16:14:18,430 INFO  server.RaftServerConfigKeys (ConfUtils.java:logGet(43)) - raft.server.log.statemachine.data.sync.timeout = 10s (default)
2019-09-24 16:14:18,430 INFO  server.RaftServerConfigKeys (ConfUtils.java:logGet(43)) - raft.server.log.statemachine.data.sync.timeout.retry = -1 (default)
2019-09-24 16:14:18,430 INFO  segmented.SegmentedRaftLogWorker (SegmentedRaftLogWorker.java:lambda$new$0(132)) - s0@group-D12239A78657-SegmentedRaftLogWorker: flushIndex: setUnconditionally 0 -> -1
2019-09-24 16:14:18,430 INFO  server.RaftServerConfigKeys (ConfUtils.java:logGet(43)) - raft.server.log.statemachine.data.caching.enabled = false (default)
2019-09-24 16:14:18,431 INFO  server.RaftServerConfigKeys (ConfUtils.java:logGet(43)) - raft.server.snapshot.auto.trigger.enabled = false (default)
2019-09-24 16:14:18,431 INFO  segmented.SegmentedRaftLogWorker (SegmentedRaftLogWorker.java:lambda$new$0(132)) - s3@group-D12239A78657-SegmentedRaftLogWorker: flushIndex: setUnconditionally 0 -> -1
2019-09-24 16:14:18,431 INFO  server.RaftServerConfigKeys (ConfUtils.java:logGet(43)) - raft.server.snapshot.retention.file.num = -1 (default)
2019-09-24 16:14:18,431 INFO  server.RaftServerConfigKeys (ConfUtils.java:logGet(43)) - raft.server.snapshot.auto.trigger.enabled = false (default)
2019-09-24 16:14:18,431 INFO  server.RaftServerConfigKeys (ConfUtils.java:logGet(43)) - raft.server.retrycache.expirytime = 60s (default)
2019-09-24 16:14:18,431 INFO  server.RaftServerConfigKeys (ConfUtils.java:logGet(43)) - raft.server.snapshot.retention.file.num = -1 (default)
2019-09-24 16:14:18,431 INFO  server.RaftServerConfigKeys (ConfUtils.java:logGet(43)) - raft.server.retrycache.expirytime = 60s (default)
2019-09-24 16:14:18,438 INFO  impl.RaftServerImpl (RaftServerImpl.java:start(181)) - s3@group-D12239A78657: start as a follower, conf=-1: [s3:0.0.0.0:43186, s4:0.0.0.0:42582, s0:0.0.0.0:44493, s1:0.0.0.0:40044, s2:0.0.0.0:44761], old=null
2019-09-24 16:14:18,438 INFO  impl.RaftServerImpl (RaftServerImpl.java:setRole(170)) - s3@group-D12239A78657: changes role from      null to FOLLOWER at term 0 for startAsFollower
2019-09-24 16:14:18,439 INFO  impl.RoleInfo (RoleInfo.java:updateAndGet(143)) - s3: start FollowerState
2019-09-24 16:14:18,439 INFO  util.JmxRegister (JmxRegister.java:tryRegister(44)) - Successfully registered JMX Bean with object name Ratis:service=RaftServer,group=group-D12239A78657,id=s3
2019-09-24 16:14:18,444 INFO  impl.RaftServerProxy (RaftServerProxy.java:lambda$start$3(299)) - s3: start RPC server
2019-09-24 16:14:18,448 INFO  server.GrpcService (GrpcService.java:startImpl(158)) - s3: GrpcService started, listening on 0.0.0.0/0.0.0.0:43186
2019-09-24 16:14:18,448 INFO  impl.RaftServerImpl (RaftServerImpl.java:start(181)) - s4@group-D12239A78657: start as a follower, conf=-1: [s3:0.0.0.0:43186, s4:0.0.0.0:42582, s0:0.0.0.0:44493, s1:0.0.0.0:40044, s2:0.0.0.0:44761], old=null
2019-09-24 16:14:18,449 INFO  impl.RaftServerImpl (RaftServerImpl.java:setRole(170)) - s4@group-D12239A78657: changes role from      null to FOLLOWER at term 0 for startAsFollower
2019-09-24 16:14:18,449 INFO  impl.RoleInfo (RoleInfo.java:updateAndGet(143)) - s4: start FollowerState
2019-09-24 16:14:18,449 INFO  util.JmxRegister (JmxRegister.java:tryRegister(44)) - Successfully registered JMX Bean with object name Ratis:service=RaftServer,group=group-D12239A78657,id=s4
2019-09-24 16:14:18,453 INFO  impl.RaftServerProxy (RaftServerProxy.java:lambda$start$3(299)) - s4: start RPC server
2019-09-24 16:14:18,455 INFO  server.GrpcService (GrpcService.java:startImpl(158)) - s4: GrpcService started, listening on 0.0.0.0/0.0.0.0:42582
2019-09-24 16:14:18,456 INFO  impl.RaftServerImpl (RaftServerImpl.java:start(181)) - s0@group-D12239A78657: start as a follower, conf=-1: [s3:0.0.0.0:43186, s4:0.0.0.0:42582, s0:0.0.0.0:44493, s1:0.0.0.0:40044, s2:0.0.0.0:44761], old=null
2019-09-24 16:14:18,456 INFO  impl.RaftServerImpl (RaftServerImpl.java:setRole(170)) - s0@group-D12239A78657: changes role from      null to FOLLOWER at term 0 for startAsFollower
2019-09-24 16:14:18,456 INFO  impl.RoleInfo (RoleInfo.java:updateAndGet(143)) - s0: start FollowerState
2019-09-24 16:14:18,457 INFO  util.JmxRegister (JmxRegister.java:tryRegister(44)) - Successfully registered JMX Bean with object name Ratis:service=RaftServer,group=group-D12239A78657,id=s0
2019-09-24 16:14:18,460 INFO  impl.RaftServerProxy (RaftServerProxy.java:lambda$start$3(299)) - s0: start RPC server
2019-09-24 16:14:18,461 INFO  server.GrpcService (GrpcService.java:startImpl(158)) - s0: GrpcService started, listening on 0.0.0.0/0.0.0.0:44493
2019-09-24 16:14:18,462 INFO  impl.RaftServerImpl (RaftServerImpl.java:start(181)) - s1@group-D12239A78657: start as a follower, conf=-1: [s3:0.0.0.0:43186, s4:0.0.0.0:42582, s0:0.0.0.0:44493, s1:0.0.0.0:40044, s2:0.0.0.0:44761], old=null
2019-09-24 16:14:18,463 INFO  impl.RaftServerImpl (RaftServerImpl.java:setRole(170)) - s1@group-D12239A78657: changes role from      null to FOLLOWER at term 0 for startAsFollower
2019-09-24 16:14:18,463 INFO  impl.RoleInfo (RoleInfo.java:updateAndGet(143)) - s1: start FollowerState
2019-09-24 16:14:18,463 INFO  util.JmxRegister (JmxRegister.java:tryRegister(44)) - Successfully registered JMX Bean with object name Ratis:service=RaftServer,group=group-D12239A78657,id=s1
2019-09-24 16:14:18,467 INFO  impl.RaftServerProxy (RaftServerProxy.java:lambda$start$3(299)) - s1: start RPC server
2019-09-24 16:14:18,468 INFO  server.GrpcService (GrpcService.java:startImpl(158)) - s1: GrpcService started, listening on 0.0.0.0/0.0.0.0:40044
2019-09-24 16:14:18,468 INFO  impl.RaftServerImpl (RaftServerImpl.java:start(181)) - s2@group-D12239A78657: start as a follower, conf=-1: [s3:0.0.0.0:43186, s4:0.0.0.0:42582, s0:0.0.0.0:44493, s1:0.0.0.0:40044, s2:0.0.0.0:44761], old=null
2019-09-24 16:14:18,469 INFO  impl.RaftServerImpl (RaftServerImpl.java:setRole(170)) - s2@group-D12239A78657: changes role from      null to FOLLOWER at term 0 for startAsFollower
2019-09-24 16:14:18,469 INFO  impl.RoleInfo (RoleInfo.java:updateAndGet(143)) - s2: start FollowerState
2019-09-24 16:14:18,470 INFO  util.JmxRegister (JmxRegister.java:tryRegister(44)) - Successfully registered JMX Bean with object name Ratis:service=RaftServer,group=group-D12239A78657,id=s2
2019-09-24 16:14:18,474 INFO  impl.RaftServerProxy (RaftServerProxy.java:lambda$start$3(299)) - s2: start RPC server
2019-09-24 16:14:18,475 INFO  server.GrpcService (GrpcService.java:startImpl(158)) - s2: GrpcService started, listening on 0.0.0.0/0.0.0.0:44761
2019-09-24 16:14:18,475 INFO  server.RaftServerConfigKeys (ConfUtils.java:logGet(43)) - raft.server.rpc.timeout.max = 300ms (default)
2019-09-24 16:14:18,476 INFO  ratis.RaftTestUtil (RaftTestUtil.java:waitForLeader(86)) - printing ALL groups
  s3:  RUNNING  FOLLOWER s3@group-D12239A78657:t0, leader=null, voted=null, raftlog=s3@group-D12239A78657-SegmentedRaftLog:OPENED:c-1,f-1,i0, conf=-1: [s3:0.0.0.0:43186, s4:0.0.0.0:42582, s0:0.0.0.0:44493, s1:0.0.0.0:40044, s2:0.0.0.0:44761], old=null RUNNING
  s4:  RUNNING  FOLLOWER s4@group-D12239A78657:t0, leader=null, voted=null, raftlog=s4@group-D12239A78657-SegmentedRaftLog:OPENED:c-1,f-1,i0, conf=-1: [s3:0.0.0.0:43186, s4:0.0.0.0:42582, s0:0.0.0.0:44493, s1:0.0.0.0:40044, s2:0.0.0.0:44761], old=null RUNNING
  s0:  RUNNING  FOLLOWER s0@group-D12239A78657:t0, leader=null, voted=null, raftlog=s0@group-D12239A78657-SegmentedRaftLog:OPENED:c-1,f-1,i0, conf=-1: [s3:0.0.0.0:43186, s4:0.0.0.0:42582, s0:0.0.0.0:44493, s1:0.0.0.0:40044, s2:0.0.0.0:44761], old=null RUNNING
  s1:  RUNNING  FOLLOWER s1@group-D12239A78657:t0, leader=null, voted=null, raftlog=s1@group-D12239A78657-SegmentedRaftLog:OPENED:c-1,f-1,i0, conf=-1: [s3:0.0.0.0:43186, s4:0.0.0.0:42582, s0:0.0.0.0:44493, s1:0.0.0.0:40044, s2:0.0.0.0:44761], old=null RUNNING
  s2:  RUNNING  FOLLOWER s2@group-D12239A78657:t0, leader=null, voted=null, raftlog=s2@group-D12239A78657-SegmentedRaftLog:OPENED:c-1,f-1,i0, conf=-1: [s3:0.0.0.0:43186, s4:0.0.0.0:42582, s0:0.0.0.0:44493, s1:0.0.0.0:40044, s2:0.0.0.0:44761], old=null RUNNING
2019-09-24 16:14:18,477 WARN  ratis.RaftTestUtil (JavaUtils.java:attempt(158)) - FAILED "waitForLeader-null-(expectLeader? true)", attempt #1/100: java.lang.IllegalStateException: No leader yet : printing ALL groups
  s3:  RUNNING  FOLLOWER s3@group-D12239A78657:t0, leader=null, voted=null, raftlog=s3@group-D12239A78657-SegmentedRaftLog:OPENED:c-1,f-1,i0, conf=-1: [s3:0.0.0.0:43186, s4:0.0.0.0:42582, s0:0.0.0.0:44493, s1:0.0.0.0:40044, s2:0.0.0.0:44761], old=null RUNNING
  s4:  RUNNING  FOLLOWER s4@group-D12239A78657:t0, leader=null, voted=null, raftlog=s4@group-D12239A78657-SegmentedRaftLog:OPENED:c-1,f-1,i0, conf=-1: [s3:0.0.0.0:43186, s4:0.0.0.0:42582, s0:0.0.0.0:44493, s1:0.0.0.0:40044, s2:0.0.0.0:44761], old=null RUNNING
  s0:  RUNNING  FOLLOWER s0@group-D12239A78657:t0, leader=null, voted=null, raftlog=s0@group-D12239A78657-SegmentedRaftLog:OPENED:c-1,f-1,i0, conf=-1: [s3:0.0.0.0:43186, s4:0.0.0.0:42582, s0:0.0.0.0:44493, s1:0.0.0.0:40044, s2:0.0.0.0:44761], old=null RUNNING
  s1:  RUNNING  FOLLOWER s1@group-D12239A78657:t0, leader=null, voted=null, raftlog=s1@group-D12239A78657-SegmentedRaftLog:OPENED:c-1,f-1,i0, conf=-1: [s3:0.0.0.0:43186, s4:0.0.0.0:42582, s0:0.0.0.0:44493, s1:0.0.0.0:40044, s2:0.0.0.0:44761], old=null RUNNING
  s2:  RUNNING  FOLLOWER s2@group-D12239A78657:t0, leader=null, voted=null, raftlog=s2@group-D12239A78657-SegmentedRaftLog:OPENED:c-1,f-1,i0, conf=-1: [s3:0.0.0.0:43186, s4:0.0.0.0:42582, s0:0.0.0.0:44493, s1:0.0.0.0:40044, s2:0.0.0.0:44761], old=null RUNNING, sleep 450ms and then retry.
java.lang.IllegalStateException: No leader yet : printing ALL groups
  s3:  RUNNING  FOLLOWER s3@group-D12239A78657:t0, leader=null, voted=null, raftlog=s3@group-D12239A78657-SegmentedRaftLog:OPENED:c-1,f-1,i0, conf=-1: [s3:0.0.0.0:43186, s4:0.0.0.0:42582, s0:0.0.0.0:44493, s1:0.0.0.0:40044, s2:0.0.0.0:44761], old=null RUNNING
  s4:  RUNNING  FOLLOWER s4@group-D12239A78657:t0, leader=null, voted=null, raftlog=s4@group-D12239A78657-SegmentedRaftLog:OPENED:c-1,f-1,i0, conf=-1: [s3:0.0.0.0:43186, s4:0.0.0.0:42582, s0:0.0.0.0:44493, s1:0.0.0.0:40044, s2:0.0.0.0:44761], old=null RUNNING
  s0:  RUNNING  FOLLOWER s0@group-D12239A78657:t0, leader=null, voted=null, raftlog=s0@group-D12239A78657-SegmentedRaftLog:OPENED:c-1,f-1,i0, conf=-1: [s3:0.0.0.0:43186, s4:0.0.0.0:42582, s0:0.0.0.0:44493, s1:0.0.0.0:40044, s2:0.0.0.0:44761], old=null RUNNING
  s1:  RUNNING  FOLLOWER s1@group-D12239A78657:t0, leader=null, voted=null, raftlog=s1@group-D12239A78657-SegmentedRaftLog:OPENED:c-1,f-1,i0, conf=-1: [s3:0.0.0.0:43186, s4:0.0.0.0:42582, s0:0.0.0.0:44493, s1:0.0.0.0:40044, s2:0.0.0.0:44761], old=null RUNNING
  s2:  RUNNING  FOLLOWER s2@group-D12239A78657:t0, leader=null, voted=null, raftlog=s2@group-D12239A78657-SegmentedRaftLog:OPENED:c-1,f-1,i0, conf=-1: [s3:0.0.0.0:43186, s4:0.0.0.0:42582, s0:0.0.0.0:44493, s1:0.0.0.0:40044, s2:0.0.0.0:44761], old=null RUNNING
	at org.apache.ratis.MiniRaftCluster.newIllegalStateExceptionForNoLeaders(MiniRaftCluster.java:506)
	at org.apache.ratis.RaftTestUtil.lambda$waitForLeader$1(RaftTestUtil.java:90)
	at org.apache.ratis.MiniRaftCluster.getLeader(MiniRaftCluster.java:539)
	at org.apache.ratis.MiniRaftCluster.getLeader(MiniRaftCluster.java:532)
	at org.apache.ratis.RaftTestUtil.lambda$waitForLeader$3(RaftTestUtil.java:98)
	at org.apache.ratis.util.JavaUtils.attempt(JavaUtils.java:152)
	at org.apache.ratis.RaftTestUtil.waitForLeader(RaftTestUtil.java:97)
	at org.apache.ratis.RaftTestUtil.waitForLeader(RaftTestUtil.java:77)
	at org.apache.ratis.RaftTestUtil.waitForLeader(RaftTestUtil.java:72)
	at org.apache.ratis.server.impl.RaftReconfigurationBaseTest.runTestRevertConfigurationChange(RaftReconfigurationBaseTest.java:488)
	at org.apache.ratis.MiniRaftCluster$Factory$Get.runWithNewCluster(MiniRaftCluster.java:125)
	at org.apache.ratis.MiniRaftCluster$Factory$Get.runWithNewCluster(MiniRaftCluster.java:113)
	at org.apache.ratis.server.impl.RaftReconfigurationBaseTest.testRevertConfigurationChange(RaftReconfigurationBaseTest.java:482)
	at sun.reflect.NativeMethodAccessorImpl.invoke0(Native Method)
	at sun.reflect.NativeMethodAccessorImpl.invoke(NativeMethodAccessorImpl.java:62)
	at sun.reflect.DelegatingMethodAccessorImpl.invoke(DelegatingMethodAccessorImpl.java:43)
	at java.lang.reflect.Method.invoke(Method.java:498)
	at org.junit.runners.model.FrameworkMethod$1.runReflectiveCall(FrameworkMethod.java:50)
	at org.junit.internal.runners.model.ReflectiveCallable.run(ReflectiveCallable.java:12)
	at org.junit.runners.model.FrameworkMethod.invokeExplosively(FrameworkMethod.java:47)
	at org.junit.internal.runners.statements.InvokeMethod.evaluate(InvokeMethod.java:17)
	at org.junit.internal.runners.statements.RunAfters.evaluate(RunAfters.java:27)
	at org.junit.internal.runners.statements.FailOnTimeout$CallableStatement.call(FailOnTimeout.java:298)
	at org.junit.internal.runners.statements.FailOnTimeout$CallableStatement.call(FailOnTimeout.java:292)
	at java.util.concurrent.FutureTask.run(FutureTask.java:266)
	at java.lang.Thread.run(Thread.java:748)
2019-09-24 16:14:18,620 INFO  impl.FollowerState (FollowerState.java:run(108)) - s0@group-D12239A78657-FollowerState: change to CANDIDATE, lastRpcTime:163ms, electionTimeout:163ms
2019-09-24 16:14:18,621 INFO  impl.RoleInfo (RoleInfo.java:shutdownFollowerState(121)) - s0: shutdown FollowerState
2019-09-24 16:14:18,621 INFO  impl.RaftServerImpl (RaftServerImpl.java:setRole(170)) - s0@group-D12239A78657: changes role from  FOLLOWER to CANDIDATE at term 0 for changeToCandidate
2019-09-24 16:14:18,621 INFO  impl.RoleInfo (RoleInfo.java:updateAndGet(143)) - s0: start LeaderElection
2019-09-24 16:14:18,633 INFO  impl.FollowerState (FollowerState.java:run(108)) - s4@group-D12239A78657-FollowerState: change to CANDIDATE, lastRpcTime:184ms, electionTimeout:184ms
2019-09-24 16:14:18,634 INFO  impl.RoleInfo (RoleInfo.java:shutdownFollowerState(121)) - s4: shutdown FollowerState
2019-09-24 16:14:18,634 INFO  impl.RaftServerImpl (RaftServerImpl.java:setRole(170)) - s4@group-D12239A78657: changes role from  FOLLOWER to CANDIDATE at term 0 for changeToCandidate
2019-09-24 16:14:18,634 INFO  impl.RoleInfo (RoleInfo.java:updateAndGet(143)) - s4: start LeaderElection
2019-09-24 16:14:18,636 INFO  impl.LeaderElection (LeaderElection.java:askForVotes(178)) - s0@group-D12239A78657-LeaderElection17: begin an election at term 1 for -1: [s3:0.0.0.0:43186, s4:0.0.0.0:42582, s0:0.0.0.0:44493, s1:0.0.0.0:40044, s2:0.0.0.0:44761], old=null
2019-09-24 16:14:18,645 DEBUG impl.RaftServerImpl (RaftServerImpl.java:requestVote(743)) - s3@group-D12239A78657: receive requestVote(s0, group-D12239A78657, 1, (t:0, i:0))
2019-09-24 16:14:18,645 DEBUG impl.RaftServerImpl (RaftServerImpl.java:requestVote(743)) - s1@group-D12239A78657: receive requestVote(s0, group-D12239A78657, 1, (t:0, i:0))
2019-09-24 16:14:18,646 INFO  impl.RaftServerImpl (RaftServerImpl.java:setRole(170)) - s3@group-D12239A78657: changes role from  FOLLOWER to FOLLOWER at term 1 for recognizeCandidate:s0
2019-09-24 16:14:18,646 INFO  impl.RaftServerImpl (RaftServerImpl.java:setRole(170)) - s1@group-D12239A78657: changes role from  FOLLOWER to FOLLOWER at term 1 for recognizeCandidate:s0
2019-09-24 16:14:18,646 DEBUG impl.RaftServerImpl (RaftServerImpl.java:requestVote(743)) - s4@group-D12239A78657: receive requestVote(s0, group-D12239A78657, 1, (t:0, i:0))
2019-09-24 16:14:18,646 DEBUG impl.RaftServerImpl (RaftServerImpl.java:requestVote(743)) - s2@group-D12239A78657: receive requestVote(s0, group-D12239A78657, 1, (t:0, i:0))
2019-09-24 16:14:18,646 INFO  impl.RoleInfo (RoleInfo.java:shutdownFollowerState(121)) - s3: shutdown FollowerState
2019-09-24 16:14:18,647 INFO  impl.RaftServerImpl (RaftServerImpl.java:setRole(170)) - s2@group-D12239A78657: changes role from  FOLLOWER to FOLLOWER at term 1 for recognizeCandidate:s0
2019-09-24 16:14:18,647 INFO  impl.RoleInfo (RoleInfo.java:shutdownFollowerState(121)) - s2: shutdown FollowerState
2019-09-24 16:14:18,646 INFO  impl.RoleInfo (RoleInfo.java:shutdownFollowerState(121)) - s1: shutdown FollowerState
2019-09-24 16:14:18,647 INFO  impl.FollowerState (FollowerState.java:run(117)) - s2@group-D12239A78657-FollowerState was interrupted: java.lang.InterruptedException: sleep interrupted
2019-09-24 16:14:18,648 INFO  impl.FollowerState (FollowerState.java:run(117)) - s1@group-D12239A78657-FollowerState was interrupted: java.lang.InterruptedException: sleep interrupted
2019-09-24 16:14:18,647 INFO  impl.RoleInfo (RoleInfo.java:updateAndGet(143)) - s2: start FollowerState
2019-09-24 16:14:18,647 INFO  impl.FollowerState (FollowerState.java:run(117)) - s3@group-D12239A78657-FollowerState was interrupted: java.lang.InterruptedException: sleep interrupted
2019-09-24 16:14:18,647 INFO  impl.RoleInfo (RoleInfo.java:updateAndGet(143)) - s3: start FollowerState
2019-09-24 16:14:18,648 INFO  impl.RoleInfo (RoleInfo.java:updateAndGet(143)) - s1: start FollowerState
2019-09-24 16:14:18,891 INFO  impl.LeaderElection (LeaderElection.java:logAndReturn(56)) - s0@group-D12239A78657-LeaderElection17: Election TIMEOUT; received 0 response(s) [] and 0 exception(s); s0@group-D12239A78657:t1, leader=null, voted=s0, raftlog=s0@group-D12239A78657-SegmentedRaftLog:OPENED:c-1,f-1,i0, conf=-1: [s3:0.0.0.0:43186, s4:0.0.0.0:42582, s0:0.0.0.0:44493, s1:0.0.0.0:40044, s2:0.0.0.0:44761], old=null
2019-09-24 16:14:18,931 WARN  ratis.RaftTestUtil (JavaUtils.java:attempt(158)) - FAILED "waitForLeader-null-(expectLeader? true)", attempt #2/100: java.lang.IllegalStateException: No leader yet : printing ALL groups
  s3:  RUNNING  FOLLOWER s3@group-D12239A78657:t1, leader=null, voted=s0, raftlog=s3@group-D12239A78657-SegmentedRaftLog:OPENED:c-1,f-1,i0, conf=-1: [s3:0.0.0.0:43186, s4:0.0.0.0:42582, s0:0.0.0.0:44493, s1:0.0.0.0:40044, s2:0.0.0.0:44761], old=null RUNNING
  s4:  RUNNING CANDIDATE s4@group-D12239A78657:t1, leader=null, voted=s4, raftlog=s4@group-D12239A78657-SegmentedRaftLog:OPENED:c-1,f-1,i0, conf=-1: [s3:0.0.0.0:43186, s4:0.0.0.0:42582, s0:0.0.0.0:44493, s1:0.0.0.0:40044, s2:0.0.0.0:44761], old=null RUNNING
  s0:  RUNNING CANDIDATE s0@group-D12239A78657:t2, leader=null, voted=s0, raftlog=s0@group-D12239A78657-SegmentedRaftLog:OPENED:c-1,f-1,i0, conf=-1: [s3:0.0.0.0:43186, s4:0.0.0.0:42582, s0:0.0.0.0:44493, s1:0.0.0.0:40044, s2:0.0.0.0:44761], old=null RUNNING
  s1:  RUNNING  FOLLOWER s1@group-D12239A78657:t1, leader=null, voted=s0, raftlog=s1@group-D12239A78657-SegmentedRaftLog:OPENED:c-1,f-1,i0, conf=-1: [s3:0.0.0.0:43186, s4:0.0.0.0:42582, s0:0.0.0.0:44493, s1:0.0.0.0:40044, s2:0.0.0.0:44761], old=null RUNNING
  s2:  RUNNING  FOLLOWER s2@group-D12239A78657:t1, leader=null, voted=s0, raftlog=s2@group-D12239A78657-SegmentedRaftLog:OPENED:c-1,f-1,i0, conf=-1: [s3:0.0.0.0:43186, s4:0.0.0.0:42582, s0:0.0.0.0:44493, s1:0.0.0.0:40044, s2:0.0.0.0:44761], old=null RUNNING, sleep 450ms and then retry.
java.lang.IllegalStateException: No leader yet : printing ALL groups
  s3:  RUNNING  FOLLOWER s3@group-D12239A78657:t1, leader=null, voted=s0, raftlog=s3@group-D12239A78657-SegmentedRaftLog:OPENED:c-1,f-1,i0, conf=-1: [s3:0.0.0.0:43186, s4:0.0.0.0:42582, s0:0.0.0.0:44493, s1:0.0.0.0:40044, s2:0.0.0.0:44761], old=null RUNNING
  s4:  RUNNING CANDIDATE s4@group-D12239A78657:t1, leader=null, voted=s4, raftlog=s4@group-D12239A78657-SegmentedRaftLog:OPENED:c-1,f-1,i0, conf=-1: [s3:0.0.0.0:43186, s4:0.0.0.0:42582, s0:0.0.0.0:44493, s1:0.0.0.0:40044, s2:0.0.0.0:44761], old=null RUNNING
  s0:  RUNNING CANDIDATE s0@group-D12239A78657:t2, leader=null, voted=s0, raftlog=s0@group-D12239A78657-SegmentedRaftLog:OPENED:c-1,f-1,i0, conf=-1: [s3:0.0.0.0:43186, s4:0.0.0.0:42582, s0:0.0.0.0:44493, s1:0.0.0.0:40044, s2:0.0.0.0:44761], old=null RUNNING
  s1:  RUNNING  FOLLOWER s1@group-D12239A78657:t1, leader=null, voted=s0, raftlog=s1@group-D12239A78657-SegmentedRaftLog:OPENED:c-1,f-1,i0, conf=-1: [s3:0.0.0.0:43186, s4:0.0.0.0:42582, s0:0.0.0.0:44493, s1:0.0.0.0:40044, s2:0.0.0.0:44761], old=null RUNNING
  s2:  RUNNING  FOLLOWER s2@group-D12239A78657:t1, leader=null, voted=s0, raftlog=s2@group-D12239A78657-SegmentedRaftLog:OPENED:c-1,f-1,i0, conf=-1: [s3:0.0.0.0:43186, s4:0.0.0.0:42582, s0:0.0.0.0:44493, s1:0.0.0.0:40044, s2:0.0.0.0:44761], old=null RUNNING
	at org.apache.ratis.MiniRaftCluster.newIllegalStateExceptionForNoLeaders(MiniRaftCluster.java:506)
	at org.apache.ratis.RaftTestUtil.lambda$waitForLeader$1(RaftTestUtil.java:90)
	at org.apache.ratis.MiniRaftCluster.getLeader(MiniRaftCluster.java:539)
	at org.apache.ratis.MiniRaftCluster.getLeader(MiniRaftCluster.java:532)
	at org.apache.ratis.RaftTestUtil.lambda$waitForLeader$3(RaftTestUtil.java:98)
	at org.apache.ratis.util.JavaUtils.attempt(JavaUtils.java:152)
	at org.apache.ratis.RaftTestUtil.waitForLeader(RaftTestUtil.java:97)
	at org.apache.ratis.RaftTestUtil.waitForLeader(RaftTestUtil.java:77)
	at org.apache.ratis.RaftTestUtil.waitForLeader(RaftTestUtil.java:72)
	at org.apache.ratis.server.impl.RaftReconfigurationBaseTest.runTestRevertConfigurationChange(RaftReconfigurationBaseTest.java:488)
	at org.apache.ratis.MiniRaftCluster$Factory$Get.runWithNewCluster(MiniRaftCluster.java:125)
	at org.apache.ratis.MiniRaftCluster$Factory$Get.runWithNewCluster(MiniRaftCluster.java:113)
	at org.apache.ratis.server.impl.RaftReconfigurationBaseTest.testRevertConfigurationChange(RaftReconfigurationBaseTest.java:482)
	at sun.reflect.NativeMethodAccessorImpl.invoke0(Native Method)
	at sun.reflect.NativeMethodAccessorImpl.invoke(NativeMethodAccessorImpl.java:62)
	at sun.reflect.DelegatingMethodAccessorImpl.invoke(DelegatingMethodAccessorImpl.java:43)
	at java.lang.reflect.Method.invoke(Method.java:498)
	at org.junit.runners.model.FrameworkMethod$1.runReflectiveCall(FrameworkMethod.java:50)
	at org.junit.internal.runners.model.ReflectiveCallable.run(ReflectiveCallable.java:12)
	at org.junit.runners.model.FrameworkMethod.invokeExplosively(FrameworkMethod.java:47)
	at org.junit.internal.runners.statements.InvokeMethod.evaluate(InvokeMethod.java:17)
	at org.junit.internal.runners.statements.RunAfters.evaluate(RunAfters.java:27)
	at org.junit.internal.runners.statements.FailOnTimeout$CallableStatement.call(FailOnTimeout.java:298)
	at org.junit.internal.runners.statements.FailOnTimeout$CallableStatement.call(FailOnTimeout.java:292)
	at java.util.concurrent.FutureTask.run(FutureTask.java:266)
	at java.lang.Thread.run(Thread.java:748)
2019-09-24 16:14:19,382 WARN  ratis.RaftTestUtil (JavaUtils.java:attempt(158)) - FAILED "waitForLeader-null-(expectLeader? true)", attempt #3/100: java.lang.IllegalStateException: No leader yet : printing ALL groups
  s3:  RUNNING  FOLLOWER s3@group-D12239A78657:t1, leader=null, voted=s0, raftlog=s3@group-D12239A78657-SegmentedRaftLog:OPENED:c-1,f-1,i0, conf=-1: [s3:0.0.0.0:43186, s4:0.0.0.0:42582, s0:0.0.0.0:44493, s1:0.0.0.0:40044, s2:0.0.0.0:44761], old=null RUNNING
  s4:  RUNNING CANDIDATE s4@group-D12239A78657:t1, leader=null, voted=s4, raftlog=s4@group-D12239A78657-SegmentedRaftLog:OPENED:c-1,f-1,i0, conf=-1: [s3:0.0.0.0:43186, s4:0.0.0.0:42582, s0:0.0.0.0:44493, s1:0.0.0.0:40044, s2:0.0.0.0:44761], old=null RUNNING
  s0:  RUNNING CANDIDATE s0@group-D12239A78657:t2, leader=null, voted=s0, raftlog=s0@group-D12239A78657-SegmentedRaftLog:OPENED:c-1,f-1,i0, conf=-1: [s3:0.0.0.0:43186, s4:0.0.0.0:42582, s0:0.0.0.0:44493, s1:0.0.0.0:40044, s2:0.0.0.0:44761], old=null RUNNING
  s1:  RUNNING  FOLLOWER s1@group-D12239A78657:t1, leader=null, voted=s0, raftlog=s1@group-D12239A78657-SegmentedRaftLog:OPENED:c-1,f-1,i0, conf=-1: [s3:0.0.0.0:43186, s4:0.0.0.0:42582, s0:0.0.0.0:44493, s1:0.0.0.0:40044, s2:0.0.0.0:44761], old=null RUNNING
  s2:  RUNNING  FOLLOWER s2@group-D12239A78657:t1, leader=null, voted=s0, raftlog=s2@group-D12239A78657-SegmentedRaftLog:OPENED:c-1,f-1,i0, conf=-1: [s3:0.0.0.0:43186, s4:0.0.0.0:42582, s0:0.0.0.0:44493, s1:0.0.0.0:40044, s2:0.0.0.0:44761], old=null RUNNING, sleep 450ms and then retry.
java.lang.IllegalStateException: No leader yet : printing ALL groups
  s3:  RUNNING  FOLLOWER s3@group-D12239A78657:t1, leader=null, voted=s0, raftlog=s3@group-D12239A78657-SegmentedRaftLog:OPENED:c-1,f-1,i0, conf=-1: [s3:0.0.0.0:43186, s4:0.0.0.0:42582, s0:0.0.0.0:44493, s1:0.0.0.0:40044, s2:0.0.0.0:44761], old=null RUNNING
  s4:  RUNNING CANDIDATE s4@group-D12239A78657:t1, leader=null, voted=s4, raftlog=s4@group-D12239A78657-SegmentedRaftLog:OPENED:c-1,f-1,i0, conf=-1: [s3:0.0.0.0:43186, s4:0.0.0.0:42582, s0:0.0.0.0:44493, s1:0.0.0.0:40044, s2:0.0.0.0:44761], old=null RUNNING
  s0:  RUNNING CANDIDATE s0@group-D12239A78657:t2, leader=null, voted=s0, raftlog=s0@group-D12239A78657-SegmentedRaftLog:OPENED:c-1,f-1,i0, conf=-1: [s3:0.0.0.0:43186, s4:0.0.0.0:42582, s0:0.0.0.0:44493, s1:0.0.0.0:40044, s2:0.0.0.0:44761], old=null RUNNING
  s1:  RUNNING  FOLLOWER s1@group-D12239A78657:t1, leader=null, voted=s0, raftlog=s1@group-D12239A78657-SegmentedRaftLog:OPENED:c-1,f-1,i0, conf=-1: [s3:0.0.0.0:43186, s4:0.0.0.0:42582, s0:0.0.0.0:44493, s1:0.0.0.0:40044, s2:0.0.0.0:44761], old=null RUNNING
  s2:  RUNNING  FOLLOWER s2@group-D12239A78657:t1, leader=null, voted=s0, raftlog=s2@group-D12239A78657-SegmentedRaftLog:OPENED:c-1,f-1,i0, conf=-1: [s3:0.0.0.0:43186, s4:0.0.0.0:42582, s0:0.0.0.0:44493, s1:0.0.0.0:40044, s2:0.0.0.0:44761], old=null RUNNING
	at org.apache.ratis.MiniRaftCluster.newIllegalStateExceptionForNoLeaders(MiniRaftCluster.java:506)
	at org.apache.ratis.RaftTestUtil.lambda$waitForLeader$1(RaftTestUtil.java:90)
	at org.apache.ratis.MiniRaftCluster.getLeader(MiniRaftCluster.java:539)
	at org.apache.ratis.MiniRaftCluster.getLeader(MiniRaftCluster.java:532)
	at org.apache.ratis.RaftTestUtil.lambda$waitForLeader$3(RaftTestUtil.java:98)
	at org.apache.ratis.util.JavaUtils.attempt(JavaUtils.java:152)
	at org.apache.ratis.RaftTestUtil.waitForLeader(RaftTestUtil.java:97)
	at org.apache.ratis.RaftTestUtil.waitForLeader(RaftTestUtil.java:77)
	at org.apache.ratis.RaftTestUtil.waitForLeader(RaftTestUtil.java:72)
	at org.apache.ratis.server.impl.RaftReconfigurationBaseTest.runTestRevertConfigurationChange(RaftReconfigurationBaseTest.java:488)
	at org.apache.ratis.MiniRaftCluster$Factory$Get.runWithNewCluster(MiniRaftCluster.java:125)
	at org.apache.ratis.MiniRaftCluster$Factory$Get.runWithNewCluster(MiniRaftCluster.java:113)
	at org.apache.ratis.server.impl.RaftReconfigurationBaseTest.testRevertConfigurationChange(RaftReconfigurationBaseTest.java:482)
	at sun.reflect.NativeMethodAccessorImpl.invoke0(Native Method)
	at sun.reflect.NativeMethodAccessorImpl.invoke(NativeMethodAccessorImpl.java:62)
	at sun.reflect.DelegatingMethodAccessorImpl.invoke(DelegatingMethodAccessorImpl.java:43)
	at java.lang.reflect.Method.invoke(Method.java:498)
	at org.junit.runners.model.FrameworkMethod$1.runReflectiveCall(FrameworkMethod.java:50)
	at org.junit.internal.runners.model.ReflectiveCallable.run(ReflectiveCallable.java:12)
	at org.junit.runners.model.FrameworkMethod.invokeExplosively(FrameworkMethod.java:47)
	at org.junit.internal.runners.statements.InvokeMethod.evaluate(InvokeMethod.java:17)
	at org.junit.internal.runners.statements.RunAfters.evaluate(RunAfters.java:27)
	at org.junit.internal.runners.statements.FailOnTimeout$CallableStatement.call(FailOnTimeout.java:298)
	at org.junit.internal.runners.statements.FailOnTimeout$CallableStatement.call(FailOnTimeout.java:292)
	at java.util.concurrent.FutureTask.run(FutureTask.java:266)
	at java.lang.Thread.run(Thread.java:748)
2019-09-24 16:14:19,834 WARN  ratis.RaftTestUtil (JavaUtils.java:attempt(158)) - FAILED "waitForLeader-null-(expectLeader? true)", attempt #4/100: java.lang.IllegalStateException: No leader yet : printing ALL groups
  s3:  RUNNING  FOLLOWER s3@group-D12239A78657:t1, leader=null, voted=s0, raftlog=s3@group-D12239A78657-SegmentedRaftLog:OPENED:c-1,f-1,i0, conf=-1: [s3:0.0.0.0:43186, s4:0.0.0.0:42582, s0:0.0.0.0:44493, s1:0.0.0.0:40044, s2:0.0.0.0:44761], old=null RUNNING
  s4:  RUNNING CANDIDATE s4@group-D12239A78657:t1, leader=null, voted=s4, raftlog=s4@group-D12239A78657-SegmentedRaftLog:OPENED:c-1,f-1,i0, conf=-1: [s3:0.0.0.0:43186, s4:0.0.0.0:42582, s0:0.0.0.0:44493, s1:0.0.0.0:40044, s2:0.0.0.0:44761], old=null RUNNING
  s0:  RUNNING CANDIDATE s0@group-D12239A78657:t2, leader=null, voted=s0, raftlog=s0@group-D12239A78657-SegmentedRaftLog:OPENED:c-1,f-1,i0, conf=-1: [s3:0.0.0.0:43186, s4:0.0.0.0:42582, s0:0.0.0.0:44493, s1:0.0.0.0:40044, s2:0.0.0.0:44761], old=null RUNNING
  s1:  RUNNING  FOLLOWER s1@group-D12239A78657:t1, leader=null, voted=s0, raftlog=s1@group-D12239A78657-SegmentedRaftLog:OPENED:c-1,f-1,i0, conf=-1: [s3:0.0.0.0:43186, s4:0.0.0.0:42582, s0:0.0.0.0:44493, s1:0.0.0.0:40044, s2:0.0.0.0:44761], old=null RUNNING
  s2:  RUNNING  FOLLOWER s2@group-D12239A78657:t1, leader=null, voted=s0, raftlog=s2@group-D12239A78657-SegmentedRaftLog:OPENED:c-1,f-1,i0, conf=-1: [s3:0.0.0.0:43186, s4:0.0.0.0:42582, s0:0.0.0.0:44493, s1:0.0.0.0:40044, s2:0.0.0.0:44761], old=null RUNNING, sleep 450ms and then retry.
java.lang.IllegalStateException: No leader yet : printing ALL groups
  s3:  RUNNING  FOLLOWER s3@group-D12239A78657:t1, leader=null, voted=s0, raftlog=s3@group-D12239A78657-SegmentedRaftLog:OPENED:c-1,f-1,i0, conf=-1: [s3:0.0.0.0:43186, s4:0.0.0.0:42582, s0:0.0.0.0:44493, s1:0.0.0.0:40044, s2:0.0.0.0:44761], old=null RUNNING
  s4:  RUNNING CANDIDATE s4@group-D12239A78657:t1, leader=null, voted=s4, raftlog=s4@group-D12239A78657-SegmentedRaftLog:OPENED:c-1,f-1,i0, conf=-1: [s3:0.0.0.0:43186, s4:0.0.0.0:42582, s0:0.0.0.0:44493, s1:0.0.0.0:40044, s2:0.0.0.0:44761], old=null RUNNING
  s0:  RUNNING CANDIDATE s0@group-D12239A78657:t2, leader=null, voted=s0, raftlog=s0@group-D12239A78657-SegmentedRaftLog:OPENED:c-1,f-1,i0, conf=-1: [s3:0.0.0.0:43186, s4:0.0.0.0:42582, s0:0.0.0.0:44493, s1:0.0.0.0:40044, s2:0.0.0.0:44761], old=null RUNNING
  s1:  RUNNING  FOLLOWER s1@group-D12239A78657:t1, leader=null, voted=s0, raftlog=s1@group-D12239A78657-SegmentedRaftLog:OPENED:c-1,f-1,i0, conf=-1: [s3:0.0.0.0:43186, s4:0.0.0.0:42582, s0:0.0.0.0:44493, s1:0.0.0.0:40044, s2:0.0.0.0:44761], old=null RUNNING
  s2:  RUNNING  FOLLOWER s2@group-D12239A78657:t1, leader=null, voted=s0, raftlog=s2@group-D12239A78657-SegmentedRaftLog:OPENED:c-1,f-1,i0, conf=-1: [s3:0.0.0.0:43186, s4:0.0.0.0:42582, s0:0.0.0.0:44493, s1:0.0.0.0:40044, s2:0.0.0.0:44761], old=null RUNNING
	at org.apache.ratis.MiniRaftCluster.newIllegalStateExceptionForNoLeaders(MiniRaftCluster.java:506)
	at org.apache.ratis.RaftTestUtil.lambda$waitForLeader$1(RaftTestUtil.java:90)
	at org.apache.ratis.MiniRaftCluster.getLeader(MiniRaftCluster.java:539)
	at org.apache.ratis.MiniRaftCluster.getLeader(MiniRaftCluster.java:532)
	at org.apache.ratis.RaftTestUtil.lambda$waitForLeader$3(RaftTestUtil.java:98)
	at org.apache.ratis.util.JavaUtils.attempt(JavaUtils.java:152)
	at org.apache.ratis.RaftTestUtil.waitForLeader(RaftTestUtil.java:97)
	at org.apache.ratis.RaftTestUtil.waitForLeader(RaftTestUtil.java:77)
	at org.apache.ratis.RaftTestUtil.waitForLeader(RaftTestUtil.java:72)
	at org.apache.ratis.server.impl.RaftReconfigurationBaseTest.runTestRevertConfigurationChange(RaftReconfigurationBaseTest.java:488)
	at org.apache.ratis.MiniRaftCluster$Factory$Get.runWithNewCluster(MiniRaftCluster.java:125)
	at org.apache.ratis.MiniRaftCluster$Factory$Get.runWithNewCluster(MiniRaftCluster.java:113)
	at org.apache.ratis.server.impl.RaftReconfigurationBaseTest.testRevertConfigurationChange(RaftReconfigurationBaseTest.java:482)
	at sun.reflect.NativeMethodAccessorImpl.invoke0(Native Method)
	at sun.reflect.NativeMethodAccessorImpl.invoke(NativeMethodAccessorImpl.java:62)
	at sun.reflect.DelegatingMethodAccessorImpl.invoke(DelegatingMethodAccessorImpl.java:43)
	at java.lang.reflect.Method.invoke(Method.java:498)
	at org.junit.runners.model.FrameworkMethod$1.runReflectiveCall(FrameworkMethod.java:50)
	at org.junit.internal.runners.model.ReflectiveCallable.run(ReflectiveCallable.java:12)
	at org.junit.runners.model.FrameworkMethod.invokeExplosively(FrameworkMethod.java:47)
	at org.junit.internal.runners.statements.InvokeMethod.evaluate(InvokeMethod.java:17)
	at org.junit.internal.runners.statements.RunAfters.evaluate(RunAfters.java:27)
	at org.junit.internal.runners.statements.FailOnTimeout$CallableStatement.call(FailOnTimeout.java:298)
	at org.junit.internal.runners.statements.FailOnTimeout$CallableStatement.call(FailOnTimeout.java:292)
	at java.util.concurrent.FutureTask.run(FutureTask.java:266)
	at java.lang.Thread.run(Thread.java:748)
2019-09-24 16:14:20,286 WARN  ratis.RaftTestUtil (JavaUtils.java:attempt(158)) - FAILED "waitForLeader-null-(expectLeader? true)", attempt #5/100: java.lang.IllegalStateException: No leader yet : printing ALL groups
  s3:  RUNNING  FOLLOWER s3@group-D12239A78657:t1, leader=null, voted=s0, raftlog=s3@group-D12239A78657-SegmentedRaftLog:OPENED:c-1,f-1,i0, conf=-1: [s3:0.0.0.0:43186, s4:0.0.0.0:42582, s0:0.0.0.0:44493, s1:0.0.0.0:40044, s2:0.0.0.0:44761], old=null RUNNING
  s4:  RUNNING CANDIDATE s4@group-D12239A78657:t1, leader=null, voted=s4, raftlog=s4@group-D12239A78657-SegmentedRaftLog:OPENED:c-1,f-1,i0, conf=-1: [s3:0.0.0.0:43186, s4:0.0.0.0:42582, s0:0.0.0.0:44493, s1:0.0.0.0:40044, s2:0.0.0.0:44761], old=null RUNNING
  s0:  RUNNING CANDIDATE s0@group-D12239A78657:t2, leader=null, voted=s0, raftlog=s0@group-D12239A78657-SegmentedRaftLog:OPENED:c-1,f-1,i0, conf=-1: [s3:0.0.0.0:43186, s4:0.0.0.0:42582, s0:0.0.0.0:44493, s1:0.0.0.0:40044, s2:0.0.0.0:44761], old=null RUNNING
  s1:  RUNNING  FOLLOWER s1@group-D12239A78657:t1, leader=null, voted=s0, raftlog=s1@group-D12239A78657-SegmentedRaftLog:OPENED:c-1,f-1,i0, conf=-1: [s3:0.0.0.0:43186, s4:0.0.0.0:42582, s0:0.0.0.0:44493, s1:0.0.0.0:40044, s2:0.0.0.0:44761], old=null RUNNING
  s2:  RUNNING  FOLLOWER s2@group-D12239A78657:t1, leader=null, voted=s0, raftlog=s2@group-D12239A78657-SegmentedRaftLog:OPENED:c-1,f-1,i0, conf=-1: [s3:0.0.0.0:43186, s4:0.0.0.0:42582, s0:0.0.0.0:44493, s1:0.0.0.0:40044, s2:0.0.0.0:44761], old=null RUNNING, sleep 450ms and then retry.
java.lang.IllegalStateException: No leader yet : printing ALL groups
  s3:  RUNNING  FOLLOWER s3@group-D12239A78657:t1, leader=null, voted=s0, raftlog=s3@group-D12239A78657-SegmentedRaftLog:OPENED:c-1,f-1,i0, conf=-1: [s3:0.0.0.0:43186, s4:0.0.0.0:42582, s0:0.0.0.0:44493, s1:0.0.0.0:40044, s2:0.0.0.0:44761], old=null RUNNING
  s4:  RUNNING CANDIDATE s4@group-D12239A78657:t1, leader=null, voted=s4, raftlog=s4@group-D12239A78657-SegmentedRaftLog:OPENED:c-1,f-1,i0, conf=-1: [s3:0.0.0.0:43186, s4:0.0.0.0:42582, s0:0.0.0.0:44493, s1:0.0.0.0:40044, s2:0.0.0.0:44761], old=null RUNNING
  s0:  RUNNING CANDIDATE s0@group-D12239A78657:t2, leader=null, voted=s0, raftlog=s0@group-D12239A78657-SegmentedRaftLog:OPENED:c-1,f-1,i0, conf=-1: [s3:0.0.0.0:43186, s4:0.0.0.0:42582, s0:0.0.0.0:44493, s1:0.0.0.0:40044, s2:0.0.0.0:44761], old=null RUNNING
  s1:  RUNNING  FOLLOWER s1@group-D12239A78657:t1, leader=null, voted=s0, raftlog=s1@group-D12239A78657-SegmentedRaftLog:OPENED:c-1,f-1,i0, conf=-1: [s3:0.0.0.0:43186, s4:0.0.0.0:42582, s0:0.0.0.0:44493, s1:0.0.0.0:40044, s2:0.0.0.0:44761], old=null RUNNING
  s2:  RUNNING  FOLLOWER s2@group-D12239A78657:t1, leader=null, voted=s0, raftlog=s2@group-D12239A78657-SegmentedRaftLog:OPENED:c-1,f-1,i0, conf=-1: [s3:0.0.0.0:43186, s4:0.0.0.0:42582, s0:0.0.0.0:44493, s1:0.0.0.0:40044, s2:0.0.0.0:44761], old=null RUNNING
	at org.apache.ratis.MiniRaftCluster.newIllegalStateExceptionForNoLeaders(MiniRaftCluster.java:506)
	at org.apache.ratis.RaftTestUtil.lambda$waitForLeader$1(RaftTestUtil.java:90)
	at org.apache.ratis.MiniRaftCluster.getLeader(MiniRaftCluster.java:539)
	at org.apache.ratis.MiniRaftCluster.getLeader(MiniRaftCluster.java:532)
	at org.apache.ratis.RaftTestUtil.lambda$waitForLeader$3(RaftTestUtil.java:98)
	at org.apache.ratis.util.JavaUtils.attempt(JavaUtils.java:152)
	at org.apache.ratis.RaftTestUtil.waitForLeader(RaftTestUtil.java:97)
	at org.apache.ratis.RaftTestUtil.waitForLeader(RaftTestUtil.java:77)
	at org.apache.ratis.RaftTestUtil.waitForLeader(RaftTestUtil.java:72)
	at org.apache.ratis.server.impl.RaftReconfigurationBaseTest.runTestRevertConfigurationChange(RaftReconfigurationBaseTest.java:488)
	at org.apache.ratis.MiniRaftCluster$Factory$Get.runWithNewCluster(MiniRaftCluster.java:125)
	at org.apache.ratis.MiniRaftCluster$Factory$Get.runWithNewCluster(MiniRaftCluster.java:113)
	at org.apache.ratis.server.impl.RaftReconfigurationBaseTest.testRevertConfigurationChange(RaftReconfigurationBaseTest.java:482)
	at sun.reflect.NativeMethodAccessorImpl.invoke0(Native Method)
	at sun.reflect.NativeMethodAccessorImpl.invoke(NativeMethodAccessorImpl.java:62)
	at sun.reflect.DelegatingMethodAccessorImpl.invoke(DelegatingMethodAccessorImpl.java:43)
	at java.lang.reflect.Method.invoke(Method.java:498)
	at org.junit.runners.model.FrameworkMethod$1.runReflectiveCall(FrameworkMethod.java:50)
	at org.junit.internal.runners.model.ReflectiveCallable.run(ReflectiveCallable.java:12)
	at org.junit.runners.model.FrameworkMethod.invokeExplosively(FrameworkMethod.java:47)
	at org.junit.internal.runners.statements.InvokeMethod.evaluate(InvokeMethod.java:17)
	at org.junit.internal.runners.statements.RunAfters.evaluate(RunAfters.java:27)
	at org.junit.internal.runners.statements.FailOnTimeout$CallableStatement.call(FailOnTimeout.java:298)
	at org.junit.internal.runners.statements.FailOnTimeout$CallableStatement.call(FailOnTimeout.java:292)
	at java.util.concurrent.FutureTask.run(FutureTask.java:266)
	at java.lang.Thread.run(Thread.java:748)
2019-09-24 16:14:20,738 WARN  ratis.RaftTestUtil (JavaUtils.java:attempt(158)) - FAILED "waitForLeader-null-(expectLeader? true)", attempt #6/100: java.lang.IllegalStateException: No leader yet : printing ALL groups
  s3:  RUNNING  FOLLOWER s3@group-D12239A78657:t1, leader=null, voted=s0, raftlog=s3@group-D12239A78657-SegmentedRaftLog:OPENED:c-1,f-1,i0, conf=-1: [s3:0.0.0.0:43186, s4:0.0.0.0:42582, s0:0.0.0.0:44493, s1:0.0.0.0:40044, s2:0.0.0.0:44761], old=null RUNNING
  s4:  RUNNING CANDIDATE s4@group-D12239A78657:t1, leader=null, voted=s4, raftlog=s4@group-D12239A78657-SegmentedRaftLog:OPENED:c-1,f-1,i0, conf=-1: [s3:0.0.0.0:43186, s4:0.0.0.0:42582, s0:0.0.0.0:44493, s1:0.0.0.0:40044, s2:0.0.0.0:44761], old=null RUNNING
  s0:  RUNNING CANDIDATE s0@group-D12239A78657:t2, leader=null, voted=s0, raftlog=s0@group-D12239A78657-SegmentedRaftLog:OPENED:c-1,f-1,i0, conf=-1: [s3:0.0.0.0:43186, s4:0.0.0.0:42582, s0:0.0.0.0:44493, s1:0.0.0.0:40044, s2:0.0.0.0:44761], old=null RUNNING
  s1:  RUNNING  FOLLOWER s1@group-D12239A78657:t1, leader=null, voted=s0, raftlog=s1@group-D12239A78657-SegmentedRaftLog:OPENED:c-1,f-1,i0, conf=-1: [s3:0.0.0.0:43186, s4:0.0.0.0:42582, s0:0.0.0.0:44493, s1:0.0.0.0:40044, s2:0.0.0.0:44761], old=null RUNNING
  s2:  RUNNING  FOLLOWER s2@group-D12239A78657:t1, leader=null, voted=s0, raftlog=s2@group-D12239A78657-SegmentedRaftLog:OPENED:c-1,f-1,i0, conf=-1: [s3:0.0.0.0:43186, s4:0.0.0.0:42582, s0:0.0.0.0:44493, s1:0.0.0.0:40044, s2:0.0.0.0:44761], old=null RUNNING, sleep 450ms and then retry.
java.lang.IllegalStateException: No leader yet : printing ALL groups
  s3:  RUNNING  FOLLOWER s3@group-D12239A78657:t1, leader=null, voted=s0, raftlog=s3@group-D12239A78657-SegmentedRaftLog:OPENED:c-1,f-1,i0, conf=-1: [s3:0.0.0.0:43186, s4:0.0.0.0:42582, s0:0.0.0.0:44493, s1:0.0.0.0:40044, s2:0.0.0.0:44761], old=null RUNNING
  s4:  RUNNING CANDIDATE s4@group-D12239A78657:t1, leader=null, voted=s4, raftlog=s4@group-D12239A78657-SegmentedRaftLog:OPENED:c-1,f-1,i0, conf=-1: [s3:0.0.0.0:43186, s4:0.0.0.0:42582, s0:0.0.0.0:44493, s1:0.0.0.0:40044, s2:0.0.0.0:44761], old=null RUNNING
  s0:  RUNNING CANDIDATE s0@group-D12239A78657:t2, leader=null, voted=s0, raftlog=s0@group-D12239A78657-SegmentedRaftLog:OPENED:c-1,f-1,i0, conf=-1: [s3:0.0.0.0:43186, s4:0.0.0.0:42582, s0:0.0.0.0:44493, s1:0.0.0.0:40044, s2:0.0.0.0:44761], old=null RUNNING
  s1:  RUNNING  FOLLOWER s1@group-D12239A78657:t1, leader=null, voted=s0, raftlog=s1@group-D12239A78657-SegmentedRaftLog:OPENED:c-1,f-1,i0, conf=-1: [s3:0.0.0.0:43186, s4:0.0.0.0:42582, s0:0.0.0.0:44493, s1:0.0.0.0:40044, s2:0.0.0.0:44761], old=null RUNNING
  s2:  RUNNING  FOLLOWER s2@group-D12239A78657:t1, leader=null, voted=s0, raftlog=s2@group-D12239A78657-SegmentedRaftLog:OPENED:c-1,f-1,i0, conf=-1: [s3:0.0.0.0:43186, s4:0.0.0.0:42582, s0:0.0.0.0:44493, s1:0.0.0.0:40044, s2:0.0.0.0:44761], old=null RUNNING
	at org.apache.ratis.MiniRaftCluster.newIllegalStateExceptionForNoLeaders(MiniRaftCluster.java:506)
	at org.apache.ratis.RaftTestUtil.lambda$waitForLeader$1(RaftTestUtil.java:90)
	at org.apache.ratis.MiniRaftCluster.getLeader(MiniRaftCluster.java:539)
	at org.apache.ratis.MiniRaftCluster.getLeader(MiniRaftCluster.java:532)
	at org.apache.ratis.RaftTestUtil.lambda$waitForLeader$3(RaftTestUtil.java:98)
	at org.apache.ratis.util.JavaUtils.attempt(JavaUtils.java:152)
	at org.apache.ratis.RaftTestUtil.waitForLeader(RaftTestUtil.java:97)
	at org.apache.ratis.RaftTestUtil.waitForLeader(RaftTestUtil.java:77)
	at org.apache.ratis.RaftTestUtil.waitForLeader(RaftTestUtil.java:72)
	at org.apache.ratis.server.impl.RaftReconfigurationBaseTest.runTestRevertConfigurationChange(RaftReconfigurationBaseTest.java:488)
	at org.apache.ratis.MiniRaftCluster$Factory$Get.runWithNewCluster(MiniRaftCluster.java:125)
	at org.apache.ratis.MiniRaftCluster$Factory$Get.runWithNewCluster(MiniRaftCluster.java:113)
	at org.apache.ratis.server.impl.RaftReconfigurationBaseTest.testRevertConfigurationChange(RaftReconfigurationBaseTest.java:482)
	at sun.reflect.NativeMethodAccessorImpl.invoke0(Native Method)
	at sun.reflect.NativeMethodAccessorImpl.invoke(NativeMethodAccessorImpl.java:62)
	at sun.reflect.DelegatingMethodAccessorImpl.invoke(DelegatingMethodAccessorImpl.java:43)
	at java.lang.reflect.Method.invoke(Method.java:498)
	at org.junit.runners.model.FrameworkMethod$1.runReflectiveCall(FrameworkMethod.java:50)
	at org.junit.internal.runners.model.ReflectiveCallable.run(ReflectiveCallable.java:12)
	at org.junit.runners.model.FrameworkMethod.invokeExplosively(FrameworkMethod.java:47)
	at org.junit.internal.runners.statements.InvokeMethod.evaluate(InvokeMethod.java:17)
	at org.junit.internal.runners.statements.RunAfters.evaluate(RunAfters.java:27)
	at org.junit.internal.runners.statements.FailOnTimeout$CallableStatement.call(FailOnTimeout.java:298)
	at org.junit.internal.runners.statements.FailOnTimeout$CallableStatement.call(FailOnTimeout.java:292)
	at java.util.concurrent.FutureTask.run(FutureTask.java:266)
	at java.lang.Thread.run(Thread.java:748)
2019-09-24 16:14:21,190 WARN  ratis.RaftTestUtil (JavaUtils.java:attempt(158)) - FAILED "waitForLeader-null-(expectLeader? true)", attempt #7/100: java.lang.IllegalStateException: No leader yet : printing ALL groups
  s3:  RUNNING  FOLLOWER s3@group-D12239A78657:t1, leader=null, voted=s0, raftlog=s3@group-D12239A78657-SegmentedRaftLog:OPENED:c-1,f-1,i0, conf=-1: [s3:0.0.0.0:43186, s4:0.0.0.0:42582, s0:0.0.0.0:44493, s1:0.0.0.0:40044, s2:0.0.0.0:44761], old=null RUNNING
  s4:  RUNNING CANDIDATE s4@group-D12239A78657:t1, leader=null, voted=s4, raftlog=s4@group-D12239A78657-SegmentedRaftLog:OPENED:c-1,f-1,i0, conf=-1: [s3:0.0.0.0:43186, s4:0.0.0.0:42582, s0:0.0.0.0:44493, s1:0.0.0.0:40044, s2:0.0.0.0:44761], old=null RUNNING
  s0:  RUNNING CANDIDATE s0@group-D12239A78657:t2, leader=null, voted=s0, raftlog=s0@group-D12239A78657-SegmentedRaftLog:OPENED:c-1,f-1,i0, conf=-1: [s3:0.0.0.0:43186, s4:0.0.0.0:42582, s0:0.0.0.0:44493, s1:0.0.0.0:40044, s2:0.0.0.0:44761], old=null RUNNING
  s1:  RUNNING  FOLLOWER s1@group-D12239A78657:t1, leader=null, voted=s0, raftlog=s1@group-D12239A78657-SegmentedRaftLog:OPENED:c-1,f-1,i0, conf=-1: [s3:0.0.0.0:43186, s4:0.0.0.0:42582, s0:0.0.0.0:44493, s1:0.0.0.0:40044, s2:0.0.0.0:44761], old=null RUNNING
  s2:  RUNNING  FOLLOWER s2@group-D12239A78657:t1, leader=null, voted=s0, raftlog=s2@group-D12239A78657-SegmentedRaftLog:OPENED:c-1,f-1,i0, conf=-1: [s3:0.0.0.0:43186, s4:0.0.0.0:42582, s0:0.0.0.0:44493, s1:0.0.0.0:40044, s2:0.0.0.0:44761], old=null RUNNING, sleep 450ms and then retry.
java.lang.IllegalStateException: No leader yet : printing ALL groups
  s3:  RUNNING  FOLLOWER s3@group-D12239A78657:t1, leader=null, voted=s0, raftlog=s3@group-D12239A78657-SegmentedRaftLog:OPENED:c-1,f-1,i0, conf=-1: [s3:0.0.0.0:43186, s4:0.0.0.0:42582, s0:0.0.0.0:44493, s1:0.0.0.0:40044, s2:0.0.0.0:44761], old=null RUNNING
  s4:  RUNNING CANDIDATE s4@group-D12239A78657:t1, leader=null, voted=s4, raftlog=s4@group-D12239A78657-SegmentedRaftLog:OPENED:c-1,f-1,i0, conf=-1: [s3:0.0.0.0:43186, s4:0.0.0.0:42582, s0:0.0.0.0:44493, s1:0.0.0.0:40044, s2:0.0.0.0:44761], old=null RUNNING
  s0:  RUNNING CANDIDATE s0@group-D12239A78657:t2, leader=null, voted=s0, raftlog=s0@group-D12239A78657-SegmentedRaftLog:OPENED:c-1,f-1,i0, conf=-1: [s3:0.0.0.0:43186, s4:0.0.0.0:42582, s0:0.0.0.0:44493, s1:0.0.0.0:40044, s2:0.0.0.0:44761], old=null RUNNING
  s1:  RUNNING  FOLLOWER s1@group-D12239A78657:t1, leader=null, voted=s0, raftlog=s1@group-D12239A78657-SegmentedRaftLog:OPENED:c-1,f-1,i0, conf=-1: [s3:0.0.0.0:43186, s4:0.0.0.0:42582, s0:0.0.0.0:44493, s1:0.0.0.0:40044, s2:0.0.0.0:44761], old=null RUNNING
  s2:  RUNNING  FOLLOWER s2@group-D12239A78657:t1, leader=null, voted=s0, raftlog=s2@group-D12239A78657-SegmentedRaftLog:OPENED:c-1,f-1,i0, conf=-1: [s3:0.0.0.0:43186, s4:0.0.0.0:42582, s0:0.0.0.0:44493, s1:0.0.0.0:40044, s2:0.0.0.0:44761], old=null RUNNING
	at org.apache.ratis.MiniRaftCluster.newIllegalStateExceptionForNoLeaders(MiniRaftCluster.java:506)
	at org.apache.ratis.RaftTestUtil.lambda$waitForLeader$1(RaftTestUtil.java:90)
	at org.apache.ratis.MiniRaftCluster.getLeader(MiniRaftCluster.java:539)
	at org.apache.ratis.MiniRaftCluster.getLeader(MiniRaftCluster.java:532)
	at org.apache.ratis.RaftTestUtil.lambda$waitForLeader$3(RaftTestUtil.java:98)
	at org.apache.ratis.util.JavaUtils.attempt(JavaUtils.java:152)
	at org.apache.ratis.RaftTestUtil.waitForLeader(RaftTestUtil.java:97)
	at org.apache.ratis.RaftTestUtil.waitForLeader(RaftTestUtil.java:77)
	at org.apache.ratis.RaftTestUtil.waitForLeader(RaftTestUtil.java:72)
	at org.apache.ratis.server.impl.RaftReconfigurationBaseTest.runTestRevertConfigurationChange(RaftReconfigurationBaseTest.java:488)
	at org.apache.ratis.MiniRaftCluster$Factory$Get.runWithNewCluster(MiniRaftCluster.java:125)
	at org.apache.ratis.MiniRaftCluster$Factory$Get.runWithNewCluster(MiniRaftCluster.java:113)
	at org.apache.ratis.server.impl.RaftReconfigurationBaseTest.testRevertConfigurationChange(RaftReconfigurationBaseTest.java:482)
	at sun.reflect.NativeMethodAccessorImpl.invoke0(Native Method)
	at sun.reflect.NativeMethodAccessorImpl.invoke(NativeMethodAccessorImpl.java:62)
	at sun.reflect.DelegatingMethodAccessorImpl.invoke(DelegatingMethodAccessorImpl.java:43)
	at java.lang.reflect.Method.invoke(Method.java:498)
	at org.junit.runners.model.FrameworkMethod$1.runReflectiveCall(FrameworkMethod.java:50)
	at org.junit.internal.runners.model.ReflectiveCallable.run(ReflectiveCallable.java:12)
	at org.junit.runners.model.FrameworkMethod.invokeExplosively(FrameworkMethod.java:47)
	at org.junit.internal.runners.statements.InvokeMethod.evaluate(InvokeMethod.java:17)
	at org.junit.internal.runners.statements.RunAfters.evaluate(RunAfters.java:27)
	at org.junit.internal.runners.statements.FailOnTimeout$CallableStatement.call(FailOnTimeout.java:298)
	at org.junit.internal.runners.statements.FailOnTimeout$CallableStatement.call(FailOnTimeout.java:292)
	at java.util.concurrent.FutureTask.run(FutureTask.java:266)
	at java.lang.Thread.run(Thread.java:748)
2019-09-24 16:14:21,642 WARN  ratis.RaftTestUtil (JavaUtils.java:attempt(158)) - FAILED "waitForLeader-null-(expectLeader? true)", attempt #8/100: java.lang.IllegalStateException: No leader yet : printing ALL groups
  s3:  RUNNING  FOLLOWER s3@group-D12239A78657:t1, leader=null, voted=s0, raftlog=s3@group-D12239A78657-SegmentedRaftLog:OPENED:c-1,f-1,i0, conf=-1: [s3:0.0.0.0:43186, s4:0.0.0.0:42582, s0:0.0.0.0:44493, s1:0.0.0.0:40044, s2:0.0.0.0:44761], old=null RUNNING
  s4:  RUNNING CANDIDATE s4@group-D12239A78657:t1, leader=null, voted=s4, raftlog=s4@group-D12239A78657-SegmentedRaftLog:OPENED:c-1,f-1,i0, conf=-1: [s3:0.0.0.0:43186, s4:0.0.0.0:42582, s0:0.0.0.0:44493, s1:0.0.0.0:40044, s2:0.0.0.0:44761], old=null RUNNING
  s0:  RUNNING CANDIDATE s0@group-D12239A78657:t2, leader=null, voted=s0, raftlog=s0@group-D12239A78657-SegmentedRaftLog:OPENED:c-1,f-1,i0, conf=-1: [s3:0.0.0.0:43186, s4:0.0.0.0:42582, s0:0.0.0.0:44493, s1:0.0.0.0:40044, s2:0.0.0.0:44761], old=null RUNNING
  s1:  RUNNING  FOLLOWER s1@group-D12239A78657:t1, leader=null, voted=s0, raftlog=s1@group-D12239A78657-SegmentedRaftLog:OPENED:c-1,f-1,i0, conf=-1: [s3:0.0.0.0:43186, s4:0.0.0.0:42582, s0:0.0.0.0:44493, s1:0.0.0.0:40044, s2:0.0.0.0:44761], old=null RUNNING
  s2:  RUNNING  FOLLOWER s2@group-D12239A78657:t1, leader=null, voted=s0, raftlog=s2@group-D12239A78657-SegmentedRaftLog:OPENED:c-1,f-1,i0, conf=-1: [s3:0.0.0.0:43186, s4:0.0.0.0:42582, s0:0.0.0.0:44493, s1:0.0.0.0:40044, s2:0.0.0.0:44761], old=null RUNNING, sleep 450ms and then retry.
java.lang.IllegalStateException: No leader yet : printing ALL groups
  s3:  RUNNING  FOLLOWER s3@group-D12239A78657:t1, leader=null, voted=s0, raftlog=s3@group-D12239A78657-SegmentedRaftLog:OPENED:c-1,f-1,i0, conf=-1: [s3:0.0.0.0:43186, s4:0.0.0.0:42582, s0:0.0.0.0:44493, s1:0.0.0.0:40044, s2:0.0.0.0:44761], old=null RUNNING
  s4:  RUNNING CANDIDATE s4@group-D12239A78657:t1, leader=null, voted=s4, raftlog=s4@group-D12239A78657-SegmentedRaftLog:OPENED:c-1,f-1,i0, conf=-1: [s3:0.0.0.0:43186, s4:0.0.0.0:42582, s0:0.0.0.0:44493, s1:0.0.0.0:40044, s2:0.0.0.0:44761], old=null RUNNING
  s0:  RUNNING CANDIDATE s0@group-D12239A78657:t2, leader=null, voted=s0, raftlog=s0@group-D12239A78657-SegmentedRaftLog:OPENED:c-1,f-1,i0, conf=-1: [s3:0.0.0.0:43186, s4:0.0.0.0:42582, s0:0.0.0.0:44493, s1:0.0.0.0:40044, s2:0.0.0.0:44761], old=null RUNNING
  s1:  RUNNING  FOLLOWER s1@group-D12239A78657:t1, leader=null, voted=s0, raftlog=s1@group-D12239A78657-SegmentedRaftLog:OPENED:c-1,f-1,i0, conf=-1: [s3:0.0.0.0:43186, s4:0.0.0.0:42582, s0:0.0.0.0:44493, s1:0.0.0.0:40044, s2:0.0.0.0:44761], old=null RUNNING
  s2:  RUNNING  FOLLOWER s2@group-D12239A78657:t1, leader=null, voted=s0, raftlog=s2@group-D12239A78657-SegmentedRaftLog:OPENED:c-1,f-1,i0, conf=-1: [s3:0.0.0.0:43186, s4:0.0.0.0:42582, s0:0.0.0.0:44493, s1:0.0.0.0:40044, s2:0.0.0.0:44761], old=null RUNNING
	at org.apache.ratis.MiniRaftCluster.newIllegalStateExceptionForNoLeaders(MiniRaftCluster.java:506)
	at org.apache.ratis.RaftTestUtil.lambda$waitForLeader$1(RaftTestUtil.java:90)
	at org.apache.ratis.MiniRaftCluster.getLeader(MiniRaftCluster.java:539)
	at org.apache.ratis.MiniRaftCluster.getLeader(MiniRaftCluster.java:532)
	at org.apache.ratis.RaftTestUtil.lambda$waitForLeader$3(RaftTestUtil.java:98)
	at org.apache.ratis.util.JavaUtils.attempt(JavaUtils.java:152)
	at org.apache.ratis.RaftTestUtil.waitForLeader(RaftTestUtil.java:97)
	at org.apache.ratis.RaftTestUtil.waitForLeader(RaftTestUtil.java:77)
	at org.apache.ratis.RaftTestUtil.waitForLeader(RaftTestUtil.java:72)
	at org.apache.ratis.server.impl.RaftReconfigurationBaseTest.runTestRevertConfigurationChange(RaftReconfigurationBaseTest.java:488)
	at org.apache.ratis.MiniRaftCluster$Factory$Get.runWithNewCluster(MiniRaftCluster.java:125)
	at org.apache.ratis.MiniRaftCluster$Factory$Get.runWithNewCluster(MiniRaftCluster.java:113)
	at org.apache.ratis.server.impl.RaftReconfigurationBaseTest.testRevertConfigurationChange(RaftReconfigurationBaseTest.java:482)
	at sun.reflect.NativeMethodAccessorImpl.invoke0(Native Method)
	at sun.reflect.NativeMethodAccessorImpl.invoke(NativeMethodAccessorImpl.java:62)
	at sun.reflect.DelegatingMethodAccessorImpl.invoke(DelegatingMethodAccessorImpl.java:43)
	at java.lang.reflect.Method.invoke(Method.java:498)
	at org.junit.runners.model.FrameworkMethod$1.runReflectiveCall(FrameworkMethod.java:50)
	at org.junit.internal.runners.model.ReflectiveCallable.run(ReflectiveCallable.java:12)
	at org.junit.runners.model.FrameworkMethod.invokeExplosively(FrameworkMethod.java:47)
	at org.junit.internal.runners.statements.InvokeMethod.evaluate(InvokeMethod.java:17)
	at org.junit.internal.runners.statements.RunAfters.evaluate(RunAfters.java:27)
	at org.junit.internal.runners.statements.FailOnTimeout$CallableStatement.call(FailOnTimeout.java:298)
	at org.junit.internal.runners.statements.FailOnTimeout$CallableStatement.call(FailOnTimeout.java:292)
	at java.util.concurrent.FutureTask.run(FutureTask.java:266)
	at java.lang.Thread.run(Thread.java:748)
2019-09-24 16:14:22,094 WARN  ratis.RaftTestUtil (JavaUtils.java:attempt(158)) - FAILED "waitForLeader-null-(expectLeader? true)", attempt #9/100: java.lang.IllegalStateException: No leader yet : printing ALL groups
  s3:  RUNNING  FOLLOWER s3@group-D12239A78657:t1, leader=null, voted=s0, raftlog=s3@group-D12239A78657-SegmentedRaftLog:OPENED:c-1,f-1,i0, conf=-1: [s3:0.0.0.0:43186, s4:0.0.0.0:42582, s0:0.0.0.0:44493, s1:0.0.0.0:40044, s2:0.0.0.0:44761], old=null RUNNING
  s4:  RUNNING CANDIDATE s4@group-D12239A78657:t1, leader=null, voted=s4, raftlog=s4@group-D12239A78657-SegmentedRaftLog:OPENED:c-1,f-1,i0, conf=-1: [s3:0.0.0.0:43186, s4:0.0.0.0:42582, s0:0.0.0.0:44493, s1:0.0.0.0:40044, s2:0.0.0.0:44761], old=null RUNNING
  s0:  RUNNING CANDIDATE s0@group-D12239A78657:t2, leader=null, voted=s0, raftlog=s0@group-D12239A78657-SegmentedRaftLog:OPENED:c-1,f-1,i0, conf=-1: [s3:0.0.0.0:43186, s4:0.0.0.0:42582, s0:0.0.0.0:44493, s1:0.0.0.0:40044, s2:0.0.0.0:44761], old=null RUNNING
  s1:  RUNNING  FOLLOWER s1@group-D12239A78657:t1, leader=null, voted=s0, raftlog=s1@group-D12239A78657-SegmentedRaftLog:OPENED:c-1,f-1,i0, conf=-1: [s3:0.0.0.0:43186, s4:0.0.0.0:42582, s0:0.0.0.0:44493, s1:0.0.0.0:40044, s2:0.0.0.0:44761], old=null RUNNING
  s2:  RUNNING  FOLLOWER s2@group-D12239A78657:t1, leader=null, voted=s0, raftlog=s2@group-D12239A78657-SegmentedRaftLog:OPENED:c-1,f-1,i0, conf=-1: [s3:0.0.0.0:43186, s4:0.0.0.0:42582, s0:0.0.0.0:44493, s1:0.0.0.0:40044, s2:0.0.0.0:44761], old=null RUNNING, sleep 450ms and then retry.
java.lang.IllegalStateException: No leader yet : printing ALL groups
  s3:  RUNNING  FOLLOWER s3@group-D12239A78657:t1, leader=null, voted=s0, raftlog=s3@group-D12239A78657-SegmentedRaftLog:OPENED:c-1,f-1,i0, conf=-1: [s3:0.0.0.0:43186, s4:0.0.0.0:42582, s0:0.0.0.0:44493, s1:0.0.0.0:40044, s2:0.0.0.0:44761], old=null RUNNING
  s4:  RUNNING CANDIDATE s4@group-D12239A78657:t1, leader=null, voted=s4, raftlog=s4@group-D12239A78657-SegmentedRaftLog:OPENED:c-1,f-1,i0, conf=-1: [s3:0.0.0.0:43186, s4:0.0.0.0:42582, s0:0.0.0.0:44493, s1:0.0.0.0:40044, s2:0.0.0.0:44761], old=null RUNNING
  s0:  RUNNING CANDIDATE s0@group-D12239A78657:t2, leader=null, voted=s0, raftlog=s0@group-D12239A78657-SegmentedRaftLog:OPENED:c-1,f-1,i0, conf=-1: [s3:0.0.0.0:43186, s4:0.0.0.0:42582, s0:0.0.0.0:44493, s1:0.0.0.0:40044, s2:0.0.0.0:44761], old=null RUNNING
  s1:  RUNNING  FOLLOWER s1@group-D12239A78657:t1, leader=null, voted=s0, raftlog=s1@group-D12239A78657-SegmentedRaftLog:OPENED:c-1,f-1,i0, conf=-1: [s3:0.0.0.0:43186, s4:0.0.0.0:42582, s0:0.0.0.0:44493, s1:0.0.0.0:40044, s2:0.0.0.0:44761], old=null RUNNING
  s2:  RUNNING  FOLLOWER s2@group-D12239A78657:t1, leader=null, voted=s0, raftlog=s2@group-D12239A78657-SegmentedRaftLog:OPENED:c-1,f-1,i0, conf=-1: [s3:0.0.0.0:43186, s4:0.0.0.0:42582, s0:0.0.0.0:44493, s1:0.0.0.0:40044, s2:0.0.0.0:44761], old=null RUNNING
	at org.apache.ratis.MiniRaftCluster.newIllegalStateExceptionForNoLeaders(MiniRaftCluster.java:506)
	at org.apache.ratis.RaftTestUtil.lambda$waitForLeader$1(RaftTestUtil.java:90)
	at org.apache.ratis.MiniRaftCluster.getLeader(MiniRaftCluster.java:539)
	at org.apache.ratis.MiniRaftCluster.getLeader(MiniRaftCluster.java:532)
	at org.apache.ratis.RaftTestUtil.lambda$waitForLeader$3(RaftTestUtil.java:98)
	at org.apache.ratis.util.JavaUtils.attempt(JavaUtils.java:152)
	at org.apache.ratis.RaftTestUtil.waitForLeader(RaftTestUtil.java:97)
	at org.apache.ratis.RaftTestUtil.waitForLeader(RaftTestUtil.java:77)
	at org.apache.ratis.RaftTestUtil.waitForLeader(RaftTestUtil.java:72)
	at org.apache.ratis.server.impl.RaftReconfigurationBaseTest.runTestRevertConfigurationChange(RaftReconfigurationBaseTest.java:488)
	at org.apache.ratis.MiniRaftCluster$Factory$Get.runWithNewCluster(MiniRaftCluster.java:125)
	at org.apache.ratis.MiniRaftCluster$Factory$Get.runWithNewCluster(MiniRaftCluster.java:113)
	at org.apache.ratis.server.impl.RaftReconfigurationBaseTest.testRevertConfigurationChange(RaftReconfigurationBaseTest.java:482)
	at sun.reflect.NativeMethodAccessorImpl.invoke0(Native Method)
	at sun.reflect.NativeMethodAccessorImpl.invoke(NativeMethodAccessorImpl.java:62)
	at sun.reflect.DelegatingMethodAccessorImpl.invoke(DelegatingMethodAccessorImpl.java:43)
	at java.lang.reflect.Method.invoke(Method.java:498)
	at org.junit.runners.model.FrameworkMethod$1.runReflectiveCall(FrameworkMethod.java:50)
	at org.junit.internal.runners.model.ReflectiveCallable.run(ReflectiveCallable.java:12)
	at org.junit.runners.model.FrameworkMethod.invokeExplosively(FrameworkMethod.java:47)
	at org.junit.internal.runners.statements.InvokeMethod.evaluate(InvokeMethod.java:17)
	at org.junit.internal.runners.statements.RunAfters.evaluate(RunAfters.java:27)
	at org.junit.internal.runners.statements.FailOnTimeout$CallableStatement.call(FailOnTimeout.java:298)
	at org.junit.internal.runners.statements.FailOnTimeout$CallableStatement.call(FailOnTimeout.java:292)
	at java.util.concurrent.FutureTask.run(FutureTask.java:266)
	at java.lang.Thread.run(Thread.java:748)
2019-09-24 16:14:22,192 INFO  impl.LeaderElection (LeaderElection.java:askForVotes(178)) - s4@group-D12239A78657-LeaderElection18: begin an election at term 1 for -1: [s3:0.0.0.0:43186, s4:0.0.0.0:42582, s0:0.0.0.0:44493, s1:0.0.0.0:40044, s2:0.0.0.0:44761], old=null
2019-09-24 16:14:22,192 DEBUG impl.RaftServerImpl (RaftServerImpl.java:requestVote(775)) - s1@group-D12239A78657 replies to vote request: s0<-s1#0:OK-t1. Peer's state: s1@group-D12239A78657:t1, leader=null, voted=s0, raftlog=s1@group-D12239A78657-SegmentedRaftLog:OPENED:c-1,f-1,i0, conf=-1: [s3:0.0.0.0:43186, s4:0.0.0.0:42582, s0:0.0.0.0:44493, s1:0.0.0.0:40044, s2:0.0.0.0:44761], old=null
2019-09-24 16:14:22,192 DEBUG impl.RaftServerImpl (RaftServerImpl.java:requestVote(775)) - s3@group-D12239A78657 replies to vote request: s0<-s3#0:OK-t1. Peer's state: s3@group-D12239A78657:t1, leader=null, voted=s0, raftlog=s3@group-D12239A78657-SegmentedRaftLog:OPENED:c-1,f-1,i0, conf=-1: [s3:0.0.0.0:43186, s4:0.0.0.0:42582, s0:0.0.0.0:44493, s1:0.0.0.0:40044, s2:0.0.0.0:44761], old=null
2019-09-24 16:14:22,192 DEBUG impl.RaftServerImpl (RaftServerImpl.java:requestVote(775)) - s2@group-D12239A78657 replies to vote request: s0<-s2#0:OK-t1. Peer's state: s2@group-D12239A78657:t1, leader=null, voted=s0, raftlog=s2@group-D12239A78657-SegmentedRaftLog:OPENED:c-1,f-1,i0, conf=-1: [s3:0.0.0.0:43186, s4:0.0.0.0:42582, s0:0.0.0.0:44493, s1:0.0.0.0:40044, s2:0.0.0.0:44761], old=null
2019-09-24 16:14:22,194 INFO  impl.FollowerState (FollowerState.java:run(108)) - s3@group-D12239A78657-FollowerState: change to CANDIDATE, lastRpcTime:3547ms, electionTimeout:179ms
2019-09-24 16:14:22,194 INFO  impl.FollowerState (FollowerState.java:run(108)) - s1@group-D12239A78657-FollowerState: change to CANDIDATE, lastRpcTime:3546ms, electionTimeout:266ms
2019-09-24 16:14:22,193 INFO  impl.LeaderElection (LeaderElection.java:askForVotes(178)) - s0@group-D12239A78657-LeaderElection17: begin an election at term 2 for -1: [s3:0.0.0.0:43186, s4:0.0.0.0:42582, s0:0.0.0.0:44493, s1:0.0.0.0:40044, s2:0.0.0.0:44761], old=null
2019-09-24 16:14:22,193 DEBUG impl.RaftServerImpl (RaftServerImpl.java:requestVote(775)) - s4@group-D12239A78657 replies to vote request: s0<-s4#0:FAIL-t1. Peer's state: s4@group-D12239A78657:t1, leader=null, voted=s4, raftlog=s4@group-D12239A78657-SegmentedRaftLog:OPENED:c-1,f-1,i0, conf=-1: [s3:0.0.0.0:43186, s4:0.0.0.0:42582, s0:0.0.0.0:44493, s1:0.0.0.0:40044, s2:0.0.0.0:44761], old=null
2019-09-24 16:14:22,195 INFO  impl.RoleInfo (RoleInfo.java:shutdownFollowerState(121)) - s1: shutdown FollowerState
2019-09-24 16:14:22,195 INFO  impl.RoleInfo (RoleInfo.java:shutdownFollowerState(121)) - s3: shutdown FollowerState
2019-09-24 16:14:22,194 INFO  impl.FollowerState (FollowerState.java:run(108)) - s2@group-D12239A78657-FollowerState: change to CANDIDATE, lastRpcTime:3546ms, electionTimeout:286ms
2019-09-24 16:14:22,195 INFO  impl.RaftServerImpl (RaftServerImpl.java:setRole(170)) - s3@group-D12239A78657: changes role from  FOLLOWER to CANDIDATE at term 1 for changeToCandidate
2019-09-24 16:14:22,195 INFO  impl.RaftServerImpl (RaftServerImpl.java:setRole(170)) - s1@group-D12239A78657: changes role from  FOLLOWER to CANDIDATE at term 1 for changeToCandidate
2019-09-24 16:14:22,196 INFO  impl.RoleInfo (RoleInfo.java:shutdownFollowerState(121)) - s2: shutdown FollowerState
2019-09-24 16:14:22,196 INFO  impl.RoleInfo (RoleInfo.java:updateAndGet(143)) - s3: start LeaderElection
2019-09-24 16:14:22,196 INFO  impl.RoleInfo (RoleInfo.java:updateAndGet(143)) - s1: start LeaderElection
2019-09-24 16:14:22,196 INFO  impl.RaftServerImpl (RaftServerImpl.java:setRole(170)) - s2@group-D12239A78657: changes role from  FOLLOWER to CANDIDATE at term 1 for changeToCandidate
2019-09-24 16:14:22,196 INFO  impl.RoleInfo (RoleInfo.java:updateAndGet(143)) - s2: start LeaderElection
2019-09-24 16:14:22,199 DEBUG impl.RaftServerImpl (RaftServerImpl.java:requestVote(743)) - s3@group-D12239A78657: receive requestVote(s0, group-D12239A78657, 2, (t:0, i:0))
2019-09-24 16:14:22,200 DEBUG impl.RaftServerImpl (RaftServerImpl.java:requestVote(743)) - s4@group-D12239A78657: receive requestVote(s0, group-D12239A78657, 2, (t:0, i:0))
2019-09-24 16:14:22,200 INFO  impl.RaftServerImpl (RaftServerImpl.java:setRole(170)) - s4@group-D12239A78657: changes role from CANDIDATE to FOLLOWER at term 2 for recognizeCandidate:s0
2019-09-24 16:14:22,201 INFO  impl.RoleInfo (RoleInfo.java:shutdownLeaderElection(134)) - s4: shutdown LeaderElection
2019-09-24 16:14:22,201 INFO  impl.RoleInfo (RoleInfo.java:updateAndGet(143)) - s4: start FollowerState
2019-09-24 16:14:22,202 DEBUG impl.RaftServerImpl (RaftServerImpl.java:requestVote(743)) - s1@group-D12239A78657: receive requestVote(s0, group-D12239A78657, 2, (t:0, i:0))
2019-09-24 16:14:22,203 DEBUG impl.RaftServerImpl (RaftServerImpl.java:requestVote(743)) - s2@group-D12239A78657: receive requestVote(s0, group-D12239A78657, 2, (t:0, i:0))
2019-09-24 16:14:22,203 DEBUG impl.RaftServerImpl (RaftServerImpl.java:requestVote(743)) - s3@group-D12239A78657: receive requestVote(s4, group-D12239A78657, 1, (t:0, i:0))
2019-09-24 16:14:22,205 DEBUG impl.RaftServerImpl (RaftServerImpl.java:requestVote(743)) - s1@group-D12239A78657: receive requestVote(s4, group-D12239A78657, 1, (t:0, i:0))
2019-09-24 16:14:22,206 DEBUG impl.RaftServerImpl (RaftServerImpl.java:requestVote(743)) - s0@group-D12239A78657: receive requestVote(s4, group-D12239A78657, 1, (t:0, i:0))
2019-09-24 16:14:22,206 DEBUG impl.RaftServerImpl (RaftServerImpl.java:requestVote(743)) - s2@group-D12239A78657: receive requestVote(s4, group-D12239A78657, 1, (t:0, i:0))
2019-09-24 16:14:22,206 DEBUG impl.RaftServerImpl (RaftServerImpl.java:requestVote(775)) - s0@group-D12239A78657 replies to vote request: s4<-s0#0:FAIL-t2. Peer's state: s0@group-D12239A78657:t2, leader=null, voted=s0, raftlog=s0@group-D12239A78657-SegmentedRaftLog:OPENED:c-1,f-1,i0, conf=-1: [s3:0.0.0.0:43186, s4:0.0.0.0:42582, s0:0.0.0.0:44493, s1:0.0.0.0:40044, s2:0.0.0.0:44761], old=null
2019-09-24 16:14:22,207 INFO  impl.LeaderElection (LeaderElection.java:logAndReturn(56)) - s4@group-D12239A78657-LeaderElection18: Election DISCOVERED_A_NEW_TERM; received 1 response(s) [s4<-s0#0:FAIL-t2] and 0 exception(s); s4@group-D12239A78657:t2, leader=null, voted=null, raftlog=s4@group-D12239A78657-SegmentedRaftLog:OPENED:c-1,f-1,i0, conf=-1: [s3:0.0.0.0:43186, s4:0.0.0.0:42582, s0:0.0.0.0:44493, s1:0.0.0.0:40044, s2:0.0.0.0:44761], old=null
2019-09-24 16:14:22,213 INFO  impl.LeaderElection (LeaderElection.java:askForVotes(178)) - s1@group-D12239A78657-LeaderElection20: begin an election at term 2 for -1: [s3:0.0.0.0:43186, s4:0.0.0.0:42582, s0:0.0.0.0:44493, s1:0.0.0.0:40044, s2:0.0.0.0:44761], old=null
2019-09-24 16:14:22,213 DEBUG impl.RaftServerImpl (RaftServerImpl.java:requestVote(775)) - s4@group-D12239A78657 replies to vote request: s0<-s4#0:FAIL-t2. Peer's state: s4@group-D12239A78657:t2, leader=null, voted=null, raftlog=s4@group-D12239A78657-SegmentedRaftLog:OPENED:c-1,f-1,i0, conf=-1: [s3:0.0.0.0:43186, s4:0.0.0.0:42582, s0:0.0.0.0:44493, s1:0.0.0.0:40044, s2:0.0.0.0:44761], old=null
2019-09-24 16:14:22,213 DEBUG impl.RaftServerImpl (RaftServerImpl.java:requestVote(775)) - s2@group-D12239A78657 replies to vote request: s4<-s2#0:FAIL-t2. Peer's state: s2@group-D12239A78657:t2, leader=null, voted=s2, raftlog=s2@group-D12239A78657-SegmentedRaftLog:OPENED:c-1,f-1,i0, conf=-1: [s3:0.0.0.0:43186, s4:0.0.0.0:42582, s0:0.0.0.0:44493, s1:0.0.0.0:40044, s2:0.0.0.0:44761], old=null
2019-09-24 16:14:22,213 DEBUG impl.RaftServerImpl (RaftServerImpl.java:requestVote(775)) - s3@group-D12239A78657 replies to vote request: s4<-s3#0:FAIL-t2. Peer's state: s3@group-D12239A78657:t2, leader=null, voted=s3, raftlog=s3@group-D12239A78657-SegmentedRaftLog:OPENED:c-1,f-1,i0, conf=-1: [s3:0.0.0.0:43186, s4:0.0.0.0:42582, s0:0.0.0.0:44493, s1:0.0.0.0:40044, s2:0.0.0.0:44761], old=null
2019-09-24 16:14:22,213 DEBUG impl.RaftServerImpl (RaftServerImpl.java:requestVote(775)) - s1@group-D12239A78657 replies to vote request: s4<-s1#0:FAIL-t2. Peer's state: s1@group-D12239A78657:t2, leader=null, voted=s1, raftlog=s1@group-D12239A78657-SegmentedRaftLog:OPENED:c-1,f-1,i0, conf=-1: [s3:0.0.0.0:43186, s4:0.0.0.0:42582, s0:0.0.0.0:44493, s1:0.0.0.0:40044, s2:0.0.0.0:44761], old=null
2019-09-24 16:14:22,213 INFO  impl.LeaderElection (LeaderElection.java:askForVotes(178)) - s2@group-D12239A78657-LeaderElection21: begin an election at term 2 for -1: [s3:0.0.0.0:43186, s4:0.0.0.0:42582, s0:0.0.0.0:44493, s1:0.0.0.0:40044, s2:0.0.0.0:44761], old=null
2019-09-24 16:14:22,213 INFO  impl.LeaderElection (LeaderElection.java:askForVotes(178)) - s3@group-D12239A78657-LeaderElection19: begin an election at term 2 for -1: [s3:0.0.0.0:43186, s4:0.0.0.0:42582, s0:0.0.0.0:44493, s1:0.0.0.0:40044, s2:0.0.0.0:44761], old=null
2019-09-24 16:14:22,214 DEBUG impl.RaftServerImpl (RaftServerImpl.java:requestVote(775)) - s1@group-D12239A78657 replies to vote request: s0<-s1#0:FAIL-t2. Peer's state: s1@group-D12239A78657:t2, leader=null, voted=s1, raftlog=s1@group-D12239A78657-SegmentedRaftLog:OPENED:c-1,f-1,i0, conf=-1: [s3:0.0.0.0:43186, s4:0.0.0.0:42582, s0:0.0.0.0:44493, s1:0.0.0.0:40044, s2:0.0.0.0:44761], old=null
2019-09-24 16:14:22,214 DEBUG impl.RaftServerImpl (RaftServerImpl.java:requestVote(775)) - s3@group-D12239A78657 replies to vote request: s0<-s3#0:FAIL-t2. Peer's state: s3@group-D12239A78657:t2, leader=null, voted=s3, raftlog=s3@group-D12239A78657-SegmentedRaftLog:OPENED:c-1,f-1,i0, conf=-1: [s3:0.0.0.0:43186, s4:0.0.0.0:42582, s0:0.0.0.0:44493, s1:0.0.0.0:40044, s2:0.0.0.0:44761], old=null
2019-09-24 16:14:22,213 DEBUG impl.RaftServerImpl (RaftServerImpl.java:requestVote(775)) - s2@group-D12239A78657 replies to vote request: s0<-s2#0:FAIL-t2. Peer's state: s2@group-D12239A78657:t2, leader=null, voted=s2, raftlog=s2@group-D12239A78657-SegmentedRaftLog:OPENED:c-1,f-1,i0, conf=-1: [s3:0.0.0.0:43186, s4:0.0.0.0:42582, s0:0.0.0.0:44493, s1:0.0.0.0:40044, s2:0.0.0.0:44761], old=null
2019-09-24 16:14:22,216 INFO  impl.LeaderElection (LeaderElection.java:logAndReturn(56)) - s0@group-D12239A78657-LeaderElection17: Election REJECTED; received 4 response(s) [s0<-s3#0:FAIL-t2, s0<-s4#0:FAIL-t2, s0<-s1#0:FAIL-t2, s0<-s2#0:FAIL-t2] and 0 exception(s); s0@group-D12239A78657:t2, leader=null, voted=s0, raftlog=s0@group-D12239A78657-SegmentedRaftLog:OPENED:c-1,f-1,i0, conf=-1: [s3:0.0.0.0:43186, s4:0.0.0.0:42582, s0:0.0.0.0:44493, s1:0.0.0.0:40044, s2:0.0.0.0:44761], old=null
2019-09-24 16:14:22,216 INFO  impl.RaftServerImpl (RaftServerImpl.java:setRole(170)) - s0@group-D12239A78657: changes role from CANDIDATE to FOLLOWER at term 2 for DISCOVERED_A_NEW_TERM
2019-09-24 16:14:22,216 INFO  impl.RoleInfo (RoleInfo.java:shutdownLeaderElection(134)) - s0: shutdown LeaderElection
2019-09-24 16:14:22,216 INFO  impl.RoleInfo (RoleInfo.java:updateAndGet(143)) - s0: start FollowerState
2019-09-24 16:14:22,223 DEBUG impl.RaftServerImpl (RaftServerImpl.java:requestVote(743)) - s2@group-D12239A78657: receive requestVote(s3, group-D12239A78657, 2, (t:0, i:0))
2019-09-24 16:14:22,223 DEBUG impl.RaftServerImpl (RaftServerImpl.java:requestVote(775)) - s2@group-D12239A78657 replies to vote request: s3<-s2#0:FAIL-t2. Peer's state: s2@group-D12239A78657:t2, leader=null, voted=s2, raftlog=s2@group-D12239A78657-SegmentedRaftLog:OPENED:c-1,f-1,i0, conf=-1: [s3:0.0.0.0:43186, s4:0.0.0.0:42582, s0:0.0.0.0:44493, s1:0.0.0.0:40044, s2:0.0.0.0:44761], old=null
2019-09-24 16:14:22,223 DEBUG impl.RaftServerImpl (RaftServerImpl.java:requestVote(743)) - s0@group-D12239A78657: receive requestVote(s3, group-D12239A78657, 2, (t:0, i:0))
2019-09-24 16:14:22,224 DEBUG impl.RaftServerImpl (RaftServerImpl.java:requestVote(775)) - s0@group-D12239A78657 replies to vote request: s3<-s0#0:FAIL-t2. Peer's state: s0@group-D12239A78657:t2, leader=null, voted=s0, raftlog=s0@group-D12239A78657-SegmentedRaftLog:OPENED:c-1,f-1,i0, conf=-1: [s3:0.0.0.0:43186, s4:0.0.0.0:42582, s0:0.0.0.0:44493, s1:0.0.0.0:40044, s2:0.0.0.0:44761], old=null
2019-09-24 16:14:22,224 DEBUG impl.RaftServerImpl (RaftServerImpl.java:requestVote(743)) - s1@group-D12239A78657: receive requestVote(s3, group-D12239A78657, 2, (t:0, i:0))
2019-09-24 16:14:22,224 DEBUG impl.RaftServerImpl (RaftServerImpl.java:requestVote(775)) - s1@group-D12239A78657 replies to vote request: s3<-s1#0:FAIL-t2. Peer's state: s1@group-D12239A78657:t2, leader=null, voted=s1, raftlog=s1@group-D12239A78657-SegmentedRaftLog:OPENED:c-1,f-1,i0, conf=-1: [s3:0.0.0.0:43186, s4:0.0.0.0:42582, s0:0.0.0.0:44493, s1:0.0.0.0:40044, s2:0.0.0.0:44761], old=null
2019-09-24 16:14:22,224 DEBUG impl.RaftServerImpl (RaftServerImpl.java:requestVote(743)) - s4@group-D12239A78657: receive requestVote(s1, group-D12239A78657, 2, (t:0, i:0))
2019-09-24 16:14:22,225 DEBUG impl.RaftServerImpl (RaftServerImpl.java:requestVote(743)) - s4@group-D12239A78657: receive requestVote(s3, group-D12239A78657, 2, (t:0, i:0))
2019-09-24 16:14:22,225 INFO  impl.RaftServerImpl (RaftServerImpl.java:setRole(170)) - s4@group-D12239A78657: changes role from  FOLLOWER to FOLLOWER at term 2 for recognizeCandidate:s1
2019-09-24 16:14:22,225 INFO  impl.RoleInfo (RoleInfo.java:shutdownFollowerState(121)) - s4: shutdown FollowerState
2019-09-24 16:14:22,225 INFO  impl.RoleInfo (RoleInfo.java:updateAndGet(143)) - s4: start FollowerState
2019-09-24 16:14:22,225 INFO  impl.FollowerState (FollowerState.java:run(117)) - s4@group-D12239A78657-FollowerState was interrupted: java.lang.InterruptedException: sleep interrupted
2019-09-24 16:14:22,226 DEBUG impl.RaftServerImpl (RaftServerImpl.java:requestVote(743)) - s3@group-D12239A78657: receive requestVote(s1, group-D12239A78657, 2, (t:0, i:0))
2019-09-24 16:14:22,226 DEBUG impl.RaftServerImpl (RaftServerImpl.java:requestVote(743)) - s0@group-D12239A78657: receive requestVote(s1, group-D12239A78657, 2, (t:0, i:0))
2019-09-24 16:14:22,227 DEBUG impl.RaftServerImpl (RaftServerImpl.java:requestVote(775)) - s3@group-D12239A78657 replies to vote request: s1<-s3#0:FAIL-t2. Peer's state: s3@group-D12239A78657:t2, leader=null, voted=s3, raftlog=s3@group-D12239A78657-SegmentedRaftLog:OPENED:c-1,f-1,i0, conf=-1: [s3:0.0.0.0:43186, s4:0.0.0.0:42582, s0:0.0.0.0:44493, s1:0.0.0.0:40044, s2:0.0.0.0:44761], old=null
2019-09-24 16:14:22,227 DEBUG impl.RaftServerImpl (RaftServerImpl.java:requestVote(743)) - s0@group-D12239A78657: receive requestVote(s2, group-D12239A78657, 2, (t:0, i:0))
2019-09-24 16:14:22,227 DEBUG impl.RaftServerImpl (RaftServerImpl.java:requestVote(775)) - s0@group-D12239A78657 replies to vote request: s1<-s0#0:FAIL-t2. Peer's state: s0@group-D12239A78657:t2, leader=null, voted=s0, raftlog=s0@group-D12239A78657-SegmentedRaftLog:OPENED:c-1,f-1,i0, conf=-1: [s3:0.0.0.0:43186, s4:0.0.0.0:42582, s0:0.0.0.0:44493, s1:0.0.0.0:40044, s2:0.0.0.0:44761], old=null
2019-09-24 16:14:22,227 DEBUG impl.RaftServerImpl (RaftServerImpl.java:requestVote(743)) - s2@group-D12239A78657: receive requestVote(s1, group-D12239A78657, 2, (t:0, i:0))
2019-09-24 16:14:22,227 DEBUG impl.RaftServerImpl (RaftServerImpl.java:requestVote(775)) - s0@group-D12239A78657 replies to vote request: s2<-s0#0:FAIL-t2. Peer's state: s0@group-D12239A78657:t2, leader=null, voted=s0, raftlog=s0@group-D12239A78657-SegmentedRaftLog:OPENED:c-1,f-1,i0, conf=-1: [s3:0.0.0.0:43186, s4:0.0.0.0:42582, s0:0.0.0.0:44493, s1:0.0.0.0:40044, s2:0.0.0.0:44761], old=null
2019-09-24 16:14:22,227 DEBUG impl.RaftServerImpl (RaftServerImpl.java:requestVote(775)) - s2@group-D12239A78657 replies to vote request: s1<-s2#0:FAIL-t2. Peer's state: s2@group-D12239A78657:t2, leader=null, voted=s2, raftlog=s2@group-D12239A78657-SegmentedRaftLog:OPENED:c-1,f-1,i0, conf=-1: [s3:0.0.0.0:43186, s4:0.0.0.0:42582, s0:0.0.0.0:44493, s1:0.0.0.0:40044, s2:0.0.0.0:44761], old=null
2019-09-24 16:14:22,228 DEBUG impl.RaftServerImpl (RaftServerImpl.java:requestVote(743)) - s4@group-D12239A78657: receive requestVote(s2, group-D12239A78657, 2, (t:0, i:0))
2019-09-24 16:14:22,228 DEBUG impl.RaftServerImpl (RaftServerImpl.java:requestVote(743)) - s3@group-D12239A78657: receive requestVote(s2, group-D12239A78657, 2, (t:0, i:0))
2019-09-24 16:14:22,228 DEBUG impl.RaftServerImpl (RaftServerImpl.java:requestVote(743)) - s1@group-D12239A78657: receive requestVote(s2, group-D12239A78657, 2, (t:0, i:0))
2019-09-24 16:14:22,228 DEBUG impl.RaftServerImpl (RaftServerImpl.java:requestVote(775)) - s3@group-D12239A78657 replies to vote request: s2<-s3#0:FAIL-t2. Peer's state: s3@group-D12239A78657:t2, leader=null, voted=s3, raftlog=s3@group-D12239A78657-SegmentedRaftLog:OPENED:c-1,f-1,i0, conf=-1: [s3:0.0.0.0:43186, s4:0.0.0.0:42582, s0:0.0.0.0:44493, s1:0.0.0.0:40044, s2:0.0.0.0:44761], old=null
2019-09-24 16:14:22,228 DEBUG impl.RaftServerImpl (RaftServerImpl.java:requestVote(775)) - s1@group-D12239A78657 replies to vote request: s2<-s1#0:FAIL-t2. Peer's state: s1@group-D12239A78657:t2, leader=null, voted=s1, raftlog=s1@group-D12239A78657-SegmentedRaftLog:OPENED:c-1,f-1,i0, conf=-1: [s3:0.0.0.0:43186, s4:0.0.0.0:42582, s0:0.0.0.0:44493, s1:0.0.0.0:40044, s2:0.0.0.0:44761], old=null
2019-09-24 16:14:22,272 DEBUG impl.RaftServerImpl (RaftServerImpl.java:requestVote(775)) - s4@group-D12239A78657 replies to vote request: s1<-s4#0:OK-t2. Peer's state: s4@group-D12239A78657:t2, leader=null, voted=s1, raftlog=s4@group-D12239A78657-SegmentedRaftLog:OPENED:c-1,f-1,i0, conf=-1: [s3:0.0.0.0:43186, s4:0.0.0.0:42582, s0:0.0.0.0:44493, s1:0.0.0.0:40044, s2:0.0.0.0:44761], old=null
2019-09-24 16:14:22,272 DEBUG impl.RaftServerImpl (RaftServerImpl.java:requestVote(775)) - s4@group-D12239A78657 replies to vote request: s2<-s4#0:FAIL-t2. Peer's state: s4@group-D12239A78657:t2, leader=null, voted=s1, raftlog=s4@group-D12239A78657-SegmentedRaftLog:OPENED:c-1,f-1,i0, conf=-1: [s3:0.0.0.0:43186, s4:0.0.0.0:42582, s0:0.0.0.0:44493, s1:0.0.0.0:40044, s2:0.0.0.0:44761], old=null
2019-09-24 16:14:22,273 DEBUG impl.RaftServerImpl (RaftServerImpl.java:requestVote(775)) - s4@group-D12239A78657 replies to vote request: s3<-s4#0:FAIL-t2. Peer's state: s4@group-D12239A78657:t2, leader=null, voted=s1, raftlog=s4@group-D12239A78657-SegmentedRaftLog:OPENED:c-1,f-1,i0, conf=-1: [s3:0.0.0.0:43186, s4:0.0.0.0:42582, s0:0.0.0.0:44493, s1:0.0.0.0:40044, s2:0.0.0.0:44761], old=null
2019-09-24 16:14:22,273 INFO  impl.LeaderElection (LeaderElection.java:logAndReturn(56)) - s1@group-D12239A78657-LeaderElection20: Election REJECTED; received 4 response(s) [s1<-s3#0:FAIL-t2, s1<-s4#0:OK-t2, s1<-s0#0:FAIL-t2, s1<-s2#0:FAIL-t2] and 0 exception(s); s1@group-D12239A78657:t2, leader=null, voted=s1, raftlog=s1@group-D12239A78657-SegmentedRaftLog:OPENED:c-1,f-1,i0, conf=-1: [s3:0.0.0.0:43186, s4:0.0.0.0:42582, s0:0.0.0.0:44493, s1:0.0.0.0:40044, s2:0.0.0.0:44761], old=null
2019-09-24 16:14:22,273 INFO  impl.RaftServerImpl (RaftServerImpl.java:setRole(170)) - s1@group-D12239A78657: changes role from CANDIDATE to FOLLOWER at term 2 for DISCOVERED_A_NEW_TERM
2019-09-24 16:14:22,273 INFO  impl.RoleInfo (RoleInfo.java:shutdownLeaderElection(134)) - s1: shutdown LeaderElection
2019-09-24 16:14:22,273 INFO  impl.LeaderElection (LeaderElection.java:logAndReturn(56)) - s2@group-D12239A78657-LeaderElection21: Election REJECTED; received 4 response(s) [s2<-s3#0:FAIL-t2, s2<-s4#0:FAIL-t2, s2<-s0#0:FAIL-t2, s2<-s1#0:FAIL-t2] and 0 exception(s); s2@group-D12239A78657:t2, leader=null, voted=s2, raftlog=s2@group-D12239A78657-SegmentedRaftLog:OPENED:c-1,f-1,i0, conf=-1: [s3:0.0.0.0:43186, s4:0.0.0.0:42582, s0:0.0.0.0:44493, s1:0.0.0.0:40044, s2:0.0.0.0:44761], old=null
2019-09-24 16:14:22,273 INFO  impl.LeaderElection (LeaderElection.java:logAndReturn(56)) - s3@group-D12239A78657-LeaderElection19: Election REJECTED; received 4 response(s) [s3<-s4#0:FAIL-t2, s3<-s0#0:FAIL-t2, s3<-s1#0:FAIL-t2, s3<-s2#0:FAIL-t2] and 0 exception(s); s3@group-D12239A78657:t2, leader=null, voted=s3, raftlog=s3@group-D12239A78657-SegmentedRaftLog:OPENED:c-1,f-1,i0, conf=-1: [s3:0.0.0.0:43186, s4:0.0.0.0:42582, s0:0.0.0.0:44493, s1:0.0.0.0:40044, s2:0.0.0.0:44761], old=null
2019-09-24 16:14:22,274 INFO  impl.RoleInfo (RoleInfo.java:updateAndGet(143)) - s1: start FollowerState
2019-09-24 16:14:22,274 INFO  impl.RaftServerImpl (RaftServerImpl.java:setRole(170)) - s3@group-D12239A78657: changes role from CANDIDATE to FOLLOWER at term 2 for DISCOVERED_A_NEW_TERM
2019-09-24 16:14:22,274 INFO  impl.RaftServerImpl (RaftServerImpl.java:setRole(170)) - s2@group-D12239A78657: changes role from CANDIDATE to FOLLOWER at term 2 for DISCOVERED_A_NEW_TERM
2019-09-24 16:14:22,274 INFO  impl.RoleInfo (RoleInfo.java:shutdownLeaderElection(134)) - s3: shutdown LeaderElection
2019-09-24 16:14:22,274 INFO  impl.RoleInfo (RoleInfo.java:shutdownLeaderElection(134)) - s2: shutdown LeaderElection
2019-09-24 16:14:22,275 INFO  impl.RoleInfo (RoleInfo.java:updateAndGet(143)) - s3: start FollowerState
2019-09-24 16:14:22,275 INFO  impl.RoleInfo (RoleInfo.java:updateAndGet(143)) - s2: start FollowerState
2019-09-24 16:14:22,423 INFO  impl.FollowerState (FollowerState.java:run(108)) - s4@group-D12239A78657-FollowerState: change to CANDIDATE, lastRpcTime:198ms, electionTimeout:197ms
2019-09-24 16:14:22,424 INFO  impl.RoleInfo (RoleInfo.java:shutdownFollowerState(121)) - s4: shutdown FollowerState
2019-09-24 16:14:22,424 INFO  impl.RaftServerImpl (RaftServerImpl.java:setRole(170)) - s4@group-D12239A78657: changes role from  FOLLOWER to CANDIDATE at term 2 for changeToCandidate
2019-09-24 16:14:22,424 INFO  impl.RoleInfo (RoleInfo.java:updateAndGet(143)) - s4: start LeaderElection
2019-09-24 16:14:22,435 INFO  impl.FollowerState (FollowerState.java:run(108)) - s0@group-D12239A78657-FollowerState: change to CANDIDATE, lastRpcTime:219ms, electionTimeout:218ms
2019-09-24 16:14:22,436 INFO  impl.RoleInfo (RoleInfo.java:shutdownFollowerState(121)) - s0: shutdown FollowerState
2019-09-24 16:14:22,436 INFO  impl.RaftServerImpl (RaftServerImpl.java:setRole(170)) - s0@group-D12239A78657: changes role from  FOLLOWER to CANDIDATE at term 2 for changeToCandidate
2019-09-24 16:14:22,436 INFO  impl.RoleInfo (RoleInfo.java:updateAndGet(143)) - s0: start LeaderElection
2019-09-24 16:14:22,450 INFO  impl.LeaderElection (LeaderElection.java:askForVotes(178)) - s0@group-D12239A78657-LeaderElection23: begin an election at term 3 for -1: [s3:0.0.0.0:43186, s4:0.0.0.0:42582, s0:0.0.0.0:44493, s1:0.0.0.0:40044, s2:0.0.0.0:44761], old=null
2019-09-24 16:14:22,450 INFO  impl.LeaderElection (LeaderElection.java:askForVotes(178)) - s4@group-D12239A78657-LeaderElection22: begin an election at term 3 for -1: [s3:0.0.0.0:43186, s4:0.0.0.0:42582, s0:0.0.0.0:44493, s1:0.0.0.0:40044, s2:0.0.0.0:44761], old=null
2019-09-24 16:14:22,453 DEBUG impl.RaftServerImpl (RaftServerImpl.java:requestVote(743)) - s3@group-D12239A78657: receive requestVote(s0, group-D12239A78657, 3, (t:0, i:0))
2019-09-24 16:14:22,454 INFO  impl.RaftServerImpl (RaftServerImpl.java:setRole(170)) - s3@group-D12239A78657: changes role from  FOLLOWER to FOLLOWER at term 3 for recognizeCandidate:s0
2019-09-24 16:14:22,454 INFO  impl.RoleInfo (RoleInfo.java:shutdownFollowerState(121)) - s3: shutdown FollowerState
2019-09-24 16:14:22,454 DEBUG impl.RaftServerImpl (RaftServerImpl.java:requestVote(743)) - s3@group-D12239A78657: receive requestVote(s4, group-D12239A78657, 3, (t:0, i:0))
2019-09-24 16:14:22,454 DEBUG impl.RaftServerImpl (RaftServerImpl.java:requestVote(743)) - s1@group-D12239A78657: receive requestVote(s4, group-D12239A78657, 3, (t:0, i:0))
2019-09-24 16:14:22,454 DEBUG impl.RaftServerImpl (RaftServerImpl.java:requestVote(743)) - s4@group-D12239A78657: receive requestVote(s0, group-D12239A78657, 3, (t:0, i:0))
2019-09-24 16:14:22,454 INFO  impl.RaftServerImpl (RaftServerImpl.java:setRole(170)) - s1@group-D12239A78657: changes role from  FOLLOWER to FOLLOWER at term 3 for recognizeCandidate:s4
2019-09-24 16:14:22,454 DEBUG impl.RaftServerImpl (RaftServerImpl.java:requestVote(743)) - s0@group-D12239A78657: receive requestVote(s4, group-D12239A78657, 3, (t:0, i:0))
2019-09-24 16:14:22,454 INFO  impl.FollowerState (FollowerState.java:run(117)) - s3@group-D12239A78657-FollowerState was interrupted: java.lang.InterruptedException: sleep interrupted
2019-09-24 16:14:22,454 INFO  impl.RoleInfo (RoleInfo.java:updateAndGet(143)) - s3: start FollowerState
2019-09-24 16:14:22,455 DEBUG impl.RaftServerImpl (RaftServerImpl.java:requestVote(775)) - s0@group-D12239A78657 replies to vote request: s4<-s0#0:FAIL-t3. Peer's state: s0@group-D12239A78657:t3, leader=null, voted=s0, raftlog=s0@group-D12239A78657-SegmentedRaftLog:OPENED:c-1,f-1,i0, conf=-1: [s3:0.0.0.0:43186, s4:0.0.0.0:42582, s0:0.0.0.0:44493, s1:0.0.0.0:40044, s2:0.0.0.0:44761], old=null
2019-09-24 16:14:22,455 DEBUG impl.RaftServerImpl (RaftServerImpl.java:requestVote(743)) - s1@group-D12239A78657: receive requestVote(s0, group-D12239A78657, 3, (t:0, i:0))
2019-09-24 16:14:22,455 INFO  impl.RoleInfo (RoleInfo.java:shutdownFollowerState(121)) - s1: shutdown FollowerState
2019-09-24 16:14:22,455 DEBUG impl.RaftServerImpl (RaftServerImpl.java:requestVote(743)) - s2@group-D12239A78657: receive requestVote(s4, group-D12239A78657, 3, (t:0, i:0))
2019-09-24 16:14:22,455 DEBUG impl.RaftServerImpl (RaftServerImpl.java:requestVote(743)) - s2@group-D12239A78657: receive requestVote(s0, group-D12239A78657, 3, (t:0, i:0))
2019-09-24 16:14:22,455 DEBUG impl.RaftServerImpl (RaftServerImpl.java:requestVote(775)) - s4@group-D12239A78657 replies to vote request: s0<-s4#0:FAIL-t3. Peer's state: s4@group-D12239A78657:t3, leader=null, voted=s4, raftlog=s4@group-D12239A78657-SegmentedRaftLog:OPENED:c-1,f-1,i0, conf=-1: [s3:0.0.0.0:43186, s4:0.0.0.0:42582, s0:0.0.0.0:44493, s1:0.0.0.0:40044, s2:0.0.0.0:44761], old=null
2019-09-24 16:14:22,457 INFO  impl.RaftServerImpl (RaftServerImpl.java:setRole(170)) - s2@group-D12239A78657: changes role from  FOLLOWER to FOLLOWER at term 3 for recognizeCandidate:s4
2019-09-24 16:14:22,457 INFO  impl.FollowerState (FollowerState.java:run(117)) - s1@group-D12239A78657-FollowerState was interrupted: java.lang.InterruptedException: sleep interrupted
2019-09-24 16:14:22,457 INFO  impl.RoleInfo (RoleInfo.java:updateAndGet(143)) - s1: start FollowerState
2019-09-24 16:14:22,457 INFO  impl.RoleInfo (RoleInfo.java:shutdownFollowerState(121)) - s2: shutdown FollowerState
2019-09-24 16:14:22,458 INFO  impl.RoleInfo (RoleInfo.java:updateAndGet(143)) - s2: start FollowerState
2019-09-24 16:14:22,458 INFO  impl.FollowerState (FollowerState.java:run(117)) - s2@group-D12239A78657-FollowerState was interrupted: java.lang.InterruptedException: sleep interrupted
2019-09-24 16:14:22,473 DEBUG impl.RaftServerImpl (RaftServerImpl.java:requestVote(775)) - s2@group-D12239A78657 replies to vote request: s4<-s2#0:OK-t3. Peer's state: s2@group-D12239A78657:t3, leader=null, voted=s4, raftlog=s2@group-D12239A78657-SegmentedRaftLog:OPENED:c-1,f-1,i0, conf=-1: [s3:0.0.0.0:43186, s4:0.0.0.0:42582, s0:0.0.0.0:44493, s1:0.0.0.0:40044, s2:0.0.0.0:44761], old=null
2019-09-24 16:14:22,473 DEBUG impl.RaftServerImpl (RaftServerImpl.java:requestVote(775)) - s1@group-D12239A78657 replies to vote request: s4<-s1#0:OK-t3. Peer's state: s1@group-D12239A78657:t3, leader=null, voted=s4, raftlog=s1@group-D12239A78657-SegmentedRaftLog:OPENED:c-1,f-1,i0, conf=-1: [s3:0.0.0.0:43186, s4:0.0.0.0:42582, s0:0.0.0.0:44493, s1:0.0.0.0:40044, s2:0.0.0.0:44761], old=null
2019-09-24 16:14:22,473 DEBUG impl.RaftServerImpl (RaftServerImpl.java:requestVote(775)) - s3@group-D12239A78657 replies to vote request: s0<-s3#0:OK-t3. Peer's state: s3@group-D12239A78657:t3, leader=null, voted=s0, raftlog=s3@group-D12239A78657-SegmentedRaftLog:OPENED:c-1,f-1,i0, conf=-1: [s3:0.0.0.0:43186, s4:0.0.0.0:42582, s0:0.0.0.0:44493, s1:0.0.0.0:40044, s2:0.0.0.0:44761], old=null
2019-09-24 16:14:22,473 DEBUG impl.RaftServerImpl (RaftServerImpl.java:requestVote(775)) - s1@group-D12239A78657 replies to vote request: s0<-s1#0:FAIL-t3. Peer's state: s1@group-D12239A78657:t3, leader=null, voted=s4, raftlog=s1@group-D12239A78657-SegmentedRaftLog:OPENED:c-1,f-1,i0, conf=-1: [s3:0.0.0.0:43186, s4:0.0.0.0:42582, s0:0.0.0.0:44493, s1:0.0.0.0:40044, s2:0.0.0.0:44761], old=null
2019-09-24 16:14:22,473 DEBUG impl.RaftServerImpl (RaftServerImpl.java:requestVote(775)) - s2@group-D12239A78657 replies to vote request: s0<-s2#0:FAIL-t3. Peer's state: s2@group-D12239A78657:t3, leader=null, voted=s4, raftlog=s2@group-D12239A78657-SegmentedRaftLog:OPENED:c-1,f-1,i0, conf=-1: [s3:0.0.0.0:43186, s4:0.0.0.0:42582, s0:0.0.0.0:44493, s1:0.0.0.0:40044, s2:0.0.0.0:44761], old=null
2019-09-24 16:14:22,474 DEBUG impl.RaftServerImpl (RaftServerImpl.java:requestVote(775)) - s3@group-D12239A78657 replies to vote request: s4<-s3#0:FAIL-t3. Peer's state: s3@group-D12239A78657:t3, leader=null, voted=s0, raftlog=s3@group-D12239A78657-SegmentedRaftLog:OPENED:c-1,f-1,i0, conf=-1: [s3:0.0.0.0:43186, s4:0.0.0.0:42582, s0:0.0.0.0:44493, s1:0.0.0.0:40044, s2:0.0.0.0:44761], old=null
2019-09-24 16:14:22,474 INFO  impl.LeaderElection (LeaderElection.java:logAndReturn(56)) - s4@group-D12239A78657-LeaderElection22: Election PASSED; received 3 response(s) [s4<-s0#0:FAIL-t3, s4<-s1#0:OK-t3, s4<-s2#0:OK-t3] and 0 exception(s); s4@group-D12239A78657:t3, leader=null, voted=s4, raftlog=s4@group-D12239A78657-SegmentedRaftLog:OPENED:c-1,f-1,i0, conf=-1: [s3:0.0.0.0:43186, s4:0.0.0.0:42582, s0:0.0.0.0:44493, s1:0.0.0.0:40044, s2:0.0.0.0:44761], old=null
2019-09-24 16:14:22,474 INFO  impl.RoleInfo (RoleInfo.java:shutdownLeaderElection(134)) - s4: shutdown LeaderElection
2019-09-24 16:14:22,475 INFO  impl.RaftServerImpl (RaftServerImpl.java:setRole(170)) - s4@group-D12239A78657: changes role from CANDIDATE to LEADER at term 3 for changeToLeader
2019-09-24 16:14:22,475 INFO  impl.LeaderElection (LeaderElection.java:logAndReturn(56)) - s0@group-D12239A78657-LeaderElection23: Election REJECTED; received 4 response(s) [s0<-s3#0:OK-t3, s0<-s4#0:FAIL-t3, s0<-s1#0:FAIL-t3, s0<-s2#0:FAIL-t3] and 0 exception(s); s0@group-D12239A78657:t3, leader=null, voted=s0, raftlog=s0@group-D12239A78657-SegmentedRaftLog:OPENED:c-1,f-1,i0, conf=-1: [s3:0.0.0.0:43186, s4:0.0.0.0:42582, s0:0.0.0.0:44493, s1:0.0.0.0:40044, s2:0.0.0.0:44761], old=null
2019-09-24 16:14:22,475 INFO  impl.RaftServerImpl (ServerState.java:setLeader(254)) - s4@group-D12239A78657: change Leader from null to s4 at term 3 for becomeLeader, leader elected after 4060ms
2019-09-24 16:14:22,475 INFO  impl.RaftServerImpl (RaftServerImpl.java:setRole(170)) - s0@group-D12239A78657: changes role from CANDIDATE to FOLLOWER at term 3 for DISCOVERED_A_NEW_TERM
2019-09-24 16:14:22,475 INFO  server.RaftServerConfigKeys (ConfUtils.java:logGet(43)) - raft.server.staging.catchup.gap = 10 (custom)
2019-09-24 16:14:22,475 INFO  impl.RoleInfo (RoleInfo.java:shutdownLeaderElection(134)) - s0: shutdown LeaderElection
2019-09-24 16:14:22,476 INFO  server.RaftServerConfigKeys (ConfUtils.java:logGet(43)) - raft.server.rpc.sleep.time = 25ms (default)
2019-09-24 16:14:22,476 INFO  impl.RoleInfo (RoleInfo.java:updateAndGet(143)) - s0: start FollowerState
2019-09-24 16:14:22,476 INFO  server.RaftServerConfigKeys (ConfUtils.java:logGet(43)) - raft.server.write.element-limit = 4096 (default)
2019-09-24 16:14:22,476 INFO  server.RaftServerConfigKeys (ConfUtils.java:logGet(43)) - raft.server.watch.timeout = 10s (default)
2019-09-24 16:14:22,476 INFO  server.RaftServerConfigKeys (ConfUtils.java:logGet(43)) - raft.server.watch.timeout.denomination = 1s (default)
2019-09-24 16:14:22,477 INFO  server.RaftServerConfigKeys (ConfUtils.java:logGet(43)) - raft.server.watch.element-limit = 65536 (default)
2019-09-24 16:14:22,479 INFO  server.RaftServerConfigKeys (ConfUtils.java:logGet(43)) - raft.server.log.appender.snapshot.chunk.size.max = 16MB (=16777216) (default)
2019-09-24 16:14:22,480 INFO  server.RaftServerConfigKeys (ConfUtils.java:logGet(43)) - raft.server.log.appender.buffer.byte-limit = 4MB (=4194304) (default)
2019-09-24 16:14:22,480 INFO  server.RaftServerConfigKeys (ConfUtils.java:logGet(43)) - raft.server.log.appender.buffer.element-limit = 0 (default)
2019-09-24 16:14:22,480 INFO  grpc.GrpcConfigKeys$Server (ConfUtils.java:logGet(43)) - raft.grpc.server.leader.outstanding.appends.max = 128 (default)
2019-09-24 16:14:22,480 INFO  server.RaftServerConfigKeys (ConfUtils.java:logGet(43)) - raft.server.rpc.request.timeout = 3000ms (default)
2019-09-24 16:14:22,480 INFO  server.RaftServerConfigKeys (ConfUtils.java:logGet(43)) - raft.server.log.appender.install.snapshot.enabled = true (default)
2019-09-24 16:14:22,481 INFO  server.RaftServerConfigKeys (ConfUtils.java:logGet(43)) - raft.server.log.appender.snapshot.chunk.size.max = 16MB (=16777216) (default)
2019-09-24 16:14:22,481 INFO  server.RaftServerConfigKeys (ConfUtils.java:logGet(43)) - raft.server.log.appender.buffer.byte-limit = 4MB (=4194304) (default)
2019-09-24 16:14:22,481 INFO  server.RaftServerConfigKeys (ConfUtils.java:logGet(43)) - raft.server.log.appender.buffer.element-limit = 0 (default)
2019-09-24 16:14:22,481 INFO  grpc.GrpcConfigKeys$Server (ConfUtils.java:logGet(43)) - raft.grpc.server.leader.outstanding.appends.max = 128 (default)
2019-09-24 16:14:22,481 INFO  server.RaftServerConfigKeys (ConfUtils.java:logGet(43)) - raft.server.rpc.request.timeout = 3000ms (default)
2019-09-24 16:14:22,482 INFO  server.RaftServerConfigKeys (ConfUtils.java:logGet(43)) - raft.server.log.appender.install.snapshot.enabled = true (default)
2019-09-24 16:14:22,482 INFO  server.RaftServerConfigKeys (ConfUtils.java:logGet(43)) - raft.server.log.appender.snapshot.chunk.size.max = 16MB (=16777216) (default)
2019-09-24 16:14:22,482 INFO  server.RaftServerConfigKeys (ConfUtils.java:logGet(43)) - raft.server.log.appender.buffer.byte-limit = 4MB (=4194304) (default)
2019-09-24 16:14:22,482 INFO  server.RaftServerConfigKeys (ConfUtils.java:logGet(43)) - raft.server.log.appender.buffer.element-limit = 0 (default)
2019-09-24 16:14:22,483 INFO  grpc.GrpcConfigKeys$Server (ConfUtils.java:logGet(43)) - raft.grpc.server.leader.outstanding.appends.max = 128 (default)
2019-09-24 16:14:22,483 INFO  server.RaftServerConfigKeys (ConfUtils.java:logGet(43)) - raft.server.rpc.request.timeout = 3000ms (default)
2019-09-24 16:14:22,483 INFO  server.RaftServerConfigKeys (ConfUtils.java:logGet(43)) - raft.server.log.appender.install.snapshot.enabled = true (default)
2019-09-24 16:14:22,483 INFO  server.RaftServerConfigKeys (ConfUtils.java:logGet(43)) - raft.server.log.appender.snapshot.chunk.size.max = 16MB (=16777216) (default)
2019-09-24 16:14:22,483 INFO  server.RaftServerConfigKeys (ConfUtils.java:logGet(43)) - raft.server.log.appender.buffer.byte-limit = 4MB (=4194304) (default)
2019-09-24 16:14:22,483 INFO  server.RaftServerConfigKeys (ConfUtils.java:logGet(43)) - raft.server.log.appender.buffer.element-limit = 0 (default)
2019-09-24 16:14:22,484 INFO  grpc.GrpcConfigKeys$Server (ConfUtils.java:logGet(43)) - raft.grpc.server.leader.outstanding.appends.max = 128 (default)
2019-09-24 16:14:22,484 INFO  server.RaftServerConfigKeys (ConfUtils.java:logGet(43)) - raft.server.rpc.request.timeout = 3000ms (default)
2019-09-24 16:14:22,484 INFO  server.RaftServerConfigKeys (ConfUtils.java:logGet(43)) - raft.server.log.appender.install.snapshot.enabled = true (default)
2019-09-24 16:14:22,484 INFO  impl.RoleInfo (RoleInfo.java:updateAndGet(143)) - s4: start LeaderState
2019-09-24 16:14:22,485 INFO  segmented.SegmentedRaftLogWorker (SegmentedRaftLogWorker.java:startLogSegment(380)) - s4@group-D12239A78657-SegmentedRaftLogWorker: Starting segment from index:0
2019-09-24 16:14:22,486 INFO  impl.RaftServerImpl (ServerState.java:setRaftConf(355)) - s4@group-D12239A78657: set configuration 0: [s3:0.0.0.0:43186, s4:0.0.0.0:42582, s0:0.0.0.0:44493, s1:0.0.0.0:40044, s2:0.0.0.0:44761], old=null at 0
2019-09-24 16:14:22,487 INFO  impl.RaftServerImpl (ServerState.java:setLeader(254)) - s0@group-D12239A78657: change Leader from null to s4 at term 3 for appendEntries, leader elected after 4073ms
2019-09-24 16:14:22,488 INFO  impl.RaftServerImpl (ServerState.java:setLeader(254)) - s2@group-D12239A78657: change Leader from null to s4 at term 3 for appendEntries, leader elected after 4073ms
2019-09-24 16:14:22,489 INFO  impl.RaftServerImpl (ServerState.java:setLeader(254)) - s3@group-D12239A78657: change Leader from null to s4 at term 3 for appendEntries, leader elected after 4074ms
2019-09-24 16:14:22,489 INFO  impl.RaftServerImpl (ServerState.java:setLeader(254)) - s1@group-D12239A78657: change Leader from null to s4 at term 3 for appendEntries, leader elected after 4075ms
2019-09-24 16:14:22,490 DEBUG impl.RaftServerImpl (RaftServerImpl.java:logAppendEntries(850)) - s0@group-D12239A78657: receive appendEntries(s4, 3, null, -1, false, commits[s4:c-1, s3:c-1, s0:c-1, s1:c-1, s2:c-1], entries: (t:3, i:0), CONFIGURATIONENTRY
2019-09-24 16:14:22,490 INFO  impl.RaftServerImpl (ServerState.java:setRaftConf(355)) - s0@group-D12239A78657: set configuration 0: [s3:0.0.0.0:43186, s4:0.0.0.0:42582, s0:0.0.0.0:44493, s1:0.0.0.0:40044, s2:0.0.0.0:44761], old=null at 0
2019-09-24 16:14:22,490 DEBUG impl.RaftServerImpl (RaftServerImpl.java:logAppendEntries(850)) - s2@group-D12239A78657: receive appendEntries(s4, 3, null, -1, false, commits[s4:c-1, s3:c-1, s0:c-1, s1:c-1, s2:c-1], entries: (t:3, i:0), CONFIGURATIONENTRY
2019-09-24 16:14:22,491 DEBUG impl.RaftServerImpl (RaftServerImpl.java:logAppendEntries(850)) - s3@group-D12239A78657: receive appendEntries(s4, 3, null, -1, false, commits[s4:c-1, s3:c-1, s0:c-1, s1:c-1, s2:c-1], entries: (t:3, i:0), CONFIGURATIONENTRY
2019-09-24 16:14:22,491 INFO  segmented.SegmentedRaftLogWorker (SegmentedRaftLogWorker.java:startLogSegment(380)) - s0@group-D12239A78657-SegmentedRaftLogWorker: Starting segment from index:0
2019-09-24 16:14:22,491 DEBUG impl.RaftServerImpl (RaftServerImpl.java:logAppendEntries(850)) - s1@group-D12239A78657: receive appendEntries(s4, 3, null, -1, false, commits[s4:c-1, s3:c-1, s0:c-1, s1:c-1, s2:c-1], entries: (t:3, i:0), CONFIGURATIONENTRY
2019-09-24 16:14:22,491 INFO  impl.RaftServerImpl (ServerState.java:setRaftConf(355)) - s3@group-D12239A78657: set configuration 0: [s3:0.0.0.0:43186, s4:0.0.0.0:42582, s0:0.0.0.0:44493, s1:0.0.0.0:40044, s2:0.0.0.0:44761], old=null at 0
2019-09-24 16:14:22,491 INFO  impl.RaftServerImpl (ServerState.java:setRaftConf(355)) - s2@group-D12239A78657: set configuration 0: [s3:0.0.0.0:43186, s4:0.0.0.0:42582, s0:0.0.0.0:44493, s1:0.0.0.0:40044, s2:0.0.0.0:44761], old=null at 0
2019-09-24 16:14:22,492 INFO  segmented.SegmentedRaftLogWorker (SegmentedRaftLogWorker.java:startLogSegment(380)) - s3@group-D12239A78657-SegmentedRaftLogWorker: Starting segment from index:0
2019-09-24 16:14:22,492 INFO  impl.RaftServerImpl (ServerState.java:setRaftConf(355)) - s1@group-D12239A78657: set configuration 0: [s3:0.0.0.0:43186, s4:0.0.0.0:42582, s0:0.0.0.0:44493, s1:0.0.0.0:40044, s2:0.0.0.0:44761], old=null at 0
2019-09-24 16:14:22,492 INFO  segmented.SegmentedRaftLogWorker (SegmentedRaftLogWorker.java:startLogSegment(380)) - s2@group-D12239A78657-SegmentedRaftLogWorker: Starting segment from index:0
2019-09-24 16:14:22,493 INFO  segmented.SegmentedRaftLogWorker (SegmentedRaftLogWorker.java:startLogSegment(380)) - s1@group-D12239A78657-SegmentedRaftLogWorker: Starting segment from index:0
2019-09-24 16:14:22,545 INFO  ratis.RaftTestUtil (RaftTestUtil.java:waitForLeader(101)) - printing ALL groups
  s3:  RUNNING  FOLLOWER s3@group-D12239A78657:t3, leader=s4, voted=s0, raftlog=s3@group-D12239A78657-SegmentedRaftLog:OPENED:c-1,f-1,i0, conf=0: [s3:0.0.0.0:43186, s4:0.0.0.0:42582, s0:0.0.0.0:44493, s1:0.0.0.0:40044, s2:0.0.0.0:44761], old=null RUNNING
  s4:  RUNNING    LEADER s4@group-D12239A78657:t3, leader=s4, voted=s4, raftlog=s4@group-D12239A78657-SegmentedRaftLog:OPENED:c-1,f-1,i0, conf=0: [s3:0.0.0.0:43186, s4:0.0.0.0:42582, s0:0.0.0.0:44493, s1:0.0.0.0:40044, s2:0.0.0.0:44761], old=null RUNNING
  s0:  RUNNING  FOLLOWER s0@group-D12239A78657:t3, leader=s4, voted=s0, raftlog=s0@group-D12239A78657-SegmentedRaftLog:OPENED:c-1,f-1,i0, conf=0: [s3:0.0.0.0:43186, s4:0.0.0.0:42582, s0:0.0.0.0:44493, s1:0.0.0.0:40044, s2:0.0.0.0:44761], old=null RUNNING
  s1:  RUNNING  FOLLOWER s1@group-D12239A78657:t3, leader=s4, voted=s4, raftlog=s1@group-D12239A78657-SegmentedRaftLog:OPENED:c-1,f-1,i0, conf=0: [s3:0.0.0.0:43186, s4:0.0.0.0:42582, s0:0.0.0.0:44493, s1:0.0.0.0:40044, s2:0.0.0.0:44761], old=null RUNNING
  s2:  RUNNING  FOLLOWER s2@group-D12239A78657:t3, leader=s4, voted=s4, raftlog=s2@group-D12239A78657-SegmentedRaftLog:OPENED:c-1,f-1,i0, conf=0: [s3:0.0.0.0:43186, s4:0.0.0.0:42582, s0:0.0.0.0:44493, s1:0.0.0.0:40044, s2:0.0.0.0:44761], old=null RUNNING
2019-09-24 16:14:22,822 INFO  segmented.SegmentedRaftLogWorker (SegmentedRaftLogWorker.java:execute(569)) - s4@group-D12239A78657-SegmentedRaftLogWorker: created new log segment /workdir/ratis-test/target/test/data/37179910/MiniRaftClusterWithGrpc4492653c/s4/3969ddee-b1b3-4458-9b5d-d12239a78657/current/log_inprogress_0
2019-09-24 16:14:22,822 INFO  segmented.SegmentedRaftLogWorker (SegmentedRaftLogWorker.java:execute(569)) - s3@group-D12239A78657-SegmentedRaftLogWorker: created new log segment /workdir/ratis-test/target/test/data/37179910/MiniRaftClusterWithGrpc4492653c/s3/3969ddee-b1b3-4458-9b5d-d12239a78657/current/log_inprogress_0
2019-09-24 16:14:22,822 INFO  segmented.SegmentedRaftLogWorker (SegmentedRaftLogWorker.java:execute(569)) - s2@group-D12239A78657-SegmentedRaftLogWorker: created new log segment /workdir/ratis-test/target/test/data/37179910/MiniRaftClusterWithGrpc4492653c/s2/3969ddee-b1b3-4458-9b5d-d12239a78657/current/log_inprogress_0
2019-09-24 16:14:22,822 INFO  segmented.SegmentedRaftLogWorker (SegmentedRaftLogWorker.java:execute(569)) - s0@group-D12239A78657-SegmentedRaftLogWorker: created new log segment /workdir/ratis-test/target/test/data/37179910/MiniRaftClusterWithGrpc4492653c/s0/3969ddee-b1b3-4458-9b5d-d12239a78657/current/log_inprogress_0
2019-09-24 16:14:22,822 INFO  segmented.SegmentedRaftLogWorker (SegmentedRaftLogWorker.java:execute(569)) - s1@group-D12239A78657-SegmentedRaftLogWorker: created new log segment /workdir/ratis-test/target/test/data/37179910/MiniRaftClusterWithGrpc4492653c/s1/3969ddee-b1b3-4458-9b5d-d12239a78657/current/log_inprogress_0
2019-09-24 16:14:22,910 DEBUG impl.RaftServerImpl (RaftServerImpl.java:logAppendEntries(850)) - s0@group-D12239A78657: succeeded to handle AppendEntries. Reply: s4<-s0#1:OK,SUCCESS,nextIndex:1,term:3,followerCommit:-1
2019-09-24 16:14:22,910 DEBUG impl.RaftServerImpl (RaftServerImpl.java:logAppendEntries(850)) - s1@group-D12239A78657: succeeded to handle AppendEntries. Reply: s4<-s1#1:OK,SUCCESS,nextIndex:1,term:3,followerCommit:-1
2019-09-24 16:14:22,911 DEBUG impl.RaftServerImpl (RaftServerImpl.java:logAppendEntries(850)) - s3@group-D12239A78657: succeeded to handle AppendEntries. Reply: s4<-s3#1:OK,SUCCESS,nextIndex:1,term:3,followerCommit:-1
2019-09-24 16:14:22,911 DEBUG impl.RaftServerImpl (RaftServerImpl.java:logAppendEntries(850)) - s2@group-D12239A78657: succeeded to handle AppendEntries. Reply: s4<-s2#1:OK,SUCCESS,nextIndex:1,term:3,followerCommit:-1
2019-09-24 16:14:23,546 INFO  grpc.TestRaftReconfigurationWithGrpc (RaftReconfigurationBaseTest.java:runTestRevertConfigurationChange(500)) - start blocking the leader
2019-09-24 16:14:23,550 INFO  util.CodeInjectionForTesting (BlockRequestHandlingInjection.java:blockRequestor(48)) - Block requestor s4
2019-09-24 16:14:23,554 WARN  grpc.TestRaftReconfigurationWithGrpc (JavaUtils.java:attempt(158)) - FAILED "confIndex", attempt #1/10: java.lang.Exception: ConfigurationEntry not found: last=0, sleep 500ms and then retry.
java.lang.Exception: ConfigurationEntry not found: last=0
	at org.apache.ratis.server.impl.RaftReconfigurationBaseTest.lambda$runTestRevertConfigurationChange$12(RaftReconfigurationBaseTest.java:531)
	at org.apache.ratis.util.JavaUtils.attempt(JavaUtils.java:152)
	at org.apache.ratis.server.impl.RaftReconfigurationBaseTest.runTestRevertConfigurationChange(RaftReconfigurationBaseTest.java:524)
	at org.apache.ratis.MiniRaftCluster$Factory$Get.runWithNewCluster(MiniRaftCluster.java:125)
	at org.apache.ratis.MiniRaftCluster$Factory$Get.runWithNewCluster(MiniRaftCluster.java:113)
	at org.apache.ratis.server.impl.RaftReconfigurationBaseTest.testRevertConfigurationChange(RaftReconfigurationBaseTest.java:482)
	at sun.reflect.NativeMethodAccessorImpl.invoke0(Native Method)
	at sun.reflect.NativeMethodAccessorImpl.invoke(NativeMethodAccessorImpl.java:62)
	at sun.reflect.DelegatingMethodAccessorImpl.invoke(DelegatingMethodAccessorImpl.java:43)
	at java.lang.reflect.Method.invoke(Method.java:498)
	at org.junit.runners.model.FrameworkMethod$1.runReflectiveCall(FrameworkMethod.java:50)
	at org.junit.internal.runners.model.ReflectiveCallable.run(ReflectiveCallable.java:12)
	at org.junit.runners.model.FrameworkMethod.invokeExplosively(FrameworkMethod.java:47)
	at org.junit.internal.runners.statements.InvokeMethod.evaluate(InvokeMethod.java:17)
	at org.junit.internal.runners.statements.RunAfters.evaluate(RunAfters.java:27)
	at org.junit.internal.runners.statements.FailOnTimeout$CallableStatement.call(FailOnTimeout.java:298)
	at org.junit.internal.runners.statements.FailOnTimeout$CallableStatement.call(FailOnTimeout.java:292)
	at java.util.concurrent.FutureTask.run(FutureTask.java:266)
	at java.lang.Thread.run(Thread.java:748)
2019-09-24 16:14:23,554 INFO  grpc.TestRaftReconfigurationWithGrpc (RaftReconfigurationBaseTest.java:lambda$runTestRevertConfigurationChange$11(509)) - client starts to change conf
2019-09-24 16:14:23,559 INFO  impl.RaftServerImpl (RaftServerImpl.java:setConfigurationAsync(658)) - s4@group-D12239A78657: receive setConfiguration SetConfigurationRequest:client-2ADE0E785DA3->s4@group-D12239A78657, cid=0, seq=0, RW, null, peers:[s4:0.0.0.0:42582, s0:0.0.0.0:44493, s1:0.0.0.0:40044, s2:0.0.0.0:44761]
2019-09-24 16:14:23,560 INFO  impl.RaftServerImpl (LeaderState.java:startSetConfiguration(287)) - s4@group-D12239A78657-LeaderState: startSetConfiguration SetConfigurationRequest:client-2ADE0E785DA3->s4@group-D12239A78657, cid=0, seq=0, RW, null, peers:[s4:0.0.0.0:42582, s0:0.0.0.0:44493, s1:0.0.0.0:40044, s2:0.0.0.0:44761]
2019-09-24 16:14:23,561 INFO  impl.RaftServerImpl (ServerState.java:setRaftConf(355)) - s4@group-D12239A78657: set configuration 1: [s4:0.0.0.0:42582, s0:0.0.0.0:44493, s1:0.0.0.0:40044, s2:0.0.0.0:44761], old=[s3:0.0.0.0:43186, s4:0.0.0.0:42582, s0:0.0.0.0:44493, s1:0.0.0.0:40044, s2:0.0.0.0:44761] at 1
2019-09-24 16:14:23,562 INFO  util.CodeInjectionForTesting (BlockRequestHandlingInjection.java:execute(76)) - s2: Block request from s4
2019-09-24 16:14:23,562 INFO  util.CodeInjectionForTesting (BlockRequestHandlingInjection.java:execute(76)) - s1: Block request from s4
2019-09-24 16:14:23,562 INFO  util.CodeInjectionForTesting (BlockRequestHandlingInjection.java:execute(76)) - s0: Block request from s4
2019-09-24 16:14:23,562 INFO  util.CodeInjectionForTesting (BlockRequestHandlingInjection.java:execute(76)) - s3: Block request from s4
2019-09-24 16:14:23,831 INFO  impl.FollowerState (FollowerState.java:run(108)) - s3@group-D12239A78657-FollowerState: change to CANDIDATE, lastRpcTime:301ms, electionTimeout:202ms
2019-09-24 16:14:23,831 INFO  impl.RoleInfo (RoleInfo.java:shutdownFollowerState(121)) - s3: shutdown FollowerState
2019-09-24 16:14:23,832 INFO  impl.RaftServerImpl (RaftServerImpl.java:setRole(170)) - s3@group-D12239A78657: changes role from  FOLLOWER to CANDIDATE at term 3 for changeToCandidate
2019-09-24 16:14:23,832 INFO  impl.RoleInfo (RoleInfo.java:updateAndGet(143)) - s3: start LeaderElection
2019-09-24 16:14:23,832 INFO  impl.RaftServerImpl (ServerState.java:setLeader(254)) - s3@group-D12239A78657: change Leader from s4 to null at term 3 for initElection
2019-09-24 16:14:23,839 INFO  impl.FollowerState (FollowerState.java:run(108)) - s0@group-D12239A78657-FollowerState: change to CANDIDATE, lastRpcTime:309ms, electionTimeout:276ms
2019-09-24 16:14:23,839 INFO  impl.RoleInfo (RoleInfo.java:shutdownFollowerState(121)) - s0: shutdown FollowerState
2019-09-24 16:14:23,839 INFO  impl.RaftServerImpl (RaftServerImpl.java:setRole(170)) - s0@group-D12239A78657: changes role from  FOLLOWER to CANDIDATE at term 3 for changeToCandidate
2019-09-24 16:14:23,840 INFO  impl.RoleInfo (RoleInfo.java:updateAndGet(143)) - s0: start LeaderElection
2019-09-24 16:14:23,840 INFO  impl.RaftServerImpl (ServerState.java:setLeader(254)) - s0@group-D12239A78657: change Leader from s4 to null at term 3 for initElection
2019-09-24 16:14:23,847 INFO  impl.LeaderElection (LeaderElection.java:askForVotes(178)) - s0@group-D12239A78657-LeaderElection25: begin an election at term 4 for 0: [s3:0.0.0.0:43186, s4:0.0.0.0:42582, s0:0.0.0.0:44493, s1:0.0.0.0:40044, s2:0.0.0.0:44761], old=null
2019-09-24 16:14:23,847 INFO  impl.LeaderElection (LeaderElection.java:askForVotes(178)) - s3@group-D12239A78657-LeaderElection24: begin an election at term 4 for 0: [s3:0.0.0.0:43186, s4:0.0.0.0:42582, s0:0.0.0.0:44493, s1:0.0.0.0:40044, s2:0.0.0.0:44761], old=null
2019-09-24 16:14:23,851 DEBUG impl.RaftServerImpl (RaftServerImpl.java:requestVote(743)) - s0@group-D12239A78657: receive requestVote(s3, group-D12239A78657, 4, (t:3, i:0))
2019-09-24 16:14:23,851 DEBUG impl.RaftServerImpl (RaftServerImpl.java:requestVote(743)) - s1@group-D12239A78657: receive requestVote(s3, group-D12239A78657, 4, (t:3, i:0))
2019-09-24 16:14:23,851 DEBUG impl.RaftServerImpl (RaftServerImpl.java:requestVote(775)) - s0@group-D12239A78657 replies to vote request: s3<-s0#0:FAIL-t4. Peer's state: s0@group-D12239A78657:t4, leader=null, voted=s0, raftlog=s0@group-D12239A78657-SegmentedRaftLog:OPENED:c0,f0,i0, conf=0: [s3:0.0.0.0:43186, s4:0.0.0.0:42582, s0:0.0.0.0:44493, s1:0.0.0.0:40044, s2:0.0.0.0:44761], old=null
2019-09-24 16:14:23,851 DEBUG impl.RaftServerImpl (RaftServerImpl.java:requestVote(743)) - s3@group-D12239A78657: receive requestVote(s0, group-D12239A78657, 4, (t:3, i:0))
2019-09-24 16:14:23,851 INFO  impl.RaftServerImpl (ServerState.java:setLeader(254)) - s1@group-D12239A78657: change Leader from s4 to null at term 4 for updateCurrentTerm
2019-09-24 16:14:23,852 DEBUG impl.RaftServerImpl (RaftServerImpl.java:requestVote(775)) - s3@group-D12239A78657 replies to vote request: s0<-s3#0:FAIL-t4. Peer's state: s3@group-D12239A78657:t4, leader=null, voted=s3, raftlog=s3@group-D12239A78657-SegmentedRaftLog:OPENED:c0,f0,i0, conf=0: [s3:0.0.0.0:43186, s4:0.0.0.0:42582, s0:0.0.0.0:44493, s1:0.0.0.0:40044, s2:0.0.0.0:44761], old=null
2019-09-24 16:14:23,852 DEBUG impl.RaftServerImpl (RaftServerImpl.java:requestVote(743)) - s2@group-D12239A78657: receive requestVote(s0, group-D12239A78657, 4, (t:3, i:0))
2019-09-24 16:14:23,852 DEBUG impl.RaftServerImpl (RaftServerImpl.java:requestVote(743)) - s2@group-D12239A78657: receive requestVote(s3, group-D12239A78657, 4, (t:3, i:0))
2019-09-24 16:14:23,852 INFO  impl.RaftServerImpl (RaftServerImpl.java:setRole(170)) - s1@group-D12239A78657: changes role from  FOLLOWER to FOLLOWER at term 4 for recognizeCandidate:s3
2019-09-24 16:14:23,853 INFO  impl.RoleInfo (RoleInfo.java:shutdownFollowerState(121)) - s1: shutdown FollowerState
2019-09-24 16:14:23,853 INFO  impl.RaftServerImpl (ServerState.java:setLeader(254)) - s2@group-D12239A78657: change Leader from s4 to null at term 4 for updateCurrentTerm
2019-09-24 16:14:23,853 INFO  util.CodeInjectionForTesting (BlockRequestHandlingInjection.java:execute(76)) - s4: Block request from s0
2019-09-24 16:14:23,854 INFO  util.CodeInjectionForTesting (BlockRequestHandlingInjection.java:execute(76)) - s4: Block request from s3
2019-09-24 16:14:23,854 INFO  impl.RaftServerImpl (RaftServerImpl.java:setRole(170)) - s2@group-D12239A78657: changes role from  FOLLOWER to FOLLOWER at term 4 for recognizeCandidate:s0
2019-09-24 16:14:23,854 INFO  impl.RoleInfo (RoleInfo.java:shutdownFollowerState(121)) - s2: shutdown FollowerState
2019-09-24 16:14:23,855 INFO  impl.RoleInfo (RoleInfo.java:updateAndGet(143)) - s2: start FollowerState
2019-09-24 16:14:23,853 INFO  impl.FollowerState (FollowerState.java:run(117)) - s1@group-D12239A78657-FollowerState was interrupted: java.lang.InterruptedException: sleep interrupted
2019-09-24 16:14:23,853 INFO  impl.RoleInfo (RoleInfo.java:updateAndGet(143)) - s1: start FollowerState
2019-09-24 16:14:23,853 DEBUG impl.RaftServerImpl (RaftServerImpl.java:requestVote(743)) - s1@group-D12239A78657: receive requestVote(s0, group-D12239A78657, 4, (t:3, i:0))
2019-09-24 16:14:23,855 INFO  impl.FollowerState (FollowerState.java:run(117)) - s2@group-D12239A78657-FollowerState was interrupted: java.lang.InterruptedException: sleep interrupted
2019-09-24 16:14:23,869 DEBUG impl.RaftServerImpl (RaftServerImpl.java:requestVote(775)) - s1@group-D12239A78657 replies to vote request: s3<-s1#0:OK-t4. Peer's state: s1@group-D12239A78657:t4, leader=null, voted=s3, raftlog=s1@group-D12239A78657-SegmentedRaftLog:OPENED:c0,f0,i0, conf=0: [s3:0.0.0.0:43186, s4:0.0.0.0:42582, s0:0.0.0.0:44493, s1:0.0.0.0:40044, s2:0.0.0.0:44761], old=null
2019-09-24 16:14:23,869 DEBUG impl.RaftServerImpl (RaftServerImpl.java:requestVote(775)) - s2@group-D12239A78657 replies to vote request: s0<-s2#0:OK-t4. Peer's state: s2@group-D12239A78657:t4, leader=null, voted=s0, raftlog=s2@group-D12239A78657-SegmentedRaftLog:OPENED:c0,f0,i0, conf=0: [s3:0.0.0.0:43186, s4:0.0.0.0:42582, s0:0.0.0.0:44493, s1:0.0.0.0:40044, s2:0.0.0.0:44761], old=null
2019-09-24 16:14:23,869 DEBUG impl.RaftServerImpl (RaftServerImpl.java:requestVote(775)) - s1@group-D12239A78657 replies to vote request: s0<-s1#0:FAIL-t4. Peer's state: s1@group-D12239A78657:t4, leader=null, voted=s3, raftlog=s1@group-D12239A78657-SegmentedRaftLog:OPENED:c0,f0,i0, conf=0: [s3:0.0.0.0:43186, s4:0.0.0.0:42582, s0:0.0.0.0:44493, s1:0.0.0.0:40044, s2:0.0.0.0:44761], old=null
2019-09-24 16:14:23,870 DEBUG impl.RaftServerImpl (RaftServerImpl.java:requestVote(775)) - s2@group-D12239A78657 replies to vote request: s3<-s2#0:FAIL-t4. Peer's state: s2@group-D12239A78657:t4, leader=null, voted=s0, raftlog=s2@group-D12239A78657-SegmentedRaftLog:OPENED:c0,f0,i0, conf=0: [s3:0.0.0.0:43186, s4:0.0.0.0:42582, s0:0.0.0.0:44493, s1:0.0.0.0:40044, s2:0.0.0.0:44761], old=null
2019-09-24 16:14:24,025 INFO  impl.FollowerState (FollowerState.java:run(108)) - s1@group-D12239A78657-FollowerState: change to CANDIDATE, lastRpcTime:171ms, electionTimeout:169ms
2019-09-24 16:14:24,025 INFO  impl.RoleInfo (RoleInfo.java:shutdownFollowerState(121)) - s1: shutdown FollowerState
2019-09-24 16:14:24,025 INFO  impl.RaftServerImpl (RaftServerImpl.java:setRole(170)) - s1@group-D12239A78657: changes role from  FOLLOWER to CANDIDATE at term 4 for changeToCandidate
2019-09-24 16:14:24,026 INFO  impl.RoleInfo (RoleInfo.java:updateAndGet(143)) - s1: start LeaderElection
2019-09-24 16:14:24,040 INFO  impl.LeaderElection (LeaderElection.java:askForVotes(178)) - s1@group-D12239A78657-LeaderElection26: begin an election at term 5 for 0: [s3:0.0.0.0:43186, s4:0.0.0.0:42582, s0:0.0.0.0:44493, s1:0.0.0.0:40044, s2:0.0.0.0:44761], old=null
2019-09-24 16:14:24,043 INFO  util.CodeInjectionForTesting (BlockRequestHandlingInjection.java:execute(76)) - s4: Block request from s1
2019-09-24 16:14:24,043 DEBUG impl.RaftServerImpl (RaftServerImpl.java:requestVote(743)) - s2@group-D12239A78657: receive requestVote(s1, group-D12239A78657, 5, (t:3, i:0))
2019-09-24 16:14:24,044 DEBUG impl.RaftServerImpl (RaftServerImpl.java:requestVote(743)) - s3@group-D12239A78657: receive requestVote(s1, group-D12239A78657, 5, (t:3, i:0))
2019-09-24 16:14:24,043 DEBUG impl.RaftServerImpl (RaftServerImpl.java:requestVote(743)) - s0@group-D12239A78657: receive requestVote(s1, group-D12239A78657, 5, (t:3, i:0))
2019-09-24 16:14:24,044 INFO  impl.RaftServerImpl (RaftServerImpl.java:setRole(170)) - s3@group-D12239A78657: changes role from CANDIDATE to FOLLOWER at term 5 for recognizeCandidate:s1
2019-09-24 16:14:24,044 INFO  impl.RaftServerImpl (RaftServerImpl.java:setRole(170)) - s2@group-D12239A78657: changes role from  FOLLOWER to FOLLOWER at term 5 for recognizeCandidate:s1
2019-09-24 16:14:24,044 INFO  impl.RoleInfo (RoleInfo.java:shutdownLeaderElection(134)) - s3: shutdown LeaderElection
2019-09-24 16:14:24,044 INFO  impl.RaftServerImpl (RaftServerImpl.java:setRole(170)) - s0@group-D12239A78657: changes role from CANDIDATE to FOLLOWER at term 5 for recognizeCandidate:s1
2019-09-24 16:14:24,045 INFO  impl.RoleInfo (RoleInfo.java:updateAndGet(143)) - s3: start FollowerState
2019-09-24 16:14:24,044 INFO  impl.RoleInfo (RoleInfo.java:shutdownFollowerState(121)) - s2: shutdown FollowerState
2019-09-24 16:14:24,045 INFO  impl.RoleInfo (RoleInfo.java:shutdownLeaderElection(134)) - s0: shutdown LeaderElection
2019-09-24 16:14:24,045 INFO  impl.FollowerState (FollowerState.java:run(117)) - s2@group-D12239A78657-FollowerState was interrupted: java.lang.InterruptedException: sleep interrupted
2019-09-24 16:14:24,045 INFO  impl.RoleInfo (RoleInfo.java:updateAndGet(143)) - s2: start FollowerState
2019-09-24 16:14:24,046 INFO  impl.RoleInfo (RoleInfo.java:updateAndGet(143)) - s0: start FollowerState
2019-09-24 16:14:24,057 WARN  grpc.TestRaftReconfigurationWithGrpc (JavaUtils.java:attempt(188)) - FAILED FLUSH attempt #1/10: sleep 500ms and then retry.
2019-09-24 16:14:24,060 INFO  impl.LeaderElection (LeaderElection.java:logAndReturn(56)) - s3@group-D12239A78657-LeaderElection24: Election REJECTED; received 3 response(s) [s3<-s0#0:FAIL-t4, s3<-s1#0:OK-t4, s3<-s2#0:FAIL-t4] and 0 exception(s); s3@group-D12239A78657:t5, leader=null, voted=null, raftlog=s3@group-D12239A78657-SegmentedRaftLog:OPENED:c0,f0,i0, conf=0: [s3:0.0.0.0:43186, s4:0.0.0.0:42582, s0:0.0.0.0:44493, s1:0.0.0.0:40044, s2:0.0.0.0:44761], old=null
2019-09-24 16:14:24,090 INFO  impl.LeaderElection (LeaderElection.java:logAndReturn(56)) - s0@group-D12239A78657-LeaderElection25: Election REJECTED; received 3 response(s) [s0<-s3#0:FAIL-t4, s0<-s1#0:FAIL-t4, s0<-s2#0:OK-t4] and 0 exception(s); s0@group-D12239A78657:t5, leader=null, voted=null, raftlog=s0@group-D12239A78657-SegmentedRaftLog:OPENED:c0,f0,i0, conf=0: [s3:0.0.0.0:43186, s4:0.0.0.0:42582, s0:0.0.0.0:44493, s1:0.0.0.0:40044, s2:0.0.0.0:44761], old=null
2019-09-24 16:14:24,305 INFO  impl.LeaderElection (LeaderElection.java:logAndReturn(56)) - s1@group-D12239A78657-LeaderElection26: Election TIMEOUT; received 0 response(s) [] and 0 exception(s); s1@group-D12239A78657:t5, leader=null, voted=s1, raftlog=s1@group-D12239A78657-SegmentedRaftLog:OPENED:c0,f0,i0, conf=0: [s3:0.0.0.0:43186, s4:0.0.0.0:42582, s0:0.0.0.0:44493, s1:0.0.0.0:40044, s2:0.0.0.0:44761], old=null
2019-09-24 16:14:24,557 WARN  grpc.TestRaftReconfigurationWithGrpc (JavaUtils.java:attempt(188)) - FAILED FLUSH attempt #2/10: sleep 500ms and then retry.
2019-09-24 16:14:25,058 WARN  grpc.TestRaftReconfigurationWithGrpc (JavaUtils.java:attempt(188)) - FAILED FLUSH attempt #3/10: sleep 500ms and then retry.
2019-09-24 16:14:25,558 WARN  grpc.TestRaftReconfigurationWithGrpc (JavaUtils.java:attempt(188)) - FAILED FLUSH attempt #4/10: sleep 500ms and then retry.
2019-09-24 16:14:26,059 WARN  grpc.TestRaftReconfigurationWithGrpc (JavaUtils.java:attempt(188)) - FAILED FLUSH attempt #5/10: sleep 500ms and then retry.
2019-09-24 16:14:26,557 WARN  grpc.TestRaftReconfigurationWithGrpc (RaftReconfigurationBaseTest.java:lambda$runTestRevertConfigurationChange$11(517)) - Got unexpected exception when client1 changes conf
org.apache.ratis.protocol.TimeoutIOException: deadline exceeded after 2999786066ns
	at org.apache.ratis.grpc.GrpcUtil.tryUnwrapException(GrpcUtil.java:82)
	at org.apache.ratis.grpc.GrpcUtil.unwrapException(GrpcUtil.java:75)
	at org.apache.ratis.grpc.client.GrpcClientProtocolClient.blockingCall(GrpcClientProtocolClient.java:184)
	at org.apache.ratis.grpc.client.GrpcClientProtocolClient.setConfiguration(GrpcClientProtocolClient.java:173)
	at org.apache.ratis.grpc.client.GrpcClientRpc.sendRequest(GrpcClientRpc.java:98)
	at org.apache.ratis.server.impl.RaftReconfigurationBaseTest.lambda$runTestRevertConfigurationChange$11(RaftReconfigurationBaseTest.java:511)
	at java.lang.Thread.run(Thread.java:748)
Caused by: org.apache.ratis.thirdparty.io.grpc.StatusRuntimeException: DEADLINE_EXCEEDED: deadline exceeded after 2999786066ns
	at org.apache.ratis.thirdparty.io.grpc.stub.ClientCalls.toStatusRuntimeException(ClientCalls.java:233)
	at org.apache.ratis.thirdparty.io.grpc.stub.ClientCalls.getUnchecked(ClientCalls.java:214)
	at org.apache.ratis.thirdparty.io.grpc.stub.ClientCalls.blockingUnaryCall(ClientCalls.java:139)
	at org.apache.ratis.proto.grpc.RaftClientProtocolServiceGrpc$RaftClientProtocolServiceBlockingStub.setConfiguration(RaftClientProtocolServiceGrpc.java:286)
	at org.apache.ratis.grpc.client.GrpcClientProtocolClient.lambda$setConfiguration$4(GrpcClientProtocolClient.java:175)
	at org.apache.ratis.grpc.client.GrpcClientProtocolClient.blockingCall(GrpcClientProtocolClient.java:182)
	... 4 more
2019-09-24 16:14:26,559 WARN  grpc.TestRaftReconfigurationWithGrpc (JavaUtils.java:attempt(188)) - FAILED FLUSH attempt #6/10: sleep 500ms and then retry.
2019-09-24 16:14:26,561 WARN  server.GrpcLogAppender (GrpcLogAppender.java:timeoutAppendRequest(200)) - s4@group-D12239A78657->s0-GrpcLogAppender: appendEntries Timeout, request=s4->s0#15-t3, previous=(t:3, i:0), leaderCommit=0, initializing? false, entries: size=1, first=(t:3, i:1), CONFIGURATIONENTRY
2019-09-24 16:14:26,562 WARN  server.GrpcLogAppender (GrpcLogAppender.java:timeoutAppendRequest(200)) - s4@group-D12239A78657->s1-GrpcLogAppender: appendEntries Timeout, request=s4->s1#15-t3, previous=(t:3, i:0), leaderCommit=0, initializing? false, entries: size=1, first=(t:3, i:1), CONFIGURATIONENTRY
2019-09-24 16:14:26,561 WARN  server.GrpcLogAppender (GrpcLogAppender.java:timeoutAppendRequest(200)) - s4@group-D12239A78657->s2-GrpcLogAppender: appendEntries Timeout, request=s4->s2#15-t3, previous=(t:3, i:0), leaderCommit=0, initializing? false, entries: size=1, first=(t:3, i:1), CONFIGURATIONENTRY
2019-09-24 16:14:26,561 WARN  server.GrpcLogAppender (GrpcLogAppender.java:timeoutAppendRequest(200)) - s4@group-D12239A78657->s3-GrpcLogAppender: appendEntries Timeout, request=s4->s3#15-t3, previous=(t:3, i:0), leaderCommit=0, initializing? false, entries: size=1, first=(t:3, i:1), CONFIGURATIONENTRY
2019-09-24 16:14:26,637 WARN  server.GrpcLogAppender (GrpcLogAppender.java:timeoutAppendRequest(200)) - s4@group-D12239A78657->s3-GrpcLogAppender: appendEntries Timeout, request=s4->s3#16-t3, previous=(t:3, i:1), leaderCommit=0, initializing? false, entries: <empty>
2019-09-24 16:14:26,637 WARN  server.GrpcLogAppender (GrpcLogAppender.java:timeoutAppendRequest(200)) - s4@group-D12239A78657->s2-GrpcLogAppender: appendEntries Timeout, request=s4->s2#16-t3, previous=(t:3, i:1), leaderCommit=0, initializing? false, entries: <empty>
2019-09-24 16:14:26,637 WARN  server.GrpcLogAppender (GrpcLogAppender.java:timeoutAppendRequest(200)) - s4@group-D12239A78657->s1-GrpcLogAppender: appendEntries Timeout, request=s4->s1#16-t3, previous=(t:3, i:1), leaderCommit=0, initializing? false, entries: <empty>
2019-09-24 16:14:26,637 WARN  server.GrpcLogAppender (GrpcLogAppender.java:timeoutAppendRequest(200)) - s4@group-D12239A78657->s0-GrpcLogAppender: appendEntries Timeout, request=s4->s0#16-t3, previous=(t:3, i:1), leaderCommit=0, initializing? false, entries: <empty>
2019-09-24 16:14:26,712 WARN  server.GrpcLogAppender (GrpcLogAppender.java:timeoutAppendRequest(200)) - s4@group-D12239A78657->s2-GrpcLogAppender: appendEntries Timeout, request=s4->s2#17-t3, previous=(t:3, i:1), leaderCommit=0, initializing? false, entries: <empty>
2019-09-24 16:14:26,712 WARN  server.GrpcLogAppender (GrpcLogAppender.java:timeoutAppendRequest(200)) - s4@group-D12239A78657->s0-GrpcLogAppender: appendEntries Timeout, request=s4->s0#17-t3, previous=(t:3, i:1), leaderCommit=0, initializing? false, entries: <empty>
2019-09-24 16:14:26,712 WARN  server.GrpcLogAppender (GrpcLogAppender.java:timeoutAppendRequest(200)) - s4@group-D12239A78657->s3-GrpcLogAppender: appendEntries Timeout, request=s4->s3#17-t3, previous=(t:3, i:1), leaderCommit=0, initializing? false, entries: <empty>
2019-09-24 16:14:26,712 WARN  server.GrpcLogAppender (GrpcLogAppender.java:timeoutAppendRequest(200)) - s4@group-D12239A78657->s1-GrpcLogAppender: appendEntries Timeout, request=s4->s1#17-t3, previous=(t:3, i:1), leaderCommit=0, initializing? false, entries: <empty>
2019-09-24 16:14:26,787 WARN  server.GrpcLogAppender (GrpcLogAppender.java:timeoutAppendRequest(200)) - s4@group-D12239A78657->s2-GrpcLogAppender: appendEntries Timeout, request=s4->s2#18-t3, previous=(t:3, i:1), leaderCommit=0, initializing? false, entries: <empty>
2019-09-24 16:14:26,787 WARN  server.GrpcLogAppender (GrpcLogAppender.java:timeoutAppendRequest(200)) - s4@group-D12239A78657->s3-GrpcLogAppender: appendEntries Timeout, request=s4->s3#18-t3, previous=(t:3, i:1), leaderCommit=0, initializing? false, entries: <empty>
2019-09-24 16:14:26,787 WARN  server.GrpcLogAppender (GrpcLogAppender.java:timeoutAppendRequest(200)) - s4@group-D12239A78657->s0-GrpcLogAppender: appendEntries Timeout, request=s4->s0#18-t3, previous=(t:3, i:1), leaderCommit=0, initializing? false, entries: <empty>
2019-09-24 16:14:26,787 WARN  server.GrpcLogAppender (GrpcLogAppender.java:timeoutAppendRequest(200)) - s4@group-D12239A78657->s1-GrpcLogAppender: appendEntries Timeout, request=s4->s1#18-t3, previous=(t:3, i:1), leaderCommit=0, initializing? false, entries: <empty>
2019-09-24 16:14:26,862 WARN  server.GrpcLogAppender (GrpcLogAppender.java:timeoutAppendRequest(200)) - s4@group-D12239A78657->s2-GrpcLogAppender: appendEntries Timeout, request=s4->s2#19-t3, previous=(t:3, i:1), leaderCommit=0, initializing? false, entries: <empty>
2019-09-24 16:14:26,862 WARN  server.GrpcLogAppender (GrpcLogAppender.java:timeoutAppendRequest(200)) - s4@group-D12239A78657->s3-GrpcLogAppender: appendEntries Timeout, request=s4->s3#19-t3, previous=(t:3, i:1), leaderCommit=0, initializing? false, entries: <empty>
2019-09-24 16:14:26,863 WARN  server.GrpcLogAppender (GrpcLogAppender.java:timeoutAppendRequest(200)) - s4@group-D12239A78657->s1-GrpcLogAppender: appendEntries Timeout, request=s4->s1#19-t3, previous=(t:3, i:1), leaderCommit=0, initializing? false, entries: <empty>
2019-09-24 16:14:26,862 WARN  server.GrpcLogAppender (GrpcLogAppender.java:timeoutAppendRequest(200)) - s4@group-D12239A78657->s0-GrpcLogAppender: appendEntries Timeout, request=s4->s0#19-t3, previous=(t:3, i:1), leaderCommit=0, initializing? false, entries: <empty>
2019-09-24 16:14:26,938 WARN  server.GrpcLogAppender (GrpcLogAppender.java:timeoutAppendRequest(200)) - s4@group-D12239A78657->s2-GrpcLogAppender: appendEntries Timeout, request=s4->s2#20-t3, previous=(t:3, i:1), leaderCommit=0, initializing? false, entries: <empty>
2019-09-24 16:14:26,938 WARN  server.GrpcLogAppender (GrpcLogAppender.java:timeoutAppendRequest(200)) - s4@group-D12239A78657->s1-GrpcLogAppender: appendEntries Timeout, request=s4->s1#20-t3, previous=(t:3, i:1), leaderCommit=0, initializing? false, entries: <empty>
2019-09-24 16:14:26,938 WARN  server.GrpcLogAppender (GrpcLogAppender.java:timeoutAppendRequest(200)) - s4@group-D12239A78657->s0-GrpcLogAppender: appendEntries Timeout, request=s4->s0#20-t3, previous=(t:3, i:1), leaderCommit=0, initializing? false, entries: <empty>
2019-09-24 16:14:26,938 WARN  server.GrpcLogAppender (GrpcLogAppender.java:timeoutAppendRequest(200)) - s4@group-D12239A78657->s3-GrpcLogAppender: appendEntries Timeout, request=s4->s3#20-t3, previous=(t:3, i:1), leaderCommit=0, initializing? false, entries: <empty>
2019-09-24 16:14:27,013 WARN  server.GrpcLogAppender (GrpcLogAppender.java:timeoutAppendRequest(200)) - s4@group-D12239A78657->s3-GrpcLogAppender: appendEntries Timeout, request=s4->s3#21-t3, previous=(t:3, i:1), leaderCommit=0, initializing? false, entries: <empty>
2019-09-24 16:14:27,013 WARN  server.GrpcLogAppender (GrpcLogAppender.java:timeoutAppendRequest(200)) - s4@group-D12239A78657->s1-GrpcLogAppender: appendEntries Timeout, request=s4->s1#21-t3, previous=(t:3, i:1), leaderCommit=0, initializing? false, entries: <empty>
2019-09-24 16:14:27,013 WARN  server.GrpcLogAppender (GrpcLogAppender.java:timeoutAppendRequest(200)) - s4@group-D12239A78657->s0-GrpcLogAppender: appendEntries Timeout, request=s4->s0#21-t3, previous=(t:3, i:1), leaderCommit=0, initializing? false, entries: <empty>
2019-09-24 16:14:27,013 WARN  server.GrpcLogAppender (GrpcLogAppender.java:timeoutAppendRequest(200)) - s4@group-D12239A78657->s2-GrpcLogAppender: appendEntries Timeout, request=s4->s2#21-t3, previous=(t:3, i:1), leaderCommit=0, initializing? false, entries: <empty>
2019-09-24 16:14:27,060 WARN  grpc.TestRaftReconfigurationWithGrpc (JavaUtils.java:attempt(188)) - FAILED FLUSH attempt #7/10: sleep 500ms and then retry.
2019-09-24 16:14:27,088 WARN  server.GrpcLogAppender (GrpcLogAppender.java:timeoutAppendRequest(200)) - s4@group-D12239A78657->s2-GrpcLogAppender: appendEntries Timeout, request=s4->s2#22-t3, previous=(t:3, i:1), leaderCommit=0, initializing? false, entries: <empty>
2019-09-24 16:14:27,088 WARN  server.GrpcLogAppender (GrpcLogAppender.java:timeoutAppendRequest(200)) - s4@group-D12239A78657->s1-GrpcLogAppender: appendEntries Timeout, request=s4->s1#22-t3, previous=(t:3, i:1), leaderCommit=0, initializing? false, entries: <empty>
2019-09-24 16:14:27,088 WARN  server.GrpcLogAppender (GrpcLogAppender.java:timeoutAppendRequest(200)) - s4@group-D12239A78657->s3-GrpcLogAppender: appendEntries Timeout, request=s4->s3#22-t3, previous=(t:3, i:1), leaderCommit=0, initializing? false, entries: <empty>
2019-09-24 16:14:27,088 WARN  server.GrpcLogAppender (GrpcLogAppender.java:timeoutAppendRequest(200)) - s4@group-D12239A78657->s0-GrpcLogAppender: appendEntries Timeout, request=s4->s0#22-t3, previous=(t:3, i:1), leaderCommit=0, initializing? false, entries: <empty>
2019-09-24 16:14:27,164 WARN  server.GrpcLogAppender (GrpcLogAppender.java:timeoutAppendRequest(200)) - s4@group-D12239A78657->s3-GrpcLogAppender: appendEntries Timeout, request=s4->s3#23-t3, previous=(t:3, i:1), leaderCommit=0, initializing? false, entries: <empty>
2019-09-24 16:14:27,164 WARN  server.GrpcLogAppender (GrpcLogAppender.java:timeoutAppendRequest(200)) - s4@group-D12239A78657->s0-GrpcLogAppender: appendEntries Timeout, request=s4->s0#23-t3, previous=(t:3, i:1), leaderCommit=0, initializing? false, entries: <empty>
2019-09-24 16:14:27,164 WARN  server.GrpcLogAppender (GrpcLogAppender.java:timeoutAppendRequest(200)) - s4@group-D12239A78657->s1-GrpcLogAppender: appendEntries Timeout, request=s4->s1#23-t3, previous=(t:3, i:1), leaderCommit=0, initializing? false, entries: <empty>
2019-09-24 16:14:27,164 WARN  server.GrpcLogAppender (GrpcLogAppender.java:timeoutAppendRequest(200)) - s4@group-D12239A78657->s2-GrpcLogAppender: appendEntries Timeout, request=s4->s2#23-t3, previous=(t:3, i:1), leaderCommit=0, initializing? false, entries: <empty>
2019-09-24 16:14:27,239 WARN  server.GrpcLogAppender (GrpcLogAppender.java:timeoutAppendRequest(200)) - s4@group-D12239A78657->s3-GrpcLogAppender: appendEntries Timeout, request=s4->s3#24-t3, previous=(t:3, i:1), leaderCommit=0, initializing? false, entries: <empty>
2019-09-24 16:14:27,239 WARN  server.GrpcLogAppender (GrpcLogAppender.java:timeoutAppendRequest(200)) - s4@group-D12239A78657->s1-GrpcLogAppender: appendEntries Timeout, request=s4->s1#24-t3, previous=(t:3, i:1), leaderCommit=0, initializing? false, entries: <empty>
2019-09-24 16:14:27,239 WARN  server.GrpcLogAppender (GrpcLogAppender.java:timeoutAppendRequest(200)) - s4@group-D12239A78657->s2-GrpcLogAppender: appendEntries Timeout, request=s4->s2#24-t3, previous=(t:3, i:1), leaderCommit=0, initializing? false, entries: <empty>
2019-09-24 16:14:27,239 WARN  server.GrpcLogAppender (GrpcLogAppender.java:timeoutAppendRequest(200)) - s4@group-D12239A78657->s0-GrpcLogAppender: appendEntries Timeout, request=s4->s0#24-t3, previous=(t:3, i:1), leaderCommit=0, initializing? false, entries: <empty>
2019-09-24 16:14:27,314 WARN  server.GrpcLogAppender (GrpcLogAppender.java:timeoutAppendRequest(200)) - s4@group-D12239A78657->s3-GrpcLogAppender: appendEntries Timeout, request=s4->s3#25-t3, previous=(t:3, i:1), leaderCommit=0, initializing? false, entries: <empty>
2019-09-24 16:14:27,314 WARN  server.GrpcLogAppender (GrpcLogAppender.java:timeoutAppendRequest(200)) - s4@group-D12239A78657->s1-GrpcLogAppender: appendEntries Timeout, request=s4->s1#25-t3, previous=(t:3, i:1), leaderCommit=0, initializing? false, entries: <empty>
2019-09-24 16:14:27,314 WARN  server.GrpcLogAppender (GrpcLogAppender.java:timeoutAppendRequest(200)) - s4@group-D12239A78657->s2-GrpcLogAppender: appendEntries Timeout, request=s4->s2#25-t3, previous=(t:3, i:1), leaderCommit=0, initializing? false, entries: <empty>
2019-09-24 16:14:27,314 WARN  server.GrpcLogAppender (GrpcLogAppender.java:timeoutAppendRequest(200)) - s4@group-D12239A78657->s0-GrpcLogAppender: appendEntries Timeout, request=s4->s0#25-t3, previous=(t:3, i:1), leaderCommit=0, initializing? false, entries: <empty>
2019-09-24 16:14:27,389 WARN  server.GrpcLogAppender (GrpcLogAppender.java:timeoutAppendRequest(200)) - s4@group-D12239A78657->s3-GrpcLogAppender: appendEntries Timeout, request=s4->s3#26-t3, previous=(t:3, i:1), leaderCommit=0, initializing? false, entries: <empty>
2019-09-24 16:14:27,389 WARN  server.GrpcLogAppender (GrpcLogAppender.java:timeoutAppendRequest(200)) - s4@group-D12239A78657->s1-GrpcLogAppender: appendEntries Timeout, request=s4->s1#26-t3, previous=(t:3, i:1), leaderCommit=0, initializing? false, entries: <empty>
2019-09-24 16:14:27,389 WARN  server.GrpcLogAppender (GrpcLogAppender.java:timeoutAppendRequest(200)) - s4@group-D12239A78657->s0-GrpcLogAppender: appendEntries Timeout, request=s4->s0#26-t3, previous=(t:3, i:1), leaderCommit=0, initializing? false, entries: <empty>
2019-09-24 16:14:27,389 WARN  server.GrpcLogAppender (GrpcLogAppender.java:timeoutAppendRequest(200)) - s4@group-D12239A78657->s2-GrpcLogAppender: appendEntries Timeout, request=s4->s2#26-t3, previous=(t:3, i:1), leaderCommit=0, initializing? false, entries: <empty>
2019-09-24 16:14:27,465 WARN  server.GrpcLogAppender (GrpcLogAppender.java:timeoutAppendRequest(200)) - s4@group-D12239A78657->s3-GrpcLogAppender: appendEntries Timeout, request=s4->s3#27-t3, previous=(t:3, i:1), leaderCommit=0, initializing? false, entries: <empty>
2019-09-24 16:14:27,465 WARN  server.GrpcLogAppender (GrpcLogAppender.java:timeoutAppendRequest(200)) - s4@group-D12239A78657->s2-GrpcLogAppender: appendEntries Timeout, request=s4->s2#27-t3, previous=(t:3, i:1), leaderCommit=0, initializing? false, entries: <empty>
2019-09-24 16:14:27,465 WARN  server.GrpcLogAppender (GrpcLogAppender.java:timeoutAppendRequest(200)) - s4@group-D12239A78657->s1-GrpcLogAppender: appendEntries Timeout, request=s4->s1#27-t3, previous=(t:3, i:1), leaderCommit=0, initializing? false, entries: <empty>
2019-09-24 16:14:27,465 WARN  server.GrpcLogAppender (GrpcLogAppender.java:timeoutAppendRequest(200)) - s4@group-D12239A78657->s0-GrpcLogAppender: appendEntries Timeout, request=s4->s0#27-t3, previous=(t:3, i:1), leaderCommit=0, initializing? false, entries: <empty>
2019-09-24 16:14:27,540 WARN  server.GrpcLogAppender (GrpcLogAppender.java:timeoutAppendRequest(200)) - s4@group-D12239A78657->s3-GrpcLogAppender: appendEntries Timeout, request=s4->s3#28-t3, previous=(t:3, i:1), leaderCommit=0, initializing? false, entries: <empty>
2019-09-24 16:14:27,540 WARN  server.GrpcLogAppender (GrpcLogAppender.java:timeoutAppendRequest(200)) - s4@group-D12239A78657->s2-GrpcLogAppender: appendEntries Timeout, request=s4->s2#28-t3, previous=(t:3, i:1), leaderCommit=0, initializing? false, entries: <empty>
2019-09-24 16:14:27,540 WARN  server.GrpcLogAppender (GrpcLogAppender.java:timeoutAppendRequest(200)) - s4@group-D12239A78657->s1-GrpcLogAppender: appendEntries Timeout, request=s4->s1#28-t3, previous=(t:3, i:1), leaderCommit=0, initializing? false, entries: <empty>
2019-09-24 16:14:27,540 WARN  server.GrpcLogAppender (GrpcLogAppender.java:timeoutAppendRequest(200)) - s4@group-D12239A78657->s0-GrpcLogAppender: appendEntries Timeout, request=s4->s0#28-t3, previous=(t:3, i:1), leaderCommit=0, initializing? false, entries: <empty>
2019-09-24 16:14:27,560 WARN  grpc.TestRaftReconfigurationWithGrpc (JavaUtils.java:attempt(188)) - FAILED FLUSH attempt #8/10: sleep 500ms and then retry.
2019-09-24 16:14:27,615 WARN  server.GrpcLogAppender (GrpcLogAppender.java:timeoutAppendRequest(200)) - s4@group-D12239A78657->s3-GrpcLogAppender: appendEntries Timeout, request=s4->s3#29-t3, previous=(t:3, i:1), leaderCommit=0, initializing? false, entries: <empty>
2019-09-24 16:14:27,615 WARN  server.GrpcLogAppender (GrpcLogAppender.java:timeoutAppendRequest(200)) - s4@group-D12239A78657->s2-GrpcLogAppender: appendEntries Timeout, request=s4->s2#29-t3, previous=(t:3, i:1), leaderCommit=0, initializing? false, entries: <empty>
2019-09-24 16:14:27,615 WARN  server.GrpcLogAppender (GrpcLogAppender.java:timeoutAppendRequest(200)) - s4@group-D12239A78657->s1-GrpcLogAppender: appendEntries Timeout, request=s4->s1#29-t3, previous=(t:3, i:1), leaderCommit=0, initializing? false, entries: <empty>
2019-09-24 16:14:27,615 WARN  server.GrpcLogAppender (GrpcLogAppender.java:timeoutAppendRequest(200)) - s4@group-D12239A78657->s0-GrpcLogAppender: appendEntries Timeout, request=s4->s0#29-t3, previous=(t:3, i:1), leaderCommit=0, initializing? false, entries: <empty>
2019-09-24 16:14:27,690 WARN  server.GrpcLogAppender (GrpcLogAppender.java:timeoutAppendRequest(200)) - s4@group-D12239A78657->s3-GrpcLogAppender: appendEntries Timeout, request=s4->s3#30-t3, previous=(t:3, i:1), leaderCommit=0, initializing? false, entries: <empty>
2019-09-24 16:14:27,690 WARN  server.GrpcLogAppender (GrpcLogAppender.java:timeoutAppendRequest(200)) - s4@group-D12239A78657->s2-GrpcLogAppender: appendEntries Timeout, request=s4->s2#30-t3, previous=(t:3, i:1), leaderCommit=0, initializing? false, entries: <empty>
2019-09-24 16:14:27,690 WARN  server.GrpcLogAppender (GrpcLogAppender.java:timeoutAppendRequest(200)) - s4@group-D12239A78657->s1-GrpcLogAppender: appendEntries Timeout, request=s4->s1#30-t3, previous=(t:3, i:1), leaderCommit=0, initializing? false, entries: <empty>
2019-09-24 16:14:27,690 WARN  server.GrpcLogAppender (GrpcLogAppender.java:timeoutAppendRequest(200)) - s4@group-D12239A78657->s0-GrpcLogAppender: appendEntries Timeout, request=s4->s0#30-t3, previous=(t:3, i:1), leaderCommit=0, initializing? false, entries: <empty>
2019-09-24 16:14:27,766 WARN  server.GrpcLogAppender (GrpcLogAppender.java:timeoutAppendRequest(200)) - s4@group-D12239A78657->s3-GrpcLogAppender: appendEntries Timeout, request=s4->s3#31-t3, previous=(t:3, i:1), leaderCommit=0, initializing? false, entries: <empty>
2019-09-24 16:14:27,766 WARN  server.GrpcLogAppender (GrpcLogAppender.java:timeoutAppendRequest(200)) - s4@group-D12239A78657->s1-GrpcLogAppender: appendEntries Timeout, request=s4->s1#31-t3, previous=(t:3, i:1), leaderCommit=0, initializing? false, entries: <empty>
2019-09-24 16:14:27,766 WARN  server.GrpcLogAppender (GrpcLogAppender.java:timeoutAppendRequest(200)) - s4@group-D12239A78657->s2-GrpcLogAppender: appendEntries Timeout, request=s4->s2#31-t3, previous=(t:3, i:1), leaderCommit=0, initializing? false, entries: <empty>
2019-09-24 16:14:27,766 WARN  server.GrpcLogAppender (GrpcLogAppender.java:timeoutAppendRequest(200)) - s4@group-D12239A78657->s0-GrpcLogAppender: appendEntries Timeout, request=s4->s0#31-t3, previous=(t:3, i:1), leaderCommit=0, initializing? false, entries: <empty>
2019-09-24 16:14:27,841 WARN  server.GrpcLogAppender (GrpcLogAppender.java:timeoutAppendRequest(200)) - s4@group-D12239A78657->s0-GrpcLogAppender: appendEntries Timeout, request=s4->s0#32-t3, previous=(t:3, i:1), leaderCommit=0, initializing? false, entries: <empty>
2019-09-24 16:14:27,841 WARN  server.GrpcLogAppender (GrpcLogAppender.java:timeoutAppendRequest(200)) - s4@group-D12239A78657->s1-GrpcLogAppender: appendEntries Timeout, request=s4->s1#32-t3, previous=(t:3, i:1), leaderCommit=0, initializing? false, entries: <empty>
2019-09-24 16:14:27,841 WARN  server.GrpcLogAppender (GrpcLogAppender.java:timeoutAppendRequest(200)) - s4@group-D12239A78657->s2-GrpcLogAppender: appendEntries Timeout, request=s4->s2#32-t3, previous=(t:3, i:1), leaderCommit=0, initializing? false, entries: <empty>
2019-09-24 16:14:27,841 WARN  server.GrpcLogAppender (GrpcLogAppender.java:timeoutAppendRequest(200)) - s4@group-D12239A78657->s3-GrpcLogAppender: appendEntries Timeout, request=s4->s3#32-t3, previous=(t:3, i:1), leaderCommit=0, initializing? false, entries: <empty>
2019-09-24 16:14:27,916 WARN  server.GrpcLogAppender (GrpcLogAppender.java:timeoutAppendRequest(200)) - s4@group-D12239A78657->s0-GrpcLogAppender: appendEntries Timeout, request=s4->s0#33-t3, previous=(t:3, i:1), leaderCommit=0, initializing? false, entries: <empty>
2019-09-24 16:14:27,916 WARN  server.GrpcLogAppender (GrpcLogAppender.java:timeoutAppendRequest(200)) - s4@group-D12239A78657->s1-GrpcLogAppender: appendEntries Timeout, request=s4->s1#33-t3, previous=(t:3, i:1), leaderCommit=0, initializing? false, entries: <empty>
2019-09-24 16:14:27,916 WARN  server.GrpcLogAppender (GrpcLogAppender.java:timeoutAppendRequest(200)) - s4@group-D12239A78657->s2-GrpcLogAppender: appendEntries Timeout, request=s4->s2#33-t3, previous=(t:3, i:1), leaderCommit=0, initializing? false, entries: <empty>
2019-09-24 16:14:27,916 WARN  server.GrpcLogAppender (GrpcLogAppender.java:timeoutAppendRequest(200)) - s4@group-D12239A78657->s3-GrpcLogAppender: appendEntries Timeout, request=s4->s3#33-t3, previous=(t:3, i:1), leaderCommit=0, initializing? false, entries: <empty>
2019-09-24 16:14:27,991 WARN  server.GrpcLogAppender (GrpcLogAppender.java:timeoutAppendRequest(200)) - s4@group-D12239A78657->s0-GrpcLogAppender: appendEntries Timeout, request=s4->s0#34-t3, previous=(t:3, i:1), leaderCommit=0, initializing? false, entries: <empty>
2019-09-24 16:14:27,992 WARN  server.GrpcLogAppender (GrpcLogAppender.java:timeoutAppendRequest(200)) - s4@group-D12239A78657->s1-GrpcLogAppender: appendEntries Timeout, request=s4->s1#34-t3, previous=(t:3, i:1), leaderCommit=0, initializing? false, entries: <empty>
2019-09-24 16:14:27,992 WARN  server.GrpcLogAppender (GrpcLogAppender.java:timeoutAppendRequest(200)) - s4@group-D12239A78657->s2-GrpcLogAppender: appendEntries Timeout, request=s4->s2#34-t3, previous=(t:3, i:1), leaderCommit=0, initializing? false, entries: <empty>
2019-09-24 16:14:27,991 WARN  server.GrpcLogAppender (GrpcLogAppender.java:timeoutAppendRequest(200)) - s4@group-D12239A78657->s3-GrpcLogAppender: appendEntries Timeout, request=s4->s3#34-t3, previous=(t:3, i:1), leaderCommit=0, initializing? false, entries: <empty>
2019-09-24 16:14:28,008 DEBUG impl.RaftServerImpl (RaftServerImpl.java:requestVote(775)) - s2@group-D12239A78657 replies to vote request: s1<-s2#0:OK-t5. Peer's state: s2@group-D12239A78657:t5, leader=null, voted=s1, raftlog=s2@group-D12239A78657-SegmentedRaftLog:OPENED:c0,f0,i0, conf=0: [s3:0.0.0.0:43186, s4:0.0.0.0:42582, s0:0.0.0.0:44493, s1:0.0.0.0:40044, s2:0.0.0.0:44761], old=null
2019-09-24 16:14:28,008 DEBUG impl.RaftServerImpl (RaftServerImpl.java:requestVote(775)) - s3@group-D12239A78657 replies to vote request: s1<-s3#0:FAIL-t5. Peer's state: s3@group-D12239A78657:t5, leader=null, voted=null, raftlog=s3@group-D12239A78657-SegmentedRaftLog:OPENED:c0,f0,i0, conf=0: [s3:0.0.0.0:43186, s4:0.0.0.0:42582, s0:0.0.0.0:44493, s1:0.0.0.0:40044, s2:0.0.0.0:44761], old=null
2019-09-24 16:14:28,008 DEBUG impl.RaftServerImpl (RaftServerImpl.java:requestVote(775)) - s0@group-D12239A78657 replies to vote request: s1<-s0#0:FAIL-t5. Peer's state: s0@group-D12239A78657:t5, leader=null, voted=null, raftlog=s0@group-D12239A78657-SegmentedRaftLog:OPENED:c0,f0,i0, conf=0: [s3:0.0.0.0:43186, s4:0.0.0.0:42582, s0:0.0.0.0:44493, s1:0.0.0.0:40044, s2:0.0.0.0:44761], old=null
2019-09-24 16:14:28,009 INFO  impl.LeaderElection (LeaderElection.java:askForVotes(178)) - s1@group-D12239A78657-LeaderElection26: begin an election at term 6 for 0: [s3:0.0.0.0:43186, s4:0.0.0.0:42582, s0:0.0.0.0:44493, s1:0.0.0.0:40044, s2:0.0.0.0:44761], old=null
2019-09-24 16:14:28,009 INFO  impl.FollowerState (FollowerState.java:run(108)) - s3@group-D12239A78657-FollowerState: change to CANDIDATE, lastRpcTime:3964ms, electionTimeout:163ms
2019-09-24 16:14:28,009 INFO  impl.FollowerState (FollowerState.java:run(108)) - s2@group-D12239A78657-FollowerState: change to CANDIDATE, lastRpcTime:3963ms, electionTimeout:204ms
2019-09-24 16:14:28,009 INFO  impl.RoleInfo (RoleInfo.java:shutdownFollowerState(121)) - s3: shutdown FollowerState
2019-09-24 16:14:28,009 INFO  impl.FollowerState (FollowerState.java:run(108)) - s0@group-D12239A78657-FollowerState: change to CANDIDATE, lastRpcTime:3963ms, electionTimeout:196ms
2019-09-24 16:14:28,010 INFO  impl.RaftServerImpl (RaftServerImpl.java:setRole(170)) - s3@group-D12239A78657: changes role from  FOLLOWER to CANDIDATE at term 5 for changeToCandidate
2019-09-24 16:14:28,009 INFO  impl.RoleInfo (RoleInfo.java:shutdownFollowerState(121)) - s2: shutdown FollowerState
2019-09-24 16:14:28,010 INFO  impl.RoleInfo (RoleInfo.java:shutdownFollowerState(121)) - s0: shutdown FollowerState
2019-09-24 16:14:28,010 INFO  impl.RoleInfo (RoleInfo.java:updateAndGet(143)) - s3: start LeaderElection
2019-09-24 16:14:28,010 INFO  impl.RaftServerImpl (RaftServerImpl.java:setRole(170)) - s2@group-D12239A78657: changes role from  FOLLOWER to CANDIDATE at term 5 for changeToCandidate
2019-09-24 16:14:28,010 INFO  impl.RaftServerImpl (RaftServerImpl.java:setRole(170)) - s0@group-D12239A78657: changes role from  FOLLOWER to CANDIDATE at term 5 for changeToCandidate
2019-09-24 16:14:28,010 INFO  impl.RoleInfo (RoleInfo.java:updateAndGet(143)) - s2: start LeaderElection
2019-09-24 16:14:28,011 INFO  impl.RoleInfo (RoleInfo.java:updateAndGet(143)) - s0: start LeaderElection
2019-09-24 16:14:28,013 DEBUG impl.RaftServerImpl (RaftServerImpl.java:requestVote(743)) - s3@group-D12239A78657: receive requestVote(s1, group-D12239A78657, 6, (t:3, i:0))
2019-09-24 16:14:28,013 DEBUG impl.RaftServerImpl (RaftServerImpl.java:requestVote(743)) - s0@group-D12239A78657: receive requestVote(s1, group-D12239A78657, 6, (t:3, i:0))
2019-09-24 16:14:28,013 DEBUG impl.RaftServerImpl (RaftServerImpl.java:requestVote(743)) - s2@group-D12239A78657: receive requestVote(s1, group-D12239A78657, 6, (t:3, i:0))
2019-09-24 16:14:28,013 INFO  util.CodeInjectionForTesting (BlockRequestHandlingInjection.java:execute(76)) - s4: Block request from s1
2019-09-24 16:14:28,060 WARN  grpc.TestRaftReconfigurationWithGrpc (JavaUtils.java:attempt(188)) - FAILED FLUSH attempt #9/10: sleep 500ms and then retry.
2019-09-24 16:14:28,067 WARN  server.GrpcLogAppender (GrpcLogAppender.java:timeoutAppendRequest(200)) - s4@group-D12239A78657->s0-GrpcLogAppender: appendEntries Timeout, request=s4->s0#35-t3, previous=(t:3, i:1), leaderCommit=0, initializing? false, entries: <empty>
2019-09-24 16:14:28,067 WARN  server.GrpcLogAppender (GrpcLogAppender.java:timeoutAppendRequest(200)) - s4@group-D12239A78657->s2-GrpcLogAppender: appendEntries Timeout, request=s4->s2#35-t3, previous=(t:3, i:1), leaderCommit=0, initializing? false, entries: <empty>
2019-09-24 16:14:28,067 WARN  server.GrpcLogAppender (GrpcLogAppender.java:timeoutAppendRequest(200)) - s4@group-D12239A78657->s1-GrpcLogAppender: appendEntries Timeout, request=s4->s1#35-t3, previous=(t:3, i:1), leaderCommit=0, initializing? false, entries: <empty>
2019-09-24 16:14:28,067 WARN  server.GrpcLogAppender (GrpcLogAppender.java:timeoutAppendRequest(200)) - s4@group-D12239A78657->s3-GrpcLogAppender: appendEntries Timeout, request=s4->s3#35-t3, previous=(t:3, i:1), leaderCommit=0, initializing? false, entries: <empty>
2019-09-24 16:14:28,142 WARN  server.GrpcLogAppender (GrpcLogAppender.java:timeoutAppendRequest(200)) - s4@group-D12239A78657->s3-GrpcLogAppender: appendEntries Timeout, request=s4->s3#36-t3, previous=(t:3, i:1), leaderCommit=0, initializing? false, entries: <empty>
2019-09-24 16:14:28,142 WARN  server.GrpcLogAppender (GrpcLogAppender.java:timeoutAppendRequest(200)) - s4@group-D12239A78657->s1-GrpcLogAppender: appendEntries Timeout, request=s4->s1#36-t3, previous=(t:3, i:1), leaderCommit=0, initializing? false, entries: <empty>
2019-09-24 16:14:28,142 WARN  server.GrpcLogAppender (GrpcLogAppender.java:timeoutAppendRequest(200)) - s4@group-D12239A78657->s2-GrpcLogAppender: appendEntries Timeout, request=s4->s2#36-t3, previous=(t:3, i:1), leaderCommit=0, initializing? false, entries: <empty>
2019-09-24 16:14:28,142 WARN  server.GrpcLogAppender (GrpcLogAppender.java:timeoutAppendRequest(200)) - s4@group-D12239A78657->s0-GrpcLogAppender: appendEntries Timeout, request=s4->s0#36-t3, previous=(t:3, i:1), leaderCommit=0, initializing? false, entries: <empty>
2019-09-24 16:14:28,176 INFO  impl.LeaderElection (LeaderElection.java:logAndReturn(56)) - s1@group-D12239A78657-LeaderElection26: Election TIMEOUT; received 0 response(s) [] and 0 exception(s); s1@group-D12239A78657:t6, leader=null, voted=s1, raftlog=s1@group-D12239A78657-SegmentedRaftLog:OPENED:c0,f0,i0, conf=0: [s3:0.0.0.0:43186, s4:0.0.0.0:42582, s0:0.0.0.0:44493, s1:0.0.0.0:40044, s2:0.0.0.0:44761], old=null
2019-09-24 16:14:28,217 WARN  server.GrpcLogAppender (GrpcLogAppender.java:timeoutAppendRequest(200)) - s4@group-D12239A78657->s3-GrpcLogAppender: appendEntries Timeout, request=s4->s3#37-t3, previous=(t:3, i:1), leaderCommit=0, initializing? false, entries: <empty>
2019-09-24 16:14:28,217 WARN  server.GrpcLogAppender (GrpcLogAppender.java:timeoutAppendRequest(200)) - s4@group-D12239A78657->s1-GrpcLogAppender: appendEntries Timeout, request=s4->s1#37-t3, previous=(t:3, i:1), leaderCommit=0, initializing? false, entries: <empty>
2019-09-24 16:14:28,217 WARN  server.GrpcLogAppender (GrpcLogAppender.java:timeoutAppendRequest(200)) - s4@group-D12239A78657->s2-GrpcLogAppender: appendEntries Timeout, request=s4->s2#37-t3, previous=(t:3, i:1), leaderCommit=0, initializing? false, entries: <empty>
2019-09-24 16:14:28,217 WARN  server.GrpcLogAppender (GrpcLogAppender.java:timeoutAppendRequest(200)) - s4@group-D12239A78657->s0-GrpcLogAppender: appendEntries Timeout, request=s4->s0#37-t3, previous=(t:3, i:1), leaderCommit=0, initializing? false, entries: <empty>
2019-09-24 16:14:28,292 WARN  server.GrpcLogAppender (GrpcLogAppender.java:timeoutAppendRequest(200)) - s4@group-D12239A78657->s0-GrpcLogAppender: appendEntries Timeout, request=s4->s0#38-t3, previous=(t:3, i:1), leaderCommit=0, initializing? false, entries: <empty>
2019-09-24 16:14:28,293 WARN  server.GrpcLogAppender (GrpcLogAppender.java:timeoutAppendRequest(200)) - s4@group-D12239A78657->s1-GrpcLogAppender: appendEntries Timeout, request=s4->s1#38-t3, previous=(t:3, i:1), leaderCommit=0, initializing? false, entries: <empty>
2019-09-24 16:14:28,293 WARN  server.GrpcLogAppender (GrpcLogAppender.java:timeoutAppendRequest(200)) - s4@group-D12239A78657->s2-GrpcLogAppender: appendEntries Timeout, request=s4->s2#38-t3, previous=(t:3, i:1), leaderCommit=0, initializing? false, entries: <empty>
2019-09-24 16:14:28,292 WARN  server.GrpcLogAppender (GrpcLogAppender.java:timeoutAppendRequest(200)) - s4@group-D12239A78657->s3-GrpcLogAppender: appendEntries Timeout, request=s4->s3#38-t3, previous=(t:3, i:1), leaderCommit=0, initializing? false, entries: <empty>
2019-09-24 16:14:28,368 WARN  server.GrpcLogAppender (GrpcLogAppender.java:timeoutAppendRequest(200)) - s4@group-D12239A78657->s3-GrpcLogAppender: appendEntries Timeout, request=s4->s3#39-t3, previous=(t:3, i:1), leaderCommit=0, initializing? false, entries: <empty>
2019-09-24 16:14:28,368 WARN  server.GrpcLogAppender (GrpcLogAppender.java:timeoutAppendRequest(200)) - s4@group-D12239A78657->s1-GrpcLogAppender: appendEntries Timeout, request=s4->s1#39-t3, previous=(t:3, i:1), leaderCommit=0, initializing? false, entries: <empty>
2019-09-24 16:14:28,368 WARN  server.GrpcLogAppender (GrpcLogAppender.java:timeoutAppendRequest(200)) - s4@group-D12239A78657->s2-GrpcLogAppender: appendEntries Timeout, request=s4->s2#39-t3, previous=(t:3, i:1), leaderCommit=0, initializing? false, entries: <empty>
2019-09-24 16:14:28,368 WARN  server.GrpcLogAppender (GrpcLogAppender.java:timeoutAppendRequest(200)) - s4@group-D12239A78657->s0-GrpcLogAppender: appendEntries Timeout, request=s4->s0#39-t3, previous=(t:3, i:1), leaderCommit=0, initializing? false, entries: <empty>
2019-09-24 16:14:28,443 WARN  server.GrpcLogAppender (GrpcLogAppender.java:timeoutAppendRequest(200)) - s4@group-D12239A78657->s2-GrpcLogAppender: appendEntries Timeout, request=s4->s2#40-t3, previous=(t:3, i:1), leaderCommit=0, initializing? false, entries: <empty>
2019-09-24 16:14:28,443 WARN  server.GrpcLogAppender (GrpcLogAppender.java:timeoutAppendRequest(200)) - s4@group-D12239A78657->s1-GrpcLogAppender: appendEntries Timeout, request=s4->s1#40-t3, previous=(t:3, i:1), leaderCommit=0, initializing? false, entries: <empty>
2019-09-24 16:14:28,443 WARN  server.GrpcLogAppender (GrpcLogAppender.java:timeoutAppendRequest(200)) - s4@group-D12239A78657->s3-GrpcLogAppender: appendEntries Timeout, request=s4->s3#40-t3, previous=(t:3, i:1), leaderCommit=0, initializing? false, entries: <empty>
2019-09-24 16:14:28,443 WARN  server.GrpcLogAppender (GrpcLogAppender.java:timeoutAppendRequest(200)) - s4@group-D12239A78657->s0-GrpcLogAppender: appendEntries Timeout, request=s4->s0#40-t3, previous=(t:3, i:1), leaderCommit=0, initializing? false, entries: <empty>
2019-09-24 16:14:28,479 INFO  ratis.MiniRaftCluster (MiniRaftCluster.java:lambda$null$5(297)) - TIMED-PRINT: printing ALL groups
  s3:  RUNNING CANDIDATE s3@group-D12239A78657:t6, leader=null, voted=s3, raftlog=s3@group-D12239A78657-SegmentedRaftLog:OPENED:c0,f0,i0, conf=0: [s3:0.0.0.0:43186, s4:0.0.0.0:42582, s0:0.0.0.0:44493, s1:0.0.0.0:40044, s2:0.0.0.0:44761], old=null RUNNING
  s4:  RUNNING    LEADER s4@group-D12239A78657:t3, leader=s4, voted=s4, raftlog=s4@group-D12239A78657-SegmentedRaftLog:OPENED:c0,f1,i1, conf=1: [s4:0.0.0.0:42582, s0:0.0.0.0:44493, s1:0.0.0.0:40044, s2:0.0.0.0:44761], old=[s3:0.0.0.0:43186, s4:0.0.0.0:42582, s0:0.0.0.0:44493, s1:0.0.0.0:40044, s2:0.0.0.0:44761] RUNNING
  s0:  RUNNING CANDIDATE s0@group-D12239A78657:t6, leader=null, voted=s0, raftlog=s0@group-D12239A78657-SegmentedRaftLog:OPENED:c0,f0,i0, conf=0: [s3:0.0.0.0:43186, s4:0.0.0.0:42582, s0:0.0.0.0:44493, s1:0.0.0.0:40044, s2:0.0.0.0:44761], old=null RUNNING
  s1:  RUNNING CANDIDATE s1@group-D12239A78657:t7, leader=null, voted=s1, raftlog=s1@group-D12239A78657-SegmentedRaftLog:OPENED:c0,f0,i0, conf=0: [s3:0.0.0.0:43186, s4:0.0.0.0:42582, s0:0.0.0.0:44493, s1:0.0.0.0:40044, s2:0.0.0.0:44761], old=null RUNNING
  s2:  RUNNING CANDIDATE s2@group-D12239A78657:t6, leader=null, voted=s2, raftlog=s2@group-D12239A78657-SegmentedRaftLog:OPENED:c0,f0,i0, conf=0: [s3:0.0.0.0:43186, s4:0.0.0.0:42582, s0:0.0.0.0:44493, s1:0.0.0.0:40044, s2:0.0.0.0:44761], old=null RUNNING
2019-09-24 16:14:28,518 WARN  server.GrpcLogAppender (GrpcLogAppender.java:timeoutAppendRequest(200)) - s4@group-D12239A78657->s3-GrpcLogAppender: appendEntries Timeout, request=s4->s3#41-t3, previous=(t:3, i:1), leaderCommit=0, initializing? false, entries: <empty>
2019-09-24 16:14:28,519 WARN  server.GrpcLogAppender (GrpcLogAppender.java:timeoutAppendRequest(200)) - s4@group-D12239A78657->s1-GrpcLogAppender: appendEntries Timeout, request=s4->s1#41-t3, previous=(t:3, i:1), leaderCommit=0, initializing? false, entries: <empty>
2019-09-24 16:14:28,518 WARN  server.GrpcLogAppender (GrpcLogAppender.java:timeoutAppendRequest(200)) - s4@group-D12239A78657->s0-GrpcLogAppender: appendEntries Timeout, request=s4->s0#41-t3, previous=(t:3, i:1), leaderCommit=0, initializing? false, entries: <empty>
2019-09-24 16:14:28,518 WARN  server.GrpcLogAppender (GrpcLogAppender.java:timeoutAppendRequest(200)) - s4@group-D12239A78657->s2-GrpcLogAppender: appendEntries Timeout, request=s4->s2#41-t3, previous=(t:3, i:1), leaderCommit=0, initializing? false, entries: <empty>
2019-09-24 16:14:28,561 INFO  util.CodeInjectionForTesting (BlockRequestHandlingInjection.java:unblockRequestor(53)) - UnBlock requestor s4
2019-09-24 16:14:28,563 INFO  grpc.TestRaftReconfigurationWithGrpc (RaftReconfigurationBaseTest.java:lambda$runTestRevertConfigurationChange$15(554)) -  c  0: (t:3, i:0), CONFIGURATIONENTRY
2019-09-24 16:14:28,564 INFO  grpc.TestRaftReconfigurationWithGrpc (RaftReconfigurationBaseTest.java:lambda$runTestRevertConfigurationChange$15(554)) - f   1: (t:3, i:1), CONFIGURATIONENTRY
2019-09-24 16:14:28,564 INFO  ratis.MiniRaftCluster (MiniRaftCluster.java:runWithNewCluster(127)) - printing ALL groups
  s3:  RUNNING CANDIDATE s3@group-D12239A78657:t6, leader=null, voted=s3, raftlog=s3@group-D12239A78657-SegmentedRaftLog:OPENED:c0,f0,i0, conf=0: [s3:0.0.0.0:43186, s4:0.0.0.0:42582, s0:0.0.0.0:44493, s1:0.0.0.0:40044, s2:0.0.0.0:44761], old=null RUNNING
  s4:  RUNNING    LEADER s4@group-D12239A78657:t3, leader=s4, voted=s4, raftlog=s4@group-D12239A78657-SegmentedRaftLog:OPENED:c0,f1,i1, conf=1: [s4:0.0.0.0:42582, s0:0.0.0.0:44493, s1:0.0.0.0:40044, s2:0.0.0.0:44761], old=[s3:0.0.0.0:43186, s4:0.0.0.0:42582, s0:0.0.0.0:44493, s1:0.0.0.0:40044, s2:0.0.0.0:44761] RUNNING
  s0:  RUNNING CANDIDATE s0@group-D12239A78657:t6, leader=null, voted=s0, raftlog=s0@group-D12239A78657-SegmentedRaftLog:OPENED:c0,f0,i0, conf=0: [s3:0.0.0.0:43186, s4:0.0.0.0:42582, s0:0.0.0.0:44493, s1:0.0.0.0:40044, s2:0.0.0.0:44761], old=null RUNNING
  s1:  RUNNING CANDIDATE s1@group-D12239A78657:t7, leader=null, voted=s1, raftlog=s1@group-D12239A78657-SegmentedRaftLog:OPENED:c0,f0,i0, conf=0: [s3:0.0.0.0:43186, s4:0.0.0.0:42582, s0:0.0.0.0:44493, s1:0.0.0.0:40044, s2:0.0.0.0:44761], old=null RUNNING
  s2:  RUNNING CANDIDATE s2@group-D12239A78657:t6, leader=null, voted=s2, raftlog=s2@group-D12239A78657-SegmentedRaftLog:OPENED:c0,f0,i0, conf=0: [s3:0.0.0.0:43186, s4:0.0.0.0:42582, s0:0.0.0.0:44493, s1:0.0.0.0:40044, s2:0.0.0.0:44761], old=null RUNNING
2019-09-24 16:14:28,564 ERROR ratis.MiniRaftCluster (MiniRaftCluster.java:runWithNewCluster(128)) - Failed org.apache.ratis.MiniRaftCluster$Factory$Get.runWithNewCluster(MiniRaftCluster.java:113)
java.lang.AssertionError
	at org.junit.Assert.fail(Assert.java:86)
	at org.junit.Assert.assertTrue(Assert.java:41)
	at org.junit.Assert.assertTrue(Assert.java:52)
	at org.apache.ratis.server.impl.RaftReconfigurationBaseTest.runTestRevertConfigurationChange(RaftReconfigurationBaseTest.java:546)
	at org.apache.ratis.MiniRaftCluster$Factory$Get.runWithNewCluster(MiniRaftCluster.java:125)
	at org.apache.ratis.MiniRaftCluster$Factory$Get.runWithNewCluster(MiniRaftCluster.java:113)
	at org.apache.ratis.server.impl.RaftReconfigurationBaseTest.testRevertConfigurationChange(RaftReconfigurationBaseTest.java:482)
	at sun.reflect.NativeMethodAccessorImpl.invoke0(Native Method)
	at sun.reflect.NativeMethodAccessorImpl.invoke(NativeMethodAccessorImpl.java:62)
	at sun.reflect.DelegatingMethodAccessorImpl.invoke(DelegatingMethodAccessorImpl.java:43)
	at java.lang.reflect.Method.invoke(Method.java:498)
	at org.junit.runners.model.FrameworkMethod$1.runReflectiveCall(FrameworkMethod.java:50)
	at org.junit.internal.runners.model.ReflectiveCallable.run(ReflectiveCallable.java:12)
	at org.junit.runners.model.FrameworkMethod.invokeExplosively(FrameworkMethod.java:47)
	at org.junit.internal.runners.statements.InvokeMethod.evaluate(InvokeMethod.java:17)
	at org.junit.internal.runners.statements.RunAfters.evaluate(RunAfters.java:27)
	at org.junit.internal.runners.statements.FailOnTimeout$CallableStatement.call(FailOnTimeout.java:298)
	at org.junit.internal.runners.statements.FailOnTimeout$CallableStatement.call(FailOnTimeout.java:292)
	at java.util.concurrent.FutureTask.run(FutureTask.java:266)
	at java.lang.Thread.run(Thread.java:748)
2019-09-24 16:14:28,565 INFO  ratis.MiniRaftCluster (MiniRaftCluster.java:shutdown(700)) - ************************************************************** 
2019-09-24 16:14:28,565 INFO  ratis.MiniRaftCluster (MiniRaftCluster.java:shutdown(701)) - *** 
2019-09-24 16:14:28,565 INFO  ratis.MiniRaftCluster (MiniRaftCluster.java:shutdown(702)) - ***     Stopping MiniRaftClusterWithGrpc
2019-09-24 16:14:28,565 INFO  ratis.MiniRaftCluster (MiniRaftCluster.java:shutdown(703)) - *** 
2019-09-24 16:14:28,566 INFO  ratis.MiniRaftCluster (MiniRaftCluster.java:shutdown(704)) - ************************************************************** 
2019-09-24 16:14:28,566 INFO  ratis.MiniRaftCluster (MiniRaftCluster.java:shutdown(705)) - printing ALL groups
  s3:  RUNNING CANDIDATE s3@group-D12239A78657:t6, leader=null, voted=s3, raftlog=s3@group-D12239A78657-SegmentedRaftLog:OPENED:c0,f0,i0, conf=0: [s3:0.0.0.0:43186, s4:0.0.0.0:42582, s0:0.0.0.0:44493, s1:0.0.0.0:40044, s2:0.0.0.0:44761], old=null RUNNING
  s4:  RUNNING    LEADER s4@group-D12239A78657:t3, leader=s4, voted=s4, raftlog=s4@group-D12239A78657-SegmentedRaftLog:OPENED:c0,f1,i1, conf=1: [s4:0.0.0.0:42582, s0:0.0.0.0:44493, s1:0.0.0.0:40044, s2:0.0.0.0:44761], old=[s3:0.0.0.0:43186, s4:0.0.0.0:42582, s0:0.0.0.0:44493, s1:0.0.0.0:40044, s2:0.0.0.0:44761] RUNNING
  s0:  RUNNING CANDIDATE s0@group-D12239A78657:t6, leader=null, voted=s0, raftlog=s0@group-D12239A78657-SegmentedRaftLog:OPENED:c0,f0,i0, conf=0: [s3:0.0.0.0:43186, s4:0.0.0.0:42582, s0:0.0.0.0:44493, s1:0.0.0.0:40044, s2:0.0.0.0:44761], old=null RUNNING
  s1:  RUNNING CANDIDATE s1@group-D12239A78657:t7, leader=null, voted=s1, raftlog=s1@group-D12239A78657-SegmentedRaftLog:OPENED:c0,f0,i0, conf=0: [s3:0.0.0.0:43186, s4:0.0.0.0:42582, s0:0.0.0.0:44493, s1:0.0.0.0:40044, s2:0.0.0.0:44761], old=null RUNNING
  s2:  RUNNING CANDIDATE s2@group-D12239A78657:t6, leader=null, voted=s2, raftlog=s2@group-D12239A78657-SegmentedRaftLog:OPENED:c0,f0,i0, conf=0: [s3:0.0.0.0:43186, s4:0.0.0.0:42582, s0:0.0.0.0:44493, s1:0.0.0.0:40044, s2:0.0.0.0:44761], old=null RUNNING
2019-09-24 16:14:28,567 INFO  impl.RaftServerProxy (RaftServerProxy.java:lambda$close$4(314)) - s3: close
2019-09-24 16:14:28,568 INFO  impl.RaftServerProxy (RaftServerProxy.java:lambda$close$4(314)) - s0: close
2019-09-24 16:14:28,568 INFO  impl.RaftServerProxy (RaftServerProxy.java:lambda$close$4(314)) - s4: close
2019-09-24 16:14:28,568 INFO  impl.RaftServerProxy (RaftServerProxy.java:lambda$close$4(314)) - s1: close
2019-09-24 16:14:28,568 INFO  impl.RaftServerImpl (RaftServerImpl.java:lambda$shutdown$3(247)) - s3@group-D12239A78657: shutdown
2019-09-24 16:14:28,570 INFO  impl.RaftServerImpl (RaftServerImpl.java:lambda$shutdown$3(247)) - s1@group-D12239A78657: shutdown
2019-09-24 16:14:28,570 INFO  impl.RaftServerImpl (RaftServerImpl.java:lambda$shutdown$3(247)) - s4@group-D12239A78657: shutdown
2019-09-24 16:14:28,569 INFO  impl.RaftServerImpl (RaftServerImpl.java:lambda$shutdown$3(247)) - s0@group-D12239A78657: shutdown
2019-09-24 16:14:28,569 INFO  impl.RaftServerProxy (RaftServerProxy.java:lambda$close$4(314)) - s2: close
2019-09-24 16:14:28,571 INFO  util.JmxRegister (JmxRegister.java:unregister(73)) - Successfully un-registered JMX Bean with object name Ratis:service=RaftServer,group=group-D12239A78657,id=s0
2019-09-24 16:14:28,571 INFO  util.JmxRegister (JmxRegister.java:unregister(73)) - Successfully un-registered JMX Bean with object name Ratis:service=RaftServer,group=group-D12239A78657,id=s4
2019-09-24 16:14:28,570 INFO  util.JmxRegister (JmxRegister.java:unregister(73)) - Successfully un-registered JMX Bean with object name Ratis:service=RaftServer,group=group-D12239A78657,id=s1
2019-09-24 16:14:28,572 INFO  impl.RoleInfo (RoleInfo.java:shutdownLeaderElection(134)) - s1: shutdown LeaderElection
2019-09-24 16:14:28,570 INFO  util.JmxRegister (JmxRegister.java:unregister(73)) - Successfully un-registered JMX Bean with object name Ratis:service=RaftServer,group=group-D12239A78657,id=s3
2019-09-24 16:14:28,572 INFO  impl.StateMachineUpdater (StateMachineUpdater.java:stopAndJoin(136)) - s1@group-D12239A78657-StateMachineUpdater: set stopIndex = 0
2019-09-24 16:14:28,572 INFO  impl.RoleInfo (RoleInfo.java:shutdownLeaderState(104)) - s4: shutdown LeaderState
2019-09-24 16:14:28,572 INFO  impl.RoleInfo (RoleInfo.java:shutdownLeaderElection(134)) - s0: shutdown LeaderElection
2019-09-24 16:14:28,571 INFO  impl.RaftServerImpl (RaftServerImpl.java:lambda$shutdown$3(247)) - s2@group-D12239A78657: shutdown
2019-09-24 16:14:28,576 WARN  server.GrpcLogAppender (GrpcLogAppender.java:mayWait(143)) - s4@group-D12239A78657->s2-GrpcLogAppender: Wait interrupted by java.lang.InterruptedException
2019-09-24 16:14:28,576 INFO  impl.StateMachineUpdater (StateMachineUpdater.java:stopAndJoin(136)) - s0@group-D12239A78657-StateMachineUpdater: set stopIndex = 0
2019-09-24 16:14:28,577 INFO  impl.RaftServerImpl (ServerState.java:close(386)) - s0@group-D12239A78657: closes. applyIndex: 0
2019-09-24 16:14:28,576 INFO  impl.PendingRequests (PendingRequests.java:sendNotLeaderResponses(202)) - s4@group-D12239A78657-PendingRequests: sendNotLeaderResponses
2019-09-24 16:14:28,576 WARN  server.GrpcLogAppender (GrpcLogAppender.java:mayWait(143)) - s4@group-D12239A78657->s0-GrpcLogAppender: Wait interrupted by java.lang.InterruptedException
2019-09-24 16:14:28,576 WARN  server.GrpcLogAppender (GrpcLogAppender.java:mayWait(143)) - s4@group-D12239A78657->s1-GrpcLogAppender: Wait interrupted by java.lang.InterruptedException
2019-09-24 16:14:28,578 INFO  impl.StateMachineUpdater (StateMachineUpdater.java:stopAndJoin(136)) - s4@group-D12239A78657-StateMachineUpdater: set stopIndex = 0
2019-09-24 16:14:28,576 WARN  server.GrpcLogAppender (GrpcLogAppender.java:mayWait(143)) - s4@group-D12239A78657->s3-GrpcLogAppender: Wait interrupted by java.lang.InterruptedException
2019-09-24 16:14:28,573 INFO  impl.RaftServerImpl (ServerState.java:close(386)) - s1@group-D12239A78657: closes. applyIndex: 0
2019-09-24 16:14:28,573 INFO  impl.RoleInfo (RoleInfo.java:shutdownLeaderElection(134)) - s3: shutdown LeaderElection
2019-09-24 16:14:28,579 INFO  segmented.SegmentedRaftLogWorker (SegmentedRaftLogWorker.java:run(313)) - s1@group-D12239A78657-SegmentedRaftLogWorker was interrupted, exiting. There are 0 tasks remaining in the queue.
2019-09-24 16:14:28,578 INFO  impl.RaftServerImpl (ServerState.java:close(386)) - s4@group-D12239A78657: closes. applyIndex: 0
2019-09-24 16:14:28,577 INFO  segmented.SegmentedRaftLogWorker (SegmentedRaftLogWorker.java:run(313)) - s0@group-D12239A78657-SegmentedRaftLogWorker was interrupted, exiting. There are 0 tasks remaining in the queue.
2019-09-24 16:14:28,580 INFO  segmented.SegmentedRaftLogWorker (SegmentedRaftLogWorker.java:run(313)) - s4@group-D12239A78657-SegmentedRaftLogWorker was interrupted, exiting. There are 0 tasks remaining in the queue.
2019-09-24 16:14:28,577 INFO  util.JmxRegister (JmxRegister.java:unregister(73)) - Successfully un-registered JMX Bean with object name Ratis:service=RaftServer,group=group-D12239A78657,id=s2
2019-09-24 16:14:28,579 INFO  impl.StateMachineUpdater (StateMachineUpdater.java:stopAndJoin(136)) - s3@group-D12239A78657-StateMachineUpdater: set stopIndex = 0
2019-09-24 16:14:28,582 INFO  segmented.SegmentedRaftLogWorker (SegmentedRaftLogWorker.java:close(228)) - s1@group-D12239A78657-SegmentedRaftLogWorker close()
2019-09-24 16:14:28,582 INFO  impl.RoleInfo (RoleInfo.java:shutdownLeaderElection(134)) - s2: shutdown LeaderElection
2019-09-24 16:14:28,584 INFO  server.GrpcService (GrpcService.java:closeImpl(164)) - s1: shutdown server with port 40044 now
2019-09-24 16:14:28,584 INFO  impl.StateMachineUpdater (StateMachineUpdater.java:stopAndJoin(136)) - s2@group-D12239A78657-StateMachineUpdater: set stopIndex = 0
2019-09-24 16:14:28,584 INFO  impl.RaftServerImpl (ServerState.java:close(386)) - s2@group-D12239A78657: closes. applyIndex: 0
2019-09-24 16:14:28,583 INFO  segmented.SegmentedRaftLogWorker (SegmentedRaftLogWorker.java:close(228)) - s0@group-D12239A78657-SegmentedRaftLogWorker close()
2019-09-24 16:14:28,582 INFO  impl.RaftServerImpl (ServerState.java:close(386)) - s3@group-D12239A78657: closes. applyIndex: 0
2019-09-24 16:14:28,586 INFO  server.GrpcService (GrpcService.java:closeImpl(164)) - s0: shutdown server with port 44493 now
2019-09-24 16:14:28,587 INFO  segmented.SegmentedRaftLogWorker (SegmentedRaftLogWorker.java:run(313)) - s3@group-D12239A78657-SegmentedRaftLogWorker was interrupted, exiting. There are 0 tasks remaining in the queue.
2019-09-24 16:14:28,585 INFO  segmented.SegmentedRaftLogWorker (SegmentedRaftLogWorker.java:run(313)) - s2@group-D12239A78657-SegmentedRaftLogWorker was interrupted, exiting. There are 0 tasks remaining in the queue.
2019-09-24 16:14:28,584 INFO  segmented.SegmentedRaftLogWorker (SegmentedRaftLogWorker.java:close(228)) - s4@group-D12239A78657-SegmentedRaftLogWorker close()
2019-09-24 16:14:28,590 INFO  server.GrpcService (GrpcService.java:closeImpl(164)) - s4: shutdown server with port 42582 now
2019-09-24 16:14:28,590 INFO  segmented.SegmentedRaftLogWorker (SegmentedRaftLogWorker.java:close(228)) - s3@group-D12239A78657-SegmentedRaftLogWorker close()
2019-09-24 16:14:28,590 INFO  segmented.SegmentedRaftLogWorker (SegmentedRaftLogWorker.java:close(228)) - s2@group-D12239A78657-SegmentedRaftLogWorker close()
2019-09-24 16:14:28,592 INFO  server.GrpcService (GrpcService.java:closeImpl(164)) - s3: shutdown server with port 43186 now
2019-09-24 16:14:28,593 INFO  server.GrpcService (GrpcService.java:closeImpl(164)) - s2: shutdown server with port 44761 now
2019-09-24 16:14:28,594 WARN  server.GrpcLogAppender (GrpcLogAppender.java:timeoutAppendRequest(200)) - s4@group-D12239A78657->s3-GrpcLogAppender: appendEntries Timeout, request=s4->s3#42-t3, previous=(t:3, i:1), leaderCommit=0, initializing? false, entries: <empty>
2019-09-24 16:14:28,593 INFO  server.GrpcLogAppender (GrpcLogAppender.java:onError(282)) - s4@group-D12239A78657->s1-GrpcLogAppender is stopped
2019-09-24 16:14:28,594 WARN  server.GrpcLogAppender (GrpcLogAppender.java:timeoutAppendRequest(200)) - s4@group-D12239A78657->s2-GrpcLogAppender: appendEntries Timeout, request=s4->s2#42-t3, previous=(t:3, i:1), leaderCommit=0, initializing? false, entries: <empty>
2019-09-24 16:14:28,594 WARN  server.GrpcLogAppender (GrpcLogAppender.java:timeoutAppendRequest(200)) - s4@group-D12239A78657->s1-GrpcLogAppender: appendEntries Timeout, request=s4->s1#42-t3, previous=(t:3, i:1), leaderCommit=0, initializing? false, entries: <empty>
2019-09-24 16:14:28,594 WARN  server.GrpcLogAppender (GrpcLogAppender.java:timeoutAppendRequest(200)) - s4@group-D12239A78657->s0-GrpcLogAppender: appendEntries Timeout, request=s4->s0#42-t3, previous=(t:3, i:1), leaderCommit=0, initializing? false, entries: <empty>
2019-09-24 16:14:28,595 INFO  server.GrpcLogAppender (GrpcLogAppender.java:onError(282)) - s4@group-D12239A78657->s0-GrpcLogAppender is stopped
2019-09-24 16:14:28,596 INFO  server.GrpcLogAppender (GrpcLogAppender.java:onError(282)) - s4@group-D12239A78657->s3-GrpcLogAppender is stopped
2019-09-24 16:14:28,596 INFO  server.GrpcService (GrpcService.java:closeImpl(172)) - s3: shutdown server with port 43186 successfully
2019-09-24 16:14:28,596 INFO  server.GrpcLogAppender (GrpcLogAppender.java:onError(282)) - s4@group-D12239A78657->s2-GrpcLogAppender is stopped
2019-09-24 16:14:28,597 INFO  server.GrpcService (GrpcService.java:closeImpl(172)) - s0: shutdown server with port 44493 successfully
2019-09-24 16:14:28,598 INFO  server.GrpcService (GrpcService.java:closeImpl(172)) - s4: shutdown server with port 42582 successfully
2019-09-24 16:14:28,598 INFO  server.GrpcService (GrpcService.java:closeImpl(172)) - s2: shutdown server with port 44761 successfully
2019-09-24 16:14:28,598 INFO  server.GrpcService (GrpcService.java:closeImpl(172)) - s1: shutdown server with port 40044 successfully
2019-09-24 16:14:28,598 INFO  ratis.MiniRaftCluster (MiniRaftCluster.java:shutdown(722)) - MiniRaftClusterWithGrpc shutdown completed
]]></system-out>
  </testcase>
  <testcase name="testBootstrapReconf" classname="org.apache.ratis.grpc.TestRaftReconfigurationWithGrpc" time="54.726"/>
  <testcase name="testAddPeers" classname="org.apache.ratis.grpc.TestRaftReconfigurationWithGrpc" time="6.325"/>
  <testcase name="testLeaderStepDown" classname="org.apache.ratis.grpc.TestRaftReconfigurationWithGrpc" time="2.285"/>
  <testcase name="testKillLeaderDuringReconf" classname="org.apache.ratis.grpc.TestRaftReconfigurationWithGrpc" time="2.587"/>
  <testcase name="testLeaderNotReadyException" classname="org.apache.ratis.grpc.TestRaftReconfigurationWithGrpc" time="3.525"/>
  <testcase name="testOverlappedSetConfRequests" classname="org.apache.ratis.grpc.TestRaftReconfigurationWithGrpc" time="7.306">
    <failure type="java.lang.AssertionError">java.lang.AssertionError
</failure>
    <system-out><![CDATA[2019-09-24 16:15:38,065 INFO  util.LogUtils (LogUtils.java:setLogLevel(41)) - Set org.apache.ratis.conf.ConfUtils log level to WARN
2019-09-24 16:15:38,065 INFO  util.LogUtils (LogUtils.java:setLogLevel(41)) - Set org.apache.ratis.util.FileUtils log level to TRACE
2019-09-24 16:15:38,067 INFO  ratis.MiniRaftCluster (MiniRaftCluster.java:runWithNewCluster(119)) - Running runWithNewCluster
2019-09-24 16:15:38,067 INFO  ratis.MiniRaftCluster (MiniRaftCluster.java:<init>(253)) - new MiniRaftClusterWithGrpc with group-A60C318F4140:[s0:0.0.0.0:35881, s1:0.0.0.0:35342, s2:0.0.0.0:36301]
2019-09-24 16:15:38,068 INFO  ratis.MiniRaftCluster (MiniRaftCluster.java:start(287)) - .............................................................. 
2019-09-24 16:15:38,068 INFO  ratis.MiniRaftCluster (MiniRaftCluster.java:start(288)) - ... 
2019-09-24 16:15:38,068 INFO  ratis.MiniRaftCluster (MiniRaftCluster.java:start(289)) - ...     Starting MiniRaftClusterWithGrpc
2019-09-24 16:15:38,068 INFO  ratis.MiniRaftCluster (MiniRaftCluster.java:start(290)) - ... 
2019-09-24 16:15:38,068 INFO  ratis.MiniRaftCluster (MiniRaftCluster.java:start(291)) - .............................................................. 
2019-09-24 16:15:38,068 INFO  ratis.MiniRaftCluster (MiniRaftCluster.java:initServers(265)) - servers = {}
2019-09-24 16:15:38,068 INFO  ratis.MiniRaftCluster (MiniRaftCluster.java:newRaftServer(330)) - newRaftServer: s0, group-A60C318F4140:[s0:0.0.0.0:35881, s1:0.0.0.0:35342, s2:0.0.0.0:36301], format? true
2019-09-24 16:15:38,069 TRACE util.FileUtils (FileUtils.java:deleteFully(88)) - deleteFully target/test/data/37179910/MiniRaftClusterWithGrpcbd37de5e/s0
2019-09-24 16:15:38,069 TRACE util.FileUtils (FileUtils.java:deleteFully(104)) - deleteFully: target/test/data/37179910/MiniRaftClusterWithGrpcbd37de5e/s0 does not exist.
2019-09-24 16:15:38,069 INFO  ratis.MiniRaftCluster (MiniRaftCluster.java:newRaftServer(335)) - Formatted directory target/test/data/37179910/MiniRaftClusterWithGrpcbd37de5e/s0
2019-09-24 16:15:38,070 INFO  impl.RaftServerProxy (ConfUtils.java:logGet(43)) - raft.rpc.type = GRPC (default)
2019-09-24 16:15:38,070 INFO  grpc.GrpcFactory (GrpcFactory.java:checkPooledByteBufAllocatorUseCacheForAllThreads(45)) - PERFORMANCE WARNING: useCacheForAllThreads is true that may cause Netty to create a lot garbage objects and, as a result, trigger GC.
	It is recommended to disable useCacheForAllThreads by setting -Dorg.apache.ratis.thirdparty.io.netty.allocator.useCacheForAllThreads=false in command line.
2019-09-24 16:15:38,070 INFO  grpc.GrpcConfigKeys$Server (ConfUtils.java:logGet(43)) - raft.grpc.server.port = 35881 (custom)
2019-09-24 16:15:38,070 INFO  server.GrpcService (ConfUtils.java:logGet(43)) - raft.grpc.message.size.max = 64MB (=67108864) (default)
2019-09-24 16:15:38,071 INFO  server.RaftServerConfigKeys (ConfUtils.java:logGet(43)) - raft.server.log.appender.buffer.byte-limit = 4MB (=4194304) (default)
2019-09-24 16:15:38,071 INFO  server.GrpcService (ConfUtils.java:logGet(43)) - raft.grpc.flow.control.window = 1MB (=1048576) (default)
2019-09-24 16:15:38,071 INFO  server.RaftServerConfigKeys (ConfUtils.java:logGet(43)) - raft.server.rpc.request.timeout = 3000ms (default)
2019-09-24 16:15:38,072 INFO  server.RaftServerConfigKeys (ConfUtils.java:logGet(43)) - raft.server.storage.dir = [/workdir/ratis-test/target/test/data/37179910/MiniRaftClusterWithGrpcbd37de5e/s0] (custom)
2019-09-24 16:15:38,073 INFO  impl.RaftServerProxy (RaftServerProxy.java:addNew(89)) - s0: addNew group-A60C318F4140:[s0:0.0.0.0:35881, s1:0.0.0.0:35342, s2:0.0.0.0:36301] returns group-A60C318F4140:java.util.concurrent.CompletableFuture@420ad81f[Not completed]
2019-09-24 16:15:38,074 INFO  impl.RaftServerImpl (RaftServerImpl.java:<init>(95)) - s0: new RaftServerImpl for group-A60C318F4140:[s0:0.0.0.0:35881, s1:0.0.0.0:35342, s2:0.0.0.0:36301] with BaseStateMachine:uninitialized
2019-09-24 16:15:38,074 INFO  ratis.MiniRaftCluster (MiniRaftCluster.java:newRaftServer(330)) - newRaftServer: s1, group-A60C318F4140:[s0:0.0.0.0:35881, s1:0.0.0.0:35342, s2:0.0.0.0:36301], format? true
2019-09-24 16:15:38,075 TRACE util.FileUtils (FileUtils.java:deleteFully(88)) - deleteFully target/test/data/37179910/MiniRaftClusterWithGrpcbd37de5e/s1
2019-09-24 16:15:38,075 INFO  server.RaftServerConfigKeys (ConfUtils.java:logGet(43)) - raft.server.rpc.timeout.min = 150ms (default)
2019-09-24 16:15:38,075 TRACE util.FileUtils (FileUtils.java:deleteFully(104)) - deleteFully: target/test/data/37179910/MiniRaftClusterWithGrpcbd37de5e/s1 does not exist.
2019-09-24 16:15:38,075 INFO  ratis.MiniRaftCluster (MiniRaftCluster.java:newRaftServer(335)) - Formatted directory target/test/data/37179910/MiniRaftClusterWithGrpcbd37de5e/s1
2019-09-24 16:15:38,075 INFO  server.RaftServerConfigKeys (ConfUtils.java:logGet(43)) - raft.server.rpc.timeout.max = 300ms (default)
2019-09-24 16:15:38,076 INFO  server.RaftServerConfigKeys (ConfUtils.java:logGet(43)) - raft.server.rpcslowness.timeout = 60s (default)
2019-09-24 16:15:38,076 INFO  impl.RaftServerProxy (ConfUtils.java:logGet(43)) - raft.rpc.type = GRPC (default)
2019-09-24 16:15:38,076 INFO  server.RaftServerConfigKeys (ConfUtils.java:logGet(43)) - raft.server.sleep.deviation.threshold = 300 (default)
2019-09-24 16:15:38,076 INFO  grpc.GrpcFactory (GrpcFactory.java:checkPooledByteBufAllocatorUseCacheForAllThreads(45)) - PERFORMANCE WARNING: useCacheForAllThreads is true that may cause Netty to create a lot garbage objects and, as a result, trigger GC.
	It is recommended to disable useCacheForAllThreads by setting -Dorg.apache.ratis.thirdparty.io.netty.allocator.useCacheForAllThreads=false in command line.
2019-09-24 16:15:38,076 INFO  server.RaftServerConfigKeys (ConfUtils.java:logGet(43)) - raft.server.log.appender.install.snapshot.enabled = true (default)
2019-09-24 16:15:38,076 INFO  grpc.GrpcConfigKeys$Server (ConfUtils.java:logGet(43)) - raft.grpc.server.port = 35342 (custom)
2019-09-24 16:15:38,077 INFO  impl.RaftServerImpl (ServerState.java:<init>(103)) - s0@group-A60C318F4140: ConfigurationManager, init=-1: [s0:0.0.0.0:35881, s1:0.0.0.0:35342, s2:0.0.0.0:36301], old=null, confs=<EMPTY_MAP>
2019-09-24 16:15:38,077 INFO  server.GrpcService (ConfUtils.java:logGet(43)) - raft.grpc.message.size.max = 64MB (=67108864) (default)
2019-09-24 16:15:38,077 INFO  server.RaftServerConfigKeys (ConfUtils.java:logGet(43)) - raft.server.storage.dir = [/workdir/ratis-test/target/test/data/37179910/MiniRaftClusterWithGrpcbd37de5e/s0] (custom)
2019-09-24 16:15:38,077 INFO  server.RaftServerConfigKeys (ConfUtils.java:logGet(43)) - raft.server.log.appender.buffer.byte-limit = 4MB (=4194304) (default)
2019-09-24 16:15:38,077 INFO  server.RaftServerConfigKeys (ConfUtils.java:logGet(43)) - raft.server.log.corruption.policy = EXCEPTION (default)
2019-09-24 16:15:38,077 INFO  server.GrpcService (ConfUtils.java:logGet(43)) - raft.grpc.flow.control.window = 1MB (=1048576) (default)
2019-09-24 16:15:38,078 INFO  storage.RaftStorageDirectory (RaftStorageDirectory.java:analyzeStorage(246)) - The storage directory /workdir/ratis-test/target/test/data/37179910/MiniRaftClusterWithGrpcbd37de5e/s0/db46137b-4776-4757-ac51-a60c318f4140 does not exist. Creating ...
2019-09-24 16:15:38,078 INFO  server.RaftServerConfigKeys (ConfUtils.java:logGet(43)) - raft.server.rpc.request.timeout = 3000ms (default)
2019-09-24 16:15:38,079 INFO  server.RaftServerConfigKeys (ConfUtils.java:logGet(43)) - raft.server.storage.dir = [/workdir/ratis-test/target/test/data/37179910/MiniRaftClusterWithGrpcbd37de5e/s1] (custom)
2019-09-24 16:15:38,079 TRACE util.FileUtils (LogUtils.java:runAndLog(61)) - Successfully ran Files.createDirectories /workdir/ratis-test/target/test/data/37179910/MiniRaftClusterWithGrpcbd37de5e/s0/db46137b-4776-4757-ac51-a60c318f4140
2019-09-24 16:15:38,079 INFO  impl.RaftServerProxy (RaftServerProxy.java:addNew(89)) - s1: addNew group-A60C318F4140:[s0:0.0.0.0:35881, s1:0.0.0.0:35342, s2:0.0.0.0:36301] returns group-A60C318F4140:java.util.concurrent.CompletableFuture@4e64a4b1[Not completed]
2019-09-24 16:15:38,079 INFO  impl.RaftServerImpl (RaftServerImpl.java:<init>(95)) - s1: new RaftServerImpl for group-A60C318F4140:[s0:0.0.0.0:35881, s1:0.0.0.0:35342, s2:0.0.0.0:36301] with BaseStateMachine:uninitialized
2019-09-24 16:15:38,079 INFO  ratis.MiniRaftCluster (MiniRaftCluster.java:newRaftServer(330)) - newRaftServer: s2, group-A60C318F4140:[s0:0.0.0.0:35881, s1:0.0.0.0:35342, s2:0.0.0.0:36301], format? true
2019-09-24 16:15:38,080 INFO  server.RaftServerConfigKeys (ConfUtils.java:logGet(43)) - raft.server.rpc.timeout.min = 150ms (default)
2019-09-24 16:15:38,080 TRACE util.FileUtils (FileUtils.java:deleteFully(88)) - deleteFully target/test/data/37179910/MiniRaftClusterWithGrpcbd37de5e/s2
2019-09-24 16:15:38,080 INFO  server.RaftServerConfigKeys (ConfUtils.java:logGet(43)) - raft.server.rpc.timeout.max = 300ms (default)
2019-09-24 16:15:38,081 TRACE util.FileUtils (FileUtils.java:deleteFully(104)) - deleteFully: target/test/data/37179910/MiniRaftClusterWithGrpcbd37de5e/s2 does not exist.
2019-09-24 16:15:38,081 INFO  server.RaftServerConfigKeys (ConfUtils.java:logGet(43)) - raft.server.rpcslowness.timeout = 60s (default)
2019-09-24 16:15:38,081 INFO  ratis.MiniRaftCluster (MiniRaftCluster.java:newRaftServer(335)) - Formatted directory target/test/data/37179910/MiniRaftClusterWithGrpcbd37de5e/s2
2019-09-24 16:15:38,081 INFO  server.RaftServerConfigKeys (ConfUtils.java:logGet(43)) - raft.server.sleep.deviation.threshold = 300 (default)
2019-09-24 16:15:38,081 INFO  server.RaftServerConfigKeys (ConfUtils.java:logGet(43)) - raft.server.log.appender.install.snapshot.enabled = true (default)
2019-09-24 16:15:38,081 INFO  impl.RaftServerProxy (ConfUtils.java:logGet(43)) - raft.rpc.type = GRPC (default)
2019-09-24 16:15:38,081 INFO  impl.RaftServerImpl (ServerState.java:<init>(103)) - s1@group-A60C318F4140: ConfigurationManager, init=-1: [s0:0.0.0.0:35881, s1:0.0.0.0:35342, s2:0.0.0.0:36301], old=null, confs=<EMPTY_MAP>
2019-09-24 16:15:38,082 INFO  grpc.GrpcFactory (GrpcFactory.java:checkPooledByteBufAllocatorUseCacheForAllThreads(45)) - PERFORMANCE WARNING: useCacheForAllThreads is true that may cause Netty to create a lot garbage objects and, as a result, trigger GC.
	It is recommended to disable useCacheForAllThreads by setting -Dorg.apache.ratis.thirdparty.io.netty.allocator.useCacheForAllThreads=false in command line.
2019-09-24 16:15:38,082 INFO  server.RaftServerConfigKeys (ConfUtils.java:logGet(43)) - raft.server.storage.dir = [/workdir/ratis-test/target/test/data/37179910/MiniRaftClusterWithGrpcbd37de5e/s1] (custom)
2019-09-24 16:15:38,082 INFO  grpc.GrpcConfigKeys$Server (ConfUtils.java:logGet(43)) - raft.grpc.server.port = 36301 (custom)
2019-09-24 16:15:38,082 INFO  server.RaftServerConfigKeys (ConfUtils.java:logGet(43)) - raft.server.log.corruption.policy = EXCEPTION (default)
2019-09-24 16:15:38,082 INFO  server.GrpcService (ConfUtils.java:logGet(43)) - raft.grpc.message.size.max = 64MB (=67108864) (default)
2019-09-24 16:15:38,083 INFO  storage.RaftStorageDirectory (RaftStorageDirectory.java:analyzeStorage(246)) - The storage directory /workdir/ratis-test/target/test/data/37179910/MiniRaftClusterWithGrpcbd37de5e/s1/db46137b-4776-4757-ac51-a60c318f4140 does not exist. Creating ...
2019-09-24 16:15:38,083 INFO  server.RaftServerConfigKeys (ConfUtils.java:logGet(43)) - raft.server.log.appender.buffer.byte-limit = 4MB (=4194304) (default)
2019-09-24 16:15:38,083 INFO  server.GrpcService (ConfUtils.java:logGet(43)) - raft.grpc.flow.control.window = 1MB (=1048576) (default)
2019-09-24 16:15:38,083 INFO  server.RaftServerConfigKeys (ConfUtils.java:logGet(43)) - raft.server.rpc.request.timeout = 3000ms (default)
2019-09-24 16:15:38,083 TRACE util.FileUtils (LogUtils.java:runAndLog(61)) - Successfully ran Files.createDirectories /workdir/ratis-test/target/test/data/37179910/MiniRaftClusterWithGrpcbd37de5e/s1/db46137b-4776-4757-ac51-a60c318f4140
2019-09-24 16:15:38,084 INFO  server.RaftServerConfigKeys (ConfUtils.java:logGet(43)) - raft.server.storage.dir = [/workdir/ratis-test/target/test/data/37179910/MiniRaftClusterWithGrpcbd37de5e/s2] (custom)
2019-09-24 16:15:38,084 INFO  impl.RaftServerProxy (RaftServerProxy.java:addNew(89)) - s2: addNew group-A60C318F4140:[s0:0.0.0.0:35881, s1:0.0.0.0:35342, s2:0.0.0.0:36301] returns group-A60C318F4140:java.util.concurrent.CompletableFuture@218067d1[Not completed]
2019-09-24 16:15:38,084 INFO  impl.RaftServerImpl (RaftServerImpl.java:<init>(95)) - s2: new RaftServerImpl for group-A60C318F4140:[s0:0.0.0.0:35881, s1:0.0.0.0:35342, s2:0.0.0.0:36301] with BaseStateMachine:uninitialized
2019-09-24 16:15:38,085 INFO  server.RaftServerConfigKeys (ConfUtils.java:logGet(43)) - raft.server.rpc.timeout.min = 150ms (default)
2019-09-24 16:15:38,085 INFO  server.RaftServerConfigKeys (ConfUtils.java:logGet(43)) - raft.server.rpc.timeout.max = 300ms (default)
2019-09-24 16:15:38,085 INFO  server.RaftServerConfigKeys (ConfUtils.java:logGet(43)) - raft.server.rpcslowness.timeout = 60s (default)
2019-09-24 16:15:38,086 INFO  server.RaftServerConfigKeys (ConfUtils.java:logGet(43)) - raft.server.sleep.deviation.threshold = 300 (default)
2019-09-24 16:15:38,086 INFO  server.RaftServerConfigKeys (ConfUtils.java:logGet(43)) - raft.server.log.appender.install.snapshot.enabled = true (default)
2019-09-24 16:15:38,086 INFO  impl.RaftServerImpl (ServerState.java:<init>(103)) - s2@group-A60C318F4140: ConfigurationManager, init=-1: [s0:0.0.0.0:35881, s1:0.0.0.0:35342, s2:0.0.0.0:36301], old=null, confs=<EMPTY_MAP>
2019-09-24 16:15:38,086 INFO  server.RaftServerConfigKeys (ConfUtils.java:logGet(43)) - raft.server.storage.dir = [/workdir/ratis-test/target/test/data/37179910/MiniRaftClusterWithGrpcbd37de5e/s2] (custom)
2019-09-24 16:15:38,086 INFO  server.RaftServerConfigKeys (ConfUtils.java:logGet(43)) - raft.server.log.corruption.policy = EXCEPTION (default)
2019-09-24 16:15:38,087 INFO  storage.RaftStorageDirectory (RaftStorageDirectory.java:analyzeStorage(246)) - The storage directory /workdir/ratis-test/target/test/data/37179910/MiniRaftClusterWithGrpcbd37de5e/s2/db46137b-4776-4757-ac51-a60c318f4140 does not exist. Creating ...
2019-09-24 16:15:38,087 TRACE util.FileUtils (LogUtils.java:runAndLog(61)) - Successfully ran Files.createDirectories /workdir/ratis-test/target/test/data/37179910/MiniRaftClusterWithGrpcbd37de5e/s2/db46137b-4776-4757-ac51-a60c318f4140
2019-09-24 16:15:38,614 INFO  storage.RaftStorageDirectory (RaftStorageDirectory.java:tryLock(328)) - Lock on /workdir/ratis-test/target/test/data/37179910/MiniRaftClusterWithGrpcbd37de5e/s0/db46137b-4776-4757-ac51-a60c318f4140/in_use.lock acquired by nodename 21697@ratis-test-vphbd-3564017154
2019-09-24 16:15:38,614 INFO  storage.RaftStorageDirectory (RaftStorageDirectory.java:tryLock(328)) - Lock on /workdir/ratis-test/target/test/data/37179910/MiniRaftClusterWithGrpcbd37de5e/s1/db46137b-4776-4757-ac51-a60c318f4140/in_use.lock acquired by nodename 21697@ratis-test-vphbd-3564017154
2019-09-24 16:15:38,615 TRACE util.FileUtils (LogUtils.java:runAndLog(61)) - Successfully ran Files.createDirectories /workdir/ratis-test/target/test/data/37179910/MiniRaftClusterWithGrpcbd37de5e/s0/db46137b-4776-4757-ac51-a60c318f4140/current
2019-09-24 16:15:38,614 INFO  storage.RaftStorageDirectory (RaftStorageDirectory.java:tryLock(328)) - Lock on /workdir/ratis-test/target/test/data/37179910/MiniRaftClusterWithGrpcbd37de5e/s2/db46137b-4776-4757-ac51-a60c318f4140/in_use.lock acquired by nodename 21697@ratis-test-vphbd-3564017154
2019-09-24 16:15:38,615 TRACE util.FileUtils (LogUtils.java:runAndLog(61)) - Successfully ran Files.createDirectories /workdir/ratis-test/target/test/data/37179910/MiniRaftClusterWithGrpcbd37de5e/s0/db46137b-4776-4757-ac51-a60c318f4140/sm
2019-09-24 16:15:38,615 TRACE util.FileUtils (LogUtils.java:runAndLog(61)) - Successfully ran Files.createDirectories /workdir/ratis-test/target/test/data/37179910/MiniRaftClusterWithGrpcbd37de5e/s1/db46137b-4776-4757-ac51-a60c318f4140/current
2019-09-24 16:15:38,616 TRACE util.FileUtils (LogUtils.java:runAndLog(61)) - Successfully ran Files.createDirectories /workdir/ratis-test/target/test/data/37179910/MiniRaftClusterWithGrpcbd37de5e/s2/db46137b-4776-4757-ac51-a60c318f4140/current
2019-09-24 16:15:38,616 TRACE util.FileUtils (LogUtils.java:runAndLog(61)) - Successfully ran Files.createDirectories /workdir/ratis-test/target/test/data/37179910/MiniRaftClusterWithGrpcbd37de5e/s1/db46137b-4776-4757-ac51-a60c318f4140/sm
2019-09-24 16:15:38,616 TRACE util.FileUtils (LogUtils.java:runAndLog(61)) - Successfully ran Files.createDirectories /workdir/ratis-test/target/test/data/37179910/MiniRaftClusterWithGrpcbd37de5e/s2/db46137b-4776-4757-ac51-a60c318f4140/sm
2019-09-24 16:15:39,085 INFO  storage.RaftStorage (RaftStorage.java:format(84)) - Storage directory /workdir/ratis-test/target/test/data/37179910/MiniRaftClusterWithGrpcbd37de5e/s0/db46137b-4776-4757-ac51-a60c318f4140 has been successfully formatted.
2019-09-24 16:15:39,085 INFO  storage.RaftStorage (RaftStorage.java:format(84)) - Storage directory /workdir/ratis-test/target/test/data/37179910/MiniRaftClusterWithGrpcbd37de5e/s2/db46137b-4776-4757-ac51-a60c318f4140 has been successfully formatted.
2019-09-24 16:15:39,085 INFO  storage.RaftStorage (RaftStorage.java:format(84)) - Storage directory /workdir/ratis-test/target/test/data/37179910/MiniRaftClusterWithGrpcbd37de5e/s1/db46137b-4776-4757-ac51-a60c318f4140 has been successfully formatted.
2019-09-24 16:15:39,086 INFO  server.RaftServerConfigKeys (ConfUtils.java:logGet(43)) - raft.server.notification.no-leader.timeout = 60s (default)
2019-09-24 16:15:39,085 INFO  server.RaftServerConfigKeys (ConfUtils.java:logGet(43)) - raft.server.notification.no-leader.timeout = 60s (default)
2019-09-24 16:15:39,086 INFO  server.RaftServerConfigKeys (ConfUtils.java:logGet(43)) - raft.server.log.use.memory = false (default)
2019-09-24 16:15:39,086 INFO  server.RaftServerConfigKeys (ConfUtils.java:logGet(43)) - raft.server.notification.no-leader.timeout = 60s (default)
2019-09-24 16:15:39,086 INFO  server.RaftServerConfigKeys (ConfUtils.java:logGet(43)) - raft.server.log.purge.gap = 1024 (default)
2019-09-24 16:15:39,086 INFO  server.RaftServerConfigKeys (ConfUtils.java:logGet(43)) - raft.server.log.use.memory = false (default)
2019-09-24 16:15:39,087 INFO  server.RaftServerConfigKeys (ConfUtils.java:logGet(43)) - raft.server.log.appender.buffer.byte-limit = 4MB (=4194304) (default)
2019-09-24 16:15:39,086 INFO  server.RaftServerConfigKeys (ConfUtils.java:logGet(43)) - raft.server.log.use.memory = false (default)
2019-09-24 16:15:39,087 INFO  server.RaftServerConfigKeys (ConfUtils.java:logGet(43)) - raft.server.log.segment.size.max = 8MB (=8388608) (default)
2019-09-24 16:15:39,087 INFO  server.RaftServerConfigKeys (ConfUtils.java:logGet(43)) - raft.server.log.purge.gap = 1024 (default)
2019-09-24 16:15:39,087 INFO  server.RaftServerConfigKeys (ConfUtils.java:logGet(43)) - raft.server.log.segment.cache.num.max = 6 (default)
2019-09-24 16:15:39,087 INFO  server.RaftServerConfigKeys (ConfUtils.java:logGet(43)) - raft.server.log.purge.gap = 1024 (default)
2019-09-24 16:15:39,088 INFO  segmented.SegmentedRaftLogWorker (SegmentedRaftLogWorker.java:<init>(172)) - new s2@group-A60C318F4140-SegmentedRaftLogWorker for RaftStorage:Storage Directory /workdir/ratis-test/target/test/data/37179910/MiniRaftClusterWithGrpcbd37de5e/s2/db46137b-4776-4757-ac51-a60c318f4140
2019-09-24 16:15:39,087 INFO  server.RaftServerConfigKeys (ConfUtils.java:logGet(43)) - raft.server.log.appender.buffer.byte-limit = 4MB (=4194304) (default)
2019-09-24 16:15:39,088 INFO  server.RaftServerConfigKeys (ConfUtils.java:logGet(43)) - raft.server.log.queue.byte-limit = 64MB (=67108864) (default)
2019-09-24 16:15:39,088 INFO  server.RaftServerConfigKeys (ConfUtils.java:logGet(43)) - raft.server.log.appender.buffer.byte-limit = 4MB (=4194304) (default)
2019-09-24 16:15:39,088 INFO  server.RaftServerConfigKeys (ConfUtils.java:logGet(43)) - raft.server.log.queue.element-limit = 4096 (default)
2019-09-24 16:15:39,088 INFO  server.RaftServerConfigKeys (ConfUtils.java:logGet(43)) - raft.server.log.segment.size.max = 8MB (=8388608) (default)
2019-09-24 16:15:39,089 INFO  server.RaftServerConfigKeys (ConfUtils.java:logGet(43)) - raft.server.log.segment.size.max = 8MB (=8388608) (default)
2019-09-24 16:15:39,089 INFO  server.RaftServerConfigKeys (ConfUtils.java:logGet(43)) - raft.server.log.segment.size.max = 8MB (=8388608) (default)
2019-09-24 16:15:39,089 INFO  server.RaftServerConfigKeys (ConfUtils.java:logGet(43)) - raft.server.log.preallocated.size = 4MB (=4194304) (default)
2019-09-24 16:15:39,089 INFO  server.RaftServerConfigKeys (ConfUtils.java:logGet(43)) - raft.server.log.segment.cache.num.max = 6 (default)
2019-09-24 16:15:39,089 INFO  server.RaftServerConfigKeys (ConfUtils.java:logGet(43)) - raft.server.log.write.buffer.size = 64KB (=65536) (default)
2019-09-24 16:15:39,090 INFO  server.RaftServerConfigKeys (ConfUtils.java:logGet(43)) - raft.server.log.force.sync.num = 128 (default)
2019-09-24 16:15:39,089 INFO  server.RaftServerConfigKeys (ConfUtils.java:logGet(43)) - raft.server.log.segment.cache.num.max = 6 (default)
2019-09-24 16:15:39,090 INFO  server.RaftServerConfigKeys (ConfUtils.java:logGet(43)) - raft.server.log.statemachine.data.sync = true (default)
2019-09-24 16:15:39,090 INFO  server.RaftServerConfigKeys (ConfUtils.java:logGet(43)) - raft.server.log.statemachine.data.sync.timeout = 10s (default)
2019-09-24 16:15:39,090 INFO  segmented.SegmentedRaftLogWorker (SegmentedRaftLogWorker.java:<init>(172)) - new s0@group-A60C318F4140-SegmentedRaftLogWorker for RaftStorage:Storage Directory /workdir/ratis-test/target/test/data/37179910/MiniRaftClusterWithGrpcbd37de5e/s0/db46137b-4776-4757-ac51-a60c318f4140
2019-09-24 16:15:39,090 INFO  server.RaftServerConfigKeys (ConfUtils.java:logGet(43)) - raft.server.log.statemachine.data.sync.timeout.retry = -1 (default)
2019-09-24 16:15:39,090 INFO  segmented.SegmentedRaftLogWorker (SegmentedRaftLogWorker.java:<init>(172)) - new s1@group-A60C318F4140-SegmentedRaftLogWorker for RaftStorage:Storage Directory /workdir/ratis-test/target/test/data/37179910/MiniRaftClusterWithGrpcbd37de5e/s1/db46137b-4776-4757-ac51-a60c318f4140
2019-09-24 16:15:39,091 INFO  server.RaftServerConfigKeys (ConfUtils.java:logGet(43)) - raft.server.log.statemachine.data.caching.enabled = false (default)
2019-09-24 16:15:39,091 INFO  server.RaftServerConfigKeys (ConfUtils.java:logGet(43)) - raft.server.log.queue.byte-limit = 64MB (=67108864) (default)
2019-09-24 16:15:39,091 INFO  server.RaftServerConfigKeys (ConfUtils.java:logGet(43)) - raft.server.log.queue.element-limit = 4096 (default)
2019-09-24 16:15:39,091 INFO  server.RaftServerConfigKeys (ConfUtils.java:logGet(43)) - raft.server.log.queue.byte-limit = 64MB (=67108864) (default)
2019-09-24 16:15:39,092 INFO  segmented.SegmentedRaftLogWorker (SegmentedRaftLogWorker.java:lambda$new$0(132)) - s2@group-A60C318F4140-SegmentedRaftLogWorker: flushIndex: setUnconditionally 0 -> -1
2019-09-24 16:15:39,092 INFO  server.RaftServerConfigKeys (ConfUtils.java:logGet(43)) - raft.server.log.segment.size.max = 8MB (=8388608) (default)
2019-09-24 16:15:39,092 INFO  server.RaftServerConfigKeys (ConfUtils.java:logGet(43)) - raft.server.log.queue.element-limit = 4096 (default)
2019-09-24 16:15:39,092 INFO  server.RaftServerConfigKeys (ConfUtils.java:logGet(43)) - raft.server.log.preallocated.size = 4MB (=4194304) (default)
2019-09-24 16:15:39,092 INFO  server.RaftServerConfigKeys (ConfUtils.java:logGet(43)) - raft.server.log.segment.size.max = 8MB (=8388608) (default)
2019-09-24 16:15:39,092 INFO  server.RaftServerConfigKeys (ConfUtils.java:logGet(43)) - raft.server.snapshot.auto.trigger.enabled = false (default)
2019-09-24 16:15:39,093 INFO  server.RaftServerConfigKeys (ConfUtils.java:logGet(43)) - raft.server.log.preallocated.size = 4MB (=4194304) (default)
2019-09-24 16:15:39,093 INFO  server.RaftServerConfigKeys (ConfUtils.java:logGet(43)) - raft.server.log.write.buffer.size = 64KB (=65536) (default)
2019-09-24 16:15:39,092 INFO  server.RaftServerConfigKeys (ConfUtils.java:logGet(43)) - raft.server.log.write.buffer.size = 64KB (=65536) (default)
2019-09-24 16:15:39,093 INFO  server.RaftServerConfigKeys (ConfUtils.java:logGet(43)) - raft.server.log.force.sync.num = 128 (default)
2019-09-24 16:15:39,093 INFO  server.RaftServerConfigKeys (ConfUtils.java:logGet(43)) - raft.server.snapshot.retention.file.num = -1 (default)
2019-09-24 16:15:39,093 INFO  server.RaftServerConfigKeys (ConfUtils.java:logGet(43)) - raft.server.log.statemachine.data.sync = true (default)
2019-09-24 16:15:39,093 INFO  server.RaftServerConfigKeys (ConfUtils.java:logGet(43)) - raft.server.log.force.sync.num = 128 (default)
2019-09-24 16:15:39,094 INFO  server.RaftServerConfigKeys (ConfUtils.java:logGet(43)) - raft.server.log.statemachine.data.sync = true (default)
2019-09-24 16:15:39,094 INFO  server.RaftServerConfigKeys (ConfUtils.java:logGet(43)) - raft.server.log.statemachine.data.sync.timeout = 10s (default)
2019-09-24 16:15:39,094 INFO  server.RaftServerConfigKeys (ConfUtils.java:logGet(43)) - raft.server.retrycache.expirytime = 60s (default)
2019-09-24 16:15:39,094 INFO  server.RaftServerConfigKeys (ConfUtils.java:logGet(43)) - raft.server.log.statemachine.data.sync.timeout.retry = -1 (default)
2019-09-24 16:15:39,094 INFO  server.RaftServerConfigKeys (ConfUtils.java:logGet(43)) - raft.server.log.statemachine.data.sync.timeout = 10s (default)
2019-09-24 16:15:39,095 INFO  server.RaftServerConfigKeys (ConfUtils.java:logGet(43)) - raft.server.log.statemachine.data.caching.enabled = false (default)
2019-09-24 16:15:39,095 INFO  server.RaftServerConfigKeys (ConfUtils.java:logGet(43)) - raft.server.log.statemachine.data.sync.timeout.retry = -1 (default)
2019-09-24 16:15:39,095 INFO  server.RaftServerConfigKeys (ConfUtils.java:logGet(43)) - raft.server.log.statemachine.data.caching.enabled = false (default)
2019-09-24 16:15:39,095 INFO  segmented.SegmentedRaftLogWorker (SegmentedRaftLogWorker.java:lambda$new$0(132)) - s1@group-A60C318F4140-SegmentedRaftLogWorker: flushIndex: setUnconditionally 0 -> -1
2019-09-24 16:15:39,096 INFO  segmented.SegmentedRaftLogWorker (SegmentedRaftLogWorker.java:lambda$new$0(132)) - s0@group-A60C318F4140-SegmentedRaftLogWorker: flushIndex: setUnconditionally 0 -> -1
2019-09-24 16:15:39,096 INFO  server.RaftServerConfigKeys (ConfUtils.java:logGet(43)) - raft.server.snapshot.auto.trigger.enabled = false (default)
2019-09-24 16:15:39,096 INFO  server.RaftServerConfigKeys (ConfUtils.java:logGet(43)) - raft.server.snapshot.retention.file.num = -1 (default)
2019-09-24 16:15:39,096 INFO  server.RaftServerConfigKeys (ConfUtils.java:logGet(43)) - raft.server.snapshot.auto.trigger.enabled = false (default)
2019-09-24 16:15:39,096 INFO  server.RaftServerConfigKeys (ConfUtils.java:logGet(43)) - raft.server.retrycache.expirytime = 60s (default)
2019-09-24 16:15:39,096 INFO  server.RaftServerConfigKeys (ConfUtils.java:logGet(43)) - raft.server.snapshot.retention.file.num = -1 (default)
2019-09-24 16:15:39,096 INFO  server.RaftServerConfigKeys (ConfUtils.java:logGet(43)) - raft.server.retrycache.expirytime = 60s (default)
2019-09-24 16:15:39,101 INFO  impl.RaftServerImpl (RaftServerImpl.java:start(181)) - s0@group-A60C318F4140: start as a follower, conf=-1: [s0:0.0.0.0:35881, s1:0.0.0.0:35342, s2:0.0.0.0:36301], old=null
2019-09-24 16:15:39,101 INFO  impl.RaftServerImpl (RaftServerImpl.java:setRole(170)) - s0@group-A60C318F4140: changes role from      null to FOLLOWER at term 0 for startAsFollower
2019-09-24 16:15:39,102 INFO  impl.RoleInfo (RoleInfo.java:updateAndGet(143)) - s0: start FollowerState
2019-09-24 16:15:39,102 INFO  util.JmxRegister (JmxRegister.java:tryRegister(44)) - Successfully registered JMX Bean with object name Ratis:service=RaftServer,group=group-A60C318F4140,id=s0
2019-09-24 16:15:39,105 INFO  impl.RaftServerProxy (RaftServerProxy.java:lambda$start$3(299)) - s0: start RPC server
2019-09-24 16:15:39,107 INFO  server.GrpcService (GrpcService.java:startImpl(158)) - s0: GrpcService started, listening on 0.0.0.0/0.0.0.0:35881
2019-09-24 16:15:39,108 INFO  impl.RaftServerImpl (RaftServerImpl.java:start(181)) - s1@group-A60C318F4140: start as a follower, conf=-1: [s0:0.0.0.0:35881, s1:0.0.0.0:35342, s2:0.0.0.0:36301], old=null
2019-09-24 16:15:39,109 INFO  impl.RaftServerImpl (RaftServerImpl.java:setRole(170)) - s1@group-A60C318F4140: changes role from      null to FOLLOWER at term 0 for startAsFollower
2019-09-24 16:15:39,109 INFO  impl.RoleInfo (RoleInfo.java:updateAndGet(143)) - s1: start FollowerState
2019-09-24 16:15:39,109 INFO  util.JmxRegister (JmxRegister.java:tryRegister(44)) - Successfully registered JMX Bean with object name Ratis:service=RaftServer,group=group-A60C318F4140,id=s1
2019-09-24 16:15:39,112 INFO  impl.RaftServerProxy (RaftServerProxy.java:lambda$start$3(299)) - s1: start RPC server
2019-09-24 16:15:39,113 INFO  server.GrpcService (GrpcService.java:startImpl(158)) - s1: GrpcService started, listening on 0.0.0.0/0.0.0.0:35342
2019-09-24 16:15:39,114 INFO  impl.RaftServerImpl (RaftServerImpl.java:start(181)) - s2@group-A60C318F4140: start as a follower, conf=-1: [s0:0.0.0.0:35881, s1:0.0.0.0:35342, s2:0.0.0.0:36301], old=null
2019-09-24 16:15:39,114 INFO  impl.RaftServerImpl (RaftServerImpl.java:setRole(170)) - s2@group-A60C318F4140: changes role from      null to FOLLOWER at term 0 for startAsFollower
2019-09-24 16:15:39,114 INFO  impl.RoleInfo (RoleInfo.java:updateAndGet(143)) - s2: start FollowerState
2019-09-24 16:15:39,115 INFO  util.JmxRegister (JmxRegister.java:tryRegister(44)) - Successfully registered JMX Bean with object name Ratis:service=RaftServer,group=group-A60C318F4140,id=s2
2019-09-24 16:15:39,117 INFO  impl.RaftServerProxy (RaftServerProxy.java:lambda$start$3(299)) - s2: start RPC server
2019-09-24 16:15:39,118 INFO  server.GrpcService (GrpcService.java:startImpl(158)) - s2: GrpcService started, listening on 0.0.0.0/0.0.0.0:36301
2019-09-24 16:15:39,118 INFO  server.RaftServerConfigKeys (ConfUtils.java:logGet(43)) - raft.server.rpc.timeout.max = 300ms (default)
2019-09-24 16:15:39,118 INFO  ratis.RaftTestUtil (RaftTestUtil.java:waitForLeader(86)) - printing ALL groups
  s0:  RUNNING  FOLLOWER s0@group-A60C318F4140:t0, leader=null, voted=null, raftlog=s0@group-A60C318F4140-SegmentedRaftLog:OPENED:c-1,f-1,i0, conf=-1: [s0:0.0.0.0:35881, s1:0.0.0.0:35342, s2:0.0.0.0:36301], old=null RUNNING
  s1:  RUNNING  FOLLOWER s1@group-A60C318F4140:t0, leader=null, voted=null, raftlog=s1@group-A60C318F4140-SegmentedRaftLog:OPENED:c-1,f-1,i0, conf=-1: [s0:0.0.0.0:35881, s1:0.0.0.0:35342, s2:0.0.0.0:36301], old=null RUNNING
  s2:  RUNNING  FOLLOWER s2@group-A60C318F4140:t0, leader=null, voted=null, raftlog=s2@group-A60C318F4140-SegmentedRaftLog:OPENED:c-1,f-1,i0, conf=-1: [s0:0.0.0.0:35881, s1:0.0.0.0:35342, s2:0.0.0.0:36301], old=null RUNNING
2019-09-24 16:15:39,119 WARN  ratis.RaftTestUtil (JavaUtils.java:attempt(158)) - FAILED "waitForLeader-null-(expectLeader? true)", attempt #1/100: java.lang.IllegalStateException: No leader yet : printing ALL groups
  s0:  RUNNING  FOLLOWER s0@group-A60C318F4140:t0, leader=null, voted=null, raftlog=s0@group-A60C318F4140-SegmentedRaftLog:OPENED:c-1,f-1,i0, conf=-1: [s0:0.0.0.0:35881, s1:0.0.0.0:35342, s2:0.0.0.0:36301], old=null RUNNING
  s1:  RUNNING  FOLLOWER s1@group-A60C318F4140:t0, leader=null, voted=null, raftlog=s1@group-A60C318F4140-SegmentedRaftLog:OPENED:c-1,f-1,i0, conf=-1: [s0:0.0.0.0:35881, s1:0.0.0.0:35342, s2:0.0.0.0:36301], old=null RUNNING
  s2:  RUNNING  FOLLOWER s2@group-A60C318F4140:t0, leader=null, voted=null, raftlog=s2@group-A60C318F4140-SegmentedRaftLog:OPENED:c-1,f-1,i0, conf=-1: [s0:0.0.0.0:35881, s1:0.0.0.0:35342, s2:0.0.0.0:36301], old=null RUNNING, sleep 450ms and then retry.
java.lang.IllegalStateException: No leader yet : printing ALL groups
  s0:  RUNNING  FOLLOWER s0@group-A60C318F4140:t0, leader=null, voted=null, raftlog=s0@group-A60C318F4140-SegmentedRaftLog:OPENED:c-1,f-1,i0, conf=-1: [s0:0.0.0.0:35881, s1:0.0.0.0:35342, s2:0.0.0.0:36301], old=null RUNNING
  s1:  RUNNING  FOLLOWER s1@group-A60C318F4140:t0, leader=null, voted=null, raftlog=s1@group-A60C318F4140-SegmentedRaftLog:OPENED:c-1,f-1,i0, conf=-1: [s0:0.0.0.0:35881, s1:0.0.0.0:35342, s2:0.0.0.0:36301], old=null RUNNING
  s2:  RUNNING  FOLLOWER s2@group-A60C318F4140:t0, leader=null, voted=null, raftlog=s2@group-A60C318F4140-SegmentedRaftLog:OPENED:c-1,f-1,i0, conf=-1: [s0:0.0.0.0:35881, s1:0.0.0.0:35342, s2:0.0.0.0:36301], old=null RUNNING
	at org.apache.ratis.MiniRaftCluster.newIllegalStateExceptionForNoLeaders(MiniRaftCluster.java:506)
	at org.apache.ratis.RaftTestUtil.lambda$waitForLeader$1(RaftTestUtil.java:90)
	at org.apache.ratis.MiniRaftCluster.getLeader(MiniRaftCluster.java:539)
	at org.apache.ratis.MiniRaftCluster.getLeader(MiniRaftCluster.java:532)
	at org.apache.ratis.RaftTestUtil.lambda$waitForLeader$3(RaftTestUtil.java:98)
	at org.apache.ratis.util.JavaUtils.attempt(JavaUtils.java:152)
	at org.apache.ratis.RaftTestUtil.waitForLeader(RaftTestUtil.java:97)
	at org.apache.ratis.RaftTestUtil.waitForLeader(RaftTestUtil.java:77)
	at org.apache.ratis.RaftTestUtil.waitForLeader(RaftTestUtil.java:72)
	at org.apache.ratis.server.impl.RaftReconfigurationBaseTest.runTestOverlappedSetConfRequests(RaftReconfigurationBaseTest.java:427)
	at org.apache.ratis.MiniRaftCluster$Factory$Get.runWithNewCluster(MiniRaftCluster.java:125)
	at org.apache.ratis.MiniRaftCluster$Factory$Get.runWithNewCluster(MiniRaftCluster.java:113)
	at org.apache.ratis.server.impl.RaftReconfigurationBaseTest.testOverlappedSetConfRequests(RaftReconfigurationBaseTest.java:422)
	at sun.reflect.NativeMethodAccessorImpl.invoke0(Native Method)
	at sun.reflect.NativeMethodAccessorImpl.invoke(NativeMethodAccessorImpl.java:62)
	at sun.reflect.DelegatingMethodAccessorImpl.invoke(DelegatingMethodAccessorImpl.java:43)
	at java.lang.reflect.Method.invoke(Method.java:498)
	at org.junit.runners.model.FrameworkMethod$1.runReflectiveCall(FrameworkMethod.java:50)
	at org.junit.internal.runners.model.ReflectiveCallable.run(ReflectiveCallable.java:12)
	at org.junit.runners.model.FrameworkMethod.invokeExplosively(FrameworkMethod.java:47)
	at org.junit.internal.runners.statements.InvokeMethod.evaluate(InvokeMethod.java:17)
	at org.junit.internal.runners.statements.RunAfters.evaluate(RunAfters.java:27)
	at org.junit.internal.runners.statements.FailOnTimeout$CallableStatement.call(FailOnTimeout.java:298)
	at org.junit.internal.runners.statements.FailOnTimeout$CallableStatement.call(FailOnTimeout.java:292)
	at java.util.concurrent.FutureTask.run(FutureTask.java:266)
	at java.lang.Thread.run(Thread.java:748)
2019-09-24 16:15:39,280 INFO  impl.FollowerState (FollowerState.java:run(108)) - s2@group-A60C318F4140-FollowerState: change to CANDIDATE, lastRpcTime:165ms, electionTimeout:165ms
2019-09-24 16:15:39,280 INFO  impl.RoleInfo (RoleInfo.java:shutdownFollowerState(121)) - s2: shutdown FollowerState
2019-09-24 16:15:39,280 INFO  impl.RaftServerImpl (RaftServerImpl.java:setRole(170)) - s2@group-A60C318F4140: changes role from  FOLLOWER to CANDIDATE at term 0 for changeToCandidate
2019-09-24 16:15:39,280 INFO  impl.RoleInfo (RoleInfo.java:updateAndGet(143)) - s2: start LeaderElection
2019-09-24 16:15:39,339 INFO  impl.FollowerState (FollowerState.java:run(108)) - s0@group-A60C318F4140-FollowerState: change to CANDIDATE, lastRpcTime:237ms, electionTimeout:237ms
2019-09-24 16:15:39,340 INFO  impl.RoleInfo (RoleInfo.java:shutdownFollowerState(121)) - s0: shutdown FollowerState
2019-09-24 16:15:39,340 INFO  impl.RaftServerImpl (RaftServerImpl.java:setRole(170)) - s0@group-A60C318F4140: changes role from  FOLLOWER to CANDIDATE at term 0 for changeToCandidate
2019-09-24 16:15:39,340 INFO  impl.RoleInfo (RoleInfo.java:updateAndGet(143)) - s0: start LeaderElection
2019-09-24 16:15:39,353 INFO  impl.FollowerState (FollowerState.java:run(108)) - s1@group-A60C318F4140-FollowerState: change to CANDIDATE, lastRpcTime:244ms, electionTimeout:244ms
2019-09-24 16:15:39,354 INFO  impl.RoleInfo (RoleInfo.java:shutdownFollowerState(121)) - s1: shutdown FollowerState
2019-09-24 16:15:39,354 INFO  impl.RaftServerImpl (RaftServerImpl.java:setRole(170)) - s1@group-A60C318F4140: changes role from  FOLLOWER to CANDIDATE at term 0 for changeToCandidate
2019-09-24 16:15:39,354 INFO  impl.RoleInfo (RoleInfo.java:updateAndGet(143)) - s1: start LeaderElection
2019-09-24 16:15:39,570 WARN  ratis.RaftTestUtil (JavaUtils.java:attempt(158)) - FAILED "waitForLeader-null-(expectLeader? true)", attempt #2/100: java.lang.IllegalStateException: No leader yet : printing ALL groups
  s0:  RUNNING CANDIDATE s0@group-A60C318F4140:t1, leader=null, voted=s0, raftlog=s0@group-A60C318F4140-SegmentedRaftLog:OPENED:c-1,f-1,i0, conf=-1: [s0:0.0.0.0:35881, s1:0.0.0.0:35342, s2:0.0.0.0:36301], old=null RUNNING
  s1:  RUNNING CANDIDATE s1@group-A60C318F4140:t1, leader=null, voted=s1, raftlog=s1@group-A60C318F4140-SegmentedRaftLog:OPENED:c-1,f-1,i0, conf=-1: [s0:0.0.0.0:35881, s1:0.0.0.0:35342, s2:0.0.0.0:36301], old=null RUNNING
  s2:  RUNNING CANDIDATE s2@group-A60C318F4140:t1, leader=null, voted=s2, raftlog=s2@group-A60C318F4140-SegmentedRaftLog:OPENED:c-1,f-1,i0, conf=-1: [s0:0.0.0.0:35881, s1:0.0.0.0:35342, s2:0.0.0.0:36301], old=null RUNNING, sleep 450ms and then retry.
java.lang.IllegalStateException: No leader yet : printing ALL groups
  s0:  RUNNING CANDIDATE s0@group-A60C318F4140:t1, leader=null, voted=s0, raftlog=s0@group-A60C318F4140-SegmentedRaftLog:OPENED:c-1,f-1,i0, conf=-1: [s0:0.0.0.0:35881, s1:0.0.0.0:35342, s2:0.0.0.0:36301], old=null RUNNING
  s1:  RUNNING CANDIDATE s1@group-A60C318F4140:t1, leader=null, voted=s1, raftlog=s1@group-A60C318F4140-SegmentedRaftLog:OPENED:c-1,f-1,i0, conf=-1: [s0:0.0.0.0:35881, s1:0.0.0.0:35342, s2:0.0.0.0:36301], old=null RUNNING
  s2:  RUNNING CANDIDATE s2@group-A60C318F4140:t1, leader=null, voted=s2, raftlog=s2@group-A60C318F4140-SegmentedRaftLog:OPENED:c-1,f-1,i0, conf=-1: [s0:0.0.0.0:35881, s1:0.0.0.0:35342, s2:0.0.0.0:36301], old=null RUNNING
	at org.apache.ratis.MiniRaftCluster.newIllegalStateExceptionForNoLeaders(MiniRaftCluster.java:506)
	at org.apache.ratis.RaftTestUtil.lambda$waitForLeader$1(RaftTestUtil.java:90)
	at org.apache.ratis.MiniRaftCluster.getLeader(MiniRaftCluster.java:539)
	at org.apache.ratis.MiniRaftCluster.getLeader(MiniRaftCluster.java:532)
	at org.apache.ratis.RaftTestUtil.lambda$waitForLeader$3(RaftTestUtil.java:98)
	at org.apache.ratis.util.JavaUtils.attempt(JavaUtils.java:152)
	at org.apache.ratis.RaftTestUtil.waitForLeader(RaftTestUtil.java:97)
	at org.apache.ratis.RaftTestUtil.waitForLeader(RaftTestUtil.java:77)
	at org.apache.ratis.RaftTestUtil.waitForLeader(RaftTestUtil.java:72)
	at org.apache.ratis.server.impl.RaftReconfigurationBaseTest.runTestOverlappedSetConfRequests(RaftReconfigurationBaseTest.java:427)
	at org.apache.ratis.MiniRaftCluster$Factory$Get.runWithNewCluster(MiniRaftCluster.java:125)
	at org.apache.ratis.MiniRaftCluster$Factory$Get.runWithNewCluster(MiniRaftCluster.java:113)
	at org.apache.ratis.server.impl.RaftReconfigurationBaseTest.testOverlappedSetConfRequests(RaftReconfigurationBaseTest.java:422)
	at sun.reflect.NativeMethodAccessorImpl.invoke0(Native Method)
	at sun.reflect.NativeMethodAccessorImpl.invoke(NativeMethodAccessorImpl.java:62)
	at sun.reflect.DelegatingMethodAccessorImpl.invoke(DelegatingMethodAccessorImpl.java:43)
	at java.lang.reflect.Method.invoke(Method.java:498)
	at org.junit.runners.model.FrameworkMethod$1.runReflectiveCall(FrameworkMethod.java:50)
	at org.junit.internal.runners.model.ReflectiveCallable.run(ReflectiveCallable.java:12)
	at org.junit.runners.model.FrameworkMethod.invokeExplosively(FrameworkMethod.java:47)
	at org.junit.internal.runners.statements.InvokeMethod.evaluate(InvokeMethod.java:17)
	at org.junit.internal.runners.statements.RunAfters.evaluate(RunAfters.java:27)
	at org.junit.internal.runners.statements.FailOnTimeout$CallableStatement.call(FailOnTimeout.java:298)
	at org.junit.internal.runners.statements.FailOnTimeout$CallableStatement.call(FailOnTimeout.java:292)
	at java.util.concurrent.FutureTask.run(FutureTask.java:266)
	at java.lang.Thread.run(Thread.java:748)
2019-09-24 16:15:39,829 INFO  impl.LeaderElection (LeaderElection.java:askForVotes(178)) - s1@group-A60C318F4140-LeaderElection50: begin an election at term 1 for -1: [s0:0.0.0.0:35881, s1:0.0.0.0:35342, s2:0.0.0.0:36301], old=null
2019-09-24 16:15:39,829 INFO  impl.LeaderElection (LeaderElection.java:askForVotes(178)) - s2@group-A60C318F4140-LeaderElection48: begin an election at term 1 for -1: [s0:0.0.0.0:35881, s1:0.0.0.0:35342, s2:0.0.0.0:36301], old=null
2019-09-24 16:15:39,829 INFO  impl.LeaderElection (LeaderElection.java:askForVotes(178)) - s0@group-A60C318F4140-LeaderElection49: begin an election at term 1 for -1: [s0:0.0.0.0:35881, s1:0.0.0.0:35342, s2:0.0.0.0:36301], old=null
2019-09-24 16:15:39,838 DEBUG impl.RaftServerImpl (RaftServerImpl.java:requestVote(743)) - s2@group-A60C318F4140: receive requestVote(s1, group-A60C318F4140, 1, (t:0, i:0))
2019-09-24 16:15:39,839 DEBUG impl.RaftServerImpl (RaftServerImpl.java:requestVote(743)) - s0@group-A60C318F4140: receive requestVote(s1, group-A60C318F4140, 1, (t:0, i:0))
2019-09-24 16:15:39,839 DEBUG impl.RaftServerImpl (RaftServerImpl.java:requestVote(743)) - s1@group-A60C318F4140: receive requestVote(s2, group-A60C318F4140, 1, (t:0, i:0))
2019-09-24 16:15:39,839 DEBUG impl.RaftServerImpl (RaftServerImpl.java:requestVote(775)) - s0@group-A60C318F4140 replies to vote request: s1<-s0#0:FAIL-t1. Peer's state: s0@group-A60C318F4140:t1, leader=null, voted=s0, raftlog=s0@group-A60C318F4140-SegmentedRaftLog:OPENED:c-1,f-1,i0, conf=-1: [s0:0.0.0.0:35881, s1:0.0.0.0:35342, s2:0.0.0.0:36301], old=null
2019-09-24 16:15:39,839 DEBUG impl.RaftServerImpl (RaftServerImpl.java:requestVote(775)) - s2@group-A60C318F4140 replies to vote request: s1<-s2#0:FAIL-t1. Peer's state: s2@group-A60C318F4140:t1, leader=null, voted=s2, raftlog=s2@group-A60C318F4140-SegmentedRaftLog:OPENED:c-1,f-1,i0, conf=-1: [s0:0.0.0.0:35881, s1:0.0.0.0:35342, s2:0.0.0.0:36301], old=null
2019-09-24 16:15:39,840 DEBUG impl.RaftServerImpl (RaftServerImpl.java:requestVote(743)) - s1@group-A60C318F4140: receive requestVote(s0, group-A60C318F4140, 1, (t:0, i:0))
2019-09-24 16:15:39,839 DEBUG impl.RaftServerImpl (RaftServerImpl.java:requestVote(775)) - s1@group-A60C318F4140 replies to vote request: s2<-s1#0:FAIL-t1. Peer's state: s1@group-A60C318F4140:t1, leader=null, voted=s1, raftlog=s1@group-A60C318F4140-SegmentedRaftLog:OPENED:c-1,f-1,i0, conf=-1: [s0:0.0.0.0:35881, s1:0.0.0.0:35342, s2:0.0.0.0:36301], old=null
2019-09-24 16:15:39,840 DEBUG impl.RaftServerImpl (RaftServerImpl.java:requestVote(743)) - s0@group-A60C318F4140: receive requestVote(s2, group-A60C318F4140, 1, (t:0, i:0))
2019-09-24 16:15:39,840 DEBUG impl.RaftServerImpl (RaftServerImpl.java:requestVote(743)) - s2@group-A60C318F4140: receive requestVote(s0, group-A60C318F4140, 1, (t:0, i:0))
2019-09-24 16:15:39,841 DEBUG impl.RaftServerImpl (RaftServerImpl.java:requestVote(775)) - s0@group-A60C318F4140 replies to vote request: s2<-s0#0:FAIL-t1. Peer's state: s0@group-A60C318F4140:t1, leader=null, voted=s0, raftlog=s0@group-A60C318F4140-SegmentedRaftLog:OPENED:c-1,f-1,i0, conf=-1: [s0:0.0.0.0:35881, s1:0.0.0.0:35342, s2:0.0.0.0:36301], old=null
2019-09-24 16:15:39,841 INFO  impl.LeaderElection (LeaderElection.java:logAndReturn(56)) - s1@group-A60C318F4140-LeaderElection50: Election REJECTED; received 2 response(s) [s1<-s0#0:FAIL-t1, s1<-s2#0:FAIL-t1] and 0 exception(s); s1@group-A60C318F4140:t1, leader=null, voted=s1, raftlog=s1@group-A60C318F4140-SegmentedRaftLog:OPENED:c-1,f-1,i0, conf=-1: [s0:0.0.0.0:35881, s1:0.0.0.0:35342, s2:0.0.0.0:36301], old=null
2019-09-24 16:15:39,840 DEBUG impl.RaftServerImpl (RaftServerImpl.java:requestVote(775)) - s1@group-A60C318F4140 replies to vote request: s0<-s1#0:FAIL-t1. Peer's state: s1@group-A60C318F4140:t1, leader=null, voted=s1, raftlog=s1@group-A60C318F4140-SegmentedRaftLog:OPENED:c-1,f-1,i0, conf=-1: [s0:0.0.0.0:35881, s1:0.0.0.0:35342, s2:0.0.0.0:36301], old=null
2019-09-24 16:15:39,841 DEBUG impl.RaftServerImpl (RaftServerImpl.java:requestVote(775)) - s2@group-A60C318F4140 replies to vote request: s0<-s2#0:FAIL-t1. Peer's state: s2@group-A60C318F4140:t1, leader=null, voted=s2, raftlog=s2@group-A60C318F4140-SegmentedRaftLog:OPENED:c-1,f-1,i0, conf=-1: [s0:0.0.0.0:35881, s1:0.0.0.0:35342, s2:0.0.0.0:36301], old=null
2019-09-24 16:15:39,842 INFO  impl.LeaderElection (LeaderElection.java:logAndReturn(56)) - s2@group-A60C318F4140-LeaderElection48: Election REJECTED; received 2 response(s) [s2<-s0#0:FAIL-t1, s2<-s1#0:FAIL-t1] and 0 exception(s); s2@group-A60C318F4140:t1, leader=null, voted=s2, raftlog=s2@group-A60C318F4140-SegmentedRaftLog:OPENED:c-1,f-1,i0, conf=-1: [s0:0.0.0.0:35881, s1:0.0.0.0:35342, s2:0.0.0.0:36301], old=null
2019-09-24 16:15:39,842 INFO  impl.RaftServerImpl (RaftServerImpl.java:setRole(170)) - s1@group-A60C318F4140: changes role from CANDIDATE to FOLLOWER at term 1 for DISCOVERED_A_NEW_TERM
2019-09-24 16:15:39,842 INFO  impl.RaftServerImpl (RaftServerImpl.java:setRole(170)) - s2@group-A60C318F4140: changes role from CANDIDATE to FOLLOWER at term 1 for DISCOVERED_A_NEW_TERM
2019-09-24 16:15:39,842 INFO  impl.RoleInfo (RoleInfo.java:shutdownLeaderElection(134)) - s1: shutdown LeaderElection
2019-09-24 16:15:39,842 INFO  impl.RoleInfo (RoleInfo.java:shutdownLeaderElection(134)) - s2: shutdown LeaderElection
2019-09-24 16:15:39,842 INFO  impl.RoleInfo (RoleInfo.java:updateAndGet(143)) - s1: start FollowerState
2019-09-24 16:15:39,842 INFO  impl.LeaderElection (LeaderElection.java:logAndReturn(56)) - s0@group-A60C318F4140-LeaderElection49: Election REJECTED; received 2 response(s) [s0<-s1#0:FAIL-t1, s0<-s2#0:FAIL-t1] and 0 exception(s); s0@group-A60C318F4140:t1, leader=null, voted=s0, raftlog=s0@group-A60C318F4140-SegmentedRaftLog:OPENED:c-1,f-1,i0, conf=-1: [s0:0.0.0.0:35881, s1:0.0.0.0:35342, s2:0.0.0.0:36301], old=null
2019-09-24 16:15:39,843 INFO  impl.RoleInfo (RoleInfo.java:updateAndGet(143)) - s2: start FollowerState
2019-09-24 16:15:39,843 INFO  impl.RaftServerImpl (RaftServerImpl.java:setRole(170)) - s0@group-A60C318F4140: changes role from CANDIDATE to FOLLOWER at term 1 for DISCOVERED_A_NEW_TERM
2019-09-24 16:15:39,843 INFO  impl.RoleInfo (RoleInfo.java:shutdownLeaderElection(134)) - s0: shutdown LeaderElection
2019-09-24 16:15:39,843 INFO  impl.RoleInfo (RoleInfo.java:updateAndGet(143)) - s0: start FollowerState
2019-09-24 16:15:40,004 INFO  impl.FollowerState (FollowerState.java:run(108)) - s0@group-A60C318F4140-FollowerState: change to CANDIDATE, lastRpcTime:160ms, electionTimeout:160ms
2019-09-24 16:15:40,004 INFO  impl.RoleInfo (RoleInfo.java:shutdownFollowerState(121)) - s0: shutdown FollowerState
2019-09-24 16:15:40,004 INFO  impl.RaftServerImpl (RaftServerImpl.java:setRole(170)) - s0@group-A60C318F4140: changes role from  FOLLOWER to CANDIDATE at term 1 for changeToCandidate
2019-09-24 16:15:40,005 INFO  impl.RoleInfo (RoleInfo.java:updateAndGet(143)) - s0: start LeaderElection
2019-09-24 16:15:40,018 INFO  impl.LeaderElection (LeaderElection.java:askForVotes(178)) - s0@group-A60C318F4140-LeaderElection51: begin an election at term 2 for -1: [s0:0.0.0.0:35881, s1:0.0.0.0:35342, s2:0.0.0.0:36301], old=null
2019-09-24 16:15:40,020 DEBUG impl.RaftServerImpl (RaftServerImpl.java:requestVote(743)) - s1@group-A60C318F4140: receive requestVote(s0, group-A60C318F4140, 2, (t:0, i:0))
2019-09-24 16:15:40,020 DEBUG impl.RaftServerImpl (RaftServerImpl.java:requestVote(743)) - s2@group-A60C318F4140: receive requestVote(s0, group-A60C318F4140, 2, (t:0, i:0))
2019-09-24 16:15:40,020 INFO  impl.RaftServerImpl (RaftServerImpl.java:setRole(170)) - s1@group-A60C318F4140: changes role from  FOLLOWER to FOLLOWER at term 2 for recognizeCandidate:s0
2019-09-24 16:15:40,021 INFO  impl.RaftServerImpl (RaftServerImpl.java:setRole(170)) - s2@group-A60C318F4140: changes role from  FOLLOWER to FOLLOWER at term 2 for recognizeCandidate:s0
2019-09-24 16:15:40,021 INFO  impl.RoleInfo (RoleInfo.java:shutdownFollowerState(121)) - s1: shutdown FollowerState
2019-09-24 16:15:40,021 INFO  impl.RoleInfo (RoleInfo.java:shutdownFollowerState(121)) - s2: shutdown FollowerState
2019-09-24 16:15:40,021 INFO  impl.FollowerState (FollowerState.java:run(117)) - s1@group-A60C318F4140-FollowerState was interrupted: java.lang.InterruptedException: sleep interrupted
2019-09-24 16:15:40,021 INFO  impl.FollowerState (FollowerState.java:run(117)) - s2@group-A60C318F4140-FollowerState was interrupted: java.lang.InterruptedException: sleep interrupted
2019-09-24 16:15:40,021 INFO  impl.RoleInfo (RoleInfo.java:updateAndGet(143)) - s1: start FollowerState
2019-09-24 16:15:40,021 WARN  ratis.RaftTestUtil (JavaUtils.java:attempt(158)) - FAILED "waitForLeader-null-(expectLeader? true)", attempt #3/100: java.lang.IllegalStateException: No leader yet : printing ALL groups
  s0:  RUNNING CANDIDATE s0@group-A60C318F4140:t2, leader=null, voted=s0, raftlog=s0@group-A60C318F4140-SegmentedRaftLog:OPENED:c-1,f-1,i0, conf=-1: [s0:0.0.0.0:35881, s1:0.0.0.0:35342, s2:0.0.0.0:36301], old=null RUNNING
  s1:  RUNNING  FOLLOWER s1@group-A60C318F4140:t2, leader=null, voted=null, raftlog=s1@group-A60C318F4140-SegmentedRaftLog:OPENED:c-1,f-1,i0, conf=-1: [s0:0.0.0.0:35881, s1:0.0.0.0:35342, s2:0.0.0.0:36301], old=null RUNNING
  s2:  RUNNING  FOLLOWER s2@group-A60C318F4140:t2, leader=null, voted=null, raftlog=s2@group-A60C318F4140-SegmentedRaftLog:OPENED:c-1,f-1,i0, conf=-1: [s0:0.0.0.0:35881, s1:0.0.0.0:35342, s2:0.0.0.0:36301], old=null RUNNING, sleep 450ms and then retry.
java.lang.IllegalStateException: No leader yet : printing ALL groups
  s0:  RUNNING CANDIDATE s0@group-A60C318F4140:t2, leader=null, voted=s0, raftlog=s0@group-A60C318F4140-SegmentedRaftLog:OPENED:c-1,f-1,i0, conf=-1: [s0:0.0.0.0:35881, s1:0.0.0.0:35342, s2:0.0.0.0:36301], old=null RUNNING
  s1:  RUNNING  FOLLOWER s1@group-A60C318F4140:t2, leader=null, voted=null, raftlog=s1@group-A60C318F4140-SegmentedRaftLog:OPENED:c-1,f-1,i0, conf=-1: [s0:0.0.0.0:35881, s1:0.0.0.0:35342, s2:0.0.0.0:36301], old=null RUNNING
  s2:  RUNNING  FOLLOWER s2@group-A60C318F4140:t2, leader=null, voted=null, raftlog=s2@group-A60C318F4140-SegmentedRaftLog:OPENED:c-1,f-1,i0, conf=-1: [s0:0.0.0.0:35881, s1:0.0.0.0:35342, s2:0.0.0.0:36301], old=null RUNNING
	at org.apache.ratis.MiniRaftCluster.newIllegalStateExceptionForNoLeaders(MiniRaftCluster.java:506)
	at org.apache.ratis.RaftTestUtil.lambda$waitForLeader$1(RaftTestUtil.java:90)
	at org.apache.ratis.MiniRaftCluster.getLeader(MiniRaftCluster.java:539)
	at org.apache.ratis.MiniRaftCluster.getLeader(MiniRaftCluster.java:532)
	at org.apache.ratis.RaftTestUtil.lambda$waitForLeader$3(RaftTestUtil.java:98)
	at org.apache.ratis.util.JavaUtils.attempt(JavaUtils.java:152)
	at org.apache.ratis.RaftTestUtil.waitForLeader(RaftTestUtil.java:97)
	at org.apache.ratis.RaftTestUtil.waitForLeader(RaftTestUtil.java:77)
	at org.apache.ratis.RaftTestUtil.waitForLeader(RaftTestUtil.java:72)
	at org.apache.ratis.server.impl.RaftReconfigurationBaseTest.runTestOverlappedSetConfRequests(RaftReconfigurationBaseTest.java:427)
	at org.apache.ratis.MiniRaftCluster$Factory$Get.runWithNewCluster(MiniRaftCluster.java:125)
	at org.apache.ratis.MiniRaftCluster$Factory$Get.runWithNewCluster(MiniRaftCluster.java:113)
	at org.apache.ratis.server.impl.RaftReconfigurationBaseTest.testOverlappedSetConfRequests(RaftReconfigurationBaseTest.java:422)
	at sun.reflect.NativeMethodAccessorImpl.invoke0(Native Method)
	at sun.reflect.NativeMethodAccessorImpl.invoke(NativeMethodAccessorImpl.java:62)
	at sun.reflect.DelegatingMethodAccessorImpl.invoke(DelegatingMethodAccessorImpl.java:43)
	at java.lang.reflect.Method.invoke(Method.java:498)
	at org.junit.runners.model.FrameworkMethod$1.runReflectiveCall(FrameworkMethod.java:50)
	at org.junit.internal.runners.model.ReflectiveCallable.run(ReflectiveCallable.java:12)
	at org.junit.runners.model.FrameworkMethod.invokeExplosively(FrameworkMethod.java:47)
	at org.junit.internal.runners.statements.InvokeMethod.evaluate(InvokeMethod.java:17)
	at org.junit.internal.runners.statements.RunAfters.evaluate(RunAfters.java:27)
	at org.junit.internal.runners.statements.FailOnTimeout$CallableStatement.call(FailOnTimeout.java:298)
	at org.junit.internal.runners.statements.FailOnTimeout$CallableStatement.call(FailOnTimeout.java:292)
	at java.util.concurrent.FutureTask.run(FutureTask.java:266)
	at java.lang.Thread.run(Thread.java:748)
2019-09-24 16:15:40,021 INFO  impl.RoleInfo (RoleInfo.java:updateAndGet(143)) - s2: start FollowerState
2019-09-24 16:15:40,035 DEBUG impl.RaftServerImpl (RaftServerImpl.java:requestVote(775)) - s2@group-A60C318F4140 replies to vote request: s0<-s2#0:OK-t2. Peer's state: s2@group-A60C318F4140:t2, leader=null, voted=s0, raftlog=s2@group-A60C318F4140-SegmentedRaftLog:OPENED:c-1,f-1,i0, conf=-1: [s0:0.0.0.0:35881, s1:0.0.0.0:35342, s2:0.0.0.0:36301], old=null
2019-09-24 16:15:40,035 DEBUG impl.RaftServerImpl (RaftServerImpl.java:requestVote(775)) - s1@group-A60C318F4140 replies to vote request: s0<-s1#0:OK-t2. Peer's state: s1@group-A60C318F4140:t2, leader=null, voted=s0, raftlog=s1@group-A60C318F4140-SegmentedRaftLog:OPENED:c-1,f-1,i0, conf=-1: [s0:0.0.0.0:35881, s1:0.0.0.0:35342, s2:0.0.0.0:36301], old=null
2019-09-24 16:15:40,036 INFO  impl.LeaderElection (LeaderElection.java:logAndReturn(56)) - s0@group-A60C318F4140-LeaderElection51: Election PASSED; received 1 response(s) [s0<-s2#0:OK-t2] and 0 exception(s); s0@group-A60C318F4140:t2, leader=null, voted=s0, raftlog=s0@group-A60C318F4140-SegmentedRaftLog:OPENED:c-1,f-1,i0, conf=-1: [s0:0.0.0.0:35881, s1:0.0.0.0:35342, s2:0.0.0.0:36301], old=null
2019-09-24 16:15:40,036 INFO  impl.RoleInfo (RoleInfo.java:shutdownLeaderElection(134)) - s0: shutdown LeaderElection
2019-09-24 16:15:40,036 INFO  impl.RaftServerImpl (RaftServerImpl.java:setRole(170)) - s0@group-A60C318F4140: changes role from CANDIDATE to LEADER at term 2 for changeToLeader
2019-09-24 16:15:40,036 INFO  impl.RaftServerImpl (ServerState.java:setLeader(254)) - s0@group-A60C318F4140: change Leader from null to s0 at term 2 for becomeLeader, leader elected after 950ms
2019-09-24 16:15:40,036 INFO  server.RaftServerConfigKeys (ConfUtils.java:logGet(43)) - raft.server.staging.catchup.gap = 10 (custom)
2019-09-24 16:15:40,037 INFO  server.RaftServerConfigKeys (ConfUtils.java:logGet(43)) - raft.server.rpc.sleep.time = 25ms (default)
2019-09-24 16:15:40,037 INFO  server.RaftServerConfigKeys (ConfUtils.java:logGet(43)) - raft.server.write.element-limit = 4096 (default)
2019-09-24 16:15:40,037 INFO  server.RaftServerConfigKeys (ConfUtils.java:logGet(43)) - raft.server.watch.timeout = 10s (default)
2019-09-24 16:15:40,037 INFO  server.RaftServerConfigKeys (ConfUtils.java:logGet(43)) - raft.server.watch.timeout.denomination = 1s (default)
2019-09-24 16:15:40,037 INFO  server.RaftServerConfigKeys (ConfUtils.java:logGet(43)) - raft.server.watch.element-limit = 65536 (default)
2019-09-24 16:15:40,040 INFO  server.RaftServerConfigKeys (ConfUtils.java:logGet(43)) - raft.server.log.appender.snapshot.chunk.size.max = 16MB (=16777216) (default)
2019-09-24 16:15:40,040 INFO  server.RaftServerConfigKeys (ConfUtils.java:logGet(43)) - raft.server.log.appender.buffer.byte-limit = 4MB (=4194304) (default)
2019-09-24 16:15:40,040 INFO  server.RaftServerConfigKeys (ConfUtils.java:logGet(43)) - raft.server.log.appender.buffer.element-limit = 0 (default)
2019-09-24 16:15:40,041 INFO  grpc.GrpcConfigKeys$Server (ConfUtils.java:logGet(43)) - raft.grpc.server.leader.outstanding.appends.max = 128 (default)
2019-09-24 16:15:40,041 INFO  server.RaftServerConfigKeys (ConfUtils.java:logGet(43)) - raft.server.rpc.request.timeout = 3000ms (default)
2019-09-24 16:15:40,041 INFO  server.RaftServerConfigKeys (ConfUtils.java:logGet(43)) - raft.server.log.appender.install.snapshot.enabled = true (default)
2019-09-24 16:15:40,041 INFO  server.RaftServerConfigKeys (ConfUtils.java:logGet(43)) - raft.server.log.appender.snapshot.chunk.size.max = 16MB (=16777216) (default)
2019-09-24 16:15:40,042 INFO  server.RaftServerConfigKeys (ConfUtils.java:logGet(43)) - raft.server.log.appender.buffer.byte-limit = 4MB (=4194304) (default)
2019-09-24 16:15:40,042 INFO  server.RaftServerConfigKeys (ConfUtils.java:logGet(43)) - raft.server.log.appender.buffer.element-limit = 0 (default)
2019-09-24 16:15:40,042 INFO  grpc.GrpcConfigKeys$Server (ConfUtils.java:logGet(43)) - raft.grpc.server.leader.outstanding.appends.max = 128 (default)
2019-09-24 16:15:40,042 INFO  server.RaftServerConfigKeys (ConfUtils.java:logGet(43)) - raft.server.rpc.request.timeout = 3000ms (default)
2019-09-24 16:15:40,042 INFO  server.RaftServerConfigKeys (ConfUtils.java:logGet(43)) - raft.server.log.appender.install.snapshot.enabled = true (default)
2019-09-24 16:15:40,043 INFO  impl.RoleInfo (RoleInfo.java:updateAndGet(143)) - s0: start LeaderState
2019-09-24 16:15:40,043 INFO  segmented.SegmentedRaftLogWorker (SegmentedRaftLogWorker.java:startLogSegment(380)) - s0@group-A60C318F4140-SegmentedRaftLogWorker: Starting segment from index:0
2019-09-24 16:15:40,044 INFO  impl.RaftServerImpl (ServerState.java:setRaftConf(355)) - s0@group-A60C318F4140: set configuration 0: [s0:0.0.0.0:35881, s1:0.0.0.0:35342, s2:0.0.0.0:36301], old=null at 0
2019-09-24 16:15:40,045 INFO  impl.RaftServerImpl (ServerState.java:setLeader(254)) - s2@group-A60C318F4140: change Leader from null to s0 at term 2 for appendEntries, leader elected after 959ms
2019-09-24 16:15:40,045 INFO  impl.RaftServerImpl (ServerState.java:setLeader(254)) - s1@group-A60C318F4140: change Leader from null to s0 at term 2 for appendEntries, leader elected after 959ms
2019-09-24 16:15:40,047 DEBUG impl.RaftServerImpl (RaftServerImpl.java:logAppendEntries(850)) - s2@group-A60C318F4140: receive appendEntries(s0, 2, null, -1, false, commits[s0:c-1, s1:c-1, s2:c-1], entries: (t:2, i:0), CONFIGURATIONENTRY
2019-09-24 16:15:40,047 DEBUG impl.RaftServerImpl (RaftServerImpl.java:logAppendEntries(850)) - s1@group-A60C318F4140: receive appendEntries(s0, 2, null, -1, false, commits[s0:c-1, s1:c-1, s2:c-1], entries: (t:2, i:0), CONFIGURATIONENTRY
2019-09-24 16:15:40,047 INFO  impl.RaftServerImpl (ServerState.java:setRaftConf(355)) - s2@group-A60C318F4140: set configuration 0: [s0:0.0.0.0:35881, s1:0.0.0.0:35342, s2:0.0.0.0:36301], old=null at 0
2019-09-24 16:15:40,048 INFO  impl.RaftServerImpl (ServerState.java:setRaftConf(355)) - s1@group-A60C318F4140: set configuration 0: [s0:0.0.0.0:35881, s1:0.0.0.0:35342, s2:0.0.0.0:36301], old=null at 0
2019-09-24 16:15:40,048 INFO  segmented.SegmentedRaftLogWorker (SegmentedRaftLogWorker.java:startLogSegment(380)) - s2@group-A60C318F4140-SegmentedRaftLogWorker: Starting segment from index:0
2019-09-24 16:15:40,048 INFO  segmented.SegmentedRaftLogWorker (SegmentedRaftLogWorker.java:startLogSegment(380)) - s1@group-A60C318F4140-SegmentedRaftLogWorker: Starting segment from index:0
2019-09-24 16:15:40,473 INFO  ratis.RaftTestUtil (RaftTestUtil.java:waitForLeader(101)) - printing ALL groups
  s0:  RUNNING    LEADER s0@group-A60C318F4140:t2, leader=s0, voted=s0, raftlog=s0@group-A60C318F4140-SegmentedRaftLog:OPENED:c-1,f-1,i0, conf=0: [s0:0.0.0.0:35881, s1:0.0.0.0:35342, s2:0.0.0.0:36301], old=null RUNNING
  s1:  RUNNING  FOLLOWER s1@group-A60C318F4140:t2, leader=s0, voted=s0, raftlog=s1@group-A60C318F4140-SegmentedRaftLog:OPENED:c-1,f-1,i0, conf=0: [s0:0.0.0.0:35881, s1:0.0.0.0:35342, s2:0.0.0.0:36301], old=null RUNNING
  s2:  RUNNING  FOLLOWER s2@group-A60C318F4140:t2, leader=s0, voted=s0, raftlog=s2@group-A60C318F4140-SegmentedRaftLog:OPENED:c-1,f-1,i0, conf=0: [s0:0.0.0.0:35881, s1:0.0.0.0:35342, s2:0.0.0.0:36301], old=null RUNNING
2019-09-24 16:15:40,473 INFO  ratis.MiniRaftCluster (MiniRaftCluster.java:addNewPeers(403)) - Add new peers [s3, s4]
2019-09-24 16:15:40,474 INFO  ratis.MiniRaftCluster (MiniRaftCluster.java:newRaftServer(330)) - newRaftServer: s3, group-A60C318F4140:[s0:0.0.0.0:35881, s1:0.0.0.0:35342, s2:0.0.0.0:36301], format? true
2019-09-24 16:15:40,474 TRACE util.FileUtils (FileUtils.java:deleteFully(88)) - deleteFully target/test/data/37179910/MiniRaftClusterWithGrpcbd37de5e/s3
2019-09-24 16:15:40,474 TRACE util.FileUtils (FileUtils.java:deleteFully(104)) - deleteFully: target/test/data/37179910/MiniRaftClusterWithGrpcbd37de5e/s3 does not exist.
2019-09-24 16:15:40,474 INFO  ratis.MiniRaftCluster (MiniRaftCluster.java:newRaftServer(335)) - Formatted directory target/test/data/37179910/MiniRaftClusterWithGrpcbd37de5e/s3
2019-09-24 16:15:40,475 INFO  impl.RaftServerProxy (ConfUtils.java:logGet(43)) - raft.rpc.type = GRPC (default)
2019-09-24 16:15:40,475 INFO  grpc.GrpcFactory (GrpcFactory.java:checkPooledByteBufAllocatorUseCacheForAllThreads(45)) - PERFORMANCE WARNING: useCacheForAllThreads is true that may cause Netty to create a lot garbage objects and, as a result, trigger GC.
	It is recommended to disable useCacheForAllThreads by setting -Dorg.apache.ratis.thirdparty.io.netty.allocator.useCacheForAllThreads=false in command line.
2019-09-24 16:15:40,476 INFO  grpc.GrpcConfigKeys$Server (ConfUtils.java:logGet(43)) - raft.grpc.server.port = 41903 (custom)
2019-09-24 16:15:40,476 INFO  server.GrpcService (ConfUtils.java:logGet(43)) - raft.grpc.message.size.max = 64MB (=67108864) (default)
2019-09-24 16:15:40,476 INFO  server.RaftServerConfigKeys (ConfUtils.java:logGet(43)) - raft.server.log.appender.buffer.byte-limit = 4MB (=4194304) (default)
2019-09-24 16:15:40,477 INFO  server.GrpcService (ConfUtils.java:logGet(43)) - raft.grpc.flow.control.window = 1MB (=1048576) (default)
2019-09-24 16:15:40,477 INFO  server.RaftServerConfigKeys (ConfUtils.java:logGet(43)) - raft.server.rpc.request.timeout = 3000ms (default)
2019-09-24 16:15:40,478 INFO  server.RaftServerConfigKeys (ConfUtils.java:logGet(43)) - raft.server.storage.dir = [/workdir/ratis-test/target/test/data/37179910/MiniRaftClusterWithGrpcbd37de5e/s3] (custom)
2019-09-24 16:15:40,478 INFO  impl.RaftServerProxy (RaftServerProxy.java:addNew(89)) - s3: addNew group-A60C318F4140:[s0:0.0.0.0:35881, s1:0.0.0.0:35342, s2:0.0.0.0:36301] returns group-A60C318F4140:java.util.concurrent.CompletableFuture@641bc4eb[Not completed]
2019-09-24 16:15:40,478 INFO  impl.RaftServerImpl (RaftServerImpl.java:<init>(95)) - s3: new RaftServerImpl for group-A60C318F4140:[s0:0.0.0.0:35881, s1:0.0.0.0:35342, s2:0.0.0.0:36301] with BaseStateMachine:uninitialized
2019-09-24 16:15:40,479 INFO  ratis.MiniRaftCluster (MiniRaftCluster.java:newRaftServer(330)) - newRaftServer: s4, group-A60C318F4140:[s0:0.0.0.0:35881, s1:0.0.0.0:35342, s2:0.0.0.0:36301], format? true
2019-09-24 16:15:40,480 INFO  server.RaftServerConfigKeys (ConfUtils.java:logGet(43)) - raft.server.rpc.timeout.min = 150ms (default)
2019-09-24 16:15:40,480 TRACE util.FileUtils (FileUtils.java:deleteFully(88)) - deleteFully target/test/data/37179910/MiniRaftClusterWithGrpcbd37de5e/s4
2019-09-24 16:15:40,480 INFO  server.RaftServerConfigKeys (ConfUtils.java:logGet(43)) - raft.server.rpc.timeout.max = 300ms (default)
2019-09-24 16:15:40,481 INFO  server.RaftServerConfigKeys (ConfUtils.java:logGet(43)) - raft.server.rpcslowness.timeout = 60s (default)
2019-09-24 16:15:40,481 TRACE util.FileUtils (FileUtils.java:deleteFully(104)) - deleteFully: target/test/data/37179910/MiniRaftClusterWithGrpcbd37de5e/s4 does not exist.
2019-09-24 16:15:40,481 INFO  ratis.MiniRaftCluster (MiniRaftCluster.java:newRaftServer(335)) - Formatted directory target/test/data/37179910/MiniRaftClusterWithGrpcbd37de5e/s4
2019-09-24 16:15:40,481 INFO  server.RaftServerConfigKeys (ConfUtils.java:logGet(43)) - raft.server.sleep.deviation.threshold = 300 (default)
2019-09-24 16:15:40,481 INFO  server.RaftServerConfigKeys (ConfUtils.java:logGet(43)) - raft.server.log.appender.install.snapshot.enabled = true (default)
2019-09-24 16:15:40,482 INFO  impl.RaftServerProxy (ConfUtils.java:logGet(43)) - raft.rpc.type = GRPC (default)
2019-09-24 16:15:40,482 INFO  impl.RaftServerImpl (ServerState.java:<init>(103)) - s3@group-A60C318F4140: ConfigurationManager, init=-1: [s0:0.0.0.0:35881, s1:0.0.0.0:35342, s2:0.0.0.0:36301], old=null, confs=<EMPTY_MAP>
2019-09-24 16:15:40,482 INFO  grpc.GrpcFactory (GrpcFactory.java:checkPooledByteBufAllocatorUseCacheForAllThreads(45)) - PERFORMANCE WARNING: useCacheForAllThreads is true that may cause Netty to create a lot garbage objects and, as a result, trigger GC.
	It is recommended to disable useCacheForAllThreads by setting -Dorg.apache.ratis.thirdparty.io.netty.allocator.useCacheForAllThreads=false in command line.
2019-09-24 16:15:40,482 INFO  server.RaftServerConfigKeys (ConfUtils.java:logGet(43)) - raft.server.storage.dir = [/workdir/ratis-test/target/test/data/37179910/MiniRaftClusterWithGrpcbd37de5e/s3] (custom)
2019-09-24 16:15:40,482 INFO  grpc.GrpcConfigKeys$Server (ConfUtils.java:logGet(43)) - raft.grpc.server.port = 45504 (custom)
2019-09-24 16:15:40,483 INFO  server.RaftServerConfigKeys (ConfUtils.java:logGet(43)) - raft.server.log.corruption.policy = EXCEPTION (default)
2019-09-24 16:15:40,483 INFO  server.GrpcService (ConfUtils.java:logGet(43)) - raft.grpc.message.size.max = 64MB (=67108864) (default)
2019-09-24 16:15:40,483 INFO  storage.RaftStorageDirectory (RaftStorageDirectory.java:analyzeStorage(246)) - The storage directory /workdir/ratis-test/target/test/data/37179910/MiniRaftClusterWithGrpcbd37de5e/s3/db46137b-4776-4757-ac51-a60c318f4140 does not exist. Creating ...
2019-09-24 16:15:40,483 INFO  server.RaftServerConfigKeys (ConfUtils.java:logGet(43)) - raft.server.log.appender.buffer.byte-limit = 4MB (=4194304) (default)
2019-09-24 16:15:40,484 INFO  server.GrpcService (ConfUtils.java:logGet(43)) - raft.grpc.flow.control.window = 1MB (=1048576) (default)
2019-09-24 16:15:40,484 INFO  server.RaftServerConfigKeys (ConfUtils.java:logGet(43)) - raft.server.rpc.request.timeout = 3000ms (default)
2019-09-24 16:15:40,484 TRACE util.FileUtils (LogUtils.java:runAndLog(61)) - Successfully ran Files.createDirectories /workdir/ratis-test/target/test/data/37179910/MiniRaftClusterWithGrpcbd37de5e/s3/db46137b-4776-4757-ac51-a60c318f4140
2019-09-24 16:15:40,484 INFO  server.RaftServerConfigKeys (ConfUtils.java:logGet(43)) - raft.server.storage.dir = [/workdir/ratis-test/target/test/data/37179910/MiniRaftClusterWithGrpcbd37de5e/s4] (custom)
2019-09-24 16:15:40,485 INFO  impl.RaftServerProxy (RaftServerProxy.java:addNew(89)) - s4: addNew group-A60C318F4140:[s0:0.0.0.0:35881, s1:0.0.0.0:35342, s2:0.0.0.0:36301] returns group-A60C318F4140:java.util.concurrent.CompletableFuture@7192bcc8[Not completed]
2019-09-24 16:15:40,485 INFO  impl.RaftServerImpl (RaftServerImpl.java:<init>(95)) - s4: new RaftServerImpl for group-A60C318F4140:[s0:0.0.0.0:35881, s1:0.0.0.0:35342, s2:0.0.0.0:36301] with BaseStateMachine:uninitialized
2019-09-24 16:15:40,486 INFO  server.RaftServerConfigKeys (ConfUtils.java:logGet(43)) - raft.server.rpc.timeout.min = 150ms (default)
2019-09-24 16:15:40,486 INFO  server.RaftServerConfigKeys (ConfUtils.java:logGet(43)) - raft.server.rpc.timeout.max = 300ms (default)
2019-09-24 16:15:40,486 INFO  server.RaftServerConfigKeys (ConfUtils.java:logGet(43)) - raft.server.rpcslowness.timeout = 60s (default)
2019-09-24 16:15:40,487 INFO  server.RaftServerConfigKeys (ConfUtils.java:logGet(43)) - raft.server.sleep.deviation.threshold = 300 (default)
2019-09-24 16:15:40,487 INFO  server.RaftServerConfigKeys (ConfUtils.java:logGet(43)) - raft.server.log.appender.install.snapshot.enabled = true (default)
2019-09-24 16:15:40,487 INFO  impl.RaftServerImpl (ServerState.java:<init>(103)) - s4@group-A60C318F4140: ConfigurationManager, init=-1: [s0:0.0.0.0:35881, s1:0.0.0.0:35342, s2:0.0.0.0:36301], old=null, confs=<EMPTY_MAP>
2019-09-24 16:15:40,487 INFO  server.RaftServerConfigKeys (ConfUtils.java:logGet(43)) - raft.server.storage.dir = [/workdir/ratis-test/target/test/data/37179910/MiniRaftClusterWithGrpcbd37de5e/s4] (custom)
2019-09-24 16:15:40,487 INFO  server.RaftServerConfigKeys (ConfUtils.java:logGet(43)) - raft.server.log.corruption.policy = EXCEPTION (default)
2019-09-24 16:15:40,488 INFO  storage.RaftStorageDirectory (RaftStorageDirectory.java:analyzeStorage(246)) - The storage directory /workdir/ratis-test/target/test/data/37179910/MiniRaftClusterWithGrpcbd37de5e/s4/db46137b-4776-4757-ac51-a60c318f4140 does not exist. Creating ...
2019-09-24 16:15:40,488 TRACE util.FileUtils (LogUtils.java:runAndLog(61)) - Successfully ran Files.createDirectories /workdir/ratis-test/target/test/data/37179910/MiniRaftClusterWithGrpcbd37de5e/s4/db46137b-4776-4757-ac51-a60c318f4140
2019-09-24 16:15:41,081 INFO  storage.RaftStorageDirectory (RaftStorageDirectory.java:tryLock(328)) - Lock on /workdir/ratis-test/target/test/data/37179910/MiniRaftClusterWithGrpcbd37de5e/s4/db46137b-4776-4757-ac51-a60c318f4140/in_use.lock acquired by nodename 21697@ratis-test-vphbd-3564017154
2019-09-24 16:15:41,081 INFO  segmented.SegmentedRaftLogWorker (SegmentedRaftLogWorker.java:execute(569)) - s0@group-A60C318F4140-SegmentedRaftLogWorker: created new log segment /workdir/ratis-test/target/test/data/37179910/MiniRaftClusterWithGrpcbd37de5e/s0/db46137b-4776-4757-ac51-a60c318f4140/current/log_inprogress_0
2019-09-24 16:15:41,081 INFO  segmented.SegmentedRaftLogWorker (SegmentedRaftLogWorker.java:execute(569)) - s1@group-A60C318F4140-SegmentedRaftLogWorker: created new log segment /workdir/ratis-test/target/test/data/37179910/MiniRaftClusterWithGrpcbd37de5e/s1/db46137b-4776-4757-ac51-a60c318f4140/current/log_inprogress_0
2019-09-24 16:15:41,082 TRACE util.FileUtils (LogUtils.java:runAndLog(61)) - Successfully ran Files.createDirectories /workdir/ratis-test/target/test/data/37179910/MiniRaftClusterWithGrpcbd37de5e/s4/db46137b-4776-4757-ac51-a60c318f4140/current
2019-09-24 16:15:41,081 INFO  storage.RaftStorageDirectory (RaftStorageDirectory.java:tryLock(328)) - Lock on /workdir/ratis-test/target/test/data/37179910/MiniRaftClusterWithGrpcbd37de5e/s3/db46137b-4776-4757-ac51-a60c318f4140/in_use.lock acquired by nodename 21697@ratis-test-vphbd-3564017154
2019-09-24 16:15:41,081 INFO  segmented.SegmentedRaftLogWorker (SegmentedRaftLogWorker.java:execute(569)) - s2@group-A60C318F4140-SegmentedRaftLogWorker: created new log segment /workdir/ratis-test/target/test/data/37179910/MiniRaftClusterWithGrpcbd37de5e/s2/db46137b-4776-4757-ac51-a60c318f4140/current/log_inprogress_0
2019-09-24 16:15:41,082 TRACE util.FileUtils (LogUtils.java:runAndLog(61)) - Successfully ran Files.createDirectories /workdir/ratis-test/target/test/data/37179910/MiniRaftClusterWithGrpcbd37de5e/s4/db46137b-4776-4757-ac51-a60c318f4140/sm
2019-09-24 16:15:41,082 TRACE util.FileUtils (LogUtils.java:runAndLog(61)) - Successfully ran Files.createDirectories /workdir/ratis-test/target/test/data/37179910/MiniRaftClusterWithGrpcbd37de5e/s3/db46137b-4776-4757-ac51-a60c318f4140/current
2019-09-24 16:15:41,083 TRACE util.FileUtils (LogUtils.java:runAndLog(61)) - Successfully ran Files.createDirectories /workdir/ratis-test/target/test/data/37179910/MiniRaftClusterWithGrpcbd37de5e/s3/db46137b-4776-4757-ac51-a60c318f4140/sm
2019-09-24 16:15:41,096 INFO  storage.RaftStorage (RaftStorage.java:format(84)) - Storage directory /workdir/ratis-test/target/test/data/37179910/MiniRaftClusterWithGrpcbd37de5e/s3/db46137b-4776-4757-ac51-a60c318f4140 has been successfully formatted.
2019-09-24 16:15:41,096 INFO  storage.RaftStorage (RaftStorage.java:format(84)) - Storage directory /workdir/ratis-test/target/test/data/37179910/MiniRaftClusterWithGrpcbd37de5e/s4/db46137b-4776-4757-ac51-a60c318f4140 has been successfully formatted.
2019-09-24 16:15:41,096 INFO  server.RaftServerConfigKeys (ConfUtils.java:logGet(43)) - raft.server.notification.no-leader.timeout = 60s (default)
2019-09-24 16:15:41,096 INFO  server.RaftServerConfigKeys (ConfUtils.java:logGet(43)) - raft.server.notification.no-leader.timeout = 60s (default)
2019-09-24 16:15:41,096 INFO  server.RaftServerConfigKeys (ConfUtils.java:logGet(43)) - raft.server.log.use.memory = false (default)
2019-09-24 16:15:41,096 INFO  server.RaftServerConfigKeys (ConfUtils.java:logGet(43)) - raft.server.log.use.memory = false (default)
2019-09-24 16:15:41,097 INFO  server.RaftServerConfigKeys (ConfUtils.java:logGet(43)) - raft.server.log.purge.gap = 1024 (default)
2019-09-24 16:15:41,097 INFO  server.RaftServerConfigKeys (ConfUtils.java:logGet(43)) - raft.server.log.purge.gap = 1024 (default)
2019-09-24 16:15:41,097 INFO  server.RaftServerConfigKeys (ConfUtils.java:logGet(43)) - raft.server.log.appender.buffer.byte-limit = 4MB (=4194304) (default)
2019-09-24 16:15:41,097 INFO  server.RaftServerConfigKeys (ConfUtils.java:logGet(43)) - raft.server.log.appender.buffer.byte-limit = 4MB (=4194304) (default)
2019-09-24 16:15:41,097 INFO  server.RaftServerConfigKeys (ConfUtils.java:logGet(43)) - raft.server.log.segment.size.max = 8MB (=8388608) (default)
2019-09-24 16:15:41,097 INFO  server.RaftServerConfigKeys (ConfUtils.java:logGet(43)) - raft.server.log.segment.size.max = 8MB (=8388608) (default)
2019-09-24 16:15:41,097 INFO  server.RaftServerConfigKeys (ConfUtils.java:logGet(43)) - raft.server.log.segment.cache.num.max = 6 (default)
2019-09-24 16:15:41,097 INFO  server.RaftServerConfigKeys (ConfUtils.java:logGet(43)) - raft.server.log.segment.cache.num.max = 6 (default)
2019-09-24 16:15:41,098 INFO  segmented.SegmentedRaftLogWorker (SegmentedRaftLogWorker.java:<init>(172)) - new s3@group-A60C318F4140-SegmentedRaftLogWorker for RaftStorage:Storage Directory /workdir/ratis-test/target/test/data/37179910/MiniRaftClusterWithGrpcbd37de5e/s3/db46137b-4776-4757-ac51-a60c318f4140
2019-09-24 16:15:41,098 INFO  segmented.SegmentedRaftLogWorker (SegmentedRaftLogWorker.java:<init>(172)) - new s4@group-A60C318F4140-SegmentedRaftLogWorker for RaftStorage:Storage Directory /workdir/ratis-test/target/test/data/37179910/MiniRaftClusterWithGrpcbd37de5e/s4/db46137b-4776-4757-ac51-a60c318f4140
2019-09-24 16:15:41,098 INFO  server.RaftServerConfigKeys (ConfUtils.java:logGet(43)) - raft.server.log.queue.byte-limit = 64MB (=67108864) (default)
2019-09-24 16:15:41,098 INFO  server.RaftServerConfigKeys (ConfUtils.java:logGet(43)) - raft.server.log.queue.byte-limit = 64MB (=67108864) (default)
2019-09-24 16:15:41,098 INFO  server.RaftServerConfigKeys (ConfUtils.java:logGet(43)) - raft.server.log.queue.element-limit = 4096 (default)
2019-09-24 16:15:41,098 INFO  server.RaftServerConfigKeys (ConfUtils.java:logGet(43)) - raft.server.log.queue.element-limit = 4096 (default)
2019-09-24 16:15:41,098 INFO  server.RaftServerConfigKeys (ConfUtils.java:logGet(43)) - raft.server.log.segment.size.max = 8MB (=8388608) (default)
2019-09-24 16:15:41,098 INFO  server.RaftServerConfigKeys (ConfUtils.java:logGet(43)) - raft.server.log.segment.size.max = 8MB (=8388608) (default)
2019-09-24 16:15:41,099 INFO  server.RaftServerConfigKeys (ConfUtils.java:logGet(43)) - raft.server.log.preallocated.size = 4MB (=4194304) (default)
2019-09-24 16:15:41,099 INFO  server.RaftServerConfigKeys (ConfUtils.java:logGet(43)) - raft.server.log.preallocated.size = 4MB (=4194304) (default)
2019-09-24 16:15:41,099 INFO  server.RaftServerConfigKeys (ConfUtils.java:logGet(43)) - raft.server.log.write.buffer.size = 64KB (=65536) (default)
2019-09-24 16:15:41,099 INFO  server.RaftServerConfigKeys (ConfUtils.java:logGet(43)) - raft.server.log.write.buffer.size = 64KB (=65536) (default)
2019-09-24 16:15:41,099 INFO  server.RaftServerConfigKeys (ConfUtils.java:logGet(43)) - raft.server.log.force.sync.num = 128 (default)
2019-09-24 16:15:41,099 INFO  server.RaftServerConfigKeys (ConfUtils.java:logGet(43)) - raft.server.log.force.sync.num = 128 (default)
2019-09-24 16:15:41,099 INFO  server.RaftServerConfigKeys (ConfUtils.java:logGet(43)) - raft.server.log.statemachine.data.sync = true (default)
2019-09-24 16:15:41,099 INFO  server.RaftServerConfigKeys (ConfUtils.java:logGet(43)) - raft.server.log.statemachine.data.sync = true (default)
2019-09-24 16:15:41,100 INFO  server.RaftServerConfigKeys (ConfUtils.java:logGet(43)) - raft.server.log.statemachine.data.sync.timeout = 10s (default)
2019-09-24 16:15:41,100 INFO  server.RaftServerConfigKeys (ConfUtils.java:logGet(43)) - raft.server.log.statemachine.data.sync.timeout = 10s (default)
2019-09-24 16:15:41,100 INFO  server.RaftServerConfigKeys (ConfUtils.java:logGet(43)) - raft.server.log.statemachine.data.sync.timeout.retry = -1 (default)
2019-09-24 16:15:41,100 INFO  server.RaftServerConfigKeys (ConfUtils.java:logGet(43)) - raft.server.log.statemachine.data.sync.timeout.retry = -1 (default)
2019-09-24 16:15:41,100 INFO  server.RaftServerConfigKeys (ConfUtils.java:logGet(43)) - raft.server.log.statemachine.data.caching.enabled = false (default)
2019-09-24 16:15:41,100 INFO  server.RaftServerConfigKeys (ConfUtils.java:logGet(43)) - raft.server.log.statemachine.data.caching.enabled = false (default)
2019-09-24 16:15:41,101 INFO  segmented.SegmentedRaftLogWorker (SegmentedRaftLogWorker.java:lambda$new$0(132)) - s3@group-A60C318F4140-SegmentedRaftLogWorker: flushIndex: setUnconditionally 0 -> -1
2019-09-24 16:15:41,101 INFO  segmented.SegmentedRaftLogWorker (SegmentedRaftLogWorker.java:lambda$new$0(132)) - s4@group-A60C318F4140-SegmentedRaftLogWorker: flushIndex: setUnconditionally 0 -> -1
2019-09-24 16:15:41,101 INFO  server.RaftServerConfigKeys (ConfUtils.java:logGet(43)) - raft.server.snapshot.auto.trigger.enabled = false (default)
2019-09-24 16:15:41,101 INFO  server.RaftServerConfigKeys (ConfUtils.java:logGet(43)) - raft.server.snapshot.retention.file.num = -1 (default)
2019-09-24 16:15:41,101 INFO  server.RaftServerConfigKeys (ConfUtils.java:logGet(43)) - raft.server.snapshot.auto.trigger.enabled = false (default)
2019-09-24 16:15:41,101 INFO  server.RaftServerConfigKeys (ConfUtils.java:logGet(43)) - raft.server.retrycache.expirytime = 60s (default)
2019-09-24 16:15:41,102 INFO  server.RaftServerConfigKeys (ConfUtils.java:logGet(43)) - raft.server.snapshot.retention.file.num = -1 (default)
2019-09-24 16:15:41,102 INFO  server.RaftServerConfigKeys (ConfUtils.java:logGet(43)) - raft.server.retrycache.expirytime = 60s (default)
2019-09-24 16:15:41,107 INFO  impl.RaftServerImpl (RaftServerImpl.java:start(184)) - s3@group-A60C318F4140: start with initializing state, conf=-1: [s0:0.0.0.0:35881, s1:0.0.0.0:35342, s2:0.0.0.0:36301], old=null
2019-09-24 16:15:41,107 INFO  impl.RaftServerImpl (RaftServerImpl.java:setRole(170)) - s3@group-A60C318F4140: changes role from      null to FOLLOWER at term 0 for startInitializing
2019-09-24 16:15:41,107 INFO  util.JmxRegister (JmxRegister.java:tryRegister(44)) - Successfully registered JMX Bean with object name Ratis:service=RaftServer,group=group-A60C318F4140,id=s3
2019-09-24 16:15:41,111 INFO  impl.RaftServerProxy (RaftServerProxy.java:lambda$start$3(299)) - s3: start RPC server
2019-09-24 16:15:41,113 INFO  server.GrpcService (GrpcService.java:startImpl(158)) - s3: GrpcService started, listening on 0.0.0.0/0.0.0.0:41903
2019-09-24 16:15:41,113 INFO  impl.RaftServerImpl (RaftServerImpl.java:start(184)) - s4@group-A60C318F4140: start with initializing state, conf=-1: [s0:0.0.0.0:35881, s1:0.0.0.0:35342, s2:0.0.0.0:36301], old=null
2019-09-24 16:15:41,114 INFO  impl.RaftServerImpl (RaftServerImpl.java:setRole(170)) - s4@group-A60C318F4140: changes role from      null to FOLLOWER at term 0 for startInitializing
2019-09-24 16:15:41,114 INFO  util.JmxRegister (JmxRegister.java:tryRegister(44)) - Successfully registered JMX Bean with object name Ratis:service=RaftServer,group=group-A60C318F4140,id=s4
2019-09-24 16:15:41,117 INFO  impl.RaftServerProxy (RaftServerProxy.java:lambda$start$3(299)) - s4: start RPC server
2019-09-24 16:15:41,118 INFO  server.GrpcService (GrpcService.java:startImpl(158)) - s4: GrpcService started, listening on 0.0.0.0/0.0.0.0:45504
2019-09-24 16:15:41,122 INFO  grpc.TestRaftReconfigurationWithGrpc (RaftReconfigurationBaseTest.java:lambda$runTestOverlappedSetConfRequests$10(457)) - client1 starts to change conf
2019-09-24 16:15:41,127 INFO  impl.RaftServerImpl (RaftServerImpl.java:setConfigurationAsync(658)) - s0@group-A60C318F4140: receive setConfiguration SetConfigurationRequest:client-49C6D4370426->s0@group-A60C318F4140, cid=28, seq=0, RW, null, peers:[s3:0.0.0.0:41903, s4:0.0.0.0:45504, s0:0.0.0.0:35881, s1:0.0.0.0:35342, s2:0.0.0.0:36301]
2019-09-24 16:15:41,222 INFO  grpc.TestRaftReconfigurationWithGrpc (RaftReconfigurationBaseTest.java:lambda$runTestOverlappedSetConfRequests$9(443)) - client2 starts to change conf
2019-09-24 16:15:41,226 INFO  impl.RaftServerImpl (RaftServerImpl.java:setConfigurationAsync(658)) - s0@group-A60C318F4140: receive setConfiguration SetConfigurationRequest:client-67939E7202BF->s0@group-A60C318F4140, cid=0, seq=0, RW, null, peers:[s3:0.0.0.0:41903, s4:0.0.0.0:45504, s0:0.0.0.0:35881, s1:0.0.0.0:35342, s2:0.0.0.0:36301]
2019-09-24 16:15:41,230 INFO  impl.RaftServerImpl (RaftServerImpl.java:setConfigurationAsync(658)) - s0@group-A60C318F4140: receive setConfiguration SetConfigurationRequest:client-49C6D4370426->s0@group-A60C318F4140, cid=28, seq=0, RW, null, peers:[s3:0.0.0.0:41903, s4:0.0.0.0:45504, s0:0.0.0.0:35881, s1:0.0.0.0:35342, s2:0.0.0.0:36301]
2019-09-24 16:15:41,332 INFO  impl.RaftServerImpl (RaftServerImpl.java:setConfigurationAsync(658)) - s0@group-A60C318F4140: receive setConfiguration SetConfigurationRequest:client-49C6D4370426->s0@group-A60C318F4140, cid=28, seq=0, RW, null, peers:[s3:0.0.0.0:41903, s4:0.0.0.0:45504, s0:0.0.0.0:35881, s1:0.0.0.0:35342, s2:0.0.0.0:36301]
2019-09-24 16:15:41,435 INFO  impl.RaftServerImpl (RaftServerImpl.java:setConfigurationAsync(658)) - s0@group-A60C318F4140: receive setConfiguration SetConfigurationRequest:client-49C6D4370426->s0@group-A60C318F4140, cid=28, seq=0, RW, null, peers:[s3:0.0.0.0:41903, s4:0.0.0.0:45504, s0:0.0.0.0:35881, s1:0.0.0.0:35342, s2:0.0.0.0:36301]
2019-09-24 16:15:41,493 DEBUG impl.RaftServerImpl (RaftServerImpl.java:logAppendEntries(850)) - s2@group-A60C318F4140: succeeded to handle AppendEntries. Reply: s0<-s2#1:OK,SUCCESS,nextIndex:1,term:2,followerCommit:-1
2019-09-24 16:15:41,536 DEBUG impl.RaftServerImpl (RaftServerImpl.java:logAppendEntries(850)) - s1@group-A60C318F4140: succeeded to handle AppendEntries. Reply: s0<-s1#1:OK,SUCCESS,nextIndex:1,term:2,followerCommit:-1
2019-09-24 16:15:41,538 INFO  impl.RaftServerImpl (RaftServerImpl.java:setConfigurationAsync(658)) - s0@group-A60C318F4140: receive setConfiguration SetConfigurationRequest:client-49C6D4370426->s0@group-A60C318F4140, cid=28, seq=0, RW, null, peers:[s3:0.0.0.0:41903, s4:0.0.0.0:45504, s0:0.0.0.0:35881, s1:0.0.0.0:35342, s2:0.0.0.0:36301]
2019-09-24 16:15:41,538 INFO  impl.RaftServerImpl (LeaderState.java:startSetConfiguration(287)) - s0@group-A60C318F4140-LeaderState: startSetConfiguration SetConfigurationRequest:client-49C6D4370426->s0@group-A60C318F4140, cid=28, seq=0, RW, null, peers:[s3:0.0.0.0:41903, s4:0.0.0.0:45504, s0:0.0.0.0:35881, s1:0.0.0.0:35342, s2:0.0.0.0:36301]
2019-09-24 16:15:41,538 INFO  server.RaftServerConfigKeys (ConfUtils.java:logGet(43)) - raft.server.log.appender.snapshot.chunk.size.max = 16MB (=16777216) (default)
2019-09-24 16:15:41,539 INFO  server.RaftServerConfigKeys (ConfUtils.java:logGet(43)) - raft.server.log.appender.buffer.byte-limit = 4MB (=4194304) (default)
2019-09-24 16:15:41,539 INFO  server.RaftServerConfigKeys (ConfUtils.java:logGet(43)) - raft.server.log.appender.buffer.element-limit = 0 (default)
2019-09-24 16:15:41,539 INFO  grpc.GrpcConfigKeys$Server (ConfUtils.java:logGet(43)) - raft.grpc.server.leader.outstanding.appends.max = 128 (default)
2019-09-24 16:15:41,540 INFO  server.RaftServerConfigKeys (ConfUtils.java:logGet(43)) - raft.server.rpc.request.timeout = 3000ms (default)
2019-09-24 16:15:41,540 INFO  server.RaftServerConfigKeys (ConfUtils.java:logGet(43)) - raft.server.log.appender.install.snapshot.enabled = true (default)
2019-09-24 16:15:41,540 INFO  server.RaftServerConfigKeys (ConfUtils.java:logGet(43)) - raft.server.log.appender.snapshot.chunk.size.max = 16MB (=16777216) (default)
2019-09-24 16:15:41,541 INFO  server.RaftServerConfigKeys (ConfUtils.java:logGet(43)) - raft.server.log.appender.buffer.byte-limit = 4MB (=4194304) (default)
2019-09-24 16:15:41,541 INFO  server.RaftServerConfigKeys (ConfUtils.java:logGet(43)) - raft.server.log.appender.buffer.element-limit = 0 (default)
2019-09-24 16:15:41,541 INFO  grpc.GrpcConfigKeys$Server (ConfUtils.java:logGet(43)) - raft.grpc.server.leader.outstanding.appends.max = 128 (default)
2019-09-24 16:15:41,541 INFO  server.RaftServerConfigKeys (ConfUtils.java:logGet(43)) - raft.server.rpc.request.timeout = 3000ms (default)
2019-09-24 16:15:41,542 INFO  server.RaftServerConfigKeys (ConfUtils.java:logGet(43)) - raft.server.log.appender.install.snapshot.enabled = true (default)
2019-09-24 16:15:41,559 INFO  impl.RaftServerImpl (ServerState.java:setLeader(254)) - s3@group-A60C318F4140: change Leader from null to s0 at term 2 for appendEntries, leader elected after 463ms
2019-09-24 16:15:41,559 INFO  impl.RaftServerImpl (ServerState.java:setLeader(254)) - s4@group-A60C318F4140: change Leader from null to s0 at term 2 for appendEntries, leader elected after 463ms
2019-09-24 16:15:41,560 INFO  impl.RaftServerImpl (RaftServerImpl.java:checkInconsistentAppendEntries(999)) - s3@group-A60C318F4140: Failed appendEntries as previous log entry ((t:2, i:0)) is not found
2019-09-24 16:15:41,560 INFO  impl.RaftServerImpl (RaftServerImpl.java:checkInconsistentAppendEntries(972)) - s3@group-A60C318F4140: inconsistency entries. Reply:s0<-s3#0:FAIL,INCONSISTENCY,nextIndex:0,term:0,followerCommit:-1
2019-09-24 16:15:41,560 INFO  impl.RaftServerImpl (RaftServerImpl.java:checkInconsistentAppendEntries(999)) - s4@group-A60C318F4140: Failed appendEntries as previous log entry ((t:2, i:0)) is not found
2019-09-24 16:15:41,561 INFO  impl.RaftServerImpl (RaftServerImpl.java:checkInconsistentAppendEntries(972)) - s4@group-A60C318F4140: inconsistency entries. Reply:s0<-s4#0:FAIL,INCONSISTENCY,nextIndex:0,term:0,followerCommit:-1
2019-09-24 16:15:41,561 INFO  impl.FollowerInfo (FollowerInfo.java:lambda$new$0(51)) - s0@group-A60C318F4140->s3: nextIndex: updateUnconditionally 1 -> 0
2019-09-24 16:15:41,561 INFO  impl.FollowerInfo (FollowerInfo.java:lambda$new$0(51)) - s0@group-A60C318F4140->s4: nextIndex: updateUnconditionally 1 -> 0
2019-09-24 16:15:41,562 DEBUG impl.RaftServerImpl (RaftServerImpl.java:logAppendEntries(850)) - s3@group-A60C318F4140: receive appendEntries(s0, 2, null, 0, true, commits[s0:c0, s1:c-1, s2:c-1, s3:c-1, s4:c-1], entries: (t:2, i:0), CONFIGURATIONENTRY
2019-09-24 16:15:41,562 INFO  impl.RaftServerImpl (ServerState.java:setRaftConf(355)) - s3@group-A60C318F4140: set configuration 0: [s0:0.0.0.0:35881, s1:0.0.0.0:35342, s2:0.0.0.0:36301], old=null at 0
2019-09-24 16:15:41,563 DEBUG impl.RaftServerImpl (RaftServerImpl.java:logAppendEntries(850)) - s4@group-A60C318F4140: receive appendEntries(s0, 2, null, 0, true, commits[s0:c0, s1:c-1, s2:c-1, s3:c-1, s4:c-1], entries: (t:2, i:0), CONFIGURATIONENTRY
2019-09-24 16:15:41,563 INFO  segmented.SegmentedRaftLogWorker (SegmentedRaftLogWorker.java:startLogSegment(380)) - s3@group-A60C318F4140-SegmentedRaftLogWorker: Starting segment from index:0
2019-09-24 16:15:41,563 INFO  impl.RaftServerImpl (ServerState.java:setRaftConf(355)) - s4@group-A60C318F4140: set configuration 0: [s0:0.0.0.0:35881, s1:0.0.0.0:35342, s2:0.0.0.0:36301], old=null at 0
2019-09-24 16:15:41,564 INFO  util.CodeInjectionForTesting (DelayLocalExecutionInjection.java:execute(64)) - s3 delay 1000 ms, args=[]
2019-09-24 16:15:41,564 INFO  segmented.SegmentedRaftLogWorker (SegmentedRaftLogWorker.java:startLogSegment(380)) - s4@group-A60C318F4140-SegmentedRaftLogWorker: Starting segment from index:0
2019-09-24 16:15:41,564 INFO  util.CodeInjectionForTesting (DelayLocalExecutionInjection.java:execute(64)) - s4 delay 1000 ms, args=[]
2019-09-24 16:15:41,794 INFO  impl.RaftServerImpl (ServerState.java:setRaftConf(355)) - s0@group-A60C318F4140: set configuration 1: [s3:0.0.0.0:41903, s4:0.0.0.0:45504, s0:0.0.0.0:35881, s1:0.0.0.0:35342, s2:0.0.0.0:36301], old=[s0:0.0.0.0:35881, s1:0.0.0.0:35342, s2:0.0.0.0:36301] at 1
2019-09-24 16:15:41,795 DEBUG impl.RaftServerImpl (RaftServerImpl.java:logAppendEntries(850)) - s1@group-A60C318F4140: receive appendEntries(s0, 2, (t:2, i:0), 0, false, commits[s0:c0, s1:c0, s2:c0, s3:c-1, s4:c-1], entries: (t:2, i:1), CONFIGURATIONENTRY
2019-09-24 16:15:41,795 DEBUG impl.RaftServerImpl (RaftServerImpl.java:logAppendEntries(850)) - s2@group-A60C318F4140: receive appendEntries(s0, 2, (t:2, i:0), 0, false, commits[s0:c0, s1:c0, s2:c0, s3:c-1, s4:c-1], entries: (t:2, i:1), CONFIGURATIONENTRY
2019-09-24 16:15:41,795 INFO  impl.RaftServerImpl (ServerState.java:setRaftConf(355)) - s1@group-A60C318F4140: set configuration 1: [s3:0.0.0.0:41903, s4:0.0.0.0:45504, s0:0.0.0.0:35881, s1:0.0.0.0:35342, s2:0.0.0.0:36301], old=[s0:0.0.0.0:35881, s1:0.0.0.0:35342, s2:0.0.0.0:36301] at 1
2019-09-24 16:15:41,796 INFO  impl.RaftServerImpl (ServerState.java:setRaftConf(355)) - s2@group-A60C318F4140: set configuration 1: [s3:0.0.0.0:41903, s4:0.0.0.0:45504, s0:0.0.0.0:35881, s1:0.0.0.0:35342, s2:0.0.0.0:36301], old=[s0:0.0.0.0:35881, s1:0.0.0.0:35342, s2:0.0.0.0:36301] at 1
2019-09-24 16:15:41,796 INFO  util.CodeInjectionForTesting (DelayLocalExecutionInjection.java:execute(64)) - s1 delay 1000 ms, args=[]
2019-09-24 16:15:41,796 INFO  util.CodeInjectionForTesting (DelayLocalExecutionInjection.java:execute(64)) - s2 delay 1000 ms, args=[]
2019-09-24 16:15:42,081 INFO  segmented.SegmentedRaftLogWorker (SegmentedRaftLogWorker.java:execute(569)) - s4@group-A60C318F4140-SegmentedRaftLogWorker: created new log segment /workdir/ratis-test/target/test/data/37179910/MiniRaftClusterWithGrpcbd37de5e/s4/db46137b-4776-4757-ac51-a60c318f4140/current/log_inprogress_0
2019-09-24 16:15:42,081 INFO  segmented.SegmentedRaftLogWorker (SegmentedRaftLogWorker.java:execute(569)) - s3@group-A60C318F4140-SegmentedRaftLogWorker: created new log segment /workdir/ratis-test/target/test/data/37179910/MiniRaftClusterWithGrpcbd37de5e/s3/db46137b-4776-4757-ac51-a60c318f4140/current/log_inprogress_0
2019-09-24 16:15:42,567 DEBUG impl.RaftServerImpl (RaftServerImpl.java:logAppendEntries(850)) - s4@group-A60C318F4140: succeeded to handle AppendEntries. Reply: s0<-s4#1:OK,SUCCESS,nextIndex:1,term:2,followerCommit:0
2019-09-24 16:15:42,567 DEBUG impl.RaftServerImpl (RaftServerImpl.java:logAppendEntries(850)) - s3@group-A60C318F4140: succeeded to handle AppendEntries. Reply: s0<-s3#1:OK,SUCCESS,nextIndex:1,term:2,followerCommit:0
2019-09-24 16:15:42,570 DEBUG impl.RaftServerImpl (RaftServerImpl.java:logAppendEntries(850)) - s3@group-A60C318F4140: receive appendEntries(s0, 2, (t:2, i:0), 0, false, commits[s0:c0, s1:c0, s2:c0, s3:c-1, s4:c-1], entries: (t:2, i:1), CONFIGURATIONENTRY
2019-09-24 16:15:42,570 DEBUG impl.RaftServerImpl (RaftServerImpl.java:logAppendEntries(850)) - s4@group-A60C318F4140: receive appendEntries(s0, 2, (t:2, i:0), 0, false, commits[s0:c0, s1:c0, s2:c0, s3:c-1, s4:c-1], entries: (t:2, i:1), CONFIGURATIONENTRY
2019-09-24 16:15:42,570 INFO  impl.RoleInfo (RoleInfo.java:updateAndGet(143)) - s3: start FollowerState
2019-09-24 16:15:42,570 INFO  impl.RoleInfo (RoleInfo.java:updateAndGet(143)) - s4: start FollowerState
2019-09-24 16:15:42,571 INFO  impl.RaftServerImpl (ServerState.java:setRaftConf(355)) - s4@group-A60C318F4140: set configuration 1: [s3:0.0.0.0:41903, s4:0.0.0.0:45504, s0:0.0.0.0:35881, s1:0.0.0.0:35342, s2:0.0.0.0:36301], old=[s0:0.0.0.0:35881, s1:0.0.0.0:35342, s2:0.0.0.0:36301] at 1
2019-09-24 16:15:42,571 INFO  impl.RaftServerImpl (ServerState.java:setRaftConf(355)) - s3@group-A60C318F4140: set configuration 1: [s3:0.0.0.0:41903, s4:0.0.0.0:45504, s0:0.0.0.0:35881, s1:0.0.0.0:35342, s2:0.0.0.0:36301], old=[s0:0.0.0.0:35881, s1:0.0.0.0:35342, s2:0.0.0.0:36301] at 1
2019-09-24 16:15:42,572 INFO  util.CodeInjectionForTesting (DelayLocalExecutionInjection.java:execute(64)) - s4 delay 1000 ms, args=[]
2019-09-24 16:15:42,572 INFO  util.CodeInjectionForTesting (DelayLocalExecutionInjection.java:execute(64)) - s3 delay 1000 ms, args=[]
2019-09-24 16:15:42,797 DEBUG impl.RaftServerImpl (RaftServerImpl.java:logAppendEntries(850)) - s1@group-A60C318F4140: succeeded to handle AppendEntries. Reply: s0<-s1#24:OK,SUCCESS,nextIndex:2,term:2,followerCommit:0
2019-09-24 16:15:42,797 DEBUG impl.RaftServerImpl (RaftServerImpl.java:logAppendEntries(850)) - s2@group-A60C318F4140: succeeded to handle AppendEntries. Reply: s0<-s2#24:OK,SUCCESS,nextIndex:2,term:2,followerCommit:0
2019-09-24 16:15:42,802 INFO  impl.RaftServerImpl (ServerState.java:setRaftConf(355)) - s0@group-A60C318F4140: set configuration 3: [s3:0.0.0.0:41903, s4:0.0.0.0:45504, s0:0.0.0.0:35881, s1:0.0.0.0:35342, s2:0.0.0.0:36301], old=null at 3
2019-09-24 16:15:42,803 DEBUG impl.RaftServerImpl (RaftServerImpl.java:logAppendEntries(850)) - s1@group-A60C318F4140: receive appendEntries(s0, 2, (t:2, i:1), 1, false, commits[s0:c1, s1:c0, s2:c0, s3:c0, s4:c0], entries: (t:2, i:2), METADATAENTRY(c1)
2019-09-24 16:15:42,804 DEBUG impl.RaftServerImpl (RaftServerImpl.java:logAppendEntries(850)) - s2@group-A60C318F4140: receive appendEntries(s0, 2, (t:2, i:1), 1, false, commits[s0:c1, s1:c0, s2:c0, s3:c0, s4:c0], entries: (t:2, i:2), METADATAENTRY(c1)
2019-09-24 16:15:42,804 INFO  util.CodeInjectionForTesting (DelayLocalExecutionInjection.java:execute(64)) - s1 delay 1000 ms, args=[]
2019-09-24 16:15:42,804 INFO  util.CodeInjectionForTesting (DelayLocalExecutionInjection.java:execute(64)) - s2 delay 1000 ms, args=[]
2019-09-24 16:15:43,573 DEBUG impl.RaftServerImpl (RaftServerImpl.java:logAppendEntries(850)) - s4@group-A60C318F4140: succeeded to handle AppendEntries. Reply: s0<-s4#5:OK,SUCCESS,nextIndex:2,term:2,followerCommit:0
2019-09-24 16:15:43,573 DEBUG impl.RaftServerImpl (RaftServerImpl.java:logAppendEntries(850)) - s3@group-A60C318F4140: succeeded to handle AppendEntries. Reply: s0<-s3#5:OK,SUCCESS,nextIndex:2,term:2,followerCommit:0
2019-09-24 16:15:43,578 DEBUG impl.RaftServerImpl (RaftServerImpl.java:logAppendEntries(850)) - s4@group-A60C318F4140: receive appendEntries(s0, 2, (t:2, i:1), 1, false, commits[s0:c1, s1:c0, s2:c0, s3:c0, s4:c0], entries: (t:2, i:2), METADATAENTRY(c1)
2019-09-24 16:15:43,578 DEBUG impl.RaftServerImpl (RaftServerImpl.java:logAppendEntries(850)) - s3@group-A60C318F4140: receive appendEntries(s0, 2, (t:2, i:1), 1, false, commits[s0:c1, s1:c0, s2:c0, s3:c0, s4:c0], entries: (t:2, i:2), METADATAENTRY(c1)
2019-09-24 16:15:43,578 INFO  util.CodeInjectionForTesting (DelayLocalExecutionInjection.java:execute(64)) - s4 delay 1000 ms, args=[]
2019-09-24 16:15:43,579 INFO  util.CodeInjectionForTesting (DelayLocalExecutionInjection.java:execute(64)) - s3 delay 1000 ms, args=[]
2019-09-24 16:15:43,805 DEBUG impl.RaftServerImpl (RaftServerImpl.java:logAppendEntries(850)) - s1@group-A60C318F4140: succeeded to handle AppendEntries. Reply: s0<-s1#38:OK,SUCCESS,nextIndex:3,term:2,followerCommit:1
2019-09-24 16:15:43,805 DEBUG impl.RaftServerImpl (RaftServerImpl.java:logAppendEntries(850)) - s2@group-A60C318F4140: succeeded to handle AppendEntries. Reply: s0<-s2#38:OK,SUCCESS,nextIndex:3,term:2,followerCommit:1
2019-09-24 16:15:43,805 DEBUG impl.RaftServerImpl (RaftServerImpl.java:logAppendEntries(850)) - s1@group-A60C318F4140: receive appendEntries(s0, 2, (t:2, i:2), 1, false, commits[s0:c1, s1:c0, s2:c0, s3:c0, s4:c0], entries: (t:2, i:3), CONFIGURATIONENTRY
2019-09-24 16:15:43,805 DEBUG impl.RaftServerImpl (RaftServerImpl.java:logAppendEntries(850)) - s2@group-A60C318F4140: receive appendEntries(s0, 2, (t:2, i:2), 1, false, commits[s0:c1, s1:c0, s2:c0, s3:c0, s4:c0], entries: (t:2, i:3), CONFIGURATIONENTRY
2019-09-24 16:15:43,806 INFO  impl.RaftServerImpl (ServerState.java:setRaftConf(355)) - s1@group-A60C318F4140: set configuration 3: [s3:0.0.0.0:41903, s4:0.0.0.0:45504, s0:0.0.0.0:35881, s1:0.0.0.0:35342, s2:0.0.0.0:36301], old=null at 3
2019-09-24 16:15:43,806 INFO  impl.RaftServerImpl (ServerState.java:setRaftConf(355)) - s2@group-A60C318F4140: set configuration 3: [s3:0.0.0.0:41903, s4:0.0.0.0:45504, s0:0.0.0.0:35881, s1:0.0.0.0:35342, s2:0.0.0.0:36301], old=null at 3
2019-09-24 16:15:43,807 INFO  util.CodeInjectionForTesting (DelayLocalExecutionInjection.java:execute(64)) - s1 delay 1000 ms, args=[]
2019-09-24 16:15:43,807 INFO  util.CodeInjectionForTesting (DelayLocalExecutionInjection.java:execute(64)) - s2 delay 1000 ms, args=[]
2019-09-24 16:15:44,580 DEBUG impl.RaftServerImpl (RaftServerImpl.java:logAppendEntries(850)) - s4@group-A60C318F4140: succeeded to handle AppendEntries. Reply: s0<-s4#19:OK,SUCCESS,nextIndex:3,term:2,followerCommit:1
2019-09-24 16:15:44,580 DEBUG impl.RaftServerImpl (RaftServerImpl.java:logAppendEntries(850)) - s3@group-A60C318F4140: succeeded to handle AppendEntries. Reply: s0<-s3#19:OK,SUCCESS,nextIndex:3,term:2,followerCommit:1
2019-09-24 16:15:44,580 DEBUG impl.RaftServerImpl (RaftServerImpl.java:logAppendEntries(850)) - s4@group-A60C318F4140: receive appendEntries(s0, 2, (t:2, i:2), 1, false, commits[s0:c1, s1:c0, s2:c0, s3:c0, s4:c0], entries: (t:2, i:3), CONFIGURATIONENTRY
2019-09-24 16:15:44,580 DEBUG impl.RaftServerImpl (RaftServerImpl.java:logAppendEntries(850)) - s3@group-A60C318F4140: receive appendEntries(s0, 2, (t:2, i:2), 1, false, commits[s0:c1, s1:c0, s2:c0, s3:c0, s4:c0], entries: (t:2, i:3), CONFIGURATIONENTRY
2019-09-24 16:15:44,581 INFO  impl.RaftServerImpl (ServerState.java:setRaftConf(355)) - s4@group-A60C318F4140: set configuration 3: [s3:0.0.0.0:41903, s4:0.0.0.0:45504, s0:0.0.0.0:35881, s1:0.0.0.0:35342, s2:0.0.0.0:36301], old=null at 3
2019-09-24 16:15:44,929 WARN  util.JavaUtils (JavaUtils.java:sleep(250)) - Unexpected long sleep: sleep(224ms) actually took 555ms which is over the threshold 300ms
2019-09-24 16:15:44,928 DEBUG impl.RaftServerImpl (RaftServerImpl.java:logAppendEntries(850)) - s2@group-A60C318F4140: succeeded to handle AppendEntries. Reply: s0<-s2#39:OK,SUCCESS,nextIndex:4,term:2,followerCommit:1
2019-09-24 16:15:44,581 INFO  impl.RaftServerImpl (ServerState.java:setRaftConf(355)) - s3@group-A60C318F4140: set configuration 3: [s3:0.0.0.0:41903, s4:0.0.0.0:45504, s0:0.0.0.0:35881, s1:0.0.0.0:35342, s2:0.0.0.0:36301], old=null at 3
2019-09-24 16:15:44,930 DEBUG impl.RaftServerImpl (RaftServerImpl.java:logAppendEntries(850)) - s1@group-A60C318F4140: succeeded to handle AppendEntries. Reply: s0<-s1#39:OK,SUCCESS,nextIndex:4,term:2,followerCommit:1
2019-09-24 16:15:44,931 INFO  util.CodeInjectionForTesting (DelayLocalExecutionInjection.java:execute(64)) - s3 delay 1000 ms, args=[]
2019-09-24 16:15:44,930 INFO  util.CodeInjectionForTesting (DelayLocalExecutionInjection.java:execute(64)) - s4 delay 1000 ms, args=[]
2019-09-24 16:15:44,944 DEBUG impl.RaftServerImpl (RaftServerImpl.java:logAppendEntries(850)) - s2@group-A60C318F4140: receive appendEntries(s0, 2, (t:2, i:3), 3, false, commits[s0:c3, s1:c1, s2:c1, s3:c1, s4:c1], entries: (t:2, i:4), METADATAENTRY(c3)
2019-09-24 16:15:44,945 INFO  util.CodeInjectionForTesting (DelayLocalExecutionInjection.java:execute(64)) - s2 delay 1000 ms, args=[]
2019-09-24 16:15:44,948 DEBUG impl.RaftServerImpl (RaftServerImpl.java:logAppendEntries(850)) - s1@group-A60C318F4140: receive appendEntries(s0, 2, (t:2, i:3), 3, false, commits[s0:c3, s1:c1, s2:c1, s3:c1, s4:c1], entries: (t:2, i:4), METADATAENTRY(c3)
2019-09-24 16:15:44,948 INFO  impl.RaftServerImpl (RaftServerImpl.java:setConfigurationAsync(658)) - s0@group-A60C318F4140: receive setConfiguration SetConfigurationRequest:client-49C6D4370426->s0@group-A60C318F4140, cid=28, seq=0, RW, null, peers:[s3:0.0.0.0:41903, s4:0.0.0.0:45504, s0:0.0.0.0:35881, s1:0.0.0.0:35342, s2:0.0.0.0:36301]
2019-09-24 16:15:44,948 INFO  util.CodeInjectionForTesting (DelayLocalExecutionInjection.java:execute(64)) - s1 delay 1000 ms, args=[]
2019-09-24 16:15:45,222 INFO  ratis.MiniRaftCluster (MiniRaftCluster.java:runWithNewCluster(127)) - printing ALL groups
  s3:  RUNNING  FOLLOWER s3@group-A60C318F4140:t2, leader=s0, voted=null, raftlog=s3@group-A60C318F4140-SegmentedRaftLog:OPENED:c1,f2,i3, conf=3: [s3:0.0.0.0:41903, s4:0.0.0.0:45504, s0:0.0.0.0:35881, s1:0.0.0.0:35342, s2:0.0.0.0:36301], old=null RUNNING
  s4:  RUNNING  FOLLOWER s4@group-A60C318F4140:t2, leader=s0, voted=null, raftlog=s4@group-A60C318F4140-SegmentedRaftLog:OPENED:c1,f2,i3, conf=3: [s3:0.0.0.0:41903, s4:0.0.0.0:45504, s0:0.0.0.0:35881, s1:0.0.0.0:35342, s2:0.0.0.0:36301], old=null RUNNING
  s0:  RUNNING    LEADER s0@group-A60C318F4140:t2, leader=s0, voted=s0, raftlog=s0@group-A60C318F4140-SegmentedRaftLog:OPENED:c3,f3,i4, conf=3: [s3:0.0.0.0:41903, s4:0.0.0.0:45504, s0:0.0.0.0:35881, s1:0.0.0.0:35342, s2:0.0.0.0:36301], old=null RUNNING
  s1:  RUNNING  FOLLOWER s1@group-A60C318F4140:t2, leader=s0, voted=s0, raftlog=s1@group-A60C318F4140-SegmentedRaftLog:OPENED:c2,f3,i4, conf=3: [s3:0.0.0.0:41903, s4:0.0.0.0:45504, s0:0.0.0.0:35881, s1:0.0.0.0:35342, s2:0.0.0.0:36301], old=null RUNNING
  s2:  RUNNING  FOLLOWER s2@group-A60C318F4140:t2, leader=s0, voted=s0, raftlog=s2@group-A60C318F4140-SegmentedRaftLog:OPENED:c2,f3,i4, conf=3: [s3:0.0.0.0:41903, s4:0.0.0.0:45504, s0:0.0.0.0:35881, s1:0.0.0.0:35342, s2:0.0.0.0:36301], old=null RUNNING
2019-09-24 16:15:45,223 ERROR ratis.MiniRaftCluster (MiniRaftCluster.java:runWithNewCluster(128)) - Failed org.apache.ratis.MiniRaftCluster$Factory$Get.runWithNewCluster(MiniRaftCluster.java:113)
java.lang.AssertionError
	at org.junit.Assert.fail(Assert.java:86)
	at org.junit.Assert.assertTrue(Assert.java:41)
	at org.junit.Assert.assertTrue(Assert.java:52)
	at org.apache.ratis.server.impl.RaftReconfigurationBaseTest.runTestOverlappedSetConfRequests(RaftReconfigurationBaseTest.java:470)
	at org.apache.ratis.MiniRaftCluster$Factory$Get.runWithNewCluster(MiniRaftCluster.java:125)
	at org.apache.ratis.MiniRaftCluster$Factory$Get.runWithNewCluster(MiniRaftCluster.java:113)
	at org.apache.ratis.server.impl.RaftReconfigurationBaseTest.testOverlappedSetConfRequests(RaftReconfigurationBaseTest.java:422)
	at sun.reflect.NativeMethodAccessorImpl.invoke0(Native Method)
	at sun.reflect.NativeMethodAccessorImpl.invoke(NativeMethodAccessorImpl.java:62)
	at sun.reflect.DelegatingMethodAccessorImpl.invoke(DelegatingMethodAccessorImpl.java:43)
	at java.lang.reflect.Method.invoke(Method.java:498)
	at org.junit.runners.model.FrameworkMethod$1.runReflectiveCall(FrameworkMethod.java:50)
	at org.junit.internal.runners.model.ReflectiveCallable.run(ReflectiveCallable.java:12)
	at org.junit.runners.model.FrameworkMethod.invokeExplosively(FrameworkMethod.java:47)
	at org.junit.internal.runners.statements.InvokeMethod.evaluate(InvokeMethod.java:17)
	at org.junit.internal.runners.statements.RunAfters.evaluate(RunAfters.java:27)
	at org.junit.internal.runners.statements.FailOnTimeout$CallableStatement.call(FailOnTimeout.java:298)
	at org.junit.internal.runners.statements.FailOnTimeout$CallableStatement.call(FailOnTimeout.java:292)
	at java.util.concurrent.FutureTask.run(FutureTask.java:266)
	at java.lang.Thread.run(Thread.java:748)
2019-09-24 16:15:45,223 INFO  ratis.MiniRaftCluster (MiniRaftCluster.java:shutdown(700)) - ************************************************************** 
2019-09-24 16:15:45,223 INFO  ratis.MiniRaftCluster (MiniRaftCluster.java:shutdown(701)) - *** 
2019-09-24 16:15:45,224 INFO  ratis.MiniRaftCluster (MiniRaftCluster.java:shutdown(702)) - ***     Stopping MiniRaftClusterWithGrpc
2019-09-24 16:15:45,224 INFO  ratis.MiniRaftCluster (MiniRaftCluster.java:shutdown(703)) - *** 
2019-09-24 16:15:45,224 INFO  ratis.MiniRaftCluster (MiniRaftCluster.java:shutdown(704)) - ************************************************************** 
2019-09-24 16:15:45,224 INFO  ratis.MiniRaftCluster (MiniRaftCluster.java:shutdown(705)) - printing ALL groups
  s3:  RUNNING  FOLLOWER s3@group-A60C318F4140:t2, leader=s0, voted=null, raftlog=s3@group-A60C318F4140-SegmentedRaftLog:OPENED:c1,f2,i3, conf=3: [s3:0.0.0.0:41903, s4:0.0.0.0:45504, s0:0.0.0.0:35881, s1:0.0.0.0:35342, s2:0.0.0.0:36301], old=null RUNNING
  s4:  RUNNING  FOLLOWER s4@group-A60C318F4140:t2, leader=s0, voted=null, raftlog=s4@group-A60C318F4140-SegmentedRaftLog:OPENED:c1,f2,i3, conf=3: [s3:0.0.0.0:41903, s4:0.0.0.0:45504, s0:0.0.0.0:35881, s1:0.0.0.0:35342, s2:0.0.0.0:36301], old=null RUNNING
  s0:  RUNNING    LEADER s0@group-A60C318F4140:t2, leader=s0, voted=s0, raftlog=s0@group-A60C318F4140-SegmentedRaftLog:OPENED:c3,f3,i4, conf=3: [s3:0.0.0.0:41903, s4:0.0.0.0:45504, s0:0.0.0.0:35881, s1:0.0.0.0:35342, s2:0.0.0.0:36301], old=null RUNNING
  s1:  RUNNING  FOLLOWER s1@group-A60C318F4140:t2, leader=s0, voted=s0, raftlog=s1@group-A60C318F4140-SegmentedRaftLog:OPENED:c2,f3,i4, conf=3: [s3:0.0.0.0:41903, s4:0.0.0.0:45504, s0:0.0.0.0:35881, s1:0.0.0.0:35342, s2:0.0.0.0:36301], old=null RUNNING
  s2:  RUNNING  FOLLOWER s2@group-A60C318F4140:t2, leader=s0, voted=s0, raftlog=s2@group-A60C318F4140-SegmentedRaftLog:OPENED:c2,f3,i4, conf=3: [s3:0.0.0.0:41903, s4:0.0.0.0:45504, s0:0.0.0.0:35881, s1:0.0.0.0:35342, s2:0.0.0.0:36301], old=null RUNNING
2019-09-24 16:15:45,225 INFO  impl.RaftServerProxy (RaftServerProxy.java:lambda$close$4(314)) - s3: close
2019-09-24 16:15:45,226 INFO  impl.RaftServerProxy (RaftServerProxy.java:lambda$close$4(314)) - s4: close
2019-09-24 16:15:45,227 INFO  impl.RaftServerImpl (RaftServerImpl.java:lambda$shutdown$3(247)) - s3@group-A60C318F4140: shutdown
2019-09-24 16:15:45,227 INFO  impl.RaftServerProxy (RaftServerProxy.java:lambda$close$4(314)) - s0: close
2019-09-24 16:15:45,227 INFO  impl.RaftServerProxy (RaftServerProxy.java:lambda$close$4(314)) - s1: close
2019-09-24 16:15:45,229 INFO  impl.RaftServerImpl (RaftServerImpl.java:lambda$shutdown$3(247)) - s0@group-A60C318F4140: shutdown
2019-09-24 16:15:45,228 INFO  util.JmxRegister (JmxRegister.java:unregister(73)) - Successfully un-registered JMX Bean with object name Ratis:service=RaftServer,group=group-A60C318F4140,id=s3
2019-09-24 16:15:45,230 INFO  impl.RoleInfo (RoleInfo.java:shutdownFollowerState(121)) - s3: shutdown FollowerState
2019-09-24 16:15:45,228 INFO  impl.RaftServerProxy (RaftServerProxy.java:lambda$close$4(314)) - s2: close
2019-09-24 16:15:45,228 INFO  impl.RaftServerImpl (RaftServerImpl.java:lambda$shutdown$3(247)) - s4@group-A60C318F4140: shutdown
2019-09-24 16:15:45,232 INFO  impl.RaftServerImpl (RaftServerImpl.java:lambda$shutdown$3(247)) - s2@group-A60C318F4140: shutdown
2019-09-24 16:15:45,231 INFO  impl.FollowerState (FollowerState.java:run(117)) - s3@group-A60C318F4140-FollowerState was interrupted: java.lang.InterruptedException: sleep interrupted
2019-09-24 16:15:45,231 INFO  impl.StateMachineUpdater (StateMachineUpdater.java:stopAndJoin(136)) - s3@group-A60C318F4140-StateMachineUpdater: set stopIndex = 1
2019-09-24 16:15:45,232 INFO  impl.RaftServerImpl (ServerState.java:close(386)) - s3@group-A60C318F4140: closes. applyIndex: 1
2019-09-24 16:15:45,230 INFO  util.JmxRegister (JmxRegister.java:unregister(73)) - Successfully un-registered JMX Bean with object name Ratis:service=RaftServer,group=group-A60C318F4140,id=s0
2019-09-24 16:15:45,230 INFO  impl.RaftServerImpl (RaftServerImpl.java:lambda$shutdown$3(247)) - s1@group-A60C318F4140: shutdown
2019-09-24 16:15:45,233 INFO  impl.RoleInfo (RoleInfo.java:shutdownLeaderState(104)) - s0: shutdown LeaderState
2019-09-24 16:15:45,232 INFO  util.JmxRegister (JmxRegister.java:unregister(73)) - Successfully un-registered JMX Bean with object name Ratis:service=RaftServer,group=group-A60C318F4140,id=s2
2019-09-24 16:15:45,232 INFO  util.JmxRegister (JmxRegister.java:unregister(73)) - Successfully un-registered JMX Bean with object name Ratis:service=RaftServer,group=group-A60C318F4140,id=s4
2019-09-24 16:15:45,234 INFO  impl.RoleInfo (RoleInfo.java:shutdownFollowerState(121)) - s2: shutdown FollowerState
2019-09-24 16:15:45,234 INFO  impl.StateMachineUpdater (StateMachineUpdater.java:stopAndJoin(136)) - s2@group-A60C318F4140-StateMachineUpdater: set stopIndex = 2
2019-09-24 16:15:45,234 WARN  server.GrpcLogAppender (GrpcLogAppender.java:mayWait(143)) - s0@group-A60C318F4140->s4-GrpcLogAppender: Wait interrupted by java.lang.InterruptedException
2019-09-24 16:15:45,234 WARN  server.GrpcLogAppender (GrpcLogAppender.java:mayWait(143)) - s0@group-A60C318F4140->s1-GrpcLogAppender: Wait interrupted by java.lang.InterruptedException
2019-09-24 16:15:45,233 WARN  server.GrpcLogAppender (GrpcLogAppender.java:mayWait(143)) - s0@group-A60C318F4140->s2-GrpcLogAppender: Wait interrupted by java.lang.InterruptedException
2019-09-24 16:15:45,233 INFO  impl.PendingRequests (PendingRequests.java:sendNotLeaderResponses(202)) - s0@group-A60C318F4140-PendingRequests: sendNotLeaderResponses
2019-09-24 16:15:45,233 INFO  util.JmxRegister (JmxRegister.java:unregister(73)) - Successfully un-registered JMX Bean with object name Ratis:service=RaftServer,group=group-A60C318F4140,id=s1
2019-09-24 16:15:45,235 INFO  impl.RaftServerImpl (ServerState.java:close(386)) - s2@group-A60C318F4140: closes. applyIndex: 2
2019-09-24 16:15:45,234 INFO  impl.FollowerState (FollowerState.java:run(117)) - s2@group-A60C318F4140-FollowerState was interrupted: java.lang.InterruptedException: sleep interrupted
2019-09-24 16:15:45,234 INFO  impl.RoleInfo (RoleInfo.java:shutdownFollowerState(121)) - s4: shutdown FollowerState
2019-09-24 16:15:45,238 INFO  impl.RoleInfo (RoleInfo.java:shutdownFollowerState(121)) - s1: shutdown FollowerState
2019-09-24 16:15:45,238 INFO  impl.StateMachineUpdater (StateMachineUpdater.java:stopAndJoin(136)) - s0@group-A60C318F4140-StateMachineUpdater: set stopIndex = 3
2019-09-24 16:15:45,239 INFO  impl.FollowerState (FollowerState.java:run(117)) - s1@group-A60C318F4140-FollowerState was interrupted: java.lang.InterruptedException: sleep interrupted
2019-09-24 16:15:45,239 INFO  impl.StateMachineUpdater (StateMachineUpdater.java:stopAndJoin(136)) - s1@group-A60C318F4140-StateMachineUpdater: set stopIndex = 2
2019-09-24 16:15:45,239 INFO  impl.RaftServerImpl (ServerState.java:close(386)) - s1@group-A60C318F4140: closes. applyIndex: 2
2019-09-24 16:15:45,238 INFO  impl.FollowerState (FollowerState.java:run(117)) - s4@group-A60C318F4140-FollowerState was interrupted: java.lang.InterruptedException: sleep interrupted
2019-09-24 16:15:45,238 INFO  impl.StateMachineUpdater (StateMachineUpdater.java:stopAndJoin(136)) - s4@group-A60C318F4140-StateMachineUpdater: set stopIndex = 1
2019-09-24 16:15:45,239 INFO  impl.RaftServerImpl (ServerState.java:close(386)) - s0@group-A60C318F4140: closes. applyIndex: 3
2019-09-24 16:15:45,240 INFO  impl.RaftServerImpl (ServerState.java:close(386)) - s4@group-A60C318F4140: closes. applyIndex: 1
2019-09-24 16:15:45,359 INFO  segmented.SegmentedRaftLogWorker (SegmentedRaftLogWorker.java:close(228)) - s3@group-A60C318F4140-SegmentedRaftLogWorker close()
2019-09-24 16:15:45,361 INFO  server.GrpcService (GrpcService.java:closeImpl(164)) - s3: shutdown server with port 41903 now
2019-09-24 16:15:45,361 INFO  segmented.SegmentedRaftLogWorker (SegmentedRaftLogWorker.java:close(228)) - s1@group-A60C318F4140-SegmentedRaftLogWorker close()
2019-09-24 16:15:45,361 INFO  segmented.SegmentedRaftLogWorker (SegmentedRaftLogWorker.java:close(228)) - s4@group-A60C318F4140-SegmentedRaftLogWorker close()
2019-09-24 16:15:45,361 INFO  segmented.SegmentedRaftLogWorker (SegmentedRaftLogWorker.java:close(228)) - s0@group-A60C318F4140-SegmentedRaftLogWorker close()
2019-09-24 16:15:45,366 INFO  server.GrpcLogAppender (GrpcLogAppender.java:onError(282)) - s0@group-A60C318F4140->s3-GrpcLogAppender is stopped
2019-09-24 16:15:45,361 INFO  segmented.SegmentedRaftLogWorker (SegmentedRaftLogWorker.java:close(228)) - s2@group-A60C318F4140-SegmentedRaftLogWorker close()
2019-09-24 16:15:45,366 INFO  server.GrpcService (GrpcService.java:closeImpl(164)) - s0: shutdown server with port 35881 now
2019-09-24 16:15:45,366 INFO  server.GrpcService (GrpcService.java:closeImpl(172)) - s3: shutdown server with port 41903 successfully
2019-09-24 16:15:45,365 INFO  server.GrpcService (GrpcService.java:closeImpl(164)) - s4: shutdown server with port 45504 now
2019-09-24 16:15:45,365 INFO  server.GrpcService (GrpcService.java:closeImpl(164)) - s1: shutdown server with port 35342 now
2019-09-24 16:15:45,366 INFO  server.GrpcService (GrpcService.java:closeImpl(164)) - s2: shutdown server with port 36301 now
2019-09-24 16:15:45,369 INFO  server.GrpcService (GrpcService.java:closeImpl(172)) - s4: shutdown server with port 45504 successfully
2019-09-24 16:15:45,369 INFO  server.GrpcLogAppender (GrpcLogAppender.java:onError(282)) - s0@group-A60C318F4140->s4-GrpcLogAppender is stopped
2019-09-24 16:15:45,369 INFO  server.GrpcService (GrpcService.java:closeImpl(172)) - s1: shutdown server with port 35342 successfully
2019-09-24 16:15:45,369 INFO  server.GrpcService (GrpcService.java:closeImpl(172)) - s2: shutdown server with port 36301 successfully
2019-09-24 16:15:45,369 INFO  server.GrpcLogAppender (GrpcLogAppender.java:onError(282)) - s0@group-A60C318F4140->s2-GrpcLogAppender is stopped
2019-09-24 16:15:45,370 INFO  server.GrpcLogAppender (GrpcLogAppender.java:onError(282)) - s0@group-A60C318F4140->s1-GrpcLogAppender is stopped
2019-09-24 16:15:45,370 INFO  server.GrpcService (GrpcService.java:closeImpl(172)) - s0: shutdown server with port 35881 successfully
2019-09-24 16:15:45,370 INFO  ratis.MiniRaftCluster (MiniRaftCluster.java:shutdown(722)) - MiniRaftClusterWithGrpc shutdown completed
]]></system-out>
    <system-err><![CDATA[Sep 24, 2019 4:15:44 PM org.apache.ratis.thirdparty.io.grpc.internal.ManagedChannelOrphanWrapper$ManagedChannelReference cleanQueue
SEVERE: *~*~*~ Channel ManagedChannelImpl{logId=1248, target=0.0.0.0:33038} was not shutdown properly!!! ~*~*~*
    Make sure to call shutdown()/shutdownNow() and wait until awaitTermination() returns true.
java.lang.RuntimeException: ManagedChannel allocation site
	at org.apache.ratis.thirdparty.io.grpc.internal.ManagedChannelOrphanWrapper$ManagedChannelReference.<init>(ManagedChannelOrphanWrapper.java:103)
	at org.apache.ratis.thirdparty.io.grpc.internal.ManagedChannelOrphanWrapper.<init>(ManagedChannelOrphanWrapper.java:53)
	at org.apache.ratis.thirdparty.io.grpc.internal.ManagedChannelOrphanWrapper.<init>(ManagedChannelOrphanWrapper.java:44)
	at org.apache.ratis.thirdparty.io.grpc.internal.AbstractManagedChannelImplBuilder.build(AbstractManagedChannelImplBuilder.java:411)
	at org.apache.ratis.grpc.client.GrpcClientProtocolClient.<init>(GrpcClientProtocolClient.java:128)
	at org.apache.ratis.grpc.client.GrpcClientRpc.lambda$new$0(GrpcClientRpc.java:55)
	at org.apache.ratis.util.PeerProxyMap$PeerAndProxy.lambda$getProxy$0(PeerProxyMap.java:61)
	at org.apache.ratis.util.LifeCycle.startAndTransition(LifeCycle.java:202)
	at org.apache.ratis.util.PeerProxyMap$PeerAndProxy.getProxy(PeerProxyMap.java:60)
	at org.apache.ratis.util.PeerProxyMap.getProxy(PeerProxyMap.java:108)
	at org.apache.ratis.grpc.client.GrpcClientRpc.sendRequest(GrpcClientRpc.java:91)
	at org.apache.ratis.server.impl.RaftReconfigurationBaseTest.lambda$testLeaderNotReadyException$17(RaftReconfigurationBaseTest.java:582)
	at java.lang.Thread.run(Thread.java:748)

]]></system-err>
  </testcase>
  <testcase name="testReconfTwice" classname="org.apache.ratis.grpc.TestRaftReconfigurationWithGrpc" time="24.457"/>
  <testcase name="testReconfTimeout" classname="org.apache.ratis.grpc.TestRaftReconfigurationWithGrpc" time="1.999">
    <failure message="did not get expected exception" type="java.lang.AssertionError">java.lang.AssertionError: did not get expected exception
</failure>
    <system-out><![CDATA[2019-09-24 16:16:09,830 INFO  util.LogUtils (LogUtils.java:setLogLevel(41)) - Set org.apache.ratis.conf.ConfUtils log level to WARN
2019-09-24 16:16:09,830 INFO  util.LogUtils (LogUtils.java:setLogLevel(41)) - Set org.apache.ratis.util.FileUtils log level to TRACE
2019-09-24 16:16:09,832 INFO  ratis.MiniRaftCluster (MiniRaftCluster.java:runWithNewCluster(119)) - Running runWithNewCluster
2019-09-24 16:16:09,833 INFO  ratis.MiniRaftCluster (MiniRaftCluster.java:<init>(253)) - new MiniRaftClusterWithGrpc with group-C1FE32A8B227:[s0:0.0.0.0:35869, s1:0.0.0.0:45137, s2:0.0.0.0:42470]
2019-09-24 16:16:09,833 INFO  ratis.MiniRaftCluster (MiniRaftCluster.java:start(287)) - .............................................................. 
2019-09-24 16:16:09,833 INFO  ratis.MiniRaftCluster (MiniRaftCluster.java:start(288)) - ... 
2019-09-24 16:16:09,833 INFO  ratis.MiniRaftCluster (MiniRaftCluster.java:start(289)) - ...     Starting MiniRaftClusterWithGrpc
2019-09-24 16:16:09,833 INFO  ratis.MiniRaftCluster (MiniRaftCluster.java:start(290)) - ... 
2019-09-24 16:16:09,833 INFO  ratis.MiniRaftCluster (MiniRaftCluster.java:start(291)) - .............................................................. 
2019-09-24 16:16:09,834 INFO  ratis.MiniRaftCluster (MiniRaftCluster.java:initServers(265)) - servers = {}
2019-09-24 16:16:09,834 INFO  ratis.MiniRaftCluster (MiniRaftCluster.java:newRaftServer(330)) - newRaftServer: s0, group-C1FE32A8B227:[s0:0.0.0.0:35869, s1:0.0.0.0:45137, s2:0.0.0.0:42470], format? true
2019-09-24 16:16:09,834 TRACE util.FileUtils (FileUtils.java:deleteFully(88)) - deleteFully target/test/data/37179910/MiniRaftClusterWithGrpc1c372314/s0
2019-09-24 16:16:09,834 TRACE util.FileUtils (FileUtils.java:deleteFully(104)) - deleteFully: target/test/data/37179910/MiniRaftClusterWithGrpc1c372314/s0 does not exist.
2019-09-24 16:16:09,835 INFO  ratis.MiniRaftCluster (MiniRaftCluster.java:newRaftServer(335)) - Formatted directory target/test/data/37179910/MiniRaftClusterWithGrpc1c372314/s0
2019-09-24 16:16:09,835 INFO  impl.RaftServerProxy (ConfUtils.java:logGet(43)) - raft.rpc.type = GRPC (default)
2019-09-24 16:16:09,835 INFO  grpc.GrpcFactory (GrpcFactory.java:checkPooledByteBufAllocatorUseCacheForAllThreads(45)) - PERFORMANCE WARNING: useCacheForAllThreads is true that may cause Netty to create a lot garbage objects and, as a result, trigger GC.
	It is recommended to disable useCacheForAllThreads by setting -Dorg.apache.ratis.thirdparty.io.netty.allocator.useCacheForAllThreads=false in command line.
2019-09-24 16:16:09,836 INFO  grpc.GrpcConfigKeys$Server (ConfUtils.java:logGet(43)) - raft.grpc.server.port = 35869 (custom)
2019-09-24 16:16:09,836 INFO  server.GrpcService (ConfUtils.java:logGet(43)) - raft.grpc.message.size.max = 64MB (=67108864) (default)
2019-09-24 16:16:09,836 INFO  server.RaftServerConfigKeys (ConfUtils.java:logGet(43)) - raft.server.log.appender.buffer.byte-limit = 4MB (=4194304) (default)
2019-09-24 16:16:09,837 INFO  server.GrpcService (ConfUtils.java:logGet(43)) - raft.grpc.flow.control.window = 1MB (=1048576) (default)
2019-09-24 16:16:09,837 INFO  server.RaftServerConfigKeys (ConfUtils.java:logGet(43)) - raft.server.rpc.request.timeout = 3000ms (default)
2019-09-24 16:16:09,838 INFO  server.RaftServerConfigKeys (ConfUtils.java:logGet(43)) - raft.server.storage.dir = [/workdir/ratis-test/target/test/data/37179910/MiniRaftClusterWithGrpc1c372314/s0] (custom)
2019-09-24 16:16:09,839 INFO  impl.RaftServerProxy (RaftServerProxy.java:addNew(89)) - s0: addNew group-C1FE32A8B227:[s0:0.0.0.0:35869, s1:0.0.0.0:45137, s2:0.0.0.0:42470] returns group-C1FE32A8B227:java.util.concurrent.CompletableFuture@2e309055[Not completed]
2019-09-24 16:16:09,840 INFO  impl.RaftServerImpl (RaftServerImpl.java:<init>(95)) - s0: new RaftServerImpl for group-C1FE32A8B227:[s0:0.0.0.0:35869, s1:0.0.0.0:45137, s2:0.0.0.0:42470] with BaseStateMachine:uninitialized
2019-09-24 16:16:09,840 INFO  ratis.MiniRaftCluster (MiniRaftCluster.java:newRaftServer(330)) - newRaftServer: s1, group-C1FE32A8B227:[s0:0.0.0.0:35869, s1:0.0.0.0:45137, s2:0.0.0.0:42470], format? true
2019-09-24 16:16:09,841 INFO  server.RaftServerConfigKeys (ConfUtils.java:logGet(43)) - raft.server.rpc.timeout.min = 150ms (default)
2019-09-24 16:16:09,841 TRACE util.FileUtils (FileUtils.java:deleteFully(88)) - deleteFully target/test/data/37179910/MiniRaftClusterWithGrpc1c372314/s1
2019-09-24 16:16:09,841 INFO  server.RaftServerConfigKeys (ConfUtils.java:logGet(43)) - raft.server.rpc.timeout.max = 300ms (default)
2019-09-24 16:16:09,841 INFO  server.RaftServerConfigKeys (ConfUtils.java:logGet(43)) - raft.server.rpcslowness.timeout = 60s (default)
2019-09-24 16:16:09,841 TRACE util.FileUtils (FileUtils.java:deleteFully(104)) - deleteFully: target/test/data/37179910/MiniRaftClusterWithGrpc1c372314/s1 does not exist.
2019-09-24 16:16:09,842 INFO  ratis.MiniRaftCluster (MiniRaftCluster.java:newRaftServer(335)) - Formatted directory target/test/data/37179910/MiniRaftClusterWithGrpc1c372314/s1
2019-09-24 16:16:09,841 INFO  server.RaftServerConfigKeys (ConfUtils.java:logGet(43)) - raft.server.sleep.deviation.threshold = 300 (default)
2019-09-24 16:16:09,842 INFO  server.RaftServerConfigKeys (ConfUtils.java:logGet(43)) - raft.server.log.appender.install.snapshot.enabled = true (default)
2019-09-24 16:16:09,842 INFO  impl.RaftServerProxy (ConfUtils.java:logGet(43)) - raft.rpc.type = GRPC (default)
2019-09-24 16:16:09,842 INFO  impl.RaftServerImpl (ServerState.java:<init>(103)) - s0@group-C1FE32A8B227: ConfigurationManager, init=-1: [s0:0.0.0.0:35869, s1:0.0.0.0:45137, s2:0.0.0.0:42470], old=null, confs=<EMPTY_MAP>
2019-09-24 16:16:09,842 INFO  grpc.GrpcFactory (GrpcFactory.java:checkPooledByteBufAllocatorUseCacheForAllThreads(45)) - PERFORMANCE WARNING: useCacheForAllThreads is true that may cause Netty to create a lot garbage objects and, as a result, trigger GC.
	It is recommended to disable useCacheForAllThreads by setting -Dorg.apache.ratis.thirdparty.io.netty.allocator.useCacheForAllThreads=false in command line.
2019-09-24 16:16:09,843 INFO  server.RaftServerConfigKeys (ConfUtils.java:logGet(43)) - raft.server.storage.dir = [/workdir/ratis-test/target/test/data/37179910/MiniRaftClusterWithGrpc1c372314/s0] (custom)
2019-09-24 16:16:09,843 INFO  grpc.GrpcConfigKeys$Server (ConfUtils.java:logGet(43)) - raft.grpc.server.port = 45137 (custom)
2019-09-24 16:16:09,843 INFO  server.RaftServerConfigKeys (ConfUtils.java:logGet(43)) - raft.server.log.corruption.policy = EXCEPTION (default)
2019-09-24 16:16:09,843 INFO  server.GrpcService (ConfUtils.java:logGet(43)) - raft.grpc.message.size.max = 64MB (=67108864) (default)
2019-09-24 16:16:09,843 INFO  storage.RaftStorageDirectory (RaftStorageDirectory.java:analyzeStorage(246)) - The storage directory /workdir/ratis-test/target/test/data/37179910/MiniRaftClusterWithGrpc1c372314/s0/420fd08b-e217-46a6-bd8c-c1fe32a8b227 does not exist. Creating ...
2019-09-24 16:16:09,843 INFO  server.RaftServerConfigKeys (ConfUtils.java:logGet(43)) - raft.server.log.appender.buffer.byte-limit = 4MB (=4194304) (default)
2019-09-24 16:16:09,844 INFO  server.GrpcService (ConfUtils.java:logGet(43)) - raft.grpc.flow.control.window = 1MB (=1048576) (default)
2019-09-24 16:16:09,844 INFO  server.RaftServerConfigKeys (ConfUtils.java:logGet(43)) - raft.server.rpc.request.timeout = 3000ms (default)
2019-09-24 16:16:09,844 TRACE util.FileUtils (LogUtils.java:runAndLog(61)) - Successfully ran Files.createDirectories /workdir/ratis-test/target/test/data/37179910/MiniRaftClusterWithGrpc1c372314/s0/420fd08b-e217-46a6-bd8c-c1fe32a8b227
2019-09-24 16:16:09,845 INFO  server.RaftServerConfigKeys (ConfUtils.java:logGet(43)) - raft.server.storage.dir = [/workdir/ratis-test/target/test/data/37179910/MiniRaftClusterWithGrpc1c372314/s1] (custom)
2019-09-24 16:16:09,845 INFO  impl.RaftServerProxy (RaftServerProxy.java:addNew(89)) - s1: addNew group-C1FE32A8B227:[s0:0.0.0.0:35869, s1:0.0.0.0:45137, s2:0.0.0.0:42470] returns group-C1FE32A8B227:java.util.concurrent.CompletableFuture@4db93e72[Not completed]
2019-09-24 16:16:09,845 INFO  impl.RaftServerImpl (RaftServerImpl.java:<init>(95)) - s1: new RaftServerImpl for group-C1FE32A8B227:[s0:0.0.0.0:35869, s1:0.0.0.0:45137, s2:0.0.0.0:42470] with BaseStateMachine:uninitialized
2019-09-24 16:16:09,845 INFO  ratis.MiniRaftCluster (MiniRaftCluster.java:newRaftServer(330)) - newRaftServer: s2, group-C1FE32A8B227:[s0:0.0.0.0:35869, s1:0.0.0.0:45137, s2:0.0.0.0:42470], format? true
2019-09-24 16:16:09,846 INFO  server.RaftServerConfigKeys (ConfUtils.java:logGet(43)) - raft.server.rpc.timeout.min = 150ms (default)
2019-09-24 16:16:09,846 TRACE util.FileUtils (FileUtils.java:deleteFully(88)) - deleteFully target/test/data/37179910/MiniRaftClusterWithGrpc1c372314/s2
2019-09-24 16:16:09,847 INFO  server.RaftServerConfigKeys (ConfUtils.java:logGet(43)) - raft.server.rpc.timeout.max = 300ms (default)
2019-09-24 16:16:09,847 TRACE util.FileUtils (FileUtils.java:deleteFully(104)) - deleteFully: target/test/data/37179910/MiniRaftClusterWithGrpc1c372314/s2 does not exist.
2019-09-24 16:16:09,847 INFO  ratis.MiniRaftCluster (MiniRaftCluster.java:newRaftServer(335)) - Formatted directory target/test/data/37179910/MiniRaftClusterWithGrpc1c372314/s2
2019-09-24 16:16:09,847 INFO  server.RaftServerConfigKeys (ConfUtils.java:logGet(43)) - raft.server.rpcslowness.timeout = 60s (default)
2019-09-24 16:16:09,847 INFO  server.RaftServerConfigKeys (ConfUtils.java:logGet(43)) - raft.server.sleep.deviation.threshold = 300 (default)
2019-09-24 16:16:09,847 INFO  impl.RaftServerProxy (ConfUtils.java:logGet(43)) - raft.rpc.type = GRPC (default)
2019-09-24 16:16:09,847 INFO  server.RaftServerConfigKeys (ConfUtils.java:logGet(43)) - raft.server.log.appender.install.snapshot.enabled = true (default)
2019-09-24 16:16:09,848 INFO  grpc.GrpcFactory (GrpcFactory.java:checkPooledByteBufAllocatorUseCacheForAllThreads(45)) - PERFORMANCE WARNING: useCacheForAllThreads is true that may cause Netty to create a lot garbage objects and, as a result, trigger GC.
	It is recommended to disable useCacheForAllThreads by setting -Dorg.apache.ratis.thirdparty.io.netty.allocator.useCacheForAllThreads=false in command line.
2019-09-24 16:16:09,848 INFO  impl.RaftServerImpl (ServerState.java:<init>(103)) - s1@group-C1FE32A8B227: ConfigurationManager, init=-1: [s0:0.0.0.0:35869, s1:0.0.0.0:45137, s2:0.0.0.0:42470], old=null, confs=<EMPTY_MAP>
2019-09-24 16:16:09,848 INFO  grpc.GrpcConfigKeys$Server (ConfUtils.java:logGet(43)) - raft.grpc.server.port = 42470 (custom)
2019-09-24 16:16:09,848 INFO  server.RaftServerConfigKeys (ConfUtils.java:logGet(43)) - raft.server.storage.dir = [/workdir/ratis-test/target/test/data/37179910/MiniRaftClusterWithGrpc1c372314/s1] (custom)
2019-09-24 16:16:09,848 INFO  server.GrpcService (ConfUtils.java:logGet(43)) - raft.grpc.message.size.max = 64MB (=67108864) (default)
2019-09-24 16:16:09,849 INFO  server.RaftServerConfigKeys (ConfUtils.java:logGet(43)) - raft.server.log.corruption.policy = EXCEPTION (default)
2019-09-24 16:16:09,849 INFO  server.RaftServerConfigKeys (ConfUtils.java:logGet(43)) - raft.server.log.appender.buffer.byte-limit = 4MB (=4194304) (default)
2019-09-24 16:16:09,849 INFO  storage.RaftStorageDirectory (RaftStorageDirectory.java:analyzeStorage(246)) - The storage directory /workdir/ratis-test/target/test/data/37179910/MiniRaftClusterWithGrpc1c372314/s1/420fd08b-e217-46a6-bd8c-c1fe32a8b227 does not exist. Creating ...
2019-09-24 16:16:09,849 INFO  server.GrpcService (ConfUtils.java:logGet(43)) - raft.grpc.flow.control.window = 1MB (=1048576) (default)
2019-09-24 16:16:09,850 INFO  server.RaftServerConfigKeys (ConfUtils.java:logGet(43)) - raft.server.rpc.request.timeout = 3000ms (default)
2019-09-24 16:16:09,850 TRACE util.FileUtils (LogUtils.java:runAndLog(61)) - Successfully ran Files.createDirectories /workdir/ratis-test/target/test/data/37179910/MiniRaftClusterWithGrpc1c372314/s1/420fd08b-e217-46a6-bd8c-c1fe32a8b227
2019-09-24 16:16:09,851 INFO  server.RaftServerConfigKeys (ConfUtils.java:logGet(43)) - raft.server.storage.dir = [/workdir/ratis-test/target/test/data/37179910/MiniRaftClusterWithGrpc1c372314/s2] (custom)
2019-09-24 16:16:09,851 INFO  impl.RaftServerProxy (RaftServerProxy.java:addNew(89)) - s2: addNew group-C1FE32A8B227:[s0:0.0.0.0:35869, s1:0.0.0.0:45137, s2:0.0.0.0:42470] returns group-C1FE32A8B227:java.util.concurrent.CompletableFuture@4d39ea01[Not completed]
2019-09-24 16:16:09,851 INFO  impl.RaftServerImpl (RaftServerImpl.java:<init>(95)) - s2: new RaftServerImpl for group-C1FE32A8B227:[s0:0.0.0.0:35869, s1:0.0.0.0:45137, s2:0.0.0.0:42470] with BaseStateMachine:uninitialized
2019-09-24 16:16:09,853 INFO  server.RaftServerConfigKeys (ConfUtils.java:logGet(43)) - raft.server.rpc.timeout.min = 150ms (default)
2019-09-24 16:16:09,853 INFO  server.RaftServerConfigKeys (ConfUtils.java:logGet(43)) - raft.server.rpc.timeout.max = 300ms (default)
2019-09-24 16:16:09,853 INFO  server.RaftServerConfigKeys (ConfUtils.java:logGet(43)) - raft.server.rpcslowness.timeout = 60s (default)
2019-09-24 16:16:09,853 INFO  server.RaftServerConfigKeys (ConfUtils.java:logGet(43)) - raft.server.sleep.deviation.threshold = 300 (default)
2019-09-24 16:16:09,853 INFO  server.RaftServerConfigKeys (ConfUtils.java:logGet(43)) - raft.server.log.appender.install.snapshot.enabled = true (default)
2019-09-24 16:16:09,853 INFO  impl.RaftServerImpl (ServerState.java:<init>(103)) - s2@group-C1FE32A8B227: ConfigurationManager, init=-1: [s0:0.0.0.0:35869, s1:0.0.0.0:45137, s2:0.0.0.0:42470], old=null, confs=<EMPTY_MAP>
2019-09-24 16:16:09,853 INFO  server.RaftServerConfigKeys (ConfUtils.java:logGet(43)) - raft.server.storage.dir = [/workdir/ratis-test/target/test/data/37179910/MiniRaftClusterWithGrpc1c372314/s2] (custom)
2019-09-24 16:16:09,854 INFO  server.RaftServerConfigKeys (ConfUtils.java:logGet(43)) - raft.server.log.corruption.policy = EXCEPTION (default)
2019-09-24 16:16:09,854 INFO  storage.RaftStorageDirectory (RaftStorageDirectory.java:analyzeStorage(246)) - The storage directory /workdir/ratis-test/target/test/data/37179910/MiniRaftClusterWithGrpc1c372314/s2/420fd08b-e217-46a6-bd8c-c1fe32a8b227 does not exist. Creating ...
2019-09-24 16:16:09,854 TRACE util.FileUtils (LogUtils.java:runAndLog(61)) - Successfully ran Files.createDirectories /workdir/ratis-test/target/test/data/37179910/MiniRaftClusterWithGrpc1c372314/s2/420fd08b-e217-46a6-bd8c-c1fe32a8b227
2019-09-24 16:16:10,331 INFO  storage.RaftStorageDirectory (RaftStorageDirectory.java:tryLock(328)) - Lock on /workdir/ratis-test/target/test/data/37179910/MiniRaftClusterWithGrpc1c372314/s1/420fd08b-e217-46a6-bd8c-c1fe32a8b227/in_use.lock acquired by nodename 21697@ratis-test-vphbd-3564017154
2019-09-24 16:16:10,331 INFO  storage.RaftStorageDirectory (RaftStorageDirectory.java:tryLock(328)) - Lock on /workdir/ratis-test/target/test/data/37179910/MiniRaftClusterWithGrpc1c372314/s2/420fd08b-e217-46a6-bd8c-c1fe32a8b227/in_use.lock acquired by nodename 21697@ratis-test-vphbd-3564017154
2019-09-24 16:16:10,331 INFO  storage.RaftStorageDirectory (RaftStorageDirectory.java:tryLock(328)) - Lock on /workdir/ratis-test/target/test/data/37179910/MiniRaftClusterWithGrpc1c372314/s0/420fd08b-e217-46a6-bd8c-c1fe32a8b227/in_use.lock acquired by nodename 21697@ratis-test-vphbd-3564017154
2019-09-24 16:16:10,332 TRACE util.FileUtils (LogUtils.java:runAndLog(61)) - Successfully ran Files.createDirectories /workdir/ratis-test/target/test/data/37179910/MiniRaftClusterWithGrpc1c372314/s1/420fd08b-e217-46a6-bd8c-c1fe32a8b227/current
2019-09-24 16:16:10,332 TRACE util.FileUtils (LogUtils.java:runAndLog(61)) - Successfully ran Files.createDirectories /workdir/ratis-test/target/test/data/37179910/MiniRaftClusterWithGrpc1c372314/s2/420fd08b-e217-46a6-bd8c-c1fe32a8b227/current
2019-09-24 16:16:10,332 TRACE util.FileUtils (LogUtils.java:runAndLog(61)) - Successfully ran Files.createDirectories /workdir/ratis-test/target/test/data/37179910/MiniRaftClusterWithGrpc1c372314/s1/420fd08b-e217-46a6-bd8c-c1fe32a8b227/sm
2019-09-24 16:16:10,332 TRACE util.FileUtils (LogUtils.java:runAndLog(61)) - Successfully ran Files.createDirectories /workdir/ratis-test/target/test/data/37179910/MiniRaftClusterWithGrpc1c372314/s0/420fd08b-e217-46a6-bd8c-c1fe32a8b227/current
2019-09-24 16:16:10,333 TRACE util.FileUtils (LogUtils.java:runAndLog(61)) - Successfully ran Files.createDirectories /workdir/ratis-test/target/test/data/37179910/MiniRaftClusterWithGrpc1c372314/s2/420fd08b-e217-46a6-bd8c-c1fe32a8b227/sm
2019-09-24 16:16:10,333 TRACE util.FileUtils (LogUtils.java:runAndLog(61)) - Successfully ran Files.createDirectories /workdir/ratis-test/target/test/data/37179910/MiniRaftClusterWithGrpc1c372314/s0/420fd08b-e217-46a6-bd8c-c1fe32a8b227/sm
2019-09-24 16:16:10,690 INFO  storage.RaftStorage (RaftStorage.java:format(84)) - Storage directory /workdir/ratis-test/target/test/data/37179910/MiniRaftClusterWithGrpc1c372314/s0/420fd08b-e217-46a6-bd8c-c1fe32a8b227 has been successfully formatted.
2019-09-24 16:16:10,690 INFO  storage.RaftStorage (RaftStorage.java:format(84)) - Storage directory /workdir/ratis-test/target/test/data/37179910/MiniRaftClusterWithGrpc1c372314/s2/420fd08b-e217-46a6-bd8c-c1fe32a8b227 has been successfully formatted.
2019-09-24 16:16:10,690 INFO  storage.RaftStorage (RaftStorage.java:format(84)) - Storage directory /workdir/ratis-test/target/test/data/37179910/MiniRaftClusterWithGrpc1c372314/s1/420fd08b-e217-46a6-bd8c-c1fe32a8b227 has been successfully formatted.
2019-09-24 16:16:10,691 INFO  server.RaftServerConfigKeys (ConfUtils.java:logGet(43)) - raft.server.notification.no-leader.timeout = 60s (default)
2019-09-24 16:16:10,691 INFO  server.RaftServerConfigKeys (ConfUtils.java:logGet(43)) - raft.server.notification.no-leader.timeout = 60s (default)
2019-09-24 16:16:10,691 INFO  server.RaftServerConfigKeys (ConfUtils.java:logGet(43)) - raft.server.log.use.memory = false (default)
2019-09-24 16:16:10,691 INFO  server.RaftServerConfigKeys (ConfUtils.java:logGet(43)) - raft.server.notification.no-leader.timeout = 60s (default)
2019-09-24 16:16:10,692 INFO  server.RaftServerConfigKeys (ConfUtils.java:logGet(43)) - raft.server.log.purge.gap = 1024 (default)
2019-09-24 16:16:10,692 INFO  server.RaftServerConfigKeys (ConfUtils.java:logGet(43)) - raft.server.log.appender.buffer.byte-limit = 4MB (=4194304) (default)
2019-09-24 16:16:10,691 INFO  server.RaftServerConfigKeys (ConfUtils.java:logGet(43)) - raft.server.log.use.memory = false (default)
2019-09-24 16:16:10,692 INFO  server.RaftServerConfigKeys (ConfUtils.java:logGet(43)) - raft.server.log.segment.size.max = 8MB (=8388608) (default)
2019-09-24 16:16:10,692 INFO  server.RaftServerConfigKeys (ConfUtils.java:logGet(43)) - raft.server.log.use.memory = false (default)
2019-09-24 16:16:10,692 INFO  server.RaftServerConfigKeys (ConfUtils.java:logGet(43)) - raft.server.log.segment.cache.num.max = 6 (default)
2019-09-24 16:16:10,692 INFO  server.RaftServerConfigKeys (ConfUtils.java:logGet(43)) - raft.server.log.purge.gap = 1024 (default)
2019-09-24 16:16:10,693 INFO  segmented.SegmentedRaftLogWorker (SegmentedRaftLogWorker.java:<init>(172)) - new s2@group-C1FE32A8B227-SegmentedRaftLogWorker for RaftStorage:Storage Directory /workdir/ratis-test/target/test/data/37179910/MiniRaftClusterWithGrpc1c372314/s2/420fd08b-e217-46a6-bd8c-c1fe32a8b227
2019-09-24 16:16:10,693 INFO  server.RaftServerConfigKeys (ConfUtils.java:logGet(43)) - raft.server.log.purge.gap = 1024 (default)
2019-09-24 16:16:10,693 INFO  server.RaftServerConfigKeys (ConfUtils.java:logGet(43)) - raft.server.log.queue.byte-limit = 64MB (=67108864) (default)
2019-09-24 16:16:10,693 INFO  server.RaftServerConfigKeys (ConfUtils.java:logGet(43)) - raft.server.log.appender.buffer.byte-limit = 4MB (=4194304) (default)
2019-09-24 16:16:10,693 INFO  server.RaftServerConfigKeys (ConfUtils.java:logGet(43)) - raft.server.log.queue.element-limit = 4096 (default)
2019-09-24 16:16:10,693 INFO  server.RaftServerConfigKeys (ConfUtils.java:logGet(43)) - raft.server.log.appender.buffer.byte-limit = 4MB (=4194304) (default)
2019-09-24 16:16:10,694 INFO  server.RaftServerConfigKeys (ConfUtils.java:logGet(43)) - raft.server.log.segment.size.max = 8MB (=8388608) (default)
2019-09-24 16:16:10,694 INFO  server.RaftServerConfigKeys (ConfUtils.java:logGet(43)) - raft.server.log.segment.size.max = 8MB (=8388608) (default)
2019-09-24 16:16:10,694 INFO  server.RaftServerConfigKeys (ConfUtils.java:logGet(43)) - raft.server.log.preallocated.size = 4MB (=4194304) (default)
2019-09-24 16:16:10,694 INFO  server.RaftServerConfigKeys (ConfUtils.java:logGet(43)) - raft.server.log.segment.size.max = 8MB (=8388608) (default)
2019-09-24 16:16:10,694 INFO  server.RaftServerConfigKeys (ConfUtils.java:logGet(43)) - raft.server.log.write.buffer.size = 64KB (=65536) (default)
2019-09-24 16:16:10,694 INFO  server.RaftServerConfigKeys (ConfUtils.java:logGet(43)) - raft.server.log.segment.cache.num.max = 6 (default)
2019-09-24 16:16:10,695 INFO  server.RaftServerConfigKeys (ConfUtils.java:logGet(43)) - raft.server.log.force.sync.num = 128 (default)
2019-09-24 16:16:10,695 INFO  server.RaftServerConfigKeys (ConfUtils.java:logGet(43)) - raft.server.log.statemachine.data.sync = true (default)
2019-09-24 16:16:10,695 INFO  server.RaftServerConfigKeys (ConfUtils.java:logGet(43)) - raft.server.log.segment.cache.num.max = 6 (default)
2019-09-24 16:16:10,695 INFO  server.RaftServerConfigKeys (ConfUtils.java:logGet(43)) - raft.server.log.statemachine.data.sync.timeout = 10s (default)
2019-09-24 16:16:10,696 INFO  server.RaftServerConfigKeys (ConfUtils.java:logGet(43)) - raft.server.log.statemachine.data.sync.timeout.retry = -1 (default)
2019-09-24 16:16:10,695 INFO  segmented.SegmentedRaftLogWorker (SegmentedRaftLogWorker.java:<init>(172)) - new s0@group-C1FE32A8B227-SegmentedRaftLogWorker for RaftStorage:Storage Directory /workdir/ratis-test/target/test/data/37179910/MiniRaftClusterWithGrpc1c372314/s0/420fd08b-e217-46a6-bd8c-c1fe32a8b227
2019-09-24 16:16:10,696 INFO  server.RaftServerConfigKeys (ConfUtils.java:logGet(43)) - raft.server.log.statemachine.data.caching.enabled = false (default)
2019-09-24 16:16:10,695 INFO  segmented.SegmentedRaftLogWorker (SegmentedRaftLogWorker.java:<init>(172)) - new s1@group-C1FE32A8B227-SegmentedRaftLogWorker for RaftStorage:Storage Directory /workdir/ratis-test/target/test/data/37179910/MiniRaftClusterWithGrpc1c372314/s1/420fd08b-e217-46a6-bd8c-c1fe32a8b227
2019-09-24 16:16:10,696 INFO  server.RaftServerConfigKeys (ConfUtils.java:logGet(43)) - raft.server.log.queue.byte-limit = 64MB (=67108864) (default)
2019-09-24 16:16:10,696 INFO  segmented.SegmentedRaftLogWorker (SegmentedRaftLogWorker.java:lambda$new$0(132)) - s2@group-C1FE32A8B227-SegmentedRaftLogWorker: flushIndex: setUnconditionally 0 -> -1
2019-09-24 16:16:10,696 INFO  server.RaftServerConfigKeys (ConfUtils.java:logGet(43)) - raft.server.log.queue.byte-limit = 64MB (=67108864) (default)
2019-09-24 16:16:10,697 INFO  server.RaftServerConfigKeys (ConfUtils.java:logGet(43)) - raft.server.log.queue.element-limit = 4096 (default)
2019-09-24 16:16:10,697 INFO  server.RaftServerConfigKeys (ConfUtils.java:logGet(43)) - raft.server.log.queue.element-limit = 4096 (default)
2019-09-24 16:16:10,697 INFO  server.RaftServerConfigKeys (ConfUtils.java:logGet(43)) - raft.server.log.segment.size.max = 8MB (=8388608) (default)
2019-09-24 16:16:10,697 INFO  server.RaftServerConfigKeys (ConfUtils.java:logGet(43)) - raft.server.snapshot.auto.trigger.enabled = false (default)
2019-09-24 16:16:10,697 INFO  server.RaftServerConfigKeys (ConfUtils.java:logGet(43)) - raft.server.log.preallocated.size = 4MB (=4194304) (default)
2019-09-24 16:16:10,698 INFO  server.RaftServerConfigKeys (ConfUtils.java:logGet(43)) - raft.server.log.write.buffer.size = 64KB (=65536) (default)
2019-09-24 16:16:10,697 INFO  server.RaftServerConfigKeys (ConfUtils.java:logGet(43)) - raft.server.log.segment.size.max = 8MB (=8388608) (default)
2019-09-24 16:16:10,698 INFO  server.RaftServerConfigKeys (ConfUtils.java:logGet(43)) - raft.server.log.force.sync.num = 128 (default)
2019-09-24 16:16:10,698 INFO  server.RaftServerConfigKeys (ConfUtils.java:logGet(43)) - raft.server.snapshot.retention.file.num = -1 (default)
2019-09-24 16:16:10,698 INFO  server.RaftServerConfigKeys (ConfUtils.java:logGet(43)) - raft.server.log.statemachine.data.sync = true (default)
2019-09-24 16:16:10,699 INFO  server.RaftServerConfigKeys (ConfUtils.java:logGet(43)) - raft.server.log.statemachine.data.sync.timeout = 10s (default)
2019-09-24 16:16:10,698 INFO  server.RaftServerConfigKeys (ConfUtils.java:logGet(43)) - raft.server.log.preallocated.size = 4MB (=4194304) (default)
2019-09-24 16:16:10,699 INFO  server.RaftServerConfigKeys (ConfUtils.java:logGet(43)) - raft.server.log.statemachine.data.sync.timeout.retry = -1 (default)
2019-09-24 16:16:10,698 INFO  server.RaftServerConfigKeys (ConfUtils.java:logGet(43)) - raft.server.retrycache.expirytime = 60s (default)
2019-09-24 16:16:10,699 INFO  server.RaftServerConfigKeys (ConfUtils.java:logGet(43)) - raft.server.log.statemachine.data.caching.enabled = false (default)
2019-09-24 16:16:10,699 INFO  server.RaftServerConfigKeys (ConfUtils.java:logGet(43)) - raft.server.log.write.buffer.size = 64KB (=65536) (default)
2019-09-24 16:16:10,700 INFO  segmented.SegmentedRaftLogWorker (SegmentedRaftLogWorker.java:lambda$new$0(132)) - s1@group-C1FE32A8B227-SegmentedRaftLogWorker: flushIndex: setUnconditionally 0 -> -1
2019-09-24 16:16:10,700 INFO  server.RaftServerConfigKeys (ConfUtils.java:logGet(43)) - raft.server.log.force.sync.num = 128 (default)
2019-09-24 16:16:10,700 INFO  server.RaftServerConfigKeys (ConfUtils.java:logGet(43)) - raft.server.log.statemachine.data.sync = true (default)
2019-09-24 16:16:10,700 INFO  server.RaftServerConfigKeys (ConfUtils.java:logGet(43)) - raft.server.snapshot.auto.trigger.enabled = false (default)
2019-09-24 16:16:10,700 INFO  server.RaftServerConfigKeys (ConfUtils.java:logGet(43)) - raft.server.log.statemachine.data.sync.timeout = 10s (default)
2019-09-24 16:16:10,700 INFO  server.RaftServerConfigKeys (ConfUtils.java:logGet(43)) - raft.server.snapshot.retention.file.num = -1 (default)
2019-09-24 16:16:10,700 INFO  server.RaftServerConfigKeys (ConfUtils.java:logGet(43)) - raft.server.log.statemachine.data.sync.timeout.retry = -1 (default)
2019-09-24 16:16:10,701 INFO  server.RaftServerConfigKeys (ConfUtils.java:logGet(43)) - raft.server.retrycache.expirytime = 60s (default)
2019-09-24 16:16:10,701 INFO  server.RaftServerConfigKeys (ConfUtils.java:logGet(43)) - raft.server.log.statemachine.data.caching.enabled = false (default)
2019-09-24 16:16:10,701 INFO  segmented.SegmentedRaftLogWorker (SegmentedRaftLogWorker.java:lambda$new$0(132)) - s0@group-C1FE32A8B227-SegmentedRaftLogWorker: flushIndex: setUnconditionally 0 -> -1
2019-09-24 16:16:10,702 INFO  server.RaftServerConfigKeys (ConfUtils.java:logGet(43)) - raft.server.snapshot.auto.trigger.enabled = false (default)
2019-09-24 16:16:10,702 INFO  server.RaftServerConfigKeys (ConfUtils.java:logGet(43)) - raft.server.snapshot.retention.file.num = -1 (default)
2019-09-24 16:16:10,702 INFO  server.RaftServerConfigKeys (ConfUtils.java:logGet(43)) - raft.server.retrycache.expirytime = 60s (default)
2019-09-24 16:16:10,706 INFO  impl.RaftServerImpl (RaftServerImpl.java:start(181)) - s0@group-C1FE32A8B227: start as a follower, conf=-1: [s0:0.0.0.0:35869, s1:0.0.0.0:45137, s2:0.0.0.0:42470], old=null
2019-09-24 16:16:10,706 INFO  impl.RaftServerImpl (RaftServerImpl.java:setRole(170)) - s0@group-C1FE32A8B227: changes role from      null to FOLLOWER at term 0 for startAsFollower
2019-09-24 16:16:10,706 INFO  impl.RoleInfo (RoleInfo.java:updateAndGet(143)) - s0: start FollowerState
2019-09-24 16:16:10,707 INFO  util.JmxRegister (JmxRegister.java:tryRegister(44)) - Successfully registered JMX Bean with object name Ratis:service=RaftServer,group=group-C1FE32A8B227,id=s0
2019-09-24 16:16:10,710 INFO  impl.RaftServerProxy (RaftServerProxy.java:lambda$start$3(299)) - s0: start RPC server
2019-09-24 16:16:10,712 INFO  server.GrpcService (GrpcService.java:startImpl(158)) - s0: GrpcService started, listening on 0.0.0.0/0.0.0.0:35869
2019-09-24 16:16:10,713 INFO  impl.RaftServerImpl (RaftServerImpl.java:start(181)) - s1@group-C1FE32A8B227: start as a follower, conf=-1: [s0:0.0.0.0:35869, s1:0.0.0.0:45137, s2:0.0.0.0:42470], old=null
2019-09-24 16:16:10,713 INFO  impl.RaftServerImpl (RaftServerImpl.java:setRole(170)) - s1@group-C1FE32A8B227: changes role from      null to FOLLOWER at term 0 for startAsFollower
2019-09-24 16:16:10,714 INFO  impl.RoleInfo (RoleInfo.java:updateAndGet(143)) - s1: start FollowerState
2019-09-24 16:16:10,714 INFO  util.JmxRegister (JmxRegister.java:tryRegister(44)) - Successfully registered JMX Bean with object name Ratis:service=RaftServer,group=group-C1FE32A8B227,id=s1
2019-09-24 16:16:10,717 INFO  impl.RaftServerProxy (RaftServerProxy.java:lambda$start$3(299)) - s1: start RPC server
2019-09-24 16:16:10,719 INFO  server.GrpcService (GrpcService.java:startImpl(158)) - s1: GrpcService started, listening on 0.0.0.0/0.0.0.0:45137
2019-09-24 16:16:10,720 INFO  impl.RaftServerImpl (RaftServerImpl.java:start(181)) - s2@group-C1FE32A8B227: start as a follower, conf=-1: [s0:0.0.0.0:35869, s1:0.0.0.0:45137, s2:0.0.0.0:42470], old=null
2019-09-24 16:16:10,720 INFO  impl.RaftServerImpl (RaftServerImpl.java:setRole(170)) - s2@group-C1FE32A8B227: changes role from      null to FOLLOWER at term 0 for startAsFollower
2019-09-24 16:16:10,721 INFO  impl.RoleInfo (RoleInfo.java:updateAndGet(143)) - s2: start FollowerState
2019-09-24 16:16:10,721 INFO  util.JmxRegister (JmxRegister.java:tryRegister(44)) - Successfully registered JMX Bean with object name Ratis:service=RaftServer,group=group-C1FE32A8B227,id=s2
2019-09-24 16:16:10,724 INFO  impl.RaftServerProxy (RaftServerProxy.java:lambda$start$3(299)) - s2: start RPC server
2019-09-24 16:16:10,726 INFO  server.GrpcService (GrpcService.java:startImpl(158)) - s2: GrpcService started, listening on 0.0.0.0/0.0.0.0:42470
2019-09-24 16:16:10,726 INFO  server.RaftServerConfigKeys (ConfUtils.java:logGet(43)) - raft.server.rpc.timeout.max = 300ms (default)
2019-09-24 16:16:10,726 INFO  ratis.RaftTestUtil (RaftTestUtil.java:waitForLeader(86)) - printing ALL groups
  s0:  RUNNING  FOLLOWER s0@group-C1FE32A8B227:t0, leader=null, voted=null, raftlog=s0@group-C1FE32A8B227-SegmentedRaftLog:OPENED:c-1,f-1,i0, conf=-1: [s0:0.0.0.0:35869, s1:0.0.0.0:45137, s2:0.0.0.0:42470], old=null RUNNING
  s1:  RUNNING  FOLLOWER s1@group-C1FE32A8B227:t0, leader=null, voted=null, raftlog=s1@group-C1FE32A8B227-SegmentedRaftLog:OPENED:c-1,f-1,i0, conf=-1: [s0:0.0.0.0:35869, s1:0.0.0.0:45137, s2:0.0.0.0:42470], old=null RUNNING
  s2:  RUNNING  FOLLOWER s2@group-C1FE32A8B227:t0, leader=null, voted=null, raftlog=s2@group-C1FE32A8B227-SegmentedRaftLog:OPENED:c-1,f-1,i0, conf=-1: [s0:0.0.0.0:35869, s1:0.0.0.0:45137, s2:0.0.0.0:42470], old=null RUNNING
2019-09-24 16:16:10,727 WARN  ratis.RaftTestUtil (JavaUtils.java:attempt(158)) - FAILED "waitForLeader-null-(expectLeader? true)", attempt #1/100: java.lang.IllegalStateException: No leader yet : printing ALL groups
  s0:  RUNNING  FOLLOWER s0@group-C1FE32A8B227:t0, leader=null, voted=null, raftlog=s0@group-C1FE32A8B227-SegmentedRaftLog:OPENED:c-1,f-1,i0, conf=-1: [s0:0.0.0.0:35869, s1:0.0.0.0:45137, s2:0.0.0.0:42470], old=null RUNNING
  s1:  RUNNING  FOLLOWER s1@group-C1FE32A8B227:t0, leader=null, voted=null, raftlog=s1@group-C1FE32A8B227-SegmentedRaftLog:OPENED:c-1,f-1,i0, conf=-1: [s0:0.0.0.0:35869, s1:0.0.0.0:45137, s2:0.0.0.0:42470], old=null RUNNING
  s2:  RUNNING  FOLLOWER s2@group-C1FE32A8B227:t0, leader=null, voted=null, raftlog=s2@group-C1FE32A8B227-SegmentedRaftLog:OPENED:c-1,f-1,i0, conf=-1: [s0:0.0.0.0:35869, s1:0.0.0.0:45137, s2:0.0.0.0:42470], old=null RUNNING, sleep 450ms and then retry.
java.lang.IllegalStateException: No leader yet : printing ALL groups
  s0:  RUNNING  FOLLOWER s0@group-C1FE32A8B227:t0, leader=null, voted=null, raftlog=s0@group-C1FE32A8B227-SegmentedRaftLog:OPENED:c-1,f-1,i0, conf=-1: [s0:0.0.0.0:35869, s1:0.0.0.0:45137, s2:0.0.0.0:42470], old=null RUNNING
  s1:  RUNNING  FOLLOWER s1@group-C1FE32A8B227:t0, leader=null, voted=null, raftlog=s1@group-C1FE32A8B227-SegmentedRaftLog:OPENED:c-1,f-1,i0, conf=-1: [s0:0.0.0.0:35869, s1:0.0.0.0:45137, s2:0.0.0.0:42470], old=null RUNNING
  s2:  RUNNING  FOLLOWER s2@group-C1FE32A8B227:t0, leader=null, voted=null, raftlog=s2@group-C1FE32A8B227-SegmentedRaftLog:OPENED:c-1,f-1,i0, conf=-1: [s0:0.0.0.0:35869, s1:0.0.0.0:45137, s2:0.0.0.0:42470], old=null RUNNING
	at org.apache.ratis.MiniRaftCluster.newIllegalStateExceptionForNoLeaders(MiniRaftCluster.java:506)
	at org.apache.ratis.RaftTestUtil.lambda$waitForLeader$1(RaftTestUtil.java:90)
	at org.apache.ratis.MiniRaftCluster.getLeader(MiniRaftCluster.java:539)
	at org.apache.ratis.MiniRaftCluster.getLeader(MiniRaftCluster.java:532)
	at org.apache.ratis.RaftTestUtil.lambda$waitForLeader$3(RaftTestUtil.java:98)
	at org.apache.ratis.util.JavaUtils.attempt(JavaUtils.java:152)
	at org.apache.ratis.RaftTestUtil.waitForLeader(RaftTestUtil.java:97)
	at org.apache.ratis.RaftTestUtil.waitForLeader(RaftTestUtil.java:77)
	at org.apache.ratis.RaftTestUtil.waitForLeader(RaftTestUtil.java:72)
	at org.apache.ratis.server.impl.RaftReconfigurationBaseTest.runTestReconfTimeout(RaftReconfigurationBaseTest.java:211)
	at org.apache.ratis.MiniRaftCluster$Factory$Get.runWithNewCluster(MiniRaftCluster.java:125)
	at org.apache.ratis.MiniRaftCluster$Factory$Get.runWithNewCluster(MiniRaftCluster.java:113)
	at org.apache.ratis.server.impl.RaftReconfigurationBaseTest.testReconfTimeout(RaftReconfigurationBaseTest.java:207)
	at sun.reflect.NativeMethodAccessorImpl.invoke0(Native Method)
	at sun.reflect.NativeMethodAccessorImpl.invoke(NativeMethodAccessorImpl.java:62)
	at sun.reflect.DelegatingMethodAccessorImpl.invoke(DelegatingMethodAccessorImpl.java:43)
	at java.lang.reflect.Method.invoke(Method.java:498)
	at org.junit.runners.model.FrameworkMethod$1.runReflectiveCall(FrameworkMethod.java:50)
	at org.junit.internal.runners.model.ReflectiveCallable.run(ReflectiveCallable.java:12)
	at org.junit.runners.model.FrameworkMethod.invokeExplosively(FrameworkMethod.java:47)
	at org.junit.internal.runners.statements.InvokeMethod.evaluate(InvokeMethod.java:17)
	at org.junit.internal.runners.statements.RunAfters.evaluate(RunAfters.java:27)
	at org.junit.internal.runners.statements.FailOnTimeout$CallableStatement.call(FailOnTimeout.java:298)
	at org.junit.internal.runners.statements.FailOnTimeout$CallableStatement.call(FailOnTimeout.java:292)
	at java.util.concurrent.FutureTask.run(FutureTask.java:266)
	at java.lang.Thread.run(Thread.java:748)
2019-09-24 16:16:10,877 INFO  impl.FollowerState (FollowerState.java:run(108)) - s1@group-C1FE32A8B227-FollowerState: change to CANDIDATE, lastRpcTime:163ms, electionTimeout:163ms
2019-09-24 16:16:10,878 INFO  impl.RoleInfo (RoleInfo.java:shutdownFollowerState(121)) - s1: shutdown FollowerState
2019-09-24 16:16:10,878 INFO  impl.RaftServerImpl (RaftServerImpl.java:setRole(170)) - s1@group-C1FE32A8B227: changes role from  FOLLOWER to CANDIDATE at term 0 for changeToCandidate
2019-09-24 16:16:10,878 INFO  impl.RoleInfo (RoleInfo.java:updateAndGet(143)) - s1: start LeaderElection
2019-09-24 16:16:10,894 INFO  impl.LeaderElection (LeaderElection.java:askForVotes(178)) - s1@group-C1FE32A8B227-LeaderElection66: begin an election at term 1 for -1: [s0:0.0.0.0:35869, s1:0.0.0.0:45137, s2:0.0.0.0:42470], old=null
2019-09-24 16:16:10,899 DEBUG impl.RaftServerImpl (RaftServerImpl.java:requestVote(743)) - s2@group-C1FE32A8B227: receive requestVote(s1, group-C1FE32A8B227, 1, (t:0, i:0))
2019-09-24 16:16:10,899 DEBUG impl.RaftServerImpl (RaftServerImpl.java:requestVote(743)) - s0@group-C1FE32A8B227: receive requestVote(s1, group-C1FE32A8B227, 1, (t:0, i:0))
2019-09-24 16:16:10,899 INFO  impl.RaftServerImpl (RaftServerImpl.java:setRole(170)) - s2@group-C1FE32A8B227: changes role from  FOLLOWER to FOLLOWER at term 1 for recognizeCandidate:s1
2019-09-24 16:16:10,899 INFO  impl.RaftServerImpl (RaftServerImpl.java:setRole(170)) - s0@group-C1FE32A8B227: changes role from  FOLLOWER to FOLLOWER at term 1 for recognizeCandidate:s1
2019-09-24 16:16:10,899 INFO  impl.RoleInfo (RoleInfo.java:shutdownFollowerState(121)) - s2: shutdown FollowerState
2019-09-24 16:16:10,900 INFO  impl.RoleInfo (RoleInfo.java:shutdownFollowerState(121)) - s0: shutdown FollowerState
2019-09-24 16:16:10,900 INFO  impl.FollowerState (FollowerState.java:run(117)) - s2@group-C1FE32A8B227-FollowerState was interrupted: java.lang.InterruptedException: sleep interrupted
2019-09-24 16:16:10,900 INFO  impl.RoleInfo (RoleInfo.java:updateAndGet(143)) - s2: start FollowerState
2019-09-24 16:16:10,900 INFO  impl.FollowerState (FollowerState.java:run(117)) - s0@group-C1FE32A8B227-FollowerState was interrupted: java.lang.InterruptedException: sleep interrupted
2019-09-24 16:16:10,900 INFO  impl.RoleInfo (RoleInfo.java:updateAndGet(143)) - s0: start FollowerState
2019-09-24 16:16:10,912 DEBUG impl.RaftServerImpl (RaftServerImpl.java:requestVote(775)) - s0@group-C1FE32A8B227 replies to vote request: s1<-s0#0:OK-t1. Peer's state: s0@group-C1FE32A8B227:t1, leader=null, voted=s1, raftlog=s0@group-C1FE32A8B227-SegmentedRaftLog:OPENED:c-1,f-1,i0, conf=-1: [s0:0.0.0.0:35869, s1:0.0.0.0:45137, s2:0.0.0.0:42470], old=null
2019-09-24 16:16:10,912 DEBUG impl.RaftServerImpl (RaftServerImpl.java:requestVote(775)) - s2@group-C1FE32A8B227 replies to vote request: s1<-s2#0:OK-t1. Peer's state: s2@group-C1FE32A8B227:t1, leader=null, voted=s1, raftlog=s2@group-C1FE32A8B227-SegmentedRaftLog:OPENED:c-1,f-1,i0, conf=-1: [s0:0.0.0.0:35869, s1:0.0.0.0:45137, s2:0.0.0.0:42470], old=null
2019-09-24 16:16:10,912 INFO  impl.LeaderElection (LeaderElection.java:logAndReturn(56)) - s1@group-C1FE32A8B227-LeaderElection66: Election PASSED; received 1 response(s) [s1<-s0#0:OK-t1] and 0 exception(s); s1@group-C1FE32A8B227:t1, leader=null, voted=s1, raftlog=s1@group-C1FE32A8B227-SegmentedRaftLog:OPENED:c-1,f-1,i0, conf=-1: [s0:0.0.0.0:35869, s1:0.0.0.0:45137, s2:0.0.0.0:42470], old=null
2019-09-24 16:16:10,913 INFO  impl.RoleInfo (RoleInfo.java:shutdownLeaderElection(134)) - s1: shutdown LeaderElection
2019-09-24 16:16:10,913 INFO  impl.RaftServerImpl (RaftServerImpl.java:setRole(170)) - s1@group-C1FE32A8B227: changes role from CANDIDATE to LEADER at term 1 for changeToLeader
2019-09-24 16:16:10,913 INFO  impl.RaftServerImpl (ServerState.java:setLeader(254)) - s1@group-C1FE32A8B227: change Leader from null to s1 at term 1 for becomeLeader, leader elected after 221ms
2019-09-24 16:16:10,913 INFO  server.RaftServerConfigKeys (ConfUtils.java:logGet(43)) - raft.server.staging.catchup.gap = 10 (custom)
2019-09-24 16:16:10,913 INFO  server.RaftServerConfigKeys (ConfUtils.java:logGet(43)) - raft.server.rpc.sleep.time = 25ms (default)
2019-09-24 16:16:10,913 INFO  server.RaftServerConfigKeys (ConfUtils.java:logGet(43)) - raft.server.write.element-limit = 4096 (default)
2019-09-24 16:16:10,913 INFO  server.RaftServerConfigKeys (ConfUtils.java:logGet(43)) - raft.server.watch.timeout = 10s (default)
2019-09-24 16:16:10,913 INFO  server.RaftServerConfigKeys (ConfUtils.java:logGet(43)) - raft.server.watch.timeout.denomination = 1s (default)
2019-09-24 16:16:10,913 INFO  server.RaftServerConfigKeys (ConfUtils.java:logGet(43)) - raft.server.watch.element-limit = 65536 (default)
2019-09-24 16:16:10,915 INFO  server.RaftServerConfigKeys (ConfUtils.java:logGet(43)) - raft.server.log.appender.snapshot.chunk.size.max = 16MB (=16777216) (default)
2019-09-24 16:16:10,915 INFO  server.RaftServerConfigKeys (ConfUtils.java:logGet(43)) - raft.server.log.appender.buffer.byte-limit = 4MB (=4194304) (default)
2019-09-24 16:16:10,915 INFO  server.RaftServerConfigKeys (ConfUtils.java:logGet(43)) - raft.server.log.appender.buffer.element-limit = 0 (default)
2019-09-24 16:16:10,915 INFO  grpc.GrpcConfigKeys$Server (ConfUtils.java:logGet(43)) - raft.grpc.server.leader.outstanding.appends.max = 128 (default)
2019-09-24 16:16:10,915 INFO  server.RaftServerConfigKeys (ConfUtils.java:logGet(43)) - raft.server.rpc.request.timeout = 3000ms (default)
2019-09-24 16:16:10,916 INFO  server.RaftServerConfigKeys (ConfUtils.java:logGet(43)) - raft.server.log.appender.install.snapshot.enabled = true (default)
2019-09-24 16:16:10,916 INFO  server.RaftServerConfigKeys (ConfUtils.java:logGet(43)) - raft.server.log.appender.snapshot.chunk.size.max = 16MB (=16777216) (default)
2019-09-24 16:16:10,916 INFO  server.RaftServerConfigKeys (ConfUtils.java:logGet(43)) - raft.server.log.appender.buffer.byte-limit = 4MB (=4194304) (default)
2019-09-24 16:16:10,916 INFO  server.RaftServerConfigKeys (ConfUtils.java:logGet(43)) - raft.server.log.appender.buffer.element-limit = 0 (default)
2019-09-24 16:16:10,916 INFO  grpc.GrpcConfigKeys$Server (ConfUtils.java:logGet(43)) - raft.grpc.server.leader.outstanding.appends.max = 128 (default)
2019-09-24 16:16:10,916 INFO  server.RaftServerConfigKeys (ConfUtils.java:logGet(43)) - raft.server.rpc.request.timeout = 3000ms (default)
2019-09-24 16:16:10,916 INFO  server.RaftServerConfigKeys (ConfUtils.java:logGet(43)) - raft.server.log.appender.install.snapshot.enabled = true (default)
2019-09-24 16:16:10,916 INFO  impl.RoleInfo (RoleInfo.java:updateAndGet(143)) - s1: start LeaderState
2019-09-24 16:16:10,917 INFO  segmented.SegmentedRaftLogWorker (SegmentedRaftLogWorker.java:startLogSegment(380)) - s1@group-C1FE32A8B227-SegmentedRaftLogWorker: Starting segment from index:0
2019-09-24 16:16:10,917 INFO  impl.RaftServerImpl (ServerState.java:setRaftConf(355)) - s1@group-C1FE32A8B227: set configuration 0: [s0:0.0.0.0:35869, s1:0.0.0.0:45137, s2:0.0.0.0:42470], old=null at 0
2019-09-24 16:16:10,919 INFO  impl.RaftServerImpl (ServerState.java:setLeader(254)) - s2@group-C1FE32A8B227: change Leader from null to s1 at term 1 for appendEntries, leader elected after 228ms
2019-09-24 16:16:10,919 INFO  impl.RaftServerImpl (ServerState.java:setLeader(254)) - s0@group-C1FE32A8B227: change Leader from null to s1 at term 1 for appendEntries, leader elected after 228ms
2019-09-24 16:16:10,922 DEBUG impl.RaftServerImpl (RaftServerImpl.java:logAppendEntries(850)) - s2@group-C1FE32A8B227: receive appendEntries(s1, 1, null, -1, false, commits[s1:c-1, s0:c-1, s2:c-1], entries: (t:1, i:0), CONFIGURATIONENTRY
2019-09-24 16:16:10,922 DEBUG impl.RaftServerImpl (RaftServerImpl.java:logAppendEntries(850)) - s0@group-C1FE32A8B227: receive appendEntries(s1, 1, null, -1, false, commits[s1:c-1, s0:c-1, s2:c-1], entries: (t:1, i:0), CONFIGURATIONENTRY
2019-09-24 16:16:10,922 INFO  impl.RaftServerImpl (ServerState.java:setRaftConf(355)) - s2@group-C1FE32A8B227: set configuration 0: [s0:0.0.0.0:35869, s1:0.0.0.0:45137, s2:0.0.0.0:42470], old=null at 0
2019-09-24 16:16:10,922 INFO  impl.RaftServerImpl (ServerState.java:setRaftConf(355)) - s0@group-C1FE32A8B227: set configuration 0: [s0:0.0.0.0:35869, s1:0.0.0.0:45137, s2:0.0.0.0:42470], old=null at 0
2019-09-24 16:16:10,923 INFO  segmented.SegmentedRaftLogWorker (SegmentedRaftLogWorker.java:startLogSegment(380)) - s2@group-C1FE32A8B227-SegmentedRaftLogWorker: Starting segment from index:0
2019-09-24 16:16:10,923 INFO  segmented.SegmentedRaftLogWorker (SegmentedRaftLogWorker.java:startLogSegment(380)) - s0@group-C1FE32A8B227-SegmentedRaftLogWorker: Starting segment from index:0
2019-09-24 16:16:11,178 INFO  ratis.RaftTestUtil (RaftTestUtil.java:waitForLeader(101)) - printing ALL groups
  s0:  RUNNING  FOLLOWER s0@group-C1FE32A8B227:t1, leader=s1, voted=s1, raftlog=s0@group-C1FE32A8B227-SegmentedRaftLog:OPENED:c-1,f-1,i0, conf=0: [s0:0.0.0.0:35869, s1:0.0.0.0:45137, s2:0.0.0.0:42470], old=null RUNNING
  s1:  RUNNING    LEADER s1@group-C1FE32A8B227:t1, leader=s1, voted=s1, raftlog=s1@group-C1FE32A8B227-SegmentedRaftLog:OPENED:c-1,f-1,i0, conf=0: [s0:0.0.0.0:35869, s1:0.0.0.0:45137, s2:0.0.0.0:42470], old=null RUNNING
  s2:  RUNNING  FOLLOWER s2@group-C1FE32A8B227:t1, leader=s1, voted=s1, raftlog=s2@group-C1FE32A8B227-SegmentedRaftLog:OPENED:c-1,f-1,i0, conf=0: [s0:0.0.0.0:35869, s1:0.0.0.0:45137, s2:0.0.0.0:42470], old=null RUNNING
2019-09-24 16:16:11,179 INFO  ratis.MiniRaftCluster (MiniRaftCluster.java:addNewPeers(403)) - Add new peers [s3, s4]
2019-09-24 16:16:11,179 INFO  ratis.MiniRaftCluster (MiniRaftCluster.java:newRaftServer(330)) - newRaftServer: s3, group-C1FE32A8B227:[s0:0.0.0.0:35869, s1:0.0.0.0:45137, s2:0.0.0.0:42470], format? true
2019-09-24 16:16:11,180 TRACE util.FileUtils (FileUtils.java:deleteFully(88)) - deleteFully target/test/data/37179910/MiniRaftClusterWithGrpc1c372314/s3
2019-09-24 16:16:11,180 TRACE util.FileUtils (FileUtils.java:deleteFully(104)) - deleteFully: target/test/data/37179910/MiniRaftClusterWithGrpc1c372314/s3 does not exist.
2019-09-24 16:16:11,180 INFO  ratis.MiniRaftCluster (MiniRaftCluster.java:newRaftServer(335)) - Formatted directory target/test/data/37179910/MiniRaftClusterWithGrpc1c372314/s3
2019-09-24 16:16:11,181 INFO  impl.RaftServerProxy (ConfUtils.java:logGet(43)) - raft.rpc.type = GRPC (default)
2019-09-24 16:16:11,181 INFO  grpc.GrpcFactory (GrpcFactory.java:checkPooledByteBufAllocatorUseCacheForAllThreads(45)) - PERFORMANCE WARNING: useCacheForAllThreads is true that may cause Netty to create a lot garbage objects and, as a result, trigger GC.
	It is recommended to disable useCacheForAllThreads by setting -Dorg.apache.ratis.thirdparty.io.netty.allocator.useCacheForAllThreads=false in command line.
2019-09-24 16:16:11,181 INFO  grpc.GrpcConfigKeys$Server (ConfUtils.java:logGet(43)) - raft.grpc.server.port = 46197 (custom)
2019-09-24 16:16:11,182 INFO  server.GrpcService (ConfUtils.java:logGet(43)) - raft.grpc.message.size.max = 64MB (=67108864) (default)
2019-09-24 16:16:11,182 INFO  server.RaftServerConfigKeys (ConfUtils.java:logGet(43)) - raft.server.log.appender.buffer.byte-limit = 4MB (=4194304) (default)
2019-09-24 16:16:11,182 INFO  server.GrpcService (ConfUtils.java:logGet(43)) - raft.grpc.flow.control.window = 1MB (=1048576) (default)
2019-09-24 16:16:11,182 INFO  server.RaftServerConfigKeys (ConfUtils.java:logGet(43)) - raft.server.rpc.request.timeout = 3000ms (default)
2019-09-24 16:16:11,183 INFO  server.RaftServerConfigKeys (ConfUtils.java:logGet(43)) - raft.server.storage.dir = [/workdir/ratis-test/target/test/data/37179910/MiniRaftClusterWithGrpc1c372314/s3] (custom)
2019-09-24 16:16:11,184 INFO  impl.RaftServerProxy (RaftServerProxy.java:addNew(89)) - s3: addNew group-C1FE32A8B227:[s0:0.0.0.0:35869, s1:0.0.0.0:45137, s2:0.0.0.0:42470] returns group-C1FE32A8B227:java.util.concurrent.CompletableFuture@3f6d4327[Not completed]
2019-09-24 16:16:11,184 INFO  impl.RaftServerImpl (RaftServerImpl.java:<init>(95)) - s3: new RaftServerImpl for group-C1FE32A8B227:[s0:0.0.0.0:35869, s1:0.0.0.0:45137, s2:0.0.0.0:42470] with BaseStateMachine:uninitialized
2019-09-24 16:16:11,184 INFO  ratis.MiniRaftCluster (MiniRaftCluster.java:newRaftServer(330)) - newRaftServer: s4, group-C1FE32A8B227:[s0:0.0.0.0:35869, s1:0.0.0.0:45137, s2:0.0.0.0:42470], format? true
2019-09-24 16:16:11,185 INFO  server.RaftServerConfigKeys (ConfUtils.java:logGet(43)) - raft.server.rpc.timeout.min = 150ms (default)
2019-09-24 16:16:11,185 TRACE util.FileUtils (FileUtils.java:deleteFully(88)) - deleteFully target/test/data/37179910/MiniRaftClusterWithGrpc1c372314/s4
2019-09-24 16:16:11,186 INFO  server.RaftServerConfigKeys (ConfUtils.java:logGet(43)) - raft.server.rpc.timeout.max = 300ms (default)
2019-09-24 16:16:11,186 TRACE util.FileUtils (FileUtils.java:deleteFully(104)) - deleteFully: target/test/data/37179910/MiniRaftClusterWithGrpc1c372314/s4 does not exist.
2019-09-24 16:16:11,186 INFO  ratis.MiniRaftCluster (MiniRaftCluster.java:newRaftServer(335)) - Formatted directory target/test/data/37179910/MiniRaftClusterWithGrpc1c372314/s4
2019-09-24 16:16:11,186 INFO  server.RaftServerConfigKeys (ConfUtils.java:logGet(43)) - raft.server.rpcslowness.timeout = 60s (default)
2019-09-24 16:16:11,186 INFO  server.RaftServerConfigKeys (ConfUtils.java:logGet(43)) - raft.server.sleep.deviation.threshold = 300 (default)
2019-09-24 16:16:11,187 INFO  impl.RaftServerProxy (ConfUtils.java:logGet(43)) - raft.rpc.type = GRPC (default)
2019-09-24 16:16:11,187 INFO  server.RaftServerConfigKeys (ConfUtils.java:logGet(43)) - raft.server.log.appender.install.snapshot.enabled = true (default)
2019-09-24 16:16:11,187 INFO  grpc.GrpcFactory (GrpcFactory.java:checkPooledByteBufAllocatorUseCacheForAllThreads(45)) - PERFORMANCE WARNING: useCacheForAllThreads is true that may cause Netty to create a lot garbage objects and, as a result, trigger GC.
	It is recommended to disable useCacheForAllThreads by setting -Dorg.apache.ratis.thirdparty.io.netty.allocator.useCacheForAllThreads=false in command line.
2019-09-24 16:16:11,187 INFO  impl.RaftServerImpl (ServerState.java:<init>(103)) - s3@group-C1FE32A8B227: ConfigurationManager, init=-1: [s0:0.0.0.0:35869, s1:0.0.0.0:45137, s2:0.0.0.0:42470], old=null, confs=<EMPTY_MAP>
2019-09-24 16:16:11,187 INFO  grpc.GrpcConfigKeys$Server (ConfUtils.java:logGet(43)) - raft.grpc.server.port = 41930 (custom)
2019-09-24 16:16:11,188 INFO  server.RaftServerConfigKeys (ConfUtils.java:logGet(43)) - raft.server.storage.dir = [/workdir/ratis-test/target/test/data/37179910/MiniRaftClusterWithGrpc1c372314/s3] (custom)
2019-09-24 16:16:11,188 INFO  server.GrpcService (ConfUtils.java:logGet(43)) - raft.grpc.message.size.max = 64MB (=67108864) (default)
2019-09-24 16:16:11,188 INFO  server.RaftServerConfigKeys (ConfUtils.java:logGet(43)) - raft.server.log.corruption.policy = EXCEPTION (default)
2019-09-24 16:16:11,188 INFO  server.RaftServerConfigKeys (ConfUtils.java:logGet(43)) - raft.server.log.appender.buffer.byte-limit = 4MB (=4194304) (default)
2019-09-24 16:16:11,188 INFO  storage.RaftStorageDirectory (RaftStorageDirectory.java:analyzeStorage(246)) - The storage directory /workdir/ratis-test/target/test/data/37179910/MiniRaftClusterWithGrpc1c372314/s3/420fd08b-e217-46a6-bd8c-c1fe32a8b227 does not exist. Creating ...
2019-09-24 16:16:11,188 INFO  server.GrpcService (ConfUtils.java:logGet(43)) - raft.grpc.flow.control.window = 1MB (=1048576) (default)
2019-09-24 16:16:11,189 INFO  server.RaftServerConfigKeys (ConfUtils.java:logGet(43)) - raft.server.rpc.request.timeout = 3000ms (default)
2019-09-24 16:16:11,189 TRACE util.FileUtils (LogUtils.java:runAndLog(61)) - Successfully ran Files.createDirectories /workdir/ratis-test/target/test/data/37179910/MiniRaftClusterWithGrpc1c372314/s3/420fd08b-e217-46a6-bd8c-c1fe32a8b227
2019-09-24 16:16:11,189 INFO  server.RaftServerConfigKeys (ConfUtils.java:logGet(43)) - raft.server.storage.dir = [/workdir/ratis-test/target/test/data/37179910/MiniRaftClusterWithGrpc1c372314/s4] (custom)
2019-09-24 16:16:11,190 INFO  impl.RaftServerProxy (RaftServerProxy.java:addNew(89)) - s4: addNew group-C1FE32A8B227:[s0:0.0.0.0:35869, s1:0.0.0.0:45137, s2:0.0.0.0:42470] returns group-C1FE32A8B227:java.util.concurrent.CompletableFuture@110aa52[Not completed]
2019-09-24 16:16:11,190 INFO  impl.RaftServerImpl (RaftServerImpl.java:<init>(95)) - s4: new RaftServerImpl for group-C1FE32A8B227:[s0:0.0.0.0:35869, s1:0.0.0.0:45137, s2:0.0.0.0:42470] with BaseStateMachine:uninitialized
2019-09-24 16:16:11,191 INFO  server.RaftServerConfigKeys (ConfUtils.java:logGet(43)) - raft.server.rpc.timeout.min = 150ms (default)
2019-09-24 16:16:11,191 INFO  server.RaftServerConfigKeys (ConfUtils.java:logGet(43)) - raft.server.rpc.timeout.max = 300ms (default)
2019-09-24 16:16:11,191 INFO  server.RaftServerConfigKeys (ConfUtils.java:logGet(43)) - raft.server.rpcslowness.timeout = 60s (default)
2019-09-24 16:16:11,191 INFO  server.RaftServerConfigKeys (ConfUtils.java:logGet(43)) - raft.server.sleep.deviation.threshold = 300 (default)
2019-09-24 16:16:11,192 INFO  server.RaftServerConfigKeys (ConfUtils.java:logGet(43)) - raft.server.log.appender.install.snapshot.enabled = true (default)
2019-09-24 16:16:11,192 INFO  impl.RaftServerImpl (ServerState.java:<init>(103)) - s4@group-C1FE32A8B227: ConfigurationManager, init=-1: [s0:0.0.0.0:35869, s1:0.0.0.0:45137, s2:0.0.0.0:42470], old=null, confs=<EMPTY_MAP>
2019-09-24 16:16:11,192 INFO  server.RaftServerConfigKeys (ConfUtils.java:logGet(43)) - raft.server.storage.dir = [/workdir/ratis-test/target/test/data/37179910/MiniRaftClusterWithGrpc1c372314/s4] (custom)
2019-09-24 16:16:11,192 INFO  server.RaftServerConfigKeys (ConfUtils.java:logGet(43)) - raft.server.log.corruption.policy = EXCEPTION (default)
2019-09-24 16:16:11,192 INFO  storage.RaftStorageDirectory (RaftStorageDirectory.java:analyzeStorage(246)) - The storage directory /workdir/ratis-test/target/test/data/37179910/MiniRaftClusterWithGrpc1c372314/s4/420fd08b-e217-46a6-bd8c-c1fe32a8b227 does not exist. Creating ...
2019-09-24 16:16:11,193 TRACE util.FileUtils (LogUtils.java:runAndLog(61)) - Successfully ran Files.createDirectories /workdir/ratis-test/target/test/data/37179910/MiniRaftClusterWithGrpc1c372314/s4/420fd08b-e217-46a6-bd8c-c1fe32a8b227
2019-09-24 16:16:11,503 INFO  storage.RaftStorageDirectory (RaftStorageDirectory.java:tryLock(328)) - Lock on /workdir/ratis-test/target/test/data/37179910/MiniRaftClusterWithGrpc1c372314/s4/420fd08b-e217-46a6-bd8c-c1fe32a8b227/in_use.lock acquired by nodename 21697@ratis-test-vphbd-3564017154
2019-09-24 16:16:11,503 INFO  segmented.SegmentedRaftLogWorker (SegmentedRaftLogWorker.java:execute(569)) - s0@group-C1FE32A8B227-SegmentedRaftLogWorker: created new log segment /workdir/ratis-test/target/test/data/37179910/MiniRaftClusterWithGrpc1c372314/s0/420fd08b-e217-46a6-bd8c-c1fe32a8b227/current/log_inprogress_0
2019-09-24 16:16:11,503 INFO  segmented.SegmentedRaftLogWorker (SegmentedRaftLogWorker.java:execute(569)) - s1@group-C1FE32A8B227-SegmentedRaftLogWorker: created new log segment /workdir/ratis-test/target/test/data/37179910/MiniRaftClusterWithGrpc1c372314/s1/420fd08b-e217-46a6-bd8c-c1fe32a8b227/current/log_inprogress_0
2019-09-24 16:16:11,503 INFO  segmented.SegmentedRaftLogWorker (SegmentedRaftLogWorker.java:execute(569)) - s2@group-C1FE32A8B227-SegmentedRaftLogWorker: created new log segment /workdir/ratis-test/target/test/data/37179910/MiniRaftClusterWithGrpc1c372314/s2/420fd08b-e217-46a6-bd8c-c1fe32a8b227/current/log_inprogress_0
2019-09-24 16:16:11,503 INFO  storage.RaftStorageDirectory (RaftStorageDirectory.java:tryLock(328)) - Lock on /workdir/ratis-test/target/test/data/37179910/MiniRaftClusterWithGrpc1c372314/s3/420fd08b-e217-46a6-bd8c-c1fe32a8b227/in_use.lock acquired by nodename 21697@ratis-test-vphbd-3564017154
2019-09-24 16:16:11,503 TRACE util.FileUtils (LogUtils.java:runAndLog(61)) - Successfully ran Files.createDirectories /workdir/ratis-test/target/test/data/37179910/MiniRaftClusterWithGrpc1c372314/s4/420fd08b-e217-46a6-bd8c-c1fe32a8b227/current
2019-09-24 16:16:11,504 TRACE util.FileUtils (LogUtils.java:runAndLog(61)) - Successfully ran Files.createDirectories /workdir/ratis-test/target/test/data/37179910/MiniRaftClusterWithGrpc1c372314/s3/420fd08b-e217-46a6-bd8c-c1fe32a8b227/current
2019-09-24 16:16:11,504 TRACE util.FileUtils (LogUtils.java:runAndLog(61)) - Successfully ran Files.createDirectories /workdir/ratis-test/target/test/data/37179910/MiniRaftClusterWithGrpc1c372314/s4/420fd08b-e217-46a6-bd8c-c1fe32a8b227/sm
2019-09-24 16:16:11,504 TRACE util.FileUtils (LogUtils.java:runAndLog(61)) - Successfully ran Files.createDirectories /workdir/ratis-test/target/test/data/37179910/MiniRaftClusterWithGrpc1c372314/s3/420fd08b-e217-46a6-bd8c-c1fe32a8b227/sm
2019-09-24 16:16:11,517 INFO  storage.RaftStorage (RaftStorage.java:format(84)) - Storage directory /workdir/ratis-test/target/test/data/37179910/MiniRaftClusterWithGrpc1c372314/s4/420fd08b-e217-46a6-bd8c-c1fe32a8b227 has been successfully formatted.
2019-09-24 16:16:11,517 INFO  storage.RaftStorage (RaftStorage.java:format(84)) - Storage directory /workdir/ratis-test/target/test/data/37179910/MiniRaftClusterWithGrpc1c372314/s3/420fd08b-e217-46a6-bd8c-c1fe32a8b227 has been successfully formatted.
2019-09-24 16:16:11,518 INFO  server.RaftServerConfigKeys (ConfUtils.java:logGet(43)) - raft.server.notification.no-leader.timeout = 60s (default)
2019-09-24 16:16:11,518 INFO  server.RaftServerConfigKeys (ConfUtils.java:logGet(43)) - raft.server.notification.no-leader.timeout = 60s (default)
2019-09-24 16:16:11,518 INFO  server.RaftServerConfigKeys (ConfUtils.java:logGet(43)) - raft.server.log.use.memory = false (default)
2019-09-24 16:16:11,518 INFO  server.RaftServerConfigKeys (ConfUtils.java:logGet(43)) - raft.server.log.use.memory = false (default)
2019-09-24 16:16:11,518 INFO  server.RaftServerConfigKeys (ConfUtils.java:logGet(43)) - raft.server.log.purge.gap = 1024 (default)
2019-09-24 16:16:11,518 INFO  server.RaftServerConfigKeys (ConfUtils.java:logGet(43)) - raft.server.log.purge.gap = 1024 (default)
2019-09-24 16:16:11,518 INFO  server.RaftServerConfigKeys (ConfUtils.java:logGet(43)) - raft.server.log.appender.buffer.byte-limit = 4MB (=4194304) (default)
2019-09-24 16:16:11,519 INFO  server.RaftServerConfigKeys (ConfUtils.java:logGet(43)) - raft.server.log.appender.buffer.byte-limit = 4MB (=4194304) (default)
2019-09-24 16:16:11,519 INFO  server.RaftServerConfigKeys (ConfUtils.java:logGet(43)) - raft.server.log.segment.size.max = 8MB (=8388608) (default)
2019-09-24 16:16:11,519 INFO  server.RaftServerConfigKeys (ConfUtils.java:logGet(43)) - raft.server.log.segment.size.max = 8MB (=8388608) (default)
2019-09-24 16:16:11,519 INFO  server.RaftServerConfigKeys (ConfUtils.java:logGet(43)) - raft.server.log.segment.cache.num.max = 6 (default)
2019-09-24 16:16:11,519 INFO  server.RaftServerConfigKeys (ConfUtils.java:logGet(43)) - raft.server.log.segment.cache.num.max = 6 (default)
2019-09-24 16:16:11,519 INFO  segmented.SegmentedRaftLogWorker (SegmentedRaftLogWorker.java:<init>(172)) - new s4@group-C1FE32A8B227-SegmentedRaftLogWorker for RaftStorage:Storage Directory /workdir/ratis-test/target/test/data/37179910/MiniRaftClusterWithGrpc1c372314/s4/420fd08b-e217-46a6-bd8c-c1fe32a8b227
2019-09-24 16:16:11,520 INFO  segmented.SegmentedRaftLogWorker (SegmentedRaftLogWorker.java:<init>(172)) - new s3@group-C1FE32A8B227-SegmentedRaftLogWorker for RaftStorage:Storage Directory /workdir/ratis-test/target/test/data/37179910/MiniRaftClusterWithGrpc1c372314/s3/420fd08b-e217-46a6-bd8c-c1fe32a8b227
2019-09-24 16:16:11,520 INFO  server.RaftServerConfigKeys (ConfUtils.java:logGet(43)) - raft.server.log.queue.byte-limit = 64MB (=67108864) (default)
2019-09-24 16:16:11,520 INFO  server.RaftServerConfigKeys (ConfUtils.java:logGet(43)) - raft.server.log.queue.byte-limit = 64MB (=67108864) (default)
2019-09-24 16:16:11,520 INFO  server.RaftServerConfigKeys (ConfUtils.java:logGet(43)) - raft.server.log.queue.element-limit = 4096 (default)
2019-09-24 16:16:11,520 INFO  server.RaftServerConfigKeys (ConfUtils.java:logGet(43)) - raft.server.log.queue.element-limit = 4096 (default)
2019-09-24 16:16:11,521 INFO  server.RaftServerConfigKeys (ConfUtils.java:logGet(43)) - raft.server.log.segment.size.max = 8MB (=8388608) (default)
2019-09-24 16:16:11,521 INFO  server.RaftServerConfigKeys (ConfUtils.java:logGet(43)) - raft.server.log.segment.size.max = 8MB (=8388608) (default)
2019-09-24 16:16:11,521 INFO  server.RaftServerConfigKeys (ConfUtils.java:logGet(43)) - raft.server.log.preallocated.size = 4MB (=4194304) (default)
2019-09-24 16:16:11,521 INFO  server.RaftServerConfigKeys (ConfUtils.java:logGet(43)) - raft.server.log.preallocated.size = 4MB (=4194304) (default)
2019-09-24 16:16:11,521 INFO  server.RaftServerConfigKeys (ConfUtils.java:logGet(43)) - raft.server.log.write.buffer.size = 64KB (=65536) (default)
2019-09-24 16:16:11,521 INFO  server.RaftServerConfigKeys (ConfUtils.java:logGet(43)) - raft.server.log.write.buffer.size = 64KB (=65536) (default)
2019-09-24 16:16:11,522 INFO  server.RaftServerConfigKeys (ConfUtils.java:logGet(43)) - raft.server.log.force.sync.num = 128 (default)
2019-09-24 16:16:11,522 INFO  server.RaftServerConfigKeys (ConfUtils.java:logGet(43)) - raft.server.log.force.sync.num = 128 (default)
2019-09-24 16:16:11,522 INFO  server.RaftServerConfigKeys (ConfUtils.java:logGet(43)) - raft.server.log.statemachine.data.sync = true (default)
2019-09-24 16:16:11,522 INFO  server.RaftServerConfigKeys (ConfUtils.java:logGet(43)) - raft.server.log.statemachine.data.sync = true (default)
2019-09-24 16:16:11,522 INFO  server.RaftServerConfigKeys (ConfUtils.java:logGet(43)) - raft.server.log.statemachine.data.sync.timeout = 10s (default)
2019-09-24 16:16:11,522 INFO  server.RaftServerConfigKeys (ConfUtils.java:logGet(43)) - raft.server.log.statemachine.data.sync.timeout = 10s (default)
2019-09-24 16:16:11,523 INFO  server.RaftServerConfigKeys (ConfUtils.java:logGet(43)) - raft.server.log.statemachine.data.sync.timeout.retry = -1 (default)
2019-09-24 16:16:11,523 INFO  server.RaftServerConfigKeys (ConfUtils.java:logGet(43)) - raft.server.log.statemachine.data.sync.timeout.retry = -1 (default)
2019-09-24 16:16:11,523 INFO  server.RaftServerConfigKeys (ConfUtils.java:logGet(43)) - raft.server.log.statemachine.data.caching.enabled = false (default)
2019-09-24 16:16:11,523 INFO  server.RaftServerConfigKeys (ConfUtils.java:logGet(43)) - raft.server.log.statemachine.data.caching.enabled = false (default)
2019-09-24 16:16:11,523 INFO  segmented.SegmentedRaftLogWorker (SegmentedRaftLogWorker.java:lambda$new$0(132)) - s4@group-C1FE32A8B227-SegmentedRaftLogWorker: flushIndex: setUnconditionally 0 -> -1
2019-09-24 16:16:11,524 INFO  segmented.SegmentedRaftLogWorker (SegmentedRaftLogWorker.java:lambda$new$0(132)) - s3@group-C1FE32A8B227-SegmentedRaftLogWorker: flushIndex: setUnconditionally 0 -> -1
2019-09-24 16:16:11,524 INFO  server.RaftServerConfigKeys (ConfUtils.java:logGet(43)) - raft.server.snapshot.auto.trigger.enabled = false (default)
2019-09-24 16:16:11,524 INFO  server.RaftServerConfigKeys (ConfUtils.java:logGet(43)) - raft.server.snapshot.retention.file.num = -1 (default)
2019-09-24 16:16:11,524 INFO  server.RaftServerConfigKeys (ConfUtils.java:logGet(43)) - raft.server.snapshot.auto.trigger.enabled = false (default)
2019-09-24 16:16:11,524 INFO  server.RaftServerConfigKeys (ConfUtils.java:logGet(43)) - raft.server.retrycache.expirytime = 60s (default)
2019-09-24 16:16:11,524 INFO  server.RaftServerConfigKeys (ConfUtils.java:logGet(43)) - raft.server.snapshot.retention.file.num = -1 (default)
2019-09-24 16:16:11,525 INFO  server.RaftServerConfigKeys (ConfUtils.java:logGet(43)) - raft.server.retrycache.expirytime = 60s (default)
2019-09-24 16:16:11,529 INFO  impl.RaftServerImpl (RaftServerImpl.java:start(184)) - s3@group-C1FE32A8B227: start with initializing state, conf=-1: [s0:0.0.0.0:35869, s1:0.0.0.0:45137, s2:0.0.0.0:42470], old=null
2019-09-24 16:16:11,530 INFO  impl.RaftServerImpl (RaftServerImpl.java:setRole(170)) - s3@group-C1FE32A8B227: changes role from      null to FOLLOWER at term 0 for startInitializing
2019-09-24 16:16:11,530 INFO  util.JmxRegister (JmxRegister.java:tryRegister(44)) - Successfully registered JMX Bean with object name Ratis:service=RaftServer,group=group-C1FE32A8B227,id=s3
2019-09-24 16:16:11,532 INFO  impl.RaftServerProxy (RaftServerProxy.java:lambda$start$3(299)) - s3: start RPC server
2019-09-24 16:16:11,533 INFO  server.GrpcService (GrpcService.java:startImpl(158)) - s3: GrpcService started, listening on 0.0.0.0/0.0.0.0:46197
2019-09-24 16:16:11,533 INFO  impl.RaftServerImpl (RaftServerImpl.java:start(184)) - s4@group-C1FE32A8B227: start with initializing state, conf=-1: [s0:0.0.0.0:35869, s1:0.0.0.0:45137, s2:0.0.0.0:42470], old=null
2019-09-24 16:16:11,534 INFO  impl.RaftServerImpl (RaftServerImpl.java:setRole(170)) - s4@group-C1FE32A8B227: changes role from      null to FOLLOWER at term 0 for startInitializing
2019-09-24 16:16:11,534 INFO  util.JmxRegister (JmxRegister.java:tryRegister(44)) - Successfully registered JMX Bean with object name Ratis:service=RaftServer,group=group-C1FE32A8B227,id=s4
2019-09-24 16:16:11,535 INFO  impl.RaftServerProxy (RaftServerProxy.java:lambda$start$3(299)) - s4: start RPC server
2019-09-24 16:16:11,536 INFO  server.GrpcService (GrpcService.java:startImpl(158)) - s4: GrpcService started, listening on 0.0.0.0/0.0.0.0:41930
2019-09-24 16:16:11,536 INFO  impl.RaftServerProxy (RaftServerProxy.java:lambda$close$4(314)) - s3: close
2019-09-24 16:16:11,536 INFO  impl.RaftServerImpl (RaftServerImpl.java:lambda$shutdown$3(247)) - s3@group-C1FE32A8B227: shutdown
2019-09-24 16:16:11,536 INFO  util.JmxRegister (JmxRegister.java:unregister(73)) - Successfully un-registered JMX Bean with object name Ratis:service=RaftServer,group=group-C1FE32A8B227,id=s3
2019-09-24 16:16:11,537 INFO  impl.StateMachineUpdater (StateMachineUpdater.java:stopAndJoin(136)) - s3@group-C1FE32A8B227-StateMachineUpdater: set stopIndex = -1
2019-09-24 16:16:11,537 INFO  impl.RaftServerImpl (ServerState.java:close(386)) - s3@group-C1FE32A8B227: closes. applyIndex: -1
2019-09-24 16:16:11,537 INFO  segmented.SegmentedRaftLogWorker (SegmentedRaftLogWorker.java:run(313)) - s3@group-C1FE32A8B227-SegmentedRaftLogWorker was interrupted, exiting. There are 0 tasks remaining in the queue.
2019-09-24 16:16:11,537 INFO  segmented.SegmentedRaftLogWorker (SegmentedRaftLogWorker.java:close(228)) - s3@group-C1FE32A8B227-SegmentedRaftLogWorker close()
2019-09-24 16:16:11,538 INFO  server.GrpcService (GrpcService.java:closeImpl(164)) - s3: shutdown server with port 46197 now
2019-09-24 16:16:11,538 INFO  server.GrpcService (GrpcService.java:closeImpl(172)) - s3: shutdown server with port 46197 successfully
2019-09-24 16:16:11,538 INFO  impl.RaftServerProxy (RaftServerProxy.java:lambda$close$4(314)) - s4: close
2019-09-24 16:16:11,538 INFO  impl.RaftServerImpl (RaftServerImpl.java:lambda$shutdown$3(247)) - s4@group-C1FE32A8B227: shutdown
2019-09-24 16:16:11,538 INFO  util.JmxRegister (JmxRegister.java:unregister(73)) - Successfully un-registered JMX Bean with object name Ratis:service=RaftServer,group=group-C1FE32A8B227,id=s4
2019-09-24 16:16:11,539 INFO  impl.StateMachineUpdater (StateMachineUpdater.java:stopAndJoin(136)) - s4@group-C1FE32A8B227-StateMachineUpdater: set stopIndex = -1
2019-09-24 16:16:11,539 INFO  impl.RaftServerImpl (ServerState.java:close(386)) - s4@group-C1FE32A8B227: closes. applyIndex: -1
2019-09-24 16:16:11,539 INFO  segmented.SegmentedRaftLogWorker (SegmentedRaftLogWorker.java:run(313)) - s4@group-C1FE32A8B227-SegmentedRaftLogWorker was interrupted, exiting. There are 0 tasks remaining in the queue.
2019-09-24 16:16:11,539 INFO  segmented.SegmentedRaftLogWorker (SegmentedRaftLogWorker.java:close(228)) - s4@group-C1FE32A8B227-SegmentedRaftLogWorker close()
2019-09-24 16:16:11,539 INFO  server.GrpcService (GrpcService.java:closeImpl(164)) - s4: shutdown server with port 41930 now
2019-09-24 16:16:11,540 INFO  server.GrpcService (GrpcService.java:closeImpl(172)) - s4: shutdown server with port 41930 successfully
2019-09-24 16:16:11,540 INFO  grpc.TestRaftReconfigurationWithGrpc (RaftReconfigurationBaseTest.java:runTestReconfTimeout(215)) - Start changing the configuration: [s3:0.0.0.0:46197, s4:0.0.0.0:41930, s0:0.0.0.0:35869, s1:0.0.0.0:45137, s2:0.0.0.0:42470]
2019-09-24 16:16:11,544 INFO  impl.RaftServerImpl (RaftServerImpl.java:setConfigurationAsync(658)) - s1@group-C1FE32A8B227: receive setConfiguration SetConfigurationRequest:client-D09BB200CF37->s1@group-C1FE32A8B227, cid=0, seq=0, RW, null, peers:[s3:0.0.0.0:46197, s4:0.0.0.0:41930, s0:0.0.0.0:35869, s1:0.0.0.0:45137, s2:0.0.0.0:42470]
2019-09-24 16:16:11,546 INFO  ratis.MiniRaftCluster (MiniRaftCluster.java:runWithNewCluster(127)) - printing ALL groups
  s3:   CLOSED  FOLLOWER s3@group-C1FE32A8B227:t0, leader=null, voted=null, raftlog=s3@group-C1FE32A8B227-SegmentedRaftLog:CLOSED:c-1, conf=-1: [s0:0.0.0.0:35869, s1:0.0.0.0:45137, s2:0.0.0.0:42470], old=null CLOSED
  s4:   CLOSED  FOLLOWER s4@group-C1FE32A8B227:t0, leader=null, voted=null, raftlog=s4@group-C1FE32A8B227-SegmentedRaftLog:CLOSED:c-1, conf=-1: [s0:0.0.0.0:35869, s1:0.0.0.0:45137, s2:0.0.0.0:42470], old=null CLOSED
  s0:  RUNNING  FOLLOWER s0@group-C1FE32A8B227:t1, leader=s1, voted=s1, raftlog=s0@group-C1FE32A8B227-SegmentedRaftLog:OPENED:c-1,f-1,i0, conf=0: [s0:0.0.0.0:35869, s1:0.0.0.0:45137, s2:0.0.0.0:42470], old=null RUNNING
  s1:  RUNNING    LEADER s1@group-C1FE32A8B227:t1, leader=s1, voted=s1, raftlog=s1@group-C1FE32A8B227-SegmentedRaftLog:OPENED:c-1,f-1,i0, conf=0: [s0:0.0.0.0:35869, s1:0.0.0.0:45137, s2:0.0.0.0:42470], old=null RUNNING
  s2:  RUNNING  FOLLOWER s2@group-C1FE32A8B227:t1, leader=s1, voted=s1, raftlog=s2@group-C1FE32A8B227-SegmentedRaftLog:OPENED:c-1,f-1,i0, conf=0: [s0:0.0.0.0:35869, s1:0.0.0.0:45137, s2:0.0.0.0:42470], old=null RUNNING
2019-09-24 16:16:11,546 ERROR ratis.MiniRaftCluster (MiniRaftCluster.java:runWithNewCluster(128)) - Failed org.apache.ratis.MiniRaftCluster$Factory$Get.runWithNewCluster(MiniRaftCluster.java:113)
java.lang.AssertionError: did not get expected exception
	at org.junit.Assert.fail(Assert.java:88)
	at org.apache.ratis.server.impl.RaftReconfigurationBaseTest.runTestReconfTimeout(RaftReconfigurationBaseTest.java:224)
	at org.apache.ratis.MiniRaftCluster$Factory$Get.runWithNewCluster(MiniRaftCluster.java:125)
	at org.apache.ratis.MiniRaftCluster$Factory$Get.runWithNewCluster(MiniRaftCluster.java:113)
	at org.apache.ratis.server.impl.RaftReconfigurationBaseTest.testReconfTimeout(RaftReconfigurationBaseTest.java:207)
	at sun.reflect.NativeMethodAccessorImpl.invoke0(Native Method)
	at sun.reflect.NativeMethodAccessorImpl.invoke(NativeMethodAccessorImpl.java:62)
	at sun.reflect.DelegatingMethodAccessorImpl.invoke(DelegatingMethodAccessorImpl.java:43)
	at java.lang.reflect.Method.invoke(Method.java:498)
	at org.junit.runners.model.FrameworkMethod$1.runReflectiveCall(FrameworkMethod.java:50)
	at org.junit.internal.runners.model.ReflectiveCallable.run(ReflectiveCallable.java:12)
	at org.junit.runners.model.FrameworkMethod.invokeExplosively(FrameworkMethod.java:47)
	at org.junit.internal.runners.statements.InvokeMethod.evaluate(InvokeMethod.java:17)
	at org.junit.internal.runners.statements.RunAfters.evaluate(RunAfters.java:27)
	at org.junit.internal.runners.statements.FailOnTimeout$CallableStatement.call(FailOnTimeout.java:298)
	at org.junit.internal.runners.statements.FailOnTimeout$CallableStatement.call(FailOnTimeout.java:292)
	at java.util.concurrent.FutureTask.run(FutureTask.java:266)
	at java.lang.Thread.run(Thread.java:748)
2019-09-24 16:16:11,547 INFO  ratis.MiniRaftCluster (MiniRaftCluster.java:shutdown(700)) - ************************************************************** 
2019-09-24 16:16:11,547 INFO  ratis.MiniRaftCluster (MiniRaftCluster.java:shutdown(701)) - *** 
2019-09-24 16:16:11,547 INFO  ratis.MiniRaftCluster (MiniRaftCluster.java:shutdown(702)) - ***     Stopping MiniRaftClusterWithGrpc
2019-09-24 16:16:11,547 INFO  ratis.MiniRaftCluster (MiniRaftCluster.java:shutdown(703)) - *** 
2019-09-24 16:16:11,547 INFO  ratis.MiniRaftCluster (MiniRaftCluster.java:shutdown(704)) - ************************************************************** 
2019-09-24 16:16:11,548 INFO  ratis.MiniRaftCluster (MiniRaftCluster.java:shutdown(705)) - printing ALL groups
  s3:   CLOSED  FOLLOWER s3@group-C1FE32A8B227:t0, leader=null, voted=null, raftlog=s3@group-C1FE32A8B227-SegmentedRaftLog:CLOSED:c-1, conf=-1: [s0:0.0.0.0:35869, s1:0.0.0.0:45137, s2:0.0.0.0:42470], old=null CLOSED
  s4:   CLOSED  FOLLOWER s4@group-C1FE32A8B227:t0, leader=null, voted=null, raftlog=s4@group-C1FE32A8B227-SegmentedRaftLog:CLOSED:c-1, conf=-1: [s0:0.0.0.0:35869, s1:0.0.0.0:45137, s2:0.0.0.0:42470], old=null CLOSED
  s0:  RUNNING  FOLLOWER s0@group-C1FE32A8B227:t1, leader=s1, voted=s1, raftlog=s0@group-C1FE32A8B227-SegmentedRaftLog:OPENED:c-1,f-1,i0, conf=0: [s0:0.0.0.0:35869, s1:0.0.0.0:45137, s2:0.0.0.0:42470], old=null RUNNING
  s1:  RUNNING    LEADER s1@group-C1FE32A8B227:t1, leader=s1, voted=s1, raftlog=s1@group-C1FE32A8B227-SegmentedRaftLog:OPENED:c-1,f-1,i0, conf=0: [s0:0.0.0.0:35869, s1:0.0.0.0:45137, s2:0.0.0.0:42470], old=null RUNNING
  s2:  RUNNING  FOLLOWER s2@group-C1FE32A8B227:t1, leader=s1, voted=s1, raftlog=s2@group-C1FE32A8B227-SegmentedRaftLog:OPENED:c-1,f-1,i0, conf=0: [s0:0.0.0.0:35869, s1:0.0.0.0:45137, s2:0.0.0.0:42470], old=null RUNNING
2019-09-24 16:16:11,549 INFO  impl.RaftServerProxy (RaftServerProxy.java:lambda$close$4(314)) - s0: close
2019-09-24 16:16:11,549 INFO  impl.RaftServerProxy (RaftServerProxy.java:lambda$close$4(314)) - s1: close
2019-09-24 16:16:11,550 INFO  impl.RaftServerProxy (RaftServerProxy.java:lambda$close$4(314)) - s2: close
2019-09-24 16:16:11,551 INFO  impl.RaftServerImpl (RaftServerImpl.java:lambda$shutdown$3(247)) - s1@group-C1FE32A8B227: shutdown
2019-09-24 16:16:11,550 INFO  impl.RaftServerImpl (RaftServerImpl.java:lambda$shutdown$3(247)) - s0@group-C1FE32A8B227: shutdown
2019-09-24 16:16:11,552 INFO  util.JmxRegister (JmxRegister.java:unregister(73)) - Successfully un-registered JMX Bean with object name Ratis:service=RaftServer,group=group-C1FE32A8B227,id=s1
2019-09-24 16:16:11,552 INFO  impl.RoleInfo (RoleInfo.java:shutdownLeaderState(104)) - s1: shutdown LeaderState
2019-09-24 16:16:11,552 INFO  impl.RaftServerImpl (RaftServerImpl.java:lambda$shutdown$3(247)) - s2@group-C1FE32A8B227: shutdown
2019-09-24 16:16:11,553 WARN  server.GrpcLogAppender (GrpcLogAppender.java:mayWait(143)) - s1@group-C1FE32A8B227->s2-GrpcLogAppender: Wait interrupted by java.lang.InterruptedException
2019-09-24 16:16:11,553 INFO  impl.PendingRequests (PendingRequests.java:sendNotLeaderResponses(202)) - s1@group-C1FE32A8B227-PendingRequests: sendNotLeaderResponses
2019-09-24 16:16:11,552 INFO  util.JmxRegister (JmxRegister.java:unregister(73)) - Successfully un-registered JMX Bean with object name Ratis:service=RaftServer,group=group-C1FE32A8B227,id=s0
2019-09-24 16:16:11,553 INFO  impl.StateMachineUpdater (StateMachineUpdater.java:stopAndJoin(136)) - s1@group-C1FE32A8B227-StateMachineUpdater: set stopIndex = -1
2019-09-24 16:16:11,554 INFO  impl.RaftServerImpl (ServerState.java:close(386)) - s1@group-C1FE32A8B227: closes. applyIndex: -1
2019-09-24 16:16:11,553 INFO  server.GrpcServerProtocolService (GrpcServerProtocolService.java:onCompleted(113)) - s2: Completed APPEND_ENTRIES, lastRequest: s1->s2#9-t1, previous=(t:1, i:0), leaderCommit=-1, initializing? false, entries: <empty>
2019-09-24 16:16:11,553 INFO  util.JmxRegister (JmxRegister.java:unregister(73)) - Successfully un-registered JMX Bean with object name Ratis:service=RaftServer,group=group-C1FE32A8B227,id=s2
2019-09-24 16:16:11,554 INFO  impl.RoleInfo (RoleInfo.java:shutdownFollowerState(121)) - s2: shutdown FollowerState
2019-09-24 16:16:11,553 WARN  server.GrpcLogAppender (GrpcLogAppender.java:mayWait(143)) - s1@group-C1FE32A8B227->s0-GrpcLogAppender: Wait interrupted by java.lang.InterruptedException
2019-09-24 16:16:11,554 INFO  impl.FollowerState (FollowerState.java:run(117)) - s2@group-C1FE32A8B227-FollowerState was interrupted: java.lang.InterruptedException: sleep interrupted
2019-09-24 16:16:11,554 INFO  impl.StateMachineUpdater (StateMachineUpdater.java:stopAndJoin(136)) - s2@group-C1FE32A8B227-StateMachineUpdater: set stopIndex = -1
2019-09-24 16:16:11,555 INFO  impl.RaftServerImpl (ServerState.java:close(386)) - s2@group-C1FE32A8B227: closes. applyIndex: -1
2019-09-24 16:16:11,554 INFO  server.GrpcLogAppender (GrpcLogAppender.java:onCompleted(293)) - s1@group-C1FE32A8B227->s2-AppendLogResponseHandler: follower responses appendEntries COMPLETED
2019-09-24 16:16:11,553 INFO  impl.RoleInfo (RoleInfo.java:shutdownFollowerState(121)) - s0: shutdown FollowerState
2019-09-24 16:16:11,555 INFO  server.GrpcServerProtocolService (GrpcServerProtocolService.java:onCompleted(113)) - s0: Completed APPEND_ENTRIES, lastRequest: s1->s0#9-t1, previous=(t:1, i:0), leaderCommit=-1, initializing? false, entries: <empty>
2019-09-24 16:16:11,555 INFO  impl.FollowerState (FollowerState.java:run(117)) - s0@group-C1FE32A8B227-FollowerState was interrupted: java.lang.InterruptedException: sleep interrupted
2019-09-24 16:16:11,555 INFO  impl.StateMachineUpdater (StateMachineUpdater.java:stopAndJoin(136)) - s0@group-C1FE32A8B227-StateMachineUpdater: set stopIndex = -1
2019-09-24 16:16:11,556 INFO  server.GrpcLogAppender (GrpcLogAppender.java:onCompleted(293)) - s1@group-C1FE32A8B227->s0-AppendLogResponseHandler: follower responses appendEntries COMPLETED
2019-09-24 16:16:11,556 INFO  impl.FollowerInfo (FollowerInfo.java:lambda$new$0(51)) - s1@group-C1FE32A8B227->s2: nextIndex: updateUnconditionally 1 -> 0
2019-09-24 16:16:11,556 INFO  impl.RaftServerImpl (ServerState.java:close(386)) - s0@group-C1FE32A8B227: closes. applyIndex: -1
2019-09-24 16:16:11,557 INFO  impl.FollowerInfo (FollowerInfo.java:lambda$new$0(51)) - s1@group-C1FE32A8B227->s0: nextIndex: updateUnconditionally 1 -> 0
2019-09-24 16:16:11,823 INFO  segmented.SegmentedRaftLogWorker (SegmentedRaftLogWorker.java:close(228)) - s1@group-C1FE32A8B227-SegmentedRaftLogWorker close()
2019-09-24 16:16:11,823 INFO  segmented.SegmentedRaftLogWorker (SegmentedRaftLogWorker.java:close(228)) - s2@group-C1FE32A8B227-SegmentedRaftLogWorker close()
2019-09-24 16:16:11,824 INFO  segmented.SegmentedRaftLogWorker (SegmentedRaftLogWorker.java:close(228)) - s0@group-C1FE32A8B227-SegmentedRaftLogWorker close()
2019-09-24 16:16:11,824 INFO  server.GrpcService (GrpcService.java:closeImpl(164)) - s1: shutdown server with port 45137 now
2019-09-24 16:16:11,824 INFO  server.GrpcService (GrpcService.java:closeImpl(164)) - s0: shutdown server with port 35869 now
2019-09-24 16:16:11,824 INFO  server.GrpcService (GrpcService.java:closeImpl(164)) - s2: shutdown server with port 42470 now
2019-09-24 16:16:11,825 INFO  server.GrpcService (GrpcService.java:closeImpl(172)) - s1: shutdown server with port 45137 successfully
2019-09-24 16:16:11,826 INFO  server.GrpcService (GrpcService.java:closeImpl(172)) - s0: shutdown server with port 35869 successfully
2019-09-24 16:16:11,827 INFO  server.GrpcService (GrpcService.java:closeImpl(172)) - s2: shutdown server with port 42470 successfully
2019-09-24 16:16:11,827 INFO  ratis.MiniRaftCluster (MiniRaftCluster.java:shutdown(722)) - MiniRaftClusterWithGrpc shutdown completed
]]></system-out>
  </testcase>
</testsuite>